<?xml version="1.0" encoding="UTF-8" ?>
<testsuite name="com.topcoder.management.review.scoreaggregator.AllTests" tests="298" failures="0" errors="0" time="4.156">
  <properties>
    <property name="java.vendor" value="Sun Microsystems Inc."></property>
    <property name="package" value="com.topcoder.management.review.scoreaggregator"></property>
    <property name="docpackage.jar" value="review_score_aggregator_docs.jar"></property>
    <property name="verbose" value="no"></property>
    <property name="os.name" value="Windows XP"></property>
    <property name="sun.boot.class.path" value="D:\Program Files\j2sdk1.4.2_06\jre\lib\rt.jar;D:\Program Files\j2sdk1.4.2_06\jre\lib\i18n.jar;D:\Program Files\j2sdk1.4.2_06\jre\lib\sunrsasign.jar;D:\Program Files\j2sdk1.4.2_06\jre\lib\jsse.jar;D:\Program Files\j2sdk1.4.2_06\jre\lib\jce.jar;D:\Program Files\j2sdk1.4.2_06\jre\lib\charsets.jar;D:\Program Files\j2sdk1.4.2_06\jre\classes"></property>
    <property name="docsdir" value="docs"></property>
    <property name="javadoc.jar" value="javadocs.jar"></property>
    <property name="design_submission.jar" value="Review_Score_Aggregator_1.0_design_submission.jar"></property>
    <property name="component.tests.jar" value="build/dist/lib/tcs/review_score_aggregator_tests.jar"></property>
    <property name="sun.java2d.fontpath" value=""></property>
    <property name="java.vm.specification.vendor" value="Sun Microsystems Inc."></property>
    <property name="ant.home" value="C:\apache-ant-1.6.2\bin\.."></property>
    <property name="java.runtime.version" value="1.4.2_06-b03"></property>
    <property name="base_exception.jar.name" value="base_exception.jar"></property>
    <property name="component_path" value="review_score_aggregator/1.0"></property>
    <property name="user.name" value="Daiwb"></property>
    <property name="debug" value="off"></property>
    <property name="reports" value="reports"></property>
    <property name="testfiles" value="test_files"></property>
    <property name="dist_conf" value="build/dist/review_score_aggregator-1.0/conf"></property>
    <property name="component_version" value="1.0"></property>
    <property name="user.language" value="zh"></property>
    <property name="configmanager.path" value="configuration_manager/2.1.4"></property>
    <property name="sun.boot.library.path" value="D:\Program Files\j2sdk1.4.2_06\jre\bin"></property>
    <property name="tcs_libdir" value="lib/tcs"></property>
    <property name="srcdir" value="src"></property>
    <property name="ant.project.name" value="Review Score Aggregator"></property>
    <property name="java.version" value="1.4.2_06"></property>
    <property name="user.timezone" value=""></property>
    <property name="dev_dist.jar" value="Review_Score_Aggregator_1.0_dev_dist.jar"></property>
    <property name="sun.arch.data.model" value="32"></property>
    <property name="build_lib" value="build/lib"></property>
    <property name="webdir" value="web"></property>
    <property name="object_factory.jar.name" value="object_factory.jar"></property>
    <property name="java.endorsed.dirs" value="D:\Program Files\j2sdk1.4.2_06\jre\lib\endorsed"></property>
    <property name="sun.cpu.isalist" value="pentium i486 i386"></property>
    <property name="packagedir" value="com/topcoder/management/review/scoreaggregator"></property>
    <property name="file.encoding.pkg" value="sun.io"></property>
    <property name="file.separator" value="\"></property>
    <property name="java.specification.name" value="Java Platform API Specification"></property>
    <property name="build_docsdir" value="build/docs"></property>
    <property name="dev_submission.jar" value="Review_Score_Aggregator_1.0_dev_submission.jar"></property>
    <property name="java.class.version" value="48.0"></property>
    <property name="base_exception.path" value="base_exception/1.0"></property>
    <property name="build_testclassdir" value="build/testClasses"></property>
    <property name="user.country" value="CN"></property>
    <property name="java.home" value="D:\Program Files\j2sdk1.4.2_06\jre"></property>
    <property name="java.vm.info" value="mixed mode"></property>
    <property name="jar_tcs_libdir" value="lib/tcs"></property>
    <property name="ant.file" value="E:\tcs\review\Review_Score_Aggregator_1.0\FinalFix\Submitter_22788980_Review Score Aggregator\build.xml"></property>
    <property name="os.version" value="5.1"></property>
    <property name="build_distdir" value="build/dist"></property>
    <property name="dist_docpackage" value="build/doc_package"></property>
    <property name="build_tcsdistdir" value="build/dist/review_score_aggregator-1.0"></property>
    <property name="ant.file.Review Score Aggregator" value="E:\tcs\review\Review_Score_Aggregator_1.0\FinalFix\Submitter_22788980_Review Score Aggregator\build.xml"></property>
    <property name="path.separator" value=";"></property>
    <property name="java.vm.version" value="1.4.2_06-b03"></property>
    <property name="testlogdir" value="log"></property>
    <property name="java.util.prefs.PreferencesFactory" value="java.util.prefs.WindowsPreferencesFactory"></property>
    <property name="user.variant" value=""></property>
    <property name="ant.library.dir" value="C:\apache-ant-1.6.2\lib"></property>
    <property name="javamain" value="src/java/main"></property>
    <property name="base_exception.jar" value="lib/tcs/base_exception/1.0/base_exception.jar"></property>
    <property name="dist_lib" value="build/dist/lib/tcs"></property>
    <property name="dist_testfiles" value="build/dist/review_score_aggregator-1.0/test_files"></property>
    <property name="dist_javadocs" value="build/dist/review_score_aggregator-1.0/docs/javadocs"></property>
    <property name="java.awt.printerjob" value="sun.awt.windows.WPrinterJob"></property>
    <property name="sun.io.unicode.encoding" value="UnicodeLittle"></property>
    <property name="component" value="Review_Score_Aggregator"></property>
    <property name="awt.toolkit" value="sun.awt.windows.WToolkit"></property>
    <property name="component.war" value="${dist_examples}/review_score_aggregator.war"></property>
    <property name="user.home" value="C:\Documents and Settings\daiwb.GRAPHICS_MEDIA"></property>
    <property name="java.specification.vendor" value="Sun Microsystems Inc."></property>
    <property name="object_factory.jar" value="lib/tcs/object_factory/2.0/object_factory.jar"></property>
    <property name="java.vendor.url" value="http://java.sun.com/"></property>
    <property name="java.library.path" value="D:\Program Files\j2sdk1.4.2_06\jre\bin;.;C:\WINDOWS\system32;C:\WINDOWS;C:\WINDOWS\system32;C:\WINDOWS;C:\WINDOWS\System32\Wbem;C:\Program Files\ATI Technologies\ATI Control Panel;C:\Program Files\Microsoft SQL Server\90\Tools\binn\;d:\PROGRA~1\F-Secure\SSHTRI~1;;d:\Program Files\SecureCRT;C:\Program Files\Microsoft SQL Server\80\Tools\BINN;D:\Program Files\NUnit 2.2\bin;D:\Program Files\IBM\Informix\Client-SDK\bin;D:\Program Files\Microsoft Visual Studio\Common\Tools\WinNT;D:\Program Files\Microsoft Visual Studio\Common\MSDev98\Bin;D:\Program Files\Microsoft Visual Studio\Common\Tools;D:\Program Files\Microsoft Visual Studio\VC98\bin;d:\Program Files\IDM Computer Solutions\UltraEdit-32;D:\Program Files\MinGW\bin;C:\apache-ant-1.6.2\bin;D:\Program Files\j2sdk1.4.2_06;.;D:\Program Files\j2sdk1.4.2_06\bin;D:\Program Files\Microsoft Visual Studio 8\Common7\Tools\Bin;C:\WINDOWS\Microsoft.NET\Framework\v2.0.50727;C:\nant-0.85-nightly-2006-05-26\bin;"></property>
    <property name="build_javadocsdir" value="build/docs/javadocs"></property>
    <property name="configdir" value="conf"></property>
    <property name="java.vm.vendor" value="Sun Microsystems Inc."></property>
    <property name="java.runtime.name" value="Java(TM) 2 Runtime Environment, Standard Edition"></property>
    <property name="ant.version" value="Apache Ant version 1.6.2 compiled on July 16 2004"></property>
    <property name="java.class.path" value="E:\tcs\review\Review_Score_Aggregator_1.0\FinalFix\Submitter_22788980_Review Score Aggregator\build\testClasses;E:\tcs\review\Review_Score_Aggregator_1.0\FinalFix\Submitter_22788980_Review Score Aggregator\build\classes;E:\tcs\review\Review_Score_Aggregator_1.0\FinalFix\Submitter_22788980_Review Score Aggregator\lib\tcs\configuration_manager\2.1.4\configuration_manager.jar;E:\tcs\review\Review_Score_Aggregator_1.0\FinalFix\Submitter_22788980_Review Score Aggregator\lib\tcs\base_exception\1.0\base_exception.jar;E:\tcs\review\Review_Score_Aggregator_1.0\FinalFix\Submitter_22788980_Review Score Aggregator\lib\tcs\object_factory\2.0\object_factory.jar;E:\tcs\review\Review_Score_Aggregator_1.0\FinalFix\Submitter_22788980_Review Score Aggregator\conf;E:\tcs\review\Review_Score_Aggregator_1.0\FinalFix\Submitter_22788980_Review Score Aggregator\test_files;D:\Program Files\eclipse\plugins\org.junit_3.8.1\junit.jar;C:\apache-ant-1.6.2\lib\ant-launcher.jar;C:\apache-ant-1.6.2\lib\ant.jar;C:\apache-ant-1.6.2\lib\ant-junit.jar"></property>
    <property name="object_factory.version" value="2.0"></property>
    <property name="java.vm.specification.name" value="Java Virtual Machine Specification"></property>
    <property name="ext_libdir" value="lib"></property>
    <property name="builddir" value="build"></property>
    <property name="java.vm.specification.version" value="1.0"></property>
    <property name="component.dist.jar" value="build/dist/review_score_aggregator-1.0.jar"></property>
    <property name="junit.jar" value="lib/junit/3.8.2/junit.jar"></property>
    <property name="sun.os.patch.level" value="Service Pack 2"></property>
    <property name="sun.cpu.endian" value="little"></property>
    <property name="configmanager.jar.name" value="configuration_manager.jar"></property>
    <property name="java.io.tmpdir" value="D:\TEMP\"></property>
    <property name="java.vendor.url.bug" value="http://java.sun.com/cgi-bin/bugreport.cgi"></property>
    <property name="build_targetclassdir" value="build/targetclasses"></property>
    <property name="javatests" value="src/java/tests"></property>
    <property name="build_classdir" value="build/classes"></property>
    <property name="configmanager.jar" value="lib/tcs/configuration_manager/2.1.4/configuration_manager.jar"></property>
    <property name="javadocsdir" value="docs/javadocs"></property>
    <property name="java.awt.graphicsenv" value="sun.awt.Win32GraphicsEnvironment"></property>
    <property name="os.arch" value="x86"></property>
    <property name="build_webdir" value="build/web"></property>
    <property name="java.ext.dirs" value="D:\Program Files\j2sdk1.4.2_06\jre\lib\ext"></property>
    <property name="dist_src" value="build/dist/review_score_aggregator-1.0/src"></property>
    <property name="user.dir" value="E:\tcs\review\Review_Score_Aggregator_1.0\FinalFix\Submitter_22788980_Review Score Aggregator"></property>
    <property name="design_dist.jar" value="Review_Score_Aggregator_1.0_design_dist.jar"></property>
    <property name="jar_ext_libdir" value="lib"></property>
    <property name="javasrc" value="src/java"></property>
    <property name="line.separator" value="
"></property>
    <property name="java.vm.name" value="Java HotSpot(TM) Client VM"></property>
    <property name="distfilename" value="review_score_aggregator"></property>
    <property name="java_1_3_bootclasspath" value="C:\Program Files\Java\j2re1.4.2_06\lib\rt.jar"></property>
    <property name="basedir" value="E:\tcs\review\Review_Score_Aggregator_1.0\FinalFix\Submitter_22788980_Review Score Aggregator"></property>
    <property name="ant.java.version" value="1.4"></property>
    <property name="object_factory.path" value="object_factory/2.0"></property>
    <property name="file.encoding" value="GBK"></property>
    <property name="configmanager.version" value="2.1.4"></property>
    <property name="base_exception.version" value="1.0"></property>
    <property name="dist_docs" value="build/dist/review_score_aggregator-1.0/docs"></property>
    <property name="component.jar" value="build/dist/lib/tcs/review_score_aggregator/1.0/review_score_aggregator.jar"></property>
    <property name="java.specification.version" value="1.4"></property>
  </properties>
  <testcase name="testCtor1" classname="com.topcoder.management.review.scoreaggregator.accuracytests.AggregatedSubmissionAccuracyTests" time="0.015"></testcase>
  <testcase name="testCtor2" classname="com.topcoder.management.review.scoreaggregator.accuracytests.AggregatedSubmissionAccuracyTests" time="0.0"></testcase>
  <testcase name="testGetAggregatedScore" classname="com.topcoder.management.review.scoreaggregator.accuracytests.AggregatedSubmissionAccuracyTests" time="0.0"></testcase>
  <testcase name="testcompareTo" classname="com.topcoder.management.review.scoreaggregator.accuracytests.AggregatedSubmissionAccuracyTests" time="0.0"></testcase>
  <testcase name="testCtor" classname="com.topcoder.management.review.scoreaggregator.accuracytests.AveragingAggregationAlgorithmAccuracyTests" time="0.0"></testcase>
  <testcase name="testCalculateAggregateScore1" classname="com.topcoder.management.review.scoreaggregator.accuracytests.AveragingAggregationAlgorithmAccuracyTests" time="0.0"></testcase>
  <testcase name="testCalculateAggregateScore2" classname="com.topcoder.management.review.scoreaggregator.accuracytests.AveragingAggregationAlgorithmAccuracyTests" time="0.0"></testcase>
  <testcase name="testCalculateAggregateScore3" classname="com.topcoder.management.review.scoreaggregator.accuracytests.AveragingAggregationAlgorithmAccuracyTests" time="0.0"></testcase>
  <testcase name="testCtor" classname="com.topcoder.management.review.scoreaggregator.accuracytests.RankedSubmissionAccuracyTests" time="0.0"></testcase>
  <testcase name="testGetRank" classname="com.topcoder.management.review.scoreaggregator.accuracytests.RankedSubmissionAccuracyTests" time="0.0"></testcase>
  <testcase name="testCtor1" classname="com.topcoder.management.review.scoreaggregator.accuracytests.ReviewScoreAggregatorAccuracyTests" time="0.016"></testcase>
  <testcase name="testCtor2" classname="com.topcoder.management.review.scoreaggregator.accuracytests.ReviewScoreAggregatorAccuracyTests" time="0.063"></testcase>
  <testcase name="testCtor3" classname="com.topcoder.management.review.scoreaggregator.accuracytests.ReviewScoreAggregatorAccuracyTests" time="0.0"></testcase>
  <testcase name="testAggregateScores1" classname="com.topcoder.management.review.scoreaggregator.accuracytests.ReviewScoreAggregatorAccuracyTests" time="0.0"></testcase>
  <testcase name="testAggregateScores2" classname="com.topcoder.management.review.scoreaggregator.accuracytests.ReviewScoreAggregatorAccuracyTests" time="0.0"></testcase>
  <testcase name="testAggregateScores3" classname="com.topcoder.management.review.scoreaggregator.accuracytests.ReviewScoreAggregatorAccuracyTests" time="0.0"></testcase>
  <testcase name="testAggregateScores4" classname="com.topcoder.management.review.scoreaggregator.accuracytests.ReviewScoreAggregatorAccuracyTests" time="0.0"></testcase>
  <testcase name="testCalcPlacements1" classname="com.topcoder.management.review.scoreaggregator.accuracytests.ReviewScoreAggregatorAccuracyTests" time="0.0"></testcase>
  <testcase name="testCalcPlacements2" classname="com.topcoder.management.review.scoreaggregator.accuracytests.ReviewScoreAggregatorAccuracyTests" time="0.0"></testcase>
  <testcase name="testCalcPlacements3" classname="com.topcoder.management.review.scoreaggregator.accuracytests.ReviewScoreAggregatorAccuracyTests" time="0.0"></testcase>
  <testcase name="testCalcPlacements4" classname="com.topcoder.management.review.scoreaggregator.accuracytests.ReviewScoreAggregatorAccuracyTests" time="0.0"></testcase>
  <testcase name="testSetPlaceAssignmentAlgorighm" classname="com.topcoder.management.review.scoreaggregator.accuracytests.ReviewScoreAggregatorAccuracyTests" time="0.0"></testcase>
  <testcase name="testSetTieDetector" classname="com.topcoder.management.review.scoreaggregator.accuracytests.ReviewScoreAggregatorAccuracyTests" time="0.0"></testcase>
  <testcase name="testSetTieBreaker" classname="com.topcoder.management.review.scoreaggregator.accuracytests.ReviewScoreAggregatorAccuracyTests" time="0.0"></testcase>
  <testcase name="testSetScoreAggregationAlgorithm" classname="com.topcoder.management.review.scoreaggregator.accuracytests.ReviewScoreAggregatorAccuracyTests" time="0.0"></testcase>
  <testcase name="testCtor" classname="com.topcoder.management.review.scoreaggregator.accuracytests.StandardPlaceAssignmentAccuracyTests" time="0.0"></testcase>
  <testcase name="testAssignPlacements1" classname="com.topcoder.management.review.scoreaggregator.accuracytests.StandardPlaceAssignmentAccuracyTests" time="0.0"></testcase>
  <testcase name="testAssignPlacements2" classname="com.topcoder.management.review.scoreaggregator.accuracytests.StandardPlaceAssignmentAccuracyTests" time="0.0"></testcase>
  <testcase name="testAssignPlacements3" classname="com.topcoder.management.review.scoreaggregator.accuracytests.StandardPlaceAssignmentAccuracyTests" time="0.0"></testcase>
  <testcase name="testAssignPlacements4" classname="com.topcoder.management.review.scoreaggregator.accuracytests.StandardPlaceAssignmentAccuracyTests" time="0.0"></testcase>
  <testcase name="testCtor" classname="com.topcoder.management.review.scoreaggregator.accuracytests.StandardTieBreakerAccuracyTests" time="0.0"></testcase>
  <testcase name="testBreakTies1" classname="com.topcoder.management.review.scoreaggregator.accuracytests.StandardTieBreakerAccuracyTests" time="0.0"></testcase>
  <testcase name="testBreakTies2" classname="com.topcoder.management.review.scoreaggregator.accuracytests.StandardTieBreakerAccuracyTests" time="0.0"></testcase>
  <testcase name="testBreakTies3" classname="com.topcoder.management.review.scoreaggregator.accuracytests.StandardTieBreakerAccuracyTests" time="0.0"></testcase>
  <testcase name="testBreakTies4" classname="com.topcoder.management.review.scoreaggregator.accuracytests.StandardTieBreakerAccuracyTests" time="0.0"></testcase>
  <testcase name="testBreakTies5" classname="com.topcoder.management.review.scoreaggregator.accuracytests.StandardTieBreakerAccuracyTests" time="0.0"></testcase>
  <testcase name="testCtor1" classname="com.topcoder.management.review.scoreaggregator.accuracytests.StandardTieDetectorAccuracyTests" time="0.0"></testcase>
  <testcase name="testCtor2" classname="com.topcoder.management.review.scoreaggregator.accuracytests.StandardTieDetectorAccuracyTests" time="0.0"></testcase>
  <testcase name="testTied1" classname="com.topcoder.management.review.scoreaggregator.accuracytests.StandardTieDetectorAccuracyTests" time="0.0"></testcase>
  <testcase name="testTied2" classname="com.topcoder.management.review.scoreaggregator.accuracytests.StandardTieDetectorAccuracyTests" time="0.0"></testcase>
  <testcase name="testTied3" classname="com.topcoder.management.review.scoreaggregator.accuracytests.StandardTieDetectorAccuracyTests" time="0.0"></testcase>
  <testcase name="testTied4" classname="com.topcoder.management.review.scoreaggregator.accuracytests.StandardTieDetectorAccuracyTests" time="0.0"></testcase>
  <testcase name="testTied5" classname="com.topcoder.management.review.scoreaggregator.accuracytests.StandardTieDetectorAccuracyTests" time="0.0"></testcase>
  <testcase name="testTied6" classname="com.topcoder.management.review.scoreaggregator.accuracytests.StandardTieDetectorAccuracyTests" time="0.0"></testcase>
  <testcase name="testTied7" classname="com.topcoder.management.review.scoreaggregator.accuracytests.StandardTieDetectorAccuracyTests" time="0.0"></testcase>
  <testcase name="testTied8" classname="com.topcoder.management.review.scoreaggregator.accuracytests.StandardTieDetectorAccuracyTests" time="0.0"></testcase>
  <testcase name="testTied9" classname="com.topcoder.management.review.scoreaggregator.accuracytests.StandardTieDetectorAccuracyTests" time="0.0"></testcase>
  <testcase name="testCtor1" classname="com.topcoder.management.review.scoreaggregator.accuracytests.SubmissionAccuracyTests" time="0.0"></testcase>
  <testcase name="testCtor2" classname="com.topcoder.management.review.scoreaggregator.accuracytests.SubmissionAccuracyTests" time="0.0"></testcase>
  <testcase name="testGetScores" classname="com.topcoder.management.review.scoreaggregator.accuracytests.SubmissionAccuracyTests" time="0.0"></testcase>
  <testcase name="testGetID" classname="com.topcoder.management.review.scoreaggregator.accuracytests.SubmissionAccuracyTests" time="0.0"></testcase>
  <testcase name="testSubmissionNegativeId" classname="com.topcoder.management.review.scoreaggregator.failuretests.SubmissionFailureTests" time="0.0"></testcase>
  <testcase name="testSubmissionZeroId" classname="com.topcoder.management.review.scoreaggregator.failuretests.SubmissionFailureTests" time="0.0"></testcase>
  <testcase name="testSubmissionNullScores" classname="com.topcoder.management.review.scoreaggregator.failuretests.SubmissionFailureTests" time="0.0"></testcase>
  <testcase name="testSubmissionNegativeScores" classname="com.topcoder.management.review.scoreaggregator.failuretests.SubmissionFailureTests" time="0.0"></testcase>
  <testcase name="testSubmissionZeroScores" classname="com.topcoder.management.review.scoreaggregator.failuretests.SubmissionFailureTests" time="0.0"></testcase>
  <testcase name="testSubmissionNaNScores" classname="com.topcoder.management.review.scoreaggregator.failuretests.SubmissionFailureTests" time="0.0"></testcase>
  <testcase name="testSubmissionPositiveInfScores" classname="com.topcoder.management.review.scoreaggregator.failuretests.SubmissionFailureTests" time="0.0"></testcase>
  <testcase name="testSubmissionNegativeInfScores" classname="com.topcoder.management.review.scoreaggregator.failuretests.SubmissionFailureTests" time="0.0"></testcase>
  <testcase name="testSubmissionNaNScores" classname="com.topcoder.management.review.scoreaggregator.failuretests.AggregatedSubmissionFailureTests" time="0.0"></testcase>
  <testcase name="testAggregatedSubmissionNegativeId" classname="com.topcoder.management.review.scoreaggregator.failuretests.AggregatedSubmissionFailureTests" time="0.0"></testcase>
  <testcase name="testAggregatedSubmissionZeroId" classname="com.topcoder.management.review.scoreaggregator.failuretests.AggregatedSubmissionFailureTests" time="0.0"></testcase>
  <testcase name="testAggregatedSubmissionNullScores" classname="com.topcoder.management.review.scoreaggregator.failuretests.AggregatedSubmissionFailureTests" time="0.0"></testcase>
  <testcase name="testAggregatedSubmissionNegativeScores" classname="com.topcoder.management.review.scoreaggregator.failuretests.AggregatedSubmissionFailureTests" time="0.0"></testcase>
  <testcase name="testAggregatedSubmissionZeroScores" classname="com.topcoder.management.review.scoreaggregator.failuretests.AggregatedSubmissionFailureTests" time="0.0"></testcase>
  <testcase name="testAggregatedSubmissionPositiveInfScores" classname="com.topcoder.management.review.scoreaggregator.failuretests.AggregatedSubmissionFailureTests" time="0.0"></testcase>
  <testcase name="testAggregatedSubmissionNegativeInfScores" classname="com.topcoder.management.review.scoreaggregator.failuretests.AggregatedSubmissionFailureTests" time="0.0"></testcase>
  <testcase name="testAggregatedSubmissionNegativeAgg" classname="com.topcoder.management.review.scoreaggregator.failuretests.AggregatedSubmissionFailureTests" time="0.0"></testcase>
  <testcase name="testAggregatedSubmissionZeroAgg" classname="com.topcoder.management.review.scoreaggregator.failuretests.AggregatedSubmissionFailureTests" time="0.0"></testcase>
  <testcase name="testAggregatedSubmissionNegativeInfAgg" classname="com.topcoder.management.review.scoreaggregator.failuretests.AggregatedSubmissionFailureTests" time="0.0"></testcase>
  <testcase name="testAggregatedSubmissionPositiveInfAgg" classname="com.topcoder.management.review.scoreaggregator.failuretests.AggregatedSubmissionFailureTests" time="0.0"></testcase>
  <testcase name="testAggregatedSubmissionNaNAgg" classname="com.topcoder.management.review.scoreaggregator.failuretests.AggregatedSubmissionFailureTests" time="0.0"></testcase>
  <testcase name="testAggregatedSubmissionSubmissionFloatNullSubmission" classname="com.topcoder.management.review.scoreaggregator.failuretests.AggregatedSubmissionFailureTests" time="0.0"></testcase>
  <testcase name="testAggregatedSubmissionSubmissionFloatNegativeAgg" classname="com.topcoder.management.review.scoreaggregator.failuretests.AggregatedSubmissionFailureTests" time="0.0"></testcase>
  <testcase name="testAggregatedSubmissionSubmissionFloatZeroAgg" classname="com.topcoder.management.review.scoreaggregator.failuretests.AggregatedSubmissionFailureTests" time="0.0"></testcase>
  <testcase name="testCompareToNonAggregatedSubmission" classname="com.topcoder.management.review.scoreaggregator.failuretests.AggregatedSubmissionFailureTests" time="0.0"></testcase>
  <testcase name="testRankedSubmissionNullSubmission" classname="com.topcoder.management.review.scoreaggregator.failuretests.RankedSubmissionFailureTests" time="0.0"></testcase>
  <testcase name="testRankedSubmissionNegativeRank" classname="com.topcoder.management.review.scoreaggregator.failuretests.RankedSubmissionFailureTests" time="0.0"></testcase>
  <testcase name="testRankedSubmissionZeroRank" classname="com.topcoder.management.review.scoreaggregator.failuretests.RankedSubmissionFailureTests" time="0.0"></testcase>
  <testcase name="testCalculateAggregateScoreNullScores" classname="com.topcoder.management.review.scoreaggregator.failuretests.AveragingAggregationAlgorithmFailureTests" time="0.0"></testcase>
  <testcase name="testCalculateAggregateScoreNegativeScores" classname="com.topcoder.management.review.scoreaggregator.failuretests.AveragingAggregationAlgorithmFailureTests" time="0.0"></testcase>
  <testcase name="testAssignPlacementsNullPlacements" classname="com.topcoder.management.review.scoreaggregator.failuretests.StandardPlaceAssignmentFailureTests" time="0.0"></testcase>
  <testcase name="testAssignPlacementsNegativePlacements" classname="com.topcoder.management.review.scoreaggregator.failuretests.StandardPlaceAssignmentFailureTests" time="0.0"></testcase>
  <testcase name="testAssignPlacementsZeroPlacements" classname="com.topcoder.management.review.scoreaggregator.failuretests.StandardPlaceAssignmentFailureTests" time="0.0"></testcase>
  <testcase name="testAssignPlacementsPlacementsGaps" classname="com.topcoder.management.review.scoreaggregator.failuretests.StandardPlaceAssignmentFailureTests" time="0.0"></testcase>
  <testcase name="testAssignPlacementsPlacementsGaps2" classname="com.topcoder.management.review.scoreaggregator.failuretests.StandardPlaceAssignmentFailureTests" time="0.0"></testcase>
  <testcase name="testStandardTieBreaker" classname="com.topcoder.management.review.scoreaggregator.failuretests.StandardTieBreakerFailureTests" time="0.0"></testcase>
  <testcase name="testBreakTiesNullSubmissions" classname="com.topcoder.management.review.scoreaggregator.failuretests.StandardTieBreakerFailureTests" time="0.0"></testcase>
  <testcase name="testBreakTiesNullSubmission" classname="com.topcoder.management.review.scoreaggregator.failuretests.StandardTieBreakerFailureTests" time="0.0"></testcase>
  <testcase name="testBreakTiesInconsistentSubmissions" classname="com.topcoder.management.review.scoreaggregator.failuretests.StandardTieBreakerFailureTests" time="0.0"></testcase>
  <testcase name="testStandardTieDetectorFloatNegative" classname="com.topcoder.management.review.scoreaggregator.failuretests.StandardTieDetectorFailureTests" time="0.0"></testcase>
  <testcase name="testStandardTieDetector" classname="com.topcoder.management.review.scoreaggregator.failuretests.StandardTieDetectorFailureTests" time="0.0"></testcase>
  <testcase name="testTiedNegativeFirst" classname="com.topcoder.management.review.scoreaggregator.failuretests.StandardTieDetectorFailureTests" time="0.0"></testcase>
  <testcase name="testTiedNegativeSecond" classname="com.topcoder.management.review.scoreaggregator.failuretests.StandardTieDetectorFailureTests" time="0.0"></testcase>
  <testcase name="testTiedNegativeInfinitiveFirst" classname="com.topcoder.management.review.scoreaggregator.failuretests.StandardTieDetectorFailureTests" time="0.0"></testcase>
  <testcase name="testTiedPositiveInfinitiveFirst" classname="com.topcoder.management.review.scoreaggregator.failuretests.StandardTieDetectorFailureTests" time="0.0"></testcase>
  <testcase name="testTiedNegativeInfinitiveSecond" classname="com.topcoder.management.review.scoreaggregator.failuretests.StandardTieDetectorFailureTests" time="0.0"></testcase>
  <testcase name="testTiedPositiveInfinitiveSecond" classname="com.topcoder.management.review.scoreaggregator.failuretests.StandardTieDetectorFailureTests" time="0.0"></testcase>
  <testcase name="testTiedNaNFirst" classname="com.topcoder.management.review.scoreaggregator.failuretests.StandardTieDetectorFailureTests" time="0.0"></testcase>
  <testcase name="testTiedNaNSecond" classname="com.topcoder.management.review.scoreaggregator.failuretests.StandardTieDetectorFailureTests" time="0.0"></testcase>
  <testcase name="testReviewScoreAggregator" classname="com.topcoder.management.review.scoreaggregator.failuretests.ReviewScoreAggregatorFailureTests" time="0.016"></testcase>
  <testcase name="testReviewScoreAggregator4NullScoreAggregationAlgorithm" classname="com.topcoder.management.review.scoreaggregator.failuretests.ReviewScoreAggregatorFailureTests" time="0.0"></testcase>
  <testcase name="testReviewScoreAggregator4NullTieDetector" classname="com.topcoder.management.review.scoreaggregator.failuretests.ReviewScoreAggregatorFailureTests" time="0.015"></testcase>
  <testcase name="testReviewScoreAggregator4NullTieBreaker" classname="com.topcoder.management.review.scoreaggregator.failuretests.ReviewScoreAggregatorFailureTests" time="0.016"></testcase>
  <testcase name="testReviewScoreAggregator4NullPlaceAssignmentAlgorithm" classname="com.topcoder.management.review.scoreaggregator.failuretests.ReviewScoreAggregatorFailureTests" time="0.016"></testcase>
  <testcase name="testSetScoreAggregationAlgorithmNull" classname="com.topcoder.management.review.scoreaggregator.failuretests.ReviewScoreAggregatorFailureTests" time="0.0"></testcase>
  <testcase name="testSetPlaceAssignmentAlgorithmNull" classname="com.topcoder.management.review.scoreaggregator.failuretests.ReviewScoreAggregatorFailureTests" time="0.015"></testcase>
  <testcase name="testSetTieBreakerNull" classname="com.topcoder.management.review.scoreaggregator.failuretests.ReviewScoreAggregatorFailureTests" time="0.0"></testcase>
  <testcase name="testSetTieDetectorNull" classname="com.topcoder.management.review.scoreaggregator.failuretests.ReviewScoreAggregatorFailureTests" time="0.0"></testcase>
  <testcase name="testAggregateScoresFloatArrayArrayNullScoresArray" classname="com.topcoder.management.review.scoreaggregator.failuretests.ReviewScoreAggregatorFailureTests" time="0.016"></testcase>
  <testcase name="testAggregateScoresFloatArrayArrayNullScoresEntries" classname="com.topcoder.management.review.scoreaggregator.failuretests.ReviewScoreAggregatorFailureTests" time="0.0"></testcase>
  <testcase name="testAggregateScoresFloatArrayArrayNegativeScoresEntries" classname="com.topcoder.management.review.scoreaggregator.failuretests.ReviewScoreAggregatorFailureTests" time="0.0"></testcase>
  <testcase name="testAggregateScoresFloatArrayArrayInconsistentScoresEntries" classname="com.topcoder.management.review.scoreaggregator.failuretests.ReviewScoreAggregatorFailureTests" time="0.016"></testcase>
  <testcase name="testAggregateScoresSubmissionArrayNullArray" classname="com.topcoder.management.review.scoreaggregator.failuretests.ReviewScoreAggregatorFailureTests" time="0.0"></testcase>
  <testcase name="testAggregateScoresSubmissionArrayNullEntries" classname="com.topcoder.management.review.scoreaggregator.failuretests.ReviewScoreAggregatorFailureTests" time="0.015"></testcase>
  <testcase name="testAggregateScoresSubmissionArrayInconsistentEntries" classname="com.topcoder.management.review.scoreaggregator.failuretests.ReviewScoreAggregatorFailureTests" time="0.0"></testcase>
  <testcase name="testCalcPlacementsFloatArrayArrayNullArray" classname="com.topcoder.management.review.scoreaggregator.failuretests.ReviewScoreAggregatorFailureTests" time="0.016"></testcase>
  <testcase name="testCalcPlacementsFloatArrayArrayNullScoresEntries" classname="com.topcoder.management.review.scoreaggregator.failuretests.ReviewScoreAggregatorFailureTests" time="0.0"></testcase>
  <testcase name="testCalcPlacementsFloatArrayArrayNegativeScoresEntries" classname="com.topcoder.management.review.scoreaggregator.failuretests.ReviewScoreAggregatorFailureTests" time="0.0"></testcase>
  <testcase name="testCalcPlacementsFloatArrayArrayInconsistentScoresEntries" classname="com.topcoder.management.review.scoreaggregator.failuretests.ReviewScoreAggregatorFailureTests" time="0.015"></testcase>
  <testcase name="testCalcPlacementsAggregatedSubmissionArrayNullArray" classname="com.topcoder.management.review.scoreaggregator.failuretests.ReviewScoreAggregatorFailureTests" time="0.0"></testcase>
  <testcase name="testCalcPlacementsAggregatedSubmissionArrayNullEntries" classname="com.topcoder.management.review.scoreaggregator.failuretests.ReviewScoreAggregatorFailureTests" time="0.016"></testcase>
  <testcase name="testCalcPlacementsAggregatedSubmissionArrayInconsistentEntries" classname="com.topcoder.management.review.scoreaggregator.failuretests.ReviewScoreAggregatorFailureTests" time="0.0"></testcase>
  <testcase name="testReviewScoreAggregatorStringNull" classname="com.topcoder.management.review.scoreaggregator.failuretests.ReviewScoreAggregatorFailureTests" time="0.0"></testcase>
  <testcase name="testReviewScoreAggregatorStringEmpty" classname="com.topcoder.management.review.scoreaggregator.failuretests.ReviewScoreAggregatorFailureTests" time="0.016"></testcase>
  <testcase name="testReviewScoreAggregatorStringMissingScoreAggregationAlgorithm" classname="com.topcoder.management.review.scoreaggregator.failuretests.ReviewScoreAggregatorFailureTests" time="0.015"></testcase>
  <testcase name="testReviewScoreAggregatorStringMissingTieDetector" classname="com.topcoder.management.review.scoreaggregator.failuretests.ReviewScoreAggregatorFailureTests" time="0.0"></testcase>
  <testcase name="testReviewScoreAggregatorStringMissingTieBreaker" classname="com.topcoder.management.review.scoreaggregator.failuretests.ReviewScoreAggregatorFailureTests" time="0.0"></testcase>
  <testcase name="testReviewScoreAggregatorStringMissingPlaceAssignmentAlgorithm" classname="com.topcoder.management.review.scoreaggregator.failuretests.ReviewScoreAggregatorFailureTests" time="0.0"></testcase>
  <testcase name="testReviewScoreAggregatorStringScoreAggregationAlgorithmNotFound" classname="com.topcoder.management.review.scoreaggregator.failuretests.ReviewScoreAggregatorFailureTests" time="0.016"></testcase>
  <testcase name="testReviewScoreAggregatorStringStandardTieDetectorNotFound" classname="com.topcoder.management.review.scoreaggregator.failuretests.ReviewScoreAggregatorFailureTests" time="0.0"></testcase>
  <testcase name="testReviewScoreAggregatorStringStandardTieBreakerNotFound" classname="com.topcoder.management.review.scoreaggregator.failuretests.ReviewScoreAggregatorFailureTests" time="0.016"></testcase>
  <testcase name="testReviewScoreAggregatorStringStandardPlaceAssignmentNotFound" classname="com.topcoder.management.review.scoreaggregator.failuretests.ReviewScoreAggregatorFailureTests" time="0.0"></testcase>
  <testcase name="testAveragingAggregationAlgorithm_Stress" classname="com.topcoder.management.review.scoreaggregator.stresstests.ReviewScoreAggregatorStressTests" time="0.0"></testcase>
  <testcase name="testStandardPlaceAssignment_Stress" classname="com.topcoder.management.review.scoreaggregator.stresstests.ReviewScoreAggregatorStressTests" time="0.015"></testcase>
  <testcase name="testStandardTieBreaker_Stress" classname="com.topcoder.management.review.scoreaggregator.stresstests.ReviewScoreAggregatorStressTests" time="0.516"></testcase>
  <testcase name="testReviewScoreAggregator_Stress" classname="com.topcoder.management.review.scoreaggregator.stresstests.ReviewScoreAggregatorStressTests" time="2.953"></testcase>
  <testcase name="testSubmission_Accuracy" classname="com.topcoder.management.review.scoreaggregator.SubmissionTest" time="0.0"></testcase>
  <testcase name="testSubmission_NegativeId" classname="com.topcoder.management.review.scoreaggregator.SubmissionTest" time="0.0"></testcase>
  <testcase name="testSubmission_ZeroId" classname="com.topcoder.management.review.scoreaggregator.SubmissionTest" time="0.0"></testcase>
  <testcase name="testSubmission_NullScores" classname="com.topcoder.management.review.scoreaggregator.SubmissionTest" time="0.0"></testcase>
  <testcase name="testSubmission_ScoresWithNegativeElement" classname="com.topcoder.management.review.scoreaggregator.SubmissionTest" time="0.0"></testcase>
  <testcase name="testSubmission_ScoresWithInvalidElement_1" classname="com.topcoder.management.review.scoreaggregator.SubmissionTest" time="0.0"></testcase>
  <testcase name="testSubmission_ScoresWithInvalidElement_2" classname="com.topcoder.management.review.scoreaggregator.SubmissionTest" time="0.0"></testcase>
  <testcase name="testSubmission_ScoresWithInvalidElement_3" classname="com.topcoder.management.review.scoreaggregator.SubmissionTest" time="0.0"></testcase>
  <testcase name="testGetScores_Accuracy" classname="com.topcoder.management.review.scoreaggregator.SubmissionTest" time="0.0"></testcase>
  <testcase name="testGetId_Accuracy" classname="com.topcoder.management.review.scoreaggregator.SubmissionTest" time="0.0"></testcase>
  <testcase name="testGetAggregatedScore" classname="com.topcoder.management.review.scoreaggregator.AggregatedSubmissionTest" time="0.0"></testcase>
  <testcase name="testAggregatedSubmissionLongFloatArrayFloat_Accuracy" classname="com.topcoder.management.review.scoreaggregator.AggregatedSubmissionTest" time="0.0"></testcase>
  <testcase name="testAggregatedSubmissionLongFloatArrayFloat_NegativeId" classname="com.topcoder.management.review.scoreaggregator.AggregatedSubmissionTest" time="0.0"></testcase>
  <testcase name="testAggregatedSubmissionLongFloatArrayFloat_ZeroId" classname="com.topcoder.management.review.scoreaggregator.AggregatedSubmissionTest" time="0.0"></testcase>
  <testcase name="testAggregatedSubmissionLongFloatArrayFloat_NullScores" classname="com.topcoder.management.review.scoreaggregator.AggregatedSubmissionTest" time="0.0"></testcase>
  <testcase name="testAggregatedSubmissionLongFloatArrayFloat_ScoresWithNegativeElement" classname="com.topcoder.management.review.scoreaggregator.AggregatedSubmissionTest" time="0.0"></testcase>
  <testcase name="testAggregatedSubmissionLongFloatArrayFloat_ScoresWithInvalidElement_1" classname="com.topcoder.management.review.scoreaggregator.AggregatedSubmissionTest" time="0.0"></testcase>
  <testcase name="testAggregatedSubmissionLongFloatArrayFloat_ScoresWithInvalidElement_2" classname="com.topcoder.management.review.scoreaggregator.AggregatedSubmissionTest" time="0.0"></testcase>
  <testcase name="testAggregatedSubmissionLongFloatArrayFloat_ScoresWithInvalidElement_3" classname="com.topcoder.management.review.scoreaggregator.AggregatedSubmissionTest" time="0.0"></testcase>
  <testcase name="testAggregatedSubmissionLongFloatArrayFloat_NegativeAggregatedScore" classname="com.topcoder.management.review.scoreaggregator.AggregatedSubmissionTest" time="0.0"></testcase>
  <testcase name="testAggregatedSubmissionLongFloatArrayFloat_InvalidAggregatedScore_1" classname="com.topcoder.management.review.scoreaggregator.AggregatedSubmissionTest" time="0.0"></testcase>
  <testcase name="testAggregatedSubmissionLongFloatArrayFloat_InvalidAggregatedScore_2" classname="com.topcoder.management.review.scoreaggregator.AggregatedSubmissionTest" time="0.0"></testcase>
  <testcase name="testAggregatedSubmissionLongFloatArrayFloat_InvalidAggregatedScore_3" classname="com.topcoder.management.review.scoreaggregator.AggregatedSubmissionTest" time="0.0"></testcase>
  <testcase name="testAggregatedSubmissionSubmissionFloat_Accracy" classname="com.topcoder.management.review.scoreaggregator.AggregatedSubmissionTest" time="0.0"></testcase>
  <testcase name="testAggregatedSubmissionSubmissionFloat_NullSub" classname="com.topcoder.management.review.scoreaggregator.AggregatedSubmissionTest" time="0.0"></testcase>
  <testcase name="testAggregatedSubmissionSubmissionFloat_NegativeAggregatedScore" classname="com.topcoder.management.review.scoreaggregator.AggregatedSubmissionTest" time="0.0"></testcase>
  <testcase name="testAggregatedSubmissionSubmissionFloat_InvalidAggregatedScore_1" classname="com.topcoder.management.review.scoreaggregator.AggregatedSubmissionTest" time="0.0"></testcase>
  <testcase name="testAggregatedSubmissionSubmissionFloat_InvalidAggregatedScore_2" classname="com.topcoder.management.review.scoreaggregator.AggregatedSubmissionTest" time="0.0"></testcase>
  <testcase name="testAggregatedSubmissionSubmissionFloat_InvalidAggregatedScore_3" classname="com.topcoder.management.review.scoreaggregator.AggregatedSubmissionTest" time="0.0"></testcase>
  <testcase name="testCompareTo_Accuracy" classname="com.topcoder.management.review.scoreaggregator.AggregatedSubmissionTest" time="0.0"></testcase>
  <testcase name="testCompareTo_NullArg" classname="com.topcoder.management.review.scoreaggregator.AggregatedSubmissionTest" time="0.0"></testcase>
  <testcase name="testCompareTo_InvalidObj" classname="com.topcoder.management.review.scoreaggregator.AggregatedSubmissionTest" time="0.0"></testcase>
  <testcase name="testRankedSubmission_Accuracy" classname="com.topcoder.management.review.scoreaggregator.RankedSubmissionTest" time="0.0"></testcase>
  <testcase name="testRankedSubmission_NullSub" classname="com.topcoder.management.review.scoreaggregator.RankedSubmissionTest" time="0.0"></testcase>
  <testcase name="testRankedSubmission_NegativeRank" classname="com.topcoder.management.review.scoreaggregator.RankedSubmissionTest" time="0.0"></testcase>
  <testcase name="testRankedSubmission_ZeroRank" classname="com.topcoder.management.review.scoreaggregator.RankedSubmissionTest" time="0.0"></testcase>
  <testcase name="testGetRank_Accuracy" classname="com.topcoder.management.review.scoreaggregator.RankedSubmissionTest" time="0.0"></testcase>
  <testcase name="testReviewScoreAggregatorScoreAggregationAlgorithmDetectorBreakerPlaceAssignmentAlgorithm_Accuracy" classname="com.topcoder.management.review.scoreaggregator.ReviewScoreAggregatorTest" time="0.016"></testcase>
  <testcase name="testReviewScoreAggregatorScoreAggregationAlgorithmDetectorBreakerPlaceAssignmentAlgorithm_NullArg_1" classname="com.topcoder.management.review.scoreaggregator.ReviewScoreAggregatorTest" time="0.0"></testcase>
  <testcase name="testReviewScoreAggregatorScoreAggregationAlgorithmDetectorBreakerPlaceAssignmentAlgorithm_NullArg_2" classname="com.topcoder.management.review.scoreaggregator.ReviewScoreAggregatorTest" time="0.0"></testcase>
  <testcase name="testReviewScoreAggregatorScoreAggregationAlgorithmDetectorBreakerPlaceAssignmentAlgorithm_NullArg_3" classname="com.topcoder.management.review.scoreaggregator.ReviewScoreAggregatorTest" time="0.015"></testcase>
  <testcase name="testReviewScoreAggregatorScoreAggregationAlgorithmDetectorBreakerPlaceAssignmentAlgorithm_NullArg_4" classname="com.topcoder.management.review.scoreaggregator.ReviewScoreAggregatorTest" time="0.0"></testcase>
  <testcase name="testReviewScoreAggregatorString_NullArg" classname="com.topcoder.management.review.scoreaggregator.ReviewScoreAggregatorTest" time="0.0"></testcase>
  <testcase name="testReviewScoreAggregatorString_EmptyStringArg_1" classname="com.topcoder.management.review.scoreaggregator.ReviewScoreAggregatorTest" time="0.016"></testcase>
  <testcase name="testReviewScoreAggregatorString_EmptyStringArg_2" classname="com.topcoder.management.review.scoreaggregator.ReviewScoreAggregatorTest" time="0.0"></testcase>
  <testcase name="testReviewScoreAggregatorString_EmptyStringArg_3" classname="com.topcoder.management.review.scoreaggregator.ReviewScoreAggregatorTest" time="0.0"></testcase>
  <testcase name="testReviewScoreAggregatorString_StringNotExist" classname="com.topcoder.management.review.scoreaggregator.ReviewScoreAggregatorTest" time="0.0"></testcase>
  <testcase name="testReviewScoreAggregatorString_InvalidCfg_1" classname="com.topcoder.management.review.scoreaggregator.ReviewScoreAggregatorTest" time="0.015"></testcase>
  <testcase name="testReviewScoreAggregatorString_InvalidCfg_2" classname="com.topcoder.management.review.scoreaggregator.ReviewScoreAggregatorTest" time="0.0"></testcase>
  <testcase name="testReviewScoreAggregatorString_InvalidCfg_3" classname="com.topcoder.management.review.scoreaggregator.ReviewScoreAggregatorTest" time="0.016"></testcase>
  <testcase name="testReviewScoreAggregatorString_InvalidCfg_4" classname="com.topcoder.management.review.scoreaggregator.ReviewScoreAggregatorTest" time="0.016"></testcase>
  <testcase name="testReviewScoreAggregatorString_EmptyStringArg_4" classname="com.topcoder.management.review.scoreaggregator.ReviewScoreAggregatorTest" time="0.0"></testcase>
  <testcase name="testReviewScoreAggregatorString_Accuracy" classname="com.topcoder.management.review.scoreaggregator.ReviewScoreAggregatorTest" time="0.0"></testcase>
  <testcase name="testReviewScoreAggregator_Accuracy" classname="com.topcoder.management.review.scoreaggregator.ReviewScoreAggregatorTest" time="0.015"></testcase>
  <testcase name="testAggregateScoresFloatArrayArray_Accuracy" classname="com.topcoder.management.review.scoreaggregator.ReviewScoreAggregatorTest" time="0.0"></testcase>
  <testcase name="testAggregateScoresFloatArrayArray_EmptyArray" classname="com.topcoder.management.review.scoreaggregator.ReviewScoreAggregatorTest" time="0.0"></testcase>
  <testcase name="testAggregateScoresFloatArrayArray_NullSubmissions" classname="com.topcoder.management.review.scoreaggregator.ReviewScoreAggregatorTest" time="0.0"></testcase>
  <testcase name="testAggregateScoresFloatArrayArray_SubmissionsWithNullElement" classname="com.topcoder.management.review.scoreaggregator.ReviewScoreAggregatorTest" time="0.016"></testcase>
  <testcase name="testAggregateScoresFloatArrayArray_SubmissionsWithNegativeElement" classname="com.topcoder.management.review.scoreaggregator.ReviewScoreAggregatorTest" time="0.0"></testcase>
  <testcase name="testAggregateScoresFloatArrayArray_SubmissionsWithInvalidElement_1" classname="com.topcoder.management.review.scoreaggregator.ReviewScoreAggregatorTest" time="0.0"></testcase>
  <testcase name="testAggregateScoresFloatArrayArray_SubmissionsWithInvalidElement_2" classname="com.topcoder.management.review.scoreaggregator.ReviewScoreAggregatorTest" time="0.0"></testcase>
  <testcase name="testAggregateScoresFloatArrayArray_SubmissionsWithInvalidElement_3" classname="com.topcoder.management.review.scoreaggregator.ReviewScoreAggregatorTest" time="0.016"></testcase>
  <testcase name="testAggregateScoresFloatArrayArray_InconsistentSubmissions" classname="com.topcoder.management.review.scoreaggregator.ReviewScoreAggregatorTest" time="0.0"></testcase>
  <testcase name="testAggregateScoresSubmissionArray_Accuracy" classname="com.topcoder.management.review.scoreaggregator.ReviewScoreAggregatorTest" time="0.0"></testcase>
  <testcase name="testAggregateScoresSubmissionArray_EmptyArray" classname="com.topcoder.management.review.scoreaggregator.ReviewScoreAggregatorTest" time="0.0"></testcase>
  <testcase name="testAggregateScoresSubmissionArray_NullArg" classname="com.topcoder.management.review.scoreaggregator.ReviewScoreAggregatorTest" time="0.015"></testcase>
  <testcase name="testAggregateScoresSubmissionArray_SubmissionsWithNullElement" classname="com.topcoder.management.review.scoreaggregator.ReviewScoreAggregatorTest" time="0.0"></testcase>
  <testcase name="testAggregateScoresSubmissionArray_InconsistentSubmissions" classname="com.topcoder.management.review.scoreaggregator.ReviewScoreAggregatorTest" time="0.0"></testcase>
  <testcase name="testCalcPlacementsFloatArrayArray_Accuracy_1" classname="com.topcoder.management.review.scoreaggregator.ReviewScoreAggregatorTest" time="0.016"></testcase>
  <testcase name="testCalcPlacementsFloatArrayArray_Accuracy_2" classname="com.topcoder.management.review.scoreaggregator.ReviewScoreAggregatorTest" time="0.0"></testcase>
  <testcase name="testCalcPlacementsFloatArrayArray_EmptyArray" classname="com.topcoder.management.review.scoreaggregator.ReviewScoreAggregatorTest" time="0.0"></testcase>
  <testcase name="testCalcPlacementsFloatArrayArray_NullArg" classname="com.topcoder.management.review.scoreaggregator.ReviewScoreAggregatorTest" time="0.0"></testcase>
  <testcase name="testCalcPlacementsFloatArrayArray_ArrayWithNullElement" classname="com.topcoder.management.review.scoreaggregator.ReviewScoreAggregatorTest" time="0.015"></testcase>
  <testcase name="testCalcPlacementsFloatArrayArray_ArrayWithInvalidElement_1" classname="com.topcoder.management.review.scoreaggregator.ReviewScoreAggregatorTest" time="0.0"></testcase>
  <testcase name="testCalcPlacementsFloatArrayArray_ArrayWithInvalidElement_2" classname="com.topcoder.management.review.scoreaggregator.ReviewScoreAggregatorTest" time="0.0"></testcase>
  <testcase name="testCalcPlacementsFloatArrayArray_ArrayWithInvalidElement_3" classname="com.topcoder.management.review.scoreaggregator.ReviewScoreAggregatorTest" time="0.0"></testcase>
  <testcase name="testCalcPlacementsFloatArrayArray_InconsistentArray" classname="com.topcoder.management.review.scoreaggregator.ReviewScoreAggregatorTest" time="0.016"></testcase>
  <testcase name="testCalcPlacementsAggregatedSubmissionArray_Accuracy_1" classname="com.topcoder.management.review.scoreaggregator.ReviewScoreAggregatorTest" time="0.0"></testcase>
  <testcase name="testCalcPlacementsAggregatedSubmissionArray_Accuracy_2" classname="com.topcoder.management.review.scoreaggregator.ReviewScoreAggregatorTest" time="0.0"></testcase>
  <testcase name="testCalcPlacementsAggregatedSubmissionArray_EmptyArray" classname="com.topcoder.management.review.scoreaggregator.ReviewScoreAggregatorTest" time="0.0"></testcase>
  <testcase name="testCalcPlacementsAggregatedSubmissionArray_NullArg" classname="com.topcoder.management.review.scoreaggregator.ReviewScoreAggregatorTest" time="0.016"></testcase>
  <testcase name="testCalcPlacementsAggregatedSubmissionArray_ArrayWithNullElement" classname="com.topcoder.management.review.scoreaggregator.ReviewScoreAggregatorTest" time="0.0"></testcase>
  <testcase name="testCalcPlacementsAggregatedSubmissionArray_InconsistentArray" classname="com.topcoder.management.review.scoreaggregator.ReviewScoreAggregatorTest" time="0.0"></testcase>
  <testcase name="testGetScoreAggregationAlgorithm_Accuracy" classname="com.topcoder.management.review.scoreaggregator.ReviewScoreAggregatorTest" time="0.015"></testcase>
  <testcase name="testSetScoreAggregationAlgorithm_Accuracy" classname="com.topcoder.management.review.scoreaggregator.ReviewScoreAggregatorTest" time="0.0"></testcase>
  <testcase name="testSetScoreAggregationAlgorithm_NullArg" classname="com.topcoder.management.review.scoreaggregator.ReviewScoreAggregatorTest" time="0.0"></testcase>
  <testcase name="testGetPlaceAssignmentAlgorithm_Accuracy" classname="com.topcoder.management.review.scoreaggregator.ReviewScoreAggregatorTest" time="0.0"></testcase>
  <testcase name="testSetPlaceAssignmentAlgorighm_Accuracy" classname="com.topcoder.management.review.scoreaggregator.ReviewScoreAggregatorTest" time="0.0"></testcase>
  <testcase name="testSetPlaceAssignmentAlgorighm_NullArg" classname="com.topcoder.management.review.scoreaggregator.ReviewScoreAggregatorTest" time="0.016"></testcase>
  <testcase name="testGetTieBreaker_Accuracy" classname="com.topcoder.management.review.scoreaggregator.ReviewScoreAggregatorTest" time="0.0"></testcase>
  <testcase name="testSetTieBreaker_Accuracy" classname="com.topcoder.management.review.scoreaggregator.ReviewScoreAggregatorTest" time="0.0"></testcase>
  <testcase name="testSetTieBreaker_NullArg" classname="com.topcoder.management.review.scoreaggregator.ReviewScoreAggregatorTest" time="0.0"></testcase>
  <testcase name="testGetTieDetector_Accuracy" classname="com.topcoder.management.review.scoreaggregator.ReviewScoreAggregatorTest" time="0.0"></testcase>
  <testcase name="testSetTieDetector_Accuracy" classname="com.topcoder.management.review.scoreaggregator.ReviewScoreAggregatorTest" time="0.016"></testcase>
  <testcase name="testSetTieDetector_NullArg" classname="com.topcoder.management.review.scoreaggregator.ReviewScoreAggregatorTest" time="0.0"></testcase>
  <testcase name="testReviewScoreAggregatorExceptionString_Accuracy" classname="com.topcoder.management.review.scoreaggregator.ReviewScoreAggregatorExceptionTest" time="0.0"></testcase>
  <testcase name="testReviewScoreAggregatorExceptionStringThrowable_Accuracy" classname="com.topcoder.management.review.scoreaggregator.ReviewScoreAggregatorExceptionTest" time="0.0"></testcase>
  <testcase name="testReviewScoreAggregatorConfigExceptionString_Accuracy" classname="com.topcoder.management.review.scoreaggregator.ReviewScoreAggregatorConfigExceptionTest" time="0.0"></testcase>
  <testcase name="testReviewScoreAggregatorConfigExceptionStringThrowable_Accuracy" classname="com.topcoder.management.review.scoreaggregator.ReviewScoreAggregatorConfigExceptionTest" time="0.0"></testcase>
  <testcase name="testInconsistentDataException_Accuracy" classname="com.topcoder.management.review.scoreaggregator.InconsistentDataExceptionTest" time="0.0"></testcase>
  <testcase name="testScoreAggregationAlgorithmDemo" classname="com.topcoder.management.review.scoreaggregator.DemoTest" time="0.0"></testcase>
  <testcase name="testPlaceAssignmentAlgorithmDemo" classname="com.topcoder.management.review.scoreaggregator.DemoTest" time="0.0"></testcase>
  <testcase name="testTieBreakerDemo" classname="com.topcoder.management.review.scoreaggregator.DemoTest" time="0.015"></testcase>
  <testcase name="testTieDetectorDemo" classname="com.topcoder.management.review.scoreaggregator.DemoTest" time="0.0"></testcase>
  <testcase name="testSubmissionDemo" classname="com.topcoder.management.review.scoreaggregator.DemoTest" time="0.0"></testcase>
  <testcase name="testAggregatedSubmissionDemo" classname="com.topcoder.management.review.scoreaggregator.DemoTest" time="0.016"></testcase>
  <testcase name="testRankedSubmissionDemo" classname="com.topcoder.management.review.scoreaggregator.DemoTest" time="0.0"></testcase>
  <testcase name="testReviewScoreAggregatorDemo" classname="com.topcoder.management.review.scoreaggregator.DemoTest" time="0.0"></testcase>
  <testcase name="testAveragingAggregationAlgorithm_Accuracy" classname="com.topcoder.management.review.scoreaggregator.impl.AveragingAggregationAlgorithmTest" time="0.0"></testcase>
  <testcase name="testCalculateAggregateScore_Accuracy_1" classname="com.topcoder.management.review.scoreaggregator.impl.AveragingAggregationAlgorithmTest" time="0.0"></testcase>
  <testcase name="testCalculateAggregateScore_Accuracy_2" classname="com.topcoder.management.review.scoreaggregator.impl.AveragingAggregationAlgorithmTest" time="0.0"></testcase>
  <testcase name="testCalculateAggregateScore_NullScores" classname="com.topcoder.management.review.scoreaggregator.impl.AveragingAggregationAlgorithmTest" time="0.0"></testcase>
  <testcase name="testCalculateAggregateScore_ScoresWithNegativeElement" classname="com.topcoder.management.review.scoreaggregator.impl.AveragingAggregationAlgorithmTest" time="0.0"></testcase>
  <testcase name="testCalculateAggregateScore_ScoresWithInvalidElement_1" classname="com.topcoder.management.review.scoreaggregator.impl.AveragingAggregationAlgorithmTest" time="0.0"></testcase>
  <testcase name="testCalculateAggregateScore_ScoresWithInvalidElement_2" classname="com.topcoder.management.review.scoreaggregator.impl.AveragingAggregationAlgorithmTest" time="0.0"></testcase>
  <testcase name="testCalculateAggregateScore_ScoresWithInvalidElement_3" classname="com.topcoder.management.review.scoreaggregator.impl.AveragingAggregationAlgorithmTest" time="0.0"></testcase>
  <testcase name="testStandardPlaceAssignment_Accuracy" classname="com.topcoder.management.review.scoreaggregator.impl.StandardPlaceAssignmentTest" time="0.0"></testcase>
  <testcase name="testAssignPlacements_Accuracy_1" classname="com.topcoder.management.review.scoreaggregator.impl.StandardPlaceAssignmentTest" time="0.0"></testcase>
  <testcase name="testAssignPlacements_Accuracy_2" classname="com.topcoder.management.review.scoreaggregator.impl.StandardPlaceAssignmentTest" time="0.0"></testcase>
  <testcase name="testAssignPlacements_Accuracy_3" classname="com.topcoder.management.review.scoreaggregator.impl.StandardPlaceAssignmentTest" time="0.0"></testcase>
  <testcase name="testAssignPlacements_Accuracy_4" classname="com.topcoder.management.review.scoreaggregator.impl.StandardPlaceAssignmentTest" time="0.0"></testcase>
  <testcase name="testAssignPlacements_Accuracy_5" classname="com.topcoder.management.review.scoreaggregator.impl.StandardPlaceAssignmentTest" time="0.0"></testcase>
  <testcase name="testAssignPlacements_Accuracy_6" classname="com.topcoder.management.review.scoreaggregator.impl.StandardPlaceAssignmentTest" time="0.0"></testcase>
  <testcase name="testAssignPlacements_Accuracy_7" classname="com.topcoder.management.review.scoreaggregator.impl.StandardPlaceAssignmentTest" time="0.0"></testcase>
  <testcase name="testAssignPlacements_NullArg" classname="com.topcoder.management.review.scoreaggregator.impl.StandardPlaceAssignmentTest" time="0.0"></testcase>
  <testcase name="testAssignPlacements_ArrayWithNegativeElement" classname="com.topcoder.management.review.scoreaggregator.impl.StandardPlaceAssignmentTest" time="0.0"></testcase>
  <testcase name="testAssignPlacements_ArrayWithZeroElement" classname="com.topcoder.management.review.scoreaggregator.impl.StandardPlaceAssignmentTest" time="0.0"></testcase>
  <testcase name="testAssignPlacements_InvalidArray_2" classname="com.topcoder.management.review.scoreaggregator.impl.StandardPlaceAssignmentTest" time="0.0"></testcase>
  <testcase name="testAssignPlacements_InvalidArray_3" classname="com.topcoder.management.review.scoreaggregator.impl.StandardPlaceAssignmentTest" time="0.0"></testcase>
  <testcase name="testAssignPlacements_EmptyArray" classname="com.topcoder.management.review.scoreaggregator.impl.StandardPlaceAssignmentTest" time="0.0"></testcase>
  <testcase name="testStandardTieBreaker_Accuracy" classname="com.topcoder.management.review.scoreaggregator.impl.StandardTieBreakerTest" time="0.0"></testcase>
  <testcase name="testBreakTies_Accuracy_1" classname="com.topcoder.management.review.scoreaggregator.impl.StandardTieBreakerTest" time="0.0"></testcase>
  <testcase name="testBreakTies_Accuracy_2" classname="com.topcoder.management.review.scoreaggregator.impl.StandardTieBreakerTest" time="0.0"></testcase>
  <testcase name="testBreakTies_Accuracy_3" classname="com.topcoder.management.review.scoreaggregator.impl.StandardTieBreakerTest" time="0.0"></testcase>
  <testcase name="testBreakTies_Accuracy_4" classname="com.topcoder.management.review.scoreaggregator.impl.StandardTieBreakerTest" time="0.0"></testcase>
  <testcase name="testBreakTies_Accuracy_5" classname="com.topcoder.management.review.scoreaggregator.impl.StandardTieBreakerTest" time="0.0"></testcase>
  <testcase name="testBreakTies_Accuracy_6" classname="com.topcoder.management.review.scoreaggregator.impl.StandardTieBreakerTest" time="0.0"></testcase>
  <testcase name="testBreakTies_Accuracy_7" classname="com.topcoder.management.review.scoreaggregator.impl.StandardTieBreakerTest" time="0.0"></testcase>
  <testcase name="testBreakTies_Accuracy_8" classname="com.topcoder.management.review.scoreaggregator.impl.StandardTieBreakerTest" time="0.0"></testcase>
  <testcase name="testBreakTies_NullArg" classname="com.topcoder.management.review.scoreaggregator.impl.StandardTieBreakerTest" time="0.0"></testcase>
  <testcase name="testBreakTies_ArrayWithNullElement" classname="com.topcoder.management.review.scoreaggregator.impl.StandardTieBreakerTest" time="0.0"></testcase>
  <testcase name="testBreakTies_InconsistentArray" classname="com.topcoder.management.review.scoreaggregator.impl.StandardTieBreakerTest" time="0.0"></testcase>
  <testcase name="testBreakTies_EmptyArray" classname="com.topcoder.management.review.scoreaggregator.impl.StandardTieBreakerTest" time="0.0"></testcase>
  <testcase name="testStandardTieDetectorFloat_Accuracy" classname="com.topcoder.management.review.scoreaggregator.impl.StandardTieDetectorTest" time="0.0"></testcase>
  <testcase name="testStandardTieDetectorFloat_NegativeEpsilon" classname="com.topcoder.management.review.scoreaggregator.impl.StandardTieDetectorTest" time="0.0"></testcase>
  <testcase name="testStandardTieDetectorFloat_InvalidEpsilon_1" classname="com.topcoder.management.review.scoreaggregator.impl.StandardTieDetectorTest" time="0.0"></testcase>
  <testcase name="testStandardTieDetectorFloat_InvalidEpsilon_2" classname="com.topcoder.management.review.scoreaggregator.impl.StandardTieDetectorTest" time="0.0"></testcase>
  <testcase name="testStandardTieDetector_Accuracy" classname="com.topcoder.management.review.scoreaggregator.impl.StandardTieDetectorTest" time="0.0"></testcase>
  <testcase name="testTied_Accuracy_1" classname="com.topcoder.management.review.scoreaggregator.impl.StandardTieDetectorTest" time="0.0"></testcase>
  <testcase name="testTied_Accuracy_2" classname="com.topcoder.management.review.scoreaggregator.impl.StandardTieDetectorTest" time="0.0"></testcase>
  <testcase name="testTied_Accuracy_3" classname="com.topcoder.management.review.scoreaggregator.impl.StandardTieDetectorTest" time="0.0"></testcase>
  <testcase name="testTied_Accuracy_4" classname="com.topcoder.management.review.scoreaggregator.impl.StandardTieDetectorTest" time="0.0"></testcase>
  <testcase name="testTied_Accuracy_5" classname="com.topcoder.management.review.scoreaggregator.impl.StandardTieDetectorTest" time="0.0"></testcase>
  <testcase name="testTied_InvalidArg_1" classname="com.topcoder.management.review.scoreaggregator.impl.StandardTieDetectorTest" time="0.0"></testcase>
  <testcase name="testTied_InvalidArg_2" classname="com.topcoder.management.review.scoreaggregator.impl.StandardTieDetectorTest" time="0.0"></testcase>
  <testcase name="testTied_InvalidArg_3" classname="com.topcoder.management.review.scoreaggregator.impl.StandardTieDetectorTest" time="0.0"></testcase>
  <testcase name="testTied_InvalidArg_4" classname="com.topcoder.management.review.scoreaggregator.impl.StandardTieDetectorTest" time="0.0"></testcase>
  <testcase name="testTied_InvalidArg_5" classname="com.topcoder.management.review.scoreaggregator.impl.StandardTieDetectorTest" time="0.0"></testcase>
  <testcase name="testTied_InvalidArg_6" classname="com.topcoder.management.review.scoreaggregator.impl.StandardTieDetectorTest" time="0.0"></testcase>
  <testcase name="testTied_InvalidArg_7" classname="com.topcoder.management.review.scoreaggregator.impl.StandardTieDetectorTest" time="0.0"></testcase>
  <testcase name="testTied_InvalidArg_8" classname="com.topcoder.management.review.scoreaggregator.impl.StandardTieDetectorTest" time="0.0"></testcase>
  <system-out><![CDATA[Test AveragingAggregationAlgorithm:calculateAggregateScore(float[]).
The size of input array is 1000.
It took 0 ms.

Test StandardPlaceAssignment:assignPlacements(int[]).
The size of input array is 1000.
It took 15 ms.
Test StandardTieBreaker:breakTies(AggregatedSubmission[]).
The size of input array is 1000, the review count is 200.
It took 266 ms.
Test ReviewScoreAggregator:aggregateScores(float[][]).
The size of input array is 1000x200.
It took 687 ms.
Test ReviewScoreAggregator:aggregateScores(Submission[]).
The size of input array is 1000, the review count is 200.
It took 391 ms.
Test ReviewScoreAggregator:calcPlacements(float[][]).
The size of input array is 1000x200.
It took 890 ms.
Test ReviewScoreAggregator:calcPlacements(AggregatedSubmission[]).
The size of input array is 1000, the review count is 200.
It took 203 ms.
96.06333
94.06333
92.38333
91.75
83.700005
79.98
67.666664
1
3
5
3
1
9
8
6
7
2
1
3
4
5
6
7
false
false
false
false
true
]]></system-out>
  <system-err><![CDATA[]]></system-err>
</testsuite>
