<?xml version="1.0" encoding="UTF-8" ?>
<testsuite name="com.topcoder.timetracker.company.AllTests" tests="660" failures="0" errors="0" time="1222.281">
  <properties>
    <property name="db_connection_factory.path" value="db_connection_factory/1.0"></property>
    <property name="uml_model_-_core_relationships.jar" value="D:/lib/tcs/uml_model_-_core_relationships/1.0/uml_model_-_core_relationships.jar"></property>
    <property name="javadoc.jar" value="javadocs.jar"></property>
    <property name="cactus.home.tomcat4x" value="D:/Software/Servers/AppServers/jakarta-tomcat-4.1.31"></property>
    <property name="authorization.version" value="2.1.1"></property>
    <property name="packagedir" value="com/topcoder/timetracker/company"></property>
    <property name="ant.library.dir" value="D:\Software\Java\apache-ant-1.6.5\lib"></property>
    <property name="search_builder.version" value="1.3.1"></property>
    <property name="configuration_manager.version" value="2.1.5"></property>
    <property name="user.dir" value="F:\Download\Time_Tracker_Company_3.2_dev_dist\Final2"></property>
    <property name="java.vm.version" value="1.4.2_09-b05"></property>
    <property name="servlet1.3.jar" value="D:/lib/servlet.jar"></property>
    <property name="math_expression_evaluator.path" value="math_expression_evaluator/1.0"></property>
    <property name="search_builder.jar" value="D:/lib/tcs/search_builder/1.3.1/search_builder.jar"></property>
    <property name="uml_model_-_state_machines.path" value="uml_model_-_state_machines/1.0"></property>
    <property name="uml_model_-_core_relationships.path" value="uml_model_-_core_relationships/1.0"></property>
    <property name="jar_ext_libdir" value="lib"></property>
    <property name="typesafe_enum.jar.name" value="typesafe_enum.jar"></property>
    <property name="jdbc.sqlserver.jar" value="D:/lib/jdbc/sqljdbc.jar"></property>
    <property name="data_validation.path" value="data_validation/1.0"></property>
    <property name="sun.os.patch.level" value="Service Pack 2"></property>
    <property name="distfilename" value="time_tracker_company"></property>
    <property name="java.vm.specification.name" value="Java Virtual Machine Specification"></property>
    <property name="uml_model_-_state_machines.jar.name" value="uml_model_-_state_machines.jar"></property>
    <property name="commons.httpclient.jar" value="D:/lib/apache/commons/commons-httpclient-3.0.1.jar"></property>
    <property name="diagram_interchange.version" value="1.0"></property>
    <property name="object_factory.path" value="object_factory/2.0.1"></property>
    <property name="ext_libdir" value="D:/lib"></property>
    <property name="JNDI_Utility.version" value="1.0"></property>
    <property name="search_builder.path" value="search_builder/1.3.1"></property>
    <property name="os.name" value="Windows XP"></property>
    <property name="build_distdir" value="build/dist"></property>
    <property name="jdbc.informix.jar" value="D:/lib/jdbc/ifxjdbc.jar"></property>
    <property name="authorization.path" value="authorization/2.1.1"></property>
    <property name="logging_wrapper.jar" value="D:/lib/tcs/logging_wrapper/1.2/logging_wrapper.jar"></property>
    <property name="component.jar" value="build/dist/lib/tcs/time_tracker_company/3.2/time_tracker_company.jar"></property>
    <property name="java.vendor.url.bug" value="http://java.sun.com/cgi-bin/bugreport.cgi"></property>
    <property name="uml_model_-_core.jar" value="D:/lib/tcs/uml_model_-_core/1.0/uml_model_-_core.jar"></property>
    <property name="srcdir" value="src"></property>
    <property name="os.arch" value="x86"></property>
    <property name="logging_wrapper.version" value="1.2"></property>
    <property name="user.name" value="Zhang Guiqiang"></property>
    <property name="docsdir" value="docs"></property>
    <property name="uml_model_-_core_relationships.jar.name" value="uml_model_-_core_relationships.jar"></property>
    <property name="commons.beanutils.jar" value="${lib.apache.common.dir}/commons-beanutils-1.7.0.jar"></property>
    <property name="configuration_manager.path" value="configuration_manager/2.1.5"></property>
    <property name="time_tracker_common.jar" value="D:/lib/tcs/time_tracker_common/3.1/time_tracker_common.jar"></property>
    <property name="string_pattern_match.version" value="1.0"></property>
    <property name="jar_tcs_libdir" value="lib/tcs"></property>
    <property name="uml_model_-_common_behavior.jar" value="D:/lib/tcs/uml_model_-_common_behavior/1.0/uml_model_-_common_behavior.jar"></property>
    <property name="xercesImpl.jar" value="D:/lib/xerces/2.7.1/xercesImpl.jar"></property>
    <property name="search_builder.jar.name" value="search_builder.jar"></property>
    <property name="id_generator.version" value="3.0"></property>
    <property name="JNDI_Utility.jar" value="D:/lib/tcs/JNDI_Utility/1.0/JNDI_Utility.jar"></property>
    <property name="user.country" value="CN"></property>
    <property name="javadocsdir" value="docs/javadocs"></property>
    <property name="time_tracker_contact.path" value="time_tracker_contact/3.2"></property>
    <property name="reports" value="reports"></property>
    <property name="cobertura.dir" value="D:/lib/cobertura-1.8"></property>
    <property name="time_tracker_common.path" value="time_tracker_common/3.1"></property>
    <property name="dist_conf" value="build/dist/time_tracker_company-3.2/conf"></property>
    <property name="uml_model_-_core_relationships.version" value="1.0"></property>
    <property name="tcs_libdir" value="D:/lib/tcs"></property>
    <property name="data_validation.jar" value="D:/lib/tcs/data_validation/1.0/data_validation.jar"></property>
    <property name="uml_model_-_core.jar.name" value="uml_model_-_core.jar"></property>
    <property name="dist_javadocs" value="build/dist/time_tracker_company-3.2/docs/javadocs"></property>
    <property name="build_docsdir" value="build/docs"></property>
    <property name="build_javadocsdir" value="build/docs/javadocs"></property>
    <property name="jdbc.oracle.jar" value="D:/lib/jdbc/ojdbc14.jar"></property>
    <property name="java.endorsed.dirs" value="D:\Software\Java\j2sdk1.4.2\jre\lib\endorsed"></property>
    <property name="string_pattern_match.path" value="string_pattern_match/1.0"></property>
    <property name="commons.io.jar" value="D:/lib/apache/commons/commons-io-1.0.jar"></property>
    <property name="generic_event_manager.path" value="generic_event_manager/1.0"></property>
    <property name="chat_user_profile.jar.name" value="chat_user_profile.jar"></property>
    <property name="jbossall-client.jar" value="D:/lib/jbossall-client.jar"></property>
    <property name="component.dist.jar" value="build/dist/time_tracker_company-3.2.jar"></property>
    <property name="ant.file.Time Tracker Company" value="F:\Download\Time_Tracker_Company_3.2_dev_dist\Final2\build.xml"></property>
    <property name="java.vm.specification.version" value="1.0"></property>
    <property name="commons.cli.jar" value="D:/lib/apache/commons/commons-cli-1.0.jar"></property>
    <property name="lib.apache.commons.dir" value="D:/lib/apache/commons"></property>
    <property name="logging_wrapper.path" value="logging_wrapper/1.2"></property>
    <property name="status_tracker.jar" value="D:/lib/tcs/status_tracker/1.0/status_tracker.jar"></property>
    <property name="java.vendor" value="Sun Microsystems Inc."></property>
    <property name="file.separator" value="\"></property>
    <property name="user.variant" value=""></property>
    <property name="mail.jar" value="D:/lib/mail.jar"></property>
    <property name="ant.home" value="D:\Software\Java\apache-ant-1.6.5"></property>
    <property name="builddir" value="build"></property>
    <property name="dev_dist.jar" value="Time_Tracker_Company_3.2_dev_dist.jar"></property>
    <property name="simple_cache.path" value="simple_cache/1.1"></property>
    <property name="jboss_home" value="D:/Software/Servers/AppServers/jboss-4.0.5.GA"></property>
    <property name="zoom_panel.path" value="zoom_panel/1.0"></property>
    <property name="javasrc" value="src/java"></property>
    <property name="ant.java.version" value="1.4"></property>
    <property name="java.library.path" value="D:\Software\Java\j2sdk1.4.2\jre\bin;.;C:\WINDOWS\system32;C:\WINDOWS;D:\Software\Servers\Databases\oraclexe\app\oracle\product\10.2.0\server\bin;C:\Program Files\PC Connectivity Solution\;D:\Software\Ruby\bin;D:\Software\Tools\mksscripts\src;D:\Software\Tools\MKS\IntegrityClient\bin;D:\Software\Perl\bin\;C:\Program Files\ThinkPad\Utilities;C:\WINDOWS\system32;C:\WINDOWS;C:\WINDOWS\System32\Wbem;C:\Program Files\Intel\Wireless\Bin\;C:\Program Files\ATI Technologies\ATI Control Panel;D:\Software\Java\j2sdk1.4.2\bin;D:\Software\Java\apache-ant-1.6.5\bin;C:\Program Files\Microsoft SQL Server\90\Tools\binn\;C:\Program Files\ThinkPad\ConnectUtilities;C:\tbs\bin;D:\Software\Tools\nant-0.85\bin;C:\WINDOWS\Microsoft.NET\Framework\v1.1.4322;D:\Software\Servers\Databases\MySQL5\bin;D:\Software\Tools\cygwin\bin;D:\Software\Tools\4NT302;D:\Software\groovy\bin;C:\Program Files\QuickTime\QTSystem\"></property>
    <property name="uml_model_-_core_extension_mechanisms.jar" value="D:/lib/tcs/uml_model_-_core_extension_mechanisms/1.0/uml_model_-_core_extension_mechanisms.jar"></property>
    <property name="activation.jar" value="D:/lib/activation.jar"></property>
    <property name="time_tracker_audit.version" value="3.2"></property>
    <property name="base_exception.jar.name" value="base_exception.jar"></property>
    <property name="db_connection_factory.jar.name" value="db_connection_factory.jar"></property>
    <property name="sun.arch.data.model" value="32"></property>
    <property name="basedir" value="F:\Download\Time_Tracker_Company_3.2_dev_dist\Final2"></property>
    <property name="webdir" value="web"></property>
    <property name="ant.file.Common properties and tasks" value="D:\TopCoder\config\commons.xml"></property>
    <property name="base_exception.version" value="1.0"></property>
    <property name="diagram_elements.path" value="diagram_elements/1.0"></property>
    <property name="path.separator" value=";"></property>
    <property name="uml_model_-_core_classifiers.path" value="uml_model_-_core_classifiers/1.0"></property>
    <property name="sun.io.unicode.encoding" value="UnicodeLittle"></property>
    <property name="generic_event_manager.jar" value="D:/lib/tcs/generic_event_manager/1.0/generic_event_manager.jar"></property>
    <property name="simple_cache.version" value="1.1"></property>
    <property name="user.language" value="zh"></property>
    <property name="junit.jar" value="D:/lib/junit.jar"></property>
    <property name="object_factory.jar" value="D:/lib/tcs/object_factory/2.0.1/object_factory.jar"></property>
    <property name="docpackage.jar" value="time_tracker_company_docs.jar"></property>
    <property name="chat_user_profile.version" value="2.0"></property>
    <property name="database_abstraction.jar.name" value="database_abstraction.jar"></property>
    <property name="uml_model_-_common_behavior.jar.name" value="uml_model_-_common_behavior.jar"></property>
    <property name="authentication_factory.version" value="2.0"></property>
    <property name="authorization.jar" value="D:/lib/tcs/authorization/2.1.1/authorization.jar"></property>
    <property name="chat_user_profile.jar" value="D:/lib/tcs/chat_user_profile/2.0/chat_user_profile.jar"></property>
    <property name="package" value="com.topcoder.timetracker.company"></property>
    <property name="java.class.version" value="48.0"></property>
    <property name="uml_model_-_core_extension_mechanisms.version" value="1.0"></property>
    <property name="xml-apis.jar" value="D:/lib/xerces/2.7.1/xml-apis.jar"></property>
    <property name="javamain" value="src/java/main"></property>
    <property name="database_abstraction.version" value="1.1"></property>
    <property name="file.encoding.pkg" value="sun.io"></property>
    <property name="sun.cpu.endian" value="little"></property>
    <property name="uml_model_-_activity_graphs.jar" value="D:/lib/tcs/uml_model_-_activity_graphs/1.0/uml_model_-_activity_graphs.jar"></property>
    <property name="time_tracker_contact.jar" value="D:/lib/tcs/time_tracker_contact/3.2/time_tracker_contact.jar"></property>
    <property name="generic_event_manager.version" value="1.0"></property>
    <property name="zoom_panel.jar.name" value="zoom_panel.jar"></property>
    <property name="java.home" value="D:\Software\Java\j2sdk1.4.2\jre"></property>
    <property name="build_classdir" value="build/classes"></property>
    <property name="diagram_interchange.jar" value="D:/lib/tcs/diagram_interchange/1.0/diagram_interchange.jar"></property>
    <property name="data_validation.version" value="1.0"></property>
    <property name="component_version" value="3.2"></property>
    <property name="build_testclassdir" value="build/testClasses"></property>
    <property name="junitejb.jar" value="D:/lib/junitejb.jar"></property>
    <property name="diagram_edges.path" value="diagram_edges/1.0"></property>
    <property name="uml_model_-_core_classifiers.jar" value="D:/lib/tcs/uml_model_-_core_classifiers/1.0/uml_model_-_core_classifiers.jar"></property>
    <property name="mockejb.jar" value="D:/lib/mockejb.jar"></property>
    <property name="commons.collections.jar" value="D:/lib/apache/commons/commons-collections-3.1.jar"></property>
    <property name="dist_src" value="build/dist/time_tracker_company-3.2/src"></property>
    <property name="log4j.jar" value="D:/lib/log4j-1.2.13.jar"></property>
    <property name="string_pattern_match.jar.name" value="string_pattern_match.jar"></property>
    <property name="build_tcsdistdir" value="build/dist/time_tracker_company-3.2"></property>
    <property name="db_connection_factory.version" value="1.0"></property>
    <property name="time_tracker_contact.jar.name" value="time_tracker_contact.jar"></property>
    <property name="math_expression_evaluator.jar" value="D:/lib/tcs/math_expression_evaluator/1.0/math_expression_evaluator.jar"></property>
    <property name="debug" value="off"></property>
    <property name="uml_model_-_data_types.path" value="uml_model_-_data_types/1.0"></property>
    <property name="diagram_interchange.jar.name" value="diagram_interchange.jar"></property>
    <property name="jdbc.mysql.jar" value="D:/lib/jdbc/mysql-connector-java-3.1.12-bin.jar"></property>
    <property name="object_factory.jar.name" value="object_factory.jar"></property>
    <property name="ant.file" value="F:\Download\Time_Tracker_Company_3.2_dev_dist\Final2\build.xml"></property>
    <property name="typesafe_enum.version" value="1.0"></property>
    <property name="commons.logging.jar" value="D:/lib/apache/commons/commons-logging-1.0.4.jar"></property>
    <property name="time_tracker_common.version" value="3.1"></property>
    <property name="uml_model_-_core_extension_mechanisms.path" value="uml_model_-_core_extension_mechanisms/1.0"></property>
    <property name="diagram_edges.version" value="1.0"></property>
    <property name="time_tracker_contact.version" value="3.2"></property>
    <property name="jdbc.postgres.jar" value="D:/lib/jdbc/postgresql-8.1-404.jdbc3.jar"></property>
    <property name="status_tracker.path" value="status_tracker/1.0"></property>
    <property name="java_1_3_bootclasspath" value="D:/TopCoder/JavaSoft/JRE/1.3.1_18/lib/rt.jar"></property>
    <property name="commons.codec.jar" value="D:/lib/apache/commons/commons-codec-1.3.jar"></property>
    <property name="java.vm.specification.vendor" value="Sun Microsystems Inc."></property>
    <property name="java.vm.name" value="Java HotSpot(TM) Client VM"></property>
    <property name="design_submission.jar" value="Time_Tracker_Company_3.2_design_submission.jar"></property>
    <property name="java.io.tmpdir" value="C:\DOCUME~1\ZHANGG~1\LOCALS~1\Temp\"></property>
    <property name="java.vendor.url" value="http://java.sun.com/"></property>
    <property name="status_tracker.version" value="1.0"></property>
    <property name="typesafe_enum.jar" value="D:/lib/tcs/typesafe_enum/1.0/typesafe_enum.jar"></property>
    <property name="uml_model_-_core_classifiers.version" value="1.0"></property>
    <property name="java.util.prefs.PreferencesFactory" value="java.util.prefs.WindowsPreferencesFactory"></property>
    <property name="component.tests.jar" value="build/dist/lib/tcs/time_tracker_company_tests.jar"></property>
    <property name="sun.boot.library.path" value="D:\Software\Java\j2sdk1.4.2\jre\bin"></property>
    <property name="configuration_manager.jar" value="D:/lib/tcs/configuration_manager/2.1.5/configuration_manager.jar"></property>
    <property name="dist_lib" value="build/dist/lib/tcs"></property>
    <property name="zoom_panel.version" value="1.0"></property>
    <property name="chat_user_profile.path" value="chat_user_profile/2.0"></property>
    <property name="diagram_interchange.path" value="diagram_interchange/1.0"></property>
    <property name="logging_wrapper.jar.name" value="logging_wrapper.jar"></property>
    <property name="xerces1.4.4.jar" value="D:/lib/xerces/1.4.4/xerces.jar"></property>
    <property name="id_generator.path" value="id_generator/3.0"></property>
    <property name="java.runtime.name" value="Java(TM) 2 Runtime Environment, Standard Edition"></property>
    <property name="ant.project.name" value="Time Tracker Company"></property>
    <property name="commons.digester.jar" value="D:/lib/apache/commons/commons-digester-1.8.jar"></property>
    <property name="testlogdir" value="log"></property>
    <property name="dist_testfiles" value="build/dist/time_tracker_company-3.2/test_files"></property>
    <property name="sun.cpu.isalist" value="pentium i486 i386"></property>
    <property name="lib.cactus.dir" value="D:/lib/cactus"></property>
    <property name="db_connection_factory.jar" value="D:/lib/tcs/db_connection_factory/1.0/db_connection_factory.jar"></property>
    <property name="zoom_panel.jar" value="D:/lib/tcs/zoom_panel/1.0/zoom_panel.jar"></property>
    <property name="user.home" value="C:\Documents and Settings\Zhang Guiqiang"></property>
    <property name="class_associations.path" value="class_associations/1.0"></property>
    <property name="java.specification.name" value="Java Platform API Specification"></property>
    <property name="database_abstraction.jar" value="D:/lib/tcs/database_abstraction/1.1/database_abstraction.jar"></property>
    <property name="configdir" value="conf"></property>
    <property name="uml_model_-_activity_graphs.jar.name" value="uml_model_-_activity_graphs.jar"></property>
    <property name="java.specification.vendor" value="Sun Microsystems Inc."></property>
    <property name="java.version" value="1.4.2_09"></property>
    <property name="build_targetclassdir" value="build/targetclasses"></property>
    <property name="diagram_elements.jar.name" value="diagram_elements.jar"></property>
    <property name="string_pattern_match.jar" value="D:/lib/tcs/string_pattern_match/1.0/string_pattern_match.jar"></property>
    <property name="dist_docpackage" value="build/doc_package"></property>
    <property name="base_exception.jar" value="D:/lib/tcs/base_exception/1.0/base_exception.jar"></property>
    <property name="mockrunner.jar" value="D:/lib/mock/mockrunner-0.3.7/lib/mockrunner.jar"></property>
    <property name="jdbc.jtds.jar" value="D:/lib/jdbc/jtds-1.2.jar"></property>
    <property name="email_engine.version" value="3.0"></property>
    <property name="simple_cache.jar.name" value="simple_cache.jar"></property>
    <property name="id_generator.jar.name" value="id_generator.jar"></property>
    <property name="configuration_manager.jar.name" value="configuration_manager.jar"></property>
    <property name="line.separator" value="
"></property>
    <property name="java.specification.version" value="1.4"></property>
    <property name="java.vm.info" value="mixed mode"></property>
    <property name="authorization.jar.name" value="authorization.jar"></property>
    <property name="build_lib" value="build/lib"></property>
    <property name="jdbc.hsqldb.jar" value="D:/lib/jdbc/hsqldb.jar"></property>
    <property name="uml_model_-_state_machines.version" value="1.0"></property>
    <property name="sun.boot.class.path" value="D:\Software\Java\j2sdk1.4.2\jre\lib\rt.jar;D:\Software\Java\j2sdk1.4.2\jre\lib\i18n.jar;D:\Software\Java\j2sdk1.4.2\jre\lib\sunrsasign.jar;D:\Software\Java\j2sdk1.4.2\jre\lib\jsse.jar;D:\Software\Java\j2sdk1.4.2\jre\lib\jce.jar;D:\Software\Java\j2sdk1.4.2\jre\lib\charsets.jar;D:\Software\Java\j2sdk1.4.2\jre\classes"></property>
    <property name="generic_event_manager.jar.name" value="generic_event_manager.jar"></property>
    <property name="verbose" value="no"></property>
    <property name="base_exception.path" value="base_exception/1.0"></property>
    <property name="dist_docs" value="build/dist/time_tracker_company-3.2/docs"></property>
    <property name="uml_model_-_data_types.version" value="1.0"></property>
    <property name="time_tracker_audit.jar" value="D:/lib/tcs/time_tracker_audit/3.2/time_tracker_audit.jar"></property>
    <property name="data_validation.jar.name" value="data_validation.jar"></property>
    <property name="javatests" value="src/java/tests"></property>
    <property name="authentication_factory.jar.name" value="authentication_factory.jar"></property>
    <property name="dev_submission.jar" value="Time_Tracker_Company_3.2_dev_submission.jar"></property>
    <property name="java.awt.printerjob" value="sun.awt.windows.WPrinterJob"></property>
    <property name="typesafe_enum.path" value="typesafe_enum/1.0"></property>
    <property name="simple_cache.jar" value="D:/lib/tcs/simple_cache/1.1/simple_cache.jar"></property>
    <property name="uml_model_-_activity_graphs.version" value="1.0"></property>
    <property name="diagram_elements.version" value="1.0"></property>
    <property name="uml_model_-_state_machines.jar" value="D:/lib/tcs/uml_model_-_state_machines/1.0/uml_model_-_state_machines.jar"></property>
    <property name="java.runtime.version" value="1.4.2_09-b05"></property>
    <property name="lib.jdbc.dir" value="D:/lib/jdbc"></property>
    <property name="uml_model_-_data_types.jar.name" value="uml_model_-_data_types.jar"></property>
    <property name="component.war" value="${dist_examples}/time_tracker_company.war"></property>
    <property name="class_associations.jar" value="D:/lib/tcs/class_associations/1.0/class_associations.jar"></property>
    <property name="user.timezone" value=""></property>
    <property name="class_associations.version" value="1.0"></property>
    <property name="component_path" value="time_tracker_company/3.2"></property>
    <property name="j2ee.jar" value="D:/lib/jboss-j2ee.jar"></property>
    <property name="uml_model_-_common_behavior.path" value="uml_model_-_common_behavior/1.0"></property>
    <property name="database_abstraction.path" value="database_abstraction/1.1"></property>
    <property name="authentication_factory.jar" value="D:/lib/tcs/authentication_factory/2.0/authentication_factory.jar"></property>
    <property name="java.ext.dirs" value="D:\Software\Java\j2sdk1.4.2\jre\lib\ext"></property>
    <property name="class_associations.jar.name" value="class_associations.jar"></property>
    <property name="jta.jar" value="D:/lib/jta.jar"></property>
    <property name="object_factory.version" value="2.0.1"></property>
    <property name="java.class.path" value="F:\Download\Time_Tracker_Company_3.2_dev_dist\Final2\build\testClasses;F:\Download\Time_Tracker_Company_3.2_dev_dist\Final2\build\classes;D:\lib\junit.jar;F:\Download\Time_Tracker_Company_3.2_dev_dist\Final2\conf;F:\Download\Time_Tracker_Company_3.2_dev_dist\Final2\test_files;D:\lib\tcs\base_exception\1.0\base_exception.jar;D:\lib\tcs\class_associations\1.0\class_associations.jar;D:\lib\tcs\configuration_manager\2.1.5\configuration_manager.jar;D:\lib\tcs\data_validation\1.0\data_validation.jar;D:\lib\tcs\database_abstraction\1.1\database_abstraction.jar;D:\lib\tcs\db_connection_factory\1.0\db_connection_factory.jar;D:\lib\tcs\id_generator\3.0\id_generator.jar;F:\Download\Time_Tracker_Company_3.2_dev_dist\Final2\test_files\dependency.jar;D:\lib\jdbc\informix\ifxjdbc.jar;D:\lib\jdbc\informix\ifxjdbcx.jar;D:\lib\jdbc\informix\ifxlang.jar;D:\lib\jdbc\informix\ifxlsupp.jar;D:\lib\jdbc\informix\ifxsqlj.jar;D:\lib\jdbc\informix\ifxtools.jar;D:\lib\tcs\JNDI_Utility\1.0\JNDI_Utility.jar;D:\lib\log4j-1.2.13.jar;D:\lib\mock\junitejb.jar;D:\lib\mock\mockejb\mockejb.jar;D:\lib\mock\jmock\jmock-1.1.0.jar;D:\lib\mock\mockrunner-0.3.7\lib\mockrunner-ejb.jar;D:\lib\apache\commons\commons-logging-1.0.4.jar;D:\lib\cglib-nodep-2.2_beta1.jar;D:\lib\jakarta-oro-2.0.8.jar;D:\lib\tcs\logging_wrapper\1.2\logging_wrapper.jar;D:\lib\tcs\object_factory\2.0.1\object_factory.jar;D:\lib\tcs\search_builder\1.3.1\search_builder.jar;D:\lib\tcs\typesafe_enum\1.0\typesafe_enum.jar;D:\lib\jbossall-client.jar;F:\Download\Time_Tracker_Company_3.2_dev_dist\Final2;C:\Program Files\QuickTime\QTSystem\QTJava.zip;D:\Software\Java\apache-ant-1.6.5\lib\junit.jar;D:\Software\Java\apache-ant-1.6.5\lib\ant-launcher.jar;D:\Software\Java\apache-ant-1.6.5\lib\ant.jar;D:\Software\Java\apache-ant-1.6.5\lib\ant-junit.jar"></property>
    <property name="uml_model_-_common_behavior.version" value="1.0"></property>
    <property name="status_tracker.jar.name" value="status_tracker.jar"></property>
    <property name="component" value="Time_Tracker_Company"></property>
    <property name="cactus.jar" value="D:/lib/cactus/cactus-1.7.2.jar"></property>
    <property name="os.version" value="5.1"></property>
    <property name="email_engine.jar" value="D:/lib/tcs/email_engine/3.0/email_engine.jar"></property>
    <property name="design_dist.jar" value="Time_Tracker_Company_3.2_design_dist.jar"></property>
    <property name="uml_model_-_core_classifiers.jar.name" value="uml_model_-_core_classifiers.jar"></property>
    <property name="time_tracker_audit.jar.name" value="time_tracker_audit.jar"></property>
    <property name="diagram_edges.jar.name" value="diagram_edges.jar"></property>
    <property name="uml_model_-_core.version" value="1.0"></property>
    <property name="cactus.port" value="9090"></property>
    <property name="math_expression_evaluator.jar.name" value="math_expression_evaluator.jar"></property>
    <property name="java.awt.graphicsenv" value="sun.awt.Win32GraphicsEnvironment"></property>
    <property name="java.vm.vendor" value="Sun Microsystems Inc."></property>
    <property name="uml_model_-_core_extension_mechanisms.jar.name" value="uml_model_-_core_extension_mechanisms.jar"></property>
    <property name="time_tracker_audit.path" value="time_tracker_audit/3.2"></property>
    <property name="math_expression_evaluator.version" value="1.0"></property>
    <property name="diagram_edges.jar" value="D:/lib/tcs/diagram_edges/1.0/diagram_edges.jar"></property>
    <property name="hibernate3.jar" value="D:/lib/hibernate3.jar"></property>
    <property name="uml_model_-_core.path" value="uml_model_-_core/1.0"></property>
    <property name="build_webdir" value="build/web"></property>
    <property name="uml_model_-_activity_graphs.path" value="uml_model_-_activity_graphs/1.0"></property>
    <property name="testfiles" value="test_files"></property>
    <property name="dom4j.jar" value="D:/lib/dom4j-1.6.1.jar"></property>
    <property name="sun.java2d.fontpath" value=""></property>
    <property name="cactus.home.tomcat5x" value="D:/Software/Servers/AppServers/jakarta-tomcat-5.0.28"></property>
    <property name="servlet1.4.jar" value="D:/lib/servlet-api.jar"></property>
    <property name="id_generator.jar" value="D:/lib/tcs/id_generator/3.0/id_generator.jar"></property>
    <property name="$log4j.jar" value="D:/lib/log4j-1.2.13.jar"></property>
    <property name="ant.version" value="Apache Ant version 1.6.5 compiled on June 2 2005"></property>
    <property name="JNDI_Utility.jar.name" value="JNDI_Utility.jar"></property>
    <property name="email_engine.path" value="email_engine/3.0"></property>
    <property name="time_tracker_common.jar.name" value="time_tracker_common.jar"></property>
    <property name="authentication_factory.path" value="authentication_factory/2.0"></property>
    <property name="file.encoding" value="GBK"></property>
    <property name="JNDI_Utility.path" value="JNDI_Utility/1.0"></property>
    <property name="diagram_elements.jar" value="D:/lib/tcs/diagram_elements/1.0/diagram_elements.jar"></property>
    <property name="awt.toolkit" value="sun.awt.windows.WToolkit"></property>
    <property name="jsp1.4.jar" value="D:/lib/jsp-api.jar"></property>
    <property name="email_engine.jar.name" value="email_engine.jar"></property>
    <property name="uml_model_-_data_types.jar" value="D:/lib/tcs/uml_model_-_data_types/1.0/uml_model_-_data_types.jar"></property>
  </properties>
  <testcase name="testBatchCompanyDAOException1" classname="com.topcoder.timetracker.company.BatchCompanyDAOExceptionUnitTest" time="0.0"></testcase>
  <testcase name="testBatchCompanyDAOException2" classname="com.topcoder.timetracker.company.BatchCompanyDAOExceptionUnitTest" time="0.0"></testcase>
  <testcase name="testBatchCompanyDAOExceptionInheritance1" classname="com.topcoder.timetracker.company.BatchCompanyDAOExceptionUnitTest" time="0.0"></testcase>
  <testcase name="testBatchCompanyDAOExceptionInheritance2" classname="com.topcoder.timetracker.company.BatchCompanyDAOExceptionUnitTest" time="0.0"></testcase>
  <testcase name="testGetProblemCompanies_ShallowCopyAccuracy" classname="com.topcoder.timetracker.company.BatchCompanyDAOExceptionUnitTest" time="0.0"></testcase>
  <testcase name="testCompany_Accuracy" classname="com.topcoder.timetracker.company.CompanyUnitTest" time="0.0"></testcase>
  <testcase name="testGetAddress_Default_Accuracy" classname="com.topcoder.timetracker.company.CompanyUnitTest" time="0.0"></testcase>
  <testcase name="testGetAddress_Accuracy" classname="com.topcoder.timetracker.company.CompanyUnitTest" time="0.015"></testcase>
  <testcase name="testSetAddress_NullAddress" classname="com.topcoder.timetracker.company.CompanyUnitTest" time="0.0"></testcase>
  <testcase name="testSetAddress_Changed_Accuracy" classname="com.topcoder.timetracker.company.CompanyUnitTest" time="0.0"></testcase>
  <testcase name="testSetAddress_NotChanged_Accuracy" classname="com.topcoder.timetracker.company.CompanyUnitTest" time="0.0"></testcase>
  <testcase name="testGetContact_Default_Accuracy" classname="com.topcoder.timetracker.company.CompanyUnitTest" time="0.0"></testcase>
  <testcase name="testGetContact_Accuracy" classname="com.topcoder.timetracker.company.CompanyUnitTest" time="0.0"></testcase>
  <testcase name="testSetContact_NullContact" classname="com.topcoder.timetracker.company.CompanyUnitTest" time="0.0"></testcase>
  <testcase name="testSetContact_Changed_Accuracy" classname="com.topcoder.timetracker.company.CompanyUnitTest" time="0.0"></testcase>
  <testcase name="testSetContact_NotChanged_Accuracy" classname="com.topcoder.timetracker.company.CompanyUnitTest" time="0.0"></testcase>
  <testcase name="testGetCompanyName_Default_Accuracy" classname="com.topcoder.timetracker.company.CompanyUnitTest" time="0.0"></testcase>
  <testcase name="testGetCompanyName_Accuracy" classname="com.topcoder.timetracker.company.CompanyUnitTest" time="0.0"></testcase>
  <testcase name="testSetCompanyName_NullCompanyName" classname="com.topcoder.timetracker.company.CompanyUnitTest" time="0.0"></testcase>
  <testcase name="testSetCompanyName_EmptyCompanyName" classname="com.topcoder.timetracker.company.CompanyUnitTest" time="0.0"></testcase>
  <testcase name="testSetCompanyName_Changed_Accuracy" classname="com.topcoder.timetracker.company.CompanyUnitTest" time="0.0"></testcase>
  <testcase name="testSetCompanyName_NotChanged_Accuracy" classname="com.topcoder.timetracker.company.CompanyUnitTest" time="0.0"></testcase>
  <testcase name="testGetPassCode_Default_Accuracy" classname="com.topcoder.timetracker.company.CompanyUnitTest" time="0.0"></testcase>
  <testcase name="testGetPassCode_Accuracy" classname="com.topcoder.timetracker.company.CompanyUnitTest" time="0.0"></testcase>
  <testcase name="testSetPassCode_NullPassCode" classname="com.topcoder.timetracker.company.CompanyUnitTest" time="0.0"></testcase>
  <testcase name="testSetPassCode_EmptyPassCode" classname="com.topcoder.timetracker.company.CompanyUnitTest" time="0.0"></testcase>
  <testcase name="testSetPassCode_Changed_Accuracy" classname="com.topcoder.timetracker.company.CompanyUnitTest" time="0.0"></testcase>
  <testcase name="testSetPassCode_NotChanged_Accuracy" classname="com.topcoder.timetracker.company.CompanyUnitTest" time="0.0"></testcase>
  <testcase name="testGetAlgorithmName_Default_Accuracy" classname="com.topcoder.timetracker.company.CompanyUnitTest" time="0.0"></testcase>
  <testcase name="testGetAlgorithmName_Accuracy" classname="com.topcoder.timetracker.company.CompanyUnitTest" time="0.0"></testcase>
  <testcase name="testSetAlgorithmName_NullAlgorithmName" classname="com.topcoder.timetracker.company.CompanyUnitTest" time="0.0"></testcase>
  <testcase name="testSetAlgorithmName_EmptyAlgorithmName" classname="com.topcoder.timetracker.company.CompanyUnitTest" time="0.0"></testcase>
  <testcase name="testSetAlgorithmName_Accuracy" classname="com.topcoder.timetracker.company.CompanyUnitTest" time="0.0"></testcase>
  <testcase name="testCompanyDAOException1" classname="com.topcoder.timetracker.company.CompanyDAOExceptionUnitTest" time="0.0"></testcase>
  <testcase name="testCompanyDAOException2" classname="com.topcoder.timetracker.company.CompanyDAOExceptionUnitTest" time="0.0"></testcase>
  <testcase name="testCompanyDAOExceptionInheritance1" classname="com.topcoder.timetracker.company.CompanyDAOExceptionUnitTest" time="0.0"></testcase>
  <testcase name="testCompanyDAOExceptionInheritance2" classname="com.topcoder.timetracker.company.CompanyDAOExceptionUnitTest" time="0.0"></testcase>
  <testcase name="testCompanyDAOSynchronizedWrapper_NullCompanyDAO" classname="com.topcoder.timetracker.company.CompanyDAOSynchronizedWrapperUnitTest" time="1.141"></testcase>
  <testcase name="testCompanyDAOSynchronizedWrapper_Accuracy" classname="com.topcoder.timetracker.company.CompanyDAOSynchronizedWrapperUnitTest" time="0.469"></testcase>
  <testcase name="testGetCompanyDAO_Accuracy" classname="com.topcoder.timetracker.company.CompanyDAOSynchronizedWrapperUnitTest" time="0.406"></testcase>
  <testcase name="testCreateCompany_NullCompany" classname="com.topcoder.timetracker.company.CompanyDAOSynchronizedWrapperUnitTest" time="0.297"></testcase>
  <testcase name="testCreateCompany_NullCompanyName" classname="com.topcoder.timetracker.company.CompanyDAOSynchronizedWrapperUnitTest" time="0.312"></testcase>
  <testcase name="testCreateCompany_NullPassCode" classname="com.topcoder.timetracker.company.CompanyDAOSynchronizedWrapperUnitTest" time="0.281"></testcase>
  <testcase name="testCreateCompany_NullContact" classname="com.topcoder.timetracker.company.CompanyDAOSynchronizedWrapperUnitTest" time="0.282"></testcase>
  <testcase name="testCreateCompany_NullAddress" classname="com.topcoder.timetracker.company.CompanyDAOSynchronizedWrapperUnitTest" time="0.343"></testcase>
  <testcase name="testCreateCompany_NullUser" classname="com.topcoder.timetracker.company.CompanyDAOSynchronizedWrapperUnitTest" time="0.282"></testcase>
  <testcase name="testCreateCompany_EmptyUser" classname="com.topcoder.timetracker.company.CompanyDAOSynchronizedWrapperUnitTest" time="0.25"></testcase>
  <testcase name="testCreateCompany_DuplicateCompany" classname="com.topcoder.timetracker.company.CompanyDAOSynchronizedWrapperUnitTest" time="1.062"></testcase>
  <testcase name="testCreateCompany_Accuracy1" classname="com.topcoder.timetracker.company.CompanyDAOSynchronizedWrapperUnitTest" time="0.797"></testcase>
  <testcase name="testCreateCompany_Accuracy2" classname="com.topcoder.timetracker.company.CompanyDAOSynchronizedWrapperUnitTest" time="0.828"></testcase>
  <testcase name="testCreateCompany_Accuracy3" classname="com.topcoder.timetracker.company.CompanyDAOSynchronizedWrapperUnitTest" time="0.531"></testcase>
  <testcase name="testRetrieveCompany_InvalidId" classname="com.topcoder.timetracker.company.CompanyDAOSynchronizedWrapperUnitTest" time="0.547"></testcase>
  <testcase name="testRetrieveCompany_InvalidContactsCount" classname="com.topcoder.timetracker.company.CompanyDAOSynchronizedWrapperUnitTest" time="1.0"></testcase>
  <testcase name="testRetrieveCompany_InvalidAddressesCount" classname="com.topcoder.timetracker.company.CompanyDAOSynchronizedWrapperUnitTest" time="0.844"></testcase>
  <testcase name="testRetrieveCompany_NotExistCompany" classname="com.topcoder.timetracker.company.CompanyDAOSynchronizedWrapperUnitTest" time="0.469"></testcase>
  <testcase name="testUpdateCompany_NullCompany" classname="com.topcoder.timetracker.company.CompanyDAOSynchronizedWrapperUnitTest" time="0.297"></testcase>
  <testcase name="testUpdateCompany_NullCompanyName" classname="com.topcoder.timetracker.company.CompanyDAOSynchronizedWrapperUnitTest" time="0.328"></testcase>
  <testcase name="testUpdateCompany_NullPassCode" classname="com.topcoder.timetracker.company.CompanyDAOSynchronizedWrapperUnitTest" time="0.265"></testcase>
  <testcase name="testUpdateCompany_NullContact" classname="com.topcoder.timetracker.company.CompanyDAOSynchronizedWrapperUnitTest" time="0.313"></testcase>
  <testcase name="testUpdateCompany_NullAddress" classname="com.topcoder.timetracker.company.CompanyDAOSynchronizedWrapperUnitTest" time="0.344"></testcase>
  <testcase name="testUpdateCompany_NullUser" classname="com.topcoder.timetracker.company.CompanyDAOSynchronizedWrapperUnitTest" time="0.343"></testcase>
  <testcase name="testUpdateCompany_EmptyUser" classname="com.topcoder.timetracker.company.CompanyDAOSynchronizedWrapperUnitTest" time="0.297"></testcase>
  <testcase name="testUpdateCompany_NotExistCompany" classname="com.topcoder.timetracker.company.CompanyDAOSynchronizedWrapperUnitTest" time="0.813"></testcase>
  <testcase name="testUpdateCompany_Accuracy1" classname="com.topcoder.timetracker.company.CompanyDAOSynchronizedWrapperUnitTest" time="1.125"></testcase>
  <testcase name="testUpdateCompany_Accuracy2" classname="com.topcoder.timetracker.company.CompanyDAOSynchronizedWrapperUnitTest" time="1.89"></testcase>
  <testcase name="testUpdateCompany_Accuracy3" classname="com.topcoder.timetracker.company.CompanyDAOSynchronizedWrapperUnitTest" time="1.282"></testcase>
  <testcase name="testUpdateCompany_Accuracy4" classname="com.topcoder.timetracker.company.CompanyDAOSynchronizedWrapperUnitTest" time="1.14"></testcase>
  <testcase name="testDeleteCompany_NullCompany" classname="com.topcoder.timetracker.company.CompanyDAOSynchronizedWrapperUnitTest" time="0.578"></testcase>
  <testcase name="testDeleteCompany_InvalidCompanyId" classname="com.topcoder.timetracker.company.CompanyDAOSynchronizedWrapperUnitTest" time="0.297"></testcase>
  <testcase name="testDeleteCompany_NotExistCompanyId" classname="com.topcoder.timetracker.company.CompanyDAOSynchronizedWrapperUnitTest" time="0.532"></testcase>
  <testcase name="testDeleteCompany_NullUser1" classname="com.topcoder.timetracker.company.CompanyDAOSynchronizedWrapperUnitTest" time="0.625"></testcase>
  <testcase name="testDeleteCompany_EmptyUser1" classname="com.topcoder.timetracker.company.CompanyDAOSynchronizedWrapperUnitTest" time="0.531"></testcase>
  <testcase name="testDeleteCompany_NullUser2" classname="com.topcoder.timetracker.company.CompanyDAOSynchronizedWrapperUnitTest" time="0.984"></testcase>
  <testcase name="testDeleteCompany_EmptyUser2" classname="com.topcoder.timetracker.company.CompanyDAOSynchronizedWrapperUnitTest" time="0.86"></testcase>
  <testcase name="testDeleteCompany_Accuracy1" classname="com.topcoder.timetracker.company.CompanyDAOSynchronizedWrapperUnitTest" time="1.296"></testcase>
  <testcase name="testDeleteCompany_Accuracy2" classname="com.topcoder.timetracker.company.CompanyDAOSynchronizedWrapperUnitTest" time="0.829"></testcase>
  <testcase name="testListCompanies_Accuracy" classname="com.topcoder.timetracker.company.CompanyDAOSynchronizedWrapperUnitTest" time="2.25"></testcase>
  <testcase name="testSearch_NullFilter" classname="com.topcoder.timetracker.company.CompanyDAOSynchronizedWrapperUnitTest" time="0.343"></testcase>
  <testcase name="testSearch_Accuracy" classname="com.topcoder.timetracker.company.CompanyDAOSynchronizedWrapperUnitTest" time="1.922"></testcase>
  <testcase name="testCreateCompanies_NullCompanies" classname="com.topcoder.timetracker.company.CompanyDAOSynchronizedWrapperUnitTest" time="0.266"></testcase>
  <testcase name="testCreateCompanies_NullCompany" classname="com.topcoder.timetracker.company.CompanyDAOSynchronizedWrapperUnitTest" time="0.281"></testcase>
  <testcase name="testCreateCompanies_NullCompanyName" classname="com.topcoder.timetracker.company.CompanyDAOSynchronizedWrapperUnitTest" time="0.297"></testcase>
  <testcase name="testCreateCompanies_NullPassCode" classname="com.topcoder.timetracker.company.CompanyDAOSynchronizedWrapperUnitTest" time="0.281"></testcase>
  <testcase name="testCreateCompanies_NullContact" classname="com.topcoder.timetracker.company.CompanyDAOSynchronizedWrapperUnitTest" time="0.313"></testcase>
  <testcase name="testCreateCompanies_NullAddress" classname="com.topcoder.timetracker.company.CompanyDAOSynchronizedWrapperUnitTest" time="0.297"></testcase>
  <testcase name="testCreateCompanies_NullUser" classname="com.topcoder.timetracker.company.CompanyDAOSynchronizedWrapperUnitTest" time="0.328"></testcase>
  <testcase name="testCreateCompanies_EmptyUser" classname="com.topcoder.timetracker.company.CompanyDAOSynchronizedWrapperUnitTest" time="0.359"></testcase>
  <testcase name="testCreateCompanies_Accuracy" classname="com.topcoder.timetracker.company.CompanyDAOSynchronizedWrapperUnitTest" time="0.859"></testcase>
  <testcase name="testRetrieveCompanies_NullIds" classname="com.topcoder.timetracker.company.CompanyDAOSynchronizedWrapperUnitTest" time="0.313"></testcase>
  <testcase name="testRetrieveCompanies_InvalidId" classname="com.topcoder.timetracker.company.CompanyDAOSynchronizedWrapperUnitTest" time="0.312"></testcase>
  <testcase name="testRetrieveCompanies_Accuracy" classname="com.topcoder.timetracker.company.CompanyDAOSynchronizedWrapperUnitTest" time="2.188"></testcase>
  <testcase name="testRetrieveCompanies_NotExistAccuracy" classname="com.topcoder.timetracker.company.CompanyDAOSynchronizedWrapperUnitTest" time="0.562"></testcase>
  <testcase name="testUpdateCompanies_NullCompanies" classname="com.topcoder.timetracker.company.CompanyDAOSynchronizedWrapperUnitTest" time="0.313"></testcase>
  <testcase name="testUpdateCompanies_NullCompany" classname="com.topcoder.timetracker.company.CompanyDAOSynchronizedWrapperUnitTest" time="0.328"></testcase>
  <testcase name="testUpdateCompanies_NullCompanyName" classname="com.topcoder.timetracker.company.CompanyDAOSynchronizedWrapperUnitTest" time="0.313"></testcase>
  <testcase name="testUpdateCompanies_NullPassCode" classname="com.topcoder.timetracker.company.CompanyDAOSynchronizedWrapperUnitTest" time="0.296"></testcase>
  <testcase name="testUpdateCompanies_NullContact" classname="com.topcoder.timetracker.company.CompanyDAOSynchronizedWrapperUnitTest" time="0.282"></testcase>
  <testcase name="testUpdateCompanies_NullAddress" classname="com.topcoder.timetracker.company.CompanyDAOSynchronizedWrapperUnitTest" time="0.297"></testcase>
  <testcase name="testUpdateCompanies_NullUser" classname="com.topcoder.timetracker.company.CompanyDAOSynchronizedWrapperUnitTest" time="0.281"></testcase>
  <testcase name="testUpdateCompanies_EmptyUser" classname="com.topcoder.timetracker.company.CompanyDAOSynchronizedWrapperUnitTest" time="0.297"></testcase>
  <testcase name="testUpdateCompanies_Accuracy" classname="com.topcoder.timetracker.company.CompanyDAOSynchronizedWrapperUnitTest" time="2.187"></testcase>
  <testcase name="testDeleteCompanies_NullCompanies" classname="com.topcoder.timetracker.company.CompanyDAOSynchronizedWrapperUnitTest" time="0.563"></testcase>
  <testcase name="testDeleteCompanies_NullCompany" classname="com.topcoder.timetracker.company.CompanyDAOSynchronizedWrapperUnitTest" time="0.297"></testcase>
  <testcase name="testDeleteCompanies_InvalidCompanyId" classname="com.topcoder.timetracker.company.CompanyDAOSynchronizedWrapperUnitTest" time="0.328"></testcase>
  <testcase name="testDeleteCompanies_DuplicateCompanyId" classname="com.topcoder.timetracker.company.CompanyDAOSynchronizedWrapperUnitTest" time="0.343"></testcase>
  <testcase name="testDeleteCompanies_NullUser1" classname="com.topcoder.timetracker.company.CompanyDAOSynchronizedWrapperUnitTest" time="0.547"></testcase>
  <testcase name="testDeleteCompanies_EmptyUser1" classname="com.topcoder.timetracker.company.CompanyDAOSynchronizedWrapperUnitTest" time="0.532"></testcase>
  <testcase name="testDeleteCompanies_NullUser2" classname="com.topcoder.timetracker.company.CompanyDAOSynchronizedWrapperUnitTest" time="0.828"></testcase>
  <testcase name="testDeleteCompanies_EmptyUser2" classname="com.topcoder.timetracker.company.CompanyDAOSynchronizedWrapperUnitTest" time="0.859"></testcase>
  <testcase name="testDeleteCompanies_Accuracy" classname="com.topcoder.timetracker.company.CompanyDAOSynchronizedWrapperUnitTest" time="1.063"></testcase>
  <testcase name="testCreateCompaniesNonAtomically_Accuracy" classname="com.topcoder.timetracker.company.CompanyDAOSynchronizedWrapperUnitTest" time="0.265"></testcase>
  <testcase name="testUpdateCompaniesNonAtomically_Accuracy" classname="com.topcoder.timetracker.company.CompanyDAOSynchronizedWrapperUnitTest" time="0.281"></testcase>
  <testcase name="testDeleteCompaniesNonAtomically_Accuracy" classname="com.topcoder.timetracker.company.CompanyDAOSynchronizedWrapperUnitTest" time="0.329"></testcase>
  <testcase name="testListCompanies_Accuracy" classname="com.topcoder.timetracker.company.CompanyDAOSynchronizedWrapperWrapperTest" time="0.0"></testcase>
  <testcase name="testSearch_Accuracy" classname="com.topcoder.timetracker.company.CompanyDAOSynchronizedWrapperWrapperTest" time="0.0"></testcase>
  <testcase name="testCreateCompanies_Accuracy" classname="com.topcoder.timetracker.company.CompanyDAOSynchronizedWrapperWrapperTest" time="0.0"></testcase>
  <testcase name="testRetrieveCompanies_Accuracy" classname="com.topcoder.timetracker.company.CompanyDAOSynchronizedWrapperWrapperTest" time="0.0"></testcase>
  <testcase name="testUpdateCompanies_Accuracy" classname="com.topcoder.timetracker.company.CompanyDAOSynchronizedWrapperWrapperTest" time="0.0"></testcase>
  <testcase name="testDeleteCompanies_Accuracy" classname="com.topcoder.timetracker.company.CompanyDAOSynchronizedWrapperWrapperTest" time="0.0"></testcase>
  <testcase name="testCreateCompaniesNonAtomically_Accuracy" classname="com.topcoder.timetracker.company.CompanyDAOSynchronizedWrapperWrapperTest" time="0.0"></testcase>
  <testcase name="testUpdateCompaniesNonAtomically_Accuracy" classname="com.topcoder.timetracker.company.CompanyDAOSynchronizedWrapperWrapperTest" time="0.0"></testcase>
  <testcase name="testDeleteCompaniesNonAtomically_Accuracy" classname="com.topcoder.timetracker.company.CompanyDAOSynchronizedWrapperWrapperTest" time="0.0"></testcase>
  <testcase name="testCreateCompany_Accuracy" classname="com.topcoder.timetracker.company.CompanyDAOSynchronizedWrapperWrapperTest" time="0.0"></testcase>
  <testcase name="testRetrieveCompany_Accuracy" classname="com.topcoder.timetracker.company.CompanyDAOSynchronizedWrapperWrapperTest" time="0.0"></testcase>
  <testcase name="testUpdateCompany_Accuracy" classname="com.topcoder.timetracker.company.CompanyDAOSynchronizedWrapperWrapperTest" time="0.0"></testcase>
  <testcase name="testDeleteCompany_Accuracy" classname="com.topcoder.timetracker.company.CompanyDAOSynchronizedWrapperWrapperTest" time="0.0"></testcase>
  <testcase name="testCompanyNotFoundException1" classname="com.topcoder.timetracker.company.CompanyNotFoundExceptionUnitTest" time="0.0"></testcase>
  <testcase name="testCompanyNotFoundException2" classname="com.topcoder.timetracker.company.CompanyNotFoundExceptionUnitTest" time="0.0"></testcase>
  <testcase name="testCompanyNotFoundExceptionInheritance1" classname="com.topcoder.timetracker.company.CompanyNotFoundExceptionUnitTest" time="0.0"></testcase>
  <testcase name="testCompanyNotFoundExceptionInheritance2" classname="com.topcoder.timetracker.company.CompanyNotFoundExceptionUnitTest" time="0.0"></testcase>
  <testcase name="testInvalidIdException1" classname="com.topcoder.timetracker.company.InvalidIdExceptionUnitTest" time="0.0"></testcase>
  <testcase name="testInvalidIdException2" classname="com.topcoder.timetracker.company.InvalidIdExceptionUnitTest" time="0.0"></testcase>
  <testcase name="testInvalidIdExceptionInheritance1" classname="com.topcoder.timetracker.company.InvalidIdExceptionUnitTest" time="0.0"></testcase>
  <testcase name="testInvalidIdExceptionInheritance2" classname="com.topcoder.timetracker.company.InvalidIdExceptionUnitTest" time="0.0"></testcase>
  <testcase name="testValidatePositive_NotPositive" classname="com.topcoder.timetracker.company.TimeTrackerCompanyHelperUnitTest" time="0.0"></testcase>
  <testcase name="testValidatePositive_Accuracy" classname="com.topcoder.timetracker.company.TimeTrackerCompanyHelperUnitTest" time="0.0"></testcase>
  <testcase name="testValidateNotNull_NullObject" classname="com.topcoder.timetracker.company.TimeTrackerCompanyHelperUnitTest" time="0.0"></testcase>
  <testcase name="testValidateNotNull_Accuracy" classname="com.topcoder.timetracker.company.TimeTrackerCompanyHelperUnitTest" time="0.0"></testcase>
  <testcase name="testValidateString_NullString" classname="com.topcoder.timetracker.company.TimeTrackerCompanyHelperUnitTest" time="0.0"></testcase>
  <testcase name="testValidateString_EmptyString" classname="com.topcoder.timetracker.company.TimeTrackerCompanyHelperUnitTest" time="0.0"></testcase>
  <testcase name="testValidateString_Accuracy" classname="com.topcoder.timetracker.company.TimeTrackerCompanyHelperUnitTest" time="0.0"></testcase>
  <testcase name="testGetExceptionStaceTrace_Accuracy" classname="com.topcoder.timetracker.company.TimeTrackerCompanyHelperUnitTest" time="0.0"></testcase>
  <testcase name="testCompanySearchBuilder_Accuracy" classname="com.topcoder.timetracker.company.CompanySearchBuilderUnitTest" time="1.578"></testcase>
  <testcase name="testHasCompanyName_NullName" classname="com.topcoder.timetracker.company.CompanySearchBuilderUnitTest" time="1.593"></testcase>
  <testcase name="testHasCompanyName_EmptyName" classname="com.topcoder.timetracker.company.CompanySearchBuilderUnitTest" time="1.594"></testcase>
  <testcase name="testHasCompanyName_Accuracy1" classname="com.topcoder.timetracker.company.CompanySearchBuilderUnitTest" time="2.313"></testcase>
  <testcase name="testHasCompanyName_Accuracy2" classname="com.topcoder.timetracker.company.CompanySearchBuilderUnitTest" time="1.984"></testcase>
  <testcase name="testHasCompanyName_Accuracy3" classname="com.topcoder.timetracker.company.CompanySearchBuilderUnitTest" time="1.906"></testcase>
  <testcase name="testHasContactFirstName_NullFirstName" classname="com.topcoder.timetracker.company.CompanySearchBuilderUnitTest" time="1.641"></testcase>
  <testcase name="testHasContactFirstName_EmptyFirstName" classname="com.topcoder.timetracker.company.CompanySearchBuilderUnitTest" time="1.641"></testcase>
  <testcase name="testHasContactFirstName_Accuracy1" classname="com.topcoder.timetracker.company.CompanySearchBuilderUnitTest" time="2.0"></testcase>
  <testcase name="testHasContactFirstName_Accuracy2" classname="com.topcoder.timetracker.company.CompanySearchBuilderUnitTest" time="1.843"></testcase>
  <testcase name="testHasContactLastName_NullLastName" classname="com.topcoder.timetracker.company.CompanySearchBuilderUnitTest" time="1.657"></testcase>
  <testcase name="testHasContactLastName_EmptyLastName" classname="com.topcoder.timetracker.company.CompanySearchBuilderUnitTest" time="1.593"></testcase>
  <testcase name="testHasContactLastName_Accuracy1" classname="com.topcoder.timetracker.company.CompanySearchBuilderUnitTest" time="1.86"></testcase>
  <testcase name="testHasContactLastName_Accuracy2" classname="com.topcoder.timetracker.company.CompanySearchBuilderUnitTest" time="1.953"></testcase>
  <testcase name="testHasContactPhoneNumber_NullPhoneNumber" classname="com.topcoder.timetracker.company.CompanySearchBuilderUnitTest" time="1.64"></testcase>
  <testcase name="testHasContactPhoneNumber_EmptyPhoneNumber" classname="com.topcoder.timetracker.company.CompanySearchBuilderUnitTest" time="2.25"></testcase>
  <testcase name="testHasContactPhoneNumber_Accuracy1" classname="com.topcoder.timetracker.company.CompanySearchBuilderUnitTest" time="2.141"></testcase>
  <testcase name="testHasContactPhoneNumber_Accuracy2" classname="com.topcoder.timetracker.company.CompanySearchBuilderUnitTest" time="1.953"></testcase>
  <testcase name="testHasContactEmail_NullEmail" classname="com.topcoder.timetracker.company.CompanySearchBuilderUnitTest" time="1.86"></testcase>
  <testcase name="testHasContactEmail_EmptyEmail" classname="com.topcoder.timetracker.company.CompanySearchBuilderUnitTest" time="1.562"></testcase>
  <testcase name="testHasContactEmail_Accuracy1" classname="com.topcoder.timetracker.company.CompanySearchBuilderUnitTest" time="1.859"></testcase>
  <testcase name="testHasContactEmail_Accuracy2" classname="com.topcoder.timetracker.company.CompanySearchBuilderUnitTest" time="1.938"></testcase>
  <testcase name="testHasStreetAddress_NullStreetAddress" classname="com.topcoder.timetracker.company.CompanySearchBuilderUnitTest" time="1.75"></testcase>
  <testcase name="testHasStreetAddress_EmptyStreetAddress" classname="com.topcoder.timetracker.company.CompanySearchBuilderUnitTest" time="1.984"></testcase>
  <testcase name="testHasStreetAddress_Accuracy1" classname="com.topcoder.timetracker.company.CompanySearchBuilderUnitTest" time="2.125"></testcase>
  <testcase name="testHasStreetAddress_Accuracy2" classname="com.topcoder.timetracker.company.CompanySearchBuilderUnitTest" time="1.969"></testcase>
  <testcase name="testHasCity_NullCity" classname="com.topcoder.timetracker.company.CompanySearchBuilderUnitTest" time="1.672"></testcase>
  <testcase name="testHasCity_EmptyCity" classname="com.topcoder.timetracker.company.CompanySearchBuilderUnitTest" time="1.797"></testcase>
  <testcase name="testHasCity_Accuracy1" classname="com.topcoder.timetracker.company.CompanySearchBuilderUnitTest" time="1.937"></testcase>
  <testcase name="testHasCity_Accuracy2" classname="com.topcoder.timetracker.company.CompanySearchBuilderUnitTest" time="1.844"></testcase>
  <testcase name="testHasState_NullState" classname="com.topcoder.timetracker.company.CompanySearchBuilderUnitTest" time="1.609"></testcase>
  <testcase name="testHasState_EmptyState" classname="com.topcoder.timetracker.company.CompanySearchBuilderUnitTest" time="1.594"></testcase>
  <testcase name="testHasState_Accuracy1" classname="com.topcoder.timetracker.company.CompanySearchBuilderUnitTest" time="1.875"></testcase>
  <testcase name="testHasState_Accuracy2" classname="com.topcoder.timetracker.company.CompanySearchBuilderUnitTest" time="1.938"></testcase>
  <testcase name="testHasZipCode_NullZipCode" classname="com.topcoder.timetracker.company.CompanySearchBuilderUnitTest" time="1.578"></testcase>
  <testcase name="testHasZipCode_EmptyZipCode" classname="com.topcoder.timetracker.company.CompanySearchBuilderUnitTest" time="1.672"></testcase>
  <testcase name="testHasZipCode_Accuracy1" classname="com.topcoder.timetracker.company.CompanySearchBuilderUnitTest" time="1.906"></testcase>
  <testcase name="testHasZipCode_Accuracy2" classname="com.topcoder.timetracker.company.CompanySearchBuilderUnitTest" time="1.969"></testcase>
  <testcase name="testCreatedWithinDateRange_NullStartDateNullEndDate" classname="com.topcoder.timetracker.company.CompanySearchBuilderUnitTest" time="1.703"></testcase>
  <testcase name="testCreatedWithinDateRange_NullStartDate1" classname="com.topcoder.timetracker.company.CompanySearchBuilderUnitTest" time="1.89"></testcase>
  <testcase name="testCreatedWithinDateRange_NullStartDate2" classname="com.topcoder.timetracker.company.CompanySearchBuilderUnitTest" time="1.829"></testcase>
  <testcase name="testCreatedWithinDateRange_NullEndDate1" classname="com.topcoder.timetracker.company.CompanySearchBuilderUnitTest" time="1.875"></testcase>
  <testcase name="testCreatedWithinDateRange_NullEndDate2" classname="com.topcoder.timetracker.company.CompanySearchBuilderUnitTest" time="1.812"></testcase>
  <testcase name="testCreatedWithinDateRange_Accuracy1" classname="com.topcoder.timetracker.company.CompanySearchBuilderUnitTest" time="2.234"></testcase>
  <testcase name="testCreatedWithinDateRange_Accuracy2" classname="com.topcoder.timetracker.company.CompanySearchBuilderUnitTest" time="1.954"></testcase>
  <testcase name="testCreatedWithinDateRange_StartAfterEnd" classname="com.topcoder.timetracker.company.CompanySearchBuilderUnitTest" time="1.703"></testcase>
  <testcase name="testCreatedByUser_NullName" classname="com.topcoder.timetracker.company.CompanySearchBuilderUnitTest" time="1.672"></testcase>
  <testcase name="testCreatedByUser_EmptyName" classname="com.topcoder.timetracker.company.CompanySearchBuilderUnitTest" time="1.625"></testcase>
  <testcase name="testCreatedByUser_Accuracy1" classname="com.topcoder.timetracker.company.CompanySearchBuilderUnitTest" time="1.984"></testcase>
  <testcase name="testCreatedByUser_Accuracy2" classname="com.topcoder.timetracker.company.CompanySearchBuilderUnitTest" time="1.984"></testcase>
  <testcase name="testModifiedWithinDateRange_NullStartDateNullEndDate" classname="com.topcoder.timetracker.company.CompanySearchBuilderUnitTest" time="1.61"></testcase>
  <testcase name="testModifiedWithinDateRange_NullStartDate1" classname="com.topcoder.timetracker.company.CompanySearchBuilderUnitTest" time="1.875"></testcase>
  <testcase name="testModifiedWithinDateRange_NullStartDate2" classname="com.topcoder.timetracker.company.CompanySearchBuilderUnitTest" time="1.828"></testcase>
  <testcase name="testModifiedWithinDateRange_NullEndDate1" classname="com.topcoder.timetracker.company.CompanySearchBuilderUnitTest" time="1.859"></testcase>
  <testcase name="testModifiedWithinDateRange_NullEndDate2" classname="com.topcoder.timetracker.company.CompanySearchBuilderUnitTest" time="1.922"></testcase>
  <testcase name="testModifiedWithinDateRange_Accuracy1" classname="com.topcoder.timetracker.company.CompanySearchBuilderUnitTest" time="1.922"></testcase>
  <testcase name="testModifiedWithinDateRange_Accuracy2" classname="com.topcoder.timetracker.company.CompanySearchBuilderUnitTest" time="1.891"></testcase>
  <testcase name="testModifiedWithinDateRange_StartAfterEnd" classname="com.topcoder.timetracker.company.CompanySearchBuilderUnitTest" time="1.671"></testcase>
  <testcase name="testModifiedByUser_NullName" classname="com.topcoder.timetracker.company.CompanySearchBuilderUnitTest" time="1.61"></testcase>
  <testcase name="testModifiedByUser_EmptyName" classname="com.topcoder.timetracker.company.CompanySearchBuilderUnitTest" time="1.625"></testcase>
  <testcase name="testModifiedByUser_Accuracy1" classname="com.topcoder.timetracker.company.CompanySearchBuilderUnitTest" time="1.937"></testcase>
  <testcase name="testModifiedByUser_Accuracy2" classname="com.topcoder.timetracker.company.CompanySearchBuilderUnitTest" time="1.938"></testcase>
  <testcase name="testBuildFilter_Accuracy" classname="com.topcoder.timetracker.company.CompanySearchBuilderUnitTest" time="1.703"></testcase>
  <testcase name="testBuildFilter_IllegalState" classname="com.topcoder.timetracker.company.CompanySearchBuilderUnitTest" time="2.016"></testcase>
  <testcase name="testReset_Accuracy" classname="com.topcoder.timetracker.company.CompanySearchBuilderUnitTest" time="1.671"></testcase>
  <testcase name="testCreateCompany_NullCompanyName" classname="com.topcoder.timetracker.company.ejb.CompanyBeanUnitTest" time="0.563"></testcase>
  <testcase name="testCreateCompany_NullPassCode" classname="com.topcoder.timetracker.company.ejb.CompanyBeanUnitTest" time="0.297"></testcase>
  <testcase name="testCreateCompany_NullContact" classname="com.topcoder.timetracker.company.ejb.CompanyBeanUnitTest" time="0.312"></testcase>
  <testcase name="testCreateCompany_NullAddress" classname="com.topcoder.timetracker.company.ejb.CompanyBeanUnitTest" time="0.313"></testcase>
  <testcase name="testCreateCompany_NullUser" classname="com.topcoder.timetracker.company.ejb.CompanyBeanUnitTest" time="0.312"></testcase>
  <testcase name="testCreateCompany_EmptyUser" classname="com.topcoder.timetracker.company.ejb.CompanyBeanUnitTest" time="0.282"></testcase>
  <testcase name="testCreateCompany_DuplicateCompany" classname="com.topcoder.timetracker.company.ejb.CompanyBeanUnitTest" time="0.859"></testcase>
  <testcase name="testCreateCompany_Accuracy1" classname="com.topcoder.timetracker.company.ejb.CompanyBeanUnitTest" time="0.844"></testcase>
  <testcase name="testCreateCompany_Accuracy2" classname="com.topcoder.timetracker.company.ejb.CompanyBeanUnitTest" time="1.031"></testcase>
  <testcase name="testRetrieveCompany_InvalidId" classname="com.topcoder.timetracker.company.ejb.CompanyBeanUnitTest" time="0.687"></testcase>
  <testcase name="testRetrieveCompany_NotExistCompany" classname="com.topcoder.timetracker.company.ejb.CompanyBeanUnitTest" time="0.672"></testcase>
  <testcase name="testUpdateCompany_NullCompany" classname="com.topcoder.timetracker.company.ejb.CompanyBeanUnitTest" time="0.344"></testcase>
  <testcase name="testUpdateCompany_NullCompanyName" classname="com.topcoder.timetracker.company.ejb.CompanyBeanUnitTest" time="0.328"></testcase>
  <testcase name="testUpdateCompany_NullPassCode" classname="com.topcoder.timetracker.company.ejb.CompanyBeanUnitTest" time="0.485"></testcase>
  <testcase name="testUpdateCompany_NullContact" classname="com.topcoder.timetracker.company.ejb.CompanyBeanUnitTest" time="0.312"></testcase>
  <testcase name="testUpdateCompany_NullAddress" classname="com.topcoder.timetracker.company.ejb.CompanyBeanUnitTest" time="0.609"></testcase>
  <testcase name="testUpdateCompany_NullUser" classname="com.topcoder.timetracker.company.ejb.CompanyBeanUnitTest" time="0.344"></testcase>
  <testcase name="testUpdateCompany_EmptyUser" classname="com.topcoder.timetracker.company.ejb.CompanyBeanUnitTest" time="0.313"></testcase>
  <testcase name="testUpdateCompany_NotExistCompany" classname="com.topcoder.timetracker.company.ejb.CompanyBeanUnitTest" time="0.672"></testcase>
  <testcase name="testUpdateCompany_Accuracy1" classname="com.topcoder.timetracker.company.ejb.CompanyBeanUnitTest" time="1.171"></testcase>
  <testcase name="testDeleteCompany_NullCompany" classname="com.topcoder.timetracker.company.ejb.CompanyBeanUnitTest" time="0.297"></testcase>
  <testcase name="testDeleteCompany_InvalidCompanyId" classname="com.topcoder.timetracker.company.ejb.CompanyBeanUnitTest" time="0.328"></testcase>
  <testcase name="testDeleteCompany_NotExistCompanyId" classname="com.topcoder.timetracker.company.ejb.CompanyBeanUnitTest" time="0.641"></testcase>
  <testcase name="testDeleteCompany_NullUser1" classname="com.topcoder.timetracker.company.ejb.CompanyBeanUnitTest" time="0.766"></testcase>
  <testcase name="testDeleteCompany_EmptyUser1" classname="com.topcoder.timetracker.company.ejb.CompanyBeanUnitTest" time="0.703"></testcase>
  <testcase name="testDeleteCompany_NullUser2" classname="com.topcoder.timetracker.company.ejb.CompanyBeanUnitTest" time="1.094"></testcase>
  <testcase name="testDeleteCompany_EmptyUser2" classname="com.topcoder.timetracker.company.ejb.CompanyBeanUnitTest" time="0.968"></testcase>
  <testcase name="testDeleteCompany_Accuracy1" classname="com.topcoder.timetracker.company.ejb.CompanyBeanUnitTest" time="1.203"></testcase>
  <testcase name="testListCompanies_Accuracy" classname="com.topcoder.timetracker.company.ejb.CompanyBeanUnitTest" time="2.266"></testcase>
  <testcase name="testSearch_NullFilter" classname="com.topcoder.timetracker.company.ejb.CompanyBeanUnitTest" time="0.313"></testcase>
  <testcase name="testSearch_Accuracy" classname="com.topcoder.timetracker.company.ejb.CompanyBeanUnitTest" time="1.953"></testcase>
  <testcase name="testCreateCompanies_NullCompanies" classname="com.topcoder.timetracker.company.ejb.CompanyBeanUnitTest" time="0.359"></testcase>
  <testcase name="testCreateCompanies_NullCompany" classname="com.topcoder.timetracker.company.ejb.CompanyBeanUnitTest" time="0.391"></testcase>
  <testcase name="testCreateCompanies_NullCompanyName" classname="com.topcoder.timetracker.company.ejb.CompanyBeanUnitTest" time="0.375"></testcase>
  <testcase name="testCreateCompanies_NullPassCode" classname="com.topcoder.timetracker.company.ejb.CompanyBeanUnitTest" time="0.297"></testcase>
  <testcase name="testCreateCompanies_NullContact" classname="com.topcoder.timetracker.company.ejb.CompanyBeanUnitTest" time="0.312"></testcase>
  <testcase name="testCreateCompanies_NullAddress" classname="com.topcoder.timetracker.company.ejb.CompanyBeanUnitTest" time="0.344"></testcase>
  <testcase name="testCreateCompanies_NullUser" classname="com.topcoder.timetracker.company.ejb.CompanyBeanUnitTest" time="0.328"></testcase>
  <testcase name="testCreateCompanies_EmptyUser" classname="com.topcoder.timetracker.company.ejb.CompanyBeanUnitTest" time="0.375"></testcase>
  <testcase name="testCreateCompanies_Accuracy" classname="com.topcoder.timetracker.company.ejb.CompanyBeanUnitTest" time="1.969"></testcase>
  <testcase name="testRetrieveCompanies_NullIds" classname="com.topcoder.timetracker.company.ejb.CompanyBeanUnitTest" time="0.578"></testcase>
  <testcase name="testRetrieveCompanies_InvalidId" classname="com.topcoder.timetracker.company.ejb.CompanyBeanUnitTest" time="0.562"></testcase>
  <testcase name="testRetrieveCompanies_Accuracy" classname="com.topcoder.timetracker.company.ejb.CompanyBeanUnitTest" time="2.078"></testcase>
  <testcase name="testRetrieveCompanies_NotExistAccuracy" classname="com.topcoder.timetracker.company.ejb.CompanyBeanUnitTest" time="0.75"></testcase>
  <testcase name="testUpdateCompanies_NullCompanies" classname="com.topcoder.timetracker.company.ejb.CompanyBeanUnitTest" time="0.547"></testcase>
  <testcase name="testUpdateCompanies_NullCompany" classname="com.topcoder.timetracker.company.ejb.CompanyBeanUnitTest" time="0.297"></testcase>
  <testcase name="testUpdateCompanies_NullCompanyName" classname="com.topcoder.timetracker.company.ejb.CompanyBeanUnitTest" time="0.328"></testcase>
  <testcase name="testUpdateCompanies_NullPassCode" classname="com.topcoder.timetracker.company.ejb.CompanyBeanUnitTest" time="0.297"></testcase>
  <testcase name="testUpdateCompanies_NullContact" classname="com.topcoder.timetracker.company.ejb.CompanyBeanUnitTest" time="0.406"></testcase>
  <testcase name="testUpdateCompanies_NullAddress" classname="com.topcoder.timetracker.company.ejb.CompanyBeanUnitTest" time="0.329"></testcase>
  <testcase name="testUpdateCompanies_NullUser" classname="com.topcoder.timetracker.company.ejb.CompanyBeanUnitTest" time="0.39"></testcase>
  <testcase name="testUpdateCompanies_EmptyUser" classname="com.topcoder.timetracker.company.ejb.CompanyBeanUnitTest" time="0.281"></testcase>
  <testcase name="testUpdateCompanies_Accuracy" classname="com.topcoder.timetracker.company.ejb.CompanyBeanUnitTest" time="2.719"></testcase>
  <testcase name="testDeleteCompanies_NullCompanies" classname="com.topcoder.timetracker.company.ejb.CompanyBeanUnitTest" time="0.281"></testcase>
  <testcase name="testDeleteCompanies_NullCompany" classname="com.topcoder.timetracker.company.ejb.CompanyBeanUnitTest" time="0.266"></testcase>
  <testcase name="testDeleteCompanies_InvalidCompanyId" classname="com.topcoder.timetracker.company.ejb.CompanyBeanUnitTest" time="0.313"></testcase>
  <testcase name="testDeleteCompanies_DuplicateCompanyId" classname="com.topcoder.timetracker.company.ejb.CompanyBeanUnitTest" time="0.421"></testcase>
  <testcase name="testDeleteCompanies_NullUser1" classname="com.topcoder.timetracker.company.ejb.CompanyBeanUnitTest" time="0.625"></testcase>
  <testcase name="testDeleteCompanies_EmptyUser1" classname="com.topcoder.timetracker.company.ejb.CompanyBeanUnitTest" time="0.579"></testcase>
  <testcase name="testDeleteCompanies_NullUser2" classname="com.topcoder.timetracker.company.ejb.CompanyBeanUnitTest" time="0.843"></testcase>
  <testcase name="testDeleteCompanies_EmptyUser2" classname="com.topcoder.timetracker.company.ejb.CompanyBeanUnitTest" time="1.032"></testcase>
  <testcase name="testDeleteCompanies_Accuracy" classname="com.topcoder.timetracker.company.ejb.CompanyBeanUnitTest" time="1.125"></testcase>
  <testcase name="testCreateCompaniesNonAtomically_Accuracy" classname="com.topcoder.timetracker.company.ejb.CompanyBeanUnitTest" time="2.281"></testcase>
  <testcase name="testUpdateCompaniesNonAtomically_Accuracy" classname="com.topcoder.timetracker.company.ejb.CompanyBeanUnitTest" time="3.422"></testcase>
  <testcase name="testDeleteCompaniesNonAtomically_Accuracy" classname="com.topcoder.timetracker.company.ejb.CompanyBeanUnitTest" time="1.125"></testcase>
  <testcase name="testAuditSessionBean_Accuracy" classname="com.topcoder.timetracker.company.ejb.CompanyBeanUnitTest" time="0.328"></testcase>
  <testcase name="testEjbCreate_Accuracy" classname="com.topcoder.timetracker.company.ejb.CompanyBeanUnitTest" time="0.312"></testcase>
  <testcase name="testEjbRemove_Accuracy" classname="com.topcoder.timetracker.company.ejb.CompanyBeanUnitTest" time="0.313"></testcase>
  <testcase name="testEjbActivate_Accuracy" classname="com.topcoder.timetracker.company.ejb.CompanyBeanUnitTest" time="0.328"></testcase>
  <testcase name="testEjbPassivate_Accuracy" classname="com.topcoder.timetracker.company.ejb.CompanyBeanUnitTest" time="0.281"></testcase>
  <testcase name="testSetSessionContext_Accuracy" classname="com.topcoder.timetracker.company.ejb.CompanyBeanUnitTest" time="0.281"></testcase>
  <testcase name="testCreateCompanies_DuplicateCompany" classname="com.topcoder.timetracker.company.ejb.CompanyBeanUnitTest" time="0.594"></testcase>
  <testcase name="testUpdateCompanies_CompanyNotExist" classname="com.topcoder.timetracker.company.ejb.CompanyBeanUnitTest" time="0.531"></testcase>
  <testcase name="testDeleteCompanies_CompanyNotExist" classname="com.topcoder.timetracker.company.ejb.CompanyBeanUnitTest" time="2.11"></testcase>
  <testcase name="testCreateCompaniesNonAtomically_NullCompanies" classname="com.topcoder.timetracker.company.ejb.CompanyBeanUnitTest" time="0.64"></testcase>
  <testcase name="testCreateCompaniesNonAtomically_NullCompany" classname="com.topcoder.timetracker.company.ejb.CompanyBeanUnitTest" time="0.391"></testcase>
  <testcase name="testCreateCompaniesNonAtomically_NullCompanyName" classname="com.topcoder.timetracker.company.ejb.CompanyBeanUnitTest" time="0.594"></testcase>
  <testcase name="testCreateCompaniesNonAtomically_NullPassCode" classname="com.topcoder.timetracker.company.ejb.CompanyBeanUnitTest" time="0.375"></testcase>
  <testcase name="testCreateCompaniesNonAtomically_NullContact" classname="com.topcoder.timetracker.company.ejb.CompanyBeanUnitTest" time="0.375"></testcase>
  <testcase name="testCreateCompaniesNonAtomically_NullAddress" classname="com.topcoder.timetracker.company.ejb.CompanyBeanUnitTest" time="0.312"></testcase>
  <testcase name="testCreateCompaniesNonAtomically_DuplicateCompanies" classname="com.topcoder.timetracker.company.ejb.CompanyBeanUnitTest" time="0.969"></testcase>
  <testcase name="testCreateCompaniesNonAtomically_NullUser" classname="com.topcoder.timetracker.company.ejb.CompanyBeanUnitTest" time="0.297"></testcase>
  <testcase name="testCreateCompaniesNonAtomically_EmptyUser" classname="com.topcoder.timetracker.company.ejb.CompanyBeanUnitTest" time="0.328"></testcase>
  <testcase name="testUpdateCompaniesNonAtomically_NullCompanies" classname="com.topcoder.timetracker.company.ejb.CompanyBeanUnitTest" time="0.313"></testcase>
  <testcase name="testUpdateCompaniesNonAtomically_NullCompany" classname="com.topcoder.timetracker.company.ejb.CompanyBeanUnitTest" time="0.312"></testcase>
  <testcase name="testUpdateCompaniesNonAtomically_NullCompanyName" classname="com.topcoder.timetracker.company.ejb.CompanyBeanUnitTest" time="0.391"></testcase>
  <testcase name="testUpdateCompaniesNonAtomically_NullPassCode" classname="com.topcoder.timetracker.company.ejb.CompanyBeanUnitTest" time="0.312"></testcase>
  <testcase name="testUpdateCompaniesNonAtomically_NullContact" classname="com.topcoder.timetracker.company.ejb.CompanyBeanUnitTest" time="0.36"></testcase>
  <testcase name="testUpdateCompaniesNonAtomically_NullAddress" classname="com.topcoder.timetracker.company.ejb.CompanyBeanUnitTest" time="0.375"></testcase>
  <testcase name="testUpdateCompaniesNonAtomically_NullUser" classname="com.topcoder.timetracker.company.ejb.CompanyBeanUnitTest" time="0.312"></testcase>
  <testcase name="testUpdateCompaniesNonAtomically_EmptyUser" classname="com.topcoder.timetracker.company.ejb.CompanyBeanUnitTest" time="0.281"></testcase>
  <testcase name="testUpdateCompaniesNonAtomically_CompanyNotExist" classname="com.topcoder.timetracker.company.ejb.CompanyBeanUnitTest" time="0.594"></testcase>
  <testcase name="testDeleteCompaniesNonAtomically_NullCompanies" classname="com.topcoder.timetracker.company.ejb.CompanyBeanUnitTest" time="0.297"></testcase>
  <testcase name="testDeleteCompaniesNonAtomically_NullCompany" classname="com.topcoder.timetracker.company.ejb.CompanyBeanUnitTest" time="0.594"></testcase>
  <testcase name="testDeleteCompaniesNonAtomically_InvalidCompanyId" classname="com.topcoder.timetracker.company.ejb.CompanyBeanUnitTest" time="0.297"></testcase>
  <testcase name="testDeleteCompaniesNonAtomically_DuplicateCompanyId" classname="com.topcoder.timetracker.company.ejb.CompanyBeanUnitTest" time="1.296"></testcase>
  <testcase name="testDeleteCompaniesNonAtomically_NullUser1" classname="com.topcoder.timetracker.company.ejb.CompanyBeanUnitTest" time="0.532"></testcase>
  <testcase name="testDeleteCompaniesNonAtomically_EmptyUser1" classname="com.topcoder.timetracker.company.ejb.CompanyBeanUnitTest" time="0.531"></testcase>
  <testcase name="testDeleteCompaniesNonAtomically_NullUser2" classname="com.topcoder.timetracker.company.ejb.CompanyBeanUnitTest" time="0.75"></testcase>
  <testcase name="testDeleteCompaniesNonAtomically_EmptyUser2" classname="com.topcoder.timetracker.company.ejb.CompanyBeanUnitTest" time="0.906"></testcase>
  <testcase name="testDeleteCompaniesNonAtomically_CompanyNotExist" classname="com.topcoder.timetracker.company.ejb.CompanyBeanUnitTest" time="0.578"></testcase>
  <testcase name="testInstantiationException1" classname="com.topcoder.timetracker.company.ejb.InstantiationExceptionUnitTest" time="0.0"></testcase>
  <testcase name="testInstantiationException2" classname="com.topcoder.timetracker.company.ejb.InstantiationExceptionUnitTest" time="0.0"></testcase>
  <testcase name="testInstantiationExceptionInheritance1" classname="com.topcoder.timetracker.company.ejb.InstantiationExceptionUnitTest" time="0.0"></testcase>
  <testcase name="testInstantiationExceptionInheritance2" classname="com.topcoder.timetracker.company.ejb.InstantiationExceptionUnitTest" time="0.0"></testcase>
  <testcase name="testCreateCompany_Accuracy1" classname="com.topcoder.timetracker.company.ejb.LocalCompanyManagerDelegateUnitTest" time="0.906"></testcase>
  <testcase name="testCreateCompany_Accuracy2" classname="com.topcoder.timetracker.company.ejb.LocalCompanyManagerDelegateUnitTest" time="0.797"></testcase>
  <testcase name="testRetrieveCompany_NotExistCompany" classname="com.topcoder.timetracker.company.ejb.LocalCompanyManagerDelegateUnitTest" time="0.547"></testcase>
  <testcase name="testUpdateCompany_Accuracy1" classname="com.topcoder.timetracker.company.ejb.LocalCompanyManagerDelegateUnitTest" time="1.125"></testcase>
  <testcase name="testDeleteCompany_Accuracy1" classname="com.topcoder.timetracker.company.ejb.LocalCompanyManagerDelegateUnitTest" time="1.047"></testcase>
  <testcase name="testListCompanies_Accuracy" classname="com.topcoder.timetracker.company.ejb.LocalCompanyManagerDelegateUnitTest" time="2.25"></testcase>
  <testcase name="testSearch_Accuracy" classname="com.topcoder.timetracker.company.ejb.LocalCompanyManagerDelegateUnitTest" time="1.937"></testcase>
  <testcase name="testRetrieveCompanies_Accuracy" classname="com.topcoder.timetracker.company.ejb.LocalCompanyManagerDelegateUnitTest" time="1.953"></testcase>
  <testcase name="testLocalCompanyManagerDelegate_NullNamespace" classname="com.topcoder.timetracker.company.ejb.LocalCompanyManagerDelegateUnitTest" time="0.344"></testcase>
  <testcase name="testLocalCompanyManagerDelegate_EmptyNamespace" classname="com.topcoder.timetracker.company.ejb.LocalCompanyManagerDelegateUnitTest" time="0.313"></testcase>
  <testcase name="testLocalCompanyManagerDelegate_NotExistNamespace" classname="com.topcoder.timetracker.company.ejb.LocalCompanyManagerDelegateUnitTest" time="0.328"></testcase>
  <testcase name="testLocalCompanyManagerDelegate_MissingJndiReference" classname="com.topcoder.timetracker.company.ejb.LocalCompanyManagerDelegateUnitTest" time="0.406"></testcase>
  <testcase name="testLocalCompanyManagerDelegate_EmptyJndiReference" classname="com.topcoder.timetracker.company.ejb.LocalCompanyManagerDelegateUnitTest" time="0.531"></testcase>
  <testcase name="testLocalCompanyManagerDelegate_InvalidJndiReference" classname="com.topcoder.timetracker.company.ejb.LocalCompanyManagerDelegateUnitTest" time="0.422"></testcase>
  <testcase name="testLocalCompanyManagerDelegate_Accuracy" classname="com.topcoder.timetracker.company.ejb.LocalCompanyManagerDelegateUnitTest" time="0.344"></testcase>
  <testcase name="testDeleteCompany_NullUser" classname="com.topcoder.timetracker.company.ejb.LocalCompanyManagerDelegateUnitTest" time="1.516"></testcase>
  <testcase name="testDeleteCompany_EmptyUser" classname="com.topcoder.timetracker.company.ejb.LocalCompanyManagerDelegateUnitTest" time="0.875"></testcase>
  <testcase name="testCreateCompanies_AtomicAccuracy" classname="com.topcoder.timetracker.company.ejb.LocalCompanyManagerDelegateUnitTest" time="0.89"></testcase>
  <testcase name="testCreateCompanies_NonAtomicAccuracy" classname="com.topcoder.timetracker.company.ejb.LocalCompanyManagerDelegateUnitTest" time="1.985"></testcase>
  <testcase name="testUpdateCompanies_AtomicAccuracy" classname="com.topcoder.timetracker.company.ejb.LocalCompanyManagerDelegateUnitTest" time="2.75"></testcase>
  <testcase name="testUpdateCompanies_NonAtomicAccuracy" classname="com.topcoder.timetracker.company.ejb.LocalCompanyManagerDelegateUnitTest" time="3.468"></testcase>
  <testcase name="testDeleteCompanies_AtomicAccuracy" classname="com.topcoder.timetracker.company.ejb.LocalCompanyManagerDelegateUnitTest" time="1.172"></testcase>
  <testcase name="testDeleteCompanies_NonAtomicAccuracy" classname="com.topcoder.timetracker.company.ejb.LocalCompanyManagerDelegateUnitTest" time="1.11"></testcase>
  <testcase name="testCreateCompany_NullCompany" classname="com.topcoder.timetracker.company.daoimplementation.DbCompanyDAOUnitTest" time="0.296"></testcase>
  <testcase name="testCreateCompany_NullCompanyName" classname="com.topcoder.timetracker.company.daoimplementation.DbCompanyDAOUnitTest" time="0.297"></testcase>
  <testcase name="testCreateCompany_NullPassCode" classname="com.topcoder.timetracker.company.daoimplementation.DbCompanyDAOUnitTest" time="0.313"></testcase>
  <testcase name="testCreateCompany_NullContact" classname="com.topcoder.timetracker.company.daoimplementation.DbCompanyDAOUnitTest" time="0.281"></testcase>
  <testcase name="testCreateCompany_NullAddress" classname="com.topcoder.timetracker.company.daoimplementation.DbCompanyDAOUnitTest" time="0.297"></testcase>
  <testcase name="testCreateCompany_NullUser" classname="com.topcoder.timetracker.company.daoimplementation.DbCompanyDAOUnitTest" time="0.312"></testcase>
  <testcase name="testCreateCompany_EmptyUser" classname="com.topcoder.timetracker.company.daoimplementation.DbCompanyDAOUnitTest" time="0.297"></testcase>
  <testcase name="testCreateCompany_DuplicateCompany" classname="com.topcoder.timetracker.company.daoimplementation.DbCompanyDAOUnitTest" time="1.078"></testcase>
  <testcase name="testCreateCompany_Accuracy1" classname="com.topcoder.timetracker.company.daoimplementation.DbCompanyDAOUnitTest" time="0.891"></testcase>
  <testcase name="testCreateCompany_Accuracy2" classname="com.topcoder.timetracker.company.daoimplementation.DbCompanyDAOUnitTest" time="0.75"></testcase>
  <testcase name="testCreateCompany_Accuracy3" classname="com.topcoder.timetracker.company.daoimplementation.DbCompanyDAOUnitTest" time="0.563"></testcase>
  <testcase name="testRetrieveCompany_InvalidId" classname="com.topcoder.timetracker.company.daoimplementation.DbCompanyDAOUnitTest" time="0.609"></testcase>
  <testcase name="testRetrieveCompany_InvalidContactsCount" classname="com.topcoder.timetracker.company.daoimplementation.DbCompanyDAOUnitTest" time="0.969"></testcase>
  <testcase name="testRetrieveCompany_InvalidAddressesCount" classname="com.topcoder.timetracker.company.daoimplementation.DbCompanyDAOUnitTest" time="0.797"></testcase>
  <testcase name="testRetrieveCompany_NotExistCompany" classname="com.topcoder.timetracker.company.daoimplementation.DbCompanyDAOUnitTest" time="0.578"></testcase>
  <testcase name="testUpdateCompany_NullCompany" classname="com.topcoder.timetracker.company.daoimplementation.DbCompanyDAOUnitTest" time="0.453"></testcase>
  <testcase name="testUpdateCompany_NullCompanyName" classname="com.topcoder.timetracker.company.daoimplementation.DbCompanyDAOUnitTest" time="0.406"></testcase>
  <testcase name="testUpdateCompany_NullPassCode" classname="com.topcoder.timetracker.company.daoimplementation.DbCompanyDAOUnitTest" time="0.328"></testcase>
  <testcase name="testUpdateCompany_NullContact" classname="com.topcoder.timetracker.company.daoimplementation.DbCompanyDAOUnitTest" time="0.297"></testcase>
  <testcase name="testUpdateCompany_NullAddress" classname="com.topcoder.timetracker.company.daoimplementation.DbCompanyDAOUnitTest" time="0.313"></testcase>
  <testcase name="testUpdateCompany_NullUser" classname="com.topcoder.timetracker.company.daoimplementation.DbCompanyDAOUnitTest" time="0.281"></testcase>
  <testcase name="testUpdateCompany_EmptyUser" classname="com.topcoder.timetracker.company.daoimplementation.DbCompanyDAOUnitTest" time="0.312"></testcase>
  <testcase name="testUpdateCompany_NotExistCompany" classname="com.topcoder.timetracker.company.daoimplementation.DbCompanyDAOUnitTest" time="0.875"></testcase>
  <testcase name="testUpdateCompany_Accuracy1" classname="com.topcoder.timetracker.company.daoimplementation.DbCompanyDAOUnitTest" time="1.094"></testcase>
  <testcase name="testUpdateCompany_Accuracy2" classname="com.topcoder.timetracker.company.daoimplementation.DbCompanyDAOUnitTest" time="1.844"></testcase>
  <testcase name="testUpdateCompany_Accuracy3" classname="com.topcoder.timetracker.company.daoimplementation.DbCompanyDAOUnitTest" time="1.109"></testcase>
  <testcase name="testUpdateCompany_Accuracy4" classname="com.topcoder.timetracker.company.daoimplementation.DbCompanyDAOUnitTest" time="1.141"></testcase>
  <testcase name="testDeleteCompany_NullCompany" classname="com.topcoder.timetracker.company.daoimplementation.DbCompanyDAOUnitTest" time="0.297"></testcase>
  <testcase name="testDeleteCompany_InvalidCompanyId" classname="com.topcoder.timetracker.company.daoimplementation.DbCompanyDAOUnitTest" time="0.391"></testcase>
  <testcase name="testDeleteCompany_NotExistCompanyId" classname="com.topcoder.timetracker.company.daoimplementation.DbCompanyDAOUnitTest" time="0.891"></testcase>
  <testcase name="testDeleteCompany_NullUser1" classname="com.topcoder.timetracker.company.daoimplementation.DbCompanyDAOUnitTest" time="0.609"></testcase>
  <testcase name="testDeleteCompany_EmptyUser1" classname="com.topcoder.timetracker.company.daoimplementation.DbCompanyDAOUnitTest" time="0.641"></testcase>
  <testcase name="testDeleteCompany_NullUser2" classname="com.topcoder.timetracker.company.daoimplementation.DbCompanyDAOUnitTest" time="0.828"></testcase>
  <testcase name="testDeleteCompany_EmptyUser2" classname="com.topcoder.timetracker.company.daoimplementation.DbCompanyDAOUnitTest" time="0.843"></testcase>
  <testcase name="testDeleteCompany_Accuracy1" classname="com.topcoder.timetracker.company.daoimplementation.DbCompanyDAOUnitTest" time="1.5"></testcase>
  <testcase name="testDeleteCompany_Accuracy2" classname="com.topcoder.timetracker.company.daoimplementation.DbCompanyDAOUnitTest" time="0.844"></testcase>
  <testcase name="testListCompanies_Accuracy" classname="com.topcoder.timetracker.company.daoimplementation.DbCompanyDAOUnitTest" time="2.094"></testcase>
  <testcase name="testSearch_NullFilter" classname="com.topcoder.timetracker.company.daoimplementation.DbCompanyDAOUnitTest" time="0.344"></testcase>
  <testcase name="testCreateCompanies_NullCompanies" classname="com.topcoder.timetracker.company.daoimplementation.DbCompanyDAOUnitTest" time="0.297"></testcase>
  <testcase name="testCreateCompanies_NullCompany" classname="com.topcoder.timetracker.company.daoimplementation.DbCompanyDAOUnitTest" time="0.312"></testcase>
  <testcase name="testCreateCompanies_NullCompanyName" classname="com.topcoder.timetracker.company.daoimplementation.DbCompanyDAOUnitTest" time="0.328"></testcase>
  <testcase name="testCreateCompanies_NullPassCode" classname="com.topcoder.timetracker.company.daoimplementation.DbCompanyDAOUnitTest" time="0.313"></testcase>
  <testcase name="testCreateCompanies_NullContact" classname="com.topcoder.timetracker.company.daoimplementation.DbCompanyDAOUnitTest" time="0.297"></testcase>
  <testcase name="testCreateCompanies_NullAddress" classname="com.topcoder.timetracker.company.daoimplementation.DbCompanyDAOUnitTest" time="0.39"></testcase>
  <testcase name="testCreateCompanies_NullUser" classname="com.topcoder.timetracker.company.daoimplementation.DbCompanyDAOUnitTest" time="0.344"></testcase>
  <testcase name="testCreateCompanies_EmptyUser" classname="com.topcoder.timetracker.company.daoimplementation.DbCompanyDAOUnitTest" time="0.266"></testcase>
  <testcase name="testCreateCompanies_Accuracy" classname="com.topcoder.timetracker.company.daoimplementation.DbCompanyDAOUnitTest" time="1.0"></testcase>
  <testcase name="testRetrieveCompanies_NullIds" classname="com.topcoder.timetracker.company.daoimplementation.DbCompanyDAOUnitTest" time="0.296"></testcase>
  <testcase name="testRetrieveCompanies_InvalidId" classname="com.topcoder.timetracker.company.daoimplementation.DbCompanyDAOUnitTest" time="0.282"></testcase>
  <testcase name="testRetrieveCompanies_Accuracy" classname="com.topcoder.timetracker.company.daoimplementation.DbCompanyDAOUnitTest" time="1.953"></testcase>
  <testcase name="testRetrieveCompanies_NotExistAccuracy" classname="com.topcoder.timetracker.company.daoimplementation.DbCompanyDAOUnitTest" time="0.547"></testcase>
  <testcase name="testUpdateCompanies_NullCompanies" classname="com.topcoder.timetracker.company.daoimplementation.DbCompanyDAOUnitTest" time="0.297"></testcase>
  <testcase name="testUpdateCompanies_NullCompany" classname="com.topcoder.timetracker.company.daoimplementation.DbCompanyDAOUnitTest" time="0.312"></testcase>
  <testcase name="testUpdateCompanies_NullCompanyName" classname="com.topcoder.timetracker.company.daoimplementation.DbCompanyDAOUnitTest" time="0.297"></testcase>
  <testcase name="testUpdateCompanies_NullPassCode" classname="com.topcoder.timetracker.company.daoimplementation.DbCompanyDAOUnitTest" time="0.422"></testcase>
  <testcase name="testUpdateCompanies_NullContact" classname="com.topcoder.timetracker.company.daoimplementation.DbCompanyDAOUnitTest" time="0.297"></testcase>
  <testcase name="testUpdateCompanies_NullAddress" classname="com.topcoder.timetracker.company.daoimplementation.DbCompanyDAOUnitTest" time="0.312"></testcase>
  <testcase name="testUpdateCompanies_NullUser" classname="com.topcoder.timetracker.company.daoimplementation.DbCompanyDAOUnitTest" time="0.563"></testcase>
  <testcase name="testUpdateCompanies_EmptyUser" classname="com.topcoder.timetracker.company.daoimplementation.DbCompanyDAOUnitTest" time="0.234"></testcase>
  <testcase name="testUpdateCompanies_Accuracy" classname="com.topcoder.timetracker.company.daoimplementation.DbCompanyDAOUnitTest" time="2.297"></testcase>
  <testcase name="testDeleteCompanies_NullCompanies" classname="com.topcoder.timetracker.company.daoimplementation.DbCompanyDAOUnitTest" time="0.297"></testcase>
  <testcase name="testDeleteCompanies_NullCompany" classname="com.topcoder.timetracker.company.daoimplementation.DbCompanyDAOUnitTest" time="0.312"></testcase>
  <testcase name="testDeleteCompanies_InvalidCompanyId" classname="com.topcoder.timetracker.company.daoimplementation.DbCompanyDAOUnitTest" time="0.313"></testcase>
  <testcase name="testDeleteCompanies_DuplicateCompanyId" classname="com.topcoder.timetracker.company.daoimplementation.DbCompanyDAOUnitTest" time="0.469"></testcase>
  <testcase name="testDeleteCompanies_NullUser1" classname="com.topcoder.timetracker.company.daoimplementation.DbCompanyDAOUnitTest" time="0.578"></testcase>
  <testcase name="testDeleteCompanies_EmptyUser1" classname="com.topcoder.timetracker.company.daoimplementation.DbCompanyDAOUnitTest" time="0.484"></testcase>
  <testcase name="testDeleteCompanies_NullUser2" classname="com.topcoder.timetracker.company.daoimplementation.DbCompanyDAOUnitTest" time="0.953"></testcase>
  <testcase name="testDeleteCompanies_EmptyUser2" classname="com.topcoder.timetracker.company.daoimplementation.DbCompanyDAOUnitTest" time="0.844"></testcase>
  <testcase name="testDeleteCompanies_Accuracy" classname="com.topcoder.timetracker.company.daoimplementation.DbCompanyDAOUnitTest" time="1.437"></testcase>
  <testcase name="testCreateCompaniesNonAtomically_Accuracy" classname="com.topcoder.timetracker.company.daoimplementation.DbCompanyDAOUnitTest" time="0.297"></testcase>
  <testcase name="testUpdateCompaniesNonAtomically_Accuracy" classname="com.topcoder.timetracker.company.daoimplementation.DbCompanyDAOUnitTest" time="0.344"></testcase>
  <testcase name="testDeleteCompaniesNonAtomically_Accuracy" classname="com.topcoder.timetracker.company.daoimplementation.DbCompanyDAOUnitTest" time="0.328"></testcase>
  <testcase name="testCreateCompanies_DuplicateCompany" classname="com.topcoder.timetracker.company.daoimplementation.DbCompanyDAOUnitTest" time="0.906"></testcase>
  <testcase name="testUpdateCompanies_CompanyNotExist" classname="com.topcoder.timetracker.company.daoimplementation.DbCompanyDAOUnitTest" time="0.625"></testcase>
  <testcase name="testDeleteCompanies_CompanyNotExist" classname="com.topcoder.timetracker.company.daoimplementation.DbCompanyDAOUnitTest" time="0.782"></testcase>
  <testcase name="testDbCompanyDAO1_NullConnFactory" classname="com.topcoder.timetracker.company.daoimplementation.DbCompanyDAOUnitTest" time="0.328"></testcase>
  <testcase name="testDbCompanyDAO1_NullConnName" classname="com.topcoder.timetracker.company.daoimplementation.DbCompanyDAOUnitTest" time="0.312"></testcase>
  <testcase name="testDbCompanyDAO1_EmptyConnName" classname="com.topcoder.timetracker.company.daoimplementation.DbCompanyDAOUnitTest" time="0.485"></testcase>
  <testcase name="testDbCompanyDAO1_NullIdGen" classname="com.topcoder.timetracker.company.daoimplementation.DbCompanyDAOUnitTest" time="0.328"></testcase>
  <testcase name="testDbCompanyDAO1_EmptyIdGen" classname="com.topcoder.timetracker.company.daoimplementation.DbCompanyDAOUnitTest" time="0.375"></testcase>
  <testcase name="testDbCompanyDAO1_InvalidIdGen" classname="com.topcoder.timetracker.company.daoimplementation.DbCompanyDAOUnitTest" time="0.625"></testcase>
  <testcase name="testDbCompanyDAO1_NullContactManagerNamespace" classname="com.topcoder.timetracker.company.daoimplementation.DbCompanyDAOUnitTest" time="0.297"></testcase>
  <testcase name="testDbCompanyDAO1_EmptyContactManagerNamespace" classname="com.topcoder.timetracker.company.daoimplementation.DbCompanyDAOUnitTest" time="0.39"></testcase>
  <testcase name="testDbCompanyDAO1_InvalidContactManagerNamespace" classname="com.topcoder.timetracker.company.daoimplementation.DbCompanyDAOUnitTest" time="0.297"></testcase>
  <testcase name="testDbCompanyDAO1_NullAddressManagerNamespace" classname="com.topcoder.timetracker.company.daoimplementation.DbCompanyDAOUnitTest" time="0.313"></testcase>
  <testcase name="testDbCompanyDAO1_EmptyAddressManagerNamespace" classname="com.topcoder.timetracker.company.daoimplementation.DbCompanyDAOUnitTest" time="0.297"></testcase>
  <testcase name="testDbCompanyDAO1_InvalidAddressManagerNamespace" classname="com.topcoder.timetracker.company.daoimplementation.DbCompanyDAOUnitTest" time="0.421"></testcase>
  <testcase name="testDbCompanyDAO1_NullAuditManagerNamespace" classname="com.topcoder.timetracker.company.daoimplementation.DbCompanyDAOUnitTest" time="0.579"></testcase>
  <testcase name="testDbCompanyDAO1_EmptyAuditManagerNamespace" classname="com.topcoder.timetracker.company.daoimplementation.DbCompanyDAOUnitTest" time="0.281"></testcase>
  <testcase name="testDbCompanyDAO1_InvalidAuditManagerNamespace" classname="com.topcoder.timetracker.company.daoimplementation.DbCompanyDAOUnitTest" time="0.312"></testcase>
  <testcase name="testDbCompanyDAO1_Accuracy" classname="com.topcoder.timetracker.company.daoimplementation.DbCompanyDAOUnitTest" time="0.297"></testcase>
  <testcase name="testDbCompanyDAO2_NullConnFactory" classname="com.topcoder.timetracker.company.daoimplementation.DbCompanyDAOUnitTest" time="0.266"></testcase>
  <testcase name="testDbCompanyDAO2_NullConnName" classname="com.topcoder.timetracker.company.daoimplementation.DbCompanyDAOUnitTest" time="0.312"></testcase>
  <testcase name="testDbCompanyDAO2_EmptyConnName" classname="com.topcoder.timetracker.company.daoimplementation.DbCompanyDAOUnitTest" time="0.313"></testcase>
  <testcase name="testDbCompanyDAO2_NullIdGen" classname="com.topcoder.timetracker.company.daoimplementation.DbCompanyDAOUnitTest" time="0.312"></testcase>
  <testcase name="testDbCompanyDAO2_EmptyIdGen" classname="com.topcoder.timetracker.company.daoimplementation.DbCompanyDAOUnitTest" time="0.344"></testcase>
  <testcase name="testDbCompanyDAO2_InvalidIdGen" classname="com.topcoder.timetracker.company.daoimplementation.DbCompanyDAOUnitTest" time="0.906"></testcase>
  <testcase name="testDbCompanyDAO2_NullContactManager" classname="com.topcoder.timetracker.company.daoimplementation.DbCompanyDAOUnitTest" time="0.438"></testcase>
  <testcase name="testDbCompanyDAO2_NullAddressManager" classname="com.topcoder.timetracker.company.daoimplementation.DbCompanyDAOUnitTest" time="0.64"></testcase>
  <testcase name="testDbCompanyDAO2_NullAuditManager" classname="com.topcoder.timetracker.company.daoimplementation.DbCompanyDAOUnitTest" time="0.532"></testcase>
  <testcase name="testDbCompanyDAO2_Accuracy" classname="com.topcoder.timetracker.company.daoimplementation.DbCompanyDAOUnitTest" time="0.422"></testcase>
  <testcase name="testCreateCompany_InvalidConnectionName" classname="com.topcoder.timetracker.company.daoimplementation.DbCompanyDAOUnitTest" time="0.343"></testcase>
  <testcase name="testCreateCompany_ContactManagerError" classname="com.topcoder.timetracker.company.daoimplementation.DbCompanyDAOUnitTest" time="0.578"></testcase>
  <testcase name="testCreateCompany_AddressManagerError" classname="com.topcoder.timetracker.company.daoimplementation.DbCompanyDAOUnitTest" time="0.844"></testcase>
  <testcase name="testCreateCompany_AuditManagerError" classname="com.topcoder.timetracker.company.daoimplementation.DbCompanyDAOUnitTest" time="0.547"></testcase>
  <testcase name="testRetrieveCompany_InvalidConnectionName" classname="com.topcoder.timetracker.company.daoimplementation.DbCompanyDAOUnitTest" time="0.516"></testcase>
  <testcase name="testRetrieveCompany_AddressManagerError" classname="com.topcoder.timetracker.company.daoimplementation.DbCompanyDAOUnitTest" time="1.0"></testcase>
  <testcase name="testRetrieveCompany_ContactManagerError" classname="com.topcoder.timetracker.company.daoimplementation.DbCompanyDAOUnitTest" time="0.875"></testcase>
  <testcase name="testUpdateCompany_InvalidConnectionName" classname="com.topcoder.timetracker.company.daoimplementation.DbCompanyDAOUnitTest" time="0.672"></testcase>
  <testcase name="testUpdateCompany_ContactManagerError" classname="com.topcoder.timetracker.company.daoimplementation.DbCompanyDAOUnitTest" time="0.765"></testcase>
  <testcase name="testUpdateCompany_AddressManagerError" classname="com.topcoder.timetracker.company.daoimplementation.DbCompanyDAOUnitTest" time="1.219"></testcase>
  <testcase name="testUpdateCompany_AuditManagerError" classname="com.topcoder.timetracker.company.daoimplementation.DbCompanyDAOUnitTest" time="0.812"></testcase>
  <testcase name="testDeleteCompany_ContactManagerError" classname="com.topcoder.timetracker.company.daoimplementation.DbCompanyDAOUnitTest" time="0.797"></testcase>
  <testcase name="testDeleteCompany_AddressManagerError" classname="com.topcoder.timetracker.company.daoimplementation.DbCompanyDAOUnitTest" time="0.844"></testcase>
  <testcase name="testDeleteCompany_AuditManagerError" classname="com.topcoder.timetracker.company.daoimplementation.DbCompanyDAOUnitTest" time="0.859"></testcase>
  <testcase name="testSearch_Accuracy1" classname="com.topcoder.timetracker.company.daoimplementation.DbCompanyDAOUnitTest" time="2.266"></testcase>
  <testcase name="testSearch_Accuracy2" classname="com.topcoder.timetracker.company.daoimplementation.DbCompanyDAOUnitTest" time="2.797"></testcase>
  <testcase name="testGetAuditManager_Accuracy" classname="com.topcoder.timetracker.company.daoimplementation.DbCompanyDAOUnitTest" time="0.297"></testcase>
  <testcase name="testGetAddressManager_Accuracy" classname="com.topcoder.timetracker.company.daoimplementation.DbCompanyDAOUnitTest" time="0.375"></testcase>
  <testcase name="testGetContactManager_Accuracy" classname="com.topcoder.timetracker.company.daoimplementation.DbCompanyDAOUnitTest" time="0.312"></testcase>
  <testcase name="testTrackerCompanyManagement_Usage" classname="com.topcoder.timetracker.company.DemoTest" time="3.469"></testcase>
  <testcase name="testDbCompanyDAO_Usage" classname="com.topcoder.timetracker.company.DemoTest" time="2.484"></testcase>
  <testcase name="testConstructor_CompanyDAO" classname="com.topcoder.timetracker.company.accuracytests.CompanyDAOSynchronizedWrapperTest" time="0.907"></testcase>
  <testcase name="testMethodCreateCompanies_CompanyArray_String_boolean" classname="com.topcoder.timetracker.company.accuracytests.CompanyDAOSynchronizedWrapperTest" time="0.984"></testcase>
  <testcase name="testMethodUpdateCompanies_CompanyArray_String_boolean" classname="com.topcoder.timetracker.company.accuracytests.CompanyDAOSynchronizedWrapperTest" time="1.703"></testcase>
  <testcase name="testMethodDeleteCompanies_CompanyArray_boolean_String" classname="com.topcoder.timetracker.company.accuracytests.CompanyDAOSynchronizedWrapperTest" time="1.438"></testcase>
  <testcase name="testMethodCreateCompany_Company_String_boolean" classname="com.topcoder.timetracker.company.accuracytests.CompanyDAOSynchronizedWrapperTest" time="0.843"></testcase>
  <testcase name="testMethodUpdateCompany_Company_String_boolean" classname="com.topcoder.timetracker.company.accuracytests.CompanyDAOSynchronizedWrapperTest" time="1.079"></testcase>
  <testcase name="testMethodDeleteCompany_Company_boolean_String" classname="com.topcoder.timetracker.company.accuracytests.CompanyDAOSynchronizedWrapperTest" time="1.296"></testcase>
  <testcase name="testMethodSearch_Filter" classname="com.topcoder.timetracker.company.accuracytests.CompanyDAOSynchronizedWrapperTest" time="0.985"></testcase>
  <testcase name="testMethodRetrieveCompany_long" classname="com.topcoder.timetracker.company.accuracytests.CompanyDAOSynchronizedWrapperTest" time="1.265"></testcase>
  <testcase name="testMethodRetrieveCompanies_longArray" classname="com.topcoder.timetracker.company.accuracytests.CompanyDAOSynchronizedWrapperTest" time="0.875"></testcase>
  <testcase name="testConstructor" classname="com.topcoder.timetracker.company.accuracytests.CompanySearchBuilderTest" time="0.547"></testcase>
  <testcase name="testMethodHasState_String" classname="com.topcoder.timetracker.company.accuracytests.CompanySearchBuilderTest" time="1.0"></testcase>
  <testcase name="testMethodHasZipCode_String" classname="com.topcoder.timetracker.company.accuracytests.CompanySearchBuilderTest" time="0.813"></testcase>
  <testcase name="testMethodHasContactFirstName_String" classname="com.topcoder.timetracker.company.accuracytests.CompanySearchBuilderTest" time="0.937"></testcase>
  <testcase name="testMethodCreatedByUser_String" classname="com.topcoder.timetracker.company.accuracytests.CompanySearchBuilderTest" time="0.797"></testcase>
  <testcase name="testMethodHasContactEmail_String" classname="com.topcoder.timetracker.company.accuracytests.CompanySearchBuilderTest" time="0.781"></testcase>
  <testcase name="testMethodHasContactLastName_String" classname="com.topcoder.timetracker.company.accuracytests.CompanySearchBuilderTest" time="0.797"></testcase>
  <testcase name="testMethodHasContactPhoneNumber_String" classname="com.topcoder.timetracker.company.accuracytests.CompanySearchBuilderTest" time="0.86"></testcase>
  <testcase name="testMethodModifiedWithinDateRange_Date_Date" classname="com.topcoder.timetracker.company.accuracytests.CompanySearchBuilderTest" time="0.859"></testcase>
  <testcase name="testMethodCreatedWithinDateRange_Date_Date" classname="com.topcoder.timetracker.company.accuracytests.CompanySearchBuilderTest" time="0.828"></testcase>
  <testcase name="testMethodModifiedByUser_String" classname="com.topcoder.timetracker.company.accuracytests.CompanySearchBuilderTest" time="0.844"></testcase>
  <testcase name="testConstructor" classname="com.topcoder.timetracker.company.accuracytests.CompanyTest" time="0.0"></testcase>
  <testcase name="testMethodGetAlgorithmName" classname="com.topcoder.timetracker.company.accuracytests.CompanyTest" time="0.0"></testcase>
  <testcase name="testMethodGetContact" classname="com.topcoder.timetracker.company.accuracytests.CompanyTest" time="0.0"></testcase>
  <testcase name="testMethodGetPassCode" classname="com.topcoder.timetracker.company.accuracytests.CompanyTest" time="0.0"></testcase>
  <testcase name="testMethodGetCompanyName" classname="com.topcoder.timetracker.company.accuracytests.CompanyTest" time="0.0"></testcase>
  <testcase name="testMethodGetAddress" classname="com.topcoder.timetracker.company.accuracytests.CompanyTest" time="0.0"></testcase>
  <testcase name="testMethodCreateCompanies_CompanyArray_String_boolean" classname="com.topcoder.timetracker.company.accuracytests.DbCompanyDAOTest" time="0.844"></testcase>
  <testcase name="testMethodUpdateCompanies_CompanyArray_String_boolean" classname="com.topcoder.timetracker.company.accuracytests.DbCompanyDAOTest" time="1.609"></testcase>
  <testcase name="testMethodDeleteCompanies_CompanyArray_boolean_String" classname="com.topcoder.timetracker.company.accuracytests.DbCompanyDAOTest" time="1.359"></testcase>
  <testcase name="testMethodCreateCompany_Company_String_boolean" classname="com.topcoder.timetracker.company.accuracytests.DbCompanyDAOTest" time="0.969"></testcase>
  <testcase name="testMethodUpdateCompany_Company_String_boolean" classname="com.topcoder.timetracker.company.accuracytests.DbCompanyDAOTest" time="1.094"></testcase>
  <testcase name="testMethodDeleteCompany_Company_boolean_String" classname="com.topcoder.timetracker.company.accuracytests.DbCompanyDAOTest" time="1.109"></testcase>
  <testcase name="testMethodSearch_Filter" classname="com.topcoder.timetracker.company.accuracytests.DbCompanyDAOTest" time="0.875"></testcase>
  <testcase name="testMethodRetrieveCompany_long" classname="com.topcoder.timetracker.company.accuracytests.DbCompanyDAOTest" time="0.844"></testcase>
  <testcase name="testMethodRetrieveCompanies_longArray" classname="com.topcoder.timetracker.company.accuracytests.DbCompanyDAOTest" time="0.984"></testcase>
  <testcase name="testConstructor_accuracy_1" classname="com.topcoder.timetracker.company.accuracytests.DbCompanyDAOTest" time="0.344"></testcase>
  <testcase name="testConstructor_accuracy_2" classname="com.topcoder.timetracker.company.accuracytests.DbCompanyDAOTest" time="0.531"></testcase>
  <testcase name="testMethodCreateCompany_Company_String_boolean" classname="com.topcoder.timetracker.company.accuracytests.LocalCompanyManagerDelegateTest" time="0.813"></testcase>
  <testcase name="testMethodUpdateCompany_Company_String_boolean" classname="com.topcoder.timetracker.company.accuracytests.LocalCompanyManagerDelegateTest" time="1.359"></testcase>
  <testcase name="testMethodDeleteCompany_Company_boolean_String" classname="com.topcoder.timetracker.company.accuracytests.LocalCompanyManagerDelegateTest" time="1.125"></testcase>
  <testcase name="testMethodSearch_Filter" classname="com.topcoder.timetracker.company.accuracytests.LocalCompanyManagerDelegateTest" time="0.969"></testcase>
  <testcase name="testMethodRetrieveCompany_long" classname="com.topcoder.timetracker.company.accuracytests.LocalCompanyManagerDelegateTest" time="0.844"></testcase>
  <testcase name="testMethodRetrieveCompanies_longArray" classname="com.topcoder.timetracker.company.accuracytests.LocalCompanyManagerDelegateTest" time="0.906"></testcase>
  <testcase name="testConstructor_String" classname="com.topcoder.timetracker.company.accuracytests.LocalCompanyManagerDelegateTest" time="0.281"></testcase>
  <testcase name="testMethodCreateCompanies_CompanyArray_String_boolean_boolean_1" classname="com.topcoder.timetracker.company.accuracytests.LocalCompanyManagerDelegateTest" time="1.438"></testcase>
  <testcase name="testMethodCreateCompanies_CompanyArray_String_boolean_boolean_2" classname="com.topcoder.timetracker.company.accuracytests.LocalCompanyManagerDelegateTest" time="1.109"></testcase>
  <testcase name="testMethodUpdateCompanies_CompanyArray_String_boolean_boolean_1" classname="com.topcoder.timetracker.company.accuracytests.LocalCompanyManagerDelegateTest" time="2.485"></testcase>
  <testcase name="testMethodUpdateCompanies_CompanyArray_String_boolean_boolean_2" classname="com.topcoder.timetracker.company.accuracytests.LocalCompanyManagerDelegateTest" time="1.968"></testcase>
  <testcase name="testMethodDeleteCompanies_CompanyArray_boolean_boolean_String_1" classname="com.topcoder.timetracker.company.accuracytests.LocalCompanyManagerDelegateTest" time="2.485"></testcase>
  <testcase name="testMethodDeleteCompanies_CompanyArray_boolean_boolean_String_2" classname="com.topcoder.timetracker.company.accuracytests.LocalCompanyManagerDelegateTest" time="1.937"></testcase>
  <testcase name="testSetAddress_NullAddress" classname="com.topcoder.timetracker.company.failuretests.CompanyFailureTests" time="0.0"></testcase>
  <testcase name="testSetContact_NullContact" classname="com.topcoder.timetracker.company.failuretests.CompanyFailureTests" time="0.0"></testcase>
  <testcase name="testSetCompanyName_NullCompanyName" classname="com.topcoder.timetracker.company.failuretests.CompanyFailureTests" time="0.0"></testcase>
  <testcase name="testSetCompanyName_EmptyCompanyName" classname="com.topcoder.timetracker.company.failuretests.CompanyFailureTests" time="0.0"></testcase>
  <testcase name="testSetPassCode_NullPassCode" classname="com.topcoder.timetracker.company.failuretests.CompanyFailureTests" time="0.0"></testcase>
  <testcase name="testSetPassCode_EmptyPassCode" classname="com.topcoder.timetracker.company.failuretests.CompanyFailureTests" time="0.0"></testcase>
  <testcase name="testSetCompanyName_TrimmedEmptyCompanyName" classname="com.topcoder.timetracker.company.failuretests.CompanyFailureTests" time="0.0"></testcase>
  <testcase name="testSetPassCode_TrimmedEmptyPassCode" classname="com.topcoder.timetracker.company.failuretests.CompanyFailureTests" time="0.0"></testcase>
  <testcase name="testHasStreetAddress_NullStreetAddress" classname="com.topcoder.timetracker.company.failuretests.CompanySearchBuilderFailureTests" time="0.0"></testcase>
  <testcase name="testHasStreetAddress_EmptyStreetAddress" classname="com.topcoder.timetracker.company.failuretests.CompanySearchBuilderFailureTests" time="0.0"></testcase>
  <testcase name="testHasCity_NullCity" classname="com.topcoder.timetracker.company.failuretests.CompanySearchBuilderFailureTests" time="0.0"></testcase>
  <testcase name="testHasCity_EmptyCity" classname="com.topcoder.timetracker.company.failuretests.CompanySearchBuilderFailureTests" time="0.0"></testcase>
  <testcase name="testHasState_NullState" classname="com.topcoder.timetracker.company.failuretests.CompanySearchBuilderFailureTests" time="0.0"></testcase>
  <testcase name="testHasState_EmptyState" classname="com.topcoder.timetracker.company.failuretests.CompanySearchBuilderFailureTests" time="0.0"></testcase>
  <testcase name="testHasZipCode_NullZipCode" classname="com.topcoder.timetracker.company.failuretests.CompanySearchBuilderFailureTests" time="0.0"></testcase>
  <testcase name="testHasZipCode_EmptyZipCode" classname="com.topcoder.timetracker.company.failuretests.CompanySearchBuilderFailureTests" time="0.0"></testcase>
  <testcase name="testHasCompanyName_NullComanyName" classname="com.topcoder.timetracker.company.failuretests.CompanySearchBuilderFailureTests" time="0.0"></testcase>
  <testcase name="testHasCompanyName_EmptyComanyName" classname="com.topcoder.timetracker.company.failuretests.CompanySearchBuilderFailureTests" time="0.016"></testcase>
  <testcase name="testHasCompanyName_TrimmedEmptyComanyName" classname="com.topcoder.timetracker.company.failuretests.CompanySearchBuilderFailureTests" time="0.0"></testcase>
  <testcase name="testHasContactFirstName_NullContactFirstName" classname="com.topcoder.timetracker.company.failuretests.CompanySearchBuilderFailureTests" time="0.0"></testcase>
  <testcase name="testHasContactFirstName_EmptyContactFirstName" classname="com.topcoder.timetracker.company.failuretests.CompanySearchBuilderFailureTests" time="0.0"></testcase>
  <testcase name="testHasContactFirstName_TrimmedEmptyContactFirstName" classname="com.topcoder.timetracker.company.failuretests.CompanySearchBuilderFailureTests" time="0.0"></testcase>
  <testcase name="testHasContactLastName_NullContactLastName" classname="com.topcoder.timetracker.company.failuretests.CompanySearchBuilderFailureTests" time="0.0"></testcase>
  <testcase name="testHasContactLastName_EmptyContactLastName" classname="com.topcoder.timetracker.company.failuretests.CompanySearchBuilderFailureTests" time="0.0"></testcase>
  <testcase name="testHasContactLastName_TrimmedEmptyContactLastName" classname="com.topcoder.timetracker.company.failuretests.CompanySearchBuilderFailureTests" time="0.0"></testcase>
  <testcase name="testHasContactPhoneNumber_NullContactPhoneNumber" classname="com.topcoder.timetracker.company.failuretests.CompanySearchBuilderFailureTests" time="0.0"></testcase>
  <testcase name="testHasContactPhoneNumber_EmptyContactPhoneNumber" classname="com.topcoder.timetracker.company.failuretests.CompanySearchBuilderFailureTests" time="0.0"></testcase>
  <testcase name="testHasContactPhoneNumber_TrimmedEmptyContactPhoneNumber" classname="com.topcoder.timetracker.company.failuretests.CompanySearchBuilderFailureTests" time="0.0"></testcase>
  <testcase name="testHasContactEmail_NullContactEmail" classname="com.topcoder.timetracker.company.failuretests.CompanySearchBuilderFailureTests" time="0.0"></testcase>
  <testcase name="testHasContactEmail_EmptyContactEmail" classname="com.topcoder.timetracker.company.failuretests.CompanySearchBuilderFailureTests" time="0.0"></testcase>
  <testcase name="testHasContactEmail_TrimmedEmptyContactEmail" classname="com.topcoder.timetracker.company.failuretests.CompanySearchBuilderFailureTests" time="0.0"></testcase>
  <testcase name="testHasStreetAddress_TrimmedEmptyStreetAddress" classname="com.topcoder.timetracker.company.failuretests.CompanySearchBuilderFailureTests" time="0.0"></testcase>
  <testcase name="testHasCity_TrimmedEmptyCity" classname="com.topcoder.timetracker.company.failuretests.CompanySearchBuilderFailureTests" time="0.0"></testcase>
  <testcase name="testHasState_TrimmedEmptyState" classname="com.topcoder.timetracker.company.failuretests.CompanySearchBuilderFailureTests" time="0.0"></testcase>
  <testcase name="testHasZipCode_TrimmedEmptyZipCode" classname="com.topcoder.timetracker.company.failuretests.CompanySearchBuilderFailureTests" time="0.0"></testcase>
  <testcase name="testCreatedByUser_NullUserName" classname="com.topcoder.timetracker.company.failuretests.CompanySearchBuilderFailureTests" time="0.0"></testcase>
  <testcase name="testCreatedByUser_EmptyUserName" classname="com.topcoder.timetracker.company.failuretests.CompanySearchBuilderFailureTests" time="0.0"></testcase>
  <testcase name="testCreatedByUser_TrimmedEmptyUserName" classname="com.topcoder.timetracker.company.failuretests.CompanySearchBuilderFailureTests" time="0.0"></testcase>
  <testcase name="testModifiedByUser_NullUserName" classname="com.topcoder.timetracker.company.failuretests.CompanySearchBuilderFailureTests" time="0.0"></testcase>
  <testcase name="testModifiedByUser_EmptyUserName" classname="com.topcoder.timetracker.company.failuretests.CompanySearchBuilderFailureTests" time="0.0"></testcase>
  <testcase name="testModifiedByUser_TrimmedEmptyUserName" classname="com.topcoder.timetracker.company.failuretests.CompanySearchBuilderFailureTests" time="0.0"></testcase>
  <testcase name="testCreatedWithinDateRange_BothNull" classname="com.topcoder.timetracker.company.failuretests.CompanySearchBuilderFailureTests" time="0.0"></testcase>
  <testcase name="testCreatedWithinDateRange_EndBeforeStart" classname="com.topcoder.timetracker.company.failuretests.CompanySearchBuilderFailureTests" time="0.0"></testcase>
  <testcase name="testModifiedWithinDateRange_BothNull" classname="com.topcoder.timetracker.company.failuretests.CompanySearchBuilderFailureTests" time="0.0"></testcase>
  <testcase name="testModifiedWithinDateRange_EndBeforeStart" classname="com.topcoder.timetracker.company.failuretests.CompanySearchBuilderFailureTests" time="0.0"></testcase>
  <testcase name="testCompanyDAOSynchronizedWrapper_NullCompanyDAO" classname="com.topcoder.timetracker.company.failuretests.CompanyDAOSynchronizedWrapperFailureTests" time="0.0"></testcase>
  <testcase name="testCreateCompany_NullCompany" classname="com.topcoder.timetracker.company.failuretests.DbCompanyDAOFailureTests" time="0.031"></testcase>
  <testcase name="testUpdateCompany_NullCompany" classname="com.topcoder.timetracker.company.failuretests.DbCompanyDAOFailureTests" time="0.0"></testcase>
  <testcase name="testDeleteCompany_NullCompany" classname="com.topcoder.timetracker.company.failuretests.DbCompanyDAOFailureTests" time="0.016"></testcase>
  <testcase name="testSearch_NullFilter" classname="com.topcoder.timetracker.company.failuretests.DbCompanyDAOFailureTests" time="0.0"></testcase>
  <testcase name="testCreateCompanies_NullCompany" classname="com.topcoder.timetracker.company.failuretests.DbCompanyDAOFailureTests" time="0.0"></testcase>
  <testcase name="testRetrieveCompanies_NullIds" classname="com.topcoder.timetracker.company.failuretests.DbCompanyDAOFailureTests" time="0.0"></testcase>
  <testcase name="testUpdateCompanies_NullCompany" classname="com.topcoder.timetracker.company.failuretests.DbCompanyDAOFailureTests" time="0.015"></testcase>
  <testcase name="testDbCompanyDAO1_NullIdGen" classname="com.topcoder.timetracker.company.failuretests.DbCompanyDAOFailureTests" time="0.0"></testcase>
  <testcase name="testDbCompanyDAO1_EmptyIdGen" classname="com.topcoder.timetracker.company.failuretests.DbCompanyDAOFailureTests" time="0.0"></testcase>
  <testcase name="testDbCompanyDAO2_NullIdGen" classname="com.topcoder.timetracker.company.failuretests.DbCompanyDAOFailureTests" time="0.0"></testcase>
  <testcase name="testDbCompanyDAO2_EmptyIdGen" classname="com.topcoder.timetracker.company.failuretests.DbCompanyDAOFailureTests" time="0.0"></testcase>
  <testcase name="testDbCompanyDAO1_NullDBConnectionFactory" classname="com.topcoder.timetracker.company.failuretests.DbCompanyDAOFailureTests" time="0.016"></testcase>
  <testcase name="testDbCompanyDAO1_NullConnectionName" classname="com.topcoder.timetracker.company.failuretests.DbCompanyDAOFailureTests" time="0.0"></testcase>
  <testcase name="testDbCompanyDAO1_EmptyConnectionName" classname="com.topcoder.timetracker.company.failuretests.DbCompanyDAOFailureTests" time="0.0"></testcase>
  <testcase name="testDbCompanyDAO1_TrimmedConnectionName" classname="com.topcoder.timetracker.company.failuretests.DbCompanyDAOFailureTests" time="0.0"></testcase>
  <testcase name="testDbCompanyDAO1_TrimmedIdGen" classname="com.topcoder.timetracker.company.failuretests.DbCompanyDAOFailureTests" time="0.016"></testcase>
  <testcase name="testDbCompanyDAO1_NullContactManagerNamspace" classname="com.topcoder.timetracker.company.failuretests.DbCompanyDAOFailureTests" time="0.0"></testcase>
  <testcase name="testDbCompanyDAO1_EmptyContactManagerNamspace" classname="com.topcoder.timetracker.company.failuretests.DbCompanyDAOFailureTests" time="0.234"></testcase>
  <testcase name="testDbCompanyDAO1_TrimmedContactManagerNamspace" classname="com.topcoder.timetracker.company.failuretests.DbCompanyDAOFailureTests" time="0.016"></testcase>
  <testcase name="testDbCompanyDAO1_NullAddressManagerNamspace" classname="com.topcoder.timetracker.company.failuretests.DbCompanyDAOFailureTests" time="0.0"></testcase>
  <testcase name="testDbCompanyDAO1_EmptyAddressManagerNamspace" classname="com.topcoder.timetracker.company.failuretests.DbCompanyDAOFailureTests" time="0.0"></testcase>
  <testcase name="testDbCompanyDAO1_TrimmedAddressManagerNamspace" classname="com.topcoder.timetracker.company.failuretests.DbCompanyDAOFailureTests" time="0.0"></testcase>
  <testcase name="testDbCompanyDAO1_NullAuditManagerNamspace" classname="com.topcoder.timetracker.company.failuretests.DbCompanyDAOFailureTests" time="0.015"></testcase>
  <testcase name="testDbCompanyDAO1_EmptyAuditManagerNamspace" classname="com.topcoder.timetracker.company.failuretests.DbCompanyDAOFailureTests" time="0.0"></testcase>
  <testcase name="testDbCompanyDAO1_TrimmedAuditManagerNamspace" classname="com.topcoder.timetracker.company.failuretests.DbCompanyDAOFailureTests" time="0.0"></testcase>
  <testcase name="testDbCompanyDAO2_NullDBConnectionFactory" classname="com.topcoder.timetracker.company.failuretests.DbCompanyDAOFailureTests" time="0.0"></testcase>
  <testcase name="testDbCompanyDAO2_NullConnectionName" classname="com.topcoder.timetracker.company.failuretests.DbCompanyDAOFailureTests" time="0.016"></testcase>
  <testcase name="testDbCompanyDAO2_EmptyConnectionName" classname="com.topcoder.timetracker.company.failuretests.DbCompanyDAOFailureTests" time="0.0"></testcase>
  <testcase name="testDbCompanyDAO2_TrimmedConnectionName" classname="com.topcoder.timetracker.company.failuretests.DbCompanyDAOFailureTests" time="0.0"></testcase>
  <testcase name="testDbCompanyDAO2_TrimmedIdGen" classname="com.topcoder.timetracker.company.failuretests.DbCompanyDAOFailureTests" time="0.0"></testcase>
  <testcase name="testDbCompanyDAO1_NullContactManager" classname="com.topcoder.timetracker.company.failuretests.DbCompanyDAOFailureTests" time="0.0"></testcase>
  <testcase name="testDbCompanyDAO1_NullAddressManager" classname="com.topcoder.timetracker.company.failuretests.DbCompanyDAOFailureTests" time="0.015"></testcase>
  <testcase name="testDbCompanyDAO1_NullAuditManager" classname="com.topcoder.timetracker.company.failuretests.DbCompanyDAOFailureTests" time="0.0"></testcase>
  <testcase name="testCreateCompany_InvalidCompany1" classname="com.topcoder.timetracker.company.failuretests.DbCompanyDAOFailureTests" time="0.0"></testcase>
  <testcase name="testCreateCompany_InvalidCompany2" classname="com.topcoder.timetracker.company.failuretests.DbCompanyDAOFailureTests" time="0.0"></testcase>
  <testcase name="testCreateCompany_InvalidCompany3" classname="com.topcoder.timetracker.company.failuretests.DbCompanyDAOFailureTests" time="0.016"></testcase>
  <testcase name="testCreateCompany_InvalidCompany4" classname="com.topcoder.timetracker.company.failuretests.DbCompanyDAOFailureTests" time="0.0"></testcase>
  <testcase name="testCreateCompany_NullUserName" classname="com.topcoder.timetracker.company.failuretests.DbCompanyDAOFailureTests" time="0.25"></testcase>
  <testcase name="testCreateCompany_EmptyUserName" classname="com.topcoder.timetracker.company.failuretests.DbCompanyDAOFailureTests" time="0.0"></testcase>
  <testcase name="testCreateCompany_TrimmedUserName" classname="com.topcoder.timetracker.company.failuretests.DbCompanyDAOFailureTests" time="0.0"></testcase>
  <testcase name="testRetrieveCompany_ZeroId" classname="com.topcoder.timetracker.company.failuretests.DbCompanyDAOFailureTests" time="0.016"></testcase>
  <testcase name="testRetrieveCompany_NegativeId" classname="com.topcoder.timetracker.company.failuretests.DbCompanyDAOFailureTests" time="0.0"></testcase>
  <testcase name="testUpdateCompany_InvalidCompany1" classname="com.topcoder.timetracker.company.failuretests.DbCompanyDAOFailureTests" time="0.0"></testcase>
  <testcase name="testUpdateCompany_InvalidCompany2" classname="com.topcoder.timetracker.company.failuretests.DbCompanyDAOFailureTests" time="0.0"></testcase>
  <testcase name="testUpdateCompany_InvalidCompany3" classname="com.topcoder.timetracker.company.failuretests.DbCompanyDAOFailureTests" time="0.015"></testcase>
  <testcase name="testUpdateCompany_InvalidCompany4" classname="com.topcoder.timetracker.company.failuretests.DbCompanyDAOFailureTests" time="0.0"></testcase>
  <testcase name="testUpdateCompany_InvalidCompany5" classname="com.topcoder.timetracker.company.failuretests.DbCompanyDAOFailureTests" time="0.0"></testcase>
  <testcase name="testUpdateCompany_NullUserName" classname="com.topcoder.timetracker.company.failuretests.DbCompanyDAOFailureTests" time="0.0"></testcase>
  <testcase name="testUpdateCompany_EmptyUserName" classname="com.topcoder.timetracker.company.failuretests.DbCompanyDAOFailureTests" time="0.0"></testcase>
  <testcase name="testUpdateCompany_TrimmedUserName" classname="com.topcoder.timetracker.company.failuretests.DbCompanyDAOFailureTests" time="0.016"></testcase>
  <testcase name="testDeleteCompany_InvalidCompany1" classname="com.topcoder.timetracker.company.failuretests.DbCompanyDAOFailureTests" time="0.0"></testcase>
  <testcase name="testDeleteCompany_InvalidCompany2" classname="com.topcoder.timetracker.company.failuretests.DbCompanyDAOFailureTests" time="0.0"></testcase>
  <testcase name="testDeleteCompany_InvalidCompany3" classname="com.topcoder.timetracker.company.failuretests.DbCompanyDAOFailureTests" time="0.0"></testcase>
  <testcase name="testDeleteCompany_InvalidCompany4" classname="com.topcoder.timetracker.company.failuretests.DbCompanyDAOFailureTests" time="0.016"></testcase>
  <testcase name="testDeleteCompany_InvalidCompany5" classname="com.topcoder.timetracker.company.failuretests.DbCompanyDAOFailureTests" time="0.0"></testcase>
  <testcase name="testDeleteCompany_NullUserName" classname="com.topcoder.timetracker.company.failuretests.DbCompanyDAOFailureTests" time="0.0"></testcase>
  <testcase name="testDeleteCompany_EmptyUserName" classname="com.topcoder.timetracker.company.failuretests.DbCompanyDAOFailureTests" time="0.0"></testcase>
  <testcase name="testDeleteCompany_TrimmedUserName" classname="com.topcoder.timetracker.company.failuretests.DbCompanyDAOFailureTests" time="0.312"></testcase>
  <testcase name="testCreateCompanies_ContainsNullCompany" classname="com.topcoder.timetracker.company.failuretests.DbCompanyDAOFailureTests" time="0.0"></testcase>
  <testcase name="testCreateCompanies_InvalidCompany1" classname="com.topcoder.timetracker.company.failuretests.DbCompanyDAOFailureTests" time="0.016"></testcase>
  <testcase name="testCreateCompanies_InvalidCompany2" classname="com.topcoder.timetracker.company.failuretests.DbCompanyDAOFailureTests" time="0.0"></testcase>
  <testcase name="testCreateCompanies_InvalidCompany3" classname="com.topcoder.timetracker.company.failuretests.DbCompanyDAOFailureTests" time="0.0"></testcase>
  <testcase name="testCreateCompanies_InvalidCompany4" classname="com.topcoder.timetracker.company.failuretests.DbCompanyDAOFailureTests" time="0.0"></testcase>
  <testcase name="testCreateCompanies_NullUserName" classname="com.topcoder.timetracker.company.failuretests.DbCompanyDAOFailureTests" time="0.015"></testcase>
  <testcase name="testCreateCompanies_EmptyUserName" classname="com.topcoder.timetracker.company.failuretests.DbCompanyDAOFailureTests" time="0.0"></testcase>
  <testcase name="testCreateCompanies_TrimmedUserName" classname="com.topcoder.timetracker.company.failuretests.DbCompanyDAOFailureTests" time="0.0"></testcase>
  <testcase name="testRetrieveCompanies_ContainsZeroId" classname="com.topcoder.timetracker.company.failuretests.DbCompanyDAOFailureTests" time="0.016"></testcase>
  <testcase name="testRetrieveCompanies_ContainsNegativeId" classname="com.topcoder.timetracker.company.failuretests.DbCompanyDAOFailureTests" time="0.0"></testcase>
  <testcase name="testUpdateCompanies_ContainsNullCompany" classname="com.topcoder.timetracker.company.failuretests.DbCompanyDAOFailureTests" time="0.0"></testcase>
  <testcase name="testUpdateCompanies_InvalidCompany1" classname="com.topcoder.timetracker.company.failuretests.DbCompanyDAOFailureTests" time="0.0"></testcase>
  <testcase name="testUpdateCompanies_InvalidCompany2" classname="com.topcoder.timetracker.company.failuretests.DbCompanyDAOFailureTests" time="0.016"></testcase>
  <testcase name="testUpdateCompanies_InvalidCompany3" classname="com.topcoder.timetracker.company.failuretests.DbCompanyDAOFailureTests" time="0.0"></testcase>
  <testcase name="testUpdateCompanies_InvalidCompany4" classname="com.topcoder.timetracker.company.failuretests.DbCompanyDAOFailureTests" time="0.0"></testcase>
  <testcase name="testUpdateCompanies_InvalidCompany5" classname="com.topcoder.timetracker.company.failuretests.DbCompanyDAOFailureTests" time="0.0"></testcase>
  <testcase name="testUpdateCompanies_NullUserName" classname="com.topcoder.timetracker.company.failuretests.DbCompanyDAOFailureTests" time="0.0"></testcase>
  <testcase name="testUpdateCompanies_EmptyUserName" classname="com.topcoder.timetracker.company.failuretests.DbCompanyDAOFailureTests" time="0.015"></testcase>
  <testcase name="testUpdateCompanies_TrimmedUserName" classname="com.topcoder.timetracker.company.failuretests.DbCompanyDAOFailureTests" time="0.0"></testcase>
  <testcase name="testdeleteCompanies_NullCompany" classname="com.topcoder.timetracker.company.failuretests.DbCompanyDAOFailureTests" time="0.281"></testcase>
  <testcase name="testdeleteCompanies_ContainsNullCompany" classname="com.topcoder.timetracker.company.failuretests.DbCompanyDAOFailureTests" time="0.0"></testcase>
  <testcase name="testdeleteCompanies_InvalidCompany1" classname="com.topcoder.timetracker.company.failuretests.DbCompanyDAOFailureTests" time="0.0"></testcase>
  <testcase name="testdeleteCompanies_InvalidCompany2" classname="com.topcoder.timetracker.company.failuretests.DbCompanyDAOFailureTests" time="0.016"></testcase>
  <testcase name="testdeleteCompanies_InvalidCompany3" classname="com.topcoder.timetracker.company.failuretests.DbCompanyDAOFailureTests" time="0.0"></testcase>
  <testcase name="testdeleteCompanies_InvalidCompany4" classname="com.topcoder.timetracker.company.failuretests.DbCompanyDAOFailureTests" time="0.0"></testcase>
  <testcase name="testdeleteCompanies_InvalidCompany5" classname="com.topcoder.timetracker.company.failuretests.DbCompanyDAOFailureTests" time="0.0"></testcase>
  <testcase name="testdeleteCompanies_NullUserName" classname="com.topcoder.timetracker.company.failuretests.DbCompanyDAOFailureTests" time="0.016"></testcase>
  <testcase name="testdeleteCompanies_EmptyUserName" classname="com.topcoder.timetracker.company.failuretests.DbCompanyDAOFailureTests" time="0.0"></testcase>
  <testcase name="testdeleteCompanies_TrimmedUserName" classname="com.topcoder.timetracker.company.failuretests.DbCompanyDAOFailureTests" time="0.0"></testcase>
  <testcase name="testCreateCompaniesNonAtomicallyUnsupportedOperationException" classname="com.topcoder.timetracker.company.failuretests.DbCompanyDAOFailureTests" time="0.0"></testcase>
  <testcase name="testUpdateCompaniesNonAtomicallyUnsupportedOperationException" classname="com.topcoder.timetracker.company.failuretests.DbCompanyDAOFailureTests" time="0.015"></testcase>
  <testcase name="testDeleteCompaniesNonAtomicallyUnsupportedOperationException" classname="com.topcoder.timetracker.company.failuretests.DbCompanyDAOFailureTests" time="0.0"></testcase>
  <testcase name="testLocalCompanyManagerDelegate_NullNamespace" classname="com.topcoder.timetracker.company.failuretests.LocalCompanyManagerDelegateFailureTests" time="0.0"></testcase>
  <testcase name="testLocalCompanyManagerDelegate_EmptyNamespace" classname="com.topcoder.timetracker.company.failuretests.LocalCompanyManagerDelegateFailureTests" time="0.0"></testcase>
  <testcase name="testLocalCompanyManagerDelegate_TrimmedEmptyNamespace" classname="com.topcoder.timetracker.company.failuretests.LocalCompanyManagerDelegateFailureTests" time="0.016"></testcase>
  <testcase name="testLocalCompanyManagerDelegate_UnknownNamespace" classname="com.topcoder.timetracker.company.failuretests.LocalCompanyManagerDelegateFailureTests" time="0.0"></testcase>
  <testcase name="testLocalCompanyManagerDelegate_InvalidNamespace3" classname="com.topcoder.timetracker.company.failuretests.LocalCompanyManagerDelegateFailureTests" time="0.0"></testcase>
  <testcase name="testLocalCompanyManagerDelegate_InvalidNamespace1" classname="com.topcoder.timetracker.company.failuretests.LocalCompanyManagerDelegateFailureTests" time="0.016"></testcase>
  <testcase name="testLocalCompanyManagerDelegate_InvalidNamespace2" classname="com.topcoder.timetracker.company.failuretests.LocalCompanyManagerDelegateFailureTests" time="0.0"></testcase>
  <testcase name="testCreateCompany" classname="com.topcoder.timetracker.company.stresstests.LocalCompanyManagerDelegateStressTest" time="56.812"></testcase>
  <testcase name="testRetrieveCompany" classname="com.topcoder.timetracker.company.stresstests.LocalCompanyManagerDelegateStressTest" time="57.75"></testcase>
  <testcase name="testUpdateCompany" classname="com.topcoder.timetracker.company.stresstests.LocalCompanyManagerDelegateStressTest" time="88.781"></testcase>
  <testcase name="testDeleteCompany" classname="com.topcoder.timetracker.company.stresstests.LocalCompanyManagerDelegateStressTest" time="86.547"></testcase>
  <testcase name="testListCompanies" classname="com.topcoder.timetracker.company.stresstests.LocalCompanyManagerDelegateStressTest" time="32.875"></testcase>
  <testcase name="testCreateCompanies" classname="com.topcoder.timetracker.company.stresstests.LocalCompanyManagerDelegateStressTest" time="145.719"></testcase>
  <testcase name="testRetrieveCompanies" classname="com.topcoder.timetracker.company.stresstests.LocalCompanyManagerDelegateStressTest" time="34.75"></testcase>
  <testcase name="testUpdateCompanies" classname="com.topcoder.timetracker.company.stresstests.LocalCompanyManagerDelegateStressTest" time="177.469"></testcase>
  <testcase name="testDeleteCompanies" classname="com.topcoder.timetracker.company.stresstests.LocalCompanyManagerDelegateStressTest" time="152.187"></testcase>
  <system-out><![CDATA[1
Company count: 1
newPwd
]]></system-out>
  <system-err><![CDATA[log4j:WARN No appenders could be found for logger (org.mockejb.jndi.MockContext).
log4j:WARN Please initialize the log4j system properly.
]]></system-err>
</testsuite>
