<?xml version="1.0" encoding="UTF-8" ?>
<testsuite errors="1" failures="0" hostname="macbookpro" name="com.topcoder.service.studio.UnitTests" tests="1" time="0.0" timestamp="2008-04-05T17:10:25">
  <properties>
    <property name="java.vendor" value="Apple Inc." />
    <property name="package" value="com.topcoder.service.studio" />
    <property name="docpackage.jar" value="studio_service_docs.jar" />
    <property name="sun.java.launcher" value="SUN_STANDARD" />
    <property name="jikes.class.path" value=":/System/Library/Frameworks/JavaVM.framework/Versions/1.5.0/Home/../Classes/charsets.jar:/System/Library/Frameworks/JavaVM.framework/Versions/1.5.0/Home/../Classes/classes.jar:/System/Library/Frameworks/JavaVM.framework/Versions/1.5.0/Home/../Classes/dt.jar:/System/Library/Frameworks/JavaVM.framework/Versions/1.5.0/Home/../Classes/jce.jar:/System/Library/Frameworks/JavaVM.framework/Versions/1.5.0/Home/../Classes/jconsole.jar:/System/Library/Frameworks/JavaVM.framework/Versions/1.5.0/Home/../Classes/jsse.jar:/System/Library/Frameworks/JavaVM.framework/Versions/1.5.0/Home/../Classes/laf.jar:/System/Library/Frameworks/JavaVM.framework/Versions/1.5.0/Home/../Classes/ui.jar" />
    <property name="sun.management.compiler" value="HotSpot Client Compiler" />
    <property name="verbose" value="no" />
    <property name="os.name" value="Mac OS X" />
    <property name="sun.boot.class.path" value="/System/Library/Frameworks/JavaVM.framework/Versions/1.5.0/Classes/classes.jar:/System/Library/Frameworks/JavaVM.framework/Versions/1.5.0/Classes/ui.jar:/System/Library/Frameworks/JavaVM.framework/Versions/1.5.0/Classes/laf.jar:/System/Library/Frameworks/JavaVM.framework/Versions/1.5.0/Classes/sunrsasign.jar:/System/Library/Frameworks/JavaVM.framework/Versions/1.5.0/Classes/jsse.jar:/System/Library/Frameworks/JavaVM.framework/Versions/1.5.0/Classes/jce.jar:/System/Library/Frameworks/JavaVM.framework/Versions/1.5.0/Classes/charsets.jar" />
    <property name="docsdir" value="docs" />
    <property name="javadoc.jar" value="javadocs.jar" />
    <property name="design_submission.jar" value="Studio_Service_1.0_design_submission.jar" />
    <property name="component.tests.jar" value="build/dist/lib/tcs/studio_service_tests.jar" />
    <property name="java.vm.specification.vendor" value="Sun Microsystems Inc." />
    <property name="ant.home" value="/usr/share/ant" />
    <property name="java.runtime.version" value="1.5.0_13-b05-237" />
    <property name="component_path" value="studio_service/1.0" />
    <property name="cobertura.dir" value="/Users/dkr/Code/java/cobertura/1.9" />
    <property name="user.name" value="dkr" />
    <property name="debug" value="off" />
    <property name="awt.nativeDoubleBuffering" value="true" />
    <property name="reports" value="reports" />
    <property name="testfiles" value="test_files" />
    <property name="dist_conf" value="build/dist/studio_service-1.0/conf" />
    <property name="component_version" value="1.0" />
    <property name="user.language" value="en" />
    <property name="cobertura.datafile" value="log/cobertura.ser" />
    <property name="sun.boot.library.path" value="/System/Library/Frameworks/JavaVM.framework/Versions/1.5.0/Libraries" />
    <property name="tcs_libdir" value="lib/tcs" />
    <property name="srcdir" value="src" />
    <property name="ant.project.name" value="Studio Service" />
    <property name="java.version" value="1.5.0_13" />
    <property name="user.timezone" value="" />
    <property name="dev_dist.jar" value="Studio_Service_1.0_dev_dist.jar" />
    <property name="sun.arch.data.model" value="32" />
    <property name="build_lib" value="build/lib" />
    <property name="webdir" value="web" />
    <property name="http.nonProxyHosts" value="local|*.local|169.254/16|*.169.254/16" />
    <property name="java.endorsed.dirs" value="/System/Library/Frameworks/JavaVM.framework/Versions/1.5.0/Home/lib/endorsed" />
    <property name="sun.cpu.isalist" value="" />
    <property name="packagedir" value="com/topcoder/service/studio" />
    <property name="sun.jnu.encoding" value="MacRoman" />
    <property name="file.encoding.pkg" value="sun.io" />
    <property name="file.separator" value="/" />
    <property name="java.specification.name" value="Java Platform API Specification" />
    <property name="build_docsdir" value="build/docs" />
    <property name="dev_submission.jar" value="Studio_Service_1.0_dev_submission.jar" />
    <property name="java.class.version" value="49.0" />
    <property name="build_testclassdir" value="build/testClasses" />
    <property name="user.country" value="US" />
    <property name="java.home" value="/System/Library/Frameworks/JavaVM.framework/Versions/1.5.0/Home" />
    <property name="java.vm.info" value="mixed mode, sharing" />
    <property name="jar_tcs_libdir" value="lib/tcs" />
    <property name="ant.file" value="/Users/dkr/TopCoder/Development/Review/Studio_Service/49099/build.xml" />
    <property name="os.version" value="10.5.2" />
    <property name="build_distdir" value="build/dist" />
    <property name="dist_docpackage" value="build/doc_package" />
    <property name="build_tcsdistdir" value="build/dist/studio_service-1.0" />
    <property name="path.separator" value=":" />
    <property name="java.vm.version" value="1.5.0_13-119" />
    <property name="testlogdir" value="log" />
    <property name="ant.library.dir" value="/usr/share/ant/lib" />
    <property name="javamain" value="src/java/main" />
    <property name="dist_lib" value="build/dist/lib/tcs" />
    <property name="dist_testfiles" value="build/dist/studio_service-1.0/test_files" />
    <property name="dist_javadocs" value="build/dist/studio_service-1.0/docs/javadocs" />
    <property name="java.awt.printerjob" value="apple.awt.CPrinterJob" />
    <property name="sun.io.unicode.encoding" value="UnicodeLittle" />
    <property name="component" value="Studio_Service" />
    <property name="awt.toolkit" value="apple.awt.CToolkit" />
    <property name="socksNonProxyHosts" value="local|*.local|169.254/16|*.169.254/16" />
    <property name="ftp.nonProxyHosts" value="local|*.local|169.254/16|*.169.254/16" />
    <property name="component.war" value="${dist_examples}/studio_service.war" />
    <property name="user.home" value="/Users/dkr" />
    <property name="java.specification.vendor" value="Sun Microsystems Inc." />
    <property name="java.vendor.url" value="http://www.apple.com/" />
    <property name="java.library.path" value=".:/Library/Java/Extensions:/System/Library/Java/Extensions:/usr/lib/java" />
    <property name="build_javadocsdir" value="build/docs/javadocs" />
    <property name="configdir" value="conf" />
    <property name="gopherProxySet" value="false" />
    <property name="java.vm.vendor" value="Apple Inc." />
    <property name="java.runtime.name" value="Java(TM) 2 Runtime Environment, Standard Edition" />
    <property name="ant.version" value="Apache Ant version 1.7.0 compiled on September 23 2007" />
    <property name="java.class.path" value="/usr/share/ant/lib/ant-launcher.jar:/usr/share/ant/lib/ant-jai.jar:/usr/share/ant/lib/ant-jmf.jar:/usr/share/ant/lib/ant-junit.jar:/usr/share/ant/lib/ant-launcher.jar:/usr/share/ant/lib/ant-nodeps.jar:/usr/share/ant/lib/ant-swing.jar:/usr/share/ant/lib/ant-testutil.jar:/usr/share/ant/lib/ant-trax.jar:/usr/share/ant/lib/ant.jar:/usr/share/ant/lib/xercesImpl.jar:/usr/share/ant/lib/xml-apis.jar" />
    <property name="ext_libdir" value="lib" />
    <property name="builddir" value="build" />
    <property name="java.vm.specification.name" value="Java Virtual Machine Specification" />
    <property name="java.vm.specification.version" value="1.0" />
    <property name="component.dist.jar" value="build/dist/studio_service-1.0.jar" />
    <property name="sun.os.patch.level" value="unknown" />
    <property name="sun.cpu.endian" value="little" />
    <property name="java.io.tmpdir" value="/tmp" />
    <property name="java.vendor.url.bug" value="http://bugreport.apple.com/" />
    <property name="build_targetclassdir" value="build/targetclasses" />
    <property name="javatests" value="src/java/tests" />
    <property name="build_classdir" value="build/classes" />
    <property name="javadocsdir" value="docs/javadocs" />
    <property name="java.awt.graphicsenv" value="apple.awt.CGraphicsEnvironment" />
    <property name="os.arch" value="i386" />
    <property name="instrumented.dir" value="build/instrumented" />
    <property name="build_webdir" value="build/web" />
    <property name="java.ext.dirs" value="/Library/Java/Extensions:/System/Library/Java/Extensions:/System/Library/Frameworks/JavaVM.framework/Versions/1.5.0/Home/lib/ext" />
    <property name="dist_src" value="build/dist/studio_service-1.0/src" />
    <property name="user.dir" value="/Users/dkr/TopCoder/Development/Review/Studio_Service/49099" />
    <property name="mrj.version" value="1040.1.5.0_13-237" />
    <property name="design_dist.jar" value="Studio_Service_1.0_design_dist.jar" />
    <property name="javasrc" value="src/java" />
    <property name="jar_ext_libdir" value="lib" />
    <property name="line.separator" value="
" />
    <property name="java.vm.name" value="Java HotSpot(TM) Client VM" />
    <property name="distfilename" value="studio_service" />
    <property name="java_1_3_bootclasspath" value="c:\program files\JavaSoft\JRE\1.3.1\lib\rt.jar" />
    <property name="ant.file.Studio Service" value="/Users/dkr/TopCoder/Development/Review/Studio_Service/49099/build.xml" />
    <property name="basedir" value="/Users/dkr/TopCoder/Development/Review/Studio_Service/49099" />
    <property name="ant.java.version" value="1.5" />
    <property name="ant.core.lib" value="/usr/share/ant/lib/ant.jar" />
    <property name="file.encoding" value="MacRoman" />
    <property name="dist_docs" value="build/dist/studio_service-1.0/docs" />
    <property name="component.jar" value="build/dist/lib/tcs/studio_service/1.0/studio_service.jar" />
    <property name="java.specification.version" value="1.5" />
  </properties>
  <testcase classname="com.topcoder.service.studio.UnitTests" name="unknown" time="0.0">
    <error message="Forked Java VM exited abnormally. Please note the time in the report does not reflect the time until the VM exit." type="junit.framework.AssertionFailedError">junit.framework.AssertionFailedError: Forked Java VM exited abnormally. Please note the time in the report does not reflect the time until the VM exit.
</error>
  </testcase>
</testsuite>
