<?xml version="1.0" encoding="UTF-8" ?>
<testsuite errors="0" failures="0" name="com.topcoder.timetracker.notification.AllTests" tests="364" time="216.328">
  <properties>
    <property name="db_connection_factory.path" value="db_connection_factory/1.0"></property>
    <property name="uml_model_-_core_relationships.jar" value="D:/lib/tcs/uml_model_-_core_relationships/1.0/uml_model_-_core_relationships.jar"></property>
    <property name="javadoc.jar" value="javadocs.jar"></property>
    <property name="cactus.home.tomcat4x" value="D:/Software/Servers/AppServers/jakarta-tomcat-4.1.31"></property>
    <property name="authorization.version" value="2.1.1"></property>
    <property name="packagedir" value="com/topcoder/timetracker/notification"></property>
    <property name="ant.library.dir" value="D:\Software\Java\apache-ant-1.6.5\lib"></property>
    <property name="search_builder.version" value="1.3.1"></property>
    <property name="configuration_manager.version" value="2.1.5"></property>
    <property name="user.dir" value="F:\Download\Time_Tracker_Notification_1.0_dev_dist\Final"></property>
    <property name="java.vm.version" value="1.5.0_05-b05"></property>
    <property name="servlet1.3.jar" value="D:/lib/servlet.jar"></property>
    <property name="math_expression_evaluator.path" value="math_expression_evaluator/1.0"></property>
    <property name="search_builder.jar" value="D:/lib/tcs/search_builder/1.3.1/search_builder.jar"></property>
    <property name="uml_model_-_state_machines.path" value="uml_model_-_state_machines/1.0"></property>
    <property name="uml_model_-_core_relationships.path" value="uml_model_-_core_relationships/1.0"></property>
    <property name="jar_ext_libdir" value="lib"></property>
    <property name="typesafe_enum.jar.name" value="typesafe_enum.jar"></property>
    <property name="jdbc.sqlserver.jar" value="D:/lib/jdbc/sqljdbc.jar"></property>
    <property name="data_validation.path" value="data_validation/1.0"></property>
    <property name="sun.os.patch.level" value="Service Pack 2"></property>
    <property name="distfilename" value="time_tracker_notification"></property>
    <property name="java.vm.specification.name" value="Java Virtual Machine Specification"></property>
    <property name="uml_model_-_state_machines.jar.name" value="uml_model_-_state_machines.jar"></property>
    <property name="commons.httpclient.jar" value="D:/lib/apache/commons/commons-httpclient-3.0.1.jar"></property>
    <property name="diagram_interchange.version" value="1.0"></property>
    <property name="object_factory.path" value="object_factory/2.0.1"></property>
    <property name="ext_libdir" value="D:/lib"></property>
    <property name="JNDI_Utility.version" value="1.0"></property>
    <property name="search_builder.path" value="search_builder/1.3.1"></property>
    <property name="os.name" value="Windows XP"></property>
    <property name="build_distdir" value="build/dist"></property>
    <property name="jdbc.informix.jar" value="D:/lib/jdbc/ifxjdbc.jar"></property>
    <property name="authorization.path" value="authorization/2.1.1"></property>
    <property name="logging_wrapper.jar" value="D:/lib/tcs/logging_wrapper/1.2/logging_wrapper.jar"></property>
    <property name="component.jar" value="build/dist/lib/tcs/time_tracker_notification/1.0/time_tracker_notification.jar"></property>
    <property name="java.vendor.url.bug" value="http://java.sun.com/cgi-bin/bugreport.cgi"></property>
    <property name="uml_model_-_core.jar" value="D:/lib/tcs/uml_model_-_core/1.0/uml_model_-_core.jar"></property>
    <property name="srcdir" value="src"></property>
    <property name="os.arch" value="x86"></property>
    <property name="logging_wrapper.version" value="1.2"></property>
    <property name="user.name" value="Zhang Guiqiang"></property>
    <property name="docsdir" value="docs"></property>
    <property name="uml_model_-_core_relationships.jar.name" value="uml_model_-_core_relationships.jar"></property>
    <property name="commons.beanutils.jar" value="${lib.apache.common.dir}/commons-beanutils-1.7.0.jar"></property>
    <property name="configuration_manager.path" value="configuration_manager/2.1.5"></property>
    <property name="time_tracker_common.jar" value="D:/lib/tcs/time_tracker_common/3.1/time_tracker_common.jar"></property>
    <property name="string_pattern_match.version" value="1.0"></property>
    <property name="jar_tcs_libdir" value="lib/tcs"></property>
    <property name="uml_model_-_common_behavior.jar" value="D:/lib/tcs/uml_model_-_common_behavior/1.0/uml_model_-_common_behavior.jar"></property>
    <property name="xercesImpl.jar" value="D:/lib/xerces/2.7.1/xercesImpl.jar"></property>
    <property name="search_builder.jar.name" value="search_builder.jar"></property>
    <property name="id_generator.version" value="3.0"></property>
    <property name="JNDI_Utility.jar" value="D:/lib/tcs/JNDI_Utility/1.0/JNDI_Utility.jar"></property>
    <property name="user.country" value="US"></property>
    <property name="javadocsdir" value="docs/javadocs"></property>
    <property name="time_tracker_contact.path" value="time_tracker_contact/3.2"></property>
    <property name="reports" value="reports"></property>
    <property name="cobertura.dir" value="D:/lib/cobertura-1.8"></property>
    <property name="time_tracker_common.path" value="time_tracker_common/3.1"></property>
    <property name="dist_conf" value="build/dist/time_tracker_notification-1.0/conf"></property>
    <property name="uml_model_-_core_relationships.version" value="1.0"></property>
    <property name="tcs_libdir" value="D:/lib/tcs"></property>
    <property name="data_validation.jar" value="D:/lib/tcs/data_validation/1.0/data_validation.jar"></property>
    <property name="uml_model_-_core.jar.name" value="uml_model_-_core.jar"></property>
    <property name="dist_javadocs" value="build/dist/time_tracker_notification-1.0/docs/javadocs"></property>
    <property name="build_docsdir" value="build/docs"></property>
    <property name="build_javadocsdir" value="build/docs/javadocs"></property>
    <property name="jdbc.oracle.jar" value="D:/lib/jdbc/ojdbc14.jar"></property>
    <property name="java.endorsed.dirs" value="D:\Software\Java\jdk1.5.0\jre\lib\endorsed"></property>
    <property name="string_pattern_match.path" value="string_pattern_match/1.0"></property>
    <property name="commons.io.jar" value="D:/lib/apache/commons/commons-io-1.0.jar"></property>
    <property name="generic_event_manager.path" value="generic_event_manager/1.0"></property>
    <property name="chat_user_profile.jar.name" value="chat_user_profile.jar"></property>
    <property name="jbossall-client.jar" value="D:/lib/jbossall-client.jar"></property>
    <property name="component.dist.jar" value="build/dist/time_tracker_notification-1.0.jar"></property>
    <property name="java.vm.specification.version" value="1.0"></property>
    <property name="commons.cli.jar" value="D:/lib/apache/commons/commons-cli-1.0.jar"></property>
    <property name="lib.apache.commons.dir" value="D:/lib/apache/commons"></property>
    <property name="logging_wrapper.path" value="logging_wrapper/1.2"></property>
    <property name="status_tracker.jar" value="D:/lib/tcs/status_tracker/1.0/status_tracker.jar"></property>
    <property name="java.vendor" value="Sun Microsystems Inc."></property>
    <property name="file.separator" value="\"></property>
    <property name="user.variant" value=""></property>
    <property name="mail.jar" value="D:/lib/mail.jar"></property>
    <property name="ant.file.Time Tracker Notification" value="F:\Download\Time_Tracker_Notification_1.0_dev_dist\Final\build.xml"></property>
    <property name="ant.home" value="D:\Software\Java\apache-ant-1.6.5"></property>
    <property name="builddir" value="build"></property>
    <property name="dev_dist.jar" value="Time_Tracker_Notification_1.0_dev_dist.jar"></property>
    <property name="simple_cache.path" value="simple_cache/1.1"></property>
    <property name="jboss_home" value="D:/Software/Servers/AppServers/jboss-4.0.5.GA"></property>
    <property name="zoom_panel.path" value="zoom_panel/1.0"></property>
    <property name="javasrc" value="src/java"></property>
    <property name="ant.java.version" value="1.5"></property>
    <property name="java.library.path" value="D:\Software\Java\jdk1.5.0\jre\bin;.;C:\WINDOWS\system32;C:\WINDOWS;D:\Software\Servers\Databases\oraclexe\app\oracle\product\10.2.0\server\bin;C:\Program Files\PC Connectivity Solution\;D:\Software\Ruby\bin;D:\Software\Tools\mksscripts\src;D:\Software\Tools\MKS\IntegrityClient\bin;D:\Software\Perl\bin\;C:\Program Files\ThinkPad\Utilities;C:\WINDOWS\system32;C:\WINDOWS;C:\WINDOWS\System32\Wbem;C:\Program Files\Intel\Wireless\Bin\;C:\Program Files\ATI Technologies\ATI Control Panel;D:\Software\Java\jdk1.5.0\bin;D:\Software\Java\apache-ant-1.6.5\bin;C:\Program Files\Microsoft SQL Server\90\Tools\binn\;C:\Program Files\ThinkPad\ConnectUtilities;C:\tbs\bin;D:\Software\Tools\nant-0.85\bin;C:\WINDOWS\Microsoft.NET\Framework\v1.1.4322;D:\Software\Servers\Databases\MySQL5\bin;D:\Software\Tools\cygwin\bin;D:\Software\Tools\4NT302;D:\Software\groovy\bin;C:\Program Files\QuickTime\QTSystem\"></property>
    <property name="uml_model_-_core_extension_mechanisms.jar" value="D:/lib/tcs/uml_model_-_core_extension_mechanisms/1.0/uml_model_-_core_extension_mechanisms.jar"></property>
    <property name="activation.jar" value="D:/lib/activation.jar"></property>
    <property name="time_tracker_audit.version" value="3.2"></property>
    <property name="base_exception.jar.name" value="base_exception.jar"></property>
    <property name="db_connection_factory.jar.name" value="db_connection_factory.jar"></property>
    <property name="sun.arch.data.model" value="32"></property>
    <property name="basedir" value="F:\Download\Time_Tracker_Notification_1.0_dev_dist\Final"></property>
    <property name="webdir" value="web"></property>
    <property name="ant.file.Common properties and tasks" value="D:\TopCoder\config\commons.xml"></property>
    <property name="base_exception.version" value="1.0"></property>
    <property name="diagram_elements.path" value="diagram_elements/1.0"></property>
    <property name="path.separator" value=";"></property>
    <property name="uml_model_-_core_classifiers.path" value="uml_model_-_core_classifiers/1.0"></property>
    <property name="sun.io.unicode.encoding" value="UnicodeLittle"></property>
    <property name="generic_event_manager.jar" value="D:/lib/tcs/generic_event_manager/1.0/generic_event_manager.jar"></property>
    <property name="simple_cache.version" value="1.1"></property>
    <property name="user.language" value="en"></property>
    <property name="junit.jar" value="D:/lib/junit.jar"></property>
    <property name="object_factory.jar" value="D:/lib/tcs/object_factory/2.0.1/object_factory.jar"></property>
    <property name="docpackage.jar" value="time_tracker_notification_docs.jar"></property>
    <property name="chat_user_profile.version" value="2.0"></property>
    <property name="database_abstraction.jar.name" value="database_abstraction.jar"></property>
    <property name="uml_model_-_common_behavior.jar.name" value="uml_model_-_common_behavior.jar"></property>
    <property name="authentication_factory.version" value="2.0"></property>
    <property name="authorization.jar" value="D:/lib/tcs/authorization/2.1.1/authorization.jar"></property>
    <property name="chat_user_profile.jar" value="D:/lib/tcs/chat_user_profile/2.0/chat_user_profile.jar"></property>
    <property name="package" value="com.topcoder.timetracker.notification"></property>
    <property name="java.class.version" value="49.0"></property>
    <property name="uml_model_-_core_extension_mechanisms.version" value="1.0"></property>
    <property name="xml-apis.jar" value="D:/lib/xerces/2.7.1/xml-apis.jar"></property>
    <property name="javamain" value="src/java/main"></property>
    <property name="database_abstraction.version" value="1.1"></property>
    <property name="file.encoding.pkg" value="sun.io"></property>
    <property name="sun.cpu.endian" value="little"></property>
    <property name="uml_model_-_activity_graphs.jar" value="D:/lib/tcs/uml_model_-_activity_graphs/1.0/uml_model_-_activity_graphs.jar"></property>
    <property name="time_tracker_contact.jar" value="D:/lib/tcs/time_tracker_contact/3.2/time_tracker_contact.jar"></property>
    <property name="generic_event_manager.version" value="1.0"></property>
    <property name="zoom_panel.jar.name" value="zoom_panel.jar"></property>
    <property name="java.home" value="D:\Software\Java\jdk1.5.0\jre"></property>
    <property name="build_classdir" value="build/classes"></property>
    <property name="diagram_interchange.jar" value="D:/lib/tcs/diagram_interchange/1.0/diagram_interchange.jar"></property>
    <property name="data_validation.version" value="1.0"></property>
    <property name="component_version" value="1.0"></property>
    <property name="build_testclassdir" value="build/testClasses"></property>
    <property name="junitejb.jar" value="D:/lib/junitejb.jar"></property>
    <property name="diagram_edges.path" value="diagram_edges/1.0"></property>
    <property name="uml_model_-_core_classifiers.jar" value="D:/lib/tcs/uml_model_-_core_classifiers/1.0/uml_model_-_core_classifiers.jar"></property>
    <property name="mockejb.jar" value="D:/lib/mockejb.jar"></property>
    <property name="commons.collections.jar" value="D:/lib/apache/commons/commons-collections-3.1.jar"></property>
    <property name="dist_src" value="build/dist/time_tracker_notification-1.0/src"></property>
    <property name="log4j.jar" value="D:/lib/log4j-1.2.13.jar"></property>
    <property name="string_pattern_match.jar.name" value="string_pattern_match.jar"></property>
    <property name="build_tcsdistdir" value="build/dist/time_tracker_notification-1.0"></property>
    <property name="db_connection_factory.version" value="1.0"></property>
    <property name="time_tracker_contact.jar.name" value="time_tracker_contact.jar"></property>
    <property name="math_expression_evaluator.jar" value="D:/lib/tcs/math_expression_evaluator/1.0/math_expression_evaluator.jar"></property>
    <property name="debug" value="off"></property>
    <property name="uml_model_-_data_types.path" value="uml_model_-_data_types/1.0"></property>
    <property name="sun.management.compiler" value="HotSpot Client Compiler"></property>
    <property name="diagram_interchange.jar.name" value="diagram_interchange.jar"></property>
    <property name="jdbc.mysql.jar" value="D:/lib/jdbc/mysql-connector-java-3.1.12-bin.jar"></property>
    <property name="object_factory.jar.name" value="object_factory.jar"></property>
    <property name="ant.file" value="F:\Download\Time_Tracker_Notification_1.0_dev_dist\Final\build.xml"></property>
    <property name="typesafe_enum.version" value="1.0"></property>
    <property name="commons.logging.jar" value="D:/lib/apache/commons/commons-logging-1.0.4.jar"></property>
    <property name="time_tracker_common.version" value="3.1"></property>
    <property name="uml_model_-_core_extension_mechanisms.path" value="uml_model_-_core_extension_mechanisms/1.0"></property>
    <property name="diagram_edges.version" value="1.0"></property>
    <property name="time_tracker_contact.version" value="3.2"></property>
    <property name="jdbc.postgres.jar" value="D:/lib/jdbc/postgresql-8.1-404.jdbc3.jar"></property>
    <property name="status_tracker.path" value="status_tracker/1.0"></property>
    <property name="java_1_3_bootclasspath" value="D:/TopCoder/JavaSoft/JRE/1.3.1_18/lib/rt.jar"></property>
    <property name="commons.codec.jar" value="D:/lib/apache/commons/commons-codec-1.3.jar"></property>
    <property name="java.vm.specification.vendor" value="Sun Microsystems Inc."></property>
    <property name="java.vm.name" value="Java HotSpot(TM) Client VM"></property>
    <property name="design_submission.jar" value="Time_Tracker_Notification_1.0_design_submission.jar"></property>
    <property name="java.io.tmpdir" value="C:\DOCUME~1\ZHANGG~1\LOCALS~1\Temp\"></property>
    <property name="java.vendor.url" value="http://java.sun.com/"></property>
    <property name="status_tracker.version" value="1.0"></property>
    <property name="typesafe_enum.jar" value="D:/lib/tcs/typesafe_enum/1.0/typesafe_enum.jar"></property>
    <property name="uml_model_-_core_classifiers.version" value="1.0"></property>
    <property name="component.tests.jar" value="build/dist/lib/tcs/time_tracker_notification_tests.jar"></property>
    <property name="sun.boot.library.path" value="D:\Software\Java\jdk1.5.0\jre\bin"></property>
    <property name="configuration_manager.jar" value="D:/lib/tcs/configuration_manager/2.1.5/configuration_manager.jar"></property>
    <property name="dist_lib" value="build/dist/lib/tcs"></property>
    <property name="zoom_panel.version" value="1.0"></property>
    <property name="chat_user_profile.path" value="chat_user_profile/2.0"></property>
    <property name="diagram_interchange.path" value="diagram_interchange/1.0"></property>
    <property name="logging_wrapper.jar.name" value="logging_wrapper.jar"></property>
    <property name="xerces1.4.4.jar" value="D:/lib/xerces/1.4.4/xerces.jar"></property>
    <property name="id_generator.path" value="id_generator/3.0"></property>
    <property name="java.runtime.name" value="Java(TM) 2 Runtime Environment, Standard Edition"></property>
    <property name="ant.project.name" value="Time Tracker Notification"></property>
    <property name="commons.digester.jar" value="D:/lib/apache/commons/commons-digester-1.8.jar"></property>
    <property name="testlogdir" value="log"></property>
    <property name="dist_testfiles" value="build/dist/time_tracker_notification-1.0/test_files"></property>
    <property name="sun.cpu.isalist" value="pentium_pro+mmx pentium_pro pentium+mmx pentium i486 i386 i86"></property>
    <property name="lib.cactus.dir" value="D:/lib/cactus"></property>
    <property name="db_connection_factory.jar" value="D:/lib/tcs/db_connection_factory/1.0/db_connection_factory.jar"></property>
    <property name="zoom_panel.jar" value="D:/lib/tcs/zoom_panel/1.0/zoom_panel.jar"></property>
    <property name="user.home" value="C:\Documents and Settings\Zhang Guiqiang"></property>
    <property name="class_associations.path" value="class_associations/1.0"></property>
    <property name="java.specification.name" value="Java Platform API Specification"></property>
    <property name="database_abstraction.jar" value="D:/lib/tcs/database_abstraction/1.1/database_abstraction.jar"></property>
    <property name="configdir" value="conf"></property>
    <property name="uml_model_-_activity_graphs.jar.name" value="uml_model_-_activity_graphs.jar"></property>
    <property name="java.specification.vendor" value="Sun Microsystems Inc."></property>
    <property name="java.version" value="1.5.0_05"></property>
    <property name="build_targetclassdir" value="build/targetclasses"></property>
    <property name="diagram_elements.jar.name" value="diagram_elements.jar"></property>
    <property name="string_pattern_match.jar" value="D:/lib/tcs/string_pattern_match/1.0/string_pattern_match.jar"></property>
    <property name="dist_docpackage" value="build/doc_package"></property>
    <property name="base_exception.jar" value="D:/lib/tcs/base_exception/1.0/base_exception.jar"></property>
    <property name="mockrunner.jar" value="D:/lib/mock/mockrunner-0.3.7/lib/mockrunner.jar"></property>
    <property name="jdbc.jtds.jar" value="D:/lib/jdbc/jtds-1.2.jar"></property>
    <property name="email_engine.version" value="3.0"></property>
    <property name="simple_cache.jar.name" value="simple_cache.jar"></property>
    <property name="id_generator.jar.name" value="id_generator.jar"></property>
    <property name="configuration_manager.jar.name" value="configuration_manager.jar"></property>
    <property name="line.separator" value="
"></property>
    <property name="java.specification.version" value="1.5"></property>
    <property name="java.vm.info" value="mixed mode"></property>
    <property name="authorization.jar.name" value="authorization.jar"></property>
    <property name="build_lib" value="build/lib"></property>
    <property name="jdbc.hsqldb.jar" value="D:/lib/jdbc/hsqldb.jar"></property>
    <property name="uml_model_-_state_machines.version" value="1.0"></property>
    <property name="sun.boot.class.path" value="D:\Software\Java\jdk1.5.0\jre\lib\rt.jar;D:\Software\Java\jdk1.5.0\jre\lib\i18n.jar;D:\Software\Java\jdk1.5.0\jre\lib\sunrsasign.jar;D:\Software\Java\jdk1.5.0\jre\lib\jsse.jar;D:\Software\Java\jdk1.5.0\jre\lib\jce.jar;D:\Software\Java\jdk1.5.0\jre\lib\charsets.jar;D:\Software\Java\jdk1.5.0\jre\classes"></property>
    <property name="generic_event_manager.jar.name" value="generic_event_manager.jar"></property>
    <property name="verbose" value="no"></property>
    <property name="base_exception.path" value="base_exception/1.0"></property>
    <property name="dist_docs" value="build/dist/time_tracker_notification-1.0/docs"></property>
    <property name="uml_model_-_data_types.version" value="1.0"></property>
    <property name="time_tracker_audit.jar" value="D:/lib/tcs/time_tracker_audit/3.2/time_tracker_audit.jar"></property>
    <property name="data_validation.jar.name" value="data_validation.jar"></property>
    <property name="javatests" value="src/java/tests"></property>
    <property name="authentication_factory.jar.name" value="authentication_factory.jar"></property>
    <property name="dev_submission.jar" value="Time_Tracker_Notification_1.0_dev_submission.jar"></property>
    <property name="java.awt.printerjob" value="sun.awt.windows.WPrinterJob"></property>
    <property name="typesafe_enum.path" value="typesafe_enum/1.0"></property>
    <property name="simple_cache.jar" value="D:/lib/tcs/simple_cache/1.1/simple_cache.jar"></property>
    <property name="sun.jnu.encoding" value="GBK"></property>
    <property name="uml_model_-_activity_graphs.version" value="1.0"></property>
    <property name="diagram_elements.version" value="1.0"></property>
    <property name="uml_model_-_state_machines.jar" value="D:/lib/tcs/uml_model_-_state_machines/1.0/uml_model_-_state_machines.jar"></property>
    <property name="java.runtime.version" value="1.5.0_05-b05"></property>
    <property name="lib.jdbc.dir" value="D:/lib/jdbc"></property>
    <property name="uml_model_-_data_types.jar.name" value="uml_model_-_data_types.jar"></property>
    <property name="component.war" value="${dist_examples}/time_tracker_notification.war"></property>
    <property name="class_associations.jar" value="D:/lib/tcs/class_associations/1.0/class_associations.jar"></property>
    <property name="user.timezone" value=""></property>
    <property name="class_associations.version" value="1.0"></property>
    <property name="component_path" value="time_tracker_notification/1.0"></property>
    <property name="j2ee.jar" value="D:/lib/jboss-j2ee.jar"></property>
    <property name="uml_model_-_common_behavior.path" value="uml_model_-_common_behavior/1.0"></property>
    <property name="database_abstraction.path" value="database_abstraction/1.1"></property>
    <property name="authentication_factory.jar" value="D:/lib/tcs/authentication_factory/2.0/authentication_factory.jar"></property>
    <property name="java.ext.dirs" value="D:\Software\Java\jdk1.5.0\jre\lib\ext"></property>
    <property name="class_associations.jar.name" value="class_associations.jar"></property>
    <property name="jta.jar" value="D:/lib/jta.jar"></property>
    <property name="object_factory.version" value="2.0.1"></property>
    <property name="java.class.path" value="F:\Download\Time_Tracker_Notification_1.0_dev_dist\Final\build\testClasses;F:\Download\Time_Tracker_Notification_1.0_dev_dist\Final\build\classes;D:\lib\junit.jar;F:\Download\Time_Tracker_Notification_1.0_dev_dist\Final\dep\mail.jar;F:\Download\Time_Tracker_Notification_1.0_dev_dist\Final\dep\JNDI_Utility.jar;F:\Download\Time_Tracker_Notification_1.0_dev_dist\Final\dep\activation.jar;F:\Download\Time_Tracker_Notification_1.0_dev_dist\Final\dep\base_exception.jar;F:\Download\Time_Tracker_Notification_1.0_dev_dist\Final\dep\cglib-full-2.0-RC2.jar;F:\Download\Time_Tracker_Notification_1.0_dev_dist\Final\dep\class_associations.jar;F:\Download\Time_Tracker_Notification_1.0_dev_dist\Final\dep\commons-logging.jar;F:\Download\Time_Tracker_Notification_1.0_dev_dist\Final\dep\configuration_manager.jar;F:\Download\Time_Tracker_Notification_1.0_dev_dist\Final\dep\data_validation.jar;F:\Download\Time_Tracker_Notification_1.0_dev_dist\Final\dep\database_abstraction.jar;F:\Download\Time_Tracker_Notification_1.0_dev_dist\Final\dep\db_connection_factory.jar;F:\Download\Time_Tracker_Notification_1.0_dev_dist\Final\dep\document_generator.jar;F:\Download\Time_Tracker_Notification_1.0_dev_dist\Final\dep\email_address_validator.jar;F:\Download\Time_Tracker_Notification_1.0_dev_dist\Final\dep\email_engine.jar;F:\Download\Time_Tracker_Notification_1.0_dev_dist\Final\dep\id_generator.jar;F:\Download\Time_Tracker_Notification_1.0_dev_dist\Final\dep\j2ee.jar;F:\Download\Time_Tracker_Notification_1.0_dev_dist\Final\dep\jakarta-oro-2.0.8.jar;F:\Download\Time_Tracker_Notification_1.0_dev_dist\Final\dep\jmock-1.1.0.jar;F:\Download\Time_Tracker_Notification_1.0_dev_dist\Final\dep\job_scheduling.jar;F:\Download\Time_Tracker_Notification_1.0_dev_dist\Final\dep\ldap_sdk_interface.jar;F:\Download\Time_Tracker_Notification_1.0_dev_dist\Final\dep\log4j-1.2.9.jar;F:\Download\Time_Tracker_Notification_1.0_dev_dist\Final\dep\logging_wrapper.jar;F:\Download\Time_Tracker_Notification_1.0_dev_dist\Final\dep\mock.jar;F:\Download\Time_Tracker_Notification_1.0_dev_dist\Final\dep\mockejb.jar;F:\Download\Time_Tracker_Notification_1.0_dev_dist\Final\dep\mockrunner.jar;F:\Download\Time_Tracker_Notification_1.0_dev_dist\Final\dep\object_factory.jar;F:\Download\Time_Tracker_Notification_1.0_dev_dist\Final\dep\search_builder.jar;F:\Download\Time_Tracker_Notification_1.0_dev_dist\Final\dep\typesafe_enum.jar;D:\lib\jdbc\ifxjdbc.jar;F:\Download\Time_Tracker_Notification_1.0_dev_dist\Final\conf;F:\Download\Time_Tracker_Notification_1.0_dev_dist\Final\test_files;F:\Download\Time_Tracker_Notification_1.0_dev_dist\Final;C:\Program Files\QuickTime\QTSystem\QTJava.zip;D:\Software\Java\apache-ant-1.6.5\lib\junit.jar;D:\Software\Java\apache-ant-1.6.5\lib\ant-launcher.jar;D:\Software\Java\apache-ant-1.6.5\lib\ant.jar;D:\Software\Java\apache-ant-1.6.5\lib\ant-junit.jar"></property>
    <property name="uml_model_-_common_behavior.version" value="1.0"></property>
    <property name="status_tracker.jar.name" value="status_tracker.jar"></property>
    <property name="component" value="Time_Tracker_Notification"></property>
    <property name="cactus.jar" value="D:/lib/cactus/cactus-1.7.2.jar"></property>
    <property name="os.version" value="5.1"></property>
    <property name="email_engine.jar" value="D:/lib/tcs/email_engine/3.0/email_engine.jar"></property>
    <property name="design_dist.jar" value="Time_Tracker_Notification_1.0_design_dist.jar"></property>
    <property name="uml_model_-_core_classifiers.jar.name" value="uml_model_-_core_classifiers.jar"></property>
    <property name="time_tracker_audit.jar.name" value="time_tracker_audit.jar"></property>
    <property name="sun.desktop" value="windows"></property>
    <property name="diagram_edges.jar.name" value="diagram_edges.jar"></property>
    <property name="uml_model_-_core.version" value="1.0"></property>
    <property name="cactus.port" value="9090"></property>
    <property name="math_expression_evaluator.jar.name" value="math_expression_evaluator.jar"></property>
    <property name="java.awt.graphicsenv" value="sun.awt.Win32GraphicsEnvironment"></property>
    <property name="java.vm.vendor" value="Sun Microsystems Inc."></property>
    <property name="uml_model_-_core_extension_mechanisms.jar.name" value="uml_model_-_core_extension_mechanisms.jar"></property>
    <property name="time_tracker_audit.path" value="time_tracker_audit/3.2"></property>
    <property name="math_expression_evaluator.version" value="1.0"></property>
    <property name="diagram_edges.jar" value="D:/lib/tcs/diagram_edges/1.0/diagram_edges.jar"></property>
    <property name="hibernate3.jar" value="D:/lib/hibernate3.jar"></property>
    <property name="uml_model_-_core.path" value="uml_model_-_core/1.0"></property>
    <property name="build_webdir" value="build/web"></property>
    <property name="uml_model_-_activity_graphs.path" value="uml_model_-_activity_graphs/1.0"></property>
    <property name="testfiles" value="test_files"></property>
    <property name="dom4j.jar" value="D:/lib/dom4j-1.6.1.jar"></property>
    <property name="cactus.home.tomcat5x" value="D:/Software/Servers/AppServers/jakarta-tomcat-5.0.28"></property>
    <property name="servlet1.4.jar" value="D:/lib/servlet-api.jar"></property>
    <property name="id_generator.jar" value="D:/lib/tcs/id_generator/3.0/id_generator.jar"></property>
    <property name="$log4j.jar" value="D:/lib/log4j-1.2.13.jar"></property>
    <property name="JNDI_Utility.jar.name" value="JNDI_Utility.jar"></property>
    <property name="ant.version" value="Apache Ant version 1.6.5 compiled on June 2 2005"></property>
    <property name="email_engine.path" value="email_engine/3.0"></property>
    <property name="time_tracker_common.jar.name" value="time_tracker_common.jar"></property>
    <property name="authentication_factory.path" value="authentication_factory/2.0"></property>
    <property name="file.encoding" value="Cp1252"></property>
    <property name="JNDI_Utility.path" value="JNDI_Utility/1.0"></property>
    <property name="awt.toolkit" value="sun.awt.windows.WToolkit"></property>
    <property name="diagram_elements.jar" value="D:/lib/tcs/diagram_elements/1.0/diagram_elements.jar"></property>
    <property name="jsp1.4.jar" value="D:/lib/jsp-api.jar"></property>
    <property name="email_engine.jar.name" value="email_engine.jar"></property>
    <property name="uml_model_-_data_types.jar" value="D:/lib/tcs/uml_model_-_data_types/1.0/uml_model_-_data_types.jar"></property>
  </properties>
  <testcase classname="com.topcoder.timetracker.notification.persistence.InformixNotificationPersistenceUnitTests" name="testInheritanceAccuracy" time="0.782"></testcase>
  <testcase classname="com.topcoder.timetracker.notification.persistence.InformixNotificationPersistenceUnitTests" name="testConstructor1WithNull1" time="0.328"></testcase>
  <testcase classname="com.topcoder.timetracker.notification.persistence.InformixNotificationPersistenceUnitTests" name="testConstructor1WithNull2" time="0.375"></testcase>
  <testcase classname="com.topcoder.timetracker.notification.persistence.InformixNotificationPersistenceUnitTests" name="testConstructor1WithEmpty2" time="0.437"></testcase>
  <testcase classname="com.topcoder.timetracker.notification.persistence.InformixNotificationPersistenceUnitTests" name="testConstructor1WithNull3" time="0.297"></testcase>
  <testcase classname="com.topcoder.timetracker.notification.persistence.InformixNotificationPersistenceUnitTests" name="testConstructor1WithNull4" time="0.25"></testcase>
  <testcase classname="com.topcoder.timetracker.notification.persistence.InformixNotificationPersistenceUnitTests" name="testConstructor1WithEmpty4" time="0.344"></testcase>
  <testcase classname="com.topcoder.timetracker.notification.persistence.InformixNotificationPersistenceUnitTests" name="testConstructor1WithNull5" time="0.281"></testcase>
  <testcase classname="com.topcoder.timetracker.notification.persistence.InformixNotificationPersistenceUnitTests" name="testConstructor1Accuracy" time="1.891"></testcase>
  <testcase classname="com.topcoder.timetracker.notification.persistence.InformixNotificationPersistenceUnitTests" name="testgetNotificationWithEmptyDatabase" time="0.297"></testcase>
  <testcase classname="com.topcoder.timetracker.notification.persistence.InformixNotificationPersistenceUnitTests" name="testgetNotificationAccuracy1" time="2.531"></testcase>
  <testcase classname="com.topcoder.timetracker.notification.persistence.InformixNotificationPersistenceUnitTests" name="testgetNotificationAccuracy2" time="0.719"></testcase>
  <testcase classname="com.topcoder.timetracker.notification.persistence.InformixNotificationPersistenceUnitTests" name="testcreateNotificationWithEmptyDatabase" time="0.296"></testcase>
  <testcase classname="com.topcoder.timetracker.notification.persistence.InformixNotificationPersistenceUnitTests" name="testcreateNotificationWithInvalid1" time="0.25"></testcase>
  <testcase classname="com.topcoder.timetracker.notification.persistence.InformixNotificationPersistenceUnitTests" name="testcreateNotificationWith" time="0.282"></testcase>
  <testcase classname="com.topcoder.timetracker.notification.persistence.InformixNotificationPersistenceUnitTests" name="testcreateNotificationAccuracy1" time="2.75"></testcase>
  <testcase classname="com.topcoder.timetracker.notification.persistence.InformixNotificationPersistenceUnitTests" name="testcreateNotificationAccuracy2" time="3.031"></testcase>
  <testcase classname="com.topcoder.timetracker.notification.persistence.InformixNotificationPersistenceUnitTests" name="testupdateNotificationWithEmptyDatabase" time="0.531"></testcase>
  <testcase classname="com.topcoder.timetracker.notification.persistence.InformixNotificationPersistenceUnitTests" name="testupdateNotificationWithInvalid" time="0.36"></testcase>
  <testcase classname="com.topcoder.timetracker.notification.persistence.InformixNotificationPersistenceUnitTests" name="testupdateNotificationWithNull" time="0.421"></testcase>
  <testcase classname="com.topcoder.timetracker.notification.persistence.InformixNotificationPersistenceUnitTests" name="testupdateNotificationAccuracy1" time="4.313"></testcase>
  <testcase classname="com.topcoder.timetracker.notification.persistence.InformixNotificationPersistenceUnitTests" name="testupdateNotificationAccuracy2" time="2.859"></testcase>
  <testcase classname="com.topcoder.timetracker.notification.persistence.InformixNotificationPersistenceUnitTests" name="testdeleteNotificationWithEmptyDatabase" time="0.297"></testcase>
  <testcase classname="com.topcoder.timetracker.notification.persistence.InformixNotificationPersistenceUnitTests" name="testdeleteNotificationAccuracy1" time="2.922"></testcase>
  <testcase classname="com.topcoder.timetracker.notification.persistence.InformixNotificationPersistenceUnitTests" name="testdeleteNotificationAccuracy2" time="2.531"></testcase>
  <testcase classname="com.topcoder.timetracker.notification.persistence.InformixNotificationPersistenceUnitTests" name="testdeleteNotificationAccuracy3" time="3.344"></testcase>
  <testcase classname="com.topcoder.timetracker.notification.persistence.InformixNotificationPersistenceUnitTests" name="testdeleteNotificationAccuracy4" time="3.031"></testcase>
  <testcase classname="com.topcoder.timetracker.notification.persistence.InformixNotificationPersistenceUnitTests" name="testgetAllNotificationsWith" time="0.36"></testcase>
  <testcase classname="com.topcoder.timetracker.notification.persistence.InformixNotificationPersistenceUnitTests" name="testgetAllNotificationsAccuracy" time="2.859"></testcase>
  <testcase classname="com.topcoder.timetracker.notification.persistence.InformixNotificationPersistenceUnitTests" name="testsearchNotificationsWithNull" time="0.313"></testcase>
  <testcase classname="com.topcoder.timetracker.notification.persistence.InformixNotificationPersistenceUnitTests" name="testsearchNotificationsWithEmptyDatabase" time="0.328"></testcase>
  <testcase classname="com.topcoder.timetracker.notification.persistence.InformixNotificationPersistenceUnitTests" name="testsearchNotificationsAccuracy1" time="5.047"></testcase>
  <testcase classname="com.topcoder.timetracker.notification.persistence.InformixNotificationPersistenceUnitTests" name="testsearchNotificationsAccuracy2" time="2.562"></testcase>
  <testcase classname="com.topcoder.timetracker.notification.persistence.InformixNotificationPersistenceUnitTests" name="testsearchNotificationsAccuracy3" time="2.297"></testcase>
  <testcase classname="com.topcoder.timetracker.notification.NotificationConfigurationExceptionUnitTests" name="testNotificationConfigurationExceptionAccuracy1" time="0.0"></testcase>
  <testcase classname="com.topcoder.timetracker.notification.NotificationConfigurationExceptionUnitTests" name="testNotificationConfigurationAccuracy2" time="0.0"></testcase>
  <testcase classname="com.topcoder.timetracker.notification.NotificationManagerUnitTests" name="testConstructor1Accuracy" time="0.391"></testcase>
  <testcase classname="com.topcoder.timetracker.notification.NotificationManagerUnitTests" name="testgetNotificationWithEmptyDatabase" time="0.375"></testcase>
  <testcase classname="com.topcoder.timetracker.notification.NotificationManagerUnitTests" name="testgetNotificationAccuracy1" time="2.828"></testcase>
  <testcase classname="com.topcoder.timetracker.notification.NotificationManagerUnitTests" name="testgetNotificationAccuracy2" time="0.859"></testcase>
  <testcase classname="com.topcoder.timetracker.notification.NotificationManagerUnitTests" name="testcreateNotificationWithEmptyDatabase" time="0.266"></testcase>
  <testcase classname="com.topcoder.timetracker.notification.NotificationManagerUnitTests" name="testcreateNotificationWithInvalid1" time="0.359"></testcase>
  <testcase classname="com.topcoder.timetracker.notification.NotificationManagerUnitTests" name="testcreateNotificationWith" time="0.313"></testcase>
  <testcase classname="com.topcoder.timetracker.notification.NotificationManagerUnitTests" name="testcreateNotificationAccuracy1" time="2.093"></testcase>
  <testcase classname="com.topcoder.timetracker.notification.NotificationManagerUnitTests" name="testcreateNotificationAccuracy2" time="2.828"></testcase>
  <testcase classname="com.topcoder.timetracker.notification.NotificationManagerUnitTests" name="testupdateNotificationWithEmptyDatabase" time="0.344"></testcase>
  <testcase classname="com.topcoder.timetracker.notification.NotificationManagerUnitTests" name="testupdateNotificationWithInvalid" time="0.266"></testcase>
  <testcase classname="com.topcoder.timetracker.notification.NotificationManagerUnitTests" name="testupdateNotificationWithNull" time="0.312"></testcase>
  <testcase classname="com.topcoder.timetracker.notification.NotificationManagerUnitTests" name="testupdateNotificationAccuracy1" time="2.282"></testcase>
  <testcase classname="com.topcoder.timetracker.notification.NotificationManagerUnitTests" name="testupdateNotificationAccuracy2" time="2.531"></testcase>
  <testcase classname="com.topcoder.timetracker.notification.NotificationManagerUnitTests" name="testdeleteNotificationWithEmptyDatabase" time="0.359"></testcase>
  <testcase classname="com.topcoder.timetracker.notification.NotificationManagerUnitTests" name="testdeleteNotificationAccuracy1" time="1.078"></testcase>
  <testcase classname="com.topcoder.timetracker.notification.NotificationManagerUnitTests" name="testdeleteNotificationAccuracy2" time="1.0"></testcase>
  <testcase classname="com.topcoder.timetracker.notification.NotificationManagerUnitTests" name="testdeleteNotificationAccuracy3" time="3.844"></testcase>
  <testcase classname="com.topcoder.timetracker.notification.NotificationManagerUnitTests" name="testdeleteNotificationAccuracy4" time="3.313"></testcase>
  <testcase classname="com.topcoder.timetracker.notification.NotificationManagerUnitTests" name="testgetAllNotificationsWith" time="0.562"></testcase>
  <testcase classname="com.topcoder.timetracker.notification.NotificationManagerUnitTests" name="testgetAllNotificationsAccuracy" time="3.203"></testcase>
  <testcase classname="com.topcoder.timetracker.notification.NotificationManagerUnitTests" name="testsearchNotificationsWithNull" time="0.344"></testcase>
  <testcase classname="com.topcoder.timetracker.notification.NotificationManagerUnitTests" name="testsearchNotificationsWithEmptyDatabase" time="0.391"></testcase>
  <testcase classname="com.topcoder.timetracker.notification.NotificationManagerUnitTests" name="testsearchNotificationsAccuracy1" time="3.796"></testcase>
  <testcase classname="com.topcoder.timetracker.notification.NotificationManagerUnitTests" name="testsearchNotificationsAccuracy2" time="2.344"></testcase>
  <testcase classname="com.topcoder.timetracker.notification.NotificationManagerUnitTests" name="testsearchNotificationsAccuracy3" time="2.719"></testcase>
  <testcase classname="com.topcoder.timetracker.notification.NotificationManagerUnitTests" name="testConstructor1WithInvalidConfig" time="0.297"></testcase>
  <testcase classname="com.topcoder.timetracker.notification.NotificationManagerUnitTests" name="testConstructor2WithNull" time="0.328"></testcase>
  <testcase classname="com.topcoder.timetracker.notification.NotificationManagerUnitTests" name="testConstructor2WithEmpty" time="0.281"></testcase>
  <testcase classname="com.topcoder.timetracker.notification.NotificationManagerUnitTests" name="testConstructor2WithNotExist" time="0.328"></testcase>
  <testcase classname="com.topcoder.timetracker.notification.NotificationManagerUnitTests" name="testConstructor3WithNull1" time="0.297"></testcase>
  <testcase classname="com.topcoder.timetracker.notification.NotificationManagerUnitTests" name="testConstructor3WithNull2" time="0.391"></testcase>
  <testcase classname="com.topcoder.timetracker.notification.NotificationManagerUnitTests" name="testConstructor3Accuracy" time="0.328"></testcase>
  <testcase classname="com.topcoder.timetracker.notification.NotificationManagerUnitTests" name="testsendNotificationAccuracy" time="5.344"></testcase>
  <testcase classname="com.topcoder.timetracker.notification.HelperUnitTests" name="testcheckNullWith" time="0.0"></testcase>
  <testcase classname="com.topcoder.timetracker.notification.HelperUnitTests" name="testcheckStringWithEmpty" time="0.0"></testcase>
  <testcase classname="com.topcoder.timetracker.notification.HelperUnitTests" name="testcheckPositiveWith" time="0.0"></testcase>
  <testcase classname="com.topcoder.timetracker.notification.NotificationFilterFactoryUnitTests" name="testPROJECT_ID_NAMEAccuracy" time="0.0"></testcase>
  <testcase classname="com.topcoder.timetracker.notification.NotificationFilterFactoryUnitTests" name="testCOMPANY_ID_NAMEAccuracy" time="0.0"></testcase>
  <testcase classname="com.topcoder.timetracker.notification.NotificationFilterFactoryUnitTests" name="testCLIENT_ID_NAMEAccuracy" time="0.0"></testcase>
  <testcase classname="com.topcoder.timetracker.notification.NotificationFilterFactoryUnitTests" name="testRESOURCE_ID_NAMEAccuracy" time="0.0"></testcase>
  <testcase classname="com.topcoder.timetracker.notification.NotificationFilterFactoryUnitTests" name="testACTIVE_NAMEAccuracy" time="0.0"></testcase>
  <testcase classname="com.topcoder.timetracker.notification.NotificationFilterFactoryUnitTests" name="testLAST_SENT_NAMEAccuracy" time="0.0"></testcase>
  <testcase classname="com.topcoder.timetracker.notification.NotificationFilterFactoryUnitTests" name="testNEXT_SEND_NAMEAccuracy" time="0.0"></testcase>
  <testcase classname="com.topcoder.timetracker.notification.NotificationFilterFactoryUnitTests" name="testFROM_LINE_NAMEAccuracy" time="0.0"></testcase>
  <testcase classname="com.topcoder.timetracker.notification.NotificationFilterFactoryUnitTests" name="testMESSAGE_NAMEAccuracy" time="0.0"></testcase>
  <testcase classname="com.topcoder.timetracker.notification.NotificationFilterFactoryUnitTests" name="testSUBJECT_NAMEAccuracy" time="0.0"></testcase>
  <testcase classname="com.topcoder.timetracker.notification.NotificationFilterFactoryUnitTests" name="testCREATION_USER_NAMEAccuracy" time="0.0"></testcase>
  <testcase classname="com.topcoder.timetracker.notification.NotificationFilterFactoryUnitTests" name="testMODIFICATION_USER_NAMEAccuracy" time="0.0"></testcase>
  <testcase classname="com.topcoder.timetracker.notification.NotificationFilterFactoryUnitTests" name="testCREATION_DATE_NAMEAccuracy" time="0.0"></testcase>
  <testcase classname="com.topcoder.timetracker.notification.NotificationFilterFactoryUnitTests" name="testMODIFICATION_DATE_NAMEAccuracy" time="0.015"></testcase>
  <testcase classname="com.topcoder.timetracker.notification.NotificationFilterFactoryUnitTests" name="testConstructorWithNull" time="0.0"></testcase>
  <testcase classname="com.topcoder.timetracker.notification.NotificationFilterFactoryUnitTests" name="testConstructorWithInvalidKey1" time="0.0"></testcase>
  <testcase classname="com.topcoder.timetracker.notification.NotificationFilterFactoryUnitTests" name="testConstructorWithInvalidKey2" time="0.0"></testcase>
  <testcase classname="com.topcoder.timetracker.notification.NotificationFilterFactoryUnitTests" name="testConstructorWithInvalidValue1" time="0.0"></testcase>
  <testcase classname="com.topcoder.timetracker.notification.NotificationFilterFactoryUnitTests" name="testConstructorWithInvalidValue2" time="0.0"></testcase>
  <testcase classname="com.topcoder.timetracker.notification.NotificationFilterFactoryUnitTests" name="testConstructorWithIncomplete" time="0.0"></testcase>
  <testcase classname="com.topcoder.timetracker.notification.NotificationFilterFactoryUnitTests" name="testConstructorAccuracy" time="0.0"></testcase>
  <testcase classname="com.topcoder.timetracker.notification.NotificationFilterFactoryUnitTests" name="testcreateProjectIdFilterWithZero" time="0.0"></testcase>
  <testcase classname="com.topcoder.timetracker.notification.NotificationFilterFactoryUnitTests" name="testcreateProjectIdFilterWithNegative" time="0.0"></testcase>
  <testcase classname="com.topcoder.timetracker.notification.NotificationFilterFactoryUnitTests" name="testcreateProjectIdFilterAccuracy1" time="0.0"></testcase>
  <testcase classname="com.topcoder.timetracker.notification.NotificationFilterFactoryUnitTests" name="testcreateCompanyIdFilterWithZero" time="0.0"></testcase>
  <testcase classname="com.topcoder.timetracker.notification.NotificationFilterFactoryUnitTests" name="testcreateCompanyIdFilterWithNegative" time="0.0"></testcase>
  <testcase classname="com.topcoder.timetracker.notification.NotificationFilterFactoryUnitTests" name="testcreateCompanyIdFilterAccuracy1" time="0.0"></testcase>
  <testcase classname="com.topcoder.timetracker.notification.NotificationFilterFactoryUnitTests" name="testcreateClientIdFilterWithZero" time="0.0"></testcase>
  <testcase classname="com.topcoder.timetracker.notification.NotificationFilterFactoryUnitTests" name="testcreateClientIdFilterWithNegative" time="0.0"></testcase>
  <testcase classname="com.topcoder.timetracker.notification.NotificationFilterFactoryUnitTests" name="testcreateClientIdFilterAccuracy1" time="0.0"></testcase>
  <testcase classname="com.topcoder.timetracker.notification.NotificationFilterFactoryUnitTests" name="testcreateResourceIdFilterWithZero" time="0.0"></testcase>
  <testcase classname="com.topcoder.timetracker.notification.NotificationFilterFactoryUnitTests" name="testcreateResourceIdFilterWithNegative" time="0.0"></testcase>
  <testcase classname="com.topcoder.timetracker.notification.NotificationFilterFactoryUnitTests" name="testcreateResourceIdFilterAccuracy1" time="0.0"></testcase>
  <testcase classname="com.topcoder.timetracker.notification.NotificationFilterFactoryUnitTests" name="testcreateActiveFilterAccuracy" time="0.0"></testcase>
  <testcase classname="com.topcoder.timetracker.notification.NotificationFilterFactoryUnitTests" name="testcreateLastSentFilterWithBothNull" time="0.0"></testcase>
  <testcase classname="com.topcoder.timetracker.notification.NotificationFilterFactoryUnitTests" name="testcreateLastSentFilterWithIllegal" time="0.0"></testcase>
  <testcase classname="com.topcoder.timetracker.notification.NotificationFilterFactoryUnitTests" name="testcreateLastSentFilterAccuracy1" time="0.0"></testcase>
  <testcase classname="com.topcoder.timetracker.notification.NotificationFilterFactoryUnitTests" name="testcreateLastSentFilterAccuracy2" time="0.0"></testcase>
  <testcase classname="com.topcoder.timetracker.notification.NotificationFilterFactoryUnitTests" name="testcreateLastSentFilterAccuracy3" time="0.0"></testcase>
  <testcase classname="com.topcoder.timetracker.notification.NotificationFilterFactoryUnitTests" name="testcreateNextSendFilterWithBothNull" time="0.0"></testcase>
  <testcase classname="com.topcoder.timetracker.notification.NotificationFilterFactoryUnitTests" name="testcreateNextSendFilterWithIllegal" time="0.0"></testcase>
  <testcase classname="com.topcoder.timetracker.notification.NotificationFilterFactoryUnitTests" name="testcreateNextSendFilterAccuracy1" time="0.0"></testcase>
  <testcase classname="com.topcoder.timetracker.notification.NotificationFilterFactoryUnitTests" name="testcreateNextSendFilterAccuracy2" time="0.0"></testcase>
  <testcase classname="com.topcoder.timetracker.notification.NotificationFilterFactoryUnitTests" name="testcreateNextSendFilterAccuracy3" time="0.0"></testcase>
  <testcase classname="com.topcoder.timetracker.notification.NotificationFilterFactoryUnitTests" name="testcreateCreationDateFilterWithBothNull" time="0.0"></testcase>
  <testcase classname="com.topcoder.timetracker.notification.NotificationFilterFactoryUnitTests" name="testcreateCreationDateFilterWithIllegal" time="0.0"></testcase>
  <testcase classname="com.topcoder.timetracker.notification.NotificationFilterFactoryUnitTests" name="testcreateCreationDateFilterAccuracy1" time="0.0"></testcase>
  <testcase classname="com.topcoder.timetracker.notification.NotificationFilterFactoryUnitTests" name="testcreateCreationDateFilterAccuracy2" time="0.0"></testcase>
  <testcase classname="com.topcoder.timetracker.notification.NotificationFilterFactoryUnitTests" name="testcreateCreationDateFilterAccuracy3" time="0.0"></testcase>
  <testcase classname="com.topcoder.timetracker.notification.NotificationFilterFactoryUnitTests" name="testcreateModificationDateFilterWithBothNull" time="0.0"></testcase>
  <testcase classname="com.topcoder.timetracker.notification.NotificationFilterFactoryUnitTests" name="testcreateModificationDateFilterWithIllegal" time="0.0"></testcase>
  <testcase classname="com.topcoder.timetracker.notification.NotificationFilterFactoryUnitTests" name="testcreateModificationDateFilterAccuracy1" time="0.0"></testcase>
  <testcase classname="com.topcoder.timetracker.notification.NotificationFilterFactoryUnitTests" name="testcreateModificationDateFilterAccuracy2" time="0.0"></testcase>
  <testcase classname="com.topcoder.timetracker.notification.NotificationFilterFactoryUnitTests" name="testcreateModificationDateFilterAccuracy3" time="0.0"></testcase>
  <testcase classname="com.topcoder.timetracker.notification.NotificationFilterFactoryUnitTests" name="testcreateFromLineFilterWithNull" time="0.0"></testcase>
  <testcase classname="com.topcoder.timetracker.notification.NotificationFilterFactoryUnitTests" name="testcreateFromLineFilterWithEmpty" time="0.0"></testcase>
  <testcase classname="com.topcoder.timetracker.notification.NotificationFilterFactoryUnitTests" name="testcreateFromLineFilterAccuracy1" time="0.0"></testcase>
  <testcase classname="com.topcoder.timetracker.notification.NotificationFilterFactoryUnitTests" name="testcreateFromLineFilterAccuracy2" time="0.0"></testcase>
  <testcase classname="com.topcoder.timetracker.notification.NotificationFilterFactoryUnitTests" name="testcreateMessageFilterWithNull" time="0.0"></testcase>
  <testcase classname="com.topcoder.timetracker.notification.NotificationFilterFactoryUnitTests" name="testcreateMessageFilterWithEmpty" time="0.0"></testcase>
  <testcase classname="com.topcoder.timetracker.notification.NotificationFilterFactoryUnitTests" name="testcreateMessageFilterAccuracy1" time="0.0"></testcase>
  <testcase classname="com.topcoder.timetracker.notification.NotificationFilterFactoryUnitTests" name="testcreateMessageFilterAccuracy2" time="0.0"></testcase>
  <testcase classname="com.topcoder.timetracker.notification.NotificationFilterFactoryUnitTests" name="testcreateSubjectFilterWithNull" time="0.0"></testcase>
  <testcase classname="com.topcoder.timetracker.notification.NotificationFilterFactoryUnitTests" name="testcreateSubjectFilterWithEmpty" time="0.0"></testcase>
  <testcase classname="com.topcoder.timetracker.notification.NotificationFilterFactoryUnitTests" name="testcreateSubjectFilterAccuracy1" time="0.0"></testcase>
  <testcase classname="com.topcoder.timetracker.notification.NotificationFilterFactoryUnitTests" name="testcreateSubjectFilterAccuracy2" time="0.0"></testcase>
  <testcase classname="com.topcoder.timetracker.notification.NotificationFilterFactoryUnitTests" name="testcreateCreationUserFilterWithNull" time="0.0"></testcase>
  <testcase classname="com.topcoder.timetracker.notification.NotificationFilterFactoryUnitTests" name="testcreateCreationUserFilterWithEmpty" time="0.0"></testcase>
  <testcase classname="com.topcoder.timetracker.notification.NotificationFilterFactoryUnitTests" name="testcreateCreationUserFilterAccuracy1" time="0.0"></testcase>
  <testcase classname="com.topcoder.timetracker.notification.NotificationFilterFactoryUnitTests" name="testcreateCreationUserFilterAccuracy2" time="0.0"></testcase>
  <testcase classname="com.topcoder.timetracker.notification.NotificationFilterFactoryUnitTests" name="testcreateModificationUserFilterWithNull" time="0.0"></testcase>
  <testcase classname="com.topcoder.timetracker.notification.NotificationFilterFactoryUnitTests" name="testcreateModificationUserFilterWithEmpty" time="0.0"></testcase>
  <testcase classname="com.topcoder.timetracker.notification.NotificationFilterFactoryUnitTests" name="testcreateModificationUserFilterAccuracy1" time="0.0"></testcase>
  <testcase classname="com.topcoder.timetracker.notification.NotificationFilterFactoryUnitTests" name="testcreateModificationUserFilterAccuracy2" time="0.0"></testcase>
  <testcase classname="com.topcoder.timetracker.notification.NotificationPersistenceExceptionUnitTests" name="testNotificationConfigurationAccuracy2" time="0.0"></testcase>
  <testcase classname="com.topcoder.timetracker.notification.NotificationPersistenceExceptionUnitTests" name="testNotificationPersistenceExceptionAccuracy1" time="0.0"></testcase>
  <testcase classname="com.topcoder.timetracker.notification.NotificationSendingExceptionUnitTests" name="testNotificationConfigurationAccuracy2" time="0.0"></testcase>
  <testcase classname="com.topcoder.timetracker.notification.NotificationSendingExceptionUnitTests" name="testNotificationSendingExceptionAccuracy1" time="0.0"></testcase>
  <testcase classname="com.topcoder.timetracker.notification.NotificationUnitTests" name="testInheritance" time="0.0"></testcase>
  <testcase classname="com.topcoder.timetracker.notification.NotificationUnitTests" name="testnameAccuracy" time="0.0"></testcase>
  <testcase classname="com.topcoder.timetracker.notification.NotificationUnitTests" name="testgetCompanyIdAccuracy" time="0.0"></testcase>
  <testcase classname="com.topcoder.timetracker.notification.NotificationUnitTests" name="testsetCompanyIdWithZero" time="0.0"></testcase>
  <testcase classname="com.topcoder.timetracker.notification.NotificationUnitTests" name="testsetCompanyIdWithNegative" time="0.0"></testcase>
  <testcase classname="com.topcoder.timetracker.notification.NotificationUnitTests" name="testsetCompanIdAccuracy" time="0.0"></testcase>
  <testcase classname="com.topcoder.timetracker.notification.NotificationUnitTests" name="testgetSubjectAccuracy" time="0.0"></testcase>
  <testcase classname="com.topcoder.timetracker.notification.NotificationUnitTests" name="testsetSubjectWithNull" time="0.0"></testcase>
  <testcase classname="com.topcoder.timetracker.notification.NotificationUnitTests" name="testsetSubjectAccuracy" time="0.016"></testcase>
  <testcase classname="com.topcoder.timetracker.notification.NotificationUnitTests" name="testgetMessageAccuracy" time="0.0"></testcase>
  <testcase classname="com.topcoder.timetracker.notification.NotificationUnitTests" name="testsetSubjectWith" time="0.0"></testcase>
  <testcase classname="com.topcoder.timetracker.notification.NotificationUnitTests" name="testsetMessageAccuracy" time="0.0"></testcase>
  <testcase classname="com.topcoder.timetracker.notification.NotificationUnitTests" name="testgetFromAddressAccuracy" time="0.0"></testcase>
  <testcase classname="com.topcoder.timetracker.notification.NotificationUnitTests" name="testsetFromAddressWithNull" time="0.0"></testcase>
  <testcase classname="com.topcoder.timetracker.notification.NotificationUnitTests" name="testsetFromAddrAccuracy" time="0.0"></testcase>
  <testcase classname="com.topcoder.timetracker.notification.NotificationUnitTests" name="testgetLastTimeSentAccuracy" time="0.0"></testcase>
  <testcase classname="com.topcoder.timetracker.notification.NotificationUnitTests" name="testsetLastTimeSentWithNull" time="0.0"></testcase>
  <testcase classname="com.topcoder.timetracker.notification.NotificationUnitTests" name="testsetLastTimeSentAccuracy" time="0.0"></testcase>
  <testcase classname="com.topcoder.timetracker.notification.NotificationUnitTests" name="testgetNextTimeToSendAccuracy" time="0.0"></testcase>
  <testcase classname="com.topcoder.timetracker.notification.NotificationUnitTests" name="testsetNextTimeToSendWithNull" time="0.0"></testcase>
  <testcase classname="com.topcoder.timetracker.notification.NotificationUnitTests" name="testsetNextTimeToSendAccuracy" time="0.0"></testcase>
  <testcase classname="com.topcoder.timetracker.notification.NotificationUnitTests" name="testgetScheduleIdAccuracy" time="0.0"></testcase>
  <testcase classname="com.topcoder.timetracker.notification.NotificationUnitTests" name="testsetScheduleIdWithZero" time="0.0"></testcase>
  <testcase classname="com.topcoder.timetracker.notification.NotificationUnitTests" name="testsetScheduleIdWithNegative" time="0.0"></testcase>
  <testcase classname="com.topcoder.timetracker.notification.NotificationUnitTests" name="testsetScheduleIdAccuracy" time="0.0"></testcase>
  <testcase classname="com.topcoder.timetracker.notification.NotificationUnitTests" name="testisActiveAccuracy" time="0.0"></testcase>
  <testcase classname="com.topcoder.timetracker.notification.NotificationUnitTests" name="testsetActiveAccuracy1" time="0.0"></testcase>
  <testcase classname="com.topcoder.timetracker.notification.NotificationUnitTests" name="testsetActiveAccuracy2" time="0.0"></testcase>
  <testcase classname="com.topcoder.timetracker.notification.NotificationUnitTests" name="testgetToProjectsAccuracy" time="0.0"></testcase>
  <testcase classname="com.topcoder.timetracker.notification.NotificationUnitTests" name="testsetToProjectsWithNull" time="0.0"></testcase>
  <testcase classname="com.topcoder.timetracker.notification.NotificationUnitTests" name="testsetToProjectsWithInvalid1" time="0.0"></testcase>
  <testcase classname="com.topcoder.timetracker.notification.NotificationUnitTests" name="testsetToProjectsWithInvalid2" time="0.0"></testcase>
  <testcase classname="com.topcoder.timetracker.notification.NotificationUnitTests" name="testsetToProjectsWithInvalid3" time="0.0"></testcase>
  <testcase classname="com.topcoder.timetracker.notification.NotificationUnitTests" name="testsetToProjectsAccuracy" time="0.0"></testcase>
  <testcase classname="com.topcoder.timetracker.notification.NotificationUnitTests" name="testgetToClientsAccuracy" time="0.0"></testcase>
  <testcase classname="com.topcoder.timetracker.notification.NotificationUnitTests" name="testsetToClientsWithNull" time="0.0"></testcase>
  <testcase classname="com.topcoder.timetracker.notification.NotificationUnitTests" name="testsetToClientsWithInvalid1" time="0.0"></testcase>
  <testcase classname="com.topcoder.timetracker.notification.NotificationUnitTests" name="testsetToClientsWithInvalid2" time="0.0"></testcase>
  <testcase classname="com.topcoder.timetracker.notification.NotificationUnitTests" name="testsetToClientsWithInvalid3" time="0.0"></testcase>
  <testcase classname="com.topcoder.timetracker.notification.NotificationUnitTests" name="testsetToClientsAccuracy" time="0.0"></testcase>
  <testcase classname="com.topcoder.timetracker.notification.NotificationUnitTests" name="testgetToResourcesAccuracy" time="0.0"></testcase>
  <testcase classname="com.topcoder.timetracker.notification.NotificationUnitTests" name="testsetToResourcesWithNull" time="0.0"></testcase>
  <testcase classname="com.topcoder.timetracker.notification.NotificationUnitTests" name="testsetToResourcesWithInvalid1" time="0.0"></testcase>
  <testcase classname="com.topcoder.timetracker.notification.NotificationUnitTests" name="testsetToResourcesWithInvalid2" time="0.0"></testcase>
  <testcase classname="com.topcoder.timetracker.notification.NotificationUnitTests" name="testsetToResourcesWithInvalid3" time="0.0"></testcase>
  <testcase classname="com.topcoder.timetracker.notification.NotificationUnitTests" name="testsetToResourcesAccuracy" time="0.0"></testcase>
  <testcase classname="com.topcoder.timetracker.notification.StringMatchTypeUnitTests" name="testInheritance" time="0.0"></testcase>
  <testcase classname="com.topcoder.timetracker.notification.StringMatchTypeUnitTests" name="testSTART_WIDTHAccuracy" time="0.0"></testcase>
  <testcase classname="com.topcoder.timetracker.notification.StringMatchTypeUnitTests" name="testEND_WIDTHAccuracy" time="0.0"></testcase>
  <testcase classname="com.topcoder.timetracker.notification.StringMatchTypeUnitTests" name="testSUBSTRINGAccuracy" time="0.0"></testcase>
  <testcase classname="com.topcoder.timetracker.notification.StringMatchTypeUnitTests" name="testEXACT_MATCHAccuracy" time="0.0"></testcase>
  <testcase classname="com.topcoder.timetracker.notification.StringMatchTypeUnitTests" name="testgetFilterPrefixAccuracy" time="0.0"></testcase>
  <testcase classname="com.topcoder.timetracker.notification.StringMatchTypeUnitTests" name="testtoStringAccuracy" time="0.0"></testcase>
  <testcase classname="com.topcoder.timetracker.notification.send.NotificationEventUnitTests" name="testConstructorAccuracy" time="0.031"></testcase>
  <testcase classname="com.topcoder.timetracker.notification.send.NotificationEventUnitTests" name="testInheritance" time="0.094"></testcase>
  <testcase classname="com.topcoder.timetracker.notification.send.NotificationEventUnitTests" name="testrunAccuracy" time="0.047"></testcase>
  <testcase classname="com.topcoder.timetracker.notification.send.NotificationEventUnitTests" name="testisDoneAccuracy" time="0.031"></testcase>
  <testcase classname="com.topcoder.timetracker.notification.send.NotificationEventUnitTests" name="testcloseAccuracy" time="0.109"></testcase>
  <testcase classname="com.topcoder.timetracker.notification.send.NotificationEventUnitTests" name="testgetStatusAccuracy" time="0.032"></testcase>
  <testcase classname="com.topcoder.timetracker.notification.send.NotificationEventUnitTests" name="testgetStatusAccuracy1" time="0.032"></testcase>
  <testcase classname="com.topcoder.timetracker.notification.send.NotificationEventUnitTests" name="testgetRunningStatusAccuracy" time="0.078"></testcase>
  <testcase classname="com.topcoder.timetracker.notification.send.NotificationEventUnitTests" name="testgetRunningStatusAccuracy1" time="0.047"></testcase>
  <testcase classname="com.topcoder.timetracker.notification.send.NotificationEventUnitTests" name="testgetMessageDataAccuracy" time="0.031"></testcase>
  <testcase classname="com.topcoder.timetracker.notification.send.NotificationEventUnitTests" name="testsetJobNameWithNull" time="0.094"></testcase>
  <testcase classname="com.topcoder.timetracker.notification.send.NotificationEventUnitTests" name="testsetJobNameWithEmpty" time="0.046"></testcase>
  <testcase classname="com.topcoder.timetracker.notification.send.NotificationEventUnitTests" name="testgetJobNameAccuracy" time="0.032"></testcase>
  <testcase classname="com.topcoder.timetracker.notification.send.MessageBodyGeneratorExceptionUnitTests" name="testNotificationConfigurationAccuracy2" time="0.0"></testcase>
  <testcase classname="com.topcoder.timetracker.notification.send.MessageBodyGeneratorExceptionUnitTests" name="testMessageBodyGeneratorExceptionAccuracy1" time="0.0"></testcase>
  <testcase classname="com.topcoder.timetracker.notification.send.EmailNotificationSenderUnitTests" name="testsendNotificationAccuracy" time="5.39"></testcase>
  <testcase classname="com.topcoder.timetracker.notification.send.EmailNotificationSenderUnitTests" name="testConstructorAccuracy" time="0.313"></testcase>
  <testcase classname="com.topcoder.timetracker.notification.send.EmailNotificationSenderUnitTests" name="testConstructorWithNull1" time="0.265"></testcase>
  <testcase classname="com.topcoder.timetracker.notification.send.EmailNotificationSenderUnitTests" name="testConstructorWithNull2" time="0.266"></testcase>
  <testcase classname="com.topcoder.timetracker.notification.send.EmailNotificationSenderUnitTests" name="testConstructorWithEmpty2" time="0.359"></testcase>
  <testcase classname="com.topcoder.timetracker.notification.send.EmailNotificationSenderUnitTests" name="testConstructorWithNull3" time="0.282"></testcase>
  <testcase classname="com.topcoder.timetracker.notification.send.EmailNotificationSenderUnitTests" name="testConstructorWithNull4" time="0.297"></testcase>
  <testcase classname="com.topcoder.timetracker.notification.send.EmailNotificationSenderUnitTests" name="testConstructorWithNull5" time="0.328"></testcase>
  <testcase classname="com.topcoder.timetracker.notification.send.EmailNotificationSenderUnitTests" name="testConstructorWithEmpty5" time="0.234"></testcase>
  <testcase classname="com.topcoder.timetracker.notification.ejb.NotificationPersistenceDelegateUnitTests" name="testgetNotificationAccuracy1" time="2.672"></testcase>
  <testcase classname="com.topcoder.timetracker.notification.ejb.NotificationPersistenceDelegateUnitTests" name="testgetNotificationAccuracy2" time="0.859"></testcase>
  <testcase classname="com.topcoder.timetracker.notification.ejb.NotificationPersistenceDelegateUnitTests" name="testcreateNotificationWithInvalid1" time="0.266"></testcase>
  <testcase classname="com.topcoder.timetracker.notification.ejb.NotificationPersistenceDelegateUnitTests" name="testcreateNotificationAccuracy1" time="2.281"></testcase>
  <testcase classname="com.topcoder.timetracker.notification.ejb.NotificationPersistenceDelegateUnitTests" name="testcreateNotificationAccuracy2" time="2.61"></testcase>
  <testcase classname="com.topcoder.timetracker.notification.ejb.NotificationPersistenceDelegateUnitTests" name="testupdateNotificationWithInvalid" time="0.343"></testcase>
  <testcase classname="com.topcoder.timetracker.notification.ejb.NotificationPersistenceDelegateUnitTests" name="testupdateNotificationWithNull" time="0.282"></testcase>
  <testcase classname="com.topcoder.timetracker.notification.ejb.NotificationPersistenceDelegateUnitTests" name="testupdateNotificationAccuracy1" time="2.5"></testcase>
  <testcase classname="com.topcoder.timetracker.notification.ejb.NotificationPersistenceDelegateUnitTests" name="testupdateNotificationAccuracy2" time="2.343"></testcase>
  <testcase classname="com.topcoder.timetracker.notification.ejb.NotificationPersistenceDelegateUnitTests" name="testdeleteNotificationAccuracy1" time="2.922"></testcase>
  <testcase classname="com.topcoder.timetracker.notification.ejb.NotificationPersistenceDelegateUnitTests" name="testdeleteNotificationAccuracy2" time="2.469"></testcase>
  <testcase classname="com.topcoder.timetracker.notification.ejb.NotificationPersistenceDelegateUnitTests" name="testdeleteNotificationAccuracy3" time="3.344"></testcase>
  <testcase classname="com.topcoder.timetracker.notification.ejb.NotificationPersistenceDelegateUnitTests" name="testdeleteNotificationAccuracy4" time="2.656"></testcase>
  <testcase classname="com.topcoder.timetracker.notification.ejb.NotificationPersistenceDelegateUnitTests" name="testgetAllNotificationsAccuracy" time="2.656"></testcase>
  <testcase classname="com.topcoder.timetracker.notification.ejb.NotificationPersistenceDelegateUnitTests" name="testsearchNotificationsAccuracy1" time="3.172"></testcase>
  <testcase classname="com.topcoder.timetracker.notification.ejb.NotificationPersistenceDelegateUnitTests" name="testsearchNotificationsAccuracy2" time="2.219"></testcase>
  <testcase classname="com.topcoder.timetracker.notification.ejb.NotificationPersistenceDelegateUnitTests" name="testsearchNotificationsAccuracy3" time="2.828"></testcase>
  <testcase classname="com.topcoder.timetracker.notification.ejb.NotificationPersistenceDelegateUnitTests" name="testgetNotificationAccuracy" time="0.516"></testcase>
  <testcase classname="com.topcoder.timetracker.notification.ejb.NotificationPersistenceFactoryUnitTests" name="testgetNotificationPersistenceAccuracy" time="0.031"></testcase>
  <testcase classname="com.topcoder.timetracker.notification.ejb.NotificationPersistenceSessionBeanUnitTests" name="testgetNotificationWithEmptyDatabase" time="0.344"></testcase>
  <testcase classname="com.topcoder.timetracker.notification.ejb.NotificationPersistenceSessionBeanUnitTests" name="testgetNotificationAccuracy1" time="2.078"></testcase>
  <testcase classname="com.topcoder.timetracker.notification.ejb.NotificationPersistenceSessionBeanUnitTests" name="testgetNotificationAccuracy2" time="0.843"></testcase>
  <testcase classname="com.topcoder.timetracker.notification.ejb.NotificationPersistenceSessionBeanUnitTests" name="testcreateNotificationWithEmptyDatabase" time="0.266"></testcase>
  <testcase classname="com.topcoder.timetracker.notification.ejb.NotificationPersistenceSessionBeanUnitTests" name="testcreateNotificationWithInvalid1" time="0.266"></testcase>
  <testcase classname="com.topcoder.timetracker.notification.ejb.NotificationPersistenceSessionBeanUnitTests" name="testcreateNotificationAccuracy1" time="1.984"></testcase>
  <testcase classname="com.topcoder.timetracker.notification.ejb.NotificationPersistenceSessionBeanUnitTests" name="testcreateNotificationAccuracy2" time="2.141"></testcase>
  <testcase classname="com.topcoder.timetracker.notification.ejb.NotificationPersistenceSessionBeanUnitTests" name="testupdateNotificationWithEmptyDatabase" time="0.297"></testcase>
  <testcase classname="com.topcoder.timetracker.notification.ejb.NotificationPersistenceSessionBeanUnitTests" name="testupdateNotificationWithInvalid" time="0.343"></testcase>
  <testcase classname="com.topcoder.timetracker.notification.ejb.NotificationPersistenceSessionBeanUnitTests" name="testupdateNotificationWithNull" time="0.657"></testcase>
  <testcase classname="com.topcoder.timetracker.notification.ejb.NotificationPersistenceSessionBeanUnitTests" name="testupdateNotificationAccuracy1" time="2.593"></testcase>
  <testcase classname="com.topcoder.timetracker.notification.ejb.NotificationPersistenceSessionBeanUnitTests" name="testupdateNotificationAccuracy2" time="3.094"></testcase>
  <testcase classname="com.topcoder.timetracker.notification.ejb.NotificationPersistenceSessionBeanUnitTests" name="testdeleteNotificationWithEmptyDatabase" time="0.297"></testcase>
  <testcase classname="com.topcoder.timetracker.notification.ejb.NotificationPersistenceSessionBeanUnitTests" name="testdeleteNotificationAccuracy1" time="2.734"></testcase>
  <testcase classname="com.topcoder.timetracker.notification.ejb.NotificationPersistenceSessionBeanUnitTests" name="testdeleteNotificationAccuracy2" time="2.5"></testcase>
  <testcase classname="com.topcoder.timetracker.notification.ejb.NotificationPersistenceSessionBeanUnitTests" name="testdeleteNotificationAccuracy3" time="2.735"></testcase>
  <testcase classname="com.topcoder.timetracker.notification.ejb.NotificationPersistenceSessionBeanUnitTests" name="testdeleteNotificationAccuracy4" time="2.812"></testcase>
  <testcase classname="com.topcoder.timetracker.notification.ejb.NotificationPersistenceSessionBeanUnitTests" name="testgetAllNotificationsWith" time="0.375"></testcase>
  <testcase classname="com.topcoder.timetracker.notification.ejb.NotificationPersistenceSessionBeanUnitTests" name="testgetAllNotificationsAccuracy" time="3.235"></testcase>
  <testcase classname="com.topcoder.timetracker.notification.ejb.NotificationPersistenceSessionBeanUnitTests" name="testsearchNotificationsAccuracy1" time="2.968"></testcase>
  <testcase classname="com.topcoder.timetracker.notification.ejb.NotificationPersistenceSessionBeanUnitTests" name="testsearchNotificationsAccuracy2" time="2.0"></testcase>
  <testcase classname="com.topcoder.timetracker.notification.ejb.NotificationPersistenceSessionBeanUnitTests" name="testsearchNotificationsAccuracy3" time="2.313"></testcase>
  <testcase classname="com.topcoder.timetracker.notification.ejb.NotificationPersistenceSessionBeanUnitTests" name="testgetNotificationAccuracy" time="0.515"></testcase>
  <testcase classname="com.topcoder.timetracker.notification.DemoTest" name="testDemoManageNotification" time="3.891"></testcase>
  <testcase classname="com.topcoder.timetracker.notification.DemoTest" name="testDemoDelegate" time="0.453"></testcase>
  <testcase classname="com.topcoder.timetracker.notification.accuracytests.EmailNotificationSenderAccuracyTests" name="testCtor1" time="0.344"></testcase>
  <testcase classname="com.topcoder.timetracker.notification.accuracytests.EmailNotificationSenderAccuracyTests" name="testSend" time="3.203"></testcase>
  <testcase classname="com.topcoder.timetracker.notification.accuracytests.InformixNotificationPersistenceAccuracyTests" name="testCtor" time="0.297"></testcase>
  <testcase classname="com.topcoder.timetracker.notification.accuracytests.InformixNotificationPersistenceAccuracyTests" name="testGetNotification" time="0.656"></testcase>
  <testcase classname="com.topcoder.timetracker.notification.accuracytests.InformixNotificationPersistenceAccuracyTests" name="testCreateNotification" time="0.813"></testcase>
  <testcase classname="com.topcoder.timetracker.notification.accuracytests.InformixNotificationPersistenceAccuracyTests" name="testUpdateNotification" time="1.187"></testcase>
  <testcase classname="com.topcoder.timetracker.notification.accuracytests.InformixNotificationPersistenceAccuracyTests" name="testDeleteNotification" time="1.391"></testcase>
  <testcase classname="com.topcoder.timetracker.notification.accuracytests.InformixNotificationPersistenceAccuracyTests" name="testGetAllNotifications" time="0.547"></testcase>
  <testcase classname="com.topcoder.timetracker.notification.accuracytests.InformixNotificationPersistenceAccuracyTests" name="testSearchNotifications" time="1.25"></testcase>
  <testcase classname="com.topcoder.timetracker.notification.accuracytests.InformixNotificationPersistenceAccuracyTests" name="testGetNotificationFilterFactory" time="0.375"></testcase>
  <testcase classname="com.topcoder.timetracker.notification.accuracytests.MessageBodyGeneratorExceptionAccuracyTests" name="testMessageBodyGeneratorException1" time="0.0"></testcase>
  <testcase classname="com.topcoder.timetracker.notification.accuracytests.MessageBodyGeneratorExceptionAccuracyTests" name="testMessageBodyGeneratorException2" time="0.0"></testcase>
  <testcase classname="com.topcoder.timetracker.notification.accuracytests.MessageBodyGeneratorExceptionAccuracyTests" name="testMessageBodyGeneratorExceptionInheritance1" time="0.0"></testcase>
  <testcase classname="com.topcoder.timetracker.notification.accuracytests.MessageBodyGeneratorExceptionAccuracyTests" name="testMessageBodyGeneratorExceptionInheritance2" time="0.0"></testcase>
  <testcase classname="com.topcoder.timetracker.notification.accuracytests.NotificationAccuracyTests" name="testCtor1" time="0.0"></testcase>
  <testcase classname="com.topcoder.timetracker.notification.accuracytests.NotificationAccuracyTests" name="testSetMessage" time="0.0"></testcase>
  <testcase classname="com.topcoder.timetracker.notification.accuracytests.NotificationAccuracyTests" name="testGetCompanyId" time="0.0"></testcase>
  <testcase classname="com.topcoder.timetracker.notification.accuracytests.NotificationAccuracyTests" name="testSetCompnayId" time="0.0"></testcase>
  <testcase classname="com.topcoder.timetracker.notification.accuracytests.NotificationAccuracyTests" name="testGetSubject" time="0.0"></testcase>
  <testcase classname="com.topcoder.timetracker.notification.accuracytests.NotificationAccuracyTests" name="testGetFromAddress" time="0.0"></testcase>
  <testcase classname="com.topcoder.timetracker.notification.accuracytests.NotificationAccuracyTests" name="testSetFromAddress" time="0.0"></testcase>
  <testcase classname="com.topcoder.timetracker.notification.accuracytests.NotificationAccuracyTests" name="testGetLastTimeSent" time="0.0"></testcase>
  <testcase classname="com.topcoder.timetracker.notification.accuracytests.NotificationAccuracyTests" name="testSetLastTimeSent" time="0.0"></testcase>
  <testcase classname="com.topcoder.timetracker.notification.accuracytests.NotificationAccuracyTests" name="testGetNextTimeToSend" time="0.0"></testcase>
  <testcase classname="com.topcoder.timetracker.notification.accuracytests.NotificationAccuracyTests" name="testSetNextTimeToSend" time="0.0"></testcase>
  <testcase classname="com.topcoder.timetracker.notification.accuracytests.NotificationAccuracyTests" name="testGetScheduleId" time="0.0"></testcase>
  <testcase classname="com.topcoder.timetracker.notification.accuracytests.NotificationAccuracyTests" name="testSetScheduleId" time="0.0"></testcase>
  <testcase classname="com.topcoder.timetracker.notification.accuracytests.NotificationAccuracyTests" name="testGetToProjects" time="0.0"></testcase>
  <testcase classname="com.topcoder.timetracker.notification.accuracytests.NotificationAccuracyTests" name="testSetToProjects" time="0.0"></testcase>
  <testcase classname="com.topcoder.timetracker.notification.accuracytests.NotificationAccuracyTests" name="testGetToClients" time="0.0"></testcase>
  <testcase classname="com.topcoder.timetracker.notification.accuracytests.NotificationAccuracyTests" name="testSetToClients" time="0.0"></testcase>
  <testcase classname="com.topcoder.timetracker.notification.accuracytests.NotificationAccuracyTests" name="testGetToResources" time="0.0"></testcase>
  <testcase classname="com.topcoder.timetracker.notification.accuracytests.NotificationAccuracyTests" name="testSetToResources" time="0.0"></testcase>
  <testcase classname="com.topcoder.timetracker.notification.accuracytests.NotificationAccuracyTests" name="testGetMessage" time="0.0"></testcase>
  <testcase classname="com.topcoder.timetracker.notification.accuracytests.NotificationAccuracyTests" name="testIsActive" time="0.0"></testcase>
  <testcase classname="com.topcoder.timetracker.notification.accuracytests.NotificationAccuracyTests" name="testSetActive" time="0.0"></testcase>
  <testcase classname="com.topcoder.timetracker.notification.accuracytests.NotificationAccuracyTests" name="testSetSubject" time="0.0"></testcase>
  <testcase classname="com.topcoder.timetracker.notification.accuracytests.NotificationConfigurationExceptionAccuracyTests" name="testNotificationConfigurationException1" time="0.0"></testcase>
  <testcase classname="com.topcoder.timetracker.notification.accuracytests.NotificationConfigurationExceptionAccuracyTests" name="testNotificationConfigurationException2" time="0.0"></testcase>
  <testcase classname="com.topcoder.timetracker.notification.accuracytests.NotificationConfigurationExceptionAccuracyTests" name="testNotificationConfigurationExceptionInheritance1" time="0.0"></testcase>
  <testcase classname="com.topcoder.timetracker.notification.accuracytests.NotificationConfigurationExceptionAccuracyTests" name="testNotificationConfigurationExceptionInheritance2" time="0.0"></testcase>
  <testcase classname="com.topcoder.timetracker.notification.accuracytests.NotificationEventAccuracyTests" name="testCtor1" time="0.328"></testcase>
  <testcase classname="com.topcoder.timetracker.notification.accuracytests.NotificationEventAccuracyTests" name="testGetRunningStatus" time="0.125"></testcase>
  <testcase classname="com.topcoder.timetracker.notification.accuracytests.NotificationEventAccuracyTests" name="testGetMessageData" time="0.047"></testcase>
  <testcase classname="com.topcoder.timetracker.notification.accuracytests.NotificationEventAccuracyTests" name="testRun" time="1.687"></testcase>
  <testcase classname="com.topcoder.timetracker.notification.accuracytests.NotificationEventAccuracyTests" name="testClose" time="0.047"></testcase>
  <testcase classname="com.topcoder.timetracker.notification.accuracytests.NotificationEventAccuracyTests" name="testIsDone" time="2.094"></testcase>
  <testcase classname="com.topcoder.timetracker.notification.accuracytests.NotificationEventAccuracyTests" name="testGetStatus" time="0.109"></testcase>
  <testcase classname="com.topcoder.timetracker.notification.accuracytests.NotificationEventAccuracyTests" name="testGetJobName" time="0.078"></testcase>
  <testcase classname="com.topcoder.timetracker.notification.accuracytests.NotificationEventAccuracyTests" name="testSetJobName" time="0.125"></testcase>
  <testcase classname="com.topcoder.timetracker.notification.accuracytests.NotificationFilterFactoryAccuracyTests" name="testCtor1" time="0.0"></testcase>
  <testcase classname="com.topcoder.timetracker.notification.accuracytests.NotificationFilterFactoryAccuracyTests" name="testCreateProjectIdFilter" time="0.0"></testcase>
  <testcase classname="com.topcoder.timetracker.notification.accuracytests.NotificationFilterFactoryAccuracyTests" name="testCreateCompanyIdFilter" time="0.0"></testcase>
  <testcase classname="com.topcoder.timetracker.notification.accuracytests.NotificationFilterFactoryAccuracyTests" name="testCreateClientIdFilter" time="0.0"></testcase>
  <testcase classname="com.topcoder.timetracker.notification.accuracytests.NotificationFilterFactoryAccuracyTests" name="testCreateResourceIdFilter" time="0.0"></testcase>
  <testcase classname="com.topcoder.timetracker.notification.accuracytests.NotificationFilterFactoryAccuracyTests" name="testCreateActiveFilter" time="0.0"></testcase>
  <testcase classname="com.topcoder.timetracker.notification.accuracytests.NotificationFilterFactoryAccuracyTests" name="testCreateLastSentFilter" time="0.0"></testcase>
  <testcase classname="com.topcoder.timetracker.notification.accuracytests.NotificationFilterFactoryAccuracyTests" name="testCreateNextSendFilter" time="0.0"></testcase>
  <testcase classname="com.topcoder.timetracker.notification.accuracytests.NotificationFilterFactoryAccuracyTests" name="testCreateFromLineFilter" time="0.0"></testcase>
  <testcase classname="com.topcoder.timetracker.notification.accuracytests.NotificationFilterFactoryAccuracyTests" name="testCreateMessageFilter" time="0.0"></testcase>
  <testcase classname="com.topcoder.timetracker.notification.accuracytests.NotificationFilterFactoryAccuracyTests" name="testCreateSubjectFilter" time="0.0"></testcase>
  <testcase classname="com.topcoder.timetracker.notification.accuracytests.NotificationFilterFactoryAccuracyTests" name="testCreateCreationUserFilter" time="0.0"></testcase>
  <testcase classname="com.topcoder.timetracker.notification.accuracytests.NotificationFilterFactoryAccuracyTests" name="testCreateModificationUserFilter" time="0.0"></testcase>
  <testcase classname="com.topcoder.timetracker.notification.accuracytests.NotificationFilterFactoryAccuracyTests" name="testCreateCreationDateFilter" time="0.0"></testcase>
  <testcase classname="com.topcoder.timetracker.notification.accuracytests.NotificationFilterFactoryAccuracyTests" name="testCreateModificationDateFilter" time="0.0"></testcase>
  <testcase classname="com.topcoder.timetracker.notification.accuracytests.NotificationManagerAccuracyTests" name="testCtor" time="0.375"></testcase>
  <testcase classname="com.topcoder.timetracker.notification.accuracytests.NotificationManagerAccuracyTests" name="testGetNotification" time="0.703"></testcase>
  <testcase classname="com.topcoder.timetracker.notification.accuracytests.NotificationManagerAccuracyTests" name="testCreateNotification" time="1.125"></testcase>
  <testcase classname="com.topcoder.timetracker.notification.accuracytests.NotificationManagerAccuracyTests" name="testUpdateNotification" time="1.532"></testcase>
  <testcase classname="com.topcoder.timetracker.notification.accuracytests.NotificationManagerAccuracyTests" name="testDeleteNotification" time="1.828"></testcase>
  <testcase classname="com.topcoder.timetracker.notification.accuracytests.NotificationManagerAccuracyTests" name="testGetAllNotifications" time="0.656"></testcase>
  <testcase classname="com.topcoder.timetracker.notification.accuracytests.NotificationManagerAccuracyTests" name="testSearchNotifications" time="1.297"></testcase>
  <testcase classname="com.topcoder.timetracker.notification.accuracytests.NotificationManagerAccuracyTests" name="testGetNotificationFilterFactory" time="0.391"></testcase>
  <testcase classname="com.topcoder.timetracker.notification.accuracytests.NotificationManagerAccuracyTests" name="testSendNotification" time="2.265"></testcase>
  <testcase classname="com.topcoder.timetracker.notification.accuracytests.NotificationPersistenceExceptionAccuracyTests" name="testNotificationPersistenceException1" time="0.0"></testcase>
  <testcase classname="com.topcoder.timetracker.notification.accuracytests.NotificationPersistenceExceptionAccuracyTests" name="testNotificationPersistenceException2" time="0.0"></testcase>
  <testcase classname="com.topcoder.timetracker.notification.accuracytests.NotificationPersistenceExceptionAccuracyTests" name="testNotificationPersistenceExceptionInheritance1" time="0.0"></testcase>
  <testcase classname="com.topcoder.timetracker.notification.accuracytests.NotificationPersistenceExceptionAccuracyTests" name="testNotificationPersistenceExceptionInheritance2" time="0.0"></testcase>
  <testcase classname="com.topcoder.timetracker.notification.accuracytests.NotificationPersistenceFactoryAccuracyTests" name="testGetNotificationPersistence" time="0.031"></testcase>
  <testcase classname="com.topcoder.timetracker.notification.accuracytests.NotificationPersistenceSessionBeanAccuracyTests" name="testGetNotification" time="1.0"></testcase>
  <testcase classname="com.topcoder.timetracker.notification.accuracytests.NotificationPersistenceSessionBeanAccuracyTests" name="testCreateNotification" time="1.047"></testcase>
  <testcase classname="com.topcoder.timetracker.notification.accuracytests.NotificationPersistenceSessionBeanAccuracyTests" name="testUpdateNotification" time="1.578"></testcase>
  <testcase classname="com.topcoder.timetracker.notification.accuracytests.NotificationPersistenceSessionBeanAccuracyTests" name="testDeleteNotification" time="1.922"></testcase>
  <testcase classname="com.topcoder.timetracker.notification.accuracytests.NotificationPersistenceSessionBeanAccuracyTests" name="testGetAllNotifications" time="0.797"></testcase>
  <testcase classname="com.topcoder.timetracker.notification.accuracytests.NotificationPersistenceSessionBeanAccuracyTests" name="testSearchNotifications" time="1.235"></testcase>
  <testcase classname="com.topcoder.timetracker.notification.accuracytests.NotificationPersistenceSessionBeanAccuracyTests" name="testGetNotificationFilterFactory" time="0.484"></testcase>
  <testcase classname="com.topcoder.timetracker.notification.accuracytests.NotificationSendingExceptionAccuracyTests" name="testNotificationSendingException1" time="0.0"></testcase>
  <testcase classname="com.topcoder.timetracker.notification.accuracytests.NotificationSendingExceptionAccuracyTests" name="testNotificationSendingException2" time="0.0"></testcase>
  <testcase classname="com.topcoder.timetracker.notification.accuracytests.NotificationSendingExceptionAccuracyTests" name="testNotificationSendingExceptionInheritance1" time="0.0"></testcase>
  <testcase classname="com.topcoder.timetracker.notification.accuracytests.NotificationSendingExceptionAccuracyTests" name="testNotificationSendingExceptionInheritance2" time="0.0"></testcase>
  <testcase classname="com.topcoder.timetracker.notification.accuracytests.StringMatchTypeAccuracyTests" name="testGetFilterPrefix" time="0.0"></testcase>
  <testcase classname="com.topcoder.timetracker.notification.accuracytests.StringMatchTypeAccuracyTests" name="testToString" time="0.0"></testcase>
  <system-out><![CDATA[]]></system-out>
  <system-err><![CDATA[log4j:WARN No appenders could be found for logger (class com.topcoder.message.email.EmailEngine).
log4j:WARN Please initialize the log4j system properly.
]]></system-err>
</testsuite>
