<?xml version="1.0" encoding="UTF-8" ?>
<testsuite errors="0" failures="0" hostname="utlovey" name="com.topcoder.confluence.AllTests" tests="294" time="34.438" timestamp="2008-11-02T03:15:51">
  <properties>
    <property name="component.version.major" value="1" />
    <property name="file.encoding.pkg" value="sun.io" />
    <property name="java.home" value="C:\Program Files\Java\jdk1.5.0_16\jre" />
    <property name="jaxb-api" value="test_files/lib/jaxb-api.jar" />
    <property name="however" value="it&apos;s not necessary to setup your environment in this fashion, by having each individual jar or dir property point to the exact path." />
    <property name="dist_javadocs" value="build/dist/confluence_management-1.0.0/docs/javadocs" />
    <property name="debug" value="off" />
    <property name="build_distdir" value="build/dist" />
    <property name="distfilename" value="confluence_management" />
    <property name="component.version.micro" value="0" />
    <property name="component.dist.jar" value="build/dist/confluence_management-1.0.0.jar" />
    <property name="java.endorsed.dirs" value="C:\Program Files\Java\jdk1.5.0_16\jre\lib\endorsed" />
    <property name="sun.os.patch.level" value="Service Pack 3" />
    <property name="design_dist.jar" value="confluence_management_1.0.0_design_dist.jar" />
    <property name="javadocsdir" value="docs/javadocs" />
    <property name="java.vendor.url" value="http://java.sun.com/" />
    <property name="java.version" value="1.5.0_16" />
    <property name="eclipse.pdebuild.home" value="/D:/TC/dev/Tool/eclipse/Primary Eclipse/eclipse/plugins/org.eclipse.pde.build_3.4.1.R34x_v20080805/./" />
    <property name="axis" value="test_files/lib/axis-1.2.1.jar" />
    <property name="base_exception" value="D:/TC/java libs/tcs/base_exception/2.0.0/base_exception.jar" />
    <property name="java.vendor.url.bug" value="http://java.sun.com/cgi-bin/bugreport.cgi" />
    <property name="cobertura.datafile" value="log/cobertura.ser" />
    <property name="user.name" value="utlovey" />
    <property name="packagedir" value="com/topcoder/confluence" />
    <property name="sun.io.unicode.encoding" value="UnicodeLittle" />
    <property name="component_version" value="1.0.0" />
    <property name="sun.jnu.encoding" value="GBK" />
    <property name="java.runtime.name" value="Java(TM) 2 Runtime Environment, Standard Edition" />
    <property name="target_libdir" value="D:/TC/java libs/tcs" />
    <property name="reports" value="log/reports" />
    <property name="component.jar" value="build/dist/lib/tcs/confluence_management/1.0.0/confluence_management.jar" />
    <property name="java.specification.name" value="Java Platform API Specification" />
    <property name="javamain" value="src/java/main" />
    <property name="user.timezone" value="" />
    <property name="component.version.build" value="1" />
    <property name="path.separator" value=";" />
    <property name="srcdir" value="src" />
    <property name="file.encoding" value="GBK" />
    <property name="ant.file" value="D:\TC\dev\confluence_management_1.0.0\confluence_management_1.0.0_dev_dist\build.xml" />
    <property name="--&gt;" value="" />
    <property name="javasrc" value="src/java" />
    <property name="instrumented.dir" value="build/instrumented" />
    <property name="component.target" value="1.x" />
    <property name="component.tests.jar" value="build/dist/lib/tcs/confluence_management_tests.jar" />
    <property name="java.io.tmpdir" value="C:\DOCUME~1\utlovey\LOCALS~1\Temp\" />
    <property name="to" value="allow for upgrading to newer versions of these tools without editing the build-dependencies.xml file" />
    <property name="user.language" value="zh" />
    <property name="manifest_file_path" value="build/dist/confluence_management-1.0.0/META-INF/" />
    <property name="line.separator" value="
" />
    <property name="component.name" value="Confluence Management" />
    <property name="verbose" value="no" />
    <property name="manifest_file" value="build/dist/confluence_management-1.0.0/META-INF//MANIFEST.MF" />
    <property name="ant.file.TopCoder Java Generic Build" value="D:\TC\dev\confluence_management_1.0.0\confluence_management_1.0.0_dev_dist\build.xml" />
    <property name="java.vm.info" value="mixed mode, sharing" />
    <property name="component_path" value="confluence_management/1.0.0" />
    <property name="sun.desktop" value="windows" />
    <property name="java.vm.specification.name" value="Java Virtual Machine Specification" />
    <property name="dist_coverage" value="build/dist/confluence_management-1.0.0/docs/coverage" />
    <property name="builddir" value="build" />
    <property name="cobertura.dir" value="D:/TC/java libs/third libs/cobertura/1.8" />
    <property name="javac.encoding" value="UTF-8" />
    <property name="&lt;!--" value="" />
    <property name="eclipse.pdebuild.templates" value="/D:/TC/dev/Tool/eclipse/Primary Eclipse/eclipse/plugins/org.eclipse.pde.build_3.4.1.R34x_v20080805/templates/" />
    <property name="java.awt.printerjob" value="sun.awt.windows.WPrinterJob" />
    <property name="dist_lib" value="build/dist/lib/tcs" />
    <property name="This" value="file describes the overall build properties for the specific integration box, including:" />
    <property name="junit.jar" value="D:/TC/java libs/third libs/junit/4.4/junit.jar" />
    <property name="configdir" value="conf" />
    <property name="build_tcsdistdir" value="build/dist/confluence_management-1.0.0" />
    <property name="ant.version" value="Apache Ant version 1.7.0 compiled on December 13 2006" />
    <property name="object_factory" value="D:/TC/java libs/tcs/object_factory/2.1.2/object_factory.jar" />
    <property name="dist_docs" value="build/dist/confluence_management-1.0.0/docs" />
    <property name="test_reflib" value="test_reflib" />
    <property name="testlogdir" value="log" />
    <property name="os.name" value="Windows XP" />
    <property name="java.specification.vendor" value="Sun Microsystems Inc." />
    <property name="java.vm.name" value="Java HotSpot(TM) Client VM" />
    <property name="confluence_generated.jar" value="test_files/lib/confluence_generated.jar" />
    <property name="logging_wrapper" value="D:/TC/java libs/tcs/logging_wrapper/2.0.0/logging_wrapper.jar" />
    <property name="The" value="TopCoder integration environment uses ext_libdir as the parent for all third party libraries, " />
    <property name="java.library.path" value="C:\Program Files\Java\jdk1.5.0_16\jre\bin;.;C:\WINDOWS\system32;C:\WINDOWS;C:/Program Files/Java/jdk1.5.0_16/bin/../jre/bin/client;C:/Program Files/Java/jdk1.5.0_16/bin/../jre/bin;C:\axis-1_2RC2-src\axis-1_2RC2\lib\bin;C:\Program Files\Java\jdk1.5.0_16\bin;D:\TC\java libs\third libs\ant\1.7\bin;D:\oracle\product\10.2.0\db_1\bin;C:\WINDOWS\system32;C:\WINDOWS;C:\WINDOWS\System32\Wbem;C:\Program Files\Intel\Wireless\Bin\;D:\IT tech\GWT\gwt-windows-1.5.3\" />
    <property name="docpackage.jar" value="confluence_management_docs.jar" />
    <property name="configuration_persistence" value="D:/TC/java libs/tcs/configuration_persistence/1.0.1/configuration_persistence.jar" />
    <property name="eclipse.pdebuild.scripts" value="/D:/TC/dev/Tool/eclipse/Primary Eclipse/eclipse/plugins/org.eclipse.pde.build_3.4.1.R34x_v20080805/scripts/" />
    <property name="ant.java.version" value="1.5" />
    <property name="basedir" value="D:\TC\dev\confluence_management_1.0.0\confluence_management_1.0.0_dev_dist" />
    <property name="java.class.version" value="49.0" />
    <property name="ant.home" value="D:\TC\dev\Tool\eclipse\Primary Eclipse\eclipse\plugins\org.apache.ant_1.7.0.v200803061910" />
    <property name="sun.boot.library.path" value="C:\Program Files\Java\jdk1.5.0_16\jre\bin" />
    <property name="ext_libdir" value="D:/TC/java libs/third libs" />
    <property name="sun.management.compiler" value="HotSpot Client Compiler" />
    <property name="java.awt.graphicsenv" value="sun.awt.Win32GraphicsEnvironment" />
    <property name="user.variant" value="" />
    <property name="build_targetclassdir" value="build/targetclasses" />
    <property name="docsdir" value="docs" />
    <property name="dev_dist.jar" value="confluence_management_1.0.0_dev_dist.jar" />
    <property name="ant.project.name" value="TopCoder Java Generic Build" />
    <property name="component.version.minor" value="0" />
    <property name="java.vm.specification.version" value="1.0" />
    <property name="component.bootclasspath" value="${java_1_x_bootclasspath}" />
    <property name="awt.toolkit" value="sun.awt.windows.WToolkit" />
    <property name="sun.cpu.isalist" value="pentium_pro+mmx pentium_pro pentium+mmx pentium i486 i386 i86" />
    <property name="build_javadocsdir" value="build/docs/javadocs" />
    <property name="java.ext.dirs" value="C:\Program Files\Java\jdk1.5.0_16\jre\lib\ext" />
    <property name="Note" value="the build file just references standard properties junit.jar and cobertura.dir " />
    <property name="os.version" value="5.1" />
    <property name="user.home" value="C:\Documents and Settings\utlovey" />
    <property name="javadoc.jar" value="javadocs.jar" />
    <property name="libdir" value="../tcs/lib" />
    <property name="build_classdir" value="build/classes" />
    <property name="typesafe_enum" value="D:/TC/java libs/tcs/typesafe_enum/1.1.0/typesafe_enum.jar" />
    <property name="java.vm.vendor" value="Sun Microsystems Inc." />
    <property name="component.distfilename" value="confluence_management" />
    <property name="component.package" value="com.topcoder.confluence" />
    <property name="build_testclassdir" value="build/testClasses" />
    <property name="package" value="com.topcoder.confluence" />
    <property name="user.dir" value="D:\TC\dev\confluence_management_1.0.0\confluence_management_1.0.0_dev_dist" />
    <property name="component.packagedir" value="com/topcoder/confluence" />
    <property name="sun.cpu.endian" value="little" />
    <property name="ant.file.Dependency Import" value="D:\TC\dev\confluence_management_1.0.0\confluence_management_1.0.0_dev_dist\build-dependencies.xml" />
    <property name="dist_docpackage" value="build/doc_package" />
    <property name="axis-jaxrpc" value="test_files/lib/axis-jaxrpc-1.2.1.jar" />
    <property name="java.vm.version" value="1.5.0_16-b02" />
    <property name="java.class.path" value="D:\TC\dev\confluence_management_1.0.0\confluence_management_1.0.0_dev_dist\build\testClasses;D:\TC\java libs\third libs\junit\4.4\junit.jar;D:\TC\dev\confluence_management_1.0.0\confluence_management_1.0.0_dev_dist\test_reflib\FontBox-0.1.0-dev.jar;D:\TC\dev\confluence_management_1.0.0\confluence_management_1.0.0_dev_dist\test_reflib\activation-1.0.2.jar;D:\TC\dev\confluence_management_1.0.0\confluence_management_1.0.0_dev_dist\test_reflib\alt-0.07-j1.3-j2ee1.3.jar;D:\TC\dev\confluence_management_1.0.0\confluence_management_1.0.0_dev_dist\test_reflib\alt-0.07-jdk1.3.jar;D:\TC\dev\confluence_management_1.0.0\confluence_management_1.0.0_dev_dist\test_reflib\alt-jdk1.3-0.07.jar;D:\TC\dev\confluence_management_1.0.0\confluence_management_1.0.0_dev_dist\test_reflib\aopalliance-1.0.jar;D:\TC\dev\confluence_management_1.0.0\confluence_management_1.0.0_dev_dist\test_reflib\asm-1.5.3.jar;D:\TC\dev\confluence_management_1.0.0\confluence_management_1.0.0_dev_dist\test_reflib\aspectjweaver-1.5.3-atl.jar;D:\TC\dev\confluence_management_1.0.0\confluence_management_1.0.0_dev_dist\test_reflib\atlassian-bandana-0.4.jar;D:\TC\dev\confluence_management_1.0.0\confluence_management_1.0.0_dev_dist\test_reflib\atlassian-bonnie-2.14.jar;D:\TC\dev\confluence_management_1.0.0\confluence_management_1.0.0_dev_dist\test_reflib\atlassian-bucket-1.1.jar;D:\TC\dev\confluence_management_1.0.0\confluence_management_1.0.0_dev_dist\test_reflib\atlassian-cache-api-0.1.jar;D:\TC\dev\confluence_management_1.0.0\confluence_management_1.0.0_dev_dist\test_reflib\atlassian-cache-memory-0.1.jar;D:\TC\dev\confluence_management_1.0.0\confluence_management_1.0.0_dev_dist\test_reflib\atlassian-cache-servlet-0.10.jar;D:\TC\dev\confluence_management_1.0.0\confluence_management_1.0.0_dev_dist\test_reflib\atlassian-config-0.10.jar;D:\TC\dev\confluence_management_1.0.0\confluence_management_1.0.0_dev_dist\test_reflib\atlassian-core-3.10.jar;D:\TC\dev\confluence_management_1.0.0\confluence_management_1.0.0_dev_dist\test_reflib\atlassian-event-0.5.jar;D:\TC\dev\confluence_management_1.0.0\confluence_management_1.0.0_dev_dist\test_reflib\atlassian-extras-1.20.1.jar;D:\TC\dev\confluence_management_1.0.0\confluence_management_1.0.0_dev_dist\test_reflib\atlassian-gzipfilter-1.6.jar;D:\TC\dev\confluence_management_1.0.0\confluence_management_1.0.0_dev_dist\test_reflib\atlassian-johnson-0.10.jar;D:\TC\dev\confluence_management_1.0.0\confluence_management_1.0.0_dev_dist\test_reflib\atlassian-mail-1.8.jar;D:\TC\dev\confluence_management_1.0.0\confluence_management_1.0.0_dev_dist\test_reflib\atlassian-ofbiz-2.1.jar;D:\TC\dev\confluence_management_1.0.0\confluence_management_1.0.0_dev_dist\test_reflib\atlassian-paddle-5.jar;D:\TC\dev\confluence_management_1.0.0\confluence_management_1.0.0_dev_dist\test_reflib\atlassian-plugins-2.0.0.beta6.4.jar;D:\TC\dev\confluence_management_1.0.0\confluence_management_1.0.0_dev_dist\test_reflib\atlassian-profiling-1.6.jar;D:\TC\dev\confluence_management_1.0.0\confluence_management_1.0.0_dev_dist\test_reflib\atlassian-renderer-3.19.jar;D:\TC\dev\confluence_management_1.0.0\confluence_management_1.0.0_dev_dist\test_reflib\atlassian-seraph-0.38.jar;D:\TC\dev\confluence_management_1.0.0\confluence_management_1.0.0_dev_dist\test_reflib\atlassian-spring-0.8.jar;D:\TC\dev\confluence_management_1.0.0\confluence_management_1.0.0_dev_dist\test_reflib\atlassian-trackback-0.10.jar;D:\TC\dev\confluence_management_1.0.0\confluence_management_1.0.0_dev_dist\test_reflib\atlassian-user-2.0.jar;D:\TC\dev\confluence_management_1.0.0\confluence_management_1.0.0_dev_dist\test_reflib\atlassian-velocity-0.7.jar;D:\TC\dev\confluence_management_1.0.0\confluence_management_1.0.0_dev_dist\test_reflib\atlassian-xwork-1.0.jar;D:\TC\dev\confluence_management_1.0.0\confluence_management_1.0.0_dev_dist\test_reflib\avalon-framework-4.2.0.jar;D:\TC\dev\confluence_management_1.0.0\confluence_management_1.0.0_dev_dist\test_reflib\axis-1.2.1.jar;D:\TC\dev\confluence_management_1.0.0\confluence_management_1.0.0_dev_dist\test_reflib\axis-jaxrpc-1.2.1.jar;D:\TC\dev\confluence_management_1.0.0\confluence_management_1.0.0_dev_dist\test_reflib\axis-saaj-1.2.1.jar;D:\TC\dev\confluence_management_1.0.0\confluence_management_1.0.0_dev_dist\test_reflib\backport-util-concurrent-3.0.jar;D:\TC\dev\confluence_management_1.0.0\confluence_management_1.0.0_dev_dist\test_reflib\batik-all-1.6.jar;D:\TC\dev\confluence_management_1.0.0\confluence_management_1.0.0_dev_dist\test_reflib\bcprov-jdk14-136.jar;D:\TC\dev\confluence_management_1.0.0\confluence_management_1.0.0_dev_dist\test_reflib\bsf-2.3.0.jar;D:\TC\dev\confluence_management_1.0.0\confluence_management_1.0.0_dev_dist\test_reflib\c3p0-0.9.1.2.jar;D:\TC\dev\confluence_management_1.0.0\confluence_management_1.0.0_dev_dist\test_reflib\cglib-2.1_3.jar;D:\TC\dev\confluence_management_1.0.0\confluence_management_1.0.0_dev_dist\test_reflib\coherence-3.3.jar;D:\TC\dev\confluence_management_1.0.0\confluence_management_1.0.0_dev_dist\test_reflib\commons-beanutils-1.6.1.jar;D:\TC\dev\confluence_management_1.0.0\confluence_management_1.0.0_dev_dist\test_reflib\commons-codec-1.3.jar;D:\TC\dev\confluence_management_1.0.0\confluence_management_1.0.0_dev_dist\test_reflib\commons-collections-3.2.jar;D:\TC\dev\confluence_management_1.0.0\confluence_management_1.0.0_dev_dist\test_reflib\commons-dbcp-1.2.1.jar;D:\TC\dev\confluence_management_1.0.0\confluence_management_1.0.0_dev_dist\test_reflib\commons-digester-1.5.jar;D:\TC\dev\confluence_management_1.0.0\confluence_management_1.0.0_dev_dist\test_reflib\commons-discovery-0.2.jar;D:\TC\dev\confluence_management_1.0.0\confluence_management_1.0.0_dev_dist\test_reflib\commons-fileupload-1.2.1.jar;D:\TC\dev\confluence_management_1.0.0\confluence_management_1.0.0_dev_dist\test_reflib\commons-httpclient-3.0.jar;D:\TC\dev\confluence_management_1.0.0\confluence_management_1.0.0_dev_dist\test_reflib\commons-io-1.4.jar;D:\TC\dev\confluence_management_1.0.0\confluence_management_1.0.0_dev_dist\test_reflib\commons-jrcs-diff-0.1.7.jar;D:\TC\dev\confluence_management_1.0.0\confluence_management_1.0.0_dev_dist\test_reflib\commons-lang-2.4.jar;D:\TC\dev\confluence_management_1.0.0\confluence_management_1.0.0_dev_dist\test_reflib\commons-logging-1.0.4.jar;D:\TC\dev\confluence_management_1.0.0\confluence_management_1.0.0_dev_dist\test_reflib\commons-pool-1.3.jar;D:\TC\dev\confluence_management_1.0.0\confluence_management_1.0.0_dev_dist\test_reflib\concurrent-1.3.4-patched.jar;D:\TC\dev\confluence_management_1.0.0\confluence_management_1.0.0_dev_dist\test_reflib\confluence-2.9.2.jar;D:\TC\dev\confluence_management_1.0.0\confluence_management_1.0.0_dev_dist\test_reflib\confluence-compatibility-2.9.2.jar;D:\TC\dev\confluence_management_1.0.0\confluence_management_1.0.0_dev_dist\test_reflib\confluence-de_DE-plugin-1.3.jar;D:\TC\dev\confluence_management_1.0.0\confluence_management_1.0.0_dev_dist\test_reflib\confluence-fr_FR-plugin-1.8.jar;D:\TC\dev\confluence_management_1.0.0\confluence_management_1.0.0_dev_dist\test_reflib\confluence-rpc-plugin-2.9.2.jar;D:\TC\dev\confluence_management_1.0.0\confluence_management_1.0.0_dev_dist\test_reflib\cos-09May2002.jar;D:\TC\dev\confluence_management_1.0.0\confluence_management_1.0.0_dev_dist\test_reflib\cssparser-0.9.5.jar;D:\TC\dev\confluence_management_1.0.0\confluence_management_1.0.0_dev_dist\test_reflib\dom4j-1.4-full.jar;D:\TC\dev\confluence_management_1.0.0\confluence_management_1.0.0_dev_dist\test_reflib\dwr-1.1.4.jar;D:\TC\dev\confluence_management_1.0.0\confluence_management_1.0.0_dev_dist\test_reflib\ehcache-1.2.3.jar;D:\TC\dev\confluence_management_1.0.0\confluence_management_1.0.0_dev_dist\test_reflib\exml-7.1.jar;D:\TC\dev\confluence_management_1.0.0\confluence_management_1.0.0_dev_dist\test_reflib\fop-trunk-534713-atlassian.jar;D:\TC\dev\confluence_management_1.0.0\confluence_management_1.0.0_dev_dist\test_reflib\glue-5.0b2.jar;D:\TC\dev\confluence_management_1.0.0\confluence_management_1.0.0_dev_dist\test_reflib\hibernate-2.1.8-atlassian.jar;D:\TC\dev\confluence_management_1.0.0\confluence_management_1.0.0_dev_dist\test_reflib\hsqldb-1.8.0.7.jar;D:\TC\dev\confluence_management_1.0.0\confluence_management_1.0.0_dev_dist\test_reflib\httpunit-1.5.4.jar;D:\TC\dev\confluence_management_1.0.0\confluence_management_1.0.0_dev_dist\test_reflib\jai_codec-1.1.3.jar;D:\TC\dev\confluence_management_1.0.0\confluence_management_1.0.0_dev_dist\test_reflib\jai_core-1.1.3.jar;D:\TC\dev\confluence_management_1.0.0\confluence_management_1.0.0_dev_dist\test_reflib\jcaptcha-all-1.0-RC6.jar;D:\TC\dev\confluence_management_1.0.0\confluence_management_1.0.0_dev_dist\test_reflib\jcommon-1.0.0.jar;D:\TC\dev\confluence_management_1.0.0\confluence_management_1.0.0_dev_dist\test_reflib\jdom-1.0.jar;D:\TC\dev\confluence_management_1.0.0\confluence_management_1.0.0_dev_dist\test_reflib\jfreechart-1.0.0.jar;D:\TC\dev\confluence_management_1.0.0\confluence_management_1.0.0_dev_dist\test_reflib\joda-time-1.4.jar;D:\TC\dev\confluence_management_1.0.0\confluence_management_1.0.0_dev_dist\test_reflib\jta-1.0.1B.jar;D:\TC\dev\confluence_management_1.0.0\confluence_management_1.0.0_dev_dist\test_reflib\jtds-1.2.jar;D:\TC\dev\confluence_management_1.0.0\confluence_management_1.0.0_dev_dist\test_reflib\jtidy-r8-20060801.jar;D:\TC\dev\confluence_management_1.0.0\confluence_management_1.0.0_dev_dist\test_reflib\jython-2.1-forked.jar;D:\TC\dev\confluence_management_1.0.0\confluence_management_1.0.0_dev_dist\test_reflib\ldaptemplate-1.0.1.jar;D:\TC\dev\confluence_management_1.0.0\confluence_management_1.0.0_dev_dist\test_reflib\log4j-1.2.8.jar;D:\TC\dev\confluence_management_1.0.0\confluence_management_1.0.0_dev_dist\test_reflib\lucene-analyzers-2.2.0.jar;D:\TC\dev\confluence_management_1.0.0\confluence_management_1.0.0_dev_dist\test_reflib\lucene-core-2.2.0.jar;D:\TC\dev\confluence_management_1.0.0\confluence_management_1.0.0_dev_dist\test_reflib\mail-1.4.1.jar;D:\TC\dev\confluence_management_1.0.0\confluence_management_1.0.0_dev_dist\test_reflib\mockobjects-alt-jdk1.3-j2ee1.3-0.09.jar;D:\TC\dev\confluence_management_1.0.0\confluence_management_1.0.0_dev_dist\test_reflib\mockobjects-jdk1.3-j2ee1.2-0.09.jar;D:\TC\dev\confluence_management_1.0.0\confluence_management_1.0.0_dev_dist\test_reflib\nekohtml-1.9.7.jar;D:\TC\dev\confluence_management_1.0.0\confluence_management_1.0.0_dev_dist\test_reflib\odmg-3.0.jar;D:\TC\dev\confluence_management_1.0.0\confluence_management_1.0.0_dev_dist\test_reflib\ofbcore-entity-2.1.1-atlassian-21Mar06.jar;D:\TC\dev\confluence_management_1.0.0\confluence_management_1.0.0_dev_dist\test_reflib\ofbcore-share-2.1.1.jar;D:\TC\dev\confluence_management_1.0.0\confluence_management_1.0.0_dev_dist\test_reflib\ognl-2.6.5.jar;D:\TC\dev\confluence_management_1.0.0\confluence_management_1.0.0_dev_dist\test_reflib\oro-2.0.8.jar;D:\TC\dev\confluence_management_1.0.0\confluence_management_1.0.0_dev_dist\test_reflib\oscache-2.2.jar;D:\TC\dev\confluence_management_1.0.0\confluence_management_1.0.0_dev_dist\test_reflib\oscore-2.2.7.jar;D:\TC\dev\confluence_management_1.0.0\confluence_management_1.0.0_dev_dist\test_reflib\osuser-atl.user.jar;D:\TC\dev\confluence_management_1.0.0\confluence_management_1.0.0_dev_dist\test_reflib\pdfbox-0.7.2.jar;D:\TC\dev\confluence_management_1.0.0\confluence_management_1.0.0_dev_dist\test_reflib\poi-3.0.2-FINAL.jar;D:\TC\dev\confluence_management_1.0.0\confluence_management_1.0.0_dev_dist\test_reflib\poi-scratchpad-3.0.2-FINAL.jar;D:\TC\dev\confluence_management_1.0.0\confluence_management_1.0.0_dev_dist\test_reflib\propertyset-1.3-21Nov03.jar;D:\TC\dev\confluence_management_1.0.0\confluence_management_1.0.0_dev_dist\test_reflib\quartz-1.5.2.jar;D:\TC\dev\confluence_management_1.0.0\confluence_management_1.0.0_dev_dist\test_reflib\radeox-1.0b2-forked-22Apr2004.jar;D:\TC\dev\confluence_management_1.0.0\confluence_management_1.0.0_dev_dist\test_reflib\rome-0.8.jar;D:\TC\dev\confluence_management_1.0.0\confluence_management_1.0.0_dev_dist\test_reflib\sac-1.3.jar;D:\TC\dev\confluence_management_1.0.0\confluence_management_1.0.0_dev_dist\test_reflib\saxon-6.5.3-patched.jar;D:\TC\dev\confluence_management_1.0.0\confluence_management_1.0.0_dev_dist\test_reflib\sitemesh-2.3-atlassian.jar;D:\TC\dev\confluence_management_1.0.0\confluence_management_1.0.0_dev_dist\test_reflib\slf4j-api-1.4.3.jar;D:\TC\dev\confluence_management_1.0.0\confluence_management_1.0.0_dev_dist\test_reflib\slf4j-log4j12-1.4.3.jar;D:\TC\dev\confluence_management_1.0.0\confluence_management_1.0.0_dev_dist\test_reflib\slide-2.1.jar;D:\TC\dev\confluence_management_1.0.0\confluence_management_1.0.0_dev_dist\test_reflib\spring-aop-2.0.8.jar;D:\TC\dev\confluence_management_1.0.0\confluence_management_1.0.0_dev_dist\test_reflib\spring-aopalliance-1.0.jar;D:\TC\dev\confluence_management_1.0.0\confluence_management_1.0.0_dev_dist\test_reflib\spring-beans-2.0.8.jar;D:\TC\dev\confluence_management_1.0.0\confluence_management_1.0.0_dev_dist\test_reflib\spring-context-2.0.8.jar;D:\TC\dev\confluence_management_1.0.0\confluence_management_1.0.0_dev_dist\test_reflib\spring-core-2.0.8.jar;D:\TC\dev\confluence_management_1.0.0\confluence_management_1.0.0_dev_dist\test_reflib\spring-dao-2.0.8.jar;D:\TC\dev\confluence_management_1.0.0\confluence_management_1.0.0_dev_dist\test_reflib\spring-hibernate2-2.0.8.jar;D:\TC\dev\confluence_management_1.0.0\confluence_management_1.0.0_dev_dist\test_reflib\spring-jdbc-2.0.8.jar;D:\TC\dev\confluence_management_1.0.0\confluence_management_1.0.0_dev_dist\test_reflib\spring-jmx-2.0.8.jar;D:\TC\dev\confluence_management_1.0.0\confluence_management_1.0.0_dev_dist\test_reflib\spring-support-2.0.8.jar;D:\TC\dev\confluence_management_1.0.0\confluence_management_1.0.0_dev_dist\test_reflib\spring-web-2.0.8.jar;D:\TC\dev\confluence_management_1.0.0\confluence_management_1.0.0_dev_dist\test_reflib\stax-api-1.0.1.jar;D:\TC\dev\confluence_management_1.0.0\confluence_management_1.0.0_dev_dist\test_reflib\tangosol-3.3.jar;D:\TC\dev\confluence_management_1.0.0\confluence_management_1.0.0_dev_dist\test_reflib\tm-extractors-0.4.jar;D:\TC\dev\confluence_management_1.0.0\confluence_management_1.0.0_dev_dist\test_reflib\urlrewrite-2.6.0.jar;D:\TC\dev\confluence_management_1.0.0\confluence_management_1.0.0_dev_dist\test_reflib\velocity-1.5.jar;D:\TC\dev\confluence_management_1.0.0\confluence_management_1.0.0_dev_dist\test_reflib\velocity-tools-view-1.1.jar;D:\TC\dev\confluence_management_1.0.0\confluence_management_1.0.0_dev_dist\test_reflib\webwork-2.1.5-atlassian-2.jar;D:\TC\dev\confluence_management_1.0.0\confluence_management_1.0.0_dev_dist\test_reflib\wsdl4j-1.5.1.jar;D:\TC\dev\confluence_management_1.0.0\confluence_management_1.0.0_dev_dist\test_reflib\wstx-asl-3.2.0.jar;D:\TC\dev\confluence_management_1.0.0\confluence_management_1.0.0_dev_dist\test_reflib\xalan-2.7.0.jar;D:\TC\dev\confluence_management_1.0.0\confluence_management_1.0.0_dev_dist\test_reflib\xercesImpl-2.8.1.jar;D:\TC\dev\confluence_management_1.0.0\confluence_management_1.0.0_dev_dist\test_reflib\xfire-all-1.2.6.jar;D:\TC\dev\confluence_management_1.0.0\confluence_management_1.0.0_dev_dist\test_reflib\xml-apis-1.0.b2.jar;D:\TC\dev\confluence_management_1.0.0\confluence_management_1.0.0_dev_dist\test_reflib\xmlParserAPIs-2.6.2.jar;D:\TC\dev\confluence_management_1.0.0\confluence_management_1.0.0_dev_dist\test_reflib\xmlgraphics-commons-1.2svn.jar;D:\TC\dev\confluence_management_1.0.0\confluence_management_1.0.0_dev_dist\test_reflib\xmlrpc-2.0+xmlrpc61.jar;D:\TC\dev\confluence_management_1.0.0\confluence_management_1.0.0_dev_dist\test_reflib\xpp3-1.1.3.4d_b4_min.jar;D:\TC\dev\confluence_management_1.0.0\confluence_management_1.0.0_dev_dist\test_reflib\xstream-1.1.1.jar;D:\TC\dev\confluence_management_1.0.0\confluence_management_1.0.0_dev_dist\test_reflib\xwork-1.0.3.1.jar;D:\TC\dev\confluence_management_1.0.0\confluence_management_1.0.0_dev_dist\test_files\lib\axis-1.2.1.jar;D:\TC\dev\confluence_management_1.0.0\confluence_management_1.0.0_dev_dist\test_files\lib\axis-jaxrpc-1.2.1.jar;D:\TC\dev\confluence_management_1.0.0\confluence_management_1.0.0_dev_dist\test_files\lib\confluence_generated.jar;D:\TC\dev\confluence_management_1.0.0\confluence_management_1.0.0_dev_dist\test_files\lib\jaxb-api.jar;D:\TC\java libs\tcs\base_exception\2.0.0\base_exception.jar;D:\TC\java libs\tcs\object_factory\2.1.2\object_factory.jar;D:\TC\java libs\tcs\configuration_api\1.0\configuration_api.jar;D:\TC\java libs\tcs\object_formatter\1.0.0\object_formatter.jar;D:\TC\java libs\tcs\typesafe_enum\1.1.0\typesafe_enum.jar;D:\TC\java libs\tcs\configuration_persistence\1.0.1\configuration_persistence.jar;D:\TC\java libs\tcs\logging_wrapper\2.0.0\logging_wrapper.jar;D:\TC\dev\confluence_management_1.0.0\confluence_management_1.0.0_dev_dist\test_files\config_files;D:\TC\dev\confluence_management_1.0.0\confluence_management_1.0.0_dev_dist\test_files\stress;D:\TC\dev\confluence_management_1.0.0\confluence_management_1.0.0_dev_dist\build\classes;D:\TC\dev\confluence_management_1.0.0\confluence_management_1.0.0_dev_dist\conf;D:\TC\dev\confluence_management_1.0.0\confluence_management_1.0.0_dev_dist\test_files;D:\TC\dev\Tool\eclipse\Primary Eclipse\eclipse\plugins\org.apache.ant_1.7.0.v200803061910\lib\ant-launcher.jar;D:\TC\dev\Tool\eclipse\Primary Eclipse\eclipse\plugins\org.apache.ant_1.7.0.v200803061910\lib\ant.jar;D:\TC\dev\Tool\eclipse\Primary Eclipse\eclipse\plugins\org.apache.ant_1.7.0.v200803061910\lib\ant-junit.jar" />
    <property name="dev_submission.jar" value="confluence_management_1.0.0_dev_submission.jar" />
    <property name="ant.library.dir" value="D:\TC\dev\Tool\eclipse\Primary Eclipse\eclipse\plugins\org.apache.ant_1.7.0.v200803061910\lib" />
    <property name="os.arch" value="x86" />
    <property name="checkstyle.dir" value="D:/TC/java libs/third libs/checkstyle" />
    <property name="sun.java.launcher" value="SUN_STANDARD" />
    <property name="object_formatter" value="D:/TC/java libs/tcs/object_formatter/1.0.0/object_formatter.jar" />
    <property name="ant.core.lib" value="D:\TC\dev\Tool\eclipse\Primary Eclipse\eclipse\plugins\org.apache.ant_1.7.0.v200803061910\lib\ant.jar" />
    <property name="java.vm.specification.vendor" value="Sun Microsystems Inc." />
    <property name="*" value="The install location of Cobertura,JUnit and Checkstyle for all components" />
    <property name="file.separator" value="\" />
    <property name="java.runtime.version" value="1.5.0_16-b02" />
    <property name="build_docsdir" value="build/docs" />
    <property name="sun.boot.class.path" value="C:\Program Files\Java\jdk1.5.0_16\jre\lib\rt.jar;C:\Program Files\Java\jdk1.5.0_16\jre\lib\i18n.jar;C:\Program Files\Java\jdk1.5.0_16\jre\lib\sunrsasign.jar;C:\Program Files\Java\jdk1.5.0_16\jre\lib\jsse.jar;C:\Program Files\Java\jdk1.5.0_16\jre\lib\jce.jar;C:\Program Files\Java\jdk1.5.0_16\jre\lib\charsets.jar;C:\Program Files\Java\jdk1.5.0_16\jre\classes" />
    <property name="javadoc.locale" value="en_US" />
    <property name="design_submission.jar" value="confluence_management_1.0.0_design_submission.jar" />
    <property name="user.country" value="CN" />
    <property name="tcs_libdir" value="D:/TC/java libs/tcs" />
    <property name="component" value="Confluence Management" />
    <property name="java.vendor" value="Sun Microsystems Inc." />
    <property name="java.specification.version" value="1.5" />
    <property name="testfiles" value="test_files" />
    <property name="sun.arch.data.model" value="32" />
    <property name="javatests" value="src/java/tests" />
    <property name="configuration_api" value="D:/TC/java libs/tcs/configuration_api/1.0/configuration_api.jar" />
  </properties>
  <testcase classname="com.topcoder.confluence.ConfluenceAuthenticationFailedExceptionTests" name="testCtor1Accuracy" time="0.0" />
  <testcase classname="com.topcoder.confluence.ConfluenceAuthenticationFailedExceptionTests" name="testCtor2Accuracy" time="0.0" />
  <testcase classname="com.topcoder.confluence.ConfluenceAuthenticationFailedExceptionTests" name="testCtor3Accuracy" time="0.0" />
  <testcase classname="com.topcoder.confluence.ConfluenceAuthenticationFailedExceptionTests" name="testCtor4Accuracy" time="0.0" />
  <testcase classname="com.topcoder.confluence.ConfluenceAuthenticationFailedExceptionTests" name="testInheritance" time="0.0" />
  <testcase classname="com.topcoder.confluence.ConfluenceConfigurationExceptionTests" name="testCtor1Accuracy" time="0.0" />
  <testcase classname="com.topcoder.confluence.ConfluenceConfigurationExceptionTests" name="testCtor2Accuracy" time="0.0" />
  <testcase classname="com.topcoder.confluence.ConfluenceConfigurationExceptionTests" name="testCtor3Accuracy" time="0.0" />
  <testcase classname="com.topcoder.confluence.ConfluenceConfigurationExceptionTests" name="testCtor4Accuracy" time="0.0" />
  <testcase classname="com.topcoder.confluence.ConfluenceConfigurationExceptionTests" name="testInheritance" time="0.0" />
  <testcase classname="com.topcoder.confluence.ConfluenceConnectionExceptionTests" name="testCtor1Accuracy" time="0.015" />
  <testcase classname="com.topcoder.confluence.ConfluenceConnectionExceptionTests" name="testCtor2Accuracy" time="0.0" />
  <testcase classname="com.topcoder.confluence.ConfluenceConnectionExceptionTests" name="testCtor3Accuracy" time="0.0" />
  <testcase classname="com.topcoder.confluence.ConfluenceConnectionExceptionTests" name="testCtor4Accuracy" time="0.0" />
  <testcase classname="com.topcoder.confluence.ConfluenceConnectionExceptionTests" name="testInheritance" time="0.0" />
  <testcase classname="com.topcoder.confluence.ConfluenceManagerExceptionTests" name="testCtor1Accuracy" time="0.0" />
  <testcase classname="com.topcoder.confluence.ConfluenceManagerExceptionTests" name="testCtor2Accuracy" time="0.0" />
  <testcase classname="com.topcoder.confluence.ConfluenceManagerExceptionTests" name="testCtor3Accuracy" time="0.0" />
  <testcase classname="com.topcoder.confluence.ConfluenceManagerExceptionTests" name="testCtor4Accuracy" time="0.0" />
  <testcase classname="com.topcoder.confluence.ConfluenceManagerExceptionTests" name="testInheritance" time="0.0" />
  <testcase classname="com.topcoder.confluence.ConfluenceNotAuthorizedExceptionTests" name="testCtor1Accuracy" time="0.0" />
  <testcase classname="com.topcoder.confluence.ConfluenceNotAuthorizedExceptionTests" name="testCtor2Accuracy" time="0.0" />
  <testcase classname="com.topcoder.confluence.ConfluenceNotAuthorizedExceptionTests" name="testCtor3Accuracy" time="0.0" />
  <testcase classname="com.topcoder.confluence.ConfluenceNotAuthorizedExceptionTests" name="testCtor4Accuracy" time="0.0" />
  <testcase classname="com.topcoder.confluence.ConfluenceNotAuthorizedExceptionTests" name="testInheritance" time="0.0" />
  <testcase classname="com.topcoder.confluence.HelperTests" name="testCheckNull_Accuracy" time="0.0" />
  <testcase classname="com.topcoder.confluence.HelperTests" name="testCheckNull_Failure" time="0.0" />
  <testcase classname="com.topcoder.confluence.HelperTests" name="testCheckStringNullOrEmpty_NotNullNotEmptyString" time="0.0" />
  <testcase classname="com.topcoder.confluence.HelperTests" name="testCheckStringNullOrEmpty_NullString" time="0.0" />
  <testcase classname="com.topcoder.confluence.HelperTests" name="testCheckStringNullOrEmpty_EmptyString1" time="0.0" />
  <testcase classname="com.topcoder.confluence.HelperTests" name="testCheckStringNullOrEmpty_EmptyString2" time="0.0" />
  <testcase classname="com.topcoder.confluence.entities.ComponentTypeTests" name="test_getStringName_Accuracy" time="0.0" />
  <testcase classname="com.topcoder.confluence.entities.ConfluenceCatalogTests" name="test_getStringName_Accuracy" time="0.0" />
  <testcase classname="com.topcoder.confluence.entities.ConfluencePageCreationResultTests" name="test_Ctor_Accuracy" time="0.0" />
  <testcase classname="com.topcoder.confluence.entities.ConfluencePageCreationResultTests" name="test_Ctor_Page_Null_Failure" time="0.0" />
  <testcase classname="com.topcoder.confluence.entities.ConfluencePageCreationResultTests" name="test_Ctor_Page_ConfluencePageCreatedAction_Failure" time="0.0" />
  <testcase classname="com.topcoder.confluence.entities.ConfluencePageCreationResultTests" name="test_getActionTaken_Accuracy" time="0.0" />
  <testcase classname="com.topcoder.confluence.entities.ConfluencePageCreationResultTests" name="test_getActidonTaken_Accuracy" time="0.0" />
  <testcase classname="com.topcoder.confluence.entities.ConfluencePageCreationResultTests" name="test_getAdctidonTaken_Accuracy" time="0.0" />
  <testcase classname="com.topcoder.confluence.entities.ConfluencePageCreationResultTests" name="test_getAdctiddonTaken_Accuracy" time="0.0" />
  <testcase classname="com.topcoder.confluence.entities.PageTests" name="test_Ctor1_Accuracy" time="0.0" />
  <testcase classname="com.topcoder.confluence.entities.PageTests" name="test_Ctor2_Accuracy" time="0.016" />
  <testcase classname="com.topcoder.confluence.entities.PageTests" name="test_getApplicationCode_Accuracy" time="0.0" />
  <testcase classname="com.topcoder.confluence.entities.PageTests" name="test_getAssetName_Accuracy" time="0.0" />
  <testcase classname="com.topcoder.confluence.entities.PageTests" name="test_getAssetType_Accuracy" time="0.0" />
  <testcase classname="com.topcoder.confluence.entities.PageTests" name="test_getBasePageUrl_Accuracy" time="0.0" />
  <testcase classname="com.topcoder.confluence.entities.PageTests" name="test_getCatalog_Accuracy" time="0.0" />
  <testcase classname="com.topcoder.confluence.entities.PageTests" name="test_getComponentType_Accuracy" time="0.0" />
  <testcase classname="com.topcoder.confluence.entities.PageTests" name="test_getContent_Accuracy" time="0.0" />
  <testcase classname="com.topcoder.confluence.entities.PageTests" name="test_getVersion_Accuracy" time="0.0" />
  <testcase classname="com.topcoder.confluence.entities.PageTests" name="test_getVersionUrl_Accuracy" time="0.0" />
  <testcase classname="com.topcoder.confluence.entities.PageTests" name="test_setApplicationCode_Accuracy" time="0.0" />
  <testcase classname="com.topcoder.confluence.entities.PageTests" name="test_setApplicationCode_Null_Failure" time="0.0" />
  <testcase classname="com.topcoder.confluence.entities.PageTests" name="test_setApplicationCode_Empty_Failure" time="0.0" />
  <testcase classname="com.topcoder.confluence.entities.PageTests" name="test_setAssetName_Accuracy" time="0.0" />
  <testcase classname="com.topcoder.confluence.entities.PageTests" name="test_setAssetName_Null_Failure" time="0.0" />
  <testcase classname="com.topcoder.confluence.entities.PageTests" name="test_setAssetName_Empty_Failure" time="0.0" />
  <testcase classname="com.topcoder.confluence.entities.PageTests" name="test_setAssetType_Accuracy" time="0.0" />
  <testcase classname="com.topcoder.confluence.entities.PageTests" name="test_setAssetType_Null_Failure" time="0.0" />
  <testcase classname="com.topcoder.confluence.entities.PageTests" name="test_setBasePageUrl_Accuracy" time="0.0" />
  <testcase classname="com.topcoder.confluence.entities.PageTests" name="test_setBasePageUrl_Null_Failure" time="0.0" />
  <testcase classname="com.topcoder.confluence.entities.PageTests" name="test_setBasePageUrl_Empty_Failure" time="0.0" />
  <testcase classname="com.topcoder.confluence.entities.PageTests" name="test_setCatalog_Accuracy" time="0.0" />
  <testcase classname="com.topcoder.confluence.entities.PageTests" name="test_setCatalog_Null_Failure" time="0.0" />
  <testcase classname="com.topcoder.confluence.entities.PageTests" name="test_setComponentType_Accuracy" time="0.0" />
  <testcase classname="com.topcoder.confluence.entities.PageTests" name="test_setComponentType_Null_Failure" time="0.0" />
  <testcase classname="com.topcoder.confluence.entities.PageTests" name="test_setContent_Accuracy" time="0.0" />
  <testcase classname="com.topcoder.confluence.entities.PageTests" name="test_setContent_Null_Failure" time="0.0" />
  <testcase classname="com.topcoder.confluence.entities.PageTests" name="test_setVersion_Accuracy" time="0.0" />
  <testcase classname="com.topcoder.confluence.entities.PageTests" name="test_setVersion_Null_Failure" time="0.0" />
  <testcase classname="com.topcoder.confluence.entities.PageTests" name="test_setVersion_Empty_Failure" time="0.0" />
  <testcase classname="com.topcoder.confluence.entities.PageTests" name="test_setVersionUrl_Accuracy" time="0.0" />
  <testcase classname="com.topcoder.confluence.entities.PageTests" name="test_setVersionUrl_Null_Failure" time="0.0" />
  <testcase classname="com.topcoder.confluence.entities.PageTests" name="test_setVersionUrl_Empty_Failure" time="0.0" />
  <testcase classname="com.topcoder.confluence.impl.DefaultConfluenceManagerTest1" name="test_DefaultConfluenceManager_String_String_Accuracy" time="0.75" />
  <testcase classname="com.topcoder.confluence.impl.DefaultConfluenceManagerTest1" name="test_DefaultConfluenceManager_String_String_First_String_Null_Failure" time="0.032" />
  <testcase classname="com.topcoder.confluence.impl.DefaultConfluenceManagerTest1" name="test_DefaultConfluenceManager_String_String_First_String_Empty_Failure" time="0.015" />
  <testcase classname="com.topcoder.confluence.impl.DefaultConfluenceManagerTest1" name="test_DefaultConfluenceManager_String_String_Second_String_Null_Failure" time="0.016" />
  <testcase classname="com.topcoder.confluence.impl.DefaultConfluenceManagerTest1" name="test_DefaultConfluenceManager_String_String_Second_String_Empty_Failure" time="0.031" />
  <testcase classname="com.topcoder.confluence.impl.DefaultConfluenceManagerTest1" name="test_DefaultConfluenceManager_String_String_File_Not_Found_Failure" time="0.016" />
  <testcase classname="com.topcoder.confluence.impl.DefaultConfluenceManagerTest1" name="test_DefaultConfluenceManager_String_String_Unrecognized_File_Type_Failure" time="0.031" />
  <testcase classname="com.topcoder.confluence.impl.DefaultConfluenceManagerTest1" name="test_DefaultConfluenceManager_String_String_Empty_Configuration_File_Failure" time="0.047" />
  <testcase classname="com.topcoder.confluence.impl.DefaultConfluenceManagerTest1" name="test_DefaultConfluenceManager_Accuracy" time="0.015" />
  <testcase classname="com.topcoder.confluence.impl.DefaultConfluenceManagerTest1" name="test_DefaultConfluenceManager_String_Accuracy" time="0.047" />
  <testcase classname="com.topcoder.confluence.impl.DefaultConfluenceManagerTest1" name="test_DefaultConfluenceManager_ConfigurationObject_Accuracy" time="0.141" />
  <testcase classname="com.topcoder.confluence.impl.DefaultConfluenceManagerTest1" name="test_DefaultConfluenceManager_Null_ConfigurationObject_Failure" time="0.062" />
  <testcase classname="com.topcoder.confluence.impl.DefaultConfluenceManagerTest1" name="test_DefaultConfluenceManager_Miss_confluenceUrl_Failure" time="0.11" />
  <testcase classname="com.topcoder.confluence.impl.DefaultConfluenceManagerTest1" name="test_DefaultConfluenceManager_Empty_confluenceUrl_Failure" time="0.125" />
  <testcase classname="com.topcoder.confluence.impl.DefaultConfluenceManagerTest1" name="test_DefaultConfluenceManager_Not_Integer_Type_confluenceUrl_Failure" time="0.109" />
  <testcase classname="com.topcoder.confluence.impl.DefaultConfluenceManagerTest1" name="test_DefaultConfluenceManager_Negative_Integer_Type_confluenceUrl_Failure" time="0.094" />
  <testcase classname="com.topcoder.confluence.impl.DefaultConfluenceManagerTest1" name="test_DefaultConfluenceManager_No_SpaceLocationsMapping_Failure" time="0.125" />
  <testcase classname="com.topcoder.confluence.impl.DefaultConfluenceManagerTest1" name="test_DefaultConfluenceManager_No_TemplatesMapping_Failure" time="0.109" />
  <testcase classname="com.topcoder.confluence.impl.DefaultConfluenceManagerTest1" name="test_DefaultConfluenceManager_Miss_componentBasePage_Failure" time="0.11" />
  <testcase classname="com.topcoder.confluence.impl.DefaultConfluenceManagerTest1" name="test_DefaultConfluenceManager_Miss_componentVersionPage_Failure" time="0.125" />
  <testcase classname="com.topcoder.confluence.impl.DefaultConfluenceManagerTest1" name="test_DefaultConfluenceManager_Miss_applicationBasePage_Failure" time="0.109" />
  <testcase classname="com.topcoder.confluence.impl.DefaultConfluenceManagerTest1" name="test_DefaultConfluenceManager_Miss_applicationVersionPage_Failure" time="0.094" />
  <testcase classname="com.topcoder.confluence.impl.DefaultConfluenceManagerTest1" name="test_DefaultConfluenceManager_Required_Property_Not_String_Type_Failure" time="0.015" />
  <testcase classname="com.topcoder.confluence.impl.DefaultConfluenceManagerTest1" name="test_DefaultConfluenceManager_Optional_Property_Not_String_Type_Failure" time="0.016" />
  <testcase classname="com.topcoder.confluence.impl.DefaultConfluenceManagerTest1" name="test_DefaultConfluenceManager_String_Map_Map_Accuracy" time="0.031" />
  <testcase classname="com.topcoder.confluence.impl.DefaultConfluenceManagerTest1" name="test_DefaultConfluenceManager_String_Map_Map_Null_String_Failure" time="0.016" />
  <testcase classname="com.topcoder.confluence.impl.DefaultConfluenceManagerTest1" name="test_DefaultConfluenceManager_String_Map_Map_Empty_String_Failure" time="0.016" />
  <testcase classname="com.topcoder.confluence.impl.DefaultConfluenceManagerTest1" name="test_DefaultConfluenceManager_String_Map_Map_Null_First_Map_Failure" time="0.015" />
  <testcase classname="com.topcoder.confluence.impl.DefaultConfluenceManagerTest1" name="test_DefaultConfluenceManager_String_Map_Map_Contain_Null_key_Map_Failure" time="0.016" />
  <testcase classname="com.topcoder.confluence.impl.DefaultConfluenceManagerTest1" name="test_DefaultConfluenceManager_String_Map_Map_Contain_Null_value_Map_Failure" time="0.015" />
  <testcase classname="com.topcoder.confluence.impl.DefaultConfluenceManagerTest1" name="test_DefaultConfluenceManager_String_Map_Map_Contain_Empty_value_Map_Failure" time="0.016" />
  <testcase classname="com.topcoder.confluence.impl.DefaultConfluenceManagerTest1" name="test_DefaultConfluenceManager_String_Map_Map_Null_Second_Map_Failure" time="0.016" />
  <testcase classname="com.topcoder.confluence.impl.DefaultConfluenceManagerTest1" name="test_retrievePage_String_String_String_ConfluenceAssetType_ConfluenceCatalog_ComponentType_Failure1" time="0.015" />
  <testcase classname="com.topcoder.confluence.impl.DefaultConfluenceManagerTest1" name="test_retrievePage_String_String_String_ConfluenceAssetType_ConfluenceCatalog_ComponentType_Failure2" time="0.016" />
  <testcase classname="com.topcoder.confluence.impl.DefaultConfluenceManagerTest1" name="test_retrievePage_String_String_String_ConfluenceAssetType_ConfluenceCatalog_ComponentType_Failure3" time="0.015" />
  <testcase classname="com.topcoder.confluence.impl.DefaultConfluenceManagerTest1" name="test_retrievePage_String_String_String_ConfluenceAssetType_ConfluenceCatalog_ComponentType_Failure4" time="0.016" />
  <testcase classname="com.topcoder.confluence.impl.DefaultConfluenceManagerTest1" name="test_retrievePage_String_String_String_ConfluenceAssetType_ConfluenceCatalog_ComponentType_Failure5" time="0.015" />
  <testcase classname="com.topcoder.confluence.impl.DefaultConfluenceManagerTest1" name="test_retrievePage_String_String_String_ConfluenceAssetType_ConfluenceCatalog_ComponentType_Failure6" time="0.016" />
  <testcase classname="com.topcoder.confluence.impl.DefaultConfluenceManagerTest1" name="test_retrievePage_String_String_String_ConfluenceAssetType_ConfluenceCatalog_ComponentType_Failure7" time="0.016" />
  <testcase classname="com.topcoder.confluence.impl.DefaultConfluenceManagerTest1" name="test_retrievePage_String_String_String_ConfluenceAssetType_ConfluenceCatalog_ComponentType_Failure8" time="0.015" />
  <testcase classname="com.topcoder.confluence.impl.DefaultConfluenceManagerTest1" name="test_login_Failure1" time="0.016" />
  <testcase classname="com.topcoder.confluence.impl.DefaultConfluenceManagerTest1" name="test_login_Failure2" time="0.016" />
  <testcase classname="com.topcoder.confluence.impl.DefaultConfluenceManagerTest1" name="test_login_Failure3" time="0.015" />
  <testcase classname="com.topcoder.confluence.impl.DefaultConfluenceManagerTest1" name="test_login_Failure4" time="0.016" />
  <testcase classname="com.topcoder.confluence.impl.DefaultConfluenceManagerTest1" name="test_logout_Failure1" time="0.015" />
  <testcase classname="com.topcoder.confluence.impl.DefaultConfluenceManagerTest1" name="test_createPage1_Failure1" time="0.016" />
  <testcase classname="com.topcoder.confluence.impl.DefaultConfluenceManagerTest1" name="test_createPage1_Failure2" time="0.016" />
  <testcase classname="com.topcoder.confluence.impl.DefaultConfluenceManagerTest1" name="test_createPage1_Failure3" time="0.015" />
  <testcase classname="com.topcoder.confluence.impl.DefaultConfluenceManagerTest1" name="test_createPage1_Failure4" time="0.016" />
  <testcase classname="com.topcoder.confluence.impl.DefaultConfluenceManagerTest1" name="test_createPage1_Failure5" time="0.031" />
  <testcase classname="com.topcoder.confluence.impl.DefaultConfluenceManagerTest1" name="test_createPage1_Failure6" time="0.016" />
  <testcase classname="com.topcoder.confluence.impl.DefaultConfluenceManagerTest1" name="test_createPage1_Failure7" time="0.015" />
  <testcase classname="com.topcoder.confluence.impl.DefaultConfluenceManagerTest1" name="test_createPage1_Failure8" time="0.016" />
  <testcase classname="com.topcoder.confluence.impl.DefaultConfluenceManagerTest1" name="test_createPage2_Failure1" time="0.016" />
  <testcase classname="com.topcoder.confluence.impl.DefaultConfluenceManagerTest1" name="test_createPage2_Failure2" time="0.015" />
  <testcase classname="com.topcoder.confluence.impl.DefaultConfluenceManagerTest1" name="test_createPage2_Failure3" time="0.016" />
  <testcase classname="com.topcoder.confluence.impl.DefaultConfluenceManagerTest1" name="test_createPage2_Failure4" time="0.016" />
  <testcase classname="com.topcoder.confluence.impl.DefaultConfluenceManagerTest1" name="test_createPage2_Failure5" time="0.015" />
  <testcase classname="com.topcoder.confluence.impl.DefaultConfluenceManagerTest1" name="test_createPage2_Failure6" time="0.016" />
  <testcase classname="com.topcoder.confluence.impl.DefaultConfluenceManagerTest1" name="test_createPage2_Failure7" time="0.015" />
  <testcase classname="com.topcoder.confluence.impl.DefaultConfluenceManagerTest1" name="test_createPage2_Failure8" time="0.016" />
  <testcase classname="com.topcoder.confluence.impl.DefaultConfluenceManagerTest1" name="test_createPage2_Failure9" time="0.016" />
  <testcase classname="com.topcoder.confluence.impl.DefaultConfluenceManagerTest1" name="test_createPage3_Failure1" time="0.015" />
  <testcase classname="com.topcoder.confluence.impl.DefaultConfluenceManagerTest1" name="test_createPage3_Failure2" time="0.016" />
  <testcase classname="com.topcoder.confluence.impl.DefaultConfluenceManagerTest1" name="test_retrievePage_String_String_String_ConfluenceAssetType_ConfluenceCatalog_String_Failure1" time="0.016" />
  <testcase classname="com.topcoder.confluence.impl.DefaultConfluenceManagerTest1" name="test_retrievePage_String_String_String_ConfluenceAssetType_ConfluenceCatalog_String_Failure2" time="0.015" />
  <testcase classname="com.topcoder.confluence.impl.DefaultConfluenceManagerTest1" name="test_retrievePage_String_String_String_ConfluenceAssetType_ConfluenceCatalog_String_Failure3" time="0.016" />
  <testcase classname="com.topcoder.confluence.impl.DefaultConfluenceManagerTest1" name="test_retrievePage_String_String_String_ConfluenceAssetType_ConfluenceCatalog_String_Failure4" time="0.015" />
  <testcase classname="com.topcoder.confluence.impl.DefaultConfluenceManagerTest1" name="test_retrievePage_String_String_String_ConfluenceAssetType_ConfluenceCatalog_String_Failure5" time="0.016" />
  <testcase classname="com.topcoder.confluence.impl.DefaultConfluenceManagerTest1" name="test_retrievePage_String_String_String_ConfluenceAssetType_ConfluenceCatalog_String_Failure6" time="0.016" />
  <testcase classname="com.topcoder.confluence.impl.DefaultConfluenceManagerTest1" name="test_retrievePage_String_String_String_ConfluenceAssetType_ConfluenceCatalog_String_Failure7" time="0.015" />
  <testcase classname="com.topcoder.confluence.impl.DefaultConfluenceManagerTest1" name="test_retrievePage_String_String_String_ConfluenceAssetType_ConfluenceCatalog_String_Failure8" time="0.016" />
  <testcase classname="com.topcoder.confluence.impl.DefaultConfluenceManagerTest1" name="test_retrievePage_String_String_String_ConfluenceAssetType_ConfluenceCatalog_String_Failure9" time="0.016" />
  <testcase classname="com.topcoder.confluence.impl.DefaultConfluenceManagerTest2" name="test_login_Accuracy" time="0.75" />
  <testcase classname="com.topcoder.confluence.impl.DefaultConfluenceManagerTest2" name="test_login_ConfluenceAuthenticationFailedException_Failure" time="0.219" />
  <testcase classname="com.topcoder.confluence.impl.DefaultConfluenceManagerTest2" name="test_login_ConfluenceManagerException_Failure" time="2.453" />
  <testcase classname="com.topcoder.confluence.impl.DefaultConfluenceManagerTest2" name="test_logout_Accuracy" time="0.25" />
  <testcase classname="com.topcoder.confluence.impl.DefaultConfluenceManagerTest2" name="test_logout_NotAuthorized_Failure" time="0.25" />
  <testcase classname="com.topcoder.confluence.impl.DefaultConfluenceManagerTest2" name="test_logout_ConfluenceManagerException_Failure" time="0.281" />
  <testcase classname="com.topcoder.confluence.impl.DefaultConfluenceManagerTest2" name="test_createPage1_Accuracy1" time="0.438" />
  <testcase classname="com.topcoder.confluence.impl.DefaultConfluenceManagerTest2" name="test_createPage1_Accuracy2" time="0.547" />
  <testcase classname="com.topcoder.confluence.impl.DefaultConfluenceManagerTest2" name="test_createPage1_Accuracy3" time="0.39" />
  <testcase classname="com.topcoder.confluence.impl.DefaultConfluenceManagerTest2" name="test_createPage1_NotAuthorized_Failure" time="0.313" />
  <testcase classname="com.topcoder.confluence.impl.DefaultConfluenceManagerTest2" name="test_createPage1_ConfluenceManagerException_Failure" time="0.203" />
  <testcase classname="com.topcoder.confluence.impl.DefaultConfluenceManagerTest2" name="test_createPage2_Accuracy1" time="0.516" />
  <testcase classname="com.topcoder.confluence.impl.DefaultConfluenceManagerTest2" name="test_createPage3_Accuracy1" time="0.375" />
  <testcase classname="com.topcoder.confluence.impl.DefaultConfluenceManagerTest2" name="test_createPage3_Accuracy2" time="0.437" />
  <testcase classname="com.topcoder.confluence.impl.DefaultConfluenceManagerTest2" name="test_retrievePage1_Accuracy" time="0.516" />
  <testcase classname="com.topcoder.confluence.impl.DefaultConfluenceManagerTest2" name="test_retrievePage2_Accuracy" time="0.422" />
  <testcase classname="com.topcoder.confluence.Demo" name="test_demo_usage" time="0.781" />
  <testcase classname="com.topcoder.confluence.accuracytests.ComponentTypeAccuracyTest" name="testGetStringNameAccuracy" time="0.0" />
  <testcase classname="com.topcoder.confluence.accuracytests.ConfluenceAssetTypeAccuracyTest" name="testEnumAccuracy" time="0.0" />
  <testcase classname="com.topcoder.confluence.accuracytests.ConfluenceCatalogAccuracyTest" name="testGetStringNameAccuracy" time="0.0" />
  <testcase classname="com.topcoder.confluence.accuracytests.ConfluencePageCreatedActionAccuracyTest" name="testEnumAccuracy" time="0.0" />
  <testcase classname="com.topcoder.confluence.accuracytests.ConfluencePageCreationResultAccuracyTest" name="test_Ctor_Accuracy" time="0.0" />
  <testcase classname="com.topcoder.confluence.accuracytests.ConfluencePageCreationResultAccuracyTest" name="testGetActionTakenAccuracy" time="0.0" />
  <testcase classname="com.topcoder.confluence.accuracytests.ConfluencePageCreationResultAccuracyTest" name="testGetActidonTakenAccuracy" time="0.0" />
  <testcase classname="com.topcoder.confluence.accuracytests.ConfluencePageCreationResultAccuracyTest" name="testGetAdctidonTakenAccuracy" time="0.016" />
  <testcase classname="com.topcoder.confluence.accuracytests.ConfluencePageCreationResultAccuracyTest" name="testGetAdctiddonTakenAccuracy" time="0.0" />
  <testcase classname="com.topcoder.confluence.accuracytests.DefaultConfluenceManagerAccuracyTest" name="testCtor1Accuracy" time="0.328" />
  <testcase classname="com.topcoder.confluence.accuracytests.DefaultConfluenceManagerAccuracyTest" name="testCtor2Accuracy" time="0.172" />
  <testcase classname="com.topcoder.confluence.accuracytests.DefaultConfluenceManagerAccuracyTest" name="testCtor3Accuracy" time="0.281" />
  <testcase classname="com.topcoder.confluence.accuracytests.DefaultConfluenceManagerAccuracyTest" name="testCtor4Accuracy" time="0.312" />
  <testcase classname="com.topcoder.confluence.accuracytests.DefaultConfluenceManagerAccuracyTest" name="testCtor5Accuracy" time="0.204" />
  <testcase classname="com.topcoder.confluence.accuracytests.DefaultConfluenceManagerAccuracyTest" name="testLoginAccuracy" time="0.203" />
  <testcase classname="com.topcoder.confluence.accuracytests.DefaultConfluenceManagerAccuracyTest" name="testLogoutAccuracy" time="0.266" />
  <testcase classname="com.topcoder.confluence.accuracytests.DefaultConfluenceManagerAccuracyTest" name="testCreatePage1Accuracy1" time="0.344" />
  <testcase classname="com.topcoder.confluence.accuracytests.DefaultConfluenceManagerAccuracyTest" name="testCreatePage1Accuracy2" time="0.531" />
  <testcase classname="com.topcoder.confluence.accuracytests.DefaultConfluenceManagerAccuracyTest" name="testCreatePage1Accuracy3" time="0.453" />
  <testcase classname="com.topcoder.confluence.accuracytests.DefaultConfluenceManagerAccuracyTest" name="testCreatePage2Accuracy" time="0.313" />
  <testcase classname="com.topcoder.confluence.accuracytests.DefaultConfluenceManagerAccuracyTest" name="testCreatePage3Accuracy1" time="0.391" />
  <testcase classname="com.topcoder.confluence.accuracytests.DefaultConfluenceManagerAccuracyTest" name="testCreatePage3Accuracy2" time="0.375" />
  <testcase classname="com.topcoder.confluence.accuracytests.DefaultConfluenceManagerAccuracyTest" name="testRetrievePage1Accuracy" time="0.344" />
  <testcase classname="com.topcoder.confluence.accuracytests.DefaultConfluenceManagerAccuracyTest" name="testRetrievePage2Accuracy" time="0.328" />
  <testcase classname="com.topcoder.confluence.accuracytests.PageAccuracyTest" name="testCtor1Accuracy" time="0.0" />
  <testcase classname="com.topcoder.confluence.accuracytests.PageAccuracyTest" name="testCtor2Accuracy" time="0.0" />
  <testcase classname="com.topcoder.confluence.accuracytests.PageAccuracyTest" name="testGetApplicationCodeAccuracy" time="0.0" />
  <testcase classname="com.topcoder.confluence.accuracytests.PageAccuracyTest" name="testGetAssetNameAccuracy" time="0.0" />
  <testcase classname="com.topcoder.confluence.accuracytests.PageAccuracyTest" name="testGetAssetTypeAccuracy" time="0.0" />
  <testcase classname="com.topcoder.confluence.accuracytests.PageAccuracyTest" name="testGetBasePageUrlAccuracy" time="0.0" />
  <testcase classname="com.topcoder.confluence.accuracytests.PageAccuracyTest" name="testGetCatalogAccuracy" time="0.0" />
  <testcase classname="com.topcoder.confluence.accuracytests.PageAccuracyTest" name="testGetComponentTypeAccuracy" time="0.0" />
  <testcase classname="com.topcoder.confluence.accuracytests.PageAccuracyTest" name="testGetContentAccuracy" time="0.0" />
  <testcase classname="com.topcoder.confluence.accuracytests.PageAccuracyTest" name="testGetVersionAccuracy" time="0.0" />
  <testcase classname="com.topcoder.confluence.accuracytests.PageAccuracyTest" name="testGetVersionUrlAccuracy" time="0.0" />
  <testcase classname="com.topcoder.confluence.accuracytests.PageAccuracyTest" name="testSetApplicationCodeAccuracy" time="0.0" />
  <testcase classname="com.topcoder.confluence.accuracytests.PageAccuracyTest" name="testSetAssetNameAccuracy" time="0.0" />
  <testcase classname="com.topcoder.confluence.accuracytests.PageAccuracyTest" name="testSetAssetTypeAccuracy" time="0.0" />
  <testcase classname="com.topcoder.confluence.accuracytests.PageAccuracyTest" name="testSetBasePageUrlAccuracy" time="0.0" />
  <testcase classname="com.topcoder.confluence.accuracytests.PageAccuracyTest" name="testSetCatalogAccuracy" time="0.0" />
  <testcase classname="com.topcoder.confluence.accuracytests.PageAccuracyTest" name="testSetComponentTypeAccuracy" time="0.0" />
  <testcase classname="com.topcoder.confluence.accuracytests.PageAccuracyTest" name="testSetContentAccuracy" time="0.0" />
  <testcase classname="com.topcoder.confluence.accuracytests.PageAccuracyTest" name="testSetVersionAccuracy" time="0.0" />
  <testcase classname="com.topcoder.confluence.accuracytests.PageAccuracyTest" name="testSetVersionUrlAccuracy" time="0.0" />
  <testcase classname="com.topcoder.confluence.failuretests.ConfluencePageCreationResultFailureTests" name="testCtorPageNullFailure" time="0.0" />
  <testcase classname="com.topcoder.confluence.failuretests.ConfluencePageCreationResultFailureTests" name="testCtorPageConfluencePageCreatedActionFailure" time="0.0" />
  <testcase classname="com.topcoder.confluence.failuretests.PageFailureTests" name="testsetApplicationCodeNullFailure" time="0.015" />
  <testcase classname="com.topcoder.confluence.failuretests.PageFailureTests" name="testsetApplicationCodeEmptyFailure" time="0.0" />
  <testcase classname="com.topcoder.confluence.failuretests.PageFailureTests" name="testetAssetNameNullFailure" time="0.0" />
  <testcase classname="com.topcoder.confluence.failuretests.PageFailureTests" name="testsetAssetNameEmptyFailure" time="0.0" />
  <testcase classname="com.topcoder.confluence.failuretests.PageFailureTests" name="testsetAssetTypeNullFailure" time="0.0" />
  <testcase classname="com.topcoder.confluence.failuretests.PageFailureTests" name="testsetBasePageUrlNullFailure" time="0.0" />
  <testcase classname="com.topcoder.confluence.failuretests.PageFailureTests" name="testsetBasePageUrlEmptyFailure" time="0.0" />
  <testcase classname="com.topcoder.confluence.failuretests.PageFailureTests" name="testsetCatalogNullFailure" time="0.0" />
  <testcase classname="com.topcoder.confluence.failuretests.PageFailureTests" name="testsetComponentTypeNullFailure" time="0.0" />
  <testcase classname="com.topcoder.confluence.failuretests.PageFailureTests" name="testsetContentNullFailure" time="0.0" />
  <testcase classname="com.topcoder.confluence.failuretests.PageFailureTests" name="testsetVersionNullFailure" time="0.0" />
  <testcase classname="com.topcoder.confluence.failuretests.PageFailureTests" name="testsetVersionEmptyFailure" time="0.0" />
  <testcase classname="com.topcoder.confluence.failuretests.PageFailureTests" name="testsetVersionUrlNullFailure" time="0.0" />
  <testcase classname="com.topcoder.confluence.failuretests.PageFailureTests" name="testsetVersionUrlEmptyFailure" time="0.0" />
  <testcase classname="com.topcoder.confluence.failuretests.DefaultConfluenceManagerFailureTests" name="test_login_Failure1" time="0.016" />
  <testcase classname="com.topcoder.confluence.failuretests.DefaultConfluenceManagerFailureTests" name="test_login_Failure2" time="0.016" />
  <testcase classname="com.topcoder.confluence.failuretests.DefaultConfluenceManagerFailureTests" name="test_login_Failure3" time="0.015" />
  <testcase classname="com.topcoder.confluence.failuretests.DefaultConfluenceManagerFailureTests" name="test_login_Failure4" time="0.016" />
  <testcase classname="com.topcoder.confluence.failuretests.DefaultConfluenceManagerFailureTests" name="test_logout_Failure1" time="0.015" />
  <testcase classname="com.topcoder.confluence.failuretests.DefaultConfluenceManagerFailureTests" name="test_createPage1_Failure1" time="0.016" />
  <testcase classname="com.topcoder.confluence.failuretests.DefaultConfluenceManagerFailureTests" name="test_createPage1_Failure2" time="0.016" />
  <testcase classname="com.topcoder.confluence.failuretests.DefaultConfluenceManagerFailureTests" name="test_createPage1_Failure3" time="0.015" />
  <testcase classname="com.topcoder.confluence.failuretests.DefaultConfluenceManagerFailureTests" name="test_createPage1_Failure4" time="0.016" />
  <testcase classname="com.topcoder.confluence.failuretests.DefaultConfluenceManagerFailureTests" name="test_createPage1_Failure5" time="0.016" />
  <testcase classname="com.topcoder.confluence.failuretests.DefaultConfluenceManagerFailureTests" name="test_createPage1_Failure6" time="0.016" />
  <testcase classname="com.topcoder.confluence.failuretests.DefaultConfluenceManagerFailureTests" name="test_createPage1_Failure7" time="0.015" />
  <testcase classname="com.topcoder.confluence.failuretests.DefaultConfluenceManagerFailureTests" name="test_createPage1_Failure8" time="0.032" />
  <testcase classname="com.topcoder.confluence.failuretests.DefaultConfluenceManagerFailureTests" name="test_createPage2_Failure1" time="0.015" />
  <testcase classname="com.topcoder.confluence.failuretests.DefaultConfluenceManagerFailureTests" name="test_createPage2_Failure2" time="0.016" />
  <testcase classname="com.topcoder.confluence.failuretests.DefaultConfluenceManagerFailureTests" name="test_createPage2_Failure3" time="0.016" />
  <testcase classname="com.topcoder.confluence.failuretests.DefaultConfluenceManagerFailureTests" name="test_createPage2_Failure4" time="0.015" />
  <testcase classname="com.topcoder.confluence.failuretests.DefaultConfluenceManagerFailureTests" name="test_createPage2_Failure5" time="0.016" />
  <testcase classname="com.topcoder.confluence.failuretests.DefaultConfluenceManagerFailureTests" name="test_createPage2_Failure6" time="0.015" />
  <testcase classname="com.topcoder.confluence.failuretests.DefaultConfluenceManagerFailureTests" name="test_createPage2_Failure7" time="0.016" />
  <testcase classname="com.topcoder.confluence.failuretests.DefaultConfluenceManagerFailureTests" name="test_createPage2_Failure8" time="0.016" />
  <testcase classname="com.topcoder.confluence.failuretests.DefaultConfluenceManagerFailureTests" name="test_createPage2_Failure9" time="0.015" />
  <testcase classname="com.topcoder.confluence.failuretests.DefaultConfluenceManagerFailureTests" name="test_createPage3_Failure1" time="0.0" />
  <testcase classname="com.topcoder.confluence.failuretests.DefaultConfluenceManagerFailureTests" name="test_createPage3_Failure2" time="0.0" />
  <testcase classname="com.topcoder.confluence.failuretests.DefaultConfluenceManagerFailureTests" name="testDefaultConfluenceManagerStringStringFirstNull" time="0.0" />
  <testcase classname="com.topcoder.confluence.failuretests.DefaultConfluenceManagerFailureTests" name="testDefaultConfluenceManagerStringStringFirstEmpty" time="0.015" />
  <testcase classname="com.topcoder.confluence.failuretests.DefaultConfluenceManagerFailureTests" name="testDefaultConfluenceManagerStringStringSecondNull" time="0.016" />
  <testcase classname="com.topcoder.confluence.failuretests.DefaultConfluenceManagerFailureTests" name="testDefaultConfluenceManagerStringStringFileNotFound" time="0.016" />
  <testcase classname="com.topcoder.confluence.failuretests.DefaultConfluenceManagerFailureTests" name="testDefaultConfluenceManagerStringStringUnrecognizedFileType" time="0.015" />
  <testcase classname="com.topcoder.confluence.failuretests.DefaultConfluenceManagerFailureTests" name="testDefaultConfluenceManagerStringStringEmptyConfigurationFile" time="0.032" />
  <testcase classname="com.topcoder.confluence.failuretests.DefaultConfluenceManagerFailureTests" name="testDefaultConfluenceManagerNullConfigurationObject" time="0.015" />
  <testcase classname="com.topcoder.confluence.failuretests.DefaultConfluenceManagerFailureTests" name="testDefaultConfluenceManagerMissconfluenceUrl" time="0.094" />
  <testcase classname="com.topcoder.confluence.failuretests.DefaultConfluenceManagerFailureTests" name="testDefaultConfluenceManagerEmptyconfluenceUrl" time="0.094" />
  <testcase classname="com.topcoder.confluence.failuretests.DefaultConfluenceManagerFailureTests" name="testDefaultConfluenceManagerNotIntegerTypeconfluenceUrl" time="0.093" />
  <testcase classname="com.topcoder.confluence.failuretests.DefaultConfluenceManagerFailureTests" name="testDefaultConfluenceManagerNegativeIntegerTypeconfluenceUrl" time="0.11" />
  <testcase classname="com.topcoder.confluence.failuretests.DefaultConfluenceManagerFailureTests" name="testDefaultConfluenceManagerNoSpaceLocationsMapping" time="0.094" />
  <testcase classname="com.topcoder.confluence.failuretests.DefaultConfluenceManagerFailureTests" name="testDefaultConfluenceManagerNoTemplatesMapping" time="0.109" />
  <testcase classname="com.topcoder.confluence.failuretests.DefaultConfluenceManagerFailureTests" name="testDefaultConfluenceManagerMisscomponentBasePage" time="0.094" />
  <testcase classname="com.topcoder.confluence.failuretests.DefaultConfluenceManagerFailureTests" name="testDefaultConfluenceManagerMisscomponentVersionPage" time="0.094" />
  <testcase classname="com.topcoder.confluence.failuretests.DefaultConfluenceManagerFailureTests" name="testDefaultConfluenceManagerMissapplicationBasePage" time="0.109" />
  <testcase classname="com.topcoder.confluence.failuretests.DefaultConfluenceManagerFailureTests" name="testDefaultConfluenceManagerMissapplicationVersionPage" time="0.094" />
  <testcase classname="com.topcoder.confluence.failuretests.DefaultConfluenceManagerFailureTests" name="testDefaultConfluenceManagerRequiredPropertyNotString" time="0.016" />
  <testcase classname="com.topcoder.confluence.failuretests.DefaultConfluenceManagerFailureTests" name="testDefaultConfluenceManagerOptionalPropertyNotString" time="0.015" />
  <testcase classname="com.topcoder.confluence.failuretests.DefaultConfluenceManagerFailureTests" name="testDefaultConfluenceManagerStringMapMapNull" time="0.016" />
  <testcase classname="com.topcoder.confluence.failuretests.DefaultConfluenceManagerFailureTests" name="testDefaultConfluenceManagerStringMapMapEmptyString" time="0.016" />
  <testcase classname="com.topcoder.confluence.failuretests.DefaultConfluenceManagerFailureTests" name="testDefaultConfluenceManagerStringMapMapContainNull" time="0.015" />
  <testcase classname="com.topcoder.confluence.failuretests.DefaultConfluenceManagerFailureTests" name="testDefaultConfluenceManagerStringMapMapContainEmptyvalueMap" time="0.016" />
  <testcase classname="com.topcoder.confluence.failuretests.DefaultConfluenceManagerFailureTests" name="test_retrievePage_one_ConfluenceAssetType_ConfluenceCatalog_ComponentType_Failure1" time="0.015" />
  <testcase classname="com.topcoder.confluence.failuretests.DefaultConfluenceManagerFailureTests" name="test_retrievePage_one_ConfluenceAssetType_ConfluenceCatalog_ComponentType_Failure2" time="0.016" />
  <testcase classname="com.topcoder.confluence.failuretests.DefaultConfluenceManagerFailureTests" name="test_retrievePage_one_ConfluenceAssetType_ConfluenceCatalog_ComponentType_Failure3" time="0.016" />
  <testcase classname="com.topcoder.confluence.failuretests.DefaultConfluenceManagerFailureTests" name="test_retrievePage_one_ConfluenceAssetType_ConfluenceCatalog_ComponentType_Failure4" time="0.015" />
  <testcase classname="com.topcoder.confluence.failuretests.DefaultConfluenceManagerFailureTests" name="test_retrievePage_one_ConfluenceAssetType_ConfluenceCatalog_ComponentType_Failure5" time="0.016" />
  <testcase classname="com.topcoder.confluence.failuretests.DefaultConfluenceManagerFailureTests" name="test_retrievePage_one_ConfluenceAssetType_ConfluenceCatalog_ComponentType_Failure6" time="0.031" />
  <testcase classname="com.topcoder.confluence.failuretests.DefaultConfluenceManagerFailureTests" name="test_retrievePage_one_ConfluenceAssetType_ConfluenceCatalog_ComponentType_Failure7" time="0.078" />
  <testcase classname="com.topcoder.confluence.failuretests.DefaultConfluenceManagerFailureTests" name="test_retrievePage_one_ConfluenceAssetType_ConfluenceCatalog_ComponentType_Failure8" time="0.016" />
  <testcase classname="com.topcoder.confluence.failuretests.DefaultConfluenceManagerFailureTests" name="test_retrievePage_two_ConfluenceAssetType_ConfluenceCatalog_String_Failure1" time="0.031" />
  <testcase classname="com.topcoder.confluence.failuretests.DefaultConfluenceManagerFailureTests" name="test_retrievePage_two_ConfluenceAssetType_ConfluenceCatalog_String_Failure2" time="0.0" />
  <testcase classname="com.topcoder.confluence.failuretests.DefaultConfluenceManagerFailureTests" name="test_retrievePage_two_ConfluenceAssetType_ConfluenceCatalog_String_Failure3" time="0.0" />
  <testcase classname="com.topcoder.confluence.failuretests.DefaultConfluenceManagerFailureTests" name="test_retrievePage_two_ConfluenceAssetType_ConfluenceCatalog_String_Failure4" time="0.031" />
  <testcase classname="com.topcoder.confluence.failuretests.DefaultConfluenceManagerFailureTests" name="test_retrievePage_two_ConfluenceAssetType_ConfluenceCatalog_String_Failure5" time="0.0" />
  <testcase classname="com.topcoder.confluence.failuretests.DefaultConfluenceManagerFailureTests" name="test_retrievePage_two_ConfluenceAssetType_ConfluenceCatalog_String_Failure6" time="0.0" />
  <testcase classname="com.topcoder.confluence.failuretests.DefaultConfluenceManagerFailureTests" name="test_retrievePage_two_ConfluenceAssetType_ConfluenceCatalog_String_Failure7" time="0.016" />
  <testcase classname="com.topcoder.confluence.failuretests.DefaultConfluenceManagerFailureTests" name="test_retrievePage_two_ConfluenceAssetType_ConfluenceCatalog_String_Failure8" time="0.0" />
  <testcase classname="com.topcoder.confluence.failuretests.DefaultConfluenceManagerFailureTests" name="test_retrievePage_two_ConfluenceAssetType_ConfluenceCatalog_String_Failure9" time="0.015" />
  <testcase classname="com.topcoder.confluence.stresstests.TestDefaultConfluenceManagerStress" name="testLogin" time="1.0" />
  <testcase classname="com.topcoder.confluence.stresstests.TestDefaultConfluenceManagerStress" name="testCreatePageStringStringStringConfluenceAssetTypeConfluenceCatalogComponentType" time="2.797" />
  <testcase classname="com.topcoder.confluence.stresstests.TestDefaultConfluenceManagerStress" name="testCreatePageStringStringStringConfluenceAssetTypeConfluenceCatalogString" time="2.719" />
  <testcase classname="com.topcoder.confluence.stresstests.TestDefaultConfluenceManagerStress" name="testCreatePageStringPage" time="2.734" />
  <testcase classname="com.topcoder.confluence.stresstests.TestDefaultConfluenceManagerStress" name="testRetrievePageStringStringStringConfluenceAssetTypeConfluenceCatalogComponentType" time="2.703" />
  <testcase classname="com.topcoder.confluence.stresstests.TestDefaultConfluenceManagerStress" name="testRetrievePageStringStringStringConfluenceAssetTypeConfluenceCatalogString" time="2.813" />
  <system-out><![CDATA[Entering the method: retrievePage(String token, String pageName, String version, ConfluenceAssetType assetType,  ConfluenceCatalog catalog, ComponentType componentType)
Parameters Info: parameter 1: parameterName is token/parameterValue is null; parameter 2: parameterName is pageName/parameterValue is pageName; parameter 3: parameterName is version/parameterValue is version; parameter 4: parameterName is assetType/parameterValue is instance of com.topcoder.confluence.entities.ConfluenceAssetType; parameter 5: parameterName is catalog/parameterValue is instance of com.topcoder.confluence.entities.ConfluenceCatalog; parameter 6: parameterName is componentType/parameterValue is instance of com.topcoder.confluence.entities.ComponentType; 
token should not be null.
Entering the method: retrievePage(String token, String pageName, String version, ConfluenceAssetType assetType,  ConfluenceCatalog catalog, ComponentType componentType)
Parameters Info: parameter 1: parameterName is token/parameterValue is token; parameter 2: parameterName is pageName/parameterValue is null; parameter 3: parameterName is version/parameterValue is version; parameter 4: parameterName is assetType/parameterValue is instance of com.topcoder.confluence.entities.ConfluenceAssetType; parameter 5: parameterName is catalog/parameterValue is instance of com.topcoder.confluence.entities.ConfluenceCatalog; parameter 6: parameterName is componentType/parameterValue is instance of com.topcoder.confluence.entities.ComponentType; 
pageName should not be null.
Entering the method: retrievePage(String token, String pageName, String version, ConfluenceAssetType assetType,  ConfluenceCatalog catalog, ComponentType componentType)
Parameters Info: parameter 1: parameterName is token/parameterValue is token; parameter 2: parameterName is pageName/parameterValue is   ; parameter 3: parameterName is version/parameterValue is version; parameter 4: parameterName is assetType/parameterValue is instance of com.topcoder.confluence.entities.ConfluenceAssetType; parameter 5: parameterName is catalog/parameterValue is instance of com.topcoder.confluence.entities.ConfluenceCatalog; parameter 6: parameterName is componentType/parameterValue is instance of com.topcoder.confluence.entities.ComponentType; 
pageName should not be empty.
Entering the method: retrievePage(String token, String pageName, String version, ConfluenceAssetType assetType,  ConfluenceCatalog catalog, ComponentType componentType)
Parameters Info: parameter 1: parameterName is token/parameterValue is token; parameter 2: parameterName is pageName/parameterValue is pageName; parameter 3: parameterName is version/parameterValue is null; parameter 4: parameterName is assetType/parameterValue is instance of com.topcoder.confluence.entities.ConfluenceAssetType; parameter 5: parameterName is catalog/parameterValue is instance of com.topcoder.confluence.entities.ConfluenceCatalog; parameter 6: parameterName is componentType/parameterValue is instance of com.topcoder.confluence.entities.ComponentType; 
version should not be null.
Entering the method: retrievePage(String token, String pageName, String version, ConfluenceAssetType assetType,  ConfluenceCatalog catalog, ComponentType componentType)
Parameters Info: parameter 1: parameterName is token/parameterValue is token; parameter 2: parameterName is pageName/parameterValue is pageName; parameter 3: parameterName is version/parameterValue is   ; parameter 4: parameterName is assetType/parameterValue is instance of com.topcoder.confluence.entities.ConfluenceAssetType; parameter 5: parameterName is catalog/parameterValue is instance of com.topcoder.confluence.entities.ConfluenceCatalog; parameter 6: parameterName is componentType/parameterValue is instance of com.topcoder.confluence.entities.ComponentType; 
version should not be empty.
Entering the method: retrievePage(String token, String pageName, String version, ConfluenceAssetType assetType,  ConfluenceCatalog catalog, ComponentType componentType)
Parameters Info: parameter 1: parameterName is token/parameterValue is token; parameter 2: parameterName is pageName/parameterValue is pageName; parameter 3: parameterName is version/parameterValue is version; parameter 4: parameterName is assetType/parameterValue is null; parameter 5: parameterName is catalog/parameterValue is instance of com.topcoder.confluence.entities.ConfluenceCatalog; parameter 6: parameterName is componentType/parameterValue is instance of com.topcoder.confluence.entities.ComponentType; 
Version should be non-negative integer number.
Entering the method: retrievePage(String token, String pageName, String version, ConfluenceAssetType assetType,  ConfluenceCatalog catalog, ComponentType componentType)
Parameters Info: parameter 1: parameterName is token/parameterValue is token; parameter 2: parameterName is pageName/parameterValue is pageName; parameter 3: parameterName is version/parameterValue is version; parameter 4: parameterName is assetType/parameterValue is instance of com.topcoder.confluence.entities.ConfluenceAssetType; parameter 5: parameterName is catalog/parameterValue is null; parameter 6: parameterName is componentType/parameterValue is instance of com.topcoder.confluence.entities.ComponentType; 
Version should be non-negative integer number.
Entering the method: retrievePage(String token, String pageName, String version, ConfluenceAssetType assetType,  ConfluenceCatalog catalog, ComponentType componentType)
Parameters Info: parameter 1: parameterName is token/parameterValue is token; parameter 2: parameterName is pageName/parameterValue is pageName; parameter 3: parameterName is version/parameterValue is version; parameter 4: parameterName is assetType/parameterValue is instance of com.topcoder.confluence.entities.ConfluenceAssetType; parameter 5: parameterName is catalog/parameterValue is instance of com.topcoder.confluence.entities.ConfluenceCatalog; parameter 6: parameterName is componentType/parameterValue is null; 
Version should be non-negative integer number.
Entering the method: login(String userName, String password)
Parameters Info: parameter 1: parameterName is userName/parameterValue is null; parameter 2: parameterName is password/parameterValue is password; 
userName should not be null.
Entering the method: login(String userName, String password)
Parameters Info: parameter 1: parameterName is userName/parameterValue is   ; parameter 2: parameterName is password/parameterValue is password; 
userName should not be empty.
Entering the method: login(String userName, String password)
Parameters Info: parameter 1: parameterName is userName/parameterValue is username; parameter 2: parameterName is password/parameterValue is null; 
password should not be null.
Entering the method: login(String userName, String password)
Parameters Info: parameter 1: parameterName is userName/parameterValue is username; parameter 2: parameterName is password/parameterValue is   ; 
password should not be empty.
Entering the method: logout(String token)
Parameters Info: parameter 1: parameterName is token/parameterValue is null; 
token should not be null.
Entering the method: createPage(String token, String pageName, String version,ConfluenceAssetType assetType, ConfluenceCatalog catalog, ComponentType componentType)
Parameters Info: parameter 1: parameterName is token/parameterValue is null; parameter 2: parameterName is pageName/parameterValue is pageName; parameter 3: parameterName is version/parameterValue is version; parameter 4: parameterName is assetType/parameterValue is instance of com.topcoder.confluence.entities.ConfluenceAssetType; parameter 5: parameterName is catalog/parameterValue is instance of com.topcoder.confluence.entities.ConfluenceCatalog; parameter 6: parameterName is componentType/parameterValue is instance of com.topcoder.confluence.entities.ComponentType; 
token should not be null.
Entering the method: createPage(String token, String pageName, String version,ConfluenceAssetType assetType, ConfluenceCatalog catalog, ComponentType componentType)
Parameters Info: parameter 1: parameterName is token/parameterValue is token; parameter 2: parameterName is pageName/parameterValue is null; parameter 3: parameterName is version/parameterValue is version; parameter 4: parameterName is assetType/parameterValue is instance of com.topcoder.confluence.entities.ConfluenceAssetType; parameter 5: parameterName is catalog/parameterValue is instance of com.topcoder.confluence.entities.ConfluenceCatalog; parameter 6: parameterName is componentType/parameterValue is instance of com.topcoder.confluence.entities.ComponentType; 
pageName should not be null.
Entering the method: createPage(String token, String pageName, String version,ConfluenceAssetType assetType, ConfluenceCatalog catalog, ComponentType componentType)
Parameters Info: parameter 1: parameterName is token/parameterValue is token; parameter 2: parameterName is pageName/parameterValue is   ; parameter 3: parameterName is version/parameterValue is version; parameter 4: parameterName is assetType/parameterValue is instance of com.topcoder.confluence.entities.ConfluenceAssetType; parameter 5: parameterName is catalog/parameterValue is instance of com.topcoder.confluence.entities.ConfluenceCatalog; parameter 6: parameterName is componentType/parameterValue is instance of com.topcoder.confluence.entities.ComponentType; 
pageName should not be empty.
Entering the method: createPage(String token, String pageName, String version,ConfluenceAssetType assetType, ConfluenceCatalog catalog, ComponentType componentType)
Parameters Info: parameter 1: parameterName is token/parameterValue is token; parameter 2: parameterName is pageName/parameterValue is pageName; parameter 3: parameterName is version/parameterValue is null; parameter 4: parameterName is assetType/parameterValue is instance of com.topcoder.confluence.entities.ConfluenceAssetType; parameter 5: parameterName is catalog/parameterValue is instance of com.topcoder.confluence.entities.ConfluenceCatalog; parameter 6: parameterName is componentType/parameterValue is instance of com.topcoder.confluence.entities.ComponentType; 
version should not be null.
Entering the method: createPage(String token, String pageName, String version,ConfluenceAssetType assetType, ConfluenceCatalog catalog, ComponentType componentType)
Parameters Info: parameter 1: parameterName is token/parameterValue is token; parameter 2: parameterName is pageName/parameterValue is pageName; parameter 3: parameterName is version/parameterValue is   ; parameter 4: parameterName is assetType/parameterValue is instance of com.topcoder.confluence.entities.ConfluenceAssetType; parameter 5: parameterName is catalog/parameterValue is instance of com.topcoder.confluence.entities.ConfluenceCatalog; parameter 6: parameterName is componentType/parameterValue is instance of com.topcoder.confluence.entities.ComponentType; 
version should not be empty.
Entering the method: createPage(String token, String pageName, String version,ConfluenceAssetType assetType, ConfluenceCatalog catalog, ComponentType componentType)
Parameters Info: parameter 1: parameterName is token/parameterValue is token; parameter 2: parameterName is pageName/parameterValue is pageName; parameter 3: parameterName is version/parameterValue is version; parameter 4: parameterName is assetType/parameterValue is null; parameter 5: parameterName is catalog/parameterValue is instance of com.topcoder.confluence.entities.ConfluenceCatalog; parameter 6: parameterName is componentType/parameterValue is instance of com.topcoder.confluence.entities.ComponentType; 
Version should be non-negative integer number.
Entering the method: createPage(String token, String pageName, String version,ConfluenceAssetType assetType, ConfluenceCatalog catalog, ComponentType componentType)
Parameters Info: parameter 1: parameterName is token/parameterValue is token; parameter 2: parameterName is pageName/parameterValue is pageName; parameter 3: parameterName is version/parameterValue is version; parameter 4: parameterName is assetType/parameterValue is instance of com.topcoder.confluence.entities.ConfluenceAssetType; parameter 5: parameterName is catalog/parameterValue is null; parameter 6: parameterName is componentType/parameterValue is instance of com.topcoder.confluence.entities.ComponentType; 
Version should be non-negative integer number.
Entering the method: createPage(String token, String pageName, String version,ConfluenceAssetType assetType, ConfluenceCatalog catalog, ComponentType componentType)
Parameters Info: parameter 1: parameterName is token/parameterValue is token; parameter 2: parameterName is pageName/parameterValue is pageName; parameter 3: parameterName is version/parameterValue is version; parameter 4: parameterName is assetType/parameterValue is instance of com.topcoder.confluence.entities.ConfluenceAssetType; parameter 5: parameterName is catalog/parameterValue is instance of com.topcoder.confluence.entities.ConfluenceCatalog; parameter 6: parameterName is componentType/parameterValue is null; 
Version should be non-negative integer number.
Entering the method: createPage(String token, String pageName, String version, ConfluenceAssetType assetType, ConfluenceCatalog catalog, String applicationCode)
Parameters Info: parameter 1: parameterName is token/parameterValue is null; parameter 2: parameterName is pageName/parameterValue is pageName; parameter 3: parameterName is version/parameterValue is version; parameter 4: parameterName is assetType/parameterValue is instance of com.topcoder.confluence.entities.ConfluenceAssetType; parameter 5: parameterName is catalog/parameterValue is instance of com.topcoder.confluence.entities.ConfluenceCatalog; parameter 6: parameterName is applicationCode/parameterValue is applicationCode; 
token should not be null.
Entering the method: createPage(String token, String pageName, String version, ConfluenceAssetType assetType, ConfluenceCatalog catalog, String applicationCode)
Parameters Info: parameter 1: parameterName is token/parameterValue is token; parameter 2: parameterName is pageName/parameterValue is null; parameter 3: parameterName is version/parameterValue is version; parameter 4: parameterName is assetType/parameterValue is instance of com.topcoder.confluence.entities.ConfluenceAssetType; parameter 5: parameterName is catalog/parameterValue is instance of com.topcoder.confluence.entities.ConfluenceCatalog; parameter 6: parameterName is applicationCode/parameterValue is applicationCode; 
pageName should not be null.
Entering the method: createPage(String token, String pageName, String version, ConfluenceAssetType assetType, ConfluenceCatalog catalog, String applicationCode)
Parameters Info: parameter 1: parameterName is token/parameterValue is token; parameter 2: parameterName is pageName/parameterValue is   ; parameter 3: parameterName is version/parameterValue is version; parameter 4: parameterName is assetType/parameterValue is instance of com.topcoder.confluence.entities.ConfluenceAssetType; parameter 5: parameterName is catalog/parameterValue is instance of com.topcoder.confluence.entities.ConfluenceCatalog; parameter 6: parameterName is applicationCode/parameterValue is applicationCode; 
pageName should not be empty.
Entering the method: createPage(String token, String pageName, String version, ConfluenceAssetType assetType, ConfluenceCatalog catalog, String applicationCode)
Parameters Info: parameter 1: parameterName is token/parameterValue is token; parameter 2: parameterName is pageName/parameterValue is pageName; parameter 3: parameterName is version/parameterValue is null; parameter 4: parameterName is assetType/parameterValue is instance of com.topcoder.confluence.entities.ConfluenceAssetType; parameter 5: parameterName is catalog/parameterValue is instance of com.topcoder.confluence.entities.ConfluenceCatalog; parameter 6: parameterName is applicationCode/parameterValue is applicationCode; 
version should not be null.
Entering the method: createPage(String token, String pageName, String version, ConfluenceAssetType assetType, ConfluenceCatalog catalog, String applicationCode)
Parameters Info: parameter 1: parameterName is token/parameterValue is token; parameter 2: parameterName is pageName/parameterValue is pageName; parameter 3: parameterName is version/parameterValue is   ; parameter 4: parameterName is assetType/parameterValue is instance of com.topcoder.confluence.entities.ConfluenceAssetType; parameter 5: parameterName is catalog/parameterValue is instance of com.topcoder.confluence.entities.ConfluenceCatalog; parameter 6: parameterName is applicationCode/parameterValue is applicationCode; 
version should not be empty.
Entering the method: createPage(String token, String pageName, String version, ConfluenceAssetType assetType, ConfluenceCatalog catalog, String applicationCode)
Parameters Info: parameter 1: parameterName is token/parameterValue is token; parameter 2: parameterName is pageName/parameterValue is pageName; parameter 3: parameterName is version/parameterValue is version; parameter 4: parameterName is assetType/parameterValue is null; parameter 5: parameterName is catalog/parameterValue is instance of com.topcoder.confluence.entities.ConfluenceCatalog; parameter 6: parameterName is applicationCode/parameterValue is applicationCode; 
Version should be non-negative integer number.
Entering the method: createPage(String token, String pageName, String version, ConfluenceAssetType assetType, ConfluenceCatalog catalog, String applicationCode)
Parameters Info: parameter 1: parameterName is token/parameterValue is token; parameter 2: parameterName is pageName/parameterValue is pageName; parameter 3: parameterName is version/parameterValue is version; parameter 4: parameterName is assetType/parameterValue is instance of com.topcoder.confluence.entities.ConfluenceAssetType; parameter 5: parameterName is catalog/parameterValue is null; parameter 6: parameterName is applicationCode/parameterValue is applicationCode; 
Version should be non-negative integer number.
Entering the method: createPage(String token, String pageName, String version, ConfluenceAssetType assetType, ConfluenceCatalog catalog, String applicationCode)
Parameters Info: parameter 1: parameterName is token/parameterValue is token; parameter 2: parameterName is pageName/parameterValue is pageName; parameter 3: parameterName is version/parameterValue is version; parameter 4: parameterName is assetType/parameterValue is instance of com.topcoder.confluence.entities.ConfluenceAssetType; parameter 5: parameterName is catalog/parameterValue is instance of com.topcoder.confluence.entities.ConfluenceCatalog; parameter 6: parameterName is applicationCode/parameterValue is null; 
Version should be non-negative integer number.
Entering the method: createPage(String token, String pageName, String version, ConfluenceAssetType assetType, ConfluenceCatalog catalog, String applicationCode)
Parameters Info: parameter 1: parameterName is token/parameterValue is token; parameter 2: parameterName is pageName/parameterValue is pageName; parameter 3: parameterName is version/parameterValue is version; parameter 4: parameterName is assetType/parameterValue is instance of com.topcoder.confluence.entities.ConfluenceAssetType; parameter 5: parameterName is catalog/parameterValue is instance of com.topcoder.confluence.entities.ConfluenceCatalog; parameter 6: parameterName is applicationCode/parameterValue is   ; 
Version should be non-negative integer number.
Entering the method: createPage(String token, Page page)
Parameters Info: parameter 1: parameterName is token/parameterValue is null; parameter 2: parameterName is page/parameterValue is instance of com.topcoder.confluence.entities.Page; 
token should not be null.
Entering the method: createPage(String token, Page page)
Parameters Info: parameter 1: parameterName is token/parameterValue is token; parameter 2: parameterName is page/parameterValue is null; 
page should not be null.
Entering the method: retrievePage(String token, String pageName, String version, ConfluenceAssetType assetType, ConfluenceCatalog catalog, String applicationCode)
Parameters Info: parameter 1: parameterName is token/parameterValue is null; parameter 2: parameterName is pageName/parameterValue is pageName; parameter 3: parameterName is version/parameterValue is version; parameter 4: parameterName is assetType/parameterValue is instance of com.topcoder.confluence.entities.ConfluenceAssetType; parameter 5: parameterName is catalog/parameterValue is instance of com.topcoder.confluence.entities.ConfluenceCatalog; parameter 6: parameterName is applicationCode/parameterValue is applicationCode; 
token should not be null.
Entering the method: retrievePage(String token, String pageName, String version, ConfluenceAssetType assetType, ConfluenceCatalog catalog, String applicationCode)
Parameters Info: parameter 1: parameterName is token/parameterValue is token; parameter 2: parameterName is pageName/parameterValue is null; parameter 3: parameterName is version/parameterValue is version; parameter 4: parameterName is assetType/parameterValue is instance of com.topcoder.confluence.entities.ConfluenceAssetType; parameter 5: parameterName is catalog/parameterValue is instance of com.topcoder.confluence.entities.ConfluenceCatalog; parameter 6: parameterName is applicationCode/parameterValue is applicationCode; 
pageName should not be null.
Entering the method: retrievePage(String token, String pageName, String version, ConfluenceAssetType assetType, ConfluenceCatalog catalog, String applicationCode)
Parameters Info: parameter 1: parameterName is token/parameterValue is token; parameter 2: parameterName is pageName/parameterValue is   ; parameter 3: parameterName is version/parameterValue is version; parameter 4: parameterName is assetType/parameterValue is instance of com.topcoder.confluence.entities.ConfluenceAssetType; parameter 5: parameterName is catalog/parameterValue is instance of com.topcoder.confluence.entities.ConfluenceCatalog; parameter 6: parameterName is applicationCode/parameterValue is applicationCode; 
pageName should not be empty.
Entering the method: retrievePage(String token, String pageName, String version, ConfluenceAssetType assetType, ConfluenceCatalog catalog, String applicationCode)
Parameters Info: parameter 1: parameterName is token/parameterValue is token; parameter 2: parameterName is pageName/parameterValue is pageName; parameter 3: parameterName is version/parameterValue is null; parameter 4: parameterName is assetType/parameterValue is instance of com.topcoder.confluence.entities.ConfluenceAssetType; parameter 5: parameterName is catalog/parameterValue is instance of com.topcoder.confluence.entities.ConfluenceCatalog; parameter 6: parameterName is applicationCode/parameterValue is applicationCode; 
version should not be null.
Entering the method: retrievePage(String token, String pageName, String version, ConfluenceAssetType assetType, ConfluenceCatalog catalog, String applicationCode)
Parameters Info: parameter 1: parameterName is token/parameterValue is token; parameter 2: parameterName is pageName/parameterValue is pageName; parameter 3: parameterName is version/parameterValue is   ; parameter 4: parameterName is assetType/parameterValue is instance of com.topcoder.confluence.entities.ConfluenceAssetType; parameter 5: parameterName is catalog/parameterValue is instance of com.topcoder.confluence.entities.ConfluenceCatalog; parameter 6: parameterName is applicationCode/parameterValue is applicationCode; 
version should not be empty.
Entering the method: retrievePage(String token, String pageName, String version, ConfluenceAssetType assetType, ConfluenceCatalog catalog, String applicationCode)
Parameters Info: parameter 1: parameterName is token/parameterValue is token; parameter 2: parameterName is pageName/parameterValue is pageName; parameter 3: parameterName is version/parameterValue is version; parameter 4: parameterName is assetType/parameterValue is null; parameter 5: parameterName is catalog/parameterValue is instance of com.topcoder.confluence.entities.ConfluenceCatalog; parameter 6: parameterName is applicationCode/parameterValue is applicationCode; 
Version should be non-negative integer number.
Entering the method: retrievePage(String token, String pageName, String version, ConfluenceAssetType assetType, ConfluenceCatalog catalog, String applicationCode)
Parameters Info: parameter 1: parameterName is token/parameterValue is token; parameter 2: parameterName is pageName/parameterValue is pageName; parameter 3: parameterName is version/parameterValue is version; parameter 4: parameterName is assetType/parameterValue is instance of com.topcoder.confluence.entities.ConfluenceAssetType; parameter 5: parameterName is catalog/parameterValue is null; parameter 6: parameterName is applicationCode/parameterValue is applicationCode; 
Version should be non-negative integer number.
Entering the method: retrievePage(String token, String pageName, String version, ConfluenceAssetType assetType, ConfluenceCatalog catalog, String applicationCode)
Parameters Info: parameter 1: parameterName is token/parameterValue is token; parameter 2: parameterName is pageName/parameterValue is pageName; parameter 3: parameterName is version/parameterValue is version; parameter 4: parameterName is assetType/parameterValue is instance of com.topcoder.confluence.entities.ConfluenceAssetType; parameter 5: parameterName is catalog/parameterValue is instance of com.topcoder.confluence.entities.ConfluenceCatalog; parameter 6: parameterName is applicationCode/parameterValue is null; 
Version should be non-negative integer number.
Entering the method: retrievePage(String token, String pageName, String version, ConfluenceAssetType assetType, ConfluenceCatalog catalog, String applicationCode)
Parameters Info: parameter 1: parameterName is token/parameterValue is token; parameter 2: parameterName is pageName/parameterValue is pageName; parameter 3: parameterName is version/parameterValue is version; parameter 4: parameterName is assetType/parameterValue is instance of com.topcoder.confluence.entities.ConfluenceAssetType; parameter 5: parameterName is catalog/parameterValue is instance of com.topcoder.confluence.entities.ConfluenceCatalog; parameter 6: parameterName is applicationCode/parameterValue is   ; 
Version should be non-negative integer number.
Entering the method: login(String userName, String password)
Parameters Info: parameter 1: parameterName is userName/parameterValue is tcsdeveloper; parameter 2: parameterName is password/parameterValue is TCSDEVELOPER; 
Entering the method: login(String userName, String password)
Parameters Info: parameter 1: parameterName is userName/parameterValue is tcsdeveloper; parameter 2: parameterName is password/parameterValue is TCSDEVELOPER; 
Entering the method: logout(String token)
Parameters Info: parameter 1: parameterName is token/parameterValue is 7639w0R50h; 
Entering the method: login(String userName, String password)
Parameters Info: parameter 1: parameterName is userName/parameterValue is tcsdeveloper; parameter 2: parameterName is password/parameterValue is TCSDEVELOPER; 
Entering the method: login(String userName, String password)
Parameters Info: parameter 1: parameterName is userName/parameterValue is invalidUserName; parameter 2: parameterName is password/parameterValue is invalidPassword; 
Failed to authenticated.
Entering the method: logout(String token)
Parameters Info: parameter 1: parameterName is token/parameterValue is mfVIhA5d6k; 
Entering the method: login(String userName, String password)
Parameters Info: parameter 1: parameterName is userName/parameterValue is tcsdeveloper; parameter 2: parameterName is password/parameterValue is TCSDEVELOPER; 
Entering the method: login(String userName, String password)
Parameters Info: parameter 1: parameterName is userName/parameterValue is tcsdeveloper; parameter 2: parameterName is password/parameterValue is TCSDEVELOPER; 
Any errors occur when call the service methods.
Entering the method: logout(String token)
Parameters Info: parameter 1: parameterName is token/parameterValue is qIG9MkEJj7; 
Entering the method: login(String userName, String password)
Parameters Info: parameter 1: parameterName is userName/parameterValue is tcsdeveloper; parameter 2: parameterName is password/parameterValue is TCSDEVELOPER; 
Entering the method: login(String userName, String password)
Parameters Info: parameter 1: parameterName is userName/parameterValue is tcsdeveloper; parameter 2: parameterName is password/parameterValue is TCSDEVELOPER; 
Entering the method: logout(String token)
Parameters Info: parameter 1: parameterName is token/parameterValue is ejiTOM4ibO; 
Entering the method: logout(String token)
Parameters Info: parameter 1: parameterName is token/parameterValue is CmdCJYPcem; 
Entering the method: login(String userName, String password)
Parameters Info: parameter 1: parameterName is userName/parameterValue is tcsdeveloper; parameter 2: parameterName is password/parameterValue is TCSDEVELOPER; 
Entering the method: logout(String token)
Parameters Info: parameter 1: parameterName is token/parameterValue is invalidToken; 
Entering the method: logout(String token)
Parameters Info: parameter 1: parameterName is token/parameterValue is P9yz9LWH83; 
Entering the method: login(String userName, String password)
Parameters Info: parameter 1: parameterName is userName/parameterValue is tcsdeveloper; parameter 2: parameterName is password/parameterValue is TCSDEVELOPER; 
Entering the method: logout(String token)
Parameters Info: parameter 1: parameterName is token/parameterValue is token; 
Any errors occur when call the service methods.
Entering the method: logout(String token)
Parameters Info: parameter 1: parameterName is token/parameterValue is 41D93292M6; 
Entering the method: login(String userName, String password)
Parameters Info: parameter 1: parameterName is userName/parameterValue is tcsdeveloper; parameter 2: parameterName is password/parameterValue is TCSDEVELOPER; 
Entering the method: createPage(String token, String pageName, String version,ConfluenceAssetType assetType, ConfluenceCatalog catalog, ComponentType componentType)
Parameters Info: parameter 1: parameterName is token/parameterValue is 93FAb79sO8; parameter 2: parameterName is pageName/parameterValue is createPageOne; parameter 3: parameterName is version/parameterValue is 1; parameter 4: parameterName is assetType/parameterValue is instance of com.topcoder.confluence.entities.ConfluenceAssetType; parameter 5: parameterName is catalog/parameterValue is instance of com.topcoder.confluence.entities.ConfluenceCatalog; parameter 6: parameterName is componentType/parameterValue is instance of com.topcoder.confluence.entities.ComponentType; 
Entering the method: retrievePage(String token, String pageName, String version, ConfluenceAssetType assetType,  ConfluenceCatalog catalog, ComponentType componentType)
Parameters Info: parameter 1: parameterName is token/parameterValue is 93FAb79sO8; parameter 2: parameterName is pageName/parameterValue is createPageOne; parameter 3: parameterName is version/parameterValue is 1; parameter 4: parameterName is assetType/parameterValue is instance of com.topcoder.confluence.entities.ConfluenceAssetType; parameter 5: parameterName is catalog/parameterValue is instance of com.topcoder.confluence.entities.ConfluenceCatalog; parameter 6: parameterName is componentType/parameterValue is instance of com.topcoder.confluence.entities.ComponentType; 
Entering the method: logout(String token)
Parameters Info: parameter 1: parameterName is token/parameterValue is 93FAb79sO8; 
Entering the method: login(String userName, String password)
Parameters Info: parameter 1: parameterName is userName/parameterValue is tcsdeveloper; parameter 2: parameterName is password/parameterValue is TCSDEVELOPER; 
Entering the method: createPage(String token, String pageName, String version,ConfluenceAssetType assetType, ConfluenceCatalog catalog, ComponentType componentType)
Parameters Info: parameter 1: parameterName is token/parameterValue is LhcAAay45t; parameter 2: parameterName is pageName/parameterValue is createPageOneOne; parameter 3: parameterName is version/parameterValue is 1; parameter 4: parameterName is assetType/parameterValue is instance of com.topcoder.confluence.entities.ConfluenceAssetType; parameter 5: parameterName is catalog/parameterValue is instance of com.topcoder.confluence.entities.ConfluenceCatalog; parameter 6: parameterName is componentType/parameterValue is instance of com.topcoder.confluence.entities.ComponentType; 
Entering the method: createPage(String token, String pageName, String version,ConfluenceAssetType assetType, ConfluenceCatalog catalog, ComponentType componentType)
Parameters Info: parameter 1: parameterName is token/parameterValue is LhcAAay45t; parameter 2: parameterName is pageName/parameterValue is createPageOneOne; parameter 3: parameterName is version/parameterValue is 2; parameter 4: parameterName is assetType/parameterValue is instance of com.topcoder.confluence.entities.ConfluenceAssetType; parameter 5: parameterName is catalog/parameterValue is instance of com.topcoder.confluence.entities.ConfluenceCatalog; parameter 6: parameterName is componentType/parameterValue is instance of com.topcoder.confluence.entities.ComponentType; 
Entering the method: retrievePage(String token, String pageName, String version, ConfluenceAssetType assetType,  ConfluenceCatalog catalog, ComponentType componentType)
Parameters Info: parameter 1: parameterName is token/parameterValue is LhcAAay45t; parameter 2: parameterName is pageName/parameterValue is createPageOneOne; parameter 3: parameterName is version/parameterValue is 1; parameter 4: parameterName is assetType/parameterValue is instance of com.topcoder.confluence.entities.ConfluenceAssetType; parameter 5: parameterName is catalog/parameterValue is instance of com.topcoder.confluence.entities.ConfluenceCatalog; parameter 6: parameterName is componentType/parameterValue is instance of com.topcoder.confluence.entities.ComponentType; 
Entering the method: retrievePage(String token, String pageName, String version, ConfluenceAssetType assetType,  ConfluenceCatalog catalog, ComponentType componentType)
Parameters Info: parameter 1: parameterName is token/parameterValue is LhcAAay45t; parameter 2: parameterName is pageName/parameterValue is createPageOneOne; parameter 3: parameterName is version/parameterValue is 2; parameter 4: parameterName is assetType/parameterValue is instance of com.topcoder.confluence.entities.ConfluenceAssetType; parameter 5: parameterName is catalog/parameterValue is instance of com.topcoder.confluence.entities.ConfluenceCatalog; parameter 6: parameterName is componentType/parameterValue is instance of com.topcoder.confluence.entities.ComponentType; 
Entering the method: logout(String token)
Parameters Info: parameter 1: parameterName is token/parameterValue is LhcAAay45t; 
Entering the method: login(String userName, String password)
Parameters Info: parameter 1: parameterName is userName/parameterValue is tcsdeveloper; parameter 2: parameterName is password/parameterValue is TCSDEVELOPER; 
Entering the method: createPage(String token, String pageName, String version,ConfluenceAssetType assetType, ConfluenceCatalog catalog, ComponentType componentType)
Parameters Info: parameter 1: parameterName is token/parameterValue is WqxLwSNx3v; parameter 2: parameterName is pageName/parameterValue is createPageOneOneOne; parameter 3: parameterName is version/parameterValue is 1; parameter 4: parameterName is assetType/parameterValue is instance of com.topcoder.confluence.entities.ConfluenceAssetType; parameter 5: parameterName is catalog/parameterValue is instance of com.topcoder.confluence.entities.ConfluenceCatalog; parameter 6: parameterName is componentType/parameterValue is instance of com.topcoder.confluence.entities.ComponentType; 
Entering the method: createPage(String token, String pageName, String version,ConfluenceAssetType assetType, ConfluenceCatalog catalog, ComponentType componentType)
Parameters Info: parameter 1: parameterName is token/parameterValue is WqxLwSNx3v; parameter 2: parameterName is pageName/parameterValue is createPageOneOneOne; parameter 3: parameterName is version/parameterValue is 1; parameter 4: parameterName is assetType/parameterValue is instance of com.topcoder.confluence.entities.ConfluenceAssetType; parameter 5: parameterName is catalog/parameterValue is instance of com.topcoder.confluence.entities.ConfluenceCatalog; parameter 6: parameterName is componentType/parameterValue is instance of com.topcoder.confluence.entities.ComponentType; 
Entering the method: retrievePage(String token, String pageName, String version, ConfluenceAssetType assetType,  ConfluenceCatalog catalog, ComponentType componentType)
Parameters Info: parameter 1: parameterName is token/parameterValue is WqxLwSNx3v; parameter 2: parameterName is pageName/parameterValue is createPageOneOneOne; parameter 3: parameterName is version/parameterValue is 1; parameter 4: parameterName is assetType/parameterValue is instance of com.topcoder.confluence.entities.ConfluenceAssetType; parameter 5: parameterName is catalog/parameterValue is instance of com.topcoder.confluence.entities.ConfluenceCatalog; parameter 6: parameterName is componentType/parameterValue is instance of com.topcoder.confluence.entities.ComponentType; 
Entering the method: logout(String token)
Parameters Info: parameter 1: parameterName is token/parameterValue is WqxLwSNx3v; 
Entering the method: login(String userName, String password)
Parameters Info: parameter 1: parameterName is userName/parameterValue is tcsdeveloper; parameter 2: parameterName is password/parameterValue is TCSDEVELOPER; 
Entering the method: createPage(String token, String pageName, String version,ConfluenceAssetType assetType, ConfluenceCatalog catalog, ComponentType componentType)
Parameters Info: parameter 1: parameterName is token/parameterValue is invalidToken; parameter 2: parameterName is pageName/parameterValue is createPageOneOneOne; parameter 3: parameterName is version/parameterValue is 1; parameter 4: parameterName is assetType/parameterValue is instance of com.topcoder.confluence.entities.ConfluenceAssetType; parameter 5: parameterName is catalog/parameterValue is instance of com.topcoder.confluence.entities.ConfluenceCatalog; parameter 6: parameterName is componentType/parameterValue is instance of com.topcoder.confluence.entities.ComponentType; 
Failed to authorized.
Entering the method: logout(String token)
Parameters Info: parameter 1: parameterName is token/parameterValue is 5w26Jr5DOo; 
Entering the method: login(String userName, String password)
Parameters Info: parameter 1: parameterName is userName/parameterValue is tcsdeveloper; parameter 2: parameterName is password/parameterValue is TCSDEVELOPER; 
Entering the method: createPage(String token, String pageName, String version,ConfluenceAssetType assetType, ConfluenceCatalog catalog, ComponentType componentType)
Parameters Info: parameter 1: parameterName is token/parameterValue is invalidToken; parameter 2: parameterName is pageName/parameterValue is createPageOneOneOne; parameter 3: parameterName is version/parameterValue is 1; parameter 4: parameterName is assetType/parameterValue is instance of com.topcoder.confluence.entities.ConfluenceAssetType; parameter 5: parameterName is catalog/parameterValue is instance of com.topcoder.confluence.entities.ConfluenceCatalog; parameter 6: parameterName is componentType/parameterValue is instance of com.topcoder.confluence.entities.ComponentType; 
Any errors occur when call the service methods.
Entering the method: logout(String token)
Parameters Info: parameter 1: parameterName is token/parameterValue is m3qBNsw08M; 
Entering the method: login(String userName, String password)
Parameters Info: parameter 1: parameterName is userName/parameterValue is tcsdeveloper; parameter 2: parameterName is password/parameterValue is TCSDEVELOPER; 
Entering the method: createPage(String token, String pageName, String version, ConfluenceAssetType assetType, ConfluenceCatalog catalog, String applicationCode)
Parameters Info: parameter 1: parameterName is token/parameterValue is TlP7Wmg4qi; parameter 2: parameterName is pageName/parameterValue is createPageTwo; parameter 3: parameterName is version/parameterValue is 1; parameter 4: parameterName is assetType/parameterValue is instance of com.topcoder.confluence.entities.ConfluenceAssetType; parameter 5: parameterName is catalog/parameterValue is instance of com.topcoder.confluence.entities.ConfluenceCatalog; parameter 6: parameterName is applicationCode/parameterValue is testapplicationcode; 
Entering the method: retrievePage(String token, String pageName, String version, ConfluenceAssetType assetType, ConfluenceCatalog catalog, String applicationCode)
Parameters Info: parameter 1: parameterName is token/parameterValue is TlP7Wmg4qi; parameter 2: parameterName is pageName/parameterValue is createPageTwo; parameter 3: parameterName is version/parameterValue is 1; parameter 4: parameterName is assetType/parameterValue is instance of com.topcoder.confluence.entities.ConfluenceAssetType; parameter 5: parameterName is catalog/parameterValue is instance of com.topcoder.confluence.entities.ConfluenceCatalog; parameter 6: parameterName is applicationCode/parameterValue is testapplicationcode; 
Entering the method: logout(String token)
Parameters Info: parameter 1: parameterName is token/parameterValue is TlP7Wmg4qi; 
Entering the method: login(String userName, String password)
Parameters Info: parameter 1: parameterName is userName/parameterValue is tcsdeveloper; parameter 2: parameterName is password/parameterValue is TCSDEVELOPER; 
Entering the method: createPage(String token, Page page)
Parameters Info: parameter 1: parameterName is token/parameterValue is M0C8Ryo496; parameter 2: parameterName is page/parameterValue is instance of com.topcoder.confluence.entities.Page; 
Entering the method: createPage(String token, String pageName, String version,ConfluenceAssetType assetType, ConfluenceCatalog catalog, ComponentType componentType)
Parameters Info: parameter 1: parameterName is token/parameterValue is M0C8Ryo496; parameter 2: parameterName is pageName/parameterValue is assetname; parameter 3: parameterName is version/parameterValue is 1; parameter 4: parameterName is assetType/parameterValue is instance of com.topcoder.confluence.entities.ConfluenceAssetType; parameter 5: parameterName is catalog/parameterValue is instance of com.topcoder.confluence.entities.ConfluenceCatalog; parameter 6: parameterName is componentType/parameterValue is instance of com.topcoder.confluence.entities.ComponentType; 
Entering the method: retrievePage(String token, String pageName, String version, ConfluenceAssetType assetType,  ConfluenceCatalog catalog, ComponentType componentType)
Parameters Info: parameter 1: parameterName is token/parameterValue is M0C8Ryo496; parameter 2: parameterName is pageName/parameterValue is assetname; parameter 3: parameterName is version/parameterValue is 1; parameter 4: parameterName is assetType/parameterValue is instance of com.topcoder.confluence.entities.ConfluenceAssetType; parameter 5: parameterName is catalog/parameterValue is instance of com.topcoder.confluence.entities.ConfluenceCatalog; parameter 6: parameterName is componentType/parameterValue is instance of com.topcoder.confluence.entities.ComponentType; 
Entering the method: logout(String token)
Parameters Info: parameter 1: parameterName is token/parameterValue is M0C8Ryo496; 
Entering the method: login(String userName, String password)
Parameters Info: parameter 1: parameterName is userName/parameterValue is tcsdeveloper; parameter 2: parameterName is password/parameterValue is TCSDEVELOPER; 
Entering the method: createPage(String token, Page page)
Parameters Info: parameter 1: parameterName is token/parameterValue is Q6K1UDHBmC; parameter 2: parameterName is page/parameterValue is instance of com.topcoder.confluence.entities.Page; 
Entering the method: createPage(String token, String pageName, String version, ConfluenceAssetType assetType, ConfluenceCatalog catalog, String applicationCode)
Parameters Info: parameter 1: parameterName is token/parameterValue is Q6K1UDHBmC; parameter 2: parameterName is pageName/parameterValue is assetname; parameter 3: parameterName is version/parameterValue is 1; parameter 4: parameterName is assetType/parameterValue is instance of com.topcoder.confluence.entities.ConfluenceAssetType; parameter 5: parameterName is catalog/parameterValue is instance of com.topcoder.confluence.entities.ConfluenceCatalog; parameter 6: parameterName is applicationCode/parameterValue is test; 
Entering the method: retrievePage(String token, String pageName, String version, ConfluenceAssetType assetType, ConfluenceCatalog catalog, String applicationCode)
Parameters Info: parameter 1: parameterName is token/parameterValue is Q6K1UDHBmC; parameter 2: parameterName is pageName/parameterValue is assetname; parameter 3: parameterName is version/parameterValue is 1; parameter 4: parameterName is assetType/parameterValue is instance of com.topcoder.confluence.entities.ConfluenceAssetType; parameter 5: parameterName is catalog/parameterValue is instance of com.topcoder.confluence.entities.ConfluenceCatalog; parameter 6: parameterName is applicationCode/parameterValue is test; 
Entering the method: logout(String token)
Parameters Info: parameter 1: parameterName is token/parameterValue is Q6K1UDHBmC; 
Entering the method: login(String userName, String password)
Parameters Info: parameter 1: parameterName is userName/parameterValue is tcsdeveloper; parameter 2: parameterName is password/parameterValue is TCSDEVELOPER; 
Entering the method: createPage(String token, String pageName, String version,ConfluenceAssetType assetType, ConfluenceCatalog catalog, ComponentType componentType)
Parameters Info: parameter 1: parameterName is token/parameterValue is 4715lrE87i; parameter 2: parameterName is pageName/parameterValue is createPageThree; parameter 3: parameterName is version/parameterValue is 1; parameter 4: parameterName is assetType/parameterValue is instance of com.topcoder.confluence.entities.ConfluenceAssetType; parameter 5: parameterName is catalog/parameterValue is instance of com.topcoder.confluence.entities.ConfluenceCatalog; parameter 6: parameterName is componentType/parameterValue is instance of com.topcoder.confluence.entities.ComponentType; 
Entering the method: retrievePage(String token, String pageName, String version, ConfluenceAssetType assetType,  ConfluenceCatalog catalog, ComponentType componentType)
Parameters Info: parameter 1: parameterName is token/parameterValue is 4715lrE87i; parameter 2: parameterName is pageName/parameterValue is createPageThree; parameter 3: parameterName is version/parameterValue is 1; parameter 4: parameterName is assetType/parameterValue is instance of com.topcoder.confluence.entities.ConfluenceAssetType; parameter 5: parameterName is catalog/parameterValue is instance of com.topcoder.confluence.entities.ConfluenceCatalog; parameter 6: parameterName is componentType/parameterValue is instance of com.topcoder.confluence.entities.ComponentType; 
Entering the method: logout(String token)
Parameters Info: parameter 1: parameterName is token/parameterValue is 4715lrE87i; 
Entering the method: login(String userName, String password)
Parameters Info: parameter 1: parameterName is userName/parameterValue is tcsdeveloper; parameter 2: parameterName is password/parameterValue is TCSDEVELOPER; 
Entering the method: createPage(String token, Page page)
Parameters Info: parameter 1: parameterName is token/parameterValue is 75f745vOW4; parameter 2: parameterName is page/parameterValue is instance of com.topcoder.confluence.entities.Page; 
Entering the method: createPage(String token, String pageName, String version, ConfluenceAssetType assetType, ConfluenceCatalog catalog, String applicationCode)
Parameters Info: parameter 1: parameterName is token/parameterValue is 75f745vOW4; parameter 2: parameterName is pageName/parameterValue is testname; parameter 3: parameterName is version/parameterValue is 3; parameter 4: parameterName is assetType/parameterValue is instance of com.topcoder.confluence.entities.ConfluenceAssetType; parameter 5: parameterName is catalog/parameterValue is instance of com.topcoder.confluence.entities.ConfluenceCatalog; parameter 6: parameterName is applicationCode/parameterValue is test; 
Entering the method: retrievePage(String token, String pageName, String version, ConfluenceAssetType assetType, ConfluenceCatalog catalog, String applicationCode)
Parameters Info: parameter 1: parameterName is token/parameterValue is 75f745vOW4; parameter 2: parameterName is pageName/parameterValue is testname; parameter 3: parameterName is version/parameterValue is 3; parameter 4: parameterName is assetType/parameterValue is instance of com.topcoder.confluence.entities.ConfluenceAssetType; parameter 5: parameterName is catalog/parameterValue is instance of com.topcoder.confluence.entities.ConfluenceCatalog; parameter 6: parameterName is applicationCode/parameterValue is test; 
Entering the method: logout(String token)
Parameters Info: parameter 1: parameterName is token/parameterValue is 75f745vOW4; 
Entering the method: login(String userName, String password)
Parameters Info: parameter 1: parameterName is userName/parameterValue is tcsdeveloper; parameter 2: parameterName is password/parameterValue is TCSDEVELOPER; 
Entering the method: createPage(String token, String pageName, String version,ConfluenceAssetType assetType, ConfluenceCatalog catalog, ComponentType componentType)
Parameters Info: parameter 1: parameterName is token/parameterValue is m7AarHASbh; parameter 2: parameterName is pageName/parameterValue is My New Component; parameter 3: parameterName is version/parameterValue is 1; parameter 4: parameterName is assetType/parameterValue is instance of com.topcoder.confluence.entities.ConfluenceAssetType; parameter 5: parameterName is catalog/parameterValue is instance of com.topcoder.confluence.entities.ConfluenceCatalog; parameter 6: parameterName is componentType/parameterValue is instance of com.topcoder.confluence.entities.ComponentType; 
Entering the method: createPage(String token, String pageName, String version, ConfluenceAssetType assetType, ConfluenceCatalog catalog, String applicationCode)
Parameters Info: parameter 1: parameterName is token/parameterValue is m7AarHASbh; parameter 2: parameterName is pageName/parameterValue is My Favourite Application; parameter 3: parameterName is version/parameterValue is 2; parameter 4: parameterName is assetType/parameterValue is instance of com.topcoder.confluence.entities.ConfluenceAssetType; parameter 5: parameterName is catalog/parameterValue is instance of com.topcoder.confluence.entities.ConfluenceCatalog; parameter 6: parameterName is applicationCode/parameterValue is demoApplicationSpace; 
Entering the method: createPage(String token, Page page)
Parameters Info: parameter 1: parameterName is token/parameterValue is m7AarHASbh; parameter 2: parameterName is page/parameterValue is instance of com.topcoder.confluence.entities.Page; 
Entering the method: createPage(String token, String pageName, String version,ConfluenceAssetType assetType, ConfluenceCatalog catalog, ComponentType componentType)
Parameters Info: parameter 1: parameterName is token/parameterValue is m7AarHASbh; parameter 2: parameterName is pageName/parameterValue is My Component X; parameter 3: parameterName is version/parameterValue is 1; parameter 4: parameterName is assetType/parameterValue is instance of com.topcoder.confluence.entities.ConfluenceAssetType; parameter 5: parameterName is catalog/parameterValue is instance of com.topcoder.confluence.entities.ConfluenceCatalog; parameter 6: parameterName is componentType/parameterValue is instance of com.topcoder.confluence.entities.ComponentType; 
Entering the method: retrievePage(String token, String pageName, String version, ConfluenceAssetType assetType,  ConfluenceCatalog catalog, ComponentType componentType)
Parameters Info: parameter 1: parameterName is token/parameterValue is m7AarHASbh; parameter 2: parameterName is pageName/parameterValue is My Component X; parameter 3: parameterName is version/parameterValue is 1; parameter 4: parameterName is assetType/parameterValue is instance of com.topcoder.confluence.entities.ConfluenceAssetType; parameter 5: parameterName is catalog/parameterValue is instance of com.topcoder.confluence.entities.ConfluenceCatalog; parameter 6: parameterName is componentType/parameterValue is instance of com.topcoder.confluence.entities.ComponentType; 
Entering the method: retrievePage(String token, String pageName, String version, ConfluenceAssetType assetType, ConfluenceCatalog catalog, String applicationCode)
Parameters Info: parameter 1: parameterName is token/parameterValue is m7AarHASbh; parameter 2: parameterName is pageName/parameterValue is My Favourite Application; parameter 3: parameterName is version/parameterValue is 2; parameter 4: parameterName is assetType/parameterValue is instance of com.topcoder.confluence.entities.ConfluenceAssetType; parameter 5: parameterName is catalog/parameterValue is instance of com.topcoder.confluence.entities.ConfluenceCatalog; parameter 6: parameterName is applicationCode/parameterValue is demoApplicationSpace; 
Entering the method: logout(String token)
Parameters Info: parameter 1: parameterName is token/parameterValue is m7AarHASbh; 
Entering the method: login(String userName, String password)
Parameters Info: parameter 1: parameterName is userName/parameterValue is tcsdeveloper; parameter 2: parameterName is password/parameterValue is TCSDEVELOPER; 
Entering the method: logout(String token)
Parameters Info: parameter 1: parameterName is token/parameterValue is 4F8K4ZME76; 
Entering the method: login(String userName, String password)
Parameters Info: parameter 1: parameterName is userName/parameterValue is tcsdeveloper; parameter 2: parameterName is password/parameterValue is TCSDEVELOPER; 
Entering the method: logout(String token)
Parameters Info: parameter 1: parameterName is token/parameterValue is 58E0V743p3; 
Entering the method: login(String userName, String password)
Parameters Info: parameter 1: parameterName is userName/parameterValue is tcsdeveloper; parameter 2: parameterName is password/parameterValue is TCSDEVELOPER; 
Entering the method: logout(String token)
Parameters Info: parameter 1: parameterName is token/parameterValue is Z7pIhD28ih; 
Entering the method: login(String userName, String password)
Parameters Info: parameter 1: parameterName is userName/parameterValue is tcsdeveloper; parameter 2: parameterName is password/parameterValue is TCSDEVELOPER; 
Entering the method: logout(String token)
Parameters Info: parameter 1: parameterName is token/parameterValue is 0NR45j8729; 
Entering the method: login(String userName, String password)
Parameters Info: parameter 1: parameterName is userName/parameterValue is tcsdeveloper; parameter 2: parameterName is password/parameterValue is TCSDEVELOPER; 
Entering the method: logout(String token)
Parameters Info: parameter 1: parameterName is token/parameterValue is 9Ba6I95o81; 
Entering the method: login(String userName, String password)
Parameters Info: parameter 1: parameterName is userName/parameterValue is tcsdeveloper; parameter 2: parameterName is password/parameterValue is TCSDEVELOPER; 
Entering the method: login(String userName, String password)
Parameters Info: parameter 1: parameterName is userName/parameterValue is tcsdeveloper; parameter 2: parameterName is password/parameterValue is TCSDEVELOPER; 
Entering the method: logout(String token)
Parameters Info: parameter 1: parameterName is token/parameterValue is dnU8gdVv62; 
Entering the method: login(String userName, String password)
Parameters Info: parameter 1: parameterName is userName/parameterValue is tcsdeveloper; parameter 2: parameterName is password/parameterValue is TCSDEVELOPER; 
Entering the method: login(String userName, String password)
Parameters Info: parameter 1: parameterName is userName/parameterValue is tcsdeveloper; parameter 2: parameterName is password/parameterValue is TCSDEVELOPER; 
Entering the method: logout(String token)
Parameters Info: parameter 1: parameterName is token/parameterValue is 9c78wKEdjK; 
Entering the method: logout(String token)
Parameters Info: parameter 1: parameterName is token/parameterValue is 5DPSQfB1zq; 
Entering the method: login(String userName, String password)
Parameters Info: parameter 1: parameterName is userName/parameterValue is tcsdeveloper; parameter 2: parameterName is password/parameterValue is TCSDEVELOPER; 
Entering the method: createPage(String token, String pageName, String version,ConfluenceAssetType assetType, ConfluenceCatalog catalog, ComponentType componentType)
Parameters Info: parameter 1: parameterName is token/parameterValue is 5cTqu8hR0U; parameter 2: parameterName is pageName/parameterValue is createPageOne; parameter 3: parameterName is version/parameterValue is 1; parameter 4: parameterName is assetType/parameterValue is instance of com.topcoder.confluence.entities.ConfluenceAssetType; parameter 5: parameterName is catalog/parameterValue is instance of com.topcoder.confluence.entities.ConfluenceCatalog; parameter 6: parameterName is componentType/parameterValue is instance of com.topcoder.confluence.entities.ComponentType; 
Entering the method: retrievePage(String token, String pageName, String version, ConfluenceAssetType assetType,  ConfluenceCatalog catalog, ComponentType componentType)
Parameters Info: parameter 1: parameterName is token/parameterValue is 5cTqu8hR0U; parameter 2: parameterName is pageName/parameterValue is createPageOne; parameter 3: parameterName is version/parameterValue is 1; parameter 4: parameterName is assetType/parameterValue is instance of com.topcoder.confluence.entities.ConfluenceAssetType; parameter 5: parameterName is catalog/parameterValue is instance of com.topcoder.confluence.entities.ConfluenceCatalog; parameter 6: parameterName is componentType/parameterValue is instance of com.topcoder.confluence.entities.ComponentType; 
Entering the method: logout(String token)
Parameters Info: parameter 1: parameterName is token/parameterValue is 5cTqu8hR0U; 
Entering the method: login(String userName, String password)
Parameters Info: parameter 1: parameterName is userName/parameterValue is tcsdeveloper; parameter 2: parameterName is password/parameterValue is TCSDEVELOPER; 
Entering the method: createPage(String token, String pageName, String version,ConfluenceAssetType assetType, ConfluenceCatalog catalog, ComponentType componentType)
Parameters Info: parameter 1: parameterName is token/parameterValue is orX3hzZ9ZQ; parameter 2: parameterName is pageName/parameterValue is createPageOneOne; parameter 3: parameterName is version/parameterValue is 1; parameter 4: parameterName is assetType/parameterValue is instance of com.topcoder.confluence.entities.ConfluenceAssetType; parameter 5: parameterName is catalog/parameterValue is instance of com.topcoder.confluence.entities.ConfluenceCatalog; parameter 6: parameterName is componentType/parameterValue is instance of com.topcoder.confluence.entities.ComponentType; 
Entering the method: createPage(String token, String pageName, String version,ConfluenceAssetType assetType, ConfluenceCatalog catalog, ComponentType componentType)
Parameters Info: parameter 1: parameterName is token/parameterValue is orX3hzZ9ZQ; parameter 2: parameterName is pageName/parameterValue is createPageOneOne; parameter 3: parameterName is version/parameterValue is 2; parameter 4: parameterName is assetType/parameterValue is instance of com.topcoder.confluence.entities.ConfluenceAssetType; parameter 5: parameterName is catalog/parameterValue is instance of com.topcoder.confluence.entities.ConfluenceCatalog; parameter 6: parameterName is componentType/parameterValue is instance of com.topcoder.confluence.entities.ComponentType; 
Entering the method: retrievePage(String token, String pageName, String version, ConfluenceAssetType assetType,  ConfluenceCatalog catalog, ComponentType componentType)
Parameters Info: parameter 1: parameterName is token/parameterValue is orX3hzZ9ZQ; parameter 2: parameterName is pageName/parameterValue is createPageOneOne; parameter 3: parameterName is version/parameterValue is 1; parameter 4: parameterName is assetType/parameterValue is instance of com.topcoder.confluence.entities.ConfluenceAssetType; parameter 5: parameterName is catalog/parameterValue is instance of com.topcoder.confluence.entities.ConfluenceCatalog; parameter 6: parameterName is componentType/parameterValue is instance of com.topcoder.confluence.entities.ComponentType; 
Entering the method: retrievePage(String token, String pageName, String version, ConfluenceAssetType assetType,  ConfluenceCatalog catalog, ComponentType componentType)
Parameters Info: parameter 1: parameterName is token/parameterValue is orX3hzZ9ZQ; parameter 2: parameterName is pageName/parameterValue is createPageOneOne; parameter 3: parameterName is version/parameterValue is 2; parameter 4: parameterName is assetType/parameterValue is instance of com.topcoder.confluence.entities.ConfluenceAssetType; parameter 5: parameterName is catalog/parameterValue is instance of com.topcoder.confluence.entities.ConfluenceCatalog; parameter 6: parameterName is componentType/parameterValue is instance of com.topcoder.confluence.entities.ComponentType; 
Entering the method: logout(String token)
Parameters Info: parameter 1: parameterName is token/parameterValue is orX3hzZ9ZQ; 
Entering the method: login(String userName, String password)
Parameters Info: parameter 1: parameterName is userName/parameterValue is tcsdeveloper; parameter 2: parameterName is password/parameterValue is TCSDEVELOPER; 
Entering the method: createPage(String token, String pageName, String version,ConfluenceAssetType assetType, ConfluenceCatalog catalog, ComponentType componentType)
Parameters Info: parameter 1: parameterName is token/parameterValue is eh5gvjZTW7; parameter 2: parameterName is pageName/parameterValue is createPageOneOneOne; parameter 3: parameterName is version/parameterValue is 1; parameter 4: parameterName is assetType/parameterValue is instance of com.topcoder.confluence.entities.ConfluenceAssetType; parameter 5: parameterName is catalog/parameterValue is instance of com.topcoder.confluence.entities.ConfluenceCatalog; parameter 6: parameterName is componentType/parameterValue is instance of com.topcoder.confluence.entities.ComponentType; 
Entering the method: createPage(String token, String pageName, String version,ConfluenceAssetType assetType, ConfluenceCatalog catalog, ComponentType componentType)
Parameters Info: parameter 1: parameterName is token/parameterValue is eh5gvjZTW7; parameter 2: parameterName is pageName/parameterValue is createPageOneOneOne; parameter 3: parameterName is version/parameterValue is 1; parameter 4: parameterName is assetType/parameterValue is instance of com.topcoder.confluence.entities.ConfluenceAssetType; parameter 5: parameterName is catalog/parameterValue is instance of com.topcoder.confluence.entities.ConfluenceCatalog; parameter 6: parameterName is componentType/parameterValue is instance of com.topcoder.confluence.entities.ComponentType; 
Entering the method: retrievePage(String token, String pageName, String version, ConfluenceAssetType assetType,  ConfluenceCatalog catalog, ComponentType componentType)
Parameters Info: parameter 1: parameterName is token/parameterValue is eh5gvjZTW7; parameter 2: parameterName is pageName/parameterValue is createPageOneOneOne; parameter 3: parameterName is version/parameterValue is 1; parameter 4: parameterName is assetType/parameterValue is instance of com.topcoder.confluence.entities.ConfluenceAssetType; parameter 5: parameterName is catalog/parameterValue is instance of com.topcoder.confluence.entities.ConfluenceCatalog; parameter 6: parameterName is componentType/parameterValue is instance of com.topcoder.confluence.entities.ComponentType; 
Entering the method: logout(String token)
Parameters Info: parameter 1: parameterName is token/parameterValue is eh5gvjZTW7; 
Entering the method: login(String userName, String password)
Parameters Info: parameter 1: parameterName is userName/parameterValue is tcsdeveloper; parameter 2: parameterName is password/parameterValue is TCSDEVELOPER; 
Entering the method: createPage(String token, String pageName, String version, ConfluenceAssetType assetType, ConfluenceCatalog catalog, String applicationCode)
Parameters Info: parameter 1: parameterName is token/parameterValue is Va6YVZ4Hl0; parameter 2: parameterName is pageName/parameterValue is createPageTwo; parameter 3: parameterName is version/parameterValue is 1; parameter 4: parameterName is assetType/parameterValue is instance of com.topcoder.confluence.entities.ConfluenceAssetType; parameter 5: parameterName is catalog/parameterValue is instance of com.topcoder.confluence.entities.ConfluenceCatalog; parameter 6: parameterName is applicationCode/parameterValue is testapplicationcode; 
Entering the method: retrievePage(String token, String pageName, String version, ConfluenceAssetType assetType, ConfluenceCatalog catalog, String applicationCode)
Parameters Info: parameter 1: parameterName is token/parameterValue is Va6YVZ4Hl0; parameter 2: parameterName is pageName/parameterValue is createPageTwo; parameter 3: parameterName is version/parameterValue is 1; parameter 4: parameterName is assetType/parameterValue is instance of com.topcoder.confluence.entities.ConfluenceAssetType; parameter 5: parameterName is catalog/parameterValue is instance of com.topcoder.confluence.entities.ConfluenceCatalog; parameter 6: parameterName is applicationCode/parameterValue is testapplicationcode; 
Entering the method: logout(String token)
Parameters Info: parameter 1: parameterName is token/parameterValue is Va6YVZ4Hl0; 
Entering the method: login(String userName, String password)
Parameters Info: parameter 1: parameterName is userName/parameterValue is tcsdeveloper; parameter 2: parameterName is password/parameterValue is TCSDEVELOPER; 
Entering the method: createPage(String token, Page page)
Parameters Info: parameter 1: parameterName is token/parameterValue is yK3dk7vj5Q; parameter 2: parameterName is page/parameterValue is instance of com.topcoder.confluence.entities.Page; 
Entering the method: createPage(String token, String pageName, String version,ConfluenceAssetType assetType, ConfluenceCatalog catalog, ComponentType componentType)
Parameters Info: parameter 1: parameterName is token/parameterValue is yK3dk7vj5Q; parameter 2: parameterName is pageName/parameterValue is assetname; parameter 3: parameterName is version/parameterValue is 1; parameter 4: parameterName is assetType/parameterValue is instance of com.topcoder.confluence.entities.ConfluenceAssetType; parameter 5: parameterName is catalog/parameterValue is instance of com.topcoder.confluence.entities.ConfluenceCatalog; parameter 6: parameterName is componentType/parameterValue is instance of com.topcoder.confluence.entities.ComponentType; 
Entering the method: retrievePage(String token, String pageName, String version, ConfluenceAssetType assetType,  ConfluenceCatalog catalog, ComponentType componentType)
Parameters Info: parameter 1: parameterName is token/parameterValue is yK3dk7vj5Q; parameter 2: parameterName is pageName/parameterValue is assetname; parameter 3: parameterName is version/parameterValue is 1; parameter 4: parameterName is assetType/parameterValue is instance of com.topcoder.confluence.entities.ConfluenceAssetType; parameter 5: parameterName is catalog/parameterValue is instance of com.topcoder.confluence.entities.ConfluenceCatalog; parameter 6: parameterName is componentType/parameterValue is instance of com.topcoder.confluence.entities.ComponentType; 
Entering the method: logout(String token)
Parameters Info: parameter 1: parameterName is token/parameterValue is yK3dk7vj5Q; 
Entering the method: login(String userName, String password)
Parameters Info: parameter 1: parameterName is userName/parameterValue is tcsdeveloper; parameter 2: parameterName is password/parameterValue is TCSDEVELOPER; 
Entering the method: createPage(String token, Page page)
Parameters Info: parameter 1: parameterName is token/parameterValue is Iao60NFhE5; parameter 2: parameterName is page/parameterValue is instance of com.topcoder.confluence.entities.Page; 
Entering the method: createPage(String token, String pageName, String version, ConfluenceAssetType assetType, ConfluenceCatalog catalog, String applicationCode)
Parameters Info: parameter 1: parameterName is token/parameterValue is Iao60NFhE5; parameter 2: parameterName is pageName/parameterValue is assetname; parameter 3: parameterName is version/parameterValue is 1; parameter 4: parameterName is assetType/parameterValue is instance of com.topcoder.confluence.entities.ConfluenceAssetType; parameter 5: parameterName is catalog/parameterValue is instance of com.topcoder.confluence.entities.ConfluenceCatalog; parameter 6: parameterName is applicationCode/parameterValue is test; 
Entering the method: retrievePage(String token, String pageName, String version, ConfluenceAssetType assetType, ConfluenceCatalog catalog, String applicationCode)
Parameters Info: parameter 1: parameterName is token/parameterValue is Iao60NFhE5; parameter 2: parameterName is pageName/parameterValue is assetname; parameter 3: parameterName is version/parameterValue is 1; parameter 4: parameterName is assetType/parameterValue is instance of com.topcoder.confluence.entities.ConfluenceAssetType; parameter 5: parameterName is catalog/parameterValue is instance of com.topcoder.confluence.entities.ConfluenceCatalog; parameter 6: parameterName is applicationCode/parameterValue is test; 
Entering the method: logout(String token)
Parameters Info: parameter 1: parameterName is token/parameterValue is Iao60NFhE5; 
Entering the method: login(String userName, String password)
Parameters Info: parameter 1: parameterName is userName/parameterValue is tcsdeveloper; parameter 2: parameterName is password/parameterValue is TCSDEVELOPER; 
Entering the method: createPage(String token, String pageName, String version,ConfluenceAssetType assetType, ConfluenceCatalog catalog, ComponentType componentType)
Parameters Info: parameter 1: parameterName is token/parameterValue is 63W65jVGG3; parameter 2: parameterName is pageName/parameterValue is createPageThree; parameter 3: parameterName is version/parameterValue is 1; parameter 4: parameterName is assetType/parameterValue is instance of com.topcoder.confluence.entities.ConfluenceAssetType; parameter 5: parameterName is catalog/parameterValue is instance of com.topcoder.confluence.entities.ConfluenceCatalog; parameter 6: parameterName is componentType/parameterValue is instance of com.topcoder.confluence.entities.ComponentType; 
Entering the method: retrievePage(String token, String pageName, String version, ConfluenceAssetType assetType,  ConfluenceCatalog catalog, ComponentType componentType)
Parameters Info: parameter 1: parameterName is token/parameterValue is 63W65jVGG3; parameter 2: parameterName is pageName/parameterValue is createPageThree; parameter 3: parameterName is version/parameterValue is 1; parameter 4: parameterName is assetType/parameterValue is instance of com.topcoder.confluence.entities.ConfluenceAssetType; parameter 5: parameterName is catalog/parameterValue is instance of com.topcoder.confluence.entities.ConfluenceCatalog; parameter 6: parameterName is componentType/parameterValue is instance of com.topcoder.confluence.entities.ComponentType; 
Entering the method: logout(String token)
Parameters Info: parameter 1: parameterName is token/parameterValue is 63W65jVGG3; 
Entering the method: login(String userName, String password)
Parameters Info: parameter 1: parameterName is userName/parameterValue is tcsdeveloper; parameter 2: parameterName is password/parameterValue is TCSDEVELOPER; 
Entering the method: createPage(String token, Page page)
Parameters Info: parameter 1: parameterName is token/parameterValue is 5d36U3zefN; parameter 2: parameterName is page/parameterValue is instance of com.topcoder.confluence.entities.Page; 
Entering the method: createPage(String token, String pageName, String version, ConfluenceAssetType assetType, ConfluenceCatalog catalog, String applicationCode)
Parameters Info: parameter 1: parameterName is token/parameterValue is 5d36U3zefN; parameter 2: parameterName is pageName/parameterValue is testname; parameter 3: parameterName is version/parameterValue is 3; parameter 4: parameterName is assetType/parameterValue is instance of com.topcoder.confluence.entities.ConfluenceAssetType; parameter 5: parameterName is catalog/parameterValue is instance of com.topcoder.confluence.entities.ConfluenceCatalog; parameter 6: parameterName is applicationCode/parameterValue is test; 
Entering the method: retrievePage(String token, String pageName, String version, ConfluenceAssetType assetType, ConfluenceCatalog catalog, String applicationCode)
Parameters Info: parameter 1: parameterName is token/parameterValue is 5d36U3zefN; parameter 2: parameterName is pageName/parameterValue is testname; parameter 3: parameterName is version/parameterValue is 3; parameter 4: parameterName is assetType/parameterValue is instance of com.topcoder.confluence.entities.ConfluenceAssetType; parameter 5: parameterName is catalog/parameterValue is instance of com.topcoder.confluence.entities.ConfluenceCatalog; parameter 6: parameterName is applicationCode/parameterValue is test; 
Entering the method: logout(String token)
Parameters Info: parameter 1: parameterName is token/parameterValue is 5d36U3zefN; 
Entering the method: login(String userName, String password)
Parameters Info: parameter 1: parameterName is userName/parameterValue is null; parameter 2: parameterName is password/parameterValue is password; 
userName should not be null.
Entering the method: login(String userName, String password)
Parameters Info: parameter 1: parameterName is userName/parameterValue is   ; parameter 2: parameterName is password/parameterValue is password; 
userName should not be empty.
Entering the method: login(String userName, String password)
Parameters Info: parameter 1: parameterName is userName/parameterValue is username; parameter 2: parameterName is password/parameterValue is null; 
password should not be null.
Entering the method: login(String userName, String password)
Parameters Info: parameter 1: parameterName is userName/parameterValue is username; parameter 2: parameterName is password/parameterValue is   ; 
password should not be empty.
Entering the method: logout(String token)
Parameters Info: parameter 1: parameterName is token/parameterValue is null; 
token should not be null.
Entering the method: createPage(String token, String pageName, String version,ConfluenceAssetType assetType, ConfluenceCatalog catalog, ComponentType componentType)
Parameters Info: parameter 1: parameterName is token/parameterValue is null; parameter 2: parameterName is pageName/parameterValue is pageName; parameter 3: parameterName is version/parameterValue is version; parameter 4: parameterName is assetType/parameterValue is instance of com.topcoder.confluence.entities.ConfluenceAssetType; parameter 5: parameterName is catalog/parameterValue is instance of com.topcoder.confluence.entities.ConfluenceCatalog; parameter 6: parameterName is componentType/parameterValue is instance of com.topcoder.confluence.entities.ComponentType; 
token should not be null.
Entering the method: createPage(String token, String pageName, String version,ConfluenceAssetType assetType, ConfluenceCatalog catalog, ComponentType componentType)
Parameters Info: parameter 1: parameterName is token/parameterValue is token; parameter 2: parameterName is pageName/parameterValue is null; parameter 3: parameterName is version/parameterValue is version; parameter 4: parameterName is assetType/parameterValue is instance of com.topcoder.confluence.entities.ConfluenceAssetType; parameter 5: parameterName is catalog/parameterValue is instance of com.topcoder.confluence.entities.ConfluenceCatalog; parameter 6: parameterName is componentType/parameterValue is instance of com.topcoder.confluence.entities.ComponentType; 
pageName should not be null.
Entering the method: createPage(String token, String pageName, String version,ConfluenceAssetType assetType, ConfluenceCatalog catalog, ComponentType componentType)
Parameters Info: parameter 1: parameterName is token/parameterValue is token; parameter 2: parameterName is pageName/parameterValue is   ; parameter 3: parameterName is version/parameterValue is version; parameter 4: parameterName is assetType/parameterValue is instance of com.topcoder.confluence.entities.ConfluenceAssetType; parameter 5: parameterName is catalog/parameterValue is instance of com.topcoder.confluence.entities.ConfluenceCatalog; parameter 6: parameterName is componentType/parameterValue is instance of com.topcoder.confluence.entities.ComponentType; 
pageName should not be empty.
Entering the method: createPage(String token, String pageName, String version,ConfluenceAssetType assetType, ConfluenceCatalog catalog, ComponentType componentType)
Parameters Info: parameter 1: parameterName is token/parameterValue is token; parameter 2: parameterName is pageName/parameterValue is pageName; parameter 3: parameterName is version/parameterValue is null; parameter 4: parameterName is assetType/parameterValue is instance of com.topcoder.confluence.entities.ConfluenceAssetType; parameter 5: parameterName is catalog/parameterValue is instance of com.topcoder.confluence.entities.ConfluenceCatalog; parameter 6: parameterName is componentType/parameterValue is instance of com.topcoder.confluence.entities.ComponentType; 
version should not be null.
Entering the method: createPage(String token, String pageName, String version,ConfluenceAssetType assetType, ConfluenceCatalog catalog, ComponentType componentType)
Parameters Info: parameter 1: parameterName is token/parameterValue is token; parameter 2: parameterName is pageName/parameterValue is pageName; parameter 3: parameterName is version/parameterValue is   ; parameter 4: parameterName is assetType/parameterValue is instance of com.topcoder.confluence.entities.ConfluenceAssetType; parameter 5: parameterName is catalog/parameterValue is instance of com.topcoder.confluence.entities.ConfluenceCatalog; parameter 6: parameterName is componentType/parameterValue is instance of com.topcoder.confluence.entities.ComponentType; 
version should not be empty.
Entering the method: createPage(String token, String pageName, String version,ConfluenceAssetType assetType, ConfluenceCatalog catalog, ComponentType componentType)
Parameters Info: parameter 1: parameterName is token/parameterValue is token; parameter 2: parameterName is pageName/parameterValue is pageName; parameter 3: parameterName is version/parameterValue is version; parameter 4: parameterName is assetType/parameterValue is null; parameter 5: parameterName is catalog/parameterValue is instance of com.topcoder.confluence.entities.ConfluenceCatalog; parameter 6: parameterName is componentType/parameterValue is instance of com.topcoder.confluence.entities.ComponentType; 
Version should be non-negative integer number.
Entering the method: createPage(String token, String pageName, String version,ConfluenceAssetType assetType, ConfluenceCatalog catalog, ComponentType componentType)
Parameters Info: parameter 1: parameterName is token/parameterValue is token; parameter 2: parameterName is pageName/parameterValue is pageName; parameter 3: parameterName is version/parameterValue is version; parameter 4: parameterName is assetType/parameterValue is instance of com.topcoder.confluence.entities.ConfluenceAssetType; parameter 5: parameterName is catalog/parameterValue is null; parameter 6: parameterName is componentType/parameterValue is instance of com.topcoder.confluence.entities.ComponentType; 
Version should be non-negative integer number.
Entering the method: createPage(String token, String pageName, String version,ConfluenceAssetType assetType, ConfluenceCatalog catalog, ComponentType componentType)
Parameters Info: parameter 1: parameterName is token/parameterValue is token; parameter 2: parameterName is pageName/parameterValue is pageName; parameter 3: parameterName is version/parameterValue is version; parameter 4: parameterName is assetType/parameterValue is instance of com.topcoder.confluence.entities.ConfluenceAssetType; parameter 5: parameterName is catalog/parameterValue is instance of com.topcoder.confluence.entities.ConfluenceCatalog; parameter 6: parameterName is componentType/parameterValue is null; 
Version should be non-negative integer number.
Entering the method: createPage(String token, String pageName, String version, ConfluenceAssetType assetType, ConfluenceCatalog catalog, String applicationCode)
Parameters Info: parameter 1: parameterName is token/parameterValue is null; parameter 2: parameterName is pageName/parameterValue is pageName; parameter 3: parameterName is version/parameterValue is version; parameter 4: parameterName is assetType/parameterValue is instance of com.topcoder.confluence.entities.ConfluenceAssetType; parameter 5: parameterName is catalog/parameterValue is instance of com.topcoder.confluence.entities.ConfluenceCatalog; parameter 6: parameterName is applicationCode/parameterValue is applicationCode; 
token should not be null.
Entering the method: createPage(String token, String pageName, String version, ConfluenceAssetType assetType, ConfluenceCatalog catalog, String applicationCode)
Parameters Info: parameter 1: parameterName is token/parameterValue is token; parameter 2: parameterName is pageName/parameterValue is null; parameter 3: parameterName is version/parameterValue is version; parameter 4: parameterName is assetType/parameterValue is instance of com.topcoder.confluence.entities.ConfluenceAssetType; parameter 5: parameterName is catalog/parameterValue is instance of com.topcoder.confluence.entities.ConfluenceCatalog; parameter 6: parameterName is applicationCode/parameterValue is applicationCode; 
pageName should not be null.
Entering the method: createPage(String token, String pageName, String version, ConfluenceAssetType assetType, ConfluenceCatalog catalog, String applicationCode)
Parameters Info: parameter 1: parameterName is token/parameterValue is token; parameter 2: parameterName is pageName/parameterValue is   ; parameter 3: parameterName is version/parameterValue is version; parameter 4: parameterName is assetType/parameterValue is instance of com.topcoder.confluence.entities.ConfluenceAssetType; parameter 5: parameterName is catalog/parameterValue is instance of com.topcoder.confluence.entities.ConfluenceCatalog; parameter 6: parameterName is applicationCode/parameterValue is applicationCode; 
pageName should not be empty.
Entering the method: createPage(String token, String pageName, String version, ConfluenceAssetType assetType, ConfluenceCatalog catalog, String applicationCode)
Parameters Info: parameter 1: parameterName is token/parameterValue is token; parameter 2: parameterName is pageName/parameterValue is pageName; parameter 3: parameterName is version/parameterValue is null; parameter 4: parameterName is assetType/parameterValue is instance of com.topcoder.confluence.entities.ConfluenceAssetType; parameter 5: parameterName is catalog/parameterValue is instance of com.topcoder.confluence.entities.ConfluenceCatalog; parameter 6: parameterName is applicationCode/parameterValue is applicationCode; 
version should not be null.
Entering the method: createPage(String token, String pageName, String version, ConfluenceAssetType assetType, ConfluenceCatalog catalog, String applicationCode)
Parameters Info: parameter 1: parameterName is token/parameterValue is token; parameter 2: parameterName is pageName/parameterValue is pageName; parameter 3: parameterName is version/parameterValue is   ; parameter 4: parameterName is assetType/parameterValue is instance of com.topcoder.confluence.entities.ConfluenceAssetType; parameter 5: parameterName is catalog/parameterValue is instance of com.topcoder.confluence.entities.ConfluenceCatalog; parameter 6: parameterName is applicationCode/parameterValue is applicationCode; 
version should not be empty.
Entering the method: createPage(String token, String pageName, String version, ConfluenceAssetType assetType, ConfluenceCatalog catalog, String applicationCode)
Parameters Info: parameter 1: parameterName is token/parameterValue is token; parameter 2: parameterName is pageName/parameterValue is pageName; parameter 3: parameterName is version/parameterValue is version; parameter 4: parameterName is assetType/parameterValue is null; parameter 5: parameterName is catalog/parameterValue is instance of com.topcoder.confluence.entities.ConfluenceCatalog; parameter 6: parameterName is applicationCode/parameterValue is applicationCode; 
Version should be non-negative integer number.
Entering the method: createPage(String token, String pageName, String version, ConfluenceAssetType assetType, ConfluenceCatalog catalog, String applicationCode)
Parameters Info: parameter 1: parameterName is token/parameterValue is token; parameter 2: parameterName is pageName/parameterValue is pageName; parameter 3: parameterName is version/parameterValue is version; parameter 4: parameterName is assetType/parameterValue is instance of com.topcoder.confluence.entities.ConfluenceAssetType; parameter 5: parameterName is catalog/parameterValue is null; parameter 6: parameterName is applicationCode/parameterValue is applicationCode; 
Version should be non-negative integer number.
Entering the method: createPage(String token, String pageName, String version, ConfluenceAssetType assetType, ConfluenceCatalog catalog, String applicationCode)
Parameters Info: parameter 1: parameterName is token/parameterValue is token; parameter 2: parameterName is pageName/parameterValue is pageName; parameter 3: parameterName is version/parameterValue is version; parameter 4: parameterName is assetType/parameterValue is instance of com.topcoder.confluence.entities.ConfluenceAssetType; parameter 5: parameterName is catalog/parameterValue is instance of com.topcoder.confluence.entities.ConfluenceCatalog; parameter 6: parameterName is applicationCode/parameterValue is null; 
Version should be non-negative integer number.
Entering the method: createPage(String token, String pageName, String version, ConfluenceAssetType assetType, ConfluenceCatalog catalog, String applicationCode)
Parameters Info: parameter 1: parameterName is token/parameterValue is token; parameter 2: parameterName is pageName/parameterValue is pageName; parameter 3: parameterName is version/parameterValue is version; parameter 4: parameterName is assetType/parameterValue is instance of com.topcoder.confluence.entities.ConfluenceAssetType; parameter 5: parameterName is catalog/parameterValue is instance of com.topcoder.confluence.entities.ConfluenceCatalog; parameter 6: parameterName is applicationCode/parameterValue is   ; 
Version should be non-negative integer number.
Entering the method: createPage(String token, Page page)
Parameters Info: parameter 1: parameterName is token/parameterValue is null; parameter 2: parameterName is page/parameterValue is instance of com.topcoder.confluence.entities.Page; 
token should not be null.
Entering the method: createPage(String token, Page page)
Parameters Info: parameter 1: parameterName is token/parameterValue is token; parameter 2: parameterName is page/parameterValue is null; 
page should not be null.
Entering the method: retrievePage(String token, String pageName, String version, ConfluenceAssetType assetType,  ConfluenceCatalog catalog, ComponentType componentType)
Parameters Info: parameter 1: parameterName is token/parameterValue is null; parameter 2: parameterName is pageName/parameterValue is pageName; parameter 3: parameterName is version/parameterValue is version; parameter 4: parameterName is assetType/parameterValue is instance of com.topcoder.confluence.entities.ConfluenceAssetType; parameter 5: parameterName is catalog/parameterValue is instance of com.topcoder.confluence.entities.ConfluenceCatalog; parameter 6: parameterName is componentType/parameterValue is instance of com.topcoder.confluence.entities.ComponentType; 
token should not be null.
Entering the method: retrievePage(String token, String pageName, String version, ConfluenceAssetType assetType,  ConfluenceCatalog catalog, ComponentType componentType)
Parameters Info: parameter 1: parameterName is token/parameterValue is token; parameter 2: parameterName is pageName/parameterValue is null; parameter 3: parameterName is version/parameterValue is version; parameter 4: parameterName is assetType/parameterValue is instance of com.topcoder.confluence.entities.ConfluenceAssetType; parameter 5: parameterName is catalog/parameterValue is instance of com.topcoder.confluence.entities.ConfluenceCatalog; parameter 6: parameterName is componentType/parameterValue is instance of com.topcoder.confluence.entities.ComponentType; 
pageName should not be null.
Entering the method: retrievePage(String token, String pageName, String version, ConfluenceAssetType assetType,  ConfluenceCatalog catalog, ComponentType componentType)
Parameters Info: parameter 1: parameterName is token/parameterValue is token; parameter 2: parameterName is pageName/parameterValue is   ; parameter 3: parameterName is version/parameterValue is version; parameter 4: parameterName is assetType/parameterValue is instance of com.topcoder.confluence.entities.ConfluenceAssetType; parameter 5: parameterName is catalog/parameterValue is instance of com.topcoder.confluence.entities.ConfluenceCatalog; parameter 6: parameterName is componentType/parameterValue is instance of com.topcoder.confluence.entities.ComponentType; 
pageName should not be empty.
Entering the method: retrievePage(String token, String pageName, String version, ConfluenceAssetType assetType,  ConfluenceCatalog catalog, ComponentType componentType)
Parameters Info: parameter 1: parameterName is token/parameterValue is token; parameter 2: parameterName is pageName/parameterValue is pageName; parameter 3: parameterName is version/parameterValue is null; parameter 4: parameterName is assetType/parameterValue is instance of com.topcoder.confluence.entities.ConfluenceAssetType; parameter 5: parameterName is catalog/parameterValue is instance of com.topcoder.confluence.entities.ConfluenceCatalog; parameter 6: parameterName is componentType/parameterValue is instance of com.topcoder.confluence.entities.ComponentType; 
version should not be null.
Entering the method: retrievePage(String token, String pageName, String version, ConfluenceAssetType assetType,  ConfluenceCatalog catalog, ComponentType componentType)
Parameters Info: parameter 1: parameterName is token/parameterValue is token; parameter 2: parameterName is pageName/parameterValue is pageName; parameter 3: parameterName is version/parameterValue is   ; parameter 4: parameterName is assetType/parameterValue is instance of com.topcoder.confluence.entities.ConfluenceAssetType; parameter 5: parameterName is catalog/parameterValue is instance of com.topcoder.confluence.entities.ConfluenceCatalog; parameter 6: parameterName is componentType/parameterValue is instance of com.topcoder.confluence.entities.ComponentType; 
version should not be empty.
Entering the method: retrievePage(String token, String pageName, String version, ConfluenceAssetType assetType,  ConfluenceCatalog catalog, ComponentType componentType)
Parameters Info: parameter 1: parameterName is token/parameterValue is token; parameter 2: parameterName is pageName/parameterValue is pageName; parameter 3: parameterName is version/parameterValue is version; parameter 4: parameterName is assetType/parameterValue is null; parameter 5: parameterName is catalog/parameterValue is instance of com.topcoder.confluence.entities.ConfluenceCatalog; parameter 6: parameterName is componentType/parameterValue is instance of com.topcoder.confluence.entities.ComponentType; 
Version should be non-negative integer number.
Entering the method: retrievePage(String token, String pageName, String version, ConfluenceAssetType assetType,  ConfluenceCatalog catalog, ComponentType componentType)
Parameters Info: parameter 1: parameterName is token/parameterValue is token; parameter 2: parameterName is pageName/parameterValue is pageName; parameter 3: parameterName is version/parameterValue is version; parameter 4: parameterName is assetType/parameterValue is instance of com.topcoder.confluence.entities.ConfluenceAssetType; parameter 5: parameterName is catalog/parameterValue is null; parameter 6: parameterName is componentType/parameterValue is instance of com.topcoder.confluence.entities.ComponentType; 
Version should be non-negative integer number.
Entering the method: retrievePage(String token, String pageName, String version, ConfluenceAssetType assetType,  ConfluenceCatalog catalog, ComponentType componentType)
Parameters Info: parameter 1: parameterName is token/parameterValue is token; parameter 2: parameterName is pageName/parameterValue is pageName; parameter 3: parameterName is version/parameterValue is version; parameter 4: parameterName is assetType/parameterValue is instance of com.topcoder.confluence.entities.ConfluenceAssetType; parameter 5: parameterName is catalog/parameterValue is instance of com.topcoder.confluence.entities.ConfluenceCatalog; parameter 6: parameterName is componentType/parameterValue is null; 
Version should be non-negative integer number.
Entering the method: retrievePage(String token, String pageName, String version, ConfluenceAssetType assetType, ConfluenceCatalog catalog, String applicationCode)
Parameters Info: parameter 1: parameterName is token/parameterValue is null; parameter 2: parameterName is pageName/parameterValue is pageName; parameter 3: parameterName is version/parameterValue is version; parameter 4: parameterName is assetType/parameterValue is instance of com.topcoder.confluence.entities.ConfluenceAssetType; parameter 5: parameterName is catalog/parameterValue is instance of com.topcoder.confluence.entities.ConfluenceCatalog; parameter 6: parameterName is applicationCode/parameterValue is applicationCode; 
token should not be null.
Entering the method: retrievePage(String token, String pageName, String version, ConfluenceAssetType assetType, ConfluenceCatalog catalog, String applicationCode)
Parameters Info: parameter 1: parameterName is token/parameterValue is token; parameter 2: parameterName is pageName/parameterValue is null; parameter 3: parameterName is version/parameterValue is version; parameter 4: parameterName is assetType/parameterValue is instance of com.topcoder.confluence.entities.ConfluenceAssetType; parameter 5: parameterName is catalog/parameterValue is instance of com.topcoder.confluence.entities.ConfluenceCatalog; parameter 6: parameterName is applicationCode/parameterValue is applicationCode; 
pageName should not be null.
Entering the method: retrievePage(String token, String pageName, String version, ConfluenceAssetType assetType, ConfluenceCatalog catalog, String applicationCode)
Parameters Info: parameter 1: parameterName is token/parameterValue is token; parameter 2: parameterName is pageName/parameterValue is   ; parameter 3: parameterName is version/parameterValue is version; parameter 4: parameterName is assetType/parameterValue is instance of com.topcoder.confluence.entities.ConfluenceAssetType; parameter 5: parameterName is catalog/parameterValue is instance of com.topcoder.confluence.entities.ConfluenceCatalog; parameter 6: parameterName is applicationCode/parameterValue is applicationCode; 
pageName should not be empty.
Entering the method: retrievePage(String token, String pageName, String version, ConfluenceAssetType assetType, ConfluenceCatalog catalog, String applicationCode)
Parameters Info: parameter 1: parameterName is token/parameterValue is token; parameter 2: parameterName is pageName/parameterValue is pageName; parameter 3: parameterName is version/parameterValue is null; parameter 4: parameterName is assetType/parameterValue is instance of com.topcoder.confluence.entities.ConfluenceAssetType; parameter 5: parameterName is catalog/parameterValue is instance of com.topcoder.confluence.entities.ConfluenceCatalog; parameter 6: parameterName is applicationCode/parameterValue is applicationCode; 
version should not be null.
Entering the method: retrievePage(String token, String pageName, String version, ConfluenceAssetType assetType, ConfluenceCatalog catalog, String applicationCode)
Parameters Info: parameter 1: parameterName is token/parameterValue is token; parameter 2: parameterName is pageName/parameterValue is pageName; parameter 3: parameterName is version/parameterValue is   ; parameter 4: parameterName is assetType/parameterValue is instance of com.topcoder.confluence.entities.ConfluenceAssetType; parameter 5: parameterName is catalog/parameterValue is instance of com.topcoder.confluence.entities.ConfluenceCatalog; parameter 6: parameterName is applicationCode/parameterValue is applicationCode; 
version should not be empty.
Entering the method: retrievePage(String token, String pageName, String version, ConfluenceAssetType assetType, ConfluenceCatalog catalog, String applicationCode)
Parameters Info: parameter 1: parameterName is token/parameterValue is token; parameter 2: parameterName is pageName/parameterValue is pageName; parameter 3: parameterName is version/parameterValue is version; parameter 4: parameterName is assetType/parameterValue is null; parameter 5: parameterName is catalog/parameterValue is instance of com.topcoder.confluence.entities.ConfluenceCatalog; parameter 6: parameterName is applicationCode/parameterValue is applicationCode; 
Version should be non-negative integer number.
Entering the method: retrievePage(String token, String pageName, String version, ConfluenceAssetType assetType, ConfluenceCatalog catalog, String applicationCode)
Parameters Info: parameter 1: parameterName is token/parameterValue is token; parameter 2: parameterName is pageName/parameterValue is pageName; parameter 3: parameterName is version/parameterValue is version; parameter 4: parameterName is assetType/parameterValue is instance of com.topcoder.confluence.entities.ConfluenceAssetType; parameter 5: parameterName is catalog/parameterValue is null; parameter 6: parameterName is applicationCode/parameterValue is applicationCode; 
Version should be non-negative integer number.
Entering the method: retrievePage(String token, String pageName, String version, ConfluenceAssetType assetType, ConfluenceCatalog catalog, String applicationCode)
Parameters Info: parameter 1: parameterName is token/parameterValue is token; parameter 2: parameterName is pageName/parameterValue is pageName; parameter 3: parameterName is version/parameterValue is version; parameter 4: parameterName is assetType/parameterValue is instance of com.topcoder.confluence.entities.ConfluenceAssetType; parameter 5: parameterName is catalog/parameterValue is instance of com.topcoder.confluence.entities.ConfluenceCatalog; parameter 6: parameterName is applicationCode/parameterValue is null; 
Version should be non-negative integer number.
Entering the method: retrievePage(String token, String pageName, String version, ConfluenceAssetType assetType, ConfluenceCatalog catalog, String applicationCode)
Parameters Info: parameter 1: parameterName is token/parameterValue is token; parameter 2: parameterName is pageName/parameterValue is pageName; parameter 3: parameterName is version/parameterValue is version; parameter 4: parameterName is assetType/parameterValue is instance of com.topcoder.confluence.entities.ConfluenceAssetType; parameter 5: parameterName is catalog/parameterValue is instance of com.topcoder.confluence.entities.ConfluenceCatalog; parameter 6: parameterName is applicationCode/parameterValue is   ; 
Version should be non-negative integer number.
Entering the method: login(String userName, String password)
Parameters Info: parameter 1: parameterName is userName/parameterValue is tcsdeveloper; parameter 2: parameterName is password/parameterValue is TCSDEVELOPER; 
Entering the method: login(String userName, String password)
Parameters Info: parameter 1: parameterName is userName/parameterValue is tcsdeveloper; parameter 2: parameterName is password/parameterValue is TCSDEVELOPER; 
Entering the method: login(String userName, String password)
Parameters Info: parameter 1: parameterName is userName/parameterValue is tcsdeveloper; parameter 2: parameterName is password/parameterValue is TCSDEVELOPER; 
Entering the method: login(String userName, String password)
Parameters Info: parameter 1: parameterName is userName/parameterValue is tcsdeveloper; parameter 2: parameterName is password/parameterValue is TCSDEVELOPER; 
Entering the method: login(String userName, String password)
Parameters Info: parameter 1: parameterName is userName/parameterValue is tcsdeveloper; parameter 2: parameterName is password/parameterValue is TCSDEVELOPER; 
Entering the method: login(String userName, String password)
Parameters Info: parameter 1: parameterName is userName/parameterValue is tcsdeveloper; parameter 2: parameterName is password/parameterValue is TCSDEVELOPER; 
Entering the method: login(String userName, String password)
Parameters Info: parameter 1: parameterName is userName/parameterValue is tcsdeveloper; parameter 2: parameterName is password/parameterValue is TCSDEVELOPER; 
Entering the method: login(String userName, String password)
Parameters Info: parameter 1: parameterName is userName/parameterValue is tcsdeveloper; parameter 2: parameterName is password/parameterValue is TCSDEVELOPER; 
Entering the method: login(String userName, String password)
Parameters Info: parameter 1: parameterName is userName/parameterValue is tcsdeveloper; parameter 2: parameterName is password/parameterValue is TCSDEVELOPER; 
Entering the method: login(String userName, String password)
Parameters Info: parameter 1: parameterName is userName/parameterValue is tcsdeveloper; parameter 2: parameterName is password/parameterValue is TCSDEVELOPER; 
Entering the method: login(String userName, String password)
Parameters Info: parameter 1: parameterName is userName/parameterValue is tcsdeveloper; parameter 2: parameterName is password/parameterValue is TCSDEVELOPER; 
Entering the method: login(String userName, String password)
Parameters Info: parameter 1: parameterName is userName/parameterValue is tcsdeveloper; parameter 2: parameterName is password/parameterValue is TCSDEVELOPER; 
Entering the method: login(String userName, String password)
Parameters Info: parameter 1: parameterName is userName/parameterValue is tcsdeveloper; parameter 2: parameterName is password/parameterValue is TCSDEVELOPER; 
Entering the method: login(String userName, String password)
Parameters Info: parameter 1: parameterName is userName/parameterValue is tcsdeveloper; parameter 2: parameterName is password/parameterValue is TCSDEVELOPER; 
Entering the method: login(String userName, String password)
Parameters Info: parameter 1: parameterName is userName/parameterValue is tcsdeveloper; parameter 2: parameterName is password/parameterValue is TCSDEVELOPER; 
Entering the method: login(String userName, String password)
Parameters Info: parameter 1: parameterName is userName/parameterValue is tcsdeveloper; parameter 2: parameterName is password/parameterValue is TCSDEVELOPER; 
Entering the method: login(String userName, String password)
Parameters Info: parameter 1: parameterName is userName/parameterValue is tcsdeveloper; parameter 2: parameterName is password/parameterValue is TCSDEVELOPER; 
Entering the method: login(String userName, String password)
Parameters Info: parameter 1: parameterName is userName/parameterValue is tcsdeveloper; parameter 2: parameterName is password/parameterValue is TCSDEVELOPER; 
Entering the method: login(String userName, String password)
Parameters Info: parameter 1: parameterName is userName/parameterValue is tcsdeveloper; parameter 2: parameterName is password/parameterValue is TCSDEVELOPER; 
Entering the method: login(String userName, String password)
Parameters Info: parameter 1: parameterName is userName/parameterValue is tcsdeveloper; parameter 2: parameterName is password/parameterValue is TCSDEVELOPER; 
Entering the method: login(String userName, String password)
Parameters Info: parameter 1: parameterName is userName/parameterValue is tcsdeveloper; parameter 2: parameterName is password/parameterValue is TCSDEVELOPER; 
Entering the method: login(String userName, String password)
Parameters Info: parameter 1: parameterName is userName/parameterValue is tcsdeveloper; parameter 2: parameterName is password/parameterValue is TCSDEVELOPER; 
Entering the method: login(String userName, String password)
Parameters Info: parameter 1: parameterName is userName/parameterValue is tcsdeveloper; parameter 2: parameterName is password/parameterValue is TCSDEVELOPER; 
Entering the method: login(String userName, String password)
Parameters Info: parameter 1: parameterName is userName/parameterValue is tcsdeveloper; parameter 2: parameterName is password/parameterValue is TCSDEVELOPER; 
Entering the method: login(String userName, String password)
Parameters Info: parameter 1: parameterName is userName/parameterValue is tcsdeveloper; parameter 2: parameterName is password/parameterValue is TCSDEVELOPER; 
Entering the method: login(String userName, String password)
Parameters Info: parameter 1: parameterName is userName/parameterValue is tcsdeveloper; parameter 2: parameterName is password/parameterValue is TCSDEVELOPER; 
Entering the method: login(String userName, String password)
Parameters Info: parameter 1: parameterName is userName/parameterValue is tcsdeveloper; parameter 2: parameterName is password/parameterValue is TCSDEVELOPER; 
Entering the method: login(String userName, String password)
Parameters Info: parameter 1: parameterName is userName/parameterValue is tcsdeveloper; parameter 2: parameterName is password/parameterValue is TCSDEVELOPER; 
Entering the method: login(String userName, String password)
Parameters Info: parameter 1: parameterName is userName/parameterValue is tcsdeveloper; parameter 2: parameterName is password/parameterValue is TCSDEVELOPER; 
Entering the method: login(String userName, String password)
Parameters Info: parameter 1: parameterName is userName/parameterValue is tcsdeveloper; parameter 2: parameterName is password/parameterValue is TCSDEVELOPER; 
Entering the method: login(String userName, String password)
Parameters Info: parameter 1: parameterName is userName/parameterValue is tcsdeveloper; parameter 2: parameterName is password/parameterValue is TCSDEVELOPER; 
Entering the method: login(String userName, String password)
Parameters Info: parameter 1: parameterName is userName/parameterValue is tcsdeveloper; parameter 2: parameterName is password/parameterValue is TCSDEVELOPER; 
Entering the method: login(String userName, String password)
Parameters Info: parameter 1: parameterName is userName/parameterValue is tcsdeveloper; parameter 2: parameterName is password/parameterValue is TCSDEVELOPER; 
Entering the method: login(String userName, String password)
Parameters Info: parameter 1: parameterName is userName/parameterValue is tcsdeveloper; parameter 2: parameterName is password/parameterValue is TCSDEVELOPER; 
Entering the method: login(String userName, String password)
Parameters Info: parameter 1: parameterName is userName/parameterValue is tcsdeveloper; parameter 2: parameterName is password/parameterValue is TCSDEVELOPER; 
Entering the method: login(String userName, String password)
Parameters Info: parameter 1: parameterName is userName/parameterValue is tcsdeveloper; parameter 2: parameterName is password/parameterValue is TCSDEVELOPER; 
Entering the method: login(String userName, String password)
Parameters Info: parameter 1: parameterName is userName/parameterValue is tcsdeveloper; parameter 2: parameterName is password/parameterValue is TCSDEVELOPER; 
Entering the method: login(String userName, String password)
Parameters Info: parameter 1: parameterName is userName/parameterValue is tcsdeveloper; parameter 2: parameterName is password/parameterValue is TCSDEVELOPER; 
Entering the method: login(String userName, String password)
Parameters Info: parameter 1: parameterName is userName/parameterValue is tcsdeveloper; parameter 2: parameterName is password/parameterValue is TCSDEVELOPER; 
Entering the method: login(String userName, String password)
Parameters Info: parameter 1: parameterName is userName/parameterValue is tcsdeveloper; parameter 2: parameterName is password/parameterValue is TCSDEVELOPER; 
Entering the method: login(String userName, String password)
Parameters Info: parameter 1: parameterName is userName/parameterValue is tcsdeveloper; parameter 2: parameterName is password/parameterValue is TCSDEVELOPER; 
Entering the method: login(String userName, String password)
Parameters Info: parameter 1: parameterName is userName/parameterValue is tcsdeveloper; parameter 2: parameterName is password/parameterValue is TCSDEVELOPER; 
Entering the method: login(String userName, String password)
Parameters Info: parameter 1: parameterName is userName/parameterValue is tcsdeveloper; parameter 2: parameterName is password/parameterValue is TCSDEVELOPER; 
Entering the method: login(String userName, String password)
Parameters Info: parameter 1: parameterName is userName/parameterValue is tcsdeveloper; parameter 2: parameterName is password/parameterValue is TCSDEVELOPER; 
Entering the method: login(String userName, String password)
Parameters Info: parameter 1: parameterName is userName/parameterValue is tcsdeveloper; parameter 2: parameterName is password/parameterValue is TCSDEVELOPER; 
Entering the method: login(String userName, String password)
Parameters Info: parameter 1: parameterName is userName/parameterValue is tcsdeveloper; parameter 2: parameterName is password/parameterValue is TCSDEVELOPER; 
Entering the method: login(String userName, String password)
Parameters Info: parameter 1: parameterName is userName/parameterValue is tcsdeveloper; parameter 2: parameterName is password/parameterValue is TCSDEVELOPER; 
Entering the method: login(String userName, String password)
Parameters Info: parameter 1: parameterName is userName/parameterValue is tcsdeveloper; parameter 2: parameterName is password/parameterValue is TCSDEVELOPER; 
Entering the method: login(String userName, String password)
Parameters Info: parameter 1: parameterName is userName/parameterValue is tcsdeveloper; parameter 2: parameterName is password/parameterValue is TCSDEVELOPER; 
Entering the method: login(String userName, String password)
Parameters Info: parameter 1: parameterName is userName/parameterValue is tcsdeveloper; parameter 2: parameterName is password/parameterValue is TCSDEVELOPER; 
Entering the method: login(String userName, String password)
Parameters Info: parameter 1: parameterName is userName/parameterValue is tcsdeveloper; parameter 2: parameterName is password/parameterValue is TCSDEVELOPER; 
Entering the method: login(String userName, String password)
Parameters Info: parameter 1: parameterName is userName/parameterValue is tcsdeveloper; parameter 2: parameterName is password/parameterValue is TCSDEVELOPER; 
Entering the method: login(String userName, String password)
Parameters Info: parameter 1: parameterName is userName/parameterValue is tcsdeveloper; parameter 2: parameterName is password/parameterValue is TCSDEVELOPER; 
Entering the method: login(String userName, String password)
Parameters Info: parameter 1: parameterName is userName/parameterValue is tcsdeveloper; parameter 2: parameterName is password/parameterValue is TCSDEVELOPER; 
Entering the method: login(String userName, String password)
Parameters Info: parameter 1: parameterName is userName/parameterValue is tcsdeveloper; parameter 2: parameterName is password/parameterValue is TCSDEVELOPER; 
Entering the method: login(String userName, String password)
Parameters Info: parameter 1: parameterName is userName/parameterValue is tcsdeveloper; parameter 2: parameterName is password/parameterValue is TCSDEVELOPER; 
Entering the method: login(String userName, String password)
Parameters Info: parameter 1: parameterName is userName/parameterValue is tcsdeveloper; parameter 2: parameterName is password/parameterValue is TCSDEVELOPER; 
Entering the method: login(String userName, String password)
Parameters Info: parameter 1: parameterName is userName/parameterValue is tcsdeveloper; parameter 2: parameterName is password/parameterValue is TCSDEVELOPER; 
Entering the method: login(String userName, String password)
Parameters Info: parameter 1: parameterName is userName/parameterValue is tcsdeveloper; parameter 2: parameterName is password/parameterValue is TCSDEVELOPER; 
Entering the method: login(String userName, String password)
Parameters Info: parameter 1: parameterName is userName/parameterValue is tcsdeveloper; parameter 2: parameterName is password/parameterValue is TCSDEVELOPER; 
Entering the method: login(String userName, String password)
Parameters Info: parameter 1: parameterName is userName/parameterValue is tcsdeveloper; parameter 2: parameterName is password/parameterValue is TCSDEVELOPER; 
Entering the method: login(String userName, String password)
Parameters Info: parameter 1: parameterName is userName/parameterValue is tcsdeveloper; parameter 2: parameterName is password/parameterValue is TCSDEVELOPER; 
Entering the method: login(String userName, String password)
Parameters Info: parameter 1: parameterName is userName/parameterValue is tcsdeveloper; parameter 2: parameterName is password/parameterValue is TCSDEVELOPER; 
Entering the method: login(String userName, String password)
Parameters Info: parameter 1: parameterName is userName/parameterValue is tcsdeveloper; parameter 2: parameterName is password/parameterValue is TCSDEVELOPER; 
Entering the method: login(String userName, String password)
Parameters Info: parameter 1: parameterName is userName/parameterValue is tcsdeveloper; parameter 2: parameterName is password/parameterValue is TCSDEVELOPER; 
Entering the method: login(String userName, String password)
Parameters Info: parameter 1: parameterName is userName/parameterValue is tcsdeveloper; parameter 2: parameterName is password/parameterValue is TCSDEVELOPER; 
Entering the method: login(String userName, String password)
Parameters Info: parameter 1: parameterName is userName/parameterValue is tcsdeveloper; parameter 2: parameterName is password/parameterValue is TCSDEVELOPER; 
Entering the method: login(String userName, String password)
Parameters Info: parameter 1: parameterName is userName/parameterValue is tcsdeveloper; parameter 2: parameterName is password/parameterValue is TCSDEVELOPER; 
Entering the method: login(String userName, String password)
Parameters Info: parameter 1: parameterName is userName/parameterValue is tcsdeveloper; parameter 2: parameterName is password/parameterValue is TCSDEVELOPER; 
Entering the method: login(String userName, String password)
Parameters Info: parameter 1: parameterName is userName/parameterValue is tcsdeveloper; parameter 2: parameterName is password/parameterValue is TCSDEVELOPER; 
Entering the method: login(String userName, String password)
Parameters Info: parameter 1: parameterName is userName/parameterValue is tcsdeveloper; parameter 2: parameterName is password/parameterValue is TCSDEVELOPER; 
Entering the method: login(String userName, String password)
Parameters Info: parameter 1: parameterName is userName/parameterValue is tcsdeveloper; parameter 2: parameterName is password/parameterValue is TCSDEVELOPER; 
Entering the method: login(String userName, String password)
Parameters Info: parameter 1: parameterName is userName/parameterValue is tcsdeveloper; parameter 2: parameterName is password/parameterValue is TCSDEVELOPER; 
Entering the method: login(String userName, String password)
Parameters Info: parameter 1: parameterName is userName/parameterValue is tcsdeveloper; parameter 2: parameterName is password/parameterValue is TCSDEVELOPER; 
Entering the method: login(String userName, String password)
Parameters Info: parameter 1: parameterName is userName/parameterValue is tcsdeveloper; parameter 2: parameterName is password/parameterValue is TCSDEVELOPER; 
Entering the method: login(String userName, String password)
Parameters Info: parameter 1: parameterName is userName/parameterValue is tcsdeveloper; parameter 2: parameterName is password/parameterValue is TCSDEVELOPER; 
Entering the method: login(String userName, String password)
Parameters Info: parameter 1: parameterName is userName/parameterValue is tcsdeveloper; parameter 2: parameterName is password/parameterValue is TCSDEVELOPER; 
Entering the method: login(String userName, String password)
Parameters Info: parameter 1: parameterName is userName/parameterValue is tcsdeveloper; parameter 2: parameterName is password/parameterValue is TCSDEVELOPER; 
Entering the method: login(String userName, String password)
Parameters Info: parameter 1: parameterName is userName/parameterValue is tcsdeveloper; parameter 2: parameterName is password/parameterValue is TCSDEVELOPER; 
Entering the method: login(String userName, String password)
Parameters Info: parameter 1: parameterName is userName/parameterValue is tcsdeveloper; parameter 2: parameterName is password/parameterValue is TCSDEVELOPER; 
Entering the method: login(String userName, String password)
Parameters Info: parameter 1: parameterName is userName/parameterValue is tcsdeveloper; parameter 2: parameterName is password/parameterValue is TCSDEVELOPER; 
Entering the method: login(String userName, String password)
Parameters Info: parameter 1: parameterName is userName/parameterValue is tcsdeveloper; parameter 2: parameterName is password/parameterValue is TCSDEVELOPER; 
Entering the method: login(String userName, String password)
Parameters Info: parameter 1: parameterName is userName/parameterValue is tcsdeveloper; parameter 2: parameterName is password/parameterValue is TCSDEVELOPER; 
Entering the method: login(String userName, String password)
Parameters Info: parameter 1: parameterName is userName/parameterValue is tcsdeveloper; parameter 2: parameterName is password/parameterValue is TCSDEVELOPER; 
Entering the method: login(String userName, String password)
Parameters Info: parameter 1: parameterName is userName/parameterValue is tcsdeveloper; parameter 2: parameterName is password/parameterValue is TCSDEVELOPER; 
Entering the method: login(String userName, String password)
Parameters Info: parameter 1: parameterName is userName/parameterValue is tcsdeveloper; parameter 2: parameterName is password/parameterValue is TCSDEVELOPER; 
Entering the method: login(String userName, String password)
Parameters Info: parameter 1: parameterName is userName/parameterValue is tcsdeveloper; parameter 2: parameterName is password/parameterValue is TCSDEVELOPER; 
Entering the method: login(String userName, String password)
Parameters Info: parameter 1: parameterName is userName/parameterValue is tcsdeveloper; parameter 2: parameterName is password/parameterValue is TCSDEVELOPER; 
Entering the method: login(String userName, String password)
Parameters Info: parameter 1: parameterName is userName/parameterValue is tcsdeveloper; parameter 2: parameterName is password/parameterValue is TCSDEVELOPER; 
Entering the method: login(String userName, String password)
Parameters Info: parameter 1: parameterName is userName/parameterValue is tcsdeveloper; parameter 2: parameterName is password/parameterValue is TCSDEVELOPER; 
Entering the method: login(String userName, String password)
Parameters Info: parameter 1: parameterName is userName/parameterValue is tcsdeveloper; parameter 2: parameterName is password/parameterValue is TCSDEVELOPER; 
Entering the method: login(String userName, String password)
Parameters Info: parameter 1: parameterName is userName/parameterValue is tcsdeveloper; parameter 2: parameterName is password/parameterValue is TCSDEVELOPER; 
Entering the method: login(String userName, String password)
Parameters Info: parameter 1: parameterName is userName/parameterValue is tcsdeveloper; parameter 2: parameterName is password/parameterValue is TCSDEVELOPER; 
Entering the method: login(String userName, String password)
Parameters Info: parameter 1: parameterName is userName/parameterValue is tcsdeveloper; parameter 2: parameterName is password/parameterValue is TCSDEVELOPER; 
Entering the method: login(String userName, String password)
Parameters Info: parameter 1: parameterName is userName/parameterValue is tcsdeveloper; parameter 2: parameterName is password/parameterValue is TCSDEVELOPER; 
Entering the method: login(String userName, String password)
Parameters Info: parameter 1: parameterName is userName/parameterValue is tcsdeveloper; parameter 2: parameterName is password/parameterValue is TCSDEVELOPER; 
Entering the method: login(String userName, String password)
Parameters Info: parameter 1: parameterName is userName/parameterValue is tcsdeveloper; parameter 2: parameterName is password/parameterValue is TCSDEVELOPER; 
Entering the method: login(String userName, String password)
Parameters Info: parameter 1: parameterName is userName/parameterValue is tcsdeveloper; parameter 2: parameterName is password/parameterValue is TCSDEVELOPER; 
Entering the method: login(String userName, String password)
Parameters Info: parameter 1: parameterName is userName/parameterValue is tcsdeveloper; parameter 2: parameterName is password/parameterValue is TCSDEVELOPER; 
Entering the method: login(String userName, String password)
Parameters Info: parameter 1: parameterName is userName/parameterValue is tcsdeveloper; parameter 2: parameterName is password/parameterValue is TCSDEVELOPER; 
Entering the method: login(String userName, String password)
Parameters Info: parameter 1: parameterName is userName/parameterValue is tcsdeveloper; parameter 2: parameterName is password/parameterValue is TCSDEVELOPER; 
call login for 100 times cost:0.797 seconds.
Entering the method: login(String userName, String password)
Parameters Info: parameter 1: parameterName is userName/parameterValue is tcsdeveloper; parameter 2: parameterName is password/parameterValue is TCSDEVELOPER; 
Entering the method: createPage(String token, String pageName, String version,ConfluenceAssetType assetType, ConfluenceCatalog catalog, ComponentType componentType)
Parameters Info: parameter 1: parameterName is token/parameterValue is 8F0TANM2Um; parameter 2: parameterName is pageName/parameterValue is createPage; parameter 3: parameterName is version/parameterValue is 1; parameter 4: parameterName is assetType/parameterValue is instance of com.topcoder.confluence.entities.ConfluenceAssetType; parameter 5: parameterName is catalog/parameterValue is instance of com.topcoder.confluence.entities.ConfluenceCatalog; parameter 6: parameterName is componentType/parameterValue is instance of com.topcoder.confluence.entities.ComponentType; 
Entering the method: createPage(String token, String pageName, String version,ConfluenceAssetType assetType, ConfluenceCatalog catalog, ComponentType componentType)
Parameters Info: parameter 1: parameterName is token/parameterValue is 8F0TANM2Um; parameter 2: parameterName is pageName/parameterValue is createPage; parameter 3: parameterName is version/parameterValue is 1; parameter 4: parameterName is assetType/parameterValue is instance of com.topcoder.confluence.entities.ConfluenceAssetType; parameter 5: parameterName is catalog/parameterValue is instance of com.topcoder.confluence.entities.ConfluenceCatalog; parameter 6: parameterName is componentType/parameterValue is instance of com.topcoder.confluence.entities.ComponentType; 
Entering the method: createPage(String token, String pageName, String version,ConfluenceAssetType assetType, ConfluenceCatalog catalog, ComponentType componentType)
Parameters Info: parameter 1: parameterName is token/parameterValue is 8F0TANM2Um; parameter 2: parameterName is pageName/parameterValue is createPage; parameter 3: parameterName is version/parameterValue is 1; parameter 4: parameterName is assetType/parameterValue is instance of com.topcoder.confluence.entities.ConfluenceAssetType; parameter 5: parameterName is catalog/parameterValue is instance of com.topcoder.confluence.entities.ConfluenceCatalog; parameter 6: parameterName is componentType/parameterValue is instance of com.topcoder.confluence.entities.ComponentType; 
Entering the method: createPage(String token, String pageName, String version,ConfluenceAssetType assetType, ConfluenceCatalog catalog, ComponentType componentType)
Parameters Info: parameter 1: parameterName is token/parameterValue is 8F0TANM2Um; parameter 2: parameterName is pageName/parameterValue is createPage; parameter 3: parameterName is version/parameterValue is 1; parameter 4: parameterName is assetType/parameterValue is instance of com.topcoder.confluence.entities.ConfluenceAssetType; parameter 5: parameterName is catalog/parameterValue is instance of com.topcoder.confluence.entities.ConfluenceCatalog; parameter 6: parameterName is componentType/parameterValue is instance of com.topcoder.confluence.entities.ComponentType; 
Entering the method: createPage(String token, String pageName, String version,ConfluenceAssetType assetType, ConfluenceCatalog catalog, ComponentType componentType)
Parameters Info: parameter 1: parameterName is token/parameterValue is 8F0TANM2Um; parameter 2: parameterName is pageName/parameterValue is createPage; parameter 3: parameterName is version/parameterValue is 1; parameter 4: parameterName is assetType/parameterValue is instance of com.topcoder.confluence.entities.ConfluenceAssetType; parameter 5: parameterName is catalog/parameterValue is instance of com.topcoder.confluence.entities.ConfluenceCatalog; parameter 6: parameterName is componentType/parameterValue is instance of com.topcoder.confluence.entities.ComponentType; 
Entering the method: createPage(String token, String pageName, String version,ConfluenceAssetType assetType, ConfluenceCatalog catalog, ComponentType componentType)
Parameters Info: parameter 1: parameterName is token/parameterValue is 8F0TANM2Um; parameter 2: parameterName is pageName/parameterValue is createPage; parameter 3: parameterName is version/parameterValue is 1; parameter 4: parameterName is assetType/parameterValue is instance of com.topcoder.confluence.entities.ConfluenceAssetType; parameter 5: parameterName is catalog/parameterValue is instance of com.topcoder.confluence.entities.ConfluenceCatalog; parameter 6: parameterName is componentType/parameterValue is instance of com.topcoder.confluence.entities.ComponentType; 
Entering the method: createPage(String token, String pageName, String version,ConfluenceAssetType assetType, ConfluenceCatalog catalog, ComponentType componentType)
Parameters Info: parameter 1: parameterName is token/parameterValue is 8F0TANM2Um; parameter 2: parameterName is pageName/parameterValue is createPage; parameter 3: parameterName is version/parameterValue is 1; parameter 4: parameterName is assetType/parameterValue is instance of com.topcoder.confluence.entities.ConfluenceAssetType; parameter 5: parameterName is catalog/parameterValue is instance of com.topcoder.confluence.entities.ConfluenceCatalog; parameter 6: parameterName is componentType/parameterValue is instance of com.topcoder.confluence.entities.ComponentType; 
Entering the method: createPage(String token, String pageName, String version,ConfluenceAssetType assetType, ConfluenceCatalog catalog, ComponentType componentType)
Parameters Info: parameter 1: parameterName is token/parameterValue is 8F0TANM2Um; parameter 2: parameterName is pageName/parameterValue is createPage; parameter 3: parameterName is version/parameterValue is 1; parameter 4: parameterName is assetType/parameterValue is instance of com.topcoder.confluence.entities.ConfluenceAssetType; parameter 5: parameterName is catalog/parameterValue is instance of com.topcoder.confluence.entities.ConfluenceCatalog; parameter 6: parameterName is componentType/parameterValue is instance of com.topcoder.confluence.entities.ComponentType; 
Entering the method: createPage(String token, String pageName, String version,ConfluenceAssetType assetType, ConfluenceCatalog catalog, ComponentType componentType)
Parameters Info: parameter 1: parameterName is token/parameterValue is 8F0TANM2Um; parameter 2: parameterName is pageName/parameterValue is createPage; parameter 3: parameterName is version/parameterValue is 1; parameter 4: parameterName is assetType/parameterValue is instance of com.topcoder.confluence.entities.ConfluenceAssetType; parameter 5: parameterName is catalog/parameterValue is instance of com.topcoder.confluence.entities.ConfluenceCatalog; parameter 6: parameterName is componentType/parameterValue is instance of com.topcoder.confluence.entities.ComponentType; 
Entering the method: createPage(String token, String pageName, String version,ConfluenceAssetType assetType, ConfluenceCatalog catalog, ComponentType componentType)
Parameters Info: parameter 1: parameterName is token/parameterValue is 8F0TANM2Um; parameter 2: parameterName is pageName/parameterValue is createPage; parameter 3: parameterName is version/parameterValue is 1; parameter 4: parameterName is assetType/parameterValue is instance of com.topcoder.confluence.entities.ConfluenceAssetType; parameter 5: parameterName is catalog/parameterValue is instance of com.topcoder.confluence.entities.ConfluenceCatalog; parameter 6: parameterName is componentType/parameterValue is instance of com.topcoder.confluence.entities.ComponentType; 
Entering the method: createPage(String token, String pageName, String version,ConfluenceAssetType assetType, ConfluenceCatalog catalog, ComponentType componentType)
Parameters Info: parameter 1: parameterName is token/parameterValue is 8F0TANM2Um; parameter 2: parameterName is pageName/parameterValue is createPage; parameter 3: parameterName is version/parameterValue is 1; parameter 4: parameterName is assetType/parameterValue is instance of com.topcoder.confluence.entities.ConfluenceAssetType; parameter 5: parameterName is catalog/parameterValue is instance of com.topcoder.confluence.entities.ConfluenceCatalog; parameter 6: parameterName is componentType/parameterValue is instance of com.topcoder.confluence.entities.ComponentType; 
Entering the method: createPage(String token, String pageName, String version,ConfluenceAssetType assetType, ConfluenceCatalog catalog, ComponentType componentType)
Parameters Info: parameter 1: parameterName is token/parameterValue is 8F0TANM2Um; parameter 2: parameterName is pageName/parameterValue is createPage; parameter 3: parameterName is version/parameterValue is 1; parameter 4: parameterName is assetType/parameterValue is instance of com.topcoder.confluence.entities.ConfluenceAssetType; parameter 5: parameterName is catalog/parameterValue is instance of com.topcoder.confluence.entities.ConfluenceCatalog; parameter 6: parameterName is componentType/parameterValue is instance of com.topcoder.confluence.entities.ComponentType; 
Entering the method: createPage(String token, String pageName, String version,ConfluenceAssetType assetType, ConfluenceCatalog catalog, ComponentType componentType)
Parameters Info: parameter 1: parameterName is token/parameterValue is 8F0TANM2Um; parameter 2: parameterName is pageName/parameterValue is createPage; parameter 3: parameterName is version/parameterValue is 1; parameter 4: parameterName is assetType/parameterValue is instance of com.topcoder.confluence.entities.ConfluenceAssetType; parameter 5: parameterName is catalog/parameterValue is instance of com.topcoder.confluence.entities.ConfluenceCatalog; parameter 6: parameterName is componentType/parameterValue is instance of com.topcoder.confluence.entities.ComponentType; 
Entering the method: createPage(String token, String pageName, String version,ConfluenceAssetType assetType, ConfluenceCatalog catalog, ComponentType componentType)
Parameters Info: parameter 1: parameterName is token/parameterValue is 8F0TANM2Um; parameter 2: parameterName is pageName/parameterValue is createPage; parameter 3: parameterName is version/parameterValue is 1; parameter 4: parameterName is assetType/parameterValue is instance of com.topcoder.confluence.entities.ConfluenceAssetType; parameter 5: parameterName is catalog/parameterValue is instance of com.topcoder.confluence.entities.ConfluenceCatalog; parameter 6: parameterName is componentType/parameterValue is instance of com.topcoder.confluence.entities.ComponentType; 
Entering the method: createPage(String token, String pageName, String version,ConfluenceAssetType assetType, ConfluenceCatalog catalog, ComponentType componentType)
Parameters Info: parameter 1: parameterName is token/parameterValue is 8F0TANM2Um; parameter 2: parameterName is pageName/parameterValue is createPage; parameter 3: parameterName is version/parameterValue is 1; parameter 4: parameterName is assetType/parameterValue is instance of com.topcoder.confluence.entities.ConfluenceAssetType; parameter 5: parameterName is catalog/parameterValue is instance of com.topcoder.confluence.entities.ConfluenceCatalog; parameter 6: parameterName is componentType/parameterValue is instance of com.topcoder.confluence.entities.ComponentType; 
Entering the method: createPage(String token, String pageName, String version,ConfluenceAssetType assetType, ConfluenceCatalog catalog, ComponentType componentType)
Parameters Info: parameter 1: parameterName is token/parameterValue is 8F0TANM2Um; parameter 2: parameterName is pageName/parameterValue is createPage; parameter 3: parameterName is version/parameterValue is 1; parameter 4: parameterName is assetType/parameterValue is instance of com.topcoder.confluence.entities.ConfluenceAssetType; parameter 5: parameterName is catalog/parameterValue is instance of com.topcoder.confluence.entities.ConfluenceCatalog; parameter 6: parameterName is componentType/parameterValue is instance of com.topcoder.confluence.entities.ComponentType; 
Entering the method: createPage(String token, String pageName, String version,ConfluenceAssetType assetType, ConfluenceCatalog catalog, ComponentType componentType)
Parameters Info: parameter 1: parameterName is token/parameterValue is 8F0TANM2Um; parameter 2: parameterName is pageName/parameterValue is createPage; parameter 3: parameterName is version/parameterValue is 1; parameter 4: parameterName is assetType/parameterValue is instance of com.topcoder.confluence.entities.ConfluenceAssetType; parameter 5: parameterName is catalog/parameterValue is instance of com.topcoder.confluence.entities.ConfluenceCatalog; parameter 6: parameterName is componentType/parameterValue is instance of com.topcoder.confluence.entities.ComponentType; 
Entering the method: createPage(String token, String pageName, String version,ConfluenceAssetType assetType, ConfluenceCatalog catalog, ComponentType componentType)
Parameters Info: parameter 1: parameterName is token/parameterValue is 8F0TANM2Um; parameter 2: parameterName is pageName/parameterValue is createPage; parameter 3: parameterName is version/parameterValue is 1; parameter 4: parameterName is assetType/parameterValue is instance of com.topcoder.confluence.entities.ConfluenceAssetType; parameter 5: parameterName is catalog/parameterValue is instance of com.topcoder.confluence.entities.ConfluenceCatalog; parameter 6: parameterName is componentType/parameterValue is instance of com.topcoder.confluence.entities.ComponentType; 
Entering the method: createPage(String token, String pageName, String version,ConfluenceAssetType assetType, ConfluenceCatalog catalog, ComponentType componentType)
Parameters Info: parameter 1: parameterName is token/parameterValue is 8F0TANM2Um; parameter 2: parameterName is pageName/parameterValue is createPage; parameter 3: parameterName is version/parameterValue is 1; parameter 4: parameterName is assetType/parameterValue is instance of com.topcoder.confluence.entities.ConfluenceAssetType; parameter 5: parameterName is catalog/parameterValue is instance of com.topcoder.confluence.entities.ConfluenceCatalog; parameter 6: parameterName is componentType/parameterValue is instance of com.topcoder.confluence.entities.ComponentType; 
Entering the method: createPage(String token, String pageName, String version,ConfluenceAssetType assetType, ConfluenceCatalog catalog, ComponentType componentType)
Parameters Info: parameter 1: parameterName is token/parameterValue is 8F0TANM2Um; parameter 2: parameterName is pageName/parameterValue is createPage; parameter 3: parameterName is version/parameterValue is 1; parameter 4: parameterName is assetType/parameterValue is instance of com.topcoder.confluence.entities.ConfluenceAssetType; parameter 5: parameterName is catalog/parameterValue is instance of com.topcoder.confluence.entities.ConfluenceCatalog; parameter 6: parameterName is componentType/parameterValue is instance of com.topcoder.confluence.entities.ComponentType; 
Entering the method: createPage(String token, String pageName, String version,ConfluenceAssetType assetType, ConfluenceCatalog catalog, ComponentType componentType)
Parameters Info: parameter 1: parameterName is token/parameterValue is 8F0TANM2Um; parameter 2: parameterName is pageName/parameterValue is createPage; parameter 3: parameterName is version/parameterValue is 1; parameter 4: parameterName is assetType/parameterValue is instance of com.topcoder.confluence.entities.ConfluenceAssetType; parameter 5: parameterName is catalog/parameterValue is instance of com.topcoder.confluence.entities.ConfluenceCatalog; parameter 6: parameterName is componentType/parameterValue is instance of com.topcoder.confluence.entities.ComponentType; 
Entering the method: createPage(String token, String pageName, String version,ConfluenceAssetType assetType, ConfluenceCatalog catalog, ComponentType componentType)
Parameters Info: parameter 1: parameterName is token/parameterValue is 8F0TANM2Um; parameter 2: parameterName is pageName/parameterValue is createPage; parameter 3: parameterName is version/parameterValue is 1; parameter 4: parameterName is assetType/parameterValue is instance of com.topcoder.confluence.entities.ConfluenceAssetType; parameter 5: parameterName is catalog/parameterValue is instance of com.topcoder.confluence.entities.ConfluenceCatalog; parameter 6: parameterName is componentType/parameterValue is instance of com.topcoder.confluence.entities.ComponentType; 
Entering the method: createPage(String token, String pageName, String version,ConfluenceAssetType assetType, ConfluenceCatalog catalog, ComponentType componentType)
Parameters Info: parameter 1: parameterName is token/parameterValue is 8F0TANM2Um; parameter 2: parameterName is pageName/parameterValue is createPage; parameter 3: parameterName is version/parameterValue is 1; parameter 4: parameterName is assetType/parameterValue is instance of com.topcoder.confluence.entities.ConfluenceAssetType; parameter 5: parameterName is catalog/parameterValue is instance of com.topcoder.confluence.entities.ConfluenceCatalog; parameter 6: parameterName is componentType/parameterValue is instance of com.topcoder.confluence.entities.ComponentType; 
Entering the method: createPage(String token, String pageName, String version,ConfluenceAssetType assetType, ConfluenceCatalog catalog, ComponentType componentType)
Parameters Info: parameter 1: parameterName is token/parameterValue is 8F0TANM2Um; parameter 2: parameterName is pageName/parameterValue is createPage; parameter 3: parameterName is version/parameterValue is 1; parameter 4: parameterName is assetType/parameterValue is instance of com.topcoder.confluence.entities.ConfluenceAssetType; parameter 5: parameterName is catalog/parameterValue is instance of com.topcoder.confluence.entities.ConfluenceCatalog; parameter 6: parameterName is componentType/parameterValue is instance of com.topcoder.confluence.entities.ComponentType; 
Entering the method: createPage(String token, String pageName, String version,ConfluenceAssetType assetType, ConfluenceCatalog catalog, ComponentType componentType)
Parameters Info: parameter 1: parameterName is token/parameterValue is 8F0TANM2Um; parameter 2: parameterName is pageName/parameterValue is createPage; parameter 3: parameterName is version/parameterValue is 1; parameter 4: parameterName is assetType/parameterValue is instance of com.topcoder.confluence.entities.ConfluenceAssetType; parameter 5: parameterName is catalog/parameterValue is instance of com.topcoder.confluence.entities.ConfluenceCatalog; parameter 6: parameterName is componentType/parameterValue is instance of com.topcoder.confluence.entities.ComponentType; 
Entering the method: createPage(String token, String pageName, String version,ConfluenceAssetType assetType, ConfluenceCatalog catalog, ComponentType componentType)
Parameters Info: parameter 1: parameterName is token/parameterValue is 8F0TANM2Um; parameter 2: parameterName is pageName/parameterValue is createPage; parameter 3: parameterName is version/parameterValue is 1; parameter 4: parameterName is assetType/parameterValue is instance of com.topcoder.confluence.entities.ConfluenceAssetType; parameter 5: parameterName is catalog/parameterValue is instance of com.topcoder.confluence.entities.ConfluenceCatalog; parameter 6: parameterName is componentType/parameterValue is instance of com.topcoder.confluence.entities.ComponentType; 
Entering the method: createPage(String token, String pageName, String version,ConfluenceAssetType assetType, ConfluenceCatalog catalog, ComponentType componentType)
Parameters Info: parameter 1: parameterName is token/parameterValue is 8F0TANM2Um; parameter 2: parameterName is pageName/parameterValue is createPage; parameter 3: parameterName is version/parameterValue is 1; parameter 4: parameterName is assetType/parameterValue is instance of com.topcoder.confluence.entities.ConfluenceAssetType; parameter 5: parameterName is catalog/parameterValue is instance of com.topcoder.confluence.entities.ConfluenceCatalog; parameter 6: parameterName is componentType/parameterValue is instance of com.topcoder.confluence.entities.ComponentType; 
Entering the method: createPage(String token, String pageName, String version,ConfluenceAssetType assetType, ConfluenceCatalog catalog, ComponentType componentType)
Parameters Info: parameter 1: parameterName is token/parameterValue is 8F0TANM2Um; parameter 2: parameterName is pageName/parameterValue is createPage; parameter 3: parameterName is version/parameterValue is 1; parameter 4: parameterName is assetType/parameterValue is instance of com.topcoder.confluence.entities.ConfluenceAssetType; parameter 5: parameterName is catalog/parameterValue is instance of com.topcoder.confluence.entities.ConfluenceCatalog; parameter 6: parameterName is componentType/parameterValue is instance of com.topcoder.confluence.entities.ComponentType; 
Entering the method: createPage(String token, String pageName, String version,ConfluenceAssetType assetType, ConfluenceCatalog catalog, ComponentType componentType)
Parameters Info: parameter 1: parameterName is token/parameterValue is 8F0TANM2Um; parameter 2: parameterName is pageName/parameterValue is createPage; parameter 3: parameterName is version/parameterValue is 1; parameter 4: parameterName is assetType/parameterValue is instance of com.topcoder.confluence.entities.ConfluenceAssetType; parameter 5: parameterName is catalog/parameterValue is instance of com.topcoder.confluence.entities.ConfluenceCatalog; parameter 6: parameterName is componentType/parameterValue is instance of com.topcoder.confluence.entities.ComponentType; 
Entering the method: createPage(String token, String pageName, String version,ConfluenceAssetType assetType, ConfluenceCatalog catalog, ComponentType componentType)
Parameters Info: parameter 1: parameterName is token/parameterValue is 8F0TANM2Um; parameter 2: parameterName is pageName/parameterValue is createPage; parameter 3: parameterName is version/parameterValue is 1; parameter 4: parameterName is assetType/parameterValue is instance of com.topcoder.confluence.entities.ConfluenceAssetType; parameter 5: parameterName is catalog/parameterValue is instance of com.topcoder.confluence.entities.ConfluenceCatalog; parameter 6: parameterName is componentType/parameterValue is instance of com.topcoder.confluence.entities.ComponentType; 
Entering the method: createPage(String token, String pageName, String version,ConfluenceAssetType assetType, ConfluenceCatalog catalog, ComponentType componentType)
Parameters Info: parameter 1: parameterName is token/parameterValue is 8F0TANM2Um; parameter 2: parameterName is pageName/parameterValue is createPage; parameter 3: parameterName is version/parameterValue is 1; parameter 4: parameterName is assetType/parameterValue is instance of com.topcoder.confluence.entities.ConfluenceAssetType; parameter 5: parameterName is catalog/parameterValue is instance of com.topcoder.confluence.entities.ConfluenceCatalog; parameter 6: parameterName is componentType/parameterValue is instance of com.topcoder.confluence.entities.ComponentType; 
Entering the method: createPage(String token, String pageName, String version,ConfluenceAssetType assetType, ConfluenceCatalog catalog, ComponentType componentType)
Parameters Info: parameter 1: parameterName is token/parameterValue is 8F0TANM2Um; parameter 2: parameterName is pageName/parameterValue is createPage; parameter 3: parameterName is version/parameterValue is 1; parameter 4: parameterName is assetType/parameterValue is instance of com.topcoder.confluence.entities.ConfluenceAssetType; parameter 5: parameterName is catalog/parameterValue is instance of com.topcoder.confluence.entities.ConfluenceCatalog; parameter 6: parameterName is componentType/parameterValue is instance of com.topcoder.confluence.entities.ComponentType; 
Entering the method: createPage(String token, String pageName, String version,ConfluenceAssetType assetType, ConfluenceCatalog catalog, ComponentType componentType)
Parameters Info: parameter 1: parameterName is token/parameterValue is 8F0TANM2Um; parameter 2: parameterName is pageName/parameterValue is createPage; parameter 3: parameterName is version/parameterValue is 1; parameter 4: parameterName is assetType/parameterValue is instance of com.topcoder.confluence.entities.ConfluenceAssetType; parameter 5: parameterName is catalog/parameterValue is instance of com.topcoder.confluence.entities.ConfluenceCatalog; parameter 6: parameterName is componentType/parameterValue is instance of com.topcoder.confluence.entities.ComponentType; 
Entering the method: createPage(String token, String pageName, String version,ConfluenceAssetType assetType, ConfluenceCatalog catalog, ComponentType componentType)
Parameters Info: parameter 1: parameterName is token/parameterValue is 8F0TANM2Um; parameter 2: parameterName is pageName/parameterValue is createPage; parameter 3: parameterName is version/parameterValue is 1; parameter 4: parameterName is assetType/parameterValue is instance of com.topcoder.confluence.entities.ConfluenceAssetType; parameter 5: parameterName is catalog/parameterValue is instance of com.topcoder.confluence.entities.ConfluenceCatalog; parameter 6: parameterName is componentType/parameterValue is instance of com.topcoder.confluence.entities.ComponentType; 
Entering the method: createPage(String token, String pageName, String version,ConfluenceAssetType assetType, ConfluenceCatalog catalog, ComponentType componentType)
Parameters Info: parameter 1: parameterName is token/parameterValue is 8F0TANM2Um; parameter 2: parameterName is pageName/parameterValue is createPage; parameter 3: parameterName is version/parameterValue is 1; parameter 4: parameterName is assetType/parameterValue is instance of com.topcoder.confluence.entities.ConfluenceAssetType; parameter 5: parameterName is catalog/parameterValue is instance of com.topcoder.confluence.entities.ConfluenceCatalog; parameter 6: parameterName is componentType/parameterValue is instance of com.topcoder.confluence.entities.ComponentType; 
Entering the method: createPage(String token, String pageName, String version,ConfluenceAssetType assetType, ConfluenceCatalog catalog, ComponentType componentType)
Parameters Info: parameter 1: parameterName is token/parameterValue is 8F0TANM2Um; parameter 2: parameterName is pageName/parameterValue is createPage; parameter 3: parameterName is version/parameterValue is 1; parameter 4: parameterName is assetType/parameterValue is instance of com.topcoder.confluence.entities.ConfluenceAssetType; parameter 5: parameterName is catalog/parameterValue is instance of com.topcoder.confluence.entities.ConfluenceCatalog; parameter 6: parameterName is componentType/parameterValue is instance of com.topcoder.confluence.entities.ComponentType; 
Entering the method: createPage(String token, String pageName, String version,ConfluenceAssetType assetType, ConfluenceCatalog catalog, ComponentType componentType)
Parameters Info: parameter 1: parameterName is token/parameterValue is 8F0TANM2Um; parameter 2: parameterName is pageName/parameterValue is createPage; parameter 3: parameterName is version/parameterValue is 1; parameter 4: parameterName is assetType/parameterValue is instance of com.topcoder.confluence.entities.ConfluenceAssetType; parameter 5: parameterName is catalog/parameterValue is instance of com.topcoder.confluence.entities.ConfluenceCatalog; parameter 6: parameterName is componentType/parameterValue is instance of com.topcoder.confluence.entities.ComponentType; 
Entering the method: createPage(String token, String pageName, String version,ConfluenceAssetType assetType, ConfluenceCatalog catalog, ComponentType componentType)
Parameters Info: parameter 1: parameterName is token/parameterValue is 8F0TANM2Um; parameter 2: parameterName is pageName/parameterValue is createPage; parameter 3: parameterName is version/parameterValue is 1; parameter 4: parameterName is assetType/parameterValue is instance of com.topcoder.confluence.entities.ConfluenceAssetType; parameter 5: parameterName is catalog/parameterValue is instance of com.topcoder.confluence.entities.ConfluenceCatalog; parameter 6: parameterName is componentType/parameterValue is instance of com.topcoder.confluence.entities.ComponentType; 
Entering the method: createPage(String token, String pageName, String version,ConfluenceAssetType assetType, ConfluenceCatalog catalog, ComponentType componentType)
Parameters Info: parameter 1: parameterName is token/parameterValue is 8F0TANM2Um; parameter 2: parameterName is pageName/parameterValue is createPage; parameter 3: parameterName is version/parameterValue is 1; parameter 4: parameterName is assetType/parameterValue is instance of com.topcoder.confluence.entities.ConfluenceAssetType; parameter 5: parameterName is catalog/parameterValue is instance of com.topcoder.confluence.entities.ConfluenceCatalog; parameter 6: parameterName is componentType/parameterValue is instance of com.topcoder.confluence.entities.ComponentType; 
Entering the method: createPage(String token, String pageName, String version,ConfluenceAssetType assetType, ConfluenceCatalog catalog, ComponentType componentType)
Parameters Info: parameter 1: parameterName is token/parameterValue is 8F0TANM2Um; parameter 2: parameterName is pageName/parameterValue is createPage; parameter 3: parameterName is version/parameterValue is 1; parameter 4: parameterName is assetType/parameterValue is instance of com.topcoder.confluence.entities.ConfluenceAssetType; parameter 5: parameterName is catalog/parameterValue is instance of com.topcoder.confluence.entities.ConfluenceCatalog; parameter 6: parameterName is componentType/parameterValue is instance of com.topcoder.confluence.entities.ComponentType; 
Entering the method: createPage(String token, String pageName, String version,ConfluenceAssetType assetType, ConfluenceCatalog catalog, ComponentType componentType)
Parameters Info: parameter 1: parameterName is token/parameterValue is 8F0TANM2Um; parameter 2: parameterName is pageName/parameterValue is createPage; parameter 3: parameterName is version/parameterValue is 1; parameter 4: parameterName is assetType/parameterValue is instance of com.topcoder.confluence.entities.ConfluenceAssetType; parameter 5: parameterName is catalog/parameterValue is instance of com.topcoder.confluence.entities.ConfluenceCatalog; parameter 6: parameterName is componentType/parameterValue is instance of com.topcoder.confluence.entities.ComponentType; 
Entering the method: createPage(String token, String pageName, String version,ConfluenceAssetType assetType, ConfluenceCatalog catalog, ComponentType componentType)
Parameters Info: parameter 1: parameterName is token/parameterValue is 8F0TANM2Um; parameter 2: parameterName is pageName/parameterValue is createPage; parameter 3: parameterName is version/parameterValue is 1; parameter 4: parameterName is assetType/parameterValue is instance of com.topcoder.confluence.entities.ConfluenceAssetType; parameter 5: parameterName is catalog/parameterValue is instance of com.topcoder.confluence.entities.ConfluenceCatalog; parameter 6: parameterName is componentType/parameterValue is instance of com.topcoder.confluence.entities.ComponentType; 
Entering the method: createPage(String token, String pageName, String version,ConfluenceAssetType assetType, ConfluenceCatalog catalog, ComponentType componentType)
Parameters Info: parameter 1: parameterName is token/parameterValue is 8F0TANM2Um; parameter 2: parameterName is pageName/parameterValue is createPage; parameter 3: parameterName is version/parameterValue is 1; parameter 4: parameterName is assetType/parameterValue is instance of com.topcoder.confluence.entities.ConfluenceAssetType; parameter 5: parameterName is catalog/parameterValue is instance of com.topcoder.confluence.entities.ConfluenceCatalog; parameter 6: parameterName is componentType/parameterValue is instance of com.topcoder.confluence.entities.ComponentType; 
Entering the method: createPage(String token, String pageName, String version,ConfluenceAssetType assetType, ConfluenceCatalog catalog, ComponentType componentType)
Parameters Info: parameter 1: parameterName is token/parameterValue is 8F0TANM2Um; parameter 2: parameterName is pageName/parameterValue is createPage; parameter 3: parameterName is version/parameterValue is 1; parameter 4: parameterName is assetType/parameterValue is instance of com.topcoder.confluence.entities.ConfluenceAssetType; parameter 5: parameterName is catalog/parameterValue is instance of com.topcoder.confluence.entities.ConfluenceCatalog; parameter 6: parameterName is componentType/parameterValue is instance of com.topcoder.confluence.entities.ComponentType; 
Entering the method: createPage(String token, String pageName, String version,ConfluenceAssetType assetType, ConfluenceCatalog catalog, ComponentType componentType)
Parameters Info: parameter 1: parameterName is token/parameterValue is 8F0TANM2Um; parameter 2: parameterName is pageName/parameterValue is createPage; parameter 3: parameterName is version/parameterValue is 1; parameter 4: parameterName is assetType/parameterValue is instance of com.topcoder.confluence.entities.ConfluenceAssetType; parameter 5: parameterName is catalog/parameterValue is instance of com.topcoder.confluence.entities.ConfluenceCatalog; parameter 6: parameterName is componentType/parameterValue is instance of com.topcoder.confluence.entities.ComponentType; 
Entering the method: createPage(String token, String pageName, String version,ConfluenceAssetType assetType, ConfluenceCatalog catalog, ComponentType componentType)
Parameters Info: parameter 1: parameterName is token/parameterValue is 8F0TANM2Um; parameter 2: parameterName is pageName/parameterValue is createPage; parameter 3: parameterName is version/parameterValue is 1; parameter 4: parameterName is assetType/parameterValue is instance of com.topcoder.confluence.entities.ConfluenceAssetType; parameter 5: parameterName is catalog/parameterValue is instance of com.topcoder.confluence.entities.ConfluenceCatalog; parameter 6: parameterName is componentType/parameterValue is instance of com.topcoder.confluence.entities.ComponentType; 
Entering the method: createPage(String token, String pageName, String version,ConfluenceAssetType assetType, ConfluenceCatalog catalog, ComponentType componentType)
Parameters Info: parameter 1: parameterName is token/parameterValue is 8F0TANM2Um; parameter 2: parameterName is pageName/parameterValue is createPage; parameter 3: parameterName is version/parameterValue is 1; parameter 4: parameterName is assetType/parameterValue is instance of com.topcoder.confluence.entities.ConfluenceAssetType; parameter 5: parameterName is catalog/parameterValue is instance of com.topcoder.confluence.entities.ConfluenceCatalog; parameter 6: parameterName is componentType/parameterValue is instance of com.topcoder.confluence.entities.ComponentType; 
Entering the method: createPage(String token, String pageName, String version,ConfluenceAssetType assetType, ConfluenceCatalog catalog, ComponentType componentType)
Parameters Info: parameter 1: parameterName is token/parameterValue is 8F0TANM2Um; parameter 2: parameterName is pageName/parameterValue is createPage; parameter 3: parameterName is version/parameterValue is 1; parameter 4: parameterName is assetType/parameterValue is instance of com.topcoder.confluence.entities.ConfluenceAssetType; parameter 5: parameterName is catalog/parameterValue is instance of com.topcoder.confluence.entities.ConfluenceCatalog; parameter 6: parameterName is componentType/parameterValue is instance of com.topcoder.confluence.entities.ComponentType; 
Entering the method: createPage(String token, String pageName, String version,ConfluenceAssetType assetType, ConfluenceCatalog catalog, ComponentType componentType)
Parameters Info: parameter 1: parameterName is token/parameterValue is 8F0TANM2Um; parameter 2: parameterName is pageName/parameterValue is createPage; parameter 3: parameterName is version/parameterValue is 1; parameter 4: parameterName is assetType/parameterValue is instance of com.topcoder.confluence.entities.ConfluenceAssetType; parameter 5: parameterName is catalog/parameterValue is instance of com.topcoder.confluence.entities.ConfluenceCatalog; parameter 6: parameterName is componentType/parameterValue is instance of com.topcoder.confluence.entities.ComponentType; 
Entering the method: createPage(String token, String pageName, String version,ConfluenceAssetType assetType, ConfluenceCatalog catalog, ComponentType componentType)
Parameters Info: parameter 1: parameterName is token/parameterValue is 8F0TANM2Um; parameter 2: parameterName is pageName/parameterValue is createPage; parameter 3: parameterName is version/parameterValue is 1; parameter 4: parameterName is assetType/parameterValue is instance of com.topcoder.confluence.entities.ConfluenceAssetType; parameter 5: parameterName is catalog/parameterValue is instance of com.topcoder.confluence.entities.ConfluenceCatalog; parameter 6: parameterName is componentType/parameterValue is instance of com.topcoder.confluence.entities.ComponentType; 
Entering the method: createPage(String token, String pageName, String version,ConfluenceAssetType assetType, ConfluenceCatalog catalog, ComponentType componentType)
Parameters Info: parameter 1: parameterName is token/parameterValue is 8F0TANM2Um; parameter 2: parameterName is pageName/parameterValue is createPage; parameter 3: parameterName is version/parameterValue is 1; parameter 4: parameterName is assetType/parameterValue is instance of com.topcoder.confluence.entities.ConfluenceAssetType; parameter 5: parameterName is catalog/parameterValue is instance of com.topcoder.confluence.entities.ConfluenceCatalog; parameter 6: parameterName is componentType/parameterValue is instance of com.topcoder.confluence.entities.ComponentType; 
Entering the method: createPage(String token, String pageName, String version,ConfluenceAssetType assetType, ConfluenceCatalog catalog, ComponentType componentType)
Parameters Info: parameter 1: parameterName is token/parameterValue is 8F0TANM2Um; parameter 2: parameterName is pageName/parameterValue is createPage; parameter 3: parameterName is version/parameterValue is 1; parameter 4: parameterName is assetType/parameterValue is instance of com.topcoder.confluence.entities.ConfluenceAssetType; parameter 5: parameterName is catalog/parameterValue is instance of com.topcoder.confluence.entities.ConfluenceCatalog; parameter 6: parameterName is componentType/parameterValue is instance of com.topcoder.confluence.entities.ComponentType; 
Entering the method: createPage(String token, String pageName, String version,ConfluenceAssetType assetType, ConfluenceCatalog catalog, ComponentType componentType)
Parameters Info: parameter 1: parameterName is token/parameterValue is 8F0TANM2Um; parameter 2: parameterName is pageName/parameterValue is createPage; parameter 3: parameterName is version/parameterValue is 1; parameter 4: parameterName is assetType/parameterValue is instance of com.topcoder.confluence.entities.ConfluenceAssetType; parameter 5: parameterName is catalog/parameterValue is instance of com.topcoder.confluence.entities.ConfluenceCatalog; parameter 6: parameterName is componentType/parameterValue is instance of com.topcoder.confluence.entities.ComponentType; 
Entering the method: createPage(String token, String pageName, String version,ConfluenceAssetType assetType, ConfluenceCatalog catalog, ComponentType componentType)
Parameters Info: parameter 1: parameterName is token/parameterValue is 8F0TANM2Um; parameter 2: parameterName is pageName/parameterValue is createPage; parameter 3: parameterName is version/parameterValue is 1; parameter 4: parameterName is assetType/parameterValue is instance of com.topcoder.confluence.entities.ConfluenceAssetType; parameter 5: parameterName is catalog/parameterValue is instance of com.topcoder.confluence.entities.ConfluenceCatalog; parameter 6: parameterName is componentType/parameterValue is instance of com.topcoder.confluence.entities.ComponentType; 
Entering the method: createPage(String token, String pageName, String version,ConfluenceAssetType assetType, ConfluenceCatalog catalog, ComponentType componentType)
Parameters Info: parameter 1: parameterName is token/parameterValue is 8F0TANM2Um; parameter 2: parameterName is pageName/parameterValue is createPage; parameter 3: parameterName is version/parameterValue is 1; parameter 4: parameterName is assetType/parameterValue is instance of com.topcoder.confluence.entities.ConfluenceAssetType; parameter 5: parameterName is catalog/parameterValue is instance of com.topcoder.confluence.entities.ConfluenceCatalog; parameter 6: parameterName is componentType/parameterValue is instance of com.topcoder.confluence.entities.ComponentType; 
Entering the method: createPage(String token, String pageName, String version,ConfluenceAssetType assetType, ConfluenceCatalog catalog, ComponentType componentType)
Parameters Info: parameter 1: parameterName is token/parameterValue is 8F0TANM2Um; parameter 2: parameterName is pageName/parameterValue is createPage; parameter 3: parameterName is version/parameterValue is 1; parameter 4: parameterName is assetType/parameterValue is instance of com.topcoder.confluence.entities.ConfluenceAssetType; parameter 5: parameterName is catalog/parameterValue is instance of com.topcoder.confluence.entities.ConfluenceCatalog; parameter 6: parameterName is componentType/parameterValue is instance of com.topcoder.confluence.entities.ComponentType; 
Entering the method: createPage(String token, String pageName, String version,ConfluenceAssetType assetType, ConfluenceCatalog catalog, ComponentType componentType)
Parameters Info: parameter 1: parameterName is token/parameterValue is 8F0TANM2Um; parameter 2: parameterName is pageName/parameterValue is createPage; parameter 3: parameterName is version/parameterValue is 1; parameter 4: parameterName is assetType/parameterValue is instance of com.topcoder.confluence.entities.ConfluenceAssetType; parameter 5: parameterName is catalog/parameterValue is instance of com.topcoder.confluence.entities.ConfluenceCatalog; parameter 6: parameterName is componentType/parameterValue is instance of com.topcoder.confluence.entities.ComponentType; 
Entering the method: createPage(String token, String pageName, String version,ConfluenceAssetType assetType, ConfluenceCatalog catalog, ComponentType componentType)
Parameters Info: parameter 1: parameterName is token/parameterValue is 8F0TANM2Um; parameter 2: parameterName is pageName/parameterValue is createPage; parameter 3: parameterName is version/parameterValue is 1; parameter 4: parameterName is assetType/parameterValue is instance of com.topcoder.confluence.entities.ConfluenceAssetType; parameter 5: parameterName is catalog/parameterValue is instance of com.topcoder.confluence.entities.ConfluenceCatalog; parameter 6: parameterName is componentType/parameterValue is instance of com.topcoder.confluence.entities.ComponentType; 
Entering the method: createPage(String token, String pageName, String version,ConfluenceAssetType assetType, ConfluenceCatalog catalog, ComponentType componentType)
Parameters Info: parameter 1: parameterName is token/parameterValue is 8F0TANM2Um; parameter 2: parameterName is pageName/parameterValue is createPage; parameter 3: parameterName is version/parameterValue is 1; parameter 4: parameterName is assetType/parameterValue is instance of com.topcoder.confluence.entities.ConfluenceAssetType; parameter 5: parameterName is catalog/parameterValue is instance of com.topcoder.confluence.entities.ConfluenceCatalog; parameter 6: parameterName is componentType/parameterValue is instance of com.topcoder.confluence.entities.ComponentType; 
Entering the method: createPage(String token, String pageName, String version,ConfluenceAssetType assetType, ConfluenceCatalog catalog, ComponentType componentType)
Parameters Info: parameter 1: parameterName is token/parameterValue is 8F0TANM2Um; parameter 2: parameterName is pageName/parameterValue is createPage; parameter 3: parameterName is version/parameterValue is 1; parameter 4: parameterName is assetType/parameterValue is instance of com.topcoder.confluence.entities.ConfluenceAssetType; parameter 5: parameterName is catalog/parameterValue is instance of com.topcoder.confluence.entities.ConfluenceCatalog; parameter 6: parameterName is componentType/parameterValue is instance of com.topcoder.confluence.entities.ComponentType; 
Entering the method: createPage(String token, String pageName, String version,ConfluenceAssetType assetType, ConfluenceCatalog catalog, ComponentType componentType)
Parameters Info: parameter 1: parameterName is token/parameterValue is 8F0TANM2Um; parameter 2: parameterName is pageName/parameterValue is createPage; parameter 3: parameterName is version/parameterValue is 1; parameter 4: parameterName is assetType/parameterValue is instance of com.topcoder.confluence.entities.ConfluenceAssetType; parameter 5: parameterName is catalog/parameterValue is instance of com.topcoder.confluence.entities.ConfluenceCatalog; parameter 6: parameterName is componentType/parameterValue is instance of com.topcoder.confluence.entities.ComponentType; 
Entering the method: createPage(String token, String pageName, String version,ConfluenceAssetType assetType, ConfluenceCatalog catalog, ComponentType componentType)
Parameters Info: parameter 1: parameterName is token/parameterValue is 8F0TANM2Um; parameter 2: parameterName is pageName/parameterValue is createPage; parameter 3: parameterName is version/parameterValue is 1; parameter 4: parameterName is assetType/parameterValue is instance of com.topcoder.confluence.entities.ConfluenceAssetType; parameter 5: parameterName is catalog/parameterValue is instance of com.topcoder.confluence.entities.ConfluenceCatalog; parameter 6: parameterName is componentType/parameterValue is instance of com.topcoder.confluence.entities.ComponentType; 
Entering the method: createPage(String token, String pageName, String version,ConfluenceAssetType assetType, ConfluenceCatalog catalog, ComponentType componentType)
Parameters Info: parameter 1: parameterName is token/parameterValue is 8F0TANM2Um; parameter 2: parameterName is pageName/parameterValue is createPage; parameter 3: parameterName is version/parameterValue is 1; parameter 4: parameterName is assetType/parameterValue is instance of com.topcoder.confluence.entities.ConfluenceAssetType; parameter 5: parameterName is catalog/parameterValue is instance of com.topcoder.confluence.entities.ConfluenceCatalog; parameter 6: parameterName is componentType/parameterValue is instance of com.topcoder.confluence.entities.ComponentType; 
Entering the method: createPage(String token, String pageName, String version,ConfluenceAssetType assetType, ConfluenceCatalog catalog, ComponentType componentType)
Parameters Info: parameter 1: parameterName is token/parameterValue is 8F0TANM2Um; parameter 2: parameterName is pageName/parameterValue is createPage; parameter 3: parameterName is version/parameterValue is 1; parameter 4: parameterName is assetType/parameterValue is instance of com.topcoder.confluence.entities.ConfluenceAssetType; parameter 5: parameterName is catalog/parameterValue is instance of com.topcoder.confluence.entities.ConfluenceCatalog; parameter 6: parameterName is componentType/parameterValue is instance of com.topcoder.confluence.entities.ComponentType; 
Entering the method: createPage(String token, String pageName, String version,ConfluenceAssetType assetType, ConfluenceCatalog catalog, ComponentType componentType)
Parameters Info: parameter 1: parameterName is token/parameterValue is 8F0TANM2Um; parameter 2: parameterName is pageName/parameterValue is createPage; parameter 3: parameterName is version/parameterValue is 1; parameter 4: parameterName is assetType/parameterValue is instance of com.topcoder.confluence.entities.ConfluenceAssetType; parameter 5: parameterName is catalog/parameterValue is instance of com.topcoder.confluence.entities.ConfluenceCatalog; parameter 6: parameterName is componentType/parameterValue is instance of com.topcoder.confluence.entities.ComponentType; 
Entering the method: createPage(String token, String pageName, String version,ConfluenceAssetType assetType, ConfluenceCatalog catalog, ComponentType componentType)
Parameters Info: parameter 1: parameterName is token/parameterValue is 8F0TANM2Um; parameter 2: parameterName is pageName/parameterValue is createPage; parameter 3: parameterName is version/parameterValue is 1; parameter 4: parameterName is assetType/parameterValue is instance of com.topcoder.confluence.entities.ConfluenceAssetType; parameter 5: parameterName is catalog/parameterValue is instance of com.topcoder.confluence.entities.ConfluenceCatalog; parameter 6: parameterName is componentType/parameterValue is instance of com.topcoder.confluence.entities.ComponentType; 
Entering the method: createPage(String token, String pageName, String version,ConfluenceAssetType assetType, ConfluenceCatalog catalog, ComponentType componentType)
Parameters Info: parameter 1: parameterName is token/parameterValue is 8F0TANM2Um; parameter 2: parameterName is pageName/parameterValue is createPage; parameter 3: parameterName is version/parameterValue is 1; parameter 4: parameterName is assetType/parameterValue is instance of com.topcoder.confluence.entities.ConfluenceAssetType; parameter 5: parameterName is catalog/parameterValue is instance of com.topcoder.confluence.entities.ConfluenceCatalog; parameter 6: parameterName is componentType/parameterValue is instance of com.topcoder.confluence.entities.ComponentType; 
Entering the method: createPage(String token, String pageName, String version,ConfluenceAssetType assetType, ConfluenceCatalog catalog, ComponentType componentType)
Parameters Info: parameter 1: parameterName is token/parameterValue is 8F0TANM2Um; parameter 2: parameterName is pageName/parameterValue is createPage; parameter 3: parameterName is version/parameterValue is 1; parameter 4: parameterName is assetType/parameterValue is instance of com.topcoder.confluence.entities.ConfluenceAssetType; parameter 5: parameterName is catalog/parameterValue is instance of com.topcoder.confluence.entities.ConfluenceCatalog; parameter 6: parameterName is componentType/parameterValue is instance of com.topcoder.confluence.entities.ComponentType; 
Entering the method: createPage(String token, String pageName, String version,ConfluenceAssetType assetType, ConfluenceCatalog catalog, ComponentType componentType)
Parameters Info: parameter 1: parameterName is token/parameterValue is 8F0TANM2Um; parameter 2: parameterName is pageName/parameterValue is createPage; parameter 3: parameterName is version/parameterValue is 1; parameter 4: parameterName is assetType/parameterValue is instance of com.topcoder.confluence.entities.ConfluenceAssetType; parameter 5: parameterName is catalog/parameterValue is instance of com.topcoder.confluence.entities.ConfluenceCatalog; parameter 6: parameterName is componentType/parameterValue is instance of com.topcoder.confluence.entities.ComponentType; 
Entering the method: createPage(String token, String pageName, String version,ConfluenceAssetType assetType, ConfluenceCatalog catalog, ComponentType componentType)
Parameters Info: parameter 1: parameterName is token/parameterValue is 8F0TANM2Um; parameter 2: parameterName is pageName/parameterValue is createPage; parameter 3: parameterName is version/parameterValue is 1; parameter 4: parameterName is assetType/parameterValue is instance of com.topcoder.confluence.entities.ConfluenceAssetType; parameter 5: parameterName is catalog/parameterValue is instance of com.topcoder.confluence.entities.ConfluenceCatalog; parameter 6: parameterName is componentType/parameterValue is instance of com.topcoder.confluence.entities.ComponentType; 
Entering the method: createPage(String token, String pageName, String version,ConfluenceAssetType assetType, ConfluenceCatalog catalog, ComponentType componentType)
Parameters Info: parameter 1: parameterName is token/parameterValue is 8F0TANM2Um; parameter 2: parameterName is pageName/parameterValue is createPage; parameter 3: parameterName is version/parameterValue is 1; parameter 4: parameterName is assetType/parameterValue is instance of com.topcoder.confluence.entities.ConfluenceAssetType; parameter 5: parameterName is catalog/parameterValue is instance of com.topcoder.confluence.entities.ConfluenceCatalog; parameter 6: parameterName is componentType/parameterValue is instance of com.topcoder.confluence.entities.ComponentType; 
Entering the method: createPage(String token, String pageName, String version,ConfluenceAssetType assetType, ConfluenceCatalog catalog, ComponentType componentType)
Parameters Info: parameter 1: parameterName is token/parameterValue is 8F0TANM2Um; parameter 2: parameterName is pageName/parameterValue is createPage; parameter 3: parameterName is version/parameterValue is 1; parameter 4: parameterName is assetType/parameterValue is instance of com.topcoder.confluence.entities.ConfluenceAssetType; parameter 5: parameterName is catalog/parameterValue is instance of com.topcoder.confluence.entities.ConfluenceCatalog; parameter 6: parameterName is componentType/parameterValue is instance of com.topcoder.confluence.entities.ComponentType; 
Entering the method: createPage(String token, String pageName, String version,ConfluenceAssetType assetType, ConfluenceCatalog catalog, ComponentType componentType)
Parameters Info: parameter 1: parameterName is token/parameterValue is 8F0TANM2Um; parameter 2: parameterName is pageName/parameterValue is createPage; parameter 3: parameterName is version/parameterValue is 1; parameter 4: parameterName is assetType/parameterValue is instance of com.topcoder.confluence.entities.ConfluenceAssetType; parameter 5: parameterName is catalog/parameterValue is instance of com.topcoder.confluence.entities.ConfluenceCatalog; parameter 6: parameterName is componentType/parameterValue is instance of com.topcoder.confluence.entities.ComponentType; 
Entering the method: createPage(String token, String pageName, String version,ConfluenceAssetType assetType, ConfluenceCatalog catalog, ComponentType componentType)
Parameters Info: parameter 1: parameterName is token/parameterValue is 8F0TANM2Um; parameter 2: parameterName is pageName/parameterValue is createPage; parameter 3: parameterName is version/parameterValue is 1; parameter 4: parameterName is assetType/parameterValue is instance of com.topcoder.confluence.entities.ConfluenceAssetType; parameter 5: parameterName is catalog/parameterValue is instance of com.topcoder.confluence.entities.ConfluenceCatalog; parameter 6: parameterName is componentType/parameterValue is instance of com.topcoder.confluence.entities.ComponentType; 
Entering the method: createPage(String token, String pageName, String version,ConfluenceAssetType assetType, ConfluenceCatalog catalog, ComponentType componentType)
Parameters Info: parameter 1: parameterName is token/parameterValue is 8F0TANM2Um; parameter 2: parameterName is pageName/parameterValue is createPage; parameter 3: parameterName is version/parameterValue is 1; parameter 4: parameterName is assetType/parameterValue is instance of com.topcoder.confluence.entities.ConfluenceAssetType; parameter 5: parameterName is catalog/parameterValue is instance of com.topcoder.confluence.entities.ConfluenceCatalog; parameter 6: parameterName is componentType/parameterValue is instance of com.topcoder.confluence.entities.ComponentType; 
Entering the method: createPage(String token, String pageName, String version,ConfluenceAssetType assetType, ConfluenceCatalog catalog, ComponentType componentType)
Parameters Info: parameter 1: parameterName is token/parameterValue is 8F0TANM2Um; parameter 2: parameterName is pageName/parameterValue is createPage; parameter 3: parameterName is version/parameterValue is 1; parameter 4: parameterName is assetType/parameterValue is instance of com.topcoder.confluence.entities.ConfluenceAssetType; parameter 5: parameterName is catalog/parameterValue is instance of com.topcoder.confluence.entities.ConfluenceCatalog; parameter 6: parameterName is componentType/parameterValue is instance of com.topcoder.confluence.entities.ComponentType; 
Entering the method: createPage(String token, String pageName, String version,ConfluenceAssetType assetType, ConfluenceCatalog catalog, ComponentType componentType)
Parameters Info: parameter 1: parameterName is token/parameterValue is 8F0TANM2Um; parameter 2: parameterName is pageName/parameterValue is createPage; parameter 3: parameterName is version/parameterValue is 1; parameter 4: parameterName is assetType/parameterValue is instance of com.topcoder.confluence.entities.ConfluenceAssetType; parameter 5: parameterName is catalog/parameterValue is instance of com.topcoder.confluence.entities.ConfluenceCatalog; parameter 6: parameterName is componentType/parameterValue is instance of com.topcoder.confluence.entities.ComponentType; 
Entering the method: createPage(String token, String pageName, String version,ConfluenceAssetType assetType, ConfluenceCatalog catalog, ComponentType componentType)
Parameters Info: parameter 1: parameterName is token/parameterValue is 8F0TANM2Um; parameter 2: parameterName is pageName/parameterValue is createPage; parameter 3: parameterName is version/parameterValue is 1; parameter 4: parameterName is assetType/parameterValue is instance of com.topcoder.confluence.entities.ConfluenceAssetType; parameter 5: parameterName is catalog/parameterValue is instance of com.topcoder.confluence.entities.ConfluenceCatalog; parameter 6: parameterName is componentType/parameterValue is instance of com.topcoder.confluence.entities.ComponentType; 
Entering the method: createPage(String token, String pageName, String version,ConfluenceAssetType assetType, ConfluenceCatalog catalog, ComponentType componentType)
Parameters Info: parameter 1: parameterName is token/parameterValue is 8F0TANM2Um; parameter 2: parameterName is pageName/parameterValue is createPage; parameter 3: parameterName is version/parameterValue is 1; parameter 4: parameterName is assetType/parameterValue is instance of com.topcoder.confluence.entities.ConfluenceAssetType; parameter 5: parameterName is catalog/parameterValue is instance of com.topcoder.confluence.entities.ConfluenceCatalog; parameter 6: parameterName is componentType/parameterValue is instance of com.topcoder.confluence.entities.ComponentType; 
Entering the method: createPage(String token, String pageName, String version,ConfluenceAssetType assetType, ConfluenceCatalog catalog, ComponentType componentType)
Parameters Info: parameter 1: parameterName is token/parameterValue is 8F0TANM2Um; parameter 2: parameterName is pageName/parameterValue is createPage; parameter 3: parameterName is version/parameterValue is 1; parameter 4: parameterName is assetType/parameterValue is instance of com.topcoder.confluence.entities.ConfluenceAssetType; parameter 5: parameterName is catalog/parameterValue is instance of com.topcoder.confluence.entities.ConfluenceCatalog; parameter 6: parameterName is componentType/parameterValue is instance of com.topcoder.confluence.entities.ComponentType; 
Entering the method: createPage(String token, String pageName, String version,ConfluenceAssetType assetType, ConfluenceCatalog catalog, ComponentType componentType)
Parameters Info: parameter 1: parameterName is token/parameterValue is 8F0TANM2Um; parameter 2: parameterName is pageName/parameterValue is createPage; parameter 3: parameterName is version/parameterValue is 1; parameter 4: parameterName is assetType/parameterValue is instance of com.topcoder.confluence.entities.ConfluenceAssetType; parameter 5: parameterName is catalog/parameterValue is instance of com.topcoder.confluence.entities.ConfluenceCatalog; parameter 6: parameterName is componentType/parameterValue is instance of com.topcoder.confluence.entities.ComponentType; 
Entering the method: createPage(String token, String pageName, String version,ConfluenceAssetType assetType, ConfluenceCatalog catalog, ComponentType componentType)
Parameters Info: parameter 1: parameterName is token/parameterValue is 8F0TANM2Um; parameter 2: parameterName is pageName/parameterValue is createPage; parameter 3: parameterName is version/parameterValue is 1; parameter 4: parameterName is assetType/parameterValue is instance of com.topcoder.confluence.entities.ConfluenceAssetType; parameter 5: parameterName is catalog/parameterValue is instance of com.topcoder.confluence.entities.ConfluenceCatalog; parameter 6: parameterName is componentType/parameterValue is instance of com.topcoder.confluence.entities.ComponentType; 
Entering the method: createPage(String token, String pageName, String version,ConfluenceAssetType assetType, ConfluenceCatalog catalog, ComponentType componentType)
Parameters Info: parameter 1: parameterName is token/parameterValue is 8F0TANM2Um; parameter 2: parameterName is pageName/parameterValue is createPage; parameter 3: parameterName is version/parameterValue is 1; parameter 4: parameterName is assetType/parameterValue is instance of com.topcoder.confluence.entities.ConfluenceAssetType; parameter 5: parameterName is catalog/parameterValue is instance of com.topcoder.confluence.entities.ConfluenceCatalog; parameter 6: parameterName is componentType/parameterValue is instance of com.topcoder.confluence.entities.ComponentType; 
Entering the method: createPage(String token, String pageName, String version,ConfluenceAssetType assetType, ConfluenceCatalog catalog, ComponentType componentType)
Parameters Info: parameter 1: parameterName is token/parameterValue is 8F0TANM2Um; parameter 2: parameterName is pageName/parameterValue is createPage; parameter 3: parameterName is version/parameterValue is 1; parameter 4: parameterName is assetType/parameterValue is instance of com.topcoder.confluence.entities.ConfluenceAssetType; parameter 5: parameterName is catalog/parameterValue is instance of com.topcoder.confluence.entities.ConfluenceCatalog; parameter 6: parameterName is componentType/parameterValue is instance of com.topcoder.confluence.entities.ComponentType; 
Entering the method: createPage(String token, String pageName, String version,ConfluenceAssetType assetType, ConfluenceCatalog catalog, ComponentType componentType)
Parameters Info: parameter 1: parameterName is token/parameterValue is 8F0TANM2Um; parameter 2: parameterName is pageName/parameterValue is createPage; parameter 3: parameterName is version/parameterValue is 1; parameter 4: parameterName is assetType/parameterValue is instance of com.topcoder.confluence.entities.ConfluenceAssetType; parameter 5: parameterName is catalog/parameterValue is instance of com.topcoder.confluence.entities.ConfluenceCatalog; parameter 6: parameterName is componentType/parameterValue is instance of com.topcoder.confluence.entities.ComponentType; 
Entering the method: createPage(String token, String pageName, String version,ConfluenceAssetType assetType, ConfluenceCatalog catalog, ComponentType componentType)
Parameters Info: parameter 1: parameterName is token/parameterValue is 8F0TANM2Um; parameter 2: parameterName is pageName/parameterValue is createPage; parameter 3: parameterName is version/parameterValue is 1; parameter 4: parameterName is assetType/parameterValue is instance of com.topcoder.confluence.entities.ConfluenceAssetType; parameter 5: parameterName is catalog/parameterValue is instance of com.topcoder.confluence.entities.ConfluenceCatalog; parameter 6: parameterName is componentType/parameterValue is instance of com.topcoder.confluence.entities.ComponentType; 
Entering the method: createPage(String token, String pageName, String version,ConfluenceAssetType assetType, ConfluenceCatalog catalog, ComponentType componentType)
Parameters Info: parameter 1: parameterName is token/parameterValue is 8F0TANM2Um; parameter 2: parameterName is pageName/parameterValue is createPage; parameter 3: parameterName is version/parameterValue is 1; parameter 4: parameterName is assetType/parameterValue is instance of com.topcoder.confluence.entities.ConfluenceAssetType; parameter 5: parameterName is catalog/parameterValue is instance of com.topcoder.confluence.entities.ConfluenceCatalog; parameter 6: parameterName is componentType/parameterValue is instance of com.topcoder.confluence.entities.ComponentType; 
Entering the method: createPage(String token, String pageName, String version,ConfluenceAssetType assetType, ConfluenceCatalog catalog, ComponentType componentType)
Parameters Info: parameter 1: parameterName is token/parameterValue is 8F0TANM2Um; parameter 2: parameterName is pageName/parameterValue is createPage; parameter 3: parameterName is version/parameterValue is 1; parameter 4: parameterName is assetType/parameterValue is instance of com.topcoder.confluence.entities.ConfluenceAssetType; parameter 5: parameterName is catalog/parameterValue is instance of com.topcoder.confluence.entities.ConfluenceCatalog; parameter 6: parameterName is componentType/parameterValue is instance of com.topcoder.confluence.entities.ComponentType; 
Entering the method: createPage(String token, String pageName, String version,ConfluenceAssetType assetType, ConfluenceCatalog catalog, ComponentType componentType)
Parameters Info: parameter 1: parameterName is token/parameterValue is 8F0TANM2Um; parameter 2: parameterName is pageName/parameterValue is createPage; parameter 3: parameterName is version/parameterValue is 1; parameter 4: parameterName is assetType/parameterValue is instance of com.topcoder.confluence.entities.ConfluenceAssetType; parameter 5: parameterName is catalog/parameterValue is instance of com.topcoder.confluence.entities.ConfluenceCatalog; parameter 6: parameterName is componentType/parameterValue is instance of com.topcoder.confluence.entities.ComponentType; 
Entering the method: createPage(String token, String pageName, String version,ConfluenceAssetType assetType, ConfluenceCatalog catalog, ComponentType componentType)
Parameters Info: parameter 1: parameterName is token/parameterValue is 8F0TANM2Um; parameter 2: parameterName is pageName/parameterValue is createPage; parameter 3: parameterName is version/parameterValue is 1; parameter 4: parameterName is assetType/parameterValue is instance of com.topcoder.confluence.entities.ConfluenceAssetType; parameter 5: parameterName is catalog/parameterValue is instance of com.topcoder.confluence.entities.ConfluenceCatalog; parameter 6: parameterName is componentType/parameterValue is instance of com.topcoder.confluence.entities.ComponentType; 
Entering the method: createPage(String token, String pageName, String version,ConfluenceAssetType assetType, ConfluenceCatalog catalog, ComponentType componentType)
Parameters Info: parameter 1: parameterName is token/parameterValue is 8F0TANM2Um; parameter 2: parameterName is pageName/parameterValue is createPage; parameter 3: parameterName is version/parameterValue is 1; parameter 4: parameterName is assetType/parameterValue is instance of com.topcoder.confluence.entities.ConfluenceAssetType; parameter 5: parameterName is catalog/parameterValue is instance of com.topcoder.confluence.entities.ConfluenceCatalog; parameter 6: parameterName is componentType/parameterValue is instance of com.topcoder.confluence.entities.ComponentType; 
Entering the method: createPage(String token, String pageName, String version,ConfluenceAssetType assetType, ConfluenceCatalog catalog, ComponentType componentType)
Parameters Info: parameter 1: parameterName is token/parameterValue is 8F0TANM2Um; parameter 2: parameterName is pageName/parameterValue is createPage; parameter 3: parameterName is version/parameterValue is 1; parameter 4: parameterName is assetType/parameterValue is instance of com.topcoder.confluence.entities.ConfluenceAssetType; parameter 5: parameterName is catalog/parameterValue is instance of com.topcoder.confluence.entities.ConfluenceCatalog; parameter 6: parameterName is componentType/parameterValue is instance of com.topcoder.confluence.entities.ComponentType; 
Entering the method: createPage(String token, String pageName, String version,ConfluenceAssetType assetType, ConfluenceCatalog catalog, ComponentType componentType)
Parameters Info: parameter 1: parameterName is token/parameterValue is 8F0TANM2Um; parameter 2: parameterName is pageName/parameterValue is createPage; parameter 3: parameterName is version/parameterValue is 1; parameter 4: parameterName is assetType/parameterValue is instance of com.topcoder.confluence.entities.ConfluenceAssetType; parameter 5: parameterName is catalog/parameterValue is instance of com.topcoder.confluence.entities.ConfluenceCatalog; parameter 6: parameterName is componentType/parameterValue is instance of com.topcoder.confluence.entities.ComponentType; 
Entering the method: createPage(String token, String pageName, String version,ConfluenceAssetType assetType, ConfluenceCatalog catalog, ComponentType componentType)
Parameters Info: parameter 1: parameterName is token/parameterValue is 8F0TANM2Um; parameter 2: parameterName is pageName/parameterValue is createPage; parameter 3: parameterName is version/parameterValue is 1; parameter 4: parameterName is assetType/parameterValue is instance of com.topcoder.confluence.entities.ConfluenceAssetType; parameter 5: parameterName is catalog/parameterValue is instance of com.topcoder.confluence.entities.ConfluenceCatalog; parameter 6: parameterName is componentType/parameterValue is instance of com.topcoder.confluence.entities.ComponentType; 
Entering the method: createPage(String token, String pageName, String version,ConfluenceAssetType assetType, ConfluenceCatalog catalog, ComponentType componentType)
Parameters Info: parameter 1: parameterName is token/parameterValue is 8F0TANM2Um; parameter 2: parameterName is pageName/parameterValue is createPage; parameter 3: parameterName is version/parameterValue is 1; parameter 4: parameterName is assetType/parameterValue is instance of com.topcoder.confluence.entities.ConfluenceAssetType; parameter 5: parameterName is catalog/parameterValue is instance of com.topcoder.confluence.entities.ConfluenceCatalog; parameter 6: parameterName is componentType/parameterValue is instance of com.topcoder.confluence.entities.ComponentType; 
Entering the method: createPage(String token, String pageName, String version,ConfluenceAssetType assetType, ConfluenceCatalog catalog, ComponentType componentType)
Parameters Info: parameter 1: parameterName is token/parameterValue is 8F0TANM2Um; parameter 2: parameterName is pageName/parameterValue is createPage; parameter 3: parameterName is version/parameterValue is 1; parameter 4: parameterName is assetType/parameterValue is instance of com.topcoder.confluence.entities.ConfluenceAssetType; parameter 5: parameterName is catalog/parameterValue is instance of com.topcoder.confluence.entities.ConfluenceCatalog; parameter 6: parameterName is componentType/parameterValue is instance of com.topcoder.confluence.entities.ComponentType; 
Entering the method: createPage(String token, String pageName, String version,ConfluenceAssetType assetType, ConfluenceCatalog catalog, ComponentType componentType)
Parameters Info: parameter 1: parameterName is token/parameterValue is 8F0TANM2Um; parameter 2: parameterName is pageName/parameterValue is createPage; parameter 3: parameterName is version/parameterValue is 1; parameter 4: parameterName is assetType/parameterValue is instance of com.topcoder.confluence.entities.ConfluenceAssetType; parameter 5: parameterName is catalog/parameterValue is instance of com.topcoder.confluence.entities.ConfluenceCatalog; parameter 6: parameterName is componentType/parameterValue is instance of com.topcoder.confluence.entities.ComponentType; 
Entering the method: createPage(String token, String pageName, String version,ConfluenceAssetType assetType, ConfluenceCatalog catalog, ComponentType componentType)
Parameters Info: parameter 1: parameterName is token/parameterValue is 8F0TANM2Um; parameter 2: parameterName is pageName/parameterValue is createPage; parameter 3: parameterName is version/parameterValue is 1; parameter 4: parameterName is assetType/parameterValue is instance of com.topcoder.confluence.entities.ConfluenceAssetType; parameter 5: parameterName is catalog/parameterValue is instance of com.topcoder.confluence.entities.ConfluenceCatalog; parameter 6: parameterName is componentType/parameterValue is instance of com.topcoder.confluence.entities.ComponentType; 
Entering the method: createPage(String token, String pageName, String version,ConfluenceAssetType assetType, ConfluenceCatalog catalog, ComponentType componentType)
Parameters Info: parameter 1: parameterName is token/parameterValue is 8F0TANM2Um; parameter 2: parameterName is pageName/parameterValue is createPage; parameter 3: parameterName is version/parameterValue is 1; parameter 4: parameterName is assetType/parameterValue is instance of com.topcoder.confluence.entities.ConfluenceAssetType; parameter 5: parameterName is catalog/parameterValue is instance of com.topcoder.confluence.entities.ConfluenceCatalog; parameter 6: parameterName is componentType/parameterValue is instance of com.topcoder.confluence.entities.ComponentType; 
Entering the method: createPage(String token, String pageName, String version,ConfluenceAssetType assetType, ConfluenceCatalog catalog, ComponentType componentType)
Parameters Info: parameter 1: parameterName is token/parameterValue is 8F0TANM2Um; parameter 2: parameterName is pageName/parameterValue is createPage; parameter 3: parameterName is version/parameterValue is 1; parameter 4: parameterName is assetType/parameterValue is instance of com.topcoder.confluence.entities.ConfluenceAssetType; parameter 5: parameterName is catalog/parameterValue is instance of com.topcoder.confluence.entities.ConfluenceCatalog; parameter 6: parameterName is componentType/parameterValue is instance of com.topcoder.confluence.entities.ComponentType; 
calling createPage_1 cost 2.672 seconds
Entering the method: login(String userName, String password)
Parameters Info: parameter 1: parameterName is userName/parameterValue is tcsdeveloper; parameter 2: parameterName is password/parameterValue is TCSDEVELOPER; 
Entering the method: createPage(String token, String pageName, String version, ConfluenceAssetType assetType, ConfluenceCatalog catalog, String applicationCode)
Parameters Info: parameter 1: parameterName is token/parameterValue is nt4139w22d; parameter 2: parameterName is pageName/parameterValue is createPage_2; parameter 3: parameterName is version/parameterValue is 2; parameter 4: parameterName is assetType/parameterValue is instance of com.topcoder.confluence.entities.ConfluenceAssetType; parameter 5: parameterName is catalog/parameterValue is instance of com.topcoder.confluence.entities.ConfluenceCatalog; parameter 6: parameterName is applicationCode/parameterValue is applicationCode; 
Entering the method: createPage(String token, String pageName, String version, ConfluenceAssetType assetType, ConfluenceCatalog catalog, String applicationCode)
Parameters Info: parameter 1: parameterName is token/parameterValue is nt4139w22d; parameter 2: parameterName is pageName/parameterValue is createPage_2; parameter 3: parameterName is version/parameterValue is 2; parameter 4: parameterName is assetType/parameterValue is instance of com.topcoder.confluence.entities.ConfluenceAssetType; parameter 5: parameterName is catalog/parameterValue is instance of com.topcoder.confluence.entities.ConfluenceCatalog; parameter 6: parameterName is applicationCode/parameterValue is applicationCode; 
Entering the method: createPage(String token, String pageName, String version, ConfluenceAssetType assetType, ConfluenceCatalog catalog, String applicationCode)
Parameters Info: parameter 1: parameterName is token/parameterValue is nt4139w22d; parameter 2: parameterName is pageName/parameterValue is createPage_2; parameter 3: parameterName is version/parameterValue is 2; parameter 4: parameterName is assetType/parameterValue is instance of com.topcoder.confluence.entities.ConfluenceAssetType; parameter 5: parameterName is catalog/parameterValue is instance of com.topcoder.confluence.entities.ConfluenceCatalog; parameter 6: parameterName is applicationCode/parameterValue is applicationCode; 
Entering the method: createPage(String token, String pageName, String version, ConfluenceAssetType assetType, ConfluenceCatalog catalog, String applicationCode)
Parameters Info: parameter 1: parameterName is token/parameterValue is nt4139w22d; parameter 2: parameterName is pageName/parameterValue is createPage_2; parameter 3: parameterName is version/parameterValue is 2; parameter 4: parameterName is assetType/parameterValue is instance of com.topcoder.confluence.entities.ConfluenceAssetType; parameter 5: parameterName is catalog/parameterValue is instance of com.topcoder.confluence.entities.ConfluenceCatalog; parameter 6: parameterName is applicationCode/parameterValue is applicationCode; 
Entering the method: createPage(String token, String pageName, String version, ConfluenceAssetType assetType, ConfluenceCatalog catalog, String applicationCode)
Parameters Info: parameter 1: parameterName is token/parameterValue is nt4139w22d; parameter 2: parameterName is pageName/parameterValue is createPage_2; parameter 3: parameterName is version/parameterValue is 2; parameter 4: parameterName is assetType/parameterValue is instance of com.topcoder.confluence.entities.ConfluenceAssetType; parameter 5: parameterName is catalog/parameterValue is instance of com.topcoder.confluence.entities.ConfluenceCatalog; parameter 6: parameterName is applicationCode/parameterValue is applicationCode; 
Entering the method: createPage(String token, String pageName, String version, ConfluenceAssetType assetType, ConfluenceCatalog catalog, String applicationCode)
Parameters Info: parameter 1: parameterName is token/parameterValue is nt4139w22d; parameter 2: parameterName is pageName/parameterValue is createPage_2; parameter 3: parameterName is version/parameterValue is 2; parameter 4: parameterName is assetType/parameterValue is instance of com.topcoder.confluence.entities.ConfluenceAssetType; parameter 5: parameterName is catalog/parameterValue is instance of com.topcoder.confluence.entities.ConfluenceCatalog; parameter 6: parameterName is applicationCode/parameterValue is applicationCode; 
Entering the method: createPage(String token, String pageName, String version, ConfluenceAssetType assetType, ConfluenceCatalog catalog, String applicationCode)
Parameters Info: parameter 1: parameterName is token/parameterValue is nt4139w22d; parameter 2: parameterName is pageName/parameterValue is createPage_2; parameter 3: parameterName is version/parameterValue is 2; parameter 4: parameterName is assetType/parameterValue is instance of com.topcoder.confluence.entities.ConfluenceAssetType; parameter 5: parameterName is catalog/parameterValue is instance of com.topcoder.confluence.entities.ConfluenceCatalog; parameter 6: parameterName is applicationCode/parameterValue is applicationCode; 
Entering the method: createPage(String token, String pageName, String version, ConfluenceAssetType assetType, ConfluenceCatalog catalog, String applicationCode)
Parameters Info: parameter 1: parameterName is token/parameterValue is nt4139w22d; parameter 2: parameterName is pageName/parameterValue is createPage_2; parameter 3: parameterName is version/parameterValue is 2; parameter 4: parameterName is assetType/parameterValue is instance of com.topcoder.confluence.entities.ConfluenceAssetType; parameter 5: parameterName is catalog/parameterValue is instance of com.topcoder.confluence.entities.ConfluenceCatalog; parameter 6: parameterName is applicationCode/parameterValue is applicationCode; 
Entering the method: createPage(String token, String pageName, String version, ConfluenceAssetType assetType, ConfluenceCatalog catalog, String applicationCode)
Parameters Info: parameter 1: parameterName is token/parameterValue is nt4139w22d; parameter 2: parameterName is pageName/parameterValue is createPage_2; parameter 3: parameterName is version/parameterValue is 2; parameter 4: parameterName is assetType/parameterValue is instance of com.topcoder.confluence.entities.ConfluenceAssetType; parameter 5: parameterName is catalog/parameterValue is instance of com.topcoder.confluence.entities.ConfluenceCatalog; parameter 6: parameterName is applicationCode/parameterValue is applicationCode; 
Entering the method: createPage(String token, String pageName, String version, ConfluenceAssetType assetType, ConfluenceCatalog catalog, String applicationCode)
Parameters Info: parameter 1: parameterName is token/parameterValue is nt4139w22d; parameter 2: parameterName is pageName/parameterValue is createPage_2; parameter 3: parameterName is version/parameterValue is 2; parameter 4: parameterName is assetType/parameterValue is instance of com.topcoder.confluence.entities.ConfluenceAssetType; parameter 5: parameterName is catalog/parameterValue is instance of com.topcoder.confluence.entities.ConfluenceCatalog; parameter 6: parameterName is applicationCode/parameterValue is applicationCode; 
Entering the method: createPage(String token, String pageName, String version, ConfluenceAssetType assetType, ConfluenceCatalog catalog, String applicationCode)
Parameters Info: parameter 1: parameterName is token/parameterValue is nt4139w22d; parameter 2: parameterName is pageName/parameterValue is createPage_2; parameter 3: parameterName is version/parameterValue is 2; parameter 4: parameterName is assetType/parameterValue is instance of com.topcoder.confluence.entities.ConfluenceAssetType; parameter 5: parameterName is catalog/parameterValue is instance of com.topcoder.confluence.entities.ConfluenceCatalog; parameter 6: parameterName is applicationCode/parameterValue is applicationCode; 
Entering the method: createPage(String token, String pageName, String version, ConfluenceAssetType assetType, ConfluenceCatalog catalog, String applicationCode)
Parameters Info: parameter 1: parameterName is token/parameterValue is nt4139w22d; parameter 2: parameterName is pageName/parameterValue is createPage_2; parameter 3: parameterName is version/parameterValue is 2; parameter 4: parameterName is assetType/parameterValue is instance of com.topcoder.confluence.entities.ConfluenceAssetType; parameter 5: parameterName is catalog/parameterValue is instance of com.topcoder.confluence.entities.ConfluenceCatalog; parameter 6: parameterName is applicationCode/parameterValue is applicationCode; 
Entering the method: createPage(String token, String pageName, String version, ConfluenceAssetType assetType, ConfluenceCatalog catalog, String applicationCode)
Parameters Info: parameter 1: parameterName is token/parameterValue is nt4139w22d; parameter 2: parameterName is pageName/parameterValue is createPage_2; parameter 3: parameterName is version/parameterValue is 2; parameter 4: parameterName is assetType/parameterValue is instance of com.topcoder.confluence.entities.ConfluenceAssetType; parameter 5: parameterName is catalog/parameterValue is instance of com.topcoder.confluence.entities.ConfluenceCatalog; parameter 6: parameterName is applicationCode/parameterValue is applicationCode; 
Entering the method: createPage(String token, String pageName, String version, ConfluenceAssetType assetType, ConfluenceCatalog catalog, String applicationCode)
Parameters Info: parameter 1: parameterName is token/parameterValue is nt4139w22d; parameter 2: parameterName is pageName/parameterValue is createPage_2; parameter 3: parameterName is version/parameterValue is 2; parameter 4: parameterName is assetType/parameterValue is instance of com.topcoder.confluence.entities.ConfluenceAssetType; parameter 5: parameterName is catalog/parameterValue is instance of com.topcoder.confluence.entities.ConfluenceCatalog; parameter 6: parameterName is applicationCode/parameterValue is applicationCode; 
Entering the method: createPage(String token, String pageName, String version, ConfluenceAssetType assetType, ConfluenceCatalog catalog, String applicationCode)
Parameters Info: parameter 1: parameterName is token/parameterValue is nt4139w22d; parameter 2: parameterName is pageName/parameterValue is createPage_2; parameter 3: parameterName is version/parameterValue is 2; parameter 4: parameterName is assetType/parameterValue is instance of com.topcoder.confluence.entities.ConfluenceAssetType; parameter 5: parameterName is catalog/parameterValue is instance of com.topcoder.confluence.entities.ConfluenceCatalog; parameter 6: parameterName is applicationCode/parameterValue is applicationCode; 
Entering the method: createPage(String token, String pageName, String version, ConfluenceAssetType assetType, ConfluenceCatalog catalog, String applicationCode)
Parameters Info: parameter 1: parameterName is token/parameterValue is nt4139w22d; parameter 2: parameterName is pageName/parameterValue is createPage_2; parameter 3: parameterName is version/parameterValue is 2; parameter 4: parameterName is assetType/parameterValue is instance of com.topcoder.confluence.entities.ConfluenceAssetType; parameter 5: parameterName is catalog/parameterValue is instance of com.topcoder.confluence.entities.ConfluenceCatalog; parameter 6: parameterName is applicationCode/parameterValue is applicationCode; 
Entering the method: createPage(String token, String pageName, String version, ConfluenceAssetType assetType, ConfluenceCatalog catalog, String applicationCode)
Parameters Info: parameter 1: parameterName is token/parameterValue is nt4139w22d; parameter 2: parameterName is pageName/parameterValue is createPage_2; parameter 3: parameterName is version/parameterValue is 2; parameter 4: parameterName is assetType/parameterValue is instance of com.topcoder.confluence.entities.ConfluenceAssetType; parameter 5: parameterName is catalog/parameterValue is instance of com.topcoder.confluence.entities.ConfluenceCatalog; parameter 6: parameterName is applicationCode/parameterValue is applicationCode; 
Entering the method: createPage(String token, String pageName, String version, ConfluenceAssetType assetType, ConfluenceCatalog catalog, String applicationCode)
Parameters Info: parameter 1: parameterName is token/parameterValue is nt4139w22d; parameter 2: parameterName is pageName/parameterValue is createPage_2; parameter 3: parameterName is version/parameterValue is 2; parameter 4: parameterName is assetType/parameterValue is instance of com.topcoder.confluence.entities.ConfluenceAssetType; parameter 5: parameterName is catalog/parameterValue is instance of com.topcoder.confluence.entities.ConfluenceCatalog; parameter 6: parameterName is applicationCode/parameterValue is applicationCode; 
Entering the method: createPage(String token, String pageName, String version, ConfluenceAssetType assetType, ConfluenceCatalog catalog, String applicationCode)
Parameters Info: parameter 1: parameterName is token/parameterValue is nt4139w22d; parameter 2: parameterName is pageName/parameterValue is createPage_2; parameter 3: parameterName is version/parameterValue is 2; parameter 4: parameterName is assetType/parameterValue is instance of com.topcoder.confluence.entities.ConfluenceAssetType; parameter 5: parameterName is catalog/parameterValue is instance of com.topcoder.confluence.entities.ConfluenceCatalog; parameter 6: parameterName is applicationCode/parameterValue is applicationCode; 
Entering the method: createPage(String token, String pageName, String version, ConfluenceAssetType assetType, ConfluenceCatalog catalog, String applicationCode)
Parameters Info: parameter 1: parameterName is token/parameterValue is nt4139w22d; parameter 2: parameterName is pageName/parameterValue is createPage_2; parameter 3: parameterName is version/parameterValue is 2; parameter 4: parameterName is assetType/parameterValue is instance of com.topcoder.confluence.entities.ConfluenceAssetType; parameter 5: parameterName is catalog/parameterValue is instance of com.topcoder.confluence.entities.ConfluenceCatalog; parameter 6: parameterName is applicationCode/parameterValue is applicationCode; 
Entering the method: createPage(String token, String pageName, String version, ConfluenceAssetType assetType, ConfluenceCatalog catalog, String applicationCode)
Parameters Info: parameter 1: parameterName is token/parameterValue is nt4139w22d; parameter 2: parameterName is pageName/parameterValue is createPage_2; parameter 3: parameterName is version/parameterValue is 2; parameter 4: parameterName is assetType/parameterValue is instance of com.topcoder.confluence.entities.ConfluenceAssetType; parameter 5: parameterName is catalog/parameterValue is instance of com.topcoder.confluence.entities.ConfluenceCatalog; parameter 6: parameterName is applicationCode/parameterValue is applicationCode; 
Entering the method: createPage(String token, String pageName, String version, ConfluenceAssetType assetType, ConfluenceCatalog catalog, String applicationCode)
Parameters Info: parameter 1: parameterName is token/parameterValue is nt4139w22d; parameter 2: parameterName is pageName/parameterValue is createPage_2; parameter 3: parameterName is version/parameterValue is 2; parameter 4: parameterName is assetType/parameterValue is instance of com.topcoder.confluence.entities.ConfluenceAssetType; parameter 5: parameterName is catalog/parameterValue is instance of com.topcoder.confluence.entities.ConfluenceCatalog; parameter 6: parameterName is applicationCode/parameterValue is applicationCode; 
Entering the method: createPage(String token, String pageName, String version, ConfluenceAssetType assetType, ConfluenceCatalog catalog, String applicationCode)
Parameters Info: parameter 1: parameterName is token/parameterValue is nt4139w22d; parameter 2: parameterName is pageName/parameterValue is createPage_2; parameter 3: parameterName is version/parameterValue is 2; parameter 4: parameterName is assetType/parameterValue is instance of com.topcoder.confluence.entities.ConfluenceAssetType; parameter 5: parameterName is catalog/parameterValue is instance of com.topcoder.confluence.entities.ConfluenceCatalog; parameter 6: parameterName is applicationCode/parameterValue is applicationCode; 
Entering the method: createPage(String token, String pageName, String version, ConfluenceAssetType assetType, ConfluenceCatalog catalog, String applicationCode)
Parameters Info: parameter 1: parameterName is token/parameterValue is nt4139w22d; parameter 2: parameterName is pageName/parameterValue is createPage_2; parameter 3: parameterName is version/parameterValue is 2; parameter 4: parameterName is assetType/parameterValue is instance of com.topcoder.confluence.entities.ConfluenceAssetType; parameter 5: parameterName is catalog/parameterValue is instance of com.topcoder.confluence.entities.ConfluenceCatalog; parameter 6: parameterName is applicationCode/parameterValue is applicationCode; 
Entering the method: createPage(String token, String pageName, String version, ConfluenceAssetType assetType, ConfluenceCatalog catalog, String applicationCode)
Parameters Info: parameter 1: parameterName is token/parameterValue is nt4139w22d; parameter 2: parameterName is pageName/parameterValue is createPage_2; parameter 3: parameterName is version/parameterValue is 2; parameter 4: parameterName is assetType/parameterValue is instance of com.topcoder.confluence.entities.ConfluenceAssetType; parameter 5: parameterName is catalog/parameterValue is instance of com.topcoder.confluence.entities.ConfluenceCatalog; parameter 6: parameterName is applicationCode/parameterValue is applicationCode; 
Entering the method: createPage(String token, String pageName, String version, ConfluenceAssetType assetType, ConfluenceCatalog catalog, String applicationCode)
Parameters Info: parameter 1: parameterName is token/parameterValue is nt4139w22d; parameter 2: parameterName is pageName/parameterValue is createPage_2; parameter 3: parameterName is version/parameterValue is 2; parameter 4: parameterName is assetType/parameterValue is instance of com.topcoder.confluence.entities.ConfluenceAssetType; parameter 5: parameterName is catalog/parameterValue is instance of com.topcoder.confluence.entities.ConfluenceCatalog; parameter 6: parameterName is applicationCode/parameterValue is applicationCode; 
Entering the method: createPage(String token, String pageName, String version, ConfluenceAssetType assetType, ConfluenceCatalog catalog, String applicationCode)
Parameters Info: parameter 1: parameterName is token/parameterValue is nt4139w22d; parameter 2: parameterName is pageName/parameterValue is createPage_2; parameter 3: parameterName is version/parameterValue is 2; parameter 4: parameterName is assetType/parameterValue is instance of com.topcoder.confluence.entities.ConfluenceAssetType; parameter 5: parameterName is catalog/parameterValue is instance of com.topcoder.confluence.entities.ConfluenceCatalog; parameter 6: parameterName is applicationCode/parameterValue is applicationCode; 
Entering the method: createPage(String token, String pageName, String version, ConfluenceAssetType assetType, ConfluenceCatalog catalog, String applicationCode)
Parameters Info: parameter 1: parameterName is token/parameterValue is nt4139w22d; parameter 2: parameterName is pageName/parameterValue is createPage_2; parameter 3: parameterName is version/parameterValue is 2; parameter 4: parameterName is assetType/parameterValue is instance of com.topcoder.confluence.entities.ConfluenceAssetType; parameter 5: parameterName is catalog/parameterValue is instance of com.topcoder.confluence.entities.ConfluenceCatalog; parameter 6: parameterName is applicationCode/parameterValue is applicationCode; 
Entering the method: createPage(String token, String pageName, String version, ConfluenceAssetType assetType, ConfluenceCatalog catalog, String applicationCode)
Parameters Info: parameter 1: parameterName is token/parameterValue is nt4139w22d; parameter 2: parameterName is pageName/parameterValue is createPage_2; parameter 3: parameterName is version/parameterValue is 2; parameter 4: parameterName is assetType/parameterValue is instance of com.topcoder.confluence.entities.ConfluenceAssetType; parameter 5: parameterName is catalog/parameterValue is instance of com.topcoder.confluence.entities.ConfluenceCatalog; parameter 6: parameterName is applicationCode/parameterValue is applicationCode; 
Entering the method: createPage(String token, String pageName, String version, ConfluenceAssetType assetType, ConfluenceCatalog catalog, String applicationCode)
Parameters Info: parameter 1: parameterName is token/parameterValue is nt4139w22d; parameter 2: parameterName is pageName/parameterValue is createPage_2; parameter 3: parameterName is version/parameterValue is 2; parameter 4: parameterName is assetType/parameterValue is instance of com.topcoder.confluence.entities.ConfluenceAssetType; parameter 5: parameterName is catalog/parameterValue is instance of com.topcoder.confluence.entities.ConfluenceCatalog; parameter 6: parameterName is applicationCode/parameterValue is applicationCode; 
Entering the method: createPage(String token, String pageName, String version, ConfluenceAssetType assetType, ConfluenceCatalog catalog, String applicationCode)
Parameters Info: parameter 1: parameterName is token/parameterValue is nt4139w22d; parameter 2: parameterName is pageName/parameterValue is createPage_2; parameter 3: parameterName is version/parameterValue is 2; parameter 4: parameterName is assetType/parameterValue is instance of com.topcoder.confluence.entities.ConfluenceAssetType; parameter 5: parameterName is catalog/parameterValue is instance of com.topcoder.confluence.entities.ConfluenceCatalog; parameter 6: parameterName is applicationCode/parameterValue is applicationCode; 
Entering the method: createPage(String token, String pageName, String version, ConfluenceAssetType assetType, ConfluenceCatalog catalog, String applicationCode)
Parameters Info: parameter 1: parameterName is token/parameterValue is nt4139w22d; parameter 2: parameterName is pageName/parameterValue is createPage_2; parameter 3: parameterName is version/parameterValue is 2; parameter 4: parameterName is assetType/parameterValue is instance of com.topcoder.confluence.entities.ConfluenceAssetType; parameter 5: parameterName is catalog/parameterValue is instance of com.topcoder.confluence.entities.ConfluenceCatalog; parameter 6: parameterName is applicationCode/parameterValue is applicationCode; 
Entering the method: createPage(String token, String pageName, String version, ConfluenceAssetType assetType, ConfluenceCatalog catalog, String applicationCode)
Parameters Info: parameter 1: parameterName is token/parameterValue is nt4139w22d; parameter 2: parameterName is pageName/parameterValue is createPage_2; parameter 3: parameterName is version/parameterValue is 2; parameter 4: parameterName is assetType/parameterValue is instance of com.topcoder.confluence.entities.ConfluenceAssetType; parameter 5: parameterName is catalog/parameterValue is instance of com.topcoder.confluence.entities.ConfluenceCatalog; parameter 6: parameterName is applicationCode/parameterValue is applicationCode; 
Entering the method: createPage(String token, String pageName, String version, ConfluenceAssetType assetType, ConfluenceCatalog catalog, String applicationCode)
Parameters Info: parameter 1: parameterName is token/parameterValue is nt4139w22d; parameter 2: parameterName is pageName/parameterValue is createPage_2; parameter 3: parameterName is version/parameterValue is 2; parameter 4: parameterName is assetType/parameterValue is instance of com.topcoder.confluence.entities.ConfluenceAssetType; parameter 5: parameterName is catalog/parameterValue is instance of com.topcoder.confluence.entities.ConfluenceCatalog; parameter 6: parameterName is applicationCode/parameterValue is applicationCode; 
Entering the method: createPage(String token, String pageName, String version, ConfluenceAssetType assetType, ConfluenceCatalog catalog, String applicationCode)
Parameters Info: parameter 1: parameterName is token/parameterValue is nt4139w22d; parameter 2: parameterName is pageName/parameterValue is createPage_2; parameter 3: parameterName is version/parameterValue is 2; parameter 4: parameterName is assetType/parameterValue is instance of com.topcoder.confluence.entities.ConfluenceAssetType; parameter 5: parameterName is catalog/parameterValue is instance of com.topcoder.confluence.entities.ConfluenceCatalog; parameter 6: parameterName is applicationCode/parameterValue is applicationCode; 
Entering the method: createPage(String token, String pageName, String version, ConfluenceAssetType assetType, ConfluenceCatalog catalog, String applicationCode)
Parameters Info: parameter 1: parameterName is token/parameterValue is nt4139w22d; parameter 2: parameterName is pageName/parameterValue is createPage_2; parameter 3: parameterName is version/parameterValue is 2; parameter 4: parameterName is assetType/parameterValue is instance of com.topcoder.confluence.entities.ConfluenceAssetType; parameter 5: parameterName is catalog/parameterValue is instance of com.topcoder.confluence.entities.ConfluenceCatalog; parameter 6: parameterName is applicationCode/parameterValue is applicationCode; 
Entering the method: createPage(String token, String pageName, String version, ConfluenceAssetType assetType, ConfluenceCatalog catalog, String applicationCode)
Parameters Info: parameter 1: parameterName is token/parameterValue is nt4139w22d; parameter 2: parameterName is pageName/parameterValue is createPage_2; parameter 3: parameterName is version/parameterValue is 2; parameter 4: parameterName is assetType/parameterValue is instance of com.topcoder.confluence.entities.ConfluenceAssetType; parameter 5: parameterName is catalog/parameterValue is instance of com.topcoder.confluence.entities.ConfluenceCatalog; parameter 6: parameterName is applicationCode/parameterValue is applicationCode; 
Entering the method: createPage(String token, String pageName, String version, ConfluenceAssetType assetType, ConfluenceCatalog catalog, String applicationCode)
Parameters Info: parameter 1: parameterName is token/parameterValue is nt4139w22d; parameter 2: parameterName is pageName/parameterValue is createPage_2; parameter 3: parameterName is version/parameterValue is 2; parameter 4: parameterName is assetType/parameterValue is instance of com.topcoder.confluence.entities.ConfluenceAssetType; parameter 5: parameterName is catalog/parameterValue is instance of com.topcoder.confluence.entities.ConfluenceCatalog; parameter 6: parameterName is applicationCode/parameterValue is applicationCode; 
Entering the method: createPage(String token, String pageName, String version, ConfluenceAssetType assetType, ConfluenceCatalog catalog, String applicationCode)
Parameters Info: parameter 1: parameterName is token/parameterValue is nt4139w22d; parameter 2: parameterName is pageName/parameterValue is createPage_2; parameter 3: parameterName is version/parameterValue is 2; parameter 4: parameterName is assetType/parameterValue is instance of com.topcoder.confluence.entities.ConfluenceAssetType; parameter 5: parameterName is catalog/parameterValue is instance of com.topcoder.confluence.entities.ConfluenceCatalog; parameter 6: parameterName is applicationCode/parameterValue is applicationCode; 
Entering the method: createPage(String token, String pageName, String version, ConfluenceAssetType assetType, ConfluenceCatalog catalog, String applicationCode)
Parameters Info: parameter 1: parameterName is token/parameterValue is nt4139w22d; parameter 2: parameterName is pageName/parameterValue is createPage_2; parameter 3: parameterName is version/parameterValue is 2; parameter 4: parameterName is assetType/parameterValue is instance of com.topcoder.confluence.entities.ConfluenceAssetType; parameter 5: parameterName is catalog/parameterValue is instance of com.topcoder.confluence.entities.ConfluenceCatalog; parameter 6: parameterName is applicationCode/parameterValue is applicationCode; 
Entering the method: createPage(String token, String pageName, String version, ConfluenceAssetType assetType, ConfluenceCatalog catalog, String applicationCode)
Parameters Info: parameter 1: parameterName is token/parameterValue is nt4139w22d; parameter 2: parameterName is pageName/parameterValue is createPage_2; parameter 3: parameterName is version/parameterValue is 2; parameter 4: parameterName is assetType/parameterValue is instance of com.topcoder.confluence.entities.ConfluenceAssetType; parameter 5: parameterName is catalog/parameterValue is instance of com.topcoder.confluence.entities.ConfluenceCatalog; parameter 6: parameterName is applicationCode/parameterValue is applicationCode; 
Entering the method: createPage(String token, String pageName, String version, ConfluenceAssetType assetType, ConfluenceCatalog catalog, String applicationCode)
Parameters Info: parameter 1: parameterName is token/parameterValue is nt4139w22d; parameter 2: parameterName is pageName/parameterValue is createPage_2; parameter 3: parameterName is version/parameterValue is 2; parameter 4: parameterName is assetType/parameterValue is instance of com.topcoder.confluence.entities.ConfluenceAssetType; parameter 5: parameterName is catalog/parameterValue is instance of com.topcoder.confluence.entities.ConfluenceCatalog; parameter 6: parameterName is applicationCode/parameterValue is applicationCode; 
Entering the method: createPage(String token, String pageName, String version, ConfluenceAssetType assetType, ConfluenceCatalog catalog, String applicationCode)
Parameters Info: parameter 1: parameterName is token/parameterValue is nt4139w22d; parameter 2: parameterName is pageName/parameterValue is createPage_2; parameter 3: parameterName is version/parameterValue is 2; parameter 4: parameterName is assetType/parameterValue is instance of com.topcoder.confluence.entities.ConfluenceAssetType; parameter 5: parameterName is catalog/parameterValue is instance of com.topcoder.confluence.entities.ConfluenceCatalog; parameter 6: parameterName is applicationCode/parameterValue is applicationCode; 
Entering the method: createPage(String token, String pageName, String version, ConfluenceAssetType assetType, ConfluenceCatalog catalog, String applicationCode)
Parameters Info: parameter 1: parameterName is token/parameterValue is nt4139w22d; parameter 2: parameterName is pageName/parameterValue is createPage_2; parameter 3: parameterName is version/parameterValue is 2; parameter 4: parameterName is assetType/parameterValue is instance of com.topcoder.confluence.entities.ConfluenceAssetType; parameter 5: parameterName is catalog/parameterValue is instance of com.topcoder.confluence.entities.ConfluenceCatalog; parameter 6: parameterName is applicationCode/parameterValue is applicationCode; 
Entering the method: createPage(String token, String pageName, String version, ConfluenceAssetType assetType, ConfluenceCatalog catalog, String applicationCode)
Parameters Info: parameter 1: parameterName is token/parameterValue is nt4139w22d; parameter 2: parameterName is pageName/parameterValue is createPage_2; parameter 3: parameterName is version/parameterValue is 2; parameter 4: parameterName is assetType/parameterValue is instance of com.topcoder.confluence.entities.ConfluenceAssetType; parameter 5: parameterName is catalog/parameterValue is instance of com.topcoder.confluence.entities.ConfluenceCatalog; parameter 6: parameterName is applicationCode/parameterValue is applicationCode; 
Entering the method: createPage(String token, String pageName, String version, ConfluenceAssetType assetType, ConfluenceCatalog catalog, String applicationCode)
Parameters Info: parameter 1: parameterName is token/parameterValue is nt4139w22d; parameter 2: parameterName is pageName/parameterValue is createPage_2; parameter 3: parameterName is version/parameterValue is 2; parameter 4: parameterName is assetType/parameterValue is instance of com.topcoder.confluence.entities.ConfluenceAssetType; parameter 5: parameterName is catalog/parameterValue is instance of com.topcoder.confluence.entities.ConfluenceCatalog; parameter 6: parameterName is applicationCode/parameterValue is applicationCode; 
Entering the method: createPage(String token, String pageName, String version, ConfluenceAssetType assetType, ConfluenceCatalog catalog, String applicationCode)
Parameters Info: parameter 1: parameterName is token/parameterValue is nt4139w22d; parameter 2: parameterName is pageName/parameterValue is createPage_2; parameter 3: parameterName is version/parameterValue is 2; parameter 4: parameterName is assetType/parameterValue is instance of com.topcoder.confluence.entities.ConfluenceAssetType; parameter 5: parameterName is catalog/parameterValue is instance of com.topcoder.confluence.entities.ConfluenceCatalog; parameter 6: parameterName is applicationCode/parameterValue is applicationCode; 
Entering the method: createPage(String token, String pageName, String version, ConfluenceAssetType assetType, ConfluenceCatalog catalog, String applicationCode)
Parameters Info: parameter 1: parameterName is token/parameterValue is nt4139w22d; parameter 2: parameterName is pageName/parameterValue is createPage_2; parameter 3: parameterName is version/parameterValue is 2; parameter 4: parameterName is assetType/parameterValue is instance of com.topcoder.confluence.entities.ConfluenceAssetType; parameter 5: parameterName is catalog/parameterValue is instance of com.topcoder.confluence.entities.ConfluenceCatalog; parameter 6: parameterName is applicationCode/parameterValue is applicationCode; 
Entering the method: createPage(String token, String pageName, String version, ConfluenceAssetType assetType, ConfluenceCatalog catalog, String applicationCode)
Parameters Info: parameter 1: parameterName is token/parameterValue is nt4139w22d; parameter 2: parameterName is pageName/parameterValue is createPage_2; parameter 3: parameterName is version/parameterValue is 2; parameter 4: parameterName is assetType/parameterValue is instance of com.topcoder.confluence.entities.ConfluenceAssetType; parameter 5: parameterName is catalog/parameterValue is instance of com.topcoder.confluence.entities.ConfluenceCatalog; parameter 6: parameterName is applicationCode/parameterValue is applicationCode; 
Entering the method: createPage(String token, String pageName, String version, ConfluenceAssetType assetType, ConfluenceCatalog catalog, String applicationCode)
Parameters Info: parameter 1: parameterName is token/parameterValue is nt4139w22d; parameter 2: parameterName is pageName/parameterValue is createPage_2; parameter 3: parameterName is version/parameterValue is 2; parameter 4: parameterName is assetType/parameterValue is instance of com.topcoder.confluence.entities.ConfluenceAssetType; parameter 5: parameterName is catalog/parameterValue is instance of com.topcoder.confluence.entities.ConfluenceCatalog; parameter 6: parameterName is applicationCode/parameterValue is applicationCode; 
Entering the method: createPage(String token, String pageName, String version, ConfluenceAssetType assetType, ConfluenceCatalog catalog, String applicationCode)
Parameters Info: parameter 1: parameterName is token/parameterValue is nt4139w22d; parameter 2: parameterName is pageName/parameterValue is createPage_2; parameter 3: parameterName is version/parameterValue is 2; parameter 4: parameterName is assetType/parameterValue is instance of com.topcoder.confluence.entities.ConfluenceAssetType; parameter 5: parameterName is catalog/parameterValue is instance of com.topcoder.confluence.entities.ConfluenceCatalog; parameter 6: parameterName is applicationCode/parameterValue is applicationCode; 
Entering the method: createPage(String token, String pageName, String version, ConfluenceAssetType assetType, ConfluenceCatalog catalog, String applicationCode)
Parameters Info: parameter 1: parameterName is token/parameterValue is nt4139w22d; parameter 2: parameterName is pageName/parameterValue is createPage_2; parameter 3: parameterName is version/parameterValue is 2; parameter 4: parameterName is assetType/parameterValue is instance of com.topcoder.confluence.entities.ConfluenceAssetType; parameter 5: parameterName is catalog/parameterValue is instance of com.topcoder.confluence.entities.ConfluenceCatalog; parameter 6: parameterName is applicationCode/parameterValue is applicationCode; 
Entering the method: createPage(String token, String pageName, String version, ConfluenceAssetType assetType, ConfluenceCatalog catalog, String applicationCode)
Parameters Info: parameter 1: parameterName is token/parameterValue is nt4139w22d; parameter 2: parameterName is pageName/parameterValue is createPage_2; parameter 3: parameterName is version/parameterValue is 2; parameter 4: parameterName is assetType/parameterValue is instance of com.topcoder.confluence.entities.ConfluenceAssetType; parameter 5: parameterName is catalog/parameterValue is instance of com.topcoder.confluence.entities.ConfluenceCatalog; parameter 6: parameterName is applicationCode/parameterValue is applicationCode; 
Entering the method: createPage(String token, String pageName, String version, ConfluenceAssetType assetType, ConfluenceCatalog catalog, String applicationCode)
Parameters Info: parameter 1: parameterName is token/parameterValue is nt4139w22d; parameter 2: parameterName is pageName/parameterValue is createPage_2; parameter 3: parameterName is version/parameterValue is 2; parameter 4: parameterName is assetType/parameterValue is instance of com.topcoder.confluence.entities.ConfluenceAssetType; parameter 5: parameterName is catalog/parameterValue is instance of com.topcoder.confluence.entities.ConfluenceCatalog; parameter 6: parameterName is applicationCode/parameterValue is applicationCode; 
Entering the method: createPage(String token, String pageName, String version, ConfluenceAssetType assetType, ConfluenceCatalog catalog, String applicationCode)
Parameters Info: parameter 1: parameterName is token/parameterValue is nt4139w22d; parameter 2: parameterName is pageName/parameterValue is createPage_2; parameter 3: parameterName is version/parameterValue is 2; parameter 4: parameterName is assetType/parameterValue is instance of com.topcoder.confluence.entities.ConfluenceAssetType; parameter 5: parameterName is catalog/parameterValue is instance of com.topcoder.confluence.entities.ConfluenceCatalog; parameter 6: parameterName is applicationCode/parameterValue is applicationCode; 
Entering the method: createPage(String token, String pageName, String version, ConfluenceAssetType assetType, ConfluenceCatalog catalog, String applicationCode)
Parameters Info: parameter 1: parameterName is token/parameterValue is nt4139w22d; parameter 2: parameterName is pageName/parameterValue is createPage_2; parameter 3: parameterName is version/parameterValue is 2; parameter 4: parameterName is assetType/parameterValue is instance of com.topcoder.confluence.entities.ConfluenceAssetType; parameter 5: parameterName is catalog/parameterValue is instance of com.topcoder.confluence.entities.ConfluenceCatalog; parameter 6: parameterName is applicationCode/parameterValue is applicationCode; 
Entering the method: createPage(String token, String pageName, String version, ConfluenceAssetType assetType, ConfluenceCatalog catalog, String applicationCode)
Parameters Info: parameter 1: parameterName is token/parameterValue is nt4139w22d; parameter 2: parameterName is pageName/parameterValue is createPage_2; parameter 3: parameterName is version/parameterValue is 2; parameter 4: parameterName is assetType/parameterValue is instance of com.topcoder.confluence.entities.ConfluenceAssetType; parameter 5: parameterName is catalog/parameterValue is instance of com.topcoder.confluence.entities.ConfluenceCatalog; parameter 6: parameterName is applicationCode/parameterValue is applicationCode; 
Entering the method: createPage(String token, String pageName, String version, ConfluenceAssetType assetType, ConfluenceCatalog catalog, String applicationCode)
Parameters Info: parameter 1: parameterName is token/parameterValue is nt4139w22d; parameter 2: parameterName is pageName/parameterValue is createPage_2; parameter 3: parameterName is version/parameterValue is 2; parameter 4: parameterName is assetType/parameterValue is instance of com.topcoder.confluence.entities.ConfluenceAssetType; parameter 5: parameterName is catalog/parameterValue is instance of com.topcoder.confluence.entities.ConfluenceCatalog; parameter 6: parameterName is applicationCode/parameterValue is applicationCode; 
Entering the method: createPage(String token, String pageName, String version, ConfluenceAssetType assetType, ConfluenceCatalog catalog, String applicationCode)
Parameters Info: parameter 1: parameterName is token/parameterValue is nt4139w22d; parameter 2: parameterName is pageName/parameterValue is createPage_2; parameter 3: parameterName is version/parameterValue is 2; parameter 4: parameterName is assetType/parameterValue is instance of com.topcoder.confluence.entities.ConfluenceAssetType; parameter 5: parameterName is catalog/parameterValue is instance of com.topcoder.confluence.entities.ConfluenceCatalog; parameter 6: parameterName is applicationCode/parameterValue is applicationCode; 
Entering the method: createPage(String token, String pageName, String version, ConfluenceAssetType assetType, ConfluenceCatalog catalog, String applicationCode)
Parameters Info: parameter 1: parameterName is token/parameterValue is nt4139w22d; parameter 2: parameterName is pageName/parameterValue is createPage_2; parameter 3: parameterName is version/parameterValue is 2; parameter 4: parameterName is assetType/parameterValue is instance of com.topcoder.confluence.entities.ConfluenceAssetType; parameter 5: parameterName is catalog/parameterValue is instance of com.topcoder.confluence.entities.ConfluenceCatalog; parameter 6: parameterName is applicationCode/parameterValue is applicationCode; 
Entering the method: createPage(String token, String pageName, String version, ConfluenceAssetType assetType, ConfluenceCatalog catalog, String applicationCode)
Parameters Info: parameter 1: parameterName is token/parameterValue is nt4139w22d; parameter 2: parameterName is pageName/parameterValue is createPage_2; parameter 3: parameterName is version/parameterValue is 2; parameter 4: parameterName is assetType/parameterValue is instance of com.topcoder.confluence.entities.ConfluenceAssetType; parameter 5: parameterName is catalog/parameterValue is instance of com.topcoder.confluence.entities.ConfluenceCatalog; parameter 6: parameterName is applicationCode/parameterValue is applicationCode; 
Entering the method: createPage(String token, String pageName, String version, ConfluenceAssetType assetType, ConfluenceCatalog catalog, String applicationCode)
Parameters Info: parameter 1: parameterName is token/parameterValue is nt4139w22d; parameter 2: parameterName is pageName/parameterValue is createPage_2; parameter 3: parameterName is version/parameterValue is 2; parameter 4: parameterName is assetType/parameterValue is instance of com.topcoder.confluence.entities.ConfluenceAssetType; parameter 5: parameterName is catalog/parameterValue is instance of com.topcoder.confluence.entities.ConfluenceCatalog; parameter 6: parameterName is applicationCode/parameterValue is applicationCode; 
Entering the method: createPage(String token, String pageName, String version, ConfluenceAssetType assetType, ConfluenceCatalog catalog, String applicationCode)
Parameters Info: parameter 1: parameterName is token/parameterValue is nt4139w22d; parameter 2: parameterName is pageName/parameterValue is createPage_2; parameter 3: parameterName is version/parameterValue is 2; parameter 4: parameterName is assetType/parameterValue is instance of com.topcoder.confluence.entities.ConfluenceAssetType; parameter 5: parameterName is catalog/parameterValue is instance of com.topcoder.confluence.entities.ConfluenceCatalog; parameter 6: parameterName is applicationCode/parameterValue is applicationCode; 
Entering the method: createPage(String token, String pageName, String version, ConfluenceAssetType assetType, ConfluenceCatalog catalog, String applicationCode)
Parameters Info: parameter 1: parameterName is token/parameterValue is nt4139w22d; parameter 2: parameterName is pageName/parameterValue is createPage_2; parameter 3: parameterName is version/parameterValue is 2; parameter 4: parameterName is assetType/parameterValue is instance of com.topcoder.confluence.entities.ConfluenceAssetType; parameter 5: parameterName is catalog/parameterValue is instance of com.topcoder.confluence.entities.ConfluenceCatalog; parameter 6: parameterName is applicationCode/parameterValue is applicationCode; 
Entering the method: createPage(String token, String pageName, String version, ConfluenceAssetType assetType, ConfluenceCatalog catalog, String applicationCode)
Parameters Info: parameter 1: parameterName is token/parameterValue is nt4139w22d; parameter 2: parameterName is pageName/parameterValue is createPage_2; parameter 3: parameterName is version/parameterValue is 2; parameter 4: parameterName is assetType/parameterValue is instance of com.topcoder.confluence.entities.ConfluenceAssetType; parameter 5: parameterName is catalog/parameterValue is instance of com.topcoder.confluence.entities.ConfluenceCatalog; parameter 6: parameterName is applicationCode/parameterValue is applicationCode; 
Entering the method: createPage(String token, String pageName, String version, ConfluenceAssetType assetType, ConfluenceCatalog catalog, String applicationCode)
Parameters Info: parameter 1: parameterName is token/parameterValue is nt4139w22d; parameter 2: parameterName is pageName/parameterValue is createPage_2; parameter 3: parameterName is version/parameterValue is 2; parameter 4: parameterName is assetType/parameterValue is instance of com.topcoder.confluence.entities.ConfluenceAssetType; parameter 5: parameterName is catalog/parameterValue is instance of com.topcoder.confluence.entities.ConfluenceCatalog; parameter 6: parameterName is applicationCode/parameterValue is applicationCode; 
Entering the method: createPage(String token, String pageName, String version, ConfluenceAssetType assetType, ConfluenceCatalog catalog, String applicationCode)
Parameters Info: parameter 1: parameterName is token/parameterValue is nt4139w22d; parameter 2: parameterName is pageName/parameterValue is createPage_2; parameter 3: parameterName is version/parameterValue is 2; parameter 4: parameterName is assetType/parameterValue is instance of com.topcoder.confluence.entities.ConfluenceAssetType; parameter 5: parameterName is catalog/parameterValue is instance of com.topcoder.confluence.entities.ConfluenceCatalog; parameter 6: parameterName is applicationCode/parameterValue is applicationCode; 
Entering the method: createPage(String token, String pageName, String version, ConfluenceAssetType assetType, ConfluenceCatalog catalog, String applicationCode)
Parameters Info: parameter 1: parameterName is token/parameterValue is nt4139w22d; parameter 2: parameterName is pageName/parameterValue is createPage_2; parameter 3: parameterName is version/parameterValue is 2; parameter 4: parameterName is assetType/parameterValue is instance of com.topcoder.confluence.entities.ConfluenceAssetType; parameter 5: parameterName is catalog/parameterValue is instance of com.topcoder.confluence.entities.ConfluenceCatalog; parameter 6: parameterName is applicationCode/parameterValue is applicationCode; 
Entering the method: createPage(String token, String pageName, String version, ConfluenceAssetType assetType, ConfluenceCatalog catalog, String applicationCode)
Parameters Info: parameter 1: parameterName is token/parameterValue is nt4139w22d; parameter 2: parameterName is pageName/parameterValue is createPage_2; parameter 3: parameterName is version/parameterValue is 2; parameter 4: parameterName is assetType/parameterValue is instance of com.topcoder.confluence.entities.ConfluenceAssetType; parameter 5: parameterName is catalog/parameterValue is instance of com.topcoder.confluence.entities.ConfluenceCatalog; parameter 6: parameterName is applicationCode/parameterValue is applicationCode; 
Entering the method: createPage(String token, String pageName, String version, ConfluenceAssetType assetType, ConfluenceCatalog catalog, String applicationCode)
Parameters Info: parameter 1: parameterName is token/parameterValue is nt4139w22d; parameter 2: parameterName is pageName/parameterValue is createPage_2; parameter 3: parameterName is version/parameterValue is 2; parameter 4: parameterName is assetType/parameterValue is instance of com.topcoder.confluence.entities.ConfluenceAssetType; parameter 5: parameterName is catalog/parameterValue is instance of com.topcoder.confluence.entities.ConfluenceCatalog; parameter 6: parameterName is applicationCode/parameterValue is applicationCode; 
Entering the method: createPage(String token, String pageName, String version, ConfluenceAssetType assetType, ConfluenceCatalog catalog, String applicationCode)
Parameters Info: parameter 1: parameterName is token/parameterValue is nt4139w22d; parameter 2: parameterName is pageName/parameterValue is createPage_2; parameter 3: parameterName is version/parameterValue is 2; parameter 4: parameterName is assetType/parameterValue is instance of com.topcoder.confluence.entities.ConfluenceAssetType; parameter 5: parameterName is catalog/parameterValue is instance of com.topcoder.confluence.entities.ConfluenceCatalog; parameter 6: parameterName is applicationCode/parameterValue is applicationCode; 
Entering the method: createPage(String token, String pageName, String version, ConfluenceAssetType assetType, ConfluenceCatalog catalog, String applicationCode)
Parameters Info: parameter 1: parameterName is token/parameterValue is nt4139w22d; parameter 2: parameterName is pageName/parameterValue is createPage_2; parameter 3: parameterName is version/parameterValue is 2; parameter 4: parameterName is assetType/parameterValue is instance of com.topcoder.confluence.entities.ConfluenceAssetType; parameter 5: parameterName is catalog/parameterValue is instance of com.topcoder.confluence.entities.ConfluenceCatalog; parameter 6: parameterName is applicationCode/parameterValue is applicationCode; 
Entering the method: createPage(String token, String pageName, String version, ConfluenceAssetType assetType, ConfluenceCatalog catalog, String applicationCode)
Parameters Info: parameter 1: parameterName is token/parameterValue is nt4139w22d; parameter 2: parameterName is pageName/parameterValue is createPage_2; parameter 3: parameterName is version/parameterValue is 2; parameter 4: parameterName is assetType/parameterValue is instance of com.topcoder.confluence.entities.ConfluenceAssetType; parameter 5: parameterName is catalog/parameterValue is instance of com.topcoder.confluence.entities.ConfluenceCatalog; parameter 6: parameterName is applicationCode/parameterValue is applicationCode; 
Entering the method: createPage(String token, String pageName, String version, ConfluenceAssetType assetType, ConfluenceCatalog catalog, String applicationCode)
Parameters Info: parameter 1: parameterName is token/parameterValue is nt4139w22d; parameter 2: parameterName is pageName/parameterValue is createPage_2; parameter 3: parameterName is version/parameterValue is 2; parameter 4: parameterName is assetType/parameterValue is instance of com.topcoder.confluence.entities.ConfluenceAssetType; parameter 5: parameterName is catalog/parameterValue is instance of com.topcoder.confluence.entities.ConfluenceCatalog; parameter 6: parameterName is applicationCode/parameterValue is applicationCode; 
Entering the method: createPage(String token, String pageName, String version, ConfluenceAssetType assetType, ConfluenceCatalog catalog, String applicationCode)
Parameters Info: parameter 1: parameterName is token/parameterValue is nt4139w22d; parameter 2: parameterName is pageName/parameterValue is createPage_2; parameter 3: parameterName is version/parameterValue is 2; parameter 4: parameterName is assetType/parameterValue is instance of com.topcoder.confluence.entities.ConfluenceAssetType; parameter 5: parameterName is catalog/parameterValue is instance of com.topcoder.confluence.entities.ConfluenceCatalog; parameter 6: parameterName is applicationCode/parameterValue is applicationCode; 
Entering the method: createPage(String token, String pageName, String version, ConfluenceAssetType assetType, ConfluenceCatalog catalog, String applicationCode)
Parameters Info: parameter 1: parameterName is token/parameterValue is nt4139w22d; parameter 2: parameterName is pageName/parameterValue is createPage_2; parameter 3: parameterName is version/parameterValue is 2; parameter 4: parameterName is assetType/parameterValue is instance of com.topcoder.confluence.entities.ConfluenceAssetType; parameter 5: parameterName is catalog/parameterValue is instance of com.topcoder.confluence.entities.ConfluenceCatalog; parameter 6: parameterName is applicationCode/parameterValue is applicationCode; 
Entering the method: createPage(String token, String pageName, String version, ConfluenceAssetType assetType, ConfluenceCatalog catalog, String applicationCode)
Parameters Info: parameter 1: parameterName is token/parameterValue is nt4139w22d; parameter 2: parameterName is pageName/parameterValue is createPage_2; parameter 3: parameterName is version/parameterValue is 2; parameter 4: parameterName is assetType/parameterValue is instance of com.topcoder.confluence.entities.ConfluenceAssetType; parameter 5: parameterName is catalog/parameterValue is instance of com.topcoder.confluence.entities.ConfluenceCatalog; parameter 6: parameterName is applicationCode/parameterValue is applicationCode; 
Entering the method: createPage(String token, String pageName, String version, ConfluenceAssetType assetType, ConfluenceCatalog catalog, String applicationCode)
Parameters Info: parameter 1: parameterName is token/parameterValue is nt4139w22d; parameter 2: parameterName is pageName/parameterValue is createPage_2; parameter 3: parameterName is version/parameterValue is 2; parameter 4: parameterName is assetType/parameterValue is instance of com.topcoder.confluence.entities.ConfluenceAssetType; parameter 5: parameterName is catalog/parameterValue is instance of com.topcoder.confluence.entities.ConfluenceCatalog; parameter 6: parameterName is applicationCode/parameterValue is applicationCode; 
Entering the method: createPage(String token, String pageName, String version, ConfluenceAssetType assetType, ConfluenceCatalog catalog, String applicationCode)
Parameters Info: parameter 1: parameterName is token/parameterValue is nt4139w22d; parameter 2: parameterName is pageName/parameterValue is createPage_2; parameter 3: parameterName is version/parameterValue is 2; parameter 4: parameterName is assetType/parameterValue is instance of com.topcoder.confluence.entities.ConfluenceAssetType; parameter 5: parameterName is catalog/parameterValue is instance of com.topcoder.confluence.entities.ConfluenceCatalog; parameter 6: parameterName is applicationCode/parameterValue is applicationCode; 
Entering the method: createPage(String token, String pageName, String version, ConfluenceAssetType assetType, ConfluenceCatalog catalog, String applicationCode)
Parameters Info: parameter 1: parameterName is token/parameterValue is nt4139w22d; parameter 2: parameterName is pageName/parameterValue is createPage_2; parameter 3: parameterName is version/parameterValue is 2; parameter 4: parameterName is assetType/parameterValue is instance of com.topcoder.confluence.entities.ConfluenceAssetType; parameter 5: parameterName is catalog/parameterValue is instance of com.topcoder.confluence.entities.ConfluenceCatalog; parameter 6: parameterName is applicationCode/parameterValue is applicationCode; 
Entering the method: createPage(String token, String pageName, String version, ConfluenceAssetType assetType, ConfluenceCatalog catalog, String applicationCode)
Parameters Info: parameter 1: parameterName is token/parameterValue is nt4139w22d; parameter 2: parameterName is pageName/parameterValue is createPage_2; parameter 3: parameterName is version/parameterValue is 2; parameter 4: parameterName is assetType/parameterValue is instance of com.topcoder.confluence.entities.ConfluenceAssetType; parameter 5: parameterName is catalog/parameterValue is instance of com.topcoder.confluence.entities.ConfluenceCatalog; parameter 6: parameterName is applicationCode/parameterValue is applicationCode; 
Entering the method: createPage(String token, String pageName, String version, ConfluenceAssetType assetType, ConfluenceCatalog catalog, String applicationCode)
Parameters Info: parameter 1: parameterName is token/parameterValue is nt4139w22d; parameter 2: parameterName is pageName/parameterValue is createPage_2; parameter 3: parameterName is version/parameterValue is 2; parameter 4: parameterName is assetType/parameterValue is instance of com.topcoder.confluence.entities.ConfluenceAssetType; parameter 5: parameterName is catalog/parameterValue is instance of com.topcoder.confluence.entities.ConfluenceCatalog; parameter 6: parameterName is applicationCode/parameterValue is applicationCode; 
Entering the method: createPage(String token, String pageName, String version, ConfluenceAssetType assetType, ConfluenceCatalog catalog, String applicationCode)
Parameters Info: parameter 1: parameterName is token/parameterValue is nt4139w22d; parameter 2: parameterName is pageName/parameterValue is createPage_2; parameter 3: parameterName is version/parameterValue is 2; parameter 4: parameterName is assetType/parameterValue is instance of com.topcoder.confluence.entities.ConfluenceAssetType; parameter 5: parameterName is catalog/parameterValue is instance of com.topcoder.confluence.entities.ConfluenceCatalog; parameter 6: parameterName is applicationCode/parameterValue is applicationCode; 
Entering the method: createPage(String token, String pageName, String version, ConfluenceAssetType assetType, ConfluenceCatalog catalog, String applicationCode)
Parameters Info: parameter 1: parameterName is token/parameterValue is nt4139w22d; parameter 2: parameterName is pageName/parameterValue is createPage_2; parameter 3: parameterName is version/parameterValue is 2; parameter 4: parameterName is assetType/parameterValue is instance of com.topcoder.confluence.entities.ConfluenceAssetType; parameter 5: parameterName is catalog/parameterValue is instance of com.topcoder.confluence.entities.ConfluenceCatalog; parameter 6: parameterName is applicationCode/parameterValue is applicationCode; 
Entering the method: createPage(String token, String pageName, String version, ConfluenceAssetType assetType, ConfluenceCatalog catalog, String applicationCode)
Parameters Info: parameter 1: parameterName is token/parameterValue is nt4139w22d; parameter 2: parameterName is pageName/parameterValue is createPage_2; parameter 3: parameterName is version/parameterValue is 2; parameter 4: parameterName is assetType/parameterValue is instance of com.topcoder.confluence.entities.ConfluenceAssetType; parameter 5: parameterName is catalog/parameterValue is instance of com.topcoder.confluence.entities.ConfluenceCatalog; parameter 6: parameterName is applicationCode/parameterValue is applicationCode; 
Entering the method: createPage(String token, String pageName, String version, ConfluenceAssetType assetType, ConfluenceCatalog catalog, String applicationCode)
Parameters Info: parameter 1: parameterName is token/parameterValue is nt4139w22d; parameter 2: parameterName is pageName/parameterValue is createPage_2; parameter 3: parameterName is version/parameterValue is 2; parameter 4: parameterName is assetType/parameterValue is instance of com.topcoder.confluence.entities.ConfluenceAssetType; parameter 5: parameterName is catalog/parameterValue is instance of com.topcoder.confluence.entities.ConfluenceCatalog; parameter 6: parameterName is applicationCode/parameterValue is applicationCode; 
Entering the method: createPage(String token, String pageName, String version, ConfluenceAssetType assetType, ConfluenceCatalog catalog, String applicationCode)
Parameters Info: parameter 1: parameterName is token/parameterValue is nt4139w22d; parameter 2: parameterName is pageName/parameterValue is createPage_2; parameter 3: parameterName is version/parameterValue is 2; parameter 4: parameterName is assetType/parameterValue is instance of com.topcoder.confluence.entities.ConfluenceAssetType; parameter 5: parameterName is catalog/parameterValue is instance of com.topcoder.confluence.entities.ConfluenceCatalog; parameter 6: parameterName is applicationCode/parameterValue is applicationCode; 
Entering the method: createPage(String token, String pageName, String version, ConfluenceAssetType assetType, ConfluenceCatalog catalog, String applicationCode)
Parameters Info: parameter 1: parameterName is token/parameterValue is nt4139w22d; parameter 2: parameterName is pageName/parameterValue is createPage_2; parameter 3: parameterName is version/parameterValue is 2; parameter 4: parameterName is assetType/parameterValue is instance of com.topcoder.confluence.entities.ConfluenceAssetType; parameter 5: parameterName is catalog/parameterValue is instance of com.topcoder.confluence.entities.ConfluenceCatalog; parameter 6: parameterName is applicationCode/parameterValue is applicationCode; 
Entering the method: createPage(String token, String pageName, String version, ConfluenceAssetType assetType, ConfluenceCatalog catalog, String applicationCode)
Parameters Info: parameter 1: parameterName is token/parameterValue is nt4139w22d; parameter 2: parameterName is pageName/parameterValue is createPage_2; parameter 3: parameterName is version/parameterValue is 2; parameter 4: parameterName is assetType/parameterValue is instance of com.topcoder.confluence.entities.ConfluenceAssetType; parameter 5: parameterName is catalog/parameterValue is instance of com.topcoder.confluence.entities.ConfluenceCatalog; parameter 6: parameterName is applicationCode/parameterValue is applicationCode; 
Entering the method: createPage(String token, String pageName, String version, ConfluenceAssetType assetType, ConfluenceCatalog catalog, String applicationCode)
Parameters Info: parameter 1: parameterName is token/parameterValue is nt4139w22d; parameter 2: parameterName is pageName/parameterValue is createPage_2; parameter 3: parameterName is version/parameterValue is 2; parameter 4: parameterName is assetType/parameterValue is instance of com.topcoder.confluence.entities.ConfluenceAssetType; parameter 5: parameterName is catalog/parameterValue is instance of com.topcoder.confluence.entities.ConfluenceCatalog; parameter 6: parameterName is applicationCode/parameterValue is applicationCode; 
Entering the method: createPage(String token, String pageName, String version, ConfluenceAssetType assetType, ConfluenceCatalog catalog, String applicationCode)
Parameters Info: parameter 1: parameterName is token/parameterValue is nt4139w22d; parameter 2: parameterName is pageName/parameterValue is createPage_2; parameter 3: parameterName is version/parameterValue is 2; parameter 4: parameterName is assetType/parameterValue is instance of com.topcoder.confluence.entities.ConfluenceAssetType; parameter 5: parameterName is catalog/parameterValue is instance of com.topcoder.confluence.entities.ConfluenceCatalog; parameter 6: parameterName is applicationCode/parameterValue is applicationCode; 
Entering the method: createPage(String token, String pageName, String version, ConfluenceAssetType assetType, ConfluenceCatalog catalog, String applicationCode)
Parameters Info: parameter 1: parameterName is token/parameterValue is nt4139w22d; parameter 2: parameterName is pageName/parameterValue is createPage_2; parameter 3: parameterName is version/parameterValue is 2; parameter 4: parameterName is assetType/parameterValue is instance of com.topcoder.confluence.entities.ConfluenceAssetType; parameter 5: parameterName is catalog/parameterValue is instance of com.topcoder.confluence.entities.ConfluenceCatalog; parameter 6: parameterName is applicationCode/parameterValue is applicationCode; 
Entering the method: createPage(String token, String pageName, String version, ConfluenceAssetType assetType, ConfluenceCatalog catalog, String applicationCode)
Parameters Info: parameter 1: parameterName is token/parameterValue is nt4139w22d; parameter 2: parameterName is pageName/parameterValue is createPage_2; parameter 3: parameterName is version/parameterValue is 2; parameter 4: parameterName is assetType/parameterValue is instance of com.topcoder.confluence.entities.ConfluenceAssetType; parameter 5: parameterName is catalog/parameterValue is instance of com.topcoder.confluence.entities.ConfluenceCatalog; parameter 6: parameterName is applicationCode/parameterValue is applicationCode; 
Entering the method: createPage(String token, String pageName, String version, ConfluenceAssetType assetType, ConfluenceCatalog catalog, String applicationCode)
Parameters Info: parameter 1: parameterName is token/parameterValue is nt4139w22d; parameter 2: parameterName is pageName/parameterValue is createPage_2; parameter 3: parameterName is version/parameterValue is 2; parameter 4: parameterName is assetType/parameterValue is instance of com.topcoder.confluence.entities.ConfluenceAssetType; parameter 5: parameterName is catalog/parameterValue is instance of com.topcoder.confluence.entities.ConfluenceCatalog; parameter 6: parameterName is applicationCode/parameterValue is applicationCode; 
Entering the method: createPage(String token, String pageName, String version, ConfluenceAssetType assetType, ConfluenceCatalog catalog, String applicationCode)
Parameters Info: parameter 1: parameterName is token/parameterValue is nt4139w22d; parameter 2: parameterName is pageName/parameterValue is createPage_2; parameter 3: parameterName is version/parameterValue is 2; parameter 4: parameterName is assetType/parameterValue is instance of com.topcoder.confluence.entities.ConfluenceAssetType; parameter 5: parameterName is catalog/parameterValue is instance of com.topcoder.confluence.entities.ConfluenceCatalog; parameter 6: parameterName is applicationCode/parameterValue is applicationCode; 
Entering the method: createPage(String token, String pageName, String version, ConfluenceAssetType assetType, ConfluenceCatalog catalog, String applicationCode)
Parameters Info: parameter 1: parameterName is token/parameterValue is nt4139w22d; parameter 2: parameterName is pageName/parameterValue is createPage_2; parameter 3: parameterName is version/parameterValue is 2; parameter 4: parameterName is assetType/parameterValue is instance of com.topcoder.confluence.entities.ConfluenceAssetType; parameter 5: parameterName is catalog/parameterValue is instance of com.topcoder.confluence.entities.ConfluenceCatalog; parameter 6: parameterName is applicationCode/parameterValue is applicationCode; 
Entering the method: createPage(String token, String pageName, String version, ConfluenceAssetType assetType, ConfluenceCatalog catalog, String applicationCode)
Parameters Info: parameter 1: parameterName is token/parameterValue is nt4139w22d; parameter 2: parameterName is pageName/parameterValue is createPage_2; parameter 3: parameterName is version/parameterValue is 2; parameter 4: parameterName is assetType/parameterValue is instance of com.topcoder.confluence.entities.ConfluenceAssetType; parameter 5: parameterName is catalog/parameterValue is instance of com.topcoder.confluence.entities.ConfluenceCatalog; parameter 6: parameterName is applicationCode/parameterValue is applicationCode; 
Entering the method: createPage(String token, String pageName, String version, ConfluenceAssetType assetType, ConfluenceCatalog catalog, String applicationCode)
Parameters Info: parameter 1: parameterName is token/parameterValue is nt4139w22d; parameter 2: parameterName is pageName/parameterValue is createPage_2; parameter 3: parameterName is version/parameterValue is 2; parameter 4: parameterName is assetType/parameterValue is instance of com.topcoder.confluence.entities.ConfluenceAssetType; parameter 5: parameterName is catalog/parameterValue is instance of com.topcoder.confluence.entities.ConfluenceCatalog; parameter 6: parameterName is applicationCode/parameterValue is applicationCode; 
Entering the method: createPage(String token, String pageName, String version, ConfluenceAssetType assetType, ConfluenceCatalog catalog, String applicationCode)
Parameters Info: parameter 1: parameterName is token/parameterValue is nt4139w22d; parameter 2: parameterName is pageName/parameterValue is createPage_2; parameter 3: parameterName is version/parameterValue is 2; parameter 4: parameterName is assetType/parameterValue is instance of com.topcoder.confluence.entities.ConfluenceAssetType; parameter 5: parameterName is catalog/parameterValue is instance of com.topcoder.confluence.entities.ConfluenceCatalog; parameter 6: parameterName is applicationCode/parameterValue is applicationCode; 
Entering the method: createPage(String token, String pageName, String version, ConfluenceAssetType assetType, ConfluenceCatalog catalog, String applicationCode)
Parameters Info: parameter 1: parameterName is token/parameterValue is nt4139w22d; parameter 2: parameterName is pageName/parameterValue is createPage_2; parameter 3: parameterName is version/parameterValue is 2; parameter 4: parameterName is assetType/parameterValue is instance of com.topcoder.confluence.entities.ConfluenceAssetType; parameter 5: parameterName is catalog/parameterValue is instance of com.topcoder.confluence.entities.ConfluenceCatalog; parameter 6: parameterName is applicationCode/parameterValue is applicationCode; 
calling createPage_2 cost 2.578 seconds
Entering the method: login(String userName, String password)
Parameters Info: parameter 1: parameterName is userName/parameterValue is tcsdeveloper; parameter 2: parameterName is password/parameterValue is TCSDEVELOPER; 
Entering the method: createPage(String token, Page page)
Parameters Info: parameter 1: parameterName is token/parameterValue is rW3GdWPooG; parameter 2: parameterName is page/parameterValue is instance of com.topcoder.confluence.entities.Page; 
Entering the method: createPage(String token, String pageName, String version,ConfluenceAssetType assetType, ConfluenceCatalog catalog, ComponentType componentType)
Parameters Info: parameter 1: parameterName is token/parameterValue is rW3GdWPooG; parameter 2: parameterName is pageName/parameterValue is name; parameter 3: parameterName is version/parameterValue is 1; parameter 4: parameterName is assetType/parameterValue is instance of com.topcoder.confluence.entities.ConfluenceAssetType; parameter 5: parameterName is catalog/parameterValue is instance of com.topcoder.confluence.entities.ConfluenceCatalog; parameter 6: parameterName is componentType/parameterValue is instance of com.topcoder.confluence.entities.ComponentType; 
Entering the method: createPage(String token, Page page)
Parameters Info: parameter 1: parameterName is token/parameterValue is rW3GdWPooG; parameter 2: parameterName is page/parameterValue is instance of com.topcoder.confluence.entities.Page; 
Entering the method: createPage(String token, String pageName, String version,ConfluenceAssetType assetType, ConfluenceCatalog catalog, ComponentType componentType)
Parameters Info: parameter 1: parameterName is token/parameterValue is rW3GdWPooG; parameter 2: parameterName is pageName/parameterValue is name; parameter 3: parameterName is version/parameterValue is 1; parameter 4: parameterName is assetType/parameterValue is instance of com.topcoder.confluence.entities.ConfluenceAssetType; parameter 5: parameterName is catalog/parameterValue is instance of com.topcoder.confluence.entities.ConfluenceCatalog; parameter 6: parameterName is componentType/parameterValue is instance of com.topcoder.confluence.entities.ComponentType; 
Entering the method: createPage(String token, Page page)
Parameters Info: parameter 1: parameterName is token/parameterValue is rW3GdWPooG; parameter 2: parameterName is page/parameterValue is instance of com.topcoder.confluence.entities.Page; 
Entering the method: createPage(String token, String pageName, String version,ConfluenceAssetType assetType, ConfluenceCatalog catalog, ComponentType componentType)
Parameters Info: parameter 1: parameterName is token/parameterValue is rW3GdWPooG; parameter 2: parameterName is pageName/parameterValue is name; parameter 3: parameterName is version/parameterValue is 1; parameter 4: parameterName is assetType/parameterValue is instance of com.topcoder.confluence.entities.ConfluenceAssetType; parameter 5: parameterName is catalog/parameterValue is instance of com.topcoder.confluence.entities.ConfluenceCatalog; parameter 6: parameterName is componentType/parameterValue is instance of com.topcoder.confluence.entities.ComponentType; 
Entering the method: createPage(String token, Page page)
Parameters Info: parameter 1: parameterName is token/parameterValue is rW3GdWPooG; parameter 2: parameterName is page/parameterValue is instance of com.topcoder.confluence.entities.Page; 
Entering the method: createPage(String token, String pageName, String version,ConfluenceAssetType assetType, ConfluenceCatalog catalog, ComponentType componentType)
Parameters Info: parameter 1: parameterName is token/parameterValue is rW3GdWPooG; parameter 2: parameterName is pageName/parameterValue is name; parameter 3: parameterName is version/parameterValue is 1; parameter 4: parameterName is assetType/parameterValue is instance of com.topcoder.confluence.entities.ConfluenceAssetType; parameter 5: parameterName is catalog/parameterValue is instance of com.topcoder.confluence.entities.ConfluenceCatalog; parameter 6: parameterName is componentType/parameterValue is instance of com.topcoder.confluence.entities.ComponentType; 
Entering the method: createPage(String token, Page page)
Parameters Info: parameter 1: parameterName is token/parameterValue is rW3GdWPooG; parameter 2: parameterName is page/parameterValue is instance of com.topcoder.confluence.entities.Page; 
Entering the method: createPage(String token, String pageName, String version,ConfluenceAssetType assetType, ConfluenceCatalog catalog, ComponentType componentType)
Parameters Info: parameter 1: parameterName is token/parameterValue is rW3GdWPooG; parameter 2: parameterName is pageName/parameterValue is name; parameter 3: parameterName is version/parameterValue is 1; parameter 4: parameterName is assetType/parameterValue is instance of com.topcoder.confluence.entities.ConfluenceAssetType; parameter 5: parameterName is catalog/parameterValue is instance of com.topcoder.confluence.entities.ConfluenceCatalog; parameter 6: parameterName is componentType/parameterValue is instance of com.topcoder.confluence.entities.ComponentType; 
Entering the method: createPage(String token, Page page)
Parameters Info: parameter 1: parameterName is token/parameterValue is rW3GdWPooG; parameter 2: parameterName is page/parameterValue is instance of com.topcoder.confluence.entities.Page; 
Entering the method: createPage(String token, String pageName, String version,ConfluenceAssetType assetType, ConfluenceCatalog catalog, ComponentType componentType)
Parameters Info: parameter 1: parameterName is token/parameterValue is rW3GdWPooG; parameter 2: parameterName is pageName/parameterValue is name; parameter 3: parameterName is version/parameterValue is 1; parameter 4: parameterName is assetType/parameterValue is instance of com.topcoder.confluence.entities.ConfluenceAssetType; parameter 5: parameterName is catalog/parameterValue is instance of com.topcoder.confluence.entities.ConfluenceCatalog; parameter 6: parameterName is componentType/parameterValue is instance of com.topcoder.confluence.entities.ComponentType; 
Entering the method: createPage(String token, Page page)
Parameters Info: parameter 1: parameterName is token/parameterValue is rW3GdWPooG; parameter 2: parameterName is page/parameterValue is instance of com.topcoder.confluence.entities.Page; 
Entering the method: createPage(String token, String pageName, String version,ConfluenceAssetType assetType, ConfluenceCatalog catalog, ComponentType componentType)
Parameters Info: parameter 1: parameterName is token/parameterValue is rW3GdWPooG; parameter 2: parameterName is pageName/parameterValue is name; parameter 3: parameterName is version/parameterValue is 1; parameter 4: parameterName is assetType/parameterValue is instance of com.topcoder.confluence.entities.ConfluenceAssetType; parameter 5: parameterName is catalog/parameterValue is instance of com.topcoder.confluence.entities.ConfluenceCatalog; parameter 6: parameterName is componentType/parameterValue is instance of com.topcoder.confluence.entities.ComponentType; 
Entering the method: createPage(String token, Page page)
Parameters Info: parameter 1: parameterName is token/parameterValue is rW3GdWPooG; parameter 2: parameterName is page/parameterValue is instance of com.topcoder.confluence.entities.Page; 
Entering the method: createPage(String token, String pageName, String version,ConfluenceAssetType assetType, ConfluenceCatalog catalog, ComponentType componentType)
Parameters Info: parameter 1: parameterName is token/parameterValue is rW3GdWPooG; parameter 2: parameterName is pageName/parameterValue is name; parameter 3: parameterName is version/parameterValue is 1; parameter 4: parameterName is assetType/parameterValue is instance of com.topcoder.confluence.entities.ConfluenceAssetType; parameter 5: parameterName is catalog/parameterValue is instance of com.topcoder.confluence.entities.ConfluenceCatalog; parameter 6: parameterName is componentType/parameterValue is instance of com.topcoder.confluence.entities.ComponentType; 
Entering the method: createPage(String token, Page page)
Parameters Info: parameter 1: parameterName is token/parameterValue is rW3GdWPooG; parameter 2: parameterName is page/parameterValue is instance of com.topcoder.confluence.entities.Page; 
Entering the method: createPage(String token, String pageName, String version,ConfluenceAssetType assetType, ConfluenceCatalog catalog, ComponentType componentType)
Parameters Info: parameter 1: parameterName is token/parameterValue is rW3GdWPooG; parameter 2: parameterName is pageName/parameterValue is name; parameter 3: parameterName is version/parameterValue is 1; parameter 4: parameterName is assetType/parameterValue is instance of com.topcoder.confluence.entities.ConfluenceAssetType; parameter 5: parameterName is catalog/parameterValue is instance of com.topcoder.confluence.entities.ConfluenceCatalog; parameter 6: parameterName is componentType/parameterValue is instance of com.topcoder.confluence.entities.ComponentType; 
Entering the method: createPage(String token, Page page)
Parameters Info: parameter 1: parameterName is token/parameterValue is rW3GdWPooG; parameter 2: parameterName is page/parameterValue is instance of com.topcoder.confluence.entities.Page; 
Entering the method: createPage(String token, String pageName, String version,ConfluenceAssetType assetType, ConfluenceCatalog catalog, ComponentType componentType)
Parameters Info: parameter 1: parameterName is token/parameterValue is rW3GdWPooG; parameter 2: parameterName is pageName/parameterValue is name; parameter 3: parameterName is version/parameterValue is 1; parameter 4: parameterName is assetType/parameterValue is instance of com.topcoder.confluence.entities.ConfluenceAssetType; parameter 5: parameterName is catalog/parameterValue is instance of com.topcoder.confluence.entities.ConfluenceCatalog; parameter 6: parameterName is componentType/parameterValue is instance of com.topcoder.confluence.entities.ComponentType; 
Entering the method: createPage(String token, Page page)
Parameters Info: parameter 1: parameterName is token/parameterValue is rW3GdWPooG; parameter 2: parameterName is page/parameterValue is instance of com.topcoder.confluence.entities.Page; 
Entering the method: createPage(String token, String pageName, String version,ConfluenceAssetType assetType, ConfluenceCatalog catalog, ComponentType componentType)
Parameters Info: parameter 1: parameterName is token/parameterValue is rW3GdWPooG; parameter 2: parameterName is pageName/parameterValue is name; parameter 3: parameterName is version/parameterValue is 1; parameter 4: parameterName is assetType/parameterValue is instance of com.topcoder.confluence.entities.ConfluenceAssetType; parameter 5: parameterName is catalog/parameterValue is instance of com.topcoder.confluence.entities.ConfluenceCatalog; parameter 6: parameterName is componentType/parameterValue is instance of com.topcoder.confluence.entities.ComponentType; 
Entering the method: createPage(String token, Page page)
Parameters Info: parameter 1: parameterName is token/parameterValue is rW3GdWPooG; parameter 2: parameterName is page/parameterValue is instance of com.topcoder.confluence.entities.Page; 
Entering the method: createPage(String token, String pageName, String version,ConfluenceAssetType assetType, ConfluenceCatalog catalog, ComponentType componentType)
Parameters Info: parameter 1: parameterName is token/parameterValue is rW3GdWPooG; parameter 2: parameterName is pageName/parameterValue is name; parameter 3: parameterName is version/parameterValue is 1; parameter 4: parameterName is assetType/parameterValue is instance of com.topcoder.confluence.entities.ConfluenceAssetType; parameter 5: parameterName is catalog/parameterValue is instance of com.topcoder.confluence.entities.ConfluenceCatalog; parameter 6: parameterName is componentType/parameterValue is instance of com.topcoder.confluence.entities.ComponentType; 
Entering the method: createPage(String token, Page page)
Parameters Info: parameter 1: parameterName is token/parameterValue is rW3GdWPooG; parameter 2: parameterName is page/parameterValue is instance of com.topcoder.confluence.entities.Page; 
Entering the method: createPage(String token, String pageName, String version,ConfluenceAssetType assetType, ConfluenceCatalog catalog, ComponentType componentType)
Parameters Info: parameter 1: parameterName is token/parameterValue is rW3GdWPooG; parameter 2: parameterName is pageName/parameterValue is name; parameter 3: parameterName is version/parameterValue is 1; parameter 4: parameterName is assetType/parameterValue is instance of com.topcoder.confluence.entities.ConfluenceAssetType; parameter 5: parameterName is catalog/parameterValue is instance of com.topcoder.confluence.entities.ConfluenceCatalog; parameter 6: parameterName is componentType/parameterValue is instance of com.topcoder.confluence.entities.ComponentType; 
Entering the method: createPage(String token, Page page)
Parameters Info: parameter 1: parameterName is token/parameterValue is rW3GdWPooG; parameter 2: parameterName is page/parameterValue is instance of com.topcoder.confluence.entities.Page; 
Entering the method: createPage(String token, String pageName, String version,ConfluenceAssetType assetType, ConfluenceCatalog catalog, ComponentType componentType)
Parameters Info: parameter 1: parameterName is token/parameterValue is rW3GdWPooG; parameter 2: parameterName is pageName/parameterValue is name; parameter 3: parameterName is version/parameterValue is 1; parameter 4: parameterName is assetType/parameterValue is instance of com.topcoder.confluence.entities.ConfluenceAssetType; parameter 5: parameterName is catalog/parameterValue is instance of com.topcoder.confluence.entities.ConfluenceCatalog; parameter 6: parameterName is componentType/parameterValue is instance of com.topcoder.confluence.entities.ComponentType; 
Entering the method: createPage(String token, Page page)
Parameters Info: parameter 1: parameterName is token/parameterValue is rW3GdWPooG; parameter 2: parameterName is page/parameterValue is instance of com.topcoder.confluence.entities.Page; 
Entering the method: createPage(String token, String pageName, String version,ConfluenceAssetType assetType, ConfluenceCatalog catalog, ComponentType componentType)
Parameters Info: parameter 1: parameterName is token/parameterValue is rW3GdWPooG; parameter 2: parameterName is pageName/parameterValue is name; parameter 3: parameterName is version/parameterValue is 1; parameter 4: parameterName is assetType/parameterValue is instance of com.topcoder.confluence.entities.ConfluenceAssetType; parameter 5: parameterName is catalog/parameterValue is instance of com.topcoder.confluence.entities.ConfluenceCatalog; parameter 6: parameterName is componentType/parameterValue is instance of com.topcoder.confluence.entities.ComponentType; 
Entering the method: createPage(String token, Page page)
Parameters Info: parameter 1: parameterName is token/parameterValue is rW3GdWPooG; parameter 2: parameterName is page/parameterValue is instance of com.topcoder.confluence.entities.Page; 
Entering the method: createPage(String token, String pageName, String version,ConfluenceAssetType assetType, ConfluenceCatalog catalog, ComponentType componentType)
Parameters Info: parameter 1: parameterName is token/parameterValue is rW3GdWPooG; parameter 2: parameterName is pageName/parameterValue is name; parameter 3: parameterName is version/parameterValue is 1; parameter 4: parameterName is assetType/parameterValue is instance of com.topcoder.confluence.entities.ConfluenceAssetType; parameter 5: parameterName is catalog/parameterValue is instance of com.topcoder.confluence.entities.ConfluenceCatalog; parameter 6: parameterName is componentType/parameterValue is instance of com.topcoder.confluence.entities.ComponentType; 
Entering the method: createPage(String token, Page page)
Parameters Info: parameter 1: parameterName is token/parameterValue is rW3GdWPooG; parameter 2: parameterName is page/parameterValue is instance of com.topcoder.confluence.entities.Page; 
Entering the method: createPage(String token, String pageName, String version,ConfluenceAssetType assetType, ConfluenceCatalog catalog, ComponentType componentType)
Parameters Info: parameter 1: parameterName is token/parameterValue is rW3GdWPooG; parameter 2: parameterName is pageName/parameterValue is name; parameter 3: parameterName is version/parameterValue is 1; parameter 4: parameterName is assetType/parameterValue is instance of com.topcoder.confluence.entities.ConfluenceAssetType; parameter 5: parameterName is catalog/parameterValue is instance of com.topcoder.confluence.entities.ConfluenceCatalog; parameter 6: parameterName is componentType/parameterValue is instance of com.topcoder.confluence.entities.ComponentType; 
Entering the method: createPage(String token, Page page)
Parameters Info: parameter 1: parameterName is token/parameterValue is rW3GdWPooG; parameter 2: parameterName is page/parameterValue is instance of com.topcoder.confluence.entities.Page; 
Entering the method: createPage(String token, String pageName, String version,ConfluenceAssetType assetType, ConfluenceCatalog catalog, ComponentType componentType)
Parameters Info: parameter 1: parameterName is token/parameterValue is rW3GdWPooG; parameter 2: parameterName is pageName/parameterValue is name; parameter 3: parameterName is version/parameterValue is 1; parameter 4: parameterName is assetType/parameterValue is instance of com.topcoder.confluence.entities.ConfluenceAssetType; parameter 5: parameterName is catalog/parameterValue is instance of com.topcoder.confluence.entities.ConfluenceCatalog; parameter 6: parameterName is componentType/parameterValue is instance of com.topcoder.confluence.entities.ComponentType; 
Entering the method: createPage(String token, Page page)
Parameters Info: parameter 1: parameterName is token/parameterValue is rW3GdWPooG; parameter 2: parameterName is page/parameterValue is instance of com.topcoder.confluence.entities.Page; 
Entering the method: createPage(String token, String pageName, String version,ConfluenceAssetType assetType, ConfluenceCatalog catalog, ComponentType componentType)
Parameters Info: parameter 1: parameterName is token/parameterValue is rW3GdWPooG; parameter 2: parameterName is pageName/parameterValue is name; parameter 3: parameterName is version/parameterValue is 1; parameter 4: parameterName is assetType/parameterValue is instance of com.topcoder.confluence.entities.ConfluenceAssetType; parameter 5: parameterName is catalog/parameterValue is instance of com.topcoder.confluence.entities.ConfluenceCatalog; parameter 6: parameterName is componentType/parameterValue is instance of com.topcoder.confluence.entities.ComponentType; 
Entering the method: createPage(String token, Page page)
Parameters Info: parameter 1: parameterName is token/parameterValue is rW3GdWPooG; parameter 2: parameterName is page/parameterValue is instance of com.topcoder.confluence.entities.Page; 
Entering the method: createPage(String token, String pageName, String version,ConfluenceAssetType assetType, ConfluenceCatalog catalog, ComponentType componentType)
Parameters Info: parameter 1: parameterName is token/parameterValue is rW3GdWPooG; parameter 2: parameterName is pageName/parameterValue is name; parameter 3: parameterName is version/parameterValue is 1; parameter 4: parameterName is assetType/parameterValue is instance of com.topcoder.confluence.entities.ConfluenceAssetType; parameter 5: parameterName is catalog/parameterValue is instance of com.topcoder.confluence.entities.ConfluenceCatalog; parameter 6: parameterName is componentType/parameterValue is instance of com.topcoder.confluence.entities.ComponentType; 
Entering the method: createPage(String token, Page page)
Parameters Info: parameter 1: parameterName is token/parameterValue is rW3GdWPooG; parameter 2: parameterName is page/parameterValue is instance of com.topcoder.confluence.entities.Page; 
Entering the method: createPage(String token, String pageName, String version,ConfluenceAssetType assetType, ConfluenceCatalog catalog, ComponentType componentType)
Parameters Info: parameter 1: parameterName is token/parameterValue is rW3GdWPooG; parameter 2: parameterName is pageName/parameterValue is name; parameter 3: parameterName is version/parameterValue is 1; parameter 4: parameterName is assetType/parameterValue is instance of com.topcoder.confluence.entities.ConfluenceAssetType; parameter 5: parameterName is catalog/parameterValue is instance of com.topcoder.confluence.entities.ConfluenceCatalog; parameter 6: parameterName is componentType/parameterValue is instance of com.topcoder.confluence.entities.ComponentType; 
Entering the method: createPage(String token, Page page)
Parameters Info: parameter 1: parameterName is token/parameterValue is rW3GdWPooG; parameter 2: parameterName is page/parameterValue is instance of com.topcoder.confluence.entities.Page; 
Entering the method: createPage(String token, String pageName, String version,ConfluenceAssetType assetType, ConfluenceCatalog catalog, ComponentType componentType)
Parameters Info: parameter 1: parameterName is token/parameterValue is rW3GdWPooG; parameter 2: parameterName is pageName/parameterValue is name; parameter 3: parameterName is version/parameterValue is 1; parameter 4: parameterName is assetType/parameterValue is instance of com.topcoder.confluence.entities.ConfluenceAssetType; parameter 5: parameterName is catalog/parameterValue is instance of com.topcoder.confluence.entities.ConfluenceCatalog; parameter 6: parameterName is componentType/parameterValue is instance of com.topcoder.confluence.entities.ComponentType; 
Entering the method: createPage(String token, Page page)
Parameters Info: parameter 1: parameterName is token/parameterValue is rW3GdWPooG; parameter 2: parameterName is page/parameterValue is instance of com.topcoder.confluence.entities.Page; 
Entering the method: createPage(String token, String pageName, String version,ConfluenceAssetType assetType, ConfluenceCatalog catalog, ComponentType componentType)
Parameters Info: parameter 1: parameterName is token/parameterValue is rW3GdWPooG; parameter 2: parameterName is pageName/parameterValue is name; parameter 3: parameterName is version/parameterValue is 1; parameter 4: parameterName is assetType/parameterValue is instance of com.topcoder.confluence.entities.ConfluenceAssetType; parameter 5: parameterName is catalog/parameterValue is instance of com.topcoder.confluence.entities.ConfluenceCatalog; parameter 6: parameterName is componentType/parameterValue is instance of com.topcoder.confluence.entities.ComponentType; 
Entering the method: createPage(String token, Page page)
Parameters Info: parameter 1: parameterName is token/parameterValue is rW3GdWPooG; parameter 2: parameterName is page/parameterValue is instance of com.topcoder.confluence.entities.Page; 
Entering the method: createPage(String token, String pageName, String version,ConfluenceAssetType assetType, ConfluenceCatalog catalog, ComponentType componentType)
Parameters Info: parameter 1: parameterName is token/parameterValue is rW3GdWPooG; parameter 2: parameterName is pageName/parameterValue is name; parameter 3: parameterName is version/parameterValue is 1; parameter 4: parameterName is assetType/parameterValue is instance of com.topcoder.confluence.entities.ConfluenceAssetType; parameter 5: parameterName is catalog/parameterValue is instance of com.topcoder.confluence.entities.ConfluenceCatalog; parameter 6: parameterName is componentType/parameterValue is instance of com.topcoder.confluence.entities.ComponentType; 
Entering the method: createPage(String token, Page page)
Parameters Info: parameter 1: parameterName is token/parameterValue is rW3GdWPooG; parameter 2: parameterName is page/parameterValue is instance of com.topcoder.confluence.entities.Page; 
Entering the method: createPage(String token, String pageName, String version,ConfluenceAssetType assetType, ConfluenceCatalog catalog, ComponentType componentType)
Parameters Info: parameter 1: parameterName is token/parameterValue is rW3GdWPooG; parameter 2: parameterName is pageName/parameterValue is name; parameter 3: parameterName is version/parameterValue is 1; parameter 4: parameterName is assetType/parameterValue is instance of com.topcoder.confluence.entities.ConfluenceAssetType; parameter 5: parameterName is catalog/parameterValue is instance of com.topcoder.confluence.entities.ConfluenceCatalog; parameter 6: parameterName is componentType/parameterValue is instance of com.topcoder.confluence.entities.ComponentType; 
Entering the method: createPage(String token, Page page)
Parameters Info: parameter 1: parameterName is token/parameterValue is rW3GdWPooG; parameter 2: parameterName is page/parameterValue is instance of com.topcoder.confluence.entities.Page; 
Entering the method: createPage(String token, String pageName, String version,ConfluenceAssetType assetType, ConfluenceCatalog catalog, ComponentType componentType)
Parameters Info: parameter 1: parameterName is token/parameterValue is rW3GdWPooG; parameter 2: parameterName is pageName/parameterValue is name; parameter 3: parameterName is version/parameterValue is 1; parameter 4: parameterName is assetType/parameterValue is instance of com.topcoder.confluence.entities.ConfluenceAssetType; parameter 5: parameterName is catalog/parameterValue is instance of com.topcoder.confluence.entities.ConfluenceCatalog; parameter 6: parameterName is componentType/parameterValue is instance of com.topcoder.confluence.entities.ComponentType; 
Entering the method: createPage(String token, Page page)
Parameters Info: parameter 1: parameterName is token/parameterValue is rW3GdWPooG; parameter 2: parameterName is page/parameterValue is instance of com.topcoder.confluence.entities.Page; 
Entering the method: createPage(String token, String pageName, String version,ConfluenceAssetType assetType, ConfluenceCatalog catalog, ComponentType componentType)
Parameters Info: parameter 1: parameterName is token/parameterValue is rW3GdWPooG; parameter 2: parameterName is pageName/parameterValue is name; parameter 3: parameterName is version/parameterValue is 1; parameter 4: parameterName is assetType/parameterValue is instance of com.topcoder.confluence.entities.ConfluenceAssetType; parameter 5: parameterName is catalog/parameterValue is instance of com.topcoder.confluence.entities.ConfluenceCatalog; parameter 6: parameterName is componentType/parameterValue is instance of com.topcoder.confluence.entities.ComponentType; 
Entering the method: createPage(String token, Page page)
Parameters Info: parameter 1: parameterName is token/parameterValue is rW3GdWPooG; parameter 2: parameterName is page/parameterValue is instance of com.topcoder.confluence.entities.Page; 
Entering the method: createPage(String token, String pageName, String version,ConfluenceAssetType assetType, ConfluenceCatalog catalog, ComponentType componentType)
Parameters Info: parameter 1: parameterName is token/parameterValue is rW3GdWPooG; parameter 2: parameterName is pageName/parameterValue is name; parameter 3: parameterName is version/parameterValue is 1; parameter 4: parameterName is assetType/parameterValue is instance of com.topcoder.confluence.entities.ConfluenceAssetType; parameter 5: parameterName is catalog/parameterValue is instance of com.topcoder.confluence.entities.ConfluenceCatalog; parameter 6: parameterName is componentType/parameterValue is instance of com.topcoder.confluence.entities.ComponentType; 
Entering the method: createPage(String token, Page page)
Parameters Info: parameter 1: parameterName is token/parameterValue is rW3GdWPooG; parameter 2: parameterName is page/parameterValue is instance of com.topcoder.confluence.entities.Page; 
Entering the method: createPage(String token, String pageName, String version,ConfluenceAssetType assetType, ConfluenceCatalog catalog, ComponentType componentType)
Parameters Info: parameter 1: parameterName is token/parameterValue is rW3GdWPooG; parameter 2: parameterName is pageName/parameterValue is name; parameter 3: parameterName is version/parameterValue is 1; parameter 4: parameterName is assetType/parameterValue is instance of com.topcoder.confluence.entities.ConfluenceAssetType; parameter 5: parameterName is catalog/parameterValue is instance of com.topcoder.confluence.entities.ConfluenceCatalog; parameter 6: parameterName is componentType/parameterValue is instance of com.topcoder.confluence.entities.ComponentType; 
Entering the method: createPage(String token, Page page)
Parameters Info: parameter 1: parameterName is token/parameterValue is rW3GdWPooG; parameter 2: parameterName is page/parameterValue is instance of com.topcoder.confluence.entities.Page; 
Entering the method: createPage(String token, String pageName, String version,ConfluenceAssetType assetType, ConfluenceCatalog catalog, ComponentType componentType)
Parameters Info: parameter 1: parameterName is token/parameterValue is rW3GdWPooG; parameter 2: parameterName is pageName/parameterValue is name; parameter 3: parameterName is version/parameterValue is 1; parameter 4: parameterName is assetType/parameterValue is instance of com.topcoder.confluence.entities.ConfluenceAssetType; parameter 5: parameterName is catalog/parameterValue is instance of com.topcoder.confluence.entities.ConfluenceCatalog; parameter 6: parameterName is componentType/parameterValue is instance of com.topcoder.confluence.entities.ComponentType; 
Entering the method: createPage(String token, Page page)
Parameters Info: parameter 1: parameterName is token/parameterValue is rW3GdWPooG; parameter 2: parameterName is page/parameterValue is instance of com.topcoder.confluence.entities.Page; 
Entering the method: createPage(String token, String pageName, String version,ConfluenceAssetType assetType, ConfluenceCatalog catalog, ComponentType componentType)
Parameters Info: parameter 1: parameterName is token/parameterValue is rW3GdWPooG; parameter 2: parameterName is pageName/parameterValue is name; parameter 3: parameterName is version/parameterValue is 1; parameter 4: parameterName is assetType/parameterValue is instance of com.topcoder.confluence.entities.ConfluenceAssetType; parameter 5: parameterName is catalog/parameterValue is instance of com.topcoder.confluence.entities.ConfluenceCatalog; parameter 6: parameterName is componentType/parameterValue is instance of com.topcoder.confluence.entities.ComponentType; 
Entering the method: createPage(String token, Page page)
Parameters Info: parameter 1: parameterName is token/parameterValue is rW3GdWPooG; parameter 2: parameterName is page/parameterValue is instance of com.topcoder.confluence.entities.Page; 
Entering the method: createPage(String token, String pageName, String version,ConfluenceAssetType assetType, ConfluenceCatalog catalog, ComponentType componentType)
Parameters Info: parameter 1: parameterName is token/parameterValue is rW3GdWPooG; parameter 2: parameterName is pageName/parameterValue is name; parameter 3: parameterName is version/parameterValue is 1; parameter 4: parameterName is assetType/parameterValue is instance of com.topcoder.confluence.entities.ConfluenceAssetType; parameter 5: parameterName is catalog/parameterValue is instance of com.topcoder.confluence.entities.ConfluenceCatalog; parameter 6: parameterName is componentType/parameterValue is instance of com.topcoder.confluence.entities.ComponentType; 
Entering the method: createPage(String token, Page page)
Parameters Info: parameter 1: parameterName is token/parameterValue is rW3GdWPooG; parameter 2: parameterName is page/parameterValue is instance of com.topcoder.confluence.entities.Page; 
Entering the method: createPage(String token, String pageName, String version,ConfluenceAssetType assetType, ConfluenceCatalog catalog, ComponentType componentType)
Parameters Info: parameter 1: parameterName is token/parameterValue is rW3GdWPooG; parameter 2: parameterName is pageName/parameterValue is name; parameter 3: parameterName is version/parameterValue is 1; parameter 4: parameterName is assetType/parameterValue is instance of com.topcoder.confluence.entities.ConfluenceAssetType; parameter 5: parameterName is catalog/parameterValue is instance of com.topcoder.confluence.entities.ConfluenceCatalog; parameter 6: parameterName is componentType/parameterValue is instance of com.topcoder.confluence.entities.ComponentType; 
Entering the method: createPage(String token, Page page)
Parameters Info: parameter 1: parameterName is token/parameterValue is rW3GdWPooG; parameter 2: parameterName is page/parameterValue is instance of com.topcoder.confluence.entities.Page; 
Entering the method: createPage(String token, String pageName, String version,ConfluenceAssetType assetType, ConfluenceCatalog catalog, ComponentType componentType)
Parameters Info: parameter 1: parameterName is token/parameterValue is rW3GdWPooG; parameter 2: parameterName is pageName/parameterValue is name; parameter 3: parameterName is version/parameterValue is 1; parameter 4: parameterName is assetType/parameterValue is instance of com.topcoder.confluence.entities.ConfluenceAssetType; parameter 5: parameterName is catalog/parameterValue is instance of com.topcoder.confluence.entities.ConfluenceCatalog; parameter 6: parameterName is componentType/parameterValue is instance of com.topcoder.confluence.entities.ComponentType; 
Entering the method: createPage(String token, Page page)
Parameters Info: parameter 1: parameterName is token/parameterValue is rW3GdWPooG; parameter 2: parameterName is page/parameterValue is instance of com.topcoder.confluence.entities.Page; 
Entering the method: createPage(String token, String pageName, String version,ConfluenceAssetType assetType, ConfluenceCatalog catalog, ComponentType componentType)
Parameters Info: parameter 1: parameterName is token/parameterValue is rW3GdWPooG; parameter 2: parameterName is pageName/parameterValue is name; parameter 3: parameterName is version/parameterValue is 1; parameter 4: parameterName is assetType/parameterValue is instance of com.topcoder.confluence.entities.ConfluenceAssetType; parameter 5: parameterName is catalog/parameterValue is instance of com.topcoder.confluence.entities.ConfluenceCatalog; parameter 6: parameterName is componentType/parameterValue is instance of com.topcoder.confluence.entities.ComponentType; 
Entering the method: createPage(String token, Page page)
Parameters Info: parameter 1: parameterName is token/parameterValue is rW3GdWPooG; parameter 2: parameterName is page/parameterValue is instance of com.topcoder.confluence.entities.Page; 
Entering the method: createPage(String token, String pageName, String version,ConfluenceAssetType assetType, ConfluenceCatalog catalog, ComponentType componentType)
Parameters Info: parameter 1: parameterName is token/parameterValue is rW3GdWPooG; parameter 2: parameterName is pageName/parameterValue is name; parameter 3: parameterName is version/parameterValue is 1; parameter 4: parameterName is assetType/parameterValue is instance of com.topcoder.confluence.entities.ConfluenceAssetType; parameter 5: parameterName is catalog/parameterValue is instance of com.topcoder.confluence.entities.ConfluenceCatalog; parameter 6: parameterName is componentType/parameterValue is instance of com.topcoder.confluence.entities.ComponentType; 
Entering the method: createPage(String token, Page page)
Parameters Info: parameter 1: parameterName is token/parameterValue is rW3GdWPooG; parameter 2: parameterName is page/parameterValue is instance of com.topcoder.confluence.entities.Page; 
Entering the method: createPage(String token, String pageName, String version,ConfluenceAssetType assetType, ConfluenceCatalog catalog, ComponentType componentType)
Parameters Info: parameter 1: parameterName is token/parameterValue is rW3GdWPooG; parameter 2: parameterName is pageName/parameterValue is name; parameter 3: parameterName is version/parameterValue is 1; parameter 4: parameterName is assetType/parameterValue is instance of com.topcoder.confluence.entities.ConfluenceAssetType; parameter 5: parameterName is catalog/parameterValue is instance of com.topcoder.confluence.entities.ConfluenceCatalog; parameter 6: parameterName is componentType/parameterValue is instance of com.topcoder.confluence.entities.ComponentType; 
Entering the method: createPage(String token, Page page)
Parameters Info: parameter 1: parameterName is token/parameterValue is rW3GdWPooG; parameter 2: parameterName is page/parameterValue is instance of com.topcoder.confluence.entities.Page; 
Entering the method: createPage(String token, String pageName, String version,ConfluenceAssetType assetType, ConfluenceCatalog catalog, ComponentType componentType)
Parameters Info: parameter 1: parameterName is token/parameterValue is rW3GdWPooG; parameter 2: parameterName is pageName/parameterValue is name; parameter 3: parameterName is version/parameterValue is 1; parameter 4: parameterName is assetType/parameterValue is instance of com.topcoder.confluence.entities.ConfluenceAssetType; parameter 5: parameterName is catalog/parameterValue is instance of com.topcoder.confluence.entities.ConfluenceCatalog; parameter 6: parameterName is componentType/parameterValue is instance of com.topcoder.confluence.entities.ComponentType; 
Entering the method: createPage(String token, Page page)
Parameters Info: parameter 1: parameterName is token/parameterValue is rW3GdWPooG; parameter 2: parameterName is page/parameterValue is instance of com.topcoder.confluence.entities.Page; 
Entering the method: createPage(String token, String pageName, String version,ConfluenceAssetType assetType, ConfluenceCatalog catalog, ComponentType componentType)
Parameters Info: parameter 1: parameterName is token/parameterValue is rW3GdWPooG; parameter 2: parameterName is pageName/parameterValue is name; parameter 3: parameterName is version/parameterValue is 1; parameter 4: parameterName is assetType/parameterValue is instance of com.topcoder.confluence.entities.ConfluenceAssetType; parameter 5: parameterName is catalog/parameterValue is instance of com.topcoder.confluence.entities.ConfluenceCatalog; parameter 6: parameterName is componentType/parameterValue is instance of com.topcoder.confluence.entities.ComponentType; 
Entering the method: createPage(String token, Page page)
Parameters Info: parameter 1: parameterName is token/parameterValue is rW3GdWPooG; parameter 2: parameterName is page/parameterValue is instance of com.topcoder.confluence.entities.Page; 
Entering the method: createPage(String token, String pageName, String version,ConfluenceAssetType assetType, ConfluenceCatalog catalog, ComponentType componentType)
Parameters Info: parameter 1: parameterName is token/parameterValue is rW3GdWPooG; parameter 2: parameterName is pageName/parameterValue is name; parameter 3: parameterName is version/parameterValue is 1; parameter 4: parameterName is assetType/parameterValue is instance of com.topcoder.confluence.entities.ConfluenceAssetType; parameter 5: parameterName is catalog/parameterValue is instance of com.topcoder.confluence.entities.ConfluenceCatalog; parameter 6: parameterName is componentType/parameterValue is instance of com.topcoder.confluence.entities.ComponentType; 
Entering the method: createPage(String token, Page page)
Parameters Info: parameter 1: parameterName is token/parameterValue is rW3GdWPooG; parameter 2: parameterName is page/parameterValue is instance of com.topcoder.confluence.entities.Page; 
Entering the method: createPage(String token, String pageName, String version,ConfluenceAssetType assetType, ConfluenceCatalog catalog, ComponentType componentType)
Parameters Info: parameter 1: parameterName is token/parameterValue is rW3GdWPooG; parameter 2: parameterName is pageName/parameterValue is name; parameter 3: parameterName is version/parameterValue is 1; parameter 4: parameterName is assetType/parameterValue is instance of com.topcoder.confluence.entities.ConfluenceAssetType; parameter 5: parameterName is catalog/parameterValue is instance of com.topcoder.confluence.entities.ConfluenceCatalog; parameter 6: parameterName is componentType/parameterValue is instance of com.topcoder.confluence.entities.ComponentType; 
Entering the method: createPage(String token, Page page)
Parameters Info: parameter 1: parameterName is token/parameterValue is rW3GdWPooG; parameter 2: parameterName is page/parameterValue is instance of com.topcoder.confluence.entities.Page; 
Entering the method: createPage(String token, String pageName, String version,ConfluenceAssetType assetType, ConfluenceCatalog catalog, ComponentType componentType)
Parameters Info: parameter 1: parameterName is token/parameterValue is rW3GdWPooG; parameter 2: parameterName is pageName/parameterValue is name; parameter 3: parameterName is version/parameterValue is 1; parameter 4: parameterName is assetType/parameterValue is instance of com.topcoder.confluence.entities.ConfluenceAssetType; parameter 5: parameterName is catalog/parameterValue is instance of com.topcoder.confluence.entities.ConfluenceCatalog; parameter 6: parameterName is componentType/parameterValue is instance of com.topcoder.confluence.entities.ComponentType; 
Entering the method: createPage(String token, Page page)
Parameters Info: parameter 1: parameterName is token/parameterValue is rW3GdWPooG; parameter 2: parameterName is page/parameterValue is instance of com.topcoder.confluence.entities.Page; 
Entering the method: createPage(String token, String pageName, String version,ConfluenceAssetType assetType, ConfluenceCatalog catalog, ComponentType componentType)
Parameters Info: parameter 1: parameterName is token/parameterValue is rW3GdWPooG; parameter 2: parameterName is pageName/parameterValue is name; parameter 3: parameterName is version/parameterValue is 1; parameter 4: parameterName is assetType/parameterValue is instance of com.topcoder.confluence.entities.ConfluenceAssetType; parameter 5: parameterName is catalog/parameterValue is instance of com.topcoder.confluence.entities.ConfluenceCatalog; parameter 6: parameterName is componentType/parameterValue is instance of com.topcoder.confluence.entities.ComponentType; 
Entering the method: createPage(String token, Page page)
Parameters Info: parameter 1: parameterName is token/parameterValue is rW3GdWPooG; parameter 2: parameterName is page/parameterValue is instance of com.topcoder.confluence.entities.Page; 
Entering the method: createPage(String token, String pageName, String version,ConfluenceAssetType assetType, ConfluenceCatalog catalog, ComponentType componentType)
Parameters Info: parameter 1: parameterName is token/parameterValue is rW3GdWPooG; parameter 2: parameterName is pageName/parameterValue is name; parameter 3: parameterName is version/parameterValue is 1; parameter 4: parameterName is assetType/parameterValue is instance of com.topcoder.confluence.entities.ConfluenceAssetType; parameter 5: parameterName is catalog/parameterValue is instance of com.topcoder.confluence.entities.ConfluenceCatalog; parameter 6: parameterName is componentType/parameterValue is instance of com.topcoder.confluence.entities.ComponentType; 
Entering the method: createPage(String token, Page page)
Parameters Info: parameter 1: parameterName is token/parameterValue is rW3GdWPooG; parameter 2: parameterName is page/parameterValue is instance of com.topcoder.confluence.entities.Page; 
Entering the method: createPage(String token, String pageName, String version,ConfluenceAssetType assetType, ConfluenceCatalog catalog, ComponentType componentType)
Parameters Info: parameter 1: parameterName is token/parameterValue is rW3GdWPooG; parameter 2: parameterName is pageName/parameterValue is name; parameter 3: parameterName is version/parameterValue is 1; parameter 4: parameterName is assetType/parameterValue is instance of com.topcoder.confluence.entities.ConfluenceAssetType; parameter 5: parameterName is catalog/parameterValue is instance of com.topcoder.confluence.entities.ConfluenceCatalog; parameter 6: parameterName is componentType/parameterValue is instance of com.topcoder.confluence.entities.ComponentType; 
Entering the method: createPage(String token, Page page)
Parameters Info: parameter 1: parameterName is token/parameterValue is rW3GdWPooG; parameter 2: parameterName is page/parameterValue is instance of com.topcoder.confluence.entities.Page; 
Entering the method: createPage(String token, String pageName, String version,ConfluenceAssetType assetType, ConfluenceCatalog catalog, ComponentType componentType)
Parameters Info: parameter 1: parameterName is token/parameterValue is rW3GdWPooG; parameter 2: parameterName is pageName/parameterValue is name; parameter 3: parameterName is version/parameterValue is 1; parameter 4: parameterName is assetType/parameterValue is instance of com.topcoder.confluence.entities.ConfluenceAssetType; parameter 5: parameterName is catalog/parameterValue is instance of com.topcoder.confluence.entities.ConfluenceCatalog; parameter 6: parameterName is componentType/parameterValue is instance of com.topcoder.confluence.entities.ComponentType; 
Entering the method: createPage(String token, Page page)
Parameters Info: parameter 1: parameterName is token/parameterValue is rW3GdWPooG; parameter 2: parameterName is page/parameterValue is instance of com.topcoder.confluence.entities.Page; 
Entering the method: createPage(String token, String pageName, String version,ConfluenceAssetType assetType, ConfluenceCatalog catalog, ComponentType componentType)
Parameters Info: parameter 1: parameterName is token/parameterValue is rW3GdWPooG; parameter 2: parameterName is pageName/parameterValue is name; parameter 3: parameterName is version/parameterValue is 1; parameter 4: parameterName is assetType/parameterValue is instance of com.topcoder.confluence.entities.ConfluenceAssetType; parameter 5: parameterName is catalog/parameterValue is instance of com.topcoder.confluence.entities.ConfluenceCatalog; parameter 6: parameterName is componentType/parameterValue is instance of com.topcoder.confluence.entities.ComponentType; 
Entering the method: createPage(String token, Page page)
Parameters Info: parameter 1: parameterName is token/parameterValue is rW3GdWPooG; parameter 2: parameterName is page/parameterValue is instance of com.topcoder.confluence.entities.Page; 
Entering the method: createPage(String token, String pageName, String version,ConfluenceAssetType assetType, ConfluenceCatalog catalog, ComponentType componentType)
Parameters Info: parameter 1: parameterName is token/parameterValue is rW3GdWPooG; parameter 2: parameterName is pageName/parameterValue is name; parameter 3: parameterName is version/parameterValue is 1; parameter 4: parameterName is assetType/parameterValue is instance of com.topcoder.confluence.entities.ConfluenceAssetType; parameter 5: parameterName is catalog/parameterValue is instance of com.topcoder.confluence.entities.ConfluenceCatalog; parameter 6: parameterName is componentType/parameterValue is instance of com.topcoder.confluence.entities.ComponentType; 
Entering the method: createPage(String token, Page page)
Parameters Info: parameter 1: parameterName is token/parameterValue is rW3GdWPooG; parameter 2: parameterName is page/parameterValue is instance of com.topcoder.confluence.entities.Page; 
Entering the method: createPage(String token, String pageName, String version,ConfluenceAssetType assetType, ConfluenceCatalog catalog, ComponentType componentType)
Parameters Info: parameter 1: parameterName is token/parameterValue is rW3GdWPooG; parameter 2: parameterName is pageName/parameterValue is name; parameter 3: parameterName is version/parameterValue is 1; parameter 4: parameterName is assetType/parameterValue is instance of com.topcoder.confluence.entities.ConfluenceAssetType; parameter 5: parameterName is catalog/parameterValue is instance of com.topcoder.confluence.entities.ConfluenceCatalog; parameter 6: parameterName is componentType/parameterValue is instance of com.topcoder.confluence.entities.ComponentType; 
Entering the method: createPage(String token, Page page)
Parameters Info: parameter 1: parameterName is token/parameterValue is rW3GdWPooG; parameter 2: parameterName is page/parameterValue is instance of com.topcoder.confluence.entities.Page; 
Entering the method: createPage(String token, String pageName, String version,ConfluenceAssetType assetType, ConfluenceCatalog catalog, ComponentType componentType)
Parameters Info: parameter 1: parameterName is token/parameterValue is rW3GdWPooG; parameter 2: parameterName is pageName/parameterValue is name; parameter 3: parameterName is version/parameterValue is 1; parameter 4: parameterName is assetType/parameterValue is instance of com.topcoder.confluence.entities.ConfluenceAssetType; parameter 5: parameterName is catalog/parameterValue is instance of com.topcoder.confluence.entities.ConfluenceCatalog; parameter 6: parameterName is componentType/parameterValue is instance of com.topcoder.confluence.entities.ComponentType; 
Entering the method: createPage(String token, Page page)
Parameters Info: parameter 1: parameterName is token/parameterValue is rW3GdWPooG; parameter 2: parameterName is page/parameterValue is instance of com.topcoder.confluence.entities.Page; 
Entering the method: createPage(String token, String pageName, String version,ConfluenceAssetType assetType, ConfluenceCatalog catalog, ComponentType componentType)
Parameters Info: parameter 1: parameterName is token/parameterValue is rW3GdWPooG; parameter 2: parameterName is pageName/parameterValue is name; parameter 3: parameterName is version/parameterValue is 1; parameter 4: parameterName is assetType/parameterValue is instance of com.topcoder.confluence.entities.ConfluenceAssetType; parameter 5: parameterName is catalog/parameterValue is instance of com.topcoder.confluence.entities.ConfluenceCatalog; parameter 6: parameterName is componentType/parameterValue is instance of com.topcoder.confluence.entities.ComponentType; 
Entering the method: createPage(String token, Page page)
Parameters Info: parameter 1: parameterName is token/parameterValue is rW3GdWPooG; parameter 2: parameterName is page/parameterValue is instance of com.topcoder.confluence.entities.Page; 
Entering the method: createPage(String token, String pageName, String version,ConfluenceAssetType assetType, ConfluenceCatalog catalog, ComponentType componentType)
Parameters Info: parameter 1: parameterName is token/parameterValue is rW3GdWPooG; parameter 2: parameterName is pageName/parameterValue is name; parameter 3: parameterName is version/parameterValue is 1; parameter 4: parameterName is assetType/parameterValue is instance of com.topcoder.confluence.entities.ConfluenceAssetType; parameter 5: parameterName is catalog/parameterValue is instance of com.topcoder.confluence.entities.ConfluenceCatalog; parameter 6: parameterName is componentType/parameterValue is instance of com.topcoder.confluence.entities.ComponentType; 
Entering the method: createPage(String token, Page page)
Parameters Info: parameter 1: parameterName is token/parameterValue is rW3GdWPooG; parameter 2: parameterName is page/parameterValue is instance of com.topcoder.confluence.entities.Page; 
Entering the method: createPage(String token, String pageName, String version,ConfluenceAssetType assetType, ConfluenceCatalog catalog, ComponentType componentType)
Parameters Info: parameter 1: parameterName is token/parameterValue is rW3GdWPooG; parameter 2: parameterName is pageName/parameterValue is name; parameter 3: parameterName is version/parameterValue is 1; parameter 4: parameterName is assetType/parameterValue is instance of com.topcoder.confluence.entities.ConfluenceAssetType; parameter 5: parameterName is catalog/parameterValue is instance of com.topcoder.confluence.entities.ConfluenceCatalog; parameter 6: parameterName is componentType/parameterValue is instance of com.topcoder.confluence.entities.ComponentType; 
Entering the method: createPage(String token, Page page)
Parameters Info: parameter 1: parameterName is token/parameterValue is rW3GdWPooG; parameter 2: parameterName is page/parameterValue is instance of com.topcoder.confluence.entities.Page; 
Entering the method: createPage(String token, String pageName, String version,ConfluenceAssetType assetType, ConfluenceCatalog catalog, ComponentType componentType)
Parameters Info: parameter 1: parameterName is token/parameterValue is rW3GdWPooG; parameter 2: parameterName is pageName/parameterValue is name; parameter 3: parameterName is version/parameterValue is 1; parameter 4: parameterName is assetType/parameterValue is instance of com.topcoder.confluence.entities.ConfluenceAssetType; parameter 5: parameterName is catalog/parameterValue is instance of com.topcoder.confluence.entities.ConfluenceCatalog; parameter 6: parameterName is componentType/parameterValue is instance of com.topcoder.confluence.entities.ComponentType; 
Entering the method: createPage(String token, Page page)
Parameters Info: parameter 1: parameterName is token/parameterValue is rW3GdWPooG; parameter 2: parameterName is page/parameterValue is instance of com.topcoder.confluence.entities.Page; 
Entering the method: createPage(String token, String pageName, String version,ConfluenceAssetType assetType, ConfluenceCatalog catalog, ComponentType componentType)
Parameters Info: parameter 1: parameterName is token/parameterValue is rW3GdWPooG; parameter 2: parameterName is pageName/parameterValue is name; parameter 3: parameterName is version/parameterValue is 1; parameter 4: parameterName is assetType/parameterValue is instance of com.topcoder.confluence.entities.ConfluenceAssetType; parameter 5: parameterName is catalog/parameterValue is instance of com.topcoder.confluence.entities.ConfluenceCatalog; parameter 6: parameterName is componentType/parameterValue is instance of com.topcoder.confluence.entities.ComponentType; 
Entering the method: createPage(String token, Page page)
Parameters Info: parameter 1: parameterName is token/parameterValue is rW3GdWPooG; parameter 2: parameterName is page/parameterValue is instance of com.topcoder.confluence.entities.Page; 
Entering the method: createPage(String token, String pageName, String version,ConfluenceAssetType assetType, ConfluenceCatalog catalog, ComponentType componentType)
Parameters Info: parameter 1: parameterName is token/parameterValue is rW3GdWPooG; parameter 2: parameterName is pageName/parameterValue is name; parameter 3: parameterName is version/parameterValue is 1; parameter 4: parameterName is assetType/parameterValue is instance of com.topcoder.confluence.entities.ConfluenceAssetType; parameter 5: parameterName is catalog/parameterValue is instance of com.topcoder.confluence.entities.ConfluenceCatalog; parameter 6: parameterName is componentType/parameterValue is instance of com.topcoder.confluence.entities.ComponentType; 
Entering the method: createPage(String token, Page page)
Parameters Info: parameter 1: parameterName is token/parameterValue is rW3GdWPooG; parameter 2: parameterName is page/parameterValue is instance of com.topcoder.confluence.entities.Page; 
Entering the method: createPage(String token, String pageName, String version,ConfluenceAssetType assetType, ConfluenceCatalog catalog, ComponentType componentType)
Parameters Info: parameter 1: parameterName is token/parameterValue is rW3GdWPooG; parameter 2: parameterName is pageName/parameterValue is name; parameter 3: parameterName is version/parameterValue is 1; parameter 4: parameterName is assetType/parameterValue is instance of com.topcoder.confluence.entities.ConfluenceAssetType; parameter 5: parameterName is catalog/parameterValue is instance of com.topcoder.confluence.entities.ConfluenceCatalog; parameter 6: parameterName is componentType/parameterValue is instance of com.topcoder.confluence.entities.ComponentType; 
Entering the method: createPage(String token, Page page)
Parameters Info: parameter 1: parameterName is token/parameterValue is rW3GdWPooG; parameter 2: parameterName is page/parameterValue is instance of com.topcoder.confluence.entities.Page; 
Entering the method: createPage(String token, String pageName, String version,ConfluenceAssetType assetType, ConfluenceCatalog catalog, ComponentType componentType)
Parameters Info: parameter 1: parameterName is token/parameterValue is rW3GdWPooG; parameter 2: parameterName is pageName/parameterValue is name; parameter 3: parameterName is version/parameterValue is 1; parameter 4: parameterName is assetType/parameterValue is instance of com.topcoder.confluence.entities.ConfluenceAssetType; parameter 5: parameterName is catalog/parameterValue is instance of com.topcoder.confluence.entities.ConfluenceCatalog; parameter 6: parameterName is componentType/parameterValue is instance of com.topcoder.confluence.entities.ComponentType; 
Entering the method: createPage(String token, Page page)
Parameters Info: parameter 1: parameterName is token/parameterValue is rW3GdWPooG; parameter 2: parameterName is page/parameterValue is instance of com.topcoder.confluence.entities.Page; 
Entering the method: createPage(String token, String pageName, String version,ConfluenceAssetType assetType, ConfluenceCatalog catalog, ComponentType componentType)
Parameters Info: parameter 1: parameterName is token/parameterValue is rW3GdWPooG; parameter 2: parameterName is pageName/parameterValue is name; parameter 3: parameterName is version/parameterValue is 1; parameter 4: parameterName is assetType/parameterValue is instance of com.topcoder.confluence.entities.ConfluenceAssetType; parameter 5: parameterName is catalog/parameterValue is instance of com.topcoder.confluence.entities.ConfluenceCatalog; parameter 6: parameterName is componentType/parameterValue is instance of com.topcoder.confluence.entities.ComponentType; 
Entering the method: createPage(String token, Page page)
Parameters Info: parameter 1: parameterName is token/parameterValue is rW3GdWPooG; parameter 2: parameterName is page/parameterValue is instance of com.topcoder.confluence.entities.Page; 
Entering the method: createPage(String token, String pageName, String version,ConfluenceAssetType assetType, ConfluenceCatalog catalog, ComponentType componentType)
Parameters Info: parameter 1: parameterName is token/parameterValue is rW3GdWPooG; parameter 2: parameterName is pageName/parameterValue is name; parameter 3: parameterName is version/parameterValue is 1; parameter 4: parameterName is assetType/parameterValue is instance of com.topcoder.confluence.entities.ConfluenceAssetType; parameter 5: parameterName is catalog/parameterValue is instance of com.topcoder.confluence.entities.ConfluenceCatalog; parameter 6: parameterName is componentType/parameterValue is instance of com.topcoder.confluence.entities.ComponentType; 
Entering the method: createPage(String token, Page page)
Parameters Info: parameter 1: parameterName is token/parameterValue is rW3GdWPooG; parameter 2: parameterName is page/parameterValue is instance of com.topcoder.confluence.entities.Page; 
Entering the method: createPage(String token, String pageName, String version,ConfluenceAssetType assetType, ConfluenceCatalog catalog, ComponentType componentType)
Parameters Info: parameter 1: parameterName is token/parameterValue is rW3GdWPooG; parameter 2: parameterName is pageName/parameterValue is name; parameter 3: parameterName is version/parameterValue is 1; parameter 4: parameterName is assetType/parameterValue is instance of com.topcoder.confluence.entities.ConfluenceAssetType; parameter 5: parameterName is catalog/parameterValue is instance of com.topcoder.confluence.entities.ConfluenceCatalog; parameter 6: parameterName is componentType/parameterValue is instance of com.topcoder.confluence.entities.ComponentType; 
Entering the method: createPage(String token, Page page)
Parameters Info: parameter 1: parameterName is token/parameterValue is rW3GdWPooG; parameter 2: parameterName is page/parameterValue is instance of com.topcoder.confluence.entities.Page; 
Entering the method: createPage(String token, String pageName, String version,ConfluenceAssetType assetType, ConfluenceCatalog catalog, ComponentType componentType)
Parameters Info: parameter 1: parameterName is token/parameterValue is rW3GdWPooG; parameter 2: parameterName is pageName/parameterValue is name; parameter 3: parameterName is version/parameterValue is 1; parameter 4: parameterName is assetType/parameterValue is instance of com.topcoder.confluence.entities.ConfluenceAssetType; parameter 5: parameterName is catalog/parameterValue is instance of com.topcoder.confluence.entities.ConfluenceCatalog; parameter 6: parameterName is componentType/parameterValue is instance of com.topcoder.confluence.entities.ComponentType; 
Entering the method: createPage(String token, Page page)
Parameters Info: parameter 1: parameterName is token/parameterValue is rW3GdWPooG; parameter 2: parameterName is page/parameterValue is instance of com.topcoder.confluence.entities.Page; 
Entering the method: createPage(String token, String pageName, String version,ConfluenceAssetType assetType, ConfluenceCatalog catalog, ComponentType componentType)
Parameters Info: parameter 1: parameterName is token/parameterValue is rW3GdWPooG; parameter 2: parameterName is pageName/parameterValue is name; parameter 3: parameterName is version/parameterValue is 1; parameter 4: parameterName is assetType/parameterValue is instance of com.topcoder.confluence.entities.ConfluenceAssetType; parameter 5: parameterName is catalog/parameterValue is instance of com.topcoder.confluence.entities.ConfluenceCatalog; parameter 6: parameterName is componentType/parameterValue is instance of com.topcoder.confluence.entities.ComponentType; 
Entering the method: createPage(String token, Page page)
Parameters Info: parameter 1: parameterName is token/parameterValue is rW3GdWPooG; parameter 2: parameterName is page/parameterValue is instance of com.topcoder.confluence.entities.Page; 
Entering the method: createPage(String token, String pageName, String version,ConfluenceAssetType assetType, ConfluenceCatalog catalog, ComponentType componentType)
Parameters Info: parameter 1: parameterName is token/parameterValue is rW3GdWPooG; parameter 2: parameterName is pageName/parameterValue is name; parameter 3: parameterName is version/parameterValue is 1; parameter 4: parameterName is assetType/parameterValue is instance of com.topcoder.confluence.entities.ConfluenceAssetType; parameter 5: parameterName is catalog/parameterValue is instance of com.topcoder.confluence.entities.ConfluenceCatalog; parameter 6: parameterName is componentType/parameterValue is instance of com.topcoder.confluence.entities.ComponentType; 
Entering the method: createPage(String token, Page page)
Parameters Info: parameter 1: parameterName is token/parameterValue is rW3GdWPooG; parameter 2: parameterName is page/parameterValue is instance of com.topcoder.confluence.entities.Page; 
Entering the method: createPage(String token, String pageName, String version,ConfluenceAssetType assetType, ConfluenceCatalog catalog, ComponentType componentType)
Parameters Info: parameter 1: parameterName is token/parameterValue is rW3GdWPooG; parameter 2: parameterName is pageName/parameterValue is name; parameter 3: parameterName is version/parameterValue is 1; parameter 4: parameterName is assetType/parameterValue is instance of com.topcoder.confluence.entities.ConfluenceAssetType; parameter 5: parameterName is catalog/parameterValue is instance of com.topcoder.confluence.entities.ConfluenceCatalog; parameter 6: parameterName is componentType/parameterValue is instance of com.topcoder.confluence.entities.ComponentType; 
Entering the method: createPage(String token, Page page)
Parameters Info: parameter 1: parameterName is token/parameterValue is rW3GdWPooG; parameter 2: parameterName is page/parameterValue is instance of com.topcoder.confluence.entities.Page; 
Entering the method: createPage(String token, String pageName, String version,ConfluenceAssetType assetType, ConfluenceCatalog catalog, ComponentType componentType)
Parameters Info: parameter 1: parameterName is token/parameterValue is rW3GdWPooG; parameter 2: parameterName is pageName/parameterValue is name; parameter 3: parameterName is version/parameterValue is 1; parameter 4: parameterName is assetType/parameterValue is instance of com.topcoder.confluence.entities.ConfluenceAssetType; parameter 5: parameterName is catalog/parameterValue is instance of com.topcoder.confluence.entities.ConfluenceCatalog; parameter 6: parameterName is componentType/parameterValue is instance of com.topcoder.confluence.entities.ComponentType; 
Entering the method: createPage(String token, Page page)
Parameters Info: parameter 1: parameterName is token/parameterValue is rW3GdWPooG; parameter 2: parameterName is page/parameterValue is instance of com.topcoder.confluence.entities.Page; 
Entering the method: createPage(String token, String pageName, String version,ConfluenceAssetType assetType, ConfluenceCatalog catalog, ComponentType componentType)
Parameters Info: parameter 1: parameterName is token/parameterValue is rW3GdWPooG; parameter 2: parameterName is pageName/parameterValue is name; parameter 3: parameterName is version/parameterValue is 1; parameter 4: parameterName is assetType/parameterValue is instance of com.topcoder.confluence.entities.ConfluenceAssetType; parameter 5: parameterName is catalog/parameterValue is instance of com.topcoder.confluence.entities.ConfluenceCatalog; parameter 6: parameterName is componentType/parameterValue is instance of com.topcoder.confluence.entities.ComponentType; 
Entering the method: createPage(String token, Page page)
Parameters Info: parameter 1: parameterName is token/parameterValue is rW3GdWPooG; parameter 2: parameterName is page/parameterValue is instance of com.topcoder.confluence.entities.Page; 
Entering the method: createPage(String token, String pageName, String version,ConfluenceAssetType assetType, ConfluenceCatalog catalog, ComponentType componentType)
Parameters Info: parameter 1: parameterName is token/parameterValue is rW3GdWPooG; parameter 2: parameterName is pageName/parameterValue is name; parameter 3: parameterName is version/parameterValue is 1; parameter 4: parameterName is assetType/parameterValue is instance of com.topcoder.confluence.entities.ConfluenceAssetType; parameter 5: parameterName is catalog/parameterValue is instance of com.topcoder.confluence.entities.ConfluenceCatalog; parameter 6: parameterName is componentType/parameterValue is instance of com.topcoder.confluence.entities.ComponentType; 
Entering the method: createPage(String token, Page page)
Parameters Info: parameter 1: parameterName is token/parameterValue is rW3GdWPooG; parameter 2: parameterName is page/parameterValue is instance of com.topcoder.confluence.entities.Page; 
Entering the method: createPage(String token, String pageName, String version,ConfluenceAssetType assetType, ConfluenceCatalog catalog, ComponentType componentType)
Parameters Info: parameter 1: parameterName is token/parameterValue is rW3GdWPooG; parameter 2: parameterName is pageName/parameterValue is name; parameter 3: parameterName is version/parameterValue is 1; parameter 4: parameterName is assetType/parameterValue is instance of com.topcoder.confluence.entities.ConfluenceAssetType; parameter 5: parameterName is catalog/parameterValue is instance of com.topcoder.confluence.entities.ConfluenceCatalog; parameter 6: parameterName is componentType/parameterValue is instance of com.topcoder.confluence.entities.ComponentType; 
Entering the method: createPage(String token, Page page)
Parameters Info: parameter 1: parameterName is token/parameterValue is rW3GdWPooG; parameter 2: parameterName is page/parameterValue is instance of com.topcoder.confluence.entities.Page; 
Entering the method: createPage(String token, String pageName, String version,ConfluenceAssetType assetType, ConfluenceCatalog catalog, ComponentType componentType)
Parameters Info: parameter 1: parameterName is token/parameterValue is rW3GdWPooG; parameter 2: parameterName is pageName/parameterValue is name; parameter 3: parameterName is version/parameterValue is 1; parameter 4: parameterName is assetType/parameterValue is instance of com.topcoder.confluence.entities.ConfluenceAssetType; parameter 5: parameterName is catalog/parameterValue is instance of com.topcoder.confluence.entities.ConfluenceCatalog; parameter 6: parameterName is componentType/parameterValue is instance of com.topcoder.confluence.entities.ComponentType; 
Entering the method: createPage(String token, Page page)
Parameters Info: parameter 1: parameterName is token/parameterValue is rW3GdWPooG; parameter 2: parameterName is page/parameterValue is instance of com.topcoder.confluence.entities.Page; 
Entering the method: createPage(String token, String pageName, String version,ConfluenceAssetType assetType, ConfluenceCatalog catalog, ComponentType componentType)
Parameters Info: parameter 1: parameterName is token/parameterValue is rW3GdWPooG; parameter 2: parameterName is pageName/parameterValue is name; parameter 3: parameterName is version/parameterValue is 1; parameter 4: parameterName is assetType/parameterValue is instance of com.topcoder.confluence.entities.ConfluenceAssetType; parameter 5: parameterName is catalog/parameterValue is instance of com.topcoder.confluence.entities.ConfluenceCatalog; parameter 6: parameterName is componentType/parameterValue is instance of com.topcoder.confluence.entities.ComponentType; 
Entering the method: createPage(String token, Page page)
Parameters Info: parameter 1: parameterName is token/parameterValue is rW3GdWPooG; parameter 2: parameterName is page/parameterValue is instance of com.topcoder.confluence.entities.Page; 
Entering the method: createPage(String token, String pageName, String version,ConfluenceAssetType assetType, ConfluenceCatalog catalog, ComponentType componentType)
Parameters Info: parameter 1: parameterName is token/parameterValue is rW3GdWPooG; parameter 2: parameterName is pageName/parameterValue is name; parameter 3: parameterName is version/parameterValue is 1; parameter 4: parameterName is assetType/parameterValue is instance of com.topcoder.confluence.entities.ConfluenceAssetType; parameter 5: parameterName is catalog/parameterValue is instance of com.topcoder.confluence.entities.ConfluenceCatalog; parameter 6: parameterName is componentType/parameterValue is instance of com.topcoder.confluence.entities.ComponentType; 
Entering the method: createPage(String token, Page page)
Parameters Info: parameter 1: parameterName is token/parameterValue is rW3GdWPooG; parameter 2: parameterName is page/parameterValue is instance of com.topcoder.confluence.entities.Page; 
Entering the method: createPage(String token, String pageName, String version,ConfluenceAssetType assetType, ConfluenceCatalog catalog, ComponentType componentType)
Parameters Info: parameter 1: parameterName is token/parameterValue is rW3GdWPooG; parameter 2: parameterName is pageName/parameterValue is name; parameter 3: parameterName is version/parameterValue is 1; parameter 4: parameterName is assetType/parameterValue is instance of com.topcoder.confluence.entities.ConfluenceAssetType; parameter 5: parameterName is catalog/parameterValue is instance of com.topcoder.confluence.entities.ConfluenceCatalog; parameter 6: parameterName is componentType/parameterValue is instance of com.topcoder.confluence.entities.ComponentType; 
Entering the method: createPage(String token, Page page)
Parameters Info: parameter 1: parameterName is token/parameterValue is rW3GdWPooG; parameter 2: parameterName is page/parameterValue is instance of com.topcoder.confluence.entities.Page; 
Entering the method: createPage(String token, String pageName, String version,ConfluenceAssetType assetType, ConfluenceCatalog catalog, ComponentType componentType)
Parameters Info: parameter 1: parameterName is token/parameterValue is rW3GdWPooG; parameter 2: parameterName is pageName/parameterValue is name; parameter 3: parameterName is version/parameterValue is 1; parameter 4: parameterName is assetType/parameterValue is instance of com.topcoder.confluence.entities.ConfluenceAssetType; parameter 5: parameterName is catalog/parameterValue is instance of com.topcoder.confluence.entities.ConfluenceCatalog; parameter 6: parameterName is componentType/parameterValue is instance of com.topcoder.confluence.entities.ComponentType; 
Entering the method: createPage(String token, Page page)
Parameters Info: parameter 1: parameterName is token/parameterValue is rW3GdWPooG; parameter 2: parameterName is page/parameterValue is instance of com.topcoder.confluence.entities.Page; 
Entering the method: createPage(String token, String pageName, String version,ConfluenceAssetType assetType, ConfluenceCatalog catalog, ComponentType componentType)
Parameters Info: parameter 1: parameterName is token/parameterValue is rW3GdWPooG; parameter 2: parameterName is pageName/parameterValue is name; parameter 3: parameterName is version/parameterValue is 1; parameter 4: parameterName is assetType/parameterValue is instance of com.topcoder.confluence.entities.ConfluenceAssetType; parameter 5: parameterName is catalog/parameterValue is instance of com.topcoder.confluence.entities.ConfluenceCatalog; parameter 6: parameterName is componentType/parameterValue is instance of com.topcoder.confluence.entities.ComponentType; 
Entering the method: createPage(String token, Page page)
Parameters Info: parameter 1: parameterName is token/parameterValue is rW3GdWPooG; parameter 2: parameterName is page/parameterValue is instance of com.topcoder.confluence.entities.Page; 
Entering the method: createPage(String token, String pageName, String version,ConfluenceAssetType assetType, ConfluenceCatalog catalog, ComponentType componentType)
Parameters Info: parameter 1: parameterName is token/parameterValue is rW3GdWPooG; parameter 2: parameterName is pageName/parameterValue is name; parameter 3: parameterName is version/parameterValue is 1; parameter 4: parameterName is assetType/parameterValue is instance of com.topcoder.confluence.entities.ConfluenceAssetType; parameter 5: parameterName is catalog/parameterValue is instance of com.topcoder.confluence.entities.ConfluenceCatalog; parameter 6: parameterName is componentType/parameterValue is instance of com.topcoder.confluence.entities.ComponentType; 
Entering the method: createPage(String token, Page page)
Parameters Info: parameter 1: parameterName is token/parameterValue is rW3GdWPooG; parameter 2: parameterName is page/parameterValue is instance of com.topcoder.confluence.entities.Page; 
Entering the method: createPage(String token, String pageName, String version,ConfluenceAssetType assetType, ConfluenceCatalog catalog, ComponentType componentType)
Parameters Info: parameter 1: parameterName is token/parameterValue is rW3GdWPooG; parameter 2: parameterName is pageName/parameterValue is name; parameter 3: parameterName is version/parameterValue is 1; parameter 4: parameterName is assetType/parameterValue is instance of com.topcoder.confluence.entities.ConfluenceAssetType; parameter 5: parameterName is catalog/parameterValue is instance of com.topcoder.confluence.entities.ConfluenceCatalog; parameter 6: parameterName is componentType/parameterValue is instance of com.topcoder.confluence.entities.ComponentType; 
Entering the method: createPage(String token, Page page)
Parameters Info: parameter 1: parameterName is token/parameterValue is rW3GdWPooG; parameter 2: parameterName is page/parameterValue is instance of com.topcoder.confluence.entities.Page; 
Entering the method: createPage(String token, String pageName, String version,ConfluenceAssetType assetType, ConfluenceCatalog catalog, ComponentType componentType)
Parameters Info: parameter 1: parameterName is token/parameterValue is rW3GdWPooG; parameter 2: parameterName is pageName/parameterValue is name; parameter 3: parameterName is version/parameterValue is 1; parameter 4: parameterName is assetType/parameterValue is instance of com.topcoder.confluence.entities.ConfluenceAssetType; parameter 5: parameterName is catalog/parameterValue is instance of com.topcoder.confluence.entities.ConfluenceCatalog; parameter 6: parameterName is componentType/parameterValue is instance of com.topcoder.confluence.entities.ComponentType; 
Entering the method: createPage(String token, Page page)
Parameters Info: parameter 1: parameterName is token/parameterValue is rW3GdWPooG; parameter 2: parameterName is page/parameterValue is instance of com.topcoder.confluence.entities.Page; 
Entering the method: createPage(String token, String pageName, String version,ConfluenceAssetType assetType, ConfluenceCatalog catalog, ComponentType componentType)
Parameters Info: parameter 1: parameterName is token/parameterValue is rW3GdWPooG; parameter 2: parameterName is pageName/parameterValue is name; parameter 3: parameterName is version/parameterValue is 1; parameter 4: parameterName is assetType/parameterValue is instance of com.topcoder.confluence.entities.ConfluenceAssetType; parameter 5: parameterName is catalog/parameterValue is instance of com.topcoder.confluence.entities.ConfluenceCatalog; parameter 6: parameterName is componentType/parameterValue is instance of com.topcoder.confluence.entities.ComponentType; 
Entering the method: createPage(String token, Page page)
Parameters Info: parameter 1: parameterName is token/parameterValue is rW3GdWPooG; parameter 2: parameterName is page/parameterValue is instance of com.topcoder.confluence.entities.Page; 
Entering the method: createPage(String token, String pageName, String version,ConfluenceAssetType assetType, ConfluenceCatalog catalog, ComponentType componentType)
Parameters Info: parameter 1: parameterName is token/parameterValue is rW3GdWPooG; parameter 2: parameterName is pageName/parameterValue is name; parameter 3: parameterName is version/parameterValue is 1; parameter 4: parameterName is assetType/parameterValue is instance of com.topcoder.confluence.entities.ConfluenceAssetType; parameter 5: parameterName is catalog/parameterValue is instance of com.topcoder.confluence.entities.ConfluenceCatalog; parameter 6: parameterName is componentType/parameterValue is instance of com.topcoder.confluence.entities.ComponentType; 
Entering the method: createPage(String token, Page page)
Parameters Info: parameter 1: parameterName is token/parameterValue is rW3GdWPooG; parameter 2: parameterName is page/parameterValue is instance of com.topcoder.confluence.entities.Page; 
Entering the method: createPage(String token, String pageName, String version,ConfluenceAssetType assetType, ConfluenceCatalog catalog, ComponentType componentType)
Parameters Info: parameter 1: parameterName is token/parameterValue is rW3GdWPooG; parameter 2: parameterName is pageName/parameterValue is name; parameter 3: parameterName is version/parameterValue is 1; parameter 4: parameterName is assetType/parameterValue is instance of com.topcoder.confluence.entities.ConfluenceAssetType; parameter 5: parameterName is catalog/parameterValue is instance of com.topcoder.confluence.entities.ConfluenceCatalog; parameter 6: parameterName is componentType/parameterValue is instance of com.topcoder.confluence.entities.ComponentType; 
Entering the method: createPage(String token, Page page)
Parameters Info: parameter 1: parameterName is token/parameterValue is rW3GdWPooG; parameter 2: parameterName is page/parameterValue is instance of com.topcoder.confluence.entities.Page; 
Entering the method: createPage(String token, String pageName, String version,ConfluenceAssetType assetType, ConfluenceCatalog catalog, ComponentType componentType)
Parameters Info: parameter 1: parameterName is token/parameterValue is rW3GdWPooG; parameter 2: parameterName is pageName/parameterValue is name; parameter 3: parameterName is version/parameterValue is 1; parameter 4: parameterName is assetType/parameterValue is instance of com.topcoder.confluence.entities.ConfluenceAssetType; parameter 5: parameterName is catalog/parameterValue is instance of com.topcoder.confluence.entities.ConfluenceCatalog; parameter 6: parameterName is componentType/parameterValue is instance of com.topcoder.confluence.entities.ComponentType; 
Entering the method: createPage(String token, Page page)
Parameters Info: parameter 1: parameterName is token/parameterValue is rW3GdWPooG; parameter 2: parameterName is page/parameterValue is instance of com.topcoder.confluence.entities.Page; 
Entering the method: createPage(String token, String pageName, String version,ConfluenceAssetType assetType, ConfluenceCatalog catalog, ComponentType componentType)
Parameters Info: parameter 1: parameterName is token/parameterValue is rW3GdWPooG; parameter 2: parameterName is pageName/parameterValue is name; parameter 3: parameterName is version/parameterValue is 1; parameter 4: parameterName is assetType/parameterValue is instance of com.topcoder.confluence.entities.ConfluenceAssetType; parameter 5: parameterName is catalog/parameterValue is instance of com.topcoder.confluence.entities.ConfluenceCatalog; parameter 6: parameterName is componentType/parameterValue is instance of com.topcoder.confluence.entities.ComponentType; 
Entering the method: createPage(String token, Page page)
Parameters Info: parameter 1: parameterName is token/parameterValue is rW3GdWPooG; parameter 2: parameterName is page/parameterValue is instance of com.topcoder.confluence.entities.Page; 
Entering the method: createPage(String token, String pageName, String version,ConfluenceAssetType assetType, ConfluenceCatalog catalog, ComponentType componentType)
Parameters Info: parameter 1: parameterName is token/parameterValue is rW3GdWPooG; parameter 2: parameterName is pageName/parameterValue is name; parameter 3: parameterName is version/parameterValue is 1; parameter 4: parameterName is assetType/parameterValue is instance of com.topcoder.confluence.entities.ConfluenceAssetType; parameter 5: parameterName is catalog/parameterValue is instance of com.topcoder.confluence.entities.ConfluenceCatalog; parameter 6: parameterName is componentType/parameterValue is instance of com.topcoder.confluence.entities.ComponentType; 
Entering the method: createPage(String token, Page page)
Parameters Info: parameter 1: parameterName is token/parameterValue is rW3GdWPooG; parameter 2: parameterName is page/parameterValue is instance of com.topcoder.confluence.entities.Page; 
Entering the method: createPage(String token, String pageName, String version,ConfluenceAssetType assetType, ConfluenceCatalog catalog, ComponentType componentType)
Parameters Info: parameter 1: parameterName is token/parameterValue is rW3GdWPooG; parameter 2: parameterName is pageName/parameterValue is name; parameter 3: parameterName is version/parameterValue is 1; parameter 4: parameterName is assetType/parameterValue is instance of com.topcoder.confluence.entities.ConfluenceAssetType; parameter 5: parameterName is catalog/parameterValue is instance of com.topcoder.confluence.entities.ConfluenceCatalog; parameter 6: parameterName is componentType/parameterValue is instance of com.topcoder.confluence.entities.ComponentType; 
Entering the method: createPage(String token, Page page)
Parameters Info: parameter 1: parameterName is token/parameterValue is rW3GdWPooG; parameter 2: parameterName is page/parameterValue is instance of com.topcoder.confluence.entities.Page; 
Entering the method: createPage(String token, String pageName, String version,ConfluenceAssetType assetType, ConfluenceCatalog catalog, ComponentType componentType)
Parameters Info: parameter 1: parameterName is token/parameterValue is rW3GdWPooG; parameter 2: parameterName is pageName/parameterValue is name; parameter 3: parameterName is version/parameterValue is 1; parameter 4: parameterName is assetType/parameterValue is instance of com.topcoder.confluence.entities.ConfluenceAssetType; parameter 5: parameterName is catalog/parameterValue is instance of com.topcoder.confluence.entities.ConfluenceCatalog; parameter 6: parameterName is componentType/parameterValue is instance of com.topcoder.confluence.entities.ComponentType; 
Entering the method: createPage(String token, Page page)
Parameters Info: parameter 1: parameterName is token/parameterValue is rW3GdWPooG; parameter 2: parameterName is page/parameterValue is instance of com.topcoder.confluence.entities.Page; 
Entering the method: createPage(String token, String pageName, String version,ConfluenceAssetType assetType, ConfluenceCatalog catalog, ComponentType componentType)
Parameters Info: parameter 1: parameterName is token/parameterValue is rW3GdWPooG; parameter 2: parameterName is pageName/parameterValue is name; parameter 3: parameterName is version/parameterValue is 1; parameter 4: parameterName is assetType/parameterValue is instance of com.topcoder.confluence.entities.ConfluenceAssetType; parameter 5: parameterName is catalog/parameterValue is instance of com.topcoder.confluence.entities.ConfluenceCatalog; parameter 6: parameterName is componentType/parameterValue is instance of com.topcoder.confluence.entities.ComponentType; 
Entering the method: createPage(String token, Page page)
Parameters Info: parameter 1: parameterName is token/parameterValue is rW3GdWPooG; parameter 2: parameterName is page/parameterValue is instance of com.topcoder.confluence.entities.Page; 
Entering the method: createPage(String token, String pageName, String version,ConfluenceAssetType assetType, ConfluenceCatalog catalog, ComponentType componentType)
Parameters Info: parameter 1: parameterName is token/parameterValue is rW3GdWPooG; parameter 2: parameterName is pageName/parameterValue is name; parameter 3: parameterName is version/parameterValue is 1; parameter 4: parameterName is assetType/parameterValue is instance of com.topcoder.confluence.entities.ConfluenceAssetType; parameter 5: parameterName is catalog/parameterValue is instance of com.topcoder.confluence.entities.ConfluenceCatalog; parameter 6: parameterName is componentType/parameterValue is instance of com.topcoder.confluence.entities.ComponentType; 
Entering the method: createPage(String token, Page page)
Parameters Info: parameter 1: parameterName is token/parameterValue is rW3GdWPooG; parameter 2: parameterName is page/parameterValue is instance of com.topcoder.confluence.entities.Page; 
Entering the method: createPage(String token, String pageName, String version,ConfluenceAssetType assetType, ConfluenceCatalog catalog, ComponentType componentType)
Parameters Info: parameter 1: parameterName is token/parameterValue is rW3GdWPooG; parameter 2: parameterName is pageName/parameterValue is name; parameter 3: parameterName is version/parameterValue is 1; parameter 4: parameterName is assetType/parameterValue is instance of com.topcoder.confluence.entities.ConfluenceAssetType; parameter 5: parameterName is catalog/parameterValue is instance of com.topcoder.confluence.entities.ConfluenceCatalog; parameter 6: parameterName is componentType/parameterValue is instance of com.topcoder.confluence.entities.ComponentType; 
Entering the method: createPage(String token, Page page)
Parameters Info: parameter 1: parameterName is token/parameterValue is rW3GdWPooG; parameter 2: parameterName is page/parameterValue is instance of com.topcoder.confluence.entities.Page; 
Entering the method: createPage(String token, String pageName, String version,ConfluenceAssetType assetType, ConfluenceCatalog catalog, ComponentType componentType)
Parameters Info: parameter 1: parameterName is token/parameterValue is rW3GdWPooG; parameter 2: parameterName is pageName/parameterValue is name; parameter 3: parameterName is version/parameterValue is 1; parameter 4: parameterName is assetType/parameterValue is instance of com.topcoder.confluence.entities.ConfluenceAssetType; parameter 5: parameterName is catalog/parameterValue is instance of com.topcoder.confluence.entities.ConfluenceCatalog; parameter 6: parameterName is componentType/parameterValue is instance of com.topcoder.confluence.entities.ComponentType; 
Entering the method: createPage(String token, Page page)
Parameters Info: parameter 1: parameterName is token/parameterValue is rW3GdWPooG; parameter 2: parameterName is page/parameterValue is instance of com.topcoder.confluence.entities.Page; 
Entering the method: createPage(String token, String pageName, String version,ConfluenceAssetType assetType, ConfluenceCatalog catalog, ComponentType componentType)
Parameters Info: parameter 1: parameterName is token/parameterValue is rW3GdWPooG; parameter 2: parameterName is pageName/parameterValue is name; parameter 3: parameterName is version/parameterValue is 1; parameter 4: parameterName is assetType/parameterValue is instance of com.topcoder.confluence.entities.ConfluenceAssetType; parameter 5: parameterName is catalog/parameterValue is instance of com.topcoder.confluence.entities.ConfluenceCatalog; parameter 6: parameterName is componentType/parameterValue is instance of com.topcoder.confluence.entities.ComponentType; 
Entering the method: createPage(String token, Page page)
Parameters Info: parameter 1: parameterName is token/parameterValue is rW3GdWPooG; parameter 2: parameterName is page/parameterValue is instance of com.topcoder.confluence.entities.Page; 
Entering the method: createPage(String token, String pageName, String version,ConfluenceAssetType assetType, ConfluenceCatalog catalog, ComponentType componentType)
Parameters Info: parameter 1: parameterName is token/parameterValue is rW3GdWPooG; parameter 2: parameterName is pageName/parameterValue is name; parameter 3: parameterName is version/parameterValue is 1; parameter 4: parameterName is assetType/parameterValue is instance of com.topcoder.confluence.entities.ConfluenceAssetType; parameter 5: parameterName is catalog/parameterValue is instance of com.topcoder.confluence.entities.ConfluenceCatalog; parameter 6: parameterName is componentType/parameterValue is instance of com.topcoder.confluence.entities.ComponentType; 
Entering the method: createPage(String token, Page page)
Parameters Info: parameter 1: parameterName is token/parameterValue is rW3GdWPooG; parameter 2: parameterName is page/parameterValue is instance of com.topcoder.confluence.entities.Page; 
Entering the method: createPage(String token, String pageName, String version,ConfluenceAssetType assetType, ConfluenceCatalog catalog, ComponentType componentType)
Parameters Info: parameter 1: parameterName is token/parameterValue is rW3GdWPooG; parameter 2: parameterName is pageName/parameterValue is name; parameter 3: parameterName is version/parameterValue is 1; parameter 4: parameterName is assetType/parameterValue is instance of com.topcoder.confluence.entities.ConfluenceAssetType; parameter 5: parameterName is catalog/parameterValue is instance of com.topcoder.confluence.entities.ConfluenceCatalog; parameter 6: parameterName is componentType/parameterValue is instance of com.topcoder.confluence.entities.ComponentType; 
Entering the method: createPage(String token, Page page)
Parameters Info: parameter 1: parameterName is token/parameterValue is rW3GdWPooG; parameter 2: parameterName is page/parameterValue is instance of com.topcoder.confluence.entities.Page; 
Entering the method: createPage(String token, String pageName, String version,ConfluenceAssetType assetType, ConfluenceCatalog catalog, ComponentType componentType)
Parameters Info: parameter 1: parameterName is token/parameterValue is rW3GdWPooG; parameter 2: parameterName is pageName/parameterValue is name; parameter 3: parameterName is version/parameterValue is 1; parameter 4: parameterName is assetType/parameterValue is instance of com.topcoder.confluence.entities.ConfluenceAssetType; parameter 5: parameterName is catalog/parameterValue is instance of com.topcoder.confluence.entities.ConfluenceCatalog; parameter 6: parameterName is componentType/parameterValue is instance of com.topcoder.confluence.entities.ComponentType; 
Entering the method: createPage(String token, Page page)
Parameters Info: parameter 1: parameterName is token/parameterValue is rW3GdWPooG; parameter 2: parameterName is page/parameterValue is instance of com.topcoder.confluence.entities.Page; 
Entering the method: createPage(String token, String pageName, String version,ConfluenceAssetType assetType, ConfluenceCatalog catalog, ComponentType componentType)
Parameters Info: parameter 1: parameterName is token/parameterValue is rW3GdWPooG; parameter 2: parameterName is pageName/parameterValue is name; parameter 3: parameterName is version/parameterValue is 1; parameter 4: parameterName is assetType/parameterValue is instance of com.topcoder.confluence.entities.ConfluenceAssetType; parameter 5: parameterName is catalog/parameterValue is instance of com.topcoder.confluence.entities.ConfluenceCatalog; parameter 6: parameterName is componentType/parameterValue is instance of com.topcoder.confluence.entities.ComponentType; 
Entering the method: createPage(String token, Page page)
Parameters Info: parameter 1: parameterName is token/parameterValue is rW3GdWPooG; parameter 2: parameterName is page/parameterValue is instance of com.topcoder.confluence.entities.Page; 
Entering the method: createPage(String token, String pageName, String version,ConfluenceAssetType assetType, ConfluenceCatalog catalog, ComponentType componentType)
Parameters Info: parameter 1: parameterName is token/parameterValue is rW3GdWPooG; parameter 2: parameterName is pageName/parameterValue is name; parameter 3: parameterName is version/parameterValue is 1; parameter 4: parameterName is assetType/parameterValue is instance of com.topcoder.confluence.entities.ConfluenceAssetType; parameter 5: parameterName is catalog/parameterValue is instance of com.topcoder.confluence.entities.ConfluenceCatalog; parameter 6: parameterName is componentType/parameterValue is instance of com.topcoder.confluence.entities.ComponentType; 
Entering the method: createPage(String token, Page page)
Parameters Info: parameter 1: parameterName is token/parameterValue is rW3GdWPooG; parameter 2: parameterName is page/parameterValue is instance of com.topcoder.confluence.entities.Page; 
Entering the method: createPage(String token, String pageName, String version,ConfluenceAssetType assetType, ConfluenceCatalog catalog, ComponentType componentType)
Parameters Info: parameter 1: parameterName is token/parameterValue is rW3GdWPooG; parameter 2: parameterName is pageName/parameterValue is name; parameter 3: parameterName is version/parameterValue is 1; parameter 4: parameterName is assetType/parameterValue is instance of com.topcoder.confluence.entities.ConfluenceAssetType; parameter 5: parameterName is catalog/parameterValue is instance of com.topcoder.confluence.entities.ConfluenceCatalog; parameter 6: parameterName is componentType/parameterValue is instance of com.topcoder.confluence.entities.ComponentType; 
Entering the method: createPage(String token, Page page)
Parameters Info: parameter 1: parameterName is token/parameterValue is rW3GdWPooG; parameter 2: parameterName is page/parameterValue is instance of com.topcoder.confluence.entities.Page; 
Entering the method: createPage(String token, String pageName, String version,ConfluenceAssetType assetType, ConfluenceCatalog catalog, ComponentType componentType)
Parameters Info: parameter 1: parameterName is token/parameterValue is rW3GdWPooG; parameter 2: parameterName is pageName/parameterValue is name; parameter 3: parameterName is version/parameterValue is 1; parameter 4: parameterName is assetType/parameterValue is instance of com.topcoder.confluence.entities.ConfluenceAssetType; parameter 5: parameterName is catalog/parameterValue is instance of com.topcoder.confluence.entities.ConfluenceCatalog; parameter 6: parameterName is componentType/parameterValue is instance of com.topcoder.confluence.entities.ComponentType; 
Entering the method: createPage(String token, Page page)
Parameters Info: parameter 1: parameterName is token/parameterValue is rW3GdWPooG; parameter 2: parameterName is page/parameterValue is instance of com.topcoder.confluence.entities.Page; 
Entering the method: createPage(String token, String pageName, String version,ConfluenceAssetType assetType, ConfluenceCatalog catalog, ComponentType componentType)
Parameters Info: parameter 1: parameterName is token/parameterValue is rW3GdWPooG; parameter 2: parameterName is pageName/parameterValue is name; parameter 3: parameterName is version/parameterValue is 1; parameter 4: parameterName is assetType/parameterValue is instance of com.topcoder.confluence.entities.ConfluenceAssetType; parameter 5: parameterName is catalog/parameterValue is instance of com.topcoder.confluence.entities.ConfluenceCatalog; parameter 6: parameterName is componentType/parameterValue is instance of com.topcoder.confluence.entities.ComponentType; 
Entering the method: createPage(String token, Page page)
Parameters Info: parameter 1: parameterName is token/parameterValue is rW3GdWPooG; parameter 2: parameterName is page/parameterValue is instance of com.topcoder.confluence.entities.Page; 
Entering the method: createPage(String token, String pageName, String version,ConfluenceAssetType assetType, ConfluenceCatalog catalog, ComponentType componentType)
Parameters Info: parameter 1: parameterName is token/parameterValue is rW3GdWPooG; parameter 2: parameterName is pageName/parameterValue is name; parameter 3: parameterName is version/parameterValue is 1; parameter 4: parameterName is assetType/parameterValue is instance of com.topcoder.confluence.entities.ConfluenceAssetType; parameter 5: parameterName is catalog/parameterValue is instance of com.topcoder.confluence.entities.ConfluenceCatalog; parameter 6: parameterName is componentType/parameterValue is instance of com.topcoder.confluence.entities.ComponentType; 
calling createPage_3 cost 2.609 seconds
Entering the method: login(String userName, String password)
Parameters Info: parameter 1: parameterName is userName/parameterValue is tcsdeveloper; parameter 2: parameterName is password/parameterValue is TCSDEVELOPER; 
Entering the method: createPage(String token, String pageName, String version,ConfluenceAssetType assetType, ConfluenceCatalog catalog, ComponentType componentType)
Parameters Info: parameter 1: parameterName is token/parameterValue is sO2NZTKPIs; parameter 2: parameterName is pageName/parameterValue is createPage; parameter 3: parameterName is version/parameterValue is 1; parameter 4: parameterName is assetType/parameterValue is instance of com.topcoder.confluence.entities.ConfluenceAssetType; parameter 5: parameterName is catalog/parameterValue is instance of com.topcoder.confluence.entities.ConfluenceCatalog; parameter 6: parameterName is componentType/parameterValue is instance of com.topcoder.confluence.entities.ComponentType; 
Entering the method: retrievePage(String token, String pageName, String version, ConfluenceAssetType assetType,  ConfluenceCatalog catalog, ComponentType componentType)
Parameters Info: parameter 1: parameterName is token/parameterValue is sO2NZTKPIs; parameter 2: parameterName is pageName/parameterValue is createPage; parameter 3: parameterName is version/parameterValue is 1; parameter 4: parameterName is assetType/parameterValue is instance of com.topcoder.confluence.entities.ConfluenceAssetType; parameter 5: parameterName is catalog/parameterValue is instance of com.topcoder.confluence.entities.ConfluenceCatalog; parameter 6: parameterName is componentType/parameterValue is instance of com.topcoder.confluence.entities.ComponentType; 
Entering the method: retrievePage(String token, String pageName, String version, ConfluenceAssetType assetType,  ConfluenceCatalog catalog, ComponentType componentType)
Parameters Info: parameter 1: parameterName is token/parameterValue is sO2NZTKPIs; parameter 2: parameterName is pageName/parameterValue is createPage; parameter 3: parameterName is version/parameterValue is 1; parameter 4: parameterName is assetType/parameterValue is instance of com.topcoder.confluence.entities.ConfluenceAssetType; parameter 5: parameterName is catalog/parameterValue is instance of com.topcoder.confluence.entities.ConfluenceCatalog; parameter 6: parameterName is componentType/parameterValue is instance of com.topcoder.confluence.entities.ComponentType; 
Entering the method: retrievePage(String token, String pageName, String version, ConfluenceAssetType assetType,  ConfluenceCatalog catalog, ComponentType componentType)
Parameters Info: parameter 1: parameterName is token/parameterValue is sO2NZTKPIs; parameter 2: parameterName is pageName/parameterValue is createPage; parameter 3: parameterName is version/parameterValue is 1; parameter 4: parameterName is assetType/parameterValue is instance of com.topcoder.confluence.entities.ConfluenceAssetType; parameter 5: parameterName is catalog/parameterValue is instance of com.topcoder.confluence.entities.ConfluenceCatalog; parameter 6: parameterName is componentType/parameterValue is instance of com.topcoder.confluence.entities.ComponentType; 
Entering the method: retrievePage(String token, String pageName, String version, ConfluenceAssetType assetType,  ConfluenceCatalog catalog, ComponentType componentType)
Parameters Info: parameter 1: parameterName is token/parameterValue is sO2NZTKPIs; parameter 2: parameterName is pageName/parameterValue is createPage; parameter 3: parameterName is version/parameterValue is 1; parameter 4: parameterName is assetType/parameterValue is instance of com.topcoder.confluence.entities.ConfluenceAssetType; parameter 5: parameterName is catalog/parameterValue is instance of com.topcoder.confluence.entities.ConfluenceCatalog; parameter 6: parameterName is componentType/parameterValue is instance of com.topcoder.confluence.entities.ComponentType; 
Entering the method: retrievePage(String token, String pageName, String version, ConfluenceAssetType assetType,  ConfluenceCatalog catalog, ComponentType componentType)
Parameters Info: parameter 1: parameterName is token/parameterValue is sO2NZTKPIs; parameter 2: parameterName is pageName/parameterValue is createPage; parameter 3: parameterName is version/parameterValue is 1; parameter 4: parameterName is assetType/parameterValue is instance of com.topcoder.confluence.entities.ConfluenceAssetType; parameter 5: parameterName is catalog/parameterValue is instance of com.topcoder.confluence.entities.ConfluenceCatalog; parameter 6: parameterName is componentType/parameterValue is instance of com.topcoder.confluence.entities.ComponentType; 
Entering the method: retrievePage(String token, String pageName, String version, ConfluenceAssetType assetType,  ConfluenceCatalog catalog, ComponentType componentType)
Parameters Info: parameter 1: parameterName is token/parameterValue is sO2NZTKPIs; parameter 2: parameterName is pageName/parameterValue is createPage; parameter 3: parameterName is version/parameterValue is 1; parameter 4: parameterName is assetType/parameterValue is instance of com.topcoder.confluence.entities.ConfluenceAssetType; parameter 5: parameterName is catalog/parameterValue is instance of com.topcoder.confluence.entities.ConfluenceCatalog; parameter 6: parameterName is componentType/parameterValue is instance of com.topcoder.confluence.entities.ComponentType; 
Entering the method: retrievePage(String token, String pageName, String version, ConfluenceAssetType assetType,  ConfluenceCatalog catalog, ComponentType componentType)
Parameters Info: parameter 1: parameterName is token/parameterValue is sO2NZTKPIs; parameter 2: parameterName is pageName/parameterValue is createPage; parameter 3: parameterName is version/parameterValue is 1; parameter 4: parameterName is assetType/parameterValue is instance of com.topcoder.confluence.entities.ConfluenceAssetType; parameter 5: parameterName is catalog/parameterValue is instance of com.topcoder.confluence.entities.ConfluenceCatalog; parameter 6: parameterName is componentType/parameterValue is instance of com.topcoder.confluence.entities.ComponentType; 
Entering the method: retrievePage(String token, String pageName, String version, ConfluenceAssetType assetType,  ConfluenceCatalog catalog, ComponentType componentType)
Parameters Info: parameter 1: parameterName is token/parameterValue is sO2NZTKPIs; parameter 2: parameterName is pageName/parameterValue is createPage; parameter 3: parameterName is version/parameterValue is 1; parameter 4: parameterName is assetType/parameterValue is instance of com.topcoder.confluence.entities.ConfluenceAssetType; parameter 5: parameterName is catalog/parameterValue is instance of com.topcoder.confluence.entities.ConfluenceCatalog; parameter 6: parameterName is componentType/parameterValue is instance of com.topcoder.confluence.entities.ComponentType; 
Entering the method: retrievePage(String token, String pageName, String version, ConfluenceAssetType assetType,  ConfluenceCatalog catalog, ComponentType componentType)
Parameters Info: parameter 1: parameterName is token/parameterValue is sO2NZTKPIs; parameter 2: parameterName is pageName/parameterValue is createPage; parameter 3: parameterName is version/parameterValue is 1; parameter 4: parameterName is assetType/parameterValue is instance of com.topcoder.confluence.entities.ConfluenceAssetType; parameter 5: parameterName is catalog/parameterValue is instance of com.topcoder.confluence.entities.ConfluenceCatalog; parameter 6: parameterName is componentType/parameterValue is instance of com.topcoder.confluence.entities.ComponentType; 
Entering the method: retrievePage(String token, String pageName, String version, ConfluenceAssetType assetType,  ConfluenceCatalog catalog, ComponentType componentType)
Parameters Info: parameter 1: parameterName is token/parameterValue is sO2NZTKPIs; parameter 2: parameterName is pageName/parameterValue is createPage; parameter 3: parameterName is version/parameterValue is 1; parameter 4: parameterName is assetType/parameterValue is instance of com.topcoder.confluence.entities.ConfluenceAssetType; parameter 5: parameterName is catalog/parameterValue is instance of com.topcoder.confluence.entities.ConfluenceCatalog; parameter 6: parameterName is componentType/parameterValue is instance of com.topcoder.confluence.entities.ComponentType; 
Entering the method: retrievePage(String token, String pageName, String version, ConfluenceAssetType assetType,  ConfluenceCatalog catalog, ComponentType componentType)
Parameters Info: parameter 1: parameterName is token/parameterValue is sO2NZTKPIs; parameter 2: parameterName is pageName/parameterValue is createPage; parameter 3: parameterName is version/parameterValue is 1; parameter 4: parameterName is assetType/parameterValue is instance of com.topcoder.confluence.entities.ConfluenceAssetType; parameter 5: parameterName is catalog/parameterValue is instance of com.topcoder.confluence.entities.ConfluenceCatalog; parameter 6: parameterName is componentType/parameterValue is instance of com.topcoder.confluence.entities.ComponentType; 
Entering the method: retrievePage(String token, String pageName, String version, ConfluenceAssetType assetType,  ConfluenceCatalog catalog, ComponentType componentType)
Parameters Info: parameter 1: parameterName is token/parameterValue is sO2NZTKPIs; parameter 2: parameterName is pageName/parameterValue is createPage; parameter 3: parameterName is version/parameterValue is 1; parameter 4: parameterName is assetType/parameterValue is instance of com.topcoder.confluence.entities.ConfluenceAssetType; parameter 5: parameterName is catalog/parameterValue is instance of com.topcoder.confluence.entities.ConfluenceCatalog; parameter 6: parameterName is componentType/parameterValue is instance of com.topcoder.confluence.entities.ComponentType; 
Entering the method: retrievePage(String token, String pageName, String version, ConfluenceAssetType assetType,  ConfluenceCatalog catalog, ComponentType componentType)
Parameters Info: parameter 1: parameterName is token/parameterValue is sO2NZTKPIs; parameter 2: parameterName is pageName/parameterValue is createPage; parameter 3: parameterName is version/parameterValue is 1; parameter 4: parameterName is assetType/parameterValue is instance of com.topcoder.confluence.entities.ConfluenceAssetType; parameter 5: parameterName is catalog/parameterValue is instance of com.topcoder.confluence.entities.ConfluenceCatalog; parameter 6: parameterName is componentType/parameterValue is instance of com.topcoder.confluence.entities.ComponentType; 
Entering the method: retrievePage(String token, String pageName, String version, ConfluenceAssetType assetType,  ConfluenceCatalog catalog, ComponentType componentType)
Parameters Info: parameter 1: parameterName is token/parameterValue is sO2NZTKPIs; parameter 2: parameterName is pageName/parameterValue is createPage; parameter 3: parameterName is version/parameterValue is 1; parameter 4: parameterName is assetType/parameterValue is instance of com.topcoder.confluence.entities.ConfluenceAssetType; parameter 5: parameterName is catalog/parameterValue is instance of com.topcoder.confluence.entities.ConfluenceCatalog; parameter 6: parameterName is componentType/parameterValue is instance of com.topcoder.confluence.entities.ComponentType; 
Entering the method: retrievePage(String token, String pageName, String version, ConfluenceAssetType assetType,  ConfluenceCatalog catalog, ComponentType componentType)
Parameters Info: parameter 1: parameterName is token/parameterValue is sO2NZTKPIs; parameter 2: parameterName is pageName/parameterValue is createPage; parameter 3: parameterName is version/parameterValue is 1; parameter 4: parameterName is assetType/parameterValue is instance of com.topcoder.confluence.entities.ConfluenceAssetType; parameter 5: parameterName is catalog/parameterValue is instance of com.topcoder.confluence.entities.ConfluenceCatalog; parameter 6: parameterName is componentType/parameterValue is instance of com.topcoder.confluence.entities.ComponentType; 
Entering the method: retrievePage(String token, String pageName, String version, ConfluenceAssetType assetType,  ConfluenceCatalog catalog, ComponentType componentType)
Parameters Info: parameter 1: parameterName is token/parameterValue is sO2NZTKPIs; parameter 2: parameterName is pageName/parameterValue is createPage; parameter 3: parameterName is version/parameterValue is 1; parameter 4: parameterName is assetType/parameterValue is instance of com.topcoder.confluence.entities.ConfluenceAssetType; parameter 5: parameterName is catalog/parameterValue is instance of com.topcoder.confluence.entities.ConfluenceCatalog; parameter 6: parameterName is componentType/parameterValue is instance of com.topcoder.confluence.entities.ComponentType; 
Entering the method: retrievePage(String token, String pageName, String version, ConfluenceAssetType assetType,  ConfluenceCatalog catalog, ComponentType componentType)
Parameters Info: parameter 1: parameterName is token/parameterValue is sO2NZTKPIs; parameter 2: parameterName is pageName/parameterValue is createPage; parameter 3: parameterName is version/parameterValue is 1; parameter 4: parameterName is assetType/parameterValue is instance of com.topcoder.confluence.entities.ConfluenceAssetType; parameter 5: parameterName is catalog/parameterValue is instance of com.topcoder.confluence.entities.ConfluenceCatalog; parameter 6: parameterName is componentType/parameterValue is instance of com.topcoder.confluence.entities.ComponentType; 
Entering the method: retrievePage(String token, String pageName, String version, ConfluenceAssetType assetType,  ConfluenceCatalog catalog, ComponentType componentType)
Parameters Info: parameter 1: parameterName is token/parameterValue is sO2NZTKPIs; parameter 2: parameterName is pageName/parameterValue is createPage; parameter 3: parameterName is version/parameterValue is 1; parameter 4: parameterName is assetType/parameterValue is instance of com.topcoder.confluence.entities.ConfluenceAssetType; parameter 5: parameterName is catalog/parameterValue is instance of com.topcoder.confluence.entities.ConfluenceCatalog; parameter 6: parameterName is componentType/parameterValue is instance of com.topcoder.confluence.entities.ComponentType; 
Entering the method: retrievePage(String token, String pageName, String version, ConfluenceAssetType assetType,  ConfluenceCatalog catalog, ComponentType componentType)
Parameters Info: parameter 1: parameterName is token/parameterValue is sO2NZTKPIs; parameter 2: parameterName is pageName/parameterValue is createPage; parameter 3: parameterName is version/parameterValue is 1; parameter 4: parameterName is assetType/parameterValue is instance of com.topcoder.confluence.entities.ConfluenceAssetType; parameter 5: parameterName is catalog/parameterValue is instance of com.topcoder.confluence.entities.ConfluenceCatalog; parameter 6: parameterName is componentType/parameterValue is instance of com.topcoder.confluence.entities.ComponentType; 
Entering the method: retrievePage(String token, String pageName, String version, ConfluenceAssetType assetType,  ConfluenceCatalog catalog, ComponentType componentType)
Parameters Info: parameter 1: parameterName is token/parameterValue is sO2NZTKPIs; parameter 2: parameterName is pageName/parameterValue is createPage; parameter 3: parameterName is version/parameterValue is 1; parameter 4: parameterName is assetType/parameterValue is instance of com.topcoder.confluence.entities.ConfluenceAssetType; parameter 5: parameterName is catalog/parameterValue is instance of com.topcoder.confluence.entities.ConfluenceCatalog; parameter 6: parameterName is componentType/parameterValue is instance of com.topcoder.confluence.entities.ComponentType; 
Entering the method: retrievePage(String token, String pageName, String version, ConfluenceAssetType assetType,  ConfluenceCatalog catalog, ComponentType componentType)
Parameters Info: parameter 1: parameterName is token/parameterValue is sO2NZTKPIs; parameter 2: parameterName is pageName/parameterValue is createPage; parameter 3: parameterName is version/parameterValue is 1; parameter 4: parameterName is assetType/parameterValue is instance of com.topcoder.confluence.entities.ConfluenceAssetType; parameter 5: parameterName is catalog/parameterValue is instance of com.topcoder.confluence.entities.ConfluenceCatalog; parameter 6: parameterName is componentType/parameterValue is instance of com.topcoder.confluence.entities.ComponentType; 
Entering the method: retrievePage(String token, String pageName, String version, ConfluenceAssetType assetType,  ConfluenceCatalog catalog, ComponentType componentType)
Parameters Info: parameter 1: parameterName is token/parameterValue is sO2NZTKPIs; parameter 2: parameterName is pageName/parameterValue is createPage; parameter 3: parameterName is version/parameterValue is 1; parameter 4: parameterName is assetType/parameterValue is instance of com.topcoder.confluence.entities.ConfluenceAssetType; parameter 5: parameterName is catalog/parameterValue is instance of com.topcoder.confluence.entities.ConfluenceCatalog; parameter 6: parameterName is componentType/parameterValue is instance of com.topcoder.confluence.entities.ComponentType; 
Entering the method: retrievePage(String token, String pageName, String version, ConfluenceAssetType assetType,  ConfluenceCatalog catalog, ComponentType componentType)
Parameters Info: parameter 1: parameterName is token/parameterValue is sO2NZTKPIs; parameter 2: parameterName is pageName/parameterValue is createPage; parameter 3: parameterName is version/parameterValue is 1; parameter 4: parameterName is assetType/parameterValue is instance of com.topcoder.confluence.entities.ConfluenceAssetType; parameter 5: parameterName is catalog/parameterValue is instance of com.topcoder.confluence.entities.ConfluenceCatalog; parameter 6: parameterName is componentType/parameterValue is instance of com.topcoder.confluence.entities.ComponentType; 
Entering the method: retrievePage(String token, String pageName, String version, ConfluenceAssetType assetType,  ConfluenceCatalog catalog, ComponentType componentType)
Parameters Info: parameter 1: parameterName is token/parameterValue is sO2NZTKPIs; parameter 2: parameterName is pageName/parameterValue is createPage; parameter 3: parameterName is version/parameterValue is 1; parameter 4: parameterName is assetType/parameterValue is instance of com.topcoder.confluence.entities.ConfluenceAssetType; parameter 5: parameterName is catalog/parameterValue is instance of com.topcoder.confluence.entities.ConfluenceCatalog; parameter 6: parameterName is componentType/parameterValue is instance of com.topcoder.confluence.entities.ComponentType; 
Entering the method: retrievePage(String token, String pageName, String version, ConfluenceAssetType assetType,  ConfluenceCatalog catalog, ComponentType componentType)
Parameters Info: parameter 1: parameterName is token/parameterValue is sO2NZTKPIs; parameter 2: parameterName is pageName/parameterValue is createPage; parameter 3: parameterName is version/parameterValue is 1; parameter 4: parameterName is assetType/parameterValue is instance of com.topcoder.confluence.entities.ConfluenceAssetType; parameter 5: parameterName is catalog/parameterValue is instance of com.topcoder.confluence.entities.ConfluenceCatalog; parameter 6: parameterName is componentType/parameterValue is instance of com.topcoder.confluence.entities.ComponentType; 
Entering the method: retrievePage(String token, String pageName, String version, ConfluenceAssetType assetType,  ConfluenceCatalog catalog, ComponentType componentType)
Parameters Info: parameter 1: parameterName is token/parameterValue is sO2NZTKPIs; parameter 2: parameterName is pageName/parameterValue is createPage; parameter 3: parameterName is version/parameterValue is 1; parameter 4: parameterName is assetType/parameterValue is instance of com.topcoder.confluence.entities.ConfluenceAssetType; parameter 5: parameterName is catalog/parameterValue is instance of com.topcoder.confluence.entities.ConfluenceCatalog; parameter 6: parameterName is componentType/parameterValue is instance of com.topcoder.confluence.entities.ComponentType; 
Entering the method: retrievePage(String token, String pageName, String version, ConfluenceAssetType assetType,  ConfluenceCatalog catalog, ComponentType componentType)
Parameters Info: parameter 1: parameterName is token/parameterValue is sO2NZTKPIs; parameter 2: parameterName is pageName/parameterValue is createPage; parameter 3: parameterName is version/parameterValue is 1; parameter 4: parameterName is assetType/parameterValue is instance of com.topcoder.confluence.entities.ConfluenceAssetType; parameter 5: parameterName is catalog/parameterValue is instance of com.topcoder.confluence.entities.ConfluenceCatalog; parameter 6: parameterName is componentType/parameterValue is instance of com.topcoder.confluence.entities.ComponentType; 
Entering the method: retrievePage(String token, String pageName, String version, ConfluenceAssetType assetType,  ConfluenceCatalog catalog, ComponentType componentType)
Parameters Info: parameter 1: parameterName is token/parameterValue is sO2NZTKPIs; parameter 2: parameterName is pageName/parameterValue is createPage; parameter 3: parameterName is version/parameterValue is 1; parameter 4: parameterName is assetType/parameterValue is instance of com.topcoder.confluence.entities.ConfluenceAssetType; parameter 5: parameterName is catalog/parameterValue is instance of com.topcoder.confluence.entities.ConfluenceCatalog; parameter 6: parameterName is componentType/parameterValue is instance of com.topcoder.confluence.entities.ComponentType; 
Entering the method: retrievePage(String token, String pageName, String version, ConfluenceAssetType assetType,  ConfluenceCatalog catalog, ComponentType componentType)
Parameters Info: parameter 1: parameterName is token/parameterValue is sO2NZTKPIs; parameter 2: parameterName is pageName/parameterValue is createPage; parameter 3: parameterName is version/parameterValue is 1; parameter 4: parameterName is assetType/parameterValue is instance of com.topcoder.confluence.entities.ConfluenceAssetType; parameter 5: parameterName is catalog/parameterValue is instance of com.topcoder.confluence.entities.ConfluenceCatalog; parameter 6: parameterName is componentType/parameterValue is instance of com.topcoder.confluence.entities.ComponentType; 
Entering the method: retrievePage(String token, String pageName, String version, ConfluenceAssetType assetType,  ConfluenceCatalog catalog, ComponentType componentType)
Parameters Info: parameter 1: parameterName is token/parameterValue is sO2NZTKPIs; parameter 2: parameterName is pageName/parameterValue is createPage; parameter 3: parameterName is version/parameterValue is 1; parameter 4: parameterName is assetType/parameterValue is instance of com.topcoder.confluence.entities.ConfluenceAssetType; parameter 5: parameterName is catalog/parameterValue is instance of com.topcoder.confluence.entities.ConfluenceCatalog; parameter 6: parameterName is componentType/parameterValue is instance of com.topcoder.confluence.entities.ComponentType; 
Entering the method: retrievePage(String token, String pageName, String version, ConfluenceAssetType assetType,  ConfluenceCatalog catalog, ComponentType componentType)
Parameters Info: parameter 1: parameterName is token/parameterValue is sO2NZTKPIs; parameter 2: parameterName is pageName/parameterValue is createPage; parameter 3: parameterName is version/parameterValue is 1; parameter 4: parameterName is assetType/parameterValue is instance of com.topcoder.confluence.entities.ConfluenceAssetType; parameter 5: parameterName is catalog/parameterValue is instance of com.topcoder.confluence.entities.ConfluenceCatalog; parameter 6: parameterName is componentType/parameterValue is instance of com.topcoder.confluence.entities.ComponentType; 
Entering the method: retrievePage(String token, String pageName, String version, ConfluenceAssetType assetType,  ConfluenceCatalog catalog, ComponentType componentType)
Parameters Info: parameter 1: parameterName is token/parameterValue is sO2NZTKPIs; parameter 2: parameterName is pageName/parameterValue is createPage; parameter 3: parameterName is version/parameterValue is 1; parameter 4: parameterName is assetType/parameterValue is instance of com.topcoder.confluence.entities.ConfluenceAssetType; parameter 5: parameterName is catalog/parameterValue is instance of com.topcoder.confluence.entities.ConfluenceCatalog; parameter 6: parameterName is componentType/parameterValue is instance of com.topcoder.confluence.entities.ComponentType; 
Entering the method: retrievePage(String token, String pageName, String version, ConfluenceAssetType assetType,  ConfluenceCatalog catalog, ComponentType componentType)
Parameters Info: parameter 1: parameterName is token/parameterValue is sO2NZTKPIs; parameter 2: parameterName is pageName/parameterValue is createPage; parameter 3: parameterName is version/parameterValue is 1; parameter 4: parameterName is assetType/parameterValue is instance of com.topcoder.confluence.entities.ConfluenceAssetType; parameter 5: parameterName is catalog/parameterValue is instance of com.topcoder.confluence.entities.ConfluenceCatalog; parameter 6: parameterName is componentType/parameterValue is instance of com.topcoder.confluence.entities.ComponentType; 
Entering the method: retrievePage(String token, String pageName, String version, ConfluenceAssetType assetType,  ConfluenceCatalog catalog, ComponentType componentType)
Parameters Info: parameter 1: parameterName is token/parameterValue is sO2NZTKPIs; parameter 2: parameterName is pageName/parameterValue is createPage; parameter 3: parameterName is version/parameterValue is 1; parameter 4: parameterName is assetType/parameterValue is instance of com.topcoder.confluence.entities.ConfluenceAssetType; parameter 5: parameterName is catalog/parameterValue is instance of com.topcoder.confluence.entities.ConfluenceCatalog; parameter 6: parameterName is componentType/parameterValue is instance of com.topcoder.confluence.entities.ComponentType; 
Entering the method: retrievePage(String token, String pageName, String version, ConfluenceAssetType assetType,  ConfluenceCatalog catalog, ComponentType componentType)
Parameters Info: parameter 1: parameterName is token/parameterValue is sO2NZTKPIs; parameter 2: parameterName is pageName/parameterValue is createPage; parameter 3: parameterName is version/parameterValue is 1; parameter 4: parameterName is assetType/parameterValue is instance of com.topcoder.confluence.entities.ConfluenceAssetType; parameter 5: parameterName is catalog/parameterValue is instance of com.topcoder.confluence.entities.ConfluenceCatalog; parameter 6: parameterName is componentType/parameterValue is instance of com.topcoder.confluence.entities.ComponentType; 
Entering the method: retrievePage(String token, String pageName, String version, ConfluenceAssetType assetType,  ConfluenceCatalog catalog, ComponentType componentType)
Parameters Info: parameter 1: parameterName is token/parameterValue is sO2NZTKPIs; parameter 2: parameterName is pageName/parameterValue is createPage; parameter 3: parameterName is version/parameterValue is 1; parameter 4: parameterName is assetType/parameterValue is instance of com.topcoder.confluence.entities.ConfluenceAssetType; parameter 5: parameterName is catalog/parameterValue is instance of com.topcoder.confluence.entities.ConfluenceCatalog; parameter 6: parameterName is componentType/parameterValue is instance of com.topcoder.confluence.entities.ComponentType; 
Entering the method: retrievePage(String token, String pageName, String version, ConfluenceAssetType assetType,  ConfluenceCatalog catalog, ComponentType componentType)
Parameters Info: parameter 1: parameterName is token/parameterValue is sO2NZTKPIs; parameter 2: parameterName is pageName/parameterValue is createPage; parameter 3: parameterName is version/parameterValue is 1; parameter 4: parameterName is assetType/parameterValue is instance of com.topcoder.confluence.entities.ConfluenceAssetType; parameter 5: parameterName is catalog/parameterValue is instance of com.topcoder.confluence.entities.ConfluenceCatalog; parameter 6: parameterName is componentType/parameterValue is instance of com.topcoder.confluence.entities.ComponentType; 
Entering the method: retrievePage(String token, String pageName, String version, ConfluenceAssetType assetType,  ConfluenceCatalog catalog, ComponentType componentType)
Parameters Info: parameter 1: parameterName is token/parameterValue is sO2NZTKPIs; parameter 2: parameterName is pageName/parameterValue is createPage; parameter 3: parameterName is version/parameterValue is 1; parameter 4: parameterName is assetType/parameterValue is instance of com.topcoder.confluence.entities.ConfluenceAssetType; parameter 5: parameterName is catalog/parameterValue is instance of com.topcoder.confluence.entities.ConfluenceCatalog; parameter 6: parameterName is componentType/parameterValue is instance of com.topcoder.confluence.entities.ComponentType; 
Entering the method: retrievePage(String token, String pageName, String version, ConfluenceAssetType assetType,  ConfluenceCatalog catalog, ComponentType componentType)
Parameters Info: parameter 1: parameterName is token/parameterValue is sO2NZTKPIs; parameter 2: parameterName is pageName/parameterValue is createPage; parameter 3: parameterName is version/parameterValue is 1; parameter 4: parameterName is assetType/parameterValue is instance of com.topcoder.confluence.entities.ConfluenceAssetType; parameter 5: parameterName is catalog/parameterValue is instance of com.topcoder.confluence.entities.ConfluenceCatalog; parameter 6: parameterName is componentType/parameterValue is instance of com.topcoder.confluence.entities.ComponentType; 
Entering the method: retrievePage(String token, String pageName, String version, ConfluenceAssetType assetType,  ConfluenceCatalog catalog, ComponentType componentType)
Parameters Info: parameter 1: parameterName is token/parameterValue is sO2NZTKPIs; parameter 2: parameterName is pageName/parameterValue is createPage; parameter 3: parameterName is version/parameterValue is 1; parameter 4: parameterName is assetType/parameterValue is instance of com.topcoder.confluence.entities.ConfluenceAssetType; parameter 5: parameterName is catalog/parameterValue is instance of com.topcoder.confluence.entities.ConfluenceCatalog; parameter 6: parameterName is componentType/parameterValue is instance of com.topcoder.confluence.entities.ComponentType; 
Entering the method: retrievePage(String token, String pageName, String version, ConfluenceAssetType assetType,  ConfluenceCatalog catalog, ComponentType componentType)
Parameters Info: parameter 1: parameterName is token/parameterValue is sO2NZTKPIs; parameter 2: parameterName is pageName/parameterValue is createPage; parameter 3: parameterName is version/parameterValue is 1; parameter 4: parameterName is assetType/parameterValue is instance of com.topcoder.confluence.entities.ConfluenceAssetType; parameter 5: parameterName is catalog/parameterValue is instance of com.topcoder.confluence.entities.ConfluenceCatalog; parameter 6: parameterName is componentType/parameterValue is instance of com.topcoder.confluence.entities.ComponentType; 
Entering the method: retrievePage(String token, String pageName, String version, ConfluenceAssetType assetType,  ConfluenceCatalog catalog, ComponentType componentType)
Parameters Info: parameter 1: parameterName is token/parameterValue is sO2NZTKPIs; parameter 2: parameterName is pageName/parameterValue is createPage; parameter 3: parameterName is version/parameterValue is 1; parameter 4: parameterName is assetType/parameterValue is instance of com.topcoder.confluence.entities.ConfluenceAssetType; parameter 5: parameterName is catalog/parameterValue is instance of com.topcoder.confluence.entities.ConfluenceCatalog; parameter 6: parameterName is componentType/parameterValue is instance of com.topcoder.confluence.entities.ComponentType; 
Entering the method: retrievePage(String token, String pageName, String version, ConfluenceAssetType assetType,  ConfluenceCatalog catalog, ComponentType componentType)
Parameters Info: parameter 1: parameterName is token/parameterValue is sO2NZTKPIs; parameter 2: parameterName is pageName/parameterValue is createPage; parameter 3: parameterName is version/parameterValue is 1; parameter 4: parameterName is assetType/parameterValue is instance of com.topcoder.confluence.entities.ConfluenceAssetType; parameter 5: parameterName is catalog/parameterValue is instance of com.topcoder.confluence.entities.ConfluenceCatalog; parameter 6: parameterName is componentType/parameterValue is instance of com.topcoder.confluence.entities.ComponentType; 
Entering the method: retrievePage(String token, String pageName, String version, ConfluenceAssetType assetType,  ConfluenceCatalog catalog, ComponentType componentType)
Parameters Info: parameter 1: parameterName is token/parameterValue is sO2NZTKPIs; parameter 2: parameterName is pageName/parameterValue is createPage; parameter 3: parameterName is version/parameterValue is 1; parameter 4: parameterName is assetType/parameterValue is instance of com.topcoder.confluence.entities.ConfluenceAssetType; parameter 5: parameterName is catalog/parameterValue is instance of com.topcoder.confluence.entities.ConfluenceCatalog; parameter 6: parameterName is componentType/parameterValue is instance of com.topcoder.confluence.entities.ComponentType; 
Entering the method: retrievePage(String token, String pageName, String version, ConfluenceAssetType assetType,  ConfluenceCatalog catalog, ComponentType componentType)
Parameters Info: parameter 1: parameterName is token/parameterValue is sO2NZTKPIs; parameter 2: parameterName is pageName/parameterValue is createPage; parameter 3: parameterName is version/parameterValue is 1; parameter 4: parameterName is assetType/parameterValue is instance of com.topcoder.confluence.entities.ConfluenceAssetType; parameter 5: parameterName is catalog/parameterValue is instance of com.topcoder.confluence.entities.ConfluenceCatalog; parameter 6: parameterName is componentType/parameterValue is instance of com.topcoder.confluence.entities.ComponentType; 
Entering the method: retrievePage(String token, String pageName, String version, ConfluenceAssetType assetType,  ConfluenceCatalog catalog, ComponentType componentType)
Parameters Info: parameter 1: parameterName is token/parameterValue is sO2NZTKPIs; parameter 2: parameterName is pageName/parameterValue is createPage; parameter 3: parameterName is version/parameterValue is 1; parameter 4: parameterName is assetType/parameterValue is instance of com.topcoder.confluence.entities.ConfluenceAssetType; parameter 5: parameterName is catalog/parameterValue is instance of com.topcoder.confluence.entities.ConfluenceCatalog; parameter 6: parameterName is componentType/parameterValue is instance of com.topcoder.confluence.entities.ComponentType; 
Entering the method: retrievePage(String token, String pageName, String version, ConfluenceAssetType assetType,  ConfluenceCatalog catalog, ComponentType componentType)
Parameters Info: parameter 1: parameterName is token/parameterValue is sO2NZTKPIs; parameter 2: parameterName is pageName/parameterValue is createPage; parameter 3: parameterName is version/parameterValue is 1; parameter 4: parameterName is assetType/parameterValue is instance of com.topcoder.confluence.entities.ConfluenceAssetType; parameter 5: parameterName is catalog/parameterValue is instance of com.topcoder.confluence.entities.ConfluenceCatalog; parameter 6: parameterName is componentType/parameterValue is instance of com.topcoder.confluence.entities.ComponentType; 
Entering the method: retrievePage(String token, String pageName, String version, ConfluenceAssetType assetType,  ConfluenceCatalog catalog, ComponentType componentType)
Parameters Info: parameter 1: parameterName is token/parameterValue is sO2NZTKPIs; parameter 2: parameterName is pageName/parameterValue is createPage; parameter 3: parameterName is version/parameterValue is 1; parameter 4: parameterName is assetType/parameterValue is instance of com.topcoder.confluence.entities.ConfluenceAssetType; parameter 5: parameterName is catalog/parameterValue is instance of com.topcoder.confluence.entities.ConfluenceCatalog; parameter 6: parameterName is componentType/parameterValue is instance of com.topcoder.confluence.entities.ComponentType; 
Entering the method: retrievePage(String token, String pageName, String version, ConfluenceAssetType assetType,  ConfluenceCatalog catalog, ComponentType componentType)
Parameters Info: parameter 1: parameterName is token/parameterValue is sO2NZTKPIs; parameter 2: parameterName is pageName/parameterValue is createPage; parameter 3: parameterName is version/parameterValue is 1; parameter 4: parameterName is assetType/parameterValue is instance of com.topcoder.confluence.entities.ConfluenceAssetType; parameter 5: parameterName is catalog/parameterValue is instance of com.topcoder.confluence.entities.ConfluenceCatalog; parameter 6: parameterName is componentType/parameterValue is instance of com.topcoder.confluence.entities.ComponentType; 
Entering the method: retrievePage(String token, String pageName, String version, ConfluenceAssetType assetType,  ConfluenceCatalog catalog, ComponentType componentType)
Parameters Info: parameter 1: parameterName is token/parameterValue is sO2NZTKPIs; parameter 2: parameterName is pageName/parameterValue is createPage; parameter 3: parameterName is version/parameterValue is 1; parameter 4: parameterName is assetType/parameterValue is instance of com.topcoder.confluence.entities.ConfluenceAssetType; parameter 5: parameterName is catalog/parameterValue is instance of com.topcoder.confluence.entities.ConfluenceCatalog; parameter 6: parameterName is componentType/parameterValue is instance of com.topcoder.confluence.entities.ComponentType; 
Entering the method: retrievePage(String token, String pageName, String version, ConfluenceAssetType assetType,  ConfluenceCatalog catalog, ComponentType componentType)
Parameters Info: parameter 1: parameterName is token/parameterValue is sO2NZTKPIs; parameter 2: parameterName is pageName/parameterValue is createPage; parameter 3: parameterName is version/parameterValue is 1; parameter 4: parameterName is assetType/parameterValue is instance of com.topcoder.confluence.entities.ConfluenceAssetType; parameter 5: parameterName is catalog/parameterValue is instance of com.topcoder.confluence.entities.ConfluenceCatalog; parameter 6: parameterName is componentType/parameterValue is instance of com.topcoder.confluence.entities.ComponentType; 
Entering the method: retrievePage(String token, String pageName, String version, ConfluenceAssetType assetType,  ConfluenceCatalog catalog, ComponentType componentType)
Parameters Info: parameter 1: parameterName is token/parameterValue is sO2NZTKPIs; parameter 2: parameterName is pageName/parameterValue is createPage; parameter 3: parameterName is version/parameterValue is 1; parameter 4: parameterName is assetType/parameterValue is instance of com.topcoder.confluence.entities.ConfluenceAssetType; parameter 5: parameterName is catalog/parameterValue is instance of com.topcoder.confluence.entities.ConfluenceCatalog; parameter 6: parameterName is componentType/parameterValue is instance of com.topcoder.confluence.entities.ComponentType; 
Entering the method: retrievePage(String token, String pageName, String version, ConfluenceAssetType assetType,  ConfluenceCatalog catalog, ComponentType componentType)
Parameters Info: parameter 1: parameterName is token/parameterValue is sO2NZTKPIs; parameter 2: parameterName is pageName/parameterValue is createPage; parameter 3: parameterName is version/parameterValue is 1; parameter 4: parameterName is assetType/parameterValue is instance of com.topcoder.confluence.entities.ConfluenceAssetType; parameter 5: parameterName is catalog/parameterValue is instance of com.topcoder.confluence.entities.ConfluenceCatalog; parameter 6: parameterName is componentType/parameterValue is instance of com.topcoder.confluence.entities.ComponentType; 
Entering the method: retrievePage(String token, String pageName, String version, ConfluenceAssetType assetType,  ConfluenceCatalog catalog, ComponentType componentType)
Parameters Info: parameter 1: parameterName is token/parameterValue is sO2NZTKPIs; parameter 2: parameterName is pageName/parameterValue is createPage; parameter 3: parameterName is version/parameterValue is 1; parameter 4: parameterName is assetType/parameterValue is instance of com.topcoder.confluence.entities.ConfluenceAssetType; parameter 5: parameterName is catalog/parameterValue is instance of com.topcoder.confluence.entities.ConfluenceCatalog; parameter 6: parameterName is componentType/parameterValue is instance of com.topcoder.confluence.entities.ComponentType; 
Entering the method: retrievePage(String token, String pageName, String version, ConfluenceAssetType assetType,  ConfluenceCatalog catalog, ComponentType componentType)
Parameters Info: parameter 1: parameterName is token/parameterValue is sO2NZTKPIs; parameter 2: parameterName is pageName/parameterValue is createPage; parameter 3: parameterName is version/parameterValue is 1; parameter 4: parameterName is assetType/parameterValue is instance of com.topcoder.confluence.entities.ConfluenceAssetType; parameter 5: parameterName is catalog/parameterValue is instance of com.topcoder.confluence.entities.ConfluenceCatalog; parameter 6: parameterName is componentType/parameterValue is instance of com.topcoder.confluence.entities.ComponentType; 
Entering the method: retrievePage(String token, String pageName, String version, ConfluenceAssetType assetType,  ConfluenceCatalog catalog, ComponentType componentType)
Parameters Info: parameter 1: parameterName is token/parameterValue is sO2NZTKPIs; parameter 2: parameterName is pageName/parameterValue is createPage; parameter 3: parameterName is version/parameterValue is 1; parameter 4: parameterName is assetType/parameterValue is instance of com.topcoder.confluence.entities.ConfluenceAssetType; parameter 5: parameterName is catalog/parameterValue is instance of com.topcoder.confluence.entities.ConfluenceCatalog; parameter 6: parameterName is componentType/parameterValue is instance of com.topcoder.confluence.entities.ComponentType; 
Entering the method: retrievePage(String token, String pageName, String version, ConfluenceAssetType assetType,  ConfluenceCatalog catalog, ComponentType componentType)
Parameters Info: parameter 1: parameterName is token/parameterValue is sO2NZTKPIs; parameter 2: parameterName is pageName/parameterValue is createPage; parameter 3: parameterName is version/parameterValue is 1; parameter 4: parameterName is assetType/parameterValue is instance of com.topcoder.confluence.entities.ConfluenceAssetType; parameter 5: parameterName is catalog/parameterValue is instance of com.topcoder.confluence.entities.ConfluenceCatalog; parameter 6: parameterName is componentType/parameterValue is instance of com.topcoder.confluence.entities.ComponentType; 
Entering the method: retrievePage(String token, String pageName, String version, ConfluenceAssetType assetType,  ConfluenceCatalog catalog, ComponentType componentType)
Parameters Info: parameter 1: parameterName is token/parameterValue is sO2NZTKPIs; parameter 2: parameterName is pageName/parameterValue is createPage; parameter 3: parameterName is version/parameterValue is 1; parameter 4: parameterName is assetType/parameterValue is instance of com.topcoder.confluence.entities.ConfluenceAssetType; parameter 5: parameterName is catalog/parameterValue is instance of com.topcoder.confluence.entities.ConfluenceCatalog; parameter 6: parameterName is componentType/parameterValue is instance of com.topcoder.confluence.entities.ComponentType; 
Entering the method: retrievePage(String token, String pageName, String version, ConfluenceAssetType assetType,  ConfluenceCatalog catalog, ComponentType componentType)
Parameters Info: parameter 1: parameterName is token/parameterValue is sO2NZTKPIs; parameter 2: parameterName is pageName/parameterValue is createPage; parameter 3: parameterName is version/parameterValue is 1; parameter 4: parameterName is assetType/parameterValue is instance of com.topcoder.confluence.entities.ConfluenceAssetType; parameter 5: parameterName is catalog/parameterValue is instance of com.topcoder.confluence.entities.ConfluenceCatalog; parameter 6: parameterName is componentType/parameterValue is instance of com.topcoder.confluence.entities.ComponentType; 
Entering the method: retrievePage(String token, String pageName, String version, ConfluenceAssetType assetType,  ConfluenceCatalog catalog, ComponentType componentType)
Parameters Info: parameter 1: parameterName is token/parameterValue is sO2NZTKPIs; parameter 2: parameterName is pageName/parameterValue is createPage; parameter 3: parameterName is version/parameterValue is 1; parameter 4: parameterName is assetType/parameterValue is instance of com.topcoder.confluence.entities.ConfluenceAssetType; parameter 5: parameterName is catalog/parameterValue is instance of com.topcoder.confluence.entities.ConfluenceCatalog; parameter 6: parameterName is componentType/parameterValue is instance of com.topcoder.confluence.entities.ComponentType; 
Entering the method: retrievePage(String token, String pageName, String version, ConfluenceAssetType assetType,  ConfluenceCatalog catalog, ComponentType componentType)
Parameters Info: parameter 1: parameterName is token/parameterValue is sO2NZTKPIs; parameter 2: parameterName is pageName/parameterValue is createPage; parameter 3: parameterName is version/parameterValue is 1; parameter 4: parameterName is assetType/parameterValue is instance of com.topcoder.confluence.entities.ConfluenceAssetType; parameter 5: parameterName is catalog/parameterValue is instance of com.topcoder.confluence.entities.ConfluenceCatalog; parameter 6: parameterName is componentType/parameterValue is instance of com.topcoder.confluence.entities.ComponentType; 
Entering the method: retrievePage(String token, String pageName, String version, ConfluenceAssetType assetType,  ConfluenceCatalog catalog, ComponentType componentType)
Parameters Info: parameter 1: parameterName is token/parameterValue is sO2NZTKPIs; parameter 2: parameterName is pageName/parameterValue is createPage; parameter 3: parameterName is version/parameterValue is 1; parameter 4: parameterName is assetType/parameterValue is instance of com.topcoder.confluence.entities.ConfluenceAssetType; parameter 5: parameterName is catalog/parameterValue is instance of com.topcoder.confluence.entities.ConfluenceCatalog; parameter 6: parameterName is componentType/parameterValue is instance of com.topcoder.confluence.entities.ComponentType; 
Entering the method: retrievePage(String token, String pageName, String version, ConfluenceAssetType assetType,  ConfluenceCatalog catalog, ComponentType componentType)
Parameters Info: parameter 1: parameterName is token/parameterValue is sO2NZTKPIs; parameter 2: parameterName is pageName/parameterValue is createPage; parameter 3: parameterName is version/parameterValue is 1; parameter 4: parameterName is assetType/parameterValue is instance of com.topcoder.confluence.entities.ConfluenceAssetType; parameter 5: parameterName is catalog/parameterValue is instance of com.topcoder.confluence.entities.ConfluenceCatalog; parameter 6: parameterName is componentType/parameterValue is instance of com.topcoder.confluence.entities.ComponentType; 
Entering the method: retrievePage(String token, String pageName, String version, ConfluenceAssetType assetType,  ConfluenceCatalog catalog, ComponentType componentType)
Parameters Info: parameter 1: parameterName is token/parameterValue is sO2NZTKPIs; parameter 2: parameterName is pageName/parameterValue is createPage; parameter 3: parameterName is version/parameterValue is 1; parameter 4: parameterName is assetType/parameterValue is instance of com.topcoder.confluence.entities.ConfluenceAssetType; parameter 5: parameterName is catalog/parameterValue is instance of com.topcoder.confluence.entities.ConfluenceCatalog; parameter 6: parameterName is componentType/parameterValue is instance of com.topcoder.confluence.entities.ComponentType; 
Entering the method: retrievePage(String token, String pageName, String version, ConfluenceAssetType assetType,  ConfluenceCatalog catalog, ComponentType componentType)
Parameters Info: parameter 1: parameterName is token/parameterValue is sO2NZTKPIs; parameter 2: parameterName is pageName/parameterValue is createPage; parameter 3: parameterName is version/parameterValue is 1; parameter 4: parameterName is assetType/parameterValue is instance of com.topcoder.confluence.entities.ConfluenceAssetType; parameter 5: parameterName is catalog/parameterValue is instance of com.topcoder.confluence.entities.ConfluenceCatalog; parameter 6: parameterName is componentType/parameterValue is instance of com.topcoder.confluence.entities.ComponentType; 
Entering the method: retrievePage(String token, String pageName, String version, ConfluenceAssetType assetType,  ConfluenceCatalog catalog, ComponentType componentType)
Parameters Info: parameter 1: parameterName is token/parameterValue is sO2NZTKPIs; parameter 2: parameterName is pageName/parameterValue is createPage; parameter 3: parameterName is version/parameterValue is 1; parameter 4: parameterName is assetType/parameterValue is instance of com.topcoder.confluence.entities.ConfluenceAssetType; parameter 5: parameterName is catalog/parameterValue is instance of com.topcoder.confluence.entities.ConfluenceCatalog; parameter 6: parameterName is componentType/parameterValue is instance of com.topcoder.confluence.entities.ComponentType; 
Entering the method: retrievePage(String token, String pageName, String version, ConfluenceAssetType assetType,  ConfluenceCatalog catalog, ComponentType componentType)
Parameters Info: parameter 1: parameterName is token/parameterValue is sO2NZTKPIs; parameter 2: parameterName is pageName/parameterValue is createPage; parameter 3: parameterName is version/parameterValue is 1; parameter 4: parameterName is assetType/parameterValue is instance of com.topcoder.confluence.entities.ConfluenceAssetType; parameter 5: parameterName is catalog/parameterValue is instance of com.topcoder.confluence.entities.ConfluenceCatalog; parameter 6: parameterName is componentType/parameterValue is instance of com.topcoder.confluence.entities.ComponentType; 
Entering the method: retrievePage(String token, String pageName, String version, ConfluenceAssetType assetType,  ConfluenceCatalog catalog, ComponentType componentType)
Parameters Info: parameter 1: parameterName is token/parameterValue is sO2NZTKPIs; parameter 2: parameterName is pageName/parameterValue is createPage; parameter 3: parameterName is version/parameterValue is 1; parameter 4: parameterName is assetType/parameterValue is instance of com.topcoder.confluence.entities.ConfluenceAssetType; parameter 5: parameterName is catalog/parameterValue is instance of com.topcoder.confluence.entities.ConfluenceCatalog; parameter 6: parameterName is componentType/parameterValue is instance of com.topcoder.confluence.entities.ComponentType; 
Entering the method: retrievePage(String token, String pageName, String version, ConfluenceAssetType assetType,  ConfluenceCatalog catalog, ComponentType componentType)
Parameters Info: parameter 1: parameterName is token/parameterValue is sO2NZTKPIs; parameter 2: parameterName is pageName/parameterValue is createPage; parameter 3: parameterName is version/parameterValue is 1; parameter 4: parameterName is assetType/parameterValue is instance of com.topcoder.confluence.entities.ConfluenceAssetType; parameter 5: parameterName is catalog/parameterValue is instance of com.topcoder.confluence.entities.ConfluenceCatalog; parameter 6: parameterName is componentType/parameterValue is instance of com.topcoder.confluence.entities.ComponentType; 
Entering the method: retrievePage(String token, String pageName, String version, ConfluenceAssetType assetType,  ConfluenceCatalog catalog, ComponentType componentType)
Parameters Info: parameter 1: parameterName is token/parameterValue is sO2NZTKPIs; parameter 2: parameterName is pageName/parameterValue is createPage; parameter 3: parameterName is version/parameterValue is 1; parameter 4: parameterName is assetType/parameterValue is instance of com.topcoder.confluence.entities.ConfluenceAssetType; parameter 5: parameterName is catalog/parameterValue is instance of com.topcoder.confluence.entities.ConfluenceCatalog; parameter 6: parameterName is componentType/parameterValue is instance of com.topcoder.confluence.entities.ComponentType; 
Entering the method: retrievePage(String token, String pageName, String version, ConfluenceAssetType assetType,  ConfluenceCatalog catalog, ComponentType componentType)
Parameters Info: parameter 1: parameterName is token/parameterValue is sO2NZTKPIs; parameter 2: parameterName is pageName/parameterValue is createPage; parameter 3: parameterName is version/parameterValue is 1; parameter 4: parameterName is assetType/parameterValue is instance of com.topcoder.confluence.entities.ConfluenceAssetType; parameter 5: parameterName is catalog/parameterValue is instance of com.topcoder.confluence.entities.ConfluenceCatalog; parameter 6: parameterName is componentType/parameterValue is instance of com.topcoder.confluence.entities.ComponentType; 
Entering the method: retrievePage(String token, String pageName, String version, ConfluenceAssetType assetType,  ConfluenceCatalog catalog, ComponentType componentType)
Parameters Info: parameter 1: parameterName is token/parameterValue is sO2NZTKPIs; parameter 2: parameterName is pageName/parameterValue is createPage; parameter 3: parameterName is version/parameterValue is 1; parameter 4: parameterName is assetType/parameterValue is instance of com.topcoder.confluence.entities.ConfluenceAssetType; parameter 5: parameterName is catalog/parameterValue is instance of com.topcoder.confluence.entities.ConfluenceCatalog; parameter 6: parameterName is componentType/parameterValue is instance of com.topcoder.confluence.entities.ComponentType; 
Entering the method: retrievePage(String token, String pageName, String version, ConfluenceAssetType assetType,  ConfluenceCatalog catalog, ComponentType componentType)
Parameters Info: parameter 1: parameterName is token/parameterValue is sO2NZTKPIs; parameter 2: parameterName is pageName/parameterValue is createPage; parameter 3: parameterName is version/parameterValue is 1; parameter 4: parameterName is assetType/parameterValue is instance of com.topcoder.confluence.entities.ConfluenceAssetType; parameter 5: parameterName is catalog/parameterValue is instance of com.topcoder.confluence.entities.ConfluenceCatalog; parameter 6: parameterName is componentType/parameterValue is instance of com.topcoder.confluence.entities.ComponentType; 
Entering the method: retrievePage(String token, String pageName, String version, ConfluenceAssetType assetType,  ConfluenceCatalog catalog, ComponentType componentType)
Parameters Info: parameter 1: parameterName is token/parameterValue is sO2NZTKPIs; parameter 2: parameterName is pageName/parameterValue is createPage; parameter 3: parameterName is version/parameterValue is 1; parameter 4: parameterName is assetType/parameterValue is instance of com.topcoder.confluence.entities.ConfluenceAssetType; parameter 5: parameterName is catalog/parameterValue is instance of com.topcoder.confluence.entities.ConfluenceCatalog; parameter 6: parameterName is componentType/parameterValue is instance of com.topcoder.confluence.entities.ComponentType; 
Entering the method: retrievePage(String token, String pageName, String version, ConfluenceAssetType assetType,  ConfluenceCatalog catalog, ComponentType componentType)
Parameters Info: parameter 1: parameterName is token/parameterValue is sO2NZTKPIs; parameter 2: parameterName is pageName/parameterValue is createPage; parameter 3: parameterName is version/parameterValue is 1; parameter 4: parameterName is assetType/parameterValue is instance of com.topcoder.confluence.entities.ConfluenceAssetType; parameter 5: parameterName is catalog/parameterValue is instance of com.topcoder.confluence.entities.ConfluenceCatalog; parameter 6: parameterName is componentType/parameterValue is instance of com.topcoder.confluence.entities.ComponentType; 
Entering the method: retrievePage(String token, String pageName, String version, ConfluenceAssetType assetType,  ConfluenceCatalog catalog, ComponentType componentType)
Parameters Info: parameter 1: parameterName is token/parameterValue is sO2NZTKPIs; parameter 2: parameterName is pageName/parameterValue is createPage; parameter 3: parameterName is version/parameterValue is 1; parameter 4: parameterName is assetType/parameterValue is instance of com.topcoder.confluence.entities.ConfluenceAssetType; parameter 5: parameterName is catalog/parameterValue is instance of com.topcoder.confluence.entities.ConfluenceCatalog; parameter 6: parameterName is componentType/parameterValue is instance of com.topcoder.confluence.entities.ComponentType; 
Entering the method: retrievePage(String token, String pageName, String version, ConfluenceAssetType assetType,  ConfluenceCatalog catalog, ComponentType componentType)
Parameters Info: parameter 1: parameterName is token/parameterValue is sO2NZTKPIs; parameter 2: parameterName is pageName/parameterValue is createPage; parameter 3: parameterName is version/parameterValue is 1; parameter 4: parameterName is assetType/parameterValue is instance of com.topcoder.confluence.entities.ConfluenceAssetType; parameter 5: parameterName is catalog/parameterValue is instance of com.topcoder.confluence.entities.ConfluenceCatalog; parameter 6: parameterName is componentType/parameterValue is instance of com.topcoder.confluence.entities.ComponentType; 
Entering the method: retrievePage(String token, String pageName, String version, ConfluenceAssetType assetType,  ConfluenceCatalog catalog, ComponentType componentType)
Parameters Info: parameter 1: parameterName is token/parameterValue is sO2NZTKPIs; parameter 2: parameterName is pageName/parameterValue is createPage; parameter 3: parameterName is version/parameterValue is 1; parameter 4: parameterName is assetType/parameterValue is instance of com.topcoder.confluence.entities.ConfluenceAssetType; parameter 5: parameterName is catalog/parameterValue is instance of com.topcoder.confluence.entities.ConfluenceCatalog; parameter 6: parameterName is componentType/parameterValue is instance of com.topcoder.confluence.entities.ComponentType; 
Entering the method: retrievePage(String token, String pageName, String version, ConfluenceAssetType assetType,  ConfluenceCatalog catalog, ComponentType componentType)
Parameters Info: parameter 1: parameterName is token/parameterValue is sO2NZTKPIs; parameter 2: parameterName is pageName/parameterValue is createPage; parameter 3: parameterName is version/parameterValue is 1; parameter 4: parameterName is assetType/parameterValue is instance of com.topcoder.confluence.entities.ConfluenceAssetType; parameter 5: parameterName is catalog/parameterValue is instance of com.topcoder.confluence.entities.ConfluenceCatalog; parameter 6: parameterName is componentType/parameterValue is instance of com.topcoder.confluence.entities.ComponentType; 
Entering the method: retrievePage(String token, String pageName, String version, ConfluenceAssetType assetType,  ConfluenceCatalog catalog, ComponentType componentType)
Parameters Info: parameter 1: parameterName is token/parameterValue is sO2NZTKPIs; parameter 2: parameterName is pageName/parameterValue is createPage; parameter 3: parameterName is version/parameterValue is 1; parameter 4: parameterName is assetType/parameterValue is instance of com.topcoder.confluence.entities.ConfluenceAssetType; parameter 5: parameterName is catalog/parameterValue is instance of com.topcoder.confluence.entities.ConfluenceCatalog; parameter 6: parameterName is componentType/parameterValue is instance of com.topcoder.confluence.entities.ComponentType; 
Entering the method: retrievePage(String token, String pageName, String version, ConfluenceAssetType assetType,  ConfluenceCatalog catalog, ComponentType componentType)
Parameters Info: parameter 1: parameterName is token/parameterValue is sO2NZTKPIs; parameter 2: parameterName is pageName/parameterValue is createPage; parameter 3: parameterName is version/parameterValue is 1; parameter 4: parameterName is assetType/parameterValue is instance of com.topcoder.confluence.entities.ConfluenceAssetType; parameter 5: parameterName is catalog/parameterValue is instance of com.topcoder.confluence.entities.ConfluenceCatalog; parameter 6: parameterName is componentType/parameterValue is instance of com.topcoder.confluence.entities.ComponentType; 
Entering the method: retrievePage(String token, String pageName, String version, ConfluenceAssetType assetType,  ConfluenceCatalog catalog, ComponentType componentType)
Parameters Info: parameter 1: parameterName is token/parameterValue is sO2NZTKPIs; parameter 2: parameterName is pageName/parameterValue is createPage; parameter 3: parameterName is version/parameterValue is 1; parameter 4: parameterName is assetType/parameterValue is instance of com.topcoder.confluence.entities.ConfluenceAssetType; parameter 5: parameterName is catalog/parameterValue is instance of com.topcoder.confluence.entities.ConfluenceCatalog; parameter 6: parameterName is componentType/parameterValue is instance of com.topcoder.confluence.entities.ComponentType; 
Entering the method: retrievePage(String token, String pageName, String version, ConfluenceAssetType assetType,  ConfluenceCatalog catalog, ComponentType componentType)
Parameters Info: parameter 1: parameterName is token/parameterValue is sO2NZTKPIs; parameter 2: parameterName is pageName/parameterValue is createPage; parameter 3: parameterName is version/parameterValue is 1; parameter 4: parameterName is assetType/parameterValue is instance of com.topcoder.confluence.entities.ConfluenceAssetType; parameter 5: parameterName is catalog/parameterValue is instance of com.topcoder.confluence.entities.ConfluenceCatalog; parameter 6: parameterName is componentType/parameterValue is instance of com.topcoder.confluence.entities.ComponentType; 
Entering the method: retrievePage(String token, String pageName, String version, ConfluenceAssetType assetType,  ConfluenceCatalog catalog, ComponentType componentType)
Parameters Info: parameter 1: parameterName is token/parameterValue is sO2NZTKPIs; parameter 2: parameterName is pageName/parameterValue is createPage; parameter 3: parameterName is version/parameterValue is 1; parameter 4: parameterName is assetType/parameterValue is instance of com.topcoder.confluence.entities.ConfluenceAssetType; parameter 5: parameterName is catalog/parameterValue is instance of com.topcoder.confluence.entities.ConfluenceCatalog; parameter 6: parameterName is componentType/parameterValue is instance of com.topcoder.confluence.entities.ComponentType; 
Entering the method: retrievePage(String token, String pageName, String version, ConfluenceAssetType assetType,  ConfluenceCatalog catalog, ComponentType componentType)
Parameters Info: parameter 1: parameterName is token/parameterValue is sO2NZTKPIs; parameter 2: parameterName is pageName/parameterValue is createPage; parameter 3: parameterName is version/parameterValue is 1; parameter 4: parameterName is assetType/parameterValue is instance of com.topcoder.confluence.entities.ConfluenceAssetType; parameter 5: parameterName is catalog/parameterValue is instance of com.topcoder.confluence.entities.ConfluenceCatalog; parameter 6: parameterName is componentType/parameterValue is instance of com.topcoder.confluence.entities.ComponentType; 
Entering the method: retrievePage(String token, String pageName, String version, ConfluenceAssetType assetType,  ConfluenceCatalog catalog, ComponentType componentType)
Parameters Info: parameter 1: parameterName is token/parameterValue is sO2NZTKPIs; parameter 2: parameterName is pageName/parameterValue is createPage; parameter 3: parameterName is version/parameterValue is 1; parameter 4: parameterName is assetType/parameterValue is instance of com.topcoder.confluence.entities.ConfluenceAssetType; parameter 5: parameterName is catalog/parameterValue is instance of com.topcoder.confluence.entities.ConfluenceCatalog; parameter 6: parameterName is componentType/parameterValue is instance of com.topcoder.confluence.entities.ComponentType; 
Entering the method: retrievePage(String token, String pageName, String version, ConfluenceAssetType assetType,  ConfluenceCatalog catalog, ComponentType componentType)
Parameters Info: parameter 1: parameterName is token/parameterValue is sO2NZTKPIs; parameter 2: parameterName is pageName/parameterValue is createPage; parameter 3: parameterName is version/parameterValue is 1; parameter 4: parameterName is assetType/parameterValue is instance of com.topcoder.confluence.entities.ConfluenceAssetType; parameter 5: parameterName is catalog/parameterValue is instance of com.topcoder.confluence.entities.ConfluenceCatalog; parameter 6: parameterName is componentType/parameterValue is instance of com.topcoder.confluence.entities.ComponentType; 
Entering the method: retrievePage(String token, String pageName, String version, ConfluenceAssetType assetType,  ConfluenceCatalog catalog, ComponentType componentType)
Parameters Info: parameter 1: parameterName is token/parameterValue is sO2NZTKPIs; parameter 2: parameterName is pageName/parameterValue is createPage; parameter 3: parameterName is version/parameterValue is 1; parameter 4: parameterName is assetType/parameterValue is instance of com.topcoder.confluence.entities.ConfluenceAssetType; parameter 5: parameterName is catalog/parameterValue is instance of com.topcoder.confluence.entities.ConfluenceCatalog; parameter 6: parameterName is componentType/parameterValue is instance of com.topcoder.confluence.entities.ComponentType; 
Entering the method: retrievePage(String token, String pageName, String version, ConfluenceAssetType assetType,  ConfluenceCatalog catalog, ComponentType componentType)
Parameters Info: parameter 1: parameterName is token/parameterValue is sO2NZTKPIs; parameter 2: parameterName is pageName/parameterValue is createPage; parameter 3: parameterName is version/parameterValue is 1; parameter 4: parameterName is assetType/parameterValue is instance of com.topcoder.confluence.entities.ConfluenceAssetType; parameter 5: parameterName is catalog/parameterValue is instance of com.topcoder.confluence.entities.ConfluenceCatalog; parameter 6: parameterName is componentType/parameterValue is instance of com.topcoder.confluence.entities.ComponentType; 
Entering the method: retrievePage(String token, String pageName, String version, ConfluenceAssetType assetType,  ConfluenceCatalog catalog, ComponentType componentType)
Parameters Info: parameter 1: parameterName is token/parameterValue is sO2NZTKPIs; parameter 2: parameterName is pageName/parameterValue is createPage; parameter 3: parameterName is version/parameterValue is 1; parameter 4: parameterName is assetType/parameterValue is instance of com.topcoder.confluence.entities.ConfluenceAssetType; parameter 5: parameterName is catalog/parameterValue is instance of com.topcoder.confluence.entities.ConfluenceCatalog; parameter 6: parameterName is componentType/parameterValue is instance of com.topcoder.confluence.entities.ComponentType; 
Entering the method: retrievePage(String token, String pageName, String version, ConfluenceAssetType assetType,  ConfluenceCatalog catalog, ComponentType componentType)
Parameters Info: parameter 1: parameterName is token/parameterValue is sO2NZTKPIs; parameter 2: parameterName is pageName/parameterValue is createPage; parameter 3: parameterName is version/parameterValue is 1; parameter 4: parameterName is assetType/parameterValue is instance of com.topcoder.confluence.entities.ConfluenceAssetType; parameter 5: parameterName is catalog/parameterValue is instance of com.topcoder.confluence.entities.ConfluenceCatalog; parameter 6: parameterName is componentType/parameterValue is instance of com.topcoder.confluence.entities.ComponentType; 
Entering the method: retrievePage(String token, String pageName, String version, ConfluenceAssetType assetType,  ConfluenceCatalog catalog, ComponentType componentType)
Parameters Info: parameter 1: parameterName is token/parameterValue is sO2NZTKPIs; parameter 2: parameterName is pageName/parameterValue is createPage; parameter 3: parameterName is version/parameterValue is 1; parameter 4: parameterName is assetType/parameterValue is instance of com.topcoder.confluence.entities.ConfluenceAssetType; parameter 5: parameterName is catalog/parameterValue is instance of com.topcoder.confluence.entities.ConfluenceCatalog; parameter 6: parameterName is componentType/parameterValue is instance of com.topcoder.confluence.entities.ComponentType; 
Entering the method: retrievePage(String token, String pageName, String version, ConfluenceAssetType assetType,  ConfluenceCatalog catalog, ComponentType componentType)
Parameters Info: parameter 1: parameterName is token/parameterValue is sO2NZTKPIs; parameter 2: parameterName is pageName/parameterValue is createPage; parameter 3: parameterName is version/parameterValue is 1; parameter 4: parameterName is assetType/parameterValue is instance of com.topcoder.confluence.entities.ConfluenceAssetType; parameter 5: parameterName is catalog/parameterValue is instance of com.topcoder.confluence.entities.ConfluenceCatalog; parameter 6: parameterName is componentType/parameterValue is instance of com.topcoder.confluence.entities.ComponentType; 
Entering the method: retrievePage(String token, String pageName, String version, ConfluenceAssetType assetType,  ConfluenceCatalog catalog, ComponentType componentType)
Parameters Info: parameter 1: parameterName is token/parameterValue is sO2NZTKPIs; parameter 2: parameterName is pageName/parameterValue is createPage; parameter 3: parameterName is version/parameterValue is 1; parameter 4: parameterName is assetType/parameterValue is instance of com.topcoder.confluence.entities.ConfluenceAssetType; parameter 5: parameterName is catalog/parameterValue is instance of com.topcoder.confluence.entities.ConfluenceCatalog; parameter 6: parameterName is componentType/parameterValue is instance of com.topcoder.confluence.entities.ComponentType; 
Entering the method: retrievePage(String token, String pageName, String version, ConfluenceAssetType assetType,  ConfluenceCatalog catalog, ComponentType componentType)
Parameters Info: parameter 1: parameterName is token/parameterValue is sO2NZTKPIs; parameter 2: parameterName is pageName/parameterValue is createPage; parameter 3: parameterName is version/parameterValue is 1; parameter 4: parameterName is assetType/parameterValue is instance of com.topcoder.confluence.entities.ConfluenceAssetType; parameter 5: parameterName is catalog/parameterValue is instance of com.topcoder.confluence.entities.ConfluenceCatalog; parameter 6: parameterName is componentType/parameterValue is instance of com.topcoder.confluence.entities.ComponentType; 
Entering the method: retrievePage(String token, String pageName, String version, ConfluenceAssetType assetType,  ConfluenceCatalog catalog, ComponentType componentType)
Parameters Info: parameter 1: parameterName is token/parameterValue is sO2NZTKPIs; parameter 2: parameterName is pageName/parameterValue is createPage; parameter 3: parameterName is version/parameterValue is 1; parameter 4: parameterName is assetType/parameterValue is instance of com.topcoder.confluence.entities.ConfluenceAssetType; parameter 5: parameterName is catalog/parameterValue is instance of com.topcoder.confluence.entities.ConfluenceCatalog; parameter 6: parameterName is componentType/parameterValue is instance of com.topcoder.confluence.entities.ComponentType; 
Entering the method: retrievePage(String token, String pageName, String version, ConfluenceAssetType assetType,  ConfluenceCatalog catalog, ComponentType componentType)
Parameters Info: parameter 1: parameterName is token/parameterValue is sO2NZTKPIs; parameter 2: parameterName is pageName/parameterValue is createPage; parameter 3: parameterName is version/parameterValue is 1; parameter 4: parameterName is assetType/parameterValue is instance of com.topcoder.confluence.entities.ConfluenceAssetType; parameter 5: parameterName is catalog/parameterValue is instance of com.topcoder.confluence.entities.ConfluenceCatalog; parameter 6: parameterName is componentType/parameterValue is instance of com.topcoder.confluence.entities.ComponentType; 
Entering the method: retrievePage(String token, String pageName, String version, ConfluenceAssetType assetType,  ConfluenceCatalog catalog, ComponentType componentType)
Parameters Info: parameter 1: parameterName is token/parameterValue is sO2NZTKPIs; parameter 2: parameterName is pageName/parameterValue is createPage; parameter 3: parameterName is version/parameterValue is 1; parameter 4: parameterName is assetType/parameterValue is instance of com.topcoder.confluence.entities.ConfluenceAssetType; parameter 5: parameterName is catalog/parameterValue is instance of com.topcoder.confluence.entities.ConfluenceCatalog; parameter 6: parameterName is componentType/parameterValue is instance of com.topcoder.confluence.entities.ComponentType; 
Entering the method: retrievePage(String token, String pageName, String version, ConfluenceAssetType assetType,  ConfluenceCatalog catalog, ComponentType componentType)
Parameters Info: parameter 1: parameterName is token/parameterValue is sO2NZTKPIs; parameter 2: parameterName is pageName/parameterValue is createPage; parameter 3: parameterName is version/parameterValue is 1; parameter 4: parameterName is assetType/parameterValue is instance of com.topcoder.confluence.entities.ConfluenceAssetType; parameter 5: parameterName is catalog/parameterValue is instance of com.topcoder.confluence.entities.ConfluenceCatalog; parameter 6: parameterName is componentType/parameterValue is instance of com.topcoder.confluence.entities.ComponentType; 
Entering the method: retrievePage(String token, String pageName, String version, ConfluenceAssetType assetType,  ConfluenceCatalog catalog, ComponentType componentType)
Parameters Info: parameter 1: parameterName is token/parameterValue is sO2NZTKPIs; parameter 2: parameterName is pageName/parameterValue is createPage; parameter 3: parameterName is version/parameterValue is 1; parameter 4: parameterName is assetType/parameterValue is instance of com.topcoder.confluence.entities.ConfluenceAssetType; parameter 5: parameterName is catalog/parameterValue is instance of com.topcoder.confluence.entities.ConfluenceCatalog; parameter 6: parameterName is componentType/parameterValue is instance of com.topcoder.confluence.entities.ComponentType; 
calling retrievePage 1 cost 2.484 seconds
Entering the method: login(String userName, String password)
Parameters Info: parameter 1: parameterName is userName/parameterValue is tcsdeveloper; parameter 2: parameterName is password/parameterValue is TCSDEVELOPER; 
Entering the method: createPage(String token, String pageName, String version, ConfluenceAssetType assetType, ConfluenceCatalog catalog, String applicationCode)
Parameters Info: parameter 1: parameterName is token/parameterValue is 7ek9W95rkF; parameter 2: parameterName is pageName/parameterValue is createPage; parameter 3: parameterName is version/parameterValue is 1; parameter 4: parameterName is assetType/parameterValue is instance of com.topcoder.confluence.entities.ConfluenceAssetType; parameter 5: parameterName is catalog/parameterValue is instance of com.topcoder.confluence.entities.ConfluenceCatalog; parameter 6: parameterName is applicationCode/parameterValue is applicationCode; 
Entering the method: retrievePage(String token, String pageName, String version, ConfluenceAssetType assetType, ConfluenceCatalog catalog, String applicationCode)
Parameters Info: parameter 1: parameterName is token/parameterValue is 7ek9W95rkF; parameter 2: parameterName is pageName/parameterValue is createPage; parameter 3: parameterName is version/parameterValue is 1; parameter 4: parameterName is assetType/parameterValue is instance of com.topcoder.confluence.entities.ConfluenceAssetType; parameter 5: parameterName is catalog/parameterValue is instance of com.topcoder.confluence.entities.ConfluenceCatalog; parameter 6: parameterName is applicationCode/parameterValue is applicationCode; 
Entering the method: retrievePage(String token, String pageName, String version, ConfluenceAssetType assetType, ConfluenceCatalog catalog, String applicationCode)
Parameters Info: parameter 1: parameterName is token/parameterValue is 7ek9W95rkF; parameter 2: parameterName is pageName/parameterValue is createPage; parameter 3: parameterName is version/parameterValue is 1; parameter 4: parameterName is assetType/parameterValue is instance of com.topcoder.confluence.entities.ConfluenceAssetType; parameter 5: parameterName is catalog/parameterValue is instance of com.topcoder.confluence.entities.ConfluenceCatalog; parameter 6: parameterName is applicationCode/parameterValue is applicationCode; 
Entering the method: retrievePage(String token, String pageName, String version, ConfluenceAssetType assetType, ConfluenceCatalog catalog, String applicationCode)
Parameters Info: parameter 1: parameterName is token/parameterValue is 7ek9W95rkF; parameter 2: parameterName is pageName/parameterValue is createPage; parameter 3: parameterName is version/parameterValue is 1; parameter 4: parameterName is assetType/parameterValue is instance of com.topcoder.confluence.entities.ConfluenceAssetType; parameter 5: parameterName is catalog/parameterValue is instance of com.topcoder.confluence.entities.ConfluenceCatalog; parameter 6: parameterName is applicationCode/parameterValue is applicationCode; 
Entering the method: retrievePage(String token, String pageName, String version, ConfluenceAssetType assetType, ConfluenceCatalog catalog, String applicationCode)
Parameters Info: parameter 1: parameterName is token/parameterValue is 7ek9W95rkF; parameter 2: parameterName is pageName/parameterValue is createPage; parameter 3: parameterName is version/parameterValue is 1; parameter 4: parameterName is assetType/parameterValue is instance of com.topcoder.confluence.entities.ConfluenceAssetType; parameter 5: parameterName is catalog/parameterValue is instance of com.topcoder.confluence.entities.ConfluenceCatalog; parameter 6: parameterName is applicationCode/parameterValue is applicationCode; 
Entering the method: retrievePage(String token, String pageName, String version, ConfluenceAssetType assetType, ConfluenceCatalog catalog, String applicationCode)
Parameters Info: parameter 1: parameterName is token/parameterValue is 7ek9W95rkF; parameter 2: parameterName is pageName/parameterValue is createPage; parameter 3: parameterName is version/parameterValue is 1; parameter 4: parameterName is assetType/parameterValue is instance of com.topcoder.confluence.entities.ConfluenceAssetType; parameter 5: parameterName is catalog/parameterValue is instance of com.topcoder.confluence.entities.ConfluenceCatalog; parameter 6: parameterName is applicationCode/parameterValue is applicationCode; 
Entering the method: retrievePage(String token, String pageName, String version, ConfluenceAssetType assetType, ConfluenceCatalog catalog, String applicationCode)
Parameters Info: parameter 1: parameterName is token/parameterValue is 7ek9W95rkF; parameter 2: parameterName is pageName/parameterValue is createPage; parameter 3: parameterName is version/parameterValue is 1; parameter 4: parameterName is assetType/parameterValue is instance of com.topcoder.confluence.entities.ConfluenceAssetType; parameter 5: parameterName is catalog/parameterValue is instance of com.topcoder.confluence.entities.ConfluenceCatalog; parameter 6: parameterName is applicationCode/parameterValue is applicationCode; 
Entering the method: retrievePage(String token, String pageName, String version, ConfluenceAssetType assetType, ConfluenceCatalog catalog, String applicationCode)
Parameters Info: parameter 1: parameterName is token/parameterValue is 7ek9W95rkF; parameter 2: parameterName is pageName/parameterValue is createPage; parameter 3: parameterName is version/parameterValue is 1; parameter 4: parameterName is assetType/parameterValue is instance of com.topcoder.confluence.entities.ConfluenceAssetType; parameter 5: parameterName is catalog/parameterValue is instance of com.topcoder.confluence.entities.ConfluenceCatalog; parameter 6: parameterName is applicationCode/parameterValue is applicationCode; 
Entering the method: retrievePage(String token, String pageName, String version, ConfluenceAssetType assetType, ConfluenceCatalog catalog, String applicationCode)
Parameters Info: parameter 1: parameterName is token/parameterValue is 7ek9W95rkF; parameter 2: parameterName is pageName/parameterValue is createPage; parameter 3: parameterName is version/parameterValue is 1; parameter 4: parameterName is assetType/parameterValue is instance of com.topcoder.confluence.entities.ConfluenceAssetType; parameter 5: parameterName is catalog/parameterValue is instance of com.topcoder.confluence.entities.ConfluenceCatalog; parameter 6: parameterName is applicationCode/parameterValue is applicationCode; 
Entering the method: retrievePage(String token, String pageName, String version, ConfluenceAssetType assetType, ConfluenceCatalog catalog, String applicationCode)
Parameters Info: parameter 1: parameterName is token/parameterValue is 7ek9W95rkF; parameter 2: parameterName is pageName/parameterValue is createPage; parameter 3: parameterName is version/parameterValue is 1; parameter 4: parameterName is assetType/parameterValue is instance of com.topcoder.confluence.entities.ConfluenceAssetType; parameter 5: parameterName is catalog/parameterValue is instance of com.topcoder.confluence.entities.ConfluenceCatalog; parameter 6: parameterName is applicationCode/parameterValue is applicationCode; 
Entering the method: retrievePage(String token, String pageName, String version, ConfluenceAssetType assetType, ConfluenceCatalog catalog, String applicationCode)
Parameters Info: parameter 1: parameterName is token/parameterValue is 7ek9W95rkF; parameter 2: parameterName is pageName/parameterValue is createPage; parameter 3: parameterName is version/parameterValue is 1; parameter 4: parameterName is assetType/parameterValue is instance of com.topcoder.confluence.entities.ConfluenceAssetType; parameter 5: parameterName is catalog/parameterValue is instance of com.topcoder.confluence.entities.ConfluenceCatalog; parameter 6: parameterName is applicationCode/parameterValue is applicationCode; 
Entering the method: retrievePage(String token, String pageName, String version, ConfluenceAssetType assetType, ConfluenceCatalog catalog, String applicationCode)
Parameters Info: parameter 1: parameterName is token/parameterValue is 7ek9W95rkF; parameter 2: parameterName is pageName/parameterValue is createPage; parameter 3: parameterName is version/parameterValue is 1; parameter 4: parameterName is assetType/parameterValue is instance of com.topcoder.confluence.entities.ConfluenceAssetType; parameter 5: parameterName is catalog/parameterValue is instance of com.topcoder.confluence.entities.ConfluenceCatalog; parameter 6: parameterName is applicationCode/parameterValue is applicationCode; 
Entering the method: retrievePage(String token, String pageName, String version, ConfluenceAssetType assetType, ConfluenceCatalog catalog, String applicationCode)
Parameters Info: parameter 1: parameterName is token/parameterValue is 7ek9W95rkF; parameter 2: parameterName is pageName/parameterValue is createPage; parameter 3: parameterName is version/parameterValue is 1; parameter 4: parameterName is assetType/parameterValue is instance of com.topcoder.confluence.entities.ConfluenceAssetType; parameter 5: parameterName is catalog/parameterValue is instance of com.topcoder.confluence.entities.ConfluenceCatalog; parameter 6: parameterName is applicationCode/parameterValue is applicationCode; 
Entering the method: retrievePage(String token, String pageName, String version, ConfluenceAssetType assetType, ConfluenceCatalog catalog, String applicationCode)
Parameters Info: parameter 1: parameterName is token/parameterValue is 7ek9W95rkF; parameter 2: parameterName is pageName/parameterValue is createPage; parameter 3: parameterName is version/parameterValue is 1; parameter 4: parameterName is assetType/parameterValue is instance of com.topcoder.confluence.entities.ConfluenceAssetType; parameter 5: parameterName is catalog/parameterValue is instance of com.topcoder.confluence.entities.ConfluenceCatalog; parameter 6: parameterName is applicationCode/parameterValue is applicationCode; 
Entering the method: retrievePage(String token, String pageName, String version, ConfluenceAssetType assetType, ConfluenceCatalog catalog, String applicationCode)
Parameters Info: parameter 1: parameterName is token/parameterValue is 7ek9W95rkF; parameter 2: parameterName is pageName/parameterValue is createPage; parameter 3: parameterName is version/parameterValue is 1; parameter 4: parameterName is assetType/parameterValue is instance of com.topcoder.confluence.entities.ConfluenceAssetType; parameter 5: parameterName is catalog/parameterValue is instance of com.topcoder.confluence.entities.ConfluenceCatalog; parameter 6: parameterName is applicationCode/parameterValue is applicationCode; 
Entering the method: retrievePage(String token, String pageName, String version, ConfluenceAssetType assetType, ConfluenceCatalog catalog, String applicationCode)
Parameters Info: parameter 1: parameterName is token/parameterValue is 7ek9W95rkF; parameter 2: parameterName is pageName/parameterValue is createPage; parameter 3: parameterName is version/parameterValue is 1; parameter 4: parameterName is assetType/parameterValue is instance of com.topcoder.confluence.entities.ConfluenceAssetType; parameter 5: parameterName is catalog/parameterValue is instance of com.topcoder.confluence.entities.ConfluenceCatalog; parameter 6: parameterName is applicationCode/parameterValue is applicationCode; 
Entering the method: retrievePage(String token, String pageName, String version, ConfluenceAssetType assetType, ConfluenceCatalog catalog, String applicationCode)
Parameters Info: parameter 1: parameterName is token/parameterValue is 7ek9W95rkF; parameter 2: parameterName is pageName/parameterValue is createPage; parameter 3: parameterName is version/parameterValue is 1; parameter 4: parameterName is assetType/parameterValue is instance of com.topcoder.confluence.entities.ConfluenceAssetType; parameter 5: parameterName is catalog/parameterValue is instance of com.topcoder.confluence.entities.ConfluenceCatalog; parameter 6: parameterName is applicationCode/parameterValue is applicationCode; 
Entering the method: retrievePage(String token, String pageName, String version, ConfluenceAssetType assetType, ConfluenceCatalog catalog, String applicationCode)
Parameters Info: parameter 1: parameterName is token/parameterValue is 7ek9W95rkF; parameter 2: parameterName is pageName/parameterValue is createPage; parameter 3: parameterName is version/parameterValue is 1; parameter 4: parameterName is assetType/parameterValue is instance of com.topcoder.confluence.entities.ConfluenceAssetType; parameter 5: parameterName is catalog/parameterValue is instance of com.topcoder.confluence.entities.ConfluenceCatalog; parameter 6: parameterName is applicationCode/parameterValue is applicationCode; 
Entering the method: retrievePage(String token, String pageName, String version, ConfluenceAssetType assetType, ConfluenceCatalog catalog, String applicationCode)
Parameters Info: parameter 1: parameterName is token/parameterValue is 7ek9W95rkF; parameter 2: parameterName is pageName/parameterValue is createPage; parameter 3: parameterName is version/parameterValue is 1; parameter 4: parameterName is assetType/parameterValue is instance of com.topcoder.confluence.entities.ConfluenceAssetType; parameter 5: parameterName is catalog/parameterValue is instance of com.topcoder.confluence.entities.ConfluenceCatalog; parameter 6: parameterName is applicationCode/parameterValue is applicationCode; 
Entering the method: retrievePage(String token, String pageName, String version, ConfluenceAssetType assetType, ConfluenceCatalog catalog, String applicationCode)
Parameters Info: parameter 1: parameterName is token/parameterValue is 7ek9W95rkF; parameter 2: parameterName is pageName/parameterValue is createPage; parameter 3: parameterName is version/parameterValue is 1; parameter 4: parameterName is assetType/parameterValue is instance of com.topcoder.confluence.entities.ConfluenceAssetType; parameter 5: parameterName is catalog/parameterValue is instance of com.topcoder.confluence.entities.ConfluenceCatalog; parameter 6: parameterName is applicationCode/parameterValue is applicationCode; 
Entering the method: retrievePage(String token, String pageName, String version, ConfluenceAssetType assetType, ConfluenceCatalog catalog, String applicationCode)
Parameters Info: parameter 1: parameterName is token/parameterValue is 7ek9W95rkF; parameter 2: parameterName is pageName/parameterValue is createPage; parameter 3: parameterName is version/parameterValue is 1; parameter 4: parameterName is assetType/parameterValue is instance of com.topcoder.confluence.entities.ConfluenceAssetType; parameter 5: parameterName is catalog/parameterValue is instance of com.topcoder.confluence.entities.ConfluenceCatalog; parameter 6: parameterName is applicationCode/parameterValue is applicationCode; 
Entering the method: retrievePage(String token, String pageName, String version, ConfluenceAssetType assetType, ConfluenceCatalog catalog, String applicationCode)
Parameters Info: parameter 1: parameterName is token/parameterValue is 7ek9W95rkF; parameter 2: parameterName is pageName/parameterValue is createPage; parameter 3: parameterName is version/parameterValue is 1; parameter 4: parameterName is assetType/parameterValue is instance of com.topcoder.confluence.entities.ConfluenceAssetType; parameter 5: parameterName is catalog/parameterValue is instance of com.topcoder.confluence.entities.ConfluenceCatalog; parameter 6: parameterName is applicationCode/parameterValue is applicationCode; 
Entering the method: retrievePage(String token, String pageName, String version, ConfluenceAssetType assetType, ConfluenceCatalog catalog, String applicationCode)
Parameters Info: parameter 1: parameterName is token/parameterValue is 7ek9W95rkF; parameter 2: parameterName is pageName/parameterValue is createPage; parameter 3: parameterName is version/parameterValue is 1; parameter 4: parameterName is assetType/parameterValue is instance of com.topcoder.confluence.entities.ConfluenceAssetType; parameter 5: parameterName is catalog/parameterValue is instance of com.topcoder.confluence.entities.ConfluenceCatalog; parameter 6: parameterName is applicationCode/parameterValue is applicationCode; 
Entering the method: retrievePage(String token, String pageName, String version, ConfluenceAssetType assetType, ConfluenceCatalog catalog, String applicationCode)
Parameters Info: parameter 1: parameterName is token/parameterValue is 7ek9W95rkF; parameter 2: parameterName is pageName/parameterValue is createPage; parameter 3: parameterName is version/parameterValue is 1; parameter 4: parameterName is assetType/parameterValue is instance of com.topcoder.confluence.entities.ConfluenceAssetType; parameter 5: parameterName is catalog/parameterValue is instance of com.topcoder.confluence.entities.ConfluenceCatalog; parameter 6: parameterName is applicationCode/parameterValue is applicationCode; 
Entering the method: retrievePage(String token, String pageName, String version, ConfluenceAssetType assetType, ConfluenceCatalog catalog, String applicationCode)
Parameters Info: parameter 1: parameterName is token/parameterValue is 7ek9W95rkF; parameter 2: parameterName is pageName/parameterValue is createPage; parameter 3: parameterName is version/parameterValue is 1; parameter 4: parameterName is assetType/parameterValue is instance of com.topcoder.confluence.entities.ConfluenceAssetType; parameter 5: parameterName is catalog/parameterValue is instance of com.topcoder.confluence.entities.ConfluenceCatalog; parameter 6: parameterName is applicationCode/parameterValue is applicationCode; 
Entering the method: retrievePage(String token, String pageName, String version, ConfluenceAssetType assetType, ConfluenceCatalog catalog, String applicationCode)
Parameters Info: parameter 1: parameterName is token/parameterValue is 7ek9W95rkF; parameter 2: parameterName is pageName/parameterValue is createPage; parameter 3: parameterName is version/parameterValue is 1; parameter 4: parameterName is assetType/parameterValue is instance of com.topcoder.confluence.entities.ConfluenceAssetType; parameter 5: parameterName is catalog/parameterValue is instance of com.topcoder.confluence.entities.ConfluenceCatalog; parameter 6: parameterName is applicationCode/parameterValue is applicationCode; 
Entering the method: retrievePage(String token, String pageName, String version, ConfluenceAssetType assetType, ConfluenceCatalog catalog, String applicationCode)
Parameters Info: parameter 1: parameterName is token/parameterValue is 7ek9W95rkF; parameter 2: parameterName is pageName/parameterValue is createPage; parameter 3: parameterName is version/parameterValue is 1; parameter 4: parameterName is assetType/parameterValue is instance of com.topcoder.confluence.entities.ConfluenceAssetType; parameter 5: parameterName is catalog/parameterValue is instance of com.topcoder.confluence.entities.ConfluenceCatalog; parameter 6: parameterName is applicationCode/parameterValue is applicationCode; 
Entering the method: retrievePage(String token, String pageName, String version, ConfluenceAssetType assetType, ConfluenceCatalog catalog, String applicationCode)
Parameters Info: parameter 1: parameterName is token/parameterValue is 7ek9W95rkF; parameter 2: parameterName is pageName/parameterValue is createPage; parameter 3: parameterName is version/parameterValue is 1; parameter 4: parameterName is assetType/parameterValue is instance of com.topcoder.confluence.entities.ConfluenceAssetType; parameter 5: parameterName is catalog/parameterValue is instance of com.topcoder.confluence.entities.ConfluenceCatalog; parameter 6: parameterName is applicationCode/parameterValue is applicationCode; 
Entering the method: retrievePage(String token, String pageName, String version, ConfluenceAssetType assetType, ConfluenceCatalog catalog, String applicationCode)
Parameters Info: parameter 1: parameterName is token/parameterValue is 7ek9W95rkF; parameter 2: parameterName is pageName/parameterValue is createPage; parameter 3: parameterName is version/parameterValue is 1; parameter 4: parameterName is assetType/parameterValue is instance of com.topcoder.confluence.entities.ConfluenceAssetType; parameter 5: parameterName is catalog/parameterValue is instance of com.topcoder.confluence.entities.ConfluenceCatalog; parameter 6: parameterName is applicationCode/parameterValue is applicationCode; 
Entering the method: retrievePage(String token, String pageName, String version, ConfluenceAssetType assetType, ConfluenceCatalog catalog, String applicationCode)
Parameters Info: parameter 1: parameterName is token/parameterValue is 7ek9W95rkF; parameter 2: parameterName is pageName/parameterValue is createPage; parameter 3: parameterName is version/parameterValue is 1; parameter 4: parameterName is assetType/parameterValue is instance of com.topcoder.confluence.entities.ConfluenceAssetType; parameter 5: parameterName is catalog/parameterValue is instance of com.topcoder.confluence.entities.ConfluenceCatalog; parameter 6: parameterName is applicationCode/parameterValue is applicationCode; 
Entering the method: retrievePage(String token, String pageName, String version, ConfluenceAssetType assetType, ConfluenceCatalog catalog, String applicationCode)
Parameters Info: parameter 1: parameterName is token/parameterValue is 7ek9W95rkF; parameter 2: parameterName is pageName/parameterValue is createPage; parameter 3: parameterName is version/parameterValue is 1; parameter 4: parameterName is assetType/parameterValue is instance of com.topcoder.confluence.entities.ConfluenceAssetType; parameter 5: parameterName is catalog/parameterValue is instance of com.topcoder.confluence.entities.ConfluenceCatalog; parameter 6: parameterName is applicationCode/parameterValue is applicationCode; 
Entering the method: retrievePage(String token, String pageName, String version, ConfluenceAssetType assetType, ConfluenceCatalog catalog, String applicationCode)
Parameters Info: parameter 1: parameterName is token/parameterValue is 7ek9W95rkF; parameter 2: parameterName is pageName/parameterValue is createPage; parameter 3: parameterName is version/parameterValue is 1; parameter 4: parameterName is assetType/parameterValue is instance of com.topcoder.confluence.entities.ConfluenceAssetType; parameter 5: parameterName is catalog/parameterValue is instance of com.topcoder.confluence.entities.ConfluenceCatalog; parameter 6: parameterName is applicationCode/parameterValue is applicationCode; 
Entering the method: retrievePage(String token, String pageName, String version, ConfluenceAssetType assetType, ConfluenceCatalog catalog, String applicationCode)
Parameters Info: parameter 1: parameterName is token/parameterValue is 7ek9W95rkF; parameter 2: parameterName is pageName/parameterValue is createPage; parameter 3: parameterName is version/parameterValue is 1; parameter 4: parameterName is assetType/parameterValue is instance of com.topcoder.confluence.entities.ConfluenceAssetType; parameter 5: parameterName is catalog/parameterValue is instance of com.topcoder.confluence.entities.ConfluenceCatalog; parameter 6: parameterName is applicationCode/parameterValue is applicationCode; 
Entering the method: retrievePage(String token, String pageName, String version, ConfluenceAssetType assetType, ConfluenceCatalog catalog, String applicationCode)
Parameters Info: parameter 1: parameterName is token/parameterValue is 7ek9W95rkF; parameter 2: parameterName is pageName/parameterValue is createPage; parameter 3: parameterName is version/parameterValue is 1; parameter 4: parameterName is assetType/parameterValue is instance of com.topcoder.confluence.entities.ConfluenceAssetType; parameter 5: parameterName is catalog/parameterValue is instance of com.topcoder.confluence.entities.ConfluenceCatalog; parameter 6: parameterName is applicationCode/parameterValue is applicationCode; 
Entering the method: retrievePage(String token, String pageName, String version, ConfluenceAssetType assetType, ConfluenceCatalog catalog, String applicationCode)
Parameters Info: parameter 1: parameterName is token/parameterValue is 7ek9W95rkF; parameter 2: parameterName is pageName/parameterValue is createPage; parameter 3: parameterName is version/parameterValue is 1; parameter 4: parameterName is assetType/parameterValue is instance of com.topcoder.confluence.entities.ConfluenceAssetType; parameter 5: parameterName is catalog/parameterValue is instance of com.topcoder.confluence.entities.ConfluenceCatalog; parameter 6: parameterName is applicationCode/parameterValue is applicationCode; 
Entering the method: retrievePage(String token, String pageName, String version, ConfluenceAssetType assetType, ConfluenceCatalog catalog, String applicationCode)
Parameters Info: parameter 1: parameterName is token/parameterValue is 7ek9W95rkF; parameter 2: parameterName is pageName/parameterValue is createPage; parameter 3: parameterName is version/parameterValue is 1; parameter 4: parameterName is assetType/parameterValue is instance of com.topcoder.confluence.entities.ConfluenceAssetType; parameter 5: parameterName is catalog/parameterValue is instance of com.topcoder.confluence.entities.ConfluenceCatalog; parameter 6: parameterName is applicationCode/parameterValue is applicationCode; 
Entering the method: retrievePage(String token, String pageName, String version, ConfluenceAssetType assetType, ConfluenceCatalog catalog, String applicationCode)
Parameters Info: parameter 1: parameterName is token/parameterValue is 7ek9W95rkF; parameter 2: parameterName is pageName/parameterValue is createPage; parameter 3: parameterName is version/parameterValue is 1; parameter 4: parameterName is assetType/parameterValue is instance of com.topcoder.confluence.entities.ConfluenceAssetType; parameter 5: parameterName is catalog/parameterValue is instance of com.topcoder.confluence.entities.ConfluenceCatalog; parameter 6: parameterName is applicationCode/parameterValue is applicationCode; 
Entering the method: retrievePage(String token, String pageName, String version, ConfluenceAssetType assetType, ConfluenceCatalog catalog, String applicationCode)
Parameters Info: parameter 1: parameterName is token/parameterValue is 7ek9W95rkF; parameter 2: parameterName is pageName/parameterValue is createPage; parameter 3: parameterName is version/parameterValue is 1; parameter 4: parameterName is assetType/parameterValue is instance of com.topcoder.confluence.entities.ConfluenceAssetType; parameter 5: parameterName is catalog/parameterValue is instance of com.topcoder.confluence.entities.ConfluenceCatalog; parameter 6: parameterName is applicationCode/parameterValue is applicationCode; 
Entering the method: retrievePage(String token, String pageName, String version, ConfluenceAssetType assetType, ConfluenceCatalog catalog, String applicationCode)
Parameters Info: parameter 1: parameterName is token/parameterValue is 7ek9W95rkF; parameter 2: parameterName is pageName/parameterValue is createPage; parameter 3: parameterName is version/parameterValue is 1; parameter 4: parameterName is assetType/parameterValue is instance of com.topcoder.confluence.entities.ConfluenceAssetType; parameter 5: parameterName is catalog/parameterValue is instance of com.topcoder.confluence.entities.ConfluenceCatalog; parameter 6: parameterName is applicationCode/parameterValue is applicationCode; 
Entering the method: retrievePage(String token, String pageName, String version, ConfluenceAssetType assetType, ConfluenceCatalog catalog, String applicationCode)
Parameters Info: parameter 1: parameterName is token/parameterValue is 7ek9W95rkF; parameter 2: parameterName is pageName/parameterValue is createPage; parameter 3: parameterName is version/parameterValue is 1; parameter 4: parameterName is assetType/parameterValue is instance of com.topcoder.confluence.entities.ConfluenceAssetType; parameter 5: parameterName is catalog/parameterValue is instance of com.topcoder.confluence.entities.ConfluenceCatalog; parameter 6: parameterName is applicationCode/parameterValue is applicationCode; 
Entering the method: retrievePage(String token, String pageName, String version, ConfluenceAssetType assetType, ConfluenceCatalog catalog, String applicationCode)
Parameters Info: parameter 1: parameterName is token/parameterValue is 7ek9W95rkF; parameter 2: parameterName is pageName/parameterValue is createPage; parameter 3: parameterName is version/parameterValue is 1; parameter 4: parameterName is assetType/parameterValue is instance of com.topcoder.confluence.entities.ConfluenceAssetType; parameter 5: parameterName is catalog/parameterValue is instance of com.topcoder.confluence.entities.ConfluenceCatalog; parameter 6: parameterName is applicationCode/parameterValue is applicationCode; 
Entering the method: retrievePage(String token, String pageName, String version, ConfluenceAssetType assetType, ConfluenceCatalog catalog, String applicationCode)
Parameters Info: parameter 1: parameterName is token/parameterValue is 7ek9W95rkF; parameter 2: parameterName is pageName/parameterValue is createPage; parameter 3: parameterName is version/parameterValue is 1; parameter 4: parameterName is assetType/parameterValue is instance of com.topcoder.confluence.entities.ConfluenceAssetType; parameter 5: parameterName is catalog/parameterValue is instance of com.topcoder.confluence.entities.ConfluenceCatalog; parameter 6: parameterName is applicationCode/parameterValue is applicationCode; 
Entering the method: retrievePage(String token, String pageName, String version, ConfluenceAssetType assetType, ConfluenceCatalog catalog, String applicationCode)
Parameters Info: parameter 1: parameterName is token/parameterValue is 7ek9W95rkF; parameter 2: parameterName is pageName/parameterValue is createPage; parameter 3: parameterName is version/parameterValue is 1; parameter 4: parameterName is assetType/parameterValue is instance of com.topcoder.confluence.entities.ConfluenceAssetType; parameter 5: parameterName is catalog/parameterValue is instance of com.topcoder.confluence.entities.ConfluenceCatalog; parameter 6: parameterName is applicationCode/parameterValue is applicationCode; 
Entering the method: retrievePage(String token, String pageName, String version, ConfluenceAssetType assetType, ConfluenceCatalog catalog, String applicationCode)
Parameters Info: parameter 1: parameterName is token/parameterValue is 7ek9W95rkF; parameter 2: parameterName is pageName/parameterValue is createPage; parameter 3: parameterName is version/parameterValue is 1; parameter 4: parameterName is assetType/parameterValue is instance of com.topcoder.confluence.entities.ConfluenceAssetType; parameter 5: parameterName is catalog/parameterValue is instance of com.topcoder.confluence.entities.ConfluenceCatalog; parameter 6: parameterName is applicationCode/parameterValue is applicationCode; 
Entering the method: retrievePage(String token, String pageName, String version, ConfluenceAssetType assetType, ConfluenceCatalog catalog, String applicationCode)
Parameters Info: parameter 1: parameterName is token/parameterValue is 7ek9W95rkF; parameter 2: parameterName is pageName/parameterValue is createPage; parameter 3: parameterName is version/parameterValue is 1; parameter 4: parameterName is assetType/parameterValue is instance of com.topcoder.confluence.entities.ConfluenceAssetType; parameter 5: parameterName is catalog/parameterValue is instance of com.topcoder.confluence.entities.ConfluenceCatalog; parameter 6: parameterName is applicationCode/parameterValue is applicationCode; 
Entering the method: retrievePage(String token, String pageName, String version, ConfluenceAssetType assetType, ConfluenceCatalog catalog, String applicationCode)
Parameters Info: parameter 1: parameterName is token/parameterValue is 7ek9W95rkF; parameter 2: parameterName is pageName/parameterValue is createPage; parameter 3: parameterName is version/parameterValue is 1; parameter 4: parameterName is assetType/parameterValue is instance of com.topcoder.confluence.entities.ConfluenceAssetType; parameter 5: parameterName is catalog/parameterValue is instance of com.topcoder.confluence.entities.ConfluenceCatalog; parameter 6: parameterName is applicationCode/parameterValue is applicationCode; 
Entering the method: retrievePage(String token, String pageName, String version, ConfluenceAssetType assetType, ConfluenceCatalog catalog, String applicationCode)
Parameters Info: parameter 1: parameterName is token/parameterValue is 7ek9W95rkF; parameter 2: parameterName is pageName/parameterValue is createPage; parameter 3: parameterName is version/parameterValue is 1; parameter 4: parameterName is assetType/parameterValue is instance of com.topcoder.confluence.entities.ConfluenceAssetType; parameter 5: parameterName is catalog/parameterValue is instance of com.topcoder.confluence.entities.ConfluenceCatalog; parameter 6: parameterName is applicationCode/parameterValue is applicationCode; 
Entering the method: retrievePage(String token, String pageName, String version, ConfluenceAssetType assetType, ConfluenceCatalog catalog, String applicationCode)
Parameters Info: parameter 1: parameterName is token/parameterValue is 7ek9W95rkF; parameter 2: parameterName is pageName/parameterValue is createPage; parameter 3: parameterName is version/parameterValue is 1; parameter 4: parameterName is assetType/parameterValue is instance of com.topcoder.confluence.entities.ConfluenceAssetType; parameter 5: parameterName is catalog/parameterValue is instance of com.topcoder.confluence.entities.ConfluenceCatalog; parameter 6: parameterName is applicationCode/parameterValue is applicationCode; 
Entering the method: retrievePage(String token, String pageName, String version, ConfluenceAssetType assetType, ConfluenceCatalog catalog, String applicationCode)
Parameters Info: parameter 1: parameterName is token/parameterValue is 7ek9W95rkF; parameter 2: parameterName is pageName/parameterValue is createPage; parameter 3: parameterName is version/parameterValue is 1; parameter 4: parameterName is assetType/parameterValue is instance of com.topcoder.confluence.entities.ConfluenceAssetType; parameter 5: parameterName is catalog/parameterValue is instance of com.topcoder.confluence.entities.ConfluenceCatalog; parameter 6: parameterName is applicationCode/parameterValue is applicationCode; 
Entering the method: retrievePage(String token, String pageName, String version, ConfluenceAssetType assetType, ConfluenceCatalog catalog, String applicationCode)
Parameters Info: parameter 1: parameterName is token/parameterValue is 7ek9W95rkF; parameter 2: parameterName is pageName/parameterValue is createPage; parameter 3: parameterName is version/parameterValue is 1; parameter 4: parameterName is assetType/parameterValue is instance of com.topcoder.confluence.entities.ConfluenceAssetType; parameter 5: parameterName is catalog/parameterValue is instance of com.topcoder.confluence.entities.ConfluenceCatalog; parameter 6: parameterName is applicationCode/parameterValue is applicationCode; 
Entering the method: retrievePage(String token, String pageName, String version, ConfluenceAssetType assetType, ConfluenceCatalog catalog, String applicationCode)
Parameters Info: parameter 1: parameterName is token/parameterValue is 7ek9W95rkF; parameter 2: parameterName is pageName/parameterValue is createPage; parameter 3: parameterName is version/parameterValue is 1; parameter 4: parameterName is assetType/parameterValue is instance of com.topcoder.confluence.entities.ConfluenceAssetType; parameter 5: parameterName is catalog/parameterValue is instance of com.topcoder.confluence.entities.ConfluenceCatalog; parameter 6: parameterName is applicationCode/parameterValue is applicationCode; 
Entering the method: retrievePage(String token, String pageName, String version, ConfluenceAssetType assetType, ConfluenceCatalog catalog, String applicationCode)
Parameters Info: parameter 1: parameterName is token/parameterValue is 7ek9W95rkF; parameter 2: parameterName is pageName/parameterValue is createPage; parameter 3: parameterName is version/parameterValue is 1; parameter 4: parameterName is assetType/parameterValue is instance of com.topcoder.confluence.entities.ConfluenceAssetType; parameter 5: parameterName is catalog/parameterValue is instance of com.topcoder.confluence.entities.ConfluenceCatalog; parameter 6: parameterName is applicationCode/parameterValue is applicationCode; 
Entering the method: retrievePage(String token, String pageName, String version, ConfluenceAssetType assetType, ConfluenceCatalog catalog, String applicationCode)
Parameters Info: parameter 1: parameterName is token/parameterValue is 7ek9W95rkF; parameter 2: parameterName is pageName/parameterValue is createPage; parameter 3: parameterName is version/parameterValue is 1; parameter 4: parameterName is assetType/parameterValue is instance of com.topcoder.confluence.entities.ConfluenceAssetType; parameter 5: parameterName is catalog/parameterValue is instance of com.topcoder.confluence.entities.ConfluenceCatalog; parameter 6: parameterName is applicationCode/parameterValue is applicationCode; 
Entering the method: retrievePage(String token, String pageName, String version, ConfluenceAssetType assetType, ConfluenceCatalog catalog, String applicationCode)
Parameters Info: parameter 1: parameterName is token/parameterValue is 7ek9W95rkF; parameter 2: parameterName is pageName/parameterValue is createPage; parameter 3: parameterName is version/parameterValue is 1; parameter 4: parameterName is assetType/parameterValue is instance of com.topcoder.confluence.entities.ConfluenceAssetType; parameter 5: parameterName is catalog/parameterValue is instance of com.topcoder.confluence.entities.ConfluenceCatalog; parameter 6: parameterName is applicationCode/parameterValue is applicationCode; 
Entering the method: retrievePage(String token, String pageName, String version, ConfluenceAssetType assetType, ConfluenceCatalog catalog, String applicationCode)
Parameters Info: parameter 1: parameterName is token/parameterValue is 7ek9W95rkF; parameter 2: parameterName is pageName/parameterValue is createPage; parameter 3: parameterName is version/parameterValue is 1; parameter 4: parameterName is assetType/parameterValue is instance of com.topcoder.confluence.entities.ConfluenceAssetType; parameter 5: parameterName is catalog/parameterValue is instance of com.topcoder.confluence.entities.ConfluenceCatalog; parameter 6: parameterName is applicationCode/parameterValue is applicationCode; 
Entering the method: retrievePage(String token, String pageName, String version, ConfluenceAssetType assetType, ConfluenceCatalog catalog, String applicationCode)
Parameters Info: parameter 1: parameterName is token/parameterValue is 7ek9W95rkF; parameter 2: parameterName is pageName/parameterValue is createPage; parameter 3: parameterName is version/parameterValue is 1; parameter 4: parameterName is assetType/parameterValue is instance of com.topcoder.confluence.entities.ConfluenceAssetType; parameter 5: parameterName is catalog/parameterValue is instance of com.topcoder.confluence.entities.ConfluenceCatalog; parameter 6: parameterName is applicationCode/parameterValue is applicationCode; 
Entering the method: retrievePage(String token, String pageName, String version, ConfluenceAssetType assetType, ConfluenceCatalog catalog, String applicationCode)
Parameters Info: parameter 1: parameterName is token/parameterValue is 7ek9W95rkF; parameter 2: parameterName is pageName/parameterValue is createPage; parameter 3: parameterName is version/parameterValue is 1; parameter 4: parameterName is assetType/parameterValue is instance of com.topcoder.confluence.entities.ConfluenceAssetType; parameter 5: parameterName is catalog/parameterValue is instance of com.topcoder.confluence.entities.ConfluenceCatalog; parameter 6: parameterName is applicationCode/parameterValue is applicationCode; 
Entering the method: retrievePage(String token, String pageName, String version, ConfluenceAssetType assetType, ConfluenceCatalog catalog, String applicationCode)
Parameters Info: parameter 1: parameterName is token/parameterValue is 7ek9W95rkF; parameter 2: parameterName is pageName/parameterValue is createPage; parameter 3: parameterName is version/parameterValue is 1; parameter 4: parameterName is assetType/parameterValue is instance of com.topcoder.confluence.entities.ConfluenceAssetType; parameter 5: parameterName is catalog/parameterValue is instance of com.topcoder.confluence.entities.ConfluenceCatalog; parameter 6: parameterName is applicationCode/parameterValue is applicationCode; 
Entering the method: retrievePage(String token, String pageName, String version, ConfluenceAssetType assetType, ConfluenceCatalog catalog, String applicationCode)
Parameters Info: parameter 1: parameterName is token/parameterValue is 7ek9W95rkF; parameter 2: parameterName is pageName/parameterValue is createPage; parameter 3: parameterName is version/parameterValue is 1; parameter 4: parameterName is assetType/parameterValue is instance of com.topcoder.confluence.entities.ConfluenceAssetType; parameter 5: parameterName is catalog/parameterValue is instance of com.topcoder.confluence.entities.ConfluenceCatalog; parameter 6: parameterName is applicationCode/parameterValue is applicationCode; 
Entering the method: retrievePage(String token, String pageName, String version, ConfluenceAssetType assetType, ConfluenceCatalog catalog, String applicationCode)
Parameters Info: parameter 1: parameterName is token/parameterValue is 7ek9W95rkF; parameter 2: parameterName is pageName/parameterValue is createPage; parameter 3: parameterName is version/parameterValue is 1; parameter 4: parameterName is assetType/parameterValue is instance of com.topcoder.confluence.entities.ConfluenceAssetType; parameter 5: parameterName is catalog/parameterValue is instance of com.topcoder.confluence.entities.ConfluenceCatalog; parameter 6: parameterName is applicationCode/parameterValue is applicationCode; 
Entering the method: retrievePage(String token, String pageName, String version, ConfluenceAssetType assetType, ConfluenceCatalog catalog, String applicationCode)
Parameters Info: parameter 1: parameterName is token/parameterValue is 7ek9W95rkF; parameter 2: parameterName is pageName/parameterValue is createPage; parameter 3: parameterName is version/parameterValue is 1; parameter 4: parameterName is assetType/parameterValue is instance of com.topcoder.confluence.entities.ConfluenceAssetType; parameter 5: parameterName is catalog/parameterValue is instance of com.topcoder.confluence.entities.ConfluenceCatalog; parameter 6: parameterName is applicationCode/parameterValue is applicationCode; 
Entering the method: retrievePage(String token, String pageName, String version, ConfluenceAssetType assetType, ConfluenceCatalog catalog, String applicationCode)
Parameters Info: parameter 1: parameterName is token/parameterValue is 7ek9W95rkF; parameter 2: parameterName is pageName/parameterValue is createPage; parameter 3: parameterName is version/parameterValue is 1; parameter 4: parameterName is assetType/parameterValue is instance of com.topcoder.confluence.entities.ConfluenceAssetType; parameter 5: parameterName is catalog/parameterValue is instance of com.topcoder.confluence.entities.ConfluenceCatalog; parameter 6: parameterName is applicationCode/parameterValue is applicationCode; 
Entering the method: retrievePage(String token, String pageName, String version, ConfluenceAssetType assetType, ConfluenceCatalog catalog, String applicationCode)
Parameters Info: parameter 1: parameterName is token/parameterValue is 7ek9W95rkF; parameter 2: parameterName is pageName/parameterValue is createPage; parameter 3: parameterName is version/parameterValue is 1; parameter 4: parameterName is assetType/parameterValue is instance of com.topcoder.confluence.entities.ConfluenceAssetType; parameter 5: parameterName is catalog/parameterValue is instance of com.topcoder.confluence.entities.ConfluenceCatalog; parameter 6: parameterName is applicationCode/parameterValue is applicationCode; 
Entering the method: retrievePage(String token, String pageName, String version, ConfluenceAssetType assetType, ConfluenceCatalog catalog, String applicationCode)
Parameters Info: parameter 1: parameterName is token/parameterValue is 7ek9W95rkF; parameter 2: parameterName is pageName/parameterValue is createPage; parameter 3: parameterName is version/parameterValue is 1; parameter 4: parameterName is assetType/parameterValue is instance of com.topcoder.confluence.entities.ConfluenceAssetType; parameter 5: parameterName is catalog/parameterValue is instance of com.topcoder.confluence.entities.ConfluenceCatalog; parameter 6: parameterName is applicationCode/parameterValue is applicationCode; 
Entering the method: retrievePage(String token, String pageName, String version, ConfluenceAssetType assetType, ConfluenceCatalog catalog, String applicationCode)
Parameters Info: parameter 1: parameterName is token/parameterValue is 7ek9W95rkF; parameter 2: parameterName is pageName/parameterValue is createPage; parameter 3: parameterName is version/parameterValue is 1; parameter 4: parameterName is assetType/parameterValue is instance of com.topcoder.confluence.entities.ConfluenceAssetType; parameter 5: parameterName is catalog/parameterValue is instance of com.topcoder.confluence.entities.ConfluenceCatalog; parameter 6: parameterName is applicationCode/parameterValue is applicationCode; 
Entering the method: retrievePage(String token, String pageName, String version, ConfluenceAssetType assetType, ConfluenceCatalog catalog, String applicationCode)
Parameters Info: parameter 1: parameterName is token/parameterValue is 7ek9W95rkF; parameter 2: parameterName is pageName/parameterValue is createPage; parameter 3: parameterName is version/parameterValue is 1; parameter 4: parameterName is assetType/parameterValue is instance of com.topcoder.confluence.entities.ConfluenceAssetType; parameter 5: parameterName is catalog/parameterValue is instance of com.topcoder.confluence.entities.ConfluenceCatalog; parameter 6: parameterName is applicationCode/parameterValue is applicationCode; 
Entering the method: retrievePage(String token, String pageName, String version, ConfluenceAssetType assetType, ConfluenceCatalog catalog, String applicationCode)
Parameters Info: parameter 1: parameterName is token/parameterValue is 7ek9W95rkF; parameter 2: parameterName is pageName/parameterValue is createPage; parameter 3: parameterName is version/parameterValue is 1; parameter 4: parameterName is assetType/parameterValue is instance of com.topcoder.confluence.entities.ConfluenceAssetType; parameter 5: parameterName is catalog/parameterValue is instance of com.topcoder.confluence.entities.ConfluenceCatalog; parameter 6: parameterName is applicationCode/parameterValue is applicationCode; 
Entering the method: retrievePage(String token, String pageName, String version, ConfluenceAssetType assetType, ConfluenceCatalog catalog, String applicationCode)
Parameters Info: parameter 1: parameterName is token/parameterValue is 7ek9W95rkF; parameter 2: parameterName is pageName/parameterValue is createPage; parameter 3: parameterName is version/parameterValue is 1; parameter 4: parameterName is assetType/parameterValue is instance of com.topcoder.confluence.entities.ConfluenceAssetType; parameter 5: parameterName is catalog/parameterValue is instance of com.topcoder.confluence.entities.ConfluenceCatalog; parameter 6: parameterName is applicationCode/parameterValue is applicationCode; 
Entering the method: retrievePage(String token, String pageName, String version, ConfluenceAssetType assetType, ConfluenceCatalog catalog, String applicationCode)
Parameters Info: parameter 1: parameterName is token/parameterValue is 7ek9W95rkF; parameter 2: parameterName is pageName/parameterValue is createPage; parameter 3: parameterName is version/parameterValue is 1; parameter 4: parameterName is assetType/parameterValue is instance of com.topcoder.confluence.entities.ConfluenceAssetType; parameter 5: parameterName is catalog/parameterValue is instance of com.topcoder.confluence.entities.ConfluenceCatalog; parameter 6: parameterName is applicationCode/parameterValue is applicationCode; 
Entering the method: retrievePage(String token, String pageName, String version, ConfluenceAssetType assetType, ConfluenceCatalog catalog, String applicationCode)
Parameters Info: parameter 1: parameterName is token/parameterValue is 7ek9W95rkF; parameter 2: parameterName is pageName/parameterValue is createPage; parameter 3: parameterName is version/parameterValue is 1; parameter 4: parameterName is assetType/parameterValue is instance of com.topcoder.confluence.entities.ConfluenceAssetType; parameter 5: parameterName is catalog/parameterValue is instance of com.topcoder.confluence.entities.ConfluenceCatalog; parameter 6: parameterName is applicationCode/parameterValue is applicationCode; 
Entering the method: retrievePage(String token, String pageName, String version, ConfluenceAssetType assetType, ConfluenceCatalog catalog, String applicationCode)
Parameters Info: parameter 1: parameterName is token/parameterValue is 7ek9W95rkF; parameter 2: parameterName is pageName/parameterValue is createPage; parameter 3: parameterName is version/parameterValue is 1; parameter 4: parameterName is assetType/parameterValue is instance of com.topcoder.confluence.entities.ConfluenceAssetType; parameter 5: parameterName is catalog/parameterValue is instance of com.topcoder.confluence.entities.ConfluenceCatalog; parameter 6: parameterName is applicationCode/parameterValue is applicationCode; 
Entering the method: retrievePage(String token, String pageName, String version, ConfluenceAssetType assetType, ConfluenceCatalog catalog, String applicationCode)
Parameters Info: parameter 1: parameterName is token/parameterValue is 7ek9W95rkF; parameter 2: parameterName is pageName/parameterValue is createPage; parameter 3: parameterName is version/parameterValue is 1; parameter 4: parameterName is assetType/parameterValue is instance of com.topcoder.confluence.entities.ConfluenceAssetType; parameter 5: parameterName is catalog/parameterValue is instance of com.topcoder.confluence.entities.ConfluenceCatalog; parameter 6: parameterName is applicationCode/parameterValue is applicationCode; 
Entering the method: retrievePage(String token, String pageName, String version, ConfluenceAssetType assetType, ConfluenceCatalog catalog, String applicationCode)
Parameters Info: parameter 1: parameterName is token/parameterValue is 7ek9W95rkF; parameter 2: parameterName is pageName/parameterValue is createPage; parameter 3: parameterName is version/parameterValue is 1; parameter 4: parameterName is assetType/parameterValue is instance of com.topcoder.confluence.entities.ConfluenceAssetType; parameter 5: parameterName is catalog/parameterValue is instance of com.topcoder.confluence.entities.ConfluenceCatalog; parameter 6: parameterName is applicationCode/parameterValue is applicationCode; 
Entering the method: retrievePage(String token, String pageName, String version, ConfluenceAssetType assetType, ConfluenceCatalog catalog, String applicationCode)
Parameters Info: parameter 1: parameterName is token/parameterValue is 7ek9W95rkF; parameter 2: parameterName is pageName/parameterValue is createPage; parameter 3: parameterName is version/parameterValue is 1; parameter 4: parameterName is assetType/parameterValue is instance of com.topcoder.confluence.entities.ConfluenceAssetType; parameter 5: parameterName is catalog/parameterValue is instance of com.topcoder.confluence.entities.ConfluenceCatalog; parameter 6: parameterName is applicationCode/parameterValue is applicationCode; 
Entering the method: retrievePage(String token, String pageName, String version, ConfluenceAssetType assetType, ConfluenceCatalog catalog, String applicationCode)
Parameters Info: parameter 1: parameterName is token/parameterValue is 7ek9W95rkF; parameter 2: parameterName is pageName/parameterValue is createPage; parameter 3: parameterName is version/parameterValue is 1; parameter 4: parameterName is assetType/parameterValue is instance of com.topcoder.confluence.entities.ConfluenceAssetType; parameter 5: parameterName is catalog/parameterValue is instance of com.topcoder.confluence.entities.ConfluenceCatalog; parameter 6: parameterName is applicationCode/parameterValue is applicationCode; 
Entering the method: retrievePage(String token, String pageName, String version, ConfluenceAssetType assetType, ConfluenceCatalog catalog, String applicationCode)
Parameters Info: parameter 1: parameterName is token/parameterValue is 7ek9W95rkF; parameter 2: parameterName is pageName/parameterValue is createPage; parameter 3: parameterName is version/parameterValue is 1; parameter 4: parameterName is assetType/parameterValue is instance of com.topcoder.confluence.entities.ConfluenceAssetType; parameter 5: parameterName is catalog/parameterValue is instance of com.topcoder.confluence.entities.ConfluenceCatalog; parameter 6: parameterName is applicationCode/parameterValue is applicationCode; 
Entering the method: retrievePage(String token, String pageName, String version, ConfluenceAssetType assetType, ConfluenceCatalog catalog, String applicationCode)
Parameters Info: parameter 1: parameterName is token/parameterValue is 7ek9W95rkF; parameter 2: parameterName is pageName/parameterValue is createPage; parameter 3: parameterName is version/parameterValue is 1; parameter 4: parameterName is assetType/parameterValue is instance of com.topcoder.confluence.entities.ConfluenceAssetType; parameter 5: parameterName is catalog/parameterValue is instance of com.topcoder.confluence.entities.ConfluenceCatalog; parameter 6: parameterName is applicationCode/parameterValue is applicationCode; 
Entering the method: retrievePage(String token, String pageName, String version, ConfluenceAssetType assetType, ConfluenceCatalog catalog, String applicationCode)
Parameters Info: parameter 1: parameterName is token/parameterValue is 7ek9W95rkF; parameter 2: parameterName is pageName/parameterValue is createPage; parameter 3: parameterName is version/parameterValue is 1; parameter 4: parameterName is assetType/parameterValue is instance of com.topcoder.confluence.entities.ConfluenceAssetType; parameter 5: parameterName is catalog/parameterValue is instance of com.topcoder.confluence.entities.ConfluenceCatalog; parameter 6: parameterName is applicationCode/parameterValue is applicationCode; 
Entering the method: retrievePage(String token, String pageName, String version, ConfluenceAssetType assetType, ConfluenceCatalog catalog, String applicationCode)
Parameters Info: parameter 1: parameterName is token/parameterValue is 7ek9W95rkF; parameter 2: parameterName is pageName/parameterValue is createPage; parameter 3: parameterName is version/parameterValue is 1; parameter 4: parameterName is assetType/parameterValue is instance of com.topcoder.confluence.entities.ConfluenceAssetType; parameter 5: parameterName is catalog/parameterValue is instance of com.topcoder.confluence.entities.ConfluenceCatalog; parameter 6: parameterName is applicationCode/parameterValue is applicationCode; 
Entering the method: retrievePage(String token, String pageName, String version, ConfluenceAssetType assetType, ConfluenceCatalog catalog, String applicationCode)
Parameters Info: parameter 1: parameterName is token/parameterValue is 7ek9W95rkF; parameter 2: parameterName is pageName/parameterValue is createPage; parameter 3: parameterName is version/parameterValue is 1; parameter 4: parameterName is assetType/parameterValue is instance of com.topcoder.confluence.entities.ConfluenceAssetType; parameter 5: parameterName is catalog/parameterValue is instance of com.topcoder.confluence.entities.ConfluenceCatalog; parameter 6: parameterName is applicationCode/parameterValue is applicationCode; 
Entering the method: retrievePage(String token, String pageName, String version, ConfluenceAssetType assetType, ConfluenceCatalog catalog, String applicationCode)
Parameters Info: parameter 1: parameterName is token/parameterValue is 7ek9W95rkF; parameter 2: parameterName is pageName/parameterValue is createPage; parameter 3: parameterName is version/parameterValue is 1; parameter 4: parameterName is assetType/parameterValue is instance of com.topcoder.confluence.entities.ConfluenceAssetType; parameter 5: parameterName is catalog/parameterValue is instance of com.topcoder.confluence.entities.ConfluenceCatalog; parameter 6: parameterName is applicationCode/parameterValue is applicationCode; 
Entering the method: retrievePage(String token, String pageName, String version, ConfluenceAssetType assetType, ConfluenceCatalog catalog, String applicationCode)
Parameters Info: parameter 1: parameterName is token/parameterValue is 7ek9W95rkF; parameter 2: parameterName is pageName/parameterValue is createPage; parameter 3: parameterName is version/parameterValue is 1; parameter 4: parameterName is assetType/parameterValue is instance of com.topcoder.confluence.entities.ConfluenceAssetType; parameter 5: parameterName is catalog/parameterValue is instance of com.topcoder.confluence.entities.ConfluenceCatalog; parameter 6: parameterName is applicationCode/parameterValue is applicationCode; 
Entering the method: retrievePage(String token, String pageName, String version, ConfluenceAssetType assetType, ConfluenceCatalog catalog, String applicationCode)
Parameters Info: parameter 1: parameterName is token/parameterValue is 7ek9W95rkF; parameter 2: parameterName is pageName/parameterValue is createPage; parameter 3: parameterName is version/parameterValue is 1; parameter 4: parameterName is assetType/parameterValue is instance of com.topcoder.confluence.entities.ConfluenceAssetType; parameter 5: parameterName is catalog/parameterValue is instance of com.topcoder.confluence.entities.ConfluenceCatalog; parameter 6: parameterName is applicationCode/parameterValue is applicationCode; 
Entering the method: retrievePage(String token, String pageName, String version, ConfluenceAssetType assetType, ConfluenceCatalog catalog, String applicationCode)
Parameters Info: parameter 1: parameterName is token/parameterValue is 7ek9W95rkF; parameter 2: parameterName is pageName/parameterValue is createPage; parameter 3: parameterName is version/parameterValue is 1; parameter 4: parameterName is assetType/parameterValue is instance of com.topcoder.confluence.entities.ConfluenceAssetType; parameter 5: parameterName is catalog/parameterValue is instance of com.topcoder.confluence.entities.ConfluenceCatalog; parameter 6: parameterName is applicationCode/parameterValue is applicationCode; 
Entering the method: retrievePage(String token, String pageName, String version, ConfluenceAssetType assetType, ConfluenceCatalog catalog, String applicationCode)
Parameters Info: parameter 1: parameterName is token/parameterValue is 7ek9W95rkF; parameter 2: parameterName is pageName/parameterValue is createPage; parameter 3: parameterName is version/parameterValue is 1; parameter 4: parameterName is assetType/parameterValue is instance of com.topcoder.confluence.entities.ConfluenceAssetType; parameter 5: parameterName is catalog/parameterValue is instance of com.topcoder.confluence.entities.ConfluenceCatalog; parameter 6: parameterName is applicationCode/parameterValue is applicationCode; 
Entering the method: retrievePage(String token, String pageName, String version, ConfluenceAssetType assetType, ConfluenceCatalog catalog, String applicationCode)
Parameters Info: parameter 1: parameterName is token/parameterValue is 7ek9W95rkF; parameter 2: parameterName is pageName/parameterValue is createPage; parameter 3: parameterName is version/parameterValue is 1; parameter 4: parameterName is assetType/parameterValue is instance of com.topcoder.confluence.entities.ConfluenceAssetType; parameter 5: parameterName is catalog/parameterValue is instance of com.topcoder.confluence.entities.ConfluenceCatalog; parameter 6: parameterName is applicationCode/parameterValue is applicationCode; 
Entering the method: retrievePage(String token, String pageName, String version, ConfluenceAssetType assetType, ConfluenceCatalog catalog, String applicationCode)
Parameters Info: parameter 1: parameterName is token/parameterValue is 7ek9W95rkF; parameter 2: parameterName is pageName/parameterValue is createPage; parameter 3: parameterName is version/parameterValue is 1; parameter 4: parameterName is assetType/parameterValue is instance of com.topcoder.confluence.entities.ConfluenceAssetType; parameter 5: parameterName is catalog/parameterValue is instance of com.topcoder.confluence.entities.ConfluenceCatalog; parameter 6: parameterName is applicationCode/parameterValue is applicationCode; 
Entering the method: retrievePage(String token, String pageName, String version, ConfluenceAssetType assetType, ConfluenceCatalog catalog, String applicationCode)
Parameters Info: parameter 1: parameterName is token/parameterValue is 7ek9W95rkF; parameter 2: parameterName is pageName/parameterValue is createPage; parameter 3: parameterName is version/parameterValue is 1; parameter 4: parameterName is assetType/parameterValue is instance of com.topcoder.confluence.entities.ConfluenceAssetType; parameter 5: parameterName is catalog/parameterValue is instance of com.topcoder.confluence.entities.ConfluenceCatalog; parameter 6: parameterName is applicationCode/parameterValue is applicationCode; 
Entering the method: retrievePage(String token, String pageName, String version, ConfluenceAssetType assetType, ConfluenceCatalog catalog, String applicationCode)
Parameters Info: parameter 1: parameterName is token/parameterValue is 7ek9W95rkF; parameter 2: parameterName is pageName/parameterValue is createPage; parameter 3: parameterName is version/parameterValue is 1; parameter 4: parameterName is assetType/parameterValue is instance of com.topcoder.confluence.entities.ConfluenceAssetType; parameter 5: parameterName is catalog/parameterValue is instance of com.topcoder.confluence.entities.ConfluenceCatalog; parameter 6: parameterName is applicationCode/parameterValue is applicationCode; 
Entering the method: retrievePage(String token, String pageName, String version, ConfluenceAssetType assetType, ConfluenceCatalog catalog, String applicationCode)
Parameters Info: parameter 1: parameterName is token/parameterValue is 7ek9W95rkF; parameter 2: parameterName is pageName/parameterValue is createPage; parameter 3: parameterName is version/parameterValue is 1; parameter 4: parameterName is assetType/parameterValue is instance of com.topcoder.confluence.entities.ConfluenceAssetType; parameter 5: parameterName is catalog/parameterValue is instance of com.topcoder.confluence.entities.ConfluenceCatalog; parameter 6: parameterName is applicationCode/parameterValue is applicationCode; 
Entering the method: retrievePage(String token, String pageName, String version, ConfluenceAssetType assetType, ConfluenceCatalog catalog, String applicationCode)
Parameters Info: parameter 1: parameterName is token/parameterValue is 7ek9W95rkF; parameter 2: parameterName is pageName/parameterValue is createPage; parameter 3: parameterName is version/parameterValue is 1; parameter 4: parameterName is assetType/parameterValue is instance of com.topcoder.confluence.entities.ConfluenceAssetType; parameter 5: parameterName is catalog/parameterValue is instance of com.topcoder.confluence.entities.ConfluenceCatalog; parameter 6: parameterName is applicationCode/parameterValue is applicationCode; 
Entering the method: retrievePage(String token, String pageName, String version, ConfluenceAssetType assetType, ConfluenceCatalog catalog, String applicationCode)
Parameters Info: parameter 1: parameterName is token/parameterValue is 7ek9W95rkF; parameter 2: parameterName is pageName/parameterValue is createPage; parameter 3: parameterName is version/parameterValue is 1; parameter 4: parameterName is assetType/parameterValue is instance of com.topcoder.confluence.entities.ConfluenceAssetType; parameter 5: parameterName is catalog/parameterValue is instance of com.topcoder.confluence.entities.ConfluenceCatalog; parameter 6: parameterName is applicationCode/parameterValue is applicationCode; 
Entering the method: retrievePage(String token, String pageName, String version, ConfluenceAssetType assetType, ConfluenceCatalog catalog, String applicationCode)
Parameters Info: parameter 1: parameterName is token/parameterValue is 7ek9W95rkF; parameter 2: parameterName is pageName/parameterValue is createPage; parameter 3: parameterName is version/parameterValue is 1; parameter 4: parameterName is assetType/parameterValue is instance of com.topcoder.confluence.entities.ConfluenceAssetType; parameter 5: parameterName is catalog/parameterValue is instance of com.topcoder.confluence.entities.ConfluenceCatalog; parameter 6: parameterName is applicationCode/parameterValue is applicationCode; 
Entering the method: retrievePage(String token, String pageName, String version, ConfluenceAssetType assetType, ConfluenceCatalog catalog, String applicationCode)
Parameters Info: parameter 1: parameterName is token/parameterValue is 7ek9W95rkF; parameter 2: parameterName is pageName/parameterValue is createPage; parameter 3: parameterName is version/parameterValue is 1; parameter 4: parameterName is assetType/parameterValue is instance of com.topcoder.confluence.entities.ConfluenceAssetType; parameter 5: parameterName is catalog/parameterValue is instance of com.topcoder.confluence.entities.ConfluenceCatalog; parameter 6: parameterName is applicationCode/parameterValue is applicationCode; 
Entering the method: retrievePage(String token, String pageName, String version, ConfluenceAssetType assetType, ConfluenceCatalog catalog, String applicationCode)
Parameters Info: parameter 1: parameterName is token/parameterValue is 7ek9W95rkF; parameter 2: parameterName is pageName/parameterValue is createPage; parameter 3: parameterName is version/parameterValue is 1; parameter 4: parameterName is assetType/parameterValue is instance of com.topcoder.confluence.entities.ConfluenceAssetType; parameter 5: parameterName is catalog/parameterValue is instance of com.topcoder.confluence.entities.ConfluenceCatalog; parameter 6: parameterName is applicationCode/parameterValue is applicationCode; 
Entering the method: retrievePage(String token, String pageName, String version, ConfluenceAssetType assetType, ConfluenceCatalog catalog, String applicationCode)
Parameters Info: parameter 1: parameterName is token/parameterValue is 7ek9W95rkF; parameter 2: parameterName is pageName/parameterValue is createPage; parameter 3: parameterName is version/parameterValue is 1; parameter 4: parameterName is assetType/parameterValue is instance of com.topcoder.confluence.entities.ConfluenceAssetType; parameter 5: parameterName is catalog/parameterValue is instance of com.topcoder.confluence.entities.ConfluenceCatalog; parameter 6: parameterName is applicationCode/parameterValue is applicationCode; 
Entering the method: retrievePage(String token, String pageName, String version, ConfluenceAssetType assetType, ConfluenceCatalog catalog, String applicationCode)
Parameters Info: parameter 1: parameterName is token/parameterValue is 7ek9W95rkF; parameter 2: parameterName is pageName/parameterValue is createPage; parameter 3: parameterName is version/parameterValue is 1; parameter 4: parameterName is assetType/parameterValue is instance of com.topcoder.confluence.entities.ConfluenceAssetType; parameter 5: parameterName is catalog/parameterValue is instance of com.topcoder.confluence.entities.ConfluenceCatalog; parameter 6: parameterName is applicationCode/parameterValue is applicationCode; 
Entering the method: retrievePage(String token, String pageName, String version, ConfluenceAssetType assetType, ConfluenceCatalog catalog, String applicationCode)
Parameters Info: parameter 1: parameterName is token/parameterValue is 7ek9W95rkF; parameter 2: parameterName is pageName/parameterValue is createPage; parameter 3: parameterName is version/parameterValue is 1; parameter 4: parameterName is assetType/parameterValue is instance of com.topcoder.confluence.entities.ConfluenceAssetType; parameter 5: parameterName is catalog/parameterValue is instance of com.topcoder.confluence.entities.ConfluenceCatalog; parameter 6: parameterName is applicationCode/parameterValue is applicationCode; 
Entering the method: retrievePage(String token, String pageName, String version, ConfluenceAssetType assetType, ConfluenceCatalog catalog, String applicationCode)
Parameters Info: parameter 1: parameterName is token/parameterValue is 7ek9W95rkF; parameter 2: parameterName is pageName/parameterValue is createPage; parameter 3: parameterName is version/parameterValue is 1; parameter 4: parameterName is assetType/parameterValue is instance of com.topcoder.confluence.entities.ConfluenceAssetType; parameter 5: parameterName is catalog/parameterValue is instance of com.topcoder.confluence.entities.ConfluenceCatalog; parameter 6: parameterName is applicationCode/parameterValue is applicationCode; 
Entering the method: retrievePage(String token, String pageName, String version, ConfluenceAssetType assetType, ConfluenceCatalog catalog, String applicationCode)
Parameters Info: parameter 1: parameterName is token/parameterValue is 7ek9W95rkF; parameter 2: parameterName is pageName/parameterValue is createPage; parameter 3: parameterName is version/parameterValue is 1; parameter 4: parameterName is assetType/parameterValue is instance of com.topcoder.confluence.entities.ConfluenceAssetType; parameter 5: parameterName is catalog/parameterValue is instance of com.topcoder.confluence.entities.ConfluenceCatalog; parameter 6: parameterName is applicationCode/parameterValue is applicationCode; 
Entering the method: retrievePage(String token, String pageName, String version, ConfluenceAssetType assetType, ConfluenceCatalog catalog, String applicationCode)
Parameters Info: parameter 1: parameterName is token/parameterValue is 7ek9W95rkF; parameter 2: parameterName is pageName/parameterValue is createPage; parameter 3: parameterName is version/parameterValue is 1; parameter 4: parameterName is assetType/parameterValue is instance of com.topcoder.confluence.entities.ConfluenceAssetType; parameter 5: parameterName is catalog/parameterValue is instance of com.topcoder.confluence.entities.ConfluenceCatalog; parameter 6: parameterName is applicationCode/parameterValue is applicationCode; 
calling retrievePage 1 cost 2.563 seconds
]]></system-out>
  <system-err><![CDATA[log4j:WARN No appenders could be found for logger (org.apache.axis.i18n.ProjectResourceBundle).
log4j:WARN Please initialize the log4j system properly.
]]></system-err>
</testsuite>
