<?xml version="1.0" encoding="UTF-8" ?>
<testsuite errors="0" failures="0" hostname="utlovey" name="com.topcoder.confluence.webservice.AllTests" tests="323" time="68.406" timestamp="2008-12-04T02:29:11">
  <properties>
    <property name="component.version.major" value="1" />
    <property name="file.encoding.pkg" value="sun.io" />
    <property name="java.home" value="C:\Program Files\MyEclipse 6.6\jre" />
    <property name="however" value="it&apos;s not necessary to setup your environment in this fashion, by having each individual jar or dir property point to the exact path." />
    <property name="dist_javadocs" value="build/dist/confluence_services-1.0.0/docs/javadocs" />
    <property name="debug" value="off" />
    <property name="build_distdir" value="build/dist" />
    <property name="server.name" value="default" />
    <property name="distfilename" value="confluence_services" />
    <property name="Confluence_Management" value="test_files/lib/Confluence_Management.jar" />
    <property name="component.version.micro" value="0" />
    <property name="component.dist.jar" value="build/dist/confluence_services-1.0.0.jar" />
    <property name="java.endorsed.dirs" value="C:\Program Files\MyEclipse 6.6\jre\lib\endorsed" />
    <property name="sun.os.patch.level" value="Service Pack 3" />
    <property name="design_dist.jar" value="confluence_services_1.0.0_design_dist.jar" />
    <property name="javadocsdir" value="docs/javadocs" />
    <property name="java.vendor.url" value="http://java.sun.com/" />
    <property name="jboss_server_libdir" value="D:/TC/Application Server/JBOSS/4.2.2/server/default/lib" />
    <property name="java.version" value="1.5.0_11" />
    <property name="eclipse.pdebuild.home" value="/C:/Program Files/MyEclipse 6.6/eclipse/plugins/org.eclipse.pde.build_3.3.2.v20071019/./" />
    <property name="base_exception" value="D:/TC/java libs/tcs/base_exception/2.0.0/base_exception.jar" />
    <property name="java.vendor.url.bug" value="http://java.sun.com/cgi-bin/bugreport.cgi" />
    <property name="cobertura.datafile" value="log/cobertura.ser" />
    <property name="user.name" value="utlovey" />
    <property name="packagedir" value="com/topcoder/confluence/webservice" />
    <property name="sun.io.unicode.encoding" value="UnicodeLittle" />
    <property name="component_version" value="1.0.0" />
    <property name="sun.jnu.encoding" value="GBK" />
    <property name="java.runtime.name" value="Java(TM) 2 Runtime Environment, Standard Edition" />
    <property name="target_libdir" value="D:/TC/java libs/tcs" />
    <property name="reports" value="log/reports" />
    <property name="component.jar" value="build/dist/lib/tcs/confluence_services/1.0.0/confluence_services.jar" />
    <property name="object_factory_configuration_api_plugin" value="D:/TC/java libs/tcs/object_factory_configuration_api_plugin/1.0/object_factory_configuration_api_plugin.jar" />
    <property name="java.specification.name" value="Java Platform API Specification" />
    <property name="javamain" value="src/java/main" />
    <property name="user.timezone" value="" />
    <property name="component.version.build" value="1" />
    <property name="path.separator" value=";" />
    <property name="jboss_client_libdir" value="D:/TC/Application Server/JBOSS/4.2.2/client" />
    <property name="srcdir" value="src" />
    <property name="file.encoding" value="GBK" />
    <property name="ant.file" value="D:\TC\dev\J2EE\confluence_services_1.0.0\confluence_services_1.0.0_dev_dist\build.xml" />
    <property name="--&gt;" value="" />
    <property name="javasrc" value="src/java" />
    <property name="instrumented.dir" value="build/instrumented" />
    <property name="component.target" value="1.x" />
    <property name="component.tests.jar" value="build/dist/lib/tcs/confluence_services_tests.jar" />
    <property name="component.ejb.jar" value="build/dist/ejb/confluence_services-ejb.jar" />
    <property name="java.io.tmpdir" value="C:\DOCUME~1\utlovey\LOCALS~1\Temp\" />
    <property name="to" value="allow for upgrading to newer versions of these tools without editing the build-dependencies.xml file" />
    <property name="user.language" value="zh" />
    <property name="manifest_file_path" value="build/dist/confluence_services-1.0.0/META-INF/" />
    <property name="line.separator" value="
" />
    <property name="component.name" value="Confluence Services" />
    <property name="verbose" value="no" />
    <property name="manifest_file" value="build/dist/confluence_services-1.0.0/META-INF//MANIFEST.MF" />
    <property name="ant.file.TopCoder Java Generic Build" value="D:\TC\dev\J2EE\confluence_services_1.0.0\confluence_services_1.0.0_dev_dist\build.xml" />
    <property name="java.vm.info" value="mixed mode" />
    <property name="component_path" value="confluence_services/1.0.0" />
    <property name="sun.desktop" value="windows" />
    <property name="java.vm.specification.name" value="Java Virtual Machine Specification" />
    <property name="dist_coverage" value="build/dist/confluence_services-1.0.0/docs/coverage" />
    <property name="builddir" value="build" />
    <property name="cobertura.dir" value="D:/TC/java libs/third libs/cobertura/1.8" />
    <property name="javac.encoding" value="UTF-8" />
    <property name="&lt;!--" value="" />
    <property name="eclipse.pdebuild.templates" value="/C:/Program Files/MyEclipse 6.6/eclipse/plugins/org.eclipse.pde.build_3.3.2.v20071019/templates/" />
    <property name="java.awt.printerjob" value="sun.awt.windows.WPrinterJob" />
    <property name="dist_lib" value="build/dist/lib/tcs" />
    <property name="This" value="file describes the overall build properties for the specific integration box, including:" />
    <property name="junit.jar" value="D:/TC/java libs/third libs/junit/4.4/junit.jar" />
    <property name="jboss_system_libdir" value="D:/TC/Application Server/JBOSS/4.2.2/lib" />
    <property name="configdir" value="conf" />
    <property name="ant.file.Override Macrodef Standard Behaviour Import" value="D:\TC\dev\J2EE\confluence_services_1.0.0\confluence_services_1.0.0_dev_dist\build-override.xml" />
    <property name="build_tcsdistdir" value="build/dist/confluence_services-1.0.0" />
    <property name="ant.version" value="Apache Ant version 1.7.0 compiled on December 13 2006" />
    <property name="object_factory" value="D:/TC/java libs/tcs/object_factory/2.1.2/object_factory.jar" />
    <property name="dist_docs" value="build/dist/confluence_services-1.0.0/docs" />
    <property name="test_reflib" value="test_reflib" />
    <property name="testlogdir" value="log" />
    <property name="os.name" value="Windows XP" />
    <property name="java.specification.vendor" value="Sun Microsystems Inc." />
    <property name="java.vm.name" value="Java HotSpot(TM) Client VM" />
    <property name="logging_wrapper" value="D:/TC/java libs/tcs/logging_wrapper/2.0.0/logging_wrapper.jar" />
    <property name="The" value="TopCoder integration environment uses ext_libdir as the parent for all third party libraries, " />
    <property name="java.library.path" value="C:\Program Files\MyEclipse 6.6\jre\bin;.;C:\WINDOWS\system32;C:\WINDOWS;D:\wonders\st\server\jboss-4.2.2.GA\bin;%FSSDiskSpaceChecker%;%AXIS2_HOME%\bin;C:\Program Files\Java\jdk1.5.0_16\bin;D:\TC\java libs\third libs\ant\1.7\bin;D:\oracle\product\10.2.0\db_1\bin;C:\WINDOWS\system32;C:\WINDOWS;C:\WINDOWS\System32\Wbem;C:\Program Files\Intel\Wireless\Bin\;D:\IT tech\GWT\gwt-windows-1.5.3\" />
    <property name="docpackage.jar" value="confluence_services_docs.jar" />
    <property name="configuration_persistence" value="D:/TC/java libs/tcs/configuration_persistence/1.0.1/configuration_persistence.jar" />
    <property name="eclipse.pdebuild.scripts" value="/C:/Program Files/MyEclipse 6.6/eclipse/plugins/org.eclipse.pde.build_3.3.2.v20071019/scripts/" />
    <property name="ant.java.version" value="1.5" />
    <property name="basedir" value="D:\TC\dev\J2EE\confluence_services_1.0.0\confluence_services_1.0.0_dev_dist" />
    <property name="java.class.version" value="49.0" />
    <property name="ant.home" value="C:\Program Files\MyEclipse 6.6\eclipse\plugins\org.apache.ant_1.7.0.v200706080842" />
    <property name="component.ear.name" value="confluence_services.ear" />
    <property name="sun.boot.library.path" value="C:\Program Files\MyEclipse 6.6\jre\bin" />
    <property name="ext_libdir" value="D:/TC/java libs/third libs" />
    <property name="sun.management.compiler" value="HotSpot Client Compiler" />
    <property name="deploy-dir" value="D:/TC/Application Server/JBOSS/4.2.2/server/default/deploy" />
    <property name="java.awt.graphicsenv" value="sun.awt.Win32GraphicsEnvironment" />
    <property name="user.variant" value="" />
    <property name="build_targetclassdir" value="build/targetclasses" />
    <property name="docsdir" value="docs" />
    <property name="dev_dist.jar" value="confluence_services_1.0.0_dev_dist.jar" />
    <property name="ant.project.name" value="TopCoder Java Generic Build" />
    <property name="component.application.dir" value="build/dist/application" />
    <property name="component.version.minor" value="0" />
    <property name="java.vm.specification.version" value="1.0" />
    <property name="component.bootclasspath" value="${java_1_x_bootclasspath}" />
    <property name="component.ejb.dir" value="build/dist/ejb" />
    <property name="awt.toolkit" value="sun.awt.windows.WToolkit" />
    <property name="sun.cpu.isalist" value="pentium_pro+mmx pentium_pro pentium+mmx pentium i486 i386 i86" />
    <property name="build_javadocsdir" value="build/docs/javadocs" />
    <property name="java.ext.dirs" value="C:\Program Files\MyEclipse 6.6\jre\lib\ext" />
    <property name="Note" value="the build file just references standard properties junit.jar and cobertura.dir " />
    <property name="os.version" value="5.1" />
    <property name="user.home" value="C:\Documents and Settings\utlovey" />
    <property name="javadoc.jar" value="javadocs.jar" />
    <property name="libdir" value="../tcs/lib" />
    <property name="build_classdir" value="build/classes" />
    <property name="component.ear" value="build/confluence_services.ear" />
    <property name="typesafe_enum" value="D:/TC/java libs/tcs/typesafe_enum/1.1.0/typesafe_enum.jar" />
    <property name="java.vm.vendor" value="Sun Microsystems Inc." />
    <property name="component.distfilename" value="confluence_services" />
    <property name="component.package" value="com.topcoder.confluence.webservice" />
    <property name="build_testclassdir" value="build/testClasses" />
    <property name="package" value="com.topcoder.confluence.webservice" />
    <property name="user.dir" value="D:\TC\dev\J2EE\confluence_services_1.0.0\confluence_services_1.0.0_dev_dist" />
    <property name="component.packagedir" value="com/topcoder/confluence/webservice" />
    <property name="sun.cpu.endian" value="little" />
    <property name="ant.file.Dependency Import" value="D:\TC\dev\J2EE\confluence_services_1.0.0\confluence_services_1.0.0_dev_dist\build-dependencies.xml" />
    <property name="dist_docpackage" value="build/doc_package" />
    <property name="java.vm.version" value="1.5.0_11-b03" />
    <property name="java.class.path" value="D:\TC\dev\J2EE\confluence_services_1.0.0\confluence_services_1.0.0_dev_dist\build\testClasses;D:\TC\java libs\third libs\junit\4.4\junit.jar;D:\TC\java libs\tcs\base_exception\2.0.0\base_exception.jar;D:\TC\java libs\tcs\object_factory\2.1.2\object_factory.jar;D:\TC\java libs\tcs\configuration_api\1.0\configuration_api.jar;D:\TC\java libs\tcs\typesafe_enum\1.1.0\typesafe_enum.jar;D:\TC\java libs\tcs\object_formatter\1.0.0\object_formatter.jar;D:\TC\java libs\tcs\logging_wrapper\2.0.0\logging_wrapper.jar;D:\TC\dev\J2EE\confluence_services_1.0.0\confluence_services_1.0.0_dev_dist\test_files\lib\Confluence_Management.jar;D:\TC\java libs\tcs\object_factory_configuration_api_plugin\1.0\object_factory_configuration_api_plugin.jar;D:\TC\java libs\tcs\configuration_persistence\1.0.1\configuration_persistence.jar;D:\TC\Application Server\JBOSS\4.2.2\client\jboss-j2ee.jar;D:\TC\Application Server\JBOSS\4.2.2\client\jboss-ejb3x.jar;D:\TC\Application Server\JBOSS\4.2.2\client\jaxb-api.jar;D:\TC\Application Server\JBOSS\4.2.2\client\jbossws-client.jar;D:\TC\Application Server\JBOSS\4.2.2\client\jbossws-common.jar;D:\TC\Application Server\JBOSS\4.2.2\client\jbossall-client.jar;D:\TC\dev\J2EE\confluence_services_1.0.0\confluence_services_1.0.0_dev_dist\test_files;D:\TC\Application Server\JBOSS\4.2.2\client\activation.jar;D:\TC\Application Server\JBOSS\4.2.2\client\commons-logging.jar;D:\TC\Application Server\JBOSS\4.2.2\client\javassist.jar;D:\TC\Application Server\JBOSS\4.2.2\client\jaxb-impl.jar;D:\TC\Application Server\JBOSS\4.2.2\client\jboss-jaxrpc.jar;D:\TC\Application Server\JBOSS\4.2.2\client\jboss-jaxws.jar;D:\TC\Application Server\JBOSS\4.2.2\client\jboss-saaj.jar;D:\TC\Application Server\JBOSS\4.2.2\client\jbossws-spi.jar;D:\TC\Application Server\JBOSS\4.2.2\client\jboss-xml-binding.jar;D:\TC\Application Server\JBOSS\4.2.2\client\mail.jar;D:\TC\Application Server\JBOSS\4.2.2\client\policy.jar;D:\TC\Application Server\JBOSS\4.2.2\client\stax-api.jar;D:\TC\Application Server\JBOSS\4.2.2\client\wsdl4j.jar;D:\TC\Application Server\JBOSS\4.2.2\lib\endorsed\xercesImpl.jar;D:\TC\dev\J2EE\confluence_services_1.0.0\confluence_services_1.0.0_dev_dist\test_files\mock-confluence-management.jar;D:\TC\dev\J2EE\confluence_services_1.0.0\confluence_services_1.0.0_dev_dist\build\classes;D:\TC\dev\J2EE\confluence_services_1.0.0\confluence_services_1.0.0_dev_dist\conf;C:\Program Files\MyEclipse 6.6\eclipse\plugins\org.apache.ant_1.7.0.v200706080842\lib\ant-launcher.jar;C:\Program Files\MyEclipse 6.6\eclipse\plugins\org.apache.ant_1.7.0.v200706080842\lib\ant.jar;C:\Program Files\MyEclipse 6.6\eclipse\plugins\org.apache.ant_1.7.0.v200706080842\lib\ant-junit.jar" />
    <property name="dev_submission.jar" value="confluence_services_1.0.0_dev_submission.jar" />
    <property name="ant.library.dir" value="C:\Program Files\MyEclipse 6.6\eclipse\plugins\org.apache.ant_1.7.0.v200706080842\lib" />
    <property name="os.arch" value="x86" />
    <property name="checkstyle.dir" value="D:/TC/java libs/third libs/checkstyle" />
    <property name="sun.java.launcher" value="SUN_STANDARD" />
    <property name="object_formatter" value="D:/TC/java libs/tcs/object_formatter/1.0.0/object_formatter.jar" />
    <property name="component.ear.dir" value="build/dist/application/confluence_services.ear" />
    <property name="ant.core.lib" value="C:\Program Files\MyEclipse 6.6\eclipse\plugins\org.apache.ant_1.7.0.v200706080842\lib\ant.jar" />
    <property name="java.vm.specification.vendor" value="Sun Microsystems Inc." />
    <property name="jboss.home" value="D:/TC/Application Server/JBOSS/4.2.2" />
    <property name="*" value="The install location of Cobertura,JUnit and Checkstyle for all components" />
    <property name="file.separator" value="\" />
    <property name="java.runtime.version" value="1.5.0_11-b03" />
    <property name="sun.boot.class.path" value="C:\Program Files\MyEclipse 6.6\jre\lib\rt.jar;C:\Program Files\MyEclipse 6.6\jre\lib\i18n.jar;C:\Program Files\MyEclipse 6.6\jre\lib\sunrsasign.jar;C:\Program Files\MyEclipse 6.6\jre\lib\jsse.jar;C:\Program Files\MyEclipse 6.6\jre\lib\jce.jar;C:\Program Files\MyEclipse 6.6\jre\lib\charsets.jar;C:\Program Files\MyEclipse 6.6\jre\classes" />
    <property name="build_docsdir" value="build/docs" />
    <property name="javadoc.locale" value="en_US" />
    <property name="design_submission.jar" value="confluence_services_1.0.0_design_submission.jar" />
    <property name="user.country" value="CN" />
    <property name="tcs_libdir" value="D:/TC/java libs/tcs" />
    <property name="component" value="Confluence Services" />
    <property name="java.vendor" value="Sun Microsystems Inc." />
    <property name="ConfluenceManagerMockForTest" value="test_files/lib/ConfluenceManagerMockForTest.jar" />
    <property name="java.specification.version" value="1.5" />
    <property name="testfiles" value="test_files" />
    <property name="sun.arch.data.model" value="32" />
    <property name="javatests" value="src/java/tests" />
    <property name="configuration_api" value="D:/TC/java libs/tcs/configuration_api/1.0/configuration_api.jar" />
  </properties>
  <testcase classname="com.topcoder.confluence.webservice.ConfluenceManagementServiceAuthenticationFailedExceptionTests" name="testCtor1Accuracy" time="0.016" />
  <testcase classname="com.topcoder.confluence.webservice.ConfluenceManagementServiceAuthenticationFailedExceptionTests" name="testCtor2Accuracy" time="0.0" />
  <testcase classname="com.topcoder.confluence.webservice.ConfluenceManagementServiceAuthenticationFailedExceptionTests" name="testCtor3Accuracy" time="0.0" />
  <testcase classname="com.topcoder.confluence.webservice.ConfluenceManagementServiceAuthenticationFailedExceptionTests" name="testCtor4Accuracy" time="0.0" />
  <testcase classname="com.topcoder.confluence.webservice.ConfluenceManagementServiceAuthenticationFailedExceptionTests" name="testInheritance" time="0.0" />
  <testcase classname="com.topcoder.confluence.webservice.ConfluenceManagementServiceAuthenticationFailedExceptionTests" name="test_annotation" time="0.062" />
  <testcase classname="com.topcoder.confluence.webservice.ConfluenceManagementServiceConfigurationExceptionTests" name="testCtor1Accuracy" time="0.0" />
  <testcase classname="com.topcoder.confluence.webservice.ConfluenceManagementServiceConfigurationExceptionTests" name="testCtor2Accuracy" time="0.0" />
  <testcase classname="com.topcoder.confluence.webservice.ConfluenceManagementServiceConfigurationExceptionTests" name="testCtor3Accuracy" time="0.0" />
  <testcase classname="com.topcoder.confluence.webservice.ConfluenceManagementServiceConfigurationExceptionTests" name="testCtor4Accuracy" time="0.0" />
  <testcase classname="com.topcoder.confluence.webservice.ConfluenceManagementServiceConfigurationExceptionTests" name="testInheritance" time="0.0" />
  <testcase classname="com.topcoder.confluence.webservice.ConfluenceManagementServiceConnectionExceptionTests" name="testCtor1Accuracy" time="0.0" />
  <testcase classname="com.topcoder.confluence.webservice.ConfluenceManagementServiceConnectionExceptionTests" name="testCtor2Accuracy" time="0.0" />
  <testcase classname="com.topcoder.confluence.webservice.ConfluenceManagementServiceConnectionExceptionTests" name="testCtor3Accuracy" time="0.0" />
  <testcase classname="com.topcoder.confluence.webservice.ConfluenceManagementServiceConnectionExceptionTests" name="testCtor4Accuracy" time="0.0" />
  <testcase classname="com.topcoder.confluence.webservice.ConfluenceManagementServiceConnectionExceptionTests" name="testInheritance" time="0.0" />
  <testcase classname="com.topcoder.confluence.webservice.ConfluenceManagementServiceConnectionExceptionTests" name="test_annotation" time="0.0" />
  <testcase classname="com.topcoder.confluence.webservice.ConfluenceManagementServiceExceptionTests" name="testCtor1Accuracy" time="0.0" />
  <testcase classname="com.topcoder.confluence.webservice.ConfluenceManagementServiceExceptionTests" name="testCtor2Accuracy" time="0.0" />
  <testcase classname="com.topcoder.confluence.webservice.ConfluenceManagementServiceExceptionTests" name="testCtor3Accuracy" time="0.0" />
  <testcase classname="com.topcoder.confluence.webservice.ConfluenceManagementServiceExceptionTests" name="testCtor4Accuracy" time="0.0" />
  <testcase classname="com.topcoder.confluence.webservice.ConfluenceManagementServiceExceptionTests" name="testInheritance" time="0.0" />
  <testcase classname="com.topcoder.confluence.webservice.ConfluenceManagementServiceExceptionTests" name="test_annotation" time="0.0" />
  <testcase classname="com.topcoder.confluence.webservice.ConfluenceManagementServiceNotAuthorizedExceptionTests" name="testCtor1Accuracy" time="0.0" />
  <testcase classname="com.topcoder.confluence.webservice.ConfluenceManagementServiceNotAuthorizedExceptionTests" name="testCtor2Accuracy" time="0.0" />
  <testcase classname="com.topcoder.confluence.webservice.ConfluenceManagementServiceNotAuthorizedExceptionTests" name="testCtor3Accuracy" time="0.0" />
  <testcase classname="com.topcoder.confluence.webservice.ConfluenceManagementServiceNotAuthorizedExceptionTests" name="testCtor4Accuracy" time="0.015" />
  <testcase classname="com.topcoder.confluence.webservice.ConfluenceManagementServiceNotAuthorizedExceptionTests" name="testInheritance" time="0.0" />
  <testcase classname="com.topcoder.confluence.webservice.ConfluenceManagementServiceNotAuthorizedExceptionTests" name="test_annotation" time="0.0" />
  <testcase classname="com.topcoder.confluence.webservice.HelperTests" name="testCheckNull_Accuracy" time="0.016" />
  <testcase classname="com.topcoder.confluence.webservice.HelperTests" name="testCheckNull_Failure" time="0.0" />
  <testcase classname="com.topcoder.confluence.webservice.HelperTests" name="testCheckStringNullOrEmpty_NotNullNotEmptyString" time="0.0" />
  <testcase classname="com.topcoder.confluence.webservice.HelperTests" name="testCheckStringNullOrEmpty_NullString" time="0.0" />
  <testcase classname="com.topcoder.confluence.webservice.HelperTests" name="testCheckStringNullOrEmpty_EmptyString1" time="0.0" />
  <testcase classname="com.topcoder.confluence.webservice.HelperTests" name="testCheckStringNullOrEmpty_EmptyString2" time="0.0" />
  <testcase classname="com.topcoder.confluence.webservice.HelperTests" name="test_checkNullAndLog_Accuracy" time="0.0" />
  <testcase classname="com.topcoder.confluence.webservice.HelperTests" name="test_checkNullAndLog_Failure" time="0.015" />
  <testcase classname="com.topcoder.confluence.webservice.HelperTests" name="test_checkStringNullOrEmptyAndLog_NotNullNotEmptyString" time="0.0" />
  <testcase classname="com.topcoder.confluence.webservice.HelperTests" name="test_checkStringNullOrEmptyAndLog_NullString" time="0.0" />
  <testcase classname="com.topcoder.confluence.webservice.HelperTests" name="test_checkStringNullOrEmptyAndLog_EmptyString1" time="0.0" />
  <testcase classname="com.topcoder.confluence.webservice.HelperTests" name="test_checkStringNullOrEmptyAndLog_EmptyString2" time="0.0" />
  <testcase classname="com.topcoder.confluence.webservice.HelperTests" name="test_logConfluencePageCreationResultOutputAndMethodExit_Accuracy" time="0.016" />
  <testcase classname="com.topcoder.confluence.webservice.HelperTests" name="test_logCreatePageOrRetrievePageWithApplicationCodeMethodEntryAndInput_Accuracy" time="0.0" />
  <testcase classname="com.topcoder.confluence.webservice.HelperTests" name="test_logCreatePageOrRetrievePageWithComponentTypeMethodEntryAndInput_Accuracy" time="0.0" />
  <testcase classname="com.topcoder.confluence.webservice.HelperTests" name="test_logCreatePageWithPageMethodEntryAndInput_Accuracy" time="0.0" />
  <testcase classname="com.topcoder.confluence.webservice.HelperTests" name="test_logException_Accuracy" time="0.0" />
  <testcase classname="com.topcoder.confluence.webservice.HelperTests" name="test_logLoginMethodEntryAndInput_Accuracy" time="0.0" />
  <testcase classname="com.topcoder.confluence.webservice.HelperTests" name="test_logLoginOutputAndMethodExit_Accuracy" time="0.0" />
  <testcase classname="com.topcoder.confluence.webservice.HelperTests" name="test_logLogoutMethodEntryAndInput_Accuracy" time="0.0" />
  <testcase classname="com.topcoder.confluence.webservice.HelperTests" name="test_logPageOutputAndMethodExit_Accuracy" time="0.0" />
  <testcase classname="com.topcoder.confluence.webservice.ConfluenceManagementServiceAnnotationTests" name="testClassAnnotation" time="0.0" />
  <testcase classname="com.topcoder.confluence.webservice.ConfluenceManagementServiceAnnotationTests" name="test_login_annotation" time="0.0" />
  <testcase classname="com.topcoder.confluence.webservice.ConfluenceManagementServiceAnnotationTests" name="test_logout_annotation" time="0.0" />
  <testcase classname="com.topcoder.confluence.webservice.ConfluenceManagementServiceAnnotationTests" name="test_createPage1_annotation" time="0.016" />
  <testcase classname="com.topcoder.confluence.webservice.ConfluenceManagementServiceAnnotationTests" name="test_createPage2_annotation" time="0.0" />
  <testcase classname="com.topcoder.confluence.webservice.ConfluenceManagementServiceAnnotationTests" name="test_createPage3_annotation" time="0.0" />
  <testcase classname="com.topcoder.confluence.webservice.ConfluenceManagementServiceAnnotationTests" name="test_retrievePage1_annotation" time="0.016" />
  <testcase classname="com.topcoder.confluence.webservice.ConfluenceManagementServiceAnnotationTests" name="test_retrievePage2_annotation" time="0.0" />
  <testcase classname="com.topcoder.confluence.webservice.ConfluenceManagementServiceLocalAnnotationTests" name="testClassAnnotation" time="0.0" />
  <testcase classname="com.topcoder.confluence.webservice.ConfluenceManagementServiceRemoteAnnotationTests" name="testClassAnnotation" time="0.0" />
  <testcase classname="com.topcoder.confluence.webservice.bean.ConfluenceManagementServiceBeanTests" name="testClassAnnotation" time="0.015" />
  <testcase classname="com.topcoder.confluence.webservice.bean.ConfluenceManagementServiceBeanTests" name="test_initialize_annotation" time="0.016" />
  <testcase classname="com.topcoder.confluence.webservice.bean.ConfluenceManagementServiceBeanTests" name="test_all_public_methods_contain_TransactionAttribute_annotation" time="0.0" />
  <testcase classname="com.topcoder.confluence.webservice.bean.ConfluenceManagementServiceBeanTests" name="test_Resource_annotation" time="0.015" />
  <testcase classname="com.topcoder.confluence.webservice.bean.ConfluenceManagementServiceBeanTests" name="test_Ctor_Accuracy" time="0.0" />
  <testcase classname="com.topcoder.confluence.webservice.bean.ConfluenceManagementServiceBeanTests" name="test_initialize_Accuracy" time="0.344" />
  <testcase classname="com.topcoder.confluence.webservice.bean.ConfluenceManagementServiceBeanTests" name="test_initialize_Failure1" time="0.0" />
  <testcase classname="com.topcoder.confluence.webservice.bean.ConfluenceManagementServiceBeanTests" name="test_initialize_Failure2" time="0.047" />
  <testcase classname="com.topcoder.confluence.webservice.bean.ConfluenceManagementServiceBeanTests" name="test_initialize_Failure3" time="0.047" />
  <testcase classname="com.topcoder.confluence.webservice.bean.ConfluenceManagementServiceBeanTests" name="test_initialize_Failure4" time="0.046" />
  <testcase classname="com.topcoder.confluence.webservice.bean.ConfluenceManagementServiceBeanTests" name="test_initialize_Failure5" time="0.063" />
  <testcase classname="com.topcoder.confluence.webservice.bean.ConfluenceManagementServiceBeanTests" name="test_initialize_Failure6" time="0.0" />
  <testcase classname="com.topcoder.confluence.webservice.bean.ConfluenceManagementServiceBeanTests" name="test_initialize_Failure7" time="0.094" />
  <testcase classname="com.topcoder.confluence.webservice.bean.ConfluenceManagementServiceBeanTests" name="test_initialize_Failure8" time="0.0" />
  <testcase classname="com.topcoder.confluence.webservice.bean.ConfluenceManagementServiceBeanTests" name="test_initialize_Failure9" time="0.047" />
  <testcase classname="com.topcoder.confluence.webservice.bean.ConfluenceManagementServiceBeanTests" name="test_login_Accuracy" time="0.031" />
  <testcase classname="com.topcoder.confluence.webservice.bean.ConfluenceManagementServiceBeanTests" name="test_login_Failure1" time="0.203" />
  <testcase classname="com.topcoder.confluence.webservice.bean.ConfluenceManagementServiceBeanTests" name="test_login_Failure2" time="0.031" />
  <testcase classname="com.topcoder.confluence.webservice.bean.ConfluenceManagementServiceBeanTests" name="test_login_Failure3" time="0.047" />
  <testcase classname="com.topcoder.confluence.webservice.bean.ConfluenceManagementServiceBeanTests" name="test_login_Failure4" time="0.047" />
  <testcase classname="com.topcoder.confluence.webservice.bean.ConfluenceManagementServiceBeanTests" name="test_login_Failure5" time="0.031" />
  <testcase classname="com.topcoder.confluence.webservice.bean.ConfluenceManagementServiceBeanTests" name="test_login_Failure6" time="0.031" />
  <testcase classname="com.topcoder.confluence.webservice.bean.ConfluenceManagementServiceBeanTests" name="test_login_Failure7" time="0.047" />
  <testcase classname="com.topcoder.confluence.webservice.bean.ConfluenceManagementServiceBeanTests" name="test_logout_Accuracy" time="0.062" />
  <testcase classname="com.topcoder.confluence.webservice.bean.ConfluenceManagementServiceBeanTests" name="test_logout_Failure1" time="0.063" />
  <testcase classname="com.topcoder.confluence.webservice.bean.ConfluenceManagementServiceBeanTests" name="test_logout_Failure2" time="0.078" />
  <testcase classname="com.topcoder.confluence.webservice.bean.ConfluenceManagementServiceBeanTests" name="test_logout_Failure3" time="0.031" />
  <testcase classname="com.topcoder.confluence.webservice.bean.ConfluenceManagementServiceBeanTests" name="test_logout_Failure4" time="0.36" />
  <testcase classname="com.topcoder.confluence.webservice.bean.ConfluenceManagementServiceBeanTests" name="test_createPage_With_Page_Accuracy" time="0.031" />
  <testcase classname="com.topcoder.confluence.webservice.bean.ConfluenceManagementServiceBeanTests" name="test_createPage_With_Page_Failure1" time="0.047" />
  <testcase classname="com.topcoder.confluence.webservice.bean.ConfluenceManagementServiceBeanTests" name="test_createPage_With_Page_Failure2" time="0.047" />
  <testcase classname="com.topcoder.confluence.webservice.bean.ConfluenceManagementServiceBeanTests" name="test_createPage_With_Page_Failure3" time="0.063" />
  <testcase classname="com.topcoder.confluence.webservice.bean.ConfluenceManagementServiceBeanTests" name="test_createPage_With_Page_Failure4" time="0.031" />
  <testcase classname="com.topcoder.confluence.webservice.bean.ConfluenceManagementServiceBeanTests" name="test_createPage_With_Page_Failure5" time="0.031" />
  <testcase classname="com.topcoder.confluence.webservice.bean.ConfluenceManagementServiceBeanTests" name="test_createPage_with_ComponentType_Accuracy" time="0.047" />
  <testcase classname="com.topcoder.confluence.webservice.bean.ConfluenceManagementServiceBeanTests" name="test_createPage_with_ComponentType_Failure1" time="0.031" />
  <testcase classname="com.topcoder.confluence.webservice.bean.ConfluenceManagementServiceBeanTests" name="test_createPage_with_ComponentType_Failure2" time="0.078" />
  <testcase classname="com.topcoder.confluence.webservice.bean.ConfluenceManagementServiceBeanTests" name="test_createPage_with_ComponentType_Failure3" time="0.032" />
  <testcase classname="com.topcoder.confluence.webservice.bean.ConfluenceManagementServiceBeanTests" name="test_createPage_with_ComponentType_Failure4" time="0.046" />
  <testcase classname="com.topcoder.confluence.webservice.bean.ConfluenceManagementServiceBeanTests" name="test_createPage_with_ComponentType_Failure5" time="0.063" />
  <testcase classname="com.topcoder.confluence.webservice.bean.ConfluenceManagementServiceBeanTests" name="test_createPage_with_ComponentType_Failure6" time="0.046" />
  <testcase classname="com.topcoder.confluence.webservice.bean.ConfluenceManagementServiceBeanTests" name="test_createPage_with_ComponentType_Failure7" time="0.125" />
  <testcase classname="com.topcoder.confluence.webservice.bean.ConfluenceManagementServiceBeanTests" name="test_createPage_with_ComponentType_Failure8" time="0.047" />
  <testcase classname="com.topcoder.confluence.webservice.bean.ConfluenceManagementServiceBeanTests" name="test_createPage_with_ComponentType_Failure9" time="0.125" />
  <testcase classname="com.topcoder.confluence.webservice.bean.ConfluenceManagementServiceBeanTests" name="test_createPage_with_ComponentType_Failure10" time="0.047" />
  <testcase classname="com.topcoder.confluence.webservice.bean.ConfluenceManagementServiceBeanTests" name="test_createPage_with_ComponentType_Failure11" time="0.016" />
  <testcase classname="com.topcoder.confluence.webservice.bean.ConfluenceManagementServiceBeanTests" name="test_createPage_with_applicationCode_Accuracy" time="0.031" />
  <testcase classname="com.topcoder.confluence.webservice.bean.ConfluenceManagementServiceBeanTests" name="test_createPage_with_applicationCode_Failure1" time="0.031" />
  <testcase classname="com.topcoder.confluence.webservice.bean.ConfluenceManagementServiceBeanTests" name="test_createPage_with_applicationCode_Failure2" time="0.031" />
  <testcase classname="com.topcoder.confluence.webservice.bean.ConfluenceManagementServiceBeanTests" name="test_createPage_with_applicationCode_Failure3" time="0.032" />
  <testcase classname="com.topcoder.confluence.webservice.bean.ConfluenceManagementServiceBeanTests" name="test_createPage_with_applicationCode_Failure4" time="0.046" />
  <testcase classname="com.topcoder.confluence.webservice.bean.ConfluenceManagementServiceBeanTests" name="test_createPage_with_applicationCode_Failure5" time="0.032" />
  <testcase classname="com.topcoder.confluence.webservice.bean.ConfluenceManagementServiceBeanTests" name="test_createPage_with_applicationCode_Failure6" time="0.015" />
  <testcase classname="com.topcoder.confluence.webservice.bean.ConfluenceManagementServiceBeanTests" name="test_createPage_with_applicationCode_Failure7" time="0.032" />
  <testcase classname="com.topcoder.confluence.webservice.bean.ConfluenceManagementServiceBeanTests" name="test_createPage_with_applicationCode_Failure8" time="0.031" />
  <testcase classname="com.topcoder.confluence.webservice.bean.ConfluenceManagementServiceBeanTests" name="test_createPage_with_applicationCode_Failure9" time="0.015" />
  <testcase classname="com.topcoder.confluence.webservice.bean.ConfluenceManagementServiceBeanTests" name="test_createPage_with_applicationCode_Failure10" time="0.032" />
  <testcase classname="com.topcoder.confluence.webservice.bean.ConfluenceManagementServiceBeanTests" name="test_createPage_with_applicationCode_Failure11" time="0.015" />
  <testcase classname="com.topcoder.confluence.webservice.bean.ConfluenceManagementServiceBeanTests" name="test_createPage_with_applicationCode_Failure12" time="0.032" />
  <testcase classname="com.topcoder.confluence.webservice.bean.ConfluenceManagementServiceBeanTests" name="test_retrievePage_with_ComponentType_Accuracy" time="0.015" />
  <testcase classname="com.topcoder.confluence.webservice.bean.ConfluenceManagementServiceBeanTests" name="test_retrievePage_with_ComponentType_Failure1" time="0.015" />
  <testcase classname="com.topcoder.confluence.webservice.bean.ConfluenceManagementServiceBeanTests" name="test_retrievePage_with_ComponentType_Failure2" time="0.032" />
  <testcase classname="com.topcoder.confluence.webservice.bean.ConfluenceManagementServiceBeanTests" name="test_retrievePage_with_ComponentType_Failure3" time="0.031" />
  <testcase classname="com.topcoder.confluence.webservice.bean.ConfluenceManagementServiceBeanTests" name="test_retrievePage_with_ComponentType_Failure4" time="0.016" />
  <testcase classname="com.topcoder.confluence.webservice.bean.ConfluenceManagementServiceBeanTests" name="test_retrievePage_with_ComponentType_Failure5" time="0.031" />
  <testcase classname="com.topcoder.confluence.webservice.bean.ConfluenceManagementServiceBeanTests" name="test_retrievePage_with_ComponentType_Failure6" time="0.015" />
  <testcase classname="com.topcoder.confluence.webservice.bean.ConfluenceManagementServiceBeanTests" name="test_retrievePage_with_ComponentType_Failure7" time="0.032" />
  <testcase classname="com.topcoder.confluence.webservice.bean.ConfluenceManagementServiceBeanTests" name="test_retrievePage_with_ComponentType_Failure8" time="0.016" />
  <testcase classname="com.topcoder.confluence.webservice.bean.ConfluenceManagementServiceBeanTests" name="test_retrievePage_with_ComponentType_Failure9" time="0.016" />
  <testcase classname="com.topcoder.confluence.webservice.bean.ConfluenceManagementServiceBeanTests" name="test_retrievePage_with_ComponentType_Failure10" time="0.031" />
  <testcase classname="com.topcoder.confluence.webservice.bean.ConfluenceManagementServiceBeanTests" name="test_retrievePage_with_ComponentType_Failure11" time="0.078" />
  <testcase classname="com.topcoder.confluence.webservice.bean.ConfluenceManagementServiceBeanTests" name="test_retrievePage_with_ApplicationCode_Accuracy" time="0.016" />
  <testcase classname="com.topcoder.confluence.webservice.bean.ConfluenceManagementServiceBeanTests" name="test_retrievePage_with_applicationCode_Failure1" time="0.031" />
  <testcase classname="com.topcoder.confluence.webservice.bean.ConfluenceManagementServiceBeanTests" name="test_retrievePage_with_applicationCode_Failure2" time="0.015" />
  <testcase classname="com.topcoder.confluence.webservice.bean.ConfluenceManagementServiceBeanTests" name="test_retrievePage_with_applicationCode_Failure3" time="0.032" />
  <testcase classname="com.topcoder.confluence.webservice.bean.ConfluenceManagementServiceBeanTests" name="test_retrievePage_with_applicationCode_Failure4" time="0.015" />
  <testcase classname="com.topcoder.confluence.webservice.bean.ConfluenceManagementServiceBeanTests" name="test_retrievePage_with_applicationCode_Failure5" time="0.032" />
  <testcase classname="com.topcoder.confluence.webservice.bean.ConfluenceManagementServiceBeanTests" name="test_retrievePage_with_applicationCode_Failure6" time="0.015" />
  <testcase classname="com.topcoder.confluence.webservice.bean.ConfluenceManagementServiceBeanTests" name="test_retrievePage_with_applicationCode_Failure7" time="0.031" />
  <testcase classname="com.topcoder.confluence.webservice.bean.ConfluenceManagementServiceBeanTests" name="test_retrievePage_with_applicationCode_Failure8" time="0.032" />
  <testcase classname="com.topcoder.confluence.webservice.bean.ConfluenceManagementServiceBeanTests" name="test_retrievePage_with_applicationCode_Failure9" time="0.015" />
  <testcase classname="com.topcoder.confluence.webservice.bean.ConfluenceManagementServiceBeanTests" name="test_retrievePage_with_applicationCode_Failure10" time="0.032" />
  <testcase classname="com.topcoder.confluence.webservice.bean.ConfluenceManagementServiceBeanTests" name="test_retrievePage_with_applicationCode_Failure11" time="0.031" />
  <testcase classname="com.topcoder.confluence.webservice.bean.ConfluenceManagementServiceBeanTests" name="test_retrievePage_with_applicationCode_Failure12" time="0.015" />
  <testcase classname="com.topcoder.confluence.webservice.delegate.ConfluenceManagerWebServiceDelegateTests" name="test_login_Accuracy" time="1.844" />
  <testcase classname="com.topcoder.confluence.webservice.delegate.ConfluenceManagerWebServiceDelegateTests" name="test_login_Failure1" time="0.297" />
  <testcase classname="com.topcoder.confluence.webservice.delegate.ConfluenceManagerWebServiceDelegateTests" name="test_login_Failure2" time="0.297" />
  <testcase classname="com.topcoder.confluence.webservice.delegate.ConfluenceManagerWebServiceDelegateTests" name="test_login_Failure3" time="0.296" />
  <testcase classname="com.topcoder.confluence.webservice.delegate.ConfluenceManagerWebServiceDelegateTests" name="test_login_Failure4" time="0.313" />
  <testcase classname="com.topcoder.confluence.webservice.delegate.ConfluenceManagerWebServiceDelegateTests" name="test_login_Failure5" time="0.453" />
  <testcase classname="com.topcoder.confluence.webservice.delegate.ConfluenceManagerWebServiceDelegateTests" name="test_login_Failure6" time="0.297" />
  <testcase classname="com.topcoder.confluence.webservice.delegate.ConfluenceManagerWebServiceDelegateTests" name="test_login_Failure7" time="0.218" />
  <testcase classname="com.topcoder.confluence.webservice.delegate.ConfluenceManagerWebServiceDelegateTests" name="test_logout_Accuracy" time="0.282" />
  <testcase classname="com.topcoder.confluence.webservice.delegate.ConfluenceManagerWebServiceDelegateTests" name="test_logout_Failure1" time="0.234" />
  <testcase classname="com.topcoder.confluence.webservice.delegate.ConfluenceManagerWebServiceDelegateTests" name="test_logout_Failure2" time="0.25" />
  <testcase classname="com.topcoder.confluence.webservice.delegate.ConfluenceManagerWebServiceDelegateTests" name="test_logout_Failure3" time="0.25" />
  <testcase classname="com.topcoder.confluence.webservice.delegate.ConfluenceManagerWebServiceDelegateTests" name="test_logout_Failure4" time="0.25" />
  <testcase classname="com.topcoder.confluence.webservice.delegate.ConfluenceManagerWebServiceDelegateTests" name="test_createPage_With_Page_Accuracy" time="0.203" />
  <testcase classname="com.topcoder.confluence.webservice.delegate.ConfluenceManagerWebServiceDelegateTests" name="test_createPage_With_Page_Failure1" time="0.25" />
  <testcase classname="com.topcoder.confluence.webservice.delegate.ConfluenceManagerWebServiceDelegateTests" name="test_createPage_With_Page_Failure2" time="0.234" />
  <testcase classname="com.topcoder.confluence.webservice.delegate.ConfluenceManagerWebServiceDelegateTests" name="test_createPage_With_Page_Failure3" time="0.266" />
  <testcase classname="com.topcoder.confluence.webservice.delegate.ConfluenceManagerWebServiceDelegateTests" name="test_createPage_With_Page_Failure4" time="0.219" />
  <testcase classname="com.topcoder.confluence.webservice.delegate.ConfluenceManagerWebServiceDelegateTests" name="test_createPage_With_Page_Failure5" time="0.265" />
  <testcase classname="com.topcoder.confluence.webservice.delegate.ConfluenceManagerWebServiceDelegateTests" name="test_createPage_with_ComponentType_Accuracy" time="0.266" />
  <testcase classname="com.topcoder.confluence.webservice.delegate.ConfluenceManagerWebServiceDelegateTests" name="test_createPage_with_ComponentType_Failure1" time="0.234" />
  <testcase classname="com.topcoder.confluence.webservice.delegate.ConfluenceManagerWebServiceDelegateTests" name="test_createPage_with_ComponentType_Failure2" time="0.266" />
  <testcase classname="com.topcoder.confluence.webservice.delegate.ConfluenceManagerWebServiceDelegateTests" name="test_createPage_with_ComponentType_Failure3" time="0.234" />
  <testcase classname="com.topcoder.confluence.webservice.delegate.ConfluenceManagerWebServiceDelegateTests" name="test_createPage_with_ComponentType_Failure4" time="0.235" />
  <testcase classname="com.topcoder.confluence.webservice.delegate.ConfluenceManagerWebServiceDelegateTests" name="test_createPage_with_ComponentType_Failure5" time="0.172" />
  <testcase classname="com.topcoder.confluence.webservice.delegate.ConfluenceManagerWebServiceDelegateTests" name="test_createPage_with_ComponentType_Failure6" time="0.265" />
  <testcase classname="com.topcoder.confluence.webservice.delegate.ConfluenceManagerWebServiceDelegateTests" name="test_createPage_with_ComponentType_Failure7" time="0.313" />
  <testcase classname="com.topcoder.confluence.webservice.delegate.ConfluenceManagerWebServiceDelegateTests" name="test_createPage_with_ComponentType_Failure8" time="0.282" />
  <testcase classname="com.topcoder.confluence.webservice.delegate.ConfluenceManagerWebServiceDelegateTests" name="test_createPage_with_ComponentType_Failure9" time="0.203" />
  <testcase classname="com.topcoder.confluence.webservice.delegate.ConfluenceManagerWebServiceDelegateTests" name="test_createPage_with_ComponentType_Failure10" time="0.25" />
  <testcase classname="com.topcoder.confluence.webservice.delegate.ConfluenceManagerWebServiceDelegateTests" name="test_createPage_with_ComponentType_Failure11" time="0.219" />
  <testcase classname="com.topcoder.confluence.webservice.delegate.ConfluenceManagerWebServiceDelegateTests" name="test_createPage_with_applicationCode_Accuracy" time="0.25" />
  <testcase classname="com.topcoder.confluence.webservice.delegate.ConfluenceManagerWebServiceDelegateTests" name="test_createPage_with_applicationCode_Failure1" time="0.218" />
  <testcase classname="com.topcoder.confluence.webservice.delegate.ConfluenceManagerWebServiceDelegateTests" name="test_createPage_with_applicationCode_Failure2" time="0.172" />
  <testcase classname="com.topcoder.confluence.webservice.delegate.ConfluenceManagerWebServiceDelegateTests" name="test_createPage_with_applicationCode_Failure3" time="0.235" />
  <testcase classname="com.topcoder.confluence.webservice.delegate.ConfluenceManagerWebServiceDelegateTests" name="test_createPage_with_applicationCode_Failure4" time="0.171" />
  <testcase classname="com.topcoder.confluence.webservice.delegate.ConfluenceManagerWebServiceDelegateTests" name="test_createPage_with_applicationCode_Failure5" time="0.219" />
  <testcase classname="com.topcoder.confluence.webservice.delegate.ConfluenceManagerWebServiceDelegateTests" name="test_createPage_with_applicationCode_Failure6" time="0.172" />
  <testcase classname="com.topcoder.confluence.webservice.delegate.ConfluenceManagerWebServiceDelegateTests" name="test_createPage_with_applicationCode_Failure7" time="0.234" />
  <testcase classname="com.topcoder.confluence.webservice.delegate.ConfluenceManagerWebServiceDelegateTests" name="test_createPage_with_applicationCode_Failure8" time="0.172" />
  <testcase classname="com.topcoder.confluence.webservice.delegate.ConfluenceManagerWebServiceDelegateTests" name="test_createPage_with_applicationCode_Failure9" time="0.235" />
  <testcase classname="com.topcoder.confluence.webservice.delegate.ConfluenceManagerWebServiceDelegateTests" name="test_createPage_with_applicationCode_Failure10" time="0.187" />
  <testcase classname="com.topcoder.confluence.webservice.delegate.ConfluenceManagerWebServiceDelegateTests" name="test_createPage_with_applicationCode_Failure11" time="0.266" />
  <testcase classname="com.topcoder.confluence.webservice.delegate.ConfluenceManagerWebServiceDelegateTests" name="test_createPage_with_applicationCode_Failure12" time="0.265" />
  <testcase classname="com.topcoder.confluence.webservice.delegate.ConfluenceManagerWebServiceDelegateTests" name="test_retrievePage_with_ComponentType_Accuracy" time="0.188" />
  <testcase classname="com.topcoder.confluence.webservice.delegate.ConfluenceManagerWebServiceDelegateTests" name="test_retrievePage_with_ComponentType_Failure1" time="0.234" />
  <testcase classname="com.topcoder.confluence.webservice.delegate.ConfluenceManagerWebServiceDelegateTests" name="test_retrievePage_with_ComponentType_Failure2" time="0.188" />
  <testcase classname="com.topcoder.confluence.webservice.delegate.ConfluenceManagerWebServiceDelegateTests" name="test_retrievePage_with_ComponentType_Failure3" time="0.219" />
  <testcase classname="com.topcoder.confluence.webservice.delegate.ConfluenceManagerWebServiceDelegateTests" name="test_retrievePage_with_ComponentType_Failure4" time="0.171" />
  <testcase classname="com.topcoder.confluence.webservice.delegate.ConfluenceManagerWebServiceDelegateTests" name="test_retrievePage_with_ComponentType_Failure5" time="0.235" />
  <testcase classname="com.topcoder.confluence.webservice.delegate.ConfluenceManagerWebServiceDelegateTests" name="test_retrievePage_with_ComponentType_Failure6" time="0.187" />
  <testcase classname="com.topcoder.confluence.webservice.delegate.ConfluenceManagerWebServiceDelegateTests" name="test_retrievePage_with_ComponentType_Failure7" time="0.219" />
  <testcase classname="com.topcoder.confluence.webservice.delegate.ConfluenceManagerWebServiceDelegateTests" name="test_retrievePage_with_ComponentType_Failure8" time="0.219" />
  <testcase classname="com.topcoder.confluence.webservice.delegate.ConfluenceManagerWebServiceDelegateTests" name="test_retrievePage_with_ComponentType_Failure9" time="0.187" />
  <testcase classname="com.topcoder.confluence.webservice.delegate.ConfluenceManagerWebServiceDelegateTests" name="test_retrievePage_with_ComponentType_Failure10" time="0.25" />
  <testcase classname="com.topcoder.confluence.webservice.delegate.ConfluenceManagerWebServiceDelegateTests" name="test_retrievePage_with_ComponentType_Failure11" time="0.25" />
  <testcase classname="com.topcoder.confluence.webservice.delegate.ConfluenceManagerWebServiceDelegateTests" name="test_retrievePage_with_ApplicationCode_Accuracy" time="0.188" />
  <testcase classname="com.topcoder.confluence.webservice.delegate.ConfluenceManagerWebServiceDelegateTests" name="test_retrievePage_with_applicationCode_Failure1" time="0.234" />
  <testcase classname="com.topcoder.confluence.webservice.delegate.ConfluenceManagerWebServiceDelegateTests" name="test_retrievePage_with_applicationCode_Failure2" time="0.172" />
  <testcase classname="com.topcoder.confluence.webservice.delegate.ConfluenceManagerWebServiceDelegateTests" name="test_retrievePage_with_applicationCode_Failure3" time="0.219" />
  <testcase classname="com.topcoder.confluence.webservice.delegate.ConfluenceManagerWebServiceDelegateTests" name="test_retrievePage_with_applicationCode_Failure4" time="0.172" />
  <testcase classname="com.topcoder.confluence.webservice.delegate.ConfluenceManagerWebServiceDelegateTests" name="test_retrievePage_with_applicationCode_Failure5" time="0.234" />
  <testcase classname="com.topcoder.confluence.webservice.delegate.ConfluenceManagerWebServiceDelegateTests" name="test_retrievePage_with_applicationCode_Failure6" time="0.172" />
  <testcase classname="com.topcoder.confluence.webservice.delegate.ConfluenceManagerWebServiceDelegateTests" name="test_retrievePage_with_applicationCode_Failure7" time="0.219" />
  <testcase classname="com.topcoder.confluence.webservice.delegate.ConfluenceManagerWebServiceDelegateTests" name="test_retrievePage_with_applicationCode_Failure8" time="0.265" />
  <testcase classname="com.topcoder.confluence.webservice.delegate.ConfluenceManagerWebServiceDelegateTests" name="test_retrievePage_with_applicationCode_Failure9" time="0.172" />
  <testcase classname="com.topcoder.confluence.webservice.delegate.ConfluenceManagerWebServiceDelegateTests" name="test_retrievePage_with_applicationCode_Failure10" time="0.25" />
  <testcase classname="com.topcoder.confluence.webservice.delegate.ConfluenceManagerWebServiceDelegateTests" name="test_retrievePage_with_applicationCode_Failure11" time="0.203" />
  <testcase classname="com.topcoder.confluence.webservice.delegate.ConfluenceManagerWebServiceDelegateTests" name="test_retrievePage_with_applicationCode_Failure12" time="0.235" />
  <testcase classname="com.topcoder.confluence.webservice.delegate.ConfluenceManagerWebServiceDelegateTests" name="test_ctor1_Accuracy" time="0.187" />
  <testcase classname="com.topcoder.confluence.webservice.delegate.ConfluenceManagerWebServiceDelegateTests" name="test_ctor2_Accuracy" time="0.563" />
  <testcase classname="com.topcoder.confluence.webservice.delegate.ConfluenceManagerWebServiceDelegateTests" name="test_ctor2_Failure1" time="0.406" />
  <testcase classname="com.topcoder.confluence.webservice.delegate.ConfluenceManagerWebServiceDelegateTests" name="test_ctor2_Failure2" time="0.281" />
  <testcase classname="com.topcoder.confluence.webservice.delegate.ConfluenceManagerWebServiceDelegateTests" name="test_ctor2_Failure3" time="0.25" />
  <testcase classname="com.topcoder.confluence.webservice.delegate.ConfluenceManagerWebServiceDelegateTests" name="test_ctor2_Failure4" time="0.203" />
  <testcase classname="com.topcoder.confluence.webservice.delegate.ConfluenceManagerWebServiceDelegateTests" name="test_ctor2_Failure5" time="0.25" />
  <testcase classname="com.topcoder.confluence.webservice.delegate.ConfluenceManagerWebServiceDelegateTests" name="test_ctor2_Failure6" time="0.234" />
  <testcase classname="com.topcoder.confluence.webservice.delegate.ConfluenceManagerWebServiceDelegateTests" name="test_ctor2_Failure7" time="0.312" />
  <testcase classname="com.topcoder.confluence.webservice.delegate.ConfluenceManagerWebServiceDelegateTests" name="test_ctor2_Failure8" time="0.344" />
  <testcase classname="com.topcoder.confluence.webservice.delegate.ConfluenceManagerWebServiceDelegateTests" name="test_ctor2_Failure9" time="0.188" />
  <testcase classname="com.topcoder.confluence.webservice.delegate.ConfluenceManagerWebServiceDelegateTests" name="test_ctor2_Failure10" time="0.234" />
  <testcase classname="com.topcoder.confluence.webservice.delegate.ConfluenceManagerWebServiceDelegateTests" name="test_ctor2_Failure11" time="0.203" />
  <testcase classname="com.topcoder.confluence.webservice.delegate.ConfluenceManagerWebServiceDelegateTests" name="test_ctor2_Failure12" time="0.25" />
  <testcase classname="com.topcoder.confluence.webservice.delegate.ConfluenceManagerWebServiceDelegateTests" name="test_ctor3_Accuracy" time="0.406" />
  <testcase classname="com.topcoder.confluence.webservice.delegate.ConfluenceManagerWebServiceDelegateTests" name="test_ctor3_Failure" time="0.219" />
  <testcase classname="com.topcoder.confluence.webservice.delegate.ConfluenceManagerWebServiceDelegateTests" name="test_ctor3_Failure1" time="0.204" />
  <testcase classname="com.topcoder.confluence.webservice.delegate.ConfluenceManagerWebServiceDelegateTests" name="test_ctor4_Accuracy" time="0.39" />
  <testcase classname="com.topcoder.confluence.webservice.delegate.ConfluenceManagerWebServiceDelegateTests" name="test_ctor4_Accuracy1" time="0.485" />
  <testcase classname="com.topcoder.confluence.webservice.delegate.ConfluenceManagerWebServiceDelegateTests" name="test_ctor4_Failure1" time="0.187" />
  <testcase classname="com.topcoder.confluence.webservice.client.ConfluenceManagementServiceClientTests" name="test_ctor1_Accuracy" time="0.25" />
  <testcase classname="com.topcoder.confluence.webservice.client.ConfluenceManagementServiceClientTests" name="test_ctor2_Accuracy" time="0.172" />
  <testcase classname="com.topcoder.confluence.webservice.client.ConfluenceManagementServiceClientTests" name="test_ctor2_Failure1" time="0.0" />
  <testcase classname="com.topcoder.confluence.webservice.client.ConfluenceManagementServiceClientTests" name="test_ctor3_Accuracy" time="0.219" />
  <testcase classname="com.topcoder.confluence.webservice.client.ConfluenceManagementServiceClientTests" name="test_ctor3_Failure1" time="0.0" />
  <testcase classname="com.topcoder.confluence.webservice.client.ConfluenceManagementServiceClientTests" name="test_ctor1_Failure1" time="0.0" />
  <testcase classname="com.topcoder.confluence.webservice.client.ConfluenceManagementServiceClientTests" name="test_ctor1_Failure2" time="0.0" />
  <testcase classname="com.topcoder.confluence.webservice.client.ConfluenceManagementServiceClientTests" name="test_ctor1_Failure3" time="0.0" />
  <testcase classname="com.topcoder.confluence.webservice.client.ConfluenceManagementServiceClientTests" name="test_ctor3_Failure2" time="0.0" />
  <testcase classname="com.topcoder.confluence.webservice.client.ConfluenceManagementServiceClientTests" name="test_getConfluenceManagementServicePort_Accuracy" time="1.234" />
  <testcase classname="com.topcoder.confluence.webservice.Demo" name="test_demo_usage1" time="3.547" />
  <testcase classname="com.topcoder.confluence.webservice.Demo" name="test_demo_usage2" time="0.422" />
  <testcase classname="com.topcoder.confluence.webservice.bean.ConfluenceManagementServiceBeanFailureTests" name="testInitializeInvalidFile" time="0.015" />
  <testcase classname="com.topcoder.confluence.webservice.bean.ConfluenceManagementServiceBeanFailureTests" name="testInitializeNotExist" time="0.0" />
  <testcase classname="com.topcoder.confluence.webservice.bean.ConfluenceManagementServiceBeanFailureTests" name="testLoginNullUserName" time="0.032" />
  <testcase classname="com.topcoder.confluence.webservice.bean.ConfluenceManagementServiceBeanFailureTests" name="testLoginEmptyUserName" time="0.015" />
  <testcase classname="com.topcoder.confluence.webservice.bean.ConfluenceManagementServiceBeanFailureTests" name="testLoginNullPassword" time="0.016" />
  <testcase classname="com.topcoder.confluence.webservice.bean.ConfluenceManagementServiceBeanFailureTests" name="testLoginEmptyPassword" time="0.031" />
  <testcase classname="com.topcoder.confluence.webservice.bean.ConfluenceManagementServiceBeanFailureTests" name="testLogoutNullToken" time="0.016" />
  <testcase classname="com.topcoder.confluence.webservice.bean.ConfluenceManagementServiceBeanFailureTests" name="testCreatePageNullToken" time="0.031" />
  <testcase classname="com.topcoder.confluence.webservice.bean.ConfluenceManagementServiceBeanFailureTests" name="testCreatePageNullPage" time="0.016" />
  <testcase classname="com.topcoder.confluence.webservice.bean.ConfluenceManagementServiceBeanFailureTests" name="testCreatePage2NullToken" time="0.031" />
  <testcase classname="com.topcoder.confluence.webservice.bean.ConfluenceManagementServiceBeanFailureTests" name="testCreatePage2NullPageName" time="0.016" />
  <testcase classname="com.topcoder.confluence.webservice.bean.ConfluenceManagementServiceBeanFailureTests" name="testCreatePage2EmptyPageName" time="0.031" />
  <testcase classname="com.topcoder.confluence.webservice.bean.ConfluenceManagementServiceBeanFailureTests" name="testCreatePage2NullVersion" time="0.015" />
  <testcase classname="com.topcoder.confluence.webservice.bean.ConfluenceManagementServiceBeanFailureTests" name="testCreatePage2EmptyVersion" time="0.032" />
  <testcase classname="com.topcoder.confluence.webservice.bean.ConfluenceManagementServiceBeanFailureTests" name="testCreatePage2NullAssertType" time="0.015" />
  <testcase classname="com.topcoder.confluence.webservice.bean.ConfluenceManagementServiceBeanFailureTests" name="testCreatePage2NullCatalog" time="0.032" />
  <testcase classname="com.topcoder.confluence.webservice.bean.ConfluenceManagementServiceBeanFailureTests" name="testCreatePage2NullComponentType" time="0.015" />
  <testcase classname="com.topcoder.confluence.webservice.bean.ConfluenceManagementServiceBeanFailureTests" name="testCreatePage3NullToken" time="0.031" />
  <testcase classname="com.topcoder.confluence.webservice.bean.ConfluenceManagementServiceBeanFailureTests" name="testCreatePage3NullPageName" time="0.016" />
  <testcase classname="com.topcoder.confluence.webservice.bean.ConfluenceManagementServiceBeanFailureTests" name="testCreatePage3EmptyPageName" time="0.016" />
  <testcase classname="com.topcoder.confluence.webservice.bean.ConfluenceManagementServiceBeanFailureTests" name="testCreatePage3NullVersion" time="0.031" />
  <testcase classname="com.topcoder.confluence.webservice.bean.ConfluenceManagementServiceBeanFailureTests" name="testCreatePage3EmptyVersion" time="0.016" />
  <testcase classname="com.topcoder.confluence.webservice.bean.ConfluenceManagementServiceBeanFailureTests" name="testCreatePage3NullAssertType" time="0.031" />
  <testcase classname="com.topcoder.confluence.webservice.bean.ConfluenceManagementServiceBeanFailureTests" name="testCreatePage3NullCatalog" time="0.015" />
  <testcase classname="com.topcoder.confluence.webservice.bean.ConfluenceManagementServiceBeanFailureTests" name="testCreatePage3NullString" time="0.016" />
  <testcase classname="com.topcoder.confluence.webservice.bean.ConfluenceManagementServiceBeanFailureTests" name="testRetrievePageNullToken" time="0.031" />
  <testcase classname="com.topcoder.confluence.webservice.bean.ConfluenceManagementServiceBeanFailureTests" name="testRetrievePageNullPageName" time="0.016" />
  <testcase classname="com.topcoder.confluence.webservice.bean.ConfluenceManagementServiceBeanFailureTests" name="testRetrievePageEmptyPageName" time="0.016" />
  <testcase classname="com.topcoder.confluence.webservice.bean.ConfluenceManagementServiceBeanFailureTests" name="testRetrievePageNullVersion" time="0.016" />
  <testcase classname="com.topcoder.confluence.webservice.bean.ConfluenceManagementServiceBeanFailureTests" name="testRetrievePageEmptyVersion" time="0.015" />
  <testcase classname="com.topcoder.confluence.webservice.bean.ConfluenceManagementServiceBeanFailureTests" name="testRetrievePageNullAssertType" time="0.016" />
  <testcase classname="com.topcoder.confluence.webservice.bean.ConfluenceManagementServiceBeanFailureTests" name="testRetrievePageNullCatalog" time="0.015" />
  <testcase classname="com.topcoder.confluence.webservice.bean.ConfluenceManagementServiceBeanFailureTests" name="testRetrievePageNullComponentType" time="0.016" />
  <testcase classname="com.topcoder.confluence.webservice.bean.ConfluenceManagementServiceBeanFailureTests" name="testRetrievePage2NullToken" time="0.031" />
  <testcase classname="com.topcoder.confluence.webservice.bean.ConfluenceManagementServiceBeanFailureTests" name="testRetrievePage2NullPageName" time="0.016" />
  <testcase classname="com.topcoder.confluence.webservice.bean.ConfluenceManagementServiceBeanFailureTests" name="testRetrievePage2EmptyPageName" time="0.109" />
  <testcase classname="com.topcoder.confluence.webservice.bean.ConfluenceManagementServiceBeanFailureTests" name="testRetrievePage2NullVersion" time="0.016" />
  <testcase classname="com.topcoder.confluence.webservice.bean.ConfluenceManagementServiceBeanFailureTests" name="testRetrievePage2EmptyVersion" time="0.031" />
  <testcase classname="com.topcoder.confluence.webservice.bean.ConfluenceManagementServiceBeanFailureTests" name="testRetrievePage2NullAssertType" time="0.016" />
  <testcase classname="com.topcoder.confluence.webservice.bean.ConfluenceManagementServiceBeanFailureTests" name="testRetrievePage2NullCatalog" time="0.031" />
  <testcase classname="com.topcoder.confluence.webservice.bean.ConfluenceManagementServiceBeanFailureTests" name="testRetrievePage2NullString" time="0.031" />
  <testcase classname="com.topcoder.confluence.webservice.failuretests.ConfluenceManagementServiceClientFailureTests" name="testCtor1NullStringWsdlDocumentLocation" time="0.0" />
  <testcase classname="com.topcoder.confluence.webservice.failuretests.ConfluenceManagementServiceClientFailureTests" name="testCtor1EmptyStringWsdlDocumentLocation" time="0.0" />
  <testcase classname="com.topcoder.confluence.webservice.failuretests.ConfluenceManagementServiceClientFailureTests" name="testCtor2NullURLWsdlDocumentLocation" time="0.0" />
  <testcase classname="com.topcoder.confluence.webservice.failuretests.ConfluenceManagementServiceClientFailureTests" name="testCtor3NullURLWsdlDocumentLocation" time="0.0" />
  <testcase classname="com.topcoder.confluence.webservice.failuretests.ConfluenceManagementServiceClientFailureTests" name="testCtor3NullServiceName" time="0.0" />
  <testcase classname="com.topcoder.confluence.webservice.failuretests.ConfluenceManagerWebServiceDelegateFailureTests" name="testCtor1NullFilename" time="0.0" />
  <testcase classname="com.topcoder.confluence.webservice.failuretests.ConfluenceManagerWebServiceDelegateFailureTests" name="testCtor1EmptyFilename" time="0.0" />
  <testcase classname="com.topcoder.confluence.webservice.failuretests.ConfluenceManagerWebServiceDelegateFailureTests" name="testCtor1NullNamespace" time="0.0" />
  <testcase classname="com.topcoder.confluence.webservice.failuretests.ConfluenceManagerWebServiceDelegateFailureTests" name="testCtor1EmptyNamespace" time="0.0" />
  <testcase classname="com.topcoder.confluence.webservice.failuretests.ConfluenceManagerWebServiceDelegateFailureTests" name="testCtor2NullConfigurationObject" time="0.0" />
  <testcase classname="com.topcoder.confluence.webservice.failuretests.ConfluenceManagerWebServiceDelegateFailureTests" name="testCtor3NullServiceClient" time="0.0" />
  <testcase classname="com.topcoder.confluence.webservice.accuracytests.ConfluenceManagementServiceBeanAccuracyTest" name="testCtorAccuracy" time="0.031" />
  <testcase classname="com.topcoder.confluence.webservice.accuracytests.ConfluenceManagementServiceBeanAccuracyTest" name="testInitializeAccuracy" time="0.047" />
  <testcase classname="com.topcoder.confluence.webservice.accuracytests.ConfluenceManagementServiceBeanAccuracyTest" name="testLoginAccuracy" time="0.016" />
  <testcase classname="com.topcoder.confluence.webservice.accuracytests.ConfluenceManagementServiceBeanAccuracyTest" name="testLogoutAccuracy" time="0.031" />
  <testcase classname="com.topcoder.confluence.webservice.accuracytests.ConfluenceManagementServiceBeanAccuracyTest" name="testCreatePage1Accuracy" time="0.016" />
  <testcase classname="com.topcoder.confluence.webservice.accuracytests.ConfluenceManagementServiceBeanAccuracyTest" name="testCreatePage2Accuracy" time="0.031" />
  <testcase classname="com.topcoder.confluence.webservice.accuracytests.ConfluenceManagementServiceBeanAccuracyTest" name="testCreatePage3Accuracy" time="0.016" />
  <testcase classname="com.topcoder.confluence.webservice.accuracytests.ConfluenceManagementServiceBeanAccuracyTest" name="testRetrievePage1Accuracy" time="0.015" />
  <testcase classname="com.topcoder.confluence.webservice.accuracytests.ConfluenceManagementServiceBeanAccuracyTest" name="testRetrievePage2Accuracy" time="0.032" />
  <testcase classname="com.topcoder.confluence.webservice.accuracytests.ConfluenceManagerWebServiceDelegateAccuracyTest" name="testCtor1Accuracy" time="0.531" />
  <testcase classname="com.topcoder.confluence.webservice.accuracytests.ConfluenceManagerWebServiceDelegateAccuracyTest" name="testCtor2Accuracy" time="0.453" />
  <testcase classname="com.topcoder.confluence.webservice.accuracytests.ConfluenceManagerWebServiceDelegateAccuracyTest" name="testCtor3Accuracy" time="0.469" />
  <testcase classname="com.topcoder.confluence.webservice.accuracytests.ConfluenceManagerWebServiceDelegateAccuracyTest" name="testLoginAccuracy" time="0.281" />
  <testcase classname="com.topcoder.confluence.webservice.accuracytests.ConfluenceManagerWebServiceDelegateAccuracyTest" name="testLogoutAccuracy" time="0.203" />
  <testcase classname="com.topcoder.confluence.webservice.accuracytests.ConfluenceManagerWebServiceDelegateAccuracyTest" name="testCreatePage1Accuracy" time="0.219" />
  <testcase classname="com.topcoder.confluence.webservice.accuracytests.ConfluenceManagerWebServiceDelegateAccuracyTest" name="testCreatePage2Accuracy" time="0.281" />
  <testcase classname="com.topcoder.confluence.webservice.accuracytests.ConfluenceManagerWebServiceDelegateAccuracyTest" name="testCreatePage3Accuracy" time="0.203" />
  <testcase classname="com.topcoder.confluence.webservice.accuracytests.ConfluenceManagerWebServiceDelegateAccuracyTest" name="testRetrievePage1Accuracy" time="0.203" />
  <testcase classname="com.topcoder.confluence.webservice.accuracytests.ConfluenceManagerWebServiceDelegateAccuracyTest" name="testRetrievePage2Accuracy" time="0.203" />
  <testcase classname="com.topcoder.confluence.webservice.accuracytests.ConfluenceManagerWebServiceDelegateAccuracyTest" name="testCtor4Accuracy1" time="0.422" />
  <testcase classname="com.topcoder.confluence.webservice.accuracytests.ConfluenceManagerWebServiceDelegateAccuracyTest" name="testCtor4Accuracy2" time="0.328" />
  <testcase classname="com.topcoder.confluence.webservice.accuracytests.ConfluenceManagementServiceClientAccuracyTest" name="testCtor1Accuracy" time="0.141" />
  <testcase classname="com.topcoder.confluence.webservice.accuracytests.ConfluenceManagementServiceClientAccuracyTest" name="testCtor2Accuracy" time="0.156" />
  <testcase classname="com.topcoder.confluence.webservice.accuracytests.ConfluenceManagementServiceClientAccuracyTest" name="testCtor3Accuracy" time="0.25" />
  <testcase classname="com.topcoder.confluence.webservice.accuracytests.ConfluenceManagementServiceClientAccuracyTest" name="testGetConfluenceManagementServicePortAccuracy" time="0.313" />
  <testcase classname="com.topcoder.confluence.webservice.stresstests.ConfluenceManagementServiceStressTest" name="testConfluenceManagementService" time="28.375" />
  <system-out><![CDATA[[Entering method {com.topcoder.confluence.webservice.bean.ConfluenceManagementServiceBean.login}]
[Input parameters[{userName}:{userName},{password}:{password}]]
[Exiting method {com.topcoder.confluence.webservice.bean.ConfluenceManagementServiceBean.login}]
[Output parameter {tokentoken}]
[Entering method {com.topcoder.confluence.webservice.bean.ConfluenceManagementServiceBean.login}]
[Input parameters[{userName}:{},{password}:{password}]]
[Error in method {com.topcoder.confluence.webservice.bean.ConfluenceManagementServiceBean.login}:Details {userName should not be null.}]
java.lang.IllegalArgumentException: userName should not be null.
	at com.topcoder.confluence.webservice.Helper.checkNullAndLog(Helper.java:395)
	at com.topcoder.confluence.webservice.Helper.checkStringNullOrEmptyAndLog(Helper.java:419)
	at com.topcoder.confluence.webservice.bean.ConfluenceManagementServiceBean.login(ConfluenceManagementServiceBean.java:360)
	at com.topcoder.confluence.webservice.bean.ConfluenceManagementServiceBeanTests.test_login_Failure1(ConfluenceManagementServiceBeanTests.java:405)
	at sun.reflect.NativeMethodAccessorImpl.invoke0(Native Method)
	at sun.reflect.NativeMethodAccessorImpl.invoke(Unknown Source)
	at sun.reflect.DelegatingMethodAccessorImpl.invoke(Unknown Source)
	at java.lang.reflect.Method.invoke(Unknown Source)
	at junit.framework.TestCase.runTest(TestCase.java:168)
	at junit.framework.TestCase.runBare(TestCase.java:134)
	at junit.framework.TestResult$1.protect(TestResult.java:110)
	at junit.framework.TestResult.runProtected(TestResult.java:128)
	at junit.framework.TestResult.run(TestResult.java:113)
	at junit.framework.TestCase.run(TestCase.java:124)
	at junit.framework.TestSuite.runTest(TestSuite.java:232)
	at junit.framework.TestSuite.run(TestSuite.java:227)
	at junit.framework.TestSuite.runTest(TestSuite.java:232)
	at junit.framework.TestSuite.run(TestSuite.java:227)
	at junit.framework.TestSuite.runTest(TestSuite.java:232)
	at junit.framework.TestSuite.run(TestSuite.java:227)
	at org.apache.tools.ant.taskdefs.optional.junit.JUnitTestRunner.run(JUnitTestRunner.java:421)
	at org.apache.tools.ant.taskdefs.optional.junit.JUnitTestRunner.launch(JUnitTestRunner.java:912)
	at org.apache.tools.ant.taskdefs.optional.junit.JUnitTestRunner.main(JUnitTestRunner.java:766)
[Entering method {com.topcoder.confluence.webservice.bean.ConfluenceManagementServiceBean.login}]
[Input parameters[{userName}:{  },{password}:{password}]]
[Error in method {com.topcoder.confluence.webservice.bean.ConfluenceManagementServiceBean.login}:Details {userName should not be empty.}]
java.lang.IllegalArgumentException: userName should not be empty.
	at com.topcoder.confluence.webservice.Helper.checkStringNullOrEmptyAndLog(Helper.java:422)
	at com.topcoder.confluence.webservice.bean.ConfluenceManagementServiceBean.login(ConfluenceManagementServiceBean.java:360)
	at com.topcoder.confluence.webservice.bean.ConfluenceManagementServiceBeanTests.test_login_Failure2(ConfluenceManagementServiceBeanTests.java:424)
	at sun.reflect.NativeMethodAccessorImpl.invoke0(Native Method)
	at sun.reflect.NativeMethodAccessorImpl.invoke(Unknown Source)
	at sun.reflect.DelegatingMethodAccessorImpl.invoke(Unknown Source)
	at java.lang.reflect.Method.invoke(Unknown Source)
	at junit.framework.TestCase.runTest(TestCase.java:168)
	at junit.framework.TestCase.runBare(TestCase.java:134)
	at junit.framework.TestResult$1.protect(TestResult.java:110)
	at junit.framework.TestResult.runProtected(TestResult.java:128)
	at junit.framework.TestResult.run(TestResult.java:113)
	at junit.framework.TestCase.run(TestCase.java:124)
	at junit.framework.TestSuite.runTest(TestSuite.java:232)
	at junit.framework.TestSuite.run(TestSuite.java:227)
	at junit.framework.TestSuite.runTest(TestSuite.java:232)
	at junit.framework.TestSuite.run(TestSuite.java:227)
	at junit.framework.TestSuite.runTest(TestSuite.java:232)
	at junit.framework.TestSuite.run(TestSuite.java:227)
	at org.apache.tools.ant.taskdefs.optional.junit.JUnitTestRunner.run(JUnitTestRunner.java:421)
	at org.apache.tools.ant.taskdefs.optional.junit.JUnitTestRunner.launch(JUnitTestRunner.java:912)
	at org.apache.tools.ant.taskdefs.optional.junit.JUnitTestRunner.main(JUnitTestRunner.java:766)
[Entering method {com.topcoder.confluence.webservice.bean.ConfluenceManagementServiceBean.login}]
[Input parameters[{userName}:{userName},{password}:{}]]
[Error in method {com.topcoder.confluence.webservice.bean.ConfluenceManagementServiceBean.login}:Details {password should not be null.}]
java.lang.IllegalArgumentException: password should not be null.
	at com.topcoder.confluence.webservice.Helper.checkNullAndLog(Helper.java:395)
	at com.topcoder.confluence.webservice.Helper.checkStringNullOrEmptyAndLog(Helper.java:419)
	at com.topcoder.confluence.webservice.bean.ConfluenceManagementServiceBean.login(ConfluenceManagementServiceBean.java:361)
	at com.topcoder.confluence.webservice.bean.ConfluenceManagementServiceBeanTests.test_login_Failure3(ConfluenceManagementServiceBeanTests.java:443)
	at sun.reflect.NativeMethodAccessorImpl.invoke0(Native Method)
	at sun.reflect.NativeMethodAccessorImpl.invoke(Unknown Source)
	at sun.reflect.DelegatingMethodAccessorImpl.invoke(Unknown Source)
	at java.lang.reflect.Method.invoke(Unknown Source)
	at junit.framework.TestCase.runTest(TestCase.java:168)
	at junit.framework.TestCase.runBare(TestCase.java:134)
	at junit.framework.TestResult$1.protect(TestResult.java:110)
	at junit.framework.TestResult.runProtected(TestResult.java:128)
	at junit.framework.TestResult.run(TestResult.java:113)
	at junit.framework.TestCase.run(TestCase.java:124)
	at junit.framework.TestSuite.runTest(TestSuite.java:232)
	at junit.framework.TestSuite.run(TestSuite.java:227)
	at junit.framework.TestSuite.runTest(TestSuite.java:232)
	at junit.framework.TestSuite.run(TestSuite.java:227)
	at junit.framework.TestSuite.runTest(TestSuite.java:232)
	at junit.framework.TestSuite.run(TestSuite.java:227)
	at org.apache.tools.ant.taskdefs.optional.junit.JUnitTestRunner.run(JUnitTestRunner.java:421)
	at org.apache.tools.ant.taskdefs.optional.junit.JUnitTestRunner.launch(JUnitTestRunner.java:912)
	at org.apache.tools.ant.taskdefs.optional.junit.JUnitTestRunner.main(JUnitTestRunner.java:766)
[Entering method {com.topcoder.confluence.webservice.bean.ConfluenceManagementServiceBean.login}]
[Input parameters[{userName}:{userName},{password}:{  }]]
[Error in method {com.topcoder.confluence.webservice.bean.ConfluenceManagementServiceBean.login}:Details {password should not be empty.}]
java.lang.IllegalArgumentException: password should not be empty.
	at com.topcoder.confluence.webservice.Helper.checkStringNullOrEmptyAndLog(Helper.java:422)
	at com.topcoder.confluence.webservice.bean.ConfluenceManagementServiceBean.login(ConfluenceManagementServiceBean.java:361)
	at com.topcoder.confluence.webservice.bean.ConfluenceManagementServiceBeanTests.test_login_Failure4(ConfluenceManagementServiceBeanTests.java:462)
	at sun.reflect.NativeMethodAccessorImpl.invoke0(Native Method)
	at sun.reflect.NativeMethodAccessorImpl.invoke(Unknown Source)
	at sun.reflect.DelegatingMethodAccessorImpl.invoke(Unknown Source)
	at java.lang.reflect.Method.invoke(Unknown Source)
	at junit.framework.TestCase.runTest(TestCase.java:168)
	at junit.framework.TestCase.runBare(TestCase.java:134)
	at junit.framework.TestResult$1.protect(TestResult.java:110)
	at junit.framework.TestResult.runProtected(TestResult.java:128)
	at junit.framework.TestResult.run(TestResult.java:113)
	at junit.framework.TestCase.run(TestCase.java:124)
	at junit.framework.TestSuite.runTest(TestSuite.java:232)
	at junit.framework.TestSuite.run(TestSuite.java:227)
	at junit.framework.TestSuite.runTest(TestSuite.java:232)
	at junit.framework.TestSuite.run(TestSuite.java:227)
	at junit.framework.TestSuite.runTest(TestSuite.java:232)
	at junit.framework.TestSuite.run(TestSuite.java:227)
	at org.apache.tools.ant.taskdefs.optional.junit.JUnitTestRunner.run(JUnitTestRunner.java:421)
	at org.apache.tools.ant.taskdefs.optional.junit.JUnitTestRunner.launch(JUnitTestRunner.java:912)
	at org.apache.tools.ant.taskdefs.optional.junit.JUnitTestRunner.main(JUnitTestRunner.java:766)
[Entering method {com.topcoder.confluence.webservice.bean.ConfluenceManagementServiceBean.login}]
[Input parameters[{userName}:{userName},{password}:{password}]]
[Error in method {com.topcoder.confluence.webservice.bean.ConfluenceManagementServiceBean.login}:Details {Confluence authentication failed when calling method named-com.topcoder.confluence.webservice.bean.ConfluenceManagementServiceBean.login.}]
com.topcoder.confluence.webservice.ConfluenceManagementServiceAuthenticationFailedException: Confluence authentication failed when calling method named-com.topcoder.confluence.webservice.bean.ConfluenceManagementServiceBean.login.
	at com.topcoder.confluence.webservice.bean.ConfluenceManagementServiceBean.logConfluenceException(ConfluenceManagementServiceBean.java:310)
	at com.topcoder.confluence.webservice.bean.ConfluenceManagementServiceBean.login(ConfluenceManagementServiceBean.java:370)
	at com.topcoder.confluence.webservice.bean.ConfluenceManagementServiceBeanTests.test_login_Failure5(ConfluenceManagementServiceBeanTests.java:483)
	at sun.reflect.NativeMethodAccessorImpl.invoke0(Native Method)
	at sun.reflect.NativeMethodAccessorImpl.invoke(Unknown Source)
	at sun.reflect.DelegatingMethodAccessorImpl.invoke(Unknown Source)
	at java.lang.reflect.Method.invoke(Unknown Source)
	at junit.framework.TestCase.runTest(TestCase.java:168)
	at junit.framework.TestCase.runBare(TestCase.java:134)
	at junit.framework.TestResult$1.protect(TestResult.java:110)
	at junit.framework.TestResult.runProtected(TestResult.java:128)
	at junit.framework.TestResult.run(TestResult.java:113)
	at junit.framework.TestCase.run(TestCase.java:124)
	at junit.framework.TestSuite.runTest(TestSuite.java:232)
	at junit.framework.TestSuite.run(TestSuite.java:227)
	at junit.framework.TestSuite.runTest(TestSuite.java:232)
	at junit.framework.TestSuite.run(TestSuite.java:227)
	at junit.framework.TestSuite.runTest(TestSuite.java:232)
	at junit.framework.TestSuite.run(TestSuite.java:227)
	at org.apache.tools.ant.taskdefs.optional.junit.JUnitTestRunner.run(JUnitTestRunner.java:421)
	at org.apache.tools.ant.taskdefs.optional.junit.JUnitTestRunner.launch(JUnitTestRunner.java:912)
	at org.apache.tools.ant.taskdefs.optional.junit.JUnitTestRunner.main(JUnitTestRunner.java:766)
[Entering method {com.topcoder.confluence.webservice.bean.ConfluenceManagementServiceBean.login}]
[Input parameters[{userName}:{userName},{password}:{password}]]
[Error in method {com.topcoder.confluence.webservice.bean.ConfluenceManagementServiceBean.login}:Details {Confluence connection error occured when calling method named-com.topcoder.confluence.webservice.bean.ConfluenceManagementServiceBean.login.}]
com.topcoder.confluence.webservice.ConfluenceManagementServiceConnectionException: Confluence connection error occured when calling method named-com.topcoder.confluence.webservice.bean.ConfluenceManagementServiceBean.login.
	at com.topcoder.confluence.webservice.bean.ConfluenceManagementServiceBean.logConfluenceException(ConfluenceManagementServiceBean.java:302)
	at com.topcoder.confluence.webservice.bean.ConfluenceManagementServiceBean.login(ConfluenceManagementServiceBean.java:370)
	at com.topcoder.confluence.webservice.bean.ConfluenceManagementServiceBeanTests.test_login_Failure6(ConfluenceManagementServiceBeanTests.java:506)
	at sun.reflect.NativeMethodAccessorImpl.invoke0(Native Method)
	at sun.reflect.NativeMethodAccessorImpl.invoke(Unknown Source)
	at sun.reflect.DelegatingMethodAccessorImpl.invoke(Unknown Source)
	at java.lang.reflect.Method.invoke(Unknown Source)
	at junit.framework.TestCase.runTest(TestCase.java:168)
	at junit.framework.TestCase.runBare(TestCase.java:134)
	at junit.framework.TestResult$1.protect(TestResult.java:110)
	at junit.framework.TestResult.runProtected(TestResult.java:128)
	at junit.framework.TestResult.run(TestResult.java:113)
	at junit.framework.TestCase.run(TestCase.java:124)
	at junit.framework.TestSuite.runTest(TestSuite.java:232)
	at junit.framework.TestSuite.run(TestSuite.java:227)
	at junit.framework.TestSuite.runTest(TestSuite.java:232)
	at junit.framework.TestSuite.run(TestSuite.java:227)
	at junit.framework.TestSuite.runTest(TestSuite.java:232)
	at junit.framework.TestSuite.run(TestSuite.java:227)
	at org.apache.tools.ant.taskdefs.optional.junit.JUnitTestRunner.run(JUnitTestRunner.java:421)
	at org.apache.tools.ant.taskdefs.optional.junit.JUnitTestRunner.launch(JUnitTestRunner.java:912)
	at org.apache.tools.ant.taskdefs.optional.junit.JUnitTestRunner.main(JUnitTestRunner.java:766)
[Entering method {com.topcoder.confluence.webservice.bean.ConfluenceManagementServiceBean.login}]
[Input parameters[{userName}:{userName},{password}:{password}]]
[Error in method {com.topcoder.confluence.webservice.bean.ConfluenceManagementServiceBean.login}:Details {Any confluence manager error occured when calling method named-com.topcoder.confluence.webservice.bean.ConfluenceManagementServiceBean.login.}]
com.topcoder.confluence.webservice.ConfluenceManagementServiceException: Any confluence manager error occured when calling method named-com.topcoder.confluence.webservice.bean.ConfluenceManagementServiceBean.login.
	at com.topcoder.confluence.webservice.bean.ConfluenceManagementServiceBean.logConfluenceException(ConfluenceManagementServiceBean.java:325)
	at com.topcoder.confluence.webservice.bean.ConfluenceManagementServiceBean.login(ConfluenceManagementServiceBean.java:370)
	at com.topcoder.confluence.webservice.bean.ConfluenceManagementServiceBeanTests.test_login_Failure7(ConfluenceManagementServiceBeanTests.java:529)
	at sun.reflect.NativeMethodAccessorImpl.invoke0(Native Method)
	at sun.reflect.NativeMethodAccessorImpl.invoke(Unknown Source)
	at sun.reflect.DelegatingMethodAccessorImpl.invoke(Unknown Source)
	at java.lang.reflect.Method.invoke(Unknown Source)
	at junit.framework.TestCase.runTest(TestCase.java:168)
	at junit.framework.TestCase.runBare(TestCase.java:134)
	at junit.framework.TestResult$1.protect(TestResult.java:110)
	at junit.framework.TestResult.runProtected(TestResult.java:128)
	at junit.framework.TestResult.run(TestResult.java:113)
	at junit.framework.TestCase.run(TestCase.java:124)
	at junit.framework.TestSuite.runTest(TestSuite.java:232)
	at junit.framework.TestSuite.run(TestSuite.java:227)
	at junit.framework.TestSuite.runTest(TestSuite.java:232)
	at junit.framework.TestSuite.run(TestSuite.java:227)
	at junit.framework.TestSuite.runTest(TestSuite.java:232)
	at junit.framework.TestSuite.run(TestSuite.java:227)
	at org.apache.tools.ant.taskdefs.optional.junit.JUnitTestRunner.run(JUnitTestRunner.java:421)
	at org.apache.tools.ant.taskdefs.optional.junit.JUnitTestRunner.launch(JUnitTestRunner.java:912)
	at org.apache.tools.ant.taskdefs.optional.junit.JUnitTestRunner.main(JUnitTestRunner.java:766)
[Entering method {com.topcoder.confluence.webservice.bean.ConfluenceManagementServiceBean.logout}]
[Input parameters[{token}:{  }]]
[Exiting method {com.topcoder.confluence.webservice.bean.ConfluenceManagementServiceBean.logout}]
[Entering method {com.topcoder.confluence.webservice.bean.ConfluenceManagementServiceBean.logout}]
[Input parameters[{token}:{}]]
[Error in method {com.topcoder.confluence.webservice.bean.ConfluenceManagementServiceBean.logout}:Details {token should not be null.}]
java.lang.IllegalArgumentException: token should not be null.
	at com.topcoder.confluence.webservice.Helper.checkNullAndLog(Helper.java:395)
	at com.topcoder.confluence.webservice.bean.ConfluenceManagementServiceBean.logout(ConfluenceManagementServiceBean.java:401)
	at com.topcoder.confluence.webservice.bean.ConfluenceManagementServiceBeanTests.test_logout_Failure1(ConfluenceManagementServiceBeanTests.java:566)
	at sun.reflect.NativeMethodAccessorImpl.invoke0(Native Method)
	at sun.reflect.NativeMethodAccessorImpl.invoke(Unknown Source)
	at sun.reflect.DelegatingMethodAccessorImpl.invoke(Unknown Source)
	at java.lang.reflect.Method.invoke(Unknown Source)
	at junit.framework.TestCase.runTest(TestCase.java:168)
	at junit.framework.TestCase.runBare(TestCase.java:134)
	at junit.framework.TestResult$1.protect(TestResult.java:110)
	at junit.framework.TestResult.runProtected(TestResult.java:128)
	at junit.framework.TestResult.run(TestResult.java:113)
	at junit.framework.TestCase.run(TestCase.java:124)
	at junit.framework.TestSuite.runTest(TestSuite.java:232)
	at junit.framework.TestSuite.run(TestSuite.java:227)
	at junit.framework.TestSuite.runTest(TestSuite.java:232)
	at junit.framework.TestSuite.run(TestSuite.java:227)
	at junit.framework.TestSuite.runTest(TestSuite.java:232)
	at junit.framework.TestSuite.run(TestSuite.java:227)
	at org.apache.tools.ant.taskdefs.optional.junit.JUnitTestRunner.run(JUnitTestRunner.java:421)
	at org.apache.tools.ant.taskdefs.optional.junit.JUnitTestRunner.launch(JUnitTestRunner.java:912)
	at org.apache.tools.ant.taskdefs.optional.junit.JUnitTestRunner.main(JUnitTestRunner.java:766)
[Entering method {com.topcoder.confluence.webservice.bean.ConfluenceManagementServiceBean.logout}]
[Input parameters[{token}:{token}]]
[Error in method {com.topcoder.confluence.webservice.bean.ConfluenceManagementServiceBean.logout}:Details {Confluence connection error occured when calling method named-com.topcoder.confluence.webservice.bean.ConfluenceManagementServiceBean.logout.}]
com.topcoder.confluence.webservice.ConfluenceManagementServiceConnectionException: Confluence connection error occured when calling method named-com.topcoder.confluence.webservice.bean.ConfluenceManagementServiceBean.logout.
	at com.topcoder.confluence.webservice.bean.ConfluenceManagementServiceBean.logConfluenceException(ConfluenceManagementServiceBean.java:302)
	at com.topcoder.confluence.webservice.bean.ConfluenceManagementServiceBean.logout(ConfluenceManagementServiceBean.java:411)
	at com.topcoder.confluence.webservice.bean.ConfluenceManagementServiceBeanTests.test_logout_Failure2(ConfluenceManagementServiceBeanTests.java:587)
	at sun.reflect.NativeMethodAccessorImpl.invoke0(Native Method)
	at sun.reflect.NativeMethodAccessorImpl.invoke(Unknown Source)
	at sun.reflect.DelegatingMethodAccessorImpl.invoke(Unknown Source)
	at java.lang.reflect.Method.invoke(Unknown Source)
	at junit.framework.TestCase.runTest(TestCase.java:168)
	at junit.framework.TestCase.runBare(TestCase.java:134)
	at junit.framework.TestResult$1.protect(TestResult.java:110)
	at junit.framework.TestResult.runProtected(TestResult.java:128)
	at junit.framework.TestResult.run(TestResult.java:113)
	at junit.framework.TestCase.run(TestCase.java:124)
	at junit.framework.TestSuite.runTest(TestSuite.java:232)
	at junit.framework.TestSuite.run(TestSuite.java:227)
	at junit.framework.TestSuite.runTest(TestSuite.java:232)
	at junit.framework.TestSuite.run(TestSuite.java:227)
	at junit.framework.TestSuite.runTest(TestSuite.java:232)
	at junit.framework.TestSuite.run(TestSuite.java:227)
	at org.apache.tools.ant.taskdefs.optional.junit.JUnitTestRunner.run(JUnitTestRunner.java:421)
	at org.apache.tools.ant.taskdefs.optional.junit.JUnitTestRunner.launch(JUnitTestRunner.java:912)
	at org.apache.tools.ant.taskdefs.optional.junit.JUnitTestRunner.main(JUnitTestRunner.java:766)
[Entering method {com.topcoder.confluence.webservice.bean.ConfluenceManagementServiceBean.logout}]
[Input parameters[{token}:{token}]]
[Error in method {com.topcoder.confluence.webservice.bean.ConfluenceManagementServiceBean.logout}:Details {Any confluence manager error occured when calling method named-com.topcoder.confluence.webservice.bean.ConfluenceManagementServiceBean.logout.}]
com.topcoder.confluence.webservice.ConfluenceManagementServiceException: Any confluence manager error occured when calling method named-com.topcoder.confluence.webservice.bean.ConfluenceManagementServiceBean.logout.
	at com.topcoder.confluence.webservice.bean.ConfluenceManagementServiceBean.logConfluenceException(ConfluenceManagementServiceBean.java:325)
	at com.topcoder.confluence.webservice.bean.ConfluenceManagementServiceBean.logout(ConfluenceManagementServiceBean.java:411)
	at com.topcoder.confluence.webservice.bean.ConfluenceManagementServiceBeanTests.test_logout_Failure3(ConfluenceManagementServiceBeanTests.java:610)
	at sun.reflect.NativeMethodAccessorImpl.invoke0(Native Method)
	at sun.reflect.NativeMethodAccessorImpl.invoke(Unknown Source)
	at sun.reflect.DelegatingMethodAccessorImpl.invoke(Unknown Source)
	at java.lang.reflect.Method.invoke(Unknown Source)
	at junit.framework.TestCase.runTest(TestCase.java:168)
	at junit.framework.TestCase.runBare(TestCase.java:134)
	at junit.framework.TestResult$1.protect(TestResult.java:110)
	at junit.framework.TestResult.runProtected(TestResult.java:128)
	at junit.framework.TestResult.run(TestResult.java:113)
	at junit.framework.TestCase.run(TestCase.java:124)
	at junit.framework.TestSuite.runTest(TestSuite.java:232)
	at junit.framework.TestSuite.run(TestSuite.java:227)
	at junit.framework.TestSuite.runTest(TestSuite.java:232)
	at junit.framework.TestSuite.run(TestSuite.java:227)
	at junit.framework.TestSuite.runTest(TestSuite.java:232)
	at junit.framework.TestSuite.run(TestSuite.java:227)
	at org.apache.tools.ant.taskdefs.optional.junit.JUnitTestRunner.run(JUnitTestRunner.java:421)
	at org.apache.tools.ant.taskdefs.optional.junit.JUnitTestRunner.launch(JUnitTestRunner.java:912)
	at org.apache.tools.ant.taskdefs.optional.junit.JUnitTestRunner.main(JUnitTestRunner.java:766)
[Entering method {com.topcoder.confluence.webservice.bean.ConfluenceManagementServiceBean.logout}]
[Input parameters[{token}:{token}]]
[Error in method {com.topcoder.confluence.webservice.bean.ConfluenceManagementServiceBean.logout}:Details {Confluence authorization failed when calling method named-com.topcoder.confluence.webservice.bean.ConfluenceManagementServiceBean.logout.}]
com.topcoder.confluence.webservice.ConfluenceManagementServiceNotAuthorizedException: Confluence authorization failed when calling method named-com.topcoder.confluence.webservice.bean.ConfluenceManagementServiceBean.logout.
	at com.topcoder.confluence.webservice.bean.ConfluenceManagementServiceBean.logConfluenceException(ConfluenceManagementServiceBean.java:318)
	at com.topcoder.confluence.webservice.bean.ConfluenceManagementServiceBean.logout(ConfluenceManagementServiceBean.java:411)
	at com.topcoder.confluence.webservice.bean.ConfluenceManagementServiceBeanTests.test_logout_Failure4(ConfluenceManagementServiceBeanTests.java:633)
	at sun.reflect.NativeMethodAccessorImpl.invoke0(Native Method)
	at sun.reflect.NativeMethodAccessorImpl.invoke(Unknown Source)
	at sun.reflect.DelegatingMethodAccessorImpl.invoke(Unknown Source)
	at java.lang.reflect.Method.invoke(Unknown Source)
	at junit.framework.TestCase.runTest(TestCase.java:168)
	at junit.framework.TestCase.runBare(TestCase.java:134)
	at junit.framework.TestResult$1.protect(TestResult.java:110)
	at junit.framework.TestResult.runProtected(TestResult.java:128)
	at junit.framework.TestResult.run(TestResult.java:113)
	at junit.framework.TestCase.run(TestCase.java:124)
	at junit.framework.TestSuite.runTest(TestSuite.java:232)
	at junit.framework.TestSuite.run(TestSuite.java:227)
	at junit.framework.TestSuite.runTest(TestSuite.java:232)
	at junit.framework.TestSuite.run(TestSuite.java:227)
	at junit.framework.TestSuite.runTest(TestSuite.java:232)
	at junit.framework.TestSuite.run(TestSuite.java:227)
	at org.apache.tools.ant.taskdefs.optional.junit.JUnitTestRunner.run(JUnitTestRunner.java:421)
	at org.apache.tools.ant.taskdefs.optional.junit.JUnitTestRunner.launch(JUnitTestRunner.java:912)
	at org.apache.tools.ant.taskdefs.optional.junit.JUnitTestRunner.main(JUnitTestRunner.java:766)
[Entering method {com.topcoder.confluence.webservice.bean.ConfluenceManagementServiceBean.createPage}]
[Input parameters[{token}:{  },{page}:{basePageUrl:,versionUrl:,assetName:,version:,applicationCode:,content:,assetType:,catalog:,componentType:}]]
[Exiting method {com.topcoder.confluence.webservice.bean.ConfluenceManagementServiceBean.createPage}]
[Output parameter {page:[basePageUrl:,versionUrl:,assetName:,version:,applicationCode:,content:,assetType:,catalog:,componentType:], actionTaken:BASE_PAGE_AND_VERSION_CREATED}]
[Entering method {com.topcoder.confluence.webservice.bean.ConfluenceManagementServiceBean.createPage}]
[Input parameters[{token}:{},{page}:{basePageUrl:,versionUrl:,assetName:,version:,applicationCode:,content:,assetType:,catalog:,componentType:}]]
[Error in method {com.topcoder.confluence.webservice.bean.ConfluenceManagementServiceBean.createPage}:Details {token should not be null.}]
java.lang.IllegalArgumentException: token should not be null.
	at com.topcoder.confluence.webservice.Helper.checkNullAndLog(Helper.java:395)
	at com.topcoder.confluence.webservice.bean.ConfluenceManagementServiceBean.createPage(ConfluenceManagementServiceBean.java:560)
	at com.topcoder.confluence.webservice.bean.ConfluenceManagementServiceBeanTests.test_createPage_With_Page_Failure1(ConfluenceManagementServiceBeanTests.java:671)
	at sun.reflect.NativeMethodAccessorImpl.invoke0(Native Method)
	at sun.reflect.NativeMethodAccessorImpl.invoke(Unknown Source)
	at sun.reflect.DelegatingMethodAccessorImpl.invoke(Unknown Source)
	at java.lang.reflect.Method.invoke(Unknown Source)
	at junit.framework.TestCase.runTest(TestCase.java:168)
	at junit.framework.TestCase.runBare(TestCase.java:134)
	at junit.framework.TestResult$1.protect(TestResult.java:110)
	at junit.framework.TestResult.runProtected(TestResult.java:128)
	at junit.framework.TestResult.run(TestResult.java:113)
	at junit.framework.TestCase.run(TestCase.java:124)
	at junit.framework.TestSuite.runTest(TestSuite.java:232)
	at junit.framework.TestSuite.run(TestSuite.java:227)
	at junit.framework.TestSuite.runTest(TestSuite.java:232)
	at junit.framework.TestSuite.run(TestSuite.java:227)
	at junit.framework.TestSuite.runTest(TestSuite.java:232)
	at junit.framework.TestSuite.run(TestSuite.java:227)
	at org.apache.tools.ant.taskdefs.optional.junit.JUnitTestRunner.run(JUnitTestRunner.java:421)
	at org.apache.tools.ant.taskdefs.optional.junit.JUnitTestRunner.launch(JUnitTestRunner.java:912)
	at org.apache.tools.ant.taskdefs.optional.junit.JUnitTestRunner.main(JUnitTestRunner.java:766)
[Entering method {com.topcoder.confluence.webservice.bean.ConfluenceManagementServiceBean.createPage}]
[Input parameters[{token}:{  },{page}:{}]]
[Error in method {com.topcoder.confluence.webservice.bean.ConfluenceManagementServiceBean.createPage}:Details {page should not be null.}]
java.lang.IllegalArgumentException: page should not be null.
	at com.topcoder.confluence.webservice.Helper.checkNullAndLog(Helper.java:395)
	at com.topcoder.confluence.webservice.bean.ConfluenceManagementServiceBean.createPage(ConfluenceManagementServiceBean.java:561)
	at com.topcoder.confluence.webservice.bean.ConfluenceManagementServiceBeanTests.test_createPage_With_Page_Failure2(ConfluenceManagementServiceBeanTests.java:690)
	at sun.reflect.NativeMethodAccessorImpl.invoke0(Native Method)
	at sun.reflect.NativeMethodAccessorImpl.invoke(Unknown Source)
	at sun.reflect.DelegatingMethodAccessorImpl.invoke(Unknown Source)
	at java.lang.reflect.Method.invoke(Unknown Source)
	at junit.framework.TestCase.runTest(TestCase.java:168)
	at junit.framework.TestCase.runBare(TestCase.java:134)
	at junit.framework.TestResult$1.protect(TestResult.java:110)
	at junit.framework.TestResult.runProtected(TestResult.java:128)
	at junit.framework.TestResult.run(TestResult.java:113)
	at junit.framework.TestCase.run(TestCase.java:124)
	at junit.framework.TestSuite.runTest(TestSuite.java:232)
	at junit.framework.TestSuite.run(TestSuite.java:227)
	at junit.framework.TestSuite.runTest(TestSuite.java:232)
	at junit.framework.TestSuite.run(TestSuite.java:227)
	at junit.framework.TestSuite.runTest(TestSuite.java:232)
	at junit.framework.TestSuite.run(TestSuite.java:227)
	at org.apache.tools.ant.taskdefs.optional.junit.JUnitTestRunner.run(JUnitTestRunner.java:421)
	at org.apache.tools.ant.taskdefs.optional.junit.JUnitTestRunner.launch(JUnitTestRunner.java:912)
	at org.apache.tools.ant.taskdefs.optional.junit.JUnitTestRunner.main(JUnitTestRunner.java:766)
[Entering method {com.topcoder.confluence.webservice.bean.ConfluenceManagementServiceBean.createPage}]
[Input parameters[{token}:{  },{page}:{basePageUrl:,versionUrl:,assetName:,version:,applicationCode:,content:,assetType:,catalog:,componentType:}]]
[Error in method {com.topcoder.confluence.webservice.bean.ConfluenceManagementServiceBean.createPage}:Details {Confluence connection error occured when calling method named-com.topcoder.confluence.webservice.bean.ConfluenceManagementServiceBean.createPage.}]
com.topcoder.confluence.webservice.ConfluenceManagementServiceConnectionException: Confluence connection error occured when calling method named-com.topcoder.confluence.webservice.bean.ConfluenceManagementServiceBean.createPage.
	at com.topcoder.confluence.webservice.bean.ConfluenceManagementServiceBean.logConfluenceException(ConfluenceManagementServiceBean.java:302)
	at com.topcoder.confluence.webservice.bean.ConfluenceManagementServiceBean.createPage(ConfluenceManagementServiceBean.java:570)
	at com.topcoder.confluence.webservice.bean.ConfluenceManagementServiceBeanTests.test_createPage_With_Page_Failure3(ConfluenceManagementServiceBeanTests.java:711)
	at sun.reflect.NativeMethodAccessorImpl.invoke0(Native Method)
	at sun.reflect.NativeMethodAccessorImpl.invoke(Unknown Source)
	at sun.reflect.DelegatingMethodAccessorImpl.invoke(Unknown Source)
	at java.lang.reflect.Method.invoke(Unknown Source)
	at junit.framework.TestCase.runTest(TestCase.java:168)
	at junit.framework.TestCase.runBare(TestCase.java:134)
	at junit.framework.TestResult$1.protect(TestResult.java:110)
	at junit.framework.TestResult.runProtected(TestResult.java:128)
	at junit.framework.TestResult.run(TestResult.java:113)
	at junit.framework.TestCase.run(TestCase.java:124)
	at junit.framework.TestSuite.runTest(TestSuite.java:232)
	at junit.framework.TestSuite.run(TestSuite.java:227)
	at junit.framework.TestSuite.runTest(TestSuite.java:232)
	at junit.framework.TestSuite.run(TestSuite.java:227)
	at junit.framework.TestSuite.runTest(TestSuite.java:232)
	at junit.framework.TestSuite.run(TestSuite.java:227)
	at org.apache.tools.ant.taskdefs.optional.junit.JUnitTestRunner.run(JUnitTestRunner.java:421)
	at org.apache.tools.ant.taskdefs.optional.junit.JUnitTestRunner.launch(JUnitTestRunner.java:912)
	at org.apache.tools.ant.taskdefs.optional.junit.JUnitTestRunner.main(JUnitTestRunner.java:766)
[Entering method {com.topcoder.confluence.webservice.bean.ConfluenceManagementServiceBean.createPage}]
[Input parameters[{token}:{  },{page}:{basePageUrl:,versionUrl:,assetName:,version:,applicationCode:,content:,assetType:,catalog:,componentType:}]]
[Error in method {com.topcoder.confluence.webservice.bean.ConfluenceManagementServiceBean.createPage}:Details {Any confluence manager error occured when calling method named-com.topcoder.confluence.webservice.bean.ConfluenceManagementServiceBean.createPage.}]
com.topcoder.confluence.webservice.ConfluenceManagementServiceException: Any confluence manager error occured when calling method named-com.topcoder.confluence.webservice.bean.ConfluenceManagementServiceBean.createPage.
	at com.topcoder.confluence.webservice.bean.ConfluenceManagementServiceBean.logConfluenceException(ConfluenceManagementServiceBean.java:325)
	at com.topcoder.confluence.webservice.bean.ConfluenceManagementServiceBean.createPage(ConfluenceManagementServiceBean.java:570)
	at com.topcoder.confluence.webservice.bean.ConfluenceManagementServiceBeanTests.test_createPage_With_Page_Failure4(ConfluenceManagementServiceBeanTests.java:734)
	at sun.reflect.NativeMethodAccessorImpl.invoke0(Native Method)
	at sun.reflect.NativeMethodAccessorImpl.invoke(Unknown Source)
	at sun.reflect.DelegatingMethodAccessorImpl.invoke(Unknown Source)
	at java.lang.reflect.Method.invoke(Unknown Source)
	at junit.framework.TestCase.runTest(TestCase.java:168)
	at junit.framework.TestCase.runBare(TestCase.java:134)
	at junit.framework.TestResult$1.protect(TestResult.java:110)
	at junit.framework.TestResult.runProtected(TestResult.java:128)
	at junit.framework.TestResult.run(TestResult.java:113)
	at junit.framework.TestCase.run(TestCase.java:124)
	at junit.framework.TestSuite.runTest(TestSuite.java:232)
	at junit.framework.TestSuite.run(TestSuite.java:227)
	at junit.framework.TestSuite.runTest(TestSuite.java:232)
	at junit.framework.TestSuite.run(TestSuite.java:227)
	at junit.framework.TestSuite.runTest(TestSuite.java:232)
	at junit.framework.TestSuite.run(TestSuite.java:227)
	at org.apache.tools.ant.taskdefs.optional.junit.JUnitTestRunner.run(JUnitTestRunner.java:421)
	at org.apache.tools.ant.taskdefs.optional.junit.JUnitTestRunner.launch(JUnitTestRunner.java:912)
	at org.apache.tools.ant.taskdefs.optional.junit.JUnitTestRunner.main(JUnitTestRunner.java:766)
[Entering method {com.topcoder.confluence.webservice.bean.ConfluenceManagementServiceBean.createPage}]
[Input parameters[{token}:{  },{page}:{basePageUrl:,versionUrl:,assetName:,version:,applicationCode:,content:,assetType:,catalog:,componentType:}]]
[Error in method {com.topcoder.confluence.webservice.bean.ConfluenceManagementServiceBean.createPage}:Details {Confluence authorization failed when calling method named-com.topcoder.confluence.webservice.bean.ConfluenceManagementServiceBean.createPage.}]
com.topcoder.confluence.webservice.ConfluenceManagementServiceNotAuthorizedException: Confluence authorization failed when calling method named-com.topcoder.confluence.webservice.bean.ConfluenceManagementServiceBean.createPage.
	at com.topcoder.confluence.webservice.bean.ConfluenceManagementServiceBean.logConfluenceException(ConfluenceManagementServiceBean.java:318)
	at com.topcoder.confluence.webservice.bean.ConfluenceManagementServiceBean.createPage(ConfluenceManagementServiceBean.java:570)
	at com.topcoder.confluence.webservice.bean.ConfluenceManagementServiceBeanTests.test_createPage_With_Page_Failure5(ConfluenceManagementServiceBeanTests.java:757)
	at sun.reflect.NativeMethodAccessorImpl.invoke0(Native Method)
	at sun.reflect.NativeMethodAccessorImpl.invoke(Unknown Source)
	at sun.reflect.DelegatingMethodAccessorImpl.invoke(Unknown Source)
	at java.lang.reflect.Method.invoke(Unknown Source)
	at junit.framework.TestCase.runTest(TestCase.java:168)
	at junit.framework.TestCase.runBare(TestCase.java:134)
	at junit.framework.TestResult$1.protect(TestResult.java:110)
	at junit.framework.TestResult.runProtected(TestResult.java:128)
	at junit.framework.TestResult.run(TestResult.java:113)
	at junit.framework.TestCase.run(TestCase.java:124)
	at junit.framework.TestSuite.runTest(TestSuite.java:232)
	at junit.framework.TestSuite.run(TestSuite.java:227)
	at junit.framework.TestSuite.runTest(TestSuite.java:232)
	at junit.framework.TestSuite.run(TestSuite.java:227)
	at junit.framework.TestSuite.runTest(TestSuite.java:232)
	at junit.framework.TestSuite.run(TestSuite.java:227)
	at org.apache.tools.ant.taskdefs.optional.junit.JUnitTestRunner.run(JUnitTestRunner.java:421)
	at org.apache.tools.ant.taskdefs.optional.junit.JUnitTestRunner.launch(JUnitTestRunner.java:912)
	at org.apache.tools.ant.taskdefs.optional.junit.JUnitTestRunner.main(JUnitTestRunner.java:766)
[Entering method {com.topcoder.confluence.webservice.bean.ConfluenceManagementServiceBean.createPage}]
[Input parameters[{token}:{ },{pageName}:{pageName},{version}:{1},{assetType}:{APPLICATION_ARCHITECTURE},{catalog}:{DOT_NET},{componentType}:{CUSTOM}]]
[Exiting method {com.topcoder.confluence.webservice.bean.ConfluenceManagementServiceBean.createPage}]
[Output parameter {page:[basePageUrl:pageNameUrl,versionUrl:,assetName:,version:1,applicationCode:,content:,assetType:APPLICATION_ARCHITECTURE,catalog:DOT_NET,componentType:CUSTOM], actionTaken:BASE_PAGE_AND_VERSION_CREATED}]
[Entering method {com.topcoder.confluence.webservice.bean.ConfluenceManagementServiceBean.createPage}]
[Input parameters[{token}:{},{pageName}:{page name},{version}:{3},{assetType}:{APPLICATION_ARCHITECTURE},{catalog}:{DOT_NET},{componentType}:{CUSTOM}]]
[Error in method {com.topcoder.confluence.webservice.bean.ConfluenceManagementServiceBean.createPage}:Details {token should not be null.}]
java.lang.IllegalArgumentException: token should not be null.
	at com.topcoder.confluence.webservice.Helper.checkNullAndLog(Helper.java:395)
	at com.topcoder.confluence.webservice.bean.ConfluenceManagementServiceBean.createPage(ConfluenceManagementServiceBean.java:454)
	at com.topcoder.confluence.webservice.bean.ConfluenceManagementServiceBeanTests.test_createPage_with_ComponentType_Failure1(ConfluenceManagementServiceBeanTests.java:804)
	at sun.reflect.NativeMethodAccessorImpl.invoke0(Native Method)
	at sun.reflect.NativeMethodAccessorImpl.invoke(Unknown Source)
	at sun.reflect.DelegatingMethodAccessorImpl.invoke(Unknown Source)
	at java.lang.reflect.Method.invoke(Unknown Source)
	at junit.framework.TestCase.runTest(TestCase.java:168)
	at junit.framework.TestCase.runBare(TestCase.java:134)
	at junit.framework.TestResult$1.protect(TestResult.java:110)
	at junit.framework.TestResult.runProtected(TestResult.java:128)
	at junit.framework.TestResult.run(TestResult.java:113)
	at junit.framework.TestCase.run(TestCase.java:124)
	at junit.framework.TestSuite.runTest(TestSuite.java:232)
	at junit.framework.TestSuite.run(TestSuite.java:227)
	at junit.framework.TestSuite.runTest(TestSuite.java:232)
	at junit.framework.TestSuite.run(TestSuite.java:227)
	at junit.framework.TestSuite.runTest(TestSuite.java:232)
	at junit.framework.TestSuite.run(TestSuite.java:227)
	at org.apache.tools.ant.taskdefs.optional.junit.JUnitTestRunner.run(JUnitTestRunner.java:421)
	at org.apache.tools.ant.taskdefs.optional.junit.JUnitTestRunner.launch(JUnitTestRunner.java:912)
	at org.apache.tools.ant.taskdefs.optional.junit.JUnitTestRunner.main(JUnitTestRunner.java:766)
[Entering method {com.topcoder.confluence.webservice.bean.ConfluenceManagementServiceBean.createPage}]
[Input parameters[{token}:{  },{pageName}:{},{version}:{3},{assetType}:{APPLICATION_ARCHITECTURE},{catalog}:{DOT_NET},{componentType}:{CUSTOM}]]
[Error in method {com.topcoder.confluence.webservice.bean.ConfluenceManagementServiceBean.createPage}:Details {pageName should not be null.}]
java.lang.IllegalArgumentException: pageName should not be null.
	at com.topcoder.confluence.webservice.Helper.checkNullAndLog(Helper.java:395)
	at com.topcoder.confluence.webservice.Helper.checkStringNullOrEmptyAndLog(Helper.java:419)
	at com.topcoder.confluence.webservice.bean.ConfluenceManagementServiceBean.createPage(ConfluenceManagementServiceBean.java:455)
	at com.topcoder.confluence.webservice.bean.ConfluenceManagementServiceBeanTests.test_createPage_with_ComponentType_Failure2(ConfluenceManagementServiceBeanTests.java:824)
	at sun.reflect.NativeMethodAccessorImpl.invoke0(Native Method)
	at sun.reflect.NativeMethodAccessorImpl.invoke(Unknown Source)
	at sun.reflect.DelegatingMethodAccessorImpl.invoke(Unknown Source)
	at java.lang.reflect.Method.invoke(Unknown Source)
	at junit.framework.TestCase.runTest(TestCase.java:168)
	at junit.framework.TestCase.runBare(TestCase.java:134)
	at junit.framework.TestResult$1.protect(TestResult.java:110)
	at junit.framework.TestResult.runProtected(TestResult.java:128)
	at junit.framework.TestResult.run(TestResult.java:113)
	at junit.framework.TestCase.run(TestCase.java:124)
	at junit.framework.TestSuite.runTest(TestSuite.java:232)
	at junit.framework.TestSuite.run(TestSuite.java:227)
	at junit.framework.TestSuite.runTest(TestSuite.java:232)
	at junit.framework.TestSuite.run(TestSuite.java:227)
	at junit.framework.TestSuite.runTest(TestSuite.java:232)
	at junit.framework.TestSuite.run(TestSuite.java:227)
	at org.apache.tools.ant.taskdefs.optional.junit.JUnitTestRunner.run(JUnitTestRunner.java:421)
	at org.apache.tools.ant.taskdefs.optional.junit.JUnitTestRunner.launch(JUnitTestRunner.java:912)
	at org.apache.tools.ant.taskdefs.optional.junit.JUnitTestRunner.main(JUnitTestRunner.java:766)
[Entering method {com.topcoder.confluence.webservice.bean.ConfluenceManagementServiceBean.createPage}]
[Input parameters[{token}:{  },{pageName}:{  },{version}:{3},{assetType}:{APPLICATION_ARCHITECTURE},{catalog}:{DOT_NET},{componentType}:{CUSTOM}]]
[Error in method {com.topcoder.confluence.webservice.bean.ConfluenceManagementServiceBean.createPage}:Details {pageName should not be empty.}]
java.lang.IllegalArgumentException: pageName should not be empty.
	at com.topcoder.confluence.webservice.Helper.checkStringNullOrEmptyAndLog(Helper.java:422)
	at com.topcoder.confluence.webservice.bean.ConfluenceManagementServiceBean.createPage(ConfluenceManagementServiceBean.java:455)
	at com.topcoder.confluence.webservice.bean.ConfluenceManagementServiceBeanTests.test_createPage_with_ComponentType_Failure3(ConfluenceManagementServiceBeanTests.java:844)
	at sun.reflect.NativeMethodAccessorImpl.invoke0(Native Method)
	at sun.reflect.NativeMethodAccessorImpl.invoke(Unknown Source)
	at sun.reflect.DelegatingMethodAccessorImpl.invoke(Unknown Source)
	at java.lang.reflect.Method.invoke(Unknown Source)
	at junit.framework.TestCase.runTest(TestCase.java:168)
	at junit.framework.TestCase.runBare(TestCase.java:134)
	at junit.framework.TestResult$1.protect(TestResult.java:110)
	at junit.framework.TestResult.runProtected(TestResult.java:128)
	at junit.framework.TestResult.run(TestResult.java:113)
	at junit.framework.TestCase.run(TestCase.java:124)
	at junit.framework.TestSuite.runTest(TestSuite.java:232)
	at junit.framework.TestSuite.run(TestSuite.java:227)
	at junit.framework.TestSuite.runTest(TestSuite.java:232)
	at junit.framework.TestSuite.run(TestSuite.java:227)
	at junit.framework.TestSuite.runTest(TestSuite.java:232)
	at junit.framework.TestSuite.run(TestSuite.java:227)
	at org.apache.tools.ant.taskdefs.optional.junit.JUnitTestRunner.run(JUnitTestRunner.java:421)
	at org.apache.tools.ant.taskdefs.optional.junit.JUnitTestRunner.launch(JUnitTestRunner.java:912)
	at org.apache.tools.ant.taskdefs.optional.junit.JUnitTestRunner.main(JUnitTestRunner.java:766)
[Entering method {com.topcoder.confluence.webservice.bean.ConfluenceManagementServiceBean.createPage}]
[Input parameters[{token}:{  },{pageName}:{page name},{version}:{},{assetType}:{APPLICATION_ARCHITECTURE},{catalog}:{DOT_NET},{componentType}:{CUSTOM}]]
[Error in method {com.topcoder.confluence.webservice.bean.ConfluenceManagementServiceBean.createPage}:Details {version should not be null.}]
java.lang.IllegalArgumentException: version should not be null.
	at com.topcoder.confluence.webservice.Helper.checkNullAndLog(Helper.java:395)
	at com.topcoder.confluence.webservice.Helper.checkStringNullOrEmptyAndLog(Helper.java:419)
	at com.topcoder.confluence.webservice.bean.ConfluenceManagementServiceBean.createPage(ConfluenceManagementServiceBean.java:456)
	at com.topcoder.confluence.webservice.bean.ConfluenceManagementServiceBeanTests.test_createPage_with_ComponentType_Failure4(ConfluenceManagementServiceBeanTests.java:864)
	at sun.reflect.NativeMethodAccessorImpl.invoke0(Native Method)
	at sun.reflect.NativeMethodAccessorImpl.invoke(Unknown Source)
	at sun.reflect.DelegatingMethodAccessorImpl.invoke(Unknown Source)
	at java.lang.reflect.Method.invoke(Unknown Source)
	at junit.framework.TestCase.runTest(TestCase.java:168)
	at junit.framework.TestCase.runBare(TestCase.java:134)
	at junit.framework.TestResult$1.protect(TestResult.java:110)
	at junit.framework.TestResult.runProtected(TestResult.java:128)
	at junit.framework.TestResult.run(TestResult.java:113)
	at junit.framework.TestCase.run(TestCase.java:124)
	at junit.framework.TestSuite.runTest(TestSuite.java:232)
	at junit.framework.TestSuite.run(TestSuite.java:227)
	at junit.framework.TestSuite.runTest(TestSuite.java:232)
	at junit.framework.TestSuite.run(TestSuite.java:227)
	at junit.framework.TestSuite.runTest(TestSuite.java:232)
	at junit.framework.TestSuite.run(TestSuite.java:227)
	at org.apache.tools.ant.taskdefs.optional.junit.JUnitTestRunner.run(JUnitTestRunner.java:421)
	at org.apache.tools.ant.taskdefs.optional.junit.JUnitTestRunner.launch(JUnitTestRunner.java:912)
	at org.apache.tools.ant.taskdefs.optional.junit.JUnitTestRunner.main(JUnitTestRunner.java:766)
[Entering method {com.topcoder.confluence.webservice.bean.ConfluenceManagementServiceBean.createPage}]
[Input parameters[{token}:{  },{pageName}:{page name},{version}:{  },{assetType}:{APPLICATION_ARCHITECTURE},{catalog}:{DOT_NET},{componentType}:{CUSTOM}]]
[Error in method {com.topcoder.confluence.webservice.bean.ConfluenceManagementServiceBean.createPage}:Details {version should not be empty.}]
java.lang.IllegalArgumentException: version should not be empty.
	at com.topcoder.confluence.webservice.Helper.checkStringNullOrEmptyAndLog(Helper.java:422)
	at com.topcoder.confluence.webservice.bean.ConfluenceManagementServiceBean.createPage(ConfluenceManagementServiceBean.java:456)
	at com.topcoder.confluence.webservice.bean.ConfluenceManagementServiceBeanTests.test_createPage_with_ComponentType_Failure5(ConfluenceManagementServiceBeanTests.java:884)
	at sun.reflect.NativeMethodAccessorImpl.invoke0(Native Method)
	at sun.reflect.NativeMethodAccessorImpl.invoke(Unknown Source)
	at sun.reflect.DelegatingMethodAccessorImpl.invoke(Unknown Source)
	at java.lang.reflect.Method.invoke(Unknown Source)
	at junit.framework.TestCase.runTest(TestCase.java:168)
	at junit.framework.TestCase.runBare(TestCase.java:134)
	at junit.framework.TestResult$1.protect(TestResult.java:110)
	at junit.framework.TestResult.runProtected(TestResult.java:128)
	at junit.framework.TestResult.run(TestResult.java:113)
	at junit.framework.TestCase.run(TestCase.java:124)
	at junit.framework.TestSuite.runTest(TestSuite.java:232)
	at junit.framework.TestSuite.run(TestSuite.java:227)
	at junit.framework.TestSuite.runTest(TestSuite.java:232)
	at junit.framework.TestSuite.run(TestSuite.java:227)
	at junit.framework.TestSuite.runTest(TestSuite.java:232)
	at junit.framework.TestSuite.run(TestSuite.java:227)
	at org.apache.tools.ant.taskdefs.optional.junit.JUnitTestRunner.run(JUnitTestRunner.java:421)
	at org.apache.tools.ant.taskdefs.optional.junit.JUnitTestRunner.launch(JUnitTestRunner.java:912)
	at org.apache.tools.ant.taskdefs.optional.junit.JUnitTestRunner.main(JUnitTestRunner.java:766)
[Entering method {com.topcoder.confluence.webservice.bean.ConfluenceManagementServiceBean.createPage}]
[Input parameters[{token}:{  },{pageName}:{page name},{version}:{2},{assetType}:{},{catalog}:{DOT_NET},{componentType}:{CUSTOM}]]
[Error in method {com.topcoder.confluence.webservice.bean.ConfluenceManagementServiceBean.createPage}:Details {assetType should not be null.}]
java.lang.IllegalArgumentException: assetType should not be null.
	at com.topcoder.confluence.webservice.Helper.checkNullAndLog(Helper.java:395)
	at com.topcoder.confluence.webservice.bean.ConfluenceManagementServiceBean.createPage(ConfluenceManagementServiceBean.java:457)
	at com.topcoder.confluence.webservice.bean.ConfluenceManagementServiceBeanTests.test_createPage_with_ComponentType_Failure6(ConfluenceManagementServiceBeanTests.java:904)
	at sun.reflect.NativeMethodAccessorImpl.invoke0(Native Method)
	at sun.reflect.NativeMethodAccessorImpl.invoke(Unknown Source)
	at sun.reflect.DelegatingMethodAccessorImpl.invoke(Unknown Source)
	at java.lang.reflect.Method.invoke(Unknown Source)
	at junit.framework.TestCase.runTest(TestCase.java:168)
	at junit.framework.TestCase.runBare(TestCase.java:134)
	at junit.framework.TestResult$1.protect(TestResult.java:110)
	at junit.framework.TestResult.runProtected(TestResult.java:128)
	at junit.framework.TestResult.run(TestResult.java:113)
	at junit.framework.TestCase.run(TestCase.java:124)
	at junit.framework.TestSuite.runTest(TestSuite.java:232)
	at junit.framework.TestSuite.run(TestSuite.java:227)
	at junit.framework.TestSuite.runTest(TestSuite.java:232)
	at junit.framework.TestSuite.run(TestSuite.java:227)
	at junit.framework.TestSuite.runTest(TestSuite.java:232)
	at junit.framework.TestSuite.run(TestSuite.java:227)
	at org.apache.tools.ant.taskdefs.optional.junit.JUnitTestRunner.run(JUnitTestRunner.java:421)
	at org.apache.tools.ant.taskdefs.optional.junit.JUnitTestRunner.launch(JUnitTestRunner.java:912)
	at org.apache.tools.ant.taskdefs.optional.junit.JUnitTestRunner.main(JUnitTestRunner.java:766)
[Entering method {com.topcoder.confluence.webservice.bean.ConfluenceManagementServiceBean.createPage}]
[Input parameters[{token}:{  },{pageName}:{page name},{version}:{2},{assetType}:{APPLICATION_TESTING},{catalog}:{},{componentType}:{CUSTOM}]]
[Error in method {com.topcoder.confluence.webservice.bean.ConfluenceManagementServiceBean.createPage}:Details {catalog should not be null.}]
java.lang.IllegalArgumentException: catalog should not be null.
	at com.topcoder.confluence.webservice.Helper.checkNullAndLog(Helper.java:395)
	at com.topcoder.confluence.webservice.bean.ConfluenceManagementServiceBean.createPage(ConfluenceManagementServiceBean.java:458)
	at com.topcoder.confluence.webservice.bean.ConfluenceManagementServiceBeanTests.test_createPage_with_ComponentType_Failure7(ConfluenceManagementServiceBeanTests.java:923)
	at sun.reflect.NativeMethodAccessorImpl.invoke0(Native Method)
	at sun.reflect.NativeMethodAccessorImpl.invoke(Unknown Source)
	at sun.reflect.DelegatingMethodAccessorImpl.invoke(Unknown Source)
	at java.lang.reflect.Method.invoke(Unknown Source)
	at junit.framework.TestCase.runTest(TestCase.java:168)
	at junit.framework.TestCase.runBare(TestCase.java:134)
	at junit.framework.TestResult$1.protect(TestResult.java:110)
	at junit.framework.TestResult.runProtected(TestResult.java:128)
	at junit.framework.TestResult.run(TestResult.java:113)
	at junit.framework.TestCase.run(TestCase.java:124)
	at junit.framework.TestSuite.runTest(TestSuite.java:232)
	at junit.framework.TestSuite.run(TestSuite.java:227)
	at junit.framework.TestSuite.runTest(TestSuite.java:232)
	at junit.framework.TestSuite.run(TestSuite.java:227)
	at junit.framework.TestSuite.runTest(TestSuite.java:232)
	at junit.framework.TestSuite.run(TestSuite.java:227)
	at org.apache.tools.ant.taskdefs.optional.junit.JUnitTestRunner.run(JUnitTestRunner.java:421)
	at org.apache.tools.ant.taskdefs.optional.junit.JUnitTestRunner.launch(JUnitTestRunner.java:912)
	at org.apache.tools.ant.taskdefs.optional.junit.JUnitTestRunner.main(JUnitTestRunner.java:766)
[Entering method {com.topcoder.confluence.webservice.bean.ConfluenceManagementServiceBean.createPage}]
[Input parameters[{token}:{  },{pageName}:{page name},{version}:{2},{assetType}:{APPLICATION_TESTING},{catalog}:{JAVA},{componentType}:{}]]
[Error in method {com.topcoder.confluence.webservice.bean.ConfluenceManagementServiceBean.createPage}:Details {componentType should not be null.}]
java.lang.IllegalArgumentException: componentType should not be null.
	at com.topcoder.confluence.webservice.Helper.checkNullAndLog(Helper.java:395)
	at com.topcoder.confluence.webservice.bean.ConfluenceManagementServiceBean.createPage(ConfluenceManagementServiceBean.java:459)
	at com.topcoder.confluence.webservice.bean.ConfluenceManagementServiceBeanTests.test_createPage_with_ComponentType_Failure8(ConfluenceManagementServiceBeanTests.java:943)
	at sun.reflect.NativeMethodAccessorImpl.invoke0(Native Method)
	at sun.reflect.NativeMethodAccessorImpl.invoke(Unknown Source)
	at sun.reflect.DelegatingMethodAccessorImpl.invoke(Unknown Source)
	at java.lang.reflect.Method.invoke(Unknown Source)
	at junit.framework.TestCase.runTest(TestCase.java:168)
	at junit.framework.TestCase.runBare(TestCase.java:134)
	at junit.framework.TestResult$1.protect(TestResult.java:110)
	at junit.framework.TestResult.runProtected(TestResult.java:128)
	at junit.framework.TestResult.run(TestResult.java:113)
	at junit.framework.TestCase.run(TestCase.java:124)
	at junit.framework.TestSuite.runTest(TestSuite.java:232)
	at junit.framework.TestSuite.run(TestSuite.java:227)
	at junit.framework.TestSuite.runTest(TestSuite.java:232)
	at junit.framework.TestSuite.run(TestSuite.java:227)
	at junit.framework.TestSuite.runTest(TestSuite.java:232)
	at junit.framework.TestSuite.run(TestSuite.java:227)
	at org.apache.tools.ant.taskdefs.optional.junit.JUnitTestRunner.run(JUnitTestRunner.java:421)
	at org.apache.tools.ant.taskdefs.optional.junit.JUnitTestRunner.launch(JUnitTestRunner.java:912)
	at org.apache.tools.ant.taskdefs.optional.junit.JUnitTestRunner.main(JUnitTestRunner.java:766)
[Entering method {com.topcoder.confluence.webservice.bean.ConfluenceManagementServiceBean.createPage}]
[Input parameters[{token}:{ },{pageName}:{page name},{version}:{2},{assetType}:{APPLICATION_ARCHITECTURE},{catalog}:{DOT_NET},{componentType}:{CUSTOM}]]
[Error in method {com.topcoder.confluence.webservice.bean.ConfluenceManagementServiceBean.createPage}:Details {Confluence connection error occured when calling method named-com.topcoder.confluence.webservice.bean.ConfluenceManagementServiceBean.createPage.}]
com.topcoder.confluence.webservice.ConfluenceManagementServiceConnectionException: Confluence connection error occured when calling method named-com.topcoder.confluence.webservice.bean.ConfluenceManagementServiceBean.createPage.
	at com.topcoder.confluence.webservice.bean.ConfluenceManagementServiceBean.logConfluenceException(ConfluenceManagementServiceBean.java:302)
	at com.topcoder.confluence.webservice.bean.ConfluenceManagementServiceBean.createPage(ConfluenceManagementServiceBean.java:469)
	at com.topcoder.confluence.webservice.bean.ConfluenceManagementServiceBeanTests.test_createPage_with_ComponentType_Failure9(ConfluenceManagementServiceBeanTests.java:966)
	at sun.reflect.NativeMethodAccessorImpl.invoke0(Native Method)
	at sun.reflect.NativeMethodAccessorImpl.invoke(Unknown Source)
	at sun.reflect.DelegatingMethodAccessorImpl.invoke(Unknown Source)
	at java.lang.reflect.Method.invoke(Unknown Source)
	at junit.framework.TestCase.runTest(TestCase.java:168)
	at junit.framework.TestCase.runBare(TestCase.java:134)
	at junit.framework.TestResult$1.protect(TestResult.java:110)
	at junit.framework.TestResult.runProtected(TestResult.java:128)
	at junit.framework.TestResult.run(TestResult.java:113)
	at junit.framework.TestCase.run(TestCase.java:124)
	at junit.framework.TestSuite.runTest(TestSuite.java:232)
	at junit.framework.TestSuite.run(TestSuite.java:227)
	at junit.framework.TestSuite.runTest(TestSuite.java:232)
	at junit.framework.TestSuite.run(TestSuite.java:227)
	at junit.framework.TestSuite.runTest(TestSuite.java:232)
	at junit.framework.TestSuite.run(TestSuite.java:227)
	at org.apache.tools.ant.taskdefs.optional.junit.JUnitTestRunner.run(JUnitTestRunner.java:421)
	at org.apache.tools.ant.taskdefs.optional.junit.JUnitTestRunner.launch(JUnitTestRunner.java:912)
	at org.apache.tools.ant.taskdefs.optional.junit.JUnitTestRunner.main(JUnitTestRunner.java:766)
[Entering method {com.topcoder.confluence.webservice.bean.ConfluenceManagementServiceBean.createPage}]
[Input parameters[{token}:{ },{pageName}:{page name},{version}:{2},{assetType}:{APPLICATION_ARCHITECTURE},{catalog}:{DOT_NET},{componentType}:{CUSTOM}]]
[Error in method {com.topcoder.confluence.webservice.bean.ConfluenceManagementServiceBean.createPage}:Details {Any confluence manager error occured when calling method named-com.topcoder.confluence.webservice.bean.ConfluenceManagementServiceBean.createPage.}]
com.topcoder.confluence.webservice.ConfluenceManagementServiceException: Any confluence manager error occured when calling method named-com.topcoder.confluence.webservice.bean.ConfluenceManagementServiceBean.createPage.
	at com.topcoder.confluence.webservice.bean.ConfluenceManagementServiceBean.logConfluenceException(ConfluenceManagementServiceBean.java:325)
	at com.topcoder.confluence.webservice.bean.ConfluenceManagementServiceBean.createPage(ConfluenceManagementServiceBean.java:469)
	at com.topcoder.confluence.webservice.bean.ConfluenceManagementServiceBeanTests.test_createPage_with_ComponentType_Failure10(ConfluenceManagementServiceBeanTests.java:991)
	at sun.reflect.NativeMethodAccessorImpl.invoke0(Native Method)
	at sun.reflect.NativeMethodAccessorImpl.invoke(Unknown Source)
	at sun.reflect.DelegatingMethodAccessorImpl.invoke(Unknown Source)
	at java.lang.reflect.Method.invoke(Unknown Source)
	at junit.framework.TestCase.runTest(TestCase.java:168)
	at junit.framework.TestCase.runBare(TestCase.java:134)
	at junit.framework.TestResult$1.protect(TestResult.java:110)
	at junit.framework.TestResult.runProtected(TestResult.java:128)
	at junit.framework.TestResult.run(TestResult.java:113)
	at junit.framework.TestCase.run(TestCase.java:124)
	at junit.framework.TestSuite.runTest(TestSuite.java:232)
	at junit.framework.TestSuite.run(TestSuite.java:227)
	at junit.framework.TestSuite.runTest(TestSuite.java:232)
	at junit.framework.TestSuite.run(TestSuite.java:227)
	at junit.framework.TestSuite.runTest(TestSuite.java:232)
	at junit.framework.TestSuite.run(TestSuite.java:227)
	at org.apache.tools.ant.taskdefs.optional.junit.JUnitTestRunner.run(JUnitTestRunner.java:421)
	at org.apache.tools.ant.taskdefs.optional.junit.JUnitTestRunner.launch(JUnitTestRunner.java:912)
	at org.apache.tools.ant.taskdefs.optional.junit.JUnitTestRunner.main(JUnitTestRunner.java:766)
[Entering method {com.topcoder.confluence.webservice.bean.ConfluenceManagementServiceBean.createPage}]
[Input parameters[{token}:{ },{pageName}:{page name},{version}:{2},{assetType}:{APPLICATION_ARCHITECTURE},{catalog}:{DOT_NET},{componentType}:{CUSTOM}]]
[Error in method {com.topcoder.confluence.webservice.bean.ConfluenceManagementServiceBean.createPage}:Details {Confluence authorization failed when calling method named-com.topcoder.confluence.webservice.bean.ConfluenceManagementServiceBean.createPage.}]
com.topcoder.confluence.webservice.ConfluenceManagementServiceNotAuthorizedException: Confluence authorization failed when calling method named-com.topcoder.confluence.webservice.bean.ConfluenceManagementServiceBean.createPage.
	at com.topcoder.confluence.webservice.bean.ConfluenceManagementServiceBean.logConfluenceException(ConfluenceManagementServiceBean.java:318)
	at com.topcoder.confluence.webservice.bean.ConfluenceManagementServiceBean.createPage(ConfluenceManagementServiceBean.java:469)
	at com.topcoder.confluence.webservice.bean.ConfluenceManagementServiceBeanTests.test_createPage_with_ComponentType_Failure11(ConfluenceManagementServiceBeanTests.java:1016)
	at sun.reflect.NativeMethodAccessorImpl.invoke0(Native Method)
	at sun.reflect.NativeMethodAccessorImpl.invoke(Unknown Source)
	at sun.reflect.DelegatingMethodAccessorImpl.invoke(Unknown Source)
	at java.lang.reflect.Method.invoke(Unknown Source)
	at junit.framework.TestCase.runTest(TestCase.java:168)
	at junit.framework.TestCase.runBare(TestCase.java:134)
	at junit.framework.TestResult$1.protect(TestResult.java:110)
	at junit.framework.TestResult.runProtected(TestResult.java:128)
	at junit.framework.TestResult.run(TestResult.java:113)
	at junit.framework.TestCase.run(TestCase.java:124)
	at junit.framework.TestSuite.runTest(TestSuite.java:232)
	at junit.framework.TestSuite.run(TestSuite.java:227)
	at junit.framework.TestSuite.runTest(TestSuite.java:232)
	at junit.framework.TestSuite.run(TestSuite.java:227)
	at junit.framework.TestSuite.runTest(TestSuite.java:232)
	at junit.framework.TestSuite.run(TestSuite.java:227)
	at org.apache.tools.ant.taskdefs.optional.junit.JUnitTestRunner.run(JUnitTestRunner.java:421)
	at org.apache.tools.ant.taskdefs.optional.junit.JUnitTestRunner.launch(JUnitTestRunner.java:912)
	at org.apache.tools.ant.taskdefs.optional.junit.JUnitTestRunner.main(JUnitTestRunner.java:766)
[Entering method {com.topcoder.confluence.webservice.bean.ConfluenceManagementServiceBean.createPage}]
[Input parameters[{token}:{ },{pageName}:{pageName},{version}:{1},{assetType}:{APPLICATION_ARCHITECTURE},{catalog}:{DOT_NET},{applicationCode}:{applicationCode}]]
[Exiting method {com.topcoder.confluence.webservice.bean.ConfluenceManagementServiceBean.createPage}]
[Output parameter {page:[basePageUrl:pageNameUrl,versionUrl:,assetName:,version:1,applicationCode:applicationCode,content:,assetType:APPLICATION_ARCHITECTURE,catalog:DOT_NET,componentType:], actionTaken:BASE_PAGE_AND_VERSION_CREATED}]
[Entering method {com.topcoder.confluence.webservice.bean.ConfluenceManagementServiceBean.createPage}]
[Input parameters[{token}:{},{pageName}:{page name},{version}:{3},{assetType}:{APPLICATION_ARCHITECTURE},{catalog}:{DOT_NET},{applicationCode}:{code}]]
[Error in method {com.topcoder.confluence.webservice.bean.ConfluenceManagementServiceBean.createPage}:Details {token should not be null.}]
java.lang.IllegalArgumentException: token should not be null.
	at com.topcoder.confluence.webservice.Helper.checkNullAndLog(Helper.java:395)
	at com.topcoder.confluence.webservice.bean.ConfluenceManagementServiceBean.createPage(ConfluenceManagementServiceBean.java:512)
	at com.topcoder.confluence.webservice.bean.ConfluenceManagementServiceBeanTests.test_createPage_with_applicationCode_Failure1(ConfluenceManagementServiceBeanTests.java:1064)
	at sun.reflect.NativeMethodAccessorImpl.invoke0(Native Method)
	at sun.reflect.NativeMethodAccessorImpl.invoke(Unknown Source)
	at sun.reflect.DelegatingMethodAccessorImpl.invoke(Unknown Source)
	at java.lang.reflect.Method.invoke(Unknown Source)
	at junit.framework.TestCase.runTest(TestCase.java:168)
	at junit.framework.TestCase.runBare(TestCase.java:134)
	at junit.framework.TestResult$1.protect(TestResult.java:110)
	at junit.framework.TestResult.runProtected(TestResult.java:128)
	at junit.framework.TestResult.run(TestResult.java:113)
	at junit.framework.TestCase.run(TestCase.java:124)
	at junit.framework.TestSuite.runTest(TestSuite.java:232)
	at junit.framework.TestSuite.run(TestSuite.java:227)
	at junit.framework.TestSuite.runTest(TestSuite.java:232)
	at junit.framework.TestSuite.run(TestSuite.java:227)
	at junit.framework.TestSuite.runTest(TestSuite.java:232)
	at junit.framework.TestSuite.run(TestSuite.java:227)
	at org.apache.tools.ant.taskdefs.optional.junit.JUnitTestRunner.run(JUnitTestRunner.java:421)
	at org.apache.tools.ant.taskdefs.optional.junit.JUnitTestRunner.launch(JUnitTestRunner.java:912)
	at org.apache.tools.ant.taskdefs.optional.junit.JUnitTestRunner.main(JUnitTestRunner.java:766)
[Entering method {com.topcoder.confluence.webservice.bean.ConfluenceManagementServiceBean.createPage}]
[Input parameters[{token}:{  },{pageName}:{},{version}:{3},{assetType}:{APPLICATION_ARCHITECTURE},{catalog}:{DOT_NET},{applicationCode}:{code}]]
[Error in method {com.topcoder.confluence.webservice.bean.ConfluenceManagementServiceBean.createPage}:Details {pageName should not be null.}]
java.lang.IllegalArgumentException: pageName should not be null.
	at com.topcoder.confluence.webservice.Helper.checkNullAndLog(Helper.java:395)
	at com.topcoder.confluence.webservice.Helper.checkStringNullOrEmptyAndLog(Helper.java:419)
	at com.topcoder.confluence.webservice.bean.ConfluenceManagementServiceBean.createPage(ConfluenceManagementServiceBean.java:513)
	at com.topcoder.confluence.webservice.bean.ConfluenceManagementServiceBeanTests.test_createPage_with_applicationCode_Failure2(ConfluenceManagementServiceBeanTests.java:1084)
	at sun.reflect.NativeMethodAccessorImpl.invoke0(Native Method)
	at sun.reflect.NativeMethodAccessorImpl.invoke(Unknown Source)
	at sun.reflect.DelegatingMethodAccessorImpl.invoke(Unknown Source)
	at java.lang.reflect.Method.invoke(Unknown Source)
	at junit.framework.TestCase.runTest(TestCase.java:168)
	at junit.framework.TestCase.runBare(TestCase.java:134)
	at junit.framework.TestResult$1.protect(TestResult.java:110)
	at junit.framework.TestResult.runProtected(TestResult.java:128)
	at junit.framework.TestResult.run(TestResult.java:113)
	at junit.framework.TestCase.run(TestCase.java:124)
	at junit.framework.TestSuite.runTest(TestSuite.java:232)
	at junit.framework.TestSuite.run(TestSuite.java:227)
	at junit.framework.TestSuite.runTest(TestSuite.java:232)
	at junit.framework.TestSuite.run(TestSuite.java:227)
	at junit.framework.TestSuite.runTest(TestSuite.java:232)
	at junit.framework.TestSuite.run(TestSuite.java:227)
	at org.apache.tools.ant.taskdefs.optional.junit.JUnitTestRunner.run(JUnitTestRunner.java:421)
	at org.apache.tools.ant.taskdefs.optional.junit.JUnitTestRunner.launch(JUnitTestRunner.java:912)
	at org.apache.tools.ant.taskdefs.optional.junit.JUnitTestRunner.main(JUnitTestRunner.java:766)
[Entering method {com.topcoder.confluence.webservice.bean.ConfluenceManagementServiceBean.createPage}]
[Input parameters[{token}:{  },{pageName}:{  },{version}:{3},{assetType}:{APPLICATION_ARCHITECTURE},{catalog}:{DOT_NET},{applicationCode}:{code}]]
[Error in method {com.topcoder.confluence.webservice.bean.ConfluenceManagementServiceBean.createPage}:Details {pageName should not be empty.}]
java.lang.IllegalArgumentException: pageName should not be empty.
	at com.topcoder.confluence.webservice.Helper.checkStringNullOrEmptyAndLog(Helper.java:422)
	at com.topcoder.confluence.webservice.bean.ConfluenceManagementServiceBean.createPage(ConfluenceManagementServiceBean.java:513)
	at com.topcoder.confluence.webservice.bean.ConfluenceManagementServiceBeanTests.test_createPage_with_applicationCode_Failure3(ConfluenceManagementServiceBeanTests.java:1104)
	at sun.reflect.NativeMethodAccessorImpl.invoke0(Native Method)
	at sun.reflect.NativeMethodAccessorImpl.invoke(Unknown Source)
	at sun.reflect.DelegatingMethodAccessorImpl.invoke(Unknown Source)
	at java.lang.reflect.Method.invoke(Unknown Source)
	at junit.framework.TestCase.runTest(TestCase.java:168)
	at junit.framework.TestCase.runBare(TestCase.java:134)
	at junit.framework.TestResult$1.protect(TestResult.java:110)
	at junit.framework.TestResult.runProtected(TestResult.java:128)
	at junit.framework.TestResult.run(TestResult.java:113)
	at junit.framework.TestCase.run(TestCase.java:124)
	at junit.framework.TestSuite.runTest(TestSuite.java:232)
	at junit.framework.TestSuite.run(TestSuite.java:227)
	at junit.framework.TestSuite.runTest(TestSuite.java:232)
	at junit.framework.TestSuite.run(TestSuite.java:227)
	at junit.framework.TestSuite.runTest(TestSuite.java:232)
	at junit.framework.TestSuite.run(TestSuite.java:227)
	at org.apache.tools.ant.taskdefs.optional.junit.JUnitTestRunner.run(JUnitTestRunner.java:421)
	at org.apache.tools.ant.taskdefs.optional.junit.JUnitTestRunner.launch(JUnitTestRunner.java:912)
	at org.apache.tools.ant.taskdefs.optional.junit.JUnitTestRunner.main(JUnitTestRunner.java:766)
[Entering method {com.topcoder.confluence.webservice.bean.ConfluenceManagementServiceBean.createPage}]
[Input parameters[{token}:{  },{pageName}:{page name},{version}:{},{assetType}:{APPLICATION_ARCHITECTURE},{catalog}:{DOT_NET},{applicationCode}:{code}]]
[Error in method {com.topcoder.confluence.webservice.bean.ConfluenceManagementServiceBean.createPage}:Details {version should not be null.}]
java.lang.IllegalArgumentException: version should not be null.
	at com.topcoder.confluence.webservice.Helper.checkNullAndLog(Helper.java:395)
	at com.topcoder.confluence.webservice.Helper.checkStringNullOrEmptyAndLog(Helper.java:419)
	at com.topcoder.confluence.webservice.bean.ConfluenceManagementServiceBean.createPage(ConfluenceManagementServiceBean.java:514)
	at com.topcoder.confluence.webservice.bean.ConfluenceManagementServiceBeanTests.test_createPage_with_applicationCode_Failure4(ConfluenceManagementServiceBeanTests.java:1124)
	at sun.reflect.NativeMethodAccessorImpl.invoke0(Native Method)
	at sun.reflect.NativeMethodAccessorImpl.invoke(Unknown Source)
	at sun.reflect.DelegatingMethodAccessorImpl.invoke(Unknown Source)
	at java.lang.reflect.Method.invoke(Unknown Source)
	at junit.framework.TestCase.runTest(TestCase.java:168)
	at junit.framework.TestCase.runBare(TestCase.java:134)
	at junit.framework.TestResult$1.protect(TestResult.java:110)
	at junit.framework.TestResult.runProtected(TestResult.java:128)
	at junit.framework.TestResult.run(TestResult.java:113)
	at junit.framework.TestCase.run(TestCase.java:124)
	at junit.framework.TestSuite.runTest(TestSuite.java:232)
	at junit.framework.TestSuite.run(TestSuite.java:227)
	at junit.framework.TestSuite.runTest(TestSuite.java:232)
	at junit.framework.TestSuite.run(TestSuite.java:227)
	at junit.framework.TestSuite.runTest(TestSuite.java:232)
	at junit.framework.TestSuite.run(TestSuite.java:227)
	at org.apache.tools.ant.taskdefs.optional.junit.JUnitTestRunner.run(JUnitTestRunner.java:421)
	at org.apache.tools.ant.taskdefs.optional.junit.JUnitTestRunner.launch(JUnitTestRunner.java:912)
	at org.apache.tools.ant.taskdefs.optional.junit.JUnitTestRunner.main(JUnitTestRunner.java:766)
[Entering method {com.topcoder.confluence.webservice.bean.ConfluenceManagementServiceBean.createPage}]
[Input parameters[{token}:{  },{pageName}:{page name},{version}:{  },{assetType}:{APPLICATION_ARCHITECTURE},{catalog}:{DOT_NET},{applicationCode}:{code}]]
[Error in method {com.topcoder.confluence.webservice.bean.ConfluenceManagementServiceBean.createPage}:Details {version should not be empty.}]
java.lang.IllegalArgumentException: version should not be empty.
	at com.topcoder.confluence.webservice.Helper.checkStringNullOrEmptyAndLog(Helper.java:422)
	at com.topcoder.confluence.webservice.bean.ConfluenceManagementServiceBean.createPage(ConfluenceManagementServiceBean.java:514)
	at com.topcoder.confluence.webservice.bean.ConfluenceManagementServiceBeanTests.test_createPage_with_applicationCode_Failure5(ConfluenceManagementServiceBeanTests.java:1144)
	at sun.reflect.NativeMethodAccessorImpl.invoke0(Native Method)
	at sun.reflect.NativeMethodAccessorImpl.invoke(Unknown Source)
	at sun.reflect.DelegatingMethodAccessorImpl.invoke(Unknown Source)
	at java.lang.reflect.Method.invoke(Unknown Source)
	at junit.framework.TestCase.runTest(TestCase.java:168)
	at junit.framework.TestCase.runBare(TestCase.java:134)
	at junit.framework.TestResult$1.protect(TestResult.java:110)
	at junit.framework.TestResult.runProtected(TestResult.java:128)
	at junit.framework.TestResult.run(TestResult.java:113)
	at junit.framework.TestCase.run(TestCase.java:124)
	at junit.framework.TestSuite.runTest(TestSuite.java:232)
	at junit.framework.TestSuite.run(TestSuite.java:227)
	at junit.framework.TestSuite.runTest(TestSuite.java:232)
	at junit.framework.TestSuite.run(TestSuite.java:227)
	at junit.framework.TestSuite.runTest(TestSuite.java:232)
	at junit.framework.TestSuite.run(TestSuite.java:227)
	at org.apache.tools.ant.taskdefs.optional.junit.JUnitTestRunner.run(JUnitTestRunner.java:421)
	at org.apache.tools.ant.taskdefs.optional.junit.JUnitTestRunner.launch(JUnitTestRunner.java:912)
	at org.apache.tools.ant.taskdefs.optional.junit.JUnitTestRunner.main(JUnitTestRunner.java:766)
[Entering method {com.topcoder.confluence.webservice.bean.ConfluenceManagementServiceBean.createPage}]
[Input parameters[{token}:{  },{pageName}:{page name},{version}:{2},{assetType}:{},{catalog}:{DOT_NET},{applicationCode}:{code}]]
[Error in method {com.topcoder.confluence.webservice.bean.ConfluenceManagementServiceBean.createPage}:Details {assetType should not be null.}]
java.lang.IllegalArgumentException: assetType should not be null.
	at com.topcoder.confluence.webservice.Helper.checkNullAndLog(Helper.java:395)
	at com.topcoder.confluence.webservice.bean.ConfluenceManagementServiceBean.createPage(ConfluenceManagementServiceBean.java:515)
	at com.topcoder.confluence.webservice.bean.ConfluenceManagementServiceBeanTests.test_createPage_with_applicationCode_Failure6(ConfluenceManagementServiceBeanTests.java:1164)
	at sun.reflect.NativeMethodAccessorImpl.invoke0(Native Method)
	at sun.reflect.NativeMethodAccessorImpl.invoke(Unknown Source)
	at sun.reflect.DelegatingMethodAccessorImpl.invoke(Unknown Source)
	at java.lang.reflect.Method.invoke(Unknown Source)
	at junit.framework.TestCase.runTest(TestCase.java:168)
	at junit.framework.TestCase.runBare(TestCase.java:134)
	at junit.framework.TestResult$1.protect(TestResult.java:110)
	at junit.framework.TestResult.runProtected(TestResult.java:128)
	at junit.framework.TestResult.run(TestResult.java:113)
	at junit.framework.TestCase.run(TestCase.java:124)
	at junit.framework.TestSuite.runTest(TestSuite.java:232)
	at junit.framework.TestSuite.run(TestSuite.java:227)
	at junit.framework.TestSuite.runTest(TestSuite.java:232)
	at junit.framework.TestSuite.run(TestSuite.java:227)
	at junit.framework.TestSuite.runTest(TestSuite.java:232)
	at junit.framework.TestSuite.run(TestSuite.java:227)
	at org.apache.tools.ant.taskdefs.optional.junit.JUnitTestRunner.run(JUnitTestRunner.java:421)
	at org.apache.tools.ant.taskdefs.optional.junit.JUnitTestRunner.launch(JUnitTestRunner.java:912)
	at org.apache.tools.ant.taskdefs.optional.junit.JUnitTestRunner.main(JUnitTestRunner.java:766)
[Entering method {com.topcoder.confluence.webservice.bean.ConfluenceManagementServiceBean.createPage}]
[Input parameters[{token}:{  },{pageName}:{page name},{version}:{2},{assetType}:{APPLICATION_TESTING},{catalog}:{},{applicationCode}:{code}]]
[Error in method {com.topcoder.confluence.webservice.bean.ConfluenceManagementServiceBean.createPage}:Details {catalog should not be null.}]
java.lang.IllegalArgumentException: catalog should not be null.
	at com.topcoder.confluence.webservice.Helper.checkNullAndLog(Helper.java:395)
	at com.topcoder.confluence.webservice.bean.ConfluenceManagementServiceBean.createPage(ConfluenceManagementServiceBean.java:516)
	at com.topcoder.confluence.webservice.bean.ConfluenceManagementServiceBeanTests.test_createPage_with_applicationCode_Failure7(ConfluenceManagementServiceBeanTests.java:1183)
	at sun.reflect.NativeMethodAccessorImpl.invoke0(Native Method)
	at sun.reflect.NativeMethodAccessorImpl.invoke(Unknown Source)
	at sun.reflect.DelegatingMethodAccessorImpl.invoke(Unknown Source)
	at java.lang.reflect.Method.invoke(Unknown Source)
	at junit.framework.TestCase.runTest(TestCase.java:168)
	at junit.framework.TestCase.runBare(TestCase.java:134)
	at junit.framework.TestResult$1.protect(TestResult.java:110)
	at junit.framework.TestResult.runProtected(TestResult.java:128)
	at junit.framework.TestResult.run(TestResult.java:113)
	at junit.framework.TestCase.run(TestCase.java:124)
	at junit.framework.TestSuite.runTest(TestSuite.java:232)
	at junit.framework.TestSuite.run(TestSuite.java:227)
	at junit.framework.TestSuite.runTest(TestSuite.java:232)
	at junit.framework.TestSuite.run(TestSuite.java:227)
	at junit.framework.TestSuite.runTest(TestSuite.java:232)
	at junit.framework.TestSuite.run(TestSuite.java:227)
	at org.apache.tools.ant.taskdefs.optional.junit.JUnitTestRunner.run(JUnitTestRunner.java:421)
	at org.apache.tools.ant.taskdefs.optional.junit.JUnitTestRunner.launch(JUnitTestRunner.java:912)
	at org.apache.tools.ant.taskdefs.optional.junit.JUnitTestRunner.main(JUnitTestRunner.java:766)
[Entering method {com.topcoder.confluence.webservice.bean.ConfluenceManagementServiceBean.createPage}]
[Input parameters[{token}:{  },{pageName}:{page name},{version}:{2},{assetType}:{APPLICATION_TESTING},{catalog}:{JAVA},{applicationCode}:{}]]
[Error in method {com.topcoder.confluence.webservice.bean.ConfluenceManagementServiceBean.createPage}:Details {applicationCode should not be null.}]
java.lang.IllegalArgumentException: applicationCode should not be null.
	at com.topcoder.confluence.webservice.Helper.checkNullAndLog(Helper.java:395)
	at com.topcoder.confluence.webservice.Helper.checkStringNullOrEmptyAndLog(Helper.java:419)
	at com.topcoder.confluence.webservice.bean.ConfluenceManagementServiceBean.createPage(ConfluenceManagementServiceBean.java:517)
	at com.topcoder.confluence.webservice.bean.ConfluenceManagementServiceBeanTests.test_createPage_with_applicationCode_Failure8(ConfluenceManagementServiceBeanTests.java:1202)
	at sun.reflect.NativeMethodAccessorImpl.invoke0(Native Method)
	at sun.reflect.NativeMethodAccessorImpl.invoke(Unknown Source)
	at sun.reflect.DelegatingMethodAccessorImpl.invoke(Unknown Source)
	at java.lang.reflect.Method.invoke(Unknown Source)
	at junit.framework.TestCase.runTest(TestCase.java:168)
	at junit.framework.TestCase.runBare(TestCase.java:134)
	at junit.framework.TestResult$1.protect(TestResult.java:110)
	at junit.framework.TestResult.runProtected(TestResult.java:128)
	at junit.framework.TestResult.run(TestResult.java:113)
	at junit.framework.TestCase.run(TestCase.java:124)
	at junit.framework.TestSuite.runTest(TestSuite.java:232)
	at junit.framework.TestSuite.run(TestSuite.java:227)
	at junit.framework.TestSuite.runTest(TestSuite.java:232)
	at junit.framework.TestSuite.run(TestSuite.java:227)
	at junit.framework.TestSuite.runTest(TestSuite.java:232)
	at junit.framework.TestSuite.run(TestSuite.java:227)
	at org.apache.tools.ant.taskdefs.optional.junit.JUnitTestRunner.run(JUnitTestRunner.java:421)
	at org.apache.tools.ant.taskdefs.optional.junit.JUnitTestRunner.launch(JUnitTestRunner.java:912)
	at org.apache.tools.ant.taskdefs.optional.junit.JUnitTestRunner.main(JUnitTestRunner.java:766)
[Entering method {com.topcoder.confluence.webservice.bean.ConfluenceManagementServiceBean.createPage}]
[Input parameters[{token}:{  },{pageName}:{page name},{version}:{2},{assetType}:{APPLICATION_TESTING},{catalog}:{JAVA},{applicationCode}:{  }]]
[Error in method {com.topcoder.confluence.webservice.bean.ConfluenceManagementServiceBean.createPage}:Details {applicationCode should not be empty.}]
java.lang.IllegalArgumentException: applicationCode should not be empty.
	at com.topcoder.confluence.webservice.Helper.checkStringNullOrEmptyAndLog(Helper.java:422)
	at com.topcoder.confluence.webservice.bean.ConfluenceManagementServiceBean.createPage(ConfluenceManagementServiceBean.java:517)
	at com.topcoder.confluence.webservice.bean.ConfluenceManagementServiceBeanTests.test_createPage_with_applicationCode_Failure9(ConfluenceManagementServiceBeanTests.java:1222)
	at sun.reflect.NativeMethodAccessorImpl.invoke0(Native Method)
	at sun.reflect.NativeMethodAccessorImpl.invoke(Unknown Source)
	at sun.reflect.DelegatingMethodAccessorImpl.invoke(Unknown Source)
	at java.lang.reflect.Method.invoke(Unknown Source)
	at junit.framework.TestCase.runTest(TestCase.java:168)
	at junit.framework.TestCase.runBare(TestCase.java:134)
	at junit.framework.TestResult$1.protect(TestResult.java:110)
	at junit.framework.TestResult.runProtected(TestResult.java:128)
	at junit.framework.TestResult.run(TestResult.java:113)
	at junit.framework.TestCase.run(TestCase.java:124)
	at junit.framework.TestSuite.runTest(TestSuite.java:232)
	at junit.framework.TestSuite.run(TestSuite.java:227)
	at junit.framework.TestSuite.runTest(TestSuite.java:232)
	at junit.framework.TestSuite.run(TestSuite.java:227)
	at junit.framework.TestSuite.runTest(TestSuite.java:232)
	at junit.framework.TestSuite.run(TestSuite.java:227)
	at org.apache.tools.ant.taskdefs.optional.junit.JUnitTestRunner.run(JUnitTestRunner.java:421)
	at org.apache.tools.ant.taskdefs.optional.junit.JUnitTestRunner.launch(JUnitTestRunner.java:912)
	at org.apache.tools.ant.taskdefs.optional.junit.JUnitTestRunner.main(JUnitTestRunner.java:766)
[Entering method {com.topcoder.confluence.webservice.bean.ConfluenceManagementServiceBean.createPage}]
[Input parameters[{token}:{ },{pageName}:{page name},{version}:{2},{assetType}:{APPLICATION_ARCHITECTURE},{catalog}:{DOT_NET},{applicationCode}:{application code}]]
[Error in method {com.topcoder.confluence.webservice.bean.ConfluenceManagementServiceBean.createPage}:Details {Confluence connection error occured when calling method named-com.topcoder.confluence.webservice.bean.ConfluenceManagementServiceBean.createPage.}]
com.topcoder.confluence.webservice.ConfluenceManagementServiceConnectionException: Confluence connection error occured when calling method named-com.topcoder.confluence.webservice.bean.ConfluenceManagementServiceBean.createPage.
	at com.topcoder.confluence.webservice.bean.ConfluenceManagementServiceBean.logConfluenceException(ConfluenceManagementServiceBean.java:302)
	at com.topcoder.confluence.webservice.bean.ConfluenceManagementServiceBean.createPage(ConfluenceManagementServiceBean.java:527)
	at com.topcoder.confluence.webservice.bean.ConfluenceManagementServiceBeanTests.test_createPage_with_applicationCode_Failure10(ConfluenceManagementServiceBeanTests.java:1245)
	at sun.reflect.NativeMethodAccessorImpl.invoke0(Native Method)
	at sun.reflect.NativeMethodAccessorImpl.invoke(Unknown Source)
	at sun.reflect.DelegatingMethodAccessorImpl.invoke(Unknown Source)
	at java.lang.reflect.Method.invoke(Unknown Source)
	at junit.framework.TestCase.runTest(TestCase.java:168)
	at junit.framework.TestCase.runBare(TestCase.java:134)
	at junit.framework.TestResult$1.protect(TestResult.java:110)
	at junit.framework.TestResult.runProtected(TestResult.java:128)
	at junit.framework.TestResult.run(TestResult.java:113)
	at junit.framework.TestCase.run(TestCase.java:124)
	at junit.framework.TestSuite.runTest(TestSuite.java:232)
	at junit.framework.TestSuite.run(TestSuite.java:227)
	at junit.framework.TestSuite.runTest(TestSuite.java:232)
	at junit.framework.TestSuite.run(TestSuite.java:227)
	at junit.framework.TestSuite.runTest(TestSuite.java:232)
	at junit.framework.TestSuite.run(TestSuite.java:227)
	at org.apache.tools.ant.taskdefs.optional.junit.JUnitTestRunner.run(JUnitTestRunner.java:421)
	at org.apache.tools.ant.taskdefs.optional.junit.JUnitTestRunner.launch(JUnitTestRunner.java:912)
	at org.apache.tools.ant.taskdefs.optional.junit.JUnitTestRunner.main(JUnitTestRunner.java:766)
[Entering method {com.topcoder.confluence.webservice.bean.ConfluenceManagementServiceBean.createPage}]
[Input parameters[{token}:{ },{pageName}:{page name},{version}:{2},{assetType}:{APPLICATION_ARCHITECTURE},{catalog}:{DOT_NET},{applicationCode}:{application code}]]
[Error in method {com.topcoder.confluence.webservice.bean.ConfluenceManagementServiceBean.createPage}:Details {Any confluence manager error occured when calling method named-com.topcoder.confluence.webservice.bean.ConfluenceManagementServiceBean.createPage.}]
com.topcoder.confluence.webservice.ConfluenceManagementServiceException: Any confluence manager error occured when calling method named-com.topcoder.confluence.webservice.bean.ConfluenceManagementServiceBean.createPage.
	at com.topcoder.confluence.webservice.bean.ConfluenceManagementServiceBean.logConfluenceException(ConfluenceManagementServiceBean.java:325)
	at com.topcoder.confluence.webservice.bean.ConfluenceManagementServiceBean.createPage(ConfluenceManagementServiceBean.java:527)
	at com.topcoder.confluence.webservice.bean.ConfluenceManagementServiceBeanTests.test_createPage_with_applicationCode_Failure11(ConfluenceManagementServiceBeanTests.java:1270)
	at sun.reflect.NativeMethodAccessorImpl.invoke0(Native Method)
	at sun.reflect.NativeMethodAccessorImpl.invoke(Unknown Source)
	at sun.reflect.DelegatingMethodAccessorImpl.invoke(Unknown Source)
	at java.lang.reflect.Method.invoke(Unknown Source)
	at junit.framework.TestCase.runTest(TestCase.java:168)
	at junit.framework.TestCase.runBare(TestCase.java:134)
	at junit.framework.TestResult$1.protect(TestResult.java:110)
	at junit.framework.TestResult.runProtected(TestResult.java:128)
	at junit.framework.TestResult.run(TestResult.java:113)
	at junit.framework.TestCase.run(TestCase.java:124)
	at junit.framework.TestSuite.runTest(TestSuite.java:232)
	at junit.framework.TestSuite.run(TestSuite.java:227)
	at junit.framework.TestSuite.runTest(TestSuite.java:232)
	at junit.framework.TestSuite.run(TestSuite.java:227)
	at junit.framework.TestSuite.runTest(TestSuite.java:232)
	at junit.framework.TestSuite.run(TestSuite.java:227)
	at org.apache.tools.ant.taskdefs.optional.junit.JUnitTestRunner.run(JUnitTestRunner.java:421)
	at org.apache.tools.ant.taskdefs.optional.junit.JUnitTestRunner.launch(JUnitTestRunner.java:912)
	at org.apache.tools.ant.taskdefs.optional.junit.JUnitTestRunner.main(JUnitTestRunner.java:766)
[Entering method {com.topcoder.confluence.webservice.bean.ConfluenceManagementServiceBean.retrievePage}]
[Input parameters[{token}:{ },{pageName}:{page name},{version}:{2},{assetType}:{APPLICATION_ARCHITECTURE},{catalog}:{DOT_NET},{applicationCode}:{application code}]]
[Error in method {com.topcoder.confluence.webservice.bean.ConfluenceManagementServiceBean.retrievePage}:Details {Confluence authorization failed when calling method named-com.topcoder.confluence.webservice.bean.ConfluenceManagementServiceBean.retrievePage.}]
com.topcoder.confluence.webservice.ConfluenceManagementServiceNotAuthorizedException: Confluence authorization failed when calling method named-com.topcoder.confluence.webservice.bean.ConfluenceManagementServiceBean.retrievePage.
	at com.topcoder.confluence.webservice.bean.ConfluenceManagementServiceBean.logConfluenceException(ConfluenceManagementServiceBean.java:318)
	at com.topcoder.confluence.webservice.bean.ConfluenceManagementServiceBean.retrievePage(ConfluenceManagementServiceBean.java:685)
	at com.topcoder.confluence.webservice.bean.ConfluenceManagementServiceBeanTests.test_createPage_with_applicationCode_Failure12(ConfluenceManagementServiceBeanTests.java:1295)
	at sun.reflect.NativeMethodAccessorImpl.invoke0(Native Method)
	at sun.reflect.NativeMethodAccessorImpl.invoke(Unknown Source)
	at sun.reflect.DelegatingMethodAccessorImpl.invoke(Unknown Source)
	at java.lang.reflect.Method.invoke(Unknown Source)
	at junit.framework.TestCase.runTest(TestCase.java:168)
	at junit.framework.TestCase.runBare(TestCase.java:134)
	at junit.framework.TestResult$1.protect(TestResult.java:110)
	at junit.framework.TestResult.runProtected(TestResult.java:128)
	at junit.framework.TestResult.run(TestResult.java:113)
	at junit.framework.TestCase.run(TestCase.java:124)
	at junit.framework.TestSuite.runTest(TestSuite.java:232)
	at junit.framework.TestSuite.run(TestSuite.java:227)
	at junit.framework.TestSuite.runTest(TestSuite.java:232)
	at junit.framework.TestSuite.run(TestSuite.java:227)
	at junit.framework.TestSuite.runTest(TestSuite.java:232)
	at junit.framework.TestSuite.run(TestSuite.java:227)
	at org.apache.tools.ant.taskdefs.optional.junit.JUnitTestRunner.run(JUnitTestRunner.java:421)
	at org.apache.tools.ant.taskdefs.optional.junit.JUnitTestRunner.launch(JUnitTestRunner.java:912)
	at org.apache.tools.ant.taskdefs.optional.junit.JUnitTestRunner.main(JUnitTestRunner.java:766)
[Entering method {com.topcoder.confluence.webservice.bean.ConfluenceManagementServiceBean.retrievePage}]
[Input parameters[{token}:{ },{pageName}:{page name},{version}:{2},{assetType}:{APPLICATION_ARCHITECTURE},{catalog}:{DOT_NET},{componentType}:{CUSTOM}]]
[Exiting method {com.topcoder.confluence.webservice.bean.ConfluenceManagementServiceBean.retrievePage}]
[Output parameter {basePageUrl:page nameUrl,versionUrl:,assetName:,version:2,applicationCode:,content:,assetType:APPLICATION_ARCHITECTURE,catalog:DOT_NET,componentType:CUSTOM}]
[Entering method {com.topcoder.confluence.webservice.bean.ConfluenceManagementServiceBean.retrievePage}]
[Input parameters[{token}:{},{pageName}:{page name},{version}:{3},{assetType}:{APPLICATION_ARCHITECTURE},{catalog}:{DOT_NET},{componentType}:{CUSTOM}]]
[Error in method {com.topcoder.confluence.webservice.bean.ConfluenceManagementServiceBean.retrievePage}:Details {token should not be null.}]
java.lang.IllegalArgumentException: token should not be null.
	at com.topcoder.confluence.webservice.Helper.checkNullAndLog(Helper.java:395)
	at com.topcoder.confluence.webservice.bean.ConfluenceManagementServiceBean.retrievePage(ConfluenceManagementServiceBean.java:612)
	at com.topcoder.confluence.webservice.bean.ConfluenceManagementServiceBeanTests.test_retrievePage_with_ComponentType_Failure1(ConfluenceManagementServiceBeanTests.java:1339)
	at sun.reflect.NativeMethodAccessorImpl.invoke0(Native Method)
	at sun.reflect.NativeMethodAccessorImpl.invoke(Unknown Source)
	at sun.reflect.DelegatingMethodAccessorImpl.invoke(Unknown Source)
	at java.lang.reflect.Method.invoke(Unknown Source)
	at junit.framework.TestCase.runTest(TestCase.java:168)
	at junit.framework.TestCase.runBare(TestCase.java:134)
	at junit.framework.TestResult$1.protect(TestResult.java:110)
	at junit.framework.TestResult.runProtected(TestResult.java:128)
	at junit.framework.TestResult.run(TestResult.java:113)
	at junit.framework.TestCase.run(TestCase.java:124)
	at junit.framework.TestSuite.runTest(TestSuite.java:232)
	at junit.framework.TestSuite.run(TestSuite.java:227)
	at junit.framework.TestSuite.runTest(TestSuite.java:232)
	at junit.framework.TestSuite.run(TestSuite.java:227)
	at junit.framework.TestSuite.runTest(TestSuite.java:232)
	at junit.framework.TestSuite.run(TestSuite.java:227)
	at org.apache.tools.ant.taskdefs.optional.junit.JUnitTestRunner.run(JUnitTestRunner.java:421)
	at org.apache.tools.ant.taskdefs.optional.junit.JUnitTestRunner.launch(JUnitTestRunner.java:912)
	at org.apache.tools.ant.taskdefs.optional.junit.JUnitTestRunner.main(JUnitTestRunner.java:766)
[Entering method {com.topcoder.confluence.webservice.bean.ConfluenceManagementServiceBean.retrievePage}]
[Input parameters[{token}:{  },{pageName}:{},{version}:{3},{assetType}:{APPLICATION_ARCHITECTURE},{catalog}:{DOT_NET},{componentType}:{CUSTOM}]]
[Error in method {com.topcoder.confluence.webservice.bean.ConfluenceManagementServiceBean.retrievePage}:Details {pageName should not be null.}]
java.lang.IllegalArgumentException: pageName should not be null.
	at com.topcoder.confluence.webservice.Helper.checkNullAndLog(Helper.java:395)
	at com.topcoder.confluence.webservice.Helper.checkStringNullOrEmptyAndLog(Helper.java:419)
	at com.topcoder.confluence.webservice.bean.ConfluenceManagementServiceBean.retrievePage(ConfluenceManagementServiceBean.java:613)
	at com.topcoder.confluence.webservice.bean.ConfluenceManagementServiceBeanTests.test_retrievePage_with_ComponentType_Failure2(ConfluenceManagementServiceBeanTests.java:1359)
	at sun.reflect.NativeMethodAccessorImpl.invoke0(Native Method)
	at sun.reflect.NativeMethodAccessorImpl.invoke(Unknown Source)
	at sun.reflect.DelegatingMethodAccessorImpl.invoke(Unknown Source)
	at java.lang.reflect.Method.invoke(Unknown Source)
	at junit.framework.TestCase.runTest(TestCase.java:168)
	at junit.framework.TestCase.runBare(TestCase.java:134)
	at junit.framework.TestResult$1.protect(TestResult.java:110)
	at junit.framework.TestResult.runProtected(TestResult.java:128)
	at junit.framework.TestResult.run(TestResult.java:113)
	at junit.framework.TestCase.run(TestCase.java:124)
	at junit.framework.TestSuite.runTest(TestSuite.java:232)
	at junit.framework.TestSuite.run(TestSuite.java:227)
	at junit.framework.TestSuite.runTest(TestSuite.java:232)
	at junit.framework.TestSuite.run(TestSuite.java:227)
	at junit.framework.TestSuite.runTest(TestSuite.java:232)
	at junit.framework.TestSuite.run(TestSuite.java:227)
	at org.apache.tools.ant.taskdefs.optional.junit.JUnitTestRunner.run(JUnitTestRunner.java:421)
	at org.apache.tools.ant.taskdefs.optional.junit.JUnitTestRunner.launch(JUnitTestRunner.java:912)
	at org.apache.tools.ant.taskdefs.optional.junit.JUnitTestRunner.main(JUnitTestRunner.java:766)
[Entering method {com.topcoder.confluence.webservice.bean.ConfluenceManagementServiceBean.retrievePage}]
[Input parameters[{token}:{  },{pageName}:{  },{version}:{3},{assetType}:{APPLICATION_ARCHITECTURE},{catalog}:{DOT_NET},{componentType}:{CUSTOM}]]
[Error in method {com.topcoder.confluence.webservice.bean.ConfluenceManagementServiceBean.retrievePage}:Details {pageName should not be empty.}]
java.lang.IllegalArgumentException: pageName should not be empty.
	at com.topcoder.confluence.webservice.Helper.checkStringNullOrEmptyAndLog(Helper.java:422)
	at com.topcoder.confluence.webservice.bean.ConfluenceManagementServiceBean.retrievePage(ConfluenceManagementServiceBean.java:613)
	at com.topcoder.confluence.webservice.bean.ConfluenceManagementServiceBeanTests.test_retrievePage_with_ComponentType_Failure3(ConfluenceManagementServiceBeanTests.java:1379)
	at sun.reflect.NativeMethodAccessorImpl.invoke0(Native Method)
	at sun.reflect.NativeMethodAccessorImpl.invoke(Unknown Source)
	at sun.reflect.DelegatingMethodAccessorImpl.invoke(Unknown Source)
	at java.lang.reflect.Method.invoke(Unknown Source)
	at junit.framework.TestCase.runTest(TestCase.java:168)
	at junit.framework.TestCase.runBare(TestCase.java:134)
	at junit.framework.TestResult$1.protect(TestResult.java:110)
	at junit.framework.TestResult.runProtected(TestResult.java:128)
	at junit.framework.TestResult.run(TestResult.java:113)
	at junit.framework.TestCase.run(TestCase.java:124)
	at junit.framework.TestSuite.runTest(TestSuite.java:232)
	at junit.framework.TestSuite.run(TestSuite.java:227)
	at junit.framework.TestSuite.runTest(TestSuite.java:232)
	at junit.framework.TestSuite.run(TestSuite.java:227)
	at junit.framework.TestSuite.runTest(TestSuite.java:232)
	at junit.framework.TestSuite.run(TestSuite.java:227)
	at org.apache.tools.ant.taskdefs.optional.junit.JUnitTestRunner.run(JUnitTestRunner.java:421)
	at org.apache.tools.ant.taskdefs.optional.junit.JUnitTestRunner.launch(JUnitTestRunner.java:912)
	at org.apache.tools.ant.taskdefs.optional.junit.JUnitTestRunner.main(JUnitTestRunner.java:766)
[Entering method {com.topcoder.confluence.webservice.bean.ConfluenceManagementServiceBean.retrievePage}]
[Input parameters[{token}:{  },{pageName}:{page name},{version}:{},{assetType}:{APPLICATION_ARCHITECTURE},{catalog}:{DOT_NET},{componentType}:{CUSTOM}]]
[Error in method {com.topcoder.confluence.webservice.bean.ConfluenceManagementServiceBean.retrievePage}:Details {version should not be null.}]
java.lang.IllegalArgumentException: version should not be null.
	at com.topcoder.confluence.webservice.Helper.checkNullAndLog(Helper.java:395)
	at com.topcoder.confluence.webservice.Helper.checkStringNullOrEmptyAndLog(Helper.java:419)
	at com.topcoder.confluence.webservice.bean.ConfluenceManagementServiceBean.retrievePage(ConfluenceManagementServiceBean.java:614)
	at com.topcoder.confluence.webservice.bean.ConfluenceManagementServiceBeanTests.test_retrievePage_with_ComponentType_Failure4(ConfluenceManagementServiceBeanTests.java:1399)
	at sun.reflect.NativeMethodAccessorImpl.invoke0(Native Method)
	at sun.reflect.NativeMethodAccessorImpl.invoke(Unknown Source)
	at sun.reflect.DelegatingMethodAccessorImpl.invoke(Unknown Source)
	at java.lang.reflect.Method.invoke(Unknown Source)
	at junit.framework.TestCase.runTest(TestCase.java:168)
	at junit.framework.TestCase.runBare(TestCase.java:134)
	at junit.framework.TestResult$1.protect(TestResult.java:110)
	at junit.framework.TestResult.runProtected(TestResult.java:128)
	at junit.framework.TestResult.run(TestResult.java:113)
	at junit.framework.TestCase.run(TestCase.java:124)
	at junit.framework.TestSuite.runTest(TestSuite.java:232)
	at junit.framework.TestSuite.run(TestSuite.java:227)
	at junit.framework.TestSuite.runTest(TestSuite.java:232)
	at junit.framework.TestSuite.run(TestSuite.java:227)
	at junit.framework.TestSuite.runTest(TestSuite.java:232)
	at junit.framework.TestSuite.run(TestSuite.java:227)
	at org.apache.tools.ant.taskdefs.optional.junit.JUnitTestRunner.run(JUnitTestRunner.java:421)
	at org.apache.tools.ant.taskdefs.optional.junit.JUnitTestRunner.launch(JUnitTestRunner.java:912)
	at org.apache.tools.ant.taskdefs.optional.junit.JUnitTestRunner.main(JUnitTestRunner.java:766)
[Entering method {com.topcoder.confluence.webservice.bean.ConfluenceManagementServiceBean.retrievePage}]
[Input parameters[{token}:{  },{pageName}:{page name},{version}:{  },{assetType}:{APPLICATION_ARCHITECTURE},{catalog}:{DOT_NET},{componentType}:{CUSTOM}]]
[Error in method {com.topcoder.confluence.webservice.bean.ConfluenceManagementServiceBean.retrievePage}:Details {version should not be empty.}]
java.lang.IllegalArgumentException: version should not be empty.
	at com.topcoder.confluence.webservice.Helper.checkStringNullOrEmptyAndLog(Helper.java:422)
	at com.topcoder.confluence.webservice.bean.ConfluenceManagementServiceBean.retrievePage(ConfluenceManagementServiceBean.java:614)
	at com.topcoder.confluence.webservice.bean.ConfluenceManagementServiceBeanTests.test_retrievePage_with_ComponentType_Failure5(ConfluenceManagementServiceBeanTests.java:1419)
	at sun.reflect.NativeMethodAccessorImpl.invoke0(Native Method)
	at sun.reflect.NativeMethodAccessorImpl.invoke(Unknown Source)
	at sun.reflect.DelegatingMethodAccessorImpl.invoke(Unknown Source)
	at java.lang.reflect.Method.invoke(Unknown Source)
	at junit.framework.TestCase.runTest(TestCase.java:168)
	at junit.framework.TestCase.runBare(TestCase.java:134)
	at junit.framework.TestResult$1.protect(TestResult.java:110)
	at junit.framework.TestResult.runProtected(TestResult.java:128)
	at junit.framework.TestResult.run(TestResult.java:113)
	at junit.framework.TestCase.run(TestCase.java:124)
	at junit.framework.TestSuite.runTest(TestSuite.java:232)
	at junit.framework.TestSuite.run(TestSuite.java:227)
	at junit.framework.TestSuite.runTest(TestSuite.java:232)
	at junit.framework.TestSuite.run(TestSuite.java:227)
	at junit.framework.TestSuite.runTest(TestSuite.java:232)
	at junit.framework.TestSuite.run(TestSuite.java:227)
	at org.apache.tools.ant.taskdefs.optional.junit.JUnitTestRunner.run(JUnitTestRunner.java:421)
	at org.apache.tools.ant.taskdefs.optional.junit.JUnitTestRunner.launch(JUnitTestRunner.java:912)
	at org.apache.tools.ant.taskdefs.optional.junit.JUnitTestRunner.main(JUnitTestRunner.java:766)
[Entering method {com.topcoder.confluence.webservice.bean.ConfluenceManagementServiceBean.retrievePage}]
[Input parameters[{token}:{  },{pageName}:{page name},{version}:{2},{assetType}:{},{catalog}:{DOT_NET},{componentType}:{CUSTOM}]]
[Error in method {com.topcoder.confluence.webservice.bean.ConfluenceManagementServiceBean.retrievePage}:Details {assetType should not be null.}]
java.lang.IllegalArgumentException: assetType should not be null.
	at com.topcoder.confluence.webservice.Helper.checkNullAndLog(Helper.java:395)
	at com.topcoder.confluence.webservice.bean.ConfluenceManagementServiceBean.retrievePage(ConfluenceManagementServiceBean.java:615)
	at com.topcoder.confluence.webservice.bean.ConfluenceManagementServiceBeanTests.test_retrievePage_with_ComponentType_Failure6(ConfluenceManagementServiceBeanTests.java:1439)
	at sun.reflect.NativeMethodAccessorImpl.invoke0(Native Method)
	at sun.reflect.NativeMethodAccessorImpl.invoke(Unknown Source)
	at sun.reflect.DelegatingMethodAccessorImpl.invoke(Unknown Source)
	at java.lang.reflect.Method.invoke(Unknown Source)
	at junit.framework.TestCase.runTest(TestCase.java:168)
	at junit.framework.TestCase.runBare(TestCase.java:134)
	at junit.framework.TestResult$1.protect(TestResult.java:110)
	at junit.framework.TestResult.runProtected(TestResult.java:128)
	at junit.framework.TestResult.run(TestResult.java:113)
	at junit.framework.TestCase.run(TestCase.java:124)
	at junit.framework.TestSuite.runTest(TestSuite.java:232)
	at junit.framework.TestSuite.run(TestSuite.java:227)
	at junit.framework.TestSuite.runTest(TestSuite.java:232)
	at junit.framework.TestSuite.run(TestSuite.java:227)
	at junit.framework.TestSuite.runTest(TestSuite.java:232)
	at junit.framework.TestSuite.run(TestSuite.java:227)
	at org.apache.tools.ant.taskdefs.optional.junit.JUnitTestRunner.run(JUnitTestRunner.java:421)
	at org.apache.tools.ant.taskdefs.optional.junit.JUnitTestRunner.launch(JUnitTestRunner.java:912)
	at org.apache.tools.ant.taskdefs.optional.junit.JUnitTestRunner.main(JUnitTestRunner.java:766)
[Entering method {com.topcoder.confluence.webservice.bean.ConfluenceManagementServiceBean.retrievePage}]
[Input parameters[{token}:{  },{pageName}:{page name},{version}:{2},{assetType}:{APPLICATION_TESTING},{catalog}:{},{componentType}:{CUSTOM}]]
[Error in method {com.topcoder.confluence.webservice.bean.ConfluenceManagementServiceBean.retrievePage}:Details {catalog should not be null.}]
java.lang.IllegalArgumentException: catalog should not be null.
	at com.topcoder.confluence.webservice.Helper.checkNullAndLog(Helper.java:395)
	at com.topcoder.confluence.webservice.bean.ConfluenceManagementServiceBean.retrievePage(ConfluenceManagementServiceBean.java:616)
	at com.topcoder.confluence.webservice.bean.ConfluenceManagementServiceBeanTests.test_retrievePage_with_ComponentType_Failure7(ConfluenceManagementServiceBeanTests.java:1458)
	at sun.reflect.NativeMethodAccessorImpl.invoke0(Native Method)
	at sun.reflect.NativeMethodAccessorImpl.invoke(Unknown Source)
	at sun.reflect.DelegatingMethodAccessorImpl.invoke(Unknown Source)
	at java.lang.reflect.Method.invoke(Unknown Source)
	at junit.framework.TestCase.runTest(TestCase.java:168)
	at junit.framework.TestCase.runBare(TestCase.java:134)
	at junit.framework.TestResult$1.protect(TestResult.java:110)
	at junit.framework.TestResult.runProtected(TestResult.java:128)
	at junit.framework.TestResult.run(TestResult.java:113)
	at junit.framework.TestCase.run(TestCase.java:124)
	at junit.framework.TestSuite.runTest(TestSuite.java:232)
	at junit.framework.TestSuite.run(TestSuite.java:227)
	at junit.framework.TestSuite.runTest(TestSuite.java:232)
	at junit.framework.TestSuite.run(TestSuite.java:227)
	at junit.framework.TestSuite.runTest(TestSuite.java:232)
	at junit.framework.TestSuite.run(TestSuite.java:227)
	at org.apache.tools.ant.taskdefs.optional.junit.JUnitTestRunner.run(JUnitTestRunner.java:421)
	at org.apache.tools.ant.taskdefs.optional.junit.JUnitTestRunner.launch(JUnitTestRunner.java:912)
	at org.apache.tools.ant.taskdefs.optional.junit.JUnitTestRunner.main(JUnitTestRunner.java:766)
[Entering method {com.topcoder.confluence.webservice.bean.ConfluenceManagementServiceBean.retrievePage}]
[Input parameters[{token}:{  },{pageName}:{page name},{version}:{2},{assetType}:{APPLICATION_TESTING},{catalog}:{JAVA},{componentType}:{}]]
[Error in method {com.topcoder.confluence.webservice.bean.ConfluenceManagementServiceBean.retrievePage}:Details {componentType should not be null.}]
java.lang.IllegalArgumentException: componentType should not be null.
	at com.topcoder.confluence.webservice.Helper.checkNullAndLog(Helper.java:395)
	at com.topcoder.confluence.webservice.bean.ConfluenceManagementServiceBean.retrievePage(ConfluenceManagementServiceBean.java:617)
	at com.topcoder.confluence.webservice.bean.ConfluenceManagementServiceBeanTests.test_retrievePage_with_ComponentType_Failure8(ConfluenceManagementServiceBeanTests.java:1478)
	at sun.reflect.NativeMethodAccessorImpl.invoke0(Native Method)
	at sun.reflect.NativeMethodAccessorImpl.invoke(Unknown Source)
	at sun.reflect.DelegatingMethodAccessorImpl.invoke(Unknown Source)
	at java.lang.reflect.Method.invoke(Unknown Source)
	at junit.framework.TestCase.runTest(TestCase.java:168)
	at junit.framework.TestCase.runBare(TestCase.java:134)
	at junit.framework.TestResult$1.protect(TestResult.java:110)
	at junit.framework.TestResult.runProtected(TestResult.java:128)
	at junit.framework.TestResult.run(TestResult.java:113)
	at junit.framework.TestCase.run(TestCase.java:124)
	at junit.framework.TestSuite.runTest(TestSuite.java:232)
	at junit.framework.TestSuite.run(TestSuite.java:227)
	at junit.framework.TestSuite.runTest(TestSuite.java:232)
	at junit.framework.TestSuite.run(TestSuite.java:227)
	at junit.framework.TestSuite.runTest(TestSuite.java:232)
	at junit.framework.TestSuite.run(TestSuite.java:227)
	at org.apache.tools.ant.taskdefs.optional.junit.JUnitTestRunner.run(JUnitTestRunner.java:421)
	at org.apache.tools.ant.taskdefs.optional.junit.JUnitTestRunner.launch(JUnitTestRunner.java:912)
	at org.apache.tools.ant.taskdefs.optional.junit.JUnitTestRunner.main(JUnitTestRunner.java:766)
[Entering method {com.topcoder.confluence.webservice.bean.ConfluenceManagementServiceBean.retrievePage}]
[Input parameters[{token}:{ },{pageName}:{page name},{version}:{2},{assetType}:{APPLICATION_ARCHITECTURE},{catalog}:{DOT_NET},{componentType}:{CUSTOM}]]
[Error in method {com.topcoder.confluence.webservice.bean.ConfluenceManagementServiceBean.retrievePage}:Details {Confluence connection error occured when calling method named-com.topcoder.confluence.webservice.bean.ConfluenceManagementServiceBean.retrievePage.}]
com.topcoder.confluence.webservice.ConfluenceManagementServiceConnectionException: Confluence connection error occured when calling method named-com.topcoder.confluence.webservice.bean.ConfluenceManagementServiceBean.retrievePage.
	at com.topcoder.confluence.webservice.bean.ConfluenceManagementServiceBean.logConfluenceException(ConfluenceManagementServiceBean.java:302)
	at com.topcoder.confluence.webservice.bean.ConfluenceManagementServiceBean.retrievePage(ConfluenceManagementServiceBean.java:627)
	at com.topcoder.confluence.webservice.bean.ConfluenceManagementServiceBeanTests.test_retrievePage_with_ComponentType_Failure9(ConfluenceManagementServiceBeanTests.java:1501)
	at sun.reflect.NativeMethodAccessorImpl.invoke0(Native Method)
	at sun.reflect.NativeMethodAccessorImpl.invoke(Unknown Source)
	at sun.reflect.DelegatingMethodAccessorImpl.invoke(Unknown Source)
	at java.lang.reflect.Method.invoke(Unknown Source)
	at junit.framework.TestCase.runTest(TestCase.java:168)
	at junit.framework.TestCase.runBare(TestCase.java:134)
	at junit.framework.TestResult$1.protect(TestResult.java:110)
	at junit.framework.TestResult.runProtected(TestResult.java:128)
	at junit.framework.TestResult.run(TestResult.java:113)
	at junit.framework.TestCase.run(TestCase.java:124)
	at junit.framework.TestSuite.runTest(TestSuite.java:232)
	at junit.framework.TestSuite.run(TestSuite.java:227)
	at junit.framework.TestSuite.runTest(TestSuite.java:232)
	at junit.framework.TestSuite.run(TestSuite.java:227)
	at junit.framework.TestSuite.runTest(TestSuite.java:232)
	at junit.framework.TestSuite.run(TestSuite.java:227)
	at org.apache.tools.ant.taskdefs.optional.junit.JUnitTestRunner.run(JUnitTestRunner.java:421)
	at org.apache.tools.ant.taskdefs.optional.junit.JUnitTestRunner.launch(JUnitTestRunner.java:912)
	at org.apache.tools.ant.taskdefs.optional.junit.JUnitTestRunner.main(JUnitTestRunner.java:766)
[Entering method {com.topcoder.confluence.webservice.bean.ConfluenceManagementServiceBean.retrievePage}]
[Input parameters[{token}:{ },{pageName}:{page name},{version}:{2},{assetType}:{APPLICATION_ARCHITECTURE},{catalog}:{DOT_NET},{componentType}:{CUSTOM}]]
[Error in method {com.topcoder.confluence.webservice.bean.ConfluenceManagementServiceBean.retrievePage}:Details {Any confluence manager error occured when calling method named-com.topcoder.confluence.webservice.bean.ConfluenceManagementServiceBean.retrievePage.}]
com.topcoder.confluence.webservice.ConfluenceManagementServiceException: Any confluence manager error occured when calling method named-com.topcoder.confluence.webservice.bean.ConfluenceManagementServiceBean.retrievePage.
	at com.topcoder.confluence.webservice.bean.ConfluenceManagementServiceBean.logConfluenceException(ConfluenceManagementServiceBean.java:325)
	at com.topcoder.confluence.webservice.bean.ConfluenceManagementServiceBean.retrievePage(ConfluenceManagementServiceBean.java:627)
	at com.topcoder.confluence.webservice.bean.ConfluenceManagementServiceBeanTests.test_retrievePage_with_ComponentType_Failure10(ConfluenceManagementServiceBeanTests.java:1526)
	at sun.reflect.NativeMethodAccessorImpl.invoke0(Native Method)
	at sun.reflect.NativeMethodAccessorImpl.invoke(Unknown Source)
	at sun.reflect.DelegatingMethodAccessorImpl.invoke(Unknown Source)
	at java.lang.reflect.Method.invoke(Unknown Source)
	at junit.framework.TestCase.runTest(TestCase.java:168)
	at junit.framework.TestCase.runBare(TestCase.java:134)
	at junit.framework.TestResult$1.protect(TestResult.java:110)
	at junit.framework.TestResult.runProtected(TestResult.java:128)
	at junit.framework.TestResult.run(TestResult.java:113)
	at junit.framework.TestCase.run(TestCase.java:124)
	at junit.framework.TestSuite.runTest(TestSuite.java:232)
	at junit.framework.TestSuite.run(TestSuite.java:227)
	at junit.framework.TestSuite.runTest(TestSuite.java:232)
	at junit.framework.TestSuite.run(TestSuite.java:227)
	at junit.framework.TestSuite.runTest(TestSuite.java:232)
	at junit.framework.TestSuite.run(TestSuite.java:227)
	at org.apache.tools.ant.taskdefs.optional.junit.JUnitTestRunner.run(JUnitTestRunner.java:421)
	at org.apache.tools.ant.taskdefs.optional.junit.JUnitTestRunner.launch(JUnitTestRunner.java:912)
	at org.apache.tools.ant.taskdefs.optional.junit.JUnitTestRunner.main(JUnitTestRunner.java:766)
[Entering method {com.topcoder.confluence.webservice.bean.ConfluenceManagementServiceBean.retrievePage}]
[Input parameters[{token}:{ },{pageName}:{page name},{version}:{2},{assetType}:{APPLICATION_ARCHITECTURE},{catalog}:{DOT_NET},{componentType}:{CUSTOM}]]
[Error in method {com.topcoder.confluence.webservice.bean.ConfluenceManagementServiceBean.retrievePage}:Details {Confluence authorization failed when calling method named-com.topcoder.confluence.webservice.bean.ConfluenceManagementServiceBean.retrievePage.}]
com.topcoder.confluence.webservice.ConfluenceManagementServiceNotAuthorizedException: Confluence authorization failed when calling method named-com.topcoder.confluence.webservice.bean.ConfluenceManagementServiceBean.retrievePage.
	at com.topcoder.confluence.webservice.bean.ConfluenceManagementServiceBean.logConfluenceException(ConfluenceManagementServiceBean.java:318)
	at com.topcoder.confluence.webservice.bean.ConfluenceManagementServiceBean.retrievePage(ConfluenceManagementServiceBean.java:627)
	at com.topcoder.confluence.webservice.bean.ConfluenceManagementServiceBeanTests.test_retrievePage_with_ComponentType_Failure11(ConfluenceManagementServiceBeanTests.java:1551)
	at sun.reflect.NativeMethodAccessorImpl.invoke0(Native Method)
	at sun.reflect.NativeMethodAccessorImpl.invoke(Unknown Source)
	at sun.reflect.DelegatingMethodAccessorImpl.invoke(Unknown Source)
	at java.lang.reflect.Method.invoke(Unknown Source)
	at junit.framework.TestCase.runTest(TestCase.java:168)
	at junit.framework.TestCase.runBare(TestCase.java:134)
	at junit.framework.TestResult$1.protect(TestResult.java:110)
	at junit.framework.TestResult.runProtected(TestResult.java:128)
	at junit.framework.TestResult.run(TestResult.java:113)
	at junit.framework.TestCase.run(TestCase.java:124)
	at junit.framework.TestSuite.runTest(TestSuite.java:232)
	at junit.framework.TestSuite.run(TestSuite.java:227)
	at junit.framework.TestSuite.runTest(TestSuite.java:232)
	at junit.framework.TestSuite.run(TestSuite.java:227)
	at junit.framework.TestSuite.runTest(TestSuite.java:232)
	at junit.framework.TestSuite.run(TestSuite.java:227)
	at org.apache.tools.ant.taskdefs.optional.junit.JUnitTestRunner.run(JUnitTestRunner.java:421)
	at org.apache.tools.ant.taskdefs.optional.junit.JUnitTestRunner.launch(JUnitTestRunner.java:912)
	at org.apache.tools.ant.taskdefs.optional.junit.JUnitTestRunner.main(JUnitTestRunner.java:766)
[Entering method {com.topcoder.confluence.webservice.bean.ConfluenceManagementServiceBean.retrievePage}]
[Input parameters[{token}:{ },{pageName}:{page name},{version}:{2},{assetType}:{APPLICATION_ARCHITECTURE},{catalog}:{DOT_NET},{applicationCode}:{application code}]]
[Exiting method {com.topcoder.confluence.webservice.bean.ConfluenceManagementServiceBean.retrievePage}]
[Output parameter {basePageUrl:page nameUrl,versionUrl:,assetName:,version:2,applicationCode:application code,content:,assetType:APPLICATION_ARCHITECTURE,catalog:DOT_NET,componentType:}]
[Entering method {com.topcoder.confluence.webservice.bean.ConfluenceManagementServiceBean.createPage}]
[Input parameters[{token}:{},{pageName}:{page name},{version}:{3},{assetType}:{APPLICATION_ARCHITECTURE},{catalog}:{DOT_NET},{applicationCode}:{code}]]
[Error in method {com.topcoder.confluence.webservice.bean.ConfluenceManagementServiceBean.createPage}:Details {token should not be null.}]
java.lang.IllegalArgumentException: token should not be null.
	at com.topcoder.confluence.webservice.Helper.checkNullAndLog(Helper.java:395)
	at com.topcoder.confluence.webservice.bean.ConfluenceManagementServiceBean.createPage(ConfluenceManagementServiceBean.java:512)
	at com.topcoder.confluence.webservice.bean.ConfluenceManagementServiceBeanTests.test_retrievePage_with_applicationCode_Failure1(ConfluenceManagementServiceBeanTests.java:1596)
	at sun.reflect.NativeMethodAccessorImpl.invoke0(Native Method)
	at sun.reflect.NativeMethodAccessorImpl.invoke(Unknown Source)
	at sun.reflect.DelegatingMethodAccessorImpl.invoke(Unknown Source)
	at java.lang.reflect.Method.invoke(Unknown Source)
	at junit.framework.TestCase.runTest(TestCase.java:168)
	at junit.framework.TestCase.runBare(TestCase.java:134)
	at junit.framework.TestResult$1.protect(TestResult.java:110)
	at junit.framework.TestResult.runProtected(TestResult.java:128)
	at junit.framework.TestResult.run(TestResult.java:113)
	at junit.framework.TestCase.run(TestCase.java:124)
	at junit.framework.TestSuite.runTest(TestSuite.java:232)
	at junit.framework.TestSuite.run(TestSuite.java:227)
	at junit.framework.TestSuite.runTest(TestSuite.java:232)
	at junit.framework.TestSuite.run(TestSuite.java:227)
	at junit.framework.TestSuite.runTest(TestSuite.java:232)
	at junit.framework.TestSuite.run(TestSuite.java:227)
	at org.apache.tools.ant.taskdefs.optional.junit.JUnitTestRunner.run(JUnitTestRunner.java:421)
	at org.apache.tools.ant.taskdefs.optional.junit.JUnitTestRunner.launch(JUnitTestRunner.java:912)
	at org.apache.tools.ant.taskdefs.optional.junit.JUnitTestRunner.main(JUnitTestRunner.java:766)
[Entering method {com.topcoder.confluence.webservice.bean.ConfluenceManagementServiceBean.createPage}]
[Input parameters[{token}:{  },{pageName}:{},{version}:{3},{assetType}:{APPLICATION_ARCHITECTURE},{catalog}:{DOT_NET},{applicationCode}:{code}]]
[Error in method {com.topcoder.confluence.webservice.bean.ConfluenceManagementServiceBean.createPage}:Details {pageName should not be null.}]
java.lang.IllegalArgumentException: pageName should not be null.
	at com.topcoder.confluence.webservice.Helper.checkNullAndLog(Helper.java:395)
	at com.topcoder.confluence.webservice.Helper.checkStringNullOrEmptyAndLog(Helper.java:419)
	at com.topcoder.confluence.webservice.bean.ConfluenceManagementServiceBean.createPage(ConfluenceManagementServiceBean.java:513)
	at com.topcoder.confluence.webservice.bean.ConfluenceManagementServiceBeanTests.test_retrievePage_with_applicationCode_Failure2(ConfluenceManagementServiceBeanTests.java:1616)
	at sun.reflect.NativeMethodAccessorImpl.invoke0(Native Method)
	at sun.reflect.NativeMethodAccessorImpl.invoke(Unknown Source)
	at sun.reflect.DelegatingMethodAccessorImpl.invoke(Unknown Source)
	at java.lang.reflect.Method.invoke(Unknown Source)
	at junit.framework.TestCase.runTest(TestCase.java:168)
	at junit.framework.TestCase.runBare(TestCase.java:134)
	at junit.framework.TestResult$1.protect(TestResult.java:110)
	at junit.framework.TestResult.runProtected(TestResult.java:128)
	at junit.framework.TestResult.run(TestResult.java:113)
	at junit.framework.TestCase.run(TestCase.java:124)
	at junit.framework.TestSuite.runTest(TestSuite.java:232)
	at junit.framework.TestSuite.run(TestSuite.java:227)
	at junit.framework.TestSuite.runTest(TestSuite.java:232)
	at junit.framework.TestSuite.run(TestSuite.java:227)
	at junit.framework.TestSuite.runTest(TestSuite.java:232)
	at junit.framework.TestSuite.run(TestSuite.java:227)
	at org.apache.tools.ant.taskdefs.optional.junit.JUnitTestRunner.run(JUnitTestRunner.java:421)
	at org.apache.tools.ant.taskdefs.optional.junit.JUnitTestRunner.launch(JUnitTestRunner.java:912)
	at org.apache.tools.ant.taskdefs.optional.junit.JUnitTestRunner.main(JUnitTestRunner.java:766)
[Entering method {com.topcoder.confluence.webservice.bean.ConfluenceManagementServiceBean.createPage}]
[Input parameters[{token}:{  },{pageName}:{  },{version}:{3},{assetType}:{APPLICATION_ARCHITECTURE},{catalog}:{DOT_NET},{applicationCode}:{code}]]
[Error in method {com.topcoder.confluence.webservice.bean.ConfluenceManagementServiceBean.createPage}:Details {pageName should not be empty.}]
java.lang.IllegalArgumentException: pageName should not be empty.
	at com.topcoder.confluence.webservice.Helper.checkStringNullOrEmptyAndLog(Helper.java:422)
	at com.topcoder.confluence.webservice.bean.ConfluenceManagementServiceBean.createPage(ConfluenceManagementServiceBean.java:513)
	at com.topcoder.confluence.webservice.bean.ConfluenceManagementServiceBeanTests.test_retrievePage_with_applicationCode_Failure3(ConfluenceManagementServiceBeanTests.java:1636)
	at sun.reflect.NativeMethodAccessorImpl.invoke0(Native Method)
	at sun.reflect.NativeMethodAccessorImpl.invoke(Unknown Source)
	at sun.reflect.DelegatingMethodAccessorImpl.invoke(Unknown Source)
	at java.lang.reflect.Method.invoke(Unknown Source)
	at junit.framework.TestCase.runTest(TestCase.java:168)
	at junit.framework.TestCase.runBare(TestCase.java:134)
	at junit.framework.TestResult$1.protect(TestResult.java:110)
	at junit.framework.TestResult.runProtected(TestResult.java:128)
	at junit.framework.TestResult.run(TestResult.java:113)
	at junit.framework.TestCase.run(TestCase.java:124)
	at junit.framework.TestSuite.runTest(TestSuite.java:232)
	at junit.framework.TestSuite.run(TestSuite.java:227)
	at junit.framework.TestSuite.runTest(TestSuite.java:232)
	at junit.framework.TestSuite.run(TestSuite.java:227)
	at junit.framework.TestSuite.runTest(TestSuite.java:232)
	at junit.framework.TestSuite.run(TestSuite.java:227)
	at org.apache.tools.ant.taskdefs.optional.junit.JUnitTestRunner.run(JUnitTestRunner.java:421)
	at org.apache.tools.ant.taskdefs.optional.junit.JUnitTestRunner.launch(JUnitTestRunner.java:912)
	at org.apache.tools.ant.taskdefs.optional.junit.JUnitTestRunner.main(JUnitTestRunner.java:766)
[Entering method {com.topcoder.confluence.webservice.bean.ConfluenceManagementServiceBean.createPage}]
[Input parameters[{token}:{  },{pageName}:{page name},{version}:{},{assetType}:{APPLICATION_ARCHITECTURE},{catalog}:{DOT_NET},{applicationCode}:{code}]]
[Error in method {com.topcoder.confluence.webservice.bean.ConfluenceManagementServiceBean.createPage}:Details {version should not be null.}]
java.lang.IllegalArgumentException: version should not be null.
	at com.topcoder.confluence.webservice.Helper.checkNullAndLog(Helper.java:395)
	at com.topcoder.confluence.webservice.Helper.checkStringNullOrEmptyAndLog(Helper.java:419)
	at com.topcoder.confluence.webservice.bean.ConfluenceManagementServiceBean.createPage(ConfluenceManagementServiceBean.java:514)
	at com.topcoder.confluence.webservice.bean.ConfluenceManagementServiceBeanTests.test_retrievePage_with_applicationCode_Failure4(ConfluenceManagementServiceBeanTests.java:1656)
	at sun.reflect.NativeMethodAccessorImpl.invoke0(Native Method)
	at sun.reflect.NativeMethodAccessorImpl.invoke(Unknown Source)
	at sun.reflect.DelegatingMethodAccessorImpl.invoke(Unknown Source)
	at java.lang.reflect.Method.invoke(Unknown Source)
	at junit.framework.TestCase.runTest(TestCase.java:168)
	at junit.framework.TestCase.runBare(TestCase.java:134)
	at junit.framework.TestResult$1.protect(TestResult.java:110)
	at junit.framework.TestResult.runProtected(TestResult.java:128)
	at junit.framework.TestResult.run(TestResult.java:113)
	at junit.framework.TestCase.run(TestCase.java:124)
	at junit.framework.TestSuite.runTest(TestSuite.java:232)
	at junit.framework.TestSuite.run(TestSuite.java:227)
	at junit.framework.TestSuite.runTest(TestSuite.java:232)
	at junit.framework.TestSuite.run(TestSuite.java:227)
	at junit.framework.TestSuite.runTest(TestSuite.java:232)
	at junit.framework.TestSuite.run(TestSuite.java:227)
	at org.apache.tools.ant.taskdefs.optional.junit.JUnitTestRunner.run(JUnitTestRunner.java:421)
	at org.apache.tools.ant.taskdefs.optional.junit.JUnitTestRunner.launch(JUnitTestRunner.java:912)
	at org.apache.tools.ant.taskdefs.optional.junit.JUnitTestRunner.main(JUnitTestRunner.java:766)
[Entering method {com.topcoder.confluence.webservice.bean.ConfluenceManagementServiceBean.createPage}]
[Input parameters[{token}:{  },{pageName}:{page name},{version}:{  },{assetType}:{APPLICATION_ARCHITECTURE},{catalog}:{DOT_NET},{applicationCode}:{code}]]
[Error in method {com.topcoder.confluence.webservice.bean.ConfluenceManagementServiceBean.createPage}:Details {version should not be empty.}]
java.lang.IllegalArgumentException: version should not be empty.
	at com.topcoder.confluence.webservice.Helper.checkStringNullOrEmptyAndLog(Helper.java:422)
	at com.topcoder.confluence.webservice.bean.ConfluenceManagementServiceBean.createPage(ConfluenceManagementServiceBean.java:514)
	at com.topcoder.confluence.webservice.bean.ConfluenceManagementServiceBeanTests.test_retrievePage_with_applicationCode_Failure5(ConfluenceManagementServiceBeanTests.java:1676)
	at sun.reflect.NativeMethodAccessorImpl.invoke0(Native Method)
	at sun.reflect.NativeMethodAccessorImpl.invoke(Unknown Source)
	at sun.reflect.DelegatingMethodAccessorImpl.invoke(Unknown Source)
	at java.lang.reflect.Method.invoke(Unknown Source)
	at junit.framework.TestCase.runTest(TestCase.java:168)
	at junit.framework.TestCase.runBare(TestCase.java:134)
	at junit.framework.TestResult$1.protect(TestResult.java:110)
	at junit.framework.TestResult.runProtected(TestResult.java:128)
	at junit.framework.TestResult.run(TestResult.java:113)
	at junit.framework.TestCase.run(TestCase.java:124)
	at junit.framework.TestSuite.runTest(TestSuite.java:232)
	at junit.framework.TestSuite.run(TestSuite.java:227)
	at junit.framework.TestSuite.runTest(TestSuite.java:232)
	at junit.framework.TestSuite.run(TestSuite.java:227)
	at junit.framework.TestSuite.runTest(TestSuite.java:232)
	at junit.framework.TestSuite.run(TestSuite.java:227)
	at org.apache.tools.ant.taskdefs.optional.junit.JUnitTestRunner.run(JUnitTestRunner.java:421)
	at org.apache.tools.ant.taskdefs.optional.junit.JUnitTestRunner.launch(JUnitTestRunner.java:912)
	at org.apache.tools.ant.taskdefs.optional.junit.JUnitTestRunner.main(JUnitTestRunner.java:766)
[Entering method {com.topcoder.confluence.webservice.bean.ConfluenceManagementServiceBean.createPage}]
[Input parameters[{token}:{  },{pageName}:{page name},{version}:{2},{assetType}:{},{catalog}:{DOT_NET},{applicationCode}:{code}]]
[Error in method {com.topcoder.confluence.webservice.bean.ConfluenceManagementServiceBean.createPage}:Details {assetType should not be null.}]
java.lang.IllegalArgumentException: assetType should not be null.
	at com.topcoder.confluence.webservice.Helper.checkNullAndLog(Helper.java:395)
	at com.topcoder.confluence.webservice.bean.ConfluenceManagementServiceBean.createPage(ConfluenceManagementServiceBean.java:515)
	at com.topcoder.confluence.webservice.bean.ConfluenceManagementServiceBeanTests.test_retrievePage_with_applicationCode_Failure6(ConfluenceManagementServiceBeanTests.java:1696)
	at sun.reflect.NativeMethodAccessorImpl.invoke0(Native Method)
	at sun.reflect.NativeMethodAccessorImpl.invoke(Unknown Source)
	at sun.reflect.DelegatingMethodAccessorImpl.invoke(Unknown Source)
	at java.lang.reflect.Method.invoke(Unknown Source)
	at junit.framework.TestCase.runTest(TestCase.java:168)
	at junit.framework.TestCase.runBare(TestCase.java:134)
	at junit.framework.TestResult$1.protect(TestResult.java:110)
	at junit.framework.TestResult.runProtected(TestResult.java:128)
	at junit.framework.TestResult.run(TestResult.java:113)
	at junit.framework.TestCase.run(TestCase.java:124)
	at junit.framework.TestSuite.runTest(TestSuite.java:232)
	at junit.framework.TestSuite.run(TestSuite.java:227)
	at junit.framework.TestSuite.runTest(TestSuite.java:232)
	at junit.framework.TestSuite.run(TestSuite.java:227)
	at junit.framework.TestSuite.runTest(TestSuite.java:232)
	at junit.framework.TestSuite.run(TestSuite.java:227)
	at org.apache.tools.ant.taskdefs.optional.junit.JUnitTestRunner.run(JUnitTestRunner.java:421)
	at org.apache.tools.ant.taskdefs.optional.junit.JUnitTestRunner.launch(JUnitTestRunner.java:912)
	at org.apache.tools.ant.taskdefs.optional.junit.JUnitTestRunner.main(JUnitTestRunner.java:766)
[Entering method {com.topcoder.confluence.webservice.bean.ConfluenceManagementServiceBean.createPage}]
[Input parameters[{token}:{  },{pageName}:{page name},{version}:{2},{assetType}:{APPLICATION_TESTING},{catalog}:{},{applicationCode}:{code}]]
[Error in method {com.topcoder.confluence.webservice.bean.ConfluenceManagementServiceBean.createPage}:Details {catalog should not be null.}]
java.lang.IllegalArgumentException: catalog should not be null.
	at com.topcoder.confluence.webservice.Helper.checkNullAndLog(Helper.java:395)
	at com.topcoder.confluence.webservice.bean.ConfluenceManagementServiceBean.createPage(ConfluenceManagementServiceBean.java:516)
	at com.topcoder.confluence.webservice.bean.ConfluenceManagementServiceBeanTests.test_retrievePage_with_applicationCode_Failure7(ConfluenceManagementServiceBeanTests.java:1715)
	at sun.reflect.NativeMethodAccessorImpl.invoke0(Native Method)
	at sun.reflect.NativeMethodAccessorImpl.invoke(Unknown Source)
	at sun.reflect.DelegatingMethodAccessorImpl.invoke(Unknown Source)
	at java.lang.reflect.Method.invoke(Unknown Source)
	at junit.framework.TestCase.runTest(TestCase.java:168)
	at junit.framework.TestCase.runBare(TestCase.java:134)
	at junit.framework.TestResult$1.protect(TestResult.java:110)
	at junit.framework.TestResult.runProtected(TestResult.java:128)
	at junit.framework.TestResult.run(TestResult.java:113)
	at junit.framework.TestCase.run(TestCase.java:124)
	at junit.framework.TestSuite.runTest(TestSuite.java:232)
	at junit.framework.TestSuite.run(TestSuite.java:227)
	at junit.framework.TestSuite.runTest(TestSuite.java:232)
	at junit.framework.TestSuite.run(TestSuite.java:227)
	at junit.framework.TestSuite.runTest(TestSuite.java:232)
	at junit.framework.TestSuite.run(TestSuite.java:227)
	at org.apache.tools.ant.taskdefs.optional.junit.JUnitTestRunner.run(JUnitTestRunner.java:421)
	at org.apache.tools.ant.taskdefs.optional.junit.JUnitTestRunner.launch(JUnitTestRunner.java:912)
	at org.apache.tools.ant.taskdefs.optional.junit.JUnitTestRunner.main(JUnitTestRunner.java:766)
[Entering method {com.topcoder.confluence.webservice.bean.ConfluenceManagementServiceBean.createPage}]
[Input parameters[{token}:{  },{pageName}:{page name},{version}:{2},{assetType}:{APPLICATION_TESTING},{catalog}:{JAVA},{applicationCode}:{}]]
[Error in method {com.topcoder.confluence.webservice.bean.ConfluenceManagementServiceBean.createPage}:Details {applicationCode should not be null.}]
java.lang.IllegalArgumentException: applicationCode should not be null.
	at com.topcoder.confluence.webservice.Helper.checkNullAndLog(Helper.java:395)
	at com.topcoder.confluence.webservice.Helper.checkStringNullOrEmptyAndLog(Helper.java:419)
	at com.topcoder.confluence.webservice.bean.ConfluenceManagementServiceBean.createPage(ConfluenceManagementServiceBean.java:517)
	at com.topcoder.confluence.webservice.bean.ConfluenceManagementServiceBeanTests.test_retrievePage_with_applicationCode_Failure8(ConfluenceManagementServiceBeanTests.java:1734)
	at sun.reflect.NativeMethodAccessorImpl.invoke0(Native Method)
	at sun.reflect.NativeMethodAccessorImpl.invoke(Unknown Source)
	at sun.reflect.DelegatingMethodAccessorImpl.invoke(Unknown Source)
	at java.lang.reflect.Method.invoke(Unknown Source)
	at junit.framework.TestCase.runTest(TestCase.java:168)
	at junit.framework.TestCase.runBare(TestCase.java:134)
	at junit.framework.TestResult$1.protect(TestResult.java:110)
	at junit.framework.TestResult.runProtected(TestResult.java:128)
	at junit.framework.TestResult.run(TestResult.java:113)
	at junit.framework.TestCase.run(TestCase.java:124)
	at junit.framework.TestSuite.runTest(TestSuite.java:232)
	at junit.framework.TestSuite.run(TestSuite.java:227)
	at junit.framework.TestSuite.runTest(TestSuite.java:232)
	at junit.framework.TestSuite.run(TestSuite.java:227)
	at junit.framework.TestSuite.runTest(TestSuite.java:232)
	at junit.framework.TestSuite.run(TestSuite.java:227)
	at org.apache.tools.ant.taskdefs.optional.junit.JUnitTestRunner.run(JUnitTestRunner.java:421)
	at org.apache.tools.ant.taskdefs.optional.junit.JUnitTestRunner.launch(JUnitTestRunner.java:912)
	at org.apache.tools.ant.taskdefs.optional.junit.JUnitTestRunner.main(JUnitTestRunner.java:766)
[Entering method {com.topcoder.confluence.webservice.bean.ConfluenceManagementServiceBean.createPage}]
[Input parameters[{token}:{  },{pageName}:{page name},{version}:{2},{assetType}:{APPLICATION_TESTING},{catalog}:{JAVA},{applicationCode}:{  }]]
[Error in method {com.topcoder.confluence.webservice.bean.ConfluenceManagementServiceBean.createPage}:Details {applicationCode should not be empty.}]
java.lang.IllegalArgumentException: applicationCode should not be empty.
	at com.topcoder.confluence.webservice.Helper.checkStringNullOrEmptyAndLog(Helper.java:422)
	at com.topcoder.confluence.webservice.bean.ConfluenceManagementServiceBean.createPage(ConfluenceManagementServiceBean.java:517)
	at com.topcoder.confluence.webservice.bean.ConfluenceManagementServiceBeanTests.test_retrievePage_with_applicationCode_Failure9(ConfluenceManagementServiceBeanTests.java:1754)
	at sun.reflect.NativeMethodAccessorImpl.invoke0(Native Method)
	at sun.reflect.NativeMethodAccessorImpl.invoke(Unknown Source)
	at sun.reflect.DelegatingMethodAccessorImpl.invoke(Unknown Source)
	at java.lang.reflect.Method.invoke(Unknown Source)
	at junit.framework.TestCase.runTest(TestCase.java:168)
	at junit.framework.TestCase.runBare(TestCase.java:134)
	at junit.framework.TestResult$1.protect(TestResult.java:110)
	at junit.framework.TestResult.runProtected(TestResult.java:128)
	at junit.framework.TestResult.run(TestResult.java:113)
	at junit.framework.TestCase.run(TestCase.java:124)
	at junit.framework.TestSuite.runTest(TestSuite.java:232)
	at junit.framework.TestSuite.run(TestSuite.java:227)
	at junit.framework.TestSuite.runTest(TestSuite.java:232)
	at junit.framework.TestSuite.run(TestSuite.java:227)
	at junit.framework.TestSuite.runTest(TestSuite.java:232)
	at junit.framework.TestSuite.run(TestSuite.java:227)
	at org.apache.tools.ant.taskdefs.optional.junit.JUnitTestRunner.run(JUnitTestRunner.java:421)
	at org.apache.tools.ant.taskdefs.optional.junit.JUnitTestRunner.launch(JUnitTestRunner.java:912)
	at org.apache.tools.ant.taskdefs.optional.junit.JUnitTestRunner.main(JUnitTestRunner.java:766)
[Entering method {com.topcoder.confluence.webservice.bean.ConfluenceManagementServiceBean.retrievePage}]
[Input parameters[{token}:{ },{pageName}:{page name},{version}:{2},{assetType}:{APPLICATION_ARCHITECTURE},{catalog}:{DOT_NET},{applicationCode}:{application code}]]
[Error in method {com.topcoder.confluence.webservice.bean.ConfluenceManagementServiceBean.retrievePage}:Details {Confluence connection error occured when calling method named-com.topcoder.confluence.webservice.bean.ConfluenceManagementServiceBean.retrievePage.}]
com.topcoder.confluence.webservice.ConfluenceManagementServiceConnectionException: Confluence connection error occured when calling method named-com.topcoder.confluence.webservice.bean.ConfluenceManagementServiceBean.retrievePage.
	at com.topcoder.confluence.webservice.bean.ConfluenceManagementServiceBean.logConfluenceException(ConfluenceManagementServiceBean.java:302)
	at com.topcoder.confluence.webservice.bean.ConfluenceManagementServiceBean.retrievePage(ConfluenceManagementServiceBean.java:685)
	at com.topcoder.confluence.webservice.bean.ConfluenceManagementServiceBeanTests.test_retrievePage_with_applicationCode_Failure10(ConfluenceManagementServiceBeanTests.java:1777)
	at sun.reflect.NativeMethodAccessorImpl.invoke0(Native Method)
	at sun.reflect.NativeMethodAccessorImpl.invoke(Unknown Source)
	at sun.reflect.DelegatingMethodAccessorImpl.invoke(Unknown Source)
	at java.lang.reflect.Method.invoke(Unknown Source)
	at junit.framework.TestCase.runTest(TestCase.java:168)
	at junit.framework.TestCase.runBare(TestCase.java:134)
	at junit.framework.TestResult$1.protect(TestResult.java:110)
	at junit.framework.TestResult.runProtected(TestResult.java:128)
	at junit.framework.TestResult.run(TestResult.java:113)
	at junit.framework.TestCase.run(TestCase.java:124)
	at junit.framework.TestSuite.runTest(TestSuite.java:232)
	at junit.framework.TestSuite.run(TestSuite.java:227)
	at junit.framework.TestSuite.runTest(TestSuite.java:232)
	at junit.framework.TestSuite.run(TestSuite.java:227)
	at junit.framework.TestSuite.runTest(TestSuite.java:232)
	at junit.framework.TestSuite.run(TestSuite.java:227)
	at org.apache.tools.ant.taskdefs.optional.junit.JUnitTestRunner.run(JUnitTestRunner.java:421)
	at org.apache.tools.ant.taskdefs.optional.junit.JUnitTestRunner.launch(JUnitTestRunner.java:912)
	at org.apache.tools.ant.taskdefs.optional.junit.JUnitTestRunner.main(JUnitTestRunner.java:766)
[Entering method {com.topcoder.confluence.webservice.bean.ConfluenceManagementServiceBean.retrievePage}]
[Input parameters[{token}:{ },{pageName}:{page name},{version}:{2},{assetType}:{APPLICATION_ARCHITECTURE},{catalog}:{DOT_NET},{applicationCode}:{application code}]]
[Error in method {com.topcoder.confluence.webservice.bean.ConfluenceManagementServiceBean.retrievePage}:Details {Any confluence manager error occured when calling method named-com.topcoder.confluence.webservice.bean.ConfluenceManagementServiceBean.retrievePage.}]
com.topcoder.confluence.webservice.ConfluenceManagementServiceException: Any confluence manager error occured when calling method named-com.topcoder.confluence.webservice.bean.ConfluenceManagementServiceBean.retrievePage.
	at com.topcoder.confluence.webservice.bean.ConfluenceManagementServiceBean.logConfluenceException(ConfluenceManagementServiceBean.java:325)
	at com.topcoder.confluence.webservice.bean.ConfluenceManagementServiceBean.retrievePage(ConfluenceManagementServiceBean.java:685)
	at com.topcoder.confluence.webservice.bean.ConfluenceManagementServiceBeanTests.test_retrievePage_with_applicationCode_Failure11(ConfluenceManagementServiceBeanTests.java:1802)
	at sun.reflect.NativeMethodAccessorImpl.invoke0(Native Method)
	at sun.reflect.NativeMethodAccessorImpl.invoke(Unknown Source)
	at sun.reflect.DelegatingMethodAccessorImpl.invoke(Unknown Source)
	at java.lang.reflect.Method.invoke(Unknown Source)
	at junit.framework.TestCase.runTest(TestCase.java:168)
	at junit.framework.TestCase.runBare(TestCase.java:134)
	at junit.framework.TestResult$1.protect(TestResult.java:110)
	at junit.framework.TestResult.runProtected(TestResult.java:128)
	at junit.framework.TestResult.run(TestResult.java:113)
	at junit.framework.TestCase.run(TestCase.java:124)
	at junit.framework.TestSuite.runTest(TestSuite.java:232)
	at junit.framework.TestSuite.run(TestSuite.java:227)
	at junit.framework.TestSuite.runTest(TestSuite.java:232)
	at junit.framework.TestSuite.run(TestSuite.java:227)
	at junit.framework.TestSuite.runTest(TestSuite.java:232)
	at junit.framework.TestSuite.run(TestSuite.java:227)
	at org.apache.tools.ant.taskdefs.optional.junit.JUnitTestRunner.run(JUnitTestRunner.java:421)
	at org.apache.tools.ant.taskdefs.optional.junit.JUnitTestRunner.launch(JUnitTestRunner.java:912)
	at org.apache.tools.ant.taskdefs.optional.junit.JUnitTestRunner.main(JUnitTestRunner.java:766)
[Entering method {com.topcoder.confluence.webservice.bean.ConfluenceManagementServiceBean.retrievePage}]
[Input parameters[{token}:{ },{pageName}:{page name},{version}:{2},{assetType}:{APPLICATION_ARCHITECTURE},{catalog}:{DOT_NET},{applicationCode}:{application code}]]
[Error in method {com.topcoder.confluence.webservice.bean.ConfluenceManagementServiceBean.retrievePage}:Details {Confluence authorization failed when calling method named-com.topcoder.confluence.webservice.bean.ConfluenceManagementServiceBean.retrievePage.}]
com.topcoder.confluence.webservice.ConfluenceManagementServiceNotAuthorizedException: Confluence authorization failed when calling method named-com.topcoder.confluence.webservice.bean.ConfluenceManagementServiceBean.retrievePage.
	at com.topcoder.confluence.webservice.bean.ConfluenceManagementServiceBean.logConfluenceException(ConfluenceManagementServiceBean.java:318)
	at com.topcoder.confluence.webservice.bean.ConfluenceManagementServiceBean.retrievePage(ConfluenceManagementServiceBean.java:685)
	at com.topcoder.confluence.webservice.bean.ConfluenceManagementServiceBeanTests.test_retrievePage_with_applicationCode_Failure12(ConfluenceManagementServiceBeanTests.java:1827)
	at sun.reflect.NativeMethodAccessorImpl.invoke0(Native Method)
	at sun.reflect.NativeMethodAccessorImpl.invoke(Unknown Source)
	at sun.reflect.DelegatingMethodAccessorImpl.invoke(Unknown Source)
	at java.lang.reflect.Method.invoke(Unknown Source)
	at junit.framework.TestCase.runTest(TestCase.java:168)
	at junit.framework.TestCase.runBare(TestCase.java:134)
	at junit.framework.TestResult$1.protect(TestResult.java:110)
	at junit.framework.TestResult.runProtected(TestResult.java:128)
	at junit.framework.TestResult.run(TestResult.java:113)
	at junit.framework.TestCase.run(TestCase.java:124)
	at junit.framework.TestSuite.runTest(TestSuite.java:232)
	at junit.framework.TestSuite.run(TestSuite.java:227)
	at junit.framework.TestSuite.runTest(TestSuite.java:232)
	at junit.framework.TestSuite.run(TestSuite.java:227)
	at junit.framework.TestSuite.runTest(TestSuite.java:232)
	at junit.framework.TestSuite.run(TestSuite.java:227)
	at org.apache.tools.ant.taskdefs.optional.junit.JUnitTestRunner.run(JUnitTestRunner.java:421)
	at org.apache.tools.ant.taskdefs.optional.junit.JUnitTestRunner.launch(JUnitTestRunner.java:912)
	at org.apache.tools.ant.taskdefs.optional.junit.JUnitTestRunner.main(JUnitTestRunner.java:766)
[Entering method {com.topcoder.confluence.webservice.delegate.ConfluenceManagerWebServiceDelegate.login}]
[Input parameters[{userName}:{userName},{password}:{password}]]
[Entering method {com.topcoder.confluence.webservice.bean.ConfluenceManagementServiceBean.login}]
[Input parameters[{userName}:{userName},{password}:{password}]]
[Exiting method {com.topcoder.confluence.webservice.bean.ConfluenceManagementServiceBean.login}]
[Output parameter {tokentoken}]
[Exiting method {com.topcoder.confluence.webservice.delegate.ConfluenceManagerWebServiceDelegate.login}]
[Output parameter {tokentoken}]
[Entering method {com.topcoder.confluence.webservice.delegate.ConfluenceManagerWebServiceDelegate.login}]
[Input parameters[{userName}:{},{password}:{password}]]
[Error in method {com.topcoder.confluence.webservice.delegate.ConfluenceManagerWebServiceDelegate.login}:Details {userName should not be null.}]
java.lang.IllegalArgumentException: userName should not be null.
	at com.topcoder.confluence.webservice.Helper.checkNullAndLog(Helper.java:395)
	at com.topcoder.confluence.webservice.Helper.checkStringNullOrEmptyAndLog(Helper.java:419)
	at com.topcoder.confluence.webservice.delegate.ConfluenceManagerWebServiceDelegate.login(ConfluenceManagerWebServiceDelegate.java:451)
	at com.topcoder.confluence.webservice.delegate.ConfluenceManagerWebServiceDelegateTests.test_login_Failure1(ConfluenceManagerWebServiceDelegateTests.java:509)
	at sun.reflect.NativeMethodAccessorImpl.invoke0(Native Method)
	at sun.reflect.NativeMethodAccessorImpl.invoke(Unknown Source)
	at sun.reflect.DelegatingMethodAccessorImpl.invoke(Unknown Source)
	at java.lang.reflect.Method.invoke(Unknown Source)
	at junit.framework.TestCase.runTest(TestCase.java:168)
	at junit.framework.TestCase.runBare(TestCase.java:134)
	at junit.framework.TestResult$1.protect(TestResult.java:110)
	at junit.framework.TestResult.runProtected(TestResult.java:128)
	at junit.framework.TestResult.run(TestResult.java:113)
	at junit.framework.TestCase.run(TestCase.java:124)
	at junit.framework.TestSuite.runTest(TestSuite.java:232)
	at junit.framework.TestSuite.run(TestSuite.java:227)
	at junit.framework.TestSuite.runTest(TestSuite.java:232)
	at junit.framework.TestSuite.run(TestSuite.java:227)
	at junit.framework.TestSuite.runTest(TestSuite.java:232)
	at junit.framework.TestSuite.run(TestSuite.java:227)
	at org.apache.tools.ant.taskdefs.optional.junit.JUnitTestRunner.run(JUnitTestRunner.java:421)
	at org.apache.tools.ant.taskdefs.optional.junit.JUnitTestRunner.launch(JUnitTestRunner.java:912)
	at org.apache.tools.ant.taskdefs.optional.junit.JUnitTestRunner.main(JUnitTestRunner.java:766)
[Entering method {com.topcoder.confluence.webservice.delegate.ConfluenceManagerWebServiceDelegate.login}]
[Input parameters[{userName}:{  },{password}:{password}]]
[Error in method {com.topcoder.confluence.webservice.delegate.ConfluenceManagerWebServiceDelegate.login}:Details {userName should not be empty.}]
java.lang.IllegalArgumentException: userName should not be empty.
	at com.topcoder.confluence.webservice.Helper.checkStringNullOrEmptyAndLog(Helper.java:422)
	at com.topcoder.confluence.webservice.delegate.ConfluenceManagerWebServiceDelegate.login(ConfluenceManagerWebServiceDelegate.java:451)
	at com.topcoder.confluence.webservice.delegate.ConfluenceManagerWebServiceDelegateTests.test_login_Failure2(ConfluenceManagerWebServiceDelegateTests.java:527)
	at sun.reflect.NativeMethodAccessorImpl.invoke0(Native Method)
	at sun.reflect.NativeMethodAccessorImpl.invoke(Unknown Source)
	at sun.reflect.DelegatingMethodAccessorImpl.invoke(Unknown Source)
	at java.lang.reflect.Method.invoke(Unknown Source)
	at junit.framework.TestCase.runTest(TestCase.java:168)
	at junit.framework.TestCase.runBare(TestCase.java:134)
	at junit.framework.TestResult$1.protect(TestResult.java:110)
	at junit.framework.TestResult.runProtected(TestResult.java:128)
	at junit.framework.TestResult.run(TestResult.java:113)
	at junit.framework.TestCase.run(TestCase.java:124)
	at junit.framework.TestSuite.runTest(TestSuite.java:232)
	at junit.framework.TestSuite.run(TestSuite.java:227)
	at junit.framework.TestSuite.runTest(TestSuite.java:232)
	at junit.framework.TestSuite.run(TestSuite.java:227)
	at junit.framework.TestSuite.runTest(TestSuite.java:232)
	at junit.framework.TestSuite.run(TestSuite.java:227)
	at org.apache.tools.ant.taskdefs.optional.junit.JUnitTestRunner.run(JUnitTestRunner.java:421)
	at org.apache.tools.ant.taskdefs.optional.junit.JUnitTestRunner.launch(JUnitTestRunner.java:912)
	at org.apache.tools.ant.taskdefs.optional.junit.JUnitTestRunner.main(JUnitTestRunner.java:766)
[Entering method {com.topcoder.confluence.webservice.delegate.ConfluenceManagerWebServiceDelegate.login}]
[Input parameters[{userName}:{userName},{password}:{}]]
[Error in method {com.topcoder.confluence.webservice.delegate.ConfluenceManagerWebServiceDelegate.login}:Details {password should not be null.}]
java.lang.IllegalArgumentException: password should not be null.
	at com.topcoder.confluence.webservice.Helper.checkNullAndLog(Helper.java:395)
	at com.topcoder.confluence.webservice.Helper.checkStringNullOrEmptyAndLog(Helper.java:419)
	at com.topcoder.confluence.webservice.delegate.ConfluenceManagerWebServiceDelegate.login(ConfluenceManagerWebServiceDelegate.java:452)
	at com.topcoder.confluence.webservice.delegate.ConfluenceManagerWebServiceDelegateTests.test_login_Failure3(ConfluenceManagerWebServiceDelegateTests.java:545)
	at sun.reflect.NativeMethodAccessorImpl.invoke0(Native Method)
	at sun.reflect.NativeMethodAccessorImpl.invoke(Unknown Source)
	at sun.reflect.DelegatingMethodAccessorImpl.invoke(Unknown Source)
	at java.lang.reflect.Method.invoke(Unknown Source)
	at junit.framework.TestCase.runTest(TestCase.java:168)
	at junit.framework.TestCase.runBare(TestCase.java:134)
	at junit.framework.TestResult$1.protect(TestResult.java:110)
	at junit.framework.TestResult.runProtected(TestResult.java:128)
	at junit.framework.TestResult.run(TestResult.java:113)
	at junit.framework.TestCase.run(TestCase.java:124)
	at junit.framework.TestSuite.runTest(TestSuite.java:232)
	at junit.framework.TestSuite.run(TestSuite.java:227)
	at junit.framework.TestSuite.runTest(TestSuite.java:232)
	at junit.framework.TestSuite.run(TestSuite.java:227)
	at junit.framework.TestSuite.runTest(TestSuite.java:232)
	at junit.framework.TestSuite.run(TestSuite.java:227)
	at org.apache.tools.ant.taskdefs.optional.junit.JUnitTestRunner.run(JUnitTestRunner.java:421)
	at org.apache.tools.ant.taskdefs.optional.junit.JUnitTestRunner.launch(JUnitTestRunner.java:912)
	at org.apache.tools.ant.taskdefs.optional.junit.JUnitTestRunner.main(JUnitTestRunner.java:766)
[Entering method {com.topcoder.confluence.webservice.delegate.ConfluenceManagerWebServiceDelegate.login}]
[Input parameters[{userName}:{userName},{password}:{  }]]
[Error in method {com.topcoder.confluence.webservice.delegate.ConfluenceManagerWebServiceDelegate.login}:Details {password should not be empty.}]
java.lang.IllegalArgumentException: password should not be empty.
	at com.topcoder.confluence.webservice.Helper.checkStringNullOrEmptyAndLog(Helper.java:422)
	at com.topcoder.confluence.webservice.delegate.ConfluenceManagerWebServiceDelegate.login(ConfluenceManagerWebServiceDelegate.java:452)
	at com.topcoder.confluence.webservice.delegate.ConfluenceManagerWebServiceDelegateTests.test_login_Failure4(ConfluenceManagerWebServiceDelegateTests.java:563)
	at sun.reflect.NativeMethodAccessorImpl.invoke0(Native Method)
	at sun.reflect.NativeMethodAccessorImpl.invoke(Unknown Source)
	at sun.reflect.DelegatingMethodAccessorImpl.invoke(Unknown Source)
	at java.lang.reflect.Method.invoke(Unknown Source)
	at junit.framework.TestCase.runTest(TestCase.java:168)
	at junit.framework.TestCase.runBare(TestCase.java:134)
	at junit.framework.TestResult$1.protect(TestResult.java:110)
	at junit.framework.TestResult.runProtected(TestResult.java:128)
	at junit.framework.TestResult.run(TestResult.java:113)
	at junit.framework.TestCase.run(TestCase.java:124)
	at junit.framework.TestSuite.runTest(TestSuite.java:232)
	at junit.framework.TestSuite.run(TestSuite.java:227)
	at junit.framework.TestSuite.runTest(TestSuite.java:232)
	at junit.framework.TestSuite.run(TestSuite.java:227)
	at junit.framework.TestSuite.runTest(TestSuite.java:232)
	at junit.framework.TestSuite.run(TestSuite.java:227)
	at org.apache.tools.ant.taskdefs.optional.junit.JUnitTestRunner.run(JUnitTestRunner.java:421)
	at org.apache.tools.ant.taskdefs.optional.junit.JUnitTestRunner.launch(JUnitTestRunner.java:912)
	at org.apache.tools.ant.taskdefs.optional.junit.JUnitTestRunner.main(JUnitTestRunner.java:766)
[Entering method {com.topcoder.confluence.webservice.delegate.ConfluenceManagerWebServiceDelegate.login}]
[Input parameters[{userName}:{userName},{password}:{password}]]
[Entering method {com.topcoder.confluence.webservice.bean.ConfluenceManagementServiceBean.login}]
[Input parameters[{userName}:{userName},{password}:{password}]]
[Error in method {com.topcoder.confluence.webservice.bean.ConfluenceManagementServiceBean.login}:Details {Confluence authentication failed when calling method named-com.topcoder.confluence.webservice.bean.ConfluenceManagementServiceBean.login.}]
com.topcoder.confluence.webservice.ConfluenceManagementServiceAuthenticationFailedException: Confluence authentication failed when calling method named-com.topcoder.confluence.webservice.bean.ConfluenceManagementServiceBean.login.
	at com.topcoder.confluence.webservice.bean.ConfluenceManagementServiceBean.logConfluenceException(ConfluenceManagementServiceBean.java:310)
	at com.topcoder.confluence.webservice.bean.ConfluenceManagementServiceBean.login(ConfluenceManagementServiceBean.java:370)
	at com.topcoder.confluence.webservice.delegate.ConfluenceManagerWebServiceDelegate.login(ConfluenceManagerWebServiceDelegate.java:455)
	at com.topcoder.confluence.webservice.delegate.ConfluenceManagerWebServiceDelegateTests.test_login_Failure5(ConfluenceManagerWebServiceDelegateTests.java:583)
	at sun.reflect.NativeMethodAccessorImpl.invoke0(Native Method)
	at sun.reflect.NativeMethodAccessorImpl.invoke(Unknown Source)
	at sun.reflect.DelegatingMethodAccessorImpl.invoke(Unknown Source)
	at java.lang.reflect.Method.invoke(Unknown Source)
	at junit.framework.TestCase.runTest(TestCase.java:168)
	at junit.framework.TestCase.runBare(TestCase.java:134)
	at junit.framework.TestResult$1.protect(TestResult.java:110)
	at junit.framework.TestResult.runProtected(TestResult.java:128)
	at junit.framework.TestResult.run(TestResult.java:113)
	at junit.framework.TestCase.run(TestCase.java:124)
	at junit.framework.TestSuite.runTest(TestSuite.java:232)
	at junit.framework.TestSuite.run(TestSuite.java:227)
	at junit.framework.TestSuite.runTest(TestSuite.java:232)
	at junit.framework.TestSuite.run(TestSuite.java:227)
	at junit.framework.TestSuite.runTest(TestSuite.java:232)
	at junit.framework.TestSuite.run(TestSuite.java:227)
	at org.apache.tools.ant.taskdefs.optional.junit.JUnitTestRunner.run(JUnitTestRunner.java:421)
	at org.apache.tools.ant.taskdefs.optional.junit.JUnitTestRunner.launch(JUnitTestRunner.java:912)
	at org.apache.tools.ant.taskdefs.optional.junit.JUnitTestRunner.main(JUnitTestRunner.java:766)
[Error in method {com.topcoder.confluence.webservice.delegate.ConfluenceManagerWebServiceDelegate.login}:Details {Confluence authentication failed when calling method named-com.topcoder.confluence.webservice.delegate.ConfluenceManagerWebServiceDelegate.login.}]
com.topcoder.confluence.ConfluenceAuthenticationFailedException: Confluence authentication failed when calling method named-com.topcoder.confluence.webservice.delegate.ConfluenceManagerWebServiceDelegate.login.
	at com.topcoder.confluence.webservice.delegate.ConfluenceManagerWebServiceDelegate.logConfluenceException(ConfluenceManagerWebServiceDelegate.java:403)
	at com.topcoder.confluence.webservice.delegate.ConfluenceManagerWebServiceDelegate.login(ConfluenceManagerWebServiceDelegate.java:461)
	at com.topcoder.confluence.webservice.delegate.ConfluenceManagerWebServiceDelegateTests.test_login_Failure5(ConfluenceManagerWebServiceDelegateTests.java:583)
	at sun.reflect.NativeMethodAccessorImpl.invoke0(Native Method)
	at sun.reflect.NativeMethodAccessorImpl.invoke(Unknown Source)
	at sun.reflect.DelegatingMethodAccessorImpl.invoke(Unknown Source)
	at java.lang.reflect.Method.invoke(Unknown Source)
	at junit.framework.TestCase.runTest(TestCase.java:168)
	at junit.framework.TestCase.runBare(TestCase.java:134)
	at junit.framework.TestResult$1.protect(TestResult.java:110)
	at junit.framework.TestResult.runProtected(TestResult.java:128)
	at junit.framework.TestResult.run(TestResult.java:113)
	at junit.framework.TestCase.run(TestCase.java:124)
	at junit.framework.TestSuite.runTest(TestSuite.java:232)
	at junit.framework.TestSuite.run(TestSuite.java:227)
	at junit.framework.TestSuite.runTest(TestSuite.java:232)
	at junit.framework.TestSuite.run(TestSuite.java:227)
	at junit.framework.TestSuite.runTest(TestSuite.java:232)
	at junit.framework.TestSuite.run(TestSuite.java:227)
	at org.apache.tools.ant.taskdefs.optional.junit.JUnitTestRunner.run(JUnitTestRunner.java:421)
	at org.apache.tools.ant.taskdefs.optional.junit.JUnitTestRunner.launch(JUnitTestRunner.java:912)
	at org.apache.tools.ant.taskdefs.optional.junit.JUnitTestRunner.main(JUnitTestRunner.java:766)
Caused by: com.topcoder.confluence.webservice.ConfluenceManagementServiceAuthenticationFailedException: Confluence authentication failed when calling method named-com.topcoder.confluence.webservice.bean.ConfluenceManagementServiceBean.login.
	at com.topcoder.confluence.webservice.bean.ConfluenceManagementServiceBean.logConfluenceException(ConfluenceManagementServiceBean.java:310)
	at com.topcoder.confluence.webservice.bean.ConfluenceManagementServiceBean.login(ConfluenceManagementServiceBean.java:370)
	at com.topcoder.confluence.webservice.delegate.ConfluenceManagerWebServiceDelegate.login(ConfluenceManagerWebServiceDelegate.java:455)
	... 20 more
[Entering method {com.topcoder.confluence.webservice.delegate.ConfluenceManagerWebServiceDelegate.login}]
[Input parameters[{userName}:{userName},{password}:{password}]]
[Entering method {com.topcoder.confluence.webservice.bean.ConfluenceManagementServiceBean.login}]
[Input parameters[{userName}:{userName},{password}:{password}]]
[Error in method {com.topcoder.confluence.webservice.bean.ConfluenceManagementServiceBean.login}:Details {Confluence connection error occured when calling method named-com.topcoder.confluence.webservice.bean.ConfluenceManagementServiceBean.login.}]
com.topcoder.confluence.webservice.ConfluenceManagementServiceConnectionException: Confluence connection error occured when calling method named-com.topcoder.confluence.webservice.bean.ConfluenceManagementServiceBean.login.
	at com.topcoder.confluence.webservice.bean.ConfluenceManagementServiceBean.logConfluenceException(ConfluenceManagementServiceBean.java:302)
	at com.topcoder.confluence.webservice.bean.ConfluenceManagementServiceBean.login(ConfluenceManagementServiceBean.java:370)
	at com.topcoder.confluence.webservice.delegate.ConfluenceManagerWebServiceDelegate.login(ConfluenceManagerWebServiceDelegate.java:455)
	at com.topcoder.confluence.webservice.delegate.ConfluenceManagerWebServiceDelegateTests.test_login_Failure6(ConfluenceManagerWebServiceDelegateTests.java:606)
	at sun.reflect.NativeMethodAccessorImpl.invoke0(Native Method)
	at sun.reflect.NativeMethodAccessorImpl.invoke(Unknown Source)
	at sun.reflect.DelegatingMethodAccessorImpl.invoke(Unknown Source)
	at java.lang.reflect.Method.invoke(Unknown Source)
	at junit.framework.TestCase.runTest(TestCase.java:168)
	at junit.framework.TestCase.runBare(TestCase.java:134)
	at junit.framework.TestResult$1.protect(TestResult.java:110)
	at junit.framework.TestResult.runProtected(TestResult.java:128)
	at junit.framework.TestResult.run(TestResult.java:113)
	at junit.framework.TestCase.run(TestCase.java:124)
	at junit.framework.TestSuite.runTest(TestSuite.java:232)
	at junit.framework.TestSuite.run(TestSuite.java:227)
	at junit.framework.TestSuite.runTest(TestSuite.java:232)
	at junit.framework.TestSuite.run(TestSuite.java:227)
	at junit.framework.TestSuite.runTest(TestSuite.java:232)
	at junit.framework.TestSuite.run(TestSuite.java:227)
	at org.apache.tools.ant.taskdefs.optional.junit.JUnitTestRunner.run(JUnitTestRunner.java:421)
	at org.apache.tools.ant.taskdefs.optional.junit.JUnitTestRunner.launch(JUnitTestRunner.java:912)
	at org.apache.tools.ant.taskdefs.optional.junit.JUnitTestRunner.main(JUnitTestRunner.java:766)
[Error in method {com.topcoder.confluence.webservice.delegate.ConfluenceManagerWebServiceDelegate.login}:Details {Confluence connection error occured when calling method named-com.topcoder.confluence.webservice.delegate.ConfluenceManagerWebServiceDelegate.login.}]
com.topcoder.confluence.ConfluenceConnectionException: Confluence connection error occured when calling method named-com.topcoder.confluence.webservice.delegate.ConfluenceManagerWebServiceDelegate.login.
	at com.topcoder.confluence.webservice.delegate.ConfluenceManagerWebServiceDelegate.logConfluenceException(ConfluenceManagerWebServiceDelegate.java:396)
	at com.topcoder.confluence.webservice.delegate.ConfluenceManagerWebServiceDelegate.login(ConfluenceManagerWebServiceDelegate.java:461)
	at com.topcoder.confluence.webservice.delegate.ConfluenceManagerWebServiceDelegateTests.test_login_Failure6(ConfluenceManagerWebServiceDelegateTests.java:606)
	at sun.reflect.NativeMethodAccessorImpl.invoke0(Native Method)
	at sun.reflect.NativeMethodAccessorImpl.invoke(Unknown Source)
	at sun.reflect.DelegatingMethodAccessorImpl.invoke(Unknown Source)
	at java.lang.reflect.Method.invoke(Unknown Source)
	at junit.framework.TestCase.runTest(TestCase.java:168)
	at junit.framework.TestCase.runBare(TestCase.java:134)
	at junit.framework.TestResult$1.protect(TestResult.java:110)
	at junit.framework.TestResult.runProtected(TestResult.java:128)
	at junit.framework.TestResult.run(TestResult.java:113)
	at junit.framework.TestCase.run(TestCase.java:124)
	at junit.framework.TestSuite.runTest(TestSuite.java:232)
	at junit.framework.TestSuite.run(TestSuite.java:227)
	at junit.framework.TestSuite.runTest(TestSuite.java:232)
	at junit.framework.TestSuite.run(TestSuite.java:227)
	at junit.framework.TestSuite.runTest(TestSuite.java:232)
	at junit.framework.TestSuite.run(TestSuite.java:227)
	at org.apache.tools.ant.taskdefs.optional.junit.JUnitTestRunner.run(JUnitTestRunner.java:421)
	at org.apache.tools.ant.taskdefs.optional.junit.JUnitTestRunner.launch(JUnitTestRunner.java:912)
	at org.apache.tools.ant.taskdefs.optional.junit.JUnitTestRunner.main(JUnitTestRunner.java:766)
Caused by: com.topcoder.confluence.webservice.ConfluenceManagementServiceConnectionException: Confluence connection error occured when calling method named-com.topcoder.confluence.webservice.bean.ConfluenceManagementServiceBean.login.
	at com.topcoder.confluence.webservice.bean.ConfluenceManagementServiceBean.logConfluenceException(ConfluenceManagementServiceBean.java:302)
	at com.topcoder.confluence.webservice.bean.ConfluenceManagementServiceBean.login(ConfluenceManagementServiceBean.java:370)
	at com.topcoder.confluence.webservice.delegate.ConfluenceManagerWebServiceDelegate.login(ConfluenceManagerWebServiceDelegate.java:455)
	... 20 more
[Entering method {com.topcoder.confluence.webservice.delegate.ConfluenceManagerWebServiceDelegate.login}]
[Input parameters[{userName}:{userName},{password}:{password}]]
[Entering method {com.topcoder.confluence.webservice.bean.ConfluenceManagementServiceBean.login}]
[Input parameters[{userName}:{userName},{password}:{password}]]
[Error in method {com.topcoder.confluence.webservice.bean.ConfluenceManagementServiceBean.login}:Details {Any confluence manager error occured when calling method named-com.topcoder.confluence.webservice.bean.ConfluenceManagementServiceBean.login.}]
com.topcoder.confluence.webservice.ConfluenceManagementServiceException: Any confluence manager error occured when calling method named-com.topcoder.confluence.webservice.bean.ConfluenceManagementServiceBean.login.
	at com.topcoder.confluence.webservice.bean.ConfluenceManagementServiceBean.logConfluenceException(ConfluenceManagementServiceBean.java:325)
	at com.topcoder.confluence.webservice.bean.ConfluenceManagementServiceBean.login(ConfluenceManagementServiceBean.java:370)
	at com.topcoder.confluence.webservice.delegate.ConfluenceManagerWebServiceDelegate.login(ConfluenceManagerWebServiceDelegate.java:455)
	at com.topcoder.confluence.webservice.delegate.ConfluenceManagerWebServiceDelegateTests.test_login_Failure7(ConfluenceManagerWebServiceDelegateTests.java:628)
	at sun.reflect.NativeMethodAccessorImpl.invoke0(Native Method)
	at sun.reflect.NativeMethodAccessorImpl.invoke(Unknown Source)
	at sun.reflect.DelegatingMethodAccessorImpl.invoke(Unknown Source)
	at java.lang.reflect.Method.invoke(Unknown Source)
	at junit.framework.TestCase.runTest(TestCase.java:168)
	at junit.framework.TestCase.runBare(TestCase.java:134)
	at junit.framework.TestResult$1.protect(TestResult.java:110)
	at junit.framework.TestResult.runProtected(TestResult.java:128)
	at junit.framework.TestResult.run(TestResult.java:113)
	at junit.framework.TestCase.run(TestCase.java:124)
	at junit.framework.TestSuite.runTest(TestSuite.java:232)
	at junit.framework.TestSuite.run(TestSuite.java:227)
	at junit.framework.TestSuite.runTest(TestSuite.java:232)
	at junit.framework.TestSuite.run(TestSuite.java:227)
	at junit.framework.TestSuite.runTest(TestSuite.java:232)
	at junit.framework.TestSuite.run(TestSuite.java:227)
	at org.apache.tools.ant.taskdefs.optional.junit.JUnitTestRunner.run(JUnitTestRunner.java:421)
	at org.apache.tools.ant.taskdefs.optional.junit.JUnitTestRunner.launch(JUnitTestRunner.java:912)
	at org.apache.tools.ant.taskdefs.optional.junit.JUnitTestRunner.main(JUnitTestRunner.java:766)
[Error in method {com.topcoder.confluence.webservice.delegate.ConfluenceManagerWebServiceDelegate.login}:Details {Any confluence manager error occured when calling method named-com.topcoder.confluence.webservice.delegate.ConfluenceManagerWebServiceDelegate.login.}]
com.topcoder.confluence.ConfluenceManagerException: Any confluence manager error occured when calling method named-com.topcoder.confluence.webservice.delegate.ConfluenceManagerWebServiceDelegate.login.
	at com.topcoder.confluence.webservice.delegate.ConfluenceManagerWebServiceDelegate.logConfluenceException(ConfluenceManagerWebServiceDelegate.java:417)
	at com.topcoder.confluence.webservice.delegate.ConfluenceManagerWebServiceDelegate.login(ConfluenceManagerWebServiceDelegate.java:461)
	at com.topcoder.confluence.webservice.delegate.ConfluenceManagerWebServiceDelegateTests.test_login_Failure7(ConfluenceManagerWebServiceDelegateTests.java:628)
	at sun.reflect.NativeMethodAccessorImpl.invoke0(Native Method)
	at sun.reflect.NativeMethodAccessorImpl.invoke(Unknown Source)
	at sun.reflect.DelegatingMethodAccessorImpl.invoke(Unknown Source)
	at java.lang.reflect.Method.invoke(Unknown Source)
	at junit.framework.TestCase.runTest(TestCase.java:168)
	at junit.framework.TestCase.runBare(TestCase.java:134)
	at junit.framework.TestResult$1.protect(TestResult.java:110)
	at junit.framework.TestResult.runProtected(TestResult.java:128)
	at junit.framework.TestResult.run(TestResult.java:113)
	at junit.framework.TestCase.run(TestCase.java:124)
	at junit.framework.TestSuite.runTest(TestSuite.java:232)
	at junit.framework.TestSuite.run(TestSuite.java:227)
	at junit.framework.TestSuite.runTest(TestSuite.java:232)
	at junit.framework.TestSuite.run(TestSuite.java:227)
	at junit.framework.TestSuite.runTest(TestSuite.java:232)
	at junit.framework.TestSuite.run(TestSuite.java:227)
	at org.apache.tools.ant.taskdefs.optional.junit.JUnitTestRunner.run(JUnitTestRunner.java:421)
	at org.apache.tools.ant.taskdefs.optional.junit.JUnitTestRunner.launch(JUnitTestRunner.java:912)
	at org.apache.tools.ant.taskdefs.optional.junit.JUnitTestRunner.main(JUnitTestRunner.java:766)
Caused by: com.topcoder.confluence.webservice.ConfluenceManagementServiceException: Any confluence manager error occured when calling method named-com.topcoder.confluence.webservice.bean.ConfluenceManagementServiceBean.login.
	at com.topcoder.confluence.webservice.bean.ConfluenceManagementServiceBean.logConfluenceException(ConfluenceManagementServiceBean.java:325)
	at com.topcoder.confluence.webservice.bean.ConfluenceManagementServiceBean.login(ConfluenceManagementServiceBean.java:370)
	at com.topcoder.confluence.webservice.delegate.ConfluenceManagerWebServiceDelegate.login(ConfluenceManagerWebServiceDelegate.java:455)
	... 20 more
[Entering method {com.topcoder.confluence.webservice.delegate.ConfluenceManagerWebServiceDelegate.logout}]
[Input parameters[{token}:{  }]]
[Entering method {com.topcoder.confluence.webservice.bean.ConfluenceManagementServiceBean.logout}]
[Input parameters[{token}:{  }]]
[Exiting method {com.topcoder.confluence.webservice.bean.ConfluenceManagementServiceBean.logout}]
[Exiting method {com.topcoder.confluence.webservice.delegate.ConfluenceManagerWebServiceDelegate.logout}]
[Entering method {com.topcoder.confluence.webservice.delegate.ConfluenceManagerWebServiceDelegate.logout}]
[Input parameters[{token}:{}]]
[Error in method {com.topcoder.confluence.webservice.delegate.ConfluenceManagerWebServiceDelegate.logout}:Details {token should not be null.}]
java.lang.IllegalArgumentException: token should not be null.
	at com.topcoder.confluence.webservice.Helper.checkNullAndLog(Helper.java:395)
	at com.topcoder.confluence.webservice.delegate.ConfluenceManagerWebServiceDelegate.logout(ConfluenceManagerWebServiceDelegate.java:491)
	at com.topcoder.confluence.webservice.delegate.ConfluenceManagerWebServiceDelegateTests.test_logout_Failure1(ConfluenceManagerWebServiceDelegateTests.java:664)
	at sun.reflect.NativeMethodAccessorImpl.invoke0(Native Method)
	at sun.reflect.NativeMethodAccessorImpl.invoke(Unknown Source)
	at sun.reflect.DelegatingMethodAccessorImpl.invoke(Unknown Source)
	at java.lang.reflect.Method.invoke(Unknown Source)
	at junit.framework.TestCase.runTest(TestCase.java:168)
	at junit.framework.TestCase.runBare(TestCase.java:134)
	at junit.framework.TestResult$1.protect(TestResult.java:110)
	at junit.framework.TestResult.runProtected(TestResult.java:128)
	at junit.framework.TestResult.run(TestResult.java:113)
	at junit.framework.TestCase.run(TestCase.java:124)
	at junit.framework.TestSuite.runTest(TestSuite.java:232)
	at junit.framework.TestSuite.run(TestSuite.java:227)
	at junit.framework.TestSuite.runTest(TestSuite.java:232)
	at junit.framework.TestSuite.run(TestSuite.java:227)
	at junit.framework.TestSuite.runTest(TestSuite.java:232)
	at junit.framework.TestSuite.run(TestSuite.java:227)
	at org.apache.tools.ant.taskdefs.optional.junit.JUnitTestRunner.run(JUnitTestRunner.java:421)
	at org.apache.tools.ant.taskdefs.optional.junit.JUnitTestRunner.launch(JUnitTestRunner.java:912)
	at org.apache.tools.ant.taskdefs.optional.junit.JUnitTestRunner.main(JUnitTestRunner.java:766)
[Entering method {com.topcoder.confluence.webservice.delegate.ConfluenceManagerWebServiceDelegate.logout}]
[Input parameters[{token}:{  }]]
[Entering method {com.topcoder.confluence.webservice.bean.ConfluenceManagementServiceBean.logout}]
[Input parameters[{token}:{  }]]
[Error in method {com.topcoder.confluence.webservice.bean.ConfluenceManagementServiceBean.logout}:Details {Confluence connection error occured when calling method named-com.topcoder.confluence.webservice.bean.ConfluenceManagementServiceBean.logout.}]
com.topcoder.confluence.webservice.ConfluenceManagementServiceConnectionException: Confluence connection error occured when calling method named-com.topcoder.confluence.webservice.bean.ConfluenceManagementServiceBean.logout.
	at com.topcoder.confluence.webservice.bean.ConfluenceManagementServiceBean.logConfluenceException(ConfluenceManagementServiceBean.java:302)
	at com.topcoder.confluence.webservice.bean.ConfluenceManagementServiceBean.logout(ConfluenceManagementServiceBean.java:411)
	at com.topcoder.confluence.webservice.delegate.ConfluenceManagerWebServiceDelegate.logout(ConfluenceManagerWebServiceDelegate.java:494)
	at com.topcoder.confluence.webservice.delegate.ConfluenceManagerWebServiceDelegateTests.test_logout_Failure2(ConfluenceManagerWebServiceDelegateTests.java:684)
	at sun.reflect.NativeMethodAccessorImpl.invoke0(Native Method)
	at sun.reflect.NativeMethodAccessorImpl.invoke(Unknown Source)
	at sun.reflect.DelegatingMethodAccessorImpl.invoke(Unknown Source)
	at java.lang.reflect.Method.invoke(Unknown Source)
	at junit.framework.TestCase.runTest(TestCase.java:168)
	at junit.framework.TestCase.runBare(TestCase.java:134)
	at junit.framework.TestResult$1.protect(TestResult.java:110)
	at junit.framework.TestResult.runProtected(TestResult.java:128)
	at junit.framework.TestResult.run(TestResult.java:113)
	at junit.framework.TestCase.run(TestCase.java:124)
	at junit.framework.TestSuite.runTest(TestSuite.java:232)
	at junit.framework.TestSuite.run(TestSuite.java:227)
	at junit.framework.TestSuite.runTest(TestSuite.java:232)
	at junit.framework.TestSuite.run(TestSuite.java:227)
	at junit.framework.TestSuite.runTest(TestSuite.java:232)
	at junit.framework.TestSuite.run(TestSuite.java:227)
	at org.apache.tools.ant.taskdefs.optional.junit.JUnitTestRunner.run(JUnitTestRunner.java:421)
	at org.apache.tools.ant.taskdefs.optional.junit.JUnitTestRunner.launch(JUnitTestRunner.java:912)
	at org.apache.tools.ant.taskdefs.optional.junit.JUnitTestRunner.main(JUnitTestRunner.java:766)
[Error in method {com.topcoder.confluence.webservice.delegate.ConfluenceManagerWebServiceDelegate.logout}:Details {Confluence connection error occured when calling method named-com.topcoder.confluence.webservice.delegate.ConfluenceManagerWebServiceDelegate.logout.}]
com.topcoder.confluence.ConfluenceConnectionException: Confluence connection error occured when calling method named-com.topcoder.confluence.webservice.delegate.ConfluenceManagerWebServiceDelegate.logout.
	at com.topcoder.confluence.webservice.delegate.ConfluenceManagerWebServiceDelegate.logConfluenceException(ConfluenceManagerWebServiceDelegate.java:396)
	at com.topcoder.confluence.webservice.delegate.ConfluenceManagerWebServiceDelegate.logout(ConfluenceManagerWebServiceDelegate.java:501)
	at com.topcoder.confluence.webservice.delegate.ConfluenceManagerWebServiceDelegateTests.test_logout_Failure2(ConfluenceManagerWebServiceDelegateTests.java:684)
	at sun.reflect.NativeMethodAccessorImpl.invoke0(Native Method)
	at sun.reflect.NativeMethodAccessorImpl.invoke(Unknown Source)
	at sun.reflect.DelegatingMethodAccessorImpl.invoke(Unknown Source)
	at java.lang.reflect.Method.invoke(Unknown Source)
	at junit.framework.TestCase.runTest(TestCase.java:168)
	at junit.framework.TestCase.runBare(TestCase.java:134)
	at junit.framework.TestResult$1.protect(TestResult.java:110)
	at junit.framework.TestResult.runProtected(TestResult.java:128)
	at junit.framework.TestResult.run(TestResult.java:113)
	at junit.framework.TestCase.run(TestCase.java:124)
	at junit.framework.TestSuite.runTest(TestSuite.java:232)
	at junit.framework.TestSuite.run(TestSuite.java:227)
	at junit.framework.TestSuite.runTest(TestSuite.java:232)
	at junit.framework.TestSuite.run(TestSuite.java:227)
	at junit.framework.TestSuite.runTest(TestSuite.java:232)
	at junit.framework.TestSuite.run(TestSuite.java:227)
	at org.apache.tools.ant.taskdefs.optional.junit.JUnitTestRunner.run(JUnitTestRunner.java:421)
	at org.apache.tools.ant.taskdefs.optional.junit.JUnitTestRunner.launch(JUnitTestRunner.java:912)
	at org.apache.tools.ant.taskdefs.optional.junit.JUnitTestRunner.main(JUnitTestRunner.java:766)
Caused by: com.topcoder.confluence.webservice.ConfluenceManagementServiceConnectionException: Confluence connection error occured when calling method named-com.topcoder.confluence.webservice.bean.ConfluenceManagementServiceBean.logout.
	at com.topcoder.confluence.webservice.bean.ConfluenceManagementServiceBean.logConfluenceException(ConfluenceManagementServiceBean.java:302)
	at com.topcoder.confluence.webservice.bean.ConfluenceManagementServiceBean.logout(ConfluenceManagementServiceBean.java:411)
	at com.topcoder.confluence.webservice.delegate.ConfluenceManagerWebServiceDelegate.logout(ConfluenceManagerWebServiceDelegate.java:494)
	... 20 more
[Entering method {com.topcoder.confluence.webservice.delegate.ConfluenceManagerWebServiceDelegate.logout}]
[Input parameters[{token}:{token}]]
[Entering method {com.topcoder.confluence.webservice.bean.ConfluenceManagementServiceBean.logout}]
[Input parameters[{token}:{token}]]
[Error in method {com.topcoder.confluence.webservice.bean.ConfluenceManagementServiceBean.logout}:Details {Any confluence manager error occured when calling method named-com.topcoder.confluence.webservice.bean.ConfluenceManagementServiceBean.logout.}]
com.topcoder.confluence.webservice.ConfluenceManagementServiceException: Any confluence manager error occured when calling method named-com.topcoder.confluence.webservice.bean.ConfluenceManagementServiceBean.logout.
	at com.topcoder.confluence.webservice.bean.ConfluenceManagementServiceBean.logConfluenceException(ConfluenceManagementServiceBean.java:325)
	at com.topcoder.confluence.webservice.bean.ConfluenceManagementServiceBean.logout(ConfluenceManagementServiceBean.java:411)
	at com.topcoder.confluence.webservice.delegate.ConfluenceManagerWebServiceDelegate.logout(ConfluenceManagerWebServiceDelegate.java:494)
	at com.topcoder.confluence.webservice.delegate.ConfluenceManagerWebServiceDelegateTests.test_logout_Failure3(ConfluenceManagerWebServiceDelegateTests.java:706)
	at sun.reflect.NativeMethodAccessorImpl.invoke0(Native Method)
	at sun.reflect.NativeMethodAccessorImpl.invoke(Unknown Source)
	at sun.reflect.DelegatingMethodAccessorImpl.invoke(Unknown Source)
	at java.lang.reflect.Method.invoke(Unknown Source)
	at junit.framework.TestCase.runTest(TestCase.java:168)
	at junit.framework.TestCase.runBare(TestCase.java:134)
	at junit.framework.TestResult$1.protect(TestResult.java:110)
	at junit.framework.TestResult.runProtected(TestResult.java:128)
	at junit.framework.TestResult.run(TestResult.java:113)
	at junit.framework.TestCase.run(TestCase.java:124)
	at junit.framework.TestSuite.runTest(TestSuite.java:232)
	at junit.framework.TestSuite.run(TestSuite.java:227)
	at junit.framework.TestSuite.runTest(TestSuite.java:232)
	at junit.framework.TestSuite.run(TestSuite.java:227)
	at junit.framework.TestSuite.runTest(TestSuite.java:232)
	at junit.framework.TestSuite.run(TestSuite.java:227)
	at org.apache.tools.ant.taskdefs.optional.junit.JUnitTestRunner.run(JUnitTestRunner.java:421)
	at org.apache.tools.ant.taskdefs.optional.junit.JUnitTestRunner.launch(JUnitTestRunner.java:912)
	at org.apache.tools.ant.taskdefs.optional.junit.JUnitTestRunner.main(JUnitTestRunner.java:766)
[Error in method {com.topcoder.confluence.webservice.delegate.ConfluenceManagerWebServiceDelegate.logout}:Details {Any confluence manager error occured when calling method named-com.topcoder.confluence.webservice.delegate.ConfluenceManagerWebServiceDelegate.logout.}]
com.topcoder.confluence.ConfluenceManagerException: Any confluence manager error occured when calling method named-com.topcoder.confluence.webservice.delegate.ConfluenceManagerWebServiceDelegate.logout.
	at com.topcoder.confluence.webservice.delegate.ConfluenceManagerWebServiceDelegate.logConfluenceException(ConfluenceManagerWebServiceDelegate.java:417)
	at com.topcoder.confluence.webservice.delegate.ConfluenceManagerWebServiceDelegate.logout(ConfluenceManagerWebServiceDelegate.java:501)
	at com.topcoder.confluence.webservice.delegate.ConfluenceManagerWebServiceDelegateTests.test_logout_Failure3(ConfluenceManagerWebServiceDelegateTests.java:706)
	at sun.reflect.NativeMethodAccessorImpl.invoke0(Native Method)
	at sun.reflect.NativeMethodAccessorImpl.invoke(Unknown Source)
	at sun.reflect.DelegatingMethodAccessorImpl.invoke(Unknown Source)
	at java.lang.reflect.Method.invoke(Unknown Source)
	at junit.framework.TestCase.runTest(TestCase.java:168)
	at junit.framework.TestCase.runBare(TestCase.java:134)
	at junit.framework.TestResult$1.protect(TestResult.java:110)
	at junit.framework.TestResult.runProtected(TestResult.java:128)
	at junit.framework.TestResult.run(TestResult.java:113)
	at junit.framework.TestCase.run(TestCase.java:124)
	at junit.framework.TestSuite.runTest(TestSuite.java:232)
	at junit.framework.TestSuite.run(TestSuite.java:227)
	at junit.framework.TestSuite.runTest(TestSuite.java:232)
	at junit.framework.TestSuite.run(TestSuite.java:227)
	at junit.framework.TestSuite.runTest(TestSuite.java:232)
	at junit.framework.TestSuite.run(TestSuite.java:227)
	at org.apache.tools.ant.taskdefs.optional.junit.JUnitTestRunner.run(JUnitTestRunner.java:421)
	at org.apache.tools.ant.taskdefs.optional.junit.JUnitTestRunner.launch(JUnitTestRunner.java:912)
	at org.apache.tools.ant.taskdefs.optional.junit.JUnitTestRunner.main(JUnitTestRunner.java:766)
Caused by: com.topcoder.confluence.webservice.ConfluenceManagementServiceException: Any confluence manager error occured when calling method named-com.topcoder.confluence.webservice.bean.ConfluenceManagementServiceBean.logout.
	at com.topcoder.confluence.webservice.bean.ConfluenceManagementServiceBean.logConfluenceException(ConfluenceManagementServiceBean.java:325)
	at com.topcoder.confluence.webservice.bean.ConfluenceManagementServiceBean.logout(ConfluenceManagementServiceBean.java:411)
	at com.topcoder.confluence.webservice.delegate.ConfluenceManagerWebServiceDelegate.logout(ConfluenceManagerWebServiceDelegate.java:494)
	... 20 more
[Entering method {com.topcoder.confluence.webservice.delegate.ConfluenceManagerWebServiceDelegate.logout}]
[Input parameters[{token}:{token}]]
[Entering method {com.topcoder.confluence.webservice.bean.ConfluenceManagementServiceBean.logout}]
[Input parameters[{token}:{token}]]
[Error in method {com.topcoder.confluence.webservice.bean.ConfluenceManagementServiceBean.logout}:Details {Confluence authorization failed when calling method named-com.topcoder.confluence.webservice.bean.ConfluenceManagementServiceBean.logout.}]
com.topcoder.confluence.webservice.ConfluenceManagementServiceNotAuthorizedException: Confluence authorization failed when calling method named-com.topcoder.confluence.webservice.bean.ConfluenceManagementServiceBean.logout.
	at com.topcoder.confluence.webservice.bean.ConfluenceManagementServiceBean.logConfluenceException(ConfluenceManagementServiceBean.java:318)
	at com.topcoder.confluence.webservice.bean.ConfluenceManagementServiceBean.logout(ConfluenceManagementServiceBean.java:411)
	at com.topcoder.confluence.webservice.delegate.ConfluenceManagerWebServiceDelegate.logout(ConfluenceManagerWebServiceDelegate.java:494)
	at com.topcoder.confluence.webservice.delegate.ConfluenceManagerWebServiceDelegateTests.test_logout_Failure4(ConfluenceManagerWebServiceDelegateTests.java:728)
	at sun.reflect.NativeMethodAccessorImpl.invoke0(Native Method)
	at sun.reflect.NativeMethodAccessorImpl.invoke(Unknown Source)
	at sun.reflect.DelegatingMethodAccessorImpl.invoke(Unknown Source)
	at java.lang.reflect.Method.invoke(Unknown Source)
	at junit.framework.TestCase.runTest(TestCase.java:168)
	at junit.framework.TestCase.runBare(TestCase.java:134)
	at junit.framework.TestResult$1.protect(TestResult.java:110)
	at junit.framework.TestResult.runProtected(TestResult.java:128)
	at junit.framework.TestResult.run(TestResult.java:113)
	at junit.framework.TestCase.run(TestCase.java:124)
	at junit.framework.TestSuite.runTest(TestSuite.java:232)
	at junit.framework.TestSuite.run(TestSuite.java:227)
	at junit.framework.TestSuite.runTest(TestSuite.java:232)
	at junit.framework.TestSuite.run(TestSuite.java:227)
	at junit.framework.TestSuite.runTest(TestSuite.java:232)
	at junit.framework.TestSuite.run(TestSuite.java:227)
	at org.apache.tools.ant.taskdefs.optional.junit.JUnitTestRunner.run(JUnitTestRunner.java:421)
	at org.apache.tools.ant.taskdefs.optional.junit.JUnitTestRunner.launch(JUnitTestRunner.java:912)
	at org.apache.tools.ant.taskdefs.optional.junit.JUnitTestRunner.main(JUnitTestRunner.java:766)
[Error in method {com.topcoder.confluence.webservice.delegate.ConfluenceManagerWebServiceDelegate.logout}:Details {Confluence authorization failed when calling method named-com.topcoder.confluence.webservice.delegate.ConfluenceManagerWebServiceDelegate.logout.}]
com.topcoder.confluence.ConfluenceNotAuthorizedException: Confluence authorization failed when calling method named-com.topcoder.confluence.webservice.delegate.ConfluenceManagerWebServiceDelegate.logout.
	at com.topcoder.confluence.webservice.delegate.ConfluenceManagerWebServiceDelegate.logConfluenceException(ConfluenceManagerWebServiceDelegate.java:411)
	at com.topcoder.confluence.webservice.delegate.ConfluenceManagerWebServiceDelegate.logout(ConfluenceManagerWebServiceDelegate.java:501)
	at com.topcoder.confluence.webservice.delegate.ConfluenceManagerWebServiceDelegateTests.test_logout_Failure4(ConfluenceManagerWebServiceDelegateTests.java:728)
	at sun.reflect.NativeMethodAccessorImpl.invoke0(Native Method)
	at sun.reflect.NativeMethodAccessorImpl.invoke(Unknown Source)
	at sun.reflect.DelegatingMethodAccessorImpl.invoke(Unknown Source)
	at java.lang.reflect.Method.invoke(Unknown Source)
	at junit.framework.TestCase.runTest(TestCase.java:168)
	at junit.framework.TestCase.runBare(TestCase.java:134)
	at junit.framework.TestResult$1.protect(TestResult.java:110)
	at junit.framework.TestResult.runProtected(TestResult.java:128)
	at junit.framework.TestResult.run(TestResult.java:113)
	at junit.framework.TestCase.run(TestCase.java:124)
	at junit.framework.TestSuite.runTest(TestSuite.java:232)
	at junit.framework.TestSuite.run(TestSuite.java:227)
	at junit.framework.TestSuite.runTest(TestSuite.java:232)
	at junit.framework.TestSuite.run(TestSuite.java:227)
	at junit.framework.TestSuite.runTest(TestSuite.java:232)
	at junit.framework.TestSuite.run(TestSuite.java:227)
	at org.apache.tools.ant.taskdefs.optional.junit.JUnitTestRunner.run(JUnitTestRunner.java:421)
	at org.apache.tools.ant.taskdefs.optional.junit.JUnitTestRunner.launch(JUnitTestRunner.java:912)
	at org.apache.tools.ant.taskdefs.optional.junit.JUnitTestRunner.main(JUnitTestRunner.java:766)
Caused by: com.topcoder.confluence.webservice.ConfluenceManagementServiceNotAuthorizedException: Confluence authorization failed when calling method named-com.topcoder.confluence.webservice.bean.ConfluenceManagementServiceBean.logout.
	at com.topcoder.confluence.webservice.bean.ConfluenceManagementServiceBean.logConfluenceException(ConfluenceManagementServiceBean.java:318)
	at com.topcoder.confluence.webservice.bean.ConfluenceManagementServiceBean.logout(ConfluenceManagementServiceBean.java:411)
	at com.topcoder.confluence.webservice.delegate.ConfluenceManagerWebServiceDelegate.logout(ConfluenceManagerWebServiceDelegate.java:494)
	... 20 more
[Entering method {com.topcoder.confluence.webservice.delegate.ConfluenceManagerWebServiceDelegate.createPage}]
[Input parameters[{token}:{  },{page}:{basePageUrl:,versionUrl:,assetName:,version:,applicationCode:,content:,assetType:,catalog:,componentType:}]]
[Entering method {com.topcoder.confluence.webservice.bean.ConfluenceManagementServiceBean.createPage}]
[Input parameters[{token}:{  },{page}:{basePageUrl:,versionUrl:,assetName:,version:,applicationCode:,content:,assetType:,catalog:,componentType:}]]
[Exiting method {com.topcoder.confluence.webservice.bean.ConfluenceManagementServiceBean.createPage}]
[Output parameter {page:[basePageUrl:,versionUrl:,assetName:,version:,applicationCode:,content:,assetType:,catalog:,componentType:], actionTaken:BASE_PAGE_AND_VERSION_CREATED}]
[Exiting method {com.topcoder.confluence.webservice.delegate.ConfluenceManagerWebServiceDelegate.createPage}]
[Output parameter {page:[basePageUrl:,versionUrl:,assetName:,version:,applicationCode:,content:,assetType:,catalog:,componentType:], actionTaken:BASE_PAGE_AND_VERSION_CREATED}]
[Entering method {com.topcoder.confluence.webservice.delegate.ConfluenceManagerWebServiceDelegate.createPage}]
[Input parameters[{token}:{},{page}:{basePageUrl:,versionUrl:,assetName:,version:,applicationCode:,content:,assetType:,catalog:,componentType:}]]
[Error in method {com.topcoder.confluence.webservice.delegate.ConfluenceManagerWebServiceDelegate.createPage}:Details {token should not be null.}]
java.lang.IllegalArgumentException: token should not be null.
	at com.topcoder.confluence.webservice.Helper.checkNullAndLog(Helper.java:395)
	at com.topcoder.confluence.webservice.delegate.ConfluenceManagerWebServiceDelegate.createPage(ConfluenceManagerWebServiceDelegate.java:647)
	at com.topcoder.confluence.webservice.delegate.ConfluenceManagerWebServiceDelegateTests.test_createPage_With_Page_Failure1(ConfluenceManagerWebServiceDelegateTests.java:765)
	at sun.reflect.NativeMethodAccessorImpl.invoke0(Native Method)
	at sun.reflect.NativeMethodAccessorImpl.invoke(Unknown Source)
	at sun.reflect.DelegatingMethodAccessorImpl.invoke(Unknown Source)
	at java.lang.reflect.Method.invoke(Unknown Source)
	at junit.framework.TestCase.runTest(TestCase.java:168)
	at junit.framework.TestCase.runBare(TestCase.java:134)
	at junit.framework.TestResult$1.protect(TestResult.java:110)
	at junit.framework.TestResult.runProtected(TestResult.java:128)
	at junit.framework.TestResult.run(TestResult.java:113)
	at junit.framework.TestCase.run(TestCase.java:124)
	at junit.framework.TestSuite.runTest(TestSuite.java:232)
	at junit.framework.TestSuite.run(TestSuite.java:227)
	at junit.framework.TestSuite.runTest(TestSuite.java:232)
	at junit.framework.TestSuite.run(TestSuite.java:227)
	at junit.framework.TestSuite.runTest(TestSuite.java:232)
	at junit.framework.TestSuite.run(TestSuite.java:227)
	at org.apache.tools.ant.taskdefs.optional.junit.JUnitTestRunner.run(JUnitTestRunner.java:421)
	at org.apache.tools.ant.taskdefs.optional.junit.JUnitTestRunner.launch(JUnitTestRunner.java:912)
	at org.apache.tools.ant.taskdefs.optional.junit.JUnitTestRunner.main(JUnitTestRunner.java:766)
[Entering method {com.topcoder.confluence.webservice.delegate.ConfluenceManagerWebServiceDelegate.createPage}]
[Input parameters[{token}:{  },{page}:{}]]
[Error in method {com.topcoder.confluence.webservice.delegate.ConfluenceManagerWebServiceDelegate.createPage}:Details {page should not be null.}]
java.lang.IllegalArgumentException: page should not be null.
	at com.topcoder.confluence.webservice.Helper.checkNullAndLog(Helper.java:395)
	at com.topcoder.confluence.webservice.delegate.ConfluenceManagerWebServiceDelegate.createPage(ConfluenceManagerWebServiceDelegate.java:648)
	at com.topcoder.confluence.webservice.delegate.ConfluenceManagerWebServiceDelegateTests.test_createPage_With_Page_Failure2(ConfluenceManagerWebServiceDelegateTests.java:783)
	at sun.reflect.NativeMethodAccessorImpl.invoke0(Native Method)
	at sun.reflect.NativeMethodAccessorImpl.invoke(Unknown Source)
	at sun.reflect.DelegatingMethodAccessorImpl.invoke(Unknown Source)
	at java.lang.reflect.Method.invoke(Unknown Source)
	at junit.framework.TestCase.runTest(TestCase.java:168)
	at junit.framework.TestCase.runBare(TestCase.java:134)
	at junit.framework.TestResult$1.protect(TestResult.java:110)
	at junit.framework.TestResult.runProtected(TestResult.java:128)
	at junit.framework.TestResult.run(TestResult.java:113)
	at junit.framework.TestCase.run(TestCase.java:124)
	at junit.framework.TestSuite.runTest(TestSuite.java:232)
	at junit.framework.TestSuite.run(TestSuite.java:227)
	at junit.framework.TestSuite.runTest(TestSuite.java:232)
	at junit.framework.TestSuite.run(TestSuite.java:227)
	at junit.framework.TestSuite.runTest(TestSuite.java:232)
	at junit.framework.TestSuite.run(TestSuite.java:227)
	at org.apache.tools.ant.taskdefs.optional.junit.JUnitTestRunner.run(JUnitTestRunner.java:421)
	at org.apache.tools.ant.taskdefs.optional.junit.JUnitTestRunner.launch(JUnitTestRunner.java:912)
	at org.apache.tools.ant.taskdefs.optional.junit.JUnitTestRunner.main(JUnitTestRunner.java:766)
[Entering method {com.topcoder.confluence.webservice.delegate.ConfluenceManagerWebServiceDelegate.createPage}]
[Input parameters[{token}:{  },{page}:{basePageUrl:,versionUrl:,assetName:,version:,applicationCode:,content:,assetType:,catalog:,componentType:}]]
[Entering method {com.topcoder.confluence.webservice.bean.ConfluenceManagementServiceBean.createPage}]
[Input parameters[{token}:{  },{page}:{basePageUrl:,versionUrl:,assetName:,version:,applicationCode:,content:,assetType:,catalog:,componentType:}]]
[Error in method {com.topcoder.confluence.webservice.bean.ConfluenceManagementServiceBean.createPage}:Details {Confluence connection error occured when calling method named-com.topcoder.confluence.webservice.bean.ConfluenceManagementServiceBean.createPage.}]
com.topcoder.confluence.webservice.ConfluenceManagementServiceConnectionException: Confluence connection error occured when calling method named-com.topcoder.confluence.webservice.bean.ConfluenceManagementServiceBean.createPage.
	at com.topcoder.confluence.webservice.bean.ConfluenceManagementServiceBean.logConfluenceException(ConfluenceManagementServiceBean.java:302)
	at com.topcoder.confluence.webservice.bean.ConfluenceManagementServiceBean.createPage(ConfluenceManagementServiceBean.java:570)
	at com.topcoder.confluence.webservice.delegate.ConfluenceManagerWebServiceDelegate.createPage(ConfluenceManagerWebServiceDelegate.java:651)
	at com.topcoder.confluence.webservice.delegate.ConfluenceManagerWebServiceDelegateTests.test_createPage_With_Page_Failure3(ConfluenceManagerWebServiceDelegateTests.java:803)
	at sun.reflect.NativeMethodAccessorImpl.invoke0(Native Method)
	at sun.reflect.NativeMethodAccessorImpl.invoke(Unknown Source)
	at sun.reflect.DelegatingMethodAccessorImpl.invoke(Unknown Source)
	at java.lang.reflect.Method.invoke(Unknown Source)
	at junit.framework.TestCase.runTest(TestCase.java:168)
	at junit.framework.TestCase.runBare(TestCase.java:134)
	at junit.framework.TestResult$1.protect(TestResult.java:110)
	at junit.framework.TestResult.runProtected(TestResult.java:128)
	at junit.framework.TestResult.run(TestResult.java:113)
	at junit.framework.TestCase.run(TestCase.java:124)
	at junit.framework.TestSuite.runTest(TestSuite.java:232)
	at junit.framework.TestSuite.run(TestSuite.java:227)
	at junit.framework.TestSuite.runTest(TestSuite.java:232)
	at junit.framework.TestSuite.run(TestSuite.java:227)
	at junit.framework.TestSuite.runTest(TestSuite.java:232)
	at junit.framework.TestSuite.run(TestSuite.java:227)
	at org.apache.tools.ant.taskdefs.optional.junit.JUnitTestRunner.run(JUnitTestRunner.java:421)
	at org.apache.tools.ant.taskdefs.optional.junit.JUnitTestRunner.launch(JUnitTestRunner.java:912)
	at org.apache.tools.ant.taskdefs.optional.junit.JUnitTestRunner.main(JUnitTestRunner.java:766)
[Error in method {com.topcoder.confluence.webservice.delegate.ConfluenceManagerWebServiceDelegate.createPage}:Details {Confluence connection error occured when calling method named-com.topcoder.confluence.webservice.delegate.ConfluenceManagerWebServiceDelegate.createPage.}]
com.topcoder.confluence.ConfluenceConnectionException: Confluence connection error occured when calling method named-com.topcoder.confluence.webservice.delegate.ConfluenceManagerWebServiceDelegate.createPage.
	at com.topcoder.confluence.webservice.delegate.ConfluenceManagerWebServiceDelegate.logConfluenceException(ConfluenceManagerWebServiceDelegate.java:396)
	at com.topcoder.confluence.webservice.delegate.ConfluenceManagerWebServiceDelegate.createPage(ConfluenceManagerWebServiceDelegate.java:658)
	at com.topcoder.confluence.webservice.delegate.ConfluenceManagerWebServiceDelegateTests.test_createPage_With_Page_Failure3(ConfluenceManagerWebServiceDelegateTests.java:803)
	at sun.reflect.NativeMethodAccessorImpl.invoke0(Native Method)
	at sun.reflect.NativeMethodAccessorImpl.invoke(Unknown Source)
	at sun.reflect.DelegatingMethodAccessorImpl.invoke(Unknown Source)
	at java.lang.reflect.Method.invoke(Unknown Source)
	at junit.framework.TestCase.runTest(TestCase.java:168)
	at junit.framework.TestCase.runBare(TestCase.java:134)
	at junit.framework.TestResult$1.protect(TestResult.java:110)
	at junit.framework.TestResult.runProtected(TestResult.java:128)
	at junit.framework.TestResult.run(TestResult.java:113)
	at junit.framework.TestCase.run(TestCase.java:124)
	at junit.framework.TestSuite.runTest(TestSuite.java:232)
	at junit.framework.TestSuite.run(TestSuite.java:227)
	at junit.framework.TestSuite.runTest(TestSuite.java:232)
	at junit.framework.TestSuite.run(TestSuite.java:227)
	at junit.framework.TestSuite.runTest(TestSuite.java:232)
	at junit.framework.TestSuite.run(TestSuite.java:227)
	at org.apache.tools.ant.taskdefs.optional.junit.JUnitTestRunner.run(JUnitTestRunner.java:421)
	at org.apache.tools.ant.taskdefs.optional.junit.JUnitTestRunner.launch(JUnitTestRunner.java:912)
	at org.apache.tools.ant.taskdefs.optional.junit.JUnitTestRunner.main(JUnitTestRunner.java:766)
Caused by: com.topcoder.confluence.webservice.ConfluenceManagementServiceConnectionException: Confluence connection error occured when calling method named-com.topcoder.confluence.webservice.bean.ConfluenceManagementServiceBean.createPage.
	at com.topcoder.confluence.webservice.bean.ConfluenceManagementServiceBean.logConfluenceException(ConfluenceManagementServiceBean.java:302)
	at com.topcoder.confluence.webservice.bean.ConfluenceManagementServiceBean.createPage(ConfluenceManagementServiceBean.java:570)
	at com.topcoder.confluence.webservice.delegate.ConfluenceManagerWebServiceDelegate.createPage(ConfluenceManagerWebServiceDelegate.java:651)
	... 20 more
[Entering method {com.topcoder.confluence.webservice.delegate.ConfluenceManagerWebServiceDelegate.createPage}]
[Input parameters[{token}:{  },{page}:{basePageUrl:,versionUrl:,assetName:,version:,applicationCode:,content:,assetType:,catalog:,componentType:}]]
[Entering method {com.topcoder.confluence.webservice.bean.ConfluenceManagementServiceBean.createPage}]
[Input parameters[{token}:{  },{page}:{basePageUrl:,versionUrl:,assetName:,version:,applicationCode:,content:,assetType:,catalog:,componentType:}]]
[Error in method {com.topcoder.confluence.webservice.bean.ConfluenceManagementServiceBean.createPage}:Details {Any confluence manager error occured when calling method named-com.topcoder.confluence.webservice.bean.ConfluenceManagementServiceBean.createPage.}]
com.topcoder.confluence.webservice.ConfluenceManagementServiceException: Any confluence manager error occured when calling method named-com.topcoder.confluence.webservice.bean.ConfluenceManagementServiceBean.createPage.
	at com.topcoder.confluence.webservice.bean.ConfluenceManagementServiceBean.logConfluenceException(ConfluenceManagementServiceBean.java:325)
	at com.topcoder.confluence.webservice.bean.ConfluenceManagementServiceBean.createPage(ConfluenceManagementServiceBean.java:570)
	at com.topcoder.confluence.webservice.delegate.ConfluenceManagerWebServiceDelegate.createPage(ConfluenceManagerWebServiceDelegate.java:651)
	at com.topcoder.confluence.webservice.delegate.ConfluenceManagerWebServiceDelegateTests.test_createPage_With_Page_Failure4(ConfluenceManagerWebServiceDelegateTests.java:825)
	at sun.reflect.NativeMethodAccessorImpl.invoke0(Native Method)
	at sun.reflect.NativeMethodAccessorImpl.invoke(Unknown Source)
	at sun.reflect.DelegatingMethodAccessorImpl.invoke(Unknown Source)
	at java.lang.reflect.Method.invoke(Unknown Source)
	at junit.framework.TestCase.runTest(TestCase.java:168)
	at junit.framework.TestCase.runBare(TestCase.java:134)
	at junit.framework.TestResult$1.protect(TestResult.java:110)
	at junit.framework.TestResult.runProtected(TestResult.java:128)
	at junit.framework.TestResult.run(TestResult.java:113)
	at junit.framework.TestCase.run(TestCase.java:124)
	at junit.framework.TestSuite.runTest(TestSuite.java:232)
	at junit.framework.TestSuite.run(TestSuite.java:227)
	at junit.framework.TestSuite.runTest(TestSuite.java:232)
	at junit.framework.TestSuite.run(TestSuite.java:227)
	at junit.framework.TestSuite.runTest(TestSuite.java:232)
	at junit.framework.TestSuite.run(TestSuite.java:227)
	at org.apache.tools.ant.taskdefs.optional.junit.JUnitTestRunner.run(JUnitTestRunner.java:421)
	at org.apache.tools.ant.taskdefs.optional.junit.JUnitTestRunner.launch(JUnitTestRunner.java:912)
	at org.apache.tools.ant.taskdefs.optional.junit.JUnitTestRunner.main(JUnitTestRunner.java:766)
[Error in method {com.topcoder.confluence.webservice.delegate.ConfluenceManagerWebServiceDelegate.createPage}:Details {Any confluence manager error occured when calling method named-com.topcoder.confluence.webservice.delegate.ConfluenceManagerWebServiceDelegate.createPage.}]
com.topcoder.confluence.ConfluenceManagerException: Any confluence manager error occured when calling method named-com.topcoder.confluence.webservice.delegate.ConfluenceManagerWebServiceDelegate.createPage.
	at com.topcoder.confluence.webservice.delegate.ConfluenceManagerWebServiceDelegate.logConfluenceException(ConfluenceManagerWebServiceDelegate.java:417)
	at com.topcoder.confluence.webservice.delegate.ConfluenceManagerWebServiceDelegate.createPage(ConfluenceManagerWebServiceDelegate.java:658)
	at com.topcoder.confluence.webservice.delegate.ConfluenceManagerWebServiceDelegateTests.test_createPage_With_Page_Failure4(ConfluenceManagerWebServiceDelegateTests.java:825)
	at sun.reflect.NativeMethodAccessorImpl.invoke0(Native Method)
	at sun.reflect.NativeMethodAccessorImpl.invoke(Unknown Source)
	at sun.reflect.DelegatingMethodAccessorImpl.invoke(Unknown Source)
	at java.lang.reflect.Method.invoke(Unknown Source)
	at junit.framework.TestCase.runTest(TestCase.java:168)
	at junit.framework.TestCase.runBare(TestCase.java:134)
	at junit.framework.TestResult$1.protect(TestResult.java:110)
	at junit.framework.TestResult.runProtected(TestResult.java:128)
	at junit.framework.TestResult.run(TestResult.java:113)
	at junit.framework.TestCase.run(TestCase.java:124)
	at junit.framework.TestSuite.runTest(TestSuite.java:232)
	at junit.framework.TestSuite.run(TestSuite.java:227)
	at junit.framework.TestSuite.runTest(TestSuite.java:232)
	at junit.framework.TestSuite.run(TestSuite.java:227)
	at junit.framework.TestSuite.runTest(TestSuite.java:232)
	at junit.framework.TestSuite.run(TestSuite.java:227)
	at org.apache.tools.ant.taskdefs.optional.junit.JUnitTestRunner.run(JUnitTestRunner.java:421)
	at org.apache.tools.ant.taskdefs.optional.junit.JUnitTestRunner.launch(JUnitTestRunner.java:912)
	at org.apache.tools.ant.taskdefs.optional.junit.JUnitTestRunner.main(JUnitTestRunner.java:766)
Caused by: com.topcoder.confluence.webservice.ConfluenceManagementServiceException: Any confluence manager error occured when calling method named-com.topcoder.confluence.webservice.bean.ConfluenceManagementServiceBean.createPage.
	at com.topcoder.confluence.webservice.bean.ConfluenceManagementServiceBean.logConfluenceException(ConfluenceManagementServiceBean.java:325)
	at com.topcoder.confluence.webservice.bean.ConfluenceManagementServiceBean.createPage(ConfluenceManagementServiceBean.java:570)
	at com.topcoder.confluence.webservice.delegate.ConfluenceManagerWebServiceDelegate.createPage(ConfluenceManagerWebServiceDelegate.java:651)
	... 20 more
[Entering method {com.topcoder.confluence.webservice.delegate.ConfluenceManagerWebServiceDelegate.createPage}]
[Input parameters[{token}:{  },{page}:{basePageUrl:,versionUrl:,assetName:,version:,applicationCode:,content:,assetType:,catalog:,componentType:}]]
[Entering method {com.topcoder.confluence.webservice.bean.ConfluenceManagementServiceBean.createPage}]
[Input parameters[{token}:{  },{page}:{basePageUrl:,versionUrl:,assetName:,version:,applicationCode:,content:,assetType:,catalog:,componentType:}]]
[Error in method {com.topcoder.confluence.webservice.bean.ConfluenceManagementServiceBean.createPage}:Details {Confluence authorization failed when calling method named-com.topcoder.confluence.webservice.bean.ConfluenceManagementServiceBean.createPage.}]
com.topcoder.confluence.webservice.ConfluenceManagementServiceNotAuthorizedException: Confluence authorization failed when calling method named-com.topcoder.confluence.webservice.bean.ConfluenceManagementServiceBean.createPage.
	at com.topcoder.confluence.webservice.bean.ConfluenceManagementServiceBean.logConfluenceException(ConfluenceManagementServiceBean.java:318)
	at com.topcoder.confluence.webservice.bean.ConfluenceManagementServiceBean.createPage(ConfluenceManagementServiceBean.java:570)
	at com.topcoder.confluence.webservice.delegate.ConfluenceManagerWebServiceDelegate.createPage(ConfluenceManagerWebServiceDelegate.java:651)
	at com.topcoder.confluence.webservice.delegate.ConfluenceManagerWebServiceDelegateTests.test_createPage_With_Page_Failure5(ConfluenceManagerWebServiceDelegateTests.java:847)
	at sun.reflect.NativeMethodAccessorImpl.invoke0(Native Method)
	at sun.reflect.NativeMethodAccessorImpl.invoke(Unknown Source)
	at sun.reflect.DelegatingMethodAccessorImpl.invoke(Unknown Source)
	at java.lang.reflect.Method.invoke(Unknown Source)
	at junit.framework.TestCase.runTest(TestCase.java:168)
	at junit.framework.TestCase.runBare(TestCase.java:134)
	at junit.framework.TestResult$1.protect(TestResult.java:110)
	at junit.framework.TestResult.runProtected(TestResult.java:128)
	at junit.framework.TestResult.run(TestResult.java:113)
	at junit.framework.TestCase.run(TestCase.java:124)
	at junit.framework.TestSuite.runTest(TestSuite.java:232)
	at junit.framework.TestSuite.run(TestSuite.java:227)
	at junit.framework.TestSuite.runTest(TestSuite.java:232)
	at junit.framework.TestSuite.run(TestSuite.java:227)
	at junit.framework.TestSuite.runTest(TestSuite.java:232)
	at junit.framework.TestSuite.run(TestSuite.java:227)
	at org.apache.tools.ant.taskdefs.optional.junit.JUnitTestRunner.run(JUnitTestRunner.java:421)
	at org.apache.tools.ant.taskdefs.optional.junit.JUnitTestRunner.launch(JUnitTestRunner.java:912)
	at org.apache.tools.ant.taskdefs.optional.junit.JUnitTestRunner.main(JUnitTestRunner.java:766)
[Error in method {com.topcoder.confluence.webservice.delegate.ConfluenceManagerWebServiceDelegate.createPage}:Details {Confluence authorization failed when calling method named-com.topcoder.confluence.webservice.delegate.ConfluenceManagerWebServiceDelegate.createPage.}]
com.topcoder.confluence.ConfluenceNotAuthorizedException: Confluence authorization failed when calling method named-com.topcoder.confluence.webservice.delegate.ConfluenceManagerWebServiceDelegate.createPage.
	at com.topcoder.confluence.webservice.delegate.ConfluenceManagerWebServiceDelegate.logConfluenceException(ConfluenceManagerWebServiceDelegate.java:411)
	at com.topcoder.confluence.webservice.delegate.ConfluenceManagerWebServiceDelegate.createPage(ConfluenceManagerWebServiceDelegate.java:658)
	at com.topcoder.confluence.webservice.delegate.ConfluenceManagerWebServiceDelegateTests.test_createPage_With_Page_Failure5(ConfluenceManagerWebServiceDelegateTests.java:847)
	at sun.reflect.NativeMethodAccessorImpl.invoke0(Native Method)
	at sun.reflect.NativeMethodAccessorImpl.invoke(Unknown Source)
	at sun.reflect.DelegatingMethodAccessorImpl.invoke(Unknown Source)
	at java.lang.reflect.Method.invoke(Unknown Source)
	at junit.framework.TestCase.runTest(TestCase.java:168)
	at junit.framework.TestCase.runBare(TestCase.java:134)
	at junit.framework.TestResult$1.protect(TestResult.java:110)
	at junit.framework.TestResult.runProtected(TestResult.java:128)
	at junit.framework.TestResult.run(TestResult.java:113)
	at junit.framework.TestCase.run(TestCase.java:124)
	at junit.framework.TestSuite.runTest(TestSuite.java:232)
	at junit.framework.TestSuite.run(TestSuite.java:227)
	at junit.framework.TestSuite.runTest(TestSuite.java:232)
	at junit.framework.TestSuite.run(TestSuite.java:227)
	at junit.framework.TestSuite.runTest(TestSuite.java:232)
	at junit.framework.TestSuite.run(TestSuite.java:227)
	at org.apache.tools.ant.taskdefs.optional.junit.JUnitTestRunner.run(JUnitTestRunner.java:421)
	at org.apache.tools.ant.taskdefs.optional.junit.JUnitTestRunner.launch(JUnitTestRunner.java:912)
	at org.apache.tools.ant.taskdefs.optional.junit.JUnitTestRunner.main(JUnitTestRunner.java:766)
Caused by: com.topcoder.confluence.webservice.ConfluenceManagementServiceNotAuthorizedException: Confluence authorization failed when calling method named-com.topcoder.confluence.webservice.bean.ConfluenceManagementServiceBean.createPage.
	at com.topcoder.confluence.webservice.bean.ConfluenceManagementServiceBean.logConfluenceException(ConfluenceManagementServiceBean.java:318)
	at com.topcoder.confluence.webservice.bean.ConfluenceManagementServiceBean.createPage(ConfluenceManagementServiceBean.java:570)
	at com.topcoder.confluence.webservice.delegate.ConfluenceManagerWebServiceDelegate.createPage(ConfluenceManagerWebServiceDelegate.java:651)
	... 20 more
[Entering method {com.topcoder.confluence.webservice.delegate.ConfluenceManagerWebServiceDelegate.createPage}]
[Input parameters[{token}:{ },{pageName}:{pageName},{version}:{1},{assetType}:{APPLICATION_ARCHITECTURE},{catalog}:{DOT_NET},{componentType}:{CUSTOM}]]
[Entering method {com.topcoder.confluence.webservice.bean.ConfluenceManagementServiceBean.createPage}]
[Input parameters[{token}:{ },{pageName}:{pageName},{version}:{1},{assetType}:{APPLICATION_ARCHITECTURE},{catalog}:{DOT_NET},{componentType}:{CUSTOM}]]
[Exiting method {com.topcoder.confluence.webservice.bean.ConfluenceManagementServiceBean.createPage}]
[Output parameter {page:[basePageUrl:pageNameUrl,versionUrl:,assetName:,version:1,applicationCode:,content:,assetType:APPLICATION_ARCHITECTURE,catalog:DOT_NET,componentType:CUSTOM], actionTaken:BASE_PAGE_AND_VERSION_CREATED}]
[Exiting method {com.topcoder.confluence.webservice.delegate.ConfluenceManagerWebServiceDelegate.createPage}]
[Output parameter {page:[basePageUrl:pageNameUrl,versionUrl:,assetName:,version:1,applicationCode:,content:,assetType:APPLICATION_ARCHITECTURE,catalog:DOT_NET,componentType:CUSTOM], actionTaken:BASE_PAGE_AND_VERSION_CREATED}]
[Entering method {com.topcoder.confluence.webservice.delegate.ConfluenceManagerWebServiceDelegate.createPage}]
[Input parameters[{token}:{},{pageName}:{page name},{version}:{3},{assetType}:{APPLICATION_ARCHITECTURE},{catalog}:{DOT_NET},{componentType}:{CUSTOM}]]
[Error in method {com.topcoder.confluence.webservice.delegate.ConfluenceManagerWebServiceDelegate.createPage}:Details {token should not be null.}]
java.lang.IllegalArgumentException: token should not be null.
	at com.topcoder.confluence.webservice.Helper.checkNullAndLog(Helper.java:395)
	at com.topcoder.confluence.webservice.delegate.ConfluenceManagerWebServiceDelegate.createPage(ConfluenceManagerWebServiceDelegate.java:543)
	at com.topcoder.confluence.webservice.delegate.ConfluenceManagerWebServiceDelegateTests.test_createPage_with_ComponentType_Failure1(ConfluenceManagerWebServiceDelegateTests.java:893)
	at sun.reflect.NativeMethodAccessorImpl.invoke0(Native Method)
	at sun.reflect.NativeMethodAccessorImpl.invoke(Unknown Source)
	at sun.reflect.DelegatingMethodAccessorImpl.invoke(Unknown Source)
	at java.lang.reflect.Method.invoke(Unknown Source)
	at junit.framework.TestCase.runTest(TestCase.java:168)
	at junit.framework.TestCase.runBare(TestCase.java:134)
	at junit.framework.TestResult$1.protect(TestResult.java:110)
	at junit.framework.TestResult.runProtected(TestResult.java:128)
	at junit.framework.TestResult.run(TestResult.java:113)
	at junit.framework.TestCase.run(TestCase.java:124)
	at junit.framework.TestSuite.runTest(TestSuite.java:232)
	at junit.framework.TestSuite.run(TestSuite.java:227)
	at junit.framework.TestSuite.runTest(TestSuite.java:232)
	at junit.framework.TestSuite.run(TestSuite.java:227)
	at junit.framework.TestSuite.runTest(TestSuite.java:232)
	at junit.framework.TestSuite.run(TestSuite.java:227)
	at org.apache.tools.ant.taskdefs.optional.junit.JUnitTestRunner.run(JUnitTestRunner.java:421)
	at org.apache.tools.ant.taskdefs.optional.junit.JUnitTestRunner.launch(JUnitTestRunner.java:912)
	at org.apache.tools.ant.taskdefs.optional.junit.JUnitTestRunner.main(JUnitTestRunner.java:766)
[Entering method {com.topcoder.confluence.webservice.delegate.ConfluenceManagerWebServiceDelegate.createPage}]
[Input parameters[{token}:{  },{pageName}:{},{version}:{3},{assetType}:{APPLICATION_ARCHITECTURE},{catalog}:{DOT_NET},{componentType}:{CUSTOM}]]
[Error in method {com.topcoder.confluence.webservice.delegate.ConfluenceManagerWebServiceDelegate.createPage}:Details {pageName should not be null.}]
java.lang.IllegalArgumentException: pageName should not be null.
	at com.topcoder.confluence.webservice.Helper.checkNullAndLog(Helper.java:395)
	at com.topcoder.confluence.webservice.Helper.checkStringNullOrEmptyAndLog(Helper.java:419)
	at com.topcoder.confluence.webservice.delegate.ConfluenceManagerWebServiceDelegate.createPage(ConfluenceManagerWebServiceDelegate.java:544)
	at com.topcoder.confluence.webservice.delegate.ConfluenceManagerWebServiceDelegateTests.test_createPage_with_ComponentType_Failure2(ConfluenceManagerWebServiceDelegateTests.java:912)
	at sun.reflect.NativeMethodAccessorImpl.invoke0(Native Method)
	at sun.reflect.NativeMethodAccessorImpl.invoke(Unknown Source)
	at sun.reflect.DelegatingMethodAccessorImpl.invoke(Unknown Source)
	at java.lang.reflect.Method.invoke(Unknown Source)
	at junit.framework.TestCase.runTest(TestCase.java:168)
	at junit.framework.TestCase.runBare(TestCase.java:134)
	at junit.framework.TestResult$1.protect(TestResult.java:110)
	at junit.framework.TestResult.runProtected(TestResult.java:128)
	at junit.framework.TestResult.run(TestResult.java:113)
	at junit.framework.TestCase.run(TestCase.java:124)
	at junit.framework.TestSuite.runTest(TestSuite.java:232)
	at junit.framework.TestSuite.run(TestSuite.java:227)
	at junit.framework.TestSuite.runTest(TestSuite.java:232)
	at junit.framework.TestSuite.run(TestSuite.java:227)
	at junit.framework.TestSuite.runTest(TestSuite.java:232)
	at junit.framework.TestSuite.run(TestSuite.java:227)
	at org.apache.tools.ant.taskdefs.optional.junit.JUnitTestRunner.run(JUnitTestRunner.java:421)
	at org.apache.tools.ant.taskdefs.optional.junit.JUnitTestRunner.launch(JUnitTestRunner.java:912)
	at org.apache.tools.ant.taskdefs.optional.junit.JUnitTestRunner.main(JUnitTestRunner.java:766)
[Entering method {com.topcoder.confluence.webservice.delegate.ConfluenceManagerWebServiceDelegate.createPage}]
[Input parameters[{token}:{  },{pageName}:{  },{version}:{3},{assetType}:{APPLICATION_ARCHITECTURE},{catalog}:{DOT_NET},{componentType}:{CUSTOM}]]
[Error in method {com.topcoder.confluence.webservice.delegate.ConfluenceManagerWebServiceDelegate.createPage}:Details {pageName should not be empty.}]
java.lang.IllegalArgumentException: pageName should not be empty.
	at com.topcoder.confluence.webservice.Helper.checkStringNullOrEmptyAndLog(Helper.java:422)
	at com.topcoder.confluence.webservice.delegate.ConfluenceManagerWebServiceDelegate.createPage(ConfluenceManagerWebServiceDelegate.java:544)
	at com.topcoder.confluence.webservice.delegate.ConfluenceManagerWebServiceDelegateTests.test_createPage_with_ComponentType_Failure3(ConfluenceManagerWebServiceDelegateTests.java:931)
	at sun.reflect.NativeMethodAccessorImpl.invoke0(Native Method)
	at sun.reflect.NativeMethodAccessorImpl.invoke(Unknown Source)
	at sun.reflect.DelegatingMethodAccessorImpl.invoke(Unknown Source)
	at java.lang.reflect.Method.invoke(Unknown Source)
	at junit.framework.TestCase.runTest(TestCase.java:168)
	at junit.framework.TestCase.runBare(TestCase.java:134)
	at junit.framework.TestResult$1.protect(TestResult.java:110)
	at junit.framework.TestResult.runProtected(TestResult.java:128)
	at junit.framework.TestResult.run(TestResult.java:113)
	at junit.framework.TestCase.run(TestCase.java:124)
	at junit.framework.TestSuite.runTest(TestSuite.java:232)
	at junit.framework.TestSuite.run(TestSuite.java:227)
	at junit.framework.TestSuite.runTest(TestSuite.java:232)
	at junit.framework.TestSuite.run(TestSuite.java:227)
	at junit.framework.TestSuite.runTest(TestSuite.java:232)
	at junit.framework.TestSuite.run(TestSuite.java:227)
	at org.apache.tools.ant.taskdefs.optional.junit.JUnitTestRunner.run(JUnitTestRunner.java:421)
	at org.apache.tools.ant.taskdefs.optional.junit.JUnitTestRunner.launch(JUnitTestRunner.java:912)
	at org.apache.tools.ant.taskdefs.optional.junit.JUnitTestRunner.main(JUnitTestRunner.java:766)
[Entering method {com.topcoder.confluence.webservice.delegate.ConfluenceManagerWebServiceDelegate.createPage}]
[Input parameters[{token}:{  },{pageName}:{page name},{version}:{},{assetType}:{APPLICATION_ARCHITECTURE},{catalog}:{DOT_NET},{componentType}:{CUSTOM}]]
[Error in method {com.topcoder.confluence.webservice.delegate.ConfluenceManagerWebServiceDelegate.createPage}:Details {version should not be null.}]
java.lang.IllegalArgumentException: version should not be null.
	at com.topcoder.confluence.webservice.Helper.checkNullAndLog(Helper.java:395)
	at com.topcoder.confluence.webservice.Helper.checkStringNullOrEmptyAndLog(Helper.java:419)
	at com.topcoder.confluence.webservice.delegate.ConfluenceManagerWebServiceDelegate.createPage(ConfluenceManagerWebServiceDelegate.java:545)
	at com.topcoder.confluence.webservice.delegate.ConfluenceManagerWebServiceDelegateTests.test_createPage_with_ComponentType_Failure4(ConfluenceManagerWebServiceDelegateTests.java:950)
	at sun.reflect.NativeMethodAccessorImpl.invoke0(Native Method)
	at sun.reflect.NativeMethodAccessorImpl.invoke(Unknown Source)
	at sun.reflect.DelegatingMethodAccessorImpl.invoke(Unknown Source)
	at java.lang.reflect.Method.invoke(Unknown Source)
	at junit.framework.TestCase.runTest(TestCase.java:168)
	at junit.framework.TestCase.runBare(TestCase.java:134)
	at junit.framework.TestResult$1.protect(TestResult.java:110)
	at junit.framework.TestResult.runProtected(TestResult.java:128)
	at junit.framework.TestResult.run(TestResult.java:113)
	at junit.framework.TestCase.run(TestCase.java:124)
	at junit.framework.TestSuite.runTest(TestSuite.java:232)
	at junit.framework.TestSuite.run(TestSuite.java:227)
	at junit.framework.TestSuite.runTest(TestSuite.java:232)
	at junit.framework.TestSuite.run(TestSuite.java:227)
	at junit.framework.TestSuite.runTest(TestSuite.java:232)
	at junit.framework.TestSuite.run(TestSuite.java:227)
	at org.apache.tools.ant.taskdefs.optional.junit.JUnitTestRunner.run(JUnitTestRunner.java:421)
	at org.apache.tools.ant.taskdefs.optional.junit.JUnitTestRunner.launch(JUnitTestRunner.java:912)
	at org.apache.tools.ant.taskdefs.optional.junit.JUnitTestRunner.main(JUnitTestRunner.java:766)
[Entering method {com.topcoder.confluence.webservice.delegate.ConfluenceManagerWebServiceDelegate.createPage}]
[Input parameters[{token}:{  },{pageName}:{page name},{version}:{  },{assetType}:{APPLICATION_ARCHITECTURE},{catalog}:{DOT_NET},{componentType}:{CUSTOM}]]
[Error in method {com.topcoder.confluence.webservice.delegate.ConfluenceManagerWebServiceDelegate.createPage}:Details {version should not be empty.}]
java.lang.IllegalArgumentException: version should not be empty.
	at com.topcoder.confluence.webservice.Helper.checkStringNullOrEmptyAndLog(Helper.java:422)
	at com.topcoder.confluence.webservice.delegate.ConfluenceManagerWebServiceDelegate.createPage(ConfluenceManagerWebServiceDelegate.java:545)
	at com.topcoder.confluence.webservice.delegate.ConfluenceManagerWebServiceDelegateTests.test_createPage_with_ComponentType_Failure5(ConfluenceManagerWebServiceDelegateTests.java:969)
	at sun.reflect.NativeMethodAccessorImpl.invoke0(Native Method)
	at sun.reflect.NativeMethodAccessorImpl.invoke(Unknown Source)
	at sun.reflect.DelegatingMethodAccessorImpl.invoke(Unknown Source)
	at java.lang.reflect.Method.invoke(Unknown Source)
	at junit.framework.TestCase.runTest(TestCase.java:168)
	at junit.framework.TestCase.runBare(TestCase.java:134)
	at junit.framework.TestResult$1.protect(TestResult.java:110)
	at junit.framework.TestResult.runProtected(TestResult.java:128)
	at junit.framework.TestResult.run(TestResult.java:113)
	at junit.framework.TestCase.run(TestCase.java:124)
	at junit.framework.TestSuite.runTest(TestSuite.java:232)
	at junit.framework.TestSuite.run(TestSuite.java:227)
	at junit.framework.TestSuite.runTest(TestSuite.java:232)
	at junit.framework.TestSuite.run(TestSuite.java:227)
	at junit.framework.TestSuite.runTest(TestSuite.java:232)
	at junit.framework.TestSuite.run(TestSuite.java:227)
	at org.apache.tools.ant.taskdefs.optional.junit.JUnitTestRunner.run(JUnitTestRunner.java:421)
	at org.apache.tools.ant.taskdefs.optional.junit.JUnitTestRunner.launch(JUnitTestRunner.java:912)
	at org.apache.tools.ant.taskdefs.optional.junit.JUnitTestRunner.main(JUnitTestRunner.java:766)
[Entering method {com.topcoder.confluence.webservice.delegate.ConfluenceManagerWebServiceDelegate.createPage}]
[Input parameters[{token}:{  },{pageName}:{page name},{version}:{2},{assetType}:{},{catalog}:{DOT_NET},{componentType}:{CUSTOM}]]
[Error in method {com.topcoder.confluence.webservice.delegate.ConfluenceManagerWebServiceDelegate.createPage}:Details {assetType should not be null.}]
java.lang.IllegalArgumentException: assetType should not be null.
	at com.topcoder.confluence.webservice.Helper.checkNullAndLog(Helper.java:395)
	at com.topcoder.confluence.webservice.delegate.ConfluenceManagerWebServiceDelegate.createPage(ConfluenceManagerWebServiceDelegate.java:546)
	at com.topcoder.confluence.webservice.delegate.ConfluenceManagerWebServiceDelegateTests.test_createPage_with_ComponentType_Failure6(ConfluenceManagerWebServiceDelegateTests.java:988)
	at sun.reflect.NativeMethodAccessorImpl.invoke0(Native Method)
	at sun.reflect.NativeMethodAccessorImpl.invoke(Unknown Source)
	at sun.reflect.DelegatingMethodAccessorImpl.invoke(Unknown Source)
	at java.lang.reflect.Method.invoke(Unknown Source)
	at junit.framework.TestCase.runTest(TestCase.java:168)
	at junit.framework.TestCase.runBare(TestCase.java:134)
	at junit.framework.TestResult$1.protect(TestResult.java:110)
	at junit.framework.TestResult.runProtected(TestResult.java:128)
	at junit.framework.TestResult.run(TestResult.java:113)
	at junit.framework.TestCase.run(TestCase.java:124)
	at junit.framework.TestSuite.runTest(TestSuite.java:232)
	at junit.framework.TestSuite.run(TestSuite.java:227)
	at junit.framework.TestSuite.runTest(TestSuite.java:232)
	at junit.framework.TestSuite.run(TestSuite.java:227)
	at junit.framework.TestSuite.runTest(TestSuite.java:232)
	at junit.framework.TestSuite.run(TestSuite.java:227)
	at org.apache.tools.ant.taskdefs.optional.junit.JUnitTestRunner.run(JUnitTestRunner.java:421)
	at org.apache.tools.ant.taskdefs.optional.junit.JUnitTestRunner.launch(JUnitTestRunner.java:912)
	at org.apache.tools.ant.taskdefs.optional.junit.JUnitTestRunner.main(JUnitTestRunner.java:766)
[Entering method {com.topcoder.confluence.webservice.delegate.ConfluenceManagerWebServiceDelegate.createPage}]
[Input parameters[{token}:{  },{pageName}:{page name},{version}:{2},{assetType}:{APPLICATION_TESTING},{catalog}:{},{componentType}:{CUSTOM}]]
[Error in method {com.topcoder.confluence.webservice.delegate.ConfluenceManagerWebServiceDelegate.createPage}:Details {catalog should not be null.}]
java.lang.IllegalArgumentException: catalog should not be null.
	at com.topcoder.confluence.webservice.Helper.checkNullAndLog(Helper.java:395)
	at com.topcoder.confluence.webservice.delegate.ConfluenceManagerWebServiceDelegate.createPage(ConfluenceManagerWebServiceDelegate.java:547)
	at com.topcoder.confluence.webservice.delegate.ConfluenceManagerWebServiceDelegateTests.test_createPage_with_ComponentType_Failure7(ConfluenceManagerWebServiceDelegateTests.java:1006)
	at sun.reflect.NativeMethodAccessorImpl.invoke0(Native Method)
	at sun.reflect.NativeMethodAccessorImpl.invoke(Unknown Source)
	at sun.reflect.DelegatingMethodAccessorImpl.invoke(Unknown Source)
	at java.lang.reflect.Method.invoke(Unknown Source)
	at junit.framework.TestCase.runTest(TestCase.java:168)
	at junit.framework.TestCase.runBare(TestCase.java:134)
	at junit.framework.TestResult$1.protect(TestResult.java:110)
	at junit.framework.TestResult.runProtected(TestResult.java:128)
	at junit.framework.TestResult.run(TestResult.java:113)
	at junit.framework.TestCase.run(TestCase.java:124)
	at junit.framework.TestSuite.runTest(TestSuite.java:232)
	at junit.framework.TestSuite.run(TestSuite.java:227)
	at junit.framework.TestSuite.runTest(TestSuite.java:232)
	at junit.framework.TestSuite.run(TestSuite.java:227)
	at junit.framework.TestSuite.runTest(TestSuite.java:232)
	at junit.framework.TestSuite.run(TestSuite.java:227)
	at org.apache.tools.ant.taskdefs.optional.junit.JUnitTestRunner.run(JUnitTestRunner.java:421)
	at org.apache.tools.ant.taskdefs.optional.junit.JUnitTestRunner.launch(JUnitTestRunner.java:912)
	at org.apache.tools.ant.taskdefs.optional.junit.JUnitTestRunner.main(JUnitTestRunner.java:766)
[Entering method {com.topcoder.confluence.webservice.delegate.ConfluenceManagerWebServiceDelegate.createPage}]
[Input parameters[{token}:{  },{pageName}:{page name},{version}:{2},{assetType}:{APPLICATION_TESTING},{catalog}:{JAVA},{componentType}:{}]]
[Error in method {com.topcoder.confluence.webservice.delegate.ConfluenceManagerWebServiceDelegate.createPage}:Details {componentType should not be null.}]
java.lang.IllegalArgumentException: componentType should not be null.
	at com.topcoder.confluence.webservice.Helper.checkNullAndLog(Helper.java:395)
	at com.topcoder.confluence.webservice.delegate.ConfluenceManagerWebServiceDelegate.createPage(ConfluenceManagerWebServiceDelegate.java:548)
	at com.topcoder.confluence.webservice.delegate.ConfluenceManagerWebServiceDelegateTests.test_createPage_with_ComponentType_Failure8(ConfluenceManagerWebServiceDelegateTests.java:1025)
	at sun.reflect.NativeMethodAccessorImpl.invoke0(Native Method)
	at sun.reflect.NativeMethodAccessorImpl.invoke(Unknown Source)
	at sun.reflect.DelegatingMethodAccessorImpl.invoke(Unknown Source)
	at java.lang.reflect.Method.invoke(Unknown Source)
	at junit.framework.TestCase.runTest(TestCase.java:168)
	at junit.framework.TestCase.runBare(TestCase.java:134)
	at junit.framework.TestResult$1.protect(TestResult.java:110)
	at junit.framework.TestResult.runProtected(TestResult.java:128)
	at junit.framework.TestResult.run(TestResult.java:113)
	at junit.framework.TestCase.run(TestCase.java:124)
	at junit.framework.TestSuite.runTest(TestSuite.java:232)
	at junit.framework.TestSuite.run(TestSuite.java:227)
	at junit.framework.TestSuite.runTest(TestSuite.java:232)
	at junit.framework.TestSuite.run(TestSuite.java:227)
	at junit.framework.TestSuite.runTest(TestSuite.java:232)
	at junit.framework.TestSuite.run(TestSuite.java:227)
	at org.apache.tools.ant.taskdefs.optional.junit.JUnitTestRunner.run(JUnitTestRunner.java:421)
	at org.apache.tools.ant.taskdefs.optional.junit.JUnitTestRunner.launch(JUnitTestRunner.java:912)
	at org.apache.tools.ant.taskdefs.optional.junit.JUnitTestRunner.main(JUnitTestRunner.java:766)
[Entering method {com.topcoder.confluence.webservice.delegate.ConfluenceManagerWebServiceDelegate.createPage}]
[Input parameters[{token}:{ },{pageName}:{page name},{version}:{2},{assetType}:{APPLICATION_ARCHITECTURE},{catalog}:{DOT_NET},{componentType}:{CUSTOM}]]
[Entering method {com.topcoder.confluence.webservice.bean.ConfluenceManagementServiceBean.createPage}]
[Input parameters[{token}:{ },{pageName}:{page name},{version}:{2},{assetType}:{APPLICATION_ARCHITECTURE},{catalog}:{DOT_NET},{componentType}:{CUSTOM}]]
[Error in method {com.topcoder.confluence.webservice.bean.ConfluenceManagementServiceBean.createPage}:Details {Confluence connection error occured when calling method named-com.topcoder.confluence.webservice.bean.ConfluenceManagementServiceBean.createPage.}]
com.topcoder.confluence.webservice.ConfluenceManagementServiceConnectionException: Confluence connection error occured when calling method named-com.topcoder.confluence.webservice.bean.ConfluenceManagementServiceBean.createPage.
	at com.topcoder.confluence.webservice.bean.ConfluenceManagementServiceBean.logConfluenceException(ConfluenceManagementServiceBean.java:302)
	at com.topcoder.confluence.webservice.bean.ConfluenceManagementServiceBean.createPage(ConfluenceManagementServiceBean.java:469)
	at com.topcoder.confluence.webservice.delegate.ConfluenceManagerWebServiceDelegate.createPage(ConfluenceManagerWebServiceDelegate.java:551)
	at com.topcoder.confluence.webservice.delegate.ConfluenceManagerWebServiceDelegateTests.test_createPage_with_ComponentType_Failure9(ConfluenceManagerWebServiceDelegateTests.java:1047)
	at sun.reflect.NativeMethodAccessorImpl.invoke0(Native Method)
	at sun.reflect.NativeMethodAccessorImpl.invoke(Unknown Source)
	at sun.reflect.DelegatingMethodAccessorImpl.invoke(Unknown Source)
	at java.lang.reflect.Method.invoke(Unknown Source)
	at junit.framework.TestCase.runTest(TestCase.java:168)
	at junit.framework.TestCase.runBare(TestCase.java:134)
	at junit.framework.TestResult$1.protect(TestResult.java:110)
	at junit.framework.TestResult.runProtected(TestResult.java:128)
	at junit.framework.TestResult.run(TestResult.java:113)
	at junit.framework.TestCase.run(TestCase.java:124)
	at junit.framework.TestSuite.runTest(TestSuite.java:232)
	at junit.framework.TestSuite.run(TestSuite.java:227)
	at junit.framework.TestSuite.runTest(TestSuite.java:232)
	at junit.framework.TestSuite.run(TestSuite.java:227)
	at junit.framework.TestSuite.runTest(TestSuite.java:232)
	at junit.framework.TestSuite.run(TestSuite.java:227)
	at org.apache.tools.ant.taskdefs.optional.junit.JUnitTestRunner.run(JUnitTestRunner.java:421)
	at org.apache.tools.ant.taskdefs.optional.junit.JUnitTestRunner.launch(JUnitTestRunner.java:912)
	at org.apache.tools.ant.taskdefs.optional.junit.JUnitTestRunner.main(JUnitTestRunner.java:766)
[Error in method {com.topcoder.confluence.webservice.delegate.ConfluenceManagerWebServiceDelegate.createPage}:Details {Confluence connection error occured when calling method named-com.topcoder.confluence.webservice.delegate.ConfluenceManagerWebServiceDelegate.createPage.}]
com.topcoder.confluence.ConfluenceConnectionException: Confluence connection error occured when calling method named-com.topcoder.confluence.webservice.delegate.ConfluenceManagerWebServiceDelegate.createPage.
	at com.topcoder.confluence.webservice.delegate.ConfluenceManagerWebServiceDelegate.logConfluenceException(ConfluenceManagerWebServiceDelegate.java:396)
	at com.topcoder.confluence.webservice.delegate.ConfluenceManagerWebServiceDelegate.createPage(ConfluenceManagerWebServiceDelegate.java:559)
	at com.topcoder.confluence.webservice.delegate.ConfluenceManagerWebServiceDelegateTests.test_createPage_with_ComponentType_Failure9(ConfluenceManagerWebServiceDelegateTests.java:1047)
	at sun.reflect.NativeMethodAccessorImpl.invoke0(Native Method)
	at sun.reflect.NativeMethodAccessorImpl.invoke(Unknown Source)
	at sun.reflect.DelegatingMethodAccessorImpl.invoke(Unknown Source)
	at java.lang.reflect.Method.invoke(Unknown Source)
	at junit.framework.TestCase.runTest(TestCase.java:168)
	at junit.framework.TestCase.runBare(TestCase.java:134)
	at junit.framework.TestResult$1.protect(TestResult.java:110)
	at junit.framework.TestResult.runProtected(TestResult.java:128)
	at junit.framework.TestResult.run(TestResult.java:113)
	at junit.framework.TestCase.run(TestCase.java:124)
	at junit.framework.TestSuite.runTest(TestSuite.java:232)
	at junit.framework.TestSuite.run(TestSuite.java:227)
	at junit.framework.TestSuite.runTest(TestSuite.java:232)
	at junit.framework.TestSuite.run(TestSuite.java:227)
	at junit.framework.TestSuite.runTest(TestSuite.java:232)
	at junit.framework.TestSuite.run(TestSuite.java:227)
	at org.apache.tools.ant.taskdefs.optional.junit.JUnitTestRunner.run(JUnitTestRunner.java:421)
	at org.apache.tools.ant.taskdefs.optional.junit.JUnitTestRunner.launch(JUnitTestRunner.java:912)
	at org.apache.tools.ant.taskdefs.optional.junit.JUnitTestRunner.main(JUnitTestRunner.java:766)
Caused by: com.topcoder.confluence.webservice.ConfluenceManagementServiceConnectionException: Confluence connection error occured when calling method named-com.topcoder.confluence.webservice.bean.ConfluenceManagementServiceBean.createPage.
	at com.topcoder.confluence.webservice.bean.ConfluenceManagementServiceBean.logConfluenceException(ConfluenceManagementServiceBean.java:302)
	at com.topcoder.confluence.webservice.bean.ConfluenceManagementServiceBean.createPage(ConfluenceManagementServiceBean.java:469)
	at com.topcoder.confluence.webservice.delegate.ConfluenceManagerWebServiceDelegate.createPage(ConfluenceManagerWebServiceDelegate.java:551)
	... 20 more
[Entering method {com.topcoder.confluence.webservice.delegate.ConfluenceManagerWebServiceDelegate.createPage}]
[Input parameters[{token}:{ },{pageName}:{page name},{version}:{2},{assetType}:{APPLICATION_ARCHITECTURE},{catalog}:{DOT_NET},{componentType}:{CUSTOM}]]
[Entering method {com.topcoder.confluence.webservice.bean.ConfluenceManagementServiceBean.createPage}]
[Input parameters[{token}:{ },{pageName}:{page name},{version}:{2},{assetType}:{APPLICATION_ARCHITECTURE},{catalog}:{DOT_NET},{componentType}:{CUSTOM}]]
[Error in method {com.topcoder.confluence.webservice.bean.ConfluenceManagementServiceBean.createPage}:Details {Any confluence manager error occured when calling method named-com.topcoder.confluence.webservice.bean.ConfluenceManagementServiceBean.createPage.}]
com.topcoder.confluence.webservice.ConfluenceManagementServiceException: Any confluence manager error occured when calling method named-com.topcoder.confluence.webservice.bean.ConfluenceManagementServiceBean.createPage.
	at com.topcoder.confluence.webservice.bean.ConfluenceManagementServiceBean.logConfluenceException(ConfluenceManagementServiceBean.java:325)
	at com.topcoder.confluence.webservice.bean.ConfluenceManagementServiceBean.createPage(ConfluenceManagementServiceBean.java:469)
	at com.topcoder.confluence.webservice.delegate.ConfluenceManagerWebServiceDelegate.createPage(ConfluenceManagerWebServiceDelegate.java:551)
	at com.topcoder.confluence.webservice.delegate.ConfluenceManagerWebServiceDelegateTests.test_createPage_with_ComponentType_Failure10(ConfluenceManagerWebServiceDelegateTests.java:1071)
	at sun.reflect.NativeMethodAccessorImpl.invoke0(Native Method)
	at sun.reflect.NativeMethodAccessorImpl.invoke(Unknown Source)
	at sun.reflect.DelegatingMethodAccessorImpl.invoke(Unknown Source)
	at java.lang.reflect.Method.invoke(Unknown Source)
	at junit.framework.TestCase.runTest(TestCase.java:168)
	at junit.framework.TestCase.runBare(TestCase.java:134)
	at junit.framework.TestResult$1.protect(TestResult.java:110)
	at junit.framework.TestResult.runProtected(TestResult.java:128)
	at junit.framework.TestResult.run(TestResult.java:113)
	at junit.framework.TestCase.run(TestCase.java:124)
	at junit.framework.TestSuite.runTest(TestSuite.java:232)
	at junit.framework.TestSuite.run(TestSuite.java:227)
	at junit.framework.TestSuite.runTest(TestSuite.java:232)
	at junit.framework.TestSuite.run(TestSuite.java:227)
	at junit.framework.TestSuite.runTest(TestSuite.java:232)
	at junit.framework.TestSuite.run(TestSuite.java:227)
	at org.apache.tools.ant.taskdefs.optional.junit.JUnitTestRunner.run(JUnitTestRunner.java:421)
	at org.apache.tools.ant.taskdefs.optional.junit.JUnitTestRunner.launch(JUnitTestRunner.java:912)
	at org.apache.tools.ant.taskdefs.optional.junit.JUnitTestRunner.main(JUnitTestRunner.java:766)
[Error in method {com.topcoder.confluence.webservice.delegate.ConfluenceManagerWebServiceDelegate.createPage}:Details {Any confluence manager error occured when calling method named-com.topcoder.confluence.webservice.delegate.ConfluenceManagerWebServiceDelegate.createPage.}]
com.topcoder.confluence.ConfluenceManagerException: Any confluence manager error occured when calling method named-com.topcoder.confluence.webservice.delegate.ConfluenceManagerWebServiceDelegate.createPage.
	at com.topcoder.confluence.webservice.delegate.ConfluenceManagerWebServiceDelegate.logConfluenceException(ConfluenceManagerWebServiceDelegate.java:417)
	at com.topcoder.confluence.webservice.delegate.ConfluenceManagerWebServiceDelegate.createPage(ConfluenceManagerWebServiceDelegate.java:559)
	at com.topcoder.confluence.webservice.delegate.ConfluenceManagerWebServiceDelegateTests.test_createPage_with_ComponentType_Failure10(ConfluenceManagerWebServiceDelegateTests.java:1071)
	at sun.reflect.NativeMethodAccessorImpl.invoke0(Native Method)
	at sun.reflect.NativeMethodAccessorImpl.invoke(Unknown Source)
	at sun.reflect.DelegatingMethodAccessorImpl.invoke(Unknown Source)
	at java.lang.reflect.Method.invoke(Unknown Source)
	at junit.framework.TestCase.runTest(TestCase.java:168)
	at junit.framework.TestCase.runBare(TestCase.java:134)
	at junit.framework.TestResult$1.protect(TestResult.java:110)
	at junit.framework.TestResult.runProtected(TestResult.java:128)
	at junit.framework.TestResult.run(TestResult.java:113)
	at junit.framework.TestCase.run(TestCase.java:124)
	at junit.framework.TestSuite.runTest(TestSuite.java:232)
	at junit.framework.TestSuite.run(TestSuite.java:227)
	at junit.framework.TestSuite.runTest(TestSuite.java:232)
	at junit.framework.TestSuite.run(TestSuite.java:227)
	at junit.framework.TestSuite.runTest(TestSuite.java:232)
	at junit.framework.TestSuite.run(TestSuite.java:227)
	at org.apache.tools.ant.taskdefs.optional.junit.JUnitTestRunner.run(JUnitTestRunner.java:421)
	at org.apache.tools.ant.taskdefs.optional.junit.JUnitTestRunner.launch(JUnitTestRunner.java:912)
	at org.apache.tools.ant.taskdefs.optional.junit.JUnitTestRunner.main(JUnitTestRunner.java:766)
Caused by: com.topcoder.confluence.webservice.ConfluenceManagementServiceException: Any confluence manager error occured when calling method named-com.topcoder.confluence.webservice.bean.ConfluenceManagementServiceBean.createPage.
	at com.topcoder.confluence.webservice.bean.ConfluenceManagementServiceBean.logConfluenceException(ConfluenceManagementServiceBean.java:325)
	at com.topcoder.confluence.webservice.bean.ConfluenceManagementServiceBean.createPage(ConfluenceManagementServiceBean.java:469)
	at com.topcoder.confluence.webservice.delegate.ConfluenceManagerWebServiceDelegate.createPage(ConfluenceManagerWebServiceDelegate.java:551)
	... 20 more
[Entering method {com.topcoder.confluence.webservice.delegate.ConfluenceManagerWebServiceDelegate.createPage}]
[Input parameters[{token}:{ },{pageName}:{page name},{version}:{2},{assetType}:{APPLICATION_ARCHITECTURE},{catalog}:{DOT_NET},{componentType}:{CUSTOM}]]
[Entering method {com.topcoder.confluence.webservice.bean.ConfluenceManagementServiceBean.createPage}]
[Input parameters[{token}:{ },{pageName}:{page name},{version}:{2},{assetType}:{APPLICATION_ARCHITECTURE},{catalog}:{DOT_NET},{componentType}:{CUSTOM}]]
[Error in method {com.topcoder.confluence.webservice.bean.ConfluenceManagementServiceBean.createPage}:Details {Confluence authorization failed when calling method named-com.topcoder.confluence.webservice.bean.ConfluenceManagementServiceBean.createPage.}]
com.topcoder.confluence.webservice.ConfluenceManagementServiceNotAuthorizedException: Confluence authorization failed when calling method named-com.topcoder.confluence.webservice.bean.ConfluenceManagementServiceBean.createPage.
	at com.topcoder.confluence.webservice.bean.ConfluenceManagementServiceBean.logConfluenceException(ConfluenceManagementServiceBean.java:318)
	at com.topcoder.confluence.webservice.bean.ConfluenceManagementServiceBean.createPage(ConfluenceManagementServiceBean.java:469)
	at com.topcoder.confluence.webservice.delegate.ConfluenceManagerWebServiceDelegate.createPage(ConfluenceManagerWebServiceDelegate.java:551)
	at com.topcoder.confluence.webservice.delegate.ConfluenceManagerWebServiceDelegateTests.test_createPage_with_ComponentType_Failure11(ConfluenceManagerWebServiceDelegateTests.java:1095)
	at sun.reflect.NativeMethodAccessorImpl.invoke0(Native Method)
	at sun.reflect.NativeMethodAccessorImpl.invoke(Unknown Source)
	at sun.reflect.DelegatingMethodAccessorImpl.invoke(Unknown Source)
	at java.lang.reflect.Method.invoke(Unknown Source)
	at junit.framework.TestCase.runTest(TestCase.java:168)
	at junit.framework.TestCase.runBare(TestCase.java:134)
	at junit.framework.TestResult$1.protect(TestResult.java:110)
	at junit.framework.TestResult.runProtected(TestResult.java:128)
	at junit.framework.TestResult.run(TestResult.java:113)
	at junit.framework.TestCase.run(TestCase.java:124)
	at junit.framework.TestSuite.runTest(TestSuite.java:232)
	at junit.framework.TestSuite.run(TestSuite.java:227)
	at junit.framework.TestSuite.runTest(TestSuite.java:232)
	at junit.framework.TestSuite.run(TestSuite.java:227)
	at junit.framework.TestSuite.runTest(TestSuite.java:232)
	at junit.framework.TestSuite.run(TestSuite.java:227)
	at org.apache.tools.ant.taskdefs.optional.junit.JUnitTestRunner.run(JUnitTestRunner.java:421)
	at org.apache.tools.ant.taskdefs.optional.junit.JUnitTestRunner.launch(JUnitTestRunner.java:912)
	at org.apache.tools.ant.taskdefs.optional.junit.JUnitTestRunner.main(JUnitTestRunner.java:766)
[Error in method {com.topcoder.confluence.webservice.delegate.ConfluenceManagerWebServiceDelegate.createPage}:Details {Confluence authorization failed when calling method named-com.topcoder.confluence.webservice.delegate.ConfluenceManagerWebServiceDelegate.createPage.}]
com.topcoder.confluence.ConfluenceNotAuthorizedException: Confluence authorization failed when calling method named-com.topcoder.confluence.webservice.delegate.ConfluenceManagerWebServiceDelegate.createPage.
	at com.topcoder.confluence.webservice.delegate.ConfluenceManagerWebServiceDelegate.logConfluenceException(ConfluenceManagerWebServiceDelegate.java:411)
	at com.topcoder.confluence.webservice.delegate.ConfluenceManagerWebServiceDelegate.createPage(ConfluenceManagerWebServiceDelegate.java:559)
	at com.topcoder.confluence.webservice.delegate.ConfluenceManagerWebServiceDelegateTests.test_createPage_with_ComponentType_Failure11(ConfluenceManagerWebServiceDelegateTests.java:1095)
	at sun.reflect.NativeMethodAccessorImpl.invoke0(Native Method)
	at sun.reflect.NativeMethodAccessorImpl.invoke(Unknown Source)
	at sun.reflect.DelegatingMethodAccessorImpl.invoke(Unknown Source)
	at java.lang.reflect.Method.invoke(Unknown Source)
	at junit.framework.TestCase.runTest(TestCase.java:168)
	at junit.framework.TestCase.runBare(TestCase.java:134)
	at junit.framework.TestResult$1.protect(TestResult.java:110)
	at junit.framework.TestResult.runProtected(TestResult.java:128)
	at junit.framework.TestResult.run(TestResult.java:113)
	at junit.framework.TestCase.run(TestCase.java:124)
	at junit.framework.TestSuite.runTest(TestSuite.java:232)
	at junit.framework.TestSuite.run(TestSuite.java:227)
	at junit.framework.TestSuite.runTest(TestSuite.java:232)
	at junit.framework.TestSuite.run(TestSuite.java:227)
	at junit.framework.TestSuite.runTest(TestSuite.java:232)
	at junit.framework.TestSuite.run(TestSuite.java:227)
	at org.apache.tools.ant.taskdefs.optional.junit.JUnitTestRunner.run(JUnitTestRunner.java:421)
	at org.apache.tools.ant.taskdefs.optional.junit.JUnitTestRunner.launch(JUnitTestRunner.java:912)
	at org.apache.tools.ant.taskdefs.optional.junit.JUnitTestRunner.main(JUnitTestRunner.java:766)
Caused by: com.topcoder.confluence.webservice.ConfluenceManagementServiceNotAuthorizedException: Confluence authorization failed when calling method named-com.topcoder.confluence.webservice.bean.ConfluenceManagementServiceBean.createPage.
	at com.topcoder.confluence.webservice.bean.ConfluenceManagementServiceBean.logConfluenceException(ConfluenceManagementServiceBean.java:318)
	at com.topcoder.confluence.webservice.bean.ConfluenceManagementServiceBean.createPage(ConfluenceManagementServiceBean.java:469)
	at com.topcoder.confluence.webservice.delegate.ConfluenceManagerWebServiceDelegate.createPage(ConfluenceManagerWebServiceDelegate.java:551)
	... 20 more
[Entering method {com.topcoder.confluence.webservice.delegate.ConfluenceManagerWebServiceDelegate.createPage}]
[Input parameters[{token}:{ },{pageName}:{pageName},{version}:{1},{assetType}:{APPLICATION_ARCHITECTURE},{catalog}:{DOT_NET},{applicationCode}:{applicationCode}]]
[Entering method {com.topcoder.confluence.webservice.bean.ConfluenceManagementServiceBean.createPage}]
[Input parameters[{token}:{ },{pageName}:{pageName},{version}:{1},{assetType}:{APPLICATION_ARCHITECTURE},{catalog}:{DOT_NET},{applicationCode}:{applicationCode}]]
[Exiting method {com.topcoder.confluence.webservice.bean.ConfluenceManagementServiceBean.createPage}]
[Output parameter {page:[basePageUrl:pageNameUrl,versionUrl:,assetName:,version:1,applicationCode:applicationCode,content:,assetType:APPLICATION_ARCHITECTURE,catalog:DOT_NET,componentType:], actionTaken:BASE_PAGE_AND_VERSION_CREATED}]
[Exiting method {com.topcoder.confluence.webservice.delegate.ConfluenceManagerWebServiceDelegate.createPage}]
[Output parameter {page:[basePageUrl:pageNameUrl,versionUrl:,assetName:,version:1,applicationCode:applicationCode,content:,assetType:APPLICATION_ARCHITECTURE,catalog:DOT_NET,componentType:], actionTaken:BASE_PAGE_AND_VERSION_CREATED}]
[Entering method {com.topcoder.confluence.webservice.delegate.ConfluenceManagerWebServiceDelegate.createPage}]
[Input parameters[{token}:{},{pageName}:{page name},{version}:{3},{assetType}:{APPLICATION_ARCHITECTURE},{catalog}:{DOT_NET},{applicationCode}:{code}]]
[Error in method {com.topcoder.confluence.webservice.delegate.ConfluenceManagerWebServiceDelegate.createPage}:Details {token should not be null.}]
java.lang.IllegalArgumentException: token should not be null.
	at com.topcoder.confluence.webservice.Helper.checkNullAndLog(Helper.java:395)
	at com.topcoder.confluence.webservice.delegate.ConfluenceManagerWebServiceDelegate.createPage(ConfluenceManagerWebServiceDelegate.java:601)
	at com.topcoder.confluence.webservice.delegate.ConfluenceManagerWebServiceDelegateTests.test_createPage_with_applicationCode_Failure1(ConfluenceManagerWebServiceDelegateTests.java:1142)
	at sun.reflect.NativeMethodAccessorImpl.invoke0(Native Method)
	at sun.reflect.NativeMethodAccessorImpl.invoke(Unknown Source)
	at sun.reflect.DelegatingMethodAccessorImpl.invoke(Unknown Source)
	at java.lang.reflect.Method.invoke(Unknown Source)
	at junit.framework.TestCase.runTest(TestCase.java:168)
	at junit.framework.TestCase.runBare(TestCase.java:134)
	at junit.framework.TestResult$1.protect(TestResult.java:110)
	at junit.framework.TestResult.runProtected(TestResult.java:128)
	at junit.framework.TestResult.run(TestResult.java:113)
	at junit.framework.TestCase.run(TestCase.java:124)
	at junit.framework.TestSuite.runTest(TestSuite.java:232)
	at junit.framework.TestSuite.run(TestSuite.java:227)
	at junit.framework.TestSuite.runTest(TestSuite.java:232)
	at junit.framework.TestSuite.run(TestSuite.java:227)
	at junit.framework.TestSuite.runTest(TestSuite.java:232)
	at junit.framework.TestSuite.run(TestSuite.java:227)
	at org.apache.tools.ant.taskdefs.optional.junit.JUnitTestRunner.run(JUnitTestRunner.java:421)
	at org.apache.tools.ant.taskdefs.optional.junit.JUnitTestRunner.launch(JUnitTestRunner.java:912)
	at org.apache.tools.ant.taskdefs.optional.junit.JUnitTestRunner.main(JUnitTestRunner.java:766)
[Entering method {com.topcoder.confluence.webservice.delegate.ConfluenceManagerWebServiceDelegate.createPage}]
[Input parameters[{token}:{  },{pageName}:{},{version}:{3},{assetType}:{APPLICATION_ARCHITECTURE},{catalog}:{DOT_NET},{applicationCode}:{code}]]
[Error in method {com.topcoder.confluence.webservice.delegate.ConfluenceManagerWebServiceDelegate.createPage}:Details {pageName should not be null.}]
java.lang.IllegalArgumentException: pageName should not be null.
	at com.topcoder.confluence.webservice.Helper.checkNullAndLog(Helper.java:395)
	at com.topcoder.confluence.webservice.Helper.checkStringNullOrEmptyAndLog(Helper.java:419)
	at com.topcoder.confluence.webservice.delegate.ConfluenceManagerWebServiceDelegate.createPage(ConfluenceManagerWebServiceDelegate.java:602)
	at com.topcoder.confluence.webservice.delegate.ConfluenceManagerWebServiceDelegateTests.test_createPage_with_applicationCode_Failure2(ConfluenceManagerWebServiceDelegateTests.java:1161)
	at sun.reflect.NativeMethodAccessorImpl.invoke0(Native Method)
	at sun.reflect.NativeMethodAccessorImpl.invoke(Unknown Source)
	at sun.reflect.DelegatingMethodAccessorImpl.invoke(Unknown Source)
	at java.lang.reflect.Method.invoke(Unknown Source)
	at junit.framework.TestCase.runTest(TestCase.java:168)
	at junit.framework.TestCase.runBare(TestCase.java:134)
	at junit.framework.TestResult$1.protect(TestResult.java:110)
	at junit.framework.TestResult.runProtected(TestResult.java:128)
	at junit.framework.TestResult.run(TestResult.java:113)
	at junit.framework.TestCase.run(TestCase.java:124)
	at junit.framework.TestSuite.runTest(TestSuite.java:232)
	at junit.framework.TestSuite.run(TestSuite.java:227)
	at junit.framework.TestSuite.runTest(TestSuite.java:232)
	at junit.framework.TestSuite.run(TestSuite.java:227)
	at junit.framework.TestSuite.runTest(TestSuite.java:232)
	at junit.framework.TestSuite.run(TestSuite.java:227)
	at org.apache.tools.ant.taskdefs.optional.junit.JUnitTestRunner.run(JUnitTestRunner.java:421)
	at org.apache.tools.ant.taskdefs.optional.junit.JUnitTestRunner.launch(JUnitTestRunner.java:912)
	at org.apache.tools.ant.taskdefs.optional.junit.JUnitTestRunner.main(JUnitTestRunner.java:766)
[Entering method {com.topcoder.confluence.webservice.delegate.ConfluenceManagerWebServiceDelegate.createPage}]
[Input parameters[{token}:{  },{pageName}:{  },{version}:{3},{assetType}:{APPLICATION_ARCHITECTURE},{catalog}:{DOT_NET},{applicationCode}:{code}]]
[Error in method {com.topcoder.confluence.webservice.delegate.ConfluenceManagerWebServiceDelegate.createPage}:Details {pageName should not be empty.}]
java.lang.IllegalArgumentException: pageName should not be empty.
	at com.topcoder.confluence.webservice.Helper.checkStringNullOrEmptyAndLog(Helper.java:422)
	at com.topcoder.confluence.webservice.delegate.ConfluenceManagerWebServiceDelegate.createPage(ConfluenceManagerWebServiceDelegate.java:602)
	at com.topcoder.confluence.webservice.delegate.ConfluenceManagerWebServiceDelegateTests.test_createPage_with_applicationCode_Failure3(ConfluenceManagerWebServiceDelegateTests.java:1180)
	at sun.reflect.NativeMethodAccessorImpl.invoke0(Native Method)
	at sun.reflect.NativeMethodAccessorImpl.invoke(Unknown Source)
	at sun.reflect.DelegatingMethodAccessorImpl.invoke(Unknown Source)
	at java.lang.reflect.Method.invoke(Unknown Source)
	at junit.framework.TestCase.runTest(TestCase.java:168)
	at junit.framework.TestCase.runBare(TestCase.java:134)
	at junit.framework.TestResult$1.protect(TestResult.java:110)
	at junit.framework.TestResult.runProtected(TestResult.java:128)
	at junit.framework.TestResult.run(TestResult.java:113)
	at junit.framework.TestCase.run(TestCase.java:124)
	at junit.framework.TestSuite.runTest(TestSuite.java:232)
	at junit.framework.TestSuite.run(TestSuite.java:227)
	at junit.framework.TestSuite.runTest(TestSuite.java:232)
	at junit.framework.TestSuite.run(TestSuite.java:227)
	at junit.framework.TestSuite.runTest(TestSuite.java:232)
	at junit.framework.TestSuite.run(TestSuite.java:227)
	at org.apache.tools.ant.taskdefs.optional.junit.JUnitTestRunner.run(JUnitTestRunner.java:421)
	at org.apache.tools.ant.taskdefs.optional.junit.JUnitTestRunner.launch(JUnitTestRunner.java:912)
	at org.apache.tools.ant.taskdefs.optional.junit.JUnitTestRunner.main(JUnitTestRunner.java:766)
[Entering method {com.topcoder.confluence.webservice.delegate.ConfluenceManagerWebServiceDelegate.createPage}]
[Input parameters[{token}:{  },{pageName}:{page name},{version}:{},{assetType}:{APPLICATION_ARCHITECTURE},{catalog}:{DOT_NET},{applicationCode}:{code}]]
[Error in method {com.topcoder.confluence.webservice.delegate.ConfluenceManagerWebServiceDelegate.createPage}:Details {version should not be null.}]
java.lang.IllegalArgumentException: version should not be null.
	at com.topcoder.confluence.webservice.Helper.checkNullAndLog(Helper.java:395)
	at com.topcoder.confluence.webservice.Helper.checkStringNullOrEmptyAndLog(Helper.java:419)
	at com.topcoder.confluence.webservice.delegate.ConfluenceManagerWebServiceDelegate.createPage(ConfluenceManagerWebServiceDelegate.java:603)
	at com.topcoder.confluence.webservice.delegate.ConfluenceManagerWebServiceDelegateTests.test_createPage_with_applicationCode_Failure4(ConfluenceManagerWebServiceDelegateTests.java:1199)
	at sun.reflect.NativeMethodAccessorImpl.invoke0(Native Method)
	at sun.reflect.NativeMethodAccessorImpl.invoke(Unknown Source)
	at sun.reflect.DelegatingMethodAccessorImpl.invoke(Unknown Source)
	at java.lang.reflect.Method.invoke(Unknown Source)
	at junit.framework.TestCase.runTest(TestCase.java:168)
	at junit.framework.TestCase.runBare(TestCase.java:134)
	at junit.framework.TestResult$1.protect(TestResult.java:110)
	at junit.framework.TestResult.runProtected(TestResult.java:128)
	at junit.framework.TestResult.run(TestResult.java:113)
	at junit.framework.TestCase.run(TestCase.java:124)
	at junit.framework.TestSuite.runTest(TestSuite.java:232)
	at junit.framework.TestSuite.run(TestSuite.java:227)
	at junit.framework.TestSuite.runTest(TestSuite.java:232)
	at junit.framework.TestSuite.run(TestSuite.java:227)
	at junit.framework.TestSuite.runTest(TestSuite.java:232)
	at junit.framework.TestSuite.run(TestSuite.java:227)
	at org.apache.tools.ant.taskdefs.optional.junit.JUnitTestRunner.run(JUnitTestRunner.java:421)
	at org.apache.tools.ant.taskdefs.optional.junit.JUnitTestRunner.launch(JUnitTestRunner.java:912)
	at org.apache.tools.ant.taskdefs.optional.junit.JUnitTestRunner.main(JUnitTestRunner.java:766)
[Entering method {com.topcoder.confluence.webservice.delegate.ConfluenceManagerWebServiceDelegate.createPage}]
[Input parameters[{token}:{  },{pageName}:{page name},{version}:{  },{assetType}:{APPLICATION_ARCHITECTURE},{catalog}:{DOT_NET},{applicationCode}:{code}]]
[Error in method {com.topcoder.confluence.webservice.delegate.ConfluenceManagerWebServiceDelegate.createPage}:Details {version should not be empty.}]
java.lang.IllegalArgumentException: version should not be empty.
	at com.topcoder.confluence.webservice.Helper.checkStringNullOrEmptyAndLog(Helper.java:422)
	at com.topcoder.confluence.webservice.delegate.ConfluenceManagerWebServiceDelegate.createPage(ConfluenceManagerWebServiceDelegate.java:603)
	at com.topcoder.confluence.webservice.delegate.ConfluenceManagerWebServiceDelegateTests.test_createPage_with_applicationCode_Failure5(ConfluenceManagerWebServiceDelegateTests.java:1218)
	at sun.reflect.NativeMethodAccessorImpl.invoke0(Native Method)
	at sun.reflect.NativeMethodAccessorImpl.invoke(Unknown Source)
	at sun.reflect.DelegatingMethodAccessorImpl.invoke(Unknown Source)
	at java.lang.reflect.Method.invoke(Unknown Source)
	at junit.framework.TestCase.runTest(TestCase.java:168)
	at junit.framework.TestCase.runBare(TestCase.java:134)
	at junit.framework.TestResult$1.protect(TestResult.java:110)
	at junit.framework.TestResult.runProtected(TestResult.java:128)
	at junit.framework.TestResult.run(TestResult.java:113)
	at junit.framework.TestCase.run(TestCase.java:124)
	at junit.framework.TestSuite.runTest(TestSuite.java:232)
	at junit.framework.TestSuite.run(TestSuite.java:227)
	at junit.framework.TestSuite.runTest(TestSuite.java:232)
	at junit.framework.TestSuite.run(TestSuite.java:227)
	at junit.framework.TestSuite.runTest(TestSuite.java:232)
	at junit.framework.TestSuite.run(TestSuite.java:227)
	at org.apache.tools.ant.taskdefs.optional.junit.JUnitTestRunner.run(JUnitTestRunner.java:421)
	at org.apache.tools.ant.taskdefs.optional.junit.JUnitTestRunner.launch(JUnitTestRunner.java:912)
	at org.apache.tools.ant.taskdefs.optional.junit.JUnitTestRunner.main(JUnitTestRunner.java:766)
[Entering method {com.topcoder.confluence.webservice.delegate.ConfluenceManagerWebServiceDelegate.createPage}]
[Input parameters[{token}:{  },{pageName}:{page name},{version}:{2},{assetType}:{},{catalog}:{DOT_NET},{applicationCode}:{code}]]
[Error in method {com.topcoder.confluence.webservice.delegate.ConfluenceManagerWebServiceDelegate.createPage}:Details {assetType should not be null.}]
java.lang.IllegalArgumentException: assetType should not be null.
	at com.topcoder.confluence.webservice.Helper.checkNullAndLog(Helper.java:395)
	at com.topcoder.confluence.webservice.delegate.ConfluenceManagerWebServiceDelegate.createPage(ConfluenceManagerWebServiceDelegate.java:604)
	at com.topcoder.confluence.webservice.delegate.ConfluenceManagerWebServiceDelegateTests.test_createPage_with_applicationCode_Failure6(ConfluenceManagerWebServiceDelegateTests.java:1237)
	at sun.reflect.NativeMethodAccessorImpl.invoke0(Native Method)
	at sun.reflect.NativeMethodAccessorImpl.invoke(Unknown Source)
	at sun.reflect.DelegatingMethodAccessorImpl.invoke(Unknown Source)
	at java.lang.reflect.Method.invoke(Unknown Source)
	at junit.framework.TestCase.runTest(TestCase.java:168)
	at junit.framework.TestCase.runBare(TestCase.java:134)
	at junit.framework.TestResult$1.protect(TestResult.java:110)
	at junit.framework.TestResult.runProtected(TestResult.java:128)
	at junit.framework.TestResult.run(TestResult.java:113)
	at junit.framework.TestCase.run(TestCase.java:124)
	at junit.framework.TestSuite.runTest(TestSuite.java:232)
	at junit.framework.TestSuite.run(TestSuite.java:227)
	at junit.framework.TestSuite.runTest(TestSuite.java:232)
	at junit.framework.TestSuite.run(TestSuite.java:227)
	at junit.framework.TestSuite.runTest(TestSuite.java:232)
	at junit.framework.TestSuite.run(TestSuite.java:227)
	at org.apache.tools.ant.taskdefs.optional.junit.JUnitTestRunner.run(JUnitTestRunner.java:421)
	at org.apache.tools.ant.taskdefs.optional.junit.JUnitTestRunner.launch(JUnitTestRunner.java:912)
	at org.apache.tools.ant.taskdefs.optional.junit.JUnitTestRunner.main(JUnitTestRunner.java:766)
[Entering method {com.topcoder.confluence.webservice.delegate.ConfluenceManagerWebServiceDelegate.createPage}]
[Input parameters[{token}:{  },{pageName}:{page name},{version}:{2},{assetType}:{APPLICATION_TESTING},{catalog}:{},{applicationCode}:{code}]]
[Error in method {com.topcoder.confluence.webservice.delegate.ConfluenceManagerWebServiceDelegate.createPage}:Details {catalog should not be null.}]
java.lang.IllegalArgumentException: catalog should not be null.
	at com.topcoder.confluence.webservice.Helper.checkNullAndLog(Helper.java:395)
	at com.topcoder.confluence.webservice.delegate.ConfluenceManagerWebServiceDelegate.createPage(ConfluenceManagerWebServiceDelegate.java:605)
	at com.topcoder.confluence.webservice.delegate.ConfluenceManagerWebServiceDelegateTests.test_createPage_with_applicationCode_Failure7(ConfluenceManagerWebServiceDelegateTests.java:1255)
	at sun.reflect.NativeMethodAccessorImpl.invoke0(Native Method)
	at sun.reflect.NativeMethodAccessorImpl.invoke(Unknown Source)
	at sun.reflect.DelegatingMethodAccessorImpl.invoke(Unknown Source)
	at java.lang.reflect.Method.invoke(Unknown Source)
	at junit.framework.TestCase.runTest(TestCase.java:168)
	at junit.framework.TestCase.runBare(TestCase.java:134)
	at junit.framework.TestResult$1.protect(TestResult.java:110)
	at junit.framework.TestResult.runProtected(TestResult.java:128)
	at junit.framework.TestResult.run(TestResult.java:113)
	at junit.framework.TestCase.run(TestCase.java:124)
	at junit.framework.TestSuite.runTest(TestSuite.java:232)
	at junit.framework.TestSuite.run(TestSuite.java:227)
	at junit.framework.TestSuite.runTest(TestSuite.java:232)
	at junit.framework.TestSuite.run(TestSuite.java:227)
	at junit.framework.TestSuite.runTest(TestSuite.java:232)
	at junit.framework.TestSuite.run(TestSuite.java:227)
	at org.apache.tools.ant.taskdefs.optional.junit.JUnitTestRunner.run(JUnitTestRunner.java:421)
	at org.apache.tools.ant.taskdefs.optional.junit.JUnitTestRunner.launch(JUnitTestRunner.java:912)
	at org.apache.tools.ant.taskdefs.optional.junit.JUnitTestRunner.main(JUnitTestRunner.java:766)
[Entering method {com.topcoder.confluence.webservice.delegate.ConfluenceManagerWebServiceDelegate.createPage}]
[Input parameters[{token}:{  },{pageName}:{page name},{version}:{2},{assetType}:{APPLICATION_TESTING},{catalog}:{JAVA},{applicationCode}:{}]]
[Error in method {com.topcoder.confluence.webservice.delegate.ConfluenceManagerWebServiceDelegate.createPage}:Details {applicationCode should not be null.}]
java.lang.IllegalArgumentException: applicationCode should not be null.
	at com.topcoder.confluence.webservice.Helper.checkNullAndLog(Helper.java:395)
	at com.topcoder.confluence.webservice.Helper.checkStringNullOrEmptyAndLog(Helper.java:419)
	at com.topcoder.confluence.webservice.delegate.ConfluenceManagerWebServiceDelegate.createPage(ConfluenceManagerWebServiceDelegate.java:606)
	at com.topcoder.confluence.webservice.delegate.ConfluenceManagerWebServiceDelegateTests.test_createPage_with_applicationCode_Failure8(ConfluenceManagerWebServiceDelegateTests.java:1274)
	at sun.reflect.NativeMethodAccessorImpl.invoke0(Native Method)
	at sun.reflect.NativeMethodAccessorImpl.invoke(Unknown Source)
	at sun.reflect.DelegatingMethodAccessorImpl.invoke(Unknown Source)
	at java.lang.reflect.Method.invoke(Unknown Source)
	at junit.framework.TestCase.runTest(TestCase.java:168)
	at junit.framework.TestCase.runBare(TestCase.java:134)
	at junit.framework.TestResult$1.protect(TestResult.java:110)
	at junit.framework.TestResult.runProtected(TestResult.java:128)
	at junit.framework.TestResult.run(TestResult.java:113)
	at junit.framework.TestCase.run(TestCase.java:124)
	at junit.framework.TestSuite.runTest(TestSuite.java:232)
	at junit.framework.TestSuite.run(TestSuite.java:227)
	at junit.framework.TestSuite.runTest(TestSuite.java:232)
	at junit.framework.TestSuite.run(TestSuite.java:227)
	at junit.framework.TestSuite.runTest(TestSuite.java:232)
	at junit.framework.TestSuite.run(TestSuite.java:227)
	at org.apache.tools.ant.taskdefs.optional.junit.JUnitTestRunner.run(JUnitTestRunner.java:421)
	at org.apache.tools.ant.taskdefs.optional.junit.JUnitTestRunner.launch(JUnitTestRunner.java:912)
	at org.apache.tools.ant.taskdefs.optional.junit.JUnitTestRunner.main(JUnitTestRunner.java:766)
[Entering method {com.topcoder.confluence.webservice.delegate.ConfluenceManagerWebServiceDelegate.createPage}]
[Input parameters[{token}:{  },{pageName}:{page name},{version}:{2},{assetType}:{APPLICATION_TESTING},{catalog}:{JAVA},{applicationCode}:{  }]]
[Error in method {com.topcoder.confluence.webservice.delegate.ConfluenceManagerWebServiceDelegate.createPage}:Details {applicationCode should not be empty.}]
java.lang.IllegalArgumentException: applicationCode should not be empty.
	at com.topcoder.confluence.webservice.Helper.checkStringNullOrEmptyAndLog(Helper.java:422)
	at com.topcoder.confluence.webservice.delegate.ConfluenceManagerWebServiceDelegate.createPage(ConfluenceManagerWebServiceDelegate.java:606)
	at com.topcoder.confluence.webservice.delegate.ConfluenceManagerWebServiceDelegateTests.test_createPage_with_applicationCode_Failure9(ConfluenceManagerWebServiceDelegateTests.java:1294)
	at sun.reflect.NativeMethodAccessorImpl.invoke0(Native Method)
	at sun.reflect.NativeMethodAccessorImpl.invoke(Unknown Source)
	at sun.reflect.DelegatingMethodAccessorImpl.invoke(Unknown Source)
	at java.lang.reflect.Method.invoke(Unknown Source)
	at junit.framework.TestCase.runTest(TestCase.java:168)
	at junit.framework.TestCase.runBare(TestCase.java:134)
	at junit.framework.TestResult$1.protect(TestResult.java:110)
	at junit.framework.TestResult.runProtected(TestResult.java:128)
	at junit.framework.TestResult.run(TestResult.java:113)
	at junit.framework.TestCase.run(TestCase.java:124)
	at junit.framework.TestSuite.runTest(TestSuite.java:232)
	at junit.framework.TestSuite.run(TestSuite.java:227)
	at junit.framework.TestSuite.runTest(TestSuite.java:232)
	at junit.framework.TestSuite.run(TestSuite.java:227)
	at junit.framework.TestSuite.runTest(TestSuite.java:232)
	at junit.framework.TestSuite.run(TestSuite.java:227)
	at org.apache.tools.ant.taskdefs.optional.junit.JUnitTestRunner.run(JUnitTestRunner.java:421)
	at org.apache.tools.ant.taskdefs.optional.junit.JUnitTestRunner.launch(JUnitTestRunner.java:912)
	at org.apache.tools.ant.taskdefs.optional.junit.JUnitTestRunner.main(JUnitTestRunner.java:766)
[Entering method {com.topcoder.confluence.webservice.delegate.ConfluenceManagerWebServiceDelegate.createPage}]
[Input parameters[{token}:{ },{pageName}:{page name},{version}:{2},{assetType}:{APPLICATION_ARCHITECTURE},{catalog}:{DOT_NET},{applicationCode}:{application code}]]
[Entering method {com.topcoder.confluence.webservice.bean.ConfluenceManagementServiceBean.createPage}]
[Input parameters[{token}:{ },{pageName}:{page name},{version}:{2},{assetType}:{APPLICATION_ARCHITECTURE},{catalog}:{DOT_NET},{applicationCode}:{application code}]]
[Error in method {com.topcoder.confluence.webservice.bean.ConfluenceManagementServiceBean.createPage}:Details {Confluence connection error occured when calling method named-com.topcoder.confluence.webservice.bean.ConfluenceManagementServiceBean.createPage.}]
com.topcoder.confluence.webservice.ConfluenceManagementServiceConnectionException: Confluence connection error occured when calling method named-com.topcoder.confluence.webservice.bean.ConfluenceManagementServiceBean.createPage.
	at com.topcoder.confluence.webservice.bean.ConfluenceManagementServiceBean.logConfluenceException(ConfluenceManagementServiceBean.java:302)
	at com.topcoder.confluence.webservice.bean.ConfluenceManagementServiceBean.createPage(ConfluenceManagementServiceBean.java:527)
	at com.topcoder.confluence.webservice.delegate.ConfluenceManagerWebServiceDelegate.createPage(ConfluenceManagerWebServiceDelegate.java:609)
	at com.topcoder.confluence.webservice.delegate.ConfluenceManagerWebServiceDelegateTests.test_createPage_with_applicationCode_Failure10(ConfluenceManagerWebServiceDelegateTests.java:1317)
	at sun.reflect.NativeMethodAccessorImpl.invoke0(Native Method)
	at sun.reflect.NativeMethodAccessorImpl.invoke(Unknown Source)
	at sun.reflect.DelegatingMethodAccessorImpl.invoke(Unknown Source)
	at java.lang.reflect.Method.invoke(Unknown Source)
	at junit.framework.TestCase.runTest(TestCase.java:168)
	at junit.framework.TestCase.runBare(TestCase.java:134)
	at junit.framework.TestResult$1.protect(TestResult.java:110)
	at junit.framework.TestResult.runProtected(TestResult.java:128)
	at junit.framework.TestResult.run(TestResult.java:113)
	at junit.framework.TestCase.run(TestCase.java:124)
	at junit.framework.TestSuite.runTest(TestSuite.java:232)
	at junit.framework.TestSuite.run(TestSuite.java:227)
	at junit.framework.TestSuite.runTest(TestSuite.java:232)
	at junit.framework.TestSuite.run(TestSuite.java:227)
	at junit.framework.TestSuite.runTest(TestSuite.java:232)
	at junit.framework.TestSuite.run(TestSuite.java:227)
	at org.apache.tools.ant.taskdefs.optional.junit.JUnitTestRunner.run(JUnitTestRunner.java:421)
	at org.apache.tools.ant.taskdefs.optional.junit.JUnitTestRunner.launch(JUnitTestRunner.java:912)
	at org.apache.tools.ant.taskdefs.optional.junit.JUnitTestRunner.main(JUnitTestRunner.java:766)
[Error in method {com.topcoder.confluence.webservice.delegate.ConfluenceManagerWebServiceDelegate.createPage}:Details {Confluence connection error occured when calling method named-com.topcoder.confluence.webservice.delegate.ConfluenceManagerWebServiceDelegate.createPage.}]
com.topcoder.confluence.ConfluenceConnectionException: Confluence connection error occured when calling method named-com.topcoder.confluence.webservice.delegate.ConfluenceManagerWebServiceDelegate.createPage.
	at com.topcoder.confluence.webservice.delegate.ConfluenceManagerWebServiceDelegate.logConfluenceException(ConfluenceManagerWebServiceDelegate.java:396)
	at com.topcoder.confluence.webservice.delegate.ConfluenceManagerWebServiceDelegate.createPage(ConfluenceManagerWebServiceDelegate.java:617)
	at com.topcoder.confluence.webservice.delegate.ConfluenceManagerWebServiceDelegateTests.test_createPage_with_applicationCode_Failure10(ConfluenceManagerWebServiceDelegateTests.java:1317)
	at sun.reflect.NativeMethodAccessorImpl.invoke0(Native Method)
	at sun.reflect.NativeMethodAccessorImpl.invoke(Unknown Source)
	at sun.reflect.DelegatingMethodAccessorImpl.invoke(Unknown Source)
	at java.lang.reflect.Method.invoke(Unknown Source)
	at junit.framework.TestCase.runTest(TestCase.java:168)
	at junit.framework.TestCase.runBare(TestCase.java:134)
	at junit.framework.TestResult$1.protect(TestResult.java:110)
	at junit.framework.TestResult.runProtected(TestResult.java:128)
	at junit.framework.TestResult.run(TestResult.java:113)
	at junit.framework.TestCase.run(TestCase.java:124)
	at junit.framework.TestSuite.runTest(TestSuite.java:232)
	at junit.framework.TestSuite.run(TestSuite.java:227)
	at junit.framework.TestSuite.runTest(TestSuite.java:232)
	at junit.framework.TestSuite.run(TestSuite.java:227)
	at junit.framework.TestSuite.runTest(TestSuite.java:232)
	at junit.framework.TestSuite.run(TestSuite.java:227)
	at org.apache.tools.ant.taskdefs.optional.junit.JUnitTestRunner.run(JUnitTestRunner.java:421)
	at org.apache.tools.ant.taskdefs.optional.junit.JUnitTestRunner.launch(JUnitTestRunner.java:912)
	at org.apache.tools.ant.taskdefs.optional.junit.JUnitTestRunner.main(JUnitTestRunner.java:766)
Caused by: com.topcoder.confluence.webservice.ConfluenceManagementServiceConnectionException: Confluence connection error occured when calling method named-com.topcoder.confluence.webservice.bean.ConfluenceManagementServiceBean.createPage.
	at com.topcoder.confluence.webservice.bean.ConfluenceManagementServiceBean.logConfluenceException(ConfluenceManagementServiceBean.java:302)
	at com.topcoder.confluence.webservice.bean.ConfluenceManagementServiceBean.createPage(ConfluenceManagementServiceBean.java:527)
	at com.topcoder.confluence.webservice.delegate.ConfluenceManagerWebServiceDelegate.createPage(ConfluenceManagerWebServiceDelegate.java:609)
	... 20 more
[Entering method {com.topcoder.confluence.webservice.delegate.ConfluenceManagerWebServiceDelegate.createPage}]
[Input parameters[{token}:{ },{pageName}:{page name},{version}:{2},{assetType}:{APPLICATION_ARCHITECTURE},{catalog}:{DOT_NET},{applicationCode}:{application code}]]
[Entering method {com.topcoder.confluence.webservice.bean.ConfluenceManagementServiceBean.createPage}]
[Input parameters[{token}:{ },{pageName}:{page name},{version}:{2},{assetType}:{APPLICATION_ARCHITECTURE},{catalog}:{DOT_NET},{applicationCode}:{application code}]]
[Error in method {com.topcoder.confluence.webservice.bean.ConfluenceManagementServiceBean.createPage}:Details {Any confluence manager error occured when calling method named-com.topcoder.confluence.webservice.bean.ConfluenceManagementServiceBean.createPage.}]
com.topcoder.confluence.webservice.ConfluenceManagementServiceException: Any confluence manager error occured when calling method named-com.topcoder.confluence.webservice.bean.ConfluenceManagementServiceBean.createPage.
	at com.topcoder.confluence.webservice.bean.ConfluenceManagementServiceBean.logConfluenceException(ConfluenceManagementServiceBean.java:325)
	at com.topcoder.confluence.webservice.bean.ConfluenceManagementServiceBean.createPage(ConfluenceManagementServiceBean.java:527)
	at com.topcoder.confluence.webservice.delegate.ConfluenceManagerWebServiceDelegate.createPage(ConfluenceManagerWebServiceDelegate.java:609)
	at com.topcoder.confluence.webservice.delegate.ConfluenceManagerWebServiceDelegateTests.test_createPage_with_applicationCode_Failure11(ConfluenceManagerWebServiceDelegateTests.java:1343)
	at sun.reflect.NativeMethodAccessorImpl.invoke0(Native Method)
	at sun.reflect.NativeMethodAccessorImpl.invoke(Unknown Source)
	at sun.reflect.DelegatingMethodAccessorImpl.invoke(Unknown Source)
	at java.lang.reflect.Method.invoke(Unknown Source)
	at junit.framework.TestCase.runTest(TestCase.java:168)
	at junit.framework.TestCase.runBare(TestCase.java:134)
	at junit.framework.TestResult$1.protect(TestResult.java:110)
	at junit.framework.TestResult.runProtected(TestResult.java:128)
	at junit.framework.TestResult.run(TestResult.java:113)
	at junit.framework.TestCase.run(TestCase.java:124)
	at junit.framework.TestSuite.runTest(TestSuite.java:232)
	at junit.framework.TestSuite.run(TestSuite.java:227)
	at junit.framework.TestSuite.runTest(TestSuite.java:232)
	at junit.framework.TestSuite.run(TestSuite.java:227)
	at junit.framework.TestSuite.runTest(TestSuite.java:232)
	at junit.framework.TestSuite.run(TestSuite.java:227)
	at org.apache.tools.ant.taskdefs.optional.junit.JUnitTestRunner.run(JUnitTestRunner.java:421)
	at org.apache.tools.ant.taskdefs.optional.junit.JUnitTestRunner.launch(JUnitTestRunner.java:912)
	at org.apache.tools.ant.taskdefs.optional.junit.JUnitTestRunner.main(JUnitTestRunner.java:766)
[Error in method {com.topcoder.confluence.webservice.delegate.ConfluenceManagerWebServiceDelegate.createPage}:Details {Any confluence manager error occured when calling method named-com.topcoder.confluence.webservice.delegate.ConfluenceManagerWebServiceDelegate.createPage.}]
com.topcoder.confluence.ConfluenceManagerException: Any confluence manager error occured when calling method named-com.topcoder.confluence.webservice.delegate.ConfluenceManagerWebServiceDelegate.createPage.
	at com.topcoder.confluence.webservice.delegate.ConfluenceManagerWebServiceDelegate.logConfluenceException(ConfluenceManagerWebServiceDelegate.java:417)
	at com.topcoder.confluence.webservice.delegate.ConfluenceManagerWebServiceDelegate.createPage(ConfluenceManagerWebServiceDelegate.java:617)
	at com.topcoder.confluence.webservice.delegate.ConfluenceManagerWebServiceDelegateTests.test_createPage_with_applicationCode_Failure11(ConfluenceManagerWebServiceDelegateTests.java:1343)
	at sun.reflect.NativeMethodAccessorImpl.invoke0(Native Method)
	at sun.reflect.NativeMethodAccessorImpl.invoke(Unknown Source)
	at sun.reflect.DelegatingMethodAccessorImpl.invoke(Unknown Source)
	at java.lang.reflect.Method.invoke(Unknown Source)
	at junit.framework.TestCase.runTest(TestCase.java:168)
	at junit.framework.TestCase.runBare(TestCase.java:134)
	at junit.framework.TestResult$1.protect(TestResult.java:110)
	at junit.framework.TestResult.runProtected(TestResult.java:128)
	at junit.framework.TestResult.run(TestResult.java:113)
	at junit.framework.TestCase.run(TestCase.java:124)
	at junit.framework.TestSuite.runTest(TestSuite.java:232)
	at junit.framework.TestSuite.run(TestSuite.java:227)
	at junit.framework.TestSuite.runTest(TestSuite.java:232)
	at junit.framework.TestSuite.run(TestSuite.java:227)
	at junit.framework.TestSuite.runTest(TestSuite.java:232)
	at junit.framework.TestSuite.run(TestSuite.java:227)
	at org.apache.tools.ant.taskdefs.optional.junit.JUnitTestRunner.run(JUnitTestRunner.java:421)
	at org.apache.tools.ant.taskdefs.optional.junit.JUnitTestRunner.launch(JUnitTestRunner.java:912)
	at org.apache.tools.ant.taskdefs.optional.junit.JUnitTestRunner.main(JUnitTestRunner.java:766)
Caused by: com.topcoder.confluence.webservice.ConfluenceManagementServiceException: Any confluence manager error occured when calling method named-com.topcoder.confluence.webservice.bean.ConfluenceManagementServiceBean.createPage.
	at com.topcoder.confluence.webservice.bean.ConfluenceManagementServiceBean.logConfluenceException(ConfluenceManagementServiceBean.java:325)
	at com.topcoder.confluence.webservice.bean.ConfluenceManagementServiceBean.createPage(ConfluenceManagementServiceBean.java:527)
	at com.topcoder.confluence.webservice.delegate.ConfluenceManagerWebServiceDelegate.createPage(ConfluenceManagerWebServiceDelegate.java:609)
	... 20 more
[Entering method {com.topcoder.confluence.webservice.delegate.ConfluenceManagerWebServiceDelegate.retrievePage}]
[Input parameters[{token}:{ },{pageName}:{page name},{version}:{2},{assetType}:{APPLICATION_ARCHITECTURE},{catalog}:{DOT_NET},{applicationCode}:{application code}]]
[Entering method {com.topcoder.confluence.webservice.bean.ConfluenceManagementServiceBean.retrievePage}]
[Input parameters[{token}:{ },{pageName}:{page name},{version}:{2},{assetType}:{APPLICATION_ARCHITECTURE},{catalog}:{DOT_NET},{applicationCode}:{application code}]]
[Error in method {com.topcoder.confluence.webservice.bean.ConfluenceManagementServiceBean.retrievePage}:Details {Confluence authorization failed when calling method named-com.topcoder.confluence.webservice.bean.ConfluenceManagementServiceBean.retrievePage.}]
com.topcoder.confluence.webservice.ConfluenceManagementServiceNotAuthorizedException: Confluence authorization failed when calling method named-com.topcoder.confluence.webservice.bean.ConfluenceManagementServiceBean.retrievePage.
	at com.topcoder.confluence.webservice.bean.ConfluenceManagementServiceBean.logConfluenceException(ConfluenceManagementServiceBean.java:318)
	at com.topcoder.confluence.webservice.bean.ConfluenceManagementServiceBean.retrievePage(ConfluenceManagementServiceBean.java:685)
	at com.topcoder.confluence.webservice.delegate.ConfluenceManagerWebServiceDelegate.retrievePage(ConfluenceManagerWebServiceDelegate.java:764)
	at com.topcoder.confluence.webservice.delegate.ConfluenceManagerWebServiceDelegateTests.test_createPage_with_applicationCode_Failure12(ConfluenceManagerWebServiceDelegateTests.java:1368)
	at sun.reflect.NativeMethodAccessorImpl.invoke0(Native Method)
	at sun.reflect.NativeMethodAccessorImpl.invoke(Unknown Source)
	at sun.reflect.DelegatingMethodAccessorImpl.invoke(Unknown Source)
	at java.lang.reflect.Method.invoke(Unknown Source)
	at junit.framework.TestCase.runTest(TestCase.java:168)
	at junit.framework.TestCase.runBare(TestCase.java:134)
	at junit.framework.TestResult$1.protect(TestResult.java:110)
	at junit.framework.TestResult.runProtected(TestResult.java:128)
	at junit.framework.TestResult.run(TestResult.java:113)
	at junit.framework.TestCase.run(TestCase.java:124)
	at junit.framework.TestSuite.runTest(TestSuite.java:232)
	at junit.framework.TestSuite.run(TestSuite.java:227)
	at junit.framework.TestSuite.runTest(TestSuite.java:232)
	at junit.framework.TestSuite.run(TestSuite.java:227)
	at junit.framework.TestSuite.runTest(TestSuite.java:232)
	at junit.framework.TestSuite.run(TestSuite.java:227)
	at org.apache.tools.ant.taskdefs.optional.junit.JUnitTestRunner.run(JUnitTestRunner.java:421)
	at org.apache.tools.ant.taskdefs.optional.junit.JUnitTestRunner.launch(JUnitTestRunner.java:912)
	at org.apache.tools.ant.taskdefs.optional.junit.JUnitTestRunner.main(JUnitTestRunner.java:766)
[Error in method {com.topcoder.confluence.webservice.delegate.ConfluenceManagerWebServiceDelegate.retrievePage}:Details {Confluence authorization failed when calling method named-com.topcoder.confluence.webservice.delegate.ConfluenceManagerWebServiceDelegate.retrievePage.}]
com.topcoder.confluence.ConfluenceNotAuthorizedException: Confluence authorization failed when calling method named-com.topcoder.confluence.webservice.delegate.ConfluenceManagerWebServiceDelegate.retrievePage.
	at com.topcoder.confluence.webservice.delegate.ConfluenceManagerWebServiceDelegate.logConfluenceException(ConfluenceManagerWebServiceDelegate.java:411)
	at com.topcoder.confluence.webservice.delegate.ConfluenceManagerWebServiceDelegate.retrievePage(ConfluenceManagerWebServiceDelegate.java:772)
	at com.topcoder.confluence.webservice.delegate.ConfluenceManagerWebServiceDelegateTests.test_createPage_with_applicationCode_Failure12(ConfluenceManagerWebServiceDelegateTests.java:1368)
	at sun.reflect.NativeMethodAccessorImpl.invoke0(Native Method)
	at sun.reflect.NativeMethodAccessorImpl.invoke(Unknown Source)
	at sun.reflect.DelegatingMethodAccessorImpl.invoke(Unknown Source)
	at java.lang.reflect.Method.invoke(Unknown Source)
	at junit.framework.TestCase.runTest(TestCase.java:168)
	at junit.framework.TestCase.runBare(TestCase.java:134)
	at junit.framework.TestResult$1.protect(TestResult.java:110)
	at junit.framework.TestResult.runProtected(TestResult.java:128)
	at junit.framework.TestResult.run(TestResult.java:113)
	at junit.framework.TestCase.run(TestCase.java:124)
	at junit.framework.TestSuite.runTest(TestSuite.java:232)
	at junit.framework.TestSuite.run(TestSuite.java:227)
	at junit.framework.TestSuite.runTest(TestSuite.java:232)
	at junit.framework.TestSuite.run(TestSuite.java:227)
	at junit.framework.TestSuite.runTest(TestSuite.java:232)
	at junit.framework.TestSuite.run(TestSuite.java:227)
	at org.apache.tools.ant.taskdefs.optional.junit.JUnitTestRunner.run(JUnitTestRunner.java:421)
	at org.apache.tools.ant.taskdefs.optional.junit.JUnitTestRunner.launch(JUnitTestRunner.java:912)
	at org.apache.tools.ant.taskdefs.optional.junit.JUnitTestRunner.main(JUnitTestRunner.java:766)
Caused by: com.topcoder.confluence.webservice.ConfluenceManagementServiceNotAuthorizedException: Confluence authorization failed when calling method named-com.topcoder.confluence.webservice.bean.ConfluenceManagementServiceBean.retrievePage.
	at com.topcoder.confluence.webservice.bean.ConfluenceManagementServiceBean.logConfluenceException(ConfluenceManagementServiceBean.java:318)
	at com.topcoder.confluence.webservice.bean.ConfluenceManagementServiceBean.retrievePage(ConfluenceManagementServiceBean.java:685)
	at com.topcoder.confluence.webservice.delegate.ConfluenceManagerWebServiceDelegate.retrievePage(ConfluenceManagerWebServiceDelegate.java:764)
	... 20 more
[Entering method {com.topcoder.confluence.webservice.delegate.ConfluenceManagerWebServiceDelegate.retrievePage}]
[Input parameters[{token}:{ },{pageName}:{page name},{version}:{2},{assetType}:{APPLICATION_ARCHITECTURE},{catalog}:{DOT_NET},{componentType}:{CUSTOM}]]
[Entering method {com.topcoder.confluence.webservice.bean.ConfluenceManagementServiceBean.retrievePage}]
[Input parameters[{token}:{ },{pageName}:{page name},{version}:{2},{assetType}:{APPLICATION_ARCHITECTURE},{catalog}:{DOT_NET},{componentType}:{CUSTOM}]]
[Exiting method {com.topcoder.confluence.webservice.bean.ConfluenceManagementServiceBean.retrievePage}]
[Output parameter {basePageUrl:page nameUrl,versionUrl:,assetName:,version:2,applicationCode:,content:,assetType:APPLICATION_ARCHITECTURE,catalog:DOT_NET,componentType:CUSTOM}]
[Exiting method {com.topcoder.confluence.webservice.delegate.ConfluenceManagerWebServiceDelegate.retrievePage}]
[Output parameter {basePageUrl:page nameUrl,versionUrl:,assetName:,version:2,applicationCode:,content:,assetType:APPLICATION_ARCHITECTURE,catalog:DOT_NET,componentType:CUSTOM}]
[Entering method {com.topcoder.confluence.webservice.delegate.ConfluenceManagerWebServiceDelegate.retrievePage}]
[Input parameters[{token}:{},{pageName}:{page name},{version}:{3},{assetType}:{APPLICATION_ARCHITECTURE},{catalog}:{DOT_NET},{componentType}:{CUSTOM}]]
[Error in method {com.topcoder.confluence.webservice.delegate.ConfluenceManagerWebServiceDelegate.retrievePage}:Details {token should not be null.}]
java.lang.IllegalArgumentException: token should not be null.
	at com.topcoder.confluence.webservice.Helper.checkNullAndLog(Helper.java:395)
	at com.topcoder.confluence.webservice.delegate.ConfluenceManagerWebServiceDelegate.retrievePage(ConfluenceManagerWebServiceDelegate.java:699)
	at com.topcoder.confluence.webservice.delegate.ConfluenceManagerWebServiceDelegateTests.test_retrievePage_with_ComponentType_Failure1(ConfluenceManagerWebServiceDelegateTests.java:1414)
	at sun.reflect.NativeMethodAccessorImpl.invoke0(Native Method)
	at sun.reflect.NativeMethodAccessorImpl.invoke(Unknown Source)
	at sun.reflect.DelegatingMethodAccessorImpl.invoke(Unknown Source)
	at java.lang.reflect.Method.invoke(Unknown Source)
	at junit.framework.TestCase.runTest(TestCase.java:168)
	at junit.framework.TestCase.runBare(TestCase.java:134)
	at junit.framework.TestResult$1.protect(TestResult.java:110)
	at junit.framework.TestResult.runProtected(TestResult.java:128)
	at junit.framework.TestResult.run(TestResult.java:113)
	at junit.framework.TestCase.run(TestCase.java:124)
	at junit.framework.TestSuite.runTest(TestSuite.java:232)
	at junit.framework.TestSuite.run(TestSuite.java:227)
	at junit.framework.TestSuite.runTest(TestSuite.java:232)
	at junit.framework.TestSuite.run(TestSuite.java:227)
	at junit.framework.TestSuite.runTest(TestSuite.java:232)
	at junit.framework.TestSuite.run(TestSuite.java:227)
	at org.apache.tools.ant.taskdefs.optional.junit.JUnitTestRunner.run(JUnitTestRunner.java:421)
	at org.apache.tools.ant.taskdefs.optional.junit.JUnitTestRunner.launch(JUnitTestRunner.java:912)
	at org.apache.tools.ant.taskdefs.optional.junit.JUnitTestRunner.main(JUnitTestRunner.java:766)
[Entering method {com.topcoder.confluence.webservice.delegate.ConfluenceManagerWebServiceDelegate.retrievePage}]
[Input parameters[{token}:{  },{pageName}:{},{version}:{3},{assetType}:{APPLICATION_ARCHITECTURE},{catalog}:{DOT_NET},{componentType}:{CUSTOM}]]
[Error in method {com.topcoder.confluence.webservice.delegate.ConfluenceManagerWebServiceDelegate.retrievePage}:Details {pageName should not be null.}]
java.lang.IllegalArgumentException: pageName should not be null.
	at com.topcoder.confluence.webservice.Helper.checkNullAndLog(Helper.java:395)
	at com.topcoder.confluence.webservice.Helper.checkStringNullOrEmptyAndLog(Helper.java:419)
	at com.topcoder.confluence.webservice.delegate.ConfluenceManagerWebServiceDelegate.retrievePage(ConfluenceManagerWebServiceDelegate.java:700)
	at com.topcoder.confluence.webservice.delegate.ConfluenceManagerWebServiceDelegateTests.test_retrievePage_with_ComponentType_Failure2(ConfluenceManagerWebServiceDelegateTests.java:1434)
	at sun.reflect.NativeMethodAccessorImpl.invoke0(Native Method)
	at sun.reflect.NativeMethodAccessorImpl.invoke(Unknown Source)
	at sun.reflect.DelegatingMethodAccessorImpl.invoke(Unknown Source)
	at java.lang.reflect.Method.invoke(Unknown Source)
	at junit.framework.TestCase.runTest(TestCase.java:168)
	at junit.framework.TestCase.runBare(TestCase.java:134)
	at junit.framework.TestResult$1.protect(TestResult.java:110)
	at junit.framework.TestResult.runProtected(TestResult.java:128)
	at junit.framework.TestResult.run(TestResult.java:113)
	at junit.framework.TestCase.run(TestCase.java:124)
	at junit.framework.TestSuite.runTest(TestSuite.java:232)
	at junit.framework.TestSuite.run(TestSuite.java:227)
	at junit.framework.TestSuite.runTest(TestSuite.java:232)
	at junit.framework.TestSuite.run(TestSuite.java:227)
	at junit.framework.TestSuite.runTest(TestSuite.java:232)
	at junit.framework.TestSuite.run(TestSuite.java:227)
	at org.apache.tools.ant.taskdefs.optional.junit.JUnitTestRunner.run(JUnitTestRunner.java:421)
	at org.apache.tools.ant.taskdefs.optional.junit.JUnitTestRunner.launch(JUnitTestRunner.java:912)
	at org.apache.tools.ant.taskdefs.optional.junit.JUnitTestRunner.main(JUnitTestRunner.java:766)
[Entering method {com.topcoder.confluence.webservice.delegate.ConfluenceManagerWebServiceDelegate.retrievePage}]
[Input parameters[{token}:{  },{pageName}:{  },{version}:{3},{assetType}:{APPLICATION_ARCHITECTURE},{catalog}:{DOT_NET},{componentType}:{CUSTOM}]]
[Error in method {com.topcoder.confluence.webservice.delegate.ConfluenceManagerWebServiceDelegate.retrievePage}:Details {pageName should not be empty.}]
java.lang.IllegalArgumentException: pageName should not be empty.
	at com.topcoder.confluence.webservice.Helper.checkStringNullOrEmptyAndLog(Helper.java:422)
	at com.topcoder.confluence.webservice.delegate.ConfluenceManagerWebServiceDelegate.retrievePage(ConfluenceManagerWebServiceDelegate.java:700)
	at com.topcoder.confluence.webservice.delegate.ConfluenceManagerWebServiceDelegateTests.test_retrievePage_with_ComponentType_Failure3(ConfluenceManagerWebServiceDelegateTests.java:1454)
	at sun.reflect.NativeMethodAccessorImpl.invoke0(Native Method)
	at sun.reflect.NativeMethodAccessorImpl.invoke(Unknown Source)
	at sun.reflect.DelegatingMethodAccessorImpl.invoke(Unknown Source)
	at java.lang.reflect.Method.invoke(Unknown Source)
	at junit.framework.TestCase.runTest(TestCase.java:168)
	at junit.framework.TestCase.runBare(TestCase.java:134)
	at junit.framework.TestResult$1.protect(TestResult.java:110)
	at junit.framework.TestResult.runProtected(TestResult.java:128)
	at junit.framework.TestResult.run(TestResult.java:113)
	at junit.framework.TestCase.run(TestCase.java:124)
	at junit.framework.TestSuite.runTest(TestSuite.java:232)
	at junit.framework.TestSuite.run(TestSuite.java:227)
	at junit.framework.TestSuite.runTest(TestSuite.java:232)
	at junit.framework.TestSuite.run(TestSuite.java:227)
	at junit.framework.TestSuite.runTest(TestSuite.java:232)
	at junit.framework.TestSuite.run(TestSuite.java:227)
	at org.apache.tools.ant.taskdefs.optional.junit.JUnitTestRunner.run(JUnitTestRunner.java:421)
	at org.apache.tools.ant.taskdefs.optional.junit.JUnitTestRunner.launch(JUnitTestRunner.java:912)
	at org.apache.tools.ant.taskdefs.optional.junit.JUnitTestRunner.main(JUnitTestRunner.java:766)
[Entering method {com.topcoder.confluence.webservice.delegate.ConfluenceManagerWebServiceDelegate.retrievePage}]
[Input parameters[{token}:{  },{pageName}:{page name},{version}:{},{assetType}:{APPLICATION_ARCHITECTURE},{catalog}:{DOT_NET},{componentType}:{CUSTOM}]]
[Error in method {com.topcoder.confluence.webservice.delegate.ConfluenceManagerWebServiceDelegate.retrievePage}:Details {version should not be null.}]
java.lang.IllegalArgumentException: version should not be null.
	at com.topcoder.confluence.webservice.Helper.checkNullAndLog(Helper.java:395)
	at com.topcoder.confluence.webservice.Helper.checkStringNullOrEmptyAndLog(Helper.java:419)
	at com.topcoder.confluence.webservice.delegate.ConfluenceManagerWebServiceDelegate.retrievePage(ConfluenceManagerWebServiceDelegate.java:701)
	at com.topcoder.confluence.webservice.delegate.ConfluenceManagerWebServiceDelegateTests.test_retrievePage_with_ComponentType_Failure4(ConfluenceManagerWebServiceDelegateTests.java:1474)
	at sun.reflect.NativeMethodAccessorImpl.invoke0(Native Method)
	at sun.reflect.NativeMethodAccessorImpl.invoke(Unknown Source)
	at sun.reflect.DelegatingMethodAccessorImpl.invoke(Unknown Source)
	at java.lang.reflect.Method.invoke(Unknown Source)
	at junit.framework.TestCase.runTest(TestCase.java:168)
	at junit.framework.TestCase.runBare(TestCase.java:134)
	at junit.framework.TestResult$1.protect(TestResult.java:110)
	at junit.framework.TestResult.runProtected(TestResult.java:128)
	at junit.framework.TestResult.run(TestResult.java:113)
	at junit.framework.TestCase.run(TestCase.java:124)
	at junit.framework.TestSuite.runTest(TestSuite.java:232)
	at junit.framework.TestSuite.run(TestSuite.java:227)
	at junit.framework.TestSuite.runTest(TestSuite.java:232)
	at junit.framework.TestSuite.run(TestSuite.java:227)
	at junit.framework.TestSuite.runTest(TestSuite.java:232)
	at junit.framework.TestSuite.run(TestSuite.java:227)
	at org.apache.tools.ant.taskdefs.optional.junit.JUnitTestRunner.run(JUnitTestRunner.java:421)
	at org.apache.tools.ant.taskdefs.optional.junit.JUnitTestRunner.launch(JUnitTestRunner.java:912)
	at org.apache.tools.ant.taskdefs.optional.junit.JUnitTestRunner.main(JUnitTestRunner.java:766)
[Entering method {com.topcoder.confluence.webservice.delegate.ConfluenceManagerWebServiceDelegate.retrievePage}]
[Input parameters[{token}:{  },{pageName}:{page name},{version}:{  },{assetType}:{APPLICATION_ARCHITECTURE},{catalog}:{DOT_NET},{componentType}:{CUSTOM}]]
[Error in method {com.topcoder.confluence.webservice.delegate.ConfluenceManagerWebServiceDelegate.retrievePage}:Details {version should not be empty.}]
java.lang.IllegalArgumentException: version should not be empty.
	at com.topcoder.confluence.webservice.Helper.checkStringNullOrEmptyAndLog(Helper.java:422)
	at com.topcoder.confluence.webservice.delegate.ConfluenceManagerWebServiceDelegate.retrievePage(ConfluenceManagerWebServiceDelegate.java:701)
	at com.topcoder.confluence.webservice.delegate.ConfluenceManagerWebServiceDelegateTests.test_retrievePage_with_ComponentType_Failure5(ConfluenceManagerWebServiceDelegateTests.java:1494)
	at sun.reflect.NativeMethodAccessorImpl.invoke0(Native Method)
	at sun.reflect.NativeMethodAccessorImpl.invoke(Unknown Source)
	at sun.reflect.DelegatingMethodAccessorImpl.invoke(Unknown Source)
	at java.lang.reflect.Method.invoke(Unknown Source)
	at junit.framework.TestCase.runTest(TestCase.java:168)
	at junit.framework.TestCase.runBare(TestCase.java:134)
	at junit.framework.TestResult$1.protect(TestResult.java:110)
	at junit.framework.TestResult.runProtected(TestResult.java:128)
	at junit.framework.TestResult.run(TestResult.java:113)
	at junit.framework.TestCase.run(TestCase.java:124)
	at junit.framework.TestSuite.runTest(TestSuite.java:232)
	at junit.framework.TestSuite.run(TestSuite.java:227)
	at junit.framework.TestSuite.runTest(TestSuite.java:232)
	at junit.framework.TestSuite.run(TestSuite.java:227)
	at junit.framework.TestSuite.runTest(TestSuite.java:232)
	at junit.framework.TestSuite.run(TestSuite.java:227)
	at org.apache.tools.ant.taskdefs.optional.junit.JUnitTestRunner.run(JUnitTestRunner.java:421)
	at org.apache.tools.ant.taskdefs.optional.junit.JUnitTestRunner.launch(JUnitTestRunner.java:912)
	at org.apache.tools.ant.taskdefs.optional.junit.JUnitTestRunner.main(JUnitTestRunner.java:766)
[Entering method {com.topcoder.confluence.webservice.delegate.ConfluenceManagerWebServiceDelegate.retrievePage}]
[Input parameters[{token}:{  },{pageName}:{page name},{version}:{2},{assetType}:{},{catalog}:{DOT_NET},{componentType}:{CUSTOM}]]
[Error in method {com.topcoder.confluence.webservice.delegate.ConfluenceManagerWebServiceDelegate.retrievePage}:Details {assetType should not be null.}]
java.lang.IllegalArgumentException: assetType should not be null.
	at com.topcoder.confluence.webservice.Helper.checkNullAndLog(Helper.java:395)
	at com.topcoder.confluence.webservice.delegate.ConfluenceManagerWebServiceDelegate.retrievePage(ConfluenceManagerWebServiceDelegate.java:702)
	at com.topcoder.confluence.webservice.delegate.ConfluenceManagerWebServiceDelegateTests.test_retrievePage_with_ComponentType_Failure6(ConfluenceManagerWebServiceDelegateTests.java:1514)
	at sun.reflect.NativeMethodAccessorImpl.invoke0(Native Method)
	at sun.reflect.NativeMethodAccessorImpl.invoke(Unknown Source)
	at sun.reflect.DelegatingMethodAccessorImpl.invoke(Unknown Source)
	at java.lang.reflect.Method.invoke(Unknown Source)
	at junit.framework.TestCase.runTest(TestCase.java:168)
	at junit.framework.TestCase.runBare(TestCase.java:134)
	at junit.framework.TestResult$1.protect(TestResult.java:110)
	at junit.framework.TestResult.runProtected(TestResult.java:128)
	at junit.framework.TestResult.run(TestResult.java:113)
	at junit.framework.TestCase.run(TestCase.java:124)
	at junit.framework.TestSuite.runTest(TestSuite.java:232)
	at junit.framework.TestSuite.run(TestSuite.java:227)
	at junit.framework.TestSuite.runTest(TestSuite.java:232)
	at junit.framework.TestSuite.run(TestSuite.java:227)
	at junit.framework.TestSuite.runTest(TestSuite.java:232)
	at junit.framework.TestSuite.run(TestSuite.java:227)
	at org.apache.tools.ant.taskdefs.optional.junit.JUnitTestRunner.run(JUnitTestRunner.java:421)
	at org.apache.tools.ant.taskdefs.optional.junit.JUnitTestRunner.launch(JUnitTestRunner.java:912)
	at org.apache.tools.ant.taskdefs.optional.junit.JUnitTestRunner.main(JUnitTestRunner.java:766)
[Entering method {com.topcoder.confluence.webservice.delegate.ConfluenceManagerWebServiceDelegate.retrievePage}]
[Input parameters[{token}:{  },{pageName}:{page name},{version}:{2},{assetType}:{APPLICATION_TESTING},{catalog}:{},{componentType}:{CUSTOM}]]
[Error in method {com.topcoder.confluence.webservice.delegate.ConfluenceManagerWebServiceDelegate.retrievePage}:Details {catalog should not be null.}]
java.lang.IllegalArgumentException: catalog should not be null.
	at com.topcoder.confluence.webservice.Helper.checkNullAndLog(Helper.java:395)
	at com.topcoder.confluence.webservice.delegate.ConfluenceManagerWebServiceDelegate.retrievePage(ConfluenceManagerWebServiceDelegate.java:703)
	at com.topcoder.confluence.webservice.delegate.ConfluenceManagerWebServiceDelegateTests.test_retrievePage_with_ComponentType_Failure7(ConfluenceManagerWebServiceDelegateTests.java:1533)
	at sun.reflect.NativeMethodAccessorImpl.invoke0(Native Method)
	at sun.reflect.NativeMethodAccessorImpl.invoke(Unknown Source)
	at sun.reflect.DelegatingMethodAccessorImpl.invoke(Unknown Source)
	at java.lang.reflect.Method.invoke(Unknown Source)
	at junit.framework.TestCase.runTest(TestCase.java:168)
	at junit.framework.TestCase.runBare(TestCase.java:134)
	at junit.framework.TestResult$1.protect(TestResult.java:110)
	at junit.framework.TestResult.runProtected(TestResult.java:128)
	at junit.framework.TestResult.run(TestResult.java:113)
	at junit.framework.TestCase.run(TestCase.java:124)
	at junit.framework.TestSuite.runTest(TestSuite.java:232)
	at junit.framework.TestSuite.run(TestSuite.java:227)
	at junit.framework.TestSuite.runTest(TestSuite.java:232)
	at junit.framework.TestSuite.run(TestSuite.java:227)
	at junit.framework.TestSuite.runTest(TestSuite.java:232)
	at junit.framework.TestSuite.run(TestSuite.java:227)
	at org.apache.tools.ant.taskdefs.optional.junit.JUnitTestRunner.run(JUnitTestRunner.java:421)
	at org.apache.tools.ant.taskdefs.optional.junit.JUnitTestRunner.launch(JUnitTestRunner.java:912)
	at org.apache.tools.ant.taskdefs.optional.junit.JUnitTestRunner.main(JUnitTestRunner.java:766)
[Entering method {com.topcoder.confluence.webservice.delegate.ConfluenceManagerWebServiceDelegate.retrievePage}]
[Input parameters[{token}:{  },{pageName}:{page name},{version}:{2},{assetType}:{APPLICATION_TESTING},{catalog}:{JAVA},{componentType}:{}]]
[Error in method {com.topcoder.confluence.webservice.delegate.ConfluenceManagerWebServiceDelegate.retrievePage}:Details {componentType should not be null.}]
java.lang.IllegalArgumentException: componentType should not be null.
	at com.topcoder.confluence.webservice.Helper.checkNullAndLog(Helper.java:395)
	at com.topcoder.confluence.webservice.delegate.ConfluenceManagerWebServiceDelegate.retrievePage(ConfluenceManagerWebServiceDelegate.java:704)
	at com.topcoder.confluence.webservice.delegate.ConfluenceManagerWebServiceDelegateTests.test_retrievePage_with_ComponentType_Failure8(ConfluenceManagerWebServiceDelegateTests.java:1553)
	at sun.reflect.NativeMethodAccessorImpl.invoke0(Native Method)
	at sun.reflect.NativeMethodAccessorImpl.invoke(Unknown Source)
	at sun.reflect.DelegatingMethodAccessorImpl.invoke(Unknown Source)
	at java.lang.reflect.Method.invoke(Unknown Source)
	at junit.framework.TestCase.runTest(TestCase.java:168)
	at junit.framework.TestCase.runBare(TestCase.java:134)
	at junit.framework.TestResult$1.protect(TestResult.java:110)
	at junit.framework.TestResult.runProtected(TestResult.java:128)
	at junit.framework.TestResult.run(TestResult.java:113)
	at junit.framework.TestCase.run(TestCase.java:124)
	at junit.framework.TestSuite.runTest(TestSuite.java:232)
	at junit.framework.TestSuite.run(TestSuite.java:227)
	at junit.framework.TestSuite.runTest(TestSuite.java:232)
	at junit.framework.TestSuite.run(TestSuite.java:227)
	at junit.framework.TestSuite.runTest(TestSuite.java:232)
	at junit.framework.TestSuite.run(TestSuite.java:227)
	at org.apache.tools.ant.taskdefs.optional.junit.JUnitTestRunner.run(JUnitTestRunner.java:421)
	at org.apache.tools.ant.taskdefs.optional.junit.JUnitTestRunner.launch(JUnitTestRunner.java:912)
	at org.apache.tools.ant.taskdefs.optional.junit.JUnitTestRunner.main(JUnitTestRunner.java:766)
[Entering method {com.topcoder.confluence.webservice.delegate.ConfluenceManagerWebServiceDelegate.retrievePage}]
[Input parameters[{token}:{ },{pageName}:{page name},{version}:{2},{assetType}:{APPLICATION_ARCHITECTURE},{catalog}:{DOT_NET},{componentType}:{CUSTOM}]]
[Entering method {com.topcoder.confluence.webservice.bean.ConfluenceManagementServiceBean.retrievePage}]
[Input parameters[{token}:{ },{pageName}:{page name},{version}:{2},{assetType}:{APPLICATION_ARCHITECTURE},{catalog}:{DOT_NET},{componentType}:{CUSTOM}]]
[Error in method {com.topcoder.confluence.webservice.bean.ConfluenceManagementServiceBean.retrievePage}:Details {Confluence connection error occured when calling method named-com.topcoder.confluence.webservice.bean.ConfluenceManagementServiceBean.retrievePage.}]
com.topcoder.confluence.webservice.ConfluenceManagementServiceConnectionException: Confluence connection error occured when calling method named-com.topcoder.confluence.webservice.bean.ConfluenceManagementServiceBean.retrievePage.
	at com.topcoder.confluence.webservice.bean.ConfluenceManagementServiceBean.logConfluenceException(ConfluenceManagementServiceBean.java:302)
	at com.topcoder.confluence.webservice.bean.ConfluenceManagementServiceBean.retrievePage(ConfluenceManagementServiceBean.java:627)
	at com.topcoder.confluence.webservice.delegate.ConfluenceManagerWebServiceDelegate.retrievePage(ConfluenceManagerWebServiceDelegate.java:707)
	at com.topcoder.confluence.webservice.delegate.ConfluenceManagerWebServiceDelegateTests.test_retrievePage_with_ComponentType_Failure9(ConfluenceManagerWebServiceDelegateTests.java:1576)
	at sun.reflect.NativeMethodAccessorImpl.invoke0(Native Method)
	at sun.reflect.NativeMethodAccessorImpl.invoke(Unknown Source)
	at sun.reflect.DelegatingMethodAccessorImpl.invoke(Unknown Source)
	at java.lang.reflect.Method.invoke(Unknown Source)
	at junit.framework.TestCase.runTest(TestCase.java:168)
	at junit.framework.TestCase.runBare(TestCase.java:134)
	at junit.framework.TestResult$1.protect(TestResult.java:110)
	at junit.framework.TestResult.runProtected(TestResult.java:128)
	at junit.framework.TestResult.run(TestResult.java:113)
	at junit.framework.TestCase.run(TestCase.java:124)
	at junit.framework.TestSuite.runTest(TestSuite.java:232)
	at junit.framework.TestSuite.run(TestSuite.java:227)
	at junit.framework.TestSuite.runTest(TestSuite.java:232)
	at junit.framework.TestSuite.run(TestSuite.java:227)
	at junit.framework.TestSuite.runTest(TestSuite.java:232)
	at junit.framework.TestSuite.run(TestSuite.java:227)
	at org.apache.tools.ant.taskdefs.optional.junit.JUnitTestRunner.run(JUnitTestRunner.java:421)
	at org.apache.tools.ant.taskdefs.optional.junit.JUnitTestRunner.launch(JUnitTestRunner.java:912)
	at org.apache.tools.ant.taskdefs.optional.junit.JUnitTestRunner.main(JUnitTestRunner.java:766)
[Error in method {com.topcoder.confluence.webservice.delegate.ConfluenceManagerWebServiceDelegate.retrievePage}:Details {Confluence connection error occured when calling method named-com.topcoder.confluence.webservice.delegate.ConfluenceManagerWebServiceDelegate.retrievePage.}]
com.topcoder.confluence.ConfluenceConnectionException: Confluence connection error occured when calling method named-com.topcoder.confluence.webservice.delegate.ConfluenceManagerWebServiceDelegate.retrievePage.
	at com.topcoder.confluence.webservice.delegate.ConfluenceManagerWebServiceDelegate.logConfluenceException(ConfluenceManagerWebServiceDelegate.java:396)
	at com.topcoder.confluence.webservice.delegate.ConfluenceManagerWebServiceDelegate.retrievePage(ConfluenceManagerWebServiceDelegate.java:715)
	at com.topcoder.confluence.webservice.delegate.ConfluenceManagerWebServiceDelegateTests.test_retrievePage_with_ComponentType_Failure9(ConfluenceManagerWebServiceDelegateTests.java:1576)
	at sun.reflect.NativeMethodAccessorImpl.invoke0(Native Method)
	at sun.reflect.NativeMethodAccessorImpl.invoke(Unknown Source)
	at sun.reflect.DelegatingMethodAccessorImpl.invoke(Unknown Source)
	at java.lang.reflect.Method.invoke(Unknown Source)
	at junit.framework.TestCase.runTest(TestCase.java:168)
	at junit.framework.TestCase.runBare(TestCase.java:134)
	at junit.framework.TestResult$1.protect(TestResult.java:110)
	at junit.framework.TestResult.runProtected(TestResult.java:128)
	at junit.framework.TestResult.run(TestResult.java:113)
	at junit.framework.TestCase.run(TestCase.java:124)
	at junit.framework.TestSuite.runTest(TestSuite.java:232)
	at junit.framework.TestSuite.run(TestSuite.java:227)
	at junit.framework.TestSuite.runTest(TestSuite.java:232)
	at junit.framework.TestSuite.run(TestSuite.java:227)
	at junit.framework.TestSuite.runTest(TestSuite.java:232)
	at junit.framework.TestSuite.run(TestSuite.java:227)
	at org.apache.tools.ant.taskdefs.optional.junit.JUnitTestRunner.run(JUnitTestRunner.java:421)
	at org.apache.tools.ant.taskdefs.optional.junit.JUnitTestRunner.launch(JUnitTestRunner.java:912)
	at org.apache.tools.ant.taskdefs.optional.junit.JUnitTestRunner.main(JUnitTestRunner.java:766)
Caused by: com.topcoder.confluence.webservice.ConfluenceManagementServiceConnectionException: Confluence connection error occured when calling method named-com.topcoder.confluence.webservice.bean.ConfluenceManagementServiceBean.retrievePage.
	at com.topcoder.confluence.webservice.bean.ConfluenceManagementServiceBean.logConfluenceException(ConfluenceManagementServiceBean.java:302)
	at com.topcoder.confluence.webservice.bean.ConfluenceManagementServiceBean.retrievePage(ConfluenceManagementServiceBean.java:627)
	at com.topcoder.confluence.webservice.delegate.ConfluenceManagerWebServiceDelegate.retrievePage(ConfluenceManagerWebServiceDelegate.java:707)
	... 20 more
[Entering method {com.topcoder.confluence.webservice.delegate.ConfluenceManagerWebServiceDelegate.retrievePage}]
[Input parameters[{token}:{ },{pageName}:{page name},{version}:{2},{assetType}:{APPLICATION_ARCHITECTURE},{catalog}:{DOT_NET},{componentType}:{CUSTOM}]]
[Entering method {com.topcoder.confluence.webservice.bean.ConfluenceManagementServiceBean.retrievePage}]
[Input parameters[{token}:{ },{pageName}:{page name},{version}:{2},{assetType}:{APPLICATION_ARCHITECTURE},{catalog}:{DOT_NET},{componentType}:{CUSTOM}]]
[Error in method {com.topcoder.confluence.webservice.bean.ConfluenceManagementServiceBean.retrievePage}:Details {Any confluence manager error occured when calling method named-com.topcoder.confluence.webservice.bean.ConfluenceManagementServiceBean.retrievePage.}]
com.topcoder.confluence.webservice.ConfluenceManagementServiceException: Any confluence manager error occured when calling method named-com.topcoder.confluence.webservice.bean.ConfluenceManagementServiceBean.retrievePage.
	at com.topcoder.confluence.webservice.bean.ConfluenceManagementServiceBean.logConfluenceException(ConfluenceManagementServiceBean.java:325)
	at com.topcoder.confluence.webservice.bean.ConfluenceManagementServiceBean.retrievePage(ConfluenceManagementServiceBean.java:627)
	at com.topcoder.confluence.webservice.delegate.ConfluenceManagerWebServiceDelegate.retrievePage(ConfluenceManagerWebServiceDelegate.java:707)
	at com.topcoder.confluence.webservice.delegate.ConfluenceManagerWebServiceDelegateTests.test_retrievePage_with_ComponentType_Failure10(ConfluenceManagerWebServiceDelegateTests.java:1602)
	at sun.reflect.NativeMethodAccessorImpl.invoke0(Native Method)
	at sun.reflect.NativeMethodAccessorImpl.invoke(Unknown Source)
	at sun.reflect.DelegatingMethodAccessorImpl.invoke(Unknown Source)
	at java.lang.reflect.Method.invoke(Unknown Source)
	at junit.framework.TestCase.runTest(TestCase.java:168)
	at junit.framework.TestCase.runBare(TestCase.java:134)
	at junit.framework.TestResult$1.protect(TestResult.java:110)
	at junit.framework.TestResult.runProtected(TestResult.java:128)
	at junit.framework.TestResult.run(TestResult.java:113)
	at junit.framework.TestCase.run(TestCase.java:124)
	at junit.framework.TestSuite.runTest(TestSuite.java:232)
	at junit.framework.TestSuite.run(TestSuite.java:227)
	at junit.framework.TestSuite.runTest(TestSuite.java:232)
	at junit.framework.TestSuite.run(TestSuite.java:227)
	at junit.framework.TestSuite.runTest(TestSuite.java:232)
	at junit.framework.TestSuite.run(TestSuite.java:227)
	at org.apache.tools.ant.taskdefs.optional.junit.JUnitTestRunner.run(JUnitTestRunner.java:421)
	at org.apache.tools.ant.taskdefs.optional.junit.JUnitTestRunner.launch(JUnitTestRunner.java:912)
	at org.apache.tools.ant.taskdefs.optional.junit.JUnitTestRunner.main(JUnitTestRunner.java:766)
[Error in method {com.topcoder.confluence.webservice.delegate.ConfluenceManagerWebServiceDelegate.retrievePage}:Details {Any confluence manager error occured when calling method named-com.topcoder.confluence.webservice.delegate.ConfluenceManagerWebServiceDelegate.retrievePage.}]
com.topcoder.confluence.ConfluenceManagerException: Any confluence manager error occured when calling method named-com.topcoder.confluence.webservice.delegate.ConfluenceManagerWebServiceDelegate.retrievePage.
	at com.topcoder.confluence.webservice.delegate.ConfluenceManagerWebServiceDelegate.logConfluenceException(ConfluenceManagerWebServiceDelegate.java:417)
	at com.topcoder.confluence.webservice.delegate.ConfluenceManagerWebServiceDelegate.retrievePage(ConfluenceManagerWebServiceDelegate.java:715)
	at com.topcoder.confluence.webservice.delegate.ConfluenceManagerWebServiceDelegateTests.test_retrievePage_with_ComponentType_Failure10(ConfluenceManagerWebServiceDelegateTests.java:1602)
	at sun.reflect.NativeMethodAccessorImpl.invoke0(Native Method)
	at sun.reflect.NativeMethodAccessorImpl.invoke(Unknown Source)
	at sun.reflect.DelegatingMethodAccessorImpl.invoke(Unknown Source)
	at java.lang.reflect.Method.invoke(Unknown Source)
	at junit.framework.TestCase.runTest(TestCase.java:168)
	at junit.framework.TestCase.runBare(TestCase.java:134)
	at junit.framework.TestResult$1.protect(TestResult.java:110)
	at junit.framework.TestResult.runProtected(TestResult.java:128)
	at junit.framework.TestResult.run(TestResult.java:113)
	at junit.framework.TestCase.run(TestCase.java:124)
	at junit.framework.TestSuite.runTest(TestSuite.java:232)
	at junit.framework.TestSuite.run(TestSuite.java:227)
	at junit.framework.TestSuite.runTest(TestSuite.java:232)
	at junit.framework.TestSuite.run(TestSuite.java:227)
	at junit.framework.TestSuite.runTest(TestSuite.java:232)
	at junit.framework.TestSuite.run(TestSuite.java:227)
	at org.apache.tools.ant.taskdefs.optional.junit.JUnitTestRunner.run(JUnitTestRunner.java:421)
	at org.apache.tools.ant.taskdefs.optional.junit.JUnitTestRunner.launch(JUnitTestRunner.java:912)
	at org.apache.tools.ant.taskdefs.optional.junit.JUnitTestRunner.main(JUnitTestRunner.java:766)
Caused by: com.topcoder.confluence.webservice.ConfluenceManagementServiceException: Any confluence manager error occured when calling method named-com.topcoder.confluence.webservice.bean.ConfluenceManagementServiceBean.retrievePage.
	at com.topcoder.confluence.webservice.bean.ConfluenceManagementServiceBean.logConfluenceException(ConfluenceManagementServiceBean.java:325)
	at com.topcoder.confluence.webservice.bean.ConfluenceManagementServiceBean.retrievePage(ConfluenceManagementServiceBean.java:627)
	at com.topcoder.confluence.webservice.delegate.ConfluenceManagerWebServiceDelegate.retrievePage(ConfluenceManagerWebServiceDelegate.java:707)
	... 20 more
[Entering method {com.topcoder.confluence.webservice.delegate.ConfluenceManagerWebServiceDelegate.retrievePage}]
[Input parameters[{token}:{ },{pageName}:{page name},{version}:{2},{assetType}:{APPLICATION_ARCHITECTURE},{catalog}:{DOT_NET},{componentType}:{CUSTOM}]]
[Entering method {com.topcoder.confluence.webservice.bean.ConfluenceManagementServiceBean.retrievePage}]
[Input parameters[{token}:{ },{pageName}:{page name},{version}:{2},{assetType}:{APPLICATION_ARCHITECTURE},{catalog}:{DOT_NET},{componentType}:{CUSTOM}]]
[Error in method {com.topcoder.confluence.webservice.bean.ConfluenceManagementServiceBean.retrievePage}:Details {Confluence authorization failed when calling method named-com.topcoder.confluence.webservice.bean.ConfluenceManagementServiceBean.retrievePage.}]
com.topcoder.confluence.webservice.ConfluenceManagementServiceNotAuthorizedException: Confluence authorization failed when calling method named-com.topcoder.confluence.webservice.bean.ConfluenceManagementServiceBean.retrievePage.
	at com.topcoder.confluence.webservice.bean.ConfluenceManagementServiceBean.logConfluenceException(ConfluenceManagementServiceBean.java:318)
	at com.topcoder.confluence.webservice.bean.ConfluenceManagementServiceBean.retrievePage(ConfluenceManagementServiceBean.java:627)
	at com.topcoder.confluence.webservice.delegate.ConfluenceManagerWebServiceDelegate.retrievePage(ConfluenceManagerWebServiceDelegate.java:707)
	at com.topcoder.confluence.webservice.delegate.ConfluenceManagerWebServiceDelegateTests.test_retrievePage_with_ComponentType_Failure11(ConfluenceManagerWebServiceDelegateTests.java:1628)
	at sun.reflect.NativeMethodAccessorImpl.invoke0(Native Method)
	at sun.reflect.NativeMethodAccessorImpl.invoke(Unknown Source)
	at sun.reflect.DelegatingMethodAccessorImpl.invoke(Unknown Source)
	at java.lang.reflect.Method.invoke(Unknown Source)
	at junit.framework.TestCase.runTest(TestCase.java:168)
	at junit.framework.TestCase.runBare(TestCase.java:134)
	at junit.framework.TestResult$1.protect(TestResult.java:110)
	at junit.framework.TestResult.runProtected(TestResult.java:128)
	at junit.framework.TestResult.run(TestResult.java:113)
	at junit.framework.TestCase.run(TestCase.java:124)
	at junit.framework.TestSuite.runTest(TestSuite.java:232)
	at junit.framework.TestSuite.run(TestSuite.java:227)
	at junit.framework.TestSuite.runTest(TestSuite.java:232)
	at junit.framework.TestSuite.run(TestSuite.java:227)
	at junit.framework.TestSuite.runTest(TestSuite.java:232)
	at junit.framework.TestSuite.run(TestSuite.java:227)
	at org.apache.tools.ant.taskdefs.optional.junit.JUnitTestRunner.run(JUnitTestRunner.java:421)
	at org.apache.tools.ant.taskdefs.optional.junit.JUnitTestRunner.launch(JUnitTestRunner.java:912)
	at org.apache.tools.ant.taskdefs.optional.junit.JUnitTestRunner.main(JUnitTestRunner.java:766)
[Error in method {com.topcoder.confluence.webservice.delegate.ConfluenceManagerWebServiceDelegate.retrievePage}:Details {Confluence authorization failed when calling method named-com.topcoder.confluence.webservice.delegate.ConfluenceManagerWebServiceDelegate.retrievePage.}]
com.topcoder.confluence.ConfluenceNotAuthorizedException: Confluence authorization failed when calling method named-com.topcoder.confluence.webservice.delegate.ConfluenceManagerWebServiceDelegate.retrievePage.
	at com.topcoder.confluence.webservice.delegate.ConfluenceManagerWebServiceDelegate.logConfluenceException(ConfluenceManagerWebServiceDelegate.java:411)
	at com.topcoder.confluence.webservice.delegate.ConfluenceManagerWebServiceDelegate.retrievePage(ConfluenceManagerWebServiceDelegate.java:715)
	at com.topcoder.confluence.webservice.delegate.ConfluenceManagerWebServiceDelegateTests.test_retrievePage_with_ComponentType_Failure11(ConfluenceManagerWebServiceDelegateTests.java:1628)
	at sun.reflect.NativeMethodAccessorImpl.invoke0(Native Method)
	at sun.reflect.NativeMethodAccessorImpl.invoke(Unknown Source)
	at sun.reflect.DelegatingMethodAccessorImpl.invoke(Unknown Source)
	at java.lang.reflect.Method.invoke(Unknown Source)
	at junit.framework.TestCase.runTest(TestCase.java:168)
	at junit.framework.TestCase.runBare(TestCase.java:134)
	at junit.framework.TestResult$1.protect(TestResult.java:110)
	at junit.framework.TestResult.runProtected(TestResult.java:128)
	at junit.framework.TestResult.run(TestResult.java:113)
	at junit.framework.TestCase.run(TestCase.java:124)
	at junit.framework.TestSuite.runTest(TestSuite.java:232)
	at junit.framework.TestSuite.run(TestSuite.java:227)
	at junit.framework.TestSuite.runTest(TestSuite.java:232)
	at junit.framework.TestSuite.run(TestSuite.java:227)
	at junit.framework.TestSuite.runTest(TestSuite.java:232)
	at junit.framework.TestSuite.run(TestSuite.java:227)
	at org.apache.tools.ant.taskdefs.optional.junit.JUnitTestRunner.run(JUnitTestRunner.java:421)
	at org.apache.tools.ant.taskdefs.optional.junit.JUnitTestRunner.launch(JUnitTestRunner.java:912)
	at org.apache.tools.ant.taskdefs.optional.junit.JUnitTestRunner.main(JUnitTestRunner.java:766)
Caused by: com.topcoder.confluence.webservice.ConfluenceManagementServiceNotAuthorizedException: Confluence authorization failed when calling method named-com.topcoder.confluence.webservice.bean.ConfluenceManagementServiceBean.retrievePage.
	at com.topcoder.confluence.webservice.bean.ConfluenceManagementServiceBean.logConfluenceException(ConfluenceManagementServiceBean.java:318)
	at com.topcoder.confluence.webservice.bean.ConfluenceManagementServiceBean.retrievePage(ConfluenceManagementServiceBean.java:627)
	at com.topcoder.confluence.webservice.delegate.ConfluenceManagerWebServiceDelegate.retrievePage(ConfluenceManagerWebServiceDelegate.java:707)
	... 20 more
[Entering method {com.topcoder.confluence.webservice.delegate.ConfluenceManagerWebServiceDelegate.retrievePage}]
[Input parameters[{token}:{ },{pageName}:{page name},{version}:{2},{assetType}:{APPLICATION_ARCHITECTURE},{catalog}:{DOT_NET},{applicationCode}:{application code}]]
[Entering method {com.topcoder.confluence.webservice.bean.ConfluenceManagementServiceBean.retrievePage}]
[Input parameters[{token}:{ },{pageName}:{page name},{version}:{2},{assetType}:{APPLICATION_ARCHITECTURE},{catalog}:{DOT_NET},{applicationCode}:{application code}]]
[Exiting method {com.topcoder.confluence.webservice.bean.ConfluenceManagementServiceBean.retrievePage}]
[Output parameter {basePageUrl:page nameUrl,versionUrl:,assetName:,version:2,applicationCode:application code,content:,assetType:APPLICATION_ARCHITECTURE,catalog:DOT_NET,componentType:}]
[Exiting method {com.topcoder.confluence.webservice.delegate.ConfluenceManagerWebServiceDelegate.retrievePage}]
[Output parameter {basePageUrl:page nameUrl,versionUrl:,assetName:,version:2,applicationCode:application code,content:,assetType:APPLICATION_ARCHITECTURE,catalog:DOT_NET,componentType:}]
[Entering method {com.topcoder.confluence.webservice.delegate.ConfluenceManagerWebServiceDelegate.createPage}]
[Input parameters[{token}:{},{pageName}:{page name},{version}:{3},{assetType}:{APPLICATION_ARCHITECTURE},{catalog}:{DOT_NET},{applicationCode}:{code}]]
[Error in method {com.topcoder.confluence.webservice.delegate.ConfluenceManagerWebServiceDelegate.createPage}:Details {token should not be null.}]
java.lang.IllegalArgumentException: token should not be null.
	at com.topcoder.confluence.webservice.Helper.checkNullAndLog(Helper.java:395)
	at com.topcoder.confluence.webservice.delegate.ConfluenceManagerWebServiceDelegate.createPage(ConfluenceManagerWebServiceDelegate.java:601)
	at com.topcoder.confluence.webservice.delegate.ConfluenceManagerWebServiceDelegateTests.test_retrievePage_with_applicationCode_Failure1(ConfluenceManagerWebServiceDelegateTests.java:1675)
	at sun.reflect.NativeMethodAccessorImpl.invoke0(Native Method)
	at sun.reflect.NativeMethodAccessorImpl.invoke(Unknown Source)
	at sun.reflect.DelegatingMethodAccessorImpl.invoke(Unknown Source)
	at java.lang.reflect.Method.invoke(Unknown Source)
	at junit.framework.TestCase.runTest(TestCase.java:168)
	at junit.framework.TestCase.runBare(TestCase.java:134)
	at junit.framework.TestResult$1.protect(TestResult.java:110)
	at junit.framework.TestResult.runProtected(TestResult.java:128)
	at junit.framework.TestResult.run(TestResult.java:113)
	at junit.framework.TestCase.run(TestCase.java:124)
	at junit.framework.TestSuite.runTest(TestSuite.java:232)
	at junit.framework.TestSuite.run(TestSuite.java:227)
	at junit.framework.TestSuite.runTest(TestSuite.java:232)
	at junit.framework.TestSuite.run(TestSuite.java:227)
	at junit.framework.TestSuite.runTest(TestSuite.java:232)
	at junit.framework.TestSuite.run(TestSuite.java:227)
	at org.apache.tools.ant.taskdefs.optional.junit.JUnitTestRunner.run(JUnitTestRunner.java:421)
	at org.apache.tools.ant.taskdefs.optional.junit.JUnitTestRunner.launch(JUnitTestRunner.java:912)
	at org.apache.tools.ant.taskdefs.optional.junit.JUnitTestRunner.main(JUnitTestRunner.java:766)
[Entering method {com.topcoder.confluence.webservice.delegate.ConfluenceManagerWebServiceDelegate.createPage}]
[Input parameters[{token}:{  },{pageName}:{},{version}:{3},{assetType}:{APPLICATION_ARCHITECTURE},{catalog}:{DOT_NET},{applicationCode}:{code}]]
[Error in method {com.topcoder.confluence.webservice.delegate.ConfluenceManagerWebServiceDelegate.createPage}:Details {pageName should not be null.}]
java.lang.IllegalArgumentException: pageName should not be null.
	at com.topcoder.confluence.webservice.Helper.checkNullAndLog(Helper.java:395)
	at com.topcoder.confluence.webservice.Helper.checkStringNullOrEmptyAndLog(Helper.java:419)
	at com.topcoder.confluence.webservice.delegate.ConfluenceManagerWebServiceDelegate.createPage(ConfluenceManagerWebServiceDelegate.java:602)
	at com.topcoder.confluence.webservice.delegate.ConfluenceManagerWebServiceDelegateTests.test_retrievePage_with_applicationCode_Failure2(ConfluenceManagerWebServiceDelegateTests.java:1695)
	at sun.reflect.NativeMethodAccessorImpl.invoke0(Native Method)
	at sun.reflect.NativeMethodAccessorImpl.invoke(Unknown Source)
	at sun.reflect.DelegatingMethodAccessorImpl.invoke(Unknown Source)
	at java.lang.reflect.Method.invoke(Unknown Source)
	at junit.framework.TestCase.runTest(TestCase.java:168)
	at junit.framework.TestCase.runBare(TestCase.java:134)
	at junit.framework.TestResult$1.protect(TestResult.java:110)
	at junit.framework.TestResult.runProtected(TestResult.java:128)
	at junit.framework.TestResult.run(TestResult.java:113)
	at junit.framework.TestCase.run(TestCase.java:124)
	at junit.framework.TestSuite.runTest(TestSuite.java:232)
	at junit.framework.TestSuite.run(TestSuite.java:227)
	at junit.framework.TestSuite.runTest(TestSuite.java:232)
	at junit.framework.TestSuite.run(TestSuite.java:227)
	at junit.framework.TestSuite.runTest(TestSuite.java:232)
	at junit.framework.TestSuite.run(TestSuite.java:227)
	at org.apache.tools.ant.taskdefs.optional.junit.JUnitTestRunner.run(JUnitTestRunner.java:421)
	at org.apache.tools.ant.taskdefs.optional.junit.JUnitTestRunner.launch(JUnitTestRunner.java:912)
	at org.apache.tools.ant.taskdefs.optional.junit.JUnitTestRunner.main(JUnitTestRunner.java:766)
[Entering method {com.topcoder.confluence.webservice.delegate.ConfluenceManagerWebServiceDelegate.createPage}]
[Input parameters[{token}:{  },{pageName}:{  },{version}:{3},{assetType}:{APPLICATION_ARCHITECTURE},{catalog}:{DOT_NET},{applicationCode}:{code}]]
[Error in method {com.topcoder.confluence.webservice.delegate.ConfluenceManagerWebServiceDelegate.createPage}:Details {pageName should not be empty.}]
java.lang.IllegalArgumentException: pageName should not be empty.
	at com.topcoder.confluence.webservice.Helper.checkStringNullOrEmptyAndLog(Helper.java:422)
	at com.topcoder.confluence.webservice.delegate.ConfluenceManagerWebServiceDelegate.createPage(ConfluenceManagerWebServiceDelegate.java:602)
	at com.topcoder.confluence.webservice.delegate.ConfluenceManagerWebServiceDelegateTests.test_retrievePage_with_applicationCode_Failure3(ConfluenceManagerWebServiceDelegateTests.java:1715)
	at sun.reflect.NativeMethodAccessorImpl.invoke0(Native Method)
	at sun.reflect.NativeMethodAccessorImpl.invoke(Unknown Source)
	at sun.reflect.DelegatingMethodAccessorImpl.invoke(Unknown Source)
	at java.lang.reflect.Method.invoke(Unknown Source)
	at junit.framework.TestCase.runTest(TestCase.java:168)
	at junit.framework.TestCase.runBare(TestCase.java:134)
	at junit.framework.TestResult$1.protect(TestResult.java:110)
	at junit.framework.TestResult.runProtected(TestResult.java:128)
	at junit.framework.TestResult.run(TestResult.java:113)
	at junit.framework.TestCase.run(TestCase.java:124)
	at junit.framework.TestSuite.runTest(TestSuite.java:232)
	at junit.framework.TestSuite.run(TestSuite.java:227)
	at junit.framework.TestSuite.runTest(TestSuite.java:232)
	at junit.framework.TestSuite.run(TestSuite.java:227)
	at junit.framework.TestSuite.runTest(TestSuite.java:232)
	at junit.framework.TestSuite.run(TestSuite.java:227)
	at org.apache.tools.ant.taskdefs.optional.junit.JUnitTestRunner.run(JUnitTestRunner.java:421)
	at org.apache.tools.ant.taskdefs.optional.junit.JUnitTestRunner.launch(JUnitTestRunner.java:912)
	at org.apache.tools.ant.taskdefs.optional.junit.JUnitTestRunner.main(JUnitTestRunner.java:766)
[Entering method {com.topcoder.confluence.webservice.delegate.ConfluenceManagerWebServiceDelegate.createPage}]
[Input parameters[{token}:{  },{pageName}:{page name},{version}:{},{assetType}:{APPLICATION_ARCHITECTURE},{catalog}:{DOT_NET},{applicationCode}:{code}]]
[Error in method {com.topcoder.confluence.webservice.delegate.ConfluenceManagerWebServiceDelegate.createPage}:Details {version should not be null.}]
java.lang.IllegalArgumentException: version should not be null.
	at com.topcoder.confluence.webservice.Helper.checkNullAndLog(Helper.java:395)
	at com.topcoder.confluence.webservice.Helper.checkStringNullOrEmptyAndLog(Helper.java:419)
	at com.topcoder.confluence.webservice.delegate.ConfluenceManagerWebServiceDelegate.createPage(ConfluenceManagerWebServiceDelegate.java:603)
	at com.topcoder.confluence.webservice.delegate.ConfluenceManagerWebServiceDelegateTests.test_retrievePage_with_applicationCode_Failure4(ConfluenceManagerWebServiceDelegateTests.java:1735)
	at sun.reflect.NativeMethodAccessorImpl.invoke0(Native Method)
	at sun.reflect.NativeMethodAccessorImpl.invoke(Unknown Source)
	at sun.reflect.DelegatingMethodAccessorImpl.invoke(Unknown Source)
	at java.lang.reflect.Method.invoke(Unknown Source)
	at junit.framework.TestCase.runTest(TestCase.java:168)
	at junit.framework.TestCase.runBare(TestCase.java:134)
	at junit.framework.TestResult$1.protect(TestResult.java:110)
	at junit.framework.TestResult.runProtected(TestResult.java:128)
	at junit.framework.TestResult.run(TestResult.java:113)
	at junit.framework.TestCase.run(TestCase.java:124)
	at junit.framework.TestSuite.runTest(TestSuite.java:232)
	at junit.framework.TestSuite.run(TestSuite.java:227)
	at junit.framework.TestSuite.runTest(TestSuite.java:232)
	at junit.framework.TestSuite.run(TestSuite.java:227)
	at junit.framework.TestSuite.runTest(TestSuite.java:232)
	at junit.framework.TestSuite.run(TestSuite.java:227)
	at org.apache.tools.ant.taskdefs.optional.junit.JUnitTestRunner.run(JUnitTestRunner.java:421)
	at org.apache.tools.ant.taskdefs.optional.junit.JUnitTestRunner.launch(JUnitTestRunner.java:912)
	at org.apache.tools.ant.taskdefs.optional.junit.JUnitTestRunner.main(JUnitTestRunner.java:766)
[Entering method {com.topcoder.confluence.webservice.delegate.ConfluenceManagerWebServiceDelegate.createPage}]
[Input parameters[{token}:{  },{pageName}:{page name},{version}:{  },{assetType}:{APPLICATION_ARCHITECTURE},{catalog}:{DOT_NET},{applicationCode}:{code}]]
[Error in method {com.topcoder.confluence.webservice.delegate.ConfluenceManagerWebServiceDelegate.createPage}:Details {version should not be empty.}]
java.lang.IllegalArgumentException: version should not be empty.
	at com.topcoder.confluence.webservice.Helper.checkStringNullOrEmptyAndLog(Helper.java:422)
	at com.topcoder.confluence.webservice.delegate.ConfluenceManagerWebServiceDelegate.createPage(ConfluenceManagerWebServiceDelegate.java:603)
	at com.topcoder.confluence.webservice.delegate.ConfluenceManagerWebServiceDelegateTests.test_retrievePage_with_applicationCode_Failure5(ConfluenceManagerWebServiceDelegateTests.java:1755)
	at sun.reflect.NativeMethodAccessorImpl.invoke0(Native Method)
	at sun.reflect.NativeMethodAccessorImpl.invoke(Unknown Source)
	at sun.reflect.DelegatingMethodAccessorImpl.invoke(Unknown Source)
	at java.lang.reflect.Method.invoke(Unknown Source)
	at junit.framework.TestCase.runTest(TestCase.java:168)
	at junit.framework.TestCase.runBare(TestCase.java:134)
	at junit.framework.TestResult$1.protect(TestResult.java:110)
	at junit.framework.TestResult.runProtected(TestResult.java:128)
	at junit.framework.TestResult.run(TestResult.java:113)
	at junit.framework.TestCase.run(TestCase.java:124)
	at junit.framework.TestSuite.runTest(TestSuite.java:232)
	at junit.framework.TestSuite.run(TestSuite.java:227)
	at junit.framework.TestSuite.runTest(TestSuite.java:232)
	at junit.framework.TestSuite.run(TestSuite.java:227)
	at junit.framework.TestSuite.runTest(TestSuite.java:232)
	at junit.framework.TestSuite.run(TestSuite.java:227)
	at org.apache.tools.ant.taskdefs.optional.junit.JUnitTestRunner.run(JUnitTestRunner.java:421)
	at org.apache.tools.ant.taskdefs.optional.junit.JUnitTestRunner.launch(JUnitTestRunner.java:912)
	at org.apache.tools.ant.taskdefs.optional.junit.JUnitTestRunner.main(JUnitTestRunner.java:766)
[Entering method {com.topcoder.confluence.webservice.delegate.ConfluenceManagerWebServiceDelegate.createPage}]
[Input parameters[{token}:{  },{pageName}:{page name},{version}:{2},{assetType}:{},{catalog}:{DOT_NET},{applicationCode}:{code}]]
[Error in method {com.topcoder.confluence.webservice.delegate.ConfluenceManagerWebServiceDelegate.createPage}:Details {assetType should not be null.}]
java.lang.IllegalArgumentException: assetType should not be null.
	at com.topcoder.confluence.webservice.Helper.checkNullAndLog(Helper.java:395)
	at com.topcoder.confluence.webservice.delegate.ConfluenceManagerWebServiceDelegate.createPage(ConfluenceManagerWebServiceDelegate.java:604)
	at com.topcoder.confluence.webservice.delegate.ConfluenceManagerWebServiceDelegateTests.test_retrievePage_with_applicationCode_Failure6(ConfluenceManagerWebServiceDelegateTests.java:1775)
	at sun.reflect.NativeMethodAccessorImpl.invoke0(Native Method)
	at sun.reflect.NativeMethodAccessorImpl.invoke(Unknown Source)
	at sun.reflect.DelegatingMethodAccessorImpl.invoke(Unknown Source)
	at java.lang.reflect.Method.invoke(Unknown Source)
	at junit.framework.TestCase.runTest(TestCase.java:168)
	at junit.framework.TestCase.runBare(TestCase.java:134)
	at junit.framework.TestResult$1.protect(TestResult.java:110)
	at junit.framework.TestResult.runProtected(TestResult.java:128)
	at junit.framework.TestResult.run(TestResult.java:113)
	at junit.framework.TestCase.run(TestCase.java:124)
	at junit.framework.TestSuite.runTest(TestSuite.java:232)
	at junit.framework.TestSuite.run(TestSuite.java:227)
	at junit.framework.TestSuite.runTest(TestSuite.java:232)
	at junit.framework.TestSuite.run(TestSuite.java:227)
	at junit.framework.TestSuite.runTest(TestSuite.java:232)
	at junit.framework.TestSuite.run(TestSuite.java:227)
	at org.apache.tools.ant.taskdefs.optional.junit.JUnitTestRunner.run(JUnitTestRunner.java:421)
	at org.apache.tools.ant.taskdefs.optional.junit.JUnitTestRunner.launch(JUnitTestRunner.java:912)
	at org.apache.tools.ant.taskdefs.optional.junit.JUnitTestRunner.main(JUnitTestRunner.java:766)
[Entering method {com.topcoder.confluence.webservice.delegate.ConfluenceManagerWebServiceDelegate.createPage}]
[Input parameters[{token}:{  },{pageName}:{page name},{version}:{2},{assetType}:{APPLICATION_TESTING},{catalog}:{},{applicationCode}:{code}]]
[Error in method {com.topcoder.confluence.webservice.delegate.ConfluenceManagerWebServiceDelegate.createPage}:Details {catalog should not be null.}]
java.lang.IllegalArgumentException: catalog should not be null.
	at com.topcoder.confluence.webservice.Helper.checkNullAndLog(Helper.java:395)
	at com.topcoder.confluence.webservice.delegate.ConfluenceManagerWebServiceDelegate.createPage(ConfluenceManagerWebServiceDelegate.java:605)
	at com.topcoder.confluence.webservice.delegate.ConfluenceManagerWebServiceDelegateTests.test_retrievePage_with_applicationCode_Failure7(ConfluenceManagerWebServiceDelegateTests.java:1794)
	at sun.reflect.NativeMethodAccessorImpl.invoke0(Native Method)
	at sun.reflect.NativeMethodAccessorImpl.invoke(Unknown Source)
	at sun.reflect.DelegatingMethodAccessorImpl.invoke(Unknown Source)
	at java.lang.reflect.Method.invoke(Unknown Source)
	at junit.framework.TestCase.runTest(TestCase.java:168)
	at junit.framework.TestCase.runBare(TestCase.java:134)
	at junit.framework.TestResult$1.protect(TestResult.java:110)
	at junit.framework.TestResult.runProtected(TestResult.java:128)
	at junit.framework.TestResult.run(TestResult.java:113)
	at junit.framework.TestCase.run(TestCase.java:124)
	at junit.framework.TestSuite.runTest(TestSuite.java:232)
	at junit.framework.TestSuite.run(TestSuite.java:227)
	at junit.framework.TestSuite.runTest(TestSuite.java:232)
	at junit.framework.TestSuite.run(TestSuite.java:227)
	at junit.framework.TestSuite.runTest(TestSuite.java:232)
	at junit.framework.TestSuite.run(TestSuite.java:227)
	at org.apache.tools.ant.taskdefs.optional.junit.JUnitTestRunner.run(JUnitTestRunner.java:421)
	at org.apache.tools.ant.taskdefs.optional.junit.JUnitTestRunner.launch(JUnitTestRunner.java:912)
	at org.apache.tools.ant.taskdefs.optional.junit.JUnitTestRunner.main(JUnitTestRunner.java:766)
[Entering method {com.topcoder.confluence.webservice.delegate.ConfluenceManagerWebServiceDelegate.createPage}]
[Input parameters[{token}:{  },{pageName}:{page name},{version}:{2},{assetType}:{APPLICATION_TESTING},{catalog}:{JAVA},{applicationCode}:{}]]
[Error in method {com.topcoder.confluence.webservice.delegate.ConfluenceManagerWebServiceDelegate.createPage}:Details {applicationCode should not be null.}]
java.lang.IllegalArgumentException: applicationCode should not be null.
	at com.topcoder.confluence.webservice.Helper.checkNullAndLog(Helper.java:395)
	at com.topcoder.confluence.webservice.Helper.checkStringNullOrEmptyAndLog(Helper.java:419)
	at com.topcoder.confluence.webservice.delegate.ConfluenceManagerWebServiceDelegate.createPage(ConfluenceManagerWebServiceDelegate.java:606)
	at com.topcoder.confluence.webservice.delegate.ConfluenceManagerWebServiceDelegateTests.test_retrievePage_with_applicationCode_Failure8(ConfluenceManagerWebServiceDelegateTests.java:1813)
	at sun.reflect.NativeMethodAccessorImpl.invoke0(Native Method)
	at sun.reflect.NativeMethodAccessorImpl.invoke(Unknown Source)
	at sun.reflect.DelegatingMethodAccessorImpl.invoke(Unknown Source)
	at java.lang.reflect.Method.invoke(Unknown Source)
	at junit.framework.TestCase.runTest(TestCase.java:168)
	at junit.framework.TestCase.runBare(TestCase.java:134)
	at junit.framework.TestResult$1.protect(TestResult.java:110)
	at junit.framework.TestResult.runProtected(TestResult.java:128)
	at junit.framework.TestResult.run(TestResult.java:113)
	at junit.framework.TestCase.run(TestCase.java:124)
	at junit.framework.TestSuite.runTest(TestSuite.java:232)
	at junit.framework.TestSuite.run(TestSuite.java:227)
	at junit.framework.TestSuite.runTest(TestSuite.java:232)
	at junit.framework.TestSuite.run(TestSuite.java:227)
	at junit.framework.TestSuite.runTest(TestSuite.java:232)
	at junit.framework.TestSuite.run(TestSuite.java:227)
	at org.apache.tools.ant.taskdefs.optional.junit.JUnitTestRunner.run(JUnitTestRunner.java:421)
	at org.apache.tools.ant.taskdefs.optional.junit.JUnitTestRunner.launch(JUnitTestRunner.java:912)
	at org.apache.tools.ant.taskdefs.optional.junit.JUnitTestRunner.main(JUnitTestRunner.java:766)
[Entering method {com.topcoder.confluence.webservice.delegate.ConfluenceManagerWebServiceDelegate.createPage}]
[Input parameters[{token}:{  },{pageName}:{page name},{version}:{2},{assetType}:{APPLICATION_TESTING},{catalog}:{JAVA},{applicationCode}:{  }]]
[Error in method {com.topcoder.confluence.webservice.delegate.ConfluenceManagerWebServiceDelegate.createPage}:Details {applicationCode should not be empty.}]
java.lang.IllegalArgumentException: applicationCode should not be empty.
	at com.topcoder.confluence.webservice.Helper.checkStringNullOrEmptyAndLog(Helper.java:422)
	at com.topcoder.confluence.webservice.delegate.ConfluenceManagerWebServiceDelegate.createPage(ConfluenceManagerWebServiceDelegate.java:606)
	at com.topcoder.confluence.webservice.delegate.ConfluenceManagerWebServiceDelegateTests.test_retrievePage_with_applicationCode_Failure9(ConfluenceManagerWebServiceDelegateTests.java:1833)
	at sun.reflect.NativeMethodAccessorImpl.invoke0(Native Method)
	at sun.reflect.NativeMethodAccessorImpl.invoke(Unknown Source)
	at sun.reflect.DelegatingMethodAccessorImpl.invoke(Unknown Source)
	at java.lang.reflect.Method.invoke(Unknown Source)
	at junit.framework.TestCase.runTest(TestCase.java:168)
	at junit.framework.TestCase.runBare(TestCase.java:134)
	at junit.framework.TestResult$1.protect(TestResult.java:110)
	at junit.framework.TestResult.runProtected(TestResult.java:128)
	at junit.framework.TestResult.run(TestResult.java:113)
	at junit.framework.TestCase.run(TestCase.java:124)
	at junit.framework.TestSuite.runTest(TestSuite.java:232)
	at junit.framework.TestSuite.run(TestSuite.java:227)
	at junit.framework.TestSuite.runTest(TestSuite.java:232)
	at junit.framework.TestSuite.run(TestSuite.java:227)
	at junit.framework.TestSuite.runTest(TestSuite.java:232)
	at junit.framework.TestSuite.run(TestSuite.java:227)
	at org.apache.tools.ant.taskdefs.optional.junit.JUnitTestRunner.run(JUnitTestRunner.java:421)
	at org.apache.tools.ant.taskdefs.optional.junit.JUnitTestRunner.launch(JUnitTestRunner.java:912)
	at org.apache.tools.ant.taskdefs.optional.junit.JUnitTestRunner.main(JUnitTestRunner.java:766)
[Entering method {com.topcoder.confluence.webservice.delegate.ConfluenceManagerWebServiceDelegate.retrievePage}]
[Input parameters[{token}:{ },{pageName}:{page name},{version}:{2},{assetType}:{APPLICATION_ARCHITECTURE},{catalog}:{DOT_NET},{applicationCode}:{application code}]]
[Entering method {com.topcoder.confluence.webservice.bean.ConfluenceManagementServiceBean.retrievePage}]
[Input parameters[{token}:{ },{pageName}:{page name},{version}:{2},{assetType}:{APPLICATION_ARCHITECTURE},{catalog}:{DOT_NET},{applicationCode}:{application code}]]
[Error in method {com.topcoder.confluence.webservice.bean.ConfluenceManagementServiceBean.retrievePage}:Details {Confluence connection error occured when calling method named-com.topcoder.confluence.webservice.bean.ConfluenceManagementServiceBean.retrievePage.}]
com.topcoder.confluence.webservice.ConfluenceManagementServiceConnectionException: Confluence connection error occured when calling method named-com.topcoder.confluence.webservice.bean.ConfluenceManagementServiceBean.retrievePage.
	at com.topcoder.confluence.webservice.bean.ConfluenceManagementServiceBean.logConfluenceException(ConfluenceManagementServiceBean.java:302)
	at com.topcoder.confluence.webservice.bean.ConfluenceManagementServiceBean.retrievePage(ConfluenceManagementServiceBean.java:685)
	at com.topcoder.confluence.webservice.delegate.ConfluenceManagerWebServiceDelegate.retrievePage(ConfluenceManagerWebServiceDelegate.java:764)
	at com.topcoder.confluence.webservice.delegate.ConfluenceManagerWebServiceDelegateTests.test_retrievePage_with_applicationCode_Failure10(ConfluenceManagerWebServiceDelegateTests.java:1856)
	at sun.reflect.NativeMethodAccessorImpl.invoke0(Native Method)
	at sun.reflect.NativeMethodAccessorImpl.invoke(Unknown Source)
	at sun.reflect.DelegatingMethodAccessorImpl.invoke(Unknown Source)
	at java.lang.reflect.Method.invoke(Unknown Source)
	at junit.framework.TestCase.runTest(TestCase.java:168)
	at junit.framework.TestCase.runBare(TestCase.java:134)
	at junit.framework.TestResult$1.protect(TestResult.java:110)
	at junit.framework.TestResult.runProtected(TestResult.java:128)
	at junit.framework.TestResult.run(TestResult.java:113)
	at junit.framework.TestCase.run(TestCase.java:124)
	at junit.framework.TestSuite.runTest(TestSuite.java:232)
	at junit.framework.TestSuite.run(TestSuite.java:227)
	at junit.framework.TestSuite.runTest(TestSuite.java:232)
	at junit.framework.TestSuite.run(TestSuite.java:227)
	at junit.framework.TestSuite.runTest(TestSuite.java:232)
	at junit.framework.TestSuite.run(TestSuite.java:227)
	at org.apache.tools.ant.taskdefs.optional.junit.JUnitTestRunner.run(JUnitTestRunner.java:421)
	at org.apache.tools.ant.taskdefs.optional.junit.JUnitTestRunner.launch(JUnitTestRunner.java:912)
	at org.apache.tools.ant.taskdefs.optional.junit.JUnitTestRunner.main(JUnitTestRunner.java:766)
[Error in method {com.topcoder.confluence.webservice.delegate.ConfluenceManagerWebServiceDelegate.retrievePage}:Details {Confluence connection error occured when calling method named-com.topcoder.confluence.webservice.delegate.ConfluenceManagerWebServiceDelegate.retrievePage.}]
com.topcoder.confluence.ConfluenceConnectionException: Confluence connection error occured when calling method named-com.topcoder.confluence.webservice.delegate.ConfluenceManagerWebServiceDelegate.retrievePage.
	at com.topcoder.confluence.webservice.delegate.ConfluenceManagerWebServiceDelegate.logConfluenceException(ConfluenceManagerWebServiceDelegate.java:396)
	at com.topcoder.confluence.webservice.delegate.ConfluenceManagerWebServiceDelegate.retrievePage(ConfluenceManagerWebServiceDelegate.java:772)
	at com.topcoder.confluence.webservice.delegate.ConfluenceManagerWebServiceDelegateTests.test_retrievePage_with_applicationCode_Failure10(ConfluenceManagerWebServiceDelegateTests.java:1856)
	at sun.reflect.NativeMethodAccessorImpl.invoke0(Native Method)
	at sun.reflect.NativeMethodAccessorImpl.invoke(Unknown Source)
	at sun.reflect.DelegatingMethodAccessorImpl.invoke(Unknown Source)
	at java.lang.reflect.Method.invoke(Unknown Source)
	at junit.framework.TestCase.runTest(TestCase.java:168)
	at junit.framework.TestCase.runBare(TestCase.java:134)
	at junit.framework.TestResult$1.protect(TestResult.java:110)
	at junit.framework.TestResult.runProtected(TestResult.java:128)
	at junit.framework.TestResult.run(TestResult.java:113)
	at junit.framework.TestCase.run(TestCase.java:124)
	at junit.framework.TestSuite.runTest(TestSuite.java:232)
	at junit.framework.TestSuite.run(TestSuite.java:227)
	at junit.framework.TestSuite.runTest(TestSuite.java:232)
	at junit.framework.TestSuite.run(TestSuite.java:227)
	at junit.framework.TestSuite.runTest(TestSuite.java:232)
	at junit.framework.TestSuite.run(TestSuite.java:227)
	at org.apache.tools.ant.taskdefs.optional.junit.JUnitTestRunner.run(JUnitTestRunner.java:421)
	at org.apache.tools.ant.taskdefs.optional.junit.JUnitTestRunner.launch(JUnitTestRunner.java:912)
	at org.apache.tools.ant.taskdefs.optional.junit.JUnitTestRunner.main(JUnitTestRunner.java:766)
Caused by: com.topcoder.confluence.webservice.ConfluenceManagementServiceConnectionException: Confluence connection error occured when calling method named-com.topcoder.confluence.webservice.bean.ConfluenceManagementServiceBean.retrievePage.
	at com.topcoder.confluence.webservice.bean.ConfluenceManagementServiceBean.logConfluenceException(ConfluenceManagementServiceBean.java:302)
	at com.topcoder.confluence.webservice.bean.ConfluenceManagementServiceBean.retrievePage(ConfluenceManagementServiceBean.java:685)
	at com.topcoder.confluence.webservice.delegate.ConfluenceManagerWebServiceDelegate.retrievePage(ConfluenceManagerWebServiceDelegate.java:764)
	... 20 more
[Entering method {com.topcoder.confluence.webservice.delegate.ConfluenceManagerWebServiceDelegate.retrievePage}]
[Input parameters[{token}:{ },{pageName}:{page name},{version}:{2},{assetType}:{APPLICATION_ARCHITECTURE},{catalog}:{DOT_NET},{applicationCode}:{application code}]]
[Entering method {com.topcoder.confluence.webservice.bean.ConfluenceManagementServiceBean.retrievePage}]
[Input parameters[{token}:{ },{pageName}:{page name},{version}:{2},{assetType}:{APPLICATION_ARCHITECTURE},{catalog}:{DOT_NET},{applicationCode}:{application code}]]
[Error in method {com.topcoder.confluence.webservice.bean.ConfluenceManagementServiceBean.retrievePage}:Details {Any confluence manager error occured when calling method named-com.topcoder.confluence.webservice.bean.ConfluenceManagementServiceBean.retrievePage.}]
com.topcoder.confluence.webservice.ConfluenceManagementServiceException: Any confluence manager error occured when calling method named-com.topcoder.confluence.webservice.bean.ConfluenceManagementServiceBean.retrievePage.
	at com.topcoder.confluence.webservice.bean.ConfluenceManagementServiceBean.logConfluenceException(ConfluenceManagementServiceBean.java:325)
	at com.topcoder.confluence.webservice.bean.ConfluenceManagementServiceBean.retrievePage(ConfluenceManagementServiceBean.java:685)
	at com.topcoder.confluence.webservice.delegate.ConfluenceManagerWebServiceDelegate.retrievePage(ConfluenceManagerWebServiceDelegate.java:764)
	at com.topcoder.confluence.webservice.delegate.ConfluenceManagerWebServiceDelegateTests.test_retrievePage_with_applicationCode_Failure11(ConfluenceManagerWebServiceDelegateTests.java:1882)
	at sun.reflect.NativeMethodAccessorImpl.invoke0(Native Method)
	at sun.reflect.NativeMethodAccessorImpl.invoke(Unknown Source)
	at sun.reflect.DelegatingMethodAccessorImpl.invoke(Unknown Source)
	at java.lang.reflect.Method.invoke(Unknown Source)
	at junit.framework.TestCase.runTest(TestCase.java:168)
	at junit.framework.TestCase.runBare(TestCase.java:134)
	at junit.framework.TestResult$1.protect(TestResult.java:110)
	at junit.framework.TestResult.runProtected(TestResult.java:128)
	at junit.framework.TestResult.run(TestResult.java:113)
	at junit.framework.TestCase.run(TestCase.java:124)
	at junit.framework.TestSuite.runTest(TestSuite.java:232)
	at junit.framework.TestSuite.run(TestSuite.java:227)
	at junit.framework.TestSuite.runTest(TestSuite.java:232)
	at junit.framework.TestSuite.run(TestSuite.java:227)
	at junit.framework.TestSuite.runTest(TestSuite.java:232)
	at junit.framework.TestSuite.run(TestSuite.java:227)
	at org.apache.tools.ant.taskdefs.optional.junit.JUnitTestRunner.run(JUnitTestRunner.java:421)
	at org.apache.tools.ant.taskdefs.optional.junit.JUnitTestRunner.launch(JUnitTestRunner.java:912)
	at org.apache.tools.ant.taskdefs.optional.junit.JUnitTestRunner.main(JUnitTestRunner.java:766)
[Error in method {com.topcoder.confluence.webservice.delegate.ConfluenceManagerWebServiceDelegate.retrievePage}:Details {Any confluence manager error occured when calling method named-com.topcoder.confluence.webservice.delegate.ConfluenceManagerWebServiceDelegate.retrievePage.}]
com.topcoder.confluence.ConfluenceManagerException: Any confluence manager error occured when calling method named-com.topcoder.confluence.webservice.delegate.ConfluenceManagerWebServiceDelegate.retrievePage.
	at com.topcoder.confluence.webservice.delegate.ConfluenceManagerWebServiceDelegate.logConfluenceException(ConfluenceManagerWebServiceDelegate.java:417)
	at com.topcoder.confluence.webservice.delegate.ConfluenceManagerWebServiceDelegate.retrievePage(ConfluenceManagerWebServiceDelegate.java:772)
	at com.topcoder.confluence.webservice.delegate.ConfluenceManagerWebServiceDelegateTests.test_retrievePage_with_applicationCode_Failure11(ConfluenceManagerWebServiceDelegateTests.java:1882)
	at sun.reflect.NativeMethodAccessorImpl.invoke0(Native Method)
	at sun.reflect.NativeMethodAccessorImpl.invoke(Unknown Source)
	at sun.reflect.DelegatingMethodAccessorImpl.invoke(Unknown Source)
	at java.lang.reflect.Method.invoke(Unknown Source)
	at junit.framework.TestCase.runTest(TestCase.java:168)
	at junit.framework.TestCase.runBare(TestCase.java:134)
	at junit.framework.TestResult$1.protect(TestResult.java:110)
	at junit.framework.TestResult.runProtected(TestResult.java:128)
	at junit.framework.TestResult.run(TestResult.java:113)
	at junit.framework.TestCase.run(TestCase.java:124)
	at junit.framework.TestSuite.runTest(TestSuite.java:232)
	at junit.framework.TestSuite.run(TestSuite.java:227)
	at junit.framework.TestSuite.runTest(TestSuite.java:232)
	at junit.framework.TestSuite.run(TestSuite.java:227)
	at junit.framework.TestSuite.runTest(TestSuite.java:232)
	at junit.framework.TestSuite.run(TestSuite.java:227)
	at org.apache.tools.ant.taskdefs.optional.junit.JUnitTestRunner.run(JUnitTestRunner.java:421)
	at org.apache.tools.ant.taskdefs.optional.junit.JUnitTestRunner.launch(JUnitTestRunner.java:912)
	at org.apache.tools.ant.taskdefs.optional.junit.JUnitTestRunner.main(JUnitTestRunner.java:766)
Caused by: com.topcoder.confluence.webservice.ConfluenceManagementServiceException: Any confluence manager error occured when calling method named-com.topcoder.confluence.webservice.bean.ConfluenceManagementServiceBean.retrievePage.
	at com.topcoder.confluence.webservice.bean.ConfluenceManagementServiceBean.logConfluenceException(ConfluenceManagementServiceBean.java:325)
	at com.topcoder.confluence.webservice.bean.ConfluenceManagementServiceBean.retrievePage(ConfluenceManagementServiceBean.java:685)
	at com.topcoder.confluence.webservice.delegate.ConfluenceManagerWebServiceDelegate.retrievePage(ConfluenceManagerWebServiceDelegate.java:764)
	... 20 more
[Entering method {com.topcoder.confluence.webservice.delegate.ConfluenceManagerWebServiceDelegate.retrievePage}]
[Input parameters[{token}:{ },{pageName}:{page name},{version}:{2},{assetType}:{APPLICATION_ARCHITECTURE},{catalog}:{DOT_NET},{applicationCode}:{application code}]]
[Entering method {com.topcoder.confluence.webservice.bean.ConfluenceManagementServiceBean.retrievePage}]
[Input parameters[{token}:{ },{pageName}:{page name},{version}:{2},{assetType}:{APPLICATION_ARCHITECTURE},{catalog}:{DOT_NET},{applicationCode}:{application code}]]
[Error in method {com.topcoder.confluence.webservice.bean.ConfluenceManagementServiceBean.retrievePage}:Details {Confluence authorization failed when calling method named-com.topcoder.confluence.webservice.bean.ConfluenceManagementServiceBean.retrievePage.}]
com.topcoder.confluence.webservice.ConfluenceManagementServiceNotAuthorizedException: Confluence authorization failed when calling method named-com.topcoder.confluence.webservice.bean.ConfluenceManagementServiceBean.retrievePage.
	at com.topcoder.confluence.webservice.bean.ConfluenceManagementServiceBean.logConfluenceException(ConfluenceManagementServiceBean.java:318)
	at com.topcoder.confluence.webservice.bean.ConfluenceManagementServiceBean.retrievePage(ConfluenceManagementServiceBean.java:685)
	at com.topcoder.confluence.webservice.delegate.ConfluenceManagerWebServiceDelegate.retrievePage(ConfluenceManagerWebServiceDelegate.java:764)
	at com.topcoder.confluence.webservice.delegate.ConfluenceManagerWebServiceDelegateTests.test_retrievePage_with_applicationCode_Failure12(ConfluenceManagerWebServiceDelegateTests.java:1908)
	at sun.reflect.NativeMethodAccessorImpl.invoke0(Native Method)
	at sun.reflect.NativeMethodAccessorImpl.invoke(Unknown Source)
	at sun.reflect.DelegatingMethodAccessorImpl.invoke(Unknown Source)
	at java.lang.reflect.Method.invoke(Unknown Source)
	at junit.framework.TestCase.runTest(TestCase.java:168)
	at junit.framework.TestCase.runBare(TestCase.java:134)
	at junit.framework.TestResult$1.protect(TestResult.java:110)
	at junit.framework.TestResult.runProtected(TestResult.java:128)
	at junit.framework.TestResult.run(TestResult.java:113)
	at junit.framework.TestCase.run(TestCase.java:124)
	at junit.framework.TestSuite.runTest(TestSuite.java:232)
	at junit.framework.TestSuite.run(TestSuite.java:227)
	at junit.framework.TestSuite.runTest(TestSuite.java:232)
	at junit.framework.TestSuite.run(TestSuite.java:227)
	at junit.framework.TestSuite.runTest(TestSuite.java:232)
	at junit.framework.TestSuite.run(TestSuite.java:227)
	at org.apache.tools.ant.taskdefs.optional.junit.JUnitTestRunner.run(JUnitTestRunner.java:421)
	at org.apache.tools.ant.taskdefs.optional.junit.JUnitTestRunner.launch(JUnitTestRunner.java:912)
	at org.apache.tools.ant.taskdefs.optional.junit.JUnitTestRunner.main(JUnitTestRunner.java:766)
[Error in method {com.topcoder.confluence.webservice.delegate.ConfluenceManagerWebServiceDelegate.retrievePage}:Details {Confluence authorization failed when calling method named-com.topcoder.confluence.webservice.delegate.ConfluenceManagerWebServiceDelegate.retrievePage.}]
com.topcoder.confluence.ConfluenceNotAuthorizedException: Confluence authorization failed when calling method named-com.topcoder.confluence.webservice.delegate.ConfluenceManagerWebServiceDelegate.retrievePage.
	at com.topcoder.confluence.webservice.delegate.ConfluenceManagerWebServiceDelegate.logConfluenceException(ConfluenceManagerWebServiceDelegate.java:411)
	at com.topcoder.confluence.webservice.delegate.ConfluenceManagerWebServiceDelegate.retrievePage(ConfluenceManagerWebServiceDelegate.java:772)
	at com.topcoder.confluence.webservice.delegate.ConfluenceManagerWebServiceDelegateTests.test_retrievePage_with_applicationCode_Failure12(ConfluenceManagerWebServiceDelegateTests.java:1908)
	at sun.reflect.NativeMethodAccessorImpl.invoke0(Native Method)
	at sun.reflect.NativeMethodAccessorImpl.invoke(Unknown Source)
	at sun.reflect.DelegatingMethodAccessorImpl.invoke(Unknown Source)
	at java.lang.reflect.Method.invoke(Unknown Source)
	at junit.framework.TestCase.runTest(TestCase.java:168)
	at junit.framework.TestCase.runBare(TestCase.java:134)
	at junit.framework.TestResult$1.protect(TestResult.java:110)
	at junit.framework.TestResult.runProtected(TestResult.java:128)
	at junit.framework.TestResult.run(TestResult.java:113)
	at junit.framework.TestCase.run(TestCase.java:124)
	at junit.framework.TestSuite.runTest(TestSuite.java:232)
	at junit.framework.TestSuite.run(TestSuite.java:227)
	at junit.framework.TestSuite.runTest(TestSuite.java:232)
	at junit.framework.TestSuite.run(TestSuite.java:227)
	at junit.framework.TestSuite.runTest(TestSuite.java:232)
	at junit.framework.TestSuite.run(TestSuite.java:227)
	at org.apache.tools.ant.taskdefs.optional.junit.JUnitTestRunner.run(JUnitTestRunner.java:421)
	at org.apache.tools.ant.taskdefs.optional.junit.JUnitTestRunner.launch(JUnitTestRunner.java:912)
	at org.apache.tools.ant.taskdefs.optional.junit.JUnitTestRunner.main(JUnitTestRunner.java:766)
Caused by: com.topcoder.confluence.webservice.ConfluenceManagementServiceNotAuthorizedException: Confluence authorization failed when calling method named-com.topcoder.confluence.webservice.bean.ConfluenceManagementServiceBean.retrievePage.
	at com.topcoder.confluence.webservice.bean.ConfluenceManagementServiceBean.logConfluenceException(ConfluenceManagementServiceBean.java:318)
	at com.topcoder.confluence.webservice.bean.ConfluenceManagementServiceBean.retrievePage(ConfluenceManagementServiceBean.java:685)
	at com.topcoder.confluence.webservice.delegate.ConfluenceManagerWebServiceDelegate.retrievePage(ConfluenceManagerWebServiceDelegate.java:764)
	... 20 more
[Entering method {com.topcoder.confluence.webservice.delegate.ConfluenceManagerWebServiceDelegate.login}]
[Input parameters[{userName}:{user},{password}:{password}]]
[Exiting method {com.topcoder.confluence.webservice.delegate.ConfluenceManagerWebServiceDelegate.login}]
[Output parameter {tokentoken}]
[Entering method {com.topcoder.confluence.webservice.delegate.ConfluenceManagerWebServiceDelegate.createPage}]
[Input parameters[{token}:{tokentoken},{pageName}:{Erebus Token Web Services},{version}:{1.0},{assetType}:{COMPONENT_DESIGN},{catalog}:{DOT_NET},{componentType}:{CUSTOM}]]
[Exiting method {com.topcoder.confluence.webservice.delegate.ConfluenceManagerWebServiceDelegate.createPage}]
[Output parameter {page:[basePageUrl:Erebus Token Web ServicesUrl,versionUrl:,assetName:,version:1.0,applicationCode:,content:,assetType:COMPONENT_DESIGN,catalog:DOT_NET,componentType:CUSTOM], actionTaken:BASE_PAGE_AND_VERSION_CREATED}]
[Entering method {com.topcoder.confluence.webservice.delegate.ConfluenceManagerWebServiceDelegate.createPage}]
[Input parameters[{token}:{tokentoken},{pageName}:{Erebus Payment Web Services},{version}:{1.0},{assetType}:{COMPONENT_DESIGN},{catalog}:{JAVA},{applicationCode}:{12345}]]
[Exiting method {com.topcoder.confluence.webservice.delegate.ConfluenceManagerWebServiceDelegate.createPage}]
[Output parameter {page:[basePageUrl:Erebus Payment Web ServicesUrl,versionUrl:,assetName:,version:1.0,applicationCode:12345,content:,assetType:COMPONENT_DESIGN,catalog:JAVA,componentType:], actionTaken:BASE_PAGE_AND_VERSION_CREATED}]
[Entering method {com.topcoder.confluence.webservice.delegate.ConfluenceManagerWebServiceDelegate.createPage}]
[Input parameters[{token}:{tokentoken},{page}:{basePageUrl:,versionUrl:,assetName:,version:,applicationCode:,content:,assetType:,catalog:,componentType:}]]
[Exiting method {com.topcoder.confluence.webservice.delegate.ConfluenceManagerWebServiceDelegate.createPage}]
[Output parameter {page:[basePageUrl:,versionUrl:,assetName:,version:,applicationCode:,content:,assetType:,catalog:,componentType:], actionTaken:BASE_PAGE_AND_VERSION_CREATED}]
[Entering method {com.topcoder.confluence.webservice.delegate.ConfluenceManagerWebServiceDelegate.retrievePage}]
[Input parameters[{token}:{tokentoken},{pageName}:{Erebus Token Web Services},{version}:{1.0},{assetType}:{COMPONENT_DESIGN},{catalog}:{DOT_NET},{componentType}:{CUSTOM}]]
[Exiting method {com.topcoder.confluence.webservice.delegate.ConfluenceManagerWebServiceDelegate.retrievePage}]
[Output parameter {basePageUrl:Erebus Token Web ServicesUrl,versionUrl:,assetName:,version:1.0,applicationCode:,content:,assetType:COMPONENT_DESIGN,catalog:DOT_NET,componentType:CUSTOM}]
[Entering method {com.topcoder.confluence.webservice.delegate.ConfluenceManagerWebServiceDelegate.retrievePage}]
[Input parameters[{token}:{tokentoken},{pageName}:{Erebus Token Web Services},{version}:{1.0},{assetType}:{COMPONENT_DESIGN},{catalog}:{JAVA},{applicationCode}:{12345}]]
[Exiting method {com.topcoder.confluence.webservice.delegate.ConfluenceManagerWebServiceDelegate.retrievePage}]
[Output parameter {basePageUrl:Erebus Token Web ServicesUrl,versionUrl:,assetName:,version:1.0,applicationCode:12345,content:,assetType:COMPONENT_DESIGN,catalog:JAVA,componentType:}]
[Entering method {com.topcoder.confluence.webservice.delegate.ConfluenceManagerWebServiceDelegate.logout}]
[Input parameters[{token}:{tokentoken}]]
[Exiting method {com.topcoder.confluence.webservice.delegate.ConfluenceManagerWebServiceDelegate.logout}]
[Entering method {com.topcoder.confluence.webservice.bean.ConfluenceManagementServiceBean.login}]
[Input parameters[{userName}:{},{password}:{password}]]
[Error in method {com.topcoder.confluence.webservice.bean.ConfluenceManagementServiceBean.login}:Details {userName should not be null.}]
java.lang.IllegalArgumentException: userName should not be null.
	at com.topcoder.confluence.webservice.Helper.checkNullAndLog(Helper.java:395)
	at com.topcoder.confluence.webservice.Helper.checkStringNullOrEmptyAndLog(Helper.java:419)
	at com.topcoder.confluence.webservice.bean.ConfluenceManagementServiceBean.login(ConfluenceManagementServiceBean.java:360)
	at com.topcoder.confluence.webservice.bean.ConfluenceManagementServiceBeanFailureTests.testLoginNullUserName(ConfluenceManagementServiceBeanFailureTests.java:81)
	at sun.reflect.NativeMethodAccessorImpl.invoke0(Native Method)
	at sun.reflect.NativeMethodAccessorImpl.invoke(Unknown Source)
	at sun.reflect.DelegatingMethodAccessorImpl.invoke(Unknown Source)
	at java.lang.reflect.Method.invoke(Unknown Source)
	at junit.framework.TestCase.runTest(TestCase.java:168)
	at junit.framework.TestCase.runBare(TestCase.java:134)
	at junit.framework.TestResult$1.protect(TestResult.java:110)
	at junit.framework.TestResult.runProtected(TestResult.java:128)
	at junit.framework.TestResult.run(TestResult.java:113)
	at junit.framework.TestCase.run(TestCase.java:124)
	at junit.framework.TestSuite.runTest(TestSuite.java:232)
	at junit.framework.TestSuite.run(TestSuite.java:227)
	at junit.framework.TestSuite.runTest(TestSuite.java:232)
	at junit.framework.TestSuite.run(TestSuite.java:227)
	at junit.framework.TestSuite.runTest(TestSuite.java:232)
	at junit.framework.TestSuite.run(TestSuite.java:227)
	at org.apache.tools.ant.taskdefs.optional.junit.JUnitTestRunner.run(JUnitTestRunner.java:421)
	at org.apache.tools.ant.taskdefs.optional.junit.JUnitTestRunner.launch(JUnitTestRunner.java:912)
	at org.apache.tools.ant.taskdefs.optional.junit.JUnitTestRunner.main(JUnitTestRunner.java:766)
[Entering method {com.topcoder.confluence.webservice.bean.ConfluenceManagementServiceBean.login}]
[Input parameters[{userName}:{ },{password}:{password}]]
[Error in method {com.topcoder.confluence.webservice.bean.ConfluenceManagementServiceBean.login}:Details {userName should not be empty.}]
java.lang.IllegalArgumentException: userName should not be empty.
	at com.topcoder.confluence.webservice.Helper.checkStringNullOrEmptyAndLog(Helper.java:422)
	at com.topcoder.confluence.webservice.bean.ConfluenceManagementServiceBean.login(ConfluenceManagementServiceBean.java:360)
	at com.topcoder.confluence.webservice.bean.ConfluenceManagementServiceBeanFailureTests.testLoginEmptyUserName(ConfluenceManagementServiceBeanFailureTests.java:97)
	at sun.reflect.NativeMethodAccessorImpl.invoke0(Native Method)
	at sun.reflect.NativeMethodAccessorImpl.invoke(Unknown Source)
	at sun.reflect.DelegatingMethodAccessorImpl.invoke(Unknown Source)
	at java.lang.reflect.Method.invoke(Unknown Source)
	at junit.framework.TestCase.runTest(TestCase.java:168)
	at junit.framework.TestCase.runBare(TestCase.java:134)
	at junit.framework.TestResult$1.protect(TestResult.java:110)
	at junit.framework.TestResult.runProtected(TestResult.java:128)
	at junit.framework.TestResult.run(TestResult.java:113)
	at junit.framework.TestCase.run(TestCase.java:124)
	at junit.framework.TestSuite.runTest(TestSuite.java:232)
	at junit.framework.TestSuite.run(TestSuite.java:227)
	at junit.framework.TestSuite.runTest(TestSuite.java:232)
	at junit.framework.TestSuite.run(TestSuite.java:227)
	at junit.framework.TestSuite.runTest(TestSuite.java:232)
	at junit.framework.TestSuite.run(TestSuite.java:227)
	at org.apache.tools.ant.taskdefs.optional.junit.JUnitTestRunner.run(JUnitTestRunner.java:421)
	at org.apache.tools.ant.taskdefs.optional.junit.JUnitTestRunner.launch(JUnitTestRunner.java:912)
	at org.apache.tools.ant.taskdefs.optional.junit.JUnitTestRunner.main(JUnitTestRunner.java:766)
[Entering method {com.topcoder.confluence.webservice.bean.ConfluenceManagementServiceBean.login}]
[Input parameters[{userName}:{userName},{password}:{}]]
[Error in method {com.topcoder.confluence.webservice.bean.ConfluenceManagementServiceBean.login}:Details {password should not be null.}]
java.lang.IllegalArgumentException: password should not be null.
	at com.topcoder.confluence.webservice.Helper.checkNullAndLog(Helper.java:395)
	at com.topcoder.confluence.webservice.Helper.checkStringNullOrEmptyAndLog(Helper.java:419)
	at com.topcoder.confluence.webservice.bean.ConfluenceManagementServiceBean.login(ConfluenceManagementServiceBean.java:361)
	at com.topcoder.confluence.webservice.bean.ConfluenceManagementServiceBeanFailureTests.testLoginNullPassword(ConfluenceManagementServiceBeanFailureTests.java:113)
	at sun.reflect.NativeMethodAccessorImpl.invoke0(Native Method)
	at sun.reflect.NativeMethodAccessorImpl.invoke(Unknown Source)
	at sun.reflect.DelegatingMethodAccessorImpl.invoke(Unknown Source)
	at java.lang.reflect.Method.invoke(Unknown Source)
	at junit.framework.TestCase.runTest(TestCase.java:168)
	at junit.framework.TestCase.runBare(TestCase.java:134)
	at junit.framework.TestResult$1.protect(TestResult.java:110)
	at junit.framework.TestResult.runProtected(TestResult.java:128)
	at junit.framework.TestResult.run(TestResult.java:113)
	at junit.framework.TestCase.run(TestCase.java:124)
	at junit.framework.TestSuite.runTest(TestSuite.java:232)
	at junit.framework.TestSuite.run(TestSuite.java:227)
	at junit.framework.TestSuite.runTest(TestSuite.java:232)
	at junit.framework.TestSuite.run(TestSuite.java:227)
	at junit.framework.TestSuite.runTest(TestSuite.java:232)
	at junit.framework.TestSuite.run(TestSuite.java:227)
	at org.apache.tools.ant.taskdefs.optional.junit.JUnitTestRunner.run(JUnitTestRunner.java:421)
	at org.apache.tools.ant.taskdefs.optional.junit.JUnitTestRunner.launch(JUnitTestRunner.java:912)
	at org.apache.tools.ant.taskdefs.optional.junit.JUnitTestRunner.main(JUnitTestRunner.java:766)
[Entering method {com.topcoder.confluence.webservice.bean.ConfluenceManagementServiceBean.login}]
[Input parameters[{userName}:{userName},{password}:{ }]]
[Error in method {com.topcoder.confluence.webservice.bean.ConfluenceManagementServiceBean.login}:Details {password should not be empty.}]
java.lang.IllegalArgumentException: password should not be empty.
	at com.topcoder.confluence.webservice.Helper.checkStringNullOrEmptyAndLog(Helper.java:422)
	at com.topcoder.confluence.webservice.bean.ConfluenceManagementServiceBean.login(ConfluenceManagementServiceBean.java:361)
	at com.topcoder.confluence.webservice.bean.ConfluenceManagementServiceBeanFailureTests.testLoginEmptyPassword(ConfluenceManagementServiceBeanFailureTests.java:129)
	at sun.reflect.NativeMethodAccessorImpl.invoke0(Native Method)
	at sun.reflect.NativeMethodAccessorImpl.invoke(Unknown Source)
	at sun.reflect.DelegatingMethodAccessorImpl.invoke(Unknown Source)
	at java.lang.reflect.Method.invoke(Unknown Source)
	at junit.framework.TestCase.runTest(TestCase.java:168)
	at junit.framework.TestCase.runBare(TestCase.java:134)
	at junit.framework.TestResult$1.protect(TestResult.java:110)
	at junit.framework.TestResult.runProtected(TestResult.java:128)
	at junit.framework.TestResult.run(TestResult.java:113)
	at junit.framework.TestCase.run(TestCase.java:124)
	at junit.framework.TestSuite.runTest(TestSuite.java:232)
	at junit.framework.TestSuite.run(TestSuite.java:227)
	at junit.framework.TestSuite.runTest(TestSuite.java:232)
	at junit.framework.TestSuite.run(TestSuite.java:227)
	at junit.framework.TestSuite.runTest(TestSuite.java:232)
	at junit.framework.TestSuite.run(TestSuite.java:227)
	at org.apache.tools.ant.taskdefs.optional.junit.JUnitTestRunner.run(JUnitTestRunner.java:421)
	at org.apache.tools.ant.taskdefs.optional.junit.JUnitTestRunner.launch(JUnitTestRunner.java:912)
	at org.apache.tools.ant.taskdefs.optional.junit.JUnitTestRunner.main(JUnitTestRunner.java:766)
[Entering method {com.topcoder.confluence.webservice.bean.ConfluenceManagementServiceBean.logout}]
[Input parameters[{token}:{}]]
[Error in method {com.topcoder.confluence.webservice.bean.ConfluenceManagementServiceBean.logout}:Details {token should not be null.}]
java.lang.IllegalArgumentException: token should not be null.
	at com.topcoder.confluence.webservice.Helper.checkNullAndLog(Helper.java:395)
	at com.topcoder.confluence.webservice.bean.ConfluenceManagementServiceBean.logout(ConfluenceManagementServiceBean.java:401)
	at com.topcoder.confluence.webservice.bean.ConfluenceManagementServiceBeanFailureTests.testLogoutNullToken(ConfluenceManagementServiceBeanFailureTests.java:145)
	at sun.reflect.NativeMethodAccessorImpl.invoke0(Native Method)
	at sun.reflect.NativeMethodAccessorImpl.invoke(Unknown Source)
	at sun.reflect.DelegatingMethodAccessorImpl.invoke(Unknown Source)
	at java.lang.reflect.Method.invoke(Unknown Source)
	at junit.framework.TestCase.runTest(TestCase.java:168)
	at junit.framework.TestCase.runBare(TestCase.java:134)
	at junit.framework.TestResult$1.protect(TestResult.java:110)
	at junit.framework.TestResult.runProtected(TestResult.java:128)
	at junit.framework.TestResult.run(TestResult.java:113)
	at junit.framework.TestCase.run(TestCase.java:124)
	at junit.framework.TestSuite.runTest(TestSuite.java:232)
	at junit.framework.TestSuite.run(TestSuite.java:227)
	at junit.framework.TestSuite.runTest(TestSuite.java:232)
	at junit.framework.TestSuite.run(TestSuite.java:227)
	at junit.framework.TestSuite.runTest(TestSuite.java:232)
	at junit.framework.TestSuite.run(TestSuite.java:227)
	at org.apache.tools.ant.taskdefs.optional.junit.JUnitTestRunner.run(JUnitTestRunner.java:421)
	at org.apache.tools.ant.taskdefs.optional.junit.JUnitTestRunner.launch(JUnitTestRunner.java:912)
	at org.apache.tools.ant.taskdefs.optional.junit.JUnitTestRunner.main(JUnitTestRunner.java:766)
[Entering method {com.topcoder.confluence.webservice.bean.ConfluenceManagementServiceBean.createPage}]
[Input parameters[{token}:{},{page}:{basePageUrl:,versionUrl:,assetName:,version:,applicationCode:,content:,assetType:,catalog:,componentType:}]]
[Error in method {com.topcoder.confluence.webservice.bean.ConfluenceManagementServiceBean.createPage}:Details {token should not be null.}]
java.lang.IllegalArgumentException: token should not be null.
	at com.topcoder.confluence.webservice.Helper.checkNullAndLog(Helper.java:395)
	at com.topcoder.confluence.webservice.bean.ConfluenceManagementServiceBean.createPage(ConfluenceManagementServiceBean.java:560)
	at com.topcoder.confluence.webservice.bean.ConfluenceManagementServiceBeanFailureTests.testCreatePageNullToken(ConfluenceManagementServiceBeanFailureTests.java:161)
	at sun.reflect.NativeMethodAccessorImpl.invoke0(Native Method)
	at sun.reflect.NativeMethodAccessorImpl.invoke(Unknown Source)
	at sun.reflect.DelegatingMethodAccessorImpl.invoke(Unknown Source)
	at java.lang.reflect.Method.invoke(Unknown Source)
	at junit.framework.TestCase.runTest(TestCase.java:168)
	at junit.framework.TestCase.runBare(TestCase.java:134)
	at junit.framework.TestResult$1.protect(TestResult.java:110)
	at junit.framework.TestResult.runProtected(TestResult.java:128)
	at junit.framework.TestResult.run(TestResult.java:113)
	at junit.framework.TestCase.run(TestCase.java:124)
	at junit.framework.TestSuite.runTest(TestSuite.java:232)
	at junit.framework.TestSuite.run(TestSuite.java:227)
	at junit.framework.TestSuite.runTest(TestSuite.java:232)
	at junit.framework.TestSuite.run(TestSuite.java:227)
	at junit.framework.TestSuite.runTest(TestSuite.java:232)
	at junit.framework.TestSuite.run(TestSuite.java:227)
	at org.apache.tools.ant.taskdefs.optional.junit.JUnitTestRunner.run(JUnitTestRunner.java:421)
	at org.apache.tools.ant.taskdefs.optional.junit.JUnitTestRunner.launch(JUnitTestRunner.java:912)
	at org.apache.tools.ant.taskdefs.optional.junit.JUnitTestRunner.main(JUnitTestRunner.java:766)
[Entering method {com.topcoder.confluence.webservice.bean.ConfluenceManagementServiceBean.createPage}]
[Input parameters[{token}:{token},{page}:{}]]
[Error in method {com.topcoder.confluence.webservice.bean.ConfluenceManagementServiceBean.createPage}:Details {page should not be null.}]
java.lang.IllegalArgumentException: page should not be null.
	at com.topcoder.confluence.webservice.Helper.checkNullAndLog(Helper.java:395)
	at com.topcoder.confluence.webservice.bean.ConfluenceManagementServiceBean.createPage(ConfluenceManagementServiceBean.java:561)
	at com.topcoder.confluence.webservice.bean.ConfluenceManagementServiceBeanFailureTests.testCreatePageNullPage(ConfluenceManagementServiceBeanFailureTests.java:177)
	at sun.reflect.NativeMethodAccessorImpl.invoke0(Native Method)
	at sun.reflect.NativeMethodAccessorImpl.invoke(Unknown Source)
	at sun.reflect.DelegatingMethodAccessorImpl.invoke(Unknown Source)
	at java.lang.reflect.Method.invoke(Unknown Source)
	at junit.framework.TestCase.runTest(TestCase.java:168)
	at junit.framework.TestCase.runBare(TestCase.java:134)
	at junit.framework.TestResult$1.protect(TestResult.java:110)
	at junit.framework.TestResult.runProtected(TestResult.java:128)
	at junit.framework.TestResult.run(TestResult.java:113)
	at junit.framework.TestCase.run(TestCase.java:124)
	at junit.framework.TestSuite.runTest(TestSuite.java:232)
	at junit.framework.TestSuite.run(TestSuite.java:227)
	at junit.framework.TestSuite.runTest(TestSuite.java:232)
	at junit.framework.TestSuite.run(TestSuite.java:227)
	at junit.framework.TestSuite.runTest(TestSuite.java:232)
	at junit.framework.TestSuite.run(TestSuite.java:227)
	at org.apache.tools.ant.taskdefs.optional.junit.JUnitTestRunner.run(JUnitTestRunner.java:421)
	at org.apache.tools.ant.taskdefs.optional.junit.JUnitTestRunner.launch(JUnitTestRunner.java:912)
	at org.apache.tools.ant.taskdefs.optional.junit.JUnitTestRunner.main(JUnitTestRunner.java:766)
[Entering method {com.topcoder.confluence.webservice.bean.ConfluenceManagementServiceBean.createPage}]
[Input parameters[{token}:{},{pageName}:{pageName},{version}:{1.1},{assetType}:{APPLICATION_ARCHITECTURE},{catalog}:{DOT_NET},{componentType}:{CUSTOM}]]
[Error in method {com.topcoder.confluence.webservice.bean.ConfluenceManagementServiceBean.createPage}:Details {token should not be null.}]
java.lang.IllegalArgumentException: token should not be null.
	at com.topcoder.confluence.webservice.Helper.checkNullAndLog(Helper.java:395)
	at com.topcoder.confluence.webservice.bean.ConfluenceManagementServiceBean.createPage(ConfluenceManagementServiceBean.java:454)
	at com.topcoder.confluence.webservice.bean.ConfluenceManagementServiceBeanFailureTests.testCreatePage2NullToken(ConfluenceManagementServiceBeanFailureTests.java:194)
	at sun.reflect.NativeMethodAccessorImpl.invoke0(Native Method)
	at sun.reflect.NativeMethodAccessorImpl.invoke(Unknown Source)
	at sun.reflect.DelegatingMethodAccessorImpl.invoke(Unknown Source)
	at java.lang.reflect.Method.invoke(Unknown Source)
	at junit.framework.TestCase.runTest(TestCase.java:168)
	at junit.framework.TestCase.runBare(TestCase.java:134)
	at junit.framework.TestResult$1.protect(TestResult.java:110)
	at junit.framework.TestResult.runProtected(TestResult.java:128)
	at junit.framework.TestResult.run(TestResult.java:113)
	at junit.framework.TestCase.run(TestCase.java:124)
	at junit.framework.TestSuite.runTest(TestSuite.java:232)
	at junit.framework.TestSuite.run(TestSuite.java:227)
	at junit.framework.TestSuite.runTest(TestSuite.java:232)
	at junit.framework.TestSuite.run(TestSuite.java:227)
	at junit.framework.TestSuite.runTest(TestSuite.java:232)
	at junit.framework.TestSuite.run(TestSuite.java:227)
	at org.apache.tools.ant.taskdefs.optional.junit.JUnitTestRunner.run(JUnitTestRunner.java:421)
	at org.apache.tools.ant.taskdefs.optional.junit.JUnitTestRunner.launch(JUnitTestRunner.java:912)
	at org.apache.tools.ant.taskdefs.optional.junit.JUnitTestRunner.main(JUnitTestRunner.java:766)
[Entering method {com.topcoder.confluence.webservice.bean.ConfluenceManagementServiceBean.createPage}]
[Input parameters[{token}:{token},{pageName}:{},{version}:{1.1},{assetType}:{APPLICATION_ARCHITECTURE},{catalog}:{DOT_NET},{componentType}:{CUSTOM}]]
[Error in method {com.topcoder.confluence.webservice.bean.ConfluenceManagementServiceBean.createPage}:Details {pageName should not be null.}]
java.lang.IllegalArgumentException: pageName should not be null.
	at com.topcoder.confluence.webservice.Helper.checkNullAndLog(Helper.java:395)
	at com.topcoder.confluence.webservice.Helper.checkStringNullOrEmptyAndLog(Helper.java:419)
	at com.topcoder.confluence.webservice.bean.ConfluenceManagementServiceBean.createPage(ConfluenceManagementServiceBean.java:455)
	at com.topcoder.confluence.webservice.bean.ConfluenceManagementServiceBeanFailureTests.testCreatePage2NullPageName(ConfluenceManagementServiceBeanFailureTests.java:212)
	at sun.reflect.NativeMethodAccessorImpl.invoke0(Native Method)
	at sun.reflect.NativeMethodAccessorImpl.invoke(Unknown Source)
	at sun.reflect.DelegatingMethodAccessorImpl.invoke(Unknown Source)
	at java.lang.reflect.Method.invoke(Unknown Source)
	at junit.framework.TestCase.runTest(TestCase.java:168)
	at junit.framework.TestCase.runBare(TestCase.java:134)
	at junit.framework.TestResult$1.protect(TestResult.java:110)
	at junit.framework.TestResult.runProtected(TestResult.java:128)
	at junit.framework.TestResult.run(TestResult.java:113)
	at junit.framework.TestCase.run(TestCase.java:124)
	at junit.framework.TestSuite.runTest(TestSuite.java:232)
	at junit.framework.TestSuite.run(TestSuite.java:227)
	at junit.framework.TestSuite.runTest(TestSuite.java:232)
	at junit.framework.TestSuite.run(TestSuite.java:227)
	at junit.framework.TestSuite.runTest(TestSuite.java:232)
	at junit.framework.TestSuite.run(TestSuite.java:227)
	at org.apache.tools.ant.taskdefs.optional.junit.JUnitTestRunner.run(JUnitTestRunner.java:421)
	at org.apache.tools.ant.taskdefs.optional.junit.JUnitTestRunner.launch(JUnitTestRunner.java:912)
	at org.apache.tools.ant.taskdefs.optional.junit.JUnitTestRunner.main(JUnitTestRunner.java:766)
[Entering method {com.topcoder.confluence.webservice.bean.ConfluenceManagementServiceBean.createPage}]
[Input parameters[{token}:{token},{pageName}:{ },{version}:{1.1},{assetType}:{APPLICATION_ARCHITECTURE},{catalog}:{DOT_NET},{componentType}:{CUSTOM}]]
[Error in method {com.topcoder.confluence.webservice.bean.ConfluenceManagementServiceBean.createPage}:Details {pageName should not be empty.}]
java.lang.IllegalArgumentException: pageName should not be empty.
	at com.topcoder.confluence.webservice.Helper.checkStringNullOrEmptyAndLog(Helper.java:422)
	at com.topcoder.confluence.webservice.bean.ConfluenceManagementServiceBean.createPage(ConfluenceManagementServiceBean.java:455)
	at com.topcoder.confluence.webservice.bean.ConfluenceManagementServiceBeanFailureTests.testCreatePage2EmptyPageName(ConfluenceManagementServiceBeanFailureTests.java:230)
	at sun.reflect.NativeMethodAccessorImpl.invoke0(Native Method)
	at sun.reflect.NativeMethodAccessorImpl.invoke(Unknown Source)
	at sun.reflect.DelegatingMethodAccessorImpl.invoke(Unknown Source)
	at java.lang.reflect.Method.invoke(Unknown Source)
	at junit.framework.TestCase.runTest(TestCase.java:168)
	at junit.framework.TestCase.runBare(TestCase.java:134)
	at junit.framework.TestResult$1.protect(TestResult.java:110)
	at junit.framework.TestResult.runProtected(TestResult.java:128)
	at junit.framework.TestResult.run(TestResult.java:113)
	at junit.framework.TestCase.run(TestCase.java:124)
	at junit.framework.TestSuite.runTest(TestSuite.java:232)
	at junit.framework.TestSuite.run(TestSuite.java:227)
	at junit.framework.TestSuite.runTest(TestSuite.java:232)
	at junit.framework.TestSuite.run(TestSuite.java:227)
	at junit.framework.TestSuite.runTest(TestSuite.java:232)
	at junit.framework.TestSuite.run(TestSuite.java:227)
	at org.apache.tools.ant.taskdefs.optional.junit.JUnitTestRunner.run(JUnitTestRunner.java:421)
	at org.apache.tools.ant.taskdefs.optional.junit.JUnitTestRunner.launch(JUnitTestRunner.java:912)
	at org.apache.tools.ant.taskdefs.optional.junit.JUnitTestRunner.main(JUnitTestRunner.java:766)
[Entering method {com.topcoder.confluence.webservice.bean.ConfluenceManagementServiceBean.createPage}]
[Input parameters[{token}:{token},{pageName}:{pageName},{version}:{},{assetType}:{APPLICATION_ARCHITECTURE},{catalog}:{DOT_NET},{componentType}:{CUSTOM}]]
[Error in method {com.topcoder.confluence.webservice.bean.ConfluenceManagementServiceBean.createPage}:Details {version should not be null.}]
java.lang.IllegalArgumentException: version should not be null.
	at com.topcoder.confluence.webservice.Helper.checkNullAndLog(Helper.java:395)
	at com.topcoder.confluence.webservice.Helper.checkStringNullOrEmptyAndLog(Helper.java:419)
	at com.topcoder.confluence.webservice.bean.ConfluenceManagementServiceBean.createPage(ConfluenceManagementServiceBean.java:456)
	at com.topcoder.confluence.webservice.bean.ConfluenceManagementServiceBeanFailureTests.testCreatePage2NullVersion(ConfluenceManagementServiceBeanFailureTests.java:248)
	at sun.reflect.NativeMethodAccessorImpl.invoke0(Native Method)
	at sun.reflect.NativeMethodAccessorImpl.invoke(Unknown Source)
	at sun.reflect.DelegatingMethodAccessorImpl.invoke(Unknown Source)
	at java.lang.reflect.Method.invoke(Unknown Source)
	at junit.framework.TestCase.runTest(TestCase.java:168)
	at junit.framework.TestCase.runBare(TestCase.java:134)
	at junit.framework.TestResult$1.protect(TestResult.java:110)
	at junit.framework.TestResult.runProtected(TestResult.java:128)
	at junit.framework.TestResult.run(TestResult.java:113)
	at junit.framework.TestCase.run(TestCase.java:124)
	at junit.framework.TestSuite.runTest(TestSuite.java:232)
	at junit.framework.TestSuite.run(TestSuite.java:227)
	at junit.framework.TestSuite.runTest(TestSuite.java:232)
	at junit.framework.TestSuite.run(TestSuite.java:227)
	at junit.framework.TestSuite.runTest(TestSuite.java:232)
	at junit.framework.TestSuite.run(TestSuite.java:227)
	at org.apache.tools.ant.taskdefs.optional.junit.JUnitTestRunner.run(JUnitTestRunner.java:421)
	at org.apache.tools.ant.taskdefs.optional.junit.JUnitTestRunner.launch(JUnitTestRunner.java:912)
	at org.apache.tools.ant.taskdefs.optional.junit.JUnitTestRunner.main(JUnitTestRunner.java:766)
[Entering method {com.topcoder.confluence.webservice.bean.ConfluenceManagementServiceBean.createPage}]
[Input parameters[{token}:{token},{pageName}:{pageName},{version}:{ },{assetType}:{APPLICATION_ARCHITECTURE},{catalog}:{DOT_NET},{componentType}:{CUSTOM}]]
[Error in method {com.topcoder.confluence.webservice.bean.ConfluenceManagementServiceBean.createPage}:Details {version should not be empty.}]
java.lang.IllegalArgumentException: version should not be empty.
	at com.topcoder.confluence.webservice.Helper.checkStringNullOrEmptyAndLog(Helper.java:422)
	at com.topcoder.confluence.webservice.bean.ConfluenceManagementServiceBean.createPage(ConfluenceManagementServiceBean.java:456)
	at com.topcoder.confluence.webservice.bean.ConfluenceManagementServiceBeanFailureTests.testCreatePage2EmptyVersion(ConfluenceManagementServiceBeanFailureTests.java:266)
	at sun.reflect.NativeMethodAccessorImpl.invoke0(Native Method)
	at sun.reflect.NativeMethodAccessorImpl.invoke(Unknown Source)
	at sun.reflect.DelegatingMethodAccessorImpl.invoke(Unknown Source)
	at java.lang.reflect.Method.invoke(Unknown Source)
	at junit.framework.TestCase.runTest(TestCase.java:168)
	at junit.framework.TestCase.runBare(TestCase.java:134)
	at junit.framework.TestResult$1.protect(TestResult.java:110)
	at junit.framework.TestResult.runProtected(TestResult.java:128)
	at junit.framework.TestResult.run(TestResult.java:113)
	at junit.framework.TestCase.run(TestCase.java:124)
	at junit.framework.TestSuite.runTest(TestSuite.java:232)
	at junit.framework.TestSuite.run(TestSuite.java:227)
	at junit.framework.TestSuite.runTest(TestSuite.java:232)
	at junit.framework.TestSuite.run(TestSuite.java:227)
	at junit.framework.TestSuite.runTest(TestSuite.java:232)
	at junit.framework.TestSuite.run(TestSuite.java:227)
	at org.apache.tools.ant.taskdefs.optional.junit.JUnitTestRunner.run(JUnitTestRunner.java:421)
	at org.apache.tools.ant.taskdefs.optional.junit.JUnitTestRunner.launch(JUnitTestRunner.java:912)
	at org.apache.tools.ant.taskdefs.optional.junit.JUnitTestRunner.main(JUnitTestRunner.java:766)
[Entering method {com.topcoder.confluence.webservice.bean.ConfluenceManagementServiceBean.createPage}]
[Input parameters[{token}:{token},{pageName}:{pageName},{version}:{1.1},{assetType}:{},{catalog}:{DOT_NET},{componentType}:{CUSTOM}]]
[Error in method {com.topcoder.confluence.webservice.bean.ConfluenceManagementServiceBean.createPage}:Details {assetType should not be null.}]
java.lang.IllegalArgumentException: assetType should not be null.
	at com.topcoder.confluence.webservice.Helper.checkNullAndLog(Helper.java:395)
	at com.topcoder.confluence.webservice.bean.ConfluenceManagementServiceBean.createPage(ConfluenceManagementServiceBean.java:457)
	at com.topcoder.confluence.webservice.bean.ConfluenceManagementServiceBeanFailureTests.testCreatePage2NullAssertType(ConfluenceManagementServiceBeanFailureTests.java:284)
	at sun.reflect.NativeMethodAccessorImpl.invoke0(Native Method)
	at sun.reflect.NativeMethodAccessorImpl.invoke(Unknown Source)
	at sun.reflect.DelegatingMethodAccessorImpl.invoke(Unknown Source)
	at java.lang.reflect.Method.invoke(Unknown Source)
	at junit.framework.TestCase.runTest(TestCase.java:168)
	at junit.framework.TestCase.runBare(TestCase.java:134)
	at junit.framework.TestResult$1.protect(TestResult.java:110)
	at junit.framework.TestResult.runProtected(TestResult.java:128)
	at junit.framework.TestResult.run(TestResult.java:113)
	at junit.framework.TestCase.run(TestCase.java:124)
	at junit.framework.TestSuite.runTest(TestSuite.java:232)
	at junit.framework.TestSuite.run(TestSuite.java:227)
	at junit.framework.TestSuite.runTest(TestSuite.java:232)
	at junit.framework.TestSuite.run(TestSuite.java:227)
	at junit.framework.TestSuite.runTest(TestSuite.java:232)
	at junit.framework.TestSuite.run(TestSuite.java:227)
	at org.apache.tools.ant.taskdefs.optional.junit.JUnitTestRunner.run(JUnitTestRunner.java:421)
	at org.apache.tools.ant.taskdefs.optional.junit.JUnitTestRunner.launch(JUnitTestRunner.java:912)
	at org.apache.tools.ant.taskdefs.optional.junit.JUnitTestRunner.main(JUnitTestRunner.java:766)
[Entering method {com.topcoder.confluence.webservice.bean.ConfluenceManagementServiceBean.createPage}]
[Input parameters[{token}:{token},{pageName}:{pageName},{version}:{1.1},{assetType}:{APPLICATION_TESTING},{catalog}:{},{componentType}:{CUSTOM}]]
[Error in method {com.topcoder.confluence.webservice.bean.ConfluenceManagementServiceBean.createPage}:Details {catalog should not be null.}]
java.lang.IllegalArgumentException: catalog should not be null.
	at com.topcoder.confluence.webservice.Helper.checkNullAndLog(Helper.java:395)
	at com.topcoder.confluence.webservice.bean.ConfluenceManagementServiceBean.createPage(ConfluenceManagementServiceBean.java:458)
	at com.topcoder.confluence.webservice.bean.ConfluenceManagementServiceBeanFailureTests.testCreatePage2NullCatalog(ConfluenceManagementServiceBeanFailureTests.java:301)
	at sun.reflect.NativeMethodAccessorImpl.invoke0(Native Method)
	at sun.reflect.NativeMethodAccessorImpl.invoke(Unknown Source)
	at sun.reflect.DelegatingMethodAccessorImpl.invoke(Unknown Source)
	at java.lang.reflect.Method.invoke(Unknown Source)
	at junit.framework.TestCase.runTest(TestCase.java:168)
	at junit.framework.TestCase.runBare(TestCase.java:134)
	at junit.framework.TestResult$1.protect(TestResult.java:110)
	at junit.framework.TestResult.runProtected(TestResult.java:128)
	at junit.framework.TestResult.run(TestResult.java:113)
	at junit.framework.TestCase.run(TestCase.java:124)
	at junit.framework.TestSuite.runTest(TestSuite.java:232)
	at junit.framework.TestSuite.run(TestSuite.java:227)
	at junit.framework.TestSuite.runTest(TestSuite.java:232)
	at junit.framework.TestSuite.run(TestSuite.java:227)
	at junit.framework.TestSuite.runTest(TestSuite.java:232)
	at junit.framework.TestSuite.run(TestSuite.java:227)
	at org.apache.tools.ant.taskdefs.optional.junit.JUnitTestRunner.run(JUnitTestRunner.java:421)
	at org.apache.tools.ant.taskdefs.optional.junit.JUnitTestRunner.launch(JUnitTestRunner.java:912)
	at org.apache.tools.ant.taskdefs.optional.junit.JUnitTestRunner.main(JUnitTestRunner.java:766)
[Entering method {com.topcoder.confluence.webservice.bean.ConfluenceManagementServiceBean.createPage}]
[Input parameters[{token}:{token},{pageName}:{pageName},{version}:{1.1},{assetType}:{APPLICATION_TESTING},{catalog}:{DOT_NET},{componentType}:{}]]
[Error in method {com.topcoder.confluence.webservice.bean.ConfluenceManagementServiceBean.createPage}:Details {componentType should not be null.}]
java.lang.IllegalArgumentException: componentType should not be null.
	at com.topcoder.confluence.webservice.Helper.checkNullAndLog(Helper.java:395)
	at com.topcoder.confluence.webservice.bean.ConfluenceManagementServiceBean.createPage(ConfluenceManagementServiceBean.java:459)
	at com.topcoder.confluence.webservice.bean.ConfluenceManagementServiceBeanFailureTests.testCreatePage2NullComponentType(ConfluenceManagementServiceBeanFailureTests.java:319)
	at sun.reflect.NativeMethodAccessorImpl.invoke0(Native Method)
	at sun.reflect.NativeMethodAccessorImpl.invoke(Unknown Source)
	at sun.reflect.DelegatingMethodAccessorImpl.invoke(Unknown Source)
	at java.lang.reflect.Method.invoke(Unknown Source)
	at junit.framework.TestCase.runTest(TestCase.java:168)
	at junit.framework.TestCase.runBare(TestCase.java:134)
	at junit.framework.TestResult$1.protect(TestResult.java:110)
	at junit.framework.TestResult.runProtected(TestResult.java:128)
	at junit.framework.TestResult.run(TestResult.java:113)
	at junit.framework.TestCase.run(TestCase.java:124)
	at junit.framework.TestSuite.runTest(TestSuite.java:232)
	at junit.framework.TestSuite.run(TestSuite.java:227)
	at junit.framework.TestSuite.runTest(TestSuite.java:232)
	at junit.framework.TestSuite.run(TestSuite.java:227)
	at junit.framework.TestSuite.runTest(TestSuite.java:232)
	at junit.framework.TestSuite.run(TestSuite.java:227)
	at org.apache.tools.ant.taskdefs.optional.junit.JUnitTestRunner.run(JUnitTestRunner.java:421)
	at org.apache.tools.ant.taskdefs.optional.junit.JUnitTestRunner.launch(JUnitTestRunner.java:912)
	at org.apache.tools.ant.taskdefs.optional.junit.JUnitTestRunner.main(JUnitTestRunner.java:766)
[Entering method {com.topcoder.confluence.webservice.bean.ConfluenceManagementServiceBean.createPage}]
[Input parameters[{token}:{},{pageName}:{pageName},{version}:{1.1},{assetType}:{APPLICATION_ARCHITECTURE},{catalog}:{DOT_NET},{applicationCode}:{applicationCode}]]
[Error in method {com.topcoder.confluence.webservice.bean.ConfluenceManagementServiceBean.createPage}:Details {token should not be null.}]
java.lang.IllegalArgumentException: token should not be null.
	at com.topcoder.confluence.webservice.Helper.checkNullAndLog(Helper.java:395)
	at com.topcoder.confluence.webservice.bean.ConfluenceManagementServiceBean.createPage(ConfluenceManagementServiceBean.java:512)
	at com.topcoder.confluence.webservice.bean.ConfluenceManagementServiceBeanFailureTests.testCreatePage3NullToken(ConfluenceManagementServiceBeanFailureTests.java:337)
	at sun.reflect.NativeMethodAccessorImpl.invoke0(Native Method)
	at sun.reflect.NativeMethodAccessorImpl.invoke(Unknown Source)
	at sun.reflect.DelegatingMethodAccessorImpl.invoke(Unknown Source)
	at java.lang.reflect.Method.invoke(Unknown Source)
	at junit.framework.TestCase.runTest(TestCase.java:168)
	at junit.framework.TestCase.runBare(TestCase.java:134)
	at junit.framework.TestResult$1.protect(TestResult.java:110)
	at junit.framework.TestResult.runProtected(TestResult.java:128)
	at junit.framework.TestResult.run(TestResult.java:113)
	at junit.framework.TestCase.run(TestCase.java:124)
	at junit.framework.TestSuite.runTest(TestSuite.java:232)
	at junit.framework.TestSuite.run(TestSuite.java:227)
	at junit.framework.TestSuite.runTest(TestSuite.java:232)
	at junit.framework.TestSuite.run(TestSuite.java:227)
	at junit.framework.TestSuite.runTest(TestSuite.java:232)
	at junit.framework.TestSuite.run(TestSuite.java:227)
	at org.apache.tools.ant.taskdefs.optional.junit.JUnitTestRunner.run(JUnitTestRunner.java:421)
	at org.apache.tools.ant.taskdefs.optional.junit.JUnitTestRunner.launch(JUnitTestRunner.java:912)
	at org.apache.tools.ant.taskdefs.optional.junit.JUnitTestRunner.main(JUnitTestRunner.java:766)
[Entering method {com.topcoder.confluence.webservice.bean.ConfluenceManagementServiceBean.createPage}]
[Input parameters[{token}:{token},{pageName}:{},{version}:{1.1},{assetType}:{APPLICATION_ARCHITECTURE},{catalog}:{DOT_NET},{applicationCode}:{applicationCode}]]
[Error in method {com.topcoder.confluence.webservice.bean.ConfluenceManagementServiceBean.createPage}:Details {pageName should not be null.}]
java.lang.IllegalArgumentException: pageName should not be null.
	at com.topcoder.confluence.webservice.Helper.checkNullAndLog(Helper.java:395)
	at com.topcoder.confluence.webservice.Helper.checkStringNullOrEmptyAndLog(Helper.java:419)
	at com.topcoder.confluence.webservice.bean.ConfluenceManagementServiceBean.createPage(ConfluenceManagementServiceBean.java:513)
	at com.topcoder.confluence.webservice.bean.ConfluenceManagementServiceBeanFailureTests.testCreatePage3NullPageName(ConfluenceManagementServiceBeanFailureTests.java:355)
	at sun.reflect.NativeMethodAccessorImpl.invoke0(Native Method)
	at sun.reflect.NativeMethodAccessorImpl.invoke(Unknown Source)
	at sun.reflect.DelegatingMethodAccessorImpl.invoke(Unknown Source)
	at java.lang.reflect.Method.invoke(Unknown Source)
	at junit.framework.TestCase.runTest(TestCase.java:168)
	at junit.framework.TestCase.runBare(TestCase.java:134)
	at junit.framework.TestResult$1.protect(TestResult.java:110)
	at junit.framework.TestResult.runProtected(TestResult.java:128)
	at junit.framework.TestResult.run(TestResult.java:113)
	at junit.framework.TestCase.run(TestCase.java:124)
	at junit.framework.TestSuite.runTest(TestSuite.java:232)
	at junit.framework.TestSuite.run(TestSuite.java:227)
	at junit.framework.TestSuite.runTest(TestSuite.java:232)
	at junit.framework.TestSuite.run(TestSuite.java:227)
	at junit.framework.TestSuite.runTest(TestSuite.java:232)
	at junit.framework.TestSuite.run(TestSuite.java:227)
	at org.apache.tools.ant.taskdefs.optional.junit.JUnitTestRunner.run(JUnitTestRunner.java:421)
	at org.apache.tools.ant.taskdefs.optional.junit.JUnitTestRunner.launch(JUnitTestRunner.java:912)
	at org.apache.tools.ant.taskdefs.optional.junit.JUnitTestRunner.main(JUnitTestRunner.java:766)
[Entering method {com.topcoder.confluence.webservice.bean.ConfluenceManagementServiceBean.createPage}]
[Input parameters[{token}:{token},{pageName}:{ },{version}:{1.1},{assetType}:{APPLICATION_ARCHITECTURE},{catalog}:{DOT_NET},{applicationCode}:{applicationCode}]]
[Error in method {com.topcoder.confluence.webservice.bean.ConfluenceManagementServiceBean.createPage}:Details {pageName should not be empty.}]
java.lang.IllegalArgumentException: pageName should not be empty.
	at com.topcoder.confluence.webservice.Helper.checkStringNullOrEmptyAndLog(Helper.java:422)
	at com.topcoder.confluence.webservice.bean.ConfluenceManagementServiceBean.createPage(ConfluenceManagementServiceBean.java:513)
	at com.topcoder.confluence.webservice.bean.ConfluenceManagementServiceBeanFailureTests.testCreatePage3EmptyPageName(ConfluenceManagementServiceBeanFailureTests.java:373)
	at sun.reflect.NativeMethodAccessorImpl.invoke0(Native Method)
	at sun.reflect.NativeMethodAccessorImpl.invoke(Unknown Source)
	at sun.reflect.DelegatingMethodAccessorImpl.invoke(Unknown Source)
	at java.lang.reflect.Method.invoke(Unknown Source)
	at junit.framework.TestCase.runTest(TestCase.java:168)
	at junit.framework.TestCase.runBare(TestCase.java:134)
	at junit.framework.TestResult$1.protect(TestResult.java:110)
	at junit.framework.TestResult.runProtected(TestResult.java:128)
	at junit.framework.TestResult.run(TestResult.java:113)
	at junit.framework.TestCase.run(TestCase.java:124)
	at junit.framework.TestSuite.runTest(TestSuite.java:232)
	at junit.framework.TestSuite.run(TestSuite.java:227)
	at junit.framework.TestSuite.runTest(TestSuite.java:232)
	at junit.framework.TestSuite.run(TestSuite.java:227)
	at junit.framework.TestSuite.runTest(TestSuite.java:232)
	at junit.framework.TestSuite.run(TestSuite.java:227)
	at org.apache.tools.ant.taskdefs.optional.junit.JUnitTestRunner.run(JUnitTestRunner.java:421)
	at org.apache.tools.ant.taskdefs.optional.junit.JUnitTestRunner.launch(JUnitTestRunner.java:912)
	at org.apache.tools.ant.taskdefs.optional.junit.JUnitTestRunner.main(JUnitTestRunner.java:766)
[Entering method {com.topcoder.confluence.webservice.bean.ConfluenceManagementServiceBean.createPage}]
[Input parameters[{token}:{token},{pageName}:{pageName},{version}:{},{assetType}:{APPLICATION_ARCHITECTURE},{catalog}:{DOT_NET},{applicationCode}:{applicationCode}]]
[Error in method {com.topcoder.confluence.webservice.bean.ConfluenceManagementServiceBean.createPage}:Details {version should not be null.}]
java.lang.IllegalArgumentException: version should not be null.
	at com.topcoder.confluence.webservice.Helper.checkNullAndLog(Helper.java:395)
	at com.topcoder.confluence.webservice.Helper.checkStringNullOrEmptyAndLog(Helper.java:419)
	at com.topcoder.confluence.webservice.bean.ConfluenceManagementServiceBean.createPage(ConfluenceManagementServiceBean.java:514)
	at com.topcoder.confluence.webservice.bean.ConfluenceManagementServiceBeanFailureTests.testCreatePage3NullVersion(ConfluenceManagementServiceBeanFailureTests.java:391)
	at sun.reflect.NativeMethodAccessorImpl.invoke0(Native Method)
	at sun.reflect.NativeMethodAccessorImpl.invoke(Unknown Source)
	at sun.reflect.DelegatingMethodAccessorImpl.invoke(Unknown Source)
	at java.lang.reflect.Method.invoke(Unknown Source)
	at junit.framework.TestCase.runTest(TestCase.java:168)
	at junit.framework.TestCase.runBare(TestCase.java:134)
	at junit.framework.TestResult$1.protect(TestResult.java:110)
	at junit.framework.TestResult.runProtected(TestResult.java:128)
	at junit.framework.TestResult.run(TestResult.java:113)
	at junit.framework.TestCase.run(TestCase.java:124)
	at junit.framework.TestSuite.runTest(TestSuite.java:232)
	at junit.framework.TestSuite.run(TestSuite.java:227)
	at junit.framework.TestSuite.runTest(TestSuite.java:232)
	at junit.framework.TestSuite.run(TestSuite.java:227)
	at junit.framework.TestSuite.runTest(TestSuite.java:232)
	at junit.framework.TestSuite.run(TestSuite.java:227)
	at org.apache.tools.ant.taskdefs.optional.junit.JUnitTestRunner.run(JUnitTestRunner.java:421)
	at org.apache.tools.ant.taskdefs.optional.junit.JUnitTestRunner.launch(JUnitTestRunner.java:912)
	at org.apache.tools.ant.taskdefs.optional.junit.JUnitTestRunner.main(JUnitTestRunner.java:766)
[Entering method {com.topcoder.confluence.webservice.bean.ConfluenceManagementServiceBean.createPage}]
[Input parameters[{token}:{token},{pageName}:{pageName},{version}:{ },{assetType}:{APPLICATION_ARCHITECTURE},{catalog}:{DOT_NET},{applicationCode}:{applicationCode}]]
[Error in method {com.topcoder.confluence.webservice.bean.ConfluenceManagementServiceBean.createPage}:Details {version should not be empty.}]
java.lang.IllegalArgumentException: version should not be empty.
	at com.topcoder.confluence.webservice.Helper.checkStringNullOrEmptyAndLog(Helper.java:422)
	at com.topcoder.confluence.webservice.bean.ConfluenceManagementServiceBean.createPage(ConfluenceManagementServiceBean.java:514)
	at com.topcoder.confluence.webservice.bean.ConfluenceManagementServiceBeanFailureTests.testCreatePage3EmptyVersion(ConfluenceManagementServiceBeanFailureTests.java:409)
	at sun.reflect.NativeMethodAccessorImpl.invoke0(Native Method)
	at sun.reflect.NativeMethodAccessorImpl.invoke(Unknown Source)
	at sun.reflect.DelegatingMethodAccessorImpl.invoke(Unknown Source)
	at java.lang.reflect.Method.invoke(Unknown Source)
	at junit.framework.TestCase.runTest(TestCase.java:168)
	at junit.framework.TestCase.runBare(TestCase.java:134)
	at junit.framework.TestResult$1.protect(TestResult.java:110)
	at junit.framework.TestResult.runProtected(TestResult.java:128)
	at junit.framework.TestResult.run(TestResult.java:113)
	at junit.framework.TestCase.run(TestCase.java:124)
	at junit.framework.TestSuite.runTest(TestSuite.java:232)
	at junit.framework.TestSuite.run(TestSuite.java:227)
	at junit.framework.TestSuite.runTest(TestSuite.java:232)
	at junit.framework.TestSuite.run(TestSuite.java:227)
	at junit.framework.TestSuite.runTest(TestSuite.java:232)
	at junit.framework.TestSuite.run(TestSuite.java:227)
	at org.apache.tools.ant.taskdefs.optional.junit.JUnitTestRunner.run(JUnitTestRunner.java:421)
	at org.apache.tools.ant.taskdefs.optional.junit.JUnitTestRunner.launch(JUnitTestRunner.java:912)
	at org.apache.tools.ant.taskdefs.optional.junit.JUnitTestRunner.main(JUnitTestRunner.java:766)
[Entering method {com.topcoder.confluence.webservice.bean.ConfluenceManagementServiceBean.createPage}]
[Input parameters[{token}:{token},{pageName}:{pageName},{version}:{1.1},{assetType}:{},{catalog}:{DOT_NET},{applicationCode}:{applicationCode}]]
[Error in method {com.topcoder.confluence.webservice.bean.ConfluenceManagementServiceBean.createPage}:Details {assetType should not be null.}]
java.lang.IllegalArgumentException: assetType should not be null.
	at com.topcoder.confluence.webservice.Helper.checkNullAndLog(Helper.java:395)
	at com.topcoder.confluence.webservice.bean.ConfluenceManagementServiceBean.createPage(ConfluenceManagementServiceBean.java:515)
	at com.topcoder.confluence.webservice.bean.ConfluenceManagementServiceBeanFailureTests.testCreatePage3NullAssertType(ConfluenceManagementServiceBeanFailureTests.java:427)
	at sun.reflect.NativeMethodAccessorImpl.invoke0(Native Method)
	at sun.reflect.NativeMethodAccessorImpl.invoke(Unknown Source)
	at sun.reflect.DelegatingMethodAccessorImpl.invoke(Unknown Source)
	at java.lang.reflect.Method.invoke(Unknown Source)
	at junit.framework.TestCase.runTest(TestCase.java:168)
	at junit.framework.TestCase.runBare(TestCase.java:134)
	at junit.framework.TestResult$1.protect(TestResult.java:110)
	at junit.framework.TestResult.runProtected(TestResult.java:128)
	at junit.framework.TestResult.run(TestResult.java:113)
	at junit.framework.TestCase.run(TestCase.java:124)
	at junit.framework.TestSuite.runTest(TestSuite.java:232)
	at junit.framework.TestSuite.run(TestSuite.java:227)
	at junit.framework.TestSuite.runTest(TestSuite.java:232)
	at junit.framework.TestSuite.run(TestSuite.java:227)
	at junit.framework.TestSuite.runTest(TestSuite.java:232)
	at junit.framework.TestSuite.run(TestSuite.java:227)
	at org.apache.tools.ant.taskdefs.optional.junit.JUnitTestRunner.run(JUnitTestRunner.java:421)
	at org.apache.tools.ant.taskdefs.optional.junit.JUnitTestRunner.launch(JUnitTestRunner.java:912)
	at org.apache.tools.ant.taskdefs.optional.junit.JUnitTestRunner.main(JUnitTestRunner.java:766)
[Entering method {com.topcoder.confluence.webservice.bean.ConfluenceManagementServiceBean.createPage}]
[Input parameters[{token}:{token},{pageName}:{pageName},{version}:{1.1},{assetType}:{APPLICATION_TESTING},{catalog}:{},{applicationCode}:{applicationCode}]]
[Error in method {com.topcoder.confluence.webservice.bean.ConfluenceManagementServiceBean.createPage}:Details {catalog should not be null.}]
java.lang.IllegalArgumentException: catalog should not be null.
	at com.topcoder.confluence.webservice.Helper.checkNullAndLog(Helper.java:395)
	at com.topcoder.confluence.webservice.bean.ConfluenceManagementServiceBean.createPage(ConfluenceManagementServiceBean.java:516)
	at com.topcoder.confluence.webservice.bean.ConfluenceManagementServiceBeanFailureTests.testCreatePage3NullCatalog(ConfluenceManagementServiceBeanFailureTests.java:444)
	at sun.reflect.NativeMethodAccessorImpl.invoke0(Native Method)
	at sun.reflect.NativeMethodAccessorImpl.invoke(Unknown Source)
	at sun.reflect.DelegatingMethodAccessorImpl.invoke(Unknown Source)
	at java.lang.reflect.Method.invoke(Unknown Source)
	at junit.framework.TestCase.runTest(TestCase.java:168)
	at junit.framework.TestCase.runBare(TestCase.java:134)
	at junit.framework.TestResult$1.protect(TestResult.java:110)
	at junit.framework.TestResult.runProtected(TestResult.java:128)
	at junit.framework.TestResult.run(TestResult.java:113)
	at junit.framework.TestCase.run(TestCase.java:124)
	at junit.framework.TestSuite.runTest(TestSuite.java:232)
	at junit.framework.TestSuite.run(TestSuite.java:227)
	at junit.framework.TestSuite.runTest(TestSuite.java:232)
	at junit.framework.TestSuite.run(TestSuite.java:227)
	at junit.framework.TestSuite.runTest(TestSuite.java:232)
	at junit.framework.TestSuite.run(TestSuite.java:227)
	at org.apache.tools.ant.taskdefs.optional.junit.JUnitTestRunner.run(JUnitTestRunner.java:421)
	at org.apache.tools.ant.taskdefs.optional.junit.JUnitTestRunner.launch(JUnitTestRunner.java:912)
	at org.apache.tools.ant.taskdefs.optional.junit.JUnitTestRunner.main(JUnitTestRunner.java:766)
[Entering method {com.topcoder.confluence.webservice.bean.ConfluenceManagementServiceBean.createPage}]
[Input parameters[{token}:{token},{pageName}:{pageName},{version}:{1.1},{assetType}:{APPLICATION_TESTING},{catalog}:{DOT_NET},{applicationCode}:{}]]
[Error in method {com.topcoder.confluence.webservice.bean.ConfluenceManagementServiceBean.createPage}:Details {applicationCode should not be null.}]
java.lang.IllegalArgumentException: applicationCode should not be null.
	at com.topcoder.confluence.webservice.Helper.checkNullAndLog(Helper.java:395)
	at com.topcoder.confluence.webservice.Helper.checkStringNullOrEmptyAndLog(Helper.java:419)
	at com.topcoder.confluence.webservice.bean.ConfluenceManagementServiceBean.createPage(ConfluenceManagementServiceBean.java:517)
	at com.topcoder.confluence.webservice.bean.ConfluenceManagementServiceBeanFailureTests.testCreatePage3NullString(ConfluenceManagementServiceBeanFailureTests.java:462)
	at sun.reflect.NativeMethodAccessorImpl.invoke0(Native Method)
	at sun.reflect.NativeMethodAccessorImpl.invoke(Unknown Source)
	at sun.reflect.DelegatingMethodAccessorImpl.invoke(Unknown Source)
	at java.lang.reflect.Method.invoke(Unknown Source)
	at junit.framework.TestCase.runTest(TestCase.java:168)
	at junit.framework.TestCase.runBare(TestCase.java:134)
	at junit.framework.TestResult$1.protect(TestResult.java:110)
	at junit.framework.TestResult.runProtected(TestResult.java:128)
	at junit.framework.TestResult.run(TestResult.java:113)
	at junit.framework.TestCase.run(TestCase.java:124)
	at junit.framework.TestSuite.runTest(TestSuite.java:232)
	at junit.framework.TestSuite.run(TestSuite.java:227)
	at junit.framework.TestSuite.runTest(TestSuite.java:232)
	at junit.framework.TestSuite.run(TestSuite.java:227)
	at junit.framework.TestSuite.runTest(TestSuite.java:232)
	at junit.framework.TestSuite.run(TestSuite.java:227)
	at org.apache.tools.ant.taskdefs.optional.junit.JUnitTestRunner.run(JUnitTestRunner.java:421)
	at org.apache.tools.ant.taskdefs.optional.junit.JUnitTestRunner.launch(JUnitTestRunner.java:912)
	at org.apache.tools.ant.taskdefs.optional.junit.JUnitTestRunner.main(JUnitTestRunner.java:766)
[Entering method {com.topcoder.confluence.webservice.bean.ConfluenceManagementServiceBean.retrievePage}]
[Input parameters[{token}:{},{pageName}:{pageName},{version}:{1.1},{assetType}:{APPLICATION_ARCHITECTURE},{catalog}:{DOT_NET},{componentType}:{CUSTOM}]]
[Error in method {com.topcoder.confluence.webservice.bean.ConfluenceManagementServiceBean.retrievePage}:Details {token should not be null.}]
java.lang.IllegalArgumentException: token should not be null.
	at com.topcoder.confluence.webservice.Helper.checkNullAndLog(Helper.java:395)
	at com.topcoder.confluence.webservice.bean.ConfluenceManagementServiceBean.retrievePage(ConfluenceManagementServiceBean.java:612)
	at com.topcoder.confluence.webservice.bean.ConfluenceManagementServiceBeanFailureTests.testRetrievePageNullToken(ConfluenceManagementServiceBeanFailureTests.java:480)
	at sun.reflect.NativeMethodAccessorImpl.invoke0(Native Method)
	at sun.reflect.NativeMethodAccessorImpl.invoke(Unknown Source)
	at sun.reflect.DelegatingMethodAccessorImpl.invoke(Unknown Source)
	at java.lang.reflect.Method.invoke(Unknown Source)
	at junit.framework.TestCase.runTest(TestCase.java:168)
	at junit.framework.TestCase.runBare(TestCase.java:134)
	at junit.framework.TestResult$1.protect(TestResult.java:110)
	at junit.framework.TestResult.runProtected(TestResult.java:128)
	at junit.framework.TestResult.run(TestResult.java:113)
	at junit.framework.TestCase.run(TestCase.java:124)
	at junit.framework.TestSuite.runTest(TestSuite.java:232)
	at junit.framework.TestSuite.run(TestSuite.java:227)
	at junit.framework.TestSuite.runTest(TestSuite.java:232)
	at junit.framework.TestSuite.run(TestSuite.java:227)
	at junit.framework.TestSuite.runTest(TestSuite.java:232)
	at junit.framework.TestSuite.run(TestSuite.java:227)
	at org.apache.tools.ant.taskdefs.optional.junit.JUnitTestRunner.run(JUnitTestRunner.java:421)
	at org.apache.tools.ant.taskdefs.optional.junit.JUnitTestRunner.launch(JUnitTestRunner.java:912)
	at org.apache.tools.ant.taskdefs.optional.junit.JUnitTestRunner.main(JUnitTestRunner.java:766)
[Entering method {com.topcoder.confluence.webservice.bean.ConfluenceManagementServiceBean.retrievePage}]
[Input parameters[{token}:{token},{pageName}:{},{version}:{1.1},{assetType}:{APPLICATION_ARCHITECTURE},{catalog}:{DOT_NET},{componentType}:{CUSTOM}]]
[Error in method {com.topcoder.confluence.webservice.bean.ConfluenceManagementServiceBean.retrievePage}:Details {pageName should not be null.}]
java.lang.IllegalArgumentException: pageName should not be null.
	at com.topcoder.confluence.webservice.Helper.checkNullAndLog(Helper.java:395)
	at com.topcoder.confluence.webservice.Helper.checkStringNullOrEmptyAndLog(Helper.java:419)
	at com.topcoder.confluence.webservice.bean.ConfluenceManagementServiceBean.retrievePage(ConfluenceManagementServiceBean.java:613)
	at com.topcoder.confluence.webservice.bean.ConfluenceManagementServiceBeanFailureTests.testRetrievePageNullPageName(ConfluenceManagementServiceBeanFailureTests.java:498)
	at sun.reflect.NativeMethodAccessorImpl.invoke0(Native Method)
	at sun.reflect.NativeMethodAccessorImpl.invoke(Unknown Source)
	at sun.reflect.DelegatingMethodAccessorImpl.invoke(Unknown Source)
	at java.lang.reflect.Method.invoke(Unknown Source)
	at junit.framework.TestCase.runTest(TestCase.java:168)
	at junit.framework.TestCase.runBare(TestCase.java:134)
	at junit.framework.TestResult$1.protect(TestResult.java:110)
	at junit.framework.TestResult.runProtected(TestResult.java:128)
	at junit.framework.TestResult.run(TestResult.java:113)
	at junit.framework.TestCase.run(TestCase.java:124)
	at junit.framework.TestSuite.runTest(TestSuite.java:232)
	at junit.framework.TestSuite.run(TestSuite.java:227)
	at junit.framework.TestSuite.runTest(TestSuite.java:232)
	at junit.framework.TestSuite.run(TestSuite.java:227)
	at junit.framework.TestSuite.runTest(TestSuite.java:232)
	at junit.framework.TestSuite.run(TestSuite.java:227)
	at org.apache.tools.ant.taskdefs.optional.junit.JUnitTestRunner.run(JUnitTestRunner.java:421)
	at org.apache.tools.ant.taskdefs.optional.junit.JUnitTestRunner.launch(JUnitTestRunner.java:912)
	at org.apache.tools.ant.taskdefs.optional.junit.JUnitTestRunner.main(JUnitTestRunner.java:766)
[Entering method {com.topcoder.confluence.webservice.bean.ConfluenceManagementServiceBean.retrievePage}]
[Input parameters[{token}:{token},{pageName}:{ },{version}:{1.1},{assetType}:{APPLICATION_ARCHITECTURE},{catalog}:{DOT_NET},{componentType}:{CUSTOM}]]
[Error in method {com.topcoder.confluence.webservice.bean.ConfluenceManagementServiceBean.retrievePage}:Details {pageName should not be empty.}]
java.lang.IllegalArgumentException: pageName should not be empty.
	at com.topcoder.confluence.webservice.Helper.checkStringNullOrEmptyAndLog(Helper.java:422)
	at com.topcoder.confluence.webservice.bean.ConfluenceManagementServiceBean.retrievePage(ConfluenceManagementServiceBean.java:613)
	at com.topcoder.confluence.webservice.bean.ConfluenceManagementServiceBeanFailureTests.testRetrievePageEmptyPageName(ConfluenceManagementServiceBeanFailureTests.java:516)
	at sun.reflect.NativeMethodAccessorImpl.invoke0(Native Method)
	at sun.reflect.NativeMethodAccessorImpl.invoke(Unknown Source)
	at sun.reflect.DelegatingMethodAccessorImpl.invoke(Unknown Source)
	at java.lang.reflect.Method.invoke(Unknown Source)
	at junit.framework.TestCase.runTest(TestCase.java:168)
	at junit.framework.TestCase.runBare(TestCase.java:134)
	at junit.framework.TestResult$1.protect(TestResult.java:110)
	at junit.framework.TestResult.runProtected(TestResult.java:128)
	at junit.framework.TestResult.run(TestResult.java:113)
	at junit.framework.TestCase.run(TestCase.java:124)
	at junit.framework.TestSuite.runTest(TestSuite.java:232)
	at junit.framework.TestSuite.run(TestSuite.java:227)
	at junit.framework.TestSuite.runTest(TestSuite.java:232)
	at junit.framework.TestSuite.run(TestSuite.java:227)
	at junit.framework.TestSuite.runTest(TestSuite.java:232)
	at junit.framework.TestSuite.run(TestSuite.java:227)
	at org.apache.tools.ant.taskdefs.optional.junit.JUnitTestRunner.run(JUnitTestRunner.java:421)
	at org.apache.tools.ant.taskdefs.optional.junit.JUnitTestRunner.launch(JUnitTestRunner.java:912)
	at org.apache.tools.ant.taskdefs.optional.junit.JUnitTestRunner.main(JUnitTestRunner.java:766)
[Entering method {com.topcoder.confluence.webservice.bean.ConfluenceManagementServiceBean.retrievePage}]
[Input parameters[{token}:{token},{pageName}:{pageName},{version}:{},{assetType}:{APPLICATION_ARCHITECTURE},{catalog}:{DOT_NET},{componentType}:{CUSTOM}]]
[Error in method {com.topcoder.confluence.webservice.bean.ConfluenceManagementServiceBean.retrievePage}:Details {version should not be null.}]
java.lang.IllegalArgumentException: version should not be null.
	at com.topcoder.confluence.webservice.Helper.checkNullAndLog(Helper.java:395)
	at com.topcoder.confluence.webservice.Helper.checkStringNullOrEmptyAndLog(Helper.java:419)
	at com.topcoder.confluence.webservice.bean.ConfluenceManagementServiceBean.retrievePage(ConfluenceManagementServiceBean.java:614)
	at com.topcoder.confluence.webservice.bean.ConfluenceManagementServiceBeanFailureTests.testRetrievePageNullVersion(ConfluenceManagementServiceBeanFailureTests.java:534)
	at sun.reflect.NativeMethodAccessorImpl.invoke0(Native Method)
	at sun.reflect.NativeMethodAccessorImpl.invoke(Unknown Source)
	at sun.reflect.DelegatingMethodAccessorImpl.invoke(Unknown Source)
	at java.lang.reflect.Method.invoke(Unknown Source)
	at junit.framework.TestCase.runTest(TestCase.java:168)
	at junit.framework.TestCase.runBare(TestCase.java:134)
	at junit.framework.TestResult$1.protect(TestResult.java:110)
	at junit.framework.TestResult.runProtected(TestResult.java:128)
	at junit.framework.TestResult.run(TestResult.java:113)
	at junit.framework.TestCase.run(TestCase.java:124)
	at junit.framework.TestSuite.runTest(TestSuite.java:232)
	at junit.framework.TestSuite.run(TestSuite.java:227)
	at junit.framework.TestSuite.runTest(TestSuite.java:232)
	at junit.framework.TestSuite.run(TestSuite.java:227)
	at junit.framework.TestSuite.runTest(TestSuite.java:232)
	at junit.framework.TestSuite.run(TestSuite.java:227)
	at org.apache.tools.ant.taskdefs.optional.junit.JUnitTestRunner.run(JUnitTestRunner.java:421)
	at org.apache.tools.ant.taskdefs.optional.junit.JUnitTestRunner.launch(JUnitTestRunner.java:912)
	at org.apache.tools.ant.taskdefs.optional.junit.JUnitTestRunner.main(JUnitTestRunner.java:766)
[Entering method {com.topcoder.confluence.webservice.bean.ConfluenceManagementServiceBean.retrievePage}]
[Input parameters[{token}:{token},{pageName}:{pageName},{version}:{ },{assetType}:{APPLICATION_ARCHITECTURE},{catalog}:{DOT_NET},{componentType}:{CUSTOM}]]
[Error in method {com.topcoder.confluence.webservice.bean.ConfluenceManagementServiceBean.retrievePage}:Details {version should not be empty.}]
java.lang.IllegalArgumentException: version should not be empty.
	at com.topcoder.confluence.webservice.Helper.checkStringNullOrEmptyAndLog(Helper.java:422)
	at com.topcoder.confluence.webservice.bean.ConfluenceManagementServiceBean.retrievePage(ConfluenceManagementServiceBean.java:614)
	at com.topcoder.confluence.webservice.bean.ConfluenceManagementServiceBeanFailureTests.testRetrievePageEmptyVersion(ConfluenceManagementServiceBeanFailureTests.java:552)
	at sun.reflect.NativeMethodAccessorImpl.invoke0(Native Method)
	at sun.reflect.NativeMethodAccessorImpl.invoke(Unknown Source)
	at sun.reflect.DelegatingMethodAccessorImpl.invoke(Unknown Source)
	at java.lang.reflect.Method.invoke(Unknown Source)
	at junit.framework.TestCase.runTest(TestCase.java:168)
	at junit.framework.TestCase.runBare(TestCase.java:134)
	at junit.framework.TestResult$1.protect(TestResult.java:110)
	at junit.framework.TestResult.runProtected(TestResult.java:128)
	at junit.framework.TestResult.run(TestResult.java:113)
	at junit.framework.TestCase.run(TestCase.java:124)
	at junit.framework.TestSuite.runTest(TestSuite.java:232)
	at junit.framework.TestSuite.run(TestSuite.java:227)
	at junit.framework.TestSuite.runTest(TestSuite.java:232)
	at junit.framework.TestSuite.run(TestSuite.java:227)
	at junit.framework.TestSuite.runTest(TestSuite.java:232)
	at junit.framework.TestSuite.run(TestSuite.java:227)
	at org.apache.tools.ant.taskdefs.optional.junit.JUnitTestRunner.run(JUnitTestRunner.java:421)
	at org.apache.tools.ant.taskdefs.optional.junit.JUnitTestRunner.launch(JUnitTestRunner.java:912)
	at org.apache.tools.ant.taskdefs.optional.junit.JUnitTestRunner.main(JUnitTestRunner.java:766)
[Entering method {com.topcoder.confluence.webservice.bean.ConfluenceManagementServiceBean.retrievePage}]
[Input parameters[{token}:{token},{pageName}:{pageName},{version}:{1.1},{assetType}:{},{catalog}:{DOT_NET},{componentType}:{CUSTOM}]]
[Error in method {com.topcoder.confluence.webservice.bean.ConfluenceManagementServiceBean.retrievePage}:Details {assetType should not be null.}]
java.lang.IllegalArgumentException: assetType should not be null.
	at com.topcoder.confluence.webservice.Helper.checkNullAndLog(Helper.java:395)
	at com.topcoder.confluence.webservice.bean.ConfluenceManagementServiceBean.retrievePage(ConfluenceManagementServiceBean.java:615)
	at com.topcoder.confluence.webservice.bean.ConfluenceManagementServiceBeanFailureTests.testRetrievePageNullAssertType(ConfluenceManagementServiceBeanFailureTests.java:570)
	at sun.reflect.NativeMethodAccessorImpl.invoke0(Native Method)
	at sun.reflect.NativeMethodAccessorImpl.invoke(Unknown Source)
	at sun.reflect.DelegatingMethodAccessorImpl.invoke(Unknown Source)
	at java.lang.reflect.Method.invoke(Unknown Source)
	at junit.framework.TestCase.runTest(TestCase.java:168)
	at junit.framework.TestCase.runBare(TestCase.java:134)
	at junit.framework.TestResult$1.protect(TestResult.java:110)
	at junit.framework.TestResult.runProtected(TestResult.java:128)
	at junit.framework.TestResult.run(TestResult.java:113)
	at junit.framework.TestCase.run(TestCase.java:124)
	at junit.framework.TestSuite.runTest(TestSuite.java:232)
	at junit.framework.TestSuite.run(TestSuite.java:227)
	at junit.framework.TestSuite.runTest(TestSuite.java:232)
	at junit.framework.TestSuite.run(TestSuite.java:227)
	at junit.framework.TestSuite.runTest(TestSuite.java:232)
	at junit.framework.TestSuite.run(TestSuite.java:227)
	at org.apache.tools.ant.taskdefs.optional.junit.JUnitTestRunner.run(JUnitTestRunner.java:421)
	at org.apache.tools.ant.taskdefs.optional.junit.JUnitTestRunner.launch(JUnitTestRunner.java:912)
	at org.apache.tools.ant.taskdefs.optional.junit.JUnitTestRunner.main(JUnitTestRunner.java:766)
[Entering method {com.topcoder.confluence.webservice.bean.ConfluenceManagementServiceBean.retrievePage}]
[Input parameters[{token}:{token},{pageName}:{pageName},{version}:{1.1},{assetType}:{APPLICATION_TESTING},{catalog}:{},{componentType}:{CUSTOM}]]
[Error in method {com.topcoder.confluence.webservice.bean.ConfluenceManagementServiceBean.retrievePage}:Details {catalog should not be null.}]
java.lang.IllegalArgumentException: catalog should not be null.
	at com.topcoder.confluence.webservice.Helper.checkNullAndLog(Helper.java:395)
	at com.topcoder.confluence.webservice.bean.ConfluenceManagementServiceBean.retrievePage(ConfluenceManagementServiceBean.java:616)
	at com.topcoder.confluence.webservice.bean.ConfluenceManagementServiceBeanFailureTests.testRetrievePageNullCatalog(ConfluenceManagementServiceBeanFailureTests.java:587)
	at sun.reflect.NativeMethodAccessorImpl.invoke0(Native Method)
	at sun.reflect.NativeMethodAccessorImpl.invoke(Unknown Source)
	at sun.reflect.DelegatingMethodAccessorImpl.invoke(Unknown Source)
	at java.lang.reflect.Method.invoke(Unknown Source)
	at junit.framework.TestCase.runTest(TestCase.java:168)
	at junit.framework.TestCase.runBare(TestCase.java:134)
	at junit.framework.TestResult$1.protect(TestResult.java:110)
	at junit.framework.TestResult.runProtected(TestResult.java:128)
	at junit.framework.TestResult.run(TestResult.java:113)
	at junit.framework.TestCase.run(TestCase.java:124)
	at junit.framework.TestSuite.runTest(TestSuite.java:232)
	at junit.framework.TestSuite.run(TestSuite.java:227)
	at junit.framework.TestSuite.runTest(TestSuite.java:232)
	at junit.framework.TestSuite.run(TestSuite.java:227)
	at junit.framework.TestSuite.runTest(TestSuite.java:232)
	at junit.framework.TestSuite.run(TestSuite.java:227)
	at org.apache.tools.ant.taskdefs.optional.junit.JUnitTestRunner.run(JUnitTestRunner.java:421)
	at org.apache.tools.ant.taskdefs.optional.junit.JUnitTestRunner.launch(JUnitTestRunner.java:912)
	at org.apache.tools.ant.taskdefs.optional.junit.JUnitTestRunner.main(JUnitTestRunner.java:766)
[Entering method {com.topcoder.confluence.webservice.bean.ConfluenceManagementServiceBean.retrievePage}]
[Input parameters[{token}:{token},{pageName}:{pageName},{version}:{1.1},{assetType}:{APPLICATION_TESTING},{catalog}:{DOT_NET},{componentType}:{}]]
[Error in method {com.topcoder.confluence.webservice.bean.ConfluenceManagementServiceBean.retrievePage}:Details {componentType should not be null.}]
java.lang.IllegalArgumentException: componentType should not be null.
	at com.topcoder.confluence.webservice.Helper.checkNullAndLog(Helper.java:395)
	at com.topcoder.confluence.webservice.bean.ConfluenceManagementServiceBean.retrievePage(ConfluenceManagementServiceBean.java:617)
	at com.topcoder.confluence.webservice.bean.ConfluenceManagementServiceBeanFailureTests.testRetrievePageNullComponentType(ConfluenceManagementServiceBeanFailureTests.java:605)
	at sun.reflect.NativeMethodAccessorImpl.invoke0(Native Method)
	at sun.reflect.NativeMethodAccessorImpl.invoke(Unknown Source)
	at sun.reflect.DelegatingMethodAccessorImpl.invoke(Unknown Source)
	at java.lang.reflect.Method.invoke(Unknown Source)
	at junit.framework.TestCase.runTest(TestCase.java:168)
	at junit.framework.TestCase.runBare(TestCase.java:134)
	at junit.framework.TestResult$1.protect(TestResult.java:110)
	at junit.framework.TestResult.runProtected(TestResult.java:128)
	at junit.framework.TestResult.run(TestResult.java:113)
	at junit.framework.TestCase.run(TestCase.java:124)
	at junit.framework.TestSuite.runTest(TestSuite.java:232)
	at junit.framework.TestSuite.run(TestSuite.java:227)
	at junit.framework.TestSuite.runTest(TestSuite.java:232)
	at junit.framework.TestSuite.run(TestSuite.java:227)
	at junit.framework.TestSuite.runTest(TestSuite.java:232)
	at junit.framework.TestSuite.run(TestSuite.java:227)
	at org.apache.tools.ant.taskdefs.optional.junit.JUnitTestRunner.run(JUnitTestRunner.java:421)
	at org.apache.tools.ant.taskdefs.optional.junit.JUnitTestRunner.launch(JUnitTestRunner.java:912)
	at org.apache.tools.ant.taskdefs.optional.junit.JUnitTestRunner.main(JUnitTestRunner.java:766)
[Entering method {com.topcoder.confluence.webservice.bean.ConfluenceManagementServiceBean.retrievePage}]
[Input parameters[{token}:{},{pageName}:{pageName},{version}:{1.1},{assetType}:{APPLICATION_ARCHITECTURE},{catalog}:{DOT_NET},{applicationCode}:{applicationCode}]]
[Error in method {com.topcoder.confluence.webservice.bean.ConfluenceManagementServiceBean.retrievePage}:Details {token should not be null.}]
java.lang.IllegalArgumentException: token should not be null.
	at com.topcoder.confluence.webservice.Helper.checkNullAndLog(Helper.java:395)
	at com.topcoder.confluence.webservice.bean.ConfluenceManagementServiceBean.retrievePage(ConfluenceManagementServiceBean.java:670)
	at com.topcoder.confluence.webservice.bean.ConfluenceManagementServiceBeanFailureTests.testRetrievePage2NullToken(ConfluenceManagementServiceBeanFailureTests.java:623)
	at sun.reflect.NativeMethodAccessorImpl.invoke0(Native Method)
	at sun.reflect.NativeMethodAccessorImpl.invoke(Unknown Source)
	at sun.reflect.DelegatingMethodAccessorImpl.invoke(Unknown Source)
	at java.lang.reflect.Method.invoke(Unknown Source)
	at junit.framework.TestCase.runTest(TestCase.java:168)
	at junit.framework.TestCase.runBare(TestCase.java:134)
	at junit.framework.TestResult$1.protect(TestResult.java:110)
	at junit.framework.TestResult.runProtected(TestResult.java:128)
	at junit.framework.TestResult.run(TestResult.java:113)
	at junit.framework.TestCase.run(TestCase.java:124)
	at junit.framework.TestSuite.runTest(TestSuite.java:232)
	at junit.framework.TestSuite.run(TestSuite.java:227)
	at junit.framework.TestSuite.runTest(TestSuite.java:232)
	at junit.framework.TestSuite.run(TestSuite.java:227)
	at junit.framework.TestSuite.runTest(TestSuite.java:232)
	at junit.framework.TestSuite.run(TestSuite.java:227)
	at org.apache.tools.ant.taskdefs.optional.junit.JUnitTestRunner.run(JUnitTestRunner.java:421)
	at org.apache.tools.ant.taskdefs.optional.junit.JUnitTestRunner.launch(JUnitTestRunner.java:912)
	at org.apache.tools.ant.taskdefs.optional.junit.JUnitTestRunner.main(JUnitTestRunner.java:766)
[Entering method {com.topcoder.confluence.webservice.bean.ConfluenceManagementServiceBean.retrievePage}]
[Input parameters[{token}:{token},{pageName}:{},{version}:{1.1},{assetType}:{APPLICATION_ARCHITECTURE},{catalog}:{DOT_NET},{applicationCode}:{applicationCode}]]
[Error in method {com.topcoder.confluence.webservice.bean.ConfluenceManagementServiceBean.retrievePage}:Details {pageName should not be null.}]
java.lang.IllegalArgumentException: pageName should not be null.
	at com.topcoder.confluence.webservice.Helper.checkNullAndLog(Helper.java:395)
	at com.topcoder.confluence.webservice.Helper.checkStringNullOrEmptyAndLog(Helper.java:419)
	at com.topcoder.confluence.webservice.bean.ConfluenceManagementServiceBean.retrievePage(ConfluenceManagementServiceBean.java:671)
	at com.topcoder.confluence.webservice.bean.ConfluenceManagementServiceBeanFailureTests.testRetrievePage2NullPageName(ConfluenceManagementServiceBeanFailureTests.java:641)
	at sun.reflect.NativeMethodAccessorImpl.invoke0(Native Method)
	at sun.reflect.NativeMethodAccessorImpl.invoke(Unknown Source)
	at sun.reflect.DelegatingMethodAccessorImpl.invoke(Unknown Source)
	at java.lang.reflect.Method.invoke(Unknown Source)
	at junit.framework.TestCase.runTest(TestCase.java:168)
	at junit.framework.TestCase.runBare(TestCase.java:134)
	at junit.framework.TestResult$1.protect(TestResult.java:110)
	at junit.framework.TestResult.runProtected(TestResult.java:128)
	at junit.framework.TestResult.run(TestResult.java:113)
	at junit.framework.TestCase.run(TestCase.java:124)
	at junit.framework.TestSuite.runTest(TestSuite.java:232)
	at junit.framework.TestSuite.run(TestSuite.java:227)
	at junit.framework.TestSuite.runTest(TestSuite.java:232)
	at junit.framework.TestSuite.run(TestSuite.java:227)
	at junit.framework.TestSuite.runTest(TestSuite.java:232)
	at junit.framework.TestSuite.run(TestSuite.java:227)
	at org.apache.tools.ant.taskdefs.optional.junit.JUnitTestRunner.run(JUnitTestRunner.java:421)
	at org.apache.tools.ant.taskdefs.optional.junit.JUnitTestRunner.launch(JUnitTestRunner.java:912)
	at org.apache.tools.ant.taskdefs.optional.junit.JUnitTestRunner.main(JUnitTestRunner.java:766)
[Entering method {com.topcoder.confluence.webservice.bean.ConfluenceManagementServiceBean.retrievePage}]
[Input parameters[{token}:{token},{pageName}:{ },{version}:{1.1},{assetType}:{APPLICATION_ARCHITECTURE},{catalog}:{DOT_NET},{applicationCode}:{applicationCode}]]
[Error in method {com.topcoder.confluence.webservice.bean.ConfluenceManagementServiceBean.retrievePage}:Details {pageName should not be empty.}]
java.lang.IllegalArgumentException: pageName should not be empty.
	at com.topcoder.confluence.webservice.Helper.checkStringNullOrEmptyAndLog(Helper.java:422)
	at com.topcoder.confluence.webservice.bean.ConfluenceManagementServiceBean.retrievePage(ConfluenceManagementServiceBean.java:671)
	at com.topcoder.confluence.webservice.bean.ConfluenceManagementServiceBeanFailureTests.testRetrievePage2EmptyPageName(ConfluenceManagementServiceBeanFailureTests.java:659)
	at sun.reflect.NativeMethodAccessorImpl.invoke0(Native Method)
	at sun.reflect.NativeMethodAccessorImpl.invoke(Unknown Source)
	at sun.reflect.DelegatingMethodAccessorImpl.invoke(Unknown Source)
	at java.lang.reflect.Method.invoke(Unknown Source)
	at junit.framework.TestCase.runTest(TestCase.java:168)
	at junit.framework.TestCase.runBare(TestCase.java:134)
	at junit.framework.TestResult$1.protect(TestResult.java:110)
	at junit.framework.TestResult.runProtected(TestResult.java:128)
	at junit.framework.TestResult.run(TestResult.java:113)
	at junit.framework.TestCase.run(TestCase.java:124)
	at junit.framework.TestSuite.runTest(TestSuite.java:232)
	at junit.framework.TestSuite.run(TestSuite.java:227)
	at junit.framework.TestSuite.runTest(TestSuite.java:232)
	at junit.framework.TestSuite.run(TestSuite.java:227)
	at junit.framework.TestSuite.runTest(TestSuite.java:232)
	at junit.framework.TestSuite.run(TestSuite.java:227)
	at org.apache.tools.ant.taskdefs.optional.junit.JUnitTestRunner.run(JUnitTestRunner.java:421)
	at org.apache.tools.ant.taskdefs.optional.junit.JUnitTestRunner.launch(JUnitTestRunner.java:912)
	at org.apache.tools.ant.taskdefs.optional.junit.JUnitTestRunner.main(JUnitTestRunner.java:766)
[Entering method {com.topcoder.confluence.webservice.bean.ConfluenceManagementServiceBean.retrievePage}]
[Input parameters[{token}:{token},{pageName}:{pageName},{version}:{},{assetType}:{APPLICATION_ARCHITECTURE},{catalog}:{DOT_NET},{applicationCode}:{applicationCode}]]
[Error in method {com.topcoder.confluence.webservice.bean.ConfluenceManagementServiceBean.retrievePage}:Details {version should not be null.}]
java.lang.IllegalArgumentException: version should not be null.
	at com.topcoder.confluence.webservice.Helper.checkNullAndLog(Helper.java:395)
	at com.topcoder.confluence.webservice.Helper.checkStringNullOrEmptyAndLog(Helper.java:419)
	at com.topcoder.confluence.webservice.bean.ConfluenceManagementServiceBean.retrievePage(ConfluenceManagementServiceBean.java:672)
	at com.topcoder.confluence.webservice.bean.ConfluenceManagementServiceBeanFailureTests.testRetrievePage2NullVersion(ConfluenceManagementServiceBeanFailureTests.java:677)
	at sun.reflect.NativeMethodAccessorImpl.invoke0(Native Method)
	at sun.reflect.NativeMethodAccessorImpl.invoke(Unknown Source)
	at sun.reflect.DelegatingMethodAccessorImpl.invoke(Unknown Source)
	at java.lang.reflect.Method.invoke(Unknown Source)
	at junit.framework.TestCase.runTest(TestCase.java:168)
	at junit.framework.TestCase.runBare(TestCase.java:134)
	at junit.framework.TestResult$1.protect(TestResult.java:110)
	at junit.framework.TestResult.runProtected(TestResult.java:128)
	at junit.framework.TestResult.run(TestResult.java:113)
	at junit.framework.TestCase.run(TestCase.java:124)
	at junit.framework.TestSuite.runTest(TestSuite.java:232)
	at junit.framework.TestSuite.run(TestSuite.java:227)
	at junit.framework.TestSuite.runTest(TestSuite.java:232)
	at junit.framework.TestSuite.run(TestSuite.java:227)
	at junit.framework.TestSuite.runTest(TestSuite.java:232)
	at junit.framework.TestSuite.run(TestSuite.java:227)
	at org.apache.tools.ant.taskdefs.optional.junit.JUnitTestRunner.run(JUnitTestRunner.java:421)
	at org.apache.tools.ant.taskdefs.optional.junit.JUnitTestRunner.launch(JUnitTestRunner.java:912)
	at org.apache.tools.ant.taskdefs.optional.junit.JUnitTestRunner.main(JUnitTestRunner.java:766)
[Entering method {com.topcoder.confluence.webservice.bean.ConfluenceManagementServiceBean.retrievePage}]
[Input parameters[{token}:{token},{pageName}:{pageName},{version}:{ },{assetType}:{APPLICATION_ARCHITECTURE},{catalog}:{DOT_NET},{applicationCode}:{applicationCode}]]
[Error in method {com.topcoder.confluence.webservice.bean.ConfluenceManagementServiceBean.retrievePage}:Details {version should not be empty.}]
java.lang.IllegalArgumentException: version should not be empty.
	at com.topcoder.confluence.webservice.Helper.checkStringNullOrEmptyAndLog(Helper.java:422)
	at com.topcoder.confluence.webservice.bean.ConfluenceManagementServiceBean.retrievePage(ConfluenceManagementServiceBean.java:672)
	at com.topcoder.confluence.webservice.bean.ConfluenceManagementServiceBeanFailureTests.testRetrievePage2EmptyVersion(ConfluenceManagementServiceBeanFailureTests.java:695)
	at sun.reflect.NativeMethodAccessorImpl.invoke0(Native Method)
	at sun.reflect.NativeMethodAccessorImpl.invoke(Unknown Source)
	at sun.reflect.DelegatingMethodAccessorImpl.invoke(Unknown Source)
	at java.lang.reflect.Method.invoke(Unknown Source)
	at junit.framework.TestCase.runTest(TestCase.java:168)
	at junit.framework.TestCase.runBare(TestCase.java:134)
	at junit.framework.TestResult$1.protect(TestResult.java:110)
	at junit.framework.TestResult.runProtected(TestResult.java:128)
	at junit.framework.TestResult.run(TestResult.java:113)
	at junit.framework.TestCase.run(TestCase.java:124)
	at junit.framework.TestSuite.runTest(TestSuite.java:232)
	at junit.framework.TestSuite.run(TestSuite.java:227)
	at junit.framework.TestSuite.runTest(TestSuite.java:232)
	at junit.framework.TestSuite.run(TestSuite.java:227)
	at junit.framework.TestSuite.runTest(TestSuite.java:232)
	at junit.framework.TestSuite.run(TestSuite.java:227)
	at org.apache.tools.ant.taskdefs.optional.junit.JUnitTestRunner.run(JUnitTestRunner.java:421)
	at org.apache.tools.ant.taskdefs.optional.junit.JUnitTestRunner.launch(JUnitTestRunner.java:912)
	at org.apache.tools.ant.taskdefs.optional.junit.JUnitTestRunner.main(JUnitTestRunner.java:766)
[Entering method {com.topcoder.confluence.webservice.bean.ConfluenceManagementServiceBean.retrievePage}]
[Input parameters[{token}:{token},{pageName}:{pageName},{version}:{1.1},{assetType}:{},{catalog}:{DOT_NET},{applicationCode}:{applicationCode}]]
[Error in method {com.topcoder.confluence.webservice.bean.ConfluenceManagementServiceBean.retrievePage}:Details {assetType should not be null.}]
java.lang.IllegalArgumentException: assetType should not be null.
	at com.topcoder.confluence.webservice.Helper.checkNullAndLog(Helper.java:395)
	at com.topcoder.confluence.webservice.bean.ConfluenceManagementServiceBean.retrievePage(ConfluenceManagementServiceBean.java:673)
	at com.topcoder.confluence.webservice.bean.ConfluenceManagementServiceBeanFailureTests.testRetrievePage2NullAssertType(ConfluenceManagementServiceBeanFailureTests.java:713)
	at sun.reflect.NativeMethodAccessorImpl.invoke0(Native Method)
	at sun.reflect.NativeMethodAccessorImpl.invoke(Unknown Source)
	at sun.reflect.DelegatingMethodAccessorImpl.invoke(Unknown Source)
	at java.lang.reflect.Method.invoke(Unknown Source)
	at junit.framework.TestCase.runTest(TestCase.java:168)
	at junit.framework.TestCase.runBare(TestCase.java:134)
	at junit.framework.TestResult$1.protect(TestResult.java:110)
	at junit.framework.TestResult.runProtected(TestResult.java:128)
	at junit.framework.TestResult.run(TestResult.java:113)
	at junit.framework.TestCase.run(TestCase.java:124)
	at junit.framework.TestSuite.runTest(TestSuite.java:232)
	at junit.framework.TestSuite.run(TestSuite.java:227)
	at junit.framework.TestSuite.runTest(TestSuite.java:232)
	at junit.framework.TestSuite.run(TestSuite.java:227)
	at junit.framework.TestSuite.runTest(TestSuite.java:232)
	at junit.framework.TestSuite.run(TestSuite.java:227)
	at org.apache.tools.ant.taskdefs.optional.junit.JUnitTestRunner.run(JUnitTestRunner.java:421)
	at org.apache.tools.ant.taskdefs.optional.junit.JUnitTestRunner.launch(JUnitTestRunner.java:912)
	at org.apache.tools.ant.taskdefs.optional.junit.JUnitTestRunner.main(JUnitTestRunner.java:766)
[Entering method {com.topcoder.confluence.webservice.bean.ConfluenceManagementServiceBean.retrievePage}]
[Input parameters[{token}:{token},{pageName}:{pageName},{version}:{1.1},{assetType}:{APPLICATION_TESTING},{catalog}:{},{applicationCode}:{applicationCode}]]
[Error in method {com.topcoder.confluence.webservice.bean.ConfluenceManagementServiceBean.retrievePage}:Details {catalog should not be null.}]
java.lang.IllegalArgumentException: catalog should not be null.
	at com.topcoder.confluence.webservice.Helper.checkNullAndLog(Helper.java:395)
	at com.topcoder.confluence.webservice.bean.ConfluenceManagementServiceBean.retrievePage(ConfluenceManagementServiceBean.java:674)
	at com.topcoder.confluence.webservice.bean.ConfluenceManagementServiceBeanFailureTests.testRetrievePage2NullCatalog(ConfluenceManagementServiceBeanFailureTests.java:730)
	at sun.reflect.NativeMethodAccessorImpl.invoke0(Native Method)
	at sun.reflect.NativeMethodAccessorImpl.invoke(Unknown Source)
	at sun.reflect.DelegatingMethodAccessorImpl.invoke(Unknown Source)
	at java.lang.reflect.Method.invoke(Unknown Source)
	at junit.framework.TestCase.runTest(TestCase.java:168)
	at junit.framework.TestCase.runBare(TestCase.java:134)
	at junit.framework.TestResult$1.protect(TestResult.java:110)
	at junit.framework.TestResult.runProtected(TestResult.java:128)
	at junit.framework.TestResult.run(TestResult.java:113)
	at junit.framework.TestCase.run(TestCase.java:124)
	at junit.framework.TestSuite.runTest(TestSuite.java:232)
	at junit.framework.TestSuite.run(TestSuite.java:227)
	at junit.framework.TestSuite.runTest(TestSuite.java:232)
	at junit.framework.TestSuite.run(TestSuite.java:227)
	at junit.framework.TestSuite.runTest(TestSuite.java:232)
	at junit.framework.TestSuite.run(TestSuite.java:227)
	at org.apache.tools.ant.taskdefs.optional.junit.JUnitTestRunner.run(JUnitTestRunner.java:421)
	at org.apache.tools.ant.taskdefs.optional.junit.JUnitTestRunner.launch(JUnitTestRunner.java:912)
	at org.apache.tools.ant.taskdefs.optional.junit.JUnitTestRunner.main(JUnitTestRunner.java:766)
[Entering method {com.topcoder.confluence.webservice.bean.ConfluenceManagementServiceBean.retrievePage}]
[Input parameters[{token}:{token},{pageName}:{pageName},{version}:{1.1},{assetType}:{APPLICATION_TESTING},{catalog}:{DOT_NET},{applicationCode}:{}]]
[Error in method {com.topcoder.confluence.webservice.bean.ConfluenceManagementServiceBean.retrievePage}:Details {applicationCode should not be null.}]
java.lang.IllegalArgumentException: applicationCode should not be null.
	at com.topcoder.confluence.webservice.Helper.checkNullAndLog(Helper.java:395)
	at com.topcoder.confluence.webservice.Helper.checkStringNullOrEmptyAndLog(Helper.java:419)
	at com.topcoder.confluence.webservice.bean.ConfluenceManagementServiceBean.retrievePage(ConfluenceManagementServiceBean.java:675)
	at com.topcoder.confluence.webservice.bean.ConfluenceManagementServiceBeanFailureTests.testRetrievePage2NullString(ConfluenceManagementServiceBeanFailureTests.java:748)
	at sun.reflect.NativeMethodAccessorImpl.invoke0(Native Method)
	at sun.reflect.NativeMethodAccessorImpl.invoke(Unknown Source)
	at sun.reflect.DelegatingMethodAccessorImpl.invoke(Unknown Source)
	at java.lang.reflect.Method.invoke(Unknown Source)
	at junit.framework.TestCase.runTest(TestCase.java:168)
	at junit.framework.TestCase.runBare(TestCase.java:134)
	at junit.framework.TestResult$1.protect(TestResult.java:110)
	at junit.framework.TestResult.runProtected(TestResult.java:128)
	at junit.framework.TestResult.run(TestResult.java:113)
	at junit.framework.TestCase.run(TestCase.java:124)
	at junit.framework.TestSuite.runTest(TestSuite.java:232)
	at junit.framework.TestSuite.run(TestSuite.java:227)
	at junit.framework.TestSuite.runTest(TestSuite.java:232)
	at junit.framework.TestSuite.run(TestSuite.java:227)
	at junit.framework.TestSuite.runTest(TestSuite.java:232)
	at junit.framework.TestSuite.run(TestSuite.java:227)
	at org.apache.tools.ant.taskdefs.optional.junit.JUnitTestRunner.run(JUnitTestRunner.java:421)
	at org.apache.tools.ant.taskdefs.optional.junit.JUnitTestRunner.launch(JUnitTestRunner.java:912)
	at org.apache.tools.ant.taskdefs.optional.junit.JUnitTestRunner.main(JUnitTestRunner.java:766)
[Entering method {com.topcoder.confluence.webservice.bean.ConfluenceManagementServiceBean.login}]
[Input parameters[{userName}:{userName},{password}:{password}]]
[Exiting method {com.topcoder.confluence.webservice.bean.ConfluenceManagementServiceBean.login}]
[Output parameter {tokentoken}]
[Entering method {com.topcoder.confluence.webservice.bean.ConfluenceManagementServiceBean.logout}]
[Input parameters[{token}:{  }]]
[Exiting method {com.topcoder.confluence.webservice.bean.ConfluenceManagementServiceBean.logout}]
[Entering method {com.topcoder.confluence.webservice.bean.ConfluenceManagementServiceBean.createPage}]
[Input parameters[{token}:{  },{page}:{basePageUrl:,versionUrl:,assetName:,version:,applicationCode:,content:,assetType:,catalog:,componentType:}]]
[Exiting method {com.topcoder.confluence.webservice.bean.ConfluenceManagementServiceBean.createPage}]
[Output parameter {page:[basePageUrl:,versionUrl:,assetName:,version:,applicationCode:,content:,assetType:,catalog:,componentType:], actionTaken:BASE_PAGE_AND_VERSION_CREATED}]
[Entering method {com.topcoder.confluence.webservice.bean.ConfluenceManagementServiceBean.createPage}]
[Input parameters[{token}:{ },{pageName}:{pageName},{version}:{1},{assetType}:{APPLICATION_ARCHITECTURE},{catalog}:{DOT_NET},{componentType}:{CUSTOM}]]
[Exiting method {com.topcoder.confluence.webservice.bean.ConfluenceManagementServiceBean.createPage}]
[Output parameter {page:[basePageUrl:pageNameUrl,versionUrl:,assetName:,version:1,applicationCode:,content:,assetType:APPLICATION_ARCHITECTURE,catalog:DOT_NET,componentType:CUSTOM], actionTaken:BASE_PAGE_AND_VERSION_CREATED}]
[Entering method {com.topcoder.confluence.webservice.bean.ConfluenceManagementServiceBean.createPage}]
[Input parameters[{token}:{ },{pageName}:{pageName},{version}:{1},{assetType}:{APPLICATION_ARCHITECTURE},{catalog}:{DOT_NET},{applicationCode}:{applicationCode}]]
[Exiting method {com.topcoder.confluence.webservice.bean.ConfluenceManagementServiceBean.createPage}]
[Output parameter {page:[basePageUrl:pageNameUrl,versionUrl:,assetName:,version:1,applicationCode:applicationCode,content:,assetType:APPLICATION_ARCHITECTURE,catalog:DOT_NET,componentType:], actionTaken:BASE_PAGE_AND_VERSION_CREATED}]
[Entering method {com.topcoder.confluence.webservice.bean.ConfluenceManagementServiceBean.retrievePage}]
[Input parameters[{token}:{ },{pageName}:{page name},{version}:{2},{assetType}:{APPLICATION_ARCHITECTURE},{catalog}:{DOT_NET},{componentType}:{CUSTOM}]]
[Exiting method {com.topcoder.confluence.webservice.bean.ConfluenceManagementServiceBean.retrievePage}]
[Output parameter {basePageUrl:page nameUrl,versionUrl:,assetName:,version:2,applicationCode:,content:,assetType:APPLICATION_ARCHITECTURE,catalog:DOT_NET,componentType:CUSTOM}]
[Entering method {com.topcoder.confluence.webservice.bean.ConfluenceManagementServiceBean.retrievePage}]
[Input parameters[{token}:{ },{pageName}:{page name},{version}:{2},{assetType}:{APPLICATION_ARCHITECTURE},{catalog}:{DOT_NET},{applicationCode}:{application code}]]
[Exiting method {com.topcoder.confluence.webservice.bean.ConfluenceManagementServiceBean.retrievePage}]
[Output parameter {basePageUrl:page nameUrl,versionUrl:,assetName:,version:2,applicationCode:application code,content:,assetType:APPLICATION_ARCHITECTURE,catalog:DOT_NET,componentType:}]
[Entering method {com.topcoder.confluence.webservice.delegate.ConfluenceManagerWebServiceDelegate.login}]
[Input parameters[{userName}:{userName},{password}:{password}]]
[Entering method {com.topcoder.confluence.webservice.bean.ConfluenceManagementServiceBean.login}]
[Input parameters[{userName}:{userName},{password}:{password}]]
[Exiting method {com.topcoder.confluence.webservice.bean.ConfluenceManagementServiceBean.login}]
[Output parameter {tokentoken}]
[Exiting method {com.topcoder.confluence.webservice.delegate.ConfluenceManagerWebServiceDelegate.login}]
[Output parameter {tokentoken}]
[Entering method {com.topcoder.confluence.webservice.delegate.ConfluenceManagerWebServiceDelegate.logout}]
[Input parameters[{token}:{  }]]
[Entering method {com.topcoder.confluence.webservice.bean.ConfluenceManagementServiceBean.logout}]
[Input parameters[{token}:{  }]]
[Exiting method {com.topcoder.confluence.webservice.bean.ConfluenceManagementServiceBean.logout}]
[Exiting method {com.topcoder.confluence.webservice.delegate.ConfluenceManagerWebServiceDelegate.logout}]
[Entering method {com.topcoder.confluence.webservice.delegate.ConfluenceManagerWebServiceDelegate.createPage}]
[Input parameters[{token}:{  },{page}:{basePageUrl:,versionUrl:,assetName:,version:,applicationCode:,content:,assetType:,catalog:,componentType:}]]
[Entering method {com.topcoder.confluence.webservice.bean.ConfluenceManagementServiceBean.createPage}]
[Input parameters[{token}:{  },{page}:{basePageUrl:,versionUrl:,assetName:,version:,applicationCode:,content:,assetType:,catalog:,componentType:}]]
[Exiting method {com.topcoder.confluence.webservice.bean.ConfluenceManagementServiceBean.createPage}]
[Output parameter {page:[basePageUrl:,versionUrl:,assetName:,version:,applicationCode:,content:,assetType:,catalog:,componentType:], actionTaken:BASE_PAGE_AND_VERSION_CREATED}]
[Exiting method {com.topcoder.confluence.webservice.delegate.ConfluenceManagerWebServiceDelegate.createPage}]
[Output parameter {page:[basePageUrl:,versionUrl:,assetName:,version:,applicationCode:,content:,assetType:,catalog:,componentType:], actionTaken:BASE_PAGE_AND_VERSION_CREATED}]
[Entering method {com.topcoder.confluence.webservice.delegate.ConfluenceManagerWebServiceDelegate.createPage}]
[Input parameters[{token}:{ },{pageName}:{pageName},{version}:{1},{assetType}:{APPLICATION_ARCHITECTURE},{catalog}:{DOT_NET},{componentType}:{CUSTOM}]]
[Entering method {com.topcoder.confluence.webservice.bean.ConfluenceManagementServiceBean.createPage}]
[Input parameters[{token}:{ },{pageName}:{pageName},{version}:{1},{assetType}:{APPLICATION_ARCHITECTURE},{catalog}:{DOT_NET},{componentType}:{CUSTOM}]]
[Exiting method {com.topcoder.confluence.webservice.bean.ConfluenceManagementServiceBean.createPage}]
[Output parameter {page:[basePageUrl:pageNameUrl,versionUrl:,assetName:,version:1,applicationCode:,content:,assetType:APPLICATION_ARCHITECTURE,catalog:DOT_NET,componentType:CUSTOM], actionTaken:BASE_PAGE_AND_VERSION_CREATED}]
[Exiting method {com.topcoder.confluence.webservice.delegate.ConfluenceManagerWebServiceDelegate.createPage}]
[Output parameter {page:[basePageUrl:pageNameUrl,versionUrl:,assetName:,version:1,applicationCode:,content:,assetType:APPLICATION_ARCHITECTURE,catalog:DOT_NET,componentType:CUSTOM], actionTaken:BASE_PAGE_AND_VERSION_CREATED}]
[Entering method {com.topcoder.confluence.webservice.delegate.ConfluenceManagerWebServiceDelegate.createPage}]
[Input parameters[{token}:{ },{pageName}:{pageName},{version}:{1},{assetType}:{APPLICATION_ARCHITECTURE},{catalog}:{DOT_NET},{applicationCode}:{applicationCode}]]
[Entering method {com.topcoder.confluence.webservice.bean.ConfluenceManagementServiceBean.createPage}]
[Input parameters[{token}:{ },{pageName}:{pageName},{version}:{1},{assetType}:{APPLICATION_ARCHITECTURE},{catalog}:{DOT_NET},{applicationCode}:{applicationCode}]]
[Exiting method {com.topcoder.confluence.webservice.bean.ConfluenceManagementServiceBean.createPage}]
[Output parameter {page:[basePageUrl:pageNameUrl,versionUrl:,assetName:,version:1,applicationCode:applicationCode,content:,assetType:APPLICATION_ARCHITECTURE,catalog:DOT_NET,componentType:], actionTaken:BASE_PAGE_AND_VERSION_CREATED}]
[Exiting method {com.topcoder.confluence.webservice.delegate.ConfluenceManagerWebServiceDelegate.createPage}]
[Output parameter {page:[basePageUrl:pageNameUrl,versionUrl:,assetName:,version:1,applicationCode:applicationCode,content:,assetType:APPLICATION_ARCHITECTURE,catalog:DOT_NET,componentType:], actionTaken:BASE_PAGE_AND_VERSION_CREATED}]
[Entering method {com.topcoder.confluence.webservice.delegate.ConfluenceManagerWebServiceDelegate.retrievePage}]
[Input parameters[{token}:{ },{pageName}:{page name},{version}:{2},{assetType}:{APPLICATION_ARCHITECTURE},{catalog}:{DOT_NET},{componentType}:{CUSTOM}]]
[Entering method {com.topcoder.confluence.webservice.bean.ConfluenceManagementServiceBean.retrievePage}]
[Input parameters[{token}:{ },{pageName}:{page name},{version}:{2},{assetType}:{APPLICATION_ARCHITECTURE},{catalog}:{DOT_NET},{componentType}:{CUSTOM}]]
[Exiting method {com.topcoder.confluence.webservice.bean.ConfluenceManagementServiceBean.retrievePage}]
[Output parameter {basePageUrl:page nameUrl,versionUrl:,assetName:,version:2,applicationCode:,content:,assetType:APPLICATION_ARCHITECTURE,catalog:DOT_NET,componentType:CUSTOM}]
[Exiting method {com.topcoder.confluence.webservice.delegate.ConfluenceManagerWebServiceDelegate.retrievePage}]
[Output parameter {basePageUrl:page nameUrl,versionUrl:,assetName:,version:2,applicationCode:,content:,assetType:APPLICATION_ARCHITECTURE,catalog:DOT_NET,componentType:CUSTOM}]
[Entering method {com.topcoder.confluence.webservice.delegate.ConfluenceManagerWebServiceDelegate.retrievePage}]
[Input parameters[{token}:{ },{pageName}:{page name},{version}:{2},{assetType}:{APPLICATION_ARCHITECTURE},{catalog}:{DOT_NET},{applicationCode}:{application code}]]
[Entering method {com.topcoder.confluence.webservice.bean.ConfluenceManagementServiceBean.retrievePage}]
[Input parameters[{token}:{ },{pageName}:{page name},{version}:{2},{assetType}:{APPLICATION_ARCHITECTURE},{catalog}:{DOT_NET},{applicationCode}:{application code}]]
[Exiting method {com.topcoder.confluence.webservice.bean.ConfluenceManagementServiceBean.retrievePage}]
[Output parameter {basePageUrl:page nameUrl,versionUrl:,assetName:,version:2,applicationCode:application code,content:,assetType:APPLICATION_ARCHITECTURE,catalog:DOT_NET,componentType:}]
[Exiting method {com.topcoder.confluence.webservice.delegate.ConfluenceManagerWebServiceDelegate.retrievePage}]
[Output parameter {basePageUrl:page nameUrl,versionUrl:,assetName:,version:2,applicationCode:application code,content:,assetType:APPLICATION_ARCHITECTURE,catalog:DOT_NET,componentType:}]
[Entering method {com.topcoder.confluence.webservice.delegate.ConfluenceManagerWebServiceDelegate.login}]
[Input parameters[{userName}:{username},{password}:{password}]]
[Entering method {com.topcoder.confluence.webservice.bean.ConfluenceManagementServiceBean.login}]
[Input parameters[{userName}:{username},{password}:{password}]]
[Exiting method {com.topcoder.confluence.webservice.bean.ConfluenceManagementServiceBean.login}]
[Output parameter {tokentoken}]
[Exiting method {com.topcoder.confluence.webservice.delegate.ConfluenceManagerWebServiceDelegate.login}]
[Output parameter {tokentoken}]
[Entering method {com.topcoder.confluence.webservice.delegate.ConfluenceManagerWebServiceDelegate.createPage}]
[Input parameters[{token}:{tokentoken},{pageName}:{Erebus Token Web Services},{version}:{1.0},{assetType}:{COMPONENT_DESIGN},{catalog}:{JAVA},{componentType}:{CUSTOM}]]
[Entering method {com.topcoder.confluence.webservice.bean.ConfluenceManagementServiceBean.createPage}]
[Input parameters[{token}:{tokentoken},{pageName}:{Erebus Token Web Services},{version}:{1.0},{assetType}:{COMPONENT_DESIGN},{catalog}:{JAVA},{componentType}:{CUSTOM}]]
[Exiting method {com.topcoder.confluence.webservice.bean.ConfluenceManagementServiceBean.createPage}]
[Output parameter {page:[basePageUrl:Erebus Token Web ServicesUrl,versionUrl:,assetName:,version:1.0,applicationCode:,content:,assetType:COMPONENT_DESIGN,catalog:JAVA,componentType:CUSTOM], actionTaken:BASE_PAGE_AND_VERSION_CREATED}]
[Exiting method {com.topcoder.confluence.webservice.delegate.ConfluenceManagerWebServiceDelegate.createPage}]
[Output parameter {page:[basePageUrl:Erebus Token Web ServicesUrl,versionUrl:,assetName:,version:1.0,applicationCode:,content:,assetType:COMPONENT_DESIGN,catalog:JAVA,componentType:CUSTOM], actionTaken:BASE_PAGE_AND_VERSION_CREATED}]
[Entering method {com.topcoder.confluence.webservice.delegate.ConfluenceManagerWebServiceDelegate.createPage}]
[Input parameters[{token}:{tokentoken},{pageName}:{Erebus Payment Web Services},{version}:{1.0},{assetType}:{COMPONENT_DESIGN},{catalog}:{JAVA},{applicationCode}:{12345}]]
[Entering method {com.topcoder.confluence.webservice.bean.ConfluenceManagementServiceBean.createPage}]
[Input parameters[{token}:{tokentoken},{pageName}:{Erebus Payment Web Services},{version}:{1.0},{assetType}:{COMPONENT_DESIGN},{catalog}:{JAVA},{applicationCode}:{12345}]]
[Exiting method {com.topcoder.confluence.webservice.bean.ConfluenceManagementServiceBean.createPage}]
[Output parameter {page:[basePageUrl:Erebus Payment Web ServicesUrl,versionUrl:,assetName:,version:1.0,applicationCode:12345,content:,assetType:COMPONENT_DESIGN,catalog:JAVA,componentType:], actionTaken:BASE_PAGE_AND_VERSION_CREATED}]
[Exiting method {com.topcoder.confluence.webservice.delegate.ConfluenceManagerWebServiceDelegate.createPage}]
[Output parameter {page:[basePageUrl:Erebus Payment Web ServicesUrl,versionUrl:,assetName:,version:1.0,applicationCode:12345,content:,assetType:COMPONENT_DESIGN,catalog:JAVA,componentType:], actionTaken:BASE_PAGE_AND_VERSION_CREATED}]
[Entering method {com.topcoder.confluence.webservice.delegate.ConfluenceManagerWebServiceDelegate.retrievePage}]
[Input parameters[{token}:{tokentoken},{pageName}:{Erebus Token Web Services},{version}:{1.0},{assetType}:{COMPONENT_DESIGN},{catalog}:{JAVA},{componentType}:{CUSTOM}]]
[Entering method {com.topcoder.confluence.webservice.bean.ConfluenceManagementServiceBean.retrievePage}]
[Input parameters[{token}:{tokentoken},{pageName}:{Erebus Token Web Services},{version}:{1.0},{assetType}:{COMPONENT_DESIGN},{catalog}:{JAVA},{componentType}:{CUSTOM}]]
[Exiting method {com.topcoder.confluence.webservice.bean.ConfluenceManagementServiceBean.retrievePage}]
[Output parameter {basePageUrl:Erebus Token Web ServicesUrl,versionUrl:,assetName:,version:1.0,applicationCode:,content:,assetType:COMPONENT_DESIGN,catalog:JAVA,componentType:CUSTOM}]
[Exiting method {com.topcoder.confluence.webservice.delegate.ConfluenceManagerWebServiceDelegate.retrievePage}]
[Output parameter {basePageUrl:Erebus Token Web ServicesUrl,versionUrl:,assetName:,version:1.0,applicationCode:,content:,assetType:COMPONENT_DESIGN,catalog:JAVA,componentType:CUSTOM}]
[Entering method {com.topcoder.confluence.webservice.delegate.ConfluenceManagerWebServiceDelegate.logout}]
[Input parameters[{token}:{tokentoken}]]
[Entering method {com.topcoder.confluence.webservice.bean.ConfluenceManagementServiceBean.logout}]
[Input parameters[{token}:{tokentoken}]]
[Exiting method {com.topcoder.confluence.webservice.bean.ConfluenceManagementServiceBean.logout}]
[Exiting method {com.topcoder.confluence.webservice.delegate.ConfluenceManagerWebServiceDelegate.logout}]
[Entering method {com.topcoder.confluence.webservice.delegate.ConfluenceManagerWebServiceDelegate.login}]
[Input parameters[{userName}:{username},{password}:{password}]]
[Entering method {com.topcoder.confluence.webservice.bean.ConfluenceManagementServiceBean.login}]
[Input parameters[{userName}:{username},{password}:{password}]]
[Exiting method {com.topcoder.confluence.webservice.bean.ConfluenceManagementServiceBean.login}]
[Output parameter {tokentoken}]
[Exiting method {com.topcoder.confluence.webservice.delegate.ConfluenceManagerWebServiceDelegate.login}]
[Output parameter {tokentoken}]
[Entering method {com.topcoder.confluence.webservice.delegate.ConfluenceManagerWebServiceDelegate.createPage}]
[Input parameters[{token}:{tokentoken},{pageName}:{Erebus Token Web Services},{version}:{1.0},{assetType}:{COMPONENT_DESIGN},{catalog}:{JAVA},{componentType}:{CUSTOM}]]
[Entering method {com.topcoder.confluence.webservice.bean.ConfluenceManagementServiceBean.createPage}]
[Input parameters[{token}:{tokentoken},{pageName}:{Erebus Token Web Services},{version}:{1.0},{assetType}:{COMPONENT_DESIGN},{catalog}:{JAVA},{componentType}:{CUSTOM}]]
[Exiting method {com.topcoder.confluence.webservice.bean.ConfluenceManagementServiceBean.createPage}]
[Output parameter {page:[basePageUrl:Erebus Token Web ServicesUrl,versionUrl:,assetName:,version:1.0,applicationCode:,content:,assetType:COMPONENT_DESIGN,catalog:JAVA,componentType:CUSTOM], actionTaken:BASE_PAGE_AND_VERSION_CREATED}]
[Exiting method {com.topcoder.confluence.webservice.delegate.ConfluenceManagerWebServiceDelegate.createPage}]
[Output parameter {page:[basePageUrl:Erebus Token Web ServicesUrl,versionUrl:,assetName:,version:1.0,applicationCode:,content:,assetType:COMPONENT_DESIGN,catalog:JAVA,componentType:CUSTOM], actionTaken:BASE_PAGE_AND_VERSION_CREATED}]
[Entering method {com.topcoder.confluence.webservice.delegate.ConfluenceManagerWebServiceDelegate.createPage}]
[Input parameters[{token}:{tokentoken},{pageName}:{Erebus Payment Web Services},{version}:{1.0},{assetType}:{COMPONENT_DESIGN},{catalog}:{JAVA},{applicationCode}:{12345}]]
[Entering method {com.topcoder.confluence.webservice.bean.ConfluenceManagementServiceBean.createPage}]
[Input parameters[{token}:{tokentoken},{pageName}:{Erebus Payment Web Services},{version}:{1.0},{assetType}:{COMPONENT_DESIGN},{catalog}:{JAVA},{applicationCode}:{12345}]]
[Exiting method {com.topcoder.confluence.webservice.bean.ConfluenceManagementServiceBean.createPage}]
[Output parameter {page:[basePageUrl:Erebus Payment Web ServicesUrl,versionUrl:,assetName:,version:1.0,applicationCode:12345,content:,assetType:COMPONENT_DESIGN,catalog:JAVA,componentType:], actionTaken:BASE_PAGE_AND_VERSION_CREATED}]
[Exiting method {com.topcoder.confluence.webservice.delegate.ConfluenceManagerWebServiceDelegate.createPage}]
[Output parameter {page:[basePageUrl:Erebus Payment Web ServicesUrl,versionUrl:,assetName:,version:1.0,applicationCode:12345,content:,assetType:COMPONENT_DESIGN,catalog:JAVA,componentType:], actionTaken:BASE_PAGE_AND_VERSION_CREATED}]
[Entering method {com.topcoder.confluence.webservice.delegate.ConfluenceManagerWebServiceDelegate.retrievePage}]
[Input parameters[{token}:{tokentoken},{pageName}:{Erebus Token Web Services},{version}:{1.0},{assetType}:{COMPONENT_DESIGN},{catalog}:{JAVA},{componentType}:{CUSTOM}]]
[Entering method {com.topcoder.confluence.webservice.bean.ConfluenceManagementServiceBean.retrievePage}]
[Input parameters[{token}:{tokentoken},{pageName}:{Erebus Token Web Services},{version}:{1.0},{assetType}:{COMPONENT_DESIGN},{catalog}:{JAVA},{componentType}:{CUSTOM}]]
[Exiting method {com.topcoder.confluence.webservice.bean.ConfluenceManagementServiceBean.retrievePage}]
[Output parameter {basePageUrl:Erebus Token Web ServicesUrl,versionUrl:,assetName:,version:1.0,applicationCode:,content:,assetType:COMPONENT_DESIGN,catalog:JAVA,componentType:CUSTOM}]
[Exiting method {com.topcoder.confluence.webservice.delegate.ConfluenceManagerWebServiceDelegate.retrievePage}]
[Output parameter {basePageUrl:Erebus Token Web ServicesUrl,versionUrl:,assetName:,version:1.0,applicationCode:,content:,assetType:COMPONENT_DESIGN,catalog:JAVA,componentType:CUSTOM}]
[Entering method {com.topcoder.confluence.webservice.delegate.ConfluenceManagerWebServiceDelegate.logout}]
[Input parameters[{token}:{tokentoken}]]
[Entering method {com.topcoder.confluence.webservice.bean.ConfluenceManagementServiceBean.logout}]
[Input parameters[{token}:{tokentoken}]]
[Exiting method {com.topcoder.confluence.webservice.bean.ConfluenceManagementServiceBean.logout}]
[Exiting method {com.topcoder.confluence.webservice.delegate.ConfluenceManagerWebServiceDelegate.logout}]
[Entering method {com.topcoder.confluence.webservice.delegate.ConfluenceManagerWebServiceDelegate.login}]
[Input parameters[{userName}:{username},{password}:{password}]]
[Entering method {com.topcoder.confluence.webservice.bean.ConfluenceManagementServiceBean.login}]
[Input parameters[{userName}:{username},{password}:{password}]]
[Exiting method {com.topcoder.confluence.webservice.bean.ConfluenceManagementServiceBean.login}]
[Output parameter {tokentoken}]
[Exiting method {com.topcoder.confluence.webservice.delegate.ConfluenceManagerWebServiceDelegate.login}]
[Output parameter {tokentoken}]
[Entering method {com.topcoder.confluence.webservice.delegate.ConfluenceManagerWebServiceDelegate.createPage}]
[Input parameters[{token}:{tokentoken},{pageName}:{Erebus Token Web Services},{version}:{1.0},{assetType}:{COMPONENT_DESIGN},{catalog}:{JAVA},{componentType}:{CUSTOM}]]
[Entering method {com.topcoder.confluence.webservice.bean.ConfluenceManagementServiceBean.createPage}]
[Input parameters[{token}:{tokentoken},{pageName}:{Erebus Token Web Services},{version}:{1.0},{assetType}:{COMPONENT_DESIGN},{catalog}:{JAVA},{componentType}:{CUSTOM}]]
[Exiting method {com.topcoder.confluence.webservice.bean.ConfluenceManagementServiceBean.createPage}]
[Output parameter {page:[basePageUrl:Erebus Token Web ServicesUrl,versionUrl:,assetName:,version:1.0,applicationCode:,content:,assetType:COMPONENT_DESIGN,catalog:JAVA,componentType:CUSTOM], actionTaken:BASE_PAGE_AND_VERSION_CREATED}]
[Exiting method {com.topcoder.confluence.webservice.delegate.ConfluenceManagerWebServiceDelegate.createPage}]
[Output parameter {page:[basePageUrl:Erebus Token Web ServicesUrl,versionUrl:,assetName:,version:1.0,applicationCode:,content:,assetType:COMPONENT_DESIGN,catalog:JAVA,componentType:CUSTOM], actionTaken:BASE_PAGE_AND_VERSION_CREATED}]
[Entering method {com.topcoder.confluence.webservice.delegate.ConfluenceManagerWebServiceDelegate.createPage}]
[Input parameters[{token}:{tokentoken},{pageName}:{Erebus Payment Web Services},{version}:{1.0},{assetType}:{COMPONENT_DESIGN},{catalog}:{JAVA},{applicationCode}:{12345}]]
[Entering method {com.topcoder.confluence.webservice.bean.ConfluenceManagementServiceBean.createPage}]
[Input parameters[{token}:{tokentoken},{pageName}:{Erebus Payment Web Services},{version}:{1.0},{assetType}:{COMPONENT_DESIGN},{catalog}:{JAVA},{applicationCode}:{12345}]]
[Exiting method {com.topcoder.confluence.webservice.bean.ConfluenceManagementServiceBean.createPage}]
[Output parameter {page:[basePageUrl:Erebus Payment Web ServicesUrl,versionUrl:,assetName:,version:1.0,applicationCode:12345,content:,assetType:COMPONENT_DESIGN,catalog:JAVA,componentType:], actionTaken:BASE_PAGE_AND_VERSION_CREATED}]
[Exiting method {com.topcoder.confluence.webservice.delegate.ConfluenceManagerWebServiceDelegate.createPage}]
[Output parameter {page:[basePageUrl:Erebus Payment Web ServicesUrl,versionUrl:,assetName:,version:1.0,applicationCode:12345,content:,assetType:COMPONENT_DESIGN,catalog:JAVA,componentType:], actionTaken:BASE_PAGE_AND_VERSION_CREATED}]
[Entering method {com.topcoder.confluence.webservice.delegate.ConfluenceManagerWebServiceDelegate.retrievePage}]
[Input parameters[{token}:{tokentoken},{pageName}:{Erebus Token Web Services},{version}:{1.0},{assetType}:{COMPONENT_DESIGN},{catalog}:{JAVA},{componentType}:{CUSTOM}]]
[Entering method {com.topcoder.confluence.webservice.bean.ConfluenceManagementServiceBean.retrievePage}]
[Input parameters[{token}:{tokentoken},{pageName}:{Erebus Token Web Services},{version}:{1.0},{assetType}:{COMPONENT_DESIGN},{catalog}:{JAVA},{componentType}:{CUSTOM}]]
[Exiting method {com.topcoder.confluence.webservice.bean.ConfluenceManagementServiceBean.retrievePage}]
[Output parameter {basePageUrl:Erebus Token Web ServicesUrl,versionUrl:,assetName:,version:1.0,applicationCode:,content:,assetType:COMPONENT_DESIGN,catalog:JAVA,componentType:CUSTOM}]
[Exiting method {com.topcoder.confluence.webservice.delegate.ConfluenceManagerWebServiceDelegate.retrievePage}]
[Output parameter {basePageUrl:Erebus Token Web ServicesUrl,versionUrl:,assetName:,version:1.0,applicationCode:,content:,assetType:COMPONENT_DESIGN,catalog:JAVA,componentType:CUSTOM}]
[Entering method {com.topcoder.confluence.webservice.delegate.ConfluenceManagerWebServiceDelegate.logout}]
[Input parameters[{token}:{tokentoken}]]
[Entering method {com.topcoder.confluence.webservice.bean.ConfluenceManagementServiceBean.logout}]
[Input parameters[{token}:{tokentoken}]]
[Exiting method {com.topcoder.confluence.webservice.bean.ConfluenceManagementServiceBean.logout}]
[Exiting method {com.topcoder.confluence.webservice.delegate.ConfluenceManagerWebServiceDelegate.logout}]
[Entering method {com.topcoder.confluence.webservice.delegate.ConfluenceManagerWebServiceDelegate.login}]
[Input parameters[{userName}:{username},{password}:{password}]]
[Entering method {com.topcoder.confluence.webservice.bean.ConfluenceManagementServiceBean.login}]
[Input parameters[{userName}:{username},{password}:{password}]]
[Exiting method {com.topcoder.confluence.webservice.bean.ConfluenceManagementServiceBean.login}]
[Output parameter {tokentoken}]
[Exiting method {com.topcoder.confluence.webservice.delegate.ConfluenceManagerWebServiceDelegate.login}]
[Output parameter {tokentoken}]
[Entering method {com.topcoder.confluence.webservice.delegate.ConfluenceManagerWebServiceDelegate.createPage}]
[Input parameters[{token}:{tokentoken},{pageName}:{Erebus Token Web Services},{version}:{1.0},{assetType}:{COMPONENT_DESIGN},{catalog}:{JAVA},{componentType}:{CUSTOM}]]
[Entering method {com.topcoder.confluence.webservice.bean.ConfluenceManagementServiceBean.createPage}]
[Input parameters[{token}:{tokentoken},{pageName}:{Erebus Token Web Services},{version}:{1.0},{assetType}:{COMPONENT_DESIGN},{catalog}:{JAVA},{componentType}:{CUSTOM}]]
[Exiting method {com.topcoder.confluence.webservice.bean.ConfluenceManagementServiceBean.createPage}]
[Output parameter {page:[basePageUrl:Erebus Token Web ServicesUrl,versionUrl:,assetName:,version:1.0,applicationCode:,content:,assetType:COMPONENT_DESIGN,catalog:JAVA,componentType:CUSTOM], actionTaken:BASE_PAGE_AND_VERSION_CREATED}]
[Exiting method {com.topcoder.confluence.webservice.delegate.ConfluenceManagerWebServiceDelegate.createPage}]
[Output parameter {page:[basePageUrl:Erebus Token Web ServicesUrl,versionUrl:,assetName:,version:1.0,applicationCode:,content:,assetType:COMPONENT_DESIGN,catalog:JAVA,componentType:CUSTOM], actionTaken:BASE_PAGE_AND_VERSION_CREATED}]
[Entering method {com.topcoder.confluence.webservice.delegate.ConfluenceManagerWebServiceDelegate.createPage}]
[Input parameters[{token}:{tokentoken},{pageName}:{Erebus Payment Web Services},{version}:{1.0},{assetType}:{COMPONENT_DESIGN},{catalog}:{JAVA},{applicationCode}:{12345}]]
[Entering method {com.topcoder.confluence.webservice.bean.ConfluenceManagementServiceBean.createPage}]
[Input parameters[{token}:{tokentoken},{pageName}:{Erebus Payment Web Services},{version}:{1.0},{assetType}:{COMPONENT_DESIGN},{catalog}:{JAVA},{applicationCode}:{12345}]]
[Exiting method {com.topcoder.confluence.webservice.bean.ConfluenceManagementServiceBean.createPage}]
[Output parameter {page:[basePageUrl:Erebus Payment Web ServicesUrl,versionUrl:,assetName:,version:1.0,applicationCode:12345,content:,assetType:COMPONENT_DESIGN,catalog:JAVA,componentType:], actionTaken:BASE_PAGE_AND_VERSION_CREATED}]
[Exiting method {com.topcoder.confluence.webservice.delegate.ConfluenceManagerWebServiceDelegate.createPage}]
[Output parameter {page:[basePageUrl:Erebus Payment Web ServicesUrl,versionUrl:,assetName:,version:1.0,applicationCode:12345,content:,assetType:COMPONENT_DESIGN,catalog:JAVA,componentType:], actionTaken:BASE_PAGE_AND_VERSION_CREATED}]
[Entering method {com.topcoder.confluence.webservice.delegate.ConfluenceManagerWebServiceDelegate.retrievePage}]
[Input parameters[{token}:{tokentoken},{pageName}:{Erebus Token Web Services},{version}:{1.0},{assetType}:{COMPONENT_DESIGN},{catalog}:{JAVA},{componentType}:{CUSTOM}]]
[Entering method {com.topcoder.confluence.webservice.bean.ConfluenceManagementServiceBean.retrievePage}]
[Input parameters[{token}:{tokentoken},{pageName}:{Erebus Token Web Services},{version}:{1.0},{assetType}:{COMPONENT_DESIGN},{catalog}:{JAVA},{componentType}:{CUSTOM}]]
[Exiting method {com.topcoder.confluence.webservice.bean.ConfluenceManagementServiceBean.retrievePage}]
[Output parameter {basePageUrl:Erebus Token Web ServicesUrl,versionUrl:,assetName:,version:1.0,applicationCode:,content:,assetType:COMPONENT_DESIGN,catalog:JAVA,componentType:CUSTOM}]
[Exiting method {com.topcoder.confluence.webservice.delegate.ConfluenceManagerWebServiceDelegate.retrievePage}]
[Output parameter {basePageUrl:Erebus Token Web ServicesUrl,versionUrl:,assetName:,version:1.0,applicationCode:,content:,assetType:COMPONENT_DESIGN,catalog:JAVA,componentType:CUSTOM}]
[Entering method {com.topcoder.confluence.webservice.delegate.ConfluenceManagerWebServiceDelegate.logout}]
[Input parameters[{token}:{tokentoken}]]
[Entering method {com.topcoder.confluence.webservice.bean.ConfluenceManagementServiceBean.logout}]
[Input parameters[{token}:{tokentoken}]]
[Exiting method {com.topcoder.confluence.webservice.bean.ConfluenceManagementServiceBean.logout}]
[Exiting method {com.topcoder.confluence.webservice.delegate.ConfluenceManagerWebServiceDelegate.logout}]
[Entering method {com.topcoder.confluence.webservice.delegate.ConfluenceManagerWebServiceDelegate.login}]
[Input parameters[{userName}:{username},{password}:{password}]]
[Entering method {com.topcoder.confluence.webservice.bean.ConfluenceManagementServiceBean.login}]
[Input parameters[{userName}:{username},{password}:{password}]]
[Exiting method {com.topcoder.confluence.webservice.bean.ConfluenceManagementServiceBean.login}]
[Output parameter {tokentoken}]
[Exiting method {com.topcoder.confluence.webservice.delegate.ConfluenceManagerWebServiceDelegate.login}]
[Output parameter {tokentoken}]
[Entering method {com.topcoder.confluence.webservice.delegate.ConfluenceManagerWebServiceDelegate.createPage}]
[Input parameters[{token}:{tokentoken},{pageName}:{Erebus Token Web Services},{version}:{1.0},{assetType}:{COMPONENT_DESIGN},{catalog}:{JAVA},{componentType}:{CUSTOM}]]
[Entering method {com.topcoder.confluence.webservice.bean.ConfluenceManagementServiceBean.createPage}]
[Input parameters[{token}:{tokentoken},{pageName}:{Erebus Token Web Services},{version}:{1.0},{assetType}:{COMPONENT_DESIGN},{catalog}:{JAVA},{componentType}:{CUSTOM}]]
[Exiting method {com.topcoder.confluence.webservice.bean.ConfluenceManagementServiceBean.createPage}]
[Output parameter {page:[basePageUrl:Erebus Token Web ServicesUrl,versionUrl:,assetName:,version:1.0,applicationCode:,content:,assetType:COMPONENT_DESIGN,catalog:JAVA,componentType:CUSTOM], actionTaken:BASE_PAGE_AND_VERSION_CREATED}]
[Exiting method {com.topcoder.confluence.webservice.delegate.ConfluenceManagerWebServiceDelegate.createPage}]
[Output parameter {page:[basePageUrl:Erebus Token Web ServicesUrl,versionUrl:,assetName:,version:1.0,applicationCode:,content:,assetType:COMPONENT_DESIGN,catalog:JAVA,componentType:CUSTOM], actionTaken:BASE_PAGE_AND_VERSION_CREATED}]
[Entering method {com.topcoder.confluence.webservice.delegate.ConfluenceManagerWebServiceDelegate.createPage}]
[Input parameters[{token}:{tokentoken},{pageName}:{Erebus Payment Web Services},{version}:{1.0},{assetType}:{COMPONENT_DESIGN},{catalog}:{JAVA},{applicationCode}:{12345}]]
[Entering method {com.topcoder.confluence.webservice.bean.ConfluenceManagementServiceBean.createPage}]
[Input parameters[{token}:{tokentoken},{pageName}:{Erebus Payment Web Services},{version}:{1.0},{assetType}:{COMPONENT_DESIGN},{catalog}:{JAVA},{applicationCode}:{12345}]]
[Exiting method {com.topcoder.confluence.webservice.bean.ConfluenceManagementServiceBean.createPage}]
[Output parameter {page:[basePageUrl:Erebus Payment Web ServicesUrl,versionUrl:,assetName:,version:1.0,applicationCode:12345,content:,assetType:COMPONENT_DESIGN,catalog:JAVA,componentType:], actionTaken:BASE_PAGE_AND_VERSION_CREATED}]
[Exiting method {com.topcoder.confluence.webservice.delegate.ConfluenceManagerWebServiceDelegate.createPage}]
[Output parameter {page:[basePageUrl:Erebus Payment Web ServicesUrl,versionUrl:,assetName:,version:1.0,applicationCode:12345,content:,assetType:COMPONENT_DESIGN,catalog:JAVA,componentType:], actionTaken:BASE_PAGE_AND_VERSION_CREATED}]
[Entering method {com.topcoder.confluence.webservice.delegate.ConfluenceManagerWebServiceDelegate.retrievePage}]
[Input parameters[{token}:{tokentoken},{pageName}:{Erebus Token Web Services},{version}:{1.0},{assetType}:{COMPONENT_DESIGN},{catalog}:{JAVA},{componentType}:{CUSTOM}]]
[Entering method {com.topcoder.confluence.webservice.bean.ConfluenceManagementServiceBean.retrievePage}]
[Input parameters[{token}:{tokentoken},{pageName}:{Erebus Token Web Services},{version}:{1.0},{assetType}:{COMPONENT_DESIGN},{catalog}:{JAVA},{componentType}:{CUSTOM}]]
[Exiting method {com.topcoder.confluence.webservice.bean.ConfluenceManagementServiceBean.retrievePage}]
[Output parameter {basePageUrl:Erebus Token Web ServicesUrl,versionUrl:,assetName:,version:1.0,applicationCode:,content:,assetType:COMPONENT_DESIGN,catalog:JAVA,componentType:CUSTOM}]
[Exiting method {com.topcoder.confluence.webservice.delegate.ConfluenceManagerWebServiceDelegate.retrievePage}]
[Output parameter {basePageUrl:Erebus Token Web ServicesUrl,versionUrl:,assetName:,version:1.0,applicationCode:,content:,assetType:COMPONENT_DESIGN,catalog:JAVA,componentType:CUSTOM}]
[Entering method {com.topcoder.confluence.webservice.delegate.ConfluenceManagerWebServiceDelegate.logout}]
[Input parameters[{token}:{tokentoken}]]
[Entering method {com.topcoder.confluence.webservice.bean.ConfluenceManagementServiceBean.logout}]
[Input parameters[{token}:{tokentoken}]]
[Exiting method {com.topcoder.confluence.webservice.bean.ConfluenceManagementServiceBean.logout}]
[Exiting method {com.topcoder.confluence.webservice.delegate.ConfluenceManagerWebServiceDelegate.logout}]
[Entering method {com.topcoder.confluence.webservice.delegate.ConfluenceManagerWebServiceDelegate.login}]
[Input parameters[{userName}:{username},{password}:{password}]]
[Entering method {com.topcoder.confluence.webservice.bean.ConfluenceManagementServiceBean.login}]
[Input parameters[{userName}:{username},{password}:{password}]]
[Exiting method {com.topcoder.confluence.webservice.bean.ConfluenceManagementServiceBean.login}]
[Output parameter {tokentoken}]
[Exiting method {com.topcoder.confluence.webservice.delegate.ConfluenceManagerWebServiceDelegate.login}]
[Output parameter {tokentoken}]
[Entering method {com.topcoder.confluence.webservice.delegate.ConfluenceManagerWebServiceDelegate.createPage}]
[Input parameters[{token}:{tokentoken},{pageName}:{Erebus Token Web Services},{version}:{1.0},{assetType}:{COMPONENT_DESIGN},{catalog}:{JAVA},{componentType}:{CUSTOM}]]
[Entering method {com.topcoder.confluence.webservice.bean.ConfluenceManagementServiceBean.createPage}]
[Input parameters[{token}:{tokentoken},{pageName}:{Erebus Token Web Services},{version}:{1.0},{assetType}:{COMPONENT_DESIGN},{catalog}:{JAVA},{componentType}:{CUSTOM}]]
[Exiting method {com.topcoder.confluence.webservice.bean.ConfluenceManagementServiceBean.createPage}]
[Output parameter {page:[basePageUrl:Erebus Token Web ServicesUrl,versionUrl:,assetName:,version:1.0,applicationCode:,content:,assetType:COMPONENT_DESIGN,catalog:JAVA,componentType:CUSTOM], actionTaken:BASE_PAGE_AND_VERSION_CREATED}]
[Exiting method {com.topcoder.confluence.webservice.delegate.ConfluenceManagerWebServiceDelegate.createPage}]
[Output parameter {page:[basePageUrl:Erebus Token Web ServicesUrl,versionUrl:,assetName:,version:1.0,applicationCode:,content:,assetType:COMPONENT_DESIGN,catalog:JAVA,componentType:CUSTOM], actionTaken:BASE_PAGE_AND_VERSION_CREATED}]
[Entering method {com.topcoder.confluence.webservice.delegate.ConfluenceManagerWebServiceDelegate.createPage}]
[Input parameters[{token}:{tokentoken},{pageName}:{Erebus Payment Web Services},{version}:{1.0},{assetType}:{COMPONENT_DESIGN},{catalog}:{JAVA},{applicationCode}:{12345}]]
[Entering method {com.topcoder.confluence.webservice.bean.ConfluenceManagementServiceBean.createPage}]
[Input parameters[{token}:{tokentoken},{pageName}:{Erebus Payment Web Services},{version}:{1.0},{assetType}:{COMPONENT_DESIGN},{catalog}:{JAVA},{applicationCode}:{12345}]]
[Exiting method {com.topcoder.confluence.webservice.bean.ConfluenceManagementServiceBean.createPage}]
[Output parameter {page:[basePageUrl:Erebus Payment Web ServicesUrl,versionUrl:,assetName:,version:1.0,applicationCode:12345,content:,assetType:COMPONENT_DESIGN,catalog:JAVA,componentType:], actionTaken:BASE_PAGE_AND_VERSION_CREATED}]
[Exiting method {com.topcoder.confluence.webservice.delegate.ConfluenceManagerWebServiceDelegate.createPage}]
[Output parameter {page:[basePageUrl:Erebus Payment Web ServicesUrl,versionUrl:,assetName:,version:1.0,applicationCode:12345,content:,assetType:COMPONENT_DESIGN,catalog:JAVA,componentType:], actionTaken:BASE_PAGE_AND_VERSION_CREATED}]
[Entering method {com.topcoder.confluence.webservice.delegate.ConfluenceManagerWebServiceDelegate.retrievePage}]
[Input parameters[{token}:{tokentoken},{pageName}:{Erebus Token Web Services},{version}:{1.0},{assetType}:{COMPONENT_DESIGN},{catalog}:{JAVA},{componentType}:{CUSTOM}]]
[Entering method {com.topcoder.confluence.webservice.bean.ConfluenceManagementServiceBean.retrievePage}]
[Input parameters[{token}:{tokentoken},{pageName}:{Erebus Token Web Services},{version}:{1.0},{assetType}:{COMPONENT_DESIGN},{catalog}:{JAVA},{componentType}:{CUSTOM}]]
[Exiting method {com.topcoder.confluence.webservice.bean.ConfluenceManagementServiceBean.retrievePage}]
[Output parameter {basePageUrl:Erebus Token Web ServicesUrl,versionUrl:,assetName:,version:1.0,applicationCode:,content:,assetType:COMPONENT_DESIGN,catalog:JAVA,componentType:CUSTOM}]
[Exiting method {com.topcoder.confluence.webservice.delegate.ConfluenceManagerWebServiceDelegate.retrievePage}]
[Output parameter {basePageUrl:Erebus Token Web ServicesUrl,versionUrl:,assetName:,version:1.0,applicationCode:,content:,assetType:COMPONENT_DESIGN,catalog:JAVA,componentType:CUSTOM}]
[Entering method {com.topcoder.confluence.webservice.delegate.ConfluenceManagerWebServiceDelegate.logout}]
[Input parameters[{token}:{tokentoken}]]
[Entering method {com.topcoder.confluence.webservice.bean.ConfluenceManagementServiceBean.logout}]
[Input parameters[{token}:{tokentoken}]]
[Exiting method {com.topcoder.confluence.webservice.bean.ConfluenceManagementServiceBean.logout}]
[Exiting method {com.topcoder.confluence.webservice.delegate.ConfluenceManagerWebServiceDelegate.logout}]
[Entering method {com.topcoder.confluence.webservice.delegate.ConfluenceManagerWebServiceDelegate.login}]
[Input parameters[{userName}:{username},{password}:{password}]]
[Entering method {com.topcoder.confluence.webservice.bean.ConfluenceManagementServiceBean.login}]
[Input parameters[{userName}:{username},{password}:{password}]]
[Exiting method {com.topcoder.confluence.webservice.bean.ConfluenceManagementServiceBean.login}]
[Output parameter {tokentoken}]
[Exiting method {com.topcoder.confluence.webservice.delegate.ConfluenceManagerWebServiceDelegate.login}]
[Output parameter {tokentoken}]
[Entering method {com.topcoder.confluence.webservice.delegate.ConfluenceManagerWebServiceDelegate.createPage}]
[Input parameters[{token}:{tokentoken},{pageName}:{Erebus Token Web Services},{version}:{1.0},{assetType}:{COMPONENT_DESIGN},{catalog}:{JAVA},{componentType}:{CUSTOM}]]
[Entering method {com.topcoder.confluence.webservice.bean.ConfluenceManagementServiceBean.createPage}]
[Input parameters[{token}:{tokentoken},{pageName}:{Erebus Token Web Services},{version}:{1.0},{assetType}:{COMPONENT_DESIGN},{catalog}:{JAVA},{componentType}:{CUSTOM}]]
[Exiting method {com.topcoder.confluence.webservice.bean.ConfluenceManagementServiceBean.createPage}]
[Output parameter {page:[basePageUrl:Erebus Token Web ServicesUrl,versionUrl:,assetName:,version:1.0,applicationCode:,content:,assetType:COMPONENT_DESIGN,catalog:JAVA,componentType:CUSTOM], actionTaken:BASE_PAGE_AND_VERSION_CREATED}]
[Exiting method {com.topcoder.confluence.webservice.delegate.ConfluenceManagerWebServiceDelegate.createPage}]
[Output parameter {page:[basePageUrl:Erebus Token Web ServicesUrl,versionUrl:,assetName:,version:1.0,applicationCode:,content:,assetType:COMPONENT_DESIGN,catalog:JAVA,componentType:CUSTOM], actionTaken:BASE_PAGE_AND_VERSION_CREATED}]
[Entering method {com.topcoder.confluence.webservice.delegate.ConfluenceManagerWebServiceDelegate.createPage}]
[Input parameters[{token}:{tokentoken},{pageName}:{Erebus Payment Web Services},{version}:{1.0},{assetType}:{COMPONENT_DESIGN},{catalog}:{JAVA},{applicationCode}:{12345}]]
[Entering method {com.topcoder.confluence.webservice.bean.ConfluenceManagementServiceBean.createPage}]
[Input parameters[{token}:{tokentoken},{pageName}:{Erebus Payment Web Services},{version}:{1.0},{assetType}:{COMPONENT_DESIGN},{catalog}:{JAVA},{applicationCode}:{12345}]]
[Exiting method {com.topcoder.confluence.webservice.bean.ConfluenceManagementServiceBean.createPage}]
[Output parameter {page:[basePageUrl:Erebus Payment Web ServicesUrl,versionUrl:,assetName:,version:1.0,applicationCode:12345,content:,assetType:COMPONENT_DESIGN,catalog:JAVA,componentType:], actionTaken:BASE_PAGE_AND_VERSION_CREATED}]
[Exiting method {com.topcoder.confluence.webservice.delegate.ConfluenceManagerWebServiceDelegate.createPage}]
[Output parameter {page:[basePageUrl:Erebus Payment Web ServicesUrl,versionUrl:,assetName:,version:1.0,applicationCode:12345,content:,assetType:COMPONENT_DESIGN,catalog:JAVA,componentType:], actionTaken:BASE_PAGE_AND_VERSION_CREATED}]
[Entering method {com.topcoder.confluence.webservice.delegate.ConfluenceManagerWebServiceDelegate.retrievePage}]
[Input parameters[{token}:{tokentoken},{pageName}:{Erebus Token Web Services},{version}:{1.0},{assetType}:{COMPONENT_DESIGN},{catalog}:{JAVA},{componentType}:{CUSTOM}]]
[Entering method {com.topcoder.confluence.webservice.bean.ConfluenceManagementServiceBean.retrievePage}]
[Input parameters[{token}:{tokentoken},{pageName}:{Erebus Token Web Services},{version}:{1.0},{assetType}:{COMPONENT_DESIGN},{catalog}:{JAVA},{componentType}:{CUSTOM}]]
[Exiting method {com.topcoder.confluence.webservice.bean.ConfluenceManagementServiceBean.retrievePage}]
[Output parameter {basePageUrl:Erebus Token Web ServicesUrl,versionUrl:,assetName:,version:1.0,applicationCode:,content:,assetType:COMPONENT_DESIGN,catalog:JAVA,componentType:CUSTOM}]
[Exiting method {com.topcoder.confluence.webservice.delegate.ConfluenceManagerWebServiceDelegate.retrievePage}]
[Output parameter {basePageUrl:Erebus Token Web ServicesUrl,versionUrl:,assetName:,version:1.0,applicationCode:,content:,assetType:COMPONENT_DESIGN,catalog:JAVA,componentType:CUSTOM}]
[Entering method {com.topcoder.confluence.webservice.delegate.ConfluenceManagerWebServiceDelegate.logout}]
[Input parameters[{token}:{tokentoken}]]
[Entering method {com.topcoder.confluence.webservice.bean.ConfluenceManagementServiceBean.logout}]
[Input parameters[{token}:{tokentoken}]]
[Exiting method {com.topcoder.confluence.webservice.bean.ConfluenceManagementServiceBean.logout}]
[Exiting method {com.topcoder.confluence.webservice.delegate.ConfluenceManagerWebServiceDelegate.logout}]
[Entering method {com.topcoder.confluence.webservice.delegate.ConfluenceManagerWebServiceDelegate.login}]
[Input parameters[{userName}:{username},{password}:{password}]]
[Entering method {com.topcoder.confluence.webservice.bean.ConfluenceManagementServiceBean.login}]
[Input parameters[{userName}:{username},{password}:{password}]]
[Exiting method {com.topcoder.confluence.webservice.bean.ConfluenceManagementServiceBean.login}]
[Output parameter {tokentoken}]
[Exiting method {com.topcoder.confluence.webservice.delegate.ConfluenceManagerWebServiceDelegate.login}]
[Output parameter {tokentoken}]
[Entering method {com.topcoder.confluence.webservice.delegate.ConfluenceManagerWebServiceDelegate.createPage}]
[Input parameters[{token}:{tokentoken},{pageName}:{Erebus Token Web Services},{version}:{1.0},{assetType}:{COMPONENT_DESIGN},{catalog}:{JAVA},{componentType}:{CUSTOM}]]
[Entering method {com.topcoder.confluence.webservice.bean.ConfluenceManagementServiceBean.createPage}]
[Input parameters[{token}:{tokentoken},{pageName}:{Erebus Token Web Services},{version}:{1.0},{assetType}:{COMPONENT_DESIGN},{catalog}:{JAVA},{componentType}:{CUSTOM}]]
[Exiting method {com.topcoder.confluence.webservice.bean.ConfluenceManagementServiceBean.createPage}]
[Output parameter {page:[basePageUrl:Erebus Token Web ServicesUrl,versionUrl:,assetName:,version:1.0,applicationCode:,content:,assetType:COMPONENT_DESIGN,catalog:JAVA,componentType:CUSTOM], actionTaken:BASE_PAGE_AND_VERSION_CREATED}]
[Exiting method {com.topcoder.confluence.webservice.delegate.ConfluenceManagerWebServiceDelegate.createPage}]
[Output parameter {page:[basePageUrl:Erebus Token Web ServicesUrl,versionUrl:,assetName:,version:1.0,applicationCode:,content:,assetType:COMPONENT_DESIGN,catalog:JAVA,componentType:CUSTOM], actionTaken:BASE_PAGE_AND_VERSION_CREATED}]
[Entering method {com.topcoder.confluence.webservice.delegate.ConfluenceManagerWebServiceDelegate.createPage}]
[Input parameters[{token}:{tokentoken},{pageName}:{Erebus Payment Web Services},{version}:{1.0},{assetType}:{COMPONENT_DESIGN},{catalog}:{JAVA},{applicationCode}:{12345}]]
[Entering method {com.topcoder.confluence.webservice.bean.ConfluenceManagementServiceBean.createPage}]
[Input parameters[{token}:{tokentoken},{pageName}:{Erebus Payment Web Services},{version}:{1.0},{assetType}:{COMPONENT_DESIGN},{catalog}:{JAVA},{applicationCode}:{12345}]]
[Exiting method {com.topcoder.confluence.webservice.bean.ConfluenceManagementServiceBean.createPage}]
[Output parameter {page:[basePageUrl:Erebus Payment Web ServicesUrl,versionUrl:,assetName:,version:1.0,applicationCode:12345,content:,assetType:COMPONENT_DESIGN,catalog:JAVA,componentType:], actionTaken:BASE_PAGE_AND_VERSION_CREATED}]
[Exiting method {com.topcoder.confluence.webservice.delegate.ConfluenceManagerWebServiceDelegate.createPage}]
[Output parameter {page:[basePageUrl:Erebus Payment Web ServicesUrl,versionUrl:,assetName:,version:1.0,applicationCode:12345,content:,assetType:COMPONENT_DESIGN,catalog:JAVA,componentType:], actionTaken:BASE_PAGE_AND_VERSION_CREATED}]
[Entering method {com.topcoder.confluence.webservice.delegate.ConfluenceManagerWebServiceDelegate.retrievePage}]
[Input parameters[{token}:{tokentoken},{pageName}:{Erebus Token Web Services},{version}:{1.0},{assetType}:{COMPONENT_DESIGN},{catalog}:{JAVA},{componentType}:{CUSTOM}]]
[Entering method {com.topcoder.confluence.webservice.bean.ConfluenceManagementServiceBean.retrievePage}]
[Input parameters[{token}:{tokentoken},{pageName}:{Erebus Token Web Services},{version}:{1.0},{assetType}:{COMPONENT_DESIGN},{catalog}:{JAVA},{componentType}:{CUSTOM}]]
[Exiting method {com.topcoder.confluence.webservice.bean.ConfluenceManagementServiceBean.retrievePage}]
[Output parameter {basePageUrl:Erebus Token Web ServicesUrl,versionUrl:,assetName:,version:1.0,applicationCode:,content:,assetType:COMPONENT_DESIGN,catalog:JAVA,componentType:CUSTOM}]
[Exiting method {com.topcoder.confluence.webservice.delegate.ConfluenceManagerWebServiceDelegate.retrievePage}]
[Output parameter {basePageUrl:Erebus Token Web ServicesUrl,versionUrl:,assetName:,version:1.0,applicationCode:,content:,assetType:COMPONENT_DESIGN,catalog:JAVA,componentType:CUSTOM}]
[Entering method {com.topcoder.confluence.webservice.delegate.ConfluenceManagerWebServiceDelegate.logout}]
[Input parameters[{token}:{tokentoken}]]
[Entering method {com.topcoder.confluence.webservice.bean.ConfluenceManagementServiceBean.logout}]
[Input parameters[{token}:{tokentoken}]]
[Exiting method {com.topcoder.confluence.webservice.bean.ConfluenceManagementServiceBean.logout}]
[Exiting method {com.topcoder.confluence.webservice.delegate.ConfluenceManagerWebServiceDelegate.logout}]
[Entering method {com.topcoder.confluence.webservice.delegate.ConfluenceManagerWebServiceDelegate.login}]
[Input parameters[{userName}:{username},{password}:{password}]]
[Entering method {com.topcoder.confluence.webservice.bean.ConfluenceManagementServiceBean.login}]
[Input parameters[{userName}:{username},{password}:{password}]]
[Exiting method {com.topcoder.confluence.webservice.bean.ConfluenceManagementServiceBean.login}]
[Output parameter {tokentoken}]
[Exiting method {com.topcoder.confluence.webservice.delegate.ConfluenceManagerWebServiceDelegate.login}]
[Output parameter {tokentoken}]
[Entering method {com.topcoder.confluence.webservice.delegate.ConfluenceManagerWebServiceDelegate.createPage}]
[Input parameters[{token}:{tokentoken},{pageName}:{Erebus Token Web Services},{version}:{1.0},{assetType}:{COMPONENT_DESIGN},{catalog}:{JAVA},{componentType}:{CUSTOM}]]
[Entering method {com.topcoder.confluence.webservice.bean.ConfluenceManagementServiceBean.createPage}]
[Input parameters[{token}:{tokentoken},{pageName}:{Erebus Token Web Services},{version}:{1.0},{assetType}:{COMPONENT_DESIGN},{catalog}:{JAVA},{componentType}:{CUSTOM}]]
[Exiting method {com.topcoder.confluence.webservice.bean.ConfluenceManagementServiceBean.createPage}]
[Output parameter {page:[basePageUrl:Erebus Token Web ServicesUrl,versionUrl:,assetName:,version:1.0,applicationCode:,content:,assetType:COMPONENT_DESIGN,catalog:JAVA,componentType:CUSTOM], actionTaken:BASE_PAGE_AND_VERSION_CREATED}]
[Exiting method {com.topcoder.confluence.webservice.delegate.ConfluenceManagerWebServiceDelegate.createPage}]
[Output parameter {page:[basePageUrl:Erebus Token Web ServicesUrl,versionUrl:,assetName:,version:1.0,applicationCode:,content:,assetType:COMPONENT_DESIGN,catalog:JAVA,componentType:CUSTOM], actionTaken:BASE_PAGE_AND_VERSION_CREATED}]
[Entering method {com.topcoder.confluence.webservice.delegate.ConfluenceManagerWebServiceDelegate.createPage}]
[Input parameters[{token}:{tokentoken},{pageName}:{Erebus Payment Web Services},{version}:{1.0},{assetType}:{COMPONENT_DESIGN},{catalog}:{JAVA},{applicationCode}:{12345}]]
[Entering method {com.topcoder.confluence.webservice.bean.ConfluenceManagementServiceBean.createPage}]
[Input parameters[{token}:{tokentoken},{pageName}:{Erebus Payment Web Services},{version}:{1.0},{assetType}:{COMPONENT_DESIGN},{catalog}:{JAVA},{applicationCode}:{12345}]]
[Exiting method {com.topcoder.confluence.webservice.bean.ConfluenceManagementServiceBean.createPage}]
[Output parameter {page:[basePageUrl:Erebus Payment Web ServicesUrl,versionUrl:,assetName:,version:1.0,applicationCode:12345,content:,assetType:COMPONENT_DESIGN,catalog:JAVA,componentType:], actionTaken:BASE_PAGE_AND_VERSION_CREATED}]
[Exiting method {com.topcoder.confluence.webservice.delegate.ConfluenceManagerWebServiceDelegate.createPage}]
[Output parameter {page:[basePageUrl:Erebus Payment Web ServicesUrl,versionUrl:,assetName:,version:1.0,applicationCode:12345,content:,assetType:COMPONENT_DESIGN,catalog:JAVA,componentType:], actionTaken:BASE_PAGE_AND_VERSION_CREATED}]
[Entering method {com.topcoder.confluence.webservice.delegate.ConfluenceManagerWebServiceDelegate.retrievePage}]
[Input parameters[{token}:{tokentoken},{pageName}:{Erebus Token Web Services},{version}:{1.0},{assetType}:{COMPONENT_DESIGN},{catalog}:{JAVA},{componentType}:{CUSTOM}]]
[Entering method {com.topcoder.confluence.webservice.bean.ConfluenceManagementServiceBean.retrievePage}]
[Input parameters[{token}:{tokentoken},{pageName}:{Erebus Token Web Services},{version}:{1.0},{assetType}:{COMPONENT_DESIGN},{catalog}:{JAVA},{componentType}:{CUSTOM}]]
[Exiting method {com.topcoder.confluence.webservice.bean.ConfluenceManagementServiceBean.retrievePage}]
[Output parameter {basePageUrl:Erebus Token Web ServicesUrl,versionUrl:,assetName:,version:1.0,applicationCode:,content:,assetType:COMPONENT_DESIGN,catalog:JAVA,componentType:CUSTOM}]
[Exiting method {com.topcoder.confluence.webservice.delegate.ConfluenceManagerWebServiceDelegate.retrievePage}]
[Output parameter {basePageUrl:Erebus Token Web ServicesUrl,versionUrl:,assetName:,version:1.0,applicationCode:,content:,assetType:COMPONENT_DESIGN,catalog:JAVA,componentType:CUSTOM}]
[Entering method {com.topcoder.confluence.webservice.delegate.ConfluenceManagerWebServiceDelegate.logout}]
[Input parameters[{token}:{tokentoken}]]
[Entering method {com.topcoder.confluence.webservice.bean.ConfluenceManagementServiceBean.logout}]
[Input parameters[{token}:{tokentoken}]]
[Exiting method {com.topcoder.confluence.webservice.bean.ConfluenceManagementServiceBean.logout}]
[Exiting method {com.topcoder.confluence.webservice.delegate.ConfluenceManagerWebServiceDelegate.logout}]
[Entering method {com.topcoder.confluence.webservice.delegate.ConfluenceManagerWebServiceDelegate.login}]
[Input parameters[{userName}:{username},{password}:{password}]]
[Entering method {com.topcoder.confluence.webservice.bean.ConfluenceManagementServiceBean.login}]
[Input parameters[{userName}:{username},{password}:{password}]]
[Exiting method {com.topcoder.confluence.webservice.bean.ConfluenceManagementServiceBean.login}]
[Output parameter {tokentoken}]
[Exiting method {com.topcoder.confluence.webservice.delegate.ConfluenceManagerWebServiceDelegate.login}]
[Output parameter {tokentoken}]
[Entering method {com.topcoder.confluence.webservice.delegate.ConfluenceManagerWebServiceDelegate.createPage}]
[Input parameters[{token}:{tokentoken},{pageName}:{Erebus Token Web Services},{version}:{1.0},{assetType}:{COMPONENT_DESIGN},{catalog}:{JAVA},{componentType}:{CUSTOM}]]
[Entering method {com.topcoder.confluence.webservice.bean.ConfluenceManagementServiceBean.createPage}]
[Input parameters[{token}:{tokentoken},{pageName}:{Erebus Token Web Services},{version}:{1.0},{assetType}:{COMPONENT_DESIGN},{catalog}:{JAVA},{componentType}:{CUSTOM}]]
[Exiting method {com.topcoder.confluence.webservice.bean.ConfluenceManagementServiceBean.createPage}]
[Output parameter {page:[basePageUrl:Erebus Token Web ServicesUrl,versionUrl:,assetName:,version:1.0,applicationCode:,content:,assetType:COMPONENT_DESIGN,catalog:JAVA,componentType:CUSTOM], actionTaken:BASE_PAGE_AND_VERSION_CREATED}]
[Exiting method {com.topcoder.confluence.webservice.delegate.ConfluenceManagerWebServiceDelegate.createPage}]
[Output parameter {page:[basePageUrl:Erebus Token Web ServicesUrl,versionUrl:,assetName:,version:1.0,applicationCode:,content:,assetType:COMPONENT_DESIGN,catalog:JAVA,componentType:CUSTOM], actionTaken:BASE_PAGE_AND_VERSION_CREATED}]
[Entering method {com.topcoder.confluence.webservice.delegate.ConfluenceManagerWebServiceDelegate.createPage}]
[Input parameters[{token}:{tokentoken},{pageName}:{Erebus Payment Web Services},{version}:{1.0},{assetType}:{COMPONENT_DESIGN},{catalog}:{JAVA},{applicationCode}:{12345}]]
[Entering method {com.topcoder.confluence.webservice.bean.ConfluenceManagementServiceBean.createPage}]
[Input parameters[{token}:{tokentoken},{pageName}:{Erebus Payment Web Services},{version}:{1.0},{assetType}:{COMPONENT_DESIGN},{catalog}:{JAVA},{applicationCode}:{12345}]]
[Exiting method {com.topcoder.confluence.webservice.bean.ConfluenceManagementServiceBean.createPage}]
[Output parameter {page:[basePageUrl:Erebus Payment Web ServicesUrl,versionUrl:,assetName:,version:1.0,applicationCode:12345,content:,assetType:COMPONENT_DESIGN,catalog:JAVA,componentType:], actionTaken:BASE_PAGE_AND_VERSION_CREATED}]
[Exiting method {com.topcoder.confluence.webservice.delegate.ConfluenceManagerWebServiceDelegate.createPage}]
[Output parameter {page:[basePageUrl:Erebus Payment Web ServicesUrl,versionUrl:,assetName:,version:1.0,applicationCode:12345,content:,assetType:COMPONENT_DESIGN,catalog:JAVA,componentType:], actionTaken:BASE_PAGE_AND_VERSION_CREATED}]
[Entering method {com.topcoder.confluence.webservice.delegate.ConfluenceManagerWebServiceDelegate.retrievePage}]
[Input parameters[{token}:{tokentoken},{pageName}:{Erebus Token Web Services},{version}:{1.0},{assetType}:{COMPONENT_DESIGN},{catalog}:{JAVA},{componentType}:{CUSTOM}]]
[Entering method {com.topcoder.confluence.webservice.bean.ConfluenceManagementServiceBean.retrievePage}]
[Input parameters[{token}:{tokentoken},{pageName}:{Erebus Token Web Services},{version}:{1.0},{assetType}:{COMPONENT_DESIGN},{catalog}:{JAVA},{componentType}:{CUSTOM}]]
[Exiting method {com.topcoder.confluence.webservice.bean.ConfluenceManagementServiceBean.retrievePage}]
[Output parameter {basePageUrl:Erebus Token Web ServicesUrl,versionUrl:,assetName:,version:1.0,applicationCode:,content:,assetType:COMPONENT_DESIGN,catalog:JAVA,componentType:CUSTOM}]
[Exiting method {com.topcoder.confluence.webservice.delegate.ConfluenceManagerWebServiceDelegate.retrievePage}]
[Output parameter {basePageUrl:Erebus Token Web ServicesUrl,versionUrl:,assetName:,version:1.0,applicationCode:,content:,assetType:COMPONENT_DESIGN,catalog:JAVA,componentType:CUSTOM}]
[Entering method {com.topcoder.confluence.webservice.delegate.ConfluenceManagerWebServiceDelegate.logout}]
[Input parameters[{token}:{tokentoken}]]
[Entering method {com.topcoder.confluence.webservice.bean.ConfluenceManagementServiceBean.logout}]
[Input parameters[{token}:{tokentoken}]]
[Exiting method {com.topcoder.confluence.webservice.bean.ConfluenceManagementServiceBean.logout}]
[Exiting method {com.topcoder.confluence.webservice.delegate.ConfluenceManagerWebServiceDelegate.logout}]
[Entering method {com.topcoder.confluence.webservice.delegate.ConfluenceManagerWebServiceDelegate.login}]
[Input parameters[{userName}:{username},{password}:{password}]]
[Entering method {com.topcoder.confluence.webservice.bean.ConfluenceManagementServiceBean.login}]
[Input parameters[{userName}:{username},{password}:{password}]]
[Exiting method {com.topcoder.confluence.webservice.bean.ConfluenceManagementServiceBean.login}]
[Output parameter {tokentoken}]
[Exiting method {com.topcoder.confluence.webservice.delegate.ConfluenceManagerWebServiceDelegate.login}]
[Output parameter {tokentoken}]
[Entering method {com.topcoder.confluence.webservice.delegate.ConfluenceManagerWebServiceDelegate.createPage}]
[Input parameters[{token}:{tokentoken},{pageName}:{Erebus Token Web Services},{version}:{1.0},{assetType}:{COMPONENT_DESIGN},{catalog}:{JAVA},{componentType}:{CUSTOM}]]
[Entering method {com.topcoder.confluence.webservice.bean.ConfluenceManagementServiceBean.createPage}]
[Input parameters[{token}:{tokentoken},{pageName}:{Erebus Token Web Services},{version}:{1.0},{assetType}:{COMPONENT_DESIGN},{catalog}:{JAVA},{componentType}:{CUSTOM}]]
[Exiting method {com.topcoder.confluence.webservice.bean.ConfluenceManagementServiceBean.createPage}]
[Output parameter {page:[basePageUrl:Erebus Token Web ServicesUrl,versionUrl:,assetName:,version:1.0,applicationCode:,content:,assetType:COMPONENT_DESIGN,catalog:JAVA,componentType:CUSTOM], actionTaken:BASE_PAGE_AND_VERSION_CREATED}]
[Exiting method {com.topcoder.confluence.webservice.delegate.ConfluenceManagerWebServiceDelegate.createPage}]
[Output parameter {page:[basePageUrl:Erebus Token Web ServicesUrl,versionUrl:,assetName:,version:1.0,applicationCode:,content:,assetType:COMPONENT_DESIGN,catalog:JAVA,componentType:CUSTOM], actionTaken:BASE_PAGE_AND_VERSION_CREATED}]
[Entering method {com.topcoder.confluence.webservice.delegate.ConfluenceManagerWebServiceDelegate.createPage}]
[Input parameters[{token}:{tokentoken},{pageName}:{Erebus Payment Web Services},{version}:{1.0},{assetType}:{COMPONENT_DESIGN},{catalog}:{JAVA},{applicationCode}:{12345}]]
[Entering method {com.topcoder.confluence.webservice.bean.ConfluenceManagementServiceBean.createPage}]
[Input parameters[{token}:{tokentoken},{pageName}:{Erebus Payment Web Services},{version}:{1.0},{assetType}:{COMPONENT_DESIGN},{catalog}:{JAVA},{applicationCode}:{12345}]]
[Exiting method {com.topcoder.confluence.webservice.bean.ConfluenceManagementServiceBean.createPage}]
[Output parameter {page:[basePageUrl:Erebus Payment Web ServicesUrl,versionUrl:,assetName:,version:1.0,applicationCode:12345,content:,assetType:COMPONENT_DESIGN,catalog:JAVA,componentType:], actionTaken:BASE_PAGE_AND_VERSION_CREATED}]
[Exiting method {com.topcoder.confluence.webservice.delegate.ConfluenceManagerWebServiceDelegate.createPage}]
[Output parameter {page:[basePageUrl:Erebus Payment Web ServicesUrl,versionUrl:,assetName:,version:1.0,applicationCode:12345,content:,assetType:COMPONENT_DESIGN,catalog:JAVA,componentType:], actionTaken:BASE_PAGE_AND_VERSION_CREATED}]
[Entering method {com.topcoder.confluence.webservice.delegate.ConfluenceManagerWebServiceDelegate.retrievePage}]
[Input parameters[{token}:{tokentoken},{pageName}:{Erebus Token Web Services},{version}:{1.0},{assetType}:{COMPONENT_DESIGN},{catalog}:{JAVA},{componentType}:{CUSTOM}]]
[Entering method {com.topcoder.confluence.webservice.bean.ConfluenceManagementServiceBean.retrievePage}]
[Input parameters[{token}:{tokentoken},{pageName}:{Erebus Token Web Services},{version}:{1.0},{assetType}:{COMPONENT_DESIGN},{catalog}:{JAVA},{componentType}:{CUSTOM}]]
[Exiting method {com.topcoder.confluence.webservice.bean.ConfluenceManagementServiceBean.retrievePage}]
[Output parameter {basePageUrl:Erebus Token Web ServicesUrl,versionUrl:,assetName:,version:1.0,applicationCode:,content:,assetType:COMPONENT_DESIGN,catalog:JAVA,componentType:CUSTOM}]
[Exiting method {com.topcoder.confluence.webservice.delegate.ConfluenceManagerWebServiceDelegate.retrievePage}]
[Output parameter {basePageUrl:Erebus Token Web ServicesUrl,versionUrl:,assetName:,version:1.0,applicationCode:,content:,assetType:COMPONENT_DESIGN,catalog:JAVA,componentType:CUSTOM}]
[Entering method {com.topcoder.confluence.webservice.delegate.ConfluenceManagerWebServiceDelegate.logout}]
[Input parameters[{token}:{tokentoken}]]
[Entering method {com.topcoder.confluence.webservice.bean.ConfluenceManagementServiceBean.logout}]
[Input parameters[{token}:{tokentoken}]]
[Exiting method {com.topcoder.confluence.webservice.bean.ConfluenceManagementServiceBean.logout}]
[Exiting method {com.topcoder.confluence.webservice.delegate.ConfluenceManagerWebServiceDelegate.logout}]
[Entering method {com.topcoder.confluence.webservice.delegate.ConfluenceManagerWebServiceDelegate.login}]
[Input parameters[{userName}:{username},{password}:{password}]]
[Entering method {com.topcoder.confluence.webservice.bean.ConfluenceManagementServiceBean.login}]
[Input parameters[{userName}:{username},{password}:{password}]]
[Exiting method {com.topcoder.confluence.webservice.bean.ConfluenceManagementServiceBean.login}]
[Output parameter {tokentoken}]
[Exiting method {com.topcoder.confluence.webservice.delegate.ConfluenceManagerWebServiceDelegate.login}]
[Output parameter {tokentoken}]
[Entering method {com.topcoder.confluence.webservice.delegate.ConfluenceManagerWebServiceDelegate.createPage}]
[Input parameters[{token}:{tokentoken},{pageName}:{Erebus Token Web Services},{version}:{1.0},{assetType}:{COMPONENT_DESIGN},{catalog}:{JAVA},{componentType}:{CUSTOM}]]
[Entering method {com.topcoder.confluence.webservice.bean.ConfluenceManagementServiceBean.createPage}]
[Input parameters[{token}:{tokentoken},{pageName}:{Erebus Token Web Services},{version}:{1.0},{assetType}:{COMPONENT_DESIGN},{catalog}:{JAVA},{componentType}:{CUSTOM}]]
[Exiting method {com.topcoder.confluence.webservice.bean.ConfluenceManagementServiceBean.createPage}]
[Output parameter {page:[basePageUrl:Erebus Token Web ServicesUrl,versionUrl:,assetName:,version:1.0,applicationCode:,content:,assetType:COMPONENT_DESIGN,catalog:JAVA,componentType:CUSTOM], actionTaken:BASE_PAGE_AND_VERSION_CREATED}]
[Exiting method {com.topcoder.confluence.webservice.delegate.ConfluenceManagerWebServiceDelegate.createPage}]
[Output parameter {page:[basePageUrl:Erebus Token Web ServicesUrl,versionUrl:,assetName:,version:1.0,applicationCode:,content:,assetType:COMPONENT_DESIGN,catalog:JAVA,componentType:CUSTOM], actionTaken:BASE_PAGE_AND_VERSION_CREATED}]
[Entering method {com.topcoder.confluence.webservice.delegate.ConfluenceManagerWebServiceDelegate.createPage}]
[Input parameters[{token}:{tokentoken},{pageName}:{Erebus Payment Web Services},{version}:{1.0},{assetType}:{COMPONENT_DESIGN},{catalog}:{JAVA},{applicationCode}:{12345}]]
[Entering method {com.topcoder.confluence.webservice.bean.ConfluenceManagementServiceBean.createPage}]
[Input parameters[{token}:{tokentoken},{pageName}:{Erebus Payment Web Services},{version}:{1.0},{assetType}:{COMPONENT_DESIGN},{catalog}:{JAVA},{applicationCode}:{12345}]]
[Exiting method {com.topcoder.confluence.webservice.bean.ConfluenceManagementServiceBean.createPage}]
[Output parameter {page:[basePageUrl:Erebus Payment Web ServicesUrl,versionUrl:,assetName:,version:1.0,applicationCode:12345,content:,assetType:COMPONENT_DESIGN,catalog:JAVA,componentType:], actionTaken:BASE_PAGE_AND_VERSION_CREATED}]
[Exiting method {com.topcoder.confluence.webservice.delegate.ConfluenceManagerWebServiceDelegate.createPage}]
[Output parameter {page:[basePageUrl:Erebus Payment Web ServicesUrl,versionUrl:,assetName:,version:1.0,applicationCode:12345,content:,assetType:COMPONENT_DESIGN,catalog:JAVA,componentType:], actionTaken:BASE_PAGE_AND_VERSION_CREATED}]
[Entering method {com.topcoder.confluence.webservice.delegate.ConfluenceManagerWebServiceDelegate.retrievePage}]
[Input parameters[{token}:{tokentoken},{pageName}:{Erebus Token Web Services},{version}:{1.0},{assetType}:{COMPONENT_DESIGN},{catalog}:{JAVA},{componentType}:{CUSTOM}]]
[Entering method {com.topcoder.confluence.webservice.bean.ConfluenceManagementServiceBean.retrievePage}]
[Input parameters[{token}:{tokentoken},{pageName}:{Erebus Token Web Services},{version}:{1.0},{assetType}:{COMPONENT_DESIGN},{catalog}:{JAVA},{componentType}:{CUSTOM}]]
[Exiting method {com.topcoder.confluence.webservice.bean.ConfluenceManagementServiceBean.retrievePage}]
[Output parameter {basePageUrl:Erebus Token Web ServicesUrl,versionUrl:,assetName:,version:1.0,applicationCode:,content:,assetType:COMPONENT_DESIGN,catalog:JAVA,componentType:CUSTOM}]
[Exiting method {com.topcoder.confluence.webservice.delegate.ConfluenceManagerWebServiceDelegate.retrievePage}]
[Output parameter {basePageUrl:Erebus Token Web ServicesUrl,versionUrl:,assetName:,version:1.0,applicationCode:,content:,assetType:COMPONENT_DESIGN,catalog:JAVA,componentType:CUSTOM}]
[Entering method {com.topcoder.confluence.webservice.delegate.ConfluenceManagerWebServiceDelegate.logout}]
[Input parameters[{token}:{tokentoken}]]
[Entering method {com.topcoder.confluence.webservice.bean.ConfluenceManagementServiceBean.logout}]
[Input parameters[{token}:{tokentoken}]]
[Exiting method {com.topcoder.confluence.webservice.bean.ConfluenceManagementServiceBean.logout}]
[Exiting method {com.topcoder.confluence.webservice.delegate.ConfluenceManagerWebServiceDelegate.logout}]
[Entering method {com.topcoder.confluence.webservice.delegate.ConfluenceManagerWebServiceDelegate.login}]
[Input parameters[{userName}:{username},{password}:{password}]]
[Entering method {com.topcoder.confluence.webservice.bean.ConfluenceManagementServiceBean.login}]
[Input parameters[{userName}:{username},{password}:{password}]]
[Exiting method {com.topcoder.confluence.webservice.bean.ConfluenceManagementServiceBean.login}]
[Output parameter {tokentoken}]
[Exiting method {com.topcoder.confluence.webservice.delegate.ConfluenceManagerWebServiceDelegate.login}]
[Output parameter {tokentoken}]
[Entering method {com.topcoder.confluence.webservice.delegate.ConfluenceManagerWebServiceDelegate.createPage}]
[Input parameters[{token}:{tokentoken},{pageName}:{Erebus Token Web Services},{version}:{1.0},{assetType}:{COMPONENT_DESIGN},{catalog}:{JAVA},{componentType}:{CUSTOM}]]
[Entering method {com.topcoder.confluence.webservice.bean.ConfluenceManagementServiceBean.createPage}]
[Input parameters[{token}:{tokentoken},{pageName}:{Erebus Token Web Services},{version}:{1.0},{assetType}:{COMPONENT_DESIGN},{catalog}:{JAVA},{componentType}:{CUSTOM}]]
[Exiting method {com.topcoder.confluence.webservice.bean.ConfluenceManagementServiceBean.createPage}]
[Output parameter {page:[basePageUrl:Erebus Token Web ServicesUrl,versionUrl:,assetName:,version:1.0,applicationCode:,content:,assetType:COMPONENT_DESIGN,catalog:JAVA,componentType:CUSTOM], actionTaken:BASE_PAGE_AND_VERSION_CREATED}]
[Exiting method {com.topcoder.confluence.webservice.delegate.ConfluenceManagerWebServiceDelegate.createPage}]
[Output parameter {page:[basePageUrl:Erebus Token Web ServicesUrl,versionUrl:,assetName:,version:1.0,applicationCode:,content:,assetType:COMPONENT_DESIGN,catalog:JAVA,componentType:CUSTOM], actionTaken:BASE_PAGE_AND_VERSION_CREATED}]
[Entering method {com.topcoder.confluence.webservice.delegate.ConfluenceManagerWebServiceDelegate.createPage}]
[Input parameters[{token}:{tokentoken},{pageName}:{Erebus Payment Web Services},{version}:{1.0},{assetType}:{COMPONENT_DESIGN},{catalog}:{JAVA},{applicationCode}:{12345}]]
[Entering method {com.topcoder.confluence.webservice.bean.ConfluenceManagementServiceBean.createPage}]
[Input parameters[{token}:{tokentoken},{pageName}:{Erebus Payment Web Services},{version}:{1.0},{assetType}:{COMPONENT_DESIGN},{catalog}:{JAVA},{applicationCode}:{12345}]]
[Exiting method {com.topcoder.confluence.webservice.bean.ConfluenceManagementServiceBean.createPage}]
[Output parameter {page:[basePageUrl:Erebus Payment Web ServicesUrl,versionUrl:,assetName:,version:1.0,applicationCode:12345,content:,assetType:COMPONENT_DESIGN,catalog:JAVA,componentType:], actionTaken:BASE_PAGE_AND_VERSION_CREATED}]
[Exiting method {com.topcoder.confluence.webservice.delegate.ConfluenceManagerWebServiceDelegate.createPage}]
[Output parameter {page:[basePageUrl:Erebus Payment Web ServicesUrl,versionUrl:,assetName:,version:1.0,applicationCode:12345,content:,assetType:COMPONENT_DESIGN,catalog:JAVA,componentType:], actionTaken:BASE_PAGE_AND_VERSION_CREATED}]
[Entering method {com.topcoder.confluence.webservice.delegate.ConfluenceManagerWebServiceDelegate.retrievePage}]
[Input parameters[{token}:{tokentoken},{pageName}:{Erebus Token Web Services},{version}:{1.0},{assetType}:{COMPONENT_DESIGN},{catalog}:{JAVA},{componentType}:{CUSTOM}]]
[Entering method {com.topcoder.confluence.webservice.bean.ConfluenceManagementServiceBean.retrievePage}]
[Input parameters[{token}:{tokentoken},{pageName}:{Erebus Token Web Services},{version}:{1.0},{assetType}:{COMPONENT_DESIGN},{catalog}:{JAVA},{componentType}:{CUSTOM}]]
[Exiting method {com.topcoder.confluence.webservice.bean.ConfluenceManagementServiceBean.retrievePage}]
[Output parameter {basePageUrl:Erebus Token Web ServicesUrl,versionUrl:,assetName:,version:1.0,applicationCode:,content:,assetType:COMPONENT_DESIGN,catalog:JAVA,componentType:CUSTOM}]
[Exiting method {com.topcoder.confluence.webservice.delegate.ConfluenceManagerWebServiceDelegate.retrievePage}]
[Output parameter {basePageUrl:Erebus Token Web ServicesUrl,versionUrl:,assetName:,version:1.0,applicationCode:,content:,assetType:COMPONENT_DESIGN,catalog:JAVA,componentType:CUSTOM}]
[Entering method {com.topcoder.confluence.webservice.delegate.ConfluenceManagerWebServiceDelegate.logout}]
[Input parameters[{token}:{tokentoken}]]
[Entering method {com.topcoder.confluence.webservice.bean.ConfluenceManagementServiceBean.logout}]
[Input parameters[{token}:{tokentoken}]]
[Exiting method {com.topcoder.confluence.webservice.bean.ConfluenceManagementServiceBean.logout}]
[Exiting method {com.topcoder.confluence.webservice.delegate.ConfluenceManagerWebServiceDelegate.logout}]
[Entering method {com.topcoder.confluence.webservice.delegate.ConfluenceManagerWebServiceDelegate.login}]
[Input parameters[{userName}:{username},{password}:{password}]]
[Entering method {com.topcoder.confluence.webservice.bean.ConfluenceManagementServiceBean.login}]
[Input parameters[{userName}:{username},{password}:{password}]]
[Exiting method {com.topcoder.confluence.webservice.bean.ConfluenceManagementServiceBean.login}]
[Output parameter {tokentoken}]
[Exiting method {com.topcoder.confluence.webservice.delegate.ConfluenceManagerWebServiceDelegate.login}]
[Output parameter {tokentoken}]
[Entering method {com.topcoder.confluence.webservice.delegate.ConfluenceManagerWebServiceDelegate.createPage}]
[Input parameters[{token}:{tokentoken},{pageName}:{Erebus Token Web Services},{version}:{1.0},{assetType}:{COMPONENT_DESIGN},{catalog}:{JAVA},{componentType}:{CUSTOM}]]
[Entering method {com.topcoder.confluence.webservice.bean.ConfluenceManagementServiceBean.createPage}]
[Input parameters[{token}:{tokentoken},{pageName}:{Erebus Token Web Services},{version}:{1.0},{assetType}:{COMPONENT_DESIGN},{catalog}:{JAVA},{componentType}:{CUSTOM}]]
[Exiting method {com.topcoder.confluence.webservice.bean.ConfluenceManagementServiceBean.createPage}]
[Output parameter {page:[basePageUrl:Erebus Token Web ServicesUrl,versionUrl:,assetName:,version:1.0,applicationCode:,content:,assetType:COMPONENT_DESIGN,catalog:JAVA,componentType:CUSTOM], actionTaken:BASE_PAGE_AND_VERSION_CREATED}]
[Exiting method {com.topcoder.confluence.webservice.delegate.ConfluenceManagerWebServiceDelegate.createPage}]
[Output parameter {page:[basePageUrl:Erebus Token Web ServicesUrl,versionUrl:,assetName:,version:1.0,applicationCode:,content:,assetType:COMPONENT_DESIGN,catalog:JAVA,componentType:CUSTOM], actionTaken:BASE_PAGE_AND_VERSION_CREATED}]
[Entering method {com.topcoder.confluence.webservice.delegate.ConfluenceManagerWebServiceDelegate.createPage}]
[Input parameters[{token}:{tokentoken},{pageName}:{Erebus Payment Web Services},{version}:{1.0},{assetType}:{COMPONENT_DESIGN},{catalog}:{JAVA},{applicationCode}:{12345}]]
[Entering method {com.topcoder.confluence.webservice.bean.ConfluenceManagementServiceBean.createPage}]
[Input parameters[{token}:{tokentoken},{pageName}:{Erebus Payment Web Services},{version}:{1.0},{assetType}:{COMPONENT_DESIGN},{catalog}:{JAVA},{applicationCode}:{12345}]]
[Exiting method {com.topcoder.confluence.webservice.bean.ConfluenceManagementServiceBean.createPage}]
[Output parameter {page:[basePageUrl:Erebus Payment Web ServicesUrl,versionUrl:,assetName:,version:1.0,applicationCode:12345,content:,assetType:COMPONENT_DESIGN,catalog:JAVA,componentType:], actionTaken:BASE_PAGE_AND_VERSION_CREATED}]
[Exiting method {com.topcoder.confluence.webservice.delegate.ConfluenceManagerWebServiceDelegate.createPage}]
[Output parameter {page:[basePageUrl:Erebus Payment Web ServicesUrl,versionUrl:,assetName:,version:1.0,applicationCode:12345,content:,assetType:COMPONENT_DESIGN,catalog:JAVA,componentType:], actionTaken:BASE_PAGE_AND_VERSION_CREATED}]
[Entering method {com.topcoder.confluence.webservice.delegate.ConfluenceManagerWebServiceDelegate.retrievePage}]
[Input parameters[{token}:{tokentoken},{pageName}:{Erebus Token Web Services},{version}:{1.0},{assetType}:{COMPONENT_DESIGN},{catalog}:{JAVA},{componentType}:{CUSTOM}]]
[Entering method {com.topcoder.confluence.webservice.bean.ConfluenceManagementServiceBean.retrievePage}]
[Input parameters[{token}:{tokentoken},{pageName}:{Erebus Token Web Services},{version}:{1.0},{assetType}:{COMPONENT_DESIGN},{catalog}:{JAVA},{componentType}:{CUSTOM}]]
[Exiting method {com.topcoder.confluence.webservice.bean.ConfluenceManagementServiceBean.retrievePage}]
[Output parameter {basePageUrl:Erebus Token Web ServicesUrl,versionUrl:,assetName:,version:1.0,applicationCode:,content:,assetType:COMPONENT_DESIGN,catalog:JAVA,componentType:CUSTOM}]
[Exiting method {com.topcoder.confluence.webservice.delegate.ConfluenceManagerWebServiceDelegate.retrievePage}]
[Output parameter {basePageUrl:Erebus Token Web ServicesUrl,versionUrl:,assetName:,version:1.0,applicationCode:,content:,assetType:COMPONENT_DESIGN,catalog:JAVA,componentType:CUSTOM}]
[Entering method {com.topcoder.confluence.webservice.delegate.ConfluenceManagerWebServiceDelegate.logout}]
[Input parameters[{token}:{tokentoken}]]
[Entering method {com.topcoder.confluence.webservice.bean.ConfluenceManagementServiceBean.logout}]
[Input parameters[{token}:{tokentoken}]]
[Exiting method {com.topcoder.confluence.webservice.bean.ConfluenceManagementServiceBean.logout}]
[Exiting method {com.topcoder.confluence.webservice.delegate.ConfluenceManagerWebServiceDelegate.logout}]
[Entering method {com.topcoder.confluence.webservice.delegate.ConfluenceManagerWebServiceDelegate.login}]
[Input parameters[{userName}:{username},{password}:{password}]]
[Entering method {com.topcoder.confluence.webservice.bean.ConfluenceManagementServiceBean.login}]
[Input parameters[{userName}:{username},{password}:{password}]]
[Exiting method {com.topcoder.confluence.webservice.bean.ConfluenceManagementServiceBean.login}]
[Output parameter {tokentoken}]
[Exiting method {com.topcoder.confluence.webservice.delegate.ConfluenceManagerWebServiceDelegate.login}]
[Output parameter {tokentoken}]
[Entering method {com.topcoder.confluence.webservice.delegate.ConfluenceManagerWebServiceDelegate.createPage}]
[Input parameters[{token}:{tokentoken},{pageName}:{Erebus Token Web Services},{version}:{1.0},{assetType}:{COMPONENT_DESIGN},{catalog}:{JAVA},{componentType}:{CUSTOM}]]
[Entering method {com.topcoder.confluence.webservice.bean.ConfluenceManagementServiceBean.createPage}]
[Input parameters[{token}:{tokentoken},{pageName}:{Erebus Token Web Services},{version}:{1.0},{assetType}:{COMPONENT_DESIGN},{catalog}:{JAVA},{componentType}:{CUSTOM}]]
[Exiting method {com.topcoder.confluence.webservice.bean.ConfluenceManagementServiceBean.createPage}]
[Output parameter {page:[basePageUrl:Erebus Token Web ServicesUrl,versionUrl:,assetName:,version:1.0,applicationCode:,content:,assetType:COMPONENT_DESIGN,catalog:JAVA,componentType:CUSTOM], actionTaken:BASE_PAGE_AND_VERSION_CREATED}]
[Exiting method {com.topcoder.confluence.webservice.delegate.ConfluenceManagerWebServiceDelegate.createPage}]
[Output parameter {page:[basePageUrl:Erebus Token Web ServicesUrl,versionUrl:,assetName:,version:1.0,applicationCode:,content:,assetType:COMPONENT_DESIGN,catalog:JAVA,componentType:CUSTOM], actionTaken:BASE_PAGE_AND_VERSION_CREATED}]
[Entering method {com.topcoder.confluence.webservice.delegate.ConfluenceManagerWebServiceDelegate.createPage}]
[Input parameters[{token}:{tokentoken},{pageName}:{Erebus Payment Web Services},{version}:{1.0},{assetType}:{COMPONENT_DESIGN},{catalog}:{JAVA},{applicationCode}:{12345}]]
[Entering method {com.topcoder.confluence.webservice.bean.ConfluenceManagementServiceBean.createPage}]
[Input parameters[{token}:{tokentoken},{pageName}:{Erebus Payment Web Services},{version}:{1.0},{assetType}:{COMPONENT_DESIGN},{catalog}:{JAVA},{applicationCode}:{12345}]]
[Exiting method {com.topcoder.confluence.webservice.bean.ConfluenceManagementServiceBean.createPage}]
[Output parameter {page:[basePageUrl:Erebus Payment Web ServicesUrl,versionUrl:,assetName:,version:1.0,applicationCode:12345,content:,assetType:COMPONENT_DESIGN,catalog:JAVA,componentType:], actionTaken:BASE_PAGE_AND_VERSION_CREATED}]
[Exiting method {com.topcoder.confluence.webservice.delegate.ConfluenceManagerWebServiceDelegate.createPage}]
[Output parameter {page:[basePageUrl:Erebus Payment Web ServicesUrl,versionUrl:,assetName:,version:1.0,applicationCode:12345,content:,assetType:COMPONENT_DESIGN,catalog:JAVA,componentType:], actionTaken:BASE_PAGE_AND_VERSION_CREATED}]
[Entering method {com.topcoder.confluence.webservice.delegate.ConfluenceManagerWebServiceDelegate.retrievePage}]
[Input parameters[{token}:{tokentoken},{pageName}:{Erebus Token Web Services},{version}:{1.0},{assetType}:{COMPONENT_DESIGN},{catalog}:{JAVA},{componentType}:{CUSTOM}]]
[Entering method {com.topcoder.confluence.webservice.bean.ConfluenceManagementServiceBean.retrievePage}]
[Input parameters[{token}:{tokentoken},{pageName}:{Erebus Token Web Services},{version}:{1.0},{assetType}:{COMPONENT_DESIGN},{catalog}:{JAVA},{componentType}:{CUSTOM}]]
[Exiting method {com.topcoder.confluence.webservice.bean.ConfluenceManagementServiceBean.retrievePage}]
[Output parameter {basePageUrl:Erebus Token Web ServicesUrl,versionUrl:,assetName:,version:1.0,applicationCode:,content:,assetType:COMPONENT_DESIGN,catalog:JAVA,componentType:CUSTOM}]
[Exiting method {com.topcoder.confluence.webservice.delegate.ConfluenceManagerWebServiceDelegate.retrievePage}]
[Output parameter {basePageUrl:Erebus Token Web ServicesUrl,versionUrl:,assetName:,version:1.0,applicationCode:,content:,assetType:COMPONENT_DESIGN,catalog:JAVA,componentType:CUSTOM}]
[Entering method {com.topcoder.confluence.webservice.delegate.ConfluenceManagerWebServiceDelegate.logout}]
[Input parameters[{token}:{tokentoken}]]
[Entering method {com.topcoder.confluence.webservice.bean.ConfluenceManagementServiceBean.logout}]
[Input parameters[{token}:{tokentoken}]]
[Exiting method {com.topcoder.confluence.webservice.bean.ConfluenceManagementServiceBean.logout}]
[Exiting method {com.topcoder.confluence.webservice.delegate.ConfluenceManagerWebServiceDelegate.logout}]
[Entering method {com.topcoder.confluence.webservice.delegate.ConfluenceManagerWebServiceDelegate.login}]
[Input parameters[{userName}:{username},{password}:{password}]]
[Entering method {com.topcoder.confluence.webservice.bean.ConfluenceManagementServiceBean.login}]
[Input parameters[{userName}:{username},{password}:{password}]]
[Exiting method {com.topcoder.confluence.webservice.bean.ConfluenceManagementServiceBean.login}]
[Output parameter {tokentoken}]
[Exiting method {com.topcoder.confluence.webservice.delegate.ConfluenceManagerWebServiceDelegate.login}]
[Output parameter {tokentoken}]
[Entering method {com.topcoder.confluence.webservice.delegate.ConfluenceManagerWebServiceDelegate.createPage}]
[Input parameters[{token}:{tokentoken},{pageName}:{Erebus Token Web Services},{version}:{1.0},{assetType}:{COMPONENT_DESIGN},{catalog}:{JAVA},{componentType}:{CUSTOM}]]
[Entering method {com.topcoder.confluence.webservice.bean.ConfluenceManagementServiceBean.createPage}]
[Input parameters[{token}:{tokentoken},{pageName}:{Erebus Token Web Services},{version}:{1.0},{assetType}:{COMPONENT_DESIGN},{catalog}:{JAVA},{componentType}:{CUSTOM}]]
[Exiting method {com.topcoder.confluence.webservice.bean.ConfluenceManagementServiceBean.createPage}]
[Output parameter {page:[basePageUrl:Erebus Token Web ServicesUrl,versionUrl:,assetName:,version:1.0,applicationCode:,content:,assetType:COMPONENT_DESIGN,catalog:JAVA,componentType:CUSTOM], actionTaken:BASE_PAGE_AND_VERSION_CREATED}]
[Exiting method {com.topcoder.confluence.webservice.delegate.ConfluenceManagerWebServiceDelegate.createPage}]
[Output parameter {page:[basePageUrl:Erebus Token Web ServicesUrl,versionUrl:,assetName:,version:1.0,applicationCode:,content:,assetType:COMPONENT_DESIGN,catalog:JAVA,componentType:CUSTOM], actionTaken:BASE_PAGE_AND_VERSION_CREATED}]
[Entering method {com.topcoder.confluence.webservice.delegate.ConfluenceManagerWebServiceDelegate.createPage}]
[Input parameters[{token}:{tokentoken},{pageName}:{Erebus Payment Web Services},{version}:{1.0},{assetType}:{COMPONENT_DESIGN},{catalog}:{JAVA},{applicationCode}:{12345}]]
[Entering method {com.topcoder.confluence.webservice.bean.ConfluenceManagementServiceBean.createPage}]
[Input parameters[{token}:{tokentoken},{pageName}:{Erebus Payment Web Services},{version}:{1.0},{assetType}:{COMPONENT_DESIGN},{catalog}:{JAVA},{applicationCode}:{12345}]]
[Exiting method {com.topcoder.confluence.webservice.bean.ConfluenceManagementServiceBean.createPage}]
[Output parameter {page:[basePageUrl:Erebus Payment Web ServicesUrl,versionUrl:,assetName:,version:1.0,applicationCode:12345,content:,assetType:COMPONENT_DESIGN,catalog:JAVA,componentType:], actionTaken:BASE_PAGE_AND_VERSION_CREATED}]
[Exiting method {com.topcoder.confluence.webservice.delegate.ConfluenceManagerWebServiceDelegate.createPage}]
[Output parameter {page:[basePageUrl:Erebus Payment Web ServicesUrl,versionUrl:,assetName:,version:1.0,applicationCode:12345,content:,assetType:COMPONENT_DESIGN,catalog:JAVA,componentType:], actionTaken:BASE_PAGE_AND_VERSION_CREATED}]
[Entering method {com.topcoder.confluence.webservice.delegate.ConfluenceManagerWebServiceDelegate.retrievePage}]
[Input parameters[{token}:{tokentoken},{pageName}:{Erebus Token Web Services},{version}:{1.0},{assetType}:{COMPONENT_DESIGN},{catalog}:{JAVA},{componentType}:{CUSTOM}]]
[Entering method {com.topcoder.confluence.webservice.bean.ConfluenceManagementServiceBean.retrievePage}]
[Input parameters[{token}:{tokentoken},{pageName}:{Erebus Token Web Services},{version}:{1.0},{assetType}:{COMPONENT_DESIGN},{catalog}:{JAVA},{componentType}:{CUSTOM}]]
[Exiting method {com.topcoder.confluence.webservice.bean.ConfluenceManagementServiceBean.retrievePage}]
[Output parameter {basePageUrl:Erebus Token Web ServicesUrl,versionUrl:,assetName:,version:1.0,applicationCode:,content:,assetType:COMPONENT_DESIGN,catalog:JAVA,componentType:CUSTOM}]
[Exiting method {com.topcoder.confluence.webservice.delegate.ConfluenceManagerWebServiceDelegate.retrievePage}]
[Output parameter {basePageUrl:Erebus Token Web ServicesUrl,versionUrl:,assetName:,version:1.0,applicationCode:,content:,assetType:COMPONENT_DESIGN,catalog:JAVA,componentType:CUSTOM}]
[Entering method {com.topcoder.confluence.webservice.delegate.ConfluenceManagerWebServiceDelegate.logout}]
[Input parameters[{token}:{tokentoken}]]
[Entering method {com.topcoder.confluence.webservice.bean.ConfluenceManagementServiceBean.logout}]
[Input parameters[{token}:{tokentoken}]]
[Exiting method {com.topcoder.confluence.webservice.bean.ConfluenceManagementServiceBean.logout}]
[Exiting method {com.topcoder.confluence.webservice.delegate.ConfluenceManagerWebServiceDelegate.logout}]
[Entering method {com.topcoder.confluence.webservice.delegate.ConfluenceManagerWebServiceDelegate.login}]
[Input parameters[{userName}:{username},{password}:{password}]]
[Entering method {com.topcoder.confluence.webservice.bean.ConfluenceManagementServiceBean.login}]
[Input parameters[{userName}:{username},{password}:{password}]]
[Exiting method {com.topcoder.confluence.webservice.bean.ConfluenceManagementServiceBean.login}]
[Output parameter {tokentoken}]
[Exiting method {com.topcoder.confluence.webservice.delegate.ConfluenceManagerWebServiceDelegate.login}]
[Output parameter {tokentoken}]
[Entering method {com.topcoder.confluence.webservice.delegate.ConfluenceManagerWebServiceDelegate.createPage}]
[Input parameters[{token}:{tokentoken},{pageName}:{Erebus Token Web Services},{version}:{1.0},{assetType}:{COMPONENT_DESIGN},{catalog}:{JAVA},{componentType}:{CUSTOM}]]
[Entering method {com.topcoder.confluence.webservice.bean.ConfluenceManagementServiceBean.createPage}]
[Input parameters[{token}:{tokentoken},{pageName}:{Erebus Token Web Services},{version}:{1.0},{assetType}:{COMPONENT_DESIGN},{catalog}:{JAVA},{componentType}:{CUSTOM}]]
[Exiting method {com.topcoder.confluence.webservice.bean.ConfluenceManagementServiceBean.createPage}]
[Output parameter {page:[basePageUrl:Erebus Token Web ServicesUrl,versionUrl:,assetName:,version:1.0,applicationCode:,content:,assetType:COMPONENT_DESIGN,catalog:JAVA,componentType:CUSTOM], actionTaken:BASE_PAGE_AND_VERSION_CREATED}]
[Exiting method {com.topcoder.confluence.webservice.delegate.ConfluenceManagerWebServiceDelegate.createPage}]
[Output parameter {page:[basePageUrl:Erebus Token Web ServicesUrl,versionUrl:,assetName:,version:1.0,applicationCode:,content:,assetType:COMPONENT_DESIGN,catalog:JAVA,componentType:CUSTOM], actionTaken:BASE_PAGE_AND_VERSION_CREATED}]
[Entering method {com.topcoder.confluence.webservice.delegate.ConfluenceManagerWebServiceDelegate.createPage}]
[Input parameters[{token}:{tokentoken},{pageName}:{Erebus Payment Web Services},{version}:{1.0},{assetType}:{COMPONENT_DESIGN},{catalog}:{JAVA},{applicationCode}:{12345}]]
[Entering method {com.topcoder.confluence.webservice.bean.ConfluenceManagementServiceBean.createPage}]
[Input parameters[{token}:{tokentoken},{pageName}:{Erebus Payment Web Services},{version}:{1.0},{assetType}:{COMPONENT_DESIGN},{catalog}:{JAVA},{applicationCode}:{12345}]]
[Exiting method {com.topcoder.confluence.webservice.bean.ConfluenceManagementServiceBean.createPage}]
[Output parameter {page:[basePageUrl:Erebus Payment Web ServicesUrl,versionUrl:,assetName:,version:1.0,applicationCode:12345,content:,assetType:COMPONENT_DESIGN,catalog:JAVA,componentType:], actionTaken:BASE_PAGE_AND_VERSION_CREATED}]
[Exiting method {com.topcoder.confluence.webservice.delegate.ConfluenceManagerWebServiceDelegate.createPage}]
[Output parameter {page:[basePageUrl:Erebus Payment Web ServicesUrl,versionUrl:,assetName:,version:1.0,applicationCode:12345,content:,assetType:COMPONENT_DESIGN,catalog:JAVA,componentType:], actionTaken:BASE_PAGE_AND_VERSION_CREATED}]
[Entering method {com.topcoder.confluence.webservice.delegate.ConfluenceManagerWebServiceDelegate.retrievePage}]
[Input parameters[{token}:{tokentoken},{pageName}:{Erebus Token Web Services},{version}:{1.0},{assetType}:{COMPONENT_DESIGN},{catalog}:{JAVA},{componentType}:{CUSTOM}]]
[Entering method {com.topcoder.confluence.webservice.bean.ConfluenceManagementServiceBean.retrievePage}]
[Input parameters[{token}:{tokentoken},{pageName}:{Erebus Token Web Services},{version}:{1.0},{assetType}:{COMPONENT_DESIGN},{catalog}:{JAVA},{componentType}:{CUSTOM}]]
[Exiting method {com.topcoder.confluence.webservice.bean.ConfluenceManagementServiceBean.retrievePage}]
[Output parameter {basePageUrl:Erebus Token Web ServicesUrl,versionUrl:,assetName:,version:1.0,applicationCode:,content:,assetType:COMPONENT_DESIGN,catalog:JAVA,componentType:CUSTOM}]
[Exiting method {com.topcoder.confluence.webservice.delegate.ConfluenceManagerWebServiceDelegate.retrievePage}]
[Output parameter {basePageUrl:Erebus Token Web ServicesUrl,versionUrl:,assetName:,version:1.0,applicationCode:,content:,assetType:COMPONENT_DESIGN,catalog:JAVA,componentType:CUSTOM}]
[Entering method {com.topcoder.confluence.webservice.delegate.ConfluenceManagerWebServiceDelegate.logout}]
[Input parameters[{token}:{tokentoken}]]
[Entering method {com.topcoder.confluence.webservice.bean.ConfluenceManagementServiceBean.logout}]
[Input parameters[{token}:{tokentoken}]]
[Exiting method {com.topcoder.confluence.webservice.bean.ConfluenceManagementServiceBean.logout}]
[Exiting method {com.topcoder.confluence.webservice.delegate.ConfluenceManagerWebServiceDelegate.logout}]
[Entering method {com.topcoder.confluence.webservice.delegate.ConfluenceManagerWebServiceDelegate.login}]
[Input parameters[{userName}:{username},{password}:{password}]]
[Entering method {com.topcoder.confluence.webservice.bean.ConfluenceManagementServiceBean.login}]
[Input parameters[{userName}:{username},{password}:{password}]]
[Exiting method {com.topcoder.confluence.webservice.bean.ConfluenceManagementServiceBean.login}]
[Output parameter {tokentoken}]
[Exiting method {com.topcoder.confluence.webservice.delegate.ConfluenceManagerWebServiceDelegate.login}]
[Output parameter {tokentoken}]
[Entering method {com.topcoder.confluence.webservice.delegate.ConfluenceManagerWebServiceDelegate.createPage}]
[Input parameters[{token}:{tokentoken},{pageName}:{Erebus Token Web Services},{version}:{1.0},{assetType}:{COMPONENT_DESIGN},{catalog}:{JAVA},{componentType}:{CUSTOM}]]
[Entering method {com.topcoder.confluence.webservice.bean.ConfluenceManagementServiceBean.createPage}]
[Input parameters[{token}:{tokentoken},{pageName}:{Erebus Token Web Services},{version}:{1.0},{assetType}:{COMPONENT_DESIGN},{catalog}:{JAVA},{componentType}:{CUSTOM}]]
[Exiting method {com.topcoder.confluence.webservice.bean.ConfluenceManagementServiceBean.createPage}]
[Output parameter {page:[basePageUrl:Erebus Token Web ServicesUrl,versionUrl:,assetName:,version:1.0,applicationCode:,content:,assetType:COMPONENT_DESIGN,catalog:JAVA,componentType:CUSTOM], actionTaken:BASE_PAGE_AND_VERSION_CREATED}]
[Exiting method {com.topcoder.confluence.webservice.delegate.ConfluenceManagerWebServiceDelegate.createPage}]
[Output parameter {page:[basePageUrl:Erebus Token Web ServicesUrl,versionUrl:,assetName:,version:1.0,applicationCode:,content:,assetType:COMPONENT_DESIGN,catalog:JAVA,componentType:CUSTOM], actionTaken:BASE_PAGE_AND_VERSION_CREATED}]
[Entering method {com.topcoder.confluence.webservice.delegate.ConfluenceManagerWebServiceDelegate.createPage}]
[Input parameters[{token}:{tokentoken},{pageName}:{Erebus Payment Web Services},{version}:{1.0},{assetType}:{COMPONENT_DESIGN},{catalog}:{JAVA},{applicationCode}:{12345}]]
[Entering method {com.topcoder.confluence.webservice.bean.ConfluenceManagementServiceBean.createPage}]
[Input parameters[{token}:{tokentoken},{pageName}:{Erebus Payment Web Services},{version}:{1.0},{assetType}:{COMPONENT_DESIGN},{catalog}:{JAVA},{applicationCode}:{12345}]]
[Exiting method {com.topcoder.confluence.webservice.bean.ConfluenceManagementServiceBean.createPage}]
[Output parameter {page:[basePageUrl:Erebus Payment Web ServicesUrl,versionUrl:,assetName:,version:1.0,applicationCode:12345,content:,assetType:COMPONENT_DESIGN,catalog:JAVA,componentType:], actionTaken:BASE_PAGE_AND_VERSION_CREATED}]
[Exiting method {com.topcoder.confluence.webservice.delegate.ConfluenceManagerWebServiceDelegate.createPage}]
[Output parameter {page:[basePageUrl:Erebus Payment Web ServicesUrl,versionUrl:,assetName:,version:1.0,applicationCode:12345,content:,assetType:COMPONENT_DESIGN,catalog:JAVA,componentType:], actionTaken:BASE_PAGE_AND_VERSION_CREATED}]
[Entering method {com.topcoder.confluence.webservice.delegate.ConfluenceManagerWebServiceDelegate.retrievePage}]
[Input parameters[{token}:{tokentoken},{pageName}:{Erebus Token Web Services},{version}:{1.0},{assetType}:{COMPONENT_DESIGN},{catalog}:{JAVA},{componentType}:{CUSTOM}]]
[Entering method {com.topcoder.confluence.webservice.bean.ConfluenceManagementServiceBean.retrievePage}]
[Input parameters[{token}:{tokentoken},{pageName}:{Erebus Token Web Services},{version}:{1.0},{assetType}:{COMPONENT_DESIGN},{catalog}:{JAVA},{componentType}:{CUSTOM}]]
[Exiting method {com.topcoder.confluence.webservice.bean.ConfluenceManagementServiceBean.retrievePage}]
[Output parameter {basePageUrl:Erebus Token Web ServicesUrl,versionUrl:,assetName:,version:1.0,applicationCode:,content:,assetType:COMPONENT_DESIGN,catalog:JAVA,componentType:CUSTOM}]
[Exiting method {com.topcoder.confluence.webservice.delegate.ConfluenceManagerWebServiceDelegate.retrievePage}]
[Output parameter {basePageUrl:Erebus Token Web ServicesUrl,versionUrl:,assetName:,version:1.0,applicationCode:,content:,assetType:COMPONENT_DESIGN,catalog:JAVA,componentType:CUSTOM}]
[Entering method {com.topcoder.confluence.webservice.delegate.ConfluenceManagerWebServiceDelegate.logout}]
[Input parameters[{token}:{tokentoken}]]
[Entering method {com.topcoder.confluence.webservice.bean.ConfluenceManagementServiceBean.logout}]
[Input parameters[{token}:{tokentoken}]]
[Exiting method {com.topcoder.confluence.webservice.bean.ConfluenceManagementServiceBean.logout}]
[Exiting method {com.topcoder.confluence.webservice.delegate.ConfluenceManagerWebServiceDelegate.logout}]
[Entering method {com.topcoder.confluence.webservice.delegate.ConfluenceManagerWebServiceDelegate.login}]
[Input parameters[{userName}:{username},{password}:{password}]]
[Entering method {com.topcoder.confluence.webservice.bean.ConfluenceManagementServiceBean.login}]
[Input parameters[{userName}:{username},{password}:{password}]]
[Exiting method {com.topcoder.confluence.webservice.bean.ConfluenceManagementServiceBean.login}]
[Output parameter {tokentoken}]
[Exiting method {com.topcoder.confluence.webservice.delegate.ConfluenceManagerWebServiceDelegate.login}]
[Output parameter {tokentoken}]
[Entering method {com.topcoder.confluence.webservice.delegate.ConfluenceManagerWebServiceDelegate.createPage}]
[Input parameters[{token}:{tokentoken},{pageName}:{Erebus Token Web Services},{version}:{1.0},{assetType}:{COMPONENT_DESIGN},{catalog}:{JAVA},{componentType}:{CUSTOM}]]
[Entering method {com.topcoder.confluence.webservice.bean.ConfluenceManagementServiceBean.createPage}]
[Input parameters[{token}:{tokentoken},{pageName}:{Erebus Token Web Services},{version}:{1.0},{assetType}:{COMPONENT_DESIGN},{catalog}:{JAVA},{componentType}:{CUSTOM}]]
[Exiting method {com.topcoder.confluence.webservice.bean.ConfluenceManagementServiceBean.createPage}]
[Output parameter {page:[basePageUrl:Erebus Token Web ServicesUrl,versionUrl:,assetName:,version:1.0,applicationCode:,content:,assetType:COMPONENT_DESIGN,catalog:JAVA,componentType:CUSTOM], actionTaken:BASE_PAGE_AND_VERSION_CREATED}]
[Exiting method {com.topcoder.confluence.webservice.delegate.ConfluenceManagerWebServiceDelegate.createPage}]
[Output parameter {page:[basePageUrl:Erebus Token Web ServicesUrl,versionUrl:,assetName:,version:1.0,applicationCode:,content:,assetType:COMPONENT_DESIGN,catalog:JAVA,componentType:CUSTOM], actionTaken:BASE_PAGE_AND_VERSION_CREATED}]
[Entering method {com.topcoder.confluence.webservice.delegate.ConfluenceManagerWebServiceDelegate.createPage}]
[Input parameters[{token}:{tokentoken},{pageName}:{Erebus Payment Web Services},{version}:{1.0},{assetType}:{COMPONENT_DESIGN},{catalog}:{JAVA},{applicationCode}:{12345}]]
[Entering method {com.topcoder.confluence.webservice.bean.ConfluenceManagementServiceBean.createPage}]
[Input parameters[{token}:{tokentoken},{pageName}:{Erebus Payment Web Services},{version}:{1.0},{assetType}:{COMPONENT_DESIGN},{catalog}:{JAVA},{applicationCode}:{12345}]]
[Exiting method {com.topcoder.confluence.webservice.bean.ConfluenceManagementServiceBean.createPage}]
[Output parameter {page:[basePageUrl:Erebus Payment Web ServicesUrl,versionUrl:,assetName:,version:1.0,applicationCode:12345,content:,assetType:COMPONENT_DESIGN,catalog:JAVA,componentType:], actionTaken:BASE_PAGE_AND_VERSION_CREATED}]
[Exiting method {com.topcoder.confluence.webservice.delegate.ConfluenceManagerWebServiceDelegate.createPage}]
[Output parameter {page:[basePageUrl:Erebus Payment Web ServicesUrl,versionUrl:,assetName:,version:1.0,applicationCode:12345,content:,assetType:COMPONENT_DESIGN,catalog:JAVA,componentType:], actionTaken:BASE_PAGE_AND_VERSION_CREATED}]
[Entering method {com.topcoder.confluence.webservice.delegate.ConfluenceManagerWebServiceDelegate.retrievePage}]
[Input parameters[{token}:{tokentoken},{pageName}:{Erebus Token Web Services},{version}:{1.0},{assetType}:{COMPONENT_DESIGN},{catalog}:{JAVA},{componentType}:{CUSTOM}]]
[Entering method {com.topcoder.confluence.webservice.bean.ConfluenceManagementServiceBean.retrievePage}]
[Input parameters[{token}:{tokentoken},{pageName}:{Erebus Token Web Services},{version}:{1.0},{assetType}:{COMPONENT_DESIGN},{catalog}:{JAVA},{componentType}:{CUSTOM}]]
[Exiting method {com.topcoder.confluence.webservice.bean.ConfluenceManagementServiceBean.retrievePage}]
[Output parameter {basePageUrl:Erebus Token Web ServicesUrl,versionUrl:,assetName:,version:1.0,applicationCode:,content:,assetType:COMPONENT_DESIGN,catalog:JAVA,componentType:CUSTOM}]
[Exiting method {com.topcoder.confluence.webservice.delegate.ConfluenceManagerWebServiceDelegate.retrievePage}]
[Output parameter {basePageUrl:Erebus Token Web ServicesUrl,versionUrl:,assetName:,version:1.0,applicationCode:,content:,assetType:COMPONENT_DESIGN,catalog:JAVA,componentType:CUSTOM}]
[Entering method {com.topcoder.confluence.webservice.delegate.ConfluenceManagerWebServiceDelegate.logout}]
[Input parameters[{token}:{tokentoken}]]
[Entering method {com.topcoder.confluence.webservice.bean.ConfluenceManagementServiceBean.logout}]
[Input parameters[{token}:{tokentoken}]]
[Exiting method {com.topcoder.confluence.webservice.bean.ConfluenceManagementServiceBean.logout}]
[Exiting method {com.topcoder.confluence.webservice.delegate.ConfluenceManagerWebServiceDelegate.logout}]
[Entering method {com.topcoder.confluence.webservice.delegate.ConfluenceManagerWebServiceDelegate.login}]
[Input parameters[{userName}:{username},{password}:{password}]]
[Entering method {com.topcoder.confluence.webservice.bean.ConfluenceManagementServiceBean.login}]
[Input parameters[{userName}:{username},{password}:{password}]]
[Exiting method {com.topcoder.confluence.webservice.bean.ConfluenceManagementServiceBean.login}]
[Output parameter {tokentoken}]
[Exiting method {com.topcoder.confluence.webservice.delegate.ConfluenceManagerWebServiceDelegate.login}]
[Output parameter {tokentoken}]
[Entering method {com.topcoder.confluence.webservice.delegate.ConfluenceManagerWebServiceDelegate.createPage}]
[Input parameters[{token}:{tokentoken},{pageName}:{Erebus Token Web Services},{version}:{1.0},{assetType}:{COMPONENT_DESIGN},{catalog}:{JAVA},{componentType}:{CUSTOM}]]
[Entering method {com.topcoder.confluence.webservice.bean.ConfluenceManagementServiceBean.createPage}]
[Input parameters[{token}:{tokentoken},{pageName}:{Erebus Token Web Services},{version}:{1.0},{assetType}:{COMPONENT_DESIGN},{catalog}:{JAVA},{componentType}:{CUSTOM}]]
[Exiting method {com.topcoder.confluence.webservice.bean.ConfluenceManagementServiceBean.createPage}]
[Output parameter {page:[basePageUrl:Erebus Token Web ServicesUrl,versionUrl:,assetName:,version:1.0,applicationCode:,content:,assetType:COMPONENT_DESIGN,catalog:JAVA,componentType:CUSTOM], actionTaken:BASE_PAGE_AND_VERSION_CREATED}]
[Exiting method {com.topcoder.confluence.webservice.delegate.ConfluenceManagerWebServiceDelegate.createPage}]
[Output parameter {page:[basePageUrl:Erebus Token Web ServicesUrl,versionUrl:,assetName:,version:1.0,applicationCode:,content:,assetType:COMPONENT_DESIGN,catalog:JAVA,componentType:CUSTOM], actionTaken:BASE_PAGE_AND_VERSION_CREATED}]
[Entering method {com.topcoder.confluence.webservice.delegate.ConfluenceManagerWebServiceDelegate.createPage}]
[Input parameters[{token}:{tokentoken},{pageName}:{Erebus Payment Web Services},{version}:{1.0},{assetType}:{COMPONENT_DESIGN},{catalog}:{JAVA},{applicationCode}:{12345}]]
[Entering method {com.topcoder.confluence.webservice.bean.ConfluenceManagementServiceBean.createPage}]
[Input parameters[{token}:{tokentoken},{pageName}:{Erebus Payment Web Services},{version}:{1.0},{assetType}:{COMPONENT_DESIGN},{catalog}:{JAVA},{applicationCode}:{12345}]]
[Exiting method {com.topcoder.confluence.webservice.bean.ConfluenceManagementServiceBean.createPage}]
[Output parameter {page:[basePageUrl:Erebus Payment Web ServicesUrl,versionUrl:,assetName:,version:1.0,applicationCode:12345,content:,assetType:COMPONENT_DESIGN,catalog:JAVA,componentType:], actionTaken:BASE_PAGE_AND_VERSION_CREATED}]
[Exiting method {com.topcoder.confluence.webservice.delegate.ConfluenceManagerWebServiceDelegate.createPage}]
[Output parameter {page:[basePageUrl:Erebus Payment Web ServicesUrl,versionUrl:,assetName:,version:1.0,applicationCode:12345,content:,assetType:COMPONENT_DESIGN,catalog:JAVA,componentType:], actionTaken:BASE_PAGE_AND_VERSION_CREATED}]
[Entering method {com.topcoder.confluence.webservice.delegate.ConfluenceManagerWebServiceDelegate.retrievePage}]
[Input parameters[{token}:{tokentoken},{pageName}:{Erebus Token Web Services},{version}:{1.0},{assetType}:{COMPONENT_DESIGN},{catalog}:{JAVA},{componentType}:{CUSTOM}]]
[Entering method {com.topcoder.confluence.webservice.bean.ConfluenceManagementServiceBean.retrievePage}]
[Input parameters[{token}:{tokentoken},{pageName}:{Erebus Token Web Services},{version}:{1.0},{assetType}:{COMPONENT_DESIGN},{catalog}:{JAVA},{componentType}:{CUSTOM}]]
[Exiting method {com.topcoder.confluence.webservice.bean.ConfluenceManagementServiceBean.retrievePage}]
[Output parameter {basePageUrl:Erebus Token Web ServicesUrl,versionUrl:,assetName:,version:1.0,applicationCode:,content:,assetType:COMPONENT_DESIGN,catalog:JAVA,componentType:CUSTOM}]
[Exiting method {com.topcoder.confluence.webservice.delegate.ConfluenceManagerWebServiceDelegate.retrievePage}]
[Output parameter {basePageUrl:Erebus Token Web ServicesUrl,versionUrl:,assetName:,version:1.0,applicationCode:,content:,assetType:COMPONENT_DESIGN,catalog:JAVA,componentType:CUSTOM}]
[Entering method {com.topcoder.confluence.webservice.delegate.ConfluenceManagerWebServiceDelegate.logout}]
[Input parameters[{token}:{tokentoken}]]
[Entering method {com.topcoder.confluence.webservice.bean.ConfluenceManagementServiceBean.logout}]
[Input parameters[{token}:{tokentoken}]]
[Exiting method {com.topcoder.confluence.webservice.bean.ConfluenceManagementServiceBean.logout}]
[Exiting method {com.topcoder.confluence.webservice.delegate.ConfluenceManagerWebServiceDelegate.logout}]
[Entering method {com.topcoder.confluence.webservice.delegate.ConfluenceManagerWebServiceDelegate.login}]
[Input parameters[{userName}:{username},{password}:{password}]]
[Entering method {com.topcoder.confluence.webservice.bean.ConfluenceManagementServiceBean.login}]
[Input parameters[{userName}:{username},{password}:{password}]]
[Exiting method {com.topcoder.confluence.webservice.bean.ConfluenceManagementServiceBean.login}]
[Output parameter {tokentoken}]
[Exiting method {com.topcoder.confluence.webservice.delegate.ConfluenceManagerWebServiceDelegate.login}]
[Output parameter {tokentoken}]
[Entering method {com.topcoder.confluence.webservice.delegate.ConfluenceManagerWebServiceDelegate.createPage}]
[Input parameters[{token}:{tokentoken},{pageName}:{Erebus Token Web Services},{version}:{1.0},{assetType}:{COMPONENT_DESIGN},{catalog}:{JAVA},{componentType}:{CUSTOM}]]
[Entering method {com.topcoder.confluence.webservice.bean.ConfluenceManagementServiceBean.createPage}]
[Input parameters[{token}:{tokentoken},{pageName}:{Erebus Token Web Services},{version}:{1.0},{assetType}:{COMPONENT_DESIGN},{catalog}:{JAVA},{componentType}:{CUSTOM}]]
[Exiting method {com.topcoder.confluence.webservice.bean.ConfluenceManagementServiceBean.createPage}]
[Output parameter {page:[basePageUrl:Erebus Token Web ServicesUrl,versionUrl:,assetName:,version:1.0,applicationCode:,content:,assetType:COMPONENT_DESIGN,catalog:JAVA,componentType:CUSTOM], actionTaken:BASE_PAGE_AND_VERSION_CREATED}]
[Exiting method {com.topcoder.confluence.webservice.delegate.ConfluenceManagerWebServiceDelegate.createPage}]
[Output parameter {page:[basePageUrl:Erebus Token Web ServicesUrl,versionUrl:,assetName:,version:1.0,applicationCode:,content:,assetType:COMPONENT_DESIGN,catalog:JAVA,componentType:CUSTOM], actionTaken:BASE_PAGE_AND_VERSION_CREATED}]
[Entering method {com.topcoder.confluence.webservice.delegate.ConfluenceManagerWebServiceDelegate.createPage}]
[Input parameters[{token}:{tokentoken},{pageName}:{Erebus Payment Web Services},{version}:{1.0},{assetType}:{COMPONENT_DESIGN},{catalog}:{JAVA},{applicationCode}:{12345}]]
[Entering method {com.topcoder.confluence.webservice.bean.ConfluenceManagementServiceBean.createPage}]
[Input parameters[{token}:{tokentoken},{pageName}:{Erebus Payment Web Services},{version}:{1.0},{assetType}:{COMPONENT_DESIGN},{catalog}:{JAVA},{applicationCode}:{12345}]]
[Exiting method {com.topcoder.confluence.webservice.bean.ConfluenceManagementServiceBean.createPage}]
[Output parameter {page:[basePageUrl:Erebus Payment Web ServicesUrl,versionUrl:,assetName:,version:1.0,applicationCode:12345,content:,assetType:COMPONENT_DESIGN,catalog:JAVA,componentType:], actionTaken:BASE_PAGE_AND_VERSION_CREATED}]
[Exiting method {com.topcoder.confluence.webservice.delegate.ConfluenceManagerWebServiceDelegate.createPage}]
[Output parameter {page:[basePageUrl:Erebus Payment Web ServicesUrl,versionUrl:,assetName:,version:1.0,applicationCode:12345,content:,assetType:COMPONENT_DESIGN,catalog:JAVA,componentType:], actionTaken:BASE_PAGE_AND_VERSION_CREATED}]
[Entering method {com.topcoder.confluence.webservice.delegate.ConfluenceManagerWebServiceDelegate.retrievePage}]
[Input parameters[{token}:{tokentoken},{pageName}:{Erebus Token Web Services},{version}:{1.0},{assetType}:{COMPONENT_DESIGN},{catalog}:{JAVA},{componentType}:{CUSTOM}]]
[Entering method {com.topcoder.confluence.webservice.bean.ConfluenceManagementServiceBean.retrievePage}]
[Input parameters[{token}:{tokentoken},{pageName}:{Erebus Token Web Services},{version}:{1.0},{assetType}:{COMPONENT_DESIGN},{catalog}:{JAVA},{componentType}:{CUSTOM}]]
[Exiting method {com.topcoder.confluence.webservice.bean.ConfluenceManagementServiceBean.retrievePage}]
[Output parameter {basePageUrl:Erebus Token Web ServicesUrl,versionUrl:,assetName:,version:1.0,applicationCode:,content:,assetType:COMPONENT_DESIGN,catalog:JAVA,componentType:CUSTOM}]
[Exiting method {com.topcoder.confluence.webservice.delegate.ConfluenceManagerWebServiceDelegate.retrievePage}]
[Output parameter {basePageUrl:Erebus Token Web ServicesUrl,versionUrl:,assetName:,version:1.0,applicationCode:,content:,assetType:COMPONENT_DESIGN,catalog:JAVA,componentType:CUSTOM}]
[Entering method {com.topcoder.confluence.webservice.delegate.ConfluenceManagerWebServiceDelegate.logout}]
[Input parameters[{token}:{tokentoken}]]
[Entering method {com.topcoder.confluence.webservice.bean.ConfluenceManagementServiceBean.logout}]
[Input parameters[{token}:{tokentoken}]]
[Exiting method {com.topcoder.confluence.webservice.bean.ConfluenceManagementServiceBean.logout}]
[Exiting method {com.topcoder.confluence.webservice.delegate.ConfluenceManagerWebServiceDelegate.logout}]
[Entering method {com.topcoder.confluence.webservice.delegate.ConfluenceManagerWebServiceDelegate.login}]
[Input parameters[{userName}:{username},{password}:{password}]]
[Entering method {com.topcoder.confluence.webservice.bean.ConfluenceManagementServiceBean.login}]
[Input parameters[{userName}:{username},{password}:{password}]]
[Exiting method {com.topcoder.confluence.webservice.bean.ConfluenceManagementServiceBean.login}]
[Output parameter {tokentoken}]
[Exiting method {com.topcoder.confluence.webservice.delegate.ConfluenceManagerWebServiceDelegate.login}]
[Output parameter {tokentoken}]
[Entering method {com.topcoder.confluence.webservice.delegate.ConfluenceManagerWebServiceDelegate.createPage}]
[Input parameters[{token}:{tokentoken},{pageName}:{Erebus Token Web Services},{version}:{1.0},{assetType}:{COMPONENT_DESIGN},{catalog}:{JAVA},{componentType}:{CUSTOM}]]
[Entering method {com.topcoder.confluence.webservice.bean.ConfluenceManagementServiceBean.createPage}]
[Input parameters[{token}:{tokentoken},{pageName}:{Erebus Token Web Services},{version}:{1.0},{assetType}:{COMPONENT_DESIGN},{catalog}:{JAVA},{componentType}:{CUSTOM}]]
[Exiting method {com.topcoder.confluence.webservice.bean.ConfluenceManagementServiceBean.createPage}]
[Output parameter {page:[basePageUrl:Erebus Token Web ServicesUrl,versionUrl:,assetName:,version:1.0,applicationCode:,content:,assetType:COMPONENT_DESIGN,catalog:JAVA,componentType:CUSTOM], actionTaken:BASE_PAGE_AND_VERSION_CREATED}]
[Exiting method {com.topcoder.confluence.webservice.delegate.ConfluenceManagerWebServiceDelegate.createPage}]
[Output parameter {page:[basePageUrl:Erebus Token Web ServicesUrl,versionUrl:,assetName:,version:1.0,applicationCode:,content:,assetType:COMPONENT_DESIGN,catalog:JAVA,componentType:CUSTOM], actionTaken:BASE_PAGE_AND_VERSION_CREATED}]
[Entering method {com.topcoder.confluence.webservice.delegate.ConfluenceManagerWebServiceDelegate.createPage}]
[Input parameters[{token}:{tokentoken},{pageName}:{Erebus Payment Web Services},{version}:{1.0},{assetType}:{COMPONENT_DESIGN},{catalog}:{JAVA},{applicationCode}:{12345}]]
[Entering method {com.topcoder.confluence.webservice.bean.ConfluenceManagementServiceBean.createPage}]
[Input parameters[{token}:{tokentoken},{pageName}:{Erebus Payment Web Services},{version}:{1.0},{assetType}:{COMPONENT_DESIGN},{catalog}:{JAVA},{applicationCode}:{12345}]]
[Exiting method {com.topcoder.confluence.webservice.bean.ConfluenceManagementServiceBean.createPage}]
[Output parameter {page:[basePageUrl:Erebus Payment Web ServicesUrl,versionUrl:,assetName:,version:1.0,applicationCode:12345,content:,assetType:COMPONENT_DESIGN,catalog:JAVA,componentType:], actionTaken:BASE_PAGE_AND_VERSION_CREATED}]
[Exiting method {com.topcoder.confluence.webservice.delegate.ConfluenceManagerWebServiceDelegate.createPage}]
[Output parameter {page:[basePageUrl:Erebus Payment Web ServicesUrl,versionUrl:,assetName:,version:1.0,applicationCode:12345,content:,assetType:COMPONENT_DESIGN,catalog:JAVA,componentType:], actionTaken:BASE_PAGE_AND_VERSION_CREATED}]
[Entering method {com.topcoder.confluence.webservice.delegate.ConfluenceManagerWebServiceDelegate.retrievePage}]
[Input parameters[{token}:{tokentoken},{pageName}:{Erebus Token Web Services},{version}:{1.0},{assetType}:{COMPONENT_DESIGN},{catalog}:{JAVA},{componentType}:{CUSTOM}]]
[Entering method {com.topcoder.confluence.webservice.bean.ConfluenceManagementServiceBean.retrievePage}]
[Input parameters[{token}:{tokentoken},{pageName}:{Erebus Token Web Services},{version}:{1.0},{assetType}:{COMPONENT_DESIGN},{catalog}:{JAVA},{componentType}:{CUSTOM}]]
[Exiting method {com.topcoder.confluence.webservice.bean.ConfluenceManagementServiceBean.retrievePage}]
[Output parameter {basePageUrl:Erebus Token Web ServicesUrl,versionUrl:,assetName:,version:1.0,applicationCode:,content:,assetType:COMPONENT_DESIGN,catalog:JAVA,componentType:CUSTOM}]
[Exiting method {com.topcoder.confluence.webservice.delegate.ConfluenceManagerWebServiceDelegate.retrievePage}]
[Output parameter {basePageUrl:Erebus Token Web ServicesUrl,versionUrl:,assetName:,version:1.0,applicationCode:,content:,assetType:COMPONENT_DESIGN,catalog:JAVA,componentType:CUSTOM}]
[Entering method {com.topcoder.confluence.webservice.delegate.ConfluenceManagerWebServiceDelegate.logout}]
[Input parameters[{token}:{tokentoken}]]
[Entering method {com.topcoder.confluence.webservice.bean.ConfluenceManagementServiceBean.logout}]
[Input parameters[{token}:{tokentoken}]]
[Exiting method {com.topcoder.confluence.webservice.bean.ConfluenceManagementServiceBean.logout}]
[Exiting method {com.topcoder.confluence.webservice.delegate.ConfluenceManagerWebServiceDelegate.logout}]
[Entering method {com.topcoder.confluence.webservice.delegate.ConfluenceManagerWebServiceDelegate.login}]
[Input parameters[{userName}:{username},{password}:{password}]]
[Entering method {com.topcoder.confluence.webservice.bean.ConfluenceManagementServiceBean.login}]
[Input parameters[{userName}:{username},{password}:{password}]]
[Exiting method {com.topcoder.confluence.webservice.bean.ConfluenceManagementServiceBean.login}]
[Output parameter {tokentoken}]
[Exiting method {com.topcoder.confluence.webservice.delegate.ConfluenceManagerWebServiceDelegate.login}]
[Output parameter {tokentoken}]
[Entering method {com.topcoder.confluence.webservice.delegate.ConfluenceManagerWebServiceDelegate.createPage}]
[Input parameters[{token}:{tokentoken},{pageName}:{Erebus Token Web Services},{version}:{1.0},{assetType}:{COMPONENT_DESIGN},{catalog}:{JAVA},{componentType}:{CUSTOM}]]
[Entering method {com.topcoder.confluence.webservice.bean.ConfluenceManagementServiceBean.createPage}]
[Input parameters[{token}:{tokentoken},{pageName}:{Erebus Token Web Services},{version}:{1.0},{assetType}:{COMPONENT_DESIGN},{catalog}:{JAVA},{componentType}:{CUSTOM}]]
[Exiting method {com.topcoder.confluence.webservice.bean.ConfluenceManagementServiceBean.createPage}]
[Output parameter {page:[basePageUrl:Erebus Token Web ServicesUrl,versionUrl:,assetName:,version:1.0,applicationCode:,content:,assetType:COMPONENT_DESIGN,catalog:JAVA,componentType:CUSTOM], actionTaken:BASE_PAGE_AND_VERSION_CREATED}]
[Exiting method {com.topcoder.confluence.webservice.delegate.ConfluenceManagerWebServiceDelegate.createPage}]
[Output parameter {page:[basePageUrl:Erebus Token Web ServicesUrl,versionUrl:,assetName:,version:1.0,applicationCode:,content:,assetType:COMPONENT_DESIGN,catalog:JAVA,componentType:CUSTOM], actionTaken:BASE_PAGE_AND_VERSION_CREATED}]
[Entering method {com.topcoder.confluence.webservice.delegate.ConfluenceManagerWebServiceDelegate.createPage}]
[Input parameters[{token}:{tokentoken},{pageName}:{Erebus Payment Web Services},{version}:{1.0},{assetType}:{COMPONENT_DESIGN},{catalog}:{JAVA},{applicationCode}:{12345}]]
[Entering method {com.topcoder.confluence.webservice.bean.ConfluenceManagementServiceBean.createPage}]
[Input parameters[{token}:{tokentoken},{pageName}:{Erebus Payment Web Services},{version}:{1.0},{assetType}:{COMPONENT_DESIGN},{catalog}:{JAVA},{applicationCode}:{12345}]]
[Exiting method {com.topcoder.confluence.webservice.bean.ConfluenceManagementServiceBean.createPage}]
[Output parameter {page:[basePageUrl:Erebus Payment Web ServicesUrl,versionUrl:,assetName:,version:1.0,applicationCode:12345,content:,assetType:COMPONENT_DESIGN,catalog:JAVA,componentType:], actionTaken:BASE_PAGE_AND_VERSION_CREATED}]
[Exiting method {com.topcoder.confluence.webservice.delegate.ConfluenceManagerWebServiceDelegate.createPage}]
[Output parameter {page:[basePageUrl:Erebus Payment Web ServicesUrl,versionUrl:,assetName:,version:1.0,applicationCode:12345,content:,assetType:COMPONENT_DESIGN,catalog:JAVA,componentType:], actionTaken:BASE_PAGE_AND_VERSION_CREATED}]
[Entering method {com.topcoder.confluence.webservice.delegate.ConfluenceManagerWebServiceDelegate.retrievePage}]
[Input parameters[{token}:{tokentoken},{pageName}:{Erebus Token Web Services},{version}:{1.0},{assetType}:{COMPONENT_DESIGN},{catalog}:{JAVA},{componentType}:{CUSTOM}]]
[Entering method {com.topcoder.confluence.webservice.bean.ConfluenceManagementServiceBean.retrievePage}]
[Input parameters[{token}:{tokentoken},{pageName}:{Erebus Token Web Services},{version}:{1.0},{assetType}:{COMPONENT_DESIGN},{catalog}:{JAVA},{componentType}:{CUSTOM}]]
[Exiting method {com.topcoder.confluence.webservice.bean.ConfluenceManagementServiceBean.retrievePage}]
[Output parameter {basePageUrl:Erebus Token Web ServicesUrl,versionUrl:,assetName:,version:1.0,applicationCode:,content:,assetType:COMPONENT_DESIGN,catalog:JAVA,componentType:CUSTOM}]
[Exiting method {com.topcoder.confluence.webservice.delegate.ConfluenceManagerWebServiceDelegate.retrievePage}]
[Output parameter {basePageUrl:Erebus Token Web ServicesUrl,versionUrl:,assetName:,version:1.0,applicationCode:,content:,assetType:COMPONENT_DESIGN,catalog:JAVA,componentType:CUSTOM}]
[Entering method {com.topcoder.confluence.webservice.delegate.ConfluenceManagerWebServiceDelegate.logout}]
[Input parameters[{token}:{tokentoken}]]
[Entering method {com.topcoder.confluence.webservice.bean.ConfluenceManagementServiceBean.logout}]
[Input parameters[{token}:{tokentoken}]]
[Exiting method {com.topcoder.confluence.webservice.bean.ConfluenceManagementServiceBean.logout}]
[Exiting method {com.topcoder.confluence.webservice.delegate.ConfluenceManagerWebServiceDelegate.logout}]
[Entering method {com.topcoder.confluence.webservice.delegate.ConfluenceManagerWebServiceDelegate.login}]
[Input parameters[{userName}:{username},{password}:{password}]]
[Entering method {com.topcoder.confluence.webservice.bean.ConfluenceManagementServiceBean.login}]
[Input parameters[{userName}:{username},{password}:{password}]]
[Exiting method {com.topcoder.confluence.webservice.bean.ConfluenceManagementServiceBean.login}]
[Output parameter {tokentoken}]
[Exiting method {com.topcoder.confluence.webservice.delegate.ConfluenceManagerWebServiceDelegate.login}]
[Output parameter {tokentoken}]
[Entering method {com.topcoder.confluence.webservice.delegate.ConfluenceManagerWebServiceDelegate.createPage}]
[Input parameters[{token}:{tokentoken},{pageName}:{Erebus Token Web Services},{version}:{1.0},{assetType}:{COMPONENT_DESIGN},{catalog}:{JAVA},{componentType}:{CUSTOM}]]
[Entering method {com.topcoder.confluence.webservice.bean.ConfluenceManagementServiceBean.createPage}]
[Input parameters[{token}:{tokentoken},{pageName}:{Erebus Token Web Services},{version}:{1.0},{assetType}:{COMPONENT_DESIGN},{catalog}:{JAVA},{componentType}:{CUSTOM}]]
[Exiting method {com.topcoder.confluence.webservice.bean.ConfluenceManagementServiceBean.createPage}]
[Output parameter {page:[basePageUrl:Erebus Token Web ServicesUrl,versionUrl:,assetName:,version:1.0,applicationCode:,content:,assetType:COMPONENT_DESIGN,catalog:JAVA,componentType:CUSTOM], actionTaken:BASE_PAGE_AND_VERSION_CREATED}]
[Exiting method {com.topcoder.confluence.webservice.delegate.ConfluenceManagerWebServiceDelegate.createPage}]
[Output parameter {page:[basePageUrl:Erebus Token Web ServicesUrl,versionUrl:,assetName:,version:1.0,applicationCode:,content:,assetType:COMPONENT_DESIGN,catalog:JAVA,componentType:CUSTOM], actionTaken:BASE_PAGE_AND_VERSION_CREATED}]
[Entering method {com.topcoder.confluence.webservice.delegate.ConfluenceManagerWebServiceDelegate.createPage}]
[Input parameters[{token}:{tokentoken},{pageName}:{Erebus Payment Web Services},{version}:{1.0},{assetType}:{COMPONENT_DESIGN},{catalog}:{JAVA},{applicationCode}:{12345}]]
[Entering method {com.topcoder.confluence.webservice.bean.ConfluenceManagementServiceBean.createPage}]
[Input parameters[{token}:{tokentoken},{pageName}:{Erebus Payment Web Services},{version}:{1.0},{assetType}:{COMPONENT_DESIGN},{catalog}:{JAVA},{applicationCode}:{12345}]]
[Exiting method {com.topcoder.confluence.webservice.bean.ConfluenceManagementServiceBean.createPage}]
[Output parameter {page:[basePageUrl:Erebus Payment Web ServicesUrl,versionUrl:,assetName:,version:1.0,applicationCode:12345,content:,assetType:COMPONENT_DESIGN,catalog:JAVA,componentType:], actionTaken:BASE_PAGE_AND_VERSION_CREATED}]
[Exiting method {com.topcoder.confluence.webservice.delegate.ConfluenceManagerWebServiceDelegate.createPage}]
[Output parameter {page:[basePageUrl:Erebus Payment Web ServicesUrl,versionUrl:,assetName:,version:1.0,applicationCode:12345,content:,assetType:COMPONENT_DESIGN,catalog:JAVA,componentType:], actionTaken:BASE_PAGE_AND_VERSION_CREATED}]
[Entering method {com.topcoder.confluence.webservice.delegate.ConfluenceManagerWebServiceDelegate.retrievePage}]
[Input parameters[{token}:{tokentoken},{pageName}:{Erebus Token Web Services},{version}:{1.0},{assetType}:{COMPONENT_DESIGN},{catalog}:{JAVA},{componentType}:{CUSTOM}]]
[Entering method {com.topcoder.confluence.webservice.bean.ConfluenceManagementServiceBean.retrievePage}]
[Input parameters[{token}:{tokentoken},{pageName}:{Erebus Token Web Services},{version}:{1.0},{assetType}:{COMPONENT_DESIGN},{catalog}:{JAVA},{componentType}:{CUSTOM}]]
[Exiting method {com.topcoder.confluence.webservice.bean.ConfluenceManagementServiceBean.retrievePage}]
[Output parameter {basePageUrl:Erebus Token Web ServicesUrl,versionUrl:,assetName:,version:1.0,applicationCode:,content:,assetType:COMPONENT_DESIGN,catalog:JAVA,componentType:CUSTOM}]
[Exiting method {com.topcoder.confluence.webservice.delegate.ConfluenceManagerWebServiceDelegate.retrievePage}]
[Output parameter {basePageUrl:Erebus Token Web ServicesUrl,versionUrl:,assetName:,version:1.0,applicationCode:,content:,assetType:COMPONENT_DESIGN,catalog:JAVA,componentType:CUSTOM}]
[Entering method {com.topcoder.confluence.webservice.delegate.ConfluenceManagerWebServiceDelegate.logout}]
[Input parameters[{token}:{tokentoken}]]
[Entering method {com.topcoder.confluence.webservice.bean.ConfluenceManagementServiceBean.logout}]
[Input parameters[{token}:{tokentoken}]]
[Exiting method {com.topcoder.confluence.webservice.bean.ConfluenceManagementServiceBean.logout}]
[Exiting method {com.topcoder.confluence.webservice.delegate.ConfluenceManagerWebServiceDelegate.logout}]
[Entering method {com.topcoder.confluence.webservice.delegate.ConfluenceManagerWebServiceDelegate.login}]
[Input parameters[{userName}:{username},{password}:{password}]]
[Entering method {com.topcoder.confluence.webservice.bean.ConfluenceManagementServiceBean.login}]
[Input parameters[{userName}:{username},{password}:{password}]]
[Exiting method {com.topcoder.confluence.webservice.bean.ConfluenceManagementServiceBean.login}]
[Output parameter {tokentoken}]
[Exiting method {com.topcoder.confluence.webservice.delegate.ConfluenceManagerWebServiceDelegate.login}]
[Output parameter {tokentoken}]
[Entering method {com.topcoder.confluence.webservice.delegate.ConfluenceManagerWebServiceDelegate.createPage}]
[Input parameters[{token}:{tokentoken},{pageName}:{Erebus Token Web Services},{version}:{1.0},{assetType}:{COMPONENT_DESIGN},{catalog}:{JAVA},{componentType}:{CUSTOM}]]
[Entering method {com.topcoder.confluence.webservice.bean.ConfluenceManagementServiceBean.createPage}]
[Input parameters[{token}:{tokentoken},{pageName}:{Erebus Token Web Services},{version}:{1.0},{assetType}:{COMPONENT_DESIGN},{catalog}:{JAVA},{componentType}:{CUSTOM}]]
[Exiting method {com.topcoder.confluence.webservice.bean.ConfluenceManagementServiceBean.createPage}]
[Output parameter {page:[basePageUrl:Erebus Token Web ServicesUrl,versionUrl:,assetName:,version:1.0,applicationCode:,content:,assetType:COMPONENT_DESIGN,catalog:JAVA,componentType:CUSTOM], actionTaken:BASE_PAGE_AND_VERSION_CREATED}]
[Exiting method {com.topcoder.confluence.webservice.delegate.ConfluenceManagerWebServiceDelegate.createPage}]
[Output parameter {page:[basePageUrl:Erebus Token Web ServicesUrl,versionUrl:,assetName:,version:1.0,applicationCode:,content:,assetType:COMPONENT_DESIGN,catalog:JAVA,componentType:CUSTOM], actionTaken:BASE_PAGE_AND_VERSION_CREATED}]
[Entering method {com.topcoder.confluence.webservice.delegate.ConfluenceManagerWebServiceDelegate.createPage}]
[Input parameters[{token}:{tokentoken},{pageName}:{Erebus Payment Web Services},{version}:{1.0},{assetType}:{COMPONENT_DESIGN},{catalog}:{JAVA},{applicationCode}:{12345}]]
[Entering method {com.topcoder.confluence.webservice.bean.ConfluenceManagementServiceBean.createPage}]
[Input parameters[{token}:{tokentoken},{pageName}:{Erebus Payment Web Services},{version}:{1.0},{assetType}:{COMPONENT_DESIGN},{catalog}:{JAVA},{applicationCode}:{12345}]]
[Exiting method {com.topcoder.confluence.webservice.bean.ConfluenceManagementServiceBean.createPage}]
[Output parameter {page:[basePageUrl:Erebus Payment Web ServicesUrl,versionUrl:,assetName:,version:1.0,applicationCode:12345,content:,assetType:COMPONENT_DESIGN,catalog:JAVA,componentType:], actionTaken:BASE_PAGE_AND_VERSION_CREATED}]
[Exiting method {com.topcoder.confluence.webservice.delegate.ConfluenceManagerWebServiceDelegate.createPage}]
[Output parameter {page:[basePageUrl:Erebus Payment Web ServicesUrl,versionUrl:,assetName:,version:1.0,applicationCode:12345,content:,assetType:COMPONENT_DESIGN,catalog:JAVA,componentType:], actionTaken:BASE_PAGE_AND_VERSION_CREATED}]
[Entering method {com.topcoder.confluence.webservice.delegate.ConfluenceManagerWebServiceDelegate.retrievePage}]
[Input parameters[{token}:{tokentoken},{pageName}:{Erebus Token Web Services},{version}:{1.0},{assetType}:{COMPONENT_DESIGN},{catalog}:{JAVA},{componentType}:{CUSTOM}]]
[Entering method {com.topcoder.confluence.webservice.bean.ConfluenceManagementServiceBean.retrievePage}]
[Input parameters[{token}:{tokentoken},{pageName}:{Erebus Token Web Services},{version}:{1.0},{assetType}:{COMPONENT_DESIGN},{catalog}:{JAVA},{componentType}:{CUSTOM}]]
[Exiting method {com.topcoder.confluence.webservice.bean.ConfluenceManagementServiceBean.retrievePage}]
[Output parameter {basePageUrl:Erebus Token Web ServicesUrl,versionUrl:,assetName:,version:1.0,applicationCode:,content:,assetType:COMPONENT_DESIGN,catalog:JAVA,componentType:CUSTOM}]
[Exiting method {com.topcoder.confluence.webservice.delegate.ConfluenceManagerWebServiceDelegate.retrievePage}]
[Output parameter {basePageUrl:Erebus Token Web ServicesUrl,versionUrl:,assetName:,version:1.0,applicationCode:,content:,assetType:COMPONENT_DESIGN,catalog:JAVA,componentType:CUSTOM}]
[Entering method {com.topcoder.confluence.webservice.delegate.ConfluenceManagerWebServiceDelegate.logout}]
[Input parameters[{token}:{tokentoken}]]
[Entering method {com.topcoder.confluence.webservice.bean.ConfluenceManagementServiceBean.logout}]
[Input parameters[{token}:{tokentoken}]]
[Exiting method {com.topcoder.confluence.webservice.bean.ConfluenceManagementServiceBean.logout}]
[Exiting method {com.topcoder.confluence.webservice.delegate.ConfluenceManagerWebServiceDelegate.logout}]
[Entering method {com.topcoder.confluence.webservice.delegate.ConfluenceManagerWebServiceDelegate.login}]
[Input parameters[{userName}:{username},{password}:{password}]]
[Entering method {com.topcoder.confluence.webservice.bean.ConfluenceManagementServiceBean.login}]
[Input parameters[{userName}:{username},{password}:{password}]]
[Exiting method {com.topcoder.confluence.webservice.bean.ConfluenceManagementServiceBean.login}]
[Output parameter {tokentoken}]
[Exiting method {com.topcoder.confluence.webservice.delegate.ConfluenceManagerWebServiceDelegate.login}]
[Output parameter {tokentoken}]
[Entering method {com.topcoder.confluence.webservice.delegate.ConfluenceManagerWebServiceDelegate.createPage}]
[Input parameters[{token}:{tokentoken},{pageName}:{Erebus Token Web Services},{version}:{1.0},{assetType}:{COMPONENT_DESIGN},{catalog}:{JAVA},{componentType}:{CUSTOM}]]
[Entering method {com.topcoder.confluence.webservice.bean.ConfluenceManagementServiceBean.createPage}]
[Input parameters[{token}:{tokentoken},{pageName}:{Erebus Token Web Services},{version}:{1.0},{assetType}:{COMPONENT_DESIGN},{catalog}:{JAVA},{componentType}:{CUSTOM}]]
[Exiting method {com.topcoder.confluence.webservice.bean.ConfluenceManagementServiceBean.createPage}]
[Output parameter {page:[basePageUrl:Erebus Token Web ServicesUrl,versionUrl:,assetName:,version:1.0,applicationCode:,content:,assetType:COMPONENT_DESIGN,catalog:JAVA,componentType:CUSTOM], actionTaken:BASE_PAGE_AND_VERSION_CREATED}]
[Exiting method {com.topcoder.confluence.webservice.delegate.ConfluenceManagerWebServiceDelegate.createPage}]
[Output parameter {page:[basePageUrl:Erebus Token Web ServicesUrl,versionUrl:,assetName:,version:1.0,applicationCode:,content:,assetType:COMPONENT_DESIGN,catalog:JAVA,componentType:CUSTOM], actionTaken:BASE_PAGE_AND_VERSION_CREATED}]
[Entering method {com.topcoder.confluence.webservice.delegate.ConfluenceManagerWebServiceDelegate.createPage}]
[Input parameters[{token}:{tokentoken},{pageName}:{Erebus Payment Web Services},{version}:{1.0},{assetType}:{COMPONENT_DESIGN},{catalog}:{JAVA},{applicationCode}:{12345}]]
[Entering method {com.topcoder.confluence.webservice.bean.ConfluenceManagementServiceBean.createPage}]
[Input parameters[{token}:{tokentoken},{pageName}:{Erebus Payment Web Services},{version}:{1.0},{assetType}:{COMPONENT_DESIGN},{catalog}:{JAVA},{applicationCode}:{12345}]]
[Exiting method {com.topcoder.confluence.webservice.bean.ConfluenceManagementServiceBean.createPage}]
[Output parameter {page:[basePageUrl:Erebus Payment Web ServicesUrl,versionUrl:,assetName:,version:1.0,applicationCode:12345,content:,assetType:COMPONENT_DESIGN,catalog:JAVA,componentType:], actionTaken:BASE_PAGE_AND_VERSION_CREATED}]
[Exiting method {com.topcoder.confluence.webservice.delegate.ConfluenceManagerWebServiceDelegate.createPage}]
[Output parameter {page:[basePageUrl:Erebus Payment Web ServicesUrl,versionUrl:,assetName:,version:1.0,applicationCode:12345,content:,assetType:COMPONENT_DESIGN,catalog:JAVA,componentType:], actionTaken:BASE_PAGE_AND_VERSION_CREATED}]
[Entering method {com.topcoder.confluence.webservice.delegate.ConfluenceManagerWebServiceDelegate.retrievePage}]
[Input parameters[{token}:{tokentoken},{pageName}:{Erebus Token Web Services},{version}:{1.0},{assetType}:{COMPONENT_DESIGN},{catalog}:{JAVA},{componentType}:{CUSTOM}]]
[Entering method {com.topcoder.confluence.webservice.bean.ConfluenceManagementServiceBean.retrievePage}]
[Input parameters[{token}:{tokentoken},{pageName}:{Erebus Token Web Services},{version}:{1.0},{assetType}:{COMPONENT_DESIGN},{catalog}:{JAVA},{componentType}:{CUSTOM}]]
[Exiting method {com.topcoder.confluence.webservice.bean.ConfluenceManagementServiceBean.retrievePage}]
[Output parameter {basePageUrl:Erebus Token Web ServicesUrl,versionUrl:,assetName:,version:1.0,applicationCode:,content:,assetType:COMPONENT_DESIGN,catalog:JAVA,componentType:CUSTOM}]
[Exiting method {com.topcoder.confluence.webservice.delegate.ConfluenceManagerWebServiceDelegate.retrievePage}]
[Output parameter {basePageUrl:Erebus Token Web ServicesUrl,versionUrl:,assetName:,version:1.0,applicationCode:,content:,assetType:COMPONENT_DESIGN,catalog:JAVA,componentType:CUSTOM}]
[Entering method {com.topcoder.confluence.webservice.delegate.ConfluenceManagerWebServiceDelegate.logout}]
[Input parameters[{token}:{tokentoken}]]
[Entering method {com.topcoder.confluence.webservice.bean.ConfluenceManagementServiceBean.logout}]
[Input parameters[{token}:{tokentoken}]]
[Exiting method {com.topcoder.confluence.webservice.bean.ConfluenceManagementServiceBean.logout}]
[Exiting method {com.topcoder.confluence.webservice.delegate.ConfluenceManagerWebServiceDelegate.logout}]
[Entering method {com.topcoder.confluence.webservice.delegate.ConfluenceManagerWebServiceDelegate.login}]
[Input parameters[{userName}:{username},{password}:{password}]]
[Entering method {com.topcoder.confluence.webservice.bean.ConfluenceManagementServiceBean.login}]
[Input parameters[{userName}:{username},{password}:{password}]]
[Exiting method {com.topcoder.confluence.webservice.bean.ConfluenceManagementServiceBean.login}]
[Output parameter {tokentoken}]
[Exiting method {com.topcoder.confluence.webservice.delegate.ConfluenceManagerWebServiceDelegate.login}]
[Output parameter {tokentoken}]
[Entering method {com.topcoder.confluence.webservice.delegate.ConfluenceManagerWebServiceDelegate.createPage}]
[Input parameters[{token}:{tokentoken},{pageName}:{Erebus Token Web Services},{version}:{1.0},{assetType}:{COMPONENT_DESIGN},{catalog}:{JAVA},{componentType}:{CUSTOM}]]
[Entering method {com.topcoder.confluence.webservice.bean.ConfluenceManagementServiceBean.createPage}]
[Input parameters[{token}:{tokentoken},{pageName}:{Erebus Token Web Services},{version}:{1.0},{assetType}:{COMPONENT_DESIGN},{catalog}:{JAVA},{componentType}:{CUSTOM}]]
[Exiting method {com.topcoder.confluence.webservice.bean.ConfluenceManagementServiceBean.createPage}]
[Output parameter {page:[basePageUrl:Erebus Token Web ServicesUrl,versionUrl:,assetName:,version:1.0,applicationCode:,content:,assetType:COMPONENT_DESIGN,catalog:JAVA,componentType:CUSTOM], actionTaken:BASE_PAGE_AND_VERSION_CREATED}]
[Exiting method {com.topcoder.confluence.webservice.delegate.ConfluenceManagerWebServiceDelegate.createPage}]
[Output parameter {page:[basePageUrl:Erebus Token Web ServicesUrl,versionUrl:,assetName:,version:1.0,applicationCode:,content:,assetType:COMPONENT_DESIGN,catalog:JAVA,componentType:CUSTOM], actionTaken:BASE_PAGE_AND_VERSION_CREATED}]
[Entering method {com.topcoder.confluence.webservice.delegate.ConfluenceManagerWebServiceDelegate.createPage}]
[Input parameters[{token}:{tokentoken},{pageName}:{Erebus Payment Web Services},{version}:{1.0},{assetType}:{COMPONENT_DESIGN},{catalog}:{JAVA},{applicationCode}:{12345}]]
[Entering method {com.topcoder.confluence.webservice.bean.ConfluenceManagementServiceBean.createPage}]
[Input parameters[{token}:{tokentoken},{pageName}:{Erebus Payment Web Services},{version}:{1.0},{assetType}:{COMPONENT_DESIGN},{catalog}:{JAVA},{applicationCode}:{12345}]]
[Exiting method {com.topcoder.confluence.webservice.bean.ConfluenceManagementServiceBean.createPage}]
[Output parameter {page:[basePageUrl:Erebus Payment Web ServicesUrl,versionUrl:,assetName:,version:1.0,applicationCode:12345,content:,assetType:COMPONENT_DESIGN,catalog:JAVA,componentType:], actionTaken:BASE_PAGE_AND_VERSION_CREATED}]
[Exiting method {com.topcoder.confluence.webservice.delegate.ConfluenceManagerWebServiceDelegate.createPage}]
[Output parameter {page:[basePageUrl:Erebus Payment Web ServicesUrl,versionUrl:,assetName:,version:1.0,applicationCode:12345,content:,assetType:COMPONENT_DESIGN,catalog:JAVA,componentType:], actionTaken:BASE_PAGE_AND_VERSION_CREATED}]
[Entering method {com.topcoder.confluence.webservice.delegate.ConfluenceManagerWebServiceDelegate.retrievePage}]
[Input parameters[{token}:{tokentoken},{pageName}:{Erebus Token Web Services},{version}:{1.0},{assetType}:{COMPONENT_DESIGN},{catalog}:{JAVA},{componentType}:{CUSTOM}]]
[Entering method {com.topcoder.confluence.webservice.bean.ConfluenceManagementServiceBean.retrievePage}]
[Input parameters[{token}:{tokentoken},{pageName}:{Erebus Token Web Services},{version}:{1.0},{assetType}:{COMPONENT_DESIGN},{catalog}:{JAVA},{componentType}:{CUSTOM}]]
[Exiting method {com.topcoder.confluence.webservice.bean.ConfluenceManagementServiceBean.retrievePage}]
[Output parameter {basePageUrl:Erebus Token Web ServicesUrl,versionUrl:,assetName:,version:1.0,applicationCode:,content:,assetType:COMPONENT_DESIGN,catalog:JAVA,componentType:CUSTOM}]
[Exiting method {com.topcoder.confluence.webservice.delegate.ConfluenceManagerWebServiceDelegate.retrievePage}]
[Output parameter {basePageUrl:Erebus Token Web ServicesUrl,versionUrl:,assetName:,version:1.0,applicationCode:,content:,assetType:COMPONENT_DESIGN,catalog:JAVA,componentType:CUSTOM}]
[Entering method {com.topcoder.confluence.webservice.delegate.ConfluenceManagerWebServiceDelegate.logout}]
[Input parameters[{token}:{tokentoken}]]
[Entering method {com.topcoder.confluence.webservice.bean.ConfluenceManagementServiceBean.logout}]
[Input parameters[{token}:{tokentoken}]]
[Exiting method {com.topcoder.confluence.webservice.bean.ConfluenceManagementServiceBean.logout}]
[Exiting method {com.topcoder.confluence.webservice.delegate.ConfluenceManagerWebServiceDelegate.logout}]
[Entering method {com.topcoder.confluence.webservice.delegate.ConfluenceManagerWebServiceDelegate.login}]
[Input parameters[{userName}:{username},{password}:{password}]]
[Entering method {com.topcoder.confluence.webservice.bean.ConfluenceManagementServiceBean.login}]
[Input parameters[{userName}:{username},{password}:{password}]]
[Exiting method {com.topcoder.confluence.webservice.bean.ConfluenceManagementServiceBean.login}]
[Output parameter {tokentoken}]
[Exiting method {com.topcoder.confluence.webservice.delegate.ConfluenceManagerWebServiceDelegate.login}]
[Output parameter {tokentoken}]
[Entering method {com.topcoder.confluence.webservice.delegate.ConfluenceManagerWebServiceDelegate.createPage}]
[Input parameters[{token}:{tokentoken},{pageName}:{Erebus Token Web Services},{version}:{1.0},{assetType}:{COMPONENT_DESIGN},{catalog}:{JAVA},{componentType}:{CUSTOM}]]
[Entering method {com.topcoder.confluence.webservice.bean.ConfluenceManagementServiceBean.createPage}]
[Input parameters[{token}:{tokentoken},{pageName}:{Erebus Token Web Services},{version}:{1.0},{assetType}:{COMPONENT_DESIGN},{catalog}:{JAVA},{componentType}:{CUSTOM}]]
[Exiting method {com.topcoder.confluence.webservice.bean.ConfluenceManagementServiceBean.createPage}]
[Output parameter {page:[basePageUrl:Erebus Token Web ServicesUrl,versionUrl:,assetName:,version:1.0,applicationCode:,content:,assetType:COMPONENT_DESIGN,catalog:JAVA,componentType:CUSTOM], actionTaken:BASE_PAGE_AND_VERSION_CREATED}]
[Exiting method {com.topcoder.confluence.webservice.delegate.ConfluenceManagerWebServiceDelegate.createPage}]
[Output parameter {page:[basePageUrl:Erebus Token Web ServicesUrl,versionUrl:,assetName:,version:1.0,applicationCode:,content:,assetType:COMPONENT_DESIGN,catalog:JAVA,componentType:CUSTOM], actionTaken:BASE_PAGE_AND_VERSION_CREATED}]
[Entering method {com.topcoder.confluence.webservice.delegate.ConfluenceManagerWebServiceDelegate.createPage}]
[Input parameters[{token}:{tokentoken},{pageName}:{Erebus Payment Web Services},{version}:{1.0},{assetType}:{COMPONENT_DESIGN},{catalog}:{JAVA},{applicationCode}:{12345}]]
[Entering method {com.topcoder.confluence.webservice.bean.ConfluenceManagementServiceBean.createPage}]
[Input parameters[{token}:{tokentoken},{pageName}:{Erebus Payment Web Services},{version}:{1.0},{assetType}:{COMPONENT_DESIGN},{catalog}:{JAVA},{applicationCode}:{12345}]]
[Exiting method {com.topcoder.confluence.webservice.bean.ConfluenceManagementServiceBean.createPage}]
[Output parameter {page:[basePageUrl:Erebus Payment Web ServicesUrl,versionUrl:,assetName:,version:1.0,applicationCode:12345,content:,assetType:COMPONENT_DESIGN,catalog:JAVA,componentType:], actionTaken:BASE_PAGE_AND_VERSION_CREATED}]
[Exiting method {com.topcoder.confluence.webservice.delegate.ConfluenceManagerWebServiceDelegate.createPage}]
[Output parameter {page:[basePageUrl:Erebus Payment Web ServicesUrl,versionUrl:,assetName:,version:1.0,applicationCode:12345,content:,assetType:COMPONENT_DESIGN,catalog:JAVA,componentType:], actionTaken:BASE_PAGE_AND_VERSION_CREATED}]
[Entering method {com.topcoder.confluence.webservice.delegate.ConfluenceManagerWebServiceDelegate.retrievePage}]
[Input parameters[{token}:{tokentoken},{pageName}:{Erebus Token Web Services},{version}:{1.0},{assetType}:{COMPONENT_DESIGN},{catalog}:{JAVA},{componentType}:{CUSTOM}]]
[Entering method {com.topcoder.confluence.webservice.bean.ConfluenceManagementServiceBean.retrievePage}]
[Input parameters[{token}:{tokentoken},{pageName}:{Erebus Token Web Services},{version}:{1.0},{assetType}:{COMPONENT_DESIGN},{catalog}:{JAVA},{componentType}:{CUSTOM}]]
[Exiting method {com.topcoder.confluence.webservice.bean.ConfluenceManagementServiceBean.retrievePage}]
[Output parameter {basePageUrl:Erebus Token Web ServicesUrl,versionUrl:,assetName:,version:1.0,applicationCode:,content:,assetType:COMPONENT_DESIGN,catalog:JAVA,componentType:CUSTOM}]
[Exiting method {com.topcoder.confluence.webservice.delegate.ConfluenceManagerWebServiceDelegate.retrievePage}]
[Output parameter {basePageUrl:Erebus Token Web ServicesUrl,versionUrl:,assetName:,version:1.0,applicationCode:,content:,assetType:COMPONENT_DESIGN,catalog:JAVA,componentType:CUSTOM}]
[Entering method {com.topcoder.confluence.webservice.delegate.ConfluenceManagerWebServiceDelegate.logout}]
[Input parameters[{token}:{tokentoken}]]
[Entering method {com.topcoder.confluence.webservice.bean.ConfluenceManagementServiceBean.logout}]
[Input parameters[{token}:{tokentoken}]]
[Exiting method {com.topcoder.confluence.webservice.bean.ConfluenceManagementServiceBean.logout}]
[Exiting method {com.topcoder.confluence.webservice.delegate.ConfluenceManagerWebServiceDelegate.logout}]
[Entering method {com.topcoder.confluence.webservice.delegate.ConfluenceManagerWebServiceDelegate.login}]
[Input parameters[{userName}:{username},{password}:{password}]]
[Entering method {com.topcoder.confluence.webservice.bean.ConfluenceManagementServiceBean.login}]
[Input parameters[{userName}:{username},{password}:{password}]]
[Exiting method {com.topcoder.confluence.webservice.bean.ConfluenceManagementServiceBean.login}]
[Output parameter {tokentoken}]
[Exiting method {com.topcoder.confluence.webservice.delegate.ConfluenceManagerWebServiceDelegate.login}]
[Output parameter {tokentoken}]
[Entering method {com.topcoder.confluence.webservice.delegate.ConfluenceManagerWebServiceDelegate.createPage}]
[Input parameters[{token}:{tokentoken},{pageName}:{Erebus Token Web Services},{version}:{1.0},{assetType}:{COMPONENT_DESIGN},{catalog}:{JAVA},{componentType}:{CUSTOM}]]
[Entering method {com.topcoder.confluence.webservice.bean.ConfluenceManagementServiceBean.createPage}]
[Input parameters[{token}:{tokentoken},{pageName}:{Erebus Token Web Services},{version}:{1.0},{assetType}:{COMPONENT_DESIGN},{catalog}:{JAVA},{componentType}:{CUSTOM}]]
[Exiting method {com.topcoder.confluence.webservice.bean.ConfluenceManagementServiceBean.createPage}]
[Output parameter {page:[basePageUrl:Erebus Token Web ServicesUrl,versionUrl:,assetName:,version:1.0,applicationCode:,content:,assetType:COMPONENT_DESIGN,catalog:JAVA,componentType:CUSTOM], actionTaken:BASE_PAGE_AND_VERSION_CREATED}]
[Exiting method {com.topcoder.confluence.webservice.delegate.ConfluenceManagerWebServiceDelegate.createPage}]
[Output parameter {page:[basePageUrl:Erebus Token Web ServicesUrl,versionUrl:,assetName:,version:1.0,applicationCode:,content:,assetType:COMPONENT_DESIGN,catalog:JAVA,componentType:CUSTOM], actionTaken:BASE_PAGE_AND_VERSION_CREATED}]
[Entering method {com.topcoder.confluence.webservice.delegate.ConfluenceManagerWebServiceDelegate.createPage}]
[Input parameters[{token}:{tokentoken},{pageName}:{Erebus Payment Web Services},{version}:{1.0},{assetType}:{COMPONENT_DESIGN},{catalog}:{JAVA},{applicationCode}:{12345}]]
[Entering method {com.topcoder.confluence.webservice.bean.ConfluenceManagementServiceBean.createPage}]
[Input parameters[{token}:{tokentoken},{pageName}:{Erebus Payment Web Services},{version}:{1.0},{assetType}:{COMPONENT_DESIGN},{catalog}:{JAVA},{applicationCode}:{12345}]]
[Exiting method {com.topcoder.confluence.webservice.bean.ConfluenceManagementServiceBean.createPage}]
[Output parameter {page:[basePageUrl:Erebus Payment Web ServicesUrl,versionUrl:,assetName:,version:1.0,applicationCode:12345,content:,assetType:COMPONENT_DESIGN,catalog:JAVA,componentType:], actionTaken:BASE_PAGE_AND_VERSION_CREATED}]
[Exiting method {com.topcoder.confluence.webservice.delegate.ConfluenceManagerWebServiceDelegate.createPage}]
[Output parameter {page:[basePageUrl:Erebus Payment Web ServicesUrl,versionUrl:,assetName:,version:1.0,applicationCode:12345,content:,assetType:COMPONENT_DESIGN,catalog:JAVA,componentType:], actionTaken:BASE_PAGE_AND_VERSION_CREATED}]
[Entering method {com.topcoder.confluence.webservice.delegate.ConfluenceManagerWebServiceDelegate.retrievePage}]
[Input parameters[{token}:{tokentoken},{pageName}:{Erebus Token Web Services},{version}:{1.0},{assetType}:{COMPONENT_DESIGN},{catalog}:{JAVA},{componentType}:{CUSTOM}]]
[Entering method {com.topcoder.confluence.webservice.bean.ConfluenceManagementServiceBean.retrievePage}]
[Input parameters[{token}:{tokentoken},{pageName}:{Erebus Token Web Services},{version}:{1.0},{assetType}:{COMPONENT_DESIGN},{catalog}:{JAVA},{componentType}:{CUSTOM}]]
[Exiting method {com.topcoder.confluence.webservice.bean.ConfluenceManagementServiceBean.retrievePage}]
[Output parameter {basePageUrl:Erebus Token Web ServicesUrl,versionUrl:,assetName:,version:1.0,applicationCode:,content:,assetType:COMPONENT_DESIGN,catalog:JAVA,componentType:CUSTOM}]
[Exiting method {com.topcoder.confluence.webservice.delegate.ConfluenceManagerWebServiceDelegate.retrievePage}]
[Output parameter {basePageUrl:Erebus Token Web ServicesUrl,versionUrl:,assetName:,version:1.0,applicationCode:,content:,assetType:COMPONENT_DESIGN,catalog:JAVA,componentType:CUSTOM}]
[Entering method {com.topcoder.confluence.webservice.delegate.ConfluenceManagerWebServiceDelegate.logout}]
[Input parameters[{token}:{tokentoken}]]
[Entering method {com.topcoder.confluence.webservice.bean.ConfluenceManagementServiceBean.logout}]
[Input parameters[{token}:{tokentoken}]]
[Exiting method {com.topcoder.confluence.webservice.bean.ConfluenceManagementServiceBean.logout}]
[Exiting method {com.topcoder.confluence.webservice.delegate.ConfluenceManagerWebServiceDelegate.logout}]
[Entering method {com.topcoder.confluence.webservice.delegate.ConfluenceManagerWebServiceDelegate.login}]
[Input parameters[{userName}:{username},{password}:{password}]]
[Entering method {com.topcoder.confluence.webservice.bean.ConfluenceManagementServiceBean.login}]
[Input parameters[{userName}:{username},{password}:{password}]]
[Exiting method {com.topcoder.confluence.webservice.bean.ConfluenceManagementServiceBean.login}]
[Output parameter {tokentoken}]
[Exiting method {com.topcoder.confluence.webservice.delegate.ConfluenceManagerWebServiceDelegate.login}]
[Output parameter {tokentoken}]
[Entering method {com.topcoder.confluence.webservice.delegate.ConfluenceManagerWebServiceDelegate.createPage}]
[Input parameters[{token}:{tokentoken},{pageName}:{Erebus Token Web Services},{version}:{1.0},{assetType}:{COMPONENT_DESIGN},{catalog}:{JAVA},{componentType}:{CUSTOM}]]
[Entering method {com.topcoder.confluence.webservice.bean.ConfluenceManagementServiceBean.createPage}]
[Input parameters[{token}:{tokentoken},{pageName}:{Erebus Token Web Services},{version}:{1.0},{assetType}:{COMPONENT_DESIGN},{catalog}:{JAVA},{componentType}:{CUSTOM}]]
[Exiting method {com.topcoder.confluence.webservice.bean.ConfluenceManagementServiceBean.createPage}]
[Output parameter {page:[basePageUrl:Erebus Token Web ServicesUrl,versionUrl:,assetName:,version:1.0,applicationCode:,content:,assetType:COMPONENT_DESIGN,catalog:JAVA,componentType:CUSTOM], actionTaken:BASE_PAGE_AND_VERSION_CREATED}]
[Exiting method {com.topcoder.confluence.webservice.delegate.ConfluenceManagerWebServiceDelegate.createPage}]
[Output parameter {page:[basePageUrl:Erebus Token Web ServicesUrl,versionUrl:,assetName:,version:1.0,applicationCode:,content:,assetType:COMPONENT_DESIGN,catalog:JAVA,componentType:CUSTOM], actionTaken:BASE_PAGE_AND_VERSION_CREATED}]
[Entering method {com.topcoder.confluence.webservice.delegate.ConfluenceManagerWebServiceDelegate.createPage}]
[Input parameters[{token}:{tokentoken},{pageName}:{Erebus Payment Web Services},{version}:{1.0},{assetType}:{COMPONENT_DESIGN},{catalog}:{JAVA},{applicationCode}:{12345}]]
[Entering method {com.topcoder.confluence.webservice.bean.ConfluenceManagementServiceBean.createPage}]
[Input parameters[{token}:{tokentoken},{pageName}:{Erebus Payment Web Services},{version}:{1.0},{assetType}:{COMPONENT_DESIGN},{catalog}:{JAVA},{applicationCode}:{12345}]]
[Exiting method {com.topcoder.confluence.webservice.bean.ConfluenceManagementServiceBean.createPage}]
[Output parameter {page:[basePageUrl:Erebus Payment Web ServicesUrl,versionUrl:,assetName:,version:1.0,applicationCode:12345,content:,assetType:COMPONENT_DESIGN,catalog:JAVA,componentType:], actionTaken:BASE_PAGE_AND_VERSION_CREATED}]
[Exiting method {com.topcoder.confluence.webservice.delegate.ConfluenceManagerWebServiceDelegate.createPage}]
[Output parameter {page:[basePageUrl:Erebus Payment Web ServicesUrl,versionUrl:,assetName:,version:1.0,applicationCode:12345,content:,assetType:COMPONENT_DESIGN,catalog:JAVA,componentType:], actionTaken:BASE_PAGE_AND_VERSION_CREATED}]
[Entering method {com.topcoder.confluence.webservice.delegate.ConfluenceManagerWebServiceDelegate.retrievePage}]
[Input parameters[{token}:{tokentoken},{pageName}:{Erebus Token Web Services},{version}:{1.0},{assetType}:{COMPONENT_DESIGN},{catalog}:{JAVA},{componentType}:{CUSTOM}]]
[Entering method {com.topcoder.confluence.webservice.bean.ConfluenceManagementServiceBean.retrievePage}]
[Input parameters[{token}:{tokentoken},{pageName}:{Erebus Token Web Services},{version}:{1.0},{assetType}:{COMPONENT_DESIGN},{catalog}:{JAVA},{componentType}:{CUSTOM}]]
[Exiting method {com.topcoder.confluence.webservice.bean.ConfluenceManagementServiceBean.retrievePage}]
[Output parameter {basePageUrl:Erebus Token Web ServicesUrl,versionUrl:,assetName:,version:1.0,applicationCode:,content:,assetType:COMPONENT_DESIGN,catalog:JAVA,componentType:CUSTOM}]
[Exiting method {com.topcoder.confluence.webservice.delegate.ConfluenceManagerWebServiceDelegate.retrievePage}]
[Output parameter {basePageUrl:Erebus Token Web ServicesUrl,versionUrl:,assetName:,version:1.0,applicationCode:,content:,assetType:COMPONENT_DESIGN,catalog:JAVA,componentType:CUSTOM}]
[Entering method {com.topcoder.confluence.webservice.delegate.ConfluenceManagerWebServiceDelegate.logout}]
[Input parameters[{token}:{tokentoken}]]
[Entering method {com.topcoder.confluence.webservice.bean.ConfluenceManagementServiceBean.logout}]
[Input parameters[{token}:{tokentoken}]]
[Exiting method {com.topcoder.confluence.webservice.bean.ConfluenceManagementServiceBean.logout}]
[Exiting method {com.topcoder.confluence.webservice.delegate.ConfluenceManagerWebServiceDelegate.logout}]
[Entering method {com.topcoder.confluence.webservice.delegate.ConfluenceManagerWebServiceDelegate.login}]
[Input parameters[{userName}:{username},{password}:{password}]]
[Entering method {com.topcoder.confluence.webservice.bean.ConfluenceManagementServiceBean.login}]
[Input parameters[{userName}:{username},{password}:{password}]]
[Exiting method {com.topcoder.confluence.webservice.bean.ConfluenceManagementServiceBean.login}]
[Output parameter {tokentoken}]
[Exiting method {com.topcoder.confluence.webservice.delegate.ConfluenceManagerWebServiceDelegate.login}]
[Output parameter {tokentoken}]
[Entering method {com.topcoder.confluence.webservice.delegate.ConfluenceManagerWebServiceDelegate.createPage}]
[Input parameters[{token}:{tokentoken},{pageName}:{Erebus Token Web Services},{version}:{1.0},{assetType}:{COMPONENT_DESIGN},{catalog}:{JAVA},{componentType}:{CUSTOM}]]
[Entering method {com.topcoder.confluence.webservice.bean.ConfluenceManagementServiceBean.createPage}]
[Input parameters[{token}:{tokentoken},{pageName}:{Erebus Token Web Services},{version}:{1.0},{assetType}:{COMPONENT_DESIGN},{catalog}:{JAVA},{componentType}:{CUSTOM}]]
[Exiting method {com.topcoder.confluence.webservice.bean.ConfluenceManagementServiceBean.createPage}]
[Output parameter {page:[basePageUrl:Erebus Token Web ServicesUrl,versionUrl:,assetName:,version:1.0,applicationCode:,content:,assetType:COMPONENT_DESIGN,catalog:JAVA,componentType:CUSTOM], actionTaken:BASE_PAGE_AND_VERSION_CREATED}]
[Exiting method {com.topcoder.confluence.webservice.delegate.ConfluenceManagerWebServiceDelegate.createPage}]
[Output parameter {page:[basePageUrl:Erebus Token Web ServicesUrl,versionUrl:,assetName:,version:1.0,applicationCode:,content:,assetType:COMPONENT_DESIGN,catalog:JAVA,componentType:CUSTOM], actionTaken:BASE_PAGE_AND_VERSION_CREATED}]
[Entering method {com.topcoder.confluence.webservice.delegate.ConfluenceManagerWebServiceDelegate.createPage}]
[Input parameters[{token}:{tokentoken},{pageName}:{Erebus Payment Web Services},{version}:{1.0},{assetType}:{COMPONENT_DESIGN},{catalog}:{JAVA},{applicationCode}:{12345}]]
[Entering method {com.topcoder.confluence.webservice.bean.ConfluenceManagementServiceBean.createPage}]
[Input parameters[{token}:{tokentoken},{pageName}:{Erebus Payment Web Services},{version}:{1.0},{assetType}:{COMPONENT_DESIGN},{catalog}:{JAVA},{applicationCode}:{12345}]]
[Exiting method {com.topcoder.confluence.webservice.bean.ConfluenceManagementServiceBean.createPage}]
[Output parameter {page:[basePageUrl:Erebus Payment Web ServicesUrl,versionUrl:,assetName:,version:1.0,applicationCode:12345,content:,assetType:COMPONENT_DESIGN,catalog:JAVA,componentType:], actionTaken:BASE_PAGE_AND_VERSION_CREATED}]
[Exiting method {com.topcoder.confluence.webservice.delegate.ConfluenceManagerWebServiceDelegate.createPage}]
[Output parameter {page:[basePageUrl:Erebus Payment Web ServicesUrl,versionUrl:,assetName:,version:1.0,applicationCode:12345,content:,assetType:COMPONENT_DESIGN,catalog:JAVA,componentType:], actionTaken:BASE_PAGE_AND_VERSION_CREATED}]
[Entering method {com.topcoder.confluence.webservice.delegate.ConfluenceManagerWebServiceDelegate.retrievePage}]
[Input parameters[{token}:{tokentoken},{pageName}:{Erebus Token Web Services},{version}:{1.0},{assetType}:{COMPONENT_DESIGN},{catalog}:{JAVA},{componentType}:{CUSTOM}]]
[Entering method {com.topcoder.confluence.webservice.bean.ConfluenceManagementServiceBean.retrievePage}]
[Input parameters[{token}:{tokentoken},{pageName}:{Erebus Token Web Services},{version}:{1.0},{assetType}:{COMPONENT_DESIGN},{catalog}:{JAVA},{componentType}:{CUSTOM}]]
[Exiting method {com.topcoder.confluence.webservice.bean.ConfluenceManagementServiceBean.retrievePage}]
[Output parameter {basePageUrl:Erebus Token Web ServicesUrl,versionUrl:,assetName:,version:1.0,applicationCode:,content:,assetType:COMPONENT_DESIGN,catalog:JAVA,componentType:CUSTOM}]
[Exiting method {com.topcoder.confluence.webservice.delegate.ConfluenceManagerWebServiceDelegate.retrievePage}]
[Output parameter {basePageUrl:Erebus Token Web ServicesUrl,versionUrl:,assetName:,version:1.0,applicationCode:,content:,assetType:COMPONENT_DESIGN,catalog:JAVA,componentType:CUSTOM}]
[Entering method {com.topcoder.confluence.webservice.delegate.ConfluenceManagerWebServiceDelegate.logout}]
[Input parameters[{token}:{tokentoken}]]
[Entering method {com.topcoder.confluence.webservice.bean.ConfluenceManagementServiceBean.logout}]
[Input parameters[{token}:{tokentoken}]]
[Exiting method {com.topcoder.confluence.webservice.bean.ConfluenceManagementServiceBean.logout}]
[Exiting method {com.topcoder.confluence.webservice.delegate.ConfluenceManagerWebServiceDelegate.logout}]
[Entering method {com.topcoder.confluence.webservice.delegate.ConfluenceManagerWebServiceDelegate.login}]
[Input parameters[{userName}:{username},{password}:{password}]]
[Entering method {com.topcoder.confluence.webservice.bean.ConfluenceManagementServiceBean.login}]
[Input parameters[{userName}:{username},{password}:{password}]]
[Exiting method {com.topcoder.confluence.webservice.bean.ConfluenceManagementServiceBean.login}]
[Output parameter {tokentoken}]
[Exiting method {com.topcoder.confluence.webservice.delegate.ConfluenceManagerWebServiceDelegate.login}]
[Output parameter {tokentoken}]
[Entering method {com.topcoder.confluence.webservice.delegate.ConfluenceManagerWebServiceDelegate.createPage}]
[Input parameters[{token}:{tokentoken},{pageName}:{Erebus Token Web Services},{version}:{1.0},{assetType}:{COMPONENT_DESIGN},{catalog}:{JAVA},{componentType}:{CUSTOM}]]
[Entering method {com.topcoder.confluence.webservice.bean.ConfluenceManagementServiceBean.createPage}]
[Input parameters[{token}:{tokentoken},{pageName}:{Erebus Token Web Services},{version}:{1.0},{assetType}:{COMPONENT_DESIGN},{catalog}:{JAVA},{componentType}:{CUSTOM}]]
[Exiting method {com.topcoder.confluence.webservice.bean.ConfluenceManagementServiceBean.createPage}]
[Output parameter {page:[basePageUrl:Erebus Token Web ServicesUrl,versionUrl:,assetName:,version:1.0,applicationCode:,content:,assetType:COMPONENT_DESIGN,catalog:JAVA,componentType:CUSTOM], actionTaken:BASE_PAGE_AND_VERSION_CREATED}]
[Exiting method {com.topcoder.confluence.webservice.delegate.ConfluenceManagerWebServiceDelegate.createPage}]
[Output parameter {page:[basePageUrl:Erebus Token Web ServicesUrl,versionUrl:,assetName:,version:1.0,applicationCode:,content:,assetType:COMPONENT_DESIGN,catalog:JAVA,componentType:CUSTOM], actionTaken:BASE_PAGE_AND_VERSION_CREATED}]
[Entering method {com.topcoder.confluence.webservice.delegate.ConfluenceManagerWebServiceDelegate.createPage}]
[Input parameters[{token}:{tokentoken},{pageName}:{Erebus Payment Web Services},{version}:{1.0},{assetType}:{COMPONENT_DESIGN},{catalog}:{JAVA},{applicationCode}:{12345}]]
[Entering method {com.topcoder.confluence.webservice.bean.ConfluenceManagementServiceBean.createPage}]
[Input parameters[{token}:{tokentoken},{pageName}:{Erebus Payment Web Services},{version}:{1.0},{assetType}:{COMPONENT_DESIGN},{catalog}:{JAVA},{applicationCode}:{12345}]]
[Exiting method {com.topcoder.confluence.webservice.bean.ConfluenceManagementServiceBean.createPage}]
[Output parameter {page:[basePageUrl:Erebus Payment Web ServicesUrl,versionUrl:,assetName:,version:1.0,applicationCode:12345,content:,assetType:COMPONENT_DESIGN,catalog:JAVA,componentType:], actionTaken:BASE_PAGE_AND_VERSION_CREATED}]
[Exiting method {com.topcoder.confluence.webservice.delegate.ConfluenceManagerWebServiceDelegate.createPage}]
[Output parameter {page:[basePageUrl:Erebus Payment Web ServicesUrl,versionUrl:,assetName:,version:1.0,applicationCode:12345,content:,assetType:COMPONENT_DESIGN,catalog:JAVA,componentType:], actionTaken:BASE_PAGE_AND_VERSION_CREATED}]
[Entering method {com.topcoder.confluence.webservice.delegate.ConfluenceManagerWebServiceDelegate.retrievePage}]
[Input parameters[{token}:{tokentoken},{pageName}:{Erebus Token Web Services},{version}:{1.0},{assetType}:{COMPONENT_DESIGN},{catalog}:{JAVA},{componentType}:{CUSTOM}]]
[Entering method {com.topcoder.confluence.webservice.bean.ConfluenceManagementServiceBean.retrievePage}]
[Input parameters[{token}:{tokentoken},{pageName}:{Erebus Token Web Services},{version}:{1.0},{assetType}:{COMPONENT_DESIGN},{catalog}:{JAVA},{componentType}:{CUSTOM}]]
[Exiting method {com.topcoder.confluence.webservice.bean.ConfluenceManagementServiceBean.retrievePage}]
[Output parameter {basePageUrl:Erebus Token Web ServicesUrl,versionUrl:,assetName:,version:1.0,applicationCode:,content:,assetType:COMPONENT_DESIGN,catalog:JAVA,componentType:CUSTOM}]
[Exiting method {com.topcoder.confluence.webservice.delegate.ConfluenceManagerWebServiceDelegate.retrievePage}]
[Output parameter {basePageUrl:Erebus Token Web ServicesUrl,versionUrl:,assetName:,version:1.0,applicationCode:,content:,assetType:COMPONENT_DESIGN,catalog:JAVA,componentType:CUSTOM}]
[Entering method {com.topcoder.confluence.webservice.delegate.ConfluenceManagerWebServiceDelegate.logout}]
[Input parameters[{token}:{tokentoken}]]
[Entering method {com.topcoder.confluence.webservice.bean.ConfluenceManagementServiceBean.logout}]
[Input parameters[{token}:{tokentoken}]]
[Exiting method {com.topcoder.confluence.webservice.bean.ConfluenceManagementServiceBean.logout}]
[Exiting method {com.topcoder.confluence.webservice.delegate.ConfluenceManagerWebServiceDelegate.logout}]
[Entering method {com.topcoder.confluence.webservice.delegate.ConfluenceManagerWebServiceDelegate.login}]
[Input parameters[{userName}:{username},{password}:{password}]]
[Entering method {com.topcoder.confluence.webservice.bean.ConfluenceManagementServiceBean.login}]
[Input parameters[{userName}:{username},{password}:{password}]]
[Exiting method {com.topcoder.confluence.webservice.bean.ConfluenceManagementServiceBean.login}]
[Output parameter {tokentoken}]
[Exiting method {com.topcoder.confluence.webservice.delegate.ConfluenceManagerWebServiceDelegate.login}]
[Output parameter {tokentoken}]
[Entering method {com.topcoder.confluence.webservice.delegate.ConfluenceManagerWebServiceDelegate.createPage}]
[Input parameters[{token}:{tokentoken},{pageName}:{Erebus Token Web Services},{version}:{1.0},{assetType}:{COMPONENT_DESIGN},{catalog}:{JAVA},{componentType}:{CUSTOM}]]
[Entering method {com.topcoder.confluence.webservice.bean.ConfluenceManagementServiceBean.createPage}]
[Input parameters[{token}:{tokentoken},{pageName}:{Erebus Token Web Services},{version}:{1.0},{assetType}:{COMPONENT_DESIGN},{catalog}:{JAVA},{componentType}:{CUSTOM}]]
[Exiting method {com.topcoder.confluence.webservice.bean.ConfluenceManagementServiceBean.createPage}]
[Output parameter {page:[basePageUrl:Erebus Token Web ServicesUrl,versionUrl:,assetName:,version:1.0,applicationCode:,content:,assetType:COMPONENT_DESIGN,catalog:JAVA,componentType:CUSTOM], actionTaken:BASE_PAGE_AND_VERSION_CREATED}]
[Exiting method {com.topcoder.confluence.webservice.delegate.ConfluenceManagerWebServiceDelegate.createPage}]
[Output parameter {page:[basePageUrl:Erebus Token Web ServicesUrl,versionUrl:,assetName:,version:1.0,applicationCode:,content:,assetType:COMPONENT_DESIGN,catalog:JAVA,componentType:CUSTOM], actionTaken:BASE_PAGE_AND_VERSION_CREATED}]
[Entering method {com.topcoder.confluence.webservice.delegate.ConfluenceManagerWebServiceDelegate.createPage}]
[Input parameters[{token}:{tokentoken},{pageName}:{Erebus Payment Web Services},{version}:{1.0},{assetType}:{COMPONENT_DESIGN},{catalog}:{JAVA},{applicationCode}:{12345}]]
[Entering method {com.topcoder.confluence.webservice.bean.ConfluenceManagementServiceBean.createPage}]
[Input parameters[{token}:{tokentoken},{pageName}:{Erebus Payment Web Services},{version}:{1.0},{assetType}:{COMPONENT_DESIGN},{catalog}:{JAVA},{applicationCode}:{12345}]]
[Exiting method {com.topcoder.confluence.webservice.bean.ConfluenceManagementServiceBean.createPage}]
[Output parameter {page:[basePageUrl:Erebus Payment Web ServicesUrl,versionUrl:,assetName:,version:1.0,applicationCode:12345,content:,assetType:COMPONENT_DESIGN,catalog:JAVA,componentType:], actionTaken:BASE_PAGE_AND_VERSION_CREATED}]
[Exiting method {com.topcoder.confluence.webservice.delegate.ConfluenceManagerWebServiceDelegate.createPage}]
[Output parameter {page:[basePageUrl:Erebus Payment Web ServicesUrl,versionUrl:,assetName:,version:1.0,applicationCode:12345,content:,assetType:COMPONENT_DESIGN,catalog:JAVA,componentType:], actionTaken:BASE_PAGE_AND_VERSION_CREATED}]
[Entering method {com.topcoder.confluence.webservice.delegate.ConfluenceManagerWebServiceDelegate.retrievePage}]
[Input parameters[{token}:{tokentoken},{pageName}:{Erebus Token Web Services},{version}:{1.0},{assetType}:{COMPONENT_DESIGN},{catalog}:{JAVA},{componentType}:{CUSTOM}]]
[Entering method {com.topcoder.confluence.webservice.bean.ConfluenceManagementServiceBean.retrievePage}]
[Input parameters[{token}:{tokentoken},{pageName}:{Erebus Token Web Services},{version}:{1.0},{assetType}:{COMPONENT_DESIGN},{catalog}:{JAVA},{componentType}:{CUSTOM}]]
[Exiting method {com.topcoder.confluence.webservice.bean.ConfluenceManagementServiceBean.retrievePage}]
[Output parameter {basePageUrl:Erebus Token Web ServicesUrl,versionUrl:,assetName:,version:1.0,applicationCode:,content:,assetType:COMPONENT_DESIGN,catalog:JAVA,componentType:CUSTOM}]
[Exiting method {com.topcoder.confluence.webservice.delegate.ConfluenceManagerWebServiceDelegate.retrievePage}]
[Output parameter {basePageUrl:Erebus Token Web ServicesUrl,versionUrl:,assetName:,version:1.0,applicationCode:,content:,assetType:COMPONENT_DESIGN,catalog:JAVA,componentType:CUSTOM}]
[Entering method {com.topcoder.confluence.webservice.delegate.ConfluenceManagerWebServiceDelegate.logout}]
[Input parameters[{token}:{tokentoken}]]
[Entering method {com.topcoder.confluence.webservice.bean.ConfluenceManagementServiceBean.logout}]
[Input parameters[{token}:{tokentoken}]]
[Exiting method {com.topcoder.confluence.webservice.bean.ConfluenceManagementServiceBean.logout}]
[Exiting method {com.topcoder.confluence.webservice.delegate.ConfluenceManagerWebServiceDelegate.logout}]
[Entering method {com.topcoder.confluence.webservice.delegate.ConfluenceManagerWebServiceDelegate.login}]
[Input parameters[{userName}:{username},{password}:{password}]]
[Entering method {com.topcoder.confluence.webservice.bean.ConfluenceManagementServiceBean.login}]
[Input parameters[{userName}:{username},{password}:{password}]]
[Exiting method {com.topcoder.confluence.webservice.bean.ConfluenceManagementServiceBean.login}]
[Output parameter {tokentoken}]
[Exiting method {com.topcoder.confluence.webservice.delegate.ConfluenceManagerWebServiceDelegate.login}]
[Output parameter {tokentoken}]
[Entering method {com.topcoder.confluence.webservice.delegate.ConfluenceManagerWebServiceDelegate.createPage}]
[Input parameters[{token}:{tokentoken},{pageName}:{Erebus Token Web Services},{version}:{1.0},{assetType}:{COMPONENT_DESIGN},{catalog}:{JAVA},{componentType}:{CUSTOM}]]
[Entering method {com.topcoder.confluence.webservice.bean.ConfluenceManagementServiceBean.createPage}]
[Input parameters[{token}:{tokentoken},{pageName}:{Erebus Token Web Services},{version}:{1.0},{assetType}:{COMPONENT_DESIGN},{catalog}:{JAVA},{componentType}:{CUSTOM}]]
[Exiting method {com.topcoder.confluence.webservice.bean.ConfluenceManagementServiceBean.createPage}]
[Output parameter {page:[basePageUrl:Erebus Token Web ServicesUrl,versionUrl:,assetName:,version:1.0,applicationCode:,content:,assetType:COMPONENT_DESIGN,catalog:JAVA,componentType:CUSTOM], actionTaken:BASE_PAGE_AND_VERSION_CREATED}]
[Exiting method {com.topcoder.confluence.webservice.delegate.ConfluenceManagerWebServiceDelegate.createPage}]
[Output parameter {page:[basePageUrl:Erebus Token Web ServicesUrl,versionUrl:,assetName:,version:1.0,applicationCode:,content:,assetType:COMPONENT_DESIGN,catalog:JAVA,componentType:CUSTOM], actionTaken:BASE_PAGE_AND_VERSION_CREATED}]
[Entering method {com.topcoder.confluence.webservice.delegate.ConfluenceManagerWebServiceDelegate.createPage}]
[Input parameters[{token}:{tokentoken},{pageName}:{Erebus Payment Web Services},{version}:{1.0},{assetType}:{COMPONENT_DESIGN},{catalog}:{JAVA},{applicationCode}:{12345}]]
[Entering method {com.topcoder.confluence.webservice.bean.ConfluenceManagementServiceBean.createPage}]
[Input parameters[{token}:{tokentoken},{pageName}:{Erebus Payment Web Services},{version}:{1.0},{assetType}:{COMPONENT_DESIGN},{catalog}:{JAVA},{applicationCode}:{12345}]]
[Exiting method {com.topcoder.confluence.webservice.bean.ConfluenceManagementServiceBean.createPage}]
[Output parameter {page:[basePageUrl:Erebus Payment Web ServicesUrl,versionUrl:,assetName:,version:1.0,applicationCode:12345,content:,assetType:COMPONENT_DESIGN,catalog:JAVA,componentType:], actionTaken:BASE_PAGE_AND_VERSION_CREATED}]
[Exiting method {com.topcoder.confluence.webservice.delegate.ConfluenceManagerWebServiceDelegate.createPage}]
[Output parameter {page:[basePageUrl:Erebus Payment Web ServicesUrl,versionUrl:,assetName:,version:1.0,applicationCode:12345,content:,assetType:COMPONENT_DESIGN,catalog:JAVA,componentType:], actionTaken:BASE_PAGE_AND_VERSION_CREATED}]
[Entering method {com.topcoder.confluence.webservice.delegate.ConfluenceManagerWebServiceDelegate.retrievePage}]
[Input parameters[{token}:{tokentoken},{pageName}:{Erebus Token Web Services},{version}:{1.0},{assetType}:{COMPONENT_DESIGN},{catalog}:{JAVA},{componentType}:{CUSTOM}]]
[Entering method {com.topcoder.confluence.webservice.bean.ConfluenceManagementServiceBean.retrievePage}]
[Input parameters[{token}:{tokentoken},{pageName}:{Erebus Token Web Services},{version}:{1.0},{assetType}:{COMPONENT_DESIGN},{catalog}:{JAVA},{componentType}:{CUSTOM}]]
[Exiting method {com.topcoder.confluence.webservice.bean.ConfluenceManagementServiceBean.retrievePage}]
[Output parameter {basePageUrl:Erebus Token Web ServicesUrl,versionUrl:,assetName:,version:1.0,applicationCode:,content:,assetType:COMPONENT_DESIGN,catalog:JAVA,componentType:CUSTOM}]
[Exiting method {com.topcoder.confluence.webservice.delegate.ConfluenceManagerWebServiceDelegate.retrievePage}]
[Output parameter {basePageUrl:Erebus Token Web ServicesUrl,versionUrl:,assetName:,version:1.0,applicationCode:,content:,assetType:COMPONENT_DESIGN,catalog:JAVA,componentType:CUSTOM}]
[Entering method {com.topcoder.confluence.webservice.delegate.ConfluenceManagerWebServiceDelegate.logout}]
[Input parameters[{token}:{tokentoken}]]
[Entering method {com.topcoder.confluence.webservice.bean.ConfluenceManagementServiceBean.logout}]
[Input parameters[{token}:{tokentoken}]]
[Exiting method {com.topcoder.confluence.webservice.bean.ConfluenceManagementServiceBean.logout}]
[Exiting method {com.topcoder.confluence.webservice.delegate.ConfluenceManagerWebServiceDelegate.logout}]
[Entering method {com.topcoder.confluence.webservice.delegate.ConfluenceManagerWebServiceDelegate.login}]
[Input parameters[{userName}:{username},{password}:{password}]]
[Entering method {com.topcoder.confluence.webservice.bean.ConfluenceManagementServiceBean.login}]
[Input parameters[{userName}:{username},{password}:{password}]]
[Exiting method {com.topcoder.confluence.webservice.bean.ConfluenceManagementServiceBean.login}]
[Output parameter {tokentoken}]
[Exiting method {com.topcoder.confluence.webservice.delegate.ConfluenceManagerWebServiceDelegate.login}]
[Output parameter {tokentoken}]
[Entering method {com.topcoder.confluence.webservice.delegate.ConfluenceManagerWebServiceDelegate.createPage}]
[Input parameters[{token}:{tokentoken},{pageName}:{Erebus Token Web Services},{version}:{1.0},{assetType}:{COMPONENT_DESIGN},{catalog}:{JAVA},{componentType}:{CUSTOM}]]
[Entering method {com.topcoder.confluence.webservice.bean.ConfluenceManagementServiceBean.createPage}]
[Input parameters[{token}:{tokentoken},{pageName}:{Erebus Token Web Services},{version}:{1.0},{assetType}:{COMPONENT_DESIGN},{catalog}:{JAVA},{componentType}:{CUSTOM}]]
[Exiting method {com.topcoder.confluence.webservice.bean.ConfluenceManagementServiceBean.createPage}]
[Output parameter {page:[basePageUrl:Erebus Token Web ServicesUrl,versionUrl:,assetName:,version:1.0,applicationCode:,content:,assetType:COMPONENT_DESIGN,catalog:JAVA,componentType:CUSTOM], actionTaken:BASE_PAGE_AND_VERSION_CREATED}]
[Exiting method {com.topcoder.confluence.webservice.delegate.ConfluenceManagerWebServiceDelegate.createPage}]
[Output parameter {page:[basePageUrl:Erebus Token Web ServicesUrl,versionUrl:,assetName:,version:1.0,applicationCode:,content:,assetType:COMPONENT_DESIGN,catalog:JAVA,componentType:CUSTOM], actionTaken:BASE_PAGE_AND_VERSION_CREATED}]
[Entering method {com.topcoder.confluence.webservice.delegate.ConfluenceManagerWebServiceDelegate.createPage}]
[Input parameters[{token}:{tokentoken},{pageName}:{Erebus Payment Web Services},{version}:{1.0},{assetType}:{COMPONENT_DESIGN},{catalog}:{JAVA},{applicationCode}:{12345}]]
[Entering method {com.topcoder.confluence.webservice.bean.ConfluenceManagementServiceBean.createPage}]
[Input parameters[{token}:{tokentoken},{pageName}:{Erebus Payment Web Services},{version}:{1.0},{assetType}:{COMPONENT_DESIGN},{catalog}:{JAVA},{applicationCode}:{12345}]]
[Exiting method {com.topcoder.confluence.webservice.bean.ConfluenceManagementServiceBean.createPage}]
[Output parameter {page:[basePageUrl:Erebus Payment Web ServicesUrl,versionUrl:,assetName:,version:1.0,applicationCode:12345,content:,assetType:COMPONENT_DESIGN,catalog:JAVA,componentType:], actionTaken:BASE_PAGE_AND_VERSION_CREATED}]
[Exiting method {com.topcoder.confluence.webservice.delegate.ConfluenceManagerWebServiceDelegate.createPage}]
[Output parameter {page:[basePageUrl:Erebus Payment Web ServicesUrl,versionUrl:,assetName:,version:1.0,applicationCode:12345,content:,assetType:COMPONENT_DESIGN,catalog:JAVA,componentType:], actionTaken:BASE_PAGE_AND_VERSION_CREATED}]
[Entering method {com.topcoder.confluence.webservice.delegate.ConfluenceManagerWebServiceDelegate.retrievePage}]
[Input parameters[{token}:{tokentoken},{pageName}:{Erebus Token Web Services},{version}:{1.0},{assetType}:{COMPONENT_DESIGN},{catalog}:{JAVA},{componentType}:{CUSTOM}]]
[Entering method {com.topcoder.confluence.webservice.bean.ConfluenceManagementServiceBean.retrievePage}]
[Input parameters[{token}:{tokentoken},{pageName}:{Erebus Token Web Services},{version}:{1.0},{assetType}:{COMPONENT_DESIGN},{catalog}:{JAVA},{componentType}:{CUSTOM}]]
[Exiting method {com.topcoder.confluence.webservice.bean.ConfluenceManagementServiceBean.retrievePage}]
[Output parameter {basePageUrl:Erebus Token Web ServicesUrl,versionUrl:,assetName:,version:1.0,applicationCode:,content:,assetType:COMPONENT_DESIGN,catalog:JAVA,componentType:CUSTOM}]
[Exiting method {com.topcoder.confluence.webservice.delegate.ConfluenceManagerWebServiceDelegate.retrievePage}]
[Output parameter {basePageUrl:Erebus Token Web ServicesUrl,versionUrl:,assetName:,version:1.0,applicationCode:,content:,assetType:COMPONENT_DESIGN,catalog:JAVA,componentType:CUSTOM}]
[Entering method {com.topcoder.confluence.webservice.delegate.ConfluenceManagerWebServiceDelegate.logout}]
[Input parameters[{token}:{tokentoken}]]
[Entering method {com.topcoder.confluence.webservice.bean.ConfluenceManagementServiceBean.logout}]
[Input parameters[{token}:{tokentoken}]]
[Exiting method {com.topcoder.confluence.webservice.bean.ConfluenceManagementServiceBean.logout}]
[Exiting method {com.topcoder.confluence.webservice.delegate.ConfluenceManagerWebServiceDelegate.logout}]
[Entering method {com.topcoder.confluence.webservice.delegate.ConfluenceManagerWebServiceDelegate.login}]
[Input parameters[{userName}:{username},{password}:{password}]]
[Entering method {com.topcoder.confluence.webservice.bean.ConfluenceManagementServiceBean.login}]
[Input parameters[{userName}:{username},{password}:{password}]]
[Exiting method {com.topcoder.confluence.webservice.bean.ConfluenceManagementServiceBean.login}]
[Output parameter {tokentoken}]
[Exiting method {com.topcoder.confluence.webservice.delegate.ConfluenceManagerWebServiceDelegate.login}]
[Output parameter {tokentoken}]
[Entering method {com.topcoder.confluence.webservice.delegate.ConfluenceManagerWebServiceDelegate.createPage}]
[Input parameters[{token}:{tokentoken},{pageName}:{Erebus Token Web Services},{version}:{1.0},{assetType}:{COMPONENT_DESIGN},{catalog}:{JAVA},{componentType}:{CUSTOM}]]
[Entering method {com.topcoder.confluence.webservice.bean.ConfluenceManagementServiceBean.createPage}]
[Input parameters[{token}:{tokentoken},{pageName}:{Erebus Token Web Services},{version}:{1.0},{assetType}:{COMPONENT_DESIGN},{catalog}:{JAVA},{componentType}:{CUSTOM}]]
[Exiting method {com.topcoder.confluence.webservice.bean.ConfluenceManagementServiceBean.createPage}]
[Output parameter {page:[basePageUrl:Erebus Token Web ServicesUrl,versionUrl:,assetName:,version:1.0,applicationCode:,content:,assetType:COMPONENT_DESIGN,catalog:JAVA,componentType:CUSTOM], actionTaken:BASE_PAGE_AND_VERSION_CREATED}]
[Exiting method {com.topcoder.confluence.webservice.delegate.ConfluenceManagerWebServiceDelegate.createPage}]
[Output parameter {page:[basePageUrl:Erebus Token Web ServicesUrl,versionUrl:,assetName:,version:1.0,applicationCode:,content:,assetType:COMPONENT_DESIGN,catalog:JAVA,componentType:CUSTOM], actionTaken:BASE_PAGE_AND_VERSION_CREATED}]
[Entering method {com.topcoder.confluence.webservice.delegate.ConfluenceManagerWebServiceDelegate.createPage}]
[Input parameters[{token}:{tokentoken},{pageName}:{Erebus Payment Web Services},{version}:{1.0},{assetType}:{COMPONENT_DESIGN},{catalog}:{JAVA},{applicationCode}:{12345}]]
[Entering method {com.topcoder.confluence.webservice.bean.ConfluenceManagementServiceBean.createPage}]
[Input parameters[{token}:{tokentoken},{pageName}:{Erebus Payment Web Services},{version}:{1.0},{assetType}:{COMPONENT_DESIGN},{catalog}:{JAVA},{applicationCode}:{12345}]]
[Exiting method {com.topcoder.confluence.webservice.bean.ConfluenceManagementServiceBean.createPage}]
[Output parameter {page:[basePageUrl:Erebus Payment Web ServicesUrl,versionUrl:,assetName:,version:1.0,applicationCode:12345,content:,assetType:COMPONENT_DESIGN,catalog:JAVA,componentType:], actionTaken:BASE_PAGE_AND_VERSION_CREATED}]
[Exiting method {com.topcoder.confluence.webservice.delegate.ConfluenceManagerWebServiceDelegate.createPage}]
[Output parameter {page:[basePageUrl:Erebus Payment Web ServicesUrl,versionUrl:,assetName:,version:1.0,applicationCode:12345,content:,assetType:COMPONENT_DESIGN,catalog:JAVA,componentType:], actionTaken:BASE_PAGE_AND_VERSION_CREATED}]
[Entering method {com.topcoder.confluence.webservice.delegate.ConfluenceManagerWebServiceDelegate.retrievePage}]
[Input parameters[{token}:{tokentoken},{pageName}:{Erebus Token Web Services},{version}:{1.0},{assetType}:{COMPONENT_DESIGN},{catalog}:{JAVA},{componentType}:{CUSTOM}]]
[Entering method {com.topcoder.confluence.webservice.bean.ConfluenceManagementServiceBean.retrievePage}]
[Input parameters[{token}:{tokentoken},{pageName}:{Erebus Token Web Services},{version}:{1.0},{assetType}:{COMPONENT_DESIGN},{catalog}:{JAVA},{componentType}:{CUSTOM}]]
[Exiting method {com.topcoder.confluence.webservice.bean.ConfluenceManagementServiceBean.retrievePage}]
[Output parameter {basePageUrl:Erebus Token Web ServicesUrl,versionUrl:,assetName:,version:1.0,applicationCode:,content:,assetType:COMPONENT_DESIGN,catalog:JAVA,componentType:CUSTOM}]
[Exiting method {com.topcoder.confluence.webservice.delegate.ConfluenceManagerWebServiceDelegate.retrievePage}]
[Output parameter {basePageUrl:Erebus Token Web ServicesUrl,versionUrl:,assetName:,version:1.0,applicationCode:,content:,assetType:COMPONENT_DESIGN,catalog:JAVA,componentType:CUSTOM}]
[Entering method {com.topcoder.confluence.webservice.delegate.ConfluenceManagerWebServiceDelegate.logout}]
[Input parameters[{token}:{tokentoken}]]
[Entering method {com.topcoder.confluence.webservice.bean.ConfluenceManagementServiceBean.logout}]
[Input parameters[{token}:{tokentoken}]]
[Exiting method {com.topcoder.confluence.webservice.bean.ConfluenceManagementServiceBean.logout}]
[Exiting method {com.topcoder.confluence.webservice.delegate.ConfluenceManagerWebServiceDelegate.logout}]
[Entering method {com.topcoder.confluence.webservice.delegate.ConfluenceManagerWebServiceDelegate.login}]
[Input parameters[{userName}:{username},{password}:{password}]]
[Entering method {com.topcoder.confluence.webservice.bean.ConfluenceManagementServiceBean.login}]
[Input parameters[{userName}:{username},{password}:{password}]]
[Exiting method {com.topcoder.confluence.webservice.bean.ConfluenceManagementServiceBean.login}]
[Output parameter {tokentoken}]
[Exiting method {com.topcoder.confluence.webservice.delegate.ConfluenceManagerWebServiceDelegate.login}]
[Output parameter {tokentoken}]
[Entering method {com.topcoder.confluence.webservice.delegate.ConfluenceManagerWebServiceDelegate.createPage}]
[Input parameters[{token}:{tokentoken},{pageName}:{Erebus Token Web Services},{version}:{1.0},{assetType}:{COMPONENT_DESIGN},{catalog}:{JAVA},{componentType}:{CUSTOM}]]
[Entering method {com.topcoder.confluence.webservice.bean.ConfluenceManagementServiceBean.createPage}]
[Input parameters[{token}:{tokentoken},{pageName}:{Erebus Token Web Services},{version}:{1.0},{assetType}:{COMPONENT_DESIGN},{catalog}:{JAVA},{componentType}:{CUSTOM}]]
[Exiting method {com.topcoder.confluence.webservice.bean.ConfluenceManagementServiceBean.createPage}]
[Output parameter {page:[basePageUrl:Erebus Token Web ServicesUrl,versionUrl:,assetName:,version:1.0,applicationCode:,content:,assetType:COMPONENT_DESIGN,catalog:JAVA,componentType:CUSTOM], actionTaken:BASE_PAGE_AND_VERSION_CREATED}]
[Exiting method {com.topcoder.confluence.webservice.delegate.ConfluenceManagerWebServiceDelegate.createPage}]
[Output parameter {page:[basePageUrl:Erebus Token Web ServicesUrl,versionUrl:,assetName:,version:1.0,applicationCode:,content:,assetType:COMPONENT_DESIGN,catalog:JAVA,componentType:CUSTOM], actionTaken:BASE_PAGE_AND_VERSION_CREATED}]
[Entering method {com.topcoder.confluence.webservice.delegate.ConfluenceManagerWebServiceDelegate.createPage}]
[Input parameters[{token}:{tokentoken},{pageName}:{Erebus Payment Web Services},{version}:{1.0},{assetType}:{COMPONENT_DESIGN},{catalog}:{JAVA},{applicationCode}:{12345}]]
[Entering method {com.topcoder.confluence.webservice.bean.ConfluenceManagementServiceBean.createPage}]
[Input parameters[{token}:{tokentoken},{pageName}:{Erebus Payment Web Services},{version}:{1.0},{assetType}:{COMPONENT_DESIGN},{catalog}:{JAVA},{applicationCode}:{12345}]]
[Exiting method {com.topcoder.confluence.webservice.bean.ConfluenceManagementServiceBean.createPage}]
[Output parameter {page:[basePageUrl:Erebus Payment Web ServicesUrl,versionUrl:,assetName:,version:1.0,applicationCode:12345,content:,assetType:COMPONENT_DESIGN,catalog:JAVA,componentType:], actionTaken:BASE_PAGE_AND_VERSION_CREATED}]
[Exiting method {com.topcoder.confluence.webservice.delegate.ConfluenceManagerWebServiceDelegate.createPage}]
[Output parameter {page:[basePageUrl:Erebus Payment Web ServicesUrl,versionUrl:,assetName:,version:1.0,applicationCode:12345,content:,assetType:COMPONENT_DESIGN,catalog:JAVA,componentType:], actionTaken:BASE_PAGE_AND_VERSION_CREATED}]
[Entering method {com.topcoder.confluence.webservice.delegate.ConfluenceManagerWebServiceDelegate.retrievePage}]
[Input parameters[{token}:{tokentoken},{pageName}:{Erebus Token Web Services},{version}:{1.0},{assetType}:{COMPONENT_DESIGN},{catalog}:{JAVA},{componentType}:{CUSTOM}]]
[Entering method {com.topcoder.confluence.webservice.bean.ConfluenceManagementServiceBean.retrievePage}]
[Input parameters[{token}:{tokentoken},{pageName}:{Erebus Token Web Services},{version}:{1.0},{assetType}:{COMPONENT_DESIGN},{catalog}:{JAVA},{componentType}:{CUSTOM}]]
[Exiting method {com.topcoder.confluence.webservice.bean.ConfluenceManagementServiceBean.retrievePage}]
[Output parameter {basePageUrl:Erebus Token Web ServicesUrl,versionUrl:,assetName:,version:1.0,applicationCode:,content:,assetType:COMPONENT_DESIGN,catalog:JAVA,componentType:CUSTOM}]
[Exiting method {com.topcoder.confluence.webservice.delegate.ConfluenceManagerWebServiceDelegate.retrievePage}]
[Output parameter {basePageUrl:Erebus Token Web ServicesUrl,versionUrl:,assetName:,version:1.0,applicationCode:,content:,assetType:COMPONENT_DESIGN,catalog:JAVA,componentType:CUSTOM}]
[Entering method {com.topcoder.confluence.webservice.delegate.ConfluenceManagerWebServiceDelegate.logout}]
[Input parameters[{token}:{tokentoken}]]
[Entering method {com.topcoder.confluence.webservice.bean.ConfluenceManagementServiceBean.logout}]
[Input parameters[{token}:{tokentoken}]]
[Exiting method {com.topcoder.confluence.webservice.bean.ConfluenceManagementServiceBean.logout}]
[Exiting method {com.topcoder.confluence.webservice.delegate.ConfluenceManagerWebServiceDelegate.logout}]
[Entering method {com.topcoder.confluence.webservice.delegate.ConfluenceManagerWebServiceDelegate.login}]
[Input parameters[{userName}:{username},{password}:{password}]]
[Entering method {com.topcoder.confluence.webservice.bean.ConfluenceManagementServiceBean.login}]
[Input parameters[{userName}:{username},{password}:{password}]]
[Exiting method {com.topcoder.confluence.webservice.bean.ConfluenceManagementServiceBean.login}]
[Output parameter {tokentoken}]
[Exiting method {com.topcoder.confluence.webservice.delegate.ConfluenceManagerWebServiceDelegate.login}]
[Output parameter {tokentoken}]
[Entering method {com.topcoder.confluence.webservice.delegate.ConfluenceManagerWebServiceDelegate.createPage}]
[Input parameters[{token}:{tokentoken},{pageName}:{Erebus Token Web Services},{version}:{1.0},{assetType}:{COMPONENT_DESIGN},{catalog}:{JAVA},{componentType}:{CUSTOM}]]
[Entering method {com.topcoder.confluence.webservice.bean.ConfluenceManagementServiceBean.createPage}]
[Input parameters[{token}:{tokentoken},{pageName}:{Erebus Token Web Services},{version}:{1.0},{assetType}:{COMPONENT_DESIGN},{catalog}:{JAVA},{componentType}:{CUSTOM}]]
[Exiting method {com.topcoder.confluence.webservice.bean.ConfluenceManagementServiceBean.createPage}]
[Output parameter {page:[basePageUrl:Erebus Token Web ServicesUrl,versionUrl:,assetName:,version:1.0,applicationCode:,content:,assetType:COMPONENT_DESIGN,catalog:JAVA,componentType:CUSTOM], actionTaken:BASE_PAGE_AND_VERSION_CREATED}]
[Exiting method {com.topcoder.confluence.webservice.delegate.ConfluenceManagerWebServiceDelegate.createPage}]
[Output parameter {page:[basePageUrl:Erebus Token Web ServicesUrl,versionUrl:,assetName:,version:1.0,applicationCode:,content:,assetType:COMPONENT_DESIGN,catalog:JAVA,componentType:CUSTOM], actionTaken:BASE_PAGE_AND_VERSION_CREATED}]
[Entering method {com.topcoder.confluence.webservice.delegate.ConfluenceManagerWebServiceDelegate.createPage}]
[Input parameters[{token}:{tokentoken},{pageName}:{Erebus Payment Web Services},{version}:{1.0},{assetType}:{COMPONENT_DESIGN},{catalog}:{JAVA},{applicationCode}:{12345}]]
[Entering method {com.topcoder.confluence.webservice.bean.ConfluenceManagementServiceBean.createPage}]
[Input parameters[{token}:{tokentoken},{pageName}:{Erebus Payment Web Services},{version}:{1.0},{assetType}:{COMPONENT_DESIGN},{catalog}:{JAVA},{applicationCode}:{12345}]]
[Exiting method {com.topcoder.confluence.webservice.bean.ConfluenceManagementServiceBean.createPage}]
[Output parameter {page:[basePageUrl:Erebus Payment Web ServicesUrl,versionUrl:,assetName:,version:1.0,applicationCode:12345,content:,assetType:COMPONENT_DESIGN,catalog:JAVA,componentType:], actionTaken:BASE_PAGE_AND_VERSION_CREATED}]
[Exiting method {com.topcoder.confluence.webservice.delegate.ConfluenceManagerWebServiceDelegate.createPage}]
[Output parameter {page:[basePageUrl:Erebus Payment Web ServicesUrl,versionUrl:,assetName:,version:1.0,applicationCode:12345,content:,assetType:COMPONENT_DESIGN,catalog:JAVA,componentType:], actionTaken:BASE_PAGE_AND_VERSION_CREATED}]
[Entering method {com.topcoder.confluence.webservice.delegate.ConfluenceManagerWebServiceDelegate.retrievePage}]
[Input parameters[{token}:{tokentoken},{pageName}:{Erebus Token Web Services},{version}:{1.0},{assetType}:{COMPONENT_DESIGN},{catalog}:{JAVA},{componentType}:{CUSTOM}]]
[Entering method {com.topcoder.confluence.webservice.bean.ConfluenceManagementServiceBean.retrievePage}]
[Input parameters[{token}:{tokentoken},{pageName}:{Erebus Token Web Services},{version}:{1.0},{assetType}:{COMPONENT_DESIGN},{catalog}:{JAVA},{componentType}:{CUSTOM}]]
[Exiting method {com.topcoder.confluence.webservice.bean.ConfluenceManagementServiceBean.retrievePage}]
[Output parameter {basePageUrl:Erebus Token Web ServicesUrl,versionUrl:,assetName:,version:1.0,applicationCode:,content:,assetType:COMPONENT_DESIGN,catalog:JAVA,componentType:CUSTOM}]
[Exiting method {com.topcoder.confluence.webservice.delegate.ConfluenceManagerWebServiceDelegate.retrievePage}]
[Output parameter {basePageUrl:Erebus Token Web ServicesUrl,versionUrl:,assetName:,version:1.0,applicationCode:,content:,assetType:COMPONENT_DESIGN,catalog:JAVA,componentType:CUSTOM}]
[Entering method {com.topcoder.confluence.webservice.delegate.ConfluenceManagerWebServiceDelegate.logout}]
[Input parameters[{token}:{tokentoken}]]
[Entering method {com.topcoder.confluence.webservice.bean.ConfluenceManagementServiceBean.logout}]
[Input parameters[{token}:{tokentoken}]]
[Exiting method {com.topcoder.confluence.webservice.bean.ConfluenceManagementServiceBean.logout}]
[Exiting method {com.topcoder.confluence.webservice.delegate.ConfluenceManagerWebServiceDelegate.logout}]
[Entering method {com.topcoder.confluence.webservice.delegate.ConfluenceManagerWebServiceDelegate.login}]
[Input parameters[{userName}:{username},{password}:{password}]]
[Entering method {com.topcoder.confluence.webservice.bean.ConfluenceManagementServiceBean.login}]
[Input parameters[{userName}:{username},{password}:{password}]]
[Exiting method {com.topcoder.confluence.webservice.bean.ConfluenceManagementServiceBean.login}]
[Output parameter {tokentoken}]
[Exiting method {com.topcoder.confluence.webservice.delegate.ConfluenceManagerWebServiceDelegate.login}]
[Output parameter {tokentoken}]
[Entering method {com.topcoder.confluence.webservice.delegate.ConfluenceManagerWebServiceDelegate.createPage}]
[Input parameters[{token}:{tokentoken},{pageName}:{Erebus Token Web Services},{version}:{1.0},{assetType}:{COMPONENT_DESIGN},{catalog}:{JAVA},{componentType}:{CUSTOM}]]
[Entering method {com.topcoder.confluence.webservice.bean.ConfluenceManagementServiceBean.createPage}]
[Input parameters[{token}:{tokentoken},{pageName}:{Erebus Token Web Services},{version}:{1.0},{assetType}:{COMPONENT_DESIGN},{catalog}:{JAVA},{componentType}:{CUSTOM}]]
[Exiting method {com.topcoder.confluence.webservice.bean.ConfluenceManagementServiceBean.createPage}]
[Output parameter {page:[basePageUrl:Erebus Token Web ServicesUrl,versionUrl:,assetName:,version:1.0,applicationCode:,content:,assetType:COMPONENT_DESIGN,catalog:JAVA,componentType:CUSTOM], actionTaken:BASE_PAGE_AND_VERSION_CREATED}]
[Exiting method {com.topcoder.confluence.webservice.delegate.ConfluenceManagerWebServiceDelegate.createPage}]
[Output parameter {page:[basePageUrl:Erebus Token Web ServicesUrl,versionUrl:,assetName:,version:1.0,applicationCode:,content:,assetType:COMPONENT_DESIGN,catalog:JAVA,componentType:CUSTOM], actionTaken:BASE_PAGE_AND_VERSION_CREATED}]
[Entering method {com.topcoder.confluence.webservice.delegate.ConfluenceManagerWebServiceDelegate.createPage}]
[Input parameters[{token}:{tokentoken},{pageName}:{Erebus Payment Web Services},{version}:{1.0},{assetType}:{COMPONENT_DESIGN},{catalog}:{JAVA},{applicationCode}:{12345}]]
[Entering method {com.topcoder.confluence.webservice.bean.ConfluenceManagementServiceBean.createPage}]
[Input parameters[{token}:{tokentoken},{pageName}:{Erebus Payment Web Services},{version}:{1.0},{assetType}:{COMPONENT_DESIGN},{catalog}:{JAVA},{applicationCode}:{12345}]]
[Exiting method {com.topcoder.confluence.webservice.bean.ConfluenceManagementServiceBean.createPage}]
[Output parameter {page:[basePageUrl:Erebus Payment Web ServicesUrl,versionUrl:,assetName:,version:1.0,applicationCode:12345,content:,assetType:COMPONENT_DESIGN,catalog:JAVA,componentType:], actionTaken:BASE_PAGE_AND_VERSION_CREATED}]
[Exiting method {com.topcoder.confluence.webservice.delegate.ConfluenceManagerWebServiceDelegate.createPage}]
[Output parameter {page:[basePageUrl:Erebus Payment Web ServicesUrl,versionUrl:,assetName:,version:1.0,applicationCode:12345,content:,assetType:COMPONENT_DESIGN,catalog:JAVA,componentType:], actionTaken:BASE_PAGE_AND_VERSION_CREATED}]
[Entering method {com.topcoder.confluence.webservice.delegate.ConfluenceManagerWebServiceDelegate.retrievePage}]
[Input parameters[{token}:{tokentoken},{pageName}:{Erebus Token Web Services},{version}:{1.0},{assetType}:{COMPONENT_DESIGN},{catalog}:{JAVA},{componentType}:{CUSTOM}]]
[Entering method {com.topcoder.confluence.webservice.bean.ConfluenceManagementServiceBean.retrievePage}]
[Input parameters[{token}:{tokentoken},{pageName}:{Erebus Token Web Services},{version}:{1.0},{assetType}:{COMPONENT_DESIGN},{catalog}:{JAVA},{componentType}:{CUSTOM}]]
[Exiting method {com.topcoder.confluence.webservice.bean.ConfluenceManagementServiceBean.retrievePage}]
[Output parameter {basePageUrl:Erebus Token Web ServicesUrl,versionUrl:,assetName:,version:1.0,applicationCode:,content:,assetType:COMPONENT_DESIGN,catalog:JAVA,componentType:CUSTOM}]
[Exiting method {com.topcoder.confluence.webservice.delegate.ConfluenceManagerWebServiceDelegate.retrievePage}]
[Output parameter {basePageUrl:Erebus Token Web ServicesUrl,versionUrl:,assetName:,version:1.0,applicationCode:,content:,assetType:COMPONENT_DESIGN,catalog:JAVA,componentType:CUSTOM}]
[Entering method {com.topcoder.confluence.webservice.delegate.ConfluenceManagerWebServiceDelegate.logout}]
[Input parameters[{token}:{tokentoken}]]
[Entering method {com.topcoder.confluence.webservice.bean.ConfluenceManagementServiceBean.logout}]
[Input parameters[{token}:{tokentoken}]]
[Exiting method {com.topcoder.confluence.webservice.bean.ConfluenceManagementServiceBean.logout}]
[Exiting method {com.topcoder.confluence.webservice.delegate.ConfluenceManagerWebServiceDelegate.logout}]
[Entering method {com.topcoder.confluence.webservice.delegate.ConfluenceManagerWebServiceDelegate.login}]
[Input parameters[{userName}:{username},{password}:{password}]]
[Entering method {com.topcoder.confluence.webservice.bean.ConfluenceManagementServiceBean.login}]
[Input parameters[{userName}:{username},{password}:{password}]]
[Exiting method {com.topcoder.confluence.webservice.bean.ConfluenceManagementServiceBean.login}]
[Output parameter {tokentoken}]
[Exiting method {com.topcoder.confluence.webservice.delegate.ConfluenceManagerWebServiceDelegate.login}]
[Output parameter {tokentoken}]
[Entering method {com.topcoder.confluence.webservice.delegate.ConfluenceManagerWebServiceDelegate.createPage}]
[Input parameters[{token}:{tokentoken},{pageName}:{Erebus Token Web Services},{version}:{1.0},{assetType}:{COMPONENT_DESIGN},{catalog}:{JAVA},{componentType}:{CUSTOM}]]
[Entering method {com.topcoder.confluence.webservice.bean.ConfluenceManagementServiceBean.createPage}]
[Input parameters[{token}:{tokentoken},{pageName}:{Erebus Token Web Services},{version}:{1.0},{assetType}:{COMPONENT_DESIGN},{catalog}:{JAVA},{componentType}:{CUSTOM}]]
[Exiting method {com.topcoder.confluence.webservice.bean.ConfluenceManagementServiceBean.createPage}]
[Output parameter {page:[basePageUrl:Erebus Token Web ServicesUrl,versionUrl:,assetName:,version:1.0,applicationCode:,content:,assetType:COMPONENT_DESIGN,catalog:JAVA,componentType:CUSTOM], actionTaken:BASE_PAGE_AND_VERSION_CREATED}]
[Exiting method {com.topcoder.confluence.webservice.delegate.ConfluenceManagerWebServiceDelegate.createPage}]
[Output parameter {page:[basePageUrl:Erebus Token Web ServicesUrl,versionUrl:,assetName:,version:1.0,applicationCode:,content:,assetType:COMPONENT_DESIGN,catalog:JAVA,componentType:CUSTOM], actionTaken:BASE_PAGE_AND_VERSION_CREATED}]
[Entering method {com.topcoder.confluence.webservice.delegate.ConfluenceManagerWebServiceDelegate.createPage}]
[Input parameters[{token}:{tokentoken},{pageName}:{Erebus Payment Web Services},{version}:{1.0},{assetType}:{COMPONENT_DESIGN},{catalog}:{JAVA},{applicationCode}:{12345}]]
[Entering method {com.topcoder.confluence.webservice.bean.ConfluenceManagementServiceBean.createPage}]
[Input parameters[{token}:{tokentoken},{pageName}:{Erebus Payment Web Services},{version}:{1.0},{assetType}:{COMPONENT_DESIGN},{catalog}:{JAVA},{applicationCode}:{12345}]]
[Exiting method {com.topcoder.confluence.webservice.bean.ConfluenceManagementServiceBean.createPage}]
[Output parameter {page:[basePageUrl:Erebus Payment Web ServicesUrl,versionUrl:,assetName:,version:1.0,applicationCode:12345,content:,assetType:COMPONENT_DESIGN,catalog:JAVA,componentType:], actionTaken:BASE_PAGE_AND_VERSION_CREATED}]
[Exiting method {com.topcoder.confluence.webservice.delegate.ConfluenceManagerWebServiceDelegate.createPage}]
[Output parameter {page:[basePageUrl:Erebus Payment Web ServicesUrl,versionUrl:,assetName:,version:1.0,applicationCode:12345,content:,assetType:COMPONENT_DESIGN,catalog:JAVA,componentType:], actionTaken:BASE_PAGE_AND_VERSION_CREATED}]
[Entering method {com.topcoder.confluence.webservice.delegate.ConfluenceManagerWebServiceDelegate.retrievePage}]
[Input parameters[{token}:{tokentoken},{pageName}:{Erebus Token Web Services},{version}:{1.0},{assetType}:{COMPONENT_DESIGN},{catalog}:{JAVA},{componentType}:{CUSTOM}]]
[Entering method {com.topcoder.confluence.webservice.bean.ConfluenceManagementServiceBean.retrievePage}]
[Input parameters[{token}:{tokentoken},{pageName}:{Erebus Token Web Services},{version}:{1.0},{assetType}:{COMPONENT_DESIGN},{catalog}:{JAVA},{componentType}:{CUSTOM}]]
[Exiting method {com.topcoder.confluence.webservice.bean.ConfluenceManagementServiceBean.retrievePage}]
[Output parameter {basePageUrl:Erebus Token Web ServicesUrl,versionUrl:,assetName:,version:1.0,applicationCode:,content:,assetType:COMPONENT_DESIGN,catalog:JAVA,componentType:CUSTOM}]
[Exiting method {com.topcoder.confluence.webservice.delegate.ConfluenceManagerWebServiceDelegate.retrievePage}]
[Output parameter {basePageUrl:Erebus Token Web ServicesUrl,versionUrl:,assetName:,version:1.0,applicationCode:,content:,assetType:COMPONENT_DESIGN,catalog:JAVA,componentType:CUSTOM}]
[Entering method {com.topcoder.confluence.webservice.delegate.ConfluenceManagerWebServiceDelegate.logout}]
[Input parameters[{token}:{tokentoken}]]
[Entering method {com.topcoder.confluence.webservice.bean.ConfluenceManagementServiceBean.logout}]
[Input parameters[{token}:{tokentoken}]]
[Exiting method {com.topcoder.confluence.webservice.bean.ConfluenceManagementServiceBean.logout}]
[Exiting method {com.topcoder.confluence.webservice.delegate.ConfluenceManagerWebServiceDelegate.logout}]
[Entering method {com.topcoder.confluence.webservice.delegate.ConfluenceManagerWebServiceDelegate.login}]
[Input parameters[{userName}:{username},{password}:{password}]]
[Entering method {com.topcoder.confluence.webservice.bean.ConfluenceManagementServiceBean.login}]
[Input parameters[{userName}:{username},{password}:{password}]]
[Exiting method {com.topcoder.confluence.webservice.bean.ConfluenceManagementServiceBean.login}]
[Output parameter {tokentoken}]
[Exiting method {com.topcoder.confluence.webservice.delegate.ConfluenceManagerWebServiceDelegate.login}]
[Output parameter {tokentoken}]
[Entering method {com.topcoder.confluence.webservice.delegate.ConfluenceManagerWebServiceDelegate.createPage}]
[Input parameters[{token}:{tokentoken},{pageName}:{Erebus Token Web Services},{version}:{1.0},{assetType}:{COMPONENT_DESIGN},{catalog}:{JAVA},{componentType}:{CUSTOM}]]
[Entering method {com.topcoder.confluence.webservice.bean.ConfluenceManagementServiceBean.createPage}]
[Input parameters[{token}:{tokentoken},{pageName}:{Erebus Token Web Services},{version}:{1.0},{assetType}:{COMPONENT_DESIGN},{catalog}:{JAVA},{componentType}:{CUSTOM}]]
[Exiting method {com.topcoder.confluence.webservice.bean.ConfluenceManagementServiceBean.createPage}]
[Output parameter {page:[basePageUrl:Erebus Token Web ServicesUrl,versionUrl:,assetName:,version:1.0,applicationCode:,content:,assetType:COMPONENT_DESIGN,catalog:JAVA,componentType:CUSTOM], actionTaken:BASE_PAGE_AND_VERSION_CREATED}]
[Exiting method {com.topcoder.confluence.webservice.delegate.ConfluenceManagerWebServiceDelegate.createPage}]
[Output parameter {page:[basePageUrl:Erebus Token Web ServicesUrl,versionUrl:,assetName:,version:1.0,applicationCode:,content:,assetType:COMPONENT_DESIGN,catalog:JAVA,componentType:CUSTOM], actionTaken:BASE_PAGE_AND_VERSION_CREATED}]
[Entering method {com.topcoder.confluence.webservice.delegate.ConfluenceManagerWebServiceDelegate.createPage}]
[Input parameters[{token}:{tokentoken},{pageName}:{Erebus Payment Web Services},{version}:{1.0},{assetType}:{COMPONENT_DESIGN},{catalog}:{JAVA},{applicationCode}:{12345}]]
[Entering method {com.topcoder.confluence.webservice.bean.ConfluenceManagementServiceBean.createPage}]
[Input parameters[{token}:{tokentoken},{pageName}:{Erebus Payment Web Services},{version}:{1.0},{assetType}:{COMPONENT_DESIGN},{catalog}:{JAVA},{applicationCode}:{12345}]]
[Exiting method {com.topcoder.confluence.webservice.bean.ConfluenceManagementServiceBean.createPage}]
[Output parameter {page:[basePageUrl:Erebus Payment Web ServicesUrl,versionUrl:,assetName:,version:1.0,applicationCode:12345,content:,assetType:COMPONENT_DESIGN,catalog:JAVA,componentType:], actionTaken:BASE_PAGE_AND_VERSION_CREATED}]
[Exiting method {com.topcoder.confluence.webservice.delegate.ConfluenceManagerWebServiceDelegate.createPage}]
[Output parameter {page:[basePageUrl:Erebus Payment Web ServicesUrl,versionUrl:,assetName:,version:1.0,applicationCode:12345,content:,assetType:COMPONENT_DESIGN,catalog:JAVA,componentType:], actionTaken:BASE_PAGE_AND_VERSION_CREATED}]
[Entering method {com.topcoder.confluence.webservice.delegate.ConfluenceManagerWebServiceDelegate.retrievePage}]
[Input parameters[{token}:{tokentoken},{pageName}:{Erebus Token Web Services},{version}:{1.0},{assetType}:{COMPONENT_DESIGN},{catalog}:{JAVA},{componentType}:{CUSTOM}]]
[Entering method {com.topcoder.confluence.webservice.bean.ConfluenceManagementServiceBean.retrievePage}]
[Input parameters[{token}:{tokentoken},{pageName}:{Erebus Token Web Services},{version}:{1.0},{assetType}:{COMPONENT_DESIGN},{catalog}:{JAVA},{componentType}:{CUSTOM}]]
[Exiting method {com.topcoder.confluence.webservice.bean.ConfluenceManagementServiceBean.retrievePage}]
[Output parameter {basePageUrl:Erebus Token Web ServicesUrl,versionUrl:,assetName:,version:1.0,applicationCode:,content:,assetType:COMPONENT_DESIGN,catalog:JAVA,componentType:CUSTOM}]
[Exiting method {com.topcoder.confluence.webservice.delegate.ConfluenceManagerWebServiceDelegate.retrievePage}]
[Output parameter {basePageUrl:Erebus Token Web ServicesUrl,versionUrl:,assetName:,version:1.0,applicationCode:,content:,assetType:COMPONENT_DESIGN,catalog:JAVA,componentType:CUSTOM}]
[Entering method {com.topcoder.confluence.webservice.delegate.ConfluenceManagerWebServiceDelegate.logout}]
[Input parameters[{token}:{tokentoken}]]
[Entering method {com.topcoder.confluence.webservice.bean.ConfluenceManagementServiceBean.logout}]
[Input parameters[{token}:{tokentoken}]]
[Exiting method {com.topcoder.confluence.webservice.bean.ConfluenceManagementServiceBean.logout}]
[Exiting method {com.topcoder.confluence.webservice.delegate.ConfluenceManagerWebServiceDelegate.logout}]
[Entering method {com.topcoder.confluence.webservice.delegate.ConfluenceManagerWebServiceDelegate.login}]
[Input parameters[{userName}:{username},{password}:{password}]]
[Entering method {com.topcoder.confluence.webservice.bean.ConfluenceManagementServiceBean.login}]
[Input parameters[{userName}:{username},{password}:{password}]]
[Exiting method {com.topcoder.confluence.webservice.bean.ConfluenceManagementServiceBean.login}]
[Output parameter {tokentoken}]
[Exiting method {com.topcoder.confluence.webservice.delegate.ConfluenceManagerWebServiceDelegate.login}]
[Output parameter {tokentoken}]
[Entering method {com.topcoder.confluence.webservice.delegate.ConfluenceManagerWebServiceDelegate.createPage}]
[Input parameters[{token}:{tokentoken},{pageName}:{Erebus Token Web Services},{version}:{1.0},{assetType}:{COMPONENT_DESIGN},{catalog}:{JAVA},{componentType}:{CUSTOM}]]
[Entering method {com.topcoder.confluence.webservice.bean.ConfluenceManagementServiceBean.createPage}]
[Input parameters[{token}:{tokentoken},{pageName}:{Erebus Token Web Services},{version}:{1.0},{assetType}:{COMPONENT_DESIGN},{catalog}:{JAVA},{componentType}:{CUSTOM}]]
[Exiting method {com.topcoder.confluence.webservice.bean.ConfluenceManagementServiceBean.createPage}]
[Output parameter {page:[basePageUrl:Erebus Token Web ServicesUrl,versionUrl:,assetName:,version:1.0,applicationCode:,content:,assetType:COMPONENT_DESIGN,catalog:JAVA,componentType:CUSTOM], actionTaken:BASE_PAGE_AND_VERSION_CREATED}]
[Exiting method {com.topcoder.confluence.webservice.delegate.ConfluenceManagerWebServiceDelegate.createPage}]
[Output parameter {page:[basePageUrl:Erebus Token Web ServicesUrl,versionUrl:,assetName:,version:1.0,applicationCode:,content:,assetType:COMPONENT_DESIGN,catalog:JAVA,componentType:CUSTOM], actionTaken:BASE_PAGE_AND_VERSION_CREATED}]
[Entering method {com.topcoder.confluence.webservice.delegate.ConfluenceManagerWebServiceDelegate.createPage}]
[Input parameters[{token}:{tokentoken},{pageName}:{Erebus Payment Web Services},{version}:{1.0},{assetType}:{COMPONENT_DESIGN},{catalog}:{JAVA},{applicationCode}:{12345}]]
[Entering method {com.topcoder.confluence.webservice.bean.ConfluenceManagementServiceBean.createPage}]
[Input parameters[{token}:{tokentoken},{pageName}:{Erebus Payment Web Services},{version}:{1.0},{assetType}:{COMPONENT_DESIGN},{catalog}:{JAVA},{applicationCode}:{12345}]]
[Exiting method {com.topcoder.confluence.webservice.bean.ConfluenceManagementServiceBean.createPage}]
[Output parameter {page:[basePageUrl:Erebus Payment Web ServicesUrl,versionUrl:,assetName:,version:1.0,applicationCode:12345,content:,assetType:COMPONENT_DESIGN,catalog:JAVA,componentType:], actionTaken:BASE_PAGE_AND_VERSION_CREATED}]
[Exiting method {com.topcoder.confluence.webservice.delegate.ConfluenceManagerWebServiceDelegate.createPage}]
[Output parameter {page:[basePageUrl:Erebus Payment Web ServicesUrl,versionUrl:,assetName:,version:1.0,applicationCode:12345,content:,assetType:COMPONENT_DESIGN,catalog:JAVA,componentType:], actionTaken:BASE_PAGE_AND_VERSION_CREATED}]
[Entering method {com.topcoder.confluence.webservice.delegate.ConfluenceManagerWebServiceDelegate.retrievePage}]
[Input parameters[{token}:{tokentoken},{pageName}:{Erebus Token Web Services},{version}:{1.0},{assetType}:{COMPONENT_DESIGN},{catalog}:{JAVA},{componentType}:{CUSTOM}]]
[Entering method {com.topcoder.confluence.webservice.bean.ConfluenceManagementServiceBean.retrievePage}]
[Input parameters[{token}:{tokentoken},{pageName}:{Erebus Token Web Services},{version}:{1.0},{assetType}:{COMPONENT_DESIGN},{catalog}:{JAVA},{componentType}:{CUSTOM}]]
[Exiting method {com.topcoder.confluence.webservice.bean.ConfluenceManagementServiceBean.retrievePage}]
[Output parameter {basePageUrl:Erebus Token Web ServicesUrl,versionUrl:,assetName:,version:1.0,applicationCode:,content:,assetType:COMPONENT_DESIGN,catalog:JAVA,componentType:CUSTOM}]
[Exiting method {com.topcoder.confluence.webservice.delegate.ConfluenceManagerWebServiceDelegate.retrievePage}]
[Output parameter {basePageUrl:Erebus Token Web ServicesUrl,versionUrl:,assetName:,version:1.0,applicationCode:,content:,assetType:COMPONENT_DESIGN,catalog:JAVA,componentType:CUSTOM}]
[Entering method {com.topcoder.confluence.webservice.delegate.ConfluenceManagerWebServiceDelegate.logout}]
[Input parameters[{token}:{tokentoken}]]
[Entering method {com.topcoder.confluence.webservice.bean.ConfluenceManagementServiceBean.logout}]
[Input parameters[{token}:{tokentoken}]]
[Exiting method {com.topcoder.confluence.webservice.bean.ConfluenceManagementServiceBean.logout}]
[Exiting method {com.topcoder.confluence.webservice.delegate.ConfluenceManagerWebServiceDelegate.logout}]
[Entering method {com.topcoder.confluence.webservice.delegate.ConfluenceManagerWebServiceDelegate.login}]
[Input parameters[{userName}:{username},{password}:{password}]]
[Entering method {com.topcoder.confluence.webservice.bean.ConfluenceManagementServiceBean.login}]
[Input parameters[{userName}:{username},{password}:{password}]]
[Exiting method {com.topcoder.confluence.webservice.bean.ConfluenceManagementServiceBean.login}]
[Output parameter {tokentoken}]
[Exiting method {com.topcoder.confluence.webservice.delegate.ConfluenceManagerWebServiceDelegate.login}]
[Output parameter {tokentoken}]
[Entering method {com.topcoder.confluence.webservice.delegate.ConfluenceManagerWebServiceDelegate.createPage}]
[Input parameters[{token}:{tokentoken},{pageName}:{Erebus Token Web Services},{version}:{1.0},{assetType}:{COMPONENT_DESIGN},{catalog}:{JAVA},{componentType}:{CUSTOM}]]
[Entering method {com.topcoder.confluence.webservice.bean.ConfluenceManagementServiceBean.createPage}]
[Input parameters[{token}:{tokentoken},{pageName}:{Erebus Token Web Services},{version}:{1.0},{assetType}:{COMPONENT_DESIGN},{catalog}:{JAVA},{componentType}:{CUSTOM}]]
[Exiting method {com.topcoder.confluence.webservice.bean.ConfluenceManagementServiceBean.createPage}]
[Output parameter {page:[basePageUrl:Erebus Token Web ServicesUrl,versionUrl:,assetName:,version:1.0,applicationCode:,content:,assetType:COMPONENT_DESIGN,catalog:JAVA,componentType:CUSTOM], actionTaken:BASE_PAGE_AND_VERSION_CREATED}]
[Exiting method {com.topcoder.confluence.webservice.delegate.ConfluenceManagerWebServiceDelegate.createPage}]
[Output parameter {page:[basePageUrl:Erebus Token Web ServicesUrl,versionUrl:,assetName:,version:1.0,applicationCode:,content:,assetType:COMPONENT_DESIGN,catalog:JAVA,componentType:CUSTOM], actionTaken:BASE_PAGE_AND_VERSION_CREATED}]
[Entering method {com.topcoder.confluence.webservice.delegate.ConfluenceManagerWebServiceDelegate.createPage}]
[Input parameters[{token}:{tokentoken},{pageName}:{Erebus Payment Web Services},{version}:{1.0},{assetType}:{COMPONENT_DESIGN},{catalog}:{JAVA},{applicationCode}:{12345}]]
[Entering method {com.topcoder.confluence.webservice.bean.ConfluenceManagementServiceBean.createPage}]
[Input parameters[{token}:{tokentoken},{pageName}:{Erebus Payment Web Services},{version}:{1.0},{assetType}:{COMPONENT_DESIGN},{catalog}:{JAVA},{applicationCode}:{12345}]]
[Exiting method {com.topcoder.confluence.webservice.bean.ConfluenceManagementServiceBean.createPage}]
[Output parameter {page:[basePageUrl:Erebus Payment Web ServicesUrl,versionUrl:,assetName:,version:1.0,applicationCode:12345,content:,assetType:COMPONENT_DESIGN,catalog:JAVA,componentType:], actionTaken:BASE_PAGE_AND_VERSION_CREATED}]
[Exiting method {com.topcoder.confluence.webservice.delegate.ConfluenceManagerWebServiceDelegate.createPage}]
[Output parameter {page:[basePageUrl:Erebus Payment Web ServicesUrl,versionUrl:,assetName:,version:1.0,applicationCode:12345,content:,assetType:COMPONENT_DESIGN,catalog:JAVA,componentType:], actionTaken:BASE_PAGE_AND_VERSION_CREATED}]
[Entering method {com.topcoder.confluence.webservice.delegate.ConfluenceManagerWebServiceDelegate.retrievePage}]
[Input parameters[{token}:{tokentoken},{pageName}:{Erebus Token Web Services},{version}:{1.0},{assetType}:{COMPONENT_DESIGN},{catalog}:{JAVA},{componentType}:{CUSTOM}]]
[Entering method {com.topcoder.confluence.webservice.bean.ConfluenceManagementServiceBean.retrievePage}]
[Input parameters[{token}:{tokentoken},{pageName}:{Erebus Token Web Services},{version}:{1.0},{assetType}:{COMPONENT_DESIGN},{catalog}:{JAVA},{componentType}:{CUSTOM}]]
[Exiting method {com.topcoder.confluence.webservice.bean.ConfluenceManagementServiceBean.retrievePage}]
[Output parameter {basePageUrl:Erebus Token Web ServicesUrl,versionUrl:,assetName:,version:1.0,applicationCode:,content:,assetType:COMPONENT_DESIGN,catalog:JAVA,componentType:CUSTOM}]
[Exiting method {com.topcoder.confluence.webservice.delegate.ConfluenceManagerWebServiceDelegate.retrievePage}]
[Output parameter {basePageUrl:Erebus Token Web ServicesUrl,versionUrl:,assetName:,version:1.0,applicationCode:,content:,assetType:COMPONENT_DESIGN,catalog:JAVA,componentType:CUSTOM}]
[Entering method {com.topcoder.confluence.webservice.delegate.ConfluenceManagerWebServiceDelegate.logout}]
[Input parameters[{token}:{tokentoken}]]
[Entering method {com.topcoder.confluence.webservice.bean.ConfluenceManagementServiceBean.logout}]
[Input parameters[{token}:{tokentoken}]]
[Exiting method {com.topcoder.confluence.webservice.bean.ConfluenceManagementServiceBean.logout}]
[Exiting method {com.topcoder.confluence.webservice.delegate.ConfluenceManagerWebServiceDelegate.logout}]
[Entering method {com.topcoder.confluence.webservice.delegate.ConfluenceManagerWebServiceDelegate.login}]
[Input parameters[{userName}:{username},{password}:{password}]]
[Entering method {com.topcoder.confluence.webservice.bean.ConfluenceManagementServiceBean.login}]
[Input parameters[{userName}:{username},{password}:{password}]]
[Exiting method {com.topcoder.confluence.webservice.bean.ConfluenceManagementServiceBean.login}]
[Output parameter {tokentoken}]
[Exiting method {com.topcoder.confluence.webservice.delegate.ConfluenceManagerWebServiceDelegate.login}]
[Output parameter {tokentoken}]
[Entering method {com.topcoder.confluence.webservice.delegate.ConfluenceManagerWebServiceDelegate.createPage}]
[Input parameters[{token}:{tokentoken},{pageName}:{Erebus Token Web Services},{version}:{1.0},{assetType}:{COMPONENT_DESIGN},{catalog}:{JAVA},{componentType}:{CUSTOM}]]
[Entering method {com.topcoder.confluence.webservice.bean.ConfluenceManagementServiceBean.createPage}]
[Input parameters[{token}:{tokentoken},{pageName}:{Erebus Token Web Services},{version}:{1.0},{assetType}:{COMPONENT_DESIGN},{catalog}:{JAVA},{componentType}:{CUSTOM}]]
[Exiting method {com.topcoder.confluence.webservice.bean.ConfluenceManagementServiceBean.createPage}]
[Output parameter {page:[basePageUrl:Erebus Token Web ServicesUrl,versionUrl:,assetName:,version:1.0,applicationCode:,content:,assetType:COMPONENT_DESIGN,catalog:JAVA,componentType:CUSTOM], actionTaken:BASE_PAGE_AND_VERSION_CREATED}]
[Exiting method {com.topcoder.confluence.webservice.delegate.ConfluenceManagerWebServiceDelegate.createPage}]
[Output parameter {page:[basePageUrl:Erebus Token Web ServicesUrl,versionUrl:,assetName:,version:1.0,applicationCode:,content:,assetType:COMPONENT_DESIGN,catalog:JAVA,componentType:CUSTOM], actionTaken:BASE_PAGE_AND_VERSION_CREATED}]
[Entering method {com.topcoder.confluence.webservice.delegate.ConfluenceManagerWebServiceDelegate.createPage}]
[Input parameters[{token}:{tokentoken},{pageName}:{Erebus Payment Web Services},{version}:{1.0},{assetType}:{COMPONENT_DESIGN},{catalog}:{JAVA},{applicationCode}:{12345}]]
[Entering method {com.topcoder.confluence.webservice.bean.ConfluenceManagementServiceBean.createPage}]
[Input parameters[{token}:{tokentoken},{pageName}:{Erebus Payment Web Services},{version}:{1.0},{assetType}:{COMPONENT_DESIGN},{catalog}:{JAVA},{applicationCode}:{12345}]]
[Exiting method {com.topcoder.confluence.webservice.bean.ConfluenceManagementServiceBean.createPage}]
[Output parameter {page:[basePageUrl:Erebus Payment Web ServicesUrl,versionUrl:,assetName:,version:1.0,applicationCode:12345,content:,assetType:COMPONENT_DESIGN,catalog:JAVA,componentType:], actionTaken:BASE_PAGE_AND_VERSION_CREATED}]
[Exiting method {com.topcoder.confluence.webservice.delegate.ConfluenceManagerWebServiceDelegate.createPage}]
[Output parameter {page:[basePageUrl:Erebus Payment Web ServicesUrl,versionUrl:,assetName:,version:1.0,applicationCode:12345,content:,assetType:COMPONENT_DESIGN,catalog:JAVA,componentType:], actionTaken:BASE_PAGE_AND_VERSION_CREATED}]
[Entering method {com.topcoder.confluence.webservice.delegate.ConfluenceManagerWebServiceDelegate.retrievePage}]
[Input parameters[{token}:{tokentoken},{pageName}:{Erebus Token Web Services},{version}:{1.0},{assetType}:{COMPONENT_DESIGN},{catalog}:{JAVA},{componentType}:{CUSTOM}]]
[Entering method {com.topcoder.confluence.webservice.bean.ConfluenceManagementServiceBean.retrievePage}]
[Input parameters[{token}:{tokentoken},{pageName}:{Erebus Token Web Services},{version}:{1.0},{assetType}:{COMPONENT_DESIGN},{catalog}:{JAVA},{componentType}:{CUSTOM}]]
[Exiting method {com.topcoder.confluence.webservice.bean.ConfluenceManagementServiceBean.retrievePage}]
[Output parameter {basePageUrl:Erebus Token Web ServicesUrl,versionUrl:,assetName:,version:1.0,applicationCode:,content:,assetType:COMPONENT_DESIGN,catalog:JAVA,componentType:CUSTOM}]
[Exiting method {com.topcoder.confluence.webservice.delegate.ConfluenceManagerWebServiceDelegate.retrievePage}]
[Output parameter {basePageUrl:Erebus Token Web ServicesUrl,versionUrl:,assetName:,version:1.0,applicationCode:,content:,assetType:COMPONENT_DESIGN,catalog:JAVA,componentType:CUSTOM}]
[Entering method {com.topcoder.confluence.webservice.delegate.ConfluenceManagerWebServiceDelegate.logout}]
[Input parameters[{token}:{tokentoken}]]
[Entering method {com.topcoder.confluence.webservice.bean.ConfluenceManagementServiceBean.logout}]
[Input parameters[{token}:{tokentoken}]]
[Exiting method {com.topcoder.confluence.webservice.bean.ConfluenceManagementServiceBean.logout}]
[Exiting method {com.topcoder.confluence.webservice.delegate.ConfluenceManagerWebServiceDelegate.logout}]
[Entering method {com.topcoder.confluence.webservice.delegate.ConfluenceManagerWebServiceDelegate.login}]
[Input parameters[{userName}:{username},{password}:{password}]]
[Entering method {com.topcoder.confluence.webservice.bean.ConfluenceManagementServiceBean.login}]
[Input parameters[{userName}:{username},{password}:{password}]]
[Exiting method {com.topcoder.confluence.webservice.bean.ConfluenceManagementServiceBean.login}]
[Output parameter {tokentoken}]
[Exiting method {com.topcoder.confluence.webservice.delegate.ConfluenceManagerWebServiceDelegate.login}]
[Output parameter {tokentoken}]
[Entering method {com.topcoder.confluence.webservice.delegate.ConfluenceManagerWebServiceDelegate.createPage}]
[Input parameters[{token}:{tokentoken},{pageName}:{Erebus Token Web Services},{version}:{1.0},{assetType}:{COMPONENT_DESIGN},{catalog}:{JAVA},{componentType}:{CUSTOM}]]
[Entering method {com.topcoder.confluence.webservice.bean.ConfluenceManagementServiceBean.createPage}]
[Input parameters[{token}:{tokentoken},{pageName}:{Erebus Token Web Services},{version}:{1.0},{assetType}:{COMPONENT_DESIGN},{catalog}:{JAVA},{componentType}:{CUSTOM}]]
[Exiting method {com.topcoder.confluence.webservice.bean.ConfluenceManagementServiceBean.createPage}]
[Output parameter {page:[basePageUrl:Erebus Token Web ServicesUrl,versionUrl:,assetName:,version:1.0,applicationCode:,content:,assetType:COMPONENT_DESIGN,catalog:JAVA,componentType:CUSTOM], actionTaken:BASE_PAGE_AND_VERSION_CREATED}]
[Exiting method {com.topcoder.confluence.webservice.delegate.ConfluenceManagerWebServiceDelegate.createPage}]
[Output parameter {page:[basePageUrl:Erebus Token Web ServicesUrl,versionUrl:,assetName:,version:1.0,applicationCode:,content:,assetType:COMPONENT_DESIGN,catalog:JAVA,componentType:CUSTOM], actionTaken:BASE_PAGE_AND_VERSION_CREATED}]
[Entering method {com.topcoder.confluence.webservice.delegate.ConfluenceManagerWebServiceDelegate.createPage}]
[Input parameters[{token}:{tokentoken},{pageName}:{Erebus Payment Web Services},{version}:{1.0},{assetType}:{COMPONENT_DESIGN},{catalog}:{JAVA},{applicationCode}:{12345}]]
[Entering method {com.topcoder.confluence.webservice.bean.ConfluenceManagementServiceBean.createPage}]
[Input parameters[{token}:{tokentoken},{pageName}:{Erebus Payment Web Services},{version}:{1.0},{assetType}:{COMPONENT_DESIGN},{catalog}:{JAVA},{applicationCode}:{12345}]]
[Exiting method {com.topcoder.confluence.webservice.bean.ConfluenceManagementServiceBean.createPage}]
[Output parameter {page:[basePageUrl:Erebus Payment Web ServicesUrl,versionUrl:,assetName:,version:1.0,applicationCode:12345,content:,assetType:COMPONENT_DESIGN,catalog:JAVA,componentType:], actionTaken:BASE_PAGE_AND_VERSION_CREATED}]
[Exiting method {com.topcoder.confluence.webservice.delegate.ConfluenceManagerWebServiceDelegate.createPage}]
[Output parameter {page:[basePageUrl:Erebus Payment Web ServicesUrl,versionUrl:,assetName:,version:1.0,applicationCode:12345,content:,assetType:COMPONENT_DESIGN,catalog:JAVA,componentType:], actionTaken:BASE_PAGE_AND_VERSION_CREATED}]
[Entering method {com.topcoder.confluence.webservice.delegate.ConfluenceManagerWebServiceDelegate.retrievePage}]
[Input parameters[{token}:{tokentoken},{pageName}:{Erebus Token Web Services},{version}:{1.0},{assetType}:{COMPONENT_DESIGN},{catalog}:{JAVA},{componentType}:{CUSTOM}]]
[Entering method {com.topcoder.confluence.webservice.bean.ConfluenceManagementServiceBean.retrievePage}]
[Input parameters[{token}:{tokentoken},{pageName}:{Erebus Token Web Services},{version}:{1.0},{assetType}:{COMPONENT_DESIGN},{catalog}:{JAVA},{componentType}:{CUSTOM}]]
[Exiting method {com.topcoder.confluence.webservice.bean.ConfluenceManagementServiceBean.retrievePage}]
[Output parameter {basePageUrl:Erebus Token Web ServicesUrl,versionUrl:,assetName:,version:1.0,applicationCode:,content:,assetType:COMPONENT_DESIGN,catalog:JAVA,componentType:CUSTOM}]
[Exiting method {com.topcoder.confluence.webservice.delegate.ConfluenceManagerWebServiceDelegate.retrievePage}]
[Output parameter {basePageUrl:Erebus Token Web ServicesUrl,versionUrl:,assetName:,version:1.0,applicationCode:,content:,assetType:COMPONENT_DESIGN,catalog:JAVA,componentType:CUSTOM}]
[Entering method {com.topcoder.confluence.webservice.delegate.ConfluenceManagerWebServiceDelegate.logout}]
[Input parameters[{token}:{tokentoken}]]
[Entering method {com.topcoder.confluence.webservice.bean.ConfluenceManagementServiceBean.logout}]
[Input parameters[{token}:{tokentoken}]]
[Exiting method {com.topcoder.confluence.webservice.bean.ConfluenceManagementServiceBean.logout}]
[Exiting method {com.topcoder.confluence.webservice.delegate.ConfluenceManagerWebServiceDelegate.logout}]
[Entering method {com.topcoder.confluence.webservice.delegate.ConfluenceManagerWebServiceDelegate.login}]
[Input parameters[{userName}:{username},{password}:{password}]]
[Entering method {com.topcoder.confluence.webservice.bean.ConfluenceManagementServiceBean.login}]
[Input parameters[{userName}:{username},{password}:{password}]]
[Exiting method {com.topcoder.confluence.webservice.bean.ConfluenceManagementServiceBean.login}]
[Output parameter {tokentoken}]
[Exiting method {com.topcoder.confluence.webservice.delegate.ConfluenceManagerWebServiceDelegate.login}]
[Output parameter {tokentoken}]
[Entering method {com.topcoder.confluence.webservice.delegate.ConfluenceManagerWebServiceDelegate.createPage}]
[Input parameters[{token}:{tokentoken},{pageName}:{Erebus Token Web Services},{version}:{1.0},{assetType}:{COMPONENT_DESIGN},{catalog}:{JAVA},{componentType}:{CUSTOM}]]
[Entering method {com.topcoder.confluence.webservice.bean.ConfluenceManagementServiceBean.createPage}]
[Input parameters[{token}:{tokentoken},{pageName}:{Erebus Token Web Services},{version}:{1.0},{assetType}:{COMPONENT_DESIGN},{catalog}:{JAVA},{componentType}:{CUSTOM}]]
[Exiting method {com.topcoder.confluence.webservice.bean.ConfluenceManagementServiceBean.createPage}]
[Output parameter {page:[basePageUrl:Erebus Token Web ServicesUrl,versionUrl:,assetName:,version:1.0,applicationCode:,content:,assetType:COMPONENT_DESIGN,catalog:JAVA,componentType:CUSTOM], actionTaken:BASE_PAGE_AND_VERSION_CREATED}]
[Exiting method {com.topcoder.confluence.webservice.delegate.ConfluenceManagerWebServiceDelegate.createPage}]
[Output parameter {page:[basePageUrl:Erebus Token Web ServicesUrl,versionUrl:,assetName:,version:1.0,applicationCode:,content:,assetType:COMPONENT_DESIGN,catalog:JAVA,componentType:CUSTOM], actionTaken:BASE_PAGE_AND_VERSION_CREATED}]
[Entering method {com.topcoder.confluence.webservice.delegate.ConfluenceManagerWebServiceDelegate.createPage}]
[Input parameters[{token}:{tokentoken},{pageName}:{Erebus Payment Web Services},{version}:{1.0},{assetType}:{COMPONENT_DESIGN},{catalog}:{JAVA},{applicationCode}:{12345}]]
[Entering method {com.topcoder.confluence.webservice.bean.ConfluenceManagementServiceBean.createPage}]
[Input parameters[{token}:{tokentoken},{pageName}:{Erebus Payment Web Services},{version}:{1.0},{assetType}:{COMPONENT_DESIGN},{catalog}:{JAVA},{applicationCode}:{12345}]]
[Exiting method {com.topcoder.confluence.webservice.bean.ConfluenceManagementServiceBean.createPage}]
[Output parameter {page:[basePageUrl:Erebus Payment Web ServicesUrl,versionUrl:,assetName:,version:1.0,applicationCode:12345,content:,assetType:COMPONENT_DESIGN,catalog:JAVA,componentType:], actionTaken:BASE_PAGE_AND_VERSION_CREATED}]
[Exiting method {com.topcoder.confluence.webservice.delegate.ConfluenceManagerWebServiceDelegate.createPage}]
[Output parameter {page:[basePageUrl:Erebus Payment Web ServicesUrl,versionUrl:,assetName:,version:1.0,applicationCode:12345,content:,assetType:COMPONENT_DESIGN,catalog:JAVA,componentType:], actionTaken:BASE_PAGE_AND_VERSION_CREATED}]
[Entering method {com.topcoder.confluence.webservice.delegate.ConfluenceManagerWebServiceDelegate.retrievePage}]
[Input parameters[{token}:{tokentoken},{pageName}:{Erebus Token Web Services},{version}:{1.0},{assetType}:{COMPONENT_DESIGN},{catalog}:{JAVA},{componentType}:{CUSTOM}]]
[Entering method {com.topcoder.confluence.webservice.bean.ConfluenceManagementServiceBean.retrievePage}]
[Input parameters[{token}:{tokentoken},{pageName}:{Erebus Token Web Services},{version}:{1.0},{assetType}:{COMPONENT_DESIGN},{catalog}:{JAVA},{componentType}:{CUSTOM}]]
[Exiting method {com.topcoder.confluence.webservice.bean.ConfluenceManagementServiceBean.retrievePage}]
[Output parameter {basePageUrl:Erebus Token Web ServicesUrl,versionUrl:,assetName:,version:1.0,applicationCode:,content:,assetType:COMPONENT_DESIGN,catalog:JAVA,componentType:CUSTOM}]
[Exiting method {com.topcoder.confluence.webservice.delegate.ConfluenceManagerWebServiceDelegate.retrievePage}]
[Output parameter {basePageUrl:Erebus Token Web ServicesUrl,versionUrl:,assetName:,version:1.0,applicationCode:,content:,assetType:COMPONENT_DESIGN,catalog:JAVA,componentType:CUSTOM}]
[Entering method {com.topcoder.confluence.webservice.delegate.ConfluenceManagerWebServiceDelegate.logout}]
[Input parameters[{token}:{tokentoken}]]
[Entering method {com.topcoder.confluence.webservice.bean.ConfluenceManagementServiceBean.logout}]
[Input parameters[{token}:{tokentoken}]]
[Exiting method {com.topcoder.confluence.webservice.bean.ConfluenceManagementServiceBean.logout}]
[Exiting method {com.topcoder.confluence.webservice.delegate.ConfluenceManagerWebServiceDelegate.logout}]
[Entering method {com.topcoder.confluence.webservice.delegate.ConfluenceManagerWebServiceDelegate.login}]
[Input parameters[{userName}:{username},{password}:{password}]]
[Entering method {com.topcoder.confluence.webservice.bean.ConfluenceManagementServiceBean.login}]
[Input parameters[{userName}:{username},{password}:{password}]]
[Exiting method {com.topcoder.confluence.webservice.bean.ConfluenceManagementServiceBean.login}]
[Output parameter {tokentoken}]
[Exiting method {com.topcoder.confluence.webservice.delegate.ConfluenceManagerWebServiceDelegate.login}]
[Output parameter {tokentoken}]
[Entering method {com.topcoder.confluence.webservice.delegate.ConfluenceManagerWebServiceDelegate.createPage}]
[Input parameters[{token}:{tokentoken},{pageName}:{Erebus Token Web Services},{version}:{1.0},{assetType}:{COMPONENT_DESIGN},{catalog}:{JAVA},{componentType}:{CUSTOM}]]
[Entering method {com.topcoder.confluence.webservice.bean.ConfluenceManagementServiceBean.createPage}]
[Input parameters[{token}:{tokentoken},{pageName}:{Erebus Token Web Services},{version}:{1.0},{assetType}:{COMPONENT_DESIGN},{catalog}:{JAVA},{componentType}:{CUSTOM}]]
[Exiting method {com.topcoder.confluence.webservice.bean.ConfluenceManagementServiceBean.createPage}]
[Output parameter {page:[basePageUrl:Erebus Token Web ServicesUrl,versionUrl:,assetName:,version:1.0,applicationCode:,content:,assetType:COMPONENT_DESIGN,catalog:JAVA,componentType:CUSTOM], actionTaken:BASE_PAGE_AND_VERSION_CREATED}]
[Exiting method {com.topcoder.confluence.webservice.delegate.ConfluenceManagerWebServiceDelegate.createPage}]
[Output parameter {page:[basePageUrl:Erebus Token Web ServicesUrl,versionUrl:,assetName:,version:1.0,applicationCode:,content:,assetType:COMPONENT_DESIGN,catalog:JAVA,componentType:CUSTOM], actionTaken:BASE_PAGE_AND_VERSION_CREATED}]
[Entering method {com.topcoder.confluence.webservice.delegate.ConfluenceManagerWebServiceDelegate.createPage}]
[Input parameters[{token}:{tokentoken},{pageName}:{Erebus Payment Web Services},{version}:{1.0},{assetType}:{COMPONENT_DESIGN},{catalog}:{JAVA},{applicationCode}:{12345}]]
[Entering method {com.topcoder.confluence.webservice.bean.ConfluenceManagementServiceBean.createPage}]
[Input parameters[{token}:{tokentoken},{pageName}:{Erebus Payment Web Services},{version}:{1.0},{assetType}:{COMPONENT_DESIGN},{catalog}:{JAVA},{applicationCode}:{12345}]]
[Exiting method {com.topcoder.confluence.webservice.bean.ConfluenceManagementServiceBean.createPage}]
[Output parameter {page:[basePageUrl:Erebus Payment Web ServicesUrl,versionUrl:,assetName:,version:1.0,applicationCode:12345,content:,assetType:COMPONENT_DESIGN,catalog:JAVA,componentType:], actionTaken:BASE_PAGE_AND_VERSION_CREATED}]
[Exiting method {com.topcoder.confluence.webservice.delegate.ConfluenceManagerWebServiceDelegate.createPage}]
[Output parameter {page:[basePageUrl:Erebus Payment Web ServicesUrl,versionUrl:,assetName:,version:1.0,applicationCode:12345,content:,assetType:COMPONENT_DESIGN,catalog:JAVA,componentType:], actionTaken:BASE_PAGE_AND_VERSION_CREATED}]
[Entering method {com.topcoder.confluence.webservice.delegate.ConfluenceManagerWebServiceDelegate.retrievePage}]
[Input parameters[{token}:{tokentoken},{pageName}:{Erebus Token Web Services},{version}:{1.0},{assetType}:{COMPONENT_DESIGN},{catalog}:{JAVA},{componentType}:{CUSTOM}]]
[Entering method {com.topcoder.confluence.webservice.bean.ConfluenceManagementServiceBean.retrievePage}]
[Input parameters[{token}:{tokentoken},{pageName}:{Erebus Token Web Services},{version}:{1.0},{assetType}:{COMPONENT_DESIGN},{catalog}:{JAVA},{componentType}:{CUSTOM}]]
[Exiting method {com.topcoder.confluence.webservice.bean.ConfluenceManagementServiceBean.retrievePage}]
[Output parameter {basePageUrl:Erebus Token Web ServicesUrl,versionUrl:,assetName:,version:1.0,applicationCode:,content:,assetType:COMPONENT_DESIGN,catalog:JAVA,componentType:CUSTOM}]
[Exiting method {com.topcoder.confluence.webservice.delegate.ConfluenceManagerWebServiceDelegate.retrievePage}]
[Output parameter {basePageUrl:Erebus Token Web ServicesUrl,versionUrl:,assetName:,version:1.0,applicationCode:,content:,assetType:COMPONENT_DESIGN,catalog:JAVA,componentType:CUSTOM}]
[Entering method {com.topcoder.confluence.webservice.delegate.ConfluenceManagerWebServiceDelegate.logout}]
[Input parameters[{token}:{tokentoken}]]
[Entering method {com.topcoder.confluence.webservice.bean.ConfluenceManagementServiceBean.logout}]
[Input parameters[{token}:{tokentoken}]]
[Exiting method {com.topcoder.confluence.webservice.bean.ConfluenceManagementServiceBean.logout}]
[Exiting method {com.topcoder.confluence.webservice.delegate.ConfluenceManagerWebServiceDelegate.logout}]
[Entering method {com.topcoder.confluence.webservice.delegate.ConfluenceManagerWebServiceDelegate.login}]
[Input parameters[{userName}:{username},{password}:{password}]]
[Entering method {com.topcoder.confluence.webservice.bean.ConfluenceManagementServiceBean.login}]
[Input parameters[{userName}:{username},{password}:{password}]]
[Exiting method {com.topcoder.confluence.webservice.bean.ConfluenceManagementServiceBean.login}]
[Output parameter {tokentoken}]
[Exiting method {com.topcoder.confluence.webservice.delegate.ConfluenceManagerWebServiceDelegate.login}]
[Output parameter {tokentoken}]
[Entering method {com.topcoder.confluence.webservice.delegate.ConfluenceManagerWebServiceDelegate.createPage}]
[Input parameters[{token}:{tokentoken},{pageName}:{Erebus Token Web Services},{version}:{1.0},{assetType}:{COMPONENT_DESIGN},{catalog}:{JAVA},{componentType}:{CUSTOM}]]
[Entering method {com.topcoder.confluence.webservice.bean.ConfluenceManagementServiceBean.createPage}]
[Input parameters[{token}:{tokentoken},{pageName}:{Erebus Token Web Services},{version}:{1.0},{assetType}:{COMPONENT_DESIGN},{catalog}:{JAVA},{componentType}:{CUSTOM}]]
[Exiting method {com.topcoder.confluence.webservice.bean.ConfluenceManagementServiceBean.createPage}]
[Output parameter {page:[basePageUrl:Erebus Token Web ServicesUrl,versionUrl:,assetName:,version:1.0,applicationCode:,content:,assetType:COMPONENT_DESIGN,catalog:JAVA,componentType:CUSTOM], actionTaken:BASE_PAGE_AND_VERSION_CREATED}]
[Exiting method {com.topcoder.confluence.webservice.delegate.ConfluenceManagerWebServiceDelegate.createPage}]
[Output parameter {page:[basePageUrl:Erebus Token Web ServicesUrl,versionUrl:,assetName:,version:1.0,applicationCode:,content:,assetType:COMPONENT_DESIGN,catalog:JAVA,componentType:CUSTOM], actionTaken:BASE_PAGE_AND_VERSION_CREATED}]
[Entering method {com.topcoder.confluence.webservice.delegate.ConfluenceManagerWebServiceDelegate.createPage}]
[Input parameters[{token}:{tokentoken},{pageName}:{Erebus Payment Web Services},{version}:{1.0},{assetType}:{COMPONENT_DESIGN},{catalog}:{JAVA},{applicationCode}:{12345}]]
[Entering method {com.topcoder.confluence.webservice.bean.ConfluenceManagementServiceBean.createPage}]
[Input parameters[{token}:{tokentoken},{pageName}:{Erebus Payment Web Services},{version}:{1.0},{assetType}:{COMPONENT_DESIGN},{catalog}:{JAVA},{applicationCode}:{12345}]]
[Exiting method {com.topcoder.confluence.webservice.bean.ConfluenceManagementServiceBean.createPage}]
[Output parameter {page:[basePageUrl:Erebus Payment Web ServicesUrl,versionUrl:,assetName:,version:1.0,applicationCode:12345,content:,assetType:COMPONENT_DESIGN,catalog:JAVA,componentType:], actionTaken:BASE_PAGE_AND_VERSION_CREATED}]
[Exiting method {com.topcoder.confluence.webservice.delegate.ConfluenceManagerWebServiceDelegate.createPage}]
[Output parameter {page:[basePageUrl:Erebus Payment Web ServicesUrl,versionUrl:,assetName:,version:1.0,applicationCode:12345,content:,assetType:COMPONENT_DESIGN,catalog:JAVA,componentType:], actionTaken:BASE_PAGE_AND_VERSION_CREATED}]
[Entering method {com.topcoder.confluence.webservice.delegate.ConfluenceManagerWebServiceDelegate.retrievePage}]
[Input parameters[{token}:{tokentoken},{pageName}:{Erebus Token Web Services},{version}:{1.0},{assetType}:{COMPONENT_DESIGN},{catalog}:{JAVA},{componentType}:{CUSTOM}]]
[Entering method {com.topcoder.confluence.webservice.bean.ConfluenceManagementServiceBean.retrievePage}]
[Input parameters[{token}:{tokentoken},{pageName}:{Erebus Token Web Services},{version}:{1.0},{assetType}:{COMPONENT_DESIGN},{catalog}:{JAVA},{componentType}:{CUSTOM}]]
[Exiting method {com.topcoder.confluence.webservice.bean.ConfluenceManagementServiceBean.retrievePage}]
[Output parameter {basePageUrl:Erebus Token Web ServicesUrl,versionUrl:,assetName:,version:1.0,applicationCode:,content:,assetType:COMPONENT_DESIGN,catalog:JAVA,componentType:CUSTOM}]
[Exiting method {com.topcoder.confluence.webservice.delegate.ConfluenceManagerWebServiceDelegate.retrievePage}]
[Output parameter {basePageUrl:Erebus Token Web ServicesUrl,versionUrl:,assetName:,version:1.0,applicationCode:,content:,assetType:COMPONENT_DESIGN,catalog:JAVA,componentType:CUSTOM}]
[Entering method {com.topcoder.confluence.webservice.delegate.ConfluenceManagerWebServiceDelegate.logout}]
[Input parameters[{token}:{tokentoken}]]
[Entering method {com.topcoder.confluence.webservice.bean.ConfluenceManagementServiceBean.logout}]
[Input parameters[{token}:{tokentoken}]]
[Exiting method {com.topcoder.confluence.webservice.bean.ConfluenceManagementServiceBean.logout}]
[Exiting method {com.topcoder.confluence.webservice.delegate.ConfluenceManagerWebServiceDelegate.logout}]
[Entering method {com.topcoder.confluence.webservice.delegate.ConfluenceManagerWebServiceDelegate.login}]
[Input parameters[{userName}:{username},{password}:{password}]]
[Entering method {com.topcoder.confluence.webservice.bean.ConfluenceManagementServiceBean.login}]
[Input parameters[{userName}:{username},{password}:{password}]]
[Exiting method {com.topcoder.confluence.webservice.bean.ConfluenceManagementServiceBean.login}]
[Output parameter {tokentoken}]
[Exiting method {com.topcoder.confluence.webservice.delegate.ConfluenceManagerWebServiceDelegate.login}]
[Output parameter {tokentoken}]
[Entering method {com.topcoder.confluence.webservice.delegate.ConfluenceManagerWebServiceDelegate.createPage}]
[Input parameters[{token}:{tokentoken},{pageName}:{Erebus Token Web Services},{version}:{1.0},{assetType}:{COMPONENT_DESIGN},{catalog}:{JAVA},{componentType}:{CUSTOM}]]
[Entering method {com.topcoder.confluence.webservice.bean.ConfluenceManagementServiceBean.createPage}]
[Input parameters[{token}:{tokentoken},{pageName}:{Erebus Token Web Services},{version}:{1.0},{assetType}:{COMPONENT_DESIGN},{catalog}:{JAVA},{componentType}:{CUSTOM}]]
[Exiting method {com.topcoder.confluence.webservice.bean.ConfluenceManagementServiceBean.createPage}]
[Output parameter {page:[basePageUrl:Erebus Token Web ServicesUrl,versionUrl:,assetName:,version:1.0,applicationCode:,content:,assetType:COMPONENT_DESIGN,catalog:JAVA,componentType:CUSTOM], actionTaken:BASE_PAGE_AND_VERSION_CREATED}]
[Exiting method {com.topcoder.confluence.webservice.delegate.ConfluenceManagerWebServiceDelegate.createPage}]
[Output parameter {page:[basePageUrl:Erebus Token Web ServicesUrl,versionUrl:,assetName:,version:1.0,applicationCode:,content:,assetType:COMPONENT_DESIGN,catalog:JAVA,componentType:CUSTOM], actionTaken:BASE_PAGE_AND_VERSION_CREATED}]
[Entering method {com.topcoder.confluence.webservice.delegate.ConfluenceManagerWebServiceDelegate.createPage}]
[Input parameters[{token}:{tokentoken},{pageName}:{Erebus Payment Web Services},{version}:{1.0},{assetType}:{COMPONENT_DESIGN},{catalog}:{JAVA},{applicationCode}:{12345}]]
[Entering method {com.topcoder.confluence.webservice.bean.ConfluenceManagementServiceBean.createPage}]
[Input parameters[{token}:{tokentoken},{pageName}:{Erebus Payment Web Services},{version}:{1.0},{assetType}:{COMPONENT_DESIGN},{catalog}:{JAVA},{applicationCode}:{12345}]]
[Exiting method {com.topcoder.confluence.webservice.bean.ConfluenceManagementServiceBean.createPage}]
[Output parameter {page:[basePageUrl:Erebus Payment Web ServicesUrl,versionUrl:,assetName:,version:1.0,applicationCode:12345,content:,assetType:COMPONENT_DESIGN,catalog:JAVA,componentType:], actionTaken:BASE_PAGE_AND_VERSION_CREATED}]
[Exiting method {com.topcoder.confluence.webservice.delegate.ConfluenceManagerWebServiceDelegate.createPage}]
[Output parameter {page:[basePageUrl:Erebus Payment Web ServicesUrl,versionUrl:,assetName:,version:1.0,applicationCode:12345,content:,assetType:COMPONENT_DESIGN,catalog:JAVA,componentType:], actionTaken:BASE_PAGE_AND_VERSION_CREATED}]
[Entering method {com.topcoder.confluence.webservice.delegate.ConfluenceManagerWebServiceDelegate.retrievePage}]
[Input parameters[{token}:{tokentoken},{pageName}:{Erebus Token Web Services},{version}:{1.0},{assetType}:{COMPONENT_DESIGN},{catalog}:{JAVA},{componentType}:{CUSTOM}]]
[Entering method {com.topcoder.confluence.webservice.bean.ConfluenceManagementServiceBean.retrievePage}]
[Input parameters[{token}:{tokentoken},{pageName}:{Erebus Token Web Services},{version}:{1.0},{assetType}:{COMPONENT_DESIGN},{catalog}:{JAVA},{componentType}:{CUSTOM}]]
[Exiting method {com.topcoder.confluence.webservice.bean.ConfluenceManagementServiceBean.retrievePage}]
[Output parameter {basePageUrl:Erebus Token Web ServicesUrl,versionUrl:,assetName:,version:1.0,applicationCode:,content:,assetType:COMPONENT_DESIGN,catalog:JAVA,componentType:CUSTOM}]
[Exiting method {com.topcoder.confluence.webservice.delegate.ConfluenceManagerWebServiceDelegate.retrievePage}]
[Output parameter {basePageUrl:Erebus Token Web ServicesUrl,versionUrl:,assetName:,version:1.0,applicationCode:,content:,assetType:COMPONENT_DESIGN,catalog:JAVA,componentType:CUSTOM}]
[Entering method {com.topcoder.confluence.webservice.delegate.ConfluenceManagerWebServiceDelegate.logout}]
[Input parameters[{token}:{tokentoken}]]
[Entering method {com.topcoder.confluence.webservice.bean.ConfluenceManagementServiceBean.logout}]
[Input parameters[{token}:{tokentoken}]]
[Exiting method {com.topcoder.confluence.webservice.bean.ConfluenceManagementServiceBean.logout}]
[Exiting method {com.topcoder.confluence.webservice.delegate.ConfluenceManagerWebServiceDelegate.logout}]
[Entering method {com.topcoder.confluence.webservice.delegate.ConfluenceManagerWebServiceDelegate.login}]
[Input parameters[{userName}:{username},{password}:{password}]]
[Entering method {com.topcoder.confluence.webservice.bean.ConfluenceManagementServiceBean.login}]
[Input parameters[{userName}:{username},{password}:{password}]]
[Exiting method {com.topcoder.confluence.webservice.bean.ConfluenceManagementServiceBean.login}]
[Output parameter {tokentoken}]
[Exiting method {com.topcoder.confluence.webservice.delegate.ConfluenceManagerWebServiceDelegate.login}]
[Output parameter {tokentoken}]
[Entering method {com.topcoder.confluence.webservice.delegate.ConfluenceManagerWebServiceDelegate.createPage}]
[Input parameters[{token}:{tokentoken},{pageName}:{Erebus Token Web Services},{version}:{1.0},{assetType}:{COMPONENT_DESIGN},{catalog}:{JAVA},{componentType}:{CUSTOM}]]
[Entering method {com.topcoder.confluence.webservice.bean.ConfluenceManagementServiceBean.createPage}]
[Input parameters[{token}:{tokentoken},{pageName}:{Erebus Token Web Services},{version}:{1.0},{assetType}:{COMPONENT_DESIGN},{catalog}:{JAVA},{componentType}:{CUSTOM}]]
[Exiting method {com.topcoder.confluence.webservice.bean.ConfluenceManagementServiceBean.createPage}]
[Output parameter {page:[basePageUrl:Erebus Token Web ServicesUrl,versionUrl:,assetName:,version:1.0,applicationCode:,content:,assetType:COMPONENT_DESIGN,catalog:JAVA,componentType:CUSTOM], actionTaken:BASE_PAGE_AND_VERSION_CREATED}]
[Exiting method {com.topcoder.confluence.webservice.delegate.ConfluenceManagerWebServiceDelegate.createPage}]
[Output parameter {page:[basePageUrl:Erebus Token Web ServicesUrl,versionUrl:,assetName:,version:1.0,applicationCode:,content:,assetType:COMPONENT_DESIGN,catalog:JAVA,componentType:CUSTOM], actionTaken:BASE_PAGE_AND_VERSION_CREATED}]
[Entering method {com.topcoder.confluence.webservice.delegate.ConfluenceManagerWebServiceDelegate.createPage}]
[Input parameters[{token}:{tokentoken},{pageName}:{Erebus Payment Web Services},{version}:{1.0},{assetType}:{COMPONENT_DESIGN},{catalog}:{JAVA},{applicationCode}:{12345}]]
[Entering method {com.topcoder.confluence.webservice.bean.ConfluenceManagementServiceBean.createPage}]
[Input parameters[{token}:{tokentoken},{pageName}:{Erebus Payment Web Services},{version}:{1.0},{assetType}:{COMPONENT_DESIGN},{catalog}:{JAVA},{applicationCode}:{12345}]]
[Exiting method {com.topcoder.confluence.webservice.bean.ConfluenceManagementServiceBean.createPage}]
[Output parameter {page:[basePageUrl:Erebus Payment Web ServicesUrl,versionUrl:,assetName:,version:1.0,applicationCode:12345,content:,assetType:COMPONENT_DESIGN,catalog:JAVA,componentType:], actionTaken:BASE_PAGE_AND_VERSION_CREATED}]
[Exiting method {com.topcoder.confluence.webservice.delegate.ConfluenceManagerWebServiceDelegate.createPage}]
[Output parameter {page:[basePageUrl:Erebus Payment Web ServicesUrl,versionUrl:,assetName:,version:1.0,applicationCode:12345,content:,assetType:COMPONENT_DESIGN,catalog:JAVA,componentType:], actionTaken:BASE_PAGE_AND_VERSION_CREATED}]
[Entering method {com.topcoder.confluence.webservice.delegate.ConfluenceManagerWebServiceDelegate.retrievePage}]
[Input parameters[{token}:{tokentoken},{pageName}:{Erebus Token Web Services},{version}:{1.0},{assetType}:{COMPONENT_DESIGN},{catalog}:{JAVA},{componentType}:{CUSTOM}]]
[Entering method {com.topcoder.confluence.webservice.bean.ConfluenceManagementServiceBean.retrievePage}]
[Input parameters[{token}:{tokentoken},{pageName}:{Erebus Token Web Services},{version}:{1.0},{assetType}:{COMPONENT_DESIGN},{catalog}:{JAVA},{componentType}:{CUSTOM}]]
[Exiting method {com.topcoder.confluence.webservice.bean.ConfluenceManagementServiceBean.retrievePage}]
[Output parameter {basePageUrl:Erebus Token Web ServicesUrl,versionUrl:,assetName:,version:1.0,applicationCode:,content:,assetType:COMPONENT_DESIGN,catalog:JAVA,componentType:CUSTOM}]
[Exiting method {com.topcoder.confluence.webservice.delegate.ConfluenceManagerWebServiceDelegate.retrievePage}]
[Output parameter {basePageUrl:Erebus Token Web ServicesUrl,versionUrl:,assetName:,version:1.0,applicationCode:,content:,assetType:COMPONENT_DESIGN,catalog:JAVA,componentType:CUSTOM}]
[Entering method {com.topcoder.confluence.webservice.delegate.ConfluenceManagerWebServiceDelegate.logout}]
[Input parameters[{token}:{tokentoken}]]
[Entering method {com.topcoder.confluence.webservice.bean.ConfluenceManagementServiceBean.logout}]
[Input parameters[{token}:{tokentoken}]]
[Exiting method {com.topcoder.confluence.webservice.bean.ConfluenceManagementServiceBean.logout}]
[Exiting method {com.topcoder.confluence.webservice.delegate.ConfluenceManagerWebServiceDelegate.logout}]
[Entering method {com.topcoder.confluence.webservice.delegate.ConfluenceManagerWebServiceDelegate.login}]
[Input parameters[{userName}:{username},{password}:{password}]]
[Entering method {com.topcoder.confluence.webservice.bean.ConfluenceManagementServiceBean.login}]
[Input parameters[{userName}:{username},{password}:{password}]]
[Exiting method {com.topcoder.confluence.webservice.bean.ConfluenceManagementServiceBean.login}]
[Output parameter {tokentoken}]
[Exiting method {com.topcoder.confluence.webservice.delegate.ConfluenceManagerWebServiceDelegate.login}]
[Output parameter {tokentoken}]
[Entering method {com.topcoder.confluence.webservice.delegate.ConfluenceManagerWebServiceDelegate.createPage}]
[Input parameters[{token}:{tokentoken},{pageName}:{Erebus Token Web Services},{version}:{1.0},{assetType}:{COMPONENT_DESIGN},{catalog}:{JAVA},{componentType}:{CUSTOM}]]
[Entering method {com.topcoder.confluence.webservice.bean.ConfluenceManagementServiceBean.createPage}]
[Input parameters[{token}:{tokentoken},{pageName}:{Erebus Token Web Services},{version}:{1.0},{assetType}:{COMPONENT_DESIGN},{catalog}:{JAVA},{componentType}:{CUSTOM}]]
[Exiting method {com.topcoder.confluence.webservice.bean.ConfluenceManagementServiceBean.createPage}]
[Output parameter {page:[basePageUrl:Erebus Token Web ServicesUrl,versionUrl:,assetName:,version:1.0,applicationCode:,content:,assetType:COMPONENT_DESIGN,catalog:JAVA,componentType:CUSTOM], actionTaken:BASE_PAGE_AND_VERSION_CREATED}]
[Exiting method {com.topcoder.confluence.webservice.delegate.ConfluenceManagerWebServiceDelegate.createPage}]
[Output parameter {page:[basePageUrl:Erebus Token Web ServicesUrl,versionUrl:,assetName:,version:1.0,applicationCode:,content:,assetType:COMPONENT_DESIGN,catalog:JAVA,componentType:CUSTOM], actionTaken:BASE_PAGE_AND_VERSION_CREATED}]
[Entering method {com.topcoder.confluence.webservice.delegate.ConfluenceManagerWebServiceDelegate.createPage}]
[Input parameters[{token}:{tokentoken},{pageName}:{Erebus Payment Web Services},{version}:{1.0},{assetType}:{COMPONENT_DESIGN},{catalog}:{JAVA},{applicationCode}:{12345}]]
[Entering method {com.topcoder.confluence.webservice.bean.ConfluenceManagementServiceBean.createPage}]
[Input parameters[{token}:{tokentoken},{pageName}:{Erebus Payment Web Services},{version}:{1.0},{assetType}:{COMPONENT_DESIGN},{catalog}:{JAVA},{applicationCode}:{12345}]]
[Exiting method {com.topcoder.confluence.webservice.bean.ConfluenceManagementServiceBean.createPage}]
[Output parameter {page:[basePageUrl:Erebus Payment Web ServicesUrl,versionUrl:,assetName:,version:1.0,applicationCode:12345,content:,assetType:COMPONENT_DESIGN,catalog:JAVA,componentType:], actionTaken:BASE_PAGE_AND_VERSION_CREATED}]
[Exiting method {com.topcoder.confluence.webservice.delegate.ConfluenceManagerWebServiceDelegate.createPage}]
[Output parameter {page:[basePageUrl:Erebus Payment Web ServicesUrl,versionUrl:,assetName:,version:1.0,applicationCode:12345,content:,assetType:COMPONENT_DESIGN,catalog:JAVA,componentType:], actionTaken:BASE_PAGE_AND_VERSION_CREATED}]
[Entering method {com.topcoder.confluence.webservice.delegate.ConfluenceManagerWebServiceDelegate.retrievePage}]
[Input parameters[{token}:{tokentoken},{pageName}:{Erebus Token Web Services},{version}:{1.0},{assetType}:{COMPONENT_DESIGN},{catalog}:{JAVA},{componentType}:{CUSTOM}]]
[Entering method {com.topcoder.confluence.webservice.bean.ConfluenceManagementServiceBean.retrievePage}]
[Input parameters[{token}:{tokentoken},{pageName}:{Erebus Token Web Services},{version}:{1.0},{assetType}:{COMPONENT_DESIGN},{catalog}:{JAVA},{componentType}:{CUSTOM}]]
[Exiting method {com.topcoder.confluence.webservice.bean.ConfluenceManagementServiceBean.retrievePage}]
[Output parameter {basePageUrl:Erebus Token Web ServicesUrl,versionUrl:,assetName:,version:1.0,applicationCode:,content:,assetType:COMPONENT_DESIGN,catalog:JAVA,componentType:CUSTOM}]
[Exiting method {com.topcoder.confluence.webservice.delegate.ConfluenceManagerWebServiceDelegate.retrievePage}]
[Output parameter {basePageUrl:Erebus Token Web ServicesUrl,versionUrl:,assetName:,version:1.0,applicationCode:,content:,assetType:COMPONENT_DESIGN,catalog:JAVA,componentType:CUSTOM}]
[Entering method {com.topcoder.confluence.webservice.delegate.ConfluenceManagerWebServiceDelegate.logout}]
[Input parameters[{token}:{tokentoken}]]
[Entering method {com.topcoder.confluence.webservice.bean.ConfluenceManagementServiceBean.logout}]
[Input parameters[{token}:{tokentoken}]]
[Exiting method {com.topcoder.confluence.webservice.bean.ConfluenceManagementServiceBean.logout}]
[Exiting method {com.topcoder.confluence.webservice.delegate.ConfluenceManagerWebServiceDelegate.logout}]
[Entering method {com.topcoder.confluence.webservice.delegate.ConfluenceManagerWebServiceDelegate.login}]
[Input parameters[{userName}:{username},{password}:{password}]]
[Entering method {com.topcoder.confluence.webservice.bean.ConfluenceManagementServiceBean.login}]
[Input parameters[{userName}:{username},{password}:{password}]]
[Exiting method {com.topcoder.confluence.webservice.bean.ConfluenceManagementServiceBean.login}]
[Output parameter {tokentoken}]
[Exiting method {com.topcoder.confluence.webservice.delegate.ConfluenceManagerWebServiceDelegate.login}]
[Output parameter {tokentoken}]
[Entering method {com.topcoder.confluence.webservice.delegate.ConfluenceManagerWebServiceDelegate.createPage}]
[Input parameters[{token}:{tokentoken},{pageName}:{Erebus Token Web Services},{version}:{1.0},{assetType}:{COMPONENT_DESIGN},{catalog}:{JAVA},{componentType}:{CUSTOM}]]
[Entering method {com.topcoder.confluence.webservice.bean.ConfluenceManagementServiceBean.createPage}]
[Input parameters[{token}:{tokentoken},{pageName}:{Erebus Token Web Services},{version}:{1.0},{assetType}:{COMPONENT_DESIGN},{catalog}:{JAVA},{componentType}:{CUSTOM}]]
[Exiting method {com.topcoder.confluence.webservice.bean.ConfluenceManagementServiceBean.createPage}]
[Output parameter {page:[basePageUrl:Erebus Token Web ServicesUrl,versionUrl:,assetName:,version:1.0,applicationCode:,content:,assetType:COMPONENT_DESIGN,catalog:JAVA,componentType:CUSTOM], actionTaken:BASE_PAGE_AND_VERSION_CREATED}]
[Exiting method {com.topcoder.confluence.webservice.delegate.ConfluenceManagerWebServiceDelegate.createPage}]
[Output parameter {page:[basePageUrl:Erebus Token Web ServicesUrl,versionUrl:,assetName:,version:1.0,applicationCode:,content:,assetType:COMPONENT_DESIGN,catalog:JAVA,componentType:CUSTOM], actionTaken:BASE_PAGE_AND_VERSION_CREATED}]
[Entering method {com.topcoder.confluence.webservice.delegate.ConfluenceManagerWebServiceDelegate.createPage}]
[Input parameters[{token}:{tokentoken},{pageName}:{Erebus Payment Web Services},{version}:{1.0},{assetType}:{COMPONENT_DESIGN},{catalog}:{JAVA},{applicationCode}:{12345}]]
[Entering method {com.topcoder.confluence.webservice.bean.ConfluenceManagementServiceBean.createPage}]
[Input parameters[{token}:{tokentoken},{pageName}:{Erebus Payment Web Services},{version}:{1.0},{assetType}:{COMPONENT_DESIGN},{catalog}:{JAVA},{applicationCode}:{12345}]]
[Exiting method {com.topcoder.confluence.webservice.bean.ConfluenceManagementServiceBean.createPage}]
[Output parameter {page:[basePageUrl:Erebus Payment Web ServicesUrl,versionUrl:,assetName:,version:1.0,applicationCode:12345,content:,assetType:COMPONENT_DESIGN,catalog:JAVA,componentType:], actionTaken:BASE_PAGE_AND_VERSION_CREATED}]
[Exiting method {com.topcoder.confluence.webservice.delegate.ConfluenceManagerWebServiceDelegate.createPage}]
[Output parameter {page:[basePageUrl:Erebus Payment Web ServicesUrl,versionUrl:,assetName:,version:1.0,applicationCode:12345,content:,assetType:COMPONENT_DESIGN,catalog:JAVA,componentType:], actionTaken:BASE_PAGE_AND_VERSION_CREATED}]
[Entering method {com.topcoder.confluence.webservice.delegate.ConfluenceManagerWebServiceDelegate.retrievePage}]
[Input parameters[{token}:{tokentoken},{pageName}:{Erebus Token Web Services},{version}:{1.0},{assetType}:{COMPONENT_DESIGN},{catalog}:{JAVA},{componentType}:{CUSTOM}]]
[Entering method {com.topcoder.confluence.webservice.bean.ConfluenceManagementServiceBean.retrievePage}]
[Input parameters[{token}:{tokentoken},{pageName}:{Erebus Token Web Services},{version}:{1.0},{assetType}:{COMPONENT_DESIGN},{catalog}:{JAVA},{componentType}:{CUSTOM}]]
[Exiting method {com.topcoder.confluence.webservice.bean.ConfluenceManagementServiceBean.retrievePage}]
[Output parameter {basePageUrl:Erebus Token Web ServicesUrl,versionUrl:,assetName:,version:1.0,applicationCode:,content:,assetType:COMPONENT_DESIGN,catalog:JAVA,componentType:CUSTOM}]
[Exiting method {com.topcoder.confluence.webservice.delegate.ConfluenceManagerWebServiceDelegate.retrievePage}]
[Output parameter {basePageUrl:Erebus Token Web ServicesUrl,versionUrl:,assetName:,version:1.0,applicationCode:,content:,assetType:COMPONENT_DESIGN,catalog:JAVA,componentType:CUSTOM}]
[Entering method {com.topcoder.confluence.webservice.delegate.ConfluenceManagerWebServiceDelegate.logout}]
[Input parameters[{token}:{tokentoken}]]
[Entering method {com.topcoder.confluence.webservice.bean.ConfluenceManagementServiceBean.logout}]
[Input parameters[{token}:{tokentoken}]]
[Exiting method {com.topcoder.confluence.webservice.bean.ConfluenceManagementServiceBean.logout}]
[Exiting method {com.topcoder.confluence.webservice.delegate.ConfluenceManagerWebServiceDelegate.logout}]
[Entering method {com.topcoder.confluence.webservice.delegate.ConfluenceManagerWebServiceDelegate.login}]
[Input parameters[{userName}:{username},{password}:{password}]]
[Entering method {com.topcoder.confluence.webservice.bean.ConfluenceManagementServiceBean.login}]
[Input parameters[{userName}:{username},{password}:{password}]]
[Exiting method {com.topcoder.confluence.webservice.bean.ConfluenceManagementServiceBean.login}]
[Output parameter {tokentoken}]
[Exiting method {com.topcoder.confluence.webservice.delegate.ConfluenceManagerWebServiceDelegate.login}]
[Output parameter {tokentoken}]
[Entering method {com.topcoder.confluence.webservice.delegate.ConfluenceManagerWebServiceDelegate.createPage}]
[Input parameters[{token}:{tokentoken},{pageName}:{Erebus Token Web Services},{version}:{1.0},{assetType}:{COMPONENT_DESIGN},{catalog}:{JAVA},{componentType}:{CUSTOM}]]
[Entering method {com.topcoder.confluence.webservice.bean.ConfluenceManagementServiceBean.createPage}]
[Input parameters[{token}:{tokentoken},{pageName}:{Erebus Token Web Services},{version}:{1.0},{assetType}:{COMPONENT_DESIGN},{catalog}:{JAVA},{componentType}:{CUSTOM}]]
[Exiting method {com.topcoder.confluence.webservice.bean.ConfluenceManagementServiceBean.createPage}]
[Output parameter {page:[basePageUrl:Erebus Token Web ServicesUrl,versionUrl:,assetName:,version:1.0,applicationCode:,content:,assetType:COMPONENT_DESIGN,catalog:JAVA,componentType:CUSTOM], actionTaken:BASE_PAGE_AND_VERSION_CREATED}]
[Exiting method {com.topcoder.confluence.webservice.delegate.ConfluenceManagerWebServiceDelegate.createPage}]
[Output parameter {page:[basePageUrl:Erebus Token Web ServicesUrl,versionUrl:,assetName:,version:1.0,applicationCode:,content:,assetType:COMPONENT_DESIGN,catalog:JAVA,componentType:CUSTOM], actionTaken:BASE_PAGE_AND_VERSION_CREATED}]
[Entering method {com.topcoder.confluence.webservice.delegate.ConfluenceManagerWebServiceDelegate.createPage}]
[Input parameters[{token}:{tokentoken},{pageName}:{Erebus Payment Web Services},{version}:{1.0},{assetType}:{COMPONENT_DESIGN},{catalog}:{JAVA},{applicationCode}:{12345}]]
[Entering method {com.topcoder.confluence.webservice.bean.ConfluenceManagementServiceBean.createPage}]
[Input parameters[{token}:{tokentoken},{pageName}:{Erebus Payment Web Services},{version}:{1.0},{assetType}:{COMPONENT_DESIGN},{catalog}:{JAVA},{applicationCode}:{12345}]]
[Exiting method {com.topcoder.confluence.webservice.bean.ConfluenceManagementServiceBean.createPage}]
[Output parameter {page:[basePageUrl:Erebus Payment Web ServicesUrl,versionUrl:,assetName:,version:1.0,applicationCode:12345,content:,assetType:COMPONENT_DESIGN,catalog:JAVA,componentType:], actionTaken:BASE_PAGE_AND_VERSION_CREATED}]
[Exiting method {com.topcoder.confluence.webservice.delegate.ConfluenceManagerWebServiceDelegate.createPage}]
[Output parameter {page:[basePageUrl:Erebus Payment Web ServicesUrl,versionUrl:,assetName:,version:1.0,applicationCode:12345,content:,assetType:COMPONENT_DESIGN,catalog:JAVA,componentType:], actionTaken:BASE_PAGE_AND_VERSION_CREATED}]
[Entering method {com.topcoder.confluence.webservice.delegate.ConfluenceManagerWebServiceDelegate.retrievePage}]
[Input parameters[{token}:{tokentoken},{pageName}:{Erebus Token Web Services},{version}:{1.0},{assetType}:{COMPONENT_DESIGN},{catalog}:{JAVA},{componentType}:{CUSTOM}]]
[Entering method {com.topcoder.confluence.webservice.bean.ConfluenceManagementServiceBean.retrievePage}]
[Input parameters[{token}:{tokentoken},{pageName}:{Erebus Token Web Services},{version}:{1.0},{assetType}:{COMPONENT_DESIGN},{catalog}:{JAVA},{componentType}:{CUSTOM}]]
[Exiting method {com.topcoder.confluence.webservice.bean.ConfluenceManagementServiceBean.retrievePage}]
[Output parameter {basePageUrl:Erebus Token Web ServicesUrl,versionUrl:,assetName:,version:1.0,applicationCode:,content:,assetType:COMPONENT_DESIGN,catalog:JAVA,componentType:CUSTOM}]
[Exiting method {com.topcoder.confluence.webservice.delegate.ConfluenceManagerWebServiceDelegate.retrievePage}]
[Output parameter {basePageUrl:Erebus Token Web ServicesUrl,versionUrl:,assetName:,version:1.0,applicationCode:,content:,assetType:COMPONENT_DESIGN,catalog:JAVA,componentType:CUSTOM}]
[Entering method {com.topcoder.confluence.webservice.delegate.ConfluenceManagerWebServiceDelegate.logout}]
[Input parameters[{token}:{tokentoken}]]
[Entering method {com.topcoder.confluence.webservice.bean.ConfluenceManagementServiceBean.logout}]
[Input parameters[{token}:{tokentoken}]]
[Exiting method {com.topcoder.confluence.webservice.bean.ConfluenceManagementServiceBean.logout}]
[Exiting method {com.topcoder.confluence.webservice.delegate.ConfluenceManagerWebServiceDelegate.logout}]
[Entering method {com.topcoder.confluence.webservice.delegate.ConfluenceManagerWebServiceDelegate.login}]
[Input parameters[{userName}:{username},{password}:{password}]]
[Entering method {com.topcoder.confluence.webservice.bean.ConfluenceManagementServiceBean.login}]
[Input parameters[{userName}:{username},{password}:{password}]]
[Exiting method {com.topcoder.confluence.webservice.bean.ConfluenceManagementServiceBean.login}]
[Output parameter {tokentoken}]
[Exiting method {com.topcoder.confluence.webservice.delegate.ConfluenceManagerWebServiceDelegate.login}]
[Output parameter {tokentoken}]
[Entering method {com.topcoder.confluence.webservice.delegate.ConfluenceManagerWebServiceDelegate.createPage}]
[Input parameters[{token}:{tokentoken},{pageName}:{Erebus Token Web Services},{version}:{1.0},{assetType}:{COMPONENT_DESIGN},{catalog}:{JAVA},{componentType}:{CUSTOM}]]
[Entering method {com.topcoder.confluence.webservice.bean.ConfluenceManagementServiceBean.createPage}]
[Input parameters[{token}:{tokentoken},{pageName}:{Erebus Token Web Services},{version}:{1.0},{assetType}:{COMPONENT_DESIGN},{catalog}:{JAVA},{componentType}:{CUSTOM}]]
[Exiting method {com.topcoder.confluence.webservice.bean.ConfluenceManagementServiceBean.createPage}]
[Output parameter {page:[basePageUrl:Erebus Token Web ServicesUrl,versionUrl:,assetName:,version:1.0,applicationCode:,content:,assetType:COMPONENT_DESIGN,catalog:JAVA,componentType:CUSTOM], actionTaken:BASE_PAGE_AND_VERSION_CREATED}]
[Exiting method {com.topcoder.confluence.webservice.delegate.ConfluenceManagerWebServiceDelegate.createPage}]
[Output parameter {page:[basePageUrl:Erebus Token Web ServicesUrl,versionUrl:,assetName:,version:1.0,applicationCode:,content:,assetType:COMPONENT_DESIGN,catalog:JAVA,componentType:CUSTOM], actionTaken:BASE_PAGE_AND_VERSION_CREATED}]
[Entering method {com.topcoder.confluence.webservice.delegate.ConfluenceManagerWebServiceDelegate.createPage}]
[Input parameters[{token}:{tokentoken},{pageName}:{Erebus Payment Web Services},{version}:{1.0},{assetType}:{COMPONENT_DESIGN},{catalog}:{JAVA},{applicationCode}:{12345}]]
[Entering method {com.topcoder.confluence.webservice.bean.ConfluenceManagementServiceBean.createPage}]
[Input parameters[{token}:{tokentoken},{pageName}:{Erebus Payment Web Services},{version}:{1.0},{assetType}:{COMPONENT_DESIGN},{catalog}:{JAVA},{applicationCode}:{12345}]]
[Exiting method {com.topcoder.confluence.webservice.bean.ConfluenceManagementServiceBean.createPage}]
[Output parameter {page:[basePageUrl:Erebus Payment Web ServicesUrl,versionUrl:,assetName:,version:1.0,applicationCode:12345,content:,assetType:COMPONENT_DESIGN,catalog:JAVA,componentType:], actionTaken:BASE_PAGE_AND_VERSION_CREATED}]
[Exiting method {com.topcoder.confluence.webservice.delegate.ConfluenceManagerWebServiceDelegate.createPage}]
[Output parameter {page:[basePageUrl:Erebus Payment Web ServicesUrl,versionUrl:,assetName:,version:1.0,applicationCode:12345,content:,assetType:COMPONENT_DESIGN,catalog:JAVA,componentType:], actionTaken:BASE_PAGE_AND_VERSION_CREATED}]
[Entering method {com.topcoder.confluence.webservice.delegate.ConfluenceManagerWebServiceDelegate.retrievePage}]
[Input parameters[{token}:{tokentoken},{pageName}:{Erebus Token Web Services},{version}:{1.0},{assetType}:{COMPONENT_DESIGN},{catalog}:{JAVA},{componentType}:{CUSTOM}]]
[Entering method {com.topcoder.confluence.webservice.bean.ConfluenceManagementServiceBean.retrievePage}]
[Input parameters[{token}:{tokentoken},{pageName}:{Erebus Token Web Services},{version}:{1.0},{assetType}:{COMPONENT_DESIGN},{catalog}:{JAVA},{componentType}:{CUSTOM}]]
[Exiting method {com.topcoder.confluence.webservice.bean.ConfluenceManagementServiceBean.retrievePage}]
[Output parameter {basePageUrl:Erebus Token Web ServicesUrl,versionUrl:,assetName:,version:1.0,applicationCode:,content:,assetType:COMPONENT_DESIGN,catalog:JAVA,componentType:CUSTOM}]
[Exiting method {com.topcoder.confluence.webservice.delegate.ConfluenceManagerWebServiceDelegate.retrievePage}]
[Output parameter {basePageUrl:Erebus Token Web ServicesUrl,versionUrl:,assetName:,version:1.0,applicationCode:,content:,assetType:COMPONENT_DESIGN,catalog:JAVA,componentType:CUSTOM}]
[Entering method {com.topcoder.confluence.webservice.delegate.ConfluenceManagerWebServiceDelegate.logout}]
[Input parameters[{token}:{tokentoken}]]
[Entering method {com.topcoder.confluence.webservice.bean.ConfluenceManagementServiceBean.logout}]
[Input parameters[{token}:{tokentoken}]]
[Exiting method {com.topcoder.confluence.webservice.bean.ConfluenceManagementServiceBean.logout}]
[Exiting method {com.topcoder.confluence.webservice.delegate.ConfluenceManagerWebServiceDelegate.logout}]
[Entering method {com.topcoder.confluence.webservice.delegate.ConfluenceManagerWebServiceDelegate.login}]
[Input parameters[{userName}:{username},{password}:{password}]]
[Entering method {com.topcoder.confluence.webservice.bean.ConfluenceManagementServiceBean.login}]
[Input parameters[{userName}:{username},{password}:{password}]]
[Exiting method {com.topcoder.confluence.webservice.bean.ConfluenceManagementServiceBean.login}]
[Output parameter {tokentoken}]
[Exiting method {com.topcoder.confluence.webservice.delegate.ConfluenceManagerWebServiceDelegate.login}]
[Output parameter {tokentoken}]
[Entering method {com.topcoder.confluence.webservice.delegate.ConfluenceManagerWebServiceDelegate.createPage}]
[Input parameters[{token}:{tokentoken},{pageName}:{Erebus Token Web Services},{version}:{1.0},{assetType}:{COMPONENT_DESIGN},{catalog}:{JAVA},{componentType}:{CUSTOM}]]
[Entering method {com.topcoder.confluence.webservice.bean.ConfluenceManagementServiceBean.createPage}]
[Input parameters[{token}:{tokentoken},{pageName}:{Erebus Token Web Services},{version}:{1.0},{assetType}:{COMPONENT_DESIGN},{catalog}:{JAVA},{componentType}:{CUSTOM}]]
[Exiting method {com.topcoder.confluence.webservice.bean.ConfluenceManagementServiceBean.createPage}]
[Output parameter {page:[basePageUrl:Erebus Token Web ServicesUrl,versionUrl:,assetName:,version:1.0,applicationCode:,content:,assetType:COMPONENT_DESIGN,catalog:JAVA,componentType:CUSTOM], actionTaken:BASE_PAGE_AND_VERSION_CREATED}]
[Exiting method {com.topcoder.confluence.webservice.delegate.ConfluenceManagerWebServiceDelegate.createPage}]
[Output parameter {page:[basePageUrl:Erebus Token Web ServicesUrl,versionUrl:,assetName:,version:1.0,applicationCode:,content:,assetType:COMPONENT_DESIGN,catalog:JAVA,componentType:CUSTOM], actionTaken:BASE_PAGE_AND_VERSION_CREATED}]
[Entering method {com.topcoder.confluence.webservice.delegate.ConfluenceManagerWebServiceDelegate.createPage}]
[Input parameters[{token}:{tokentoken},{pageName}:{Erebus Payment Web Services},{version}:{1.0},{assetType}:{COMPONENT_DESIGN},{catalog}:{JAVA},{applicationCode}:{12345}]]
[Entering method {com.topcoder.confluence.webservice.bean.ConfluenceManagementServiceBean.createPage}]
[Input parameters[{token}:{tokentoken},{pageName}:{Erebus Payment Web Services},{version}:{1.0},{assetType}:{COMPONENT_DESIGN},{catalog}:{JAVA},{applicationCode}:{12345}]]
[Exiting method {com.topcoder.confluence.webservice.bean.ConfluenceManagementServiceBean.createPage}]
[Output parameter {page:[basePageUrl:Erebus Payment Web ServicesUrl,versionUrl:,assetName:,version:1.0,applicationCode:12345,content:,assetType:COMPONENT_DESIGN,catalog:JAVA,componentType:], actionTaken:BASE_PAGE_AND_VERSION_CREATED}]
[Exiting method {com.topcoder.confluence.webservice.delegate.ConfluenceManagerWebServiceDelegate.createPage}]
[Output parameter {page:[basePageUrl:Erebus Payment Web ServicesUrl,versionUrl:,assetName:,version:1.0,applicationCode:12345,content:,assetType:COMPONENT_DESIGN,catalog:JAVA,componentType:], actionTaken:BASE_PAGE_AND_VERSION_CREATED}]
[Entering method {com.topcoder.confluence.webservice.delegate.ConfluenceManagerWebServiceDelegate.retrievePage}]
[Input parameters[{token}:{tokentoken},{pageName}:{Erebus Token Web Services},{version}:{1.0},{assetType}:{COMPONENT_DESIGN},{catalog}:{JAVA},{componentType}:{CUSTOM}]]
[Entering method {com.topcoder.confluence.webservice.bean.ConfluenceManagementServiceBean.retrievePage}]
[Input parameters[{token}:{tokentoken},{pageName}:{Erebus Token Web Services},{version}:{1.0},{assetType}:{COMPONENT_DESIGN},{catalog}:{JAVA},{componentType}:{CUSTOM}]]
[Exiting method {com.topcoder.confluence.webservice.bean.ConfluenceManagementServiceBean.retrievePage}]
[Output parameter {basePageUrl:Erebus Token Web ServicesUrl,versionUrl:,assetName:,version:1.0,applicationCode:,content:,assetType:COMPONENT_DESIGN,catalog:JAVA,componentType:CUSTOM}]
[Exiting method {com.topcoder.confluence.webservice.delegate.ConfluenceManagerWebServiceDelegate.retrievePage}]
[Output parameter {basePageUrl:Erebus Token Web ServicesUrl,versionUrl:,assetName:,version:1.0,applicationCode:,content:,assetType:COMPONENT_DESIGN,catalog:JAVA,componentType:CUSTOM}]
[Entering method {com.topcoder.confluence.webservice.delegate.ConfluenceManagerWebServiceDelegate.logout}]
[Input parameters[{token}:{tokentoken}]]
[Entering method {com.topcoder.confluence.webservice.bean.ConfluenceManagementServiceBean.logout}]
[Input parameters[{token}:{tokentoken}]]
[Exiting method {com.topcoder.confluence.webservice.bean.ConfluenceManagementServiceBean.logout}]
[Exiting method {com.topcoder.confluence.webservice.delegate.ConfluenceManagerWebServiceDelegate.logout}]
[Entering method {com.topcoder.confluence.webservice.delegate.ConfluenceManagerWebServiceDelegate.login}]
[Input parameters[{userName}:{username},{password}:{password}]]
[Entering method {com.topcoder.confluence.webservice.bean.ConfluenceManagementServiceBean.login}]
[Input parameters[{userName}:{username},{password}:{password}]]
[Exiting method {com.topcoder.confluence.webservice.bean.ConfluenceManagementServiceBean.login}]
[Output parameter {tokentoken}]
[Exiting method {com.topcoder.confluence.webservice.delegate.ConfluenceManagerWebServiceDelegate.login}]
[Output parameter {tokentoken}]
[Entering method {com.topcoder.confluence.webservice.delegate.ConfluenceManagerWebServiceDelegate.createPage}]
[Input parameters[{token}:{tokentoken},{pageName}:{Erebus Token Web Services},{version}:{1.0},{assetType}:{COMPONENT_DESIGN},{catalog}:{JAVA},{componentType}:{CUSTOM}]]
[Entering method {com.topcoder.confluence.webservice.bean.ConfluenceManagementServiceBean.createPage}]
[Input parameters[{token}:{tokentoken},{pageName}:{Erebus Token Web Services},{version}:{1.0},{assetType}:{COMPONENT_DESIGN},{catalog}:{JAVA},{componentType}:{CUSTOM}]]
[Exiting method {com.topcoder.confluence.webservice.bean.ConfluenceManagementServiceBean.createPage}]
[Output parameter {page:[basePageUrl:Erebus Token Web ServicesUrl,versionUrl:,assetName:,version:1.0,applicationCode:,content:,assetType:COMPONENT_DESIGN,catalog:JAVA,componentType:CUSTOM], actionTaken:BASE_PAGE_AND_VERSION_CREATED}]
[Exiting method {com.topcoder.confluence.webservice.delegate.ConfluenceManagerWebServiceDelegate.createPage}]
[Output parameter {page:[basePageUrl:Erebus Token Web ServicesUrl,versionUrl:,assetName:,version:1.0,applicationCode:,content:,assetType:COMPONENT_DESIGN,catalog:JAVA,componentType:CUSTOM], actionTaken:BASE_PAGE_AND_VERSION_CREATED}]
[Entering method {com.topcoder.confluence.webservice.delegate.ConfluenceManagerWebServiceDelegate.createPage}]
[Input parameters[{token}:{tokentoken},{pageName}:{Erebus Payment Web Services},{version}:{1.0},{assetType}:{COMPONENT_DESIGN},{catalog}:{JAVA},{applicationCode}:{12345}]]
[Entering method {com.topcoder.confluence.webservice.bean.ConfluenceManagementServiceBean.createPage}]
[Input parameters[{token}:{tokentoken},{pageName}:{Erebus Payment Web Services},{version}:{1.0},{assetType}:{COMPONENT_DESIGN},{catalog}:{JAVA},{applicationCode}:{12345}]]
[Exiting method {com.topcoder.confluence.webservice.bean.ConfluenceManagementServiceBean.createPage}]
[Output parameter {page:[basePageUrl:Erebus Payment Web ServicesUrl,versionUrl:,assetName:,version:1.0,applicationCode:12345,content:,assetType:COMPONENT_DESIGN,catalog:JAVA,componentType:], actionTaken:BASE_PAGE_AND_VERSION_CREATED}]
[Exiting method {com.topcoder.confluence.webservice.delegate.ConfluenceManagerWebServiceDelegate.createPage}]
[Output parameter {page:[basePageUrl:Erebus Payment Web ServicesUrl,versionUrl:,assetName:,version:1.0,applicationCode:12345,content:,assetType:COMPONENT_DESIGN,catalog:JAVA,componentType:], actionTaken:BASE_PAGE_AND_VERSION_CREATED}]
[Entering method {com.topcoder.confluence.webservice.delegate.ConfluenceManagerWebServiceDelegate.retrievePage}]
[Input parameters[{token}:{tokentoken},{pageName}:{Erebus Token Web Services},{version}:{1.0},{assetType}:{COMPONENT_DESIGN},{catalog}:{JAVA},{componentType}:{CUSTOM}]]
[Entering method {com.topcoder.confluence.webservice.bean.ConfluenceManagementServiceBean.retrievePage}]
[Input parameters[{token}:{tokentoken},{pageName}:{Erebus Token Web Services},{version}:{1.0},{assetType}:{COMPONENT_DESIGN},{catalog}:{JAVA},{componentType}:{CUSTOM}]]
[Exiting method {com.topcoder.confluence.webservice.bean.ConfluenceManagementServiceBean.retrievePage}]
[Output parameter {basePageUrl:Erebus Token Web ServicesUrl,versionUrl:,assetName:,version:1.0,applicationCode:,content:,assetType:COMPONENT_DESIGN,catalog:JAVA,componentType:CUSTOM}]
[Exiting method {com.topcoder.confluence.webservice.delegate.ConfluenceManagerWebServiceDelegate.retrievePage}]
[Output parameter {basePageUrl:Erebus Token Web ServicesUrl,versionUrl:,assetName:,version:1.0,applicationCode:,content:,assetType:COMPONENT_DESIGN,catalog:JAVA,componentType:CUSTOM}]
[Entering method {com.topcoder.confluence.webservice.delegate.ConfluenceManagerWebServiceDelegate.logout}]
[Input parameters[{token}:{tokentoken}]]
[Entering method {com.topcoder.confluence.webservice.bean.ConfluenceManagementServiceBean.logout}]
[Input parameters[{token}:{tokentoken}]]
[Exiting method {com.topcoder.confluence.webservice.bean.ConfluenceManagementServiceBean.logout}]
[Exiting method {com.topcoder.confluence.webservice.delegate.ConfluenceManagerWebServiceDelegate.logout}]
[Entering method {com.topcoder.confluence.webservice.delegate.ConfluenceManagerWebServiceDelegate.login}]
[Input parameters[{userName}:{username},{password}:{password}]]
[Entering method {com.topcoder.confluence.webservice.bean.ConfluenceManagementServiceBean.login}]
[Input parameters[{userName}:{username},{password}:{password}]]
[Exiting method {com.topcoder.confluence.webservice.bean.ConfluenceManagementServiceBean.login}]
[Output parameter {tokentoken}]
[Exiting method {com.topcoder.confluence.webservice.delegate.ConfluenceManagerWebServiceDelegate.login}]
[Output parameter {tokentoken}]
[Entering method {com.topcoder.confluence.webservice.delegate.ConfluenceManagerWebServiceDelegate.createPage}]
[Input parameters[{token}:{tokentoken},{pageName}:{Erebus Token Web Services},{version}:{1.0},{assetType}:{COMPONENT_DESIGN},{catalog}:{JAVA},{componentType}:{CUSTOM}]]
[Entering method {com.topcoder.confluence.webservice.bean.ConfluenceManagementServiceBean.createPage}]
[Input parameters[{token}:{tokentoken},{pageName}:{Erebus Token Web Services},{version}:{1.0},{assetType}:{COMPONENT_DESIGN},{catalog}:{JAVA},{componentType}:{CUSTOM}]]
[Exiting method {com.topcoder.confluence.webservice.bean.ConfluenceManagementServiceBean.createPage}]
[Output parameter {page:[basePageUrl:Erebus Token Web ServicesUrl,versionUrl:,assetName:,version:1.0,applicationCode:,content:,assetType:COMPONENT_DESIGN,catalog:JAVA,componentType:CUSTOM], actionTaken:BASE_PAGE_AND_VERSION_CREATED}]
[Exiting method {com.topcoder.confluence.webservice.delegate.ConfluenceManagerWebServiceDelegate.createPage}]
[Output parameter {page:[basePageUrl:Erebus Token Web ServicesUrl,versionUrl:,assetName:,version:1.0,applicationCode:,content:,assetType:COMPONENT_DESIGN,catalog:JAVA,componentType:CUSTOM], actionTaken:BASE_PAGE_AND_VERSION_CREATED}]
[Entering method {com.topcoder.confluence.webservice.delegate.ConfluenceManagerWebServiceDelegate.createPage}]
[Input parameters[{token}:{tokentoken},{pageName}:{Erebus Payment Web Services},{version}:{1.0},{assetType}:{COMPONENT_DESIGN},{catalog}:{JAVA},{applicationCode}:{12345}]]
[Entering method {com.topcoder.confluence.webservice.bean.ConfluenceManagementServiceBean.createPage}]
[Input parameters[{token}:{tokentoken},{pageName}:{Erebus Payment Web Services},{version}:{1.0},{assetType}:{COMPONENT_DESIGN},{catalog}:{JAVA},{applicationCode}:{12345}]]
[Exiting method {com.topcoder.confluence.webservice.bean.ConfluenceManagementServiceBean.createPage}]
[Output parameter {page:[basePageUrl:Erebus Payment Web ServicesUrl,versionUrl:,assetName:,version:1.0,applicationCode:12345,content:,assetType:COMPONENT_DESIGN,catalog:JAVA,componentType:], actionTaken:BASE_PAGE_AND_VERSION_CREATED}]
[Exiting method {com.topcoder.confluence.webservice.delegate.ConfluenceManagerWebServiceDelegate.createPage}]
[Output parameter {page:[basePageUrl:Erebus Payment Web ServicesUrl,versionUrl:,assetName:,version:1.0,applicationCode:12345,content:,assetType:COMPONENT_DESIGN,catalog:JAVA,componentType:], actionTaken:BASE_PAGE_AND_VERSION_CREATED}]
[Entering method {com.topcoder.confluence.webservice.delegate.ConfluenceManagerWebServiceDelegate.retrievePage}]
[Input parameters[{token}:{tokentoken},{pageName}:{Erebus Token Web Services},{version}:{1.0},{assetType}:{COMPONENT_DESIGN},{catalog}:{JAVA},{componentType}:{CUSTOM}]]
[Entering method {com.topcoder.confluence.webservice.bean.ConfluenceManagementServiceBean.retrievePage}]
[Input parameters[{token}:{tokentoken},{pageName}:{Erebus Token Web Services},{version}:{1.0},{assetType}:{COMPONENT_DESIGN},{catalog}:{JAVA},{componentType}:{CUSTOM}]]
[Exiting method {com.topcoder.confluence.webservice.bean.ConfluenceManagementServiceBean.retrievePage}]
[Output parameter {basePageUrl:Erebus Token Web ServicesUrl,versionUrl:,assetName:,version:1.0,applicationCode:,content:,assetType:COMPONENT_DESIGN,catalog:JAVA,componentType:CUSTOM}]
[Exiting method {com.topcoder.confluence.webservice.delegate.ConfluenceManagerWebServiceDelegate.retrievePage}]
[Output parameter {basePageUrl:Erebus Token Web ServicesUrl,versionUrl:,assetName:,version:1.0,applicationCode:,content:,assetType:COMPONENT_DESIGN,catalog:JAVA,componentType:CUSTOM}]
[Entering method {com.topcoder.confluence.webservice.delegate.ConfluenceManagerWebServiceDelegate.logout}]
[Input parameters[{token}:{tokentoken}]]
[Entering method {com.topcoder.confluence.webservice.bean.ConfluenceManagementServiceBean.logout}]
[Input parameters[{token}:{tokentoken}]]
[Exiting method {com.topcoder.confluence.webservice.bean.ConfluenceManagementServiceBean.logout}]
[Exiting method {com.topcoder.confluence.webservice.delegate.ConfluenceManagerWebServiceDelegate.logout}]
[Entering method {com.topcoder.confluence.webservice.delegate.ConfluenceManagerWebServiceDelegate.login}]
[Input parameters[{userName}:{username},{password}:{password}]]
[Entering method {com.topcoder.confluence.webservice.bean.ConfluenceManagementServiceBean.login}]
[Input parameters[{userName}:{username},{password}:{password}]]
[Exiting method {com.topcoder.confluence.webservice.bean.ConfluenceManagementServiceBean.login}]
[Output parameter {tokentoken}]
[Exiting method {com.topcoder.confluence.webservice.delegate.ConfluenceManagerWebServiceDelegate.login}]
[Output parameter {tokentoken}]
[Entering method {com.topcoder.confluence.webservice.delegate.ConfluenceManagerWebServiceDelegate.createPage}]
[Input parameters[{token}:{tokentoken},{pageName}:{Erebus Token Web Services},{version}:{1.0},{assetType}:{COMPONENT_DESIGN},{catalog}:{JAVA},{componentType}:{CUSTOM}]]
[Entering method {com.topcoder.confluence.webservice.bean.ConfluenceManagementServiceBean.createPage}]
[Input parameters[{token}:{tokentoken},{pageName}:{Erebus Token Web Services},{version}:{1.0},{assetType}:{COMPONENT_DESIGN},{catalog}:{JAVA},{componentType}:{CUSTOM}]]
[Exiting method {com.topcoder.confluence.webservice.bean.ConfluenceManagementServiceBean.createPage}]
[Output parameter {page:[basePageUrl:Erebus Token Web ServicesUrl,versionUrl:,assetName:,version:1.0,applicationCode:,content:,assetType:COMPONENT_DESIGN,catalog:JAVA,componentType:CUSTOM], actionTaken:BASE_PAGE_AND_VERSION_CREATED}]
[Exiting method {com.topcoder.confluence.webservice.delegate.ConfluenceManagerWebServiceDelegate.createPage}]
[Output parameter {page:[basePageUrl:Erebus Token Web ServicesUrl,versionUrl:,assetName:,version:1.0,applicationCode:,content:,assetType:COMPONENT_DESIGN,catalog:JAVA,componentType:CUSTOM], actionTaken:BASE_PAGE_AND_VERSION_CREATED}]
[Entering method {com.topcoder.confluence.webservice.delegate.ConfluenceManagerWebServiceDelegate.createPage}]
[Input parameters[{token}:{tokentoken},{pageName}:{Erebus Payment Web Services},{version}:{1.0},{assetType}:{COMPONENT_DESIGN},{catalog}:{JAVA},{applicationCode}:{12345}]]
[Entering method {com.topcoder.confluence.webservice.bean.ConfluenceManagementServiceBean.createPage}]
[Input parameters[{token}:{tokentoken},{pageName}:{Erebus Payment Web Services},{version}:{1.0},{assetType}:{COMPONENT_DESIGN},{catalog}:{JAVA},{applicationCode}:{12345}]]
[Exiting method {com.topcoder.confluence.webservice.bean.ConfluenceManagementServiceBean.createPage}]
[Output parameter {page:[basePageUrl:Erebus Payment Web ServicesUrl,versionUrl:,assetName:,version:1.0,applicationCode:12345,content:,assetType:COMPONENT_DESIGN,catalog:JAVA,componentType:], actionTaken:BASE_PAGE_AND_VERSION_CREATED}]
[Exiting method {com.topcoder.confluence.webservice.delegate.ConfluenceManagerWebServiceDelegate.createPage}]
[Output parameter {page:[basePageUrl:Erebus Payment Web ServicesUrl,versionUrl:,assetName:,version:1.0,applicationCode:12345,content:,assetType:COMPONENT_DESIGN,catalog:JAVA,componentType:], actionTaken:BASE_PAGE_AND_VERSION_CREATED}]
[Entering method {com.topcoder.confluence.webservice.delegate.ConfluenceManagerWebServiceDelegate.retrievePage}]
[Input parameters[{token}:{tokentoken},{pageName}:{Erebus Token Web Services},{version}:{1.0},{assetType}:{COMPONENT_DESIGN},{catalog}:{JAVA},{componentType}:{CUSTOM}]]
[Entering method {com.topcoder.confluence.webservice.bean.ConfluenceManagementServiceBean.retrievePage}]
[Input parameters[{token}:{tokentoken},{pageName}:{Erebus Token Web Services},{version}:{1.0},{assetType}:{COMPONENT_DESIGN},{catalog}:{JAVA},{componentType}:{CUSTOM}]]
[Exiting method {com.topcoder.confluence.webservice.bean.ConfluenceManagementServiceBean.retrievePage}]
[Output parameter {basePageUrl:Erebus Token Web ServicesUrl,versionUrl:,assetName:,version:1.0,applicationCode:,content:,assetType:COMPONENT_DESIGN,catalog:JAVA,componentType:CUSTOM}]
[Exiting method {com.topcoder.confluence.webservice.delegate.ConfluenceManagerWebServiceDelegate.retrievePage}]
[Output parameter {basePageUrl:Erebus Token Web ServicesUrl,versionUrl:,assetName:,version:1.0,applicationCode:,content:,assetType:COMPONENT_DESIGN,catalog:JAVA,componentType:CUSTOM}]
[Entering method {com.topcoder.confluence.webservice.delegate.ConfluenceManagerWebServiceDelegate.logout}]
[Input parameters[{token}:{tokentoken}]]
[Entering method {com.topcoder.confluence.webservice.bean.ConfluenceManagementServiceBean.logout}]
[Input parameters[{token}:{tokentoken}]]
[Exiting method {com.topcoder.confluence.webservice.bean.ConfluenceManagementServiceBean.logout}]
[Exiting method {com.topcoder.confluence.webservice.delegate.ConfluenceManagerWebServiceDelegate.logout}]
[Entering method {com.topcoder.confluence.webservice.delegate.ConfluenceManagerWebServiceDelegate.login}]
[Input parameters[{userName}:{username},{password}:{password}]]
[Entering method {com.topcoder.confluence.webservice.bean.ConfluenceManagementServiceBean.login}]
[Input parameters[{userName}:{username},{password}:{password}]]
[Exiting method {com.topcoder.confluence.webservice.bean.ConfluenceManagementServiceBean.login}]
[Output parameter {tokentoken}]
[Exiting method {com.topcoder.confluence.webservice.delegate.ConfluenceManagerWebServiceDelegate.login}]
[Output parameter {tokentoken}]
[Entering method {com.topcoder.confluence.webservice.delegate.ConfluenceManagerWebServiceDelegate.createPage}]
[Input parameters[{token}:{tokentoken},{pageName}:{Erebus Token Web Services},{version}:{1.0},{assetType}:{COMPONENT_DESIGN},{catalog}:{JAVA},{componentType}:{CUSTOM}]]
[Entering method {com.topcoder.confluence.webservice.bean.ConfluenceManagementServiceBean.createPage}]
[Input parameters[{token}:{tokentoken},{pageName}:{Erebus Token Web Services},{version}:{1.0},{assetType}:{COMPONENT_DESIGN},{catalog}:{JAVA},{componentType}:{CUSTOM}]]
[Exiting method {com.topcoder.confluence.webservice.bean.ConfluenceManagementServiceBean.createPage}]
[Output parameter {page:[basePageUrl:Erebus Token Web ServicesUrl,versionUrl:,assetName:,version:1.0,applicationCode:,content:,assetType:COMPONENT_DESIGN,catalog:JAVA,componentType:CUSTOM], actionTaken:BASE_PAGE_AND_VERSION_CREATED}]
[Exiting method {com.topcoder.confluence.webservice.delegate.ConfluenceManagerWebServiceDelegate.createPage}]
[Output parameter {page:[basePageUrl:Erebus Token Web ServicesUrl,versionUrl:,assetName:,version:1.0,applicationCode:,content:,assetType:COMPONENT_DESIGN,catalog:JAVA,componentType:CUSTOM], actionTaken:BASE_PAGE_AND_VERSION_CREATED}]
[Entering method {com.topcoder.confluence.webservice.delegate.ConfluenceManagerWebServiceDelegate.createPage}]
[Input parameters[{token}:{tokentoken},{pageName}:{Erebus Payment Web Services},{version}:{1.0},{assetType}:{COMPONENT_DESIGN},{catalog}:{JAVA},{applicationCode}:{12345}]]
[Entering method {com.topcoder.confluence.webservice.bean.ConfluenceManagementServiceBean.createPage}]
[Input parameters[{token}:{tokentoken},{pageName}:{Erebus Payment Web Services},{version}:{1.0},{assetType}:{COMPONENT_DESIGN},{catalog}:{JAVA},{applicationCode}:{12345}]]
[Exiting method {com.topcoder.confluence.webservice.bean.ConfluenceManagementServiceBean.createPage}]
[Output parameter {page:[basePageUrl:Erebus Payment Web ServicesUrl,versionUrl:,assetName:,version:1.0,applicationCode:12345,content:,assetType:COMPONENT_DESIGN,catalog:JAVA,componentType:], actionTaken:BASE_PAGE_AND_VERSION_CREATED}]
[Exiting method {com.topcoder.confluence.webservice.delegate.ConfluenceManagerWebServiceDelegate.createPage}]
[Output parameter {page:[basePageUrl:Erebus Payment Web ServicesUrl,versionUrl:,assetName:,version:1.0,applicationCode:12345,content:,assetType:COMPONENT_DESIGN,catalog:JAVA,componentType:], actionTaken:BASE_PAGE_AND_VERSION_CREATED}]
[Entering method {com.topcoder.confluence.webservice.delegate.ConfluenceManagerWebServiceDelegate.retrievePage}]
[Input parameters[{token}:{tokentoken},{pageName}:{Erebus Token Web Services},{version}:{1.0},{assetType}:{COMPONENT_DESIGN},{catalog}:{JAVA},{componentType}:{CUSTOM}]]
[Entering method {com.topcoder.confluence.webservice.bean.ConfluenceManagementServiceBean.retrievePage}]
[Input parameters[{token}:{tokentoken},{pageName}:{Erebus Token Web Services},{version}:{1.0},{assetType}:{COMPONENT_DESIGN},{catalog}:{JAVA},{componentType}:{CUSTOM}]]
[Exiting method {com.topcoder.confluence.webservice.bean.ConfluenceManagementServiceBean.retrievePage}]
[Output parameter {basePageUrl:Erebus Token Web ServicesUrl,versionUrl:,assetName:,version:1.0,applicationCode:,content:,assetType:COMPONENT_DESIGN,catalog:JAVA,componentType:CUSTOM}]
[Exiting method {com.topcoder.confluence.webservice.delegate.ConfluenceManagerWebServiceDelegate.retrievePage}]
[Output parameter {basePageUrl:Erebus Token Web ServicesUrl,versionUrl:,assetName:,version:1.0,applicationCode:,content:,assetType:COMPONENT_DESIGN,catalog:JAVA,componentType:CUSTOM}]
[Entering method {com.topcoder.confluence.webservice.delegate.ConfluenceManagerWebServiceDelegate.logout}]
[Input parameters[{token}:{tokentoken}]]
[Entering method {com.topcoder.confluence.webservice.bean.ConfluenceManagementServiceBean.logout}]
[Input parameters[{token}:{tokentoken}]]
[Exiting method {com.topcoder.confluence.webservice.bean.ConfluenceManagementServiceBean.logout}]
[Exiting method {com.topcoder.confluence.webservice.delegate.ConfluenceManagerWebServiceDelegate.logout}]
[Entering method {com.topcoder.confluence.webservice.delegate.ConfluenceManagerWebServiceDelegate.login}]
[Input parameters[{userName}:{username},{password}:{password}]]
[Entering method {com.topcoder.confluence.webservice.bean.ConfluenceManagementServiceBean.login}]
[Input parameters[{userName}:{username},{password}:{password}]]
[Exiting method {com.topcoder.confluence.webservice.bean.ConfluenceManagementServiceBean.login}]
[Output parameter {tokentoken}]
[Exiting method {com.topcoder.confluence.webservice.delegate.ConfluenceManagerWebServiceDelegate.login}]
[Output parameter {tokentoken}]
[Entering method {com.topcoder.confluence.webservice.delegate.ConfluenceManagerWebServiceDelegate.createPage}]
[Input parameters[{token}:{tokentoken},{pageName}:{Erebus Token Web Services},{version}:{1.0},{assetType}:{COMPONENT_DESIGN},{catalog}:{JAVA},{componentType}:{CUSTOM}]]
[Entering method {com.topcoder.confluence.webservice.bean.ConfluenceManagementServiceBean.createPage}]
[Input parameters[{token}:{tokentoken},{pageName}:{Erebus Token Web Services},{version}:{1.0},{assetType}:{COMPONENT_DESIGN},{catalog}:{JAVA},{componentType}:{CUSTOM}]]
[Exiting method {com.topcoder.confluence.webservice.bean.ConfluenceManagementServiceBean.createPage}]
[Output parameter {page:[basePageUrl:Erebus Token Web ServicesUrl,versionUrl:,assetName:,version:1.0,applicationCode:,content:,assetType:COMPONENT_DESIGN,catalog:JAVA,componentType:CUSTOM], actionTaken:BASE_PAGE_AND_VERSION_CREATED}]
[Exiting method {com.topcoder.confluence.webservice.delegate.ConfluenceManagerWebServiceDelegate.createPage}]
[Output parameter {page:[basePageUrl:Erebus Token Web ServicesUrl,versionUrl:,assetName:,version:1.0,applicationCode:,content:,assetType:COMPONENT_DESIGN,catalog:JAVA,componentType:CUSTOM], actionTaken:BASE_PAGE_AND_VERSION_CREATED}]
[Entering method {com.topcoder.confluence.webservice.delegate.ConfluenceManagerWebServiceDelegate.createPage}]
[Input parameters[{token}:{tokentoken},{pageName}:{Erebus Payment Web Services},{version}:{1.0},{assetType}:{COMPONENT_DESIGN},{catalog}:{JAVA},{applicationCode}:{12345}]]
[Entering method {com.topcoder.confluence.webservice.bean.ConfluenceManagementServiceBean.createPage}]
[Input parameters[{token}:{tokentoken},{pageName}:{Erebus Payment Web Services},{version}:{1.0},{assetType}:{COMPONENT_DESIGN},{catalog}:{JAVA},{applicationCode}:{12345}]]
[Exiting method {com.topcoder.confluence.webservice.bean.ConfluenceManagementServiceBean.createPage}]
[Output parameter {page:[basePageUrl:Erebus Payment Web ServicesUrl,versionUrl:,assetName:,version:1.0,applicationCode:12345,content:,assetType:COMPONENT_DESIGN,catalog:JAVA,componentType:], actionTaken:BASE_PAGE_AND_VERSION_CREATED}]
[Exiting method {com.topcoder.confluence.webservice.delegate.ConfluenceManagerWebServiceDelegate.createPage}]
[Output parameter {page:[basePageUrl:Erebus Payment Web ServicesUrl,versionUrl:,assetName:,version:1.0,applicationCode:12345,content:,assetType:COMPONENT_DESIGN,catalog:JAVA,componentType:], actionTaken:BASE_PAGE_AND_VERSION_CREATED}]
[Entering method {com.topcoder.confluence.webservice.delegate.ConfluenceManagerWebServiceDelegate.retrievePage}]
[Input parameters[{token}:{tokentoken},{pageName}:{Erebus Token Web Services},{version}:{1.0},{assetType}:{COMPONENT_DESIGN},{catalog}:{JAVA},{componentType}:{CUSTOM}]]
[Entering method {com.topcoder.confluence.webservice.bean.ConfluenceManagementServiceBean.retrievePage}]
[Input parameters[{token}:{tokentoken},{pageName}:{Erebus Token Web Services},{version}:{1.0},{assetType}:{COMPONENT_DESIGN},{catalog}:{JAVA},{componentType}:{CUSTOM}]]
[Exiting method {com.topcoder.confluence.webservice.bean.ConfluenceManagementServiceBean.retrievePage}]
[Output parameter {basePageUrl:Erebus Token Web ServicesUrl,versionUrl:,assetName:,version:1.0,applicationCode:,content:,assetType:COMPONENT_DESIGN,catalog:JAVA,componentType:CUSTOM}]
[Exiting method {com.topcoder.confluence.webservice.delegate.ConfluenceManagerWebServiceDelegate.retrievePage}]
[Output parameter {basePageUrl:Erebus Token Web ServicesUrl,versionUrl:,assetName:,version:1.0,applicationCode:,content:,assetType:COMPONENT_DESIGN,catalog:JAVA,componentType:CUSTOM}]
[Entering method {com.topcoder.confluence.webservice.delegate.ConfluenceManagerWebServiceDelegate.logout}]
[Input parameters[{token}:{tokentoken}]]
[Entering method {com.topcoder.confluence.webservice.bean.ConfluenceManagementServiceBean.logout}]
[Input parameters[{token}:{tokentoken}]]
[Exiting method {com.topcoder.confluence.webservice.bean.ConfluenceManagementServiceBean.logout}]
[Exiting method {com.topcoder.confluence.webservice.delegate.ConfluenceManagerWebServiceDelegate.logout}]
[Entering method {com.topcoder.confluence.webservice.delegate.ConfluenceManagerWebServiceDelegate.login}]
[Input parameters[{userName}:{username},{password}:{password}]]
[Entering method {com.topcoder.confluence.webservice.bean.ConfluenceManagementServiceBean.login}]
[Input parameters[{userName}:{username},{password}:{password}]]
[Exiting method {com.topcoder.confluence.webservice.bean.ConfluenceManagementServiceBean.login}]
[Output parameter {tokentoken}]
[Exiting method {com.topcoder.confluence.webservice.delegate.ConfluenceManagerWebServiceDelegate.login}]
[Output parameter {tokentoken}]
[Entering method {com.topcoder.confluence.webservice.delegate.ConfluenceManagerWebServiceDelegate.createPage}]
[Input parameters[{token}:{tokentoken},{pageName}:{Erebus Token Web Services},{version}:{1.0},{assetType}:{COMPONENT_DESIGN},{catalog}:{JAVA},{componentType}:{CUSTOM}]]
[Entering method {com.topcoder.confluence.webservice.bean.ConfluenceManagementServiceBean.createPage}]
[Input parameters[{token}:{tokentoken},{pageName}:{Erebus Token Web Services},{version}:{1.0},{assetType}:{COMPONENT_DESIGN},{catalog}:{JAVA},{componentType}:{CUSTOM}]]
[Exiting method {com.topcoder.confluence.webservice.bean.ConfluenceManagementServiceBean.createPage}]
[Output parameter {page:[basePageUrl:Erebus Token Web ServicesUrl,versionUrl:,assetName:,version:1.0,applicationCode:,content:,assetType:COMPONENT_DESIGN,catalog:JAVA,componentType:CUSTOM], actionTaken:BASE_PAGE_AND_VERSION_CREATED}]
[Exiting method {com.topcoder.confluence.webservice.delegate.ConfluenceManagerWebServiceDelegate.createPage}]
[Output parameter {page:[basePageUrl:Erebus Token Web ServicesUrl,versionUrl:,assetName:,version:1.0,applicationCode:,content:,assetType:COMPONENT_DESIGN,catalog:JAVA,componentType:CUSTOM], actionTaken:BASE_PAGE_AND_VERSION_CREATED}]
[Entering method {com.topcoder.confluence.webservice.delegate.ConfluenceManagerWebServiceDelegate.createPage}]
[Input parameters[{token}:{tokentoken},{pageName}:{Erebus Payment Web Services},{version}:{1.0},{assetType}:{COMPONENT_DESIGN},{catalog}:{JAVA},{applicationCode}:{12345}]]
[Entering method {com.topcoder.confluence.webservice.bean.ConfluenceManagementServiceBean.createPage}]
[Input parameters[{token}:{tokentoken},{pageName}:{Erebus Payment Web Services},{version}:{1.0},{assetType}:{COMPONENT_DESIGN},{catalog}:{JAVA},{applicationCode}:{12345}]]
[Exiting method {com.topcoder.confluence.webservice.bean.ConfluenceManagementServiceBean.createPage}]
[Output parameter {page:[basePageUrl:Erebus Payment Web ServicesUrl,versionUrl:,assetName:,version:1.0,applicationCode:12345,content:,assetType:COMPONENT_DESIGN,catalog:JAVA,componentType:], actionTaken:BASE_PAGE_AND_VERSION_CREATED}]
[Exiting method {com.topcoder.confluence.webservice.delegate.ConfluenceManagerWebServiceDelegate.createPage}]
[Output parameter {page:[basePageUrl:Erebus Payment Web ServicesUrl,versionUrl:,assetName:,version:1.0,applicationCode:12345,content:,assetType:COMPONENT_DESIGN,catalog:JAVA,componentType:], actionTaken:BASE_PAGE_AND_VERSION_CREATED}]
[Entering method {com.topcoder.confluence.webservice.delegate.ConfluenceManagerWebServiceDelegate.retrievePage}]
[Input parameters[{token}:{tokentoken},{pageName}:{Erebus Token Web Services},{version}:{1.0},{assetType}:{COMPONENT_DESIGN},{catalog}:{JAVA},{componentType}:{CUSTOM}]]
[Entering method {com.topcoder.confluence.webservice.bean.ConfluenceManagementServiceBean.retrievePage}]
[Input parameters[{token}:{tokentoken},{pageName}:{Erebus Token Web Services},{version}:{1.0},{assetType}:{COMPONENT_DESIGN},{catalog}:{JAVA},{componentType}:{CUSTOM}]]
[Exiting method {com.topcoder.confluence.webservice.bean.ConfluenceManagementServiceBean.retrievePage}]
[Output parameter {basePageUrl:Erebus Token Web ServicesUrl,versionUrl:,assetName:,version:1.0,applicationCode:,content:,assetType:COMPONENT_DESIGN,catalog:JAVA,componentType:CUSTOM}]
[Exiting method {com.topcoder.confluence.webservice.delegate.ConfluenceManagerWebServiceDelegate.retrievePage}]
[Output parameter {basePageUrl:Erebus Token Web ServicesUrl,versionUrl:,assetName:,version:1.0,applicationCode:,content:,assetType:COMPONENT_DESIGN,catalog:JAVA,componentType:CUSTOM}]
[Entering method {com.topcoder.confluence.webservice.delegate.ConfluenceManagerWebServiceDelegate.logout}]
[Input parameters[{token}:{tokentoken}]]
[Entering method {com.topcoder.confluence.webservice.bean.ConfluenceManagementServiceBean.logout}]
[Input parameters[{token}:{tokentoken}]]
[Exiting method {com.topcoder.confluence.webservice.bean.ConfluenceManagementServiceBean.logout}]
[Exiting method {com.topcoder.confluence.webservice.delegate.ConfluenceManagerWebServiceDelegate.logout}]
[Entering method {com.topcoder.confluence.webservice.delegate.ConfluenceManagerWebServiceDelegate.login}]
[Input parameters[{userName}:{username},{password}:{password}]]
[Entering method {com.topcoder.confluence.webservice.bean.ConfluenceManagementServiceBean.login}]
[Input parameters[{userName}:{username},{password}:{password}]]
[Exiting method {com.topcoder.confluence.webservice.bean.ConfluenceManagementServiceBean.login}]
[Output parameter {tokentoken}]
[Exiting method {com.topcoder.confluence.webservice.delegate.ConfluenceManagerWebServiceDelegate.login}]
[Output parameter {tokentoken}]
[Entering method {com.topcoder.confluence.webservice.delegate.ConfluenceManagerWebServiceDelegate.createPage}]
[Input parameters[{token}:{tokentoken},{pageName}:{Erebus Token Web Services},{version}:{1.0},{assetType}:{COMPONENT_DESIGN},{catalog}:{JAVA},{componentType}:{CUSTOM}]]
[Entering method {com.topcoder.confluence.webservice.bean.ConfluenceManagementServiceBean.createPage}]
[Input parameters[{token}:{tokentoken},{pageName}:{Erebus Token Web Services},{version}:{1.0},{assetType}:{COMPONENT_DESIGN},{catalog}:{JAVA},{componentType}:{CUSTOM}]]
[Exiting method {com.topcoder.confluence.webservice.bean.ConfluenceManagementServiceBean.createPage}]
[Output parameter {page:[basePageUrl:Erebus Token Web ServicesUrl,versionUrl:,assetName:,version:1.0,applicationCode:,content:,assetType:COMPONENT_DESIGN,catalog:JAVA,componentType:CUSTOM], actionTaken:BASE_PAGE_AND_VERSION_CREATED}]
[Exiting method {com.topcoder.confluence.webservice.delegate.ConfluenceManagerWebServiceDelegate.createPage}]
[Output parameter {page:[basePageUrl:Erebus Token Web ServicesUrl,versionUrl:,assetName:,version:1.0,applicationCode:,content:,assetType:COMPONENT_DESIGN,catalog:JAVA,componentType:CUSTOM], actionTaken:BASE_PAGE_AND_VERSION_CREATED}]
[Entering method {com.topcoder.confluence.webservice.delegate.ConfluenceManagerWebServiceDelegate.createPage}]
[Input parameters[{token}:{tokentoken},{pageName}:{Erebus Payment Web Services},{version}:{1.0},{assetType}:{COMPONENT_DESIGN},{catalog}:{JAVA},{applicationCode}:{12345}]]
[Entering method {com.topcoder.confluence.webservice.bean.ConfluenceManagementServiceBean.createPage}]
[Input parameters[{token}:{tokentoken},{pageName}:{Erebus Payment Web Services},{version}:{1.0},{assetType}:{COMPONENT_DESIGN},{catalog}:{JAVA},{applicationCode}:{12345}]]
[Exiting method {com.topcoder.confluence.webservice.bean.ConfluenceManagementServiceBean.createPage}]
[Output parameter {page:[basePageUrl:Erebus Payment Web ServicesUrl,versionUrl:,assetName:,version:1.0,applicationCode:12345,content:,assetType:COMPONENT_DESIGN,catalog:JAVA,componentType:], actionTaken:BASE_PAGE_AND_VERSION_CREATED}]
[Exiting method {com.topcoder.confluence.webservice.delegate.ConfluenceManagerWebServiceDelegate.createPage}]
[Output parameter {page:[basePageUrl:Erebus Payment Web ServicesUrl,versionUrl:,assetName:,version:1.0,applicationCode:12345,content:,assetType:COMPONENT_DESIGN,catalog:JAVA,componentType:], actionTaken:BASE_PAGE_AND_VERSION_CREATED}]
[Entering method {com.topcoder.confluence.webservice.delegate.ConfluenceManagerWebServiceDelegate.retrievePage}]
[Input parameters[{token}:{tokentoken},{pageName}:{Erebus Token Web Services},{version}:{1.0},{assetType}:{COMPONENT_DESIGN},{catalog}:{JAVA},{componentType}:{CUSTOM}]]
[Entering method {com.topcoder.confluence.webservice.bean.ConfluenceManagementServiceBean.retrievePage}]
[Input parameters[{token}:{tokentoken},{pageName}:{Erebus Token Web Services},{version}:{1.0},{assetType}:{COMPONENT_DESIGN},{catalog}:{JAVA},{componentType}:{CUSTOM}]]
[Exiting method {com.topcoder.confluence.webservice.bean.ConfluenceManagementServiceBean.retrievePage}]
[Output parameter {basePageUrl:Erebus Token Web ServicesUrl,versionUrl:,assetName:,version:1.0,applicationCode:,content:,assetType:COMPONENT_DESIGN,catalog:JAVA,componentType:CUSTOM}]
[Exiting method {com.topcoder.confluence.webservice.delegate.ConfluenceManagerWebServiceDelegate.retrievePage}]
[Output parameter {basePageUrl:Erebus Token Web ServicesUrl,versionUrl:,assetName:,version:1.0,applicationCode:,content:,assetType:COMPONENT_DESIGN,catalog:JAVA,componentType:CUSTOM}]
[Entering method {com.topcoder.confluence.webservice.delegate.ConfluenceManagerWebServiceDelegate.logout}]
[Input parameters[{token}:{tokentoken}]]
[Entering method {com.topcoder.confluence.webservice.bean.ConfluenceManagementServiceBean.logout}]
[Input parameters[{token}:{tokentoken}]]
[Exiting method {com.topcoder.confluence.webservice.bean.ConfluenceManagementServiceBean.logout}]
[Exiting method {com.topcoder.confluence.webservice.delegate.ConfluenceManagerWebServiceDelegate.logout}]
[Entering method {com.topcoder.confluence.webservice.delegate.ConfluenceManagerWebServiceDelegate.login}]
[Input parameters[{userName}:{username},{password}:{password}]]
[Entering method {com.topcoder.confluence.webservice.bean.ConfluenceManagementServiceBean.login}]
[Input parameters[{userName}:{username},{password}:{password}]]
[Exiting method {com.topcoder.confluence.webservice.bean.ConfluenceManagementServiceBean.login}]
[Output parameter {tokentoken}]
[Exiting method {com.topcoder.confluence.webservice.delegate.ConfluenceManagerWebServiceDelegate.login}]
[Output parameter {tokentoken}]
[Entering method {com.topcoder.confluence.webservice.delegate.ConfluenceManagerWebServiceDelegate.createPage}]
[Input parameters[{token}:{tokentoken},{pageName}:{Erebus Token Web Services},{version}:{1.0},{assetType}:{COMPONENT_DESIGN},{catalog}:{JAVA},{componentType}:{CUSTOM}]]
[Entering method {com.topcoder.confluence.webservice.bean.ConfluenceManagementServiceBean.createPage}]
[Input parameters[{token}:{tokentoken},{pageName}:{Erebus Token Web Services},{version}:{1.0},{assetType}:{COMPONENT_DESIGN},{catalog}:{JAVA},{componentType}:{CUSTOM}]]
[Exiting method {com.topcoder.confluence.webservice.bean.ConfluenceManagementServiceBean.createPage}]
[Output parameter {page:[basePageUrl:Erebus Token Web ServicesUrl,versionUrl:,assetName:,version:1.0,applicationCode:,content:,assetType:COMPONENT_DESIGN,catalog:JAVA,componentType:CUSTOM], actionTaken:BASE_PAGE_AND_VERSION_CREATED}]
[Exiting method {com.topcoder.confluence.webservice.delegate.ConfluenceManagerWebServiceDelegate.createPage}]
[Output parameter {page:[basePageUrl:Erebus Token Web ServicesUrl,versionUrl:,assetName:,version:1.0,applicationCode:,content:,assetType:COMPONENT_DESIGN,catalog:JAVA,componentType:CUSTOM], actionTaken:BASE_PAGE_AND_VERSION_CREATED}]
[Entering method {com.topcoder.confluence.webservice.delegate.ConfluenceManagerWebServiceDelegate.createPage}]
[Input parameters[{token}:{tokentoken},{pageName}:{Erebus Payment Web Services},{version}:{1.0},{assetType}:{COMPONENT_DESIGN},{catalog}:{JAVA},{applicationCode}:{12345}]]
[Entering method {com.topcoder.confluence.webservice.bean.ConfluenceManagementServiceBean.createPage}]
[Input parameters[{token}:{tokentoken},{pageName}:{Erebus Payment Web Services},{version}:{1.0},{assetType}:{COMPONENT_DESIGN},{catalog}:{JAVA},{applicationCode}:{12345}]]
[Exiting method {com.topcoder.confluence.webservice.bean.ConfluenceManagementServiceBean.createPage}]
[Output parameter {page:[basePageUrl:Erebus Payment Web ServicesUrl,versionUrl:,assetName:,version:1.0,applicationCode:12345,content:,assetType:COMPONENT_DESIGN,catalog:JAVA,componentType:], actionTaken:BASE_PAGE_AND_VERSION_CREATED}]
[Exiting method {com.topcoder.confluence.webservice.delegate.ConfluenceManagerWebServiceDelegate.createPage}]
[Output parameter {page:[basePageUrl:Erebus Payment Web ServicesUrl,versionUrl:,assetName:,version:1.0,applicationCode:12345,content:,assetType:COMPONENT_DESIGN,catalog:JAVA,componentType:], actionTaken:BASE_PAGE_AND_VERSION_CREATED}]
[Entering method {com.topcoder.confluence.webservice.delegate.ConfluenceManagerWebServiceDelegate.retrievePage}]
[Input parameters[{token}:{tokentoken},{pageName}:{Erebus Token Web Services},{version}:{1.0},{assetType}:{COMPONENT_DESIGN},{catalog}:{JAVA},{componentType}:{CUSTOM}]]
[Entering method {com.topcoder.confluence.webservice.bean.ConfluenceManagementServiceBean.retrievePage}]
[Input parameters[{token}:{tokentoken},{pageName}:{Erebus Token Web Services},{version}:{1.0},{assetType}:{COMPONENT_DESIGN},{catalog}:{JAVA},{componentType}:{CUSTOM}]]
[Exiting method {com.topcoder.confluence.webservice.bean.ConfluenceManagementServiceBean.retrievePage}]
[Output parameter {basePageUrl:Erebus Token Web ServicesUrl,versionUrl:,assetName:,version:1.0,applicationCode:,content:,assetType:COMPONENT_DESIGN,catalog:JAVA,componentType:CUSTOM}]
[Exiting method {com.topcoder.confluence.webservice.delegate.ConfluenceManagerWebServiceDelegate.retrievePage}]
[Output parameter {basePageUrl:Erebus Token Web ServicesUrl,versionUrl:,assetName:,version:1.0,applicationCode:,content:,assetType:COMPONENT_DESIGN,catalog:JAVA,componentType:CUSTOM}]
[Entering method {com.topcoder.confluence.webservice.delegate.ConfluenceManagerWebServiceDelegate.logout}]
[Input parameters[{token}:{tokentoken}]]
[Entering method {com.topcoder.confluence.webservice.bean.ConfluenceManagementServiceBean.logout}]
[Input parameters[{token}:{tokentoken}]]
[Exiting method {com.topcoder.confluence.webservice.bean.ConfluenceManagementServiceBean.logout}]
[Exiting method {com.topcoder.confluence.webservice.delegate.ConfluenceManagerWebServiceDelegate.logout}]
[Entering method {com.topcoder.confluence.webservice.delegate.ConfluenceManagerWebServiceDelegate.login}]
[Input parameters[{userName}:{username},{password}:{password}]]
[Entering method {com.topcoder.confluence.webservice.bean.ConfluenceManagementServiceBean.login}]
[Input parameters[{userName}:{username},{password}:{password}]]
[Exiting method {com.topcoder.confluence.webservice.bean.ConfluenceManagementServiceBean.login}]
[Output parameter {tokentoken}]
[Exiting method {com.topcoder.confluence.webservice.delegate.ConfluenceManagerWebServiceDelegate.login}]
[Output parameter {tokentoken}]
[Entering method {com.topcoder.confluence.webservice.delegate.ConfluenceManagerWebServiceDelegate.createPage}]
[Input parameters[{token}:{tokentoken},{pageName}:{Erebus Token Web Services},{version}:{1.0},{assetType}:{COMPONENT_DESIGN},{catalog}:{JAVA},{componentType}:{CUSTOM}]]
[Entering method {com.topcoder.confluence.webservice.bean.ConfluenceManagementServiceBean.createPage}]
[Input parameters[{token}:{tokentoken},{pageName}:{Erebus Token Web Services},{version}:{1.0},{assetType}:{COMPONENT_DESIGN},{catalog}:{JAVA},{componentType}:{CUSTOM}]]
[Exiting method {com.topcoder.confluence.webservice.bean.ConfluenceManagementServiceBean.createPage}]
[Output parameter {page:[basePageUrl:Erebus Token Web ServicesUrl,versionUrl:,assetName:,version:1.0,applicationCode:,content:,assetType:COMPONENT_DESIGN,catalog:JAVA,componentType:CUSTOM], actionTaken:BASE_PAGE_AND_VERSION_CREATED}]
[Exiting method {com.topcoder.confluence.webservice.delegate.ConfluenceManagerWebServiceDelegate.createPage}]
[Output parameter {page:[basePageUrl:Erebus Token Web ServicesUrl,versionUrl:,assetName:,version:1.0,applicationCode:,content:,assetType:COMPONENT_DESIGN,catalog:JAVA,componentType:CUSTOM], actionTaken:BASE_PAGE_AND_VERSION_CREATED}]
[Entering method {com.topcoder.confluence.webservice.delegate.ConfluenceManagerWebServiceDelegate.createPage}]
[Input parameters[{token}:{tokentoken},{pageName}:{Erebus Payment Web Services},{version}:{1.0},{assetType}:{COMPONENT_DESIGN},{catalog}:{JAVA},{applicationCode}:{12345}]]
[Entering method {com.topcoder.confluence.webservice.bean.ConfluenceManagementServiceBean.createPage}]
[Input parameters[{token}:{tokentoken},{pageName}:{Erebus Payment Web Services},{version}:{1.0},{assetType}:{COMPONENT_DESIGN},{catalog}:{JAVA},{applicationCode}:{12345}]]
[Exiting method {com.topcoder.confluence.webservice.bean.ConfluenceManagementServiceBean.createPage}]
[Output parameter {page:[basePageUrl:Erebus Payment Web ServicesUrl,versionUrl:,assetName:,version:1.0,applicationCode:12345,content:,assetType:COMPONENT_DESIGN,catalog:JAVA,componentType:], actionTaken:BASE_PAGE_AND_VERSION_CREATED}]
[Exiting method {com.topcoder.confluence.webservice.delegate.ConfluenceManagerWebServiceDelegate.createPage}]
[Output parameter {page:[basePageUrl:Erebus Payment Web ServicesUrl,versionUrl:,assetName:,version:1.0,applicationCode:12345,content:,assetType:COMPONENT_DESIGN,catalog:JAVA,componentType:], actionTaken:BASE_PAGE_AND_VERSION_CREATED}]
[Entering method {com.topcoder.confluence.webservice.delegate.ConfluenceManagerWebServiceDelegate.retrievePage}]
[Input parameters[{token}:{tokentoken},{pageName}:{Erebus Token Web Services},{version}:{1.0},{assetType}:{COMPONENT_DESIGN},{catalog}:{JAVA},{componentType}:{CUSTOM}]]
[Entering method {com.topcoder.confluence.webservice.bean.ConfluenceManagementServiceBean.retrievePage}]
[Input parameters[{token}:{tokentoken},{pageName}:{Erebus Token Web Services},{version}:{1.0},{assetType}:{COMPONENT_DESIGN},{catalog}:{JAVA},{componentType}:{CUSTOM}]]
[Exiting method {com.topcoder.confluence.webservice.bean.ConfluenceManagementServiceBean.retrievePage}]
[Output parameter {basePageUrl:Erebus Token Web ServicesUrl,versionUrl:,assetName:,version:1.0,applicationCode:,content:,assetType:COMPONENT_DESIGN,catalog:JAVA,componentType:CUSTOM}]
[Exiting method {com.topcoder.confluence.webservice.delegate.ConfluenceManagerWebServiceDelegate.retrievePage}]
[Output parameter {basePageUrl:Erebus Token Web ServicesUrl,versionUrl:,assetName:,version:1.0,applicationCode:,content:,assetType:COMPONENT_DESIGN,catalog:JAVA,componentType:CUSTOM}]
[Entering method {com.topcoder.confluence.webservice.delegate.ConfluenceManagerWebServiceDelegate.logout}]
[Input parameters[{token}:{tokentoken}]]
[Entering method {com.topcoder.confluence.webservice.bean.ConfluenceManagementServiceBean.logout}]
[Input parameters[{token}:{tokentoken}]]
[Exiting method {com.topcoder.confluence.webservice.bean.ConfluenceManagementServiceBean.logout}]
[Exiting method {com.topcoder.confluence.webservice.delegate.ConfluenceManagerWebServiceDelegate.logout}]
[Entering method {com.topcoder.confluence.webservice.delegate.ConfluenceManagerWebServiceDelegate.login}]
[Input parameters[{userName}:{username},{password}:{password}]]
[Entering method {com.topcoder.confluence.webservice.bean.ConfluenceManagementServiceBean.login}]
[Input parameters[{userName}:{username},{password}:{password}]]
[Exiting method {com.topcoder.confluence.webservice.bean.ConfluenceManagementServiceBean.login}]
[Output parameter {tokentoken}]
[Exiting method {com.topcoder.confluence.webservice.delegate.ConfluenceManagerWebServiceDelegate.login}]
[Output parameter {tokentoken}]
[Entering method {com.topcoder.confluence.webservice.delegate.ConfluenceManagerWebServiceDelegate.createPage}]
[Input parameters[{token}:{tokentoken},{pageName}:{Erebus Token Web Services},{version}:{1.0},{assetType}:{COMPONENT_DESIGN},{catalog}:{JAVA},{componentType}:{CUSTOM}]]
[Entering method {com.topcoder.confluence.webservice.bean.ConfluenceManagementServiceBean.createPage}]
[Input parameters[{token}:{tokentoken},{pageName}:{Erebus Token Web Services},{version}:{1.0},{assetType}:{COMPONENT_DESIGN},{catalog}:{JAVA},{componentType}:{CUSTOM}]]
[Exiting method {com.topcoder.confluence.webservice.bean.ConfluenceManagementServiceBean.createPage}]
[Output parameter {page:[basePageUrl:Erebus Token Web ServicesUrl,versionUrl:,assetName:,version:1.0,applicationCode:,content:,assetType:COMPONENT_DESIGN,catalog:JAVA,componentType:CUSTOM], actionTaken:BASE_PAGE_AND_VERSION_CREATED}]
[Exiting method {com.topcoder.confluence.webservice.delegate.ConfluenceManagerWebServiceDelegate.createPage}]
[Output parameter {page:[basePageUrl:Erebus Token Web ServicesUrl,versionUrl:,assetName:,version:1.0,applicationCode:,content:,assetType:COMPONENT_DESIGN,catalog:JAVA,componentType:CUSTOM], actionTaken:BASE_PAGE_AND_VERSION_CREATED}]
[Entering method {com.topcoder.confluence.webservice.delegate.ConfluenceManagerWebServiceDelegate.createPage}]
[Input parameters[{token}:{tokentoken},{pageName}:{Erebus Payment Web Services},{version}:{1.0},{assetType}:{COMPONENT_DESIGN},{catalog}:{JAVA},{applicationCode}:{12345}]]
[Entering method {com.topcoder.confluence.webservice.bean.ConfluenceManagementServiceBean.createPage}]
[Input parameters[{token}:{tokentoken},{pageName}:{Erebus Payment Web Services},{version}:{1.0},{assetType}:{COMPONENT_DESIGN},{catalog}:{JAVA},{applicationCode}:{12345}]]
[Exiting method {com.topcoder.confluence.webservice.bean.ConfluenceManagementServiceBean.createPage}]
[Output parameter {page:[basePageUrl:Erebus Payment Web ServicesUrl,versionUrl:,assetName:,version:1.0,applicationCode:12345,content:,assetType:COMPONENT_DESIGN,catalog:JAVA,componentType:], actionTaken:BASE_PAGE_AND_VERSION_CREATED}]
[Exiting method {com.topcoder.confluence.webservice.delegate.ConfluenceManagerWebServiceDelegate.createPage}]
[Output parameter {page:[basePageUrl:Erebus Payment Web ServicesUrl,versionUrl:,assetName:,version:1.0,applicationCode:12345,content:,assetType:COMPONENT_DESIGN,catalog:JAVA,componentType:], actionTaken:BASE_PAGE_AND_VERSION_CREATED}]
[Entering method {com.topcoder.confluence.webservice.delegate.ConfluenceManagerWebServiceDelegate.retrievePage}]
[Input parameters[{token}:{tokentoken},{pageName}:{Erebus Token Web Services},{version}:{1.0},{assetType}:{COMPONENT_DESIGN},{catalog}:{JAVA},{componentType}:{CUSTOM}]]
[Entering method {com.topcoder.confluence.webservice.bean.ConfluenceManagementServiceBean.retrievePage}]
[Input parameters[{token}:{tokentoken},{pageName}:{Erebus Token Web Services},{version}:{1.0},{assetType}:{COMPONENT_DESIGN},{catalog}:{JAVA},{componentType}:{CUSTOM}]]
[Exiting method {com.topcoder.confluence.webservice.bean.ConfluenceManagementServiceBean.retrievePage}]
[Output parameter {basePageUrl:Erebus Token Web ServicesUrl,versionUrl:,assetName:,version:1.0,applicationCode:,content:,assetType:COMPONENT_DESIGN,catalog:JAVA,componentType:CUSTOM}]
[Exiting method {com.topcoder.confluence.webservice.delegate.ConfluenceManagerWebServiceDelegate.retrievePage}]
[Output parameter {basePageUrl:Erebus Token Web ServicesUrl,versionUrl:,assetName:,version:1.0,applicationCode:,content:,assetType:COMPONENT_DESIGN,catalog:JAVA,componentType:CUSTOM}]
[Entering method {com.topcoder.confluence.webservice.delegate.ConfluenceManagerWebServiceDelegate.logout}]
[Input parameters[{token}:{tokentoken}]]
[Entering method {com.topcoder.confluence.webservice.bean.ConfluenceManagementServiceBean.logout}]
[Input parameters[{token}:{tokentoken}]]
[Exiting method {com.topcoder.confluence.webservice.bean.ConfluenceManagementServiceBean.logout}]
[Exiting method {com.topcoder.confluence.webservice.delegate.ConfluenceManagerWebServiceDelegate.logout}]
[Entering method {com.topcoder.confluence.webservice.delegate.ConfluenceManagerWebServiceDelegate.login}]
[Input parameters[{userName}:{username},{password}:{password}]]
[Entering method {com.topcoder.confluence.webservice.bean.ConfluenceManagementServiceBean.login}]
[Input parameters[{userName}:{username},{password}:{password}]]
[Exiting method {com.topcoder.confluence.webservice.bean.ConfluenceManagementServiceBean.login}]
[Output parameter {tokentoken}]
[Exiting method {com.topcoder.confluence.webservice.delegate.ConfluenceManagerWebServiceDelegate.login}]
[Output parameter {tokentoken}]
[Entering method {com.topcoder.confluence.webservice.delegate.ConfluenceManagerWebServiceDelegate.createPage}]
[Input parameters[{token}:{tokentoken},{pageName}:{Erebus Token Web Services},{version}:{1.0},{assetType}:{COMPONENT_DESIGN},{catalog}:{JAVA},{componentType}:{CUSTOM}]]
[Entering method {com.topcoder.confluence.webservice.bean.ConfluenceManagementServiceBean.createPage}]
[Input parameters[{token}:{tokentoken},{pageName}:{Erebus Token Web Services},{version}:{1.0},{assetType}:{COMPONENT_DESIGN},{catalog}:{JAVA},{componentType}:{CUSTOM}]]
[Exiting method {com.topcoder.confluence.webservice.bean.ConfluenceManagementServiceBean.createPage}]
[Output parameter {page:[basePageUrl:Erebus Token Web ServicesUrl,versionUrl:,assetName:,version:1.0,applicationCode:,content:,assetType:COMPONENT_DESIGN,catalog:JAVA,componentType:CUSTOM], actionTaken:BASE_PAGE_AND_VERSION_CREATED}]
[Exiting method {com.topcoder.confluence.webservice.delegate.ConfluenceManagerWebServiceDelegate.createPage}]
[Output parameter {page:[basePageUrl:Erebus Token Web ServicesUrl,versionUrl:,assetName:,version:1.0,applicationCode:,content:,assetType:COMPONENT_DESIGN,catalog:JAVA,componentType:CUSTOM], actionTaken:BASE_PAGE_AND_VERSION_CREATED}]
[Entering method {com.topcoder.confluence.webservice.delegate.ConfluenceManagerWebServiceDelegate.createPage}]
[Input parameters[{token}:{tokentoken},{pageName}:{Erebus Payment Web Services},{version}:{1.0},{assetType}:{COMPONENT_DESIGN},{catalog}:{JAVA},{applicationCode}:{12345}]]
[Entering method {com.topcoder.confluence.webservice.bean.ConfluenceManagementServiceBean.createPage}]
[Input parameters[{token}:{tokentoken},{pageName}:{Erebus Payment Web Services},{version}:{1.0},{assetType}:{COMPONENT_DESIGN},{catalog}:{JAVA},{applicationCode}:{12345}]]
[Exiting method {com.topcoder.confluence.webservice.bean.ConfluenceManagementServiceBean.createPage}]
[Output parameter {page:[basePageUrl:Erebus Payment Web ServicesUrl,versionUrl:,assetName:,version:1.0,applicationCode:12345,content:,assetType:COMPONENT_DESIGN,catalog:JAVA,componentType:], actionTaken:BASE_PAGE_AND_VERSION_CREATED}]
[Exiting method {com.topcoder.confluence.webservice.delegate.ConfluenceManagerWebServiceDelegate.createPage}]
[Output parameter {page:[basePageUrl:Erebus Payment Web ServicesUrl,versionUrl:,assetName:,version:1.0,applicationCode:12345,content:,assetType:COMPONENT_DESIGN,catalog:JAVA,componentType:], actionTaken:BASE_PAGE_AND_VERSION_CREATED}]
[Entering method {com.topcoder.confluence.webservice.delegate.ConfluenceManagerWebServiceDelegate.retrievePage}]
[Input parameters[{token}:{tokentoken},{pageName}:{Erebus Token Web Services},{version}:{1.0},{assetType}:{COMPONENT_DESIGN},{catalog}:{JAVA},{componentType}:{CUSTOM}]]
[Entering method {com.topcoder.confluence.webservice.bean.ConfluenceManagementServiceBean.retrievePage}]
[Input parameters[{token}:{tokentoken},{pageName}:{Erebus Token Web Services},{version}:{1.0},{assetType}:{COMPONENT_DESIGN},{catalog}:{JAVA},{componentType}:{CUSTOM}]]
[Exiting method {com.topcoder.confluence.webservice.bean.ConfluenceManagementServiceBean.retrievePage}]
[Output parameter {basePageUrl:Erebus Token Web ServicesUrl,versionUrl:,assetName:,version:1.0,applicationCode:,content:,assetType:COMPONENT_DESIGN,catalog:JAVA,componentType:CUSTOM}]
[Exiting method {com.topcoder.confluence.webservice.delegate.ConfluenceManagerWebServiceDelegate.retrievePage}]
[Output parameter {basePageUrl:Erebus Token Web ServicesUrl,versionUrl:,assetName:,version:1.0,applicationCode:,content:,assetType:COMPONENT_DESIGN,catalog:JAVA,componentType:CUSTOM}]
[Entering method {com.topcoder.confluence.webservice.delegate.ConfluenceManagerWebServiceDelegate.logout}]
[Input parameters[{token}:{tokentoken}]]
[Entering method {com.topcoder.confluence.webservice.bean.ConfluenceManagementServiceBean.logout}]
[Input parameters[{token}:{tokentoken}]]
[Exiting method {com.topcoder.confluence.webservice.bean.ConfluenceManagementServiceBean.logout}]
[Exiting method {com.topcoder.confluence.webservice.delegate.ConfluenceManagerWebServiceDelegate.logout}]
[Entering method {com.topcoder.confluence.webservice.delegate.ConfluenceManagerWebServiceDelegate.login}]
[Input parameters[{userName}:{username},{password}:{password}]]
[Entering method {com.topcoder.confluence.webservice.bean.ConfluenceManagementServiceBean.login}]
[Input parameters[{userName}:{username},{password}:{password}]]
[Exiting method {com.topcoder.confluence.webservice.bean.ConfluenceManagementServiceBean.login}]
[Output parameter {tokentoken}]
[Exiting method {com.topcoder.confluence.webservice.delegate.ConfluenceManagerWebServiceDelegate.login}]
[Output parameter {tokentoken}]
[Entering method {com.topcoder.confluence.webservice.delegate.ConfluenceManagerWebServiceDelegate.createPage}]
[Input parameters[{token}:{tokentoken},{pageName}:{Erebus Token Web Services},{version}:{1.0},{assetType}:{COMPONENT_DESIGN},{catalog}:{JAVA},{componentType}:{CUSTOM}]]
[Entering method {com.topcoder.confluence.webservice.bean.ConfluenceManagementServiceBean.createPage}]
[Input parameters[{token}:{tokentoken},{pageName}:{Erebus Token Web Services},{version}:{1.0},{assetType}:{COMPONENT_DESIGN},{catalog}:{JAVA},{componentType}:{CUSTOM}]]
[Exiting method {com.topcoder.confluence.webservice.bean.ConfluenceManagementServiceBean.createPage}]
[Output parameter {page:[basePageUrl:Erebus Token Web ServicesUrl,versionUrl:,assetName:,version:1.0,applicationCode:,content:,assetType:COMPONENT_DESIGN,catalog:JAVA,componentType:CUSTOM], actionTaken:BASE_PAGE_AND_VERSION_CREATED}]
[Exiting method {com.topcoder.confluence.webservice.delegate.ConfluenceManagerWebServiceDelegate.createPage}]
[Output parameter {page:[basePageUrl:Erebus Token Web ServicesUrl,versionUrl:,assetName:,version:1.0,applicationCode:,content:,assetType:COMPONENT_DESIGN,catalog:JAVA,componentType:CUSTOM], actionTaken:BASE_PAGE_AND_VERSION_CREATED}]
[Entering method {com.topcoder.confluence.webservice.delegate.ConfluenceManagerWebServiceDelegate.createPage}]
[Input parameters[{token}:{tokentoken},{pageName}:{Erebus Payment Web Services},{version}:{1.0},{assetType}:{COMPONENT_DESIGN},{catalog}:{JAVA},{applicationCode}:{12345}]]
[Entering method {com.topcoder.confluence.webservice.bean.ConfluenceManagementServiceBean.createPage}]
[Input parameters[{token}:{tokentoken},{pageName}:{Erebus Payment Web Services},{version}:{1.0},{assetType}:{COMPONENT_DESIGN},{catalog}:{JAVA},{applicationCode}:{12345}]]
[Exiting method {com.topcoder.confluence.webservice.bean.ConfluenceManagementServiceBean.createPage}]
[Output parameter {page:[basePageUrl:Erebus Payment Web ServicesUrl,versionUrl:,assetName:,version:1.0,applicationCode:12345,content:,assetType:COMPONENT_DESIGN,catalog:JAVA,componentType:], actionTaken:BASE_PAGE_AND_VERSION_CREATED}]
[Exiting method {com.topcoder.confluence.webservice.delegate.ConfluenceManagerWebServiceDelegate.createPage}]
[Output parameter {page:[basePageUrl:Erebus Payment Web ServicesUrl,versionUrl:,assetName:,version:1.0,applicationCode:12345,content:,assetType:COMPONENT_DESIGN,catalog:JAVA,componentType:], actionTaken:BASE_PAGE_AND_VERSION_CREATED}]
[Entering method {com.topcoder.confluence.webservice.delegate.ConfluenceManagerWebServiceDelegate.retrievePage}]
[Input parameters[{token}:{tokentoken},{pageName}:{Erebus Token Web Services},{version}:{1.0},{assetType}:{COMPONENT_DESIGN},{catalog}:{JAVA},{componentType}:{CUSTOM}]]
[Entering method {com.topcoder.confluence.webservice.bean.ConfluenceManagementServiceBean.retrievePage}]
[Input parameters[{token}:{tokentoken},{pageName}:{Erebus Token Web Services},{version}:{1.0},{assetType}:{COMPONENT_DESIGN},{catalog}:{JAVA},{componentType}:{CUSTOM}]]
[Exiting method {com.topcoder.confluence.webservice.bean.ConfluenceManagementServiceBean.retrievePage}]
[Output parameter {basePageUrl:Erebus Token Web ServicesUrl,versionUrl:,assetName:,version:1.0,applicationCode:,content:,assetType:COMPONENT_DESIGN,catalog:JAVA,componentType:CUSTOM}]
[Exiting method {com.topcoder.confluence.webservice.delegate.ConfluenceManagerWebServiceDelegate.retrievePage}]
[Output parameter {basePageUrl:Erebus Token Web ServicesUrl,versionUrl:,assetName:,version:1.0,applicationCode:,content:,assetType:COMPONENT_DESIGN,catalog:JAVA,componentType:CUSTOM}]
[Entering method {com.topcoder.confluence.webservice.delegate.ConfluenceManagerWebServiceDelegate.logout}]
[Input parameters[{token}:{tokentoken}]]
[Entering method {com.topcoder.confluence.webservice.bean.ConfluenceManagementServiceBean.logout}]
[Input parameters[{token}:{tokentoken}]]
[Exiting method {com.topcoder.confluence.webservice.bean.ConfluenceManagementServiceBean.logout}]
[Exiting method {com.topcoder.confluence.webservice.delegate.ConfluenceManagerWebServiceDelegate.logout}]
[Entering method {com.topcoder.confluence.webservice.delegate.ConfluenceManagerWebServiceDelegate.login}]
[Input parameters[{userName}:{username},{password}:{password}]]
[Entering method {com.topcoder.confluence.webservice.bean.ConfluenceManagementServiceBean.login}]
[Input parameters[{userName}:{username},{password}:{password}]]
[Exiting method {com.topcoder.confluence.webservice.bean.ConfluenceManagementServiceBean.login}]
[Output parameter {tokentoken}]
[Exiting method {com.topcoder.confluence.webservice.delegate.ConfluenceManagerWebServiceDelegate.login}]
[Output parameter {tokentoken}]
[Entering method {com.topcoder.confluence.webservice.delegate.ConfluenceManagerWebServiceDelegate.createPage}]
[Input parameters[{token}:{tokentoken},{pageName}:{Erebus Token Web Services},{version}:{1.0},{assetType}:{COMPONENT_DESIGN},{catalog}:{JAVA},{componentType}:{CUSTOM}]]
[Entering method {com.topcoder.confluence.webservice.bean.ConfluenceManagementServiceBean.createPage}]
[Input parameters[{token}:{tokentoken},{pageName}:{Erebus Token Web Services},{version}:{1.0},{assetType}:{COMPONENT_DESIGN},{catalog}:{JAVA},{componentType}:{CUSTOM}]]
[Exiting method {com.topcoder.confluence.webservice.bean.ConfluenceManagementServiceBean.createPage}]
[Output parameter {page:[basePageUrl:Erebus Token Web ServicesUrl,versionUrl:,assetName:,version:1.0,applicationCode:,content:,assetType:COMPONENT_DESIGN,catalog:JAVA,componentType:CUSTOM], actionTaken:BASE_PAGE_AND_VERSION_CREATED}]
[Exiting method {com.topcoder.confluence.webservice.delegate.ConfluenceManagerWebServiceDelegate.createPage}]
[Output parameter {page:[basePageUrl:Erebus Token Web ServicesUrl,versionUrl:,assetName:,version:1.0,applicationCode:,content:,assetType:COMPONENT_DESIGN,catalog:JAVA,componentType:CUSTOM], actionTaken:BASE_PAGE_AND_VERSION_CREATED}]
[Entering method {com.topcoder.confluence.webservice.delegate.ConfluenceManagerWebServiceDelegate.createPage}]
[Input parameters[{token}:{tokentoken},{pageName}:{Erebus Payment Web Services},{version}:{1.0},{assetType}:{COMPONENT_DESIGN},{catalog}:{JAVA},{applicationCode}:{12345}]]
[Entering method {com.topcoder.confluence.webservice.bean.ConfluenceManagementServiceBean.createPage}]
[Input parameters[{token}:{tokentoken},{pageName}:{Erebus Payment Web Services},{version}:{1.0},{assetType}:{COMPONENT_DESIGN},{catalog}:{JAVA},{applicationCode}:{12345}]]
[Exiting method {com.topcoder.confluence.webservice.bean.ConfluenceManagementServiceBean.createPage}]
[Output parameter {page:[basePageUrl:Erebus Payment Web ServicesUrl,versionUrl:,assetName:,version:1.0,applicationCode:12345,content:,assetType:COMPONENT_DESIGN,catalog:JAVA,componentType:], actionTaken:BASE_PAGE_AND_VERSION_CREATED}]
[Exiting method {com.topcoder.confluence.webservice.delegate.ConfluenceManagerWebServiceDelegate.createPage}]
[Output parameter {page:[basePageUrl:Erebus Payment Web ServicesUrl,versionUrl:,assetName:,version:1.0,applicationCode:12345,content:,assetType:COMPONENT_DESIGN,catalog:JAVA,componentType:], actionTaken:BASE_PAGE_AND_VERSION_CREATED}]
[Entering method {com.topcoder.confluence.webservice.delegate.ConfluenceManagerWebServiceDelegate.retrievePage}]
[Input parameters[{token}:{tokentoken},{pageName}:{Erebus Token Web Services},{version}:{1.0},{assetType}:{COMPONENT_DESIGN},{catalog}:{JAVA},{componentType}:{CUSTOM}]]
[Entering method {com.topcoder.confluence.webservice.bean.ConfluenceManagementServiceBean.retrievePage}]
[Input parameters[{token}:{tokentoken},{pageName}:{Erebus Token Web Services},{version}:{1.0},{assetType}:{COMPONENT_DESIGN},{catalog}:{JAVA},{componentType}:{CUSTOM}]]
[Exiting method {com.topcoder.confluence.webservice.bean.ConfluenceManagementServiceBean.retrievePage}]
[Output parameter {basePageUrl:Erebus Token Web ServicesUrl,versionUrl:,assetName:,version:1.0,applicationCode:,content:,assetType:COMPONENT_DESIGN,catalog:JAVA,componentType:CUSTOM}]
[Exiting method {com.topcoder.confluence.webservice.delegate.ConfluenceManagerWebServiceDelegate.retrievePage}]
[Output parameter {basePageUrl:Erebus Token Web ServicesUrl,versionUrl:,assetName:,version:1.0,applicationCode:,content:,assetType:COMPONENT_DESIGN,catalog:JAVA,componentType:CUSTOM}]
[Entering method {com.topcoder.confluence.webservice.delegate.ConfluenceManagerWebServiceDelegate.logout}]
[Input parameters[{token}:{tokentoken}]]
[Entering method {com.topcoder.confluence.webservice.bean.ConfluenceManagementServiceBean.logout}]
[Input parameters[{token}:{tokentoken}]]
[Exiting method {com.topcoder.confluence.webservice.bean.ConfluenceManagementServiceBean.logout}]
[Exiting method {com.topcoder.confluence.webservice.delegate.ConfluenceManagerWebServiceDelegate.logout}]
[Entering method {com.topcoder.confluence.webservice.delegate.ConfluenceManagerWebServiceDelegate.login}]
[Input parameters[{userName}:{username},{password}:{password}]]
[Entering method {com.topcoder.confluence.webservice.bean.ConfluenceManagementServiceBean.login}]
[Input parameters[{userName}:{username},{password}:{password}]]
[Exiting method {com.topcoder.confluence.webservice.bean.ConfluenceManagementServiceBean.login}]
[Output parameter {tokentoken}]
[Exiting method {com.topcoder.confluence.webservice.delegate.ConfluenceManagerWebServiceDelegate.login}]
[Output parameter {tokentoken}]
[Entering method {com.topcoder.confluence.webservice.delegate.ConfluenceManagerWebServiceDelegate.createPage}]
[Input parameters[{token}:{tokentoken},{pageName}:{Erebus Token Web Services},{version}:{1.0},{assetType}:{COMPONENT_DESIGN},{catalog}:{JAVA},{componentType}:{CUSTOM}]]
[Entering method {com.topcoder.confluence.webservice.bean.ConfluenceManagementServiceBean.createPage}]
[Input parameters[{token}:{tokentoken},{pageName}:{Erebus Token Web Services},{version}:{1.0},{assetType}:{COMPONENT_DESIGN},{catalog}:{JAVA},{componentType}:{CUSTOM}]]
[Exiting method {com.topcoder.confluence.webservice.bean.ConfluenceManagementServiceBean.createPage}]
[Output parameter {page:[basePageUrl:Erebus Token Web ServicesUrl,versionUrl:,assetName:,version:1.0,applicationCode:,content:,assetType:COMPONENT_DESIGN,catalog:JAVA,componentType:CUSTOM], actionTaken:BASE_PAGE_AND_VERSION_CREATED}]
[Exiting method {com.topcoder.confluence.webservice.delegate.ConfluenceManagerWebServiceDelegate.createPage}]
[Output parameter {page:[basePageUrl:Erebus Token Web ServicesUrl,versionUrl:,assetName:,version:1.0,applicationCode:,content:,assetType:COMPONENT_DESIGN,catalog:JAVA,componentType:CUSTOM], actionTaken:BASE_PAGE_AND_VERSION_CREATED}]
[Entering method {com.topcoder.confluence.webservice.delegate.ConfluenceManagerWebServiceDelegate.createPage}]
[Input parameters[{token}:{tokentoken},{pageName}:{Erebus Payment Web Services},{version}:{1.0},{assetType}:{COMPONENT_DESIGN},{catalog}:{JAVA},{applicationCode}:{12345}]]
[Entering method {com.topcoder.confluence.webservice.bean.ConfluenceManagementServiceBean.createPage}]
[Input parameters[{token}:{tokentoken},{pageName}:{Erebus Payment Web Services},{version}:{1.0},{assetType}:{COMPONENT_DESIGN},{catalog}:{JAVA},{applicationCode}:{12345}]]
[Exiting method {com.topcoder.confluence.webservice.bean.ConfluenceManagementServiceBean.createPage}]
[Output parameter {page:[basePageUrl:Erebus Payment Web ServicesUrl,versionUrl:,assetName:,version:1.0,applicationCode:12345,content:,assetType:COMPONENT_DESIGN,catalog:JAVA,componentType:], actionTaken:BASE_PAGE_AND_VERSION_CREATED}]
[Exiting method {com.topcoder.confluence.webservice.delegate.ConfluenceManagerWebServiceDelegate.createPage}]
[Output parameter {page:[basePageUrl:Erebus Payment Web ServicesUrl,versionUrl:,assetName:,version:1.0,applicationCode:12345,content:,assetType:COMPONENT_DESIGN,catalog:JAVA,componentType:], actionTaken:BASE_PAGE_AND_VERSION_CREATED}]
[Entering method {com.topcoder.confluence.webservice.delegate.ConfluenceManagerWebServiceDelegate.retrievePage}]
[Input parameters[{token}:{tokentoken},{pageName}:{Erebus Token Web Services},{version}:{1.0},{assetType}:{COMPONENT_DESIGN},{catalog}:{JAVA},{componentType}:{CUSTOM}]]
[Entering method {com.topcoder.confluence.webservice.bean.ConfluenceManagementServiceBean.retrievePage}]
[Input parameters[{token}:{tokentoken},{pageName}:{Erebus Token Web Services},{version}:{1.0},{assetType}:{COMPONENT_DESIGN},{catalog}:{JAVA},{componentType}:{CUSTOM}]]
[Exiting method {com.topcoder.confluence.webservice.bean.ConfluenceManagementServiceBean.retrievePage}]
[Output parameter {basePageUrl:Erebus Token Web ServicesUrl,versionUrl:,assetName:,version:1.0,applicationCode:,content:,assetType:COMPONENT_DESIGN,catalog:JAVA,componentType:CUSTOM}]
[Exiting method {com.topcoder.confluence.webservice.delegate.ConfluenceManagerWebServiceDelegate.retrievePage}]
[Output parameter {basePageUrl:Erebus Token Web ServicesUrl,versionUrl:,assetName:,version:1.0,applicationCode:,content:,assetType:COMPONENT_DESIGN,catalog:JAVA,componentType:CUSTOM}]
[Entering method {com.topcoder.confluence.webservice.delegate.ConfluenceManagerWebServiceDelegate.logout}]
[Input parameters[{token}:{tokentoken}]]
[Entering method {com.topcoder.confluence.webservice.bean.ConfluenceManagementServiceBean.logout}]
[Input parameters[{token}:{tokentoken}]]
[Exiting method {com.topcoder.confluence.webservice.bean.ConfluenceManagementServiceBean.logout}]
[Exiting method {com.topcoder.confluence.webservice.delegate.ConfluenceManagerWebServiceDelegate.logout}]
[Entering method {com.topcoder.confluence.webservice.delegate.ConfluenceManagerWebServiceDelegate.login}]
[Input parameters[{userName}:{username},{password}:{password}]]
[Entering method {com.topcoder.confluence.webservice.bean.ConfluenceManagementServiceBean.login}]
[Input parameters[{userName}:{username},{password}:{password}]]
[Exiting method {com.topcoder.confluence.webservice.bean.ConfluenceManagementServiceBean.login}]
[Output parameter {tokentoken}]
[Exiting method {com.topcoder.confluence.webservice.delegate.ConfluenceManagerWebServiceDelegate.login}]
[Output parameter {tokentoken}]
[Entering method {com.topcoder.confluence.webservice.delegate.ConfluenceManagerWebServiceDelegate.createPage}]
[Input parameters[{token}:{tokentoken},{pageName}:{Erebus Token Web Services},{version}:{1.0},{assetType}:{COMPONENT_DESIGN},{catalog}:{JAVA},{componentType}:{CUSTOM}]]
[Entering method {com.topcoder.confluence.webservice.bean.ConfluenceManagementServiceBean.createPage}]
[Input parameters[{token}:{tokentoken},{pageName}:{Erebus Token Web Services},{version}:{1.0},{assetType}:{COMPONENT_DESIGN},{catalog}:{JAVA},{componentType}:{CUSTOM}]]
[Exiting method {com.topcoder.confluence.webservice.bean.ConfluenceManagementServiceBean.createPage}]
[Output parameter {page:[basePageUrl:Erebus Token Web ServicesUrl,versionUrl:,assetName:,version:1.0,applicationCode:,content:,assetType:COMPONENT_DESIGN,catalog:JAVA,componentType:CUSTOM], actionTaken:BASE_PAGE_AND_VERSION_CREATED}]
[Exiting method {com.topcoder.confluence.webservice.delegate.ConfluenceManagerWebServiceDelegate.createPage}]
[Output parameter {page:[basePageUrl:Erebus Token Web ServicesUrl,versionUrl:,assetName:,version:1.0,applicationCode:,content:,assetType:COMPONENT_DESIGN,catalog:JAVA,componentType:CUSTOM], actionTaken:BASE_PAGE_AND_VERSION_CREATED}]
[Entering method {com.topcoder.confluence.webservice.delegate.ConfluenceManagerWebServiceDelegate.createPage}]
[Input parameters[{token}:{tokentoken},{pageName}:{Erebus Payment Web Services},{version}:{1.0},{assetType}:{COMPONENT_DESIGN},{catalog}:{JAVA},{applicationCode}:{12345}]]
[Entering method {com.topcoder.confluence.webservice.bean.ConfluenceManagementServiceBean.createPage}]
[Input parameters[{token}:{tokentoken},{pageName}:{Erebus Payment Web Services},{version}:{1.0},{assetType}:{COMPONENT_DESIGN},{catalog}:{JAVA},{applicationCode}:{12345}]]
[Exiting method {com.topcoder.confluence.webservice.bean.ConfluenceManagementServiceBean.createPage}]
[Output parameter {page:[basePageUrl:Erebus Payment Web ServicesUrl,versionUrl:,assetName:,version:1.0,applicationCode:12345,content:,assetType:COMPONENT_DESIGN,catalog:JAVA,componentType:], actionTaken:BASE_PAGE_AND_VERSION_CREATED}]
[Exiting method {com.topcoder.confluence.webservice.delegate.ConfluenceManagerWebServiceDelegate.createPage}]
[Output parameter {page:[basePageUrl:Erebus Payment Web ServicesUrl,versionUrl:,assetName:,version:1.0,applicationCode:12345,content:,assetType:COMPONENT_DESIGN,catalog:JAVA,componentType:], actionTaken:BASE_PAGE_AND_VERSION_CREATED}]
[Entering method {com.topcoder.confluence.webservice.delegate.ConfluenceManagerWebServiceDelegate.retrievePage}]
[Input parameters[{token}:{tokentoken},{pageName}:{Erebus Token Web Services},{version}:{1.0},{assetType}:{COMPONENT_DESIGN},{catalog}:{JAVA},{componentType}:{CUSTOM}]]
[Entering method {com.topcoder.confluence.webservice.bean.ConfluenceManagementServiceBean.retrievePage}]
[Input parameters[{token}:{tokentoken},{pageName}:{Erebus Token Web Services},{version}:{1.0},{assetType}:{COMPONENT_DESIGN},{catalog}:{JAVA},{componentType}:{CUSTOM}]]
[Exiting method {com.topcoder.confluence.webservice.bean.ConfluenceManagementServiceBean.retrievePage}]
[Output parameter {basePageUrl:Erebus Token Web ServicesUrl,versionUrl:,assetName:,version:1.0,applicationCode:,content:,assetType:COMPONENT_DESIGN,catalog:JAVA,componentType:CUSTOM}]
[Exiting method {com.topcoder.confluence.webservice.delegate.ConfluenceManagerWebServiceDelegate.retrievePage}]
[Output parameter {basePageUrl:Erebus Token Web ServicesUrl,versionUrl:,assetName:,version:1.0,applicationCode:,content:,assetType:COMPONENT_DESIGN,catalog:JAVA,componentType:CUSTOM}]
[Entering method {com.topcoder.confluence.webservice.delegate.ConfluenceManagerWebServiceDelegate.logout}]
[Input parameters[{token}:{tokentoken}]]
[Entering method {com.topcoder.confluence.webservice.bean.ConfluenceManagementServiceBean.logout}]
[Input parameters[{token}:{tokentoken}]]
[Exiting method {com.topcoder.confluence.webservice.bean.ConfluenceManagementServiceBean.logout}]
[Exiting method {com.topcoder.confluence.webservice.delegate.ConfluenceManagerWebServiceDelegate.logout}]
[Entering method {com.topcoder.confluence.webservice.delegate.ConfluenceManagerWebServiceDelegate.login}]
[Input parameters[{userName}:{username},{password}:{password}]]
[Entering method {com.topcoder.confluence.webservice.bean.ConfluenceManagementServiceBean.login}]
[Input parameters[{userName}:{username},{password}:{password}]]
[Exiting method {com.topcoder.confluence.webservice.bean.ConfluenceManagementServiceBean.login}]
[Output parameter {tokentoken}]
[Exiting method {com.topcoder.confluence.webservice.delegate.ConfluenceManagerWebServiceDelegate.login}]
[Output parameter {tokentoken}]
[Entering method {com.topcoder.confluence.webservice.delegate.ConfluenceManagerWebServiceDelegate.createPage}]
[Input parameters[{token}:{tokentoken},{pageName}:{Erebus Token Web Services},{version}:{1.0},{assetType}:{COMPONENT_DESIGN},{catalog}:{JAVA},{componentType}:{CUSTOM}]]
[Entering method {com.topcoder.confluence.webservice.bean.ConfluenceManagementServiceBean.createPage}]
[Input parameters[{token}:{tokentoken},{pageName}:{Erebus Token Web Services},{version}:{1.0},{assetType}:{COMPONENT_DESIGN},{catalog}:{JAVA},{componentType}:{CUSTOM}]]
[Exiting method {com.topcoder.confluence.webservice.bean.ConfluenceManagementServiceBean.createPage}]
[Output parameter {page:[basePageUrl:Erebus Token Web ServicesUrl,versionUrl:,assetName:,version:1.0,applicationCode:,content:,assetType:COMPONENT_DESIGN,catalog:JAVA,componentType:CUSTOM], actionTaken:BASE_PAGE_AND_VERSION_CREATED}]
[Exiting method {com.topcoder.confluence.webservice.delegate.ConfluenceManagerWebServiceDelegate.createPage}]
[Output parameter {page:[basePageUrl:Erebus Token Web ServicesUrl,versionUrl:,assetName:,version:1.0,applicationCode:,content:,assetType:COMPONENT_DESIGN,catalog:JAVA,componentType:CUSTOM], actionTaken:BASE_PAGE_AND_VERSION_CREATED}]
[Entering method {com.topcoder.confluence.webservice.delegate.ConfluenceManagerWebServiceDelegate.createPage}]
[Input parameters[{token}:{tokentoken},{pageName}:{Erebus Payment Web Services},{version}:{1.0},{assetType}:{COMPONENT_DESIGN},{catalog}:{JAVA},{applicationCode}:{12345}]]
[Entering method {com.topcoder.confluence.webservice.bean.ConfluenceManagementServiceBean.createPage}]
[Input parameters[{token}:{tokentoken},{pageName}:{Erebus Payment Web Services},{version}:{1.0},{assetType}:{COMPONENT_DESIGN},{catalog}:{JAVA},{applicationCode}:{12345}]]
[Exiting method {com.topcoder.confluence.webservice.bean.ConfluenceManagementServiceBean.createPage}]
[Output parameter {page:[basePageUrl:Erebus Payment Web ServicesUrl,versionUrl:,assetName:,version:1.0,applicationCode:12345,content:,assetType:COMPONENT_DESIGN,catalog:JAVA,componentType:], actionTaken:BASE_PAGE_AND_VERSION_CREATED}]
[Exiting method {com.topcoder.confluence.webservice.delegate.ConfluenceManagerWebServiceDelegate.createPage}]
[Output parameter {page:[basePageUrl:Erebus Payment Web ServicesUrl,versionUrl:,assetName:,version:1.0,applicationCode:12345,content:,assetType:COMPONENT_DESIGN,catalog:JAVA,componentType:], actionTaken:BASE_PAGE_AND_VERSION_CREATED}]
[Entering method {com.topcoder.confluence.webservice.delegate.ConfluenceManagerWebServiceDelegate.retrievePage}]
[Input parameters[{token}:{tokentoken},{pageName}:{Erebus Token Web Services},{version}:{1.0},{assetType}:{COMPONENT_DESIGN},{catalog}:{JAVA},{componentType}:{CUSTOM}]]
[Entering method {com.topcoder.confluence.webservice.bean.ConfluenceManagementServiceBean.retrievePage}]
[Input parameters[{token}:{tokentoken},{pageName}:{Erebus Token Web Services},{version}:{1.0},{assetType}:{COMPONENT_DESIGN},{catalog}:{JAVA},{componentType}:{CUSTOM}]]
[Exiting method {com.topcoder.confluence.webservice.bean.ConfluenceManagementServiceBean.retrievePage}]
[Output parameter {basePageUrl:Erebus Token Web ServicesUrl,versionUrl:,assetName:,version:1.0,applicationCode:,content:,assetType:COMPONENT_DESIGN,catalog:JAVA,componentType:CUSTOM}]
[Exiting method {com.topcoder.confluence.webservice.delegate.ConfluenceManagerWebServiceDelegate.retrievePage}]
[Output parameter {basePageUrl:Erebus Token Web ServicesUrl,versionUrl:,assetName:,version:1.0,applicationCode:,content:,assetType:COMPONENT_DESIGN,catalog:JAVA,componentType:CUSTOM}]
[Entering method {com.topcoder.confluence.webservice.delegate.ConfluenceManagerWebServiceDelegate.logout}]
[Input parameters[{token}:{tokentoken}]]
[Entering method {com.topcoder.confluence.webservice.bean.ConfluenceManagementServiceBean.logout}]
[Input parameters[{token}:{tokentoken}]]
[Exiting method {com.topcoder.confluence.webservice.bean.ConfluenceManagementServiceBean.logout}]
[Exiting method {com.topcoder.confluence.webservice.delegate.ConfluenceManagerWebServiceDelegate.logout}]
[Entering method {com.topcoder.confluence.webservice.delegate.ConfluenceManagerWebServiceDelegate.login}]
[Input parameters[{userName}:{username},{password}:{password}]]
[Entering method {com.topcoder.confluence.webservice.bean.ConfluenceManagementServiceBean.login}]
[Input parameters[{userName}:{username},{password}:{password}]]
[Exiting method {com.topcoder.confluence.webservice.bean.ConfluenceManagementServiceBean.login}]
[Output parameter {tokentoken}]
[Exiting method {com.topcoder.confluence.webservice.delegate.ConfluenceManagerWebServiceDelegate.login}]
[Output parameter {tokentoken}]
[Entering method {com.topcoder.confluence.webservice.delegate.ConfluenceManagerWebServiceDelegate.createPage}]
[Input parameters[{token}:{tokentoken},{pageName}:{Erebus Token Web Services},{version}:{1.0},{assetType}:{COMPONENT_DESIGN},{catalog}:{JAVA},{componentType}:{CUSTOM}]]
[Entering method {com.topcoder.confluence.webservice.bean.ConfluenceManagementServiceBean.createPage}]
[Input parameters[{token}:{tokentoken},{pageName}:{Erebus Token Web Services},{version}:{1.0},{assetType}:{COMPONENT_DESIGN},{catalog}:{JAVA},{componentType}:{CUSTOM}]]
[Exiting method {com.topcoder.confluence.webservice.bean.ConfluenceManagementServiceBean.createPage}]
[Output parameter {page:[basePageUrl:Erebus Token Web ServicesUrl,versionUrl:,assetName:,version:1.0,applicationCode:,content:,assetType:COMPONENT_DESIGN,catalog:JAVA,componentType:CUSTOM], actionTaken:BASE_PAGE_AND_VERSION_CREATED}]
[Exiting method {com.topcoder.confluence.webservice.delegate.ConfluenceManagerWebServiceDelegate.createPage}]
[Output parameter {page:[basePageUrl:Erebus Token Web ServicesUrl,versionUrl:,assetName:,version:1.0,applicationCode:,content:,assetType:COMPONENT_DESIGN,catalog:JAVA,componentType:CUSTOM], actionTaken:BASE_PAGE_AND_VERSION_CREATED}]
[Entering method {com.topcoder.confluence.webservice.delegate.ConfluenceManagerWebServiceDelegate.createPage}]
[Input parameters[{token}:{tokentoken},{pageName}:{Erebus Payment Web Services},{version}:{1.0},{assetType}:{COMPONENT_DESIGN},{catalog}:{JAVA},{applicationCode}:{12345}]]
[Entering method {com.topcoder.confluence.webservice.bean.ConfluenceManagementServiceBean.createPage}]
[Input parameters[{token}:{tokentoken},{pageName}:{Erebus Payment Web Services},{version}:{1.0},{assetType}:{COMPONENT_DESIGN},{catalog}:{JAVA},{applicationCode}:{12345}]]
[Exiting method {com.topcoder.confluence.webservice.bean.ConfluenceManagementServiceBean.createPage}]
[Output parameter {page:[basePageUrl:Erebus Payment Web ServicesUrl,versionUrl:,assetName:,version:1.0,applicationCode:12345,content:,assetType:COMPONENT_DESIGN,catalog:JAVA,componentType:], actionTaken:BASE_PAGE_AND_VERSION_CREATED}]
[Exiting method {com.topcoder.confluence.webservice.delegate.ConfluenceManagerWebServiceDelegate.createPage}]
[Output parameter {page:[basePageUrl:Erebus Payment Web ServicesUrl,versionUrl:,assetName:,version:1.0,applicationCode:12345,content:,assetType:COMPONENT_DESIGN,catalog:JAVA,componentType:], actionTaken:BASE_PAGE_AND_VERSION_CREATED}]
[Entering method {com.topcoder.confluence.webservice.delegate.ConfluenceManagerWebServiceDelegate.retrievePage}]
[Input parameters[{token}:{tokentoken},{pageName}:{Erebus Token Web Services},{version}:{1.0},{assetType}:{COMPONENT_DESIGN},{catalog}:{JAVA},{componentType}:{CUSTOM}]]
[Entering method {com.topcoder.confluence.webservice.bean.ConfluenceManagementServiceBean.retrievePage}]
[Input parameters[{token}:{tokentoken},{pageName}:{Erebus Token Web Services},{version}:{1.0},{assetType}:{COMPONENT_DESIGN},{catalog}:{JAVA},{componentType}:{CUSTOM}]]
[Exiting method {com.topcoder.confluence.webservice.bean.ConfluenceManagementServiceBean.retrievePage}]
[Output parameter {basePageUrl:Erebus Token Web ServicesUrl,versionUrl:,assetName:,version:1.0,applicationCode:,content:,assetType:COMPONENT_DESIGN,catalog:JAVA,componentType:CUSTOM}]
[Exiting method {com.topcoder.confluence.webservice.delegate.ConfluenceManagerWebServiceDelegate.retrievePage}]
[Output parameter {basePageUrl:Erebus Token Web ServicesUrl,versionUrl:,assetName:,version:1.0,applicationCode:,content:,assetType:COMPONENT_DESIGN,catalog:JAVA,componentType:CUSTOM}]
[Entering method {com.topcoder.confluence.webservice.delegate.ConfluenceManagerWebServiceDelegate.logout}]
[Input parameters[{token}:{tokentoken}]]
[Entering method {com.topcoder.confluence.webservice.bean.ConfluenceManagementServiceBean.logout}]
[Input parameters[{token}:{tokentoken}]]
[Exiting method {com.topcoder.confluence.webservice.bean.ConfluenceManagementServiceBean.logout}]
[Exiting method {com.topcoder.confluence.webservice.delegate.ConfluenceManagerWebServiceDelegate.logout}]
[Entering method {com.topcoder.confluence.webservice.delegate.ConfluenceManagerWebServiceDelegate.login}]
[Input parameters[{userName}:{username},{password}:{password}]]
[Entering method {com.topcoder.confluence.webservice.bean.ConfluenceManagementServiceBean.login}]
[Input parameters[{userName}:{username},{password}:{password}]]
[Exiting method {com.topcoder.confluence.webservice.bean.ConfluenceManagementServiceBean.login}]
[Output parameter {tokentoken}]
[Exiting method {com.topcoder.confluence.webservice.delegate.ConfluenceManagerWebServiceDelegate.login}]
[Output parameter {tokentoken}]
[Entering method {com.topcoder.confluence.webservice.delegate.ConfluenceManagerWebServiceDelegate.createPage}]
[Input parameters[{token}:{tokentoken},{pageName}:{Erebus Token Web Services},{version}:{1.0},{assetType}:{COMPONENT_DESIGN},{catalog}:{JAVA},{componentType}:{CUSTOM}]]
[Entering method {com.topcoder.confluence.webservice.bean.ConfluenceManagementServiceBean.createPage}]
[Input parameters[{token}:{tokentoken},{pageName}:{Erebus Token Web Services},{version}:{1.0},{assetType}:{COMPONENT_DESIGN},{catalog}:{JAVA},{componentType}:{CUSTOM}]]
[Exiting method {com.topcoder.confluence.webservice.bean.ConfluenceManagementServiceBean.createPage}]
[Output parameter {page:[basePageUrl:Erebus Token Web ServicesUrl,versionUrl:,assetName:,version:1.0,applicationCode:,content:,assetType:COMPONENT_DESIGN,catalog:JAVA,componentType:CUSTOM], actionTaken:BASE_PAGE_AND_VERSION_CREATED}]
[Exiting method {com.topcoder.confluence.webservice.delegate.ConfluenceManagerWebServiceDelegate.createPage}]
[Output parameter {page:[basePageUrl:Erebus Token Web ServicesUrl,versionUrl:,assetName:,version:1.0,applicationCode:,content:,assetType:COMPONENT_DESIGN,catalog:JAVA,componentType:CUSTOM], actionTaken:BASE_PAGE_AND_VERSION_CREATED}]
[Entering method {com.topcoder.confluence.webservice.delegate.ConfluenceManagerWebServiceDelegate.createPage}]
[Input parameters[{token}:{tokentoken},{pageName}:{Erebus Payment Web Services},{version}:{1.0},{assetType}:{COMPONENT_DESIGN},{catalog}:{JAVA},{applicationCode}:{12345}]]
[Entering method {com.topcoder.confluence.webservice.bean.ConfluenceManagementServiceBean.createPage}]
[Input parameters[{token}:{tokentoken},{pageName}:{Erebus Payment Web Services},{version}:{1.0},{assetType}:{COMPONENT_DESIGN},{catalog}:{JAVA},{applicationCode}:{12345}]]
[Exiting method {com.topcoder.confluence.webservice.bean.ConfluenceManagementServiceBean.createPage}]
[Output parameter {page:[basePageUrl:Erebus Payment Web ServicesUrl,versionUrl:,assetName:,version:1.0,applicationCode:12345,content:,assetType:COMPONENT_DESIGN,catalog:JAVA,componentType:], actionTaken:BASE_PAGE_AND_VERSION_CREATED}]
[Exiting method {com.topcoder.confluence.webservice.delegate.ConfluenceManagerWebServiceDelegate.createPage}]
[Output parameter {page:[basePageUrl:Erebus Payment Web ServicesUrl,versionUrl:,assetName:,version:1.0,applicationCode:12345,content:,assetType:COMPONENT_DESIGN,catalog:JAVA,componentType:], actionTaken:BASE_PAGE_AND_VERSION_CREATED}]
[Entering method {com.topcoder.confluence.webservice.delegate.ConfluenceManagerWebServiceDelegate.retrievePage}]
[Input parameters[{token}:{tokentoken},{pageName}:{Erebus Token Web Services},{version}:{1.0},{assetType}:{COMPONENT_DESIGN},{catalog}:{JAVA},{componentType}:{CUSTOM}]]
[Entering method {com.topcoder.confluence.webservice.bean.ConfluenceManagementServiceBean.retrievePage}]
[Input parameters[{token}:{tokentoken},{pageName}:{Erebus Token Web Services},{version}:{1.0},{assetType}:{COMPONENT_DESIGN},{catalog}:{JAVA},{componentType}:{CUSTOM}]]
[Exiting method {com.topcoder.confluence.webservice.bean.ConfluenceManagementServiceBean.retrievePage}]
[Output parameter {basePageUrl:Erebus Token Web ServicesUrl,versionUrl:,assetName:,version:1.0,applicationCode:,content:,assetType:COMPONENT_DESIGN,catalog:JAVA,componentType:CUSTOM}]
[Exiting method {com.topcoder.confluence.webservice.delegate.ConfluenceManagerWebServiceDelegate.retrievePage}]
[Output parameter {basePageUrl:Erebus Token Web ServicesUrl,versionUrl:,assetName:,version:1.0,applicationCode:,content:,assetType:COMPONENT_DESIGN,catalog:JAVA,componentType:CUSTOM}]
[Entering method {com.topcoder.confluence.webservice.delegate.ConfluenceManagerWebServiceDelegate.logout}]
[Input parameters[{token}:{tokentoken}]]
[Entering method {com.topcoder.confluence.webservice.bean.ConfluenceManagementServiceBean.logout}]
[Input parameters[{token}:{tokentoken}]]
[Exiting method {com.topcoder.confluence.webservice.bean.ConfluenceManagementServiceBean.logout}]
[Exiting method {com.topcoder.confluence.webservice.delegate.ConfluenceManagerWebServiceDelegate.logout}]
[Entering method {com.topcoder.confluence.webservice.delegate.ConfluenceManagerWebServiceDelegate.login}]
[Input parameters[{userName}:{username},{password}:{password}]]
[Entering method {com.topcoder.confluence.webservice.bean.ConfluenceManagementServiceBean.login}]
[Input parameters[{userName}:{username},{password}:{password}]]
[Exiting method {com.topcoder.confluence.webservice.bean.ConfluenceManagementServiceBean.login}]
[Output parameter {tokentoken}]
[Exiting method {com.topcoder.confluence.webservice.delegate.ConfluenceManagerWebServiceDelegate.login}]
[Output parameter {tokentoken}]
[Entering method {com.topcoder.confluence.webservice.delegate.ConfluenceManagerWebServiceDelegate.createPage}]
[Input parameters[{token}:{tokentoken},{pageName}:{Erebus Token Web Services},{version}:{1.0},{assetType}:{COMPONENT_DESIGN},{catalog}:{JAVA},{componentType}:{CUSTOM}]]
[Entering method {com.topcoder.confluence.webservice.bean.ConfluenceManagementServiceBean.createPage}]
[Input parameters[{token}:{tokentoken},{pageName}:{Erebus Token Web Services},{version}:{1.0},{assetType}:{COMPONENT_DESIGN},{catalog}:{JAVA},{componentType}:{CUSTOM}]]
[Exiting method {com.topcoder.confluence.webservice.bean.ConfluenceManagementServiceBean.createPage}]
[Output parameter {page:[basePageUrl:Erebus Token Web ServicesUrl,versionUrl:,assetName:,version:1.0,applicationCode:,content:,assetType:COMPONENT_DESIGN,catalog:JAVA,componentType:CUSTOM], actionTaken:BASE_PAGE_AND_VERSION_CREATED}]
[Exiting method {com.topcoder.confluence.webservice.delegate.ConfluenceManagerWebServiceDelegate.createPage}]
[Output parameter {page:[basePageUrl:Erebus Token Web ServicesUrl,versionUrl:,assetName:,version:1.0,applicationCode:,content:,assetType:COMPONENT_DESIGN,catalog:JAVA,componentType:CUSTOM], actionTaken:BASE_PAGE_AND_VERSION_CREATED}]
[Entering method {com.topcoder.confluence.webservice.delegate.ConfluenceManagerWebServiceDelegate.createPage}]
[Input parameters[{token}:{tokentoken},{pageName}:{Erebus Payment Web Services},{version}:{1.0},{assetType}:{COMPONENT_DESIGN},{catalog}:{JAVA},{applicationCode}:{12345}]]
[Entering method {com.topcoder.confluence.webservice.bean.ConfluenceManagementServiceBean.createPage}]
[Input parameters[{token}:{tokentoken},{pageName}:{Erebus Payment Web Services},{version}:{1.0},{assetType}:{COMPONENT_DESIGN},{catalog}:{JAVA},{applicationCode}:{12345}]]
[Exiting method {com.topcoder.confluence.webservice.bean.ConfluenceManagementServiceBean.createPage}]
[Output parameter {page:[basePageUrl:Erebus Payment Web ServicesUrl,versionUrl:,assetName:,version:1.0,applicationCode:12345,content:,assetType:COMPONENT_DESIGN,catalog:JAVA,componentType:], actionTaken:BASE_PAGE_AND_VERSION_CREATED}]
[Exiting method {com.topcoder.confluence.webservice.delegate.ConfluenceManagerWebServiceDelegate.createPage}]
[Output parameter {page:[basePageUrl:Erebus Payment Web ServicesUrl,versionUrl:,assetName:,version:1.0,applicationCode:12345,content:,assetType:COMPONENT_DESIGN,catalog:JAVA,componentType:], actionTaken:BASE_PAGE_AND_VERSION_CREATED}]
[Entering method {com.topcoder.confluence.webservice.delegate.ConfluenceManagerWebServiceDelegate.retrievePage}]
[Input parameters[{token}:{tokentoken},{pageName}:{Erebus Token Web Services},{version}:{1.0},{assetType}:{COMPONENT_DESIGN},{catalog}:{JAVA},{componentType}:{CUSTOM}]]
[Entering method {com.topcoder.confluence.webservice.bean.ConfluenceManagementServiceBean.retrievePage}]
[Input parameters[{token}:{tokentoken},{pageName}:{Erebus Token Web Services},{version}:{1.0},{assetType}:{COMPONENT_DESIGN},{catalog}:{JAVA},{componentType}:{CUSTOM}]]
[Exiting method {com.topcoder.confluence.webservice.bean.ConfluenceManagementServiceBean.retrievePage}]
[Output parameter {basePageUrl:Erebus Token Web ServicesUrl,versionUrl:,assetName:,version:1.0,applicationCode:,content:,assetType:COMPONENT_DESIGN,catalog:JAVA,componentType:CUSTOM}]
[Exiting method {com.topcoder.confluence.webservice.delegate.ConfluenceManagerWebServiceDelegate.retrievePage}]
[Output parameter {basePageUrl:Erebus Token Web ServicesUrl,versionUrl:,assetName:,version:1.0,applicationCode:,content:,assetType:COMPONENT_DESIGN,catalog:JAVA,componentType:CUSTOM}]
[Entering method {com.topcoder.confluence.webservice.delegate.ConfluenceManagerWebServiceDelegate.logout}]
[Input parameters[{token}:{tokentoken}]]
[Entering method {com.topcoder.confluence.webservice.bean.ConfluenceManagementServiceBean.logout}]
[Input parameters[{token}:{tokentoken}]]
[Exiting method {com.topcoder.confluence.webservice.bean.ConfluenceManagementServiceBean.logout}]
[Exiting method {com.topcoder.confluence.webservice.delegate.ConfluenceManagerWebServiceDelegate.logout}]
[Entering method {com.topcoder.confluence.webservice.delegate.ConfluenceManagerWebServiceDelegate.login}]
[Input parameters[{userName}:{username},{password}:{password}]]
[Entering method {com.topcoder.confluence.webservice.bean.ConfluenceManagementServiceBean.login}]
[Input parameters[{userName}:{username},{password}:{password}]]
[Exiting method {com.topcoder.confluence.webservice.bean.ConfluenceManagementServiceBean.login}]
[Output parameter {tokentoken}]
[Exiting method {com.topcoder.confluence.webservice.delegate.ConfluenceManagerWebServiceDelegate.login}]
[Output parameter {tokentoken}]
[Entering method {com.topcoder.confluence.webservice.delegate.ConfluenceManagerWebServiceDelegate.createPage}]
[Input parameters[{token}:{tokentoken},{pageName}:{Erebus Token Web Services},{version}:{1.0},{assetType}:{COMPONENT_DESIGN},{catalog}:{JAVA},{componentType}:{CUSTOM}]]
[Entering method {com.topcoder.confluence.webservice.bean.ConfluenceManagementServiceBean.createPage}]
[Input parameters[{token}:{tokentoken},{pageName}:{Erebus Token Web Services},{version}:{1.0},{assetType}:{COMPONENT_DESIGN},{catalog}:{JAVA},{componentType}:{CUSTOM}]]
[Exiting method {com.topcoder.confluence.webservice.bean.ConfluenceManagementServiceBean.createPage}]
[Output parameter {page:[basePageUrl:Erebus Token Web ServicesUrl,versionUrl:,assetName:,version:1.0,applicationCode:,content:,assetType:COMPONENT_DESIGN,catalog:JAVA,componentType:CUSTOM], actionTaken:BASE_PAGE_AND_VERSION_CREATED}]
[Exiting method {com.topcoder.confluence.webservice.delegate.ConfluenceManagerWebServiceDelegate.createPage}]
[Output parameter {page:[basePageUrl:Erebus Token Web ServicesUrl,versionUrl:,assetName:,version:1.0,applicationCode:,content:,assetType:COMPONENT_DESIGN,catalog:JAVA,componentType:CUSTOM], actionTaken:BASE_PAGE_AND_VERSION_CREATED}]
[Entering method {com.topcoder.confluence.webservice.delegate.ConfluenceManagerWebServiceDelegate.createPage}]
[Input parameters[{token}:{tokentoken},{pageName}:{Erebus Payment Web Services},{version}:{1.0},{assetType}:{COMPONENT_DESIGN},{catalog}:{JAVA},{applicationCode}:{12345}]]
[Entering method {com.topcoder.confluence.webservice.bean.ConfluenceManagementServiceBean.createPage}]
[Input parameters[{token}:{tokentoken},{pageName}:{Erebus Payment Web Services},{version}:{1.0},{assetType}:{COMPONENT_DESIGN},{catalog}:{JAVA},{applicationCode}:{12345}]]
[Exiting method {com.topcoder.confluence.webservice.bean.ConfluenceManagementServiceBean.createPage}]
[Output parameter {page:[basePageUrl:Erebus Payment Web ServicesUrl,versionUrl:,assetName:,version:1.0,applicationCode:12345,content:,assetType:COMPONENT_DESIGN,catalog:JAVA,componentType:], actionTaken:BASE_PAGE_AND_VERSION_CREATED}]
[Exiting method {com.topcoder.confluence.webservice.delegate.ConfluenceManagerWebServiceDelegate.createPage}]
[Output parameter {page:[basePageUrl:Erebus Payment Web ServicesUrl,versionUrl:,assetName:,version:1.0,applicationCode:12345,content:,assetType:COMPONENT_DESIGN,catalog:JAVA,componentType:], actionTaken:BASE_PAGE_AND_VERSION_CREATED}]
[Entering method {com.topcoder.confluence.webservice.delegate.ConfluenceManagerWebServiceDelegate.retrievePage}]
[Input parameters[{token}:{tokentoken},{pageName}:{Erebus Token Web Services},{version}:{1.0},{assetType}:{COMPONENT_DESIGN},{catalog}:{JAVA},{componentType}:{CUSTOM}]]
[Entering method {com.topcoder.confluence.webservice.bean.ConfluenceManagementServiceBean.retrievePage}]
[Input parameters[{token}:{tokentoken},{pageName}:{Erebus Token Web Services},{version}:{1.0},{assetType}:{COMPONENT_DESIGN},{catalog}:{JAVA},{componentType}:{CUSTOM}]]
[Exiting method {com.topcoder.confluence.webservice.bean.ConfluenceManagementServiceBean.retrievePage}]
[Output parameter {basePageUrl:Erebus Token Web ServicesUrl,versionUrl:,assetName:,version:1.0,applicationCode:,content:,assetType:COMPONENT_DESIGN,catalog:JAVA,componentType:CUSTOM}]
[Exiting method {com.topcoder.confluence.webservice.delegate.ConfluenceManagerWebServiceDelegate.retrievePage}]
[Output parameter {basePageUrl:Erebus Token Web ServicesUrl,versionUrl:,assetName:,version:1.0,applicationCode:,content:,assetType:COMPONENT_DESIGN,catalog:JAVA,componentType:CUSTOM}]
[Entering method {com.topcoder.confluence.webservice.delegate.ConfluenceManagerWebServiceDelegate.logout}]
[Input parameters[{token}:{tokentoken}]]
[Entering method {com.topcoder.confluence.webservice.bean.ConfluenceManagementServiceBean.logout}]
[Input parameters[{token}:{tokentoken}]]
[Exiting method {com.topcoder.confluence.webservice.bean.ConfluenceManagementServiceBean.logout}]
[Exiting method {com.topcoder.confluence.webservice.delegate.ConfluenceManagerWebServiceDelegate.logout}]
[Entering method {com.topcoder.confluence.webservice.delegate.ConfluenceManagerWebServiceDelegate.login}]
[Input parameters[{userName}:{username},{password}:{password}]]
[Entering method {com.topcoder.confluence.webservice.bean.ConfluenceManagementServiceBean.login}]
[Input parameters[{userName}:{username},{password}:{password}]]
[Exiting method {com.topcoder.confluence.webservice.bean.ConfluenceManagementServiceBean.login}]
[Output parameter {tokentoken}]
[Exiting method {com.topcoder.confluence.webservice.delegate.ConfluenceManagerWebServiceDelegate.login}]
[Output parameter {tokentoken}]
[Entering method {com.topcoder.confluence.webservice.delegate.ConfluenceManagerWebServiceDelegate.createPage}]
[Input parameters[{token}:{tokentoken},{pageName}:{Erebus Token Web Services},{version}:{1.0},{assetType}:{COMPONENT_DESIGN},{catalog}:{JAVA},{componentType}:{CUSTOM}]]
[Entering method {com.topcoder.confluence.webservice.bean.ConfluenceManagementServiceBean.createPage}]
[Input parameters[{token}:{tokentoken},{pageName}:{Erebus Token Web Services},{version}:{1.0},{assetType}:{COMPONENT_DESIGN},{catalog}:{JAVA},{componentType}:{CUSTOM}]]
[Exiting method {com.topcoder.confluence.webservice.bean.ConfluenceManagementServiceBean.createPage}]
[Output parameter {page:[basePageUrl:Erebus Token Web ServicesUrl,versionUrl:,assetName:,version:1.0,applicationCode:,content:,assetType:COMPONENT_DESIGN,catalog:JAVA,componentType:CUSTOM], actionTaken:BASE_PAGE_AND_VERSION_CREATED}]
[Exiting method {com.topcoder.confluence.webservice.delegate.ConfluenceManagerWebServiceDelegate.createPage}]
[Output parameter {page:[basePageUrl:Erebus Token Web ServicesUrl,versionUrl:,assetName:,version:1.0,applicationCode:,content:,assetType:COMPONENT_DESIGN,catalog:JAVA,componentType:CUSTOM], actionTaken:BASE_PAGE_AND_VERSION_CREATED}]
[Entering method {com.topcoder.confluence.webservice.delegate.ConfluenceManagerWebServiceDelegate.createPage}]
[Input parameters[{token}:{tokentoken},{pageName}:{Erebus Payment Web Services},{version}:{1.0},{assetType}:{COMPONENT_DESIGN},{catalog}:{JAVA},{applicationCode}:{12345}]]
[Entering method {com.topcoder.confluence.webservice.bean.ConfluenceManagementServiceBean.createPage}]
[Input parameters[{token}:{tokentoken},{pageName}:{Erebus Payment Web Services},{version}:{1.0},{assetType}:{COMPONENT_DESIGN},{catalog}:{JAVA},{applicationCode}:{12345}]]
[Exiting method {com.topcoder.confluence.webservice.bean.ConfluenceManagementServiceBean.createPage}]
[Output parameter {page:[basePageUrl:Erebus Payment Web ServicesUrl,versionUrl:,assetName:,version:1.0,applicationCode:12345,content:,assetType:COMPONENT_DESIGN,catalog:JAVA,componentType:], actionTaken:BASE_PAGE_AND_VERSION_CREATED}]
[Exiting method {com.topcoder.confluence.webservice.delegate.ConfluenceManagerWebServiceDelegate.createPage}]
[Output parameter {page:[basePageUrl:Erebus Payment Web ServicesUrl,versionUrl:,assetName:,version:1.0,applicationCode:12345,content:,assetType:COMPONENT_DESIGN,catalog:JAVA,componentType:], actionTaken:BASE_PAGE_AND_VERSION_CREATED}]
[Entering method {com.topcoder.confluence.webservice.delegate.ConfluenceManagerWebServiceDelegate.retrievePage}]
[Input parameters[{token}:{tokentoken},{pageName}:{Erebus Token Web Services},{version}:{1.0},{assetType}:{COMPONENT_DESIGN},{catalog}:{JAVA},{componentType}:{CUSTOM}]]
[Entering method {com.topcoder.confluence.webservice.bean.ConfluenceManagementServiceBean.retrievePage}]
[Input parameters[{token}:{tokentoken},{pageName}:{Erebus Token Web Services},{version}:{1.0},{assetType}:{COMPONENT_DESIGN},{catalog}:{JAVA},{componentType}:{CUSTOM}]]
[Exiting method {com.topcoder.confluence.webservice.bean.ConfluenceManagementServiceBean.retrievePage}]
[Output parameter {basePageUrl:Erebus Token Web ServicesUrl,versionUrl:,assetName:,version:1.0,applicationCode:,content:,assetType:COMPONENT_DESIGN,catalog:JAVA,componentType:CUSTOM}]
[Exiting method {com.topcoder.confluence.webservice.delegate.ConfluenceManagerWebServiceDelegate.retrievePage}]
[Output parameter {basePageUrl:Erebus Token Web ServicesUrl,versionUrl:,assetName:,version:1.0,applicationCode:,content:,assetType:COMPONENT_DESIGN,catalog:JAVA,componentType:CUSTOM}]
[Entering method {com.topcoder.confluence.webservice.delegate.ConfluenceManagerWebServiceDelegate.logout}]
[Input parameters[{token}:{tokentoken}]]
[Entering method {com.topcoder.confluence.webservice.bean.ConfluenceManagementServiceBean.logout}]
[Input parameters[{token}:{tokentoken}]]
[Exiting method {com.topcoder.confluence.webservice.bean.ConfluenceManagementServiceBean.logout}]
[Exiting method {com.topcoder.confluence.webservice.delegate.ConfluenceManagerWebServiceDelegate.logout}]
[Entering method {com.topcoder.confluence.webservice.delegate.ConfluenceManagerWebServiceDelegate.login}]
[Input parameters[{userName}:{username},{password}:{password}]]
[Entering method {com.topcoder.confluence.webservice.bean.ConfluenceManagementServiceBean.login}]
[Input parameters[{userName}:{username},{password}:{password}]]
[Exiting method {com.topcoder.confluence.webservice.bean.ConfluenceManagementServiceBean.login}]
[Output parameter {tokentoken}]
[Exiting method {com.topcoder.confluence.webservice.delegate.ConfluenceManagerWebServiceDelegate.login}]
[Output parameter {tokentoken}]
[Entering method {com.topcoder.confluence.webservice.delegate.ConfluenceManagerWebServiceDelegate.createPage}]
[Input parameters[{token}:{tokentoken},{pageName}:{Erebus Token Web Services},{version}:{1.0},{assetType}:{COMPONENT_DESIGN},{catalog}:{JAVA},{componentType}:{CUSTOM}]]
[Entering method {com.topcoder.confluence.webservice.bean.ConfluenceManagementServiceBean.createPage}]
[Input parameters[{token}:{tokentoken},{pageName}:{Erebus Token Web Services},{version}:{1.0},{assetType}:{COMPONENT_DESIGN},{catalog}:{JAVA},{componentType}:{CUSTOM}]]
[Exiting method {com.topcoder.confluence.webservice.bean.ConfluenceManagementServiceBean.createPage}]
[Output parameter {page:[basePageUrl:Erebus Token Web ServicesUrl,versionUrl:,assetName:,version:1.0,applicationCode:,content:,assetType:COMPONENT_DESIGN,catalog:JAVA,componentType:CUSTOM], actionTaken:BASE_PAGE_AND_VERSION_CREATED}]
[Exiting method {com.topcoder.confluence.webservice.delegate.ConfluenceManagerWebServiceDelegate.createPage}]
[Output parameter {page:[basePageUrl:Erebus Token Web ServicesUrl,versionUrl:,assetName:,version:1.0,applicationCode:,content:,assetType:COMPONENT_DESIGN,catalog:JAVA,componentType:CUSTOM], actionTaken:BASE_PAGE_AND_VERSION_CREATED}]
[Entering method {com.topcoder.confluence.webservice.delegate.ConfluenceManagerWebServiceDelegate.createPage}]
[Input parameters[{token}:{tokentoken},{pageName}:{Erebus Payment Web Services},{version}:{1.0},{assetType}:{COMPONENT_DESIGN},{catalog}:{JAVA},{applicationCode}:{12345}]]
[Entering method {com.topcoder.confluence.webservice.bean.ConfluenceManagementServiceBean.createPage}]
[Input parameters[{token}:{tokentoken},{pageName}:{Erebus Payment Web Services},{version}:{1.0},{assetType}:{COMPONENT_DESIGN},{catalog}:{JAVA},{applicationCode}:{12345}]]
[Exiting method {com.topcoder.confluence.webservice.bean.ConfluenceManagementServiceBean.createPage}]
[Output parameter {page:[basePageUrl:Erebus Payment Web ServicesUrl,versionUrl:,assetName:,version:1.0,applicationCode:12345,content:,assetType:COMPONENT_DESIGN,catalog:JAVA,componentType:], actionTaken:BASE_PAGE_AND_VERSION_CREATED}]
[Exiting method {com.topcoder.confluence.webservice.delegate.ConfluenceManagerWebServiceDelegate.createPage}]
[Output parameter {page:[basePageUrl:Erebus Payment Web ServicesUrl,versionUrl:,assetName:,version:1.0,applicationCode:12345,content:,assetType:COMPONENT_DESIGN,catalog:JAVA,componentType:], actionTaken:BASE_PAGE_AND_VERSION_CREATED}]
[Entering method {com.topcoder.confluence.webservice.delegate.ConfluenceManagerWebServiceDelegate.retrievePage}]
[Input parameters[{token}:{tokentoken},{pageName}:{Erebus Token Web Services},{version}:{1.0},{assetType}:{COMPONENT_DESIGN},{catalog}:{JAVA},{componentType}:{CUSTOM}]]
[Entering method {com.topcoder.confluence.webservice.bean.ConfluenceManagementServiceBean.retrievePage}]
[Input parameters[{token}:{tokentoken},{pageName}:{Erebus Token Web Services},{version}:{1.0},{assetType}:{COMPONENT_DESIGN},{catalog}:{JAVA},{componentType}:{CUSTOM}]]
[Exiting method {com.topcoder.confluence.webservice.bean.ConfluenceManagementServiceBean.retrievePage}]
[Output parameter {basePageUrl:Erebus Token Web ServicesUrl,versionUrl:,assetName:,version:1.0,applicationCode:,content:,assetType:COMPONENT_DESIGN,catalog:JAVA,componentType:CUSTOM}]
[Exiting method {com.topcoder.confluence.webservice.delegate.ConfluenceManagerWebServiceDelegate.retrievePage}]
[Output parameter {basePageUrl:Erebus Token Web ServicesUrl,versionUrl:,assetName:,version:1.0,applicationCode:,content:,assetType:COMPONENT_DESIGN,catalog:JAVA,componentType:CUSTOM}]
[Entering method {com.topcoder.confluence.webservice.delegate.ConfluenceManagerWebServiceDelegate.logout}]
[Input parameters[{token}:{tokentoken}]]
[Entering method {com.topcoder.confluence.webservice.bean.ConfluenceManagementServiceBean.logout}]
[Input parameters[{token}:{tokentoken}]]
[Exiting method {com.topcoder.confluence.webservice.bean.ConfluenceManagementServiceBean.logout}]
[Exiting method {com.topcoder.confluence.webservice.delegate.ConfluenceManagerWebServiceDelegate.logout}]
[Entering method {com.topcoder.confluence.webservice.delegate.ConfluenceManagerWebServiceDelegate.login}]
[Input parameters[{userName}:{username},{password}:{password}]]
[Entering method {com.topcoder.confluence.webservice.bean.ConfluenceManagementServiceBean.login}]
[Input parameters[{userName}:{username},{password}:{password}]]
[Exiting method {com.topcoder.confluence.webservice.bean.ConfluenceManagementServiceBean.login}]
[Output parameter {tokentoken}]
[Exiting method {com.topcoder.confluence.webservice.delegate.ConfluenceManagerWebServiceDelegate.login}]
[Output parameter {tokentoken}]
[Entering method {com.topcoder.confluence.webservice.delegate.ConfluenceManagerWebServiceDelegate.createPage}]
[Input parameters[{token}:{tokentoken},{pageName}:{Erebus Token Web Services},{version}:{1.0},{assetType}:{COMPONENT_DESIGN},{catalog}:{JAVA},{componentType}:{CUSTOM}]]
[Entering method {com.topcoder.confluence.webservice.bean.ConfluenceManagementServiceBean.createPage}]
[Input parameters[{token}:{tokentoken},{pageName}:{Erebus Token Web Services},{version}:{1.0},{assetType}:{COMPONENT_DESIGN},{catalog}:{JAVA},{componentType}:{CUSTOM}]]
[Exiting method {com.topcoder.confluence.webservice.bean.ConfluenceManagementServiceBean.createPage}]
[Output parameter {page:[basePageUrl:Erebus Token Web ServicesUrl,versionUrl:,assetName:,version:1.0,applicationCode:,content:,assetType:COMPONENT_DESIGN,catalog:JAVA,componentType:CUSTOM], actionTaken:BASE_PAGE_AND_VERSION_CREATED}]
[Exiting method {com.topcoder.confluence.webservice.delegate.ConfluenceManagerWebServiceDelegate.createPage}]
[Output parameter {page:[basePageUrl:Erebus Token Web ServicesUrl,versionUrl:,assetName:,version:1.0,applicationCode:,content:,assetType:COMPONENT_DESIGN,catalog:JAVA,componentType:CUSTOM], actionTaken:BASE_PAGE_AND_VERSION_CREATED}]
[Entering method {com.topcoder.confluence.webservice.delegate.ConfluenceManagerWebServiceDelegate.createPage}]
[Input parameters[{token}:{tokentoken},{pageName}:{Erebus Payment Web Services},{version}:{1.0},{assetType}:{COMPONENT_DESIGN},{catalog}:{JAVA},{applicationCode}:{12345}]]
[Entering method {com.topcoder.confluence.webservice.bean.ConfluenceManagementServiceBean.createPage}]
[Input parameters[{token}:{tokentoken},{pageName}:{Erebus Payment Web Services},{version}:{1.0},{assetType}:{COMPONENT_DESIGN},{catalog}:{JAVA},{applicationCode}:{12345}]]
[Exiting method {com.topcoder.confluence.webservice.bean.ConfluenceManagementServiceBean.createPage}]
[Output parameter {page:[basePageUrl:Erebus Payment Web ServicesUrl,versionUrl:,assetName:,version:1.0,applicationCode:12345,content:,assetType:COMPONENT_DESIGN,catalog:JAVA,componentType:], actionTaken:BASE_PAGE_AND_VERSION_CREATED}]
[Exiting method {com.topcoder.confluence.webservice.delegate.ConfluenceManagerWebServiceDelegate.createPage}]
[Output parameter {page:[basePageUrl:Erebus Payment Web ServicesUrl,versionUrl:,assetName:,version:1.0,applicationCode:12345,content:,assetType:COMPONENT_DESIGN,catalog:JAVA,componentType:], actionTaken:BASE_PAGE_AND_VERSION_CREATED}]
[Entering method {com.topcoder.confluence.webservice.delegate.ConfluenceManagerWebServiceDelegate.retrievePage}]
[Input parameters[{token}:{tokentoken},{pageName}:{Erebus Token Web Services},{version}:{1.0},{assetType}:{COMPONENT_DESIGN},{catalog}:{JAVA},{componentType}:{CUSTOM}]]
[Entering method {com.topcoder.confluence.webservice.bean.ConfluenceManagementServiceBean.retrievePage}]
[Input parameters[{token}:{tokentoken},{pageName}:{Erebus Token Web Services},{version}:{1.0},{assetType}:{COMPONENT_DESIGN},{catalog}:{JAVA},{componentType}:{CUSTOM}]]
[Exiting method {com.topcoder.confluence.webservice.bean.ConfluenceManagementServiceBean.retrievePage}]
[Output parameter {basePageUrl:Erebus Token Web ServicesUrl,versionUrl:,assetName:,version:1.0,applicationCode:,content:,assetType:COMPONENT_DESIGN,catalog:JAVA,componentType:CUSTOM}]
[Exiting method {com.topcoder.confluence.webservice.delegate.ConfluenceManagerWebServiceDelegate.retrievePage}]
[Output parameter {basePageUrl:Erebus Token Web ServicesUrl,versionUrl:,assetName:,version:1.0,applicationCode:,content:,assetType:COMPONENT_DESIGN,catalog:JAVA,componentType:CUSTOM}]
[Entering method {com.topcoder.confluence.webservice.delegate.ConfluenceManagerWebServiceDelegate.logout}]
[Input parameters[{token}:{tokentoken}]]
[Entering method {com.topcoder.confluence.webservice.bean.ConfluenceManagementServiceBean.logout}]
[Input parameters[{token}:{tokentoken}]]
[Exiting method {com.topcoder.confluence.webservice.bean.ConfluenceManagementServiceBean.logout}]
[Exiting method {com.topcoder.confluence.webservice.delegate.ConfluenceManagerWebServiceDelegate.logout}]
[Entering method {com.topcoder.confluence.webservice.delegate.ConfluenceManagerWebServiceDelegate.login}]
[Input parameters[{userName}:{username},{password}:{password}]]
[Entering method {com.topcoder.confluence.webservice.bean.ConfluenceManagementServiceBean.login}]
[Input parameters[{userName}:{username},{password}:{password}]]
[Exiting method {com.topcoder.confluence.webservice.bean.ConfluenceManagementServiceBean.login}]
[Output parameter {tokentoken}]
[Exiting method {com.topcoder.confluence.webservice.delegate.ConfluenceManagerWebServiceDelegate.login}]
[Output parameter {tokentoken}]
[Entering method {com.topcoder.confluence.webservice.delegate.ConfluenceManagerWebServiceDelegate.createPage}]
[Input parameters[{token}:{tokentoken},{pageName}:{Erebus Token Web Services},{version}:{1.0},{assetType}:{COMPONENT_DESIGN},{catalog}:{JAVA},{componentType}:{CUSTOM}]]
[Entering method {com.topcoder.confluence.webservice.bean.ConfluenceManagementServiceBean.createPage}]
[Input parameters[{token}:{tokentoken},{pageName}:{Erebus Token Web Services},{version}:{1.0},{assetType}:{COMPONENT_DESIGN},{catalog}:{JAVA},{componentType}:{CUSTOM}]]
[Exiting method {com.topcoder.confluence.webservice.bean.ConfluenceManagementServiceBean.createPage}]
[Output parameter {page:[basePageUrl:Erebus Token Web ServicesUrl,versionUrl:,assetName:,version:1.0,applicationCode:,content:,assetType:COMPONENT_DESIGN,catalog:JAVA,componentType:CUSTOM], actionTaken:BASE_PAGE_AND_VERSION_CREATED}]
[Exiting method {com.topcoder.confluence.webservice.delegate.ConfluenceManagerWebServiceDelegate.createPage}]
[Output parameter {page:[basePageUrl:Erebus Token Web ServicesUrl,versionUrl:,assetName:,version:1.0,applicationCode:,content:,assetType:COMPONENT_DESIGN,catalog:JAVA,componentType:CUSTOM], actionTaken:BASE_PAGE_AND_VERSION_CREATED}]
[Entering method {com.topcoder.confluence.webservice.delegate.ConfluenceManagerWebServiceDelegate.createPage}]
[Input parameters[{token}:{tokentoken},{pageName}:{Erebus Payment Web Services},{version}:{1.0},{assetType}:{COMPONENT_DESIGN},{catalog}:{JAVA},{applicationCode}:{12345}]]
[Entering method {com.topcoder.confluence.webservice.bean.ConfluenceManagementServiceBean.createPage}]
[Input parameters[{token}:{tokentoken},{pageName}:{Erebus Payment Web Services},{version}:{1.0},{assetType}:{COMPONENT_DESIGN},{catalog}:{JAVA},{applicationCode}:{12345}]]
[Exiting method {com.topcoder.confluence.webservice.bean.ConfluenceManagementServiceBean.createPage}]
[Output parameter {page:[basePageUrl:Erebus Payment Web ServicesUrl,versionUrl:,assetName:,version:1.0,applicationCode:12345,content:,assetType:COMPONENT_DESIGN,catalog:JAVA,componentType:], actionTaken:BASE_PAGE_AND_VERSION_CREATED}]
[Exiting method {com.topcoder.confluence.webservice.delegate.ConfluenceManagerWebServiceDelegate.createPage}]
[Output parameter {page:[basePageUrl:Erebus Payment Web ServicesUrl,versionUrl:,assetName:,version:1.0,applicationCode:12345,content:,assetType:COMPONENT_DESIGN,catalog:JAVA,componentType:], actionTaken:BASE_PAGE_AND_VERSION_CREATED}]
[Entering method {com.topcoder.confluence.webservice.delegate.ConfluenceManagerWebServiceDelegate.retrievePage}]
[Input parameters[{token}:{tokentoken},{pageName}:{Erebus Token Web Services},{version}:{1.0},{assetType}:{COMPONENT_DESIGN},{catalog}:{JAVA},{componentType}:{CUSTOM}]]
[Entering method {com.topcoder.confluence.webservice.bean.ConfluenceManagementServiceBean.retrievePage}]
[Input parameters[{token}:{tokentoken},{pageName}:{Erebus Token Web Services},{version}:{1.0},{assetType}:{COMPONENT_DESIGN},{catalog}:{JAVA},{componentType}:{CUSTOM}]]
[Exiting method {com.topcoder.confluence.webservice.bean.ConfluenceManagementServiceBean.retrievePage}]
[Output parameter {basePageUrl:Erebus Token Web ServicesUrl,versionUrl:,assetName:,version:1.0,applicationCode:,content:,assetType:COMPONENT_DESIGN,catalog:JAVA,componentType:CUSTOM}]
[Exiting method {com.topcoder.confluence.webservice.delegate.ConfluenceManagerWebServiceDelegate.retrievePage}]
[Output parameter {basePageUrl:Erebus Token Web ServicesUrl,versionUrl:,assetName:,version:1.0,applicationCode:,content:,assetType:COMPONENT_DESIGN,catalog:JAVA,componentType:CUSTOM}]
[Entering method {com.topcoder.confluence.webservice.delegate.ConfluenceManagerWebServiceDelegate.logout}]
[Input parameters[{token}:{tokentoken}]]
[Entering method {com.topcoder.confluence.webservice.bean.ConfluenceManagementServiceBean.logout}]
[Input parameters[{token}:{tokentoken}]]
[Exiting method {com.topcoder.confluence.webservice.bean.ConfluenceManagementServiceBean.logout}]
[Exiting method {com.topcoder.confluence.webservice.delegate.ConfluenceManagerWebServiceDelegate.logout}]
[Entering method {com.topcoder.confluence.webservice.delegate.ConfluenceManagerWebServiceDelegate.login}]
[Input parameters[{userName}:{username},{password}:{password}]]
[Entering method {com.topcoder.confluence.webservice.bean.ConfluenceManagementServiceBean.login}]
[Input parameters[{userName}:{username},{password}:{password}]]
[Exiting method {com.topcoder.confluence.webservice.bean.ConfluenceManagementServiceBean.login}]
[Output parameter {tokentoken}]
[Exiting method {com.topcoder.confluence.webservice.delegate.ConfluenceManagerWebServiceDelegate.login}]
[Output parameter {tokentoken}]
[Entering method {com.topcoder.confluence.webservice.delegate.ConfluenceManagerWebServiceDelegate.createPage}]
[Input parameters[{token}:{tokentoken},{pageName}:{Erebus Token Web Services},{version}:{1.0},{assetType}:{COMPONENT_DESIGN},{catalog}:{JAVA},{componentType}:{CUSTOM}]]
[Entering method {com.topcoder.confluence.webservice.bean.ConfluenceManagementServiceBean.createPage}]
[Input parameters[{token}:{tokentoken},{pageName}:{Erebus Token Web Services},{version}:{1.0},{assetType}:{COMPONENT_DESIGN},{catalog}:{JAVA},{componentType}:{CUSTOM}]]
[Exiting method {com.topcoder.confluence.webservice.bean.ConfluenceManagementServiceBean.createPage}]
[Output parameter {page:[basePageUrl:Erebus Token Web ServicesUrl,versionUrl:,assetName:,version:1.0,applicationCode:,content:,assetType:COMPONENT_DESIGN,catalog:JAVA,componentType:CUSTOM], actionTaken:BASE_PAGE_AND_VERSION_CREATED}]
[Exiting method {com.topcoder.confluence.webservice.delegate.ConfluenceManagerWebServiceDelegate.createPage}]
[Output parameter {page:[basePageUrl:Erebus Token Web ServicesUrl,versionUrl:,assetName:,version:1.0,applicationCode:,content:,assetType:COMPONENT_DESIGN,catalog:JAVA,componentType:CUSTOM], actionTaken:BASE_PAGE_AND_VERSION_CREATED}]
[Entering method {com.topcoder.confluence.webservice.delegate.ConfluenceManagerWebServiceDelegate.createPage}]
[Input parameters[{token}:{tokentoken},{pageName}:{Erebus Payment Web Services},{version}:{1.0},{assetType}:{COMPONENT_DESIGN},{catalog}:{JAVA},{applicationCode}:{12345}]]
[Entering method {com.topcoder.confluence.webservice.bean.ConfluenceManagementServiceBean.createPage}]
[Input parameters[{token}:{tokentoken},{pageName}:{Erebus Payment Web Services},{version}:{1.0},{assetType}:{COMPONENT_DESIGN},{catalog}:{JAVA},{applicationCode}:{12345}]]
[Exiting method {com.topcoder.confluence.webservice.bean.ConfluenceManagementServiceBean.createPage}]
[Output parameter {page:[basePageUrl:Erebus Payment Web ServicesUrl,versionUrl:,assetName:,version:1.0,applicationCode:12345,content:,assetType:COMPONENT_DESIGN,catalog:JAVA,componentType:], actionTaken:BASE_PAGE_AND_VERSION_CREATED}]
[Exiting method {com.topcoder.confluence.webservice.delegate.ConfluenceManagerWebServiceDelegate.createPage}]
[Output parameter {page:[basePageUrl:Erebus Payment Web ServicesUrl,versionUrl:,assetName:,version:1.0,applicationCode:12345,content:,assetType:COMPONENT_DESIGN,catalog:JAVA,componentType:], actionTaken:BASE_PAGE_AND_VERSION_CREATED}]
[Entering method {com.topcoder.confluence.webservice.delegate.ConfluenceManagerWebServiceDelegate.retrievePage}]
[Input parameters[{token}:{tokentoken},{pageName}:{Erebus Token Web Services},{version}:{1.0},{assetType}:{COMPONENT_DESIGN},{catalog}:{JAVA},{componentType}:{CUSTOM}]]
[Entering method {com.topcoder.confluence.webservice.bean.ConfluenceManagementServiceBean.retrievePage}]
[Input parameters[{token}:{tokentoken},{pageName}:{Erebus Token Web Services},{version}:{1.0},{assetType}:{COMPONENT_DESIGN},{catalog}:{JAVA},{componentType}:{CUSTOM}]]
[Exiting method {com.topcoder.confluence.webservice.bean.ConfluenceManagementServiceBean.retrievePage}]
[Output parameter {basePageUrl:Erebus Token Web ServicesUrl,versionUrl:,assetName:,version:1.0,applicationCode:,content:,assetType:COMPONENT_DESIGN,catalog:JAVA,componentType:CUSTOM}]
[Exiting method {com.topcoder.confluence.webservice.delegate.ConfluenceManagerWebServiceDelegate.retrievePage}]
[Output parameter {basePageUrl:Erebus Token Web ServicesUrl,versionUrl:,assetName:,version:1.0,applicationCode:,content:,assetType:COMPONENT_DESIGN,catalog:JAVA,componentType:CUSTOM}]
[Entering method {com.topcoder.confluence.webservice.delegate.ConfluenceManagerWebServiceDelegate.logout}]
[Input parameters[{token}:{tokentoken}]]
[Entering method {com.topcoder.confluence.webservice.bean.ConfluenceManagementServiceBean.logout}]
[Input parameters[{token}:{tokentoken}]]
[Exiting method {com.topcoder.confluence.webservice.bean.ConfluenceManagementServiceBean.logout}]
[Exiting method {com.topcoder.confluence.webservice.delegate.ConfluenceManagerWebServiceDelegate.logout}]
[Entering method {com.topcoder.confluence.webservice.delegate.ConfluenceManagerWebServiceDelegate.login}]
[Input parameters[{userName}:{username},{password}:{password}]]
[Entering method {com.topcoder.confluence.webservice.bean.ConfluenceManagementServiceBean.login}]
[Input parameters[{userName}:{username},{password}:{password}]]
[Exiting method {com.topcoder.confluence.webservice.bean.ConfluenceManagementServiceBean.login}]
[Output parameter {tokentoken}]
[Exiting method {com.topcoder.confluence.webservice.delegate.ConfluenceManagerWebServiceDelegate.login}]
[Output parameter {tokentoken}]
[Entering method {com.topcoder.confluence.webservice.delegate.ConfluenceManagerWebServiceDelegate.createPage}]
[Input parameters[{token}:{tokentoken},{pageName}:{Erebus Token Web Services},{version}:{1.0},{assetType}:{COMPONENT_DESIGN},{catalog}:{JAVA},{componentType}:{CUSTOM}]]
[Entering method {com.topcoder.confluence.webservice.bean.ConfluenceManagementServiceBean.createPage}]
[Input parameters[{token}:{tokentoken},{pageName}:{Erebus Token Web Services},{version}:{1.0},{assetType}:{COMPONENT_DESIGN},{catalog}:{JAVA},{componentType}:{CUSTOM}]]
[Exiting method {com.topcoder.confluence.webservice.bean.ConfluenceManagementServiceBean.createPage}]
[Output parameter {page:[basePageUrl:Erebus Token Web ServicesUrl,versionUrl:,assetName:,version:1.0,applicationCode:,content:,assetType:COMPONENT_DESIGN,catalog:JAVA,componentType:CUSTOM], actionTaken:BASE_PAGE_AND_VERSION_CREATED}]
[Exiting method {com.topcoder.confluence.webservice.delegate.ConfluenceManagerWebServiceDelegate.createPage}]
[Output parameter {page:[basePageUrl:Erebus Token Web ServicesUrl,versionUrl:,assetName:,version:1.0,applicationCode:,content:,assetType:COMPONENT_DESIGN,catalog:JAVA,componentType:CUSTOM], actionTaken:BASE_PAGE_AND_VERSION_CREATED}]
[Entering method {com.topcoder.confluence.webservice.delegate.ConfluenceManagerWebServiceDelegate.createPage}]
[Input parameters[{token}:{tokentoken},{pageName}:{Erebus Payment Web Services},{version}:{1.0},{assetType}:{COMPONENT_DESIGN},{catalog}:{JAVA},{applicationCode}:{12345}]]
[Entering method {com.topcoder.confluence.webservice.bean.ConfluenceManagementServiceBean.createPage}]
[Input parameters[{token}:{tokentoken},{pageName}:{Erebus Payment Web Services},{version}:{1.0},{assetType}:{COMPONENT_DESIGN},{catalog}:{JAVA},{applicationCode}:{12345}]]
[Exiting method {com.topcoder.confluence.webservice.bean.ConfluenceManagementServiceBean.createPage}]
[Output parameter {page:[basePageUrl:Erebus Payment Web ServicesUrl,versionUrl:,assetName:,version:1.0,applicationCode:12345,content:,assetType:COMPONENT_DESIGN,catalog:JAVA,componentType:], actionTaken:BASE_PAGE_AND_VERSION_CREATED}]
[Exiting method {com.topcoder.confluence.webservice.delegate.ConfluenceManagerWebServiceDelegate.createPage}]
[Output parameter {page:[basePageUrl:Erebus Payment Web ServicesUrl,versionUrl:,assetName:,version:1.0,applicationCode:12345,content:,assetType:COMPONENT_DESIGN,catalog:JAVA,componentType:], actionTaken:BASE_PAGE_AND_VERSION_CREATED}]
[Entering method {com.topcoder.confluence.webservice.delegate.ConfluenceManagerWebServiceDelegate.retrievePage}]
[Input parameters[{token}:{tokentoken},{pageName}:{Erebus Token Web Services},{version}:{1.0},{assetType}:{COMPONENT_DESIGN},{catalog}:{JAVA},{componentType}:{CUSTOM}]]
[Entering method {com.topcoder.confluence.webservice.bean.ConfluenceManagementServiceBean.retrievePage}]
[Input parameters[{token}:{tokentoken},{pageName}:{Erebus Token Web Services},{version}:{1.0},{assetType}:{COMPONENT_DESIGN},{catalog}:{JAVA},{componentType}:{CUSTOM}]]
[Exiting method {com.topcoder.confluence.webservice.bean.ConfluenceManagementServiceBean.retrievePage}]
[Output parameter {basePageUrl:Erebus Token Web ServicesUrl,versionUrl:,assetName:,version:1.0,applicationCode:,content:,assetType:COMPONENT_DESIGN,catalog:JAVA,componentType:CUSTOM}]
[Exiting method {com.topcoder.confluence.webservice.delegate.ConfluenceManagerWebServiceDelegate.retrievePage}]
[Output parameter {basePageUrl:Erebus Token Web ServicesUrl,versionUrl:,assetName:,version:1.0,applicationCode:,content:,assetType:COMPONENT_DESIGN,catalog:JAVA,componentType:CUSTOM}]
[Entering method {com.topcoder.confluence.webservice.delegate.ConfluenceManagerWebServiceDelegate.logout}]
[Input parameters[{token}:{tokentoken}]]
[Entering method {com.topcoder.confluence.webservice.bean.ConfluenceManagementServiceBean.logout}]
[Input parameters[{token}:{tokentoken}]]
[Exiting method {com.topcoder.confluence.webservice.bean.ConfluenceManagementServiceBean.logout}]
[Exiting method {com.topcoder.confluence.webservice.delegate.ConfluenceManagerWebServiceDelegate.logout}]
[Entering method {com.topcoder.confluence.webservice.delegate.ConfluenceManagerWebServiceDelegate.login}]
[Input parameters[{userName}:{username},{password}:{password}]]
[Entering method {com.topcoder.confluence.webservice.bean.ConfluenceManagementServiceBean.login}]
[Input parameters[{userName}:{username},{password}:{password}]]
[Exiting method {com.topcoder.confluence.webservice.bean.ConfluenceManagementServiceBean.login}]
[Output parameter {tokentoken}]
[Exiting method {com.topcoder.confluence.webservice.delegate.ConfluenceManagerWebServiceDelegate.login}]
[Output parameter {tokentoken}]
[Entering method {com.topcoder.confluence.webservice.delegate.ConfluenceManagerWebServiceDelegate.createPage}]
[Input parameters[{token}:{tokentoken},{pageName}:{Erebus Token Web Services},{version}:{1.0},{assetType}:{COMPONENT_DESIGN},{catalog}:{JAVA},{componentType}:{CUSTOM}]]
[Entering method {com.topcoder.confluence.webservice.bean.ConfluenceManagementServiceBean.createPage}]
[Input parameters[{token}:{tokentoken},{pageName}:{Erebus Token Web Services},{version}:{1.0},{assetType}:{COMPONENT_DESIGN},{catalog}:{JAVA},{componentType}:{CUSTOM}]]
[Exiting method {com.topcoder.confluence.webservice.bean.ConfluenceManagementServiceBean.createPage}]
[Output parameter {page:[basePageUrl:Erebus Token Web ServicesUrl,versionUrl:,assetName:,version:1.0,applicationCode:,content:,assetType:COMPONENT_DESIGN,catalog:JAVA,componentType:CUSTOM], actionTaken:BASE_PAGE_AND_VERSION_CREATED}]
[Exiting method {com.topcoder.confluence.webservice.delegate.ConfluenceManagerWebServiceDelegate.createPage}]
[Output parameter {page:[basePageUrl:Erebus Token Web ServicesUrl,versionUrl:,assetName:,version:1.0,applicationCode:,content:,assetType:COMPONENT_DESIGN,catalog:JAVA,componentType:CUSTOM], actionTaken:BASE_PAGE_AND_VERSION_CREATED}]
[Entering method {com.topcoder.confluence.webservice.delegate.ConfluenceManagerWebServiceDelegate.createPage}]
[Input parameters[{token}:{tokentoken},{pageName}:{Erebus Payment Web Services},{version}:{1.0},{assetType}:{COMPONENT_DESIGN},{catalog}:{JAVA},{applicationCode}:{12345}]]
[Entering method {com.topcoder.confluence.webservice.bean.ConfluenceManagementServiceBean.createPage}]
[Input parameters[{token}:{tokentoken},{pageName}:{Erebus Payment Web Services},{version}:{1.0},{assetType}:{COMPONENT_DESIGN},{catalog}:{JAVA},{applicationCode}:{12345}]]
[Exiting method {com.topcoder.confluence.webservice.bean.ConfluenceManagementServiceBean.createPage}]
[Output parameter {page:[basePageUrl:Erebus Payment Web ServicesUrl,versionUrl:,assetName:,version:1.0,applicationCode:12345,content:,assetType:COMPONENT_DESIGN,catalog:JAVA,componentType:], actionTaken:BASE_PAGE_AND_VERSION_CREATED}]
[Exiting method {com.topcoder.confluence.webservice.delegate.ConfluenceManagerWebServiceDelegate.createPage}]
[Output parameter {page:[basePageUrl:Erebus Payment Web ServicesUrl,versionUrl:,assetName:,version:1.0,applicationCode:12345,content:,assetType:COMPONENT_DESIGN,catalog:JAVA,componentType:], actionTaken:BASE_PAGE_AND_VERSION_CREATED}]
[Entering method {com.topcoder.confluence.webservice.delegate.ConfluenceManagerWebServiceDelegate.retrievePage}]
[Input parameters[{token}:{tokentoken},{pageName}:{Erebus Token Web Services},{version}:{1.0},{assetType}:{COMPONENT_DESIGN},{catalog}:{JAVA},{componentType}:{CUSTOM}]]
[Entering method {com.topcoder.confluence.webservice.bean.ConfluenceManagementServiceBean.retrievePage}]
[Input parameters[{token}:{tokentoken},{pageName}:{Erebus Token Web Services},{version}:{1.0},{assetType}:{COMPONENT_DESIGN},{catalog}:{JAVA},{componentType}:{CUSTOM}]]
[Exiting method {com.topcoder.confluence.webservice.bean.ConfluenceManagementServiceBean.retrievePage}]
[Output parameter {basePageUrl:Erebus Token Web ServicesUrl,versionUrl:,assetName:,version:1.0,applicationCode:,content:,assetType:COMPONENT_DESIGN,catalog:JAVA,componentType:CUSTOM}]
[Exiting method {com.topcoder.confluence.webservice.delegate.ConfluenceManagerWebServiceDelegate.retrievePage}]
[Output parameter {basePageUrl:Erebus Token Web ServicesUrl,versionUrl:,assetName:,version:1.0,applicationCode:,content:,assetType:COMPONENT_DESIGN,catalog:JAVA,componentType:CUSTOM}]
[Entering method {com.topcoder.confluence.webservice.delegate.ConfluenceManagerWebServiceDelegate.logout}]
[Input parameters[{token}:{tokentoken}]]
[Entering method {com.topcoder.confluence.webservice.bean.ConfluenceManagementServiceBean.logout}]
[Input parameters[{token}:{tokentoken}]]
[Exiting method {com.topcoder.confluence.webservice.bean.ConfluenceManagementServiceBean.logout}]
[Exiting method {com.topcoder.confluence.webservice.delegate.ConfluenceManagerWebServiceDelegate.logout}]
[Entering method {com.topcoder.confluence.webservice.delegate.ConfluenceManagerWebServiceDelegate.login}]
[Input parameters[{userName}:{username},{password}:{password}]]
[Entering method {com.topcoder.confluence.webservice.bean.ConfluenceManagementServiceBean.login}]
[Input parameters[{userName}:{username},{password}:{password}]]
[Exiting method {com.topcoder.confluence.webservice.bean.ConfluenceManagementServiceBean.login}]
[Output parameter {tokentoken}]
[Exiting method {com.topcoder.confluence.webservice.delegate.ConfluenceManagerWebServiceDelegate.login}]
[Output parameter {tokentoken}]
[Entering method {com.topcoder.confluence.webservice.delegate.ConfluenceManagerWebServiceDelegate.createPage}]
[Input parameters[{token}:{tokentoken},{pageName}:{Erebus Token Web Services},{version}:{1.0},{assetType}:{COMPONENT_DESIGN},{catalog}:{JAVA},{componentType}:{CUSTOM}]]
[Entering method {com.topcoder.confluence.webservice.bean.ConfluenceManagementServiceBean.createPage}]
[Input parameters[{token}:{tokentoken},{pageName}:{Erebus Token Web Services},{version}:{1.0},{assetType}:{COMPONENT_DESIGN},{catalog}:{JAVA},{componentType}:{CUSTOM}]]
[Exiting method {com.topcoder.confluence.webservice.bean.ConfluenceManagementServiceBean.createPage}]
[Output parameter {page:[basePageUrl:Erebus Token Web ServicesUrl,versionUrl:,assetName:,version:1.0,applicationCode:,content:,assetType:COMPONENT_DESIGN,catalog:JAVA,componentType:CUSTOM], actionTaken:BASE_PAGE_AND_VERSION_CREATED}]
[Exiting method {com.topcoder.confluence.webservice.delegate.ConfluenceManagerWebServiceDelegate.createPage}]
[Output parameter {page:[basePageUrl:Erebus Token Web ServicesUrl,versionUrl:,assetName:,version:1.0,applicationCode:,content:,assetType:COMPONENT_DESIGN,catalog:JAVA,componentType:CUSTOM], actionTaken:BASE_PAGE_AND_VERSION_CREATED}]
[Entering method {com.topcoder.confluence.webservice.delegate.ConfluenceManagerWebServiceDelegate.createPage}]
[Input parameters[{token}:{tokentoken},{pageName}:{Erebus Payment Web Services},{version}:{1.0},{assetType}:{COMPONENT_DESIGN},{catalog}:{JAVA},{applicationCode}:{12345}]]
[Entering method {com.topcoder.confluence.webservice.bean.ConfluenceManagementServiceBean.createPage}]
[Input parameters[{token}:{tokentoken},{pageName}:{Erebus Payment Web Services},{version}:{1.0},{assetType}:{COMPONENT_DESIGN},{catalog}:{JAVA},{applicationCode}:{12345}]]
[Exiting method {com.topcoder.confluence.webservice.bean.ConfluenceManagementServiceBean.createPage}]
[Output parameter {page:[basePageUrl:Erebus Payment Web ServicesUrl,versionUrl:,assetName:,version:1.0,applicationCode:12345,content:,assetType:COMPONENT_DESIGN,catalog:JAVA,componentType:], actionTaken:BASE_PAGE_AND_VERSION_CREATED}]
[Exiting method {com.topcoder.confluence.webservice.delegate.ConfluenceManagerWebServiceDelegate.createPage}]
[Output parameter {page:[basePageUrl:Erebus Payment Web ServicesUrl,versionUrl:,assetName:,version:1.0,applicationCode:12345,content:,assetType:COMPONENT_DESIGN,catalog:JAVA,componentType:], actionTaken:BASE_PAGE_AND_VERSION_CREATED}]
[Entering method {com.topcoder.confluence.webservice.delegate.ConfluenceManagerWebServiceDelegate.retrievePage}]
[Input parameters[{token}:{tokentoken},{pageName}:{Erebus Token Web Services},{version}:{1.0},{assetType}:{COMPONENT_DESIGN},{catalog}:{JAVA},{componentType}:{CUSTOM}]]
[Entering method {com.topcoder.confluence.webservice.bean.ConfluenceManagementServiceBean.retrievePage}]
[Input parameters[{token}:{tokentoken},{pageName}:{Erebus Token Web Services},{version}:{1.0},{assetType}:{COMPONENT_DESIGN},{catalog}:{JAVA},{componentType}:{CUSTOM}]]
[Exiting method {com.topcoder.confluence.webservice.bean.ConfluenceManagementServiceBean.retrievePage}]
[Output parameter {basePageUrl:Erebus Token Web ServicesUrl,versionUrl:,assetName:,version:1.0,applicationCode:,content:,assetType:COMPONENT_DESIGN,catalog:JAVA,componentType:CUSTOM}]
[Exiting method {com.topcoder.confluence.webservice.delegate.ConfluenceManagerWebServiceDelegate.retrievePage}]
[Output parameter {basePageUrl:Erebus Token Web ServicesUrl,versionUrl:,assetName:,version:1.0,applicationCode:,content:,assetType:COMPONENT_DESIGN,catalog:JAVA,componentType:CUSTOM}]
[Entering method {com.topcoder.confluence.webservice.delegate.ConfluenceManagerWebServiceDelegate.logout}]
[Input parameters[{token}:{tokentoken}]]
[Entering method {com.topcoder.confluence.webservice.bean.ConfluenceManagementServiceBean.logout}]
[Input parameters[{token}:{tokentoken}]]
[Exiting method {com.topcoder.confluence.webservice.bean.ConfluenceManagementServiceBean.logout}]
[Exiting method {com.topcoder.confluence.webservice.delegate.ConfluenceManagerWebServiceDelegate.logout}]
[Entering method {com.topcoder.confluence.webservice.delegate.ConfluenceManagerWebServiceDelegate.login}]
[Input parameters[{userName}:{username},{password}:{password}]]
[Entering method {com.topcoder.confluence.webservice.bean.ConfluenceManagementServiceBean.login}]
[Input parameters[{userName}:{username},{password}:{password}]]
[Exiting method {com.topcoder.confluence.webservice.bean.ConfluenceManagementServiceBean.login}]
[Output parameter {tokentoken}]
[Exiting method {com.topcoder.confluence.webservice.delegate.ConfluenceManagerWebServiceDelegate.login}]
[Output parameter {tokentoken}]
[Entering method {com.topcoder.confluence.webservice.delegate.ConfluenceManagerWebServiceDelegate.createPage}]
[Input parameters[{token}:{tokentoken},{pageName}:{Erebus Token Web Services},{version}:{1.0},{assetType}:{COMPONENT_DESIGN},{catalog}:{JAVA},{componentType}:{CUSTOM}]]
[Entering method {com.topcoder.confluence.webservice.bean.ConfluenceManagementServiceBean.createPage}]
[Input parameters[{token}:{tokentoken},{pageName}:{Erebus Token Web Services},{version}:{1.0},{assetType}:{COMPONENT_DESIGN},{catalog}:{JAVA},{componentType}:{CUSTOM}]]
[Exiting method {com.topcoder.confluence.webservice.bean.ConfluenceManagementServiceBean.createPage}]
[Output parameter {page:[basePageUrl:Erebus Token Web ServicesUrl,versionUrl:,assetName:,version:1.0,applicationCode:,content:,assetType:COMPONENT_DESIGN,catalog:JAVA,componentType:CUSTOM], actionTaken:BASE_PAGE_AND_VERSION_CREATED}]
[Exiting method {com.topcoder.confluence.webservice.delegate.ConfluenceManagerWebServiceDelegate.createPage}]
[Output parameter {page:[basePageUrl:Erebus Token Web ServicesUrl,versionUrl:,assetName:,version:1.0,applicationCode:,content:,assetType:COMPONENT_DESIGN,catalog:JAVA,componentType:CUSTOM], actionTaken:BASE_PAGE_AND_VERSION_CREATED}]
[Entering method {com.topcoder.confluence.webservice.delegate.ConfluenceManagerWebServiceDelegate.createPage}]
[Input parameters[{token}:{tokentoken},{pageName}:{Erebus Payment Web Services},{version}:{1.0},{assetType}:{COMPONENT_DESIGN},{catalog}:{JAVA},{applicationCode}:{12345}]]
[Entering method {com.topcoder.confluence.webservice.bean.ConfluenceManagementServiceBean.createPage}]
[Input parameters[{token}:{tokentoken},{pageName}:{Erebus Payment Web Services},{version}:{1.0},{assetType}:{COMPONENT_DESIGN},{catalog}:{JAVA},{applicationCode}:{12345}]]
[Exiting method {com.topcoder.confluence.webservice.bean.ConfluenceManagementServiceBean.createPage}]
[Output parameter {page:[basePageUrl:Erebus Payment Web ServicesUrl,versionUrl:,assetName:,version:1.0,applicationCode:12345,content:,assetType:COMPONENT_DESIGN,catalog:JAVA,componentType:], actionTaken:BASE_PAGE_AND_VERSION_CREATED}]
[Exiting method {com.topcoder.confluence.webservice.delegate.ConfluenceManagerWebServiceDelegate.createPage}]
[Output parameter {page:[basePageUrl:Erebus Payment Web ServicesUrl,versionUrl:,assetName:,version:1.0,applicationCode:12345,content:,assetType:COMPONENT_DESIGN,catalog:JAVA,componentType:], actionTaken:BASE_PAGE_AND_VERSION_CREATED}]
[Entering method {com.topcoder.confluence.webservice.delegate.ConfluenceManagerWebServiceDelegate.retrievePage}]
[Input parameters[{token}:{tokentoken},{pageName}:{Erebus Token Web Services},{version}:{1.0},{assetType}:{COMPONENT_DESIGN},{catalog}:{JAVA},{componentType}:{CUSTOM}]]
[Entering method {com.topcoder.confluence.webservice.bean.ConfluenceManagementServiceBean.retrievePage}]
[Input parameters[{token}:{tokentoken},{pageName}:{Erebus Token Web Services},{version}:{1.0},{assetType}:{COMPONENT_DESIGN},{catalog}:{JAVA},{componentType}:{CUSTOM}]]
[Exiting method {com.topcoder.confluence.webservice.bean.ConfluenceManagementServiceBean.retrievePage}]
[Output parameter {basePageUrl:Erebus Token Web ServicesUrl,versionUrl:,assetName:,version:1.0,applicationCode:,content:,assetType:COMPONENT_DESIGN,catalog:JAVA,componentType:CUSTOM}]
[Exiting method {com.topcoder.confluence.webservice.delegate.ConfluenceManagerWebServiceDelegate.retrievePage}]
[Output parameter {basePageUrl:Erebus Token Web ServicesUrl,versionUrl:,assetName:,version:1.0,applicationCode:,content:,assetType:COMPONENT_DESIGN,catalog:JAVA,componentType:CUSTOM}]
[Entering method {com.topcoder.confluence.webservice.delegate.ConfluenceManagerWebServiceDelegate.logout}]
[Input parameters[{token}:{tokentoken}]]
[Entering method {com.topcoder.confluence.webservice.bean.ConfluenceManagementServiceBean.logout}]
[Input parameters[{token}:{tokentoken}]]
[Exiting method {com.topcoder.confluence.webservice.bean.ConfluenceManagementServiceBean.logout}]
[Exiting method {com.topcoder.confluence.webservice.delegate.ConfluenceManagerWebServiceDelegate.logout}]
[Entering method {com.topcoder.confluence.webservice.delegate.ConfluenceManagerWebServiceDelegate.login}]
[Input parameters[{userName}:{username},{password}:{password}]]
[Entering method {com.topcoder.confluence.webservice.bean.ConfluenceManagementServiceBean.login}]
[Input parameters[{userName}:{username},{password}:{password}]]
[Exiting method {com.topcoder.confluence.webservice.bean.ConfluenceManagementServiceBean.login}]
[Output parameter {tokentoken}]
[Exiting method {com.topcoder.confluence.webservice.delegate.ConfluenceManagerWebServiceDelegate.login}]
[Output parameter {tokentoken}]
[Entering method {com.topcoder.confluence.webservice.delegate.ConfluenceManagerWebServiceDelegate.createPage}]
[Input parameters[{token}:{tokentoken},{pageName}:{Erebus Token Web Services},{version}:{1.0},{assetType}:{COMPONENT_DESIGN},{catalog}:{JAVA},{componentType}:{CUSTOM}]]
[Entering method {com.topcoder.confluence.webservice.bean.ConfluenceManagementServiceBean.createPage}]
[Input parameters[{token}:{tokentoken},{pageName}:{Erebus Token Web Services},{version}:{1.0},{assetType}:{COMPONENT_DESIGN},{catalog}:{JAVA},{componentType}:{CUSTOM}]]
[Exiting method {com.topcoder.confluence.webservice.bean.ConfluenceManagementServiceBean.createPage}]
[Output parameter {page:[basePageUrl:Erebus Token Web ServicesUrl,versionUrl:,assetName:,version:1.0,applicationCode:,content:,assetType:COMPONENT_DESIGN,catalog:JAVA,componentType:CUSTOM], actionTaken:BASE_PAGE_AND_VERSION_CREATED}]
[Exiting method {com.topcoder.confluence.webservice.delegate.ConfluenceManagerWebServiceDelegate.createPage}]
[Output parameter {page:[basePageUrl:Erebus Token Web ServicesUrl,versionUrl:,assetName:,version:1.0,applicationCode:,content:,assetType:COMPONENT_DESIGN,catalog:JAVA,componentType:CUSTOM], actionTaken:BASE_PAGE_AND_VERSION_CREATED}]
[Entering method {com.topcoder.confluence.webservice.delegate.ConfluenceManagerWebServiceDelegate.createPage}]
[Input parameters[{token}:{tokentoken},{pageName}:{Erebus Payment Web Services},{version}:{1.0},{assetType}:{COMPONENT_DESIGN},{catalog}:{JAVA},{applicationCode}:{12345}]]
[Entering method {com.topcoder.confluence.webservice.bean.ConfluenceManagementServiceBean.createPage}]
[Input parameters[{token}:{tokentoken},{pageName}:{Erebus Payment Web Services},{version}:{1.0},{assetType}:{COMPONENT_DESIGN},{catalog}:{JAVA},{applicationCode}:{12345}]]
[Exiting method {com.topcoder.confluence.webservice.bean.ConfluenceManagementServiceBean.createPage}]
[Output parameter {page:[basePageUrl:Erebus Payment Web ServicesUrl,versionUrl:,assetName:,version:1.0,applicationCode:12345,content:,assetType:COMPONENT_DESIGN,catalog:JAVA,componentType:], actionTaken:BASE_PAGE_AND_VERSION_CREATED}]
[Exiting method {com.topcoder.confluence.webservice.delegate.ConfluenceManagerWebServiceDelegate.createPage}]
[Output parameter {page:[basePageUrl:Erebus Payment Web ServicesUrl,versionUrl:,assetName:,version:1.0,applicationCode:12345,content:,assetType:COMPONENT_DESIGN,catalog:JAVA,componentType:], actionTaken:BASE_PAGE_AND_VERSION_CREATED}]
[Entering method {com.topcoder.confluence.webservice.delegate.ConfluenceManagerWebServiceDelegate.retrievePage}]
[Input parameters[{token}:{tokentoken},{pageName}:{Erebus Token Web Services},{version}:{1.0},{assetType}:{COMPONENT_DESIGN},{catalog}:{JAVA},{componentType}:{CUSTOM}]]
[Entering method {com.topcoder.confluence.webservice.bean.ConfluenceManagementServiceBean.retrievePage}]
[Input parameters[{token}:{tokentoken},{pageName}:{Erebus Token Web Services},{version}:{1.0},{assetType}:{COMPONENT_DESIGN},{catalog}:{JAVA},{componentType}:{CUSTOM}]]
[Exiting method {com.topcoder.confluence.webservice.bean.ConfluenceManagementServiceBean.retrievePage}]
[Output parameter {basePageUrl:Erebus Token Web ServicesUrl,versionUrl:,assetName:,version:1.0,applicationCode:,content:,assetType:COMPONENT_DESIGN,catalog:JAVA,componentType:CUSTOM}]
[Exiting method {com.topcoder.confluence.webservice.delegate.ConfluenceManagerWebServiceDelegate.retrievePage}]
[Output parameter {basePageUrl:Erebus Token Web ServicesUrl,versionUrl:,assetName:,version:1.0,applicationCode:,content:,assetType:COMPONENT_DESIGN,catalog:JAVA,componentType:CUSTOM}]
[Entering method {com.topcoder.confluence.webservice.delegate.ConfluenceManagerWebServiceDelegate.logout}]
[Input parameters[{token}:{tokentoken}]]
[Entering method {com.topcoder.confluence.webservice.bean.ConfluenceManagementServiceBean.logout}]
[Input parameters[{token}:{tokentoken}]]
[Exiting method {com.topcoder.confluence.webservice.bean.ConfluenceManagementServiceBean.logout}]
[Exiting method {com.topcoder.confluence.webservice.delegate.ConfluenceManagerWebServiceDelegate.logout}]
[Entering method {com.topcoder.confluence.webservice.delegate.ConfluenceManagerWebServiceDelegate.login}]
[Input parameters[{userName}:{username},{password}:{password}]]
[Entering method {com.topcoder.confluence.webservice.bean.ConfluenceManagementServiceBean.login}]
[Input parameters[{userName}:{username},{password}:{password}]]
[Exiting method {com.topcoder.confluence.webservice.bean.ConfluenceManagementServiceBean.login}]
[Output parameter {tokentoken}]
[Exiting method {com.topcoder.confluence.webservice.delegate.ConfluenceManagerWebServiceDelegate.login}]
[Output parameter {tokentoken}]
[Entering method {com.topcoder.confluence.webservice.delegate.ConfluenceManagerWebServiceDelegate.createPage}]
[Input parameters[{token}:{tokentoken},{pageName}:{Erebus Token Web Services},{version}:{1.0},{assetType}:{COMPONENT_DESIGN},{catalog}:{JAVA},{componentType}:{CUSTOM}]]
[Entering method {com.topcoder.confluence.webservice.bean.ConfluenceManagementServiceBean.createPage}]
[Input parameters[{token}:{tokentoken},{pageName}:{Erebus Token Web Services},{version}:{1.0},{assetType}:{COMPONENT_DESIGN},{catalog}:{JAVA},{componentType}:{CUSTOM}]]
[Exiting method {com.topcoder.confluence.webservice.bean.ConfluenceManagementServiceBean.createPage}]
[Output parameter {page:[basePageUrl:Erebus Token Web ServicesUrl,versionUrl:,assetName:,version:1.0,applicationCode:,content:,assetType:COMPONENT_DESIGN,catalog:JAVA,componentType:CUSTOM], actionTaken:BASE_PAGE_AND_VERSION_CREATED}]
[Exiting method {com.topcoder.confluence.webservice.delegate.ConfluenceManagerWebServiceDelegate.createPage}]
[Output parameter {page:[basePageUrl:Erebus Token Web ServicesUrl,versionUrl:,assetName:,version:1.0,applicationCode:,content:,assetType:COMPONENT_DESIGN,catalog:JAVA,componentType:CUSTOM], actionTaken:BASE_PAGE_AND_VERSION_CREATED}]
[Entering method {com.topcoder.confluence.webservice.delegate.ConfluenceManagerWebServiceDelegate.createPage}]
[Input parameters[{token}:{tokentoken},{pageName}:{Erebus Payment Web Services},{version}:{1.0},{assetType}:{COMPONENT_DESIGN},{catalog}:{JAVA},{applicationCode}:{12345}]]
[Entering method {com.topcoder.confluence.webservice.bean.ConfluenceManagementServiceBean.createPage}]
[Input parameters[{token}:{tokentoken},{pageName}:{Erebus Payment Web Services},{version}:{1.0},{assetType}:{COMPONENT_DESIGN},{catalog}:{JAVA},{applicationCode}:{12345}]]
[Exiting method {com.topcoder.confluence.webservice.bean.ConfluenceManagementServiceBean.createPage}]
[Output parameter {page:[basePageUrl:Erebus Payment Web ServicesUrl,versionUrl:,assetName:,version:1.0,applicationCode:12345,content:,assetType:COMPONENT_DESIGN,catalog:JAVA,componentType:], actionTaken:BASE_PAGE_AND_VERSION_CREATED}]
[Exiting method {com.topcoder.confluence.webservice.delegate.ConfluenceManagerWebServiceDelegate.createPage}]
[Output parameter {page:[basePageUrl:Erebus Payment Web ServicesUrl,versionUrl:,assetName:,version:1.0,applicationCode:12345,content:,assetType:COMPONENT_DESIGN,catalog:JAVA,componentType:], actionTaken:BASE_PAGE_AND_VERSION_CREATED}]
[Entering method {com.topcoder.confluence.webservice.delegate.ConfluenceManagerWebServiceDelegate.retrievePage}]
[Input parameters[{token}:{tokentoken},{pageName}:{Erebus Token Web Services},{version}:{1.0},{assetType}:{COMPONENT_DESIGN},{catalog}:{JAVA},{componentType}:{CUSTOM}]]
[Entering method {com.topcoder.confluence.webservice.bean.ConfluenceManagementServiceBean.retrievePage}]
[Input parameters[{token}:{tokentoken},{pageName}:{Erebus Token Web Services},{version}:{1.0},{assetType}:{COMPONENT_DESIGN},{catalog}:{JAVA},{componentType}:{CUSTOM}]]
[Exiting method {com.topcoder.confluence.webservice.bean.ConfluenceManagementServiceBean.retrievePage}]
[Output parameter {basePageUrl:Erebus Token Web ServicesUrl,versionUrl:,assetName:,version:1.0,applicationCode:,content:,assetType:COMPONENT_DESIGN,catalog:JAVA,componentType:CUSTOM}]
[Exiting method {com.topcoder.confluence.webservice.delegate.ConfluenceManagerWebServiceDelegate.retrievePage}]
[Output parameter {basePageUrl:Erebus Token Web ServicesUrl,versionUrl:,assetName:,version:1.0,applicationCode:,content:,assetType:COMPONENT_DESIGN,catalog:JAVA,componentType:CUSTOM}]
[Entering method {com.topcoder.confluence.webservice.delegate.ConfluenceManagerWebServiceDelegate.logout}]
[Input parameters[{token}:{tokentoken}]]
[Entering method {com.topcoder.confluence.webservice.bean.ConfluenceManagementServiceBean.logout}]
[Input parameters[{token}:{tokentoken}]]
[Exiting method {com.topcoder.confluence.webservice.bean.ConfluenceManagementServiceBean.logout}]
[Exiting method {com.topcoder.confluence.webservice.delegate.ConfluenceManagerWebServiceDelegate.logout}]
[Entering method {com.topcoder.confluence.webservice.delegate.ConfluenceManagerWebServiceDelegate.login}]
[Input parameters[{userName}:{username},{password}:{password}]]
[Entering method {com.topcoder.confluence.webservice.bean.ConfluenceManagementServiceBean.login}]
[Input parameters[{userName}:{username},{password}:{password}]]
[Exiting method {com.topcoder.confluence.webservice.bean.ConfluenceManagementServiceBean.login}]
[Output parameter {tokentoken}]
[Exiting method {com.topcoder.confluence.webservice.delegate.ConfluenceManagerWebServiceDelegate.login}]
[Output parameter {tokentoken}]
[Entering method {com.topcoder.confluence.webservice.delegate.ConfluenceManagerWebServiceDelegate.createPage}]
[Input parameters[{token}:{tokentoken},{pageName}:{Erebus Token Web Services},{version}:{1.0},{assetType}:{COMPONENT_DESIGN},{catalog}:{JAVA},{componentType}:{CUSTOM}]]
[Entering method {com.topcoder.confluence.webservice.bean.ConfluenceManagementServiceBean.createPage}]
[Input parameters[{token}:{tokentoken},{pageName}:{Erebus Token Web Services},{version}:{1.0},{assetType}:{COMPONENT_DESIGN},{catalog}:{JAVA},{componentType}:{CUSTOM}]]
[Exiting method {com.topcoder.confluence.webservice.bean.ConfluenceManagementServiceBean.createPage}]
[Output parameter {page:[basePageUrl:Erebus Token Web ServicesUrl,versionUrl:,assetName:,version:1.0,applicationCode:,content:,assetType:COMPONENT_DESIGN,catalog:JAVA,componentType:CUSTOM], actionTaken:BASE_PAGE_AND_VERSION_CREATED}]
[Exiting method {com.topcoder.confluence.webservice.delegate.ConfluenceManagerWebServiceDelegate.createPage}]
[Output parameter {page:[basePageUrl:Erebus Token Web ServicesUrl,versionUrl:,assetName:,version:1.0,applicationCode:,content:,assetType:COMPONENT_DESIGN,catalog:JAVA,componentType:CUSTOM], actionTaken:BASE_PAGE_AND_VERSION_CREATED}]
[Entering method {com.topcoder.confluence.webservice.delegate.ConfluenceManagerWebServiceDelegate.createPage}]
[Input parameters[{token}:{tokentoken},{pageName}:{Erebus Payment Web Services},{version}:{1.0},{assetType}:{COMPONENT_DESIGN},{catalog}:{JAVA},{applicationCode}:{12345}]]
[Entering method {com.topcoder.confluence.webservice.bean.ConfluenceManagementServiceBean.createPage}]
[Input parameters[{token}:{tokentoken},{pageName}:{Erebus Payment Web Services},{version}:{1.0},{assetType}:{COMPONENT_DESIGN},{catalog}:{JAVA},{applicationCode}:{12345}]]
[Exiting method {com.topcoder.confluence.webservice.bean.ConfluenceManagementServiceBean.createPage}]
[Output parameter {page:[basePageUrl:Erebus Payment Web ServicesUrl,versionUrl:,assetName:,version:1.0,applicationCode:12345,content:,assetType:COMPONENT_DESIGN,catalog:JAVA,componentType:], actionTaken:BASE_PAGE_AND_VERSION_CREATED}]
[Exiting method {com.topcoder.confluence.webservice.delegate.ConfluenceManagerWebServiceDelegate.createPage}]
[Output parameter {page:[basePageUrl:Erebus Payment Web ServicesUrl,versionUrl:,assetName:,version:1.0,applicationCode:12345,content:,assetType:COMPONENT_DESIGN,catalog:JAVA,componentType:], actionTaken:BASE_PAGE_AND_VERSION_CREATED}]
[Entering method {com.topcoder.confluence.webservice.delegate.ConfluenceManagerWebServiceDelegate.retrievePage}]
[Input parameters[{token}:{tokentoken},{pageName}:{Erebus Token Web Services},{version}:{1.0},{assetType}:{COMPONENT_DESIGN},{catalog}:{JAVA},{componentType}:{CUSTOM}]]
[Entering method {com.topcoder.confluence.webservice.bean.ConfluenceManagementServiceBean.retrievePage}]
[Input parameters[{token}:{tokentoken},{pageName}:{Erebus Token Web Services},{version}:{1.0},{assetType}:{COMPONENT_DESIGN},{catalog}:{JAVA},{componentType}:{CUSTOM}]]
[Exiting method {com.topcoder.confluence.webservice.bean.ConfluenceManagementServiceBean.retrievePage}]
[Output parameter {basePageUrl:Erebus Token Web ServicesUrl,versionUrl:,assetName:,version:1.0,applicationCode:,content:,assetType:COMPONENT_DESIGN,catalog:JAVA,componentType:CUSTOM}]
[Exiting method {com.topcoder.confluence.webservice.delegate.ConfluenceManagerWebServiceDelegate.retrievePage}]
[Output parameter {basePageUrl:Erebus Token Web ServicesUrl,versionUrl:,assetName:,version:1.0,applicationCode:,content:,assetType:COMPONENT_DESIGN,catalog:JAVA,componentType:CUSTOM}]
[Entering method {com.topcoder.confluence.webservice.delegate.ConfluenceManagerWebServiceDelegate.logout}]
[Input parameters[{token}:{tokentoken}]]
[Entering method {com.topcoder.confluence.webservice.bean.ConfluenceManagementServiceBean.logout}]
[Input parameters[{token}:{tokentoken}]]
[Exiting method {com.topcoder.confluence.webservice.bean.ConfluenceManagementServiceBean.logout}]
[Exiting method {com.topcoder.confluence.webservice.delegate.ConfluenceManagerWebServiceDelegate.logout}]
[Entering method {com.topcoder.confluence.webservice.delegate.ConfluenceManagerWebServiceDelegate.login}]
[Input parameters[{userName}:{username},{password}:{password}]]
[Entering method {com.topcoder.confluence.webservice.bean.ConfluenceManagementServiceBean.login}]
[Input parameters[{userName}:{username},{password}:{password}]]
[Exiting method {com.topcoder.confluence.webservice.bean.ConfluenceManagementServiceBean.login}]
[Output parameter {tokentoken}]
[Exiting method {com.topcoder.confluence.webservice.delegate.ConfluenceManagerWebServiceDelegate.login}]
[Output parameter {tokentoken}]
[Entering method {com.topcoder.confluence.webservice.delegate.ConfluenceManagerWebServiceDelegate.createPage}]
[Input parameters[{token}:{tokentoken},{pageName}:{Erebus Token Web Services},{version}:{1.0},{assetType}:{COMPONENT_DESIGN},{catalog}:{JAVA},{componentType}:{CUSTOM}]]
[Entering method {com.topcoder.confluence.webservice.bean.ConfluenceManagementServiceBean.createPage}]
[Input parameters[{token}:{tokentoken},{pageName}:{Erebus Token Web Services},{version}:{1.0},{assetType}:{COMPONENT_DESIGN},{catalog}:{JAVA},{componentType}:{CUSTOM}]]
[Exiting method {com.topcoder.confluence.webservice.bean.ConfluenceManagementServiceBean.createPage}]
[Output parameter {page:[basePageUrl:Erebus Token Web ServicesUrl,versionUrl:,assetName:,version:1.0,applicationCode:,content:,assetType:COMPONENT_DESIGN,catalog:JAVA,componentType:CUSTOM], actionTaken:BASE_PAGE_AND_VERSION_CREATED}]
[Exiting method {com.topcoder.confluence.webservice.delegate.ConfluenceManagerWebServiceDelegate.createPage}]
[Output parameter {page:[basePageUrl:Erebus Token Web ServicesUrl,versionUrl:,assetName:,version:1.0,applicationCode:,content:,assetType:COMPONENT_DESIGN,catalog:JAVA,componentType:CUSTOM], actionTaken:BASE_PAGE_AND_VERSION_CREATED}]
[Entering method {com.topcoder.confluence.webservice.delegate.ConfluenceManagerWebServiceDelegate.createPage}]
[Input parameters[{token}:{tokentoken},{pageName}:{Erebus Payment Web Services},{version}:{1.0},{assetType}:{COMPONENT_DESIGN},{catalog}:{JAVA},{applicationCode}:{12345}]]
[Entering method {com.topcoder.confluence.webservice.bean.ConfluenceManagementServiceBean.createPage}]
[Input parameters[{token}:{tokentoken},{pageName}:{Erebus Payment Web Services},{version}:{1.0},{assetType}:{COMPONENT_DESIGN},{catalog}:{JAVA},{applicationCode}:{12345}]]
[Exiting method {com.topcoder.confluence.webservice.bean.ConfluenceManagementServiceBean.createPage}]
[Output parameter {page:[basePageUrl:Erebus Payment Web ServicesUrl,versionUrl:,assetName:,version:1.0,applicationCode:12345,content:,assetType:COMPONENT_DESIGN,catalog:JAVA,componentType:], actionTaken:BASE_PAGE_AND_VERSION_CREATED}]
[Exiting method {com.topcoder.confluence.webservice.delegate.ConfluenceManagerWebServiceDelegate.createPage}]
[Output parameter {page:[basePageUrl:Erebus Payment Web ServicesUrl,versionUrl:,assetName:,version:1.0,applicationCode:12345,content:,assetType:COMPONENT_DESIGN,catalog:JAVA,componentType:], actionTaken:BASE_PAGE_AND_VERSION_CREATED}]
[Entering method {com.topcoder.confluence.webservice.delegate.ConfluenceManagerWebServiceDelegate.retrievePage}]
[Input parameters[{token}:{tokentoken},{pageName}:{Erebus Token Web Services},{version}:{1.0},{assetType}:{COMPONENT_DESIGN},{catalog}:{JAVA},{componentType}:{CUSTOM}]]
[Entering method {com.topcoder.confluence.webservice.bean.ConfluenceManagementServiceBean.retrievePage}]
[Input parameters[{token}:{tokentoken},{pageName}:{Erebus Token Web Services},{version}:{1.0},{assetType}:{COMPONENT_DESIGN},{catalog}:{JAVA},{componentType}:{CUSTOM}]]
[Exiting method {com.topcoder.confluence.webservice.bean.ConfluenceManagementServiceBean.retrievePage}]
[Output parameter {basePageUrl:Erebus Token Web ServicesUrl,versionUrl:,assetName:,version:1.0,applicationCode:,content:,assetType:COMPONENT_DESIGN,catalog:JAVA,componentType:CUSTOM}]
[Exiting method {com.topcoder.confluence.webservice.delegate.ConfluenceManagerWebServiceDelegate.retrievePage}]
[Output parameter {basePageUrl:Erebus Token Web ServicesUrl,versionUrl:,assetName:,version:1.0,applicationCode:,content:,assetType:COMPONENT_DESIGN,catalog:JAVA,componentType:CUSTOM}]
[Entering method {com.topcoder.confluence.webservice.delegate.ConfluenceManagerWebServiceDelegate.logout}]
[Input parameters[{token}:{tokentoken}]]
[Entering method {com.topcoder.confluence.webservice.bean.ConfluenceManagementServiceBean.logout}]
[Input parameters[{token}:{tokentoken}]]
[Exiting method {com.topcoder.confluence.webservice.bean.ConfluenceManagementServiceBean.logout}]
[Exiting method {com.topcoder.confluence.webservice.delegate.ConfluenceManagerWebServiceDelegate.logout}]
[Entering method {com.topcoder.confluence.webservice.delegate.ConfluenceManagerWebServiceDelegate.login}]
[Input parameters[{userName}:{username},{password}:{password}]]
[Entering method {com.topcoder.confluence.webservice.bean.ConfluenceManagementServiceBean.login}]
[Input parameters[{userName}:{username},{password}:{password}]]
[Exiting method {com.topcoder.confluence.webservice.bean.ConfluenceManagementServiceBean.login}]
[Output parameter {tokentoken}]
[Exiting method {com.topcoder.confluence.webservice.delegate.ConfluenceManagerWebServiceDelegate.login}]
[Output parameter {tokentoken}]
[Entering method {com.topcoder.confluence.webservice.delegate.ConfluenceManagerWebServiceDelegate.createPage}]
[Input parameters[{token}:{tokentoken},{pageName}:{Erebus Token Web Services},{version}:{1.0},{assetType}:{COMPONENT_DESIGN},{catalog}:{JAVA},{componentType}:{CUSTOM}]]
[Entering method {com.topcoder.confluence.webservice.bean.ConfluenceManagementServiceBean.createPage}]
[Input parameters[{token}:{tokentoken},{pageName}:{Erebus Token Web Services},{version}:{1.0},{assetType}:{COMPONENT_DESIGN},{catalog}:{JAVA},{componentType}:{CUSTOM}]]
[Exiting method {com.topcoder.confluence.webservice.bean.ConfluenceManagementServiceBean.createPage}]
[Output parameter {page:[basePageUrl:Erebus Token Web ServicesUrl,versionUrl:,assetName:,version:1.0,applicationCode:,content:,assetType:COMPONENT_DESIGN,catalog:JAVA,componentType:CUSTOM], actionTaken:BASE_PAGE_AND_VERSION_CREATED}]
[Exiting method {com.topcoder.confluence.webservice.delegate.ConfluenceManagerWebServiceDelegate.createPage}]
[Output parameter {page:[basePageUrl:Erebus Token Web ServicesUrl,versionUrl:,assetName:,version:1.0,applicationCode:,content:,assetType:COMPONENT_DESIGN,catalog:JAVA,componentType:CUSTOM], actionTaken:BASE_PAGE_AND_VERSION_CREATED}]
[Entering method {com.topcoder.confluence.webservice.delegate.ConfluenceManagerWebServiceDelegate.createPage}]
[Input parameters[{token}:{tokentoken},{pageName}:{Erebus Payment Web Services},{version}:{1.0},{assetType}:{COMPONENT_DESIGN},{catalog}:{JAVA},{applicationCode}:{12345}]]
[Entering method {com.topcoder.confluence.webservice.bean.ConfluenceManagementServiceBean.createPage}]
[Input parameters[{token}:{tokentoken},{pageName}:{Erebus Payment Web Services},{version}:{1.0},{assetType}:{COMPONENT_DESIGN},{catalog}:{JAVA},{applicationCode}:{12345}]]
[Exiting method {com.topcoder.confluence.webservice.bean.ConfluenceManagementServiceBean.createPage}]
[Output parameter {page:[basePageUrl:Erebus Payment Web ServicesUrl,versionUrl:,assetName:,version:1.0,applicationCode:12345,content:,assetType:COMPONENT_DESIGN,catalog:JAVA,componentType:], actionTaken:BASE_PAGE_AND_VERSION_CREATED}]
[Exiting method {com.topcoder.confluence.webservice.delegate.ConfluenceManagerWebServiceDelegate.createPage}]
[Output parameter {page:[basePageUrl:Erebus Payment Web ServicesUrl,versionUrl:,assetName:,version:1.0,applicationCode:12345,content:,assetType:COMPONENT_DESIGN,catalog:JAVA,componentType:], actionTaken:BASE_PAGE_AND_VERSION_CREATED}]
[Entering method {com.topcoder.confluence.webservice.delegate.ConfluenceManagerWebServiceDelegate.retrievePage}]
[Input parameters[{token}:{tokentoken},{pageName}:{Erebus Token Web Services},{version}:{1.0},{assetType}:{COMPONENT_DESIGN},{catalog}:{JAVA},{componentType}:{CUSTOM}]]
[Entering method {com.topcoder.confluence.webservice.bean.ConfluenceManagementServiceBean.retrievePage}]
[Input parameters[{token}:{tokentoken},{pageName}:{Erebus Token Web Services},{version}:{1.0},{assetType}:{COMPONENT_DESIGN},{catalog}:{JAVA},{componentType}:{CUSTOM}]]
[Exiting method {com.topcoder.confluence.webservice.bean.ConfluenceManagementServiceBean.retrievePage}]
[Output parameter {basePageUrl:Erebus Token Web ServicesUrl,versionUrl:,assetName:,version:1.0,applicationCode:,content:,assetType:COMPONENT_DESIGN,catalog:JAVA,componentType:CUSTOM}]
[Exiting method {com.topcoder.confluence.webservice.delegate.ConfluenceManagerWebServiceDelegate.retrievePage}]
[Output parameter {basePageUrl:Erebus Token Web ServicesUrl,versionUrl:,assetName:,version:1.0,applicationCode:,content:,assetType:COMPONENT_DESIGN,catalog:JAVA,componentType:CUSTOM}]
[Entering method {com.topcoder.confluence.webservice.delegate.ConfluenceManagerWebServiceDelegate.logout}]
[Input parameters[{token}:{tokentoken}]]
[Entering method {com.topcoder.confluence.webservice.bean.ConfluenceManagementServiceBean.logout}]
[Input parameters[{token}:{tokentoken}]]
[Exiting method {com.topcoder.confluence.webservice.bean.ConfluenceManagementServiceBean.logout}]
[Exiting method {com.topcoder.confluence.webservice.delegate.ConfluenceManagerWebServiceDelegate.logout}]
[Entering method {com.topcoder.confluence.webservice.delegate.ConfluenceManagerWebServiceDelegate.login}]
[Input parameters[{userName}:{username},{password}:{password}]]
[Entering method {com.topcoder.confluence.webservice.bean.ConfluenceManagementServiceBean.login}]
[Input parameters[{userName}:{username},{password}:{password}]]
[Exiting method {com.topcoder.confluence.webservice.bean.ConfluenceManagementServiceBean.login}]
[Output parameter {tokentoken}]
[Exiting method {com.topcoder.confluence.webservice.delegate.ConfluenceManagerWebServiceDelegate.login}]
[Output parameter {tokentoken}]
[Entering method {com.topcoder.confluence.webservice.delegate.ConfluenceManagerWebServiceDelegate.createPage}]
[Input parameters[{token}:{tokentoken},{pageName}:{Erebus Token Web Services},{version}:{1.0},{assetType}:{COMPONENT_DESIGN},{catalog}:{JAVA},{componentType}:{CUSTOM}]]
[Entering method {com.topcoder.confluence.webservice.bean.ConfluenceManagementServiceBean.createPage}]
[Input parameters[{token}:{tokentoken},{pageName}:{Erebus Token Web Services},{version}:{1.0},{assetType}:{COMPONENT_DESIGN},{catalog}:{JAVA},{componentType}:{CUSTOM}]]
[Exiting method {com.topcoder.confluence.webservice.bean.ConfluenceManagementServiceBean.createPage}]
[Output parameter {page:[basePageUrl:Erebus Token Web ServicesUrl,versionUrl:,assetName:,version:1.0,applicationCode:,content:,assetType:COMPONENT_DESIGN,catalog:JAVA,componentType:CUSTOM], actionTaken:BASE_PAGE_AND_VERSION_CREATED}]
[Exiting method {com.topcoder.confluence.webservice.delegate.ConfluenceManagerWebServiceDelegate.createPage}]
[Output parameter {page:[basePageUrl:Erebus Token Web ServicesUrl,versionUrl:,assetName:,version:1.0,applicationCode:,content:,assetType:COMPONENT_DESIGN,catalog:JAVA,componentType:CUSTOM], actionTaken:BASE_PAGE_AND_VERSION_CREATED}]
[Entering method {com.topcoder.confluence.webservice.delegate.ConfluenceManagerWebServiceDelegate.createPage}]
[Input parameters[{token}:{tokentoken},{pageName}:{Erebus Payment Web Services},{version}:{1.0},{assetType}:{COMPONENT_DESIGN},{catalog}:{JAVA},{applicationCode}:{12345}]]
[Entering method {com.topcoder.confluence.webservice.bean.ConfluenceManagementServiceBean.createPage}]
[Input parameters[{token}:{tokentoken},{pageName}:{Erebus Payment Web Services},{version}:{1.0},{assetType}:{COMPONENT_DESIGN},{catalog}:{JAVA},{applicationCode}:{12345}]]
[Exiting method {com.topcoder.confluence.webservice.bean.ConfluenceManagementServiceBean.createPage}]
[Output parameter {page:[basePageUrl:Erebus Payment Web ServicesUrl,versionUrl:,assetName:,version:1.0,applicationCode:12345,content:,assetType:COMPONENT_DESIGN,catalog:JAVA,componentType:], actionTaken:BASE_PAGE_AND_VERSION_CREATED}]
[Exiting method {com.topcoder.confluence.webservice.delegate.ConfluenceManagerWebServiceDelegate.createPage}]
[Output parameter {page:[basePageUrl:Erebus Payment Web ServicesUrl,versionUrl:,assetName:,version:1.0,applicationCode:12345,content:,assetType:COMPONENT_DESIGN,catalog:JAVA,componentType:], actionTaken:BASE_PAGE_AND_VERSION_CREATED}]
[Entering method {com.topcoder.confluence.webservice.delegate.ConfluenceManagerWebServiceDelegate.retrievePage}]
[Input parameters[{token}:{tokentoken},{pageName}:{Erebus Token Web Services},{version}:{1.0},{assetType}:{COMPONENT_DESIGN},{catalog}:{JAVA},{componentType}:{CUSTOM}]]
[Entering method {com.topcoder.confluence.webservice.bean.ConfluenceManagementServiceBean.retrievePage}]
[Input parameters[{token}:{tokentoken},{pageName}:{Erebus Token Web Services},{version}:{1.0},{assetType}:{COMPONENT_DESIGN},{catalog}:{JAVA},{componentType}:{CUSTOM}]]
[Exiting method {com.topcoder.confluence.webservice.bean.ConfluenceManagementServiceBean.retrievePage}]
[Output parameter {basePageUrl:Erebus Token Web ServicesUrl,versionUrl:,assetName:,version:1.0,applicationCode:,content:,assetType:COMPONENT_DESIGN,catalog:JAVA,componentType:CUSTOM}]
[Exiting method {com.topcoder.confluence.webservice.delegate.ConfluenceManagerWebServiceDelegate.retrievePage}]
[Output parameter {basePageUrl:Erebus Token Web ServicesUrl,versionUrl:,assetName:,version:1.0,applicationCode:,content:,assetType:COMPONENT_DESIGN,catalog:JAVA,componentType:CUSTOM}]
[Entering method {com.topcoder.confluence.webservice.delegate.ConfluenceManagerWebServiceDelegate.logout}]
[Input parameters[{token}:{tokentoken}]]
[Entering method {com.topcoder.confluence.webservice.bean.ConfluenceManagementServiceBean.logout}]
[Input parameters[{token}:{tokentoken}]]
[Exiting method {com.topcoder.confluence.webservice.bean.ConfluenceManagementServiceBean.logout}]
[Exiting method {com.topcoder.confluence.webservice.delegate.ConfluenceManagerWebServiceDelegate.logout}]
[Entering method {com.topcoder.confluence.webservice.delegate.ConfluenceManagerWebServiceDelegate.login}]
[Input parameters[{userName}:{username},{password}:{password}]]
[Entering method {com.topcoder.confluence.webservice.bean.ConfluenceManagementServiceBean.login}]
[Input parameters[{userName}:{username},{password}:{password}]]
[Exiting method {com.topcoder.confluence.webservice.bean.ConfluenceManagementServiceBean.login}]
[Output parameter {tokentoken}]
[Exiting method {com.topcoder.confluence.webservice.delegate.ConfluenceManagerWebServiceDelegate.login}]
[Output parameter {tokentoken}]
[Entering method {com.topcoder.confluence.webservice.delegate.ConfluenceManagerWebServiceDelegate.createPage}]
[Input parameters[{token}:{tokentoken},{pageName}:{Erebus Token Web Services},{version}:{1.0},{assetType}:{COMPONENT_DESIGN},{catalog}:{JAVA},{componentType}:{CUSTOM}]]
[Entering method {com.topcoder.confluence.webservice.bean.ConfluenceManagementServiceBean.createPage}]
[Input parameters[{token}:{tokentoken},{pageName}:{Erebus Token Web Services},{version}:{1.0},{assetType}:{COMPONENT_DESIGN},{catalog}:{JAVA},{componentType}:{CUSTOM}]]
[Exiting method {com.topcoder.confluence.webservice.bean.ConfluenceManagementServiceBean.createPage}]
[Output parameter {page:[basePageUrl:Erebus Token Web ServicesUrl,versionUrl:,assetName:,version:1.0,applicationCode:,content:,assetType:COMPONENT_DESIGN,catalog:JAVA,componentType:CUSTOM], actionTaken:BASE_PAGE_AND_VERSION_CREATED}]
[Exiting method {com.topcoder.confluence.webservice.delegate.ConfluenceManagerWebServiceDelegate.createPage}]
[Output parameter {page:[basePageUrl:Erebus Token Web ServicesUrl,versionUrl:,assetName:,version:1.0,applicationCode:,content:,assetType:COMPONENT_DESIGN,catalog:JAVA,componentType:CUSTOM], actionTaken:BASE_PAGE_AND_VERSION_CREATED}]
[Entering method {com.topcoder.confluence.webservice.delegate.ConfluenceManagerWebServiceDelegate.createPage}]
[Input parameters[{token}:{tokentoken},{pageName}:{Erebus Payment Web Services},{version}:{1.0},{assetType}:{COMPONENT_DESIGN},{catalog}:{JAVA},{applicationCode}:{12345}]]
[Entering method {com.topcoder.confluence.webservice.bean.ConfluenceManagementServiceBean.createPage}]
[Input parameters[{token}:{tokentoken},{pageName}:{Erebus Payment Web Services},{version}:{1.0},{assetType}:{COMPONENT_DESIGN},{catalog}:{JAVA},{applicationCode}:{12345}]]
[Exiting method {com.topcoder.confluence.webservice.bean.ConfluenceManagementServiceBean.createPage}]
[Output parameter {page:[basePageUrl:Erebus Payment Web ServicesUrl,versionUrl:,assetName:,version:1.0,applicationCode:12345,content:,assetType:COMPONENT_DESIGN,catalog:JAVA,componentType:], actionTaken:BASE_PAGE_AND_VERSION_CREATED}]
[Exiting method {com.topcoder.confluence.webservice.delegate.ConfluenceManagerWebServiceDelegate.createPage}]
[Output parameter {page:[basePageUrl:Erebus Payment Web ServicesUrl,versionUrl:,assetName:,version:1.0,applicationCode:12345,content:,assetType:COMPONENT_DESIGN,catalog:JAVA,componentType:], actionTaken:BASE_PAGE_AND_VERSION_CREATED}]
[Entering method {com.topcoder.confluence.webservice.delegate.ConfluenceManagerWebServiceDelegate.retrievePage}]
[Input parameters[{token}:{tokentoken},{pageName}:{Erebus Token Web Services},{version}:{1.0},{assetType}:{COMPONENT_DESIGN},{catalog}:{JAVA},{componentType}:{CUSTOM}]]
[Entering method {com.topcoder.confluence.webservice.bean.ConfluenceManagementServiceBean.retrievePage}]
[Input parameters[{token}:{tokentoken},{pageName}:{Erebus Token Web Services},{version}:{1.0},{assetType}:{COMPONENT_DESIGN},{catalog}:{JAVA},{componentType}:{CUSTOM}]]
[Exiting method {com.topcoder.confluence.webservice.bean.ConfluenceManagementServiceBean.retrievePage}]
[Output parameter {basePageUrl:Erebus Token Web ServicesUrl,versionUrl:,assetName:,version:1.0,applicationCode:,content:,assetType:COMPONENT_DESIGN,catalog:JAVA,componentType:CUSTOM}]
[Exiting method {com.topcoder.confluence.webservice.delegate.ConfluenceManagerWebServiceDelegate.retrievePage}]
[Output parameter {basePageUrl:Erebus Token Web ServicesUrl,versionUrl:,assetName:,version:1.0,applicationCode:,content:,assetType:COMPONENT_DESIGN,catalog:JAVA,componentType:CUSTOM}]
[Entering method {com.topcoder.confluence.webservice.delegate.ConfluenceManagerWebServiceDelegate.logout}]
[Input parameters[{token}:{tokentoken}]]
[Entering method {com.topcoder.confluence.webservice.bean.ConfluenceManagementServiceBean.logout}]
[Input parameters[{token}:{tokentoken}]]
[Exiting method {com.topcoder.confluence.webservice.bean.ConfluenceManagementServiceBean.logout}]
[Exiting method {com.topcoder.confluence.webservice.delegate.ConfluenceManagerWebServiceDelegate.logout}]
[Entering method {com.topcoder.confluence.webservice.delegate.ConfluenceManagerWebServiceDelegate.login}]
[Input parameters[{userName}:{username},{password}:{password}]]
[Entering method {com.topcoder.confluence.webservice.bean.ConfluenceManagementServiceBean.login}]
[Input parameters[{userName}:{username},{password}:{password}]]
[Exiting method {com.topcoder.confluence.webservice.bean.ConfluenceManagementServiceBean.login}]
[Output parameter {tokentoken}]
[Exiting method {com.topcoder.confluence.webservice.delegate.ConfluenceManagerWebServiceDelegate.login}]
[Output parameter {tokentoken}]
[Entering method {com.topcoder.confluence.webservice.delegate.ConfluenceManagerWebServiceDelegate.createPage}]
[Input parameters[{token}:{tokentoken},{pageName}:{Erebus Token Web Services},{version}:{1.0},{assetType}:{COMPONENT_DESIGN},{catalog}:{JAVA},{componentType}:{CUSTOM}]]
[Entering method {com.topcoder.confluence.webservice.bean.ConfluenceManagementServiceBean.createPage}]
[Input parameters[{token}:{tokentoken},{pageName}:{Erebus Token Web Services},{version}:{1.0},{assetType}:{COMPONENT_DESIGN},{catalog}:{JAVA},{componentType}:{CUSTOM}]]
[Exiting method {com.topcoder.confluence.webservice.bean.ConfluenceManagementServiceBean.createPage}]
[Output parameter {page:[basePageUrl:Erebus Token Web ServicesUrl,versionUrl:,assetName:,version:1.0,applicationCode:,content:,assetType:COMPONENT_DESIGN,catalog:JAVA,componentType:CUSTOM], actionTaken:BASE_PAGE_AND_VERSION_CREATED}]
[Exiting method {com.topcoder.confluence.webservice.delegate.ConfluenceManagerWebServiceDelegate.createPage}]
[Output parameter {page:[basePageUrl:Erebus Token Web ServicesUrl,versionUrl:,assetName:,version:1.0,applicationCode:,content:,assetType:COMPONENT_DESIGN,catalog:JAVA,componentType:CUSTOM], actionTaken:BASE_PAGE_AND_VERSION_CREATED}]
[Entering method {com.topcoder.confluence.webservice.delegate.ConfluenceManagerWebServiceDelegate.createPage}]
[Input parameters[{token}:{tokentoken},{pageName}:{Erebus Payment Web Services},{version}:{1.0},{assetType}:{COMPONENT_DESIGN},{catalog}:{JAVA},{applicationCode}:{12345}]]
[Entering method {com.topcoder.confluence.webservice.bean.ConfluenceManagementServiceBean.createPage}]
[Input parameters[{token}:{tokentoken},{pageName}:{Erebus Payment Web Services},{version}:{1.0},{assetType}:{COMPONENT_DESIGN},{catalog}:{JAVA},{applicationCode}:{12345}]]
[Exiting method {com.topcoder.confluence.webservice.bean.ConfluenceManagementServiceBean.createPage}]
[Output parameter {page:[basePageUrl:Erebus Payment Web ServicesUrl,versionUrl:,assetName:,version:1.0,applicationCode:12345,content:,assetType:COMPONENT_DESIGN,catalog:JAVA,componentType:], actionTaken:BASE_PAGE_AND_VERSION_CREATED}]
[Exiting method {com.topcoder.confluence.webservice.delegate.ConfluenceManagerWebServiceDelegate.createPage}]
[Output parameter {page:[basePageUrl:Erebus Payment Web ServicesUrl,versionUrl:,assetName:,version:1.0,applicationCode:12345,content:,assetType:COMPONENT_DESIGN,catalog:JAVA,componentType:], actionTaken:BASE_PAGE_AND_VERSION_CREATED}]
[Entering method {com.topcoder.confluence.webservice.delegate.ConfluenceManagerWebServiceDelegate.retrievePage}]
[Input parameters[{token}:{tokentoken},{pageName}:{Erebus Token Web Services},{version}:{1.0},{assetType}:{COMPONENT_DESIGN},{catalog}:{JAVA},{componentType}:{CUSTOM}]]
[Entering method {com.topcoder.confluence.webservice.bean.ConfluenceManagementServiceBean.retrievePage}]
[Input parameters[{token}:{tokentoken},{pageName}:{Erebus Token Web Services},{version}:{1.0},{assetType}:{COMPONENT_DESIGN},{catalog}:{JAVA},{componentType}:{CUSTOM}]]
[Exiting method {com.topcoder.confluence.webservice.bean.ConfluenceManagementServiceBean.retrievePage}]
[Output parameter {basePageUrl:Erebus Token Web ServicesUrl,versionUrl:,assetName:,version:1.0,applicationCode:,content:,assetType:COMPONENT_DESIGN,catalog:JAVA,componentType:CUSTOM}]
[Exiting method {com.topcoder.confluence.webservice.delegate.ConfluenceManagerWebServiceDelegate.retrievePage}]
[Output parameter {basePageUrl:Erebus Token Web ServicesUrl,versionUrl:,assetName:,version:1.0,applicationCode:,content:,assetType:COMPONENT_DESIGN,catalog:JAVA,componentType:CUSTOM}]
[Entering method {com.topcoder.confluence.webservice.delegate.ConfluenceManagerWebServiceDelegate.logout}]
[Input parameters[{token}:{tokentoken}]]
[Entering method {com.topcoder.confluence.webservice.bean.ConfluenceManagementServiceBean.logout}]
[Input parameters[{token}:{tokentoken}]]
[Exiting method {com.topcoder.confluence.webservice.bean.ConfluenceManagementServiceBean.logout}]
[Exiting method {com.topcoder.confluence.webservice.delegate.ConfluenceManagerWebServiceDelegate.logout}]
[Entering method {com.topcoder.confluence.webservice.delegate.ConfluenceManagerWebServiceDelegate.login}]
[Input parameters[{userName}:{username},{password}:{password}]]
[Entering method {com.topcoder.confluence.webservice.bean.ConfluenceManagementServiceBean.login}]
[Input parameters[{userName}:{username},{password}:{password}]]
[Exiting method {com.topcoder.confluence.webservice.bean.ConfluenceManagementServiceBean.login}]
[Output parameter {tokentoken}]
[Exiting method {com.topcoder.confluence.webservice.delegate.ConfluenceManagerWebServiceDelegate.login}]
[Output parameter {tokentoken}]
[Entering method {com.topcoder.confluence.webservice.delegate.ConfluenceManagerWebServiceDelegate.createPage}]
[Input parameters[{token}:{tokentoken},{pageName}:{Erebus Token Web Services},{version}:{1.0},{assetType}:{COMPONENT_DESIGN},{catalog}:{JAVA},{componentType}:{CUSTOM}]]
[Entering method {com.topcoder.confluence.webservice.bean.ConfluenceManagementServiceBean.createPage}]
[Input parameters[{token}:{tokentoken},{pageName}:{Erebus Token Web Services},{version}:{1.0},{assetType}:{COMPONENT_DESIGN},{catalog}:{JAVA},{componentType}:{CUSTOM}]]
[Exiting method {com.topcoder.confluence.webservice.bean.ConfluenceManagementServiceBean.createPage}]
[Output parameter {page:[basePageUrl:Erebus Token Web ServicesUrl,versionUrl:,assetName:,version:1.0,applicationCode:,content:,assetType:COMPONENT_DESIGN,catalog:JAVA,componentType:CUSTOM], actionTaken:BASE_PAGE_AND_VERSION_CREATED}]
[Exiting method {com.topcoder.confluence.webservice.delegate.ConfluenceManagerWebServiceDelegate.createPage}]
[Output parameter {page:[basePageUrl:Erebus Token Web ServicesUrl,versionUrl:,assetName:,version:1.0,applicationCode:,content:,assetType:COMPONENT_DESIGN,catalog:JAVA,componentType:CUSTOM], actionTaken:BASE_PAGE_AND_VERSION_CREATED}]
[Entering method {com.topcoder.confluence.webservice.delegate.ConfluenceManagerWebServiceDelegate.createPage}]
[Input parameters[{token}:{tokentoken},{pageName}:{Erebus Payment Web Services},{version}:{1.0},{assetType}:{COMPONENT_DESIGN},{catalog}:{JAVA},{applicationCode}:{12345}]]
[Entering method {com.topcoder.confluence.webservice.bean.ConfluenceManagementServiceBean.createPage}]
[Input parameters[{token}:{tokentoken},{pageName}:{Erebus Payment Web Services},{version}:{1.0},{assetType}:{COMPONENT_DESIGN},{catalog}:{JAVA},{applicationCode}:{12345}]]
[Exiting method {com.topcoder.confluence.webservice.bean.ConfluenceManagementServiceBean.createPage}]
[Output parameter {page:[basePageUrl:Erebus Payment Web ServicesUrl,versionUrl:,assetName:,version:1.0,applicationCode:12345,content:,assetType:COMPONENT_DESIGN,catalog:JAVA,componentType:], actionTaken:BASE_PAGE_AND_VERSION_CREATED}]
[Exiting method {com.topcoder.confluence.webservice.delegate.ConfluenceManagerWebServiceDelegate.createPage}]
[Output parameter {page:[basePageUrl:Erebus Payment Web ServicesUrl,versionUrl:,assetName:,version:1.0,applicationCode:12345,content:,assetType:COMPONENT_DESIGN,catalog:JAVA,componentType:], actionTaken:BASE_PAGE_AND_VERSION_CREATED}]
[Entering method {com.topcoder.confluence.webservice.delegate.ConfluenceManagerWebServiceDelegate.retrievePage}]
[Input parameters[{token}:{tokentoken},{pageName}:{Erebus Token Web Services},{version}:{1.0},{assetType}:{COMPONENT_DESIGN},{catalog}:{JAVA},{componentType}:{CUSTOM}]]
[Entering method {com.topcoder.confluence.webservice.bean.ConfluenceManagementServiceBean.retrievePage}]
[Input parameters[{token}:{tokentoken},{pageName}:{Erebus Token Web Services},{version}:{1.0},{assetType}:{COMPONENT_DESIGN},{catalog}:{JAVA},{componentType}:{CUSTOM}]]
[Exiting method {com.topcoder.confluence.webservice.bean.ConfluenceManagementServiceBean.retrievePage}]
[Output parameter {basePageUrl:Erebus Token Web ServicesUrl,versionUrl:,assetName:,version:1.0,applicationCode:,content:,assetType:COMPONENT_DESIGN,catalog:JAVA,componentType:CUSTOM}]
[Exiting method {com.topcoder.confluence.webservice.delegate.ConfluenceManagerWebServiceDelegate.retrievePage}]
[Output parameter {basePageUrl:Erebus Token Web ServicesUrl,versionUrl:,assetName:,version:1.0,applicationCode:,content:,assetType:COMPONENT_DESIGN,catalog:JAVA,componentType:CUSTOM}]
[Entering method {com.topcoder.confluence.webservice.delegate.ConfluenceManagerWebServiceDelegate.logout}]
[Input parameters[{token}:{tokentoken}]]
[Entering method {com.topcoder.confluence.webservice.bean.ConfluenceManagementServiceBean.logout}]
[Input parameters[{token}:{tokentoken}]]
[Exiting method {com.topcoder.confluence.webservice.bean.ConfluenceManagementServiceBean.logout}]
[Exiting method {com.topcoder.confluence.webservice.delegate.ConfluenceManagerWebServiceDelegate.logout}]
[Entering method {com.topcoder.confluence.webservice.delegate.ConfluenceManagerWebServiceDelegate.login}]
[Input parameters[{userName}:{username},{password}:{password}]]
[Entering method {com.topcoder.confluence.webservice.bean.ConfluenceManagementServiceBean.login}]
[Input parameters[{userName}:{username},{password}:{password}]]
[Exiting method {com.topcoder.confluence.webservice.bean.ConfluenceManagementServiceBean.login}]
[Output parameter {tokentoken}]
[Exiting method {com.topcoder.confluence.webservice.delegate.ConfluenceManagerWebServiceDelegate.login}]
[Output parameter {tokentoken}]
[Entering method {com.topcoder.confluence.webservice.delegate.ConfluenceManagerWebServiceDelegate.createPage}]
[Input parameters[{token}:{tokentoken},{pageName}:{Erebus Token Web Services},{version}:{1.0},{assetType}:{COMPONENT_DESIGN},{catalog}:{JAVA},{componentType}:{CUSTOM}]]
[Entering method {com.topcoder.confluence.webservice.bean.ConfluenceManagementServiceBean.createPage}]
[Input parameters[{token}:{tokentoken},{pageName}:{Erebus Token Web Services},{version}:{1.0},{assetType}:{COMPONENT_DESIGN},{catalog}:{JAVA},{componentType}:{CUSTOM}]]
[Exiting method {com.topcoder.confluence.webservice.bean.ConfluenceManagementServiceBean.createPage}]
[Output parameter {page:[basePageUrl:Erebus Token Web ServicesUrl,versionUrl:,assetName:,version:1.0,applicationCode:,content:,assetType:COMPONENT_DESIGN,catalog:JAVA,componentType:CUSTOM], actionTaken:BASE_PAGE_AND_VERSION_CREATED}]
[Exiting method {com.topcoder.confluence.webservice.delegate.ConfluenceManagerWebServiceDelegate.createPage}]
[Output parameter {page:[basePageUrl:Erebus Token Web ServicesUrl,versionUrl:,assetName:,version:1.0,applicationCode:,content:,assetType:COMPONENT_DESIGN,catalog:JAVA,componentType:CUSTOM], actionTaken:BASE_PAGE_AND_VERSION_CREATED}]
[Entering method {com.topcoder.confluence.webservice.delegate.ConfluenceManagerWebServiceDelegate.createPage}]
[Input parameters[{token}:{tokentoken},{pageName}:{Erebus Payment Web Services},{version}:{1.0},{assetType}:{COMPONENT_DESIGN},{catalog}:{JAVA},{applicationCode}:{12345}]]
[Entering method {com.topcoder.confluence.webservice.bean.ConfluenceManagementServiceBean.createPage}]
[Input parameters[{token}:{tokentoken},{pageName}:{Erebus Payment Web Services},{version}:{1.0},{assetType}:{COMPONENT_DESIGN},{catalog}:{JAVA},{applicationCode}:{12345}]]
[Exiting method {com.topcoder.confluence.webservice.bean.ConfluenceManagementServiceBean.createPage}]
[Output parameter {page:[basePageUrl:Erebus Payment Web ServicesUrl,versionUrl:,assetName:,version:1.0,applicationCode:12345,content:,assetType:COMPONENT_DESIGN,catalog:JAVA,componentType:], actionTaken:BASE_PAGE_AND_VERSION_CREATED}]
[Exiting method {com.topcoder.confluence.webservice.delegate.ConfluenceManagerWebServiceDelegate.createPage}]
[Output parameter {page:[basePageUrl:Erebus Payment Web ServicesUrl,versionUrl:,assetName:,version:1.0,applicationCode:12345,content:,assetType:COMPONENT_DESIGN,catalog:JAVA,componentType:], actionTaken:BASE_PAGE_AND_VERSION_CREATED}]
[Entering method {com.topcoder.confluence.webservice.delegate.ConfluenceManagerWebServiceDelegate.retrievePage}]
[Input parameters[{token}:{tokentoken},{pageName}:{Erebus Token Web Services},{version}:{1.0},{assetType}:{COMPONENT_DESIGN},{catalog}:{JAVA},{componentType}:{CUSTOM}]]
[Entering method {com.topcoder.confluence.webservice.bean.ConfluenceManagementServiceBean.retrievePage}]
[Input parameters[{token}:{tokentoken},{pageName}:{Erebus Token Web Services},{version}:{1.0},{assetType}:{COMPONENT_DESIGN},{catalog}:{JAVA},{componentType}:{CUSTOM}]]
[Exiting method {com.topcoder.confluence.webservice.bean.ConfluenceManagementServiceBean.retrievePage}]
[Output parameter {basePageUrl:Erebus Token Web ServicesUrl,versionUrl:,assetName:,version:1.0,applicationCode:,content:,assetType:COMPONENT_DESIGN,catalog:JAVA,componentType:CUSTOM}]
[Exiting method {com.topcoder.confluence.webservice.delegate.ConfluenceManagerWebServiceDelegate.retrievePage}]
[Output parameter {basePageUrl:Erebus Token Web ServicesUrl,versionUrl:,assetName:,version:1.0,applicationCode:,content:,assetType:COMPONENT_DESIGN,catalog:JAVA,componentType:CUSTOM}]
[Entering method {com.topcoder.confluence.webservice.delegate.ConfluenceManagerWebServiceDelegate.logout}]
[Input parameters[{token}:{tokentoken}]]
[Entering method {com.topcoder.confluence.webservice.bean.ConfluenceManagementServiceBean.logout}]
[Input parameters[{token}:{tokentoken}]]
[Exiting method {com.topcoder.confluence.webservice.bean.ConfluenceManagementServiceBean.logout}]
[Exiting method {com.topcoder.confluence.webservice.delegate.ConfluenceManagerWebServiceDelegate.logout}]
[Entering method {com.topcoder.confluence.webservice.delegate.ConfluenceManagerWebServiceDelegate.login}]
[Input parameters[{userName}:{username},{password}:{password}]]
[Entering method {com.topcoder.confluence.webservice.bean.ConfluenceManagementServiceBean.login}]
[Input parameters[{userName}:{username},{password}:{password}]]
[Exiting method {com.topcoder.confluence.webservice.bean.ConfluenceManagementServiceBean.login}]
[Output parameter {tokentoken}]
[Exiting method {com.topcoder.confluence.webservice.delegate.ConfluenceManagerWebServiceDelegate.login}]
[Output parameter {tokentoken}]
[Entering method {com.topcoder.confluence.webservice.delegate.ConfluenceManagerWebServiceDelegate.createPage}]
[Input parameters[{token}:{tokentoken},{pageName}:{Erebus Token Web Services},{version}:{1.0},{assetType}:{COMPONENT_DESIGN},{catalog}:{JAVA},{componentType}:{CUSTOM}]]
[Entering method {com.topcoder.confluence.webservice.bean.ConfluenceManagementServiceBean.createPage}]
[Input parameters[{token}:{tokentoken},{pageName}:{Erebus Token Web Services},{version}:{1.0},{assetType}:{COMPONENT_DESIGN},{catalog}:{JAVA},{componentType}:{CUSTOM}]]
[Exiting method {com.topcoder.confluence.webservice.bean.ConfluenceManagementServiceBean.createPage}]
[Output parameter {page:[basePageUrl:Erebus Token Web ServicesUrl,versionUrl:,assetName:,version:1.0,applicationCode:,content:,assetType:COMPONENT_DESIGN,catalog:JAVA,componentType:CUSTOM], actionTaken:BASE_PAGE_AND_VERSION_CREATED}]
[Exiting method {com.topcoder.confluence.webservice.delegate.ConfluenceManagerWebServiceDelegate.createPage}]
[Output parameter {page:[basePageUrl:Erebus Token Web ServicesUrl,versionUrl:,assetName:,version:1.0,applicationCode:,content:,assetType:COMPONENT_DESIGN,catalog:JAVA,componentType:CUSTOM], actionTaken:BASE_PAGE_AND_VERSION_CREATED}]
[Entering method {com.topcoder.confluence.webservice.delegate.ConfluenceManagerWebServiceDelegate.createPage}]
[Input parameters[{token}:{tokentoken},{pageName}:{Erebus Payment Web Services},{version}:{1.0},{assetType}:{COMPONENT_DESIGN},{catalog}:{JAVA},{applicationCode}:{12345}]]
[Entering method {com.topcoder.confluence.webservice.bean.ConfluenceManagementServiceBean.createPage}]
[Input parameters[{token}:{tokentoken},{pageName}:{Erebus Payment Web Services},{version}:{1.0},{assetType}:{COMPONENT_DESIGN},{catalog}:{JAVA},{applicationCode}:{12345}]]
[Exiting method {com.topcoder.confluence.webservice.bean.ConfluenceManagementServiceBean.createPage}]
[Output parameter {page:[basePageUrl:Erebus Payment Web ServicesUrl,versionUrl:,assetName:,version:1.0,applicationCode:12345,content:,assetType:COMPONENT_DESIGN,catalog:JAVA,componentType:], actionTaken:BASE_PAGE_AND_VERSION_CREATED}]
[Exiting method {com.topcoder.confluence.webservice.delegate.ConfluenceManagerWebServiceDelegate.createPage}]
[Output parameter {page:[basePageUrl:Erebus Payment Web ServicesUrl,versionUrl:,assetName:,version:1.0,applicationCode:12345,content:,assetType:COMPONENT_DESIGN,catalog:JAVA,componentType:], actionTaken:BASE_PAGE_AND_VERSION_CREATED}]
[Entering method {com.topcoder.confluence.webservice.delegate.ConfluenceManagerWebServiceDelegate.retrievePage}]
[Input parameters[{token}:{tokentoken},{pageName}:{Erebus Token Web Services},{version}:{1.0},{assetType}:{COMPONENT_DESIGN},{catalog}:{JAVA},{componentType}:{CUSTOM}]]
[Entering method {com.topcoder.confluence.webservice.bean.ConfluenceManagementServiceBean.retrievePage}]
[Input parameters[{token}:{tokentoken},{pageName}:{Erebus Token Web Services},{version}:{1.0},{assetType}:{COMPONENT_DESIGN},{catalog}:{JAVA},{componentType}:{CUSTOM}]]
[Exiting method {com.topcoder.confluence.webservice.bean.ConfluenceManagementServiceBean.retrievePage}]
[Output parameter {basePageUrl:Erebus Token Web ServicesUrl,versionUrl:,assetName:,version:1.0,applicationCode:,content:,assetType:COMPONENT_DESIGN,catalog:JAVA,componentType:CUSTOM}]
[Exiting method {com.topcoder.confluence.webservice.delegate.ConfluenceManagerWebServiceDelegate.retrievePage}]
[Output parameter {basePageUrl:Erebus Token Web ServicesUrl,versionUrl:,assetName:,version:1.0,applicationCode:,content:,assetType:COMPONENT_DESIGN,catalog:JAVA,componentType:CUSTOM}]
[Entering method {com.topcoder.confluence.webservice.delegate.ConfluenceManagerWebServiceDelegate.logout}]
[Input parameters[{token}:{tokentoken}]]
[Entering method {com.topcoder.confluence.webservice.bean.ConfluenceManagementServiceBean.logout}]
[Input parameters[{token}:{tokentoken}]]
[Exiting method {com.topcoder.confluence.webservice.bean.ConfluenceManagementServiceBean.logout}]
[Exiting method {com.topcoder.confluence.webservice.delegate.ConfluenceManagerWebServiceDelegate.logout}]
[Entering method {com.topcoder.confluence.webservice.delegate.ConfluenceManagerWebServiceDelegate.login}]
[Input parameters[{userName}:{username},{password}:{password}]]
[Entering method {com.topcoder.confluence.webservice.bean.ConfluenceManagementServiceBean.login}]
[Input parameters[{userName}:{username},{password}:{password}]]
[Exiting method {com.topcoder.confluence.webservice.bean.ConfluenceManagementServiceBean.login}]
[Output parameter {tokentoken}]
[Exiting method {com.topcoder.confluence.webservice.delegate.ConfluenceManagerWebServiceDelegate.login}]
[Output parameter {tokentoken}]
[Entering method {com.topcoder.confluence.webservice.delegate.ConfluenceManagerWebServiceDelegate.createPage}]
[Input parameters[{token}:{tokentoken},{pageName}:{Erebus Token Web Services},{version}:{1.0},{assetType}:{COMPONENT_DESIGN},{catalog}:{JAVA},{componentType}:{CUSTOM}]]
[Entering method {com.topcoder.confluence.webservice.bean.ConfluenceManagementServiceBean.createPage}]
[Input parameters[{token}:{tokentoken},{pageName}:{Erebus Token Web Services},{version}:{1.0},{assetType}:{COMPONENT_DESIGN},{catalog}:{JAVA},{componentType}:{CUSTOM}]]
[Exiting method {com.topcoder.confluence.webservice.bean.ConfluenceManagementServiceBean.createPage}]
[Output parameter {page:[basePageUrl:Erebus Token Web ServicesUrl,versionUrl:,assetName:,version:1.0,applicationCode:,content:,assetType:COMPONENT_DESIGN,catalog:JAVA,componentType:CUSTOM], actionTaken:BASE_PAGE_AND_VERSION_CREATED}]
[Exiting method {com.topcoder.confluence.webservice.delegate.ConfluenceManagerWebServiceDelegate.createPage}]
[Output parameter {page:[basePageUrl:Erebus Token Web ServicesUrl,versionUrl:,assetName:,version:1.0,applicationCode:,content:,assetType:COMPONENT_DESIGN,catalog:JAVA,componentType:CUSTOM], actionTaken:BASE_PAGE_AND_VERSION_CREATED}]
[Entering method {com.topcoder.confluence.webservice.delegate.ConfluenceManagerWebServiceDelegate.createPage}]
[Input parameters[{token}:{tokentoken},{pageName}:{Erebus Payment Web Services},{version}:{1.0},{assetType}:{COMPONENT_DESIGN},{catalog}:{JAVA},{applicationCode}:{12345}]]
[Entering method {com.topcoder.confluence.webservice.bean.ConfluenceManagementServiceBean.createPage}]
[Input parameters[{token}:{tokentoken},{pageName}:{Erebus Payment Web Services},{version}:{1.0},{assetType}:{COMPONENT_DESIGN},{catalog}:{JAVA},{applicationCode}:{12345}]]
[Exiting method {com.topcoder.confluence.webservice.bean.ConfluenceManagementServiceBean.createPage}]
[Output parameter {page:[basePageUrl:Erebus Payment Web ServicesUrl,versionUrl:,assetName:,version:1.0,applicationCode:12345,content:,assetType:COMPONENT_DESIGN,catalog:JAVA,componentType:], actionTaken:BASE_PAGE_AND_VERSION_CREATED}]
[Exiting method {com.topcoder.confluence.webservice.delegate.ConfluenceManagerWebServiceDelegate.createPage}]
[Output parameter {page:[basePageUrl:Erebus Payment Web ServicesUrl,versionUrl:,assetName:,version:1.0,applicationCode:12345,content:,assetType:COMPONENT_DESIGN,catalog:JAVA,componentType:], actionTaken:BASE_PAGE_AND_VERSION_CREATED}]
[Entering method {com.topcoder.confluence.webservice.delegate.ConfluenceManagerWebServiceDelegate.retrievePage}]
[Input parameters[{token}:{tokentoken},{pageName}:{Erebus Token Web Services},{version}:{1.0},{assetType}:{COMPONENT_DESIGN},{catalog}:{JAVA},{componentType}:{CUSTOM}]]
[Entering method {com.topcoder.confluence.webservice.bean.ConfluenceManagementServiceBean.retrievePage}]
[Input parameters[{token}:{tokentoken},{pageName}:{Erebus Token Web Services},{version}:{1.0},{assetType}:{COMPONENT_DESIGN},{catalog}:{JAVA},{componentType}:{CUSTOM}]]
[Exiting method {com.topcoder.confluence.webservice.bean.ConfluenceManagementServiceBean.retrievePage}]
[Output parameter {basePageUrl:Erebus Token Web ServicesUrl,versionUrl:,assetName:,version:1.0,applicationCode:,content:,assetType:COMPONENT_DESIGN,catalog:JAVA,componentType:CUSTOM}]
[Exiting method {com.topcoder.confluence.webservice.delegate.ConfluenceManagerWebServiceDelegate.retrievePage}]
[Output parameter {basePageUrl:Erebus Token Web ServicesUrl,versionUrl:,assetName:,version:1.0,applicationCode:,content:,assetType:COMPONENT_DESIGN,catalog:JAVA,componentType:CUSTOM}]
[Entering method {com.topcoder.confluence.webservice.delegate.ConfluenceManagerWebServiceDelegate.logout}]
[Input parameters[{token}:{tokentoken}]]
[Entering method {com.topcoder.confluence.webservice.bean.ConfluenceManagementServiceBean.logout}]
[Input parameters[{token}:{tokentoken}]]
[Exiting method {com.topcoder.confluence.webservice.bean.ConfluenceManagementServiceBean.logout}]
[Exiting method {com.topcoder.confluence.webservice.delegate.ConfluenceManagerWebServiceDelegate.logout}]
[Entering method {com.topcoder.confluence.webservice.delegate.ConfluenceManagerWebServiceDelegate.login}]
[Input parameters[{userName}:{username},{password}:{password}]]
[Entering method {com.topcoder.confluence.webservice.bean.ConfluenceManagementServiceBean.login}]
[Input parameters[{userName}:{username},{password}:{password}]]
[Exiting method {com.topcoder.confluence.webservice.bean.ConfluenceManagementServiceBean.login}]
[Output parameter {tokentoken}]
[Exiting method {com.topcoder.confluence.webservice.delegate.ConfluenceManagerWebServiceDelegate.login}]
[Output parameter {tokentoken}]
[Entering method {com.topcoder.confluence.webservice.delegate.ConfluenceManagerWebServiceDelegate.createPage}]
[Input parameters[{token}:{tokentoken},{pageName}:{Erebus Token Web Services},{version}:{1.0},{assetType}:{COMPONENT_DESIGN},{catalog}:{JAVA},{componentType}:{CUSTOM}]]
[Entering method {com.topcoder.confluence.webservice.bean.ConfluenceManagementServiceBean.createPage}]
[Input parameters[{token}:{tokentoken},{pageName}:{Erebus Token Web Services},{version}:{1.0},{assetType}:{COMPONENT_DESIGN},{catalog}:{JAVA},{componentType}:{CUSTOM}]]
[Exiting method {com.topcoder.confluence.webservice.bean.ConfluenceManagementServiceBean.createPage}]
[Output parameter {page:[basePageUrl:Erebus Token Web ServicesUrl,versionUrl:,assetName:,version:1.0,applicationCode:,content:,assetType:COMPONENT_DESIGN,catalog:JAVA,componentType:CUSTOM], actionTaken:BASE_PAGE_AND_VERSION_CREATED}]
[Exiting method {com.topcoder.confluence.webservice.delegate.ConfluenceManagerWebServiceDelegate.createPage}]
[Output parameter {page:[basePageUrl:Erebus Token Web ServicesUrl,versionUrl:,assetName:,version:1.0,applicationCode:,content:,assetType:COMPONENT_DESIGN,catalog:JAVA,componentType:CUSTOM], actionTaken:BASE_PAGE_AND_VERSION_CREATED}]
[Entering method {com.topcoder.confluence.webservice.delegate.ConfluenceManagerWebServiceDelegate.createPage}]
[Input parameters[{token}:{tokentoken},{pageName}:{Erebus Payment Web Services},{version}:{1.0},{assetType}:{COMPONENT_DESIGN},{catalog}:{JAVA},{applicationCode}:{12345}]]
[Entering method {com.topcoder.confluence.webservice.bean.ConfluenceManagementServiceBean.createPage}]
[Input parameters[{token}:{tokentoken},{pageName}:{Erebus Payment Web Services},{version}:{1.0},{assetType}:{COMPONENT_DESIGN},{catalog}:{JAVA},{applicationCode}:{12345}]]
[Exiting method {com.topcoder.confluence.webservice.bean.ConfluenceManagementServiceBean.createPage}]
[Output parameter {page:[basePageUrl:Erebus Payment Web ServicesUrl,versionUrl:,assetName:,version:1.0,applicationCode:12345,content:,assetType:COMPONENT_DESIGN,catalog:JAVA,componentType:], actionTaken:BASE_PAGE_AND_VERSION_CREATED}]
[Exiting method {com.topcoder.confluence.webservice.delegate.ConfluenceManagerWebServiceDelegate.createPage}]
[Output parameter {page:[basePageUrl:Erebus Payment Web ServicesUrl,versionUrl:,assetName:,version:1.0,applicationCode:12345,content:,assetType:COMPONENT_DESIGN,catalog:JAVA,componentType:], actionTaken:BASE_PAGE_AND_VERSION_CREATED}]
[Entering method {com.topcoder.confluence.webservice.delegate.ConfluenceManagerWebServiceDelegate.retrievePage}]
[Input parameters[{token}:{tokentoken},{pageName}:{Erebus Token Web Services},{version}:{1.0},{assetType}:{COMPONENT_DESIGN},{catalog}:{JAVA},{componentType}:{CUSTOM}]]
[Entering method {com.topcoder.confluence.webservice.bean.ConfluenceManagementServiceBean.retrievePage}]
[Input parameters[{token}:{tokentoken},{pageName}:{Erebus Token Web Services},{version}:{1.0},{assetType}:{COMPONENT_DESIGN},{catalog}:{JAVA},{componentType}:{CUSTOM}]]
[Exiting method {com.topcoder.confluence.webservice.bean.ConfluenceManagementServiceBean.retrievePage}]
[Output parameter {basePageUrl:Erebus Token Web ServicesUrl,versionUrl:,assetName:,version:1.0,applicationCode:,content:,assetType:COMPONENT_DESIGN,catalog:JAVA,componentType:CUSTOM}]
[Exiting method {com.topcoder.confluence.webservice.delegate.ConfluenceManagerWebServiceDelegate.retrievePage}]
[Output parameter {basePageUrl:Erebus Token Web ServicesUrl,versionUrl:,assetName:,version:1.0,applicationCode:,content:,assetType:COMPONENT_DESIGN,catalog:JAVA,componentType:CUSTOM}]
[Entering method {com.topcoder.confluence.webservice.delegate.ConfluenceManagerWebServiceDelegate.logout}]
[Input parameters[{token}:{tokentoken}]]
[Entering method {com.topcoder.confluence.webservice.bean.ConfluenceManagementServiceBean.logout}]
[Input parameters[{token}:{tokentoken}]]
[Exiting method {com.topcoder.confluence.webservice.bean.ConfluenceManagementServiceBean.logout}]
[Exiting method {com.topcoder.confluence.webservice.delegate.ConfluenceManagerWebServiceDelegate.logout}]
[Entering method {com.topcoder.confluence.webservice.delegate.ConfluenceManagerWebServiceDelegate.login}]
[Input parameters[{userName}:{username},{password}:{password}]]
[Entering method {com.topcoder.confluence.webservice.bean.ConfluenceManagementServiceBean.login}]
[Input parameters[{userName}:{username},{password}:{password}]]
[Exiting method {com.topcoder.confluence.webservice.bean.ConfluenceManagementServiceBean.login}]
[Output parameter {tokentoken}]
[Exiting method {com.topcoder.confluence.webservice.delegate.ConfluenceManagerWebServiceDelegate.login}]
[Output parameter {tokentoken}]
[Entering method {com.topcoder.confluence.webservice.delegate.ConfluenceManagerWebServiceDelegate.createPage}]
[Input parameters[{token}:{tokentoken},{pageName}:{Erebus Token Web Services},{version}:{1.0},{assetType}:{COMPONENT_DESIGN},{catalog}:{JAVA},{componentType}:{CUSTOM}]]
[Entering method {com.topcoder.confluence.webservice.bean.ConfluenceManagementServiceBean.createPage}]
[Input parameters[{token}:{tokentoken},{pageName}:{Erebus Token Web Services},{version}:{1.0},{assetType}:{COMPONENT_DESIGN},{catalog}:{JAVA},{componentType}:{CUSTOM}]]
[Exiting method {com.topcoder.confluence.webservice.bean.ConfluenceManagementServiceBean.createPage}]
[Output parameter {page:[basePageUrl:Erebus Token Web ServicesUrl,versionUrl:,assetName:,version:1.0,applicationCode:,content:,assetType:COMPONENT_DESIGN,catalog:JAVA,componentType:CUSTOM], actionTaken:BASE_PAGE_AND_VERSION_CREATED}]
[Exiting method {com.topcoder.confluence.webservice.delegate.ConfluenceManagerWebServiceDelegate.createPage}]
[Output parameter {page:[basePageUrl:Erebus Token Web ServicesUrl,versionUrl:,assetName:,version:1.0,applicationCode:,content:,assetType:COMPONENT_DESIGN,catalog:JAVA,componentType:CUSTOM], actionTaken:BASE_PAGE_AND_VERSION_CREATED}]
[Entering method {com.topcoder.confluence.webservice.delegate.ConfluenceManagerWebServiceDelegate.createPage}]
[Input parameters[{token}:{tokentoken},{pageName}:{Erebus Payment Web Services},{version}:{1.0},{assetType}:{COMPONENT_DESIGN},{catalog}:{JAVA},{applicationCode}:{12345}]]
[Entering method {com.topcoder.confluence.webservice.bean.ConfluenceManagementServiceBean.createPage}]
[Input parameters[{token}:{tokentoken},{pageName}:{Erebus Payment Web Services},{version}:{1.0},{assetType}:{COMPONENT_DESIGN},{catalog}:{JAVA},{applicationCode}:{12345}]]
[Exiting method {com.topcoder.confluence.webservice.bean.ConfluenceManagementServiceBean.createPage}]
[Output parameter {page:[basePageUrl:Erebus Payment Web ServicesUrl,versionUrl:,assetName:,version:1.0,applicationCode:12345,content:,assetType:COMPONENT_DESIGN,catalog:JAVA,componentType:], actionTaken:BASE_PAGE_AND_VERSION_CREATED}]
[Exiting method {com.topcoder.confluence.webservice.delegate.ConfluenceManagerWebServiceDelegate.createPage}]
[Output parameter {page:[basePageUrl:Erebus Payment Web ServicesUrl,versionUrl:,assetName:,version:1.0,applicationCode:12345,content:,assetType:COMPONENT_DESIGN,catalog:JAVA,componentType:], actionTaken:BASE_PAGE_AND_VERSION_CREATED}]
[Entering method {com.topcoder.confluence.webservice.delegate.ConfluenceManagerWebServiceDelegate.retrievePage}]
[Input parameters[{token}:{tokentoken},{pageName}:{Erebus Token Web Services},{version}:{1.0},{assetType}:{COMPONENT_DESIGN},{catalog}:{JAVA},{componentType}:{CUSTOM}]]
[Entering method {com.topcoder.confluence.webservice.bean.ConfluenceManagementServiceBean.retrievePage}]
[Input parameters[{token}:{tokentoken},{pageName}:{Erebus Token Web Services},{version}:{1.0},{assetType}:{COMPONENT_DESIGN},{catalog}:{JAVA},{componentType}:{CUSTOM}]]
[Exiting method {com.topcoder.confluence.webservice.bean.ConfluenceManagementServiceBean.retrievePage}]
[Output parameter {basePageUrl:Erebus Token Web ServicesUrl,versionUrl:,assetName:,version:1.0,applicationCode:,content:,assetType:COMPONENT_DESIGN,catalog:JAVA,componentType:CUSTOM}]
[Exiting method {com.topcoder.confluence.webservice.delegate.ConfluenceManagerWebServiceDelegate.retrievePage}]
[Output parameter {basePageUrl:Erebus Token Web ServicesUrl,versionUrl:,assetName:,version:1.0,applicationCode:,content:,assetType:COMPONENT_DESIGN,catalog:JAVA,componentType:CUSTOM}]
[Entering method {com.topcoder.confluence.webservice.delegate.ConfluenceManagerWebServiceDelegate.logout}]
[Input parameters[{token}:{tokentoken}]]
[Entering method {com.topcoder.confluence.webservice.bean.ConfluenceManagementServiceBean.logout}]
[Input parameters[{token}:{tokentoken}]]
[Exiting method {com.topcoder.confluence.webservice.bean.ConfluenceManagementServiceBean.logout}]
[Exiting method {com.topcoder.confluence.webservice.delegate.ConfluenceManagerWebServiceDelegate.logout}]
[Entering method {com.topcoder.confluence.webservice.delegate.ConfluenceManagerWebServiceDelegate.login}]
[Input parameters[{userName}:{username},{password}:{password}]]
[Entering method {com.topcoder.confluence.webservice.bean.ConfluenceManagementServiceBean.login}]
[Input parameters[{userName}:{username},{password}:{password}]]
[Exiting method {com.topcoder.confluence.webservice.bean.ConfluenceManagementServiceBean.login}]
[Output parameter {tokentoken}]
[Exiting method {com.topcoder.confluence.webservice.delegate.ConfluenceManagerWebServiceDelegate.login}]
[Output parameter {tokentoken}]
[Entering method {com.topcoder.confluence.webservice.delegate.ConfluenceManagerWebServiceDelegate.createPage}]
[Input parameters[{token}:{tokentoken},{pageName}:{Erebus Token Web Services},{version}:{1.0},{assetType}:{COMPONENT_DESIGN},{catalog}:{JAVA},{componentType}:{CUSTOM}]]
[Entering method {com.topcoder.confluence.webservice.bean.ConfluenceManagementServiceBean.createPage}]
[Input parameters[{token}:{tokentoken},{pageName}:{Erebus Token Web Services},{version}:{1.0},{assetType}:{COMPONENT_DESIGN},{catalog}:{JAVA},{componentType}:{CUSTOM}]]
[Exiting method {com.topcoder.confluence.webservice.bean.ConfluenceManagementServiceBean.createPage}]
[Output parameter {page:[basePageUrl:Erebus Token Web ServicesUrl,versionUrl:,assetName:,version:1.0,applicationCode:,content:,assetType:COMPONENT_DESIGN,catalog:JAVA,componentType:CUSTOM], actionTaken:BASE_PAGE_AND_VERSION_CREATED}]
[Exiting method {com.topcoder.confluence.webservice.delegate.ConfluenceManagerWebServiceDelegate.createPage}]
[Output parameter {page:[basePageUrl:Erebus Token Web ServicesUrl,versionUrl:,assetName:,version:1.0,applicationCode:,content:,assetType:COMPONENT_DESIGN,catalog:JAVA,componentType:CUSTOM], actionTaken:BASE_PAGE_AND_VERSION_CREATED}]
[Entering method {com.topcoder.confluence.webservice.delegate.ConfluenceManagerWebServiceDelegate.createPage}]
[Input parameters[{token}:{tokentoken},{pageName}:{Erebus Payment Web Services},{version}:{1.0},{assetType}:{COMPONENT_DESIGN},{catalog}:{JAVA},{applicationCode}:{12345}]]
[Entering method {com.topcoder.confluence.webservice.bean.ConfluenceManagementServiceBean.createPage}]
[Input parameters[{token}:{tokentoken},{pageName}:{Erebus Payment Web Services},{version}:{1.0},{assetType}:{COMPONENT_DESIGN},{catalog}:{JAVA},{applicationCode}:{12345}]]
[Exiting method {com.topcoder.confluence.webservice.bean.ConfluenceManagementServiceBean.createPage}]
[Output parameter {page:[basePageUrl:Erebus Payment Web ServicesUrl,versionUrl:,assetName:,version:1.0,applicationCode:12345,content:,assetType:COMPONENT_DESIGN,catalog:JAVA,componentType:], actionTaken:BASE_PAGE_AND_VERSION_CREATED}]
[Exiting method {com.topcoder.confluence.webservice.delegate.ConfluenceManagerWebServiceDelegate.createPage}]
[Output parameter {page:[basePageUrl:Erebus Payment Web ServicesUrl,versionUrl:,assetName:,version:1.0,applicationCode:12345,content:,assetType:COMPONENT_DESIGN,catalog:JAVA,componentType:], actionTaken:BASE_PAGE_AND_VERSION_CREATED}]
[Entering method {com.topcoder.confluence.webservice.delegate.ConfluenceManagerWebServiceDelegate.retrievePage}]
[Input parameters[{token}:{tokentoken},{pageName}:{Erebus Token Web Services},{version}:{1.0},{assetType}:{COMPONENT_DESIGN},{catalog}:{JAVA},{componentType}:{CUSTOM}]]
[Entering method {com.topcoder.confluence.webservice.bean.ConfluenceManagementServiceBean.retrievePage}]
[Input parameters[{token}:{tokentoken},{pageName}:{Erebus Token Web Services},{version}:{1.0},{assetType}:{COMPONENT_DESIGN},{catalog}:{JAVA},{componentType}:{CUSTOM}]]
[Exiting method {com.topcoder.confluence.webservice.bean.ConfluenceManagementServiceBean.retrievePage}]
[Output parameter {basePageUrl:Erebus Token Web ServicesUrl,versionUrl:,assetName:,version:1.0,applicationCode:,content:,assetType:COMPONENT_DESIGN,catalog:JAVA,componentType:CUSTOM}]
[Exiting method {com.topcoder.confluence.webservice.delegate.ConfluenceManagerWebServiceDelegate.retrievePage}]
[Output parameter {basePageUrl:Erebus Token Web ServicesUrl,versionUrl:,assetName:,version:1.0,applicationCode:,content:,assetType:COMPONENT_DESIGN,catalog:JAVA,componentType:CUSTOM}]
[Entering method {com.topcoder.confluence.webservice.delegate.ConfluenceManagerWebServiceDelegate.logout}]
[Input parameters[{token}:{tokentoken}]]
[Entering method {com.topcoder.confluence.webservice.bean.ConfluenceManagementServiceBean.logout}]
[Input parameters[{token}:{tokentoken}]]
[Exiting method {com.topcoder.confluence.webservice.bean.ConfluenceManagementServiceBean.logout}]
[Exiting method {com.topcoder.confluence.webservice.delegate.ConfluenceManagerWebServiceDelegate.logout}]
[Entering method {com.topcoder.confluence.webservice.delegate.ConfluenceManagerWebServiceDelegate.login}]
[Input parameters[{userName}:{username},{password}:{password}]]
[Entering method {com.topcoder.confluence.webservice.bean.ConfluenceManagementServiceBean.login}]
[Input parameters[{userName}:{username},{password}:{password}]]
[Exiting method {com.topcoder.confluence.webservice.bean.ConfluenceManagementServiceBean.login}]
[Output parameter {tokentoken}]
[Exiting method {com.topcoder.confluence.webservice.delegate.ConfluenceManagerWebServiceDelegate.login}]
[Output parameter {tokentoken}]
[Entering method {com.topcoder.confluence.webservice.delegate.ConfluenceManagerWebServiceDelegate.createPage}]
[Input parameters[{token}:{tokentoken},{pageName}:{Erebus Token Web Services},{version}:{1.0},{assetType}:{COMPONENT_DESIGN},{catalog}:{JAVA},{componentType}:{CUSTOM}]]
[Entering method {com.topcoder.confluence.webservice.bean.ConfluenceManagementServiceBean.createPage}]
[Input parameters[{token}:{tokentoken},{pageName}:{Erebus Token Web Services},{version}:{1.0},{assetType}:{COMPONENT_DESIGN},{catalog}:{JAVA},{componentType}:{CUSTOM}]]
[Exiting method {com.topcoder.confluence.webservice.bean.ConfluenceManagementServiceBean.createPage}]
[Output parameter {page:[basePageUrl:Erebus Token Web ServicesUrl,versionUrl:,assetName:,version:1.0,applicationCode:,content:,assetType:COMPONENT_DESIGN,catalog:JAVA,componentType:CUSTOM], actionTaken:BASE_PAGE_AND_VERSION_CREATED}]
[Exiting method {com.topcoder.confluence.webservice.delegate.ConfluenceManagerWebServiceDelegate.createPage}]
[Output parameter {page:[basePageUrl:Erebus Token Web ServicesUrl,versionUrl:,assetName:,version:1.0,applicationCode:,content:,assetType:COMPONENT_DESIGN,catalog:JAVA,componentType:CUSTOM], actionTaken:BASE_PAGE_AND_VERSION_CREATED}]
[Entering method {com.topcoder.confluence.webservice.delegate.ConfluenceManagerWebServiceDelegate.createPage}]
[Input parameters[{token}:{tokentoken},{pageName}:{Erebus Payment Web Services},{version}:{1.0},{assetType}:{COMPONENT_DESIGN},{catalog}:{JAVA},{applicationCode}:{12345}]]
[Entering method {com.topcoder.confluence.webservice.bean.ConfluenceManagementServiceBean.createPage}]
[Input parameters[{token}:{tokentoken},{pageName}:{Erebus Payment Web Services},{version}:{1.0},{assetType}:{COMPONENT_DESIGN},{catalog}:{JAVA},{applicationCode}:{12345}]]
[Exiting method {com.topcoder.confluence.webservice.bean.ConfluenceManagementServiceBean.createPage}]
[Output parameter {page:[basePageUrl:Erebus Payment Web ServicesUrl,versionUrl:,assetName:,version:1.0,applicationCode:12345,content:,assetType:COMPONENT_DESIGN,catalog:JAVA,componentType:], actionTaken:BASE_PAGE_AND_VERSION_CREATED}]
[Exiting method {com.topcoder.confluence.webservice.delegate.ConfluenceManagerWebServiceDelegate.createPage}]
[Output parameter {page:[basePageUrl:Erebus Payment Web ServicesUrl,versionUrl:,assetName:,version:1.0,applicationCode:12345,content:,assetType:COMPONENT_DESIGN,catalog:JAVA,componentType:], actionTaken:BASE_PAGE_AND_VERSION_CREATED}]
[Entering method {com.topcoder.confluence.webservice.delegate.ConfluenceManagerWebServiceDelegate.retrievePage}]
[Input parameters[{token}:{tokentoken},{pageName}:{Erebus Token Web Services},{version}:{1.0},{assetType}:{COMPONENT_DESIGN},{catalog}:{JAVA},{componentType}:{CUSTOM}]]
[Entering method {com.topcoder.confluence.webservice.bean.ConfluenceManagementServiceBean.retrievePage}]
[Input parameters[{token}:{tokentoken},{pageName}:{Erebus Token Web Services},{version}:{1.0},{assetType}:{COMPONENT_DESIGN},{catalog}:{JAVA},{componentType}:{CUSTOM}]]
[Exiting method {com.topcoder.confluence.webservice.bean.ConfluenceManagementServiceBean.retrievePage}]
[Output parameter {basePageUrl:Erebus Token Web ServicesUrl,versionUrl:,assetName:,version:1.0,applicationCode:,content:,assetType:COMPONENT_DESIGN,catalog:JAVA,componentType:CUSTOM}]
[Exiting method {com.topcoder.confluence.webservice.delegate.ConfluenceManagerWebServiceDelegate.retrievePage}]
[Output parameter {basePageUrl:Erebus Token Web ServicesUrl,versionUrl:,assetName:,version:1.0,applicationCode:,content:,assetType:COMPONENT_DESIGN,catalog:JAVA,componentType:CUSTOM}]
[Entering method {com.topcoder.confluence.webservice.delegate.ConfluenceManagerWebServiceDelegate.logout}]
[Input parameters[{token}:{tokentoken}]]
[Entering method {com.topcoder.confluence.webservice.bean.ConfluenceManagementServiceBean.logout}]
[Input parameters[{token}:{tokentoken}]]
[Exiting method {com.topcoder.confluence.webservice.bean.ConfluenceManagementServiceBean.logout}]
[Exiting method {com.topcoder.confluence.webservice.delegate.ConfluenceManagerWebServiceDelegate.logout}]
]]></system-out>
  <system-err><![CDATA[]]></system-err>
</testsuite>
