<?xml version="1.0" encoding="UTF-8" ?>
<testsuite name="com.cronos.im.logic.AllTests" timestamp="2007-05-12T09:02:00" hostname="78cd8f6373c24a7" tests="252" failures="0" errors="0" time="29.437">
  <properties>
    <property name="object_factory.path" value="object_factory/2.0.1" />
    <property name="file.encoding.pkg" value="sun.io" />
    <property name="dist_testfiles" value="build/dist/im_application_logic-1.0/test_files" />
    <property name="java.home" value="C:\j2sdk1.4.2_13\jre" />
    <property name="sales_im_messenger.jar.name" value="sales_im_messenger.jar" />
    <property name="dist_javadocs" value="build/dist/im_application_logic-1.0/docs/javadocs" />
    <property name="debug" value="off" />
    <property name="build_distdir" value="build/dist" />
    <property name="distfilename" value="im_application_logic" />
    <property name="component.dist.jar" value="build/dist/im_application_logic-1.0.jar" />
    <property name="command_line_utility.jar.name" value="command_line_utility.jar" />
    <property name="java.endorsed.dirs" value="C:\j2sdk1.4.2_13\jre\lib\endorsed" />
    <property name="object_factory.jar" value="lib/tcs/object_factory/2.0.1/object_factory.jar" />
    <property name="chat_session_manager.path" value="chat_session_manager/1.0" />
    <property name="sun.os.patch.level" value="Service Pack 2" />
    <property name="design_dist.jar" value="IM_Application_Logic_1.0_design_dist.jar" />
    <property name="javadocsdir" value="docs/javadocs" />
    <property name="java.vendor.url" value="http://java.sun.com/" />
    <property name="java.version" value="1.4.2_13" />
    <property name="java.vendor.url.bug" value="http://java.sun.com/cgi-bin/bugreport.cgi" />
    <property name="chat_user_profile.version" value="2.0" />
    <property name="dist_src" value="build/dist/im_application_logic-1.0/src" />
    <property name="cobertura.datafile" value="log/cobertura.ser" />
    <property name="user.name" value="informix" />
    <property name="packagedir" value="com/cronos/im/logic" />
    <property name="sun.io.unicode.encoding" value="UnicodeLittle" />
    <property name="component_version" value="1.0" />
    <property name="java.runtime.name" value="Java(TM) 2 Runtime Environment, Standard Edition" />
    <property name="command_line_utility.path" value="command_line_utility/1.0" />
    <property name="reports" value="reports" />
    <property name="build_webdir" value="build/web" />
    <property name="component.jar" value="build/dist/lib/tcs/im_application_logic/1.0/im_application_logic.jar" />
    <property name="sales_im_messenger.version" value="1.0" />
    <property name="java.specification.name" value="Java Platform API Specification" />
    <property name="javamain" value="src/java/main" />
    <property name="build_lib" value="build/lib" />
    <property name="chat_status_tracker.path" value="chat_status_tracker/1.0" />
    <property name="user.timezone" value="" />
    <property name="path.separator" value=";" />
    <property name="srcdir" value="src" />
    <property name="chat_message_pool.jar.name" value="chat_message_pool.jar" />
    <property name="command_line_utility.version" value="1.0" />
    <property name="file.encoding" value="GBK" />
    <property name="typesafe_enum.version" value="1.1" />
    <property name="chat_user_profile.jar" value="lib/tcs/chat_user_profile/2.0/chat_user_profile.jar" />
    <property name="command_line_utility.jar" value="lib/tcs/command_line_utility/1.0/command_line_utility.jar" />
    <property name="java_1_4_bootclasspath" value="D:/Program Files/Java/j2re1.4.2_11/lib/rt.jar" />
    <property name="ant.file.IM Application Logic" value="D:\SVN\BugFix\IMLogic\build.xml" />
    <property name="chat_session_manager.version" value="1.0" />
    <property name="ant.file" value="D:\SVN\BugFix\IMLogic\build.xml" />
    <property name="javasrc" value="src/java" />
    <property name="instrumented.dir" value="build/instrumented" />
    <property name="component.tests.jar" value="build/dist/lib/tcs/im_application_logic_tests.jar" />
    <property name="java.io.tmpdir" value="C:\DOCUME~1\INFORM~1.000\LOCALS~1\Temp\" />
    <property name="user.language" value="zh" />
    <property name="base_exception.path" value="base_exception/1.0" />
    <property name="service_engine.jar.name" value="service_engine.jar" />
    <property name="line.separator" value="
" />
    <property name="verbose" value="no" />
    <property name="jar_ext_libdir" value="lib" />
    <property name="java.vm.info" value="mixed mode" />
    <property name="component_path" value="im_application_logic/1.0" />
    <property name="java.util.prefs.PreferencesFactory" value="java.util.prefs.WindowsPreferencesFactory" />
    <property name="java.vm.specification.name" value="Java Virtual Machine Specification" />
    <property name="builddir" value="build" />
    <property name="cobertura.dir" value="lib/cobertura/1.8" />
    <property name="dist_conf" value="build/dist/im_application_logic-1.0/conf" />
    <property name="object_factory.version" value="2.0.1" />
    <property name="service_engine.path" value="service_engine/1.0" />
    <property name="java.awt.printerjob" value="sun.awt.windows.WPrinterJob" />
    <property name="configmanager.path" value="configuration_manager/2.1.5" />
    <property name="dist_lib" value="build/dist/lib/tcs" />
    <property name="base_exception.version" value="1.0" />
    <property name="status_tracker.jar.name" value="status_tracker.jar" />
    <property name="junit.jar" value="lib/junit/3.8.2/junit.jar" />
    <property name="configdir" value="conf" />
    <property name="build_tcsdistdir" value="build/dist/im_application_logic-1.0" />
    <property name="ant.version" value="Apache Ant version 1.7.0 compiled on December 13 2006" />
    <property name="chat_status_tracker.version" value="1.0" />
    <property name="service_engine.version" value="1.0" />
    <property name="dist_docs" value="build/dist/im_application_logic-1.0/docs" />
    <property name="chat_status_tracker.jar" value="lib/tcs/chat_status_tracker/1.0/chat_status_tracker.jar" />
    <property name="testlogdir" value="log" />
    <property name="os.name" value="Windows XP" />
    <property name="java.specification.vendor" value="Sun Microsystems Inc." />
    <property name="java.vm.name" value="Java HotSpot(TM) Client VM" />
    <property name="configmanager.jar" value="lib/tcs/configuration_manager/2.1.5/configuration_manager.jar" />
    <property name="java.library.path" value="C:\j2sdk1.4.2_13\jre\bin;.;C:\WINDOWS\system32;C:\WINDOWS;C:\WINDOWS\system32;C:\WINDOWS;C:\WINDOWS\System32\Wbem;d:\ant\bin;C:\Program Files\Java\jre1.5.0_06\bin;C:\j2sdk1.4.2_13\bin" />
    <property name="chat_user_profile.jar.name" value="chat_user_profile.jar" />
    <property name="service_engine.jar" value="lib/tcs/service_engine/1.0/service_engine.jar" />
    <property name="docpackage.jar" value="im_application_logic_docs.jar" />
    <property name="logging_wrapper.version" value="1.2" />
    <property name="ant.java.version" value="1.4" />
    <property name="basedir" value="D:\SVN\BugFix\IMLogic" />
    <property name="java.class.version" value="48.0" />
    <property name="status_tracker.jar" value="lib/tcs/status_tracker/1.0/status_tracker.jar" />
    <property name="base_exception.jar.name" value="base_exception.jar" />
    <property name="ant.home" value="d:\ant\bin\.." />
    <property name="logging_wrapper.path" value="logging_wrapper/1.2" />
    <property name="component.war" value="${dist_examples}/im_application_logic.war" />
    <property name="chat_session_manager.jar" value="lib/tcs/chat_session_manager/1.0/chat_session_manager.jar" />
    <property name="configmanager.jar.name" value="configuration_manager.jar" />
    <property name="chat_session_manager.jar.name" value="chat_session_manager.jar" />
    <property name="chat_user_profile.path" value="chat_user_profile/2.0" />
    <property name="net.sourceforge.cobertura.datafile" value="D:\SVN\BugFix\IMLogic\log\cobertura.ser" />
    <property name="sun.boot.library.path" value="C:\j2sdk1.4.2_13\jre\bin" />
    <property name="ext_libdir" value="lib" />
    <property name="java.awt.graphicsenv" value="sun.awt.Win32GraphicsEnvironment" />
    <property name="sales_im_messenger.jar" value="lib/tcs/sales_im_messenger/1.0/sales_im_messenger.jar" />
    <property name="user.variant" value="" />
    <property name="jar_tcs_libdir" value="lib/tcs" />
    <property name="build_targetclassdir" value="build/targetclasses" />
    <property name="docsdir" value="docs" />
    <property name="dev_dist.jar" value="IM_Application_Logic_1.0_dev_dist.jar" />
    <property name="ant.project.name" value="IM Application Logic" />
    <property name="java.vm.specification.version" value="1.0" />
    <property name="awt.toolkit" value="sun.awt.windows.WToolkit" />
    <property name="webdir" value="web" />
    <property name="sun.cpu.isalist" value="pentium i486 i386" />
    <property name="status_tracker.path" value="status_tracker/1.0" />
    <property name="build_javadocsdir" value="build/docs/javadocs" />
    <property name="java.ext.dirs" value="C:\j2sdk1.4.2_13\jre\lib\ext" />
    <property name="os.version" value="5.1" />
    <property name="user.home" value="C:\Documents and Settings\informix.78CD8F6373C24A7.000" />
    <property name="javadoc.jar" value="javadocs.jar" />
    <property name="build_classdir" value="build/classes" />
    <property name="object_factory.jar.name" value="object_factory.jar" />
    <property name="java.vm.vendor" value="Sun Microsystems Inc." />
    <property name="typesafe_enum.path" value="typesafe_enum/1.1" />
    <property name="build_testclassdir" value="build/testClasses" />
    <property name="package" value="com.cronos.im.logic" />
    <property name="typesafe_enum.jar" value="lib/tcs/typesafe_enum/1.1/typesafe_enum.jar" />
    <property name="base_exception.jar" value="lib/tcs/base_exception/1.0/base_exception.jar" />
    <property name="chat_message_pool.jar" value="lib/tcs/chat_message_pool/1.1/chat_message_pool.jar" />
    <property name="user.dir" value="D:\SVN\BugFix\IMLogic" />
    <property name="configmanager.version" value="2.1.5" />
    <property name="sun.cpu.endian" value="little" />
    <property name="dist_docpackage" value="build/doc_package" />
    <property name="java.vm.version" value="1.4.2_13-b06" />
    <property name="java.class.path" value="D:\SVN\BugFix\IMLogic\build\instrumented;D:\SVN\BugFix\IMLogic\build\testClasses;D:\SVN\BugFix\IMLogic\build\classes;D:\SVN\BugFix\IMLogic\lib\tcs\configuration_manager\2.1.5\configuration_manager.jar;D:\SVN\BugFix\IMLogic\lib\tcs\typesafe_enum\1.1\typesafe_enum.jar;D:\SVN\BugFix\IMLogic\lib\tcs\object_factory\2.0.1\object_factory.jar;D:\SVN\BugFix\IMLogic\lib\tcs\base_exception\1.0\base_exception.jar;D:\SVN\BugFix\IMLogic\lib\tcs\chat_user_profile\2.0\chat_user_profile.jar;D:\SVN\BugFix\IMLogic\lib\tcs\chat_status_tracker\1.0\chat_status_tracker.jar;D:\SVN\BugFix\IMLogic\lib\tcs\logging_wrapper\1.2\logging_wrapper.jar;D:\SVN\BugFix\IMLogic\lib\tcs\command_line_utility\1.0\command_line_utility.jar;D:\SVN\BugFix\IMLogic\conf;D:\SVN\BugFix\IMLogic\test_files;D:\SVN\BugFix\IMLogic\lib\tcs\log4j-1.2.9.jar;D:\SVN\BugFix\IMLogic\lib\tcs\logging_wrapper.jar;D:\SVN\BugFix\IMLogic\lib\tcs\command_line_utility.jar;D:\SVN\BugFix\IMLogic\lib\tcs\generic_event_manager.jar;D:\SVN\BugFix\IMLogic\lib\tcs\job_scheduling.jar;D:\SVN\BugFix\IMLogic\lib\tcs\executable_wrapper.jar;D:\SVN\BugFix\IMLogic\lib\tcs\document_generator.jar;D:\SVN\BugFix\IMLogic\lib\tcs\dep.jar;D:\SVN\BugFix\IMLogic\lib\cobertura\1.8\cobertura.jar;D:\SVN\BugFix\IMLogic\lib\cobertura\1.8\lib\asm-2.2.1.jar;D:\SVN\BugFix\IMLogic\lib\cobertura\1.8\lib\jakarta-oro-2.0.8.jar;D:\SVN\BugFix\IMLogic\lib\cobertura\1.8\lib\log4j-1.2.9.jar;D:\SVN\BugFix\IMLogic;D:\junit3.8.2\junit3.8.2;D:\ant\lib\junit.jar;D:\ant\lib\ant-launcher.jar;D:\ant\lib\ant.jar;D:\ant\lib\ant-junit.jar" />
    <property name="dev_submission.jar" value="IM_Application_Logic_1.0_dev_submission.jar" />
    <property name="ant.library.dir" value="D:\ant\lib" />
    <property name="os.arch" value="x86" />
    <property name="chat_message_pool.version" value="1.1" />
    <property name="logging_wrapper.jar.name" value="logging_wrapper.jar" />
    <property name="ant.core.lib" value="D:\ant\lib\ant.jar" />
    <property name="java.vm.specification.vendor" value="Sun Microsystems Inc." />
    <property name="chat_status_tracker.jar.name" value="chat_status_tracker.jar" />
    <property name="status_tracker.version" value="1.0" />
    <property name="file.separator" value="\" />
    <property name="sales_im_messenger.path" value="sales_im_messenger/1.0" />
    <property name="java.runtime.version" value="1.4.2_13-b06" />
    <property name="build_docsdir" value="build/docs" />
    <property name="sun.boot.class.path" value="C:\j2sdk1.4.2_13\jre\lib\rt.jar;C:\j2sdk1.4.2_13\jre\lib\i18n.jar;C:\j2sdk1.4.2_13\jre\lib\sunrsasign.jar;C:\j2sdk1.4.2_13\jre\lib\jsse.jar;C:\j2sdk1.4.2_13\jre\lib\jce.jar;C:\j2sdk1.4.2_13\jre\lib\charsets.jar;C:\j2sdk1.4.2_13\jre\classes" />
    <property name="design_submission.jar" value="IM_Application_Logic_1.0_design_submission.jar" />
    <property name="chat_message_pool.path" value="chat_message_pool/1.1" />
    <property name="sun.java2d.fontpath" value="" />
    <property name="user.country" value="CN" />
    <property name="tcs_libdir" value="lib/tcs" />
    <property name="component" value="IM_Application_Logic" />
    <property name="logging_wrapper.jar" value="lib/tcs/logging_wrapper/1.2/logging_wrapper.jar" />
    <property name="typesafe_enum.jar.name" value="typesafe_enum.jar" />
    <property name="java.vendor" value="Sun Microsystems Inc." />
    <property name="java.specification.version" value="1.4" />
    <property name="testfiles" value="test_files" />
    <property name="sun.arch.data.model" value="32" />
    <property name="javatests" value="src/java/tests" />
  </properties>
  <testcase name="testIMConfigurationException1" classname="com.cronos.im.logic.IMConfigurationExceptionUnitTests" time="0.031" />
  <testcase name="testIMConfigurationException2" classname="com.cronos.im.logic.IMConfigurationExceptionUnitTests" time="0.0" />
  <testcase name="testIMConfigurationExceptionInheritance1" classname="com.cronos.im.logic.IMConfigurationExceptionUnitTests" time="0.0" />
  <testcase name="testIMConfigurationExceptionInheritance2" classname="com.cronos.im.logic.IMConfigurationExceptionUnitTests" time="0.0" />
  <testcase name="test_checkNull_1" classname="com.cronos.im.logic.IMHelperUnitTests" time="0.281" />
  <testcase name="test_checkNull_2" classname="com.cronos.im.logic.IMHelperUnitTests" time="0.188" />
  <testcase name="test_checkString_1" classname="com.cronos.im.logic.IMHelperUnitTests" time="0.125" />
  <testcase name="test_checkString_2" classname="com.cronos.im.logic.IMHelperUnitTests" time="0.156" />
  <testcase name="test_checkString_3" classname="com.cronos.im.logic.IMHelperUnitTests" time="0.094" />
  <testcase name="test_getRequiredConfigString_1" classname="com.cronos.im.logic.IMHelperUnitTests" time="0.14" />
  <testcase name="test_getRequiredConfigString_Failure_1" classname="com.cronos.im.logic.IMHelperUnitTests" time="0.094" />
  <testcase name="test_getRequiredConfigString_Failure_2" classname="com.cronos.im.logic.IMHelperUnitTests" time="0.125" />
  <testcase name="test_getOptionalConfigString_1" classname="com.cronos.im.logic.IMHelperUnitTests" time="0.109" />
  <testcase name="test_getOptionalConfigString_Failure_1" classname="com.cronos.im.logic.IMHelperUnitTests" time="0.141" />
  <testcase name="test_getOptionalConfigString_Failure_2" classname="com.cronos.im.logic.IMHelperUnitTests" time="0.093" />
  <testcase name="test_contains_1" classname="com.cronos.im.logic.IMHelperUnitTests" time="0.141" />
  <testcase name="test_contains_2" classname="com.cronos.im.logic.IMHelperUnitTests" time="0.094" />
  <testcase name="test_contains_3" classname="com.cronos.im.logic.IMHelperUnitTests" time="0.125" />
  <testcase name="test_constructor1_1" classname="com.cronos.im.logic.IMLoggerUnitTests" time="0.109" />
  <testcase name="test_constructor1_2" classname="com.cronos.im.logic.IMLoggerUnitTests" time="0.141" />
  <testcase name="test_constructor2_1" classname="com.cronos.im.logic.IMLoggerUnitTests" time="0.125" />
  <testcase name="test_constructor2_2" classname="com.cronos.im.logic.IMLoggerUnitTests" time="0.094" />
  <testcase name="test_constructor2_3" classname="com.cronos.im.logic.IMLoggerUnitTests" time="0.125" />
  <testcase name="test_constructor2_4" classname="com.cronos.im.logic.IMLoggerUnitTests" time="0.094" />
  <testcase name="test_log1_1" classname="com.cronos.im.logic.IMLoggerUnitTests" time="0.141" />
  <testcase name="test_log1_2" classname="com.cronos.im.logic.IMLoggerUnitTests" time="0.14" />
  <testcase name="test_log1_3" classname="com.cronos.im.logic.IMLoggerUnitTests" time="0.094" />
  <testcase name="test_log2_1" classname="com.cronos.im.logic.IMLoggerUnitTests" time="0.125" />
  <testcase name="test_log3_1" classname="com.cronos.im.logic.IMLoggerUnitTests" time="0.125" />
  <testcase name="test_log3_2" classname="com.cronos.im.logic.IMLoggerUnitTests" time="0.094" />
  <testcase name="test_print_help1" classname="com.cronos.im.logic.MessagePoolDetectorUnitTests" time="0.156" />
  <testcase name="test_print_help2" classname="com.cronos.im.logic.MessagePoolDetectorUnitTests" time="0.094" />
  <testcase name="test_print_help3" classname="com.cronos.im.logic.MessagePoolDetectorUnitTests" time="0.218" />
  <testcase name="test_main_accuracy" classname="com.cronos.im.logic.MessagePoolDetectorUnitTests" time="0.094" />
  <testcase name="test_main_failure1" classname="com.cronos.im.logic.MessagePoolDetectorUnitTests" time="0.125" />
  <testcase name="test_main_failure2" classname="com.cronos.im.logic.MessagePoolDetectorUnitTests" time="0.11" />
  <testcase name="test_main_failure3" classname="com.cronos.im.logic.MessagePoolDetectorUnitTests" time="0.125" />
  <testcase name="test_main_failure4" classname="com.cronos.im.logic.MessagePoolDetectorUnitTests" time="0.093" />
  <testcase name="test_main_failure5" classname="com.cronos.im.logic.MessagePoolDetectorUnitTests" time="0.141" />
  <testcase name="test_main_failure6" classname="com.cronos.im.logic.MessagePoolDetectorUnitTests" time="0.094" />
  <testcase name="test_main_failure7" classname="com.cronos.im.logic.MessagePoolDetectorUnitTests" time="0.14" />
  <testcase name="test_main_failure8" classname="com.cronos.im.logic.MessagePoolDetectorUnitTests" time="0.094" />
  <testcase name="test_main_failure9" classname="com.cronos.im.logic.MessagePoolDetectorUnitTests" time="0.141" />
  <testcase name="test_main_failure10" classname="com.cronos.im.logic.MessagePoolDetectorUnitTests" time="0.109" />
  <testcase name="test_main_failure11" classname="com.cronos.im.logic.MessagePoolDetectorUnitTests" time="0.125" />
  <testcase name="test_main_failure12" classname="com.cronos.im.logic.MessagePoolDetectorUnitTests" time="0.094" />
  <testcase name="test_constructor1_1" classname="com.cronos.im.logic.IMServiceHandlerUnitTests" time="0.219" />
  <testcase name="test_constructor1_2" classname="com.cronos.im.logic.IMServiceHandlerUnitTests" time="0.093" />
  <testcase name="test_constructor2_1" classname="com.cronos.im.logic.IMServiceHandlerUnitTests" time="0.141" />
  <testcase name="test_constructor2_2" classname="com.cronos.im.logic.IMServiceHandlerUnitTests" time="0.078" />
  <testcase name="test_constructor1_failure1" classname="com.cronos.im.logic.IMServiceHandlerUnitTests" time="0.141" />
  <testcase name="test_constructor1_failure2" classname="com.cronos.im.logic.IMServiceHandlerUnitTests" time="0.078" />
  <testcase name="test_constructor1_failure3" classname="com.cronos.im.logic.IMServiceHandlerUnitTests" time="0.125" />
  <testcase name="test_constructor1_failure5" classname="com.cronos.im.logic.IMServiceHandlerUnitTests" time="0.079" />
  <testcase name="test_constructor1_failure6" classname="com.cronos.im.logic.IMServiceHandlerUnitTests" time="0.125" />
  <testcase name="test_constructor2_failure1" classname="com.cronos.im.logic.IMServiceHandlerUnitTests" time="0.094" />
  <testcase name="test_constructor2_failure2" classname="com.cronos.im.logic.IMServiceHandlerUnitTests" time="0.125" />
  <testcase name="test_constructor2_failure3" classname="com.cronos.im.logic.IMServiceHandlerUnitTests" time="0.094" />
  <testcase name="test_constructor2_failure4" classname="com.cronos.im.logic.IMServiceHandlerUnitTests" time="0.125" />
  <testcase name="test_constructor3_1" classname="com.cronos.im.logic.IMServiceHandlerUnitTests" time="0.093" />
  <testcase name="test_constructor3_2" classname="com.cronos.im.logic.IMServiceHandlerUnitTests" time="0.125" />
  <testcase name="test_constructor3_failure1" classname="com.cronos.im.logic.IMServiceHandlerUnitTests" time="0.141" />
  <testcase name="test_constructor3_failure2" classname="com.cronos.im.logic.IMServiceHandlerUnitTests" time="0.094" />
  <testcase name="test_constructor3_failure3" classname="com.cronos.im.logic.IMServiceHandlerUnitTests" time="0.125" />
  <testcase name="test_constructor3_failure4" classname="com.cronos.im.logic.IMServiceHandlerUnitTests" time="0.094" />
  <testcase name="test_constructor3_failure6" classname="com.cronos.im.logic.IMServiceHandlerUnitTests" time="0.125" />
  <testcase name="test_constructor3_failure7" classname="com.cronos.im.logic.IMServiceHandlerUnitTests" time="0.093" />
  <testcase name="test_constructor3_failure_invalid_config_1" classname="com.cronos.im.logic.IMServiceHandlerUnitTests" time="0.125" />
  <testcase name="test_constructor3_failure_invalid_config_2" classname="com.cronos.im.logic.IMServiceHandlerUnitTests" time="0.094" />
  <testcase name="test_constructor3_failure_invalid_config_3" classname="com.cronos.im.logic.IMServiceHandlerUnitTests" time="0.125" />
  <testcase name="test_constructor3_failure_invalid_config_4" classname="com.cronos.im.logic.IMServiceHandlerUnitTests" time="0.094" />
  <testcase name="test_onToBeServiced_getReuqester_1" classname="com.cronos.im.logic.IMServiceHandlerUnitTests" time="2.125" />
  <testcase name="test_setResponder_clearAllResponders_getReuqester1" classname="com.cronos.im.logic.IMServiceHandlerUnitTests" time="0.094" />
  <testcase name="test_onToBeServiced_failure_1" classname="com.cronos.im.logic.IMServiceHandlerUnitTests" time="0.125" />
  <testcase name="test_onServiced_failure_1" classname="com.cronos.im.logic.IMServiceHandlerUnitTests" time="0.093" />
  <testcase name="test_getResponder_failure_1" classname="com.cronos.im.logic.IMServiceHandlerUnitTests" time="0.141" />
  <testcase name="test_getResponder_failure_2" classname="com.cronos.im.logic.IMServiceHandlerUnitTests" time="0.078" />
  <testcase name="test_setResponder_onServiced_1" classname="com.cronos.im.logic.IMServiceHandlerUnitTests" time="0.141" />
  <testcase name="test_onServiced_1" classname="com.cronos.im.logic.IMServiceHandlerUnitTests" time="0.078" />
  <testcase name="test_getChatUserStatusTracker" classname="com.cronos.im.logic.IMServiceHandlerUnitTests" time="0.14" />
  <testcase name="test_getMessenger" classname="com.cronos.im.logic.IMServiceHandlerUnitTests" time="0.079" />
  <testcase name="test_getChatSessionManager" classname="com.cronos.im.logic.IMServiceHandlerUnitTests" time="0.14" />
  <testcase name="test_getChatSessionStatusTracker" classname="com.cronos.im.logic.IMServiceHandlerUnitTests" time="0.078" />
  <testcase name="test_getResponderWaitTime" classname="com.cronos.im.logic.IMServiceHandlerUnitTests" time="0.125" />
  <testcase name="test_getCheckResponseInterval" classname="com.cronos.im.logic.IMServiceHandlerUnitTests" time="0.094" />
  <testcase name="test_constructor1_1" classname="com.cronos.im.logic.SessionStatusEventListenerUnitTests" time="0.125" />
  <testcase name="test_constructor1_2" classname="com.cronos.im.logic.SessionStatusEventListenerUnitTests" time="0.094" />
  <testcase name="test_constructor1_failure1" classname="com.cronos.im.logic.SessionStatusEventListenerUnitTests" time="0.125" />
  <testcase name="test_constructor1_failure2" classname="com.cronos.im.logic.SessionStatusEventListenerUnitTests" time="0.078" />
  <testcase name="test_constructor1_failure3" classname="com.cronos.im.logic.SessionStatusEventListenerUnitTests" time="0.109" />
  <testcase name="test_getMessenger" classname="com.cronos.im.logic.SessionStatusEventListenerUnitTests" time="0.078" />
  <testcase name="test_getChatSessionManager" classname="com.cronos.im.logic.SessionStatusEventListenerUnitTests" time="0.125" />
  <testcase name="test_getChatSessionStatusTracker" classname="com.cronos.im.logic.SessionStatusEventListenerUnitTests" time="0.093" />
  <testcase name="test_statusChanged_1" classname="com.cronos.im.logic.SessionStatusEventListenerUnitTests" time="0.125" />
  <testcase name="test_statusChanged_failure1" classname="com.cronos.im.logic.SessionStatusEventListenerUnitTests" time="0.094" />
  <testcase name="test_statusChanged_failure2" classname="com.cronos.im.logic.SessionStatusEventListenerUnitTests" time="0.125" />
  <testcase name="test_statusChanged_failure3" classname="com.cronos.im.logic.SessionStatusEventListenerUnitTests" time="0.078" />
  <testcase name="test_constructor1_1" classname="com.cronos.im.logic.UserSessionEventListenerUnitTests" time="0.141" />
  <testcase name="test_constructor1_2" classname="com.cronos.im.logic.UserSessionEventListenerUnitTests" time="0.141" />
  <testcase name="test_constructor2_1" classname="com.cronos.im.logic.UserSessionEventListenerUnitTests" time="0.078" />
  <testcase name="test_constructor2_2" classname="com.cronos.im.logic.UserSessionEventListenerUnitTests" time="0.14" />
  <testcase name="test_constructor1_failure1" classname="com.cronos.im.logic.UserSessionEventListenerUnitTests" time="0.078" />
  <testcase name="test_constructor1_failure2" classname="com.cronos.im.logic.UserSessionEventListenerUnitTests" time="0.125" />
  <testcase name="test_constructor1_failure3" classname="com.cronos.im.logic.UserSessionEventListenerUnitTests" time="0.078" />
  <testcase name="test_constructor2_failure1" classname="com.cronos.im.logic.UserSessionEventListenerUnitTests" time="0.141" />
  <testcase name="test_constructor2_failure2" classname="com.cronos.im.logic.UserSessionEventListenerUnitTests" time="0.078" />
  <testcase name="test_constructor2_failure3" classname="com.cronos.im.logic.UserSessionEventListenerUnitTests" time="0.141" />
  <testcase name="test_constructor3_1" classname="com.cronos.im.logic.UserSessionEventListenerUnitTests" time="0.078" />
  <testcase name="test_constructor3_2" classname="com.cronos.im.logic.UserSessionEventListenerUnitTests" time="0.14" />
  <testcase name="test_constructor3_failure1" classname="com.cronos.im.logic.UserSessionEventListenerUnitTests" time="0.078" />
  <testcase name="test_constructor3_failure2" classname="com.cronos.im.logic.UserSessionEventListenerUnitTests" time="0.141" />
  <testcase name="test_constructor3_failure3" classname="com.cronos.im.logic.UserSessionEventListenerUnitTests" time="0.078" />
  <testcase name="test_constructor3_failure4" classname="com.cronos.im.logic.UserSessionEventListenerUnitTests" time="0.125" />
  <testcase name="test_constructor3_failure6" classname="com.cronos.im.logic.UserSessionEventListenerUnitTests" time="0.078" />
  <testcase name="test_constructor3_failure7" classname="com.cronos.im.logic.UserSessionEventListenerUnitTests" time="0.125" />
  <testcase name="test_getMessenger" classname="com.cronos.im.logic.UserSessionEventListenerUnitTests" time="0.093" />
  <testcase name="test_getChatSessionManager" classname="com.cronos.im.logic.UserSessionEventListenerUnitTests" time="0.125" />
  <testcase name="test_getChatSessionStatusTracker" classname="com.cronos.im.logic.UserSessionEventListenerUnitTests" time="0.078" />
  <testcase name="test_constructor1_failure4" classname="com.cronos.im.logic.UserSessionEventListenerUnitTests" time="0.141" />
  <testcase name="test_constructor3_failure5" classname="com.cronos.im.logic.UserSessionEventListenerUnitTests" time="0.078" />
  <testcase name="test_constructor3_failure8" classname="com.cronos.im.logic.UserSessionEventListenerUnitTests" time="0.125" />
  <testcase name="test_userRequested_1" classname="com.cronos.im.logic.UserSessionEventListenerUnitTests" time="0.094" />
  <testcase name="test_userRequested_failure1" classname="com.cronos.im.logic.UserSessionEventListenerUnitTests" time="0.125" />
  <testcase name="test_userAdded_1" classname="com.cronos.im.logic.UserSessionEventListenerUnitTests" time="0.094" />
  <testcase name="test_userAdded_failure1" classname="com.cronos.im.logic.UserSessionEventListenerUnitTests" time="0.125" />
  <testcase name="test_userRemoved_1" classname="com.cronos.im.logic.UserSessionEventListenerUnitTests" time="0.094" />
  <testcase name="test_userRemoved_failure1" classname="com.cronos.im.logic.UserSessionEventListenerUnitTests" time="0.125" />
  <testcase name="test_userRemoved_2" classname="com.cronos.im.logic.UserSessionEventListenerUnitTests" time="0.093" />
  <testcase name="test_getAcknowledgeTime" classname="com.cronos.im.logic.UserSessionEventListenerUnitTests" time="0.141" />
  <testcase name="test_constructor1_1" classname="com.cronos.im.logic.UserStatusEventListenerUnitTests" time="0.078" />
  <testcase name="test_constructor1_2" classname="com.cronos.im.logic.UserStatusEventListenerUnitTests" time="0.141" />
  <testcase name="test_constructor1_failure1" classname="com.cronos.im.logic.UserStatusEventListenerUnitTests" time="0.078" />
  <testcase name="test_constructor1_failure2" classname="com.cronos.im.logic.UserStatusEventListenerUnitTests" time="0.141" />
  <testcase name="test_getChatUserStatusTracker" classname="com.cronos.im.logic.UserStatusEventListenerUnitTests" time="0.078" />
  <testcase name="test_statusChanged_1" classname="com.cronos.im.logic.UserStatusEventListenerUnitTests" time="0.14" />
  <testcase name="test_statusChanged_failure1" classname="com.cronos.im.logic.UserStatusEventListenerUnitTests" time="0.078" />
  <testcase name="test_statusChanged_failure2" classname="com.cronos.im.logic.UserStatusEventListenerUnitTests" time="0.141" />
  <testcase name="test_statusChanged_failure3" classname="com.cronos.im.logic.UserStatusEventListenerUnitTests" time="0.094" />
  <testcase name="test_statusChanged_2" classname="com.cronos.im.logic.UserStatusEventListenerUnitTests" time="0.125" />
  <testcase name="test_getMessagePool" classname="com.cronos.im.logic.UserStatusEventListenerUnitTests" time="0.094" />
  <testcase name="test_demo_status_event_listeners" classname="com.cronos.im.logic.Demo" time="0.14" />
  <testcase name="test_demo_user_session_event_listener" classname="com.cronos.im.logic.Demo" time="0.078" />
  <testcase name="test_demo_service_handler" classname="com.cronos.im.logic.Demo" time="0.125" />
  <testcase name="test_demo_message_pool_detector" classname="com.cronos.im.logic.Demo" time="0.297" />
  <testcase name="testConstructor_DateFormat" classname="com.cronos.im.logic.accuracytests.IMLoggerTest" time="0.031" />
  <testcase name="testConstructor_String_DateFormat" classname="com.cronos.im.logic.accuracytests.IMLoggerTest" time="0.031" />
  <testcase name="testMethodLog_Level_String_StringArray" classname="com.cronos.im.logic.accuracytests.IMLoggerTest" time="0.016" />
  <testcase name="testMethodLog_Level_String_longArray_longArray" classname="com.cronos.im.logic.accuracytests.IMLoggerTest" time="0.031" />
  <testcase name="testMethodLog_Level_String" classname="com.cronos.im.logic.accuracytests.IMLoggerTest" time="0.031" />
  <testcase name="testConstructor_1" classname="com.cronos.im.logic.accuracytests.IMServiceHandlerTest" time="0.032" />
  <testcase name="testConstructor_2" classname="com.cronos.im.logic.accuracytests.IMServiceHandlerTest" time="0.078" />
  <testcase name="testConstructor_3" classname="com.cronos.im.logic.accuracytests.IMServiceHandlerTest" time="0.015" />
  <testcase name="testMethodGetCheckResponseInterval" classname="com.cronos.im.logic.accuracytests.IMServiceHandlerTest" time="0.016" />
  <testcase name="testMethodGetResponderWaitTime" classname="com.cronos.im.logic.accuracytests.IMServiceHandlerTest" time="0.031" />
  <testcase name="testMethodGetResponder_ServiceElement_Category" classname="com.cronos.im.logic.accuracytests.IMServiceHandlerTest" time="0.016" />
  <testcase name="testMethodGetMessenger" classname="com.cronos.im.logic.accuracytests.IMServiceHandlerTest" time="0.031" />
  <testcase name="testMethodGetChatSessionManager" classname="com.cronos.im.logic.accuracytests.IMServiceHandlerTest" time="0.031" />
  <testcase name="testMethodGetChatSessionStatusTracker" classname="com.cronos.im.logic.accuracytests.IMServiceHandlerTest" time="0.016" />
  <testcase name="testMethodGetChatUserStatusTracker" classname="com.cronos.im.logic.accuracytests.IMServiceHandlerTest" time="0.031" />
  <testcase name="testMethodOnServiced_ServiceEvent_1" classname="com.cronos.im.logic.accuracytests.IMServiceHandlerTest" time="0.078" />
  <testcase name="testMethodOnServiced_ServiceEvent_2" classname="com.cronos.im.logic.accuracytests.IMServiceHandlerTest" time="0.015" />
  <testcase name="testMethodOnToBeServiced_ServiceEvent" classname="com.cronos.im.logic.accuracytests.IMServiceHandlerTest" time="1.032" />
  <testcase name="testMethodMain_StringArray" classname="com.cronos.im.logic.accuracytests.MessagePoolDetectorTest" time="0.015" />
  <testcase name="testMethodGetMessenger" classname="com.cronos.im.logic.accuracytests.SessionStatusEventListenerTest" time="0.031" />
  <testcase name="testMethodGetChatSessionManager" classname="com.cronos.im.logic.accuracytests.SessionStatusEventListenerTest" time="0.032" />
  <testcase name="testMethodGetChatSessionStatusTracker" classname="com.cronos.im.logic.accuracytests.SessionStatusEventListenerTest" time="0.015" />
  <testcase name="testConstructor" classname="com.cronos.im.logic.accuracytests.SessionStatusEventListenerTest" time="0.032" />
  <testcase name="testMethodStatusChanged_long_Entity_Status_Status" classname="com.cronos.im.logic.accuracytests.SessionStatusEventListenerTest" time="0.015" />
  <testcase name="testConstructor_1" classname="com.cronos.im.logic.accuracytests.UserSessionEventListenerTest" time="0.031" />
  <testcase name="testConstructor_2" classname="com.cronos.im.logic.accuracytests.UserSessionEventListenerTest" time="0.079" />
  <testcase name="testConstructor_3" classname="com.cronos.im.logic.accuracytests.UserSessionEventListenerTest" time="0.031" />
  <testcase name="testMethodGetMessenger" classname="com.cronos.im.logic.accuracytests.UserSessionEventListenerTest" time="0.015" />
  <testcase name="testMethodGetChatSessionManager" classname="com.cronos.im.logic.accuracytests.UserSessionEventListenerTest" time="0.032" />
  <testcase name="testMethodGetChatSessionStatusTracker" classname="com.cronos.im.logic.accuracytests.UserSessionEventListenerTest" time="0.015" />
  <testcase name="testMethodGetAcknowledgeTime" classname="com.cronos.im.logic.accuracytests.UserSessionEventListenerTest" time="0.016" />
  <testcase name="testMethodUserRequested_ChatSession_long" classname="com.cronos.im.logic.accuracytests.UserSessionEventListenerTest" time="0.031" />
  <testcase name="testMethodUserRemoved_ChatSession_long" classname="com.cronos.im.logic.accuracytests.UserSessionEventListenerTest" time="0.015" />
  <testcase name="testMethodUserAdded_ChatSession_long" classname="com.cronos.im.logic.accuracytests.UserSessionEventListenerTest" time="0.032" />
  <testcase name="testMethodGetChatUserStatusTracker" classname="com.cronos.im.logic.accuracytests.UserStatusEventListenerTest" time="0.078" />
  <testcase name="testConstructor" classname="com.cronos.im.logic.accuracytests.UserStatusEventListenerTest" time="0.031" />
  <testcase name="testMethodStatusChanged_long_Entity_Status_Status" classname="com.cronos.im.logic.accuracytests.UserStatusEventListenerTest" time="0.016" />
  <testcase name="testMethodGetMessagePool" classname="com.cronos.im.logic.accuracytests.UserStatusEventListenerTest" time="0.031" />
  <testcase name="testonToBeServiced" classname="com.cronos.im.logic.stresstests.IMServiceHandlerStressTest" time="1.078" />
  <testcase name="testonServiced_WithResponder" classname="com.cronos.im.logic.stresstests.IMServiceHandlerStressTest" time="0.125" />
  <testcase name="testonServiced_NoResponder" classname="com.cronos.im.logic.stresstests.IMServiceHandlerStressTest" time="0.078" />
  <testcase name="testMain" classname="com.cronos.im.logic.stresstests.MessagePoolDetectorStressTest" time="0.203" />
  <testcase name="testStatusChanged_OpenToClose" classname="com.cronos.im.logic.stresstests.SessionStatusEventListenerStressTest" time="0.031" />
  <testcase name="testStatusChanged_CloseToOpen" classname="com.cronos.im.logic.stresstests.SessionStatusEventListenerStressTest" time="0.781" />
  <testcase name="testUserAdded" classname="com.cronos.im.logic.stresstests.UserSessionEventListenerStressTest" time="0.282" />
  <testcase name="testUserRemoved" classname="com.cronos.im.logic.stresstests.UserSessionEventListenerStressTest" time="0.047" />
  <testcase name="testUserRequested" classname="com.cronos.im.logic.stresstests.UserSessionEventListenerStressTest" time="0.234" />
  <testcase name="testStatusChanged_OffToOn" classname="com.cronos.im.logic.stresstests.UserStatusEventListenerStressTest" time="0.047" />
  <testcase name="testStatusChanged_OnToOff" classname="com.cronos.im.logic.stresstests.UserStatusEventListenerStressTest" time="0.047" />
  <testcase name="testConstructor1Failure1" classname="com.cronos.im.logic.failure.IMServiceHandlerFailureTests" time="0.078" />
  <testcase name="testConstructor1Failure2" classname="com.cronos.im.logic.failure.IMServiceHandlerFailureTests" time="0.125" />
  <testcase name="testConstructor1Failure3" classname="com.cronos.im.logic.failure.IMServiceHandlerFailureTests" time="0.062" />
  <testcase name="testConstructor1Failure5" classname="com.cronos.im.logic.failure.IMServiceHandlerFailureTests" time="0.078" />
  <testcase name="testConstructor1Failure6" classname="com.cronos.im.logic.failure.IMServiceHandlerFailureTests" time="0.125" />
  <testcase name="testConstructor2Failure1" classname="com.cronos.im.logic.failure.IMServiceHandlerFailureTests" time="0.079" />
  <testcase name="testConstructor2Failure2" classname="com.cronos.im.logic.failure.IMServiceHandlerFailureTests" time="0.062" />
  <testcase name="testConstructor2Failure3" classname="com.cronos.im.logic.failure.IMServiceHandlerFailureTests" time="0.078" />
  <testcase name="testConstructor2Failure4" classname="com.cronos.im.logic.failure.IMServiceHandlerFailureTests" time="0.125" />
  <testcase name="testConstructor3Failure1" classname="com.cronos.im.logic.failure.IMServiceHandlerFailureTests" time="0.094" />
  <testcase name="testConstructor3Failure2" classname="com.cronos.im.logic.failure.IMServiceHandlerFailureTests" time="0.062" />
  <testcase name="testConstructor3Failure3" classname="com.cronos.im.logic.failure.IMServiceHandlerFailureTests" time="0.141" />
  <testcase name="testConstructor3Failure4" classname="com.cronos.im.logic.failure.IMServiceHandlerFailureTests" time="0.078" />
  <testcase name="testConstructor3Failure6" classname="com.cronos.im.logic.failure.IMServiceHandlerFailureTests" time="0.063" />
  <testcase name="testConstructor3Failure7" classname="com.cronos.im.logic.failure.IMServiceHandlerFailureTests" time="0.078" />
  <testcase name="testConstructorInvalid1" classname="com.cronos.im.logic.failure.IMServiceHandlerFailureTests" time="0.125" />
  <testcase name="testConstructorInvalid2" classname="com.cronos.im.logic.failure.IMServiceHandlerFailureTests" time="0.078" />
  <testcase name="testConstructorInvalid3" classname="com.cronos.im.logic.failure.IMServiceHandlerFailureTests" time="0.062" />
  <testcase name="testConstructorInvalid4" classname="com.cronos.im.logic.failure.IMServiceHandlerFailureTests" time="0.079" />
  <testcase name="testOnServicedFailure" classname="com.cronos.im.logic.failure.IMServiceHandlerFailureTests" time="0.125" />
  <testcase name="testGetResponderFailure1" classname="com.cronos.im.logic.failure.IMServiceHandlerFailureTests" time="0.078" />
  <testcase name="testGetResponderFailure2" classname="com.cronos.im.logic.failure.IMServiceHandlerFailureTests" time="0.093" />
  <testcase name="testMainFailure1" classname="com.cronos.im.logic.failure.MessagePoolDetectorFailureTests" time="0.109" />
  <testcase name="testMainFailure2" classname="com.cronos.im.logic.failure.MessagePoolDetectorFailureTests" time="0.188" />
  <testcase name="testMainFailure3" classname="com.cronos.im.logic.failure.MessagePoolDetectorFailureTests" time="0.078" />
  <testcase name="testMainFailure4" classname="com.cronos.im.logic.failure.MessagePoolDetectorFailureTests" time="0.063" />
  <testcase name="testMainFailure5" classname="com.cronos.im.logic.failure.MessagePoolDetectorFailureTests" time="0.14" />
  <testcase name="testMainFailure6" classname="com.cronos.im.logic.failure.MessagePoolDetectorFailureTests" time="0.063" />
  <testcase name="testMainFailure7" classname="com.cronos.im.logic.failure.MessagePoolDetectorFailureTests" time="0.078" />
  <testcase name="testMainFailure8" classname="com.cronos.im.logic.failure.MessagePoolDetectorFailureTests" time="0.078" />
  <testcase name="testMainFailure9" classname="com.cronos.im.logic.failure.MessagePoolDetectorFailureTests" time="0.125" />
  <testcase name="testConstructor1Failure1" classname="com.cronos.im.logic.failure.SessionStatusEventListenerFailureTests" time="0.062" />
  <testcase name="testConstructor1Failure2" classname="com.cronos.im.logic.failure.SessionStatusEventListenerFailureTests" time="0.079" />
  <testcase name="testConstructor1Failure3" classname="com.cronos.im.logic.failure.SessionStatusEventListenerFailureTests" time="0.062" />
  <testcase name="testConstructor2Failure1" classname="com.cronos.im.logic.failure.SessionStatusEventListenerFailureTests" time="0.234" />
  <testcase name="testUserRequestedFailure1" classname="com.cronos.im.logic.failure.SessionStatusEventListenerFailureTests" time="0.094" />
  <testcase name="testUserRequestedFailure2" classname="com.cronos.im.logic.failure.SessionStatusEventListenerFailureTests" time="0.094" />
  <testcase name="testUserRequestedFailure3" classname="com.cronos.im.logic.failure.SessionStatusEventListenerFailureTests" time="0.078" />
  <testcase name="testConstructor1Failure1" classname="com.cronos.im.logic.failure.UserSessionEventListenerFailureTests" time="0.156" />
  <testcase name="testConstructor1Failure2" classname="com.cronos.im.logic.failure.UserSessionEventListenerFailureTests" time="0.078" />
  <testcase name="testConstructor1Failure3" classname="com.cronos.im.logic.failure.UserSessionEventListenerFailureTests" time="0.079" />
  <testcase name="testConstructor2Failure1" classname="com.cronos.im.logic.failure.UserSessionEventListenerFailureTests" time="0.093" />
  <testcase name="testConstructor2Failure2" classname="com.cronos.im.logic.failure.UserSessionEventListenerFailureTests" time="0.157" />
  <testcase name="testConstructor2Failure3" classname="com.cronos.im.logic.failure.UserSessionEventListenerFailureTests" time="0.078" />
  <testcase name="testConstructor3Failure1" classname="com.cronos.im.logic.failure.UserSessionEventListenerFailureTests" time="0.093" />
  <testcase name="testConstructor3Failure2" classname="com.cronos.im.logic.failure.UserSessionEventListenerFailureTests" time="0.094" />
  <testcase name="testConstructor3Failure3" classname="com.cronos.im.logic.failure.UserSessionEventListenerFailureTests" time="0.156" />
  <testcase name="testConstructor1Failure4" classname="com.cronos.im.logic.failure.UserSessionEventListenerFailureTests" time="0.078" />
  <testcase name="testInvalidConfig1" classname="com.cronos.im.logic.failure.UserSessionEventListenerFailureTests" time="0.078" />
  <testcase name="testInvalidConfig2" classname="com.cronos.im.logic.failure.UserSessionEventListenerFailureTests" time="0.078" />
  <testcase name="testInvalidConfig3" classname="com.cronos.im.logic.failure.UserSessionEventListenerFailureTests" time="0.156" />
  <testcase name="testUserRequestedFailure" classname="com.cronos.im.logic.failure.UserSessionEventListenerFailureTests" time="0.078" />
  <testcase name="testUserAddedFailure" classname="com.cronos.im.logic.failure.UserSessionEventListenerFailureTests" time="0.078" />
  <testcase name="testUserRemovedFailure" classname="com.cronos.im.logic.failure.UserSessionEventListenerFailureTests" time="0.078" />
  <testcase name="testConstructor1Failure1" classname="com.cronos.im.logic.failure.UserStatusEventListenerFailureTests" time="0.125" />
  <testcase name="testConstructor1Failure2" classname="com.cronos.im.logic.failure.UserStatusEventListenerFailureTests" time="0.078" />
  <testcase name="testStatusChangedFailure1" classname="com.cronos.im.logic.failure.UserStatusEventListenerFailureTests" time="0.063" />
  <testcase name="testStatusChangedFailure2" classname="com.cronos.im.logic.failure.UserStatusEventListenerFailureTests" time="0.078" />
  <testcase name="testStatusChangedFailure3" classname="com.cronos.im.logic.failure.UserStatusEventListenerFailureTests" time="0.125" />
  <system-out><![CDATA[Action: action; Time: Sat May 12 17:02:03 CST 2007; Entities affected: entity1, entity2
Action: action; Time: Sat May 12 17:02:03 CST 2007; Entities affected: None
Action: action; Time: Sat May 12 17:02:03 CST 2007; Entities affected: entity1, entity2
message
Action: action; Time: Sat May 12 17:02:04 CST 2007; Entities affected: User - 1, User - 2, User - 3, Session - 4, Session - 5, Session - 6
Action: action; Time: Sat May 12 17:02:04 CST 2007; Entities affected: None
-namespace:  namespace to load the configuration.
             if not specified, com.cronos.im.logic.MessagePoolDetector is used
-help or -h: print help message
-namespace:  namespace to load the configuration.
             if not specified, com.cronos.im.logic.MessagePoolDetector is used
-help or -h: print help message
Action: Remove User From Session; Time: Sat May 12 17:02:04 CST 2007; Entities affected: User - 1
Action: Remove Requester; Time: Sat May 12 17:02:04 CST 2007; Entities affected: User - 1
Action: Remove Responder; Time: Sat May 12 17:02:04 CST 2007; Entities affected: User - 1
Action: Remove User From Sessions; Time: Sat May 12 17:02:04 CST 2007; Entities affected: User - 1
Action: Update User Status to be OFFLINE; Time: Sat May 12 17:02:04 CST 2007; Entities affected: User - 1
Action: Remove User From Session; Time: Sat May 12 17:02:04 CST 2007; Entities affected: User - 1
Action: Remove Requester; Time: Sat May 12 17:02:04 CST 2007; Entities affected: User - 1
Action: Remove Responder; Time: Sat May 12 17:02:04 CST 2007; Entities affected: User - 1
Action: Remove User From Sessions; Time: Sat May 12 17:02:04 CST 2007; Entities affected: User - 1
Action: Update User Status to be OFFLINE; Time: Sat May 12 17:02:04 CST 2007; Entities affected: User - 1
Action: Remove User From Session; Time: Sat May 12 17:02:05 CST 2007; Entities affected: User - 1
Action: Remove Requester; Time: Sat May 12 17:02:05 CST 2007; Entities affected: User - 1
Action: Remove Responder; Time: Sat May 12 17:02:05 CST 2007; Entities affected: User - 1
Action: Remove User From Sessions; Time: Sat May 12 17:02:05 CST 2007; Entities affected: User - 1
Action: Update User Status to be OFFLINE; Time: Sat May 12 17:02:05 CST 2007; Entities affected: User - 1
Action: Remove User From Session; Time: Sat May 12 17:02:05 CST 2007; Entities affected: User - 1
Action: Remove Requester; Time: Sat May 12 17:02:05 CST 2007; Entities affected: User - 1
Action: Remove Responder; Time: Sat May 12 17:02:05 CST 2007; Entities affected: User - 1
Action: Remove User From Sessions; Time: Sat May 12 17:02:05 CST 2007; Entities affected: User - 1
Action: Update User Status to be OFFLINE; Time: Sat May 12 17:02:05 CST 2007; Entities affected: User - 1
Action: IMServiceHandler.onToBeServiced; Time: Sat May 12 17:02:09 CST 2007; Entities affected: User - 1, User - 2, Session - 1
Action: IMServiceHandler.onServiced; Time: Sat May 12 17:02:11 CST 2007; Entities affected: User - 1, User - 2, Session - 1
Action: Add User to Session; Time: Sat May 12 17:02:11 CST 2007; Entities affected: Session - 1, User - 2
Action: Change Session Status to OPEN; Time: Sat May 12 17:02:11 CST 2007; Entities affected: Session - 1
Action: Post SessionUnavailableMessage to User; Time: Sat May 12 17:02:11 CST 2007; Entities affected: User - 2
Action: Post SessionUnavailableMessage to User; Time: Sat May 12 17:02:11 CST 2007; Entities affected: User - 1
Action: Post SessionUnavailableMessage to User; Time: Sat May 12 17:02:11 CST 2007; Entities affected: User - 123
Action: Post SessionUnavailableMessage to User; Time: Sat May 12 17:02:11 CST 2007; Entities affected: User - 3
Action: IMServiceHandler.onServiced; Time: Sat May 12 17:02:11 CST 2007; Entities affected: User - 1, Session - 1
Action: Post SessionUnavailableMessage to User; Time: Sat May 12 17:02:11 CST 2007; Entities affected: User - 1
Action: Remove User From Session; Time: Sat May 12 17:02:11 CST 2007; Entities affected: User - 1
Action: Change User Status to OFFLINE; Time: Sat May 12 17:02:11 CST 2007; Entities affected: User - 1
Action: Send EnterChatMessage to All Users; Time: Sat May 12 17:02:13 CST 2007; Entities affected: Session - 0
Action: Register MessagePool for User; Time: Sat May 12 17:02:13 CST 2007; Entities affected: User - 2, Session - 0
Action: Register MessagePool for User; Time: Sat May 12 17:02:13 CST 2007; Entities affected: User - 1, Session - 0
Action: Register MessagePool for User; Time: Sat May 12 17:02:13 CST 2007; Entities affected: User - 123, Session - 0
Action: Register MessagePool for User; Time: Sat May 12 17:02:13 CST 2007; Entities affected: User - 3, Session - 0
Action: Send PresenceMessage to Others; Time: Sat May 12 17:02:13 CST 2007; Entities affected: Session - 0
postMessage(..., 2)postMessage(..., 1)postMessage(..., 123)postMessage(..., 3)postMessage(..., 1)postMessage(..., 2)postMessage(..., 1)postMessage(..., 123)postMessage(..., 3)postMessageToOthers(..., ...)postMessageToOthers(..., ...)postMessageToOthers(..., ...)postMessageToOthers(..., ...)
Action: Register MessagePool for User; Time: Sat May 12 17:02:16 CST 2007; Entities affected: User - 123, Session - 1
Action: Send PresenceMessage of this User to Others; Time: Sat May 12 17:02:16 CST 2007; Entities affected: User - 123, Session - 1
Action: Send PresenceMessage of Other Users to this User; Time: Sat May 12 17:02:16 CST 2007; Entities affected: User - 123, Session - 1
Action: Un-register MessagePool for User; Time: Sat May 12 17:02:17 CST 2007; Entities affected: User - 123, Session - 1
Action: Send Not-PresenceMessage of this User to Others; Time: Sat May 12 17:02:17 CST 2007; Entities affected: User - 123, Session - 1
Action: Un-register MessagePool for User; Time: Sat May 12 17:02:17 CST 2007; Entities affected: User - 123, Session - 0
Action: Send Not-PresenceMessage of this User to Others; Time: Sat May 12 17:02:17 CST 2007; Entities affected: User - 123, Session - 0
Action: Close the ChatSession; Time: Sat May 12 17:02:17 CST 2007; Entities affected: Session - 0
Action: Register Message Pool for User; Time: Sat May 12 17:02:18 CST 2007; Entities affected: User - 123
Action: Un-register Message Pool for User; Time: Sat May 12 17:02:18 CST 2007; Entities affected: User - 123
Action: Accuracy Testing; Time: 2007-5-12; Entities affected: None
Action: Accuracy Testing; Time: 2007-5-12; Entities affected: acc_entity
Action: Accuracy Testing; Time: 2007-5-12; Entities affected: 
Action: Accuracy Testing; Time: 2007-5-12; Entities affected: None
Action: Accuracy Testing; Time: 2007-5-12; Entities affected: User - 1, Session - 101
Accuracy Testing
Action: IMServiceHandler.onServiced; Time: 2007-5-12; Entities affected: User - 1, User - 11, Session - 222
Action: Add User to Session; Time: 2007-5-12; Entities affected: Session - 222, User - 11
Action: Change Session Status to OPEN; Time: 2007-5-12; Entities affected: Session - 222
Action: Post SessionUnavailableMessage to User; Time: 2007-5-12; Entities affected: User - 33
Action: IMServiceHandler.onServiced; Time: 2007-5-12; Entities affected: User - 1, Session - 1
Action: Post SessionUnavailableMessage to User; Time: 2007-5-12; Entities affected: User - 1
Action: Remove User From Session; Time: 2007-5-12; Entities affected: User - 1
Action: Change User Status to OFFLINE; Time: 2007-5-12; Entities affected: User - 1
Action: IMServiceHandler.onToBeServiced; Time: 2007-5-12; Entities affected: User - 1, User - 11, Session - 222
-namespace:  namespace to load the configuration.
             if not specified, com.cronos.im.logic.MessagePoolDetector is used
-help or -h: print help message
-namespace:  namespace to load the configuration.
             if not specified, com.cronos.im.logic.MessagePoolDetector is used
-help or -h: print help message
Action: Remove User From Session; Time: Sat May 12 17:02:20 CST 2007; Entities affected: User - 1
Action: Remove Requester; Time: Sat May 12 17:02:20 CST 2007; Entities affected: User - 1
Action: Remove Responder; Time: Sat May 12 17:02:20 CST 2007; Entities affected: User - 1
Action: Remove User From Sessions; Time: Sat May 12 17:02:20 CST 2007; Entities affected: User - 1
Action: Update User Status to be OFFLINE; Time: Sat May 12 17:02:20 CST 2007; Entities affected: User - 1
Action: Send EnterChatMessage to All Users; Time: 2007-5-12; Entities affected: Session - 0
Action: Send PresenceMessage to Others; Time: 2007-5-12; Entities affected: Session - 0
Action: Close the ChatSession; Time: 2007-5-12; Entities affected: Session - 222
Action: Register Message Pool for User; Time: 2007-5-12; Entities affected: User - 1
Action: Un-register Message Pool for User; Time: 2007-5-12; Entities affected: User - 1
Action: IMServiceHandler.onToBeServiced; Time: Sat May 12 17:02:21 CST 2007; Entities affected: User - 1, User - 2, Session - 1
Action: IMServiceHandler.onToBeServiced; Time: Sat May 12 17:02:21 CST 2007; Entities affected: User - 1, User - 2, Session - 1
Action: IMServiceHandler.onToBeServiced; Time: Sat May 12 17:02:21 CST 2007; Entities affected: User - 1, User - 2, Session - 1
Action: IMServiceHandler.onToBeServiced; Time: Sat May 12 17:02:21 CST 2007; Entities affected: User - 1, User - 2, Session - 1
Action: IMServiceHandler.onToBeServiced; Time: Sat May 12 17:02:21 CST 2007; Entities affected: User - 1, User - 2, Session - 1
Action: IMServiceHandler.onToBeServiced; Time: Sat May 12 17:02:21 CST 2007; Entities affected: User - 1, User - 2, Session - 1
Action: IMServiceHandler.onToBeServiced; Time: Sat May 12 17:02:21 CST 2007; Entities affected: User - 1, User - 2, Session - 1
Action: IMServiceHandler.onToBeServiced; Time: Sat May 12 17:02:21 CST 2007; Entities affected: User - 1, User - 2, Session - 1
Action: IMServiceHandler.onToBeServiced; Time: Sat May 12 17:02:21 CST 2007; Entities affected: User - 1, User - 2, Session - 1
Action: IMServiceHandler.onToBeServiced; Time: Sat May 12 17:02:21 CST 2007; Entities affected: User - 1, User - 2, Session - 1
Action: IMServiceHandler.onToBeServiced; Time: Sat May 12 17:02:21 CST 2007; Entities affected: User - 1, User - 2, Session - 1
Action: IMServiceHandler.onToBeServiced; Time: Sat May 12 17:02:21 CST 2007; Entities affected: User - 1, User - 2, Session - 1
Action: IMServiceHandler.onToBeServiced; Time: Sat May 12 17:02:21 CST 2007; Entities affected: User - 1, User - 2, Session - 1
Action: IMServiceHandler.onToBeServiced; Time: Sat May 12 17:02:21 CST 2007; Entities affected: User - 1, User - 2, Session - 1
Action: IMServiceHandler.onToBeServiced; Time: Sat May 12 17:02:21 CST 2007; Entities affected: User - 1, User - 2, Session - 1
Action: IMServiceHandler.onToBeServiced; Time: Sat May 12 17:02:21 CST 2007; Entities affected: User - 1, User - 2, Session - 1
Action: IMServiceHandler.onToBeServiced; Time: Sat May 12 17:02:21 CST 2007; Entities affected: User - 1, User - 2, Session - 1
Action: IMServiceHandler.onToBeServiced; Time: Sat May 12 17:02:21 CST 2007; Entities affected: User - 1, User - 2, Session - 1
Action: IMServiceHandler.onToBeServiced; Time: Sat May 12 17:02:21 CST 2007; Entities affected: User - 1, User - 2, Session - 1
Action: IMServiceHandler.onToBeServiced; Time: Sat May 12 17:02:21 CST 2007; Entities affected: User - 1, User - 2, Session - 1
Action: IMServiceHandler.onToBeServiced; Time: Sat May 12 17:02:21 CST 2007; Entities affected: User - 1, User - 2, Session - 1
Action: IMServiceHandler.onToBeServiced; Time: Sat May 12 17:02:21 CST 2007; Entities affected: User - 1, User - 2, Session - 1
Action: IMServiceHandler.onToBeServiced; Time: Sat May 12 17:02:21 CST 2007; Entities affected: User - 1, User - 2, Session - 1
Action: IMServiceHandler.onToBeServiced; Time: Sat May 12 17:02:21 CST 2007; Entities affected: User - 1, User - 2, Session - 1
Action: IMServiceHandler.onToBeServiced; Time: Sat May 12 17:02:21 CST 2007; Entities affected: User - 1, User - 2, Session - 1
Action: IMServiceHandler.onToBeServiced; Time: Sat May 12 17:02:21 CST 2007; Entities affected: User - 1, User - 2, Session - 1
Action: IMServiceHandler.onToBeServiced; Time: Sat May 12 17:02:21 CST 2007; Entities affected: User - 1, User - 2, Session - 1
Action: IMServiceHandler.onToBeServiced; Time: Sat May 12 17:02:21 CST 2007; Entities affected: User - 1, User - 2, Session - 1
Action: IMServiceHandler.onToBeServiced; Time: Sat May 12 17:02:21 CST 2007; Entities affected: User - 1, User - 2, Session - 1
Action: IMServiceHandler.onToBeServiced; Time: Sat May 12 17:02:21 CST 2007; Entities affected: User - 1, User - 2, Session - 1
Action: IMServiceHandler.onToBeServiced; Time: Sat May 12 17:02:21 CST 2007; Entities affected: User - 1, User - 2, Session - 1
Action: IMServiceHandler.onToBeServiced; Time: Sat May 12 17:02:21 CST 2007; Entities affected: User - 1, User - 2, Session - 1
Action: IMServiceHandler.onToBeServiced; Time: Sat May 12 17:02:21 CST 2007; Entities affected: User - 1, User - 2, Session - 1
Action: IMServiceHandler.onToBeServiced; Time: Sat May 12 17:02:21 CST 2007; Entities affected: User - 1, User - 2, Session - 1
Action: IMServiceHandler.onToBeServiced; Time: Sat May 12 17:02:21 CST 2007; Entities affected: User - 1, User - 2, Session - 1
Action: IMServiceHandler.onToBeServiced; Time: Sat May 12 17:02:21 CST 2007; Entities affected: User - 1, User - 2, Session - 1
Action: IMServiceHandler.onToBeServiced; Time: Sat May 12 17:02:21 CST 2007; Entities affected: User - 1, User - 2, Session - 1
Action: IMServiceHandler.onToBeServiced; Time: Sat May 12 17:02:21 CST 2007; Entities affected: User - 1, User - 2, Session - 1
Action: IMServiceHandler.onToBeServiced; Time: Sat May 12 17:02:21 CST 2007; Entities affected: User - 1, User - 2, Session - 1
Action: IMServiceHandler.onToBeServiced; Time: Sat May 12 17:02:21 CST 2007; Entities affected: User - 1, User - 2, Session - 1
Action: IMServiceHandler.onToBeServiced; Time: Sat May 12 17:02:21 CST 2007; Entities affected: User - 1, User - 2, Session - 1
Action: IMServiceHandler.onToBeServiced; Time: Sat May 12 17:02:21 CST 2007; Entities affected: User - 1, User - 2, Session - 1
Action: IMServiceHandler.onToBeServiced; Time: Sat May 12 17:02:21 CST 2007; Entities affected: User - 1, User - 2, Session - 1
Action: IMServiceHandler.onToBeServiced; Time: Sat May 12 17:02:21 CST 2007; Entities affected: User - 1, User - 2, Session - 1
Action: IMServiceHandler.onToBeServiced; Time: Sat May 12 17:02:21 CST 2007; Entities affected: User - 1, User - 2, Session - 1
Action: IMServiceHandler.onToBeServiced; Time: Sat May 12 17:02:21 CST 2007; Entities affected: User - 1, User - 2, Session - 1
Action: IMServiceHandler.onToBeServiced; Time: Sat May 12 17:02:21 CST 2007; Entities affected: User - 1, User - 2, Session - 1
Action: IMServiceHandler.onToBeServiced; Time: Sat May 12 17:02:21 CST 2007; Entities affected: User - 1, User - 2, Session - 1
Action: IMServiceHandler.onToBeServiced; Time: Sat May 12 17:02:21 CST 2007; Entities affected: User - 1, User - 2, Session - 1
Action: IMServiceHandler.onToBeServiced; Time: Sat May 12 17:02:21 CST 2007; Entities affected: User - 1, User - 2, Session - 1
Action: IMServiceHandler.onToBeServiced; Time: Sat May 12 17:02:21 CST 2007; Entities affected: User - 1, User - 2, Session - 1
Action: IMServiceHandler.onToBeServiced; Time: Sat May 12 17:02:21 CST 2007; Entities affected: User - 1, User - 2, Session - 1
Action: IMServiceHandler.onToBeServiced; Time: Sat May 12 17:02:21 CST 2007; Entities affected: User - 1, User - 2, Session - 1
Action: IMServiceHandler.onToBeServiced; Time: Sat May 12 17:02:21 CST 2007; Entities affected: User - 1, User - 2, Session - 1
Action: IMServiceHandler.onToBeServiced; Time: Sat May 12 17:02:21 CST 2007; Entities affected: User - 1, User - 2, Session - 1
Action: IMServiceHandler.onToBeServiced; Time: Sat May 12 17:02:21 CST 2007; Entities affected: User - 1, User - 2, Session - 1
Action: IMServiceHandler.onToBeServiced; Time: Sat May 12 17:02:21 CST 2007; Entities affected: User - 1, User - 2, Session - 1
Action: IMServiceHandler.onToBeServiced; Time: Sat May 12 17:02:21 CST 2007; Entities affected: User - 1, User - 2, Session - 1
Action: IMServiceHandler.onToBeServiced; Time: Sat May 12 17:02:21 CST 2007; Entities affected: User - 1, User - 2, Session - 1
Action: IMServiceHandler.onToBeServiced; Time: Sat May 12 17:02:21 CST 2007; Entities affected: User - 1, User - 2, Session - 1
Action: IMServiceHandler.onToBeServiced; Time: Sat May 12 17:02:21 CST 2007; Entities affected: User - 1, User - 2, Session - 1
Action: IMServiceHandler.onToBeServiced; Time: Sat May 12 17:02:21 CST 2007; Entities affected: User - 1, User - 2, Session - 1
Action: IMServiceHandler.onToBeServiced; Time: Sat May 12 17:02:21 CST 2007; Entities affected: User - 1, User - 2, Session - 1
Action: IMServiceHandler.onToBeServiced; Time: Sat May 12 17:02:21 CST 2007; Entities affected: User - 1, User - 2, Session - 1
Action: IMServiceHandler.onToBeServiced; Time: Sat May 12 17:02:21 CST 2007; Entities affected: User - 1, User - 2, Session - 1
Action: IMServiceHandler.onToBeServiced; Time: Sat May 12 17:02:21 CST 2007; Entities affected: User - 1, User - 2, Session - 1
Action: IMServiceHandler.onToBeServiced; Time: Sat May 12 17:02:21 CST 2007; Entities affected: User - 1, User - 2, Session - 1
Action: IMServiceHandler.onToBeServiced; Time: Sat May 12 17:02:21 CST 2007; Entities affected: User - 1, User - 2, Session - 1
Action: IMServiceHandler.onToBeServiced; Time: Sat May 12 17:02:21 CST 2007; Entities affected: User - 1, User - 2, Session - 1
Action: IMServiceHandler.onToBeServiced; Time: Sat May 12 17:02:21 CST 2007; Entities affected: User - 1, User - 2, Session - 1
Action: IMServiceHandler.onToBeServiced; Time: Sat May 12 17:02:21 CST 2007; Entities affected: User - 1, User - 2, Session - 1
Action: IMServiceHandler.onToBeServiced; Time: Sat May 12 17:02:21 CST 2007; Entities affected: User - 1, User - 2, Session - 1
Action: IMServiceHandler.onToBeServiced; Time: Sat May 12 17:02:21 CST 2007; Entities affected: User - 1, User - 2, Session - 1
Action: IMServiceHandler.onToBeServiced; Time: Sat May 12 17:02:21 CST 2007; Entities affected: User - 1, User - 2, Session - 1
Action: IMServiceHandler.onToBeServiced; Time: Sat May 12 17:02:21 CST 2007; Entities affected: User - 1, User - 2, Session - 1
Action: IMServiceHandler.onToBeServiced; Time: Sat May 12 17:02:21 CST 2007; Entities affected: User - 1, User - 2, Session - 1
Action: IMServiceHandler.onToBeServiced; Time: Sat May 12 17:02:21 CST 2007; Entities affected: User - 1, User - 2, Session - 1
Action: IMServiceHandler.onToBeServiced; Time: Sat May 12 17:02:21 CST 2007; Entities affected: User - 1, User - 2, Session - 1
Action: IMServiceHandler.onToBeServiced; Time: Sat May 12 17:02:21 CST 2007; Entities affected: User - 1, User - 2, Session - 1
Action: IMServiceHandler.onToBeServiced; Time: Sat May 12 17:02:21 CST 2007; Entities affected: User - 1, User - 2, Session - 1
Action: IMServiceHandler.onToBeServiced; Time: Sat May 12 17:02:21 CST 2007; Entities affected: User - 1, User - 2, Session - 1
Action: IMServiceHandler.onToBeServiced; Time: Sat May 12 17:02:21 CST 2007; Entities affected: User - 1, User - 2, Session - 1
Action: IMServiceHandler.onToBeServiced; Time: Sat May 12 17:02:21 CST 2007; Entities affected: User - 1, User - 2, Session - 1
Action: IMServiceHandler.onToBeServiced; Time: Sat May 12 17:02:21 CST 2007; Entities affected: User - 1, User - 2, Session - 1
Action: IMServiceHandler.onToBeServiced; Time: Sat May 12 17:02:21 CST 2007; Entities affected: User - 1, User - 2, Session - 1
Action: IMServiceHandler.onToBeServiced; Time: Sat May 12 17:02:21 CST 2007; Entities affected: User - 1, User - 2, Session - 1
Action: IMServiceHandler.onToBeServiced; Time: Sat May 12 17:02:21 CST 2007; Entities affected: User - 1, User - 2, Session - 1
Action: IMServiceHandler.onToBeServiced; Time: Sat May 12 17:02:21 CST 2007; Entities affected: User - 1, User - 2, Session - 1
Action: IMServiceHandler.onToBeServiced; Time: Sat May 12 17:02:21 CST 2007; Entities affected: User - 1, User - 2, Session - 1
Action: IMServiceHandler.onToBeServiced; Time: Sat May 12 17:02:21 CST 2007; Entities affected: User - 1, User - 2, Session - 1
Action: IMServiceHandler.onToBeServiced; Time: Sat May 12 17:02:21 CST 2007; Entities affected: User - 1, User - 2, Session - 1
Action: IMServiceHandler.onToBeServiced; Time: Sat May 12 17:02:21 CST 2007; Entities affected: User - 1, User - 2, Session - 1
Action: IMServiceHandler.onToBeServiced; Time: Sat May 12 17:02:21 CST 2007; Entities affected: User - 1, User - 2, Session - 1
Action: IMServiceHandler.onToBeServiced; Time: Sat May 12 17:02:21 CST 2007; Entities affected: User - 1, User - 2, Session - 1
Executing testonToBeServiced() 100 times takes 47ms
Action: IMServiceHandler.onToBeServiced; Time: Sat May 12 17:02:21 CST 2007; Entities affected: User - 1, User - 2, Session - 1
Action: IMServiceHandler.onToBeServiced; Time: Sat May 12 17:02:21 CST 2007; Entities affected: User - 1, User - 2, Session - 1
Action: IMServiceHandler.onToBeServiced; Time: Sat May 12 17:02:21 CST 2007; Entities affected: User - 1, User - 2, Session - 1
Action: IMServiceHandler.onToBeServiced; Time: Sat May 12 17:02:21 CST 2007; Entities affected: User - 1, User - 2, Session - 1
Action: IMServiceHandler.onToBeServiced; Time: Sat May 12 17:02:21 CST 2007; Entities affected: User - 1, User - 2, Session - 1
Action: IMServiceHandler.onToBeServiced; Time: Sat May 12 17:02:21 CST 2007; Entities affected: User - 1, User - 2, Session - 1
Action: IMServiceHandler.onServiced; Time: Sat May 12 17:02:22 CST 2007; Entities affected: User - 1, User - 2, Session - 1
Action: Add User to Session; Time: Sat May 12 17:02:22 CST 2007; Entities affected: Session - 1, User - 2
Action: Change Session Status to OPEN; Time: Sat May 12 17:02:22 CST 2007; Entities affected: Session - 1
Action: Post SessionUnavailableMessage to User; Time: Sat May 12 17:02:22 CST 2007; Entities affected: User - 2
Action: Post SessionUnavailableMessage to User; Time: Sat May 12 17:02:22 CST 2007; Entities affected: User - 1
Action: IMServiceHandler.onServiced; Time: Sat May 12 17:02:22 CST 2007; Entities affected: User - 1, User - 2, Session - 1
Action: Add User to Session; Time: Sat May 12 17:02:22 CST 2007; Entities affected: Session - 1, User - 2
Action: Change Session Status to OPEN; Time: Sat May 12 17:02:22 CST 2007; Entities affected: Session - 1
Action: Post SessionUnavailableMessage to User; Time: Sat May 12 17:02:22 CST 2007; Entities affected: User - 2
Action: Post SessionUnavailableMessage to User; Time: Sat May 12 17:02:22 CST 2007; Entities affected: User - 1
Action: IMServiceHandler.onServiced; Time: Sat May 12 17:02:22 CST 2007; Entities affected: User - 1, User - 2, Session - 1
Action: Add User to Session; Time: Sat May 12 17:02:22 CST 2007; Entities affected: Session - 1, User - 2
Action: Change Session Status to OPEN; Time: Sat May 12 17:02:22 CST 2007; Entities affected: Session - 1
Action: Post SessionUnavailableMessage to User; Time: Sat May 12 17:02:22 CST 2007; Entities affected: User - 2
Action: Post SessionUnavailableMessage to User; Time: Sat May 12 17:02:22 CST 2007; Entities affected: User - 1
Action: IMServiceHandler.onServiced; Time: Sat May 12 17:02:22 CST 2007; Entities affected: User - 1, User - 2, Session - 1
Action: Add User to Session; Time: Sat May 12 17:02:22 CST 2007; Entities affected: Session - 1, User - 2
Action: Change Session Status to OPEN; Time: Sat May 12 17:02:22 CST 2007; Entities affected: Session - 1
Action: Post SessionUnavailableMessage to User; Time: Sat May 12 17:02:22 CST 2007; Entities affected: User - 2
Action: Post SessionUnavailableMessage to User; Time: Sat May 12 17:02:22 CST 2007; Entities affected: User - 1
Action: IMServiceHandler.onServiced; Time: Sat May 12 17:02:22 CST 2007; Entities affected: User - 1, User - 2, Session - 1
Action: Add User to Session; Time: Sat May 12 17:02:22 CST 2007; Entities affected: Session - 1, User - 2
Action: Change Session Status to OPEN; Time: Sat May 12 17:02:22 CST 2007; Entities affected: Session - 1
Action: Post SessionUnavailableMessage to User; Time: Sat May 12 17:02:22 CST 2007; Entities affected: User - 2
Action: Post SessionUnavailableMessage to User; Time: Sat May 12 17:02:22 CST 2007; Entities affected: User - 1
Action: IMServiceHandler.onServiced; Time: Sat May 12 17:02:22 CST 2007; Entities affected: User - 1, User - 2, Session - 1
Action: Add User to Session; Time: Sat May 12 17:02:22 CST 2007; Entities affected: Session - 1, User - 2
Action: Change Session Status to OPEN; Time: Sat May 12 17:02:22 CST 2007; Entities affected: Session - 1
Action: Post SessionUnavailableMessage to User; Time: Sat May 12 17:02:22 CST 2007; Entities affected: User - 2
Action: Post SessionUnavailableMessage to User; Time: Sat May 12 17:02:22 CST 2007; Entities affected: User - 1
Action: IMServiceHandler.onServiced; Time: Sat May 12 17:02:22 CST 2007; Entities affected: User - 1, User - 2, Session - 1
Action: Add User to Session; Time: Sat May 12 17:02:22 CST 2007; Entities affected: Session - 1, User - 2
Action: Change Session Status to OPEN; Time: Sat May 12 17:02:22 CST 2007; Entities affected: Session - 1
Action: Post SessionUnavailableMessage to User; Time: Sat May 12 17:02:22 CST 2007; Entities affected: User - 2
Action: Post SessionUnavailableMessage to User; Time: Sat May 12 17:02:22 CST 2007; Entities affected: User - 1
Action: IMServiceHandler.onServiced; Time: Sat May 12 17:02:22 CST 2007; Entities affected: User - 1, User - 2, Session - 1
Action: Add User to Session; Time: Sat May 12 17:02:22 CST 2007; Entities affected: Session - 1, User - 2
Action: Change Session Status to OPEN; Time: Sat May 12 17:02:22 CST 2007; Entities affected: Session - 1
Action: Post SessionUnavailableMessage to User; Time: Sat May 12 17:02:22 CST 2007; Entities affected: User - 2
Action: Post SessionUnavailableMessage to User; Time: Sat May 12 17:02:22 CST 2007; Entities affected: User - 1
Action: IMServiceHandler.onServiced; Time: Sat May 12 17:02:22 CST 2007; Entities affected: User - 1, User - 2, Session - 1
Action: Add User to Session; Time: Sat May 12 17:02:22 CST 2007; Entities affected: Session - 1, User - 2
Action: Change Session Status to OPEN; Time: Sat May 12 17:02:22 CST 2007; Entities affected: Session - 1
Action: Post SessionUnavailableMessage to User; Time: Sat May 12 17:02:22 CST 2007; Entities affected: User - 2
Action: Post SessionUnavailableMessage to User; Time: Sat May 12 17:02:22 CST 2007; Entities affected: User - 1
Action: IMServiceHandler.onServiced; Time: Sat May 12 17:02:22 CST 2007; Entities affected: User - 1, User - 2, Session - 1
Action: Add User to Session; Time: Sat May 12 17:02:22 CST 2007; Entities affected: Session - 1, User - 2
Action: Change Session Status to OPEN; Time: Sat May 12 17:02:22 CST 2007; Entities affected: Session - 1
Action: Post SessionUnavailableMessage to User; Time: Sat May 12 17:02:22 CST 2007; Entities affected: User - 2
Action: Post SessionUnavailableMessage to User; Time: Sat May 12 17:02:22 CST 2007; Entities affected: User - 1
Action: IMServiceHandler.onServiced; Time: Sat May 12 17:02:22 CST 2007; Entities affected: User - 1, User - 2, Session - 1
Action: Add User to Session; Time: Sat May 12 17:02:22 CST 2007; Entities affected: Session - 1, User - 2
Action: Change Session Status to OPEN; Time: Sat May 12 17:02:22 CST 2007; Entities affected: Session - 1
Action: Post SessionUnavailableMessage to User; Time: Sat May 12 17:02:22 CST 2007; Entities affected: User - 2
Action: Post SessionUnavailableMessage to User; Time: Sat May 12 17:02:22 CST 2007; Entities affected: User - 1
Action: IMServiceHandler.onServiced; Time: Sat May 12 17:02:22 CST 2007; Entities affected: User - 1, User - 2, Session - 1
Action: Add User to Session; Time: Sat May 12 17:02:22 CST 2007; Entities affected: Session - 1, User - 2
Action: Change Session Status to OPEN; Time: Sat May 12 17:02:22 CST 2007; Entities affected: Session - 1
Action: Post SessionUnavailableMessage to User; Time: Sat May 12 17:02:22 CST 2007; Entities affected: User - 2
Action: Post SessionUnavailableMessage to User; Time: Sat May 12 17:02:22 CST 2007; Entities affected: User - 1
Action: IMServiceHandler.onServiced; Time: Sat May 12 17:02:22 CST 2007; Entities affected: User - 1, User - 2, Session - 1
Action: Add User to Session; Time: Sat May 12 17:02:22 CST 2007; Entities affected: Session - 1, User - 2
Action: Change Session Status to OPEN; Time: Sat May 12 17:02:22 CST 2007; Entities affected: Session - 1
Action: Post SessionUnavailableMessage to User; Time: Sat May 12 17:02:22 CST 2007; Entities affected: User - 2
Action: Post SessionUnavailableMessage to User; Time: Sat May 12 17:02:22 CST 2007; Entities affected: User - 1
Action: IMServiceHandler.onServiced; Time: Sat May 12 17:02:22 CST 2007; Entities affected: User - 1, User - 2, Session - 1
Action: Add User to Session; Time: Sat May 12 17:02:22 CST 2007; Entities affected: Session - 1, User - 2
Action: Change Session Status to OPEN; Time: Sat May 12 17:02:22 CST 2007; Entities affected: Session - 1
Action: Post SessionUnavailableMessage to User; Time: Sat May 12 17:02:22 CST 2007; Entities affected: User - 2
Action: Post SessionUnavailableMessage to User; Time: Sat May 12 17:02:22 CST 2007; Entities affected: User - 1
Action: IMServiceHandler.onServiced; Time: Sat May 12 17:02:22 CST 2007; Entities affected: User - 1, User - 2, Session - 1
Action: Add User to Session; Time: Sat May 12 17:02:22 CST 2007; Entities affected: Session - 1, User - 2
Action: Change Session Status to OPEN; Time: Sat May 12 17:02:22 CST 2007; Entities affected: Session - 1
Action: Post SessionUnavailableMessage to User; Time: Sat May 12 17:02:22 CST 2007; Entities affected: User - 2
Action: Post SessionUnavailableMessage to User; Time: Sat May 12 17:02:22 CST 2007; Entities affected: User - 1
Action: IMServiceHandler.onServiced; Time: Sat May 12 17:02:22 CST 2007; Entities affected: User - 1, User - 2, Session - 1
Action: Add User to Session; Time: Sat May 12 17:02:22 CST 2007; Entities affected: Session - 1, User - 2
Action: Change Session Status to OPEN; Time: Sat May 12 17:02:22 CST 2007; Entities affected: Session - 1
Action: Post SessionUnavailableMessage to User; Time: Sat May 12 17:02:22 CST 2007; Entities affected: User - 2
Action: Post SessionUnavailableMessage to User; Time: Sat May 12 17:02:22 CST 2007; Entities affected: User - 1
Action: IMServiceHandler.onServiced; Time: Sat May 12 17:02:22 CST 2007; Entities affected: User - 1, User - 2, Session - 1
Action: Add User to Session; Time: Sat May 12 17:02:22 CST 2007; Entities affected: Session - 1, User - 2
Action: Change Session Status to OPEN; Time: Sat May 12 17:02:22 CST 2007; Entities affected: Session - 1
Action: Post SessionUnavailableMessage to User; Time: Sat May 12 17:02:22 CST 2007; Entities affected: User - 2
Action: Post SessionUnavailableMessage to User; Time: Sat May 12 17:02:22 CST 2007; Entities affected: User - 1
Action: IMServiceHandler.onServiced; Time: Sat May 12 17:02:22 CST 2007; Entities affected: User - 1, User - 2, Session - 1
Action: Add User to Session; Time: Sat May 12 17:02:22 CST 2007; Entities affected: Session - 1, User - 2
Action: Change Session Status to OPEN; Time: Sat May 12 17:02:22 CST 2007; Entities affected: Session - 1
Action: Post SessionUnavailableMessage to User; Time: Sat May 12 17:02:22 CST 2007; Entities affected: User - 2
Action: Post SessionUnavailableMessage to User; Time: Sat May 12 17:02:22 CST 2007; Entities affected: User - 1
Action: IMServiceHandler.onServiced; Time: Sat May 12 17:02:22 CST 2007; Entities affected: User - 1, User - 2, Session - 1
Action: Add User to Session; Time: Sat May 12 17:02:22 CST 2007; Entities affected: Session - 1, User - 2
Action: Change Session Status to OPEN; Time: Sat May 12 17:02:22 CST 2007; Entities affected: Session - 1
Action: Post SessionUnavailableMessage to User; Time: Sat May 12 17:02:22 CST 2007; Entities affected: User - 2
Action: Post SessionUnavailableMessage to User; Time: Sat May 12 17:02:22 CST 2007; Entities affected: User - 1
Action: IMServiceHandler.onServiced; Time: Sat May 12 17:02:22 CST 2007; Entities affected: User - 1, User - 2, Session - 1
Action: Add User to Session; Time: Sat May 12 17:02:22 CST 2007; Entities affected: Session - 1, User - 2
Action: Change Session Status to OPEN; Time: Sat May 12 17:02:22 CST 2007; Entities affected: Session - 1
Action: Post SessionUnavailableMessage to User; Time: Sat May 12 17:02:22 CST 2007; Entities affected: User - 2
Action: Post SessionUnavailableMessage to User; Time: Sat May 12 17:02:22 CST 2007; Entities affected: User - 1
Action: IMServiceHandler.onServiced; Time: Sat May 12 17:02:22 CST 2007; Entities affected: User - 1, User - 2, Session - 1
Action: Add User to Session; Time: Sat May 12 17:02:22 CST 2007; Entities affected: Session - 1, User - 2
Action: Change Session Status to OPEN; Time: Sat May 12 17:02:22 CST 2007; Entities affected: Session - 1
Action: Post SessionUnavailableMessage to User; Time: Sat May 12 17:02:22 CST 2007; Entities affected: User - 2
Action: Post SessionUnavailableMessage to User; Time: Sat May 12 17:02:22 CST 2007; Entities affected: User - 1
Action: IMServiceHandler.onServiced; Time: Sat May 12 17:02:22 CST 2007; Entities affected: User - 1, User - 2, Session - 1
Action: Add User to Session; Time: Sat May 12 17:02:22 CST 2007; Entities affected: Session - 1, User - 2
Action: Change Session Status to OPEN; Time: Sat May 12 17:02:22 CST 2007; Entities affected: Session - 1
Action: Post SessionUnavailableMessage to User; Time: Sat May 12 17:02:22 CST 2007; Entities affected: User - 2
Action: Post SessionUnavailableMessage to User; Time: Sat May 12 17:02:22 CST 2007; Entities affected: User - 1
Action: IMServiceHandler.onServiced; Time: Sat May 12 17:02:22 CST 2007; Entities affected: User - 1, User - 2, Session - 1
Action: Add User to Session; Time: Sat May 12 17:02:22 CST 2007; Entities affected: Session - 1, User - 2
Action: Change Session Status to OPEN; Time: Sat May 12 17:02:22 CST 2007; Entities affected: Session - 1
Action: Post SessionUnavailableMessage to User; Time: Sat May 12 17:02:22 CST 2007; Entities affected: User - 2
Action: Post SessionUnavailableMessage to User; Time: Sat May 12 17:02:22 CST 2007; Entities affected: User - 1
Action: IMServiceHandler.onServiced; Time: Sat May 12 17:02:22 CST 2007; Entities affected: User - 1, User - 2, Session - 1
Action: Add User to Session; Time: Sat May 12 17:02:22 CST 2007; Entities affected: Session - 1, User - 2
Action: Change Session Status to OPEN; Time: Sat May 12 17:02:22 CST 2007; Entities affected: Session - 1
Action: Post SessionUnavailableMessage to User; Time: Sat May 12 17:02:22 CST 2007; Entities affected: User - 2
Action: Post SessionUnavailableMessage to User; Time: Sat May 12 17:02:22 CST 2007; Entities affected: User - 1
Action: IMServiceHandler.onServiced; Time: Sat May 12 17:02:22 CST 2007; Entities affected: User - 1, User - 2, Session - 1
Action: Add User to Session; Time: Sat May 12 17:02:22 CST 2007; Entities affected: Session - 1, User - 2
Action: Change Session Status to OPEN; Time: Sat May 12 17:02:22 CST 2007; Entities affected: Session - 1
Action: Post SessionUnavailableMessage to User; Time: Sat May 12 17:02:22 CST 2007; Entities affected: User - 2
Action: Post SessionUnavailableMessage to User; Time: Sat May 12 17:02:22 CST 2007; Entities affected: User - 1
Action: IMServiceHandler.onServiced; Time: Sat May 12 17:02:22 CST 2007; Entities affected: User - 1, User - 2, Session - 1
Action: Add User to Session; Time: Sat May 12 17:02:22 CST 2007; Entities affected: Session - 1, User - 2
Action: Change Session Status to OPEN; Time: Sat May 12 17:02:22 CST 2007; Entities affected: Session - 1
Action: Post SessionUnavailableMessage to User; Time: Sat May 12 17:02:22 CST 2007; Entities affected: User - 2
Action: Post SessionUnavailableMessage to User; Time: Sat May 12 17:02:22 CST 2007; Entities affected: User - 1
Action: IMServiceHandler.onServiced; Time: Sat May 12 17:02:22 CST 2007; Entities affected: User - 1, User - 2, Session - 1
Action: Add User to Session; Time: Sat May 12 17:02:22 CST 2007; Entities affected: Session - 1, User - 2
Action: Change Session Status to OPEN; Time: Sat May 12 17:02:22 CST 2007; Entities affected: Session - 1
Action: Post SessionUnavailableMessage to User; Time: Sat May 12 17:02:22 CST 2007; Entities affected: User - 2
Action: Post SessionUnavailableMessage to User; Time: Sat May 12 17:02:22 CST 2007; Entities affected: User - 1
Action: IMServiceHandler.onServiced; Time: Sat May 12 17:02:22 CST 2007; Entities affected: User - 1, User - 2, Session - 1
Action: Add User to Session; Time: Sat May 12 17:02:22 CST 2007; Entities affected: Session - 1, User - 2
Action: Change Session Status to OPEN; Time: Sat May 12 17:02:22 CST 2007; Entities affected: Session - 1
Action: Post SessionUnavailableMessage to User; Time: Sat May 12 17:02:22 CST 2007; Entities affected: User - 2
Action: Post SessionUnavailableMessage to User; Time: Sat May 12 17:02:22 CST 2007; Entities affected: User - 1
Action: IMServiceHandler.onServiced; Time: Sat May 12 17:02:22 CST 2007; Entities affected: User - 1, User - 2, Session - 1
Action: Add User to Session; Time: Sat May 12 17:02:22 CST 2007; Entities affected: Session - 1, User - 2
Action: Change Session Status to OPEN; Time: Sat May 12 17:02:22 CST 2007; Entities affected: Session - 1
Action: Post SessionUnavailableMessage to User; Time: Sat May 12 17:02:22 CST 2007; Entities affected: User - 2
Action: Post SessionUnavailableMessage to User; Time: Sat May 12 17:02:22 CST 2007; Entities affected: User - 1
Action: IMServiceHandler.onServiced; Time: Sat May 12 17:02:22 CST 2007; Entities affected: User - 1, User - 2, Session - 1
Action: Add User to Session; Time: Sat May 12 17:02:22 CST 2007; Entities affected: Session - 1, User - 2
Action: Change Session Status to OPEN; Time: Sat May 12 17:02:22 CST 2007; Entities affected: Session - 1
Action: Post SessionUnavailableMessage to User; Time: Sat May 12 17:02:22 CST 2007; Entities affected: User - 2
Action: Post SessionUnavailableMessage to User; Time: Sat May 12 17:02:22 CST 2007; Entities affected: User - 1
Action: IMServiceHandler.onServiced; Time: Sat May 12 17:02:22 CST 2007; Entities affected: User - 1, User - 2, Session - 1
Action: Add User to Session; Time: Sat May 12 17:02:22 CST 2007; Entities affected: Session - 1, User - 2
Action: Change Session Status to OPEN; Time: Sat May 12 17:02:22 CST 2007; Entities affected: Session - 1
Action: Post SessionUnavailableMessage to User; Time: Sat May 12 17:02:22 CST 2007; Entities affected: User - 2
Action: Post SessionUnavailableMessage to User; Time: Sat May 12 17:02:22 CST 2007; Entities affected: User - 1
Action: IMServiceHandler.onServiced; Time: Sat May 12 17:02:22 CST 2007; Entities affected: User - 1, User - 2, Session - 1
Action: Add User to Session; Time: Sat May 12 17:02:22 CST 2007; Entities affected: Session - 1, User - 2
Action: Change Session Status to OPEN; Time: Sat May 12 17:02:22 CST 2007; Entities affected: Session - 1
Action: Post SessionUnavailableMessage to User; Time: Sat May 12 17:02:22 CST 2007; Entities affected: User - 2
Action: Post SessionUnavailableMessage to User; Time: Sat May 12 17:02:22 CST 2007; Entities affected: User - 1
Action: IMServiceHandler.onServiced; Time: Sat May 12 17:02:22 CST 2007; Entities affected: User - 1, User - 2, Session - 1
Action: Add User to Session; Time: Sat May 12 17:02:22 CST 2007; Entities affected: Session - 1, User - 2
Action: Change Session Status to OPEN; Time: Sat May 12 17:02:22 CST 2007; Entities affected: Session - 1
Action: Post SessionUnavailableMessage to User; Time: Sat May 12 17:02:22 CST 2007; Entities affected: User - 2
Action: Post SessionUnavailableMessage to User; Time: Sat May 12 17:02:22 CST 2007; Entities affected: User - 1
Action: IMServiceHandler.onServiced; Time: Sat May 12 17:02:22 CST 2007; Entities affected: User - 1, User - 2, Session - 1
Action: Add User to Session; Time: Sat May 12 17:02:22 CST 2007; Entities affected: Session - 1, User - 2
Action: Change Session Status to OPEN; Time: Sat May 12 17:02:22 CST 2007; Entities affected: Session - 1
Action: Post SessionUnavailableMessage to User; Time: Sat May 12 17:02:22 CST 2007; Entities affected: User - 2
Action: Post SessionUnavailableMessage to User; Time: Sat May 12 17:02:22 CST 2007; Entities affected: User - 1
Action: IMServiceHandler.onServiced; Time: Sat May 12 17:02:22 CST 2007; Entities affected: User - 1, User - 2, Session - 1
Action: Add User to Session; Time: Sat May 12 17:02:22 CST 2007; Entities affected: Session - 1, User - 2
Action: Change Session Status to OPEN; Time: Sat May 12 17:02:22 CST 2007; Entities affected: Session - 1
Action: Post SessionUnavailableMessage to User; Time: Sat May 12 17:02:22 CST 2007; Entities affected: User - 2
Action: Post SessionUnavailableMessage to User; Time: Sat May 12 17:02:22 CST 2007; Entities affected: User - 1
Action: IMServiceHandler.onServiced; Time: Sat May 12 17:02:22 CST 2007; Entities affected: User - 1, User - 2, Session - 1
Action: Add User to Session; Time: Sat May 12 17:02:22 CST 2007; Entities affected: Session - 1, User - 2
Action: Change Session Status to OPEN; Time: Sat May 12 17:02:22 CST 2007; Entities affected: Session - 1
Action: Post SessionUnavailableMessage to User; Time: Sat May 12 17:02:22 CST 2007; Entities affected: User - 2
Action: Post SessionUnavailableMessage to User; Time: Sat May 12 17:02:22 CST 2007; Entities affected: User - 1
Action: IMServiceHandler.onServiced; Time: Sat May 12 17:02:22 CST 2007; Entities affected: User - 1, User - 2, Session - 1
Action: Add User to Session; Time: Sat May 12 17:02:22 CST 2007; Entities affected: Session - 1, User - 2
Action: Change Session Status to OPEN; Time: Sat May 12 17:02:22 CST 2007; Entities affected: Session - 1
Action: Post SessionUnavailableMessage to User; Time: Sat May 12 17:02:22 CST 2007; Entities affected: User - 2
Action: Post SessionUnavailableMessage to User; Time: Sat May 12 17:02:22 CST 2007; Entities affected: User - 1
Action: IMServiceHandler.onServiced; Time: Sat May 12 17:02:22 CST 2007; Entities affected: User - 1, User - 2, Session - 1
Action: Add User to Session; Time: Sat May 12 17:02:22 CST 2007; Entities affected: Session - 1, User - 2
Action: Change Session Status to OPEN; Time: Sat May 12 17:02:22 CST 2007; Entities affected: Session - 1
Action: Post SessionUnavailableMessage to User; Time: Sat May 12 17:02:22 CST 2007; Entities affected: User - 2
Action: Post SessionUnavailableMessage to User; Time: Sat May 12 17:02:22 CST 2007; Entities affected: User - 1
Action: IMServiceHandler.onServiced; Time: Sat May 12 17:02:22 CST 2007; Entities affected: User - 1, User - 2, Session - 1
Action: Add User to Session; Time: Sat May 12 17:02:22 CST 2007; Entities affected: Session - 1, User - 2
Action: Change Session Status to OPEN; Time: Sat May 12 17:02:22 CST 2007; Entities affected: Session - 1
Action: Post SessionUnavailableMessage to User; Time: Sat May 12 17:02:22 CST 2007; Entities affected: User - 2
Action: Post SessionUnavailableMessage to User; Time: Sat May 12 17:02:22 CST 2007; Entities affected: User - 1
Action: IMServiceHandler.onServiced; Time: Sat May 12 17:02:22 CST 2007; Entities affected: User - 1, User - 2, Session - 1
Action: Add User to Session; Time: Sat May 12 17:02:22 CST 2007; Entities affected: Session - 1, User - 2
Action: Change Session Status to OPEN; Time: Sat May 12 17:02:22 CST 2007; Entities affected: Session - 1
Action: Post SessionUnavailableMessage to User; Time: Sat May 12 17:02:22 CST 2007; Entities affected: User - 2
Action: Post SessionUnavailableMessage to User; Time: Sat May 12 17:02:22 CST 2007; Entities affected: User - 1
Action: IMServiceHandler.onServiced; Time: Sat May 12 17:02:22 CST 2007; Entities affected: User - 1, User - 2, Session - 1
Action: Add User to Session; Time: Sat May 12 17:02:22 CST 2007; Entities affected: Session - 1, User - 2
Action: Change Session Status to OPEN; Time: Sat May 12 17:02:22 CST 2007; Entities affected: Session - 1
Action: Post SessionUnavailableMessage to User; Time: Sat May 12 17:02:22 CST 2007; Entities affected: User - 2
Action: Post SessionUnavailableMessage to User; Time: Sat May 12 17:02:22 CST 2007; Entities affected: User - 1
Action: IMServiceHandler.onServiced; Time: Sat May 12 17:02:22 CST 2007; Entities affected: User - 1, User - 2, Session - 1
Action: Add User to Session; Time: Sat May 12 17:02:22 CST 2007; Entities affected: Session - 1, User - 2
Action: Change Session Status to OPEN; Time: Sat May 12 17:02:22 CST 2007; Entities affected: Session - 1
Action: Post SessionUnavailableMessage to User; Time: Sat May 12 17:02:22 CST 2007; Entities affected: User - 2
Action: Post SessionUnavailableMessage to User; Time: Sat May 12 17:02:22 CST 2007; Entities affected: User - 1
Action: IMServiceHandler.onServiced; Time: Sat May 12 17:02:22 CST 2007; Entities affected: User - 1, User - 2, Session - 1
Action: Add User to Session; Time: Sat May 12 17:02:22 CST 2007; Entities affected: Session - 1, User - 2
Action: Change Session Status to OPEN; Time: Sat May 12 17:02:22 CST 2007; Entities affected: Session - 1
Action: Post SessionUnavailableMessage to User; Time: Sat May 12 17:02:22 CST 2007; Entities affected: User - 2
Action: Post SessionUnavailableMessage to User; Time: Sat May 12 17:02:22 CST 2007; Entities affected: User - 1
Action: IMServiceHandler.onServiced; Time: Sat May 12 17:02:22 CST 2007; Entities affected: User - 1, User - 2, Session - 1
Action: Add User to Session; Time: Sat May 12 17:02:22 CST 2007; Entities affected: Session - 1, User - 2
Action: Change Session Status to OPEN; Time: Sat May 12 17:02:22 CST 2007; Entities affected: Session - 1
Action: Post SessionUnavailableMessage to User; Time: Sat May 12 17:02:22 CST 2007; Entities affected: User - 2
Action: Post SessionUnavailableMessage to User; Time: Sat May 12 17:02:22 CST 2007; Entities affected: User - 1
Action: IMServiceHandler.onServiced; Time: Sat May 12 17:02:22 CST 2007; Entities affected: User - 1, User - 2, Session - 1
Action: Add User to Session; Time: Sat May 12 17:02:22 CST 2007; Entities affected: Session - 1, User - 2
Action: Change Session Status to OPEN; Time: Sat May 12 17:02:22 CST 2007; Entities affected: Session - 1
Action: Post SessionUnavailableMessage to User; Time: Sat May 12 17:02:22 CST 2007; Entities affected: User - 2
Action: Post SessionUnavailableMessage to User; Time: Sat May 12 17:02:22 CST 2007; Entities affected: User - 1
Action: IMServiceHandler.onServiced; Time: Sat May 12 17:02:22 CST 2007; Entities affected: User - 1, User - 2, Session - 1
Action: Add User to Session; Time: Sat May 12 17:02:22 CST 2007; Entities affected: Session - 1, User - 2
Action: Change Session Status to OPEN; Time: Sat May 12 17:02:22 CST 2007; Entities affected: Session - 1
Action: Post SessionUnavailableMessage to User; Time: Sat May 12 17:02:22 CST 2007; Entities affected: User - 2
Action: Post SessionUnavailableMessage to User; Time: Sat May 12 17:02:22 CST 2007; Entities affected: User - 1
Action: IMServiceHandler.onServiced; Time: Sat May 12 17:02:22 CST 2007; Entities affected: User - 1, User - 2, Session - 1
Action: Add User to Session; Time: Sat May 12 17:02:22 CST 2007; Entities affected: Session - 1, User - 2
Action: Change Session Status to OPEN; Time: Sat May 12 17:02:22 CST 2007; Entities affected: Session - 1
Action: Post SessionUnavailableMessage to User; Time: Sat May 12 17:02:22 CST 2007; Entities affected: User - 2
Action: Post SessionUnavailableMessage to User; Time: Sat May 12 17:02:22 CST 2007; Entities affected: User - 1
Action: IMServiceHandler.onServiced; Time: Sat May 12 17:02:22 CST 2007; Entities affected: User - 1, User - 2, Session - 1
Action: Add User to Session; Time: Sat May 12 17:02:22 CST 2007; Entities affected: Session - 1, User - 2
Action: Change Session Status to OPEN; Time: Sat May 12 17:02:22 CST 2007; Entities affected: Session - 1
Action: Post SessionUnavailableMessage to User; Time: Sat May 12 17:02:22 CST 2007; Entities affected: User - 2
Action: Post SessionUnavailableMessage to User; Time: Sat May 12 17:02:22 CST 2007; Entities affected: User - 1
Action: IMServiceHandler.onServiced; Time: Sat May 12 17:02:22 CST 2007; Entities affected: User - 1, User - 2, Session - 1
Action: Add User to Session; Time: Sat May 12 17:02:22 CST 2007; Entities affected: Session - 1, User - 2
Action: Change Session Status to OPEN; Time: Sat May 12 17:02:22 CST 2007; Entities affected: Session - 1
Action: Post SessionUnavailableMessage to User; Time: Sat May 12 17:02:22 CST 2007; Entities affected: User - 2
Action: Post SessionUnavailableMessage to User; Time: Sat May 12 17:02:22 CST 2007; Entities affected: User - 1
Action: IMServiceHandler.onServiced; Time: Sat May 12 17:02:22 CST 2007; Entities affected: User - 1, User - 2, Session - 1
Action: Add User to Session; Time: Sat May 12 17:02:22 CST 2007; Entities affected: Session - 1, User - 2
Action: Change Session Status to OPEN; Time: Sat May 12 17:02:22 CST 2007; Entities affected: Session - 1
Action: Post SessionUnavailableMessage to User; Time: Sat May 12 17:02:22 CST 2007; Entities affected: User - 2
Action: Post SessionUnavailableMessage to User; Time: Sat May 12 17:02:22 CST 2007; Entities affected: User - 1
Action: IMServiceHandler.onServiced; Time: Sat May 12 17:02:22 CST 2007; Entities affected: User - 1, User - 2, Session - 1
Action: Add User to Session; Time: Sat May 12 17:02:22 CST 2007; Entities affected: Session - 1, User - 2
Action: Change Session Status to OPEN; Time: Sat May 12 17:02:22 CST 2007; Entities affected: Session - 1
Action: Post SessionUnavailableMessage to User; Time: Sat May 12 17:02:22 CST 2007; Entities affected: User - 2
Action: Post SessionUnavailableMessage to User; Time: Sat May 12 17:02:22 CST 2007; Entities affected: User - 1
Action: IMServiceHandler.onServiced; Time: Sat May 12 17:02:22 CST 2007; Entities affected: User - 1, User - 2, Session - 1
Action: Add User to Session; Time: Sat May 12 17:02:22 CST 2007; Entities affected: Session - 1, User - 2
Action: Change Session Status to OPEN; Time: Sat May 12 17:02:22 CST 2007; Entities affected: Session - 1
Action: Post SessionUnavailableMessage to User; Time: Sat May 12 17:02:22 CST 2007; Entities affected: User - 2
Action: Post SessionUnavailableMessage to User; Time: Sat May 12 17:02:22 CST 2007; Entities affected: User - 1
Action: IMServiceHandler.onServiced; Time: Sat May 12 17:02:22 CST 2007; Entities affected: User - 1, User - 2, Session - 1
Action: Add User to Session; Time: Sat May 12 17:02:22 CST 2007; Entities affected: Session - 1, User - 2
Action: Change Session Status to OPEN; Time: Sat May 12 17:02:22 CST 2007; Entities affected: Session - 1
Action: Post SessionUnavailableMessage to User; Time: Sat May 12 17:02:22 CST 2007; Entities affected: User - 2
Action: Post SessionUnavailableMessage to User; Time: Sat May 12 17:02:22 CST 2007; Entities affected: User - 1
Action: IMServiceHandler.onServiced; Time: Sat May 12 17:02:22 CST 2007; Entities affected: User - 1, User - 2, Session - 1
Action: Add User to Session; Time: Sat May 12 17:02:22 CST 2007; Entities affected: Session - 1, User - 2
Action: Change Session Status to OPEN; Time: Sat May 12 17:02:22 CST 2007; Entities affected: Session - 1
Action: Post SessionUnavailableMessage to User; Time: Sat May 12 17:02:22 CST 2007; Entities affected: User - 2
Action: Post SessionUnavailableMessage to User; Time: Sat May 12 17:02:22 CST 2007; Entities affected: User - 1
Action: IMServiceHandler.onServiced; Time: Sat May 12 17:02:22 CST 2007; Entities affected: User - 1, User - 2, Session - 1
Action: Add User to Session; Time: Sat May 12 17:02:22 CST 2007; Entities affected: Session - 1, User - 2
Action: Change Session Status to OPEN; Time: Sat May 12 17:02:22 CST 2007; Entities affected: Session - 1
Action: Post SessionUnavailableMessage to User; Time: Sat May 12 17:02:22 CST 2007; Entities affected: User - 2
Action: Post SessionUnavailableMessage to User; Time: Sat May 12 17:02:22 CST 2007; Entities affected: User - 1
Action: IMServiceHandler.onServiced; Time: Sat May 12 17:02:22 CST 2007; Entities affected: User - 1, User - 2, Session - 1
Action: Add User to Session; Time: Sat May 12 17:02:22 CST 2007; Entities affected: Session - 1, User - 2
Action: Change Session Status to OPEN; Time: Sat May 12 17:02:22 CST 2007; Entities affected: Session - 1
Action: Post SessionUnavailableMessage to User; Time: Sat May 12 17:02:22 CST 2007; Entities affected: User - 2
Action: Post SessionUnavailableMessage to User; Time: Sat May 12 17:02:22 CST 2007; Entities affected: User - 1
Action: IMServiceHandler.onServiced; Time: Sat May 12 17:02:22 CST 2007; Entities affected: User - 1, User - 2, Session - 1
Action: Add User to Session; Time: Sat May 12 17:02:22 CST 2007; Entities affected: Session - 1, User - 2
Action: Change Session Status to OPEN; Time: Sat May 12 17:02:22 CST 2007; Entities affected: Session - 1
Action: Post SessionUnavailableMessage to User; Time: Sat May 12 17:02:22 CST 2007; Entities affected: User - 2
Action: Post SessionUnavailableMessage to User; Time: Sat May 12 17:02:22 CST 2007; Entities affected: User - 1
Action: IMServiceHandler.onServiced; Time: Sat May 12 17:02:22 CST 2007; Entities affected: User - 1, User - 2, Session - 1
Action: Add User to Session; Time: Sat May 12 17:02:22 CST 2007; Entities affected: Session - 1, User - 2
Action: Change Session Status to OPEN; Time: Sat May 12 17:02:22 CST 2007; Entities affected: Session - 1
Action: Post SessionUnavailableMessage to User; Time: Sat May 12 17:02:22 CST 2007; Entities affected: User - 2
Action: Post SessionUnavailableMessage to User; Time: Sat May 12 17:02:22 CST 2007; Entities affected: User - 1
Action: IMServiceHandler.onServiced; Time: Sat May 12 17:02:22 CST 2007; Entities affected: User - 1, User - 2, Session - 1
Action: Add User to Session; Time: Sat May 12 17:02:22 CST 2007; Entities affected: Session - 1, User - 2
Action: Change Session Status to OPEN; Time: Sat May 12 17:02:22 CST 2007; Entities affected: Session - 1
Action: Post SessionUnavailableMessage to User; Time: Sat May 12 17:02:22 CST 2007; Entities affected: User - 2
Action: Post SessionUnavailableMessage to User; Time: Sat May 12 17:02:22 CST 2007; Entities affected: User - 1
Action: IMServiceHandler.onServiced; Time: Sat May 12 17:02:22 CST 2007; Entities affected: User - 1, User - 2, Session - 1
Action: Add User to Session; Time: Sat May 12 17:02:22 CST 2007; Entities affected: Session - 1, User - 2
Action: Change Session Status to OPEN; Time: Sat May 12 17:02:22 CST 2007; Entities affected: Session - 1
Action: Post SessionUnavailableMessage to User; Time: Sat May 12 17:02:22 CST 2007; Entities affected: User - 2
Action: Post SessionUnavailableMessage to User; Time: Sat May 12 17:02:22 CST 2007; Entities affected: User - 1
Action: IMServiceHandler.onServiced; Time: Sat May 12 17:02:22 CST 2007; Entities affected: User - 1, User - 2, Session - 1
Action: Add User to Session; Time: Sat May 12 17:02:22 CST 2007; Entities affected: Session - 1, User - 2
Action: Change Session Status to OPEN; Time: Sat May 12 17:02:22 CST 2007; Entities affected: Session - 1
Action: Post SessionUnavailableMessage to User; Time: Sat May 12 17:02:22 CST 2007; Entities affected: User - 2
Action: Post SessionUnavailableMessage to User; Time: Sat May 12 17:02:22 CST 2007; Entities affected: User - 1
Action: IMServiceHandler.onServiced; Time: Sat May 12 17:02:22 CST 2007; Entities affected: User - 1, User - 2, Session - 1
Action: Add User to Session; Time: Sat May 12 17:02:22 CST 2007; Entities affected: Session - 1, User - 2
Action: Change Session Status to OPEN; Time: Sat May 12 17:02:22 CST 2007; Entities affected: Session - 1
Action: Post SessionUnavailableMessage to User; Time: Sat May 12 17:02:22 CST 2007; Entities affected: User - 2
Action: Post SessionUnavailableMessage to User; Time: Sat May 12 17:02:22 CST 2007; Entities affected: User - 1
Action: IMServiceHandler.onServiced; Time: Sat May 12 17:02:22 CST 2007; Entities affected: User - 1, User - 2, Session - 1
Action: Add User to Session; Time: Sat May 12 17:02:22 CST 2007; Entities affected: Session - 1, User - 2
Action: Change Session Status to OPEN; Time: Sat May 12 17:02:22 CST 2007; Entities affected: Session - 1
Action: Post SessionUnavailableMessage to User; Time: Sat May 12 17:02:22 CST 2007; Entities affected: User - 2
Action: Post SessionUnavailableMessage to User; Time: Sat May 12 17:02:22 CST 2007; Entities affected: User - 1
Action: IMServiceHandler.onServiced; Time: Sat May 12 17:02:22 CST 2007; Entities affected: User - 1, User - 2, Session - 1
Action: Add User to Session; Time: Sat May 12 17:02:22 CST 2007; Entities affected: Session - 1, User - 2
Action: Change Session Status to OPEN; Time: Sat May 12 17:02:22 CST 2007; Entities affected: Session - 1
Action: Post SessionUnavailableMessage to User; Time: Sat May 12 17:02:22 CST 2007; Entities affected: User - 2
Action: Post SessionUnavailableMessage to User; Time: Sat May 12 17:02:22 CST 2007; Entities affected: User - 1
Action: IMServiceHandler.onServiced; Time: Sat May 12 17:02:22 CST 2007; Entities affected: User - 1, User - 2, Session - 1
Action: Add User to Session; Time: Sat May 12 17:02:22 CST 2007; Entities affected: Session - 1, User - 2
Action: Change Session Status to OPEN; Time: Sat May 12 17:02:22 CST 2007; Entities affected: Session - 1
Action: Post SessionUnavailableMessage to User; Time: Sat May 12 17:02:22 CST 2007; Entities affected: User - 2
Action: Post SessionUnavailableMessage to User; Time: Sat May 12 17:02:22 CST 2007; Entities affected: User - 1
Action: IMServiceHandler.onServiced; Time: Sat May 12 17:02:22 CST 2007; Entities affected: User - 1, User - 2, Session - 1
Action: Add User to Session; Time: Sat May 12 17:02:22 CST 2007; Entities affected: Session - 1, User - 2
Action: Change Session Status to OPEN; Time: Sat May 12 17:02:22 CST 2007; Entities affected: Session - 1
Action: Post SessionUnavailableMessage to User; Time: Sat May 12 17:02:22 CST 2007; Entities affected: User - 2
Action: Post SessionUnavailableMessage to User; Time: Sat May 12 17:02:22 CST 2007; Entities affected: User - 1
Action: IMServiceHandler.onServiced; Time: Sat May 12 17:02:22 CST 2007; Entities affected: User - 1, User - 2, Session - 1
Action: Add User to Session; Time: Sat May 12 17:02:22 CST 2007; Entities affected: Session - 1, User - 2
Action: Change Session Status to OPEN; Time: Sat May 12 17:02:22 CST 2007; Entities affected: Session - 1
Action: Post SessionUnavailableMessage to User; Time: Sat May 12 17:02:22 CST 2007; Entities affected: User - 2
Action: Post SessionUnavailableMessage to User; Time: Sat May 12 17:02:22 CST 2007; Entities affected: User - 1
Action: IMServiceHandler.onServiced; Time: Sat May 12 17:02:22 CST 2007; Entities affected: User - 1, User - 2, Session - 1
Action: Add User to Session; Time: Sat May 12 17:02:22 CST 2007; Entities affected: Session - 1, User - 2
Action: Change Session Status to OPEN; Time: Sat May 12 17:02:22 CST 2007; Entities affected: Session - 1
Action: Post SessionUnavailableMessage to User; Time: Sat May 12 17:02:22 CST 2007; Entities affected: User - 2
Action: Post SessionUnavailableMessage to User; Time: Sat May 12 17:02:22 CST 2007; Entities affected: User - 1
Action: IMServiceHandler.onServiced; Time: Sat May 12 17:02:22 CST 2007; Entities affected: User - 1, User - 2, Session - 1
Action: Add User to Session; Time: Sat May 12 17:02:22 CST 2007; Entities affected: Session - 1, User - 2
Action: Change Session Status to OPEN; Time: Sat May 12 17:02:22 CST 2007; Entities affected: Session - 1
Action: Post SessionUnavailableMessage to User; Time: Sat May 12 17:02:22 CST 2007; Entities affected: User - 2
Action: Post SessionUnavailableMessage to User; Time: Sat May 12 17:02:22 CST 2007; Entities affected: User - 1
Action: IMServiceHandler.onServiced; Time: Sat May 12 17:02:22 CST 2007; Entities affected: User - 1, User - 2, Session - 1
Action: Add User to Session; Time: Sat May 12 17:02:22 CST 2007; Entities affected: Session - 1, User - 2
Action: Change Session Status to OPEN; Time: Sat May 12 17:02:22 CST 2007; Entities affected: Session - 1
Action: Post SessionUnavailableMessage to User; Time: Sat May 12 17:02:22 CST 2007; Entities affected: User - 2
Action: Post SessionUnavailableMessage to User; Time: Sat May 12 17:02:22 CST 2007; Entities affected: User - 1
Action: IMServiceHandler.onServiced; Time: Sat May 12 17:02:22 CST 2007; Entities affected: User - 1, User - 2, Session - 1
Action: Add User to Session; Time: Sat May 12 17:02:22 CST 2007; Entities affected: Session - 1, User - 2
Action: Change Session Status to OPEN; Time: Sat May 12 17:02:22 CST 2007; Entities affected: Session - 1
Action: Post SessionUnavailableMessage to User; Time: Sat May 12 17:02:22 CST 2007; Entities affected: User - 2
Action: Post SessionUnavailableMessage to User; Time: Sat May 12 17:02:22 CST 2007; Entities affected: User - 1
Action: IMServiceHandler.onServiced; Time: Sat May 12 17:02:22 CST 2007; Entities affected: User - 1, User - 2, Session - 1
Action: Add User to Session; Time: Sat May 12 17:02:22 CST 2007; Entities affected: Session - 1, User - 2
Action: Change Session Status to OPEN; Time: Sat May 12 17:02:22 CST 2007; Entities affected: Session - 1
Action: Post SessionUnavailableMessage to User; Time: Sat May 12 17:02:22 CST 2007; Entities affected: User - 2
Action: Post SessionUnavailableMessage to User; Time: Sat May 12 17:02:22 CST 2007; Entities affected: User - 1
Action: IMServiceHandler.onServiced; Time: Sat May 12 17:02:22 CST 2007; Entities affected: User - 1, User - 2, Session - 1
Action: Add User to Session; Time: Sat May 12 17:02:22 CST 2007; Entities affected: Session - 1, User - 2
Action: Change Session Status to OPEN; Time: Sat May 12 17:02:22 CST 2007; Entities affected: Session - 1
Action: Post SessionUnavailableMessage to User; Time: Sat May 12 17:02:22 CST 2007; Entities affected: User - 2
Action: Post SessionUnavailableMessage to User; Time: Sat May 12 17:02:22 CST 2007; Entities affected: User - 1
Action: IMServiceHandler.onServiced; Time: Sat May 12 17:02:22 CST 2007; Entities affected: User - 1, User - 2, Session - 1
Action: Add User to Session; Time: Sat May 12 17:02:22 CST 2007; Entities affected: Session - 1, User - 2
Action: Change Session Status to OPEN; Time: Sat May 12 17:02:22 CST 2007; Entities affected: Session - 1
Action: Post SessionUnavailableMessage to User; Time: Sat May 12 17:02:22 CST 2007; Entities affected: User - 2
Action: Post SessionUnavailableMessage to User; Time: Sat May 12 17:02:22 CST 2007; Entities affected: User - 1
Action: IMServiceHandler.onServiced; Time: Sat May 12 17:02:22 CST 2007; Entities affected: User - 1, User - 2, Session - 1
Action: Add User to Session; Time: Sat May 12 17:02:22 CST 2007; Entities affected: Session - 1, User - 2
Action: Change Session Status to OPEN; Time: Sat May 12 17:02:22 CST 2007; Entities affected: Session - 1
Action: Post SessionUnavailableMessage to User; Time: Sat May 12 17:02:22 CST 2007; Entities affected: User - 2
Action: Post SessionUnavailableMessage to User; Time: Sat May 12 17:02:22 CST 2007; Entities affected: User - 1
Action: IMServiceHandler.onServiced; Time: Sat May 12 17:02:22 CST 2007; Entities affected: User - 1, User - 2, Session - 1
Action: Add User to Session; Time: Sat May 12 17:02:22 CST 2007; Entities affected: Session - 1, User - 2
Action: Change Session Status to OPEN; Time: Sat May 12 17:02:22 CST 2007; Entities affected: Session - 1
Action: Post SessionUnavailableMessage to User; Time: Sat May 12 17:02:22 CST 2007; Entities affected: User - 2
Action: Post SessionUnavailableMessage to User; Time: Sat May 12 17:02:22 CST 2007; Entities affected: User - 1
Action: IMServiceHandler.onServiced; Time: Sat May 12 17:02:22 CST 2007; Entities affected: User - 1, User - 2, Session - 1
Action: Add User to Session; Time: Sat May 12 17:02:22 CST 2007; Entities affected: Session - 1, User - 2
Action: Change Session Status to OPEN; Time: Sat May 12 17:02:22 CST 2007; Entities affected: Session - 1
Action: Post SessionUnavailableMessage to User; Time: Sat May 12 17:02:22 CST 2007; Entities affected: User - 2
Action: Post SessionUnavailableMessage to User; Time: Sat May 12 17:02:22 CST 2007; Entities affected: User - 1
Action: IMServiceHandler.onServiced; Time: Sat May 12 17:02:22 CST 2007; Entities affected: User - 1, User - 2, Session - 1
Action: Add User to Session; Time: Sat May 12 17:02:22 CST 2007; Entities affected: Session - 1, User - 2
Action: Change Session Status to OPEN; Time: Sat May 12 17:02:22 CST 2007; Entities affected: Session - 1
Action: Post SessionUnavailableMessage to User; Time: Sat May 12 17:02:22 CST 2007; Entities affected: User - 2
Action: Post SessionUnavailableMessage to User; Time: Sat May 12 17:02:22 CST 2007; Entities affected: User - 1
Action: IMServiceHandler.onServiced; Time: Sat May 12 17:02:22 CST 2007; Entities affected: User - 1, User - 2, Session - 1
Action: Add User to Session; Time: Sat May 12 17:02:22 CST 2007; Entities affected: Session - 1, User - 2
Action: Change Session Status to OPEN; Time: Sat May 12 17:02:22 CST 2007; Entities affected: Session - 1
Action: Post SessionUnavailableMessage to User; Time: Sat May 12 17:02:22 CST 2007; Entities affected: User - 2
Action: Post SessionUnavailableMessage to User; Time: Sat May 12 17:02:22 CST 2007; Entities affected: User - 1
Action: IMServiceHandler.onServiced; Time: Sat May 12 17:02:22 CST 2007; Entities affected: User - 1, User - 2, Session - 1
Action: Add User to Session; Time: Sat May 12 17:02:22 CST 2007; Entities affected: Session - 1, User - 2
Action: Change Session Status to OPEN; Time: Sat May 12 17:02:22 CST 2007; Entities affected: Session - 1
Action: Post SessionUnavailableMessage to User; Time: Sat May 12 17:02:22 CST 2007; Entities affected: User - 2
Action: Post SessionUnavailableMessage to User; Time: Sat May 12 17:02:22 CST 2007; Entities affected: User - 1
Action: IMServiceHandler.onServiced; Time: Sat May 12 17:02:22 CST 2007; Entities affected: User - 1, User - 2, Session - 1
Action: Add User to Session; Time: Sat May 12 17:02:22 CST 2007; Entities affected: Session - 1, User - 2
Action: Change Session Status to OPEN; Time: Sat May 12 17:02:22 CST 2007; Entities affected: Session - 1
Action: Post SessionUnavailableMessage to User; Time: Sat May 12 17:02:22 CST 2007; Entities affected: User - 2
Action: Post SessionUnavailableMessage to User; Time: Sat May 12 17:02:22 CST 2007; Entities affected: User - 1
Action: IMServiceHandler.onServiced; Time: Sat May 12 17:02:22 CST 2007; Entities affected: User - 1, User - 2, Session - 1
Action: Add User to Session; Time: Sat May 12 17:02:22 CST 2007; Entities affected: Session - 1, User - 2
Action: Change Session Status to OPEN; Time: Sat May 12 17:02:22 CST 2007; Entities affected: Session - 1
Action: Post SessionUnavailableMessage to User; Time: Sat May 12 17:02:22 CST 2007; Entities affected: User - 2
Action: Post SessionUnavailableMessage to User; Time: Sat May 12 17:02:22 CST 2007; Entities affected: User - 1
Action: IMServiceHandler.onServiced; Time: Sat May 12 17:02:22 CST 2007; Entities affected: User - 1, User - 2, Session - 1
Action: Add User to Session; Time: Sat May 12 17:02:22 CST 2007; Entities affected: Session - 1, User - 2
Action: Change Session Status to OPEN; Time: Sat May 12 17:02:22 CST 2007; Entities affected: Session - 1
Action: Post SessionUnavailableMessage to User; Time: Sat May 12 17:02:22 CST 2007; Entities affected: User - 2
Action: Post SessionUnavailableMessage to User; Time: Sat May 12 17:02:22 CST 2007; Entities affected: User - 1
Action: IMServiceHandler.onServiced; Time: Sat May 12 17:02:22 CST 2007; Entities affected: User - 1, User - 2, Session - 1
Action: Add User to Session; Time: Sat May 12 17:02:22 CST 2007; Entities affected: Session - 1, User - 2
Action: Change Session Status to OPEN; Time: Sat May 12 17:02:22 CST 2007; Entities affected: Session - 1
Action: Post SessionUnavailableMessage to User; Time: Sat May 12 17:02:22 CST 2007; Entities affected: User - 2
Action: Post SessionUnavailableMessage to User; Time: Sat May 12 17:02:22 CST 2007; Entities affected: User - 1
Action: IMServiceHandler.onServiced; Time: Sat May 12 17:02:22 CST 2007; Entities affected: User - 1, User - 2, Session - 1
Action: Add User to Session; Time: Sat May 12 17:02:22 CST 2007; Entities affected: Session - 1, User - 2
Action: Change Session Status to OPEN; Time: Sat May 12 17:02:22 CST 2007; Entities affected: Session - 1
Action: Post SessionUnavailableMessage to User; Time: Sat May 12 17:02:22 CST 2007; Entities affected: User - 2
Action: Post SessionUnavailableMessage to User; Time: Sat May 12 17:02:22 CST 2007; Entities affected: User - 1
Action: IMServiceHandler.onServiced; Time: Sat May 12 17:02:22 CST 2007; Entities affected: User - 1, User - 2, Session - 1
Action: Add User to Session; Time: Sat May 12 17:02:22 CST 2007; Entities affected: Session - 1, User - 2
Action: Change Session Status to OPEN; Time: Sat May 12 17:02:22 CST 2007; Entities affected: Session - 1
Action: Post SessionUnavailableMessage to User; Time: Sat May 12 17:02:22 CST 2007; Entities affected: User - 2
Action: Post SessionUnavailableMessage to User; Time: Sat May 12 17:02:22 CST 2007; Entities affected: User - 1
Action: IMServiceHandler.onServiced; Time: Sat May 12 17:02:22 CST 2007; Entities affected: User - 1, User - 2, Session - 1
Action: Add User to Session; Time: Sat May 12 17:02:22 CST 2007; Entities affected: Session - 1, User - 2
Action: Change Session Status to OPEN; Time: Sat May 12 17:02:22 CST 2007; Entities affected: Session - 1
Action: Post SessionUnavailableMessage to User; Time: Sat May 12 17:02:22 CST 2007; Entities affected: User - 2
Action: Post SessionUnavailableMessage to User; Time: Sat May 12 17:02:22 CST 2007; Entities affected: User - 1
Action: IMServiceHandler.onServiced; Time: Sat May 12 17:02:22 CST 2007; Entities affected: User - 1, User - 2, Session - 1
Action: Add User to Session; Time: Sat May 12 17:02:22 CST 2007; Entities affected: Session - 1, User - 2
Action: Change Session Status to OPEN; Time: Sat May 12 17:02:22 CST 2007; Entities affected: Session - 1
Action: Post SessionUnavailableMessage to User; Time: Sat May 12 17:02:22 CST 2007; Entities affected: User - 2
Action: Post SessionUnavailableMessage to User; Time: Sat May 12 17:02:22 CST 2007; Entities affected: User - 1
Action: IMServiceHandler.onServiced; Time: Sat May 12 17:02:22 CST 2007; Entities affected: User - 1, User - 2, Session - 1
Action: Add User to Session; Time: Sat May 12 17:02:22 CST 2007; Entities affected: Session - 1, User - 2
Action: Change Session Status to OPEN; Time: Sat May 12 17:02:22 CST 2007; Entities affected: Session - 1
Action: Post SessionUnavailableMessage to User; Time: Sat May 12 17:02:22 CST 2007; Entities affected: User - 2
Action: Post SessionUnavailableMessage to User; Time: Sat May 12 17:02:22 CST 2007; Entities affected: User - 1
Action: IMServiceHandler.onServiced; Time: Sat May 12 17:02:22 CST 2007; Entities affected: User - 1, User - 2, Session - 1
Action: Add User to Session; Time: Sat May 12 17:02:22 CST 2007; Entities affected: Session - 1, User - 2
Action: Change Session Status to OPEN; Time: Sat May 12 17:02:22 CST 2007; Entities affected: Session - 1
Action: Post SessionUnavailableMessage to User; Time: Sat May 12 17:02:22 CST 2007; Entities affected: User - 2
Action: Post SessionUnavailableMessage to User; Time: Sat May 12 17:02:22 CST 2007; Entities affected: User - 1
Action: IMServiceHandler.onServiced; Time: Sat May 12 17:02:22 CST 2007; Entities affected: User - 1, User - 2, Session - 1
Action: Add User to Session; Time: Sat May 12 17:02:22 CST 2007; Entities affected: Session - 1, User - 2
Action: Change Session Status to OPEN; Time: Sat May 12 17:02:22 CST 2007; Entities affected: Session - 1
Action: Post SessionUnavailableMessage to User; Time: Sat May 12 17:02:22 CST 2007; Entities affected: User - 2
Action: Post SessionUnavailableMessage to User; Time: Sat May 12 17:02:22 CST 2007; Entities affected: User - 1
Action: IMServiceHandler.onServiced; Time: Sat May 12 17:02:22 CST 2007; Entities affected: User - 1, User - 2, Session - 1
Action: Add User to Session; Time: Sat May 12 17:02:22 CST 2007; Entities affected: Session - 1, User - 2
Action: Change Session Status to OPEN; Time: Sat May 12 17:02:22 CST 2007; Entities affected: Session - 1
Action: Post SessionUnavailableMessage to User; Time: Sat May 12 17:02:22 CST 2007; Entities affected: User - 2
Action: Post SessionUnavailableMessage to User; Time: Sat May 12 17:02:22 CST 2007; Entities affected: User - 1
Action: IMServiceHandler.onServiced; Time: Sat May 12 17:02:22 CST 2007; Entities affected: User - 1, User - 2, Session - 1
Action: Add User to Session; Time: Sat May 12 17:02:22 CST 2007; Entities affected: Session - 1, User - 2
Action: Change Session Status to OPEN; Time: Sat May 12 17:02:22 CST 2007; Entities affected: Session - 1
Action: Post SessionUnavailableMessage to User; Time: Sat May 12 17:02:22 CST 2007; Entities affected: User - 2
Action: Post SessionUnavailableMessage to User; Time: Sat May 12 17:02:22 CST 2007; Entities affected: User - 1
Action: IMServiceHandler.onServiced; Time: Sat May 12 17:02:22 CST 2007; Entities affected: User - 1, User - 2, Session - 1
Action: Add User to Session; Time: Sat May 12 17:02:22 CST 2007; Entities affected: Session - 1, User - 2
Action: Change Session Status to OPEN; Time: Sat May 12 17:02:22 CST 2007; Entities affected: Session - 1
Action: Post SessionUnavailableMessage to User; Time: Sat May 12 17:02:22 CST 2007; Entities affected: User - 2
Action: Post SessionUnavailableMessage to User; Time: Sat May 12 17:02:22 CST 2007; Entities affected: User - 1
Action: IMServiceHandler.onServiced; Time: Sat May 12 17:02:22 CST 2007; Entities affected: User - 1, User - 2, Session - 1
Action: Add User to Session; Time: Sat May 12 17:02:22 CST 2007; Entities affected: Session - 1, User - 2
Action: Change Session Status to OPEN; Time: Sat May 12 17:02:22 CST 2007; Entities affected: Session - 1
Action: Post SessionUnavailableMessage to User; Time: Sat May 12 17:02:22 CST 2007; Entities affected: User - 2
Action: Post SessionUnavailableMessage to User; Time: Sat May 12 17:02:22 CST 2007; Entities affected: User - 1
Action: IMServiceHandler.onServiced; Time: Sat May 12 17:02:22 CST 2007; Entities affected: User - 1, User - 2, Session - 1
Action: Add User to Session; Time: Sat May 12 17:02:22 CST 2007; Entities affected: Session - 1, User - 2
Action: Change Session Status to OPEN; Time: Sat May 12 17:02:22 CST 2007; Entities affected: Session - 1
Action: Post SessionUnavailableMessage to User; Time: Sat May 12 17:02:22 CST 2007; Entities affected: User - 2
Action: Post SessionUnavailableMessage to User; Time: Sat May 12 17:02:22 CST 2007; Entities affected: User - 1
Action: IMServiceHandler.onServiced; Time: Sat May 12 17:02:22 CST 2007; Entities affected: User - 1, User - 2, Session - 1
Action: Add User to Session; Time: Sat May 12 17:02:22 CST 2007; Entities affected: Session - 1, User - 2
Action: Change Session Status to OPEN; Time: Sat May 12 17:02:22 CST 2007; Entities affected: Session - 1
Action: Post SessionUnavailableMessage to User; Time: Sat May 12 17:02:22 CST 2007; Entities affected: User - 2
Action: Post SessionUnavailableMessage to User; Time: Sat May 12 17:02:22 CST 2007; Entities affected: User - 1
Action: IMServiceHandler.onServiced; Time: Sat May 12 17:02:22 CST 2007; Entities affected: User - 1, User - 2, Session - 1
Action: Add User to Session; Time: Sat May 12 17:02:22 CST 2007; Entities affected: Session - 1, User - 2
Action: Change Session Status to OPEN; Time: Sat May 12 17:02:22 CST 2007; Entities affected: Session - 1
Action: Post SessionUnavailableMessage to User; Time: Sat May 12 17:02:22 CST 2007; Entities affected: User - 2
Action: Post SessionUnavailableMessage to User; Time: Sat May 12 17:02:22 CST 2007; Entities affected: User - 1
Action: IMServiceHandler.onServiced; Time: Sat May 12 17:02:22 CST 2007; Entities affected: User - 1, User - 2, Session - 1
Action: Add User to Session; Time: Sat May 12 17:02:22 CST 2007; Entities affected: Session - 1, User - 2
Action: Change Session Status to OPEN; Time: Sat May 12 17:02:22 CST 2007; Entities affected: Session - 1
Action: Post SessionUnavailableMessage to User; Time: Sat May 12 17:02:22 CST 2007; Entities affected: User - 2
Action: Post SessionUnavailableMessage to User; Time: Sat May 12 17:02:22 CST 2007; Entities affected: User - 1
Action: IMServiceHandler.onServiced; Time: Sat May 12 17:02:22 CST 2007; Entities affected: User - 1, User - 2, Session - 1
Action: Add User to Session; Time: Sat May 12 17:02:22 CST 2007; Entities affected: Session - 1, User - 2
Action: Change Session Status to OPEN; Time: Sat May 12 17:02:22 CST 2007; Entities affected: Session - 1
Action: Post SessionUnavailableMessage to User; Time: Sat May 12 17:02:22 CST 2007; Entities affected: User - 2
Action: Post SessionUnavailableMessage to User; Time: Sat May 12 17:02:22 CST 2007; Entities affected: User - 1
Executing testonServiced_WithResponder() 100 times takes 109ms
Action: IMServiceHandler.onServiced; Time: Sat May 12 17:02:22 CST 2007; Entities affected: User - 1, Session - 1
Action: Post SessionUnavailableMessage to User; Time: Sat May 12 17:02:22 CST 2007; Entities affected: User - 1
Action: Remove User From Session; Time: Sat May 12 17:02:22 CST 2007; Entities affected: User - 1
Action: Change User Status to OFFLINE; Time: Sat May 12 17:02:22 CST 2007; Entities affected: User - 1
Action: IMServiceHandler.onServiced; Time: Sat May 12 17:02:22 CST 2007; Entities affected: User - 1, Session - 1
Action: Post SessionUnavailableMessage to User; Time: Sat May 12 17:02:22 CST 2007; Entities affected: User - 1
Action: Remove User From Session; Time: Sat May 12 17:02:22 CST 2007; Entities affected: User - 1
Action: Change User Status to OFFLINE; Time: Sat May 12 17:02:22 CST 2007; Entities affected: User - 1
Action: IMServiceHandler.onServiced; Time: Sat May 12 17:02:22 CST 2007; Entities affected: User - 1, Session - 1
Action: Post SessionUnavailableMessage to User; Time: Sat May 12 17:02:22 CST 2007; Entities affected: User - 1
Action: Remove User From Session; Time: Sat May 12 17:02:22 CST 2007; Entities affected: User - 1
Action: Change User Status to OFFLINE; Time: Sat May 12 17:02:22 CST 2007; Entities affected: User - 1
Action: IMServiceHandler.onServiced; Time: Sat May 12 17:02:22 CST 2007; Entities affected: User - 1, Session - 1
Action: Post SessionUnavailableMessage to User; Time: Sat May 12 17:02:22 CST 2007; Entities affected: User - 1
Action: Remove User From Session; Time: Sat May 12 17:02:22 CST 2007; Entities affected: User - 1
Action: Change User Status to OFFLINE; Time: Sat May 12 17:02:22 CST 2007; Entities affected: User - 1
Action: IMServiceHandler.onServiced; Time: Sat May 12 17:02:22 CST 2007; Entities affected: User - 1, Session - 1
Action: Post SessionUnavailableMessage to User; Time: Sat May 12 17:02:22 CST 2007; Entities affected: User - 1
Action: Remove User From Session; Time: Sat May 12 17:02:22 CST 2007; Entities affected: User - 1
Action: Change User Status to OFFLINE; Time: Sat May 12 17:02:22 CST 2007; Entities affected: User - 1
Action: IMServiceHandler.onServiced; Time: Sat May 12 17:02:22 CST 2007; Entities affected: User - 1, Session - 1
Action: Post SessionUnavailableMessage to User; Time: Sat May 12 17:02:22 CST 2007; Entities affected: User - 1
Action: Remove User From Session; Time: Sat May 12 17:02:22 CST 2007; Entities affected: User - 1
Action: Change User Status to OFFLINE; Time: Sat May 12 17:02:22 CST 2007; Entities affected: User - 1
Action: IMServiceHandler.onServiced; Time: Sat May 12 17:02:22 CST 2007; Entities affected: User - 1, Session - 1
Action: Post SessionUnavailableMessage to User; Time: Sat May 12 17:02:22 CST 2007; Entities affected: User - 1
Action: Remove User From Session; Time: Sat May 12 17:02:22 CST 2007; Entities affected: User - 1
Action: Change User Status to OFFLINE; Time: Sat May 12 17:02:22 CST 2007; Entities affected: User - 1
Action: IMServiceHandler.onServiced; Time: Sat May 12 17:02:22 CST 2007; Entities affected: User - 1, Session - 1
Action: Post SessionUnavailableMessage to User; Time: Sat May 12 17:02:22 CST 2007; Entities affected: User - 1
Action: Remove User From Session; Time: Sat May 12 17:02:22 CST 2007; Entities affected: User - 1
Action: Change User Status to OFFLINE; Time: Sat May 12 17:02:22 CST 2007; Entities affected: User - 1
Action: IMServiceHandler.onServiced; Time: Sat May 12 17:02:22 CST 2007; Entities affected: User - 1, Session - 1
Action: Post SessionUnavailableMessage to User; Time: Sat May 12 17:02:22 CST 2007; Entities affected: User - 1
Action: Remove User From Session; Time: Sat May 12 17:02:22 CST 2007; Entities affected: User - 1
Action: Change User Status to OFFLINE; Time: Sat May 12 17:02:22 CST 2007; Entities affected: User - 1
Action: IMServiceHandler.onServiced; Time: Sat May 12 17:02:22 CST 2007; Entities affected: User - 1, Session - 1
Action: Post SessionUnavailableMessage to User; Time: Sat May 12 17:02:22 CST 2007; Entities affected: User - 1
Action: Remove User From Session; Time: Sat May 12 17:02:22 CST 2007; Entities affected: User - 1
Action: Change User Status to OFFLINE; Time: Sat May 12 17:02:22 CST 2007; Entities affected: User - 1
Action: IMServiceHandler.onServiced; Time: Sat May 12 17:02:22 CST 2007; Entities affected: User - 1, Session - 1
Action: Post SessionUnavailableMessage to User; Time: Sat May 12 17:02:22 CST 2007; Entities affected: User - 1
Action: Remove User From Session; Time: Sat May 12 17:02:22 CST 2007; Entities affected: User - 1
Action: Change User Status to OFFLINE; Time: Sat May 12 17:02:22 CST 2007; Entities affected: User - 1
Action: IMServiceHandler.onServiced; Time: Sat May 12 17:02:22 CST 2007; Entities affected: User - 1, Session - 1
Action: Post SessionUnavailableMessage to User; Time: Sat May 12 17:02:22 CST 2007; Entities affected: User - 1
Action: Remove User From Session; Time: Sat May 12 17:02:22 CST 2007; Entities affected: User - 1
Action: Change User Status to OFFLINE; Time: Sat May 12 17:02:22 CST 2007; Entities affected: User - 1
Action: IMServiceHandler.onServiced; Time: Sat May 12 17:02:22 CST 2007; Entities affected: User - 1, Session - 1
Action: Post SessionUnavailableMessage to User; Time: Sat May 12 17:02:22 CST 2007; Entities affected: User - 1
Action: Remove User From Session; Time: Sat May 12 17:02:22 CST 2007; Entities affected: User - 1
Action: Change User Status to OFFLINE; Time: Sat May 12 17:02:22 CST 2007; Entities affected: User - 1
Action: IMServiceHandler.onServiced; Time: Sat May 12 17:02:22 CST 2007; Entities affected: User - 1, Session - 1
Action: Post SessionUnavailableMessage to User; Time: Sat May 12 17:02:22 CST 2007; Entities affected: User - 1
Action: Remove User From Session; Time: Sat May 12 17:02:22 CST 2007; Entities affected: User - 1
Action: Change User Status to OFFLINE; Time: Sat May 12 17:02:22 CST 2007; Entities affected: User - 1
Action: IMServiceHandler.onServiced; Time: Sat May 12 17:02:22 CST 2007; Entities affected: User - 1, Session - 1
Action: Post SessionUnavailableMessage to User; Time: Sat May 12 17:02:22 CST 2007; Entities affected: User - 1
Action: Remove User From Session; Time: Sat May 12 17:02:22 CST 2007; Entities affected: User - 1
Action: Change User Status to OFFLINE; Time: Sat May 12 17:02:22 CST 2007; Entities affected: User - 1
Action: IMServiceHandler.onServiced; Time: Sat May 12 17:02:22 CST 2007; Entities affected: User - 1, Session - 1
Action: Post SessionUnavailableMessage to User; Time: Sat May 12 17:02:22 CST 2007; Entities affected: User - 1
Action: Remove User From Session; Time: Sat May 12 17:02:22 CST 2007; Entities affected: User - 1
Action: Change User Status to OFFLINE; Time: Sat May 12 17:02:22 CST 2007; Entities affected: User - 1
Action: IMServiceHandler.onServiced; Time: Sat May 12 17:02:22 CST 2007; Entities affected: User - 1, Session - 1
Action: Post SessionUnavailableMessage to User; Time: Sat May 12 17:02:22 CST 2007; Entities affected: User - 1
Action: Remove User From Session; Time: Sat May 12 17:02:22 CST 2007; Entities affected: User - 1
Action: Change User Status to OFFLINE; Time: Sat May 12 17:02:22 CST 2007; Entities affected: User - 1
Action: IMServiceHandler.onServiced; Time: Sat May 12 17:02:22 CST 2007; Entities affected: User - 1, Session - 1
Action: Post SessionUnavailableMessage to User; Time: Sat May 12 17:02:22 CST 2007; Entities affected: User - 1
Action: Remove User From Session; Time: Sat May 12 17:02:22 CST 2007; Entities affected: User - 1
Action: Change User Status to OFFLINE; Time: Sat May 12 17:02:22 CST 2007; Entities affected: User - 1
Action: IMServiceHandler.onServiced; Time: Sat May 12 17:02:22 CST 2007; Entities affected: User - 1, Session - 1
Action: Post SessionUnavailableMessage to User; Time: Sat May 12 17:02:22 CST 2007; Entities affected: User - 1
Action: Remove User From Session; Time: Sat May 12 17:02:22 CST 2007; Entities affected: User - 1
Action: Change User Status to OFFLINE; Time: Sat May 12 17:02:22 CST 2007; Entities affected: User - 1
Action: IMServiceHandler.onServiced; Time: Sat May 12 17:02:22 CST 2007; Entities affected: User - 1, Session - 1
Action: Post SessionUnavailableMessage to User; Time: Sat May 12 17:02:22 CST 2007; Entities affected: User - 1
Action: Remove User From Session; Time: Sat May 12 17:02:22 CST 2007; Entities affected: User - 1
Action: Change User Status to OFFLINE; Time: Sat May 12 17:02:22 CST 2007; Entities affected: User - 1
Action: IMServiceHandler.onServiced; Time: Sat May 12 17:02:22 CST 2007; Entities affected: User - 1, Session - 1
Action: Post SessionUnavailableMessage to User; Time: Sat May 12 17:02:22 CST 2007; Entities affected: User - 1
Action: Remove User From Session; Time: Sat May 12 17:02:22 CST 2007; Entities affected: User - 1
Action: Change User Status to OFFLINE; Time: Sat May 12 17:02:22 CST 2007; Entities affected: User - 1
Action: IMServiceHandler.onServiced; Time: Sat May 12 17:02:22 CST 2007; Entities affected: User - 1, Session - 1
Action: Post SessionUnavailableMessage to User; Time: Sat May 12 17:02:22 CST 2007; Entities affected: User - 1
Action: Remove User From Session; Time: Sat May 12 17:02:22 CST 2007; Entities affected: User - 1
Action: Change User Status to OFFLINE; Time: Sat May 12 17:02:22 CST 2007; Entities affected: User - 1
Action: IMServiceHandler.onServiced; Time: Sat May 12 17:02:22 CST 2007; Entities affected: User - 1, Session - 1
Action: Post SessionUnavailableMessage to User; Time: Sat May 12 17:02:22 CST 2007; Entities affected: User - 1
Action: Remove User From Session; Time: Sat May 12 17:02:22 CST 2007; Entities affected: User - 1
Action: Change User Status to OFFLINE; Time: Sat May 12 17:02:22 CST 2007; Entities affected: User - 1
Action: IMServiceHandler.onServiced; Time: Sat May 12 17:02:22 CST 2007; Entities affected: User - 1, Session - 1
Action: Post SessionUnavailableMessage to User; Time: Sat May 12 17:02:22 CST 2007; Entities affected: User - 1
Action: Remove User From Session; Time: Sat May 12 17:02:22 CST 2007; Entities affected: User - 1
Action: Change User Status to OFFLINE; Time: Sat May 12 17:02:22 CST 2007; Entities affected: User - 1
Action: IMServiceHandler.onServiced; Time: Sat May 12 17:02:22 CST 2007; Entities affected: User - 1, Session - 1
Action: Post SessionUnavailableMessage to User; Time: Sat May 12 17:02:22 CST 2007; Entities affected: User - 1
Action: Remove User From Session; Time: Sat May 12 17:02:22 CST 2007; Entities affected: User - 1
Action: Change User Status to OFFLINE; Time: Sat May 12 17:02:22 CST 2007; Entities affected: User - 1
Action: IMServiceHandler.onServiced; Time: Sat May 12 17:02:22 CST 2007; Entities affected: User - 1, Session - 1
Action: Post SessionUnavailableMessage to User; Time: Sat May 12 17:02:22 CST 2007; Entities affected: User - 1
Action: Remove User From Session; Time: Sat May 12 17:02:22 CST 2007; Entities affected: User - 1
Action: Change User Status to OFFLINE; Time: Sat May 12 17:02:22 CST 2007; Entities affected: User - 1
Action: IMServiceHandler.onServiced; Time: Sat May 12 17:02:22 CST 2007; Entities affected: User - 1, Session - 1
Action: Post SessionUnavailableMessage to User; Time: Sat May 12 17:02:22 CST 2007; Entities affected: User - 1
Action: Remove User From Session; Time: Sat May 12 17:02:22 CST 2007; Entities affected: User - 1
Action: Change User Status to OFFLINE; Time: Sat May 12 17:02:22 CST 2007; Entities affected: User - 1
Action: IMServiceHandler.onServiced; Time: Sat May 12 17:02:22 CST 2007; Entities affected: User - 1, Session - 1
Action: Post SessionUnavailableMessage to User; Time: Sat May 12 17:02:22 CST 2007; Entities affected: User - 1
Action: Remove User From Session; Time: Sat May 12 17:02:22 CST 2007; Entities affected: User - 1
Action: Change User Status to OFFLINE; Time: Sat May 12 17:02:22 CST 2007; Entities affected: User - 1
Action: IMServiceHandler.onServiced; Time: Sat May 12 17:02:22 CST 2007; Entities affected: User - 1, Session - 1
Action: Post SessionUnavailableMessage to User; Time: Sat May 12 17:02:22 CST 2007; Entities affected: User - 1
Action: Remove User From Session; Time: Sat May 12 17:02:22 CST 2007; Entities affected: User - 1
Action: Change User Status to OFFLINE; Time: Sat May 12 17:02:22 CST 2007; Entities affected: User - 1
Action: IMServiceHandler.onServiced; Time: Sat May 12 17:02:22 CST 2007; Entities affected: User - 1, Session - 1
Action: Post SessionUnavailableMessage to User; Time: Sat May 12 17:02:22 CST 2007; Entities affected: User - 1
Action: Remove User From Session; Time: Sat May 12 17:02:22 CST 2007; Entities affected: User - 1
Action: Change User Status to OFFLINE; Time: Sat May 12 17:02:22 CST 2007; Entities affected: User - 1
Action: IMServiceHandler.onServiced; Time: Sat May 12 17:02:22 CST 2007; Entities affected: User - 1, Session - 1
Action: Post SessionUnavailableMessage to User; Time: Sat May 12 17:02:22 CST 2007; Entities affected: User - 1
Action: Remove User From Session; Time: Sat May 12 17:02:22 CST 2007; Entities affected: User - 1
Action: Change User Status to OFFLINE; Time: Sat May 12 17:02:22 CST 2007; Entities affected: User - 1
Action: IMServiceHandler.onServiced; Time: Sat May 12 17:02:22 CST 2007; Entities affected: User - 1, Session - 1
Action: Post SessionUnavailableMessage to User; Time: Sat May 12 17:02:22 CST 2007; Entities affected: User - 1
Action: Remove User From Session; Time: Sat May 12 17:02:22 CST 2007; Entities affected: User - 1
Action: Change User Status to OFFLINE; Time: Sat May 12 17:02:22 CST 2007; Entities affected: User - 1
Action: IMServiceHandler.onServiced; Time: Sat May 12 17:02:22 CST 2007; Entities affected: User - 1, Session - 1
Action: Post SessionUnavailableMessage to User; Time: Sat May 12 17:02:22 CST 2007; Entities affected: User - 1
Action: Remove User From Session; Time: Sat May 12 17:02:22 CST 2007; Entities affected: User - 1
Action: Change User Status to OFFLINE; Time: Sat May 12 17:02:22 CST 2007; Entities affected: User - 1
Action: IMServiceHandler.onServiced; Time: Sat May 12 17:02:22 CST 2007; Entities affected: User - 1, Session - 1
Action: Post SessionUnavailableMessage to User; Time: Sat May 12 17:02:22 CST 2007; Entities affected: User - 1
Action: Remove User From Session; Time: Sat May 12 17:02:22 CST 2007; Entities affected: User - 1
Action: Change User Status to OFFLINE; Time: Sat May 12 17:02:22 CST 2007; Entities affected: User - 1
Action: IMServiceHandler.onServiced; Time: Sat May 12 17:02:22 CST 2007; Entities affected: User - 1, Session - 1
Action: Post SessionUnavailableMessage to User; Time: Sat May 12 17:02:22 CST 2007; Entities affected: User - 1
Action: Remove User From Session; Time: Sat May 12 17:02:22 CST 2007; Entities affected: User - 1
Action: Change User Status to OFFLINE; Time: Sat May 12 17:02:22 CST 2007; Entities affected: User - 1
Action: IMServiceHandler.onServiced; Time: Sat May 12 17:02:22 CST 2007; Entities affected: User - 1, Session - 1
Action: Post SessionUnavailableMessage to User; Time: Sat May 12 17:02:22 CST 2007; Entities affected: User - 1
Action: Remove User From Session; Time: Sat May 12 17:02:22 CST 2007; Entities affected: User - 1
Action: Change User Status to OFFLINE; Time: Sat May 12 17:02:22 CST 2007; Entities affected: User - 1
Action: IMServiceHandler.onServiced; Time: Sat May 12 17:02:22 CST 2007; Entities affected: User - 1, Session - 1
Action: Post SessionUnavailableMessage to User; Time: Sat May 12 17:02:22 CST 2007; Entities affected: User - 1
Action: Remove User From Session; Time: Sat May 12 17:02:22 CST 2007; Entities affected: User - 1
Action: Change User Status to OFFLINE; Time: Sat May 12 17:02:22 CST 2007; Entities affected: User - 1
Action: IMServiceHandler.onServiced; Time: Sat May 12 17:02:22 CST 2007; Entities affected: User - 1, Session - 1
Action: Post SessionUnavailableMessage to User; Time: Sat May 12 17:02:22 CST 2007; Entities affected: User - 1
Action: Remove User From Session; Time: Sat May 12 17:02:22 CST 2007; Entities affected: User - 1
Action: Change User Status to OFFLINE; Time: Sat May 12 17:02:22 CST 2007; Entities affected: User - 1
Action: IMServiceHandler.onServiced; Time: Sat May 12 17:02:22 CST 2007; Entities affected: User - 1, Session - 1
Action: Post SessionUnavailableMessage to User; Time: Sat May 12 17:02:22 CST 2007; Entities affected: User - 1
Action: Remove User From Session; Time: Sat May 12 17:02:22 CST 2007; Entities affected: User - 1
Action: Change User Status to OFFLINE; Time: Sat May 12 17:02:22 CST 2007; Entities affected: User - 1
Action: IMServiceHandler.onServiced; Time: Sat May 12 17:02:22 CST 2007; Entities affected: User - 1, Session - 1
Action: Post SessionUnavailableMessage to User; Time: Sat May 12 17:02:22 CST 2007; Entities affected: User - 1
Action: Remove User From Session; Time: Sat May 12 17:02:22 CST 2007; Entities affected: User - 1
Action: Change User Status to OFFLINE; Time: Sat May 12 17:02:22 CST 2007; Entities affected: User - 1
Action: IMServiceHandler.onServiced; Time: Sat May 12 17:02:22 CST 2007; Entities affected: User - 1, Session - 1
Action: Post SessionUnavailableMessage to User; Time: Sat May 12 17:02:22 CST 2007; Entities affected: User - 1
Action: Remove User From Session; Time: Sat May 12 17:02:22 CST 2007; Entities affected: User - 1
Action: Change User Status to OFFLINE; Time: Sat May 12 17:02:22 CST 2007; Entities affected: User - 1
Action: IMServiceHandler.onServiced; Time: Sat May 12 17:02:22 CST 2007; Entities affected: User - 1, Session - 1
Action: Post SessionUnavailableMessage to User; Time: Sat May 12 17:02:22 CST 2007; Entities affected: User - 1
Action: Remove User From Session; Time: Sat May 12 17:02:22 CST 2007; Entities affected: User - 1
Action: Change User Status to OFFLINE; Time: Sat May 12 17:02:22 CST 2007; Entities affected: User - 1
Action: IMServiceHandler.onServiced; Time: Sat May 12 17:02:22 CST 2007; Entities affected: User - 1, Session - 1
Action: Post SessionUnavailableMessage to User; Time: Sat May 12 17:02:22 CST 2007; Entities affected: User - 1
Action: Remove User From Session; Time: Sat May 12 17:02:22 CST 2007; Entities affected: User - 1
Action: Change User Status to OFFLINE; Time: Sat May 12 17:02:22 CST 2007; Entities affected: User - 1
Action: IMServiceHandler.onServiced; Time: Sat May 12 17:02:22 CST 2007; Entities affected: User - 1, Session - 1
Action: Post SessionUnavailableMessage to User; Time: Sat May 12 17:02:22 CST 2007; Entities affected: User - 1
Action: Remove User From Session; Time: Sat May 12 17:02:22 CST 2007; Entities affected: User - 1
Action: Change User Status to OFFLINE; Time: Sat May 12 17:02:22 CST 2007; Entities affected: User - 1
Action: IMServiceHandler.onServiced; Time: Sat May 12 17:02:22 CST 2007; Entities affected: User - 1, Session - 1
Action: Post SessionUnavailableMessage to User; Time: Sat May 12 17:02:22 CST 2007; Entities affected: User - 1
Action: Remove User From Session; Time: Sat May 12 17:02:22 CST 2007; Entities affected: User - 1
Action: Change User Status to OFFLINE; Time: Sat May 12 17:02:22 CST 2007; Entities affected: User - 1
Action: IMServiceHandler.onServiced; Time: Sat May 12 17:02:22 CST 2007; Entities affected: User - 1, Session - 1
Action: Post SessionUnavailableMessage to User; Time: Sat May 12 17:02:22 CST 2007; Entities affected: User - 1
Action: Remove User From Session; Time: Sat May 12 17:02:22 CST 2007; Entities affected: User - 1
Action: Change User Status to OFFLINE; Time: Sat May 12 17:02:22 CST 2007; Entities affected: User - 1
Action: IMServiceHandler.onServiced; Time: Sat May 12 17:02:22 CST 2007; Entities affected: User - 1, Session - 1
Action: Post SessionUnavailableMessage to User; Time: Sat May 12 17:02:22 CST 2007; Entities affected: User - 1
Action: Remove User From Session; Time: Sat May 12 17:02:22 CST 2007; Entities affected: User - 1
Action: Change User Status to OFFLINE; Time: Sat May 12 17:02:22 CST 2007; Entities affected: User - 1
Action: IMServiceHandler.onServiced; Time: Sat May 12 17:02:22 CST 2007; Entities affected: User - 1, Session - 1
Action: Post SessionUnavailableMessage to User; Time: Sat May 12 17:02:22 CST 2007; Entities affected: User - 1
Action: Remove User From Session; Time: Sat May 12 17:02:22 CST 2007; Entities affected: User - 1
Action: Change User Status to OFFLINE; Time: Sat May 12 17:02:22 CST 2007; Entities affected: User - 1
Action: IMServiceHandler.onServiced; Time: Sat May 12 17:02:22 CST 2007; Entities affected: User - 1, Session - 1
Action: Post SessionUnavailableMessage to User; Time: Sat May 12 17:02:22 CST 2007; Entities affected: User - 1
Action: Remove User From Session; Time: Sat May 12 17:02:22 CST 2007; Entities affected: User - 1
Action: Change User Status to OFFLINE; Time: Sat May 12 17:02:22 CST 2007; Entities affected: User - 1
Action: IMServiceHandler.onServiced; Time: Sat May 12 17:02:22 CST 2007; Entities affected: User - 1, Session - 1
Action: Post SessionUnavailableMessage to User; Time: Sat May 12 17:02:22 CST 2007; Entities affected: User - 1
Action: Remove User From Session; Time: Sat May 12 17:02:22 CST 2007; Entities affected: User - 1
Action: Change User Status to OFFLINE; Time: Sat May 12 17:02:22 CST 2007; Entities affected: User - 1
Action: IMServiceHandler.onServiced; Time: Sat May 12 17:02:22 CST 2007; Entities affected: User - 1, Session - 1
Action: Post SessionUnavailableMessage to User; Time: Sat May 12 17:02:22 CST 2007; Entities affected: User - 1
Action: Remove User From Session; Time: Sat May 12 17:02:22 CST 2007; Entities affected: User - 1
Action: Change User Status to OFFLINE; Time: Sat May 12 17:02:22 CST 2007; Entities affected: User - 1
Action: IMServiceHandler.onServiced; Time: Sat May 12 17:02:22 CST 2007; Entities affected: User - 1, Session - 1
Action: Post SessionUnavailableMessage to User; Time: Sat May 12 17:02:22 CST 2007; Entities affected: User - 1
Action: Remove User From Session; Time: Sat May 12 17:02:22 CST 2007; Entities affected: User - 1
Action: Change User Status to OFFLINE; Time: Sat May 12 17:02:22 CST 2007; Entities affected: User - 1
Action: IMServiceHandler.onServiced; Time: Sat May 12 17:02:22 CST 2007; Entities affected: User - 1, Session - 1
Action: Post SessionUnavailableMessage to User; Time: Sat May 12 17:02:22 CST 2007; Entities affected: User - 1
Action: Remove User From Session; Time: Sat May 12 17:02:22 CST 2007; Entities affected: User - 1
Action: Change User Status to OFFLINE; Time: Sat May 12 17:02:22 CST 2007; Entities affected: User - 1
Action: IMServiceHandler.onServiced; Time: Sat May 12 17:02:22 CST 2007; Entities affected: User - 1, Session - 1
Action: Post SessionUnavailableMessage to User; Time: Sat May 12 17:02:22 CST 2007; Entities affected: User - 1
Action: Remove User From Session; Time: Sat May 12 17:02:22 CST 2007; Entities affected: User - 1
Action: Change User Status to OFFLINE; Time: Sat May 12 17:02:22 CST 2007; Entities affected: User - 1
Action: IMServiceHandler.onServiced; Time: Sat May 12 17:02:22 CST 2007; Entities affected: User - 1, Session - 1
Action: Post SessionUnavailableMessage to User; Time: Sat May 12 17:02:22 CST 2007; Entities affected: User - 1
Action: Remove User From Session; Time: Sat May 12 17:02:22 CST 2007; Entities affected: User - 1
Action: Change User Status to OFFLINE; Time: Sat May 12 17:02:22 CST 2007; Entities affected: User - 1
Action: IMServiceHandler.onServiced; Time: Sat May 12 17:02:22 CST 2007; Entities affected: User - 1, Session - 1
Action: Post SessionUnavailableMessage to User; Time: Sat May 12 17:02:22 CST 2007; Entities affected: User - 1
Action: Remove User From Session; Time: Sat May 12 17:02:22 CST 2007; Entities affected: User - 1
Action: Change User Status to OFFLINE; Time: Sat May 12 17:02:22 CST 2007; Entities affected: User - 1
Action: IMServiceHandler.onServiced; Time: Sat May 12 17:02:22 CST 2007; Entities affected: User - 1, Session - 1
Action: Post SessionUnavailableMessage to User; Time: Sat May 12 17:02:22 CST 2007; Entities affected: User - 1
Action: Remove User From Session; Time: Sat May 12 17:02:22 CST 2007; Entities affected: User - 1
Action: Change User Status to OFFLINE; Time: Sat May 12 17:02:22 CST 2007; Entities affected: User - 1
Action: IMServiceHandler.onServiced; Time: Sat May 12 17:02:22 CST 2007; Entities affected: User - 1, Session - 1
Action: Post SessionUnavailableMessage to User; Time: Sat May 12 17:02:22 CST 2007; Entities affected: User - 1
Action: Remove User From Session; Time: Sat May 12 17:02:22 CST 2007; Entities affected: User - 1
Action: Change User Status to OFFLINE; Time: Sat May 12 17:02:22 CST 2007; Entities affected: User - 1
Action: IMServiceHandler.onServiced; Time: Sat May 12 17:02:22 CST 2007; Entities affected: User - 1, Session - 1
Action: Post SessionUnavailableMessage to User; Time: Sat May 12 17:02:22 CST 2007; Entities affected: User - 1
Action: Remove User From Session; Time: Sat May 12 17:02:22 CST 2007; Entities affected: User - 1
Action: Change User Status to OFFLINE; Time: Sat May 12 17:02:22 CST 2007; Entities affected: User - 1
Action: IMServiceHandler.onServiced; Time: Sat May 12 17:02:22 CST 2007; Entities affected: User - 1, Session - 1
Action: Post SessionUnavailableMessage to User; Time: Sat May 12 17:02:22 CST 2007; Entities affected: User - 1
Action: Remove User From Session; Time: Sat May 12 17:02:22 CST 2007; Entities affected: User - 1
Action: Change User Status to OFFLINE; Time: Sat May 12 17:02:22 CST 2007; Entities affected: User - 1
Action: IMServiceHandler.onServiced; Time: Sat May 12 17:02:22 CST 2007; Entities affected: User - 1, Session - 1
Action: Post SessionUnavailableMessage to User; Time: Sat May 12 17:02:22 CST 2007; Entities affected: User - 1
Action: Remove User From Session; Time: Sat May 12 17:02:22 CST 2007; Entities affected: User - 1
Action: Change User Status to OFFLINE; Time: Sat May 12 17:02:22 CST 2007; Entities affected: User - 1
Action: IMServiceHandler.onServiced; Time: Sat May 12 17:02:22 CST 2007; Entities affected: User - 1, Session - 1
Action: Post SessionUnavailableMessage to User; Time: Sat May 12 17:02:22 CST 2007; Entities affected: User - 1
Action: Remove User From Session; Time: Sat May 12 17:02:22 CST 2007; Entities affected: User - 1
Action: Change User Status to OFFLINE; Time: Sat May 12 17:02:22 CST 2007; Entities affected: User - 1
Action: IMServiceHandler.onServiced; Time: Sat May 12 17:02:22 CST 2007; Entities affected: User - 1, Session - 1
Action: Post SessionUnavailableMessage to User; Time: Sat May 12 17:02:22 CST 2007; Entities affected: User - 1
Action: Remove User From Session; Time: Sat May 12 17:02:22 CST 2007; Entities affected: User - 1
Action: Change User Status to OFFLINE; Time: Sat May 12 17:02:22 CST 2007; Entities affected: User - 1
Action: IMServiceHandler.onServiced; Time: Sat May 12 17:02:22 CST 2007; Entities affected: User - 1, Session - 1
Action: Post SessionUnavailableMessage to User; Time: Sat May 12 17:02:22 CST 2007; Entities affected: User - 1
Action: Remove User From Session; Time: Sat May 12 17:02:22 CST 2007; Entities affected: User - 1
Action: Change User Status to OFFLINE; Time: Sat May 12 17:02:22 CST 2007; Entities affected: User - 1
Action: IMServiceHandler.onServiced; Time: Sat May 12 17:02:22 CST 2007; Entities affected: User - 1, Session - 1
Action: Post SessionUnavailableMessage to User; Time: Sat May 12 17:02:22 CST 2007; Entities affected: User - 1
Action: Remove User From Session; Time: Sat May 12 17:02:22 CST 2007; Entities affected: User - 1
Action: Change User Status to OFFLINE; Time: Sat May 12 17:02:22 CST 2007; Entities affected: User - 1
Action: IMServiceHandler.onServiced; Time: Sat May 12 17:02:22 CST 2007; Entities affected: User - 1, Session - 1
Action: Post SessionUnavailableMessage to User; Time: Sat May 12 17:02:22 CST 2007; Entities affected: User - 1
Action: Remove User From Session; Time: Sat May 12 17:02:22 CST 2007; Entities affected: User - 1
Action: Change User Status to OFFLINE; Time: Sat May 12 17:02:22 CST 2007; Entities affected: User - 1
Action: IMServiceHandler.onServiced; Time: Sat May 12 17:02:22 CST 2007; Entities affected: User - 1, Session - 1
Action: Post SessionUnavailableMessage to User; Time: Sat May 12 17:02:22 CST 2007; Entities affected: User - 1
Action: Remove User From Session; Time: Sat May 12 17:02:22 CST 2007; Entities affected: User - 1
Action: Change User Status to OFFLINE; Time: Sat May 12 17:02:22 CST 2007; Entities affected: User - 1
Action: IMServiceHandler.onServiced; Time: Sat May 12 17:02:22 CST 2007; Entities affected: User - 1, Session - 1
Action: Post SessionUnavailableMessage to User; Time: Sat May 12 17:02:22 CST 2007; Entities affected: User - 1
Action: Remove User From Session; Time: Sat May 12 17:02:22 CST 2007; Entities affected: User - 1
Action: Change User Status to OFFLINE; Time: Sat May 12 17:02:22 CST 2007; Entities affected: User - 1
Action: IMServiceHandler.onServiced; Time: Sat May 12 17:02:22 CST 2007; Entities affected: User - 1, Session - 1
Action: Post SessionUnavailableMessage to User; Time: Sat May 12 17:02:22 CST 2007; Entities affected: User - 1
Action: Remove User From Session; Time: Sat May 12 17:02:22 CST 2007; Entities affected: User - 1
Action: Change User Status to OFFLINE; Time: Sat May 12 17:02:22 CST 2007; Entities affected: User - 1
Action: IMServiceHandler.onServiced; Time: Sat May 12 17:02:22 CST 2007; Entities affected: User - 1, Session - 1
Action: Post SessionUnavailableMessage to User; Time: Sat May 12 17:02:22 CST 2007; Entities affected: User - 1
Action: Remove User From Session; Time: Sat May 12 17:02:22 CST 2007; Entities affected: User - 1
Action: Change User Status to OFFLINE; Time: Sat May 12 17:02:22 CST 2007; Entities affected: User - 1
Action: IMServiceHandler.onServiced; Time: Sat May 12 17:02:22 CST 2007; Entities affected: User - 1, Session - 1
Action: Post SessionUnavailableMessage to User; Time: Sat May 12 17:02:22 CST 2007; Entities affected: User - 1
Action: Remove User From Session; Time: Sat May 12 17:02:22 CST 2007; Entities affected: User - 1
Action: Change User Status to OFFLINE; Time: Sat May 12 17:02:22 CST 2007; Entities affected: User - 1
Action: IMServiceHandler.onServiced; Time: Sat May 12 17:02:22 CST 2007; Entities affected: User - 1, Session - 1
Action: Post SessionUnavailableMessage to User; Time: Sat May 12 17:02:22 CST 2007; Entities affected: User - 1
Action: Remove User From Session; Time: Sat May 12 17:02:22 CST 2007; Entities affected: User - 1
Action: Change User Status to OFFLINE; Time: Sat May 12 17:02:22 CST 2007; Entities affected: User - 1
Action: IMServiceHandler.onServiced; Time: Sat May 12 17:02:22 CST 2007; Entities affected: User - 1, Session - 1
Action: Post SessionUnavailableMessage to User; Time: Sat May 12 17:02:22 CST 2007; Entities affected: User - 1
Action: Remove User From Session; Time: Sat May 12 17:02:22 CST 2007; Entities affected: User - 1
Action: Change User Status to OFFLINE; Time: Sat May 12 17:02:22 CST 2007; Entities affected: User - 1
Action: IMServiceHandler.onServiced; Time: Sat May 12 17:02:22 CST 2007; Entities affected: User - 1, Session - 1
Action: Post SessionUnavailableMessage to User; Time: Sat May 12 17:02:22 CST 2007; Entities affected: User - 1
Action: Remove User From Session; Time: Sat May 12 17:02:22 CST 2007; Entities affected: User - 1
Action: Change User Status to OFFLINE; Time: Sat May 12 17:02:22 CST 2007; Entities affected: User - 1
Action: IMServiceHandler.onServiced; Time: Sat May 12 17:02:22 CST 2007; Entities affected: User - 1, Session - 1
Action: Post SessionUnavailableMessage to User; Time: Sat May 12 17:02:22 CST 2007; Entities affected: User - 1
Action: Remove User From Session; Time: Sat May 12 17:02:22 CST 2007; Entities affected: User - 1
Action: Change User Status to OFFLINE; Time: Sat May 12 17:02:22 CST 2007; Entities affected: User - 1
Action: IMServiceHandler.onServiced; Time: Sat May 12 17:02:22 CST 2007; Entities affected: User - 1, Session - 1
Action: Post SessionUnavailableMessage to User; Time: Sat May 12 17:02:22 CST 2007; Entities affected: User - 1
Action: Remove User From Session; Time: Sat May 12 17:02:22 CST 2007; Entities affected: User - 1
Action: Change User Status to OFFLINE; Time: Sat May 12 17:02:22 CST 2007; Entities affected: User - 1
Action: IMServiceHandler.onServiced; Time: Sat May 12 17:02:22 CST 2007; Entities affected: User - 1, Session - 1
Action: Post SessionUnavailableMessage to User; Time: Sat May 12 17:02:22 CST 2007; Entities affected: User - 1
Action: Remove User From Session; Time: Sat May 12 17:02:22 CST 2007; Entities affected: User - 1
Action: Change User Status to OFFLINE; Time: Sat May 12 17:02:22 CST 2007; Entities affected: User - 1
Action: IMServiceHandler.onServiced; Time: Sat May 12 17:02:22 CST 2007; Entities affected: User - 1, Session - 1
Action: Post SessionUnavailableMessage to User; Time: Sat May 12 17:02:22 CST 2007; Entities affected: User - 1
Action: Remove User From Session; Time: Sat May 12 17:02:22 CST 2007; Entities affected: User - 1
Action: Change User Status to OFFLINE; Time: Sat May 12 17:02:22 CST 2007; Entities affected: User - 1
Action: IMServiceHandler.onServiced; Time: Sat May 12 17:02:22 CST 2007; Entities affected: User - 1, Session - 1
Action: Post SessionUnavailableMessage to User; Time: Sat May 12 17:02:22 CST 2007; Entities affected: User - 1
Action: Remove User From Session; Time: Sat May 12 17:02:22 CST 2007; Entities affected: User - 1
Action: Change User Status to OFFLINE; Time: Sat May 12 17:02:22 CST 2007; Entities affected: User - 1
Action: IMServiceHandler.onServiced; Time: Sat May 12 17:02:22 CST 2007; Entities affected: User - 1, Session - 1
Action: Post SessionUnavailableMessage to User; Time: Sat May 12 17:02:22 CST 2007; Entities affected: User - 1
Action: Remove User From Session; Time: Sat May 12 17:02:22 CST 2007; Entities affected: User - 1
Action: Change User Status to OFFLINE; Time: Sat May 12 17:02:22 CST 2007; Entities affected: User - 1
Action: IMServiceHandler.onServiced; Time: Sat May 12 17:02:22 CST 2007; Entities affected: User - 1, Session - 1
Action: Post SessionUnavailableMessage to User; Time: Sat May 12 17:02:22 CST 2007; Entities affected: User - 1
Action: Remove User From Session; Time: Sat May 12 17:02:22 CST 2007; Entities affected: User - 1
Action: Change User Status to OFFLINE; Time: Sat May 12 17:02:22 CST 2007; Entities affected: User - 1
Action: IMServiceHandler.onServiced; Time: Sat May 12 17:02:22 CST 2007; Entities affected: User - 1, Session - 1
Action: Post SessionUnavailableMessage to User; Time: Sat May 12 17:02:22 CST 2007; Entities affected: User - 1
Action: Remove User From Session; Time: Sat May 12 17:02:22 CST 2007; Entities affected: User - 1
Action: Change User Status to OFFLINE; Time: Sat May 12 17:02:22 CST 2007; Entities affected: User - 1
Action: IMServiceHandler.onServiced; Time: Sat May 12 17:02:22 CST 2007; Entities affected: User - 1, Session - 1
Action: Post SessionUnavailableMessage to User; Time: Sat May 12 17:02:22 CST 2007; Entities affected: User - 1
Action: Remove User From Session; Time: Sat May 12 17:02:22 CST 2007; Entities affected: User - 1
Action: Change User Status to OFFLINE; Time: Sat May 12 17:02:22 CST 2007; Entities affected: User - 1
Action: IMServiceHandler.onServiced; Time: Sat May 12 17:02:22 CST 2007; Entities affected: User - 1, Session - 1
Action: Post SessionUnavailableMessage to User; Time: Sat May 12 17:02:22 CST 2007; Entities affected: User - 1
Action: Remove User From Session; Time: Sat May 12 17:02:22 CST 2007; Entities affected: User - 1
Action: Change User Status to OFFLINE; Time: Sat May 12 17:02:22 CST 2007; Entities affected: User - 1
Action: IMServiceHandler.onServiced; Time: Sat May 12 17:02:22 CST 2007; Entities affected: User - 1, Session - 1
Action: Post SessionUnavailableMessage to User; Time: Sat May 12 17:02:22 CST 2007; Entities affected: User - 1
Action: Remove User From Session; Time: Sat May 12 17:02:22 CST 2007; Entities affected: User - 1
Action: Change User Status to OFFLINE; Time: Sat May 12 17:02:22 CST 2007; Entities affected: User - 1
Action: IMServiceHandler.onServiced; Time: Sat May 12 17:02:22 CST 2007; Entities affected: User - 1, Session - 1
Action: Post SessionUnavailableMessage to User; Time: Sat May 12 17:02:22 CST 2007; Entities affected: User - 1
Action: Remove User From Session; Time: Sat May 12 17:02:22 CST 2007; Entities affected: User - 1
Action: Change User Status to OFFLINE; Time: Sat May 12 17:02:22 CST 2007; Entities affected: User - 1
Action: IMServiceHandler.onServiced; Time: Sat May 12 17:02:22 CST 2007; Entities affected: User - 1, Session - 1
Action: Post SessionUnavailableMessage to User; Time: Sat May 12 17:02:22 CST 2007; Entities affected: User - 1
Action: Remove User From Session; Time: Sat May 12 17:02:22 CST 2007; Entities affected: User - 1
Action: Change User Status to OFFLINE; Time: Sat May 12 17:02:22 CST 2007; Entities affected: User - 1
Action: IMServiceHandler.onServiced; Time: Sat May 12 17:02:22 CST 2007; Entities affected: User - 1, Session - 1
Action: Post SessionUnavailableMessage to User; Time: Sat May 12 17:02:22 CST 2007; Entities affected: User - 1
Action: Remove User From Session; Time: Sat May 12 17:02:22 CST 2007; Entities affected: User - 1
Action: Change User Status to OFFLINE; Time: Sat May 12 17:02:22 CST 2007; Entities affected: User - 1
Action: IMServiceHandler.onServiced; Time: Sat May 12 17:02:22 CST 2007; Entities affected: User - 1, Session - 1
Action: Post SessionUnavailableMessage to User; Time: Sat May 12 17:02:22 CST 2007; Entities affected: User - 1
Action: Remove User From Session; Time: Sat May 12 17:02:22 CST 2007; Entities affected: User - 1
Action: Change User Status to OFFLINE; Time: Sat May 12 17:02:22 CST 2007; Entities affected: User - 1
Action: IMServiceHandler.onServiced; Time: Sat May 12 17:02:22 CST 2007; Entities affected: User - 1, Session - 1
Action: Post SessionUnavailableMessage to User; Time: Sat May 12 17:02:22 CST 2007; Entities affected: User - 1
Action: Remove User From Session; Time: Sat May 12 17:02:22 CST 2007; Entities affected: User - 1
Action: Change User Status to OFFLINE; Time: Sat May 12 17:02:22 CST 2007; Entities affected: User - 1
Action: IMServiceHandler.onServiced; Time: Sat May 12 17:02:22 CST 2007; Entities affected: User - 1, Session - 1
Action: Post SessionUnavailableMessage to User; Time: Sat May 12 17:02:22 CST 2007; Entities affected: User - 1
Action: Remove User From Session; Time: Sat May 12 17:02:22 CST 2007; Entities affected: User - 1
Action: Change User Status to OFFLINE; Time: Sat May 12 17:02:22 CST 2007; Entities affected: User - 1
Action: IMServiceHandler.onServiced; Time: Sat May 12 17:02:22 CST 2007; Entities affected: User - 1, Session - 1
Action: Post SessionUnavailableMessage to User; Time: Sat May 12 17:02:22 CST 2007; Entities affected: User - 1
Action: Remove User From Session; Time: Sat May 12 17:02:22 CST 2007; Entities affected: User - 1
Action: Change User Status to OFFLINE; Time: Sat May 12 17:02:22 CST 2007; Entities affected: User - 1
Action: IMServiceHandler.onServiced; Time: Sat May 12 17:02:22 CST 2007; Entities affected: User - 1, Session - 1
Action: Post SessionUnavailableMessage to User; Time: Sat May 12 17:02:22 CST 2007; Entities affected: User - 1
Action: Remove User From Session; Time: Sat May 12 17:02:22 CST 2007; Entities affected: User - 1
Action: Change User Status to OFFLINE; Time: Sat May 12 17:02:22 CST 2007; Entities affected: User - 1
Action: IMServiceHandler.onServiced; Time: Sat May 12 17:02:22 CST 2007; Entities affected: User - 1, Session - 1
Action: Post SessionUnavailableMessage to User; Time: Sat May 12 17:02:22 CST 2007; Entities affected: User - 1
Action: Remove User From Session; Time: Sat May 12 17:02:22 CST 2007; Entities affected: User - 1
Action: Change User Status to OFFLINE; Time: Sat May 12 17:02:22 CST 2007; Entities affected: User - 1
Action: IMServiceHandler.onServiced; Time: Sat May 12 17:02:22 CST 2007; Entities affected: User - 1, Session - 1
Action: Post SessionUnavailableMessage to User; Time: Sat May 12 17:02:22 CST 2007; Entities affected: User - 1
Action: Remove User From Session; Time: Sat May 12 17:02:22 CST 2007; Entities affected: User - 1
Action: Change User Status to OFFLINE; Time: Sat May 12 17:02:22 CST 2007; Entities affected: User - 1
Action: IMServiceHandler.onServiced; Time: Sat May 12 17:02:22 CST 2007; Entities affected: User - 1, Session - 1
Action: Post SessionUnavailableMessage to User; Time: Sat May 12 17:02:22 CST 2007; Entities affected: User - 1
Action: Remove User From Session; Time: Sat May 12 17:02:22 CST 2007; Entities affected: User - 1
Action: Change User Status to OFFLINE; Time: Sat May 12 17:02:22 CST 2007; Entities affected: User - 1
Action: IMServiceHandler.onServiced; Time: Sat May 12 17:02:22 CST 2007; Entities affected: User - 1, Session - 1
Action: Post SessionUnavailableMessage to User; Time: Sat May 12 17:02:22 CST 2007; Entities affected: User - 1
Action: Remove User From Session; Time: Sat May 12 17:02:22 CST 2007; Entities affected: User - 1
Action: Change User Status to OFFLINE; Time: Sat May 12 17:02:22 CST 2007; Entities affected: User - 1
Action: IMServiceHandler.onServiced; Time: Sat May 12 17:02:22 CST 2007; Entities affected: User - 1, Session - 1
Action: Post SessionUnavailableMessage to User; Time: Sat May 12 17:02:22 CST 2007; Entities affected: User - 1
Action: Remove User From Session; Time: Sat May 12 17:02:22 CST 2007; Entities affected: User - 1
Action: Change User Status to OFFLINE; Time: Sat May 12 17:02:22 CST 2007; Entities affected: User - 1
Action: IMServiceHandler.onServiced; Time: Sat May 12 17:02:22 CST 2007; Entities affected: User - 1, Session - 1
Action: Post SessionUnavailableMessage to User; Time: Sat May 12 17:02:22 CST 2007; Entities affected: User - 1
Action: Remove User From Session; Time: Sat May 12 17:02:22 CST 2007; Entities affected: User - 1
Action: Change User Status to OFFLINE; Time: Sat May 12 17:02:22 CST 2007; Entities affected: User - 1
Action: IMServiceHandler.onServiced; Time: Sat May 12 17:02:22 CST 2007; Entities affected: User - 1, Session - 1
Action: Post SessionUnavailableMessage to User; Time: Sat May 12 17:02:22 CST 2007; Entities affected: User - 1
Action: Remove User From Session; Time: Sat May 12 17:02:22 CST 2007; Entities affected: User - 1
Action: Change User Status to OFFLINE; Time: Sat May 12 17:02:22 CST 2007; Entities affected: User - 1
Executing testonServiced_NoResponder() 100 times takes 47ms
Action: Remove User From Session; Time: Sat May 12 17:02:22 CST 2007; Entities affected: User - 1
Action: Remove Requester; Time: Sat May 12 17:02:22 CST 2007; Entities affected: User - 1
Action: Remove Responder; Time: Sat May 12 17:02:22 CST 2007; Entities affected: User - 1
Action: Remove User From Sessions; Time: Sat May 12 17:02:22 CST 2007; Entities affected: User - 1
Action: Update User Status to be OFFLINE; Time: Sat May 12 17:02:22 CST 2007; Entities affected: User - 1
Action: Remove User From Session; Time: Sat May 12 17:02:22 CST 2007; Entities affected: User - 1
Action: Remove Requester; Time: Sat May 12 17:02:22 CST 2007; Entities affected: User - 1
Action: Remove Responder; Time: Sat May 12 17:02:22 CST 2007; Entities affected: User - 1
Action: Remove User From Sessions; Time: Sat May 12 17:02:22 CST 2007; Entities affected: User - 1
Action: Update User Status to be OFFLINE; Time: Sat May 12 17:02:22 CST 2007; Entities affected: User - 1
Action: Remove User From Session; Time: Sat May 12 17:02:22 CST 2007; Entities affected: User - 1
Action: Remove Requester; Time: Sat May 12 17:02:22 CST 2007; Entities affected: User - 1
Action: Remove Responder; Time: Sat May 12 17:02:22 CST 2007; Entities affected: User - 1
Action: Remove User From Sessions; Time: Sat May 12 17:02:22 CST 2007; Entities affected: User - 1
Action: Update User Status to be OFFLINE; Time: Sat May 12 17:02:22 CST 2007; Entities affected: User - 1
Action: Remove User From Session; Time: Sat May 12 17:02:22 CST 2007; Entities affected: User - 1
Action: Remove Requester; Time: Sat May 12 17:02:22 CST 2007; Entities affected: User - 1
Action: Remove Responder; Time: Sat May 12 17:02:22 CST 2007; Entities affected: User - 1
Action: Remove User From Sessions; Time: Sat May 12 17:02:22 CST 2007; Entities affected: User - 1
Action: Update User Status to be OFFLINE; Time: Sat May 12 17:02:22 CST 2007; Entities affected: User - 1
Action: Remove User From Session; Time: Sat May 12 17:02:22 CST 2007; Entities affected: User - 1
Action: Remove Requester; Time: Sat May 12 17:02:22 CST 2007; Entities affected: User - 1
Action: Remove Responder; Time: Sat May 12 17:02:22 CST 2007; Entities affected: User - 1
Action: Remove User From Sessions; Time: Sat May 12 17:02:22 CST 2007; Entities affected: User - 1
Action: Update User Status to be OFFLINE; Time: Sat May 12 17:02:22 CST 2007; Entities affected: User - 1
Action: Remove User From Session; Time: Sat May 12 17:02:22 CST 2007; Entities affected: User - 1
Action: Remove Requester; Time: Sat May 12 17:02:22 CST 2007; Entities affected: User - 1
Action: Remove Responder; Time: Sat May 12 17:02:22 CST 2007; Entities affected: User - 1
Action: Remove User From Sessions; Time: Sat May 12 17:02:22 CST 2007; Entities affected: User - 1
Action: Update User Status to be OFFLINE; Time: Sat May 12 17:02:22 CST 2007; Entities affected: User - 1
Action: Remove User From Session; Time: Sat May 12 17:02:22 CST 2007; Entities affected: User - 1
Action: Remove Requester; Time: Sat May 12 17:02:22 CST 2007; Entities affected: User - 1
Action: Remove Responder; Time: Sat May 12 17:02:22 CST 2007; Entities affected: User - 1
Action: Remove User From Sessions; Time: Sat May 12 17:02:22 CST 2007; Entities affected: User - 1
Action: Update User Status to be OFFLINE; Time: Sat May 12 17:02:22 CST 2007; Entities affected: User - 1
Action: Remove User From Session; Time: Sat May 12 17:02:22 CST 2007; Entities affected: User - 1
Action: Remove Requester; Time: Sat May 12 17:02:22 CST 2007; Entities affected: User - 1
Action: Remove Responder; Time: Sat May 12 17:02:22 CST 2007; Entities affected: User - 1
Action: Remove User From Sessions; Time: Sat May 12 17:02:22 CST 2007; Entities affected: User - 1
Action: Update User Status to be OFFLINE; Time: Sat May 12 17:02:22 CST 2007; Entities affected: User - 1
Action: Remove User From Session; Time: Sat May 12 17:02:22 CST 2007; Entities affected: User - 1
Action: Remove Requester; Time: Sat May 12 17:02:22 CST 2007; Entities affected: User - 1
Action: Remove Responder; Time: Sat May 12 17:02:22 CST 2007; Entities affected: User - 1
Action: Remove User From Sessions; Time: Sat May 12 17:02:22 CST 2007; Entities affected: User - 1
Action: Update User Status to be OFFLINE; Time: Sat May 12 17:02:22 CST 2007; Entities affected: User - 1
Action: Remove User From Session; Time: Sat May 12 17:02:22 CST 2007; Entities affected: User - 1
Action: Remove Requester; Time: Sat May 12 17:02:22 CST 2007; Entities affected: User - 1
Action: Remove Responder; Time: Sat May 12 17:02:22 CST 2007; Entities affected: User - 1
Action: Remove User From Sessions; Time: Sat May 12 17:02:22 CST 2007; Entities affected: User - 1
Action: Update User Status to be OFFLINE; Time: Sat May 12 17:02:22 CST 2007; Entities affected: User - 1
Action: Remove User From Session; Time: Sat May 12 17:02:22 CST 2007; Entities affected: User - 1
Action: Remove Requester; Time: Sat May 12 17:02:22 CST 2007; Entities affected: User - 1
Action: Remove Responder; Time: Sat May 12 17:02:22 CST 2007; Entities affected: User - 1
Action: Remove User From Sessions; Time: Sat May 12 17:02:22 CST 2007; Entities affected: User - 1
Action: Update User Status to be OFFLINE; Time: Sat May 12 17:02:22 CST 2007; Entities affected: User - 1
Action: Remove User From Session; Time: Sat May 12 17:02:22 CST 2007; Entities affected: User - 1
Action: Remove Requester; Time: Sat May 12 17:02:22 CST 2007; Entities affected: User - 1
Action: Remove Responder; Time: Sat May 12 17:02:22 CST 2007; Entities affected: User - 1
Action: Remove User From Sessions; Time: Sat May 12 17:02:22 CST 2007; Entities affected: User - 1
Action: Update User Status to be OFFLINE; Time: Sat May 12 17:02:22 CST 2007; Entities affected: User - 1
Action: Remove User From Session; Time: Sat May 12 17:02:22 CST 2007; Entities affected: User - 1
Action: Remove Requester; Time: Sat May 12 17:02:22 CST 2007; Entities affected: User - 1
Action: Remove Responder; Time: Sat May 12 17:02:22 CST 2007; Entities affected: User - 1
Action: Remove User From Sessions; Time: Sat May 12 17:02:22 CST 2007; Entities affected: User - 1
Action: Update User Status to be OFFLINE; Time: Sat May 12 17:02:22 CST 2007; Entities affected: User - 1
Action: Remove User From Session; Time: Sat May 12 17:02:22 CST 2007; Entities affected: User - 1
Action: Remove Requester; Time: Sat May 12 17:02:22 CST 2007; Entities affected: User - 1
Action: Remove Responder; Time: Sat May 12 17:02:22 CST 2007; Entities affected: User - 1
Action: Remove User From Sessions; Time: Sat May 12 17:02:22 CST 2007; Entities affected: User - 1
Action: Update User Status to be OFFLINE; Time: Sat May 12 17:02:22 CST 2007; Entities affected: User - 1
Action: Remove User From Session; Time: Sat May 12 17:02:22 CST 2007; Entities affected: User - 1
Action: Remove Requester; Time: Sat May 12 17:02:22 CST 2007; Entities affected: User - 1
Action: Remove Responder; Time: Sat May 12 17:02:22 CST 2007; Entities affected: User - 1
Action: Remove User From Sessions; Time: Sat May 12 17:02:22 CST 2007; Entities affected: User - 1
Action: Update User Status to be OFFLINE; Time: Sat May 12 17:02:22 CST 2007; Entities affected: User - 1
Action: Remove User From Session; Time: Sat May 12 17:02:22 CST 2007; Entities affected: User - 1
Action: Remove Requester; Time: Sat May 12 17:02:22 CST 2007; Entities affected: User - 1
Action: Remove Responder; Time: Sat May 12 17:02:22 CST 2007; Entities affected: User - 1
Action: Remove User From Sessions; Time: Sat May 12 17:02:22 CST 2007; Entities affected: User - 1
Action: Update User Status to be OFFLINE; Time: Sat May 12 17:02:22 CST 2007; Entities affected: User - 1
Action: Remove User From Session; Time: Sat May 12 17:02:22 CST 2007; Entities affected: User - 1
Action: Remove Requester; Time: Sat May 12 17:02:22 CST 2007; Entities affected: User - 1
Action: Remove Responder; Time: Sat May 12 17:02:22 CST 2007; Entities affected: User - 1
Action: Remove User From Sessions; Time: Sat May 12 17:02:22 CST 2007; Entities affected: User - 1
Action: Update User Status to be OFFLINE; Time: Sat May 12 17:02:22 CST 2007; Entities affected: User - 1
Action: Remove User From Session; Time: Sat May 12 17:02:22 CST 2007; Entities affected: User - 1
Action: Remove Requester; Time: Sat May 12 17:02:22 CST 2007; Entities affected: User - 1
Action: Remove Responder; Time: Sat May 12 17:02:22 CST 2007; Entities affected: User - 1
Action: Remove User From Sessions; Time: Sat May 12 17:02:22 CST 2007; Entities affected: User - 1
Action: Update User Status to be OFFLINE; Time: Sat May 12 17:02:22 CST 2007; Entities affected: User - 1
Action: Remove User From Session; Time: Sat May 12 17:02:22 CST 2007; Entities affected: User - 1
Action: Remove Requester; Time: Sat May 12 17:02:22 CST 2007; Entities affected: User - 1
Action: Remove Responder; Time: Sat May 12 17:02:22 CST 2007; Entities affected: User - 1
Action: Remove User From Sessions; Time: Sat May 12 17:02:22 CST 2007; Entities affected: User - 1
Action: Update User Status to be OFFLINE; Time: Sat May 12 17:02:22 CST 2007; Entities affected: User - 1
Action: Remove User From Session; Time: Sat May 12 17:02:22 CST 2007; Entities affected: User - 1
Action: Remove Requester; Time: Sat May 12 17:02:22 CST 2007; Entities affected: User - 1
Action: Remove Responder; Time: Sat May 12 17:02:22 CST 2007; Entities affected: User - 1
Action: Remove User From Sessions; Time: Sat May 12 17:02:22 CST 2007; Entities affected: User - 1
Action: Update User Status to be OFFLINE; Time: Sat May 12 17:02:22 CST 2007; Entities affected: User - 1
Action: Remove User From Session; Time: Sat May 12 17:02:22 CST 2007; Entities affected: User - 1
Action: Remove Requester; Time: Sat May 12 17:02:22 CST 2007; Entities affected: User - 1
Action: Remove Responder; Time: Sat May 12 17:02:22 CST 2007; Entities affected: User - 1
Action: Remove User From Sessions; Time: Sat May 12 17:02:22 CST 2007; Entities affected: User - 1
Action: Update User Status to be OFFLINE; Time: Sat May 12 17:02:22 CST 2007; Entities affected: User - 1
Action: Remove User From Session; Time: Sat May 12 17:02:22 CST 2007; Entities affected: User - 1
Action: Remove Requester; Time: Sat May 12 17:02:22 CST 2007; Entities affected: User - 1
Action: Remove Responder; Time: Sat May 12 17:02:22 CST 2007; Entities affected: User - 1
Action: Remove User From Sessions; Time: Sat May 12 17:02:22 CST 2007; Entities affected: User - 1
Action: Update User Status to be OFFLINE; Time: Sat May 12 17:02:22 CST 2007; Entities affected: User - 1
Action: Remove User From Session; Time: Sat May 12 17:02:22 CST 2007; Entities affected: User - 1
Action: Remove Requester; Time: Sat May 12 17:02:22 CST 2007; Entities affected: User - 1
Action: Remove Responder; Time: Sat May 12 17:02:22 CST 2007; Entities affected: User - 1
Action: Remove User From Sessions; Time: Sat May 12 17:02:22 CST 2007; Entities affected: User - 1
Action: Update User Status to be OFFLINE; Time: Sat May 12 17:02:22 CST 2007; Entities affected: User - 1
Action: Remove User From Session; Time: Sat May 12 17:02:22 CST 2007; Entities affected: User - 1
Action: Remove Requester; Time: Sat May 12 17:02:22 CST 2007; Entities affected: User - 1
Action: Remove Responder; Time: Sat May 12 17:02:22 CST 2007; Entities affected: User - 1
Action: Remove User From Sessions; Time: Sat May 12 17:02:22 CST 2007; Entities affected: User - 1
Action: Update User Status to be OFFLINE; Time: Sat May 12 17:02:22 CST 2007; Entities affected: User - 1
Action: Remove User From Session; Time: Sat May 12 17:02:22 CST 2007; Entities affected: User - 1
Action: Remove Requester; Time: Sat May 12 17:02:22 CST 2007; Entities affected: User - 1
Action: Remove Responder; Time: Sat May 12 17:02:22 CST 2007; Entities affected: User - 1
Action: Remove User From Sessions; Time: Sat May 12 17:02:22 CST 2007; Entities affected: User - 1
Action: Update User Status to be OFFLINE; Time: Sat May 12 17:02:22 CST 2007; Entities affected: User - 1
Action: Remove User From Session; Time: Sat May 12 17:02:22 CST 2007; Entities affected: User - 1
Action: Remove Requester; Time: Sat May 12 17:02:22 CST 2007; Entities affected: User - 1
Action: Remove Responder; Time: Sat May 12 17:02:22 CST 2007; Entities affected: User - 1
Action: Remove User From Sessions; Time: Sat May 12 17:02:22 CST 2007; Entities affected: User - 1
Action: Update User Status to be OFFLINE; Time: Sat May 12 17:02:22 CST 2007; Entities affected: User - 1
Action: Remove User From Session; Time: Sat May 12 17:02:22 CST 2007; Entities affected: User - 1
Action: Remove Requester; Time: Sat May 12 17:02:22 CST 2007; Entities affected: User - 1
Action: Remove Responder; Time: Sat May 12 17:02:22 CST 2007; Entities affected: User - 1
Action: Remove User From Sessions; Time: Sat May 12 17:02:22 CST 2007; Entities affected: User - 1
Action: Update User Status to be OFFLINE; Time: Sat May 12 17:02:22 CST 2007; Entities affected: User - 1
Action: Remove User From Session; Time: Sat May 12 17:02:22 CST 2007; Entities affected: User - 1
Action: Remove Requester; Time: Sat May 12 17:02:22 CST 2007; Entities affected: User - 1
Action: Remove Responder; Time: Sat May 12 17:02:22 CST 2007; Entities affected: User - 1
Action: Remove User From Sessions; Time: Sat May 12 17:02:22 CST 2007; Entities affected: User - 1
Action: Update User Status to be OFFLINE; Time: Sat May 12 17:02:22 CST 2007; Entities affected: User - 1
Action: Remove User From Session; Time: Sat May 12 17:02:22 CST 2007; Entities affected: User - 1
Action: Remove Requester; Time: Sat May 12 17:02:22 CST 2007; Entities affected: User - 1
Action: Remove Responder; Time: Sat May 12 17:02:22 CST 2007; Entities affected: User - 1
Action: Remove User From Sessions; Time: Sat May 12 17:02:22 CST 2007; Entities affected: User - 1
Action: Update User Status to be OFFLINE; Time: Sat May 12 17:02:22 CST 2007; Entities affected: User - 1
Action: Remove User From Session; Time: Sat May 12 17:02:22 CST 2007; Entities affected: User - 1
Action: Remove Requester; Time: Sat May 12 17:02:22 CST 2007; Entities affected: User - 1
Action: Remove Responder; Time: Sat May 12 17:02:22 CST 2007; Entities affected: User - 1
Action: Remove User From Sessions; Time: Sat May 12 17:02:22 CST 2007; Entities affected: User - 1
Action: Update User Status to be OFFLINE; Time: Sat May 12 17:02:22 CST 2007; Entities affected: User - 1
Action: Remove User From Session; Time: Sat May 12 17:02:22 CST 2007; Entities affected: User - 1
Action: Remove Requester; Time: Sat May 12 17:02:22 CST 2007; Entities affected: User - 1
Action: Remove Responder; Time: Sat May 12 17:02:22 CST 2007; Entities affected: User - 1
Action: Remove User From Sessions; Time: Sat May 12 17:02:22 CST 2007; Entities affected: User - 1
Action: Update User Status to be OFFLINE; Time: Sat May 12 17:02:22 CST 2007; Entities affected: User - 1
Action: Remove User From Session; Time: Sat May 12 17:02:22 CST 2007; Entities affected: User - 1
Action: Remove Requester; Time: Sat May 12 17:02:22 CST 2007; Entities affected: User - 1
Action: Remove Responder; Time: Sat May 12 17:02:22 CST 2007; Entities affected: User - 1
Action: Remove User From Sessions; Time: Sat May 12 17:02:22 CST 2007; Entities affected: User - 1
Action: Update User Status to be OFFLINE; Time: Sat May 12 17:02:22 CST 2007; Entities affected: User - 1
Action: Remove User From Session; Time: Sat May 12 17:02:22 CST 2007; Entities affected: User - 1
Action: Remove Requester; Time: Sat May 12 17:02:22 CST 2007; Entities affected: User - 1
Action: Remove Responder; Time: Sat May 12 17:02:22 CST 2007; Entities affected: User - 1
Action: Remove User From Sessions; Time: Sat May 12 17:02:22 CST 2007; Entities affected: User - 1
Action: Update User Status to be OFFLINE; Time: Sat May 12 17:02:22 CST 2007; Entities affected: User - 1
Action: Remove User From Session; Time: Sat May 12 17:02:22 CST 2007; Entities affected: User - 1
Action: Remove Requester; Time: Sat May 12 17:02:22 CST 2007; Entities affected: User - 1
Action: Remove Responder; Time: Sat May 12 17:02:22 CST 2007; Entities affected: User - 1
Action: Remove User From Sessions; Time: Sat May 12 17:02:22 CST 2007; Entities affected: User - 1
Action: Update User Status to be OFFLINE; Time: Sat May 12 17:02:22 CST 2007; Entities affected: User - 1
Action: Remove User From Session; Time: Sat May 12 17:02:22 CST 2007; Entities affected: User - 1
Action: Remove Requester; Time: Sat May 12 17:02:22 CST 2007; Entities affected: User - 1
Action: Remove Responder; Time: Sat May 12 17:02:22 CST 2007; Entities affected: User - 1
Action: Remove User From Sessions; Time: Sat May 12 17:02:22 CST 2007; Entities affected: User - 1
Action: Update User Status to be OFFLINE; Time: Sat May 12 17:02:22 CST 2007; Entities affected: User - 1
Action: Remove User From Session; Time: Sat May 12 17:02:22 CST 2007; Entities affected: User - 1
Action: Remove Requester; Time: Sat May 12 17:02:22 CST 2007; Entities affected: User - 1
Action: Remove Responder; Time: Sat May 12 17:02:22 CST 2007; Entities affected: User - 1
Action: Remove User From Sessions; Time: Sat May 12 17:02:22 CST 2007; Entities affected: User - 1
Action: Update User Status to be OFFLINE; Time: Sat May 12 17:02:22 CST 2007; Entities affected: User - 1
Action: Remove User From Session; Time: Sat May 12 17:02:22 CST 2007; Entities affected: User - 1
Action: Remove Requester; Time: Sat May 12 17:02:22 CST 2007; Entities affected: User - 1
Action: Remove Responder; Time: Sat May 12 17:02:22 CST 2007; Entities affected: User - 1
Action: Remove User From Sessions; Time: Sat May 12 17:02:22 CST 2007; Entities affected: User - 1
Action: Update User Status to be OFFLINE; Time: Sat May 12 17:02:22 CST 2007; Entities affected: User - 1
Action: Remove User From Session; Time: Sat May 12 17:02:22 CST 2007; Entities affected: User - 1
Action: Remove Requester; Time: Sat May 12 17:02:22 CST 2007; Entities affected: User - 1
Action: Remove Responder; Time: Sat May 12 17:02:22 CST 2007; Entities affected: User - 1
Action: Remove User From Sessions; Time: Sat May 12 17:02:22 CST 2007; Entities affected: User - 1
Action: Update User Status to be OFFLINE; Time: Sat May 12 17:02:22 CST 2007; Entities affected: User - 1
Action: Remove User From Session; Time: Sat May 12 17:02:22 CST 2007; Entities affected: User - 1
Action: Remove Requester; Time: Sat May 12 17:02:22 CST 2007; Entities affected: User - 1
Action: Remove Responder; Time: Sat May 12 17:02:22 CST 2007; Entities affected: User - 1
Action: Remove User From Sessions; Time: Sat May 12 17:02:22 CST 2007; Entities affected: User - 1
Action: Update User Status to be OFFLINE; Time: Sat May 12 17:02:22 CST 2007; Entities affected: User - 1
Action: Remove User From Session; Time: Sat May 12 17:02:22 CST 2007; Entities affected: User - 1
Action: Remove Requester; Time: Sat May 12 17:02:22 CST 2007; Entities affected: User - 1
Action: Remove Responder; Time: Sat May 12 17:02:22 CST 2007; Entities affected: User - 1
Action: Remove User From Sessions; Time: Sat May 12 17:02:22 CST 2007; Entities affected: User - 1
Action: Update User Status to be OFFLINE; Time: Sat May 12 17:02:22 CST 2007; Entities affected: User - 1
Action: Remove User From Session; Time: Sat May 12 17:02:22 CST 2007; Entities affected: User - 1
Action: Remove Requester; Time: Sat May 12 17:02:22 CST 2007; Entities affected: User - 1
Action: Remove Responder; Time: Sat May 12 17:02:22 CST 2007; Entities affected: User - 1
Action: Remove User From Sessions; Time: Sat May 12 17:02:22 CST 2007; Entities affected: User - 1
Action: Update User Status to be OFFLINE; Time: Sat May 12 17:02:22 CST 2007; Entities affected: User - 1
Action: Remove User From Session; Time: Sat May 12 17:02:22 CST 2007; Entities affected: User - 1
Action: Remove Requester; Time: Sat May 12 17:02:22 CST 2007; Entities affected: User - 1
Action: Remove Responder; Time: Sat May 12 17:02:22 CST 2007; Entities affected: User - 1
Action: Remove User From Sessions; Time: Sat May 12 17:02:22 CST 2007; Entities affected: User - 1
Action: Update User Status to be OFFLINE; Time: Sat May 12 17:02:22 CST 2007; Entities affected: User - 1
Action: Remove User From Session; Time: Sat May 12 17:02:22 CST 2007; Entities affected: User - 1
Action: Remove Requester; Time: Sat May 12 17:02:22 CST 2007; Entities affected: User - 1
Action: Remove Responder; Time: Sat May 12 17:02:22 CST 2007; Entities affected: User - 1
Action: Remove User From Sessions; Time: Sat May 12 17:02:22 CST 2007; Entities affected: User - 1
Action: Update User Status to be OFFLINE; Time: Sat May 12 17:02:22 CST 2007; Entities affected: User - 1
Action: Remove User From Session; Time: Sat May 12 17:02:22 CST 2007; Entities affected: User - 1
Action: Remove Requester; Time: Sat May 12 17:02:22 CST 2007; Entities affected: User - 1
Action: Remove Responder; Time: Sat May 12 17:02:22 CST 2007; Entities affected: User - 1
Action: Remove User From Sessions; Time: Sat May 12 17:02:22 CST 2007; Entities affected: User - 1
Action: Update User Status to be OFFLINE; Time: Sat May 12 17:02:22 CST 2007; Entities affected: User - 1
Action: Remove User From Session; Time: Sat May 12 17:02:22 CST 2007; Entities affected: User - 1
Action: Remove Requester; Time: Sat May 12 17:02:22 CST 2007; Entities affected: User - 1
Action: Remove Responder; Time: Sat May 12 17:02:22 CST 2007; Entities affected: User - 1
Action: Remove User From Sessions; Time: Sat May 12 17:02:22 CST 2007; Entities affected: User - 1
Action: Update User Status to be OFFLINE; Time: Sat May 12 17:02:22 CST 2007; Entities affected: User - 1
Action: Remove User From Session; Time: Sat May 12 17:02:22 CST 2007; Entities affected: User - 1
Action: Remove Requester; Time: Sat May 12 17:02:22 CST 2007; Entities affected: User - 1
Action: Remove Responder; Time: Sat May 12 17:02:22 CST 2007; Entities affected: User - 1
Action: Remove User From Sessions; Time: Sat May 12 17:02:22 CST 2007; Entities affected: User - 1
Action: Update User Status to be OFFLINE; Time: Sat May 12 17:02:22 CST 2007; Entities affected: User - 1
Action: Remove User From Session; Time: Sat May 12 17:02:22 CST 2007; Entities affected: User - 1
Action: Remove Requester; Time: Sat May 12 17:02:22 CST 2007; Entities affected: User - 1
Action: Remove Responder; Time: Sat May 12 17:02:22 CST 2007; Entities affected: User - 1
Action: Remove User From Sessions; Time: Sat May 12 17:02:22 CST 2007; Entities affected: User - 1
Action: Update User Status to be OFFLINE; Time: Sat May 12 17:02:22 CST 2007; Entities affected: User - 1
Action: Remove User From Session; Time: Sat May 12 17:02:22 CST 2007; Entities affected: User - 1
Action: Remove Requester; Time: Sat May 12 17:02:22 CST 2007; Entities affected: User - 1
Action: Remove Responder; Time: Sat May 12 17:02:22 CST 2007; Entities affected: User - 1
Action: Remove User From Sessions; Time: Sat May 12 17:02:22 CST 2007; Entities affected: User - 1
Action: Update User Status to be OFFLINE; Time: Sat May 12 17:02:22 CST 2007; Entities affected: User - 1
Action: Remove User From Session; Time: Sat May 12 17:02:22 CST 2007; Entities affected: User - 1
Action: Remove Requester; Time: Sat May 12 17:02:22 CST 2007; Entities affected: User - 1
Action: Remove Responder; Time: Sat May 12 17:02:22 CST 2007; Entities affected: User - 1
Action: Remove User From Sessions; Time: Sat May 12 17:02:22 CST 2007; Entities affected: User - 1
Action: Update User Status to be OFFLINE; Time: Sat May 12 17:02:22 CST 2007; Entities affected: User - 1
Action: Remove User From Session; Time: Sat May 12 17:02:22 CST 2007; Entities affected: User - 1
Action: Remove Requester; Time: Sat May 12 17:02:22 CST 2007; Entities affected: User - 1
Action: Remove Responder; Time: Sat May 12 17:02:22 CST 2007; Entities affected: User - 1
Action: Remove User From Sessions; Time: Sat May 12 17:02:22 CST 2007; Entities affected: User - 1
Action: Update User Status to be OFFLINE; Time: Sat May 12 17:02:22 CST 2007; Entities affected: User - 1
Action: Remove User From Session; Time: Sat May 12 17:02:22 CST 2007; Entities affected: User - 1
Action: Remove Requester; Time: Sat May 12 17:02:22 CST 2007; Entities affected: User - 1
Action: Remove Responder; Time: Sat May 12 17:02:22 CST 2007; Entities affected: User - 1
Action: Remove User From Sessions; Time: Sat May 12 17:02:22 CST 2007; Entities affected: User - 1
Action: Update User Status to be OFFLINE; Time: Sat May 12 17:02:22 CST 2007; Entities affected: User - 1
Action: Remove User From Session; Time: Sat May 12 17:02:22 CST 2007; Entities affected: User - 1
Action: Remove Requester; Time: Sat May 12 17:02:22 CST 2007; Entities affected: User - 1
Action: Remove Responder; Time: Sat May 12 17:02:22 CST 2007; Entities affected: User - 1
Action: Remove User From Sessions; Time: Sat May 12 17:02:22 CST 2007; Entities affected: User - 1
Action: Update User Status to be OFFLINE; Time: Sat May 12 17:02:22 CST 2007; Entities affected: User - 1
Action: Remove User From Session; Time: Sat May 12 17:02:22 CST 2007; Entities affected: User - 1
Action: Remove Requester; Time: Sat May 12 17:02:22 CST 2007; Entities affected: User - 1
Action: Remove Responder; Time: Sat May 12 17:02:22 CST 2007; Entities affected: User - 1
Action: Remove User From Sessions; Time: Sat May 12 17:02:22 CST 2007; Entities affected: User - 1
Action: Update User Status to be OFFLINE; Time: Sat May 12 17:02:22 CST 2007; Entities affected: User - 1
Action: Remove User From Session; Time: Sat May 12 17:02:22 CST 2007; Entities affected: User - 1
Action: Remove Requester; Time: Sat May 12 17:02:22 CST 2007; Entities affected: User - 1
Action: Remove Responder; Time: Sat May 12 17:02:22 CST 2007; Entities affected: User - 1
Action: Remove User From Sessions; Time: Sat May 12 17:02:22 CST 2007; Entities affected: User - 1
Action: Update User Status to be OFFLINE; Time: Sat May 12 17:02:22 CST 2007; Entities affected: User - 1
Action: Remove User From Session; Time: Sat May 12 17:02:22 CST 2007; Entities affected: User - 1
Action: Remove Requester; Time: Sat May 12 17:02:22 CST 2007; Entities affected: User - 1
Action: Remove Responder; Time: Sat May 12 17:02:22 CST 2007; Entities affected: User - 1
Action: Remove User From Sessions; Time: Sat May 12 17:02:22 CST 2007; Entities affected: User - 1
Action: Update User Status to be OFFLINE; Time: Sat May 12 17:02:22 CST 2007; Entities affected: User - 1
Action: Remove User From Session; Time: Sat May 12 17:02:22 CST 2007; Entities affected: User - 1
Action: Remove Requester; Time: Sat May 12 17:02:22 CST 2007; Entities affected: User - 1
Action: Remove Responder; Time: Sat May 12 17:02:22 CST 2007; Entities affected: User - 1
Action: Remove User From Sessions; Time: Sat May 12 17:02:22 CST 2007; Entities affected: User - 1
Action: Update User Status to be OFFLINE; Time: Sat May 12 17:02:22 CST 2007; Entities affected: User - 1
Action: Remove User From Session; Time: Sat May 12 17:02:22 CST 2007; Entities affected: User - 1
Action: Remove Requester; Time: Sat May 12 17:02:22 CST 2007; Entities affected: User - 1
Action: Remove Responder; Time: Sat May 12 17:02:22 CST 2007; Entities affected: User - 1
Action: Remove User From Sessions; Time: Sat May 12 17:02:22 CST 2007; Entities affected: User - 1
Action: Update User Status to be OFFLINE; Time: Sat May 12 17:02:22 CST 2007; Entities affected: User - 1
Action: Remove User From Session; Time: Sat May 12 17:02:22 CST 2007; Entities affected: User - 1
Action: Remove Requester; Time: Sat May 12 17:02:22 CST 2007; Entities affected: User - 1
Action: Remove Responder; Time: Sat May 12 17:02:22 CST 2007; Entities affected: User - 1
Action: Remove User From Sessions; Time: Sat May 12 17:02:22 CST 2007; Entities affected: User - 1
Action: Update User Status to be OFFLINE; Time: Sat May 12 17:02:22 CST 2007; Entities affected: User - 1
Action: Remove User From Session; Time: Sat May 12 17:02:22 CST 2007; Entities affected: User - 1
Action: Remove Requester; Time: Sat May 12 17:02:22 CST 2007; Entities affected: User - 1
Action: Remove Responder; Time: Sat May 12 17:02:22 CST 2007; Entities affected: User - 1
Action: Remove User From Sessions; Time: Sat May 12 17:02:22 CST 2007; Entities affected: User - 1
Action: Update User Status to be OFFLINE; Time: Sat May 12 17:02:22 CST 2007; Entities affected: User - 1
Action: Remove User From Session; Time: Sat May 12 17:02:22 CST 2007; Entities affected: User - 1
Action: Remove Requester; Time: Sat May 12 17:02:22 CST 2007; Entities affected: User - 1
Action: Remove Responder; Time: Sat May 12 17:02:22 CST 2007; Entities affected: User - 1
Action: Remove User From Sessions; Time: Sat May 12 17:02:22 CST 2007; Entities affected: User - 1
Action: Update User Status to be OFFLINE; Time: Sat May 12 17:02:22 CST 2007; Entities affected: User - 1
Action: Remove User From Session; Time: Sat May 12 17:02:22 CST 2007; Entities affected: User - 1
Action: Remove Requester; Time: Sat May 12 17:02:22 CST 2007; Entities affected: User - 1
Action: Remove Responder; Time: Sat May 12 17:02:22 CST 2007; Entities affected: User - 1
Action: Remove User From Sessions; Time: Sat May 12 17:02:22 CST 2007; Entities affected: User - 1
Action: Update User Status to be OFFLINE; Time: Sat May 12 17:02:22 CST 2007; Entities affected: User - 1
Action: Remove User From Session; Time: Sat May 12 17:02:22 CST 2007; Entities affected: User - 1
Action: Remove Requester; Time: Sat May 12 17:02:22 CST 2007; Entities affected: User - 1
Action: Remove Responder; Time: Sat May 12 17:02:22 CST 2007; Entities affected: User - 1
Action: Remove User From Sessions; Time: Sat May 12 17:02:22 CST 2007; Entities affected: User - 1
Action: Update User Status to be OFFLINE; Time: Sat May 12 17:02:22 CST 2007; Entities affected: User - 1
Action: Remove User From Session; Time: Sat May 12 17:02:22 CST 2007; Entities affected: User - 1
Action: Remove Requester; Time: Sat May 12 17:02:22 CST 2007; Entities affected: User - 1
Action: Remove Responder; Time: Sat May 12 17:02:22 CST 2007; Entities affected: User - 1
Action: Remove User From Sessions; Time: Sat May 12 17:02:22 CST 2007; Entities affected: User - 1
Action: Update User Status to be OFFLINE; Time: Sat May 12 17:02:22 CST 2007; Entities affected: User - 1
Action: Remove User From Session; Time: Sat May 12 17:02:22 CST 2007; Entities affected: User - 1
Action: Remove Requester; Time: Sat May 12 17:02:22 CST 2007; Entities affected: User - 1
Action: Remove Responder; Time: Sat May 12 17:02:22 CST 2007; Entities affected: User - 1
Action: Remove User From Sessions; Time: Sat May 12 17:02:22 CST 2007; Entities affected: User - 1
Action: Update User Status to be OFFLINE; Time: Sat May 12 17:02:22 CST 2007; Entities affected: User - 1
Action: Remove User From Session; Time: Sat May 12 17:02:22 CST 2007; Entities affected: User - 1
Action: Remove Requester; Time: Sat May 12 17:02:22 CST 2007; Entities affected: User - 1
Action: Remove Responder; Time: Sat May 12 17:02:22 CST 2007; Entities affected: User - 1
Action: Remove User From Sessions; Time: Sat May 12 17:02:22 CST 2007; Entities affected: User - 1
Action: Update User Status to be OFFLINE; Time: Sat May 12 17:02:22 CST 2007; Entities affected: User - 1
Action: Remove User From Session; Time: Sat May 12 17:02:22 CST 2007; Entities affected: User - 1
Action: Remove Requester; Time: Sat May 12 17:02:22 CST 2007; Entities affected: User - 1
Action: Remove Responder; Time: Sat May 12 17:02:22 CST 2007; Entities affected: User - 1
Action: Remove User From Sessions; Time: Sat May 12 17:02:22 CST 2007; Entities affected: User - 1
Action: Update User Status to be OFFLINE; Time: Sat May 12 17:02:22 CST 2007; Entities affected: User - 1
Action: Remove User From Session; Time: Sat May 12 17:02:22 CST 2007; Entities affected: User - 1
Action: Remove Requester; Time: Sat May 12 17:02:22 CST 2007; Entities affected: User - 1
Action: Remove Responder; Time: Sat May 12 17:02:22 CST 2007; Entities affected: User - 1
Action: Remove User From Sessions; Time: Sat May 12 17:02:22 CST 2007; Entities affected: User - 1
Action: Update User Status to be OFFLINE; Time: Sat May 12 17:02:22 CST 2007; Entities affected: User - 1
Action: Remove User From Session; Time: Sat May 12 17:02:22 CST 2007; Entities affected: User - 1
Action: Remove Requester; Time: Sat May 12 17:02:22 CST 2007; Entities affected: User - 1
Action: Remove Responder; Time: Sat May 12 17:02:22 CST 2007; Entities affected: User - 1
Action: Remove User From Sessions; Time: Sat May 12 17:02:22 CST 2007; Entities affected: User - 1
Action: Update User Status to be OFFLINE; Time: Sat May 12 17:02:22 CST 2007; Entities affected: User - 1
Action: Remove User From Session; Time: Sat May 12 17:02:22 CST 2007; Entities affected: User - 1
Action: Remove Requester; Time: Sat May 12 17:02:22 CST 2007; Entities affected: User - 1
Action: Remove Responder; Time: Sat May 12 17:02:22 CST 2007; Entities affected: User - 1
Action: Remove User From Sessions; Time: Sat May 12 17:02:22 CST 2007; Entities affected: User - 1
Action: Update User Status to be OFFLINE; Time: Sat May 12 17:02:22 CST 2007; Entities affected: User - 1
Action: Remove User From Session; Time: Sat May 12 17:02:22 CST 2007; Entities affected: User - 1
Action: Remove Requester; Time: Sat May 12 17:02:22 CST 2007; Entities affected: User - 1
Action: Remove Responder; Time: Sat May 12 17:02:22 CST 2007; Entities affected: User - 1
Action: Remove User From Sessions; Time: Sat May 12 17:02:22 CST 2007; Entities affected: User - 1
Action: Update User Status to be OFFLINE; Time: Sat May 12 17:02:22 CST 2007; Entities affected: User - 1
Action: Remove User From Session; Time: Sat May 12 17:02:22 CST 2007; Entities affected: User - 1
Action: Remove Requester; Time: Sat May 12 17:02:22 CST 2007; Entities affected: User - 1
Action: Remove Responder; Time: Sat May 12 17:02:22 CST 2007; Entities affected: User - 1
Action: Remove User From Sessions; Time: Sat May 12 17:02:22 CST 2007; Entities affected: User - 1
Action: Update User Status to be OFFLINE; Time: Sat May 12 17:02:22 CST 2007; Entities affected: User - 1
Action: Remove User From Session; Time: Sat May 12 17:02:22 CST 2007; Entities affected: User - 1
Action: Remove Requester; Time: Sat May 12 17:02:22 CST 2007; Entities affected: User - 1
Action: Remove Responder; Time: Sat May 12 17:02:22 CST 2007; Entities affected: User - 1
Action: Remove User From Sessions; Time: Sat May 12 17:02:22 CST 2007; Entities affected: User - 1
Action: Update User Status to be OFFLINE; Time: Sat May 12 17:02:22 CST 2007; Entities affected: User - 1
Action: Remove User From Session; Time: Sat May 12 17:02:22 CST 2007; Entities affected: User - 1
Action: Remove Requester; Time: Sat May 12 17:02:22 CST 2007; Entities affected: User - 1
Action: Remove Responder; Time: Sat May 12 17:02:22 CST 2007; Entities affected: User - 1
Action: Remove User From Sessions; Time: Sat May 12 17:02:22 CST 2007; Entities affected: User - 1
Action: Update User Status to be OFFLINE; Time: Sat May 12 17:02:22 CST 2007; Entities affected: User - 1
Action: Remove User From Session; Time: Sat May 12 17:02:22 CST 2007; Entities affected: User - 1
Action: Remove Requester; Time: Sat May 12 17:02:22 CST 2007; Entities affected: User - 1
Action: Remove Responder; Time: Sat May 12 17:02:22 CST 2007; Entities affected: User - 1
Action: Remove User From Sessions; Time: Sat May 12 17:02:22 CST 2007; Entities affected: User - 1
Action: Update User Status to be OFFLINE; Time: Sat May 12 17:02:22 CST 2007; Entities affected: User - 1
Action: Remove User From Session; Time: Sat May 12 17:02:22 CST 2007; Entities affected: User - 1
Action: Remove Requester; Time: Sat May 12 17:02:22 CST 2007; Entities affected: User - 1
Action: Remove Responder; Time: Sat May 12 17:02:22 CST 2007; Entities affected: User - 1
Action: Remove User From Sessions; Time: Sat May 12 17:02:22 CST 2007; Entities affected: User - 1
Action: Update User Status to be OFFLINE; Time: Sat May 12 17:02:22 CST 2007; Entities affected: User - 1
Action: Remove User From Session; Time: Sat May 12 17:02:22 CST 2007; Entities affected: User - 1
Action: Remove Requester; Time: Sat May 12 17:02:22 CST 2007; Entities affected: User - 1
Action: Remove Responder; Time: Sat May 12 17:02:22 CST 2007; Entities affected: User - 1
Action: Remove User From Sessions; Time: Sat May 12 17:02:22 CST 2007; Entities affected: User - 1
Action: Update User Status to be OFFLINE; Time: Sat May 12 17:02:22 CST 2007; Entities affected: User - 1
Action: Remove User From Session; Time: Sat May 12 17:02:22 CST 2007; Entities affected: User - 1
Action: Remove Requester; Time: Sat May 12 17:02:22 CST 2007; Entities affected: User - 1
Action: Remove Responder; Time: Sat May 12 17:02:22 CST 2007; Entities affected: User - 1
Action: Remove User From Sessions; Time: Sat May 12 17:02:22 CST 2007; Entities affected: User - 1
Action: Update User Status to be OFFLINE; Time: Sat May 12 17:02:22 CST 2007; Entities affected: User - 1
Action: Remove User From Session; Time: Sat May 12 17:02:22 CST 2007; Entities affected: User - 1
Action: Remove Requester; Time: Sat May 12 17:02:22 CST 2007; Entities affected: User - 1
Action: Remove Responder; Time: Sat May 12 17:02:22 CST 2007; Entities affected: User - 1
Action: Remove User From Sessions; Time: Sat May 12 17:02:22 CST 2007; Entities affected: User - 1
Action: Update User Status to be OFFLINE; Time: Sat May 12 17:02:22 CST 2007; Entities affected: User - 1
Action: Remove User From Session; Time: Sat May 12 17:02:22 CST 2007; Entities affected: User - 1
Action: Remove Requester; Time: Sat May 12 17:02:22 CST 2007; Entities affected: User - 1
Action: Remove Responder; Time: Sat May 12 17:02:22 CST 2007; Entities affected: User - 1
Action: Remove User From Sessions; Time: Sat May 12 17:02:22 CST 2007; Entities affected: User - 1
Action: Update User Status to be OFFLINE; Time: Sat May 12 17:02:22 CST 2007; Entities affected: User - 1
Action: Remove User From Session; Time: Sat May 12 17:02:22 CST 2007; Entities affected: User - 1
Action: Remove Requester; Time: Sat May 12 17:02:22 CST 2007; Entities affected: User - 1
Action: Remove Responder; Time: Sat May 12 17:02:22 CST 2007; Entities affected: User - 1
Action: Remove User From Sessions; Time: Sat May 12 17:02:22 CST 2007; Entities affected: User - 1
Action: Update User Status to be OFFLINE; Time: Sat May 12 17:02:22 CST 2007; Entities affected: User - 1
Action: Remove User From Session; Time: Sat May 12 17:02:22 CST 2007; Entities affected: User - 1
Action: Remove Requester; Time: Sat May 12 17:02:22 CST 2007; Entities affected: User - 1
Action: Remove Responder; Time: Sat May 12 17:02:22 CST 2007; Entities affected: User - 1
Action: Remove User From Sessions; Time: Sat May 12 17:02:22 CST 2007; Entities affected: User - 1
Action: Update User Status to be OFFLINE; Time: Sat May 12 17:02:22 CST 2007; Entities affected: User - 1
Action: Remove User From Session; Time: Sat May 12 17:02:22 CST 2007; Entities affected: User - 1
Action: Remove Requester; Time: Sat May 12 17:02:22 CST 2007; Entities affected: User - 1
Action: Remove Responder; Time: Sat May 12 17:02:22 CST 2007; Entities affected: User - 1
Action: Remove User From Sessions; Time: Sat May 12 17:02:22 CST 2007; Entities affected: User - 1
Action: Update User Status to be OFFLINE; Time: Sat May 12 17:02:22 CST 2007; Entities affected: User - 1
Action: Remove User From Session; Time: Sat May 12 17:02:22 CST 2007; Entities affected: User - 1
Action: Remove Requester; Time: Sat May 12 17:02:22 CST 2007; Entities affected: User - 1
Action: Remove Responder; Time: Sat May 12 17:02:22 CST 2007; Entities affected: User - 1
Action: Remove User From Sessions; Time: Sat May 12 17:02:22 CST 2007; Entities affected: User - 1
Action: Update User Status to be OFFLINE; Time: Sat May 12 17:02:22 CST 2007; Entities affected: User - 1
Action: Remove User From Session; Time: Sat May 12 17:02:22 CST 2007; Entities affected: User - 1
Action: Remove Requester; Time: Sat May 12 17:02:22 CST 2007; Entities affected: User - 1
Action: Remove Responder; Time: Sat May 12 17:02:22 CST 2007; Entities affected: User - 1
Action: Remove User From Sessions; Time: Sat May 12 17:02:22 CST 2007; Entities affected: User - 1
Action: Update User Status to be OFFLINE; Time: Sat May 12 17:02:22 CST 2007; Entities affected: User - 1
Action: Remove User From Session; Time: Sat May 12 17:02:22 CST 2007; Entities affected: User - 1
Action: Remove Requester; Time: Sat May 12 17:02:22 CST 2007; Entities affected: User - 1
Action: Remove Responder; Time: Sat May 12 17:02:22 CST 2007; Entities affected: User - 1
Action: Remove User From Sessions; Time: Sat May 12 17:02:22 CST 2007; Entities affected: User - 1
Action: Update User Status to be OFFLINE; Time: Sat May 12 17:02:22 CST 2007; Entities affected: User - 1
Action: Remove User From Session; Time: Sat May 12 17:02:22 CST 2007; Entities affected: User - 1
Action: Remove Requester; Time: Sat May 12 17:02:22 CST 2007; Entities affected: User - 1
Action: Remove Responder; Time: Sat May 12 17:02:22 CST 2007; Entities affected: User - 1
Action: Remove User From Sessions; Time: Sat May 12 17:02:22 CST 2007; Entities affected: User - 1
Action: Update User Status to be OFFLINE; Time: Sat May 12 17:02:22 CST 2007; Entities affected: User - 1
Action: Remove User From Session; Time: Sat May 12 17:02:22 CST 2007; Entities affected: User - 1
Action: Remove Requester; Time: Sat May 12 17:02:22 CST 2007; Entities affected: User - 1
Action: Remove Responder; Time: Sat May 12 17:02:22 CST 2007; Entities affected: User - 1
Action: Remove User From Sessions; Time: Sat May 12 17:02:22 CST 2007; Entities affected: User - 1
Action: Update User Status to be OFFLINE; Time: Sat May 12 17:02:22 CST 2007; Entities affected: User - 1
Action: Remove User From Session; Time: Sat May 12 17:02:22 CST 2007; Entities affected: User - 1
Action: Remove Requester; Time: Sat May 12 17:02:22 CST 2007; Entities affected: User - 1
Action: Remove Responder; Time: Sat May 12 17:02:22 CST 2007; Entities affected: User - 1
Action: Remove User From Sessions; Time: Sat May 12 17:02:22 CST 2007; Entities affected: User - 1
Action: Update User Status to be OFFLINE; Time: Sat May 12 17:02:22 CST 2007; Entities affected: User - 1
Action: Remove User From Session; Time: Sat May 12 17:02:22 CST 2007; Entities affected: User - 1
Action: Remove Requester; Time: Sat May 12 17:02:22 CST 2007; Entities affected: User - 1
Action: Remove Responder; Time: Sat May 12 17:02:22 CST 2007; Entities affected: User - 1
Action: Remove User From Sessions; Time: Sat May 12 17:02:22 CST 2007; Entities affected: User - 1
Action: Update User Status to be OFFLINE; Time: Sat May 12 17:02:22 CST 2007; Entities affected: User - 1
Action: Remove User From Session; Time: Sat May 12 17:02:22 CST 2007; Entities affected: User - 1
Action: Remove Requester; Time: Sat May 12 17:02:22 CST 2007; Entities affected: User - 1
Action: Remove Responder; Time: Sat May 12 17:02:22 CST 2007; Entities affected: User - 1
Action: Remove User From Sessions; Time: Sat May 12 17:02:22 CST 2007; Entities affected: User - 1
Action: Update User Status to be OFFLINE; Time: Sat May 12 17:02:22 CST 2007; Entities affected: User - 1
Action: Remove User From Session; Time: Sat May 12 17:02:22 CST 2007; Entities affected: User - 1
Action: Remove Requester; Time: Sat May 12 17:02:22 CST 2007; Entities affected: User - 1
Action: Remove Responder; Time: Sat May 12 17:02:22 CST 2007; Entities affected: User - 1
Action: Remove User From Sessions; Time: Sat May 12 17:02:22 CST 2007; Entities affected: User - 1
Action: Update User Status to be OFFLINE; Time: Sat May 12 17:02:22 CST 2007; Entities affected: User - 1
Action: Remove User From Session; Time: Sat May 12 17:02:22 CST 2007; Entities affected: User - 1
Action: Remove Requester; Time: Sat May 12 17:02:22 CST 2007; Entities affected: User - 1
Action: Remove Responder; Time: Sat May 12 17:02:22 CST 2007; Entities affected: User - 1
Action: Remove User From Sessions; Time: Sat May 12 17:02:22 CST 2007; Entities affected: User - 1
Action: Update User Status to be OFFLINE; Time: Sat May 12 17:02:22 CST 2007; Entities affected: User - 1
Action: Remove User From Session; Time: Sat May 12 17:02:22 CST 2007; Entities affected: User - 1
Action: Remove Requester; Time: Sat May 12 17:02:22 CST 2007; Entities affected: User - 1
Action: Remove Responder; Time: Sat May 12 17:02:22 CST 2007; Entities affected: User - 1
Action: Remove User From Sessions; Time: Sat May 12 17:02:22 CST 2007; Entities affected: User - 1
Action: Update User Status to be OFFLINE; Time: Sat May 12 17:02:22 CST 2007; Entities affected: User - 1
Action: Remove User From Session; Time: Sat May 12 17:02:22 CST 2007; Entities affected: User - 1
Action: Remove Requester; Time: Sat May 12 17:02:22 CST 2007; Entities affected: User - 1
Action: Remove Responder; Time: Sat May 12 17:02:22 CST 2007; Entities affected: User - 1
Action: Remove User From Sessions; Time: Sat May 12 17:02:22 CST 2007; Entities affected: User - 1
Action: Update User Status to be OFFLINE; Time: Sat May 12 17:02:22 CST 2007; Entities affected: User - 1
Action: Remove User From Session; Time: Sat May 12 17:02:22 CST 2007; Entities affected: User - 1
Action: Remove Requester; Time: Sat May 12 17:02:22 CST 2007; Entities affected: User - 1
Action: Remove Responder; Time: Sat May 12 17:02:22 CST 2007; Entities affected: User - 1
Action: Remove User From Sessions; Time: Sat May 12 17:02:22 CST 2007; Entities affected: User - 1
Action: Update User Status to be OFFLINE; Time: Sat May 12 17:02:22 CST 2007; Entities affected: User - 1
Action: Remove User From Session; Time: Sat May 12 17:02:22 CST 2007; Entities affected: User - 1
Action: Remove Requester; Time: Sat May 12 17:02:22 CST 2007; Entities affected: User - 1
Action: Remove Responder; Time: Sat May 12 17:02:22 CST 2007; Entities affected: User - 1
Action: Remove User From Sessions; Time: Sat May 12 17:02:22 CST 2007; Entities affected: User - 1
Action: Update User Status to be OFFLINE; Time: Sat May 12 17:02:22 CST 2007; Entities affected: User - 1
Action: Remove User From Session; Time: Sat May 12 17:02:22 CST 2007; Entities affected: User - 1
Action: Remove Requester; Time: Sat May 12 17:02:22 CST 2007; Entities affected: User - 1
Action: Remove Responder; Time: Sat May 12 17:02:22 CST 2007; Entities affected: User - 1
Action: Remove User From Sessions; Time: Sat May 12 17:02:22 CST 2007; Entities affected: User - 1
Action: Update User Status to be OFFLINE; Time: Sat May 12 17:02:22 CST 2007; Entities affected: User - 1
Action: Remove User From Session; Time: Sat May 12 17:02:22 CST 2007; Entities affected: User - 1
Action: Remove Requester; Time: Sat May 12 17:02:22 CST 2007; Entities affected: User - 1
Action: Remove Responder; Time: Sat May 12 17:02:22 CST 2007; Entities affected: User - 1
Action: Remove User From Sessions; Time: Sat May 12 17:02:22 CST 2007; Entities affected: User - 1
Action: Update User Status to be OFFLINE; Time: Sat May 12 17:02:22 CST 2007; Entities affected: User - 1
Action: Remove User From Session; Time: Sat May 12 17:02:22 CST 2007; Entities affected: User - 1
Action: Remove Requester; Time: Sat May 12 17:02:22 CST 2007; Entities affected: User - 1
Action: Remove Responder; Time: Sat May 12 17:02:22 CST 2007; Entities affected: User - 1
Action: Remove User From Sessions; Time: Sat May 12 17:02:22 CST 2007; Entities affected: User - 1
Action: Update User Status to be OFFLINE; Time: Sat May 12 17:02:22 CST 2007; Entities affected: User - 1
Action: Remove User From Session; Time: Sat May 12 17:02:22 CST 2007; Entities affected: User - 1
Action: Remove Requester; Time: Sat May 12 17:02:22 CST 2007; Entities affected: User - 1
Action: Remove Responder; Time: Sat May 12 17:02:22 CST 2007; Entities affected: User - 1
Action: Remove User From Sessions; Time: Sat May 12 17:02:22 CST 2007; Entities affected: User - 1
Action: Update User Status to be OFFLINE; Time: Sat May 12 17:02:22 CST 2007; Entities affected: User - 1
Executing testMain() 100 times takes 188ms
Executing testStatusChanged_OpenToClose() 100 times takes 15ms
Action: Send EnterChatMessage to All Users; Time: Sat May 12 17:02:23 CST 2007; Entities affected: Session - 0
Action: Register MessagePool for User; Time: Sat May 12 17:02:23 CST 2007; Entities affected: User - 2, Session - 0
Action: Register MessagePool for User; Time: Sat May 12 17:02:23 CST 2007; Entities affected: User - 1, Session - 0
Action: Register MessagePool for User; Time: Sat May 12 17:02:23 CST 2007; Entities affected: User - 123, Session - 0
Action: Register MessagePool for User; Time: Sat May 12 17:02:23 CST 2007; Entities affected: User - 3, Session - 0
Action: Send PresenceMessage to Others; Time: Sat May 12 17:02:23 CST 2007; Entities affected: Session - 0
Action: Send EnterChatMessage to All Users; Time: Sat May 12 17:02:23 CST 2007; Entities affected: Session - 0
Action: Register MessagePool for User; Time: Sat May 12 17:02:23 CST 2007; Entities affected: User - 2, Session - 0
Action: Register MessagePool for User; Time: Sat May 12 17:02:23 CST 2007; Entities affected: User - 1, Session - 0
Action: Register MessagePool for User; Time: Sat May 12 17:02:23 CST 2007; Entities affected: User - 123, Session - 0
Action: Register MessagePool for User; Time: Sat May 12 17:02:23 CST 2007; Entities affected: User - 3, Session - 0
Action: Send PresenceMessage to Others; Time: Sat May 12 17:02:23 CST 2007; Entities affected: Session - 0
Action: Send EnterChatMessage to All Users; Time: Sat May 12 17:02:23 CST 2007; Entities affected: Session - 0
Action: Register MessagePool for User; Time: Sat May 12 17:02:23 CST 2007; Entities affected: User - 2, Session - 0
Action: Register MessagePool for User; Time: Sat May 12 17:02:23 CST 2007; Entities affected: User - 1, Session - 0
Action: Register MessagePool for User; Time: Sat May 12 17:02:23 CST 2007; Entities affected: User - 123, Session - 0
Action: Register MessagePool for User; Time: Sat May 12 17:02:23 CST 2007; Entities affected: User - 3, Session - 0
Action: Send PresenceMessage to Others; Time: Sat May 12 17:02:23 CST 2007; Entities affected: Session - 0
Action: Send EnterChatMessage to All Users; Time: Sat May 12 17:02:23 CST 2007; Entities affected: Session - 0
Action: Register MessagePool for User; Time: Sat May 12 17:02:23 CST 2007; Entities affected: User - 2, Session - 0
Action: Register MessagePool for User; Time: Sat May 12 17:02:23 CST 2007; Entities affected: User - 1, Session - 0
Action: Register MessagePool for User; Time: Sat May 12 17:02:23 CST 2007; Entities affected: User - 123, Session - 0
Action: Register MessagePool for User; Time: Sat May 12 17:02:23 CST 2007; Entities affected: User - 3, Session - 0
Action: Send PresenceMessage to Others; Time: Sat May 12 17:02:23 CST 2007; Entities affected: Session - 0
Action: Send EnterChatMessage to All Users; Time: Sat May 12 17:02:23 CST 2007; Entities affected: Session - 0
Action: Register MessagePool for User; Time: Sat May 12 17:02:23 CST 2007; Entities affected: User - 2, Session - 0
Action: Register MessagePool for User; Time: Sat May 12 17:02:23 CST 2007; Entities affected: User - 1, Session - 0
Action: Register MessagePool for User; Time: Sat May 12 17:02:23 CST 2007; Entities affected: User - 123, Session - 0
Action: Register MessagePool for User; Time: Sat May 12 17:02:23 CST 2007; Entities affected: User - 3, Session - 0
Action: Send PresenceMessage to Others; Time: Sat May 12 17:02:23 CST 2007; Entities affected: Session - 0
Action: Send EnterChatMessage to All Users; Time: Sat May 12 17:02:23 CST 2007; Entities affected: Session - 0
Action: Register MessagePool for User; Time: Sat May 12 17:02:23 CST 2007; Entities affected: User - 2, Session - 0
Action: Register MessagePool for User; Time: Sat May 12 17:02:23 CST 2007; Entities affected: User - 1, Session - 0
Action: Register MessagePool for User; Time: Sat May 12 17:02:23 CST 2007; Entities affected: User - 123, Session - 0
Action: Register MessagePool for User; Time: Sat May 12 17:02:23 CST 2007; Entities affected: User - 3, Session - 0
Action: Send PresenceMessage to Others; Time: Sat May 12 17:02:23 CST 2007; Entities affected: Session - 0
Action: Send EnterChatMessage to All Users; Time: Sat May 12 17:02:23 CST 2007; Entities affected: Session - 0
Action: Register MessagePool for User; Time: Sat May 12 17:02:23 CST 2007; Entities affected: User - 2, Session - 0
Action: Register MessagePool for User; Time: Sat May 12 17:02:23 CST 2007; Entities affected: User - 1, Session - 0
Action: Register MessagePool for User; Time: Sat May 12 17:02:23 CST 2007; Entities affected: User - 123, Session - 0
Action: Register MessagePool for User; Time: Sat May 12 17:02:23 CST 2007; Entities affected: User - 3, Session - 0
Action: Send PresenceMessage to Others; Time: Sat May 12 17:02:23 CST 2007; Entities affected: Session - 0
Action: Send EnterChatMessage to All Users; Time: Sat May 12 17:02:23 CST 2007; Entities affected: Session - 0
Action: Register MessagePool for User; Time: Sat May 12 17:02:23 CST 2007; Entities affected: User - 2, Session - 0
Action: Register MessagePool for User; Time: Sat May 12 17:02:23 CST 2007; Entities affected: User - 1, Session - 0
Action: Register MessagePool for User; Time: Sat May 12 17:02:23 CST 2007; Entities affected: User - 123, Session - 0
Action: Register MessagePool for User; Time: Sat May 12 17:02:23 CST 2007; Entities affected: User - 3, Session - 0
Action: Send PresenceMessage to Others; Time: Sat May 12 17:02:23 CST 2007; Entities affected: Session - 0
Action: Send EnterChatMessage to All Users; Time: Sat May 12 17:02:23 CST 2007; Entities affected: Session - 0
Action: Register MessagePool for User; Time: Sat May 12 17:02:23 CST 2007; Entities affected: User - 2, Session - 0
Action: Register MessagePool for User; Time: Sat May 12 17:02:23 CST 2007; Entities affected: User - 1, Session - 0
Action: Register MessagePool for User; Time: Sat May 12 17:02:23 CST 2007; Entities affected: User - 123, Session - 0
Action: Register MessagePool for User; Time: Sat May 12 17:02:23 CST 2007; Entities affected: User - 3, Session - 0
Action: Send PresenceMessage to Others; Time: Sat May 12 17:02:23 CST 2007; Entities affected: Session - 0
Action: Send EnterChatMessage to All Users; Time: Sat May 12 17:02:23 CST 2007; Entities affected: Session - 0
Action: Register MessagePool for User; Time: Sat May 12 17:02:23 CST 2007; Entities affected: User - 2, Session - 0
Action: Register MessagePool for User; Time: Sat May 12 17:02:23 CST 2007; Entities affected: User - 1, Session - 0
Action: Register MessagePool for User; Time: Sat May 12 17:02:23 CST 2007; Entities affected: User - 123, Session - 0
Action: Register MessagePool for User; Time: Sat May 12 17:02:23 CST 2007; Entities affected: User - 3, Session - 0
Action: Send PresenceMessage to Others; Time: Sat May 12 17:02:23 CST 2007; Entities affected: Session - 0
Action: Send EnterChatMessage to All Users; Time: Sat May 12 17:02:23 CST 2007; Entities affected: Session - 0
Action: Register MessagePool for User; Time: Sat May 12 17:02:23 CST 2007; Entities affected: User - 2, Session - 0
Action: Register MessagePool for User; Time: Sat May 12 17:02:23 CST 2007; Entities affected: User - 1, Session - 0
Action: Register MessagePool for User; Time: Sat May 12 17:02:23 CST 2007; Entities affected: User - 123, Session - 0
Action: Register MessagePool for User; Time: Sat May 12 17:02:23 CST 2007; Entities affected: User - 3, Session - 0
Action: Send PresenceMessage to Others; Time: Sat May 12 17:02:23 CST 2007; Entities affected: Session - 0
Action: Send EnterChatMessage to All Users; Time: Sat May 12 17:02:23 CST 2007; Entities affected: Session - 0
Action: Register MessagePool for User; Time: Sat May 12 17:02:23 CST 2007; Entities affected: User - 2, Session - 0
Action: Register MessagePool for User; Time: Sat May 12 17:02:23 CST 2007; Entities affected: User - 1, Session - 0
Action: Register MessagePool for User; Time: Sat May 12 17:02:23 CST 2007; Entities affected: User - 123, Session - 0
Action: Register MessagePool for User; Time: Sat May 12 17:02:23 CST 2007; Entities affected: User - 3, Session - 0
Action: Send PresenceMessage to Others; Time: Sat May 12 17:02:23 CST 2007; Entities affected: Session - 0
Action: Send EnterChatMessage to All Users; Time: Sat May 12 17:02:23 CST 2007; Entities affected: Session - 0
Action: Register MessagePool for User; Time: Sat May 12 17:02:23 CST 2007; Entities affected: User - 2, Session - 0
Action: Register MessagePool for User; Time: Sat May 12 17:02:23 CST 2007; Entities affected: User - 1, Session - 0
Action: Register MessagePool for User; Time: Sat May 12 17:02:23 CST 2007; Entities affected: User - 123, Session - 0
Action: Register MessagePool for User; Time: Sat May 12 17:02:23 CST 2007; Entities affected: User - 3, Session - 0
Action: Send PresenceMessage to Others; Time: Sat May 12 17:02:23 CST 2007; Entities affected: Session - 0
Action: Send EnterChatMessage to All Users; Time: Sat May 12 17:02:23 CST 2007; Entities affected: Session - 0
Action: Register MessagePool for User; Time: Sat May 12 17:02:23 CST 2007; Entities affected: User - 2, Session - 0
Action: Register MessagePool for User; Time: Sat May 12 17:02:23 CST 2007; Entities affected: User - 1, Session - 0
Action: Register MessagePool for User; Time: Sat May 12 17:02:23 CST 2007; Entities affected: User - 123, Session - 0
Action: Register MessagePool for User; Time: Sat May 12 17:02:23 CST 2007; Entities affected: User - 3, Session - 0
Action: Send PresenceMessage to Others; Time: Sat May 12 17:02:23 CST 2007; Entities affected: Session - 0
Action: Send EnterChatMessage to All Users; Time: Sat May 12 17:02:23 CST 2007; Entities affected: Session - 0
Action: Register MessagePool for User; Time: Sat May 12 17:02:23 CST 2007; Entities affected: User - 2, Session - 0
Action: Register MessagePool for User; Time: Sat May 12 17:02:23 CST 2007; Entities affected: User - 1, Session - 0
Action: Register MessagePool for User; Time: Sat May 12 17:02:23 CST 2007; Entities affected: User - 123, Session - 0
Action: Register MessagePool for User; Time: Sat May 12 17:02:23 CST 2007; Entities affected: User - 3, Session - 0
Action: Send PresenceMessage to Others; Time: Sat May 12 17:02:23 CST 2007; Entities affected: Session - 0
Action: Send EnterChatMessage to All Users; Time: Sat May 12 17:02:23 CST 2007; Entities affected: Session - 0
Action: Register MessagePool for User; Time: Sat May 12 17:02:23 CST 2007; Entities affected: User - 2, Session - 0
Action: Register MessagePool for User; Time: Sat May 12 17:02:23 CST 2007; Entities affected: User - 1, Session - 0
Action: Register MessagePool for User; Time: Sat May 12 17:02:23 CST 2007; Entities affected: User - 123, Session - 0
Action: Register MessagePool for User; Time: Sat May 12 17:02:23 CST 2007; Entities affected: User - 3, Session - 0
Action: Send PresenceMessage to Others; Time: Sat May 12 17:02:23 CST 2007; Entities affected: Session - 0
Action: Send EnterChatMessage to All Users; Time: Sat May 12 17:02:23 CST 2007; Entities affected: Session - 0
Action: Register MessagePool for User; Time: Sat May 12 17:02:23 CST 2007; Entities affected: User - 2, Session - 0
Action: Register MessagePool for User; Time: Sat May 12 17:02:23 CST 2007; Entities affected: User - 1, Session - 0
Action: Register MessagePool for User; Time: Sat May 12 17:02:23 CST 2007; Entities affected: User - 123, Session - 0
Action: Register MessagePool for User; Time: Sat May 12 17:02:23 CST 2007; Entities affected: User - 3, Session - 0
Action: Send PresenceMessage to Others; Time: Sat May 12 17:02:23 CST 2007; Entities affected: Session - 0
Action: Send EnterChatMessage to All Users; Time: Sat May 12 17:02:23 CST 2007; Entities affected: Session - 0
Action: Register MessagePool for User; Time: Sat May 12 17:02:23 CST 2007; Entities affected: User - 2, Session - 0
Action: Register MessagePool for User; Time: Sat May 12 17:02:23 CST 2007; Entities affected: User - 1, Session - 0
Action: Register MessagePool for User; Time: Sat May 12 17:02:23 CST 2007; Entities affected: User - 123, Session - 0
Action: Register MessagePool for User; Time: Sat May 12 17:02:23 CST 2007; Entities affected: User - 3, Session - 0
Action: Send PresenceMessage to Others; Time: Sat May 12 17:02:23 CST 2007; Entities affected: Session - 0
Action: Send EnterChatMessage to All Users; Time: Sat May 12 17:02:23 CST 2007; Entities affected: Session - 0
Action: Register MessagePool for User; Time: Sat May 12 17:02:23 CST 2007; Entities affected: User - 2, Session - 0
Action: Register MessagePool for User; Time: Sat May 12 17:02:23 CST 2007; Entities affected: User - 1, Session - 0
Action: Register MessagePool for User; Time: Sat May 12 17:02:23 CST 2007; Entities affected: User - 123, Session - 0
Action: Register MessagePool for User; Time: Sat May 12 17:02:23 CST 2007; Entities affected: User - 3, Session - 0
Action: Send PresenceMessage to Others; Time: Sat May 12 17:02:23 CST 2007; Entities affected: Session - 0
Action: Send EnterChatMessage to All Users; Time: Sat May 12 17:02:23 CST 2007; Entities affected: Session - 0
Action: Register MessagePool for User; Time: Sat May 12 17:02:23 CST 2007; Entities affected: User - 2, Session - 0
Action: Register MessagePool for User; Time: Sat May 12 17:02:23 CST 2007; Entities affected: User - 1, Session - 0
Action: Register MessagePool for User; Time: Sat May 12 17:02:23 CST 2007; Entities affected: User - 123, Session - 0
Action: Register MessagePool for User; Time: Sat May 12 17:02:23 CST 2007; Entities affected: User - 3, Session - 0
Action: Send PresenceMessage to Others; Time: Sat May 12 17:02:23 CST 2007; Entities affected: Session - 0
Action: Send EnterChatMessage to All Users; Time: Sat May 12 17:02:23 CST 2007; Entities affected: Session - 0
Action: Register MessagePool for User; Time: Sat May 12 17:02:23 CST 2007; Entities affected: User - 2, Session - 0
Action: Register MessagePool for User; Time: Sat May 12 17:02:23 CST 2007; Entities affected: User - 1, Session - 0
Action: Register MessagePool for User; Time: Sat May 12 17:02:23 CST 2007; Entities affected: User - 123, Session - 0
Action: Register MessagePool for User; Time: Sat May 12 17:02:23 CST 2007; Entities affected: User - 3, Session - 0
Action: Send PresenceMessage to Others; Time: Sat May 12 17:02:23 CST 2007; Entities affected: Session - 0
Action: Send EnterChatMessage to All Users; Time: Sat May 12 17:02:23 CST 2007; Entities affected: Session - 0
Action: Register MessagePool for User; Time: Sat May 12 17:02:23 CST 2007; Entities affected: User - 2, Session - 0
Action: Register MessagePool for User; Time: Sat May 12 17:02:23 CST 2007; Entities affected: User - 1, Session - 0
Action: Register MessagePool for User; Time: Sat May 12 17:02:23 CST 2007; Entities affected: User - 123, Session - 0
Action: Register MessagePool for User; Time: Sat May 12 17:02:23 CST 2007; Entities affected: User - 3, Session - 0
Action: Send PresenceMessage to Others; Time: Sat May 12 17:02:23 CST 2007; Entities affected: Session - 0
Action: Send EnterChatMessage to All Users; Time: Sat May 12 17:02:23 CST 2007; Entities affected: Session - 0
Action: Register MessagePool for User; Time: Sat May 12 17:02:23 CST 2007; Entities affected: User - 2, Session - 0
Action: Register MessagePool for User; Time: Sat May 12 17:02:23 CST 2007; Entities affected: User - 1, Session - 0
Action: Register MessagePool for User; Time: Sat May 12 17:02:23 CST 2007; Entities affected: User - 123, Session - 0
Action: Register MessagePool for User; Time: Sat May 12 17:02:23 CST 2007; Entities affected: User - 3, Session - 0
Action: Send PresenceMessage to Others; Time: Sat May 12 17:02:23 CST 2007; Entities affected: Session - 0
Action: Send EnterChatMessage to All Users; Time: Sat May 12 17:02:23 CST 2007; Entities affected: Session - 0
Action: Register MessagePool for User; Time: Sat May 12 17:02:23 CST 2007; Entities affected: User - 2, Session - 0
Action: Register MessagePool for User; Time: Sat May 12 17:02:23 CST 2007; Entities affected: User - 1, Session - 0
Action: Register MessagePool for User; Time: Sat May 12 17:02:23 CST 2007; Entities affected: User - 123, Session - 0
Action: Register MessagePool for User; Time: Sat May 12 17:02:23 CST 2007; Entities affected: User - 3, Session - 0
Action: Send PresenceMessage to Others; Time: Sat May 12 17:02:23 CST 2007; Entities affected: Session - 0
Action: Send EnterChatMessage to All Users; Time: Sat May 12 17:02:23 CST 2007; Entities affected: Session - 0
Action: Register MessagePool for User; Time: Sat May 12 17:02:23 CST 2007; Entities affected: User - 2, Session - 0
Action: Register MessagePool for User; Time: Sat May 12 17:02:23 CST 2007; Entities affected: User - 1, Session - 0
Action: Register MessagePool for User; Time: Sat May 12 17:02:23 CST 2007; Entities affected: User - 123, Session - 0
Action: Register MessagePool for User; Time: Sat May 12 17:02:23 CST 2007; Entities affected: User - 3, Session - 0
Action: Send PresenceMessage to Others; Time: Sat May 12 17:02:23 CST 2007; Entities affected: Session - 0
Action: Send EnterChatMessage to All Users; Time: Sat May 12 17:02:23 CST 2007; Entities affected: Session - 0
Action: Register MessagePool for User; Time: Sat May 12 17:02:23 CST 2007; Entities affected: User - 2, Session - 0
Action: Register MessagePool for User; Time: Sat May 12 17:02:23 CST 2007; Entities affected: User - 1, Session - 0
Action: Register MessagePool for User; Time: Sat May 12 17:02:23 CST 2007; Entities affected: User - 123, Session - 0
Action: Register MessagePool for User; Time: Sat May 12 17:02:23 CST 2007; Entities affected: User - 3, Session - 0
Action: Send PresenceMessage to Others; Time: Sat May 12 17:02:23 CST 2007; Entities affected: Session - 0
Action: Send EnterChatMessage to All Users; Time: Sat May 12 17:02:23 CST 2007; Entities affected: Session - 0
Action: Register MessagePool for User; Time: Sat May 12 17:02:23 CST 2007; Entities affected: User - 2, Session - 0
Action: Register MessagePool for User; Time: Sat May 12 17:02:23 CST 2007; Entities affected: User - 1, Session - 0
Action: Register MessagePool for User; Time: Sat May 12 17:02:23 CST 2007; Entities affected: User - 123, Session - 0
Action: Register MessagePool for User; Time: Sat May 12 17:02:23 CST 2007; Entities affected: User - 3, Session - 0
Action: Send PresenceMessage to Others; Time: Sat May 12 17:02:23 CST 2007; Entities affected: Session - 0
Action: Send EnterChatMessage to All Users; Time: Sat May 12 17:02:23 CST 2007; Entities affected: Session - 0
Action: Register MessagePool for User; Time: Sat May 12 17:02:23 CST 2007; Entities affected: User - 2, Session - 0
Action: Register MessagePool for User; Time: Sat May 12 17:02:23 CST 2007; Entities affected: User - 1, Session - 0
Action: Register MessagePool for User; Time: Sat May 12 17:02:23 CST 2007; Entities affected: User - 123, Session - 0
Action: Register MessagePool for User; Time: Sat May 12 17:02:23 CST 2007; Entities affected: User - 3, Session - 0
Action: Send PresenceMessage to Others; Time: Sat May 12 17:02:23 CST 2007; Entities affected: Session - 0
Action: Send EnterChatMessage to All Users; Time: Sat May 12 17:02:23 CST 2007; Entities affected: Session - 0
Action: Register MessagePool for User; Time: Sat May 12 17:02:23 CST 2007; Entities affected: User - 2, Session - 0
Action: Register MessagePool for User; Time: Sat May 12 17:02:23 CST 2007; Entities affected: User - 1, Session - 0
Action: Register MessagePool for User; Time: Sat May 12 17:02:23 CST 2007; Entities affected: User - 123, Session - 0
Action: Register MessagePool for User; Time: Sat May 12 17:02:23 CST 2007; Entities affected: User - 3, Session - 0
Action: Send PresenceMessage to Others; Time: Sat May 12 17:02:23 CST 2007; Entities affected: Session - 0
Action: Send EnterChatMessage to All Users; Time: Sat May 12 17:02:23 CST 2007; Entities affected: Session - 0
Action: Register MessagePool for User; Time: Sat May 12 17:02:23 CST 2007; Entities affected: User - 2, Session - 0
Action: Register MessagePool for User; Time: Sat May 12 17:02:23 CST 2007; Entities affected: User - 1, Session - 0
Action: Register MessagePool for User; Time: Sat May 12 17:02:23 CST 2007; Entities affected: User - 123, Session - 0
Action: Register MessagePool for User; Time: Sat May 12 17:02:23 CST 2007; Entities affected: User - 3, Session - 0
Action: Send PresenceMessage to Others; Time: Sat May 12 17:02:23 CST 2007; Entities affected: Session - 0
Action: Send EnterChatMessage to All Users; Time: Sat May 12 17:02:23 CST 2007; Entities affected: Session - 0
Action: Register MessagePool for User; Time: Sat May 12 17:02:23 CST 2007; Entities affected: User - 2, Session - 0
Action: Register MessagePool for User; Time: Sat May 12 17:02:23 CST 2007; Entities affected: User - 1, Session - 0
Action: Register MessagePool for User; Time: Sat May 12 17:02:23 CST 2007; Entities affected: User - 123, Session - 0
Action: Register MessagePool for User; Time: Sat May 12 17:02:23 CST 2007; Entities affected: User - 3, Session - 0
Action: Send PresenceMessage to Others; Time: Sat May 12 17:02:23 CST 2007; Entities affected: Session - 0
Action: Send EnterChatMessage to All Users; Time: Sat May 12 17:02:23 CST 2007; Entities affected: Session - 0
Action: Register MessagePool for User; Time: Sat May 12 17:02:23 CST 2007; Entities affected: User - 2, Session - 0
Action: Register MessagePool for User; Time: Sat May 12 17:02:23 CST 2007; Entities affected: User - 1, Session - 0
Action: Register MessagePool for User; Time: Sat May 12 17:02:23 CST 2007; Entities affected: User - 123, Session - 0
Action: Register MessagePool for User; Time: Sat May 12 17:02:23 CST 2007; Entities affected: User - 3, Session - 0
Action: Send PresenceMessage to Others; Time: Sat May 12 17:02:23 CST 2007; Entities affected: Session - 0
Action: Send EnterChatMessage to All Users; Time: Sat May 12 17:02:23 CST 2007; Entities affected: Session - 0
Action: Register MessagePool for User; Time: Sat May 12 17:02:23 CST 2007; Entities affected: User - 2, Session - 0
Action: Register MessagePool for User; Time: Sat May 12 17:02:23 CST 2007; Entities affected: User - 1, Session - 0
Action: Register MessagePool for User; Time: Sat May 12 17:02:23 CST 2007; Entities affected: User - 123, Session - 0
Action: Register MessagePool for User; Time: Sat May 12 17:02:23 CST 2007; Entities affected: User - 3, Session - 0
Action: Send PresenceMessage to Others; Time: Sat May 12 17:02:23 CST 2007; Entities affected: Session - 0
Action: Send EnterChatMessage to All Users; Time: Sat May 12 17:02:23 CST 2007; Entities affected: Session - 0
Action: Register MessagePool for User; Time: Sat May 12 17:02:23 CST 2007; Entities affected: User - 2, Session - 0
Action: Register MessagePool for User; Time: Sat May 12 17:02:23 CST 2007; Entities affected: User - 1, Session - 0
Action: Register MessagePool for User; Time: Sat May 12 17:02:23 CST 2007; Entities affected: User - 123, Session - 0
Action: Register MessagePool for User; Time: Sat May 12 17:02:23 CST 2007; Entities affected: User - 3, Session - 0
Action: Send PresenceMessage to Others; Time: Sat May 12 17:02:23 CST 2007; Entities affected: Session - 0
Action: Send EnterChatMessage to All Users; Time: Sat May 12 17:02:23 CST 2007; Entities affected: Session - 0
Action: Register MessagePool for User; Time: Sat May 12 17:02:23 CST 2007; Entities affected: User - 2, Session - 0
Action: Register MessagePool for User; Time: Sat May 12 17:02:23 CST 2007; Entities affected: User - 1, Session - 0
Action: Register MessagePool for User; Time: Sat May 12 17:02:23 CST 2007; Entities affected: User - 123, Session - 0
Action: Register MessagePool for User; Time: Sat May 12 17:02:23 CST 2007; Entities affected: User - 3, Session - 0
Action: Send PresenceMessage to Others; Time: Sat May 12 17:02:23 CST 2007; Entities affected: Session - 0
Action: Send EnterChatMessage to All Users; Time: Sat May 12 17:02:23 CST 2007; Entities affected: Session - 0
Action: Register MessagePool for User; Time: Sat May 12 17:02:23 CST 2007; Entities affected: User - 2, Session - 0
Action: Register MessagePool for User; Time: Sat May 12 17:02:23 CST 2007; Entities affected: User - 1, Session - 0
Action: Register MessagePool for User; Time: Sat May 12 17:02:23 CST 2007; Entities affected: User - 123, Session - 0
Action: Register MessagePool for User; Time: Sat May 12 17:02:23 CST 2007; Entities affected: User - 3, Session - 0
Action: Send PresenceMessage to Others; Time: Sat May 12 17:02:23 CST 2007; Entities affected: Session - 0
Action: Send EnterChatMessage to All Users; Time: Sat May 12 17:02:23 CST 2007; Entities affected: Session - 0
Action: Register MessagePool for User; Time: Sat May 12 17:02:23 CST 2007; Entities affected: User - 2, Session - 0
Action: Register MessagePool for User; Time: Sat May 12 17:02:23 CST 2007; Entities affected: User - 1, Session - 0
Action: Register MessagePool for User; Time: Sat May 12 17:02:23 CST 2007; Entities affected: User - 123, Session - 0
Action: Register MessagePool for User; Time: Sat May 12 17:02:23 CST 2007; Entities affected: User - 3, Session - 0
Action: Send PresenceMessage to Others; Time: Sat May 12 17:02:23 CST 2007; Entities affected: Session - 0
Action: Send EnterChatMessage to All Users; Time: Sat May 12 17:02:23 CST 2007; Entities affected: Session - 0
Action: Register MessagePool for User; Time: Sat May 12 17:02:23 CST 2007; Entities affected: User - 2, Session - 0
Action: Register MessagePool for User; Time: Sat May 12 17:02:23 CST 2007; Entities affected: User - 1, Session - 0
Action: Register MessagePool for User; Time: Sat May 12 17:02:23 CST 2007; Entities affected: User - 123, Session - 0
Action: Register MessagePool for User; Time: Sat May 12 17:02:23 CST 2007; Entities affected: User - 3, Session - 0
Action: Send PresenceMessage to Others; Time: Sat May 12 17:02:23 CST 2007; Entities affected: Session - 0
Action: Send EnterChatMessage to All Users; Time: Sat May 12 17:02:23 CST 2007; Entities affected: Session - 0
Action: Register MessagePool for User; Time: Sat May 12 17:02:23 CST 2007; Entities affected: User - 2, Session - 0
Action: Register MessagePool for User; Time: Sat May 12 17:02:23 CST 2007; Entities affected: User - 1, Session - 0
Action: Register MessagePool for User; Time: Sat May 12 17:02:23 CST 2007; Entities affected: User - 123, Session - 0
Action: Register MessagePool for User; Time: Sat May 12 17:02:23 CST 2007; Entities affected: User - 3, Session - 0
Action: Send PresenceMessage to Others; Time: Sat May 12 17:02:23 CST 2007; Entities affected: Session - 0
Action: Send EnterChatMessage to All Users; Time: Sat May 12 17:02:23 CST 2007; Entities affected: Session - 0
Action: Register MessagePool for User; Time: Sat May 12 17:02:23 CST 2007; Entities affected: User - 2, Session - 0
Action: Register MessagePool for User; Time: Sat May 12 17:02:23 CST 2007; Entities affected: User - 1, Session - 0
Action: Register MessagePool for User; Time: Sat May 12 17:02:23 CST 2007; Entities affected: User - 123, Session - 0
Action: Register MessagePool for User; Time: Sat May 12 17:02:23 CST 2007; Entities affected: User - 3, Session - 0
Action: Send PresenceMessage to Others; Time: Sat May 12 17:02:23 CST 2007; Entities affected: Session - 0
Action: Send EnterChatMessage to All Users; Time: Sat May 12 17:02:23 CST 2007; Entities affected: Session - 0
Action: Register MessagePool for User; Time: Sat May 12 17:02:23 CST 2007; Entities affected: User - 2, Session - 0
Action: Register MessagePool for User; Time: Sat May 12 17:02:23 CST 2007; Entities affected: User - 1, Session - 0
Action: Register MessagePool for User; Time: Sat May 12 17:02:23 CST 2007; Entities affected: User - 123, Session - 0
Action: Register MessagePool for User; Time: Sat May 12 17:02:23 CST 2007; Entities affected: User - 3, Session - 0
Action: Send PresenceMessage to Others; Time: Sat May 12 17:02:23 CST 2007; Entities affected: Session - 0
Action: Send EnterChatMessage to All Users; Time: Sat May 12 17:02:23 CST 2007; Entities affected: Session - 0
Action: Register MessagePool for User; Time: Sat May 12 17:02:23 CST 2007; Entities affected: User - 2, Session - 0
Action: Register MessagePool for User; Time: Sat May 12 17:02:23 CST 2007; Entities affected: User - 1, Session - 0
Action: Register MessagePool for User; Time: Sat May 12 17:02:23 CST 2007; Entities affected: User - 123, Session - 0
Action: Register MessagePool for User; Time: Sat May 12 17:02:23 CST 2007; Entities affected: User - 3, Session - 0
Action: Send PresenceMessage to Others; Time: Sat May 12 17:02:23 CST 2007; Entities affected: Session - 0
Action: Send EnterChatMessage to All Users; Time: Sat May 12 17:02:23 CST 2007; Entities affected: Session - 0
Action: Register MessagePool for User; Time: Sat May 12 17:02:23 CST 2007; Entities affected: User - 2, Session - 0
Action: Register MessagePool for User; Time: Sat May 12 17:02:23 CST 2007; Entities affected: User - 1, Session - 0
Action: Register MessagePool for User; Time: Sat May 12 17:02:23 CST 2007; Entities affected: User - 123, Session - 0
Action: Register MessagePool for User; Time: Sat May 12 17:02:23 CST 2007; Entities affected: User - 3, Session - 0
Action: Send PresenceMessage to Others; Time: Sat May 12 17:02:23 CST 2007; Entities affected: Session - 0
Action: Send EnterChatMessage to All Users; Time: Sat May 12 17:02:23 CST 2007; Entities affected: Session - 0
Action: Register MessagePool for User; Time: Sat May 12 17:02:23 CST 2007; Entities affected: User - 2, Session - 0
Action: Register MessagePool for User; Time: Sat May 12 17:02:23 CST 2007; Entities affected: User - 1, Session - 0
Action: Register MessagePool for User; Time: Sat May 12 17:02:23 CST 2007; Entities affected: User - 123, Session - 0
Action: Register MessagePool for User; Time: Sat May 12 17:02:23 CST 2007; Entities affected: User - 3, Session - 0
Action: Send PresenceMessage to Others; Time: Sat May 12 17:02:23 CST 2007; Entities affected: Session - 0
Action: Send EnterChatMessage to All Users; Time: Sat May 12 17:02:23 CST 2007; Entities affected: Session - 0
Action: Register MessagePool for User; Time: Sat May 12 17:02:23 CST 2007; Entities affected: User - 2, Session - 0
Action: Register MessagePool for User; Time: Sat May 12 17:02:23 CST 2007; Entities affected: User - 1, Session - 0
Action: Register MessagePool for User; Time: Sat May 12 17:02:23 CST 2007; Entities affected: User - 123, Session - 0
Action: Register MessagePool for User; Time: Sat May 12 17:02:23 CST 2007; Entities affected: User - 3, Session - 0
Action: Send PresenceMessage to Others; Time: Sat May 12 17:02:23 CST 2007; Entities affected: Session - 0
Action: Send EnterChatMessage to All Users; Time: Sat May 12 17:02:23 CST 2007; Entities affected: Session - 0
Action: Register MessagePool for User; Time: Sat May 12 17:02:23 CST 2007; Entities affected: User - 2, Session - 0
Action: Register MessagePool for User; Time: Sat May 12 17:02:23 CST 2007; Entities affected: User - 1, Session - 0
Action: Register MessagePool for User; Time: Sat May 12 17:02:23 CST 2007; Entities affected: User - 123, Session - 0
Action: Register MessagePool for User; Time: Sat May 12 17:02:23 CST 2007; Entities affected: User - 3, Session - 0
Action: Send PresenceMessage to Others; Time: Sat May 12 17:02:23 CST 2007; Entities affected: Session - 0
Action: Send EnterChatMessage to All Users; Time: Sat May 12 17:02:23 CST 2007; Entities affected: Session - 0
Action: Register MessagePool for User; Time: Sat May 12 17:02:23 CST 2007; Entities affected: User - 2, Session - 0
Action: Register MessagePool for User; Time: Sat May 12 17:02:23 CST 2007; Entities affected: User - 1, Session - 0
Action: Register MessagePool for User; Time: Sat May 12 17:02:23 CST 2007; Entities affected: User - 123, Session - 0
Action: Register MessagePool for User; Time: Sat May 12 17:02:23 CST 2007; Entities affected: User - 3, Session - 0
Action: Send PresenceMessage to Others; Time: Sat May 12 17:02:23 CST 2007; Entities affected: Session - 0
Action: Send EnterChatMessage to All Users; Time: Sat May 12 17:02:23 CST 2007; Entities affected: Session - 0
Action: Register MessagePool for User; Time: Sat May 12 17:02:23 CST 2007; Entities affected: User - 2, Session - 0
Action: Register MessagePool for User; Time: Sat May 12 17:02:23 CST 2007; Entities affected: User - 1, Session - 0
Action: Register MessagePool for User; Time: Sat May 12 17:02:23 CST 2007; Entities affected: User - 123, Session - 0
Action: Register MessagePool for User; Time: Sat May 12 17:02:23 CST 2007; Entities affected: User - 3, Session - 0
Action: Send PresenceMessage to Others; Time: Sat May 12 17:02:23 CST 2007; Entities affected: Session - 0
Action: Send EnterChatMessage to All Users; Time: Sat May 12 17:02:23 CST 2007; Entities affected: Session - 0
Action: Register MessagePool for User; Time: Sat May 12 17:02:23 CST 2007; Entities affected: User - 2, Session - 0
Action: Register MessagePool for User; Time: Sat May 12 17:02:23 CST 2007; Entities affected: User - 1, Session - 0
Action: Register MessagePool for User; Time: Sat May 12 17:02:23 CST 2007; Entities affected: User - 123, Session - 0
Action: Register MessagePool for User; Time: Sat May 12 17:02:23 CST 2007; Entities affected: User - 3, Session - 0
Action: Send PresenceMessage to Others; Time: Sat May 12 17:02:23 CST 2007; Entities affected: Session - 0
Action: Send EnterChatMessage to All Users; Time: Sat May 12 17:02:23 CST 2007; Entities affected: Session - 0
Action: Register MessagePool for User; Time: Sat May 12 17:02:23 CST 2007; Entities affected: User - 2, Session - 0
Action: Register MessagePool for User; Time: Sat May 12 17:02:23 CST 2007; Entities affected: User - 1, Session - 0
Action: Register MessagePool for User; Time: Sat May 12 17:02:23 CST 2007; Entities affected: User - 123, Session - 0
Action: Register MessagePool for User; Time: Sat May 12 17:02:23 CST 2007; Entities affected: User - 3, Session - 0
Action: Send PresenceMessage to Others; Time: Sat May 12 17:02:23 CST 2007; Entities affected: Session - 0
Action: Send EnterChatMessage to All Users; Time: Sat May 12 17:02:23 CST 2007; Entities affected: Session - 0
Action: Register MessagePool for User; Time: Sat May 12 17:02:23 CST 2007; Entities affected: User - 2, Session - 0
Action: Register MessagePool for User; Time: Sat May 12 17:02:23 CST 2007; Entities affected: User - 1, Session - 0
Action: Register MessagePool for User; Time: Sat May 12 17:02:23 CST 2007; Entities affected: User - 123, Session - 0
Action: Register MessagePool for User; Time: Sat May 12 17:02:23 CST 2007; Entities affected: User - 3, Session - 0
Action: Send PresenceMessage to Others; Time: Sat May 12 17:02:23 CST 2007; Entities affected: Session - 0
Action: Send EnterChatMessage to All Users; Time: Sat May 12 17:02:23 CST 2007; Entities affected: Session - 0
Action: Register MessagePool for User; Time: Sat May 12 17:02:23 CST 2007; Entities affected: User - 2, Session - 0
Action: Register MessagePool for User; Time: Sat May 12 17:02:23 CST 2007; Entities affected: User - 1, Session - 0
Action: Register MessagePool for User; Time: Sat May 12 17:02:23 CST 2007; Entities affected: User - 123, Session - 0
Action: Register MessagePool for User; Time: Sat May 12 17:02:23 CST 2007; Entities affected: User - 3, Session - 0
Action: Send PresenceMessage to Others; Time: Sat May 12 17:02:23 CST 2007; Entities affected: Session - 0
Action: Send EnterChatMessage to All Users; Time: Sat May 12 17:02:23 CST 2007; Entities affected: Session - 0
Action: Register MessagePool for User; Time: Sat May 12 17:02:23 CST 2007; Entities affected: User - 2, Session - 0
Action: Register MessagePool for User; Time: Sat May 12 17:02:23 CST 2007; Entities affected: User - 1, Session - 0
Action: Register MessagePool for User; Time: Sat May 12 17:02:23 CST 2007; Entities affected: User - 123, Session - 0
Action: Register MessagePool for User; Time: Sat May 12 17:02:23 CST 2007; Entities affected: User - 3, Session - 0
Action: Send PresenceMessage to Others; Time: Sat May 12 17:02:23 CST 2007; Entities affected: Session - 0
Action: Send EnterChatMessage to All Users; Time: Sat May 12 17:02:23 CST 2007; Entities affected: Session - 0
Action: Register MessagePool for User; Time: Sat May 12 17:02:23 CST 2007; Entities affected: User - 2, Session - 0
Action: Register MessagePool for User; Time: Sat May 12 17:02:23 CST 2007; Entities affected: User - 1, Session - 0
Action: Register MessagePool for User; Time: Sat May 12 17:02:23 CST 2007; Entities affected: User - 123, Session - 0
Action: Register MessagePool for User; Time: Sat May 12 17:02:23 CST 2007; Entities affected: User - 3, Session - 0
Action: Send PresenceMessage to Others; Time: Sat May 12 17:02:23 CST 2007; Entities affected: Session - 0
Action: Send EnterChatMessage to All Users; Time: Sat May 12 17:02:23 CST 2007; Entities affected: Session - 0
Action: Register MessagePool for User; Time: Sat May 12 17:02:23 CST 2007; Entities affected: User - 2, Session - 0
Action: Register MessagePool for User; Time: Sat May 12 17:02:23 CST 2007; Entities affected: User - 1, Session - 0
Action: Register MessagePool for User; Time: Sat May 12 17:02:23 CST 2007; Entities affected: User - 123, Session - 0
Action: Register MessagePool for User; Time: Sat May 12 17:02:23 CST 2007; Entities affected: User - 3, Session - 0
Action: Send PresenceMessage to Others; Time: Sat May 12 17:02:23 CST 2007; Entities affected: Session - 0
Action: Send EnterChatMessage to All Users; Time: Sat May 12 17:02:23 CST 2007; Entities affected: Session - 0
Action: Register MessagePool for User; Time: Sat May 12 17:02:23 CST 2007; Entities affected: User - 2, Session - 0
Action: Register MessagePool for User; Time: Sat May 12 17:02:23 CST 2007; Entities affected: User - 1, Session - 0
Action: Register MessagePool for User; Time: Sat May 12 17:02:23 CST 2007; Entities affected: User - 123, Session - 0
Action: Register MessagePool for User; Time: Sat May 12 17:02:23 CST 2007; Entities affected: User - 3, Session - 0
Action: Send PresenceMessage to Others; Time: Sat May 12 17:02:23 CST 2007; Entities affected: Session - 0
Action: Send EnterChatMessage to All Users; Time: Sat May 12 17:02:23 CST 2007; Entities affected: Session - 0
Action: Register MessagePool for User; Time: Sat May 12 17:02:23 CST 2007; Entities affected: User - 2, Session - 0
Action: Register MessagePool for User; Time: Sat May 12 17:02:23 CST 2007; Entities affected: User - 1, Session - 0
Action: Register MessagePool for User; Time: Sat May 12 17:02:23 CST 2007; Entities affected: User - 123, Session - 0
Action: Register MessagePool for User; Time: Sat May 12 17:02:23 CST 2007; Entities affected: User - 3, Session - 0
Action: Send PresenceMessage to Others; Time: Sat May 12 17:02:23 CST 2007; Entities affected: Session - 0
Action: Send EnterChatMessage to All Users; Time: Sat May 12 17:02:23 CST 2007; Entities affected: Session - 0
Action: Register MessagePool for User; Time: Sat May 12 17:02:23 CST 2007; Entities affected: User - 2, Session - 0
Action: Register MessagePool for User; Time: Sat May 12 17:02:23 CST 2007; Entities affected: User - 1, Session - 0
Action: Register MessagePool for User; Time: Sat May 12 17:02:23 CST 2007; Entities affected: User - 123, Session - 0
Action: Register MessagePool for User; Time: Sat May 12 17:02:23 CST 2007; Entities affected: User - 3, Session - 0
Action: Send PresenceMessage to Others; Time: Sat May 12 17:02:23 CST 2007; Entities affected: Session - 0
Action: Send EnterChatMessage to All Users; Time: Sat May 12 17:02:23 CST 2007; Entities affected: Session - 0
Action: Register MessagePool for User; Time: Sat May 12 17:02:23 CST 2007; Entities affected: User - 2, Session - 0
Action: Register MessagePool for User; Time: Sat May 12 17:02:23 CST 2007; Entities affected: User - 1, Session - 0
Action: Register MessagePool for User; Time: Sat May 12 17:02:23 CST 2007; Entities affected: User - 123, Session - 0
Action: Register MessagePool for User; Time: Sat May 12 17:02:23 CST 2007; Entities affected: User - 3, Session - 0
Action: Send PresenceMessage to Others; Time: Sat May 12 17:02:23 CST 2007; Entities affected: Session - 0
Action: Send EnterChatMessage to All Users; Time: Sat May 12 17:02:23 CST 2007; Entities affected: Session - 0
Action: Register MessagePool for User; Time: Sat May 12 17:02:23 CST 2007; Entities affected: User - 2, Session - 0
Action: Register MessagePool for User; Time: Sat May 12 17:02:23 CST 2007; Entities affected: User - 1, Session - 0
Action: Register MessagePool for User; Time: Sat May 12 17:02:23 CST 2007; Entities affected: User - 123, Session - 0
Action: Register MessagePool for User; Time: Sat May 12 17:02:23 CST 2007; Entities affected: User - 3, Session - 0
Action: Send PresenceMessage to Others; Time: Sat May 12 17:02:23 CST 2007; Entities affected: Session - 0
Action: Send EnterChatMessage to All Users; Time: Sat May 12 17:02:23 CST 2007; Entities affected: Session - 0
Action: Register MessagePool for User; Time: Sat May 12 17:02:23 CST 2007; Entities affected: User - 2, Session - 0
Action: Register MessagePool for User; Time: Sat May 12 17:02:23 CST 2007; Entities affected: User - 1, Session - 0
Action: Register MessagePool for User; Time: Sat May 12 17:02:23 CST 2007; Entities affected: User - 123, Session - 0
Action: Register MessagePool for User; Time: Sat May 12 17:02:23 CST 2007; Entities affected: User - 3, Session - 0
Action: Send PresenceMessage to Others; Time: Sat May 12 17:02:23 CST 2007; Entities affected: Session - 0
Action: Send EnterChatMessage to All Users; Time: Sat May 12 17:02:23 CST 2007; Entities affected: Session - 0
Action: Register MessagePool for User; Time: Sat May 12 17:02:23 CST 2007; Entities affected: User - 2, Session - 0
Action: Register MessagePool for User; Time: Sat May 12 17:02:23 CST 2007; Entities affected: User - 1, Session - 0
Action: Register MessagePool for User; Time: Sat May 12 17:02:23 CST 2007; Entities affected: User - 123, Session - 0
Action: Register MessagePool for User; Time: Sat May 12 17:02:23 CST 2007; Entities affected: User - 3, Session - 0
Action: Send PresenceMessage to Others; Time: Sat May 12 17:02:23 CST 2007; Entities affected: Session - 0
Action: Send EnterChatMessage to All Users; Time: Sat May 12 17:02:23 CST 2007; Entities affected: Session - 0
Action: Register MessagePool for User; Time: Sat May 12 17:02:23 CST 2007; Entities affected: User - 2, Session - 0
Action: Register MessagePool for User; Time: Sat May 12 17:02:23 CST 2007; Entities affected: User - 1, Session - 0
Action: Register MessagePool for User; Time: Sat May 12 17:02:23 CST 2007; Entities affected: User - 123, Session - 0
Action: Register MessagePool for User; Time: Sat May 12 17:02:23 CST 2007; Entities affected: User - 3, Session - 0
Action: Send PresenceMessage to Others; Time: Sat May 12 17:02:23 CST 2007; Entities affected: Session - 0
Action: Send EnterChatMessage to All Users; Time: Sat May 12 17:02:23 CST 2007; Entities affected: Session - 0
Action: Register MessagePool for User; Time: Sat May 12 17:02:23 CST 2007; Entities affected: User - 2, Session - 0
Action: Register MessagePool for User; Time: Sat May 12 17:02:23 CST 2007; Entities affected: User - 1, Session - 0
Action: Register MessagePool for User; Time: Sat May 12 17:02:23 CST 2007; Entities affected: User - 123, Session - 0
Action: Register MessagePool for User; Time: Sat May 12 17:02:23 CST 2007; Entities affected: User - 3, Session - 0
Action: Send PresenceMessage to Others; Time: Sat May 12 17:02:23 CST 2007; Entities affected: Session - 0
Action: Send EnterChatMessage to All Users; Time: Sat May 12 17:02:23 CST 2007; Entities affected: Session - 0
Action: Register MessagePool for User; Time: Sat May 12 17:02:23 CST 2007; Entities affected: User - 2, Session - 0
Action: Register MessagePool for User; Time: Sat May 12 17:02:23 CST 2007; Entities affected: User - 1, Session - 0
Action: Register MessagePool for User; Time: Sat May 12 17:02:23 CST 2007; Entities affected: User - 123, Session - 0
Action: Register MessagePool for User; Time: Sat May 12 17:02:23 CST 2007; Entities affected: User - 3, Session - 0
Action: Send PresenceMessage to Others; Time: Sat May 12 17:02:23 CST 2007; Entities affected: Session - 0
Action: Send EnterChatMessage to All Users; Time: Sat May 12 17:02:23 CST 2007; Entities affected: Session - 0
Action: Register MessagePool for User; Time: Sat May 12 17:02:23 CST 2007; Entities affected: User - 2, Session - 0
Action: Register MessagePool for User; Time: Sat May 12 17:02:23 CST 2007; Entities affected: User - 1, Session - 0
Action: Register MessagePool for User; Time: Sat May 12 17:02:23 CST 2007; Entities affected: User - 123, Session - 0
Action: Register MessagePool for User; Time: Sat May 12 17:02:23 CST 2007; Entities affected: User - 3, Session - 0
Action: Send PresenceMessage to Others; Time: Sat May 12 17:02:23 CST 2007; Entities affected: Session - 0
Action: Send EnterChatMessage to All Users; Time: Sat May 12 17:02:23 CST 2007; Entities affected: Session - 0
Action: Register MessagePool for User; Time: Sat May 12 17:02:23 CST 2007; Entities affected: User - 2, Session - 0
Action: Register MessagePool for User; Time: Sat May 12 17:02:23 CST 2007; Entities affected: User - 1, Session - 0
Action: Register MessagePool for User; Time: Sat May 12 17:02:23 CST 2007; Entities affected: User - 123, Session - 0
Action: Register MessagePool for User; Time: Sat May 12 17:02:23 CST 2007; Entities affected: User - 3, Session - 0
Action: Send PresenceMessage to Others; Time: Sat May 12 17:02:23 CST 2007; Entities affected: Session - 0
Action: Send EnterChatMessage to All Users; Time: Sat May 12 17:02:23 CST 2007; Entities affected: Session - 0
Action: Register MessagePool for User; Time: Sat May 12 17:02:23 CST 2007; Entities affected: User - 2, Session - 0
Action: Register MessagePool for User; Time: Sat May 12 17:02:23 CST 2007; Entities affected: User - 1, Session - 0
Action: Register MessagePool for User; Time: Sat May 12 17:02:23 CST 2007; Entities affected: User - 123, Session - 0
Action: Register MessagePool for User; Time: Sat May 12 17:02:23 CST 2007; Entities affected: User - 3, Session - 0
Action: Send PresenceMessage to Others; Time: Sat May 12 17:02:23 CST 2007; Entities affected: Session - 0
Action: Send EnterChatMessage to All Users; Time: Sat May 12 17:02:23 CST 2007; Entities affected: Session - 0
Action: Register MessagePool for User; Time: Sat May 12 17:02:23 CST 2007; Entities affected: User - 2, Session - 0
Action: Register MessagePool for User; Time: Sat May 12 17:02:23 CST 2007; Entities affected: User - 1, Session - 0
Action: Register MessagePool for User; Time: Sat May 12 17:02:23 CST 2007; Entities affected: User - 123, Session - 0
Action: Register MessagePool for User; Time: Sat May 12 17:02:23 CST 2007; Entities affected: User - 3, Session - 0
Action: Send PresenceMessage to Others; Time: Sat May 12 17:02:23 CST 2007; Entities affected: Session - 0
Action: Send EnterChatMessage to All Users; Time: Sat May 12 17:02:23 CST 2007; Entities affected: Session - 0
Action: Register MessagePool for User; Time: Sat May 12 17:02:23 CST 2007; Entities affected: User - 2, Session - 0
Action: Register MessagePool for User; Time: Sat May 12 17:02:23 CST 2007; Entities affected: User - 1, Session - 0
Action: Register MessagePool for User; Time: Sat May 12 17:02:23 CST 2007; Entities affected: User - 123, Session - 0
Action: Register MessagePool for User; Time: Sat May 12 17:02:23 CST 2007; Entities affected: User - 3, Session - 0
Action: Send PresenceMessage to Others; Time: Sat May 12 17:02:23 CST 2007; Entities affected: Session - 0
Action: Send EnterChatMessage to All Users; Time: Sat May 12 17:02:23 CST 2007; Entities affected: Session - 0
Action: Register MessagePool for User; Time: Sat May 12 17:02:23 CST 2007; Entities affected: User - 2, Session - 0
Action: Register MessagePool for User; Time: Sat May 12 17:02:23 CST 2007; Entities affected: User - 1, Session - 0
Action: Register MessagePool for User; Time: Sat May 12 17:02:23 CST 2007; Entities affected: User - 123, Session - 0
Action: Register MessagePool for User; Time: Sat May 12 17:02:23 CST 2007; Entities affected: User - 3, Session - 0
Action: Send PresenceMessage to Others; Time: Sat May 12 17:02:23 CST 2007; Entities affected: Session - 0
Action: Send EnterChatMessage to All Users; Time: Sat May 12 17:02:23 CST 2007; Entities affected: Session - 0
Action: Register MessagePool for User; Time: Sat May 12 17:02:23 CST 2007; Entities affected: User - 2, Session - 0
Action: Register MessagePool for User; Time: Sat May 12 17:02:23 CST 2007; Entities affected: User - 1, Session - 0
Action: Register MessagePool for User; Time: Sat May 12 17:02:23 CST 2007; Entities affected: User - 123, Session - 0
Action: Register MessagePool for User; Time: Sat May 12 17:02:23 CST 2007; Entities affected: User - 3, Session - 0
Action: Send PresenceMessage to Others; Time: Sat May 12 17:02:23 CST 2007; Entities affected: Session - 0
Action: Send EnterChatMessage to All Users; Time: Sat May 12 17:02:23 CST 2007; Entities affected: Session - 0
Action: Register MessagePool for User; Time: Sat May 12 17:02:23 CST 2007; Entities affected: User - 2, Session - 0
Action: Register MessagePool for User; Time: Sat May 12 17:02:23 CST 2007; Entities affected: User - 1, Session - 0
Action: Register MessagePool for User; Time: Sat May 12 17:02:23 CST 2007; Entities affected: User - 123, Session - 0
Action: Register MessagePool for User; Time: Sat May 12 17:02:23 CST 2007; Entities affected: User - 3, Session - 0
Action: Send PresenceMessage to Others; Time: Sat May 12 17:02:23 CST 2007; Entities affected: Session - 0
Action: Send EnterChatMessage to All Users; Time: Sat May 12 17:02:23 CST 2007; Entities affected: Session - 0
Action: Register MessagePool for User; Time: Sat May 12 17:02:23 CST 2007; Entities affected: User - 2, Session - 0
Action: Register MessagePool for User; Time: Sat May 12 17:02:23 CST 2007; Entities affected: User - 1, Session - 0
Action: Register MessagePool for User; Time: Sat May 12 17:02:23 CST 2007; Entities affected: User - 123, Session - 0
Action: Register MessagePool for User; Time: Sat May 12 17:02:23 CST 2007; Entities affected: User - 3, Session - 0
Action: Send PresenceMessage to Others; Time: Sat May 12 17:02:23 CST 2007; Entities affected: Session - 0
Action: Send EnterChatMessage to All Users; Time: Sat May 12 17:02:23 CST 2007; Entities affected: Session - 0
Action: Register MessagePool for User; Time: Sat May 12 17:02:23 CST 2007; Entities affected: User - 2, Session - 0
Action: Register MessagePool for User; Time: Sat May 12 17:02:23 CST 2007; Entities affected: User - 1, Session - 0
Action: Register MessagePool for User; Time: Sat May 12 17:02:23 CST 2007; Entities affected: User - 123, Session - 0
Action: Register MessagePool for User; Time: Sat May 12 17:02:23 CST 2007; Entities affected: User - 3, Session - 0
Action: Send PresenceMessage to Others; Time: Sat May 12 17:02:23 CST 2007; Entities affected: Session - 0
Action: Send EnterChatMessage to All Users; Time: Sat May 12 17:02:23 CST 2007; Entities affected: Session - 0
Action: Register MessagePool for User; Time: Sat May 12 17:02:23 CST 2007; Entities affected: User - 2, Session - 0
Action: Register MessagePool for User; Time: Sat May 12 17:02:23 CST 2007; Entities affected: User - 1, Session - 0
Action: Register MessagePool for User; Time: Sat May 12 17:02:23 CST 2007; Entities affected: User - 123, Session - 0
Action: Register MessagePool for User; Time: Sat May 12 17:02:23 CST 2007; Entities affected: User - 3, Session - 0
Action: Send PresenceMessage to Others; Time: Sat May 12 17:02:23 CST 2007; Entities affected: Session - 0
Action: Send EnterChatMessage to All Users; Time: Sat May 12 17:02:23 CST 2007; Entities affected: Session - 0
Action: Register MessagePool for User; Time: Sat May 12 17:02:23 CST 2007; Entities affected: User - 2, Session - 0
Action: Register MessagePool for User; Time: Sat May 12 17:02:23 CST 2007; Entities affected: User - 1, Session - 0
Action: Register MessagePool for User; Time: Sat May 12 17:02:23 CST 2007; Entities affected: User - 123, Session - 0
Action: Register MessagePool for User; Time: Sat May 12 17:02:23 CST 2007; Entities affected: User - 3, Session - 0
Action: Send PresenceMessage to Others; Time: Sat May 12 17:02:23 CST 2007; Entities affected: Session - 0
Action: Send EnterChatMessage to All Users; Time: Sat May 12 17:02:23 CST 2007; Entities affected: Session - 0
Action: Register MessagePool for User; Time: Sat May 12 17:02:23 CST 2007; Entities affected: User - 2, Session - 0
Action: Register MessagePool for User; Time: Sat May 12 17:02:23 CST 2007; Entities affected: User - 1, Session - 0
Action: Register MessagePool for User; Time: Sat May 12 17:02:23 CST 2007; Entities affected: User - 123, Session - 0
Action: Register MessagePool for User; Time: Sat May 12 17:02:23 CST 2007; Entities affected: User - 3, Session - 0
Action: Send PresenceMessage to Others; Time: Sat May 12 17:02:23 CST 2007; Entities affected: Session - 0
Action: Send EnterChatMessage to All Users; Time: Sat May 12 17:02:23 CST 2007; Entities affected: Session - 0
Action: Register MessagePool for User; Time: Sat May 12 17:02:23 CST 2007; Entities affected: User - 2, Session - 0
Action: Register MessagePool for User; Time: Sat May 12 17:02:23 CST 2007; Entities affected: User - 1, Session - 0
Action: Register MessagePool for User; Time: Sat May 12 17:02:23 CST 2007; Entities affected: User - 123, Session - 0
Action: Register MessagePool for User; Time: Sat May 12 17:02:23 CST 2007; Entities affected: User - 3, Session - 0
Action: Send PresenceMessage to Others; Time: Sat May 12 17:02:23 CST 2007; Entities affected: Session - 0
Action: Send EnterChatMessage to All Users; Time: Sat May 12 17:02:23 CST 2007; Entities affected: Session - 0
Action: Register MessagePool for User; Time: Sat May 12 17:02:23 CST 2007; Entities affected: User - 2, Session - 0
Action: Register MessagePool for User; Time: Sat May 12 17:02:23 CST 2007; Entities affected: User - 1, Session - 0
Action: Register MessagePool for User; Time: Sat May 12 17:02:23 CST 2007; Entities affected: User - 123, Session - 0
Action: Register MessagePool for User; Time: Sat May 12 17:02:23 CST 2007; Entities affected: User - 3, Session - 0
Action: Send PresenceMessage to Others; Time: Sat May 12 17:02:23 CST 2007; Entities affected: Session - 0
Action: Send EnterChatMessage to All Users; Time: Sat May 12 17:02:23 CST 2007; Entities affected: Session - 0
Action: Register MessagePool for User; Time: Sat May 12 17:02:23 CST 2007; Entities affected: User - 2, Session - 0
Action: Register MessagePool for User; Time: Sat May 12 17:02:23 CST 2007; Entities affected: User - 1, Session - 0
Action: Register MessagePool for User; Time: Sat May 12 17:02:23 CST 2007; Entities affected: User - 123, Session - 0
Action: Register MessagePool for User; Time: Sat May 12 17:02:23 CST 2007; Entities affected: User - 3, Session - 0
Action: Send PresenceMessage to Others; Time: Sat May 12 17:02:23 CST 2007; Entities affected: Session - 0
Action: Send EnterChatMessage to All Users; Time: Sat May 12 17:02:23 CST 2007; Entities affected: Session - 0
Action: Register MessagePool for User; Time: Sat May 12 17:02:23 CST 2007; Entities affected: User - 2, Session - 0
Action: Register MessagePool for User; Time: Sat May 12 17:02:23 CST 2007; Entities affected: User - 1, Session - 0
Action: Register MessagePool for User; Time: Sat May 12 17:02:23 CST 2007; Entities affected: User - 123, Session - 0
Action: Register MessagePool for User; Time: Sat May 12 17:02:23 CST 2007; Entities affected: User - 3, Session - 0
Action: Send PresenceMessage to Others; Time: Sat May 12 17:02:23 CST 2007; Entities affected: Session - 0
Action: Send EnterChatMessage to All Users; Time: Sat May 12 17:02:23 CST 2007; Entities affected: Session - 0
Action: Register MessagePool for User; Time: Sat May 12 17:02:23 CST 2007; Entities affected: User - 2, Session - 0
Action: Register MessagePool for User; Time: Sat May 12 17:02:23 CST 2007; Entities affected: User - 1, Session - 0
Action: Register MessagePool for User; Time: Sat May 12 17:02:23 CST 2007; Entities affected: User - 123, Session - 0
Action: Register MessagePool for User; Time: Sat May 12 17:02:23 CST 2007; Entities affected: User - 3, Session - 0
Action: Send PresenceMessage to Others; Time: Sat May 12 17:02:23 CST 2007; Entities affected: Session - 0
Action: Send EnterChatMessage to All Users; Time: Sat May 12 17:02:23 CST 2007; Entities affected: Session - 0
Action: Register MessagePool for User; Time: Sat May 12 17:02:23 CST 2007; Entities affected: User - 2, Session - 0
Action: Register MessagePool for User; Time: Sat May 12 17:02:23 CST 2007; Entities affected: User - 1, Session - 0
Action: Register MessagePool for User; Time: Sat May 12 17:02:23 CST 2007; Entities affected: User - 123, Session - 0
Action: Register MessagePool for User; Time: Sat May 12 17:02:23 CST 2007; Entities affected: User - 3, Session - 0
Action: Send PresenceMessage to Others; Time: Sat May 12 17:02:23 CST 2007; Entities affected: Session - 0
Action: Send EnterChatMessage to All Users; Time: Sat May 12 17:02:23 CST 2007; Entities affected: Session - 0
Action: Register MessagePool for User; Time: Sat May 12 17:02:23 CST 2007; Entities affected: User - 2, Session - 0
Action: Register MessagePool for User; Time: Sat May 12 17:02:23 CST 2007; Entities affected: User - 1, Session - 0
Action: Register MessagePool for User; Time: Sat May 12 17:02:23 CST 2007; Entities affected: User - 123, Session - 0
Action: Register MessagePool for User; Time: Sat May 12 17:02:23 CST 2007; Entities affected: User - 3, Session - 0
Action: Send PresenceMessage to Others; Time: Sat May 12 17:02:23 CST 2007; Entities affected: Session - 0
Action: Send EnterChatMessage to All Users; Time: Sat May 12 17:02:23 CST 2007; Entities affected: Session - 0
Action: Register MessagePool for User; Time: Sat May 12 17:02:23 CST 2007; Entities affected: User - 2, Session - 0
Action: Register MessagePool for User; Time: Sat May 12 17:02:23 CST 2007; Entities affected: User - 1, Session - 0
Action: Register MessagePool for User; Time: Sat May 12 17:02:23 CST 2007; Entities affected: User - 123, Session - 0
Action: Register MessagePool for User; Time: Sat May 12 17:02:23 CST 2007; Entities affected: User - 3, Session - 0
Action: Send PresenceMessage to Others; Time: Sat May 12 17:02:23 CST 2007; Entities affected: Session - 0
Action: Send EnterChatMessage to All Users; Time: Sat May 12 17:02:23 CST 2007; Entities affected: Session - 0
Action: Register MessagePool for User; Time: Sat May 12 17:02:23 CST 2007; Entities affected: User - 2, Session - 0
Action: Register MessagePool for User; Time: Sat May 12 17:02:23 CST 2007; Entities affected: User - 1, Session - 0
Action: Register MessagePool for User; Time: Sat May 12 17:02:23 CST 2007; Entities affected: User - 123, Session - 0
Action: Register MessagePool for User; Time: Sat May 12 17:02:23 CST 2007; Entities affected: User - 3, Session - 0
Action: Send PresenceMessage to Others; Time: Sat May 12 17:02:23 CST 2007; Entities affected: Session - 0
Action: Send EnterChatMessage to All Users; Time: Sat May 12 17:02:23 CST 2007; Entities affected: Session - 0
Action: Register MessagePool for User; Time: Sat May 12 17:02:23 CST 2007; Entities affected: User - 2, Session - 0
Action: Register MessagePool for User; Time: Sat May 12 17:02:23 CST 2007; Entities affected: User - 1, Session - 0
Action: Register MessagePool for User; Time: Sat May 12 17:02:23 CST 2007; Entities affected: User - 123, Session - 0
Action: Register MessagePool for User; Time: Sat May 12 17:02:23 CST 2007; Entities affected: User - 3, Session - 0
Action: Send PresenceMessage to Others; Time: Sat May 12 17:02:23 CST 2007; Entities affected: Session - 0
Action: Send EnterChatMessage to All Users; Time: Sat May 12 17:02:23 CST 2007; Entities affected: Session - 0
Action: Register MessagePool for User; Time: Sat May 12 17:02:23 CST 2007; Entities affected: User - 2, Session - 0
Action: Register MessagePool for User; Time: Sat May 12 17:02:23 CST 2007; Entities affected: User - 1, Session - 0
Action: Register MessagePool for User; Time: Sat May 12 17:02:23 CST 2007; Entities affected: User - 123, Session - 0
Action: Register MessagePool for User; Time: Sat May 12 17:02:23 CST 2007; Entities affected: User - 3, Session - 0
Action: Send PresenceMessage to Others; Time: Sat May 12 17:02:23 CST 2007; Entities affected: Session - 0
Action: Send EnterChatMessage to All Users; Time: Sat May 12 17:02:23 CST 2007; Entities affected: Session - 0
Action: Register MessagePool for User; Time: Sat May 12 17:02:23 CST 2007; Entities affected: User - 2, Session - 0
Action: Register MessagePool for User; Time: Sat May 12 17:02:23 CST 2007; Entities affected: User - 1, Session - 0
Action: Register MessagePool for User; Time: Sat May 12 17:02:23 CST 2007; Entities affected: User - 123, Session - 0
Action: Register MessagePool for User; Time: Sat May 12 17:02:23 CST 2007; Entities affected: User - 3, Session - 0
Action: Send PresenceMessage to Others; Time: Sat May 12 17:02:23 CST 2007; Entities affected: Session - 0
Action: Send EnterChatMessage to All Users; Time: Sat May 12 17:02:23 CST 2007; Entities affected: Session - 0
Action: Register MessagePool for User; Time: Sat May 12 17:02:23 CST 2007; Entities affected: User - 2, Session - 0
Action: Register MessagePool for User; Time: Sat May 12 17:02:23 CST 2007; Entities affected: User - 1, Session - 0
Action: Register MessagePool for User; Time: Sat May 12 17:02:23 CST 2007; Entities affected: User - 123, Session - 0
Action: Register MessagePool for User; Time: Sat May 12 17:02:23 CST 2007; Entities affected: User - 3, Session - 0
Action: Send PresenceMessage to Others; Time: Sat May 12 17:02:23 CST 2007; Entities affected: Session - 0
Action: Send EnterChatMessage to All Users; Time: Sat May 12 17:02:23 CST 2007; Entities affected: Session - 0
Action: Register MessagePool for User; Time: Sat May 12 17:02:23 CST 2007; Entities affected: User - 2, Session - 0
Action: Register MessagePool for User; Time: Sat May 12 17:02:23 CST 2007; Entities affected: User - 1, Session - 0
Action: Register MessagePool for User; Time: Sat May 12 17:02:23 CST 2007; Entities affected: User - 123, Session - 0
Action: Register MessagePool for User; Time: Sat May 12 17:02:23 CST 2007; Entities affected: User - 3, Session - 0
Action: Send PresenceMessage to Others; Time: Sat May 12 17:02:23 CST 2007; Entities affected: Session - 0
Action: Send EnterChatMessage to All Users; Time: Sat May 12 17:02:23 CST 2007; Entities affected: Session - 0
Action: Register MessagePool for User; Time: Sat May 12 17:02:23 CST 2007; Entities affected: User - 2, Session - 0
Action: Register MessagePool for User; Time: Sat May 12 17:02:23 CST 2007; Entities affected: User - 1, Session - 0
Action: Register MessagePool for User; Time: Sat May 12 17:02:23 CST 2007; Entities affected: User - 123, Session - 0
Action: Register MessagePool for User; Time: Sat May 12 17:02:23 CST 2007; Entities affected: User - 3, Session - 0
Action: Send PresenceMessage to Others; Time: Sat May 12 17:02:23 CST 2007; Entities affected: Session - 0
Action: Send EnterChatMessage to All Users; Time: Sat May 12 17:02:23 CST 2007; Entities affected: Session - 0
Action: Register MessagePool for User; Time: Sat May 12 17:02:23 CST 2007; Entities affected: User - 2, Session - 0
Action: Register MessagePool for User; Time: Sat May 12 17:02:23 CST 2007; Entities affected: User - 1, Session - 0
Action: Register MessagePool for User; Time: Sat May 12 17:02:23 CST 2007; Entities affected: User - 123, Session - 0
Action: Register MessagePool for User; Time: Sat May 12 17:02:23 CST 2007; Entities affected: User - 3, Session - 0
Action: Send PresenceMessage to Others; Time: Sat May 12 17:02:23 CST 2007; Entities affected: Session - 0
Action: Send EnterChatMessage to All Users; Time: Sat May 12 17:02:23 CST 2007; Entities affected: Session - 0
Action: Register MessagePool for User; Time: Sat May 12 17:02:23 CST 2007; Entities affected: User - 2, Session - 0
Action: Register MessagePool for User; Time: Sat May 12 17:02:23 CST 2007; Entities affected: User - 1, Session - 0
Action: Register MessagePool for User; Time: Sat May 12 17:02:23 CST 2007; Entities affected: User - 123, Session - 0
Action: Register MessagePool for User; Time: Sat May 12 17:02:23 CST 2007; Entities affected: User - 3, Session - 0
Action: Send PresenceMessage to Others; Time: Sat May 12 17:02:23 CST 2007; Entities affected: Session - 0
Action: Send EnterChatMessage to All Users; Time: Sat May 12 17:02:23 CST 2007; Entities affected: Session - 0
Action: Register MessagePool for User; Time: Sat May 12 17:02:23 CST 2007; Entities affected: User - 2, Session - 0
Action: Register MessagePool for User; Time: Sat May 12 17:02:23 CST 2007; Entities affected: User - 1, Session - 0
Action: Register MessagePool for User; Time: Sat May 12 17:02:23 CST 2007; Entities affected: User - 123, Session - 0
Action: Register MessagePool for User; Time: Sat May 12 17:02:23 CST 2007; Entities affected: User - 3, Session - 0
Action: Send PresenceMessage to Others; Time: Sat May 12 17:02:23 CST 2007; Entities affected: Session - 0
Action: Send EnterChatMessage to All Users; Time: Sat May 12 17:02:23 CST 2007; Entities affected: Session - 0
Action: Register MessagePool for User; Time: Sat May 12 17:02:23 CST 2007; Entities affected: User - 2, Session - 0
Action: Register MessagePool for User; Time: Sat May 12 17:02:23 CST 2007; Entities affected: User - 1, Session - 0
Action: Register MessagePool for User; Time: Sat May 12 17:02:23 CST 2007; Entities affected: User - 123, Session - 0
Action: Register MessagePool for User; Time: Sat May 12 17:02:23 CST 2007; Entities affected: User - 3, Session - 0
Action: Send PresenceMessage to Others; Time: Sat May 12 17:02:23 CST 2007; Entities affected: Session - 0
Action: Send EnterChatMessage to All Users; Time: Sat May 12 17:02:23 CST 2007; Entities affected: Session - 0
Action: Register MessagePool for User; Time: Sat May 12 17:02:23 CST 2007; Entities affected: User - 2, Session - 0
Action: Register MessagePool for User; Time: Sat May 12 17:02:23 CST 2007; Entities affected: User - 1, Session - 0
Action: Register MessagePool for User; Time: Sat May 12 17:02:23 CST 2007; Entities affected: User - 123, Session - 0
Action: Register MessagePool for User; Time: Sat May 12 17:02:23 CST 2007; Entities affected: User - 3, Session - 0
Action: Send PresenceMessage to Others; Time: Sat May 12 17:02:23 CST 2007; Entities affected: Session - 0
Action: Send EnterChatMessage to All Users; Time: Sat May 12 17:02:23 CST 2007; Entities affected: Session - 0
Action: Register MessagePool for User; Time: Sat May 12 17:02:23 CST 2007; Entities affected: User - 2, Session - 0
Action: Register MessagePool for User; Time: Sat May 12 17:02:23 CST 2007; Entities affected: User - 1, Session - 0
Action: Register MessagePool for User; Time: Sat May 12 17:02:23 CST 2007; Entities affected: User - 123, Session - 0
Action: Register MessagePool for User; Time: Sat May 12 17:02:23 CST 2007; Entities affected: User - 3, Session - 0
Action: Send PresenceMessage to Others; Time: Sat May 12 17:02:23 CST 2007; Entities affected: Session - 0
Action: Send EnterChatMessage to All Users; Time: Sat May 12 17:02:23 CST 2007; Entities affected: Session - 0
Action: Register MessagePool for User; Time: Sat May 12 17:02:23 CST 2007; Entities affected: User - 2, Session - 0
Action: Register MessagePool for User; Time: Sat May 12 17:02:23 CST 2007; Entities affected: User - 1, Session - 0
Action: Register MessagePool for User; Time: Sat May 12 17:02:23 CST 2007; Entities affected: User - 123, Session - 0
Action: Register MessagePool for User; Time: Sat May 12 17:02:23 CST 2007; Entities affected: User - 3, Session - 0
Action: Send PresenceMessage to Others; Time: Sat May 12 17:02:23 CST 2007; Entities affected: Session - 0
Executing testStatusChanged_CloseToOpen() 100 times takes 750ms
Action: Register MessagePool for User; Time: Sat May 12 17:02:23 CST 2007; Entities affected: User - 3, Session - 1
Action: Send PresenceMessage of this User to Others; Time: Sat May 12 17:02:23 CST 2007; Entities affected: User - 3, Session - 1
Action: Send PresenceMessage of Other Users to this User; Time: Sat May 12 17:02:23 CST 2007; Entities affected: User - 3, Session - 1
Action: Register MessagePool for User; Time: Sat May 12 17:02:23 CST 2007; Entities affected: User - 3, Session - 1
Action: Send PresenceMessage of this User to Others; Time: Sat May 12 17:02:23 CST 2007; Entities affected: User - 3, Session - 1
Action: Send PresenceMessage of Other Users to this User; Time: Sat May 12 17:02:23 CST 2007; Entities affected: User - 3, Session - 1
Action: Register MessagePool for User; Time: Sat May 12 17:02:23 CST 2007; Entities affected: User - 3, Session - 1
Action: Send PresenceMessage of this User to Others; Time: Sat May 12 17:02:23 CST 2007; Entities affected: User - 3, Session - 1
Action: Send PresenceMessage of Other Users to this User; Time: Sat May 12 17:02:23 CST 2007; Entities affected: User - 3, Session - 1
Action: Register MessagePool for User; Time: Sat May 12 17:02:23 CST 2007; Entities affected: User - 3, Session - 1
Action: Send PresenceMessage of this User to Others; Time: Sat May 12 17:02:23 CST 2007; Entities affected: User - 3, Session - 1
Action: Send PresenceMessage of Other Users to this User; Time: Sat May 12 17:02:23 CST 2007; Entities affected: User - 3, Session - 1
Action: Register MessagePool for User; Time: Sat May 12 17:02:23 CST 2007; Entities affected: User - 3, Session - 1
Action: Send PresenceMessage of this User to Others; Time: Sat May 12 17:02:23 CST 2007; Entities affected: User - 3, Session - 1
Action: Send PresenceMessage of Other Users to this User; Time: Sat May 12 17:02:23 CST 2007; Entities affected: User - 3, Session - 1
Action: Register MessagePool for User; Time: Sat May 12 17:02:23 CST 2007; Entities affected: User - 3, Session - 1
Action: Send PresenceMessage of this User to Others; Time: Sat May 12 17:02:23 CST 2007; Entities affected: User - 3, Session - 1
Action: Send PresenceMessage of Other Users to this User; Time: Sat May 12 17:02:23 CST 2007; Entities affected: User - 3, Session - 1
Action: Register MessagePool for User; Time: Sat May 12 17:02:23 CST 2007; Entities affected: User - 3, Session - 1
Action: Send PresenceMessage of this User to Others; Time: Sat May 12 17:02:23 CST 2007; Entities affected: User - 3, Session - 1
Action: Send PresenceMessage of Other Users to this User; Time: Sat May 12 17:02:23 CST 2007; Entities affected: User - 3, Session - 1
Action: Register MessagePool for User; Time: Sat May 12 17:02:23 CST 2007; Entities affected: User - 3, Session - 1
Action: Send PresenceMessage of this User to Others; Time: Sat May 12 17:02:23 CST 2007; Entities affected: User - 3, Session - 1
Action: Send PresenceMessage of Other Users to this User; Time: Sat May 12 17:02:23 CST 2007; Entities affected: User - 3, Session - 1
Action: Register MessagePool for User; Time: Sat May 12 17:02:23 CST 2007; Entities affected: User - 3, Session - 1
Action: Send PresenceMessage of this User to Others; Time: Sat May 12 17:02:23 CST 2007; Entities affected: User - 3, Session - 1
Action: Send PresenceMessage of Other Users to this User; Time: Sat May 12 17:02:23 CST 2007; Entities affected: User - 3, Session - 1
Action: Register MessagePool for User; Time: Sat May 12 17:02:23 CST 2007; Entities affected: User - 3, Session - 1
Action: Send PresenceMessage of this User to Others; Time: Sat May 12 17:02:23 CST 2007; Entities affected: User - 3, Session - 1
Action: Send PresenceMessage of Other Users to this User; Time: Sat May 12 17:02:23 CST 2007; Entities affected: User - 3, Session - 1
Action: Register MessagePool for User; Time: Sat May 12 17:02:23 CST 2007; Entities affected: User - 3, Session - 1
Action: Send PresenceMessage of this User to Others; Time: Sat May 12 17:02:23 CST 2007; Entities affected: User - 3, Session - 1
Action: Send PresenceMessage of Other Users to this User; Time: Sat May 12 17:02:23 CST 2007; Entities affected: User - 3, Session - 1
Action: Register MessagePool for User; Time: Sat May 12 17:02:23 CST 2007; Entities affected: User - 3, Session - 1
Action: Send PresenceMessage of this User to Others; Time: Sat May 12 17:02:23 CST 2007; Entities affected: User - 3, Session - 1
Action: Send PresenceMessage of Other Users to this User; Time: Sat May 12 17:02:23 CST 2007; Entities affected: User - 3, Session - 1
Action: Register MessagePool for User; Time: Sat May 12 17:02:23 CST 2007; Entities affected: User - 3, Session - 1
Action: Send PresenceMessage of this User to Others; Time: Sat May 12 17:02:23 CST 2007; Entities affected: User - 3, Session - 1
Action: Send PresenceMessage of Other Users to this User; Time: Sat May 12 17:02:23 CST 2007; Entities affected: User - 3, Session - 1
Action: Register MessagePool for User; Time: Sat May 12 17:02:23 CST 2007; Entities affected: User - 3, Session - 1
Action: Send PresenceMessage of this User to Others; Time: Sat May 12 17:02:23 CST 2007; Entities affected: User - 3, Session - 1
Action: Send PresenceMessage of Other Users to this User; Time: Sat May 12 17:02:23 CST 2007; Entities affected: User - 3, Session - 1
Action: Register MessagePool for User; Time: Sat May 12 17:02:23 CST 2007; Entities affected: User - 3, Session - 1
Action: Send PresenceMessage of this User to Others; Time: Sat May 12 17:02:23 CST 2007; Entities affected: User - 3, Session - 1
Action: Send PresenceMessage of Other Users to this User; Time: Sat May 12 17:02:23 CST 2007; Entities affected: User - 3, Session - 1
Action: Register MessagePool for User; Time: Sat May 12 17:02:23 CST 2007; Entities affected: User - 3, Session - 1
Action: Send PresenceMessage of this User to Others; Time: Sat May 12 17:02:23 CST 2007; Entities affected: User - 3, Session - 1
Action: Send PresenceMessage of Other Users to this User; Time: Sat May 12 17:02:23 CST 2007; Entities affected: User - 3, Session - 1
Action: Register MessagePool for User; Time: Sat May 12 17:02:23 CST 2007; Entities affected: User - 3, Session - 1
Action: Send PresenceMessage of this User to Others; Time: Sat May 12 17:02:23 CST 2007; Entities affected: User - 3, Session - 1
Action: Send PresenceMessage of Other Users to this User; Time: Sat May 12 17:02:23 CST 2007; Entities affected: User - 3, Session - 1
Action: Register MessagePool for User; Time: Sat May 12 17:02:23 CST 2007; Entities affected: User - 3, Session - 1
Action: Send PresenceMessage of this User to Others; Time: Sat May 12 17:02:23 CST 2007; Entities affected: User - 3, Session - 1
Action: Send PresenceMessage of Other Users to this User; Time: Sat May 12 17:02:23 CST 2007; Entities affected: User - 3, Session - 1
Action: Register MessagePool for User; Time: Sat May 12 17:02:23 CST 2007; Entities affected: User - 3, Session - 1
Action: Send PresenceMessage of this User to Others; Time: Sat May 12 17:02:23 CST 2007; Entities affected: User - 3, Session - 1
Action: Send PresenceMessage of Other Users to this User; Time: Sat May 12 17:02:23 CST 2007; Entities affected: User - 3, Session - 1
Action: Register MessagePool for User; Time: Sat May 12 17:02:23 CST 2007; Entities affected: User - 3, Session - 1
Action: Send PresenceMessage of this User to Others; Time: Sat May 12 17:02:23 CST 2007; Entities affected: User - 3, Session - 1
Action: Send PresenceMessage of Other Users to this User; Time: Sat May 12 17:02:23 CST 2007; Entities affected: User - 3, Session - 1
Action: Register MessagePool for User; Time: Sat May 12 17:02:23 CST 2007; Entities affected: User - 3, Session - 1
Action: Send PresenceMessage of this User to Others; Time: Sat May 12 17:02:23 CST 2007; Entities affected: User - 3, Session - 1
Action: Send PresenceMessage of Other Users to this User; Time: Sat May 12 17:02:23 CST 2007; Entities affected: User - 3, Session - 1
Action: Register MessagePool for User; Time: Sat May 12 17:02:23 CST 2007; Entities affected: User - 3, Session - 1
Action: Send PresenceMessage of this User to Others; Time: Sat May 12 17:02:23 CST 2007; Entities affected: User - 3, Session - 1
Action: Send PresenceMessage of Other Users to this User; Time: Sat May 12 17:02:23 CST 2007; Entities affected: User - 3, Session - 1
Action: Register MessagePool for User; Time: Sat May 12 17:02:23 CST 2007; Entities affected: User - 3, Session - 1
Action: Send PresenceMessage of this User to Others; Time: Sat May 12 17:02:23 CST 2007; Entities affected: User - 3, Session - 1
Action: Send PresenceMessage of Other Users to this User; Time: Sat May 12 17:02:23 CST 2007; Entities affected: User - 3, Session - 1
Action: Register MessagePool for User; Time: Sat May 12 17:02:23 CST 2007; Entities affected: User - 3, Session - 1
Action: Send PresenceMessage of this User to Others; Time: Sat May 12 17:02:23 CST 2007; Entities affected: User - 3, Session - 1
Action: Send PresenceMessage of Other Users to this User; Time: Sat May 12 17:02:23 CST 2007; Entities affected: User - 3, Session - 1
Action: Register MessagePool for User; Time: Sat May 12 17:02:23 CST 2007; Entities affected: User - 3, Session - 1
Action: Send PresenceMessage of this User to Others; Time: Sat May 12 17:02:23 CST 2007; Entities affected: User - 3, Session - 1
Action: Send PresenceMessage of Other Users to this User; Time: Sat May 12 17:02:23 CST 2007; Entities affected: User - 3, Session - 1
Action: Register MessagePool for User; Time: Sat May 12 17:02:23 CST 2007; Entities affected: User - 3, Session - 1
Action: Send PresenceMessage of this User to Others; Time: Sat May 12 17:02:23 CST 2007; Entities affected: User - 3, Session - 1
Action: Send PresenceMessage of Other Users to this User; Time: Sat May 12 17:02:23 CST 2007; Entities affected: User - 3, Session - 1
Action: Register MessagePool for User; Time: Sat May 12 17:02:23 CST 2007; Entities affected: User - 3, Session - 1
Action: Send PresenceMessage of this User to Others; Time: Sat May 12 17:02:23 CST 2007; Entities affected: User - 3, Session - 1
Action: Send PresenceMessage of Other Users to this User; Time: Sat May 12 17:02:23 CST 2007; Entities affected: User - 3, Session - 1
Action: Register MessagePool for User; Time: Sat May 12 17:02:23 CST 2007; Entities affected: User - 3, Session - 1
Action: Send PresenceMessage of this User to Others; Time: Sat May 12 17:02:23 CST 2007; Entities affected: User - 3, Session - 1
Action: Send PresenceMessage of Other Users to this User; Time: Sat May 12 17:02:23 CST 2007; Entities affected: User - 3, Session - 1
Action: Register MessagePool for User; Time: Sat May 12 17:02:23 CST 2007; Entities affected: User - 3, Session - 1
Action: Send PresenceMessage of this User to Others; Time: Sat May 12 17:02:23 CST 2007; Entities affected: User - 3, Session - 1
Action: Send PresenceMessage of Other Users to this User; Time: Sat May 12 17:02:23 CST 2007; Entities affected: User - 3, Session - 1
Action: Register MessagePool for User; Time: Sat May 12 17:02:23 CST 2007; Entities affected: User - 3, Session - 1
Action: Send PresenceMessage of this User to Others; Time: Sat May 12 17:02:23 CST 2007; Entities affected: User - 3, Session - 1
Action: Send PresenceMessage of Other Users to this User; Time: Sat May 12 17:02:23 CST 2007; Entities affected: User - 3, Session - 1
Action: Register MessagePool for User; Time: Sat May 12 17:02:23 CST 2007; Entities affected: User - 3, Session - 1
Action: Send PresenceMessage of this User to Others; Time: Sat May 12 17:02:23 CST 2007; Entities affected: User - 3, Session - 1
Action: Send PresenceMessage of Other Users to this User; Time: Sat May 12 17:02:23 CST 2007; Entities affected: User - 3, Session - 1
Action: Register MessagePool for User; Time: Sat May 12 17:02:23 CST 2007; Entities affected: User - 3, Session - 1
Action: Send PresenceMessage of this User to Others; Time: Sat May 12 17:02:23 CST 2007; Entities affected: User - 3, Session - 1
Action: Send PresenceMessage of Other Users to this User; Time: Sat May 12 17:02:23 CST 2007; Entities affected: User - 3, Session - 1
Action: Register MessagePool for User; Time: Sat May 12 17:02:23 CST 2007; Entities affected: User - 3, Session - 1
Action: Send PresenceMessage of this User to Others; Time: Sat May 12 17:02:23 CST 2007; Entities affected: User - 3, Session - 1
Action: Send PresenceMessage of Other Users to this User; Time: Sat May 12 17:02:23 CST 2007; Entities affected: User - 3, Session - 1
Action: Register MessagePool for User; Time: Sat May 12 17:02:23 CST 2007; Entities affected: User - 3, Session - 1
Action: Send PresenceMessage of this User to Others; Time: Sat May 12 17:02:23 CST 2007; Entities affected: User - 3, Session - 1
Action: Send PresenceMessage of Other Users to this User; Time: Sat May 12 17:02:23 CST 2007; Entities affected: User - 3, Session - 1
Action: Register MessagePool for User; Time: Sat May 12 17:02:23 CST 2007; Entities affected: User - 3, Session - 1
Action: Send PresenceMessage of this User to Others; Time: Sat May 12 17:02:23 CST 2007; Entities affected: User - 3, Session - 1
Action: Send PresenceMessage of Other Users to this User; Time: Sat May 12 17:02:23 CST 2007; Entities affected: User - 3, Session - 1
Action: Register MessagePool for User; Time: Sat May 12 17:02:23 CST 2007; Entities affected: User - 3, Session - 1
Action: Send PresenceMessage of this User to Others; Time: Sat May 12 17:02:23 CST 2007; Entities affected: User - 3, Session - 1
Action: Send PresenceMessage of Other Users to this User; Time: Sat May 12 17:02:23 CST 2007; Entities affected: User - 3, Session - 1
Action: Register MessagePool for User; Time: Sat May 12 17:02:23 CST 2007; Entities affected: User - 3, Session - 1
Action: Send PresenceMessage of this User to Others; Time: Sat May 12 17:02:23 CST 2007; Entities affected: User - 3, Session - 1
Action: Send PresenceMessage of Other Users to this User; Time: Sat May 12 17:02:23 CST 2007; Entities affected: User - 3, Session - 1
Action: Register MessagePool for User; Time: Sat May 12 17:02:23 CST 2007; Entities affected: User - 3, Session - 1
Action: Send PresenceMessage of this User to Others; Time: Sat May 12 17:02:23 CST 2007; Entities affected: User - 3, Session - 1
Action: Send PresenceMessage of Other Users to this User; Time: Sat May 12 17:02:23 CST 2007; Entities affected: User - 3, Session - 1
Action: Register MessagePool for User; Time: Sat May 12 17:02:23 CST 2007; Entities affected: User - 3, Session - 1
Action: Send PresenceMessage of this User to Others; Time: Sat May 12 17:02:23 CST 2007; Entities affected: User - 3, Session - 1
Action: Send PresenceMessage of Other Users to this User; Time: Sat May 12 17:02:23 CST 2007; Entities affected: User - 3, Session - 1
Action: Register MessagePool for User; Time: Sat May 12 17:02:23 CST 2007; Entities affected: User - 3, Session - 1
Action: Send PresenceMessage of this User to Others; Time: Sat May 12 17:02:23 CST 2007; Entities affected: User - 3, Session - 1
Action: Send PresenceMessage of Other Users to this User; Time: Sat May 12 17:02:23 CST 2007; Entities affected: User - 3, Session - 1
Action: Register MessagePool for User; Time: Sat May 12 17:02:23 CST 2007; Entities affected: User - 3, Session - 1
Action: Send PresenceMessage of this User to Others; Time: Sat May 12 17:02:23 CST 2007; Entities affected: User - 3, Session - 1
Action: Send PresenceMessage of Other Users to this User; Time: Sat May 12 17:02:23 CST 2007; Entities affected: User - 3, Session - 1
Action: Register MessagePool for User; Time: Sat May 12 17:02:23 CST 2007; Entities affected: User - 3, Session - 1
Action: Send PresenceMessage of this User to Others; Time: Sat May 12 17:02:23 CST 2007; Entities affected: User - 3, Session - 1
Action: Send PresenceMessage of Other Users to this User; Time: Sat May 12 17:02:23 CST 2007; Entities affected: User - 3, Session - 1
Action: Register MessagePool for User; Time: Sat May 12 17:02:23 CST 2007; Entities affected: User - 3, Session - 1
Action: Send PresenceMessage of this User to Others; Time: Sat May 12 17:02:23 CST 2007; Entities affected: User - 3, Session - 1
Action: Send PresenceMessage of Other Users to this User; Time: Sat May 12 17:02:23 CST 2007; Entities affected: User - 3, Session - 1
Action: Register MessagePool for User; Time: Sat May 12 17:02:23 CST 2007; Entities affected: User - 3, Session - 1
Action: Send PresenceMessage of this User to Others; Time: Sat May 12 17:02:23 CST 2007; Entities affected: User - 3, Session - 1
Action: Send PresenceMessage of Other Users to this User; Time: Sat May 12 17:02:23 CST 2007; Entities affected: User - 3, Session - 1
Action: Register MessagePool for User; Time: Sat May 12 17:02:23 CST 2007; Entities affected: User - 3, Session - 1
Action: Send PresenceMessage of this User to Others; Time: Sat May 12 17:02:23 CST 2007; Entities affected: User - 3, Session - 1
Action: Send PresenceMessage of Other Users to this User; Time: Sat May 12 17:02:23 CST 2007; Entities affected: User - 3, Session - 1
Action: Register MessagePool for User; Time: Sat May 12 17:02:23 CST 2007; Entities affected: User - 3, Session - 1
Action: Send PresenceMessage of this User to Others; Time: Sat May 12 17:02:23 CST 2007; Entities affected: User - 3, Session - 1
Action: Send PresenceMessage of Other Users to this User; Time: Sat May 12 17:02:23 CST 2007; Entities affected: User - 3, Session - 1
Action: Register MessagePool for User; Time: Sat May 12 17:02:23 CST 2007; Entities affected: User - 3, Session - 1
Action: Send PresenceMessage of this User to Others; Time: Sat May 12 17:02:23 CST 2007; Entities affected: User - 3, Session - 1
Action: Send PresenceMessage of Other Users to this User; Time: Sat May 12 17:02:23 CST 2007; Entities affected: User - 3, Session - 1
Action: Register MessagePool for User; Time: Sat May 12 17:02:23 CST 2007; Entities affected: User - 3, Session - 1
Action: Send PresenceMessage of this User to Others; Time: Sat May 12 17:02:23 CST 2007; Entities affected: User - 3, Session - 1
Action: Send PresenceMessage of Other Users to this User; Time: Sat May 12 17:02:23 CST 2007; Entities affected: User - 3, Session - 1
Action: Register MessagePool for User; Time: Sat May 12 17:02:23 CST 2007; Entities affected: User - 3, Session - 1
Action: Send PresenceMessage of this User to Others; Time: Sat May 12 17:02:23 CST 2007; Entities affected: User - 3, Session - 1
Action: Send PresenceMessage of Other Users to this User; Time: Sat May 12 17:02:23 CST 2007; Entities affected: User - 3, Session - 1
Action: Register MessagePool for User; Time: Sat May 12 17:02:23 CST 2007; Entities affected: User - 3, Session - 1
Action: Send PresenceMessage of this User to Others; Time: Sat May 12 17:02:23 CST 2007; Entities affected: User - 3, Session - 1
Action: Send PresenceMessage of Other Users to this User; Time: Sat May 12 17:02:23 CST 2007; Entities affected: User - 3, Session - 1
Action: Register MessagePool for User; Time: Sat May 12 17:02:23 CST 2007; Entities affected: User - 3, Session - 1
Action: Send PresenceMessage of this User to Others; Time: Sat May 12 17:02:23 CST 2007; Entities affected: User - 3, Session - 1
Action: Send PresenceMessage of Other Users to this User; Time: Sat May 12 17:02:23 CST 2007; Entities affected: User - 3, Session - 1
Action: Register MessagePool for User; Time: Sat May 12 17:02:23 CST 2007; Entities affected: User - 3, Session - 1
Action: Send PresenceMessage of this User to Others; Time: Sat May 12 17:02:23 CST 2007; Entities affected: User - 3, Session - 1
Action: Send PresenceMessage of Other Users to this User; Time: Sat May 12 17:02:23 CST 2007; Entities affected: User - 3, Session - 1
Action: Register MessagePool for User; Time: Sat May 12 17:02:23 CST 2007; Entities affected: User - 3, Session - 1
Action: Send PresenceMessage of this User to Others; Time: Sat May 12 17:02:23 CST 2007; Entities affected: User - 3, Session - 1
Action: Send PresenceMessage of Other Users to this User; Time: Sat May 12 17:02:23 CST 2007; Entities affected: User - 3, Session - 1
Action: Register MessagePool for User; Time: Sat May 12 17:02:23 CST 2007; Entities affected: User - 3, Session - 1
Action: Send PresenceMessage of this User to Others; Time: Sat May 12 17:02:23 CST 2007; Entities affected: User - 3, Session - 1
Action: Send PresenceMessage of Other Users to this User; Time: Sat May 12 17:02:23 CST 2007; Entities affected: User - 3, Session - 1
Action: Register MessagePool for User; Time: Sat May 12 17:02:23 CST 2007; Entities affected: User - 3, Session - 1
Action: Send PresenceMessage of this User to Others; Time: Sat May 12 17:02:23 CST 2007; Entities affected: User - 3, Session - 1
Action: Send PresenceMessage of Other Users to this User; Time: Sat May 12 17:02:23 CST 2007; Entities affected: User - 3, Session - 1
Action: Register MessagePool for User; Time: Sat May 12 17:02:23 CST 2007; Entities affected: User - 3, Session - 1
Action: Send PresenceMessage of this User to Others; Time: Sat May 12 17:02:23 CST 2007; Entities affected: User - 3, Session - 1
Action: Send PresenceMessage of Other Users to this User; Time: Sat May 12 17:02:23 CST 2007; Entities affected: User - 3, Session - 1
Action: Register MessagePool for User; Time: Sat May 12 17:02:23 CST 2007; Entities affected: User - 3, Session - 1
Action: Send PresenceMessage of this User to Others; Time: Sat May 12 17:02:23 CST 2007; Entities affected: User - 3, Session - 1
Action: Send PresenceMessage of Other Users to this User; Time: Sat May 12 17:02:23 CST 2007; Entities affected: User - 3, Session - 1
Action: Register MessagePool for User; Time: Sat May 12 17:02:23 CST 2007; Entities affected: User - 3, Session - 1
Action: Send PresenceMessage of this User to Others; Time: Sat May 12 17:02:23 CST 2007; Entities affected: User - 3, Session - 1
Action: Send PresenceMessage of Other Users to this User; Time: Sat May 12 17:02:23 CST 2007; Entities affected: User - 3, Session - 1
Action: Register MessagePool for User; Time: Sat May 12 17:02:23 CST 2007; Entities affected: User - 3, Session - 1
Action: Send PresenceMessage of this User to Others; Time: Sat May 12 17:02:23 CST 2007; Entities affected: User - 3, Session - 1
Action: Send PresenceMessage of Other Users to this User; Time: Sat May 12 17:02:23 CST 2007; Entities affected: User - 3, Session - 1
Action: Register MessagePool for User; Time: Sat May 12 17:02:23 CST 2007; Entities affected: User - 3, Session - 1
Action: Send PresenceMessage of this User to Others; Time: Sat May 12 17:02:23 CST 2007; Entities affected: User - 3, Session - 1
Action: Send PresenceMessage of Other Users to this User; Time: Sat May 12 17:02:23 CST 2007; Entities affected: User - 3, Session - 1
Action: Register MessagePool for User; Time: Sat May 12 17:02:23 CST 2007; Entities affected: User - 3, Session - 1
Action: Send PresenceMessage of this User to Others; Time: Sat May 12 17:02:23 CST 2007; Entities affected: User - 3, Session - 1
Action: Send PresenceMessage of Other Users to this User; Time: Sat May 12 17:02:23 CST 2007; Entities affected: User - 3, Session - 1
Action: Register MessagePool for User; Time: Sat May 12 17:02:23 CST 2007; Entities affected: User - 3, Session - 1
Action: Send PresenceMessage of this User to Others; Time: Sat May 12 17:02:23 CST 2007; Entities affected: User - 3, Session - 1
Action: Send PresenceMessage of Other Users to this User; Time: Sat May 12 17:02:23 CST 2007; Entities affected: User - 3, Session - 1
Action: Register MessagePool for User; Time: Sat May 12 17:02:23 CST 2007; Entities affected: User - 3, Session - 1
Action: Send PresenceMessage of this User to Others; Time: Sat May 12 17:02:23 CST 2007; Entities affected: User - 3, Session - 1
Action: Send PresenceMessage of Other Users to this User; Time: Sat May 12 17:02:23 CST 2007; Entities affected: User - 3, Session - 1
Action: Register MessagePool for User; Time: Sat May 12 17:02:23 CST 2007; Entities affected: User - 3, Session - 1
Action: Send PresenceMessage of this User to Others; Time: Sat May 12 17:02:24 CST 2007; Entities affected: User - 3, Session - 1
Action: Send PresenceMessage of Other Users to this User; Time: Sat May 12 17:02:24 CST 2007; Entities affected: User - 3, Session - 1
Action: Register MessagePool for User; Time: Sat May 12 17:02:24 CST 2007; Entities affected: User - 3, Session - 1
Action: Send PresenceMessage of this User to Others; Time: Sat May 12 17:02:24 CST 2007; Entities affected: User - 3, Session - 1
Action: Send PresenceMessage of Other Users to this User; Time: Sat May 12 17:02:24 CST 2007; Entities affected: User - 3, Session - 1
Action: Register MessagePool for User; Time: Sat May 12 17:02:24 CST 2007; Entities affected: User - 3, Session - 1
Action: Send PresenceMessage of this User to Others; Time: Sat May 12 17:02:24 CST 2007; Entities affected: User - 3, Session - 1
Action: Send PresenceMessage of Other Users to this User; Time: Sat May 12 17:02:24 CST 2007; Entities affected: User - 3, Session - 1
Action: Register MessagePool for User; Time: Sat May 12 17:02:24 CST 2007; Entities affected: User - 3, Session - 1
Action: Send PresenceMessage of this User to Others; Time: Sat May 12 17:02:24 CST 2007; Entities affected: User - 3, Session - 1
Action: Send PresenceMessage of Other Users to this User; Time: Sat May 12 17:02:24 CST 2007; Entities affected: User - 3, Session - 1
Action: Register MessagePool for User; Time: Sat May 12 17:02:24 CST 2007; Entities affected: User - 3, Session - 1
Action: Send PresenceMessage of this User to Others; Time: Sat May 12 17:02:24 CST 2007; Entities affected: User - 3, Session - 1
Action: Send PresenceMessage of Other Users to this User; Time: Sat May 12 17:02:24 CST 2007; Entities affected: User - 3, Session - 1
Action: Register MessagePool for User; Time: Sat May 12 17:02:24 CST 2007; Entities affected: User - 3, Session - 1
Action: Send PresenceMessage of this User to Others; Time: Sat May 12 17:02:24 CST 2007; Entities affected: User - 3, Session - 1
Action: Send PresenceMessage of Other Users to this User; Time: Sat May 12 17:02:24 CST 2007; Entities affected: User - 3, Session - 1
Action: Register MessagePool for User; Time: Sat May 12 17:02:24 CST 2007; Entities affected: User - 3, Session - 1
Action: Send PresenceMessage of this User to Others; Time: Sat May 12 17:02:24 CST 2007; Entities affected: User - 3, Session - 1
Action: Send PresenceMessage of Other Users to this User; Time: Sat May 12 17:02:24 CST 2007; Entities affected: User - 3, Session - 1
Action: Register MessagePool for User; Time: Sat May 12 17:02:24 CST 2007; Entities affected: User - 3, Session - 1
Action: Send PresenceMessage of this User to Others; Time: Sat May 12 17:02:24 CST 2007; Entities affected: User - 3, Session - 1
Action: Send PresenceMessage of Other Users to this User; Time: Sat May 12 17:02:24 CST 2007; Entities affected: User - 3, Session - 1
Action: Register MessagePool for User; Time: Sat May 12 17:02:24 CST 2007; Entities affected: User - 3, Session - 1
Action: Send PresenceMessage of this User to Others; Time: Sat May 12 17:02:24 CST 2007; Entities affected: User - 3, Session - 1
Action: Send PresenceMessage of Other Users to this User; Time: Sat May 12 17:02:24 CST 2007; Entities affected: User - 3, Session - 1
Action: Register MessagePool for User; Time: Sat May 12 17:02:24 CST 2007; Entities affected: User - 3, Session - 1
Action: Send PresenceMessage of this User to Others; Time: Sat May 12 17:02:24 CST 2007; Entities affected: User - 3, Session - 1
Action: Send PresenceMessage of Other Users to this User; Time: Sat May 12 17:02:24 CST 2007; Entities affected: User - 3, Session - 1
Action: Register MessagePool for User; Time: Sat May 12 17:02:24 CST 2007; Entities affected: User - 3, Session - 1
Action: Send PresenceMessage of this User to Others; Time: Sat May 12 17:02:24 CST 2007; Entities affected: User - 3, Session - 1
Action: Send PresenceMessage of Other Users to this User; Time: Sat May 12 17:02:24 CST 2007; Entities affected: User - 3, Session - 1
Action: Register MessagePool for User; Time: Sat May 12 17:02:24 CST 2007; Entities affected: User - 3, Session - 1
Action: Send PresenceMessage of this User to Others; Time: Sat May 12 17:02:24 CST 2007; Entities affected: User - 3, Session - 1
Action: Send PresenceMessage of Other Users to this User; Time: Sat May 12 17:02:24 CST 2007; Entities affected: User - 3, Session - 1
Action: Register MessagePool for User; Time: Sat May 12 17:02:24 CST 2007; Entities affected: User - 3, Session - 1
Action: Send PresenceMessage of this User to Others; Time: Sat May 12 17:02:24 CST 2007; Entities affected: User - 3, Session - 1
Action: Send PresenceMessage of Other Users to this User; Time: Sat May 12 17:02:24 CST 2007; Entities affected: User - 3, Session - 1
Action: Register MessagePool for User; Time: Sat May 12 17:02:24 CST 2007; Entities affected: User - 3, Session - 1
Action: Send PresenceMessage of this User to Others; Time: Sat May 12 17:02:24 CST 2007; Entities affected: User - 3, Session - 1
Action: Send PresenceMessage of Other Users to this User; Time: Sat May 12 17:02:24 CST 2007; Entities affected: User - 3, Session - 1
Action: Register MessagePool for User; Time: Sat May 12 17:02:24 CST 2007; Entities affected: User - 3, Session - 1
Action: Send PresenceMessage of this User to Others; Time: Sat May 12 17:02:24 CST 2007; Entities affected: User - 3, Session - 1
Action: Send PresenceMessage of Other Users to this User; Time: Sat May 12 17:02:24 CST 2007; Entities affected: User - 3, Session - 1
Action: Register MessagePool for User; Time: Sat May 12 17:02:24 CST 2007; Entities affected: User - 3, Session - 1
Action: Send PresenceMessage of this User to Others; Time: Sat May 12 17:02:24 CST 2007; Entities affected: User - 3, Session - 1
Action: Send PresenceMessage of Other Users to this User; Time: Sat May 12 17:02:24 CST 2007; Entities affected: User - 3, Session - 1
Action: Register MessagePool for User; Time: Sat May 12 17:02:24 CST 2007; Entities affected: User - 3, Session - 1
Action: Send PresenceMessage of this User to Others; Time: Sat May 12 17:02:24 CST 2007; Entities affected: User - 3, Session - 1
Action: Send PresenceMessage of Other Users to this User; Time: Sat May 12 17:02:24 CST 2007; Entities affected: User - 3, Session - 1
Action: Register MessagePool for User; Time: Sat May 12 17:02:24 CST 2007; Entities affected: User - 3, Session - 1
Action: Send PresenceMessage of this User to Others; Time: Sat May 12 17:02:24 CST 2007; Entities affected: User - 3, Session - 1
Action: Send PresenceMessage of Other Users to this User; Time: Sat May 12 17:02:24 CST 2007; Entities affected: User - 3, Session - 1
Action: Register MessagePool for User; Time: Sat May 12 17:02:24 CST 2007; Entities affected: User - 3, Session - 1
Action: Send PresenceMessage of this User to Others; Time: Sat May 12 17:02:24 CST 2007; Entities affected: User - 3, Session - 1
Action: Send PresenceMessage of Other Users to this User; Time: Sat May 12 17:02:24 CST 2007; Entities affected: User - 3, Session - 1
Action: Register MessagePool for User; Time: Sat May 12 17:02:24 CST 2007; Entities affected: User - 3, Session - 1
Action: Send PresenceMessage of this User to Others; Time: Sat May 12 17:02:24 CST 2007; Entities affected: User - 3, Session - 1
Action: Send PresenceMessage of Other Users to this User; Time: Sat May 12 17:02:24 CST 2007; Entities affected: User - 3, Session - 1
Action: Register MessagePool for User; Time: Sat May 12 17:02:24 CST 2007; Entities affected: User - 3, Session - 1
Action: Send PresenceMessage of this User to Others; Time: Sat May 12 17:02:24 CST 2007; Entities affected: User - 3, Session - 1
Action: Send PresenceMessage of Other Users to this User; Time: Sat May 12 17:02:24 CST 2007; Entities affected: User - 3, Session - 1
Action: Register MessagePool for User; Time: Sat May 12 17:02:24 CST 2007; Entities affected: User - 3, Session - 1
Action: Send PresenceMessage of this User to Others; Time: Sat May 12 17:02:24 CST 2007; Entities affected: User - 3, Session - 1
Action: Send PresenceMessage of Other Users to this User; Time: Sat May 12 17:02:24 CST 2007; Entities affected: User - 3, Session - 1
Action: Register MessagePool for User; Time: Sat May 12 17:02:24 CST 2007; Entities affected: User - 3, Session - 1
Action: Send PresenceMessage of this User to Others; Time: Sat May 12 17:02:24 CST 2007; Entities affected: User - 3, Session - 1
Action: Send PresenceMessage of Other Users to this User; Time: Sat May 12 17:02:24 CST 2007; Entities affected: User - 3, Session - 1
Action: Register MessagePool for User; Time: Sat May 12 17:02:24 CST 2007; Entities affected: User - 3, Session - 1
Action: Send PresenceMessage of this User to Others; Time: Sat May 12 17:02:24 CST 2007; Entities affected: User - 3, Session - 1
Action: Send PresenceMessage of Other Users to this User; Time: Sat May 12 17:02:24 CST 2007; Entities affected: User - 3, Session - 1
Action: Register MessagePool for User; Time: Sat May 12 17:02:24 CST 2007; Entities affected: User - 3, Session - 1
Action: Send PresenceMessage of this User to Others; Time: Sat May 12 17:02:24 CST 2007; Entities affected: User - 3, Session - 1
Action: Send PresenceMessage of Other Users to this User; Time: Sat May 12 17:02:24 CST 2007; Entities affected: User - 3, Session - 1
Action: Register MessagePool for User; Time: Sat May 12 17:02:24 CST 2007; Entities affected: User - 3, Session - 1
Action: Send PresenceMessage of this User to Others; Time: Sat May 12 17:02:24 CST 2007; Entities affected: User - 3, Session - 1
Action: Send PresenceMessage of Other Users to this User; Time: Sat May 12 17:02:24 CST 2007; Entities affected: User - 3, Session - 1
Action: Register MessagePool for User; Time: Sat May 12 17:02:24 CST 2007; Entities affected: User - 3, Session - 1
Action: Send PresenceMessage of this User to Others; Time: Sat May 12 17:02:24 CST 2007; Entities affected: User - 3, Session - 1
Action: Send PresenceMessage of Other Users to this User; Time: Sat May 12 17:02:24 CST 2007; Entities affected: User - 3, Session - 1
Action: Register MessagePool for User; Time: Sat May 12 17:02:24 CST 2007; Entities affected: User - 3, Session - 1
Action: Send PresenceMessage of this User to Others; Time: Sat May 12 17:02:24 CST 2007; Entities affected: User - 3, Session - 1
Action: Send PresenceMessage of Other Users to this User; Time: Sat May 12 17:02:24 CST 2007; Entities affected: User - 3, Session - 1
Action: Register MessagePool for User; Time: Sat May 12 17:02:24 CST 2007; Entities affected: User - 3, Session - 1
Action: Send PresenceMessage of this User to Others; Time: Sat May 12 17:02:24 CST 2007; Entities affected: User - 3, Session - 1
Action: Send PresenceMessage of Other Users to this User; Time: Sat May 12 17:02:24 CST 2007; Entities affected: User - 3, Session - 1
Action: Register MessagePool for User; Time: Sat May 12 17:02:24 CST 2007; Entities affected: User - 3, Session - 1
Action: Send PresenceMessage of this User to Others; Time: Sat May 12 17:02:24 CST 2007; Entities affected: User - 3, Session - 1
Action: Send PresenceMessage of Other Users to this User; Time: Sat May 12 17:02:24 CST 2007; Entities affected: User - 3, Session - 1
Action: Register MessagePool for User; Time: Sat May 12 17:02:24 CST 2007; Entities affected: User - 3, Session - 1
Action: Send PresenceMessage of this User to Others; Time: Sat May 12 17:02:24 CST 2007; Entities affected: User - 3, Session - 1
Action: Send PresenceMessage of Other Users to this User; Time: Sat May 12 17:02:24 CST 2007; Entities affected: User - 3, Session - 1
Action: Register MessagePool for User; Time: Sat May 12 17:02:24 CST 2007; Entities affected: User - 3, Session - 1
Action: Send PresenceMessage of this User to Others; Time: Sat May 12 17:02:24 CST 2007; Entities affected: User - 3, Session - 1
Action: Send PresenceMessage of Other Users to this User; Time: Sat May 12 17:02:24 CST 2007; Entities affected: User - 3, Session - 1
Action: Register MessagePool for User; Time: Sat May 12 17:02:24 CST 2007; Entities affected: User - 3, Session - 1
Action: Send PresenceMessage of this User to Others; Time: Sat May 12 17:02:24 CST 2007; Entities affected: User - 3, Session - 1
Action: Send PresenceMessage of Other Users to this User; Time: Sat May 12 17:02:24 CST 2007; Entities affected: User - 3, Session - 1
Action: Register MessagePool for User; Time: Sat May 12 17:02:24 CST 2007; Entities affected: User - 3, Session - 1
Action: Send PresenceMessage of this User to Others; Time: Sat May 12 17:02:24 CST 2007; Entities affected: User - 3, Session - 1
Action: Send PresenceMessage of Other Users to this User; Time: Sat May 12 17:02:24 CST 2007; Entities affected: User - 3, Session - 1
Action: Register MessagePool for User; Time: Sat May 12 17:02:24 CST 2007; Entities affected: User - 3, Session - 1
Action: Send PresenceMessage of this User to Others; Time: Sat May 12 17:02:24 CST 2007; Entities affected: User - 3, Session - 1
Action: Send PresenceMessage of Other Users to this User; Time: Sat May 12 17:02:24 CST 2007; Entities affected: User - 3, Session - 1
Action: Register MessagePool for User; Time: Sat May 12 17:02:24 CST 2007; Entities affected: User - 3, Session - 1
Action: Send PresenceMessage of this User to Others; Time: Sat May 12 17:02:24 CST 2007; Entities affected: User - 3, Session - 1
Action: Send PresenceMessage of Other Users to this User; Time: Sat May 12 17:02:24 CST 2007; Entities affected: User - 3, Session - 1
Action: Register MessagePool for User; Time: Sat May 12 17:02:24 CST 2007; Entities affected: User - 3, Session - 1
Action: Send PresenceMessage of this User to Others; Time: Sat May 12 17:02:24 CST 2007; Entities affected: User - 3, Session - 1
Action: Send PresenceMessage of Other Users to this User; Time: Sat May 12 17:02:24 CST 2007; Entities affected: User - 3, Session - 1
Executing testUserAdded() 100 times takes 266ms
Action: Un-register MessagePool for User; Time: Sat May 12 17:02:24 CST 2007; Entities affected: User - 1, Session - 1
Action: Send Not-PresenceMessage of this User to Others; Time: Sat May 12 17:02:24 CST 2007; Entities affected: User - 1, Session - 1
Action: Close the ChatSession; Time: Sat May 12 17:02:24 CST 2007; Entities affected: Session - 1
Fail to handle the user removed event: The new Status [null] is same as current status.
Fail to handle the user removed event: The new Status [null] is same as current status.
Fail to handle the user removed event: The new Status [null] is same as current status.
Fail to handle the user removed event: The new Status [null] is same as current status.
Fail to handle the user removed event: The new Status [null] is same as current status.
Fail to handle the user removed event: The new Status [null] is same as current status.
Fail to handle the user removed event: The new Status [null] is same as current status.
Fail to handle the user removed event: The new Status [null] is same as current status.
Fail to handle the user removed event: The new Status [null] is same as current status.
Fail to handle the user removed event: The new Status [null] is same as current status.
Fail to handle the user removed event: The new Status [null] is same as current status.
Fail to handle the user removed event: The new Status [null] is same as current status.
Fail to handle the user removed event: The new Status [null] is same as current status.
Fail to handle the user removed event: The new Status [null] is same as current status.
Fail to handle the user removed event: The new Status [null] is same as current status.
Fail to handle the user removed event: The new Status [null] is same as current status.
Fail to handle the user removed event: The new Status [null] is same as current status.
Fail to handle the user removed event: The new Status [null] is same as current status.
Fail to handle the user removed event: The new Status [null] is same as current status.
Fail to handle the user removed event: The new Status [null] is same as current status.
Fail to handle the user removed event: The new Status [null] is same as current status.
Fail to handle the user removed event: The new Status [null] is same as current status.
Fail to handle the user removed event: The new Status [null] is same as current status.
Fail to handle the user removed event: The new Status [null] is same as current status.
Fail to handle the user removed event: The new Status [null] is same as current status.
Fail to handle the user removed event: The new Status [null] is same as current status.
Fail to handle the user removed event: The new Status [null] is same as current status.
Fail to handle the user removed event: The new Status [null] is same as current status.
Fail to handle the user removed event: The new Status [null] is same as current status.
Fail to handle the user removed event: The new Status [null] is same as current status.
Fail to handle the user removed event: The new Status [null] is same as current status.
Fail to handle the user removed event: The new Status [null] is same as current status.
Fail to handle the user removed event: The new Status [null] is same as current status.
Fail to handle the user removed event: The new Status [null] is same as current status.
Fail to handle the user removed event: The new Status [null] is same as current status.
Fail to handle the user removed event: The new Status [null] is same as current status.
Fail to handle the user removed event: The new Status [null] is same as current status.
Fail to handle the user removed event: The new Status [null] is same as current status.
Fail to handle the user removed event: The new Status [null] is same as current status.
Fail to handle the user removed event: The new Status [null] is same as current status.
Fail to handle the user removed event: The new Status [null] is same as current status.
Fail to handle the user removed event: The new Status [null] is same as current status.
Fail to handle the user removed event: The new Status [null] is same as current status.
Fail to handle the user removed event: The new Status [null] is same as current status.
Fail to handle the user removed event: The new Status [null] is same as current status.
Fail to handle the user removed event: The new Status [null] is same as current status.
Fail to handle the user removed event: The new Status [null] is same as current status.
Fail to handle the user removed event: The new Status [null] is same as current status.
Fail to handle the user removed event: The new Status [null] is same as current status.
Fail to handle the user removed event: The new Status [null] is same as current status.
Fail to handle the user removed event: The new Status [null] is same as current status.
Fail to handle the user removed event: The new Status [null] is same as current status.
Fail to handle the user removed event: The new Status [null] is same as current status.
Fail to handle the user removed event: The new Status [null] is same as current status.
Fail to handle the user removed event: The new Status [null] is same as current status.
Fail to handle the user removed event: The new Status [null] is same as current status.
Fail to handle the user removed event: The new Status [null] is same as current status.
Fail to handle the user removed event: The new Status [null] is same as current status.
Fail to handle the user removed event: The new Status [null] is same as current status.
Fail to handle the user removed event: The new Status [null] is same as current status.
Fail to handle the user removed event: The new Status [null] is same as current status.
Fail to handle the user removed event: The new Status [null] is same as current status.
Fail to handle the user removed event: The new Status [null] is same as current status.
Fail to handle the user removed event: The new Status [null] is same as current status.
Fail to handle the user removed event: The new Status [null] is same as current status.
Fail to handle the user removed event: The new Status [null] is same as current status.
Fail to handle the user removed event: The new Status [null] is same as current status.
Fail to handle the user removed event: The new Status [null] is same as current status.
Fail to handle the user removed event: The new Status [null] is same as current status.
Fail to handle the user removed event: The new Status [null] is same as current status.
Fail to handle the user removed event: The new Status [null] is same as current status.
Fail to handle the user removed event: The new Status [null] is same as current status.
Fail to handle the user removed event: The new Status [null] is same as current status.
Fail to handle the user removed event: The new Status [null] is same as current status.
Fail to handle the user removed event: The new Status [null] is same as current status.
Fail to handle the user removed event: The new Status [null] is same as current status.
Fail to handle the user removed event: The new Status [null] is same as current status.
Fail to handle the user removed event: The new Status [null] is same as current status.
Fail to handle the user removed event: The new Status [null] is same as current status.
Fail to handle the user removed event: The new Status [null] is same as current status.
Fail to handle the user removed event: The new Status [null] is same as current status.
Fail to handle the user removed event: The new Status [null] is same as current status.
Fail to handle the user removed event: The new Status [null] is same as current status.
Fail to handle the user removed event: The new Status [null] is same as current status.
Fail to handle the user removed event: The new Status [null] is same as current status.
Fail to handle the user removed event: The new Status [null] is same as current status.
Fail to handle the user removed event: The new Status [null] is same as current status.
Fail to handle the user removed event: The new Status [null] is same as current status.
Fail to handle the user removed event: The new Status [null] is same as current status.
Fail to handle the user removed event: The new Status [null] is same as current status.
Fail to handle the user removed event: The new Status [null] is same as current status.
Fail to handle the user removed event: The new Status [null] is same as current status.
Fail to handle the user removed event: The new Status [null] is same as current status.
Fail to handle the user removed event: The new Status [null] is same as current status.
Fail to handle the user removed event: The new Status [null] is same as current status.
Fail to handle the user removed event: The new Status [null] is same as current status.
Fail to handle the user removed event: The new Status [null] is same as current status.
Fail to handle the user removed event: The new Status [null] is same as current status.
Fail to handle the user removed event: The new Status [null] is same as current status.
Executing testUserRemoved() 100 times takes 0ms
Executing testUserRequested() 100 times takes 219ms
Action: Register Message Pool for User; Time: Sat May 12 17:02:24 CST 2007; Entities affected: User - 1
Action: Register Message Pool for User; Time: Sat May 12 17:02:24 CST 2007; Entities affected: User - 1
Action: Register Message Pool for User; Time: Sat May 12 17:02:24 CST 2007; Entities affected: User - 1
Action: Register Message Pool for User; Time: Sat May 12 17:02:24 CST 2007; Entities affected: User - 1
Action: Register Message Pool for User; Time: Sat May 12 17:02:24 CST 2007; Entities affected: User - 1
Action: Register Message Pool for User; Time: Sat May 12 17:02:24 CST 2007; Entities affected: User - 1
Action: Register Message Pool for User; Time: Sat May 12 17:02:24 CST 2007; Entities affected: User - 1
Action: Register Message Pool for User; Time: Sat May 12 17:02:24 CST 2007; Entities affected: User - 1
Action: Register Message Pool for User; Time: Sat May 12 17:02:24 CST 2007; Entities affected: User - 1
Action: Register Message Pool for User; Time: Sat May 12 17:02:24 CST 2007; Entities affected: User - 1
Action: Register Message Pool for User; Time: Sat May 12 17:02:24 CST 2007; Entities affected: User - 1
Action: Register Message Pool for User; Time: Sat May 12 17:02:24 CST 2007; Entities affected: User - 1
Action: Register Message Pool for User; Time: Sat May 12 17:02:24 CST 2007; Entities affected: User - 1
Action: Register Message Pool for User; Time: Sat May 12 17:02:24 CST 2007; Entities affected: User - 1
Action: Register Message Pool for User; Time: Sat May 12 17:02:24 CST 2007; Entities affected: User - 1
Action: Register Message Pool for User; Time: Sat May 12 17:02:24 CST 2007; Entities affected: User - 1
Action: Register Message Pool for User; Time: Sat May 12 17:02:24 CST 2007; Entities affected: User - 1
Action: Register Message Pool for User; Time: Sat May 12 17:02:24 CST 2007; Entities affected: User - 1
Action: Register Message Pool for User; Time: Sat May 12 17:02:24 CST 2007; Entities affected: User - 1
Action: Register Message Pool for User; Time: Sat May 12 17:02:24 CST 2007; Entities affected: User - 1
Action: Register Message Pool for User; Time: Sat May 12 17:02:24 CST 2007; Entities affected: User - 1
Action: Register Message Pool for User; Time: Sat May 12 17:02:24 CST 2007; Entities affected: User - 1
Action: Register Message Pool for User; Time: Sat May 12 17:02:24 CST 2007; Entities affected: User - 1
Action: Register Message Pool for User; Time: Sat May 12 17:02:24 CST 2007; Entities affected: User - 1
Action: Register Message Pool for User; Time: Sat May 12 17:02:24 CST 2007; Entities affected: User - 1
Action: Register Message Pool for User; Time: Sat May 12 17:02:24 CST 2007; Entities affected: User - 1
Action: Register Message Pool for User; Time: Sat May 12 17:02:24 CST 2007; Entities affected: User - 1
Action: Register Message Pool for User; Time: Sat May 12 17:02:24 CST 2007; Entities affected: User - 1
Action: Register Message Pool for User; Time: Sat May 12 17:02:24 CST 2007; Entities affected: User - 1
Action: Register Message Pool for User; Time: Sat May 12 17:02:24 CST 2007; Entities affected: User - 1
Action: Register Message Pool for User; Time: Sat May 12 17:02:24 CST 2007; Entities affected: User - 1
Action: Register Message Pool for User; Time: Sat May 12 17:02:24 CST 2007; Entities affected: User - 1
Action: Register Message Pool for User; Time: Sat May 12 17:02:24 CST 2007; Entities affected: User - 1
Action: Register Message Pool for User; Time: Sat May 12 17:02:24 CST 2007; Entities affected: User - 1
Action: Register Message Pool for User; Time: Sat May 12 17:02:24 CST 2007; Entities affected: User - 1
Action: Register Message Pool for User; Time: Sat May 12 17:02:24 CST 2007; Entities affected: User - 1
Action: Register Message Pool for User; Time: Sat May 12 17:02:24 CST 2007; Entities affected: User - 1
Action: Register Message Pool for User; Time: Sat May 12 17:02:24 CST 2007; Entities affected: User - 1
Action: Register Message Pool for User; Time: Sat May 12 17:02:24 CST 2007; Entities affected: User - 1
Action: Register Message Pool for User; Time: Sat May 12 17:02:24 CST 2007; Entities affected: User - 1
Action: Register Message Pool for User; Time: Sat May 12 17:02:24 CST 2007; Entities affected: User - 1
Action: Register Message Pool for User; Time: Sat May 12 17:02:24 CST 2007; Entities affected: User - 1
Action: Register Message Pool for User; Time: Sat May 12 17:02:24 CST 2007; Entities affected: User - 1
Action: Register Message Pool for User; Time: Sat May 12 17:02:24 CST 2007; Entities affected: User - 1
Action: Register Message Pool for User; Time: Sat May 12 17:02:24 CST 2007; Entities affected: User - 1
Action: Register Message Pool for User; Time: Sat May 12 17:02:24 CST 2007; Entities affected: User - 1
Action: Register Message Pool for User; Time: Sat May 12 17:02:24 CST 2007; Entities affected: User - 1
Action: Register Message Pool for User; Time: Sat May 12 17:02:24 CST 2007; Entities affected: User - 1
Action: Register Message Pool for User; Time: Sat May 12 17:02:24 CST 2007; Entities affected: User - 1
Action: Register Message Pool for User; Time: Sat May 12 17:02:24 CST 2007; Entities affected: User - 1
Action: Register Message Pool for User; Time: Sat May 12 17:02:24 CST 2007; Entities affected: User - 1
Action: Register Message Pool for User; Time: Sat May 12 17:02:24 CST 2007; Entities affected: User - 1
Action: Register Message Pool for User; Time: Sat May 12 17:02:24 CST 2007; Entities affected: User - 1
Action: Register Message Pool for User; Time: Sat May 12 17:02:24 CST 2007; Entities affected: User - 1
Action: Register Message Pool for User; Time: Sat May 12 17:02:24 CST 2007; Entities affected: User - 1
Action: Register Message Pool for User; Time: Sat May 12 17:02:24 CST 2007; Entities affected: User - 1
Action: Register Message Pool for User; Time: Sat May 12 17:02:24 CST 2007; Entities affected: User - 1
Action: Register Message Pool for User; Time: Sat May 12 17:02:24 CST 2007; Entities affected: User - 1
Action: Register Message Pool for User; Time: Sat May 12 17:02:24 CST 2007; Entities affected: User - 1
Action: Register Message Pool for User; Time: Sat May 12 17:02:24 CST 2007; Entities affected: User - 1
Action: Register Message Pool for User; Time: Sat May 12 17:02:24 CST 2007; Entities affected: User - 1
Action: Register Message Pool for User; Time: Sat May 12 17:02:24 CST 2007; Entities affected: User - 1
Action: Register Message Pool for User; Time: Sat May 12 17:02:24 CST 2007; Entities affected: User - 1
Action: Register Message Pool for User; Time: Sat May 12 17:02:24 CST 2007; Entities affected: User - 1
Action: Register Message Pool for User; Time: Sat May 12 17:02:24 CST 2007; Entities affected: User - 1
Action: Register Message Pool for User; Time: Sat May 12 17:02:24 CST 2007; Entities affected: User - 1
Action: Register Message Pool for User; Time: Sat May 12 17:02:24 CST 2007; Entities affected: User - 1
Action: Register Message Pool for User; Time: Sat May 12 17:02:24 CST 2007; Entities affected: User - 1
Action: Register Message Pool for User; Time: Sat May 12 17:02:24 CST 2007; Entities affected: User - 1
Action: Register Message Pool for User; Time: Sat May 12 17:02:24 CST 2007; Entities affected: User - 1
Action: Register Message Pool for User; Time: Sat May 12 17:02:24 CST 2007; Entities affected: User - 1
Action: Register Message Pool for User; Time: Sat May 12 17:02:24 CST 2007; Entities affected: User - 1
Action: Register Message Pool for User; Time: Sat May 12 17:02:24 CST 2007; Entities affected: User - 1
Action: Register Message Pool for User; Time: Sat May 12 17:02:24 CST 2007; Entities affected: User - 1
Action: Register Message Pool for User; Time: Sat May 12 17:02:24 CST 2007; Entities affected: User - 1
Action: Register Message Pool for User; Time: Sat May 12 17:02:24 CST 2007; Entities affected: User - 1
Action: Register Message Pool for User; Time: Sat May 12 17:02:24 CST 2007; Entities affected: User - 1
Action: Register Message Pool for User; Time: Sat May 12 17:02:24 CST 2007; Entities affected: User - 1
Action: Register Message Pool for User; Time: Sat May 12 17:02:24 CST 2007; Entities affected: User - 1
Action: Register Message Pool for User; Time: Sat May 12 17:02:24 CST 2007; Entities affected: User - 1
Action: Register Message Pool for User; Time: Sat May 12 17:02:24 CST 2007; Entities affected: User - 1
Action: Register Message Pool for User; Time: Sat May 12 17:02:24 CST 2007; Entities affected: User - 1
Action: Register Message Pool for User; Time: Sat May 12 17:02:24 CST 2007; Entities affected: User - 1
Action: Register Message Pool for User; Time: Sat May 12 17:02:24 CST 2007; Entities affected: User - 1
Action: Register Message Pool for User; Time: Sat May 12 17:02:24 CST 2007; Entities affected: User - 1
Action: Register Message Pool for User; Time: Sat May 12 17:02:24 CST 2007; Entities affected: User - 1
Action: Register Message Pool for User; Time: Sat May 12 17:02:24 CST 2007; Entities affected: User - 1
Action: Register Message Pool for User; Time: Sat May 12 17:02:24 CST 2007; Entities affected: User - 1
Action: Register Message Pool for User; Time: Sat May 12 17:02:24 CST 2007; Entities affected: User - 1
Action: Register Message Pool for User; Time: Sat May 12 17:02:24 CST 2007; Entities affected: User - 1
Action: Register Message Pool for User; Time: Sat May 12 17:02:24 CST 2007; Entities affected: User - 1
Action: Register Message Pool for User; Time: Sat May 12 17:02:24 CST 2007; Entities affected: User - 1
Action: Register Message Pool for User; Time: Sat May 12 17:02:24 CST 2007; Entities affected: User - 1
Action: Register Message Pool for User; Time: Sat May 12 17:02:24 CST 2007; Entities affected: User - 1
Action: Register Message Pool for User; Time: Sat May 12 17:02:24 CST 2007; Entities affected: User - 1
Action: Register Message Pool for User; Time: Sat May 12 17:02:24 CST 2007; Entities affected: User - 1
Action: Register Message Pool for User; Time: Sat May 12 17:02:24 CST 2007; Entities affected: User - 1
Action: Register Message Pool for User; Time: Sat May 12 17:02:24 CST 2007; Entities affected: User - 1
Action: Register Message Pool for User; Time: Sat May 12 17:02:24 CST 2007; Entities affected: User - 1
Action: Register Message Pool for User; Time: Sat May 12 17:02:24 CST 2007; Entities affected: User - 1
Executing testStatusChanged_OffToOn() 100 times takes 16ms
Action: Un-register Message Pool for User; Time: Sat May 12 17:02:24 CST 2007; Entities affected: User - 1
Action: Un-register Message Pool for User; Time: Sat May 12 17:02:24 CST 2007; Entities affected: User - 1
Action: Un-register Message Pool for User; Time: Sat May 12 17:02:24 CST 2007; Entities affected: User - 1
Action: Un-register Message Pool for User; Time: Sat May 12 17:02:24 CST 2007; Entities affected: User - 1
Action: Un-register Message Pool for User; Time: Sat May 12 17:02:24 CST 2007; Entities affected: User - 1
Action: Un-register Message Pool for User; Time: Sat May 12 17:02:24 CST 2007; Entities affected: User - 1
Action: Un-register Message Pool for User; Time: Sat May 12 17:02:24 CST 2007; Entities affected: User - 1
Action: Un-register Message Pool for User; Time: Sat May 12 17:02:24 CST 2007; Entities affected: User - 1
Action: Un-register Message Pool for User; Time: Sat May 12 17:02:24 CST 2007; Entities affected: User - 1
Action: Un-register Message Pool for User; Time: Sat May 12 17:02:24 CST 2007; Entities affected: User - 1
Action: Un-register Message Pool for User; Time: Sat May 12 17:02:24 CST 2007; Entities affected: User - 1
Action: Un-register Message Pool for User; Time: Sat May 12 17:02:24 CST 2007; Entities affected: User - 1
Action: Un-register Message Pool for User; Time: Sat May 12 17:02:24 CST 2007; Entities affected: User - 1
Action: Un-register Message Pool for User; Time: Sat May 12 17:02:24 CST 2007; Entities affected: User - 1
Action: Un-register Message Pool for User; Time: Sat May 12 17:02:24 CST 2007; Entities affected: User - 1
Action: Un-register Message Pool for User; Time: Sat May 12 17:02:24 CST 2007; Entities affected: User - 1
Action: Un-register Message Pool for User; Time: Sat May 12 17:02:24 CST 2007; Entities affected: User - 1
Action: Un-register Message Pool for User; Time: Sat May 12 17:02:24 CST 2007; Entities affected: User - 1
Action: Un-register Message Pool for User; Time: Sat May 12 17:02:24 CST 2007; Entities affected: User - 1
Action: Un-register Message Pool for User; Time: Sat May 12 17:02:24 CST 2007; Entities affected: User - 1
Action: Un-register Message Pool for User; Time: Sat May 12 17:02:24 CST 2007; Entities affected: User - 1
Action: Un-register Message Pool for User; Time: Sat May 12 17:02:24 CST 2007; Entities affected: User - 1
Action: Un-register Message Pool for User; Time: Sat May 12 17:02:24 CST 2007; Entities affected: User - 1
Action: Un-register Message Pool for User; Time: Sat May 12 17:02:24 CST 2007; Entities affected: User - 1
Action: Un-register Message Pool for User; Time: Sat May 12 17:02:24 CST 2007; Entities affected: User - 1
Action: Un-register Message Pool for User; Time: Sat May 12 17:02:24 CST 2007; Entities affected: User - 1
Action: Un-register Message Pool for User; Time: Sat May 12 17:02:24 CST 2007; Entities affected: User - 1
Action: Un-register Message Pool for User; Time: Sat May 12 17:02:24 CST 2007; Entities affected: User - 1
Action: Un-register Message Pool for User; Time: Sat May 12 17:02:24 CST 2007; Entities affected: User - 1
Action: Un-register Message Pool for User; Time: Sat May 12 17:02:24 CST 2007; Entities affected: User - 1
Action: Un-register Message Pool for User; Time: Sat May 12 17:02:24 CST 2007; Entities affected: User - 1
Action: Un-register Message Pool for User; Time: Sat May 12 17:02:24 CST 2007; Entities affected: User - 1
Action: Un-register Message Pool for User; Time: Sat May 12 17:02:24 CST 2007; Entities affected: User - 1
Action: Un-register Message Pool for User; Time: Sat May 12 17:02:24 CST 2007; Entities affected: User - 1
Action: Un-register Message Pool for User; Time: Sat May 12 17:02:24 CST 2007; Entities affected: User - 1
Action: Un-register Message Pool for User; Time: Sat May 12 17:02:24 CST 2007; Entities affected: User - 1
Action: Un-register Message Pool for User; Time: Sat May 12 17:02:24 CST 2007; Entities affected: User - 1
Action: Un-register Message Pool for User; Time: Sat May 12 17:02:24 CST 2007; Entities affected: User - 1
Action: Un-register Message Pool for User; Time: Sat May 12 17:02:24 CST 2007; Entities affected: User - 1
Action: Un-register Message Pool for User; Time: Sat May 12 17:02:24 CST 2007; Entities affected: User - 1
Action: Un-register Message Pool for User; Time: Sat May 12 17:02:24 CST 2007; Entities affected: User - 1
Action: Un-register Message Pool for User; Time: Sat May 12 17:02:24 CST 2007; Entities affected: User - 1
Action: Un-register Message Pool for User; Time: Sat May 12 17:02:24 CST 2007; Entities affected: User - 1
Action: Un-register Message Pool for User; Time: Sat May 12 17:02:24 CST 2007; Entities affected: User - 1
Action: Un-register Message Pool for User; Time: Sat May 12 17:02:24 CST 2007; Entities affected: User - 1
Action: Un-register Message Pool for User; Time: Sat May 12 17:02:24 CST 2007; Entities affected: User - 1
Action: Un-register Message Pool for User; Time: Sat May 12 17:02:24 CST 2007; Entities affected: User - 1
Action: Un-register Message Pool for User; Time: Sat May 12 17:02:24 CST 2007; Entities affected: User - 1
Action: Un-register Message Pool for User; Time: Sat May 12 17:02:24 CST 2007; Entities affected: User - 1
Action: Un-register Message Pool for User; Time: Sat May 12 17:02:24 CST 2007; Entities affected: User - 1
Action: Un-register Message Pool for User; Time: Sat May 12 17:02:24 CST 2007; Entities affected: User - 1
Action: Un-register Message Pool for User; Time: Sat May 12 17:02:24 CST 2007; Entities affected: User - 1
Action: Un-register Message Pool for User; Time: Sat May 12 17:02:24 CST 2007; Entities affected: User - 1
Action: Un-register Message Pool for User; Time: Sat May 12 17:02:24 CST 2007; Entities affected: User - 1
Action: Un-register Message Pool for User; Time: Sat May 12 17:02:24 CST 2007; Entities affected: User - 1
Action: Un-register Message Pool for User; Time: Sat May 12 17:02:24 CST 2007; Entities affected: User - 1
Action: Un-register Message Pool for User; Time: Sat May 12 17:02:24 CST 2007; Entities affected: User - 1
Action: Un-register Message Pool for User; Time: Sat May 12 17:02:24 CST 2007; Entities affected: User - 1
Action: Un-register Message Pool for User; Time: Sat May 12 17:02:24 CST 2007; Entities affected: User - 1
Action: Un-register Message Pool for User; Time: Sat May 12 17:02:24 CST 2007; Entities affected: User - 1
Action: Un-register Message Pool for User; Time: Sat May 12 17:02:24 CST 2007; Entities affected: User - 1
Action: Un-register Message Pool for User; Time: Sat May 12 17:02:24 CST 2007; Entities affected: User - 1
Action: Un-register Message Pool for User; Time: Sat May 12 17:02:24 CST 2007; Entities affected: User - 1
Action: Un-register Message Pool for User; Time: Sat May 12 17:02:24 CST 2007; Entities affected: User - 1
Action: Un-register Message Pool for User; Time: Sat May 12 17:02:24 CST 2007; Entities affected: User - 1
Action: Un-register Message Pool for User; Time: Sat May 12 17:02:24 CST 2007; Entities affected: User - 1
Action: Un-register Message Pool for User; Time: Sat May 12 17:02:24 CST 2007; Entities affected: User - 1
Action: Un-register Message Pool for User; Time: Sat May 12 17:02:24 CST 2007; Entities affected: User - 1
Action: Un-register Message Pool for User; Time: Sat May 12 17:02:24 CST 2007; Entities affected: User - 1
Action: Un-register Message Pool for User; Time: Sat May 12 17:02:24 CST 2007; Entities affected: User - 1
Action: Un-register Message Pool for User; Time: Sat May 12 17:02:24 CST 2007; Entities affected: User - 1
Action: Un-register Message Pool for User; Time: Sat May 12 17:02:24 CST 2007; Entities affected: User - 1
Action: Un-register Message Pool for User; Time: Sat May 12 17:02:24 CST 2007; Entities affected: User - 1
Action: Un-register Message Pool for User; Time: Sat May 12 17:02:24 CST 2007; Entities affected: User - 1
Action: Un-register Message Pool for User; Time: Sat May 12 17:02:24 CST 2007; Entities affected: User - 1
Action: Un-register Message Pool for User; Time: Sat May 12 17:02:24 CST 2007; Entities affected: User - 1
Action: Un-register Message Pool for User; Time: Sat May 12 17:02:24 CST 2007; Entities affected: User - 1
Action: Un-register Message Pool for User; Time: Sat May 12 17:02:24 CST 2007; Entities affected: User - 1
Action: Un-register Message Pool for User; Time: Sat May 12 17:02:24 CST 2007; Entities affected: User - 1
Action: Un-register Message Pool for User; Time: Sat May 12 17:02:24 CST 2007; Entities affected: User - 1
Action: Un-register Message Pool for User; Time: Sat May 12 17:02:24 CST 2007; Entities affected: User - 1
Action: Un-register Message Pool for User; Time: Sat May 12 17:02:24 CST 2007; Entities affected: User - 1
Action: Un-register Message Pool for User; Time: Sat May 12 17:02:24 CST 2007; Entities affected: User - 1
Action: Un-register Message Pool for User; Time: Sat May 12 17:02:24 CST 2007; Entities affected: User - 1
Action: Un-register Message Pool for User; Time: Sat May 12 17:02:24 CST 2007; Entities affected: User - 1
Action: Un-register Message Pool for User; Time: Sat May 12 17:02:24 CST 2007; Entities affected: User - 1
Action: Un-register Message Pool for User; Time: Sat May 12 17:02:24 CST 2007; Entities affected: User - 1
Action: Un-register Message Pool for User; Time: Sat May 12 17:02:24 CST 2007; Entities affected: User - 1
Action: Un-register Message Pool for User; Time: Sat May 12 17:02:24 CST 2007; Entities affected: User - 1
Action: Un-register Message Pool for User; Time: Sat May 12 17:02:24 CST 2007; Entities affected: User - 1
Action: Un-register Message Pool for User; Time: Sat May 12 17:02:24 CST 2007; Entities affected: User - 1
Action: Un-register Message Pool for User; Time: Sat May 12 17:02:24 CST 2007; Entities affected: User - 1
Action: Un-register Message Pool for User; Time: Sat May 12 17:02:24 CST 2007; Entities affected: User - 1
Action: Un-register Message Pool for User; Time: Sat May 12 17:02:24 CST 2007; Entities affected: User - 1
Action: Un-register Message Pool for User; Time: Sat May 12 17:02:24 CST 2007; Entities affected: User - 1
Action: Un-register Message Pool for User; Time: Sat May 12 17:02:24 CST 2007; Entities affected: User - 1
Action: Un-register Message Pool for User; Time: Sat May 12 17:02:24 CST 2007; Entities affected: User - 1
Action: Un-register Message Pool for User; Time: Sat May 12 17:02:24 CST 2007; Entities affected: User - 1
Action: Un-register Message Pool for User; Time: Sat May 12 17:02:24 CST 2007; Entities affected: User - 1
Action: Un-register Message Pool for User; Time: Sat May 12 17:02:24 CST 2007; Entities affected: User - 1
Executing testStatusChanged_OnToOff() 100 times takes 16ms
]]></system-out>
  <system-err><![CDATA[com.cronos.im.logic.IMConfigurationException: The namespace com.cronos.im.logic.unknown is unknown., caused by com.cronos.im.logic.unknown is unknown
	at com.cronos.im.logic.IMHelper.getOptionalConfigString(IMHelper.java:115)
	at com.cronos.im.logic.IMHelper.getRequiredConfigString(IMHelper.java:136)
	at com.cronos.im.logic.MessagePoolDetector.main(MessagePoolDetector.java:120)
	at com.cronos.im.logic.MessagePoolDetectorUnitTests.test_main_failure1(MessagePoolDetectorUnitTests.java:75)
	at sun.reflect.NativeMethodAccessorImpl.invoke0(Native Method)
	at sun.reflect.NativeMethodAccessorImpl.invoke(NativeMethodAccessorImpl.java:39)
	at sun.reflect.DelegatingMethodAccessorImpl.invoke(DelegatingMethodAccessorImpl.java:25)
	at java.lang.reflect.Method.invoke(Method.java:324)
	at junit.framework.TestCase.runTest(TestCase.java:164)
	at junit.framework.TestCase.runBare(TestCase.java:130)
	at junit.framework.TestResult$1.protect(TestResult.java:106)
	at junit.framework.TestResult.runProtected(TestResult.java:124)
	at junit.framework.TestResult.run(TestResult.java:109)
	at junit.framework.TestCase.run(TestCase.java:120)
	at junit.framework.TestSuite.runTest(TestSuite.java:230)
	at junit.framework.TestSuite.run(TestSuite.java:225)
	at junit.framework.TestSuite.runTest(TestSuite.java:230)
	at junit.framework.TestSuite.run(TestSuite.java:225)
	at junit.framework.TestSuite.runTest(TestSuite.java:230)
	at junit.framework.TestSuite.run(TestSuite.java:225)
	at org.apache.tools.ant.taskdefs.optional.junit.JUnitTestRunner.run(JUnitTestRunner.java:421)
	at org.apache.tools.ant.taskdefs.optional.junit.JUnitTestRunner.launch(JUnitTestRunner.java:912)
	at org.apache.tools.ant.taskdefs.optional.junit.JUnitTestRunner.main(JUnitTestRunner.java:766)
Caused by: com.topcoder.util.config.UnknownNamespaceException: com.cronos.im.logic.unknown is unknown
	at com.topcoder.util.config.DefaultConfigManager.getPropertyObject(DefaultConfigManager.java:429)
	at com.topcoder.util.config.DefaultConfigManager.getString(DefaultConfigManager.java:449)
	at com.cronos.im.logic.IMHelper.getOptionalConfigString(IMHelper.java:113)
	... 22 more
Caused by:com.topcoder.util.config.UnknownNamespaceException: com.cronos.im.logic.unknown is unknown
	at com.topcoder.util.config.DefaultConfigManager.getPropertyObject(DefaultConfigManager.java:429)
	at com.topcoder.util.config.DefaultConfigManager.getString(DefaultConfigManager.java:449)
	at com.cronos.im.logic.IMHelper.getOptionalConfigString(IMHelper.java:113)
	at com.cronos.im.logic.IMHelper.getRequiredConfigString(IMHelper.java:136)
	at com.cronos.im.logic.MessagePoolDetector.main(MessagePoolDetector.java:120)
	at com.cronos.im.logic.MessagePoolDetectorUnitTests.test_main_failure1(MessagePoolDetectorUnitTests.java:75)
	at sun.reflect.NativeMethodAccessorImpl.invoke0(Native Method)
	at sun.reflect.NativeMethodAccessorImpl.invoke(NativeMethodAccessorImpl.java:39)
	at sun.reflect.DelegatingMethodAccessorImpl.invoke(DelegatingMethodAccessorImpl.java:25)
	at java.lang.reflect.Method.invoke(Method.java:324)
	at junit.framework.TestCase.runTest(TestCase.java:164)
	at junit.framework.TestCase.runBare(TestCase.java:130)
	at junit.framework.TestResult$1.protect(TestResult.java:106)
	at junit.framework.TestResult.runProtected(TestResult.java:124)
	at junit.framework.TestResult.run(TestResult.java:109)
	at junit.framework.TestCase.run(TestCase.java:120)
	at junit.framework.TestSuite.runTest(TestSuite.java:230)
	at junit.framework.TestSuite.run(TestSuite.java:225)
	at junit.framework.TestSuite.runTest(TestSuite.java:230)
	at junit.framework.TestSuite.run(TestSuite.java:225)
	at junit.framework.TestSuite.runTest(TestSuite.java:230)
	at junit.framework.TestSuite.run(TestSuite.java:225)
	at org.apache.tools.ant.taskdefs.optional.junit.JUnitTestRunner.run(JUnitTestRunner.java:421)
	at org.apache.tools.ant.taskdefs.optional.junit.JUnitTestRunner.launch(JUnitTestRunner.java:912)
	at org.apache.tools.ant.taskdefs.optional.junit.JUnitTestRunner.main(JUnitTestRunner.java:766)
com.cronos.im.logic.IMConfigurationException: The namespace com.cronos.im.logic.MessagePoolDetector is unknown., caused by com.cronos.im.logic.MessagePoolDetector is unknown
	at com.cronos.im.logic.IMHelper.getOptionalConfigString(IMHelper.java:115)
	at com.cronos.im.logic.IMHelper.getRequiredConfigString(IMHelper.java:136)
	at com.cronos.im.logic.MessagePoolDetector.main(MessagePoolDetector.java:120)
	at com.cronos.im.logic.MessagePoolDetectorUnitTests.test_main_failure2(MessagePoolDetectorUnitTests.java:87)
	at sun.reflect.NativeMethodAccessorImpl.invoke0(Native Method)
	at sun.reflect.NativeMethodAccessorImpl.invoke(NativeMethodAccessorImpl.java:39)
	at sun.reflect.DelegatingMethodAccessorImpl.invoke(DelegatingMethodAccessorImpl.java:25)
	at java.lang.reflect.Method.invoke(Method.java:324)
	at junit.framework.TestCase.runTest(TestCase.java:164)
	at junit.framework.TestCase.runBare(TestCase.java:130)
	at junit.framework.TestResult$1.protect(TestResult.java:106)
	at junit.framework.TestResult.runProtected(TestResult.java:124)
	at junit.framework.TestResult.run(TestResult.java:109)
	at junit.framework.TestCase.run(TestCase.java:120)
	at junit.framework.TestSuite.runTest(TestSuite.java:230)
	at junit.framework.TestSuite.run(TestSuite.java:225)
	at junit.framework.TestSuite.runTest(TestSuite.java:230)
	at junit.framework.TestSuite.run(TestSuite.java:225)
	at junit.framework.TestSuite.runTest(TestSuite.java:230)
	at junit.framework.TestSuite.run(TestSuite.java:225)
	at org.apache.tools.ant.taskdefs.optional.junit.JUnitTestRunner.run(JUnitTestRunner.java:421)
	at org.apache.tools.ant.taskdefs.optional.junit.JUnitTestRunner.launch(JUnitTestRunner.java:912)
	at org.apache.tools.ant.taskdefs.optional.junit.JUnitTestRunner.main(JUnitTestRunner.java:766)
Caused by: com.topcoder.util.config.UnknownNamespaceException: com.cronos.im.logic.MessagePoolDetector is unknown
	at com.topcoder.util.config.DefaultConfigManager.getPropertyObject(DefaultConfigManager.java:429)
	at com.topcoder.util.config.DefaultConfigManager.getString(DefaultConfigManager.java:449)
	at com.cronos.im.logic.IMHelper.getOptionalConfigString(IMHelper.java:113)
	... 22 more
Caused by:com.topcoder.util.config.UnknownNamespaceException: com.cronos.im.logic.MessagePoolDetector is unknown
	at com.topcoder.util.config.DefaultConfigManager.getPropertyObject(DefaultConfigManager.java:429)
	at com.topcoder.util.config.DefaultConfigManager.getString(DefaultConfigManager.java:449)
	at com.cronos.im.logic.IMHelper.getOptionalConfigString(IMHelper.java:113)
	at com.cronos.im.logic.IMHelper.getRequiredConfigString(IMHelper.java:136)
	at com.cronos.im.logic.MessagePoolDetector.main(MessagePoolDetector.java:120)
	at com.cronos.im.logic.MessagePoolDetectorUnitTests.test_main_failure2(MessagePoolDetectorUnitTests.java:87)
	at sun.reflect.NativeMethodAccessorImpl.invoke0(Native Method)
	at sun.reflect.NativeMethodAccessorImpl.invoke(NativeMethodAccessorImpl.java:39)
	at sun.reflect.DelegatingMethodAccessorImpl.invoke(DelegatingMethodAccessorImpl.java:25)
	at java.lang.reflect.Method.invoke(Method.java:324)
	at junit.framework.TestCase.runTest(TestCase.java:164)
	at junit.framework.TestCase.runBare(TestCase.java:130)
	at junit.framework.TestResult$1.protect(TestResult.java:106)
	at junit.framework.TestResult.runProtected(TestResult.java:124)
	at junit.framework.TestResult.run(TestResult.java:109)
	at junit.framework.TestCase.run(TestCase.java:120)
	at junit.framework.TestSuite.runTest(TestSuite.java:230)
	at junit.framework.TestSuite.run(TestSuite.java:225)
	at junit.framework.TestSuite.runTest(TestSuite.java:230)
	at junit.framework.TestSuite.run(TestSuite.java:225)
	at junit.framework.TestSuite.runTest(TestSuite.java:230)
	at junit.framework.TestSuite.run(TestSuite.java:225)
	at org.apache.tools.ant.taskdefs.optional.junit.JUnitTestRunner.run(JUnitTestRunner.java:421)
	at org.apache.tools.ant.taskdefs.optional.junit.JUnitTestRunner.launch(JUnitTestRunner.java:912)
	at org.apache.tools.ant.taskdefs.optional.junit.JUnitTestRunner.main(JUnitTestRunner.java:766)
com.cronos.im.logic.IMConfigurationException: The property factory_namespace is namespace com.cronos.im.logic.MessagePoolDetector.Invalid1 is empty.
	at com.cronos.im.logic.IMHelper.getOptionalConfigString(IMHelper.java:119)
	at com.cronos.im.logic.IMHelper.getRequiredConfigString(IMHelper.java:136)
	at com.cronos.im.logic.MessagePoolDetector.main(MessagePoolDetector.java:120)
	at com.cronos.im.logic.MessagePoolDetectorUnitTests.test_main_failure3(MessagePoolDetectorUnitTests.java:98)
	at sun.reflect.NativeMethodAccessorImpl.invoke0(Native Method)
	at sun.reflect.NativeMethodAccessorImpl.invoke(NativeMethodAccessorImpl.java:39)
	at sun.reflect.DelegatingMethodAccessorImpl.invoke(DelegatingMethodAccessorImpl.java:25)
	at java.lang.reflect.Method.invoke(Method.java:324)
	at junit.framework.TestCase.runTest(TestCase.java:164)
	at junit.framework.TestCase.runBare(TestCase.java:130)
	at junit.framework.TestResult$1.protect(TestResult.java:106)
	at junit.framework.TestResult.runProtected(TestResult.java:124)
	at junit.framework.TestResult.run(TestResult.java:109)
	at junit.framework.TestCase.run(TestCase.java:120)
	at junit.framework.TestSuite.runTest(TestSuite.java:230)
	at junit.framework.TestSuite.run(TestSuite.java:225)
	at junit.framework.TestSuite.runTest(TestSuite.java:230)
	at junit.framework.TestSuite.run(TestSuite.java:225)
	at junit.framework.TestSuite.runTest(TestSuite.java:230)
	at junit.framework.TestSuite.run(TestSuite.java:225)
	at org.apache.tools.ant.taskdefs.optional.junit.JUnitTestRunner.run(JUnitTestRunner.java:421)
	at org.apache.tools.ant.taskdefs.optional.junit.JUnitTestRunner.launch(JUnitTestRunner.java:912)
	at org.apache.tools.ant.taskdefs.optional.junit.JUnitTestRunner.main(JUnitTestRunner.java:766)
com.topcoder.util.objectfactory.InvalidClassSpecificationException: The object can not be initialized., caused by other
	at com.topcoder.util.objectfactory.ObjectFactory.createObjectByReflection(ObjectFactory.java:613)
	at com.topcoder.util.objectfactory.ObjectFactory.createObject(ObjectFactory.java:340)
	at com.topcoder.util.objectfactory.ObjectFactory.createObject(ObjectFactory.java:112)
	at com.cronos.im.logic.MessagePoolDetector.main(MessagePoolDetector.java:135)
	at com.cronos.im.logic.MessagePoolDetectorUnitTests.test_main_failure6(MessagePoolDetectorUnitTests.java:134)
	at sun.reflect.NativeMethodAccessorImpl.invoke0(Native Method)
	at sun.reflect.NativeMethodAccessorImpl.invoke(NativeMethodAccessorImpl.java:39)
	at sun.reflect.DelegatingMethodAccessorImpl.invoke(DelegatingMethodAccessorImpl.java:25)
	at java.lang.reflect.Method.invoke(Method.java:324)
	at junit.framework.TestCase.runTest(TestCase.java:164)
	at junit.framework.TestCase.runBare(TestCase.java:130)
	at junit.framework.TestResult$1.protect(TestResult.java:106)
	at junit.framework.TestResult.runProtected(TestResult.java:124)
	at junit.framework.TestResult.run(TestResult.java:109)
	at junit.framework.TestCase.run(TestCase.java:120)
	at junit.framework.TestSuite.runTest(TestSuite.java:230)
	at junit.framework.TestSuite.run(TestSuite.java:225)
	at junit.framework.TestSuite.runTest(TestSuite.java:230)
	at junit.framework.TestSuite.run(TestSuite.java:225)
	at junit.framework.TestSuite.runTest(TestSuite.java:230)
	at junit.framework.TestSuite.run(TestSuite.java:225)
	at org.apache.tools.ant.taskdefs.optional.junit.JUnitTestRunner.run(JUnitTestRunner.java:421)
	at org.apache.tools.ant.taskdefs.optional.junit.JUnitTestRunner.launch(JUnitTestRunner.java:912)
	at org.apache.tools.ant.taskdefs.optional.junit.JUnitTestRunner.main(JUnitTestRunner.java:766)
Caused by: java.lang.ClassNotFoundException: other
	at java.net.URLClassLoader$1.run(URLClassLoader.java:199)
	at java.security.AccessController.doPrivileged(Native Method)
	at java.net.URLClassLoader.findClass(URLClassLoader.java:187)
	at java.lang.ClassLoader.loadClass(ClassLoader.java:289)
	at sun.misc.Launcher$AppClassLoader.loadClass(Launcher.java:274)
	at java.lang.ClassLoader.loadClass(ClassLoader.java:235)
	at java.lang.ClassLoader.loadClassInternal(ClassLoader.java:302)
	at java.lang.Class.forName0(Native Method)
	at java.lang.Class.forName(Class.java:141)
	at com.topcoder.util.objectfactory.ObjectFactory.resolveClass(ObjectFactory.java:733)
	at com.topcoder.util.objectfactory.ObjectFactory.createObjectByReflection(ObjectFactory.java:611)
	... 23 more
Caused by:java.lang.ClassNotFoundException: other
	at java.net.URLClassLoader$1.run(URLClassLoader.java:199)
	at java.security.AccessController.doPrivileged(Native Method)
	at java.net.URLClassLoader.findClass(URLClassLoader.java:187)
	at java.lang.ClassLoader.loadClass(ClassLoader.java:289)
	at sun.misc.Launcher$AppClassLoader.loadClass(Launcher.java:274)
	at java.lang.ClassLoader.loadClass(ClassLoader.java:235)
	at java.lang.ClassLoader.loadClassInternal(ClassLoader.java:302)
	at java.lang.Class.forName0(Native Method)
	at java.lang.Class.forName(Class.java:141)
	at com.topcoder.util.objectfactory.ObjectFactory.resolveClass(ObjectFactory.java:733)
	at com.topcoder.util.objectfactory.ObjectFactory.createObjectByReflection(ObjectFactory.java:611)
	at com.topcoder.util.objectfactory.ObjectFactory.createObject(ObjectFactory.java:340)
	at com.topcoder.util.objectfactory.ObjectFactory.createObject(ObjectFactory.java:112)
	at com.cronos.im.logic.MessagePoolDetector.main(MessagePoolDetector.java:135)
	at com.cronos.im.logic.MessagePoolDetectorUnitTests.test_main_failure6(MessagePoolDetectorUnitTests.java:134)
	at sun.reflect.NativeMethodAccessorImpl.invoke0(Native Method)
	at sun.reflect.NativeMethodAccessorImpl.invoke(NativeMethodAccessorImpl.java:39)
	at sun.reflect.DelegatingMethodAccessorImpl.invoke(DelegatingMethodAccessorImpl.java:25)
	at java.lang.reflect.Method.invoke(Method.java:324)
	at junit.framework.TestCase.runTest(TestCase.java:164)
	at junit.framework.TestCase.runBare(TestCase.java:130)
	at junit.framework.TestResult$1.protect(TestResult.java:106)
	at junit.framework.TestResult.runProtected(TestResult.java:124)
	at junit.framework.TestResult.run(TestResult.java:109)
	at junit.framework.TestCase.run(TestCase.java:120)
	at junit.framework.TestSuite.runTest(TestSuite.java:230)
	at junit.framework.TestSuite.run(TestSuite.java:225)
	at junit.framework.TestSuite.runTest(TestSuite.java:230)
	at junit.framework.TestSuite.run(TestSuite.java:225)
	at junit.framework.TestSuite.runTest(TestSuite.java:230)
	at junit.framework.TestSuite.run(TestSuite.java:225)
	at org.apache.tools.ant.taskdefs.optional.junit.JUnitTestRunner.run(JUnitTestRunner.java:421)
	at org.apache.tools.ant.taskdefs.optional.junit.JUnitTestRunner.launch(JUnitTestRunner.java:912)
	at org.apache.tools.ant.taskdefs.optional.junit.JUnitTestRunner.main(JUnitTestRunner.java:766)
com.cronos.im.logic.IMConfigurationException: The property message_pool_key is namespace com.cronos.im.logic.MessagePoolDetector.Invalid5 is missing.
	at com.cronos.im.logic.IMHelper.getRequiredConfigString(IMHelper.java:139)
	at com.cronos.im.logic.MessagePoolDetector.main(MessagePoolDetector.java:138)
	at com.cronos.im.logic.MessagePoolDetectorUnitTests.test_main_failure7(MessagePoolDetectorUnitTests.java:146)
	at sun.reflect.NativeMethodAccessorImpl.invoke0(Native Method)
	at sun.reflect.NativeMethodAccessorImpl.invoke(NativeMethodAccessorImpl.java:39)
	at sun.reflect.DelegatingMethodAccessorImpl.invoke(DelegatingMethodAccessorImpl.java:25)
	at java.lang.reflect.Method.invoke(Method.java:324)
	at junit.framework.TestCase.runTest(TestCase.java:164)
	at junit.framework.TestCase.runBare(TestCase.java:130)
	at junit.framework.TestResult$1.protect(TestResult.java:106)
	at junit.framework.TestResult.runProtected(TestResult.java:124)
	at junit.framework.TestResult.run(TestResult.java:109)
	at junit.framework.TestCase.run(TestCase.java:120)
	at junit.framework.TestSuite.runTest(TestSuite.java:230)
	at junit.framework.TestSuite.run(TestSuite.java:225)
	at junit.framework.TestSuite.runTest(TestSuite.java:230)
	at junit.framework.TestSuite.run(TestSuite.java:225)
	at junit.framework.TestSuite.runTest(TestSuite.java:230)
	at junit.framework.TestSuite.run(TestSuite.java:225)
	at org.apache.tools.ant.taskdefs.optional.junit.JUnitTestRunner.run(JUnitTestRunner.java:421)
	at org.apache.tools.ant.taskdefs.optional.junit.JUnitTestRunner.launch(JUnitTestRunner.java:912)
	at org.apache.tools.ant.taskdefs.optional.junit.JUnitTestRunner.main(JUnitTestRunner.java:766)
com.cronos.im.logic.IMConfigurationException: The 'whether_log' property must be either 'Yes' or 'No'.
	at com.cronos.im.logic.MessagePoolDetector.main(MessagePoolDetector.java:157)
	at com.cronos.im.logic.MessagePoolDetectorUnitTests.test_main_failure8(MessagePoolDetectorUnitTests.java:158)
	at sun.reflect.NativeMethodAccessorImpl.invoke0(Native Method)
	at sun.reflect.NativeMethodAccessorImpl.invoke(NativeMethodAccessorImpl.java:39)
	at sun.reflect.DelegatingMethodAccessorImpl.invoke(DelegatingMethodAccessorImpl.java:25)
	at java.lang.reflect.Method.invoke(Method.java:324)
	at junit.framework.TestCase.runTest(TestCase.java:164)
	at junit.framework.TestCase.runBare(TestCase.java:130)
	at junit.framework.TestResult$1.protect(TestResult.java:106)
	at junit.framework.TestResult.runProtected(TestResult.java:124)
	at junit.framework.TestResult.run(TestResult.java:109)
	at junit.framework.TestCase.run(TestCase.java:120)
	at junit.framework.TestSuite.runTest(TestSuite.java:230)
	at junit.framework.TestSuite.run(TestSuite.java:225)
	at junit.framework.TestSuite.runTest(TestSuite.java:230)
	at junit.framework.TestSuite.run(TestSuite.java:225)
	at junit.framework.TestSuite.runTest(TestSuite.java:230)
	at junit.framework.TestSuite.run(TestSuite.java:225)
	at org.apache.tools.ant.taskdefs.optional.junit.JUnitTestRunner.run(JUnitTestRunner.java:421)
	at org.apache.tools.ant.taskdefs.optional.junit.JUnitTestRunner.launch(JUnitTestRunner.java:912)
	at org.apache.tools.ant.taskdefs.optional.junit.JUnitTestRunner.main(JUnitTestRunner.java:766)
com.cronos.im.logic.IMConfigurationException: Inactive time interval can not be negative.
	at com.cronos.im.logic.MessagePoolDetector.main(MessagePoolDetector.java:151)
	at com.cronos.im.logic.MessagePoolDetectorUnitTests.test_main_failure9(MessagePoolDetectorUnitTests.java:170)
	at sun.reflect.NativeMethodAccessorImpl.invoke0(Native Method)
	at sun.reflect.NativeMethodAccessorImpl.invoke(NativeMethodAccessorImpl.java:39)
	at sun.reflect.DelegatingMethodAccessorImpl.invoke(DelegatingMethodAccessorImpl.java:25)
	at java.lang.reflect.Method.invoke(Method.java:324)
	at junit.framework.TestCase.runTest(TestCase.java:164)
	at junit.framework.TestCase.runBare(TestCase.java:130)
	at junit.framework.TestResult$1.protect(TestResult.java:106)
	at junit.framework.TestResult.runProtected(TestResult.java:124)
	at junit.framework.TestResult.run(TestResult.java:109)
	at junit.framework.TestCase.run(TestCase.java:120)
	at junit.framework.TestSuite.runTest(TestSuite.java:230)
	at junit.framework.TestSuite.run(TestSuite.java:225)
	at junit.framework.TestSuite.runTest(TestSuite.java:230)
	at junit.framework.TestSuite.run(TestSuite.java:225)
	at junit.framework.TestSuite.runTest(TestSuite.java:230)
	at junit.framework.TestSuite.run(TestSuite.java:225)
	at org.apache.tools.ant.taskdefs.optional.junit.JUnitTestRunner.run(JUnitTestRunner.java:421)
	at org.apache.tools.ant.taskdefs.optional.junit.JUnitTestRunner.launch(JUnitTestRunner.java:912)
	at org.apache.tools.ant.taskdefs.optional.junit.JUnitTestRunner.main(JUnitTestRunner.java:766)
com.cronos.im.logic.IMConfigurationException: The property inactive_time_interval is namespace com.cronos.im.logic.MessagePoolDetector.Invalid8 is missing.
	at com.cronos.im.logic.IMHelper.getRequiredConfigString(IMHelper.java:139)
	at com.cronos.im.logic.MessagePoolDetector.main(MessagePoolDetector.java:145)
	at com.cronos.im.logic.MessagePoolDetectorUnitTests.test_main_failure10(MessagePoolDetectorUnitTests.java:182)
	at sun.reflect.NativeMethodAccessorImpl.invoke0(Native Method)
	at sun.reflect.NativeMethodAccessorImpl.invoke(NativeMethodAccessorImpl.java:39)
	at sun.reflect.DelegatingMethodAccessorImpl.invoke(DelegatingMethodAccessorImpl.java:25)
	at java.lang.reflect.Method.invoke(Method.java:324)
	at junit.framework.TestCase.runTest(TestCase.java:164)
	at junit.framework.TestCase.runBare(TestCase.java:130)
	at junit.framework.TestResult$1.protect(TestResult.java:106)
	at junit.framework.TestResult.runProtected(TestResult.java:124)
	at junit.framework.TestResult.run(TestResult.java:109)
	at junit.framework.TestCase.run(TestCase.java:120)
	at junit.framework.TestSuite.runTest(TestSuite.java:230)
	at junit.framework.TestSuite.run(TestSuite.java:225)
	at junit.framework.TestSuite.runTest(TestSuite.java:230)
	at junit.framework.TestSuite.run(TestSuite.java:225)
	at junit.framework.TestSuite.runTest(TestSuite.java:230)
	at junit.framework.TestSuite.run(TestSuite.java:225)
	at org.apache.tools.ant.taskdefs.optional.junit.JUnitTestRunner.run(JUnitTestRunner.java:421)
	at org.apache.tools.ant.taskdefs.optional.junit.JUnitTestRunner.launch(JUnitTestRunner.java:912)
	at org.apache.tools.ant.taskdefs.optional.junit.JUnitTestRunner.main(JUnitTestRunner.java:766)
com.cronos.im.logic.IMConfigurationException: The property chat_session_manager_key is namespace com.cronos.im.logic.MessagePoolDetector.Invalid9 is empty.
	at com.cronos.im.logic.IMHelper.getOptionalConfigString(IMHelper.java:119)
	at com.cronos.im.logic.IMHelper.getRequiredConfigString(IMHelper.java:136)
	at com.cronos.im.logic.MessagePoolDetector.main(MessagePoolDetector.java:133)
	at com.cronos.im.logic.MessagePoolDetectorUnitTests.test_main_failure11(MessagePoolDetectorUnitTests.java:194)
	at sun.reflect.NativeMethodAccessorImpl.invoke0(Native Method)
	at sun.reflect.NativeMethodAccessorImpl.invoke(NativeMethodAccessorImpl.java:39)
	at sun.reflect.DelegatingMethodAccessorImpl.invoke(DelegatingMethodAccessorImpl.java:25)
	at java.lang.reflect.Method.invoke(Method.java:324)
	at junit.framework.TestCase.runTest(TestCase.java:164)
	at junit.framework.TestCase.runBare(TestCase.java:130)
	at junit.framework.TestResult$1.protect(TestResult.java:106)
	at junit.framework.TestResult.runProtected(TestResult.java:124)
	at junit.framework.TestResult.run(TestResult.java:109)
	at junit.framework.TestCase.run(TestCase.java:120)
	at junit.framework.TestSuite.runTest(TestSuite.java:230)
	at junit.framework.TestSuite.run(TestSuite.java:225)
	at junit.framework.TestSuite.runTest(TestSuite.java:230)
	at junit.framework.TestSuite.run(TestSuite.java:225)
	at junit.framework.TestSuite.runTest(TestSuite.java:230)
	at junit.framework.TestSuite.run(TestSuite.java:225)
	at org.apache.tools.ant.taskdefs.optional.junit.JUnitTestRunner.run(JUnitTestRunner.java:421)
	at org.apache.tools.ant.taskdefs.optional.junit.JUnitTestRunner.launch(JUnitTestRunner.java:912)
	at org.apache.tools.ant.taskdefs.optional.junit.JUnitTestRunner.main(JUnitTestRunner.java:766)
com.cronos.im.logic.IMConfigurationException: Inactive time interval string is invalid integer string.
	at com.cronos.im.logic.MessagePoolDetector.main(MessagePoolDetector.java:148)
	at com.cronos.im.logic.MessagePoolDetectorUnitTests.test_main_failure12(MessagePoolDetectorUnitTests.java:206)
	at sun.reflect.NativeMethodAccessorImpl.invoke0(Native Method)
	at sun.reflect.NativeMethodAccessorImpl.invoke(NativeMethodAccessorImpl.java:39)
	at sun.reflect.DelegatingMethodAccessorImpl.invoke(DelegatingMethodAccessorImpl.java:25)
	at java.lang.reflect.Method.invoke(Method.java:324)
	at junit.framework.TestCase.runTest(TestCase.java:164)
	at junit.framework.TestCase.runBare(TestCase.java:130)
	at junit.framework.TestResult$1.protect(TestResult.java:106)
	at junit.framework.TestResult.runProtected(TestResult.java:124)
	at junit.framework.TestResult.run(TestResult.java:109)
	at junit.framework.TestCase.run(TestCase.java:120)
	at junit.framework.TestSuite.runTest(TestSuite.java:230)
	at junit.framework.TestSuite.run(TestSuite.java:225)
	at junit.framework.TestSuite.runTest(TestSuite.java:230)
	at junit.framework.TestSuite.run(TestSuite.java:225)
	at junit.framework.TestSuite.runTest(TestSuite.java:230)
	at junit.framework.TestSuite.run(TestSuite.java:225)
	at org.apache.tools.ant.taskdefs.optional.junit.JUnitTestRunner.run(JUnitTestRunner.java:421)
	at org.apache.tools.ant.taskdefs.optional.junit.JUnitTestRunner.launch(JUnitTestRunner.java:912)
	at org.apache.tools.ant.taskdefs.optional.junit.JUnitTestRunner.main(JUnitTestRunner.java:766)
com.topcoder.util.config.UnknownNamespaceException: com.topcoder.util.log is unknown
	at com.topcoder.util.config.DefaultConfigManager.getPropertyObject(DefaultConfigManager.java:429)
	at com.topcoder.util.config.DefaultConfigManager.getString(DefaultConfigManager.java:449)
	at com.topcoder.util.log.LogFactory.getAttribute(LogFactory.java:224)
	at com.topcoder.util.log.basic.BasicLog.log(BasicLog.java:74)
	at com.cronos.im.logic.IMLogger.log(IMLogger.java:150)
	at com.cronos.im.logic.IMServiceHandler$OnToBeServicedThread.run(IMServiceHandler.java:424)
Fail to perform the onToBeServiced operation. null
]]></system-err>
</testsuite>
