<?xml version="1.0" encoding="UTF-8" ?>
<testsuite name="com.cronos.im.logic.AllTests" tests="260" failures="0" errors="0" time="42.172">
  <properties>
    <property name="java.vendor" value="Sun Microsystems Inc."></property>
    <property name="package" value="com.cronos.im.logic"></property>
    <property name="docpackage.jar" value="im_application_logic_docs.jar"></property>
    <property name="verbose" value="no"></property>
    <property name="os.name" value="Windows 2003"></property>
    <property name="sun.boot.class.path" value="D:\j2sdk1.4.2_11\jre\lib\rt.jar;D:\j2sdk1.4.2_11\jre\lib\i18n.jar;D:\j2sdk1.4.2_11\jre\lib\sunrsasign.jar;D:\j2sdk1.4.2_11\jre\lib\jsse.jar;D:\j2sdk1.4.2_11\jre\lib\jce.jar;D:\j2sdk1.4.2_11\jre\lib\charsets.jar;D:\j2sdk1.4.2_11\jre\classes"></property>
    <property name="docsdir" value="docs"></property>
    <property name="javadoc.jar" value="javadocs.jar"></property>
    <property name="design_submission.jar" value="IM_Application_Logic_1.0_design_submission.jar"></property>
    <property name="component.tests.jar" value="build/dist/lib/tcs/im_application_logic_tests.jar"></property>
    <property name="sun.java2d.fontpath" value=""></property>
    <property name="java.vm.specification.vendor" value="Sun Microsystems Inc."></property>
    <property name="net.sourceforge.cobertura.datafile" value="E:\workspace\IM_Application_review\final\log\cobertura.ser"></property>
    <property name="ant.home" value="D:\ant\bin\.."></property>
    <property name="java.runtime.version" value="1.4.2_11-b06"></property>
    <property name="component_path" value="im_application_logic/1.0"></property>
    <property name="cobertura.dir" value="e:\tool\cobertura-1.8"></property>
    <property name="user.name" value="singlewood"></property>
    <property name="debug" value="off"></property>
    <property name="reports" value="reports"></property>
    <property name="testfiles" value="test_files"></property>
    <property name="dist_conf" value="build/dist/im_application_logic-1.0/conf"></property>
    <property name="component_version" value="1.0"></property>
    <property name="user.language" value="zh"></property>
    <property name="cobertura.datafile" value="log/cobertura.ser"></property>
    <property name="sun.boot.library.path" value="D:\j2sdk1.4.2_11\jre\bin"></property>
    <property name="tcs_libdir" value="d:/topcoder/lib/lib/tcs"></property>
    <property name="srcdir" value="src"></property>
    <property name="ant.project.name" value="IM Application Logic"></property>
    <property name="java.version" value="1.4.2_11"></property>
    <property name="user.timezone" value=""></property>
    <property name="dev_dist.jar" value="IM_Application_Logic_1.0_dev_dist.jar"></property>
    <property name="sun.arch.data.model" value="32"></property>
    <property name="build_lib" value="build/lib"></property>
    <property name="webdir" value="web"></property>
    <property name="java.endorsed.dirs" value="D:\j2sdk1.4.2_11\jre\lib\endorsed"></property>
    <property name="sun.cpu.isalist" value="pentium i486 i386"></property>
    <property name="packagedir" value="com/cronos/im/logic"></property>
    <property name="file.encoding.pkg" value="sun.io"></property>
    <property name="java_1_4_bootclasspath" value="D:/Program Files/Java/j2re1.4.2_11/lib/rt.jar"></property>
    <property name="file.separator" value="\"></property>
    <property name="java.specification.name" value="Java Platform API Specification"></property>
    <property name="build_docsdir" value="build/docs"></property>
    <property name="dev_submission.jar" value="IM_Application_Logic_1.0_dev_submission.jar"></property>
    <property name="java.class.version" value="48.0"></property>
    <property name="build_testclassdir" value="build/testClasses"></property>
    <property name="user.country" value="CN"></property>
    <property name="java.home" value="D:\j2sdk1.4.2_11\jre"></property>
    <property name="java.vm.info" value="mixed mode"></property>
    <property name="jar_tcs_libdir" value="lib/tcs"></property>
    <property name="ant.file" value="E:\workspace\IM_Application_review\final\build.xml"></property>
    <property name="os.version" value="5.2"></property>
    <property name="build_distdir" value="build/dist"></property>
    <property name="dist_docpackage" value="build/doc_package"></property>
    <property name="build_tcsdistdir" value="build/dist/im_application_logic-1.0"></property>
    <property name="path.separator" value=";"></property>
    <property name="java.vm.version" value="1.4.2_11-b06"></property>
    <property name="testlogdir" value="log"></property>
    <property name="ant.file.IM Application Logic" value="E:\workspace\IM_Application_review\final\build.xml"></property>
    <property name="java.util.prefs.PreferencesFactory" value="java.util.prefs.WindowsPreferencesFactory"></property>
    <property name="user.variant" value=""></property>
    <property name="ant.library.dir" value="D:\ant\lib"></property>
    <property name="javamain" value="src/java/main"></property>
    <property name="dist_lib" value="build/dist/lib/tcs"></property>
    <property name="dist_testfiles" value="build/dist/im_application_logic-1.0/test_files"></property>
    <property name="dist_javadocs" value="build/dist/im_application_logic-1.0/docs/javadocs"></property>
    <property name="java.awt.printerjob" value="sun.awt.windows.WPrinterJob"></property>
    <property name="sun.io.unicode.encoding" value="UnicodeLittle"></property>
    <property name="component" value="IM_Application_Logic"></property>
    <property name="awt.toolkit" value="sun.awt.windows.WToolkit"></property>
    <property name="component.war" value="${dist_examples}/im_application_logic.war"></property>
    <property name="user.home" value="F:\Documents and Settings\singlewood"></property>
    <property name="java.specification.vendor" value="Sun Microsystems Inc."></property>
    <property name="java.vendor.url" value="http://java.sun.com/"></property>
    <property name="java.library.path" value="D:\j2sdk1.4.2_11\jre\bin;.;F:\WINDOWS\system32;F:\WINDOWS;D:\j2sdk1.4.2_11\bin;D:\ant\bin;D:\MinGW\bin;F:\WINDOWS\system32;F:\WINDOWS;F:\WINDOWS\System32\Wbem;F:\Program Files\ATI Technologies\ATI Control Panel;F:\Program Files\Common Files\Autodesk Shared\;F:\Program Files\backburner 2\;F:\Program Files\Microsoft SQL Server\80\Tools\BINN;F:\Program Files\Microsoft SQL Server\90\Tools\binn\;F:\Program Files\Ringz Studio\Storm Codec\QTSystem\;F:\Program Files\IDM Computer Solutions\UltraEdit-32"></property>
    <property name="build_javadocsdir" value="build/docs/javadocs"></property>
    <property name="configdir" value="conf"></property>
    <property name="java.vm.vendor" value="Sun Microsystems Inc."></property>
    <property name="java.runtime.name" value="Java(TM) 2 Runtime Environment, Standard Edition"></property>
    <property name="java.class.path" value="E:\workspace\IM_Application_review\final\build\instrumented\com\cronos\im\logic;E:\workspace\IM_Application_review\final\build\testClasses;E:\workspace\IM_Application_review\final\build\classes;E:\workspace\IM_Application_review\final\conf;E:\workspace\IM_Application_review\final\test_files;E:\workspace\IM_Application_review\final\lib\base_exception.jar;E:\workspace\IM_Application_review\final\lib\configuration_manager.jar;E:\workspace\IM_Application_review\final\lib\log4j-1.2.9.jar;E:\workspace\IM_Application_review\final\lib\logging_wrapper.jar;E:\workspace\IM_Application_review\final\lib\object_factory.jar;E:\workspace\IM_Application_review\final\lib\chat_status_tracker.jar;E:\workspace\IM_Application_review\final\lib\command_line_utility.jar;E:\workspace\IM_Application_review\final\lib\typesafe_enum.jar;E:\workspace\IM_Application_review\final\lib\generic_event_manager.jar;E:\workspace\IM_Application_review\final\lib\job_scheduling.jar;E:\workspace\IM_Application_review\final\lib\executable_wrapper.jar;E:\workspace\IM_Application_review\final\lib\document_generator.jar;E:\tool\cobertura-1.8\cobertura.jar;E:\tool\cobertura-1.8\lib\asm-2.2.1.jar;E:\tool\cobertura-1.8\lib\jakarta-oro-2.0.8.jar;E:\tool\cobertura-1.8\lib\log4j-1.2.9.jar;E:\workspace\IM_Application_review\final;F:\Program Files\Java\j2re1.4.2_11\lib\ext\QTJava.zip;D:\ant\lib\junit.jar;D:\ant\lib\ant-launcher.jar;D:\ant\lib\ant.jar;D:\ant\lib\ant-junit.jar"></property>
    <property name="ant.version" value="Apache Ant version 1.6.5 compiled on June 2 2005"></property>
    <property name="ext_libdir" value="d:/topcoder/lib/lib"></property>
    <property name="builddir" value="build"></property>
    <property name="java.vm.specification.name" value="Java Virtual Machine Specification"></property>
    <property name="java.vm.specification.version" value="1.0"></property>
    <property name="junit.jar" value="d:/topcoder/lib/lib/junit.jar"></property>
    <property name="component.dist.jar" value="build/dist/im_application_logic-1.0.jar"></property>
    <property name="sun.cpu.endian" value="little"></property>
    <property name="sun.os.patch.level" value="Service Pack 1"></property>
    <property name="log4j.jar" value="d:/topcoder/lib/lib/log4j-1.2.13.jar"></property>
    <property name="java.io.tmpdir" value="F:\DOCUME~1\SINGLE~1\LOCALS~1\Temp\"></property>
    <property name="java.vendor.url.bug" value="http://java.sun.com/cgi-bin/bugreport.cgi"></property>
    <property name="build_targetclassdir" value="build/targetclasses"></property>
    <property name="javatests" value="src/java/tests"></property>
    <property name="build_classdir" value="build/classes"></property>
    <property name="javadocsdir" value="docs/javadocs"></property>
    <property name="java.awt.graphicsenv" value="sun.awt.Win32GraphicsEnvironment"></property>
    <property name="os.arch" value="x86"></property>
    <property name="instrumented.dir" value="build/instrumented/com/cronos/im/logic"></property>
    <property name="build_webdir" value="build/web"></property>
    <property name="java.ext.dirs" value="D:\j2sdk1.4.2_11\jre\lib\ext"></property>
    <property name="dist_src" value="build/dist/im_application_logic-1.0/src"></property>
    <property name="user.dir" value="E:\workspace\IM_Application_review\final"></property>
    <property name="design_dist.jar" value="IM_Application_Logic_1.0_design_dist.jar"></property>
    <property name="javasrc" value="src/java"></property>
    <property name="jar_ext_libdir" value="lib"></property>
    <property name="line.separator" value="
"></property>
    <property name="java.vm.name" value="Java HotSpot(TM) Client VM"></property>
    <property name="distfilename" value="im_application_logic"></property>
    <property name="basedir" value="E:\workspace\IM_Application_review\final"></property>
    <property name="ant.java.version" value="1.4"></property>
    <property name="file.encoding" value="GBK"></property>
    <property name="dist_docs" value="build/dist/im_application_logic-1.0/docs"></property>
    <property name="component.jar" value="build/dist/lib/tcs/im_application_logic/1.0/im_application_logic.jar"></property>
    <property name="java.specification.version" value="1.4"></property>
  </properties>
  <testcase name="testIMConfigurationException1" classname="com.cronos.im.logic.IMConfigurationExceptionUnitTests" time="0.03"></testcase>
  <testcase name="testIMConfigurationException2" classname="com.cronos.im.logic.IMConfigurationExceptionUnitTests" time="0.0"></testcase>
  <testcase name="testIMConfigurationExceptionInheritance1" classname="com.cronos.im.logic.IMConfigurationExceptionUnitTests" time="0.0"></testcase>
  <testcase name="testIMConfigurationExceptionInheritance2" classname="com.cronos.im.logic.IMConfigurationExceptionUnitTests" time="0.0"></testcase>
  <testcase name="test_checkNull_1" classname="com.cronos.im.logic.IMHelperUnitTests" time="0.401"></testcase>
  <testcase name="test_checkNull_2" classname="com.cronos.im.logic.IMHelperUnitTests" time="0.22"></testcase>
  <testcase name="test_checkString_1" classname="com.cronos.im.logic.IMHelperUnitTests" time="0.201"></testcase>
  <testcase name="test_checkString_2" classname="com.cronos.im.logic.IMHelperUnitTests" time="0.18"></testcase>
  <testcase name="test_checkString_3" classname="com.cronos.im.logic.IMHelperUnitTests" time="0.2"></testcase>
  <testcase name="test_getRequiredConfigString_1" classname="com.cronos.im.logic.IMHelperUnitTests" time="0.17"></testcase>
  <testcase name="test_getRequiredConfigString_Failure_1" classname="com.cronos.im.logic.IMHelperUnitTests" time="0.271"></testcase>
  <testcase name="test_getRequiredConfigString_Failure_2" classname="com.cronos.im.logic.IMHelperUnitTests" time="0.22"></testcase>
  <testcase name="test_getOptionalConfigString_1" classname="com.cronos.im.logic.IMHelperUnitTests" time="0.18"></testcase>
  <testcase name="test_getOptionalConfigString_Failure_1" classname="com.cronos.im.logic.IMHelperUnitTests" time="0.181"></testcase>
  <testcase name="test_getOptionalConfigString_Failure_2" classname="com.cronos.im.logic.IMHelperUnitTests" time="0.17"></testcase>
  <testcase name="test_contains_1" classname="com.cronos.im.logic.IMHelperUnitTests" time="0.18"></testcase>
  <testcase name="test_contains_2" classname="com.cronos.im.logic.IMHelperUnitTests" time="0.17"></testcase>
  <testcase name="test_contains_3" classname="com.cronos.im.logic.IMHelperUnitTests" time="0.161"></testcase>
  <testcase name="test_constructor1_1" classname="com.cronos.im.logic.IMLoggerUnitTests" time="0.2"></testcase>
  <testcase name="test_constructor1_2" classname="com.cronos.im.logic.IMLoggerUnitTests" time="0.22"></testcase>
  <testcase name="test_constructor2_1" classname="com.cronos.im.logic.IMLoggerUnitTests" time="0.17"></testcase>
  <testcase name="test_constructor2_2" classname="com.cronos.im.logic.IMLoggerUnitTests" time="0.161"></testcase>
  <testcase name="test_constructor2_3" classname="com.cronos.im.logic.IMLoggerUnitTests" time="0.19"></testcase>
  <testcase name="test_constructor2_4" classname="com.cronos.im.logic.IMLoggerUnitTests" time="0.16"></testcase>
  <testcase name="test_log1_1" classname="com.cronos.im.logic.IMLoggerUnitTests" time="0.191"></testcase>
  <testcase name="test_log1_2" classname="com.cronos.im.logic.IMLoggerUnitTests" time="0.17"></testcase>
  <testcase name="test_log1_3" classname="com.cronos.im.logic.IMLoggerUnitTests" time="0.16"></testcase>
  <testcase name="test_log2_1" classname="com.cronos.im.logic.IMLoggerUnitTests" time="0.18"></testcase>
  <testcase name="test_log3_1" classname="com.cronos.im.logic.IMLoggerUnitTests" time="0.161"></testcase>
  <testcase name="test_log3_2" classname="com.cronos.im.logic.IMLoggerUnitTests" time="0.16"></testcase>
  <testcase name="test_print_help1" classname="com.cronos.im.logic.MessagePoolDetectorUnitTests" time="0.2"></testcase>
  <testcase name="test_print_help2" classname="com.cronos.im.logic.MessagePoolDetectorUnitTests" time="0.16"></testcase>
  <testcase name="test_print_help3" classname="com.cronos.im.logic.MessagePoolDetectorUnitTests" time="0.301"></testcase>
  <testcase name="test_main_accuracy" classname="com.cronos.im.logic.MessagePoolDetectorUnitTests" time="0.23"></testcase>
  <testcase name="test_main_failure1" classname="com.cronos.im.logic.MessagePoolDetectorUnitTests" time="0.14"></testcase>
  <testcase name="test_main_failure2" classname="com.cronos.im.logic.MessagePoolDetectorUnitTests" time="0.181"></testcase>
  <testcase name="test_main_failure3" classname="com.cronos.im.logic.MessagePoolDetectorUnitTests" time="0.13"></testcase>
  <testcase name="test_main_failure4" classname="com.cronos.im.logic.MessagePoolDetectorUnitTests" time="0.19"></testcase>
  <testcase name="test_main_failure5" classname="com.cronos.im.logic.MessagePoolDetectorUnitTests" time="0.15"></testcase>
  <testcase name="test_main_failure6" classname="com.cronos.im.logic.MessagePoolDetectorUnitTests" time="0.18"></testcase>
  <testcase name="test_main_failure7" classname="com.cronos.im.logic.MessagePoolDetectorUnitTests" time="0.141"></testcase>
  <testcase name="test_main_failure8" classname="com.cronos.im.logic.MessagePoolDetectorUnitTests" time="0.18"></testcase>
  <testcase name="test_main_failure9" classname="com.cronos.im.logic.MessagePoolDetectorUnitTests" time="0.18"></testcase>
  <testcase name="test_main_failure10" classname="com.cronos.im.logic.MessagePoolDetectorUnitTests" time="0.18"></testcase>
  <testcase name="test_main_failure11" classname="com.cronos.im.logic.MessagePoolDetectorUnitTests" time="0.201"></testcase>
  <testcase name="test_main_failure12" classname="com.cronos.im.logic.MessagePoolDetectorUnitTests" time="0.18"></testcase>
  <testcase name="test_constructor1_1" classname="com.cronos.im.logic.IMServiceHandlerUnitTests" time="0.27"></testcase>
  <testcase name="test_constructor1_2" classname="com.cronos.im.logic.IMServiceHandlerUnitTests" time="0.201"></testcase>
  <testcase name="test_constructor2_1" classname="com.cronos.im.logic.IMServiceHandlerUnitTests" time="0.13"></testcase>
  <testcase name="test_constructor2_2" classname="com.cronos.im.logic.IMServiceHandlerUnitTests" time="0.17"></testcase>
  <testcase name="test_constructor1_failure1" classname="com.cronos.im.logic.IMServiceHandlerUnitTests" time="0.13"></testcase>
  <testcase name="test_constructor1_failure2" classname="com.cronos.im.logic.IMServiceHandlerUnitTests" time="0.161"></testcase>
  <testcase name="test_constructor1_failure3" classname="com.cronos.im.logic.IMServiceHandlerUnitTests" time="0.12"></testcase>
  <testcase name="test_constructor1_failure4" classname="com.cronos.im.logic.IMServiceHandlerUnitTests" time="0.17"></testcase>
  <testcase name="test_constructor1_failure5" classname="com.cronos.im.logic.IMServiceHandlerUnitTests" time="0.19"></testcase>
  <testcase name="test_constructor1_failure6" classname="com.cronos.im.logic.IMServiceHandlerUnitTests" time="0.12"></testcase>
  <testcase name="test_constructor2_failure1" classname="com.cronos.im.logic.IMServiceHandlerUnitTests" time="0.181"></testcase>
  <testcase name="test_constructor2_failure2" classname="com.cronos.im.logic.IMServiceHandlerUnitTests" time="0.13"></testcase>
  <testcase name="test_constructor2_failure3" classname="com.cronos.im.logic.IMServiceHandlerUnitTests" time="0.17"></testcase>
  <testcase name="test_constructor2_failure4" classname="com.cronos.im.logic.IMServiceHandlerUnitTests" time="0.14"></testcase>
  <testcase name="test_constructor2_failure5" classname="com.cronos.im.logic.IMServiceHandlerUnitTests" time="0.161"></testcase>
  <testcase name="test_constructor3_1" classname="com.cronos.im.logic.IMServiceHandlerUnitTests" time="0.13"></testcase>
  <testcase name="test_constructor3_2" classname="com.cronos.im.logic.IMServiceHandlerUnitTests" time="0.18"></testcase>
  <testcase name="test_constructor3_failure1" classname="com.cronos.im.logic.IMServiceHandlerUnitTests" time="0.13"></testcase>
  <testcase name="test_constructor3_failure2" classname="com.cronos.im.logic.IMServiceHandlerUnitTests" time="0.16"></testcase>
  <testcase name="test_constructor3_failure3" classname="com.cronos.im.logic.IMServiceHandlerUnitTests" time="0.121"></testcase>
  <testcase name="test_constructor3_failure4" classname="com.cronos.im.logic.IMServiceHandlerUnitTests" time="0.18"></testcase>
  <testcase name="test_constructor3_failure5" classname="com.cronos.im.logic.IMServiceHandlerUnitTests" time="0.13"></testcase>
  <testcase name="test_constructor3_failure6" classname="com.cronos.im.logic.IMServiceHandlerUnitTests" time="0.16"></testcase>
  <testcase name="test_constructor3_failure7" classname="com.cronos.im.logic.IMServiceHandlerUnitTests" time="0.13"></testcase>
  <testcase name="test_constructor3_failure_invalid_config_1" classname="com.cronos.im.logic.IMServiceHandlerUnitTests" time="0.161"></testcase>
  <testcase name="test_constructor3_failure_invalid_config_2" classname="com.cronos.im.logic.IMServiceHandlerUnitTests" time="0.12"></testcase>
  <testcase name="test_constructor3_failure_invalid_config_3" classname="com.cronos.im.logic.IMServiceHandlerUnitTests" time="0.16"></testcase>
  <testcase name="test_constructor3_failure_invalid_config_4" classname="com.cronos.im.logic.IMServiceHandlerUnitTests" time="0.18"></testcase>
  <testcase name="test_onToBeServiced_getReuqester_1" classname="com.cronos.im.logic.IMServiceHandlerUnitTests" time="2.134"></testcase>
  <testcase name="test_setResponder_clearAllResponders_getReuqester1" classname="com.cronos.im.logic.IMServiceHandlerUnitTests" time="0.18"></testcase>
  <testcase name="test_onToBeServiced_failure_1" classname="com.cronos.im.logic.IMServiceHandlerUnitTests" time="0.13"></testcase>
  <testcase name="test_onServiced_failure_1" classname="com.cronos.im.logic.IMServiceHandlerUnitTests" time="0.17"></testcase>
  <testcase name="test_getResponder_failure_1" classname="com.cronos.im.logic.IMServiceHandlerUnitTests" time="0.11"></testcase>
  <testcase name="test_getResponder_failure_2" classname="com.cronos.im.logic.IMServiceHandlerUnitTests" time="0.191"></testcase>
  <testcase name="test_setResponder_onServiced_1" classname="com.cronos.im.logic.IMServiceHandlerUnitTests" time="0.12"></testcase>
  <testcase name="test_onServiced_1" classname="com.cronos.im.logic.IMServiceHandlerUnitTests" time="0.17"></testcase>
  <testcase name="test_getChatUserStatusTracker" classname="com.cronos.im.logic.IMServiceHandlerUnitTests" time="0.19"></testcase>
  <testcase name="test_getServiceEngine" classname="com.cronos.im.logic.IMServiceHandlerUnitTests" time="0.131"></testcase>
  <testcase name="test_getMessenger" classname="com.cronos.im.logic.IMServiceHandlerUnitTests" time="0.18"></testcase>
  <testcase name="test_getChatSessionManager" classname="com.cronos.im.logic.IMServiceHandlerUnitTests" time="0.12"></testcase>
  <testcase name="test_getChatSessionStatusTracker" classname="com.cronos.im.logic.IMServiceHandlerUnitTests" time="0.18"></testcase>
  <testcase name="test_getResponderWaitTime" classname="com.cronos.im.logic.IMServiceHandlerUnitTests" time="0.11"></testcase>
  <testcase name="test_getCheckResponseInterval" classname="com.cronos.im.logic.IMServiceHandlerUnitTests" time="0.171"></testcase>
  <testcase name="test_constructor1_1" classname="com.cronos.im.logic.SessionStatusEventListenerUnitTests" time="0.13"></testcase>
  <testcase name="test_constructor1_2" classname="com.cronos.im.logic.SessionStatusEventListenerUnitTests" time="0.17"></testcase>
  <testcase name="test_constructor1_failure1" classname="com.cronos.im.logic.SessionStatusEventListenerUnitTests" time="0.12"></testcase>
  <testcase name="test_constructor1_failure2" classname="com.cronos.im.logic.SessionStatusEventListenerUnitTests" time="0.181"></testcase>
  <testcase name="test_constructor1_failure3" classname="com.cronos.im.logic.SessionStatusEventListenerUnitTests" time="0.12"></testcase>
  <testcase name="test_getMessenger" classname="com.cronos.im.logic.SessionStatusEventListenerUnitTests" time="0.21"></testcase>
  <testcase name="test_getChatSessionManager" classname="com.cronos.im.logic.SessionStatusEventListenerUnitTests" time="0.12"></testcase>
  <testcase name="test_getChatSessionStatusTracker" classname="com.cronos.im.logic.SessionStatusEventListenerUnitTests" time="0.18"></testcase>
  <testcase name="test_statusChanged_1" classname="com.cronos.im.logic.SessionStatusEventListenerUnitTests" time="0.131"></testcase>
  <testcase name="test_statusChanged_failure1" classname="com.cronos.im.logic.SessionStatusEventListenerUnitTests" time="0.17"></testcase>
  <testcase name="test_statusChanged_failure2" classname="com.cronos.im.logic.SessionStatusEventListenerUnitTests" time="0.13"></testcase>
  <testcase name="test_statusChanged_failure3" classname="com.cronos.im.logic.SessionStatusEventListenerUnitTests" time="0.17"></testcase>
  <testcase name="test_constructor1_1" classname="com.cronos.im.logic.UserSessionEventListenerUnitTests" time="0.121"></testcase>
  <testcase name="test_constructor1_2" classname="com.cronos.im.logic.UserSessionEventListenerUnitTests" time="0.18"></testcase>
  <testcase name="test_constructor2_1" classname="com.cronos.im.logic.UserSessionEventListenerUnitTests" time="0.12"></testcase>
  <testcase name="test_constructor2_2" classname="com.cronos.im.logic.UserSessionEventListenerUnitTests" time="0.16"></testcase>
  <testcase name="test_constructor1_failure1" classname="com.cronos.im.logic.UserSessionEventListenerUnitTests" time="0.12"></testcase>
  <testcase name="test_constructor1_failure2" classname="com.cronos.im.logic.UserSessionEventListenerUnitTests" time="0.181"></testcase>
  <testcase name="test_constructor1_failure3" classname="com.cronos.im.logic.UserSessionEventListenerUnitTests" time="0.13"></testcase>
  <testcase name="test_constructor1_failure4" classname="com.cronos.im.logic.UserSessionEventListenerUnitTests" time="0.2"></testcase>
  <testcase name="test_constructor2_failure1" classname="com.cronos.im.logic.UserSessionEventListenerUnitTests" time="0.14"></testcase>
  <testcase name="test_constructor2_failure2" classname="com.cronos.im.logic.UserSessionEventListenerUnitTests" time="0.191"></testcase>
  <testcase name="test_constructor2_failure3" classname="com.cronos.im.logic.UserSessionEventListenerUnitTests" time="0.12"></testcase>
  <testcase name="test_constructor3_1" classname="com.cronos.im.logic.UserSessionEventListenerUnitTests" time="0.18"></testcase>
  <testcase name="test_constructor3_2" classname="com.cronos.im.logic.UserSessionEventListenerUnitTests" time="0.12"></testcase>
  <testcase name="test_constructor3_failure1" classname="com.cronos.im.logic.UserSessionEventListenerUnitTests" time="0.17"></testcase>
  <testcase name="test_constructor3_failure2" classname="com.cronos.im.logic.UserSessionEventListenerUnitTests" time="0.121"></testcase>
  <testcase name="test_constructor3_failure3" classname="com.cronos.im.logic.UserSessionEventListenerUnitTests" time="0.17"></testcase>
  <testcase name="test_constructor3_failure4" classname="com.cronos.im.logic.UserSessionEventListenerUnitTests" time="0.11"></testcase>
  <testcase name="test_constructor3_failure5" classname="com.cronos.im.logic.UserSessionEventListenerUnitTests" time="0.17"></testcase>
  <testcase name="test_constructor3_failure6" classname="com.cronos.im.logic.UserSessionEventListenerUnitTests" time="0.12"></testcase>
  <testcase name="test_constructor3_failure7" classname="com.cronos.im.logic.UserSessionEventListenerUnitTests" time="0.171"></testcase>
  <testcase name="test_getMessenger" classname="com.cronos.im.logic.UserSessionEventListenerUnitTests" time="0.14"></testcase>
  <testcase name="test_getChatSessionManager" classname="com.cronos.im.logic.UserSessionEventListenerUnitTests" time="0.2"></testcase>
  <testcase name="test_getChatSessionStatusTracker" classname="com.cronos.im.logic.UserSessionEventListenerUnitTests" time="0.12"></testcase>
  <testcase name="test_constructor3_failure8" classname="com.cronos.im.logic.UserSessionEventListenerUnitTests" time="0.171"></testcase>
  <testcase name="test_userRequested_1" classname="com.cronos.im.logic.UserSessionEventListenerUnitTests" time="0.13"></testcase>
  <testcase name="test_userRequested_failure1" classname="com.cronos.im.logic.UserSessionEventListenerUnitTests" time="0.16"></testcase>
  <testcase name="test_userAdded_1" classname="com.cronos.im.logic.UserSessionEventListenerUnitTests" time="0.13"></testcase>
  <testcase name="test_userAdded_failure1" classname="com.cronos.im.logic.UserSessionEventListenerUnitTests" time="0.191"></testcase>
  <testcase name="test_userRemoved_1" classname="com.cronos.im.logic.UserSessionEventListenerUnitTests" time="0.12"></testcase>
  <testcase name="test_userRemoved_failure1" classname="com.cronos.im.logic.UserSessionEventListenerUnitTests" time="0.16"></testcase>
  <testcase name="test_userRemoved_2" classname="com.cronos.im.logic.UserSessionEventListenerUnitTests" time="0.12"></testcase>
  <testcase name="test_getAcknowledgeTime" classname="com.cronos.im.logic.UserSessionEventListenerUnitTests" time="0.18"></testcase>
  <testcase name="test_constructor1_1" classname="com.cronos.im.logic.UserStatusEventListenerUnitTests" time="0.111"></testcase>
  <testcase name="test_constructor1_2" classname="com.cronos.im.logic.UserStatusEventListenerUnitTests" time="0.18"></testcase>
  <testcase name="test_constructor1_failure1" classname="com.cronos.im.logic.UserStatusEventListenerUnitTests" time="0.13"></testcase>
  <testcase name="test_constructor1_failure2" classname="com.cronos.im.logic.UserStatusEventListenerUnitTests" time="0.17"></testcase>
  <testcase name="test_getChatUserStatusTracker" classname="com.cronos.im.logic.UserStatusEventListenerUnitTests" time="0.11"></testcase>
  <testcase name="test_statusChanged_1" classname="com.cronos.im.logic.UserStatusEventListenerUnitTests" time="0.181"></testcase>
  <testcase name="test_statusChanged_failure1" classname="com.cronos.im.logic.UserStatusEventListenerUnitTests" time="0.12"></testcase>
  <testcase name="test_statusChanged_failure2" classname="com.cronos.im.logic.UserStatusEventListenerUnitTests" time="0.16"></testcase>
  <testcase name="test_statusChanged_failure3" classname="com.cronos.im.logic.UserStatusEventListenerUnitTests" time="0.12"></testcase>
  <testcase name="test_statusChanged_2" classname="com.cronos.im.logic.UserStatusEventListenerUnitTests" time="0.18"></testcase>
  <testcase name="test_getMessagePool" classname="com.cronos.im.logic.UserStatusEventListenerUnitTests" time="0.121"></testcase>
  <testcase name="test_demo_status_event_listeners" classname="com.cronos.im.logic.Demo" time="0.18"></testcase>
  <testcase name="test_demo_user_session_event_listener" classname="com.cronos.im.logic.Demo" time="0.18"></testcase>
  <testcase name="test_demo_service_handler" classname="com.cronos.im.logic.Demo" time="0.11"></testcase>
  <testcase name="test_demo_message_pool_detector" classname="com.cronos.im.logic.Demo" time="0.411"></testcase>
  <testcase name="testConstructor_DateFormat" classname="com.cronos.im.logic.accuracytests.IMLoggerTest" time="0.04"></testcase>
  <testcase name="testConstructor_String_DateFormat" classname="com.cronos.im.logic.accuracytests.IMLoggerTest" time="0.03"></testcase>
  <testcase name="testMethodLog_Level_String_StringArray" classname="com.cronos.im.logic.accuracytests.IMLoggerTest" time="0.04"></testcase>
  <testcase name="testMethodLog_Level_String_longArray_longArray" classname="com.cronos.im.logic.accuracytests.IMLoggerTest" time="0.03"></testcase>
  <testcase name="testMethodLog_Level_String" classname="com.cronos.im.logic.accuracytests.IMLoggerTest" time="0.03"></testcase>
  <testcase name="testConstructor_1" classname="com.cronos.im.logic.accuracytests.IMServiceHandlerTest" time="0.11"></testcase>
  <testcase name="testConstructor_2" classname="com.cronos.im.logic.accuracytests.IMServiceHandlerTest" time="0.03"></testcase>
  <testcase name="testConstructor_3" classname="com.cronos.im.logic.accuracytests.IMServiceHandlerTest" time="0.04"></testcase>
  <testcase name="testMethodGetCheckResponseInterval" classname="com.cronos.im.logic.accuracytests.IMServiceHandlerTest" time="0.03"></testcase>
  <testcase name="testMethodGetResponderWaitTime" classname="com.cronos.im.logic.accuracytests.IMServiceHandlerTest" time="0.031"></testcase>
  <testcase name="testMethodGetServiceEngine" classname="com.cronos.im.logic.accuracytests.IMServiceHandlerTest" time="0.03"></testcase>
  <testcase name="testMethodGetResponder_ServiceElement_Category" classname="com.cronos.im.logic.accuracytests.IMServiceHandlerTest" time="0.05"></testcase>
  <testcase name="testMethodGetMessenger" classname="com.cronos.im.logic.accuracytests.IMServiceHandlerTest" time="0.03"></testcase>
  <testcase name="testMethodGetChatSessionManager" classname="com.cronos.im.logic.accuracytests.IMServiceHandlerTest" time="0.1"></testcase>
  <testcase name="testMethodGetChatSessionStatusTracker" classname="com.cronos.im.logic.accuracytests.IMServiceHandlerTest" time="0.03"></testcase>
  <testcase name="testMethodGetChatUserStatusTracker" classname="com.cronos.im.logic.accuracytests.IMServiceHandlerTest" time="0.03"></testcase>
  <testcase name="testMethodOnServiced_ServiceEvent_1" classname="com.cronos.im.logic.accuracytests.IMServiceHandlerTest" time="0.04"></testcase>
  <testcase name="testMethodOnServiced_ServiceEvent_2" classname="com.cronos.im.logic.accuracytests.IMServiceHandlerTest" time="0.03"></testcase>
  <testcase name="testMethodOnToBeServiced_ServiceEvent" classname="com.cronos.im.logic.accuracytests.IMServiceHandlerTest" time="1.032"></testcase>
  <testcase name="testMethodMain_StringArray" classname="com.cronos.im.logic.accuracytests.MessagePoolDetectorTest" time="0.04"></testcase>
  <testcase name="testMethodGetMessenger" classname="com.cronos.im.logic.accuracytests.SessionStatusEventListenerTest" time="0.04"></testcase>
  <testcase name="testMethodGetChatSessionManager" classname="com.cronos.im.logic.accuracytests.SessionStatusEventListenerTest" time="0.11"></testcase>
  <testcase name="testMethodGetChatSessionStatusTracker" classname="com.cronos.im.logic.accuracytests.SessionStatusEventListenerTest" time="0.03"></testcase>
  <testcase name="testConstructor" classname="com.cronos.im.logic.accuracytests.SessionStatusEventListenerTest" time="0.03"></testcase>
  <testcase name="testMethodStatusChanged_long_Entity_Status_Status" classname="com.cronos.im.logic.accuracytests.SessionStatusEventListenerTest" time="0.04"></testcase>
  <testcase name="testConstructor_1" classname="com.cronos.im.logic.accuracytests.UserSessionEventListenerTest" time="0.03"></testcase>
  <testcase name="testConstructor_2" classname="com.cronos.im.logic.accuracytests.UserSessionEventListenerTest" time="0.03"></testcase>
  <testcase name="testConstructor_3" classname="com.cronos.im.logic.accuracytests.UserSessionEventListenerTest" time="0.03"></testcase>
  <testcase name="testMethodGetMessenger" classname="com.cronos.im.logic.accuracytests.UserSessionEventListenerTest" time="0.1"></testcase>
  <testcase name="testMethodGetChatSessionManager" classname="com.cronos.im.logic.accuracytests.UserSessionEventListenerTest" time="0.03"></testcase>
  <testcase name="testMethodGetChatSessionStatusTracker" classname="com.cronos.im.logic.accuracytests.UserSessionEventListenerTest" time="0.04"></testcase>
  <testcase name="testMethodGetAcknowledgeTime" classname="com.cronos.im.logic.accuracytests.UserSessionEventListenerTest" time="0.03"></testcase>
  <testcase name="testMethodUserRequested_ChatSession_long" classname="com.cronos.im.logic.accuracytests.UserSessionEventListenerTest" time="0.03"></testcase>
  <testcase name="testMethodUserRemoved_ChatSession_long" classname="com.cronos.im.logic.accuracytests.UserSessionEventListenerTest" time="0.03"></testcase>
  <testcase name="testMethodUserAdded_ChatSession_long" classname="com.cronos.im.logic.accuracytests.UserSessionEventListenerTest" time="0.041"></testcase>
  <testcase name="testMethodGetChatUserStatusTracker" classname="com.cronos.im.logic.accuracytests.UserStatusEventListenerTest" time="0.04"></testcase>
  <testcase name="testConstructor" classname="com.cronos.im.logic.accuracytests.UserStatusEventListenerTest" time="0.03"></testcase>
  <testcase name="testMethodStatusChanged_long_Entity_Status_Status" classname="com.cronos.im.logic.accuracytests.UserStatusEventListenerTest" time="0.09"></testcase>
  <testcase name="testMethodGetMessagePool" classname="com.cronos.im.logic.accuracytests.UserStatusEventListenerTest" time="0.04"></testcase>
  <testcase name="testonToBeServiced" classname="com.cronos.im.logic.stresstests.IMServiceHandlerStressTest" time="1.121"></testcase>
  <testcase name="testonServiced_WithResponder" classname="com.cronos.im.logic.stresstests.IMServiceHandlerStressTest" time="0.261"></testcase>
  <testcase name="testonServiced_NoResponder" classname="com.cronos.im.logic.stresstests.IMServiceHandlerStressTest" time="0.11"></testcase>
  <testcase name="testMain" classname="com.cronos.im.logic.stresstests.MessagePoolDetectorStressTest" time="0.361"></testcase>
  <testcase name="testStatusChanged_OpenToClose" classname="com.cronos.im.logic.stresstests.SessionStatusEventListenerStressTest" time="0.05"></testcase>
  <testcase name="testStatusChanged_CloseToOpen" classname="com.cronos.im.logic.stresstests.SessionStatusEventListenerStressTest" time="0.971"></testcase>
  <testcase name="testUserAdded" classname="com.cronos.im.logic.stresstests.UserSessionEventListenerStressTest" time="1.182"></testcase>
  <testcase name="testUserRemoved" classname="com.cronos.im.logic.stresstests.UserSessionEventListenerStressTest" time="1.302"></testcase>
  <testcase name="testUserRequested" classname="com.cronos.im.logic.stresstests.UserSessionEventListenerStressTest" time="0.621"></testcase>
  <testcase name="testStatusChanged_OffToOn" classname="com.cronos.im.logic.stresstests.UserStatusEventListenerStressTest" time="0.12"></testcase>
  <testcase name="testStatusChanged_OnToOff" classname="com.cronos.im.logic.stresstests.UserStatusEventListenerStressTest" time="0.06"></testcase>
  <testcase name="testConstructor1Failure1" classname="com.cronos.im.logic.failure.IMServiceHandlerFailureTests" time="0.11"></testcase>
  <testcase name="testConstructor1Failure2" classname="com.cronos.im.logic.failure.IMServiceHandlerFailureTests" time="0.18"></testcase>
  <testcase name="testConstructor1Failure3" classname="com.cronos.im.logic.failure.IMServiceHandlerFailureTests" time="0.09"></testcase>
  <testcase name="testConstructor1Failure4" classname="com.cronos.im.logic.failure.IMServiceHandlerFailureTests" time="0.121"></testcase>
  <testcase name="testConstructor1Failure5" classname="com.cronos.im.logic.failure.IMServiceHandlerFailureTests" time="0.21"></testcase>
  <testcase name="testConstructor1Failure6" classname="com.cronos.im.logic.failure.IMServiceHandlerFailureTests" time="0.09"></testcase>
  <testcase name="testConstructor2Failure1" classname="com.cronos.im.logic.failure.IMServiceHandlerFailureTests" time="0.09"></testcase>
  <testcase name="testConstructor2Failure2" classname="com.cronos.im.logic.failure.IMServiceHandlerFailureTests" time="0.17"></testcase>
  <testcase name="testConstructor2Failure3" classname="com.cronos.im.logic.failure.IMServiceHandlerFailureTests" time="0.111"></testcase>
  <testcase name="testConstructor2Failure4" classname="com.cronos.im.logic.failure.IMServiceHandlerFailureTests" time="0.1"></testcase>
  <testcase name="testConstructor2Failure5" classname="com.cronos.im.logic.failure.IMServiceHandlerFailureTests" time="0.1"></testcase>
  <testcase name="testConstructor3Failure1" classname="com.cronos.im.logic.failure.IMServiceHandlerFailureTests" time="0.15"></testcase>
  <testcase name="testConstructor3Failure2" classname="com.cronos.im.logic.failure.IMServiceHandlerFailureTests" time="0.1"></testcase>
  <testcase name="testConstructor3Failure3" classname="com.cronos.im.logic.failure.IMServiceHandlerFailureTests" time="0.11"></testcase>
  <testcase name="testConstructor3Failure4" classname="com.cronos.im.logic.failure.IMServiceHandlerFailureTests" time="0.1"></testcase>
  <testcase name="testConstructor3Failure5" classname="com.cronos.im.logic.failure.IMServiceHandlerFailureTests" time="0.161"></testcase>
  <testcase name="testConstructor3Failure6" classname="com.cronos.im.logic.failure.IMServiceHandlerFailureTests" time="0.11"></testcase>
  <testcase name="testConstructor3Failure7" classname="com.cronos.im.logic.failure.IMServiceHandlerFailureTests" time="0.13"></testcase>
  <testcase name="testConstructorInvalid1" classname="com.cronos.im.logic.failure.IMServiceHandlerFailureTests" time="0.19"></testcase>
  <testcase name="testConstructorInvalid2" classname="com.cronos.im.logic.failure.IMServiceHandlerFailureTests" time="0.181"></testcase>
  <testcase name="testConstructorInvalid3" classname="com.cronos.im.logic.failure.IMServiceHandlerFailureTests" time="0.11"></testcase>
  <testcase name="testConstructorInvalid4" classname="com.cronos.im.logic.failure.IMServiceHandlerFailureTests" time="0.09"></testcase>
  <testcase name="testOnServicedFailure" classname="com.cronos.im.logic.failure.IMServiceHandlerFailureTests" time="0.1"></testcase>
  <testcase name="testGetResponderFailure1" classname="com.cronos.im.logic.failure.IMServiceHandlerFailureTests" time="0.16"></testcase>
  <testcase name="testGetResponderFailure2" classname="com.cronos.im.logic.failure.IMServiceHandlerFailureTests" time="0.13"></testcase>
  <testcase name="testMainFailure1" classname="com.cronos.im.logic.failure.MessagePoolDetectorFailureTests" time="0.111"></testcase>
  <testcase name="testMainFailure2" classname="com.cronos.im.logic.failure.MessagePoolDetectorFailureTests" time="0.16"></testcase>
  <testcase name="testMainFailure3" classname="com.cronos.im.logic.failure.MessagePoolDetectorFailureTests" time="0.08"></testcase>
  <testcase name="testMainFailure4" classname="com.cronos.im.logic.failure.MessagePoolDetectorFailureTests" time="0.1"></testcase>
  <testcase name="testMainFailure5" classname="com.cronos.im.logic.failure.MessagePoolDetectorFailureTests" time="0.1"></testcase>
  <testcase name="testMainFailure6" classname="com.cronos.im.logic.failure.MessagePoolDetectorFailureTests" time="0.161"></testcase>
  <testcase name="testMainFailure7" classname="com.cronos.im.logic.failure.MessagePoolDetectorFailureTests" time="0.09"></testcase>
  <testcase name="testMainFailure8" classname="com.cronos.im.logic.failure.MessagePoolDetectorFailureTests" time="0.1"></testcase>
  <testcase name="testMainFailure9" classname="com.cronos.im.logic.failure.MessagePoolDetectorFailureTests" time="0.18"></testcase>
  <testcase name="testConstructor1Failure1" classname="com.cronos.im.logic.failure.SessionStatusEventListenerFailureTests" time="0.1"></testcase>
  <testcase name="testConstructor1Failure2" classname="com.cronos.im.logic.failure.SessionStatusEventListenerFailureTests" time="0.09"></testcase>
  <testcase name="testConstructor1Failure3" classname="com.cronos.im.logic.failure.SessionStatusEventListenerFailureTests" time="0.1"></testcase>
  <testcase name="testConstructor2Failure1" classname="com.cronos.im.logic.failure.SessionStatusEventListenerFailureTests" time="0.171"></testcase>
  <testcase name="testUserRequestedFailure1" classname="com.cronos.im.logic.failure.SessionStatusEventListenerFailureTests" time="0.09"></testcase>
  <testcase name="testUserRequestedFailure2" classname="com.cronos.im.logic.failure.SessionStatusEventListenerFailureTests" time="0.11"></testcase>
  <testcase name="testUserRequestedFailure3" classname="com.cronos.im.logic.failure.SessionStatusEventListenerFailureTests" time="0.1"></testcase>
  <testcase name="testConstructor1Failure1" classname="com.cronos.im.logic.failure.UserSessionEventListenerFailureTests" time="0.17"></testcase>
  <testcase name="testConstructor1Failure2" classname="com.cronos.im.logic.failure.UserSessionEventListenerFailureTests" time="0.101"></testcase>
  <testcase name="testConstructor1Failure3" classname="com.cronos.im.logic.failure.UserSessionEventListenerFailureTests" time="0.09"></testcase>
  <testcase name="testConstructor1Failure4" classname="com.cronos.im.logic.failure.UserSessionEventListenerFailureTests" time="0.1"></testcase>
  <testcase name="testConstructor2Failure1" classname="com.cronos.im.logic.failure.UserSessionEventListenerFailureTests" time="0.17"></testcase>
  <testcase name="testConstructor2Failure2" classname="com.cronos.im.logic.failure.UserSessionEventListenerFailureTests" time="0.09"></testcase>
  <testcase name="testConstructor2Failure3" classname="com.cronos.im.logic.failure.UserSessionEventListenerFailureTests" time="0.1"></testcase>
  <testcase name="testConstructor3Failure1" classname="com.cronos.im.logic.failure.UserSessionEventListenerFailureTests" time="0.101"></testcase>
  <testcase name="testConstructor3Failure2" classname="com.cronos.im.logic.failure.UserSessionEventListenerFailureTests" time="0.16"></testcase>
  <testcase name="testConstructor3Failure3" classname="com.cronos.im.logic.failure.UserSessionEventListenerFailureTests" time="0.1"></testcase>
  <testcase name="testInvalidConfig1" classname="com.cronos.im.logic.failure.UserSessionEventListenerFailureTests" time="0.1"></testcase>
  <testcase name="testInvalidConfig2" classname="com.cronos.im.logic.failure.UserSessionEventListenerFailureTests" time="0.1"></testcase>
  <testcase name="testInvalidConfig3" classname="com.cronos.im.logic.failure.UserSessionEventListenerFailureTests" time="0.16"></testcase>
  <testcase name="testUserRequestedFailure" classname="com.cronos.im.logic.failure.UserSessionEventListenerFailureTests" time="0.101"></testcase>
  <testcase name="testUserAddedFailure" classname="com.cronos.im.logic.failure.UserSessionEventListenerFailureTests" time="0.1"></testcase>
  <testcase name="testUserRemovedFailure" classname="com.cronos.im.logic.failure.UserSessionEventListenerFailureTests" time="0.1"></testcase>
  <testcase name="testConstructor1Failure1" classname="com.cronos.im.logic.failure.UserStatusEventListenerFailureTests" time="0.17"></testcase>
  <testcase name="testConstructor1Failure2" classname="com.cronos.im.logic.failure.UserStatusEventListenerFailureTests" time="0.11"></testcase>
  <testcase name="testStatusChangedFailure1" classname="com.cronos.im.logic.failure.UserStatusEventListenerFailureTests" time="0.09"></testcase>
  <testcase name="testStatusChangedFailure2" classname="com.cronos.im.logic.failure.UserStatusEventListenerFailureTests" time="0.101"></testcase>
  <testcase name="testStatusChangedFailure3" classname="com.cronos.im.logic.failure.UserStatusEventListenerFailureTests" time="0.16"></testcase>
  <system-out><![CDATA[Action: action; Time: Tue May 01 12:24:18 CST 2007; Entities affected: entity1, entity2
Action: action; Time: Tue May 01 12:24:18 CST 2007; Entities affected: None
Action: action; Time: Tue May 01 12:24:18 CST 2007; Entities affected: entity1, entity2
message
Action: action; Time: Tue May 01 12:24:19 CST 2007; Entities affected: User - 1, User - 2, User - 3, Session - 4, Session - 5, Session - 6
Action: action; Time: Tue May 01 12:24:19 CST 2007; Entities affected: None
-namespace:  namespace to load the configuration.
             if not specified, com.cronos.im.logic.MessagePoolDetector is used
-help or -h: print help message
-namespace:  namespace to load the configuration.
             if not specified, com.cronos.im.logic.MessagePoolDetector is used
-help or -h: print help message
Action: Remove User From Session; Time: Tue May 01 12:24:19 CST 2007; Entities affected: User - 1
Action: Remove Requester; Time: Tue May 01 12:24:20 CST 2007; Entities affected: User - 1
Action: Remove Responder; Time: Tue May 01 12:24:20 CST 2007; Entities affected: User - 1
Action: Remove User From Sessions; Time: Tue May 01 12:24:20 CST 2007; Entities affected: User - 1
Action: Update User Status to be OFFLINE; Time: Tue May 01 12:24:20 CST 2007; Entities affected: User - 1
Action: Remove User From Session; Time: Tue May 01 12:24:20 CST 2007; Entities affected: User - 1
Action: Remove Requester; Time: Tue May 01 12:24:20 CST 2007; Entities affected: User - 1
Action: Remove Responder; Time: Tue May 01 12:24:20 CST 2007; Entities affected: User - 1
Action: Remove User From Sessions; Time: Tue May 01 12:24:20 CST 2007; Entities affected: User - 1
Action: Update User Status to be OFFLINE; Time: Tue May 01 12:24:20 CST 2007; Entities affected: User - 1
Action: Remove User From Session; Time: Tue May 01 12:24:20 CST 2007; Entities affected: User - 1
Action: Remove Requester; Time: Tue May 01 12:24:20 CST 2007; Entities affected: User - 1
Action: Remove Responder; Time: Tue May 01 12:24:20 CST 2007; Entities affected: User - 1
Action: Remove User From Sessions; Time: Tue May 01 12:24:20 CST 2007; Entities affected: User - 1
Action: Update User Status to be OFFLINE; Time: Tue May 01 12:24:20 CST 2007; Entities affected: User - 1
Action: Remove User From Session; Time: Tue May 01 12:24:21 CST 2007; Entities affected: User - 1
Action: Remove Requester; Time: Tue May 01 12:24:21 CST 2007; Entities affected: User - 1
Action: Remove Responder; Time: Tue May 01 12:24:21 CST 2007; Entities affected: User - 1
Action: Remove User From Sessions; Time: Tue May 01 12:24:21 CST 2007; Entities affected: User - 1
Action: Update User Status to be OFFLINE; Time: Tue May 01 12:24:21 CST 2007; Entities affected: User - 1
Action: IMServiceHandler.onToBeServiced; Time: Tue May 01 12:24:26 CST 2007; Entities affected: User - 1, User - 2, Session - 1
Action: IMServiceHandler.onServiced; Time: Tue May 01 12:24:29 CST 2007; Entities affected: User - 1, User - 2, Session - 1
Action: Add User to Session; Time: Tue May 01 12:24:29 CST 2007; Entities affected: Session - 1, User - 2
Action: Change Session Status to OPEN; Time: Tue May 01 12:24:29 CST 2007; Entities affected: Session - 1
Action: Post SessionUnavailableMessage to User; Time: Tue May 01 12:24:29 CST 2007; Entities affected: User - 2
Action: Post SessionUnavailableMessage to User; Time: Tue May 01 12:24:29 CST 2007; Entities affected: User - 1
Action: Post SessionUnavailableMessage to User; Time: Tue May 01 12:24:29 CST 2007; Entities affected: User - 123
Action: Post SessionUnavailableMessage to User; Time: Tue May 01 12:24:29 CST 2007; Entities affected: User - 3
Action: IMServiceHandler.onServiced; Time: Tue May 01 12:24:29 CST 2007; Entities affected: User - 1, Session - 1
Action: Post SessionUnavailableMessage to User; Time: Tue May 01 12:24:29 CST 2007; Entities affected: User - 1
Action: Remove User From Session; Time: Tue May 01 12:24:29 CST 2007; Entities affected: User - 1
Action: Change User Status to OFFLINE; Time: Tue May 01 12:24:29 CST 2007; Entities affected: User - 1
Action: Send EnterChatMessage to All Users; Time: Tue May 01 12:24:32 CST 2007; Entities affected: Session - 0
Action: Register MessagePool for User; Time: Tue May 01 12:24:32 CST 2007; Entities affected: User - 2, Session - 0
Action: Register MessagePool for User; Time: Tue May 01 12:24:32 CST 2007; Entities affected: User - 1, Session - 0
Action: Register MessagePool for User; Time: Tue May 01 12:24:32 CST 2007; Entities affected: User - 123, Session - 0
Action: Register MessagePool for User; Time: Tue May 01 12:24:32 CST 2007; Entities affected: User - 3, Session - 0
Action: Send PresenceMessage to Others; Time: Tue May 01 12:24:32 CST 2007; Entities affected: Session - 0
postMessage(..., 2)postMessage(..., 1)postMessage(..., 123)postMessage(..., 3)postMessage(..., 1)postMessage(..., 2)postMessage(..., 1)postMessage(..., 123)postMessage(..., 3)postMessageToOthers(..., ...)postMessageToOthers(..., ...)postMessageToOthers(..., ...)postMessageToOthers(..., ...)
Action: Register MessagePool for User; Time: Tue May 01 12:24:36 CST 2007; Entities affected: User - 123, Session - 1
Action: Send PresenceMessage of this User to Others; Time: Tue May 01 12:24:36 CST 2007; Entities affected: User - 123, Session - 1
Action: Send PresenceMessage of Other Users to this User; Time: Tue May 01 12:24:36 CST 2007; Entities affected: User - 123, Session - 1
Action: Un-register MessagePool for User; Time: Tue May 01 12:24:37 CST 2007; Entities affected: User - 123, Session - 1
Action: Send Not-PresenceMessage of this User to Others; Time: Tue May 01 12:24:37 CST 2007; Entities affected: User - 123, Session - 1
Action: Un-register MessagePool for User; Time: Tue May 01 12:24:37 CST 2007; Entities affected: User - 123, Session - 0
Action: Send Not-PresenceMessage of this User to Others; Time: Tue May 01 12:24:37 CST 2007; Entities affected: User - 123, Session - 0
Action: Close the ChatSession; Time: Tue May 01 12:24:37 CST 2007; Entities affected: Session - 0
Action: Register Message Pool for User; Time: Tue May 01 12:24:38 CST 2007; Entities affected: User - 123
Action: Un-register Message Pool for User; Time: Tue May 01 12:24:39 CST 2007; Entities affected: User - 123
Action: Accuracy Testing; Time: 2007-5-1; Entities affected: None
Action: Accuracy Testing; Time: 2007-5-1; Entities affected: acc_entity
Action: Accuracy Testing; Time: 2007-5-1; Entities affected: 
Action: Accuracy Testing; Time: 2007-5-1; Entities affected: None
Action: Accuracy Testing; Time: 2007-5-1; Entities affected: User - 1, Session - 101
Accuracy Testing
Action: IMServiceHandler.onServiced; Time: 2007-5-1; Entities affected: User - 1, User - 11, Session - 222
Action: Add User to Session; Time: 2007-5-1; Entities affected: Session - 222, User - 11
Action: Change Session Status to OPEN; Time: 2007-5-1; Entities affected: Session - 222
Action: Post SessionUnavailableMessage to User; Time: 2007-5-1; Entities affected: User - 33
Action: IMServiceHandler.onServiced; Time: 2007-5-1; Entities affected: User - 1, Session - 1
Action: Post SessionUnavailableMessage to User; Time: 2007-5-1; Entities affected: User - 1
Action: Remove User From Session; Time: 2007-5-1; Entities affected: User - 1
Action: Change User Status to OFFLINE; Time: 2007-5-1; Entities affected: User - 1
Action: IMServiceHandler.onToBeServiced; Time: 2007-5-1; Entities affected: User - 1, User - 11, Session - 222
Fail to perform the onToBeServiced operation. null
-namespace:  namespace to load the configuration.
             if not specified, com.cronos.im.logic.MessagePoolDetector is used
-help or -h: print help message
-namespace:  namespace to load the configuration.
             if not specified, com.cronos.im.logic.MessagePoolDetector is used
-help or -h: print help message
Action: Remove User From Session; Time: Tue May 01 12:24:41 CST 2007; Entities affected: User - 1
Action: Remove Requester; Time: Tue May 01 12:24:41 CST 2007; Entities affected: User - 1
Action: Remove Responder; Time: Tue May 01 12:24:41 CST 2007; Entities affected: User - 1
Action: Remove User From Sessions; Time: Tue May 01 12:24:41 CST 2007; Entities affected: User - 1
Action: Update User Status to be OFFLINE; Time: Tue May 01 12:24:41 CST 2007; Entities affected: User - 1
Action: Send EnterChatMessage to All Users; Time: 2007-5-1; Entities affected: Session - 0
Action: Register MessagePool for User; Time: 2007-5-1; Entities affected: User - 20, Session - 0
Action: Send PresenceMessage to Others; Time: 2007-5-1; Entities affected: Session - 0
Action: Close the ChatSession; Time: 2007-5-1; Entities affected: Session - 222
Action: Register Message Pool for User; Time: 2007-5-1; Entities affected: User - 1
Action: Un-register Message Pool for User; Time: 2007-5-1; Entities affected: User - 1
Action: IMServiceHandler.onToBeServiced; Time: Tue May 01 12:24:42 CST 2007; Entities affected: User - 1, User - 2, Session - 1
Action: IMServiceHandler.onToBeServiced; Time: Tue May 01 12:24:42 CST 2007; Entities affected: User - 1, User - 2, Session - 1
Action: IMServiceHandler.onToBeServiced; Time: Tue May 01 12:24:42 CST 2007; Entities affected: User - 1, User - 2, Session - 1
Action: IMServiceHandler.onToBeServiced; Time: Tue May 01 12:24:42 CST 2007; Entities affected: User - 1, User - 2, Session - 1
Action: IMServiceHandler.onToBeServiced; Time: Tue May 01 12:24:42 CST 2007; Entities affected: User - 1, User - 2, Session - 1
Action: IMServiceHandler.onToBeServiced; Time: Tue May 01 12:24:42 CST 2007; Entities affected: User - 1, User - 2, Session - 1
Action: IMServiceHandler.onToBeServiced; Time: Tue May 01 12:24:42 CST 2007; Entities affected: User - 1, User - 2, Session - 1
Action: IMServiceHandler.onToBeServiced; Time: Tue May 01 12:24:42 CST 2007; Entities affected: User - 1, User - 2, Session - 1
Action: IMServiceHandler.onToBeServiced; Time: Tue May 01 12:24:42 CST 2007; Entities affected: User - 1, User - 2, Session - 1
Action: IMServiceHandler.onToBeServiced; Time: Tue May 01 12:24:42 CST 2007; Entities affected: User - 1, User - 2, Session - 1
Action: IMServiceHandler.onToBeServiced; Time: Tue May 01 12:24:42 CST 2007; Entities affected: User - 1, User - 2, Session - 1
Action: IMServiceHandler.onToBeServiced; Time: Tue May 01 12:24:42 CST 2007; Entities affected: User - 1, User - 2, Session - 1
Action: IMServiceHandler.onToBeServiced; Time: Tue May 01 12:24:42 CST 2007; Entities affected: User - 1, User - 2, Session - 1
Action: IMServiceHandler.onToBeServiced; Time: Tue May 01 12:24:42 CST 2007; Entities affected: User - 1, User - 2, Session - 1
Action: IMServiceHandler.onToBeServiced; Time: Tue May 01 12:24:42 CST 2007; Entities affected: User - 1, User - 2, Session - 1
Action: IMServiceHandler.onToBeServiced; Time: Tue May 01 12:24:42 CST 2007; Entities affected: User - 1, User - 2, Session - 1
Action: IMServiceHandler.onToBeServiced; Time: Tue May 01 12:24:42 CST 2007; Entities affected: User - 1, User - 2, Session - 1
Action: IMServiceHandler.onToBeServiced; Time: Tue May 01 12:24:42 CST 2007; Entities affected: User - 1, User - 2, Session - 1
Action: IMServiceHandler.onToBeServiced; Time: Tue May 01 12:24:42 CST 2007; Entities affected: User - 1, User - 2, Session - 1
Action: IMServiceHandler.onToBeServiced; Time: Tue May 01 12:24:42 CST 2007; Entities affected: User - 1, User - 2, Session - 1
Action: IMServiceHandler.onToBeServiced; Time: Tue May 01 12:24:42 CST 2007; Entities affected: User - 1, User - 2, Session - 1
Action: IMServiceHandler.onToBeServiced; Time: Tue May 01 12:24:42 CST 2007; Entities affected: User - 1, User - 2, Session - 1
Action: IMServiceHandler.onToBeServiced; Time: Tue May 01 12:24:42 CST 2007; Entities affected: User - 1, User - 2, Session - 1
Action: IMServiceHandler.onToBeServiced; Time: Tue May 01 12:24:42 CST 2007; Entities affected: User - 1, User - 2, Session - 1
Action: IMServiceHandler.onToBeServiced; Time: Tue May 01 12:24:42 CST 2007; Entities affected: User - 1, User - 2, Session - 1
Action: IMServiceHandler.onToBeServiced; Time: Tue May 01 12:24:42 CST 2007; Entities affected: User - 1, User - 2, Session - 1
Action: IMServiceHandler.onToBeServiced; Time: Tue May 01 12:24:42 CST 2007; Entities affected: User - 1, User - 2, Session - 1
Action: IMServiceHandler.onToBeServiced; Time: Tue May 01 12:24:42 CST 2007; Entities affected: User - 1, User - 2, Session - 1
Action: IMServiceHandler.onToBeServiced; Time: Tue May 01 12:24:42 CST 2007; Entities affected: User - 1, User - 2, Session - 1
Action: IMServiceHandler.onToBeServiced; Time: Tue May 01 12:24:42 CST 2007; Entities affected: User - 1, User - 2, Session - 1
Action: IMServiceHandler.onToBeServiced; Time: Tue May 01 12:24:42 CST 2007; Entities affected: User - 1, User - 2, Session - 1
Action: IMServiceHandler.onToBeServiced; Time: Tue May 01 12:24:42 CST 2007; Entities affected: User - 1, User - 2, Session - 1
Action: IMServiceHandler.onToBeServiced; Time: Tue May 01 12:24:42 CST 2007; Entities affected: User - 1, User - 2, Session - 1
Action: IMServiceHandler.onToBeServiced; Time: Tue May 01 12:24:42 CST 2007; Entities affected: User - 1, User - 2, Session - 1
Action: IMServiceHandler.onToBeServiced; Time: Tue May 01 12:24:42 CST 2007; Entities affected: User - 1, User - 2, Session - 1
Action: IMServiceHandler.onToBeServiced; Time: Tue May 01 12:24:42 CST 2007; Entities affected: User - 1, User - 2, Session - 1
Action: IMServiceHandler.onToBeServiced; Time: Tue May 01 12:24:42 CST 2007; Entities affected: User - 1, User - 2, Session - 1
Action: IMServiceHandler.onToBeServiced; Time: Tue May 01 12:24:42 CST 2007; Entities affected: User - 1, User - 2, Session - 1
Action: IMServiceHandler.onToBeServiced; Time: Tue May 01 12:24:42 CST 2007; Entities affected: User - 1, User - 2, Session - 1
Action: IMServiceHandler.onToBeServiced; Time: Tue May 01 12:24:42 CST 2007; Entities affected: User - 1, User - 2, Session - 1
Action: IMServiceHandler.onToBeServiced; Time: Tue May 01 12:24:42 CST 2007; Entities affected: User - 1, User - 2, Session - 1
Action: IMServiceHandler.onToBeServiced; Time: Tue May 01 12:24:42 CST 2007; Entities affected: User - 1, User - 2, Session - 1
Action: IMServiceHandler.onToBeServiced; Time: Tue May 01 12:24:42 CST 2007; Entities affected: User - 1, User - 2, Session - 1
Action: IMServiceHandler.onToBeServiced; Time: Tue May 01 12:24:42 CST 2007; Entities affected: User - 1, User - 2, Session - 1
Action: IMServiceHandler.onToBeServiced; Time: Tue May 01 12:24:42 CST 2007; Entities affected: User - 1, User - 2, Session - 1
Action: IMServiceHandler.onToBeServiced; Time: Tue May 01 12:24:42 CST 2007; Entities affected: User - 1, User - 2, Session - 1
Action: IMServiceHandler.onToBeServiced; Time: Tue May 01 12:24:42 CST 2007; Entities affected: User - 1, User - 2, Session - 1
Action: IMServiceHandler.onToBeServiced; Time: Tue May 01 12:24:42 CST 2007; Entities affected: User - 1, User - 2, Session - 1
Action: IMServiceHandler.onToBeServiced; Time: Tue May 01 12:24:42 CST 2007; Entities affected: User - 1, User - 2, Session - 1
Action: IMServiceHandler.onToBeServiced; Time: Tue May 01 12:24:42 CST 2007; Entities affected: User - 1, User - 2, Session - 1
Action: IMServiceHandler.onToBeServiced; Time: Tue May 01 12:24:42 CST 2007; Entities affected: User - 1, User - 2, Session - 1
Action: IMServiceHandler.onToBeServiced; Time: Tue May 01 12:24:42 CST 2007; Entities affected: User - 1, User - 2, Session - 1
Action: IMServiceHandler.onToBeServiced; Time: Tue May 01 12:24:42 CST 2007; Entities affected: User - 1, User - 2, Session - 1
Action: IMServiceHandler.onToBeServiced; Time: Tue May 01 12:24:42 CST 2007; Entities affected: User - 1, User - 2, Session - 1
Action: IMServiceHandler.onToBeServiced; Time: Tue May 01 12:24:42 CST 2007; Entities affected: User - 1, User - 2, Session - 1
Action: IMServiceHandler.onToBeServiced; Time: Tue May 01 12:24:42 CST 2007; Entities affected: User - 1, User - 2, Session - 1
Action: IMServiceHandler.onToBeServiced; Time: Tue May 01 12:24:42 CST 2007; Entities affected: User - 1, User - 2, Session - 1
Action: IMServiceHandler.onToBeServiced; Time: Tue May 01 12:24:42 CST 2007; Entities affected: User - 1, User - 2, Session - 1
Action: IMServiceHandler.onToBeServiced; Time: Tue May 01 12:24:42 CST 2007; Entities affected: User - 1, User - 2, Session - 1
Action: IMServiceHandler.onToBeServiced; Time: Tue May 01 12:24:42 CST 2007; Entities affected: User - 1, User - 2, Session - 1
Action: IMServiceHandler.onToBeServiced; Time: Tue May 01 12:24:42 CST 2007; Entities affected: User - 1, User - 2, Session - 1
Action: IMServiceHandler.onToBeServiced; Time: Tue May 01 12:24:42 CST 2007; Entities affected: User - 1, User - 2, Session - 1
Action: IMServiceHandler.onToBeServiced; Time: Tue May 01 12:24:42 CST 2007; Entities affected: User - 1, User - 2, Session - 1
Action: IMServiceHandler.onToBeServiced; Time: Tue May 01 12:24:42 CST 2007; Entities affected: User - 1, User - 2, Session - 1
Action: IMServiceHandler.onToBeServiced; Time: Tue May 01 12:24:42 CST 2007; Entities affected: User - 1, User - 2, Session - 1
Action: IMServiceHandler.onToBeServiced; Time: Tue May 01 12:24:42 CST 2007; Entities affected: User - 1, User - 2, Session - 1
Action: IMServiceHandler.onToBeServiced; Time: Tue May 01 12:24:42 CST 2007; Entities affected: User - 1, User - 2, Session - 1
Action: IMServiceHandler.onToBeServiced; Time: Tue May 01 12:24:42 CST 2007; Entities affected: User - 1, User - 2, Session - 1
Action: IMServiceHandler.onToBeServiced; Time: Tue May 01 12:24:42 CST 2007; Entities affected: User - 1, User - 2, Session - 1
Action: IMServiceHandler.onToBeServiced; Time: Tue May 01 12:24:42 CST 2007; Entities affected: User - 1, User - 2, Session - 1
Action: IMServiceHandler.onToBeServiced; Time: Tue May 01 12:24:42 CST 2007; Entities affected: User - 1, User - 2, Session - 1
Action: IMServiceHandler.onToBeServiced; Time: Tue May 01 12:24:42 CST 2007; Entities affected: User - 1, User - 2, Session - 1
Action: IMServiceHandler.onToBeServiced; Time: Tue May 01 12:24:42 CST 2007; Entities affected: User - 1, User - 2, Session - 1
Action: IMServiceHandler.onToBeServiced; Time: Tue May 01 12:24:42 CST 2007; Entities affected: User - 1, User - 2, Session - 1
Action: IMServiceHandler.onToBeServiced; Time: Tue May 01 12:24:42 CST 2007; Entities affected: User - 1, User - 2, Session - 1
Action: IMServiceHandler.onToBeServiced; Time: Tue May 01 12:24:42 CST 2007; Entities affected: User - 1, User - 2, Session - 1
Action: IMServiceHandler.onToBeServiced; Time: Tue May 01 12:24:42 CST 2007; Entities affected: User - 1, User - 2, Session - 1
Action: IMServiceHandler.onToBeServiced; Time: Tue May 01 12:24:42 CST 2007; Entities affected: User - 1, User - 2, Session - 1
Action: IMServiceHandler.onToBeServiced; Time: Tue May 01 12:24:42 CST 2007; Entities affected: User - 1, User - 2, Session - 1
Action: IMServiceHandler.onToBeServiced; Time: Tue May 01 12:24:42 CST 2007; Entities affected: User - 1, User - 2, Session - 1
Action: IMServiceHandler.onToBeServiced; Time: Tue May 01 12:24:42 CST 2007; Entities affected: User - 1, User - 2, Session - 1
Action: IMServiceHandler.onToBeServiced; Time: Tue May 01 12:24:42 CST 2007; Entities affected: User - 1, User - 2, Session - 1
Action: IMServiceHandler.onToBeServiced; Time: Tue May 01 12:24:42 CST 2007; Entities affected: User - 1, User - 2, Session - 1
Action: IMServiceHandler.onToBeServiced; Time: Tue May 01 12:24:42 CST 2007; Entities affected: User - 1, User - 2, Session - 1
Action: IMServiceHandler.onToBeServiced; Time: Tue May 01 12:24:42 CST 2007; Entities affected: User - 1, User - 2, Session - 1
Action: IMServiceHandler.onToBeServiced; Time: Tue May 01 12:24:42 CST 2007; Entities affected: User - 1, User - 2, Session - 1
Action: IMServiceHandler.onToBeServiced; Time: Tue May 01 12:24:42 CST 2007; Entities affected: User - 1, User - 2, Session - 1
Action: IMServiceHandler.onToBeServiced; Time: Tue May 01 12:24:42 CST 2007; Entities affected: User - 1, User - 2, Session - 1
Action: IMServiceHandler.onToBeServiced; Time: Tue May 01 12:24:42 CST 2007; Entities affected: User - 1, User - 2, Session - 1
Action: IMServiceHandler.onToBeServiced; Time: Tue May 01 12:24:42 CST 2007; Entities affected: User - 1, User - 2, Session - 1
Action: IMServiceHandler.onToBeServiced; Time: Tue May 01 12:24:42 CST 2007; Entities affected: User - 1, User - 2, Session - 1
Action: IMServiceHandler.onToBeServiced; Time: Tue May 01 12:24:42 CST 2007; Entities affected: User - 1, User - 2, Session - 1
Action: IMServiceHandler.onToBeServiced; Time: Tue May 01 12:24:42 CST 2007; Entities affected: User - 1, User - 2, Session - 1
Action: IMServiceHandler.onToBeServiced; Time: Tue May 01 12:24:42 CST 2007; Entities affected: User - 1, User - 2, Session - 1
Action: IMServiceHandler.onToBeServiced; Time: Tue May 01 12:24:42 CST 2007; Entities affected: User - 1, User - 2, Session - 1
Action: IMServiceHandler.onToBeServiced; Time: Tue May 01 12:24:42 CST 2007; Entities affected: User - 1, User - 2, Session - 1
Action: IMServiceHandler.onToBeServiced; Time: Tue May 01 12:24:42 CST 2007; Entities affected: User - 1, User - 2, Session - 1
Action: IMServiceHandler.onToBeServiced; Time: Tue May 01 12:24:42 CST 2007; Entities affected: User - 1, User - 2, Session - 1
Executing testonToBeServiced() 100 times takes 80ms
Action: IMServiceHandler.onToBeServiced; Time: Tue May 01 12:24:42 CST 2007; Entities affected: User - 1, User - 2, Session - 1
Action: IMServiceHandler.onToBeServiced; Time: Tue May 01 12:24:42 CST 2007; Entities affected: User - 1, User - 2, Session - 1
Action: IMServiceHandler.onServiced; Time: Tue May 01 12:24:43 CST 2007; Entities affected: User - 1, User - 2, Session - 1
Action: Add User to Session; Time: Tue May 01 12:24:43 CST 2007; Entities affected: Session - 1, User - 2
Action: Change Session Status to OPEN; Time: Tue May 01 12:24:43 CST 2007; Entities affected: Session - 1
Action: Post SessionUnavailableMessage to User; Time: Tue May 01 12:24:43 CST 2007; Entities affected: User - 2
Action: Post SessionUnavailableMessage to User; Time: Tue May 01 12:24:43 CST 2007; Entities affected: User - 1
Action: IMServiceHandler.onServiced; Time: Tue May 01 12:24:43 CST 2007; Entities affected: User - 1, User - 2, Session - 1
Action: Add User to Session; Time: Tue May 01 12:24:43 CST 2007; Entities affected: Session - 1, User - 2
Action: Change Session Status to OPEN; Time: Tue May 01 12:24:43 CST 2007; Entities affected: Session - 1
Action: Post SessionUnavailableMessage to User; Time: Tue May 01 12:24:43 CST 2007; Entities affected: User - 2
Action: Post SessionUnavailableMessage to User; Time: Tue May 01 12:24:43 CST 2007; Entities affected: User - 1
Action: IMServiceHandler.onServiced; Time: Tue May 01 12:24:43 CST 2007; Entities affected: User - 1, User - 2, Session - 1
Action: Add User to Session; Time: Tue May 01 12:24:43 CST 2007; Entities affected: Session - 1, User - 2
Action: Change Session Status to OPEN; Time: Tue May 01 12:24:43 CST 2007; Entities affected: Session - 1
Action: Post SessionUnavailableMessage to User; Time: Tue May 01 12:24:43 CST 2007; Entities affected: User - 2
Action: Post SessionUnavailableMessage to User; Time: Tue May 01 12:24:43 CST 2007; Entities affected: User - 1
Action: IMServiceHandler.onServiced; Time: Tue May 01 12:24:43 CST 2007; Entities affected: User - 1, User - 2, Session - 1
Action: Add User to Session; Time: Tue May 01 12:24:43 CST 2007; Entities affected: Session - 1, User - 2
Action: Change Session Status to OPEN; Time: Tue May 01 12:24:43 CST 2007; Entities affected: Session - 1
Action: Post SessionUnavailableMessage to User; Time: Tue May 01 12:24:43 CST 2007; Entities affected: User - 2
Action: Post SessionUnavailableMessage to User; Time: Tue May 01 12:24:43 CST 2007; Entities affected: User - 1
Action: IMServiceHandler.onServiced; Time: Tue May 01 12:24:43 CST 2007; Entities affected: User - 1, User - 2, Session - 1
Action: Add User to Session; Time: Tue May 01 12:24:43 CST 2007; Entities affected: Session - 1, User - 2
Action: Change Session Status to OPEN; Time: Tue May 01 12:24:43 CST 2007; Entities affected: Session - 1
Action: Post SessionUnavailableMessage to User; Time: Tue May 01 12:24:43 CST 2007; Entities affected: User - 2
Action: Post SessionUnavailableMessage to User; Time: Tue May 01 12:24:43 CST 2007; Entities affected: User - 1
Action: IMServiceHandler.onServiced; Time: Tue May 01 12:24:43 CST 2007; Entities affected: User - 1, User - 2, Session - 1
Action: Add User to Session; Time: Tue May 01 12:24:43 CST 2007; Entities affected: Session - 1, User - 2
Action: Change Session Status to OPEN; Time: Tue May 01 12:24:43 CST 2007; Entities affected: Session - 1
Action: Post SessionUnavailableMessage to User; Time: Tue May 01 12:24:43 CST 2007; Entities affected: User - 2
Action: Post SessionUnavailableMessage to User; Time: Tue May 01 12:24:43 CST 2007; Entities affected: User - 1
Action: IMServiceHandler.onServiced; Time: Tue May 01 12:24:43 CST 2007; Entities affected: User - 1, User - 2, Session - 1
Action: Add User to Session; Time: Tue May 01 12:24:43 CST 2007; Entities affected: Session - 1, User - 2
Action: Change Session Status to OPEN; Time: Tue May 01 12:24:43 CST 2007; Entities affected: Session - 1
Action: Post SessionUnavailableMessage to User; Time: Tue May 01 12:24:43 CST 2007; Entities affected: User - 2
Action: Post SessionUnavailableMessage to User; Time: Tue May 01 12:24:43 CST 2007; Entities affected: User - 1
Action: IMServiceHandler.onServiced; Time: Tue May 01 12:24:43 CST 2007; Entities affected: User - 1, User - 2, Session - 1
Action: Add User to Session; Time: Tue May 01 12:24:43 CST 2007; Entities affected: Session - 1, User - 2
Action: Change Session Status to OPEN; Time: Tue May 01 12:24:43 CST 2007; Entities affected: Session - 1
Action: Post SessionUnavailableMessage to User; Time: Tue May 01 12:24:43 CST 2007; Entities affected: User - 2
Action: Post SessionUnavailableMessage to User; Time: Tue May 01 12:24:43 CST 2007; Entities affected: User - 1
Action: IMServiceHandler.onServiced; Time: Tue May 01 12:24:43 CST 2007; Entities affected: User - 1, User - 2, Session - 1
Action: Add User to Session; Time: Tue May 01 12:24:43 CST 2007; Entities affected: Session - 1, User - 2
Action: Change Session Status to OPEN; Time: Tue May 01 12:24:43 CST 2007; Entities affected: Session - 1
Action: Post SessionUnavailableMessage to User; Time: Tue May 01 12:24:43 CST 2007; Entities affected: User - 2
Action: Post SessionUnavailableMessage to User; Time: Tue May 01 12:24:43 CST 2007; Entities affected: User - 1
Action: IMServiceHandler.onServiced; Time: Tue May 01 12:24:43 CST 2007; Entities affected: User - 1, User - 2, Session - 1
Action: Add User to Session; Time: Tue May 01 12:24:43 CST 2007; Entities affected: Session - 1, User - 2
Action: Change Session Status to OPEN; Time: Tue May 01 12:24:43 CST 2007; Entities affected: Session - 1
Action: Post SessionUnavailableMessage to User; Time: Tue May 01 12:24:43 CST 2007; Entities affected: User - 2
Action: Post SessionUnavailableMessage to User; Time: Tue May 01 12:24:43 CST 2007; Entities affected: User - 1
Action: IMServiceHandler.onServiced; Time: Tue May 01 12:24:43 CST 2007; Entities affected: User - 1, User - 2, Session - 1
Action: Add User to Session; Time: Tue May 01 12:24:43 CST 2007; Entities affected: Session - 1, User - 2
Action: Change Session Status to OPEN; Time: Tue May 01 12:24:43 CST 2007; Entities affected: Session - 1
Action: Post SessionUnavailableMessage to User; Time: Tue May 01 12:24:43 CST 2007; Entities affected: User - 2
Action: Post SessionUnavailableMessage to User; Time: Tue May 01 12:24:43 CST 2007; Entities affected: User - 1
Action: IMServiceHandler.onServiced; Time: Tue May 01 12:24:43 CST 2007; Entities affected: User - 1, User - 2, Session - 1
Action: Add User to Session; Time: Tue May 01 12:24:43 CST 2007; Entities affected: Session - 1, User - 2
Action: Change Session Status to OPEN; Time: Tue May 01 12:24:43 CST 2007; Entities affected: Session - 1
Action: Post SessionUnavailableMessage to User; Time: Tue May 01 12:24:43 CST 2007; Entities affected: User - 2
Action: Post SessionUnavailableMessage to User; Time: Tue May 01 12:24:43 CST 2007; Entities affected: User - 1
Action: IMServiceHandler.onServiced; Time: Tue May 01 12:24:43 CST 2007; Entities affected: User - 1, User - 2, Session - 1
Action: Add User to Session; Time: Tue May 01 12:24:43 CST 2007; Entities affected: Session - 1, User - 2
Action: Change Session Status to OPEN; Time: Tue May 01 12:24:43 CST 2007; Entities affected: Session - 1
Action: Post SessionUnavailableMessage to User; Time: Tue May 01 12:24:43 CST 2007; Entities affected: User - 2
Action: Post SessionUnavailableMessage to User; Time: Tue May 01 12:24:43 CST 2007; Entities affected: User - 1
Action: IMServiceHandler.onServiced; Time: Tue May 01 12:24:43 CST 2007; Entities affected: User - 1, User - 2, Session - 1
Action: Add User to Session; Time: Tue May 01 12:24:43 CST 2007; Entities affected: Session - 1, User - 2
Action: Change Session Status to OPEN; Time: Tue May 01 12:24:43 CST 2007; Entities affected: Session - 1
Action: Post SessionUnavailableMessage to User; Time: Tue May 01 12:24:43 CST 2007; Entities affected: User - 2
Action: Post SessionUnavailableMessage to User; Time: Tue May 01 12:24:43 CST 2007; Entities affected: User - 1
Action: IMServiceHandler.onServiced; Time: Tue May 01 12:24:43 CST 2007; Entities affected: User - 1, User - 2, Session - 1
Action: Add User to Session; Time: Tue May 01 12:24:43 CST 2007; Entities affected: Session - 1, User - 2
Action: Change Session Status to OPEN; Time: Tue May 01 12:24:43 CST 2007; Entities affected: Session - 1
Action: Post SessionUnavailableMessage to User; Time: Tue May 01 12:24:43 CST 2007; Entities affected: User - 2
Action: Post SessionUnavailableMessage to User; Time: Tue May 01 12:24:43 CST 2007; Entities affected: User - 1
Action: IMServiceHandler.onServiced; Time: Tue May 01 12:24:43 CST 2007; Entities affected: User - 1, User - 2, Session - 1
Action: Add User to Session; Time: Tue May 01 12:24:43 CST 2007; Entities affected: Session - 1, User - 2
Action: Change Session Status to OPEN; Time: Tue May 01 12:24:43 CST 2007; Entities affected: Session - 1
Action: Post SessionUnavailableMessage to User; Time: Tue May 01 12:24:43 CST 2007; Entities affected: User - 2
Action: Post SessionUnavailableMessage to User; Time: Tue May 01 12:24:43 CST 2007; Entities affected: User - 1
Action: IMServiceHandler.onServiced; Time: Tue May 01 12:24:43 CST 2007; Entities affected: User - 1, User - 2, Session - 1
Action: Add User to Session; Time: Tue May 01 12:24:43 CST 2007; Entities affected: Session - 1, User - 2
Action: Change Session Status to OPEN; Time: Tue May 01 12:24:43 CST 2007; Entities affected: Session - 1
Action: Post SessionUnavailableMessage to User; Time: Tue May 01 12:24:43 CST 2007; Entities affected: User - 2
Action: Post SessionUnavailableMessage to User; Time: Tue May 01 12:24:43 CST 2007; Entities affected: User - 1
Action: IMServiceHandler.onServiced; Time: Tue May 01 12:24:43 CST 2007; Entities affected: User - 1, User - 2, Session - 1
Action: Add User to Session; Time: Tue May 01 12:24:43 CST 2007; Entities affected: Session - 1, User - 2
Action: Change Session Status to OPEN; Time: Tue May 01 12:24:43 CST 2007; Entities affected: Session - 1
Action: Post SessionUnavailableMessage to User; Time: Tue May 01 12:24:43 CST 2007; Entities affected: User - 2
Action: Post SessionUnavailableMessage to User; Time: Tue May 01 12:24:43 CST 2007; Entities affected: User - 1
Action: IMServiceHandler.onServiced; Time: Tue May 01 12:24:43 CST 2007; Entities affected: User - 1, User - 2, Session - 1
Action: Add User to Session; Time: Tue May 01 12:24:43 CST 2007; Entities affected: Session - 1, User - 2
Action: Change Session Status to OPEN; Time: Tue May 01 12:24:43 CST 2007; Entities affected: Session - 1
Action: Post SessionUnavailableMessage to User; Time: Tue May 01 12:24:43 CST 2007; Entities affected: User - 2
Action: Post SessionUnavailableMessage to User; Time: Tue May 01 12:24:43 CST 2007; Entities affected: User - 1
Action: IMServiceHandler.onServiced; Time: Tue May 01 12:24:43 CST 2007; Entities affected: User - 1, User - 2, Session - 1
Action: Add User to Session; Time: Tue May 01 12:24:43 CST 2007; Entities affected: Session - 1, User - 2
Action: Change Session Status to OPEN; Time: Tue May 01 12:24:43 CST 2007; Entities affected: Session - 1
Action: Post SessionUnavailableMessage to User; Time: Tue May 01 12:24:43 CST 2007; Entities affected: User - 2
Action: Post SessionUnavailableMessage to User; Time: Tue May 01 12:24:43 CST 2007; Entities affected: User - 1
Action: IMServiceHandler.onServiced; Time: Tue May 01 12:24:43 CST 2007; Entities affected: User - 1, User - 2, Session - 1
Action: Add User to Session; Time: Tue May 01 12:24:43 CST 2007; Entities affected: Session - 1, User - 2
Action: Change Session Status to OPEN; Time: Tue May 01 12:24:43 CST 2007; Entities affected: Session - 1
Action: Post SessionUnavailableMessage to User; Time: Tue May 01 12:24:43 CST 2007; Entities affected: User - 2
Action: Post SessionUnavailableMessage to User; Time: Tue May 01 12:24:43 CST 2007; Entities affected: User - 1
Action: IMServiceHandler.onServiced; Time: Tue May 01 12:24:43 CST 2007; Entities affected: User - 1, User - 2, Session - 1
Action: Add User to Session; Time: Tue May 01 12:24:43 CST 2007; Entities affected: Session - 1, User - 2
Action: Change Session Status to OPEN; Time: Tue May 01 12:24:43 CST 2007; Entities affected: Session - 1
Action: Post SessionUnavailableMessage to User; Time: Tue May 01 12:24:43 CST 2007; Entities affected: User - 2
Action: Post SessionUnavailableMessage to User; Time: Tue May 01 12:24:43 CST 2007; Entities affected: User - 1
Action: IMServiceHandler.onServiced; Time: Tue May 01 12:24:43 CST 2007; Entities affected: User - 1, User - 2, Session - 1
Action: Add User to Session; Time: Tue May 01 12:24:43 CST 2007; Entities affected: Session - 1, User - 2
Action: Change Session Status to OPEN; Time: Tue May 01 12:24:43 CST 2007; Entities affected: Session - 1
Action: Post SessionUnavailableMessage to User; Time: Tue May 01 12:24:43 CST 2007; Entities affected: User - 2
Action: Post SessionUnavailableMessage to User; Time: Tue May 01 12:24:43 CST 2007; Entities affected: User - 1
Action: IMServiceHandler.onServiced; Time: Tue May 01 12:24:43 CST 2007; Entities affected: User - 1, User - 2, Session - 1
Action: Add User to Session; Time: Tue May 01 12:24:43 CST 2007; Entities affected: Session - 1, User - 2
Action: Change Session Status to OPEN; Time: Tue May 01 12:24:43 CST 2007; Entities affected: Session - 1
Action: Post SessionUnavailableMessage to User; Time: Tue May 01 12:24:43 CST 2007; Entities affected: User - 2
Action: Post SessionUnavailableMessage to User; Time: Tue May 01 12:24:43 CST 2007; Entities affected: User - 1
Action: IMServiceHandler.onServiced; Time: Tue May 01 12:24:43 CST 2007; Entities affected: User - 1, User - 2, Session - 1
Action: Add User to Session; Time: Tue May 01 12:24:43 CST 2007; Entities affected: Session - 1, User - 2
Action: Change Session Status to OPEN; Time: Tue May 01 12:24:43 CST 2007; Entities affected: Session - 1
Action: Post SessionUnavailableMessage to User; Time: Tue May 01 12:24:43 CST 2007; Entities affected: User - 2
Action: Post SessionUnavailableMessage to User; Time: Tue May 01 12:24:43 CST 2007; Entities affected: User - 1
Action: IMServiceHandler.onServiced; Time: Tue May 01 12:24:43 CST 2007; Entities affected: User - 1, User - 2, Session - 1
Action: Add User to Session; Time: Tue May 01 12:24:43 CST 2007; Entities affected: Session - 1, User - 2
Action: Change Session Status to OPEN; Time: Tue May 01 12:24:43 CST 2007; Entities affected: Session - 1
Action: Post SessionUnavailableMessage to User; Time: Tue May 01 12:24:43 CST 2007; Entities affected: User - 2
Action: Post SessionUnavailableMessage to User; Time: Tue May 01 12:24:43 CST 2007; Entities affected: User - 1
Action: IMServiceHandler.onServiced; Time: Tue May 01 12:24:43 CST 2007; Entities affected: User - 1, User - 2, Session - 1
Action: Add User to Session; Time: Tue May 01 12:24:43 CST 2007; Entities affected: Session - 1, User - 2
Action: Change Session Status to OPEN; Time: Tue May 01 12:24:43 CST 2007; Entities affected: Session - 1
Action: Post SessionUnavailableMessage to User; Time: Tue May 01 12:24:43 CST 2007; Entities affected: User - 2
Action: Post SessionUnavailableMessage to User; Time: Tue May 01 12:24:43 CST 2007; Entities affected: User - 1
Action: IMServiceHandler.onServiced; Time: Tue May 01 12:24:43 CST 2007; Entities affected: User - 1, User - 2, Session - 1
Action: Add User to Session; Time: Tue May 01 12:24:43 CST 2007; Entities affected: Session - 1, User - 2
Action: Change Session Status to OPEN; Time: Tue May 01 12:24:43 CST 2007; Entities affected: Session - 1
Action: Post SessionUnavailableMessage to User; Time: Tue May 01 12:24:43 CST 2007; Entities affected: User - 2
Action: Post SessionUnavailableMessage to User; Time: Tue May 01 12:24:43 CST 2007; Entities affected: User - 1
Action: IMServiceHandler.onServiced; Time: Tue May 01 12:24:43 CST 2007; Entities affected: User - 1, User - 2, Session - 1
Action: Add User to Session; Time: Tue May 01 12:24:43 CST 2007; Entities affected: Session - 1, User - 2
Action: Change Session Status to OPEN; Time: Tue May 01 12:24:43 CST 2007; Entities affected: Session - 1
Action: Post SessionUnavailableMessage to User; Time: Tue May 01 12:24:43 CST 2007; Entities affected: User - 2
Action: Post SessionUnavailableMessage to User; Time: Tue May 01 12:24:43 CST 2007; Entities affected: User - 1
Action: IMServiceHandler.onServiced; Time: Tue May 01 12:24:43 CST 2007; Entities affected: User - 1, User - 2, Session - 1
Action: Add User to Session; Time: Tue May 01 12:24:43 CST 2007; Entities affected: Session - 1, User - 2
Action: Change Session Status to OPEN; Time: Tue May 01 12:24:43 CST 2007; Entities affected: Session - 1
Action: Post SessionUnavailableMessage to User; Time: Tue May 01 12:24:43 CST 2007; Entities affected: User - 2
Action: Post SessionUnavailableMessage to User; Time: Tue May 01 12:24:43 CST 2007; Entities affected: User - 1
Action: IMServiceHandler.onServiced; Time: Tue May 01 12:24:43 CST 2007; Entities affected: User - 1, User - 2, Session - 1
Action: Add User to Session; Time: Tue May 01 12:24:43 CST 2007; Entities affected: Session - 1, User - 2
Action: Change Session Status to OPEN; Time: Tue May 01 12:24:43 CST 2007; Entities affected: Session - 1
Action: Post SessionUnavailableMessage to User; Time: Tue May 01 12:24:43 CST 2007; Entities affected: User - 2
Action: Post SessionUnavailableMessage to User; Time: Tue May 01 12:24:43 CST 2007; Entities affected: User - 1
Action: IMServiceHandler.onServiced; Time: Tue May 01 12:24:43 CST 2007; Entities affected: User - 1, User - 2, Session - 1
Action: Add User to Session; Time: Tue May 01 12:24:43 CST 2007; Entities affected: Session - 1, User - 2
Action: Change Session Status to OPEN; Time: Tue May 01 12:24:43 CST 2007; Entities affected: Session - 1
Action: Post SessionUnavailableMessage to User; Time: Tue May 01 12:24:43 CST 2007; Entities affected: User - 2
Action: Post SessionUnavailableMessage to User; Time: Tue May 01 12:24:43 CST 2007; Entities affected: User - 1
Action: IMServiceHandler.onServiced; Time: Tue May 01 12:24:43 CST 2007; Entities affected: User - 1, User - 2, Session - 1
Action: Add User to Session; Time: Tue May 01 12:24:43 CST 2007; Entities affected: Session - 1, User - 2
Action: Change Session Status to OPEN; Time: Tue May 01 12:24:43 CST 2007; Entities affected: Session - 1
Action: Post SessionUnavailableMessage to User; Time: Tue May 01 12:24:43 CST 2007; Entities affected: User - 2
Action: Post SessionUnavailableMessage to User; Time: Tue May 01 12:24:43 CST 2007; Entities affected: User - 1
Action: IMServiceHandler.onServiced; Time: Tue May 01 12:24:43 CST 2007; Entities affected: User - 1, User - 2, Session - 1
Action: Add User to Session; Time: Tue May 01 12:24:43 CST 2007; Entities affected: Session - 1, User - 2
Action: Change Session Status to OPEN; Time: Tue May 01 12:24:43 CST 2007; Entities affected: Session - 1
Action: Post SessionUnavailableMessage to User; Time: Tue May 01 12:24:43 CST 2007; Entities affected: User - 2
Action: Post SessionUnavailableMessage to User; Time: Tue May 01 12:24:43 CST 2007; Entities affected: User - 1
Action: IMServiceHandler.onServiced; Time: Tue May 01 12:24:43 CST 2007; Entities affected: User - 1, User - 2, Session - 1
Action: Add User to Session; Time: Tue May 01 12:24:43 CST 2007; Entities affected: Session - 1, User - 2
Action: Change Session Status to OPEN; Time: Tue May 01 12:24:43 CST 2007; Entities affected: Session - 1
Action: Post SessionUnavailableMessage to User; Time: Tue May 01 12:24:43 CST 2007; Entities affected: User - 2
Action: Post SessionUnavailableMessage to User; Time: Tue May 01 12:24:43 CST 2007; Entities affected: User - 1
Action: IMServiceHandler.onServiced; Time: Tue May 01 12:24:43 CST 2007; Entities affected: User - 1, User - 2, Session - 1
Action: Add User to Session; Time: Tue May 01 12:24:43 CST 2007; Entities affected: Session - 1, User - 2
Action: Change Session Status to OPEN; Time: Tue May 01 12:24:43 CST 2007; Entities affected: Session - 1
Action: Post SessionUnavailableMessage to User; Time: Tue May 01 12:24:43 CST 2007; Entities affected: User - 2
Action: Post SessionUnavailableMessage to User; Time: Tue May 01 12:24:43 CST 2007; Entities affected: User - 1
Action: IMServiceHandler.onServiced; Time: Tue May 01 12:24:43 CST 2007; Entities affected: User - 1, User - 2, Session - 1
Action: Add User to Session; Time: Tue May 01 12:24:43 CST 2007; Entities affected: Session - 1, User - 2
Action: Change Session Status to OPEN; Time: Tue May 01 12:24:43 CST 2007; Entities affected: Session - 1
Action: Post SessionUnavailableMessage to User; Time: Tue May 01 12:24:43 CST 2007; Entities affected: User - 2
Action: Post SessionUnavailableMessage to User; Time: Tue May 01 12:24:43 CST 2007; Entities affected: User - 1
Action: IMServiceHandler.onServiced; Time: Tue May 01 12:24:43 CST 2007; Entities affected: User - 1, User - 2, Session - 1
Action: Add User to Session; Time: Tue May 01 12:24:43 CST 2007; Entities affected: Session - 1, User - 2
Action: Change Session Status to OPEN; Time: Tue May 01 12:24:43 CST 2007; Entities affected: Session - 1
Action: Post SessionUnavailableMessage to User; Time: Tue May 01 12:24:43 CST 2007; Entities affected: User - 2
Action: Post SessionUnavailableMessage to User; Time: Tue May 01 12:24:43 CST 2007; Entities affected: User - 1
Action: IMServiceHandler.onServiced; Time: Tue May 01 12:24:43 CST 2007; Entities affected: User - 1, User - 2, Session - 1
Action: Add User to Session; Time: Tue May 01 12:24:43 CST 2007; Entities affected: Session - 1, User - 2
Action: Change Session Status to OPEN; Time: Tue May 01 12:24:43 CST 2007; Entities affected: Session - 1
Action: Post SessionUnavailableMessage to User; Time: Tue May 01 12:24:43 CST 2007; Entities affected: User - 2
Action: Post SessionUnavailableMessage to User; Time: Tue May 01 12:24:43 CST 2007; Entities affected: User - 1
Action: IMServiceHandler.onServiced; Time: Tue May 01 12:24:43 CST 2007; Entities affected: User - 1, User - 2, Session - 1
Action: Add User to Session; Time: Tue May 01 12:24:43 CST 2007; Entities affected: Session - 1, User - 2
Action: Change Session Status to OPEN; Time: Tue May 01 12:24:43 CST 2007; Entities affected: Session - 1
Action: Post SessionUnavailableMessage to User; Time: Tue May 01 12:24:43 CST 2007; Entities affected: User - 2
Action: Post SessionUnavailableMessage to User; Time: Tue May 01 12:24:43 CST 2007; Entities affected: User - 1
Action: IMServiceHandler.onServiced; Time: Tue May 01 12:24:43 CST 2007; Entities affected: User - 1, User - 2, Session - 1
Action: Add User to Session; Time: Tue May 01 12:24:43 CST 2007; Entities affected: Session - 1, User - 2
Action: Change Session Status to OPEN; Time: Tue May 01 12:24:43 CST 2007; Entities affected: Session - 1
Action: Post SessionUnavailableMessage to User; Time: Tue May 01 12:24:43 CST 2007; Entities affected: User - 2
Action: Post SessionUnavailableMessage to User; Time: Tue May 01 12:24:43 CST 2007; Entities affected: User - 1
Action: IMServiceHandler.onServiced; Time: Tue May 01 12:24:43 CST 2007; Entities affected: User - 1, User - 2, Session - 1
Action: Add User to Session; Time: Tue May 01 12:24:43 CST 2007; Entities affected: Session - 1, User - 2
Action: Change Session Status to OPEN; Time: Tue May 01 12:24:43 CST 2007; Entities affected: Session - 1
Action: Post SessionUnavailableMessage to User; Time: Tue May 01 12:24:43 CST 2007; Entities affected: User - 2
Action: Post SessionUnavailableMessage to User; Time: Tue May 01 12:24:43 CST 2007; Entities affected: User - 1
Action: IMServiceHandler.onServiced; Time: Tue May 01 12:24:43 CST 2007; Entities affected: User - 1, User - 2, Session - 1
Action: Add User to Session; Time: Tue May 01 12:24:43 CST 2007; Entities affected: Session - 1, User - 2
Action: Change Session Status to OPEN; Time: Tue May 01 12:24:43 CST 2007; Entities affected: Session - 1
Action: Post SessionUnavailableMessage to User; Time: Tue May 01 12:24:43 CST 2007; Entities affected: User - 2
Action: Post SessionUnavailableMessage to User; Time: Tue May 01 12:24:43 CST 2007; Entities affected: User - 1
Action: IMServiceHandler.onServiced; Time: Tue May 01 12:24:43 CST 2007; Entities affected: User - 1, User - 2, Session - 1
Action: Add User to Session; Time: Tue May 01 12:24:43 CST 2007; Entities affected: Session - 1, User - 2
Action: Change Session Status to OPEN; Time: Tue May 01 12:24:43 CST 2007; Entities affected: Session - 1
Action: Post SessionUnavailableMessage to User; Time: Tue May 01 12:24:43 CST 2007; Entities affected: User - 2
Action: Post SessionUnavailableMessage to User; Time: Tue May 01 12:24:43 CST 2007; Entities affected: User - 1
Action: IMServiceHandler.onServiced; Time: Tue May 01 12:24:43 CST 2007; Entities affected: User - 1, User - 2, Session - 1
Action: Add User to Session; Time: Tue May 01 12:24:43 CST 2007; Entities affected: Session - 1, User - 2
Action: Change Session Status to OPEN; Time: Tue May 01 12:24:43 CST 2007; Entities affected: Session - 1
Action: Post SessionUnavailableMessage to User; Time: Tue May 01 12:24:43 CST 2007; Entities affected: User - 2
Action: Post SessionUnavailableMessage to User; Time: Tue May 01 12:24:43 CST 2007; Entities affected: User - 1
Action: IMServiceHandler.onServiced; Time: Tue May 01 12:24:43 CST 2007; Entities affected: User - 1, User - 2, Session - 1
Action: Add User to Session; Time: Tue May 01 12:24:43 CST 2007; Entities affected: Session - 1, User - 2
Action: Change Session Status to OPEN; Time: Tue May 01 12:24:43 CST 2007; Entities affected: Session - 1
Action: Post SessionUnavailableMessage to User; Time: Tue May 01 12:24:43 CST 2007; Entities affected: User - 2
Action: Post SessionUnavailableMessage to User; Time: Tue May 01 12:24:43 CST 2007; Entities affected: User - 1
Action: IMServiceHandler.onServiced; Time: Tue May 01 12:24:43 CST 2007; Entities affected: User - 1, User - 2, Session - 1
Action: Add User to Session; Time: Tue May 01 12:24:43 CST 2007; Entities affected: Session - 1, User - 2
Action: Change Session Status to OPEN; Time: Tue May 01 12:24:43 CST 2007; Entities affected: Session - 1
Action: Post SessionUnavailableMessage to User; Time: Tue May 01 12:24:43 CST 2007; Entities affected: User - 2
Action: Post SessionUnavailableMessage to User; Time: Tue May 01 12:24:43 CST 2007; Entities affected: User - 1
Action: IMServiceHandler.onServiced; Time: Tue May 01 12:24:43 CST 2007; Entities affected: User - 1, User - 2, Session - 1
Action: Add User to Session; Time: Tue May 01 12:24:43 CST 2007; Entities affected: Session - 1, User - 2
Action: Change Session Status to OPEN; Time: Tue May 01 12:24:43 CST 2007; Entities affected: Session - 1
Action: Post SessionUnavailableMessage to User; Time: Tue May 01 12:24:43 CST 2007; Entities affected: User - 2
Action: Post SessionUnavailableMessage to User; Time: Tue May 01 12:24:43 CST 2007; Entities affected: User - 1
Action: IMServiceHandler.onServiced; Time: Tue May 01 12:24:43 CST 2007; Entities affected: User - 1, User - 2, Session - 1
Action: Add User to Session; Time: Tue May 01 12:24:43 CST 2007; Entities affected: Session - 1, User - 2
Action: Change Session Status to OPEN; Time: Tue May 01 12:24:43 CST 2007; Entities affected: Session - 1
Action: Post SessionUnavailableMessage to User; Time: Tue May 01 12:24:43 CST 2007; Entities affected: User - 2
Action: Post SessionUnavailableMessage to User; Time: Tue May 01 12:24:43 CST 2007; Entities affected: User - 1
Action: IMServiceHandler.onServiced; Time: Tue May 01 12:24:43 CST 2007; Entities affected: User - 1, User - 2, Session - 1
Action: Add User to Session; Time: Tue May 01 12:24:43 CST 2007; Entities affected: Session - 1, User - 2
Action: Change Session Status to OPEN; Time: Tue May 01 12:24:43 CST 2007; Entities affected: Session - 1
Action: Post SessionUnavailableMessage to User; Time: Tue May 01 12:24:43 CST 2007; Entities affected: User - 2
Action: Post SessionUnavailableMessage to User; Time: Tue May 01 12:24:43 CST 2007; Entities affected: User - 1
Action: IMServiceHandler.onServiced; Time: Tue May 01 12:24:43 CST 2007; Entities affected: User - 1, User - 2, Session - 1
Action: Add User to Session; Time: Tue May 01 12:24:43 CST 2007; Entities affected: Session - 1, User - 2
Action: Change Session Status to OPEN; Time: Tue May 01 12:24:43 CST 2007; Entities affected: Session - 1
Action: Post SessionUnavailableMessage to User; Time: Tue May 01 12:24:43 CST 2007; Entities affected: User - 2
Action: Post SessionUnavailableMessage to User; Time: Tue May 01 12:24:43 CST 2007; Entities affected: User - 1
Action: IMServiceHandler.onServiced; Time: Tue May 01 12:24:43 CST 2007; Entities affected: User - 1, User - 2, Session - 1
Action: Add User to Session; Time: Tue May 01 12:24:43 CST 2007; Entities affected: Session - 1, User - 2
Action: Change Session Status to OPEN; Time: Tue May 01 12:24:43 CST 2007; Entities affected: Session - 1
Action: Post SessionUnavailableMessage to User; Time: Tue May 01 12:24:43 CST 2007; Entities affected: User - 2
Action: Post SessionUnavailableMessage to User; Time: Tue May 01 12:24:43 CST 2007; Entities affected: User - 1
Action: IMServiceHandler.onServiced; Time: Tue May 01 12:24:43 CST 2007; Entities affected: User - 1, User - 2, Session - 1
Action: Add User to Session; Time: Tue May 01 12:24:43 CST 2007; Entities affected: Session - 1, User - 2
Action: Change Session Status to OPEN; Time: Tue May 01 12:24:43 CST 2007; Entities affected: Session - 1
Action: Post SessionUnavailableMessage to User; Time: Tue May 01 12:24:43 CST 2007; Entities affected: User - 2
Action: Post SessionUnavailableMessage to User; Time: Tue May 01 12:24:43 CST 2007; Entities affected: User - 1
Action: IMServiceHandler.onServiced; Time: Tue May 01 12:24:43 CST 2007; Entities affected: User - 1, User - 2, Session - 1
Action: Add User to Session; Time: Tue May 01 12:24:43 CST 2007; Entities affected: Session - 1, User - 2
Action: Change Session Status to OPEN; Time: Tue May 01 12:24:43 CST 2007; Entities affected: Session - 1
Action: Post SessionUnavailableMessage to User; Time: Tue May 01 12:24:43 CST 2007; Entities affected: User - 2
Action: Post SessionUnavailableMessage to User; Time: Tue May 01 12:24:43 CST 2007; Entities affected: User - 1
Action: IMServiceHandler.onServiced; Time: Tue May 01 12:24:43 CST 2007; Entities affected: User - 1, User - 2, Session - 1
Action: Add User to Session; Time: Tue May 01 12:24:43 CST 2007; Entities affected: Session - 1, User - 2
Action: Change Session Status to OPEN; Time: Tue May 01 12:24:43 CST 2007; Entities affected: Session - 1
Action: Post SessionUnavailableMessage to User; Time: Tue May 01 12:24:43 CST 2007; Entities affected: User - 2
Action: Post SessionUnavailableMessage to User; Time: Tue May 01 12:24:43 CST 2007; Entities affected: User - 1
Action: IMServiceHandler.onServiced; Time: Tue May 01 12:24:43 CST 2007; Entities affected: User - 1, User - 2, Session - 1
Action: Add User to Session; Time: Tue May 01 12:24:43 CST 2007; Entities affected: Session - 1, User - 2
Action: Change Session Status to OPEN; Time: Tue May 01 12:24:43 CST 2007; Entities affected: Session - 1
Action: Post SessionUnavailableMessage to User; Time: Tue May 01 12:24:43 CST 2007; Entities affected: User - 2
Action: Post SessionUnavailableMessage to User; Time: Tue May 01 12:24:43 CST 2007; Entities affected: User - 1
Action: IMServiceHandler.onServiced; Time: Tue May 01 12:24:43 CST 2007; Entities affected: User - 1, User - 2, Session - 1
Action: Add User to Session; Time: Tue May 01 12:24:43 CST 2007; Entities affected: Session - 1, User - 2
Action: Change Session Status to OPEN; Time: Tue May 01 12:24:43 CST 2007; Entities affected: Session - 1
Action: Post SessionUnavailableMessage to User; Time: Tue May 01 12:24:43 CST 2007; Entities affected: User - 2
Action: Post SessionUnavailableMessage to User; Time: Tue May 01 12:24:43 CST 2007; Entities affected: User - 1
Action: IMServiceHandler.onServiced; Time: Tue May 01 12:24:43 CST 2007; Entities affected: User - 1, User - 2, Session - 1
Action: Add User to Session; Time: Tue May 01 12:24:43 CST 2007; Entities affected: Session - 1, User - 2
Action: Change Session Status to OPEN; Time: Tue May 01 12:24:43 CST 2007; Entities affected: Session - 1
Action: Post SessionUnavailableMessage to User; Time: Tue May 01 12:24:43 CST 2007; Entities affected: User - 2
Action: Post SessionUnavailableMessage to User; Time: Tue May 01 12:24:43 CST 2007; Entities affected: User - 1
Action: IMServiceHandler.onServiced; Time: Tue May 01 12:24:43 CST 2007; Entities affected: User - 1, User - 2, Session - 1
Action: Add User to Session; Time: Tue May 01 12:24:43 CST 2007; Entities affected: Session - 1, User - 2
Action: Change Session Status to OPEN; Time: Tue May 01 12:24:43 CST 2007; Entities affected: Session - 1
Action: Post SessionUnavailableMessage to User; Time: Tue May 01 12:24:43 CST 2007; Entities affected: User - 2
Action: Post SessionUnavailableMessage to User; Time: Tue May 01 12:24:43 CST 2007; Entities affected: User - 1
Action: IMServiceHandler.onServiced; Time: Tue May 01 12:24:43 CST 2007; Entities affected: User - 1, User - 2, Session - 1
Action: Add User to Session; Time: Tue May 01 12:24:43 CST 2007; Entities affected: Session - 1, User - 2
Action: Change Session Status to OPEN; Time: Tue May 01 12:24:43 CST 2007; Entities affected: Session - 1
Action: Post SessionUnavailableMessage to User; Time: Tue May 01 12:24:43 CST 2007; Entities affected: User - 2
Action: Post SessionUnavailableMessage to User; Time: Tue May 01 12:24:43 CST 2007; Entities affected: User - 1
Action: IMServiceHandler.onServiced; Time: Tue May 01 12:24:43 CST 2007; Entities affected: User - 1, User - 2, Session - 1
Action: Add User to Session; Time: Tue May 01 12:24:43 CST 2007; Entities affected: Session - 1, User - 2
Action: Change Session Status to OPEN; Time: Tue May 01 12:24:43 CST 2007; Entities affected: Session - 1
Action: Post SessionUnavailableMessage to User; Time: Tue May 01 12:24:43 CST 2007; Entities affected: User - 2
Action: Post SessionUnavailableMessage to User; Time: Tue May 01 12:24:43 CST 2007; Entities affected: User - 1
Action: IMServiceHandler.onServiced; Time: Tue May 01 12:24:43 CST 2007; Entities affected: User - 1, User - 2, Session - 1
Action: Add User to Session; Time: Tue May 01 12:24:43 CST 2007; Entities affected: Session - 1, User - 2
Action: Change Session Status to OPEN; Time: Tue May 01 12:24:43 CST 2007; Entities affected: Session - 1
Action: Post SessionUnavailableMessage to User; Time: Tue May 01 12:24:43 CST 2007; Entities affected: User - 2
Action: Post SessionUnavailableMessage to User; Time: Tue May 01 12:24:43 CST 2007; Entities affected: User - 1
Action: IMServiceHandler.onServiced; Time: Tue May 01 12:24:43 CST 2007; Entities affected: User - 1, User - 2, Session - 1
Action: Add User to Session; Time: Tue May 01 12:24:43 CST 2007; Entities affected: Session - 1, User - 2
Action: Change Session Status to OPEN; Time: Tue May 01 12:24:43 CST 2007; Entities affected: Session - 1
Action: Post SessionUnavailableMessage to User; Time: Tue May 01 12:24:43 CST 2007; Entities affected: User - 2
Action: Post SessionUnavailableMessage to User; Time: Tue May 01 12:24:43 CST 2007; Entities affected: User - 1
Action: IMServiceHandler.onServiced; Time: Tue May 01 12:24:43 CST 2007; Entities affected: User - 1, User - 2, Session - 1
Action: Add User to Session; Time: Tue May 01 12:24:43 CST 2007; Entities affected: Session - 1, User - 2
Action: Change Session Status to OPEN; Time: Tue May 01 12:24:43 CST 2007; Entities affected: Session - 1
Action: Post SessionUnavailableMessage to User; Time: Tue May 01 12:24:44 CST 2007; Entities affected: User - 2
Action: Post SessionUnavailableMessage to User; Time: Tue May 01 12:24:44 CST 2007; Entities affected: User - 1
Action: IMServiceHandler.onServiced; Time: Tue May 01 12:24:44 CST 2007; Entities affected: User - 1, User - 2, Session - 1
Action: Add User to Session; Time: Tue May 01 12:24:44 CST 2007; Entities affected: Session - 1, User - 2
Action: Change Session Status to OPEN; Time: Tue May 01 12:24:44 CST 2007; Entities affected: Session - 1
Action: Post SessionUnavailableMessage to User; Time: Tue May 01 12:24:44 CST 2007; Entities affected: User - 2
Action: Post SessionUnavailableMessage to User; Time: Tue May 01 12:24:44 CST 2007; Entities affected: User - 1
Action: IMServiceHandler.onServiced; Time: Tue May 01 12:24:44 CST 2007; Entities affected: User - 1, User - 2, Session - 1
Action: Add User to Session; Time: Tue May 01 12:24:44 CST 2007; Entities affected: Session - 1, User - 2
Action: Change Session Status to OPEN; Time: Tue May 01 12:24:44 CST 2007; Entities affected: Session - 1
Action: Post SessionUnavailableMessage to User; Time: Tue May 01 12:24:44 CST 2007; Entities affected: User - 2
Action: Post SessionUnavailableMessage to User; Time: Tue May 01 12:24:44 CST 2007; Entities affected: User - 1
Action: IMServiceHandler.onServiced; Time: Tue May 01 12:24:44 CST 2007; Entities affected: User - 1, User - 2, Session - 1
Action: Add User to Session; Time: Tue May 01 12:24:44 CST 2007; Entities affected: Session - 1, User - 2
Action: Change Session Status to OPEN; Time: Tue May 01 12:24:44 CST 2007; Entities affected: Session - 1
Action: Post SessionUnavailableMessage to User; Time: Tue May 01 12:24:44 CST 2007; Entities affected: User - 2
Action: Post SessionUnavailableMessage to User; Time: Tue May 01 12:24:44 CST 2007; Entities affected: User - 1
Action: IMServiceHandler.onServiced; Time: Tue May 01 12:24:44 CST 2007; Entities affected: User - 1, User - 2, Session - 1
Action: Add User to Session; Time: Tue May 01 12:24:44 CST 2007; Entities affected: Session - 1, User - 2
Action: Change Session Status to OPEN; Time: Tue May 01 12:24:44 CST 2007; Entities affected: Session - 1
Action: Post SessionUnavailableMessage to User; Time: Tue May 01 12:24:44 CST 2007; Entities affected: User - 2
Action: Post SessionUnavailableMessage to User; Time: Tue May 01 12:24:44 CST 2007; Entities affected: User - 1
Action: IMServiceHandler.onServiced; Time: Tue May 01 12:24:44 CST 2007; Entities affected: User - 1, User - 2, Session - 1
Action: Add User to Session; Time: Tue May 01 12:24:44 CST 2007; Entities affected: Session - 1, User - 2
Action: Change Session Status to OPEN; Time: Tue May 01 12:24:44 CST 2007; Entities affected: Session - 1
Action: Post SessionUnavailableMessage to User; Time: Tue May 01 12:24:44 CST 2007; Entities affected: User - 2
Action: Post SessionUnavailableMessage to User; Time: Tue May 01 12:24:44 CST 2007; Entities affected: User - 1
Action: IMServiceHandler.onServiced; Time: Tue May 01 12:24:44 CST 2007; Entities affected: User - 1, User - 2, Session - 1
Action: Add User to Session; Time: Tue May 01 12:24:44 CST 2007; Entities affected: Session - 1, User - 2
Action: Change Session Status to OPEN; Time: Tue May 01 12:24:44 CST 2007; Entities affected: Session - 1
Action: Post SessionUnavailableMessage to User; Time: Tue May 01 12:24:44 CST 2007; Entities affected: User - 2
Action: Post SessionUnavailableMessage to User; Time: Tue May 01 12:24:44 CST 2007; Entities affected: User - 1
Action: IMServiceHandler.onServiced; Time: Tue May 01 12:24:44 CST 2007; Entities affected: User - 1, User - 2, Session - 1
Action: Add User to Session; Time: Tue May 01 12:24:44 CST 2007; Entities affected: Session - 1, User - 2
Action: Change Session Status to OPEN; Time: Tue May 01 12:24:44 CST 2007; Entities affected: Session - 1
Action: Post SessionUnavailableMessage to User; Time: Tue May 01 12:24:44 CST 2007; Entities affected: User - 2
Action: Post SessionUnavailableMessage to User; Time: Tue May 01 12:24:44 CST 2007; Entities affected: User - 1
Action: IMServiceHandler.onServiced; Time: Tue May 01 12:24:44 CST 2007; Entities affected: User - 1, User - 2, Session - 1
Action: Add User to Session; Time: Tue May 01 12:24:44 CST 2007; Entities affected: Session - 1, User - 2
Action: Change Session Status to OPEN; Time: Tue May 01 12:24:44 CST 2007; Entities affected: Session - 1
Action: Post SessionUnavailableMessage to User; Time: Tue May 01 12:24:44 CST 2007; Entities affected: User - 2
Action: Post SessionUnavailableMessage to User; Time: Tue May 01 12:24:44 CST 2007; Entities affected: User - 1
Action: IMServiceHandler.onServiced; Time: Tue May 01 12:24:44 CST 2007; Entities affected: User - 1, User - 2, Session - 1
Action: Add User to Session; Time: Tue May 01 12:24:44 CST 2007; Entities affected: Session - 1, User - 2
Action: Change Session Status to OPEN; Time: Tue May 01 12:24:44 CST 2007; Entities affected: Session - 1
Action: Post SessionUnavailableMessage to User; Time: Tue May 01 12:24:44 CST 2007; Entities affected: User - 2
Action: Post SessionUnavailableMessage to User; Time: Tue May 01 12:24:44 CST 2007; Entities affected: User - 1
Action: IMServiceHandler.onServiced; Time: Tue May 01 12:24:44 CST 2007; Entities affected: User - 1, User - 2, Session - 1
Action: Add User to Session; Time: Tue May 01 12:24:44 CST 2007; Entities affected: Session - 1, User - 2
Action: Change Session Status to OPEN; Time: Tue May 01 12:24:44 CST 2007; Entities affected: Session - 1
Action: Post SessionUnavailableMessage to User; Time: Tue May 01 12:24:44 CST 2007; Entities affected: User - 2
Action: Post SessionUnavailableMessage to User; Time: Tue May 01 12:24:44 CST 2007; Entities affected: User - 1
Action: IMServiceHandler.onServiced; Time: Tue May 01 12:24:44 CST 2007; Entities affected: User - 1, User - 2, Session - 1
Action: Add User to Session; Time: Tue May 01 12:24:44 CST 2007; Entities affected: Session - 1, User - 2
Action: Change Session Status to OPEN; Time: Tue May 01 12:24:44 CST 2007; Entities affected: Session - 1
Action: Post SessionUnavailableMessage to User; Time: Tue May 01 12:24:44 CST 2007; Entities affected: User - 2
Action: Post SessionUnavailableMessage to User; Time: Tue May 01 12:24:44 CST 2007; Entities affected: User - 1
Action: IMServiceHandler.onServiced; Time: Tue May 01 12:24:44 CST 2007; Entities affected: User - 1, User - 2, Session - 1
Action: Add User to Session; Time: Tue May 01 12:24:44 CST 2007; Entities affected: Session - 1, User - 2
Action: Change Session Status to OPEN; Time: Tue May 01 12:24:44 CST 2007; Entities affected: Session - 1
Action: Post SessionUnavailableMessage to User; Time: Tue May 01 12:24:44 CST 2007; Entities affected: User - 2
Action: Post SessionUnavailableMessage to User; Time: Tue May 01 12:24:44 CST 2007; Entities affected: User - 1
Action: IMServiceHandler.onServiced; Time: Tue May 01 12:24:44 CST 2007; Entities affected: User - 1, User - 2, Session - 1
Action: Add User to Session; Time: Tue May 01 12:24:44 CST 2007; Entities affected: Session - 1, User - 2
Action: Change Session Status to OPEN; Time: Tue May 01 12:24:44 CST 2007; Entities affected: Session - 1
Action: Post SessionUnavailableMessage to User; Time: Tue May 01 12:24:44 CST 2007; Entities affected: User - 2
Action: Post SessionUnavailableMessage to User; Time: Tue May 01 12:24:44 CST 2007; Entities affected: User - 1
Action: IMServiceHandler.onServiced; Time: Tue May 01 12:24:44 CST 2007; Entities affected: User - 1, User - 2, Session - 1
Action: Add User to Session; Time: Tue May 01 12:24:44 CST 2007; Entities affected: Session - 1, User - 2
Action: Change Session Status to OPEN; Time: Tue May 01 12:24:44 CST 2007; Entities affected: Session - 1
Action: Post SessionUnavailableMessage to User; Time: Tue May 01 12:24:44 CST 2007; Entities affected: User - 2
Action: Post SessionUnavailableMessage to User; Time: Tue May 01 12:24:44 CST 2007; Entities affected: User - 1
Action: IMServiceHandler.onServiced; Time: Tue May 01 12:24:44 CST 2007; Entities affected: User - 1, User - 2, Session - 1
Action: Add User to Session; Time: Tue May 01 12:24:44 CST 2007; Entities affected: Session - 1, User - 2
Action: Change Session Status to OPEN; Time: Tue May 01 12:24:44 CST 2007; Entities affected: Session - 1
Action: Post SessionUnavailableMessage to User; Time: Tue May 01 12:24:44 CST 2007; Entities affected: User - 2
Action: Post SessionUnavailableMessage to User; Time: Tue May 01 12:24:44 CST 2007; Entities affected: User - 1
Action: IMServiceHandler.onServiced; Time: Tue May 01 12:24:44 CST 2007; Entities affected: User - 1, User - 2, Session - 1
Action: Add User to Session; Time: Tue May 01 12:24:44 CST 2007; Entities affected: Session - 1, User - 2
Action: Change Session Status to OPEN; Time: Tue May 01 12:24:44 CST 2007; Entities affected: Session - 1
Action: Post SessionUnavailableMessage to User; Time: Tue May 01 12:24:44 CST 2007; Entities affected: User - 2
Action: Post SessionUnavailableMessage to User; Time: Tue May 01 12:24:44 CST 2007; Entities affected: User - 1
Action: IMServiceHandler.onServiced; Time: Tue May 01 12:24:44 CST 2007; Entities affected: User - 1, User - 2, Session - 1
Action: Add User to Session; Time: Tue May 01 12:24:44 CST 2007; Entities affected: Session - 1, User - 2
Action: Change Session Status to OPEN; Time: Tue May 01 12:24:44 CST 2007; Entities affected: Session - 1
Action: Post SessionUnavailableMessage to User; Time: Tue May 01 12:24:44 CST 2007; Entities affected: User - 2
Action: Post SessionUnavailableMessage to User; Time: Tue May 01 12:24:44 CST 2007; Entities affected: User - 1
Action: IMServiceHandler.onServiced; Time: Tue May 01 12:24:44 CST 2007; Entities affected: User - 1, User - 2, Session - 1
Action: Add User to Session; Time: Tue May 01 12:24:44 CST 2007; Entities affected: Session - 1, User - 2
Action: Change Session Status to OPEN; Time: Tue May 01 12:24:44 CST 2007; Entities affected: Session - 1
Action: Post SessionUnavailableMessage to User; Time: Tue May 01 12:24:44 CST 2007; Entities affected: User - 2
Action: Post SessionUnavailableMessage to User; Time: Tue May 01 12:24:44 CST 2007; Entities affected: User - 1
Action: IMServiceHandler.onServiced; Time: Tue May 01 12:24:44 CST 2007; Entities affected: User - 1, User - 2, Session - 1
Action: Add User to Session; Time: Tue May 01 12:24:44 CST 2007; Entities affected: Session - 1, User - 2
Action: Change Session Status to OPEN; Time: Tue May 01 12:24:44 CST 2007; Entities affected: Session - 1
Action: Post SessionUnavailableMessage to User; Time: Tue May 01 12:24:44 CST 2007; Entities affected: User - 2
Action: Post SessionUnavailableMessage to User; Time: Tue May 01 12:24:44 CST 2007; Entities affected: User - 1
Action: IMServiceHandler.onServiced; Time: Tue May 01 12:24:44 CST 2007; Entities affected: User - 1, User - 2, Session - 1
Action: Add User to Session; Time: Tue May 01 12:24:44 CST 2007; Entities affected: Session - 1, User - 2
Action: Change Session Status to OPEN; Time: Tue May 01 12:24:44 CST 2007; Entities affected: Session - 1
Action: Post SessionUnavailableMessage to User; Time: Tue May 01 12:24:44 CST 2007; Entities affected: User - 2
Action: Post SessionUnavailableMessage to User; Time: Tue May 01 12:24:44 CST 2007; Entities affected: User - 1
Action: IMServiceHandler.onServiced; Time: Tue May 01 12:24:44 CST 2007; Entities affected: User - 1, User - 2, Session - 1
Action: Add User to Session; Time: Tue May 01 12:24:44 CST 2007; Entities affected: Session - 1, User - 2
Action: Change Session Status to OPEN; Time: Tue May 01 12:24:44 CST 2007; Entities affected: Session - 1
Action: Post SessionUnavailableMessage to User; Time: Tue May 01 12:24:44 CST 2007; Entities affected: User - 2
Action: Post SessionUnavailableMessage to User; Time: Tue May 01 12:24:44 CST 2007; Entities affected: User - 1
Action: IMServiceHandler.onServiced; Time: Tue May 01 12:24:44 CST 2007; Entities affected: User - 1, User - 2, Session - 1
Action: Add User to Session; Time: Tue May 01 12:24:44 CST 2007; Entities affected: Session - 1, User - 2
Action: Change Session Status to OPEN; Time: Tue May 01 12:24:44 CST 2007; Entities affected: Session - 1
Action: Post SessionUnavailableMessage to User; Time: Tue May 01 12:24:44 CST 2007; Entities affected: User - 2
Action: Post SessionUnavailableMessage to User; Time: Tue May 01 12:24:44 CST 2007; Entities affected: User - 1
Action: IMServiceHandler.onServiced; Time: Tue May 01 12:24:44 CST 2007; Entities affected: User - 1, User - 2, Session - 1
Action: Add User to Session; Time: Tue May 01 12:24:44 CST 2007; Entities affected: Session - 1, User - 2
Action: Change Session Status to OPEN; Time: Tue May 01 12:24:44 CST 2007; Entities affected: Session - 1
Action: Post SessionUnavailableMessage to User; Time: Tue May 01 12:24:44 CST 2007; Entities affected: User - 2
Action: Post SessionUnavailableMessage to User; Time: Tue May 01 12:24:44 CST 2007; Entities affected: User - 1
Action: IMServiceHandler.onServiced; Time: Tue May 01 12:24:44 CST 2007; Entities affected: User - 1, User - 2, Session - 1
Action: Add User to Session; Time: Tue May 01 12:24:44 CST 2007; Entities affected: Session - 1, User - 2
Action: Change Session Status to OPEN; Time: Tue May 01 12:24:44 CST 2007; Entities affected: Session - 1
Action: Post SessionUnavailableMessage to User; Time: Tue May 01 12:24:44 CST 2007; Entities affected: User - 2
Action: Post SessionUnavailableMessage to User; Time: Tue May 01 12:24:44 CST 2007; Entities affected: User - 1
Action: IMServiceHandler.onServiced; Time: Tue May 01 12:24:44 CST 2007; Entities affected: User - 1, User - 2, Session - 1
Action: Add User to Session; Time: Tue May 01 12:24:44 CST 2007; Entities affected: Session - 1, User - 2
Action: Change Session Status to OPEN; Time: Tue May 01 12:24:44 CST 2007; Entities affected: Session - 1
Action: Post SessionUnavailableMessage to User; Time: Tue May 01 12:24:44 CST 2007; Entities affected: User - 2
Action: Post SessionUnavailableMessage to User; Time: Tue May 01 12:24:44 CST 2007; Entities affected: User - 1
Action: IMServiceHandler.onServiced; Time: Tue May 01 12:24:44 CST 2007; Entities affected: User - 1, User - 2, Session - 1
Action: Add User to Session; Time: Tue May 01 12:24:44 CST 2007; Entities affected: Session - 1, User - 2
Action: Change Session Status to OPEN; Time: Tue May 01 12:24:44 CST 2007; Entities affected: Session - 1
Action: Post SessionUnavailableMessage to User; Time: Tue May 01 12:24:44 CST 2007; Entities affected: User - 2
Action: Post SessionUnavailableMessage to User; Time: Tue May 01 12:24:44 CST 2007; Entities affected: User - 1
Action: IMServiceHandler.onServiced; Time: Tue May 01 12:24:44 CST 2007; Entities affected: User - 1, User - 2, Session - 1
Action: Add User to Session; Time: Tue May 01 12:24:44 CST 2007; Entities affected: Session - 1, User - 2
Action: Change Session Status to OPEN; Time: Tue May 01 12:24:44 CST 2007; Entities affected: Session - 1
Action: Post SessionUnavailableMessage to User; Time: Tue May 01 12:24:44 CST 2007; Entities affected: User - 2
Action: Post SessionUnavailableMessage to User; Time: Tue May 01 12:24:44 CST 2007; Entities affected: User - 1
Action: IMServiceHandler.onServiced; Time: Tue May 01 12:24:44 CST 2007; Entities affected: User - 1, User - 2, Session - 1
Action: Add User to Session; Time: Tue May 01 12:24:44 CST 2007; Entities affected: Session - 1, User - 2
Action: Change Session Status to OPEN; Time: Tue May 01 12:24:44 CST 2007; Entities affected: Session - 1
Action: Post SessionUnavailableMessage to User; Time: Tue May 01 12:24:44 CST 2007; Entities affected: User - 2
Action: Post SessionUnavailableMessage to User; Time: Tue May 01 12:24:44 CST 2007; Entities affected: User - 1
Action: IMServiceHandler.onServiced; Time: Tue May 01 12:24:44 CST 2007; Entities affected: User - 1, User - 2, Session - 1
Action: Add User to Session; Time: Tue May 01 12:24:44 CST 2007; Entities affected: Session - 1, User - 2
Action: Change Session Status to OPEN; Time: Tue May 01 12:24:44 CST 2007; Entities affected: Session - 1
Action: Post SessionUnavailableMessage to User; Time: Tue May 01 12:24:44 CST 2007; Entities affected: User - 2
Action: Post SessionUnavailableMessage to User; Time: Tue May 01 12:24:44 CST 2007; Entities affected: User - 1
Action: IMServiceHandler.onServiced; Time: Tue May 01 12:24:44 CST 2007; Entities affected: User - 1, User - 2, Session - 1
Action: Add User to Session; Time: Tue May 01 12:24:44 CST 2007; Entities affected: Session - 1, User - 2
Action: Change Session Status to OPEN; Time: Tue May 01 12:24:44 CST 2007; Entities affected: Session - 1
Action: Post SessionUnavailableMessage to User; Time: Tue May 01 12:24:44 CST 2007; Entities affected: User - 2
Action: Post SessionUnavailableMessage to User; Time: Tue May 01 12:24:44 CST 2007; Entities affected: User - 1
Action: IMServiceHandler.onServiced; Time: Tue May 01 12:24:44 CST 2007; Entities affected: User - 1, User - 2, Session - 1
Action: Add User to Session; Time: Tue May 01 12:24:44 CST 2007; Entities affected: Session - 1, User - 2
Action: Change Session Status to OPEN; Time: Tue May 01 12:24:44 CST 2007; Entities affected: Session - 1
Action: Post SessionUnavailableMessage to User; Time: Tue May 01 12:24:44 CST 2007; Entities affected: User - 2
Action: Post SessionUnavailableMessage to User; Time: Tue May 01 12:24:44 CST 2007; Entities affected: User - 1
Action: IMServiceHandler.onServiced; Time: Tue May 01 12:24:44 CST 2007; Entities affected: User - 1, User - 2, Session - 1
Action: Add User to Session; Time: Tue May 01 12:24:44 CST 2007; Entities affected: Session - 1, User - 2
Action: Change Session Status to OPEN; Time: Tue May 01 12:24:44 CST 2007; Entities affected: Session - 1
Action: Post SessionUnavailableMessage to User; Time: Tue May 01 12:24:44 CST 2007; Entities affected: User - 2
Action: Post SessionUnavailableMessage to User; Time: Tue May 01 12:24:44 CST 2007; Entities affected: User - 1
Action: IMServiceHandler.onServiced; Time: Tue May 01 12:24:44 CST 2007; Entities affected: User - 1, User - 2, Session - 1
Action: Add User to Session; Time: Tue May 01 12:24:44 CST 2007; Entities affected: Session - 1, User - 2
Action: Change Session Status to OPEN; Time: Tue May 01 12:24:44 CST 2007; Entities affected: Session - 1
Action: Post SessionUnavailableMessage to User; Time: Tue May 01 12:24:44 CST 2007; Entities affected: User - 2
Action: Post SessionUnavailableMessage to User; Time: Tue May 01 12:24:44 CST 2007; Entities affected: User - 1
Action: IMServiceHandler.onServiced; Time: Tue May 01 12:24:44 CST 2007; Entities affected: User - 1, User - 2, Session - 1
Action: Add User to Session; Time: Tue May 01 12:24:44 CST 2007; Entities affected: Session - 1, User - 2
Action: Change Session Status to OPEN; Time: Tue May 01 12:24:44 CST 2007; Entities affected: Session - 1
Action: Post SessionUnavailableMessage to User; Time: Tue May 01 12:24:44 CST 2007; Entities affected: User - 2
Action: Post SessionUnavailableMessage to User; Time: Tue May 01 12:24:44 CST 2007; Entities affected: User - 1
Action: IMServiceHandler.onServiced; Time: Tue May 01 12:24:44 CST 2007; Entities affected: User - 1, User - 2, Session - 1
Action: Add User to Session; Time: Tue May 01 12:24:44 CST 2007; Entities affected: Session - 1, User - 2
Action: Change Session Status to OPEN; Time: Tue May 01 12:24:44 CST 2007; Entities affected: Session - 1
Action: Post SessionUnavailableMessage to User; Time: Tue May 01 12:24:44 CST 2007; Entities affected: User - 2
Action: Post SessionUnavailableMessage to User; Time: Tue May 01 12:24:44 CST 2007; Entities affected: User - 1
Action: IMServiceHandler.onServiced; Time: Tue May 01 12:24:44 CST 2007; Entities affected: User - 1, User - 2, Session - 1
Action: Add User to Session; Time: Tue May 01 12:24:44 CST 2007; Entities affected: Session - 1, User - 2
Action: Change Session Status to OPEN; Time: Tue May 01 12:24:44 CST 2007; Entities affected: Session - 1
Action: Post SessionUnavailableMessage to User; Time: Tue May 01 12:24:44 CST 2007; Entities affected: User - 2
Action: Post SessionUnavailableMessage to User; Time: Tue May 01 12:24:44 CST 2007; Entities affected: User - 1
Executing testonServiced_WithResponder() 100 times takes 210ms
Action: IMServiceHandler.onServiced; Time: Tue May 01 12:24:44 CST 2007; Entities affected: User - 1, Session - 1
Action: Post SessionUnavailableMessage to User; Time: Tue May 01 12:24:44 CST 2007; Entities affected: User - 1
Action: Remove User From Session; Time: Tue May 01 12:24:44 CST 2007; Entities affected: User - 1
Action: Change User Status to OFFLINE; Time: Tue May 01 12:24:44 CST 2007; Entities affected: User - 1
Action: IMServiceHandler.onServiced; Time: Tue May 01 12:24:44 CST 2007; Entities affected: User - 1, Session - 1
Action: Post SessionUnavailableMessage to User; Time: Tue May 01 12:24:44 CST 2007; Entities affected: User - 1
Action: Remove User From Session; Time: Tue May 01 12:24:44 CST 2007; Entities affected: User - 1
Action: Change User Status to OFFLINE; Time: Tue May 01 12:24:44 CST 2007; Entities affected: User - 1
Action: IMServiceHandler.onServiced; Time: Tue May 01 12:24:44 CST 2007; Entities affected: User - 1, Session - 1
Action: Post SessionUnavailableMessage to User; Time: Tue May 01 12:24:44 CST 2007; Entities affected: User - 1
Action: Remove User From Session; Time: Tue May 01 12:24:44 CST 2007; Entities affected: User - 1
Action: Change User Status to OFFLINE; Time: Tue May 01 12:24:44 CST 2007; Entities affected: User - 1
Action: IMServiceHandler.onServiced; Time: Tue May 01 12:24:44 CST 2007; Entities affected: User - 1, Session - 1
Action: Post SessionUnavailableMessage to User; Time: Tue May 01 12:24:44 CST 2007; Entities affected: User - 1
Action: Remove User From Session; Time: Tue May 01 12:24:44 CST 2007; Entities affected: User - 1
Action: Change User Status to OFFLINE; Time: Tue May 01 12:24:44 CST 2007; Entities affected: User - 1
Action: IMServiceHandler.onServiced; Time: Tue May 01 12:24:44 CST 2007; Entities affected: User - 1, Session - 1
Action: Post SessionUnavailableMessage to User; Time: Tue May 01 12:24:44 CST 2007; Entities affected: User - 1
Action: Remove User From Session; Time: Tue May 01 12:24:44 CST 2007; Entities affected: User - 1
Action: Change User Status to OFFLINE; Time: Tue May 01 12:24:44 CST 2007; Entities affected: User - 1
Action: IMServiceHandler.onServiced; Time: Tue May 01 12:24:44 CST 2007; Entities affected: User - 1, Session - 1
Action: Post SessionUnavailableMessage to User; Time: Tue May 01 12:24:44 CST 2007; Entities affected: User - 1
Action: Remove User From Session; Time: Tue May 01 12:24:44 CST 2007; Entities affected: User - 1
Action: Change User Status to OFFLINE; Time: Tue May 01 12:24:44 CST 2007; Entities affected: User - 1
Action: IMServiceHandler.onServiced; Time: Tue May 01 12:24:44 CST 2007; Entities affected: User - 1, Session - 1
Action: Post SessionUnavailableMessage to User; Time: Tue May 01 12:24:44 CST 2007; Entities affected: User - 1
Action: Remove User From Session; Time: Tue May 01 12:24:44 CST 2007; Entities affected: User - 1
Action: Change User Status to OFFLINE; Time: Tue May 01 12:24:44 CST 2007; Entities affected: User - 1
Action: IMServiceHandler.onServiced; Time: Tue May 01 12:24:44 CST 2007; Entities affected: User - 1, Session - 1
Action: Post SessionUnavailableMessage to User; Time: Tue May 01 12:24:44 CST 2007; Entities affected: User - 1
Action: Remove User From Session; Time: Tue May 01 12:24:44 CST 2007; Entities affected: User - 1
Action: Change User Status to OFFLINE; Time: Tue May 01 12:24:44 CST 2007; Entities affected: User - 1
Action: IMServiceHandler.onServiced; Time: Tue May 01 12:24:44 CST 2007; Entities affected: User - 1, Session - 1
Action: Post SessionUnavailableMessage to User; Time: Tue May 01 12:24:44 CST 2007; Entities affected: User - 1
Action: Remove User From Session; Time: Tue May 01 12:24:44 CST 2007; Entities affected: User - 1
Action: Change User Status to OFFLINE; Time: Tue May 01 12:24:44 CST 2007; Entities affected: User - 1
Action: IMServiceHandler.onServiced; Time: Tue May 01 12:24:44 CST 2007; Entities affected: User - 1, Session - 1
Action: Post SessionUnavailableMessage to User; Time: Tue May 01 12:24:44 CST 2007; Entities affected: User - 1
Action: Remove User From Session; Time: Tue May 01 12:24:44 CST 2007; Entities affected: User - 1
Action: Change User Status to OFFLINE; Time: Tue May 01 12:24:44 CST 2007; Entities affected: User - 1
Action: IMServiceHandler.onServiced; Time: Tue May 01 12:24:44 CST 2007; Entities affected: User - 1, Session - 1
Action: Post SessionUnavailableMessage to User; Time: Tue May 01 12:24:44 CST 2007; Entities affected: User - 1
Action: Remove User From Session; Time: Tue May 01 12:24:44 CST 2007; Entities affected: User - 1
Action: Change User Status to OFFLINE; Time: Tue May 01 12:24:44 CST 2007; Entities affected: User - 1
Action: IMServiceHandler.onServiced; Time: Tue May 01 12:24:44 CST 2007; Entities affected: User - 1, Session - 1
Action: Post SessionUnavailableMessage to User; Time: Tue May 01 12:24:44 CST 2007; Entities affected: User - 1
Action: Remove User From Session; Time: Tue May 01 12:24:44 CST 2007; Entities affected: User - 1
Action: Change User Status to OFFLINE; Time: Tue May 01 12:24:44 CST 2007; Entities affected: User - 1
Action: IMServiceHandler.onServiced; Time: Tue May 01 12:24:44 CST 2007; Entities affected: User - 1, Session - 1
Action: Post SessionUnavailableMessage to User; Time: Tue May 01 12:24:44 CST 2007; Entities affected: User - 1
Action: Remove User From Session; Time: Tue May 01 12:24:44 CST 2007; Entities affected: User - 1
Action: Change User Status to OFFLINE; Time: Tue May 01 12:24:44 CST 2007; Entities affected: User - 1
Action: IMServiceHandler.onServiced; Time: Tue May 01 12:24:44 CST 2007; Entities affected: User - 1, Session - 1
Action: Post SessionUnavailableMessage to User; Time: Tue May 01 12:24:44 CST 2007; Entities affected: User - 1
Action: Remove User From Session; Time: Tue May 01 12:24:44 CST 2007; Entities affected: User - 1
Action: Change User Status to OFFLINE; Time: Tue May 01 12:24:44 CST 2007; Entities affected: User - 1
Action: IMServiceHandler.onServiced; Time: Tue May 01 12:24:44 CST 2007; Entities affected: User - 1, Session - 1
Action: Post SessionUnavailableMessage to User; Time: Tue May 01 12:24:44 CST 2007; Entities affected: User - 1
Action: Remove User From Session; Time: Tue May 01 12:24:44 CST 2007; Entities affected: User - 1
Action: Change User Status to OFFLINE; Time: Tue May 01 12:24:44 CST 2007; Entities affected: User - 1
Action: IMServiceHandler.onServiced; Time: Tue May 01 12:24:44 CST 2007; Entities affected: User - 1, Session - 1
Action: Post SessionUnavailableMessage to User; Time: Tue May 01 12:24:44 CST 2007; Entities affected: User - 1
Action: Remove User From Session; Time: Tue May 01 12:24:44 CST 2007; Entities affected: User - 1
Action: Change User Status to OFFLINE; Time: Tue May 01 12:24:44 CST 2007; Entities affected: User - 1
Action: IMServiceHandler.onServiced; Time: Tue May 01 12:24:44 CST 2007; Entities affected: User - 1, Session - 1
Action: Post SessionUnavailableMessage to User; Time: Tue May 01 12:24:44 CST 2007; Entities affected: User - 1
Action: Remove User From Session; Time: Tue May 01 12:24:44 CST 2007; Entities affected: User - 1
Action: Change User Status to OFFLINE; Time: Tue May 01 12:24:44 CST 2007; Entities affected: User - 1
Action: IMServiceHandler.onServiced; Time: Tue May 01 12:24:44 CST 2007; Entities affected: User - 1, Session - 1
Action: Post SessionUnavailableMessage to User; Time: Tue May 01 12:24:44 CST 2007; Entities affected: User - 1
Action: Remove User From Session; Time: Tue May 01 12:24:44 CST 2007; Entities affected: User - 1
Action: Change User Status to OFFLINE; Time: Tue May 01 12:24:44 CST 2007; Entities affected: User - 1
Action: IMServiceHandler.onServiced; Time: Tue May 01 12:24:44 CST 2007; Entities affected: User - 1, Session - 1
Action: Post SessionUnavailableMessage to User; Time: Tue May 01 12:24:44 CST 2007; Entities affected: User - 1
Action: Remove User From Session; Time: Tue May 01 12:24:44 CST 2007; Entities affected: User - 1
Action: Change User Status to OFFLINE; Time: Tue May 01 12:24:44 CST 2007; Entities affected: User - 1
Action: IMServiceHandler.onServiced; Time: Tue May 01 12:24:44 CST 2007; Entities affected: User - 1, Session - 1
Action: Post SessionUnavailableMessage to User; Time: Tue May 01 12:24:44 CST 2007; Entities affected: User - 1
Action: Remove User From Session; Time: Tue May 01 12:24:44 CST 2007; Entities affected: User - 1
Action: Change User Status to OFFLINE; Time: Tue May 01 12:24:44 CST 2007; Entities affected: User - 1
Action: IMServiceHandler.onServiced; Time: Tue May 01 12:24:44 CST 2007; Entities affected: User - 1, Session - 1
Action: Post SessionUnavailableMessage to User; Time: Tue May 01 12:24:44 CST 2007; Entities affected: User - 1
Action: Remove User From Session; Time: Tue May 01 12:24:44 CST 2007; Entities affected: User - 1
Action: Change User Status to OFFLINE; Time: Tue May 01 12:24:44 CST 2007; Entities affected: User - 1
Action: IMServiceHandler.onServiced; Time: Tue May 01 12:24:44 CST 2007; Entities affected: User - 1, Session - 1
Action: Post SessionUnavailableMessage to User; Time: Tue May 01 12:24:44 CST 2007; Entities affected: User - 1
Action: Remove User From Session; Time: Tue May 01 12:24:44 CST 2007; Entities affected: User - 1
Action: Change User Status to OFFLINE; Time: Tue May 01 12:24:44 CST 2007; Entities affected: User - 1
Action: IMServiceHandler.onServiced; Time: Tue May 01 12:24:44 CST 2007; Entities affected: User - 1, Session - 1
Action: Post SessionUnavailableMessage to User; Time: Tue May 01 12:24:44 CST 2007; Entities affected: User - 1
Action: Remove User From Session; Time: Tue May 01 12:24:44 CST 2007; Entities affected: User - 1
Action: Change User Status to OFFLINE; Time: Tue May 01 12:24:44 CST 2007; Entities affected: User - 1
Action: IMServiceHandler.onServiced; Time: Tue May 01 12:24:44 CST 2007; Entities affected: User - 1, Session - 1
Action: Post SessionUnavailableMessage to User; Time: Tue May 01 12:24:44 CST 2007; Entities affected: User - 1
Action: Remove User From Session; Time: Tue May 01 12:24:44 CST 2007; Entities affected: User - 1
Action: Change User Status to OFFLINE; Time: Tue May 01 12:24:44 CST 2007; Entities affected: User - 1
Action: IMServiceHandler.onServiced; Time: Tue May 01 12:24:44 CST 2007; Entities affected: User - 1, Session - 1
Action: Post SessionUnavailableMessage to User; Time: Tue May 01 12:24:44 CST 2007; Entities affected: User - 1
Action: Remove User From Session; Time: Tue May 01 12:24:44 CST 2007; Entities affected: User - 1
Action: Change User Status to OFFLINE; Time: Tue May 01 12:24:44 CST 2007; Entities affected: User - 1
Action: IMServiceHandler.onServiced; Time: Tue May 01 12:24:44 CST 2007; Entities affected: User - 1, Session - 1
Action: Post SessionUnavailableMessage to User; Time: Tue May 01 12:24:44 CST 2007; Entities affected: User - 1
Action: Remove User From Session; Time: Tue May 01 12:24:44 CST 2007; Entities affected: User - 1
Action: Change User Status to OFFLINE; Time: Tue May 01 12:24:44 CST 2007; Entities affected: User - 1
Action: IMServiceHandler.onServiced; Time: Tue May 01 12:24:44 CST 2007; Entities affected: User - 1, Session - 1
Action: Post SessionUnavailableMessage to User; Time: Tue May 01 12:24:44 CST 2007; Entities affected: User - 1
Action: Remove User From Session; Time: Tue May 01 12:24:44 CST 2007; Entities affected: User - 1
Action: Change User Status to OFFLINE; Time: Tue May 01 12:24:44 CST 2007; Entities affected: User - 1
Action: IMServiceHandler.onServiced; Time: Tue May 01 12:24:44 CST 2007; Entities affected: User - 1, Session - 1
Action: Post SessionUnavailableMessage to User; Time: Tue May 01 12:24:44 CST 2007; Entities affected: User - 1
Action: Remove User From Session; Time: Tue May 01 12:24:44 CST 2007; Entities affected: User - 1
Action: Change User Status to OFFLINE; Time: Tue May 01 12:24:44 CST 2007; Entities affected: User - 1
Action: IMServiceHandler.onServiced; Time: Tue May 01 12:24:44 CST 2007; Entities affected: User - 1, Session - 1
Action: Post SessionUnavailableMessage to User; Time: Tue May 01 12:24:44 CST 2007; Entities affected: User - 1
Action: Remove User From Session; Time: Tue May 01 12:24:44 CST 2007; Entities affected: User - 1
Action: Change User Status to OFFLINE; Time: Tue May 01 12:24:44 CST 2007; Entities affected: User - 1
Action: IMServiceHandler.onServiced; Time: Tue May 01 12:24:44 CST 2007; Entities affected: User - 1, Session - 1
Action: Post SessionUnavailableMessage to User; Time: Tue May 01 12:24:44 CST 2007; Entities affected: User - 1
Action: Remove User From Session; Time: Tue May 01 12:24:44 CST 2007; Entities affected: User - 1
Action: Change User Status to OFFLINE; Time: Tue May 01 12:24:44 CST 2007; Entities affected: User - 1
Action: IMServiceHandler.onServiced; Time: Tue May 01 12:24:44 CST 2007; Entities affected: User - 1, Session - 1
Action: Post SessionUnavailableMessage to User; Time: Tue May 01 12:24:44 CST 2007; Entities affected: User - 1
Action: Remove User From Session; Time: Tue May 01 12:24:44 CST 2007; Entities affected: User - 1
Action: Change User Status to OFFLINE; Time: Tue May 01 12:24:44 CST 2007; Entities affected: User - 1
Action: IMServiceHandler.onServiced; Time: Tue May 01 12:24:44 CST 2007; Entities affected: User - 1, Session - 1
Action: Post SessionUnavailableMessage to User; Time: Tue May 01 12:24:44 CST 2007; Entities affected: User - 1
Action: Remove User From Session; Time: Tue May 01 12:24:44 CST 2007; Entities affected: User - 1
Action: Change User Status to OFFLINE; Time: Tue May 01 12:24:44 CST 2007; Entities affected: User - 1
Action: IMServiceHandler.onServiced; Time: Tue May 01 12:24:44 CST 2007; Entities affected: User - 1, Session - 1
Action: Post SessionUnavailableMessage to User; Time: Tue May 01 12:24:44 CST 2007; Entities affected: User - 1
Action: Remove User From Session; Time: Tue May 01 12:24:44 CST 2007; Entities affected: User - 1
Action: Change User Status to OFFLINE; Time: Tue May 01 12:24:44 CST 2007; Entities affected: User - 1
Action: IMServiceHandler.onServiced; Time: Tue May 01 12:24:44 CST 2007; Entities affected: User - 1, Session - 1
Action: Post SessionUnavailableMessage to User; Time: Tue May 01 12:24:44 CST 2007; Entities affected: User - 1
Action: Remove User From Session; Time: Tue May 01 12:24:44 CST 2007; Entities affected: User - 1
Action: Change User Status to OFFLINE; Time: Tue May 01 12:24:44 CST 2007; Entities affected: User - 1
Action: IMServiceHandler.onServiced; Time: Tue May 01 12:24:44 CST 2007; Entities affected: User - 1, Session - 1
Action: Post SessionUnavailableMessage to User; Time: Tue May 01 12:24:44 CST 2007; Entities affected: User - 1
Action: Remove User From Session; Time: Tue May 01 12:24:44 CST 2007; Entities affected: User - 1
Action: Change User Status to OFFLINE; Time: Tue May 01 12:24:44 CST 2007; Entities affected: User - 1
Action: IMServiceHandler.onServiced; Time: Tue May 01 12:24:44 CST 2007; Entities affected: User - 1, Session - 1
Action: Post SessionUnavailableMessage to User; Time: Tue May 01 12:24:44 CST 2007; Entities affected: User - 1
Action: Remove User From Session; Time: Tue May 01 12:24:44 CST 2007; Entities affected: User - 1
Action: Change User Status to OFFLINE; Time: Tue May 01 12:24:44 CST 2007; Entities affected: User - 1
Action: IMServiceHandler.onServiced; Time: Tue May 01 12:24:44 CST 2007; Entities affected: User - 1, Session - 1
Action: Post SessionUnavailableMessage to User; Time: Tue May 01 12:24:44 CST 2007; Entities affected: User - 1
Action: Remove User From Session; Time: Tue May 01 12:24:44 CST 2007; Entities affected: User - 1
Action: Change User Status to OFFLINE; Time: Tue May 01 12:24:44 CST 2007; Entities affected: User - 1
Action: IMServiceHandler.onServiced; Time: Tue May 01 12:24:44 CST 2007; Entities affected: User - 1, Session - 1
Action: Post SessionUnavailableMessage to User; Time: Tue May 01 12:24:44 CST 2007; Entities affected: User - 1
Action: Remove User From Session; Time: Tue May 01 12:24:44 CST 2007; Entities affected: User - 1
Action: Change User Status to OFFLINE; Time: Tue May 01 12:24:44 CST 2007; Entities affected: User - 1
Action: IMServiceHandler.onServiced; Time: Tue May 01 12:24:44 CST 2007; Entities affected: User - 1, Session - 1
Action: Post SessionUnavailableMessage to User; Time: Tue May 01 12:24:44 CST 2007; Entities affected: User - 1
Action: Remove User From Session; Time: Tue May 01 12:24:44 CST 2007; Entities affected: User - 1
Action: Change User Status to OFFLINE; Time: Tue May 01 12:24:44 CST 2007; Entities affected: User - 1
Action: IMServiceHandler.onServiced; Time: Tue May 01 12:24:44 CST 2007; Entities affected: User - 1, Session - 1
Action: Post SessionUnavailableMessage to User; Time: Tue May 01 12:24:44 CST 2007; Entities affected: User - 1
Action: Remove User From Session; Time: Tue May 01 12:24:44 CST 2007; Entities affected: User - 1
Action: Change User Status to OFFLINE; Time: Tue May 01 12:24:44 CST 2007; Entities affected: User - 1
Action: IMServiceHandler.onServiced; Time: Tue May 01 12:24:44 CST 2007; Entities affected: User - 1, Session - 1
Action: Post SessionUnavailableMessage to User; Time: Tue May 01 12:24:44 CST 2007; Entities affected: User - 1
Action: Remove User From Session; Time: Tue May 01 12:24:44 CST 2007; Entities affected: User - 1
Action: Change User Status to OFFLINE; Time: Tue May 01 12:24:44 CST 2007; Entities affected: User - 1
Action: IMServiceHandler.onServiced; Time: Tue May 01 12:24:44 CST 2007; Entities affected: User - 1, Session - 1
Action: Post SessionUnavailableMessage to User; Time: Tue May 01 12:24:44 CST 2007; Entities affected: User - 1
Action: Remove User From Session; Time: Tue May 01 12:24:44 CST 2007; Entities affected: User - 1
Action: Change User Status to OFFLINE; Time: Tue May 01 12:24:44 CST 2007; Entities affected: User - 1
Action: IMServiceHandler.onServiced; Time: Tue May 01 12:24:44 CST 2007; Entities affected: User - 1, Session - 1
Action: Post SessionUnavailableMessage to User; Time: Tue May 01 12:24:44 CST 2007; Entities affected: User - 1
Action: Remove User From Session; Time: Tue May 01 12:24:44 CST 2007; Entities affected: User - 1
Action: Change User Status to OFFLINE; Time: Tue May 01 12:24:44 CST 2007; Entities affected: User - 1
Action: IMServiceHandler.onServiced; Time: Tue May 01 12:24:44 CST 2007; Entities affected: User - 1, Session - 1
Action: Post SessionUnavailableMessage to User; Time: Tue May 01 12:24:44 CST 2007; Entities affected: User - 1
Action: Remove User From Session; Time: Tue May 01 12:24:44 CST 2007; Entities affected: User - 1
Action: Change User Status to OFFLINE; Time: Tue May 01 12:24:44 CST 2007; Entities affected: User - 1
Action: IMServiceHandler.onServiced; Time: Tue May 01 12:24:44 CST 2007; Entities affected: User - 1, Session - 1
Action: Post SessionUnavailableMessage to User; Time: Tue May 01 12:24:44 CST 2007; Entities affected: User - 1
Action: Remove User From Session; Time: Tue May 01 12:24:44 CST 2007; Entities affected: User - 1
Action: Change User Status to OFFLINE; Time: Tue May 01 12:24:44 CST 2007; Entities affected: User - 1
Action: IMServiceHandler.onServiced; Time: Tue May 01 12:24:44 CST 2007; Entities affected: User - 1, Session - 1
Action: Post SessionUnavailableMessage to User; Time: Tue May 01 12:24:44 CST 2007; Entities affected: User - 1
Action: Remove User From Session; Time: Tue May 01 12:24:44 CST 2007; Entities affected: User - 1
Action: Change User Status to OFFLINE; Time: Tue May 01 12:24:44 CST 2007; Entities affected: User - 1
Action: IMServiceHandler.onServiced; Time: Tue May 01 12:24:44 CST 2007; Entities affected: User - 1, Session - 1
Action: Post SessionUnavailableMessage to User; Time: Tue May 01 12:24:44 CST 2007; Entities affected: User - 1
Action: Remove User From Session; Time: Tue May 01 12:24:44 CST 2007; Entities affected: User - 1
Action: Change User Status to OFFLINE; Time: Tue May 01 12:24:44 CST 2007; Entities affected: User - 1
Action: IMServiceHandler.onServiced; Time: Tue May 01 12:24:44 CST 2007; Entities affected: User - 1, Session - 1
Action: Post SessionUnavailableMessage to User; Time: Tue May 01 12:24:44 CST 2007; Entities affected: User - 1
Action: Remove User From Session; Time: Tue May 01 12:24:44 CST 2007; Entities affected: User - 1
Action: Change User Status to OFFLINE; Time: Tue May 01 12:24:44 CST 2007; Entities affected: User - 1
Action: IMServiceHandler.onServiced; Time: Tue May 01 12:24:44 CST 2007; Entities affected: User - 1, Session - 1
Action: Post SessionUnavailableMessage to User; Time: Tue May 01 12:24:44 CST 2007; Entities affected: User - 1
Action: Remove User From Session; Time: Tue May 01 12:24:44 CST 2007; Entities affected: User - 1
Action: Change User Status to OFFLINE; Time: Tue May 01 12:24:44 CST 2007; Entities affected: User - 1
Action: IMServiceHandler.onServiced; Time: Tue May 01 12:24:44 CST 2007; Entities affected: User - 1, Session - 1
Action: Post SessionUnavailableMessage to User; Time: Tue May 01 12:24:44 CST 2007; Entities affected: User - 1
Action: Remove User From Session; Time: Tue May 01 12:24:44 CST 2007; Entities affected: User - 1
Action: Change User Status to OFFLINE; Time: Tue May 01 12:24:44 CST 2007; Entities affected: User - 1
Action: IMServiceHandler.onServiced; Time: Tue May 01 12:24:44 CST 2007; Entities affected: User - 1, Session - 1
Action: Post SessionUnavailableMessage to User; Time: Tue May 01 12:24:44 CST 2007; Entities affected: User - 1
Action: Remove User From Session; Time: Tue May 01 12:24:44 CST 2007; Entities affected: User - 1
Action: Change User Status to OFFLINE; Time: Tue May 01 12:24:44 CST 2007; Entities affected: User - 1
Action: IMServiceHandler.onServiced; Time: Tue May 01 12:24:44 CST 2007; Entities affected: User - 1, Session - 1
Action: Post SessionUnavailableMessage to User; Time: Tue May 01 12:24:44 CST 2007; Entities affected: User - 1
Action: Remove User From Session; Time: Tue May 01 12:24:44 CST 2007; Entities affected: User - 1
Action: Change User Status to OFFLINE; Time: Tue May 01 12:24:44 CST 2007; Entities affected: User - 1
Action: IMServiceHandler.onServiced; Time: Tue May 01 12:24:44 CST 2007; Entities affected: User - 1, Session - 1
Action: Post SessionUnavailableMessage to User; Time: Tue May 01 12:24:44 CST 2007; Entities affected: User - 1
Action: Remove User From Session; Time: Tue May 01 12:24:44 CST 2007; Entities affected: User - 1
Action: Change User Status to OFFLINE; Time: Tue May 01 12:24:44 CST 2007; Entities affected: User - 1
Action: IMServiceHandler.onServiced; Time: Tue May 01 12:24:44 CST 2007; Entities affected: User - 1, Session - 1
Action: Post SessionUnavailableMessage to User; Time: Tue May 01 12:24:44 CST 2007; Entities affected: User - 1
Action: Remove User From Session; Time: Tue May 01 12:24:44 CST 2007; Entities affected: User - 1
Action: Change User Status to OFFLINE; Time: Tue May 01 12:24:44 CST 2007; Entities affected: User - 1
Action: IMServiceHandler.onServiced; Time: Tue May 01 12:24:44 CST 2007; Entities affected: User - 1, Session - 1
Action: Post SessionUnavailableMessage to User; Time: Tue May 01 12:24:44 CST 2007; Entities affected: User - 1
Action: Remove User From Session; Time: Tue May 01 12:24:44 CST 2007; Entities affected: User - 1
Action: Change User Status to OFFLINE; Time: Tue May 01 12:24:44 CST 2007; Entities affected: User - 1
Action: IMServiceHandler.onServiced; Time: Tue May 01 12:24:44 CST 2007; Entities affected: User - 1, Session - 1
Action: Post SessionUnavailableMessage to User; Time: Tue May 01 12:24:44 CST 2007; Entities affected: User - 1
Action: Remove User From Session; Time: Tue May 01 12:24:44 CST 2007; Entities affected: User - 1
Action: Change User Status to OFFLINE; Time: Tue May 01 12:24:44 CST 2007; Entities affected: User - 1
Action: IMServiceHandler.onServiced; Time: Tue May 01 12:24:44 CST 2007; Entities affected: User - 1, Session - 1
Action: Post SessionUnavailableMessage to User; Time: Tue May 01 12:24:44 CST 2007; Entities affected: User - 1
Action: Remove User From Session; Time: Tue May 01 12:24:44 CST 2007; Entities affected: User - 1
Action: Change User Status to OFFLINE; Time: Tue May 01 12:24:44 CST 2007; Entities affected: User - 1
Action: IMServiceHandler.onServiced; Time: Tue May 01 12:24:44 CST 2007; Entities affected: User - 1, Session - 1
Action: Post SessionUnavailableMessage to User; Time: Tue May 01 12:24:44 CST 2007; Entities affected: User - 1
Action: Remove User From Session; Time: Tue May 01 12:24:44 CST 2007; Entities affected: User - 1
Action: Change User Status to OFFLINE; Time: Tue May 01 12:24:44 CST 2007; Entities affected: User - 1
Action: IMServiceHandler.onServiced; Time: Tue May 01 12:24:44 CST 2007; Entities affected: User - 1, Session - 1
Action: Post SessionUnavailableMessage to User; Time: Tue May 01 12:24:44 CST 2007; Entities affected: User - 1
Action: Remove User From Session; Time: Tue May 01 12:24:44 CST 2007; Entities affected: User - 1
Action: Change User Status to OFFLINE; Time: Tue May 01 12:24:44 CST 2007; Entities affected: User - 1
Action: IMServiceHandler.onServiced; Time: Tue May 01 12:24:44 CST 2007; Entities affected: User - 1, Session - 1
Action: Post SessionUnavailableMessage to User; Time: Tue May 01 12:24:44 CST 2007; Entities affected: User - 1
Action: Remove User From Session; Time: Tue May 01 12:24:44 CST 2007; Entities affected: User - 1
Action: Change User Status to OFFLINE; Time: Tue May 01 12:24:44 CST 2007; Entities affected: User - 1
Action: IMServiceHandler.onServiced; Time: Tue May 01 12:24:44 CST 2007; Entities affected: User - 1, Session - 1
Action: Post SessionUnavailableMessage to User; Time: Tue May 01 12:24:44 CST 2007; Entities affected: User - 1
Action: Remove User From Session; Time: Tue May 01 12:24:44 CST 2007; Entities affected: User - 1
Action: Change User Status to OFFLINE; Time: Tue May 01 12:24:44 CST 2007; Entities affected: User - 1
Action: IMServiceHandler.onServiced; Time: Tue May 01 12:24:44 CST 2007; Entities affected: User - 1, Session - 1
Action: Post SessionUnavailableMessage to User; Time: Tue May 01 12:24:44 CST 2007; Entities affected: User - 1
Action: Remove User From Session; Time: Tue May 01 12:24:44 CST 2007; Entities affected: User - 1
Action: Change User Status to OFFLINE; Time: Tue May 01 12:24:44 CST 2007; Entities affected: User - 1
Action: IMServiceHandler.onServiced; Time: Tue May 01 12:24:44 CST 2007; Entities affected: User - 1, Session - 1
Action: Post SessionUnavailableMessage to User; Time: Tue May 01 12:24:44 CST 2007; Entities affected: User - 1
Action: Remove User From Session; Time: Tue May 01 12:24:44 CST 2007; Entities affected: User - 1
Action: Change User Status to OFFLINE; Time: Tue May 01 12:24:44 CST 2007; Entities affected: User - 1
Action: IMServiceHandler.onServiced; Time: Tue May 01 12:24:44 CST 2007; Entities affected: User - 1, Session - 1
Action: Post SessionUnavailableMessage to User; Time: Tue May 01 12:24:44 CST 2007; Entities affected: User - 1
Action: Remove User From Session; Time: Tue May 01 12:24:44 CST 2007; Entities affected: User - 1
Action: Change User Status to OFFLINE; Time: Tue May 01 12:24:44 CST 2007; Entities affected: User - 1
Action: IMServiceHandler.onServiced; Time: Tue May 01 12:24:44 CST 2007; Entities affected: User - 1, Session - 1
Action: Post SessionUnavailableMessage to User; Time: Tue May 01 12:24:44 CST 2007; Entities affected: User - 1
Action: Remove User From Session; Time: Tue May 01 12:24:44 CST 2007; Entities affected: User - 1
Action: Change User Status to OFFLINE; Time: Tue May 01 12:24:44 CST 2007; Entities affected: User - 1
Action: IMServiceHandler.onServiced; Time: Tue May 01 12:24:44 CST 2007; Entities affected: User - 1, Session - 1
Action: Post SessionUnavailableMessage to User; Time: Tue May 01 12:24:44 CST 2007; Entities affected: User - 1
Action: Remove User From Session; Time: Tue May 01 12:24:44 CST 2007; Entities affected: User - 1
Action: Change User Status to OFFLINE; Time: Tue May 01 12:24:44 CST 2007; Entities affected: User - 1
Action: IMServiceHandler.onServiced; Time: Tue May 01 12:24:44 CST 2007; Entities affected: User - 1, Session - 1
Action: Post SessionUnavailableMessage to User; Time: Tue May 01 12:24:44 CST 2007; Entities affected: User - 1
Action: Remove User From Session; Time: Tue May 01 12:24:44 CST 2007; Entities affected: User - 1
Action: Change User Status to OFFLINE; Time: Tue May 01 12:24:44 CST 2007; Entities affected: User - 1
Action: IMServiceHandler.onServiced; Time: Tue May 01 12:24:44 CST 2007; Entities affected: User - 1, Session - 1
Action: Post SessionUnavailableMessage to User; Time: Tue May 01 12:24:44 CST 2007; Entities affected: User - 1
Action: Remove User From Session; Time: Tue May 01 12:24:44 CST 2007; Entities affected: User - 1
Action: Change User Status to OFFLINE; Time: Tue May 01 12:24:44 CST 2007; Entities affected: User - 1
Action: IMServiceHandler.onServiced; Time: Tue May 01 12:24:44 CST 2007; Entities affected: User - 1, Session - 1
Action: Post SessionUnavailableMessage to User; Time: Tue May 01 12:24:44 CST 2007; Entities affected: User - 1
Action: Remove User From Session; Time: Tue May 01 12:24:44 CST 2007; Entities affected: User - 1
Action: Change User Status to OFFLINE; Time: Tue May 01 12:24:44 CST 2007; Entities affected: User - 1
Action: IMServiceHandler.onServiced; Time: Tue May 01 12:24:44 CST 2007; Entities affected: User - 1, Session - 1
Action: Post SessionUnavailableMessage to User; Time: Tue May 01 12:24:44 CST 2007; Entities affected: User - 1
Action: Remove User From Session; Time: Tue May 01 12:24:44 CST 2007; Entities affected: User - 1
Action: Change User Status to OFFLINE; Time: Tue May 01 12:24:44 CST 2007; Entities affected: User - 1
Action: IMServiceHandler.onServiced; Time: Tue May 01 12:24:44 CST 2007; Entities affected: User - 1, Session - 1
Action: Post SessionUnavailableMessage to User; Time: Tue May 01 12:24:44 CST 2007; Entities affected: User - 1
Action: Remove User From Session; Time: Tue May 01 12:24:44 CST 2007; Entities affected: User - 1
Action: Change User Status to OFFLINE; Time: Tue May 01 12:24:44 CST 2007; Entities affected: User - 1
Action: IMServiceHandler.onServiced; Time: Tue May 01 12:24:44 CST 2007; Entities affected: User - 1, Session - 1
Action: Post SessionUnavailableMessage to User; Time: Tue May 01 12:24:44 CST 2007; Entities affected: User - 1
Action: Remove User From Session; Time: Tue May 01 12:24:44 CST 2007; Entities affected: User - 1
Action: Change User Status to OFFLINE; Time: Tue May 01 12:24:44 CST 2007; Entities affected: User - 1
Action: IMServiceHandler.onServiced; Time: Tue May 01 12:24:44 CST 2007; Entities affected: User - 1, Session - 1
Action: Post SessionUnavailableMessage to User; Time: Tue May 01 12:24:44 CST 2007; Entities affected: User - 1
Action: Remove User From Session; Time: Tue May 01 12:24:44 CST 2007; Entities affected: User - 1
Action: Change User Status to OFFLINE; Time: Tue May 01 12:24:44 CST 2007; Entities affected: User - 1
Action: IMServiceHandler.onServiced; Time: Tue May 01 12:24:44 CST 2007; Entities affected: User - 1, Session - 1
Action: Post SessionUnavailableMessage to User; Time: Tue May 01 12:24:44 CST 2007; Entities affected: User - 1
Action: Remove User From Session; Time: Tue May 01 12:24:44 CST 2007; Entities affected: User - 1
Action: Change User Status to OFFLINE; Time: Tue May 01 12:24:44 CST 2007; Entities affected: User - 1
Action: IMServiceHandler.onServiced; Time: Tue May 01 12:24:44 CST 2007; Entities affected: User - 1, Session - 1
Action: Post SessionUnavailableMessage to User; Time: Tue May 01 12:24:44 CST 2007; Entities affected: User - 1
Action: Remove User From Session; Time: Tue May 01 12:24:44 CST 2007; Entities affected: User - 1
Action: Change User Status to OFFLINE; Time: Tue May 01 12:24:44 CST 2007; Entities affected: User - 1
Action: IMServiceHandler.onServiced; Time: Tue May 01 12:24:44 CST 2007; Entities affected: User - 1, Session - 1
Action: Post SessionUnavailableMessage to User; Time: Tue May 01 12:24:44 CST 2007; Entities affected: User - 1
Action: Remove User From Session; Time: Tue May 01 12:24:44 CST 2007; Entities affected: User - 1
Action: Change User Status to OFFLINE; Time: Tue May 01 12:24:44 CST 2007; Entities affected: User - 1
Action: IMServiceHandler.onServiced; Time: Tue May 01 12:24:44 CST 2007; Entities affected: User - 1, Session - 1
Action: Post SessionUnavailableMessage to User; Time: Tue May 01 12:24:44 CST 2007; Entities affected: User - 1
Action: Remove User From Session; Time: Tue May 01 12:24:44 CST 2007; Entities affected: User - 1
Action: Change User Status to OFFLINE; Time: Tue May 01 12:24:44 CST 2007; Entities affected: User - 1
Action: IMServiceHandler.onServiced; Time: Tue May 01 12:24:44 CST 2007; Entities affected: User - 1, Session - 1
Action: Post SessionUnavailableMessage to User; Time: Tue May 01 12:24:44 CST 2007; Entities affected: User - 1
Action: Remove User From Session; Time: Tue May 01 12:24:44 CST 2007; Entities affected: User - 1
Action: Change User Status to OFFLINE; Time: Tue May 01 12:24:44 CST 2007; Entities affected: User - 1
Action: IMServiceHandler.onServiced; Time: Tue May 01 12:24:44 CST 2007; Entities affected: User - 1, Session - 1
Action: Post SessionUnavailableMessage to User; Time: Tue May 01 12:24:44 CST 2007; Entities affected: User - 1
Action: Remove User From Session; Time: Tue May 01 12:24:44 CST 2007; Entities affected: User - 1
Action: Change User Status to OFFLINE; Time: Tue May 01 12:24:44 CST 2007; Entities affected: User - 1
Action: IMServiceHandler.onServiced; Time: Tue May 01 12:24:44 CST 2007; Entities affected: User - 1, Session - 1
Action: Post SessionUnavailableMessage to User; Time: Tue May 01 12:24:44 CST 2007; Entities affected: User - 1
Action: Remove User From Session; Time: Tue May 01 12:24:44 CST 2007; Entities affected: User - 1
Action: Change User Status to OFFLINE; Time: Tue May 01 12:24:44 CST 2007; Entities affected: User - 1
Action: IMServiceHandler.onServiced; Time: Tue May 01 12:24:44 CST 2007; Entities affected: User - 1, Session - 1
Action: Post SessionUnavailableMessage to User; Time: Tue May 01 12:24:44 CST 2007; Entities affected: User - 1
Action: Remove User From Session; Time: Tue May 01 12:24:44 CST 2007; Entities affected: User - 1
Action: Change User Status to OFFLINE; Time: Tue May 01 12:24:44 CST 2007; Entities affected: User - 1
Action: IMServiceHandler.onServiced; Time: Tue May 01 12:24:44 CST 2007; Entities affected: User - 1, Session - 1
Action: Post SessionUnavailableMessage to User; Time: Tue May 01 12:24:44 CST 2007; Entities affected: User - 1
Action: Remove User From Session; Time: Tue May 01 12:24:44 CST 2007; Entities affected: User - 1
Action: Change User Status to OFFLINE; Time: Tue May 01 12:24:44 CST 2007; Entities affected: User - 1
Action: IMServiceHandler.onServiced; Time: Tue May 01 12:24:44 CST 2007; Entities affected: User - 1, Session - 1
Action: Post SessionUnavailableMessage to User; Time: Tue May 01 12:24:44 CST 2007; Entities affected: User - 1
Action: Remove User From Session; Time: Tue May 01 12:24:44 CST 2007; Entities affected: User - 1
Action: Change User Status to OFFLINE; Time: Tue May 01 12:24:44 CST 2007; Entities affected: User - 1
Action: IMServiceHandler.onServiced; Time: Tue May 01 12:24:44 CST 2007; Entities affected: User - 1, Session - 1
Action: Post SessionUnavailableMessage to User; Time: Tue May 01 12:24:44 CST 2007; Entities affected: User - 1
Action: Remove User From Session; Time: Tue May 01 12:24:44 CST 2007; Entities affected: User - 1
Action: Change User Status to OFFLINE; Time: Tue May 01 12:24:44 CST 2007; Entities affected: User - 1
Action: IMServiceHandler.onServiced; Time: Tue May 01 12:24:44 CST 2007; Entities affected: User - 1, Session - 1
Action: Post SessionUnavailableMessage to User; Time: Tue May 01 12:24:44 CST 2007; Entities affected: User - 1
Action: Remove User From Session; Time: Tue May 01 12:24:44 CST 2007; Entities affected: User - 1
Action: Change User Status to OFFLINE; Time: Tue May 01 12:24:44 CST 2007; Entities affected: User - 1
Action: IMServiceHandler.onServiced; Time: Tue May 01 12:24:44 CST 2007; Entities affected: User - 1, Session - 1
Action: Post SessionUnavailableMessage to User; Time: Tue May 01 12:24:44 CST 2007; Entities affected: User - 1
Action: Remove User From Session; Time: Tue May 01 12:24:44 CST 2007; Entities affected: User - 1
Action: Change User Status to OFFLINE; Time: Tue May 01 12:24:44 CST 2007; Entities affected: User - 1
Action: IMServiceHandler.onServiced; Time: Tue May 01 12:24:44 CST 2007; Entities affected: User - 1, Session - 1
Action: Post SessionUnavailableMessage to User; Time: Tue May 01 12:24:44 CST 2007; Entities affected: User - 1
Action: Remove User From Session; Time: Tue May 01 12:24:44 CST 2007; Entities affected: User - 1
Action: Change User Status to OFFLINE; Time: Tue May 01 12:24:44 CST 2007; Entities affected: User - 1
Action: IMServiceHandler.onServiced; Time: Tue May 01 12:24:44 CST 2007; Entities affected: User - 1, Session - 1
Action: Post SessionUnavailableMessage to User; Time: Tue May 01 12:24:44 CST 2007; Entities affected: User - 1
Action: Remove User From Session; Time: Tue May 01 12:24:44 CST 2007; Entities affected: User - 1
Action: Change User Status to OFFLINE; Time: Tue May 01 12:24:44 CST 2007; Entities affected: User - 1
Action: IMServiceHandler.onServiced; Time: Tue May 01 12:24:44 CST 2007; Entities affected: User - 1, Session - 1
Action: Post SessionUnavailableMessage to User; Time: Tue May 01 12:24:44 CST 2007; Entities affected: User - 1
Action: Remove User From Session; Time: Tue May 01 12:24:44 CST 2007; Entities affected: User - 1
Action: Change User Status to OFFLINE; Time: Tue May 01 12:24:44 CST 2007; Entities affected: User - 1
Action: IMServiceHandler.onServiced; Time: Tue May 01 12:24:44 CST 2007; Entities affected: User - 1, Session - 1
Action: Post SessionUnavailableMessage to User; Time: Tue May 01 12:24:44 CST 2007; Entities affected: User - 1
Action: Remove User From Session; Time: Tue May 01 12:24:44 CST 2007; Entities affected: User - 1
Action: Change User Status to OFFLINE; Time: Tue May 01 12:24:44 CST 2007; Entities affected: User - 1
Action: IMServiceHandler.onServiced; Time: Tue May 01 12:24:44 CST 2007; Entities affected: User - 1, Session - 1
Action: Post SessionUnavailableMessage to User; Time: Tue May 01 12:24:44 CST 2007; Entities affected: User - 1
Action: Remove User From Session; Time: Tue May 01 12:24:44 CST 2007; Entities affected: User - 1
Action: Change User Status to OFFLINE; Time: Tue May 01 12:24:44 CST 2007; Entities affected: User - 1
Action: IMServiceHandler.onServiced; Time: Tue May 01 12:24:44 CST 2007; Entities affected: User - 1, Session - 1
Action: Post SessionUnavailableMessage to User; Time: Tue May 01 12:24:44 CST 2007; Entities affected: User - 1
Action: Remove User From Session; Time: Tue May 01 12:24:44 CST 2007; Entities affected: User - 1
Action: Change User Status to OFFLINE; Time: Tue May 01 12:24:44 CST 2007; Entities affected: User - 1
Action: IMServiceHandler.onServiced; Time: Tue May 01 12:24:44 CST 2007; Entities affected: User - 1, Session - 1
Action: Post SessionUnavailableMessage to User; Time: Tue May 01 12:24:44 CST 2007; Entities affected: User - 1
Action: Remove User From Session; Time: Tue May 01 12:24:44 CST 2007; Entities affected: User - 1
Action: Change User Status to OFFLINE; Time: Tue May 01 12:24:44 CST 2007; Entities affected: User - 1
Action: IMServiceHandler.onServiced; Time: Tue May 01 12:24:44 CST 2007; Entities affected: User - 1, Session - 1
Action: Post SessionUnavailableMessage to User; Time: Tue May 01 12:24:44 CST 2007; Entities affected: User - 1
Action: Remove User From Session; Time: Tue May 01 12:24:44 CST 2007; Entities affected: User - 1
Action: Change User Status to OFFLINE; Time: Tue May 01 12:24:44 CST 2007; Entities affected: User - 1
Action: IMServiceHandler.onServiced; Time: Tue May 01 12:24:44 CST 2007; Entities affected: User - 1, Session - 1
Action: Post SessionUnavailableMessage to User; Time: Tue May 01 12:24:44 CST 2007; Entities affected: User - 1
Action: Remove User From Session; Time: Tue May 01 12:24:44 CST 2007; Entities affected: User - 1
Action: Change User Status to OFFLINE; Time: Tue May 01 12:24:44 CST 2007; Entities affected: User - 1
Action: IMServiceHandler.onServiced; Time: Tue May 01 12:24:44 CST 2007; Entities affected: User - 1, Session - 1
Action: Post SessionUnavailableMessage to User; Time: Tue May 01 12:24:44 CST 2007; Entities affected: User - 1
Action: Remove User From Session; Time: Tue May 01 12:24:44 CST 2007; Entities affected: User - 1
Action: Change User Status to OFFLINE; Time: Tue May 01 12:24:44 CST 2007; Entities affected: User - 1
Action: IMServiceHandler.onServiced; Time: Tue May 01 12:24:44 CST 2007; Entities affected: User - 1, Session - 1
Action: Post SessionUnavailableMessage to User; Time: Tue May 01 12:24:44 CST 2007; Entities affected: User - 1
Action: Remove User From Session; Time: Tue May 01 12:24:44 CST 2007; Entities affected: User - 1
Action: Change User Status to OFFLINE; Time: Tue May 01 12:24:44 CST 2007; Entities affected: User - 1
Action: IMServiceHandler.onServiced; Time: Tue May 01 12:24:44 CST 2007; Entities affected: User - 1, Session - 1
Action: Post SessionUnavailableMessage to User; Time: Tue May 01 12:24:44 CST 2007; Entities affected: User - 1
Action: Remove User From Session; Time: Tue May 01 12:24:44 CST 2007; Entities affected: User - 1
Action: Change User Status to OFFLINE; Time: Tue May 01 12:24:44 CST 2007; Entities affected: User - 1
Action: IMServiceHandler.onServiced; Time: Tue May 01 12:24:44 CST 2007; Entities affected: User - 1, Session - 1
Action: Post SessionUnavailableMessage to User; Time: Tue May 01 12:24:44 CST 2007; Entities affected: User - 1
Action: Remove User From Session; Time: Tue May 01 12:24:44 CST 2007; Entities affected: User - 1
Action: Change User Status to OFFLINE; Time: Tue May 01 12:24:44 CST 2007; Entities affected: User - 1
Action: IMServiceHandler.onServiced; Time: Tue May 01 12:24:44 CST 2007; Entities affected: User - 1, Session - 1
Action: Post SessionUnavailableMessage to User; Time: Tue May 01 12:24:44 CST 2007; Entities affected: User - 1
Action: Remove User From Session; Time: Tue May 01 12:24:44 CST 2007; Entities affected: User - 1
Action: Change User Status to OFFLINE; Time: Tue May 01 12:24:44 CST 2007; Entities affected: User - 1
Executing testonServiced_NoResponder() 100 times takes 70ms
Action: Remove User From Session; Time: Tue May 01 12:24:44 CST 2007; Entities affected: User - 1
Action: Remove Requester; Time: Tue May 01 12:24:44 CST 2007; Entities affected: User - 1
Action: Remove Responder; Time: Tue May 01 12:24:44 CST 2007; Entities affected: User - 1
Action: Remove User From Sessions; Time: Tue May 01 12:24:44 CST 2007; Entities affected: User - 1
Action: Update User Status to be OFFLINE; Time: Tue May 01 12:24:44 CST 2007; Entities affected: User - 1
Action: Remove User From Session; Time: Tue May 01 12:24:44 CST 2007; Entities affected: User - 1
Action: Remove Requester; Time: Tue May 01 12:24:44 CST 2007; Entities affected: User - 1
Action: Remove Responder; Time: Tue May 01 12:24:44 CST 2007; Entities affected: User - 1
Action: Remove User From Sessions; Time: Tue May 01 12:24:44 CST 2007; Entities affected: User - 1
Action: Update User Status to be OFFLINE; Time: Tue May 01 12:24:44 CST 2007; Entities affected: User - 1
Action: Remove User From Session; Time: Tue May 01 12:24:44 CST 2007; Entities affected: User - 1
Action: Remove Requester; Time: Tue May 01 12:24:44 CST 2007; Entities affected: User - 1
Action: Remove Responder; Time: Tue May 01 12:24:44 CST 2007; Entities affected: User - 1
Action: Remove User From Sessions; Time: Tue May 01 12:24:44 CST 2007; Entities affected: User - 1
Action: Update User Status to be OFFLINE; Time: Tue May 01 12:24:44 CST 2007; Entities affected: User - 1
Action: Remove User From Session; Time: Tue May 01 12:24:44 CST 2007; Entities affected: User - 1
Action: Remove Requester; Time: Tue May 01 12:24:44 CST 2007; Entities affected: User - 1
Action: Remove Responder; Time: Tue May 01 12:24:44 CST 2007; Entities affected: User - 1
Action: Remove User From Sessions; Time: Tue May 01 12:24:44 CST 2007; Entities affected: User - 1
Action: Update User Status to be OFFLINE; Time: Tue May 01 12:24:44 CST 2007; Entities affected: User - 1
Action: Remove User From Session; Time: Tue May 01 12:24:44 CST 2007; Entities affected: User - 1
Action: Remove Requester; Time: Tue May 01 12:24:44 CST 2007; Entities affected: User - 1
Action: Remove Responder; Time: Tue May 01 12:24:44 CST 2007; Entities affected: User - 1
Action: Remove User From Sessions; Time: Tue May 01 12:24:44 CST 2007; Entities affected: User - 1
Action: Update User Status to be OFFLINE; Time: Tue May 01 12:24:44 CST 2007; Entities affected: User - 1
Action: Remove User From Session; Time: Tue May 01 12:24:44 CST 2007; Entities affected: User - 1
Action: Remove Requester; Time: Tue May 01 12:24:44 CST 2007; Entities affected: User - 1
Action: Remove Responder; Time: Tue May 01 12:24:44 CST 2007; Entities affected: User - 1
Action: Remove User From Sessions; Time: Tue May 01 12:24:44 CST 2007; Entities affected: User - 1
Action: Update User Status to be OFFLINE; Time: Tue May 01 12:24:44 CST 2007; Entities affected: User - 1
Action: Remove User From Session; Time: Tue May 01 12:24:44 CST 2007; Entities affected: User - 1
Action: Remove Requester; Time: Tue May 01 12:24:44 CST 2007; Entities affected: User - 1
Action: Remove Responder; Time: Tue May 01 12:24:44 CST 2007; Entities affected: User - 1
Action: Remove User From Sessions; Time: Tue May 01 12:24:44 CST 2007; Entities affected: User - 1
Action: Update User Status to be OFFLINE; Time: Tue May 01 12:24:44 CST 2007; Entities affected: User - 1
Action: Remove User From Session; Time: Tue May 01 12:24:44 CST 2007; Entities affected: User - 1
Action: Remove Requester; Time: Tue May 01 12:24:44 CST 2007; Entities affected: User - 1
Action: Remove Responder; Time: Tue May 01 12:24:44 CST 2007; Entities affected: User - 1
Action: Remove User From Sessions; Time: Tue May 01 12:24:44 CST 2007; Entities affected: User - 1
Action: Update User Status to be OFFLINE; Time: Tue May 01 12:24:44 CST 2007; Entities affected: User - 1
Action: Remove User From Session; Time: Tue May 01 12:24:44 CST 2007; Entities affected: User - 1
Action: Remove Requester; Time: Tue May 01 12:24:44 CST 2007; Entities affected: User - 1
Action: Remove Responder; Time: Tue May 01 12:24:44 CST 2007; Entities affected: User - 1
Action: Remove User From Sessions; Time: Tue May 01 12:24:44 CST 2007; Entities affected: User - 1
Action: Update User Status to be OFFLINE; Time: Tue May 01 12:24:44 CST 2007; Entities affected: User - 1
Action: Remove User From Session; Time: Tue May 01 12:24:44 CST 2007; Entities affected: User - 1
Action: Remove Requester; Time: Tue May 01 12:24:44 CST 2007; Entities affected: User - 1
Action: Remove Responder; Time: Tue May 01 12:24:44 CST 2007; Entities affected: User - 1
Action: Remove User From Sessions; Time: Tue May 01 12:24:44 CST 2007; Entities affected: User - 1
Action: Update User Status to be OFFLINE; Time: Tue May 01 12:24:44 CST 2007; Entities affected: User - 1
Action: Remove User From Session; Time: Tue May 01 12:24:44 CST 2007; Entities affected: User - 1
Action: Remove Requester; Time: Tue May 01 12:24:44 CST 2007; Entities affected: User - 1
Action: Remove Responder; Time: Tue May 01 12:24:44 CST 2007; Entities affected: User - 1
Action: Remove User From Sessions; Time: Tue May 01 12:24:44 CST 2007; Entities affected: User - 1
Action: Update User Status to be OFFLINE; Time: Tue May 01 12:24:44 CST 2007; Entities affected: User - 1
Action: Remove User From Session; Time: Tue May 01 12:24:44 CST 2007; Entities affected: User - 1
Action: Remove Requester; Time: Tue May 01 12:24:44 CST 2007; Entities affected: User - 1
Action: Remove Responder; Time: Tue May 01 12:24:44 CST 2007; Entities affected: User - 1
Action: Remove User From Sessions; Time: Tue May 01 12:24:44 CST 2007; Entities affected: User - 1
Action: Update User Status to be OFFLINE; Time: Tue May 01 12:24:44 CST 2007; Entities affected: User - 1
Action: Remove User From Session; Time: Tue May 01 12:24:44 CST 2007; Entities affected: User - 1
Action: Remove Requester; Time: Tue May 01 12:24:44 CST 2007; Entities affected: User - 1
Action: Remove Responder; Time: Tue May 01 12:24:44 CST 2007; Entities affected: User - 1
Action: Remove User From Sessions; Time: Tue May 01 12:24:44 CST 2007; Entities affected: User - 1
Action: Update User Status to be OFFLINE; Time: Tue May 01 12:24:44 CST 2007; Entities affected: User - 1
Action: Remove User From Session; Time: Tue May 01 12:24:44 CST 2007; Entities affected: User - 1
Action: Remove Requester; Time: Tue May 01 12:24:44 CST 2007; Entities affected: User - 1
Action: Remove Responder; Time: Tue May 01 12:24:44 CST 2007; Entities affected: User - 1
Action: Remove User From Sessions; Time: Tue May 01 12:24:44 CST 2007; Entities affected: User - 1
Action: Update User Status to be OFFLINE; Time: Tue May 01 12:24:44 CST 2007; Entities affected: User - 1
Action: Remove User From Session; Time: Tue May 01 12:24:44 CST 2007; Entities affected: User - 1
Action: Remove Requester; Time: Tue May 01 12:24:44 CST 2007; Entities affected: User - 1
Action: Remove Responder; Time: Tue May 01 12:24:44 CST 2007; Entities affected: User - 1
Action: Remove User From Sessions; Time: Tue May 01 12:24:44 CST 2007; Entities affected: User - 1
Action: Update User Status to be OFFLINE; Time: Tue May 01 12:24:44 CST 2007; Entities affected: User - 1
Action: Remove User From Session; Time: Tue May 01 12:24:44 CST 2007; Entities affected: User - 1
Action: Remove Requester; Time: Tue May 01 12:24:44 CST 2007; Entities affected: User - 1
Action: Remove Responder; Time: Tue May 01 12:24:44 CST 2007; Entities affected: User - 1
Action: Remove User From Sessions; Time: Tue May 01 12:24:44 CST 2007; Entities affected: User - 1
Action: Update User Status to be OFFLINE; Time: Tue May 01 12:24:44 CST 2007; Entities affected: User - 1
Action: Remove User From Session; Time: Tue May 01 12:24:44 CST 2007; Entities affected: User - 1
Action: Remove Requester; Time: Tue May 01 12:24:44 CST 2007; Entities affected: User - 1
Action: Remove Responder; Time: Tue May 01 12:24:44 CST 2007; Entities affected: User - 1
Action: Remove User From Sessions; Time: Tue May 01 12:24:44 CST 2007; Entities affected: User - 1
Action: Update User Status to be OFFLINE; Time: Tue May 01 12:24:44 CST 2007; Entities affected: User - 1
Action: Remove User From Session; Time: Tue May 01 12:24:44 CST 2007; Entities affected: User - 1
Action: Remove Requester; Time: Tue May 01 12:24:44 CST 2007; Entities affected: User - 1
Action: Remove Responder; Time: Tue May 01 12:24:44 CST 2007; Entities affected: User - 1
Action: Remove User From Sessions; Time: Tue May 01 12:24:44 CST 2007; Entities affected: User - 1
Action: Update User Status to be OFFLINE; Time: Tue May 01 12:24:44 CST 2007; Entities affected: User - 1
Action: Remove User From Session; Time: Tue May 01 12:24:44 CST 2007; Entities affected: User - 1
Action: Remove Requester; Time: Tue May 01 12:24:44 CST 2007; Entities affected: User - 1
Action: Remove Responder; Time: Tue May 01 12:24:44 CST 2007; Entities affected: User - 1
Action: Remove User From Sessions; Time: Tue May 01 12:24:44 CST 2007; Entities affected: User - 1
Action: Update User Status to be OFFLINE; Time: Tue May 01 12:24:44 CST 2007; Entities affected: User - 1
Action: Remove User From Session; Time: Tue May 01 12:24:44 CST 2007; Entities affected: User - 1
Action: Remove Requester; Time: Tue May 01 12:24:44 CST 2007; Entities affected: User - 1
Action: Remove Responder; Time: Tue May 01 12:24:44 CST 2007; Entities affected: User - 1
Action: Remove User From Sessions; Time: Tue May 01 12:24:44 CST 2007; Entities affected: User - 1
Action: Update User Status to be OFFLINE; Time: Tue May 01 12:24:44 CST 2007; Entities affected: User - 1
Action: Remove User From Session; Time: Tue May 01 12:24:44 CST 2007; Entities affected: User - 1
Action: Remove Requester; Time: Tue May 01 12:24:44 CST 2007; Entities affected: User - 1
Action: Remove Responder; Time: Tue May 01 12:24:44 CST 2007; Entities affected: User - 1
Action: Remove User From Sessions; Time: Tue May 01 12:24:44 CST 2007; Entities affected: User - 1
Action: Update User Status to be OFFLINE; Time: Tue May 01 12:24:44 CST 2007; Entities affected: User - 1
Action: Remove User From Session; Time: Tue May 01 12:24:44 CST 2007; Entities affected: User - 1
Action: Remove Requester; Time: Tue May 01 12:24:44 CST 2007; Entities affected: User - 1
Action: Remove Responder; Time: Tue May 01 12:24:44 CST 2007; Entities affected: User - 1
Action: Remove User From Sessions; Time: Tue May 01 12:24:44 CST 2007; Entities affected: User - 1
Action: Update User Status to be OFFLINE; Time: Tue May 01 12:24:44 CST 2007; Entities affected: User - 1
Action: Remove User From Session; Time: Tue May 01 12:24:44 CST 2007; Entities affected: User - 1
Action: Remove Requester; Time: Tue May 01 12:24:44 CST 2007; Entities affected: User - 1
Action: Remove Responder; Time: Tue May 01 12:24:44 CST 2007; Entities affected: User - 1
Action: Remove User From Sessions; Time: Tue May 01 12:24:44 CST 2007; Entities affected: User - 1
Action: Update User Status to be OFFLINE; Time: Tue May 01 12:24:44 CST 2007; Entities affected: User - 1
Action: Remove User From Session; Time: Tue May 01 12:24:44 CST 2007; Entities affected: User - 1
Action: Remove Requester; Time: Tue May 01 12:24:44 CST 2007; Entities affected: User - 1
Action: Remove Responder; Time: Tue May 01 12:24:44 CST 2007; Entities affected: User - 1
Action: Remove User From Sessions; Time: Tue May 01 12:24:44 CST 2007; Entities affected: User - 1
Action: Update User Status to be OFFLINE; Time: Tue May 01 12:24:44 CST 2007; Entities affected: User - 1
Action: Remove User From Session; Time: Tue May 01 12:24:44 CST 2007; Entities affected: User - 1
Action: Remove Requester; Time: Tue May 01 12:24:44 CST 2007; Entities affected: User - 1
Action: Remove Responder; Time: Tue May 01 12:24:44 CST 2007; Entities affected: User - 1
Action: Remove User From Sessions; Time: Tue May 01 12:24:44 CST 2007; Entities affected: User - 1
Action: Update User Status to be OFFLINE; Time: Tue May 01 12:24:44 CST 2007; Entities affected: User - 1
Action: Remove User From Session; Time: Tue May 01 12:24:44 CST 2007; Entities affected: User - 1
Action: Remove Requester; Time: Tue May 01 12:24:44 CST 2007; Entities affected: User - 1
Action: Remove Responder; Time: Tue May 01 12:24:44 CST 2007; Entities affected: User - 1
Action: Remove User From Sessions; Time: Tue May 01 12:24:44 CST 2007; Entities affected: User - 1
Action: Update User Status to be OFFLINE; Time: Tue May 01 12:24:44 CST 2007; Entities affected: User - 1
Action: Remove User From Session; Time: Tue May 01 12:24:44 CST 2007; Entities affected: User - 1
Action: Remove Requester; Time: Tue May 01 12:24:44 CST 2007; Entities affected: User - 1
Action: Remove Responder; Time: Tue May 01 12:24:44 CST 2007; Entities affected: User - 1
Action: Remove User From Sessions; Time: Tue May 01 12:24:44 CST 2007; Entities affected: User - 1
Action: Update User Status to be OFFLINE; Time: Tue May 01 12:24:44 CST 2007; Entities affected: User - 1
Action: Remove User From Session; Time: Tue May 01 12:24:44 CST 2007; Entities affected: User - 1
Action: Remove Requester; Time: Tue May 01 12:24:44 CST 2007; Entities affected: User - 1
Action: Remove Responder; Time: Tue May 01 12:24:44 CST 2007; Entities affected: User - 1
Action: Remove User From Sessions; Time: Tue May 01 12:24:44 CST 2007; Entities affected: User - 1
Action: Update User Status to be OFFLINE; Time: Tue May 01 12:24:44 CST 2007; Entities affected: User - 1
Action: Remove User From Session; Time: Tue May 01 12:24:44 CST 2007; Entities affected: User - 1
Action: Remove Requester; Time: Tue May 01 12:24:44 CST 2007; Entities affected: User - 1
Action: Remove Responder; Time: Tue May 01 12:24:44 CST 2007; Entities affected: User - 1
Action: Remove User From Sessions; Time: Tue May 01 12:24:44 CST 2007; Entities affected: User - 1
Action: Update User Status to be OFFLINE; Time: Tue May 01 12:24:44 CST 2007; Entities affected: User - 1
Action: Remove User From Session; Time: Tue May 01 12:24:44 CST 2007; Entities affected: User - 1
Action: Remove Requester; Time: Tue May 01 12:24:44 CST 2007; Entities affected: User - 1
Action: Remove Responder; Time: Tue May 01 12:24:44 CST 2007; Entities affected: User - 1
Action: Remove User From Sessions; Time: Tue May 01 12:24:44 CST 2007; Entities affected: User - 1
Action: Update User Status to be OFFLINE; Time: Tue May 01 12:24:44 CST 2007; Entities affected: User - 1
Action: Remove User From Session; Time: Tue May 01 12:24:44 CST 2007; Entities affected: User - 1
Action: Remove Requester; Time: Tue May 01 12:24:44 CST 2007; Entities affected: User - 1
Action: Remove Responder; Time: Tue May 01 12:24:44 CST 2007; Entities affected: User - 1
Action: Remove User From Sessions; Time: Tue May 01 12:24:44 CST 2007; Entities affected: User - 1
Action: Update User Status to be OFFLINE; Time: Tue May 01 12:24:44 CST 2007; Entities affected: User - 1
Action: Remove User From Session; Time: Tue May 01 12:24:44 CST 2007; Entities affected: User - 1
Action: Remove Requester; Time: Tue May 01 12:24:44 CST 2007; Entities affected: User - 1
Action: Remove Responder; Time: Tue May 01 12:24:44 CST 2007; Entities affected: User - 1
Action: Remove User From Sessions; Time: Tue May 01 12:24:44 CST 2007; Entities affected: User - 1
Action: Update User Status to be OFFLINE; Time: Tue May 01 12:24:44 CST 2007; Entities affected: User - 1
Action: Remove User From Session; Time: Tue May 01 12:24:44 CST 2007; Entities affected: User - 1
Action: Remove Requester; Time: Tue May 01 12:24:44 CST 2007; Entities affected: User - 1
Action: Remove Responder; Time: Tue May 01 12:24:44 CST 2007; Entities affected: User - 1
Action: Remove User From Sessions; Time: Tue May 01 12:24:44 CST 2007; Entities affected: User - 1
Action: Update User Status to be OFFLINE; Time: Tue May 01 12:24:44 CST 2007; Entities affected: User - 1
Action: Remove User From Session; Time: Tue May 01 12:24:44 CST 2007; Entities affected: User - 1
Action: Remove Requester; Time: Tue May 01 12:24:44 CST 2007; Entities affected: User - 1
Action: Remove Responder; Time: Tue May 01 12:24:44 CST 2007; Entities affected: User - 1
Action: Remove User From Sessions; Time: Tue May 01 12:24:44 CST 2007; Entities affected: User - 1
Action: Update User Status to be OFFLINE; Time: Tue May 01 12:24:44 CST 2007; Entities affected: User - 1
Action: Remove User From Session; Time: Tue May 01 12:24:44 CST 2007; Entities affected: User - 1
Action: Remove Requester; Time: Tue May 01 12:24:44 CST 2007; Entities affected: User - 1
Action: Remove Responder; Time: Tue May 01 12:24:44 CST 2007; Entities affected: User - 1
Action: Remove User From Sessions; Time: Tue May 01 12:24:44 CST 2007; Entities affected: User - 1
Action: Update User Status to be OFFLINE; Time: Tue May 01 12:24:44 CST 2007; Entities affected: User - 1
Action: Remove User From Session; Time: Tue May 01 12:24:44 CST 2007; Entities affected: User - 1
Action: Remove Requester; Time: Tue May 01 12:24:44 CST 2007; Entities affected: User - 1
Action: Remove Responder; Time: Tue May 01 12:24:44 CST 2007; Entities affected: User - 1
Action: Remove User From Sessions; Time: Tue May 01 12:24:44 CST 2007; Entities affected: User - 1
Action: Update User Status to be OFFLINE; Time: Tue May 01 12:24:44 CST 2007; Entities affected: User - 1
Action: Remove User From Session; Time: Tue May 01 12:24:44 CST 2007; Entities affected: User - 1
Action: Remove Requester; Time: Tue May 01 12:24:44 CST 2007; Entities affected: User - 1
Action: Remove Responder; Time: Tue May 01 12:24:44 CST 2007; Entities affected: User - 1
Action: Remove User From Sessions; Time: Tue May 01 12:24:44 CST 2007; Entities affected: User - 1
Action: Update User Status to be OFFLINE; Time: Tue May 01 12:24:44 CST 2007; Entities affected: User - 1
Action: Remove User From Session; Time: Tue May 01 12:24:44 CST 2007; Entities affected: User - 1
Action: Remove Requester; Time: Tue May 01 12:24:44 CST 2007; Entities affected: User - 1
Action: Remove Responder; Time: Tue May 01 12:24:44 CST 2007; Entities affected: User - 1
Action: Remove User From Sessions; Time: Tue May 01 12:24:44 CST 2007; Entities affected: User - 1
Action: Update User Status to be OFFLINE; Time: Tue May 01 12:24:44 CST 2007; Entities affected: User - 1
Action: Remove User From Session; Time: Tue May 01 12:24:44 CST 2007; Entities affected: User - 1
Action: Remove Requester; Time: Tue May 01 12:24:44 CST 2007; Entities affected: User - 1
Action: Remove Responder; Time: Tue May 01 12:24:44 CST 2007; Entities affected: User - 1
Action: Remove User From Sessions; Time: Tue May 01 12:24:44 CST 2007; Entities affected: User - 1
Action: Update User Status to be OFFLINE; Time: Tue May 01 12:24:44 CST 2007; Entities affected: User - 1
Action: Remove User From Session; Time: Tue May 01 12:24:44 CST 2007; Entities affected: User - 1
Action: Remove Requester; Time: Tue May 01 12:24:44 CST 2007; Entities affected: User - 1
Action: Remove Responder; Time: Tue May 01 12:24:44 CST 2007; Entities affected: User - 1
Action: Remove User From Sessions; Time: Tue May 01 12:24:44 CST 2007; Entities affected: User - 1
Action: Update User Status to be OFFLINE; Time: Tue May 01 12:24:44 CST 2007; Entities affected: User - 1
Action: Remove User From Session; Time: Tue May 01 12:24:44 CST 2007; Entities affected: User - 1
Action: Remove Requester; Time: Tue May 01 12:24:44 CST 2007; Entities affected: User - 1
Action: Remove Responder; Time: Tue May 01 12:24:44 CST 2007; Entities affected: User - 1
Action: Remove User From Sessions; Time: Tue May 01 12:24:44 CST 2007; Entities affected: User - 1
Action: Update User Status to be OFFLINE; Time: Tue May 01 12:24:44 CST 2007; Entities affected: User - 1
Action: Remove User From Session; Time: Tue May 01 12:24:44 CST 2007; Entities affected: User - 1
Action: Remove Requester; Time: Tue May 01 12:24:44 CST 2007; Entities affected: User - 1
Action: Remove Responder; Time: Tue May 01 12:24:44 CST 2007; Entities affected: User - 1
Action: Remove User From Sessions; Time: Tue May 01 12:24:44 CST 2007; Entities affected: User - 1
Action: Update User Status to be OFFLINE; Time: Tue May 01 12:24:44 CST 2007; Entities affected: User - 1
Action: Remove User From Session; Time: Tue May 01 12:24:44 CST 2007; Entities affected: User - 1
Action: Remove Requester; Time: Tue May 01 12:24:44 CST 2007; Entities affected: User - 1
Action: Remove Responder; Time: Tue May 01 12:24:44 CST 2007; Entities affected: User - 1
Action: Remove User From Sessions; Time: Tue May 01 12:24:44 CST 2007; Entities affected: User - 1
Action: Update User Status to be OFFLINE; Time: Tue May 01 12:24:44 CST 2007; Entities affected: User - 1
Action: Remove User From Session; Time: Tue May 01 12:24:44 CST 2007; Entities affected: User - 1
Action: Remove Requester; Time: Tue May 01 12:24:44 CST 2007; Entities affected: User - 1
Action: Remove Responder; Time: Tue May 01 12:24:44 CST 2007; Entities affected: User - 1
Action: Remove User From Sessions; Time: Tue May 01 12:24:44 CST 2007; Entities affected: User - 1
Action: Update User Status to be OFFLINE; Time: Tue May 01 12:24:44 CST 2007; Entities affected: User - 1
Action: Remove User From Session; Time: Tue May 01 12:24:44 CST 2007; Entities affected: User - 1
Action: Remove Requester; Time: Tue May 01 12:24:44 CST 2007; Entities affected: User - 1
Action: Remove Responder; Time: Tue May 01 12:24:44 CST 2007; Entities affected: User - 1
Action: Remove User From Sessions; Time: Tue May 01 12:24:44 CST 2007; Entities affected: User - 1
Action: Update User Status to be OFFLINE; Time: Tue May 01 12:24:44 CST 2007; Entities affected: User - 1
Action: Remove User From Session; Time: Tue May 01 12:24:44 CST 2007; Entities affected: User - 1
Action: Remove Requester; Time: Tue May 01 12:24:44 CST 2007; Entities affected: User - 1
Action: Remove Responder; Time: Tue May 01 12:24:44 CST 2007; Entities affected: User - 1
Action: Remove User From Sessions; Time: Tue May 01 12:24:44 CST 2007; Entities affected: User - 1
Action: Update User Status to be OFFLINE; Time: Tue May 01 12:24:44 CST 2007; Entities affected: User - 1
Action: Remove User From Session; Time: Tue May 01 12:24:44 CST 2007; Entities affected: User - 1
Action: Remove Requester; Time: Tue May 01 12:24:44 CST 2007; Entities affected: User - 1
Action: Remove Responder; Time: Tue May 01 12:24:44 CST 2007; Entities affected: User - 1
Action: Remove User From Sessions; Time: Tue May 01 12:24:44 CST 2007; Entities affected: User - 1
Action: Update User Status to be OFFLINE; Time: Tue May 01 12:24:44 CST 2007; Entities affected: User - 1
Action: Remove User From Session; Time: Tue May 01 12:24:44 CST 2007; Entities affected: User - 1
Action: Remove Requester; Time: Tue May 01 12:24:44 CST 2007; Entities affected: User - 1
Action: Remove Responder; Time: Tue May 01 12:24:44 CST 2007; Entities affected: User - 1
Action: Remove User From Sessions; Time: Tue May 01 12:24:44 CST 2007; Entities affected: User - 1
Action: Update User Status to be OFFLINE; Time: Tue May 01 12:24:44 CST 2007; Entities affected: User - 1
Action: Remove User From Session; Time: Tue May 01 12:24:44 CST 2007; Entities affected: User - 1
Action: Remove Requester; Time: Tue May 01 12:24:44 CST 2007; Entities affected: User - 1
Action: Remove Responder; Time: Tue May 01 12:24:44 CST 2007; Entities affected: User - 1
Action: Remove User From Sessions; Time: Tue May 01 12:24:44 CST 2007; Entities affected: User - 1
Action: Update User Status to be OFFLINE; Time: Tue May 01 12:24:44 CST 2007; Entities affected: User - 1
Action: Remove User From Session; Time: Tue May 01 12:24:44 CST 2007; Entities affected: User - 1
Action: Remove Requester; Time: Tue May 01 12:24:44 CST 2007; Entities affected: User - 1
Action: Remove Responder; Time: Tue May 01 12:24:44 CST 2007; Entities affected: User - 1
Action: Remove User From Sessions; Time: Tue May 01 12:24:44 CST 2007; Entities affected: User - 1
Action: Update User Status to be OFFLINE; Time: Tue May 01 12:24:44 CST 2007; Entities affected: User - 1
Action: Remove User From Session; Time: Tue May 01 12:24:44 CST 2007; Entities affected: User - 1
Action: Remove Requester; Time: Tue May 01 12:24:44 CST 2007; Entities affected: User - 1
Action: Remove Responder; Time: Tue May 01 12:24:44 CST 2007; Entities affected: User - 1
Action: Remove User From Sessions; Time: Tue May 01 12:24:44 CST 2007; Entities affected: User - 1
Action: Update User Status to be OFFLINE; Time: Tue May 01 12:24:44 CST 2007; Entities affected: User - 1
Action: Remove User From Session; Time: Tue May 01 12:24:44 CST 2007; Entities affected: User - 1
Action: Remove Requester; Time: Tue May 01 12:24:44 CST 2007; Entities affected: User - 1
Action: Remove Responder; Time: Tue May 01 12:24:44 CST 2007; Entities affected: User - 1
Action: Remove User From Sessions; Time: Tue May 01 12:24:44 CST 2007; Entities affected: User - 1
Action: Update User Status to be OFFLINE; Time: Tue May 01 12:24:44 CST 2007; Entities affected: User - 1
Action: Remove User From Session; Time: Tue May 01 12:24:44 CST 2007; Entities affected: User - 1
Action: Remove Requester; Time: Tue May 01 12:24:44 CST 2007; Entities affected: User - 1
Action: Remove Responder; Time: Tue May 01 12:24:44 CST 2007; Entities affected: User - 1
Action: Remove User From Sessions; Time: Tue May 01 12:24:44 CST 2007; Entities affected: User - 1
Action: Update User Status to be OFFLINE; Time: Tue May 01 12:24:44 CST 2007; Entities affected: User - 1
Action: Remove User From Session; Time: Tue May 01 12:24:44 CST 2007; Entities affected: User - 1
Action: Remove Requester; Time: Tue May 01 12:24:44 CST 2007; Entities affected: User - 1
Action: Remove Responder; Time: Tue May 01 12:24:44 CST 2007; Entities affected: User - 1
Action: Remove User From Sessions; Time: Tue May 01 12:24:44 CST 2007; Entities affected: User - 1
Action: Update User Status to be OFFLINE; Time: Tue May 01 12:24:44 CST 2007; Entities affected: User - 1
Action: Remove User From Session; Time: Tue May 01 12:24:44 CST 2007; Entities affected: User - 1
Action: Remove Requester; Time: Tue May 01 12:24:44 CST 2007; Entities affected: User - 1
Action: Remove Responder; Time: Tue May 01 12:24:44 CST 2007; Entities affected: User - 1
Action: Remove User From Sessions; Time: Tue May 01 12:24:44 CST 2007; Entities affected: User - 1
Action: Update User Status to be OFFLINE; Time: Tue May 01 12:24:44 CST 2007; Entities affected: User - 1
Action: Remove User From Session; Time: Tue May 01 12:24:44 CST 2007; Entities affected: User - 1
Action: Remove Requester; Time: Tue May 01 12:24:44 CST 2007; Entities affected: User - 1
Action: Remove Responder; Time: Tue May 01 12:24:44 CST 2007; Entities affected: User - 1
Action: Remove User From Sessions; Time: Tue May 01 12:24:44 CST 2007; Entities affected: User - 1
Action: Update User Status to be OFFLINE; Time: Tue May 01 12:24:44 CST 2007; Entities affected: User - 1
Action: Remove User From Session; Time: Tue May 01 12:24:44 CST 2007; Entities affected: User - 1
Action: Remove Requester; Time: Tue May 01 12:24:44 CST 2007; Entities affected: User - 1
Action: Remove Responder; Time: Tue May 01 12:24:44 CST 2007; Entities affected: User - 1
Action: Remove User From Sessions; Time: Tue May 01 12:24:44 CST 2007; Entities affected: User - 1
Action: Update User Status to be OFFLINE; Time: Tue May 01 12:24:44 CST 2007; Entities affected: User - 1
Action: Remove User From Session; Time: Tue May 01 12:24:44 CST 2007; Entities affected: User - 1
Action: Remove Requester; Time: Tue May 01 12:24:44 CST 2007; Entities affected: User - 1
Action: Remove Responder; Time: Tue May 01 12:24:44 CST 2007; Entities affected: User - 1
Action: Remove User From Sessions; Time: Tue May 01 12:24:44 CST 2007; Entities affected: User - 1
Action: Update User Status to be OFFLINE; Time: Tue May 01 12:24:44 CST 2007; Entities affected: User - 1
Action: Remove User From Session; Time: Tue May 01 12:24:44 CST 2007; Entities affected: User - 1
Action: Remove Requester; Time: Tue May 01 12:24:44 CST 2007; Entities affected: User - 1
Action: Remove Responder; Time: Tue May 01 12:24:44 CST 2007; Entities affected: User - 1
Action: Remove User From Sessions; Time: Tue May 01 12:24:44 CST 2007; Entities affected: User - 1
Action: Update User Status to be OFFLINE; Time: Tue May 01 12:24:44 CST 2007; Entities affected: User - 1
Action: Remove User From Session; Time: Tue May 01 12:24:44 CST 2007; Entities affected: User - 1
Action: Remove Requester; Time: Tue May 01 12:24:44 CST 2007; Entities affected: User - 1
Action: Remove Responder; Time: Tue May 01 12:24:44 CST 2007; Entities affected: User - 1
Action: Remove User From Sessions; Time: Tue May 01 12:24:44 CST 2007; Entities affected: User - 1
Action: Update User Status to be OFFLINE; Time: Tue May 01 12:24:44 CST 2007; Entities affected: User - 1
Action: Remove User From Session; Time: Tue May 01 12:24:44 CST 2007; Entities affected: User - 1
Action: Remove Requester; Time: Tue May 01 12:24:44 CST 2007; Entities affected: User - 1
Action: Remove Responder; Time: Tue May 01 12:24:44 CST 2007; Entities affected: User - 1
Action: Remove User From Sessions; Time: Tue May 01 12:24:44 CST 2007; Entities affected: User - 1
Action: Update User Status to be OFFLINE; Time: Tue May 01 12:24:44 CST 2007; Entities affected: User - 1
Action: Remove User From Session; Time: Tue May 01 12:24:44 CST 2007; Entities affected: User - 1
Action: Remove Requester; Time: Tue May 01 12:24:44 CST 2007; Entities affected: User - 1
Action: Remove Responder; Time: Tue May 01 12:24:44 CST 2007; Entities affected: User - 1
Action: Remove User From Sessions; Time: Tue May 01 12:24:44 CST 2007; Entities affected: User - 1
Action: Update User Status to be OFFLINE; Time: Tue May 01 12:24:44 CST 2007; Entities affected: User - 1
Action: Remove User From Session; Time: Tue May 01 12:24:44 CST 2007; Entities affected: User - 1
Action: Remove Requester; Time: Tue May 01 12:24:44 CST 2007; Entities affected: User - 1
Action: Remove Responder; Time: Tue May 01 12:24:44 CST 2007; Entities affected: User - 1
Action: Remove User From Sessions; Time: Tue May 01 12:24:44 CST 2007; Entities affected: User - 1
Action: Update User Status to be OFFLINE; Time: Tue May 01 12:24:44 CST 2007; Entities affected: User - 1
Action: Remove User From Session; Time: Tue May 01 12:24:44 CST 2007; Entities affected: User - 1
Action: Remove Requester; Time: Tue May 01 12:24:44 CST 2007; Entities affected: User - 1
Action: Remove Responder; Time: Tue May 01 12:24:44 CST 2007; Entities affected: User - 1
Action: Remove User From Sessions; Time: Tue May 01 12:24:44 CST 2007; Entities affected: User - 1
Action: Update User Status to be OFFLINE; Time: Tue May 01 12:24:44 CST 2007; Entities affected: User - 1
Action: Remove User From Session; Time: Tue May 01 12:24:44 CST 2007; Entities affected: User - 1
Action: Remove Requester; Time: Tue May 01 12:24:44 CST 2007; Entities affected: User - 1
Action: Remove Responder; Time: Tue May 01 12:24:44 CST 2007; Entities affected: User - 1
Action: Remove User From Sessions; Time: Tue May 01 12:24:44 CST 2007; Entities affected: User - 1
Action: Update User Status to be OFFLINE; Time: Tue May 01 12:24:44 CST 2007; Entities affected: User - 1
Action: Remove User From Session; Time: Tue May 01 12:24:44 CST 2007; Entities affected: User - 1
Action: Remove Requester; Time: Tue May 01 12:24:44 CST 2007; Entities affected: User - 1
Action: Remove Responder; Time: Tue May 01 12:24:44 CST 2007; Entities affected: User - 1
Action: Remove User From Sessions; Time: Tue May 01 12:24:44 CST 2007; Entities affected: User - 1
Action: Update User Status to be OFFLINE; Time: Tue May 01 12:24:44 CST 2007; Entities affected: User - 1
Action: Remove User From Session; Time: Tue May 01 12:24:44 CST 2007; Entities affected: User - 1
Action: Remove Requester; Time: Tue May 01 12:24:44 CST 2007; Entities affected: User - 1
Action: Remove Responder; Time: Tue May 01 12:24:44 CST 2007; Entities affected: User - 1
Action: Remove User From Sessions; Time: Tue May 01 12:24:44 CST 2007; Entities affected: User - 1
Action: Update User Status to be OFFLINE; Time: Tue May 01 12:24:44 CST 2007; Entities affected: User - 1
Action: Remove User From Session; Time: Tue May 01 12:24:44 CST 2007; Entities affected: User - 1
Action: Remove Requester; Time: Tue May 01 12:24:44 CST 2007; Entities affected: User - 1
Action: Remove Responder; Time: Tue May 01 12:24:44 CST 2007; Entities affected: User - 1
Action: Remove User From Sessions; Time: Tue May 01 12:24:44 CST 2007; Entities affected: User - 1
Action: Update User Status to be OFFLINE; Time: Tue May 01 12:24:44 CST 2007; Entities affected: User - 1
Action: Remove User From Session; Time: Tue May 01 12:24:44 CST 2007; Entities affected: User - 1
Action: Remove Requester; Time: Tue May 01 12:24:44 CST 2007; Entities affected: User - 1
Action: Remove Responder; Time: Tue May 01 12:24:44 CST 2007; Entities affected: User - 1
Action: Remove User From Sessions; Time: Tue May 01 12:24:44 CST 2007; Entities affected: User - 1
Action: Update User Status to be OFFLINE; Time: Tue May 01 12:24:44 CST 2007; Entities affected: User - 1
Action: Remove User From Session; Time: Tue May 01 12:24:44 CST 2007; Entities affected: User - 1
Action: Remove Requester; Time: Tue May 01 12:24:44 CST 2007; Entities affected: User - 1
Action: Remove Responder; Time: Tue May 01 12:24:44 CST 2007; Entities affected: User - 1
Action: Remove User From Sessions; Time: Tue May 01 12:24:44 CST 2007; Entities affected: User - 1
Action: Update User Status to be OFFLINE; Time: Tue May 01 12:24:44 CST 2007; Entities affected: User - 1
Action: Remove User From Session; Time: Tue May 01 12:24:44 CST 2007; Entities affected: User - 1
Action: Remove Requester; Time: Tue May 01 12:24:44 CST 2007; Entities affected: User - 1
Action: Remove Responder; Time: Tue May 01 12:24:44 CST 2007; Entities affected: User - 1
Action: Remove User From Sessions; Time: Tue May 01 12:24:44 CST 2007; Entities affected: User - 1
Action: Update User Status to be OFFLINE; Time: Tue May 01 12:24:44 CST 2007; Entities affected: User - 1
Action: Remove User From Session; Time: Tue May 01 12:24:44 CST 2007; Entities affected: User - 1
Action: Remove Requester; Time: Tue May 01 12:24:44 CST 2007; Entities affected: User - 1
Action: Remove Responder; Time: Tue May 01 12:24:44 CST 2007; Entities affected: User - 1
Action: Remove User From Sessions; Time: Tue May 01 12:24:44 CST 2007; Entities affected: User - 1
Action: Update User Status to be OFFLINE; Time: Tue May 01 12:24:44 CST 2007; Entities affected: User - 1
Action: Remove User From Session; Time: Tue May 01 12:24:44 CST 2007; Entities affected: User - 1
Action: Remove Requester; Time: Tue May 01 12:24:44 CST 2007; Entities affected: User - 1
Action: Remove Responder; Time: Tue May 01 12:24:44 CST 2007; Entities affected: User - 1
Action: Remove User From Sessions; Time: Tue May 01 12:24:44 CST 2007; Entities affected: User - 1
Action: Update User Status to be OFFLINE; Time: Tue May 01 12:24:44 CST 2007; Entities affected: User - 1
Action: Remove User From Session; Time: Tue May 01 12:24:44 CST 2007; Entities affected: User - 1
Action: Remove Requester; Time: Tue May 01 12:24:44 CST 2007; Entities affected: User - 1
Action: Remove Responder; Time: Tue May 01 12:24:44 CST 2007; Entities affected: User - 1
Action: Remove User From Sessions; Time: Tue May 01 12:24:44 CST 2007; Entities affected: User - 1
Action: Update User Status to be OFFLINE; Time: Tue May 01 12:24:44 CST 2007; Entities affected: User - 1
Action: Remove User From Session; Time: Tue May 01 12:24:44 CST 2007; Entities affected: User - 1
Action: Remove Requester; Time: Tue May 01 12:24:44 CST 2007; Entities affected: User - 1
Action: Remove Responder; Time: Tue May 01 12:24:44 CST 2007; Entities affected: User - 1
Action: Remove User From Sessions; Time: Tue May 01 12:24:44 CST 2007; Entities affected: User - 1
Action: Update User Status to be OFFLINE; Time: Tue May 01 12:24:44 CST 2007; Entities affected: User - 1
Action: Remove User From Session; Time: Tue May 01 12:24:44 CST 2007; Entities affected: User - 1
Action: Remove Requester; Time: Tue May 01 12:24:44 CST 2007; Entities affected: User - 1
Action: Remove Responder; Time: Tue May 01 12:24:44 CST 2007; Entities affected: User - 1
Action: Remove User From Sessions; Time: Tue May 01 12:24:44 CST 2007; Entities affected: User - 1
Action: Update User Status to be OFFLINE; Time: Tue May 01 12:24:44 CST 2007; Entities affected: User - 1
Action: Remove User From Session; Time: Tue May 01 12:24:44 CST 2007; Entities affected: User - 1
Action: Remove Requester; Time: Tue May 01 12:24:44 CST 2007; Entities affected: User - 1
Action: Remove Responder; Time: Tue May 01 12:24:44 CST 2007; Entities affected: User - 1
Action: Remove User From Sessions; Time: Tue May 01 12:24:44 CST 2007; Entities affected: User - 1
Action: Update User Status to be OFFLINE; Time: Tue May 01 12:24:44 CST 2007; Entities affected: User - 1
Action: Remove User From Session; Time: Tue May 01 12:24:44 CST 2007; Entities affected: User - 1
Action: Remove Requester; Time: Tue May 01 12:24:44 CST 2007; Entities affected: User - 1
Action: Remove Responder; Time: Tue May 01 12:24:44 CST 2007; Entities affected: User - 1
Action: Remove User From Sessions; Time: Tue May 01 12:24:44 CST 2007; Entities affected: User - 1
Action: Update User Status to be OFFLINE; Time: Tue May 01 12:24:44 CST 2007; Entities affected: User - 1
Action: Remove User From Session; Time: Tue May 01 12:24:44 CST 2007; Entities affected: User - 1
Action: Remove Requester; Time: Tue May 01 12:24:44 CST 2007; Entities affected: User - 1
Action: Remove Responder; Time: Tue May 01 12:24:44 CST 2007; Entities affected: User - 1
Action: Remove User From Sessions; Time: Tue May 01 12:24:44 CST 2007; Entities affected: User - 1
Action: Update User Status to be OFFLINE; Time: Tue May 01 12:24:44 CST 2007; Entities affected: User - 1
Action: Remove User From Session; Time: Tue May 01 12:24:44 CST 2007; Entities affected: User - 1
Action: Remove Requester; Time: Tue May 01 12:24:44 CST 2007; Entities affected: User - 1
Action: Remove Responder; Time: Tue May 01 12:24:44 CST 2007; Entities affected: User - 1
Action: Remove User From Sessions; Time: Tue May 01 12:24:44 CST 2007; Entities affected: User - 1
Action: Update User Status to be OFFLINE; Time: Tue May 01 12:24:44 CST 2007; Entities affected: User - 1
Action: Remove User From Session; Time: Tue May 01 12:24:44 CST 2007; Entities affected: User - 1
Action: Remove Requester; Time: Tue May 01 12:24:44 CST 2007; Entities affected: User - 1
Action: Remove Responder; Time: Tue May 01 12:24:44 CST 2007; Entities affected: User - 1
Action: Remove User From Sessions; Time: Tue May 01 12:24:44 CST 2007; Entities affected: User - 1
Action: Update User Status to be OFFLINE; Time: Tue May 01 12:24:44 CST 2007; Entities affected: User - 1
Action: Remove User From Session; Time: Tue May 01 12:24:44 CST 2007; Entities affected: User - 1
Action: Remove Requester; Time: Tue May 01 12:24:44 CST 2007; Entities affected: User - 1
Action: Remove Responder; Time: Tue May 01 12:24:44 CST 2007; Entities affected: User - 1
Action: Remove User From Sessions; Time: Tue May 01 12:24:44 CST 2007; Entities affected: User - 1
Action: Update User Status to be OFFLINE; Time: Tue May 01 12:24:44 CST 2007; Entities affected: User - 1
Action: Remove User From Session; Time: Tue May 01 12:24:44 CST 2007; Entities affected: User - 1
Action: Remove Requester; Time: Tue May 01 12:24:44 CST 2007; Entities affected: User - 1
Action: Remove Responder; Time: Tue May 01 12:24:44 CST 2007; Entities affected: User - 1
Action: Remove User From Sessions; Time: Tue May 01 12:24:44 CST 2007; Entities affected: User - 1
Action: Update User Status to be OFFLINE; Time: Tue May 01 12:24:44 CST 2007; Entities affected: User - 1
Action: Remove User From Session; Time: Tue May 01 12:24:44 CST 2007; Entities affected: User - 1
Action: Remove Requester; Time: Tue May 01 12:24:44 CST 2007; Entities affected: User - 1
Action: Remove Responder; Time: Tue May 01 12:24:44 CST 2007; Entities affected: User - 1
Action: Remove User From Sessions; Time: Tue May 01 12:24:44 CST 2007; Entities affected: User - 1
Action: Update User Status to be OFFLINE; Time: Tue May 01 12:24:44 CST 2007; Entities affected: User - 1
Action: Remove User From Session; Time: Tue May 01 12:24:44 CST 2007; Entities affected: User - 1
Action: Remove Requester; Time: Tue May 01 12:24:44 CST 2007; Entities affected: User - 1
Action: Remove Responder; Time: Tue May 01 12:24:44 CST 2007; Entities affected: User - 1
Action: Remove User From Sessions; Time: Tue May 01 12:24:44 CST 2007; Entities affected: User - 1
Action: Update User Status to be OFFLINE; Time: Tue May 01 12:24:44 CST 2007; Entities affected: User - 1
Action: Remove User From Session; Time: Tue May 01 12:24:44 CST 2007; Entities affected: User - 1
Action: Remove Requester; Time: Tue May 01 12:24:44 CST 2007; Entities affected: User - 1
Action: Remove Responder; Time: Tue May 01 12:24:44 CST 2007; Entities affected: User - 1
Action: Remove User From Sessions; Time: Tue May 01 12:24:44 CST 2007; Entities affected: User - 1
Action: Update User Status to be OFFLINE; Time: Tue May 01 12:24:44 CST 2007; Entities affected: User - 1
Action: Remove User From Session; Time: Tue May 01 12:24:44 CST 2007; Entities affected: User - 1
Action: Remove Requester; Time: Tue May 01 12:24:44 CST 2007; Entities affected: User - 1
Action: Remove Responder; Time: Tue May 01 12:24:44 CST 2007; Entities affected: User - 1
Action: Remove User From Sessions; Time: Tue May 01 12:24:44 CST 2007; Entities affected: User - 1
Action: Update User Status to be OFFLINE; Time: Tue May 01 12:24:44 CST 2007; Entities affected: User - 1
Action: Remove User From Session; Time: Tue May 01 12:24:44 CST 2007; Entities affected: User - 1
Action: Remove Requester; Time: Tue May 01 12:24:44 CST 2007; Entities affected: User - 1
Action: Remove Responder; Time: Tue May 01 12:24:44 CST 2007; Entities affected: User - 1
Action: Remove User From Sessions; Time: Tue May 01 12:24:44 CST 2007; Entities affected: User - 1
Action: Update User Status to be OFFLINE; Time: Tue May 01 12:24:44 CST 2007; Entities affected: User - 1
Action: Remove User From Session; Time: Tue May 01 12:24:44 CST 2007; Entities affected: User - 1
Action: Remove Requester; Time: Tue May 01 12:24:44 CST 2007; Entities affected: User - 1
Action: Remove Responder; Time: Tue May 01 12:24:44 CST 2007; Entities affected: User - 1
Action: Remove User From Sessions; Time: Tue May 01 12:24:44 CST 2007; Entities affected: User - 1
Action: Update User Status to be OFFLINE; Time: Tue May 01 12:24:44 CST 2007; Entities affected: User - 1
Action: Remove User From Session; Time: Tue May 01 12:24:44 CST 2007; Entities affected: User - 1
Action: Remove Requester; Time: Tue May 01 12:24:44 CST 2007; Entities affected: User - 1
Action: Remove Responder; Time: Tue May 01 12:24:44 CST 2007; Entities affected: User - 1
Action: Remove User From Sessions; Time: Tue May 01 12:24:44 CST 2007; Entities affected: User - 1
Action: Update User Status to be OFFLINE; Time: Tue May 01 12:24:44 CST 2007; Entities affected: User - 1
Action: Remove User From Session; Time: Tue May 01 12:24:44 CST 2007; Entities affected: User - 1
Action: Remove Requester; Time: Tue May 01 12:24:44 CST 2007; Entities affected: User - 1
Action: Remove Responder; Time: Tue May 01 12:24:44 CST 2007; Entities affected: User - 1
Action: Remove User From Sessions; Time: Tue May 01 12:24:44 CST 2007; Entities affected: User - 1
Action: Update User Status to be OFFLINE; Time: Tue May 01 12:24:44 CST 2007; Entities affected: User - 1
Action: Remove User From Session; Time: Tue May 01 12:24:44 CST 2007; Entities affected: User - 1
Action: Remove Requester; Time: Tue May 01 12:24:44 CST 2007; Entities affected: User - 1
Action: Remove Responder; Time: Tue May 01 12:24:44 CST 2007; Entities affected: User - 1
Action: Remove User From Sessions; Time: Tue May 01 12:24:44 CST 2007; Entities affected: User - 1
Action: Update User Status to be OFFLINE; Time: Tue May 01 12:24:44 CST 2007; Entities affected: User - 1
Action: Remove User From Session; Time: Tue May 01 12:24:44 CST 2007; Entities affected: User - 1
Action: Remove Requester; Time: Tue May 01 12:24:44 CST 2007; Entities affected: User - 1
Action: Remove Responder; Time: Tue May 01 12:24:44 CST 2007; Entities affected: User - 1
Action: Remove User From Sessions; Time: Tue May 01 12:24:44 CST 2007; Entities affected: User - 1
Action: Update User Status to be OFFLINE; Time: Tue May 01 12:24:44 CST 2007; Entities affected: User - 1
Action: Remove User From Session; Time: Tue May 01 12:24:44 CST 2007; Entities affected: User - 1
Action: Remove Requester; Time: Tue May 01 12:24:44 CST 2007; Entities affected: User - 1
Action: Remove Responder; Time: Tue May 01 12:24:44 CST 2007; Entities affected: User - 1
Action: Remove User From Sessions; Time: Tue May 01 12:24:44 CST 2007; Entities affected: User - 1
Action: Update User Status to be OFFLINE; Time: Tue May 01 12:24:44 CST 2007; Entities affected: User - 1
Action: Remove User From Session; Time: Tue May 01 12:24:44 CST 2007; Entities affected: User - 1
Action: Remove Requester; Time: Tue May 01 12:24:44 CST 2007; Entities affected: User - 1
Action: Remove Responder; Time: Tue May 01 12:24:44 CST 2007; Entities affected: User - 1
Action: Remove User From Sessions; Time: Tue May 01 12:24:44 CST 2007; Entities affected: User - 1
Action: Update User Status to be OFFLINE; Time: Tue May 01 12:24:44 CST 2007; Entities affected: User - 1
Action: Remove User From Session; Time: Tue May 01 12:24:44 CST 2007; Entities affected: User - 1
Action: Remove Requester; Time: Tue May 01 12:24:44 CST 2007; Entities affected: User - 1
Action: Remove Responder; Time: Tue May 01 12:24:44 CST 2007; Entities affected: User - 1
Action: Remove User From Sessions; Time: Tue May 01 12:24:44 CST 2007; Entities affected: User - 1
Action: Update User Status to be OFFLINE; Time: Tue May 01 12:24:44 CST 2007; Entities affected: User - 1
Action: Remove User From Session; Time: Tue May 01 12:24:44 CST 2007; Entities affected: User - 1
Action: Remove Requester; Time: Tue May 01 12:24:44 CST 2007; Entities affected: User - 1
Action: Remove Responder; Time: Tue May 01 12:24:44 CST 2007; Entities affected: User - 1
Action: Remove User From Sessions; Time: Tue May 01 12:24:44 CST 2007; Entities affected: User - 1
Action: Update User Status to be OFFLINE; Time: Tue May 01 12:24:44 CST 2007; Entities affected: User - 1
Action: Remove User From Session; Time: Tue May 01 12:24:44 CST 2007; Entities affected: User - 1
Action: Remove Requester; Time: Tue May 01 12:24:44 CST 2007; Entities affected: User - 1
Action: Remove Responder; Time: Tue May 01 12:24:44 CST 2007; Entities affected: User - 1
Action: Remove User From Sessions; Time: Tue May 01 12:24:44 CST 2007; Entities affected: User - 1
Action: Update User Status to be OFFLINE; Time: Tue May 01 12:24:44 CST 2007; Entities affected: User - 1
Action: Remove User From Session; Time: Tue May 01 12:24:44 CST 2007; Entities affected: User - 1
Action: Remove Requester; Time: Tue May 01 12:24:44 CST 2007; Entities affected: User - 1
Action: Remove Responder; Time: Tue May 01 12:24:44 CST 2007; Entities affected: User - 1
Action: Remove User From Sessions; Time: Tue May 01 12:24:44 CST 2007; Entities affected: User - 1
Action: Update User Status to be OFFLINE; Time: Tue May 01 12:24:44 CST 2007; Entities affected: User - 1
Action: Remove User From Session; Time: Tue May 01 12:24:44 CST 2007; Entities affected: User - 1
Action: Remove Requester; Time: Tue May 01 12:24:44 CST 2007; Entities affected: User - 1
Action: Remove Responder; Time: Tue May 01 12:24:44 CST 2007; Entities affected: User - 1
Action: Remove User From Sessions; Time: Tue May 01 12:24:44 CST 2007; Entities affected: User - 1
Action: Update User Status to be OFFLINE; Time: Tue May 01 12:24:44 CST 2007; Entities affected: User - 1
Executing testMain() 100 times takes 331ms
Executing testStatusChanged_OpenToClose() 100 times takes 10ms
Action: Send EnterChatMessage to All Users; Time: Tue May 01 12:24:44 CST 2007; Entities affected: Session - 0
Action: Register MessagePool for User; Time: Tue May 01 12:24:44 CST 2007; Entities affected: User - 2, Session - 0
Action: Register MessagePool for User; Time: Tue May 01 12:24:44 CST 2007; Entities affected: User - 1, Session - 0
Action: Register MessagePool for User; Time: Tue May 01 12:24:44 CST 2007; Entities affected: User - 123, Session - 0
Action: Register MessagePool for User; Time: Tue May 01 12:24:44 CST 2007; Entities affected: User - 3, Session - 0
Action: Send PresenceMessage to Others; Time: Tue May 01 12:24:44 CST 2007; Entities affected: Session - 0
Action: Send EnterChatMessage to All Users; Time: Tue May 01 12:24:44 CST 2007; Entities affected: Session - 0
Action: Register MessagePool for User; Time: Tue May 01 12:24:44 CST 2007; Entities affected: User - 2, Session - 0
Action: Register MessagePool for User; Time: Tue May 01 12:24:44 CST 2007; Entities affected: User - 1, Session - 0
Action: Register MessagePool for User; Time: Tue May 01 12:24:44 CST 2007; Entities affected: User - 123, Session - 0
Action: Register MessagePool for User; Time: Tue May 01 12:24:44 CST 2007; Entities affected: User - 3, Session - 0
Action: Send PresenceMessage to Others; Time: Tue May 01 12:24:44 CST 2007; Entities affected: Session - 0
Action: Send EnterChatMessage to All Users; Time: Tue May 01 12:24:44 CST 2007; Entities affected: Session - 0
Action: Register MessagePool for User; Time: Tue May 01 12:24:44 CST 2007; Entities affected: User - 2, Session - 0
Action: Register MessagePool for User; Time: Tue May 01 12:24:44 CST 2007; Entities affected: User - 1, Session - 0
Action: Register MessagePool for User; Time: Tue May 01 12:24:44 CST 2007; Entities affected: User - 123, Session - 0
Action: Register MessagePool for User; Time: Tue May 01 12:24:44 CST 2007; Entities affected: User - 3, Session - 0
Action: Send PresenceMessage to Others; Time: Tue May 01 12:24:44 CST 2007; Entities affected: Session - 0
Action: Send EnterChatMessage to All Users; Time: Tue May 01 12:24:44 CST 2007; Entities affected: Session - 0
Action: Register MessagePool for User; Time: Tue May 01 12:24:44 CST 2007; Entities affected: User - 2, Session - 0
Action: Register MessagePool for User; Time: Tue May 01 12:24:44 CST 2007; Entities affected: User - 1, Session - 0
Action: Register MessagePool for User; Time: Tue May 01 12:24:44 CST 2007; Entities affected: User - 123, Session - 0
Action: Register MessagePool for User; Time: Tue May 01 12:24:44 CST 2007; Entities affected: User - 3, Session - 0
Action: Send PresenceMessage to Others; Time: Tue May 01 12:24:44 CST 2007; Entities affected: Session - 0
Action: Send EnterChatMessage to All Users; Time: Tue May 01 12:24:44 CST 2007; Entities affected: Session - 0
Action: Register MessagePool for User; Time: Tue May 01 12:24:44 CST 2007; Entities affected: User - 2, Session - 0
Action: Register MessagePool for User; Time: Tue May 01 12:24:44 CST 2007; Entities affected: User - 1, Session - 0
Action: Register MessagePool for User; Time: Tue May 01 12:24:44 CST 2007; Entities affected: User - 123, Session - 0
Action: Register MessagePool for User; Time: Tue May 01 12:24:44 CST 2007; Entities affected: User - 3, Session - 0
Action: Send PresenceMessage to Others; Time: Tue May 01 12:24:44 CST 2007; Entities affected: Session - 0
Action: Send EnterChatMessage to All Users; Time: Tue May 01 12:24:44 CST 2007; Entities affected: Session - 0
Action: Register MessagePool for User; Time: Tue May 01 12:24:44 CST 2007; Entities affected: User - 2, Session - 0
Action: Register MessagePool for User; Time: Tue May 01 12:24:44 CST 2007; Entities affected: User - 1, Session - 0
Action: Register MessagePool for User; Time: Tue May 01 12:24:44 CST 2007; Entities affected: User - 123, Session - 0
Action: Register MessagePool for User; Time: Tue May 01 12:24:44 CST 2007; Entities affected: User - 3, Session - 0
Action: Send PresenceMessage to Others; Time: Tue May 01 12:24:44 CST 2007; Entities affected: Session - 0
Action: Send EnterChatMessage to All Users; Time: Tue May 01 12:24:44 CST 2007; Entities affected: Session - 0
Action: Register MessagePool for User; Time: Tue May 01 12:24:44 CST 2007; Entities affected: User - 2, Session - 0
Action: Register MessagePool for User; Time: Tue May 01 12:24:44 CST 2007; Entities affected: User - 1, Session - 0
Action: Register MessagePool for User; Time: Tue May 01 12:24:44 CST 2007; Entities affected: User - 123, Session - 0
Action: Register MessagePool for User; Time: Tue May 01 12:24:44 CST 2007; Entities affected: User - 3, Session - 0
Action: Send PresenceMessage to Others; Time: Tue May 01 12:24:44 CST 2007; Entities affected: Session - 0
Action: Send EnterChatMessage to All Users; Time: Tue May 01 12:24:44 CST 2007; Entities affected: Session - 0
Action: Register MessagePool for User; Time: Tue May 01 12:24:44 CST 2007; Entities affected: User - 2, Session - 0
Action: Register MessagePool for User; Time: Tue May 01 12:24:44 CST 2007; Entities affected: User - 1, Session - 0
Action: Register MessagePool for User; Time: Tue May 01 12:24:44 CST 2007; Entities affected: User - 123, Session - 0
Action: Register MessagePool for User; Time: Tue May 01 12:24:44 CST 2007; Entities affected: User - 3, Session - 0
Action: Send PresenceMessage to Others; Time: Tue May 01 12:24:44 CST 2007; Entities affected: Session - 0
Action: Send EnterChatMessage to All Users; Time: Tue May 01 12:24:44 CST 2007; Entities affected: Session - 0
Action: Register MessagePool for User; Time: Tue May 01 12:24:44 CST 2007; Entities affected: User - 2, Session - 0
Action: Register MessagePool for User; Time: Tue May 01 12:24:44 CST 2007; Entities affected: User - 1, Session - 0
Action: Register MessagePool for User; Time: Tue May 01 12:24:44 CST 2007; Entities affected: User - 123, Session - 0
Action: Register MessagePool for User; Time: Tue May 01 12:24:44 CST 2007; Entities affected: User - 3, Session - 0
Action: Send PresenceMessage to Others; Time: Tue May 01 12:24:44 CST 2007; Entities affected: Session - 0
Action: Send EnterChatMessage to All Users; Time: Tue May 01 12:24:44 CST 2007; Entities affected: Session - 0
Action: Register MessagePool for User; Time: Tue May 01 12:24:44 CST 2007; Entities affected: User - 2, Session - 0
Action: Register MessagePool for User; Time: Tue May 01 12:24:44 CST 2007; Entities affected: User - 1, Session - 0
Action: Register MessagePool for User; Time: Tue May 01 12:24:44 CST 2007; Entities affected: User - 123, Session - 0
Action: Register MessagePool for User; Time: Tue May 01 12:24:44 CST 2007; Entities affected: User - 3, Session - 0
Action: Send PresenceMessage to Others; Time: Tue May 01 12:24:44 CST 2007; Entities affected: Session - 0
Action: Send EnterChatMessage to All Users; Time: Tue May 01 12:24:44 CST 2007; Entities affected: Session - 0
Action: Register MessagePool for User; Time: Tue May 01 12:24:44 CST 2007; Entities affected: User - 2, Session - 0
Action: Register MessagePool for User; Time: Tue May 01 12:24:44 CST 2007; Entities affected: User - 1, Session - 0
Action: Register MessagePool for User; Time: Tue May 01 12:24:44 CST 2007; Entities affected: User - 123, Session - 0
Action: Register MessagePool for User; Time: Tue May 01 12:24:44 CST 2007; Entities affected: User - 3, Session - 0
Action: Send PresenceMessage to Others; Time: Tue May 01 12:24:44 CST 2007; Entities affected: Session - 0
Action: Send EnterChatMessage to All Users; Time: Tue May 01 12:24:44 CST 2007; Entities affected: Session - 0
Action: Register MessagePool for User; Time: Tue May 01 12:24:44 CST 2007; Entities affected: User - 2, Session - 0
Action: Register MessagePool for User; Time: Tue May 01 12:24:44 CST 2007; Entities affected: User - 1, Session - 0
Action: Register MessagePool for User; Time: Tue May 01 12:24:44 CST 2007; Entities affected: User - 123, Session - 0
Action: Register MessagePool for User; Time: Tue May 01 12:24:44 CST 2007; Entities affected: User - 3, Session - 0
Action: Send PresenceMessage to Others; Time: Tue May 01 12:24:44 CST 2007; Entities affected: Session - 0
Action: Send EnterChatMessage to All Users; Time: Tue May 01 12:24:44 CST 2007; Entities affected: Session - 0
Action: Register MessagePool for User; Time: Tue May 01 12:24:44 CST 2007; Entities affected: User - 2, Session - 0
Action: Register MessagePool for User; Time: Tue May 01 12:24:44 CST 2007; Entities affected: User - 1, Session - 0
Action: Register MessagePool for User; Time: Tue May 01 12:24:44 CST 2007; Entities affected: User - 123, Session - 0
Action: Register MessagePool for User; Time: Tue May 01 12:24:44 CST 2007; Entities affected: User - 3, Session - 0
Action: Send PresenceMessage to Others; Time: Tue May 01 12:24:44 CST 2007; Entities affected: Session - 0
Action: Send EnterChatMessage to All Users; Time: Tue May 01 12:24:44 CST 2007; Entities affected: Session - 0
Action: Register MessagePool for User; Time: Tue May 01 12:24:44 CST 2007; Entities affected: User - 2, Session - 0
Action: Register MessagePool for User; Time: Tue May 01 12:24:44 CST 2007; Entities affected: User - 1, Session - 0
Action: Register MessagePool for User; Time: Tue May 01 12:24:44 CST 2007; Entities affected: User - 123, Session - 0
Action: Register MessagePool for User; Time: Tue May 01 12:24:44 CST 2007; Entities affected: User - 3, Session - 0
Action: Send PresenceMessage to Others; Time: Tue May 01 12:24:44 CST 2007; Entities affected: Session - 0
Action: Send EnterChatMessage to All Users; Time: Tue May 01 12:24:44 CST 2007; Entities affected: Session - 0
Action: Register MessagePool for User; Time: Tue May 01 12:24:44 CST 2007; Entities affected: User - 2, Session - 0
Action: Register MessagePool for User; Time: Tue May 01 12:24:44 CST 2007; Entities affected: User - 1, Session - 0
Action: Register MessagePool for User; Time: Tue May 01 12:24:44 CST 2007; Entities affected: User - 123, Session - 0
Action: Register MessagePool for User; Time: Tue May 01 12:24:44 CST 2007; Entities affected: User - 3, Session - 0
Action: Send PresenceMessage to Others; Time: Tue May 01 12:24:44 CST 2007; Entities affected: Session - 0
Action: Send EnterChatMessage to All Users; Time: Tue May 01 12:24:44 CST 2007; Entities affected: Session - 0
Action: Register MessagePool for User; Time: Tue May 01 12:24:44 CST 2007; Entities affected: User - 2, Session - 0
Action: Register MessagePool for User; Time: Tue May 01 12:24:44 CST 2007; Entities affected: User - 1, Session - 0
Action: Register MessagePool for User; Time: Tue May 01 12:24:44 CST 2007; Entities affected: User - 123, Session - 0
Action: Register MessagePool for User; Time: Tue May 01 12:24:44 CST 2007; Entities affected: User - 3, Session - 0
Action: Send PresenceMessage to Others; Time: Tue May 01 12:24:44 CST 2007; Entities affected: Session - 0
Action: Send EnterChatMessage to All Users; Time: Tue May 01 12:24:44 CST 2007; Entities affected: Session - 0
Action: Register MessagePool for User; Time: Tue May 01 12:24:44 CST 2007; Entities affected: User - 2, Session - 0
Action: Register MessagePool for User; Time: Tue May 01 12:24:44 CST 2007; Entities affected: User - 1, Session - 0
Action: Register MessagePool for User; Time: Tue May 01 12:24:44 CST 2007; Entities affected: User - 123, Session - 0
Action: Register MessagePool for User; Time: Tue May 01 12:24:44 CST 2007; Entities affected: User - 3, Session - 0
Action: Send PresenceMessage to Others; Time: Tue May 01 12:24:44 CST 2007; Entities affected: Session - 0
Action: Send EnterChatMessage to All Users; Time: Tue May 01 12:24:44 CST 2007; Entities affected: Session - 0
Action: Register MessagePool for User; Time: Tue May 01 12:24:44 CST 2007; Entities affected: User - 2, Session - 0
Action: Register MessagePool for User; Time: Tue May 01 12:24:44 CST 2007; Entities affected: User - 1, Session - 0
Action: Register MessagePool for User; Time: Tue May 01 12:24:44 CST 2007; Entities affected: User - 123, Session - 0
Action: Register MessagePool for User; Time: Tue May 01 12:24:44 CST 2007; Entities affected: User - 3, Session - 0
Action: Send PresenceMessage to Others; Time: Tue May 01 12:24:44 CST 2007; Entities affected: Session - 0
Action: Send EnterChatMessage to All Users; Time: Tue May 01 12:24:44 CST 2007; Entities affected: Session - 0
Action: Register MessagePool for User; Time: Tue May 01 12:24:44 CST 2007; Entities affected: User - 2, Session - 0
Action: Register MessagePool for User; Time: Tue May 01 12:24:44 CST 2007; Entities affected: User - 1, Session - 0
Action: Register MessagePool for User; Time: Tue May 01 12:24:44 CST 2007; Entities affected: User - 123, Session - 0
Action: Register MessagePool for User; Time: Tue May 01 12:24:44 CST 2007; Entities affected: User - 3, Session - 0
Action: Send PresenceMessage to Others; Time: Tue May 01 12:24:44 CST 2007; Entities affected: Session - 0
Action: Send EnterChatMessage to All Users; Time: Tue May 01 12:24:44 CST 2007; Entities affected: Session - 0
Action: Register MessagePool for User; Time: Tue May 01 12:24:44 CST 2007; Entities affected: User - 2, Session - 0
Action: Register MessagePool for User; Time: Tue May 01 12:24:44 CST 2007; Entities affected: User - 1, Session - 0
Action: Register MessagePool for User; Time: Tue May 01 12:24:44 CST 2007; Entities affected: User - 123, Session - 0
Action: Register MessagePool for User; Time: Tue May 01 12:24:44 CST 2007; Entities affected: User - 3, Session - 0
Action: Send PresenceMessage to Others; Time: Tue May 01 12:24:44 CST 2007; Entities affected: Session - 0
Action: Send EnterChatMessage to All Users; Time: Tue May 01 12:24:44 CST 2007; Entities affected: Session - 0
Action: Register MessagePool for User; Time: Tue May 01 12:24:44 CST 2007; Entities affected: User - 2, Session - 0
Action: Register MessagePool for User; Time: Tue May 01 12:24:44 CST 2007; Entities affected: User - 1, Session - 0
Action: Register MessagePool for User; Time: Tue May 01 12:24:44 CST 2007; Entities affected: User - 123, Session - 0
Action: Register MessagePool for User; Time: Tue May 01 12:24:44 CST 2007; Entities affected: User - 3, Session - 0
Action: Send PresenceMessage to Others; Time: Tue May 01 12:24:44 CST 2007; Entities affected: Session - 0
Action: Send EnterChatMessage to All Users; Time: Tue May 01 12:24:44 CST 2007; Entities affected: Session - 0
Action: Register MessagePool for User; Time: Tue May 01 12:24:44 CST 2007; Entities affected: User - 2, Session - 0
Action: Register MessagePool for User; Time: Tue May 01 12:24:44 CST 2007; Entities affected: User - 1, Session - 0
Action: Register MessagePool for User; Time: Tue May 01 12:24:44 CST 2007; Entities affected: User - 123, Session - 0
Action: Register MessagePool for User; Time: Tue May 01 12:24:44 CST 2007; Entities affected: User - 3, Session - 0
Action: Send PresenceMessage to Others; Time: Tue May 01 12:24:44 CST 2007; Entities affected: Session - 0
Action: Send EnterChatMessage to All Users; Time: Tue May 01 12:24:44 CST 2007; Entities affected: Session - 0
Action: Register MessagePool for User; Time: Tue May 01 12:24:44 CST 2007; Entities affected: User - 2, Session - 0
Action: Register MessagePool for User; Time: Tue May 01 12:24:44 CST 2007; Entities affected: User - 1, Session - 0
Action: Register MessagePool for User; Time: Tue May 01 12:24:44 CST 2007; Entities affected: User - 123, Session - 0
Action: Register MessagePool for User; Time: Tue May 01 12:24:44 CST 2007; Entities affected: User - 3, Session - 0
Action: Send PresenceMessage to Others; Time: Tue May 01 12:24:44 CST 2007; Entities affected: Session - 0
Action: Send EnterChatMessage to All Users; Time: Tue May 01 12:24:44 CST 2007; Entities affected: Session - 0
Action: Register MessagePool for User; Time: Tue May 01 12:24:44 CST 2007; Entities affected: User - 2, Session - 0
Action: Register MessagePool for User; Time: Tue May 01 12:24:44 CST 2007; Entities affected: User - 1, Session - 0
Action: Register MessagePool for User; Time: Tue May 01 12:24:44 CST 2007; Entities affected: User - 123, Session - 0
Action: Register MessagePool for User; Time: Tue May 01 12:24:44 CST 2007; Entities affected: User - 3, Session - 0
Action: Send PresenceMessage to Others; Time: Tue May 01 12:24:44 CST 2007; Entities affected: Session - 0
Action: Send EnterChatMessage to All Users; Time: Tue May 01 12:24:44 CST 2007; Entities affected: Session - 0
Action: Register MessagePool for User; Time: Tue May 01 12:24:44 CST 2007; Entities affected: User - 2, Session - 0
Action: Register MessagePool for User; Time: Tue May 01 12:24:44 CST 2007; Entities affected: User - 1, Session - 0
Action: Register MessagePool for User; Time: Tue May 01 12:24:44 CST 2007; Entities affected: User - 123, Session - 0
Action: Register MessagePool for User; Time: Tue May 01 12:24:44 CST 2007; Entities affected: User - 3, Session - 0
Action: Send PresenceMessage to Others; Time: Tue May 01 12:24:44 CST 2007; Entities affected: Session - 0
Action: Send EnterChatMessage to All Users; Time: Tue May 01 12:24:44 CST 2007; Entities affected: Session - 0
Action: Register MessagePool for User; Time: Tue May 01 12:24:44 CST 2007; Entities affected: User - 2, Session - 0
Action: Register MessagePool for User; Time: Tue May 01 12:24:44 CST 2007; Entities affected: User - 1, Session - 0
Action: Register MessagePool for User; Time: Tue May 01 12:24:44 CST 2007; Entities affected: User - 123, Session - 0
Action: Register MessagePool for User; Time: Tue May 01 12:24:44 CST 2007; Entities affected: User - 3, Session - 0
Action: Send PresenceMessage to Others; Time: Tue May 01 12:24:44 CST 2007; Entities affected: Session - 0
Action: Send EnterChatMessage to All Users; Time: Tue May 01 12:24:44 CST 2007; Entities affected: Session - 0
Action: Register MessagePool for User; Time: Tue May 01 12:24:44 CST 2007; Entities affected: User - 2, Session - 0
Action: Register MessagePool for User; Time: Tue May 01 12:24:44 CST 2007; Entities affected: User - 1, Session - 0
Action: Register MessagePool for User; Time: Tue May 01 12:24:44 CST 2007; Entities affected: User - 123, Session - 0
Action: Register MessagePool for User; Time: Tue May 01 12:24:44 CST 2007; Entities affected: User - 3, Session - 0
Action: Send PresenceMessage to Others; Time: Tue May 01 12:24:44 CST 2007; Entities affected: Session - 0
Action: Send EnterChatMessage to All Users; Time: Tue May 01 12:24:44 CST 2007; Entities affected: Session - 0
Action: Register MessagePool for User; Time: Tue May 01 12:24:44 CST 2007; Entities affected: User - 2, Session - 0
Action: Register MessagePool for User; Time: Tue May 01 12:24:44 CST 2007; Entities affected: User - 1, Session - 0
Action: Register MessagePool for User; Time: Tue May 01 12:24:44 CST 2007; Entities affected: User - 123, Session - 0
Action: Register MessagePool for User; Time: Tue May 01 12:24:44 CST 2007; Entities affected: User - 3, Session - 0
Action: Send PresenceMessage to Others; Time: Tue May 01 12:24:44 CST 2007; Entities affected: Session - 0
Action: Send EnterChatMessage to All Users; Time: Tue May 01 12:24:44 CST 2007; Entities affected: Session - 0
Action: Register MessagePool for User; Time: Tue May 01 12:24:44 CST 2007; Entities affected: User - 2, Session - 0
Action: Register MessagePool for User; Time: Tue May 01 12:24:44 CST 2007; Entities affected: User - 1, Session - 0
Action: Register MessagePool for User; Time: Tue May 01 12:24:44 CST 2007; Entities affected: User - 123, Session - 0
Action: Register MessagePool for User; Time: Tue May 01 12:24:44 CST 2007; Entities affected: User - 3, Session - 0
Action: Send PresenceMessage to Others; Time: Tue May 01 12:24:44 CST 2007; Entities affected: Session - 0
Action: Send EnterChatMessage to All Users; Time: Tue May 01 12:24:44 CST 2007; Entities affected: Session - 0
Action: Register MessagePool for User; Time: Tue May 01 12:24:44 CST 2007; Entities affected: User - 2, Session - 0
Action: Register MessagePool for User; Time: Tue May 01 12:24:44 CST 2007; Entities affected: User - 1, Session - 0
Action: Register MessagePool for User; Time: Tue May 01 12:24:44 CST 2007; Entities affected: User - 123, Session - 0
Action: Register MessagePool for User; Time: Tue May 01 12:24:44 CST 2007; Entities affected: User - 3, Session - 0
Action: Send PresenceMessage to Others; Time: Tue May 01 12:24:44 CST 2007; Entities affected: Session - 0
Action: Send EnterChatMessage to All Users; Time: Tue May 01 12:24:44 CST 2007; Entities affected: Session - 0
Action: Register MessagePool for User; Time: Tue May 01 12:24:44 CST 2007; Entities affected: User - 2, Session - 0
Action: Register MessagePool for User; Time: Tue May 01 12:24:44 CST 2007; Entities affected: User - 1, Session - 0
Action: Register MessagePool for User; Time: Tue May 01 12:24:44 CST 2007; Entities affected: User - 123, Session - 0
Action: Register MessagePool for User; Time: Tue May 01 12:24:44 CST 2007; Entities affected: User - 3, Session - 0
Action: Send PresenceMessage to Others; Time: Tue May 01 12:24:44 CST 2007; Entities affected: Session - 0
Action: Send EnterChatMessage to All Users; Time: Tue May 01 12:24:44 CST 2007; Entities affected: Session - 0
Action: Register MessagePool for User; Time: Tue May 01 12:24:44 CST 2007; Entities affected: User - 2, Session - 0
Action: Register MessagePool for User; Time: Tue May 01 12:24:44 CST 2007; Entities affected: User - 1, Session - 0
Action: Register MessagePool for User; Time: Tue May 01 12:24:44 CST 2007; Entities affected: User - 123, Session - 0
Action: Register MessagePool for User; Time: Tue May 01 12:24:44 CST 2007; Entities affected: User - 3, Session - 0
Action: Send PresenceMessage to Others; Time: Tue May 01 12:24:44 CST 2007; Entities affected: Session - 0
Action: Send EnterChatMessage to All Users; Time: Tue May 01 12:24:44 CST 2007; Entities affected: Session - 0
Action: Register MessagePool for User; Time: Tue May 01 12:24:44 CST 2007; Entities affected: User - 2, Session - 0
Action: Register MessagePool for User; Time: Tue May 01 12:24:44 CST 2007; Entities affected: User - 1, Session - 0
Action: Register MessagePool for User; Time: Tue May 01 12:24:44 CST 2007; Entities affected: User - 123, Session - 0
Action: Register MessagePool for User; Time: Tue May 01 12:24:44 CST 2007; Entities affected: User - 3, Session - 0
Action: Send PresenceMessage to Others; Time: Tue May 01 12:24:44 CST 2007; Entities affected: Session - 0
Action: Send EnterChatMessage to All Users; Time: Tue May 01 12:24:44 CST 2007; Entities affected: Session - 0
Action: Register MessagePool for User; Time: Tue May 01 12:24:44 CST 2007; Entities affected: User - 2, Session - 0
Action: Register MessagePool for User; Time: Tue May 01 12:24:44 CST 2007; Entities affected: User - 1, Session - 0
Action: Register MessagePool for User; Time: Tue May 01 12:24:44 CST 2007; Entities affected: User - 123, Session - 0
Action: Register MessagePool for User; Time: Tue May 01 12:24:44 CST 2007; Entities affected: User - 3, Session - 0
Action: Send PresenceMessage to Others; Time: Tue May 01 12:24:44 CST 2007; Entities affected: Session - 0
Action: Send EnterChatMessage to All Users; Time: Tue May 01 12:24:44 CST 2007; Entities affected: Session - 0
Action: Register MessagePool for User; Time: Tue May 01 12:24:44 CST 2007; Entities affected: User - 2, Session - 0
Action: Register MessagePool for User; Time: Tue May 01 12:24:44 CST 2007; Entities affected: User - 1, Session - 0
Action: Register MessagePool for User; Time: Tue May 01 12:24:44 CST 2007; Entities affected: User - 123, Session - 0
Action: Register MessagePool for User; Time: Tue May 01 12:24:44 CST 2007; Entities affected: User - 3, Session - 0
Action: Send PresenceMessage to Others; Time: Tue May 01 12:24:44 CST 2007; Entities affected: Session - 0
Action: Send EnterChatMessage to All Users; Time: Tue May 01 12:24:44 CST 2007; Entities affected: Session - 0
Action: Register MessagePool for User; Time: Tue May 01 12:24:44 CST 2007; Entities affected: User - 2, Session - 0
Action: Register MessagePool for User; Time: Tue May 01 12:24:44 CST 2007; Entities affected: User - 1, Session - 0
Action: Register MessagePool for User; Time: Tue May 01 12:24:44 CST 2007; Entities affected: User - 123, Session - 0
Action: Register MessagePool for User; Time: Tue May 01 12:24:44 CST 2007; Entities affected: User - 3, Session - 0
Action: Send PresenceMessage to Others; Time: Tue May 01 12:24:44 CST 2007; Entities affected: Session - 0
Action: Send EnterChatMessage to All Users; Time: Tue May 01 12:24:44 CST 2007; Entities affected: Session - 0
Action: Register MessagePool for User; Time: Tue May 01 12:24:44 CST 2007; Entities affected: User - 2, Session - 0
Action: Register MessagePool for User; Time: Tue May 01 12:24:44 CST 2007; Entities affected: User - 1, Session - 0
Action: Register MessagePool for User; Time: Tue May 01 12:24:44 CST 2007; Entities affected: User - 123, Session - 0
Action: Register MessagePool for User; Time: Tue May 01 12:24:44 CST 2007; Entities affected: User - 3, Session - 0
Action: Send PresenceMessage to Others; Time: Tue May 01 12:24:44 CST 2007; Entities affected: Session - 0
Action: Send EnterChatMessage to All Users; Time: Tue May 01 12:24:44 CST 2007; Entities affected: Session - 0
Action: Register MessagePool for User; Time: Tue May 01 12:24:44 CST 2007; Entities affected: User - 2, Session - 0
Action: Register MessagePool for User; Time: Tue May 01 12:24:44 CST 2007; Entities affected: User - 1, Session - 0
Action: Register MessagePool for User; Time: Tue May 01 12:24:44 CST 2007; Entities affected: User - 123, Session - 0
Action: Register MessagePool for User; Time: Tue May 01 12:24:44 CST 2007; Entities affected: User - 3, Session - 0
Action: Send PresenceMessage to Others; Time: Tue May 01 12:24:44 CST 2007; Entities affected: Session - 0
Action: Send EnterChatMessage to All Users; Time: Tue May 01 12:24:44 CST 2007; Entities affected: Session - 0
Action: Register MessagePool for User; Time: Tue May 01 12:24:44 CST 2007; Entities affected: User - 2, Session - 0
Action: Register MessagePool for User; Time: Tue May 01 12:24:44 CST 2007; Entities affected: User - 1, Session - 0
Action: Register MessagePool for User; Time: Tue May 01 12:24:44 CST 2007; Entities affected: User - 123, Session - 0
Action: Register MessagePool for User; Time: Tue May 01 12:24:44 CST 2007; Entities affected: User - 3, Session - 0
Action: Send PresenceMessage to Others; Time: Tue May 01 12:24:44 CST 2007; Entities affected: Session - 0
Action: Send EnterChatMessage to All Users; Time: Tue May 01 12:24:44 CST 2007; Entities affected: Session - 0
Action: Register MessagePool for User; Time: Tue May 01 12:24:44 CST 2007; Entities affected: User - 2, Session - 0
Action: Register MessagePool for User; Time: Tue May 01 12:24:44 CST 2007; Entities affected: User - 1, Session - 0
Action: Register MessagePool for User; Time: Tue May 01 12:24:44 CST 2007; Entities affected: User - 123, Session - 0
Action: Register MessagePool for User; Time: Tue May 01 12:24:44 CST 2007; Entities affected: User - 3, Session - 0
Action: Send PresenceMessage to Others; Time: Tue May 01 12:24:44 CST 2007; Entities affected: Session - 0
Action: Send EnterChatMessage to All Users; Time: Tue May 01 12:24:44 CST 2007; Entities affected: Session - 0
Action: Register MessagePool for User; Time: Tue May 01 12:24:44 CST 2007; Entities affected: User - 2, Session - 0
Action: Register MessagePool for User; Time: Tue May 01 12:24:44 CST 2007; Entities affected: User - 1, Session - 0
Action: Register MessagePool for User; Time: Tue May 01 12:24:44 CST 2007; Entities affected: User - 123, Session - 0
Action: Register MessagePool for User; Time: Tue May 01 12:24:44 CST 2007; Entities affected: User - 3, Session - 0
Action: Send PresenceMessage to Others; Time: Tue May 01 12:24:44 CST 2007; Entities affected: Session - 0
Action: Send EnterChatMessage to All Users; Time: Tue May 01 12:24:44 CST 2007; Entities affected: Session - 0
Action: Register MessagePool for User; Time: Tue May 01 12:24:44 CST 2007; Entities affected: User - 2, Session - 0
Action: Register MessagePool for User; Time: Tue May 01 12:24:44 CST 2007; Entities affected: User - 1, Session - 0
Action: Register MessagePool for User; Time: Tue May 01 12:24:44 CST 2007; Entities affected: User - 123, Session - 0
Action: Register MessagePool for User; Time: Tue May 01 12:24:44 CST 2007; Entities affected: User - 3, Session - 0
Action: Send PresenceMessage to Others; Time: Tue May 01 12:24:44 CST 2007; Entities affected: Session - 0
Action: Send EnterChatMessage to All Users; Time: Tue May 01 12:24:44 CST 2007; Entities affected: Session - 0
Action: Register MessagePool for User; Time: Tue May 01 12:24:44 CST 2007; Entities affected: User - 2, Session - 0
Action: Register MessagePool for User; Time: Tue May 01 12:24:44 CST 2007; Entities affected: User - 1, Session - 0
Action: Register MessagePool for User; Time: Tue May 01 12:24:44 CST 2007; Entities affected: User - 123, Session - 0
Action: Register MessagePool for User; Time: Tue May 01 12:24:44 CST 2007; Entities affected: User - 3, Session - 0
Action: Send PresenceMessage to Others; Time: Tue May 01 12:24:44 CST 2007; Entities affected: Session - 0
Action: Send EnterChatMessage to All Users; Time: Tue May 01 12:24:44 CST 2007; Entities affected: Session - 0
Action: Register MessagePool for User; Time: Tue May 01 12:24:44 CST 2007; Entities affected: User - 2, Session - 0
Action: Register MessagePool for User; Time: Tue May 01 12:24:44 CST 2007; Entities affected: User - 1, Session - 0
Action: Register MessagePool for User; Time: Tue May 01 12:24:44 CST 2007; Entities affected: User - 123, Session - 0
Action: Register MessagePool for User; Time: Tue May 01 12:24:44 CST 2007; Entities affected: User - 3, Session - 0
Action: Send PresenceMessage to Others; Time: Tue May 01 12:24:44 CST 2007; Entities affected: Session - 0
Action: Send EnterChatMessage to All Users; Time: Tue May 01 12:24:44 CST 2007; Entities affected: Session - 0
Action: Register MessagePool for User; Time: Tue May 01 12:24:44 CST 2007; Entities affected: User - 2, Session - 0
Action: Register MessagePool for User; Time: Tue May 01 12:24:44 CST 2007; Entities affected: User - 1, Session - 0
Action: Register MessagePool for User; Time: Tue May 01 12:24:44 CST 2007; Entities affected: User - 123, Session - 0
Action: Register MessagePool for User; Time: Tue May 01 12:24:44 CST 2007; Entities affected: User - 3, Session - 0
Action: Send PresenceMessage to Others; Time: Tue May 01 12:24:44 CST 2007; Entities affected: Session - 0
Action: Send EnterChatMessage to All Users; Time: Tue May 01 12:24:44 CST 2007; Entities affected: Session - 0
Action: Register MessagePool for User; Time: Tue May 01 12:24:44 CST 2007; Entities affected: User - 2, Session - 0
Action: Register MessagePool for User; Time: Tue May 01 12:24:44 CST 2007; Entities affected: User - 1, Session - 0
Action: Register MessagePool for User; Time: Tue May 01 12:24:44 CST 2007; Entities affected: User - 123, Session - 0
Action: Register MessagePool for User; Time: Tue May 01 12:24:44 CST 2007; Entities affected: User - 3, Session - 0
Action: Send PresenceMessage to Others; Time: Tue May 01 12:24:44 CST 2007; Entities affected: Session - 0
Action: Send EnterChatMessage to All Users; Time: Tue May 01 12:24:44 CST 2007; Entities affected: Session - 0
Action: Register MessagePool for User; Time: Tue May 01 12:24:44 CST 2007; Entities affected: User - 2, Session - 0
Action: Register MessagePool for User; Time: Tue May 01 12:24:44 CST 2007; Entities affected: User - 1, Session - 0
Action: Register MessagePool for User; Time: Tue May 01 12:24:44 CST 2007; Entities affected: User - 123, Session - 0
Action: Register MessagePool for User; Time: Tue May 01 12:24:44 CST 2007; Entities affected: User - 3, Session - 0
Action: Send PresenceMessage to Others; Time: Tue May 01 12:24:44 CST 2007; Entities affected: Session - 0
Action: Send EnterChatMessage to All Users; Time: Tue May 01 12:24:44 CST 2007; Entities affected: Session - 0
Action: Register MessagePool for User; Time: Tue May 01 12:24:44 CST 2007; Entities affected: User - 2, Session - 0
Action: Register MessagePool for User; Time: Tue May 01 12:24:44 CST 2007; Entities affected: User - 1, Session - 0
Action: Register MessagePool for User; Time: Tue May 01 12:24:44 CST 2007; Entities affected: User - 123, Session - 0
Action: Register MessagePool for User; Time: Tue May 01 12:24:44 CST 2007; Entities affected: User - 3, Session - 0
Action: Send PresenceMessage to Others; Time: Tue May 01 12:24:44 CST 2007; Entities affected: Session - 0
Action: Send EnterChatMessage to All Users; Time: Tue May 01 12:24:44 CST 2007; Entities affected: Session - 0
Action: Register MessagePool for User; Time: Tue May 01 12:24:44 CST 2007; Entities affected: User - 2, Session - 0
Action: Register MessagePool for User; Time: Tue May 01 12:24:44 CST 2007; Entities affected: User - 1, Session - 0
Action: Register MessagePool for User; Time: Tue May 01 12:24:44 CST 2007; Entities affected: User - 123, Session - 0
Action: Register MessagePool for User; Time: Tue May 01 12:24:44 CST 2007; Entities affected: User - 3, Session - 0
Action: Send PresenceMessage to Others; Time: Tue May 01 12:24:44 CST 2007; Entities affected: Session - 0
Action: Send EnterChatMessage to All Users; Time: Tue May 01 12:24:44 CST 2007; Entities affected: Session - 0
Action: Register MessagePool for User; Time: Tue May 01 12:24:44 CST 2007; Entities affected: User - 2, Session - 0
Action: Register MessagePool for User; Time: Tue May 01 12:24:44 CST 2007; Entities affected: User - 1, Session - 0
Action: Register MessagePool for User; Time: Tue May 01 12:24:44 CST 2007; Entities affected: User - 123, Session - 0
Action: Register MessagePool for User; Time: Tue May 01 12:24:44 CST 2007; Entities affected: User - 3, Session - 0
Action: Send PresenceMessage to Others; Time: Tue May 01 12:24:44 CST 2007; Entities affected: Session - 0
Action: Send EnterChatMessage to All Users; Time: Tue May 01 12:24:44 CST 2007; Entities affected: Session - 0
Action: Register MessagePool for User; Time: Tue May 01 12:24:44 CST 2007; Entities affected: User - 2, Session - 0
Action: Register MessagePool for User; Time: Tue May 01 12:24:44 CST 2007; Entities affected: User - 1, Session - 0
Action: Register MessagePool for User; Time: Tue May 01 12:24:44 CST 2007; Entities affected: User - 123, Session - 0
Action: Register MessagePool for User; Time: Tue May 01 12:24:44 CST 2007; Entities affected: User - 3, Session - 0
Action: Send PresenceMessage to Others; Time: Tue May 01 12:24:44 CST 2007; Entities affected: Session - 0
Action: Send EnterChatMessage to All Users; Time: Tue May 01 12:24:44 CST 2007; Entities affected: Session - 0
Action: Register MessagePool for User; Time: Tue May 01 12:24:44 CST 2007; Entities affected: User - 2, Session - 0
Action: Register MessagePool for User; Time: Tue May 01 12:24:44 CST 2007; Entities affected: User - 1, Session - 0
Action: Register MessagePool for User; Time: Tue May 01 12:24:44 CST 2007; Entities affected: User - 123, Session - 0
Action: Register MessagePool for User; Time: Tue May 01 12:24:44 CST 2007; Entities affected: User - 3, Session - 0
Action: Send PresenceMessage to Others; Time: Tue May 01 12:24:44 CST 2007; Entities affected: Session - 0
Action: Send EnterChatMessage to All Users; Time: Tue May 01 12:24:44 CST 2007; Entities affected: Session - 0
Action: Register MessagePool for User; Time: Tue May 01 12:24:44 CST 2007; Entities affected: User - 2, Session - 0
Action: Register MessagePool for User; Time: Tue May 01 12:24:44 CST 2007; Entities affected: User - 1, Session - 0
Action: Register MessagePool for User; Time: Tue May 01 12:24:44 CST 2007; Entities affected: User - 123, Session - 0
Action: Register MessagePool for User; Time: Tue May 01 12:24:44 CST 2007; Entities affected: User - 3, Session - 0
Action: Send PresenceMessage to Others; Time: Tue May 01 12:24:44 CST 2007; Entities affected: Session - 0
Action: Send EnterChatMessage to All Users; Time: Tue May 01 12:24:44 CST 2007; Entities affected: Session - 0
Action: Register MessagePool for User; Time: Tue May 01 12:24:44 CST 2007; Entities affected: User - 2, Session - 0
Action: Register MessagePool for User; Time: Tue May 01 12:24:44 CST 2007; Entities affected: User - 1, Session - 0
Action: Register MessagePool for User; Time: Tue May 01 12:24:44 CST 2007; Entities affected: User - 123, Session - 0
Action: Register MessagePool for User; Time: Tue May 01 12:24:44 CST 2007; Entities affected: User - 3, Session - 0
Action: Send PresenceMessage to Others; Time: Tue May 01 12:24:44 CST 2007; Entities affected: Session - 0
Action: Send EnterChatMessage to All Users; Time: Tue May 01 12:24:44 CST 2007; Entities affected: Session - 0
Action: Register MessagePool for User; Time: Tue May 01 12:24:44 CST 2007; Entities affected: User - 2, Session - 0
Action: Register MessagePool for User; Time: Tue May 01 12:24:44 CST 2007; Entities affected: User - 1, Session - 0
Action: Register MessagePool for User; Time: Tue May 01 12:24:44 CST 2007; Entities affected: User - 123, Session - 0
Action: Register MessagePool for User; Time: Tue May 01 12:24:44 CST 2007; Entities affected: User - 3, Session - 0
Action: Send PresenceMessage to Others; Time: Tue May 01 12:24:44 CST 2007; Entities affected: Session - 0
Action: Send EnterChatMessage to All Users; Time: Tue May 01 12:24:44 CST 2007; Entities affected: Session - 0
Action: Register MessagePool for User; Time: Tue May 01 12:24:44 CST 2007; Entities affected: User - 2, Session - 0
Action: Register MessagePool for User; Time: Tue May 01 12:24:44 CST 2007; Entities affected: User - 1, Session - 0
Action: Register MessagePool for User; Time: Tue May 01 12:24:44 CST 2007; Entities affected: User - 123, Session - 0
Action: Register MessagePool for User; Time: Tue May 01 12:24:44 CST 2007; Entities affected: User - 3, Session - 0
Action: Send PresenceMessage to Others; Time: Tue May 01 12:24:44 CST 2007; Entities affected: Session - 0
Action: Send EnterChatMessage to All Users; Time: Tue May 01 12:24:44 CST 2007; Entities affected: Session - 0
Action: Register MessagePool for User; Time: Tue May 01 12:24:44 CST 2007; Entities affected: User - 2, Session - 0
Action: Register MessagePool for User; Time: Tue May 01 12:24:44 CST 2007; Entities affected: User - 1, Session - 0
Action: Register MessagePool for User; Time: Tue May 01 12:24:44 CST 2007; Entities affected: User - 123, Session - 0
Action: Register MessagePool for User; Time: Tue May 01 12:24:44 CST 2007; Entities affected: User - 3, Session - 0
Action: Send PresenceMessage to Others; Time: Tue May 01 12:24:44 CST 2007; Entities affected: Session - 0
Action: Send EnterChatMessage to All Users; Time: Tue May 01 12:24:44 CST 2007; Entities affected: Session - 0
Action: Register MessagePool for User; Time: Tue May 01 12:24:44 CST 2007; Entities affected: User - 2, Session - 0
Action: Register MessagePool for User; Time: Tue May 01 12:24:44 CST 2007; Entities affected: User - 1, Session - 0
Action: Register MessagePool for User; Time: Tue May 01 12:24:44 CST 2007; Entities affected: User - 123, Session - 0
Action: Register MessagePool for User; Time: Tue May 01 12:24:44 CST 2007; Entities affected: User - 3, Session - 0
Action: Send PresenceMessage to Others; Time: Tue May 01 12:24:44 CST 2007; Entities affected: Session - 0
Action: Send EnterChatMessage to All Users; Time: Tue May 01 12:24:44 CST 2007; Entities affected: Session - 0
Action: Register MessagePool for User; Time: Tue May 01 12:24:44 CST 2007; Entities affected: User - 2, Session - 0
Action: Register MessagePool for User; Time: Tue May 01 12:24:44 CST 2007; Entities affected: User - 1, Session - 0
Action: Register MessagePool for User; Time: Tue May 01 12:24:44 CST 2007; Entities affected: User - 123, Session - 0
Action: Register MessagePool for User; Time: Tue May 01 12:24:44 CST 2007; Entities affected: User - 3, Session - 0
Action: Send PresenceMessage to Others; Time: Tue May 01 12:24:44 CST 2007; Entities affected: Session - 0
Action: Send EnterChatMessage to All Users; Time: Tue May 01 12:24:44 CST 2007; Entities affected: Session - 0
Action: Register MessagePool for User; Time: Tue May 01 12:24:44 CST 2007; Entities affected: User - 2, Session - 0
Action: Register MessagePool for User; Time: Tue May 01 12:24:44 CST 2007; Entities affected: User - 1, Session - 0
Action: Register MessagePool for User; Time: Tue May 01 12:24:44 CST 2007; Entities affected: User - 123, Session - 0
Action: Register MessagePool for User; Time: Tue May 01 12:24:44 CST 2007; Entities affected: User - 3, Session - 0
Action: Send PresenceMessage to Others; Time: Tue May 01 12:24:44 CST 2007; Entities affected: Session - 0
Action: Send EnterChatMessage to All Users; Time: Tue May 01 12:24:44 CST 2007; Entities affected: Session - 0
Action: Register MessagePool for User; Time: Tue May 01 12:24:44 CST 2007; Entities affected: User - 2, Session - 0
Action: Register MessagePool for User; Time: Tue May 01 12:24:44 CST 2007; Entities affected: User - 1, Session - 0
Action: Register MessagePool for User; Time: Tue May 01 12:24:44 CST 2007; Entities affected: User - 123, Session - 0
Action: Register MessagePool for User; Time: Tue May 01 12:24:44 CST 2007; Entities affected: User - 3, Session - 0
Action: Send PresenceMessage to Others; Time: Tue May 01 12:24:44 CST 2007; Entities affected: Session - 0
Action: Send EnterChatMessage to All Users; Time: Tue May 01 12:24:45 CST 2007; Entities affected: Session - 0
Action: Register MessagePool for User; Time: Tue May 01 12:24:45 CST 2007; Entities affected: User - 2, Session - 0
Action: Register MessagePool for User; Time: Tue May 01 12:24:45 CST 2007; Entities affected: User - 1, Session - 0
Action: Register MessagePool for User; Time: Tue May 01 12:24:45 CST 2007; Entities affected: User - 123, Session - 0
Action: Register MessagePool for User; Time: Tue May 01 12:24:45 CST 2007; Entities affected: User - 3, Session - 0
Action: Send PresenceMessage to Others; Time: Tue May 01 12:24:45 CST 2007; Entities affected: Session - 0
Action: Send EnterChatMessage to All Users; Time: Tue May 01 12:24:45 CST 2007; Entities affected: Session - 0
Action: Register MessagePool for User; Time: Tue May 01 12:24:45 CST 2007; Entities affected: User - 2, Session - 0
Action: Register MessagePool for User; Time: Tue May 01 12:24:45 CST 2007; Entities affected: User - 1, Session - 0
Action: Register MessagePool for User; Time: Tue May 01 12:24:45 CST 2007; Entities affected: User - 123, Session - 0
Action: Register MessagePool for User; Time: Tue May 01 12:24:45 CST 2007; Entities affected: User - 3, Session - 0
Action: Send PresenceMessage to Others; Time: Tue May 01 12:24:45 CST 2007; Entities affected: Session - 0
Action: Send EnterChatMessage to All Users; Time: Tue May 01 12:24:45 CST 2007; Entities affected: Session - 0
Action: Register MessagePool for User; Time: Tue May 01 12:24:45 CST 2007; Entities affected: User - 2, Session - 0
Action: Register MessagePool for User; Time: Tue May 01 12:24:45 CST 2007; Entities affected: User - 1, Session - 0
Action: Register MessagePool for User; Time: Tue May 01 12:24:45 CST 2007; Entities affected: User - 123, Session - 0
Action: Register MessagePool for User; Time: Tue May 01 12:24:45 CST 2007; Entities affected: User - 3, Session - 0
Action: Send PresenceMessage to Others; Time: Tue May 01 12:24:45 CST 2007; Entities affected: Session - 0
Action: Send EnterChatMessage to All Users; Time: Tue May 01 12:24:45 CST 2007; Entities affected: Session - 0
Action: Register MessagePool for User; Time: Tue May 01 12:24:45 CST 2007; Entities affected: User - 2, Session - 0
Action: Register MessagePool for User; Time: Tue May 01 12:24:45 CST 2007; Entities affected: User - 1, Session - 0
Action: Register MessagePool for User; Time: Tue May 01 12:24:45 CST 2007; Entities affected: User - 123, Session - 0
Action: Register MessagePool for User; Time: Tue May 01 12:24:45 CST 2007; Entities affected: User - 3, Session - 0
Action: Send PresenceMessage to Others; Time: Tue May 01 12:24:45 CST 2007; Entities affected: Session - 0
Action: Send EnterChatMessage to All Users; Time: Tue May 01 12:24:45 CST 2007; Entities affected: Session - 0
Action: Register MessagePool for User; Time: Tue May 01 12:24:45 CST 2007; Entities affected: User - 2, Session - 0
Action: Register MessagePool for User; Time: Tue May 01 12:24:45 CST 2007; Entities affected: User - 1, Session - 0
Action: Register MessagePool for User; Time: Tue May 01 12:24:45 CST 2007; Entities affected: User - 123, Session - 0
Action: Register MessagePool for User; Time: Tue May 01 12:24:45 CST 2007; Entities affected: User - 3, Session - 0
Action: Send PresenceMessage to Others; Time: Tue May 01 12:24:45 CST 2007; Entities affected: Session - 0
Action: Send EnterChatMessage to All Users; Time: Tue May 01 12:24:45 CST 2007; Entities affected: Session - 0
Action: Register MessagePool for User; Time: Tue May 01 12:24:45 CST 2007; Entities affected: User - 2, Session - 0
Action: Register MessagePool for User; Time: Tue May 01 12:24:45 CST 2007; Entities affected: User - 1, Session - 0
Action: Register MessagePool for User; Time: Tue May 01 12:24:45 CST 2007; Entities affected: User - 123, Session - 0
Action: Register MessagePool for User; Time: Tue May 01 12:24:45 CST 2007; Entities affected: User - 3, Session - 0
Action: Send PresenceMessage to Others; Time: Tue May 01 12:24:45 CST 2007; Entities affected: Session - 0
Action: Send EnterChatMessage to All Users; Time: Tue May 01 12:24:45 CST 2007; Entities affected: Session - 0
Action: Register MessagePool for User; Time: Tue May 01 12:24:45 CST 2007; Entities affected: User - 2, Session - 0
Action: Register MessagePool for User; Time: Tue May 01 12:24:45 CST 2007; Entities affected: User - 1, Session - 0
Action: Register MessagePool for User; Time: Tue May 01 12:24:45 CST 2007; Entities affected: User - 123, Session - 0
Action: Register MessagePool for User; Time: Tue May 01 12:24:45 CST 2007; Entities affected: User - 3, Session - 0
Action: Send PresenceMessage to Others; Time: Tue May 01 12:24:45 CST 2007; Entities affected: Session - 0
Action: Send EnterChatMessage to All Users; Time: Tue May 01 12:24:45 CST 2007; Entities affected: Session - 0
Action: Register MessagePool for User; Time: Tue May 01 12:24:45 CST 2007; Entities affected: User - 2, Session - 0
Action: Register MessagePool for User; Time: Tue May 01 12:24:45 CST 2007; Entities affected: User - 1, Session - 0
Action: Register MessagePool for User; Time: Tue May 01 12:24:45 CST 2007; Entities affected: User - 123, Session - 0
Action: Register MessagePool for User; Time: Tue May 01 12:24:45 CST 2007; Entities affected: User - 3, Session - 0
Action: Send PresenceMessage to Others; Time: Tue May 01 12:24:45 CST 2007; Entities affected: Session - 0
Action: Send EnterChatMessage to All Users; Time: Tue May 01 12:24:45 CST 2007; Entities affected: Session - 0
Action: Register MessagePool for User; Time: Tue May 01 12:24:45 CST 2007; Entities affected: User - 2, Session - 0
Action: Register MessagePool for User; Time: Tue May 01 12:24:45 CST 2007; Entities affected: User - 1, Session - 0
Action: Register MessagePool for User; Time: Tue May 01 12:24:45 CST 2007; Entities affected: User - 123, Session - 0
Action: Register MessagePool for User; Time: Tue May 01 12:24:45 CST 2007; Entities affected: User - 3, Session - 0
Action: Send PresenceMessage to Others; Time: Tue May 01 12:24:45 CST 2007; Entities affected: Session - 0
Action: Send EnterChatMessage to All Users; Time: Tue May 01 12:24:45 CST 2007; Entities affected: Session - 0
Action: Register MessagePool for User; Time: Tue May 01 12:24:45 CST 2007; Entities affected: User - 2, Session - 0
Action: Register MessagePool for User; Time: Tue May 01 12:24:45 CST 2007; Entities affected: User - 1, Session - 0
Action: Register MessagePool for User; Time: Tue May 01 12:24:45 CST 2007; Entities affected: User - 123, Session - 0
Action: Register MessagePool for User; Time: Tue May 01 12:24:45 CST 2007; Entities affected: User - 3, Session - 0
Action: Send PresenceMessage to Others; Time: Tue May 01 12:24:45 CST 2007; Entities affected: Session - 0
Action: Send EnterChatMessage to All Users; Time: Tue May 01 12:24:45 CST 2007; Entities affected: Session - 0
Action: Register MessagePool for User; Time: Tue May 01 12:24:45 CST 2007; Entities affected: User - 2, Session - 0
Action: Register MessagePool for User; Time: Tue May 01 12:24:45 CST 2007; Entities affected: User - 1, Session - 0
Action: Register MessagePool for User; Time: Tue May 01 12:24:45 CST 2007; Entities affected: User - 123, Session - 0
Action: Register MessagePool for User; Time: Tue May 01 12:24:45 CST 2007; Entities affected: User - 3, Session - 0
Action: Send PresenceMessage to Others; Time: Tue May 01 12:24:45 CST 2007; Entities affected: Session - 0
Action: Send EnterChatMessage to All Users; Time: Tue May 01 12:24:45 CST 2007; Entities affected: Session - 0
Action: Register MessagePool for User; Time: Tue May 01 12:24:45 CST 2007; Entities affected: User - 2, Session - 0
Action: Register MessagePool for User; Time: Tue May 01 12:24:45 CST 2007; Entities affected: User - 1, Session - 0
Action: Register MessagePool for User; Time: Tue May 01 12:24:45 CST 2007; Entities affected: User - 123, Session - 0
Action: Register MessagePool for User; Time: Tue May 01 12:24:45 CST 2007; Entities affected: User - 3, Session - 0
Action: Send PresenceMessage to Others; Time: Tue May 01 12:24:45 CST 2007; Entities affected: Session - 0
Action: Send EnterChatMessage to All Users; Time: Tue May 01 12:24:45 CST 2007; Entities affected: Session - 0
Action: Register MessagePool for User; Time: Tue May 01 12:24:45 CST 2007; Entities affected: User - 2, Session - 0
Action: Register MessagePool for User; Time: Tue May 01 12:24:45 CST 2007; Entities affected: User - 1, Session - 0
Action: Register MessagePool for User; Time: Tue May 01 12:24:45 CST 2007; Entities affected: User - 123, Session - 0
Action: Register MessagePool for User; Time: Tue May 01 12:24:45 CST 2007; Entities affected: User - 3, Session - 0
Action: Send PresenceMessage to Others; Time: Tue May 01 12:24:45 CST 2007; Entities affected: Session - 0
Action: Send EnterChatMessage to All Users; Time: Tue May 01 12:24:45 CST 2007; Entities affected: Session - 0
Action: Register MessagePool for User; Time: Tue May 01 12:24:45 CST 2007; Entities affected: User - 2, Session - 0
Action: Register MessagePool for User; Time: Tue May 01 12:24:45 CST 2007; Entities affected: User - 1, Session - 0
Action: Register MessagePool for User; Time: Tue May 01 12:24:45 CST 2007; Entities affected: User - 123, Session - 0
Action: Register MessagePool for User; Time: Tue May 01 12:24:45 CST 2007; Entities affected: User - 3, Session - 0
Action: Send PresenceMessage to Others; Time: Tue May 01 12:24:45 CST 2007; Entities affected: Session - 0
Action: Send EnterChatMessage to All Users; Time: Tue May 01 12:24:45 CST 2007; Entities affected: Session - 0
Action: Register MessagePool for User; Time: Tue May 01 12:24:45 CST 2007; Entities affected: User - 2, Session - 0
Action: Register MessagePool for User; Time: Tue May 01 12:24:45 CST 2007; Entities affected: User - 1, Session - 0
Action: Register MessagePool for User; Time: Tue May 01 12:24:45 CST 2007; Entities affected: User - 123, Session - 0
Action: Register MessagePool for User; Time: Tue May 01 12:24:45 CST 2007; Entities affected: User - 3, Session - 0
Action: Send PresenceMessage to Others; Time: Tue May 01 12:24:45 CST 2007; Entities affected: Session - 0
Action: Send EnterChatMessage to All Users; Time: Tue May 01 12:24:45 CST 2007; Entities affected: Session - 0
Action: Register MessagePool for User; Time: Tue May 01 12:24:45 CST 2007; Entities affected: User - 2, Session - 0
Action: Register MessagePool for User; Time: Tue May 01 12:24:45 CST 2007; Entities affected: User - 1, Session - 0
Action: Register MessagePool for User; Time: Tue May 01 12:24:45 CST 2007; Entities affected: User - 123, Session - 0
Action: Register MessagePool for User; Time: Tue May 01 12:24:45 CST 2007; Entities affected: User - 3, Session - 0
Action: Send PresenceMessage to Others; Time: Tue May 01 12:24:45 CST 2007; Entities affected: Session - 0
Action: Send EnterChatMessage to All Users; Time: Tue May 01 12:24:45 CST 2007; Entities affected: Session - 0
Action: Register MessagePool for User; Time: Tue May 01 12:24:45 CST 2007; Entities affected: User - 2, Session - 0
Action: Register MessagePool for User; Time: Tue May 01 12:24:45 CST 2007; Entities affected: User - 1, Session - 0
Action: Register MessagePool for User; Time: Tue May 01 12:24:45 CST 2007; Entities affected: User - 123, Session - 0
Action: Register MessagePool for User; Time: Tue May 01 12:24:45 CST 2007; Entities affected: User - 3, Session - 0
Action: Send PresenceMessage to Others; Time: Tue May 01 12:24:45 CST 2007; Entities affected: Session - 0
Action: Send EnterChatMessage to All Users; Time: Tue May 01 12:24:45 CST 2007; Entities affected: Session - 0
Action: Register MessagePool for User; Time: Tue May 01 12:24:45 CST 2007; Entities affected: User - 2, Session - 0
Action: Register MessagePool for User; Time: Tue May 01 12:24:45 CST 2007; Entities affected: User - 1, Session - 0
Action: Register MessagePool for User; Time: Tue May 01 12:24:45 CST 2007; Entities affected: User - 123, Session - 0
Action: Register MessagePool for User; Time: Tue May 01 12:24:45 CST 2007; Entities affected: User - 3, Session - 0
Action: Send PresenceMessage to Others; Time: Tue May 01 12:24:45 CST 2007; Entities affected: Session - 0
Action: Send EnterChatMessage to All Users; Time: Tue May 01 12:24:45 CST 2007; Entities affected: Session - 0
Action: Register MessagePool for User; Time: Tue May 01 12:24:45 CST 2007; Entities affected: User - 2, Session - 0
Action: Register MessagePool for User; Time: Tue May 01 12:24:45 CST 2007; Entities affected: User - 1, Session - 0
Action: Register MessagePool for User; Time: Tue May 01 12:24:45 CST 2007; Entities affected: User - 123, Session - 0
Action: Register MessagePool for User; Time: Tue May 01 12:24:45 CST 2007; Entities affected: User - 3, Session - 0
Action: Send PresenceMessage to Others; Time: Tue May 01 12:24:45 CST 2007; Entities affected: Session - 0
Action: Send EnterChatMessage to All Users; Time: Tue May 01 12:24:45 CST 2007; Entities affected: Session - 0
Action: Register MessagePool for User; Time: Tue May 01 12:24:45 CST 2007; Entities affected: User - 2, Session - 0
Action: Register MessagePool for User; Time: Tue May 01 12:24:45 CST 2007; Entities affected: User - 1, Session - 0
Action: Register MessagePool for User; Time: Tue May 01 12:24:45 CST 2007; Entities affected: User - 123, Session - 0
Action: Register MessagePool for User; Time: Tue May 01 12:24:45 CST 2007; Entities affected: User - 3, Session - 0
Action: Send PresenceMessage to Others; Time: Tue May 01 12:24:45 CST 2007; Entities affected: Session - 0
Action: Send EnterChatMessage to All Users; Time: Tue May 01 12:24:45 CST 2007; Entities affected: Session - 0
Action: Register MessagePool for User; Time: Tue May 01 12:24:45 CST 2007; Entities affected: User - 2, Session - 0
Action: Register MessagePool for User; Time: Tue May 01 12:24:45 CST 2007; Entities affected: User - 1, Session - 0
Action: Register MessagePool for User; Time: Tue May 01 12:24:45 CST 2007; Entities affected: User - 123, Session - 0
Action: Register MessagePool for User; Time: Tue May 01 12:24:45 CST 2007; Entities affected: User - 3, Session - 0
Action: Send PresenceMessage to Others; Time: Tue May 01 12:24:45 CST 2007; Entities affected: Session - 0
Action: Send EnterChatMessage to All Users; Time: Tue May 01 12:24:45 CST 2007; Entities affected: Session - 0
Action: Register MessagePool for User; Time: Tue May 01 12:24:45 CST 2007; Entities affected: User - 2, Session - 0
Action: Register MessagePool for User; Time: Tue May 01 12:24:45 CST 2007; Entities affected: User - 1, Session - 0
Action: Register MessagePool for User; Time: Tue May 01 12:24:45 CST 2007; Entities affected: User - 123, Session - 0
Action: Register MessagePool for User; Time: Tue May 01 12:24:45 CST 2007; Entities affected: User - 3, Session - 0
Action: Send PresenceMessage to Others; Time: Tue May 01 12:24:45 CST 2007; Entities affected: Session - 0
Action: Send EnterChatMessage to All Users; Time: Tue May 01 12:24:45 CST 2007; Entities affected: Session - 0
Action: Register MessagePool for User; Time: Tue May 01 12:24:45 CST 2007; Entities affected: User - 2, Session - 0
Action: Register MessagePool for User; Time: Tue May 01 12:24:45 CST 2007; Entities affected: User - 1, Session - 0
Action: Register MessagePool for User; Time: Tue May 01 12:24:45 CST 2007; Entities affected: User - 123, Session - 0
Action: Register MessagePool for User; Time: Tue May 01 12:24:45 CST 2007; Entities affected: User - 3, Session - 0
Action: Send PresenceMessage to Others; Time: Tue May 01 12:24:45 CST 2007; Entities affected: Session - 0
Action: Send EnterChatMessage to All Users; Time: Tue May 01 12:24:45 CST 2007; Entities affected: Session - 0
Action: Register MessagePool for User; Time: Tue May 01 12:24:45 CST 2007; Entities affected: User - 2, Session - 0
Action: Register MessagePool for User; Time: Tue May 01 12:24:45 CST 2007; Entities affected: User - 1, Session - 0
Action: Register MessagePool for User; Time: Tue May 01 12:24:45 CST 2007; Entities affected: User - 123, Session - 0
Action: Register MessagePool for User; Time: Tue May 01 12:24:45 CST 2007; Entities affected: User - 3, Session - 0
Action: Send PresenceMessage to Others; Time: Tue May 01 12:24:45 CST 2007; Entities affected: Session - 0
Action: Send EnterChatMessage to All Users; Time: Tue May 01 12:24:45 CST 2007; Entities affected: Session - 0
Action: Register MessagePool for User; Time: Tue May 01 12:24:45 CST 2007; Entities affected: User - 2, Session - 0
Action: Register MessagePool for User; Time: Tue May 01 12:24:45 CST 2007; Entities affected: User - 1, Session - 0
Action: Register MessagePool for User; Time: Tue May 01 12:24:45 CST 2007; Entities affected: User - 123, Session - 0
Action: Register MessagePool for User; Time: Tue May 01 12:24:45 CST 2007; Entities affected: User - 3, Session - 0
Action: Send PresenceMessage to Others; Time: Tue May 01 12:24:45 CST 2007; Entities affected: Session - 0
Action: Send EnterChatMessage to All Users; Time: Tue May 01 12:24:45 CST 2007; Entities affected: Session - 0
Action: Register MessagePool for User; Time: Tue May 01 12:24:45 CST 2007; Entities affected: User - 2, Session - 0
Action: Register MessagePool for User; Time: Tue May 01 12:24:45 CST 2007; Entities affected: User - 1, Session - 0
Action: Register MessagePool for User; Time: Tue May 01 12:24:45 CST 2007; Entities affected: User - 123, Session - 0
Action: Register MessagePool for User; Time: Tue May 01 12:24:45 CST 2007; Entities affected: User - 3, Session - 0
Action: Send PresenceMessage to Others; Time: Tue May 01 12:24:45 CST 2007; Entities affected: Session - 0
Action: Send EnterChatMessage to All Users; Time: Tue May 01 12:24:45 CST 2007; Entities affected: Session - 0
Action: Register MessagePool for User; Time: Tue May 01 12:24:45 CST 2007; Entities affected: User - 2, Session - 0
Action: Register MessagePool for User; Time: Tue May 01 12:24:45 CST 2007; Entities affected: User - 1, Session - 0
Action: Register MessagePool for User; Time: Tue May 01 12:24:45 CST 2007; Entities affected: User - 123, Session - 0
Action: Register MessagePool for User; Time: Tue May 01 12:24:45 CST 2007; Entities affected: User - 3, Session - 0
Action: Send PresenceMessage to Others; Time: Tue May 01 12:24:45 CST 2007; Entities affected: Session - 0
Action: Send EnterChatMessage to All Users; Time: Tue May 01 12:24:45 CST 2007; Entities affected: Session - 0
Action: Register MessagePool for User; Time: Tue May 01 12:24:45 CST 2007; Entities affected: User - 2, Session - 0
Action: Register MessagePool for User; Time: Tue May 01 12:24:45 CST 2007; Entities affected: User - 1, Session - 0
Action: Register MessagePool for User; Time: Tue May 01 12:24:45 CST 2007; Entities affected: User - 123, Session - 0
Action: Register MessagePool for User; Time: Tue May 01 12:24:45 CST 2007; Entities affected: User - 3, Session - 0
Action: Send PresenceMessage to Others; Time: Tue May 01 12:24:45 CST 2007; Entities affected: Session - 0
Action: Send EnterChatMessage to All Users; Time: Tue May 01 12:24:45 CST 2007; Entities affected: Session - 0
Action: Register MessagePool for User; Time: Tue May 01 12:24:45 CST 2007; Entities affected: User - 2, Session - 0
Action: Register MessagePool for User; Time: Tue May 01 12:24:45 CST 2007; Entities affected: User - 1, Session - 0
Action: Register MessagePool for User; Time: Tue May 01 12:24:45 CST 2007; Entities affected: User - 123, Session - 0
Action: Register MessagePool for User; Time: Tue May 01 12:24:45 CST 2007; Entities affected: User - 3, Session - 0
Action: Send PresenceMessage to Others; Time: Tue May 01 12:24:45 CST 2007; Entities affected: Session - 0
Action: Send EnterChatMessage to All Users; Time: Tue May 01 12:24:45 CST 2007; Entities affected: Session - 0
Action: Register MessagePool for User; Time: Tue May 01 12:24:45 CST 2007; Entities affected: User - 2, Session - 0
Action: Register MessagePool for User; Time: Tue May 01 12:24:45 CST 2007; Entities affected: User - 1, Session - 0
Action: Register MessagePool for User; Time: Tue May 01 12:24:45 CST 2007; Entities affected: User - 123, Session - 0
Action: Register MessagePool for User; Time: Tue May 01 12:24:45 CST 2007; Entities affected: User - 3, Session - 0
Action: Send PresenceMessage to Others; Time: Tue May 01 12:24:45 CST 2007; Entities affected: Session - 0
Action: Send EnterChatMessage to All Users; Time: Tue May 01 12:24:45 CST 2007; Entities affected: Session - 0
Action: Register MessagePool for User; Time: Tue May 01 12:24:45 CST 2007; Entities affected: User - 2, Session - 0
Action: Register MessagePool for User; Time: Tue May 01 12:24:45 CST 2007; Entities affected: User - 1, Session - 0
Action: Register MessagePool for User; Time: Tue May 01 12:24:45 CST 2007; Entities affected: User - 123, Session - 0
Action: Register MessagePool for User; Time: Tue May 01 12:24:45 CST 2007; Entities affected: User - 3, Session - 0
Action: Send PresenceMessage to Others; Time: Tue May 01 12:24:45 CST 2007; Entities affected: Session - 0
Action: Send EnterChatMessage to All Users; Time: Tue May 01 12:24:45 CST 2007; Entities affected: Session - 0
Action: Register MessagePool for User; Time: Tue May 01 12:24:45 CST 2007; Entities affected: User - 2, Session - 0
Action: Register MessagePool for User; Time: Tue May 01 12:24:45 CST 2007; Entities affected: User - 1, Session - 0
Action: Register MessagePool for User; Time: Tue May 01 12:24:45 CST 2007; Entities affected: User - 123, Session - 0
Action: Register MessagePool for User; Time: Tue May 01 12:24:45 CST 2007; Entities affected: User - 3, Session - 0
Action: Send PresenceMessage to Others; Time: Tue May 01 12:24:45 CST 2007; Entities affected: Session - 0
Action: Send EnterChatMessage to All Users; Time: Tue May 01 12:24:45 CST 2007; Entities affected: Session - 0
Action: Register MessagePool for User; Time: Tue May 01 12:24:45 CST 2007; Entities affected: User - 2, Session - 0
Action: Register MessagePool for User; Time: Tue May 01 12:24:45 CST 2007; Entities affected: User - 1, Session - 0
Action: Register MessagePool for User; Time: Tue May 01 12:24:45 CST 2007; Entities affected: User - 123, Session - 0
Action: Register MessagePool for User; Time: Tue May 01 12:24:45 CST 2007; Entities affected: User - 3, Session - 0
Action: Send PresenceMessage to Others; Time: Tue May 01 12:24:45 CST 2007; Entities affected: Session - 0
Action: Send EnterChatMessage to All Users; Time: Tue May 01 12:24:45 CST 2007; Entities affected: Session - 0
Action: Register MessagePool for User; Time: Tue May 01 12:24:45 CST 2007; Entities affected: User - 2, Session - 0
Action: Register MessagePool for User; Time: Tue May 01 12:24:45 CST 2007; Entities affected: User - 1, Session - 0
Action: Register MessagePool for User; Time: Tue May 01 12:24:45 CST 2007; Entities affected: User - 123, Session - 0
Action: Register MessagePool for User; Time: Tue May 01 12:24:45 CST 2007; Entities affected: User - 3, Session - 0
Action: Send PresenceMessage to Others; Time: Tue May 01 12:24:45 CST 2007; Entities affected: Session - 0
Action: Send EnterChatMessage to All Users; Time: Tue May 01 12:24:45 CST 2007; Entities affected: Session - 0
Action: Register MessagePool for User; Time: Tue May 01 12:24:45 CST 2007; Entities affected: User - 2, Session - 0
Action: Register MessagePool for User; Time: Tue May 01 12:24:45 CST 2007; Entities affected: User - 1, Session - 0
Action: Register MessagePool for User; Time: Tue May 01 12:24:45 CST 2007; Entities affected: User - 123, Session - 0
Action: Register MessagePool for User; Time: Tue May 01 12:24:45 CST 2007; Entities affected: User - 3, Session - 0
Action: Send PresenceMessage to Others; Time: Tue May 01 12:24:45 CST 2007; Entities affected: Session - 0
Action: Send EnterChatMessage to All Users; Time: Tue May 01 12:24:45 CST 2007; Entities affected: Session - 0
Action: Register MessagePool for User; Time: Tue May 01 12:24:45 CST 2007; Entities affected: User - 2, Session - 0
Action: Register MessagePool for User; Time: Tue May 01 12:24:45 CST 2007; Entities affected: User - 1, Session - 0
Action: Register MessagePool for User; Time: Tue May 01 12:24:45 CST 2007; Entities affected: User - 123, Session - 0
Action: Register MessagePool for User; Time: Tue May 01 12:24:45 CST 2007; Entities affected: User - 3, Session - 0
Action: Send PresenceMessage to Others; Time: Tue May 01 12:24:45 CST 2007; Entities affected: Session - 0
Action: Send EnterChatMessage to All Users; Time: Tue May 01 12:24:45 CST 2007; Entities affected: Session - 0
Action: Register MessagePool for User; Time: Tue May 01 12:24:45 CST 2007; Entities affected: User - 2, Session - 0
Action: Register MessagePool for User; Time: Tue May 01 12:24:45 CST 2007; Entities affected: User - 1, Session - 0
Action: Register MessagePool for User; Time: Tue May 01 12:24:45 CST 2007; Entities affected: User - 123, Session - 0
Action: Register MessagePool for User; Time: Tue May 01 12:24:45 CST 2007; Entities affected: User - 3, Session - 0
Action: Send PresenceMessage to Others; Time: Tue May 01 12:24:45 CST 2007; Entities affected: Session - 0
Action: Send EnterChatMessage to All Users; Time: Tue May 01 12:24:45 CST 2007; Entities affected: Session - 0
Action: Register MessagePool for User; Time: Tue May 01 12:24:45 CST 2007; Entities affected: User - 2, Session - 0
Action: Register MessagePool for User; Time: Tue May 01 12:24:45 CST 2007; Entities affected: User - 1, Session - 0
Action: Register MessagePool for User; Time: Tue May 01 12:24:45 CST 2007; Entities affected: User - 123, Session - 0
Action: Register MessagePool for User; Time: Tue May 01 12:24:45 CST 2007; Entities affected: User - 3, Session - 0
Action: Send PresenceMessage to Others; Time: Tue May 01 12:24:45 CST 2007; Entities affected: Session - 0
Action: Send EnterChatMessage to All Users; Time: Tue May 01 12:24:45 CST 2007; Entities affected: Session - 0
Action: Register MessagePool for User; Time: Tue May 01 12:24:45 CST 2007; Entities affected: User - 2, Session - 0
Action: Register MessagePool for User; Time: Tue May 01 12:24:45 CST 2007; Entities affected: User - 1, Session - 0
Action: Register MessagePool for User; Time: Tue May 01 12:24:45 CST 2007; Entities affected: User - 123, Session - 0
Action: Register MessagePool for User; Time: Tue May 01 12:24:45 CST 2007; Entities affected: User - 3, Session - 0
Action: Send PresenceMessage to Others; Time: Tue May 01 12:24:45 CST 2007; Entities affected: Session - 0
Executing testStatusChanged_CloseToOpen() 100 times takes 931ms
Action: Register MessagePool for User; Time: Tue May 01 12:24:45 CST 2007; Entities affected: User - 3, Session - 1
Action: Send PresenceMessage of this User to Others; Time: Tue May 01 12:24:45 CST 2007; Entities affected: User - 3, Session - 1
Action: Send PresenceMessage of Other Users to this User; Time: Tue May 01 12:24:45 CST 2007; Entities affected: User - 3, Session - 1
Action: Register MessagePool for User; Time: Tue May 01 12:24:45 CST 2007; Entities affected: User - 3, Session - 1
Action: Send PresenceMessage of this User to Others; Time: Tue May 01 12:24:45 CST 2007; Entities affected: User - 3, Session - 1
Action: Send PresenceMessage of Other Users to this User; Time: Tue May 01 12:24:45 CST 2007; Entities affected: User - 3, Session - 1
Action: Register MessagePool for User; Time: Tue May 01 12:24:45 CST 2007; Entities affected: User - 3, Session - 1
Action: Send PresenceMessage of this User to Others; Time: Tue May 01 12:24:45 CST 2007; Entities affected: User - 3, Session - 1
Action: Send PresenceMessage of Other Users to this User; Time: Tue May 01 12:24:45 CST 2007; Entities affected: User - 3, Session - 1
Action: Register MessagePool for User; Time: Tue May 01 12:24:45 CST 2007; Entities affected: User - 3, Session - 1
Action: Send PresenceMessage of this User to Others; Time: Tue May 01 12:24:45 CST 2007; Entities affected: User - 3, Session - 1
Action: Send PresenceMessage of Other Users to this User; Time: Tue May 01 12:24:45 CST 2007; Entities affected: User - 3, Session - 1
Action: Register MessagePool for User; Time: Tue May 01 12:24:45 CST 2007; Entities affected: User - 3, Session - 1
Action: Send PresenceMessage of this User to Others; Time: Tue May 01 12:24:45 CST 2007; Entities affected: User - 3, Session - 1
Action: Send PresenceMessage of Other Users to this User; Time: Tue May 01 12:24:45 CST 2007; Entities affected: User - 3, Session - 1
Action: Register MessagePool for User; Time: Tue May 01 12:24:45 CST 2007; Entities affected: User - 3, Session - 1
Action: Send PresenceMessage of this User to Others; Time: Tue May 01 12:24:45 CST 2007; Entities affected: User - 3, Session - 1
Action: Send PresenceMessage of Other Users to this User; Time: Tue May 01 12:24:45 CST 2007; Entities affected: User - 3, Session - 1
Action: Register MessagePool for User; Time: Tue May 01 12:24:45 CST 2007; Entities affected: User - 3, Session - 1
Action: Send PresenceMessage of this User to Others; Time: Tue May 01 12:24:45 CST 2007; Entities affected: User - 3, Session - 1
Action: Send PresenceMessage of Other Users to this User; Time: Tue May 01 12:24:45 CST 2007; Entities affected: User - 3, Session - 1
Action: Register MessagePool for User; Time: Tue May 01 12:24:45 CST 2007; Entities affected: User - 3, Session - 1
Action: Send PresenceMessage of this User to Others; Time: Tue May 01 12:24:45 CST 2007; Entities affected: User - 3, Session - 1
Action: Send PresenceMessage of Other Users to this User; Time: Tue May 01 12:24:45 CST 2007; Entities affected: User - 3, Session - 1
Action: Register MessagePool for User; Time: Tue May 01 12:24:45 CST 2007; Entities affected: User - 3, Session - 1
Action: Send PresenceMessage of this User to Others; Time: Tue May 01 12:24:45 CST 2007; Entities affected: User - 3, Session - 1
Action: Send PresenceMessage of Other Users to this User; Time: Tue May 01 12:24:45 CST 2007; Entities affected: User - 3, Session - 1
Action: Register MessagePool for User; Time: Tue May 01 12:24:45 CST 2007; Entities affected: User - 3, Session - 1
Action: Send PresenceMessage of this User to Others; Time: Tue May 01 12:24:45 CST 2007; Entities affected: User - 3, Session - 1
Action: Send PresenceMessage of Other Users to this User; Time: Tue May 01 12:24:45 CST 2007; Entities affected: User - 3, Session - 1
Action: Register MessagePool for User; Time: Tue May 01 12:24:45 CST 2007; Entities affected: User - 3, Session - 1
Action: Send PresenceMessage of this User to Others; Time: Tue May 01 12:24:45 CST 2007; Entities affected: User - 3, Session - 1
Action: Send PresenceMessage of Other Users to this User; Time: Tue May 01 12:24:45 CST 2007; Entities affected: User - 3, Session - 1
Action: Register MessagePool for User; Time: Tue May 01 12:24:45 CST 2007; Entities affected: User - 3, Session - 1
Action: Send PresenceMessage of this User to Others; Time: Tue May 01 12:24:45 CST 2007; Entities affected: User - 3, Session - 1
Action: Send PresenceMessage of Other Users to this User; Time: Tue May 01 12:24:45 CST 2007; Entities affected: User - 3, Session - 1
Action: Register MessagePool for User; Time: Tue May 01 12:24:45 CST 2007; Entities affected: User - 3, Session - 1
Action: Send PresenceMessage of this User to Others; Time: Tue May 01 12:24:45 CST 2007; Entities affected: User - 3, Session - 1
Action: Send PresenceMessage of Other Users to this User; Time: Tue May 01 12:24:45 CST 2007; Entities affected: User - 3, Session - 1
Action: Register MessagePool for User; Time: Tue May 01 12:24:45 CST 2007; Entities affected: User - 3, Session - 1
Action: Send PresenceMessage of this User to Others; Time: Tue May 01 12:24:45 CST 2007; Entities affected: User - 3, Session - 1
Action: Send PresenceMessage of Other Users to this User; Time: Tue May 01 12:24:45 CST 2007; Entities affected: User - 3, Session - 1
Action: Register MessagePool for User; Time: Tue May 01 12:24:45 CST 2007; Entities affected: User - 3, Session - 1
Action: Send PresenceMessage of this User to Others; Time: Tue May 01 12:24:45 CST 2007; Entities affected: User - 3, Session - 1
Action: Send PresenceMessage of Other Users to this User; Time: Tue May 01 12:24:45 CST 2007; Entities affected: User - 3, Session - 1
Action: Register MessagePool for User; Time: Tue May 01 12:24:45 CST 2007; Entities affected: User - 3, Session - 1
Action: Send PresenceMessage of this User to Others; Time: Tue May 01 12:24:45 CST 2007; Entities affected: User - 3, Session - 1
Action: Send PresenceMessage of Other Users to this User; Time: Tue May 01 12:24:45 CST 2007; Entities affected: User - 3, Session - 1
Action: Register MessagePool for User; Time: Tue May 01 12:24:45 CST 2007; Entities affected: User - 3, Session - 1
Action: Send PresenceMessage of this User to Others; Time: Tue May 01 12:24:45 CST 2007; Entities affected: User - 3, Session - 1
Action: Send PresenceMessage of Other Users to this User; Time: Tue May 01 12:24:45 CST 2007; Entities affected: User - 3, Session - 1
Action: Register MessagePool for User; Time: Tue May 01 12:24:45 CST 2007; Entities affected: User - 3, Session - 1
Action: Send PresenceMessage of this User to Others; Time: Tue May 01 12:24:45 CST 2007; Entities affected: User - 3, Session - 1
Action: Send PresenceMessage of Other Users to this User; Time: Tue May 01 12:24:45 CST 2007; Entities affected: User - 3, Session - 1
Action: Register MessagePool for User; Time: Tue May 01 12:24:45 CST 2007; Entities affected: User - 3, Session - 1
Action: Send PresenceMessage of this User to Others; Time: Tue May 01 12:24:45 CST 2007; Entities affected: User - 3, Session - 1
Action: Send PresenceMessage of Other Users to this User; Time: Tue May 01 12:24:45 CST 2007; Entities affected: User - 3, Session - 1
Action: Register MessagePool for User; Time: Tue May 01 12:24:45 CST 2007; Entities affected: User - 3, Session - 1
Action: Send PresenceMessage of this User to Others; Time: Tue May 01 12:24:45 CST 2007; Entities affected: User - 3, Session - 1
Action: Send PresenceMessage of Other Users to this User; Time: Tue May 01 12:24:45 CST 2007; Entities affected: User - 3, Session - 1
Action: Register MessagePool for User; Time: Tue May 01 12:24:45 CST 2007; Entities affected: User - 3, Session - 1
Action: Send PresenceMessage of this User to Others; Time: Tue May 01 12:24:45 CST 2007; Entities affected: User - 3, Session - 1
Action: Send PresenceMessage of Other Users to this User; Time: Tue May 01 12:24:45 CST 2007; Entities affected: User - 3, Session - 1
Action: Register MessagePool for User; Time: Tue May 01 12:24:45 CST 2007; Entities affected: User - 3, Session - 1
Action: Send PresenceMessage of this User to Others; Time: Tue May 01 12:24:45 CST 2007; Entities affected: User - 3, Session - 1
Action: Send PresenceMessage of Other Users to this User; Time: Tue May 01 12:24:45 CST 2007; Entities affected: User - 3, Session - 1
Action: Register MessagePool for User; Time: Tue May 01 12:24:45 CST 2007; Entities affected: User - 3, Session - 1
Action: Send PresenceMessage of this User to Others; Time: Tue May 01 12:24:45 CST 2007; Entities affected: User - 3, Session - 1
Action: Send PresenceMessage of Other Users to this User; Time: Tue May 01 12:24:45 CST 2007; Entities affected: User - 3, Session - 1
Action: Register MessagePool for User; Time: Tue May 01 12:24:45 CST 2007; Entities affected: User - 3, Session - 1
Action: Send PresenceMessage of this User to Others; Time: Tue May 01 12:24:45 CST 2007; Entities affected: User - 3, Session - 1
Action: Send PresenceMessage of Other Users to this User; Time: Tue May 01 12:24:45 CST 2007; Entities affected: User - 3, Session - 1
Action: Register MessagePool for User; Time: Tue May 01 12:24:45 CST 2007; Entities affected: User - 3, Session - 1
Action: Send PresenceMessage of this User to Others; Time: Tue May 01 12:24:45 CST 2007; Entities affected: User - 3, Session - 1
Action: Send PresenceMessage of Other Users to this User; Time: Tue May 01 12:24:45 CST 2007; Entities affected: User - 3, Session - 1
Action: Register MessagePool for User; Time: Tue May 01 12:24:45 CST 2007; Entities affected: User - 3, Session - 1
Action: Send PresenceMessage of this User to Others; Time: Tue May 01 12:24:45 CST 2007; Entities affected: User - 3, Session - 1
Action: Send PresenceMessage of Other Users to this User; Time: Tue May 01 12:24:45 CST 2007; Entities affected: User - 3, Session - 1
Action: Register MessagePool for User; Time: Tue May 01 12:24:45 CST 2007; Entities affected: User - 3, Session - 1
Action: Send PresenceMessage of this User to Others; Time: Tue May 01 12:24:45 CST 2007; Entities affected: User - 3, Session - 1
Action: Send PresenceMessage of Other Users to this User; Time: Tue May 01 12:24:45 CST 2007; Entities affected: User - 3, Session - 1
Action: Register MessagePool for User; Time: Tue May 01 12:24:45 CST 2007; Entities affected: User - 3, Session - 1
Action: Send PresenceMessage of this User to Others; Time: Tue May 01 12:24:45 CST 2007; Entities affected: User - 3, Session - 1
Action: Send PresenceMessage of Other Users to this User; Time: Tue May 01 12:24:45 CST 2007; Entities affected: User - 3, Session - 1
Action: Register MessagePool for User; Time: Tue May 01 12:24:45 CST 2007; Entities affected: User - 3, Session - 1
Action: Send PresenceMessage of this User to Others; Time: Tue May 01 12:24:45 CST 2007; Entities affected: User - 3, Session - 1
Action: Send PresenceMessage of Other Users to this User; Time: Tue May 01 12:24:45 CST 2007; Entities affected: User - 3, Session - 1
Action: Register MessagePool for User; Time: Tue May 01 12:24:45 CST 2007; Entities affected: User - 3, Session - 1
Action: Send PresenceMessage of this User to Others; Time: Tue May 01 12:24:45 CST 2007; Entities affected: User - 3, Session - 1
Action: Send PresenceMessage of Other Users to this User; Time: Tue May 01 12:24:45 CST 2007; Entities affected: User - 3, Session - 1
Action: Register MessagePool for User; Time: Tue May 01 12:24:45 CST 2007; Entities affected: User - 3, Session - 1
Action: Send PresenceMessage of this User to Others; Time: Tue May 01 12:24:45 CST 2007; Entities affected: User - 3, Session - 1
Action: Send PresenceMessage of Other Users to this User; Time: Tue May 01 12:24:45 CST 2007; Entities affected: User - 3, Session - 1
Action: Register MessagePool for User; Time: Tue May 01 12:24:45 CST 2007; Entities affected: User - 3, Session - 1
Action: Send PresenceMessage of this User to Others; Time: Tue May 01 12:24:45 CST 2007; Entities affected: User - 3, Session - 1
Action: Send PresenceMessage of Other Users to this User; Time: Tue May 01 12:24:45 CST 2007; Entities affected: User - 3, Session - 1
Action: Register MessagePool for User; Time: Tue May 01 12:24:45 CST 2007; Entities affected: User - 3, Session - 1
Action: Send PresenceMessage of this User to Others; Time: Tue May 01 12:24:45 CST 2007; Entities affected: User - 3, Session - 1
Action: Send PresenceMessage of Other Users to this User; Time: Tue May 01 12:24:45 CST 2007; Entities affected: User - 3, Session - 1
Action: Register MessagePool for User; Time: Tue May 01 12:24:45 CST 2007; Entities affected: User - 3, Session - 1
Action: Send PresenceMessage of this User to Others; Time: Tue May 01 12:24:45 CST 2007; Entities affected: User - 3, Session - 1
Action: Send PresenceMessage of Other Users to this User; Time: Tue May 01 12:24:45 CST 2007; Entities affected: User - 3, Session - 1
Action: Register MessagePool for User; Time: Tue May 01 12:24:45 CST 2007; Entities affected: User - 3, Session - 1
Action: Send PresenceMessage of this User to Others; Time: Tue May 01 12:24:45 CST 2007; Entities affected: User - 3, Session - 1
Action: Send PresenceMessage of Other Users to this User; Time: Tue May 01 12:24:45 CST 2007; Entities affected: User - 3, Session - 1
Action: Register MessagePool for User; Time: Tue May 01 12:24:45 CST 2007; Entities affected: User - 3, Session - 1
Action: Send PresenceMessage of this User to Others; Time: Tue May 01 12:24:45 CST 2007; Entities affected: User - 3, Session - 1
Action: Send PresenceMessage of Other Users to this User; Time: Tue May 01 12:24:45 CST 2007; Entities affected: User - 3, Session - 1
Action: Register MessagePool for User; Time: Tue May 01 12:24:45 CST 2007; Entities affected: User - 3, Session - 1
Action: Send PresenceMessage of this User to Others; Time: Tue May 01 12:24:45 CST 2007; Entities affected: User - 3, Session - 1
Action: Send PresenceMessage of Other Users to this User; Time: Tue May 01 12:24:45 CST 2007; Entities affected: User - 3, Session - 1
Action: Register MessagePool for User; Time: Tue May 01 12:24:45 CST 2007; Entities affected: User - 3, Session - 1
Action: Send PresenceMessage of this User to Others; Time: Tue May 01 12:24:45 CST 2007; Entities affected: User - 3, Session - 1
Action: Send PresenceMessage of Other Users to this User; Time: Tue May 01 12:24:45 CST 2007; Entities affected: User - 3, Session - 1
Action: Register MessagePool for User; Time: Tue May 01 12:24:45 CST 2007; Entities affected: User - 3, Session - 1
Action: Send PresenceMessage of this User to Others; Time: Tue May 01 12:24:45 CST 2007; Entities affected: User - 3, Session - 1
Action: Send PresenceMessage of Other Users to this User; Time: Tue May 01 12:24:45 CST 2007; Entities affected: User - 3, Session - 1
Action: Register MessagePool for User; Time: Tue May 01 12:24:45 CST 2007; Entities affected: User - 3, Session - 1
Action: Send PresenceMessage of this User to Others; Time: Tue May 01 12:24:45 CST 2007; Entities affected: User - 3, Session - 1
Action: Send PresenceMessage of Other Users to this User; Time: Tue May 01 12:24:45 CST 2007; Entities affected: User - 3, Session - 1
Action: Register MessagePool for User; Time: Tue May 01 12:24:45 CST 2007; Entities affected: User - 3, Session - 1
Action: Send PresenceMessage of this User to Others; Time: Tue May 01 12:24:45 CST 2007; Entities affected: User - 3, Session - 1
Action: Send PresenceMessage of Other Users to this User; Time: Tue May 01 12:24:45 CST 2007; Entities affected: User - 3, Session - 1
Action: Register MessagePool for User; Time: Tue May 01 12:24:45 CST 2007; Entities affected: User - 3, Session - 1
Action: Send PresenceMessage of this User to Others; Time: Tue May 01 12:24:45 CST 2007; Entities affected: User - 3, Session - 1
Action: Send PresenceMessage of Other Users to this User; Time: Tue May 01 12:24:45 CST 2007; Entities affected: User - 3, Session - 1
Action: Register MessagePool for User; Time: Tue May 01 12:24:45 CST 2007; Entities affected: User - 3, Session - 1
Action: Send PresenceMessage of this User to Others; Time: Tue May 01 12:24:45 CST 2007; Entities affected: User - 3, Session - 1
Action: Send PresenceMessage of Other Users to this User; Time: Tue May 01 12:24:45 CST 2007; Entities affected: User - 3, Session - 1
Action: Register MessagePool for User; Time: Tue May 01 12:24:45 CST 2007; Entities affected: User - 3, Session - 1
Action: Send PresenceMessage of this User to Others; Time: Tue May 01 12:24:45 CST 2007; Entities affected: User - 3, Session - 1
Action: Send PresenceMessage of Other Users to this User; Time: Tue May 01 12:24:45 CST 2007; Entities affected: User - 3, Session - 1
Action: Register MessagePool for User; Time: Tue May 01 12:24:45 CST 2007; Entities affected: User - 3, Session - 1
Action: Send PresenceMessage of this User to Others; Time: Tue May 01 12:24:45 CST 2007; Entities affected: User - 3, Session - 1
Action: Send PresenceMessage of Other Users to this User; Time: Tue May 01 12:24:45 CST 2007; Entities affected: User - 3, Session - 1
Action: Register MessagePool for User; Time: Tue May 01 12:24:45 CST 2007; Entities affected: User - 3, Session - 1
Action: Send PresenceMessage of this User to Others; Time: Tue May 01 12:24:45 CST 2007; Entities affected: User - 3, Session - 1
Action: Send PresenceMessage of Other Users to this User; Time: Tue May 01 12:24:46 CST 2007; Entities affected: User - 3, Session - 1
Action: Register MessagePool for User; Time: Tue May 01 12:24:46 CST 2007; Entities affected: User - 3, Session - 1
Action: Send PresenceMessage of this User to Others; Time: Tue May 01 12:24:46 CST 2007; Entities affected: User - 3, Session - 1
Action: Send PresenceMessage of Other Users to this User; Time: Tue May 01 12:24:46 CST 2007; Entities affected: User - 3, Session - 1
Action: Register MessagePool for User; Time: Tue May 01 12:24:46 CST 2007; Entities affected: User - 3, Session - 1
Action: Send PresenceMessage of this User to Others; Time: Tue May 01 12:24:46 CST 2007; Entities affected: User - 3, Session - 1
Action: Send PresenceMessage of Other Users to this User; Time: Tue May 01 12:24:46 CST 2007; Entities affected: User - 3, Session - 1
Action: Register MessagePool for User; Time: Tue May 01 12:24:46 CST 2007; Entities affected: User - 3, Session - 1
Action: Send PresenceMessage of this User to Others; Time: Tue May 01 12:24:46 CST 2007; Entities affected: User - 3, Session - 1
Action: Send PresenceMessage of Other Users to this User; Time: Tue May 01 12:24:46 CST 2007; Entities affected: User - 3, Session - 1
Action: Register MessagePool for User; Time: Tue May 01 12:24:46 CST 2007; Entities affected: User - 3, Session - 1
Action: Send PresenceMessage of this User to Others; Time: Tue May 01 12:24:46 CST 2007; Entities affected: User - 3, Session - 1
Action: Send PresenceMessage of Other Users to this User; Time: Tue May 01 12:24:46 CST 2007; Entities affected: User - 3, Session - 1
Action: Register MessagePool for User; Time: Tue May 01 12:24:46 CST 2007; Entities affected: User - 3, Session - 1
Action: Send PresenceMessage of this User to Others; Time: Tue May 01 12:24:46 CST 2007; Entities affected: User - 3, Session - 1
Action: Send PresenceMessage of Other Users to this User; Time: Tue May 01 12:24:46 CST 2007; Entities affected: User - 3, Session - 1
Action: Register MessagePool for User; Time: Tue May 01 12:24:46 CST 2007; Entities affected: User - 3, Session - 1
Action: Send PresenceMessage of this User to Others; Time: Tue May 01 12:24:46 CST 2007; Entities affected: User - 3, Session - 1
Action: Send PresenceMessage of Other Users to this User; Time: Tue May 01 12:24:46 CST 2007; Entities affected: User - 3, Session - 1
Action: Register MessagePool for User; Time: Tue May 01 12:24:46 CST 2007; Entities affected: User - 3, Session - 1
Action: Send PresenceMessage of this User to Others; Time: Tue May 01 12:24:46 CST 2007; Entities affected: User - 3, Session - 1
Action: Send PresenceMessage of Other Users to this User; Time: Tue May 01 12:24:46 CST 2007; Entities affected: User - 3, Session - 1
Action: Register MessagePool for User; Time: Tue May 01 12:24:46 CST 2007; Entities affected: User - 3, Session - 1
Action: Send PresenceMessage of this User to Others; Time: Tue May 01 12:24:46 CST 2007; Entities affected: User - 3, Session - 1
Action: Send PresenceMessage of Other Users to this User; Time: Tue May 01 12:24:46 CST 2007; Entities affected: User - 3, Session - 1
Action: Register MessagePool for User; Time: Tue May 01 12:24:46 CST 2007; Entities affected: User - 3, Session - 1
Action: Send PresenceMessage of this User to Others; Time: Tue May 01 12:24:46 CST 2007; Entities affected: User - 3, Session - 1
Action: Send PresenceMessage of Other Users to this User; Time: Tue May 01 12:24:46 CST 2007; Entities affected: User - 3, Session - 1
Action: Register MessagePool for User; Time: Tue May 01 12:24:46 CST 2007; Entities affected: User - 3, Session - 1
Action: Send PresenceMessage of this User to Others; Time: Tue May 01 12:24:46 CST 2007; Entities affected: User - 3, Session - 1
Action: Send PresenceMessage of Other Users to this User; Time: Tue May 01 12:24:46 CST 2007; Entities affected: User - 3, Session - 1
Action: Register MessagePool for User; Time: Tue May 01 12:24:46 CST 2007; Entities affected: User - 3, Session - 1
Action: Send PresenceMessage of this User to Others; Time: Tue May 01 12:24:46 CST 2007; Entities affected: User - 3, Session - 1
Action: Send PresenceMessage of Other Users to this User; Time: Tue May 01 12:24:46 CST 2007; Entities affected: User - 3, Session - 1
Action: Register MessagePool for User; Time: Tue May 01 12:24:46 CST 2007; Entities affected: User - 3, Session - 1
Action: Send PresenceMessage of this User to Others; Time: Tue May 01 12:24:46 CST 2007; Entities affected: User - 3, Session - 1
Action: Send PresenceMessage of Other Users to this User; Time: Tue May 01 12:24:46 CST 2007; Entities affected: User - 3, Session - 1
Action: Register MessagePool for User; Time: Tue May 01 12:24:46 CST 2007; Entities affected: User - 3, Session - 1
Action: Send PresenceMessage of this User to Others; Time: Tue May 01 12:24:46 CST 2007; Entities affected: User - 3, Session - 1
Action: Send PresenceMessage of Other Users to this User; Time: Tue May 01 12:24:46 CST 2007; Entities affected: User - 3, Session - 1
Action: Register MessagePool for User; Time: Tue May 01 12:24:46 CST 2007; Entities affected: User - 3, Session - 1
Action: Send PresenceMessage of this User to Others; Time: Tue May 01 12:24:46 CST 2007; Entities affected: User - 3, Session - 1
Action: Send PresenceMessage of Other Users to this User; Time: Tue May 01 12:24:46 CST 2007; Entities affected: User - 3, Session - 1
Action: Register MessagePool for User; Time: Tue May 01 12:24:46 CST 2007; Entities affected: User - 3, Session - 1
Action: Send PresenceMessage of this User to Others; Time: Tue May 01 12:24:46 CST 2007; Entities affected: User - 3, Session - 1
Action: Send PresenceMessage of Other Users to this User; Time: Tue May 01 12:24:46 CST 2007; Entities affected: User - 3, Session - 1
Action: Register MessagePool for User; Time: Tue May 01 12:24:46 CST 2007; Entities affected: User - 3, Session - 1
Action: Send PresenceMessage of this User to Others; Time: Tue May 01 12:24:46 CST 2007; Entities affected: User - 3, Session - 1
Action: Send PresenceMessage of Other Users to this User; Time: Tue May 01 12:24:46 CST 2007; Entities affected: User - 3, Session - 1
Action: Register MessagePool for User; Time: Tue May 01 12:24:46 CST 2007; Entities affected: User - 3, Session - 1
Action: Send PresenceMessage of this User to Others; Time: Tue May 01 12:24:46 CST 2007; Entities affected: User - 3, Session - 1
Action: Send PresenceMessage of Other Users to this User; Time: Tue May 01 12:24:46 CST 2007; Entities affected: User - 3, Session - 1
Action: Register MessagePool for User; Time: Tue May 01 12:24:46 CST 2007; Entities affected: User - 3, Session - 1
Action: Send PresenceMessage of this User to Others; Time: Tue May 01 12:24:46 CST 2007; Entities affected: User - 3, Session - 1
Action: Send PresenceMessage of Other Users to this User; Time: Tue May 01 12:24:46 CST 2007; Entities affected: User - 3, Session - 1
Action: Register MessagePool for User; Time: Tue May 01 12:24:46 CST 2007; Entities affected: User - 3, Session - 1
Action: Send PresenceMessage of this User to Others; Time: Tue May 01 12:24:46 CST 2007; Entities affected: User - 3, Session - 1
Action: Send PresenceMessage of Other Users to this User; Time: Tue May 01 12:24:46 CST 2007; Entities affected: User - 3, Session - 1
Action: Register MessagePool for User; Time: Tue May 01 12:24:46 CST 2007; Entities affected: User - 3, Session - 1
Action: Send PresenceMessage of this User to Others; Time: Tue May 01 12:24:46 CST 2007; Entities affected: User - 3, Session - 1
Action: Send PresenceMessage of Other Users to this User; Time: Tue May 01 12:24:46 CST 2007; Entities affected: User - 3, Session - 1
Action: Register MessagePool for User; Time: Tue May 01 12:24:46 CST 2007; Entities affected: User - 3, Session - 1
Action: Send PresenceMessage of this User to Others; Time: Tue May 01 12:24:46 CST 2007; Entities affected: User - 3, Session - 1
Action: Send PresenceMessage of Other Users to this User; Time: Tue May 01 12:24:46 CST 2007; Entities affected: User - 3, Session - 1
Action: Register MessagePool for User; Time: Tue May 01 12:24:46 CST 2007; Entities affected: User - 3, Session - 1
Action: Send PresenceMessage of this User to Others; Time: Tue May 01 12:24:46 CST 2007; Entities affected: User - 3, Session - 1
Action: Send PresenceMessage of Other Users to this User; Time: Tue May 01 12:24:46 CST 2007; Entities affected: User - 3, Session - 1
Action: Register MessagePool for User; Time: Tue May 01 12:24:46 CST 2007; Entities affected: User - 3, Session - 1
Action: Send PresenceMessage of this User to Others; Time: Tue May 01 12:24:46 CST 2007; Entities affected: User - 3, Session - 1
Action: Send PresenceMessage of Other Users to this User; Time: Tue May 01 12:24:46 CST 2007; Entities affected: User - 3, Session - 1
Action: Register MessagePool for User; Time: Tue May 01 12:24:46 CST 2007; Entities affected: User - 3, Session - 1
Action: Send PresenceMessage of this User to Others; Time: Tue May 01 12:24:46 CST 2007; Entities affected: User - 3, Session - 1
Action: Send PresenceMessage of Other Users to this User; Time: Tue May 01 12:24:46 CST 2007; Entities affected: User - 3, Session - 1
Action: Register MessagePool for User; Time: Tue May 01 12:24:46 CST 2007; Entities affected: User - 3, Session - 1
Action: Send PresenceMessage of this User to Others; Time: Tue May 01 12:24:46 CST 2007; Entities affected: User - 3, Session - 1
Action: Send PresenceMessage of Other Users to this User; Time: Tue May 01 12:24:46 CST 2007; Entities affected: User - 3, Session - 1
Action: Register MessagePool for User; Time: Tue May 01 12:24:46 CST 2007; Entities affected: User - 3, Session - 1
Action: Send PresenceMessage of this User to Others; Time: Tue May 01 12:24:46 CST 2007; Entities affected: User - 3, Session - 1
Action: Send PresenceMessage of Other Users to this User; Time: Tue May 01 12:24:46 CST 2007; Entities affected: User - 3, Session - 1
Action: Register MessagePool for User; Time: Tue May 01 12:24:46 CST 2007; Entities affected: User - 3, Session - 1
Action: Send PresenceMessage of this User to Others; Time: Tue May 01 12:24:46 CST 2007; Entities affected: User - 3, Session - 1
Action: Send PresenceMessage of Other Users to this User; Time: Tue May 01 12:24:46 CST 2007; Entities affected: User - 3, Session - 1
Action: Register MessagePool for User; Time: Tue May 01 12:24:46 CST 2007; Entities affected: User - 3, Session - 1
Action: Send PresenceMessage of this User to Others; Time: Tue May 01 12:24:46 CST 2007; Entities affected: User - 3, Session - 1
Action: Send PresenceMessage of Other Users to this User; Time: Tue May 01 12:24:46 CST 2007; Entities affected: User - 3, Session - 1
Action: Register MessagePool for User; Time: Tue May 01 12:24:46 CST 2007; Entities affected: User - 3, Session - 1
Action: Send PresenceMessage of this User to Others; Time: Tue May 01 12:24:46 CST 2007; Entities affected: User - 3, Session - 1
Action: Send PresenceMessage of Other Users to this User; Time: Tue May 01 12:24:46 CST 2007; Entities affected: User - 3, Session - 1
Action: Register MessagePool for User; Time: Tue May 01 12:24:46 CST 2007; Entities affected: User - 3, Session - 1
Action: Send PresenceMessage of this User to Others; Time: Tue May 01 12:24:46 CST 2007; Entities affected: User - 3, Session - 1
Action: Send PresenceMessage of Other Users to this User; Time: Tue May 01 12:24:46 CST 2007; Entities affected: User - 3, Session - 1
Action: Register MessagePool for User; Time: Tue May 01 12:24:46 CST 2007; Entities affected: User - 3, Session - 1
Action: Send PresenceMessage of this User to Others; Time: Tue May 01 12:24:46 CST 2007; Entities affected: User - 3, Session - 1
Action: Send PresenceMessage of Other Users to this User; Time: Tue May 01 12:24:46 CST 2007; Entities affected: User - 3, Session - 1
Action: Register MessagePool for User; Time: Tue May 01 12:24:46 CST 2007; Entities affected: User - 3, Session - 1
Action: Send PresenceMessage of this User to Others; Time: Tue May 01 12:24:46 CST 2007; Entities affected: User - 3, Session - 1
Action: Send PresenceMessage of Other Users to this User; Time: Tue May 01 12:24:46 CST 2007; Entities affected: User - 3, Session - 1
Action: Register MessagePool for User; Time: Tue May 01 12:24:46 CST 2007; Entities affected: User - 3, Session - 1
Action: Send PresenceMessage of this User to Others; Time: Tue May 01 12:24:46 CST 2007; Entities affected: User - 3, Session - 1
Action: Send PresenceMessage of Other Users to this User; Time: Tue May 01 12:24:46 CST 2007; Entities affected: User - 3, Session - 1
Action: Register MessagePool for User; Time: Tue May 01 12:24:46 CST 2007; Entities affected: User - 3, Session - 1
Action: Send PresenceMessage of this User to Others; Time: Tue May 01 12:24:46 CST 2007; Entities affected: User - 3, Session - 1
Action: Send PresenceMessage of Other Users to this User; Time: Tue May 01 12:24:46 CST 2007; Entities affected: User - 3, Session - 1
Action: Register MessagePool for User; Time: Tue May 01 12:24:46 CST 2007; Entities affected: User - 3, Session - 1
Action: Send PresenceMessage of this User to Others; Time: Tue May 01 12:24:46 CST 2007; Entities affected: User - 3, Session - 1
Action: Send PresenceMessage of Other Users to this User; Time: Tue May 01 12:24:46 CST 2007; Entities affected: User - 3, Session - 1
Action: Register MessagePool for User; Time: Tue May 01 12:24:46 CST 2007; Entities affected: User - 3, Session - 1
Action: Send PresenceMessage of this User to Others; Time: Tue May 01 12:24:46 CST 2007; Entities affected: User - 3, Session - 1
Action: Send PresenceMessage of Other Users to this User; Time: Tue May 01 12:24:46 CST 2007; Entities affected: User - 3, Session - 1
Action: Register MessagePool for User; Time: Tue May 01 12:24:46 CST 2007; Entities affected: User - 3, Session - 1
Action: Send PresenceMessage of this User to Others; Time: Tue May 01 12:24:46 CST 2007; Entities affected: User - 3, Session - 1
Action: Send PresenceMessage of Other Users to this User; Time: Tue May 01 12:24:46 CST 2007; Entities affected: User - 3, Session - 1
Action: Register MessagePool for User; Time: Tue May 01 12:24:46 CST 2007; Entities affected: User - 3, Session - 1
Action: Send PresenceMessage of this User to Others; Time: Tue May 01 12:24:46 CST 2007; Entities affected: User - 3, Session - 1
Action: Send PresenceMessage of Other Users to this User; Time: Tue May 01 12:24:46 CST 2007; Entities affected: User - 3, Session - 1
Action: Register MessagePool for User; Time: Tue May 01 12:24:46 CST 2007; Entities affected: User - 3, Session - 1
Action: Send PresenceMessage of this User to Others; Time: Tue May 01 12:24:46 CST 2007; Entities affected: User - 3, Session - 1
Action: Send PresenceMessage of Other Users to this User; Time: Tue May 01 12:24:46 CST 2007; Entities affected: User - 3, Session - 1
Action: Register MessagePool for User; Time: Tue May 01 12:24:46 CST 2007; Entities affected: User - 3, Session - 1
Action: Send PresenceMessage of this User to Others; Time: Tue May 01 12:24:46 CST 2007; Entities affected: User - 3, Session - 1
Action: Send PresenceMessage of Other Users to this User; Time: Tue May 01 12:24:46 CST 2007; Entities affected: User - 3, Session - 1
Action: Register MessagePool for User; Time: Tue May 01 12:24:46 CST 2007; Entities affected: User - 3, Session - 1
Action: Send PresenceMessage of this User to Others; Time: Tue May 01 12:24:46 CST 2007; Entities affected: User - 3, Session - 1
Action: Send PresenceMessage of Other Users to this User; Time: Tue May 01 12:24:46 CST 2007; Entities affected: User - 3, Session - 1
Action: Register MessagePool for User; Time: Tue May 01 12:24:46 CST 2007; Entities affected: User - 3, Session - 1
Action: Send PresenceMessage of this User to Others; Time: Tue May 01 12:24:46 CST 2007; Entities affected: User - 3, Session - 1
Action: Send PresenceMessage of Other Users to this User; Time: Tue May 01 12:24:46 CST 2007; Entities affected: User - 3, Session - 1
Action: Register MessagePool for User; Time: Tue May 01 12:24:46 CST 2007; Entities affected: User - 3, Session - 1
Action: Send PresenceMessage of this User to Others; Time: Tue May 01 12:24:46 CST 2007; Entities affected: User - 3, Session - 1
Action: Send PresenceMessage of Other Users to this User; Time: Tue May 01 12:24:46 CST 2007; Entities affected: User - 3, Session - 1
Action: Register MessagePool for User; Time: Tue May 01 12:24:46 CST 2007; Entities affected: User - 3, Session - 1
Action: Send PresenceMessage of this User to Others; Time: Tue May 01 12:24:46 CST 2007; Entities affected: User - 3, Session - 1
Action: Send PresenceMessage of Other Users to this User; Time: Tue May 01 12:24:46 CST 2007; Entities affected: User - 3, Session - 1
Action: Register MessagePool for User; Time: Tue May 01 12:24:46 CST 2007; Entities affected: User - 3, Session - 1
Action: Send PresenceMessage of this User to Others; Time: Tue May 01 12:24:46 CST 2007; Entities affected: User - 3, Session - 1
Action: Send PresenceMessage of Other Users to this User; Time: Tue May 01 12:24:46 CST 2007; Entities affected: User - 3, Session - 1
Action: Register MessagePool for User; Time: Tue May 01 12:24:46 CST 2007; Entities affected: User - 3, Session - 1
Action: Send PresenceMessage of this User to Others; Time: Tue May 01 12:24:46 CST 2007; Entities affected: User - 3, Session - 1
Action: Send PresenceMessage of Other Users to this User; Time: Tue May 01 12:24:46 CST 2007; Entities affected: User - 3, Session - 1
Action: Register MessagePool for User; Time: Tue May 01 12:24:46 CST 2007; Entities affected: User - 3, Session - 1
Action: Send PresenceMessage of this User to Others; Time: Tue May 01 12:24:46 CST 2007; Entities affected: User - 3, Session - 1
Action: Send PresenceMessage of Other Users to this User; Time: Tue May 01 12:24:46 CST 2007; Entities affected: User - 3, Session - 1
Action: Register MessagePool for User; Time: Tue May 01 12:24:46 CST 2007; Entities affected: User - 3, Session - 1
Action: Send PresenceMessage of this User to Others; Time: Tue May 01 12:24:46 CST 2007; Entities affected: User - 3, Session - 1
Action: Send PresenceMessage of Other Users to this User; Time: Tue May 01 12:24:46 CST 2007; Entities affected: User - 3, Session - 1
Action: Register MessagePool for User; Time: Tue May 01 12:24:46 CST 2007; Entities affected: User - 3, Session - 1
Action: Send PresenceMessage of this User to Others; Time: Tue May 01 12:24:46 CST 2007; Entities affected: User - 3, Session - 1
Action: Send PresenceMessage of Other Users to this User; Time: Tue May 01 12:24:46 CST 2007; Entities affected: User - 3, Session - 1
Action: Register MessagePool for User; Time: Tue May 01 12:24:46 CST 2007; Entities affected: User - 3, Session - 1
Action: Send PresenceMessage of this User to Others; Time: Tue May 01 12:24:46 CST 2007; Entities affected: User - 3, Session - 1
Action: Send PresenceMessage of Other Users to this User; Time: Tue May 01 12:24:46 CST 2007; Entities affected: User - 3, Session - 1
Action: Register MessagePool for User; Time: Tue May 01 12:24:46 CST 2007; Entities affected: User - 3, Session - 1
Action: Send PresenceMessage of this User to Others; Time: Tue May 01 12:24:46 CST 2007; Entities affected: User - 3, Session - 1
Action: Send PresenceMessage of Other Users to this User; Time: Tue May 01 12:24:46 CST 2007; Entities affected: User - 3, Session - 1
Action: Register MessagePool for User; Time: Tue May 01 12:24:46 CST 2007; Entities affected: User - 3, Session - 1
Action: Send PresenceMessage of this User to Others; Time: Tue May 01 12:24:46 CST 2007; Entities affected: User - 3, Session - 1
Action: Send PresenceMessage of Other Users to this User; Time: Tue May 01 12:24:46 CST 2007; Entities affected: User - 3, Session - 1
Action: Register MessagePool for User; Time: Tue May 01 12:24:46 CST 2007; Entities affected: User - 3, Session - 1
Action: Send PresenceMessage of this User to Others; Time: Tue May 01 12:24:46 CST 2007; Entities affected: User - 3, Session - 1
Action: Send PresenceMessage of Other Users to this User; Time: Tue May 01 12:24:46 CST 2007; Entities affected: User - 3, Session - 1
Action: Register MessagePool for User; Time: Tue May 01 12:24:46 CST 2007; Entities affected: User - 3, Session - 1
Action: Send PresenceMessage of this User to Others; Time: Tue May 01 12:24:46 CST 2007; Entities affected: User - 3, Session - 1
Action: Send PresenceMessage of Other Users to this User; Time: Tue May 01 12:24:46 CST 2007; Entities affected: User - 3, Session - 1
Executing testUserAdded() 100 times takes 1152ms
Action: Un-register MessagePool for User; Time: Tue May 01 12:24:46 CST 2007; Entities affected: User - 1, Session - 1
Action: Send Not-PresenceMessage of this User to Others; Time: Tue May 01 12:24:46 CST 2007; Entities affected: User - 1, Session - 1
Action: Un-register MessagePool for User; Time: Tue May 01 12:24:46 CST 2007; Entities affected: User - 1, Session - 1
Action: Send Not-PresenceMessage of this User to Others; Time: Tue May 01 12:24:46 CST 2007; Entities affected: User - 1, Session - 1
Action: Un-register MessagePool for User; Time: Tue May 01 12:24:46 CST 2007; Entities affected: User - 1, Session - 1
Action: Send Not-PresenceMessage of this User to Others; Time: Tue May 01 12:24:46 CST 2007; Entities affected: User - 1, Session - 1
Action: Un-register MessagePool for User; Time: Tue May 01 12:24:46 CST 2007; Entities affected: User - 1, Session - 1
Action: Send Not-PresenceMessage of this User to Others; Time: Tue May 01 12:24:46 CST 2007; Entities affected: User - 1, Session - 1
Action: Un-register MessagePool for User; Time: Tue May 01 12:24:46 CST 2007; Entities affected: User - 1, Session - 1
Action: Send Not-PresenceMessage of this User to Others; Time: Tue May 01 12:24:46 CST 2007; Entities affected: User - 1, Session - 1
Action: Un-register MessagePool for User; Time: Tue May 01 12:24:46 CST 2007; Entities affected: User - 1, Session - 1
Action: Send Not-PresenceMessage of this User to Others; Time: Tue May 01 12:24:46 CST 2007; Entities affected: User - 1, Session - 1
Action: Un-register MessagePool for User; Time: Tue May 01 12:24:46 CST 2007; Entities affected: User - 1, Session - 1
Action: Send Not-PresenceMessage of this User to Others; Time: Tue May 01 12:24:46 CST 2007; Entities affected: User - 1, Session - 1
Action: Un-register MessagePool for User; Time: Tue May 01 12:24:46 CST 2007; Entities affected: User - 1, Session - 1
Action: Send Not-PresenceMessage of this User to Others; Time: Tue May 01 12:24:46 CST 2007; Entities affected: User - 1, Session - 1
Action: Un-register MessagePool for User; Time: Tue May 01 12:24:46 CST 2007; Entities affected: User - 1, Session - 1
Action: Send Not-PresenceMessage of this User to Others; Time: Tue May 01 12:24:46 CST 2007; Entities affected: User - 1, Session - 1
Action: Un-register MessagePool for User; Time: Tue May 01 12:24:46 CST 2007; Entities affected: User - 1, Session - 1
Action: Send Not-PresenceMessage of this User to Others; Time: Tue May 01 12:24:46 CST 2007; Entities affected: User - 1, Session - 1
Action: Un-register MessagePool for User; Time: Tue May 01 12:24:46 CST 2007; Entities affected: User - 1, Session - 1
Action: Send Not-PresenceMessage of this User to Others; Time: Tue May 01 12:24:46 CST 2007; Entities affected: User - 1, Session - 1
Action: Un-register MessagePool for User; Time: Tue May 01 12:24:46 CST 2007; Entities affected: User - 1, Session - 1
Action: Send Not-PresenceMessage of this User to Others; Time: Tue May 01 12:24:46 CST 2007; Entities affected: User - 1, Session - 1
Action: Un-register MessagePool for User; Time: Tue May 01 12:24:46 CST 2007; Entities affected: User - 1, Session - 1
Action: Send Not-PresenceMessage of this User to Others; Time: Tue May 01 12:24:46 CST 2007; Entities affected: User - 1, Session - 1
Action: Un-register MessagePool for User; Time: Tue May 01 12:24:46 CST 2007; Entities affected: User - 1, Session - 1
Action: Send Not-PresenceMessage of this User to Others; Time: Tue May 01 12:24:46 CST 2007; Entities affected: User - 1, Session - 1
Action: Un-register MessagePool for User; Time: Tue May 01 12:24:46 CST 2007; Entities affected: User - 1, Session - 1
Action: Send Not-PresenceMessage of this User to Others; Time: Tue May 01 12:24:46 CST 2007; Entities affected: User - 1, Session - 1
Action: Un-register MessagePool for User; Time: Tue May 01 12:24:46 CST 2007; Entities affected: User - 1, Session - 1
Action: Send Not-PresenceMessage of this User to Others; Time: Tue May 01 12:24:46 CST 2007; Entities affected: User - 1, Session - 1
Action: Un-register MessagePool for User; Time: Tue May 01 12:24:46 CST 2007; Entities affected: User - 1, Session - 1
Action: Send Not-PresenceMessage of this User to Others; Time: Tue May 01 12:24:47 CST 2007; Entities affected: User - 1, Session - 1
Action: Un-register MessagePool for User; Time: Tue May 01 12:24:47 CST 2007; Entities affected: User - 1, Session - 1
Action: Send Not-PresenceMessage of this User to Others; Time: Tue May 01 12:24:47 CST 2007; Entities affected: User - 1, Session - 1
Action: Un-register MessagePool for User; Time: Tue May 01 12:24:47 CST 2007; Entities affected: User - 1, Session - 1
Action: Send Not-PresenceMessage of this User to Others; Time: Tue May 01 12:24:47 CST 2007; Entities affected: User - 1, Session - 1
Action: Un-register MessagePool for User; Time: Tue May 01 12:24:47 CST 2007; Entities affected: User - 1, Session - 1
Action: Send Not-PresenceMessage of this User to Others; Time: Tue May 01 12:24:47 CST 2007; Entities affected: User - 1, Session - 1
Action: Un-register MessagePool for User; Time: Tue May 01 12:24:47 CST 2007; Entities affected: User - 1, Session - 1
Action: Send Not-PresenceMessage of this User to Others; Time: Tue May 01 12:24:47 CST 2007; Entities affected: User - 1, Session - 1
Action: Un-register MessagePool for User; Time: Tue May 01 12:24:47 CST 2007; Entities affected: User - 1, Session - 1
Action: Send Not-PresenceMessage of this User to Others; Time: Tue May 01 12:24:47 CST 2007; Entities affected: User - 1, Session - 1
Action: Un-register MessagePool for User; Time: Tue May 01 12:24:47 CST 2007; Entities affected: User - 1, Session - 1
Action: Send Not-PresenceMessage of this User to Others; Time: Tue May 01 12:24:47 CST 2007; Entities affected: User - 1, Session - 1
Action: Un-register MessagePool for User; Time: Tue May 01 12:24:47 CST 2007; Entities affected: User - 1, Session - 1
Action: Send Not-PresenceMessage of this User to Others; Time: Tue May 01 12:24:47 CST 2007; Entities affected: User - 1, Session - 1
Action: Un-register MessagePool for User; Time: Tue May 01 12:24:47 CST 2007; Entities affected: User - 1, Session - 1
Action: Send Not-PresenceMessage of this User to Others; Time: Tue May 01 12:24:47 CST 2007; Entities affected: User - 1, Session - 1
Action: Un-register MessagePool for User; Time: Tue May 01 12:24:47 CST 2007; Entities affected: User - 1, Session - 1
Action: Send Not-PresenceMessage of this User to Others; Time: Tue May 01 12:24:47 CST 2007; Entities affected: User - 1, Session - 1
Action: Un-register MessagePool for User; Time: Tue May 01 12:24:47 CST 2007; Entities affected: User - 1, Session - 1
Action: Send Not-PresenceMessage of this User to Others; Time: Tue May 01 12:24:47 CST 2007; Entities affected: User - 1, Session - 1
Action: Un-register MessagePool for User; Time: Tue May 01 12:24:47 CST 2007; Entities affected: User - 1, Session - 1
Action: Send Not-PresenceMessage of this User to Others; Time: Tue May 01 12:24:47 CST 2007; Entities affected: User - 1, Session - 1
Action: Un-register MessagePool for User; Time: Tue May 01 12:24:47 CST 2007; Entities affected: User - 1, Session - 1
Action: Send Not-PresenceMessage of this User to Others; Time: Tue May 01 12:24:47 CST 2007; Entities affected: User - 1, Session - 1
Action: Un-register MessagePool for User; Time: Tue May 01 12:24:47 CST 2007; Entities affected: User - 1, Session - 1
Action: Send Not-PresenceMessage of this User to Others; Time: Tue May 01 12:24:47 CST 2007; Entities affected: User - 1, Session - 1
Action: Un-register MessagePool for User; Time: Tue May 01 12:24:47 CST 2007; Entities affected: User - 1, Session - 1
Action: Send Not-PresenceMessage of this User to Others; Time: Tue May 01 12:24:47 CST 2007; Entities affected: User - 1, Session - 1
Action: Un-register MessagePool for User; Time: Tue May 01 12:24:47 CST 2007; Entities affected: User - 1, Session - 1
Action: Send Not-PresenceMessage of this User to Others; Time: Tue May 01 12:24:47 CST 2007; Entities affected: User - 1, Session - 1
Action: Un-register MessagePool for User; Time: Tue May 01 12:24:47 CST 2007; Entities affected: User - 1, Session - 1
Action: Send Not-PresenceMessage of this User to Others; Time: Tue May 01 12:24:47 CST 2007; Entities affected: User - 1, Session - 1
Action: Un-register MessagePool for User; Time: Tue May 01 12:24:47 CST 2007; Entities affected: User - 1, Session - 1
Action: Send Not-PresenceMessage of this User to Others; Time: Tue May 01 12:24:47 CST 2007; Entities affected: User - 1, Session - 1
Action: Un-register MessagePool for User; Time: Tue May 01 12:24:47 CST 2007; Entities affected: User - 1, Session - 1
Action: Send Not-PresenceMessage of this User to Others; Time: Tue May 01 12:24:47 CST 2007; Entities affected: User - 1, Session - 1
Action: Un-register MessagePool for User; Time: Tue May 01 12:24:47 CST 2007; Entities affected: User - 1, Session - 1
Action: Send Not-PresenceMessage of this User to Others; Time: Tue May 01 12:24:47 CST 2007; Entities affected: User - 1, Session - 1
Action: Un-register MessagePool for User; Time: Tue May 01 12:24:47 CST 2007; Entities affected: User - 1, Session - 1
Action: Send Not-PresenceMessage of this User to Others; Time: Tue May 01 12:24:47 CST 2007; Entities affected: User - 1, Session - 1
Action: Un-register MessagePool for User; Time: Tue May 01 12:24:47 CST 2007; Entities affected: User - 1, Session - 1
Action: Send Not-PresenceMessage of this User to Others; Time: Tue May 01 12:24:47 CST 2007; Entities affected: User - 1, Session - 1
Action: Un-register MessagePool for User; Time: Tue May 01 12:24:47 CST 2007; Entities affected: User - 1, Session - 1
Action: Send Not-PresenceMessage of this User to Others; Time: Tue May 01 12:24:47 CST 2007; Entities affected: User - 1, Session - 1
Action: Un-register MessagePool for User; Time: Tue May 01 12:24:47 CST 2007; Entities affected: User - 1, Session - 1
Action: Send Not-PresenceMessage of this User to Others; Time: Tue May 01 12:24:47 CST 2007; Entities affected: User - 1, Session - 1
Action: Un-register MessagePool for User; Time: Tue May 01 12:24:47 CST 2007; Entities affected: User - 1, Session - 1
Action: Send Not-PresenceMessage of this User to Others; Time: Tue May 01 12:24:47 CST 2007; Entities affected: User - 1, Session - 1
Action: Un-register MessagePool for User; Time: Tue May 01 12:24:47 CST 2007; Entities affected: User - 1, Session - 1
Action: Send Not-PresenceMessage of this User to Others; Time: Tue May 01 12:24:47 CST 2007; Entities affected: User - 1, Session - 1
Action: Un-register MessagePool for User; Time: Tue May 01 12:24:47 CST 2007; Entities affected: User - 1, Session - 1
Action: Send Not-PresenceMessage of this User to Others; Time: Tue May 01 12:24:47 CST 2007; Entities affected: User - 1, Session - 1
Action: Un-register MessagePool for User; Time: Tue May 01 12:24:47 CST 2007; Entities affected: User - 1, Session - 1
Action: Send Not-PresenceMessage of this User to Others; Time: Tue May 01 12:24:47 CST 2007; Entities affected: User - 1, Session - 1
Action: Un-register MessagePool for User; Time: Tue May 01 12:24:47 CST 2007; Entities affected: User - 1, Session - 1
Action: Send Not-PresenceMessage of this User to Others; Time: Tue May 01 12:24:47 CST 2007; Entities affected: User - 1, Session - 1
Action: Un-register MessagePool for User; Time: Tue May 01 12:24:47 CST 2007; Entities affected: User - 1, Session - 1
Action: Send Not-PresenceMessage of this User to Others; Time: Tue May 01 12:24:47 CST 2007; Entities affected: User - 1, Session - 1
Action: Un-register MessagePool for User; Time: Tue May 01 12:24:47 CST 2007; Entities affected: User - 1, Session - 1
Action: Send Not-PresenceMessage of this User to Others; Time: Tue May 01 12:24:47 CST 2007; Entities affected: User - 1, Session - 1
Action: Un-register MessagePool for User; Time: Tue May 01 12:24:47 CST 2007; Entities affected: User - 1, Session - 1
Action: Send Not-PresenceMessage of this User to Others; Time: Tue May 01 12:24:47 CST 2007; Entities affected: User - 1, Session - 1
Action: Un-register MessagePool for User; Time: Tue May 01 12:24:47 CST 2007; Entities affected: User - 1, Session - 1
Action: Send Not-PresenceMessage of this User to Others; Time: Tue May 01 12:24:47 CST 2007; Entities affected: User - 1, Session - 1
Action: Un-register MessagePool for User; Time: Tue May 01 12:24:47 CST 2007; Entities affected: User - 1, Session - 1
Action: Send Not-PresenceMessage of this User to Others; Time: Tue May 01 12:24:47 CST 2007; Entities affected: User - 1, Session - 1
Action: Un-register MessagePool for User; Time: Tue May 01 12:24:47 CST 2007; Entities affected: User - 1, Session - 1
Action: Send Not-PresenceMessage of this User to Others; Time: Tue May 01 12:24:47 CST 2007; Entities affected: User - 1, Session - 1
Action: Un-register MessagePool for User; Time: Tue May 01 12:24:47 CST 2007; Entities affected: User - 1, Session - 1
Action: Send Not-PresenceMessage of this User to Others; Time: Tue May 01 12:24:47 CST 2007; Entities affected: User - 1, Session - 1
Action: Un-register MessagePool for User; Time: Tue May 01 12:24:47 CST 2007; Entities affected: User - 1, Session - 1
Action: Send Not-PresenceMessage of this User to Others; Time: Tue May 01 12:24:47 CST 2007; Entities affected: User - 1, Session - 1
Action: Un-register MessagePool for User; Time: Tue May 01 12:24:47 CST 2007; Entities affected: User - 1, Session - 1
Action: Send Not-PresenceMessage of this User to Others; Time: Tue May 01 12:24:47 CST 2007; Entities affected: User - 1, Session - 1
Action: Un-register MessagePool for User; Time: Tue May 01 12:24:47 CST 2007; Entities affected: User - 1, Session - 1
Action: Send Not-PresenceMessage of this User to Others; Time: Tue May 01 12:24:47 CST 2007; Entities affected: User - 1, Session - 1
Action: Un-register MessagePool for User; Time: Tue May 01 12:24:47 CST 2007; Entities affected: User - 1, Session - 1
Action: Send Not-PresenceMessage of this User to Others; Time: Tue May 01 12:24:47 CST 2007; Entities affected: User - 1, Session - 1
Action: Un-register MessagePool for User; Time: Tue May 01 12:24:47 CST 2007; Entities affected: User - 1, Session - 1
Action: Send Not-PresenceMessage of this User to Others; Time: Tue May 01 12:24:47 CST 2007; Entities affected: User - 1, Session - 1
Action: Un-register MessagePool for User; Time: Tue May 01 12:24:47 CST 2007; Entities affected: User - 1, Session - 1
Action: Send Not-PresenceMessage of this User to Others; Time: Tue May 01 12:24:47 CST 2007; Entities affected: User - 1, Session - 1
Action: Un-register MessagePool for User; Time: Tue May 01 12:24:47 CST 2007; Entities affected: User - 1, Session - 1
Action: Send Not-PresenceMessage of this User to Others; Time: Tue May 01 12:24:47 CST 2007; Entities affected: User - 1, Session - 1
Action: Un-register MessagePool for User; Time: Tue May 01 12:24:47 CST 2007; Entities affected: User - 1, Session - 1
Action: Send Not-PresenceMessage of this User to Others; Time: Tue May 01 12:24:47 CST 2007; Entities affected: User - 1, Session - 1
Action: Un-register MessagePool for User; Time: Tue May 01 12:24:47 CST 2007; Entities affected: User - 1, Session - 1
Action: Send Not-PresenceMessage of this User to Others; Time: Tue May 01 12:24:47 CST 2007; Entities affected: User - 1, Session - 1
Action: Un-register MessagePool for User; Time: Tue May 01 12:24:47 CST 2007; Entities affected: User - 1, Session - 1
Action: Send Not-PresenceMessage of this User to Others; Time: Tue May 01 12:24:47 CST 2007; Entities affected: User - 1, Session - 1
Action: Un-register MessagePool for User; Time: Tue May 01 12:24:47 CST 2007; Entities affected: User - 1, Session - 1
Action: Send Not-PresenceMessage of this User to Others; Time: Tue May 01 12:24:47 CST 2007; Entities affected: User - 1, Session - 1
Action: Un-register MessagePool for User; Time: Tue May 01 12:24:47 CST 2007; Entities affected: User - 1, Session - 1
Action: Send Not-PresenceMessage of this User to Others; Time: Tue May 01 12:24:47 CST 2007; Entities affected: User - 1, Session - 1
Action: Un-register MessagePool for User; Time: Tue May 01 12:24:47 CST 2007; Entities affected: User - 1, Session - 1
Action: Send Not-PresenceMessage of this User to Others; Time: Tue May 01 12:24:47 CST 2007; Entities affected: User - 1, Session - 1
Action: Un-register MessagePool for User; Time: Tue May 01 12:24:47 CST 2007; Entities affected: User - 1, Session - 1
Action: Send Not-PresenceMessage of this User to Others; Time: Tue May 01 12:24:47 CST 2007; Entities affected: User - 1, Session - 1
Action: Un-register MessagePool for User; Time: Tue May 01 12:24:47 CST 2007; Entities affected: User - 1, Session - 1
Action: Send Not-PresenceMessage of this User to Others; Time: Tue May 01 12:24:47 CST 2007; Entities affected: User - 1, Session - 1
Action: Un-register MessagePool for User; Time: Tue May 01 12:24:47 CST 2007; Entities affected: User - 1, Session - 1
Action: Send Not-PresenceMessage of this User to Others; Time: Tue May 01 12:24:47 CST 2007; Entities affected: User - 1, Session - 1
Action: Un-register MessagePool for User; Time: Tue May 01 12:24:47 CST 2007; Entities affected: User - 1, Session - 1
Action: Send Not-PresenceMessage of this User to Others; Time: Tue May 01 12:24:47 CST 2007; Entities affected: User - 1, Session - 1
Action: Un-register MessagePool for User; Time: Tue May 01 12:24:47 CST 2007; Entities affected: User - 1, Session - 1
Action: Send Not-PresenceMessage of this User to Others; Time: Tue May 01 12:24:47 CST 2007; Entities affected: User - 1, Session - 1
Action: Un-register MessagePool for User; Time: Tue May 01 12:24:47 CST 2007; Entities affected: User - 1, Session - 1
Action: Send Not-PresenceMessage of this User to Others; Time: Tue May 01 12:24:47 CST 2007; Entities affected: User - 1, Session - 1
Action: Un-register MessagePool for User; Time: Tue May 01 12:24:47 CST 2007; Entities affected: User - 1, Session - 1
Action: Send Not-PresenceMessage of this User to Others; Time: Tue May 01 12:24:47 CST 2007; Entities affected: User - 1, Session - 1
Action: Un-register MessagePool for User; Time: Tue May 01 12:24:47 CST 2007; Entities affected: User - 1, Session - 1
Action: Send Not-PresenceMessage of this User to Others; Time: Tue May 01 12:24:47 CST 2007; Entities affected: User - 1, Session - 1
Action: Un-register MessagePool for User; Time: Tue May 01 12:24:47 CST 2007; Entities affected: User - 1, Session - 1
Action: Send Not-PresenceMessage of this User to Others; Time: Tue May 01 12:24:47 CST 2007; Entities affected: User - 1, Session - 1
Action: Un-register MessagePool for User; Time: Tue May 01 12:24:47 CST 2007; Entities affected: User - 1, Session - 1
Action: Send Not-PresenceMessage of this User to Others; Time: Tue May 01 12:24:47 CST 2007; Entities affected: User - 1, Session - 1
Action: Un-register MessagePool for User; Time: Tue May 01 12:24:47 CST 2007; Entities affected: User - 1, Session - 1
Action: Send Not-PresenceMessage of this User to Others; Time: Tue May 01 12:24:47 CST 2007; Entities affected: User - 1, Session - 1
Action: Un-register MessagePool for User; Time: Tue May 01 12:24:47 CST 2007; Entities affected: User - 1, Session - 1
Action: Send Not-PresenceMessage of this User to Others; Time: Tue May 01 12:24:47 CST 2007; Entities affected: User - 1, Session - 1
Action: Un-register MessagePool for User; Time: Tue May 01 12:24:47 CST 2007; Entities affected: User - 1, Session - 1
Action: Send Not-PresenceMessage of this User to Others; Time: Tue May 01 12:24:47 CST 2007; Entities affected: User - 1, Session - 1
Action: Un-register MessagePool for User; Time: Tue May 01 12:24:47 CST 2007; Entities affected: User - 1, Session - 1
Action: Send Not-PresenceMessage of this User to Others; Time: Tue May 01 12:24:47 CST 2007; Entities affected: User - 1, Session - 1
Action: Un-register MessagePool for User; Time: Tue May 01 12:24:47 CST 2007; Entities affected: User - 1, Session - 1
Action: Send Not-PresenceMessage of this User to Others; Time: Tue May 01 12:24:47 CST 2007; Entities affected: User - 1, Session - 1
Action: Un-register MessagePool for User; Time: Tue May 01 12:24:47 CST 2007; Entities affected: User - 1, Session - 1
Action: Send Not-PresenceMessage of this User to Others; Time: Tue May 01 12:24:47 CST 2007; Entities affected: User - 1, Session - 1
Action: Un-register MessagePool for User; Time: Tue May 01 12:24:47 CST 2007; Entities affected: User - 1, Session - 1
Action: Send Not-PresenceMessage of this User to Others; Time: Tue May 01 12:24:47 CST 2007; Entities affected: User - 1, Session - 1
Action: Un-register MessagePool for User; Time: Tue May 01 12:24:47 CST 2007; Entities affected: User - 1, Session - 1
Action: Send Not-PresenceMessage of this User to Others; Time: Tue May 01 12:24:47 CST 2007; Entities affected: User - 1, Session - 1
Action: Un-register MessagePool for User; Time: Tue May 01 12:24:47 CST 2007; Entities affected: User - 1, Session - 1
Action: Send Not-PresenceMessage of this User to Others; Time: Tue May 01 12:24:47 CST 2007; Entities affected: User - 1, Session - 1
Action: Un-register MessagePool for User; Time: Tue May 01 12:24:47 CST 2007; Entities affected: User - 1, Session - 1
Action: Send Not-PresenceMessage of this User to Others; Time: Tue May 01 12:24:47 CST 2007; Entities affected: User - 1, Session - 1
Action: Un-register MessagePool for User; Time: Tue May 01 12:24:47 CST 2007; Entities affected: User - 1, Session - 1
Action: Send Not-PresenceMessage of this User to Others; Time: Tue May 01 12:24:47 CST 2007; Entities affected: User - 1, Session - 1
Action: Un-register MessagePool for User; Time: Tue May 01 12:24:47 CST 2007; Entities affected: User - 1, Session - 1
Action: Send Not-PresenceMessage of this User to Others; Time: Tue May 01 12:24:47 CST 2007; Entities affected: User - 1, Session - 1
Action: Un-register MessagePool for User; Time: Tue May 01 12:24:47 CST 2007; Entities affected: User - 1, Session - 1
Action: Send Not-PresenceMessage of this User to Others; Time: Tue May 01 12:24:47 CST 2007; Entities affected: User - 1, Session - 1
Action: Un-register MessagePool for User; Time: Tue May 01 12:24:47 CST 2007; Entities affected: User - 1, Session - 1
Action: Send Not-PresenceMessage of this User to Others; Time: Tue May 01 12:24:47 CST 2007; Entities affected: User - 1, Session - 1
Action: Un-register MessagePool for User; Time: Tue May 01 12:24:47 CST 2007; Entities affected: User - 1, Session - 1
Action: Send Not-PresenceMessage of this User to Others; Time: Tue May 01 12:24:47 CST 2007; Entities affected: User - 1, Session - 1
Action: Un-register MessagePool for User; Time: Tue May 01 12:24:47 CST 2007; Entities affected: User - 1, Session - 1
Action: Send Not-PresenceMessage of this User to Others; Time: Tue May 01 12:24:47 CST 2007; Entities affected: User - 1, Session - 1
Action: Un-register MessagePool for User; Time: Tue May 01 12:24:47 CST 2007; Entities affected: User - 1, Session - 1
Action: Send Not-PresenceMessage of this User to Others; Time: Tue May 01 12:24:47 CST 2007; Entities affected: User - 1, Session - 1
Action: Un-register MessagePool for User; Time: Tue May 01 12:24:47 CST 2007; Entities affected: User - 1, Session - 1
Action: Send Not-PresenceMessage of this User to Others; Time: Tue May 01 12:24:48 CST 2007; Entities affected: User - 1, Session - 1
Action: Un-register MessagePool for User; Time: Tue May 01 12:24:48 CST 2007; Entities affected: User - 1, Session - 1
Action: Send Not-PresenceMessage of this User to Others; Time: Tue May 01 12:24:48 CST 2007; Entities affected: User - 1, Session - 1
Action: Un-register MessagePool for User; Time: Tue May 01 12:24:48 CST 2007; Entities affected: User - 1, Session - 1
Action: Send Not-PresenceMessage of this User to Others; Time: Tue May 01 12:24:48 CST 2007; Entities affected: User - 1, Session - 1
Action: Un-register MessagePool for User; Time: Tue May 01 12:24:48 CST 2007; Entities affected: User - 1, Session - 1
Action: Send Not-PresenceMessage of this User to Others; Time: Tue May 01 12:24:48 CST 2007; Entities affected: User - 1, Session - 1
Action: Un-register MessagePool for User; Time: Tue May 01 12:24:48 CST 2007; Entities affected: User - 1, Session - 1
Action: Send Not-PresenceMessage of this User to Others; Time: Tue May 01 12:24:48 CST 2007; Entities affected: User - 1, Session - 1
Action: Un-register MessagePool for User; Time: Tue May 01 12:24:48 CST 2007; Entities affected: User - 1, Session - 1
Action: Send Not-PresenceMessage of this User to Others; Time: Tue May 01 12:24:48 CST 2007; Entities affected: User - 1, Session - 1
Action: Un-register MessagePool for User; Time: Tue May 01 12:24:48 CST 2007; Entities affected: User - 1, Session - 1
Action: Send Not-PresenceMessage of this User to Others; Time: Tue May 01 12:24:48 CST 2007; Entities affected: User - 1, Session - 1
Action: Un-register MessagePool for User; Time: Tue May 01 12:24:48 CST 2007; Entities affected: User - 1, Session - 1
Action: Send Not-PresenceMessage of this User to Others; Time: Tue May 01 12:24:48 CST 2007; Entities affected: User - 1, Session - 1
Executing testUserRemoved() 100 times takes 1252ms
Executing testUserRequested() 100 times takes 581ms
Action: Register Message Pool for User; Time: Tue May 01 12:24:48 CST 2007; Entities affected: User - 1
Action: Register Message Pool for User; Time: Tue May 01 12:24:48 CST 2007; Entities affected: User - 1
Action: Register Message Pool for User; Time: Tue May 01 12:24:48 CST 2007; Entities affected: User - 1
Action: Register Message Pool for User; Time: Tue May 01 12:24:48 CST 2007; Entities affected: User - 1
Action: Register Message Pool for User; Time: Tue May 01 12:24:48 CST 2007; Entities affected: User - 1
Action: Register Message Pool for User; Time: Tue May 01 12:24:48 CST 2007; Entities affected: User - 1
Action: Register Message Pool for User; Time: Tue May 01 12:24:48 CST 2007; Entities affected: User - 1
Action: Register Message Pool for User; Time: Tue May 01 12:24:48 CST 2007; Entities affected: User - 1
Action: Register Message Pool for User; Time: Tue May 01 12:24:48 CST 2007; Entities affected: User - 1
Action: Register Message Pool for User; Time: Tue May 01 12:24:48 CST 2007; Entities affected: User - 1
Action: Register Message Pool for User; Time: Tue May 01 12:24:48 CST 2007; Entities affected: User - 1
Action: Register Message Pool for User; Time: Tue May 01 12:24:48 CST 2007; Entities affected: User - 1
Action: Register Message Pool for User; Time: Tue May 01 12:24:48 CST 2007; Entities affected: User - 1
Action: Register Message Pool for User; Time: Tue May 01 12:24:48 CST 2007; Entities affected: User - 1
Action: Register Message Pool for User; Time: Tue May 01 12:24:48 CST 2007; Entities affected: User - 1
Action: Register Message Pool for User; Time: Tue May 01 12:24:48 CST 2007; Entities affected: User - 1
Action: Register Message Pool for User; Time: Tue May 01 12:24:48 CST 2007; Entities affected: User - 1
Action: Register Message Pool for User; Time: Tue May 01 12:24:48 CST 2007; Entities affected: User - 1
Action: Register Message Pool for User; Time: Tue May 01 12:24:48 CST 2007; Entities affected: User - 1
Action: Register Message Pool for User; Time: Tue May 01 12:24:48 CST 2007; Entities affected: User - 1
Action: Register Message Pool for User; Time: Tue May 01 12:24:48 CST 2007; Entities affected: User - 1
Action: Register Message Pool for User; Time: Tue May 01 12:24:48 CST 2007; Entities affected: User - 1
Action: Register Message Pool for User; Time: Tue May 01 12:24:48 CST 2007; Entities affected: User - 1
Action: Register Message Pool for User; Time: Tue May 01 12:24:48 CST 2007; Entities affected: User - 1
Action: Register Message Pool for User; Time: Tue May 01 12:24:48 CST 2007; Entities affected: User - 1
Action: Register Message Pool for User; Time: Tue May 01 12:24:48 CST 2007; Entities affected: User - 1
Action: Register Message Pool for User; Time: Tue May 01 12:24:48 CST 2007; Entities affected: User - 1
Action: Register Message Pool for User; Time: Tue May 01 12:24:48 CST 2007; Entities affected: User - 1
Action: Register Message Pool for User; Time: Tue May 01 12:24:48 CST 2007; Entities affected: User - 1
Action: Register Message Pool for User; Time: Tue May 01 12:24:48 CST 2007; Entities affected: User - 1
Action: Register Message Pool for User; Time: Tue May 01 12:24:48 CST 2007; Entities affected: User - 1
Action: Register Message Pool for User; Time: Tue May 01 12:24:48 CST 2007; Entities affected: User - 1
Action: Register Message Pool for User; Time: Tue May 01 12:24:48 CST 2007; Entities affected: User - 1
Action: Register Message Pool for User; Time: Tue May 01 12:24:48 CST 2007; Entities affected: User - 1
Action: Register Message Pool for User; Time: Tue May 01 12:24:48 CST 2007; Entities affected: User - 1
Action: Register Message Pool for User; Time: Tue May 01 12:24:48 CST 2007; Entities affected: User - 1
Action: Register Message Pool for User; Time: Tue May 01 12:24:48 CST 2007; Entities affected: User - 1
Action: Register Message Pool for User; Time: Tue May 01 12:24:48 CST 2007; Entities affected: User - 1
Action: Register Message Pool for User; Time: Tue May 01 12:24:48 CST 2007; Entities affected: User - 1
Action: Register Message Pool for User; Time: Tue May 01 12:24:48 CST 2007; Entities affected: User - 1
Action: Register Message Pool for User; Time: Tue May 01 12:24:48 CST 2007; Entities affected: User - 1
Action: Register Message Pool for User; Time: Tue May 01 12:24:48 CST 2007; Entities affected: User - 1
Action: Register Message Pool for User; Time: Tue May 01 12:24:48 CST 2007; Entities affected: User - 1
Action: Register Message Pool for User; Time: Tue May 01 12:24:48 CST 2007; Entities affected: User - 1
Action: Register Message Pool for User; Time: Tue May 01 12:24:48 CST 2007; Entities affected: User - 1
Action: Register Message Pool for User; Time: Tue May 01 12:24:48 CST 2007; Entities affected: User - 1
Action: Register Message Pool for User; Time: Tue May 01 12:24:48 CST 2007; Entities affected: User - 1
Action: Register Message Pool for User; Time: Tue May 01 12:24:48 CST 2007; Entities affected: User - 1
Action: Register Message Pool for User; Time: Tue May 01 12:24:48 CST 2007; Entities affected: User - 1
Action: Register Message Pool for User; Time: Tue May 01 12:24:48 CST 2007; Entities affected: User - 1
Action: Register Message Pool for User; Time: Tue May 01 12:24:48 CST 2007; Entities affected: User - 1
Action: Register Message Pool for User; Time: Tue May 01 12:24:48 CST 2007; Entities affected: User - 1
Action: Register Message Pool for User; Time: Tue May 01 12:24:48 CST 2007; Entities affected: User - 1
Action: Register Message Pool for User; Time: Tue May 01 12:24:48 CST 2007; Entities affected: User - 1
Action: Register Message Pool for User; Time: Tue May 01 12:24:48 CST 2007; Entities affected: User - 1
Action: Register Message Pool for User; Time: Tue May 01 12:24:48 CST 2007; Entities affected: User - 1
Action: Register Message Pool for User; Time: Tue May 01 12:24:48 CST 2007; Entities affected: User - 1
Action: Register Message Pool for User; Time: Tue May 01 12:24:48 CST 2007; Entities affected: User - 1
Action: Register Message Pool for User; Time: Tue May 01 12:24:48 CST 2007; Entities affected: User - 1
Action: Register Message Pool for User; Time: Tue May 01 12:24:48 CST 2007; Entities affected: User - 1
Action: Register Message Pool for User; Time: Tue May 01 12:24:48 CST 2007; Entities affected: User - 1
Action: Register Message Pool for User; Time: Tue May 01 12:24:48 CST 2007; Entities affected: User - 1
Action: Register Message Pool for User; Time: Tue May 01 12:24:48 CST 2007; Entities affected: User - 1
Action: Register Message Pool for User; Time: Tue May 01 12:24:48 CST 2007; Entities affected: User - 1
Action: Register Message Pool for User; Time: Tue May 01 12:24:48 CST 2007; Entities affected: User - 1
Action: Register Message Pool for User; Time: Tue May 01 12:24:48 CST 2007; Entities affected: User - 1
Action: Register Message Pool for User; Time: Tue May 01 12:24:48 CST 2007; Entities affected: User - 1
Action: Register Message Pool for User; Time: Tue May 01 12:24:48 CST 2007; Entities affected: User - 1
Action: Register Message Pool for User; Time: Tue May 01 12:24:48 CST 2007; Entities affected: User - 1
Action: Register Message Pool for User; Time: Tue May 01 12:24:48 CST 2007; Entities affected: User - 1
Action: Register Message Pool for User; Time: Tue May 01 12:24:48 CST 2007; Entities affected: User - 1
Action: Register Message Pool for User; Time: Tue May 01 12:24:48 CST 2007; Entities affected: User - 1
Action: Register Message Pool for User; Time: Tue May 01 12:24:48 CST 2007; Entities affected: User - 1
Action: Register Message Pool for User; Time: Tue May 01 12:24:48 CST 2007; Entities affected: User - 1
Action: Register Message Pool for User; Time: Tue May 01 12:24:48 CST 2007; Entities affected: User - 1
Action: Register Message Pool for User; Time: Tue May 01 12:24:48 CST 2007; Entities affected: User - 1
Action: Register Message Pool for User; Time: Tue May 01 12:24:48 CST 2007; Entities affected: User - 1
Action: Register Message Pool for User; Time: Tue May 01 12:24:48 CST 2007; Entities affected: User - 1
Action: Register Message Pool for User; Time: Tue May 01 12:24:48 CST 2007; Entities affected: User - 1
Action: Register Message Pool for User; Time: Tue May 01 12:24:48 CST 2007; Entities affected: User - 1
Action: Register Message Pool for User; Time: Tue May 01 12:24:48 CST 2007; Entities affected: User - 1
Action: Register Message Pool for User; Time: Tue May 01 12:24:48 CST 2007; Entities affected: User - 1
Action: Register Message Pool for User; Time: Tue May 01 12:24:48 CST 2007; Entities affected: User - 1
Action: Register Message Pool for User; Time: Tue May 01 12:24:48 CST 2007; Entities affected: User - 1
Action: Register Message Pool for User; Time: Tue May 01 12:24:48 CST 2007; Entities affected: User - 1
Action: Register Message Pool for User; Time: Tue May 01 12:24:48 CST 2007; Entities affected: User - 1
Action: Register Message Pool for User; Time: Tue May 01 12:24:48 CST 2007; Entities affected: User - 1
Action: Register Message Pool for User; Time: Tue May 01 12:24:48 CST 2007; Entities affected: User - 1
Action: Register Message Pool for User; Time: Tue May 01 12:24:48 CST 2007; Entities affected: User - 1
Action: Register Message Pool for User; Time: Tue May 01 12:24:48 CST 2007; Entities affected: User - 1
Action: Register Message Pool for User; Time: Tue May 01 12:24:48 CST 2007; Entities affected: User - 1
Action: Register Message Pool for User; Time: Tue May 01 12:24:48 CST 2007; Entities affected: User - 1
Action: Register Message Pool for User; Time: Tue May 01 12:24:48 CST 2007; Entities affected: User - 1
Action: Register Message Pool for User; Time: Tue May 01 12:24:48 CST 2007; Entities affected: User - 1
Action: Register Message Pool for User; Time: Tue May 01 12:24:48 CST 2007; Entities affected: User - 1
Action: Register Message Pool for User; Time: Tue May 01 12:24:48 CST 2007; Entities affected: User - 1
Action: Register Message Pool for User; Time: Tue May 01 12:24:48 CST 2007; Entities affected: User - 1
Action: Register Message Pool for User; Time: Tue May 01 12:24:48 CST 2007; Entities affected: User - 1
Action: Register Message Pool for User; Time: Tue May 01 12:24:48 CST 2007; Entities affected: User - 1
Action: Register Message Pool for User; Time: Tue May 01 12:24:48 CST 2007; Entities affected: User - 1
Executing testStatusChanged_OffToOn() 100 times takes 30ms
Action: Un-register Message Pool for User; Time: Tue May 01 12:24:48 CST 2007; Entities affected: User - 1
Action: Un-register Message Pool for User; Time: Tue May 01 12:24:48 CST 2007; Entities affected: User - 1
Action: Un-register Message Pool for User; Time: Tue May 01 12:24:48 CST 2007; Entities affected: User - 1
Action: Un-register Message Pool for User; Time: Tue May 01 12:24:48 CST 2007; Entities affected: User - 1
Action: Un-register Message Pool for User; Time: Tue May 01 12:24:48 CST 2007; Entities affected: User - 1
Action: Un-register Message Pool for User; Time: Tue May 01 12:24:48 CST 2007; Entities affected: User - 1
Action: Un-register Message Pool for User; Time: Tue May 01 12:24:48 CST 2007; Entities affected: User - 1
Action: Un-register Message Pool for User; Time: Tue May 01 12:24:48 CST 2007; Entities affected: User - 1
Action: Un-register Message Pool for User; Time: Tue May 01 12:24:48 CST 2007; Entities affected: User - 1
Action: Un-register Message Pool for User; Time: Tue May 01 12:24:48 CST 2007; Entities affected: User - 1
Action: Un-register Message Pool for User; Time: Tue May 01 12:24:48 CST 2007; Entities affected: User - 1
Action: Un-register Message Pool for User; Time: Tue May 01 12:24:48 CST 2007; Entities affected: User - 1
Action: Un-register Message Pool for User; Time: Tue May 01 12:24:48 CST 2007; Entities affected: User - 1
Action: Un-register Message Pool for User; Time: Tue May 01 12:24:48 CST 2007; Entities affected: User - 1
Action: Un-register Message Pool for User; Time: Tue May 01 12:24:48 CST 2007; Entities affected: User - 1
Action: Un-register Message Pool for User; Time: Tue May 01 12:24:48 CST 2007; Entities affected: User - 1
Action: Un-register Message Pool for User; Time: Tue May 01 12:24:48 CST 2007; Entities affected: User - 1
Action: Un-register Message Pool for User; Time: Tue May 01 12:24:48 CST 2007; Entities affected: User - 1
Action: Un-register Message Pool for User; Time: Tue May 01 12:24:48 CST 2007; Entities affected: User - 1
Action: Un-register Message Pool for User; Time: Tue May 01 12:24:48 CST 2007; Entities affected: User - 1
Action: Un-register Message Pool for User; Time: Tue May 01 12:24:48 CST 2007; Entities affected: User - 1
Action: Un-register Message Pool for User; Time: Tue May 01 12:24:48 CST 2007; Entities affected: User - 1
Action: Un-register Message Pool for User; Time: Tue May 01 12:24:48 CST 2007; Entities affected: User - 1
Action: Un-register Message Pool for User; Time: Tue May 01 12:24:48 CST 2007; Entities affected: User - 1
Action: Un-register Message Pool for User; Time: Tue May 01 12:24:48 CST 2007; Entities affected: User - 1
Action: Un-register Message Pool for User; Time: Tue May 01 12:24:48 CST 2007; Entities affected: User - 1
Action: Un-register Message Pool for User; Time: Tue May 01 12:24:48 CST 2007; Entities affected: User - 1
Action: Un-register Message Pool for User; Time: Tue May 01 12:24:48 CST 2007; Entities affected: User - 1
Action: Un-register Message Pool for User; Time: Tue May 01 12:24:48 CST 2007; Entities affected: User - 1
Action: Un-register Message Pool for User; Time: Tue May 01 12:24:48 CST 2007; Entities affected: User - 1
Action: Un-register Message Pool for User; Time: Tue May 01 12:24:48 CST 2007; Entities affected: User - 1
Action: Un-register Message Pool for User; Time: Tue May 01 12:24:48 CST 2007; Entities affected: User - 1
Action: Un-register Message Pool for User; Time: Tue May 01 12:24:48 CST 2007; Entities affected: User - 1
Action: Un-register Message Pool for User; Time: Tue May 01 12:24:48 CST 2007; Entities affected: User - 1
Action: Un-register Message Pool for User; Time: Tue May 01 12:24:48 CST 2007; Entities affected: User - 1
Action: Un-register Message Pool for User; Time: Tue May 01 12:24:48 CST 2007; Entities affected: User - 1
Action: Un-register Message Pool for User; Time: Tue May 01 12:24:48 CST 2007; Entities affected: User - 1
Action: Un-register Message Pool for User; Time: Tue May 01 12:24:48 CST 2007; Entities affected: User - 1
Action: Un-register Message Pool for User; Time: Tue May 01 12:24:48 CST 2007; Entities affected: User - 1
Action: Un-register Message Pool for User; Time: Tue May 01 12:24:48 CST 2007; Entities affected: User - 1
Action: Un-register Message Pool for User; Time: Tue May 01 12:24:48 CST 2007; Entities affected: User - 1
Action: Un-register Message Pool for User; Time: Tue May 01 12:24:48 CST 2007; Entities affected: User - 1
Action: Un-register Message Pool for User; Time: Tue May 01 12:24:48 CST 2007; Entities affected: User - 1
Action: Un-register Message Pool for User; Time: Tue May 01 12:24:48 CST 2007; Entities affected: User - 1
Action: Un-register Message Pool for User; Time: Tue May 01 12:24:48 CST 2007; Entities affected: User - 1
Action: Un-register Message Pool for User; Time: Tue May 01 12:24:48 CST 2007; Entities affected: User - 1
Action: Un-register Message Pool for User; Time: Tue May 01 12:24:48 CST 2007; Entities affected: User - 1
Action: Un-register Message Pool for User; Time: Tue May 01 12:24:48 CST 2007; Entities affected: User - 1
Action: Un-register Message Pool for User; Time: Tue May 01 12:24:48 CST 2007; Entities affected: User - 1
Action: Un-register Message Pool for User; Time: Tue May 01 12:24:48 CST 2007; Entities affected: User - 1
Action: Un-register Message Pool for User; Time: Tue May 01 12:24:48 CST 2007; Entities affected: User - 1
Action: Un-register Message Pool for User; Time: Tue May 01 12:24:48 CST 2007; Entities affected: User - 1
Action: Un-register Message Pool for User; Time: Tue May 01 12:24:48 CST 2007; Entities affected: User - 1
Action: Un-register Message Pool for User; Time: Tue May 01 12:24:48 CST 2007; Entities affected: User - 1
Action: Un-register Message Pool for User; Time: Tue May 01 12:24:48 CST 2007; Entities affected: User - 1
Action: Un-register Message Pool for User; Time: Tue May 01 12:24:48 CST 2007; Entities affected: User - 1
Action: Un-register Message Pool for User; Time: Tue May 01 12:24:48 CST 2007; Entities affected: User - 1
Action: Un-register Message Pool for User; Time: Tue May 01 12:24:48 CST 2007; Entities affected: User - 1
Action: Un-register Message Pool for User; Time: Tue May 01 12:24:48 CST 2007; Entities affected: User - 1
Action: Un-register Message Pool for User; Time: Tue May 01 12:24:48 CST 2007; Entities affected: User - 1
Action: Un-register Message Pool for User; Time: Tue May 01 12:24:48 CST 2007; Entities affected: User - 1
Action: Un-register Message Pool for User; Time: Tue May 01 12:24:48 CST 2007; Entities affected: User - 1
Action: Un-register Message Pool for User; Time: Tue May 01 12:24:48 CST 2007; Entities affected: User - 1
Action: Un-register Message Pool for User; Time: Tue May 01 12:24:48 CST 2007; Entities affected: User - 1
Action: Un-register Message Pool for User; Time: Tue May 01 12:24:48 CST 2007; Entities affected: User - 1
Action: Un-register Message Pool for User; Time: Tue May 01 12:24:48 CST 2007; Entities affected: User - 1
Action: Un-register Message Pool for User; Time: Tue May 01 12:24:48 CST 2007; Entities affected: User - 1
Action: Un-register Message Pool for User; Time: Tue May 01 12:24:48 CST 2007; Entities affected: User - 1
Action: Un-register Message Pool for User; Time: Tue May 01 12:24:48 CST 2007; Entities affected: User - 1
Action: Un-register Message Pool for User; Time: Tue May 01 12:24:48 CST 2007; Entities affected: User - 1
Action: Un-register Message Pool for User; Time: Tue May 01 12:24:48 CST 2007; Entities affected: User - 1
Action: Un-register Message Pool for User; Time: Tue May 01 12:24:48 CST 2007; Entities affected: User - 1
Action: Un-register Message Pool for User; Time: Tue May 01 12:24:48 CST 2007; Entities affected: User - 1
Action: Un-register Message Pool for User; Time: Tue May 01 12:24:48 CST 2007; Entities affected: User - 1
Action: Un-register Message Pool for User; Time: Tue May 01 12:24:48 CST 2007; Entities affected: User - 1
Action: Un-register Message Pool for User; Time: Tue May 01 12:24:48 CST 2007; Entities affected: User - 1
Action: Un-register Message Pool for User; Time: Tue May 01 12:24:48 CST 2007; Entities affected: User - 1
Action: Un-register Message Pool for User; Time: Tue May 01 12:24:48 CST 2007; Entities affected: User - 1
Action: Un-register Message Pool for User; Time: Tue May 01 12:24:48 CST 2007; Entities affected: User - 1
Action: Un-register Message Pool for User; Time: Tue May 01 12:24:48 CST 2007; Entities affected: User - 1
Action: Un-register Message Pool for User; Time: Tue May 01 12:24:48 CST 2007; Entities affected: User - 1
Action: Un-register Message Pool for User; Time: Tue May 01 12:24:48 CST 2007; Entities affected: User - 1
Action: Un-register Message Pool for User; Time: Tue May 01 12:24:48 CST 2007; Entities affected: User - 1
Action: Un-register Message Pool for User; Time: Tue May 01 12:24:48 CST 2007; Entities affected: User - 1
Action: Un-register Message Pool for User; Time: Tue May 01 12:24:48 CST 2007; Entities affected: User - 1
Action: Un-register Message Pool for User; Time: Tue May 01 12:24:48 CST 2007; Entities affected: User - 1
Action: Un-register Message Pool for User; Time: Tue May 01 12:24:48 CST 2007; Entities affected: User - 1
Action: Un-register Message Pool for User; Time: Tue May 01 12:24:48 CST 2007; Entities affected: User - 1
Action: Un-register Message Pool for User; Time: Tue May 01 12:24:48 CST 2007; Entities affected: User - 1
Action: Un-register Message Pool for User; Time: Tue May 01 12:24:48 CST 2007; Entities affected: User - 1
Action: Un-register Message Pool for User; Time: Tue May 01 12:24:48 CST 2007; Entities affected: User - 1
Action: Un-register Message Pool for User; Time: Tue May 01 12:24:48 CST 2007; Entities affected: User - 1
Action: Un-register Message Pool for User; Time: Tue May 01 12:24:48 CST 2007; Entities affected: User - 1
Action: Un-register Message Pool for User; Time: Tue May 01 12:24:48 CST 2007; Entities affected: User - 1
Action: Un-register Message Pool for User; Time: Tue May 01 12:24:48 CST 2007; Entities affected: User - 1
Action: Un-register Message Pool for User; Time: Tue May 01 12:24:48 CST 2007; Entities affected: User - 1
Action: Un-register Message Pool for User; Time: Tue May 01 12:24:48 CST 2007; Entities affected: User - 1
Action: Un-register Message Pool for User; Time: Tue May 01 12:24:48 CST 2007; Entities affected: User - 1
Action: Un-register Message Pool for User; Time: Tue May 01 12:24:48 CST 2007; Entities affected: User - 1
Action: Un-register Message Pool for User; Time: Tue May 01 12:24:48 CST 2007; Entities affected: User - 1
Executing testStatusChanged_OnToOff() 100 times takes 30ms
]]></system-out>
  <system-err><![CDATA[com.cronos.im.logic.IMConfigurationException: The namespace com.cronos.im.logic.unknown is unknown., caused by com.cronos.im.logic.unknown is unknown
	at com.cronos.im.logic.IMHelper.getOptionalConfigString(IMHelper.java:115)
	at com.cronos.im.logic.IMHelper.getRequiredConfigString(IMHelper.java:136)
	at com.cronos.im.logic.MessagePoolDetector.main(MessagePoolDetector.java:120)
	at com.cronos.im.logic.MessagePoolDetectorUnitTests.test_main_failure1(MessagePoolDetectorUnitTests.java:75)
	at sun.reflect.NativeMethodAccessorImpl.invoke0(Native Method)
	at sun.reflect.NativeMethodAccessorImpl.invoke(NativeMethodAccessorImpl.java:39)
	at sun.reflect.DelegatingMethodAccessorImpl.invoke(DelegatingMethodAccessorImpl.java:25)
	at java.lang.reflect.Method.invoke(Method.java:324)
	at junit.framework.TestCase.runTest(TestCase.java:154)
	at junit.framework.TestCase.runBare(TestCase.java:127)
	at junit.framework.TestResult$1.protect(TestResult.java:106)
	at junit.framework.TestResult.runProtected(TestResult.java:124)
	at junit.framework.TestResult.run(TestResult.java:109)
	at junit.framework.TestCase.run(TestCase.java:118)
	at junit.framework.TestSuite.runTest(TestSuite.java:208)
	at junit.framework.TestSuite.run(TestSuite.java:203)
	at junit.framework.TestSuite.runTest(TestSuite.java:208)
	at junit.framework.TestSuite.run(TestSuite.java:203)
	at junit.framework.TestSuite.runTest(TestSuite.java:208)
	at junit.framework.TestSuite.run(TestSuite.java:203)
	at org.apache.tools.ant.taskdefs.optional.junit.JUnitTestRunner.run(JUnitTestRunner.java:297)
	at org.apache.tools.ant.taskdefs.optional.junit.JUnitTestRunner.launch(JUnitTestRunner.java:672)
	at org.apache.tools.ant.taskdefs.optional.junit.JUnitTestRunner.main(JUnitTestRunner.java:567)
Caused by: com.topcoder.util.config.UnknownNamespaceException: com.cronos.im.logic.unknown is unknown
	at com.topcoder.util.config.DefaultConfigManager.getPropertyObject(DefaultConfigManager.java:429)
	at com.topcoder.util.config.DefaultConfigManager.getString(DefaultConfigManager.java:449)
	at com.cronos.im.logic.IMHelper.getOptionalConfigString(IMHelper.java:113)
	... 22 more
Caused by:com.topcoder.util.config.UnknownNamespaceException: com.cronos.im.logic.unknown is unknown
	at com.topcoder.util.config.DefaultConfigManager.getPropertyObject(DefaultConfigManager.java:429)
	at com.topcoder.util.config.DefaultConfigManager.getString(DefaultConfigManager.java:449)
	at com.cronos.im.logic.IMHelper.getOptionalConfigString(IMHelper.java:113)
	at com.cronos.im.logic.IMHelper.getRequiredConfigString(IMHelper.java:136)
	at com.cronos.im.logic.MessagePoolDetector.main(MessagePoolDetector.java:120)
	at com.cronos.im.logic.MessagePoolDetectorUnitTests.test_main_failure1(MessagePoolDetectorUnitTests.java:75)
	at sun.reflect.NativeMethodAccessorImpl.invoke0(Native Method)
	at sun.reflect.NativeMethodAccessorImpl.invoke(NativeMethodAccessorImpl.java:39)
	at sun.reflect.DelegatingMethodAccessorImpl.invoke(DelegatingMethodAccessorImpl.java:25)
	at java.lang.reflect.Method.invoke(Method.java:324)
	at junit.framework.TestCase.runTest(TestCase.java:154)
	at junit.framework.TestCase.runBare(TestCase.java:127)
	at junit.framework.TestResult$1.protect(TestResult.java:106)
	at junit.framework.TestResult.runProtected(TestResult.java:124)
	at junit.framework.TestResult.run(TestResult.java:109)
	at junit.framework.TestCase.run(TestCase.java:118)
	at junit.framework.TestSuite.runTest(TestSuite.java:208)
	at junit.framework.TestSuite.run(TestSuite.java:203)
	at junit.framework.TestSuite.runTest(TestSuite.java:208)
	at junit.framework.TestSuite.run(TestSuite.java:203)
	at junit.framework.TestSuite.runTest(TestSuite.java:208)
	at junit.framework.TestSuite.run(TestSuite.java:203)
	at org.apache.tools.ant.taskdefs.optional.junit.JUnitTestRunner.run(JUnitTestRunner.java:297)
	at org.apache.tools.ant.taskdefs.optional.junit.JUnitTestRunner.launch(JUnitTestRunner.java:672)
	at org.apache.tools.ant.taskdefs.optional.junit.JUnitTestRunner.main(JUnitTestRunner.java:567)
com.cronos.im.logic.IMConfigurationException: The namespace com.cronos.im.logic.MessagePoolDetector is unknown., caused by com.cronos.im.logic.MessagePoolDetector is unknown
	at com.cronos.im.logic.IMHelper.getOptionalConfigString(IMHelper.java:115)
	at com.cronos.im.logic.IMHelper.getRequiredConfigString(IMHelper.java:136)
	at com.cronos.im.logic.MessagePoolDetector.main(MessagePoolDetector.java:120)
	at com.cronos.im.logic.MessagePoolDetectorUnitTests.test_main_failure2(MessagePoolDetectorUnitTests.java:87)
	at sun.reflect.NativeMethodAccessorImpl.invoke0(Native Method)
	at sun.reflect.NativeMethodAccessorImpl.invoke(NativeMethodAccessorImpl.java:39)
	at sun.reflect.DelegatingMethodAccessorImpl.invoke(DelegatingMethodAccessorImpl.java:25)
	at java.lang.reflect.Method.invoke(Method.java:324)
	at junit.framework.TestCase.runTest(TestCase.java:154)
	at junit.framework.TestCase.runBare(TestCase.java:127)
	at junit.framework.TestResult$1.protect(TestResult.java:106)
	at junit.framework.TestResult.runProtected(TestResult.java:124)
	at junit.framework.TestResult.run(TestResult.java:109)
	at junit.framework.TestCase.run(TestCase.java:118)
	at junit.framework.TestSuite.runTest(TestSuite.java:208)
	at junit.framework.TestSuite.run(TestSuite.java:203)
	at junit.framework.TestSuite.runTest(TestSuite.java:208)
	at junit.framework.TestSuite.run(TestSuite.java:203)
	at junit.framework.TestSuite.runTest(TestSuite.java:208)
	at junit.framework.TestSuite.run(TestSuite.java:203)
	at org.apache.tools.ant.taskdefs.optional.junit.JUnitTestRunner.run(JUnitTestRunner.java:297)
	at org.apache.tools.ant.taskdefs.optional.junit.JUnitTestRunner.launch(JUnitTestRunner.java:672)
	at org.apache.tools.ant.taskdefs.optional.junit.JUnitTestRunner.main(JUnitTestRunner.java:567)
Caused by: com.topcoder.util.config.UnknownNamespaceException: com.cronos.im.logic.MessagePoolDetector is unknown
	at com.topcoder.util.config.DefaultConfigManager.getPropertyObject(DefaultConfigManager.java:429)
	at com.topcoder.util.config.DefaultConfigManager.getString(DefaultConfigManager.java:449)
	at com.cronos.im.logic.IMHelper.getOptionalConfigString(IMHelper.java:113)
	... 22 more
Caused by:com.topcoder.util.config.UnknownNamespaceException: com.cronos.im.logic.MessagePoolDetector is unknown
	at com.topcoder.util.config.DefaultConfigManager.getPropertyObject(DefaultConfigManager.java:429)
	at com.topcoder.util.config.DefaultConfigManager.getString(DefaultConfigManager.java:449)
	at com.cronos.im.logic.IMHelper.getOptionalConfigString(IMHelper.java:113)
	at com.cronos.im.logic.IMHelper.getRequiredConfigString(IMHelper.java:136)
	at com.cronos.im.logic.MessagePoolDetector.main(MessagePoolDetector.java:120)
	at com.cronos.im.logic.MessagePoolDetectorUnitTests.test_main_failure2(MessagePoolDetectorUnitTests.java:87)
	at sun.reflect.NativeMethodAccessorImpl.invoke0(Native Method)
	at sun.reflect.NativeMethodAccessorImpl.invoke(NativeMethodAccessorImpl.java:39)
	at sun.reflect.DelegatingMethodAccessorImpl.invoke(DelegatingMethodAccessorImpl.java:25)
	at java.lang.reflect.Method.invoke(Method.java:324)
	at junit.framework.TestCase.runTest(TestCase.java:154)
	at junit.framework.TestCase.runBare(TestCase.java:127)
	at junit.framework.TestResult$1.protect(TestResult.java:106)
	at junit.framework.TestResult.runProtected(TestResult.java:124)
	at junit.framework.TestResult.run(TestResult.java:109)
	at junit.framework.TestCase.run(TestCase.java:118)
	at junit.framework.TestSuite.runTest(TestSuite.java:208)
	at junit.framework.TestSuite.run(TestSuite.java:203)
	at junit.framework.TestSuite.runTest(TestSuite.java:208)
	at junit.framework.TestSuite.run(TestSuite.java:203)
	at junit.framework.TestSuite.runTest(TestSuite.java:208)
	at junit.framework.TestSuite.run(TestSuite.java:203)
	at org.apache.tools.ant.taskdefs.optional.junit.JUnitTestRunner.run(JUnitTestRunner.java:297)
	at org.apache.tools.ant.taskdefs.optional.junit.JUnitTestRunner.launch(JUnitTestRunner.java:672)
	at org.apache.tools.ant.taskdefs.optional.junit.JUnitTestRunner.main(JUnitTestRunner.java:567)
com.cronos.im.logic.IMConfigurationException: The property factory_namespace is namespace com.cronos.im.logic.MessagePoolDetector.Invalid1 is empty.
	at com.cronos.im.logic.IMHelper.getOptionalConfigString(IMHelper.java:119)
	at com.cronos.im.logic.IMHelper.getRequiredConfigString(IMHelper.java:136)
	at com.cronos.im.logic.MessagePoolDetector.main(MessagePoolDetector.java:120)
	at com.cronos.im.logic.MessagePoolDetectorUnitTests.test_main_failure3(MessagePoolDetectorUnitTests.java:98)
	at sun.reflect.NativeMethodAccessorImpl.invoke0(Native Method)
	at sun.reflect.NativeMethodAccessorImpl.invoke(NativeMethodAccessorImpl.java:39)
	at sun.reflect.DelegatingMethodAccessorImpl.invoke(DelegatingMethodAccessorImpl.java:25)
	at java.lang.reflect.Method.invoke(Method.java:324)
	at junit.framework.TestCase.runTest(TestCase.java:154)
	at junit.framework.TestCase.runBare(TestCase.java:127)
	at junit.framework.TestResult$1.protect(TestResult.java:106)
	at junit.framework.TestResult.runProtected(TestResult.java:124)
	at junit.framework.TestResult.run(TestResult.java:109)
	at junit.framework.TestCase.run(TestCase.java:118)
	at junit.framework.TestSuite.runTest(TestSuite.java:208)
	at junit.framework.TestSuite.run(TestSuite.java:203)
	at junit.framework.TestSuite.runTest(TestSuite.java:208)
	at junit.framework.TestSuite.run(TestSuite.java:203)
	at junit.framework.TestSuite.runTest(TestSuite.java:208)
	at junit.framework.TestSuite.run(TestSuite.java:203)
	at org.apache.tools.ant.taskdefs.optional.junit.JUnitTestRunner.run(JUnitTestRunner.java:297)
	at org.apache.tools.ant.taskdefs.optional.junit.JUnitTestRunner.launch(JUnitTestRunner.java:672)
	at org.apache.tools.ant.taskdefs.optional.junit.JUnitTestRunner.main(JUnitTestRunner.java:567)
com.topcoder.util.objectfactory.InvalidClassSpecificationException: The object can not be initialized., caused by other
	at com.topcoder.util.objectfactory.ObjectFactory.createObjectByReflection(ObjectFactory.java:613)
	at com.topcoder.util.objectfactory.ObjectFactory.createObject(ObjectFactory.java:340)
	at com.topcoder.util.objectfactory.ObjectFactory.createObject(ObjectFactory.java:112)
	at com.cronos.im.logic.MessagePoolDetector.main(MessagePoolDetector.java:135)
	at com.cronos.im.logic.MessagePoolDetectorUnitTests.test_main_failure6(MessagePoolDetectorUnitTests.java:134)
	at sun.reflect.NativeMethodAccessorImpl.invoke0(Native Method)
	at sun.reflect.NativeMethodAccessorImpl.invoke(NativeMethodAccessorImpl.java:39)
	at sun.reflect.DelegatingMethodAccessorImpl.invoke(DelegatingMethodAccessorImpl.java:25)
	at java.lang.reflect.Method.invoke(Method.java:324)
	at junit.framework.TestCase.runTest(TestCase.java:154)
	at junit.framework.TestCase.runBare(TestCase.java:127)
	at junit.framework.TestResult$1.protect(TestResult.java:106)
	at junit.framework.TestResult.runProtected(TestResult.java:124)
	at junit.framework.TestResult.run(TestResult.java:109)
	at junit.framework.TestCase.run(TestCase.java:118)
	at junit.framework.TestSuite.runTest(TestSuite.java:208)
	at junit.framework.TestSuite.run(TestSuite.java:203)
	at junit.framework.TestSuite.runTest(TestSuite.java:208)
	at junit.framework.TestSuite.run(TestSuite.java:203)
	at junit.framework.TestSuite.runTest(TestSuite.java:208)
	at junit.framework.TestSuite.run(TestSuite.java:203)
	at org.apache.tools.ant.taskdefs.optional.junit.JUnitTestRunner.run(JUnitTestRunner.java:297)
	at org.apache.tools.ant.taskdefs.optional.junit.JUnitTestRunner.launch(JUnitTestRunner.java:672)
	at org.apache.tools.ant.taskdefs.optional.junit.JUnitTestRunner.main(JUnitTestRunner.java:567)
Caused by: java.lang.ClassNotFoundException: other
	at java.net.URLClassLoader$1.run(URLClassLoader.java:199)
	at java.security.AccessController.doPrivileged(Native Method)
	at java.net.URLClassLoader.findClass(URLClassLoader.java:187)
	at java.lang.ClassLoader.loadClass(ClassLoader.java:289)
	at sun.misc.Launcher$AppClassLoader.loadClass(Launcher.java:274)
	at java.lang.ClassLoader.loadClass(ClassLoader.java:235)
	at java.lang.ClassLoader.loadClassInternal(ClassLoader.java:302)
	at java.lang.Class.forName0(Native Method)
	at java.lang.Class.forName(Class.java:141)
	at com.topcoder.util.objectfactory.ObjectFactory.resolveClass(ObjectFactory.java:733)
	at com.topcoder.util.objectfactory.ObjectFactory.createObjectByReflection(ObjectFactory.java:611)
	... 23 more
Caused by:java.lang.ClassNotFoundException: other
	at java.net.URLClassLoader$1.run(URLClassLoader.java:199)
	at java.security.AccessController.doPrivileged(Native Method)
	at java.net.URLClassLoader.findClass(URLClassLoader.java:187)
	at java.lang.ClassLoader.loadClass(ClassLoader.java:289)
	at sun.misc.Launcher$AppClassLoader.loadClass(Launcher.java:274)
	at java.lang.ClassLoader.loadClass(ClassLoader.java:235)
	at java.lang.ClassLoader.loadClassInternal(ClassLoader.java:302)
	at java.lang.Class.forName0(Native Method)
	at java.lang.Class.forName(Class.java:141)
	at com.topcoder.util.objectfactory.ObjectFactory.resolveClass(ObjectFactory.java:733)
	at com.topcoder.util.objectfactory.ObjectFactory.createObjectByReflection(ObjectFactory.java:611)
	at com.topcoder.util.objectfactory.ObjectFactory.createObject(ObjectFactory.java:340)
	at com.topcoder.util.objectfactory.ObjectFactory.createObject(ObjectFactory.java:112)
	at com.cronos.im.logic.MessagePoolDetector.main(MessagePoolDetector.java:135)
	at com.cronos.im.logic.MessagePoolDetectorUnitTests.test_main_failure6(MessagePoolDetectorUnitTests.java:134)
	at sun.reflect.NativeMethodAccessorImpl.invoke0(Native Method)
	at sun.reflect.NativeMethodAccessorImpl.invoke(NativeMethodAccessorImpl.java:39)
	at sun.reflect.DelegatingMethodAccessorImpl.invoke(DelegatingMethodAccessorImpl.java:25)
	at java.lang.reflect.Method.invoke(Method.java:324)
	at junit.framework.TestCase.runTest(TestCase.java:154)
	at junit.framework.TestCase.runBare(TestCase.java:127)
	at junit.framework.TestResult$1.protect(TestResult.java:106)
	at junit.framework.TestResult.runProtected(TestResult.java:124)
	at junit.framework.TestResult.run(TestResult.java:109)
	at junit.framework.TestCase.run(TestCase.java:118)
	at junit.framework.TestSuite.runTest(TestSuite.java:208)
	at junit.framework.TestSuite.run(TestSuite.java:203)
	at junit.framework.TestSuite.runTest(TestSuite.java:208)
	at junit.framework.TestSuite.run(TestSuite.java:203)
	at junit.framework.TestSuite.runTest(TestSuite.java:208)
	at junit.framework.TestSuite.run(TestSuite.java:203)
	at org.apache.tools.ant.taskdefs.optional.junit.JUnitTestRunner.run(JUnitTestRunner.java:297)
	at org.apache.tools.ant.taskdefs.optional.junit.JUnitTestRunner.launch(JUnitTestRunner.java:672)
	at org.apache.tools.ant.taskdefs.optional.junit.JUnitTestRunner.main(JUnitTestRunner.java:567)
com.cronos.im.logic.IMConfigurationException: The property message_pool_key is namespace com.cronos.im.logic.MessagePoolDetector.Invalid5 is missing.
	at com.cronos.im.logic.IMHelper.getRequiredConfigString(IMHelper.java:139)
	at com.cronos.im.logic.MessagePoolDetector.main(MessagePoolDetector.java:138)
	at com.cronos.im.logic.MessagePoolDetectorUnitTests.test_main_failure7(MessagePoolDetectorUnitTests.java:146)
	at sun.reflect.NativeMethodAccessorImpl.invoke0(Native Method)
	at sun.reflect.NativeMethodAccessorImpl.invoke(NativeMethodAccessorImpl.java:39)
	at sun.reflect.DelegatingMethodAccessorImpl.invoke(DelegatingMethodAccessorImpl.java:25)
	at java.lang.reflect.Method.invoke(Method.java:324)
	at junit.framework.TestCase.runTest(TestCase.java:154)
	at junit.framework.TestCase.runBare(TestCase.java:127)
	at junit.framework.TestResult$1.protect(TestResult.java:106)
	at junit.framework.TestResult.runProtected(TestResult.java:124)
	at junit.framework.TestResult.run(TestResult.java:109)
	at junit.framework.TestCase.run(TestCase.java:118)
	at junit.framework.TestSuite.runTest(TestSuite.java:208)
	at junit.framework.TestSuite.run(TestSuite.java:203)
	at junit.framework.TestSuite.runTest(TestSuite.java:208)
	at junit.framework.TestSuite.run(TestSuite.java:203)
	at junit.framework.TestSuite.runTest(TestSuite.java:208)
	at junit.framework.TestSuite.run(TestSuite.java:203)
	at org.apache.tools.ant.taskdefs.optional.junit.JUnitTestRunner.run(JUnitTestRunner.java:297)
	at org.apache.tools.ant.taskdefs.optional.junit.JUnitTestRunner.launch(JUnitTestRunner.java:672)
	at org.apache.tools.ant.taskdefs.optional.junit.JUnitTestRunner.main(JUnitTestRunner.java:567)
com.cronos.im.logic.IMConfigurationException: The 'whether_log' property must be either 'Yes' or 'No'.
	at com.cronos.im.logic.MessagePoolDetector.main(MessagePoolDetector.java:157)
	at com.cronos.im.logic.MessagePoolDetectorUnitTests.test_main_failure8(MessagePoolDetectorUnitTests.java:158)
	at sun.reflect.NativeMethodAccessorImpl.invoke0(Native Method)
	at sun.reflect.NativeMethodAccessorImpl.invoke(NativeMethodAccessorImpl.java:39)
	at sun.reflect.DelegatingMethodAccessorImpl.invoke(DelegatingMethodAccessorImpl.java:25)
	at java.lang.reflect.Method.invoke(Method.java:324)
	at junit.framework.TestCase.runTest(TestCase.java:154)
	at junit.framework.TestCase.runBare(TestCase.java:127)
	at junit.framework.TestResult$1.protect(TestResult.java:106)
	at junit.framework.TestResult.runProtected(TestResult.java:124)
	at junit.framework.TestResult.run(TestResult.java:109)
	at junit.framework.TestCase.run(TestCase.java:118)
	at junit.framework.TestSuite.runTest(TestSuite.java:208)
	at junit.framework.TestSuite.run(TestSuite.java:203)
	at junit.framework.TestSuite.runTest(TestSuite.java:208)
	at junit.framework.TestSuite.run(TestSuite.java:203)
	at junit.framework.TestSuite.runTest(TestSuite.java:208)
	at junit.framework.TestSuite.run(TestSuite.java:203)
	at org.apache.tools.ant.taskdefs.optional.junit.JUnitTestRunner.run(JUnitTestRunner.java:297)
	at org.apache.tools.ant.taskdefs.optional.junit.JUnitTestRunner.launch(JUnitTestRunner.java:672)
	at org.apache.tools.ant.taskdefs.optional.junit.JUnitTestRunner.main(JUnitTestRunner.java:567)
com.cronos.im.logic.IMConfigurationException: Inactive time interval can not be negative.
	at com.cronos.im.logic.MessagePoolDetector.main(MessagePoolDetector.java:151)
	at com.cronos.im.logic.MessagePoolDetectorUnitTests.test_main_failure9(MessagePoolDetectorUnitTests.java:170)
	at sun.reflect.NativeMethodAccessorImpl.invoke0(Native Method)
	at sun.reflect.NativeMethodAccessorImpl.invoke(NativeMethodAccessorImpl.java:39)
	at sun.reflect.DelegatingMethodAccessorImpl.invoke(DelegatingMethodAccessorImpl.java:25)
	at java.lang.reflect.Method.invoke(Method.java:324)
	at junit.framework.TestCase.runTest(TestCase.java:154)
	at junit.framework.TestCase.runBare(TestCase.java:127)
	at junit.framework.TestResult$1.protect(TestResult.java:106)
	at junit.framework.TestResult.runProtected(TestResult.java:124)
	at junit.framework.TestResult.run(TestResult.java:109)
	at junit.framework.TestCase.run(TestCase.java:118)
	at junit.framework.TestSuite.runTest(TestSuite.java:208)
	at junit.framework.TestSuite.run(TestSuite.java:203)
	at junit.framework.TestSuite.runTest(TestSuite.java:208)
	at junit.framework.TestSuite.run(TestSuite.java:203)
	at junit.framework.TestSuite.runTest(TestSuite.java:208)
	at junit.framework.TestSuite.run(TestSuite.java:203)
	at org.apache.tools.ant.taskdefs.optional.junit.JUnitTestRunner.run(JUnitTestRunner.java:297)
	at org.apache.tools.ant.taskdefs.optional.junit.JUnitTestRunner.launch(JUnitTestRunner.java:672)
	at org.apache.tools.ant.taskdefs.optional.junit.JUnitTestRunner.main(JUnitTestRunner.java:567)
com.cronos.im.logic.IMConfigurationException: The property inactive_time_interval is namespace com.cronos.im.logic.MessagePoolDetector.Invalid8 is missing.
	at com.cronos.im.logic.IMHelper.getRequiredConfigString(IMHelper.java:139)
	at com.cronos.im.logic.MessagePoolDetector.main(MessagePoolDetector.java:145)
	at com.cronos.im.logic.MessagePoolDetectorUnitTests.test_main_failure10(MessagePoolDetectorUnitTests.java:182)
	at sun.reflect.NativeMethodAccessorImpl.invoke0(Native Method)
	at sun.reflect.NativeMethodAccessorImpl.invoke(NativeMethodAccessorImpl.java:39)
	at sun.reflect.DelegatingMethodAccessorImpl.invoke(DelegatingMethodAccessorImpl.java:25)
	at java.lang.reflect.Method.invoke(Method.java:324)
	at junit.framework.TestCase.runTest(TestCase.java:154)
	at junit.framework.TestCase.runBare(TestCase.java:127)
	at junit.framework.TestResult$1.protect(TestResult.java:106)
	at junit.framework.TestResult.runProtected(TestResult.java:124)
	at junit.framework.TestResult.run(TestResult.java:109)
	at junit.framework.TestCase.run(TestCase.java:118)
	at junit.framework.TestSuite.runTest(TestSuite.java:208)
	at junit.framework.TestSuite.run(TestSuite.java:203)
	at junit.framework.TestSuite.runTest(TestSuite.java:208)
	at junit.framework.TestSuite.run(TestSuite.java:203)
	at junit.framework.TestSuite.runTest(TestSuite.java:208)
	at junit.framework.TestSuite.run(TestSuite.java:203)
	at org.apache.tools.ant.taskdefs.optional.junit.JUnitTestRunner.run(JUnitTestRunner.java:297)
	at org.apache.tools.ant.taskdefs.optional.junit.JUnitTestRunner.launch(JUnitTestRunner.java:672)
	at org.apache.tools.ant.taskdefs.optional.junit.JUnitTestRunner.main(JUnitTestRunner.java:567)
com.cronos.im.logic.IMConfigurationException: The property chat_session_manager_key is namespace com.cronos.im.logic.MessagePoolDetector.Invalid9 is empty.
	at com.cronos.im.logic.IMHelper.getOptionalConfigString(IMHelper.java:119)
	at com.cronos.im.logic.IMHelper.getRequiredConfigString(IMHelper.java:136)
	at com.cronos.im.logic.MessagePoolDetector.main(MessagePoolDetector.java:133)
	at com.cronos.im.logic.MessagePoolDetectorUnitTests.test_main_failure11(MessagePoolDetectorUnitTests.java:194)
	at sun.reflect.NativeMethodAccessorImpl.invoke0(Native Method)
	at sun.reflect.NativeMethodAccessorImpl.invoke(NativeMethodAccessorImpl.java:39)
	at sun.reflect.DelegatingMethodAccessorImpl.invoke(DelegatingMethodAccessorImpl.java:25)
	at java.lang.reflect.Method.invoke(Method.java:324)
	at junit.framework.TestCase.runTest(TestCase.java:154)
	at junit.framework.TestCase.runBare(TestCase.java:127)
	at junit.framework.TestResult$1.protect(TestResult.java:106)
	at junit.framework.TestResult.runProtected(TestResult.java:124)
	at junit.framework.TestResult.run(TestResult.java:109)
	at junit.framework.TestCase.run(TestCase.java:118)
	at junit.framework.TestSuite.runTest(TestSuite.java:208)
	at junit.framework.TestSuite.run(TestSuite.java:203)
	at junit.framework.TestSuite.runTest(TestSuite.java:208)
	at junit.framework.TestSuite.run(TestSuite.java:203)
	at junit.framework.TestSuite.runTest(TestSuite.java:208)
	at junit.framework.TestSuite.run(TestSuite.java:203)
	at org.apache.tools.ant.taskdefs.optional.junit.JUnitTestRunner.run(JUnitTestRunner.java:297)
	at org.apache.tools.ant.taskdefs.optional.junit.JUnitTestRunner.launch(JUnitTestRunner.java:672)
	at org.apache.tools.ant.taskdefs.optional.junit.JUnitTestRunner.main(JUnitTestRunner.java:567)
com.cronos.im.logic.IMConfigurationException: Inactive time interval string is invalid integer string.
	at com.cronos.im.logic.MessagePoolDetector.main(MessagePoolDetector.java:148)
	at com.cronos.im.logic.MessagePoolDetectorUnitTests.test_main_failure12(MessagePoolDetectorUnitTests.java:206)
	at sun.reflect.NativeMethodAccessorImpl.invoke0(Native Method)
	at sun.reflect.NativeMethodAccessorImpl.invoke(NativeMethodAccessorImpl.java:39)
	at sun.reflect.DelegatingMethodAccessorImpl.invoke(DelegatingMethodAccessorImpl.java:25)
	at java.lang.reflect.Method.invoke(Method.java:324)
	at junit.framework.TestCase.runTest(TestCase.java:154)
	at junit.framework.TestCase.runBare(TestCase.java:127)
	at junit.framework.TestResult$1.protect(TestResult.java:106)
	at junit.framework.TestResult.runProtected(TestResult.java:124)
	at junit.framework.TestResult.run(TestResult.java:109)
	at junit.framework.TestCase.run(TestCase.java:118)
	at junit.framework.TestSuite.runTest(TestSuite.java:208)
	at junit.framework.TestSuite.run(TestSuite.java:203)
	at junit.framework.TestSuite.runTest(TestSuite.java:208)
	at junit.framework.TestSuite.run(TestSuite.java:203)
	at junit.framework.TestSuite.runTest(TestSuite.java:208)
	at junit.framework.TestSuite.run(TestSuite.java:203)
	at org.apache.tools.ant.taskdefs.optional.junit.JUnitTestRunner.run(JUnitTestRunner.java:297)
	at org.apache.tools.ant.taskdefs.optional.junit.JUnitTestRunner.launch(JUnitTestRunner.java:672)
	at org.apache.tools.ant.taskdefs.optional.junit.JUnitTestRunner.main(JUnitTestRunner.java:567)
]]></system-err>
</testsuite>
