<?xml version="1.0" encoding="UTF-8" ?>
<testsuite errors="0" failures="0" name="com.topcoder.service.digitalrun.track.AllTests" tests="474" time="16.678">
  <properties>
    <property name="java.vendor" value="Sun Microsystems Inc."></property>
    <property name="package" value="com.topcoder.service.digitalrun.track"></property>
    <property name="docpackage.jar" value="dr_track_manager_docs.jar"></property>
    <property name="sun.java.launcher" value="SUN_STANDARD"></property>
    <property name="sun.management.compiler" value="HotSpot Client Compiler"></property>
    <property name="manifest_file_path" value="build/dist/dr_track_manager-1.0.0/META-INF/"></property>
    <property name="verbose" value="no"></property>
    <property name="os.name" value="Linux"></property>
    <property name="sun.boot.class.path" value="/root/jdk1.5.0_15/jre/lib/rt.jar:/root/jdk1.5.0_15/jre/lib/i18n.jar:/root/jdk1.5.0_15/jre/lib/sunrsasign.jar:/root/jdk1.5.0_15/jre/lib/jsse.jar:/root/jdk1.5.0_15/jre/lib/jce.jar:/root/jdk1.5.0_15/jre/lib/charsets.jar:/root/jdk1.5.0_15/jre/classes"></property>
    <property name="docsdir" value="docs"></property>
    <property name="javadoc.jar" value="javadocs.jar"></property>
    <property name="design_submission.jar" value="dr_track_manager_1.0.0_design_submission.jar"></property>
    <property name="sun.desktop" value="gnome"></property>
    <property name="component.tests.jar" value="build/dist/lib/tcs/dr_track_manager_tests.jar"></property>
    <property name="object_formatter.jar" value="/mnt/hgfs/lib/tcs/object_formatter/1.0/object_formatter.jar"></property>
    <property name="java.vm.specification.vendor" value="Sun Microsystems Inc."></property>
    <property name="ant.home" value="/ant"></property>
    <property name="java.runtime.version" value="1.5.0_15-b04"></property>
    <property name="component_path" value="dr_track_manager/1.0.0"></property>
    <property name="java_home" value="/root/jdk1.5.0_15"></property>
    <property name="cobertura.dir" value="/mnt/hgfs/lib/cobertura/1.9"></property>
    <property name="component.version.micro" value="0"></property>
    <property name="user.name" value="root"></property>
    <property name="manifest_file" value="build/dist/dr_track_manager-1.0.0/META-INF//MANIFEST.MF"></property>
    <property name="logging_wrapper.jar" value="/mnt/hgfs/lib/tcs/logging_wrapper/2.0/logging_wrapper.jar"></property>
    <property name="debug" value="off"></property>
    <property name="reports" value="log/reports"></property>
    <property name="testfiles" value="test_files"></property>
    <property name="component.version.major" value="1"></property>
    <property name="component_version" value="1.0.0"></property>
    <property name="dist_coverage" value="build/dist/dr_track_manager-1.0.0/docs/coverage"></property>
    <property name="component.packagedir" value="com/topcoder/service/digitalrun/track"></property>
    <property name="user.language" value="en"></property>
    <property name="cobertura.datafile" value="log/cobertura.ser"></property>
    <property name="javadoc.locale" value="en_US"></property>
    <property name="sun.boot.library.path" value="/root/jdk1.5.0_15/jre/lib/i386"></property>
    <property name="configuration_persistence.jar" value="/mnt/hgfs/lib/tcs/configuration_persistence/1.0.1/configuration_persistence.jar"></property>
    <property name="infojdbc.jar" value="/opt/IBM/informix/jdbc/lib/ifxjdbc.jar"></property>
    <property name="tcs_libdir" value="/mnt/hgfs/lib/tcs"></property>
    <property name="search_builder.jar" value="/mnt/hgfs/lib/tcs/search_builder/1.3.2/search_builder.jar"></property>
    <property name="srcdir" value="src"></property>
    <property name="ant.project.name" value="TopCoder Java Generic Build"></property>
    <property name="component.bootclasspath" value="C:/Program Files/Java/jdk1.5.0_15"></property>
    <property name="component.version.minor" value="0"></property>
    <property name="java.version" value="1.5.0_15"></property>
    <property name="user.timezone" value=""></property>
    <property name="dev_dist.jar" value="dr_track_manager_1.0.0_dev_dist.jar"></property>
    <property name="sun.arch.data.model" value="32"></property>
    <property name="java.endorsed.dirs" value="/root/jdk1.5.0_15/jre/lib/endorsed"></property>
    <property name="sun.cpu.isalist" value=""></property>
    <property name="packagedir" value="com/topcoder/service/digitalrun/track"></property>
    <property name="sun.jnu.encoding" value="UTF-8"></property>
    <property name="file.encoding.pkg" value="sun.io"></property>
    <property name="file.separator" value="/"></property>
    <property name="java.specification.name" value="Java Platform API Specification"></property>
    <property name="build_docsdir" value="build/docs"></property>
    <property name="dev_submission.jar" value="dr_track_manager_1.0.0_dev_submission.jar"></property>
    <property name="java.class.version" value="49.0"></property>
    <property name="db_connection_factory.jar" value="/mnt/hgfs/lib/tcs/db_connection_factory/1.1/db_connection_factory.jar"></property>
    <property name="build_testclassdir" value="build/testClasses"></property>
    <property name="user.country" value="US"></property>
    <property name="java.home" value="/root/jdk1.5.0_15/jre"></property>
    <property name="component.distfilename" value="dr_track_manager"></property>
    <property name="component.version.build" value="1"></property>
    <property name="java.vm.info" value="mixed mode, sharing"></property>
    <property name="orajdbc.jar" value="/mnt/hgfs/lib/db/oracle/ojdbc14_10g.jar"></property>
    <property name="ant.file" value="/mnt/hgfs/tc/dr_track_manager/build.xml"></property>
    <property name="os.version" value="2.6.9-67.0.20.ELsmp"></property>
    <property name="build_distdir" value="build/dist"></property>
    <property name="dist_docpackage" value="build/doc_package"></property>
    <property name="build_tcsdistdir" value="build/dist/dr_track_manager-1.0.0"></property>
    <property name="path.separator" value=":"></property>
    <property name="testlogdir" value="log"></property>
    <property name="java.vm.version" value="1.5.0_15-b04"></property>
    <property name="ant.library.dir" value="/ant/lib"></property>
    <property name="component.name" value="DR Track Manager"></property>
    <property name="base_exception.jar" value="/mnt/hgfs/lib/tcs/base_exception/2.0/base_exception.jar"></property>
    <property name="javamain" value="src/java/main"></property>
    <property name="dist_javadocs" value="build/dist/dr_track_manager-1.0.0/docs/javadocs"></property>
    <property name="dist_lib" value="build/dist/lib/tcs"></property>
    <property name="java.awt.printerjob" value="sun.print.PSPrinterJob"></property>
    <property name="sun.io.unicode.encoding" value="UnicodeLittle"></property>
    <property name="component" value="DR Track Manager"></property>
    <property name="tcs_home" value="/mnt/hgfs/tc"></property>
    <property name="user.home" value="/root"></property>
    <property name="object_factory_configuration_api_plugin.jar" value="/mnt/hgfs/lib/tcs/object_factory_configuration_api_plugin/1.0/object_factory_configuration_api_plugin.jar"></property>
    <property name="java.specification.vendor" value="Sun Microsystems Inc."></property>
    <property name="object_factory.jar" value="/mnt/hgfs/lib/tcs/object_factory/2.0.1/object_factory.jar"></property>
    <property name="data_validation.jar" value="/mnt/hgfs/lib/tcs/data_validation/1.1.1/data_validation.jar"></property>
    <property name="java.vendor.url" value="http://java.sun.com/"></property>
    <property name="java.library.path" value="/root/jdk1.5.0_15/jre/lib/i386/client:/root/jdk1.5.0_15/jre/lib/i386:/root/jdk1.5.0_15/jre/../lib/i386"></property>
    <property name="build_javadocsdir" value="build/docs/javadocs"></property>
    <property name="configdir" value="conf"></property>
    <property name="java.vm.vendor" value="Sun Microsystems Inc."></property>
    <property name="ant.file.TopCoder Java Generic Build" value="/mnt/hgfs/tc/dr_track_manager/build.xml"></property>
    <property name="java.runtime.name" value="Java(TM) 2 Runtime Environment, Standard Edition"></property>
    <property name="ant.version" value="Apache Ant version 1.6.5 compiled on June 2 2005"></property>
    <property name="java.class.path" value="/mnt/hgfs/tc/dr_track_manager/build/testClasses:/mnt/hgfs/lib/junit/4.4/junit-4.4.jar:/mnt/hgfs/lib/easymock/2.3/easymock.jar:/mnt/hgfs/lib/tcs/base_exception/2.0/base_exception.jar:/mnt/hgfs/lib/tcs/logging_wrapper/2.0/logging_wrapper.jar:/mnt/hgfs/lib/tcs/object_formatter/1.0/object_formatter.jar:/mnt/hgfs/lib/tcs/configuration_api/1.0/configuration_api.jar:/mnt/hgfs/lib/tcs/object_factory/2.0.1/object_factory.jar:/mnt/hgfs/lib/tcs/object_factory_configuration_api_plugin/1.0/object_factory_configuration_api_plugin.jar:/mnt/hgfs/lib/tcs/configuration_persistence/1.0.1/configuration_persistence.jar:/mnt/hgfs/lib/tcs/search_builder/1.3.2/search_builder.jar:/mnt/hgfs/lib/tcs/data_validation/1.1.1/data_validation.jar:/mnt/hgfs/lib/tcs/typesafe_enum/1.1/typesafe_enum.jar:/mnt/hgfs/lib/tcs/id_generator/3.0/id_generator.jar:/mnt/hgfs/lib/tcs/db_connection_factory/1.1/db_connection_factory.jar:/mnt/hgfs/lib/tcs/class_associations/1.0/class_associations.jar:/mnt/hgfs/lib/tcs/configuration_manager/2.1.5/configuration_manager.jar:/mnt/hgfs/tc/dr_track_manager/test_files/digital_run_entities.jar:/opt/IBM/informix/jdbc/lib/ifxjdbc.jar:/jboss-4.2.2.GA/client/antlr.jar:/jboss-4.2.2.GA/client/ejb3-persistence.jar:/jboss-4.2.2.GA/client/jboss-ejb3x.jar:/jboss-4.2.2.GA/client/jboss-j2ee.jar:/jboss-4.2.2.GA/client/jboss-jaxrpc.jar:/jboss-4.2.2.GA/client/jbossall-client.jar:/jboss-4.2.2.GA/server/default/lib/cglib.jar:/jboss-4.2.2.GA/server/default/lib/commons-collections.jar:/jboss-4.2.2.GA/server/default/lib/dom4j.jar:/jboss-4.2.2.GA/server/default/lib/hibernate-annotations.jar:/jboss-4.2.2.GA/server/default/lib/hibernate-entitymanager.jar:/jboss-4.2.2.GA/server/default/lib/hibernate3.jar:/mnt/hgfs/tc/dr_track_manager/build/classes:/mnt/hgfs/tc/dr_track_manager/conf:/mnt/hgfs/tc/dr_track_manager/test_files:/ant/lib/junit.jar:/ant/lib/ant-launcher.jar:/ant/lib/ant.jar:/ant/lib/ant-junit.jar"></property>
    <property name="configuration_manager.jar" value="/mnt/hgfs/lib/tcs/configuration_manager/2.1.5/configuration_manager.jar"></property>
    <property name="hibernate_core" value="/mnt/hgfs/lib/hibernate/core/3.2"></property>
    <property name="ext_libdir" value="/mnt/hgfs/lib"></property>
    <property name="builddir" value="build"></property>
    <property name="java.vm.specification.name" value="Java Virtual Machine Specification"></property>
    <property name="java.vm.specification.version" value="1.0"></property>
    <property name="junit.jar" value="/mnt/hgfs/lib/junit/4.4/junit-4.4.jar"></property>
    <property name="component.dist.jar" value="build/dist/dr_track_manager-1.0.0.jar"></property>
    <property name="sun.cpu.endian" value="little"></property>
    <property name="sun.os.patch.level" value="unknown"></property>
    <property name="java.io.tmpdir" value="/tmp"></property>
    <property name="component.target" value="1.5"></property>
    <property name="java.vendor.url.bug" value="http://java.sun.com/cgi-bin/bugreport.cgi"></property>
    <property name="javac.encoding" value="UTF-8"></property>
    <property name="build_targetclassdir" value="build/targetclasses"></property>
    <property name="javatests" value="src/java/tests"></property>
    <property name="build_classdir" value="build/classes"></property>
    <property name="javadocsdir" value="docs/javadocs"></property>
    <property name="id_generator.jar" value="/mnt/hgfs/lib/tcs/id_generator/3.0/id_generator.jar"></property>
    <property name="java.awt.graphicsenv" value="sun.awt.X11GraphicsEnvironment"></property>
    <property name="os.arch" value="i386"></property>
    <property name="instrumented.dir" value="build/instrumented"></property>
    <property name="test_reflib" value="test_reflib"></property>
    <property name="typesafe_enum.jar" value="/mnt/hgfs/lib/tcs/typesafe_enum/1.1/typesafe_enum.jar"></property>
    <property name="java.ext.dirs" value="/root/jdk1.5.0_15/jre/lib/ext"></property>
    <property name="user.dir" value="/mnt/hgfs/tc/dr_track_manager"></property>
    <property name="design_dist.jar" value="dr_track_manager_1.0.0_design_dist.jar"></property>
    <property name="easymock.jar" value="/mnt/hgfs/lib/easymock/2.3/easymock.jar"></property>
    <property name="jboss" value="/jboss-4.2.2.GA"></property>
    <property name="javasrc" value="src/java"></property>
    <property name="line.separator" value="
"></property>
    <property name="java.vm.name" value="Java HotSpot(TM) Client VM"></property>
    <property name="distfilename" value="dr_track_manager"></property>
    <property name="java_1_3_bootclasspath" value="/root/jdk1.5.0_15libt.jar"></property>
    <property name="basedir" value="/mnt/hgfs/tc/dr_track_manager"></property>
    <property name="ant.java.version" value="1.5"></property>
    <property name="configuration_api.jar" value="/mnt/hgfs/lib/tcs/configuration_api/1.0/configuration_api.jar"></property>
    <property name="file.encoding" value="UTF-8"></property>
    <property name="dist_docs" value="build/dist/dr_track_manager-1.0.0/docs"></property>
    <property name="component.jar" value="build/dist/lib/tcs/dr_track_manager/1.0.0/dr_track_manager.jar"></property>
    <property name="java.specification.version" value="1.5"></property>
    <property name="target_libdir" value="/mnt/hgfs/lib/tcs"></property>
    <property name="component.package" value="com.topcoder.service.digitalrun.track"></property>
    <property name="ant.file.Dependency Import" value="/mnt/hgfs/tc/dr_track_manager/build-dependencies.xml"></property>
    <property name="class_associations.jar" value="/mnt/hgfs/lib/tcs/class_associations/1.0/class_associations.jar"></property>
  </properties>
  <testcase classname="com.topcoder.service.digitalrun.track.manager.bean.DigitalRunTrackManagerBeanTests" name="testCtor" time="0.0050"></testcase>
  <testcase classname="com.topcoder.service.digitalrun.track.manager.bean.DigitalRunTrackManagerBeanTests" name="testCreateTrack" time="0.575"></testcase>
  <testcase classname="com.topcoder.service.digitalrun.track.manager.bean.DigitalRunTrackManagerBeanTests" name="testCreateTrack_nulltrack" time="0.0060"></testcase>
  <testcase classname="com.topcoder.service.digitalrun.track.manager.bean.DigitalRunTrackManagerBeanTests" name="testCreateTrack_exceptionOccurs" time="0.0"></testcase>
  <testcase classname="com.topcoder.service.digitalrun.track.manager.bean.DigitalRunTrackManagerBeanTests" name="testCreateTrack_withPositiveIdtrack" time="0.0"></testcase>
  <testcase classname="com.topcoder.service.digitalrun.track.manager.bean.DigitalRunTrackManagerBeanTests" name="testUpdateTrack" time="0.051"></testcase>
  <testcase classname="com.topcoder.service.digitalrun.track.manager.bean.DigitalRunTrackManagerBeanTests" name="testUpdateTrack_nulltrack" time="0.0020"></testcase>
  <testcase classname="com.topcoder.service.digitalrun.track.manager.bean.DigitalRunTrackManagerBeanTests" name="testUpdateTrack_notExistTrack" time="0.09"></testcase>
  <testcase classname="com.topcoder.service.digitalrun.track.manager.bean.DigitalRunTrackManagerBeanTests" name="testRemoveTrack" time="0.031"></testcase>
  <testcase classname="com.topcoder.service.digitalrun.track.manager.bean.DigitalRunTrackManagerBeanTests" name="testRemoveTrack_negativeId" time="0.0010"></testcase>
  <testcase classname="com.topcoder.service.digitalrun.track.manager.bean.DigitalRunTrackManagerBeanTests" name="testRemoveTrack_notExist" time="0.031"></testcase>
  <testcase classname="com.topcoder.service.digitalrun.track.manager.bean.DigitalRunTrackManagerBeanTests" name="testRemoveTrack_exceptionOccurs" time="0.0"></testcase>
  <testcase classname="com.topcoder.service.digitalrun.track.manager.bean.DigitalRunTrackManagerBeanTests" name="testGetTrack_negativeId" time="0.0"></testcase>
  <testcase classname="com.topcoder.service.digitalrun.track.manager.bean.DigitalRunTrackManagerBeanTests" name="testGetTrack_notExistId" time="0.0070"></testcase>
  <testcase classname="com.topcoder.service.digitalrun.track.manager.bean.DigitalRunTrackManagerBeanTests" name="testGetTrack" time="0.034"></testcase>
  <testcase classname="com.topcoder.service.digitalrun.track.manager.bean.DigitalRunTrackManagerBeanTests" name="testGetActiveTracks" time="0.339"></testcase>
  <testcase classname="com.topcoder.service.digitalrun.track.manager.bean.DigitalRunTrackManagerBeanTests" name="testRemoveTrackProjectType" time="0.073"></testcase>
  <testcase classname="com.topcoder.service.digitalrun.track.manager.bean.DigitalRunTrackManagerBeanTests" name="testRemoveTrackProjectType_notExistProjectType" time="0.101"></testcase>
  <testcase classname="com.topcoder.service.digitalrun.track.manager.bean.DigitalRunTrackManagerBeanTests" name="testRemoveTrackProjectType_notExistTrack" time="0.023"></testcase>
  <testcase classname="com.topcoder.service.digitalrun.track.manager.bean.DigitalRunTrackManagerBeanTests" name="testaddTrackProjectType" time="0.199"></testcase>
  <testcase classname="com.topcoder.service.digitalrun.track.manager.bean.DigitalRunTrackManagerBeanTests" name="testaddTrackProjectType_notExistPRojectType" time="0.029"></testcase>
  <testcase classname="com.topcoder.service.digitalrun.track.manager.bean.DigitalRunTrackManagerBeanTests" name="testaddTrackProjectType_notExistTrack" time="0.082"></testcase>
  <testcase classname="com.topcoder.service.digitalrun.track.manager.bean.DigitalRunTrackManagerBeanTests" name="testSearchTracks_nullFilter" time="0.0"></testcase>
  <testcase classname="com.topcoder.service.digitalrun.track.manager.bean.DigitalRunTrackManagerBeanTests" name="testSearchTracks" time="0.0040"></testcase>
  <testcase classname="com.topcoder.service.digitalrun.track.manager.bean.DigitalRunTrackManagerBeanTests" name="testCreatePointsCalculator_nullParam" time="0.0"></testcase>
  <testcase classname="com.topcoder.service.digitalrun.track.manager.bean.DigitalRunTrackManagerBeanTests" name="testCreatePointsCalculator_positiveIdParam" time="0.0"></testcase>
  <testcase classname="com.topcoder.service.digitalrun.track.manager.bean.DigitalRunTrackManagerBeanTests" name="testCreatePointsCalculator" time="0.018"></testcase>
  <testcase classname="com.topcoder.service.digitalrun.track.manager.bean.DigitalRunTrackManagerBeanTests" name="testUpdatePointsCalculator_nullParam" time="0.0"></testcase>
  <testcase classname="com.topcoder.service.digitalrun.track.manager.bean.DigitalRunTrackManagerBeanTests" name="testUpdatePointsCalculator" time="0.012"></testcase>
  <testcase classname="com.topcoder.service.digitalrun.track.manager.bean.DigitalRunTrackManagerBeanTests" name="testRemovePointsCalculator" time="0.0090"></testcase>
  <testcase classname="com.topcoder.service.digitalrun.track.manager.bean.DigitalRunTrackManagerBeanTests" name="testRemovePointsCalculator_negativeId" time="0.0"></testcase>
  <testcase classname="com.topcoder.service.digitalrun.track.manager.bean.DigitalRunTrackManagerBeanTests" name="testRemovePointsCalculator_notExistId" time="0.0030"></testcase>
  <testcase classname="com.topcoder.service.digitalrun.track.manager.bean.DigitalRunTrackManagerBeanTests" name="testRemovePointsCalculator_exception" time="0.0"></testcase>
  <testcase classname="com.topcoder.service.digitalrun.track.manager.bean.DigitalRunTrackManagerBeanTests" name="testGetPointsCalculator" time="0.0090"></testcase>
  <testcase classname="com.topcoder.service.digitalrun.track.manager.bean.DigitalRunTrackManagerBeanTests" name="testGetAllPointsCalculators" time="0.013"></testcase>
  <testcase classname="com.topcoder.service.digitalrun.track.manager.bean.DigitalRunTrackManagerBeanTests" name="testgetAllPointsCalculators_exception" time="0.0"></testcase>
  <testcase classname="com.topcoder.service.digitalrun.track.manager.bean.DigitalRunTrackManagerBeanTests" name="testGetPointsCalculator_negativeId" time="0.0"></testcase>
  <testcase classname="com.topcoder.service.digitalrun.track.manager.bean.DigitalRunTrackManagerBeanTests" name="testGetPointsCalculator_notExistId" time="0.0050"></testcase>
  <testcase classname="com.topcoder.service.digitalrun.track.manager.bean.DigitalRunTrackManagerBeanTests" name="testGetPointsCalculator_exception" time="0.0"></testcase>
  <testcase classname="com.topcoder.service.digitalrun.track.manager.bean.DigitalRunTrackManagerBeanTests" name="testGetProjectType" time="0.334"></testcase>
  <testcase classname="com.topcoder.service.digitalrun.track.manager.bean.DigitalRunTrackManagerBeanTests" name="testGetProjectType_notExistEntity" time="0.0030"></testcase>
  <testcase classname="com.topcoder.service.digitalrun.track.manager.bean.DigitalRunTrackManagerBeanTests" name="testGetProjectType_error" time="0.0010"></testcase>
  <testcase classname="com.topcoder.service.digitalrun.track.manager.bean.DigitalRunTrackManagerBeanTests" name="testGetProjectType_negativeId" time="0.0010"></testcase>
  <testcase classname="com.topcoder.service.digitalrun.track.manager.bean.DigitalRunTrackManagerBeanTests" name="testGetAllProjectTypes_error" time="0.0010"></testcase>
  <testcase classname="com.topcoder.service.digitalrun.track.manager.bean.DigitalRunTrackManagerBeanTests" name="testGetAllProjectTypes" time="0.048"></testcase>
  <testcase classname="com.topcoder.service.digitalrun.track.manager.bean.DigitalRunTrackManagerBeanTests" name="testCreateTrackStatus_nullParam" time="0.0"></testcase>
  <testcase classname="com.topcoder.service.digitalrun.track.manager.bean.DigitalRunTrackManagerBeanTests" name="testCreateTrackStatus_positiveIdParam" time="0.0010"></testcase>
  <testcase classname="com.topcoder.service.digitalrun.track.manager.bean.DigitalRunTrackManagerBeanTests" name="testCreateTrackStatus" time="0.085"></testcase>
  <testcase classname="com.topcoder.service.digitalrun.track.manager.bean.DigitalRunTrackManagerBeanTests" name="testUpdateTrackStatus_nullParam" time="0.0"></testcase>
  <testcase classname="com.topcoder.service.digitalrun.track.manager.bean.DigitalRunTrackManagerBeanTests" name="testUpdateTrackStatus" time="0.119"></testcase>
  <testcase classname="com.topcoder.service.digitalrun.track.manager.bean.DigitalRunTrackManagerBeanTests" name="testRemoveTrackStatus" time="0.097"></testcase>
  <testcase classname="com.topcoder.service.digitalrun.track.manager.bean.DigitalRunTrackManagerBeanTests" name="testRemoveTrackStatus_negativeId" time="0.0"></testcase>
  <testcase classname="com.topcoder.service.digitalrun.track.manager.bean.DigitalRunTrackManagerBeanTests" name="testRemoveTrackStatus_notExistId" time="0.0040"></testcase>
  <testcase classname="com.topcoder.service.digitalrun.track.manager.bean.DigitalRunTrackManagerBeanTests" name="testRemoveTrackStatus_exception" time="0.0"></testcase>
  <testcase classname="com.topcoder.service.digitalrun.track.manager.bean.DigitalRunTrackManagerBeanTests" name="testGetTrackStatus" time="0.144"></testcase>
  <testcase classname="com.topcoder.service.digitalrun.track.manager.bean.DigitalRunTrackManagerBeanTests" name="testGetAllTrackStatuss" time="0.023"></testcase>
  <testcase classname="com.topcoder.service.digitalrun.track.manager.bean.DigitalRunTrackManagerBeanTests" name="testgetAllTrackStatuss_exception" time="0.0010"></testcase>
  <testcase classname="com.topcoder.service.digitalrun.track.manager.bean.DigitalRunTrackManagerBeanTests" name="testGetTrackStatus_negativeId" time="0.0"></testcase>
  <testcase classname="com.topcoder.service.digitalrun.track.manager.bean.DigitalRunTrackManagerBeanTests" name="testGetTrackStatus_notExistId" time="0.0040"></testcase>
  <testcase classname="com.topcoder.service.digitalrun.track.manager.bean.DigitalRunTrackManagerBeanTests" name="testGetTrackStatus_exception" time="0.0010"></testcase>
  <testcase classname="com.topcoder.service.digitalrun.track.manager.bean.DigitalRunTrackManagerBeanTests" name="testCreateTrackType_nullParam" time="0.0"></testcase>
  <testcase classname="com.topcoder.service.digitalrun.track.manager.bean.DigitalRunTrackManagerBeanTests" name="testCreateTrackType_positiveIdParam" time="0.0"></testcase>
  <testcase classname="com.topcoder.service.digitalrun.track.manager.bean.DigitalRunTrackManagerBeanTests" name="testCreateTrackType" time="0.025"></testcase>
  <testcase classname="com.topcoder.service.digitalrun.track.manager.bean.DigitalRunTrackManagerBeanTests" name="testUpdateTrackType_nullParam" time="0.0"></testcase>
  <testcase classname="com.topcoder.service.digitalrun.track.manager.bean.DigitalRunTrackManagerBeanTests" name="testUpdateTrackType" time="0.134"></testcase>
  <testcase classname="com.topcoder.service.digitalrun.track.manager.bean.DigitalRunTrackManagerBeanTests" name="testRemoveTrackType" time="0.042"></testcase>
  <testcase classname="com.topcoder.service.digitalrun.track.manager.bean.DigitalRunTrackManagerBeanTests" name="testRemoveTrackType_negativeId" time="0.0"></testcase>
  <testcase classname="com.topcoder.service.digitalrun.track.manager.bean.DigitalRunTrackManagerBeanTests" name="testRemoveTrackType_notExistId" time="0.0040"></testcase>
  <testcase classname="com.topcoder.service.digitalrun.track.manager.bean.DigitalRunTrackManagerBeanTests" name="testRemoveTrackType_exception" time="0.0"></testcase>
  <testcase classname="com.topcoder.service.digitalrun.track.manager.bean.DigitalRunTrackManagerBeanTests" name="testGetTrackType" time="0.026"></testcase>
  <testcase classname="com.topcoder.service.digitalrun.track.manager.bean.DigitalRunTrackManagerBeanTests" name="testGetAllTrackTypes" time="0.017"></testcase>
  <testcase classname="com.topcoder.service.digitalrun.track.manager.bean.DigitalRunTrackManagerBeanTests" name="testgetAllTrackTypes_exception" time="0.0"></testcase>
  <testcase classname="com.topcoder.service.digitalrun.track.manager.bean.DigitalRunTrackManagerBeanTests" name="testGetTrackType_negativeId" time="0.0010"></testcase>
  <testcase classname="com.topcoder.service.digitalrun.track.manager.bean.DigitalRunTrackManagerBeanTests" name="testGetTrackType_notExistId" time="0.0050"></testcase>
  <testcase classname="com.topcoder.service.digitalrun.track.manager.bean.DigitalRunTrackManagerBeanTests" name="testGetTrackType_exception" time="0.0010"></testcase>
  <testcase classname="com.topcoder.service.digitalrun.track.dao.implementations.JPADigitalRunPointsCalculatorDAOTests" name="testCreatePointsCalculator_nullParam" time="0.0060"></testcase>
  <testcase classname="com.topcoder.service.digitalrun.track.dao.implementations.JPADigitalRunPointsCalculatorDAOTests" name="testCreatePointsCalculator_positiveIdParam" time="0.0"></testcase>
  <testcase classname="com.topcoder.service.digitalrun.track.dao.implementations.JPADigitalRunPointsCalculatorDAOTests" name="testCreatePointsCalculator" time="0.016"></testcase>
  <testcase classname="com.topcoder.service.digitalrun.track.dao.implementations.JPADigitalRunPointsCalculatorDAOTests" name="testUpdatePointsCalculator_nullParam" time="0.0"></testcase>
  <testcase classname="com.topcoder.service.digitalrun.track.dao.implementations.JPADigitalRunPointsCalculatorDAOTests" name="testUpdatePointsCalculator" time="0.016"></testcase>
  <testcase classname="com.topcoder.service.digitalrun.track.dao.implementations.JPADigitalRunPointsCalculatorDAOTests" name="testRemovePointsCalculator" time="0.044"></testcase>
  <testcase classname="com.topcoder.service.digitalrun.track.dao.implementations.JPADigitalRunPointsCalculatorDAOTests" name="testRemovePointsCalculator_negativeId" time="0.0010"></testcase>
  <testcase classname="com.topcoder.service.digitalrun.track.dao.implementations.JPADigitalRunPointsCalculatorDAOTests" name="testRemovePointsCalculator_notExistId" time="0.0030"></testcase>
  <testcase classname="com.topcoder.service.digitalrun.track.dao.implementations.JPADigitalRunPointsCalculatorDAOTests" name="testRemovePointsCalculator_exception" time="0.0010"></testcase>
  <testcase classname="com.topcoder.service.digitalrun.track.dao.implementations.JPADigitalRunPointsCalculatorDAOTests" name="testGetPointsCalculator" time="0.014"></testcase>
  <testcase classname="com.topcoder.service.digitalrun.track.dao.implementations.JPADigitalRunPointsCalculatorDAOTests" name="testGetAllPointsCalculators" time="0.056"></testcase>
  <testcase classname="com.topcoder.service.digitalrun.track.dao.implementations.JPADigitalRunPointsCalculatorDAOTests" name="testgetAllPointsCalculators_exception" time="0.0010"></testcase>
  <testcase classname="com.topcoder.service.digitalrun.track.dao.implementations.JPADigitalRunPointsCalculatorDAOTests" name="testGetPointsCalculator_negativeId" time="0.0"></testcase>
  <testcase classname="com.topcoder.service.digitalrun.track.dao.implementations.JPADigitalRunPointsCalculatorDAOTests" name="testGetPointsCalculator_notExistId" time="0.0040"></testcase>
  <testcase classname="com.topcoder.service.digitalrun.track.dao.implementations.JPADigitalRunPointsCalculatorDAOTests" name="testGetPointsCalculator_exception" time="0.0"></testcase>
  <testcase classname="com.topcoder.service.digitalrun.track.dao.implementations.JPADigitalRunProjectTypeDAOTests" name="testGetProjectType" time="0.015"></testcase>
  <testcase classname="com.topcoder.service.digitalrun.track.dao.implementations.JPADigitalRunProjectTypeDAOTests" name="testGetProjectType_notExistEntity" time="0.0050"></testcase>
  <testcase classname="com.topcoder.service.digitalrun.track.dao.implementations.JPADigitalRunProjectTypeDAOTests" name="testGetProjectType_error" time="0.0"></testcase>
  <testcase classname="com.topcoder.service.digitalrun.track.dao.implementations.JPADigitalRunProjectTypeDAOTests" name="testGetProjectType_negativeId" time="0.0010"></testcase>
  <testcase classname="com.topcoder.service.digitalrun.track.dao.implementations.JPADigitalRunProjectTypeDAOTests" name="testGetAllProjectTypes_error" time="0.0"></testcase>
  <testcase classname="com.topcoder.service.digitalrun.track.dao.implementations.JPADigitalRunProjectTypeDAOTests" name="testGetAllProjectTypes" time="0.018"></testcase>
  <testcase classname="com.topcoder.service.digitalrun.track.dao.implementations.JPADigitalRunTrackDAOTests" name="testCreateTrack" time="0.074"></testcase>
  <testcase classname="com.topcoder.service.digitalrun.track.dao.implementations.JPADigitalRunTrackDAOTests" name="testCreateTrack_nulltrack" time="0.0"></testcase>
  <testcase classname="com.topcoder.service.digitalrun.track.dao.implementations.JPADigitalRunTrackDAOTests" name="testCreateTrack_exceptionOccurs" time="0.0"></testcase>
  <testcase classname="com.topcoder.service.digitalrun.track.dao.implementations.JPADigitalRunTrackDAOTests" name="testCreateTrack_withPositiveIdtrack" time="0.0050"></testcase>
  <testcase classname="com.topcoder.service.digitalrun.track.dao.implementations.JPADigitalRunTrackDAOTests" name="testUpdateTrack" time="0.059"></testcase>
  <testcase classname="com.topcoder.service.digitalrun.track.dao.implementations.JPADigitalRunTrackDAOTests" name="testUpdateTrack_nulltrack" time="0.0"></testcase>
  <testcase classname="com.topcoder.service.digitalrun.track.dao.implementations.JPADigitalRunTrackDAOTests" name="testUpdateTrack_notExistTrack" time="0.074"></testcase>
  <testcase classname="com.topcoder.service.digitalrun.track.dao.implementations.JPADigitalRunTrackDAOTests" name="testRemoveTrack" time="0.12"></testcase>
  <testcase classname="com.topcoder.service.digitalrun.track.dao.implementations.JPADigitalRunTrackDAOTests" name="testRemoveTrack_negativeId" time="0.0010"></testcase>
  <testcase classname="com.topcoder.service.digitalrun.track.dao.implementations.JPADigitalRunTrackDAOTests" name="testRemoveTrack_notExist" time="0.032"></testcase>
  <testcase classname="com.topcoder.service.digitalrun.track.dao.implementations.JPADigitalRunTrackDAOTests" name="testRemoveTrack_exceptionOccurs" time="0.0010"></testcase>
  <testcase classname="com.topcoder.service.digitalrun.track.dao.implementations.JPADigitalRunTrackDAOTests" name="testGetTrack_negativeId" time="0.0010"></testcase>
  <testcase classname="com.topcoder.service.digitalrun.track.dao.implementations.JPADigitalRunTrackDAOTests" name="testGetTrack_notExistId" time="0.0050"></testcase>
  <testcase classname="com.topcoder.service.digitalrun.track.dao.implementations.JPADigitalRunTrackDAOTests" name="testGetTrack" time="0.035"></testcase>
  <testcase classname="com.topcoder.service.digitalrun.track.dao.implementations.JPADigitalRunTrackDAOTests" name="testGetActiveTracks" time="0.052"></testcase>
  <testcase classname="com.topcoder.service.digitalrun.track.dao.implementations.JPADigitalRunTrackDAOTests" name="testRemoveTrackProjectType" time="0.078"></testcase>
  <testcase classname="com.topcoder.service.digitalrun.track.dao.implementations.JPADigitalRunTrackDAOTests" name="testRemoveTrackProjectType_notExistProjectType" time="0.041"></testcase>
  <testcase classname="com.topcoder.service.digitalrun.track.dao.implementations.JPADigitalRunTrackDAOTests" name="testRemoveTrackProjectType_notExistTrack" time="0.021"></testcase>
  <testcase classname="com.topcoder.service.digitalrun.track.dao.implementations.JPADigitalRunTrackDAOTests" name="testaddTrackProjectType" time="0.121"></testcase>
  <testcase classname="com.topcoder.service.digitalrun.track.dao.implementations.JPADigitalRunTrackDAOTests" name="testaddTrackProjectType_notExistPRojectType" time="0.034"></testcase>
  <testcase classname="com.topcoder.service.digitalrun.track.dao.implementations.JPADigitalRunTrackDAOTests" name="testaddTrackProjectType_notExistTrack" time="0.087"></testcase>
  <testcase classname="com.topcoder.service.digitalrun.track.dao.implementations.JPADigitalRunTrackDAOTests" name="testSearchTracks_nullFilter" time="0.0010"></testcase>
  <testcase classname="com.topcoder.service.digitalrun.track.dao.implementations.JPADigitalRunTrackDAOTests" name="testSearchTracks" time="0.0020"></testcase>
  <testcase classname="com.topcoder.service.digitalrun.track.dao.implementations.JPADigitalRunTrackDAOTests" name="testSetBundle_null" time="0.0"></testcase>
  <testcase classname="com.topcoder.service.digitalrun.track.dao.implementations.JPADigitalRunTrackDAOTests" name="testSsetActiveStatusId_negative" time="0.0"></testcase>
  <testcase classname="com.topcoder.service.digitalrun.track.dao.implementations.JPADigitalRunTrackStatusDAOTests" name="testCreateTrackStatus_nullParam" time="0.0020"></testcase>
  <testcase classname="com.topcoder.service.digitalrun.track.dao.implementations.JPADigitalRunTrackStatusDAOTests" name="testCreateTrackStatus_positiveIdParam" time="0.0010"></testcase>
  <testcase classname="com.topcoder.service.digitalrun.track.dao.implementations.JPADigitalRunTrackStatusDAOTests" name="testCreateTrackStatus" time="0.027"></testcase>
  <testcase classname="com.topcoder.service.digitalrun.track.dao.implementations.JPADigitalRunTrackStatusDAOTests" name="testUpdateTrackStatus_nullParam" time="0.0010"></testcase>
  <testcase classname="com.topcoder.service.digitalrun.track.dao.implementations.JPADigitalRunTrackStatusDAOTests" name="testUpdateTrackStatus" time="0.018"></testcase>
  <testcase classname="com.topcoder.service.digitalrun.track.dao.implementations.JPADigitalRunTrackStatusDAOTests" name="testRemoveTrackStatus" time="0.011"></testcase>
  <testcase classname="com.topcoder.service.digitalrun.track.dao.implementations.JPADigitalRunTrackStatusDAOTests" name="testRemoveTrackStatus_negativeId" time="0.0"></testcase>
  <testcase classname="com.topcoder.service.digitalrun.track.dao.implementations.JPADigitalRunTrackStatusDAOTests" name="testRemoveTrackStatus_notExistId" time="0.0030"></testcase>
  <testcase classname="com.topcoder.service.digitalrun.track.dao.implementations.JPADigitalRunTrackStatusDAOTests" name="testRemoveTrackStatus_exception" time="0.0010"></testcase>
  <testcase classname="com.topcoder.service.digitalrun.track.dao.implementations.JPADigitalRunTrackStatusDAOTests" name="testGetTrackStatus" time="0.0090"></testcase>
  <testcase classname="com.topcoder.service.digitalrun.track.dao.implementations.JPADigitalRunTrackStatusDAOTests" name="testGetAllTrackStatuss" time="0.014"></testcase>
  <testcase classname="com.topcoder.service.digitalrun.track.dao.implementations.JPADigitalRunTrackStatusDAOTests" name="testgetAllTrackStatuss_exception" time="0.0"></testcase>
  <testcase classname="com.topcoder.service.digitalrun.track.dao.implementations.JPADigitalRunTrackStatusDAOTests" name="testGetTrackStatus_negativeId" time="0.0010"></testcase>
  <testcase classname="com.topcoder.service.digitalrun.track.dao.implementations.JPADigitalRunTrackStatusDAOTests" name="testGetTrackStatus_notExistId" time="0.0030"></testcase>
  <testcase classname="com.topcoder.service.digitalrun.track.dao.implementations.JPADigitalRunTrackStatusDAOTests" name="testGetTrackStatus_exception" time="0.0010"></testcase>
  <testcase classname="com.topcoder.service.digitalrun.track.dao.implementations.JPADigitalRunTrackTypeDAOTests" name="testCreateTrackType_nullParam" time="0.0020"></testcase>
  <testcase classname="com.topcoder.service.digitalrun.track.dao.implementations.JPADigitalRunTrackTypeDAOTests" name="testCreateTrackType_positiveIdParam" time="0.0"></testcase>
  <testcase classname="com.topcoder.service.digitalrun.track.dao.implementations.JPADigitalRunTrackTypeDAOTests" name="testCreateTrackType" time="0.017"></testcase>
  <testcase classname="com.topcoder.service.digitalrun.track.dao.implementations.JPADigitalRunTrackTypeDAOTests" name="testUpdateTrackType_nullParam" time="0.0030"></testcase>
  <testcase classname="com.topcoder.service.digitalrun.track.dao.implementations.JPADigitalRunTrackTypeDAOTests" name="testUpdateTrackType" time="0.013"></testcase>
  <testcase classname="com.topcoder.service.digitalrun.track.dao.implementations.JPADigitalRunTrackTypeDAOTests" name="testRemoveTrackType" time="0.0080"></testcase>
  <testcase classname="com.topcoder.service.digitalrun.track.dao.implementations.JPADigitalRunTrackTypeDAOTests" name="testRemoveTrackType_negativeId" time="0.0010"></testcase>
  <testcase classname="com.topcoder.service.digitalrun.track.dao.implementations.JPADigitalRunTrackTypeDAOTests" name="testRemoveTrackType_notExistId" time="0.0060"></testcase>
  <testcase classname="com.topcoder.service.digitalrun.track.dao.implementations.JPADigitalRunTrackTypeDAOTests" name="testRemoveTrackType_exception" time="0.0020"></testcase>
  <testcase classname="com.topcoder.service.digitalrun.track.dao.implementations.JPADigitalRunTrackTypeDAOTests" name="testGetTrackType" time="0.0080"></testcase>
  <testcase classname="com.topcoder.service.digitalrun.track.dao.implementations.JPADigitalRunTrackTypeDAOTests" name="testGetAllTrackTypes" time="0.012"></testcase>
  <testcase classname="com.topcoder.service.digitalrun.track.dao.implementations.JPADigitalRunTrackTypeDAOTests" name="testgetAllTrackTypes_exception" time="0.0"></testcase>
  <testcase classname="com.topcoder.service.digitalrun.track.dao.implementations.JPADigitalRunTrackTypeDAOTests" name="testGetTrackType_negativeId" time="0.0"></testcase>
  <testcase classname="com.topcoder.service.digitalrun.track.dao.implementations.JPADigitalRunTrackTypeDAOTests" name="testGetTrackType_notExistId" time="0.0050"></testcase>
  <testcase classname="com.topcoder.service.digitalrun.track.dao.implementations.JPADigitalRunTrackTypeDAOTests" name="testGetTrackType_exception" time="0.0"></testcase>
  <testcase classname="com.topcoder.service.digitalrun.track.dao.implementations.AbstractDAOTests" name="testCtor" time="0.0010"></testcase>
  <testcase classname="com.topcoder.service.digitalrun.track.dao.implementations.AbstractDAOTests" name="testSetLogger" time="0.0"></testcase>
  <testcase classname="com.topcoder.service.digitalrun.track.dao.implementations.AbstractDAOTests" name="testgetLogger" time="0.0"></testcase>
  <testcase classname="com.topcoder.service.digitalrun.track.dao.implementations.AbstractDAOTests" name="testSetLogger_null" time="0.0"></testcase>
  <testcase classname="com.topcoder.service.digitalrun.track.dao.implementations.AbstractDAOTests" name="testSetUnitName" time="0.0"></testcase>
  <testcase classname="com.topcoder.service.digitalrun.track.dao.implementations.AbstractDAOTests" name="testgetUnitName" time="0.0"></testcase>
  <testcase classname="com.topcoder.service.digitalrun.track.dao.implementations.AbstractDAOTests" name="testSetUnitName_null" time="0.0"></testcase>
  <testcase classname="com.topcoder.service.digitalrun.track.dao.implementations.AbstractDAOTests" name="testSetUnitName_empty" time="0.0"></testcase>
  <testcase classname="com.topcoder.service.digitalrun.track.dao.implementations.AbstractDAOTests" name="testsetSessionContext" time="0.0"></testcase>
  <testcase classname="com.topcoder.service.digitalrun.track.dao.implementations.AbstractDAOTests" name="testgetSessionContext" time="0.0"></testcase>
  <testcase classname="com.topcoder.service.digitalrun.track.dao.implementations.AbstractDAOTests" name="testsetSessionContext_null" time="0.0"></testcase>
  <testcase classname="com.topcoder.service.digitalrun.track.dao.implementations.AbstractDAOTests" name="testGetEntityManager" time="0.013"></testcase>
  <testcase classname="com.topcoder.service.digitalrun.track.dao.implementations.AbstractDAOTests" name="testGetEntityManager_invalid" time="0.0010"></testcase>
  <testcase classname="com.topcoder.service.digitalrun.track.dao.implementations.AbstractDAOTests" name="testPersist" time="0.0"></testcase>
  <testcase classname="com.topcoder.service.digitalrun.track.dao.implementations.AbstractDAOTests" name="testPersist_alreadyExists" time="0.0030"></testcase>
  <testcase classname="com.topcoder.service.digitalrun.track.dao.implementations.AbstractDAOTests" name="testPersist_TransactionRequiredException" time="0.0010"></testcase>
  <testcase classname="com.topcoder.service.digitalrun.track.dao.implementations.AbstractDAOTests" name="testPersist_PersistenceException" time="0.0"></testcase>
  <testcase classname="com.topcoder.service.digitalrun.track.dao.implementations.AbstractDAOTests" name="testUpdate" time="0.0010"></testcase>
  <testcase classname="com.topcoder.service.digitalrun.track.dao.implementations.AbstractDAOTests" name="testUpdate_notexist" time="0.0"></testcase>
  <testcase classname="com.topcoder.service.digitalrun.track.dao.implementations.AbstractDAOTests" name="testUpdate_TransactionRequiredException" time="0.0"></testcase>
  <testcase classname="com.topcoder.service.digitalrun.track.dao.implementations.AbstractDAOTests" name="testUpdate_IllegalArgumentException" time="0.0010"></testcase>
  <testcase classname="com.topcoder.service.digitalrun.track.dao.implementations.AbstractDAOTests" name="testUpdate_PersistenceException" time="0.0"></testcase>
  <testcase classname="com.topcoder.service.digitalrun.track.dao.implementations.AbstractDAOTests" name="testRemove_notExist" time="0.0"></testcase>
  <testcase classname="com.topcoder.service.digitalrun.track.dao.implementations.AbstractDAOTests" name="testFind" time="0.0"></testcase>
  <testcase classname="com.topcoder.service.digitalrun.track.dao.implementations.AbstractDAOTests" name="testFindAll" time="0.0090"></testcase>
  <testcase classname="com.topcoder.service.digitalrun.track.dao.implementations.AbstractDAOTests" name="testFindAll_empty" time="0.0"></testcase>
  <testcase classname="com.topcoder.service.digitalrun.track.dao.implementations.AbstractDAOTests" name="testFindAll_exception" time="0.0010"></testcase>
  <testcase classname="com.topcoder.service.digitalrun.track.dao.implementations.AbstractDAOTests" name="testFind_notExist" time="0.0010"></testcase>
  <testcase classname="com.topcoder.service.digitalrun.track.dao.implementations.AbstractDAOTests" name="testFind_notExist2" time="0.0010"></testcase>
  <testcase classname="com.topcoder.service.digitalrun.track.dao.implementations.AbstractDAOTests" name="testFind_TransactionRequiredException" time="0.0"></testcase>
  <testcase classname="com.topcoder.service.digitalrun.track.dao.implementations.AbstractDAOTests" name="testFind_PersistenceException" time="0.0010"></testcase>
  <testcase classname="com.topcoder.service.digitalrun.track.dao.implementations.AbstractDAOTests" name="testRemove" time="0.0"></testcase>
  <testcase classname="com.topcoder.service.digitalrun.track.dao.implementations.AbstractDAOTests" name="testRemove_PersistenceException" time="0.0"></testcase>
  <testcase classname="com.topcoder.service.digitalrun.track.dao.implementations.AbstractDAOTests" name="testRemove_IllegalArgumentException" time="0.0010"></testcase>
  <testcase classname="com.topcoder.service.digitalrun.track.dao.implementations.AbstractDAOTests" name="testRemove_TransactionRequiredException" time="0.0"></testcase>
  <testcase classname="com.topcoder.service.digitalrun.track.ConfigurationProviderTests" name="testRetrieveConfigurationFromFile" time="0.0"></testcase>
  <testcase classname="com.topcoder.service.digitalrun.track.DigitalRunTrackFilterFactoryTests" name="testCreateAndFilter" time="0.0010"></testcase>
  <testcase classname="com.topcoder.service.digitalrun.track.DigitalRunTrackFilterFactoryTests" name="testCreateAndFilter_emptyParam" time="0.0"></testcase>
  <testcase classname="com.topcoder.service.digitalrun.track.DigitalRunTrackFilterFactoryTests" name="testCreateAndFilter_nullElement" time="0.0010"></testcase>
  <testcase classname="com.topcoder.service.digitalrun.track.DigitalRunTrackFilterFactoryTests" name="testCreateAndFilter_nullParam" time="0.0"></testcase>
  <testcase classname="com.topcoder.service.digitalrun.track.DigitalRunTrackFilterFactoryTests" name="testCreateNotFilter_nullParam" time="0.0"></testcase>
  <testcase classname="com.topcoder.service.digitalrun.track.DigitalRunTrackFilterFactoryTests" name="testCreateNotFilter" time="0.0"></testcase>
  <testcase classname="com.topcoder.service.digitalrun.track.DigitalRunTrackFilterFactoryTests" name="testCreateOrFilter" time="0.0"></testcase>
  <testcase classname="com.topcoder.service.digitalrun.track.DigitalRunTrackFilterFactoryTests" name="testCreateOrFilter_emptyParam" time="0.0"></testcase>
  <testcase classname="com.topcoder.service.digitalrun.track.DigitalRunTrackFilterFactoryTests" name="testCreateOrFilter_nullElement" time="0.0"></testcase>
  <testcase classname="com.topcoder.service.digitalrun.track.DigitalRunTrackFilterFactoryTests" name="testCreateOrFilter_nullParam" time="0.0"></testcase>
  <testcase classname="com.topcoder.service.digitalrun.track.DigitalRunTrackFilterFactoryTests" name="testCreateTrackDescriptionEqualsFilter" time="0.0"></testcase>
  <testcase classname="com.topcoder.service.digitalrun.track.DigitalRunTrackFilterFactoryTests" name="testCreateTrackDescriptionEqualsFilter_nullparam" time="0.0"></testcase>
  <testcase classname="com.topcoder.service.digitalrun.track.DigitalRunTrackFilterFactoryTests" name="testCreateTrackDescriptionEqualsFilter_emptyparam" time="0.0"></testcase>
  <testcase classname="com.topcoder.service.digitalrun.track.DigitalRunTrackFilterFactoryTests" name="testCreateTrackDescriptionLikeFilter" time="0.0"></testcase>
  <testcase classname="com.topcoder.service.digitalrun.track.DigitalRunTrackFilterFactoryTests" name="testCreateTrackDescriptionLikeFilter_nullparam" time="0.0"></testcase>
  <testcase classname="com.topcoder.service.digitalrun.track.DigitalRunTrackFilterFactoryTests" name="testCreateTrackDescriptionLikeFilter_emptyparam" time="0.0"></testcase>
  <testcase classname="com.topcoder.service.digitalrun.track.DigitalRunTrackFilterFactoryTests" name="testCreateTrackDescriptionLikeFilter_invalidparam" time="0.0"></testcase>
  <testcase classname="com.topcoder.service.digitalrun.track.DigitalRunTrackFilterFactoryTests" name="testCreateTrackDescriptionLikeFilter2" time="0.0010"></testcase>
  <testcase classname="com.topcoder.service.digitalrun.track.DigitalRunTrackFilterFactoryTests" name="testCreateTrackDescriptionLikeFilter2_nullparam" time="0.0"></testcase>
  <testcase classname="com.topcoder.service.digitalrun.track.DigitalRunTrackFilterFactoryTests" name="testCreateTrackDescriptionLikeFilter2_emptyparam" time="0.0"></testcase>
  <testcase classname="com.topcoder.service.digitalrun.track.DigitalRunTrackFilterFactoryTests" name="testCreateTrackDescriptionLikeFilter2_invalidparam" time="0.0"></testcase>
  <testcase classname="com.topcoder.service.digitalrun.track.DigitalRunTrackFilterFactoryTests" name="testcreateTrackEndDateEqualsFilter" time="0.0"></testcase>
  <testcase classname="com.topcoder.service.digitalrun.track.DigitalRunTrackFilterFactoryTests" name="testcreateTrackEndDateEqualsFilter_nullparam" time="0.0"></testcase>
  <testcase classname="com.topcoder.service.digitalrun.track.DigitalRunTrackFilterFactoryTests" name="testcreateTrackEndDateGreaterOrEqualFilter" time="0.0"></testcase>
  <testcase classname="com.topcoder.service.digitalrun.track.DigitalRunTrackFilterFactoryTests" name="testcreateTrackEndDateGreaterOrEqualFilter_nullparam" time="0.0"></testcase>
  <testcase classname="com.topcoder.service.digitalrun.track.DigitalRunTrackFilterFactoryTests" name="testcreateTrackEndDateLowerOrEqualFilter" time="0.0010"></testcase>
  <testcase classname="com.topcoder.service.digitalrun.track.DigitalRunTrackFilterFactoryTests" name="testcreateTrackEndDateLowerOrEqualFilter_nullparam" time="0.0"></testcase>
  <testcase classname="com.topcoder.service.digitalrun.track.DigitalRunTrackFilterFactoryTests" name="testcreateTrackIdEqualsFilter" time="0.0"></testcase>
  <testcase classname="com.topcoder.service.digitalrun.track.DigitalRunTrackFilterFactoryTests" name="testCreateTrackIdEqualsFilter_invlaidparam" time="0.0"></testcase>
  <testcase classname="com.topcoder.service.digitalrun.track.DigitalRunTrackFilterFactoryTests" name="testcreateTrackIdInFilter" time="0.0"></testcase>
  <testcase classname="com.topcoder.service.digitalrun.track.DigitalRunTrackFilterFactoryTests" name="testcreateTrackIdInFilter_emptyParam" time="0.0"></testcase>
  <testcase classname="com.topcoder.service.digitalrun.track.DigitalRunTrackFilterFactoryTests" name="testcreateTrackIdInFilter_nullElement" time="0.0"></testcase>
  <testcase classname="com.topcoder.service.digitalrun.track.DigitalRunTrackFilterFactoryTests" name="testcreateTrackIdInFilter_negativeElement" time="0.0"></testcase>
  <testcase classname="com.topcoder.service.digitalrun.track.DigitalRunTrackFilterFactoryTests" name="testcreateTrackIdInFilter_nullParam" time="0.0010"></testcase>
  <testcase classname="com.topcoder.service.digitalrun.track.DigitalRunTrackFilterFactoryTests" name="testcreateTrackProjectTypedInFilter" time="0.0"></testcase>
  <testcase classname="com.topcoder.service.digitalrun.track.DigitalRunTrackFilterFactoryTests" name="testcreateTrackProjectTypedInFilter_emptyParam" time="0.0"></testcase>
  <testcase classname="com.topcoder.service.digitalrun.track.DigitalRunTrackFilterFactoryTests" name="testcreateTrackProjectTypedInFilter_nullElement" time="0.0010"></testcase>
  <testcase classname="com.topcoder.service.digitalrun.track.DigitalRunTrackFilterFactoryTests" name="testcreateTrackProjectTypedInFilter_negativeElement" time="0.0"></testcase>
  <testcase classname="com.topcoder.service.digitalrun.track.DigitalRunTrackFilterFactoryTests" name="testcreateTrackProjectTypedInFilter_nullParam" time="0.0"></testcase>
  <testcase classname="com.topcoder.service.digitalrun.track.DigitalRunTrackFilterFactoryTests" name="testcreateTrackStartDateEqualsFilter" time="0.0"></testcase>
  <testcase classname="com.topcoder.service.digitalrun.track.DigitalRunTrackFilterFactoryTests" name="testcreateTrackStartDateEqualsFilter_nullparam" time="0.0"></testcase>
  <testcase classname="com.topcoder.service.digitalrun.track.DigitalRunTrackFilterFactoryTests" name="testcreateTrackStartDateGreaterOrEqualFilter" time="0.0"></testcase>
  <testcase classname="com.topcoder.service.digitalrun.track.DigitalRunTrackFilterFactoryTests" name="testcreateTrackStartDateGreaterOrEqualFilter_nullparam" time="0.0"></testcase>
  <testcase classname="com.topcoder.service.digitalrun.track.DigitalRunTrackFilterFactoryTests" name="testcreateTrackStartDateLowerOrEqualFilter" time="0.0"></testcase>
  <testcase classname="com.topcoder.service.digitalrun.track.DigitalRunTrackFilterFactoryTests" name="testcreateTrackStartDateLowerOrEqualFilter_nullparam" time="0.0010"></testcase>
  <testcase classname="com.topcoder.service.digitalrun.track.DigitalRunTrackFilterFactoryTests" name="testcreateTrackStatusIdEqualsFilter" time="0.0"></testcase>
  <testcase classname="com.topcoder.service.digitalrun.track.DigitalRunTrackFilterFactoryTests" name="testCreateTrackStatusIdEqualsFilter_invlaidparam" time="0.0"></testcase>
  <testcase classname="com.topcoder.service.digitalrun.track.DigitalRunTrackFilterFactoryTests" name="testCreateTrackProjectTypeIdEqualsFilter" time="0.0"></testcase>
  <testcase classname="com.topcoder.service.digitalrun.track.DigitalRunTrackFilterFactoryTests" name="testCreateTrackProjectTypeIdEqualsFilter_invlaidparam" time="0.0"></testcase>
  <testcase classname="com.topcoder.service.digitalrun.track.DigitalRunTrackFilterFactoryTests" name="testcreateTrackStatusIdInFilter" time="0.0"></testcase>
  <testcase classname="com.topcoder.service.digitalrun.track.DigitalRunTrackFilterFactoryTests" name="testcreateTrackStatusIdInFilter_emptyParam" time="0.0"></testcase>
  <testcase classname="com.topcoder.service.digitalrun.track.DigitalRunTrackFilterFactoryTests" name="testcreateTrackStatusIdInFilter_nullElement" time="0.0"></testcase>
  <testcase classname="com.topcoder.service.digitalrun.track.DigitalRunTrackFilterFactoryTests" name="testcreateTrackStatusIdInFilter_negativeElement" time="0.0"></testcase>
  <testcase classname="com.topcoder.service.digitalrun.track.DigitalRunTrackFilterFactoryTests" name="testcreateTrackStatusIdInFilter_nullParam" time="0.0"></testcase>
  <testcase classname="com.topcoder.service.digitalrun.track.DigitalRunTrackFilterFactoryTests" name="testcreateTrackTypeIdEqualsFilter" time="0.0"></testcase>
  <testcase classname="com.topcoder.service.digitalrun.track.DigitalRunTrackFilterFactoryTests" name="testcreateTrackTypeIdEqualsFilter_invlaidparam" time="0.0"></testcase>
  <testcase classname="com.topcoder.service.digitalrun.track.DigitalRunTrackFilterFactoryTests" name="testcreateTrackTypeIdInFilter" time="0.0"></testcase>
  <testcase classname="com.topcoder.service.digitalrun.track.DigitalRunTrackFilterFactoryTests" name="testcreateTrackTypeIdInFilter_emptyParam" time="0.0010"></testcase>
  <testcase classname="com.topcoder.service.digitalrun.track.DigitalRunTrackFilterFactoryTests" name="testcreateTrackTypeIdInFilter_nullElement" time="0.0"></testcase>
  <testcase classname="com.topcoder.service.digitalrun.track.DigitalRunTrackFilterFactoryTests" name="testcreateTrackTypeIdInFilter_negativeElement" time="0.0"></testcase>
  <testcase classname="com.topcoder.service.digitalrun.track.DigitalRunTrackFilterFactoryTests" name="testcreateTrackTypeIdInFilter_nullParam" time="0.0"></testcase>
  <testcase classname="com.topcoder.service.digitalrun.track.DigitalRunTrackManagerBeanConfigurationExceptionTests" name="testCtor1_Accuracy" time="0.0010"></testcase>
  <testcase classname="com.topcoder.service.digitalrun.track.DigitalRunTrackManagerBeanConfigurationExceptionTests" name="testCtor2_Accuracy" time="0.0"></testcase>
  <testcase classname="com.topcoder.service.digitalrun.track.DigitalRunTrackManagerBeanConfigurationExceptionTests" name="testCtor3_Accuracy" time="0.0"></testcase>
  <testcase classname="com.topcoder.service.digitalrun.track.DigitalRunTrackManagerBeanConfigurationExceptionTests" name="testCtor4_Accuracy" time="0.0"></testcase>
  <testcase classname="com.topcoder.service.digitalrun.track.DigitalRunTrackManagerBeanConfigurationExceptionTests" name="testInheritance" time="0.0"></testcase>
  <testcase classname="com.topcoder.service.digitalrun.track.DigitalRunTrackManagerExceptionTests" name="testCtor1_Accuracy" time="0.0010"></testcase>
  <testcase classname="com.topcoder.service.digitalrun.track.DigitalRunTrackManagerExceptionTests" name="testCtor2_Accuracy" time="0.0"></testcase>
  <testcase classname="com.topcoder.service.digitalrun.track.DigitalRunTrackManagerExceptionTests" name="testCtor3_Accuracy" time="0.0"></testcase>
  <testcase classname="com.topcoder.service.digitalrun.track.DigitalRunTrackManagerExceptionTests" name="testCtor4_Accuracy" time="0.0"></testcase>
  <testcase classname="com.topcoder.service.digitalrun.track.DigitalRunTrackManagerExceptionTests" name="testInheritance" time="0.0"></testcase>
  <testcase classname="com.topcoder.service.digitalrun.track.DigitalRunTrackManagerPersistenceExceptionTests" name="testCtor1_Accuracy" time="0.0"></testcase>
  <testcase classname="com.topcoder.service.digitalrun.track.DigitalRunTrackManagerPersistenceExceptionTests" name="testCtor2_Accuracy" time="0.0"></testcase>
  <testcase classname="com.topcoder.service.digitalrun.track.DigitalRunTrackManagerPersistenceExceptionTests" name="testCtor3_Accuracy" time="0.0"></testcase>
  <testcase classname="com.topcoder.service.digitalrun.track.DigitalRunTrackManagerPersistenceExceptionTests" name="testCtor4_Accuracy" time="0.0"></testcase>
  <testcase classname="com.topcoder.service.digitalrun.track.DigitalRunTrackManagerPersistenceExceptionTests" name="testInheritance" time="0.0"></testcase>
  <testcase classname="com.topcoder.service.digitalrun.track.EntityNotFoundExceptionTests" name="testCtor1_Accuracy" time="0.0"></testcase>
  <testcase classname="com.topcoder.service.digitalrun.track.EntityNotFoundExceptionTests" name="testCtor2_Accuracy" time="0.0"></testcase>
  <testcase classname="com.topcoder.service.digitalrun.track.EntityNotFoundExceptionTests" name="testCtor3_Accuracy" time="0.0"></testcase>
  <testcase classname="com.topcoder.service.digitalrun.track.EntityNotFoundExceptionTests" name="testCtor4_Accuracy" time="0.0"></testcase>
  <testcase classname="com.topcoder.service.digitalrun.track.EntityNotFoundExceptionTests" name="testInheritance" time="0.0"></testcase>
  <testcase classname="com.topcoder.service.digitalrun.track.HelperTests" name="testCtorAccuracy" time="0.0010"></testcase>
  <testcase classname="com.topcoder.service.digitalrun.track.HelperTests" name="testCheckNullAccuracy" time="0.0"></testcase>
  <testcase classname="com.topcoder.service.digitalrun.track.HelperTests" name="testCheckNullAccuracy2" time="0.0"></testcase>
  <testcase classname="com.topcoder.service.digitalrun.track.HelperTests" name="testCheckNullWithNull" time="0.0"></testcase>
  <testcase classname="com.topcoder.service.digitalrun.track.HelperTests" name="testCheckListAccuracy" time="0.0010"></testcase>
  <testcase classname="com.topcoder.service.digitalrun.track.HelperTests" name="testcheckList_emptyList" time="0.0"></testcase>
  <testcase classname="com.topcoder.service.digitalrun.track.HelperTests" name="testcheckListWithContainNull" time="0.0"></testcase>
  <testcase classname="com.topcoder.service.digitalrun.track.HelperTests" name="testcheckLongListAccuracy" time="0.0"></testcase>
  <testcase classname="com.topcoder.service.digitalrun.track.HelperTests" name="testcheckLongList_emptyList" time="0.0010"></testcase>
  <testcase classname="com.topcoder.service.digitalrun.track.HelperTests" name="testcheckLongListWithContainNull" time="0.0"></testcase>
  <testcase classname="com.topcoder.service.digitalrun.track.HelperTests" name="testcheckLongListWithContainNegative" time="0.0"></testcase>
  <testcase classname="com.topcoder.service.digitalrun.track.HelperTests" name="testCheckNegative" time="0.0"></testcase>
  <testcase classname="com.topcoder.service.digitalrun.track.HelperTests" name="testCheckNegative2" time="0.0"></testcase>
  <testcase classname="com.topcoder.service.digitalrun.track.HelperTests" name="testCheckNegative_negative" time="0.0"></testcase>
  <testcase classname="com.topcoder.service.digitalrun.track.HelperTests" name="testcheckEntityPositive" time="0.0010"></testcase>
  <testcase classname="com.topcoder.service.digitalrun.track.HelperTests" name="testcheckEntityPositive2" time="0.0"></testcase>
  <testcase classname="com.topcoder.service.digitalrun.track.HelperTests" name="testcheckEntityPositive_positiveId" time="0.0"></testcase>
  <testcase classname="com.topcoder.service.digitalrun.track.HelperTests" name="testcheckEntityPositive_null" time="0.0"></testcase>
  <testcase classname="com.topcoder.service.digitalrun.track.HelperTests" name="testLogEntranceInfoAccuracy1" time="0.0"></testcase>
  <testcase classname="com.topcoder.service.digitalrun.track.HelperTests" name="testLogEntranceInfoAccuracy2" time="0.0"></testcase>
  <testcase classname="com.topcoder.service.digitalrun.track.HelperTests" name="testLogExitInfoAccuracy1" time="0.0"></testcase>
  <testcase classname="com.topcoder.service.digitalrun.track.HelperTests" name="testLogExitInfoAccuracy2" time="0.0010"></testcase>
  <testcase classname="com.topcoder.service.digitalrun.track.HelperTests" name="testLogExceptionAccuracy1" time="0.0"></testcase>
  <testcase classname="com.topcoder.service.digitalrun.track.HelperTests" name="testLogExceptionAccuracy2" time="0.0"></testcase>
  <testcase classname="com.topcoder.service.digitalrun.track.HelperTests" name="testLogInfoAccuracy1" time="0.0"></testcase>
  <testcase classname="com.topcoder.service.digitalrun.track.HelperTests" name="testLogInfoAccuracy2" time="0.0"></testcase>
  <testcase classname="com.topcoder.service.digitalrun.track.failuretests.dao.implementations.JPADigitalRunPointsCalculatorDAOTest" name="testCreatePointsCalculatorForNull" time="0.0010"></testcase>
  <testcase classname="com.topcoder.service.digitalrun.track.failuretests.dao.implementations.JPADigitalRunPointsCalculatorDAOTest" name="testCreatePointsCalculatorForPositiveId" time="0.0"></testcase>
  <testcase classname="com.topcoder.service.digitalrun.track.failuretests.dao.implementations.JPADigitalRunPointsCalculatorDAOTest" name="testUpdatePointsCalculatorForNull" time="0.0"></testcase>
  <testcase classname="com.topcoder.service.digitalrun.track.failuretests.dao.implementations.JPADigitalRunPointsCalculatorDAOTest" name="testUpdatePointsCalculatorForNoEntity" time="0.0"></testcase>
  <testcase classname="com.topcoder.service.digitalrun.track.failuretests.dao.implementations.JPADigitalRunPointsCalculatorDAOTest" name="testRemovePointsCalculatorForNegative" time="0.0030"></testcase>
  <testcase classname="com.topcoder.service.digitalrun.track.failuretests.dao.implementations.JPADigitalRunPointsCalculatorDAOTest" name="testRemovePointsCalculatorNoEntity" time="0.0"></testcase>
  <testcase classname="com.topcoder.service.digitalrun.track.failuretests.dao.implementations.JPADigitalRunPointsCalculatorDAOTest" name="testGetPointsCalculatorForNegative" time="0.0"></testcase>
  <testcase classname="com.topcoder.service.digitalrun.track.failuretests.dao.implementations.JPADigitalRunPointsCalculatorDAOTest" name="testGetPointsCalculatorForNoEntity" time="0.0"></testcase>
  <testcase classname="com.topcoder.service.digitalrun.track.failuretests.dao.implementations.JPADigitalRunProjectTypeDAOTest" name="testGetProjectTypeForNegative" time="0.0"></testcase>
  <testcase classname="com.topcoder.service.digitalrun.track.failuretests.dao.implementations.JPADigitalRunProjectTypeDAOTest" name="testGetProjectTypeForNoEntity" time="0.0010"></testcase>
  <testcase classname="com.topcoder.service.digitalrun.track.failuretests.dao.implementations.JPADigitalRunTrackDAOTest" name="testCreateTrackForNull" time="0.0"></testcase>
  <testcase classname="com.topcoder.service.digitalrun.track.failuretests.dao.implementations.JPADigitalRunTrackDAOTest" name="testUpdateTrackForNull" time="0.0"></testcase>
  <testcase classname="com.topcoder.service.digitalrun.track.failuretests.dao.implementations.JPADigitalRunTrackDAOTest" name="testUpdateTrackForNoEntity" time="0.0"></testcase>
  <testcase classname="com.topcoder.service.digitalrun.track.failuretests.dao.implementations.JPADigitalRunTrackDAOTest" name="testRemoveTrackForNegative" time="0.0010"></testcase>
  <testcase classname="com.topcoder.service.digitalrun.track.failuretests.dao.implementations.JPADigitalRunTrackDAOTest" name="testRemoveTrackForNoEntity" time="0.0"></testcase>
  <testcase classname="com.topcoder.service.digitalrun.track.failuretests.dao.implementations.JPADigitalRunTrackDAOTest" name="testGetTrackForNegative" time="0.0"></testcase>
  <testcase classname="com.topcoder.service.digitalrun.track.failuretests.dao.implementations.JPADigitalRunTrackDAOTest" name="testGetTrackForNoEntity" time="0.0"></testcase>
  <testcase classname="com.topcoder.service.digitalrun.track.failuretests.dao.implementations.JPADigitalRunTrackDAOTest" name="testSearchTracksForNull" time="0.0"></testcase>
  <testcase classname="com.topcoder.service.digitalrun.track.failuretests.dao.implementations.JPADigitalRunTrackDAOTest" name="testAddTrackProjectTypeForNull" time="0.0"></testcase>
  <testcase classname="com.topcoder.service.digitalrun.track.failuretests.dao.implementations.JPADigitalRunTrackDAOTest" name="testAddTrackProjectTypeForNoTrack" time="0.0010"></testcase>
  <testcase classname="com.topcoder.service.digitalrun.track.failuretests.dao.implementations.JPADigitalRunTrackDAOTest" name="testRemoveTrackProjectTypeForNull" time="0.0"></testcase>
  <testcase classname="com.topcoder.service.digitalrun.track.failuretests.dao.implementations.JPADigitalRunTrackDAOTest" name="testRemoveTrackProjectTypeForNoTrack" time="0.0010"></testcase>
  <testcase classname="com.topcoder.service.digitalrun.track.failuretests.dao.implementations.JPADigitalRunTrackStatusDAOTest" name="testCreateTrackStatusForNull" time="0.0"></testcase>
  <testcase classname="com.topcoder.service.digitalrun.track.failuretests.dao.implementations.JPADigitalRunTrackStatusDAOTest" name="testUpdateTrackStatusForNull" time="0.0010"></testcase>
  <testcase classname="com.topcoder.service.digitalrun.track.failuretests.dao.implementations.JPADigitalRunTrackStatusDAOTest" name="testUpdateTrackStatusForNoEntity" time="0.0"></testcase>
  <testcase classname="com.topcoder.service.digitalrun.track.failuretests.dao.implementations.JPADigitalRunTrackStatusDAOTest" name="testRemoveTrackStatusForNegative" time="0.0"></testcase>
  <testcase classname="com.topcoder.service.digitalrun.track.failuretests.dao.implementations.JPADigitalRunTrackStatusDAOTest" name="testRemoveTrackStatusForNoEntity" time="0.0010"></testcase>
  <testcase classname="com.topcoder.service.digitalrun.track.failuretests.dao.implementations.JPADigitalRunTrackStatusDAOTest" name="testGetTrackStatusForNegative" time="0.0"></testcase>
  <testcase classname="com.topcoder.service.digitalrun.track.failuretests.dao.implementations.JPADigitalRunTrackStatusDAOTest" name="testGetTrackStatusForNoEntity" time="0.0"></testcase>
  <testcase classname="com.topcoder.service.digitalrun.track.failuretests.dao.implementations.JPADigitalRunTrackTypeDAOTest" name="testCreateTrackTypeForNull" time="0.0"></testcase>
  <testcase classname="com.topcoder.service.digitalrun.track.failuretests.dao.implementations.JPADigitalRunTrackTypeDAOTest" name="testUpdateTrackTypeForNull" time="0.0010"></testcase>
  <testcase classname="com.topcoder.service.digitalrun.track.failuretests.dao.implementations.JPADigitalRunTrackTypeDAOTest" name="testUpdateTrackTypeForNoEntity" time="0.0"></testcase>
  <testcase classname="com.topcoder.service.digitalrun.track.failuretests.dao.implementations.JPADigitalRunTrackTypeDAOTest" name="testRemoveTrackTypeForNegative" time="0.0"></testcase>
  <testcase classname="com.topcoder.service.digitalrun.track.failuretests.dao.implementations.JPADigitalRunTrackTypeDAOTest" name="testRemoveTrackTypeForNoEntity" time="0.0"></testcase>
  <testcase classname="com.topcoder.service.digitalrun.track.failuretests.dao.implementations.JPADigitalRunTrackTypeDAOTest" name="testGetTrackTypeForNegative" time="0.0"></testcase>
  <testcase classname="com.topcoder.service.digitalrun.track.failuretests.dao.implementations.JPADigitalRunTrackTypeDAOTest" name="testGetTrackTypeForNoEntity" time="0.0"></testcase>
  <testcase classname="com.topcoder.service.digitalrun.track.failuretests.DigitalRunTrackFilterFactoryTest" name="testCreateTrackIdEqualsFilterForNegative" time="0.0"></testcase>
  <testcase classname="com.topcoder.service.digitalrun.track.failuretests.DigitalRunTrackFilterFactoryTest" name="testCreateTrackIdInFilterForNull" time="0.0"></testcase>
  <testcase classname="com.topcoder.service.digitalrun.track.failuretests.DigitalRunTrackFilterFactoryTest" name="testCreateTrackIdInFilterForNullElement" time="0.0"></testcase>
  <testcase classname="com.topcoder.service.digitalrun.track.failuretests.DigitalRunTrackFilterFactoryTest" name="testCreateTrackIdInFilterForNegativeElement" time="0.0"></testcase>
  <testcase classname="com.topcoder.service.digitalrun.track.failuretests.DigitalRunTrackFilterFactoryTest" name="testCreateTrackStatusIdEqualsFilterForNegative" time="0.0"></testcase>
  <testcase classname="com.topcoder.service.digitalrun.track.failuretests.DigitalRunTrackFilterFactoryTest" name="testCreateTrackStatusIdInFilterForNull" time="0.0010"></testcase>
  <testcase classname="com.topcoder.service.digitalrun.track.failuretests.DigitalRunTrackFilterFactoryTest" name="testCreateTrackStatusIdInFilterForNullElement" time="0.0"></testcase>
  <testcase classname="com.topcoder.service.digitalrun.track.failuretests.DigitalRunTrackFilterFactoryTest" name="testCreateTrackStatusIdInFilterForNegativeElement" time="0.0"></testcase>
  <testcase classname="com.topcoder.service.digitalrun.track.failuretests.DigitalRunTrackFilterFactoryTest" name="testCreateTrackDescriptionEqualsFilterForNull" time="0.0"></testcase>
  <testcase classname="com.topcoder.service.digitalrun.track.failuretests.DigitalRunTrackFilterFactoryTest" name="testCreateTrackDescriptionEqualsFilterForEmpty" time="0.0"></testcase>
  <testcase classname="com.topcoder.service.digitalrun.track.failuretests.DigitalRunTrackFilterFactoryTest" name="testCreateTrackDescriptionLikeFilterForNull" time="0.0"></testcase>
  <testcase classname="com.topcoder.service.digitalrun.track.failuretests.DigitalRunTrackFilterFactoryTest" name="testCreateTrackDescriptionLikeFilterForBadEscapeCharacter" time="0.0"></testcase>
  <testcase classname="com.topcoder.service.digitalrun.track.failuretests.DigitalRunTrackFilterFactoryTest" name="testCreateTrackTypeIdEqualsFilterForNegative" time="0.0"></testcase>
  <testcase classname="com.topcoder.service.digitalrun.track.failuretests.DigitalRunTrackFilterFactoryTest" name="testCreateTrackTypeIdInFilterForNull" time="0.0040"></testcase>
  <testcase classname="com.topcoder.service.digitalrun.track.failuretests.DigitalRunTrackFilterFactoryTest" name="testCreateTrackTypeIdInFilterForNullElement" time="0.0"></testcase>
  <testcase classname="com.topcoder.service.digitalrun.track.failuretests.DigitalRunTrackFilterFactoryTest" name="testCreateTrackTypeIdInFilterForNegativeElement" time="0.0"></testcase>
  <testcase classname="com.topcoder.service.digitalrun.track.failuretests.DigitalRunTrackFilterFactoryTest" name="testCreateTrackProjectTypeIdEqualsFilterForNegative" time="0.0"></testcase>
  <testcase classname="com.topcoder.service.digitalrun.track.failuretests.DigitalRunTrackFilterFactoryTest" name="testCreateTrackProjectTypedInFilterForNull" time="0.0"></testcase>
  <testcase classname="com.topcoder.service.digitalrun.track.failuretests.DigitalRunTrackFilterFactoryTest" name="testCreateTrackProjectTypedInFilterForNullElement" time="0.0"></testcase>
  <testcase classname="com.topcoder.service.digitalrun.track.failuretests.DigitalRunTrackFilterFactoryTest" name="testCreateTrackProjectTypedInFilterForNegativeElement" time="0.0"></testcase>
  <testcase classname="com.topcoder.service.digitalrun.track.failuretests.DigitalRunTrackFilterFactoryTest" name="testCreateTrackStartDateEqualsFilterForNull" time="0.0"></testcase>
  <testcase classname="com.topcoder.service.digitalrun.track.failuretests.DigitalRunTrackFilterFactoryTest" name="testCreateTrackStartDateGreaterOrEqualFilterForNull" time="0.0"></testcase>
  <testcase classname="com.topcoder.service.digitalrun.track.failuretests.DigitalRunTrackFilterFactoryTest" name="testCreateTrackStartDateLowerOrEqualFilterForNull" time="0.0"></testcase>
  <testcase classname="com.topcoder.service.digitalrun.track.failuretests.DigitalRunTrackFilterFactoryTest" name="testCreateTrackEndDateEqualsFilterForNull" time="0.0"></testcase>
  <testcase classname="com.topcoder.service.digitalrun.track.failuretests.DigitalRunTrackFilterFactoryTest" name="testCreateTrackEndDateGreaterOrEqualFilterForNull" time="0.0"></testcase>
  <testcase classname="com.topcoder.service.digitalrun.track.failuretests.DigitalRunTrackFilterFactoryTest" name="testCreateTrackEndDateLowerOrEqualFilterForNull" time="0.0"></testcase>
  <testcase classname="com.topcoder.service.digitalrun.track.failuretests.DigitalRunTrackFilterFactoryTest" name="testCreateAndFilterForNull" time="0.0"></testcase>
  <testcase classname="com.topcoder.service.digitalrun.track.failuretests.DigitalRunTrackFilterFactoryTest" name="testCreateOrFilterForNull" time="0.0010"></testcase>
  <testcase classname="com.topcoder.service.digitalrun.track.failuretests.DigitalRunTrackFilterFactoryTest" name="testCreateNotFilterForNull" time="0.0"></testcase>
  <testcase classname="com.topcoder.service.digitalrun.track.failuretests.manager.bean.DigitalRunTrackManagerBeanTest" name="testCreatePointsCalculatorForNull" time="0.0"></testcase>
  <testcase classname="com.topcoder.service.digitalrun.track.failuretests.manager.bean.DigitalRunTrackManagerBeanTest" name="testUpdatePointsCalculatorForNull" time="0.0010"></testcase>
  <testcase classname="com.topcoder.service.digitalrun.track.failuretests.manager.bean.DigitalRunTrackManagerBeanTest" name="testRemovePointsCalculatorForNegative" time="0.0"></testcase>
  <testcase classname="com.topcoder.service.digitalrun.track.failuretests.manager.bean.DigitalRunTrackManagerBeanTest" name="testGetPointsCalculatorForNegative" time="0.0"></testcase>
  <testcase classname="com.topcoder.service.digitalrun.track.failuretests.manager.bean.DigitalRunTrackManagerBeanTest" name="testGetProjectTypeForNegative" time="0.0"></testcase>
  <testcase classname="com.topcoder.service.digitalrun.track.failuretests.manager.bean.DigitalRunTrackManagerBeanTest" name="testCreateTrackForNull" time="0.0010"></testcase>
  <testcase classname="com.topcoder.service.digitalrun.track.failuretests.manager.bean.DigitalRunTrackManagerBeanTest" name="testUpdateTrackForNull" time="0.0010"></testcase>
  <testcase classname="com.topcoder.service.digitalrun.track.failuretests.manager.bean.DigitalRunTrackManagerBeanTest" name="testRemoveTrackForNegative" time="0.0"></testcase>
  <testcase classname="com.topcoder.service.digitalrun.track.failuretests.manager.bean.DigitalRunTrackManagerBeanTest" name="testGetTrackForNegative" time="0.0"></testcase>
  <testcase classname="com.topcoder.service.digitalrun.track.failuretests.manager.bean.DigitalRunTrackManagerBeanTest" name="testSearchTracksForNull" time="0.0"></testcase>
  <testcase classname="com.topcoder.service.digitalrun.track.failuretests.manager.bean.DigitalRunTrackManagerBeanTest" name="testAddTrackProjectTypeForNull" time="0.0"></testcase>
  <testcase classname="com.topcoder.service.digitalrun.track.failuretests.manager.bean.DigitalRunTrackManagerBeanTest" name="testRemoveTrackProjectTypeForNull" time="0.0"></testcase>
  <testcase classname="com.topcoder.service.digitalrun.track.failuretests.manager.bean.DigitalRunTrackManagerBeanTest" name="testCreateTrackStatusForNull" time="0.0"></testcase>
  <testcase classname="com.topcoder.service.digitalrun.track.failuretests.manager.bean.DigitalRunTrackManagerBeanTest" name="testUpdateTrackStatusForNull" time="0.0"></testcase>
  <testcase classname="com.topcoder.service.digitalrun.track.failuretests.manager.bean.DigitalRunTrackManagerBeanTest" name="testRemoveTrackStatusForNegative" time="0.0"></testcase>
  <testcase classname="com.topcoder.service.digitalrun.track.failuretests.manager.bean.DigitalRunTrackManagerBeanTest" name="testGetTrackStatusForNegative" time="0.0"></testcase>
  <testcase classname="com.topcoder.service.digitalrun.track.failuretests.manager.bean.DigitalRunTrackManagerBeanTest" name="testCreateTrackTypeForNull" time="0.0"></testcase>
  <testcase classname="com.topcoder.service.digitalrun.track.failuretests.manager.bean.DigitalRunTrackManagerBeanTest" name="testUpdateTrackTypeForNull" time="0.0"></testcase>
  <testcase classname="com.topcoder.service.digitalrun.track.failuretests.manager.bean.DigitalRunTrackManagerBeanTest" name="testRemoveTrackTypeForNegative" time="0.0"></testcase>
  <testcase classname="com.topcoder.service.digitalrun.track.failuretests.manager.bean.DigitalRunTrackManagerBeanTest" name="testGetTrackTypeForNegative" time="0.0"></testcase>
  <testcase classname="com.topcoder.service.digitalrun.track.failuretests.dao.implementations.AbstractDAOTest" name="testSetLoggerForNull" time="0.0"></testcase>
  <testcase classname="com.topcoder.service.digitalrun.track.failuretests.dao.implementations.AbstractDAOTest" name="testSetSessionContextForNull" time="0.0"></testcase>
  <testcase classname="com.topcoder.service.digitalrun.track.failuretests.dao.implementations.AbstractDAOTest" name="testSetUnitNameForNull" time="0.0"></testcase>
  <testcase classname="com.topcoder.service.digitalrun.track.failuretests.dao.implementations.AbstractDAOTest" name="testSetUnitNameForEmpty" time="0.0"></testcase>
  <testcase classname="com.topcoder.service.digitalrun.track.accuracytests.AbstractDAOAccTests" name="testCtor" time="0.0"></testcase>
  <testcase classname="com.topcoder.service.digitalrun.track.accuracytests.AbstractDAOAccTests" name="testgetEntityManager" time="0.388"></testcase>
  <testcase classname="com.topcoder.service.digitalrun.track.accuracytests.AbstractDAOAccTests" name="testLogger" time="0.0010"></testcase>
  <testcase classname="com.topcoder.service.digitalrun.track.accuracytests.AbstractDAOAccTests" name="testSessionContext" time="0.0"></testcase>
  <testcase classname="com.topcoder.service.digitalrun.track.accuracytests.AbstractDAOAccTests" name="testUnitName" time="0.0"></testcase>
  <testcase classname="com.topcoder.service.digitalrun.track.accuracytests.ConfigurationProviderAccTests" name="testGetConfiguration" time="0.0"></testcase>
  <testcase classname="com.topcoder.service.digitalrun.track.accuracytests.DigitalRunTrackFilterFactoryAccTests" name="test_createTrackIdEqualsFilter" time="0.0"></testcase>
  <testcase classname="com.topcoder.service.digitalrun.track.accuracytests.DigitalRunTrackFilterFactoryAccTests" name="test_createTrackIdInFilter" time="0.0"></testcase>
  <testcase classname="com.topcoder.service.digitalrun.track.accuracytests.DigitalRunTrackFilterFactoryAccTests" name="test_createTrackStatusIdEqualsFilter" time="0.0010"></testcase>
  <testcase classname="com.topcoder.service.digitalrun.track.accuracytests.DigitalRunTrackFilterFactoryAccTests" name="test_createTrackStatusIdInFilter" time="0.0"></testcase>
  <testcase classname="com.topcoder.service.digitalrun.track.accuracytests.DigitalRunTrackFilterFactoryAccTests" name="test_createTrackDescriptionEqualsFilter" time="0.0"></testcase>
  <testcase classname="com.topcoder.service.digitalrun.track.accuracytests.DigitalRunTrackFilterFactoryAccTests" name="test_createTrackDescriptionLikeFilter" time="0.0"></testcase>
  <testcase classname="com.topcoder.service.digitalrun.track.accuracytests.DigitalRunTrackFilterFactoryAccTests" name="test_createTrackDescriptionLikeFilter_2" time="0.0"></testcase>
  <testcase classname="com.topcoder.service.digitalrun.track.accuracytests.DigitalRunTrackFilterFactoryAccTests" name="test_createTrackTypeIdEqualsFilter" time="0.0"></testcase>
  <testcase classname="com.topcoder.service.digitalrun.track.accuracytests.DigitalRunTrackFilterFactoryAccTests" name="test_createTrackTypeIdInFilter" time="0.0"></testcase>
  <testcase classname="com.topcoder.service.digitalrun.track.accuracytests.DigitalRunTrackFilterFactoryAccTests" name="test_createTrackProjectTypeIdEqualsFilter" time="0.0"></testcase>
  <testcase classname="com.topcoder.service.digitalrun.track.accuracytests.DigitalRunTrackFilterFactoryAccTests" name="test_createTrackProjectTypedInFilter" time="0.0"></testcase>
  <testcase classname="com.topcoder.service.digitalrun.track.accuracytests.DigitalRunTrackFilterFactoryAccTests" name="test_createTrackStartDateEqualsFilter" time="0.0"></testcase>
  <testcase classname="com.topcoder.service.digitalrun.track.accuracytests.DigitalRunTrackFilterFactoryAccTests" name="test_createTrackStartDateGreaterOrEqualFilter" time="0.0"></testcase>
  <testcase classname="com.topcoder.service.digitalrun.track.accuracytests.DigitalRunTrackFilterFactoryAccTests" name="test_createTrackStartDateLowerOrEqualFilter" time="0.0"></testcase>
  <testcase classname="com.topcoder.service.digitalrun.track.accuracytests.DigitalRunTrackFilterFactoryAccTests" name="test_createTrackEndDateEqualsFilter" time="0.0"></testcase>
  <testcase classname="com.topcoder.service.digitalrun.track.accuracytests.DigitalRunTrackFilterFactoryAccTests" name="test_createTrackEndDateGreaterOrEqualFilter" time="0.0050"></testcase>
  <testcase classname="com.topcoder.service.digitalrun.track.accuracytests.DigitalRunTrackFilterFactoryAccTests" name="test_createTrackEndDateLowerOrEqualFilter" time="0.0"></testcase>
  <testcase classname="com.topcoder.service.digitalrun.track.accuracytests.DigitalRunTrackFilterFactoryAccTests" name="testcreateAndFilter" time="0.0"></testcase>
  <testcase classname="com.topcoder.service.digitalrun.track.accuracytests.DigitalRunTrackFilterFactoryAccTests" name="testcreateOrFilter" time="0.0"></testcase>
  <testcase classname="com.topcoder.service.digitalrun.track.accuracytests.DigitalRunTrackFilterFactoryAccTests" name="testcreateNotFilter" time="0.0"></testcase>
  <testcase classname="com.topcoder.service.digitalrun.track.accuracytests.DigitalRunTrackManagerBeanAccTests" name="testCtor" time="0.013"></testcase>
  <testcase classname="com.topcoder.service.digitalrun.track.accuracytests.DigitalRunTrackManagerBeanAccTests" name="test_createTrack" time="0.105"></testcase>
  <testcase classname="com.topcoder.service.digitalrun.track.accuracytests.DigitalRunTrackManagerBeanAccTests" name="test_updateTrack" time="0.085"></testcase>
  <testcase classname="com.topcoder.service.digitalrun.track.accuracytests.DigitalRunTrackManagerBeanAccTests" name="test_removeTrack" time="0.118"></testcase>
  <testcase classname="com.topcoder.service.digitalrun.track.accuracytests.DigitalRunTrackManagerBeanAccTests" name="test_getTrack" time="0.165"></testcase>
  <testcase classname="com.topcoder.service.digitalrun.track.accuracytests.DigitalRunTrackManagerBeanAccTests" name="test_getActiveTracks" time="0.143"></testcase>
  <testcase classname="com.topcoder.service.digitalrun.track.accuracytests.DigitalRunTrackManagerBeanAccTests" name="test_addTrackProjectType" time="0.059"></testcase>
  <testcase classname="com.topcoder.service.digitalrun.track.accuracytests.DigitalRunTrackManagerBeanAccTests" name="test_removeTrackProjectType" time="0.045"></testcase>
  <testcase classname="com.topcoder.service.digitalrun.track.accuracytests.DigitalRunTrackManagerBeanAccTests" name="testcreateTrackType" time="0.015"></testcase>
  <testcase classname="com.topcoder.service.digitalrun.track.accuracytests.DigitalRunTrackManagerBeanAccTests" name="testupdateTrackType" time="0.015"></testcase>
  <testcase classname="com.topcoder.service.digitalrun.track.accuracytests.DigitalRunTrackManagerBeanAccTests" name="testremoveTrackType" time="0.013"></testcase>
  <testcase classname="com.topcoder.service.digitalrun.track.accuracytests.DigitalRunTrackManagerBeanAccTests" name="testgetTrackType" time="0.022"></testcase>
  <testcase classname="com.topcoder.service.digitalrun.track.accuracytests.DigitalRunTrackManagerBeanAccTests" name="testgetAllTrackTypes" time="0.048"></testcase>
  <testcase classname="com.topcoder.service.digitalrun.track.accuracytests.DigitalRunTrackManagerBeanAccTests" name="testcreateTrackStatus" time="0.02"></testcase>
  <testcase classname="com.topcoder.service.digitalrun.track.accuracytests.DigitalRunTrackManagerBeanAccTests" name="testupdateTrackStatus" time="0.014"></testcase>
  <testcase classname="com.topcoder.service.digitalrun.track.accuracytests.DigitalRunTrackManagerBeanAccTests" name="testremoveTrackStatus" time="0.018"></testcase>
  <testcase classname="com.topcoder.service.digitalrun.track.accuracytests.DigitalRunTrackManagerBeanAccTests" name="testgetTrackStatus" time="0.014"></testcase>
  <testcase classname="com.topcoder.service.digitalrun.track.accuracytests.DigitalRunTrackManagerBeanAccTests" name="testgetAllTrackStatuses" time="0.028"></testcase>
  <testcase classname="com.topcoder.service.digitalrun.track.accuracytests.DigitalRunTrackManagerBeanAccTests" name="testcreatePointsCalculator" time="0.033"></testcase>
  <testcase classname="com.topcoder.service.digitalrun.track.accuracytests.DigitalRunTrackManagerBeanAccTests" name="testupdatePointsCalculator" time="0.057"></testcase>
  <testcase classname="com.topcoder.service.digitalrun.track.accuracytests.DigitalRunTrackManagerBeanAccTests" name="testremovePointsCalculator" time="0.234"></testcase>
  <testcase classname="com.topcoder.service.digitalrun.track.accuracytests.DigitalRunTrackManagerBeanAccTests" name="testgetPointsCalculator" time="0.049"></testcase>
  <testcase classname="com.topcoder.service.digitalrun.track.accuracytests.DigitalRunTrackManagerBeanAccTests" name="testgetAllPointsCalculators" time="0.056"></testcase>
  <testcase classname="com.topcoder.service.digitalrun.track.accuracytests.DigitalRunTrackManagerBeanAccTests" name="test_getProjectType" time="0.025"></testcase>
  <testcase classname="com.topcoder.service.digitalrun.track.accuracytests.DigitalRunTrackManagerBeanAccTests" name="test_getAllProjectTypes" time="0.051"></testcase>
  <testcase classname="com.topcoder.service.digitalrun.track.accuracytests.JPADigitalRunPointsCalculatorDAOAccTests" name="testCtor" time="0.0010"></testcase>
  <testcase classname="com.topcoder.service.digitalrun.track.accuracytests.JPADigitalRunPointsCalculatorDAOAccTests" name="testcreatePointsCalculator" time="0.014"></testcase>
  <testcase classname="com.topcoder.service.digitalrun.track.accuracytests.JPADigitalRunPointsCalculatorDAOAccTests" name="testupdatePointsCalculator" time="0.016"></testcase>
  <testcase classname="com.topcoder.service.digitalrun.track.accuracytests.JPADigitalRunPointsCalculatorDAOAccTests" name="testremovePointsCalculator" time="0.062"></testcase>
  <testcase classname="com.topcoder.service.digitalrun.track.accuracytests.JPADigitalRunPointsCalculatorDAOAccTests" name="testgetPointsCalculator" time="0.021"></testcase>
  <testcase classname="com.topcoder.service.digitalrun.track.accuracytests.JPADigitalRunPointsCalculatorDAOAccTests" name="testgetAllPointsCalculators" time="0.082"></testcase>
  <testcase classname="com.topcoder.service.digitalrun.track.accuracytests.JPADigitalRunProjectTypeDAOAccTests" name="testCtor" time="0.017"></testcase>
  <testcase classname="com.topcoder.service.digitalrun.track.accuracytests.JPADigitalRunProjectTypeDAOAccTests" name="test_getProjectType" time="0.015"></testcase>
  <testcase classname="com.topcoder.service.digitalrun.track.accuracytests.JPADigitalRunProjectTypeDAOAccTests" name="test_getAllProjectTypes" time="0.014"></testcase>
  <testcase classname="com.topcoder.service.digitalrun.track.accuracytests.JPADigitalRunTrackDAOAccTests" name="testCtor" time="0.0010"></testcase>
  <testcase classname="com.topcoder.service.digitalrun.track.accuracytests.JPADigitalRunTrackDAOAccTests" name="test_createTrack" time="0.057"></testcase>
  <testcase classname="com.topcoder.service.digitalrun.track.accuracytests.JPADigitalRunTrackDAOAccTests" name="test_updateTrack" time="0.08"></testcase>
  <testcase classname="com.topcoder.service.digitalrun.track.accuracytests.JPADigitalRunTrackDAOAccTests" name="test_removeTrack" time="0.152"></testcase>
  <testcase classname="com.topcoder.service.digitalrun.track.accuracytests.JPADigitalRunTrackDAOAccTests" name="test_getTrack" time="0.12"></testcase>
  <testcase classname="com.topcoder.service.digitalrun.track.accuracytests.JPADigitalRunTrackDAOAccTests" name="test_getActiveTracks" time="0.03"></testcase>
  <testcase classname="com.topcoder.service.digitalrun.track.accuracytests.JPADigitalRunTrackDAOAccTests" name="test_addTrackProjectType" time="0.042"></testcase>
  <testcase classname="com.topcoder.service.digitalrun.track.accuracytests.JPADigitalRunTrackDAOAccTests" name="test_removeTrackProjectType" time="0.138"></testcase>
  <testcase classname="com.topcoder.service.digitalrun.track.accuracytests.JPADigitalRunTrackDAOAccTests" name="test_setActiveStatusId" time="0.0"></testcase>
  <testcase classname="com.topcoder.service.digitalrun.track.accuracytests.JPADigitalRunTrackDAOAccTests" name="test_setSearchBundle" time="0.0"></testcase>
  <testcase classname="com.topcoder.service.digitalrun.track.accuracytests.JPADigitalRunTrackStatusDAOAccTests" name="testCtor" time="0.0"></testcase>
  <testcase classname="com.topcoder.service.digitalrun.track.accuracytests.JPADigitalRunTrackStatusDAOAccTests" name="testcreateTrackStatus" time="0.011"></testcase>
  <testcase classname="com.topcoder.service.digitalrun.track.accuracytests.JPADigitalRunTrackStatusDAOAccTests" name="testupdateTrackStatus" time="0.058"></testcase>
  <testcase classname="com.topcoder.service.digitalrun.track.accuracytests.JPADigitalRunTrackStatusDAOAccTests" name="testremoveTrackStatus" time="0.0050"></testcase>
  <testcase classname="com.topcoder.service.digitalrun.track.accuracytests.JPADigitalRunTrackStatusDAOAccTests" name="testgetTrackStatus" time="0.0090"></testcase>
  <testcase classname="com.topcoder.service.digitalrun.track.accuracytests.JPADigitalRunTrackStatusDAOAccTests" name="testgetAllTrackStatuses" time="0.014"></testcase>
  <testcase classname="com.topcoder.service.digitalrun.track.accuracytests.JPADigitalRunTrackTypeDAOAccTests" name="testCtor" time="0.0"></testcase>
  <testcase classname="com.topcoder.service.digitalrun.track.accuracytests.JPADigitalRunTrackTypeDAOAccTests" name="testcreateTrackType" time="0.0050"></testcase>
  <testcase classname="com.topcoder.service.digitalrun.track.accuracytests.JPADigitalRunTrackTypeDAOAccTests" name="testupdateTrackType" time="0.01"></testcase>
  <testcase classname="com.topcoder.service.digitalrun.track.accuracytests.JPADigitalRunTrackTypeDAOAccTests" name="testremoveTrackType" time="0.0050"></testcase>
  <testcase classname="com.topcoder.service.digitalrun.track.accuracytests.JPADigitalRunTrackTypeDAOAccTests" name="testgetTrackType" time="0.034"></testcase>
  <testcase classname="com.topcoder.service.digitalrun.track.accuracytests.JPADigitalRunTrackTypeDAOAccTests" name="testgetAllTrackTypes" time="0.014"></testcase>
  <testcase classname="com.topcoder.service.digitalrun.track.stresstests.JPADigitalRunPointsCalculatorDAOTests" name="testCRUDPointsCalculator" time="0.294"></testcase>
  <testcase classname="com.topcoder.service.digitalrun.track.stresstests.JPADigitalRunTrackStatusDAOTests" name="testGetAllTrackStatuss" time="0.162"></testcase>
  <testcase classname="com.topcoder.service.digitalrun.track.stresstests.JPADigitalRunTrackStatusDAOTests" name="testCRUDTrackStatus" time="0.279"></testcase>
  <testcase classname="com.topcoder.service.digitalrun.track.stresstests.JPADigitalRunProjectTypeDAOTests" name="testGetProjectType" time="0.096"></testcase>
  <testcase classname="com.topcoder.service.digitalrun.track.stresstests.JPADigitalRunTrackTypeDAOTests" name="testGetAllTrackTypes" time="0.167"></testcase>
  <testcase classname="com.topcoder.service.digitalrun.track.stresstests.JPADigitalRunTrackTypeDAOTests" name="testCRUDTrackType" time="0.147"></testcase>
  <testcase classname="com.topcoder.service.digitalrun.track.stresstests.JPADigitalRunTrackDAOTests" name="testGetActiveTracks" time="0.58"></testcase>
  <testcase classname="com.topcoder.service.digitalrun.track.stresstests.JPADigitalRunTrackDAOTests" name="testRemoveTrackProjectType" time="0.462"></testcase>
  <testcase classname="com.topcoder.service.digitalrun.track.stresstests.JPADigitalRunTrackDAOTests" name="testCRUDTrack" time="1.126"></testcase>
  <system-out><![CDATA[Enter method : createPointsCalculator(PointsCalculator)
Error Occurs : PointsCalculator should not be null.
Exit method : createPointsCalculator(PointsCalculator)
Enter method : createPointsCalculator(PointsCalculator)
Error Occurs : PointsCalculator 's id is large than zero.
Exit method : createPointsCalculator(PointsCalculator)
Enter method : createPointsCalculator(PointsCalculator)
Enter method : getEntityManager()
Exit method : getEntityManager()
Exit method : createPointsCalculator(PointsCalculator)
Enter method : getPointsCalculator(pointsCalculatorId)
Enter method : getEntityManager()
Exit method : getEntityManager()
Exit method : getPointsCalculator(pointsCalculatorId)
Enter method : getEntityManager()
Exit method : getEntityManager()
Enter method : getAllPointsCalculators()
Enter method : getEntityManager()
Exit method : getEntityManager()
Exit method : getAllPointsCalculators()
Enter method : updatePointsCalculator(PointsCalculator)
Error Occurs : PointsCalculator should not be null.
Exit method : updatePointsCalculator(PointsCalculator)
Enter method : createPointsCalculator(PointsCalculator)
Enter method : getEntityManager()
Exit method : getEntityManager()
Exit method : createPointsCalculator(PointsCalculator)
Enter method : getPointsCalculator(pointsCalculatorId)
Enter method : getEntityManager()
Exit method : getEntityManager()
Exit method : getPointsCalculator(pointsCalculatorId)
Enter method : updatePointsCalculator(PointsCalculator)
Enter method : getEntityManager()
Exit method : getEntityManager()
Exit method : updatePointsCalculator(PointsCalculator)
Enter method : getPointsCalculator(pointsCalculatorId)
Enter method : getEntityManager()
Exit method : getEntityManager()
Exit method : getPointsCalculator(pointsCalculatorId)
Enter method : getEntityManager()
Exit method : getEntityManager()
Enter method : getAllPointsCalculators()
Enter method : getEntityManager()
Exit method : getEntityManager()
Exit method : getAllPointsCalculators()
Enter method : createPointsCalculator(PointsCalculator)
Enter method : getEntityManager()
Exit method : getEntityManager()
Exit method : createPointsCalculator(PointsCalculator)
Enter method : removePointsCalculator(pointsCalculatorId)
Enter method : getEntityManager()
Exit method : getEntityManager()
Exit method : removePointsCalculator(pointsCalculatorId)
Enter method : getAllPointsCalculators()
Enter method : getEntityManager()
Exit method : getEntityManager()
Exit method : getAllPointsCalculators()
Enter method : removePointsCalculator(pointsCalculatorId)
Error Occurs : PointsCalculator.id should not be negative.
Exit method : removePointsCalculator(pointsCalculatorId)
Enter method : removePointsCalculator(pointsCalculatorId)
Enter method : getEntityManager()
Exit method : getEntityManager()
Error Occurs : There is no PointsCalculator entity with the given id [100 ] in persistence.
Exit method : removePointsCalculator(pointsCalculatorId)
Enter method : removePointsCalculator(pointsCalculatorId)
Enter method : getEntityManager()
Error Occurs : The EntityManager for the persistence unit [unitName] can not be found.
Exit method : getEntityManager()
Exit method : removePointsCalculator(pointsCalculatorId)
Enter method : createPointsCalculator(PointsCalculator)
Enter method : getEntityManager()
Exit method : getEntityManager()
Exit method : createPointsCalculator(PointsCalculator)
Enter method : getPointsCalculator(pointsCalculatorId)
Enter method : getEntityManager()
Exit method : getEntityManager()
Exit method : getPointsCalculator(pointsCalculatorId)
Enter method : removePointsCalculator(pointsCalculatorId)
Enter method : getEntityManager()
Exit method : getEntityManager()
Exit method : removePointsCalculator(pointsCalculatorId)
Enter method : getAllPointsCalculators()
Enter method : getEntityManager()
Exit method : getEntityManager()
Exit method : getAllPointsCalculators()
Enter method : createPointsCalculator(PointsCalculator)
Enter method : getEntityManager()
Exit method : getEntityManager()
Exit method : createPointsCalculator(PointsCalculator)
Enter method : getAllPointsCalculators()
Enter method : getEntityManager()
Exit method : getEntityManager()
Exit method : getAllPointsCalculators()
Enter method : removePointsCalculator(pointsCalculatorId)
Enter method : getEntityManager()
Exit method : getEntityManager()
Exit method : removePointsCalculator(pointsCalculatorId)
Enter method : getAllPointsCalculators()
Enter method : getEntityManager()
Exit method : getEntityManager()
Exit method : getAllPointsCalculators()
Enter method : getAllPointsCalculators()
Enter method : getEntityManager()
Error Occurs : The EntityManager for the persistence unit [unitName] can not be found.
Exit method : getEntityManager()
Exit method : getAllPointsCalculators()
Enter method : getPointsCalculator(pointsCalculatorId)
Error Occurs : PointsCalculator.id should not be negative.
Exit method : getPointsCalculator(pointsCalculatorId)
Enter method : getPointsCalculator(pointsCalculatorId)
Enter method : getEntityManager()
Exit method : getEntityManager()
Error Occurs : There is no PointsCalculator entity with the given id [100 ] in persistence.
Exit method : getPointsCalculator(pointsCalculatorId)
Enter method : getPointsCalculator(pointsCalculatorId)
Enter method : getEntityManager()
Error Occurs : The EntityManager for the persistence unit [unitName] can not be found.
Exit method : getEntityManager()
Exit method : getPointsCalculator(pointsCalculatorId)
Enter method : getProjectType(projectTypeId)
Enter method : getEntityManager()
Exit method : getEntityManager()
Exit method : getProjectType(projectTypeId)
Enter method : getEntityManager()
Exit method : getEntityManager()
Enter method : getAllProjectTypes()
Enter method : getEntityManager()
Exit method : getEntityManager()
Exit method : getAllProjectTypes()
Enter method : getProjectType(projectTypeId)
Enter method : getEntityManager()
Exit method : getEntityManager()
Error Occurs : There is no ProjectType entity with the given id [100 ] in persistence.
Exit method : getProjectType(projectTypeId)
Enter method : getProjectType(projectTypeId)
Enter method : getEntityManager()
Error Occurs : The EntityManager for the persistence unit [unitName] can not be found.
Exit method : getEntityManager()
Exit method : getProjectType(projectTypeId)
Enter method : getProjectType(projectTypeId)
Error Occurs : ProjectType.id should not be negative.
Exit method : getProjectType(projectTypeId)
Enter method : getAllProjectTypes()
Enter method : getEntityManager()
Error Occurs : The EntityManager for the persistence unit [unitName] can not be found.
Exit method : getEntityManager()
Exit method : getAllProjectTypes()
Enter method : getAllProjectTypes()
Enter method : getEntityManager()
Exit method : getEntityManager()
Exit method : getAllProjectTypes()
Enter method : getAllProjectTypes()
Enter method : getEntityManager()
Exit method : getEntityManager()
Exit method : getAllProjectTypes()
Enter method : getEntityManager()
Exit method : getEntityManager()
Enter method : getAllProjectTypes()
Enter method : getEntityManager()
Exit method : getEntityManager()
Exit method : getAllProjectTypes()
Enter method : createTrack(Track)
Enter method : getEntityManager()
Exit method : getEntityManager()
Exit method : createTrack(Track)
Enter method : getTrack(trackId)
Enter method : getEntityManager()
Exit method : getEntityManager()
Exit method : getTrack(trackId)
Enter method : createTrack(Track)
Error Occurs : Track should not be null.
Exit method : createTrack(Track)
Enter method : createTrack(Track)
Enter method : getEntityManager()
Error Occurs : The EntityManager for the persistence unit [unitName] can not be found.
Exit method : getEntityManager()
Exit method : createTrack(Track)
Enter method : createTrack(Track)
Error Occurs : Track 's id is large than zero.
Exit method : createTrack(Track)
Enter method : createTrack(Track)
Enter method : getEntityManager()
Exit method : getEntityManager()
Exit method : createTrack(Track)
Enter method : getTrack(trackId)
Enter method : getEntityManager()
Exit method : getEntityManager()
Exit method : getTrack(trackId)
Enter method : updateTrack(Track)
Enter method : getEntityManager()
Exit method : getEntityManager()
Exit method : updateTrack(Track)
Enter method : getTrack(trackId)
Enter method : getEntityManager()
Exit method : getEntityManager()
Exit method : getTrack(trackId)
Enter method : updateTrack(Track)
Error Occurs : Track should not be null.
Exit method : updateTrack(Track)
Enter method : updateTrack(Track)
Enter method : getEntityManager()
Exit method : getEntityManager()
Exit method : updateTrack(Track)
Enter method : createTrack(Track)
Enter method : getEntityManager()
Exit method : getEntityManager()
Exit method : createTrack(Track)
Enter method : getTrack(trackId)
Enter method : getEntityManager()
Exit method : getEntityManager()
Exit method : getTrack(trackId)
Enter method : getTrack(trackId)
Enter method : getEntityManager()
Exit method : getEntityManager()
Error Occurs : There is no Track entity with the given id [133 ] in persistence.
Exit method : getTrack(trackId)
Enter method : removeTrack(trackId)
Error Occurs : Track.id should not be negative.
Exit method : removeTrack(trackId)
Enter method : createTrack(Track)
Enter method : getEntityManager()
Exit method : getEntityManager()
Exit method : createTrack(Track)
Enter method : removeTrack(trackId)
Enter method : getEntityManager()
Exit method : getEntityManager()
Error Occurs : There is no Track entity with the given id [134 ] in persistence.
Exit method : removeTrack(trackId)
Enter method : removeTrack(trackId)
Enter method : getEntityManager()
Error Occurs : The EntityManager for the persistence unit [unitName] can not be found.
Exit method : getEntityManager()
Exit method : removeTrack(trackId)
Enter method : getTrack(trackId)
Error Occurs : Track.id should not be negative.
Exit method : getTrack(trackId)
Enter method : getTrack(trackId)
Enter method : getEntityManager()
Exit method : getEntityManager()
Error Occurs : There is no Track entity with the given id [2 ] in persistence.
Exit method : getTrack(trackId)
Enter method : createTrack(Track)
Enter method : getEntityManager()
Exit method : getEntityManager()
Exit method : createTrack(Track)
Enter method : getTrack(trackId)
Enter method : getEntityManager()
Exit method : getEntityManager()
Exit method : getTrack(trackId)
Enter method : createTrack(Track)
Enter method : getEntityManager()
Exit method : getEntityManager()
Exit method : createTrack(Track)
Enter method : getActiveTracks()
Enter method : getEntityManager()
Exit method : getEntityManager()
Exit method : getActiveTracks()
Enter method : createTrack(Track)
Enter method : getEntityManager()
Exit method : getEntityManager()
Exit method : createTrack(Track)
Enter method : removeTrackProjectType(Track,ProjectType)
Enter method : getEntityManager()
Exit method : getEntityManager()
Exit method : removeTrackProjectType(Track,ProjectType)
Enter method : createTrack(Track)
Enter method : getEntityManager()
Exit method : getEntityManager()
Exit method : createTrack(Track)
Enter method : removeTrackProjectType(Track,ProjectType)
Enter method : getEntityManager()
Exit method : getEntityManager()
Error Occurs : The ProjectType does not exist.
Exit method : removeTrackProjectType(Track,ProjectType)
Enter method : removeTrackProjectType(Track,ProjectType)
Enter method : getEntityManager()
Exit method : getEntityManager()
Error Occurs : The track does not exist.
Exit method : removeTrackProjectType(Track,ProjectType)
Enter method : createTrack(Track)
Enter method : getEntityManager()
Exit method : getEntityManager()
Exit method : createTrack(Track)
Enter method : addTrackProjectType(Track,ProjectType)
Enter method : getEntityManager()
Exit method : getEntityManager()
Exit method : addTrackProjectType(Track,ProjectType)
Enter method : createTrack(Track)
Enter method : getEntityManager()
Exit method : getEntityManager()
Exit method : createTrack(Track)
Enter method : addTrackProjectType(Track,ProjectType)
Enter method : getEntityManager()
Exit method : getEntityManager()
Error Occurs : The ProjectType does not exist.
Exit method : addTrackProjectType(Track,ProjectType)
Enter method : addTrackProjectType(Track,ProjectType)
Enter method : getEntityManager()
Exit method : getEntityManager()
Error Occurs : The track does not exist.
Exit method : addTrackProjectType(Track,ProjectType)
Enter method : searchTracks(Filter)
Error Occurs : filter should not be null.
Exit method : searchTracks(Filter)
Enter method : searchTracks(Filter)
Exception caught : Exception occurs while do the validateFilter to search in SearchBundle.
com.topcoder.search.builder.PersistenceOperationException: Exception occurs while do the validateFilter to search in SearchBundle.
	at com.topcoder.search.builder.SearchBundle.search(SearchBundle.java:263)
	at com.topcoder.search.builder.SearchBundle.search(SearchBundle.java:230)
	at com.topcoder.service.digitalrun.track.dao.implementations.JPADigitalRunTrackDAO.searchTracks(JPADigitalRunTrackDAO.java:201)
	at com.topcoder.service.digitalrun.track.dao.implementations.JPADigitalRunTrackDAOTests.testSearchTracks(JPADigitalRunTrackDAOTests.java:1030)
	at sun.reflect.NativeMethodAccessorImpl.invoke0(Native Method)
	at sun.reflect.NativeMethodAccessorImpl.invoke(NativeMethodAccessorImpl.java:39)
	at sun.reflect.DelegatingMethodAccessorImpl.invoke(DelegatingMethodAccessorImpl.java:25)
	at java.lang.reflect.Method.invoke(Method.java:585)
	at junit.framework.TestCase.runTest(TestCase.java:168)
	at junit.framework.TestCase.runBare(TestCase.java:134)
	at junit.framework.TestResult$1.protect(TestResult.java:110)
	at junit.framework.TestResult.runProtected(TestResult.java:128)
	at junit.framework.TestResult.run(TestResult.java:113)
	at junit.framework.TestCase.run(TestCase.java:124)
	at junit.framework.TestSuite.runTest(TestSuite.java:232)
	at junit.framework.TestSuite.run(TestSuite.java:227)
	at junit.framework.TestSuite.runTest(TestSuite.java:232)
	at junit.framework.TestSuite.run(TestSuite.java:227)
	at junit.extensions.TestDecorator.basicRun(TestDecorator.java:24)
	at junit.extensions.TestSetup$1.protect(TestSetup.java:23)
	at junit.framework.TestResult.runProtected(TestResult.java:128)
	at junit.extensions.TestSetup.run(TestSetup.java:27)
	at junit.framework.TestSuite.runTest(TestSuite.java:232)
	at junit.framework.TestSuite.run(TestSuite.java:227)
	at junit.framework.TestSuite.runTest(TestSuite.java:232)
	at junit.framework.TestSuite.run(TestSuite.java:227)
	at org.apache.tools.ant.taskdefs.optional.junit.JUnitTestRunner.run(JUnitTestRunner.java:297)
	at org.apache.tools.ant.taskdefs.optional.junit.JUnitTestRunner.launch(JUnitTestRunner.java:672)
	at org.apache.tools.ant.taskdefs.optional.junit.JUnitTestRunner.main(JUnitTestRunner.java:567)
Caused by: java.lang.IllegalArgumentException: The validators should not be null.
	at com.topcoder.search.builder.filter.FilterHelper.isValidSimpleFilter(FilterHelper.java:109)
	at com.topcoder.search.builder.filter.EqualToFilter.isValid(EqualToFilter.java:47)
	at com.topcoder.search.builder.SearchBundle.validateFilter(SearchBundle.java:512)
	at com.topcoder.search.builder.SearchBundle.search(SearchBundle.java:260)
	... 28 more
Exit method : searchTracks(Filter)
Error Occurs : SearchBundle should not be null.
Error Occurs : activeStatusId should not be negative.
Enter method : createTrackStatus(TrackStatus)
Error Occurs : TrackStatus should not be null.
Exit method : createTrackStatus(TrackStatus)
Enter method : createTrackStatus(TrackStatus)
Error Occurs : TrackStatus 's id is large than zero.
Exit method : createTrackStatus(TrackStatus)
Enter method : createTrackStatus(TrackStatus)
Enter method : getEntityManager()
Exit method : getEntityManager()
Exit method : createTrackStatus(TrackStatus)
Enter method : getTrackStatus(trackStatusId)
Enter method : getEntityManager()
Exit method : getEntityManager()
Exit method : getTrackStatus(trackStatusId)
Enter method : getEntityManager()
Exit method : getEntityManager()
Enter method : getAllTrackStatuses()
Enter method : getEntityManager()
Exit method : getEntityManager()
Exit method : getAllTrackStatuses()
Enter method : updateTrackStatus(TrackStatus)
Error Occurs : TrackStatus should not be null.
Exit method : updateTrackStatus(TrackStatus)
Enter method : createTrackStatus(TrackStatus)
Enter method : getEntityManager()
Exit method : getEntityManager()
Exit method : createTrackStatus(TrackStatus)
Enter method : getTrackStatus(trackStatusId)
Enter method : getEntityManager()
Exit method : getEntityManager()
Exit method : getTrackStatus(trackStatusId)
Enter method : updateTrackStatus(TrackStatus)
Enter method : getEntityManager()
Exit method : getEntityManager()
Exit method : updateTrackStatus(TrackStatus)
Enter method : getTrackStatus(trackStatusId)
Enter method : getEntityManager()
Exit method : getEntityManager()
Exit method : getTrackStatus(trackStatusId)
Enter method : getEntityManager()
Exit method : getEntityManager()
Enter method : getAllTrackStatuses()
Enter method : getEntityManager()
Exit method : getEntityManager()
Exit method : getAllTrackStatuses()
Enter method : createTrackStatus(TrackStatus)
Enter method : getEntityManager()
Exit method : getEntityManager()
Exit method : createTrackStatus(TrackStatus)
Enter method : removeTrackStatus(trackStatusId)
Enter method : getEntityManager()
Exit method : getEntityManager()
Exit method : removeTrackStatus(trackStatusId)
Enter method : getAllTrackStatuses()
Enter method : getEntityManager()
Exit method : getEntityManager()
Exit method : getAllTrackStatuses()
Enter method : removeTrackStatus(trackStatusId)
Error Occurs : TrackStatus.id should not be negative.
Exit method : removeTrackStatus(trackStatusId)
Enter method : removeTrackStatus(trackStatusId)
Enter method : getEntityManager()
Exit method : getEntityManager()
Error Occurs : There is no TrackStatus entity with the given id [100 ] in persistence.
Exit method : removeTrackStatus(trackStatusId)
Enter method : removeTrackStatus(trackStatusId)
Enter method : getEntityManager()
Error Occurs : The EntityManager for the persistence unit [unitName] can not be found.
Exit method : getEntityManager()
Exit method : removeTrackStatus(trackStatusId)
Enter method : createTrackStatus(TrackStatus)
Enter method : getEntityManager()
Exit method : getEntityManager()
Exit method : createTrackStatus(TrackStatus)
Enter method : getTrackStatus(trackStatusId)
Enter method : getEntityManager()
Exit method : getEntityManager()
Exit method : getTrackStatus(trackStatusId)
Enter method : removeTrackStatus(trackStatusId)
Enter method : getEntityManager()
Exit method : getEntityManager()
Exit method : removeTrackStatus(trackStatusId)
Enter method : getAllTrackStatuses()
Enter method : getEntityManager()
Exit method : getEntityManager()
Exit method : getAllTrackStatuses()
Enter method : createTrackStatus(TrackStatus)
Enter method : getEntityManager()
Exit method : getEntityManager()
Exit method : createTrackStatus(TrackStatus)
Enter method : getAllTrackStatuses()
Enter method : getEntityManager()
Exit method : getEntityManager()
Exit method : getAllTrackStatuses()
Enter method : removeTrackStatus(trackStatusId)
Enter method : getEntityManager()
Exit method : getEntityManager()
Exit method : removeTrackStatus(trackStatusId)
Enter method : getAllTrackStatuses()
Enter method : getEntityManager()
Exit method : getEntityManager()
Exit method : getAllTrackStatuses()
Enter method : getAllTrackStatuses()
Enter method : getEntityManager()
Error Occurs : The EntityManager for the persistence unit [unitName] can not be found.
Exit method : getEntityManager()
Exit method : getAllTrackStatuses()
Enter method : getTrackStatus(trackStatusId)
Error Occurs : TrackStatus.id should not be negative.
Exit method : getTrackStatus(trackStatusId)
Enter method : getTrackStatus(trackStatusId)
Enter method : getEntityManager()
Exit method : getEntityManager()
Error Occurs : There is no TrackStatus entity with the given id [100 ] in persistence.
Exit method : getTrackStatus(trackStatusId)
Enter method : getTrackStatus(trackStatusId)
Enter method : getEntityManager()
Error Occurs : The EntityManager for the persistence unit [unitName] can not be found.
Exit method : getEntityManager()
Exit method : getTrackStatus(trackStatusId)
Enter method : createTrackType(TrackType)
Error Occurs : TrackType should not be null.
Exit method : createTrackType(TrackType)
Enter method : createTrackType(TrackType)
Error Occurs : TrackType 's id is large than zero.
Exit method : createTrackType(TrackType)
Enter method : createTrackType(TrackType)
Enter method : getEntityManager()
Exit method : getEntityManager()
Exit method : createTrackType(TrackType)
Enter method : getTrackType(trackTypeId)
Enter method : getEntityManager()
Exit method : getEntityManager()
Exit method : getTrackType(trackTypeId)
Enter method : getEntityManager()
Exit method : getEntityManager()
Enter method : getAllTrackTypes()
Enter method : getEntityManager()
Exit method : getEntityManager()
Exit method : getAllTrackTypes()
Enter method : updateTrackType(trackType)
Error Occurs : TrackStatus should not be null.
Exit method : updateTrackType(trackType)
Enter method : createTrackType(TrackType)
Enter method : getEntityManager()
Exit method : getEntityManager()
Exit method : createTrackType(TrackType)
Enter method : getTrackType(trackTypeId)
Enter method : getEntityManager()
Exit method : getEntityManager()
Exit method : getTrackType(trackTypeId)
Enter method : updateTrackType(trackType)
Enter method : getEntityManager()
Exit method : getEntityManager()
Exit method : updateTrackType(trackType)
Enter method : getTrackType(trackTypeId)
Enter method : getEntityManager()
Exit method : getEntityManager()
Exit method : getTrackType(trackTypeId)
Enter method : getEntityManager()
Exit method : getEntityManager()
Enter method : getAllTrackTypes()
Enter method : getEntityManager()
Exit method : getEntityManager()
Exit method : getAllTrackTypes()
Enter method : createTrackType(TrackType)
Enter method : getEntityManager()
Exit method : getEntityManager()
Exit method : createTrackType(TrackType)
Enter method : removeTrackType(trackTypeId)
Enter method : getEntityManager()
Exit method : getEntityManager()
Exit method : removeTrackType(trackTypeId)
Enter method : getAllTrackTypes()
Enter method : getEntityManager()
Exit method : getEntityManager()
Exit method : getAllTrackTypes()
Enter method : removeTrackType(trackTypeId)
Error Occurs : TrackType.id should not be negative.
Exit method : removeTrackType(trackTypeId)
Enter method : removeTrackType(trackTypeId)
Enter method : getEntityManager()
Exit method : getEntityManager()
Error Occurs : There is no TrackType entity with the given id [100 ] in persistence.
Exit method : removeTrackType(trackTypeId)
Enter method : removeTrackType(trackTypeId)
Enter method : getEntityManager()
Error Occurs : The EntityManager for the persistence unit [unitName] can not be found.
Exit method : getEntityManager()
Exit method : removeTrackType(trackTypeId)
Enter method : createTrackType(TrackType)
Enter method : getEntityManager()
Exit method : getEntityManager()
Exit method : createTrackType(TrackType)
Enter method : getTrackType(trackTypeId)
Enter method : getEntityManager()
Exit method : getEntityManager()
Exit method : getTrackType(trackTypeId)
Enter method : removeTrackType(trackTypeId)
Enter method : getEntityManager()
Exit method : getEntityManager()
Exit method : removeTrackType(trackTypeId)
Enter method : getAllTrackTypes()
Enter method : getEntityManager()
Exit method : getEntityManager()
Exit method : getAllTrackTypes()
Enter method : createTrackType(TrackType)
Enter method : getEntityManager()
Exit method : getEntityManager()
Exit method : createTrackType(TrackType)
Enter method : getAllTrackTypes()
Enter method : getEntityManager()
Exit method : getEntityManager()
Exit method : getAllTrackTypes()
Enter method : removeTrackType(trackTypeId)
Enter method : getEntityManager()
Exit method : getEntityManager()
Exit method : removeTrackType(trackTypeId)
Enter method : getAllTrackTypes()
Enter method : getEntityManager()
Exit method : getEntityManager()
Exit method : getAllTrackTypes()
Enter method : getAllTrackTypes()
Enter method : getEntityManager()
Error Occurs : The EntityManager for the persistence unit [unitName] can not be found.
Exit method : getEntityManager()
Exit method : getAllTrackTypes()
Enter method : getTrackType(trackTypeId)
Error Occurs : TrackType.id should not be negative.
Exit method : getTrackType(trackTypeId)
Enter method : getTrackType(trackTypeId)
Enter method : getEntityManager()
Exit method : getEntityManager()
Error Occurs : There is no TrackType entity with the given id [100 ] in persistence.
Exit method : getTrackType(trackTypeId)
Enter method : getTrackType(trackTypeId)
Enter method : getEntityManager()
Error Occurs : The EntityManager for the persistence unit [unitName] can not be found.
Exit method : getEntityManager()
Exit method : getTrackType(trackTypeId)
Error Occurs : testCheckNegative_negative should not be negative.
Error Occurs : testcheckEntityPositive_positiveId 's id is large than zero.
Error Occurs : name should not be null.
Enter method : method
Exit method : method
Exception caught : test
java.lang.IllegalArgumentException: test
	at com.topcoder.service.digitalrun.track.HelperTests.testLogExceptionAccuracy1(HelperTests.java:342)
	at sun.reflect.NativeMethodAccessorImpl.invoke0(Native Method)
	at sun.reflect.NativeMethodAccessorImpl.invoke(NativeMethodAccessorImpl.java:39)
	at sun.reflect.DelegatingMethodAccessorImpl.invoke(DelegatingMethodAccessorImpl.java:25)
	at java.lang.reflect.Method.invoke(Method.java:585)
	at junit.framework.TestCase.runTest(TestCase.java:168)
	at junit.framework.TestCase.runBare(TestCase.java:134)
	at junit.framework.TestResult$1.protect(TestResult.java:110)
	at junit.framework.TestResult.runProtected(TestResult.java:128)
	at junit.framework.TestResult.run(TestResult.java:113)
	at junit.framework.TestCase.run(TestCase.java:124)
	at junit.framework.TestSuite.runTest(TestSuite.java:232)
	at junit.framework.TestSuite.run(TestSuite.java:227)
	at junit.framework.TestSuite.runTest(TestSuite.java:232)
	at junit.framework.TestSuite.run(TestSuite.java:227)
	at junit.framework.TestSuite.runTest(TestSuite.java:232)
	at junit.framework.TestSuite.run(TestSuite.java:227)
	at org.apache.tools.ant.taskdefs.optional.junit.JUnitTestRunner.run(JUnitTestRunner.java:297)
	at org.apache.tools.ant.taskdefs.optional.junit.JUnitTestRunner.launch(JUnitTestRunner.java:672)
	at org.apache.tools.ant.taskdefs.optional.junit.JUnitTestRunner.main(JUnitTestRunner.java:567)
Error Occurs : info
The TrackOperation id is 274
The TrackType id is 275
The TrackType id is 276
The TrackType id is 277
The TrackType id is 278
The TrackOperation id is 234
The TrackStatus id is 235
The TrackStatus id is 236
The TrackStatus id is 237
The TrackStatus id is 238
The DigitalRunPointsOperation id is 234
The PointsCalculator id is 235
The PointsCalculator id is 236
The PointsCalculator id is 237
The PointsCalculator id is 238
Enter method : createPointsCalculator(PointsCalculator)
Enter method : getEntityManager()
Exit method : getEntityManager()
Exit method : createPointsCalculator(PointsCalculator)
The DigitalRunPointsOperation id is 239
Enter method : getPointsCalculator(pointsCalculatorId)
Enter method : getEntityManager()
Exit method : getEntityManager()
Exit method : getPointsCalculator(pointsCalculatorId)
Enter method : removePointsCalculator(pointsCalculatorId)
Enter method : getEntityManager()
Exit method : getEntityManager()
Exit method : removePointsCalculator(pointsCalculatorId)
Enter method : createPointsCalculator(PointsCalculator)
Enter method : getEntityManager()
Exit method : getEntityManager()
Exit method : createPointsCalculator(PointsCalculator)
The PointsCalculator id is 240
Enter method : getPointsCalculator(pointsCalculatorId)
Enter method : getEntityManager()
Exit method : getEntityManager()
Exit method : getPointsCalculator(pointsCalculatorId)
Enter method : updatePointsCalculator(PointsCalculator)
Enter method : getEntityManager()
Exit method : getEntityManager()
Exit method : updatePointsCalculator(PointsCalculator)
Enter method : getPointsCalculator(pointsCalculatorId)
Enter method : getEntityManager()
Exit method : getEntityManager()
Exit method : getPointsCalculator(pointsCalculatorId)
Enter method : removePointsCalculator(pointsCalculatorId)
Enter method : getEntityManager()
Exit method : getEntityManager()
Exit method : removePointsCalculator(pointsCalculatorId)
Enter method : createPointsCalculator(PointsCalculator)
Enter method : getEntityManager()
Exit method : getEntityManager()
Exit method : createPointsCalculator(PointsCalculator)
The PointsCalculator id is 241
Enter method : getPointsCalculator(pointsCalculatorId)
Enter method : getEntityManager()
Exit method : getEntityManager()
Exit method : getPointsCalculator(pointsCalculatorId)
Enter method : removePointsCalculator(pointsCalculatorId)
Enter method : getEntityManager()
Exit method : getEntityManager()
Exit method : removePointsCalculator(pointsCalculatorId)
Enter method : createPointsCalculator(PointsCalculator)
Enter method : getEntityManager()
Exit method : getEntityManager()
Exit method : createPointsCalculator(PointsCalculator)
The PointsCalculator id is 242
Enter method : getPointsCalculator(pointsCalculatorId)
Enter method : getEntityManager()
Exit method : getEntityManager()
Exit method : getPointsCalculator(pointsCalculatorId)
Enter method : updatePointsCalculator(PointsCalculator)
Enter method : getEntityManager()
Exit method : getEntityManager()
Exit method : updatePointsCalculator(PointsCalculator)
Enter method : getPointsCalculator(pointsCalculatorId)
Enter method : getEntityManager()
Exit method : getEntityManager()
Exit method : getPointsCalculator(pointsCalculatorId)
Enter method : removePointsCalculator(pointsCalculatorId)
Enter method : getEntityManager()
Exit method : getEntityManager()
Exit method : removePointsCalculator(pointsCalculatorId)
Enter method : createPointsCalculator(PointsCalculator)
Enter method : getEntityManager()
Exit method : getEntityManager()
Exit method : createPointsCalculator(PointsCalculator)
The PointsCalculator id is 243
Enter method : getAllPointsCalculators()
Enter method : getEntityManager()
Exit method : getEntityManager()
Exit method : getAllPointsCalculators()
Enter method : updatePointsCalculator(PointsCalculator)
Enter method : getEntityManager()
Exit method : getEntityManager()
Exit method : updatePointsCalculator(PointsCalculator)
Enter method : getPointsCalculator(pointsCalculatorId)
Enter method : getEntityManager()
Exit method : getEntityManager()
Exit method : getPointsCalculator(pointsCalculatorId)
Enter method : removePointsCalculator(pointsCalculatorId)
Enter method : getEntityManager()
Exit method : getEntityManager()
Exit method : removePointsCalculator(pointsCalculatorId)
Enter method : getProjectType(projectTypeId)
Enter method : getEntityManager()
Exit method : getEntityManager()
Exit method : getProjectType(projectTypeId)
Enter method : getAllProjectTypes()
Enter method : getEntityManager()
Exit method : getEntityManager()
Exit method : getAllProjectTypes()
Enter method : createTrack(Track)
Enter method : getEntityManager()
Exit method : getEntityManager()
Exit method : createTrack(Track)
Enter method : getTrack(trackId)
Enter method : getEntityManager()
Exit method : getEntityManager()
Exit method : getTrack(trackId)
Enter method : createTrack(Track)
Enter method : getEntityManager()
Exit method : getEntityManager()
Exit method : createTrack(Track)
Enter method : updateTrack(Track)
Enter method : getEntityManager()
Exit method : getEntityManager()
Exit method : updateTrack(Track)
Enter method : getTrack(trackId)
Enter method : getEntityManager()
Exit method : getEntityManager()
Exit method : getTrack(trackId)
Enter method : createTrack(Track)
Enter method : getEntityManager()
Exit method : getEntityManager()
Exit method : createTrack(Track)
Enter method : removeTrack(trackId)
Enter method : getEntityManager()
Exit method : getEntityManager()
Exit method : removeTrack(trackId)
Enter method : createTrack(Track)
Enter method : getEntityManager()
Exit method : getEntityManager()
Exit method : createTrack(Track)
Enter method : getTrack(trackId)
Enter method : getEntityManager()
Exit method : getEntityManager()
Exit method : getTrack(trackId)
Enter method : createTrack(Track)
Enter method : getEntityManager()
Exit method : getEntityManager()
Exit method : createTrack(Track)
Enter method : getActiveTracks()
Enter method : getEntityManager()
Exit method : getEntityManager()
Exit method : getActiveTracks()
Enter method : createTrack(Track)
Enter method : getEntityManager()
Exit method : getEntityManager()
Exit method : createTrack(Track)
Enter method : addTrackProjectType(Track,ProjectType)
Enter method : getEntityManager()
Exit method : getEntityManager()
Exit method : addTrackProjectType(Track,ProjectType)
Enter method : getTrack(trackId)
Enter method : getEntityManager()
Exit method : getEntityManager()
Exit method : getTrack(trackId)
Enter method : createTrack(Track)
Enter method : getEntityManager()
Exit method : getEntityManager()
Exit method : createTrack(Track)
Enter method : removeTrackProjectType(Track,ProjectType)
Enter method : getEntityManager()
Exit method : getEntityManager()
Exit method : removeTrackProjectType(Track,ProjectType)
Enter method : getTrack(trackId)
Enter method : getEntityManager()
Exit method : getEntityManager()
Exit method : getTrack(trackId)
Enter method : createTrackStatus(TrackStatus)
Enter method : getEntityManager()
Exit method : getEntityManager()
Exit method : createTrackStatus(TrackStatus)
The TrackOperation id is 246
Enter method : getTrackStatus(trackStatusId)
Enter method : getEntityManager()
Exit method : getEntityManager()
Exit method : getTrackStatus(trackStatusId)
Enter method : removeTrackStatus(trackStatusId)
Enter method : getEntityManager()
Exit method : getEntityManager()
Exit method : removeTrackStatus(trackStatusId)
Enter method : createTrackStatus(TrackStatus)
Enter method : getEntityManager()
Exit method : getEntityManager()
Exit method : createTrackStatus(TrackStatus)
The TrackStatus id is 247
Enter method : getTrackStatus(trackStatusId)
Enter method : getEntityManager()
Exit method : getEntityManager()
Exit method : getTrackStatus(trackStatusId)
Enter method : updateTrackStatus(TrackStatus)
Enter method : getEntityManager()
Exit method : getEntityManager()
Exit method : updateTrackStatus(TrackStatus)
Enter method : getTrackStatus(trackStatusId)
Enter method : getEntityManager()
Exit method : getEntityManager()
Exit method : getTrackStatus(trackStatusId)
Enter method : removeTrackStatus(trackStatusId)
Enter method : getEntityManager()
Exit method : getEntityManager()
Exit method : removeTrackStatus(trackStatusId)
Enter method : createTrackStatus(TrackStatus)
Enter method : getEntityManager()
Exit method : getEntityManager()
Exit method : createTrackStatus(TrackStatus)
The TrackStatus id is 248
Enter method : getTrackStatus(trackStatusId)
Enter method : getEntityManager()
Exit method : getEntityManager()
Exit method : getTrackStatus(trackStatusId)
Enter method : removeTrackStatus(trackStatusId)
Enter method : getEntityManager()
Exit method : getEntityManager()
Exit method : removeTrackStatus(trackStatusId)
Enter method : createTrackStatus(TrackStatus)
Enter method : getEntityManager()
Exit method : getEntityManager()
Exit method : createTrackStatus(TrackStatus)
The TrackStatus id is 249
Enter method : getTrackStatus(trackStatusId)
Enter method : getEntityManager()
Exit method : getEntityManager()
Exit method : getTrackStatus(trackStatusId)
Enter method : updateTrackStatus(TrackStatus)
Enter method : getEntityManager()
Exit method : getEntityManager()
Exit method : updateTrackStatus(TrackStatus)
Enter method : getTrackStatus(trackStatusId)
Enter method : getEntityManager()
Exit method : getEntityManager()
Exit method : getTrackStatus(trackStatusId)
Enter method : removeTrackStatus(trackStatusId)
Enter method : getEntityManager()
Exit method : getEntityManager()
Exit method : removeTrackStatus(trackStatusId)
Enter method : createTrackStatus(TrackStatus)
Enter method : getEntityManager()
Exit method : getEntityManager()
Exit method : createTrackStatus(TrackStatus)
The TrackStatus id is 250
Enter method : getAllTrackStatuses()
Enter method : getEntityManager()
Exit method : getEntityManager()
Exit method : getAllTrackStatuses()
Enter method : updateTrackStatus(TrackStatus)
Enter method : getEntityManager()
Exit method : getEntityManager()
Exit method : updateTrackStatus(TrackStatus)
Enter method : getTrackStatus(trackStatusId)
Enter method : getEntityManager()
Exit method : getEntityManager()
Exit method : getTrackStatus(trackStatusId)
Enter method : removeTrackStatus(trackStatusId)
Enter method : getEntityManager()
Exit method : getEntityManager()
Exit method : removeTrackStatus(trackStatusId)
Enter method : createTrackType(TrackType)
Enter method : getEntityManager()
Exit method : getEntityManager()
Exit method : createTrackType(TrackType)
The TrackOperation id is 286
Enter method : getTrackType(trackTypeId)
Enter method : getEntityManager()
Exit method : getEntityManager()
Exit method : getTrackType(trackTypeId)
Enter method : removeTrackType(trackTypeId)
Enter method : getEntityManager()
Exit method : getEntityManager()
Exit method : removeTrackType(trackTypeId)
Enter method : createTrackType(TrackType)
Enter method : getEntityManager()
Exit method : getEntityManager()
Exit method : createTrackType(TrackType)
The TrackType id is 287
Enter method : getTrackType(trackTypeId)
Enter method : getEntityManager()
Exit method : getEntityManager()
Exit method : getTrackType(trackTypeId)
Enter method : updateTrackType(trackType)
Enter method : getEntityManager()
Exit method : getEntityManager()
Exit method : updateTrackType(trackType)
Enter method : getTrackType(trackTypeId)
Enter method : getEntityManager()
Exit method : getEntityManager()
Exit method : getTrackType(trackTypeId)
Enter method : removeTrackType(trackTypeId)
Enter method : getEntityManager()
Exit method : getEntityManager()
Exit method : removeTrackType(trackTypeId)
Enter method : createTrackType(TrackType)
Enter method : getEntityManager()
Exit method : getEntityManager()
Exit method : createTrackType(TrackType)
The TrackType id is 288
Enter method : getTrackType(trackTypeId)
Enter method : getEntityManager()
Exit method : getEntityManager()
Exit method : getTrackType(trackTypeId)
Enter method : removeTrackType(trackTypeId)
Enter method : getEntityManager()
Exit method : getEntityManager()
Exit method : removeTrackType(trackTypeId)
Enter method : createTrackType(TrackType)
Enter method : getEntityManager()
Exit method : getEntityManager()
Exit method : createTrackType(TrackType)
The TrackType id is 289
Enter method : getTrackType(trackTypeId)
Enter method : getEntityManager()
Exit method : getEntityManager()
Exit method : getTrackType(trackTypeId)
Enter method : updateTrackType(trackType)
Enter method : getEntityManager()
Exit method : getEntityManager()
Exit method : updateTrackType(trackType)
Enter method : getTrackType(trackTypeId)
Enter method : getEntityManager()
Exit method : getEntityManager()
Exit method : getTrackType(trackTypeId)
Enter method : removeTrackType(trackTypeId)
Enter method : getEntityManager()
Exit method : getEntityManager()
Exit method : removeTrackType(trackTypeId)
Enter method : createTrackType(TrackType)
Enter method : getEntityManager()
Exit method : getEntityManager()
Exit method : createTrackType(TrackType)
The TrackType id is 290
Enter method : getAllTrackTypes()
Enter method : getEntityManager()
Exit method : getEntityManager()
Exit method : getAllTrackTypes()
Enter method : updateTrackType(trackType)
Enter method : getEntityManager()
Exit method : getEntityManager()
Exit method : updateTrackType(trackType)
Enter method : getTrackType(trackTypeId)
Enter method : getEntityManager()
Exit method : getEntityManager()
Exit method : getTrackType(trackTypeId)
Enter method : removeTrackType(trackTypeId)
Enter method : getEntityManager()
Exit method : getEntityManager()
Exit method : removeTrackType(trackTypeId)
Enter method : createPointsCalculator(PointsCalculator)
Enter method : getEntityManager()
Exit method : getEntityManager()
Exit method : createPointsCalculator(PointsCalculator)
Enter method : getPointsCalculator(pointsCalculatorId)
Enter method : getEntityManager()
Exit method : getEntityManager()
Exit method : getPointsCalculator(pointsCalculatorId)
Enter method : removePointsCalculator(pointsCalculatorId)
Enter method : getEntityManager()
Exit method : getEntityManager()
Exit method : removePointsCalculator(pointsCalculatorId)
Enter method : getAllPointsCalculators()
Enter method : getEntityManager()
Exit method : getEntityManager()
Exit method : getAllPointsCalculators()
Enter method : createPointsCalculator(PointsCalculator)
Enter method : getEntityManager()
Exit method : getEntityManager()
Exit method : createPointsCalculator(PointsCalculator)
Enter method : getPointsCalculator(pointsCalculatorId)
Enter method : getEntityManager()
Exit method : getEntityManager()
Exit method : getPointsCalculator(pointsCalculatorId)
Enter method : removePointsCalculator(pointsCalculatorId)
Enter method : getEntityManager()
Exit method : getEntityManager()
Exit method : removePointsCalculator(pointsCalculatorId)
Enter method : getAllPointsCalculators()
Enter method : getEntityManager()
Exit method : getEntityManager()
Exit method : getAllPointsCalculators()
Enter method : createPointsCalculator(PointsCalculator)
Enter method : getEntityManager()
Exit method : getEntityManager()
Exit method : createPointsCalculator(PointsCalculator)
Enter method : getPointsCalculator(pointsCalculatorId)
Enter method : getEntityManager()
Exit method : getEntityManager()
Exit method : getPointsCalculator(pointsCalculatorId)
Enter method : removePointsCalculator(pointsCalculatorId)
Enter method : getEntityManager()
Exit method : getEntityManager()
Exit method : removePointsCalculator(pointsCalculatorId)
Enter method : getAllPointsCalculators()
Enter method : getEntityManager()
Exit method : getEntityManager()
Exit method : getAllPointsCalculators()
Enter method : createPointsCalculator(PointsCalculator)
Enter method : getEntityManager()
Exit method : getEntityManager()
Exit method : createPointsCalculator(PointsCalculator)
Enter method : getPointsCalculator(pointsCalculatorId)
Enter method : getEntityManager()
Exit method : getEntityManager()
Exit method : getPointsCalculator(pointsCalculatorId)
Enter method : removePointsCalculator(pointsCalculatorId)
Enter method : getEntityManager()
Exit method : getEntityManager()
Exit method : removePointsCalculator(pointsCalculatorId)
Enter method : getAllPointsCalculators()
Enter method : getEntityManager()
Exit method : getEntityManager()
Exit method : getAllPointsCalculators()
Enter method : createPointsCalculator(PointsCalculator)
Enter method : getEntityManager()
Exit method : getEntityManager()
Exit method : createPointsCalculator(PointsCalculator)
Enter method : getPointsCalculator(pointsCalculatorId)
Enter method : getEntityManager()
Exit method : getEntityManager()
Exit method : getPointsCalculator(pointsCalculatorId)
Enter method : removePointsCalculator(pointsCalculatorId)
Enter method : getEntityManager()
Exit method : getEntityManager()
Exit method : removePointsCalculator(pointsCalculatorId)
Enter method : getAllPointsCalculators()
Enter method : getEntityManager()
Exit method : getEntityManager()
Exit method : getAllPointsCalculators()
Enter method : createPointsCalculator(PointsCalculator)
Enter method : getEntityManager()
Exit method : getEntityManager()
Exit method : createPointsCalculator(PointsCalculator)
Enter method : getPointsCalculator(pointsCalculatorId)
Enter method : getEntityManager()
Exit method : getEntityManager()
Exit method : getPointsCalculator(pointsCalculatorId)
Enter method : removePointsCalculator(pointsCalculatorId)
Enter method : getEntityManager()
Exit method : getEntityManager()
Exit method : removePointsCalculator(pointsCalculatorId)
Enter method : getAllPointsCalculators()
Enter method : getEntityManager()
Exit method : getEntityManager()
Exit method : getAllPointsCalculators()
Enter method : createPointsCalculator(PointsCalculator)
Enter method : getEntityManager()
Exit method : getEntityManager()
Exit method : createPointsCalculator(PointsCalculator)
Enter method : getPointsCalculator(pointsCalculatorId)
Enter method : getEntityManager()
Exit method : getEntityManager()
Exit method : getPointsCalculator(pointsCalculatorId)
Enter method : removePointsCalculator(pointsCalculatorId)
Enter method : getEntityManager()
Exit method : getEntityManager()
Exit method : removePointsCalculator(pointsCalculatorId)
Enter method : getAllPointsCalculators()
Enter method : getEntityManager()
Exit method : getEntityManager()
Exit method : getAllPointsCalculators()
Enter method : createPointsCalculator(PointsCalculator)
Enter method : getEntityManager()
Exit method : getEntityManager()
Exit method : createPointsCalculator(PointsCalculator)
Enter method : getPointsCalculator(pointsCalculatorId)
Enter method : getEntityManager()
Exit method : getEntityManager()
Exit method : getPointsCalculator(pointsCalculatorId)
Enter method : removePointsCalculator(pointsCalculatorId)
Enter method : getEntityManager()
Exit method : getEntityManager()
Exit method : removePointsCalculator(pointsCalculatorId)
Enter method : getAllPointsCalculators()
Enter method : getEntityManager()
Exit method : getEntityManager()
Exit method : getAllPointsCalculators()
Enter method : createPointsCalculator(PointsCalculator)
Enter method : getEntityManager()
Exit method : getEntityManager()
Exit method : createPointsCalculator(PointsCalculator)
Enter method : getPointsCalculator(pointsCalculatorId)
Enter method : getEntityManager()
Exit method : getEntityManager()
Exit method : getPointsCalculator(pointsCalculatorId)
Enter method : removePointsCalculator(pointsCalculatorId)
Enter method : getEntityManager()
Exit method : getEntityManager()
Exit method : removePointsCalculator(pointsCalculatorId)
Enter method : getAllPointsCalculators()
Enter method : getEntityManager()
Exit method : getEntityManager()
Exit method : getAllPointsCalculators()
Enter method : createPointsCalculator(PointsCalculator)
Enter method : getEntityManager()
Exit method : getEntityManager()
Exit method : createPointsCalculator(PointsCalculator)
Enter method : getPointsCalculator(pointsCalculatorId)
Enter method : getEntityManager()
Exit method : getEntityManager()
Exit method : getPointsCalculator(pointsCalculatorId)
Enter method : removePointsCalculator(pointsCalculatorId)
Enter method : getEntityManager()
Exit method : getEntityManager()
Exit method : removePointsCalculator(pointsCalculatorId)
Enter method : getAllPointsCalculators()
Enter method : getEntityManager()
Exit method : getEntityManager()
Exit method : getAllPointsCalculators()
The test [CRUD on PointsCalculator ] run 10 times, took time: 293 ms
Enter method : createTrackStatus(TrackStatus)
Enter method : getEntityManager()
Exit method : getEntityManager()
Exit method : createTrackStatus(TrackStatus)
Enter method : getAllTrackStatuses()
Enter method : getEntityManager()
Exit method : getEntityManager()
Exit method : getAllTrackStatuses()
Enter method : removeTrackStatus(trackStatusId)
Enter method : getEntityManager()
Exit method : getEntityManager()
Exit method : removeTrackStatus(trackStatusId)
Enter method : getAllTrackStatuses()
Enter method : getEntityManager()
Exit method : getEntityManager()
Exit method : getAllTrackStatuses()
Enter method : createTrackStatus(TrackStatus)
Enter method : getEntityManager()
Exit method : getEntityManager()
Exit method : createTrackStatus(TrackStatus)
Enter method : getAllTrackStatuses()
Enter method : getEntityManager()
Exit method : getEntityManager()
Exit method : getAllTrackStatuses()
Enter method : removeTrackStatus(trackStatusId)
Enter method : getEntityManager()
Exit method : getEntityManager()
Exit method : removeTrackStatus(trackStatusId)
Enter method : getAllTrackStatuses()
Enter method : getEntityManager()
Exit method : getEntityManager()
Exit method : getAllTrackStatuses()
Enter method : createTrackStatus(TrackStatus)
Enter method : getEntityManager()
Exit method : getEntityManager()
Exit method : createTrackStatus(TrackStatus)
Enter method : getAllTrackStatuses()
Enter method : getEntityManager()
Exit method : getEntityManager()
Exit method : getAllTrackStatuses()
Enter method : removeTrackStatus(trackStatusId)
Enter method : getEntityManager()
Exit method : getEntityManager()
Exit method : removeTrackStatus(trackStatusId)
Enter method : getAllTrackStatuses()
Enter method : getEntityManager()
Exit method : getEntityManager()
Exit method : getAllTrackStatuses()
Enter method : createTrackStatus(TrackStatus)
Enter method : getEntityManager()
Exit method : getEntityManager()
Exit method : createTrackStatus(TrackStatus)
Enter method : getAllTrackStatuses()
Enter method : getEntityManager()
Exit method : getEntityManager()
Exit method : getAllTrackStatuses()
Enter method : removeTrackStatus(trackStatusId)
Enter method : getEntityManager()
Exit method : getEntityManager()
Exit method : removeTrackStatus(trackStatusId)
Enter method : getAllTrackStatuses()
Enter method : getEntityManager()
Exit method : getEntityManager()
Exit method : getAllTrackStatuses()
Enter method : createTrackStatus(TrackStatus)
Enter method : getEntityManager()
Exit method : getEntityManager()
Exit method : createTrackStatus(TrackStatus)
Enter method : getAllTrackStatuses()
Enter method : getEntityManager()
Exit method : getEntityManager()
Exit method : getAllTrackStatuses()
Enter method : removeTrackStatus(trackStatusId)
Enter method : getEntityManager()
Exit method : getEntityManager()
Exit method : removeTrackStatus(trackStatusId)
Enter method : getAllTrackStatuses()
Enter method : getEntityManager()
Exit method : getEntityManager()
Exit method : getAllTrackStatuses()
Enter method : createTrackStatus(TrackStatus)
Enter method : getEntityManager()
Exit method : getEntityManager()
Exit method : createTrackStatus(TrackStatus)
Enter method : getAllTrackStatuses()
Enter method : getEntityManager()
Exit method : getEntityManager()
Exit method : getAllTrackStatuses()
Enter method : removeTrackStatus(trackStatusId)
Enter method : getEntityManager()
Exit method : getEntityManager()
Exit method : removeTrackStatus(trackStatusId)
Enter method : getAllTrackStatuses()
Enter method : getEntityManager()
Exit method : getEntityManager()
Exit method : getAllTrackStatuses()
Enter method : createTrackStatus(TrackStatus)
Enter method : getEntityManager()
Exit method : getEntityManager()
Exit method : createTrackStatus(TrackStatus)
Enter method : getAllTrackStatuses()
Enter method : getEntityManager()
Exit method : getEntityManager()
Exit method : getAllTrackStatuses()
Enter method : removeTrackStatus(trackStatusId)
Enter method : getEntityManager()
Exit method : getEntityManager()
Exit method : removeTrackStatus(trackStatusId)
Enter method : getAllTrackStatuses()
Enter method : getEntityManager()
Exit method : getEntityManager()
Exit method : getAllTrackStatuses()
Enter method : createTrackStatus(TrackStatus)
Enter method : getEntityManager()
Exit method : getEntityManager()
Exit method : createTrackStatus(TrackStatus)
Enter method : getAllTrackStatuses()
Enter method : getEntityManager()
Exit method : getEntityManager()
Exit method : getAllTrackStatuses()
Enter method : removeTrackStatus(trackStatusId)
Enter method : getEntityManager()
Exit method : getEntityManager()
Exit method : removeTrackStatus(trackStatusId)
Enter method : getAllTrackStatuses()
Enter method : getEntityManager()
Exit method : getEntityManager()
Exit method : getAllTrackStatuses()
Enter method : createTrackStatus(TrackStatus)
Enter method : getEntityManager()
Exit method : getEntityManager()
Exit method : createTrackStatus(TrackStatus)
Enter method : getAllTrackStatuses()
Enter method : getEntityManager()
Exit method : getEntityManager()
Exit method : getAllTrackStatuses()
Enter method : removeTrackStatus(trackStatusId)
Enter method : getEntityManager()
Exit method : getEntityManager()
Exit method : removeTrackStatus(trackStatusId)
Enter method : getAllTrackStatuses()
Enter method : getEntityManager()
Exit method : getEntityManager()
Exit method : getAllTrackStatuses()
Enter method : createTrackStatus(TrackStatus)
Enter method : getEntityManager()
Exit method : getEntityManager()
Exit method : createTrackStatus(TrackStatus)
Enter method : getAllTrackStatuses()
Enter method : getEntityManager()
Exit method : getEntityManager()
Exit method : getAllTrackStatuses()
Enter method : removeTrackStatus(trackStatusId)
Enter method : getEntityManager()
Exit method : getEntityManager()
Exit method : removeTrackStatus(trackStatusId)
Enter method : getAllTrackStatuses()
Enter method : getEntityManager()
Exit method : getEntityManager()
Exit method : getAllTrackStatuses()
The test [getAllTrackStatuss] run 10 times, took time: 162 ms
Enter method : createTrackStatus(TrackStatus)
Enter method : getEntityManager()
Exit method : getEntityManager()
Exit method : createTrackStatus(TrackStatus)
Enter method : getTrackStatus(trackStatusId)
Enter method : getEntityManager()
Exit method : getEntityManager()
Exit method : getTrackStatus(trackStatusId)
Enter method : updateTrackStatus(TrackStatus)
Enter method : getEntityManager()
Exit method : getEntityManager()
Exit method : updateTrackStatus(TrackStatus)
Enter method : getTrackStatus(trackStatusId)
Enter method : getEntityManager()
Exit method : getEntityManager()
Exit method : getTrackStatus(trackStatusId)
Enter method : removeTrackStatus(trackStatusId)
Enter method : getEntityManager()
Exit method : getEntityManager()
Exit method : removeTrackStatus(trackStatusId)
Enter method : getAllTrackStatuses()
Enter method : getEntityManager()
Exit method : getEntityManager()
Exit method : getAllTrackStatuses()
Enter method : createTrackStatus(TrackStatus)
Enter method : getEntityManager()
Exit method : getEntityManager()
Exit method : createTrackStatus(TrackStatus)
Enter method : getTrackStatus(trackStatusId)
Enter method : getEntityManager()
Exit method : getEntityManager()
Exit method : getTrackStatus(trackStatusId)
Enter method : updateTrackStatus(TrackStatus)
Enter method : getEntityManager()
Exit method : getEntityManager()
Exit method : updateTrackStatus(TrackStatus)
Enter method : getTrackStatus(trackStatusId)
Enter method : getEntityManager()
Exit method : getEntityManager()
Exit method : getTrackStatus(trackStatusId)
Enter method : removeTrackStatus(trackStatusId)
Enter method : getEntityManager()
Exit method : getEntityManager()
Exit method : removeTrackStatus(trackStatusId)
Enter method : getAllTrackStatuses()
Enter method : getEntityManager()
Exit method : getEntityManager()
Exit method : getAllTrackStatuses()
Enter method : createTrackStatus(TrackStatus)
Enter method : getEntityManager()
Exit method : getEntityManager()
Exit method : createTrackStatus(TrackStatus)
Enter method : getTrackStatus(trackStatusId)
Enter method : getEntityManager()
Exit method : getEntityManager()
Exit method : getTrackStatus(trackStatusId)
Enter method : updateTrackStatus(TrackStatus)
Enter method : getEntityManager()
Exit method : getEntityManager()
Exit method : updateTrackStatus(TrackStatus)
Enter method : getTrackStatus(trackStatusId)
Enter method : getEntityManager()
Exit method : getEntityManager()
Exit method : getTrackStatus(trackStatusId)
Enter method : removeTrackStatus(trackStatusId)
Enter method : getEntityManager()
Exit method : getEntityManager()
Exit method : removeTrackStatus(trackStatusId)
Enter method : getAllTrackStatuses()
Enter method : getEntityManager()
Exit method : getEntityManager()
Exit method : getAllTrackStatuses()
Enter method : createTrackStatus(TrackStatus)
Enter method : getEntityManager()
Exit method : getEntityManager()
Exit method : createTrackStatus(TrackStatus)
Enter method : getTrackStatus(trackStatusId)
Enter method : getEntityManager()
Exit method : getEntityManager()
Exit method : getTrackStatus(trackStatusId)
Enter method : updateTrackStatus(TrackStatus)
Enter method : getEntityManager()
Exit method : getEntityManager()
Exit method : updateTrackStatus(TrackStatus)
Enter method : getTrackStatus(trackStatusId)
Enter method : getEntityManager()
Exit method : getEntityManager()
Exit method : getTrackStatus(trackStatusId)
Enter method : removeTrackStatus(trackStatusId)
Enter method : getEntityManager()
Exit method : getEntityManager()
Exit method : removeTrackStatus(trackStatusId)
Enter method : getAllTrackStatuses()
Enter method : getEntityManager()
Exit method : getEntityManager()
Exit method : getAllTrackStatuses()
Enter method : createTrackStatus(TrackStatus)
Enter method : getEntityManager()
Exit method : getEntityManager()
Exit method : createTrackStatus(TrackStatus)
Enter method : getTrackStatus(trackStatusId)
Enter method : getEntityManager()
Exit method : getEntityManager()
Exit method : getTrackStatus(trackStatusId)
Enter method : updateTrackStatus(TrackStatus)
Enter method : getEntityManager()
Exit method : getEntityManager()
Exit method : updateTrackStatus(TrackStatus)
Enter method : getTrackStatus(trackStatusId)
Enter method : getEntityManager()
Exit method : getEntityManager()
Exit method : getTrackStatus(trackStatusId)
Enter method : removeTrackStatus(trackStatusId)
Enter method : getEntityManager()
Exit method : getEntityManager()
Exit method : removeTrackStatus(trackStatusId)
Enter method : getAllTrackStatuses()
Enter method : getEntityManager()
Exit method : getEntityManager()
Exit method : getAllTrackStatuses()
Enter method : createTrackStatus(TrackStatus)
Enter method : getEntityManager()
Exit method : getEntityManager()
Exit method : createTrackStatus(TrackStatus)
Enter method : getTrackStatus(trackStatusId)
Enter method : getEntityManager()
Exit method : getEntityManager()
Exit method : getTrackStatus(trackStatusId)
Enter method : updateTrackStatus(TrackStatus)
Enter method : getEntityManager()
Exit method : getEntityManager()
Exit method : updateTrackStatus(TrackStatus)
Enter method : getTrackStatus(trackStatusId)
Enter method : getEntityManager()
Exit method : getEntityManager()
Exit method : getTrackStatus(trackStatusId)
Enter method : removeTrackStatus(trackStatusId)
Enter method : getEntityManager()
Exit method : getEntityManager()
Exit method : removeTrackStatus(trackStatusId)
Enter method : getAllTrackStatuses()
Enter method : getEntityManager()
Exit method : getEntityManager()
Exit method : getAllTrackStatuses()
Enter method : createTrackStatus(TrackStatus)
Enter method : getEntityManager()
Exit method : getEntityManager()
Exit method : createTrackStatus(TrackStatus)
Enter method : getTrackStatus(trackStatusId)
Enter method : getEntityManager()
Exit method : getEntityManager()
Exit method : getTrackStatus(trackStatusId)
Enter method : updateTrackStatus(TrackStatus)
Enter method : getEntityManager()
Exit method : getEntityManager()
Exit method : updateTrackStatus(TrackStatus)
Enter method : getTrackStatus(trackStatusId)
Enter method : getEntityManager()
Exit method : getEntityManager()
Exit method : getTrackStatus(trackStatusId)
Enter method : removeTrackStatus(trackStatusId)
Enter method : getEntityManager()
Exit method : getEntityManager()
Exit method : removeTrackStatus(trackStatusId)
Enter method : getAllTrackStatuses()
Enter method : getEntityManager()
Exit method : getEntityManager()
Exit method : getAllTrackStatuses()
Enter method : createTrackStatus(TrackStatus)
Enter method : getEntityManager()
Exit method : getEntityManager()
Exit method : createTrackStatus(TrackStatus)
Enter method : getTrackStatus(trackStatusId)
Enter method : getEntityManager()
Exit method : getEntityManager()
Exit method : getTrackStatus(trackStatusId)
Enter method : updateTrackStatus(TrackStatus)
Enter method : getEntityManager()
Exit method : getEntityManager()
Exit method : updateTrackStatus(TrackStatus)
Enter method : getTrackStatus(trackStatusId)
Enter method : getEntityManager()
Exit method : getEntityManager()
Exit method : getTrackStatus(trackStatusId)
Enter method : removeTrackStatus(trackStatusId)
Enter method : getEntityManager()
Exit method : getEntityManager()
Exit method : removeTrackStatus(trackStatusId)
Enter method : getAllTrackStatuses()
Enter method : getEntityManager()
Exit method : getEntityManager()
Exit method : getAllTrackStatuses()
Enter method : createTrackStatus(TrackStatus)
Enter method : getEntityManager()
Exit method : getEntityManager()
Exit method : createTrackStatus(TrackStatus)
Enter method : getTrackStatus(trackStatusId)
Enter method : getEntityManager()
Exit method : getEntityManager()
Exit method : getTrackStatus(trackStatusId)
Enter method : updateTrackStatus(TrackStatus)
Enter method : getEntityManager()
Exit method : getEntityManager()
Exit method : updateTrackStatus(TrackStatus)
Enter method : getTrackStatus(trackStatusId)
Enter method : getEntityManager()
Exit method : getEntityManager()
Exit method : getTrackStatus(trackStatusId)
Enter method : removeTrackStatus(trackStatusId)
Enter method : getEntityManager()
Exit method : getEntityManager()
Exit method : removeTrackStatus(trackStatusId)
Enter method : getAllTrackStatuses()
Enter method : getEntityManager()
Exit method : getEntityManager()
Exit method : getAllTrackStatuses()
Enter method : createTrackStatus(TrackStatus)
Enter method : getEntityManager()
Exit method : getEntityManager()
Exit method : createTrackStatus(TrackStatus)
Enter method : getTrackStatus(trackStatusId)
Enter method : getEntityManager()
Exit method : getEntityManager()
Exit method : getTrackStatus(trackStatusId)
Enter method : updateTrackStatus(TrackStatus)
Enter method : getEntityManager()
Exit method : getEntityManager()
Exit method : updateTrackStatus(TrackStatus)
Enter method : getTrackStatus(trackStatusId)
Enter method : getEntityManager()
Exit method : getEntityManager()
Exit method : getTrackStatus(trackStatusId)
Enter method : removeTrackStatus(trackStatusId)
Enter method : getEntityManager()
Exit method : getEntityManager()
Exit method : removeTrackStatus(trackStatusId)
Enter method : getAllTrackStatuses()
Enter method : getEntityManager()
Exit method : getEntityManager()
Exit method : getAllTrackStatuses()
The test [CRUD on TrackStatus ] run 10 times, took time: 279 ms
Enter method : getProjectType(projectTypeId)
Enter method : getEntityManager()
Exit method : getEntityManager()
Exit method : getProjectType(projectTypeId)
Enter method : getAllProjectTypes()
Enter method : getEntityManager()
Exit method : getEntityManager()
Exit method : getAllProjectTypes()
Enter method : getProjectType(projectTypeId)
Enter method : getEntityManager()
Exit method : getEntityManager()
Exit method : getProjectType(projectTypeId)
Enter method : getAllProjectTypes()
Enter method : getEntityManager()
Exit method : getEntityManager()
Exit method : getAllProjectTypes()
Enter method : getProjectType(projectTypeId)
Enter method : getEntityManager()
Exit method : getEntityManager()
Exit method : getProjectType(projectTypeId)
Enter method : getAllProjectTypes()
Enter method : getEntityManager()
Exit method : getEntityManager()
Exit method : getAllProjectTypes()
Enter method : getProjectType(projectTypeId)
Enter method : getEntityManager()
Exit method : getEntityManager()
Exit method : getProjectType(projectTypeId)
Enter method : getAllProjectTypes()
Enter method : getEntityManager()
Exit method : getEntityManager()
Exit method : getAllProjectTypes()
Enter method : getProjectType(projectTypeId)
Enter method : getEntityManager()
Exit method : getEntityManager()
Exit method : getProjectType(projectTypeId)
Enter method : getAllProjectTypes()
Enter method : getEntityManager()
Exit method : getEntityManager()
Exit method : getAllProjectTypes()
Enter method : getProjectType(projectTypeId)
Enter method : getEntityManager()
Exit method : getEntityManager()
Exit method : getProjectType(projectTypeId)
Enter method : getAllProjectTypes()
Enter method : getEntityManager()
Exit method : getEntityManager()
Exit method : getAllProjectTypes()
Enter method : getProjectType(projectTypeId)
Enter method : getEntityManager()
Exit method : getEntityManager()
Exit method : getProjectType(projectTypeId)
Enter method : getAllProjectTypes()
Enter method : getEntityManager()
Exit method : getEntityManager()
Exit method : getAllProjectTypes()
Enter method : getProjectType(projectTypeId)
Enter method : getEntityManager()
Exit method : getEntityManager()
Exit method : getProjectType(projectTypeId)
Enter method : getAllProjectTypes()
Enter method : getEntityManager()
Exit method : getEntityManager()
Exit method : getAllProjectTypes()
Enter method : getProjectType(projectTypeId)
Enter method : getEntityManager()
Exit method : getEntityManager()
Exit method : getProjectType(projectTypeId)
Enter method : getAllProjectTypes()
Enter method : getEntityManager()
Exit method : getEntityManager()
Exit method : getAllProjectTypes()
Enter method : getProjectType(projectTypeId)
Enter method : getEntityManager()
Exit method : getEntityManager()
Exit method : getProjectType(projectTypeId)
Enter method : getAllProjectTypes()
Enter method : getEntityManager()
Exit method : getEntityManager()
Exit method : getAllProjectTypes()
The test [GetProjectType/getAllProjectTypes] run 10 times, took time: 96 ms
Enter method : createTrackType(TrackType)
Enter method : getEntityManager()
Exit method : getEntityManager()
Exit method : createTrackType(TrackType)
Enter method : getAllTrackTypes()
Enter method : getEntityManager()
Exit method : getEntityManager()
Exit method : getAllTrackTypes()
Enter method : removeTrackType(trackTypeId)
Enter method : getEntityManager()
Exit method : getEntityManager()
Exit method : removeTrackType(trackTypeId)
Enter method : getAllTrackTypes()
Enter method : getEntityManager()
Exit method : getEntityManager()
Exit method : getAllTrackTypes()
Enter method : createTrackType(TrackType)
Enter method : getEntityManager()
Exit method : getEntityManager()
Exit method : createTrackType(TrackType)
Enter method : getAllTrackTypes()
Enter method : getEntityManager()
Exit method : getEntityManager()
Exit method : getAllTrackTypes()
Enter method : removeTrackType(trackTypeId)
Enter method : getEntityManager()
Exit method : getEntityManager()
Exit method : removeTrackType(trackTypeId)
Enter method : getAllTrackTypes()
Enter method : getEntityManager()
Exit method : getEntityManager()
Exit method : getAllTrackTypes()
Enter method : createTrackType(TrackType)
Enter method : getEntityManager()
Exit method : getEntityManager()
Exit method : createTrackType(TrackType)
Enter method : getAllTrackTypes()
Enter method : getEntityManager()
Exit method : getEntityManager()
Exit method : getAllTrackTypes()
Enter method : removeTrackType(trackTypeId)
Enter method : getEntityManager()
Exit method : getEntityManager()
Exit method : removeTrackType(trackTypeId)
Enter method : getAllTrackTypes()
Enter method : getEntityManager()
Exit method : getEntityManager()
Exit method : getAllTrackTypes()
Enter method : createTrackType(TrackType)
Enter method : getEntityManager()
Exit method : getEntityManager()
Exit method : createTrackType(TrackType)
Enter method : getAllTrackTypes()
Enter method : getEntityManager()
Exit method : getEntityManager()
Exit method : getAllTrackTypes()
Enter method : removeTrackType(trackTypeId)
Enter method : getEntityManager()
Exit method : getEntityManager()
Exit method : removeTrackType(trackTypeId)
Enter method : getAllTrackTypes()
Enter method : getEntityManager()
Exit method : getEntityManager()
Exit method : getAllTrackTypes()
Enter method : createTrackType(TrackType)
Enter method : getEntityManager()
Exit method : getEntityManager()
Exit method : createTrackType(TrackType)
Enter method : getAllTrackTypes()
Enter method : getEntityManager()
Exit method : getEntityManager()
Exit method : getAllTrackTypes()
Enter method : removeTrackType(trackTypeId)
Enter method : getEntityManager()
Exit method : getEntityManager()
Exit method : removeTrackType(trackTypeId)
Enter method : getAllTrackTypes()
Enter method : getEntityManager()
Exit method : getEntityManager()
Exit method : getAllTrackTypes()
Enter method : createTrackType(TrackType)
Enter method : getEntityManager()
Exit method : getEntityManager()
Exit method : createTrackType(TrackType)
Enter method : getAllTrackTypes()
Enter method : getEntityManager()
Exit method : getEntityManager()
Exit method : getAllTrackTypes()
Enter method : removeTrackType(trackTypeId)
Enter method : getEntityManager()
Exit method : getEntityManager()
Exit method : removeTrackType(trackTypeId)
Enter method : getAllTrackTypes()
Enter method : getEntityManager()
Exit method : getEntityManager()
Exit method : getAllTrackTypes()
Enter method : createTrackType(TrackType)
Enter method : getEntityManager()
Exit method : getEntityManager()
Exit method : createTrackType(TrackType)
Enter method : getAllTrackTypes()
Enter method : getEntityManager()
Exit method : getEntityManager()
Exit method : getAllTrackTypes()
Enter method : removeTrackType(trackTypeId)
Enter method : getEntityManager()
Exit method : getEntityManager()
Exit method : removeTrackType(trackTypeId)
Enter method : getAllTrackTypes()
Enter method : getEntityManager()
Exit method : getEntityManager()
Exit method : getAllTrackTypes()
Enter method : createTrackType(TrackType)
Enter method : getEntityManager()
Exit method : getEntityManager()
Exit method : createTrackType(TrackType)
Enter method : getAllTrackTypes()
Enter method : getEntityManager()
Exit method : getEntityManager()
Exit method : getAllTrackTypes()
Enter method : removeTrackType(trackTypeId)
Enter method : getEntityManager()
Exit method : getEntityManager()
Exit method : removeTrackType(trackTypeId)
Enter method : getAllTrackTypes()
Enter method : getEntityManager()
Exit method : getEntityManager()
Exit method : getAllTrackTypes()
Enter method : createTrackType(TrackType)
Enter method : getEntityManager()
Exit method : getEntityManager()
Exit method : createTrackType(TrackType)
Enter method : getAllTrackTypes()
Enter method : getEntityManager()
Exit method : getEntityManager()
Exit method : getAllTrackTypes()
Enter method : removeTrackType(trackTypeId)
Enter method : getEntityManager()
Exit method : getEntityManager()
Exit method : removeTrackType(trackTypeId)
Enter method : getAllTrackTypes()
Enter method : getEntityManager()
Exit method : getEntityManager()
Exit method : getAllTrackTypes()
Enter method : createTrackType(TrackType)
Enter method : getEntityManager()
Exit method : getEntityManager()
Exit method : createTrackType(TrackType)
Enter method : getAllTrackTypes()
Enter method : getEntityManager()
Exit method : getEntityManager()
Exit method : getAllTrackTypes()
Enter method : removeTrackType(trackTypeId)
Enter method : getEntityManager()
Exit method : getEntityManager()
Exit method : removeTrackType(trackTypeId)
Enter method : getAllTrackTypes()
Enter method : getEntityManager()
Exit method : getEntityManager()
Exit method : getAllTrackTypes()
The test [CRUD on getAllTrackTypes ] run 10 times, took time: 166 ms
Enter method : createTrackType(TrackType)
Enter method : getEntityManager()
Exit method : getEntityManager()
Exit method : createTrackType(TrackType)
Enter method : getTrackType(trackTypeId)
Enter method : getEntityManager()
Exit method : getEntityManager()
Exit method : getTrackType(trackTypeId)
Enter method : updateTrackType(trackType)
Enter method : getEntityManager()
Exit method : getEntityManager()
Exit method : updateTrackType(trackType)
Enter method : getTrackType(trackTypeId)
Enter method : getEntityManager()
Exit method : getEntityManager()
Exit method : getTrackType(trackTypeId)
Enter method : removeTrackType(trackTypeId)
Enter method : getEntityManager()
Exit method : getEntityManager()
Exit method : removeTrackType(trackTypeId)
Enter method : getAllTrackTypes()
Enter method : getEntityManager()
Exit method : getEntityManager()
Exit method : getAllTrackTypes()
Enter method : createTrackType(TrackType)
Enter method : getEntityManager()
Exit method : getEntityManager()
Exit method : createTrackType(TrackType)
Enter method : getTrackType(trackTypeId)
Enter method : getEntityManager()
Exit method : getEntityManager()
Exit method : getTrackType(trackTypeId)
Enter method : updateTrackType(trackType)
Enter method : getEntityManager()
Exit method : getEntityManager()
Exit method : updateTrackType(trackType)
Enter method : getTrackType(trackTypeId)
Enter method : getEntityManager()
Exit method : getEntityManager()
Exit method : getTrackType(trackTypeId)
Enter method : removeTrackType(trackTypeId)
Enter method : getEntityManager()
Exit method : getEntityManager()
Exit method : removeTrackType(trackTypeId)
Enter method : getAllTrackTypes()
Enter method : getEntityManager()
Exit method : getEntityManager()
Exit method : getAllTrackTypes()
Enter method : createTrackType(TrackType)
Enter method : getEntityManager()
Exit method : getEntityManager()
Exit method : createTrackType(TrackType)
Enter method : getTrackType(trackTypeId)
Enter method : getEntityManager()
Exit method : getEntityManager()
Exit method : getTrackType(trackTypeId)
Enter method : updateTrackType(trackType)
Enter method : getEntityManager()
Exit method : getEntityManager()
Exit method : updateTrackType(trackType)
Enter method : getTrackType(trackTypeId)
Enter method : getEntityManager()
Exit method : getEntityManager()
Exit method : getTrackType(trackTypeId)
Enter method : removeTrackType(trackTypeId)
Enter method : getEntityManager()
Exit method : getEntityManager()
Exit method : removeTrackType(trackTypeId)
Enter method : getAllTrackTypes()
Enter method : getEntityManager()
Exit method : getEntityManager()
Exit method : getAllTrackTypes()
Enter method : createTrackType(TrackType)
Enter method : getEntityManager()
Exit method : getEntityManager()
Exit method : createTrackType(TrackType)
Enter method : getTrackType(trackTypeId)
Enter method : getEntityManager()
Exit method : getEntityManager()
Exit method : getTrackType(trackTypeId)
Enter method : updateTrackType(trackType)
Enter method : getEntityManager()
Exit method : getEntityManager()
Exit method : updateTrackType(trackType)
Enter method : getTrackType(trackTypeId)
Enter method : getEntityManager()
Exit method : getEntityManager()
Exit method : getTrackType(trackTypeId)
Enter method : removeTrackType(trackTypeId)
Enter method : getEntityManager()
Exit method : getEntityManager()
Exit method : removeTrackType(trackTypeId)
Enter method : getAllTrackTypes()
Enter method : getEntityManager()
Exit method : getEntityManager()
Exit method : getAllTrackTypes()
Enter method : createTrackType(TrackType)
Enter method : getEntityManager()
Exit method : getEntityManager()
Exit method : createTrackType(TrackType)
Enter method : getTrackType(trackTypeId)
Enter method : getEntityManager()
Exit method : getEntityManager()
Exit method : getTrackType(trackTypeId)
Enter method : updateTrackType(trackType)
Enter method : getEntityManager()
Exit method : getEntityManager()
Exit method : updateTrackType(trackType)
Enter method : getTrackType(trackTypeId)
Enter method : getEntityManager()
Exit method : getEntityManager()
Exit method : getTrackType(trackTypeId)
Enter method : removeTrackType(trackTypeId)
Enter method : getEntityManager()
Exit method : getEntityManager()
Exit method : removeTrackType(trackTypeId)
Enter method : getAllTrackTypes()
Enter method : getEntityManager()
Exit method : getEntityManager()
Exit method : getAllTrackTypes()
Enter method : createTrackType(TrackType)
Enter method : getEntityManager()
Exit method : getEntityManager()
Exit method : createTrackType(TrackType)
Enter method : getTrackType(trackTypeId)
Enter method : getEntityManager()
Exit method : getEntityManager()
Exit method : getTrackType(trackTypeId)
Enter method : updateTrackType(trackType)
Enter method : getEntityManager()
Exit method : getEntityManager()
Exit method : updateTrackType(trackType)
Enter method : getTrackType(trackTypeId)
Enter method : getEntityManager()
Exit method : getEntityManager()
Exit method : getTrackType(trackTypeId)
Enter method : removeTrackType(trackTypeId)
Enter method : getEntityManager()
Exit method : getEntityManager()
Exit method : removeTrackType(trackTypeId)
Enter method : getAllTrackTypes()
Enter method : getEntityManager()
Exit method : getEntityManager()
Exit method : getAllTrackTypes()
Enter method : createTrackType(TrackType)
Enter method : getEntityManager()
Exit method : getEntityManager()
Exit method : createTrackType(TrackType)
Enter method : getTrackType(trackTypeId)
Enter method : getEntityManager()
Exit method : getEntityManager()
Exit method : getTrackType(trackTypeId)
Enter method : updateTrackType(trackType)
Enter method : getEntityManager()
Exit method : getEntityManager()
Exit method : updateTrackType(trackType)
Enter method : getTrackType(trackTypeId)
Enter method : getEntityManager()
Exit method : getEntityManager()
Exit method : getTrackType(trackTypeId)
Enter method : removeTrackType(trackTypeId)
Enter method : getEntityManager()
Exit method : getEntityManager()
Exit method : removeTrackType(trackTypeId)
Enter method : getAllTrackTypes()
Enter method : getEntityManager()
Exit method : getEntityManager()
Exit method : getAllTrackTypes()
Enter method : createTrackType(TrackType)
Enter method : getEntityManager()
Exit method : getEntityManager()
Exit method : createTrackType(TrackType)
Enter method : getTrackType(trackTypeId)
Enter method : getEntityManager()
Exit method : getEntityManager()
Exit method : getTrackType(trackTypeId)
Enter method : updateTrackType(trackType)
Enter method : getEntityManager()
Exit method : getEntityManager()
Exit method : updateTrackType(trackType)
Enter method : getTrackType(trackTypeId)
Enter method : getEntityManager()
Exit method : getEntityManager()
Exit method : getTrackType(trackTypeId)
Enter method : removeTrackType(trackTypeId)
Enter method : getEntityManager()
Exit method : getEntityManager()
Exit method : removeTrackType(trackTypeId)
Enter method : getAllTrackTypes()
Enter method : getEntityManager()
Exit method : getEntityManager()
Exit method : getAllTrackTypes()
Enter method : createTrackType(TrackType)
Enter method : getEntityManager()
Exit method : getEntityManager()
Exit method : createTrackType(TrackType)
Enter method : getTrackType(trackTypeId)
Enter method : getEntityManager()
Exit method : getEntityManager()
Exit method : getTrackType(trackTypeId)
Enter method : updateTrackType(trackType)
Enter method : getEntityManager()
Exit method : getEntityManager()
Exit method : updateTrackType(trackType)
Enter method : getTrackType(trackTypeId)
Enter method : getEntityManager()
Exit method : getEntityManager()
Exit method : getTrackType(trackTypeId)
Enter method : removeTrackType(trackTypeId)
Enter method : getEntityManager()
Exit method : getEntityManager()
Exit method : removeTrackType(trackTypeId)
Enter method : getAllTrackTypes()
Enter method : getEntityManager()
Exit method : getEntityManager()
Exit method : getAllTrackTypes()
Enter method : createTrackType(TrackType)
Enter method : getEntityManager()
Exit method : getEntityManager()
Exit method : createTrackType(TrackType)
Enter method : getTrackType(trackTypeId)
Enter method : getEntityManager()
Exit method : getEntityManager()
Exit method : getTrackType(trackTypeId)
Enter method : updateTrackType(trackType)
Enter method : getEntityManager()
Exit method : getEntityManager()
Exit method : updateTrackType(trackType)
Enter method : getTrackType(trackTypeId)
Enter method : getEntityManager()
Exit method : getEntityManager()
Exit method : getTrackType(trackTypeId)
Enter method : removeTrackType(trackTypeId)
Enter method : getEntityManager()
Exit method : getEntityManager()
Exit method : removeTrackType(trackTypeId)
Enter method : getAllTrackTypes()
Enter method : getEntityManager()
Exit method : getEntityManager()
Exit method : getAllTrackTypes()
The test [CRUD on TrackType ] run 10 times, took time: 147 ms
Enter method : createTrack(Track)
Enter method : getEntityManager()
Exit method : getEntityManager()
Exit method : createTrack(Track)
Enter method : getActiveTracks()
Enter method : getEntityManager()
Exit method : getEntityManager()
Exit method : getActiveTracks()
Enter method : createTrack(Track)
Enter method : getEntityManager()
Exit method : getEntityManager()
Exit method : createTrack(Track)
Enter method : getActiveTracks()
Enter method : getEntityManager()
Exit method : getEntityManager()
Exit method : getActiveTracks()
Enter method : createTrack(Track)
Enter method : getEntityManager()
Exit method : getEntityManager()
Exit method : createTrack(Track)
Enter method : getActiveTracks()
Enter method : getEntityManager()
Exit method : getEntityManager()
Exit method : getActiveTracks()
Enter method : createTrack(Track)
Enter method : getEntityManager()
Exit method : getEntityManager()
Exit method : createTrack(Track)
Enter method : getActiveTracks()
Enter method : getEntityManager()
Exit method : getEntityManager()
Exit method : getActiveTracks()
Enter method : createTrack(Track)
Enter method : getEntityManager()
Exit method : getEntityManager()
Exit method : createTrack(Track)
Enter method : getActiveTracks()
Enter method : getEntityManager()
Exit method : getEntityManager()
Exit method : getActiveTracks()
Enter method : createTrack(Track)
Enter method : getEntityManager()
Exit method : getEntityManager()
Exit method : createTrack(Track)
Enter method : getActiveTracks()
Enter method : getEntityManager()
Exit method : getEntityManager()
Exit method : getActiveTracks()
Enter method : createTrack(Track)
Enter method : getEntityManager()
Exit method : getEntityManager()
Exit method : createTrack(Track)
Enter method : getActiveTracks()
Enter method : getEntityManager()
Exit method : getEntityManager()
Exit method : getActiveTracks()
Enter method : createTrack(Track)
Enter method : getEntityManager()
Exit method : getEntityManager()
Exit method : createTrack(Track)
Enter method : getActiveTracks()
Enter method : getEntityManager()
Exit method : getEntityManager()
Exit method : getActiveTracks()
Enter method : createTrack(Track)
Enter method : getEntityManager()
Exit method : getEntityManager()
Exit method : createTrack(Track)
Enter method : getActiveTracks()
Enter method : getEntityManager()
Exit method : getEntityManager()
Exit method : getActiveTracks()
Enter method : createTrack(Track)
Enter method : getEntityManager()
Exit method : getEntityManager()
Exit method : createTrack(Track)
Enter method : getActiveTracks()
Enter method : getEntityManager()
Exit method : getEntityManager()
Exit method : getActiveTracks()
The test [getActiveTracks ] run 10 times, took time: 580 ms
Enter method : createTrack(Track)
Enter method : getEntityManager()
Exit method : getEntityManager()
Exit method : createTrack(Track)
Enter method : removeTrackProjectType(Track,ProjectType)
Enter method : getEntityManager()
Exit method : getEntityManager()
Exit method : removeTrackProjectType(Track,ProjectType)
Enter method : createTrack(Track)
Enter method : getEntityManager()
Exit method : getEntityManager()
Exit method : createTrack(Track)
Enter method : removeTrackProjectType(Track,ProjectType)
Enter method : getEntityManager()
Exit method : getEntityManager()
Exit method : removeTrackProjectType(Track,ProjectType)
Enter method : createTrack(Track)
Enter method : getEntityManager()
Exit method : getEntityManager()
Exit method : createTrack(Track)
Enter method : removeTrackProjectType(Track,ProjectType)
Enter method : getEntityManager()
Exit method : getEntityManager()
Exit method : removeTrackProjectType(Track,ProjectType)
Enter method : createTrack(Track)
Enter method : getEntityManager()
Exit method : getEntityManager()
Exit method : createTrack(Track)
Enter method : removeTrackProjectType(Track,ProjectType)
Enter method : getEntityManager()
Exit method : getEntityManager()
Exit method : removeTrackProjectType(Track,ProjectType)
Enter method : createTrack(Track)
Enter method : getEntityManager()
Exit method : getEntityManager()
Exit method : createTrack(Track)
Enter method : removeTrackProjectType(Track,ProjectType)
Enter method : getEntityManager()
Exit method : getEntityManager()
Exit method : removeTrackProjectType(Track,ProjectType)
Enter method : createTrack(Track)
Enter method : getEntityManager()
Exit method : getEntityManager()
Exit method : createTrack(Track)
Enter method : removeTrackProjectType(Track,ProjectType)
Enter method : getEntityManager()
Exit method : getEntityManager()
Exit method : removeTrackProjectType(Track,ProjectType)
Enter method : createTrack(Track)
Enter method : getEntityManager()
Exit method : getEntityManager()
Exit method : createTrack(Track)
Enter method : removeTrackProjectType(Track,ProjectType)
Enter method : getEntityManager()
Exit method : getEntityManager()
Exit method : removeTrackProjectType(Track,ProjectType)
Enter method : createTrack(Track)
Enter method : getEntityManager()
Exit method : getEntityManager()
Exit method : createTrack(Track)
Enter method : removeTrackProjectType(Track,ProjectType)
Enter method : getEntityManager()
Exit method : getEntityManager()
Exit method : removeTrackProjectType(Track,ProjectType)
Enter method : createTrack(Track)
Enter method : getEntityManager()
Exit method : getEntityManager()
Exit method : createTrack(Track)
Enter method : removeTrackProjectType(Track,ProjectType)
Enter method : getEntityManager()
Exit method : getEntityManager()
Exit method : removeTrackProjectType(Track,ProjectType)
Enter method : createTrack(Track)
Enter method : getEntityManager()
Exit method : getEntityManager()
Exit method : createTrack(Track)
Enter method : removeTrackProjectType(Track,ProjectType)
Enter method : getEntityManager()
Exit method : getEntityManager()
Exit method : removeTrackProjectType(Track,ProjectType)
The test [removeTrackProjectType ] run 10 times, took time: 462 ms
Enter method : createTrack(Track)
Enter method : getEntityManager()
Exit method : getEntityManager()
Exit method : createTrack(Track)
Enter method : getTrack(trackId)
Enter method : getEntityManager()
Exit method : getEntityManager()
Exit method : getTrack(trackId)
Enter method : updateTrack(Track)
Enter method : getEntityManager()
Exit method : getEntityManager()
Exit method : updateTrack(Track)
Enter method : getTrack(trackId)
Enter method : getEntityManager()
Exit method : getEntityManager()
Exit method : getTrack(trackId)
Enter method : createTrack(Track)
Enter method : getEntityManager()
Exit method : getEntityManager()
Exit method : createTrack(Track)
Enter method : getTrack(trackId)
Enter method : getEntityManager()
Exit method : getEntityManager()
Exit method : getTrack(trackId)
Enter method : updateTrack(Track)
Enter method : getEntityManager()
Exit method : getEntityManager()
Exit method : updateTrack(Track)
Enter method : getTrack(trackId)
Enter method : getEntityManager()
Exit method : getEntityManager()
Exit method : getTrack(trackId)
Enter method : createTrack(Track)
Enter method : getEntityManager()
Exit method : getEntityManager()
Exit method : createTrack(Track)
Enter method : getTrack(trackId)
Enter method : getEntityManager()
Exit method : getEntityManager()
Exit method : getTrack(trackId)
Enter method : updateTrack(Track)
Enter method : getEntityManager()
Exit method : getEntityManager()
Exit method : updateTrack(Track)
Enter method : getTrack(trackId)
Enter method : getEntityManager()
Exit method : getEntityManager()
Exit method : getTrack(trackId)
Enter method : createTrack(Track)
Enter method : getEntityManager()
Exit method : getEntityManager()
Exit method : createTrack(Track)
Enter method : getTrack(trackId)
Enter method : getEntityManager()
Exit method : getEntityManager()
Exit method : getTrack(trackId)
Enter method : updateTrack(Track)
Enter method : getEntityManager()
Exit method : getEntityManager()
Exit method : updateTrack(Track)
Enter method : getTrack(trackId)
Enter method : getEntityManager()
Exit method : getEntityManager()
Exit method : getTrack(trackId)
Enter method : createTrack(Track)
Enter method : getEntityManager()
Exit method : getEntityManager()
Exit method : createTrack(Track)
Enter method : getTrack(trackId)
Enter method : getEntityManager()
Exit method : getEntityManager()
Exit method : getTrack(trackId)
Enter method : updateTrack(Track)
Enter method : getEntityManager()
Exit method : getEntityManager()
Exit method : updateTrack(Track)
Enter method : getTrack(trackId)
Enter method : getEntityManager()
Exit method : getEntityManager()
Exit method : getTrack(trackId)
Enter method : createTrack(Track)
Enter method : getEntityManager()
Exit method : getEntityManager()
Exit method : createTrack(Track)
Enter method : getTrack(trackId)
Enter method : getEntityManager()
Exit method : getEntityManager()
Exit method : getTrack(trackId)
Enter method : updateTrack(Track)
Enter method : getEntityManager()
Exit method : getEntityManager()
Exit method : updateTrack(Track)
Enter method : getTrack(trackId)
Enter method : getEntityManager()
Exit method : getEntityManager()
Exit method : getTrack(trackId)
Enter method : createTrack(Track)
Enter method : getEntityManager()
Exit method : getEntityManager()
Exit method : createTrack(Track)
Enter method : getTrack(trackId)
Enter method : getEntityManager()
Exit method : getEntityManager()
Exit method : getTrack(trackId)
Enter method : updateTrack(Track)
Enter method : getEntityManager()
Exit method : getEntityManager()
Exit method : updateTrack(Track)
Enter method : getTrack(trackId)
Enter method : getEntityManager()
Exit method : getEntityManager()
Exit method : getTrack(trackId)
Enter method : createTrack(Track)
Enter method : getEntityManager()
Exit method : getEntityManager()
Exit method : createTrack(Track)
Enter method : getTrack(trackId)
Enter method : getEntityManager()
Exit method : getEntityManager()
Exit method : getTrack(trackId)
Enter method : updateTrack(Track)
Enter method : getEntityManager()
Exit method : getEntityManager()
Exit method : updateTrack(Track)
Enter method : getTrack(trackId)
Enter method : getEntityManager()
Exit method : getEntityManager()
Exit method : getTrack(trackId)
Enter method : createTrack(Track)
Enter method : getEntityManager()
Exit method : getEntityManager()
Exit method : createTrack(Track)
Enter method : getTrack(trackId)
Enter method : getEntityManager()
Exit method : getEntityManager()
Exit method : getTrack(trackId)
Enter method : updateTrack(Track)
Enter method : getEntityManager()
Exit method : getEntityManager()
Exit method : updateTrack(Track)
Enter method : getTrack(trackId)
Enter method : getEntityManager()
Exit method : getEntityManager()
Exit method : getTrack(trackId)
Enter method : createTrack(Track)
Enter method : getEntityManager()
Exit method : getEntityManager()
Exit method : createTrack(Track)
Enter method : getTrack(trackId)
Enter method : getEntityManager()
Exit method : getEntityManager()
Exit method : getTrack(trackId)
Enter method : updateTrack(Track)
Enter method : getEntityManager()
Exit method : getEntityManager()
Exit method : updateTrack(Track)
Enter method : getTrack(trackId)
Enter method : getEntityManager()
Exit method : getEntityManager()
Exit method : getTrack(trackId)
The test [CRUD on Track ] run 10 times, took time: 1125 ms
]]></system-out>
  <system-err><![CDATA[Jul 9, 2008 6:13:39 AM org.hibernate.ejb.Version <clinit>
INFO: Hibernate EntityManager 3.2.1.GA
Jul 9, 2008 6:13:39 AM org.hibernate.cfg.annotations.Version <clinit>
INFO: Hibernate Annotations 3.2.1.GA
Jul 9, 2008 6:13:39 AM org.hibernate.cfg.Environment <clinit>
INFO: Hibernate 3.2.4.sp1
Jul 9, 2008 6:13:39 AM org.hibernate.cfg.Environment <clinit>
INFO: hibernate.properties not found
Jul 9, 2008 6:13:39 AM org.hibernate.cfg.Environment buildBytecodeProvider
INFO: Bytecode provider name : cglib
Jul 9, 2008 6:13:39 AM org.hibernate.cfg.Environment <clinit>
INFO: using JDK 1.4 java.sql.Timestamp handling
Jul 9, 2008 6:13:40 AM org.hibernate.cfg.Configuration configure
INFO: configuring from resource: hibernate.cfg.xml
Jul 9, 2008 6:13:40 AM org.hibernate.cfg.Configuration getConfigurationInputStream
INFO: Configuration resource: hibernate.cfg.xml
Jul 9, 2008 6:13:40 AM org.hibernate.cfg.Configuration addResource
INFO: Reading mappings from resource : META-INF/DigitalRunPointsStatus.hbm.xml
Jul 9, 2008 6:13:40 AM org.hibernate.cfg.Configuration addResource
INFO: Reading mappings from resource : META-INF/DigitalRunPointsOperation.hbm.xml
Jul 9, 2008 6:13:40 AM org.hibernate.cfg.Configuration addResource
INFO: Reading mappings from resource : META-INF/DigitalRunPointsReferenceType.hbm.xml
Jul 9, 2008 6:13:40 AM org.hibernate.cfg.Configuration addResource
INFO: Reading mappings from resource : META-INF/DigitalRunPointsType.hbm.xml
Jul 9, 2008 6:13:40 AM org.hibernate.cfg.Configuration addResource
INFO: Reading mappings from resource : META-INF/TrackContestType.hbm.xml
Jul 9, 2008 6:13:40 AM org.hibernate.cfg.Configuration addResource
INFO: Reading mappings from resource : META-INF/TrackStatus.hbm.xml
Jul 9, 2008 6:13:40 AM org.hibernate.cfg.Configuration addResource
INFO: Reading mappings from resource : META-INF/TrackType.hbm.xml
Jul 9, 2008 6:13:40 AM org.hibernate.cfg.Configuration addResource
INFO: Reading mappings from resource : META-INF/PointsCalculator.hbm.xml
Jul 9, 2008 6:13:40 AM org.hibernate.cfg.Configuration addResource
INFO: Reading mappings from resource : META-INF/ProjectType.hbm.xml
Jul 9, 2008 6:13:40 AM org.hibernate.cfg.Configuration addResource
INFO: Reading mappings from resource : META-INF/TrackContestResultCalculator.hbm.xml
Jul 9, 2008 6:13:40 AM org.hibernate.cfg.Configuration addResource
INFO: Reading mappings from resource : META-INF/Track.hbm.xml
Jul 9, 2008 6:13:40 AM org.hibernate.cfg.Configuration addResource
INFO: Reading mappings from resource : META-INF/TrackContest.hbm.xml
Jul 9, 2008 6:13:40 AM org.hibernate.cfg.Configuration addResource
INFO: Reading mappings from resource : META-INF/DigitalRunPoints.hbm.xml
Jul 9, 2008 6:13:40 AM org.hibernate.cfg.Configuration doConfigure
INFO: Configured SessionFactory: dr_Points
Jul 9, 2008 6:13:40 AM org.hibernate.cfg.HbmBinder bindRootPersistentClassCommonValues
INFO: Mapping class: com.topcoder.service.digitalrun.entity.DigitalRunPointsStatus -> dr_points_status_lu
Jul 9, 2008 6:13:40 AM org.hibernate.cfg.HbmBinder bindRootPersistentClassCommonValues
INFO: Mapping class: com.topcoder.service.digitalrun.entity.DigitalRunPointsOperation -> dr_points_operation_lu
Jul 9, 2008 6:13:40 AM org.hibernate.cfg.HbmBinder bindRootPersistentClassCommonValues
INFO: Mapping class: com.topcoder.service.digitalrun.entity.DigitalRunPointsReferenceType -> dr_points_reference_type_lu
Jul 9, 2008 6:13:40 AM org.hibernate.cfg.HbmBinder bindRootPersistentClassCommonValues
INFO: Mapping class: com.topcoder.service.digitalrun.entity.DigitalRunPointsType -> dr_points_type_lu
Jul 9, 2008 6:13:40 AM org.hibernate.cfg.HbmBinder bindRootPersistentClassCommonValues
INFO: Mapping class: com.topcoder.service.digitalrun.entity.TrackContestType -> track_contest_type_lu
Jul 9, 2008 6:13:40 AM org.hibernate.cfg.HbmBinder bindRootPersistentClassCommonValues
INFO: Mapping class: com.topcoder.service.digitalrun.entity.TrackStatus -> track_status_lu
Jul 9, 2008 6:13:40 AM org.hibernate.cfg.HbmBinder bindRootPersistentClassCommonValues
INFO: Mapping class: com.topcoder.service.digitalrun.entity.TrackType -> track_type_lu
Jul 9, 2008 6:13:40 AM org.hibernate.cfg.HbmBinder bindRootPersistentClassCommonValues
INFO: Mapping class: com.topcoder.service.digitalrun.entity.PointsCalculator -> points_calculator_lu
Jul 9, 2008 6:13:40 AM org.hibernate.cfg.HbmBinder bindRootPersistentClassCommonValues
INFO: Mapping class: com.topcoder.service.digitalrun.entity.ProjectType -> project_type_lu
Jul 9, 2008 6:13:40 AM org.hibernate.cfg.HbmBinder bindRootPersistentClassCommonValues
INFO: Mapping class: com.topcoder.service.digitalrun.entity.TrackContestResultCalculator -> track_contest_result_calculator_lu
Jul 9, 2008 6:13:40 AM org.hibernate.cfg.HbmBinder bindRootPersistentClassCommonValues
INFO: Mapping class: com.topcoder.service.digitalrun.entity.Track -> track
Jul 9, 2008 6:13:40 AM org.hibernate.cfg.HbmBinder bindCollection
INFO: Mapping collection: com.topcoder.service.digitalrun.entity.Track.projectTypes -> track_project_type_xref
Jul 9, 2008 6:13:40 AM org.hibernate.cfg.HbmBinder bindRootPersistentClassCommonValues
INFO: Mapping class: com.topcoder.service.digitalrun.entity.TrackContest -> track_contest
Jul 9, 2008 6:13:40 AM org.hibernate.cfg.HbmBinder bindRootPersistentClassCommonValues
INFO: Mapping class: com.topcoder.service.digitalrun.entity.DigitalRunPoints -> dr_points
Jul 9, 2008 6:13:40 AM org.hibernate.cfg.HbmBinder bindCollectionSecondPass
INFO: Mapping collection: com.topcoder.service.digitalrun.entity.Track.digitalRunPoints -> dr_points
Jul 9, 2008 6:13:40 AM org.hibernate.cfg.HbmBinder bindCollectionSecondPass
INFO: Mapping collection: com.topcoder.service.digitalrun.entity.Track.trackContests -> track_contest
Jul 9, 2008 6:13:41 AM org.hibernate.connection.DriverManagerConnectionProvider configure
INFO: Using Hibernate built-in connection pool (not for production use!)
Jul 9, 2008 6:13:41 AM org.hibernate.connection.DriverManagerConnectionProvider configure
INFO: Hibernate connection pool size: 20
Jul 9, 2008 6:13:41 AM org.hibernate.connection.DriverManagerConnectionProvider configure
INFO: autocommit mode: true
Jul 9, 2008 6:13:41 AM org.hibernate.connection.DriverManagerConnectionProvider configure
INFO: using driver: com.informix.jdbc.IfxDriver at URL: jdbc:informix-sqli://localhost.localdomain:9088/sysmaster:INFORMIXSERVER=demo_on
Jul 9, 2008 6:13:41 AM org.hibernate.connection.DriverManagerConnectionProvider configure
INFO: connection properties: {user=informix, password=****, autocommit=true, release_mode=auto}
Jul 9, 2008 6:13:41 AM org.hibernate.cfg.SettingsFactory buildSettings
INFO: RDBMS: Informix Dynamic Server, version: 11.50.UC1DE
Jul 9, 2008 6:13:41 AM org.hibernate.cfg.SettingsFactory buildSettings
INFO: JDBC driver: IBM Informix JDBC Driver for IBM Informix Dynamic Server, version: 3.50.JC1DE
Jul 9, 2008 6:13:41 AM org.hibernate.dialect.Dialect <init>
INFO: Using dialect: org.hibernate.dialect.InformixDialect
Jul 9, 2008 6:13:41 AM org.hibernate.transaction.TransactionFactoryFactory buildTransactionFactory
INFO: Transaction strategy: org.hibernate.transaction.JDBCTransactionFactory
Jul 9, 2008 6:13:41 AM org.hibernate.transaction.TransactionManagerLookupFactory getTransactionManagerLookup
INFO: No TransactionManagerLookup configured (in JTA environment, use of read-write or transactional second-level cache is not recommended)
Jul 9, 2008 6:13:41 AM org.hibernate.cfg.SettingsFactory buildSettings
INFO: Automatic flush during beforeCompletion(): disabled
Jul 9, 2008 6:13:41 AM org.hibernate.cfg.SettingsFactory buildSettings
INFO: Automatic session close at end of transaction: disabled
Jul 9, 2008 6:13:41 AM org.hibernate.cfg.SettingsFactory buildSettings
INFO: Scrollable result sets: enabled
Jul 9, 2008 6:13:41 AM org.hibernate.cfg.SettingsFactory buildSettings
INFO: JDBC3 getGeneratedKeys(): enabled
Jul 9, 2008 6:13:41 AM org.hibernate.cfg.SettingsFactory buildSettings
INFO: Connection release mode: auto
Jul 9, 2008 6:13:41 AM org.hibernate.cfg.SettingsFactory buildSettings
INFO: Default batch fetch size: 1
Jul 9, 2008 6:13:41 AM org.hibernate.cfg.SettingsFactory buildSettings
INFO: Generate SQL with comments: disabled
Jul 9, 2008 6:13:41 AM org.hibernate.cfg.SettingsFactory buildSettings
INFO: Order SQL updates by primary key: disabled
Jul 9, 2008 6:13:41 AM org.hibernate.cfg.SettingsFactory buildSettings
INFO: Order SQL inserts for batching: disabled
Jul 9, 2008 6:13:41 AM org.hibernate.cfg.SettingsFactory createQueryTranslatorFactory
INFO: Query translator: org.hibernate.hql.ast.ASTQueryTranslatorFactory
Jul 9, 2008 6:13:41 AM org.hibernate.hql.ast.ASTQueryTranslatorFactory <init>
INFO: Using ASTQueryTranslatorFactory
Jul 9, 2008 6:13:41 AM org.hibernate.cfg.SettingsFactory buildSettings
INFO: Query language substitutions: {}
Jul 9, 2008 6:13:41 AM org.hibernate.cfg.SettingsFactory buildSettings
INFO: JPA-QL strict compliance: enabled
Jul 9, 2008 6:13:41 AM org.hibernate.cfg.SettingsFactory buildSettings
INFO: Second-level cache: enabled
Jul 9, 2008 6:13:41 AM org.hibernate.cfg.SettingsFactory buildSettings
INFO: Query cache: disabled
Jul 9, 2008 6:13:41 AM org.hibernate.cfg.SettingsFactory createCacheProvider
INFO: Cache provider: org.hibernate.cache.NoCacheProvider
Jul 9, 2008 6:13:41 AM org.hibernate.cfg.SettingsFactory buildSettings
INFO: Optimize cache for minimal puts: disabled
Jul 9, 2008 6:13:41 AM org.hibernate.cfg.SettingsFactory buildSettings
INFO: Structured second-level cache entries: disabled
Jul 9, 2008 6:13:41 AM org.hibernate.cfg.SettingsFactory buildSettings
INFO: Statistics: disabled
Jul 9, 2008 6:13:41 AM org.hibernate.cfg.SettingsFactory buildSettings
INFO: Deleted entity synthetic identifier rollback: disabled
Jul 9, 2008 6:13:41 AM org.hibernate.cfg.SettingsFactory buildSettings
INFO: Default entity-mode: pojo
Jul 9, 2008 6:13:41 AM org.hibernate.cfg.SettingsFactory buildSettings
INFO: Named query checking : enabled
Jul 9, 2008 6:13:41 AM org.hibernate.impl.SessionFactoryImpl <init>
INFO: building session factory
Jul 9, 2008 6:13:41 AM org.hibernate.impl.SessionFactoryObjectFactory addInstance
INFO: Factory name: dr_Points
Jul 9, 2008 6:13:41 AM org.hibernate.util.NamingHelper getInitialContext
INFO: JNDI InitialContext properties:{}
Jul 9, 2008 6:13:41 AM org.hibernate.impl.SessionFactoryObjectFactory addInstance
WARNING: Could not bind factory to JNDI
javax.naming.NoInitialContextException: Need to specify class name in environment or system property, or as an applet parameter, or in an application resource file:  java.naming.factory.initial
	at javax.naming.spi.NamingManager.getInitialContext(NamingManager.java:645)
	at javax.naming.InitialContext.getDefaultInitCtx(InitialContext.java:247)
	at javax.naming.InitialContext.getURLOrDefaultInitCtx(InitialContext.java:284)
	at javax.naming.InitialContext.getNameParser(InitialContext.java:439)
	at org.hibernate.util.NamingHelper.bind(NamingHelper.java:52)
	at org.hibernate.impl.SessionFactoryObjectFactory.addInstance(SessionFactoryObjectFactory.java:90)
	at org.hibernate.impl.SessionFactoryImpl.<init>(SessionFactoryImpl.java:306)
	at org.hibernate.cfg.Configuration.buildSessionFactory(Configuration.java:1294)
	at org.hibernate.ejb.Ejb3Configuration.buildEntityManagerFactory(Ejb3Configuration.java:713)
	at com.topcoder.service.digitalrun.track.manager.bean.DigitalRunTrackManagerBeanTests$1.setUp(DigitalRunTrackManagerBeanTests.java:76)
	at junit.extensions.TestSetup$1.protect(TestSetup.java:22)
	at junit.framework.TestResult.runProtected(TestResult.java:128)
	at junit.extensions.TestSetup.run(TestSetup.java:27)
	at junit.framework.TestSuite.runTest(TestSuite.java:232)
	at junit.framework.TestSuite.run(TestSuite.java:227)
	at junit.framework.TestSuite.runTest(TestSuite.java:232)
	at junit.framework.TestSuite.run(TestSuite.java:227)
	at org.apache.tools.ant.taskdefs.optional.junit.JUnitTestRunner.run(JUnitTestRunner.java:297)
	at org.apache.tools.ant.taskdefs.optional.junit.JUnitTestRunner.launch(JUnitTestRunner.java:672)
	at org.apache.tools.ant.taskdefs.optional.junit.JUnitTestRunner.main(JUnitTestRunner.java:567)
Jul 9, 2008 6:13:42 AM org.hibernate.util.JDBCExceptionReporter logWarnings
WARNING: SQL Warning: 0, SQLState: 01I01
Jul 9, 2008 6:13:42 AM org.hibernate.util.JDBCExceptionReporter logWarnings
WARNING: Database has transactions
Jul 9, 2008 6:13:42 AM org.hibernate.util.JDBCExceptionReporter logWarnings
WARNING: SQL Warning: 0, SQLState: 01I04
Jul 9, 2008 6:13:42 AM org.hibernate.util.JDBCExceptionReporter logWarnings
WARNING: Database selected
Jul 9, 2008 6:13:45 AM org.hibernate.cfg.Configuration configure
INFO: configuring from resource: hibernate.cfg.xml
Jul 9, 2008 6:13:45 AM org.hibernate.cfg.Configuration getConfigurationInputStream
INFO: Configuration resource: hibernate.cfg.xml
Jul 9, 2008 6:13:45 AM org.hibernate.cfg.Configuration addResource
INFO: Reading mappings from resource : META-INF/DigitalRunPointsStatus.hbm.xml
Jul 9, 2008 6:13:45 AM org.hibernate.cfg.Configuration addResource
INFO: Reading mappings from resource : META-INF/DigitalRunPointsOperation.hbm.xml
Jul 9, 2008 6:13:45 AM org.hibernate.cfg.Configuration addResource
INFO: Reading mappings from resource : META-INF/DigitalRunPointsReferenceType.hbm.xml
Jul 9, 2008 6:13:45 AM org.hibernate.cfg.Configuration addResource
INFO: Reading mappings from resource : META-INF/DigitalRunPointsType.hbm.xml
Jul 9, 2008 6:13:45 AM org.hibernate.cfg.Configuration addResource
INFO: Reading mappings from resource : META-INF/TrackContestType.hbm.xml
Jul 9, 2008 6:13:45 AM org.hibernate.cfg.Configuration addResource
INFO: Reading mappings from resource : META-INF/TrackStatus.hbm.xml
Jul 9, 2008 6:13:45 AM org.hibernate.cfg.Configuration addResource
INFO: Reading mappings from resource : META-INF/TrackType.hbm.xml
Jul 9, 2008 6:13:45 AM org.hibernate.cfg.Configuration addResource
INFO: Reading mappings from resource : META-INF/PointsCalculator.hbm.xml
Jul 9, 2008 6:13:45 AM org.hibernate.cfg.Configuration addResource
INFO: Reading mappings from resource : META-INF/ProjectType.hbm.xml
Jul 9, 2008 6:13:45 AM org.hibernate.cfg.Configuration addResource
INFO: Reading mappings from resource : META-INF/TrackContestResultCalculator.hbm.xml
Jul 9, 2008 6:13:45 AM org.hibernate.cfg.Configuration addResource
INFO: Reading mappings from resource : META-INF/Track.hbm.xml
Jul 9, 2008 6:13:45 AM org.hibernate.cfg.Configuration addResource
INFO: Reading mappings from resource : META-INF/TrackContest.hbm.xml
Jul 9, 2008 6:13:45 AM org.hibernate.cfg.Configuration addResource
INFO: Reading mappings from resource : META-INF/DigitalRunPoints.hbm.xml
Jul 9, 2008 6:13:45 AM org.hibernate.cfg.Configuration doConfigure
INFO: Configured SessionFactory: dr_Points
Jul 9, 2008 6:13:45 AM org.hibernate.cfg.HbmBinder bindRootPersistentClassCommonValues
INFO: Mapping class: com.topcoder.service.digitalrun.entity.DigitalRunPointsStatus -> dr_points_status_lu
Jul 9, 2008 6:13:45 AM org.hibernate.cfg.HbmBinder bindRootPersistentClassCommonValues
INFO: Mapping class: com.topcoder.service.digitalrun.entity.DigitalRunPointsOperation -> dr_points_operation_lu
Jul 9, 2008 6:13:45 AM org.hibernate.cfg.HbmBinder bindRootPersistentClassCommonValues
INFO: Mapping class: com.topcoder.service.digitalrun.entity.DigitalRunPointsReferenceType -> dr_points_reference_type_lu
Jul 9, 2008 6:13:45 AM org.hibernate.cfg.HbmBinder bindRootPersistentClassCommonValues
INFO: Mapping class: com.topcoder.service.digitalrun.entity.DigitalRunPointsType -> dr_points_type_lu
Jul 9, 2008 6:13:45 AM org.hibernate.cfg.HbmBinder bindRootPersistentClassCommonValues
INFO: Mapping class: com.topcoder.service.digitalrun.entity.TrackContestType -> track_contest_type_lu
Jul 9, 2008 6:13:45 AM org.hibernate.cfg.HbmBinder bindRootPersistentClassCommonValues
INFO: Mapping class: com.topcoder.service.digitalrun.entity.TrackStatus -> track_status_lu
Jul 9, 2008 6:13:45 AM org.hibernate.cfg.HbmBinder bindRootPersistentClassCommonValues
INFO: Mapping class: com.topcoder.service.digitalrun.entity.TrackType -> track_type_lu
Jul 9, 2008 6:13:45 AM org.hibernate.cfg.HbmBinder bindRootPersistentClassCommonValues
INFO: Mapping class: com.topcoder.service.digitalrun.entity.PointsCalculator -> points_calculator_lu
Jul 9, 2008 6:13:45 AM org.hibernate.cfg.HbmBinder bindRootPersistentClassCommonValues
INFO: Mapping class: com.topcoder.service.digitalrun.entity.ProjectType -> project_type_lu
Jul 9, 2008 6:13:45 AM org.hibernate.cfg.HbmBinder bindRootPersistentClassCommonValues
INFO: Mapping class: com.topcoder.service.digitalrun.entity.TrackContestResultCalculator -> track_contest_result_calculator_lu
Jul 9, 2008 6:13:45 AM org.hibernate.cfg.HbmBinder bindRootPersistentClassCommonValues
INFO: Mapping class: com.topcoder.service.digitalrun.entity.Track -> track
Jul 9, 2008 6:13:45 AM org.hibernate.cfg.HbmBinder bindCollection
INFO: Mapping collection: com.topcoder.service.digitalrun.entity.Track.projectTypes -> track_project_type_xref
Jul 9, 2008 6:13:45 AM org.hibernate.cfg.HbmBinder bindRootPersistentClassCommonValues
INFO: Mapping class: com.topcoder.service.digitalrun.entity.TrackContest -> track_contest
Jul 9, 2008 6:13:45 AM org.hibernate.cfg.HbmBinder bindRootPersistentClassCommonValues
INFO: Mapping class: com.topcoder.service.digitalrun.entity.DigitalRunPoints -> dr_points
Jul 9, 2008 6:13:45 AM org.hibernate.cfg.HbmBinder bindCollectionSecondPass
INFO: Mapping collection: com.topcoder.service.digitalrun.entity.Track.digitalRunPoints -> dr_points
Jul 9, 2008 6:13:45 AM org.hibernate.cfg.HbmBinder bindCollectionSecondPass
INFO: Mapping collection: com.topcoder.service.digitalrun.entity.Track.trackContests -> track_contest
Jul 9, 2008 6:13:45 AM org.hibernate.connection.DriverManagerConnectionProvider configure
INFO: Using Hibernate built-in connection pool (not for production use!)
Jul 9, 2008 6:13:45 AM org.hibernate.connection.DriverManagerConnectionProvider configure
INFO: Hibernate connection pool size: 20
Jul 9, 2008 6:13:45 AM org.hibernate.connection.DriverManagerConnectionProvider configure
INFO: autocommit mode: true
Jul 9, 2008 6:13:45 AM org.hibernate.connection.DriverManagerConnectionProvider configure
INFO: using driver: com.informix.jdbc.IfxDriver at URL: jdbc:informix-sqli://localhost.localdomain:9088/sysmaster:INFORMIXSERVER=demo_on
Jul 9, 2008 6:13:45 AM org.hibernate.connection.DriverManagerConnectionProvider configure
INFO: connection properties: {user=informix, password=****, autocommit=true, release_mode=auto}
Jul 9, 2008 6:13:45 AM org.hibernate.cfg.SettingsFactory buildSettings
INFO: RDBMS: Informix Dynamic Server, version: 11.50.UC1DE
Jul 9, 2008 6:13:45 AM org.hibernate.cfg.SettingsFactory buildSettings
INFO: JDBC driver: IBM Informix JDBC Driver for IBM Informix Dynamic Server, version: 3.50.JC1DE
Jul 9, 2008 6:13:45 AM org.hibernate.dialect.Dialect <init>
INFO: Using dialect: org.hibernate.dialect.InformixDialect
Jul 9, 2008 6:13:45 AM org.hibernate.transaction.TransactionFactoryFactory buildTransactionFactory
INFO: Transaction strategy: org.hibernate.transaction.JDBCTransactionFactory
Jul 9, 2008 6:13:45 AM org.hibernate.transaction.TransactionManagerLookupFactory getTransactionManagerLookup
INFO: No TransactionManagerLookup configured (in JTA environment, use of read-write or transactional second-level cache is not recommended)
Jul 9, 2008 6:13:45 AM org.hibernate.cfg.SettingsFactory buildSettings
INFO: Automatic flush during beforeCompletion(): disabled
Jul 9, 2008 6:13:45 AM org.hibernate.cfg.SettingsFactory buildSettings
INFO: Automatic session close at end of transaction: disabled
Jul 9, 2008 6:13:45 AM org.hibernate.cfg.SettingsFactory buildSettings
INFO: Scrollable result sets: enabled
Jul 9, 2008 6:13:45 AM org.hibernate.cfg.SettingsFactory buildSettings
INFO: JDBC3 getGeneratedKeys(): enabled
Jul 9, 2008 6:13:45 AM org.hibernate.cfg.SettingsFactory buildSettings
INFO: Connection release mode: auto
Jul 9, 2008 6:13:45 AM org.hibernate.cfg.SettingsFactory buildSettings
INFO: Default batch fetch size: 1
Jul 9, 2008 6:13:45 AM org.hibernate.cfg.SettingsFactory buildSettings
INFO: Generate SQL with comments: disabled
Jul 9, 2008 6:13:45 AM org.hibernate.cfg.SettingsFactory buildSettings
INFO: Order SQL updates by primary key: disabled
Jul 9, 2008 6:13:45 AM org.hibernate.cfg.SettingsFactory buildSettings
INFO: Order SQL inserts for batching: disabled
Jul 9, 2008 6:13:45 AM org.hibernate.cfg.SettingsFactory createQueryTranslatorFactory
INFO: Query translator: org.hibernate.hql.ast.ASTQueryTranslatorFactory
Jul 9, 2008 6:13:45 AM org.hibernate.hql.ast.ASTQueryTranslatorFactory <init>
INFO: Using ASTQueryTranslatorFactory
Jul 9, 2008 6:13:45 AM org.hibernate.cfg.SettingsFactory buildSettings
INFO: Query language substitutions: {}
Jul 9, 2008 6:13:45 AM org.hibernate.cfg.SettingsFactory buildSettings
INFO: JPA-QL strict compliance: enabled
Jul 9, 2008 6:13:45 AM org.hibernate.cfg.SettingsFactory buildSettings
INFO: Second-level cache: enabled
Jul 9, 2008 6:13:45 AM org.hibernate.cfg.SettingsFactory buildSettings
INFO: Query cache: disabled
Jul 9, 2008 6:13:45 AM org.hibernate.cfg.SettingsFactory createCacheProvider
INFO: Cache provider: org.hibernate.cache.NoCacheProvider
Jul 9, 2008 6:13:45 AM org.hibernate.cfg.SettingsFactory buildSettings
INFO: Optimize cache for minimal puts: disabled
Jul 9, 2008 6:13:45 AM org.hibernate.cfg.SettingsFactory buildSettings
INFO: Structured second-level cache entries: disabled
Jul 9, 2008 6:13:45 AM org.hibernate.cfg.SettingsFactory buildSettings
INFO: Statistics: disabled
Jul 9, 2008 6:13:45 AM org.hibernate.cfg.SettingsFactory buildSettings
INFO: Deleted entity synthetic identifier rollback: disabled
Jul 9, 2008 6:13:45 AM org.hibernate.cfg.SettingsFactory buildSettings
INFO: Default entity-mode: pojo
Jul 9, 2008 6:13:45 AM org.hibernate.cfg.SettingsFactory buildSettings
INFO: Named query checking : enabled
Jul 9, 2008 6:13:45 AM org.hibernate.impl.SessionFactoryImpl <init>
INFO: building session factory
Jul 9, 2008 6:13:45 AM org.hibernate.impl.SessionFactoryObjectFactory addInstance
INFO: Factory name: dr_Points
Jul 9, 2008 6:13:45 AM org.hibernate.util.NamingHelper getInitialContext
INFO: JNDI InitialContext properties:{}
Jul 9, 2008 6:13:45 AM org.hibernate.impl.SessionFactoryObjectFactory addInstance
WARNING: Could not bind factory to JNDI
javax.naming.NoInitialContextException: Need to specify class name in environment or system property, or as an applet parameter, or in an application resource file:  java.naming.factory.initial
	at javax.naming.spi.NamingManager.getInitialContext(NamingManager.java:645)
	at javax.naming.InitialContext.getDefaultInitCtx(InitialContext.java:247)
	at javax.naming.InitialContext.getURLOrDefaultInitCtx(InitialContext.java:284)
	at javax.naming.InitialContext.getNameParser(InitialContext.java:439)
	at org.hibernate.util.NamingHelper.bind(NamingHelper.java:52)
	at org.hibernate.impl.SessionFactoryObjectFactory.addInstance(SessionFactoryObjectFactory.java:90)
	at org.hibernate.impl.SessionFactoryImpl.<init>(SessionFactoryImpl.java:306)
	at org.hibernate.cfg.Configuration.buildSessionFactory(Configuration.java:1294)
	at org.hibernate.ejb.Ejb3Configuration.buildEntityManagerFactory(Ejb3Configuration.java:713)
	at com.topcoder.service.digitalrun.track.dao.implementations.JPADigitalRunPointsCalculatorDAOTests$1.setUp(JPADigitalRunPointsCalculatorDAOTests.java:65)
	at junit.extensions.TestSetup$1.protect(TestSetup.java:22)
	at junit.framework.TestResult.runProtected(TestResult.java:128)
	at junit.extensions.TestSetup.run(TestSetup.java:27)
	at junit.framework.TestSuite.runTest(TestSuite.java:232)
	at junit.framework.TestSuite.run(TestSuite.java:227)
	at junit.framework.TestSuite.runTest(TestSuite.java:232)
	at junit.framework.TestSuite.run(TestSuite.java:227)
	at org.apache.tools.ant.taskdefs.optional.junit.JUnitTestRunner.run(JUnitTestRunner.java:297)
	at org.apache.tools.ant.taskdefs.optional.junit.JUnitTestRunner.launch(JUnitTestRunner.java:672)
	at org.apache.tools.ant.taskdefs.optional.junit.JUnitTestRunner.main(JUnitTestRunner.java:567)
Jul 9, 2008 6:13:45 AM org.hibernate.util.JDBCExceptionReporter logWarnings
WARNING: SQL Warning: 0, SQLState: 01I01
Jul 9, 2008 6:13:45 AM org.hibernate.util.JDBCExceptionReporter logWarnings
WARNING: Database has transactions
Jul 9, 2008 6:13:45 AM org.hibernate.util.JDBCExceptionReporter logWarnings
WARNING: SQL Warning: 0, SQLState: 01I04
Jul 9, 2008 6:13:45 AM org.hibernate.util.JDBCExceptionReporter logWarnings
WARNING: Database selected
Jul 9, 2008 6:13:45 AM org.hibernate.cfg.Configuration configure
INFO: configuring from resource: hibernate.cfg.xml
Jul 9, 2008 6:13:45 AM org.hibernate.cfg.Configuration getConfigurationInputStream
INFO: Configuration resource: hibernate.cfg.xml
Jul 9, 2008 6:13:45 AM org.hibernate.cfg.Configuration addResource
INFO: Reading mappings from resource : META-INF/DigitalRunPointsStatus.hbm.xml
Jul 9, 2008 6:13:45 AM org.hibernate.cfg.Configuration addResource
INFO: Reading mappings from resource : META-INF/DigitalRunPointsOperation.hbm.xml
Jul 9, 2008 6:13:45 AM org.hibernate.cfg.Configuration addResource
INFO: Reading mappings from resource : META-INF/DigitalRunPointsReferenceType.hbm.xml
Jul 9, 2008 6:13:45 AM org.hibernate.cfg.Configuration addResource
INFO: Reading mappings from resource : META-INF/DigitalRunPointsType.hbm.xml
Jul 9, 2008 6:13:45 AM org.hibernate.cfg.Configuration addResource
INFO: Reading mappings from resource : META-INF/TrackContestType.hbm.xml
Jul 9, 2008 6:13:45 AM org.hibernate.cfg.Configuration addResource
INFO: Reading mappings from resource : META-INF/TrackStatus.hbm.xml
Jul 9, 2008 6:13:45 AM org.hibernate.cfg.Configuration addResource
INFO: Reading mappings from resource : META-INF/TrackType.hbm.xml
Jul 9, 2008 6:13:45 AM org.hibernate.cfg.Configuration addResource
INFO: Reading mappings from resource : META-INF/PointsCalculator.hbm.xml
Jul 9, 2008 6:13:45 AM org.hibernate.cfg.Configuration addResource
INFO: Reading mappings from resource : META-INF/ProjectType.hbm.xml
Jul 9, 2008 6:13:45 AM org.hibernate.cfg.Configuration addResource
INFO: Reading mappings from resource : META-INF/TrackContestResultCalculator.hbm.xml
Jul 9, 2008 6:13:45 AM org.hibernate.cfg.Configuration addResource
INFO: Reading mappings from resource : META-INF/Track.hbm.xml
Jul 9, 2008 6:13:45 AM org.hibernate.cfg.Configuration addResource
INFO: Reading mappings from resource : META-INF/TrackContest.hbm.xml
Jul 9, 2008 6:13:45 AM org.hibernate.cfg.Configuration addResource
INFO: Reading mappings from resource : META-INF/DigitalRunPoints.hbm.xml
Jul 9, 2008 6:13:45 AM org.hibernate.cfg.Configuration doConfigure
INFO: Configured SessionFactory: dr_Points
Jul 9, 2008 6:13:45 AM org.hibernate.cfg.HbmBinder bindRootPersistentClassCommonValues
INFO: Mapping class: com.topcoder.service.digitalrun.entity.DigitalRunPointsStatus -> dr_points_status_lu
Jul 9, 2008 6:13:45 AM org.hibernate.cfg.HbmBinder bindRootPersistentClassCommonValues
INFO: Mapping class: com.topcoder.service.digitalrun.entity.DigitalRunPointsOperation -> dr_points_operation_lu
Jul 9, 2008 6:13:45 AM org.hibernate.cfg.HbmBinder bindRootPersistentClassCommonValues
INFO: Mapping class: com.topcoder.service.digitalrun.entity.DigitalRunPointsReferenceType -> dr_points_reference_type_lu
Jul 9, 2008 6:13:45 AM org.hibernate.cfg.HbmBinder bindRootPersistentClassCommonValues
INFO: Mapping class: com.topcoder.service.digitalrun.entity.DigitalRunPointsType -> dr_points_type_lu
Jul 9, 2008 6:13:45 AM org.hibernate.cfg.HbmBinder bindRootPersistentClassCommonValues
INFO: Mapping class: com.topcoder.service.digitalrun.entity.TrackContestType -> track_contest_type_lu
Jul 9, 2008 6:13:45 AM org.hibernate.cfg.HbmBinder bindRootPersistentClassCommonValues
INFO: Mapping class: com.topcoder.service.digitalrun.entity.TrackStatus -> track_status_lu
Jul 9, 2008 6:13:45 AM org.hibernate.cfg.HbmBinder bindRootPersistentClassCommonValues
INFO: Mapping class: com.topcoder.service.digitalrun.entity.TrackType -> track_type_lu
Jul 9, 2008 6:13:45 AM org.hibernate.cfg.HbmBinder bindRootPersistentClassCommonValues
INFO: Mapping class: com.topcoder.service.digitalrun.entity.PointsCalculator -> points_calculator_lu
Jul 9, 2008 6:13:45 AM org.hibernate.cfg.HbmBinder bindRootPersistentClassCommonValues
INFO: Mapping class: com.topcoder.service.digitalrun.entity.ProjectType -> project_type_lu
Jul 9, 2008 6:13:45 AM org.hibernate.cfg.HbmBinder bindRootPersistentClassCommonValues
INFO: Mapping class: com.topcoder.service.digitalrun.entity.TrackContestResultCalculator -> track_contest_result_calculator_lu
Jul 9, 2008 6:13:45 AM org.hibernate.cfg.HbmBinder bindRootPersistentClassCommonValues
INFO: Mapping class: com.topcoder.service.digitalrun.entity.Track -> track
Jul 9, 2008 6:13:45 AM org.hibernate.cfg.HbmBinder bindCollection
INFO: Mapping collection: com.topcoder.service.digitalrun.entity.Track.projectTypes -> track_project_type_xref
Jul 9, 2008 6:13:45 AM org.hibernate.cfg.HbmBinder bindRootPersistentClassCommonValues
INFO: Mapping class: com.topcoder.service.digitalrun.entity.TrackContest -> track_contest
Jul 9, 2008 6:13:45 AM org.hibernate.cfg.HbmBinder bindRootPersistentClassCommonValues
INFO: Mapping class: com.topcoder.service.digitalrun.entity.DigitalRunPoints -> dr_points
Jul 9, 2008 6:13:45 AM org.hibernate.cfg.HbmBinder bindCollectionSecondPass
INFO: Mapping collection: com.topcoder.service.digitalrun.entity.Track.digitalRunPoints -> dr_points
Jul 9, 2008 6:13:45 AM org.hibernate.cfg.HbmBinder bindCollectionSecondPass
INFO: Mapping collection: com.topcoder.service.digitalrun.entity.Track.trackContests -> track_contest
Jul 9, 2008 6:13:46 AM org.hibernate.connection.DriverManagerConnectionProvider configure
INFO: Using Hibernate built-in connection pool (not for production use!)
Jul 9, 2008 6:13:46 AM org.hibernate.connection.DriverManagerConnectionProvider configure
INFO: Hibernate connection pool size: 20
Jul 9, 2008 6:13:46 AM org.hibernate.connection.DriverManagerConnectionProvider configure
INFO: autocommit mode: true
Jul 9, 2008 6:13:46 AM org.hibernate.connection.DriverManagerConnectionProvider configure
INFO: using driver: com.informix.jdbc.IfxDriver at URL: jdbc:informix-sqli://localhost.localdomain:9088/sysmaster:INFORMIXSERVER=demo_on
Jul 9, 2008 6:13:46 AM org.hibernate.connection.DriverManagerConnectionProvider configure
INFO: connection properties: {user=informix, password=****, autocommit=true, release_mode=auto}
Jul 9, 2008 6:13:46 AM org.hibernate.cfg.SettingsFactory buildSettings
INFO: RDBMS: Informix Dynamic Server, version: 11.50.UC1DE
Jul 9, 2008 6:13:46 AM org.hibernate.cfg.SettingsFactory buildSettings
INFO: JDBC driver: IBM Informix JDBC Driver for IBM Informix Dynamic Server, version: 3.50.JC1DE
Jul 9, 2008 6:13:46 AM org.hibernate.dialect.Dialect <init>
INFO: Using dialect: org.hibernate.dialect.InformixDialect
Jul 9, 2008 6:13:46 AM org.hibernate.transaction.TransactionFactoryFactory buildTransactionFactory
INFO: Transaction strategy: org.hibernate.transaction.JDBCTransactionFactory
Jul 9, 2008 6:13:46 AM org.hibernate.transaction.TransactionManagerLookupFactory getTransactionManagerLookup
INFO: No TransactionManagerLookup configured (in JTA environment, use of read-write or transactional second-level cache is not recommended)
Jul 9, 2008 6:13:46 AM org.hibernate.cfg.SettingsFactory buildSettings
INFO: Automatic flush during beforeCompletion(): disabled
Jul 9, 2008 6:13:46 AM org.hibernate.cfg.SettingsFactory buildSettings
INFO: Automatic session close at end of transaction: disabled
Jul 9, 2008 6:13:46 AM org.hibernate.cfg.SettingsFactory buildSettings
INFO: Scrollable result sets: enabled
Jul 9, 2008 6:13:46 AM org.hibernate.cfg.SettingsFactory buildSettings
INFO: JDBC3 getGeneratedKeys(): enabled
Jul 9, 2008 6:13:46 AM org.hibernate.cfg.SettingsFactory buildSettings
INFO: Connection release mode: auto
Jul 9, 2008 6:13:46 AM org.hibernate.cfg.SettingsFactory buildSettings
INFO: Default batch fetch size: 1
Jul 9, 2008 6:13:46 AM org.hibernate.cfg.SettingsFactory buildSettings
INFO: Generate SQL with comments: disabled
Jul 9, 2008 6:13:46 AM org.hibernate.cfg.SettingsFactory buildSettings
INFO: Order SQL updates by primary key: disabled
Jul 9, 2008 6:13:46 AM org.hibernate.cfg.SettingsFactory buildSettings
INFO: Order SQL inserts for batching: disabled
Jul 9, 2008 6:13:46 AM org.hibernate.cfg.SettingsFactory createQueryTranslatorFactory
INFO: Query translator: org.hibernate.hql.ast.ASTQueryTranslatorFactory
Jul 9, 2008 6:13:46 AM org.hibernate.hql.ast.ASTQueryTranslatorFactory <init>
INFO: Using ASTQueryTranslatorFactory
Jul 9, 2008 6:13:46 AM org.hibernate.cfg.SettingsFactory buildSettings
INFO: Query language substitutions: {}
Jul 9, 2008 6:13:46 AM org.hibernate.cfg.SettingsFactory buildSettings
INFO: JPA-QL strict compliance: enabled
Jul 9, 2008 6:13:46 AM org.hibernate.cfg.SettingsFactory buildSettings
INFO: Second-level cache: enabled
Jul 9, 2008 6:13:46 AM org.hibernate.cfg.SettingsFactory buildSettings
INFO: Query cache: disabled
Jul 9, 2008 6:13:46 AM org.hibernate.cfg.SettingsFactory createCacheProvider
INFO: Cache provider: org.hibernate.cache.NoCacheProvider
Jul 9, 2008 6:13:46 AM org.hibernate.cfg.SettingsFactory buildSettings
INFO: Optimize cache for minimal puts: disabled
Jul 9, 2008 6:13:46 AM org.hibernate.cfg.SettingsFactory buildSettings
INFO: Structured second-level cache entries: disabled
Jul 9, 2008 6:13:46 AM org.hibernate.cfg.SettingsFactory buildSettings
INFO: Statistics: disabled
Jul 9, 2008 6:13:46 AM org.hibernate.cfg.SettingsFactory buildSettings
INFO: Deleted entity synthetic identifier rollback: disabled
Jul 9, 2008 6:13:46 AM org.hibernate.cfg.SettingsFactory buildSettings
INFO: Default entity-mode: pojo
Jul 9, 2008 6:13:46 AM org.hibernate.cfg.SettingsFactory buildSettings
INFO: Named query checking : enabled
Jul 9, 2008 6:13:46 AM org.hibernate.impl.SessionFactoryImpl <init>
INFO: building session factory
Jul 9, 2008 6:13:46 AM org.hibernate.impl.SessionFactoryObjectFactory addInstance
INFO: Factory name: dr_Points
Jul 9, 2008 6:13:46 AM org.hibernate.util.NamingHelper getInitialContext
INFO: JNDI InitialContext properties:{}
Jul 9, 2008 6:13:46 AM org.hibernate.impl.SessionFactoryObjectFactory addInstance
WARNING: Could not bind factory to JNDI
javax.naming.NoInitialContextException: Need to specify class name in environment or system property, or as an applet parameter, or in an application resource file:  java.naming.factory.initial
	at javax.naming.spi.NamingManager.getInitialContext(NamingManager.java:645)
	at javax.naming.InitialContext.getDefaultInitCtx(InitialContext.java:247)
	at javax.naming.InitialContext.getURLOrDefaultInitCtx(InitialContext.java:284)
	at javax.naming.InitialContext.getNameParser(InitialContext.java:439)
	at org.hibernate.util.NamingHelper.bind(NamingHelper.java:52)
	at org.hibernate.impl.SessionFactoryObjectFactory.addInstance(SessionFactoryObjectFactory.java:90)
	at org.hibernate.impl.SessionFactoryImpl.<init>(SessionFactoryImpl.java:306)
	at org.hibernate.cfg.Configuration.buildSessionFactory(Configuration.java:1294)
	at org.hibernate.ejb.Ejb3Configuration.buildEntityManagerFactory(Ejb3Configuration.java:713)
	at com.topcoder.service.digitalrun.track.dao.implementations.JPADigitalRunProjectTypeDAOTests$1.setUp(JPADigitalRunProjectTypeDAOTests.java:63)
	at junit.extensions.TestSetup$1.protect(TestSetup.java:22)
	at junit.framework.TestResult.runProtected(TestResult.java:128)
	at junit.extensions.TestSetup.run(TestSetup.java:27)
	at junit.framework.TestSuite.runTest(TestSuite.java:232)
	at junit.framework.TestSuite.run(TestSuite.java:227)
	at junit.framework.TestSuite.runTest(TestSuite.java:232)
	at junit.framework.TestSuite.run(TestSuite.java:227)
	at org.apache.tools.ant.taskdefs.optional.junit.JUnitTestRunner.run(JUnitTestRunner.java:297)
	at org.apache.tools.ant.taskdefs.optional.junit.JUnitTestRunner.launch(JUnitTestRunner.java:672)
	at org.apache.tools.ant.taskdefs.optional.junit.JUnitTestRunner.main(JUnitTestRunner.java:567)
Jul 9, 2008 6:13:46 AM org.hibernate.util.JDBCExceptionReporter logWarnings
WARNING: SQL Warning: 0, SQLState: 01I01
Jul 9, 2008 6:13:46 AM org.hibernate.util.JDBCExceptionReporter logWarnings
WARNING: Database has transactions
Jul 9, 2008 6:13:46 AM org.hibernate.util.JDBCExceptionReporter logWarnings
WARNING: SQL Warning: 0, SQLState: 01I04
Jul 9, 2008 6:13:46 AM org.hibernate.util.JDBCExceptionReporter logWarnings
WARNING: Database selected
Jul 9, 2008 6:13:46 AM org.hibernate.cfg.Configuration configure
INFO: configuring from resource: hibernate.cfg.xml
Jul 9, 2008 6:13:46 AM org.hibernate.cfg.Configuration getConfigurationInputStream
INFO: Configuration resource: hibernate.cfg.xml
Jul 9, 2008 6:13:46 AM org.hibernate.cfg.Configuration addResource
INFO: Reading mappings from resource : META-INF/DigitalRunPointsStatus.hbm.xml
Jul 9, 2008 6:13:46 AM org.hibernate.cfg.Configuration addResource
INFO: Reading mappings from resource : META-INF/DigitalRunPointsOperation.hbm.xml
Jul 9, 2008 6:13:46 AM org.hibernate.cfg.Configuration addResource
INFO: Reading mappings from resource : META-INF/DigitalRunPointsReferenceType.hbm.xml
Jul 9, 2008 6:13:46 AM org.hibernate.cfg.Configuration addResource
INFO: Reading mappings from resource : META-INF/DigitalRunPointsType.hbm.xml
Jul 9, 2008 6:13:46 AM org.hibernate.cfg.Configuration addResource
INFO: Reading mappings from resource : META-INF/TrackContestType.hbm.xml
Jul 9, 2008 6:13:46 AM org.hibernate.cfg.Configuration addResource
INFO: Reading mappings from resource : META-INF/TrackStatus.hbm.xml
Jul 9, 2008 6:13:46 AM org.hibernate.cfg.Configuration addResource
INFO: Reading mappings from resource : META-INF/TrackType.hbm.xml
Jul 9, 2008 6:13:46 AM org.hibernate.cfg.Configuration addResource
INFO: Reading mappings from resource : META-INF/PointsCalculator.hbm.xml
Jul 9, 2008 6:13:46 AM org.hibernate.cfg.Configuration addResource
INFO: Reading mappings from resource : META-INF/ProjectType.hbm.xml
Jul 9, 2008 6:13:46 AM org.hibernate.cfg.Configuration addResource
INFO: Reading mappings from resource : META-INF/TrackContestResultCalculator.hbm.xml
Jul 9, 2008 6:13:46 AM org.hibernate.cfg.Configuration addResource
INFO: Reading mappings from resource : META-INF/Track.hbm.xml
Jul 9, 2008 6:13:46 AM org.hibernate.cfg.Configuration addResource
INFO: Reading mappings from resource : META-INF/TrackContest.hbm.xml
Jul 9, 2008 6:13:46 AM org.hibernate.cfg.Configuration addResource
INFO: Reading mappings from resource : META-INF/DigitalRunPoints.hbm.xml
Jul 9, 2008 6:13:46 AM org.hibernate.cfg.Configuration doConfigure
INFO: Configured SessionFactory: dr_Points
Jul 9, 2008 6:13:46 AM org.hibernate.cfg.HbmBinder bindRootPersistentClassCommonValues
INFO: Mapping class: com.topcoder.service.digitalrun.entity.DigitalRunPointsStatus -> dr_points_status_lu
Jul 9, 2008 6:13:46 AM org.hibernate.cfg.HbmBinder bindRootPersistentClassCommonValues
INFO: Mapping class: com.topcoder.service.digitalrun.entity.DigitalRunPointsOperation -> dr_points_operation_lu
Jul 9, 2008 6:13:46 AM org.hibernate.cfg.HbmBinder bindRootPersistentClassCommonValues
INFO: Mapping class: com.topcoder.service.digitalrun.entity.DigitalRunPointsReferenceType -> dr_points_reference_type_lu
Jul 9, 2008 6:13:46 AM org.hibernate.cfg.HbmBinder bindRootPersistentClassCommonValues
INFO: Mapping class: com.topcoder.service.digitalrun.entity.DigitalRunPointsType -> dr_points_type_lu
Jul 9, 2008 6:13:46 AM org.hibernate.cfg.HbmBinder bindRootPersistentClassCommonValues
INFO: Mapping class: com.topcoder.service.digitalrun.entity.TrackContestType -> track_contest_type_lu
Jul 9, 2008 6:13:46 AM org.hibernate.cfg.HbmBinder bindRootPersistentClassCommonValues
INFO: Mapping class: com.topcoder.service.digitalrun.entity.TrackStatus -> track_status_lu
Jul 9, 2008 6:13:46 AM org.hibernate.cfg.HbmBinder bindRootPersistentClassCommonValues
INFO: Mapping class: com.topcoder.service.digitalrun.entity.TrackType -> track_type_lu
Jul 9, 2008 6:13:46 AM org.hibernate.cfg.HbmBinder bindRootPersistentClassCommonValues
INFO: Mapping class: com.topcoder.service.digitalrun.entity.PointsCalculator -> points_calculator_lu
Jul 9, 2008 6:13:46 AM org.hibernate.cfg.HbmBinder bindRootPersistentClassCommonValues
INFO: Mapping class: com.topcoder.service.digitalrun.entity.ProjectType -> project_type_lu
Jul 9, 2008 6:13:46 AM org.hibernate.cfg.HbmBinder bindRootPersistentClassCommonValues
INFO: Mapping class: com.topcoder.service.digitalrun.entity.TrackContestResultCalculator -> track_contest_result_calculator_lu
Jul 9, 2008 6:13:46 AM org.hibernate.cfg.HbmBinder bindRootPersistentClassCommonValues
INFO: Mapping class: com.topcoder.service.digitalrun.entity.Track -> track
Jul 9, 2008 6:13:46 AM org.hibernate.cfg.HbmBinder bindCollection
INFO: Mapping collection: com.topcoder.service.digitalrun.entity.Track.projectTypes -> track_project_type_xref
Jul 9, 2008 6:13:46 AM org.hibernate.cfg.HbmBinder bindRootPersistentClassCommonValues
INFO: Mapping class: com.topcoder.service.digitalrun.entity.TrackContest -> track_contest
Jul 9, 2008 6:13:46 AM org.hibernate.cfg.HbmBinder bindRootPersistentClassCommonValues
INFO: Mapping class: com.topcoder.service.digitalrun.entity.DigitalRunPoints -> dr_points
Jul 9, 2008 6:13:46 AM org.hibernate.cfg.HbmBinder bindCollectionSecondPass
INFO: Mapping collection: com.topcoder.service.digitalrun.entity.Track.digitalRunPoints -> dr_points
Jul 9, 2008 6:13:46 AM org.hibernate.cfg.HbmBinder bindCollectionSecondPass
INFO: Mapping collection: com.topcoder.service.digitalrun.entity.Track.trackContests -> track_contest
Jul 9, 2008 6:13:46 AM org.hibernate.connection.DriverManagerConnectionProvider configure
INFO: Using Hibernate built-in connection pool (not for production use!)
Jul 9, 2008 6:13:46 AM org.hibernate.connection.DriverManagerConnectionProvider configure
INFO: Hibernate connection pool size: 20
Jul 9, 2008 6:13:46 AM org.hibernate.connection.DriverManagerConnectionProvider configure
INFO: autocommit mode: true
Jul 9, 2008 6:13:46 AM org.hibernate.connection.DriverManagerConnectionProvider configure
INFO: using driver: com.informix.jdbc.IfxDriver at URL: jdbc:informix-sqli://localhost.localdomain:9088/sysmaster:INFORMIXSERVER=demo_on
Jul 9, 2008 6:13:46 AM org.hibernate.connection.DriverManagerConnectionProvider configure
INFO: connection properties: {user=informix, password=****, autocommit=true, release_mode=auto}
Jul 9, 2008 6:13:46 AM org.hibernate.cfg.SettingsFactory buildSettings
INFO: RDBMS: Informix Dynamic Server, version: 11.50.UC1DE
Jul 9, 2008 6:13:46 AM org.hibernate.cfg.SettingsFactory buildSettings
INFO: JDBC driver: IBM Informix JDBC Driver for IBM Informix Dynamic Server, version: 3.50.JC1DE
Jul 9, 2008 6:13:46 AM org.hibernate.dialect.Dialect <init>
INFO: Using dialect: org.hibernate.dialect.InformixDialect
Jul 9, 2008 6:13:46 AM org.hibernate.transaction.TransactionFactoryFactory buildTransactionFactory
INFO: Transaction strategy: org.hibernate.transaction.JDBCTransactionFactory
Jul 9, 2008 6:13:46 AM org.hibernate.transaction.TransactionManagerLookupFactory getTransactionManagerLookup
INFO: No TransactionManagerLookup configured (in JTA environment, use of read-write or transactional second-level cache is not recommended)
Jul 9, 2008 6:13:46 AM org.hibernate.cfg.SettingsFactory buildSettings
INFO: Automatic flush during beforeCompletion(): disabled
Jul 9, 2008 6:13:46 AM org.hibernate.cfg.SettingsFactory buildSettings
INFO: Automatic session close at end of transaction: disabled
Jul 9, 2008 6:13:46 AM org.hibernate.cfg.SettingsFactory buildSettings
INFO: Scrollable result sets: enabled
Jul 9, 2008 6:13:46 AM org.hibernate.cfg.SettingsFactory buildSettings
INFO: JDBC3 getGeneratedKeys(): enabled
Jul 9, 2008 6:13:46 AM org.hibernate.cfg.SettingsFactory buildSettings
INFO: Connection release mode: auto
Jul 9, 2008 6:13:46 AM org.hibernate.cfg.SettingsFactory buildSettings
INFO: Default batch fetch size: 1
Jul 9, 2008 6:13:46 AM org.hibernate.cfg.SettingsFactory buildSettings
INFO: Generate SQL with comments: disabled
Jul 9, 2008 6:13:46 AM org.hibernate.cfg.SettingsFactory buildSettings
INFO: Order SQL updates by primary key: disabled
Jul 9, 2008 6:13:46 AM org.hibernate.cfg.SettingsFactory buildSettings
INFO: Order SQL inserts for batching: disabled
Jul 9, 2008 6:13:46 AM org.hibernate.cfg.SettingsFactory createQueryTranslatorFactory
INFO: Query translator: org.hibernate.hql.ast.ASTQueryTranslatorFactory
Jul 9, 2008 6:13:46 AM org.hibernate.hql.ast.ASTQueryTranslatorFactory <init>
INFO: Using ASTQueryTranslatorFactory
Jul 9, 2008 6:13:46 AM org.hibernate.cfg.SettingsFactory buildSettings
INFO: Query language substitutions: {}
Jul 9, 2008 6:13:46 AM org.hibernate.cfg.SettingsFactory buildSettings
INFO: JPA-QL strict compliance: enabled
Jul 9, 2008 6:13:46 AM org.hibernate.cfg.SettingsFactory buildSettings
INFO: Second-level cache: enabled
Jul 9, 2008 6:13:46 AM org.hibernate.cfg.SettingsFactory buildSettings
INFO: Query cache: disabled
Jul 9, 2008 6:13:46 AM org.hibernate.cfg.SettingsFactory createCacheProvider
INFO: Cache provider: org.hibernate.cache.NoCacheProvider
Jul 9, 2008 6:13:46 AM org.hibernate.cfg.SettingsFactory buildSettings
INFO: Optimize cache for minimal puts: disabled
Jul 9, 2008 6:13:46 AM org.hibernate.cfg.SettingsFactory buildSettings
INFO: Structured second-level cache entries: disabled
Jul 9, 2008 6:13:46 AM org.hibernate.cfg.SettingsFactory buildSettings
INFO: Statistics: disabled
Jul 9, 2008 6:13:46 AM org.hibernate.cfg.SettingsFactory buildSettings
INFO: Deleted entity synthetic identifier rollback: disabled
Jul 9, 2008 6:13:46 AM org.hibernate.cfg.SettingsFactory buildSettings
INFO: Default entity-mode: pojo
Jul 9, 2008 6:13:46 AM org.hibernate.cfg.SettingsFactory buildSettings
INFO: Named query checking : enabled
Jul 9, 2008 6:13:46 AM org.hibernate.impl.SessionFactoryImpl <init>
INFO: building session factory
Jul 9, 2008 6:13:46 AM org.hibernate.impl.SessionFactoryObjectFactory addInstance
INFO: Factory name: dr_Points
Jul 9, 2008 6:13:46 AM org.hibernate.util.NamingHelper getInitialContext
INFO: JNDI InitialContext properties:{}
Jul 9, 2008 6:13:46 AM org.hibernate.impl.SessionFactoryObjectFactory addInstance
WARNING: Could not bind factory to JNDI
javax.naming.NoInitialContextException: Need to specify class name in environment or system property, or as an applet parameter, or in an application resource file:  java.naming.factory.initial
	at javax.naming.spi.NamingManager.getInitialContext(NamingManager.java:645)
	at javax.naming.InitialContext.getDefaultInitCtx(InitialContext.java:247)
	at javax.naming.InitialContext.getURLOrDefaultInitCtx(InitialContext.java:284)
	at javax.naming.InitialContext.getNameParser(InitialContext.java:439)
	at org.hibernate.util.NamingHelper.bind(NamingHelper.java:52)
	at org.hibernate.impl.SessionFactoryObjectFactory.addInstance(SessionFactoryObjectFactory.java:90)
	at org.hibernate.impl.SessionFactoryImpl.<init>(SessionFactoryImpl.java:306)
	at org.hibernate.cfg.Configuration.buildSessionFactory(Configuration.java:1294)
	at org.hibernate.ejb.Ejb3Configuration.buildEntityManagerFactory(Ejb3Configuration.java:713)
	at com.topcoder.service.digitalrun.track.dao.implementations.JPADigitalRunTrackDAOTests$1.setUp(JPADigitalRunTrackDAOTests.java:74)
	at junit.extensions.TestSetup$1.protect(TestSetup.java:22)
	at junit.framework.TestResult.runProtected(TestResult.java:128)
	at junit.extensions.TestSetup.run(TestSetup.java:27)
	at junit.framework.TestSuite.runTest(TestSuite.java:232)
	at junit.framework.TestSuite.run(TestSuite.java:227)
	at junit.framework.TestSuite.runTest(TestSuite.java:232)
	at junit.framework.TestSuite.run(TestSuite.java:227)
	at org.apache.tools.ant.taskdefs.optional.junit.JUnitTestRunner.run(JUnitTestRunner.java:297)
	at org.apache.tools.ant.taskdefs.optional.junit.JUnitTestRunner.launch(JUnitTestRunner.java:672)
	at org.apache.tools.ant.taskdefs.optional.junit.JUnitTestRunner.main(JUnitTestRunner.java:567)
Jul 9, 2008 6:13:46 AM org.hibernate.util.JDBCExceptionReporter logWarnings
WARNING: SQL Warning: 0, SQLState: 01I01
Jul 9, 2008 6:13:46 AM org.hibernate.util.JDBCExceptionReporter logWarnings
WARNING: Database has transactions
Jul 9, 2008 6:13:46 AM org.hibernate.util.JDBCExceptionReporter logWarnings
WARNING: SQL Warning: 0, SQLState: 01I04
Jul 9, 2008 6:13:46 AM org.hibernate.util.JDBCExceptionReporter logWarnings
WARNING: Database selected
Jul 9, 2008 6:13:47 AM org.hibernate.cfg.Configuration configure
INFO: configuring from resource: hibernate.cfg.xml
Jul 9, 2008 6:13:47 AM org.hibernate.cfg.Configuration getConfigurationInputStream
INFO: Configuration resource: hibernate.cfg.xml
Jul 9, 2008 6:13:47 AM org.hibernate.cfg.Configuration addResource
INFO: Reading mappings from resource : META-INF/DigitalRunPointsStatus.hbm.xml
Jul 9, 2008 6:13:47 AM org.hibernate.cfg.Configuration addResource
INFO: Reading mappings from resource : META-INF/DigitalRunPointsOperation.hbm.xml
Jul 9, 2008 6:13:47 AM org.hibernate.cfg.Configuration addResource
INFO: Reading mappings from resource : META-INF/DigitalRunPointsReferenceType.hbm.xml
Jul 9, 2008 6:13:47 AM org.hibernate.cfg.Configuration addResource
INFO: Reading mappings from resource : META-INF/DigitalRunPointsType.hbm.xml
Jul 9, 2008 6:13:47 AM org.hibernate.cfg.Configuration addResource
INFO: Reading mappings from resource : META-INF/TrackContestType.hbm.xml
Jul 9, 2008 6:13:47 AM org.hibernate.cfg.Configuration addResource
INFO: Reading mappings from resource : META-INF/TrackStatus.hbm.xml
Jul 9, 2008 6:13:47 AM org.hibernate.cfg.Configuration addResource
INFO: Reading mappings from resource : META-INF/TrackType.hbm.xml
Jul 9, 2008 6:13:47 AM org.hibernate.cfg.Configuration addResource
INFO: Reading mappings from resource : META-INF/PointsCalculator.hbm.xml
Jul 9, 2008 6:13:47 AM org.hibernate.cfg.Configuration addResource
INFO: Reading mappings from resource : META-INF/ProjectType.hbm.xml
Jul 9, 2008 6:13:47 AM org.hibernate.cfg.Configuration addResource
INFO: Reading mappings from resource : META-INF/TrackContestResultCalculator.hbm.xml
Jul 9, 2008 6:13:47 AM org.hibernate.cfg.Configuration addResource
INFO: Reading mappings from resource : META-INF/Track.hbm.xml
Jul 9, 2008 6:13:47 AM org.hibernate.cfg.Configuration addResource
INFO: Reading mappings from resource : META-INF/TrackContest.hbm.xml
Jul 9, 2008 6:13:47 AM org.hibernate.cfg.Configuration addResource
INFO: Reading mappings from resource : META-INF/DigitalRunPoints.hbm.xml
Jul 9, 2008 6:13:47 AM org.hibernate.cfg.Configuration doConfigure
INFO: Configured SessionFactory: dr_Points
Jul 9, 2008 6:13:47 AM org.hibernate.cfg.HbmBinder bindRootPersistentClassCommonValues
INFO: Mapping class: com.topcoder.service.digitalrun.entity.DigitalRunPointsStatus -> dr_points_status_lu
Jul 9, 2008 6:13:47 AM org.hibernate.cfg.HbmBinder bindRootPersistentClassCommonValues
INFO: Mapping class: com.topcoder.service.digitalrun.entity.DigitalRunPointsOperation -> dr_points_operation_lu
Jul 9, 2008 6:13:47 AM org.hibernate.cfg.HbmBinder bindRootPersistentClassCommonValues
INFO: Mapping class: com.topcoder.service.digitalrun.entity.DigitalRunPointsReferenceType -> dr_points_reference_type_lu
Jul 9, 2008 6:13:47 AM org.hibernate.cfg.HbmBinder bindRootPersistentClassCommonValues
INFO: Mapping class: com.topcoder.service.digitalrun.entity.DigitalRunPointsType -> dr_points_type_lu
Jul 9, 2008 6:13:47 AM org.hibernate.cfg.HbmBinder bindRootPersistentClassCommonValues
INFO: Mapping class: com.topcoder.service.digitalrun.entity.TrackContestType -> track_contest_type_lu
Jul 9, 2008 6:13:47 AM org.hibernate.cfg.HbmBinder bindRootPersistentClassCommonValues
INFO: Mapping class: com.topcoder.service.digitalrun.entity.TrackStatus -> track_status_lu
Jul 9, 2008 6:13:47 AM org.hibernate.cfg.HbmBinder bindRootPersistentClassCommonValues
INFO: Mapping class: com.topcoder.service.digitalrun.entity.TrackType -> track_type_lu
Jul 9, 2008 6:13:47 AM org.hibernate.cfg.HbmBinder bindRootPersistentClassCommonValues
INFO: Mapping class: com.topcoder.service.digitalrun.entity.PointsCalculator -> points_calculator_lu
Jul 9, 2008 6:13:47 AM org.hibernate.cfg.HbmBinder bindRootPersistentClassCommonValues
INFO: Mapping class: com.topcoder.service.digitalrun.entity.ProjectType -> project_type_lu
Jul 9, 2008 6:13:47 AM org.hibernate.cfg.HbmBinder bindRootPersistentClassCommonValues
INFO: Mapping class: com.topcoder.service.digitalrun.entity.TrackContestResultCalculator -> track_contest_result_calculator_lu
Jul 9, 2008 6:13:47 AM org.hibernate.cfg.HbmBinder bindRootPersistentClassCommonValues
INFO: Mapping class: com.topcoder.service.digitalrun.entity.Track -> track
Jul 9, 2008 6:13:47 AM org.hibernate.cfg.HbmBinder bindCollection
INFO: Mapping collection: com.topcoder.service.digitalrun.entity.Track.projectTypes -> track_project_type_xref
Jul 9, 2008 6:13:47 AM org.hibernate.cfg.HbmBinder bindRootPersistentClassCommonValues
INFO: Mapping class: com.topcoder.service.digitalrun.entity.TrackContest -> track_contest
Jul 9, 2008 6:13:47 AM org.hibernate.cfg.HbmBinder bindRootPersistentClassCommonValues
INFO: Mapping class: com.topcoder.service.digitalrun.entity.DigitalRunPoints -> dr_points
Jul 9, 2008 6:13:47 AM org.hibernate.cfg.HbmBinder bindCollectionSecondPass
INFO: Mapping collection: com.topcoder.service.digitalrun.entity.Track.digitalRunPoints -> dr_points
Jul 9, 2008 6:13:47 AM org.hibernate.cfg.HbmBinder bindCollectionSecondPass
INFO: Mapping collection: com.topcoder.service.digitalrun.entity.Track.trackContests -> track_contest
Jul 9, 2008 6:13:47 AM org.hibernate.connection.DriverManagerConnectionProvider configure
INFO: Using Hibernate built-in connection pool (not for production use!)
Jul 9, 2008 6:13:47 AM org.hibernate.connection.DriverManagerConnectionProvider configure
INFO: Hibernate connection pool size: 20
Jul 9, 2008 6:13:47 AM org.hibernate.connection.DriverManagerConnectionProvider configure
INFO: autocommit mode: true
Jul 9, 2008 6:13:47 AM org.hibernate.connection.DriverManagerConnectionProvider configure
INFO: using driver: com.informix.jdbc.IfxDriver at URL: jdbc:informix-sqli://localhost.localdomain:9088/sysmaster:INFORMIXSERVER=demo_on
Jul 9, 2008 6:13:47 AM org.hibernate.connection.DriverManagerConnectionProvider configure
INFO: connection properties: {user=informix, password=****, autocommit=true, release_mode=auto}
Jul 9, 2008 6:13:47 AM org.hibernate.cfg.SettingsFactory buildSettings
INFO: RDBMS: Informix Dynamic Server, version: 11.50.UC1DE
Jul 9, 2008 6:13:47 AM org.hibernate.cfg.SettingsFactory buildSettings
INFO: JDBC driver: IBM Informix JDBC Driver for IBM Informix Dynamic Server, version: 3.50.JC1DE
Jul 9, 2008 6:13:47 AM org.hibernate.dialect.Dialect <init>
INFO: Using dialect: org.hibernate.dialect.InformixDialect
Jul 9, 2008 6:13:47 AM org.hibernate.transaction.TransactionFactoryFactory buildTransactionFactory
INFO: Transaction strategy: org.hibernate.transaction.JDBCTransactionFactory
Jul 9, 2008 6:13:47 AM org.hibernate.transaction.TransactionManagerLookupFactory getTransactionManagerLookup
INFO: No TransactionManagerLookup configured (in JTA environment, use of read-write or transactional second-level cache is not recommended)
Jul 9, 2008 6:13:47 AM org.hibernate.cfg.SettingsFactory buildSettings
INFO: Automatic flush during beforeCompletion(): disabled
Jul 9, 2008 6:13:47 AM org.hibernate.cfg.SettingsFactory buildSettings
INFO: Automatic session close at end of transaction: disabled
Jul 9, 2008 6:13:47 AM org.hibernate.cfg.SettingsFactory buildSettings
INFO: Scrollable result sets: enabled
Jul 9, 2008 6:13:47 AM org.hibernate.cfg.SettingsFactory buildSettings
INFO: JDBC3 getGeneratedKeys(): enabled
Jul 9, 2008 6:13:47 AM org.hibernate.cfg.SettingsFactory buildSettings
INFO: Connection release mode: auto
Jul 9, 2008 6:13:47 AM org.hibernate.cfg.SettingsFactory buildSettings
INFO: Default batch fetch size: 1
Jul 9, 2008 6:13:47 AM org.hibernate.cfg.SettingsFactory buildSettings
INFO: Generate SQL with comments: disabled
Jul 9, 2008 6:13:47 AM org.hibernate.cfg.SettingsFactory buildSettings
INFO: Order SQL updates by primary key: disabled
Jul 9, 2008 6:13:47 AM org.hibernate.cfg.SettingsFactory buildSettings
INFO: Order SQL inserts for batching: disabled
Jul 9, 2008 6:13:47 AM org.hibernate.cfg.SettingsFactory createQueryTranslatorFactory
INFO: Query translator: org.hibernate.hql.ast.ASTQueryTranslatorFactory
Jul 9, 2008 6:13:47 AM org.hibernate.hql.ast.ASTQueryTranslatorFactory <init>
INFO: Using ASTQueryTranslatorFactory
Jul 9, 2008 6:13:47 AM org.hibernate.cfg.SettingsFactory buildSettings
INFO: Query language substitutions: {}
Jul 9, 2008 6:13:47 AM org.hibernate.cfg.SettingsFactory buildSettings
INFO: JPA-QL strict compliance: enabled
Jul 9, 2008 6:13:47 AM org.hibernate.cfg.SettingsFactory buildSettings
INFO: Second-level cache: enabled
Jul 9, 2008 6:13:47 AM org.hibernate.cfg.SettingsFactory buildSettings
INFO: Query cache: disabled
Jul 9, 2008 6:13:47 AM org.hibernate.cfg.SettingsFactory createCacheProvider
INFO: Cache provider: org.hibernate.cache.NoCacheProvider
Jul 9, 2008 6:13:47 AM org.hibernate.cfg.SettingsFactory buildSettings
INFO: Optimize cache for minimal puts: disabled
Jul 9, 2008 6:13:47 AM org.hibernate.cfg.SettingsFactory buildSettings
INFO: Structured second-level cache entries: disabled
Jul 9, 2008 6:13:47 AM org.hibernate.cfg.SettingsFactory buildSettings
INFO: Statistics: disabled
Jul 9, 2008 6:13:47 AM org.hibernate.cfg.SettingsFactory buildSettings
INFO: Deleted entity synthetic identifier rollback: disabled
Jul 9, 2008 6:13:47 AM org.hibernate.cfg.SettingsFactory buildSettings
INFO: Default entity-mode: pojo
Jul 9, 2008 6:13:47 AM org.hibernate.cfg.SettingsFactory buildSettings
INFO: Named query checking : enabled
Jul 9, 2008 6:13:47 AM org.hibernate.impl.SessionFactoryImpl <init>
INFO: building session factory
Jul 9, 2008 6:13:47 AM org.hibernate.impl.SessionFactoryObjectFactory addInstance
INFO: Factory name: dr_Points
Jul 9, 2008 6:13:47 AM org.hibernate.util.NamingHelper getInitialContext
INFO: JNDI InitialContext properties:{}
Jul 9, 2008 6:13:47 AM org.hibernate.impl.SessionFactoryObjectFactory addInstance
WARNING: Could not bind factory to JNDI
javax.naming.NoInitialContextException: Need to specify class name in environment or system property, or as an applet parameter, or in an application resource file:  java.naming.factory.initial
	at javax.naming.spi.NamingManager.getInitialContext(NamingManager.java:645)
	at javax.naming.InitialContext.getDefaultInitCtx(InitialContext.java:247)
	at javax.naming.InitialContext.getURLOrDefaultInitCtx(InitialContext.java:284)
	at javax.naming.InitialContext.getNameParser(InitialContext.java:439)
	at org.hibernate.util.NamingHelper.bind(NamingHelper.java:52)
	at org.hibernate.impl.SessionFactoryObjectFactory.addInstance(SessionFactoryObjectFactory.java:90)
	at org.hibernate.impl.SessionFactoryImpl.<init>(SessionFactoryImpl.java:306)
	at org.hibernate.cfg.Configuration.buildSessionFactory(Configuration.java:1294)
	at org.hibernate.ejb.Ejb3Configuration.buildEntityManagerFactory(Ejb3Configuration.java:713)
	at com.topcoder.service.digitalrun.track.dao.implementations.JPADigitalRunTrackStatusDAOTests$1.setUp(JPADigitalRunTrackStatusDAOTests.java:66)
	at junit.extensions.TestSetup$1.protect(TestSetup.java:22)
	at junit.framework.TestResult.runProtected(TestResult.java:128)
	at junit.extensions.TestSetup.run(TestSetup.java:27)
	at junit.framework.TestSuite.runTest(TestSuite.java:232)
	at junit.framework.TestSuite.run(TestSuite.java:227)
	at junit.framework.TestSuite.runTest(TestSuite.java:232)
	at junit.framework.TestSuite.run(TestSuite.java:227)
	at org.apache.tools.ant.taskdefs.optional.junit.JUnitTestRunner.run(JUnitTestRunner.java:297)
	at org.apache.tools.ant.taskdefs.optional.junit.JUnitTestRunner.launch(JUnitTestRunner.java:672)
	at org.apache.tools.ant.taskdefs.optional.junit.JUnitTestRunner.main(JUnitTestRunner.java:567)
Jul 9, 2008 6:13:47 AM org.hibernate.util.JDBCExceptionReporter logWarnings
WARNING: SQL Warning: 0, SQLState: 01I01
Jul 9, 2008 6:13:47 AM org.hibernate.util.JDBCExceptionReporter logWarnings
WARNING: Database has transactions
Jul 9, 2008 6:13:47 AM org.hibernate.util.JDBCExceptionReporter logWarnings
WARNING: SQL Warning: 0, SQLState: 01I04
Jul 9, 2008 6:13:47 AM org.hibernate.util.JDBCExceptionReporter logWarnings
WARNING: Database selected
Jul 9, 2008 6:13:48 AM org.hibernate.cfg.Configuration configure
INFO: configuring from resource: hibernate.cfg.xml
Jul 9, 2008 6:13:48 AM org.hibernate.cfg.Configuration getConfigurationInputStream
INFO: Configuration resource: hibernate.cfg.xml
Jul 9, 2008 6:13:48 AM org.hibernate.cfg.Configuration addResource
INFO: Reading mappings from resource : META-INF/DigitalRunPointsStatus.hbm.xml
Jul 9, 2008 6:13:48 AM org.hibernate.cfg.Configuration addResource
INFO: Reading mappings from resource : META-INF/DigitalRunPointsOperation.hbm.xml
Jul 9, 2008 6:13:48 AM org.hibernate.cfg.Configuration addResource
INFO: Reading mappings from resource : META-INF/DigitalRunPointsReferenceType.hbm.xml
Jul 9, 2008 6:13:48 AM org.hibernate.cfg.Configuration addResource
INFO: Reading mappings from resource : META-INF/DigitalRunPointsType.hbm.xml
Jul 9, 2008 6:13:48 AM org.hibernate.cfg.Configuration addResource
INFO: Reading mappings from resource : META-INF/TrackContestType.hbm.xml
Jul 9, 2008 6:13:48 AM org.hibernate.cfg.Configuration addResource
INFO: Reading mappings from resource : META-INF/TrackStatus.hbm.xml
Jul 9, 2008 6:13:48 AM org.hibernate.cfg.Configuration addResource
INFO: Reading mappings from resource : META-INF/TrackType.hbm.xml
Jul 9, 2008 6:13:48 AM org.hibernate.cfg.Configuration addResource
INFO: Reading mappings from resource : META-INF/PointsCalculator.hbm.xml
Jul 9, 2008 6:13:48 AM org.hibernate.cfg.Configuration addResource
INFO: Reading mappings from resource : META-INF/ProjectType.hbm.xml
Jul 9, 2008 6:13:48 AM org.hibernate.cfg.Configuration addResource
INFO: Reading mappings from resource : META-INF/TrackContestResultCalculator.hbm.xml
Jul 9, 2008 6:13:48 AM org.hibernate.cfg.Configuration addResource
INFO: Reading mappings from resource : META-INF/Track.hbm.xml
Jul 9, 2008 6:13:48 AM org.hibernate.cfg.Configuration addResource
INFO: Reading mappings from resource : META-INF/TrackContest.hbm.xml
Jul 9, 2008 6:13:48 AM org.hibernate.cfg.Configuration addResource
INFO: Reading mappings from resource : META-INF/DigitalRunPoints.hbm.xml
Jul 9, 2008 6:13:48 AM org.hibernate.cfg.Configuration doConfigure
INFO: Configured SessionFactory: dr_Points
Jul 9, 2008 6:13:48 AM org.hibernate.cfg.HbmBinder bindRootPersistentClassCommonValues
INFO: Mapping class: com.topcoder.service.digitalrun.entity.DigitalRunPointsStatus -> dr_points_status_lu
Jul 9, 2008 6:13:48 AM org.hibernate.cfg.HbmBinder bindRootPersistentClassCommonValues
INFO: Mapping class: com.topcoder.service.digitalrun.entity.DigitalRunPointsOperation -> dr_points_operation_lu
Jul 9, 2008 6:13:48 AM org.hibernate.cfg.HbmBinder bindRootPersistentClassCommonValues
INFO: Mapping class: com.topcoder.service.digitalrun.entity.DigitalRunPointsReferenceType -> dr_points_reference_type_lu
Jul 9, 2008 6:13:48 AM org.hibernate.cfg.HbmBinder bindRootPersistentClassCommonValues
INFO: Mapping class: com.topcoder.service.digitalrun.entity.DigitalRunPointsType -> dr_points_type_lu
Jul 9, 2008 6:13:48 AM org.hibernate.cfg.HbmBinder bindRootPersistentClassCommonValues
INFO: Mapping class: com.topcoder.service.digitalrun.entity.TrackContestType -> track_contest_type_lu
Jul 9, 2008 6:13:48 AM org.hibernate.cfg.HbmBinder bindRootPersistentClassCommonValues
INFO: Mapping class: com.topcoder.service.digitalrun.entity.TrackStatus -> track_status_lu
Jul 9, 2008 6:13:48 AM org.hibernate.cfg.HbmBinder bindRootPersistentClassCommonValues
INFO: Mapping class: com.topcoder.service.digitalrun.entity.TrackType -> track_type_lu
Jul 9, 2008 6:13:48 AM org.hibernate.cfg.HbmBinder bindRootPersistentClassCommonValues
INFO: Mapping class: com.topcoder.service.digitalrun.entity.PointsCalculator -> points_calculator_lu
Jul 9, 2008 6:13:48 AM org.hibernate.cfg.HbmBinder bindRootPersistentClassCommonValues
INFO: Mapping class: com.topcoder.service.digitalrun.entity.ProjectType -> project_type_lu
Jul 9, 2008 6:13:48 AM org.hibernate.cfg.HbmBinder bindRootPersistentClassCommonValues
INFO: Mapping class: com.topcoder.service.digitalrun.entity.TrackContestResultCalculator -> track_contest_result_calculator_lu
Jul 9, 2008 6:13:48 AM org.hibernate.cfg.HbmBinder bindRootPersistentClassCommonValues
INFO: Mapping class: com.topcoder.service.digitalrun.entity.Track -> track
Jul 9, 2008 6:13:48 AM org.hibernate.cfg.HbmBinder bindCollection
INFO: Mapping collection: com.topcoder.service.digitalrun.entity.Track.projectTypes -> track_project_type_xref
Jul 9, 2008 6:13:48 AM org.hibernate.cfg.HbmBinder bindRootPersistentClassCommonValues
INFO: Mapping class: com.topcoder.service.digitalrun.entity.TrackContest -> track_contest
Jul 9, 2008 6:13:48 AM org.hibernate.cfg.HbmBinder bindRootPersistentClassCommonValues
INFO: Mapping class: com.topcoder.service.digitalrun.entity.DigitalRunPoints -> dr_points
Jul 9, 2008 6:13:48 AM org.hibernate.cfg.HbmBinder bindCollectionSecondPass
INFO: Mapping collection: com.topcoder.service.digitalrun.entity.Track.digitalRunPoints -> dr_points
Jul 9, 2008 6:13:48 AM org.hibernate.cfg.HbmBinder bindCollectionSecondPass
INFO: Mapping collection: com.topcoder.service.digitalrun.entity.Track.trackContests -> track_contest
Jul 9, 2008 6:13:48 AM org.hibernate.connection.DriverManagerConnectionProvider configure
INFO: Using Hibernate built-in connection pool (not for production use!)
Jul 9, 2008 6:13:48 AM org.hibernate.connection.DriverManagerConnectionProvider configure
INFO: Hibernate connection pool size: 20
Jul 9, 2008 6:13:48 AM org.hibernate.connection.DriverManagerConnectionProvider configure
INFO: autocommit mode: true
Jul 9, 2008 6:13:48 AM org.hibernate.connection.DriverManagerConnectionProvider configure
INFO: using driver: com.informix.jdbc.IfxDriver at URL: jdbc:informix-sqli://localhost.localdomain:9088/sysmaster:INFORMIXSERVER=demo_on
Jul 9, 2008 6:13:48 AM org.hibernate.connection.DriverManagerConnectionProvider configure
INFO: connection properties: {user=informix, password=****, autocommit=true, release_mode=auto}
Jul 9, 2008 6:13:48 AM org.hibernate.cfg.SettingsFactory buildSettings
INFO: RDBMS: Informix Dynamic Server, version: 11.50.UC1DE
Jul 9, 2008 6:13:48 AM org.hibernate.cfg.SettingsFactory buildSettings
INFO: JDBC driver: IBM Informix JDBC Driver for IBM Informix Dynamic Server, version: 3.50.JC1DE
Jul 9, 2008 6:13:48 AM org.hibernate.dialect.Dialect <init>
INFO: Using dialect: org.hibernate.dialect.InformixDialect
Jul 9, 2008 6:13:48 AM org.hibernate.transaction.TransactionFactoryFactory buildTransactionFactory
INFO: Transaction strategy: org.hibernate.transaction.JDBCTransactionFactory
Jul 9, 2008 6:13:48 AM org.hibernate.transaction.TransactionManagerLookupFactory getTransactionManagerLookup
INFO: No TransactionManagerLookup configured (in JTA environment, use of read-write or transactional second-level cache is not recommended)
Jul 9, 2008 6:13:48 AM org.hibernate.cfg.SettingsFactory buildSettings
INFO: Automatic flush during beforeCompletion(): disabled
Jul 9, 2008 6:13:48 AM org.hibernate.cfg.SettingsFactory buildSettings
INFO: Automatic session close at end of transaction: disabled
Jul 9, 2008 6:13:48 AM org.hibernate.cfg.SettingsFactory buildSettings
INFO: Scrollable result sets: enabled
Jul 9, 2008 6:13:48 AM org.hibernate.cfg.SettingsFactory buildSettings
INFO: JDBC3 getGeneratedKeys(): enabled
Jul 9, 2008 6:13:48 AM org.hibernate.cfg.SettingsFactory buildSettings
INFO: Connection release mode: auto
Jul 9, 2008 6:13:48 AM org.hibernate.cfg.SettingsFactory buildSettings
INFO: Default batch fetch size: 1
Jul 9, 2008 6:13:48 AM org.hibernate.cfg.SettingsFactory buildSettings
INFO: Generate SQL with comments: disabled
Jul 9, 2008 6:13:48 AM org.hibernate.cfg.SettingsFactory buildSettings
INFO: Order SQL updates by primary key: disabled
Jul 9, 2008 6:13:48 AM org.hibernate.cfg.SettingsFactory buildSettings
INFO: Order SQL inserts for batching: disabled
Jul 9, 2008 6:13:48 AM org.hibernate.cfg.SettingsFactory createQueryTranslatorFactory
INFO: Query translator: org.hibernate.hql.ast.ASTQueryTranslatorFactory
Jul 9, 2008 6:13:48 AM org.hibernate.hql.ast.ASTQueryTranslatorFactory <init>
INFO: Using ASTQueryTranslatorFactory
Jul 9, 2008 6:13:48 AM org.hibernate.cfg.SettingsFactory buildSettings
INFO: Query language substitutions: {}
Jul 9, 2008 6:13:48 AM org.hibernate.cfg.SettingsFactory buildSettings
INFO: JPA-QL strict compliance: enabled
Jul 9, 2008 6:13:48 AM org.hibernate.cfg.SettingsFactory buildSettings
INFO: Second-level cache: enabled
Jul 9, 2008 6:13:48 AM org.hibernate.cfg.SettingsFactory buildSettings
INFO: Query cache: disabled
Jul 9, 2008 6:13:48 AM org.hibernate.cfg.SettingsFactory createCacheProvider
INFO: Cache provider: org.hibernate.cache.NoCacheProvider
Jul 9, 2008 6:13:48 AM org.hibernate.cfg.SettingsFactory buildSettings
INFO: Optimize cache for minimal puts: disabled
Jul 9, 2008 6:13:48 AM org.hibernate.cfg.SettingsFactory buildSettings
INFO: Structured second-level cache entries: disabled
Jul 9, 2008 6:13:48 AM org.hibernate.cfg.SettingsFactory buildSettings
INFO: Statistics: disabled
Jul 9, 2008 6:13:48 AM org.hibernate.cfg.SettingsFactory buildSettings
INFO: Deleted entity synthetic identifier rollback: disabled
Jul 9, 2008 6:13:48 AM org.hibernate.cfg.SettingsFactory buildSettings
INFO: Default entity-mode: pojo
Jul 9, 2008 6:13:48 AM org.hibernate.cfg.SettingsFactory buildSettings
INFO: Named query checking : enabled
Jul 9, 2008 6:13:48 AM org.hibernate.impl.SessionFactoryImpl <init>
INFO: building session factory
Jul 9, 2008 6:13:48 AM org.hibernate.impl.SessionFactoryObjectFactory addInstance
INFO: Factory name: dr_Points
Jul 9, 2008 6:13:48 AM org.hibernate.util.NamingHelper getInitialContext
INFO: JNDI InitialContext properties:{}
Jul 9, 2008 6:13:48 AM org.hibernate.impl.SessionFactoryObjectFactory addInstance
WARNING: Could not bind factory to JNDI
javax.naming.NoInitialContextException: Need to specify class name in environment or system property, or as an applet parameter, or in an application resource file:  java.naming.factory.initial
	at javax.naming.spi.NamingManager.getInitialContext(NamingManager.java:645)
	at javax.naming.InitialContext.getDefaultInitCtx(InitialContext.java:247)
	at javax.naming.InitialContext.getURLOrDefaultInitCtx(InitialContext.java:284)
	at javax.naming.InitialContext.getNameParser(InitialContext.java:439)
	at org.hibernate.util.NamingHelper.bind(NamingHelper.java:52)
	at org.hibernate.impl.SessionFactoryObjectFactory.addInstance(SessionFactoryObjectFactory.java:90)
	at org.hibernate.impl.SessionFactoryImpl.<init>(SessionFactoryImpl.java:306)
	at org.hibernate.cfg.Configuration.buildSessionFactory(Configuration.java:1294)
	at org.hibernate.ejb.Ejb3Configuration.buildEntityManagerFactory(Ejb3Configuration.java:713)
	at com.topcoder.service.digitalrun.track.dao.implementations.JPADigitalRunTrackTypeDAOTests$1.setUp(JPADigitalRunTrackTypeDAOTests.java:66)
	at junit.extensions.TestSetup$1.protect(TestSetup.java:22)
	at junit.framework.TestResult.runProtected(TestResult.java:128)
	at junit.extensions.TestSetup.run(TestSetup.java:27)
	at junit.framework.TestSuite.runTest(TestSuite.java:232)
	at junit.framework.TestSuite.run(TestSuite.java:227)
	at junit.framework.TestSuite.runTest(TestSuite.java:232)
	at junit.framework.TestSuite.run(TestSuite.java:227)
	at org.apache.tools.ant.taskdefs.optional.junit.JUnitTestRunner.run(JUnitTestRunner.java:297)
	at org.apache.tools.ant.taskdefs.optional.junit.JUnitTestRunner.launch(JUnitTestRunner.java:672)
	at org.apache.tools.ant.taskdefs.optional.junit.JUnitTestRunner.main(JUnitTestRunner.java:567)
Jul 9, 2008 6:13:48 AM org.hibernate.util.JDBCExceptionReporter logWarnings
WARNING: SQL Warning: 0, SQLState: 01I01
Jul 9, 2008 6:13:48 AM org.hibernate.util.JDBCExceptionReporter logWarnings
WARNING: Database has transactions
Jul 9, 2008 6:13:48 AM org.hibernate.util.JDBCExceptionReporter logWarnings
WARNING: SQL Warning: 0, SQLState: 01I04
Jul 9, 2008 6:13:48 AM org.hibernate.util.JDBCExceptionReporter logWarnings
WARNING: Database selected
Jul 9, 2008 6:13:48 AM org.hibernate.cfg.Configuration configure
INFO: configuring from resource: hibernate.cfg.xml
Jul 9, 2008 6:13:48 AM org.hibernate.cfg.Configuration getConfigurationInputStream
INFO: Configuration resource: hibernate.cfg.xml
Jul 9, 2008 6:13:48 AM org.hibernate.cfg.Configuration addResource
INFO: Reading mappings from resource : META-INF/DigitalRunPointsStatus.hbm.xml
Jul 9, 2008 6:13:48 AM org.hibernate.cfg.Configuration addResource
INFO: Reading mappings from resource : META-INF/DigitalRunPointsOperation.hbm.xml
Jul 9, 2008 6:13:48 AM org.hibernate.cfg.Configuration addResource
INFO: Reading mappings from resource : META-INF/DigitalRunPointsReferenceType.hbm.xml
Jul 9, 2008 6:13:48 AM org.hibernate.cfg.Configuration addResource
INFO: Reading mappings from resource : META-INF/DigitalRunPointsType.hbm.xml
Jul 9, 2008 6:13:48 AM org.hibernate.cfg.Configuration addResource
INFO: Reading mappings from resource : META-INF/TrackContestType.hbm.xml
Jul 9, 2008 6:13:48 AM org.hibernate.cfg.Configuration addResource
INFO: Reading mappings from resource : META-INF/TrackStatus.hbm.xml
Jul 9, 2008 6:13:48 AM org.hibernate.cfg.Configuration addResource
INFO: Reading mappings from resource : META-INF/TrackType.hbm.xml
Jul 9, 2008 6:13:48 AM org.hibernate.cfg.Configuration addResource
INFO: Reading mappings from resource : META-INF/PointsCalculator.hbm.xml
Jul 9, 2008 6:13:48 AM org.hibernate.cfg.Configuration addResource
INFO: Reading mappings from resource : META-INF/ProjectType.hbm.xml
Jul 9, 2008 6:13:48 AM org.hibernate.cfg.Configuration addResource
INFO: Reading mappings from resource : META-INF/TrackContestResultCalculator.hbm.xml
Jul 9, 2008 6:13:48 AM org.hibernate.cfg.Configuration addResource
INFO: Reading mappings from resource : META-INF/Track.hbm.xml
Jul 9, 2008 6:13:48 AM org.hibernate.cfg.Configuration addResource
INFO: Reading mappings from resource : META-INF/TrackContest.hbm.xml
Jul 9, 2008 6:13:48 AM org.hibernate.cfg.Configuration addResource
INFO: Reading mappings from resource : META-INF/DigitalRunPoints.hbm.xml
Jul 9, 2008 6:13:48 AM org.hibernate.cfg.Configuration doConfigure
INFO: Configured SessionFactory: dr_Points
Jul 9, 2008 6:13:48 AM org.hibernate.cfg.HbmBinder bindRootPersistentClassCommonValues
INFO: Mapping class: com.topcoder.service.digitalrun.entity.DigitalRunPointsStatus -> dr_points_status_lu
Jul 9, 2008 6:13:48 AM org.hibernate.cfg.HbmBinder bindRootPersistentClassCommonValues
INFO: Mapping class: com.topcoder.service.digitalrun.entity.DigitalRunPointsOperation -> dr_points_operation_lu
Jul 9, 2008 6:13:48 AM org.hibernate.cfg.HbmBinder bindRootPersistentClassCommonValues
INFO: Mapping class: com.topcoder.service.digitalrun.entity.DigitalRunPointsReferenceType -> dr_points_reference_type_lu
Jul 9, 2008 6:13:48 AM org.hibernate.cfg.HbmBinder bindRootPersistentClassCommonValues
INFO: Mapping class: com.topcoder.service.digitalrun.entity.DigitalRunPointsType -> dr_points_type_lu
Jul 9, 2008 6:13:48 AM org.hibernate.cfg.HbmBinder bindRootPersistentClassCommonValues
INFO: Mapping class: com.topcoder.service.digitalrun.entity.TrackContestType -> track_contest_type_lu
Jul 9, 2008 6:13:48 AM org.hibernate.cfg.HbmBinder bindRootPersistentClassCommonValues
INFO: Mapping class: com.topcoder.service.digitalrun.entity.TrackStatus -> track_status_lu
Jul 9, 2008 6:13:48 AM org.hibernate.cfg.HbmBinder bindRootPersistentClassCommonValues
INFO: Mapping class: com.topcoder.service.digitalrun.entity.TrackType -> track_type_lu
Jul 9, 2008 6:13:48 AM org.hibernate.cfg.HbmBinder bindRootPersistentClassCommonValues
INFO: Mapping class: com.topcoder.service.digitalrun.entity.PointsCalculator -> points_calculator_lu
Jul 9, 2008 6:13:48 AM org.hibernate.cfg.HbmBinder bindRootPersistentClassCommonValues
INFO: Mapping class: com.topcoder.service.digitalrun.entity.ProjectType -> project_type_lu
Jul 9, 2008 6:13:48 AM org.hibernate.cfg.HbmBinder bindRootPersistentClassCommonValues
INFO: Mapping class: com.topcoder.service.digitalrun.entity.TrackContestResultCalculator -> track_contest_result_calculator_lu
Jul 9, 2008 6:13:48 AM org.hibernate.cfg.HbmBinder bindRootPersistentClassCommonValues
INFO: Mapping class: com.topcoder.service.digitalrun.entity.Track -> track
Jul 9, 2008 6:13:48 AM org.hibernate.cfg.HbmBinder bindCollection
INFO: Mapping collection: com.topcoder.service.digitalrun.entity.Track.projectTypes -> track_project_type_xref
Jul 9, 2008 6:13:48 AM org.hibernate.cfg.HbmBinder bindRootPersistentClassCommonValues
INFO: Mapping class: com.topcoder.service.digitalrun.entity.TrackContest -> track_contest
Jul 9, 2008 6:13:48 AM org.hibernate.cfg.HbmBinder bindRootPersistentClassCommonValues
INFO: Mapping class: com.topcoder.service.digitalrun.entity.DigitalRunPoints -> dr_points
Jul 9, 2008 6:13:48 AM org.hibernate.cfg.HbmBinder bindCollectionSecondPass
INFO: Mapping collection: com.topcoder.service.digitalrun.entity.Track.digitalRunPoints -> dr_points
Jul 9, 2008 6:13:48 AM org.hibernate.cfg.HbmBinder bindCollectionSecondPass
INFO: Mapping collection: com.topcoder.service.digitalrun.entity.Track.trackContests -> track_contest
Jul 9, 2008 6:13:48 AM org.hibernate.connection.DriverManagerConnectionProvider configure
INFO: Using Hibernate built-in connection pool (not for production use!)
Jul 9, 2008 6:13:48 AM org.hibernate.connection.DriverManagerConnectionProvider configure
INFO: Hibernate connection pool size: 20
Jul 9, 2008 6:13:48 AM org.hibernate.connection.DriverManagerConnectionProvider configure
INFO: autocommit mode: true
Jul 9, 2008 6:13:48 AM org.hibernate.connection.DriverManagerConnectionProvider configure
INFO: using driver: com.informix.jdbc.IfxDriver at URL: jdbc:informix-sqli://localhost.localdomain:9088/sysmaster:INFORMIXSERVER=demo_on
Jul 9, 2008 6:13:48 AM org.hibernate.connection.DriverManagerConnectionProvider configure
INFO: connection properties: {user=informix, password=****, autocommit=true, release_mode=auto}
Jul 9, 2008 6:13:48 AM org.hibernate.cfg.SettingsFactory buildSettings
INFO: RDBMS: Informix Dynamic Server, version: 11.50.UC1DE
Jul 9, 2008 6:13:48 AM org.hibernate.cfg.SettingsFactory buildSettings
INFO: JDBC driver: IBM Informix JDBC Driver for IBM Informix Dynamic Server, version: 3.50.JC1DE
Jul 9, 2008 6:13:48 AM org.hibernate.dialect.Dialect <init>
INFO: Using dialect: org.hibernate.dialect.InformixDialect
Jul 9, 2008 6:13:48 AM org.hibernate.transaction.TransactionFactoryFactory buildTransactionFactory
INFO: Transaction strategy: org.hibernate.transaction.JDBCTransactionFactory
Jul 9, 2008 6:13:48 AM org.hibernate.transaction.TransactionManagerLookupFactory getTransactionManagerLookup
INFO: No TransactionManagerLookup configured (in JTA environment, use of read-write or transactional second-level cache is not recommended)
Jul 9, 2008 6:13:48 AM org.hibernate.cfg.SettingsFactory buildSettings
INFO: Automatic flush during beforeCompletion(): disabled
Jul 9, 2008 6:13:48 AM org.hibernate.cfg.SettingsFactory buildSettings
INFO: Automatic session close at end of transaction: disabled
Jul 9, 2008 6:13:48 AM org.hibernate.cfg.SettingsFactory buildSettings
INFO: Scrollable result sets: enabled
Jul 9, 2008 6:13:48 AM org.hibernate.cfg.SettingsFactory buildSettings
INFO: JDBC3 getGeneratedKeys(): enabled
Jul 9, 2008 6:13:48 AM org.hibernate.cfg.SettingsFactory buildSettings
INFO: Connection release mode: auto
Jul 9, 2008 6:13:48 AM org.hibernate.cfg.SettingsFactory buildSettings
INFO: Default batch fetch size: 1
Jul 9, 2008 6:13:48 AM org.hibernate.cfg.SettingsFactory buildSettings
INFO: Generate SQL with comments: disabled
Jul 9, 2008 6:13:48 AM org.hibernate.cfg.SettingsFactory buildSettings
INFO: Order SQL updates by primary key: disabled
Jul 9, 2008 6:13:48 AM org.hibernate.cfg.SettingsFactory buildSettings
INFO: Order SQL inserts for batching: disabled
Jul 9, 2008 6:13:48 AM org.hibernate.cfg.SettingsFactory createQueryTranslatorFactory
INFO: Query translator: org.hibernate.hql.ast.ASTQueryTranslatorFactory
Jul 9, 2008 6:13:48 AM org.hibernate.hql.ast.ASTQueryTranslatorFactory <init>
INFO: Using ASTQueryTranslatorFactory
Jul 9, 2008 6:13:48 AM org.hibernate.cfg.SettingsFactory buildSettings
INFO: Query language substitutions: {}
Jul 9, 2008 6:13:48 AM org.hibernate.cfg.SettingsFactory buildSettings
INFO: JPA-QL strict compliance: enabled
Jul 9, 2008 6:13:48 AM org.hibernate.cfg.SettingsFactory buildSettings
INFO: Second-level cache: enabled
Jul 9, 2008 6:13:48 AM org.hibernate.cfg.SettingsFactory buildSettings
INFO: Query cache: disabled
Jul 9, 2008 6:13:48 AM org.hibernate.cfg.SettingsFactory createCacheProvider
INFO: Cache provider: org.hibernate.cache.NoCacheProvider
Jul 9, 2008 6:13:48 AM org.hibernate.cfg.SettingsFactory buildSettings
INFO: Optimize cache for minimal puts: disabled
Jul 9, 2008 6:13:48 AM org.hibernate.cfg.SettingsFactory buildSettings
INFO: Structured second-level cache entries: disabled
Jul 9, 2008 6:13:48 AM org.hibernate.cfg.SettingsFactory buildSettings
INFO: Statistics: disabled
Jul 9, 2008 6:13:48 AM org.hibernate.cfg.SettingsFactory buildSettings
INFO: Deleted entity synthetic identifier rollback: disabled
Jul 9, 2008 6:13:48 AM org.hibernate.cfg.SettingsFactory buildSettings
INFO: Default entity-mode: pojo
Jul 9, 2008 6:13:48 AM org.hibernate.cfg.SettingsFactory buildSettings
INFO: Named query checking : enabled
Jul 9, 2008 6:13:48 AM org.hibernate.impl.SessionFactoryImpl <init>
INFO: building session factory
Jul 9, 2008 6:13:48 AM org.hibernate.impl.SessionFactoryObjectFactory addInstance
INFO: Factory name: dr_Points
Jul 9, 2008 6:13:48 AM org.hibernate.util.NamingHelper getInitialContext
INFO: JNDI InitialContext properties:{}
Jul 9, 2008 6:13:48 AM org.hibernate.impl.SessionFactoryObjectFactory addInstance
WARNING: Could not bind factory to JNDI
javax.naming.NoInitialContextException: Need to specify class name in environment or system property, or as an applet parameter, or in an application resource file:  java.naming.factory.initial
	at javax.naming.spi.NamingManager.getInitialContext(NamingManager.java:645)
	at javax.naming.InitialContext.getDefaultInitCtx(InitialContext.java:247)
	at javax.naming.InitialContext.getURLOrDefaultInitCtx(InitialContext.java:284)
	at javax.naming.InitialContext.getNameParser(InitialContext.java:439)
	at org.hibernate.util.NamingHelper.bind(NamingHelper.java:52)
	at org.hibernate.impl.SessionFactoryObjectFactory.addInstance(SessionFactoryObjectFactory.java:90)
	at org.hibernate.impl.SessionFactoryImpl.<init>(SessionFactoryImpl.java:306)
	at org.hibernate.cfg.Configuration.buildSessionFactory(Configuration.java:1294)
	at org.hibernate.ejb.Ejb3Configuration.buildEntityManagerFactory(Ejb3Configuration.java:713)
	at com.topcoder.service.digitalrun.track.accuracytests.MockSessionContext.lookup(MockSessionContext.java:113)
	at com.topcoder.service.digitalrun.track.dao.implementations.AbstractDAO.getEntityManager(AbstractDAO.java:82)
	at sun.reflect.NativeMethodAccessorImpl.invoke0(Native Method)
	at sun.reflect.NativeMethodAccessorImpl.invoke(NativeMethodAccessorImpl.java:39)
	at sun.reflect.DelegatingMethodAccessorImpl.invoke(DelegatingMethodAccessorImpl.java:25)
	at java.lang.reflect.Method.invoke(Method.java:585)
	at com.topcoder.service.digitalrun.track.accuracytests.AbstractDAOAccTests.testgetEntityManager(AbstractDAOAccTests.java:54)
	at sun.reflect.NativeMethodAccessorImpl.invoke0(Native Method)
	at sun.reflect.NativeMethodAccessorImpl.invoke(NativeMethodAccessorImpl.java:39)
	at sun.reflect.DelegatingMethodAccessorImpl.invoke(DelegatingMethodAccessorImpl.java:25)
	at java.lang.reflect.Method.invoke(Method.java:585)
	at junit.framework.TestCase.runTest(TestCase.java:168)
	at junit.framework.TestCase.runBare(TestCase.java:134)
	at junit.framework.TestResult$1.protect(TestResult.java:110)
	at junit.framework.TestResult.runProtected(TestResult.java:128)
	at junit.framework.TestResult.run(TestResult.java:113)
	at junit.framework.TestCase.run(TestCase.java:124)
	at junit.framework.TestSuite.runTest(TestSuite.java:232)
	at junit.framework.TestSuite.run(TestSuite.java:227)
	at junit.framework.TestSuite.runTest(TestSuite.java:232)
	at junit.framework.TestSuite.run(TestSuite.java:227)
	at junit.framework.TestSuite.runTest(TestSuite.java:232)
	at junit.framework.TestSuite.run(TestSuite.java:227)
	at org.apache.tools.ant.taskdefs.optional.junit.JUnitTestRunner.run(JUnitTestRunner.java:297)
	at org.apache.tools.ant.taskdefs.optional.junit.JUnitTestRunner.launch(JUnitTestRunner.java:672)
	at org.apache.tools.ant.taskdefs.optional.junit.JUnitTestRunner.main(JUnitTestRunner.java:567)
Jul 9, 2008 6:13:48 AM org.hibernate.util.JDBCExceptionReporter logWarnings
WARNING: SQL Warning: 0, SQLState: 01I01
Jul 9, 2008 6:13:48 AM org.hibernate.util.JDBCExceptionReporter logWarnings
WARNING: Database has transactions
Jul 9, 2008 6:13:48 AM org.hibernate.util.JDBCExceptionReporter logWarnings
WARNING: SQL Warning: 0, SQLState: 01I04
Jul 9, 2008 6:13:48 AM org.hibernate.util.JDBCExceptionReporter logWarnings
WARNING: Database selected
Jul 9, 2008 6:13:51 AM org.hibernate.cfg.Configuration configure
INFO: configuring from resource: hibernate.cfg.xml
Jul 9, 2008 6:13:51 AM org.hibernate.cfg.Configuration getConfigurationInputStream
INFO: Configuration resource: hibernate.cfg.xml
Jul 9, 2008 6:13:51 AM org.hibernate.cfg.Configuration addResource
INFO: Reading mappings from resource : META-INF/DigitalRunPointsStatus.hbm.xml
Jul 9, 2008 6:13:51 AM org.hibernate.cfg.Configuration addResource
INFO: Reading mappings from resource : META-INF/DigitalRunPointsOperation.hbm.xml
Jul 9, 2008 6:13:51 AM org.hibernate.cfg.Configuration addResource
INFO: Reading mappings from resource : META-INF/DigitalRunPointsReferenceType.hbm.xml
Jul 9, 2008 6:13:51 AM org.hibernate.cfg.Configuration addResource
INFO: Reading mappings from resource : META-INF/DigitalRunPointsType.hbm.xml
Jul 9, 2008 6:13:51 AM org.hibernate.cfg.Configuration addResource
INFO: Reading mappings from resource : META-INF/TrackContestType.hbm.xml
Jul 9, 2008 6:13:51 AM org.hibernate.cfg.Configuration addResource
INFO: Reading mappings from resource : META-INF/TrackStatus.hbm.xml
Jul 9, 2008 6:13:51 AM org.hibernate.cfg.Configuration addResource
INFO: Reading mappings from resource : META-INF/TrackType.hbm.xml
Jul 9, 2008 6:13:51 AM org.hibernate.cfg.Configuration addResource
INFO: Reading mappings from resource : META-INF/PointsCalculator.hbm.xml
Jul 9, 2008 6:13:51 AM org.hibernate.cfg.Configuration addResource
INFO: Reading mappings from resource : META-INF/ProjectType.hbm.xml
Jul 9, 2008 6:13:51 AM org.hibernate.cfg.Configuration addResource
INFO: Reading mappings from resource : META-INF/TrackContestResultCalculator.hbm.xml
Jul 9, 2008 6:13:51 AM org.hibernate.cfg.Configuration addResource
INFO: Reading mappings from resource : META-INF/Track.hbm.xml
Jul 9, 2008 6:13:51 AM org.hibernate.cfg.Configuration addResource
INFO: Reading mappings from resource : META-INF/TrackContest.hbm.xml
Jul 9, 2008 6:13:51 AM org.hibernate.cfg.Configuration addResource
INFO: Reading mappings from resource : META-INF/DigitalRunPoints.hbm.xml
Jul 9, 2008 6:13:51 AM org.hibernate.cfg.Configuration doConfigure
INFO: Configured SessionFactory: dr_Points
Jul 9, 2008 6:13:51 AM org.hibernate.cfg.HbmBinder bindRootPersistentClassCommonValues
INFO: Mapping class: com.topcoder.service.digitalrun.entity.DigitalRunPointsStatus -> dr_points_status_lu
Jul 9, 2008 6:13:51 AM org.hibernate.cfg.HbmBinder bindRootPersistentClassCommonValues
INFO: Mapping class: com.topcoder.service.digitalrun.entity.DigitalRunPointsOperation -> dr_points_operation_lu
Jul 9, 2008 6:13:51 AM org.hibernate.cfg.HbmBinder bindRootPersistentClassCommonValues
INFO: Mapping class: com.topcoder.service.digitalrun.entity.DigitalRunPointsReferenceType -> dr_points_reference_type_lu
Jul 9, 2008 6:13:51 AM org.hibernate.cfg.HbmBinder bindRootPersistentClassCommonValues
INFO: Mapping class: com.topcoder.service.digitalrun.entity.DigitalRunPointsType -> dr_points_type_lu
Jul 9, 2008 6:13:51 AM org.hibernate.cfg.HbmBinder bindRootPersistentClassCommonValues
INFO: Mapping class: com.topcoder.service.digitalrun.entity.TrackContestType -> track_contest_type_lu
Jul 9, 2008 6:13:51 AM org.hibernate.cfg.HbmBinder bindRootPersistentClassCommonValues
INFO: Mapping class: com.topcoder.service.digitalrun.entity.TrackStatus -> track_status_lu
Jul 9, 2008 6:13:51 AM org.hibernate.cfg.HbmBinder bindRootPersistentClassCommonValues
INFO: Mapping class: com.topcoder.service.digitalrun.entity.TrackType -> track_type_lu
Jul 9, 2008 6:13:51 AM org.hibernate.cfg.HbmBinder bindRootPersistentClassCommonValues
INFO: Mapping class: com.topcoder.service.digitalrun.entity.PointsCalculator -> points_calculator_lu
Jul 9, 2008 6:13:51 AM org.hibernate.cfg.HbmBinder bindRootPersistentClassCommonValues
INFO: Mapping class: com.topcoder.service.digitalrun.entity.ProjectType -> project_type_lu
Jul 9, 2008 6:13:51 AM org.hibernate.cfg.HbmBinder bindRootPersistentClassCommonValues
INFO: Mapping class: com.topcoder.service.digitalrun.entity.TrackContestResultCalculator -> track_contest_result_calculator_lu
Jul 9, 2008 6:13:51 AM org.hibernate.cfg.HbmBinder bindRootPersistentClassCommonValues
INFO: Mapping class: com.topcoder.service.digitalrun.entity.Track -> track
Jul 9, 2008 6:13:51 AM org.hibernate.cfg.HbmBinder bindCollection
INFO: Mapping collection: com.topcoder.service.digitalrun.entity.Track.projectTypes -> track_project_type_xref
Jul 9, 2008 6:13:51 AM org.hibernate.cfg.HbmBinder bindRootPersistentClassCommonValues
INFO: Mapping class: com.topcoder.service.digitalrun.entity.TrackContest -> track_contest
Jul 9, 2008 6:13:51 AM org.hibernate.cfg.HbmBinder bindRootPersistentClassCommonValues
INFO: Mapping class: com.topcoder.service.digitalrun.entity.DigitalRunPoints -> dr_points
Jul 9, 2008 6:13:51 AM org.hibernate.cfg.HbmBinder bindCollectionSecondPass
INFO: Mapping collection: com.topcoder.service.digitalrun.entity.Track.digitalRunPoints -> dr_points
Jul 9, 2008 6:13:51 AM org.hibernate.cfg.HbmBinder bindCollectionSecondPass
INFO: Mapping collection: com.topcoder.service.digitalrun.entity.Track.trackContests -> track_contest
Jul 9, 2008 6:13:51 AM org.hibernate.connection.DriverManagerConnectionProvider configure
INFO: Using Hibernate built-in connection pool (not for production use!)
Jul 9, 2008 6:13:51 AM org.hibernate.connection.DriverManagerConnectionProvider configure
INFO: Hibernate connection pool size: 20
Jul 9, 2008 6:13:51 AM org.hibernate.connection.DriverManagerConnectionProvider configure
INFO: autocommit mode: true
Jul 9, 2008 6:13:51 AM org.hibernate.connection.DriverManagerConnectionProvider configure
INFO: using driver: com.informix.jdbc.IfxDriver at URL: jdbc:informix-sqli://localhost.localdomain:9088/sysmaster:INFORMIXSERVER=demo_on
Jul 9, 2008 6:13:51 AM org.hibernate.connection.DriverManagerConnectionProvider configure
INFO: connection properties: {user=informix, password=****, autocommit=true, release_mode=auto}
Jul 9, 2008 6:13:51 AM org.hibernate.cfg.SettingsFactory buildSettings
INFO: RDBMS: Informix Dynamic Server, version: 11.50.UC1DE
Jul 9, 2008 6:13:51 AM org.hibernate.cfg.SettingsFactory buildSettings
INFO: JDBC driver: IBM Informix JDBC Driver for IBM Informix Dynamic Server, version: 3.50.JC1DE
Jul 9, 2008 6:13:51 AM org.hibernate.dialect.Dialect <init>
INFO: Using dialect: org.hibernate.dialect.InformixDialect
Jul 9, 2008 6:13:51 AM org.hibernate.transaction.TransactionFactoryFactory buildTransactionFactory
INFO: Transaction strategy: org.hibernate.transaction.JDBCTransactionFactory
Jul 9, 2008 6:13:51 AM org.hibernate.transaction.TransactionManagerLookupFactory getTransactionManagerLookup
INFO: No TransactionManagerLookup configured (in JTA environment, use of read-write or transactional second-level cache is not recommended)
Jul 9, 2008 6:13:51 AM org.hibernate.cfg.SettingsFactory buildSettings
INFO: Automatic flush during beforeCompletion(): disabled
Jul 9, 2008 6:13:51 AM org.hibernate.cfg.SettingsFactory buildSettings
INFO: Automatic session close at end of transaction: disabled
Jul 9, 2008 6:13:51 AM org.hibernate.cfg.SettingsFactory buildSettings
INFO: Scrollable result sets: enabled
Jul 9, 2008 6:13:51 AM org.hibernate.cfg.SettingsFactory buildSettings
INFO: JDBC3 getGeneratedKeys(): enabled
Jul 9, 2008 6:13:51 AM org.hibernate.cfg.SettingsFactory buildSettings
INFO: Connection release mode: auto
Jul 9, 2008 6:13:51 AM org.hibernate.cfg.SettingsFactory buildSettings
INFO: Default batch fetch size: 1
Jul 9, 2008 6:13:51 AM org.hibernate.cfg.SettingsFactory buildSettings
INFO: Generate SQL with comments: disabled
Jul 9, 2008 6:13:51 AM org.hibernate.cfg.SettingsFactory buildSettings
INFO: Order SQL updates by primary key: disabled
Jul 9, 2008 6:13:51 AM org.hibernate.cfg.SettingsFactory buildSettings
INFO: Order SQL inserts for batching: disabled
Jul 9, 2008 6:13:51 AM org.hibernate.cfg.SettingsFactory createQueryTranslatorFactory
INFO: Query translator: org.hibernate.hql.ast.ASTQueryTranslatorFactory
Jul 9, 2008 6:13:51 AM org.hibernate.hql.ast.ASTQueryTranslatorFactory <init>
INFO: Using ASTQueryTranslatorFactory
Jul 9, 2008 6:13:51 AM org.hibernate.cfg.SettingsFactory buildSettings
INFO: Query language substitutions: {}
Jul 9, 2008 6:13:51 AM org.hibernate.cfg.SettingsFactory buildSettings
INFO: JPA-QL strict compliance: enabled
Jul 9, 2008 6:13:51 AM org.hibernate.cfg.SettingsFactory buildSettings
INFO: Second-level cache: enabled
Jul 9, 2008 6:13:51 AM org.hibernate.cfg.SettingsFactory buildSettings
INFO: Query cache: disabled
Jul 9, 2008 6:13:51 AM org.hibernate.cfg.SettingsFactory createCacheProvider
INFO: Cache provider: org.hibernate.cache.NoCacheProvider
Jul 9, 2008 6:13:51 AM org.hibernate.cfg.SettingsFactory buildSettings
INFO: Optimize cache for minimal puts: disabled
Jul 9, 2008 6:13:51 AM org.hibernate.cfg.SettingsFactory buildSettings
INFO: Structured second-level cache entries: disabled
Jul 9, 2008 6:13:51 AM org.hibernate.cfg.SettingsFactory buildSettings
INFO: Statistics: disabled
Jul 9, 2008 6:13:51 AM org.hibernate.cfg.SettingsFactory buildSettings
INFO: Deleted entity synthetic identifier rollback: disabled
Jul 9, 2008 6:13:51 AM org.hibernate.cfg.SettingsFactory buildSettings
INFO: Default entity-mode: pojo
Jul 9, 2008 6:13:51 AM org.hibernate.cfg.SettingsFactory buildSettings
INFO: Named query checking : enabled
Jul 9, 2008 6:13:51 AM org.hibernate.impl.SessionFactoryImpl <init>
INFO: building session factory
Jul 9, 2008 6:13:51 AM org.hibernate.impl.SessionFactoryObjectFactory addInstance
INFO: Factory name: dr_Points
Jul 9, 2008 6:13:51 AM org.hibernate.util.NamingHelper getInitialContext
INFO: JNDI InitialContext properties:{}
Jul 9, 2008 6:13:51 AM org.hibernate.impl.SessionFactoryObjectFactory addInstance
WARNING: Could not bind factory to JNDI
javax.naming.NoInitialContextException: Need to specify class name in environment or system property, or as an applet parameter, or in an application resource file:  java.naming.factory.initial
	at javax.naming.spi.NamingManager.getInitialContext(NamingManager.java:645)
	at javax.naming.InitialContext.getDefaultInitCtx(InitialContext.java:247)
	at javax.naming.InitialContext.getURLOrDefaultInitCtx(InitialContext.java:284)
	at javax.naming.InitialContext.getNameParser(InitialContext.java:439)
	at org.hibernate.util.NamingHelper.bind(NamingHelper.java:52)
	at org.hibernate.impl.SessionFactoryObjectFactory.addInstance(SessionFactoryObjectFactory.java:90)
	at org.hibernate.impl.SessionFactoryImpl.<init>(SessionFactoryImpl.java:306)
	at org.hibernate.cfg.Configuration.buildSessionFactory(Configuration.java:1294)
	at org.hibernate.ejb.Ejb3Configuration.buildEntityManagerFactory(Ejb3Configuration.java:713)
	at com.topcoder.service.digitalrun.track.stresstests.JPADigitalRunPointsCalculatorDAOTests$1.setUp(JPADigitalRunPointsCalculatorDAOTests.java:62)
	at junit.extensions.TestSetup$1.protect(TestSetup.java:22)
	at junit.framework.TestResult.runProtected(TestResult.java:128)
	at junit.extensions.TestSetup.run(TestSetup.java:27)
	at junit.framework.TestSuite.runTest(TestSuite.java:232)
	at junit.framework.TestSuite.run(TestSuite.java:227)
	at junit.framework.TestSuite.runTest(TestSuite.java:232)
	at junit.framework.TestSuite.run(TestSuite.java:227)
	at org.apache.tools.ant.taskdefs.optional.junit.JUnitTestRunner.run(JUnitTestRunner.java:297)
	at org.apache.tools.ant.taskdefs.optional.junit.JUnitTestRunner.launch(JUnitTestRunner.java:672)
	at org.apache.tools.ant.taskdefs.optional.junit.JUnitTestRunner.main(JUnitTestRunner.java:567)
Jul 9, 2008 6:13:51 AM org.hibernate.util.JDBCExceptionReporter logWarnings
WARNING: SQL Warning: 0, SQLState: 01I01
Jul 9, 2008 6:13:51 AM org.hibernate.util.JDBCExceptionReporter logWarnings
WARNING: Database has transactions
Jul 9, 2008 6:13:51 AM org.hibernate.util.JDBCExceptionReporter logWarnings
WARNING: SQL Warning: 0, SQLState: 01I04
Jul 9, 2008 6:13:51 AM org.hibernate.util.JDBCExceptionReporter logWarnings
WARNING: Database selected
Jul 9, 2008 6:13:51 AM org.hibernate.cfg.Configuration configure
INFO: configuring from resource: hibernate.cfg.xml
Jul 9, 2008 6:13:51 AM org.hibernate.cfg.Configuration getConfigurationInputStream
INFO: Configuration resource: hibernate.cfg.xml
Jul 9, 2008 6:13:51 AM org.hibernate.cfg.Configuration addResource
INFO: Reading mappings from resource : META-INF/DigitalRunPointsStatus.hbm.xml
Jul 9, 2008 6:13:51 AM org.hibernate.cfg.Configuration addResource
INFO: Reading mappings from resource : META-INF/DigitalRunPointsOperation.hbm.xml
Jul 9, 2008 6:13:51 AM org.hibernate.cfg.Configuration addResource
INFO: Reading mappings from resource : META-INF/DigitalRunPointsReferenceType.hbm.xml
Jul 9, 2008 6:13:51 AM org.hibernate.cfg.Configuration addResource
INFO: Reading mappings from resource : META-INF/DigitalRunPointsType.hbm.xml
Jul 9, 2008 6:13:52 AM org.hibernate.cfg.Configuration addResource
INFO: Reading mappings from resource : META-INF/TrackContestType.hbm.xml
Jul 9, 2008 6:13:52 AM org.hibernate.cfg.Configuration addResource
INFO: Reading mappings from resource : META-INF/TrackStatus.hbm.xml
Jul 9, 2008 6:13:52 AM org.hibernate.cfg.Configuration addResource
INFO: Reading mappings from resource : META-INF/TrackType.hbm.xml
Jul 9, 2008 6:13:52 AM org.hibernate.cfg.Configuration addResource
INFO: Reading mappings from resource : META-INF/PointsCalculator.hbm.xml
Jul 9, 2008 6:13:52 AM org.hibernate.cfg.Configuration addResource
INFO: Reading mappings from resource : META-INF/ProjectType.hbm.xml
Jul 9, 2008 6:13:52 AM org.hibernate.cfg.Configuration addResource
INFO: Reading mappings from resource : META-INF/TrackContestResultCalculator.hbm.xml
Jul 9, 2008 6:13:52 AM org.hibernate.cfg.Configuration addResource
INFO: Reading mappings from resource : META-INF/Track.hbm.xml
Jul 9, 2008 6:13:52 AM org.hibernate.cfg.Configuration addResource
INFO: Reading mappings from resource : META-INF/TrackContest.hbm.xml
Jul 9, 2008 6:13:52 AM org.hibernate.cfg.Configuration addResource
INFO: Reading mappings from resource : META-INF/DigitalRunPoints.hbm.xml
Jul 9, 2008 6:13:52 AM org.hibernate.cfg.Configuration doConfigure
INFO: Configured SessionFactory: dr_Points
Jul 9, 2008 6:13:52 AM org.hibernate.cfg.HbmBinder bindRootPersistentClassCommonValues
INFO: Mapping class: com.topcoder.service.digitalrun.entity.DigitalRunPointsStatus -> dr_points_status_lu
Jul 9, 2008 6:13:52 AM org.hibernate.cfg.HbmBinder bindRootPersistentClassCommonValues
INFO: Mapping class: com.topcoder.service.digitalrun.entity.DigitalRunPointsOperation -> dr_points_operation_lu
Jul 9, 2008 6:13:52 AM org.hibernate.cfg.HbmBinder bindRootPersistentClassCommonValues
INFO: Mapping class: com.topcoder.service.digitalrun.entity.DigitalRunPointsReferenceType -> dr_points_reference_type_lu
Jul 9, 2008 6:13:52 AM org.hibernate.cfg.HbmBinder bindRootPersistentClassCommonValues
INFO: Mapping class: com.topcoder.service.digitalrun.entity.DigitalRunPointsType -> dr_points_type_lu
Jul 9, 2008 6:13:52 AM org.hibernate.cfg.HbmBinder bindRootPersistentClassCommonValues
INFO: Mapping class: com.topcoder.service.digitalrun.entity.TrackContestType -> track_contest_type_lu
Jul 9, 2008 6:13:52 AM org.hibernate.cfg.HbmBinder bindRootPersistentClassCommonValues
INFO: Mapping class: com.topcoder.service.digitalrun.entity.TrackStatus -> track_status_lu
Jul 9, 2008 6:13:52 AM org.hibernate.cfg.HbmBinder bindRootPersistentClassCommonValues
INFO: Mapping class: com.topcoder.service.digitalrun.entity.TrackType -> track_type_lu
Jul 9, 2008 6:13:52 AM org.hibernate.cfg.HbmBinder bindRootPersistentClassCommonValues
INFO: Mapping class: com.topcoder.service.digitalrun.entity.PointsCalculator -> points_calculator_lu
Jul 9, 2008 6:13:52 AM org.hibernate.cfg.HbmBinder bindRootPersistentClassCommonValues
INFO: Mapping class: com.topcoder.service.digitalrun.entity.ProjectType -> project_type_lu
Jul 9, 2008 6:13:52 AM org.hibernate.cfg.HbmBinder bindRootPersistentClassCommonValues
INFO: Mapping class: com.topcoder.service.digitalrun.entity.TrackContestResultCalculator -> track_contest_result_calculator_lu
Jul 9, 2008 6:13:52 AM org.hibernate.cfg.HbmBinder bindRootPersistentClassCommonValues
INFO: Mapping class: com.topcoder.service.digitalrun.entity.Track -> track
Jul 9, 2008 6:13:52 AM org.hibernate.cfg.HbmBinder bindCollection
INFO: Mapping collection: com.topcoder.service.digitalrun.entity.Track.projectTypes -> track_project_type_xref
Jul 9, 2008 6:13:52 AM org.hibernate.cfg.HbmBinder bindRootPersistentClassCommonValues
INFO: Mapping class: com.topcoder.service.digitalrun.entity.TrackContest -> track_contest
Jul 9, 2008 6:13:52 AM org.hibernate.cfg.HbmBinder bindRootPersistentClassCommonValues
INFO: Mapping class: com.topcoder.service.digitalrun.entity.DigitalRunPoints -> dr_points
Jul 9, 2008 6:13:52 AM org.hibernate.cfg.HbmBinder bindCollectionSecondPass
INFO: Mapping collection: com.topcoder.service.digitalrun.entity.Track.digitalRunPoints -> dr_points
Jul 9, 2008 6:13:52 AM org.hibernate.cfg.HbmBinder bindCollectionSecondPass
INFO: Mapping collection: com.topcoder.service.digitalrun.entity.Track.trackContests -> track_contest
Jul 9, 2008 6:13:52 AM org.hibernate.connection.DriverManagerConnectionProvider configure
INFO: Using Hibernate built-in connection pool (not for production use!)
Jul 9, 2008 6:13:52 AM org.hibernate.connection.DriverManagerConnectionProvider configure
INFO: Hibernate connection pool size: 20
Jul 9, 2008 6:13:52 AM org.hibernate.connection.DriverManagerConnectionProvider configure
INFO: autocommit mode: true
Jul 9, 2008 6:13:52 AM org.hibernate.connection.DriverManagerConnectionProvider configure
INFO: using driver: com.informix.jdbc.IfxDriver at URL: jdbc:informix-sqli://localhost.localdomain:9088/sysmaster:INFORMIXSERVER=demo_on
Jul 9, 2008 6:13:52 AM org.hibernate.connection.DriverManagerConnectionProvider configure
INFO: connection properties: {user=informix, password=****, autocommit=true, release_mode=auto}
Jul 9, 2008 6:13:52 AM org.hibernate.cfg.SettingsFactory buildSettings
INFO: RDBMS: Informix Dynamic Server, version: 11.50.UC1DE
Jul 9, 2008 6:13:52 AM org.hibernate.cfg.SettingsFactory buildSettings
INFO: JDBC driver: IBM Informix JDBC Driver for IBM Informix Dynamic Server, version: 3.50.JC1DE
Jul 9, 2008 6:13:52 AM org.hibernate.dialect.Dialect <init>
INFO: Using dialect: org.hibernate.dialect.InformixDialect
Jul 9, 2008 6:13:52 AM org.hibernate.transaction.TransactionFactoryFactory buildTransactionFactory
INFO: Transaction strategy: org.hibernate.transaction.JDBCTransactionFactory
Jul 9, 2008 6:13:52 AM org.hibernate.transaction.TransactionManagerLookupFactory getTransactionManagerLookup
INFO: No TransactionManagerLookup configured (in JTA environment, use of read-write or transactional second-level cache is not recommended)
Jul 9, 2008 6:13:52 AM org.hibernate.cfg.SettingsFactory buildSettings
INFO: Automatic flush during beforeCompletion(): disabled
Jul 9, 2008 6:13:52 AM org.hibernate.cfg.SettingsFactory buildSettings
INFO: Automatic session close at end of transaction: disabled
Jul 9, 2008 6:13:52 AM org.hibernate.cfg.SettingsFactory buildSettings
INFO: Scrollable result sets: enabled
Jul 9, 2008 6:13:52 AM org.hibernate.cfg.SettingsFactory buildSettings
INFO: JDBC3 getGeneratedKeys(): enabled
Jul 9, 2008 6:13:52 AM org.hibernate.cfg.SettingsFactory buildSettings
INFO: Connection release mode: auto
Jul 9, 2008 6:13:52 AM org.hibernate.cfg.SettingsFactory buildSettings
INFO: Default batch fetch size: 1
Jul 9, 2008 6:13:52 AM org.hibernate.cfg.SettingsFactory buildSettings
INFO: Generate SQL with comments: disabled
Jul 9, 2008 6:13:52 AM org.hibernate.cfg.SettingsFactory buildSettings
INFO: Order SQL updates by primary key: disabled
Jul 9, 2008 6:13:52 AM org.hibernate.cfg.SettingsFactory buildSettings
INFO: Order SQL inserts for batching: disabled
Jul 9, 2008 6:13:52 AM org.hibernate.cfg.SettingsFactory createQueryTranslatorFactory
INFO: Query translator: org.hibernate.hql.ast.ASTQueryTranslatorFactory
Jul 9, 2008 6:13:52 AM org.hibernate.hql.ast.ASTQueryTranslatorFactory <init>
INFO: Using ASTQueryTranslatorFactory
Jul 9, 2008 6:13:52 AM org.hibernate.cfg.SettingsFactory buildSettings
INFO: Query language substitutions: {}
Jul 9, 2008 6:13:52 AM org.hibernate.cfg.SettingsFactory buildSettings
INFO: JPA-QL strict compliance: enabled
Jul 9, 2008 6:13:52 AM org.hibernate.cfg.SettingsFactory buildSettings
INFO: Second-level cache: enabled
Jul 9, 2008 6:13:52 AM org.hibernate.cfg.SettingsFactory buildSettings
INFO: Query cache: disabled
Jul 9, 2008 6:13:52 AM org.hibernate.cfg.SettingsFactory createCacheProvider
INFO: Cache provider: org.hibernate.cache.NoCacheProvider
Jul 9, 2008 6:13:52 AM org.hibernate.cfg.SettingsFactory buildSettings
INFO: Optimize cache for minimal puts: disabled
Jul 9, 2008 6:13:52 AM org.hibernate.cfg.SettingsFactory buildSettings
INFO: Structured second-level cache entries: disabled
Jul 9, 2008 6:13:52 AM org.hibernate.cfg.SettingsFactory buildSettings
INFO: Statistics: disabled
Jul 9, 2008 6:13:52 AM org.hibernate.cfg.SettingsFactory buildSettings
INFO: Deleted entity synthetic identifier rollback: disabled
Jul 9, 2008 6:13:52 AM org.hibernate.cfg.SettingsFactory buildSettings
INFO: Default entity-mode: pojo
Jul 9, 2008 6:13:52 AM org.hibernate.cfg.SettingsFactory buildSettings
INFO: Named query checking : enabled
Jul 9, 2008 6:13:52 AM org.hibernate.impl.SessionFactoryImpl <init>
INFO: building session factory
Jul 9, 2008 6:13:52 AM org.hibernate.impl.SessionFactoryObjectFactory addInstance
INFO: Factory name: dr_Points
Jul 9, 2008 6:13:52 AM org.hibernate.util.NamingHelper getInitialContext
INFO: JNDI InitialContext properties:{}
Jul 9, 2008 6:13:52 AM org.hibernate.impl.SessionFactoryObjectFactory addInstance
WARNING: Could not bind factory to JNDI
javax.naming.NoInitialContextException: Need to specify class name in environment or system property, or as an applet parameter, or in an application resource file:  java.naming.factory.initial
	at javax.naming.spi.NamingManager.getInitialContext(NamingManager.java:645)
	at javax.naming.InitialContext.getDefaultInitCtx(InitialContext.java:247)
	at javax.naming.InitialContext.getURLOrDefaultInitCtx(InitialContext.java:284)
	at javax.naming.InitialContext.getNameParser(InitialContext.java:439)
	at org.hibernate.util.NamingHelper.bind(NamingHelper.java:52)
	at org.hibernate.impl.SessionFactoryObjectFactory.addInstance(SessionFactoryObjectFactory.java:90)
	at org.hibernate.impl.SessionFactoryImpl.<init>(SessionFactoryImpl.java:306)
	at org.hibernate.cfg.Configuration.buildSessionFactory(Configuration.java:1294)
	at org.hibernate.ejb.Ejb3Configuration.buildEntityManagerFactory(Ejb3Configuration.java:713)
	at com.topcoder.service.digitalrun.track.stresstests.JPADigitalRunTrackStatusDAOTests$1.setUp(JPADigitalRunTrackStatusDAOTests.java:65)
	at junit.extensions.TestSetup$1.protect(TestSetup.java:22)
	at junit.framework.TestResult.runProtected(TestResult.java:128)
	at junit.extensions.TestSetup.run(TestSetup.java:27)
	at junit.framework.TestSuite.runTest(TestSuite.java:232)
	at junit.framework.TestSuite.run(TestSuite.java:227)
	at junit.framework.TestSuite.runTest(TestSuite.java:232)
	at junit.framework.TestSuite.run(TestSuite.java:227)
	at org.apache.tools.ant.taskdefs.optional.junit.JUnitTestRunner.run(JUnitTestRunner.java:297)
	at org.apache.tools.ant.taskdefs.optional.junit.JUnitTestRunner.launch(JUnitTestRunner.java:672)
	at org.apache.tools.ant.taskdefs.optional.junit.JUnitTestRunner.main(JUnitTestRunner.java:567)
Jul 9, 2008 6:13:52 AM org.hibernate.util.JDBCExceptionReporter logWarnings
WARNING: SQL Warning: 0, SQLState: 01I01
Jul 9, 2008 6:13:52 AM org.hibernate.util.JDBCExceptionReporter logWarnings
WARNING: Database has transactions
Jul 9, 2008 6:13:52 AM org.hibernate.util.JDBCExceptionReporter logWarnings
WARNING: SQL Warning: 0, SQLState: 01I04
Jul 9, 2008 6:13:52 AM org.hibernate.util.JDBCExceptionReporter logWarnings
WARNING: Database selected
Jul 9, 2008 6:13:52 AM org.hibernate.cfg.Configuration configure
INFO: configuring from resource: hibernate.cfg.xml
Jul 9, 2008 6:13:52 AM org.hibernate.cfg.Configuration getConfigurationInputStream
INFO: Configuration resource: hibernate.cfg.xml
Jul 9, 2008 6:13:52 AM org.hibernate.cfg.Configuration addResource
INFO: Reading mappings from resource : META-INF/DigitalRunPointsStatus.hbm.xml
Jul 9, 2008 6:13:52 AM org.hibernate.cfg.Configuration addResource
INFO: Reading mappings from resource : META-INF/DigitalRunPointsOperation.hbm.xml
Jul 9, 2008 6:13:52 AM org.hibernate.cfg.Configuration addResource
INFO: Reading mappings from resource : META-INF/DigitalRunPointsReferenceType.hbm.xml
Jul 9, 2008 6:13:52 AM org.hibernate.cfg.Configuration addResource
INFO: Reading mappings from resource : META-INF/DigitalRunPointsType.hbm.xml
Jul 9, 2008 6:13:52 AM org.hibernate.cfg.Configuration addResource
INFO: Reading mappings from resource : META-INF/TrackContestType.hbm.xml
Jul 9, 2008 6:13:52 AM org.hibernate.cfg.Configuration addResource
INFO: Reading mappings from resource : META-INF/TrackStatus.hbm.xml
Jul 9, 2008 6:13:52 AM org.hibernate.cfg.Configuration addResource
INFO: Reading mappings from resource : META-INF/TrackType.hbm.xml
Jul 9, 2008 6:13:52 AM org.hibernate.cfg.Configuration addResource
INFO: Reading mappings from resource : META-INF/PointsCalculator.hbm.xml
Jul 9, 2008 6:13:52 AM org.hibernate.cfg.Configuration addResource
INFO: Reading mappings from resource : META-INF/ProjectType.hbm.xml
Jul 9, 2008 6:13:52 AM org.hibernate.cfg.Configuration addResource
INFO: Reading mappings from resource : META-INF/TrackContestResultCalculator.hbm.xml
Jul 9, 2008 6:13:52 AM org.hibernate.cfg.Configuration addResource
INFO: Reading mappings from resource : META-INF/Track.hbm.xml
Jul 9, 2008 6:13:52 AM org.hibernate.cfg.Configuration addResource
INFO: Reading mappings from resource : META-INF/TrackContest.hbm.xml
Jul 9, 2008 6:13:52 AM org.hibernate.cfg.Configuration addResource
INFO: Reading mappings from resource : META-INF/DigitalRunPoints.hbm.xml
Jul 9, 2008 6:13:52 AM org.hibernate.cfg.Configuration doConfigure
INFO: Configured SessionFactory: dr_Points
Jul 9, 2008 6:13:52 AM org.hibernate.cfg.HbmBinder bindRootPersistentClassCommonValues
INFO: Mapping class: com.topcoder.service.digitalrun.entity.DigitalRunPointsStatus -> dr_points_status_lu
Jul 9, 2008 6:13:52 AM org.hibernate.cfg.HbmBinder bindRootPersistentClassCommonValues
INFO: Mapping class: com.topcoder.service.digitalrun.entity.DigitalRunPointsOperation -> dr_points_operation_lu
Jul 9, 2008 6:13:52 AM org.hibernate.cfg.HbmBinder bindRootPersistentClassCommonValues
INFO: Mapping class: com.topcoder.service.digitalrun.entity.DigitalRunPointsReferenceType -> dr_points_reference_type_lu
Jul 9, 2008 6:13:52 AM org.hibernate.cfg.HbmBinder bindRootPersistentClassCommonValues
INFO: Mapping class: com.topcoder.service.digitalrun.entity.DigitalRunPointsType -> dr_points_type_lu
Jul 9, 2008 6:13:52 AM org.hibernate.cfg.HbmBinder bindRootPersistentClassCommonValues
INFO: Mapping class: com.topcoder.service.digitalrun.entity.TrackContestType -> track_contest_type_lu
Jul 9, 2008 6:13:52 AM org.hibernate.cfg.HbmBinder bindRootPersistentClassCommonValues
INFO: Mapping class: com.topcoder.service.digitalrun.entity.TrackStatus -> track_status_lu
Jul 9, 2008 6:13:52 AM org.hibernate.cfg.HbmBinder bindRootPersistentClassCommonValues
INFO: Mapping class: com.topcoder.service.digitalrun.entity.TrackType -> track_type_lu
Jul 9, 2008 6:13:52 AM org.hibernate.cfg.HbmBinder bindRootPersistentClassCommonValues
INFO: Mapping class: com.topcoder.service.digitalrun.entity.PointsCalculator -> points_calculator_lu
Jul 9, 2008 6:13:52 AM org.hibernate.cfg.HbmBinder bindRootPersistentClassCommonValues
INFO: Mapping class: com.topcoder.service.digitalrun.entity.ProjectType -> project_type_lu
Jul 9, 2008 6:13:52 AM org.hibernate.cfg.HbmBinder bindRootPersistentClassCommonValues
INFO: Mapping class: com.topcoder.service.digitalrun.entity.TrackContestResultCalculator -> track_contest_result_calculator_lu
Jul 9, 2008 6:13:52 AM org.hibernate.cfg.HbmBinder bindRootPersistentClassCommonValues
INFO: Mapping class: com.topcoder.service.digitalrun.entity.Track -> track
Jul 9, 2008 6:13:52 AM org.hibernate.cfg.HbmBinder bindCollection
INFO: Mapping collection: com.topcoder.service.digitalrun.entity.Track.projectTypes -> track_project_type_xref
Jul 9, 2008 6:13:52 AM org.hibernate.cfg.HbmBinder bindRootPersistentClassCommonValues
INFO: Mapping class: com.topcoder.service.digitalrun.entity.TrackContest -> track_contest
Jul 9, 2008 6:13:52 AM org.hibernate.cfg.HbmBinder bindRootPersistentClassCommonValues
INFO: Mapping class: com.topcoder.service.digitalrun.entity.DigitalRunPoints -> dr_points
Jul 9, 2008 6:13:52 AM org.hibernate.cfg.HbmBinder bindCollectionSecondPass
INFO: Mapping collection: com.topcoder.service.digitalrun.entity.Track.digitalRunPoints -> dr_points
Jul 9, 2008 6:13:52 AM org.hibernate.cfg.HbmBinder bindCollectionSecondPass
INFO: Mapping collection: com.topcoder.service.digitalrun.entity.Track.trackContests -> track_contest
Jul 9, 2008 6:13:52 AM org.hibernate.connection.DriverManagerConnectionProvider configure
INFO: Using Hibernate built-in connection pool (not for production use!)
Jul 9, 2008 6:13:52 AM org.hibernate.connection.DriverManagerConnectionProvider configure
INFO: Hibernate connection pool size: 20
Jul 9, 2008 6:13:52 AM org.hibernate.connection.DriverManagerConnectionProvider configure
INFO: autocommit mode: true
Jul 9, 2008 6:13:52 AM org.hibernate.connection.DriverManagerConnectionProvider configure
INFO: using driver: com.informix.jdbc.IfxDriver at URL: jdbc:informix-sqli://localhost.localdomain:9088/sysmaster:INFORMIXSERVER=demo_on
Jul 9, 2008 6:13:52 AM org.hibernate.connection.DriverManagerConnectionProvider configure
INFO: connection properties: {user=informix, password=****, autocommit=true, release_mode=auto}
Jul 9, 2008 6:13:52 AM org.hibernate.cfg.SettingsFactory buildSettings
INFO: RDBMS: Informix Dynamic Server, version: 11.50.UC1DE
Jul 9, 2008 6:13:52 AM org.hibernate.cfg.SettingsFactory buildSettings
INFO: JDBC driver: IBM Informix JDBC Driver for IBM Informix Dynamic Server, version: 3.50.JC1DE
Jul 9, 2008 6:13:52 AM org.hibernate.dialect.Dialect <init>
INFO: Using dialect: org.hibernate.dialect.InformixDialect
Jul 9, 2008 6:13:52 AM org.hibernate.transaction.TransactionFactoryFactory buildTransactionFactory
INFO: Transaction strategy: org.hibernate.transaction.JDBCTransactionFactory
Jul 9, 2008 6:13:52 AM org.hibernate.transaction.TransactionManagerLookupFactory getTransactionManagerLookup
INFO: No TransactionManagerLookup configured (in JTA environment, use of read-write or transactional second-level cache is not recommended)
Jul 9, 2008 6:13:52 AM org.hibernate.cfg.SettingsFactory buildSettings
INFO: Automatic flush during beforeCompletion(): disabled
Jul 9, 2008 6:13:52 AM org.hibernate.cfg.SettingsFactory buildSettings
INFO: Automatic session close at end of transaction: disabled
Jul 9, 2008 6:13:52 AM org.hibernate.cfg.SettingsFactory buildSettings
INFO: Scrollable result sets: enabled
Jul 9, 2008 6:13:52 AM org.hibernate.cfg.SettingsFactory buildSettings
INFO: JDBC3 getGeneratedKeys(): enabled
Jul 9, 2008 6:13:52 AM org.hibernate.cfg.SettingsFactory buildSettings
INFO: Connection release mode: auto
Jul 9, 2008 6:13:52 AM org.hibernate.cfg.SettingsFactory buildSettings
INFO: Default batch fetch size: 1
Jul 9, 2008 6:13:52 AM org.hibernate.cfg.SettingsFactory buildSettings
INFO: Generate SQL with comments: disabled
Jul 9, 2008 6:13:52 AM org.hibernate.cfg.SettingsFactory buildSettings
INFO: Order SQL updates by primary key: disabled
Jul 9, 2008 6:13:52 AM org.hibernate.cfg.SettingsFactory buildSettings
INFO: Order SQL inserts for batching: disabled
Jul 9, 2008 6:13:52 AM org.hibernate.cfg.SettingsFactory createQueryTranslatorFactory
INFO: Query translator: org.hibernate.hql.ast.ASTQueryTranslatorFactory
Jul 9, 2008 6:13:52 AM org.hibernate.hql.ast.ASTQueryTranslatorFactory <init>
INFO: Using ASTQueryTranslatorFactory
Jul 9, 2008 6:13:52 AM org.hibernate.cfg.SettingsFactory buildSettings
INFO: Query language substitutions: {}
Jul 9, 2008 6:13:52 AM org.hibernate.cfg.SettingsFactory buildSettings
INFO: JPA-QL strict compliance: enabled
Jul 9, 2008 6:13:52 AM org.hibernate.cfg.SettingsFactory buildSettings
INFO: Second-level cache: enabled
Jul 9, 2008 6:13:52 AM org.hibernate.cfg.SettingsFactory buildSettings
INFO: Query cache: disabled
Jul 9, 2008 6:13:52 AM org.hibernate.cfg.SettingsFactory createCacheProvider
INFO: Cache provider: org.hibernate.cache.NoCacheProvider
Jul 9, 2008 6:13:52 AM org.hibernate.cfg.SettingsFactory buildSettings
INFO: Optimize cache for minimal puts: disabled
Jul 9, 2008 6:13:52 AM org.hibernate.cfg.SettingsFactory buildSettings
INFO: Structured second-level cache entries: disabled
Jul 9, 2008 6:13:52 AM org.hibernate.cfg.SettingsFactory buildSettings
INFO: Statistics: disabled
Jul 9, 2008 6:13:52 AM org.hibernate.cfg.SettingsFactory buildSettings
INFO: Deleted entity synthetic identifier rollback: disabled
Jul 9, 2008 6:13:52 AM org.hibernate.cfg.SettingsFactory buildSettings
INFO: Default entity-mode: pojo
Jul 9, 2008 6:13:52 AM org.hibernate.cfg.SettingsFactory buildSettings
INFO: Named query checking : enabled
Jul 9, 2008 6:13:52 AM org.hibernate.impl.SessionFactoryImpl <init>
INFO: building session factory
Jul 9, 2008 6:13:52 AM org.hibernate.impl.SessionFactoryObjectFactory addInstance
INFO: Factory name: dr_Points
Jul 9, 2008 6:13:52 AM org.hibernate.util.NamingHelper getInitialContext
INFO: JNDI InitialContext properties:{}
Jul 9, 2008 6:13:52 AM org.hibernate.impl.SessionFactoryObjectFactory addInstance
WARNING: Could not bind factory to JNDI
javax.naming.NoInitialContextException: Need to specify class name in environment or system property, or as an applet parameter, or in an application resource file:  java.naming.factory.initial
	at javax.naming.spi.NamingManager.getInitialContext(NamingManager.java:645)
	at javax.naming.InitialContext.getDefaultInitCtx(InitialContext.java:247)
	at javax.naming.InitialContext.getURLOrDefaultInitCtx(InitialContext.java:284)
	at javax.naming.InitialContext.getNameParser(InitialContext.java:439)
	at org.hibernate.util.NamingHelper.bind(NamingHelper.java:52)
	at org.hibernate.impl.SessionFactoryObjectFactory.addInstance(SessionFactoryObjectFactory.java:90)
	at org.hibernate.impl.SessionFactoryImpl.<init>(SessionFactoryImpl.java:306)
	at org.hibernate.cfg.Configuration.buildSessionFactory(Configuration.java:1294)
	at org.hibernate.ejb.Ejb3Configuration.buildEntityManagerFactory(Ejb3Configuration.java:713)
	at com.topcoder.service.digitalrun.track.stresstests.JPADigitalRunProjectTypeDAOTests$1.setUp(JPADigitalRunProjectTypeDAOTests.java:62)
	at junit.extensions.TestSetup$1.protect(TestSetup.java:22)
	at junit.framework.TestResult.runProtected(TestResult.java:128)
	at junit.extensions.TestSetup.run(TestSetup.java:27)
	at junit.framework.TestSuite.runTest(TestSuite.java:232)
	at junit.framework.TestSuite.run(TestSuite.java:227)
	at junit.framework.TestSuite.runTest(TestSuite.java:232)
	at junit.framework.TestSuite.run(TestSuite.java:227)
	at org.apache.tools.ant.taskdefs.optional.junit.JUnitTestRunner.run(JUnitTestRunner.java:297)
	at org.apache.tools.ant.taskdefs.optional.junit.JUnitTestRunner.launch(JUnitTestRunner.java:672)
	at org.apache.tools.ant.taskdefs.optional.junit.JUnitTestRunner.main(JUnitTestRunner.java:567)
Jul 9, 2008 6:13:52 AM org.hibernate.util.JDBCExceptionReporter logWarnings
WARNING: SQL Warning: 0, SQLState: 01I01
Jul 9, 2008 6:13:52 AM org.hibernate.util.JDBCExceptionReporter logWarnings
WARNING: Database has transactions
Jul 9, 2008 6:13:52 AM org.hibernate.util.JDBCExceptionReporter logWarnings
WARNING: SQL Warning: 0, SQLState: 01I04
Jul 9, 2008 6:13:52 AM org.hibernate.util.JDBCExceptionReporter logWarnings
WARNING: Database selected
Jul 9, 2008 6:13:53 AM org.hibernate.cfg.Configuration configure
INFO: configuring from resource: hibernate.cfg.xml
Jul 9, 2008 6:13:53 AM org.hibernate.cfg.Configuration getConfigurationInputStream
INFO: Configuration resource: hibernate.cfg.xml
Jul 9, 2008 6:13:53 AM org.hibernate.cfg.Configuration addResource
INFO: Reading mappings from resource : META-INF/DigitalRunPointsStatus.hbm.xml
Jul 9, 2008 6:13:53 AM org.hibernate.cfg.Configuration addResource
INFO: Reading mappings from resource : META-INF/DigitalRunPointsOperation.hbm.xml
Jul 9, 2008 6:13:53 AM org.hibernate.cfg.Configuration addResource
INFO: Reading mappings from resource : META-INF/DigitalRunPointsReferenceType.hbm.xml
Jul 9, 2008 6:13:53 AM org.hibernate.cfg.Configuration addResource
INFO: Reading mappings from resource : META-INF/DigitalRunPointsType.hbm.xml
Jul 9, 2008 6:13:53 AM org.hibernate.cfg.Configuration addResource
INFO: Reading mappings from resource : META-INF/TrackContestType.hbm.xml
Jul 9, 2008 6:13:53 AM org.hibernate.cfg.Configuration addResource
INFO: Reading mappings from resource : META-INF/TrackStatus.hbm.xml
Jul 9, 2008 6:13:53 AM org.hibernate.cfg.Configuration addResource
INFO: Reading mappings from resource : META-INF/TrackType.hbm.xml
Jul 9, 2008 6:13:53 AM org.hibernate.cfg.Configuration addResource
INFO: Reading mappings from resource : META-INF/PointsCalculator.hbm.xml
Jul 9, 2008 6:13:53 AM org.hibernate.cfg.Configuration addResource
INFO: Reading mappings from resource : META-INF/ProjectType.hbm.xml
Jul 9, 2008 6:13:53 AM org.hibernate.cfg.Configuration addResource
INFO: Reading mappings from resource : META-INF/TrackContestResultCalculator.hbm.xml
Jul 9, 2008 6:13:53 AM org.hibernate.cfg.Configuration addResource
INFO: Reading mappings from resource : META-INF/Track.hbm.xml
Jul 9, 2008 6:13:53 AM org.hibernate.cfg.Configuration addResource
INFO: Reading mappings from resource : META-INF/TrackContest.hbm.xml
Jul 9, 2008 6:13:53 AM org.hibernate.cfg.Configuration addResource
INFO: Reading mappings from resource : META-INF/DigitalRunPoints.hbm.xml
Jul 9, 2008 6:13:53 AM org.hibernate.cfg.Configuration doConfigure
INFO: Configured SessionFactory: dr_Points
Jul 9, 2008 6:13:53 AM org.hibernate.cfg.HbmBinder bindRootPersistentClassCommonValues
INFO: Mapping class: com.topcoder.service.digitalrun.entity.DigitalRunPointsStatus -> dr_points_status_lu
Jul 9, 2008 6:13:53 AM org.hibernate.cfg.HbmBinder bindRootPersistentClassCommonValues
INFO: Mapping class: com.topcoder.service.digitalrun.entity.DigitalRunPointsOperation -> dr_points_operation_lu
Jul 9, 2008 6:13:53 AM org.hibernate.cfg.HbmBinder bindRootPersistentClassCommonValues
INFO: Mapping class: com.topcoder.service.digitalrun.entity.DigitalRunPointsReferenceType -> dr_points_reference_type_lu
Jul 9, 2008 6:13:53 AM org.hibernate.cfg.HbmBinder bindRootPersistentClassCommonValues
INFO: Mapping class: com.topcoder.service.digitalrun.entity.DigitalRunPointsType -> dr_points_type_lu
Jul 9, 2008 6:13:53 AM org.hibernate.cfg.HbmBinder bindRootPersistentClassCommonValues
INFO: Mapping class: com.topcoder.service.digitalrun.entity.TrackContestType -> track_contest_type_lu
Jul 9, 2008 6:13:53 AM org.hibernate.cfg.HbmBinder bindRootPersistentClassCommonValues
INFO: Mapping class: com.topcoder.service.digitalrun.entity.TrackStatus -> track_status_lu
Jul 9, 2008 6:13:53 AM org.hibernate.cfg.HbmBinder bindRootPersistentClassCommonValues
INFO: Mapping class: com.topcoder.service.digitalrun.entity.TrackType -> track_type_lu
Jul 9, 2008 6:13:53 AM org.hibernate.cfg.HbmBinder bindRootPersistentClassCommonValues
INFO: Mapping class: com.topcoder.service.digitalrun.entity.PointsCalculator -> points_calculator_lu
Jul 9, 2008 6:13:53 AM org.hibernate.cfg.HbmBinder bindRootPersistentClassCommonValues
INFO: Mapping class: com.topcoder.service.digitalrun.entity.ProjectType -> project_type_lu
Jul 9, 2008 6:13:53 AM org.hibernate.cfg.HbmBinder bindRootPersistentClassCommonValues
INFO: Mapping class: com.topcoder.service.digitalrun.entity.TrackContestResultCalculator -> track_contest_result_calculator_lu
Jul 9, 2008 6:13:53 AM org.hibernate.cfg.HbmBinder bindRootPersistentClassCommonValues
INFO: Mapping class: com.topcoder.service.digitalrun.entity.Track -> track
Jul 9, 2008 6:13:53 AM org.hibernate.cfg.HbmBinder bindCollection
INFO: Mapping collection: com.topcoder.service.digitalrun.entity.Track.projectTypes -> track_project_type_xref
Jul 9, 2008 6:13:53 AM org.hibernate.cfg.HbmBinder bindRootPersistentClassCommonValues
INFO: Mapping class: com.topcoder.service.digitalrun.entity.TrackContest -> track_contest
Jul 9, 2008 6:13:53 AM org.hibernate.cfg.HbmBinder bindRootPersistentClassCommonValues
INFO: Mapping class: com.topcoder.service.digitalrun.entity.DigitalRunPoints -> dr_points
Jul 9, 2008 6:13:53 AM org.hibernate.cfg.HbmBinder bindCollectionSecondPass
INFO: Mapping collection: com.topcoder.service.digitalrun.entity.Track.digitalRunPoints -> dr_points
Jul 9, 2008 6:13:53 AM org.hibernate.cfg.HbmBinder bindCollectionSecondPass
INFO: Mapping collection: com.topcoder.service.digitalrun.entity.Track.trackContests -> track_contest
Jul 9, 2008 6:13:53 AM org.hibernate.connection.DriverManagerConnectionProvider configure
INFO: Using Hibernate built-in connection pool (not for production use!)
Jul 9, 2008 6:13:53 AM org.hibernate.connection.DriverManagerConnectionProvider configure
INFO: Hibernate connection pool size: 20
Jul 9, 2008 6:13:53 AM org.hibernate.connection.DriverManagerConnectionProvider configure
INFO: autocommit mode: true
Jul 9, 2008 6:13:53 AM org.hibernate.connection.DriverManagerConnectionProvider configure
INFO: using driver: com.informix.jdbc.IfxDriver at URL: jdbc:informix-sqli://localhost.localdomain:9088/sysmaster:INFORMIXSERVER=demo_on
Jul 9, 2008 6:13:53 AM org.hibernate.connection.DriverManagerConnectionProvider configure
INFO: connection properties: {user=informix, password=****, autocommit=true, release_mode=auto}
Jul 9, 2008 6:13:53 AM org.hibernate.cfg.SettingsFactory buildSettings
INFO: RDBMS: Informix Dynamic Server, version: 11.50.UC1DE
Jul 9, 2008 6:13:53 AM org.hibernate.cfg.SettingsFactory buildSettings
INFO: JDBC driver: IBM Informix JDBC Driver for IBM Informix Dynamic Server, version: 3.50.JC1DE
Jul 9, 2008 6:13:53 AM org.hibernate.dialect.Dialect <init>
INFO: Using dialect: org.hibernate.dialect.InformixDialect
Jul 9, 2008 6:13:53 AM org.hibernate.transaction.TransactionFactoryFactory buildTransactionFactory
INFO: Transaction strategy: org.hibernate.transaction.JDBCTransactionFactory
Jul 9, 2008 6:13:53 AM org.hibernate.transaction.TransactionManagerLookupFactory getTransactionManagerLookup
INFO: No TransactionManagerLookup configured (in JTA environment, use of read-write or transactional second-level cache is not recommended)
Jul 9, 2008 6:13:53 AM org.hibernate.cfg.SettingsFactory buildSettings
INFO: Automatic flush during beforeCompletion(): disabled
Jul 9, 2008 6:13:53 AM org.hibernate.cfg.SettingsFactory buildSettings
INFO: Automatic session close at end of transaction: disabled
Jul 9, 2008 6:13:53 AM org.hibernate.cfg.SettingsFactory buildSettings
INFO: Scrollable result sets: enabled
Jul 9, 2008 6:13:53 AM org.hibernate.cfg.SettingsFactory buildSettings
INFO: JDBC3 getGeneratedKeys(): enabled
Jul 9, 2008 6:13:53 AM org.hibernate.cfg.SettingsFactory buildSettings
INFO: Connection release mode: auto
Jul 9, 2008 6:13:53 AM org.hibernate.cfg.SettingsFactory buildSettings
INFO: Default batch fetch size: 1
Jul 9, 2008 6:13:53 AM org.hibernate.cfg.SettingsFactory buildSettings
INFO: Generate SQL with comments: disabled
Jul 9, 2008 6:13:53 AM org.hibernate.cfg.SettingsFactory buildSettings
INFO: Order SQL updates by primary key: disabled
Jul 9, 2008 6:13:53 AM org.hibernate.cfg.SettingsFactory buildSettings
INFO: Order SQL inserts for batching: disabled
Jul 9, 2008 6:13:53 AM org.hibernate.cfg.SettingsFactory createQueryTranslatorFactory
INFO: Query translator: org.hibernate.hql.ast.ASTQueryTranslatorFactory
Jul 9, 2008 6:13:53 AM org.hibernate.hql.ast.ASTQueryTranslatorFactory <init>
INFO: Using ASTQueryTranslatorFactory
Jul 9, 2008 6:13:53 AM org.hibernate.cfg.SettingsFactory buildSettings
INFO: Query language substitutions: {}
Jul 9, 2008 6:13:53 AM org.hibernate.cfg.SettingsFactory buildSettings
INFO: JPA-QL strict compliance: enabled
Jul 9, 2008 6:13:53 AM org.hibernate.cfg.SettingsFactory buildSettings
INFO: Second-level cache: enabled
Jul 9, 2008 6:13:53 AM org.hibernate.cfg.SettingsFactory buildSettings
INFO: Query cache: disabled
Jul 9, 2008 6:13:53 AM org.hibernate.cfg.SettingsFactory createCacheProvider
INFO: Cache provider: org.hibernate.cache.NoCacheProvider
Jul 9, 2008 6:13:53 AM org.hibernate.cfg.SettingsFactory buildSettings
INFO: Optimize cache for minimal puts: disabled
Jul 9, 2008 6:13:53 AM org.hibernate.cfg.SettingsFactory buildSettings
INFO: Structured second-level cache entries: disabled
Jul 9, 2008 6:13:53 AM org.hibernate.cfg.SettingsFactory buildSettings
INFO: Statistics: disabled
Jul 9, 2008 6:13:53 AM org.hibernate.cfg.SettingsFactory buildSettings
INFO: Deleted entity synthetic identifier rollback: disabled
Jul 9, 2008 6:13:53 AM org.hibernate.cfg.SettingsFactory buildSettings
INFO: Default entity-mode: pojo
Jul 9, 2008 6:13:53 AM org.hibernate.cfg.SettingsFactory buildSettings
INFO: Named query checking : enabled
Jul 9, 2008 6:13:53 AM org.hibernate.impl.SessionFactoryImpl <init>
INFO: building session factory
Jul 9, 2008 6:13:53 AM org.hibernate.impl.SessionFactoryObjectFactory addInstance
INFO: Factory name: dr_Points
Jul 9, 2008 6:13:53 AM org.hibernate.util.NamingHelper getInitialContext
INFO: JNDI InitialContext properties:{}
Jul 9, 2008 6:13:53 AM org.hibernate.impl.SessionFactoryObjectFactory addInstance
WARNING: Could not bind factory to JNDI
javax.naming.NoInitialContextException: Need to specify class name in environment or system property, or as an applet parameter, or in an application resource file:  java.naming.factory.initial
	at javax.naming.spi.NamingManager.getInitialContext(NamingManager.java:645)
	at javax.naming.InitialContext.getDefaultInitCtx(InitialContext.java:247)
	at javax.naming.InitialContext.getURLOrDefaultInitCtx(InitialContext.java:284)
	at javax.naming.InitialContext.getNameParser(InitialContext.java:439)
	at org.hibernate.util.NamingHelper.bind(NamingHelper.java:52)
	at org.hibernate.impl.SessionFactoryObjectFactory.addInstance(SessionFactoryObjectFactory.java:90)
	at org.hibernate.impl.SessionFactoryImpl.<init>(SessionFactoryImpl.java:306)
	at org.hibernate.cfg.Configuration.buildSessionFactory(Configuration.java:1294)
	at org.hibernate.ejb.Ejb3Configuration.buildEntityManagerFactory(Ejb3Configuration.java:713)
	at com.topcoder.service.digitalrun.track.stresstests.JPADigitalRunTrackTypeDAOTests$1.setUp(JPADigitalRunTrackTypeDAOTests.java:65)
	at junit.extensions.TestSetup$1.protect(TestSetup.java:22)
	at junit.framework.TestResult.runProtected(TestResult.java:128)
	at junit.extensions.TestSetup.run(TestSetup.java:27)
	at junit.framework.TestSuite.runTest(TestSuite.java:232)
	at junit.framework.TestSuite.run(TestSuite.java:227)
	at junit.framework.TestSuite.runTest(TestSuite.java:232)
	at junit.framework.TestSuite.run(TestSuite.java:227)
	at org.apache.tools.ant.taskdefs.optional.junit.JUnitTestRunner.run(JUnitTestRunner.java:297)
	at org.apache.tools.ant.taskdefs.optional.junit.JUnitTestRunner.launch(JUnitTestRunner.java:672)
	at org.apache.tools.ant.taskdefs.optional.junit.JUnitTestRunner.main(JUnitTestRunner.java:567)
Jul 9, 2008 6:13:53 AM org.hibernate.util.JDBCExceptionReporter logWarnings
WARNING: SQL Warning: 0, SQLState: 01I01
Jul 9, 2008 6:13:53 AM org.hibernate.util.JDBCExceptionReporter logWarnings
WARNING: Database has transactions
Jul 9, 2008 6:13:53 AM org.hibernate.util.JDBCExceptionReporter logWarnings
WARNING: SQL Warning: 0, SQLState: 01I04
Jul 9, 2008 6:13:53 AM org.hibernate.util.JDBCExceptionReporter logWarnings
WARNING: Database selected
Jul 9, 2008 6:13:53 AM org.hibernate.cfg.Configuration configure
INFO: configuring from resource: hibernate.cfg.xml
Jul 9, 2008 6:13:53 AM org.hibernate.cfg.Configuration getConfigurationInputStream
INFO: Configuration resource: hibernate.cfg.xml
Jul 9, 2008 6:13:53 AM org.hibernate.cfg.Configuration addResource
INFO: Reading mappings from resource : META-INF/DigitalRunPointsStatus.hbm.xml
Jul 9, 2008 6:13:53 AM org.hibernate.cfg.Configuration addResource
INFO: Reading mappings from resource : META-INF/DigitalRunPointsOperation.hbm.xml
Jul 9, 2008 6:13:53 AM org.hibernate.cfg.Configuration addResource
INFO: Reading mappings from resource : META-INF/DigitalRunPointsReferenceType.hbm.xml
Jul 9, 2008 6:13:53 AM org.hibernate.cfg.Configuration addResource
INFO: Reading mappings from resource : META-INF/DigitalRunPointsType.hbm.xml
Jul 9, 2008 6:13:53 AM org.hibernate.cfg.Configuration addResource
INFO: Reading mappings from resource : META-INF/TrackContestType.hbm.xml
Jul 9, 2008 6:13:53 AM org.hibernate.cfg.Configuration addResource
INFO: Reading mappings from resource : META-INF/TrackStatus.hbm.xml
Jul 9, 2008 6:13:53 AM org.hibernate.cfg.Configuration addResource
INFO: Reading mappings from resource : META-INF/TrackType.hbm.xml
Jul 9, 2008 6:13:53 AM org.hibernate.cfg.Configuration addResource
INFO: Reading mappings from resource : META-INF/PointsCalculator.hbm.xml
Jul 9, 2008 6:13:53 AM org.hibernate.cfg.Configuration addResource
INFO: Reading mappings from resource : META-INF/ProjectType.hbm.xml
Jul 9, 2008 6:13:53 AM org.hibernate.cfg.Configuration addResource
INFO: Reading mappings from resource : META-INF/TrackContestResultCalculator.hbm.xml
Jul 9, 2008 6:13:53 AM org.hibernate.cfg.Configuration addResource
INFO: Reading mappings from resource : META-INF/Track.hbm.xml
Jul 9, 2008 6:13:53 AM org.hibernate.cfg.Configuration addResource
INFO: Reading mappings from resource : META-INF/TrackContest.hbm.xml
Jul 9, 2008 6:13:53 AM org.hibernate.cfg.Configuration addResource
INFO: Reading mappings from resource : META-INF/DigitalRunPoints.hbm.xml
Jul 9, 2008 6:13:53 AM org.hibernate.cfg.Configuration doConfigure
INFO: Configured SessionFactory: dr_Points
Jul 9, 2008 6:13:53 AM org.hibernate.cfg.HbmBinder bindRootPersistentClassCommonValues
INFO: Mapping class: com.topcoder.service.digitalrun.entity.DigitalRunPointsStatus -> dr_points_status_lu
Jul 9, 2008 6:13:53 AM org.hibernate.cfg.HbmBinder bindRootPersistentClassCommonValues
INFO: Mapping class: com.topcoder.service.digitalrun.entity.DigitalRunPointsOperation -> dr_points_operation_lu
Jul 9, 2008 6:13:53 AM org.hibernate.cfg.HbmBinder bindRootPersistentClassCommonValues
INFO: Mapping class: com.topcoder.service.digitalrun.entity.DigitalRunPointsReferenceType -> dr_points_reference_type_lu
Jul 9, 2008 6:13:53 AM org.hibernate.cfg.HbmBinder bindRootPersistentClassCommonValues
INFO: Mapping class: com.topcoder.service.digitalrun.entity.DigitalRunPointsType -> dr_points_type_lu
Jul 9, 2008 6:13:53 AM org.hibernate.cfg.HbmBinder bindRootPersistentClassCommonValues
INFO: Mapping class: com.topcoder.service.digitalrun.entity.TrackContestType -> track_contest_type_lu
Jul 9, 2008 6:13:53 AM org.hibernate.cfg.HbmBinder bindRootPersistentClassCommonValues
INFO: Mapping class: com.topcoder.service.digitalrun.entity.TrackStatus -> track_status_lu
Jul 9, 2008 6:13:53 AM org.hibernate.cfg.HbmBinder bindRootPersistentClassCommonValues
INFO: Mapping class: com.topcoder.service.digitalrun.entity.TrackType -> track_type_lu
Jul 9, 2008 6:13:53 AM org.hibernate.cfg.HbmBinder bindRootPersistentClassCommonValues
INFO: Mapping class: com.topcoder.service.digitalrun.entity.PointsCalculator -> points_calculator_lu
Jul 9, 2008 6:13:53 AM org.hibernate.cfg.HbmBinder bindRootPersistentClassCommonValues
INFO: Mapping class: com.topcoder.service.digitalrun.entity.ProjectType -> project_type_lu
Jul 9, 2008 6:13:53 AM org.hibernate.cfg.HbmBinder bindRootPersistentClassCommonValues
INFO: Mapping class: com.topcoder.service.digitalrun.entity.TrackContestResultCalculator -> track_contest_result_calculator_lu
Jul 9, 2008 6:13:53 AM org.hibernate.cfg.HbmBinder bindRootPersistentClassCommonValues
INFO: Mapping class: com.topcoder.service.digitalrun.entity.Track -> track
Jul 9, 2008 6:13:53 AM org.hibernate.cfg.HbmBinder bindCollection
INFO: Mapping collection: com.topcoder.service.digitalrun.entity.Track.projectTypes -> track_project_type_xref
Jul 9, 2008 6:13:53 AM org.hibernate.cfg.HbmBinder bindRootPersistentClassCommonValues
INFO: Mapping class: com.topcoder.service.digitalrun.entity.TrackContest -> track_contest
Jul 9, 2008 6:13:53 AM org.hibernate.cfg.HbmBinder bindRootPersistentClassCommonValues
INFO: Mapping class: com.topcoder.service.digitalrun.entity.DigitalRunPoints -> dr_points
Jul 9, 2008 6:13:53 AM org.hibernate.cfg.HbmBinder bindCollectionSecondPass
INFO: Mapping collection: com.topcoder.service.digitalrun.entity.Track.digitalRunPoints -> dr_points
Jul 9, 2008 6:13:53 AM org.hibernate.cfg.HbmBinder bindCollectionSecondPass
INFO: Mapping collection: com.topcoder.service.digitalrun.entity.Track.trackContests -> track_contest
Jul 9, 2008 6:13:53 AM org.hibernate.connection.DriverManagerConnectionProvider configure
INFO: Using Hibernate built-in connection pool (not for production use!)
Jul 9, 2008 6:13:53 AM org.hibernate.connection.DriverManagerConnectionProvider configure
INFO: Hibernate connection pool size: 20
Jul 9, 2008 6:13:53 AM org.hibernate.connection.DriverManagerConnectionProvider configure
INFO: autocommit mode: true
Jul 9, 2008 6:13:53 AM org.hibernate.connection.DriverManagerConnectionProvider configure
INFO: using driver: com.informix.jdbc.IfxDriver at URL: jdbc:informix-sqli://localhost.localdomain:9088/sysmaster:INFORMIXSERVER=demo_on
Jul 9, 2008 6:13:53 AM org.hibernate.connection.DriverManagerConnectionProvider configure
INFO: connection properties: {user=informix, password=****, autocommit=true, release_mode=auto}
Jul 9, 2008 6:13:53 AM org.hibernate.cfg.SettingsFactory buildSettings
INFO: RDBMS: Informix Dynamic Server, version: 11.50.UC1DE
Jul 9, 2008 6:13:53 AM org.hibernate.cfg.SettingsFactory buildSettings
INFO: JDBC driver: IBM Informix JDBC Driver for IBM Informix Dynamic Server, version: 3.50.JC1DE
Jul 9, 2008 6:13:53 AM org.hibernate.dialect.Dialect <init>
INFO: Using dialect: org.hibernate.dialect.InformixDialect
Jul 9, 2008 6:13:53 AM org.hibernate.transaction.TransactionFactoryFactory buildTransactionFactory
INFO: Transaction strategy: org.hibernate.transaction.JDBCTransactionFactory
Jul 9, 2008 6:13:53 AM org.hibernate.transaction.TransactionManagerLookupFactory getTransactionManagerLookup
INFO: No TransactionManagerLookup configured (in JTA environment, use of read-write or transactional second-level cache is not recommended)
Jul 9, 2008 6:13:53 AM org.hibernate.cfg.SettingsFactory buildSettings
INFO: Automatic flush during beforeCompletion(): disabled
Jul 9, 2008 6:13:53 AM org.hibernate.cfg.SettingsFactory buildSettings
INFO: Automatic session close at end of transaction: disabled
Jul 9, 2008 6:13:53 AM org.hibernate.cfg.SettingsFactory buildSettings
INFO: Scrollable result sets: enabled
Jul 9, 2008 6:13:53 AM org.hibernate.cfg.SettingsFactory buildSettings
INFO: JDBC3 getGeneratedKeys(): enabled
Jul 9, 2008 6:13:53 AM org.hibernate.cfg.SettingsFactory buildSettings
INFO: Connection release mode: auto
Jul 9, 2008 6:13:53 AM org.hibernate.cfg.SettingsFactory buildSettings
INFO: Default batch fetch size: 1
Jul 9, 2008 6:13:53 AM org.hibernate.cfg.SettingsFactory buildSettings
INFO: Generate SQL with comments: disabled
Jul 9, 2008 6:13:53 AM org.hibernate.cfg.SettingsFactory buildSettings
INFO: Order SQL updates by primary key: disabled
Jul 9, 2008 6:13:53 AM org.hibernate.cfg.SettingsFactory buildSettings
INFO: Order SQL inserts for batching: disabled
Jul 9, 2008 6:13:53 AM org.hibernate.cfg.SettingsFactory createQueryTranslatorFactory
INFO: Query translator: org.hibernate.hql.ast.ASTQueryTranslatorFactory
Jul 9, 2008 6:13:53 AM org.hibernate.hql.ast.ASTQueryTranslatorFactory <init>
INFO: Using ASTQueryTranslatorFactory
Jul 9, 2008 6:13:53 AM org.hibernate.cfg.SettingsFactory buildSettings
INFO: Query language substitutions: {}
Jul 9, 2008 6:13:53 AM org.hibernate.cfg.SettingsFactory buildSettings
INFO: JPA-QL strict compliance: enabled
Jul 9, 2008 6:13:53 AM org.hibernate.cfg.SettingsFactory buildSettings
INFO: Second-level cache: enabled
Jul 9, 2008 6:13:53 AM org.hibernate.cfg.SettingsFactory buildSettings
INFO: Query cache: disabled
Jul 9, 2008 6:13:53 AM org.hibernate.cfg.SettingsFactory createCacheProvider
INFO: Cache provider: org.hibernate.cache.NoCacheProvider
Jul 9, 2008 6:13:53 AM org.hibernate.cfg.SettingsFactory buildSettings
INFO: Optimize cache for minimal puts: disabled
Jul 9, 2008 6:13:53 AM org.hibernate.cfg.SettingsFactory buildSettings
INFO: Structured second-level cache entries: disabled
Jul 9, 2008 6:13:53 AM org.hibernate.cfg.SettingsFactory buildSettings
INFO: Statistics: disabled
Jul 9, 2008 6:13:53 AM org.hibernate.cfg.SettingsFactory buildSettings
INFO: Deleted entity synthetic identifier rollback: disabled
Jul 9, 2008 6:13:53 AM org.hibernate.cfg.SettingsFactory buildSettings
INFO: Default entity-mode: pojo
Jul 9, 2008 6:13:53 AM org.hibernate.cfg.SettingsFactory buildSettings
INFO: Named query checking : enabled
Jul 9, 2008 6:13:53 AM org.hibernate.impl.SessionFactoryImpl <init>
INFO: building session factory
Jul 9, 2008 6:13:54 AM org.hibernate.impl.SessionFactoryObjectFactory addInstance
INFO: Factory name: dr_Points
Jul 9, 2008 6:13:54 AM org.hibernate.util.NamingHelper getInitialContext
INFO: JNDI InitialContext properties:{}
Jul 9, 2008 6:13:54 AM org.hibernate.impl.SessionFactoryObjectFactory addInstance
WARNING: Could not bind factory to JNDI
javax.naming.NoInitialContextException: Need to specify class name in environment or system property, or as an applet parameter, or in an application resource file:  java.naming.factory.initial
	at javax.naming.spi.NamingManager.getInitialContext(NamingManager.java:645)
	at javax.naming.InitialContext.getDefaultInitCtx(InitialContext.java:247)
	at javax.naming.InitialContext.getURLOrDefaultInitCtx(InitialContext.java:284)
	at javax.naming.InitialContext.getNameParser(InitialContext.java:439)
	at org.hibernate.util.NamingHelper.bind(NamingHelper.java:52)
	at org.hibernate.impl.SessionFactoryObjectFactory.addInstance(SessionFactoryObjectFactory.java:90)
	at org.hibernate.impl.SessionFactoryImpl.<init>(SessionFactoryImpl.java:306)
	at org.hibernate.cfg.Configuration.buildSessionFactory(Configuration.java:1294)
	at org.hibernate.ejb.Ejb3Configuration.buildEntityManagerFactory(Ejb3Configuration.java:713)
	at com.topcoder.service.digitalrun.track.stresstests.JPADigitalRunTrackDAOTests$1.setUp(JPADigitalRunTrackDAOTests.java:70)
	at junit.extensions.TestSetup$1.protect(TestSetup.java:22)
	at junit.framework.TestResult.runProtected(TestResult.java:128)
	at junit.extensions.TestSetup.run(TestSetup.java:27)
	at junit.framework.TestSuite.runTest(TestSuite.java:232)
	at junit.framework.TestSuite.run(TestSuite.java:227)
	at junit.framework.TestSuite.runTest(TestSuite.java:232)
	at junit.framework.TestSuite.run(TestSuite.java:227)
	at org.apache.tools.ant.taskdefs.optional.junit.JUnitTestRunner.run(JUnitTestRunner.java:297)
	at org.apache.tools.ant.taskdefs.optional.junit.JUnitTestRunner.launch(JUnitTestRunner.java:672)
	at org.apache.tools.ant.taskdefs.optional.junit.JUnitTestRunner.main(JUnitTestRunner.java:567)
Jul 9, 2008 6:13:54 AM org.hibernate.util.JDBCExceptionReporter logWarnings
WARNING: SQL Warning: 0, SQLState: 01I01
Jul 9, 2008 6:13:54 AM org.hibernate.util.JDBCExceptionReporter logWarnings
WARNING: Database has transactions
Jul 9, 2008 6:13:54 AM org.hibernate.util.JDBCExceptionReporter logWarnings
WARNING: SQL Warning: 0, SQLState: 01I04
Jul 9, 2008 6:13:54 AM org.hibernate.util.JDBCExceptionReporter logWarnings
WARNING: Database selected
]]></system-err>
</testsuite>
