<?xml version="1.0" encoding="UTF-8" ?>
<testsuite errors="0" failures="0" hostname="James-PC" name="com.topcoder.management.review.AllTests" tests="112" time="3.086" timestamp="2010-09-18T14:40:28">
  <properties>
    <property name="java.vendor" value="Sun Microsystems Inc." />
    <property name="package" value="com.topcoder.management.review" />
    <property name="docpackage.jar" value="review_management_docs.jar" />
    <property name="sun.java.launcher" value="SUN_STANDARD" />
    <property name="sun.management.compiler" value="HotSpot Client Compiler" />
    <property name="manifest_file_path" value="build/dist/review_management-1.1.0/META-INF/" />
    <property name="verbose" value="no" />
    <property name="os.name" value="Windows 7" />
    <property name="sun.boot.class.path" value="C:\Program Files\Java\jdk1.6.0_21\jre\lib\resources.jar;C:\Program Files\Java\jdk1.6.0_21\jre\lib\rt.jar;C:\Program Files\Java\jdk1.6.0_21\jre\lib\sunrsasign.jar;C:\Program Files\Java\jdk1.6.0_21\jre\lib\jsse.jar;C:\Program Files\Java\jdk1.6.0_21\jre\lib\jce.jar;C:\Program Files\Java\jdk1.6.0_21\jre\lib\charsets.jar;C:\Program Files\Java\jdk1.6.0_21\jre\classes" />
    <property name="docsdir" value="docs" />
    <property name="javadoc.jar" value="javadocs.jar" />
    <property name="design_submission.jar" value="review_management_1.1.0_design_submission.jar" />
    <property name="sun.desktop" value="windows" />
    <property name="component.tests.jar" value="build/dist/lib/tcs/review_management_tests.jar" />
    <property name="java.vm.specification.vendor" value="Sun Microsystems Inc." />
    <property name="ant.home" value="C:\Users\Public\TCSDevelop\tools\ant\bin\.." />
    <property name="java.runtime.version" value="1.6.0_21-b06" />
    <property name="component_path" value="review_management/1.1.0" />
    <property name="cobertura.dir" value="C:\Users\Public\TCSDevelop\tools/cobertura/1.9.3" />
    <property name="component.version.micro" value="0" />
    <property name="user.name" value="James" />
    <property name="manifest_file" value="build/dist/review_management-1.1.0/META-INF//MANIFEST.MF" />
    <property name="debug" value="off" />
    <property name="reports" value="log/reports" />
    <property name="testfiles" value="test_files" />
    <property name="component.version.major" value="1" />
    <property name="component_version" value="1.1.0" />
    <property name="dist_coverage" value="build/dist/review_management-1.1.0/docs/coverage" />
    <property name="component.packagedir" value="com/topcoder/management/review" />
    <property name="user.language" value="zh" />
    <property name="cobertura.datafile" value="log/cobertura.ser" />
    <property name="javadoc.locale" value="en_US" />
    <property name="sun.boot.library.path" value="C:\Program Files\Java\jdk1.6.0_21\jre\bin" />
    <property name="tcs_libdir" value="C:\Users\Public\TCSDevelop\tools\tcs" />
    <property name="search_builder.jar" value="C:\Users\Public\TCSDevelop\tools\tcs/search_builder/1.4.1/search_builder.jar" />
    <property name="ant.project.default-target" value="dist" />
    <property name="srcdir" value="src" />
    <property name="ant.project.name" value="TopCoder Java Generic Build" />
    <property name="component.bootclasspath" value="C:\Program Files\Java\j2re1.4.2_09\lib\rt.jar" />
    <property name="component.version.minor" value="1" />
    <property name="java.version" value="1.6.0_21" />
    <property name="user.timezone" value="" />
    <property name="dev_dist.jar" value="review_management_1.1.0_dev_dist.jar" />
    <property name="sun.arch.data.model" value="32" />
    <property name="java.endorsed.dirs" value="C:\Program Files\Java\jdk1.6.0_21\jre\lib\endorsed" />
    <property name="sun.cpu.isalist" value="pentium_pro+mmx pentium_pro pentium+mmx pentium i486 i386 i86" />
    <property name="packagedir" value="com/topcoder/management/review" />
    <property name="sun.jnu.encoding" value="GBK" />
    <property name="file.encoding.pkg" value="sun.io" />
    <property name="java_1_4_bootclasspath" value="C:\Program Files\Java\j2re1.4.2_09\lib\rt.jar" />
    <property name="file.separator" value="\" />
    <property name="java.specification.name" value="Java Platform API Specification" />
    <property name="build_docsdir" value="build/docs" />
    <property name="dev_submission.jar" value="review_management_1.1.0_dev_submission.jar" />
    <property name="java.class.version" value="50.0" />
    <property name="build_testclassdir" value="build/testClasses" />
    <property name="user.country" value="CN" />
    <property name="java.home" value="C:\Program Files\Java\jdk1.6.0_21\jre" />
    <property name="component.distfilename" value="review_management" />
    <property name="component.version.build" value="1" />
    <property name="java.vm.info" value="mixed mode, sharing" />
    <property name="ant.file" value="C:\Users\James\workspaceofJave\rm14\build.xml" />
    <property name="java_1_6_bootclasspath" value="C:\Program Files\Java\jdk1.6.0_21\jre\lib\rt.jar" />
    <property name="os.version" value="6.1" />
    <property name="build_distdir" value="build/dist" />
    <property name="dist_docpackage" value="build/doc_package" />
    <property name="build_tcsdistdir" value="build/dist/review_management-1.1.0" />
    <property name="path.separator" value=";" />
    <property name="java.vm.version" value="17.0-b16" />
    <property name="testlogdir" value="log" />
    <property name="user.variant" value="" />
    <property name="ant.library.dir" value="C:\Users\Public\TCSDevelop\tools\ant\lib" />
    <property name="component.name" value="Review management" />
    <property name="ant.file.type.TopCoder Java Generic Build" value="file" />
    <property name="javamain" value="src/java/main" />
    <property name="base_exception.jar" value="C:\Users\Public\TCSDevelop\tools\tcs/base_exception/1.0/base_exception.jar" />
    <property name="dist_lib" value="build/dist/lib/tcs" />
    <property name="dist_javadocs" value="build/dist/review_management-1.1.0/docs/javadocs" />
    <property name="java.awt.printerjob" value="sun.awt.windows.WPrinterJob" />
    <property name="sun.io.unicode.encoding" value="UnicodeLittle" />
    <property name="component" value="Review management" />
    <property name="awt.toolkit" value="sun.awt.windows.WToolkit" />
    <property name="user.home" value="C:\Users\James" />
    <property name="java.specification.vendor" value="Sun Microsystems Inc." />
    <property name="java.vendor.url" value="http://java.sun.com/" />
    <property name="java.library.path" value="C:\Program Files\Java\jdk1.6.0_21\jre\bin;.;C:\Windows\Sun\Java\bin;C:\Windows\system32;C:\Windows;C:\Windows\system32;C:\Windows;C:\Windows\System32\Wbem;C:\Windows\System32\WindowsPowerShell\v1.0\;C:\Program Files\ATI Technologies\ATI.ACE\Core-Static;C:\Users\Public\TCSDevelop\tools\ant\bin;C:\PROGRA~1\ibm\gsk7\bin;C:\PROGRA~1\ibm\gsk7\lib;C:\Program Files\IBM\Informix\Client-SDK\bin;C:\Program Files\ibm\gsk7\bin;C:\Program Files\ibm\gsk7\lib;C:\Program Files\Common Files\Thunder Network\KanKan\Codecs" />
    <property name="build_javadocsdir" value="build/docs/javadocs" />
    <property name="configdir" value="conf" />
    <property name="java.vm.vendor" value="Sun Microsystems Inc." />
    <property name="ant.file.TopCoder Java Generic Build" value="C:\Users\James\workspaceofJave\rm14\build.xml" />
    <property name="java.runtime.name" value="Java(TM) SE Runtime Environment" />
    <property name="ant.version" value="Apache Ant version 1.8.0RC1 compiled on January 5 2010" />
    <property name="java.class.path" value="C:\Users\James\workspaceofJave\rm14\build\testClasses;C:\Users\Public\TCSDevelop\tools\junit\junit-3.8.jar;C:\Users\Public\TCSDevelop\tools\tcs\search_builder\1.4.1\search_builder.jar;C:\Users\Public\TCSDevelop\tools\tcs\configuration_manager\2.1.5\configuration_manager.jar;C:\Users\Public\TCSDevelop\tools\tcs\base_exception\1.0\base_exception.jar;C:\Users\Public\TCSDevelop\tools\tcs\review_data_structure\1.1\review_data_structure.jar;C:\Users\James\workspaceofJave\rm14\build\classes;C:\Users\James\workspaceofJave\rm14\test_files;C:\Users\Public\TCSDevelop\tools\ant\lib\junit.jar;C:\Users\Public\TCSDevelop\tools\ant\lib\ant-launcher.jar;C:\Users\Public\TCSDevelop\tools\ant\lib\ant.jar;C:\Users\Public\TCSDevelop\tools\ant\lib\ant-junit.jar" />
    <property name="configuration_manager.jar" value="C:\Users\Public\TCSDevelop\tools\tcs/configuration_manager/2.1.5/configuration_manager.jar" />
    <property name="review_data_structure.jar" value="C:\Users\Public\TCSDevelop\tools\tcs/review_data_structure/1.1/review_data_structure.jar" />
    <property name="java.vm.specification.name" value="Java Virtual Machine Specification" />
    <property name="ext_libdir" value="C:\Users\Public\TCSDevelop\tools" />
    <property name="builddir" value="build" />
    <property name="ant.file.type" value="file" />
    <property name="java.vm.specification.version" value="1.0" />
    <property name="junit.jar" value="C:\Users\Public\TCSDevelop\tools/junit/junit-3.8.jar" />
    <property name="component.dist.jar" value="build/dist/review_management-1.1.0.jar" />
    <property name="sun.os.patch.level" value="" />
    <property name="sun.cpu.endian" value="little" />
    <property name="component.mainclass" value="" />
    <property name="java.io.tmpdir" value="C:\Users\James\AppData\Local\Temp\" />
    <property name="component.target" value="1.4" />
    <property name="java.vendor.url.bug" value="http://java.sun.com/cgi-bin/bugreport.cgi" />
    <property name="build_targetclassdir" value="build/targetclasses" />
    <property name="javac.encoding" value="UTF-8" />
    <property name="build_classdir" value="build/classes" />
    <property name="javatests" value="src/java/tests" />
    <property name="javadocsdir" value="docs/javadocs" />
    <property name="instrumented.dir" value="build/instrumented" />
    <property name="os.arch" value="x86" />
    <property name="java.awt.graphicsenv" value="sun.awt.Win32GraphicsEnvironment" />
    <property name="test_reflib" value="test_reflib" />
    <property name="java.ext.dirs" value="C:\Program Files\Java\jdk1.6.0_21\jre\lib\ext;C:\Windows\Sun\Java\lib\ext" />
    <property name="java_1_5_bootclasspath" value="C:\Program Files\Java\jre1.5.0_07\lib\rt.jar" />
    <property name="user.dir" value="C:\Users\James\workspaceofJave\rm14" />
    <property name="design_dist.jar" value="review_management_1.1.0_design_dist.jar" />
    <property name="libdir" value="../tcs/lib" />
    <property name="javasrc" value="src/java" />
    <property name="line.separator" value="
" />
    <property name="java.vm.name" value="Java HotSpot(TM) Client VM" />
    <property name="distfilename" value="review_management" />
    <property name="basedir" value="C:\Users\James\workspaceofJave\rm14" />
    <property name="ant.java.version" value="1.6" />
    <property name="ant.core.lib" value="C:\Users\Public\TCSDevelop\tools\ant\lib\ant.jar" />
    <property name="file.encoding" value="GBK" />
    <property name="dist_docs" value="build/dist/review_management-1.1.0/docs" />
    <property name="component.jar" value="build/dist/lib/tcs/review_management/1.1.0/review_management.jar" />
    <property name="java.specification.version" value="1.6" />
    <property name="target_libdir" value="C:\Users\Public\TCSDevelop\tools\tcs" />
    <property name="ant.file.type.Dependency Import" value="file" />
    <property name="ant.project.invoked-targets" value="dev_submission" />
    <property name="component.package" value="com.topcoder.management.review" />
    <property name="ant.file.Dependency Import" value="C:\Users\James\workspaceofJave\rm14\build-dependencies.xml" />
  </properties>
  <testcase classname="com.topcoder.management.review.ReviewManagementExceptionTest" name="testReviewManagementExceptionCtor1_Basic" time="0.0040" />
  <testcase classname="com.topcoder.management.review.ReviewManagementExceptionTest" name="testReviewManagementExceptionCtor1_Detail" time="0.0" />
  <testcase classname="com.topcoder.management.review.ReviewManagementExceptionTest" name="testReviewManagementExceptionCtor2_Error" time="0.0010" />
  <testcase classname="com.topcoder.management.review.ReviewManagementExceptionTest" name="testReviewManagementExceptionCtor2_Exception" time="0.093" />
  <testcase classname="com.topcoder.management.review.ReviewManagementExceptionTest" name="testReviewManagementExceptionUsage_Ctor1" time="0.0" />
  <testcase classname="com.topcoder.management.review.ReviewManagementExceptionTest" name="testReviewManagementExceptionUsage_Ctor2" time="0.0010" />
  <testcase classname="com.topcoder.management.review.ConfigurationExceptionTest" name="testConfigurationExceptionCtor1_Basic" time="0.0" />
  <testcase classname="com.topcoder.management.review.ConfigurationExceptionTest" name="testConfigurationExceptionCtor1_Detail" time="0.0" />
  <testcase classname="com.topcoder.management.review.ConfigurationExceptionTest" name="testConfigurationExceptionCtor2_Error" time="0.0" />
  <testcase classname="com.topcoder.management.review.ConfigurationExceptionTest" name="testConfigurationExceptionCtor2_Exception" time="0.0" />
  <testcase classname="com.topcoder.management.review.ConfigurationExceptionTest" name="testConfigurationExceptionUsage_Ctor1" time="0.092" />
  <testcase classname="com.topcoder.management.review.ConfigurationExceptionTest" name="testConfigurationExceptionUsage_Ctor2" time="0.0" />
  <testcase classname="com.topcoder.management.review.ReviewPersistenceExceptionTest" name="testReviewPersistenceExceptionCtor1_Basic" time="0.0" />
  <testcase classname="com.topcoder.management.review.ReviewPersistenceExceptionTest" name="testReviewPersistenceExceptionCtor1_Detail" time="0.0" />
  <testcase classname="com.topcoder.management.review.ReviewPersistenceExceptionTest" name="testReviewPersistenceExceptionCtor2_Error" time="0.093" />
  <testcase classname="com.topcoder.management.review.ReviewPersistenceExceptionTest" name="testReviewPersistenceExceptionCtor2_Exception" time="0.0" />
  <testcase classname="com.topcoder.management.review.ReviewPersistenceExceptionTest" name="testReviewPersistenceExceptionUsage_Ctor1" time="0.0" />
  <testcase classname="com.topcoder.management.review.ReviewPersistenceExceptionTest" name="testReviewPersistenceExceptionUsage_Ctor2" time="0.0" />
  <testcase classname="com.topcoder.management.review.DuplicateReviewEntityExceptionTest" name="testDuplicateReviewEntityExceptionCtor_Basic" time="0.0010" />
  <testcase classname="com.topcoder.management.review.DuplicateReviewEntityExceptionTest" name="testDuplicateReviewEntityExceptionCtor_Detail" time="0.0010" />
  <testcase classname="com.topcoder.management.review.DuplicateReviewEntityExceptionTest" name="testGetId_Once" time="0.0" />
  <testcase classname="com.topcoder.management.review.DuplicateReviewEntityExceptionTest" name="testGetId_More" time="0.0" />
  <testcase classname="com.topcoder.management.review.DuplicateReviewEntityExceptionTest" name="testDuplicateReviewEntityExceptionUsage" time="0.0010" />
  <testcase classname="com.topcoder.management.review.ReviewEntityNotFoundExceptionTest" name="testGetId_Once" time="0.0" />
  <testcase classname="com.topcoder.management.review.ReviewEntityNotFoundExceptionTest" name="testGetId_More" time="0.0" />
  <testcase classname="com.topcoder.management.review.ReviewEntityNotFoundExceptionTest" name="testReviewEntityNotFoundExceptionCtor_Basic" time="0.0" />
  <testcase classname="com.topcoder.management.review.ReviewEntityNotFoundExceptionTest" name="testReviewEntityNotFoundExceptionCtor_Detail" time="0.0" />
  <testcase classname="com.topcoder.management.review.ReviewEntityNotFoundExceptionTest" name="testReviewEntityNotFoundExceptionUsage" time="0.0" />
  <testcase classname="com.topcoder.management.review.ChainFilterTest" name="testChainFilterCtor_Basic" time="0.012" />
  <testcase classname="com.topcoder.management.review.ChainFilterTest" name="testChainFilterCtor_Detail" time="0.0" />
  <testcase classname="com.topcoder.management.review.ChainFilterTest" name="testChainFilterCtorForException_Null" time="0.0" />
  <testcase classname="com.topcoder.management.review.ChainFilterTest" name="testAnd_TwoFilters" time="0.0030" />
  <testcase classname="com.topcoder.management.review.ChainFilterTest" name="testAnd_MoreFilters" time="0.0" />
  <testcase classname="com.topcoder.management.review.ChainFilterTest" name="testAnd_Immutable" time="0.0020" />
  <testcase classname="com.topcoder.management.review.ChainFilterTest" name="testAndForException_Null" time="0.0010" />
  <testcase classname="com.topcoder.management.review.ChainFilterTest" name="testOr_TwoFilters" time="0.0010" />
  <testcase classname="com.topcoder.management.review.ChainFilterTest" name="testOr_MoreFilters" time="0.043" />
  <testcase classname="com.topcoder.management.review.ChainFilterTest" name="testOr_Immutable" time="0.0" />
  <testcase classname="com.topcoder.management.review.ChainFilterTest" name="testOrForException_Null" time="0.0" />
  <testcase classname="com.topcoder.management.review.ChainFilterTest" name="testNot_Once" time="0.0020" />
  <testcase classname="com.topcoder.management.review.ChainFilterTest" name="testNot_MoreTimes" time="0.0" />
  <testcase classname="com.topcoder.management.review.ChainFilterTest" name="testNot_Immutable" time="0.0010" />
  <testcase classname="com.topcoder.management.review.ChainFilterTest" name="testAllOperations" time="0.0030" />
  <testcase classname="com.topcoder.management.review.ChainFilterTest" name="testGetFilter_Original" time="0.0010" />
  <testcase classname="com.topcoder.management.review.ChainFilterTest" name="testGetFilter_New" time="0.0" />
  <testcase classname="com.topcoder.management.review.DefaultReviewManagerTest" name="testDefaultReviewManagerCtor1_Basic" time="0.085" />
  <testcase classname="com.topcoder.management.review.DefaultReviewManagerTest" name="testDefaultReviewManagerCtor1_Detail" time="0.025" />
  <testcase classname="com.topcoder.management.review.DefaultReviewManagerTest" name="testDefaultReviewManagerCtor1ForException_MissingPersistence" time="0.028" />
  <testcase classname="com.topcoder.management.review.DefaultReviewManagerTest" name="testDefaultReviewManagerCtor1ForException_EmptyPersistence" time="0.044" />
  <testcase classname="com.topcoder.management.review.DefaultReviewManagerTest" name="testDefaultReviewManagerCtor2_Basic" time="0.018" />
  <testcase classname="com.topcoder.management.review.DefaultReviewManagerTest" name="testDefaultReviewManagerCtor2_Detail" time="0.017" />
  <testcase classname="com.topcoder.management.review.DefaultReviewManagerTest" name="testDefaultReviewManagerCtor2_OnlyClass_Detail" time="0.017" />
  <testcase classname="com.topcoder.management.review.DefaultReviewManagerTest" name="testDefaultReviewManagerCtor2ForException_Null" time="0.037" />
  <testcase classname="com.topcoder.management.review.DefaultReviewManagerTest" name="testDefaultReviewManagerCtor2ForException_EmptyString" time="0.017" />
  <testcase classname="com.topcoder.management.review.DefaultReviewManagerTest" name="testDefaultReviewManagerCtor2ForException_MissingPersistence" time="0.017" />
  <testcase classname="com.topcoder.management.review.DefaultReviewManagerTest" name="testDefaultReviewManagerCtor2ForException_MissingClass" time="0.017" />
  <testcase classname="com.topcoder.management.review.DefaultReviewManagerTest" name="testDefaultReviewManagerCtor2ForException_WrongType" time="0.015" />
  <testcase classname="com.topcoder.management.review.DefaultReviewManagerTest" name="testDefaultReviewManagerCtor2ForException_Empty" time="0.015" />
  <testcase classname="com.topcoder.management.review.DefaultReviewManagerTest" name="testDefaultReviewManagerCtor3_Basic" time="0.025" />
  <testcase classname="com.topcoder.management.review.DefaultReviewManagerTest" name="testDefaultReviewManagerCtor3_Detail" time="0.021" />
  <testcase classname="com.topcoder.management.review.DefaultReviewManagerTest" name="testDefaultReviewManagerCtor3ForException_Null" time="0.015" />
  <testcase classname="com.topcoder.management.review.DefaultReviewManagerTest" name="testCreateReview_Simple_Once" time="0.037" />
  <testcase classname="com.topcoder.management.review.DefaultReviewManagerTest" name="testCreateReview_Simple_MoreTimes" time="0.016" />
  <testcase classname="com.topcoder.management.review.DefaultReviewManagerTest" name="testCreateReview_Complex_Once" time="0.015" />
  <testcase classname="com.topcoder.management.review.DefaultReviewManagerTest" name="testCreateReview_Complex_MoreTimes" time="0.013" />
  <testcase classname="com.topcoder.management.review.DefaultReviewManagerTest" name="testCreateReviewForException_NullReview" time="0.028" />
  <testcase classname="com.topcoder.management.review.DefaultReviewManagerTest" name="testCreateReviewForException_NullOperator" time="0.027" />
  <testcase classname="com.topcoder.management.review.DefaultReviewManagerTest" name="testCreateReviewForException_EmptyString" time="0.015" />
  <testcase classname="com.topcoder.management.review.DefaultReviewManagerTest" name="testCreateReviewForException_DuplicateReview" time="0.024" />
  <testcase classname="com.topcoder.management.review.DefaultReviewManagerTest" name="testCreateReviewForException_PersistenceException" time="0.013" />
  <testcase classname="com.topcoder.management.review.DefaultReviewManagerTest" name="testUpdateReview_Simple_Once" time="0.013" />
  <testcase classname="com.topcoder.management.review.DefaultReviewManagerTest" name="testUpdateReview_Simple_MoreTimes" time="0.013" />
  <testcase classname="com.topcoder.management.review.DefaultReviewManagerTest" name="testUpdateReview_Complex_Once" time="0.019" />
  <testcase classname="com.topcoder.management.review.DefaultReviewManagerTest" name="testUpdateReview_Complex_MoreTimes" time="0.017" />
  <testcase classname="com.topcoder.management.review.DefaultReviewManagerTest" name="testUpdateReviewForException_NullReview" time="0.014" />
  <testcase classname="com.topcoder.management.review.DefaultReviewManagerTest" name="testUpdateReviewForException_NullOperator" time="0.047" />
  <testcase classname="com.topcoder.management.review.DefaultReviewManagerTest" name="testUpdateReviewForException_ReviewEntityNotFound" time="0.014" />
  <testcase classname="com.topcoder.management.review.DefaultReviewManagerTest" name="testUpdateReviewForException_PersistenceException" time="0.013" />
  <testcase classname="com.topcoder.management.review.DefaultReviewManagerTest" name="testGetReview_Once" time="0.013" />
  <testcase classname="com.topcoder.management.review.DefaultReviewManagerTest" name="testGetReview_MoreTimes" time="0.027" />
  <testcase classname="com.topcoder.management.review.DefaultReviewManagerTest" name="testGetReviewForException_Negative" time="0.019" />
  <testcase classname="com.topcoder.management.review.DefaultReviewManagerTest" name="testGetReviewForException_ReviewEntityNotFound" time="0.014" />
  <testcase classname="com.topcoder.management.review.DefaultReviewManagerTest" name="testGetReviewForException_PersistenceException" time="0.034" />
  <testcase classname="com.topcoder.management.review.DefaultReviewManagerTest" name="testSearchReviews_SimpleFilter" time="0.012" />
  <testcase classname="com.topcoder.management.review.DefaultReviewManagerTest" name="testSearchReviews_ChainFilter" time="0.012" />
  <testcase classname="com.topcoder.management.review.DefaultReviewManagerTest" name="testSearchReviewsForException_NullFilter" time="0.012" />
  <testcase classname="com.topcoder.management.review.DefaultReviewManagerTest" name="testSearchReviewsForException_PersistenceException" time="0.024" />
  <testcase classname="com.topcoder.management.review.DefaultReviewManagerTest" name="testAddReviewComment_Once" time="0.017" />
  <testcase classname="com.topcoder.management.review.DefaultReviewManagerTest" name="testAddReviewComment_MoreTimes" time="0.016" />
  <testcase classname="com.topcoder.management.review.DefaultReviewManagerTest" name="testAddReviewComment_Complex" time="0.014" />
  <testcase classname="com.topcoder.management.review.DefaultReviewManagerTest" name="testAddReviewCommentForException_Negative" time="0.015" />
  <testcase classname="com.topcoder.management.review.DefaultReviewManagerTest" name="testAddReviewCommentForException_Zero" time="0.012" />
  <testcase classname="com.topcoder.management.review.DefaultReviewManagerTest" name="testAddReviewCommentForException_NullString" time="0.013" />
  <testcase classname="com.topcoder.management.review.DefaultReviewManagerTest" name="testAddReviewCommentForException_EmptyString" time="0.056" />
  <testcase classname="com.topcoder.management.review.DefaultReviewManagerTest" name="testAddReviewCommentForException_NullComment" time="0.013" />
  <testcase classname="com.topcoder.management.review.DefaultReviewManagerTest" name="testAddReviewCommentForException_ReviewEntityNotFound" time="0.013" />
  <testcase classname="com.topcoder.management.review.DefaultReviewManagerTest" name="testAddReviewCommentForException_PersistenceException" time="0.071" />
  <testcase classname="com.topcoder.management.review.DefaultReviewManagerTest" name="testAddItemComment_Once" time="0.029" />
  <testcase classname="com.topcoder.management.review.DefaultReviewManagerTest" name="testAddItemComment_MoreTimes" time="0.025" />
  <testcase classname="com.topcoder.management.review.DefaultReviewManagerTest" name="testAddItemComment_Complex" time="0.013" />
  <testcase classname="com.topcoder.management.review.DefaultReviewManagerTest" name="testAddItemCommentForException_Negative" time="0.027" />
  <testcase classname="com.topcoder.management.review.DefaultReviewManagerTest" name="testAddItemCommentForException_Zero" time="0.012" />
  <testcase classname="com.topcoder.management.review.DefaultReviewManagerTest" name="testAddItemCommentForException_NullString" time="0.012" />
  <testcase classname="com.topcoder.management.review.DefaultReviewManagerTest" name="testAddItemCommentForException_EmptyString" time="0.014" />
  <testcase classname="com.topcoder.management.review.DefaultReviewManagerTest" name="testAddItemCommentForException_NullComment" time="0.027" />
  <testcase classname="com.topcoder.management.review.DefaultReviewManagerTest" name="testAddItemCommentForException_ReviewEntityNotFound" time="0.014" />
  <testcase classname="com.topcoder.management.review.DefaultReviewManagerTest" name="testAddItemCommentForException_PersistenceException" time="0.012" />
  <testcase classname="com.topcoder.management.review.DefaultReviewManagerTest" name="testGetAllCommentTypes" time="0.028" />
  <testcase classname="com.topcoder.management.review.DefaultReviewManagerTest" name="testGetAllCommentTypesForException_PersistenceException" time="0.024" />
  <testcase classname="com.topcoder.management.review.DefaultReviewManagerTest" name="testGetAllEvaluationTypes" time="0.014" />
  <testcase classname="com.topcoder.management.review.DefaultReviewManagerTest" name="testGetAllEvaluationTypesForException_PersistenceException" time="0.029" />
  <testcase classname="com.topcoder.management.review.DemoTest" name="testDemo" time="0.0040" />
  <system-out><![CDATA[]]></system-out>
  <system-err><![CDATA[]]></system-err>
</testsuite>
