<?xml version="1.0" encoding="UTF-8" ?>
<testsuite errors="0" failures="0" name="com.topcoder.registration.validation.AllTests" tests="1175" time="173.734">
  <properties>
    <property name="object_factory.path" value="object_factory/2.0.1"></property>
    <property name="object_formatter.jar.name" value="object_formatter.jar"></property>
    <property name="file.encoding.pkg" value="sun.io"></property>
    <property name="team_services.jar" value="lib/tcs/team_services/1.0/team_services.jar"></property>
    <property name="document_generator.jar" value="lib/tcs/document_generator/2.0/document_generator.jar"></property>
    <property name="dist_testfiles" value="build/dist/registration_validation-1.0/test_files"></property>
    <property name="java.home" value="D:\jdk1.5.0\jre"></property>
    <property name="data_validation.path" value="data_validation/2.0"></property>
    <property name="resource_management.version" value="1.0.1"></property>
    <property name="project_phases.path" value="project_phases/2.0"></property>
    <property name="Mock.version" value="1.0"></property>
    <property name="dist_javadocs" value="build/dist/registration_validation-1.0/docs/javadocs"></property>
    <property name="debug" value="off"></property>
    <property name="project_management.path" value="project_management/1.0"></property>
    <property name="build_distdir" value="build/dist"></property>
    <property name="distfilename" value="registration_validation"></property>
    <property name="component.dist.jar" value="build/dist/registration_validation-1.0.jar"></property>
    <property name="command_line_utility.jar.name" value="command_line_utility.jar"></property>
    <property name="java.endorsed.dirs" value="D:\jdk1.5.0\jre\lib\endorsed"></property>
    <property name="object_factory.jar" value="lib/tcs/object_factory/2.0.1/object_factory.jar"></property>
    <property name="Mock.path" value="Mock/1.0"></property>
    <property name="sun.os.patch.level" value="Service Pack 2"></property>
    <property name="design_dist.jar" value="Registration_Validation_1.0_design_dist.jar"></property>
    <property name="javadocsdir" value="docs/javadocs"></property>
    <property name="java.vendor.url" value="http://java.sun.com/"></property>
    <property name="user_profile_manager.jar.name" value="user_profile_manager.jar"></property>
    <property name="java.version" value="1.5.0_01"></property>
    <property name="resource_management.path" value="resource_management/1.0.1"></property>
    <property name="phase_management.path" value="phase_management/1.0.2"></property>
    <property name="java.vendor.url.bug" value="http://java.sun.com/cgi-bin/bugreport.cgi"></property>
    <property name="team_management.jar" value="lib/tcs/team_management/1.0/team_management.jar"></property>
    <property name="dist_src" value="build/dist/registration_validation-1.0/src"></property>
    <property name="project_phases.version" value="2.0"></property>
    <property name="user_profile_manager.path" value="user_profile_manager/1.0"></property>
    <property name="workdays.jar.name" value="workdays.jar"></property>
    <property name="registration_services.path" value="registration_services/1.0"></property>
    <property name="cobertura.datafile" value="log/cobertura.ser"></property>
    <property name="user.name" value="Administrator"></property>
    <property name="document_generator.path" value="document_generator/2.0"></property>
    <property name="packagedir" value="com/topcoder/registration/validation"></property>
    <property name="sun.io.unicode.encoding" value="UnicodeLittle"></property>
    <property name="component_version" value="1.0"></property>
    <property name="sun.jnu.encoding" value="GBK"></property>
    <property name="java.runtime.name" value="Java(TM) 2 Runtime Environment, Standard Edition"></property>
    <property name="command_line_utility.path" value="command_line_utility/1.0"></property>
    <property name="reports" value="reports"></property>
    <property name="build_webdir" value="build/web"></property>
    <property name="search_builder.path" value="search_builder/1.3.1"></property>
    <property name="component.jar" value="build/dist/lib/tcs/registration_validation/1.0/registration_validation.jar"></property>
    <property name="data_validation.jar.name" value="data_validation.jar"></property>
    <property name="Mock.jar.name" value="Mock.jar"></property>
    <property name="user_profile.jar" value="lib/tcs/user_profile/1.0/user_profile.jar"></property>
    <property name="java.specification.name" value="Java Platform API Specification"></property>
    <property name="javamain" value="src/java/main"></property>
    <property name="build_lib" value="build/lib"></property>
    <property name="user.timezone" value=""></property>
    <property name="path.separator" value=";"></property>
    <property name="srcdir" value="src"></property>
    <property name="command_line_utility.version" value="1.0"></property>
    <property name="file.encoding" value="Cp1252"></property>
    <property name="typesafe_enum.version" value="1.1"></property>
    <property name="project_services.jar" value="lib/tcs/project_services/1.0/project_services.jar"></property>
    <property name="command_line_utility.jar" value="lib/tcs/command_line_utility/1.0/command_line_utility.jar"></property>
    <property name="ant.file" value="E:\Registration_Validation\build.xml"></property>
    <property name="javasrc" value="src/java"></property>
    <property name="search_builder.jar" value="lib/tcs/search_builder/1.3.1/search_builder.jar"></property>
    <property name="instrumented.dir" value="build/instrumented"></property>
    <property name="component.tests.jar" value="build/dist/lib/tcs/registration_validation_tests.jar"></property>
    <property name="java.io.tmpdir" value="C:\DOCUME~1\ADMINI~1\LOCALS~1\Temp\"></property>
    <property name="user.language" value="en"></property>
    <property name="base_exception.path" value="base_exception/1.0"></property>
    <property name="line.separator" value="
"></property>
    <property name="verbose" value="no"></property>
    <property name="jar_ext_libdir" value="lib"></property>
    <property name="project_phases.jar.name" value="project_phases.jar"></property>
    <property name="phase_management.jar" value="lib/tcs/phase_management/1.0.2/phase_management.jar"></property>
    <property name="project_phases.jar" value="lib/tcs/project_phases/2.0/project_phases.jar"></property>
    <property name="document_generator.jar.name" value="document_generator.jar"></property>
    <property name="java.vm.info" value="mixed mode, sharing"></property>
    <property name="component_path" value="registration_validation/1.0"></property>
    <property name="document_generator.version" value="2.0"></property>
    <property name="sun.desktop" value="windows"></property>
    <property name="java.vm.specification.name" value="Java Virtual Machine Specification"></property>
    <property name="builddir" value="build"></property>
    <property name="cobertura.dir" value="lib/cobertura-1.8"></property>
    <property name="team_services.jar.name" value="team_services.jar"></property>
    <property name="dist_conf" value="build/dist/registration_validation-1.0/conf"></property>
    <property name="user_profile_manager.version" value="1.0"></property>
    <property name="registration_services.jar.name" value="registration_services.jar"></property>
    <property name="object_factory.version" value="2.0.1"></property>
    <property name="java.awt.printerjob" value="sun.awt.windows.WPrinterJob"></property>
    <property name="configmanager.path" value="configuration_manager/2.1.5"></property>
    <property name="dist_lib" value="build/dist/lib/tcs"></property>
    <property name="team_services.path" value="team_services/1.0"></property>
    <property name="base_exception.version" value="1.0"></property>
    <property name="configdir" value="conf"></property>
    <property name="build_tcsdistdir" value="build/dist/registration_validation-1.0"></property>
    <property name="ant.version" value="Apache Ant version 1.6.5 compiled on June 2 2005"></property>
    <property name="dist_docs" value="build/dist/registration_validation-1.0/docs"></property>
    <property name="workdays.jar" value="lib/tcs/workdays/1.0/workdays.jar"></property>
    <property name="testlogdir" value="log"></property>
    <property name="project_management.version" value="1.0"></property>
    <property name="team_management.version" value="1.0"></property>
    <property name="os.name" value="Windows XP"></property>
    <property name="java.specification.vendor" value="Sun Microsystems Inc."></property>
    <property name="java.vm.name" value="Java HotSpot(TM) Client VM"></property>
    <property name="configmanager.jar" value="lib/tcs/configuration_manager/2.1.5/configuration_manager.jar"></property>
    <property name="java.library.path" value="D:\jdk1.5.0\jre\bin;.;C:\WINDOWS\system32;C:\WINDOWS;C:\Program Files\PC Connectivity Solution\;d:\IBM\SDP70Shared\AgentController\citrixOCR;C:\Program Files\IBM\GSK5\lib;C:\Program Files\IBM\RPT70\DCI\rpa_prod\tivoli_comp\bin\w32-ix86;d:\IBM\SDP70Shared\AgentController\bin;C:\WINDOWS\system32;C:\WINDOWS;C:\WINDOWS\System32\Wbem;C:\Program Files\Microsoft SQL Server\90\Tools\binn\;C:\Program Files\Microsoft SQL Server\80\Tools\BINN;D:\Ringz Studio\Storm Codec\QTSystem\;C:\Program Files\Rational\common;d:\Informix\bin;d:\jdk1.5.0\bin;D:\apache-ant-1.6.5\bin;D:\nant2003\bin;"></property>
    <property name="docpackage.jar" value="registration_validation_docs.jar"></property>
    <property name="phase_management.jar.name" value="phase_management.jar"></property>
    <property name="logging_wrapper.version" value="2.0"></property>
    <property name="ant.java.version" value="1.5"></property>
    <property name="basedir" value="E:\Registration_Validation"></property>
    <property name="java.class.version" value="49.0"></property>
    <property name="ban_management.jar.name" value="ban_management.jar"></property>
    <property name="base_exception.jar.name" value="base_exception.jar"></property>
    <property name="ant.home" value="D:\apache-ant-1.6.5"></property>
    <property name="logging_wrapper.path" value="logging_wrapper/2.0"></property>
    <property name="project_services.version" value="1.0"></property>
    <property name="component.war" value="${dist_examples}/registration_validation.war"></property>
    <property name="workdays.path" value="workdays/1.0"></property>
    <property name="configmanager.jar.name" value="configuration_manager.jar"></property>
    <property name="net.sourceforge.cobertura.datafile" value="E:\Registration_Validation\log\cobertura.ser"></property>
    <property name="sun.boot.library.path" value="D:\jdk1.5.0\jre\bin"></property>
    <property name="user_profile.path" value="user_profile/1.0"></property>
    <property name="ext_libdir" value="lib"></property>
    <property name="sun.management.compiler" value="HotSpot Client Compiler"></property>
    <property name="java.awt.graphicsenv" value="sun.awt.Win32GraphicsEnvironment"></property>
    <property name="user.variant" value=""></property>
    <property name="jar_tcs_libdir" value="lib/tcs"></property>
    <property name="object_formatter.jar" value="lib/tcs/object_formatter/1.0/object_formatter.jar"></property>
    <property name="build_targetclassdir" value="build/targetclasses"></property>
    <property name="docsdir" value="docs"></property>
    <property name="dev_dist.jar" value="Registration_Validation_1.0_dev_dist.jar"></property>
    <property name="ant.project.name" value="Registration Validation-05-25"></property>
    <property name="java.vm.specification.version" value="1.0"></property>
    <property name="ant.file.Registration Validation-05-25" value="E:\Registration_Validation\build.xml"></property>
    <property name="awt.toolkit" value="sun.awt.windows.WToolkit"></property>
    <property name="webdir" value="web"></property>
    <property name="sun.cpu.isalist" value="pentium_pro+mmx pentium_pro pentium+mmx pentium i486 i386 i86"></property>
    <property name="build_javadocsdir" value="build/docs/javadocs"></property>
    <property name="java.ext.dirs" value="D:\jdk1.5.0\jre\lib\ext"></property>
    <property name="user_profile_manager.jar" value="lib/tcs/user_profile_manager/1.0/user_profile_manager.jar"></property>
    <property name="os.version" value="5.1"></property>
    <property name="ban_management.path" value="ban_management/1.0"></property>
    <property name="javadoc.jar" value="javadocs.jar"></property>
    <property name="user.home" value="C:\Documents and Settings\Administrator"></property>
    <property name="resource_management.jar.name" value="resource_management.jar"></property>
    <property name="build_classdir" value="build/classes"></property>
    <property name="object_factory.jar.name" value="object_factory.jar"></property>
    <property name="java.vm.vendor" value="Sun Microsystems Inc."></property>
    <property name="typesafe_enum.path" value="typesafe_enum/1.1"></property>
    <property name="team_services.version" value="1.0"></property>
    <property name="build_testclassdir" value="build/testClasses"></property>
    <property name="package" value="com.topcoder.registration.validation"></property>
    <property name="workdays.version" value="1.0"></property>
    <property name="base_exception.jar" value="lib/tcs/base_exception/1.0/base_exception.jar"></property>
    <property name="typesafe_enum.jar" value="lib/tcs/typesafe_enum/1.1/typesafe_enum.jar"></property>
    <property name="user.dir" value="E:\Registration_Validation"></property>
    <property name="configmanager.version" value="2.1.5"></property>
    <property name="data_validation.version" value="2.0"></property>
    <property name="data_validation.jar" value="lib/tcs/data_validation/2.0/data_validation.jar"></property>
    <property name="object_formatter.version" value="1.0"></property>
    <property name="ban_management.version" value="1.0"></property>
    <property name="sun.cpu.endian" value="little"></property>
    <property name="registration_services.jar" value="lib/tcs/registration_services/1.0/registration_services.jar"></property>
    <property name="dist_docpackage" value="build/doc_package"></property>
    <property name="search_builder.jar.name" value="search_builder.jar"></property>
    <property name="java.vm.version" value="1.5.0_01-b08"></property>
    <property name="dev_submission.jar" value="Registration_Validation_1.0_dev_submission.jar"></property>
    <property name="java.class.path" value="E:\Registration_Validation\build\instrumented;E:\Registration_Validation\build\testClasses;E:\Registration_Validation\build\classes;E:\Registration_Validation\lib\tcs\configuration_manager\2.1.5\configuration_manager.jar;E:\Registration_Validation\lib\tcs\base_exception\1.0\base_exception.jar;E:\Registration_Validation\lib\tcs\command_line_utility\1.0\command_line_utility.jar;E:\Registration_Validation\lib\tcs\data_validation\2.0\data_validation.jar;E:\Registration_Validation\lib\tcs\document_generator\2.0\document_generator.jar;E:\Registration_Validation\lib\tcs\logging_wrapper\2.0\logging_wrapper.jar;E:\Registration_Validation\lib\tcs\object_factory\2.0.1\object_factory.jar;E:\Registration_Validation\lib\tcs\object_formatter\1.0\object_formatter.jar;E:\Registration_Validation\lib\tcs\phase_management\1.0.2\phase_management.jar;E:\Registration_Validation\lib\tcs\project_management\1.0\project_management.jar;E:\Registration_Validation\lib\tcs\project_phases\2.0\project_phases.jar;E:\Registration_Validation\lib\tcs\typesafe_enum\1.1\typesafe_enum.jar;E:\Registration_Validation\lib\tcs\user_profile\1.0\user_profile.jar;E:\Registration_Validation\lib\tcs\user_profile_manager\1.0\user_profile_manager.jar;E:\Registration_Validation\lib\tcs\resource_management\1.0.1\resource_management.jar;E:\Registration_Validation\lib\tcs\workdays\1.0\workdays.jar;E:\Registration_Validation\lib\tcs\ban_management\1.0\ban_management.jar;E:\Registration_Validation\lib\tcs\team_management\1.0\team_management.jar;E:\Registration_Validation\lib\tcs\team_services\1.0\team_services.jar;E:\Registration_Validation\lib\tcs\registration_services\1.0\registration_services.jar;E:\Registration_Validation\lib\tcs\project_services\1.0\project_services.jar;E:\Registration_Validation\lib\tcs\search_builder\1.3.1\search_builder.jar;E:\Registration_Validation\lib\tcs\Mock\1.0\Mock.jar;E:\Registration_Validation\lib\log4j-1.2.14.jar;E:\Registration_Validation\conf;E:\Registration_Validation\test_files;E:\Registration_Validation\lib\cobertura-1.8\cobertura.jar;E:\Registration_Validation\lib\cobertura-1.8\lib\asm-2.2.1.jar;E:\Registration_Validation\lib\cobertura-1.8\lib\jakarta-oro-2.0.8.jar;E:\Registration_Validation\lib\cobertura-1.8\lib\log4j-1.2.9.jar;E:\Registration_Validation;D:\myclasspath\mysql-connector-java-3.0.14-production-bin.jar;D:\MyClasspath\checkstyle-all-4.1.jar;D:\MyClasspath\junit.jar;D:\MyClasspath\xercesImpl.jar;D:\MyClasspath\xmlParserAPIs.jar;D:\apache-ant-1.6.5\lib\ant-launcher.jar;D:\apache-ant-1.6.5\lib\ant.jar;D:\apache-ant-1.6.5\lib\ant-junit.jar"></property>
    <property name="ant.library.dir" value="D:\apache-ant-1.6.5\lib"></property>
    <property name="os.arch" value="x86"></property>
    <property name="registration_services.version" value="1.0"></property>
    <property name="team_management.jar.name" value="team_management.jar"></property>
    <property name="Mock.jar" value="lib/tcs/Mock/1.0/Mock.jar"></property>
    <property name="search_builder.version" value="1.3.1"></property>
    <property name="logging_wrapper.jar.name" value="logging_wrapper.jar"></property>
    <property name="java.vm.specification.vendor" value="Sun Microsystems Inc."></property>
    <property name="object_formatter.path" value="object_formatter/1.0"></property>
    <property name="file.separator" value="\"></property>
    <property name="user_profile.version" value="1.0"></property>
    <property name="java.runtime.version" value="1.5.0_01-b08"></property>
    <property name="sun.boot.class.path" value="D:\jdk1.5.0\jre\lib\rt.jar;D:\jdk1.5.0\jre\lib\i18n.jar;D:\jdk1.5.0\jre\lib\sunrsasign.jar;D:\jdk1.5.0\jre\lib\jsse.jar;D:\jdk1.5.0\jre\lib\jce.jar;D:\jdk1.5.0\jre\lib\charsets.jar;D:\jdk1.5.0\jre\classes"></property>
    <property name="build_docsdir" value="build/docs"></property>
    <property name="project_services.path" value="project_services/1.0"></property>
    <property name="design_submission.jar" value="Registration_Validation_1.0_design_submission.jar"></property>
    <property name="project_management.jar" value="lib/tcs/project_management/1.0/project_management.jar"></property>
    <property name="log4j-1.2.14.jar" value="lib/log4j-1.2.14.jar"></property>
    <property name="user.country" value="US"></property>
    <property name="tcs_libdir" value="lib/tcs"></property>
    <property name="component" value="Registration_Validation"></property>
    <property name="resource_management.jar" value="lib/tcs/resource_management/1.0.1/resource_management.jar"></property>
    <property name="ban_management.jar" value="lib/tcs/ban_management/1.0/ban_management.jar"></property>
    <property name="project_management.jar.name" value="project_management.jar"></property>
    <property name="logging_wrapper.jar" value="lib/tcs/logging_wrapper/2.0/logging_wrapper.jar"></property>
    <property name="typesafe_enum.jar.name" value="typesafe_enum.jar"></property>
    <property name="team_management.path" value="team_management/1.0"></property>
    <property name="java_1_3_bootclasspath" value="c:\program files\JavaSoft\JRE\1.3.1\lib\rt.jar"></property>
    <property name="java.vendor" value="Sun Microsystems Inc."></property>
    <property name="project_services.jar.name" value="project_services.jar"></property>
    <property name="phase_management.version" value="1.0.2"></property>
    <property name="user_profile.jar.name" value="user_profile.jar"></property>
    <property name="java.specification.version" value="1.5"></property>
    <property name="testfiles" value="test_files"></property>
    <property name="javatests" value="src/java/tests"></property>
    <property name="sun.arch.data.model" value="32"></property>
  </properties>
  <testcase classname="com.topcoder.registration.validation.DataValidationRegistrationValidatorTest" name="testCtor1" time="0.578"></testcase>
  <testcase classname="com.topcoder.registration.validation.DataValidationRegistrationValidatorTest" name="testCtor2" time="0.25"></testcase>
  <testcase classname="com.topcoder.registration.validation.DataValidationRegistrationValidatorTest" name="testCtor2_NullNamespace" time="0.219"></testcase>
  <testcase classname="com.topcoder.registration.validation.DataValidationRegistrationValidatorTest" name="testCtor2_EmptyNamespace" time="0.219"></testcase>
  <testcase classname="com.topcoder.registration.validation.DataValidationRegistrationValidatorTest" name="testCtor2_TrimmedEmptyNamespace" time="0.234"></testcase>
  <testcase classname="com.topcoder.registration.validation.DataValidationRegistrationValidatorTest" name="testCtor2_UnknownNamespace" time="0.203"></testcase>
  <testcase classname="com.topcoder.registration.validation.DataValidationRegistrationValidatorTest" name="testCtor2_BadObjectFactorySpecify" time="0.219"></testcase>
  <testcase classname="com.topcoder.registration.validation.DataValidationRegistrationValidatorTest" name="testCtor2_UnknownObjectFactorySpecify" time="0.203"></testcase>
  <testcase classname="com.topcoder.registration.validation.DataValidationRegistrationValidatorTest" name="testCtor2_MissingValidator" time="0.203"></testcase>
  <testcase classname="com.topcoder.registration.validation.DataValidationRegistrationValidatorTest" name="testCtor2_InvalidValidator" time="0.219"></testcase>
  <testcase classname="com.topcoder.registration.validation.DataValidationRegistrationValidatorTest" name="testCtor2_MissingBanManager" time="0.219"></testcase>
  <testcase classname="com.topcoder.registration.validation.DataValidationRegistrationValidatorTest" name="testCtor2_InvalidBanManager" time="0.203"></testcase>
  <testcase classname="com.topcoder.registration.validation.DataValidationRegistrationValidatorTest" name="testCtor2_MissingProjectServices" time="0.203"></testcase>
  <testcase classname="com.topcoder.registration.validation.DataValidationRegistrationValidatorTest" name="testCtor2_InvalidProjectServices" time="0.203"></testcase>
  <testcase classname="com.topcoder.registration.validation.DataValidationRegistrationValidatorTest" name="testCtor2_MissingTeamManager" time="0.188"></testcase>
  <testcase classname="com.topcoder.registration.validation.DataValidationRegistrationValidatorTest" name="testCtor2_InvalidteamManager" time="0.203"></testcase>
  <testcase classname="com.topcoder.registration.validation.DataValidationRegistrationValidatorTest" name="testCtor2_NoLoggerName" time="0.265"></testcase>
  <testcase classname="com.topcoder.registration.validation.DataValidationRegistrationValidatorTest" name="testCtor2_InvalidLoggerName" time="0.282"></testcase>
  <testcase classname="com.topcoder.registration.validation.DataValidationRegistrationValidatorTest" name="testCtor3" time="0.187"></testcase>
  <testcase classname="com.topcoder.registration.validation.DataValidationRegistrationValidatorTest" name="testCtor3_NullLogger" time="0.203"></testcase>
  <testcase classname="com.topcoder.registration.validation.DataValidationRegistrationValidatorTest" name="testCtor3_NullTeamManager" time="0.203"></testcase>
  <testcase classname="com.topcoder.registration.validation.DataValidationRegistrationValidatorTest" name="testCtor3_NullProjectServices" time="0.204"></testcase>
  <testcase classname="com.topcoder.registration.validation.DataValidationRegistrationValidatorTest" name="testCtor3_NullBanManager" time="0.171"></testcase>
  <testcase classname="com.topcoder.registration.validation.DataValidationRegistrationValidatorTest" name="testCtor3_NullValidator" time="0.204"></testcase>
  <testcase classname="com.topcoder.registration.validation.DataValidationRegistrationValidatorTest" name="testGetBanManager" time="0.187"></testcase>
  <testcase classname="com.topcoder.registration.validation.DataValidationRegistrationValidatorTest" name="testGetLog" time="0.25"></testcase>
  <testcase classname="com.topcoder.registration.validation.DataValidationRegistrationValidatorTest" name="testGetLog_NullLogger" time="0.188"></testcase>
  <testcase classname="com.topcoder.registration.validation.DataValidationRegistrationValidatorTest" name="testGetProjectServices" time="0.203"></testcase>
  <testcase classname="com.topcoder.registration.validation.DataValidationRegistrationValidatorTest" name="testGetTeamManager" time="0.187"></testcase>
  <testcase classname="com.topcoder.registration.validation.DataValidationRegistrationValidatorTest" name="testGetValidator" time="0.172"></testcase>
  <testcase classname="com.topcoder.registration.validation.DataValidationRegistrationValidatorTest" name="testValid_True" time="0.25"></testcase>
  <testcase classname="com.topcoder.registration.validation.DataValidationRegistrationValidatorTest" name="testValid_False" time="0.672"></testcase>
  <testcase classname="com.topcoder.registration.validation.DataValidationRegistrationValidatorTest" name="testValid_NullRegistration" time="0.219"></testcase>
  <testcase classname="com.topcoder.registration.validation.DataValidationRegistrationValidatorTest" name="testValid_NullExternalUser" time="0.218"></testcase>
  <testcase classname="com.topcoder.registration.validation.ValidationInfoTest" name="testCtor1" time="0.0"></testcase>
  <testcase classname="com.topcoder.registration.validation.ValidationInfoTest" name="testCtor2" time="0.0"></testcase>
  <testcase classname="com.topcoder.registration.validation.ValidationInfoTest" name="testInheritance1" time="0.0"></testcase>
  <testcase classname="com.topcoder.registration.validation.ValidationInfoTest" name="testInheritance2" time="0.0"></testcase>
  <testcase classname="com.topcoder.registration.validation.ValidationInfoTest" name="testCtor2_NullRegistration" time="0.0"></testcase>
  <testcase classname="com.topcoder.registration.validation.ValidationInfoTest" name="testCtor2_NullUser" time="0.016"></testcase>
  <testcase classname="com.topcoder.registration.validation.ValidationInfoTest" name="testCtor2_NullProject" time="0.0"></testcase>
  <testcase classname="com.topcoder.registration.validation.ValidationInfoTest" name="testGetRegistration" time="0.0"></testcase>
  <testcase classname="com.topcoder.registration.validation.ValidationInfoTest" name="testGetUser" time="0.0"></testcase>
  <testcase classname="com.topcoder.registration.validation.ValidationInfoTest" name="testGetProject" time="0.0"></testcase>
  <testcase classname="com.topcoder.registration.validation.ValidationInfoTest" name="testSetRegistration" time="0.0"></testcase>
  <testcase classname="com.topcoder.registration.validation.ValidationInfoTest" name="testSetUser" time="0.0"></testcase>
  <testcase classname="com.topcoder.registration.validation.ValidationInfoTest" name="testSetProject" time="0.016"></testcase>
  <testcase classname="com.topcoder.registration.validation.ValidationInfoTest" name="testSetRegistration_Null" time="0.0"></testcase>
  <testcase classname="com.topcoder.registration.validation.ValidationInfoTest" name="testSetProject_Null" time="0.0"></testcase>
  <testcase classname="com.topcoder.registration.validation.ValidationInfoTest" name="testSetUser_Null" time="0.0"></testcase>
  <testcase classname="com.topcoder.registration.validation.OperationResultImplTest" name="testCtor1" time="0.0"></testcase>
  <testcase classname="com.topcoder.registration.validation.OperationResultImplTest" name="testCtor2" time="0.0"></testcase>
  <testcase classname="com.topcoder.registration.validation.OperationResultImplTest" name="testInheritance1" time="0.0"></testcase>
  <testcase classname="com.topcoder.registration.validation.OperationResultImplTest" name="testInheritance2" time="0.0"></testcase>
  <testcase classname="com.topcoder.registration.validation.OperationResultImplTest" name="testCtor2_NullErrors_True" time="0.0"></testcase>
  <testcase classname="com.topcoder.registration.validation.OperationResultImplTest" name="testCtor2_EmptyErrors_True" time="0.0"></testcase>
  <testcase classname="com.topcoder.registration.validation.OperationResultImplTest" name="testCtor2_NullErrors_False" time="0.0"></testcase>
  <testcase classname="com.topcoder.registration.validation.OperationResultImplTest" name="testCtor2_EmptyErrors_False" time="0.0"></testcase>
  <testcase classname="com.topcoder.registration.validation.OperationResultImplTest" name="testCtor2_NullElements_True" time="0.0"></testcase>
  <testcase classname="com.topcoder.registration.validation.OperationResultImplTest" name="testCtor2_EmptyElements_True" time="0.0"></testcase>
  <testcase classname="com.topcoder.registration.validation.OperationResultImplTest" name="testCtor2_TrimmeEmptyElements_True" time="0.0"></testcase>
  <testcase classname="com.topcoder.registration.validation.OperationResultImplTest" name="testCtor2_NonEmptyErrors_True" time="0.0"></testcase>
  <testcase classname="com.topcoder.registration.validation.OperationResultImplTest" name="testCtor2_NullElements_False" time="0.0"></testcase>
  <testcase classname="com.topcoder.registration.validation.OperationResultImplTest" name="testCtor2_EmptyElements_False" time="0.0"></testcase>
  <testcase classname="com.topcoder.registration.validation.OperationResultImplTest" name="testCtor2_TrimmeEmptyElements_False" time="0.0"></testcase>
  <testcase classname="com.topcoder.registration.validation.OperationResultImplTest" name="testSetErrors_EmptyErrors_True" time="0.0"></testcase>
  <testcase classname="com.topcoder.registration.validation.OperationResultImplTest" name="testSetErrors_NullErrors_True" time="0.0"></testcase>
  <testcase classname="com.topcoder.registration.validation.OperationResultImplTest" name="testSetErrors_NullErrors_False" time="0.0"></testcase>
  <testcase classname="com.topcoder.registration.validation.OperationResultImplTest" name="testSetErrors_EmptyErrors_False" time="0.0"></testcase>
  <testcase classname="com.topcoder.registration.validation.OperationResultImplTest" name="testSetErrors_NullElements_False" time="0.0"></testcase>
  <testcase classname="com.topcoder.registration.validation.OperationResultImplTest" name="testSetErrors_EmptyElements_False" time="0.0"></testcase>
  <testcase classname="com.topcoder.registration.validation.OperationResultImplTest" name="testSetErrors_NullElements_True" time="0.0"></testcase>
  <testcase classname="com.topcoder.registration.validation.OperationResultImplTest" name="testSetErrors_EmptyElements_True" time="0.0"></testcase>
  <testcase classname="com.topcoder.registration.validation.OperationResultImplTest" name="testSetErrors_TrimmedEmptyElements_True" time="0.0"></testcase>
  <testcase classname="com.topcoder.registration.validation.OperationResultImplTest" name="testSetErrors_NonEmptyErrors_True" time="0.0"></testcase>
  <testcase classname="com.topcoder.registration.validation.OperationResultImplTest" name="testSetErrors_TrimmedEmptyElements_False" time="0.0"></testcase>
  <testcase classname="com.topcoder.registration.validation.OperationResultImplTest" name="testGetErrors" time="0.0"></testcase>
  <testcase classname="com.topcoder.registration.validation.OperationResultImplTest" name="testIsSuccessful" time="0.0"></testcase>
  <testcase classname="com.topcoder.registration.validation.OperationResultImplTest" name="testSetSuccessful_NonEmptyErrors_True" time="0.0"></testcase>
  <testcase classname="com.topcoder.registration.validation.OperationResultImplTest" name="testSetSuccessful_NonEmptyErrors_False" time="0.0"></testcase>
  <testcase classname="com.topcoder.registration.validation.OperationResultImplTest" name="testSetSuccessful_EmptyErrors_True" time="0.0"></testcase>
  <testcase classname="com.topcoder.registration.validation.OperationResultImplTest" name="testSetSuccessful_EmptyErrors_False" time="0.0"></testcase>
  <testcase classname="com.topcoder.registration.validation.AbstractConfigurableValidatorTest" name="testCtor1" time="0.157"></testcase>
  <testcase classname="com.topcoder.registration.validation.AbstractConfigurableValidatorTest" name="testCtor2" time="0.156"></testcase>
  <testcase classname="com.topcoder.registration.validation.AbstractConfigurableValidatorTest" name="testValid_True" time="0.109"></testcase>
  <testcase classname="com.topcoder.registration.validation.AbstractConfigurableValidatorTest" name="testValid_False" time="0.156"></testcase>
  <testcase classname="com.topcoder.registration.validation.AbstractConfigurableValidatorTest" name="testInheritance1" time="0.094"></testcase>
  <testcase classname="com.topcoder.registration.validation.AbstractConfigurableValidatorTest" name="testInheritance2" time="0.156"></testcase>
  <testcase classname="com.topcoder.registration.validation.AbstractConfigurableValidatorTest" name="testCtor1_NullBundleInfo" time="0.094"></testcase>
  <testcase classname="com.topcoder.registration.validation.AbstractConfigurableValidatorTest" name="testCtor1_NullLocale" time="0.156"></testcase>
  <testcase classname="com.topcoder.registration.validation.AbstractConfigurableValidatorTest" name="testCtor1_NullDefaultMessage" time="0.094"></testcase>
  <testcase classname="com.topcoder.registration.validation.AbstractConfigurableValidatorTest" name="testCtor2_NullMessageKey" time="0.156"></testcase>
  <testcase classname="com.topcoder.registration.validation.AbstractConfigurableValidatorTest" name="testCtor2_EmptyMessageKey" time="0.094"></testcase>
  <testcase classname="com.topcoder.registration.validation.AbstractConfigurableValidatorTest" name="testCtor2_TrimmedEmptyMessageKey" time="0.156"></testcase>
  <testcase classname="com.topcoder.registration.validation.AbstractConfigurableValidatorTest" name="testGetMessage_True" time="0.094"></testcase>
  <testcase classname="com.topcoder.registration.validation.AbstractConfigurableValidatorTest" name="testGetMessage_False" time="0.156"></testcase>
  <testcase classname="com.topcoder.registration.validation.AbstractConfigurableValidatorTest" name="testGetMessage_False_EmptyMessage" time="0.11"></testcase>
  <testcase classname="com.topcoder.registration.validation.AbstractConfigurableValidatorTest" name="testGetMessage_Null" time="0.14"></testcase>
  <testcase classname="com.topcoder.registration.validation.AbstractConfigurableValidatorTest" name="testGetMessage_NotValidationInfo" time="0.078"></testcase>
  <testcase classname="com.topcoder.registration.validation.AbstractConfigurableValidatorTest" name="testGetMessages_True" time="0.172"></testcase>
  <testcase classname="com.topcoder.registration.validation.AbstractConfigurableValidatorTest" name="testGetMessages_False" time="0.094"></testcase>
  <testcase classname="com.topcoder.registration.validation.AbstractConfigurableValidatorTest" name="testGetMessages_False_EmptyMessage" time="0.156"></testcase>
  <testcase classname="com.topcoder.registration.validation.AbstractConfigurableValidatorTest" name="testGetMessages_Null" time="0.109"></testcase>
  <testcase classname="com.topcoder.registration.validation.AbstractConfigurableValidatorTest" name="testGetMessages_NotValidationInfo" time="0.157"></testcase>
  <testcase classname="com.topcoder.registration.validation.AbstractConfigurableValidatorTest" name="testGetAllMessages_True" time="0.109"></testcase>
  <testcase classname="com.topcoder.registration.validation.AbstractConfigurableValidatorTest" name="testGetAllMessages_False" time="0.156"></testcase>
  <testcase classname="com.topcoder.registration.validation.AbstractConfigurableValidatorTest" name="testGetAllMessages_False_EmptyMessage" time="0.094"></testcase>
  <testcase classname="com.topcoder.registration.validation.AbstractConfigurableValidatorTest" name="testGetAllMessages_Null" time="0.156"></testcase>
  <testcase classname="com.topcoder.registration.validation.AbstractConfigurableValidatorTest" name="testGetAllMessages_NotValidationInfo" time="0.094"></testcase>
  <testcase classname="com.topcoder.registration.validation.AbstractConfigurableValidatorTest" name="testGetAllMessages_Limit_True" time="0.156"></testcase>
  <testcase classname="com.topcoder.registration.validation.AbstractConfigurableValidatorTest" name="testGetAllMessages_Limit_False" time="0.203"></testcase>
  <testcase classname="com.topcoder.registration.validation.AbstractConfigurableValidatorTest" name="testGetAllMessages_Limit_NegativeLimit_True" time="0.188"></testcase>
  <testcase classname="com.topcoder.registration.validation.AbstractConfigurableValidatorTest" name="testGetAllMessages_Limit_NegativeLimit_False" time="0.141"></testcase>
  <testcase classname="com.topcoder.registration.validation.AbstractConfigurableValidatorTest" name="testGetAllMessages_Limit_Null" time="0.156"></testcase>
  <testcase classname="com.topcoder.registration.validation.AbstractConfigurableValidatorTest" name="testGetAllMessages_Limit_NotValidationInfo" time="0.109"></testcase>
  <testcase classname="com.topcoder.registration.validation.AbstractConfigurableValidatorTest" name="testValid_False_EmptyMessage" time="0.156"></testcase>
  <testcase classname="com.topcoder.registration.validation.AbstractConfigurableValidatorTest" name="testValid_Null" time="0.11"></testcase>
  <testcase classname="com.topcoder.registration.validation.AbstractConfigurableValidatorTest" name="testValid_NotValidationInfo" time="0.156"></testcase>
  <testcase classname="com.topcoder.registration.validation.AbstractConfigurableValidatorTest" name="testSetRegistrationValidator_Null" time="0.156"></testcase>
  <testcase classname="com.topcoder.registration.validation.AbstractConfigurableValidatorTest" name="testSetRegistrationValidator" time="0.11"></testcase>
  <testcase classname="com.topcoder.registration.validation.AbstractConfigurableValidatorTest" name="testGetRegistrationValidator" time="0.156"></testcase>
  <testcase classname="com.topcoder.registration.validation.RegistrationValidationHelperTest" name="testValidateNotNull_NotNullObject" time="0.437"></testcase>
  <testcase classname="com.topcoder.registration.validation.RegistrationValidationHelperTest" name="testValidateNotNull_NullObject" time="0.313"></testcase>
  <testcase classname="com.topcoder.registration.validation.RegistrationValidationHelperTest" name="testValidateStringNotNullOrEmpty" time="0.328"></testcase>
  <testcase classname="com.topcoder.registration.validation.RegistrationValidationHelperTest" name="testValidateStringNotNullOrEmpty_Null" time="0.281"></testcase>
  <testcase classname="com.topcoder.registration.validation.RegistrationValidationHelperTest" name="testValidateStringNotNullOrEmpty_Empty" time="0.344"></testcase>
  <testcase classname="com.topcoder.registration.validation.RegistrationValidationHelperTest" name="testValidateStringNotNullOrEmpty_TrimmedEmpty" time="0.281"></testcase>
  <testcase classname="com.topcoder.registration.validation.RegistrationValidationHelperTest" name="testCreateBundleInfo" time="0.344"></testcase>
  <testcase classname="com.topcoder.registration.validation.RegistrationValidationHelperTest" name="testCreateBundleInfo_NonBundleLocaleLanguage" time="0.375"></testcase>
  <testcase classname="com.topcoder.registration.validation.RegistrationValidationHelperTest" name="testCreateBundleInfo_NonBundleLocaleCountry" time="0.375"></testcase>
  <testcase classname="com.topcoder.registration.validation.RegistrationValidationHelperTest" name="testCreateBundleInfo_NonBundleLocaleVariant" time="0.375"></testcase>
  <testcase classname="com.topcoder.registration.validation.RegistrationValidationHelperTest" name="testCreateBundleInfo_UnknownNamespace" time="0.359"></testcase>
  <testcase classname="com.topcoder.registration.validation.RegistrationValidationHelperTest" name="testCreateBundleInfo_MissingBundleName" time="0.36"></testcase>
  <testcase classname="com.topcoder.registration.validation.RegistrationValidationHelperTest" name="testCreateBundleInfo_MissingBundleNameAndDefaultMessage" time="0.375"></testcase>
  <testcase classname="com.topcoder.registration.validation.RegistrationValidationHelperTest" name="testCreateBundleInfo_EmptyBundleName" time="0.375"></testcase>
  <testcase classname="com.topcoder.registration.validation.RegistrationValidationHelperTest" name="testCreateBundleInfo_MissingMessageKey" time="0.359"></testcase>
  <testcase classname="com.topcoder.registration.validation.RegistrationValidationHelperTest" name="testCreateBundleInfo_MissingDefaultMessage" time="0.375"></testcase>
  <testcase classname="com.topcoder.registration.validation.RegistrationValidationHelperTest" name="testAppendInnerDataValue" time="0.266"></testcase>
  <testcase classname="com.topcoder.registration.validation.RegistrationValidationHelperTest" name="testAppendInnerDataValue_NullValue" time="0.328"></testcase>
  <testcase classname="com.topcoder.registration.validation.RegistrationValidationHelperTest" name="testBuildStandInfo" time="0.281"></testcase>
  <testcase classname="com.topcoder.registration.validation.RegistrationValidationHelperTest" name="testGetBoolean" time="0.344"></testcase>
  <testcase classname="com.topcoder.registration.validation.RegistrationValidationHelperTest" name="testGetBoolean_Missing" time="0.266"></testcase>
  <testcase classname="com.topcoder.registration.validation.RegistrationValidationHelperTest" name="testGetBoolean_Invalid" time="0.343"></testcase>
  <testcase classname="com.topcoder.registration.validation.RegistrationValidationHelperTest" name="testGetDouble" time="0.266"></testcase>
  <testcase classname="com.topcoder.registration.validation.RegistrationValidationHelperTest" name="testGetDouble_Missing" time="0.344"></testcase>
  <testcase classname="com.topcoder.registration.validation.RegistrationValidationHelperTest" name="testGetDouble_Invalid" time="0.265"></testcase>
  <testcase classname="com.topcoder.registration.validation.RegistrationValidationHelperTest" name="testGetDouble_Negative" time="0.344"></testcase>
  <testcase classname="com.topcoder.registration.validation.RegistrationValidationHelperTest" name="testGetLong" time="0.359"></testcase>
  <testcase classname="com.topcoder.registration.validation.RegistrationValidationHelperTest" name="testGetLong_Missing" time="0.282"></testcase>
  <testcase classname="com.topcoder.registration.validation.RegistrationValidationHelperTest" name="testGetLong_Invalid" time="0.343"></testcase>
  <testcase classname="com.topcoder.registration.validation.RegistrationValidationHelperTest" name="testGetLong_Negative" time="0.36"></testcase>
  <testcase classname="com.topcoder.registration.validation.RegistrationValidationHelperTest" name="testGetInteger" time="0.281"></testcase>
  <testcase classname="com.topcoder.registration.validation.RegistrationValidationHelperTest" name="testGetInteger_Missing" time="0.328"></testcase>
  <testcase classname="com.topcoder.registration.validation.RegistrationValidationHelperTest" name="testGetInteger_Invalid" time="0.281"></testcase>
  <testcase classname="com.topcoder.registration.validation.RegistrationValidationHelperTest" name="testGetInteger_Negative" time="0.329"></testcase>
  <testcase classname="com.topcoder.registration.validation.RegistrationValidationHelperTest" name="testGetString" time="0.281"></testcase>
  <testcase classname="com.topcoder.registration.validation.RegistrationValidationHelperTest" name="testGetString_Missing1" time="0.328"></testcase>
  <testcase classname="com.topcoder.registration.validation.RegistrationValidationHelperTest" name="testGetString_Missing2" time="0.359"></testcase>
  <testcase classname="com.topcoder.registration.validation.RegistrationValidationHelperTest" name="testCreateObjectFromObjectFactory" time="0.391"></testcase>
  <testcase classname="com.topcoder.registration.validation.RegistrationValidationHelperTest" name="testCreateObjectFromObjectFactory_Null" time="0.359"></testcase>
  <testcase classname="com.topcoder.registration.validation.RegistrationValidationHelperTest" name="testCreateObjectFromObjectFactory_BadType" time="0.282"></testcase>
  <testcase classname="com.topcoder.registration.validation.RegistrationValidationHelperTest" name="testCreateObjectFromObjectFactory_BadObjectFactorySpecify" time="0.328"></testcase>
  <testcase classname="com.topcoder.registration.validation.RegistrationValidationHelperTest" name="testCreateObjectFromObjectFactory_UnknownNamespace" time="0.375"></testcase>
  <testcase classname="com.topcoder.registration.validation.RegistrationValidationHelperTest" name="testCreateObjectFromObjectFactory_MisingKeyProperty" time="0.375"></testcase>
  <testcase classname="com.topcoder.registration.validation.RegistrationValidationHelperTest" name="testCreateObjectFromObjectFactory_EmptyKeyPropertyValue" time="0.39"></testcase>
  <testcase classname="com.topcoder.registration.validation.RegistrationValidationHelperTest" name="testFindResource" time="0.375"></testcase>
  <testcase classname="com.topcoder.registration.validation.RegistrationValidationHelperTest" name="testFindResource_NoOpenResource" time="0.266"></testcase>
  <testcase classname="com.topcoder.registration.validation.RegistrationValidationHelperTest" name="testFillMessage" time="0.359"></testcase>
  <testcase classname="com.topcoder.registration.validation.RegistrationValidationHelperTest" name="testFillMessage_NullTemplateName" time="0.266"></testcase>
  <testcase classname="com.topcoder.registration.validation.RegistrationValidationHelperTest" name="testFillMessage_EmptyTemplateName" time="0.344"></testcase>
  <testcase classname="com.topcoder.registration.validation.RegistrationValidationHelperTest" name="testtFillMessage_NoTemplateFile" time="0.265"></testcase>
  <testcase classname="com.topcoder.registration.validation.RegistrationValidationHelperTest" name="testtFillMessage_BadFormedTemplate" time="0.344"></testcase>
  <testcase classname="com.topcoder.registration.validation.RegistrationValidationHelperTest" name="testFillMessage_BadFormedTemplate" time="0.422"></testcase>
  <testcase classname="com.topcoder.registration.validation.RegistrationValidationHelperTest" name="testValidateArrayNotNullOrContainsNull_Null" time="0.391"></testcase>
  <testcase classname="com.topcoder.registration.validation.RegistrationValidationHelperTest" name="testValidateArrayNotNullOrContainsNull_ContainsNull" time="0.375"></testcase>
  <testcase classname="com.topcoder.registration.validation.RegistrationValidationHelperTest" name="testValidateArrayNotNullOrContainsNull" time="0.359"></testcase>
  <testcase classname="com.topcoder.registration.validation.RegistrationValidationHelperTest" name="testValidateErrorMessages_NonEmpty_True" time="0.375"></testcase>
  <testcase classname="com.topcoder.registration.validation.RegistrationValidationHelperTest" name="testValidateErrorMessages_NullElement" time="0.375"></testcase>
  <testcase classname="com.topcoder.registration.validation.RegistrationValidationHelperTest" name="testValidateErrorMessages_EmptyElement" time="0.359"></testcase>
  <testcase classname="com.topcoder.registration.validation.RegistrationValidationHelperTest" name="testValidateErrorMessages_Null_False" time="0.36"></testcase>
  <testcase classname="com.topcoder.registration.validation.RegistrationValidationHelperTest" name="testValidateErrorMessages_Null_True" time="0.375"></testcase>
  <testcase classname="com.topcoder.registration.validation.RegistrationValidationHelperTest" name="testValidateErrorMessages_Empty_False" time="0.375"></testcase>
  <testcase classname="com.topcoder.registration.validation.RegistrationValidationHelperTest" name="testValidateErrorMessages_Empty_True" time="0.359"></testcase>
  <testcase classname="com.topcoder.registration.validation.RegistrationValidationHelperTest" name="testValidateErrorMessages_NonEmpty_False" time="0.266"></testcase>
  <testcase classname="com.topcoder.registration.validation.RegistrationValidationHelperTest" name="testvalidateIsValidationInfo" time="0.343"></testcase>
  <testcase classname="com.topcoder.registration.validation.RegistrationValidationHelperTest" name="testvalidateIsValidationInfo_Null" time="0.266"></testcase>
  <testcase classname="com.topcoder.registration.validation.RegistrationValidationHelperTest" name="testvalidateIsValidationInfo_NotValidationInfo" time="0.344"></testcase>
  <testcase classname="com.topcoder.registration.validation.RegistrationValidationHelperTest" name="testValidateNotNegative_PositiveLong" time="0.265"></testcase>
  <testcase classname="com.topcoder.registration.validation.RegistrationValidationHelperTest" name="testValidateNotNegative_PositiveInt" time="0.329"></testcase>
  <testcase classname="com.topcoder.registration.validation.RegistrationValidationHelperTest" name="testValidateNotNegative_NegativeDouble" time="0.375"></testcase>
  <testcase classname="com.topcoder.registration.validation.RegistrationValidationHelperTest" name="testValidateNotNegative_NegativeLong" time="0.265"></testcase>
  <testcase classname="com.topcoder.registration.validation.RegistrationValidationHelperTest" name="testValidateNotNegative_NegativeInt" time="0.344"></testcase>
  <testcase classname="com.topcoder.registration.validation.RegistrationValidationHelperTest" name="testValidateNotNegative_ZeroDouble" time="0.281"></testcase>
  <testcase classname="com.topcoder.registration.validation.RegistrationValidationHelperTest" name="testValidateNotNegative_ZeroLong" time="0.344"></testcase>
  <testcase classname="com.topcoder.registration.validation.RegistrationValidationHelperTest" name="testValidateNotNegative_ZeroInt" time="0.266"></testcase>
  <testcase classname="com.topcoder.registration.validation.ValidationProcessingExceptionTest" name="testValidationProcessingException1" time="0.0"></testcase>
  <testcase classname="com.topcoder.registration.validation.ValidationProcessingExceptionTest" name="testValidationProcessingException2" time="0.0"></testcase>
  <testcase classname="com.topcoder.registration.validation.ValidationProcessingExceptionTest" name="testValidationProcessingExceptionInheritance1" time="0.0"></testcase>
  <testcase classname="com.topcoder.registration.validation.ValidationProcessingExceptionTest" name="testValidationProcessingExceptionInheritance2" time="0.0"></testcase>
  <testcase classname="com.topcoder.registration.validation.RegistrationValidationConfigurationExceptionTest" name="testRegistrationValidationConfigurationException1" time="0.0"></testcase>
  <testcase classname="com.topcoder.registration.validation.RegistrationValidationConfigurationExceptionTest" name="testRegistrationValidationConfigurationException2" time="0.0"></testcase>
  <testcase classname="com.topcoder.registration.validation.RegistrationValidationConfigurationExceptionTest" name="testRegistrationValidationConfigurationExceptionInheritance1" time="0.0"></testcase>
  <testcase classname="com.topcoder.registration.validation.RegistrationValidationConfigurationExceptionTest" name="testRegistrationValidationConfigurationExceptionInheritance2" time="0.0"></testcase>
  <testcase classname="com.topcoder.registration.validation.ComponentDemo" name="testDemo1" time="0.187"></testcase>
  <testcase classname="com.topcoder.registration.validation.ComponentDemo" name="testDemo2" time="0.078"></testcase>
  <testcase classname="com.topcoder.registration.validation.ComponentDemo" name="testDemo3" time="0.063"></testcase>
  <testcase classname="com.topcoder.registration.validation.validators.simple.MemberMinimumNumberOfRatingsForRatingTypeValidatorTest" name="testCtor1" time="0.125"></testcase>
  <testcase classname="com.topcoder.registration.validation.validators.simple.MemberMinimumNumberOfRatingsForRatingTypeValidatorTest" name="testCtor2" time="0.125"></testcase>
  <testcase classname="com.topcoder.registration.validation.validators.simple.MemberMinimumNumberOfRatingsForRatingTypeValidatorTest" name="testCtor2_NullNamespace" time="0.125"></testcase>
  <testcase classname="com.topcoder.registration.validation.validators.simple.MemberMinimumNumberOfRatingsForRatingTypeValidatorTest" name="testCtor2_EmptyNamespace" time="0.203"></testcase>
  <testcase classname="com.topcoder.registration.validation.validators.simple.MemberMinimumNumberOfRatingsForRatingTypeValidatorTest" name="testCtor2_TrimmedEmptyNamespace" time="0.125"></testcase>
  <testcase classname="com.topcoder.registration.validation.validators.simple.MemberMinimumNumberOfRatingsForRatingTypeValidatorTest" name="testCtor2_UnknownNamespace" time="0.125"></testcase>
  <testcase classname="com.topcoder.registration.validation.validators.simple.MemberMinimumNumberOfRatingsForRatingTypeValidatorTest" name="testCtor1_NullBundleInfo" time="0.109"></testcase>
  <testcase classname="com.topcoder.registration.validation.validators.simple.MemberMinimumNumberOfRatingsForRatingTypeValidatorTest" name="testGetMessage_True" time="0.125"></testcase>
  <testcase classname="com.topcoder.registration.validation.validators.simple.MemberMinimumNumberOfRatingsForRatingTypeValidatorTest" name="testGetMessage_False" time="0.266"></testcase>
  <testcase classname="com.topcoder.registration.validation.validators.simple.MemberMinimumNumberOfRatingsForRatingTypeValidatorTest" name="testGetMessage_Null" time="0.203"></testcase>
  <testcase classname="com.topcoder.registration.validation.validators.simple.MemberMinimumNumberOfRatingsForRatingTypeValidatorTest" name="testGetMessage_NotValidationInfo" time="0.156"></testcase>
  <testcase classname="com.topcoder.registration.validation.validators.simple.MemberMinimumNumberOfRatingsForRatingTypeValidatorTest" name="testInheritance" time="0.125"></testcase>
  <testcase classname="com.topcoder.registration.validation.validators.simple.MemberMinimumNumberOfRatingsForRatingTypeValidatorTest" name="testCtor1_InvalidBundleInfo" time="0.11"></testcase>
  <testcase classname="com.topcoder.registration.validation.validators.simple.MemberMinimumNumberOfRatingsForRatingTypeValidatorTest" name="testCtor1_NegativeMinimumReliability" time="0.203"></testcase>
  <testcase classname="com.topcoder.registration.validation.validators.simple.MemberMinimumNumberOfRatingsForRatingTypeValidatorTest" name="testCtor1_NullRatingType" time="0.125"></testcase>
  <testcase classname="com.topcoder.registration.validation.validators.simple.MemberMinimumNumberOfRatingsForRatingTypeValidatorTest" name="testCtor2_NoBundleName" time="0.125"></testcase>
  <testcase classname="com.topcoder.registration.validation.validators.simple.MemberMinimumNumberOfRatingsForRatingTypeValidatorTest" name="testCtor2_InvalidBundleInfo" time="0.125"></testcase>
  <testcase classname="com.topcoder.registration.validation.validators.simple.MemberMinimumNumberOfRatingsForRatingTypeValidatorTest" name="testCtor2_MissingRatingType" time="0.125"></testcase>
  <testcase classname="com.topcoder.registration.validation.validators.simple.MemberMinimumNumberOfRatingsForRatingTypeValidatorTest" name="testCtor2_MissingValidatorInfo" time="0.187"></testcase>
  <testcase classname="com.topcoder.registration.validation.validators.simple.MemberMinimumNumberOfRatingsForRatingTypeValidatorTest" name="testCtor2_InvalidValidatorInfo" time="0.125"></testcase>
  <testcase classname="com.topcoder.registration.validation.validators.simple.MemberMinimumNumberOfRatingsForRatingTypeValidatorTest" name="testCtor2_NegativeValidatorInfo" time="0.125"></testcase>
  <testcase classname="com.topcoder.registration.validation.validators.simple.MemberMinimumNumberOfRatingsForRatingTypeValidatorTest" name="testGetMessage_BadTemplate" time="0.125"></testcase>
  <testcase classname="com.topcoder.registration.validation.validators.simple.MemberMinimumRatingForRatingTypeValidatorTest" name="testCtor1" time="0.125"></testcase>
  <testcase classname="com.topcoder.registration.validation.validators.simple.MemberMinimumRatingForRatingTypeValidatorTest" name="testCtor2" time="0.188"></testcase>
  <testcase classname="com.topcoder.registration.validation.validators.simple.MemberMinimumRatingForRatingTypeValidatorTest" name="testCtor2_NullNamespace" time="0.125"></testcase>
  <testcase classname="com.topcoder.registration.validation.validators.simple.MemberMinimumRatingForRatingTypeValidatorTest" name="testCtor2_EmptyNamespace" time="0.125"></testcase>
  <testcase classname="com.topcoder.registration.validation.validators.simple.MemberMinimumRatingForRatingTypeValidatorTest" name="testCtor2_TrimmedEmptyNamespace" time="0.109"></testcase>
  <testcase classname="com.topcoder.registration.validation.validators.simple.MemberMinimumRatingForRatingTypeValidatorTest" name="testCtor2_UnknownNamespace" time="0.203"></testcase>
  <testcase classname="com.topcoder.registration.validation.validators.simple.MemberMinimumRatingForRatingTypeValidatorTest" name="testCtor1_NullBundleInfo" time="0.125"></testcase>
  <testcase classname="com.topcoder.registration.validation.validators.simple.MemberMinimumRatingForRatingTypeValidatorTest" name="testGetMessage_True" time="0.125"></testcase>
  <testcase classname="com.topcoder.registration.validation.validators.simple.MemberMinimumRatingForRatingTypeValidatorTest" name="testGetMessage_False" time="0.141"></testcase>
  <testcase classname="com.topcoder.registration.validation.validators.simple.MemberMinimumRatingForRatingTypeValidatorTest" name="testGetMessage_Null" time="0.203"></testcase>
  <testcase classname="com.topcoder.registration.validation.validators.simple.MemberMinimumRatingForRatingTypeValidatorTest" name="testGetMessage_NotValidationInfo" time="0.125"></testcase>
  <testcase classname="com.topcoder.registration.validation.validators.simple.MemberMinimumRatingForRatingTypeValidatorTest" name="testInheritance" time="0.125"></testcase>
  <testcase classname="com.topcoder.registration.validation.validators.simple.MemberMinimumRatingForRatingTypeValidatorTest" name="testCtor1_InvalidBundleInfo" time="0.141"></testcase>
  <testcase classname="com.topcoder.registration.validation.validators.simple.MemberMinimumRatingForRatingTypeValidatorTest" name="testCtor1_NegativeMinimumReliability" time="0.187"></testcase>
  <testcase classname="com.topcoder.registration.validation.validators.simple.MemberMinimumRatingForRatingTypeValidatorTest" name="testCtor1_NullRatingType" time="0.141"></testcase>
  <testcase classname="com.topcoder.registration.validation.validators.simple.MemberMinimumRatingForRatingTypeValidatorTest" name="testCtor2_NoBundleName" time="0.125"></testcase>
  <testcase classname="com.topcoder.registration.validation.validators.simple.MemberMinimumRatingForRatingTypeValidatorTest" name="testCtor2_InvalidBundleInfo" time="0.125"></testcase>
  <testcase classname="com.topcoder.registration.validation.validators.simple.MemberMinimumRatingForRatingTypeValidatorTest" name="testCtor2_MissingRatingType" time="0.187"></testcase>
  <testcase classname="com.topcoder.registration.validation.validators.simple.MemberMinimumRatingForRatingTypeValidatorTest" name="testCtor2_MissingValidatorInfo" time="0.141"></testcase>
  <testcase classname="com.topcoder.registration.validation.validators.simple.MemberMinimumRatingForRatingTypeValidatorTest" name="testCtor2_InvalidValidatorInfo" time="0.14"></testcase>
  <testcase classname="com.topcoder.registration.validation.validators.simple.MemberMinimumRatingForRatingTypeValidatorTest" name="testCtor2_NegativeValidatorInfo" time="0.125"></testcase>
  <testcase classname="com.topcoder.registration.validation.validators.simple.MemberMinimumRatingForRatingTypeValidatorTest" name="testGetMessage_BadTemplate" time="0.188"></testcase>
  <testcase classname="com.topcoder.registration.validation.validators.simple.MemberMinimumReliabilityForRatingTypeValidatorTest" name="testCtor1" time="0.141"></testcase>
  <testcase classname="com.topcoder.registration.validation.validators.simple.MemberMinimumReliabilityForRatingTypeValidatorTest" name="testCtor2" time="0.125"></testcase>
  <testcase classname="com.topcoder.registration.validation.validators.simple.MemberMinimumReliabilityForRatingTypeValidatorTest" name="testCtor2_NullNamespace" time="0.125"></testcase>
  <testcase classname="com.topcoder.registration.validation.validators.simple.MemberMinimumReliabilityForRatingTypeValidatorTest" name="testCtor2_EmptyNamespace" time="0.187"></testcase>
  <testcase classname="com.topcoder.registration.validation.validators.simple.MemberMinimumReliabilityForRatingTypeValidatorTest" name="testCtor2_TrimmedEmptyNamespace" time="0.125"></testcase>
  <testcase classname="com.topcoder.registration.validation.validators.simple.MemberMinimumReliabilityForRatingTypeValidatorTest" name="testCtor2_UnknownNamespace" time="0.125"></testcase>
  <testcase classname="com.topcoder.registration.validation.validators.simple.MemberMinimumReliabilityForRatingTypeValidatorTest" name="testCtor1_NullBundleInfo" time="0.125"></testcase>
  <testcase classname="com.topcoder.registration.validation.validators.simple.MemberMinimumReliabilityForRatingTypeValidatorTest" name="testGetMessage_True" time="0.188"></testcase>
  <testcase classname="com.topcoder.registration.validation.validators.simple.MemberMinimumReliabilityForRatingTypeValidatorTest" name="testGetMessage_False" time="0.156"></testcase>
  <testcase classname="com.topcoder.registration.validation.validators.simple.MemberMinimumReliabilityForRatingTypeValidatorTest" name="testGetMessage_Null" time="0.125"></testcase>
  <testcase classname="com.topcoder.registration.validation.validators.simple.MemberMinimumReliabilityForRatingTypeValidatorTest" name="testGetMessage_NotValidationInfo" time="0.109"></testcase>
  <testcase classname="com.topcoder.registration.validation.validators.simple.MemberMinimumReliabilityForRatingTypeValidatorTest" name="testInheritance" time="0.203"></testcase>
  <testcase classname="com.topcoder.registration.validation.validators.simple.MemberMinimumReliabilityForRatingTypeValidatorTest" name="testCtor1_InvalidBundleInfo" time="0.125"></testcase>
  <testcase classname="com.topcoder.registration.validation.validators.simple.MemberMinimumReliabilityForRatingTypeValidatorTest" name="testCtor1_NegativeMinimumReliability" time="0.125"></testcase>
  <testcase classname="com.topcoder.registration.validation.validators.simple.MemberMinimumReliabilityForRatingTypeValidatorTest" name="testCtor1_NullRatingType" time="0.125"></testcase>
  <testcase classname="com.topcoder.registration.validation.validators.simple.MemberMinimumReliabilityForRatingTypeValidatorTest" name="testCtor2_NoBundleName" time="0.188"></testcase>
  <testcase classname="com.topcoder.registration.validation.validators.simple.MemberMinimumReliabilityForRatingTypeValidatorTest" name="testCtor2_InvalidBundleInfo" time="0.125"></testcase>
  <testcase classname="com.topcoder.registration.validation.validators.simple.MemberMinimumReliabilityForRatingTypeValidatorTest" name="testCtor2_MissingRatingType" time="0.125"></testcase>
  <testcase classname="com.topcoder.registration.validation.validators.simple.MemberMinimumReliabilityForRatingTypeValidatorTest" name="testCtor2_MissingValidatorInfo" time="0.109"></testcase>
  <testcase classname="com.topcoder.registration.validation.validators.simple.MemberMinimumReliabilityForRatingTypeValidatorTest" name="testCtor2_InvalidValidatorInfo" time="0.203"></testcase>
  <testcase classname="com.topcoder.registration.validation.validators.simple.MemberMinimumReliabilityForRatingTypeValidatorTest" name="testCtor2_NegativeValidatorInfo" time="0.125"></testcase>
  <testcase classname="com.topcoder.registration.validation.validators.simple.MemberMinimumReliabilityForRatingTypeValidatorTest" name="testGetMessage_BadTemplate" time="0.125"></testcase>
  <testcase classname="com.topcoder.registration.validation.validators.simple.MemberMinimumVolatilityForRatingTypeValidatorTest" name="testCtor1" time="0.125"></testcase>
  <testcase classname="com.topcoder.registration.validation.validators.simple.MemberMinimumVolatilityForRatingTypeValidatorTest" name="testCtor2" time="0.188"></testcase>
  <testcase classname="com.topcoder.registration.validation.validators.simple.MemberMinimumVolatilityForRatingTypeValidatorTest" name="testCtor2_NullNamespace" time="0.125"></testcase>
  <testcase classname="com.topcoder.registration.validation.validators.simple.MemberMinimumVolatilityForRatingTypeValidatorTest" name="testCtor2_EmptyNamespace" time="0.14"></testcase>
  <testcase classname="com.topcoder.registration.validation.validators.simple.MemberMinimumVolatilityForRatingTypeValidatorTest" name="testCtor2_TrimmedEmptyNamespace" time="0.125"></testcase>
  <testcase classname="com.topcoder.registration.validation.validators.simple.MemberMinimumVolatilityForRatingTypeValidatorTest" name="testCtor2_UnknownNamespace" time="0.204"></testcase>
  <testcase classname="com.topcoder.registration.validation.validators.simple.MemberMinimumVolatilityForRatingTypeValidatorTest" name="testCtor1_NullBundleInfo" time="0.203"></testcase>
  <testcase classname="com.topcoder.registration.validation.validators.simple.MemberMinimumVolatilityForRatingTypeValidatorTest" name="testGetMessage_True" time="0.187"></testcase>
  <testcase classname="com.topcoder.registration.validation.validators.simple.MemberMinimumVolatilityForRatingTypeValidatorTest" name="testGetMessage_False" time="0.141"></testcase>
  <testcase classname="com.topcoder.registration.validation.validators.simple.MemberMinimumVolatilityForRatingTypeValidatorTest" name="testGetMessage_Null" time="0.203"></testcase>
  <testcase classname="com.topcoder.registration.validation.validators.simple.MemberMinimumVolatilityForRatingTypeValidatorTest" name="testGetMessage_NotValidationInfo" time="0.125"></testcase>
  <testcase classname="com.topcoder.registration.validation.validators.simple.MemberMinimumVolatilityForRatingTypeValidatorTest" name="testInheritance" time="0.125"></testcase>
  <testcase classname="com.topcoder.registration.validation.validators.simple.MemberMinimumVolatilityForRatingTypeValidatorTest" name="testCtor1_InvalidBundleInfo" time="0.109"></testcase>
  <testcase classname="com.topcoder.registration.validation.validators.simple.MemberMinimumVolatilityForRatingTypeValidatorTest" name="testCtor1_NegativeMinimumReliability" time="0.203"></testcase>
  <testcase classname="com.topcoder.registration.validation.validators.simple.MemberMinimumVolatilityForRatingTypeValidatorTest" name="testCtor1_NullRatingType" time="0.11"></testcase>
  <testcase classname="com.topcoder.registration.validation.validators.simple.MemberMinimumVolatilityForRatingTypeValidatorTest" name="testCtor2_NoBundleName" time="0.125"></testcase>
  <testcase classname="com.topcoder.registration.validation.validators.simple.MemberMinimumVolatilityForRatingTypeValidatorTest" name="testCtor2_InvalidBundleInfo" time="0.125"></testcase>
  <testcase classname="com.topcoder.registration.validation.validators.simple.MemberMinimumVolatilityForRatingTypeValidatorTest" name="testCtor2_MissingRatingType" time="0.187"></testcase>
  <testcase classname="com.topcoder.registration.validation.validators.simple.MemberMinimumVolatilityForRatingTypeValidatorTest" name="testCtor2_MissingValidatorInfo" time="0.125"></testcase>
  <testcase classname="com.topcoder.registration.validation.validators.simple.MemberMinimumVolatilityForRatingTypeValidatorTest" name="testCtor2_InvalidValidatorInfo" time="0.141"></testcase>
  <testcase classname="com.topcoder.registration.validation.validators.simple.MemberMinimumVolatilityForRatingTypeValidatorTest" name="testCtor2_NegativeValidatorInfo" time="0.125"></testcase>
  <testcase classname="com.topcoder.registration.validation.validators.simple.MemberMinimumVolatilityForRatingTypeValidatorTest" name="testGetMessage_BadTemplate" time="0.203"></testcase>
  <testcase classname="com.topcoder.registration.validation.validators.simple.MemberNotBarredValidatorTest" name="testCtor1" time="0.125"></testcase>
  <testcase classname="com.topcoder.registration.validation.validators.simple.MemberNotBarredValidatorTest" name="testCtor2" time="0.125"></testcase>
  <testcase classname="com.topcoder.registration.validation.validators.simple.MemberNotBarredValidatorTest" name="testCtor2_NullNamespace" time="0.125"></testcase>
  <testcase classname="com.topcoder.registration.validation.validators.simple.MemberNotBarredValidatorTest" name="testCtor2_EmptyNamespace" time="0.203"></testcase>
  <testcase classname="com.topcoder.registration.validation.validators.simple.MemberNotBarredValidatorTest" name="testCtor2_TrimmedEmptyNamespace" time="0.125"></testcase>
  <testcase classname="com.topcoder.registration.validation.validators.simple.MemberNotBarredValidatorTest" name="testCtor2_UnknownNamespace" time="0.125"></testcase>
  <testcase classname="com.topcoder.registration.validation.validators.simple.MemberNotBarredValidatorTest" name="testCtor1_NullBundleInfo" time="0.11"></testcase>
  <testcase classname="com.topcoder.registration.validation.validators.simple.MemberNotBarredValidatorTest" name="testGetMessage_True" time="0.203"></testcase>
  <testcase classname="com.topcoder.registration.validation.validators.simple.MemberNotBarredValidatorTest" name="testGetMessage_False" time="0.14"></testcase>
  <testcase classname="com.topcoder.registration.validation.validators.simple.MemberNotBarredValidatorTest" name="testGetMessage_Null" time="0.125"></testcase>
  <testcase classname="com.topcoder.registration.validation.validators.simple.MemberNotBarredValidatorTest" name="testGetMessage_NotValidationInfo" time="0.125"></testcase>
  <testcase classname="com.topcoder.registration.validation.validators.simple.MemberNotBarredValidatorTest" name="testInheritance" time="0.188"></testcase>
  <testcase classname="com.topcoder.registration.validation.validators.simple.MemberNotBarredValidatorTest" name="testCtor1_InvalidBundleInfo" time="0.125"></testcase>
  <testcase classname="com.topcoder.registration.validation.validators.simple.MemberNotBarredValidatorTest" name="testCtor2_NoBundleName" time="0.125"></testcase>
  <testcase classname="com.topcoder.registration.validation.validators.simple.MemberNotBarredValidatorTest" name="testCtor2_InvalidBundleInfo" time="0.125"></testcase>
  <testcase classname="com.topcoder.registration.validation.validators.simple.MemberNotBarredValidatorTest" name="testGetMessage_BadTemplate" time="0.25"></testcase>
  <testcase classname="com.topcoder.registration.validation.validators.simple.MemberNotExceededMaxProjectRegistrationLimitValidatorTest" name="testCtor1" time="0.156"></testcase>
  <testcase classname="com.topcoder.registration.validation.validators.simple.MemberNotExceededMaxProjectRegistrationLimitValidatorTest" name="testCtor2" time="0.125"></testcase>
  <testcase classname="com.topcoder.registration.validation.validators.simple.MemberNotExceededMaxProjectRegistrationLimitValidatorTest" name="testCtor2_NullNamespace" time="0.219"></testcase>
  <testcase classname="com.topcoder.registration.validation.validators.simple.MemberNotExceededMaxProjectRegistrationLimitValidatorTest" name="testCtor2_EmptyNamespace" time="0.109"></testcase>
  <testcase classname="com.topcoder.registration.validation.validators.simple.MemberNotExceededMaxProjectRegistrationLimitValidatorTest" name="testCtor2_TrimmedEmptyNamespace" time="0.125"></testcase>
  <testcase classname="com.topcoder.registration.validation.validators.simple.MemberNotExceededMaxProjectRegistrationLimitValidatorTest" name="testCtor2_UnknownNamespace" time="0.125"></testcase>
  <testcase classname="com.topcoder.registration.validation.validators.simple.MemberNotExceededMaxProjectRegistrationLimitValidatorTest" name="testCtor1_NullBundleInfo" time="0.203"></testcase>
  <testcase classname="com.topcoder.registration.validation.validators.simple.MemberNotExceededMaxProjectRegistrationLimitValidatorTest" name="testGetMessage_True" time="0.25"></testcase>
  <testcase classname="com.topcoder.registration.validation.validators.simple.MemberNotExceededMaxProjectRegistrationLimitValidatorTest" name="testGetMessage_False" time="0.219"></testcase>
  <testcase classname="com.topcoder.registration.validation.validators.simple.MemberNotExceededMaxProjectRegistrationLimitValidatorTest" name="testGetMessage_Null" time="0.234"></testcase>
  <testcase classname="com.topcoder.registration.validation.validators.simple.MemberNotExceededMaxProjectRegistrationLimitValidatorTest" name="testGetMessage_NotValidationInfo" time="0.125"></testcase>
  <testcase classname="com.topcoder.registration.validation.validators.simple.MemberNotExceededMaxProjectRegistrationLimitValidatorTest" name="testInheritance" time="0.125"></testcase>
  <testcase classname="com.topcoder.registration.validation.validators.simple.MemberNotExceededMaxProjectRegistrationLimitValidatorTest" name="testCtor1_InvalidBundleInfo" time="0.204"></testcase>
  <testcase classname="com.topcoder.registration.validation.validators.simple.MemberNotExceededMaxProjectRegistrationLimitValidatorTest" name="testCtor1_NegativeMinimumReliability" time="0.187"></testcase>
  <testcase classname="com.topcoder.registration.validation.validators.simple.MemberNotExceededMaxProjectRegistrationLimitValidatorTest" name="testCtor2_NoBundleName" time="0.156"></testcase>
  <testcase classname="com.topcoder.registration.validation.validators.simple.MemberNotExceededMaxProjectRegistrationLimitValidatorTest" name="testCtor2_InvalidBundleInfo" time="0.203"></testcase>
  <testcase classname="com.topcoder.registration.validation.validators.simple.MemberNotExceededMaxProjectRegistrationLimitValidatorTest" name="testCtor2_MissingValidatorInfo" time="0.125"></testcase>
  <testcase classname="com.topcoder.registration.validation.validators.simple.MemberNotExceededMaxProjectRegistrationLimitValidatorTest" name="testCtor2_InvalidValidatorInfo" time="0.125"></testcase>
  <testcase classname="com.topcoder.registration.validation.validators.simple.MemberNotExceededMaxProjectRegistrationLimitValidatorTest" name="testCtor2_NegativeValidatorInfo" time="0.204"></testcase>
  <testcase classname="com.topcoder.registration.validation.validators.simple.MemberNotExceededMaxProjectRegistrationLimitValidatorTest" name="testGetMessage_BadTemplate" time="0.14"></testcase>
  <testcase classname="com.topcoder.registration.validation.validators.simple.MemberNotRegisteredWithRoleForProjectValidatorTest" name="testCtor1" time="0.11"></testcase>
  <testcase classname="com.topcoder.registration.validation.validators.simple.MemberNotRegisteredWithRoleForProjectValidatorTest" name="testCtor2" time="0.25"></testcase>
  <testcase classname="com.topcoder.registration.validation.validators.simple.MemberNotRegisteredWithRoleForProjectValidatorTest" name="testCtor2_NullNamespace" time="0.109"></testcase>
  <testcase classname="com.topcoder.registration.validation.validators.simple.MemberNotRegisteredWithRoleForProjectValidatorTest" name="testCtor2_EmptyNamespace" time="0.125"></testcase>
  <testcase classname="com.topcoder.registration.validation.validators.simple.MemberNotRegisteredWithRoleForProjectValidatorTest" name="testCtor2_TrimmedEmptyNamespace" time="0.109"></testcase>
  <testcase classname="com.topcoder.registration.validation.validators.simple.MemberNotRegisteredWithRoleForProjectValidatorTest" name="testCtor2_UnknownNamespace" time="0.188"></testcase>
  <testcase classname="com.topcoder.registration.validation.validators.simple.MemberNotRegisteredWithRoleForProjectValidatorTest" name="testCtor1_NullBundleInfo" time="0.109"></testcase>
  <testcase classname="com.topcoder.registration.validation.validators.simple.MemberNotRegisteredWithRoleForProjectValidatorTest" name="testGetMessage_True" time="0.125"></testcase>
  <testcase classname="com.topcoder.registration.validation.validators.simple.MemberNotRegisteredWithRoleForProjectValidatorTest" name="testGetMessage_False" time="0.141"></testcase>
  <testcase classname="com.topcoder.registration.validation.validators.simple.MemberNotRegisteredWithRoleForProjectValidatorTest" name="testGetMessage_Null" time="0.234"></testcase>
  <testcase classname="com.topcoder.registration.validation.validators.simple.MemberNotRegisteredWithRoleForProjectValidatorTest" name="testGetMessage_NotValidationInfo" time="0.156"></testcase>
  <testcase classname="com.topcoder.registration.validation.validators.simple.MemberNotRegisteredWithRoleForProjectValidatorTest" name="testInheritance" time="0.125"></testcase>
  <testcase classname="com.topcoder.registration.validation.validators.simple.MemberNotRegisteredWithRoleForProjectValidatorTest" name="testCtor1_InvalidBundleInfo" time="0.11"></testcase>
  <testcase classname="com.topcoder.registration.validation.validators.simple.MemberNotRegisteredWithRoleForProjectValidatorTest" name="testCtor1_NegativeMinimumReliability" time="0.187"></testcase>
  <testcase classname="com.topcoder.registration.validation.validators.simple.MemberNotRegisteredWithRoleForProjectValidatorTest" name="testCtor2_NoBundleName" time="0.125"></testcase>
  <testcase classname="com.topcoder.registration.validation.validators.simple.MemberNotRegisteredWithRoleForProjectValidatorTest" name="testCtor2_InvalidBundleInfo" time="0.11"></testcase>
  <testcase classname="com.topcoder.registration.validation.validators.simple.MemberNotRegisteredWithRoleForProjectValidatorTest" name="testCtor2_MissingValidatorInfo" time="0.109"></testcase>
  <testcase classname="com.topcoder.registration.validation.validators.simple.MemberNotRegisteredWithRoleForProjectValidatorTest" name="testCtor2_InvalidValidatorInfo" time="0.188"></testcase>
  <testcase classname="com.topcoder.registration.validation.validators.simple.MemberNotRegisteredWithRoleForProjectValidatorTest" name="testCtor2_NegativeValidatorInfo" time="0.125"></testcase>
  <testcase classname="com.topcoder.registration.validation.validators.simple.MemberNotRegisteredWithRoleForProjectValidatorTest" name="testGetMessage_BadTemplate" time="0.109"></testcase>
  <testcase classname="com.topcoder.registration.validation.validators.simple.MemberNotTeamCaptainWithMembersForProjectValidatorTest" name="testCtor1" time="0.203"></testcase>
  <testcase classname="com.topcoder.registration.validation.validators.simple.MemberNotTeamCaptainWithMembersForProjectValidatorTest" name="testCtor2" time="0.125"></testcase>
  <testcase classname="com.topcoder.registration.validation.validators.simple.MemberNotTeamCaptainWithMembersForProjectValidatorTest" name="testCtor2_NullNamespace" time="0.125"></testcase>
  <testcase classname="com.topcoder.registration.validation.validators.simple.MemberNotTeamCaptainWithMembersForProjectValidatorTest" name="testCtor2_EmptyNamespace" time="0.203"></testcase>
  <testcase classname="com.topcoder.registration.validation.validators.simple.MemberNotTeamCaptainWithMembersForProjectValidatorTest" name="testCtor2_TrimmedEmptyNamespace" time="0.125"></testcase>
  <testcase classname="com.topcoder.registration.validation.validators.simple.MemberNotTeamCaptainWithMembersForProjectValidatorTest" name="testCtor2_UnknownNamespace" time="0.125"></testcase>
  <testcase classname="com.topcoder.registration.validation.validators.simple.MemberNotTeamCaptainWithMembersForProjectValidatorTest" name="testCtor1_NullBundleInfo" time="0.125"></testcase>
  <testcase classname="com.topcoder.registration.validation.validators.simple.MemberNotTeamCaptainWithMembersForProjectValidatorTest" name="testGetMessage_True" time="0.203"></testcase>
  <testcase classname="com.topcoder.registration.validation.validators.simple.MemberNotTeamCaptainWithMembersForProjectValidatorTest" name="testGetMessage_False" time="0.141"></testcase>
  <testcase classname="com.topcoder.registration.validation.validators.simple.MemberNotTeamCaptainWithMembersForProjectValidatorTest" name="testGetMessage_Null" time="0.125"></testcase>
  <testcase classname="com.topcoder.registration.validation.validators.simple.MemberNotTeamCaptainWithMembersForProjectValidatorTest" name="testGetMessage_NotValidationInfo" time="0.203"></testcase>
  <testcase classname="com.topcoder.registration.validation.validators.simple.MemberNotTeamCaptainWithMembersForProjectValidatorTest" name="testInheritance" time="0.109"></testcase>
  <testcase classname="com.topcoder.registration.validation.validators.simple.MemberNotTeamCaptainWithMembersForProjectValidatorTest" name="testCtor1_InvalidBundleInfo" time="0.141"></testcase>
  <testcase classname="com.topcoder.registration.validation.validators.simple.MemberNotTeamCaptainWithMembersForProjectValidatorTest" name="testCtor1_NegativeMinimumReliability" time="0.188"></testcase>
  <testcase classname="com.topcoder.registration.validation.validators.simple.MemberNotTeamCaptainWithMembersForProjectValidatorTest" name="testCtor2_NoBundleName" time="0.125"></testcase>
  <testcase classname="com.topcoder.registration.validation.validators.simple.MemberNotTeamCaptainWithMembersForProjectValidatorTest" name="testCtor2_InvalidBundleInfo" time="0.125"></testcase>
  <testcase classname="com.topcoder.registration.validation.validators.simple.MemberNotTeamCaptainWithMembersForProjectValidatorTest" name="testCtor2_MissingValidatorInfo" time="0.203"></testcase>
  <testcase classname="com.topcoder.registration.validation.validators.simple.MemberNotTeamCaptainWithMembersForProjectValidatorTest" name="testCtor2_InvalidValidatorInfo" time="0.125"></testcase>
  <testcase classname="com.topcoder.registration.validation.validators.simple.MemberNotTeamCaptainWithMembersForProjectValidatorTest" name="testCtor2_NegativeValidatorInfo" time="0.156"></testcase>
  <testcase classname="com.topcoder.registration.validation.validators.simple.MemberNotTeamCaptainWithMembersForProjectValidatorTest" name="testGetMessage_BadTemplate" time="0.281"></testcase>
  <testcase classname="com.topcoder.registration.validation.validators.simple.MemberNotTeamCaptainWithMembersForProjectValidatorTest" name="testGetMessage_NoResourceFound" time="0.156"></testcase>
  <testcase classname="com.topcoder.registration.validation.validators.simple.MemberNotTeamMemberForProjectValidatorTest" name="testCtor1" time="0.125"></testcase>
  <testcase classname="com.topcoder.registration.validation.validators.simple.MemberNotTeamMemberForProjectValidatorTest" name="testCtor2" time="0.204"></testcase>
  <testcase classname="com.topcoder.registration.validation.validators.simple.MemberNotTeamMemberForProjectValidatorTest" name="testCtor2_NullNamespace" time="0.125"></testcase>
  <testcase classname="com.topcoder.registration.validation.validators.simple.MemberNotTeamMemberForProjectValidatorTest" name="testCtor2_EmptyNamespace" time="0.14"></testcase>
  <testcase classname="com.topcoder.registration.validation.validators.simple.MemberNotTeamMemberForProjectValidatorTest" name="testCtor2_TrimmedEmptyNamespace" time="0.203"></testcase>
  <testcase classname="com.topcoder.registration.validation.validators.simple.MemberNotTeamMemberForProjectValidatorTest" name="testCtor2_UnknownNamespace" time="0.125"></testcase>
  <testcase classname="com.topcoder.registration.validation.validators.simple.MemberNotTeamMemberForProjectValidatorTest" name="testCtor1_NullBundleInfo" time="0.125"></testcase>
  <testcase classname="com.topcoder.registration.validation.validators.simple.MemberNotTeamMemberForProjectValidatorTest" name="testGetMessage_True" time="0.203"></testcase>
  <testcase classname="com.topcoder.registration.validation.validators.simple.MemberNotTeamMemberForProjectValidatorTest" name="testGetMessage_False" time="0.141"></testcase>
  <testcase classname="com.topcoder.registration.validation.validators.simple.MemberNotTeamMemberForProjectValidatorTest" name="testGetMessage_Null" time="0.125"></testcase>
  <testcase classname="com.topcoder.registration.validation.validators.simple.MemberNotTeamMemberForProjectValidatorTest" name="testGetMessage_NotValidationInfo" time="0.203"></testcase>
  <testcase classname="com.topcoder.registration.validation.validators.simple.MemberNotTeamMemberForProjectValidatorTest" name="testInheritance" time="0.125"></testcase>
  <testcase classname="com.topcoder.registration.validation.validators.simple.MemberNotTeamMemberForProjectValidatorTest" name="testCtor1_InvalidBundleInfo" time="0.11"></testcase>
  <testcase classname="com.topcoder.registration.validation.validators.simple.MemberNotTeamMemberForProjectValidatorTest" name="testCtor2_NoBundleName" time="0.203"></testcase>
  <testcase classname="com.topcoder.registration.validation.validators.simple.MemberNotTeamMemberForProjectValidatorTest" name="testCtor2_InvalidBundleInfo" time="0.125"></testcase>
  <testcase classname="com.topcoder.registration.validation.validators.simple.MemberNotTeamMemberForProjectValidatorTest" name="testGetMessage_BadTemplate" time="0.125"></testcase>
  <testcase classname="com.topcoder.registration.validation.validators.simple.ProjectInPhaseValidatorTest" name="testCtor1" time="0.203"></testcase>
  <testcase classname="com.topcoder.registration.validation.validators.simple.ProjectInPhaseValidatorTest" name="testCtor2" time="0.125"></testcase>
  <testcase classname="com.topcoder.registration.validation.validators.simple.ProjectInPhaseValidatorTest" name="testCtor2_NullNamespace" time="0.125"></testcase>
  <testcase classname="com.topcoder.registration.validation.validators.simple.ProjectInPhaseValidatorTest" name="testCtor2_EmptyNamespace" time="0.203"></testcase>
  <testcase classname="com.topcoder.registration.validation.validators.simple.ProjectInPhaseValidatorTest" name="testCtor2_TrimmedEmptyNamespace" time="0.125"></testcase>
  <testcase classname="com.topcoder.registration.validation.validators.simple.ProjectInPhaseValidatorTest" name="testCtor2_UnknownNamespace" time="0.109"></testcase>
  <testcase classname="com.topcoder.registration.validation.validators.simple.ProjectInPhaseValidatorTest" name="testCtor1_NullBundleInfo" time="0.203"></testcase>
  <testcase classname="com.topcoder.registration.validation.validators.simple.ProjectInPhaseValidatorTest" name="testGetMessage_True" time="0.125"></testcase>
  <testcase classname="com.topcoder.registration.validation.validators.simple.ProjectInPhaseValidatorTest" name="testGetMessage_False" time="0.141"></testcase>
  <testcase classname="com.topcoder.registration.validation.validators.simple.ProjectInPhaseValidatorTest" name="testGetMessage_Null" time="0.203"></testcase>
  <testcase classname="com.topcoder.registration.validation.validators.simple.ProjectInPhaseValidatorTest" name="testGetMessage_NotValidationInfo" time="0.125"></testcase>
  <testcase classname="com.topcoder.registration.validation.validators.simple.ProjectInPhaseValidatorTest" name="testInheritance" time="0.11"></testcase>
  <testcase classname="com.topcoder.registration.validation.validators.simple.ProjectInPhaseValidatorTest" name="testCtor1_InvalidBundleInfo" time="0.203"></testcase>
  <testcase classname="com.topcoder.registration.validation.validators.simple.ProjectInPhaseValidatorTest" name="testCtor1_NegativeMinimumReliability" time="0.125"></testcase>
  <testcase classname="com.topcoder.registration.validation.validators.simple.ProjectInPhaseValidatorTest" name="testCtor2_NoBundleName" time="0.125"></testcase>
  <testcase classname="com.topcoder.registration.validation.validators.simple.ProjectInPhaseValidatorTest" name="testCtor2_InvalidBundleInfo" time="0.203"></testcase>
  <testcase classname="com.topcoder.registration.validation.validators.simple.ProjectInPhaseValidatorTest" name="testCtor2_MissingValidatorInfo" time="0.125"></testcase>
  <testcase classname="com.topcoder.registration.validation.validators.simple.ProjectInPhaseValidatorTest" name="testCtor2_InvalidValidatorInfo" time="0.109"></testcase>
  <testcase classname="com.topcoder.registration.validation.validators.simple.ProjectInPhaseValidatorTest" name="testCtor2_NegativeValidatorInfo" time="0.203"></testcase>
  <testcase classname="com.topcoder.registration.validation.validators.simple.ProjectInPhaseValidatorTest" name="testGetMessage_BadTemplate" time="0.203"></testcase>
  <testcase classname="com.topcoder.registration.validation.validators.simple.ProjectOfCategoryValidatorTest" name="testCtor1" time="0.204"></testcase>
  <testcase classname="com.topcoder.registration.validation.validators.simple.ProjectOfCategoryValidatorTest" name="testCtor2" time="0.187"></testcase>
  <testcase classname="com.topcoder.registration.validation.validators.simple.ProjectOfCategoryValidatorTest" name="testCtor2_NullNamespace" time="0.141"></testcase>
  <testcase classname="com.topcoder.registration.validation.validators.simple.ProjectOfCategoryValidatorTest" name="testCtor2_EmptyNamespace" time="0.125"></testcase>
  <testcase classname="com.topcoder.registration.validation.validators.simple.ProjectOfCategoryValidatorTest" name="testCtor2_TrimmedEmptyNamespace" time="0.203"></testcase>
  <testcase classname="com.topcoder.registration.validation.validators.simple.ProjectOfCategoryValidatorTest" name="testCtor2_UnknownNamespace" time="0.125"></testcase>
  <testcase classname="com.topcoder.registration.validation.validators.simple.ProjectOfCategoryValidatorTest" name="testCtor1_NullBundleInfo" time="0.109"></testcase>
  <testcase classname="com.topcoder.registration.validation.validators.simple.ProjectOfCategoryValidatorTest" name="testGetMessage_True" time="0.203"></testcase>
  <testcase classname="com.topcoder.registration.validation.validators.simple.ProjectOfCategoryValidatorTest" name="testGetMessage_False" time="0.157"></testcase>
  <testcase classname="com.topcoder.registration.validation.validators.simple.ProjectOfCategoryValidatorTest" name="testGetMessage_Null" time="0.109"></testcase>
  <testcase classname="com.topcoder.registration.validation.validators.simple.ProjectOfCategoryValidatorTest" name="testGetMessage_NotValidationInfo" time="0.203"></testcase>
  <testcase classname="com.topcoder.registration.validation.validators.simple.ProjectOfCategoryValidatorTest" name="testInheritance" time="0.125"></testcase>
  <testcase classname="com.topcoder.registration.validation.validators.simple.ProjectOfCategoryValidatorTest" name="testCtor1_InvalidBundleInfo" time="0.125"></testcase>
  <testcase classname="com.topcoder.registration.validation.validators.simple.ProjectOfCategoryValidatorTest" name="testCtor1_NegativeMinimumReliability" time="0.219"></testcase>
  <testcase classname="com.topcoder.registration.validation.validators.simple.ProjectOfCategoryValidatorTest" name="testCtor2_NoBundleName" time="0.125"></testcase>
  <testcase classname="com.topcoder.registration.validation.validators.simple.ProjectOfCategoryValidatorTest" name="testCtor2_InvalidBundleInfo" time="0.125"></testcase>
  <testcase classname="com.topcoder.registration.validation.validators.simple.ProjectOfCategoryValidatorTest" name="testCtor2_MissingValidatorInfo" time="0.187"></testcase>
  <testcase classname="com.topcoder.registration.validation.validators.simple.ProjectOfCategoryValidatorTest" name="testCtor2_InvalidValidatorInfo" time="0.125"></testcase>
  <testcase classname="com.topcoder.registration.validation.validators.simple.ProjectOfCategoryValidatorTest" name="testCtor2_NegativeValidatorInfo" time="0.203"></testcase>
  <testcase classname="com.topcoder.registration.validation.validators.simple.ProjectOfCategoryValidatorTest" name="testGetMessage_BadTemplate" time="0.141"></testcase>
  <testcase classname="com.topcoder.registration.validation.validators.simple.ProjectOfTypeValidatorTest" name="testCtor1" time="0.141"></testcase>
  <testcase classname="com.topcoder.registration.validation.validators.simple.ProjectOfTypeValidatorTest" name="testCtor2" time="0.203"></testcase>
  <testcase classname="com.topcoder.registration.validation.validators.simple.ProjectOfTypeValidatorTest" name="testCtor2_NullNamespace" time="0.125"></testcase>
  <testcase classname="com.topcoder.registration.validation.validators.simple.ProjectOfTypeValidatorTest" name="testCtor2_EmptyNamespace" time="0.14"></testcase>
  <testcase classname="com.topcoder.registration.validation.validators.simple.ProjectOfTypeValidatorTest" name="testCtor2_TrimmedEmptyNamespace" time="0.204"></testcase>
  <testcase classname="com.topcoder.registration.validation.validators.simple.ProjectOfTypeValidatorTest" name="testCtor2_UnknownNamespace" time="0.125"></testcase>
  <testcase classname="com.topcoder.registration.validation.validators.simple.ProjectOfTypeValidatorTest" name="testCtor1_NullBundleInfo" time="0.125"></testcase>
  <testcase classname="com.topcoder.registration.validation.validators.simple.ProjectOfTypeValidatorTest" name="testGetMessage_True" time="0.203"></testcase>
  <testcase classname="com.topcoder.registration.validation.validators.simple.ProjectOfTypeValidatorTest" name="testGetMessage_False" time="0.156"></testcase>
  <testcase classname="com.topcoder.registration.validation.validators.simple.ProjectOfTypeValidatorTest" name="testGetMessage_Null" time="0.219"></testcase>
  <testcase classname="com.topcoder.registration.validation.validators.simple.ProjectOfTypeValidatorTest" name="testGetMessage_NotValidationInfo" time="0.14"></testcase>
  <testcase classname="com.topcoder.registration.validation.validators.simple.ProjectOfTypeValidatorTest" name="testInheritance" time="0.125"></testcase>
  <testcase classname="com.topcoder.registration.validation.validators.simple.ProjectOfTypeValidatorTest" name="testCtor1_InvalidBundleInfo" time="0.203"></testcase>
  <testcase classname="com.topcoder.registration.validation.validators.simple.ProjectOfTypeValidatorTest" name="testCtor1_NegativeMinimumReliability" time="0.141"></testcase>
  <testcase classname="com.topcoder.registration.validation.validators.simple.ProjectOfTypeValidatorTest" name="testCtor2_NoBundleName" time="0.141"></testcase>
  <testcase classname="com.topcoder.registration.validation.validators.simple.ProjectOfTypeValidatorTest" name="testCtor2_InvalidBundleInfo" time="0.203"></testcase>
  <testcase classname="com.topcoder.registration.validation.validators.simple.ProjectOfTypeValidatorTest" name="testCtor2_MissingValidatorInfo" time="0.14"></testcase>
  <testcase classname="com.topcoder.registration.validation.validators.simple.ProjectOfTypeValidatorTest" name="testCtor2_InvalidValidatorInfo" time="0.125"></testcase>
  <testcase classname="com.topcoder.registration.validation.validators.simple.ProjectOfTypeValidatorTest" name="testCtor2_NegativeValidatorInfo" time="0.204"></testcase>
  <testcase classname="com.topcoder.registration.validation.validators.simple.ProjectOfTypeValidatorTest" name="testGetMessage_BadTemplate" time="0.14"></testcase>
  <testcase classname="com.topcoder.registration.validation.validators.conditional.ProjectCategoryConditionalValidatorTest" name="testCtor1" time="0.125"></testcase>
  <testcase classname="com.topcoder.registration.validation.validators.conditional.ProjectCategoryConditionalValidatorTest" name="testCtor2" time="0.203"></testcase>
  <testcase classname="com.topcoder.registration.validation.validators.conditional.ProjectCategoryConditionalValidatorTest" name="testCtor2_NullNamespace" time="0.141"></testcase>
  <testcase classname="com.topcoder.registration.validation.validators.conditional.ProjectCategoryConditionalValidatorTest" name="testCtor2_EmptyNamespace" time="0.125"></testcase>
  <testcase classname="com.topcoder.registration.validation.validators.conditional.ProjectCategoryConditionalValidatorTest" name="testCtor2_TrimmedEmptyNamespace" time="0.203"></testcase>
  <testcase classname="com.topcoder.registration.validation.validators.conditional.ProjectCategoryConditionalValidatorTest" name="testCtor2_UnknownNamespace" time="0.203"></testcase>
  <testcase classname="com.topcoder.registration.validation.validators.conditional.ProjectCategoryConditionalValidatorTest" name="testCtor2_BadObjectFactorySpecify" time="0.188"></testcase>
  <testcase classname="com.topcoder.registration.validation.validators.conditional.ProjectCategoryConditionalValidatorTest" name="testCtor2_UnknownObjectFactorySpecify" time="0.203"></testcase>
  <testcase classname="com.topcoder.registration.validation.validators.conditional.ProjectCategoryConditionalValidatorTest" name="testGetMessage_Null" time="0.125"></testcase>
  <testcase classname="com.topcoder.registration.validation.validators.conditional.ProjectCategoryConditionalValidatorTest" name="testGetMessage_NotValidationInfo" time="0.125"></testcase>
  <testcase classname="com.topcoder.registration.validation.validators.conditional.ProjectCategoryConditionalValidatorTest" name="testSetRegistrationValidator_Null" time="0.203"></testcase>
  <testcase classname="com.topcoder.registration.validation.validators.conditional.ProjectCategoryConditionalValidatorTest" name="testSetRegistrationValidator" time="0.125"></testcase>
  <testcase classname="com.topcoder.registration.validation.validators.conditional.ProjectCategoryConditionalValidatorTest" name="testInheritance" time="0.141"></testcase>
  <testcase classname="com.topcoder.registration.validation.validators.conditional.ProjectCategoryConditionalValidatorTest" name="testCtor1_NegativeMinimumReliability" time="0.187"></testcase>
  <testcase classname="com.topcoder.registration.validation.validators.conditional.ProjectCategoryConditionalValidatorTest" name="testCtor2_MissingValidatorInfo" time="0.141"></testcase>
  <testcase classname="com.topcoder.registration.validation.validators.conditional.ProjectCategoryConditionalValidatorTest" name="testCtor2_InvalidValidatorInfo" time="0.125"></testcase>
  <testcase classname="com.topcoder.registration.validation.validators.conditional.ProjectCategoryConditionalValidatorTest" name="testCtor2_NegativeValidatorInfo" time="0.203"></testcase>
  <testcase classname="com.topcoder.registration.validation.validators.conditional.ProjectCategoryConditionalValidatorTest" name="testGetMessage_BadTemplate" time="0.125"></testcase>
  <testcase classname="com.topcoder.registration.validation.validators.conditional.ProjectCategoryConditionalValidatorTest" name="testCtor1_NullInnerValidator" time="0.125"></testcase>
  <testcase classname="com.topcoder.registration.validation.validators.conditional.ProjectCategoryConditionalValidatorTest" name="testCtor2_InvalidInnerValidator" time="0.219"></testcase>
  <testcase classname="com.topcoder.registration.validation.validators.conditional.ProjectCategoryConditionalValidatorTest" name="testCtor2_MissingInnerValidator" time="0.125"></testcase>
  <testcase classname="com.topcoder.registration.validation.validators.conditional.ProjectCategoryConditionalValidatorTest" name="testGetMessage_ConditionFalseValidationFalse" time="0.125"></testcase>
  <testcase classname="com.topcoder.registration.validation.validators.conditional.ProjectCategoryConditionalValidatorTest" name="testGetMessage_ConditionFalseValidationTrue" time="0.203"></testcase>
  <testcase classname="com.topcoder.registration.validation.validators.conditional.ProjectCategoryConditionalValidatorTest" name="testGetMessage_ConditionTrueValidationTrue" time="0.125"></testcase>
  <testcase classname="com.topcoder.registration.validation.validators.conditional.ProjectCategoryConditionalValidatorTest" name="testGetMessage_ConditionTrueValidationFalse" time="0.156"></testcase>
  <testcase classname="com.topcoder.registration.validation.validators.conditional.ProjectIdentifierConditionalValidatorTest" name="testCtor1" time="0.203"></testcase>
  <testcase classname="com.topcoder.registration.validation.validators.conditional.ProjectIdentifierConditionalValidatorTest" name="testCtor2" time="0.141"></testcase>
  <testcase classname="com.topcoder.registration.validation.validators.conditional.ProjectIdentifierConditionalValidatorTest" name="testCtor2_NullNamespace" time="0.125"></testcase>
  <testcase classname="com.topcoder.registration.validation.validators.conditional.ProjectIdentifierConditionalValidatorTest" name="testCtor2_EmptyNamespace" time="0.203"></testcase>
  <testcase classname="com.topcoder.registration.validation.validators.conditional.ProjectIdentifierConditionalValidatorTest" name="testCtor2_TrimmedEmptyNamespace" time="0.125"></testcase>
  <testcase classname="com.topcoder.registration.validation.validators.conditional.ProjectIdentifierConditionalValidatorTest" name="testCtor2_UnknownNamespace" time="0.125"></testcase>
  <testcase classname="com.topcoder.registration.validation.validators.conditional.ProjectIdentifierConditionalValidatorTest" name="testCtor2_BadObjectFactorySpecify" time="0.219"></testcase>
  <testcase classname="com.topcoder.registration.validation.validators.conditional.ProjectIdentifierConditionalValidatorTest" name="testCtor2_UnknownObjectFactorySpecify" time="0.14"></testcase>
  <testcase classname="com.topcoder.registration.validation.validators.conditional.ProjectIdentifierConditionalValidatorTest" name="testGetMessage_Null" time="0.11"></testcase>
  <testcase classname="com.topcoder.registration.validation.validators.conditional.ProjectIdentifierConditionalValidatorTest" name="testGetMessage_NotValidationInfo" time="0.14"></testcase>
  <testcase classname="com.topcoder.registration.validation.validators.conditional.ProjectIdentifierConditionalValidatorTest" name="testSetRegistrationValidator_Null" time="0.188"></testcase>
  <testcase classname="com.topcoder.registration.validation.validators.conditional.ProjectIdentifierConditionalValidatorTest" name="testSetRegistrationValidator" time="0.125"></testcase>
  <testcase classname="com.topcoder.registration.validation.validators.conditional.ProjectIdentifierConditionalValidatorTest" name="testInheritance" time="0.125"></testcase>
  <testcase classname="com.topcoder.registration.validation.validators.conditional.ProjectIdentifierConditionalValidatorTest" name="testCtor1_NegativeMinimumReliability" time="0.14"></testcase>
  <testcase classname="com.topcoder.registration.validation.validators.conditional.ProjectIdentifierConditionalValidatorTest" name="testCtor2_MissingValidatorInfo" time="0.188"></testcase>
  <testcase classname="com.topcoder.registration.validation.validators.conditional.ProjectIdentifierConditionalValidatorTest" name="testCtor2_InvalidValidatorInfo" time="0.14"></testcase>
  <testcase classname="com.topcoder.registration.validation.validators.conditional.ProjectIdentifierConditionalValidatorTest" name="testCtor2_NegativeValidatorInfo" time="0.141"></testcase>
  <testcase classname="com.topcoder.registration.validation.validators.conditional.ProjectIdentifierConditionalValidatorTest" name="testGetMessage_BadTemplate" time="0.125"></testcase>
  <testcase classname="com.topcoder.registration.validation.validators.conditional.ProjectIdentifierConditionalValidatorTest" name="testCtor1_NullInnerValidator" time="0.203"></testcase>
  <testcase classname="com.topcoder.registration.validation.validators.conditional.ProjectIdentifierConditionalValidatorTest" name="testCtor2_InvalidInnerValidator" time="0.125"></testcase>
  <testcase classname="com.topcoder.registration.validation.validators.conditional.ProjectIdentifierConditionalValidatorTest" name="testCtor2_MissingInnerValidator" time="0.125"></testcase>
  <testcase classname="com.topcoder.registration.validation.validators.conditional.ProjectIdentifierConditionalValidatorTest" name="testGetMessage_ConditionFalseValidationFalse" time="0.125"></testcase>
  <testcase classname="com.topcoder.registration.validation.validators.conditional.ProjectIdentifierConditionalValidatorTest" name="testGetMessage_ConditionFalseValidationTrue" time="0.203"></testcase>
  <testcase classname="com.topcoder.registration.validation.validators.conditional.ProjectIdentifierConditionalValidatorTest" name="testGetMessage_ConditionTrueValidationTrue" time="0.125"></testcase>
  <testcase classname="com.topcoder.registration.validation.validators.conditional.ProjectIdentifierConditionalValidatorTest" name="testGetMessage_ConditionTrueValidationFalse" time="0.157"></testcase>
  <testcase classname="com.topcoder.registration.validation.validators.conditional.ProjectTypeConditionalValidatorTest" name="testCtor1" time="0.203"></testcase>
  <testcase classname="com.topcoder.registration.validation.validators.conditional.ProjectTypeConditionalValidatorTest" name="testCtor2" time="0.125"></testcase>
  <testcase classname="com.topcoder.registration.validation.validators.conditional.ProjectTypeConditionalValidatorTest" name="testCtor2_NullNamespace" time="0.125"></testcase>
  <testcase classname="com.topcoder.registration.validation.validators.conditional.ProjectTypeConditionalValidatorTest" name="testCtor2_EmptyNamespace" time="0.203"></testcase>
  <testcase classname="com.topcoder.registration.validation.validators.conditional.ProjectTypeConditionalValidatorTest" name="testCtor2_TrimmedEmptyNamespace" time="0.281"></testcase>
  <testcase classname="com.topcoder.registration.validation.validators.conditional.ProjectTypeConditionalValidatorTest" name="testCtor2_UnknownNamespace" time="0.125"></testcase>
  <testcase classname="com.topcoder.registration.validation.validators.conditional.ProjectTypeConditionalValidatorTest" name="testCtor2_BadObjectFactorySpecify" time="0.125"></testcase>
  <testcase classname="com.topcoder.registration.validation.validators.conditional.ProjectTypeConditionalValidatorTest" name="testCtor2_UnknownObjectFactorySpecify" time="0.125"></testcase>
  <testcase classname="com.topcoder.registration.validation.validators.conditional.ProjectTypeConditionalValidatorTest" name="testGetMessage_Null" time="0.219"></testcase>
  <testcase classname="com.topcoder.registration.validation.validators.conditional.ProjectTypeConditionalValidatorTest" name="testGetMessage_NotValidationInfo" time="0.125"></testcase>
  <testcase classname="com.topcoder.registration.validation.validators.conditional.ProjectTypeConditionalValidatorTest" name="testSetRegistrationValidator_Null" time="0.125"></testcase>
  <testcase classname="com.topcoder.registration.validation.validators.conditional.ProjectTypeConditionalValidatorTest" name="testSetRegistrationValidator" time="0.125"></testcase>
  <testcase classname="com.topcoder.registration.validation.validators.conditional.ProjectTypeConditionalValidatorTest" name="testInheritance" time="0.234"></testcase>
  <testcase classname="com.topcoder.registration.validation.validators.conditional.ProjectTypeConditionalValidatorTest" name="testCtor1_NegativeMinimumReliability" time="0.125"></testcase>
  <testcase classname="com.topcoder.registration.validation.validators.conditional.ProjectTypeConditionalValidatorTest" name="testCtor2_MissingValidatorInfo" time="0.125"></testcase>
  <testcase classname="com.topcoder.registration.validation.validators.conditional.ProjectTypeConditionalValidatorTest" name="testCtor2_InvalidValidatorInfo" time="0.125"></testcase>
  <testcase classname="com.topcoder.registration.validation.validators.conditional.ProjectTypeConditionalValidatorTest" name="testCtor2_NegativeValidatorInfo" time="0.203"></testcase>
  <testcase classname="com.topcoder.registration.validation.validators.conditional.ProjectTypeConditionalValidatorTest" name="testGetMessage_BadTemplate" time="0.125"></testcase>
  <testcase classname="com.topcoder.registration.validation.validators.conditional.ProjectTypeConditionalValidatorTest" name="testCtor1_NullInnerValidator" time="0.141"></testcase>
  <testcase classname="com.topcoder.registration.validation.validators.conditional.ProjectTypeConditionalValidatorTest" name="testCtor2_InvalidInnerValidator" time="0.141"></testcase>
  <testcase classname="com.topcoder.registration.validation.validators.conditional.ProjectTypeConditionalValidatorTest" name="testCtor2_MissingInnerValidator" time="0.187"></testcase>
  <testcase classname="com.topcoder.registration.validation.validators.conditional.ProjectTypeConditionalValidatorTest" name="testGetMessage_ConditionFalseValidationFalse" time="0.125"></testcase>
  <testcase classname="com.topcoder.registration.validation.validators.conditional.ProjectTypeConditionalValidatorTest" name="testGetMessage_ConditionFalseValidationTrue" time="0.125"></testcase>
  <testcase classname="com.topcoder.registration.validation.validators.conditional.ProjectTypeConditionalValidatorTest" name="testGetMessage_ConditionTrueValidationTrue" time="0.125"></testcase>
  <testcase classname="com.topcoder.registration.validation.validators.conditional.ProjectTypeConditionalValidatorTest" name="testGetMessage_ConditionTrueValidationFalse" time="0.281"></testcase>
  <testcase classname="com.topcoder.registration.validation.validators.conditional.RegisteringResourceRoleConditionalValidatorTest" name="testCtor1" time="0.125"></testcase>
  <testcase classname="com.topcoder.registration.validation.validators.conditional.RegisteringResourceRoleConditionalValidatorTest" name="testCtor2" time="0.125"></testcase>
  <testcase classname="com.topcoder.registration.validation.validators.conditional.RegisteringResourceRoleConditionalValidatorTest" name="testCtor2_NullNamespace" time="0.141"></testcase>
  <testcase classname="com.topcoder.registration.validation.validators.conditional.RegisteringResourceRoleConditionalValidatorTest" name="testCtor2_EmptyNamespace" time="0.187"></testcase>
  <testcase classname="com.topcoder.registration.validation.validators.conditional.RegisteringResourceRoleConditionalValidatorTest" name="testCtor2_TrimmedEmptyNamespace" time="0.125"></testcase>
  <testcase classname="com.topcoder.registration.validation.validators.conditional.RegisteringResourceRoleConditionalValidatorTest" name="testCtor2_UnknownNamespace" time="0.157"></testcase>
  <testcase classname="com.topcoder.registration.validation.validators.conditional.RegisteringResourceRoleConditionalValidatorTest" name="testCtor2_BadObjectFactorySpecify" time="0.125"></testcase>
  <testcase classname="com.topcoder.registration.validation.validators.conditional.RegisteringResourceRoleConditionalValidatorTest" name="testCtor2_UnknownObjectFactorySpecify" time="0.187"></testcase>
  <testcase classname="com.topcoder.registration.validation.validators.conditional.RegisteringResourceRoleConditionalValidatorTest" name="testGetMessage_Null" time="0.141"></testcase>
  <testcase classname="com.topcoder.registration.validation.validators.conditional.RegisteringResourceRoleConditionalValidatorTest" name="testGetMessage_NotValidationInfo" time="0.14"></testcase>
  <testcase classname="com.topcoder.registration.validation.validators.conditional.RegisteringResourceRoleConditionalValidatorTest" name="testSetRegistrationValidator_Null" time="0.125"></testcase>
  <testcase classname="com.topcoder.registration.validation.validators.conditional.RegisteringResourceRoleConditionalValidatorTest" name="testSetRegistrationValidator" time="0.204"></testcase>
  <testcase classname="com.topcoder.registration.validation.validators.conditional.RegisteringResourceRoleConditionalValidatorTest" name="testInheritance" time="0.14"></testcase>
  <testcase classname="com.topcoder.registration.validation.validators.conditional.RegisteringResourceRoleConditionalValidatorTest" name="testCtor1_NegativeMinimumReliability" time="0.125"></testcase>
  <testcase classname="com.topcoder.registration.validation.validators.conditional.RegisteringResourceRoleConditionalValidatorTest" name="testCtor2_MissingValidatorInfo" time="0.125"></testcase>
  <testcase classname="com.topcoder.registration.validation.validators.conditional.RegisteringResourceRoleConditionalValidatorTest" name="testCtor2_InvalidValidatorInfo" time="0.219"></testcase>
  <testcase classname="com.topcoder.registration.validation.validators.conditional.RegisteringResourceRoleConditionalValidatorTest" name="testCtor2_NegativeValidatorInfo" time="0.125"></testcase>
  <testcase classname="com.topcoder.registration.validation.validators.conditional.RegisteringResourceRoleConditionalValidatorTest" name="testGetMessage_BadTemplate" time="0.141"></testcase>
  <testcase classname="com.topcoder.registration.validation.validators.conditional.RegisteringResourceRoleConditionalValidatorTest" name="testCtor1_NullInnerValidator" time="0.125"></testcase>
  <testcase classname="com.topcoder.registration.validation.validators.conditional.RegisteringResourceRoleConditionalValidatorTest" name="testCtor2_InvalidInnerValidator" time="0.203"></testcase>
  <testcase classname="com.topcoder.registration.validation.validators.conditional.RegisteringResourceRoleConditionalValidatorTest" name="testCtor2_MissingInnerValidator" time="0.125"></testcase>
  <testcase classname="com.topcoder.registration.validation.validators.conditional.RegisteringResourceRoleConditionalValidatorTest" name="testGetMessage_ConditionFalseValidationFalse" time="0.14"></testcase>
  <testcase classname="com.topcoder.registration.validation.validators.conditional.RegisteringResourceRoleConditionalValidatorTest" name="testGetMessage_ConditionFalseValidationTrue" time="0.125"></testcase>
  <testcase classname="com.topcoder.registration.validation.validators.conditional.RegisteringResourceRoleConditionalValidatorTest" name="testGetMessage_ConditionTrueValidationTrue" time="0.203"></testcase>
  <testcase classname="com.topcoder.registration.validation.validators.conditional.RegisteringResourceRoleConditionalValidatorTest" name="testGetMessage_ConditionTrueValidationFalse" time="0.141"></testcase>
  <testcase classname="com.topcoder.registration.validation.validators.util.AndValidatorTest" name="testCtor1" time="0.125"></testcase>
  <testcase classname="com.topcoder.registration.validation.validators.util.AndValidatorTest" name="testCtor2" time="0.203"></testcase>
  <testcase classname="com.topcoder.registration.validation.validators.util.AndValidatorTest" name="testCtor2_NullNamespace" time="0.11"></testcase>
  <testcase classname="com.topcoder.registration.validation.validators.util.AndValidatorTest" name="testCtor2_EmptyNamespace" time="0.125"></testcase>
  <testcase classname="com.topcoder.registration.validation.validators.util.AndValidatorTest" name="testCtor2_TrimmedEmptyNamespace" time="0.109"></testcase>
  <testcase classname="com.topcoder.registration.validation.validators.util.AndValidatorTest" name="testCtor2_UnknownNamespace" time="0.187"></testcase>
  <testcase classname="com.topcoder.registration.validation.validators.util.AndValidatorTest" name="testCtor2_BadObjectFactorySpecify" time="0.125"></testcase>
  <testcase classname="com.topcoder.registration.validation.validators.util.AndValidatorTest" name="testCtor2_UnknownObjectFactorySpecify" time="0.11"></testcase>
  <testcase classname="com.topcoder.registration.validation.validators.util.AndValidatorTest" name="testValid_True" time="0.125"></testcase>
  <testcase classname="com.topcoder.registration.validation.validators.util.AndValidatorTest" name="testValid_False" time="0.234"></testcase>
  <testcase classname="com.topcoder.registration.validation.validators.util.AndValidatorTest" name="testInheritance1" time="0.11"></testcase>
  <testcase classname="com.topcoder.registration.validation.validators.util.AndValidatorTest" name="testInheritance2" time="0.109"></testcase>
  <testcase classname="com.topcoder.registration.validation.validators.util.AndValidatorTest" name="testGetMessage_True" time="0.125"></testcase>
  <testcase classname="com.topcoder.registration.validation.validators.util.AndValidatorTest" name="testGetMessage_False" time="0.203"></testcase>
  <testcase classname="com.topcoder.registration.validation.validators.util.AndValidatorTest" name="testGetMessage_Null" time="0.125"></testcase>
  <testcase classname="com.topcoder.registration.validation.validators.util.AndValidatorTest" name="testGetMessage_NotValidationInfo" time="0.109"></testcase>
  <testcase classname="com.topcoder.registration.validation.validators.util.AndValidatorTest" name="testGetMessages_True" time="0.125"></testcase>
  <testcase classname="com.topcoder.registration.validation.validators.util.AndValidatorTest" name="testGetMessages_False" time="0.219"></testcase>
  <testcase classname="com.topcoder.registration.validation.validators.util.AndValidatorTest" name="testGetMessages_Null" time="0.11"></testcase>
  <testcase classname="com.topcoder.registration.validation.validators.util.AndValidatorTest" name="testGetMessages_NotValidationInfo" time="0.125"></testcase>
  <testcase classname="com.topcoder.registration.validation.validators.util.AndValidatorTest" name="testGetAllMessages_Limit_True" time="0.109"></testcase>
  <testcase classname="com.topcoder.registration.validation.validators.util.AndValidatorTest" name="testGetAllMessages_Limit_False" time="0.234"></testcase>
  <testcase classname="com.topcoder.registration.validation.validators.util.AndValidatorTest" name="testGetAllMessages_Limit_Null" time="0.125"></testcase>
  <testcase classname="com.topcoder.registration.validation.validators.util.AndValidatorTest" name="testGetAllMessages_Limit_NotValidationInfo" time="0.11"></testcase>
  <testcase classname="com.topcoder.registration.validation.validators.util.AndValidatorTest" name="testValid_Null" time="0.125"></testcase>
  <testcase classname="com.topcoder.registration.validation.validators.util.AndValidatorTest" name="testValid_NotValidationInfo" time="0.187"></testcase>
  <testcase classname="com.topcoder.registration.validation.validators.util.AndValidatorTest" name="testSetRegistrationValidator_Null" time="0.125"></testcase>
  <testcase classname="com.topcoder.registration.validation.validators.util.AndValidatorTest" name="testSetRegistrationValidator" time="0.11"></testcase>
  <testcase classname="com.topcoder.registration.validation.validators.util.AndValidatorTest" name="testCtor2_MissingValidatorInfo" time="0.125"></testcase>
  <testcase classname="com.topcoder.registration.validation.validators.util.AndValidatorTest" name="testCtor2_InvalidValidatorInfo" time="0.203"></testcase>
  <testcase classname="com.topcoder.registration.validation.validators.util.AndValidatorTest" name="testCtor2_InvalidInnerValidator" time="0.109"></testcase>
  <testcase classname="com.topcoder.registration.validation.validators.util.AndValidatorTest" name="testCtor1_NullInnervalidators" time="0.125"></testcase>
  <testcase classname="com.topcoder.registration.validation.validators.util.AndValidatorTest" name="testCtor1_NullInnervalidatorsEelements" time="0.109"></testcase>
  <testcase classname="com.topcoder.registration.validation.validators.util.AndValidatorTest" name="testCtor2_NoInnerValidator" time="0.204"></testcase>
  <testcase classname="com.topcoder.registration.validation.validators.util.AndValidatorTest" name="testGetAllMessages_ShortCircuitedTrue" time="0.109"></testcase>
  <testcase classname="com.topcoder.registration.validation.validators.util.AndValidatorTest" name="testGetAllMessages_ShortCircuitedFalse" time="0.141"></testcase>
  <testcase classname="com.topcoder.registration.validation.validators.util.AndValidatorTest" name="testGetAllMessages_ShortCircuitedNull" time="0.125"></testcase>
  <testcase classname="com.topcoder.registration.validation.validators.util.AndValidatorTest" name="testGetAllMessages_ShortCircuitedNotValidationInfo" time="0.187"></testcase>
  <testcase classname="com.topcoder.registration.validation.validators.util.AndValidatorTest" name="testGetAllMessages_NotShortCircuitedTrue" time="0.125"></testcase>
  <testcase classname="com.topcoder.registration.validation.validators.util.AndValidatorTest" name="testGetAllMessages_NotShortCircuitedFalse" time="0.156"></testcase>
  <testcase classname="com.topcoder.registration.validation.validators.util.AndValidatorTest" name="testGetAllMessages_NotShortCircuitedNull" time="0.11"></testcase>
  <testcase classname="com.topcoder.registration.validation.validators.util.AndValidatorTest" name="testGetAllMessages_NotShortCircuitedNotValidationInfo" time="0.203"></testcase>
  <testcase classname="com.topcoder.registration.validation.validators.util.AndValidatorTest" name="testGetAllMessages_Limit_NegativeLimit" time="0.109"></testcase>
  <testcase classname="com.topcoder.registration.validation.validators.util.NotValidatorTest" name="testCtor1" time="0.125"></testcase>
  <testcase classname="com.topcoder.registration.validation.validators.util.NotValidatorTest" name="testCtor2" time="0.11"></testcase>
  <testcase classname="com.topcoder.registration.validation.validators.util.NotValidatorTest" name="testCtor2_NullNamespace" time="0.203"></testcase>
  <testcase classname="com.topcoder.registration.validation.validators.util.NotValidatorTest" name="testCtor2_EmptyNamespace" time="0.109"></testcase>
  <testcase classname="com.topcoder.registration.validation.validators.util.NotValidatorTest" name="testCtor2_TrimmedEmptyNamespace" time="0.156"></testcase>
  <testcase classname="com.topcoder.registration.validation.validators.util.NotValidatorTest" name="testCtor2_UnknownNamespace" time="0.157"></testcase>
  <testcase classname="com.topcoder.registration.validation.validators.util.NotValidatorTest" name="testCtor2_BadObjectFactorySpecify" time="0.265"></testcase>
  <testcase classname="com.topcoder.registration.validation.validators.util.NotValidatorTest" name="testCtor2_UnknownObjectFactorySpecify" time="0.11"></testcase>
  <testcase classname="com.topcoder.registration.validation.validators.util.NotValidatorTest" name="testValid_True" time="0.14"></testcase>
  <testcase classname="com.topcoder.registration.validation.validators.util.NotValidatorTest" name="testValid_False" time="0.125"></testcase>
  <testcase classname="com.topcoder.registration.validation.validators.util.NotValidatorTest" name="testInheritance1" time="0.188"></testcase>
  <testcase classname="com.topcoder.registration.validation.validators.util.NotValidatorTest" name="testInheritance2" time="0.125"></testcase>
  <testcase classname="com.topcoder.registration.validation.validators.util.NotValidatorTest" name="testGetMessage_True" time="0.125"></testcase>
  <testcase classname="com.topcoder.registration.validation.validators.util.NotValidatorTest" name="testGetMessage_False" time="0.14"></testcase>
  <testcase classname="com.topcoder.registration.validation.validators.util.NotValidatorTest" name="testGetMessage_Null" time="0.203"></testcase>
  <testcase classname="com.topcoder.registration.validation.validators.util.NotValidatorTest" name="testGetMessage_NotValidationInfo" time="0.11"></testcase>
  <testcase classname="com.topcoder.registration.validation.validators.util.NotValidatorTest" name="testGetMessages_True" time="0.14"></testcase>
  <testcase classname="com.topcoder.registration.validation.validators.util.NotValidatorTest" name="testGetMessages_False" time="0.141"></testcase>
  <testcase classname="com.topcoder.registration.validation.validators.util.NotValidatorTest" name="testGetMessages_Null" time="0.203"></testcase>
  <testcase classname="com.topcoder.registration.validation.validators.util.NotValidatorTest" name="testGetMessages_NotValidationInfo" time="0.11"></testcase>
  <testcase classname="com.topcoder.registration.validation.validators.util.NotValidatorTest" name="testGetAllMessages_True" time="0.14"></testcase>
  <testcase classname="com.topcoder.registration.validation.validators.util.NotValidatorTest" name="testGetAllMessages_False" time="0.141"></testcase>
  <testcase classname="com.topcoder.registration.validation.validators.util.NotValidatorTest" name="testGetAllMessages_Null" time="0.109"></testcase>
  <testcase classname="com.topcoder.registration.validation.validators.util.NotValidatorTest" name="testGetAllMessages_NotValidationInfo" time="0.203"></testcase>
  <testcase classname="com.topcoder.registration.validation.validators.util.NotValidatorTest" name="testGetAllMessages_Limit_True" time="0.125"></testcase>
  <testcase classname="com.topcoder.registration.validation.validators.util.NotValidatorTest" name="testGetAllMessages_Limit_False" time="0.125"></testcase>
  <testcase classname="com.topcoder.registration.validation.validators.util.NotValidatorTest" name="testGetAllMessages_Limit_NegativeLimit_True" time="0.125"></testcase>
  <testcase classname="com.topcoder.registration.validation.validators.util.NotValidatorTest" name="testGetAllMessages_Limit_NegativeLimit_False" time="0.141"></testcase>
  <testcase classname="com.topcoder.registration.validation.validators.util.NotValidatorTest" name="testGetAllMessages_Limit_Null" time="0.203"></testcase>
  <testcase classname="com.topcoder.registration.validation.validators.util.NotValidatorTest" name="testGetAllMessages_Limit_NotValidationInfo" time="0.109"></testcase>
  <testcase classname="com.topcoder.registration.validation.validators.util.NotValidatorTest" name="testValid_Null" time="0.11"></testcase>
  <testcase classname="com.topcoder.registration.validation.validators.util.NotValidatorTest" name="testValid_NotValidationInfo" time="0.125"></testcase>
  <testcase classname="com.topcoder.registration.validation.validators.util.NotValidatorTest" name="testSetRegistrationValidator_Null" time="0.109"></testcase>
  <testcase classname="com.topcoder.registration.validation.validators.util.NotValidatorTest" name="testSetRegistrationValidator" time="0.188"></testcase>
  <testcase classname="com.topcoder.registration.validation.validators.util.NotValidatorTest" name="testCtor2_NoBundleName" time="0.109"></testcase>
  <testcase classname="com.topcoder.registration.validation.validators.util.NotValidatorTest" name="testGetMessage_BadTemplate" time="0.125"></testcase>
  <testcase classname="com.topcoder.registration.validation.validators.util.NotValidatorTest" name="testCtor2_InvalidInnerValidator" time="0.109"></testcase>
  <testcase classname="com.topcoder.registration.validation.validators.util.NotValidatorTest" name="testCtor1_NullInnervalidators" time="0.11"></testcase>
  <testcase classname="com.topcoder.registration.validation.validators.util.NullValidatorTest" name="testCtor1" time="0.187"></testcase>
  <testcase classname="com.topcoder.registration.validation.validators.util.NullValidatorTest" name="testCtor2" time="0.094"></testcase>
  <testcase classname="com.topcoder.registration.validation.validators.util.NullValidatorTest" name="testValid_True" time="0.078"></testcase>
  <testcase classname="com.topcoder.registration.validation.validators.util.NullValidatorTest" name="testValid_False" time="0.094"></testcase>
  <testcase classname="com.topcoder.registration.validation.validators.util.NullValidatorTest" name="testInheritance1" time="0.094"></testcase>
  <testcase classname="com.topcoder.registration.validation.validators.util.NullValidatorTest" name="testInheritance2" time="0.093"></testcase>
  <testcase classname="com.topcoder.registration.validation.validators.util.NullValidatorTest" name="testGetMessage_True" time="0.188"></testcase>
  <testcase classname="com.topcoder.registration.validation.validators.util.NullValidatorTest" name="testGetMessage_False" time="0.109"></testcase>
  <testcase classname="com.topcoder.registration.validation.validators.util.NullValidatorTest" name="testGetMessage_NotValidationInfo" time="0.094"></testcase>
  <testcase classname="com.topcoder.registration.validation.validators.util.NullValidatorTest" name="testGetMessages_True" time="0.094"></testcase>
  <testcase classname="com.topcoder.registration.validation.validators.util.NullValidatorTest" name="testGetMessages_False" time="0.109"></testcase>
  <testcase classname="com.topcoder.registration.validation.validators.util.NullValidatorTest" name="testGetMessages_NotValidationInfo" time="0.094"></testcase>
  <testcase classname="com.topcoder.registration.validation.validators.util.NullValidatorTest" name="testGetAllMessages_True" time="0.172"></testcase>
  <testcase classname="com.topcoder.registration.validation.validators.util.NullValidatorTest" name="testGetAllMessages_False" time="0.219"></testcase>
  <testcase classname="com.topcoder.registration.validation.validators.util.NullValidatorTest" name="testGetAllMessages_NotValidationInfo" time="0.093"></testcase>
  <testcase classname="com.topcoder.registration.validation.validators.util.NullValidatorTest" name="testGetAllMessages_Limit_True" time="0.094"></testcase>
  <testcase classname="com.topcoder.registration.validation.validators.util.NullValidatorTest" name="testGetAllMessages_Limit_False" time="0.109"></testcase>
  <testcase classname="com.topcoder.registration.validation.validators.util.NullValidatorTest" name="testGetAllMessages_Limit_NotValidationInfo" time="0.094"></testcase>
  <testcase classname="com.topcoder.registration.validation.validators.util.NullValidatorTest" name="testSetRegistrationValidator_Null" time="0.172"></testcase>
  <testcase classname="com.topcoder.registration.validation.validators.util.NullValidatorTest" name="testSetRegistrationValidator" time="0.094"></testcase>
  <testcase classname="com.topcoder.registration.validation.validators.util.NullValidatorTest" name="testGetMessage_BadTemplate" time="0.156"></testcase>
  <testcase classname="com.topcoder.registration.validation.validators.util.NullValidatorTest" name="testGetAllMessages_Limit_NegativeLimit" time="0.141"></testcase>
  <testcase classname="com.topcoder.registration.validation.validators.util.NullValidatorTest" name="testCtor2_NullBundleInfo" time="0.125"></testcase>
  <testcase classname="com.topcoder.registration.validation.validators.util.OrValidatorTest" name="testCtor1" time="0.14"></testcase>
  <testcase classname="com.topcoder.registration.validation.validators.util.OrValidatorTest" name="testCtor2" time="0.188"></testcase>
  <testcase classname="com.topcoder.registration.validation.validators.util.OrValidatorTest" name="testCtor2_NullNamespace" time="0.109"></testcase>
  <testcase classname="com.topcoder.registration.validation.validators.util.OrValidatorTest" name="testCtor2_EmptyNamespace" time="0.11"></testcase>
  <testcase classname="com.topcoder.registration.validation.validators.util.OrValidatorTest" name="testCtor2_TrimmedEmptyNamespace" time="0.125"></testcase>
  <testcase classname="com.topcoder.registration.validation.validators.util.OrValidatorTest" name="testCtor2_UnknownNamespace" time="0.109"></testcase>
  <testcase classname="com.topcoder.registration.validation.validators.util.OrValidatorTest" name="testCtor2_BadObjectFactorySpecify" time="0.187"></testcase>
  <testcase classname="com.topcoder.registration.validation.validators.util.OrValidatorTest" name="testCtor2_UnknownObjectFactorySpecify" time="0.141"></testcase>
  <testcase classname="com.topcoder.registration.validation.validators.util.OrValidatorTest" name="testValid_True" time="0.109"></testcase>
  <testcase classname="com.topcoder.registration.validation.validators.util.OrValidatorTest" name="testValid_False" time="0.157"></testcase>
  <testcase classname="com.topcoder.registration.validation.validators.util.OrValidatorTest" name="testInheritance1" time="0.109"></testcase>
  <testcase classname="com.topcoder.registration.validation.validators.util.OrValidatorTest" name="testInheritance2" time="0.203"></testcase>
  <testcase classname="com.topcoder.registration.validation.validators.util.OrValidatorTest" name="testGetMessage_True" time="0.125"></testcase>
  <testcase classname="com.topcoder.registration.validation.validators.util.OrValidatorTest" name="testGetMessage_False" time="0.156"></testcase>
  <testcase classname="com.topcoder.registration.validation.validators.util.OrValidatorTest" name="testGetMessage_Null" time="0.11"></testcase>
  <testcase classname="com.topcoder.registration.validation.validators.util.OrValidatorTest" name="testGetMessage_NotValidationInfo" time="0.203"></testcase>
  <testcase classname="com.topcoder.registration.validation.validators.util.OrValidatorTest" name="testGetMessages_True" time="0.125"></testcase>
  <testcase classname="com.topcoder.registration.validation.validators.util.OrValidatorTest" name="testGetMessages_False" time="0.141"></testcase>
  <testcase classname="com.topcoder.registration.validation.validators.util.OrValidatorTest" name="testGetMessages_Null" time="0.125"></testcase>
  <testcase classname="com.topcoder.registration.validation.validators.util.OrValidatorTest" name="testGetMessages_NotValidationInfo" time="0.093"></testcase>
  <testcase classname="com.topcoder.registration.validation.validators.util.OrValidatorTest" name="testGetAllMessages_Limit_True" time="0.203"></testcase>
  <testcase classname="com.topcoder.registration.validation.validators.util.OrValidatorTest" name="testGetAllMessages_Limit_False" time="0.157"></testcase>
  <testcase classname="com.topcoder.registration.validation.validators.util.OrValidatorTest" name="testGetAllMessages_Limit_Null" time="0.109"></testcase>
  <testcase classname="com.topcoder.registration.validation.validators.util.OrValidatorTest" name="testGetAllMessages_Limit_NotValidationInfo" time="0.109"></testcase>
  <testcase classname="com.topcoder.registration.validation.validators.util.OrValidatorTest" name="testValid_Null" time="0.125"></testcase>
  <testcase classname="com.topcoder.registration.validation.validators.util.OrValidatorTest" name="testValid_NotValidationInfo" time="0.204"></testcase>
  <testcase classname="com.topcoder.registration.validation.validators.util.OrValidatorTest" name="testSetRegistrationValidator_Null" time="0.109"></testcase>
  <testcase classname="com.topcoder.registration.validation.validators.util.OrValidatorTest" name="testSetRegistrationValidator" time="0.109"></testcase>
  <testcase classname="com.topcoder.registration.validation.validators.util.OrValidatorTest" name="testCtor2_MissingValidatorInfo" time="0.125"></testcase>
  <testcase classname="com.topcoder.registration.validation.validators.util.OrValidatorTest" name="testCtor2_InvalidValidatorInfo" time="0.11"></testcase>
  <testcase classname="com.topcoder.registration.validation.validators.util.OrValidatorTest" name="testCtor2_InvalidInnerValidator" time="0.125"></testcase>
  <testcase classname="com.topcoder.registration.validation.validators.util.OrValidatorTest" name="testCtor1_NullInnervalidators" time="0.187"></testcase>
  <testcase classname="com.topcoder.registration.validation.validators.util.OrValidatorTest" name="testCtor1_NullInnervalidatorsEelements" time="0.11"></testcase>
  <testcase classname="com.topcoder.registration.validation.validators.util.OrValidatorTest" name="testCtor2_NoInnerValidator" time="0.109"></testcase>
  <testcase classname="com.topcoder.registration.validation.validators.util.OrValidatorTest" name="testGetAllMessages_ShortCircuitedTrue" time="0.125"></testcase>
  <testcase classname="com.topcoder.registration.validation.validators.util.OrValidatorTest" name="testGetAllMessages_ShortCircuitedFalse" time="0.125"></testcase>
  <testcase classname="com.topcoder.registration.validation.validators.util.OrValidatorTest" name="testGetAllMessages_ShortCircuitedNull" time="0.219"></testcase>
  <testcase classname="com.topcoder.registration.validation.validators.util.OrValidatorTest" name="testGetAllMessages_ShortCircuitedNotValidationInfo" time="0.125"></testcase>
  <testcase classname="com.topcoder.registration.validation.validators.util.OrValidatorTest" name="testGetAllMessages_NotShortCircuitedTrue" time="0.109"></testcase>
  <testcase classname="com.topcoder.registration.validation.validators.util.OrValidatorTest" name="testGetAllMessages_NotShortCircuitedFalse" time="0.156"></testcase>
  <testcase classname="com.topcoder.registration.validation.validators.util.OrValidatorTest" name="testGetAllMessages_NotShortCircuitedNull" time="0.11"></testcase>
  <testcase classname="com.topcoder.registration.validation.validators.util.OrValidatorTest" name="testGetAllMessages_NotShortCircuitedNotValidationInfo" time="0.203"></testcase>
  <testcase classname="com.topcoder.registration.validation.validators.util.OrValidatorTest" name="testGetAllMessages_Limit_NegativeLimit" time="0.109"></testcase>
  <testcase classname="com.topcoder.registration.validation.accuracytests.AccuracyTestProjectOfTypeValidator" name="testProjectOfTypeValidator1Accuracy" time="0.125"></testcase>
  <testcase classname="com.topcoder.registration.validation.accuracytests.AccuracyTestProjectOfTypeValidator" name="testGetMessageAccuracy1" time="0.141"></testcase>
  <testcase classname="com.topcoder.registration.validation.accuracytests.AccuracyTestProjectOfTypeValidator" name="testGetMessageAccuracy2" time="0.125"></testcase>
  <testcase classname="com.topcoder.registration.validation.accuracytests.AccuracyTestProjectOfCategoryValidator" name="testGetMessageAccuracy1" time="0.219"></testcase>
  <testcase classname="com.topcoder.registration.validation.accuracytests.AccuracyTestProjectOfCategoryValidator" name="testGetMessageAccuracy2" time="0.125"></testcase>
  <testcase classname="com.topcoder.registration.validation.accuracytests.AccuracyTestProjectOfCategoryValidator" name="testProjectOfCategoryValidator1Accuracy" time="0.109"></testcase>
  <testcase classname="com.topcoder.registration.validation.accuracytests.AccuracyTestProjectInPhaseValidator" name="testGetMessageAccuracy1" time="0.109"></testcase>
  <testcase classname="com.topcoder.registration.validation.accuracytests.AccuracyTestProjectInPhaseValidator" name="testGetMessageAccuracy2" time="0.141"></testcase>
  <testcase classname="com.topcoder.registration.validation.accuracytests.AccuracyTestProjectInPhaseValidator" name="testProjectInPhaseValidator1Accuracy" time="0.203"></testcase>
  <testcase classname="com.topcoder.registration.validation.accuracytests.AccuracyTestProjectIdentifierConditionalValidator" name="testProjectIdentifierConditionalValidator1Accuracy" time="0.109"></testcase>
  <testcase classname="com.topcoder.registration.validation.accuracytests.AccuracyTestProjectIdentifierConditionalValidator" name="testGetMessageAccuracy" time="0.11"></testcase>
  <testcase classname="com.topcoder.registration.validation.accuracytests.AccuracyTestProjectIdentifierConditionalValidator" name="testSetRegistrationValidatorAccuracy" time="0.125"></testcase>
  <testcase classname="com.topcoder.registration.validation.accuracytests.AccuracyTestProjectCategoryConditionalValidator" name="testGetMessageAccuracy" time="0.094"></testcase>
  <testcase classname="com.topcoder.registration.validation.accuracytests.AccuracyTestProjectCategoryConditionalValidator" name="testSetRegistrationValidatorAccuracy" time="0.109"></testcase>
  <testcase classname="com.topcoder.registration.validation.accuracytests.AccuracyTestProjectCategoryConditionalValidator" name="testProjectCategoryConditionalValidator1Accuracy" time="0.187"></testcase>
  <testcase classname="com.topcoder.registration.validation.accuracytests.AccuracyTestOrValidator" name="testGetMessageAccuracy" time="0.11"></testcase>
  <testcase classname="com.topcoder.registration.validation.accuracytests.AccuracyTestOrValidator" name="testSetRegistrationValidatorAccuracy" time="0.109"></testcase>
  <testcase classname="com.topcoder.registration.validation.accuracytests.AccuracyTestOrValidator" name="testOrValidator1Accuracy" time="0.11"></testcase>
  <testcase classname="com.topcoder.registration.validation.accuracytests.AccuracyTestOrValidator" name="testOrValidator2Accuracy" time="0.109"></testcase>
  <testcase classname="com.topcoder.registration.validation.accuracytests.AccuracyTestOrValidator" name="testValidAccuracy" time="0.109"></testcase>
  <testcase classname="com.topcoder.registration.validation.accuracytests.AccuracyTestOrValidator" name="testGetMessagesAccuracy" time="0.203"></testcase>
  <testcase classname="com.topcoder.registration.validation.accuracytests.AccuracyTestOrValidator" name="testGetAllMessagesAccuracy1" time="0.11"></testcase>
  <testcase classname="com.topcoder.registration.validation.accuracytests.AccuracyTestOperationResultImpl" name="testOperationResultImpl1Accuracy" time="0.0"></testcase>
  <testcase classname="com.topcoder.registration.validation.accuracytests.AccuracyTestOperationResultImpl" name="testOperationResultImpl2Accuracy" time="0.0"></testcase>
  <testcase classname="com.topcoder.registration.validation.accuracytests.AccuracyTestOperationResultImpl" name="testSetSuccessfulAccuracy" time="0.0"></testcase>
  <testcase classname="com.topcoder.registration.validation.accuracytests.AccuracyTestOperationResultImpl" name="testGetErrorsAccuracy" time="0.0"></testcase>
  <testcase classname="com.topcoder.registration.validation.accuracytests.AccuracyTestOperationResultImpl" name="testSetErrorsAccuracy" time="0.0"></testcase>
  <testcase classname="com.topcoder.registration.validation.accuracytests.AccuracyTestNullValidator" name="testGetMessageAccuracy" time="0.109"></testcase>
  <testcase classname="com.topcoder.registration.validation.accuracytests.AccuracyTestNullValidator" name="testSetRegistrationValidatorAccuracy" time="0.11"></testcase>
  <testcase classname="com.topcoder.registration.validation.accuracytests.AccuracyTestNullValidator" name="testValidAccuracy" time="0.109"></testcase>
  <testcase classname="com.topcoder.registration.validation.accuracytests.AccuracyTestNullValidator" name="testGetMessagesAccuracy" time="0.219"></testcase>
  <testcase classname="com.topcoder.registration.validation.accuracytests.AccuracyTestNullValidator" name="testGetAllMessagesAccuracy1" time="0.265"></testcase>
  <testcase classname="com.topcoder.registration.validation.accuracytests.AccuracyTestNullValidator" name="testNullValidator1Accuracy" time="0.094"></testcase>
  <testcase classname="com.topcoder.registration.validation.accuracytests.AccuracyTestNullValidator" name="testNullValidator2Accuracy" time="0.125"></testcase>
  <testcase classname="com.topcoder.registration.validation.accuracytests.AccuracyTestNotValidator" name="testGetMessageAccuracy" time="0.125"></testcase>
  <testcase classname="com.topcoder.registration.validation.accuracytests.AccuracyTestNotValidator" name="testSetRegistrationValidatorAccuracy" time="0.094"></testcase>
  <testcase classname="com.topcoder.registration.validation.accuracytests.AccuracyTestNotValidator" name="testValidAccuracy" time="0.125"></testcase>
  <testcase classname="com.topcoder.registration.validation.accuracytests.AccuracyTestNotValidator" name="testGetMessagesAccuracy" time="0.125"></testcase>
  <testcase classname="com.topcoder.registration.validation.accuracytests.AccuracyTestNotValidator" name="testGetAllMessagesAccuracy1" time="0.219"></testcase>
  <testcase classname="com.topcoder.registration.validation.accuracytests.AccuracyTestNotValidator" name="testNotValidator2Accuracy" time="0.093"></testcase>
  <testcase classname="com.topcoder.registration.validation.accuracytests.AccuracyTestMemberNotTeamMemberForProjectValidator" name="testGetMessageAccuracy1" time="0.125"></testcase>
  <testcase classname="com.topcoder.registration.validation.accuracytests.AccuracyTestMemberNotTeamMemberForProjectValidator" name="testGetMessageAccuracy2" time="0.11"></testcase>
  <testcase classname="com.topcoder.registration.validation.accuracytests.AccuracyTestMemberNotTeamMemberForProjectValidator" name="testMemberNotTeamMemberForProjectValidator1Accuracy" time="0.109"></testcase>
  <testcase classname="com.topcoder.registration.validation.accuracytests.AccuracyTestMemberNotTeamCaptainWithMembersForProjectValidator" name="testGetMessageAccuracy1" time="0.109"></testcase>
  <testcase classname="com.topcoder.registration.validation.accuracytests.AccuracyTestMemberNotTeamCaptainWithMembersForProjectValidator" name="testGetMessageAccuracy2" time="0.219"></testcase>
  <testcase classname="com.topcoder.registration.validation.accuracytests.AccuracyTestMemberNotTeamCaptainWithMembersForProjectValidator" name="testMemberNotTeamCaptainWithMembersForProjectValidator1Accuracy" time="0.11"></testcase>
  <testcase classname="com.topcoder.registration.validation.accuracytests.AccuracyTestMemberNotRegisteredWithRoleForProjectValidator" name="testGetMessageAccuracy1" time="0.109"></testcase>
  <testcase classname="com.topcoder.registration.validation.accuracytests.AccuracyTestMemberNotRegisteredWithRoleForProjectValidator" name="testGetMessageAccuracy2" time="0.125"></testcase>
  <testcase classname="com.topcoder.registration.validation.accuracytests.AccuracyTestMemberNotRegisteredWithRoleForProjectValidator" name="testMemberNotRegisteredWithRoleForProjectValidator1Accuracy" time="0.094"></testcase>
  <testcase classname="com.topcoder.registration.validation.accuracytests.AccuracyTestMemberNotExceededMaxProjectRegistrationLimitValidator" name="testGetMessageAccuracy" time="0.109"></testcase>
  <testcase classname="com.topcoder.registration.validation.accuracytests.AccuracyTestMemberNotExceededMaxProjectRegistrationLimitValidator" name="testMemberNotExceededMaxProjectRegistrationLimitValidator1Accuracy" time="0.203"></testcase>
  <testcase classname="com.topcoder.registration.validation.accuracytests.AccuracyTestMemberNotBarredValidator" name="testGetMessageAccuracy1" time="0.11"></testcase>
  <testcase classname="com.topcoder.registration.validation.accuracytests.AccuracyTestMemberNotBarredValidator" name="testGetMessageAccuracy2" time="0.125"></testcase>
  <testcase classname="com.topcoder.registration.validation.accuracytests.AccuracyTestMemberNotBarredValidator" name="testMemberNotBarredValidator1Accuracy" time="0.109"></testcase>
  <testcase classname="com.topcoder.registration.validation.accuracytests.AccuracyTestMemberMinimumVolatilityForRatingTypeValidator" name="testGetMessageAccuracy1" time="0.094"></testcase>
  <testcase classname="com.topcoder.registration.validation.accuracytests.AccuracyTestMemberMinimumVolatilityForRatingTypeValidator" name="testGetMessageAccuracy2" time="0.125"></testcase>
  <testcase classname="com.topcoder.registration.validation.accuracytests.AccuracyTestMemberMinimumVolatilityForRatingTypeValidator" name="testMemberMinimumVolatilityForRatingTypeValidator1Accuracy" time="0.203"></testcase>
  <testcase classname="com.topcoder.registration.validation.accuracytests.AccuracyTestMemberMinimumReliabilityForRatingTypeValidator" name="testGetMessageAccuracy1" time="0.094"></testcase>
  <testcase classname="com.topcoder.registration.validation.accuracytests.AccuracyTestMemberMinimumReliabilityForRatingTypeValidator" name="testGetMessageAccuracy2" time="0.14"></testcase>
  <testcase classname="com.topcoder.registration.validation.accuracytests.AccuracyTestMemberMinimumReliabilityForRatingTypeValidator" name="testMemberMinimumReliabilityForRatingTypeValidator1Accuracy" time="0.11"></testcase>
  <testcase classname="com.topcoder.registration.validation.accuracytests.AccuracyTestMemberMinimumRatingForRatingTypeValidator" name="testGetMessageAccuracy1" time="0.109"></testcase>
  <testcase classname="com.topcoder.registration.validation.accuracytests.AccuracyTestMemberMinimumRatingForRatingTypeValidator" name="testGetMessageAccuracy2" time="0.125"></testcase>
  <testcase classname="com.topcoder.registration.validation.accuracytests.AccuracyTestMemberMinimumRatingForRatingTypeValidator" name="testMemberMinimumRatingForRatingTypeValidator1Accuracy" time="0.203"></testcase>
  <testcase classname="com.topcoder.registration.validation.accuracytests.AccuracyTestMemberMinimumNumberOfRatingsForRatingTypeValidator" name="testGetMessageAccuracy1" time="0.109"></testcase>
  <testcase classname="com.topcoder.registration.validation.accuracytests.AccuracyTestMemberMinimumNumberOfRatingsForRatingTypeValidator" name="testGetMessageAccuracy2" time="0.125"></testcase>
  <testcase classname="com.topcoder.registration.validation.accuracytests.AccuracyTestMemberMinimumNumberOfRatingsForRatingTypeValidator" name="testMemberMinimumNumberOfRatingsForRatingTypeValidator1Accuracy" time="0.11"></testcase>
  <testcase classname="com.topcoder.registration.validation.accuracytests.AccuracyTestAndValidator" name="testGetMessageAccuracy" time="0.109"></testcase>
  <testcase classname="com.topcoder.registration.validation.accuracytests.AccuracyTestAndValidator" name="testSetRegistrationValidatorAccuracy" time="0.11"></testcase>
  <testcase classname="com.topcoder.registration.validation.accuracytests.AccuracyTestAndValidator" name="testValidAccuracy" time="0.265"></testcase>
  <testcase classname="com.topcoder.registration.validation.accuracytests.AccuracyTestAndValidator" name="testGetMessagesAccuracy" time="0.188"></testcase>
  <testcase classname="com.topcoder.registration.validation.accuracytests.AccuracyTestAndValidator" name="testGetAllMessagesAccuracy1" time="0.109"></testcase>
  <testcase classname="com.topcoder.registration.validation.accuracytests.AccuracyTestAndValidator" name="testAndValidator1Accuracy" time="0.109"></testcase>
  <testcase classname="com.topcoder.registration.validation.accuracytests.AccuracyTestAndValidator" name="testAndValidator2Accuracy" time="0.11"></testcase>
  <testcase classname="com.topcoder.registration.validation.accuracytests.AccuracyTestDataValidationRegistrationValidator" name="testDataValidationRegistrationValidator1Accuracy" time="0.125"></testcase>
  <testcase classname="com.topcoder.registration.validation.accuracytests.AccuracyTestDataValidationRegistrationValidator" name="testDataValidationRegistrationValidatorAccuracy" time="0.172"></testcase>
  <testcase classname="com.topcoder.registration.validation.accuracytests.AccuracyTestDataValidationRegistrationValidator" name="testValidateAccuracy" time="0.125"></testcase>
  <testcase classname="com.topcoder.registration.validation.accuracytests.AccuracyTestDataValidationRegistrationValidator" name="testGetTeamManagerAccuracy" time="0.109"></testcase>
  <testcase classname="com.topcoder.registration.validation.accuracytests.AccuracyTestDataValidationRegistrationValidator" name="testGetProjectServicesAccuracy" time="0.094"></testcase>
  <testcase classname="com.topcoder.registration.validation.accuracytests.AccuracyTestDataValidationRegistrationValidator" name="testGetBanManagerAccuracy" time="0.172"></testcase>
  <testcase classname="com.topcoder.registration.validation.accuracytests.AccuracyTestDataValidationRegistrationValidator" name="testGetLogAccuracy" time="0.125"></testcase>
  <testcase classname="com.topcoder.registration.validation.accuracytests.AccuracyTestDataValidationRegistrationValidator" name="testGetValidatorAccuracy" time="0.109"></testcase>
  <testcase classname="com.topcoder.registration.validation.accuracytests.AccuracyTestProjectTypeConditionalValidator" name="testGetMessageAccuracy2" time="0.203"></testcase>
  <testcase classname="com.topcoder.registration.validation.accuracytests.AccuracyTestProjectTypeConditionalValidator" name="testGetMessageAccuracy" time="0.094"></testcase>
  <testcase classname="com.topcoder.registration.validation.accuracytests.AccuracyTestProjectTypeConditionalValidator" name="testSetRegistrationValidatorAccuracy" time="0.125"></testcase>
  <testcase classname="com.topcoder.registration.validation.accuracytests.AccuracyTestProjectTypeConditionalValidator" name="testProjectTypeConditionalValidator1Accuracy" time="0.109"></testcase>
  <testcase classname="com.topcoder.registration.validation.accuracytests.AccuracyTestRegisteringResourceRoleConditionalValidator" name="testGetMessageAccuracy2" time="0.11"></testcase>
  <testcase classname="com.topcoder.registration.validation.accuracytests.AccuracyTestRegisteringResourceRoleConditionalValidator" name="testGetMessageAccuracy" time="0.109"></testcase>
  <testcase classname="com.topcoder.registration.validation.accuracytests.AccuracyTestRegisteringResourceRoleConditionalValidator" name="testSetRegistrationValidatorAccuracy" time="0.188"></testcase>
  <testcase classname="com.topcoder.registration.validation.accuracytests.AccuracyTestRegisteringResourceRoleConditionalValidator" name="testRegisteringResourceRoleConditionalValidator1Accuracy" time="0.203"></testcase>
  <testcase classname="com.topcoder.registration.validation.accuracytests.AccuracyTestRegistrationValidationConfigurationException" name="testRegistrationValidationConfigurationExceptionString" time="0.0"></testcase>
  <testcase classname="com.topcoder.registration.validation.accuracytests.AccuracyTestRegistrationValidationConfigurationException" name="testRegistrationValidationConfigurationExceptionStringException" time="0.0"></testcase>
  <testcase classname="com.topcoder.registration.validation.accuracytests.AccuracyTestValidationInfo" name="testValidationInfo1Accuracy" time="0.0"></testcase>
  <testcase classname="com.topcoder.registration.validation.accuracytests.AccuracyTestValidationInfo" name="testValidationInfo2Accuracy" time="0.0"></testcase>
  <testcase classname="com.topcoder.registration.validation.accuracytests.AccuracyTestValidationInfo" name="testGetRegistrationAccuracy" time="0.0"></testcase>
  <testcase classname="com.topcoder.registration.validation.accuracytests.AccuracyTestValidationInfo" name="testSetRegistrationAccuracy" time="0.0"></testcase>
  <testcase classname="com.topcoder.registration.validation.accuracytests.AccuracyTestValidationInfo" name="testGetUserAccuracy" time="0.0"></testcase>
  <testcase classname="com.topcoder.registration.validation.accuracytests.AccuracyTestValidationInfo" name="testSetUserAccuracy" time="0.0"></testcase>
  <testcase classname="com.topcoder.registration.validation.accuracytests.AccuracyTestValidationInfo" name="testGetProjectAccuracy" time="0.0"></testcase>
  <testcase classname="com.topcoder.registration.validation.accuracytests.AccuracyTestValidationInfo" name="testSetProjectAccuracy" time="0.0"></testcase>
  <testcase classname="com.topcoder.registration.validation.accuracytests.AccuracyTestValidationProcessingException" name="testValidationProcessingExceptionString" time="0.0"></testcase>
  <testcase classname="com.topcoder.registration.validation.accuracytests.AccuracyTestValidationProcessingException" name="testValidationProcessingExceptionStringException" time="0.0"></testcase>
  <testcase classname="com.topcoder.registration.validation.failuretests.AbstractConfigurableValidatorFailureTests" name="testCtor_NullBundle" time="0.062"></testcase>
  <testcase classname="com.topcoder.registration.validation.failuretests.AbstractConfigurableValidatorFailureTests" name="testCtor_InvalidBundle" time="0.0"></testcase>
  <testcase classname="com.topcoder.registration.validation.failuretests.AbstractConfigurableValidatorFailureTests" name="testCtor_NullMessage" time="0.016"></testcase>
  <testcase classname="com.topcoder.registration.validation.failuretests.AbstractConfigurableValidatorFailureTests" name="testCtor_EmptyMessage" time="0.0"></testcase>
  <testcase classname="com.topcoder.registration.validation.failuretests.AbstractConfigurableValidatorFailureTests" name="testSetRegistrationValidator_NullDataValidationRegistrationValidator" time="0.015"></testcase>
  <testcase classname="com.topcoder.registration.validation.failuretests.AbstractConfigurableValidatorFailureTests" name="testValid_NullObj" time="0.0"></testcase>
  <testcase classname="com.topcoder.registration.validation.failuretests.AbstractConfigurableValidatorFailureTests" name="testValid_InvalidObj" time="0.016"></testcase>
  <testcase classname="com.topcoder.registration.validation.failuretests.AbstractConfigurableValidatorFailureTests" name="testValid_ValidationProcessingException" time="0.0"></testcase>
  <testcase classname="com.topcoder.registration.validation.failuretests.AbstractConfigurableValidatorFailureTests" name="testGetMessages_NullObject" time="0.016"></testcase>
  <testcase classname="com.topcoder.registration.validation.failuretests.AbstractConfigurableValidatorFailureTests" name="testGetMessages_InvalidObject" time="0.0"></testcase>
  <testcase classname="com.topcoder.registration.validation.failuretests.AbstractConfigurableValidatorFailureTests" name="testGetMessages_ValidationProcessingException" time="0.015"></testcase>
  <testcase classname="com.topcoder.registration.validation.failuretests.AbstractConfigurableValidatorFailureTests" name="testGetAllMessages_NullObject" time="0.0"></testcase>
  <testcase classname="com.topcoder.registration.validation.failuretests.AbstractConfigurableValidatorFailureTests" name="testGetAllMessages_InvalidObject" time="0.016"></testcase>
  <testcase classname="com.topcoder.registration.validation.failuretests.AbstractConfigurableValidatorFailureTests" name="testGetAllMessages_ValidationProcessingException" time="0.016"></testcase>
  <testcase classname="com.topcoder.registration.validation.failuretests.AbstractConfigurableValidatorFailureTests" name="testGetAllMessages2_NullObject" time="0.0"></testcase>
  <testcase classname="com.topcoder.registration.validation.failuretests.AbstractConfigurableValidatorFailureTests" name="testGetAllMessages2_InvalidObject" time="0.015"></testcase>
  <testcase classname="com.topcoder.registration.validation.failuretests.AbstractConfigurableValidatorFailureTests" name="testGetAllMessages2_ValidationProcessingException" time="0.0"></testcase>
  <testcase classname="com.topcoder.registration.validation.failuretests.AndValidatorFailureTests" name="testSetRegistrationValidator_NullDataValidationRegistrationValidator" time="0.016"></testcase>
  <testcase classname="com.topcoder.registration.validation.failuretests.AndValidatorFailureTests" name="testValid_NullObj" time="0.0"></testcase>
  <testcase classname="com.topcoder.registration.validation.failuretests.AndValidatorFailureTests" name="testValid_InvalidObj" time="0.0"></testcase>
  <testcase classname="com.topcoder.registration.validation.failuretests.AndValidatorFailureTests" name="testValid_ValidationProcessingException" time="0.015"></testcase>
  <testcase classname="com.topcoder.registration.validation.failuretests.AndValidatorFailureTests" name="testGetMessages_NullObject" time="0.0"></testcase>
  <testcase classname="com.topcoder.registration.validation.failuretests.AndValidatorFailureTests" name="testGetMessages_InvalidObject" time="0.016"></testcase>
  <testcase classname="com.topcoder.registration.validation.failuretests.AndValidatorFailureTests" name="testGetMessages_ValidationProcessingException" time="0.016"></testcase>
  <testcase classname="com.topcoder.registration.validation.failuretests.AndValidatorFailureTests" name="testGetAllMessages_NullObject" time="0.0"></testcase>
  <testcase classname="com.topcoder.registration.validation.failuretests.AndValidatorFailureTests" name="testGetAllMessages_InvalidObject" time="0.015"></testcase>
  <testcase classname="com.topcoder.registration.validation.failuretests.AndValidatorFailureTests" name="testGetAllMessages_ValidationProcessingException" time="0.0"></testcase>
  <testcase classname="com.topcoder.registration.validation.failuretests.AndValidatorFailureTests" name="testGetAllMessages2_NullObject" time="0.0"></testcase>
  <testcase classname="com.topcoder.registration.validation.failuretests.AndValidatorFailureTests" name="testGetAllMessages2_InvalidObject" time="0.016"></testcase>
  <testcase classname="com.topcoder.registration.validation.failuretests.AndValidatorFailureTests" name="testGetAllMessages2_ValidationProcessingException" time="0.0"></testcase>
  <testcase classname="com.topcoder.registration.validation.failuretests.AndValidatorFailureTests" name="testAndValidator_NullValidators" time="0.016"></testcase>
  <testcase classname="com.topcoder.registration.validation.failuretests.AndValidatorFailureTests" name="testAndValidator_NullValidator" time="0.0"></testcase>
  <testcase classname="com.topcoder.registration.validation.failuretests.AndValidatorFailureTests" name="testAndValidator_NullNamespace" time="0.015"></testcase>
  <testcase classname="com.topcoder.registration.validation.failuretests.AndValidatorFailureTests" name="testAndValidator_EmptyNamespace" time="0.016"></testcase>
  <testcase classname="com.topcoder.registration.validation.failuretests.AndValidatorFailureTests" name="testAndValidator_UnknownNS" time="0.0"></testcase>
  <testcase classname="com.topcoder.registration.validation.failuretests.AndValidatorFailureTests" name="testAndValidator_InvalidConfig1" time="0.015"></testcase>
  <testcase classname="com.topcoder.registration.validation.failuretests.AndValidatorFailureTests" name="testAndValidator_InvalidConfig2" time="0.016"></testcase>
  <testcase classname="com.topcoder.registration.validation.failuretests.AndValidatorFailureTests" name="testAndValidator_InvalidConfig4" time="0.016"></testcase>
  <testcase classname="com.topcoder.registration.validation.failuretests.AndValidatorFailureTests" name="testAndValidator_InvalidConfig5" time="0.015"></testcase>
  <testcase classname="com.topcoder.registration.validation.failuretests.AndValidatorFailureTests" name="testAndValidator_InvalidConfig6" time="0.016"></testcase>
  <testcase classname="com.topcoder.registration.validation.failuretests.AndValidatorFailureTests" name="testAndValidator_InvalidConfig7" time="0.016"></testcase>
  <testcase classname="com.topcoder.registration.validation.failuretests.AndValidatorFailureTests" name="testAndValidator_InvalidConfig8" time="0.015"></testcase>
  <testcase classname="com.topcoder.registration.validation.failuretests.AndValidatorFailureTests" name="testAndValidator_InvalidConfig9" time="0.016"></testcase>
  <testcase classname="com.topcoder.registration.validation.failuretests.AndValidatorFailureTests" name="testAndValidator_InvalidConfig10" time="0.0"></testcase>
  <testcase classname="com.topcoder.registration.validation.failuretests.AndValidatorFailureTests" name="testGetMessage_NullObj" time="0.015"></testcase>
  <testcase classname="com.topcoder.registration.validation.failuretests.AndValidatorFailureTests" name="testGetMessage_InvalidObj" time="0.016"></testcase>
  <testcase classname="com.topcoder.registration.validation.failuretests.AndValidatorFailureTests" name="testGetMessage_ValidationProcessingException" time="0.0"></testcase>
  <testcase classname="com.topcoder.registration.validation.failuretests.DataValidationRegistrationValidatorFailureTests" name="testDataValidationRegistrationValidator_NullNamespace" time="0.016"></testcase>
  <testcase classname="com.topcoder.registration.validation.failuretests.DataValidationRegistrationValidatorFailureTests" name="testDataValidationRegistrationValidator_EmptyNamespace" time="0.0"></testcase>
  <testcase classname="com.topcoder.registration.validation.failuretests.DataValidationRegistrationValidatorFailureTests" name="testDataValidationRegistrationValidator_UnknownNamespace" time="0.015"></testcase>
  <testcase classname="com.topcoder.registration.validation.failuretests.DataValidationRegistrationValidatorFailureTests" name="testDataValidationRegistrationValidator_InvalidConfig1" time="0.016"></testcase>
  <testcase classname="com.topcoder.registration.validation.failuretests.DataValidationRegistrationValidatorFailureTests" name="testDataValidationRegistrationValidator_InvalidConfig2" time="0.016"></testcase>
  <testcase classname="com.topcoder.registration.validation.failuretests.DataValidationRegistrationValidatorFailureTests" name="testDataValidationRegistrationValidator_InvalidConfig3" time="0.015"></testcase>
  <testcase classname="com.topcoder.registration.validation.failuretests.DataValidationRegistrationValidatorFailureTests" name="testDataValidationRegistrationValidator_InvalidConfig4" time="0.016"></testcase>
  <testcase classname="com.topcoder.registration.validation.failuretests.DataValidationRegistrationValidatorFailureTests" name="testDataValidationRegistrationValidator_InvalidConfig5" time="0.015"></testcase>
  <testcase classname="com.topcoder.registration.validation.failuretests.DataValidationRegistrationValidatorFailureTests" name="testDataValidationRegistrationValidator_InvalidConfig6" time="0.016"></testcase>
  <testcase classname="com.topcoder.registration.validation.failuretests.DataValidationRegistrationValidatorFailureTests" name="testDataValidationRegistrationValidator_InvalidConfig7" time="0.016"></testcase>
  <testcase classname="com.topcoder.registration.validation.failuretests.DataValidationRegistrationValidatorFailureTests" name="testDataValidationRegistrationValidator_InvalidConfig8" time="0.015"></testcase>
  <testcase classname="com.topcoder.registration.validation.failuretests.DataValidationRegistrationValidatorFailureTests" name="testDataValidationRegistrationValidator_InvalidConfig9" time="0.016"></testcase>
  <testcase classname="com.topcoder.registration.validation.failuretests.DataValidationRegistrationValidatorFailureTests" name="testDataValidationRegistrationValidator_InvalidConfig10" time="0.016"></testcase>
  <testcase classname="com.topcoder.registration.validation.failuretests.DataValidationRegistrationValidatorFailureTests" name="testDataValidationRegistrationValidator_InvalidConfig11" time="0.015"></testcase>
  <testcase classname="com.topcoder.registration.validation.failuretests.DataValidationRegistrationValidatorFailureTests" name="testDataValidationRegistrationValidator_InvalidConfig12" time="0.016"></testcase>
  <testcase classname="com.topcoder.registration.validation.failuretests.DataValidationRegistrationValidatorFailureTests" name="testDataValidationRegistrationValidator_InvalidConfig13" time="0.015"></testcase>
  <testcase classname="com.topcoder.registration.validation.failuretests.DataValidationRegistrationValidatorFailureTests" name="testDataValidationRegistrationValidator_InvalidConfig14" time="0.016"></testcase>
  <testcase classname="com.topcoder.registration.validation.failuretests.DataValidationRegistrationValidatorFailureTests" name="testDataValidationRegistrationValidator_InvalidConfig15" time="0.016"></testcase>
  <testcase classname="com.topcoder.registration.validation.failuretests.DataValidationRegistrationValidatorFailureTests" name="testDataValidationRegistrationValidator_InvalidConfig16" time="0.015"></testcase>
  <testcase classname="com.topcoder.registration.validation.failuretests.DataValidationRegistrationValidatorFailureTests" name="testDataValidationRegistrationValidator_InvalidConfig17" time="0.016"></testcase>
  <testcase classname="com.topcoder.registration.validation.failuretests.DataValidationRegistrationValidatorFailureTests" name="testDataValidationRegistrationValidator_InvalidConfig18" time="0.016"></testcase>
  <testcase classname="com.topcoder.registration.validation.failuretests.DataValidationRegistrationValidatorFailureTests" name="testDataValidationRegistrationValidator_InvalidConfig19" time="0.015"></testcase>
  <testcase classname="com.topcoder.registration.validation.failuretests.DataValidationRegistrationValidatorFailureTests" name="testDataValidationRegistrationValidator_InvalidConfig20" time="0.016"></testcase>
  <testcase classname="com.topcoder.registration.validation.failuretests.DataValidationRegistrationValidatorFailureTests" name="testDataValidationRegistrationValidator_InvalidConfig21" time="0.015"></testcase>
  <testcase classname="com.topcoder.registration.validation.failuretests.DataValidationRegistrationValidatorFailureTests" name="testDataValidationRegistrationValidator_InvalidConfig22" time="0.016"></testcase>
  <testcase classname="com.topcoder.registration.validation.failuretests.DataValidationRegistrationValidatorFailureTests" name="testDataValidationRegistrationValidator_InvalidConfig23" time="0.016"></testcase>
  <testcase classname="com.topcoder.registration.validation.failuretests.DataValidationRegistrationValidatorFailureTests" name="testDataValidationRegistrationValidator_InvalidConfig24" time="0.015"></testcase>
  <testcase classname="com.topcoder.registration.validation.failuretests.DataValidationRegistrationValidatorFailureTests" name="testDataValidationRegistrationValidator_InvalidConfig25" time="0.0"></testcase>
  <testcase classname="com.topcoder.registration.validation.failuretests.DataValidationRegistrationValidatorFailureTests" name="testDataValidationRegistrationValidator_InvalidConfig26" time="0.016"></testcase>
  <testcase classname="com.topcoder.registration.validation.failuretests.DataValidationRegistrationValidatorFailureTests" name="testDataValidationRegistrationValidator_NullTeamManager" time="0.0"></testcase>
  <testcase classname="com.topcoder.registration.validation.failuretests.DataValidationRegistrationValidatorFailureTests" name="testDataValidationRegistrationValidator_NullProjectServices" time="0.015"></testcase>
  <testcase classname="com.topcoder.registration.validation.failuretests.DataValidationRegistrationValidatorFailureTests" name="testDataValidationRegistrationValidator_NullBanManager" time="0.0"></testcase>
  <testcase classname="com.topcoder.registration.validation.failuretests.DataValidationRegistrationValidatorFailureTests" name="testDataValidationRegistrationValidator_NullValidator" time="0.016"></testcase>
  <testcase classname="com.topcoder.registration.validation.failuretests.DataValidationRegistrationValidatorFailureTests" name="testValidate_NullRegistration" time="0.0"></testcase>
  <testcase classname="com.topcoder.registration.validation.failuretests.DataValidationRegistrationValidatorFailureTests" name="testValidate_NullUser" time="0.015"></testcase>
  <testcase classname="com.topcoder.registration.validation.failuretests.DataValidationRegistrationValidatorFailureTests" name="testValidate_NullProject" time="0.0"></testcase>
  <testcase classname="com.topcoder.registration.validation.failuretests.DataValidationRegistrationValidatorFailureTests" name="testValidate_ValidationProcessingException" time="0.016"></testcase>
  <testcase classname="com.topcoder.registration.validation.failuretests.MemberMinimumNumberOfRatingsForRatingTypeValidatorFailureTests" name="testGetMessage_NullObj" time="0.0"></testcase>
  <testcase classname="com.topcoder.registration.validation.failuretests.MemberMinimumNumberOfRatingsForRatingTypeValidatorFailureTests" name="testGetMessage_InvalidObj" time="0.016"></testcase>
  <testcase classname="com.topcoder.registration.validation.failuretests.MemberMinimumNumberOfRatingsForRatingTypeValidatorFailureTests" name="testMemberMinimumNumberOfRatingsForRatingTypeValidator_EmptyBundleInfo" time="0.0"></testcase>
  <testcase classname="com.topcoder.registration.validation.failuretests.MemberMinimumNumberOfRatingsForRatingTypeValidatorFailureTests" name="testMemberMinimumNumberOfRatingsForRatingTypeValidator_NullBundleInfo" time="0.015"></testcase>
  <testcase classname="com.topcoder.registration.validation.failuretests.MemberMinimumNumberOfRatingsForRatingTypeValidatorFailureTests" name="testMemberMinimumNumberOfRatingsForRatingTypeValidator_NegativeMinimumNumRatings" time="0.0"></testcase>
  <testcase classname="com.topcoder.registration.validation.failuretests.MemberMinimumNumberOfRatingsForRatingTypeValidatorFailureTests" name="testMemberMinimumNumberOfRatingsForRatingTypeValidator_NullRatingType" time="0.047"></testcase>
  <testcase classname="com.topcoder.registration.validation.failuretests.MemberMinimumNumberOfRatingsForRatingTypeValidatorFailureTests" name="testMemberMinimumNumberOfRatingsForRatingTypeValidator_NullNamespace" time="0.0"></testcase>
  <testcase classname="com.topcoder.registration.validation.failuretests.MemberMinimumNumberOfRatingsForRatingTypeValidatorFailureTests" name="testMemberMinimumNumberOfRatingsForRatingTypeValidator_EmptyNamespace" time="0.016"></testcase>
  <testcase classname="com.topcoder.registration.validation.failuretests.MemberMinimumNumberOfRatingsForRatingTypeValidatorFailureTests" name="testMemberMinimumNumberOfRatingsForRatingTypeValidator_UnknownNamespace" time="0.0"></testcase>
  <testcase classname="com.topcoder.registration.validation.failuretests.MemberMinimumNumberOfRatingsForRatingTypeValidatorFailureTests" name="testMemberMinimumNumberOfRatingsForRatingTypeValidator_InvalidConfig1" time="0.125"></testcase>
  <testcase classname="com.topcoder.registration.validation.failuretests.MemberMinimumNumberOfRatingsForRatingTypeValidatorFailureTests" name="testMemberMinimumNumberOfRatingsForRatingTypeValidator_InvalidConfig2" time="0.015"></testcase>
  <testcase classname="com.topcoder.registration.validation.failuretests.MemberMinimumNumberOfRatingsForRatingTypeValidatorFailureTests" name="testMemberMinimumNumberOfRatingsForRatingTypeValidator_InvalidConfig3" time="0.016"></testcase>
  <testcase classname="com.topcoder.registration.validation.failuretests.MemberMinimumNumberOfRatingsForRatingTypeValidatorFailureTests" name="testMemberMinimumNumberOfRatingsForRatingTypeValidator_InvalidConfig4" time="0.016"></testcase>
  <testcase classname="com.topcoder.registration.validation.failuretests.MemberMinimumNumberOfRatingsForRatingTypeValidatorFailureTests" name="testMemberMinimumNumberOfRatingsForRatingTypeValidator_InvalidConfig5" time="0.0"></testcase>
  <testcase classname="com.topcoder.registration.validation.failuretests.MemberMinimumRatingForRatingTypeValidatorFailureTests" name="testGetMessage_NullObj" time="0.015"></testcase>
  <testcase classname="com.topcoder.registration.validation.failuretests.MemberMinimumRatingForRatingTypeValidatorFailureTests" name="testGetMessage_InvalidObj" time="0.0"></testcase>
  <testcase classname="com.topcoder.registration.validation.failuretests.MemberMinimumRatingForRatingTypeValidatorFailureTests" name="testMemberMinimumRatingForRatingTypeValidator_EmptyBundleInfo" time="0.016"></testcase>
  <testcase classname="com.topcoder.registration.validation.failuretests.MemberMinimumRatingForRatingTypeValidatorFailureTests" name="testMemberMinimumRatingForRatingTypeValidator_NullBundleInfo" time="0.0"></testcase>
  <testcase classname="com.topcoder.registration.validation.failuretests.MemberMinimumRatingForRatingTypeValidatorFailureTests" name="testMemberMinimumRatingForRatingTypeValidator_NegativeMinimumRating" time="0.016"></testcase>
  <testcase classname="com.topcoder.registration.validation.failuretests.MemberMinimumRatingForRatingTypeValidatorFailureTests" name="testMemberMinimumRatingForRatingTypeValidator_NullRatingType" time="0.015"></testcase>
  <testcase classname="com.topcoder.registration.validation.failuretests.MemberMinimumRatingForRatingTypeValidatorFailureTests" name="testMemberMinimumRatingForRatingTypeValidator_NullNamespace" time="0.0"></testcase>
  <testcase classname="com.topcoder.registration.validation.failuretests.MemberMinimumRatingForRatingTypeValidatorFailureTests" name="testMemberMinimumRatingForRatingTypeValidator_EmptyNamespace" time="0.0"></testcase>
  <testcase classname="com.topcoder.registration.validation.failuretests.MemberMinimumRatingForRatingTypeValidatorFailureTests" name="testMemberMinimumRatingForRatingTypeValidator_UnknownNamespace" time="0.0"></testcase>
  <testcase classname="com.topcoder.registration.validation.failuretests.MemberMinimumRatingForRatingTypeValidatorFailureTests" name="testMemberMinimumRatingForRatingTypeValidator_InvalidConfig1" time="0.015"></testcase>
  <testcase classname="com.topcoder.registration.validation.failuretests.MemberMinimumRatingForRatingTypeValidatorFailureTests" name="testMemberMinimumRatingForRatingTypeValidator_InvalidConfig2" time="0.016"></testcase>
  <testcase classname="com.topcoder.registration.validation.failuretests.MemberMinimumRatingForRatingTypeValidatorFailureTests" name="testMemberMinimumRatingForRatingTypeValidator_InvalidConfig3" time="0.0"></testcase>
  <testcase classname="com.topcoder.registration.validation.failuretests.MemberMinimumRatingForRatingTypeValidatorFailureTests" name="testMemberMinimumRatingForRatingTypeValidator_InvalidConfig4" time="0.016"></testcase>
  <testcase classname="com.topcoder.registration.validation.failuretests.MemberMinimumRatingForRatingTypeValidatorFailureTests" name="testMemberMinimumRatingForRatingTypeValidator_InvalidConfig5" time="0.015"></testcase>
  <testcase classname="com.topcoder.registration.validation.failuretests.MemberMinimumReliabilityForRatingTypeValidatorFailureTests" name="testGetMessage_NullObj" time="0.016"></testcase>
  <testcase classname="com.topcoder.registration.validation.failuretests.MemberMinimumReliabilityForRatingTypeValidatorFailureTests" name="testGetMessage_InvalidObj" time="0.0"></testcase>
  <testcase classname="com.topcoder.registration.validation.failuretests.MemberMinimumReliabilityForRatingTypeValidatorFailureTests" name="testMemberMinimumReliabilityForRatingTypeValidator_NullBundleInfo" time="0.016"></testcase>
  <testcase classname="com.topcoder.registration.validation.failuretests.MemberMinimumReliabilityForRatingTypeValidatorFailureTests" name="testMemberMinimumReliabilityForRatingTypeValidator_EmptyBundleInfo" time="0.0"></testcase>
  <testcase classname="com.topcoder.registration.validation.failuretests.MemberMinimumReliabilityForRatingTypeValidatorFailureTests" name="testMemberMinimumReliabilityForRatingTypeValidator_NegativeMinimumReliability" time="0.015"></testcase>
  <testcase classname="com.topcoder.registration.validation.failuretests.MemberMinimumReliabilityForRatingTypeValidatorFailureTests" name="testMemberMinimumReliabilityForRatingTypeValidator_NullRatingType" time="0.0"></testcase>
  <testcase classname="com.topcoder.registration.validation.failuretests.MemberMinimumReliabilityForRatingTypeValidatorFailureTests" name="testMemberMinimumReliabilityForRatingTypeValidator_NullNamespace" time="0.016"></testcase>
  <testcase classname="com.topcoder.registration.validation.failuretests.MemberMinimumReliabilityForRatingTypeValidatorFailureTests" name="testMemberMinimumReliabilityForRatingTypeValidator_EmptyNamespace" time="0.0"></testcase>
  <testcase classname="com.topcoder.registration.validation.failuretests.MemberMinimumReliabilityForRatingTypeValidatorFailureTests" name="testMemberMinimumReliabilityForRatingTypeValidator_UnknownNamespace" time="0.015"></testcase>
  <testcase classname="com.topcoder.registration.validation.failuretests.MemberMinimumReliabilityForRatingTypeValidatorFailureTests" name="testMemberMinimumReliabilityForRatingTypeValidator_InvalidConfig1" time="0.0"></testcase>
  <testcase classname="com.topcoder.registration.validation.failuretests.MemberMinimumReliabilityForRatingTypeValidatorFailureTests" name="testMemberMinimumReliabilityForRatingTypeValidator_InvalidConfig2" time="0.016"></testcase>
  <testcase classname="com.topcoder.registration.validation.failuretests.MemberMinimumReliabilityForRatingTypeValidatorFailureTests" name="testMemberMinimumReliabilityForRatingTypeValidator_InvalidConfig3" time="0.016"></testcase>
  <testcase classname="com.topcoder.registration.validation.failuretests.MemberMinimumReliabilityForRatingTypeValidatorFailureTests" name="testMemberMinimumReliabilityForRatingTypeValidator_InvalidConfig4" time="0.015"></testcase>
  <testcase classname="com.topcoder.registration.validation.failuretests.MemberMinimumReliabilityForRatingTypeValidatorFailureTests" name="testMemberMinimumReliabilityForRatingTypeValidator_InvalidConfig5" time="0.016"></testcase>
  <testcase classname="com.topcoder.registration.validation.failuretests.MemberMinimumVolatilityForRatingTypeValidatorFailureTests" name="testGetMessage_NullObj" time="0.0"></testcase>
  <testcase classname="com.topcoder.registration.validation.failuretests.MemberMinimumVolatilityForRatingTypeValidatorFailureTests" name="testGetMessage_InvalidObj" time="0.016"></testcase>
  <testcase classname="com.topcoder.registration.validation.failuretests.MemberMinimumVolatilityForRatingTypeValidatorFailureTests" name="testMemberMinimumVolatilityForRatingTypeValidator_NullBundleInfo" time="0.0"></testcase>
  <testcase classname="com.topcoder.registration.validation.failuretests.MemberMinimumVolatilityForRatingTypeValidatorFailureTests" name="testMemberMinimumVolatilityForRatingTypeValidator_EmptyBundleInfo" time="0.015"></testcase>
  <testcase classname="com.topcoder.registration.validation.failuretests.MemberMinimumVolatilityForRatingTypeValidatorFailureTests" name="testMemberMinimumVolatilityForRatingTypeValidator_NegativeMinimumVolatility" time="0.0"></testcase>
  <testcase classname="com.topcoder.registration.validation.failuretests.MemberMinimumVolatilityForRatingTypeValidatorFailureTests" name="testMemberMinimumVolatilityForRatingTypeValidator_NullRatingType" time="0.016"></testcase>
  <testcase classname="com.topcoder.registration.validation.failuretests.MemberMinimumVolatilityForRatingTypeValidatorFailureTests" name="testMemberMinimumVolatilityForRatingTypeValidator_NullNamespace" time="0.0"></testcase>
  <testcase classname="com.topcoder.registration.validation.failuretests.MemberMinimumVolatilityForRatingTypeValidatorFailureTests" name="testMemberMinimumVolatilityForRatingTypeValidator_EmptyNamespace" time="0.015"></testcase>
  <testcase classname="com.topcoder.registration.validation.failuretests.MemberMinimumVolatilityForRatingTypeValidatorFailureTests" name="testMemberMinimumVolatilityForRatingTypeValidator_UnknownNamespace" time="0.0"></testcase>
  <testcase classname="com.topcoder.registration.validation.failuretests.MemberMinimumVolatilityForRatingTypeValidatorFailureTests" name="testMemberMinimumVolatilityForRatingTypeValidator_InvalidConfig1" time="0.016"></testcase>
  <testcase classname="com.topcoder.registration.validation.failuretests.MemberMinimumVolatilityForRatingTypeValidatorFailureTests" name="testMemberMinimumVolatilityForRatingTypeValidator_InvalidConfig2" time="0.016"></testcase>
  <testcase classname="com.topcoder.registration.validation.failuretests.MemberMinimumVolatilityForRatingTypeValidatorFailureTests" name="testMemberMinimumVolatilityForRatingTypeValidator_InvalidConfig3" time="0.015"></testcase>
  <testcase classname="com.topcoder.registration.validation.failuretests.MemberMinimumVolatilityForRatingTypeValidatorFailureTests" name="testMemberMinimumVolatilityForRatingTypeValidator_InvalidConfig4" time="0.0"></testcase>
  <testcase classname="com.topcoder.registration.validation.failuretests.MemberMinimumVolatilityForRatingTypeValidatorFailureTests" name="testMemberMinimumVolatilityForRatingTypeValidator_InvalidConfig5" time="0.016"></testcase>
  <testcase classname="com.topcoder.registration.validation.failuretests.MemberNotBarredValidatorFailureTests" name="testGetMessage_NullObj" time="0.016"></testcase>
  <testcase classname="com.topcoder.registration.validation.failuretests.MemberNotBarredValidatorFailureTests" name="testGetMessage_InvalidObj" time="0.0"></testcase>
  <testcase classname="com.topcoder.registration.validation.failuretests.MemberNotBarredValidatorFailureTests" name="testMemberNotBarredValidator_NullBundleInfo" time="0.015"></testcase>
  <testcase classname="com.topcoder.registration.validation.failuretests.MemberNotBarredValidatorFailureTests" name="testMemberNotBarredValidator_EmptyBundleInfo" time="0.0"></testcase>
  <testcase classname="com.topcoder.registration.validation.failuretests.MemberNotBarredValidatorFailureTests" name="testMemberNotBarredValidator_NullNamespace" time="0.016"></testcase>
  <testcase classname="com.topcoder.registration.validation.failuretests.MemberNotBarredValidatorFailureTests" name="testMemberNotBarredValidator_EmptyNamespace" time="0.0"></testcase>
  <testcase classname="com.topcoder.registration.validation.failuretests.MemberNotBarredValidatorFailureTests" name="testMemberNotBarredValidator_UnknownNamespace" time="0.015"></testcase>
  <testcase classname="com.topcoder.registration.validation.failuretests.MemberNotBarredValidatorFailureTests" name="testMemberNotBarredValidator_InvalidConfig1" time="0.0"></testcase>
  <testcase classname="com.topcoder.registration.validation.failuretests.MemberNotExceededMaxProjectRegistrationLimitValidatorFailureTests" name="testGetMessage_NullObj" time="0.016"></testcase>
  <testcase classname="com.topcoder.registration.validation.failuretests.MemberNotExceededMaxProjectRegistrationLimitValidatorFailureTests" name="testGetMessage_InvalidObj" time="0.0"></testcase>
  <testcase classname="com.topcoder.registration.validation.failuretests.MemberNotExceededMaxProjectRegistrationLimitValidatorFailureTests" name="testMemberNotExceededMaxProjectRegistrationLimitValidator_EmptyBundleInfo" time="0.016"></testcase>
  <testcase classname="com.topcoder.registration.validation.failuretests.MemberNotExceededMaxProjectRegistrationLimitValidatorFailureTests" name="testMemberNotExceededMaxProjectRegistrationLimitValidator_NullBundleInfo" time="0.015"></testcase>
  <testcase classname="com.topcoder.registration.validation.failuretests.MemberNotExceededMaxProjectRegistrationLimitValidatorFailureTests" name="testMemberNotExceededMaxProjectRegistrationLimitValidator_NegativeMaxRegistrationCount" time="0.0"></testcase>
  <testcase classname="com.topcoder.registration.validation.failuretests.MemberNotExceededMaxProjectRegistrationLimitValidatorFailureTests" name="testMemberNotExceededMaxProjectRegistrationLimitValidator_NullNamespace" time="0.016"></testcase>
  <testcase classname="com.topcoder.registration.validation.failuretests.MemberNotExceededMaxProjectRegistrationLimitValidatorFailureTests" name="testMemberNotExceededMaxProjectRegistrationLimitValidator_EmptyNamespace" time="0.0"></testcase>
  <testcase classname="com.topcoder.registration.validation.failuretests.MemberNotExceededMaxProjectRegistrationLimitValidatorFailureTests" name="testMemberNotExceededMaxProjectRegistrationLimitValidator_UnknownNamespace" time="0.0"></testcase>
  <testcase classname="com.topcoder.registration.validation.failuretests.MemberNotExceededMaxProjectRegistrationLimitValidatorFailureTests" name="testMemberNotExceededMaxProjectRegistrationLimitValidator_InvalidConfig1" time="0.0"></testcase>
  <testcase classname="com.topcoder.registration.validation.failuretests.MemberNotExceededMaxProjectRegistrationLimitValidatorFailureTests" name="testMemberNotExceededMaxProjectRegistrationLimitValidator_InvalidConfig2" time="0.015"></testcase>
  <testcase classname="com.topcoder.registration.validation.failuretests.MemberNotExceededMaxProjectRegistrationLimitValidatorFailureTests" name="testMemberNotExceededMaxProjectRegistrationLimitValidator_InvalidConfig3" time="0.016"></testcase>
  <testcase classname="com.topcoder.registration.validation.failuretests.MemberNotExceededMaxProjectRegistrationLimitValidatorFailureTests" name="testMemberNotExceededMaxProjectRegistrationLimitValidator_InvalidConfig4" time="0.015"></testcase>
  <testcase classname="com.topcoder.registration.validation.failuretests.MemberNotRegisteredWithRoleForProjectValidatorFailureTests" name="testGetMessage_NullObj" time="0.0"></testcase>
  <testcase classname="com.topcoder.registration.validation.failuretests.MemberNotRegisteredWithRoleForProjectValidatorFailureTests" name="testGetMessage_InvalidObj" time="0.016"></testcase>
  <testcase classname="com.topcoder.registration.validation.failuretests.MemberNotRegisteredWithRoleForProjectValidatorFailureTests" name="testMemberNotRegisteredWithRoleForProjectValidator_EmptyBundleInfo" time="0.0"></testcase>
  <testcase classname="com.topcoder.registration.validation.failuretests.MemberNotRegisteredWithRoleForProjectValidatorFailureTests" name="testMemberNotRegisteredWithRoleForProjectValidator_NullBundleInfo" time="0.016"></testcase>
  <testcase classname="com.topcoder.registration.validation.failuretests.MemberNotRegisteredWithRoleForProjectValidatorFailureTests" name="testMemberNotRegisteredWithRoleForProjectValidator_NegativeRoleId" time="0.0"></testcase>
  <testcase classname="com.topcoder.registration.validation.failuretests.MemberNotRegisteredWithRoleForProjectValidatorFailureTests" name="testMemberNotRegisteredWithRoleForProjectValidator_NullNamespace" time="0.015"></testcase>
  <testcase classname="com.topcoder.registration.validation.failuretests.MemberNotRegisteredWithRoleForProjectValidatorFailureTests" name="testMemberNotRegisteredWithRoleForProjectValidator_EmptyNamespace" time="0.0"></testcase>
  <testcase classname="com.topcoder.registration.validation.failuretests.MemberNotRegisteredWithRoleForProjectValidatorFailureTests" name="testMemberNotRegisteredWithRoleForProjectValidator_UnknownNamespace" time="0.016"></testcase>
  <testcase classname="com.topcoder.registration.validation.failuretests.MemberNotRegisteredWithRoleForProjectValidatorFailureTests" name="testMemberNotRegisteredWithRoleForProjectValidator_InvalidConfig1" time="0.016"></testcase>
  <testcase classname="com.topcoder.registration.validation.failuretests.MemberNotRegisteredWithRoleForProjectValidatorFailureTests" name="testMemberNotRegisteredWithRoleForProjectValidator_InvalidConfig2" time="0.0"></testcase>
  <testcase classname="com.topcoder.registration.validation.failuretests.MemberNotRegisteredWithRoleForProjectValidatorFailureTests" name="testMemberNotRegisteredWithRoleForProjectValidator_InvalidConfig3" time="0.015"></testcase>
  <testcase classname="com.topcoder.registration.validation.failuretests.MemberNotRegisteredWithRoleForProjectValidatorFailureTests" name="testMemberNotRegisteredWithRoleForProjectValidator_InvalidConfig4" time="0.016"></testcase>
  <testcase classname="com.topcoder.registration.validation.failuretests.MemberNotTeamCaptainWithMembersForProjectValidatorFailureTests" name="testGetMessage_NullObj" time="0.0"></testcase>
  <testcase classname="com.topcoder.registration.validation.failuretests.MemberNotTeamCaptainWithMembersForProjectValidatorFailureTests" name="testGetMessage_InvalidObj" time="0.015"></testcase>
  <testcase classname="com.topcoder.registration.validation.failuretests.MemberNotTeamCaptainWithMembersForProjectValidatorFailureTests" name="testMemberNotTeamCaptainWithMembersForProjectValidator_EmptyBundleInfo" time="0.016"></testcase>
  <testcase classname="com.topcoder.registration.validation.failuretests.MemberNotTeamCaptainWithMembersForProjectValidatorFailureTests" name="testMemberNotTeamCaptainWithMembersForProjectValidator_NullBundleInfo" time="0.0"></testcase>
  <testcase classname="com.topcoder.registration.validation.failuretests.MemberNotTeamCaptainWithMembersForProjectValidatorFailureTests" name="testMemberNotTeamCaptainWithMembersForProjectValidator_NegativeTeamCaptainRoleId" time="0.016"></testcase>
  <testcase classname="com.topcoder.registration.validation.failuretests.MemberNotTeamCaptainWithMembersForProjectValidatorFailureTests" name="testMemberNotTeamCaptainWithMembersForProjectValidator_NullNamespace" time="0.0"></testcase>
  <testcase classname="com.topcoder.registration.validation.failuretests.MemberNotTeamCaptainWithMembersForProjectValidatorFailureTests" name="testMemberNotTeamCaptainWithMembersForProjectValidator_EmptyNamespace" time="0.015"></testcase>
  <testcase classname="com.topcoder.registration.validation.failuretests.MemberNotTeamCaptainWithMembersForProjectValidatorFailureTests" name="testMemberNotTeamCaptainWithMembersForProjectValidator_UnknownNamespace" time="0.0"></testcase>
  <testcase classname="com.topcoder.registration.validation.failuretests.MemberNotTeamCaptainWithMembersForProjectValidatorFailureTests" name="testMemberNotTeamCaptainWithMembersForProjectValidator_InvalidConfig1" time="0.016"></testcase>
  <testcase classname="com.topcoder.registration.validation.failuretests.MemberNotTeamCaptainWithMembersForProjectValidatorFailureTests" name="testMemberNotTeamCaptainWithMembersForProjectValidator_InvalidConfig2" time="0.016"></testcase>
  <testcase classname="com.topcoder.registration.validation.failuretests.MemberNotTeamCaptainWithMembersForProjectValidatorFailureTests" name="testMemberNotTeamCaptainWithMembersForProjectValidator_InvalidConfig3" time="0.015"></testcase>
  <testcase classname="com.topcoder.registration.validation.failuretests.MemberNotTeamCaptainWithMembersForProjectValidatorFailureTests" name="testMemberNotTeamCaptainWithMembersForProjectValidator_InvalidConfig4" time="0.0"></testcase>
  <testcase classname="com.topcoder.registration.validation.failuretests.MemberNotTeamMemberForProjectValidatorFailureTests" name="testGetMessage_NullObj" time="0.016"></testcase>
  <testcase classname="com.topcoder.registration.validation.failuretests.MemberNotTeamMemberForProjectValidatorFailureTests" name="testGetMessage_InvalidObj" time="0.015"></testcase>
  <testcase classname="com.topcoder.registration.validation.failuretests.MemberNotTeamMemberForProjectValidatorFailureTests" name="testMemberNotTeamMemberForProjectValidator_NullBundleInfo" time="0.0"></testcase>
  <testcase classname="com.topcoder.registration.validation.failuretests.MemberNotTeamMemberForProjectValidatorFailureTests" name="testMemberNotTeamMemberForProjectValidator_EmptyBundleInfo" time="0.016"></testcase>
  <testcase classname="com.topcoder.registration.validation.failuretests.MemberNotTeamMemberForProjectValidatorFailureTests" name="testMemberNotTeamMemberForProjectValidator_NullNamespace" time="0.0"></testcase>
  <testcase classname="com.topcoder.registration.validation.failuretests.MemberNotTeamMemberForProjectValidatorFailureTests" name="testMemberNotTeamMemberForProjectValidator_EmptyNamespace" time="0.0"></testcase>
  <testcase classname="com.topcoder.registration.validation.failuretests.MemberNotTeamMemberForProjectValidatorFailureTests" name="testMemberNotTeamMemberForProjectValidator_UnknownNamespace" time="0.016"></testcase>
  <testcase classname="com.topcoder.registration.validation.failuretests.MemberNotTeamMemberForProjectValidatorFailureTests" name="testMemberNotTeamMemberForProjectValidator_InvalidConfig1" time="0.015"></testcase>
  <testcase classname="com.topcoder.registration.validation.failuretests.NotValidatorFailureTests" name="testSetRegistrationValidator_NullDataValidationRegistrationValidator" time="0.0"></testcase>
  <testcase classname="com.topcoder.registration.validation.failuretests.NotValidatorFailureTests" name="testValid_NullObj" time="0.016"></testcase>
  <testcase classname="com.topcoder.registration.validation.failuretests.NotValidatorFailureTests" name="testValid_InvalidObj" time="0.0"></testcase>
  <testcase classname="com.topcoder.registration.validation.failuretests.NotValidatorFailureTests" name="testGetMessages_NullObject" time="0.016"></testcase>
  <testcase classname="com.topcoder.registration.validation.failuretests.NotValidatorFailureTests" name="testGetMessages_InvalidObject" time="0.0"></testcase>
  <testcase classname="com.topcoder.registration.validation.failuretests.NotValidatorFailureTests" name="testGetAllMessages_NullObject" time="0.015"></testcase>
  <testcase classname="com.topcoder.registration.validation.failuretests.NotValidatorFailureTests" name="testGetAllMessages_InvalidObject" time="0.0"></testcase>
  <testcase classname="com.topcoder.registration.validation.failuretests.NotValidatorFailureTests" name="testGetAllMessages2_NullObject" time="0.016"></testcase>
  <testcase classname="com.topcoder.registration.validation.failuretests.NotValidatorFailureTests" name="testGetAllMessages2_InvalidObject" time="0.0"></testcase>
  <testcase classname="com.topcoder.registration.validation.failuretests.NotValidatorFailureTests" name="testGetMessage_NullObj" time="0.031"></testcase>
  <testcase classname="com.topcoder.registration.validation.failuretests.NotValidatorFailureTests" name="testGetMessage_InvalidObj" time="0.016"></testcase>
  <testcase classname="com.topcoder.registration.validation.failuretests.NotValidatorFailureTests" name="testNotValidator_NullValidator" time="0.0"></testcase>
  <testcase classname="com.topcoder.registration.validation.failuretests.NotValidatorFailureTests" name="testNotValidator_NullNamespace" time="0.047"></testcase>
  <testcase classname="com.topcoder.registration.validation.failuretests.NotValidatorFailureTests" name="testNotValidator_EmptyNamespace" time="0.0"></testcase>
  <testcase classname="com.topcoder.registration.validation.failuretests.NotValidatorFailureTests" name="testNotValidator_UnknownNS" time="0.0"></testcase>
  <testcase classname="com.topcoder.registration.validation.failuretests.NotValidatorFailureTests" name="testNotValidator_InvalidConfig1" time="0.015"></testcase>
  <testcase classname="com.topcoder.registration.validation.failuretests.NotValidatorFailureTests" name="testNotValidator_InvalidConfig2" time="0.047"></testcase>
  <testcase classname="com.topcoder.registration.validation.failuretests.NotValidatorFailureTests" name="testNotValidator_InvalidConfig3" time="0.016"></testcase>
  <testcase classname="com.topcoder.registration.validation.failuretests.NotValidatorFailureTests" name="testNotValidator_InvalidConfig4" time="0.031"></testcase>
  <testcase classname="com.topcoder.registration.validation.failuretests.NotValidatorFailureTests" name="testNotValidator_InvalidConfig5" time="0.016"></testcase>
  <testcase classname="com.topcoder.registration.validation.failuretests.NotValidatorFailureTests" name="testNotValidator_InvalidConfig6" time="0.015"></testcase>
  <testcase classname="com.topcoder.registration.validation.failuretests.NotValidatorFailureTests" name="testNotValidator_InvalidConfig7" time="0.016"></testcase>
  <testcase classname="com.topcoder.registration.validation.failuretests.NotValidatorFailureTests" name="testNotValidator_InvalidConfig8" time="0.0"></testcase>
  <testcase classname="com.topcoder.registration.validation.failuretests.NotValidatorFailureTests" name="testNotValidator_InvalidConfig9" time="0.015"></testcase>
  <testcase classname="com.topcoder.registration.validation.failuretests.NotValidatorFailureTests" name="testNotValidator_InvalidConfig10" time="0.016"></testcase>
  <testcase classname="com.topcoder.registration.validation.failuretests.NotValidatorFailureTests" name="testValid_VPE" time="0.016"></testcase>
  <testcase classname="com.topcoder.registration.validation.failuretests.NotValidatorFailureTests" name="testGetMessage_VPE" time="0.0"></testcase>
  <testcase classname="com.topcoder.registration.validation.failuretests.NotValidatorFailureTests" name="testGetMessages_VPE" time="0.015"></testcase>
  <testcase classname="com.topcoder.registration.validation.failuretests.NotValidatorFailureTests" name="testGetAllMessages_VPE" time="0.0"></testcase>
  <testcase classname="com.topcoder.registration.validation.failuretests.NotValidatorFailureTests" name="testGetAllMessages2_VPE" time="0.016"></testcase>
  <testcase classname="com.topcoder.registration.validation.failuretests.NullValidatorFailureTests" name="testSetRegistrationValidator_NullDataValidationRegistrationValidator" time="0.0"></testcase>
  <testcase classname="com.topcoder.registration.validation.failuretests.NullValidatorFailureTests" name="testGetMessages_InvalidObject" time="0.016"></testcase>
  <testcase classname="com.topcoder.registration.validation.failuretests.NullValidatorFailureTests" name="testGetAllMessages_InvalidObject" time="0.0"></testcase>
  <testcase classname="com.topcoder.registration.validation.failuretests.NullValidatorFailureTests" name="testGetAllMessages2_InvalidObject" time="0.015"></testcase>
  <testcase classname="com.topcoder.registration.validation.failuretests.NullValidatorFailureTests" name="testGetMessage_InvalidObj" time="0.016"></testcase>
  <testcase classname="com.topcoder.registration.validation.failuretests.NullValidatorFailureTests" name="testNullValidator_NullBundleInfo" time="0.0"></testcase>
  <testcase classname="com.topcoder.registration.validation.failuretests.OperationResultImplFailureTests" name="testOperationResultImpl_InvalidErrors" time="0.0"></testcase>
  <testcase classname="com.topcoder.registration.validation.failuretests.OperationResultImplFailureTests" name="testOperationResultImpl_NullError" time="0.0"></testcase>
  <testcase classname="com.topcoder.registration.validation.failuretests.OperationResultImplFailureTests" name="testOperationResultImpl_EmptyError" time="0.0"></testcase>
  <testcase classname="com.topcoder.registration.validation.failuretests.OperationResultImplFailureTests" name="testSetErrors_InvalidErrors" time="0.0"></testcase>
  <testcase classname="com.topcoder.registration.validation.failuretests.OperationResultImplFailureTests" name="testSetErrors_NullError" time="0.0"></testcase>
  <testcase classname="com.topcoder.registration.validation.failuretests.OperationResultImplFailureTests" name="testSetErrors_EmptyError" time="0.0"></testcase>
  <testcase classname="com.topcoder.registration.validation.failuretests.OperationResultImplFailureTests" name="testSetSuccessful_HasErrors" time="0.0"></testcase>
  <testcase classname="com.topcoder.registration.validation.failuretests.OrValidatorFailureTests" name="testSetRegistrationValidator_NullDataValidationRegistrationValidator" time="0.015"></testcase>
  <testcase classname="com.topcoder.registration.validation.failuretests.OrValidatorFailureTests" name="testValid_NullObj" time="0.0"></testcase>
  <testcase classname="com.topcoder.registration.validation.failuretests.OrValidatorFailureTests" name="testValid_InvalidObj" time="0.016"></testcase>
  <testcase classname="com.topcoder.registration.validation.failuretests.OrValidatorFailureTests" name="testValid_ValidationProcessingException" time="0.0"></testcase>
  <testcase classname="com.topcoder.registration.validation.failuretests.OrValidatorFailureTests" name="testGetMessages_NullObject" time="0.016"></testcase>
  <testcase classname="com.topcoder.registration.validation.failuretests.OrValidatorFailureTests" name="testGetMessages_InvalidObject" time="0.0"></testcase>
  <testcase classname="com.topcoder.registration.validation.failuretests.OrValidatorFailureTests" name="testGetMessages_ValidationProcessingException" time="0.015"></testcase>
  <testcase classname="com.topcoder.registration.validation.failuretests.OrValidatorFailureTests" name="testGetAllMessages_NullObject" time="0.0"></testcase>
  <testcase classname="com.topcoder.registration.validation.failuretests.OrValidatorFailureTests" name="testGetAllMessages_InvalidObject" time="0.016"></testcase>
  <testcase classname="com.topcoder.registration.validation.failuretests.OrValidatorFailureTests" name="testGetAllMessages_ValidationProcessingException" time="0.0"></testcase>
  <testcase classname="com.topcoder.registration.validation.failuretests.OrValidatorFailureTests" name="testGetAllMessages2_NullObject" time="0.016"></testcase>
  <testcase classname="com.topcoder.registration.validation.failuretests.OrValidatorFailureTests" name="testGetAllMessages2_InvalidObject" time="0.0"></testcase>
  <testcase classname="com.topcoder.registration.validation.failuretests.OrValidatorFailureTests" name="testGetAllMessages2_ValidationProcessingException" time="0.015"></testcase>
  <testcase classname="com.topcoder.registration.validation.failuretests.OrValidatorFailureTests" name="testGetMessage_NullObj" time="0.0"></testcase>
  <testcase classname="com.topcoder.registration.validation.failuretests.OrValidatorFailureTests" name="testGetMessage_InvalidObj" time="0.016"></testcase>
  <testcase classname="com.topcoder.registration.validation.failuretests.OrValidatorFailureTests" name="testGetMessage_ValidationProcessingException" time="0.0"></testcase>
  <testcase classname="com.topcoder.registration.validation.failuretests.OrValidatorFailureTests" name="testOrValidator_NullValidators" time="0.015"></testcase>
  <testcase classname="com.topcoder.registration.validation.failuretests.OrValidatorFailureTests" name="testOrValidator_NullValidator" time="0.0"></testcase>
  <testcase classname="com.topcoder.registration.validation.failuretests.OrValidatorFailureTests" name="testOrValidator_NullNamespace" time="0.016"></testcase>
  <testcase classname="com.topcoder.registration.validation.failuretests.OrValidatorFailureTests" name="testOrValidator_EmptyNamespace" time="0.0"></testcase>
  <testcase classname="com.topcoder.registration.validation.failuretests.OrValidatorFailureTests" name="testOrValidator_UnknownNS" time="0.016"></testcase>
  <testcase classname="com.topcoder.registration.validation.failuretests.OrValidatorFailureTests" name="testOrValidator_InvalidConfig1" time="0.0"></testcase>
  <testcase classname="com.topcoder.registration.validation.failuretests.OrValidatorFailureTests" name="testOrValidator_InvalidConfig2" time="0.031"></testcase>
  <testcase classname="com.topcoder.registration.validation.failuretests.OrValidatorFailureTests" name="testOrValidator_InvalidConfig4" time="0.0"></testcase>
  <testcase classname="com.topcoder.registration.validation.failuretests.OrValidatorFailureTests" name="testOrValidator_InvalidConfig5" time="0.016"></testcase>
  <testcase classname="com.topcoder.registration.validation.failuretests.OrValidatorFailureTests" name="testOrValidator_InvalidConfig6" time="0.015"></testcase>
  <testcase classname="com.topcoder.registration.validation.failuretests.OrValidatorFailureTests" name="testOrValidator_InvalidConfig7" time="0.016"></testcase>
  <testcase classname="com.topcoder.registration.validation.failuretests.OrValidatorFailureTests" name="testOrValidator_InvalidConfig8" time="0.015"></testcase>
  <testcase classname="com.topcoder.registration.validation.failuretests.OrValidatorFailureTests" name="testOrValidator_InvalidConfig9" time="0.016"></testcase>
  <testcase classname="com.topcoder.registration.validation.failuretests.OrValidatorFailureTests" name="testOrValidator_InvalidConfig10" time="0.016"></testcase>
  <testcase classname="com.topcoder.registration.validation.failuretests.ProjectCategoryConditionalValidatorFailureTests" name="testSetRegistrationValidator_NullDataValidationRegistrationValidator" time="0.0"></testcase>
  <testcase classname="com.topcoder.registration.validation.failuretests.ProjectCategoryConditionalValidatorFailureTests" name="testGetMessage_NullObj" time="0.015"></testcase>
  <testcase classname="com.topcoder.registration.validation.failuretests.ProjectCategoryConditionalValidatorFailureTests" name="testGetMessage_InvalidObj" time="0.0"></testcase>
  <testcase classname="com.topcoder.registration.validation.failuretests.ProjectCategoryConditionalValidatorFailureTests" name="testProjectCategoryConditionalValidator_NullInnerValidator" time="0.016"></testcase>
  <testcase classname="com.topcoder.registration.validation.failuretests.ProjectCategoryConditionalValidatorFailureTests" name="testProjectCategoryConditionalValidator_NegativeProjectCategoryId" time="0.0"></testcase>
  <testcase classname="com.topcoder.registration.validation.failuretests.ProjectCategoryConditionalValidatorFailureTests" name="testProjectCategoryConditionalValidator_NullNamespace" time="0.016"></testcase>
  <testcase classname="com.topcoder.registration.validation.failuretests.ProjectCategoryConditionalValidatorFailureTests" name="testProjectCategoryConditionalValidator_EmptyNamespace" time="0.0"></testcase>
  <testcase classname="com.topcoder.registration.validation.failuretests.ProjectCategoryConditionalValidatorFailureTests" name="testProjectCategoryConditionalValidator_UnknownNamespace" time="0.015"></testcase>
  <testcase classname="com.topcoder.registration.validation.failuretests.ProjectCategoryConditionalValidatorFailureTests" name="testProjectCategoryConditionalValidator_InvalidConfig1" time="0.016"></testcase>
  <testcase classname="com.topcoder.registration.validation.failuretests.ProjectCategoryConditionalValidatorFailureTests" name="testProjectCategoryConditionalValidator_InvalidConfig2" time="0.015"></testcase>
  <testcase classname="com.topcoder.registration.validation.failuretests.ProjectCategoryConditionalValidatorFailureTests" name="testProjectCategoryConditionalValidator_InvalidConfig3" time="0.016"></testcase>
  <testcase classname="com.topcoder.registration.validation.failuretests.ProjectCategoryConditionalValidatorFailureTests" name="testProjectCategoryConditionalValidator_InvalidConfig4" time="0.016"></testcase>
  <testcase classname="com.topcoder.registration.validation.failuretests.ProjectCategoryConditionalValidatorFailureTests" name="testProjectCategoryConditionalValidator_InvalidConfig5" time="0.015"></testcase>
  <testcase classname="com.topcoder.registration.validation.failuretests.ProjectCategoryConditionalValidatorFailureTests" name="testProjectCategoryConditionalValidator_InvalidConfig6" time="0.0"></testcase>
  <testcase classname="com.topcoder.registration.validation.failuretests.ProjectCategoryConditionalValidatorFailureTests" name="testProjectCategoryConditionalValidator_InvalidConfig7" time="0.016"></testcase>
  <testcase classname="com.topcoder.registration.validation.failuretests.ProjectCategoryConditionalValidatorFailureTests" name="testProjectCategoryConditionalValidator_InvalidConfig8" time="0.0"></testcase>
  <testcase classname="com.topcoder.registration.validation.failuretests.ProjectCategoryConditionalValidatorFailureTests" name="testGetMessage_VPE2" time="0.015"></testcase>
  <testcase classname="com.topcoder.registration.validation.failuretests.ProjectIdentifierConditionalValidatorFailureTests" name="testSetRegistrationValidator_NullDataValidationRegistrationValidator" time="0.0"></testcase>
  <testcase classname="com.topcoder.registration.validation.failuretests.ProjectIdentifierConditionalValidatorFailureTests" name="testGetMessage_NullObj" time="0.016"></testcase>
  <testcase classname="com.topcoder.registration.validation.failuretests.ProjectIdentifierConditionalValidatorFailureTests" name="testGetMessage_InvalidObj" time="0.015"></testcase>
  <testcase classname="com.topcoder.registration.validation.failuretests.ProjectIdentifierConditionalValidatorFailureTests" name="testGetMessage_VPE2" time="0.0"></testcase>
  <testcase classname="com.topcoder.registration.validation.failuretests.ProjectIdentifierConditionalValidatorFailureTests" name="testProjectIdentifierConditionalValidator_NullInnerValidator" time="0.016"></testcase>
  <testcase classname="com.topcoder.registration.validation.failuretests.ProjectIdentifierConditionalValidatorFailureTests" name="testProjectIdentifierConditionalValidator_NegativeProjectIdentifierId" time="0.0"></testcase>
  <testcase classname="com.topcoder.registration.validation.failuretests.ProjectIdentifierConditionalValidatorFailureTests" name="testProjectIdentifierConditionalValidator_NullNamespace" time="0.016"></testcase>
  <testcase classname="com.topcoder.registration.validation.failuretests.ProjectIdentifierConditionalValidatorFailureTests" name="testProjectIdentifierConditionalValidator_EmptyNamespace" time="0.0"></testcase>
  <testcase classname="com.topcoder.registration.validation.failuretests.ProjectIdentifierConditionalValidatorFailureTests" name="testProjectIdentifierConditionalValidator_UnknownNamespace" time="0.0"></testcase>
  <testcase classname="com.topcoder.registration.validation.failuretests.ProjectIdentifierConditionalValidatorFailureTests" name="testProjectIdentifierConditionalValidator_InvalidConfig1" time="0.015"></testcase>
  <testcase classname="com.topcoder.registration.validation.failuretests.ProjectIdentifierConditionalValidatorFailureTests" name="testProjectIdentifierConditionalValidator_InvalidConfig2" time="0.016"></testcase>
  <testcase classname="com.topcoder.registration.validation.failuretests.ProjectIdentifierConditionalValidatorFailureTests" name="testProjectIdentifierConditionalValidator_InvalidConfig3" time="0.016"></testcase>
  <testcase classname="com.topcoder.registration.validation.failuretests.ProjectIdentifierConditionalValidatorFailureTests" name="testProjectIdentifierConditionalValidator_InvalidConfig4" time="0.015"></testcase>
  <testcase classname="com.topcoder.registration.validation.failuretests.ProjectIdentifierConditionalValidatorFailureTests" name="testProjectIdentifierConditionalValidator_InvalidConfig5" time="0.016"></testcase>
  <testcase classname="com.topcoder.registration.validation.failuretests.ProjectIdentifierConditionalValidatorFailureTests" name="testProjectIdentifierConditionalValidator_InvalidConfig6" time="0.015"></testcase>
  <testcase classname="com.topcoder.registration.validation.failuretests.ProjectIdentifierConditionalValidatorFailureTests" name="testProjectIdentifierConditionalValidator_InvalidConfig7" time="0.016"></testcase>
  <testcase classname="com.topcoder.registration.validation.failuretests.ProjectIdentifierConditionalValidatorFailureTests" name="testProjectIdentifierConditionalValidator_InvalidConfig8" time="0.016"></testcase>
  <testcase classname="com.topcoder.registration.validation.failuretests.ProjectInPhaseValidatorFailureTests" name="testGetMessage_NullObj" time="0.0"></testcase>
  <testcase classname="com.topcoder.registration.validation.failuretests.ProjectInPhaseValidatorFailureTests" name="testGetMessage_InvalidObj" time="0.015"></testcase>
  <testcase classname="com.topcoder.registration.validation.failuretests.ProjectInPhaseValidatorFailureTests" name="testProjectInPhaseValidator_EmptyBundleInfo" time="0.016"></testcase>
  <testcase classname="com.topcoder.registration.validation.failuretests.ProjectInPhaseValidatorFailureTests" name="testProjectInPhaseValidator_NullBundleInfo" time="0.0"></testcase>
  <testcase classname="com.topcoder.registration.validation.failuretests.ProjectInPhaseValidatorFailureTests" name="testProjectInPhaseValidator_NegativePhaseId" time="0.0"></testcase>
  <testcase classname="com.topcoder.registration.validation.failuretests.ProjectInPhaseValidatorFailureTests" name="testProjectInPhaseValidator_NullNamespace" time="0.016"></testcase>
  <testcase classname="com.topcoder.registration.validation.failuretests.ProjectInPhaseValidatorFailureTests" name="testProjectInPhaseValidator_EmptyNamespace" time="0.0"></testcase>
  <testcase classname="com.topcoder.registration.validation.failuretests.ProjectInPhaseValidatorFailureTests" name="testProjectInPhaseValidator_UnknownNamespace" time="0.015"></testcase>
  <testcase classname="com.topcoder.registration.validation.failuretests.ProjectInPhaseValidatorFailureTests" name="testProjectInPhaseValidator_InvalidConfig1" time="0.016"></testcase>
  <testcase classname="com.topcoder.registration.validation.failuretests.ProjectInPhaseValidatorFailureTests" name="testProjectInPhaseValidator_InvalidConfig2" time="0.0"></testcase>
  <testcase classname="com.topcoder.registration.validation.failuretests.ProjectInPhaseValidatorFailureTests" name="testProjectInPhaseValidator_InvalidConfig3" time="0.031"></testcase>
  <testcase classname="com.topcoder.registration.validation.failuretests.ProjectInPhaseValidatorFailureTests" name="testProjectInPhaseValidator_InvalidConfig4" time="0.0"></testcase>
  <testcase classname="com.topcoder.registration.validation.failuretests.ProjectOfCategoryValidatorFailureTests" name="testGetMessage_NullObj" time="0.016"></testcase>
  <testcase classname="com.topcoder.registration.validation.failuretests.ProjectOfCategoryValidatorFailureTests" name="testGetMessage_InvalidObj" time="0.015"></testcase>
  <testcase classname="com.topcoder.registration.validation.failuretests.ProjectOfCategoryValidatorFailureTests" name="testProjectOfCategoryValidator_EmptyBundleInfo" time="0.0"></testcase>
  <testcase classname="com.topcoder.registration.validation.failuretests.ProjectOfCategoryValidatorFailureTests" name="testProjectOfCategoryValidator_NullBundleInfo" time="0.047"></testcase>
  <testcase classname="com.topcoder.registration.validation.failuretests.ProjectOfCategoryValidatorFailureTests" name="testProjectOfCategoryValidator_NegativeprojectCategoryId" time="0.0"></testcase>
  <testcase classname="com.topcoder.registration.validation.failuretests.ProjectOfCategoryValidatorFailureTests" name="testProjectOfCategoryValidator_NullNamespace" time="0.016"></testcase>
  <testcase classname="com.topcoder.registration.validation.failuretests.ProjectOfCategoryValidatorFailureTests" name="testProjectOfCategoryValidator_EmptyNamespace" time="0.0"></testcase>
  <testcase classname="com.topcoder.registration.validation.failuretests.ProjectOfCategoryValidatorFailureTests" name="testProjectOfCategoryValidator_UnknownNamespace" time="0.047"></testcase>
  <testcase classname="com.topcoder.registration.validation.failuretests.ProjectOfCategoryValidatorFailureTests" name="testProjectOfCategoryValidator_InvalidConfig1" time="0.015"></testcase>
  <testcase classname="com.topcoder.registration.validation.failuretests.ProjectOfCategoryValidatorFailureTests" name="testProjectOfCategoryValidator_InvalidConfig2" time="0.0"></testcase>
  <testcase classname="com.topcoder.registration.validation.failuretests.ProjectOfCategoryValidatorFailureTests" name="testProjectOfCategoryValidator_InvalidConfig3" time="0.016"></testcase>
  <testcase classname="com.topcoder.registration.validation.failuretests.ProjectOfCategoryValidatorFailureTests" name="testProjectOfCategoryValidator_InvalidConfig4" time="0.016"></testcase>
  <testcase classname="com.topcoder.registration.validation.failuretests.ProjectOfTypeValidatorFailureTests" name="testGetMessage_NullObj" time="0.015"></testcase>
  <testcase classname="com.topcoder.registration.validation.failuretests.ProjectOfTypeValidatorFailureTests" name="testGetMessage_InvalidObj" time="0.0"></testcase>
  <testcase classname="com.topcoder.registration.validation.failuretests.ProjectOfTypeValidatorFailureTests" name="testProjectOfTypeValidator_EmptyBundleInfo" time="0.016"></testcase>
  <testcase classname="com.topcoder.registration.validation.failuretests.ProjectOfTypeValidatorFailureTests" name="testProjectOfTypeValidator_NullBundleInfo" time="0.0"></testcase>
  <testcase classname="com.topcoder.registration.validation.failuretests.ProjectOfTypeValidatorFailureTests" name="testProjectOfTypeValidator_NegativeprojectTypeId" time="0.015"></testcase>
  <testcase classname="com.topcoder.registration.validation.failuretests.ProjectOfTypeValidatorFailureTests" name="testProjectOfTypeValidator_NullNamespace" time="0.0"></testcase>
  <testcase classname="com.topcoder.registration.validation.failuretests.ProjectOfTypeValidatorFailureTests" name="testProjectOfTypeValidator_EmptyNamespace" time="0.016"></testcase>
  <testcase classname="com.topcoder.registration.validation.failuretests.ProjectOfTypeValidatorFailureTests" name="testProjectOfTypeValidator_UnknownNamespace" time="0.0"></testcase>
  <testcase classname="com.topcoder.registration.validation.failuretests.ProjectOfTypeValidatorFailureTests" name="testProjectOfTypeValidator_InvalidConfig1" time="0.016"></testcase>
  <testcase classname="com.topcoder.registration.validation.failuretests.ProjectOfTypeValidatorFailureTests" name="testProjectOfTypeValidator_InvalidConfig2" time="0.015"></testcase>
  <testcase classname="com.topcoder.registration.validation.failuretests.ProjectOfTypeValidatorFailureTests" name="testProjectOfTypeValidator_InvalidConfig3" time="0.016"></testcase>
  <testcase classname="com.topcoder.registration.validation.failuretests.ProjectOfTypeValidatorFailureTests" name="testProjectOfTypeValidator_InvalidConfig4" time="0.0"></testcase>
  <testcase classname="com.topcoder.registration.validation.failuretests.ProjectTypeConditionalValidatorFailureTests" name="testSetRegistrationValidator_NullDataValidationRegistrationValidator" time="0.016"></testcase>
  <testcase classname="com.topcoder.registration.validation.failuretests.ProjectTypeConditionalValidatorFailureTests" name="testGetMessage_NullObj" time="0.0"></testcase>
  <testcase classname="com.topcoder.registration.validation.failuretests.ProjectTypeConditionalValidatorFailureTests" name="testGetMessage_InvalidObj" time="0.015"></testcase>
  <testcase classname="com.topcoder.registration.validation.failuretests.ProjectTypeConditionalValidatorFailureTests" name="testGetMessage_VPE2" time="0.016"></testcase>
  <testcase classname="com.topcoder.registration.validation.failuretests.ProjectTypeConditionalValidatorFailureTests" name="testProjectTypeConditionalValidator_NullInnerValidator" time="0.0"></testcase>
  <testcase classname="com.topcoder.registration.validation.failuretests.ProjectTypeConditionalValidatorFailureTests" name="testProjectTypeConditionalValidator_NegativeProjectTypeId" time="0.0"></testcase>
  <testcase classname="com.topcoder.registration.validation.failuretests.ProjectTypeConditionalValidatorFailureTests" name="testProjectTypeConditionalValidator_NullNamespace" time="0.015"></testcase>
  <testcase classname="com.topcoder.registration.validation.failuretests.ProjectTypeConditionalValidatorFailureTests" name="testProjectTypeConditionalValidator_EmptyNamespace" time="0.0"></testcase>
  <testcase classname="com.topcoder.registration.validation.failuretests.ProjectTypeConditionalValidatorFailureTests" name="testProjectTypeConditionalValidator_UnknownNamespace" time="0.016"></testcase>
  <testcase classname="com.topcoder.registration.validation.failuretests.ProjectTypeConditionalValidatorFailureTests" name="testProjectTypeConditionalValidator_InvalidConfig1" time="0.016"></testcase>
  <testcase classname="com.topcoder.registration.validation.failuretests.ProjectTypeConditionalValidatorFailureTests" name="testProjectTypeConditionalValidator_InvalidConfig2" time="0.015"></testcase>
  <testcase classname="com.topcoder.registration.validation.failuretests.ProjectTypeConditionalValidatorFailureTests" name="testProjectTypeConditionalValidator_InvalidConfig3" time="0.016"></testcase>
  <testcase classname="com.topcoder.registration.validation.failuretests.ProjectTypeConditionalValidatorFailureTests" name="testProjectTypeConditionalValidator_InvalidConfig4" time="0.016"></testcase>
  <testcase classname="com.topcoder.registration.validation.failuretests.ProjectTypeConditionalValidatorFailureTests" name="testProjectTypeConditionalValidator_InvalidConfig5" time="0.0"></testcase>
  <testcase classname="com.topcoder.registration.validation.failuretests.ProjectTypeConditionalValidatorFailureTests" name="testProjectTypeConditionalValidator_InvalidConfig6" time="0.015"></testcase>
  <testcase classname="com.topcoder.registration.validation.failuretests.ProjectTypeConditionalValidatorFailureTests" name="testProjectTypeConditionalValidator_InvalidConfig7" time="0.016"></testcase>
  <testcase classname="com.topcoder.registration.validation.failuretests.ProjectTypeConditionalValidatorFailureTests" name="testProjectTypeConditionalValidator_InvalidConfig8" time="0.031"></testcase>
  <testcase classname="com.topcoder.registration.validation.failuretests.RegisteringResourceRoleConditionalValidatorFailureTests" name="testSetRegistrationValidator_NullDataValidationRegistrationValidator" time="0.0"></testcase>
  <testcase classname="com.topcoder.registration.validation.failuretests.RegisteringResourceRoleConditionalValidatorFailureTests" name="testGetMessage_NullObj" time="0.0"></testcase>
  <testcase classname="com.topcoder.registration.validation.failuretests.RegisteringResourceRoleConditionalValidatorFailureTests" name="testGetMessage_InvalidObj" time="0.016"></testcase>
  <testcase classname="com.topcoder.registration.validation.failuretests.RegisteringResourceRoleConditionalValidatorFailureTests" name="testGetMessage_VPE2" time="0.015"></testcase>
  <testcase classname="com.topcoder.registration.validation.failuretests.RegisteringResourceRoleConditionalValidatorFailureTests" name="testRegisteringResourceRoleConditionalValidator_NullInnerValidator" time="0.0"></testcase>
  <testcase classname="com.topcoder.registration.validation.failuretests.RegisteringResourceRoleConditionalValidatorFailureTests" name="testRegisteringResourceRoleConditionalValidator_NegativeRegisteringResourceRoleId" time="0.016"></testcase>
  <testcase classname="com.topcoder.registration.validation.failuretests.RegisteringResourceRoleConditionalValidatorFailureTests" name="testRegisteringResourceRoleConditionalValidator_NullNamespace" time="0.0"></testcase>
  <testcase classname="com.topcoder.registration.validation.failuretests.RegisteringResourceRoleConditionalValidatorFailureTests" name="testRegisteringResourceRoleConditionalValidator_EmptyNamespace" time="0.016"></testcase>
  <testcase classname="com.topcoder.registration.validation.failuretests.RegisteringResourceRoleConditionalValidatorFailureTests" name="testRegisteringResourceRoleConditionalValidator_UnknownNamespace" time="0.0"></testcase>
  <testcase classname="com.topcoder.registration.validation.failuretests.RegisteringResourceRoleConditionalValidatorFailureTests" name="testRegisteringResourceRoleConditionalValidator_InvalidConfig1" time="0.015"></testcase>
  <testcase classname="com.topcoder.registration.validation.failuretests.RegisteringResourceRoleConditionalValidatorFailureTests" name="testRegisteringResourceRoleConditionalValidator_InvalidConfig2" time="0.016"></testcase>
  <testcase classname="com.topcoder.registration.validation.failuretests.RegisteringResourceRoleConditionalValidatorFailureTests" name="testRegisteringResourceRoleConditionalValidator_InvalidConfig3" time="0.015"></testcase>
  <testcase classname="com.topcoder.registration.validation.failuretests.RegisteringResourceRoleConditionalValidatorFailureTests" name="testRegisteringResourceRoleConditionalValidator_InvalidConfig4" time="0.016"></testcase>
  <testcase classname="com.topcoder.registration.validation.failuretests.RegisteringResourceRoleConditionalValidatorFailureTests" name="testRegisteringResourceRoleConditionalValidator_InvalidConfig5" time="0.016"></testcase>
  <testcase classname="com.topcoder.registration.validation.failuretests.RegisteringResourceRoleConditionalValidatorFailureTests" name="testRegisteringResourceRoleConditionalValidator_InvalidConfig6" time="0.015"></testcase>
  <testcase classname="com.topcoder.registration.validation.failuretests.RegisteringResourceRoleConditionalValidatorFailureTests" name="testRegisteringResourceRoleConditionalValidator_InvalidConfig7" time="0.016"></testcase>
  <testcase classname="com.topcoder.registration.validation.failuretests.RegisteringResourceRoleConditionalValidatorFailureTests" name="testRegisteringResourceRoleConditionalValidator_InvalidConfig8" time="0.016"></testcase>
  <testcase classname="com.topcoder.registration.validation.failuretests.ValidationInfoFailureTests" name="testValidationInfo_NullRegistration" time="0.0"></testcase>
  <testcase classname="com.topcoder.registration.validation.failuretests.ValidationInfoFailureTests" name="testValidationInfo_NullUser" time="0.0"></testcase>
  <testcase classname="com.topcoder.registration.validation.failuretests.ValidationInfoFailureTests" name="testValidationInfo_NullProject" time="0.0"></testcase>
  <testcase classname="com.topcoder.registration.validation.failuretests.ValidationInfoFailureTests" name="testSetRegistration_NullRegistration" time="0.0"></testcase>
  <testcase classname="com.topcoder.registration.validation.failuretests.ValidationInfoFailureTests" name="testSetUser_NullUser" time="0.0"></testcase>
  <testcase classname="com.topcoder.registration.validation.failuretests.ValidationInfoFailureTests" name="testSetProject_NullProject" time="0.0"></testcase>
  <testcase classname="com.topcoder.registration.validation.stresstests.RegistrationValidationStressTest" name="testStressForCreatingValidator" time="1.265"></testcase>
  <testcase classname="com.topcoder.registration.validation.stresstests.RegistrationValidationStressTest" name="testStressForSmallRating" time="1.719"></testcase>
  <testcase classname="com.topcoder.registration.validation.stresstests.RegistrationValidationStressTest" name="testStressForRegisteredUser" time="15.844"></testcase>
  <testcase classname="com.topcoder.registration.validation.stresstests.RegistrationValidationStressTest" name="testStressForSuccess" time="28.359"></testcase>
  <testcase classname="com.topcoder.registration.validation.stresstests.RegistrationValidationStressTest" name="testStressForCreatingCustomValidator" time="0.328"></testcase>
  <system-out><![CDATA[The stress test for creating validator costs: 1187 milliseconds.
The stress test for validation with small rating costs: 1656 milliseconds.
The stress test for validation with registered user costs: 15797 milliseconds.
The stress test for validation successfully costs: 28297 milliseconds.
The stress test for creating custom validator costs: 281 milliseconds.
]]></system-out>
  <system-err><![CDATA[ERROR:  'The element type "BAD" must be terminated by the matching end-tag "</BAD>".'
ERROR:  'com.sun.org.apache.xml.internal.utils.WrappedRuntimeException: The element type "BAD" must be terminated by the matching end-tag "</BAD>".'
]]></system-err>
</testsuite>
