<?xml version="1.0" encoding="UTF-8" ?>
<testsuite errors="0" failures="0" name="com.topcoder.timetracker.common.AllTests" tests="483" time="2081.14">
  <properties>
    <property name="object_factory.path" value="object_factory/2.0.1"></property>
    <property name="file.encoding.pkg" value="sun.io"></property>
    <property name="uml_model_-_state_machines.version" value="1.0"></property>
    <property name="uml_model_-_core_classifiers.jar" value="D:/lib/tcs/uml_model_-_core_classifiers/1.0/uml_model_-_core_classifiers.jar"></property>
    <property name="diagram_edges.path" value="diagram_edges/1.0"></property>
    <property name="dist_testfiles" value="build/dist/time_tracker_common-3.1/test_files"></property>
    <property name="java.home" value="D:\Software\Java\jdk1.5.0\jre"></property>
    <property name="data_validation.path" value="data_validation/1.0"></property>
    <property name="mockrunner.jar" value="D:/lib/mock/mockrunner-0.3.7/lib/mockrunner.jar"></property>
    <property name="uml_model_-_core_classifiers.jar.name" value="uml_model_-_core_classifiers.jar"></property>
    <property name="servlet1.4.jar" value="D:/lib/servlet-api.jar"></property>
    <property name="cactus.home.tomcat5x" value="D:/Software/Servers/AppServers/jakarta-tomcat-5.0.28"></property>
    <property name="dist_javadocs" value="build/dist/time_tracker_common-3.1/docs/javadocs"></property>
    <property name="debug" value="off"></property>
    <property name="build_distdir" value="build/dist"></property>
    <property name="distfilename" value="time_tracker_common"></property>
    <property name="uml_model_-_core_extension_mechanisms.jar.name" value="uml_model_-_core_extension_mechanisms.jar"></property>
    <property name="component.dist.jar" value="build/dist/time_tracker_common-3.1.jar"></property>
    <property name="generic_event_manager.jar.name" value="generic_event_manager.jar"></property>
    <property name="java.endorsed.dirs" value="D:\Software\Java\jdk1.5.0\jre\lib\endorsed"></property>
    <property name="class_associations.path" value="class_associations/1.0"></property>
    <property name="object_factory.jar" value="D:/lib/tcs/object_factory/2.0.1/object_factory.jar"></property>
    <property name="commons.cli.jar" value="D:/lib/apache/commons/commons-cli-1.0.jar"></property>
    <property name="diagram_interchange.jar.name" value="diagram_interchange.jar"></property>
    <property name="diagram_interchange.path" value="diagram_interchange/1.0"></property>
    <property name="JNDI_Utility.jar" value="D:/lib/tcs/JNDI_Utility/1.0/JNDI_Utility.jar"></property>
    <property name="database_abstraction.version" value="1.1"></property>
    <property name="mail.jar" value="D:/lib/mail.jar"></property>
    <property name="sun.os.patch.level" value="Service Pack 2"></property>
    <property name="design_dist.jar" value="Time_Tracker_Common_3.1_design_dist.jar"></property>
    <property name="javadocsdir" value="docs/javadocs"></property>
    <property name="java.vendor.url" value="http://java.sun.com/"></property>
    <property name="ant.file.Common properties and tasks" value="D:\TopCoder\config\commons.xml"></property>
    <property name="commons.io.jar" value="D:/lib/apache/commons/commons-io-1.0.jar"></property>
    <property name="id_generator.jar.name" value="id_generator.jar"></property>
    <property name="zoom_panel.version" value="1.0"></property>
    <property name="java.version" value="1.5.0_05"></property>
    <property name="j2ee.jar" value="D:/lib/jboss-j2ee.jar"></property>
    <property name="configuration_manager.jar.name" value="configuration_manager.jar"></property>
    <property name="mockejb.jar" value="D:/lib/mockejb.jar"></property>
    <property name="jdbc.postgres.jar" value="D:/lib/jdbc/postgresql-8.1-404.jdbc3.jar"></property>
    <property name="uml_model_-_data_types.path" value="uml_model_-_data_types/1.0"></property>
    <property name="cactus.home.tomcat4x" value="D:/Software/Servers/AppServers/jakarta-tomcat-4.1.31"></property>
    <property name="cactus.jar" value="D:/lib/cactus/cactus-1.7.2.jar"></property>
    <property name="java.vendor.url.bug" value="http://java.sun.com/cgi-bin/bugreport.cgi"></property>
    <property name="uml_model_-_core_extension_mechanisms.path" value="uml_model_-_core_extension_mechanisms/1.0"></property>
    <property name="commons.logging.jar" value="D:/lib/apache/commons/commons-logging-1.0.4.jar"></property>
    <property name="uml_model_-_state_machines.path" value="uml_model_-_state_machines/1.0"></property>
    <property name="dist_src" value="build/dist/time_tracker_common-3.1/src"></property>
    <property name="ifxjdbc.jar" value="D:/lib/jdbc/ifxjdbc.jar"></property>
    <property name="diagram_edges.jar" value="D:/lib/tcs/diagram_edges/1.0/diagram_edges.jar"></property>
    <property name="zoom_panel.jar.name" value="zoom_panel.jar"></property>
    <property name="commons.codec.jar" value="D:/lib/apache/commons/commons-codec-1.3.jar"></property>
    <property name="cobertura.datafile" value="log/cobertura.ser"></property>
    <property name="user.name" value="Zhang Guiqiang"></property>
    <property name="packagedir" value="com/topcoder/timetracker/common"></property>
    <property name="$log4j.jar" value="D:/lib/log4j-1.2.13.jar"></property>
    <property name="sun.io.unicode.encoding" value="UnicodeLittle"></property>
    <property name="component_version" value="3.1"></property>
    <property name="sun.jnu.encoding" value="GBK"></property>
    <property name="java.runtime.name" value="Java(TM) 2 Runtime Environment, Standard Edition"></property>
    <property name="uml_model_-_common_behavior.version" value="1.0"></property>
    <property name="reports" value="reports"></property>
    <property name="build_webdir" value="build/web"></property>
    <property name="search_builder.path" value="search_builder/1.3.1"></property>
    <property name="component.jar" value="build/dist/lib/tcs/time_tracker_common/3.1/time_tracker_common.jar"></property>
    <property name="data_validation.jar.name" value="data_validation.jar"></property>
    <property name="uml_model_-_common_behavior.jar" value="D:/lib/tcs/uml_model_-_common_behavior/1.0/uml_model_-_common_behavior.jar"></property>
    <property name="java.specification.name" value="Java Platform API Specification"></property>
    <property name="javamain" value="src/java/main"></property>
    <property name="build_lib" value="build/lib"></property>
    <property name="user.timezone" value=""></property>
    <property name="diagram_elements.jar.name" value="diagram_elements.jar"></property>
    <property name="path.separator" value=";"></property>
    <property name="uml_model_-_data_types.version" value="1.0"></property>
    <property name="JNDI_Utility.version" value="1.0"></property>
    <property name="JNDI_Utility.jar.name" value="JNDI_Utility.jar"></property>
    <property name="uml_model_-_core.path" value="uml_model_-_core/1.0"></property>
    <property name="srcdir" value="src"></property>
    <property name="file.encoding" value="Cp1252"></property>
    <property name="typesafe_enum.version" value="1.0"></property>
    <property name="diagram_elements.path" value="diagram_elements/1.0"></property>
    <property name="activation.jar" value="D:/lib/activation.jar"></property>
    <property name="configuration_manager.path" value="configuration_manager/2.1.5"></property>
    <property name="ant.file" value="F:\Download\Time_Tracker_Common_3.1_dev_dist\Final\build.xml"></property>
    <property name="simple_cache.jar.name" value="simple_cache.jar"></property>
    <property name="javasrc" value="src/java"></property>
    <property name="simple_cache.path" value="simple_cache/2.0"></property>
    <property name="uml_model_-_activity_graphs.jar" value="D:/lib/tcs/uml_model_-_activity_graphs/1.0/uml_model_-_activity_graphs.jar"></property>
    <property name="diagram_interchange.version" value="1.0"></property>
    <property name="search_builder.jar" value="D:/lib/tcs/search_builder/1.3.1/search_builder.jar"></property>
    <property name="instrumented.dir" value="build/instrumented"></property>
    <property name="id_generator.version" value="3.0"></property>
    <property name="component.tests.jar" value="build/dist/lib/tcs/time_tracker_common_tests.jar"></property>
    <property name="java.io.tmpdir" value="C:\DOCUME~1\ZHANGG~1\LOCALS~1\Temp\"></property>
    <property name="user.language" value="en"></property>
    <property name="servlet1.3.jar" value="D:/lib/servlet.jar"></property>
    <property name="base_exception.path" value="base_exception/1.0"></property>
    <property name="line.separator" value="
"></property>
    <property name="commons.digester.jar" value="D:/lib/apache/commons/commons-digester-1.8.jar"></property>
    <property name="verbose" value="no"></property>
    <property name="jar_ext_libdir" value="lib"></property>
    <property name="uml_model_-_core_extension_mechanisms.version" value="1.0"></property>
    <property name="java.vm.info" value="mixed mode"></property>
    <property name="component_path" value="time_tracker_common/3.1"></property>
    <property name="sun.desktop" value="windows"></property>
    <property name="java.vm.specification.name" value="Java Virtual Machine Specification"></property>
    <property name="junitejb.jar" value="D:/lib/junitejb.jar"></property>
    <property name="builddir" value="build"></property>
    <property name="class_associations.jar" value="D:/lib/tcs/class_associations/1.0/class_associations.jar"></property>
    <property name="cobertura.dir" value="D:/lib/cobertura-1.8"></property>
    <property name="dist_conf" value="build/dist/time_tracker_common-3.1/conf"></property>
    <property name="id_generator.jar" value="D:/lib/tcs/id_generator/3.0/id_generator.jar"></property>
    <property name="object_factory.version" value="2.0.1"></property>
    <property name="uml_model_-_common_behavior.path" value="uml_model_-_common_behavior/1.0"></property>
    <property name="uml_model_-_core_relationships.path" value="uml_model_-_core_relationships/1.0"></property>
    <property name="configuration_manager.jar" value="D:/lib/tcs/configuration_manager/2.1.5/configuration_manager.jar"></property>
    <property name="uml_model_-_activity_graphs.version" value="1.0"></property>
    <property name="java.awt.printerjob" value="sun.awt.windows.WPrinterJob"></property>
    <property name="configmanager.path" value="configuration_manager/2.1.5"></property>
    <property name="dist_lib" value="build/dist/lib/tcs"></property>
    <property name="base_exception.version" value="1.0"></property>
    <property name="lib.cactus.dir" value="D:/lib/cactus"></property>
    <property name="jdbc.informix.jar" value="D:/lib/jdbc/ifxjdbc.jar"></property>
    <property name="junit.jar" value="D:/lib/junit.jar"></property>
    <property name="configdir" value="conf"></property>
    <property name="generic_event_manager.path" value="generic_event_manager/1.0"></property>
    <property name="build_tcsdistdir" value="build/dist/time_tracker_common-3.1"></property>
    <property name="ant.version" value="Apache Ant version 1.6.5 compiled on June 2 2005"></property>
    <property name="uml_model_-_core_extension_mechanisms.jar" value="D:/lib/tcs/uml_model_-_core_extension_mechanisms/1.0/uml_model_-_core_extension_mechanisms.jar"></property>
    <property name="dist_docs" value="build/dist/time_tracker_common-3.1/docs"></property>
    <property name="string_pattern_match.jar" value="D:/lib/tcs/string_pattern_match/1.0/string_pattern_match.jar"></property>
    <property name="database_abstraction.path" value="database_abstraction/1.1"></property>
    <property name="testlogdir" value="log"></property>
    <property name="os.name" value="Windows XP"></property>
    <property name="java.specification.vendor" value="Sun Microsystems Inc."></property>
    <property name="xercesImpl.jar" value="D:/lib/xerces/2.7.1/xercesImpl.jar"></property>
    <property name="java.vm.name" value="Java HotSpot(TM) Client VM"></property>
    <property name="configmanager.jar" value="D:/lib/tcs/configuration_manager/2.1.5/configuration_manager.jar"></property>
    <property name="java.library.path" value="D:\Software\Java\jdk1.5.0\jre\bin;.;C:\WINDOWS\system32;C:\WINDOWS;D:\Software\Servers\Databases\oraclexe\app\oracle\product\10.2.0\server\bin;C:\Program Files\PC Connectivity Solution\;D:\Software\Ruby\bin;D:\Software\Tools\mksscripts\src;D:\Software\Tools\MKS\IntegrityClient\bin;D:\Software\Perl\bin\;C:\Program Files\ThinkPad\Utilities;C:\WINDOWS\system32;C:\WINDOWS;C:\WINDOWS\System32\Wbem;C:\Program Files\Intel\Wireless\Bin\;C:\Program Files\ATI Technologies\ATI Control Panel;D:\Software\Java\jdk1.5.0\bin;D:\Software\Java\apache-ant-1.6.5\bin;C:\Program Files\Microsoft SQL Server\90\Tools\binn\;C:\Program Files\ThinkPad\ConnectUtilities;C:\tbs\bin;D:\Software\Tools\nant-0.85\bin;C:\WINDOWS\Microsoft.NET\Framework\v1.1.4322;D:\Software\Servers\Databases\MySQL5\bin;D:\Software\Tools\cygwin\bin;D:\Software\Tools\4NT302;D:\Software\groovy\bin;C:\Program Files\QuickTime\QTSystem\"></property>
    <property name="docpackage.jar" value="time_tracker_common_docs.jar"></property>
    <property name="logging_wrapper.version" value="1.2"></property>
    <property name="commons.httpclient.jar" value="D:/lib/apache/commons/commons-httpclient-3.0.1.jar"></property>
    <property name="ant.java.version" value="1.5"></property>
    <property name="string_pattern_match.jar.name" value="string_pattern_match.jar"></property>
    <property name="diagram_interchange.jar" value="D:/lib/tcs/diagram_interchange/1.0/diagram_interchange.jar"></property>
    <property name="basedir" value="F:\Download\Time_Tracker_Common_3.1_dev_dist\Final"></property>
    <property name="java.class.version" value="49.0"></property>
    <property name="uml_model_-_core_relationships.jar" value="D:/lib/tcs/uml_model_-_core_relationships/1.0/uml_model_-_core_relationships.jar"></property>
    <property name="base_exception.jar.name" value="base_exception.jar"></property>
    <property name="ant.home" value="D:\Software\Java\apache-ant-1.6.5"></property>
    <property name="logging_wrapper.path" value="logging_wrapper/1.2"></property>
    <property name="component.war" value="${dist_examples}/time_tracker_common.war"></property>
    <property name="xml-apis.jar" value="D:/lib/xerces/2.7.1/xml-apis.jar"></property>
    <property name="string_pattern_match.version" value="1.0"></property>
    <property name="configmanager.jar.name" value="configuration_manager.jar"></property>
    <property name="hibernate3.jar" value="D:/lib/hibernate3.jar"></property>
    <property name="generic_event_manager.version" value="1.0"></property>
    <property name="jsp1.4.jar" value="D:/lib/jsp-api.jar"></property>
    <property name="jbossall-client.jar" value="D:/lib/jbossall-client.jar"></property>
    <property name="diagram_elements.version" value="1.0"></property>
    <property name="uml_model_-_core.jar.name" value="uml_model_-_core.jar"></property>
    <property name="sun.boot.library.path" value="D:\Software\Java\jdk1.5.0\jre\bin"></property>
    <property name="generic_event_manager.jar" value="D:/lib/tcs/generic_event_manager/1.0/generic_event_manager.jar"></property>
    <property name="log4j.jar" value="D:/lib/log4j-1.2.13.jar"></property>
    <property name="ext_libdir" value="D:/lib"></property>
    <property name="cactus.port" value="9090"></property>
    <property name="sun.management.compiler" value="HotSpot Client Compiler"></property>
    <property name="ant.file.Time Tracker Common" value="F:\Download\Time_Tracker_Common_3.1_dev_dist\Final\build.xml"></property>
    <property name="user.variant" value=""></property>
    <property name="java.awt.graphicsenv" value="sun.awt.Win32GraphicsEnvironment"></property>
    <property name="jar_tcs_libdir" value="lib/tcs"></property>
    <property name="jdbc.hsqldb.jar" value="D:/lib/jdbc/hsqldb.jar"></property>
    <property name="id_generator.path" value="id_generator/3.0"></property>
    <property name="JNDI_Utility.path" value="JNDI_Utility/1.0"></property>
    <property name="build_targetclassdir" value="build/targetclasses"></property>
    <property name="xerces1.4.4.jar" value="D:/lib/xerces/1.4.4/xerces.jar"></property>
    <property name="docsdir" value="docs"></property>
    <property name="uml_model_-_activity_graphs.jar.name" value="uml_model_-_activity_graphs.jar"></property>
    <property name="dev_dist.jar" value="Time_Tracker_Common_3.1_dev_dist.jar"></property>
    <property name="commons.collections.jar" value="D:/lib/apache/commons/commons-collections-3.1.jar"></property>
    <property name="jdbc.oracle.jar" value="D:/lib/jdbc/ojdbc14.jar"></property>
    <property name="ant.project.name" value="Time Tracker Common"></property>
    <property name="commons.beanutils.jar" value="${lib.apache.common.dir}/commons-beanutils-1.7.0.jar"></property>
    <property name="java.vm.specification.version" value="1.0"></property>
    <property name="diagram_edges.jar.name" value="diagram_edges.jar"></property>
    <property name="db_connection_factory.version" value="1.0"></property>
    <property name="db_connection_factory.jar.name" value="db_connection_factory.jar"></property>
    <property name="awt.toolkit" value="sun.awt.windows.WToolkit"></property>
    <property name="webdir" value="web"></property>
    <property name="jdbc.sqlserver.jar" value="D:/lib/jdbc/sqljdbc.jar"></property>
    <property name="sun.cpu.isalist" value="pentium_pro+mmx pentium_pro pentium+mmx pentium i486 i386 i86"></property>
    <property name="build_javadocsdir" value="build/docs/javadocs"></property>
    <property name="java.ext.dirs" value="D:\Software\Java\jdk1.5.0\jre\lib\ext"></property>
    <property name="os.version" value="5.1"></property>
    <property name="javadoc.jar" value="javadocs.jar"></property>
    <property name="user.home" value="C:\Documents and Settings\Zhang Guiqiang"></property>
    <property name="build_classdir" value="build/classes"></property>
    <property name="object_factory.jar.name" value="object_factory.jar"></property>
    <property name="zoom_panel.jar" value="D:/lib/tcs/zoom_panel/1.0/zoom_panel.jar"></property>
    <property name="java.vm.vendor" value="Sun Microsystems Inc."></property>
    <property name="uml_model_-_common_behavior.jar.name" value="uml_model_-_common_behavior.jar"></property>
    <property name="typesafe_enum.path" value="typesafe_enum/1.0"></property>
    <property name="jdbc.jtds.jar" value="D:/lib/jdbc/jtds-1.2.jar"></property>
    <property name="build_testclassdir" value="build/testClasses"></property>
    <property name="package" value="com.topcoder.timetracker.common"></property>
    <property name="base_exception.jar" value="D:/lib/tcs/base_exception/1.0/base_exception.jar"></property>
    <property name="typesafe_enum.jar" value="D:/lib/tcs/typesafe_enum/1.0/typesafe_enum.jar"></property>
    <property name="user.dir" value="F:\Download\Time_Tracker_Common_3.1_dev_dist\Final"></property>
    <property name="configmanager.version" value="2.1.5"></property>
    <property name="simple_cache.version" value="2.0"></property>
    <property name="string_pattern_match.path" value="string_pattern_match/1.0"></property>
    <property name="data_validation.version" value="1.0"></property>
    <property name="data_validation.jar" value="D:/lib/tcs/data_validation/1.0/data_validation.jar"></property>
    <property name="uml_model_-_core_classifiers.path" value="uml_model_-_core_classifiers/1.0"></property>
    <property name="sun.cpu.endian" value="little"></property>
    <property name="uml_model_-_core_relationships.jar.name" value="uml_model_-_core_relationships.jar"></property>
    <property name="dist_docpackage" value="build/doc_package"></property>
    <property name="uml_model_-_core_relationships.version" value="1.0"></property>
    <property name="zoom_panel.path" value="zoom_panel/1.0"></property>
    <property name="java.vm.version" value="1.5.0_05-b05"></property>
    <property name="search_builder.jar.name" value="search_builder.jar"></property>
    <property name="dev_submission.jar" value="Time_Tracker_Common_3.1_dev_submission.jar"></property>
    <property name="java.class.path" value="F:\Download\Time_Tracker_Common_3.1_dev_dist\Final\build\testClasses;F:\Download\Time_Tracker_Common_3.1_dev_dist\Final\build\classes;D:\lib\jdbc\ifxjdbc.jar;D:\lib\junit.jar;D:\lib\tcs\id_generator\3.0\id_generator.jar;D:\lib\tcs\configuration_manager\2.1.5\configuration_manager.jar;D:\lib\tcs\db_connection_factory\1.0\db_connection_factory.jar;D:\lib\tcs\base_exception\1.0\base_exception.jar;D:\lib\tcs\object_factory\2.0.1\object_factory.jar;F:\Download\Time_Tracker_Common_3.1_dev_dist\Final\conf;F:\Download\Time_Tracker_Common_3.1_dev_dist\Final\test_files;F:\Download\Time_Tracker_Common_3.1_dev_dist\Final;C:\Program Files\QuickTime\QTSystem\QTJava.zip;D:\Software\Java\apache-ant-1.6.5\lib\junit.jar;D:\Software\Java\apache-ant-1.6.5\lib\ant-launcher.jar;D:\Software\Java\apache-ant-1.6.5\lib\ant.jar;D:\Software\Java\apache-ant-1.6.5\lib\ant-junit.jar"></property>
    <property name="database_abstraction.jar" value="D:/lib/tcs/database_abstraction/1.1/database_abstraction.jar"></property>
    <property name="ant.library.dir" value="D:\Software\Java\apache-ant-1.6.5\lib"></property>
    <property name="os.arch" value="x86"></property>
    <property name="db_connection_factory.path" value="db_connection_factory/1.0"></property>
    <property name="diagram_edges.version" value="1.0"></property>
    <property name="uml_model_-_core_classifiers.version" value="1.0"></property>
    <property name="diagram_elements.jar" value="D:/lib/tcs/diagram_elements/1.0/diagram_elements.jar"></property>
    <property name="search_builder.version" value="1.3.1"></property>
    <property name="logging_wrapper.jar.name" value="logging_wrapper.jar"></property>
    <property name="lib.apache.commons.dir" value="D:/lib/apache/commons"></property>
    <property name="java.vm.specification.vendor" value="Sun Microsystems Inc."></property>
    <property name="uml_model_-_core.version" value="1.0"></property>
    <property name="uml_model_-_data_types.jar" value="D:/lib/tcs/uml_model_-_data_types/1.0/uml_model_-_data_types.jar"></property>
    <property name="file.separator" value="\"></property>
    <property name="java.runtime.version" value="1.5.0_05-b05"></property>
    <property name="class_associations.jar.name" value="class_associations.jar"></property>
    <property name="build_docsdir" value="build/docs"></property>
    <property name="sun.boot.class.path" value="D:\Software\Java\jdk1.5.0\jre\lib\rt.jar;D:\Software\Java\jdk1.5.0\jre\lib\i18n.jar;D:\Software\Java\jdk1.5.0\jre\lib\sunrsasign.jar;D:\Software\Java\jdk1.5.0\jre\lib\jsse.jar;D:\Software\Java\jdk1.5.0\jre\lib\jce.jar;D:\Software\Java\jdk1.5.0\jre\lib\charsets.jar;D:\Software\Java\jdk1.5.0\jre\classes"></property>
    <property name="dom4j.jar" value="D:/lib/dom4j-1.6.1.jar"></property>
    <property name="database_abstraction.jar.name" value="database_abstraction.jar"></property>
    <property name="class_associations.version" value="1.0"></property>
    <property name="design_submission.jar" value="Time_Tracker_Common_3.1_design_submission.jar"></property>
    <property name="uml_model_-_state_machines.jar" value="D:/lib/tcs/uml_model_-_state_machines/1.0/uml_model_-_state_machines.jar"></property>
    <property name="configuration_manager.version" value="2.1.5"></property>
    <property name="user.country" value="US"></property>
    <property name="tcs_libdir" value="D:/lib/tcs"></property>
    <property name="component" value="Time_Tracker_Common"></property>
    <property name="lib.jdbc.dir" value="D:/lib/jdbc"></property>
    <property name="simple_cache.jar" value="D:/lib/tcs/simple_cache/2.0/simple_cache.jar"></property>
    <property name="uml_model_-_activity_graphs.path" value="uml_model_-_activity_graphs/1.0"></property>
    <property name="logging_wrapper.jar" value="D:/lib/tcs/logging_wrapper/1.2/logging_wrapper.jar"></property>
    <property name="uml_model_-_data_types.jar.name" value="uml_model_-_data_types.jar"></property>
    <property name="java_1_3_bootclasspath" value="D:/TopCoder/JavaSoft/JRE/1.3.1_18/lib/rt.jar"></property>
    <property name="uml_model_-_core.jar" value="D:/lib/tcs/uml_model_-_core/1.0/uml_model_-_core.jar"></property>
    <property name="typesafe_enum.jar.name" value="typesafe_enum.jar"></property>
    <property name="java.vendor" value="Sun Microsystems Inc."></property>
    <property name="jboss_home" value="D:/Software/Servers/AppServers/jboss-4.0.5.GA"></property>
    <property name="db_connection_factory.jar" value="D:/lib/tcs/db_connection_factory/1.0/db_connection_factory.jar"></property>
    <property name="jta.jar" value="D:/lib/jta.jar"></property>
    <property name="jdbc.mysql.jar" value="D:/lib/jdbc/mysql-connector-java-3.1.12-bin.jar"></property>
    <property name="java.specification.version" value="1.5"></property>
    <property name="uml_model_-_state_machines.jar.name" value="uml_model_-_state_machines.jar"></property>
    <property name="testfiles" value="test_files"></property>
    <property name="javatests" value="src/java/tests"></property>
    <property name="sun.arch.data.model" value="32"></property>
  </properties>
  <testcase classname="com.topcoder.timetracker.common.persistence.DatabasePaymentTermDAOTestAcc" name="testDatabasePaymentTermDAO_Ctor_WithNamespace" time="1.687"></testcase>
  <testcase classname="com.topcoder.timetracker.common.persistence.DatabasePaymentTermDAOTestAcc" name="testDatabasePaymentTermDAO_Ctor_WithOutNamespace" time="0.0"></testcase>
  <testcase classname="com.topcoder.timetracker.common.persistence.DatabasePaymentTermDAOTestAcc" name="testAddPaymentTerm1" time="1.375"></testcase>
  <testcase classname="com.topcoder.timetracker.common.persistence.DatabasePaymentTermDAOTestAcc" name="testAddPaymentTerm2" time="1.094"></testcase>
  <testcase classname="com.topcoder.timetracker.common.persistence.DatabasePaymentTermDAOTestAcc" name="testAddPaymentTerm3" time="0.969"></testcase>
  <testcase classname="com.topcoder.timetracker.common.persistence.DatabasePaymentTermDAOTestAcc" name="testUpdatePaymentTerm1" time="1.156"></testcase>
  <testcase classname="com.topcoder.timetracker.common.persistence.DatabasePaymentTermDAOTestAcc" name="testUpdatePaymentTerm2" time="1.063"></testcase>
  <testcase classname="com.topcoder.timetracker.common.persistence.DatabasePaymentTermDAOTestAcc" name="testUpdatePaymentTerm3" time="1.015"></testcase>
  <testcase classname="com.topcoder.timetracker.common.persistence.DatabasePaymentTermDAOTestAcc" name="testUpdatePaymentTerm4" time="1.063"></testcase>
  <testcase classname="com.topcoder.timetracker.common.persistence.DatabasePaymentTermDAOTestAcc" name="testUpdatePaymentTerm5" time="1.0"></testcase>
  <testcase classname="com.topcoder.timetracker.common.persistence.DatabasePaymentTermDAOTestAcc" name="testUpdatePaymentTerm6" time="1.109"></testcase>
  <testcase classname="com.topcoder.timetracker.common.persistence.DatabasePaymentTermDAOTestAcc" name="testUpdatePaymentTerm7" time="1.656"></testcase>
  <testcase classname="com.topcoder.timetracker.common.persistence.DatabasePaymentTermDAOTestAcc" name="testUpdatePaymentTerm8" time="1.469"></testcase>
  <testcase classname="com.topcoder.timetracker.common.persistence.DatabasePaymentTermDAOTestAcc" name="testUpdatePaymentTerm9" time="1.484"></testcase>
  <testcase classname="com.topcoder.timetracker.common.persistence.DatabasePaymentTermDAOTestAcc" name="testRetrievePaymentTerm1" time="2.422"></testcase>
  <testcase classname="com.topcoder.timetracker.common.persistence.DatabasePaymentTermDAOTestAcc" name="testRetrievePaymentTerm2" time="2.438"></testcase>
  <testcase classname="com.topcoder.timetracker.common.persistence.DatabasePaymentTermDAOTestAcc" name="testRetrievePaymentTerms1" time="0.265"></testcase>
  <testcase classname="com.topcoder.timetracker.common.persistence.DatabasePaymentTermDAOTestAcc" name="testRetrievePaymentTerms2" time="0.25"></testcase>
  <testcase classname="com.topcoder.timetracker.common.persistence.DatabasePaymentTermDAOTestAcc" name="testRetrievePaymentTerms3" time="0.344"></testcase>
  <testcase classname="com.topcoder.timetracker.common.persistence.DatabasePaymentTermDAOTestAcc" name="testRetrievePaymentTerms4" time="0.0"></testcase>
  <testcase classname="com.topcoder.timetracker.common.persistence.DatabasePaymentTermDAOTestAcc" name="testRetrieveAllPaymentTerms" time="0.266"></testcase>
  <testcase classname="com.topcoder.timetracker.common.persistence.DatabasePaymentTermDAOTestAcc" name="testRetrieveActivePaymentTerms" time="0.234"></testcase>
  <testcase classname="com.topcoder.timetracker.common.persistence.DatabasePaymentTermDAOTestAcc" name="testRetrieveRecentlyCreatedPaymentTerms1" time="3.516"></testcase>
  <testcase classname="com.topcoder.timetracker.common.persistence.DatabasePaymentTermDAOTestAcc" name="testRetrieveRecentlyCreatedPaymentTerms2" time="0.234"></testcase>
  <testcase classname="com.topcoder.timetracker.common.persistence.DatabasePaymentTermDAOTestAcc" name="testRetrieveRecentlyModifiedPaymentTerms1" time="3.703"></testcase>
  <testcase classname="com.topcoder.timetracker.common.persistence.DatabasePaymentTermDAOTestAcc" name="testRetrieveRecentlyModifiedPaymentTerms2" time="0.266"></testcase>
  <testcase classname="com.topcoder.timetracker.common.persistence.DatabasePaymentTermDAOTestAcc" name="testDeletePaymentTerm" time="6.203"></testcase>
  <testcase classname="com.topcoder.timetracker.common.persistence.DatabasePaymentTermDAOTestAcc" name="testDeleteAllPaymentTerms" time="1.078"></testcase>
  <testcase classname="com.topcoder.timetracker.common.persistence.DatabasePaymentTermDAOTestAcc" name="testDeletePaymentTerms1" time="1.156"></testcase>
  <testcase classname="com.topcoder.timetracker.common.persistence.DatabasePaymentTermDAOTestAcc" name="testDeletePaymentTerms2" time="1.141"></testcase>
  <testcase classname="com.topcoder.timetracker.common.persistence.DatabasePaymentTermDAOTestAcc" name="testDeletePaymentTerms3" time="0.281"></testcase>
  <testcase classname="com.topcoder.timetracker.common.persistence.DatabasePaymentTermDAOTestExp1" name="testDatabasePaymentTermDAO_Ctor_NullDBConnectionFactory" time="0.266"></testcase>
  <testcase classname="com.topcoder.timetracker.common.persistence.DatabasePaymentTermDAOTestExp1" name="testDatabasePaymentTermDAO_Ctor_NullConnectionName" time="0.187"></testcase>
  <testcase classname="com.topcoder.timetracker.common.persistence.DatabasePaymentTermDAOTestExp1" name="testDatabasePaymentTermDAO_Ctor_EmptyConnectionName" time="0.266"></testcase>
  <testcase classname="com.topcoder.timetracker.common.persistence.DatabasePaymentTermDAOTestExp1" name="testDatabasePaymentTermDAO_Ctor_NullIDGeneratorName" time="0.188"></testcase>
  <testcase classname="com.topcoder.timetracker.common.persistence.DatabasePaymentTermDAOTestExp1" name="testDatabasePaymentTermDAO_Ctor_EmptyIDGeneratorName" time="0.25"></testcase>
  <testcase classname="com.topcoder.timetracker.common.persistence.DatabasePaymentTermDAOTestExp1" name="testDatabasePaymentTermDAO_Ctor_NotExistIDGeneratorName" time="0.515"></testcase>
  <testcase classname="com.topcoder.timetracker.common.persistence.DatabasePaymentTermDAOTestExp1" name="testDatabasePaymentTermDAO_Ctor_NullNamespace" time="0.25"></testcase>
  <testcase classname="com.topcoder.timetracker.common.persistence.DatabasePaymentTermDAOTestExp1" name="testDatabasePaymentTermDAO_Ctor_EmptyNamespace" time="0.25"></testcase>
  <testcase classname="com.topcoder.timetracker.common.persistence.DatabasePaymentTermDAOTestExp1" name="testDatabasePaymentTermDAO_Ctor_UnknownNamespace" time="0.219"></testcase>
  <testcase classname="com.topcoder.timetracker.common.persistence.DatabasePaymentTermDAOTestExp1" name="testDatabasePaymentTermDAO_Ctor_MissOFNamespace" time="0.281"></testcase>
  <testcase classname="com.topcoder.timetracker.common.persistence.DatabasePaymentTermDAOTestExp1" name="testDatabasePaymentTermDAO_Ctor_EmptyOFNamespace" time="0.25"></testcase>
  <testcase classname="com.topcoder.timetracker.common.persistence.DatabasePaymentTermDAOTestExp1" name="testDatabasePaymentTermDAO_Ctor_UnknownOFNamespace" time="0.266"></testcase>
  <testcase classname="com.topcoder.timetracker.common.persistence.DatabasePaymentTermDAOTestExp1" name="testDatabasePaymentTermDAO_Ctor_ErrorOFNamespace1" time="0.25"></testcase>
  <testcase classname="com.topcoder.timetracker.common.persistence.DatabasePaymentTermDAOTestExp1" name="testDatabasePaymentTermDAO_Ctor_ErrorOFNamespace2" time="0.187"></testcase>
  <testcase classname="com.topcoder.timetracker.common.persistence.DatabasePaymentTermDAOTestExp1" name="testDatabasePaymentTermDAO_Ctor_ErrorOFNamespace3" time="0.219"></testcase>
  <testcase classname="com.topcoder.timetracker.common.persistence.DatabasePaymentTermDAOTestExp1" name="testDatabasePaymentTermDAO_Ctor_ErrorOFNamespace4" time="0.25"></testcase>
  <testcase classname="com.topcoder.timetracker.common.persistence.DatabasePaymentTermDAOTestExp1" name="testDatabasePaymentTermDAO_Ctor_ErrorOFNamespace5" time="0.25"></testcase>
  <testcase classname="com.topcoder.timetracker.common.persistence.DatabasePaymentTermDAOTestExp1" name="testDatabasePaymentTermDAO_Ctor_ErrorOFNamespace6" time="0.25"></testcase>
  <testcase classname="com.topcoder.timetracker.common.persistence.DatabasePaymentTermDAOTestExp1" name="testDatabasePaymentTermDAO_Ctor_MissingDBConnectinFactoryKey" time="0.25"></testcase>
  <testcase classname="com.topcoder.timetracker.common.persistence.DatabasePaymentTermDAOTestExp1" name="testDatabasePaymentTermDAO_Ctor_EmptyDBConnectinFactoryKey" time="0.25"></testcase>
  <testcase classname="com.topcoder.timetracker.common.persistence.DatabasePaymentTermDAOTestExp1" name="testDatabasePaymentTermDAO_Ctor_NotExistDBConnectinFactoryKey" time="0.328"></testcase>
  <testcase classname="com.topcoder.timetracker.common.persistence.DatabasePaymentTermDAOTestExp1" name="testDatabasePaymentTermDAO_Ctor_MissingConnectionName" time="0.25"></testcase>
  <testcase classname="com.topcoder.timetracker.common.persistence.DatabasePaymentTermDAOTestExp1" name="testDatabasePaymentTermDAO_Ctor_EmptyConnectionName2" time="0.25"></testcase>
  <testcase classname="com.topcoder.timetracker.common.persistence.DatabasePaymentTermDAOTestExp1" name="testDatabasePaymentTermDAO_Ctor_MissingIDGeneratorName" time="0.266"></testcase>
  <testcase classname="com.topcoder.timetracker.common.persistence.DatabasePaymentTermDAOTestExp1" name="testDatabasePaymentTermDAO_Ctor_EmptyIDGeneratorName2" time="0.25"></testcase>
  <testcase classname="com.topcoder.timetracker.common.persistence.DatabasePaymentTermDAOTestExp1" name="testDatabasePaymentTermDAO_Ctor_NoSuchIDGeneratorName" time="0.515"></testcase>
  <testcase classname="com.topcoder.timetracker.common.persistence.DatabasePaymentTermDAOTestExp1" name="testDatabasePaymentTermDAO_Ctor_MissingConnections" time="0.282"></testcase>
  <testcase classname="com.topcoder.timetracker.common.persistence.DatabasePaymentTermDAOTestExp1" name="testDatabasePaymentTermDAO_Ctor_MissingProducer" time="0.265"></testcase>
  <testcase classname="com.topcoder.timetracker.common.persistence.DatabasePaymentTermDAOTestExp1" name="testDatabasePaymentTermDAO_Ctor_DefaultConnectionNotConfigured" time="0.235"></testcase>
  <testcase classname="com.topcoder.timetracker.common.persistence.DatabasePaymentTermDAOTestExp2" name="testAddPaymentTerm_IDGeneratorExhausted1" time="0.782"></testcase>
  <testcase classname="com.topcoder.timetracker.common.persistence.DatabasePaymentTermDAOTestExp2" name="testAddPaymentTerm_IDGeneratorExhausted2" time="0.5"></testcase>
  <testcase classname="com.topcoder.timetracker.common.persistence.DatabasePaymentTermDAOTestExp2" name="testAddPaymentTerm_NonPositiveIDGenerated" time="1.156"></testcase>
  <testcase classname="com.topcoder.timetracker.common.persistence.DatabasePaymentTermDAOTestExp2" name="testAddPaymentTerm_Duplicate" time="0.75"></testcase>
  <testcase classname="com.topcoder.timetracker.common.persistence.DatabasePaymentTermDAOTestExp2" name="testAddPaymentTerm_NotExistDatabase" time="1.015"></testcase>
  <testcase classname="com.topcoder.timetracker.common.persistence.DatabasePaymentTermDAOTestExp2" name="testAddPaymentTerm_EmptyDatabase" time="0.797"></testcase>
  <testcase classname="com.topcoder.timetracker.common.persistence.DatabasePaymentTermDAOTestExp2" name="testAddPaymentTerm_Null" time="0.0"></testcase>
  <testcase classname="com.topcoder.timetracker.common.persistence.DatabasePaymentTermDAOTestExp2" name="testAddPaymentTerm_NullCreationDate" time="0.0"></testcase>
  <testcase classname="com.topcoder.timetracker.common.persistence.DatabasePaymentTermDAOTestExp2" name="testAddPaymentTerm_NullCreationUser" time="0.0"></testcase>
  <testcase classname="com.topcoder.timetracker.common.persistence.DatabasePaymentTermDAOTestExp2" name="testAddPaymentTerm_EmptyCreationUser" time="0.0"></testcase>
  <testcase classname="com.topcoder.timetracker.common.persistence.DatabasePaymentTermDAOTestExp2" name="testAddPaymentTerm_ExceedCreationUser" time="0.0"></testcase>
  <testcase classname="com.topcoder.timetracker.common.persistence.DatabasePaymentTermDAOTestExp2" name="testAddPaymentTerm_NullModificationDate" time="0.016"></testcase>
  <testcase classname="com.topcoder.timetracker.common.persistence.DatabasePaymentTermDAOTestExp2" name="testAddPaymentTerm_CreationDateExceedsModificationDate" time="0.0"></testcase>
  <testcase classname="com.topcoder.timetracker.common.persistence.DatabasePaymentTermDAOTestExp2" name="testAddPaymentTerm_ModificationDateExceedsCreationDate" time="0.0"></testcase>
  <testcase classname="com.topcoder.timetracker.common.persistence.DatabasePaymentTermDAOTestExp2" name="testAddPaymentTerm_ModificationDateExceedsCurrentDate" time="0.0"></testcase>
  <testcase classname="com.topcoder.timetracker.common.persistence.DatabasePaymentTermDAOTestExp2" name="testAddPaymentTerm_NullModificationUser" time="0.0"></testcase>
  <testcase classname="com.topcoder.timetracker.common.persistence.DatabasePaymentTermDAOTestExp2" name="testAddPaymentTerm_EmptyModificationUser" time="0.0"></testcase>
  <testcase classname="com.topcoder.timetracker.common.persistence.DatabasePaymentTermDAOTestExp2" name="testAddPaymentTerm_ExceedModificationUser" time="0.016"></testcase>
  <testcase classname="com.topcoder.timetracker.common.persistence.DatabasePaymentTermDAOTestExp2" name="testAddPaymentTerm_NullDescription" time="0.0"></testcase>
  <testcase classname="com.topcoder.timetracker.common.persistence.DatabasePaymentTermDAOTestExp2" name="testAddPaymentTerm_EmptyDescription" time="0.0"></testcase>
  <testcase classname="com.topcoder.timetracker.common.persistence.DatabasePaymentTermDAOTestExp2" name="testAddPaymentTerm_ExceedDescription" time="0.0"></testcase>
  <testcase classname="com.topcoder.timetracker.common.persistence.DatabasePaymentTermDAOTestExp2" name="testAddPaymentTerm_NonPositiveTerm" time="0.0"></testcase>
  <testcase classname="com.topcoder.timetracker.common.persistence.DatabasePaymentTermDAOTestExp2" name="testUpdatePaymentTerm_NotExistDatabase" time="0.281"></testcase>
  <testcase classname="com.topcoder.timetracker.common.persistence.DatabasePaymentTermDAOTestExp2" name="testUpdatePaymentTerm_EmptyDatabase" time="0.25"></testcase>
  <testcase classname="com.topcoder.timetracker.common.persistence.DatabasePaymentTermDAOTestExp2" name="testUpdatePaymentTerm_NotExist" time="0.234"></testcase>
  <testcase classname="com.topcoder.timetracker.common.persistence.DatabasePaymentTermDAOTestExp2" name="testUpdatePaymentTerm_Null" time="0.0"></testcase>
  <testcase classname="com.topcoder.timetracker.common.persistence.DatabasePaymentTermDAOTestExp2" name="testUpdatePaymentTerm_NotPositiveId" time="0.0"></testcase>
  <testcase classname="com.topcoder.timetracker.common.persistence.DatabasePaymentTermDAOTestExp2" name="testUpdatePaymentTerm_NullCreationDate" time="0.016"></testcase>
  <testcase classname="com.topcoder.timetracker.common.persistence.DatabasePaymentTermDAOTestExp2" name="testUpdatePaymentTerm_NullCreationUser" time="0.0"></testcase>
  <testcase classname="com.topcoder.timetracker.common.persistence.DatabasePaymentTermDAOTestExp2" name="testUpdatePaymentTerm_EmptyCreationUser" time="0.0"></testcase>
  <testcase classname="com.topcoder.timetracker.common.persistence.DatabasePaymentTermDAOTestExp2" name="testUpdatePaymentTerm_ExceedCreationUser" time="0.0"></testcase>
  <testcase classname="com.topcoder.timetracker.common.persistence.DatabasePaymentTermDAOTestExp2" name="testUpdatePaymentTerm_NullModificationDate" time="0.0"></testcase>
  <testcase classname="com.topcoder.timetracker.common.persistence.DatabasePaymentTermDAOTestExp2" name="testUpdatePaymentTerm_CreationDateExceedsModificationDate" time="0.0"></testcase>
  <testcase classname="com.topcoder.timetracker.common.persistence.DatabasePaymentTermDAOTestExp2" name="testUpdatePaymentTerm_CreationDateEqualsModificationDate" time="0.0"></testcase>
  <testcase classname="com.topcoder.timetracker.common.persistence.DatabasePaymentTermDAOTestExp2" name="testUpdatePaymentTerm_ModificationDateExceedsCurrentDate" time="0.015"></testcase>
  <testcase classname="com.topcoder.timetracker.common.persistence.DatabasePaymentTermDAOTestExp2" name="testUpdatePaymentTerm_NullModificationUser" time="0.0"></testcase>
  <testcase classname="com.topcoder.timetracker.common.persistence.DatabasePaymentTermDAOTestExp2" name="testUpdatePaymentTerm_EmptyModificationUser" time="0.0"></testcase>
  <testcase classname="com.topcoder.timetracker.common.persistence.DatabasePaymentTermDAOTestExp2" name="testUpdatePaymentTerm_ExceedModificationUser" time="0.016"></testcase>
  <testcase classname="com.topcoder.timetracker.common.persistence.DatabasePaymentTermDAOTestExp2" name="testUpdatePaymentTerm_NullDescription" time="0.0"></testcase>
  <testcase classname="com.topcoder.timetracker.common.persistence.DatabasePaymentTermDAOTestExp2" name="testUpdatePaymentTerm_EmptyDescription" time="0.0"></testcase>
  <testcase classname="com.topcoder.timetracker.common.persistence.DatabasePaymentTermDAOTestExp2" name="testUpdatePaymentTerm_ExceedDescription" time="0.0"></testcase>
  <testcase classname="com.topcoder.timetracker.common.persistence.DatabasePaymentTermDAOTestExp2" name="testUpdatePaymentTerm_NonPositiveTerm" time="0.016"></testcase>
  <testcase classname="com.topcoder.timetracker.common.persistence.DatabasePaymentTermDAOTestExp2" name="testDeletePaymentTerm_NotExistDatabase" time="0.234"></testcase>
  <testcase classname="com.topcoder.timetracker.common.persistence.DatabasePaymentTermDAOTestExp2" name="testDeletePaymentTerm_EmptyDatabase" time="0.281"></testcase>
  <testcase classname="com.topcoder.timetracker.common.persistence.DatabasePaymentTermDAOTestExp2" name="testDeletePaymentTerm_NotExist" time="0.235"></testcase>
  <testcase classname="com.topcoder.timetracker.common.persistence.DatabasePaymentTermDAOTestExp2" name="testDeletePaymentTerms_NotExist" time="0.625"></testcase>
  <testcase classname="com.topcoder.timetracker.common.persistence.DatabasePaymentTermDAOTestExp2" name="testDeletePaymentTerm_NonPositiveId" time="0.015"></testcase>
  <testcase classname="com.topcoder.timetracker.common.persistence.DatabasePaymentTermDAOTestExp2" name="testDeletePaymentTerms_NullIdsArray" time="0.0"></testcase>
  <testcase classname="com.topcoder.timetracker.common.persistence.DatabasePaymentTermDAOTestExp2" name="testDeletePaymentTerms_IdsArrayContainsNonPositive" time="0.0"></testcase>
  <testcase classname="com.topcoder.timetracker.common.persistence.DatabasePaymentTermDAOTestExp2" name="testDeletePaymentTerms_Twice" time="0.516"></testcase>
  <testcase classname="com.topcoder.timetracker.common.persistence.DatabasePaymentTermDAOTestExp2" name="testDeletePaymentTerms_NotExistDatabase" time="0.234"></testcase>
  <testcase classname="com.topcoder.timetracker.common.persistence.DatabasePaymentTermDAOTestExp2" name="testDeletePaymentTerms_EmptyDatabase" time="0.36"></testcase>
  <testcase classname="com.topcoder.timetracker.common.persistence.DatabasePaymentTermDAOTestExp2" name="testDeleteAllPaymentTerms_NotExistDatabase" time="0.234"></testcase>
  <testcase classname="com.topcoder.timetracker.common.persistence.DatabasePaymentTermDAOTestExp2" name="testDeleteAllPaymentTerms_EmptyDatabase" time="0.234"></testcase>
  <testcase classname="com.topcoder.timetracker.common.persistence.DatabasePaymentTermDAOTestExp2" name="testRetrievePaymentTerm_NotExistDatabase" time="0.25"></testcase>
  <testcase classname="com.topcoder.timetracker.common.persistence.DatabasePaymentTermDAOTestExp2" name="testRetrievePaymentTerm_EmptyDatabase" time="0.282"></testcase>
  <testcase classname="com.topcoder.timetracker.common.persistence.DatabasePaymentTermDAOTestExp2" name="testRetrievePaymentTerms_NotExistDatabase" time="0.25"></testcase>
  <testcase classname="com.topcoder.timetracker.common.persistence.DatabasePaymentTermDAOTestExp2" name="testRetrievePaymentTerms_EmptyDatabase" time="0.25"></testcase>
  <testcase classname="com.topcoder.timetracker.common.persistence.DatabasePaymentTermDAOTestExp2" name="testRetrievePaymentTerms_NullIdsArray" time="0.0"></testcase>
  <testcase classname="com.topcoder.timetracker.common.persistence.DatabasePaymentTermDAOTestExp2" name="testRetrievePaymentTerms_IdsArrayContainsNonPositive" time="0.015"></testcase>
  <testcase classname="com.topcoder.timetracker.common.persistence.DatabasePaymentTermDAOTestExp2" name="testRetrieveAllPaymentTerms_NotExistDatabase" time="0.235"></testcase>
  <testcase classname="com.topcoder.timetracker.common.persistence.DatabasePaymentTermDAOTestExp2" name="testRetrieveAllPaymentTerms_EmptyDatabase" time="0.265"></testcase>
  <testcase classname="com.topcoder.timetracker.common.persistence.DatabasePaymentTermDAOTestExp2" name="testRetrieveActivePaymentTerms_NotExistDatabase" time="0.235"></testcase>
  <testcase classname="com.topcoder.timetracker.common.persistence.DatabasePaymentTermDAOTestExp2" name="testRetrieveActivePaymentTerms_EmptyDatabase" time="0.25"></testcase>
  <testcase classname="com.topcoder.timetracker.common.persistence.DatabasePaymentTermDAOTestExp2" name="testRetrieveRecentlyCreatedPaymentTerms_NotExistDatabase" time="0.218"></testcase>
  <testcase classname="com.topcoder.timetracker.common.persistence.DatabasePaymentTermDAOTestExp2" name="testRetrieveRecentlyCreatedPaymentTerms_EmptyDatabase" time="0.313"></testcase>
  <testcase classname="com.topcoder.timetracker.common.persistence.DatabasePaymentTermDAOTestExp2" name="testRetrieveRecentlyCreatedPaymentTerms_ErrorRecentDays" time="0.0"></testcase>
  <testcase classname="com.topcoder.timetracker.common.persistence.DatabasePaymentTermDAOTestExp2" name="testRetrieveRecentlyModifiedPaymentTerms_NotExistDatabase" time="0.234"></testcase>
  <testcase classname="com.topcoder.timetracker.common.persistence.DatabasePaymentTermDAOTestExp2" name="testRetrieveRecentlyModifiedPaymentTerms_EmptyDatabase" time="0.25"></testcase>
  <testcase classname="com.topcoder.timetracker.common.persistence.DatabasePaymentTermDAOTestExp2" name="testRetrieveRecentlyModifiedPaymentTerms_ErrorRecentDays" time="0.0"></testcase>
  <testcase classname="com.topcoder.timetracker.common.SimpleCommonManagerTestAcc" name="testAddPaymentTerm1" time="1.359"></testcase>
  <testcase classname="com.topcoder.timetracker.common.SimpleCommonManagerTestAcc" name="testAddPaymentTerm2" time="1.016"></testcase>
  <testcase classname="com.topcoder.timetracker.common.SimpleCommonManagerTestAcc" name="testAddPaymentTerm3" time="1.031"></testcase>
  <testcase classname="com.topcoder.timetracker.common.SimpleCommonManagerTestAcc" name="testUpdatePaymentTerm1" time="1.625"></testcase>
  <testcase classname="com.topcoder.timetracker.common.SimpleCommonManagerTestAcc" name="testUpdatePaymentTerm2" time="1.047"></testcase>
  <testcase classname="com.topcoder.timetracker.common.SimpleCommonManagerTestAcc" name="testUpdatePaymentTerm3" time="1.0"></testcase>
  <testcase classname="com.topcoder.timetracker.common.SimpleCommonManagerTestAcc" name="testUpdatePaymentTerm4" time="1.031"></testcase>
  <testcase classname="com.topcoder.timetracker.common.SimpleCommonManagerTestAcc" name="testUpdatePaymentTerm5" time="1.063"></testcase>
  <testcase classname="com.topcoder.timetracker.common.SimpleCommonManagerTestAcc" name="testUpdatePaymentTerm6" time="1.015"></testcase>
  <testcase classname="com.topcoder.timetracker.common.SimpleCommonManagerTestAcc" name="testUpdatePaymentTerm7" time="1.235"></testcase>
  <testcase classname="com.topcoder.timetracker.common.SimpleCommonManagerTestAcc" name="testUpdatePaymentTerm8" time="1.297"></testcase>
  <testcase classname="com.topcoder.timetracker.common.SimpleCommonManagerTestAcc" name="testUpdatePaymentTerm9" time="1.281"></testcase>
  <testcase classname="com.topcoder.timetracker.common.SimpleCommonManagerTestAcc" name="testRetrievePaymentTerm1" time="2.469"></testcase>
  <testcase classname="com.topcoder.timetracker.common.SimpleCommonManagerTestAcc" name="testRetrievePaymentTerm2" time="2.375"></testcase>
  <testcase classname="com.topcoder.timetracker.common.SimpleCommonManagerTestAcc" name="testRetrievePaymentTerms1" time="0.343"></testcase>
  <testcase classname="com.topcoder.timetracker.common.SimpleCommonManagerTestAcc" name="testRetrievePaymentTerms2" time="0.282"></testcase>
  <testcase classname="com.topcoder.timetracker.common.SimpleCommonManagerTestAcc" name="testRetrievePaymentTerms3" time="0.281"></testcase>
  <testcase classname="com.topcoder.timetracker.common.SimpleCommonManagerTestAcc" name="testRetrievePaymentTerms4" time="0.0"></testcase>
  <testcase classname="com.topcoder.timetracker.common.SimpleCommonManagerTestAcc" name="testRetrieveAllPaymentTerms" time="0.281"></testcase>
  <testcase classname="com.topcoder.timetracker.common.SimpleCommonManagerTestAcc" name="testRetrieveActivePaymentTerms" time="0.188"></testcase>
  <testcase classname="com.topcoder.timetracker.common.SimpleCommonManagerTestAcc" name="testRetrieveRecentlyCreatedPaymentTerms1" time="4.203"></testcase>
  <testcase classname="com.topcoder.timetracker.common.SimpleCommonManagerTestAcc" name="testRetrieveRecentlyCreatedPaymentTerms2" time="0.219"></testcase>
  <testcase classname="com.topcoder.timetracker.common.SimpleCommonManagerTestAcc" name="testRetrieveRecentlyModifiedPaymentTerms1" time="3.234"></testcase>
  <testcase classname="com.topcoder.timetracker.common.SimpleCommonManagerTestAcc" name="testRetrieveRecentlyModifiedPaymentTerms2" time="0.219"></testcase>
  <testcase classname="com.topcoder.timetracker.common.SimpleCommonManagerTestAcc" name="testDeletePaymentTerm" time="6.015"></testcase>
  <testcase classname="com.topcoder.timetracker.common.SimpleCommonManagerTestAcc" name="testDeleteAllPaymentTerms" time="1.094"></testcase>
  <testcase classname="com.topcoder.timetracker.common.SimpleCommonManagerTestAcc" name="testDeletePaymentTerms1" time="1.234"></testcase>
  <testcase classname="com.topcoder.timetracker.common.SimpleCommonManagerTestAcc" name="testDeletePaymentTerms2" time="1.032"></testcase>
  <testcase classname="com.topcoder.timetracker.common.SimpleCommonManagerTestAcc" name="testDeletePaymentTerms3" time="0.5"></testcase>
  <testcase classname="com.topcoder.timetracker.common.SimpleCommonManagerTestAcc" name="testSimpleCommonManager" time="0.015"></testcase>
  <testcase classname="com.topcoder.timetracker.common.SimpleCommonManagerTestAcc" name="testSimpleCommonManagerString" time="0.0"></testcase>
  <testcase classname="com.topcoder.timetracker.common.SimpleCommonManagerTestAcc" name="testSimpleCommonManagerPaymentTermDAOInt" time="0.0"></testcase>
  <testcase classname="com.topcoder.timetracker.common.SimpleCommonManagerTestAcc" name="testRetrieveRecentlyCreatedPaymentTerms3" time="1.266"></testcase>
  <testcase classname="com.topcoder.timetracker.common.SimpleCommonManagerTestAcc" name="testRetrieveRecentlyModifiedPaymentTerms3" time="1.406"></testcase>
  <testcase classname="com.topcoder.timetracker.common.SimpleCommonManagerTestExp1" name="testSimpleCommonManager_Ctor_NullDAO" time="0.235"></testcase>
  <testcase classname="com.topcoder.timetracker.common.SimpleCommonManagerTestExp1" name="testSimpleCommonManager_Ctor_NullNamespace" time="0.171"></testcase>
  <testcase classname="com.topcoder.timetracker.common.SimpleCommonManagerTestExp1" name="testSimpleCommonManager_Ctor_EmptyNamespace" time="0.219"></testcase>
  <testcase classname="com.topcoder.timetracker.common.SimpleCommonManagerTestExp1" name="testSimpleCommonManager_Ctor_UnknownNamespace" time="0.172"></testcase>
  <testcase classname="com.topcoder.timetracker.common.SimpleCommonManagerTestExp1" name="testSimpleCommonManager_Ctor_DefaultNamespaceUnknown" time="0.219"></testcase>
  <testcase classname="com.topcoder.timetracker.common.SimpleCommonManagerTestExp1" name="testSimpleCommonManager_Ctor_MissOFNamespace" time="0.156"></testcase>
  <testcase classname="com.topcoder.timetracker.common.SimpleCommonManagerTestExp1" name="testSimpleCommonManager_Ctor_EmptyOFNamespace" time="0.219"></testcase>
  <testcase classname="com.topcoder.timetracker.common.SimpleCommonManagerTestExp1" name="testSimpleCommonManager_Ctor_UnknownOFNamespace" time="0.234"></testcase>
  <testcase classname="com.topcoder.timetracker.common.SimpleCommonManagerTestExp1" name="testSimpleCommonManager_Ctor_MissDAOKey" time="0.219"></testcase>
  <testcase classname="com.topcoder.timetracker.common.SimpleCommonManagerTestExp1" name="testSimpleCommonManager_Ctor_EmptyDAOKey" time="0.234"></testcase>
  <testcase classname="com.topcoder.timetracker.common.SimpleCommonManagerTestExp1" name="testSimpleCommonManager_Ctor_ErrorWhileCreatingDAO1" time="0.235"></testcase>
  <testcase classname="com.topcoder.timetracker.common.SimpleCommonManagerTestExp1" name="testSimpleCommonManager_Ctor_ErrorWhileCreatingDAO2" time="0.25"></testcase>
  <testcase classname="com.topcoder.timetracker.common.SimpleCommonManagerTestExp2" name="testAddPaymentTerm_IDGeneratorExhausted1" time="1.297"></testcase>
  <testcase classname="com.topcoder.timetracker.common.SimpleCommonManagerTestExp2" name="testAddPaymentTerm_IDGeneratorExhausted2" time="1.281"></testcase>
  <testcase classname="com.topcoder.timetracker.common.SimpleCommonManagerTestExp2" name="testAddPaymentTerm_NonPositiveIDGenerated" time="0.984"></testcase>
  <testcase classname="com.topcoder.timetracker.common.SimpleCommonManagerTestExp2" name="testAddPaymentTerm_Duplicate" time="0.469"></testcase>
  <testcase classname="com.topcoder.timetracker.common.SimpleCommonManagerTestExp2" name="testAddPaymentTerm_NotExistDatabase" time="0.531"></testcase>
  <testcase classname="com.topcoder.timetracker.common.SimpleCommonManagerTestExp2" name="testAddPaymentTerm_EmptyDatabase" time="0.453"></testcase>
  <testcase classname="com.topcoder.timetracker.common.SimpleCommonManagerTestExp2" name="testAddPaymentTerm_Null" time="0.0"></testcase>
  <testcase classname="com.topcoder.timetracker.common.SimpleCommonManagerTestExp2" name="testAddPaymentTerm_NullCreationUser" time="0.0"></testcase>
  <testcase classname="com.topcoder.timetracker.common.SimpleCommonManagerTestExp2" name="testAddPaymentTerm_EmptyCreationUser" time="0.0"></testcase>
  <testcase classname="com.topcoder.timetracker.common.SimpleCommonManagerTestExp2" name="testAddPaymentTerm_ExceedCreationUser" time="0.0"></testcase>
  <testcase classname="com.topcoder.timetracker.common.SimpleCommonManagerTestExp2" name="testAddPaymentTerm_EmptyModificationUser" time="0.016"></testcase>
  <testcase classname="com.topcoder.timetracker.common.SimpleCommonManagerTestExp2" name="testAddPaymentTerm_ExceedModificationUser" time="0.0"></testcase>
  <testcase classname="com.topcoder.timetracker.common.SimpleCommonManagerTestExp2" name="testAddPaymentTerm_NullDescription" time="0.0"></testcase>
  <testcase classname="com.topcoder.timetracker.common.SimpleCommonManagerTestExp2" name="testAddPaymentTerm_EmptyDescription" time="0.0"></testcase>
  <testcase classname="com.topcoder.timetracker.common.SimpleCommonManagerTestExp2" name="testAddPaymentTerm_ExceedDescription" time="0.0"></testcase>
  <testcase classname="com.topcoder.timetracker.common.SimpleCommonManagerTestExp2" name="testAddPaymentTerm_NonPositiveTerm" time="0.0"></testcase>
  <testcase classname="com.topcoder.timetracker.common.SimpleCommonManagerTestExp2" name="testUpdatePaymentTerm_NotExistDatabase" time="0.25"></testcase>
  <testcase classname="com.topcoder.timetracker.common.SimpleCommonManagerTestExp2" name="testUpdatePaymentTerm_EmptyDatabase" time="0.219"></testcase>
  <testcase classname="com.topcoder.timetracker.common.SimpleCommonManagerTestExp2" name="testUpdatePaymentTerm_NotExist" time="0.218"></testcase>
  <testcase classname="com.topcoder.timetracker.common.SimpleCommonManagerTestExp2" name="testUpdatePaymentTerm_Null" time="0.016"></testcase>
  <testcase classname="com.topcoder.timetracker.common.SimpleCommonManagerTestExp2" name="testUpdatePaymentTerm_NotPositiveId" time="0.0"></testcase>
  <testcase classname="com.topcoder.timetracker.common.SimpleCommonManagerTestExp2" name="testUpdatePaymentTerm_NullCreationDate" time="0.0"></testcase>
  <testcase classname="com.topcoder.timetracker.common.SimpleCommonManagerTestExp2" name="testUpdatePaymentTerm_NullCreationUser" time="0.0"></testcase>
  <testcase classname="com.topcoder.timetracker.common.SimpleCommonManagerTestExp2" name="testUpdatePaymentTerm_EmptyCreationUser" time="0.0"></testcase>
  <testcase classname="com.topcoder.timetracker.common.SimpleCommonManagerTestExp2" name="testUpdatePaymentTerm_ExceedCreationUser" time="0.0"></testcase>
  <testcase classname="com.topcoder.timetracker.common.SimpleCommonManagerTestExp2" name="testUpdatePaymentTerm_NullModificationUser" time="0.0"></testcase>
  <testcase classname="com.topcoder.timetracker.common.SimpleCommonManagerTestExp2" name="testUpdatePaymentTerm_EmptyModificationUser" time="0.016"></testcase>
  <testcase classname="com.topcoder.timetracker.common.SimpleCommonManagerTestExp2" name="testUpdatePaymentTerm_ExceedModificationUser" time="0.0"></testcase>
  <testcase classname="com.topcoder.timetracker.common.SimpleCommonManagerTestExp2" name="testUpdatePaymentTerm_NullDescription" time="0.0"></testcase>
  <testcase classname="com.topcoder.timetracker.common.SimpleCommonManagerTestExp2" name="testUpdatePaymentTerm_EmptyDescription" time="0.0"></testcase>
  <testcase classname="com.topcoder.timetracker.common.SimpleCommonManagerTestExp2" name="testUpdatePaymentTerm_ExceedDescription" time="0.015"></testcase>
  <testcase classname="com.topcoder.timetracker.common.SimpleCommonManagerTestExp2" name="testUpdatePaymentTerm_NonPositiveTerm" time="0.0"></testcase>
  <testcase classname="com.topcoder.timetracker.common.SimpleCommonManagerTestExp2" name="testDeletePaymentTerm_NotExistDatabase" time="0.782"></testcase>
  <testcase classname="com.topcoder.timetracker.common.SimpleCommonManagerTestExp2" name="testDeletePaymentTerm_EmptyDatabase" time="0.265"></testcase>
  <testcase classname="com.topcoder.timetracker.common.SimpleCommonManagerTestExp2" name="testDeletePaymentTerm_NotExist" time="0.235"></testcase>
  <testcase classname="com.topcoder.timetracker.common.SimpleCommonManagerTestExp2" name="testDeletePaymentTerms_NotExist" time="0.546"></testcase>
  <testcase classname="com.topcoder.timetracker.common.SimpleCommonManagerTestExp2" name="testDeletePaymentTerm_NonPositiveId" time="0.0"></testcase>
  <testcase classname="com.topcoder.timetracker.common.SimpleCommonManagerTestExp2" name="testDeletePaymentTerms_NullIdsArray" time="0.0"></testcase>
  <testcase classname="com.topcoder.timetracker.common.SimpleCommonManagerTestExp2" name="testDeletePaymentTerms_IdsArrayContainsNonPositive" time="0.0"></testcase>
  <testcase classname="com.topcoder.timetracker.common.SimpleCommonManagerTestExp2" name="testDeletePaymentTerms_Twice" time="0.5"></testcase>
  <testcase classname="com.topcoder.timetracker.common.SimpleCommonManagerTestExp2" name="testDeletePaymentTerms_NotExistDatabase" time="0.235"></testcase>
  <testcase classname="com.topcoder.timetracker.common.SimpleCommonManagerTestExp2" name="testDeletePaymentTerms_EmptyDatabase" time="0.359"></testcase>
  <testcase classname="com.topcoder.timetracker.common.SimpleCommonManagerTestExp2" name="testDeleteAllPaymentTerms_NotExistDatabase" time="0.281"></testcase>
  <testcase classname="com.topcoder.timetracker.common.SimpleCommonManagerTestExp2" name="testDeleteAllPaymentTerms_EmptyDatabase" time="0.5"></testcase>
  <testcase classname="com.topcoder.timetracker.common.SimpleCommonManagerTestExp2" name="testRetrievePaymentTerm_NotExistDatabase" time="0.344"></testcase>
  <testcase classname="com.topcoder.timetracker.common.SimpleCommonManagerTestExp2" name="testRetrievePaymentTerm_EmptyDatabase" time="0.313"></testcase>
  <testcase classname="com.topcoder.timetracker.common.SimpleCommonManagerTestExp2" name="testRetrievePaymentTerms_NotExistDatabase" time="0.328"></testcase>
  <testcase classname="com.topcoder.timetracker.common.SimpleCommonManagerTestExp2" name="testRetrievePaymentTerms_EmptyDatabase" time="0.39"></testcase>
  <testcase classname="com.topcoder.timetracker.common.SimpleCommonManagerTestExp2" name="testRetrievePaymentTerms_NullIdsArray" time="0.0"></testcase>
  <testcase classname="com.topcoder.timetracker.common.SimpleCommonManagerTestExp2" name="testRetrievePaymentTerms_IdsArrayContainsNonPositive" time="0.0"></testcase>
  <testcase classname="com.topcoder.timetracker.common.SimpleCommonManagerTestExp2" name="testRetrieveAllPaymentTerms_NotExistDatabase" time="0.25"></testcase>
  <testcase classname="com.topcoder.timetracker.common.SimpleCommonManagerTestExp2" name="testRetrieveAllPaymentTerms_EmptyDatabase" time="0.313"></testcase>
  <testcase classname="com.topcoder.timetracker.common.SimpleCommonManagerTestExp2" name="testRetrieveActivePaymentTerms_NotExistDatabase" time="0.25"></testcase>
  <testcase classname="com.topcoder.timetracker.common.SimpleCommonManagerTestExp2" name="testRetrieveActivePaymentTerms_EmptyDatabase" time="0.234"></testcase>
  <testcase classname="com.topcoder.timetracker.common.SimpleCommonManagerTestExp2" name="testRetrieveRecentlyCreatedPaymentTerms_NotExistDatabase" time="0.266"></testcase>
  <testcase classname="com.topcoder.timetracker.common.SimpleCommonManagerTestExp2" name="testRetrieveRecentlyCreatedPaymentTerms_EmptyDatabase" time="0.328"></testcase>
  <testcase classname="com.topcoder.timetracker.common.SimpleCommonManagerTestExp2" name="testRetrieveRecentlyCreatedPaymentTerms_ErrorRecentDays" time="0.016"></testcase>
  <testcase classname="com.topcoder.timetracker.common.SimpleCommonManagerTestExp2" name="testRetrieveRecentlyModifiedPaymentTerms_NotExistDatabase" time="0.234"></testcase>
  <testcase classname="com.topcoder.timetracker.common.SimpleCommonManagerTestExp2" name="testRetrieveRecentlyModifiedPaymentTerms_EmptyDatabase" time="0.25"></testcase>
  <testcase classname="com.topcoder.timetracker.common.SimpleCommonManagerTestExp2" name="testRetrieveRecentlyModifiedPaymentTerms_ErrorRecentDays" time="0.0"></testcase>
  <testcase classname="com.topcoder.timetracker.common.SimpleCommonManagerTestExp2" name="testSimpleCommonManager_ZeroRecentDays" time="0.016"></testcase>
  <testcase classname="com.topcoder.timetracker.common.SimpleCommonManagerTestExp2" name="testSimpleCommonManager_NegativeRecentDays" time="0.0"></testcase>
  <testcase classname="com.topcoder.timetracker.common.SimpleCommonManagerTestExp2" name="testSimpleCommonManager_Ctor_MissRecentDays" time="0.0"></testcase>
  <testcase classname="com.topcoder.timetracker.common.SimpleCommonManagerTestExp2" name="testSimpleCommonManager_Ctor_EmptyRecentDays" time="0.0"></testcase>
  <testcase classname="com.topcoder.timetracker.common.SimpleCommonManagerTestExp2" name="testSimpleCommonManager_Ctor_InvalidRecentDays1" time="0.0"></testcase>
  <testcase classname="com.topcoder.timetracker.common.SimpleCommonManagerTestExp2" name="testSimpleCommonManager_Ctor_InvalidRecentDays2" time="0.0"></testcase>
  <testcase classname="com.topcoder.timetracker.common.SimpleCommonManagerTestExp2" name="testSimpleCommonManager_Ctor_InvalidRecentDays3" time="0.015"></testcase>
  <testcase classname="com.topcoder.timetracker.common.SimpleCommonManagerTestExp2" name="testUpdatePaymentTerm_CreationDateExceedsCurrentDate" time="0.0"></testcase>
  <testcase classname="com.topcoder.timetracker.common.accuracytests.DatabasePaymentTermDAOAccuracyTest" name="testRetrieveAllPaymentTerms" time="6.578"></testcase>
  <testcase classname="com.topcoder.timetracker.common.accuracytests.DatabasePaymentTermDAOAccuracyTest" name="testRetrieveActivePaymentTerms" time="6.454"></testcase>
  <testcase classname="com.topcoder.timetracker.common.accuracytests.DatabasePaymentTermDAOAccuracyTest" name="testDeletePaymentTerm" time="2.234"></testcase>
  <testcase classname="com.topcoder.timetracker.common.accuracytests.DatabasePaymentTermDAOAccuracyTest" name="testDeleteAllPaymentTerms" time="6.703"></testcase>
  <testcase classname="com.topcoder.timetracker.common.accuracytests.DatabasePaymentTermDAOAccuracyTest" name="testDatabasePaymentTermDAOString" time="0.734"></testcase>
  <testcase classname="com.topcoder.timetracker.common.accuracytests.DatabasePaymentTermDAOAccuracyTest" name="testDatabasePaymentTermDAODBConnectionFactoryStringString" time="0.782"></testcase>
  <testcase classname="com.topcoder.timetracker.common.accuracytests.DatabasePaymentTermDAOAccuracyTest" name="testAddPaymentTerm" time="1.531"></testcase>
  <testcase classname="com.topcoder.timetracker.common.accuracytests.DatabasePaymentTermDAOAccuracyTest" name="testUpdatePaymentTerm_NotChanged" time="1.609"></testcase>
  <testcase classname="com.topcoder.timetracker.common.accuracytests.DatabasePaymentTermDAOAccuracyTest" name="testUpdatePaymentTerm_Changed" time="1.875"></testcase>
  <testcase classname="com.topcoder.timetracker.common.accuracytests.DatabasePaymentTermDAOAccuracyTest" name="testRetrievePaymentTerm_Exists" time="1.532"></testcase>
  <testcase classname="com.topcoder.timetracker.common.accuracytests.DatabasePaymentTermDAOAccuracyTest" name="testRetrievePaymentTerm_NotExist" time="1.5"></testcase>
  <testcase classname="com.topcoder.timetracker.common.accuracytests.DatabasePaymentTermDAOAccuracyTest" name="testRetrievePaymentTerms" time="6.062"></testcase>
  <testcase classname="com.topcoder.timetracker.common.accuracytests.DatabasePaymentTermDAOAccuracyTest" name="testRetrievePaymentTerms_NotExist" time="7.031"></testcase>
  <testcase classname="com.topcoder.timetracker.common.accuracytests.DatabasePaymentTermDAOAccuracyTest" name="testRetrieveRecentlyCreatedPaymentTerms" time="6.453"></testcase>
  <testcase classname="com.topcoder.timetracker.common.accuracytests.DatabasePaymentTermDAOAccuracyTest" name="testRetrieveRecentlyCreatedPaymentTerms_MinusOne" time="6.219"></testcase>
  <testcase classname="com.topcoder.timetracker.common.accuracytests.DatabasePaymentTermDAOAccuracyTest" name="testRetrieveRecentlyModifiedPaymentTerms" time="6.735"></testcase>
  <testcase classname="com.topcoder.timetracker.common.accuracytests.DatabasePaymentTermDAOAccuracyTest" name="testRetrieveRecentlyModifiedPaymentTerms_MinusOne" time="6.375"></testcase>
  <testcase classname="com.topcoder.timetracker.common.accuracytests.DatabasePaymentTermDAOAccuracyTest" name="testDeletePaymentTerms" time="7.328"></testcase>
  <testcase classname="com.topcoder.timetracker.common.accuracytests.PaymentTermAccuracyTest" name="testPaymentTerm" time="0.0"></testcase>
  <testcase classname="com.topcoder.timetracker.common.accuracytests.PaymentTermAccuracyTest" name="testGetTerm" time="0.0"></testcase>
  <testcase classname="com.topcoder.timetracker.common.accuracytests.PaymentTermAccuracyTest" name="testSetTerm_Changed" time="0.0"></testcase>
  <testcase classname="com.topcoder.timetracker.common.accuracytests.PaymentTermAccuracyTest" name="testGetDescription" time="0.0"></testcase>
  <testcase classname="com.topcoder.timetracker.common.accuracytests.PaymentTermAccuracyTest" name="testSetDescription" time="0.0"></testcase>
  <testcase classname="com.topcoder.timetracker.common.accuracytests.PaymentTermAccuracyTest" name="testSetDescription_Changed" time="0.0"></testcase>
  <testcase classname="com.topcoder.timetracker.common.accuracytests.PaymentTermAccuracyTest" name="testIsActive_True" time="0.0"></testcase>
  <testcase classname="com.topcoder.timetracker.common.accuracytests.PaymentTermAccuracyTest" name="testIsActive_False" time="0.0"></testcase>
  <testcase classname="com.topcoder.timetracker.common.accuracytests.PaymentTermAccuracyTest" name="testSetActive_True" time="0.0"></testcase>
  <testcase classname="com.topcoder.timetracker.common.accuracytests.PaymentTermAccuracyTest" name="testSetActive_False" time="0.0"></testcase>
  <testcase classname="com.topcoder.timetracker.common.accuracytests.PaymentTermAccuracyTest" name="testHashCode" time="0.0"></testcase>
  <testcase classname="com.topcoder.timetracker.common.accuracytests.PaymentTermAccuracyTest" name="testTimeTrackerBean" time="0.0"></testcase>
  <testcase classname="com.topcoder.timetracker.common.accuracytests.PaymentTermAccuracyTest" name="testGetCreationDate_Null" time="0.0"></testcase>
  <testcase classname="com.topcoder.timetracker.common.accuracytests.PaymentTermAccuracyTest" name="testGetCreationDate" time="0.0"></testcase>
  <testcase classname="com.topcoder.timetracker.common.accuracytests.PaymentTermAccuracyTest" name="testSetCreationDate" time="0.0"></testcase>
  <testcase classname="com.topcoder.timetracker.common.accuracytests.PaymentTermAccuracyTest" name="testGetModificationDate" time="0.0"></testcase>
  <testcase classname="com.topcoder.timetracker.common.accuracytests.PaymentTermAccuracyTest" name="testSetModificationDate" time="0.0"></testcase>
  <testcase classname="com.topcoder.timetracker.common.accuracytests.PaymentTermAccuracyTest" name="testGetCreationUser" time="0.0"></testcase>
  <testcase classname="com.topcoder.timetracker.common.accuracytests.PaymentTermAccuracyTest" name="testSetCreationUser" time="0.0"></testcase>
  <testcase classname="com.topcoder.timetracker.common.accuracytests.PaymentTermAccuracyTest" name="testGetModificationUser" time="0.0"></testcase>
  <testcase classname="com.topcoder.timetracker.common.accuracytests.PaymentTermAccuracyTest" name="testSetModificationUser" time="0.0"></testcase>
  <testcase classname="com.topcoder.timetracker.common.accuracytests.PaymentTermAccuracyTest" name="testGetId" time="0.0"></testcase>
  <testcase classname="com.topcoder.timetracker.common.accuracytests.PaymentTermAccuracyTest" name="testSetId" time="0.0"></testcase>
  <testcase classname="com.topcoder.timetracker.common.accuracytests.PaymentTermAccuracyTest" name="testIsChanged_True" time="0.0"></testcase>
  <testcase classname="com.topcoder.timetracker.common.accuracytests.PaymentTermAccuracyTest" name="testIsChanged_False" time="0.0"></testcase>
  <testcase classname="com.topcoder.timetracker.common.accuracytests.PaymentTermAccuracyTest" name="testSetChanged_True" time="0.0"></testcase>
  <testcase classname="com.topcoder.timetracker.common.accuracytests.PaymentTermAccuracyTest" name="testSetChanged_False" time="0.0"></testcase>
  <testcase classname="com.topcoder.timetracker.common.accuracytests.PaymentTermAccuracyTest" name="testEqualsObject_Null" time="0.0"></testcase>
  <testcase classname="com.topcoder.timetracker.common.accuracytests.PaymentTermAccuracyTest" name="testEqualsObject_NotTimeTrackerBean" time="0.0"></testcase>
  <testcase classname="com.topcoder.timetracker.common.accuracytests.PaymentTermAccuracyTest" name="testEqualsObject_NotSameId" time="0.0"></testcase>
  <testcase classname="com.topcoder.timetracker.common.accuracytests.PaymentTermAccuracyTest" name="testEqualsObject_Equal" time="0.0"></testcase>
  <testcase classname="com.topcoder.timetracker.common.accuracytests.SimpleCommonManagerAccuracyTest" name="testRetrieveAllPaymentTerms" time="6.203"></testcase>
  <testcase classname="com.topcoder.timetracker.common.accuracytests.SimpleCommonManagerAccuracyTest" name="testRetrieveActivePaymentTerms" time="6.265"></testcase>
  <testcase classname="com.topcoder.timetracker.common.accuracytests.SimpleCommonManagerAccuracyTest" name="testDeletePaymentTerm" time="1.829"></testcase>
  <testcase classname="com.topcoder.timetracker.common.accuracytests.SimpleCommonManagerAccuracyTest" name="testDeleteAllPaymentTerms" time="6.953"></testcase>
  <testcase classname="com.topcoder.timetracker.common.accuracytests.SimpleCommonManagerAccuracyTest" name="testSimpleCommonManager" time="0.75"></testcase>
  <testcase classname="com.topcoder.timetracker.common.accuracytests.SimpleCommonManagerAccuracyTest" name="testSimpleCommonManagerString" time="0.859"></testcase>
  <testcase classname="com.topcoder.timetracker.common.accuracytests.SimpleCommonManagerAccuracyTest" name="testSimpleCommonManagerPaymentTermDAOInt" time="0.906"></testcase>
  <testcase classname="com.topcoder.timetracker.common.accuracytests.SimpleCommonManagerAccuracyTest" name="testAddPaymentTerm" time="1.657"></testcase>
  <testcase classname="com.topcoder.timetracker.common.accuracytests.SimpleCommonManagerAccuracyTest" name="testUpdatePaymentTerm_NotChanged" time="1.625"></testcase>
  <testcase classname="com.topcoder.timetracker.common.accuracytests.SimpleCommonManagerAccuracyTest" name="testUpdatePaymentTerm_Changed" time="1.906"></testcase>
  <testcase classname="com.topcoder.timetracker.common.accuracytests.SimpleCommonManagerAccuracyTest" name="testRetrievePaymentTerm_Exists" time="1.515"></testcase>
  <testcase classname="com.topcoder.timetracker.common.accuracytests.SimpleCommonManagerAccuracyTest" name="testRetrievePaymentTerm_NotExist" time="1.485"></testcase>
  <testcase classname="com.topcoder.timetracker.common.accuracytests.SimpleCommonManagerAccuracyTest" name="testRetrievePaymentTerms" time="6.265"></testcase>
  <testcase classname="com.topcoder.timetracker.common.accuracytests.SimpleCommonManagerAccuracyTest" name="testRetrievePaymentTerms_NotExist" time="6.875"></testcase>
  <testcase classname="com.topcoder.timetracker.common.accuracytests.SimpleCommonManagerAccuracyTest" name="testRetrieveRecentlyCreatedPaymentTerms" time="6.313"></testcase>
  <testcase classname="com.topcoder.timetracker.common.accuracytests.SimpleCommonManagerAccuracyTest" name="testRetrieveRecentlyCreatedPaymentTerms_MinusOne" time="6.328"></testcase>
  <testcase classname="com.topcoder.timetracker.common.accuracytests.SimpleCommonManagerAccuracyTest" name="testRetrieveRecentlyModifiedPaymentTerms" time="6.578"></testcase>
  <testcase classname="com.topcoder.timetracker.common.accuracytests.SimpleCommonManagerAccuracyTest" name="testRetrieveRecentlyModifiedPaymentTerms_MinusOne" time="7.172"></testcase>
  <testcase classname="com.topcoder.timetracker.common.accuracytests.SimpleCommonManagerAccuracyTest" name="testDeletePaymentTerms" time="9.891"></testcase>
  <testcase classname="com.topcoder.timetracker.common.accuracytests.SimpleCommonManagerAccuracyTest" name="testRetrieveRecentlyCreatedPaymentTerms_Default" time="9.234"></testcase>
  <testcase classname="com.topcoder.timetracker.common.accuracytests.SimpleCommonManagerAccuracyTest" name="testRetrieveRecentlyModifiedPaymentTerms_Default" time="10.031"></testcase>
  <testcase classname="com.topcoder.timetracker.common.failuretests.DatabasePaymentTermDAOFailureTests" name="testDatabasePaymentTermDAONSNullNamespace" time="0.36"></testcase>
  <testcase classname="com.topcoder.timetracker.common.failuretests.DatabasePaymentTermDAOFailureTests" name="testDatabasePaymentTermDAONSEmtpyNamespace" time="0.953"></testcase>
  <testcase classname="com.topcoder.timetracker.common.failuretests.DatabasePaymentTermDAOFailureTests" name="testDatabasePaymentTermDAONSTrimmedEmtpyNamespace" time="0.469"></testcase>
  <testcase classname="com.topcoder.timetracker.common.failuretests.DatabasePaymentTermDAOFailureTests" name="testDatabasePaymentTermDAONSConfigurationProblem1" time="0.281"></testcase>
  <testcase classname="com.topcoder.timetracker.common.failuretests.DatabasePaymentTermDAOFailureTests" name="testDatabasePaymentTermDAONSConfigurationProblem2" time="0.265"></testcase>
  <testcase classname="com.topcoder.timetracker.common.failuretests.DatabasePaymentTermDAOFailureTests" name="testDatabasePaymentTermDAONSConfigurationProblem3" time="0.329"></testcase>
  <testcase classname="com.topcoder.timetracker.common.failuretests.DatabasePaymentTermDAOFailureTests" name="testDatabasePaymentTermDAONSConfigurationProblem4" time="0.25"></testcase>
  <testcase classname="com.topcoder.timetracker.common.failuretests.DatabasePaymentTermDAOFailureTests" name="testDatabasePaymentTermDAONSConfigurationProblem5" time="0.25"></testcase>
  <testcase classname="com.topcoder.timetracker.common.failuretests.DatabasePaymentTermDAOFailureTests" name="testDatabasePaymentTermDAONSConfigurationProblem6" time="0.406"></testcase>
  <testcase classname="com.topcoder.timetracker.common.failuretests.DatabasePaymentTermDAOFailureTests" name="testDatabasePaymentTermDAONSConfigurationProblem7" time="0.25"></testcase>
  <testcase classname="com.topcoder.timetracker.common.failuretests.DatabasePaymentTermDAOFailureTests" name="testDatabasePaymentTermDAONSConfigurationProblem8" time="0.265"></testcase>
  <testcase classname="com.topcoder.timetracker.common.failuretests.DatabasePaymentTermDAOFailureTests" name="testDatabasePaymentTermDAONSConfigurationProblem9" time="0.282"></testcase>
  <testcase classname="com.topcoder.timetracker.common.failuretests.DatabasePaymentTermDAOFailureTests" name="testDatabasePaymentTermDAONSConfigurationProblem11" time="0.297"></testcase>
  <testcase classname="com.topcoder.timetracker.common.failuretests.DatabasePaymentTermDAOFailureTests" name="testDatabasePaymentTermDAONSConfigurationProblem12" time="0.281"></testcase>
  <testcase classname="com.topcoder.timetracker.common.failuretests.DatabasePaymentTermDAOFailureTests" name="testDatabasePaymentTermDAONSConfigurationProblem13" time="0.265"></testcase>
  <testcase classname="com.topcoder.timetracker.common.failuretests.DatabasePaymentTermDAOFailureTests" name="testDatabasePaymentTermDAONotNSIAE1" time="0.297"></testcase>
  <testcase classname="com.topcoder.timetracker.common.failuretests.DatabasePaymentTermDAOFailureTests" name="testDatabasePaymentTermDAONotNSIAE2" time="0.235"></testcase>
  <testcase classname="com.topcoder.timetracker.common.failuretests.DatabasePaymentTermDAOFailureTests" name="testDatabasePaymentTermDAONotNSIAE3" time="0.25"></testcase>
  <testcase classname="com.topcoder.timetracker.common.failuretests.DatabasePaymentTermDAOFailureTests" name="testDatabasePaymentTermDAONotNSIAE4" time="0.25"></testcase>
  <testcase classname="com.topcoder.timetracker.common.failuretests.DatabasePaymentTermDAOFailureTests" name="testDatabasePaymentTermDAONotNSIAE5" time="0.265"></testcase>
  <testcase classname="com.topcoder.timetracker.common.failuretests.DatabasePaymentTermDAOFailureTests" name="testDatabasePaymentTermDAONotNSIAE6" time="0.25"></testcase>
  <testcase classname="com.topcoder.timetracker.common.failuretests.DatabasePaymentTermDAOFailureTests" name="testDatabasePaymentTermDAONotNSIAE7" time="0.516"></testcase>
  <testcase classname="com.topcoder.timetracker.common.failuretests.DatabasePaymentTermDAOFailureTests" name="testDatabasePaymentTermDAONotNSIAE8" time="0.547"></testcase>
  <testcase classname="com.topcoder.timetracker.common.failuretests.DatabasePaymentTermDAOFailureTests" name="testAddPaymentTermNullPaymentTerm" time="0.234"></testcase>
  <testcase classname="com.topcoder.timetracker.common.failuretests.DatabasePaymentTermDAOFailureTests" name="testAddPaymentTermNegativeTerm" time="0.297"></testcase>
  <testcase classname="com.topcoder.timetracker.common.failuretests.DatabasePaymentTermDAOFailureTests" name="testAddPaymentTermZeroTerm" time="0.25"></testcase>
  <testcase classname="com.topcoder.timetracker.common.failuretests.DatabasePaymentTermDAOFailureTests" name="testAddPaymentTermNullCreationUser" time="0.25"></testcase>
  <testcase classname="com.topcoder.timetracker.common.failuretests.DatabasePaymentTermDAOFailureTests" name="testAddPaymentTermEmptyCreationUser" time="0.25"></testcase>
  <testcase classname="com.topcoder.timetracker.common.failuretests.DatabasePaymentTermDAOFailureTests" name="testAddPaymentTermTrimmedEmptyCreationUser" time="0.266"></testcase>
  <testcase classname="com.topcoder.timetracker.common.failuretests.DatabasePaymentTermDAOFailureTests" name="testAddPaymentTermTooLongCreationUser" time="0.265"></testcase>
  <testcase classname="com.topcoder.timetracker.common.failuretests.DatabasePaymentTermDAOFailureTests" name="testAddPaymentTermNullDescription" time="0.25"></testcase>
  <testcase classname="com.topcoder.timetracker.common.failuretests.DatabasePaymentTermDAOFailureTests" name="testAddPaymentTermEmptyDescription" time="0.235"></testcase>
  <testcase classname="com.topcoder.timetracker.common.failuretests.DatabasePaymentTermDAOFailureTests" name="testAddPaymentTermTrimmedEmptyDescription" time="0.281"></testcase>
  <testcase classname="com.topcoder.timetracker.common.failuretests.DatabasePaymentTermDAOFailureTests" name="testAddPaymentTermTooLongDescription" time="0.234"></testcase>
  <testcase classname="com.topcoder.timetracker.common.failuretests.DatabasePaymentTermDAOFailureTests" name="testAddPaymentTermEmptyModificationUser" time="0.235"></testcase>
  <testcase classname="com.topcoder.timetracker.common.failuretests.DatabasePaymentTermDAOFailureTests" name="testAddPaymentTermTrimmedEmptyModificationUser" time="0.234"></testcase>
  <testcase classname="com.topcoder.timetracker.common.failuretests.DatabasePaymentTermDAOFailureTests" name="testAddPaymentTermTooLongModificationUser" time="0.297"></testcase>
  <testcase classname="com.topcoder.timetracker.common.failuretests.DatabasePaymentTermDAOFailureTests" name="testUpdatePaymentTermNullPaymentTerm" time="0.234"></testcase>
  <testcase classname="com.topcoder.timetracker.common.failuretests.DatabasePaymentTermDAOFailureTests" name="testUpdatePaymentTermNegativeId" time="0.219"></testcase>
  <testcase classname="com.topcoder.timetracker.common.failuretests.DatabasePaymentTermDAOFailureTests" name="testUpdatePaymentTermZeroId" time="0.234"></testcase>
  <testcase classname="com.topcoder.timetracker.common.failuretests.DatabasePaymentTermDAOFailureTests" name="testUpdatePaymentTermNegativeTerm" time="0.25"></testcase>
  <testcase classname="com.topcoder.timetracker.common.failuretests.DatabasePaymentTermDAOFailureTests" name="testUpdatePaymentTermZeroTerm" time="0.282"></testcase>
  <testcase classname="com.topcoder.timetracker.common.failuretests.DatabasePaymentTermDAOFailureTests" name="testUpdatePaymentTermNullCreationUser" time="0.234"></testcase>
  <testcase classname="com.topcoder.timetracker.common.failuretests.DatabasePaymentTermDAOFailureTests" name="testUpdatePaymentTermEmptyCreationUser" time="0.234"></testcase>
  <testcase classname="com.topcoder.timetracker.common.failuretests.DatabasePaymentTermDAOFailureTests" name="testUpdatePaymentTermTrimmedEmptyCreationUser" time="0.282"></testcase>
  <testcase classname="com.topcoder.timetracker.common.failuretests.DatabasePaymentTermDAOFailureTests" name="testUpdatePaymentTermTooLongCreationUser" time="0.234"></testcase>
  <testcase classname="com.topcoder.timetracker.common.failuretests.DatabasePaymentTermDAOFailureTests" name="testUpdatePaymentTermNullDescription" time="0.234"></testcase>
  <testcase classname="com.topcoder.timetracker.common.failuretests.DatabasePaymentTermDAOFailureTests" name="testUpdatePaymentTermEmptyDescription" time="0.219"></testcase>
  <testcase classname="com.topcoder.timetracker.common.failuretests.DatabasePaymentTermDAOFailureTests" name="testUpdatePaymentTermTrimmedEmptyDescription" time="0.281"></testcase>
  <testcase classname="com.topcoder.timetracker.common.failuretests.DatabasePaymentTermDAOFailureTests" name="testUpdatePaymentTermTooLongDescription" time="0.235"></testcase>
  <testcase classname="com.topcoder.timetracker.common.failuretests.DatabasePaymentTermDAOFailureTests" name="testUpdatePaymentTermNullModificationUser" time="0.312"></testcase>
  <testcase classname="com.topcoder.timetracker.common.failuretests.DatabasePaymentTermDAOFailureTests" name="testUpdatePaymentTermEmptyModificationUser" time="0.25"></testcase>
  <testcase classname="com.topcoder.timetracker.common.failuretests.DatabasePaymentTermDAOFailureTests" name="testUpdatePaymentTermTrimmedEmptyModificationUser" time="0.266"></testcase>
  <testcase classname="com.topcoder.timetracker.common.failuretests.DatabasePaymentTermDAOFailureTests" name="testUpdatePaymentTermTooLongModificationUser" time="0.25"></testcase>
  <testcase classname="com.topcoder.timetracker.common.failuretests.DatabasePaymentTermDAOFailureTests" name="testUpdatePaymentTermNullCreationDate" time="0.25"></testcase>
  <testcase classname="com.topcoder.timetracker.common.failuretests.DatabasePaymentTermDAOFailureTests" name="testUpdatePaymentTermNullModificationDate" time="0.234"></testcase>
  <testcase classname="com.topcoder.timetracker.common.failuretests.DatabasePaymentTermDAOFailureTests" name="testUpdatePaymentTermModificationDateBeforeCreationDate" time="0.25"></testcase>
  <testcase classname="com.topcoder.timetracker.common.failuretests.DatabasePaymentTermDAOFailureTests" name="testUpdatePaymentTermPaymentTermDAOException" time="0.407"></testcase>
  <testcase classname="com.topcoder.timetracker.common.failuretests.DatabasePaymentTermDAOFailureTests" name="testRetrievePaymentTermNegativeId" time="0.25"></testcase>
  <testcase classname="com.topcoder.timetracker.common.failuretests.DatabasePaymentTermDAOFailureTests" name="testRetrievePaymentTermZeroId" time="0.25"></testcase>
  <testcase classname="com.topcoder.timetracker.common.failuretests.DatabasePaymentTermDAOFailureTests" name="testRetrievePaymentTermsNegativeId" time="0.312"></testcase>
  <testcase classname="com.topcoder.timetracker.common.failuretests.DatabasePaymentTermDAOFailureTests" name="testRetrievePaymentTermsZeroId" time="0.25"></testcase>
  <testcase classname="com.topcoder.timetracker.common.failuretests.DatabasePaymentTermDAOFailureTests" name="testRetrieveRecentlyCreatedPaymentTermsWithArgIAE1" time="0.281"></testcase>
  <testcase classname="com.topcoder.timetracker.common.failuretests.DatabasePaymentTermDAOFailureTests" name="testRetrieveRecentlyCreatedPaymentTermsWithArgIAE2" time="0.297"></testcase>
  <testcase classname="com.topcoder.timetracker.common.failuretests.DatabasePaymentTermDAOFailureTests" name="testRetrieveARecentlyModifiedPaymentTermsWithArgIAE1" time="0.25"></testcase>
  <testcase classname="com.topcoder.timetracker.common.failuretests.DatabasePaymentTermDAOFailureTests" name="testRetrieveARecentlyModifiedPaymentTermsWithArgIAE2" time="0.235"></testcase>
  <testcase classname="com.topcoder.timetracker.common.failuretests.DatabasePaymentTermDAOFailureTests" name="testDeletePaymentTermNegativeId" time="0.25"></testcase>
  <testcase classname="com.topcoder.timetracker.common.failuretests.DatabasePaymentTermDAOFailureTests" name="testDeletePaymentTermZeroId" time="0.343"></testcase>
  <testcase classname="com.topcoder.timetracker.common.failuretests.DatabasePaymentTermDAOFailureTests" name="testDeletePaymentTermPaymentTermDAOException" time="0.469"></testcase>
  <testcase classname="com.topcoder.timetracker.common.failuretests.DatabasePaymentTermDAOFailureTests" name="testDeletePaymentTermsNegativeId" time="0.188"></testcase>
  <testcase classname="com.topcoder.timetracker.common.failuretests.DatabasePaymentTermDAOFailureTests" name="testDeletePaymentTermsZeroId" time="0.25"></testcase>
  <testcase classname="com.topcoder.timetracker.common.failuretests.DatabasePaymentTermDAOFailureTests" name="testDeletePaymentTermsPaymentTermDAOException" time="0.468"></testcase>
  <testcase classname="com.topcoder.timetracker.common.failuretests.SimpleCommonManagerFailureTests" name="testAddPaymentTermNullPaymentTerm" time="0.016"></testcase>
  <testcase classname="com.topcoder.timetracker.common.failuretests.SimpleCommonManagerFailureTests" name="testAddPaymentTermNegativeTerm" time="0.0"></testcase>
  <testcase classname="com.topcoder.timetracker.common.failuretests.SimpleCommonManagerFailureTests" name="testAddPaymentTermZeroTerm" time="0.0"></testcase>
  <testcase classname="com.topcoder.timetracker.common.failuretests.SimpleCommonManagerFailureTests" name="testAddPaymentTermNullCreationUser" time="0.0"></testcase>
  <testcase classname="com.topcoder.timetracker.common.failuretests.SimpleCommonManagerFailureTests" name="testAddPaymentTermEmptyCreationUser" time="0.016"></testcase>
  <testcase classname="com.topcoder.timetracker.common.failuretests.SimpleCommonManagerFailureTests" name="testAddPaymentTermTrimmedEmptyCreationUser" time="0.0"></testcase>
  <testcase classname="com.topcoder.timetracker.common.failuretests.SimpleCommonManagerFailureTests" name="testAddPaymentTermTooLongCreationUser" time="0.0"></testcase>
  <testcase classname="com.topcoder.timetracker.common.failuretests.SimpleCommonManagerFailureTests" name="testAddPaymentTermNullDescription" time="0.0"></testcase>
  <testcase classname="com.topcoder.timetracker.common.failuretests.SimpleCommonManagerFailureTests" name="testAddPaymentTermEmptyDescription" time="0.031"></testcase>
  <testcase classname="com.topcoder.timetracker.common.failuretests.SimpleCommonManagerFailureTests" name="testAddPaymentTermTrimmedEmptyDescription" time="0.0"></testcase>
  <testcase classname="com.topcoder.timetracker.common.failuretests.SimpleCommonManagerFailureTests" name="testAddPaymentTermTooLongDescription" time="0.015"></testcase>
  <testcase classname="com.topcoder.timetracker.common.failuretests.SimpleCommonManagerFailureTests" name="testAddPaymentTermEmptyModificationUser" time="0.0"></testcase>
  <testcase classname="com.topcoder.timetracker.common.failuretests.SimpleCommonManagerFailureTests" name="testAddPaymentTermTrimmedEmptyModificationUser" time="0.0"></testcase>
  <testcase classname="com.topcoder.timetracker.common.failuretests.SimpleCommonManagerFailureTests" name="testAddPaymentTermTooLongModificationUser" time="0.0"></testcase>
  <testcase classname="com.topcoder.timetracker.common.failuretests.SimpleCommonManagerFailureTests" name="testUpdatePaymentTermNullPaymentTerm" time="0.016"></testcase>
  <testcase classname="com.topcoder.timetracker.common.failuretests.SimpleCommonManagerFailureTests" name="testUpdatePaymentTermNegativeId" time="0.0"></testcase>
  <testcase classname="com.topcoder.timetracker.common.failuretests.SimpleCommonManagerFailureTests" name="testUpdatePaymentTermZeroId" time="0.0"></testcase>
  <testcase classname="com.topcoder.timetracker.common.failuretests.SimpleCommonManagerFailureTests" name="testUpdatePaymentTermNegativeTerm" time="0.0"></testcase>
  <testcase classname="com.topcoder.timetracker.common.failuretests.SimpleCommonManagerFailureTests" name="testUpdatePaymentTermZeroTerm" time="0.016"></testcase>
  <testcase classname="com.topcoder.timetracker.common.failuretests.SimpleCommonManagerFailureTests" name="testUpdatePaymentTermNullCreationUser" time="0.0"></testcase>
  <testcase classname="com.topcoder.timetracker.common.failuretests.SimpleCommonManagerFailureTests" name="testUpdatePaymentTermEmptyCreationUser" time="0.0"></testcase>
  <testcase classname="com.topcoder.timetracker.common.failuretests.SimpleCommonManagerFailureTests" name="testUpdatePaymentTermTrimmedEmptyCreationUser" time="0.0"></testcase>
  <testcase classname="com.topcoder.timetracker.common.failuretests.SimpleCommonManagerFailureTests" name="testUpdatePaymentTermTooLongCreationUser" time="0.0"></testcase>
  <testcase classname="com.topcoder.timetracker.common.failuretests.SimpleCommonManagerFailureTests" name="testUpdatePaymentTermNullDescription" time="0.015"></testcase>
  <testcase classname="com.topcoder.timetracker.common.failuretests.SimpleCommonManagerFailureTests" name="testUpdatePaymentTermEmptyDescription" time="0.0"></testcase>
  <testcase classname="com.topcoder.timetracker.common.failuretests.SimpleCommonManagerFailureTests" name="testUpdatePaymentTermTrimmedEmptyDescription" time="0.0"></testcase>
  <testcase classname="com.topcoder.timetracker.common.failuretests.SimpleCommonManagerFailureTests" name="testUpdatePaymentTermTooLongDescription" time="0.0"></testcase>
  <testcase classname="com.topcoder.timetracker.common.failuretests.SimpleCommonManagerFailureTests" name="testUpdatePaymentTermNullModificationUser" time="0.016"></testcase>
  <testcase classname="com.topcoder.timetracker.common.failuretests.SimpleCommonManagerFailureTests" name="testUpdatePaymentTermEmptyModificationUser" time="0.0"></testcase>
  <testcase classname="com.topcoder.timetracker.common.failuretests.SimpleCommonManagerFailureTests" name="testUpdatePaymentTermTrimmedEmptyModificationUser" time="0.0"></testcase>
  <testcase classname="com.topcoder.timetracker.common.failuretests.SimpleCommonManagerFailureTests" name="testUpdatePaymentTermTooLongModificationUser" time="0.0"></testcase>
  <testcase classname="com.topcoder.timetracker.common.failuretests.SimpleCommonManagerFailureTests" name="testUpdatePaymentTermNullCreationDate" time="0.016"></testcase>
  <testcase classname="com.topcoder.timetracker.common.failuretests.SimpleCommonManagerFailureTests" name="testUpdatePaymentTermNullModificationDate" time="0.0"></testcase>
  <testcase classname="com.topcoder.timetracker.common.failuretests.SimpleCommonManagerFailureTests" name="testUpdatePaymentTermModificationDateBeforeCreationDate" time="0.0"></testcase>
  <testcase classname="com.topcoder.timetracker.common.failuretests.SimpleCommonManagerFailureTests" name="testUpdatePaymentTermPaymentTermDAOException" time="0.0"></testcase>
  <testcase classname="com.topcoder.timetracker.common.failuretests.SimpleCommonManagerFailureTests" name="testRetrievePaymentTermNegativeId" time="0.0"></testcase>
  <testcase classname="com.topcoder.timetracker.common.failuretests.SimpleCommonManagerFailureTests" name="testRetrievePaymentTermZeroId" time="0.0"></testcase>
  <testcase classname="com.topcoder.timetracker.common.failuretests.SimpleCommonManagerFailureTests" name="testRetrievePaymentTermsNegativeId" time="0.0"></testcase>
  <testcase classname="com.topcoder.timetracker.common.failuretests.SimpleCommonManagerFailureTests" name="testRetrievePaymentTermsZeroId" time="0.0"></testcase>
  <testcase classname="com.topcoder.timetracker.common.failuretests.SimpleCommonManagerFailureTests" name="testRetrieveARecentlyModifiedPaymentTermsWithArgIAE1" time="0.0"></testcase>
  <testcase classname="com.topcoder.timetracker.common.failuretests.SimpleCommonManagerFailureTests" name="testRetrieveARecentlyModifiedPaymentTermsWithArgIAE2" time="0.016"></testcase>
  <testcase classname="com.topcoder.timetracker.common.failuretests.SimpleCommonManagerFailureTests" name="testDeletePaymentTermNegativeId" time="0.0"></testcase>
  <testcase classname="com.topcoder.timetracker.common.failuretests.SimpleCommonManagerFailureTests" name="testDeletePaymentTermZeroId" time="0.0"></testcase>
  <testcase classname="com.topcoder.timetracker.common.failuretests.SimpleCommonManagerFailureTests" name="testDeletePaymentTermPaymentTermDAOException" time="0.0"></testcase>
  <testcase classname="com.topcoder.timetracker.common.failuretests.SimpleCommonManagerFailureTests" name="testDeletePaymentTermsNegativeId" time="0.0"></testcase>
  <testcase classname="com.topcoder.timetracker.common.failuretests.SimpleCommonManagerFailureTests" name="testDeletePaymentTermsZeroId" time="0.015"></testcase>
  <testcase classname="com.topcoder.timetracker.common.failuretests.SimpleCommonManagerFailureTests" name="testDeletePaymentTermsPaymentTermDAOException" time="0.0"></testcase>
  <testcase classname="com.topcoder.timetracker.common.failuretests.SimpleCommonManagerFailureTests" name="testSimpleCommonManagerDefaultNSCommonManagerConfigurationException1" time="0.016"></testcase>
  <testcase classname="com.topcoder.timetracker.common.failuretests.SimpleCommonManagerFailureTests" name="testSimpleCommonManagerDefaultNSCommonManagerConfigurationException2" time="0.078"></testcase>
  <testcase classname="com.topcoder.timetracker.common.failuretests.SimpleCommonManagerFailureTests" name="testSimpleCommonManagerDefaultNSCommonManagerConfigurationException3" time="0.0"></testcase>
  <testcase classname="com.topcoder.timetracker.common.failuretests.SimpleCommonManagerFailureTests" name="testSimpleCommonManagerDefaultNSCommonManagerConfigurationException4" time="0.016"></testcase>
  <testcase classname="com.topcoder.timetracker.common.failuretests.SimpleCommonManagerFailureTests" name="testSimpleCommonManagerDefaultNSCommonManagerConfigurationException5" time="0.015"></testcase>
  <testcase classname="com.topcoder.timetracker.common.failuretests.SimpleCommonManagerFailureTests" name="testSimpleCommonManagerDefaultNSCommonManagerConfigurationException6" time="0.016"></testcase>
  <testcase classname="com.topcoder.timetracker.common.failuretests.SimpleCommonManagerFailureTests" name="testSimpleCommonManagerDefaultNSCommonManagerConfigurationException7" time="0.0"></testcase>
  <testcase classname="com.topcoder.timetracker.common.failuretests.SimpleCommonManagerFailureTests" name="testSimpleCommonManagerDefaultNSCommonManagerConfigurationException8" time="0.016"></testcase>
  <testcase classname="com.topcoder.timetracker.common.failuretests.SimpleCommonManagerFailureTests" name="testSimpleCommonManagerDefaultNSCommonManagerConfigurationException9" time="0.015"></testcase>
  <testcase classname="com.topcoder.timetracker.common.failuretests.SimpleCommonManagerFailureTests" name="testSimpleCommonManagerDefaultNSCommonManagerConfigurationException10" time="0.016"></testcase>
  <testcase classname="com.topcoder.timetracker.common.failuretests.SimpleCommonManagerFailureTests" name="testSimpleCommonManagerDefaultNSCommonManagerConfigurationException11" time="0.016"></testcase>
  <testcase classname="com.topcoder.timetracker.common.failuretests.SimpleCommonManagerFailureTests" name="testSimpleCommonManagerCustomizedNSIAE1" time="0.0"></testcase>
  <testcase classname="com.topcoder.timetracker.common.failuretests.SimpleCommonManagerFailureTests" name="testSimpleCommonManagerCustomizedNSIAE2" time="0.0"></testcase>
  <testcase classname="com.topcoder.timetracker.common.failuretests.SimpleCommonManagerFailureTests" name="testSimpleCommonManagerCustomizedNSIAE3" time="0.015"></testcase>
  <testcase classname="com.topcoder.timetracker.common.failuretests.SimpleCommonManagerFailureTests" name="testSimpleCommonManagerCustomizedNSCommonManagerConfigurationException1" time="0.016"></testcase>
  <testcase classname="com.topcoder.timetracker.common.failuretests.SimpleCommonManagerFailureTests" name="testSimpleCommonManagerCustomizedNSCommonManagerConfigurationException2" time="0.0"></testcase>
  <testcase classname="com.topcoder.timetracker.common.failuretests.SimpleCommonManagerFailureTests" name="testSimpleCommonManagerCustomizedNSCommonManagerConfigurationException3" time="0.015"></testcase>
  <testcase classname="com.topcoder.timetracker.common.failuretests.SimpleCommonManagerFailureTests" name="testSimpleCommonManagerCustomizedNSCommonManagerConfigurationException4" time="0.0"></testcase>
  <testcase classname="com.topcoder.timetracker.common.failuretests.SimpleCommonManagerFailureTests" name="testSimpleCommonManagerCustomizedNSCommonManagerConfigurationException5" time="0.0"></testcase>
  <testcase classname="com.topcoder.timetracker.common.failuretests.SimpleCommonManagerFailureTests" name="testSimpleCommonManagerCustomizedNSCommonManagerConfigurationException6" time="0.016"></testcase>
  <testcase classname="com.topcoder.timetracker.common.failuretests.SimpleCommonManagerFailureTests" name="testSimpleCommonManagerCustomizedNSCommonManagerConfigurationException7" time="0.015"></testcase>
  <testcase classname="com.topcoder.timetracker.common.failuretests.SimpleCommonManagerFailureTests" name="testSimpleCommonManagerCustomizedNSCommonManagerConfigurationException8" time="0.032"></testcase>
  <testcase classname="com.topcoder.timetracker.common.failuretests.SimpleCommonManagerFailureTests" name="testSimpleCommonManagerCustomizedNSCommonManagerConfigurationException9" time="0.015"></testcase>
  <testcase classname="com.topcoder.timetracker.common.failuretests.SimpleCommonManagerFailureTests" name="testSimpleCommonManagerCustomizedNSCommonManagerConfigurationException10" time="0.016"></testcase>
  <testcase classname="com.topcoder.timetracker.common.failuretests.SimpleCommonManagerFailureTests" name="testSimpleCommonManagerCustomizedNSCommonManagerConfigurationException11" time="0.0"></testcase>
  <testcase classname="com.topcoder.timetracker.common.failuretests.SimpleCommonManagerFailureTests" name="testSimpleCommonManagerNotUseNSIAE1" time="0.015"></testcase>
  <testcase classname="com.topcoder.timetracker.common.failuretests.SimpleCommonManagerFailureTests" name="testSimpleCommonManagerNotUseNSIAE2" time="0.0"></testcase>
  <testcase classname="com.topcoder.timetracker.common.failuretests.SimpleCommonManagerFailureTests" name="testSimpleCommonManagerNotUseNSIAE3" time="0.0"></testcase>
  <testcase classname="com.topcoder.timetracker.common.failuretests.SimpleCommonManagerFailureTests" name="testAddPaymentTermPaymentTermDAOException" time="0.0"></testcase>
  <testcase classname="com.topcoder.timetracker.common.failuretests.SimpleCommonManagerFailureTests" name="testRetrievePaymentTermPaymentTermDAOException" time="0.0"></testcase>
  <testcase classname="com.topcoder.timetracker.common.failuretests.SimpleCommonManagerFailureTests" name="testRetrievePaymentTermsPaymentTermDAOException" time="0.016"></testcase>
  <testcase classname="com.topcoder.timetracker.common.failuretests.SimpleCommonManagerFailureTests" name="testRetrieveAllPaymentTermsPaymentTermDAOException" time="0.0"></testcase>
  <testcase classname="com.topcoder.timetracker.common.failuretests.SimpleCommonManagerFailureTests" name="testRetrieveARecentlyCreatedPaymentTermsTermDAOException" time="0.0"></testcase>
  <testcase classname="com.topcoder.timetracker.common.failuretests.SimpleCommonManagerFailureTests" name="testRetrieveARecentlyCreatedPaymentTermsWithArgIAE1" time="0.0"></testcase>
  <testcase classname="com.topcoder.timetracker.common.failuretests.SimpleCommonManagerFailureTests" name="testRetrieveARecentlyCreatedPaymentTermsWithArgIAE2" time="0.016"></testcase>
  <testcase classname="com.topcoder.timetracker.common.failuretests.SimpleCommonManagerFailureTests" name="testRetrieveARecentlyCreatedPaymentTermsWithArgPaymentTermDAOException" time="0.0"></testcase>
  <testcase classname="com.topcoder.timetracker.common.failuretests.SimpleCommonManagerFailureTests" name="testRetrieveARecentlyModifiedPaymentTermsTermDAOException" time="0.015"></testcase>
  <testcase classname="com.topcoder.timetracker.common.failuretests.SimpleCommonManagerFailureTests" name="testRetrieveARecentlyModifiedPaymentTermsWithArgPaymentTermDAOException" time="0.047"></testcase>
  <testcase classname="com.topcoder.timetracker.common.failuretests.SimpleCommonManagerFailureTests" name="testDeleteAllPaymentTermsPaymentTErmDAOException" time="0.0"></testcase>
  <testcase classname="com.topcoder.timetracker.common.stresstests.StressTests" name="testRetrieveAllPaymentTerms" time="64.422"></testcase>
  <testcase classname="com.topcoder.timetracker.common.stresstests.StressTests" name="testRetrieveActivePaymentTerms" time="58.656"></testcase>
  <testcase classname="com.topcoder.timetracker.common.stresstests.StressTests" name="testDeletePaymentTerm" time="112.11"></testcase>
  <testcase classname="com.topcoder.timetracker.common.stresstests.StressTests" name="testDeleteAllPaymentTerms" time="559.078"></testcase>
  <testcase classname="com.topcoder.timetracker.common.stresstests.StressTests" name="testAddPaymentTerm" time="54.469"></testcase>
  <testcase classname="com.topcoder.timetracker.common.stresstests.StressTests" name="testRetrievePaymentTerms" time="62.562"></testcase>
  <testcase classname="com.topcoder.timetracker.common.stresstests.StressTests" name="testRetrieveRecentlyCreatedPaymentTerms" time="57.172"></testcase>
  <testcase classname="com.topcoder.timetracker.common.stresstests.StressTests" name="testRetrieveRecentlyModifiedPaymentTerms" time="57.203"></testcase>
  <testcase classname="com.topcoder.timetracker.common.stresstests.StressTests" name="testDeletePaymentTerms" time="563.656"></testcase>
  <testcase classname="com.topcoder.timetracker.common.stresstests.StressTests" name="testUpdatePaymentTerm" time="89.235"></testcase>
  <testcase classname="com.topcoder.timetracker.common.stresstests.StressTests" name="testRetrievePaymentTerm" time="86.812"></testcase>
  <system-out><![CDATA[Run retrieveAllPaymentTerms() for 1000 records in 2547 ms.
Run retrieveActivePaymentTerms() for 1000 records in 2532 ms.
Run retrieveRecentlyModifiedPaymentTerms() for 100 records in 29089 ms.
Run retrieveActivePaymentTerms() for 1000 records in 5438 ms.
Run addPaymentTerm(PaymentTerm) for 100 times in 53515 ms.
Run retrievePaymentTerm(long[]) for 1000 records in 7219 ms.
Run retrieveRecentlyCreatedPaymentTerms() for 1000 records in 2390 ms.
Run retrieveRecentlyModifiedPaymentTerms() for 1000 records in 2406 ms.
Run retrievePaymentTerm(long[]) for 1000 records in 7047 ms.
Run updatePaymentTerm(PaymentTerm) for 100 times in 29594 ms.
Run retrievePaymentTerm(long) for 100 times in 27735 ms.
]]></system-out>
  <system-err><![CDATA[]]></system-err>
</testsuite>
