<?xml version="1.0" encoding="UTF-8" ?>
<testsuite errors="0" failures="0" hostname="LENOVO-PC" name="com.topcoder.project.service.UnitTests" tests="153" time="2.547" timestamp="2008-01-05T06:19:28">
  <properties>
    <property name="object_factory.path" value="object_factory/2.0.1" />
    <property name="object_formatter.jar.name" value="object_formatter.jar" />
    <property name="file.encoding.pkg" value="sun.io" />
    <property name="dist_testfiles" value="build/dist/project_services-1.1/test_files" />
    <property name="java.home" value="C:\Program Files\Java\jdk1.5.0_13\jre" />
    <property name="resource_management.version" value="1.1" />
    <property name="project_phases.path" value="project_phases/2.0" />
    <property name="dist_javadocs" value="build/dist/project_services-1.1/docs/javadocs" />
    <property name="debug" value="off" />
    <property name="project_management.path" value="project_management/1.0" />
    <property name="build_distdir" value="build/dist" />
    <property name="distfilename" value="project_services" />
    <property name="component.dist.jar" value="build/dist/project_services-1.1.jar" />
    <property name="java.endorsed.dirs" value="C:\Program Files\Java\jdk1.5.0_13\jre\lib\endorsed" />
    <property name="object_factory.jar" value="f:/tcs/lib/tcs/object_factory/2.0.1/object_factory.jar" />
    <property name="sun.os.patch.level" value="Service Pack 2" />
    <property name="design_dist.jar" value="Project_Services_1.1_design_dist.jar" />
    <property name="javadocsdir" value="docs/javadocs" />
    <property name="java.vendor.url" value="http://java.sun.com/" />
    <property name="id_generator.jar.name" value="id_generator.jar" />
    <property name="java.version" value="1.5.0_13" />
    <property name="ant.file.Project Services" value="F:\component\Project_Services_1.1\build.xml" />
    <property name="configuration_manager.jar.name" value="configuration_manager.jar" />
    <property name="resource_management.path" value="resource_management/1.1" />
    <property name="phase_management.path" value="phase_management/1.0.4" />
    <property name="java.vendor.url.bug" value="http://java.sun.com/cgi-bin/bugreport.cgi" />
    <property name="team_management.jar" value="f:/tcs/lib/tcs/team_management/1.0.1/team_management.jar" />
    <property name="dist_src" value="build/dist/project_services-1.1/src" />
    <property name="project_phases.version" value="2.0" />
    <property name="workdays.jar.name" value="workdays.jar" />
    <property name="cobertura.datafile" value="log/cobertura.ser" />
    <property name="user.name" value="user" />
    <property name="packagedir" value="com/topcoder/project/service" />
    <property name="sun.io.unicode.encoding" value="UnicodeLittle" />
    <property name="component_version" value="1.1" />
    <property name="sun.jnu.encoding" value="GB18030" />
    <property name="java.runtime.name" value="Java(TM) 2 Runtime Environment, Standard Edition" />
    <property name="reports" value="reports" />
    <property name="build_webdir" value="build/web" />
    <property name="search_builder.path" value="search_builder/1.3.2" />
    <property name="component.jar" value="build/dist/lib/tcs/project_services/1.1/project_services.jar" />
    <property name="java.specification.name" value="Java Platform API Specification" />
    <property name="javamain" value="src/java/main" />
    <property name="build_lib" value="build/lib" />
    <property name="user.timezone" value="" />
    <property name="path.separator" value=";" />
    <property name="srcdir" value="src" />
    <property name="file.encoding" value="GB18030" />
    <property name="typesafe_enum.version" value="1.1" />
    <property name="configuration_manager.path" value="configuration_manager/2.1.5" />
    <property name="ant.file" value="F:\component\Project_Services_1.1\build.xml" />
    <property name="javasrc" value="src/java" />
    <property name="search_builder.jar" value="f:/tcs/lib/tcs/search_builder/1.3.2/search_builder.jar" />
    <property name="instrumented.dir" value="build/instrumented" />
    <property name="id_generator.version" value="3.0" />
    <property name="component.tests.jar" value="build/dist/lib/tcs/project_services_tests.jar" />
    <property name="java.io.tmpdir" value="C:\DOCUME~1\user\LOCALS~1\Temp\" />
    <property name="user.language" value="zh" />
    <property name="tcs_checkstyle_config" value="f:/tcs/lib/tcs_checkstyle_config" />
    <property name="base_exception.path" value="base_exception/2.0" />
    <property name="line.separator" value="
" />
    <property name="verbose" value="no" />
    <property name="jar_ext_libdir" value="../tcs/lib/third_party" />
    <property name="project_phases.jar.name" value="project_phases.jar" />
    <property name="phase_management.jar" value="f:/tcs/lib/tcs/phase_management/1.0.4/phase_management.jar" />
    <property name="project_phases.jar" value="f:/tcs/lib/tcs/project_phases/2.0/project_phases.jar" />
    <property name="java.vm.info" value="mixed mode, sharing" />
    <property name="component_path" value="project_services/1.1" />
    <property name="sun.desktop" value="windows" />
    <property name="java.vm.specification.name" value="Java Virtual Machine Specification" />
    <property name="dist_coverage" value="build/dist/project_services-1.1/docs/coverage" />
    <property name="builddir" value="build" />
    <property name="cobertura.dir" value="f:/tcs/lib/cobertura/1.8" />
    <property name="dist_conf" value="build/dist/project_services-1.1/conf" />
    <property name="id_generator.jar" value="f:/tcs/lib/tcs/id_generator/3.0/id_generator.jar" />
    <property name="docs_coverage" value="docs/coverage" />
    <property name="object_factory.version" value="2.0.1" />
    <property name="configuration_manager.jar" value="f:/tcs/lib/tcs/configuration_manager/2.1.5/configuration_manager.jar" />
    <property name="java.awt.printerjob" value="sun.awt.windows.WPrinterJob" />
    <property name="dist_lib" value="build/dist/lib/tcs" />
    <property name="base_exception.version" value="2.0" />
    <property name="junit.jar" value="f:/tcs/lib/junit/3.8.2/junit.jar" />
    <property name="configdir" value="conf" />
    <property name="build_tcsdistdir" value="build/dist/project_services-1.1" />
    <property name="ant.version" value="Apache Ant version 1.7.0 compiled on December 13 2006" />
    <property name="dist_docs" value="build/dist/project_services-1.1/docs" />
    <property name="workdays.jar" value="f:/tcs/lib/tcs/workdays/1.0/workdays.jar" />
    <property name="testlogdir" value="log" />
    <property name="project_management.version" value="1.0" />
    <property name="team_management.version" value="1.0.1" />
    <property name="os.name" value="Windows XP" />
    <property name="java.specification.vendor" value="Sun Microsystems Inc." />
    <property name="java.vm.name" value="Java HotSpot(TM) Client VM" />
    <property name="java.library.path" value="C:\Program Files\Java\jdk1.5.0_13\jre\bin;.;C:\WINDOWS\system32;C:\WINDOWS;C:\Program Files\ThinkPad\Utilities;C:\WINDOWS\system32;C:\WINDOWS;C:\WINDOWS\System32\Wbem;C:\Program Files\Intel\Wireless\Bin\;C:\Program Files\IBM ThinkVantage\Client Security Solution;c:\Program Files\Microsoft SQL Server\90\Tools\binn\;G:\nettools\nant-0.85\bin;C:\Program Files\IDM Computer Solutions\UltraEdit-32;F:\tcs\lib\ant\1.7.0\bin;C:\Program Files\Java\jdk1.5.0_13\bin;G:\jboss-4.0.5.GA\bin;C:\Program Files\MySQL\MySQL Server 5.0\bin;E:\Microsoft Visual Studio 8\VC\bin;" />
    <property name="docpackage.jar" value="project_services_docs.jar" />
    <property name="phase_management.jar.name" value="phase_management.jar" />
    <property name="logging_wrapper.version" value="2.0" />
    <property name="ant.java.version" value="1.5" />
    <property name="basedir" value="F:\component\Project_Services_1.1" />
    <property name="java.class.version" value="49.0" />
    <property name="base_exception.jar.name" value="base_exception.jar" />
    <property name="ant.home" value="F:\tcs\lib\ant\1.7.0" />
    <property name="logging_wrapper.path" value="logging_wrapper/2.0" />
    <property name="component.war" value="${dist_examples}/project_services.war" />
    <property name="workdays.path" value="workdays/1.0" />
    <property name="net.sourceforge.cobertura.datafile" value="F:\component\Project_Services_1.1\log\cobertura.ser" />
    <property name="sun.boot.library.path" value="C:\Program Files\Java\jdk1.5.0_13\jre\bin" />
    <property name="ext_libdir" value="f:/tcs/lib" />
    <property name="sun.management.compiler" value="HotSpot Client Compiler" />
    <property name="java.awt.graphicsenv" value="sun.awt.Win32GraphicsEnvironment" />
    <property name="user.variant" value="" />
    <property name="jar_tcs_libdir" value="../tcs/lib/tcs" />
    <property name="object_formatter.jar" value="f:/tcs/lib/tcs/object_formatter/1.0/object_formatter.jar" />
    <property name="id_generator.path" value="id_generator/3.0" />
    <property name="build_targetclassdir" value="build/targetclasses" />
    <property name="docsdir" value="docs" />
    <property name="dev_dist.jar" value="Project_Services_1.1_dev_dist.jar" />
    <property name="ant.project.name" value="Project Services" />
    <property name="java.vm.specification.version" value="1.0" />
    <property name="db_connection_factory.version" value="1.0" />
    <property name="db_connection_factory.jar.name" value="db_connection_factory.jar" />
    <property name="awt.toolkit" value="sun.awt.windows.WToolkit" />
    <property name="webdir" value="web" />
    <property name="sun.cpu.isalist" value="pentium_pro+mmx pentium_pro pentium+mmx pentium i486 i386 i86" />
    <property name="build_javadocsdir" value="build/docs/javadocs" />
    <property name="java.ext.dirs" value="C:\Program Files\Java\jdk1.5.0_13\jre\lib\ext" />
    <property name="os.version" value="5.1" />
    <property name="user.home" value="C:\Documents and Settings\user" />
    <property name="javadoc.jar" value="javadocs.jar" />
    <property name="build_classdir" value="build/classes" />
    <property name="resource_management.jar.name" value="resource_management.jar" />
    <property name="object_factory.jar.name" value="object_factory.jar" />
    <property name="java.vm.vendor" value="Sun Microsystems Inc." />
    <property name="typesafe_enum.path" value="typesafe_enum/1.1" />
    <property name="build_testclassdir" value="build/testClasses" />
    <property name="workdays.version" value="1.0" />
    <property name="package" value="com.topcoder.project.service" />
    <property name="typesafe_enum.jar" value="f:/tcs/lib/tcs/typesafe_enum/1.1/typesafe_enum.jar" />
    <property name="base_exception.jar" value="f:/tcs/lib/tcs/base_exception/2.0/base_exception.jar" />
    <property name="user.dir" value="F:\component\Project_Services_1.1" />
    <property name="object_formatter.version" value="1.0" />
    <property name="sun.cpu.endian" value="little" />
    <property name="dist_docpackage" value="build/doc_package" />
    <property name="search_builder.jar.name" value="search_builder.jar" />
    <property name="java.vm.version" value="1.5.0_13-b05" />
    <property name="dev_submission.jar" value="Project_Services_1.1_dev_submission.jar" />
    <property name="java.class.path" value="F:\component\Project_Services_1.1\build\instrumented;F:\component\Project_Services_1.1\build\testClasses;F:\component\Project_Services_1.1\build\classes;f:\tcs\lib\junit\3.8.2\junit.jar;F:\component\Project_Services_1.1\test_files\lib\base_exception.jar;F:\component\Project_Services_1.1\test_files\lib\configuration_manager.jar;F:\component\Project_Services_1.1\test_files\lib\jboss-annotations-ejb3.jar;F:\component\Project_Services_1.1\test_files\lib\jboss-aop-jdk50.jar;F:\component\Project_Services_1.1\test_files\lib\jboss-aspect-library-jdk50.jar;F:\component\Project_Services_1.1\test_files\lib\jboss-ejb3.jar;F:\component\Project_Services_1.1\test_files\lib\jboss-ejb3x.jar;F:\component\Project_Services_1.1\test_files\lib\jboss-remoting.jar;F:\component\Project_Services_1.1\test_files\lib\jbossall-client.jar;F:\component\Project_Services_1.1\test_files\lib\logging_wrapper.jar;F:\component\Project_Services_1.1\test_files\lib\object_factory.jar;F:\component\Project_Services_1.1\test_files\lib\object_formatter.jar;F:\component\Project_Services_1.1\test_files\lib\phase_management.jar;F:\component\Project_Services_1.1\test_files\lib\project_management.jar;F:\component\Project_Services_1.1\test_files\lib\project_phases.jar;F:\component\Project_Services_1.1\test_files\lib\resource_management.jar;F:\component\Project_Services_1.1\test_files\lib\search_builder.jar;F:\component\Project_Services_1.1\test_files\lib\team_management.jar;F:\component\Project_Services_1.1\test_files\lib\typesafe_enum.jar;F:\component\Project_Services_1.1\test_files\lib\user_project_data_store.jar;F:\component\Project_Services_1.1\test_files\lib\workdays.jar;F:\component\Project_Services_1.1\conf;F:\component\Project_Services_1.1\test_files;f:\tcs\lib\cobertura\1.8\cobertura.jar;f:\tcs\lib\cobertura\1.8\lib\asm-2.2.1.jar;f:\tcs\lib\cobertura\1.8\lib\jakarta-oro-2.0.8.jar;f:\tcs\lib\cobertura\1.8\lib\log4j-1.2.9.jar;F:\tcs\lib\ant\1.7.0\lib\ant-launcher.jar;F:\tcs\lib\ant\1.7.0\lib\ant.jar;F:\tcs\lib\ant\1.7.0\lib\ant-junit.jar" />
    <property name="ant.library.dir" value="F:\tcs\lib\ant\1.7.0\lib" />
    <property name="os.arch" value="x86" />
    <property name="db_connection_factory.path" value="db_connection_factory/1.0" />
    <property name="checkstyle.dir" value="f:/tcs/lib/checkstyle/4.3" />
    <property name="sun.java.launcher" value="SUN_STANDARD" />
    <property name="team_management.jar.name" value="team_management.jar" />
    <property name="search_builder.version" value="1.3.2" />
    <property name="logging_wrapper.jar.name" value="logging_wrapper.jar" />
    <property name="user_project_data_store.jar" value="test_files/user_project_data_store.jar" />
    <property name="ant.core.lib" value="F:\tcs\lib\ant\1.7.0\lib\ant.jar" />
    <property name="java.vm.specification.vendor" value="Sun Microsystems Inc." />
    <property name="object_formatter.path" value="object_formatter/1.0" />
    <property name="file.separator" value="\" />
    <property name="java.runtime.version" value="1.5.0_13-b05" />
    <property name="sun.boot.class.path" value="C:\Program Files\Java\jdk1.5.0_13\jre\lib\rt.jar;C:\Program Files\Java\jdk1.5.0_13\jre\lib\i18n.jar;C:\Program Files\Java\jdk1.5.0_13\jre\lib\sunrsasign.jar;C:\Program Files\Java\jdk1.5.0_13\jre\lib\jsse.jar;C:\Program Files\Java\jdk1.5.0_13\jre\lib\jce.jar;C:\Program Files\Java\jdk1.5.0_13\jre\lib\charsets.jar;C:\Program Files\Java\jdk1.5.0_13\jre\classes" />
    <property name="build_docsdir" value="build/docs" />
    <property name="design_submission.jar" value="Project_Services_1.1_design_submission.jar" />
    <property name="project_management.jar" value="f:/tcs/lib/tcs/project_management/1.0/project_management.jar" />
    <property name="user.country" value="CN" />
    <property name="configuration_manager.version" value="2.1.5" />
    <property name="tcs_libdir" value="f:/tcs/lib/tcs" />
    <property name="resource_management.jar" value="f:/tcs/lib/tcs/resource_management/1.1/resource_management.jar" />
    <property name="component" value="Project_Services" />
    <property name="project_management.jar.name" value="project_management.jar" />
    <property name="logging_wrapper.jar" value="f:/tcs/lib/tcs/logging_wrapper/2.0/logging_wrapper.jar" />
    <property name="typesafe_enum.jar.name" value="typesafe_enum.jar" />
    <property name="team_management.path" value="team_management/1.0.1" />
    <property name="java_1_3_bootclasspath" value="c:\program files\JavaSoft\JRE\1.3.1\lib\rt.jar" />
    <property name="java.vendor" value="Sun Microsystems Inc." />
    <property name="phase_management.version" value="1.0.4" />
    <property name="db_connection_factory.jar" value="f:/tcs/lib/tcs/db_connection_factory/1.0/db_connection_factory.jar" />
    <property name="java.specification.version" value="1.5" />
    <property name="testfiles" value="test_files" />
    <property name="javatests" value="src/java/tests" />
    <property name="sun.arch.data.model" value="32" />
  </properties>
  <testcase classname="com.topcoder.project.service.DemoTest" name="testDemo" time="0.172" />
  <testcase classname="com.topcoder.project.service.DemoTest" name="testEJBUsageDemo" time="0.297" />
  <testcase classname="com.topcoder.project.service.ConfigurationExceptionTest" name="testCtorWithMsg" time="0.0" />
  <testcase classname="com.topcoder.project.service.ConfigurationExceptionTest" name="testCtorWithMsgAndCause" time="0.0" />
  <testcase classname="com.topcoder.project.service.FullProjectDataTest" name="testCtor1WithNullStartDate" time="0.0" />
  <testcase classname="com.topcoder.project.service.FullProjectDataTest" name="testCtor1WithNullWorkdays" time="0.015" />
  <testcase classname="com.topcoder.project.service.FullProjectDataTest" name="testCtor1Accuracy" time="0.0" />
  <testcase classname="com.topcoder.project.service.FullProjectDataTest" name="testCtor2WithNullProjectheader" time="0.0" />
  <testcase classname="com.topcoder.project.service.FullProjectDataTest" name="testCtor2Accuracy1" time="0.0" />
  <testcase classname="com.topcoder.project.service.FullProjectDataTest" name="testCtor2Accuracy2" time="0.0" />
  <testcase classname="com.topcoder.project.service.FullProjectDataTest" name="testGetResources" time="0.0" />
  <testcase classname="com.topcoder.project.service.FullProjectDataTest" name="testSetResourcesWithArrayHasNull" time="0.0" />
  <testcase classname="com.topcoder.project.service.FullProjectDataTest" name="testSetResourcesWithNullArg" time="0.0" />
  <testcase classname="com.topcoder.project.service.FullProjectDataTest" name="testSetResourcesWithRealArg" time="0.0" />
  <testcase classname="com.topcoder.project.service.FullProjectDataTest" name="testGetProjectHeader" time="0.0" />
  <testcase classname="com.topcoder.project.service.FullProjectDataTest" name="testSetProjectHeaderWithNullArg" time="0.0" />
  <testcase classname="com.topcoder.project.service.FullProjectDataTest" name="testSetProjectHeaderAccuracy" time="0.0" />
  <testcase classname="com.topcoder.project.service.FullProjectDataTest" name="testSetTeamsWithNullArg" time="0.0" />
  <testcase classname="com.topcoder.project.service.FullProjectDataTest" name="testSetTeamsWithRealTeamsArray" time="0.0" />
  <testcase classname="com.topcoder.project.service.FullProjectDataTest" name="testGetTechnologies" time="0.0" />
  <testcase classname="com.topcoder.project.service.FullProjectDataTest" name="testSetTechnologiesWithNull" time="0.0" />
  <testcase classname="com.topcoder.project.service.FullProjectDataTest" name="testSetTechnologiesWithRealArray" time="0.0" />
  <testcase classname="com.topcoder.project.service.ProjectServicesExceptionTest" name="testCtorWithMsg" time="0.0" />
  <testcase classname="com.topcoder.project.service.ProjectServicesExceptionTest" name="testCtorWithMsgAndCause" time="0.0" />
  <testcase classname="com.topcoder.project.service.UtilTest" name="testCtorAccuracy" time="0.015" />
  <testcase classname="com.topcoder.project.service.UtilTest" name="testCheckObjNotNullWithNullObj" time="0.016" />
  <testcase classname="com.topcoder.project.service.UtilTest" name="testCheckObjNotNullWithNonNullObj" time="0.016" />
  <testcase classname="com.topcoder.project.service.UtilTest" name="testCheckStrNotNullOrEmptyWithNullStr" time="0.015" />
  <testcase classname="com.topcoder.project.service.UtilTest" name="testCheckStrNotNullOrEmptyWithEmptyStr" time="0.016" />
  <testcase classname="com.topcoder.project.service.UtilTest" name="testCheckStrNotNullOrEmpty" time="0.016" />
  <testcase classname="com.topcoder.project.service.UtilTest" name="testCheckArrayHasNullWithArrayHavingNull" time="0.046" />
  <testcase classname="com.topcoder.project.service.UtilTest" name="testCheckStringArrayHasNullOrEmptyWithArrayHavingNull" time="0.016" />
  <testcase classname="com.topcoder.project.service.UtilTest" name="testCheckStringArrayHasNullOrEmptyWithArrayHavingEmpty" time="0.016" />
  <testcase classname="com.topcoder.project.service.UtilTest" name="testCheckIDNotNegativeWithNegID" time="0.015" />
  <testcase classname="com.topcoder.project.service.UtilTest" name="testGetStringPropertyValueAccuracy1" time="0.0" />
  <testcase classname="com.topcoder.project.service.UtilTest" name="testGetStringPropertyValueAccuracy2" time="0.016" />
  <testcase classname="com.topcoder.project.service.UtilTest" name="testGetStringPropertyValueWithUnknownNamespace" time="0.016" />
  <testcase classname="com.topcoder.project.service.UtilTest" name="testGetStringPropertyValueWithRequiredPropertyNotExist" time="0.015" />
  <testcase classname="com.topcoder.project.service.UtilTest" name="testGetStringPropertyValueWithRequiredPropertyEmpty" time="0.0" />
  <testcase classname="com.topcoder.project.service.UtilTest" name="testGetObjectFactoryAccuracy" time="0.016" />
  <testcase classname="com.topcoder.project.service.UtilTest" name="testGetObjectFactoryWithSpecNamespaceInvalid" time="0.015" />
  <testcase classname="com.topcoder.project.service.UtilTest" name="testGetObjectFactoryWithIRE" time="0.016" />
  <testcase classname="com.topcoder.project.service.UtilTest" name="testCreateObjectAccuracy" time="0.016" />
  <testcase classname="com.topcoder.project.service.UtilTest" name="testCreateObjectWithInvalidKey" time="0.0" />
  <testcase classname="com.topcoder.project.service.UtilTest" name="testCreateObjectWithInvalidType" time="0.016" />
  <testcase classname="com.topcoder.project.service.UtilTest" name="testLogAccuracy" time="0.0" />
  <testcase classname="com.topcoder.project.service.impl.ProjectServicesImplTest" name="testCtor1Accuracy" time="0.015" />
  <testcase classname="com.topcoder.project.service.impl.ProjectServicesImplTest" name="testDefaultConstructor" time="0.016" />
  <testcase classname="com.topcoder.project.service.impl.ProjectServicesImplTest" name="testCtor1WithNullArg" time="0.015" />
  <testcase classname="com.topcoder.project.service.impl.ProjectServicesImplTest" name="testCtor1WithEmptyArg" time="0.032" />
  <testcase classname="com.topcoder.project.service.impl.ProjectServicesImplTest" name="testCtor1WithUnknownNamespace" time="0.015" />
  <testcase classname="com.topcoder.project.service.impl.ProjectServicesImplTest" name="testCtor1WithActiveProjectStatusIdInvalidType" time="0.016" />
  <testcase classname="com.topcoder.project.service.impl.ProjectServicesImplTest" name="testCtor1WithActiveProjectStatusIdMissing" time="0.062" />
  <testcase classname="com.topcoder.project.service.impl.ProjectServicesImplTest" name="testCtor1WithActiveProjectStatusIdNegative" time="0.016" />
  <testcase classname="com.topcoder.project.service.impl.ProjectServicesImplTest" name="testCtor1WithActivePhaseManagerKeyMissing" time="0.016" />
  <testcase classname="com.topcoder.project.service.impl.ProjectServicesImplTest" name="testCtor1WithActiveProjectManagerKeyMissing" time="0.031" />
  <testcase classname="com.topcoder.project.service.impl.ProjectServicesImplTest" name="testCtor1WithActiveResourceManagerKeyMissing" time="0.047" />
  <testcase classname="com.topcoder.project.service.impl.ProjectServicesImplTest" name="testCtor1WithSpecNamespaceInvalid" time="0.015" />
  <testcase classname="com.topcoder.project.service.impl.ProjectServicesImplTest" name="testCtor1WithSpecNamespaceMissing" time="0.016" />
  <testcase classname="com.topcoder.project.service.impl.ProjectServicesImplTest" name="testCtor1WithTeamManagerMissing" time="0.016" />
  <testcase classname="com.topcoder.project.service.impl.ProjectServicesImplTest" name="testCtor1WithUserRetrievalInvalidType" time="0.015" />
  <testcase classname="com.topcoder.project.service.impl.ProjectServicesImplTest" name="testCtor1WithUserRetrievalInvalidKey" time="0.047" />
  <testcase classname="com.topcoder.project.service.impl.ProjectServicesImplTest" name="testCtor1WithUserRetrievalKeyMissing" time="0.016" />
  <testcase classname="com.topcoder.project.service.impl.ProjectServicesImplTest" name="testCtor1WithUserRetrievalKeyUnknownType" time="0.015" />
  <testcase classname="com.topcoder.project.service.impl.ProjectServicesImplTest" name="testCtor2WithNullProjectRetrieval" time="0.0" />
  <testcase classname="com.topcoder.project.service.impl.ProjectServicesImplTest" name="testCtor2WithNullResourceManager" time="0.047" />
  <testcase classname="com.topcoder.project.service.impl.ProjectServicesImplTest" name="testCtor2WithNullPhaseManager" time="0.0" />
  <testcase classname="com.topcoder.project.service.impl.ProjectServicesImplTest" name="testCtor2WithNullTeamManager" time="0.0" />
  <testcase classname="com.topcoder.project.service.impl.ProjectServicesImplTest" name="testCtor2WithNullProjectManager" time="0.016" />
  <testcase classname="com.topcoder.project.service.impl.ProjectServicesImplTest" name="testCtor2WithNegaitveActiveProjectStatusId" time="0.0" />
  <testcase classname="com.topcoder.project.service.impl.ProjectServicesImplTest" name="testCtor2Accuracy" time="0.031" />
  <testcase classname="com.topcoder.project.service.impl.ProjectServicesImplTest" name="testFindActiveProjectsHeadersWithPersistenceErrorOccuring" time="0.016" />
  <testcase classname="com.topcoder.project.service.impl.ProjectServicesImplTest" name="testFindActiveProjectsHeadersAccuracy" time="0.0" />
  <testcase classname="com.topcoder.project.service.impl.ProjectServicesImplTest" name="testFindProjectsHeadersWithNullFilter" time="0.016" />
  <testcase classname="com.topcoder.project.service.impl.ProjectServicesImplTest" name="testFindProjectsHeadersAccuracy" time="0.015" />
  <testcase classname="com.topcoder.project.service.impl.ProjectServicesImplTest" name="testFindProjectsHeadersWithPersistenceErrorOccuring" time="0.0" />
  <testcase classname="com.topcoder.project.service.impl.ProjectServicesImplTest" name="testGetFullProjectDataWithNegativeProjectId" time="0.016" />
  <testcase classname="com.topcoder.project.service.impl.ProjectServicesImplTest" name="testGetFullProjectDataWithErrorInPhaseManager" time="0.031" />
  <testcase classname="com.topcoder.project.service.impl.ProjectServicesImplTest" name="testGetFullProjectDataWithErrorInProjectManager" time="0.016" />
  <testcase classname="com.topcoder.project.service.impl.ProjectServicesImplTest" name="testGetFullProjectDataWithErrorInResourceManager" time="0.015" />
  <testcase classname="com.topcoder.project.service.impl.ProjectServicesImplTest" name="testGetFullProjectDataWithErrorInProjectRetrieval" time="0.0" />
  <testcase classname="com.topcoder.project.service.impl.ProjectServicesImplTest" name="testGetFullProjectDataAccuracy" time="0.047" />
  <testcase classname="com.topcoder.project.service.impl.ProjectServicesImplTest" name="testFindFullProjectsWithNullFilter" time="0.016" />
  <testcase classname="com.topcoder.project.service.impl.ProjectServicesImplTest" name="testFindFullProjectsAccuracy" time="0.0" />
  <testcase classname="com.topcoder.project.service.impl.ProjectServicesImplTest" name="testFindActiveProjectsAccuracy" time="0.016" />
  <testcase classname="com.topcoder.project.service.impl.ProjectServicesImplNewMethodsTest" name="testCreateProjectAccuracy" time="0.015" />
  <testcase classname="com.topcoder.project.service.impl.ProjectServicesImplNewMethodsTest" name="testCreateProjectWithProjectHeaderNull" time="0.031" />
  <testcase classname="com.topcoder.project.service.impl.ProjectServicesImplNewMethodsTest" name="testCreateProjectWithProjectPhasesNull" time="0.0" />
  <testcase classname="com.topcoder.project.service.impl.ProjectServicesImplNewMethodsTest" name="testCreateProjectWithProjectPhasesEmpty" time="0.016" />
  <testcase classname="com.topcoder.project.service.impl.ProjectServicesImplNewMethodsTest" name="testCreateProjectWithProjectPhasesInvalid" time="0.0" />
  <testcase classname="com.topcoder.project.service.impl.ProjectServicesImplNewMethodsTest" name="testCreateProjectWithProjectResourcesContainsNull" time="0.015" />
  <testcase classname="com.topcoder.project.service.impl.ProjectServicesImplNewMethodsTest" name="testCreateProjectWithProjectResourcesContainsInvalid1" time="0.0" />
  <testcase classname="com.topcoder.project.service.impl.ProjectServicesImplNewMethodsTest" name="testCreateProjectWithProjectResourcesInvalid2" time="0.016" />
  <testcase classname="com.topcoder.project.service.impl.ProjectServicesImplNewMethodsTest" name="testCreateProjectWithOperatorNull" time="0.016" />
  <testcase classname="com.topcoder.project.service.impl.ProjectServicesImplNewMethodsTest" name="testCreateProjectWithOperatorEmpty" time="0.031" />
  <testcase classname="com.topcoder.project.service.impl.ProjectServicesImplNewMethodsTest" name="testCreateProjectWithPE" time="0.015" />
  <testcase classname="com.topcoder.project.service.impl.ProjectServicesImplNewMethodsTest" name="testCreateProjectWithVE" time="0.016" />
  <testcase classname="com.topcoder.project.service.impl.ProjectServicesImplNewMethodsTest" name="testCreateProjectWithPME" time="0.0" />
  <testcase classname="com.topcoder.project.service.impl.ProjectServicesImplNewMethodsTest" name="testCreateProjectWithRPE" time="0.016" />
  <testcase classname="com.topcoder.project.service.impl.ProjectServicesImplNewMethodsTest" name="testUpdateProjectAccuracy" time="0.0" />
  <testcase classname="com.topcoder.project.service.impl.ProjectServicesImplNewMethodsTest" name="testUpdateProjectWithProjectHeaderNull" time="0.015" />
  <testcase classname="com.topcoder.project.service.impl.ProjectServicesImplNewMethodsTest" name="testUpdateProjectWithProjectHeaderIdNonpositive" time="0.016" />
  <testcase classname="com.topcoder.project.service.impl.ProjectServicesImplNewMethodsTest" name="testUpdateProjectWithProjectHeaderReasonNull" time="0.0" />
  <testcase classname="com.topcoder.project.service.impl.ProjectServicesImplNewMethodsTest" name="testUpdateProjectWithProjectHeaderReasonEmpty" time="0.047" />
  <testcase classname="com.topcoder.project.service.impl.ProjectServicesImplNewMethodsTest" name="testUpdateProjectWithProjectPhasesNull" time="0.0" />
  <testcase classname="com.topcoder.project.service.impl.ProjectServicesImplNewMethodsTest" name="testUpdateProjectWithProjectPhasesEmpty" time="0.015" />
  <testcase classname="com.topcoder.project.service.impl.ProjectServicesImplNewMethodsTest" name="testUpdateProjectWithProjectPhasesInvalidId" time="0.016" />
  <testcase classname="com.topcoder.project.service.impl.ProjectServicesImplNewMethodsTest" name="testUpdateProjectWithProjectPhasesInvalidPhase1" time="0.0" />
  <testcase classname="com.topcoder.project.service.impl.ProjectServicesImplNewMethodsTest" name="testUpdateProjectWithProjectPhasesInvalidPhase2" time="0.016" />
  <testcase classname="com.topcoder.project.service.impl.ProjectServicesImplNewMethodsTest" name="testUpdateProjectWithProjectResourcesContainsNull" time="0.0" />
  <testcase classname="com.topcoder.project.service.impl.ProjectServicesImplNewMethodsTest" name="testUpdateProjectWithProjectResourcesContainsInvalid1" time="0.047" />
  <testcase classname="com.topcoder.project.service.impl.ProjectServicesImplNewMethodsTest" name="testUpdateProjectWithProjectResourcesContainsInvalid2" time="0.0" />
  <testcase classname="com.topcoder.project.service.impl.ProjectServicesImplNewMethodsTest" name="testUpdateProjectWithProjectResourcesContainsInvalid4" time="0.015" />
  <testcase classname="com.topcoder.project.service.impl.ProjectServicesImplNewMethodsTest" name="testUpdateProjectWithProjectResourcesContainsInvalid5" time="0.016" />
  <testcase classname="com.topcoder.project.service.impl.ProjectServicesImplNewMethodsTest" name="testUpdateProjectWithProjectResourcesContainsInvalid6" time="0.015" />
  <testcase classname="com.topcoder.project.service.impl.ProjectServicesImplNewMethodsTest" name="testUpdateProjectWithOperatorNull" time="0.0" />
  <testcase classname="com.topcoder.project.service.impl.ProjectServicesImplNewMethodsTest" name="testUpdateProjectWithOperatorEmpty" time="0.047" />
  <testcase classname="com.topcoder.project.service.impl.ProjectServicesImplNewMethodsTest" name="testUpdateProjectWithPDE" time="0.0" />
  <testcase classname="com.topcoder.project.service.impl.ProjectServicesImplNewMethodsTest" name="testUpdateProjectWithPE" time="0.016" />
  <testcase classname="com.topcoder.project.service.impl.ProjectServicesImplNewMethodsTest" name="testUpdateProjectWithVE" time="0.0" />
  <testcase classname="com.topcoder.project.service.impl.ProjectServicesImplNewMethodsTest" name="testUpdateProjectWithPME" time="0.016" />
  <testcase classname="com.topcoder.project.service.impl.ProjectServicesImplNewMethodsTest" name="testUpdateProjectWithRPE" time="0.015" />
  <testcase classname="com.topcoder.project.service.ProjectDoesNotExistExceptionTest" name="testCtor1Accuracy" time="0.0" />
  <testcase classname="com.topcoder.project.service.ProjectDoesNotExistExceptionTest" name="testCtor2Accuracy" time="0.0" />
  <testcase classname="com.topcoder.project.service.ProjectDoesNotExistExceptionTest" name="testGetProjectIdAccuracy" time="0.0" />
  <testcase classname="com.topcoder.project.service.ProjectDoesNotExistExceptionTest" name="testInheritance1" time="0.0" />
  <testcase classname="com.topcoder.project.service.ProjectDoesNotExistExceptionTest" name="testInheritance2" time="0.0" />
  <testcase classname="com.topcoder.project.service.ProjectServicesFactoryTest" name="testCtorAccuracy" time="0.031" />
  <testcase classname="com.topcoder.project.service.ProjectServicesFactoryTest" name="testGetProjectServices1Accuracy" time="0.016" />
  <testcase classname="com.topcoder.project.service.ProjectServicesFactoryTest" name="testGetProjectServices2Accuracy1" time="0.016" />
  <testcase classname="com.topcoder.project.service.ProjectServicesFactoryTest" name="testGetProjectServices2Accuracy2" time="0.0" />
  <testcase classname="com.topcoder.project.service.ProjectServicesFactoryTest" name="testGetProjectServices2WithNamespaceNull" time="0.015" />
  <testcase classname="com.topcoder.project.service.ProjectServicesFactoryTest" name="testGetProjectServices2WithNamespaceEmpty" time="0.0" />
  <testcase classname="com.topcoder.project.service.ProjectServicesFactoryTest" name="testGetProjectServices2WithCE" time="0.016" />
  <testcase classname="com.topcoder.project.service.ejb.ProjectServicesBeanTest" name="testCtorAccuracy" time="0.0" />
  <testcase classname="com.topcoder.project.service.ejb.ProjectServicesBeanTest" name="testFindActiveProjectsHeadersAccuracy" time="0.016" />
  <testcase classname="com.topcoder.project.service.ejb.ProjectServicesBeanTest" name="testFindProjectsHeadersWithNullFilter" time="0.031" />
  <testcase classname="com.topcoder.project.service.ejb.ProjectServicesBeanTest" name="testFindProjectsHeadersAccuracy" time="0.015" />
  <testcase classname="com.topcoder.project.service.ejb.ProjectServicesBeanTest" name="testGetFullProjectDataWithNegativeProjectId" time="0.0" />
  <testcase classname="com.topcoder.project.service.ejb.ProjectServicesBeanTest" name="testGetFullProjectDataAccuracy" time="0.016" />
  <testcase classname="com.topcoder.project.service.ejb.ProjectServicesBeanTest" name="testFindFullProjectsWithNullFilter" time="0.0" />
  <testcase classname="com.topcoder.project.service.ejb.ProjectServicesBeanTest" name="testFindFullProjectsAccuracy" time="0.016" />
  <testcase classname="com.topcoder.project.service.ejb.ProjectServicesBeanTest" name="testFindActiveProjectsAccuracy" time="0.015" />
  <testcase classname="com.topcoder.project.service.ejb.ProjectServicesBeanTest" name="testCreateProjectAccuracy" time="0.047" />
  <testcase classname="com.topcoder.project.service.ejb.ProjectServicesBeanTest" name="testUpdateProjectAccuracy" time="0.0" />
  <testcase classname="com.topcoder.project.service.ejb.ProjectServicesBeanTest" name="testFindActiveProjectsWithPSE" time="0.016" />
  <testcase classname="com.topcoder.project.service.ejb.ProjectServicesBeanTest" name="testFindActiveProjectsHeadersWithPSE" time="0.0" />
  <testcase classname="com.topcoder.project.service.ejb.ProjectServicesBeanTest" name="testFindFullProjectsWithPSE" time="0.015" />
  <testcase classname="com.topcoder.project.service.ejb.ProjectServicesBeanTest" name="testFindProjectsHeadersWithPSE" time="0.0" />
  <testcase classname="com.topcoder.project.service.ejb.ProjectServicesBeanTest" name="testGetFullProjectDataWithPSE" time="0.016" />
  <testcase classname="com.topcoder.project.service.ejb.ProjectServicesBeanTest" name="testCreateProjectWithPSE" time="0.031" />
  <testcase classname="com.topcoder.project.service.ejb.ProjectServicesBeanTest" name="testUpdateProjectWithPSE" time="0.016" />
  <testcase classname="com.topcoder.project.service.ejb.ProjectServicesBeanTest" name="testGetSessionContextAccuracy" time="0.0" />
  <system-out><![CDATA[Looking for activeCategoryIds
Enters ProjectServicesImpl#findActiveProjectsHeaders method.
Starts calling ProjectManager#searchProjects method.
Finished calling ProjectManager#searchProjects method.
Exits ProjectServicesImpl#findActiveProjectsHeaders method.
Enters ProjectServicesImpl#findActiveProjects method.
Enters ProjectServicesImpl#findActiveProjectsHeaders method.
Starts calling ProjectManager#searchProjects method.
Finished calling ProjectManager#searchProjects method.
Exits ProjectServicesImpl#findActiveProjectsHeaders method.
Enters ProjectServicesImpl#assembleFullProjectDatas method.
Enters ProjectServicesImpl#getFullProjectData method.
Starts calling PhaseManager#getPhases method.
Finished calling PhaseManager#getPhases method.
Starts calling ProjectManager#getProject method.
Finished calling ProjectManager#getProject method.
Starts calling ResourceManager#searchResources method.
Finished calling ResourceManager#searchResources method.
Starts calling TeamManager#findTeams method.
Finished calling TeamManager#findTeams method.
Starts calling ProjectRetrieval#retrieveProject method.
Finished calling ProjectRetrieval#retrieveProject method.
Exits ProjectServicesImpl#getFullProjectData method.
Enters ProjectServicesImpl#getFullProjectData method.
Starts calling PhaseManager#getPhases method.
Finished calling PhaseManager#getPhases method.
Starts calling ProjectManager#getProject method.
Finished calling ProjectManager#getProject method.
Starts calling ResourceManager#searchResources method.
Finished calling ResourceManager#searchResources method.
Starts calling TeamManager#findTeams method.
Finished calling TeamManager#findTeams method.
Starts calling ProjectRetrieval#retrieveProject method.
Finished calling ProjectRetrieval#retrieveProject method.
Exits ProjectServicesImpl#getFullProjectData method.
Enters ProjectServicesImpl#getFullProjectData method.
Starts calling PhaseManager#getPhases method.
Finished calling PhaseManager#getPhases method.
Starts calling ProjectManager#getProject method.
Finished calling ProjectManager#getProject method.
Starts calling ResourceManager#searchResources method.
Finished calling ResourceManager#searchResources method.
Starts calling TeamManager#findTeams method.
Finished calling TeamManager#findTeams method.
Starts calling ProjectRetrieval#retrieveProject method.
Finished calling ProjectRetrieval#retrieveProject method.
Exits ProjectServicesImpl#getFullProjectData method.
Exits ProjectServicesImpl#assembleFullProjectDatas method.
Exits ProjectServicesImpl#findActiveProjects method.
Enters ProjectServicesImpl#findProjectsHeaders method.
Starts calling ProjectManager#searchProjects method.
Finished calling ProjectManager#searchProjects method.
Exits ProjectServicesImpl#findProjectsHeaders method.
Enters ProjectServicesImpl#getFullProjectData method.
Starts calling PhaseManager#getPhases method.
Finished calling PhaseManager#getPhases method.
Starts calling ProjectManager#getProject method.
Finished calling ProjectManager#getProject method.
Starts calling ResourceManager#searchResources method.
Finished calling ResourceManager#searchResources method.
Starts calling TeamManager#findTeams method.
Finished calling TeamManager#findTeams method.
Starts calling ProjectRetrieval#retrieveProject method.
Finished calling ProjectRetrieval#retrieveProject method.
Exits ProjectServicesImpl#getFullProjectData method.
Enters ProjectServicesImpl#createProject method.
Starts calling ProjectManager#createProject method.
Finished calling ProjectManager#createProject method.
Starts calling ProjectManager#updatePhases method.
Finished calling ProjectManager#updatePhases method.
Starts calling ResourceManager#updateResources method.
Finished calling ResourceManager#updateResources method.
Exits ProjectServicesImpl#createProject method.
Enters ProjectServicesImpl#updateProject method.
Starts calling ProjectManager#createProject method.
Finished calling ProjectManager#createProject method.
Starts calling ProjectManager#updateProject method.
Finished calling ProjectManager#updateProject method.
Starts calling PhaseManager#updatePhases method.
Finished calling PhaseManager#updatePhases method.
Starts calling ResourceManager#updateResources method.
Finished calling ResourceManager#updateResources method.
Exits ProjectServicesImpl#updateProject method.
Looking for activeCategoryIds
Exits ProjectServicesFactory#getProjectServices(String namespace) method.
Exits ProjectServicesFactory#getProjectServices() method.
Enters ProjectServicesFactory#getProjectServices(String namespace) method.
Exits ProjectServicesFactory#getProjectServices(String namespace) method.
Enters ProjectServicesImpl#getFullProjectData method.
Starts calling PhaseManager#getPhases method.
Finished calling PhaseManager#getPhases method.
Starts calling ProjectManager#getProject method.
Finished calling ProjectManager#getProject method.
Starts calling ResourceManager#searchResources method.
Finished calling ResourceManager#searchResources method.
Starts calling TeamManager#findTeams method.
Finished calling TeamManager#findTeams method.
Starts calling ProjectRetrieval#retrieveProject method.
Finished calling ProjectRetrieval#retrieveProject method.
Exits ProjectServicesImpl#getFullProjectData method.
Looking for activeCategoryIds
Enters ProjectServicesImpl#findActiveProjects method.
Enters ProjectServicesImpl#findActiveProjectsHeaders method.
Starts calling ProjectManager#searchProjects method.
Finished calling ProjectManager#searchProjects method.
Exits ProjectServicesImpl#findActiveProjectsHeaders method.
Enters ProjectServicesImpl#assembleFullProjectDatas method.
Enters ProjectServicesImpl#getFullProjectData method.
Starts calling PhaseManager#getPhases method.
Finished calling PhaseManager#getPhases method.
Starts calling ProjectManager#getProject method.
Finished calling ProjectManager#getProject method.
Starts calling ResourceManager#searchResources method.
Finished calling ResourceManager#searchResources method.
Starts calling TeamManager#findTeams method.
Finished calling TeamManager#findTeams method.
Starts calling ProjectRetrieval#retrieveProject method.
Finished calling ProjectRetrieval#retrieveProject method.
Exits ProjectServicesImpl#getFullProjectData method.
Enters ProjectServicesImpl#getFullProjectData method.
Starts calling PhaseManager#getPhases method.
Finished calling PhaseManager#getPhases method.
Starts calling ProjectManager#getProject method.
Finished calling ProjectManager#getProject method.
Starts calling ResourceManager#searchResources method.
Finished calling ResourceManager#searchResources method.
Starts calling TeamManager#findTeams method.
Finished calling TeamManager#findTeams method.
Starts calling ProjectRetrieval#retrieveProject method.
Finished calling ProjectRetrieval#retrieveProject method.
Exits ProjectServicesImpl#getFullProjectData method.
Enters ProjectServicesImpl#getFullProjectData method.
Starts calling PhaseManager#getPhases method.
Finished calling PhaseManager#getPhases method.
Starts calling ProjectManager#getProject method.
Finished calling ProjectManager#getProject method.
Starts calling ResourceManager#searchResources method.
Finished calling ResourceManager#searchResources method.
Starts calling TeamManager#findTeams method.
Finished calling TeamManager#findTeams method.
Starts calling ProjectRetrieval#retrieveProject method.
Finished calling ProjectRetrieval#retrieveProject method.
Exits ProjectServicesImpl#getFullProjectData method.
Exits ProjectServicesImpl#assembleFullProjectDatas method.
Exits ProjectServicesImpl#findActiveProjects method.
Enters ProjectServicesImpl#findActiveProjectsHeaders method.
Starts calling ProjectManager#searchProjects method.
Finished calling ProjectManager#searchProjects method.
Exits ProjectServicesImpl#findActiveProjectsHeaders method.
Enters ProjectServicesImpl#getFullProjectData method.
Starts calling PhaseManager#getPhases method.
Finished calling PhaseManager#getPhases method.
Starts calling ProjectManager#getProject method.
Finished calling ProjectManager#getProject method.
Starts calling ResourceManager#searchResources method.
Finished calling ResourceManager#searchResources method.
Starts calling TeamManager#findTeams method.
Finished calling TeamManager#findTeams method.
Starts calling ProjectRetrieval#retrieveProject method.
Finished calling ProjectRetrieval#retrieveProject method.
Exits ProjectServicesImpl#getFullProjectData method.
Enters ProjectServicesImpl#createProject method.
Starts calling ProjectManager#createProject method.
Finished calling ProjectManager#createProject method.
Starts calling ProjectManager#updatePhases method.
Finished calling ProjectManager#updatePhases method.
Starts calling ResourceManager#updateResources method.
Finished calling ResourceManager#updateResources method.
Exits ProjectServicesImpl#createProject method.
Enters ProjectServicesImpl#updateProject method.
Starts calling ProjectManager#createProject method.
Finished calling ProjectManager#createProject method.
Starts calling ProjectManager#updateProject method.
Finished calling ProjectManager#updateProject method.
Starts calling PhaseManager#updatePhases method.
Finished calling PhaseManager#updatePhases method.
Starts calling ResourceManager#updateResources method.
Finished calling ResourceManager#updateResources method.
Exits ProjectServicesImpl#updateProject method.
message
Looking for activeCategoryIds
Looking for activeCategoryIds
Looking for activeCategoryIds
Looking for activeCategoryIds
Looking for activeCategoryIds
Looking for activeCategoryIds
Looking for activeCategoryIds
Looking for activeCategoryIds
Looking for activeCategoryIds
Looking for activeCategoryIds
Looking for activeCategoryIds
Looking for activeCategoryIds
Looking for activeCategoryIds
Looking for activeCategoryIds
Looking for activeCategoryIds
Looking for activeCategoryIds
Looking for activeCategoryIds
Looking for activeCategoryIds
Looking for activeCategoryIds
Looking for activeCategoryIds
Looking for activeCategoryIds
Looking for activeCategoryIds
Looking for activeCategoryIds
Looking for activeCategoryIds
Looking for activeCategoryIds
Looking for activeCategoryIds
Looking for activeCategoryIds
Looking for activeCategoryIds
Enters ProjectServicesImpl#findActiveProjectsHeaders method.
Starts calling ProjectManager#searchProjects method.
Finished calling ProjectManager#searchProjects method.
Exits ProjectServicesImpl#findActiveProjectsHeaders method.
Looking for activeCategoryIds
Enters ProjectServicesImpl#findProjectsHeaders method.
IllegalArgumentException occurred.
Looking for activeCategoryIds
Enters ProjectServicesImpl#findProjectsHeaders method.
Starts calling ProjectManager#searchProjects method.
Finished calling ProjectManager#searchProjects method.
Exits ProjectServicesImpl#findProjectsHeaders method.
Looking for activeCategoryIds
Looking for activeCategoryIds
Enters ProjectServicesImpl#getFullProjectData method.
IllegalArgumentException occurred.
Looking for activeCategoryIds
Enters ProjectServicesImpl#getFullProjectData method.
Starts calling PhaseManager#getPhases method.
ProjectServicesException occurred in ProjectServicesImpl#getFullProjectData method.
Looking for activeCategoryIds
Enters ProjectServicesImpl#getFullProjectData method.
Starts calling PhaseManager#getPhases method.
Finished calling PhaseManager#getPhases method.
Starts calling ProjectManager#getProject method.
ProjectServicesException occurred in ProjectServicesImpl#getFullProjectData method.
Looking for activeCategoryIds
Looking for activeCategoryIds
Enters ProjectServicesImpl#getFullProjectData method.
Starts calling PhaseManager#getPhases method.
Finished calling PhaseManager#getPhases method.
Starts calling ProjectManager#getProject method.
Finished calling ProjectManager#getProject method.
Starts calling ResourceManager#searchResources method.
Finished calling ResourceManager#searchResources method.
Starts calling TeamManager#findTeams method.
Finished calling TeamManager#findTeams method.
Starts calling ProjectRetrieval#retrieveProject method.
ProjectServicesException occurred in ProjectServicesImpl#getFullProjectData method.
Looking for activeCategoryIds
Enters ProjectServicesImpl#getFullProjectData method.
Starts calling PhaseManager#getPhases method.
Finished calling PhaseManager#getPhases method.
Starts calling ProjectManager#getProject method.
Finished calling ProjectManager#getProject method.
Starts calling ResourceManager#searchResources method.
Finished calling ResourceManager#searchResources method.
Starts calling TeamManager#findTeams method.
Finished calling TeamManager#findTeams method.
Starts calling ProjectRetrieval#retrieveProject method.
Finished calling ProjectRetrieval#retrieveProject method.
Exits ProjectServicesImpl#getFullProjectData method.
Looking for activeCategoryIds
Enters ProjectServicesImpl#findFullProjects method.
IllegalArgumentException occurred.
Looking for activeCategoryIds
Enters ProjectServicesImpl#findFullProjects method.
Enters ProjectServicesImpl#findProjectsHeaders method.
Starts calling ProjectManager#searchProjects method.
Finished calling ProjectManager#searchProjects method.
Exits ProjectServicesImpl#findProjectsHeaders method.
Enters ProjectServicesImpl#assembleFullProjectDatas method.
Enters ProjectServicesImpl#getFullProjectData method.
Starts calling PhaseManager#getPhases method.
Finished calling PhaseManager#getPhases method.
Starts calling ProjectManager#getProject method.
Finished calling ProjectManager#getProject method.
Starts calling ResourceManager#searchResources method.
Finished calling ResourceManager#searchResources method.
Starts calling TeamManager#findTeams method.
Finished calling TeamManager#findTeams method.
Starts calling ProjectRetrieval#retrieveProject method.
Finished calling ProjectRetrieval#retrieveProject method.
Exits ProjectServicesImpl#getFullProjectData method.
Enters ProjectServicesImpl#getFullProjectData method.
Starts calling PhaseManager#getPhases method.
Finished calling PhaseManager#getPhases method.
Starts calling ProjectManager#getProject method.
Finished calling ProjectManager#getProject method.
Starts calling ResourceManager#searchResources method.
Finished calling ResourceManager#searchResources method.
Starts calling TeamManager#findTeams method.
Finished calling TeamManager#findTeams method.
Starts calling ProjectRetrieval#retrieveProject method.
Finished calling ProjectRetrieval#retrieveProject method.
Exits ProjectServicesImpl#getFullProjectData method.
Enters ProjectServicesImpl#getFullProjectData method.
Starts calling PhaseManager#getPhases method.
Finished calling PhaseManager#getPhases method.
Starts calling ProjectManager#getProject method.
Finished calling ProjectManager#getProject method.
Starts calling ResourceManager#searchResources method.
Finished calling ResourceManager#searchResources method.
Starts calling TeamManager#findTeams method.
Finished calling TeamManager#findTeams method.
Starts calling ProjectRetrieval#retrieveProject method.
Finished calling ProjectRetrieval#retrieveProject method.
Exits ProjectServicesImpl#getFullProjectData method.
Exits ProjectServicesImpl#assembleFullProjectDatas method.
Exits ProjectServicesImpl#findFullProjects method.
Looking for activeCategoryIds
Enters ProjectServicesImpl#findActiveProjects method.
Enters ProjectServicesImpl#findActiveProjectsHeaders method.
Starts calling ProjectManager#searchProjects method.
Finished calling ProjectManager#searchProjects method.
Exits ProjectServicesImpl#findActiveProjectsHeaders method.
Enters ProjectServicesImpl#assembleFullProjectDatas method.
Enters ProjectServicesImpl#getFullProjectData method.
Starts calling PhaseManager#getPhases method.
Finished calling PhaseManager#getPhases method.
Starts calling ProjectManager#getProject method.
Finished calling ProjectManager#getProject method.
Starts calling ResourceManager#searchResources method.
Finished calling ResourceManager#searchResources method.
Starts calling TeamManager#findTeams method.
Finished calling TeamManager#findTeams method.
Starts calling ProjectRetrieval#retrieveProject method.
Finished calling ProjectRetrieval#retrieveProject method.
Exits ProjectServicesImpl#getFullProjectData method.
Enters ProjectServicesImpl#getFullProjectData method.
Starts calling PhaseManager#getPhases method.
Finished calling PhaseManager#getPhases method.
Starts calling ProjectManager#getProject method.
Finished calling ProjectManager#getProject method.
Starts calling ResourceManager#searchResources method.
Finished calling ResourceManager#searchResources method.
Starts calling TeamManager#findTeams method.
Finished calling TeamManager#findTeams method.
Starts calling ProjectRetrieval#retrieveProject method.
Finished calling ProjectRetrieval#retrieveProject method.
Exits ProjectServicesImpl#getFullProjectData method.
Enters ProjectServicesImpl#getFullProjectData method.
Starts calling PhaseManager#getPhases method.
Finished calling PhaseManager#getPhases method.
Starts calling ProjectManager#getProject method.
Finished calling ProjectManager#getProject method.
Starts calling ResourceManager#searchResources method.
Finished calling ResourceManager#searchResources method.
Starts calling TeamManager#findTeams method.
Finished calling TeamManager#findTeams method.
Starts calling ProjectRetrieval#retrieveProject method.
Finished calling ProjectRetrieval#retrieveProject method.
Exits ProjectServicesImpl#getFullProjectData method.
Exits ProjectServicesImpl#assembleFullProjectDatas method.
Exits ProjectServicesImpl#findActiveProjects method.
Looking for activeCategoryIds
Enters ProjectServicesImpl#createProject method.
Starts calling ProjectManager#createProject method.
Finished calling ProjectManager#createProject method.
Starts calling ProjectManager#updatePhases method.
Finished calling ProjectManager#updatePhases method.
Starts calling ResourceManager#updateResources method.
Finished calling ResourceManager#updateResources method.
Exits ProjectServicesImpl#createProject method.
Looking for activeCategoryIds
Enters ProjectServicesImpl#createProject method.
Looking for activeCategoryIds
Enters ProjectServicesImpl#createProject method.
Looking for activeCategoryIds
Enters ProjectServicesImpl#createProject method.
Looking for activeCategoryIds
Enters ProjectServicesImpl#createProject method.
Looking for activeCategoryIds
Enters ProjectServicesImpl#createProject method.
Looking for activeCategoryIds
Enters ProjectServicesImpl#createProject method.
Looking for activeCategoryIds
Enters ProjectServicesImpl#createProject method.
Looking for activeCategoryIds
Enters ProjectServicesImpl#createProject method.
Looking for activeCategoryIds
Enters ProjectServicesImpl#createProject method.
Looking for activeCategoryIds
Looking for activeCategoryIds
Looking for activeCategoryIds
Looking for activeCategoryIds
Looking for activeCategoryIds
Enters ProjectServicesImpl#updateProject method.
Starts calling ProjectManager#createProject method.
Finished calling ProjectManager#createProject method.
Starts calling ProjectManager#updateProject method.
Finished calling ProjectManager#updateProject method.
Starts calling PhaseManager#updatePhases method.
Finished calling PhaseManager#updatePhases method.
Starts calling ResourceManager#updateResources method.
Finished calling ResourceManager#updateResources method.
Exits ProjectServicesImpl#updateProject method.
Looking for activeCategoryIds
Enters ProjectServicesImpl#updateProject method.
Looking for activeCategoryIds
Enters ProjectServicesImpl#updateProject method.
Looking for activeCategoryIds
Enters ProjectServicesImpl#updateProject method.
Looking for activeCategoryIds
Enters ProjectServicesImpl#updateProject method.
Looking for activeCategoryIds
Enters ProjectServicesImpl#updateProject method.
Looking for activeCategoryIds
Enters ProjectServicesImpl#updateProject method.
Looking for activeCategoryIds
Enters ProjectServicesImpl#updateProject method.
Looking for activeCategoryIds
Enters ProjectServicesImpl#updateProject method.
Looking for activeCategoryIds
Enters ProjectServicesImpl#updateProject method.
Looking for activeCategoryIds
Enters ProjectServicesImpl#updateProject method.
Looking for activeCategoryIds
Enters ProjectServicesImpl#updateProject method.
Looking for activeCategoryIds
Enters ProjectServicesImpl#updateProject method.
Looking for activeCategoryIds
Enters ProjectServicesImpl#updateProject method.
Looking for activeCategoryIds
Enters ProjectServicesImpl#updateProject method.
Looking for activeCategoryIds
Enters ProjectServicesImpl#updateProject method.
Looking for activeCategoryIds
Enters ProjectServicesImpl#updateProject method.
Looking for activeCategoryIds
Enters ProjectServicesImpl#updateProject method.
Looking for activeCategoryIds
Looking for activeCategoryIds
Looking for activeCategoryIds
Looking for activeCategoryIds
Looking for activeCategoryIds
Enters ProjectServicesFactory#getProjectServices() method.
Enters ProjectServicesFactory#getProjectServices(String namespace) method.
Looking for activeCategoryIds
Exits ProjectServicesFactory#getProjectServices(String namespace) method.
Exits ProjectServicesFactory#getProjectServices() method.
Enters ProjectServicesFactory#getProjectServices(String namespace) method.
Looking for activeCategoryIds
Exits ProjectServicesFactory#getProjectServices(String namespace) method.
Enters ProjectServicesFactory#getProjectServices() method.
Enters ProjectServicesFactory#getProjectServices(String namespace) method.
Looking for activeCategoryIds
Exits ProjectServicesFactory#getProjectServices(String namespace) method.
Exits ProjectServicesFactory#getProjectServices() method.
Enters ProjectServicesFactory#getProjectServices(String namespace) method.
Exits ProjectServicesFactory#getProjectServices(String namespace) method.
Enters ProjectServicesFactory#getProjectServices(String namespace) method.
Enters ProjectServicesFactory#getProjectServices(String namespace) method.
Enters ProjectServicesFactory#getProjectServices(String namespace) method.
ConfigurationException occurred in ProjectServicesFactory#getProjectServices(String namespace) method : The namespace with the name of UnknownNamespace doesn't exist.
Exits ProjectServicesFactory#getProjectServices(String namespace) method.
Enters ProjectServicesFactory#getProjectServices() method.
Enters ProjectServicesFactory#getProjectServices(String namespace) method.
Looking for activeCategoryIds
Exits ProjectServicesFactory#getProjectServices(String namespace) method.
Exits ProjectServicesFactory#getProjectServices() method.
Enters ProjectServicesImpl#findActiveProjectsHeaders method.
Starts calling ProjectManager#searchProjects method.
Finished calling ProjectManager#searchProjects method.
Exits ProjectServicesImpl#findActiveProjectsHeaders method.
Enters ProjectServicesFactory#getProjectServices() method.
Enters ProjectServicesFactory#getProjectServices(String namespace) method.
Exits ProjectServicesFactory#getProjectServices(String namespace) method.
Exits ProjectServicesFactory#getProjectServices() method.
Enters ProjectServicesImpl#findProjectsHeaders method.
IllegalArgumentException occurred.
Enters ProjectServicesFactory#getProjectServices() method.
Enters ProjectServicesFactory#getProjectServices(String namespace) method.
Exits ProjectServicesFactory#getProjectServices(String namespace) method.
Exits ProjectServicesFactory#getProjectServices() method.
Enters ProjectServicesImpl#findProjectsHeaders method.
Starts calling ProjectManager#searchProjects method.
Finished calling ProjectManager#searchProjects method.
Exits ProjectServicesImpl#findProjectsHeaders method.
Enters ProjectServicesFactory#getProjectServices() method.
Enters ProjectServicesFactory#getProjectServices(String namespace) method.
Exits ProjectServicesFactory#getProjectServices(String namespace) method.
Exits ProjectServicesFactory#getProjectServices() method.
Enters ProjectServicesImpl#getFullProjectData method.
IllegalArgumentException occurred.
Enters ProjectServicesFactory#getProjectServices() method.
Enters ProjectServicesFactory#getProjectServices(String namespace) method.
Exits ProjectServicesFactory#getProjectServices(String namespace) method.
Exits ProjectServicesFactory#getProjectServices() method.
Enters ProjectServicesImpl#getFullProjectData method.
Starts calling PhaseManager#getPhases method.
Finished calling PhaseManager#getPhases method.
Starts calling ProjectManager#getProject method.
Finished calling ProjectManager#getProject method.
Starts calling ResourceManager#searchResources method.
Finished calling ResourceManager#searchResources method.
Starts calling TeamManager#findTeams method.
Finished calling TeamManager#findTeams method.
Starts calling ProjectRetrieval#retrieveProject method.
Finished calling ProjectRetrieval#retrieveProject method.
Exits ProjectServicesImpl#getFullProjectData method.
Enters ProjectServicesFactory#getProjectServices() method.
Enters ProjectServicesFactory#getProjectServices(String namespace) method.
Exits ProjectServicesFactory#getProjectServices(String namespace) method.
Exits ProjectServicesFactory#getProjectServices() method.
Enters ProjectServicesImpl#findFullProjects method.
IllegalArgumentException occurred.
Enters ProjectServicesFactory#getProjectServices() method.
Enters ProjectServicesFactory#getProjectServices(String namespace) method.
Exits ProjectServicesFactory#getProjectServices(String namespace) method.
Exits ProjectServicesFactory#getProjectServices() method.
Enters ProjectServicesImpl#findFullProjects method.
Enters ProjectServicesImpl#findProjectsHeaders method.
Starts calling ProjectManager#searchProjects method.
Finished calling ProjectManager#searchProjects method.
Exits ProjectServicesImpl#findProjectsHeaders method.
Enters ProjectServicesImpl#assembleFullProjectDatas method.
Enters ProjectServicesImpl#getFullProjectData method.
Starts calling PhaseManager#getPhases method.
Finished calling PhaseManager#getPhases method.
Starts calling ProjectManager#getProject method.
Finished calling ProjectManager#getProject method.
Starts calling ResourceManager#searchResources method.
Finished calling ResourceManager#searchResources method.
Starts calling TeamManager#findTeams method.
Finished calling TeamManager#findTeams method.
Starts calling ProjectRetrieval#retrieveProject method.
Finished calling ProjectRetrieval#retrieveProject method.
Exits ProjectServicesImpl#getFullProjectData method.
Enters ProjectServicesImpl#getFullProjectData method.
Starts calling PhaseManager#getPhases method.
Finished calling PhaseManager#getPhases method.
Starts calling ProjectManager#getProject method.
Finished calling ProjectManager#getProject method.
Starts calling ResourceManager#searchResources method.
Finished calling ResourceManager#searchResources method.
Starts calling TeamManager#findTeams method.
Finished calling TeamManager#findTeams method.
Starts calling ProjectRetrieval#retrieveProject method.
Finished calling ProjectRetrieval#retrieveProject method.
Exits ProjectServicesImpl#getFullProjectData method.
Enters ProjectServicesImpl#getFullProjectData method.
Starts calling PhaseManager#getPhases method.
Finished calling PhaseManager#getPhases method.
Starts calling ProjectManager#getProject method.
Finished calling ProjectManager#getProject method.
Starts calling ResourceManager#searchResources method.
Finished calling ResourceManager#searchResources method.
Starts calling TeamManager#findTeams method.
Finished calling TeamManager#findTeams method.
Starts calling ProjectRetrieval#retrieveProject method.
Finished calling ProjectRetrieval#retrieveProject method.
Exits ProjectServicesImpl#getFullProjectData method.
Exits ProjectServicesImpl#assembleFullProjectDatas method.
Exits ProjectServicesImpl#findFullProjects method.
Enters ProjectServicesFactory#getProjectServices() method.
Enters ProjectServicesFactory#getProjectServices(String namespace) method.
Exits ProjectServicesFactory#getProjectServices(String namespace) method.
Exits ProjectServicesFactory#getProjectServices() method.
Enters ProjectServicesImpl#findActiveProjects method.
Enters ProjectServicesImpl#findActiveProjectsHeaders method.
Starts calling ProjectManager#searchProjects method.
Finished calling ProjectManager#searchProjects method.
Exits ProjectServicesImpl#findActiveProjectsHeaders method.
Enters ProjectServicesImpl#assembleFullProjectDatas method.
Enters ProjectServicesImpl#getFullProjectData method.
Starts calling PhaseManager#getPhases method.
Finished calling PhaseManager#getPhases method.
Starts calling ProjectManager#getProject method.
Finished calling ProjectManager#getProject method.
Starts calling ResourceManager#searchResources method.
Finished calling ResourceManager#searchResources method.
Starts calling TeamManager#findTeams method.
Finished calling TeamManager#findTeams method.
Starts calling ProjectRetrieval#retrieveProject method.
Finished calling ProjectRetrieval#retrieveProject method.
Exits ProjectServicesImpl#getFullProjectData method.
Enters ProjectServicesImpl#getFullProjectData method.
Starts calling PhaseManager#getPhases method.
Finished calling PhaseManager#getPhases method.
Starts calling ProjectManager#getProject method.
Finished calling ProjectManager#getProject method.
Starts calling ResourceManager#searchResources method.
Finished calling ResourceManager#searchResources method.
Starts calling TeamManager#findTeams method.
Finished calling TeamManager#findTeams method.
Starts calling ProjectRetrieval#retrieveProject method.
Finished calling ProjectRetrieval#retrieveProject method.
Exits ProjectServicesImpl#getFullProjectData method.
Enters ProjectServicesImpl#getFullProjectData method.
Starts calling PhaseManager#getPhases method.
Finished calling PhaseManager#getPhases method.
Starts calling ProjectManager#getProject method.
Finished calling ProjectManager#getProject method.
Starts calling ResourceManager#searchResources method.
Finished calling ResourceManager#searchResources method.
Starts calling TeamManager#findTeams method.
Finished calling TeamManager#findTeams method.
Starts calling ProjectRetrieval#retrieveProject method.
Finished calling ProjectRetrieval#retrieveProject method.
Exits ProjectServicesImpl#getFullProjectData method.
Exits ProjectServicesImpl#assembleFullProjectDatas method.
Exits ProjectServicesImpl#findActiveProjects method.
Enters ProjectServicesFactory#getProjectServices() method.
Enters ProjectServicesFactory#getProjectServices(String namespace) method.
Exits ProjectServicesFactory#getProjectServices(String namespace) method.
Exits ProjectServicesFactory#getProjectServices() method.
Enters ProjectServicesImpl#createProject method.
Starts calling ProjectManager#createProject method.
Finished calling ProjectManager#createProject method.
Starts calling ProjectManager#updatePhases method.
Finished calling ProjectManager#updatePhases method.
Starts calling ResourceManager#updateResources method.
Finished calling ResourceManager#updateResources method.
Exits ProjectServicesImpl#createProject method.
Enters ProjectServicesFactory#getProjectServices() method.
Enters ProjectServicesFactory#getProjectServices(String namespace) method.
Exits ProjectServicesFactory#getProjectServices(String namespace) method.
Exits ProjectServicesFactory#getProjectServices() method.
Enters ProjectServicesImpl#updateProject method.
Starts calling ProjectManager#createProject method.
Finished calling ProjectManager#createProject method.
Starts calling ProjectManager#updateProject method.
Finished calling ProjectManager#updateProject method.
Starts calling PhaseManager#updatePhases method.
Finished calling PhaseManager#updatePhases method.
Starts calling ResourceManager#updateResources method.
Finished calling ResourceManager#updateResources method.
Exits ProjectServicesImpl#updateProject method.
Enters ProjectServicesFactory#getProjectServices(String namespace) method.
ConfigurationException occurred in ProjectServicesFactory#getProjectServices(String namespace) method : The namespace with the name of unknown doesn't exist.
Exits ProjectServicesFactory#getProjectServices(String namespace) method.
Enters ProjectServicesFactory#getProjectServices(String namespace) method.
ConfigurationException occurred in ProjectServicesFactory#getProjectServices(String namespace) method : The namespace with the name of unknown doesn't exist.
Exits ProjectServicesFactory#getProjectServices(String namespace) method.
Enters ProjectServicesFactory#getProjectServices(String namespace) method.
ConfigurationException occurred in ProjectServicesFactory#getProjectServices(String namespace) method : The namespace with the name of unknown doesn't exist.
Exits ProjectServicesFactory#getProjectServices(String namespace) method.
Enters ProjectServicesFactory#getProjectServices(String namespace) method.
ConfigurationException occurred in ProjectServicesFactory#getProjectServices(String namespace) method : The namespace with the name of unknown doesn't exist.
Exits ProjectServicesFactory#getProjectServices(String namespace) method.
Enters ProjectServicesFactory#getProjectServices(String namespace) method.
ConfigurationException occurred in ProjectServicesFactory#getProjectServices(String namespace) method : The namespace with the name of unknown doesn't exist.
Exits ProjectServicesFactory#getProjectServices(String namespace) method.
Enters ProjectServicesFactory#getProjectServices(String namespace) method.
ConfigurationException occurred in ProjectServicesFactory#getProjectServices(String namespace) method : The namespace with the name of unknown doesn't exist.
Exits ProjectServicesFactory#getProjectServices(String namespace) method.
Enters ProjectServicesFactory#getProjectServices(String namespace) method.
ConfigurationException occurred in ProjectServicesFactory#getProjectServices(String namespace) method : The namespace with the name of unknown doesn't exist.
Exits ProjectServicesFactory#getProjectServices(String namespace) method.
]]></system-out>
  <system-err><![CDATA[]]></system-err>
</testsuite>
