<?xml version="1.0" encoding="UTF-8" ?>
<testsuite errors="0" failures="0" hostname="James-PC" name="com.topcoder.management.review.persistence.AllTests" tests="107" time="301.232" timestamp="2010-09-20T16:43:20">
  <properties>
    <property name="component.version.major" value="1" />
    <property name="file.encoding.pkg" value="sun.io" />
    <property name="java.home" value="C:\Program Files\Java\jdk1.6.0_21\jre" />
    <property name="review_data_structure.jar" value="C:\Users\Public\TCSDevelop\tools\tcs/review_data_structure/1.1/review_data_structure.jar" />
    <property name="dist_javadocs" value="build/dist/review_management_persistence-1.1.0/docs/javadocs" />
    <property name="debug" value="off" />
    <property name="build_distdir" value="build/dist" />
    <property name="distfilename" value="review_management_persistence" />
    <property name="component.version.micro" value="0" />
    <property name="component.dist.jar" value="build/dist/review_management_persistence-1.1.0.jar" />
    <property name="java.endorsed.dirs" value="C:\Program Files\Java\jdk1.6.0_21\jre\lib\endorsed" />
    <property name="object_factory.jar" value="C:\Users\Public\TCSDevelop\tools\tcs/object_factory/2.1.2/object_factory.jar" />
    <property name="sun.os.patch.level" value="" />
    <property name="design_dist.jar" value="review_management_persistence_1.1.0_design_dist.jar" />
    <property name="javadocsdir" value="docs/javadocs" />
    <property name="java.vendor.url" value="http://java.sun.com/" />
    <property name="java.version" value="1.6.0_21" />
    <property name="java.vendor.url.bug" value="http://java.sun.com/cgi-bin/bugreport.cgi" />
    <property name="ant.project.invoked-targets" value="dev_submission" />
    <property name="ifxjdbc.jar" value="C:\Users\Public\TCSDevelop\tools/ifxjdbc.jar" />
    <property name="cobertura.datafile" value="log/cobertura.ser" />
    <property name="user.name" value="James" />
    <property name="packagedir" value="com/topcoder/management/review/persistence" />
    <property name="sun.io.unicode.encoding" value="UnicodeLittle" />
    <property name="component_version" value="1.1.0" />
    <property name="sun.jnu.encoding" value="GBK" />
    <property name="java.runtime.name" value="Java(TM) SE Runtime Environment" />
    <property name="target_libdir" value="C:\Users\Public\TCSDevelop\tools\tcs" />
    <property name="reports" value="log/reports" />
    <property name="component.jar" value="build/dist/lib/tcs/review_management_persistence/1.1.0/review_management_persistence.jar" />
    <property name="java.specification.name" value="Java Platform API Specification" />
    <property name="javamain" value="src/java/main" />
    <property name="user.timezone" value="" />
    <property name="component.version.build" value="1" />
    <property name="path.separator" value=";" />
    <property name="srcdir" value="src" />
    <property name="file.encoding" value="GBK" />
    <property name="ldap_sdk_interface.jar" value="C:\Users\Public\TCSDevelop\tools\tcs/ldap_sdk_interface/1.0.2/ldap_sdk_interface.jar" />
    <property name="ant.project.default-target" value="dist" />
    <property name="java_1_4_bootclasspath" value="C:\Program Files\Java\j2re1.4.2_09\lib\rt.jar" />
    <property name="ant.file" value="C:\Users\James\workspaceofJave\rmp14_22\build.xml" />
    <property name="javasrc" value="src/java" />
    <property name="search_builder.jar" value="C:\Users\Public\TCSDevelop\tools\tcs/search_builder/1.4.1/search_builder.jar" />
    <property name="instrumented.dir" value="build/instrumented" />
    <property name="component.target" value="1.5" />
    <property name="component.tests.jar" value="build/dist/lib/tcs/review_management_persistence_tests.jar" />
    <property name="java.io.tmpdir" value="C:\Users\James\AppData\Local\Temp\" />
    <property name="review_management.jar" value="C:\Users\Public\TCSDevelop\tools\tcs/review_management/1.1/review_management.jar" />
    <property name="user.language" value="zh" />
    <property name="manifest_file_path" value="build/dist/review_management_persistence-1.1.0/META-INF/" />
    <property name="line.separator" value="
" />
    <property name="component.name" value="Review management persistence" />
    <property name="ant.file.type" value="file" />
    <property name="verbose" value="no" />
    <property name="manifest_file" value="build/dist/review_management_persistence-1.1.0/META-INF//MANIFEST.MF" />
    <property name="ant.file.TopCoder Java Generic Build" value="C:\Users\James\workspaceofJave\rmp14_22\build.xml" />
    <property name="java.vm.info" value="mixed mode, sharing" />
    <property name="component_path" value="review_management_persistence/1.1.0" />
    <property name="sun.desktop" value="windows" />
    <property name="java.vm.specification.name" value="Java Virtual Machine Specification" />
    <property name="dist_coverage" value="build/dist/review_management_persistence-1.1.0/docs/coverage" />
    <property name="builddir" value="build" />
    <property name="class_associations.jar" value="C:\Users\Public\TCSDevelop\tools\tcs/class_associations/1.0/class_associations.jar" />
    <property name="cobertura.dir" value="C:\Users\Public\TCSDevelop\tools/cobertura/1.9.3" />
    <property name="id_generator.jar" value="C:\Users\Public\TCSDevelop\tools\tcs/id_generator/3.0.2/id_generator.jar" />
    <property name="configuration_manager.jar" value="C:\Users\Public\TCSDevelop\tools\tcs/configuration_manager/2.1.5/configuration_manager.jar" />
    <property name="javac.encoding" value="UTF-8" />
    <property name="java.awt.printerjob" value="sun.awt.windows.WPrinterJob" />
    <property name="dist_lib" value="build/dist/lib/tcs" />
    <property name="junit.jar" value="C:\Users\Public\TCSDevelop\tools/junit/junit-3.8.jar" />
    <property name="configdir" value="conf" />
    <property name="build_tcsdistdir" value="build/dist/review_management_persistence-1.1.0" />
    <property name="ant.file.type.Dependency Import" value="file" />
    <property name="ant.version" value="Apache Ant version 1.8.0RC1 compiled on January 5 2010" />
    <property name="dist_docs" value="build/dist/review_management_persistence-1.1.0/docs" />
    <property name="test_reflib" value="test_reflib" />
    <property name="testlogdir" value="log" />
    <property name="configuration_api.jar" value="C:\Users\Public\TCSDevelop\tools\tcs/configuration_api/1.0.0/configuration_api.jar" />
    <property name="os.name" value="Windows 7" />
    <property name="java.specification.vendor" value="Sun Microsystems Inc." />
    <property name="component.mainclass" value="" />
    <property name="java.vm.name" value="Java HotSpot(TM) Client VM" />
    <property name="java.library.path" value="C:\Program Files\Java\jdk1.6.0_21\jre\bin;.;C:\Windows\Sun\Java\bin;C:\Windows\system32;C:\Windows;C:\Windows\system32;C:\Windows;C:\Windows\System32\Wbem;C:\Windows\System32\WindowsPowerShell\v1.0\;C:\Program Files\ATI Technologies\ATI.ACE\Core-Static;C:\Users\Public\TCSDevelop\tools\ant\bin;C:\PROGRA~1\ibm\gsk7\bin;C:\PROGRA~1\ibm\gsk7\lib;C:\Program Files\IBM\Informix\Client-SDK\bin;C:\Program Files\ibm\gsk7\bin;C:\Program Files\ibm\gsk7\lib;C:\Program Files\Common Files\Thunder Network\KanKan\Codecs" />
    <property name="docpackage.jar" value="review_management_persistence_docs.jar" />
    <property name="ant.java.version" value="1.6" />
    <property name="basedir" value="C:\Users\James\workspaceofJave\rmp14_22" />
    <property name="java.class.version" value="50.0" />
    <property name="ant.home" value="C:\Users\Public\TCSDevelop\tools\ant\bin\.." />
    <property name="java_1_5_bootclasspath" value="C:\Program Files\Java\jre1.5.0_07\lib\rt.jar" />
    <property name="object_factory_configuration_api_plugin.jar" value="C:\Users\Public\TCSDevelop\tools\tcs/object_factory_configuration_api_plugin/1.0.0/object_factory_configuration_api_plugin.jar" />
    <property name="sun.boot.library.path" value="C:\Program Files\Java\jdk1.6.0_21\jre\bin" />
    <property name="ext_libdir" value="C:\Users\Public\TCSDevelop\tools" />
    <property name="sun.management.compiler" value="HotSpot Client Compiler" />
    <property name="java.awt.graphicsenv" value="sun.awt.Win32GraphicsEnvironment" />
    <property name="user.variant" value="" />
    <property name="build_targetclassdir" value="build/targetclasses" />
    <property name="ant.file.type.TopCoder Java Generic Build" value="file" />
    <property name="docsdir" value="docs" />
    <property name="dev_dist.jar" value="review_management_persistence_1.1.0_dev_dist.jar" />
    <property name="ant.project.name" value="TopCoder Java Generic Build" />
    <property name="component.version.minor" value="1" />
    <property name="java.vm.specification.version" value="1.0" />
    <property name="component.bootclasspath" value="C:\Program Files\Java\jre1.5.0_07\lib\rt.jar" />
    <property name="awt.toolkit" value="sun.awt.windows.WToolkit" />
    <property name="sun.cpu.isalist" value="pentium_pro+mmx pentium_pro pentium+mmx pentium i486 i386 i86" />
    <property name="build_javadocsdir" value="build/docs/javadocs" />
    <property name="java.ext.dirs" value="C:\Program Files\Java\jdk1.6.0_21\jre\lib\ext;C:\Windows\Sun\Java\lib\ext" />
    <property name="os.version" value="6.1" />
    <property name="user.home" value="C:\Users\James" />
    <property name="javadoc.jar" value="javadocs.jar" />
    <property name="libdir" value="../tcs/lib" />
    <property name="build_classdir" value="build/classes" />
    <property name="java.vm.vendor" value="Sun Microsystems Inc." />
    <property name="component.distfilename" value="review_management_persistence" />
    <property name="component.package" value="com.topcoder.management.review.persistence" />
    <property name="build_testclassdir" value="build/testClasses" />
    <property name="package" value="com.topcoder.management.review.persistence" />
    <property name="typesafe_enum.jar" value="C:\Users\Public\TCSDevelop\tools\tcs/typesafe_enum/1.0/typesafe_enum.jar" />
    <property name="base_exception.jar" value="C:\Users\Public\TCSDevelop\tools\tcs/base_exception/1.0/base_exception.jar" />
    <property name="user.dir" value="C:\Users\James\workspaceofJave\rmp14_22" />
    <property name="component.packagedir" value="com/topcoder/management/review/persistence" />
    <property name="data_validation.jar" value="C:\Users\Public\TCSDevelop\tools\tcs/data_validation/1.1.1/data_validation.jar" />
    <property name="sun.cpu.endian" value="little" />
    <property name="ant.file.Dependency Import" value="C:\Users\James\workspaceofJave\rmp14_22\build-dependencies.xml" />
    <property name="dist_docpackage" value="build/doc_package" />
    <property name="java.vm.version" value="17.0-b16" />
    <property name="java.class.path" value="C:\Users\James\workspaceofJave\rmp14_22\build\testClasses;C:\Users\Public\TCSDevelop\tools\ifxjdbc.jar;C:\Users\Public\TCSDevelop\tools\junit\junit-3.8.jar;C:\Users\Public\TCSDevelop\tools\tcs\search_builder\1.4.1\search_builder.jar;C:\Users\Public\TCSDevelop\tools\tcs\database_abstraction\1.1.1\database_abstraction.jar;C:\Users\Public\TCSDevelop\tools\tcs\object_factory_config_manager_plugin\1.0.0\object_factory_config_manager_plugin.jar;C:\Users\Public\TCSDevelop\tools\tcs\ldap_sdk_interface\1.0.2\ldap_sdk_interface.jar;C:\Users\Public\TCSDevelop\tools\tcs\object_factory\2.1.2\object_factory.jar;C:\Users\Public\TCSDevelop\tools\tcs\object_factory_configuration_api_plugin\1.0.0\object_factory_configuration_api_plugin.jar;C:\Users\Public\TCSDevelop\tools\tcs\configuration_api\1.0.0\configuration_api.jar;C:\Users\Public\TCSDevelop\tools\tcs\data_validation\1.1.1\data_validation.jar;C:\Users\Public\TCSDevelop\tools\tcs\id_generator\3.0.2\id_generator.jar;C:\Users\Public\TCSDevelop\tools\tcs\db_connection_factory\1.1\db_connection_factory.jar;C:\Users\Public\TCSDevelop\tools\tcs\configuration_manager\2.1.5\configuration_manager.jar;C:\Users\Public\TCSDevelop\tools\tcs\logging_wrapper\1.2\logging_wrapper.jar;C:\Users\Public\TCSDevelop\tools\tcs\typesafe_enum\1.0\typesafe_enum.jar;C:\Users\Public\TCSDevelop\tools\tcs\class_associations\1.0\class_associations.jar;C:\Users\Public\TCSDevelop\tools\tcs\base_exception\1.0\base_exception.jar;C:\Users\Public\TCSDevelop\tools\tcs\review_data_structure\1.1\review_data_structure.jar;C:\Users\Public\TCSDevelop\tools\tcs\review_management\1.1\review_management.jar;C:\Users\James\workspaceofJave\rmp14_22\build\classes;C:\Users\James\workspaceofJave\rmp14_22\test_files;C:\Users\James\workspaceofJave\rmp14_22\conf;C:\Users\Public\TCSDevelop\tools\ant\lib\junit.jar;C:\Users\Public\TCSDevelop\tools\ant\lib\ant-launcher.jar;C:\Users\Public\TCSDevelop\tools\ant\lib\ant.jar;C:\Users\Public\TCSDevelop\tools\ant\lib\ant-junit.jar" />
    <property name="dev_submission.jar" value="review_management_persistence_1.1.0_dev_submission.jar" />
    <property name="database_abstraction.jar" value="C:\Users\Public\TCSDevelop\tools\tcs/database_abstraction/1.1.1/database_abstraction.jar" />
    <property name="ant.library.dir" value="C:\Users\Public\TCSDevelop\tools\ant\lib" />
    <property name="os.arch" value="x86" />
    <property name="sun.java.launcher" value="SUN_STANDARD" />
    <property name="object_factory_config_manager_plugin.jar" value="C:\Users\Public\TCSDevelop\tools\tcs/object_factory_config_manager_plugin/1.0.0/object_factory_config_manager_plugin.jar" />
    <property name="ant.core.lib" value="C:\Users\Public\TCSDevelop\tools\ant\lib\ant.jar" />
    <property name="java.vm.specification.vendor" value="Sun Microsystems Inc." />
    <property name="file.separator" value="\" />
    <property name="java.runtime.version" value="1.6.0_21-b06" />
    <property name="build_docsdir" value="build/docs" />
    <property name="sun.boot.class.path" value="C:\Program Files\Java\jdk1.6.0_21\jre\lib\resources.jar;C:\Program Files\Java\jdk1.6.0_21\jre\lib\rt.jar;C:\Program Files\Java\jdk1.6.0_21\jre\lib\sunrsasign.jar;C:\Program Files\Java\jdk1.6.0_21\jre\lib\jsse.jar;C:\Program Files\Java\jdk1.6.0_21\jre\lib\jce.jar;C:\Program Files\Java\jdk1.6.0_21\jre\lib\charsets.jar;C:\Program Files\Java\jdk1.6.0_21\jre\classes" />
    <property name="javadoc.locale" value="en_US" />
    <property name="design_submission.jar" value="review_management_persistence_1.1.0_design_submission.jar" />
    <property name="user.country" value="CN" />
    <property name="tcs_libdir" value="C:\Users\Public\TCSDevelop\tools\tcs" />
    <property name="component" value="Review management persistence" />
    <property name="logging_wrapper.jar" value="C:\Users\Public\TCSDevelop\tools\tcs/logging_wrapper/1.2/logging_wrapper.jar" />
    <property name="java.vendor" value="Sun Microsystems Inc." />
    <property name="java_1_6_bootclasspath" value="C:\Program Files\Java\jdk1.6.0_21\jre\lib\rt.jar" />
    <property name="db_connection_factory.jar" value="C:\Users\Public\TCSDevelop\tools\tcs/db_connection_factory/1.1/db_connection_factory.jar" />
    <property name="java.specification.version" value="1.6" />
    <property name="testfiles" value="test_files" />
    <property name="sun.arch.data.model" value="32" />
    <property name="javatests" value="src/java/tests" />
  </properties>
  <testcase classname="com.topcoder.management.review.persistence.InformixReviewPersistenceTest" name="testAccuracyConstructorA1" time="8.561" />
  <testcase classname="com.topcoder.management.review.persistence.InformixReviewPersistenceTest" name="testFailureConstructorA1" time="0.902" />
  <testcase classname="com.topcoder.management.review.persistence.InformixReviewPersistenceTest" name="testFailureConstructorA2" time="0.868" />
  <testcase classname="com.topcoder.management.review.persistence.InformixReviewPersistenceTest" name="testFailureConstructorA3" time="1.443" />
  <testcase classname="com.topcoder.management.review.persistence.InformixReviewPersistenceTest" name="testFailureConstructorA4" time="5.395" />
  <testcase classname="com.topcoder.management.review.persistence.InformixReviewPersistenceTest" name="testAccuracyConstructorB1" time="6.494" />
  <testcase classname="com.topcoder.management.review.persistence.InformixReviewPersistenceTest" name="testFailureConstructorB1" time="3.026" />
  <testcase classname="com.topcoder.management.review.persistence.InformixReviewPersistenceTest" name="testAccuracyConstructorC1" time="1.988" />
  <testcase classname="com.topcoder.management.review.persistence.InformixReviewPersistenceTest" name="testFailureConstructorC1" time="1.449" />
  <testcase classname="com.topcoder.management.review.persistence.InformixReviewPersistenceTest" name="testFailureConstructorC2" time="1.792" />
  <testcase classname="com.topcoder.management.review.persistence.InformixReviewPersistenceTest" name="testFailureConstructorC3" time="2.171" />
  <testcase classname="com.topcoder.management.review.persistence.InformixReviewPersistenceTest" name="testFailureConstructorC4" time="1.338" />
  <testcase classname="com.topcoder.management.review.persistence.InformixReviewPersistenceTest" name="testFailureConstructorC5" time="2.027" />
  <testcase classname="com.topcoder.management.review.persistence.InformixReviewPersistenceTest" name="testFailureConstructorC6" time="0.967" />
  <testcase classname="com.topcoder.management.review.persistence.InformixReviewPersistenceTest" name="testFailureConstructorC7" time="1.154" />
  <testcase classname="com.topcoder.management.review.persistence.InformixReviewPersistenceTest" name="testFailureConstructorC8" time="1.319" />
  <testcase classname="com.topcoder.management.review.persistence.InformixReviewPersistenceTest" name="testFailureConstructorC9" time="1.072" />
  <testcase classname="com.topcoder.management.review.persistence.InformixReviewPersistenceTest" name="testFailureConstructorC10" time="1.989" />
  <testcase classname="com.topcoder.management.review.persistence.InformixReviewPersistenceTest" name="testFailureConstructorC11" time="6.287" />
  <testcase classname="com.topcoder.management.review.persistence.InformixReviewPersistenceTest" name="testFailureConstructorC13" time="3.132" />
  <testcase classname="com.topcoder.management.review.persistence.InformixReviewPersistenceTest" name="testFailureConstructorC14" time="2.466" />
  <testcase classname="com.topcoder.management.review.persistence.InformixReviewPersistenceTest" name="testFailureConstructorC15" time="2.183" />
  <testcase classname="com.topcoder.management.review.persistence.InformixReviewPersistenceTest" name="testFailureConstructorC16" time="3.441" />
  <testcase classname="com.topcoder.management.review.persistence.InformixReviewPersistenceTest" name="testFailureConstructorC17" time="1.575" />
  <testcase classname="com.topcoder.management.review.persistence.InformixReviewPersistenceTest" name="testFailureConstructorC18" time="2.072" />
  <testcase classname="com.topcoder.management.review.persistence.InformixReviewPersistenceTest" name="testFailureConstructorC19" time="2.522" />
  <testcase classname="com.topcoder.management.review.persistence.InformixReviewPersistenceTest" name="testAccuracyCreateReview1" time="12.253" />
  <testcase classname="com.topcoder.management.review.persistence.InformixReviewPersistenceTest" name="testAccuracyCreateReview2" time="8.027" />
  <testcase classname="com.topcoder.management.review.persistence.InformixReviewPersistenceTest" name="testFailureCreateReview1" time="1.742" />
  <testcase classname="com.topcoder.management.review.persistence.InformixReviewPersistenceTest" name="testFailureCreateReview2" time="1.512" />
  <testcase classname="com.topcoder.management.review.persistence.InformixReviewPersistenceTest" name="testFailureCreateReview3" time="0.879" />
  <testcase classname="com.topcoder.management.review.persistence.InformixReviewPersistenceTest" name="testFailureCreateReview4" time="0.884" />
  <testcase classname="com.topcoder.management.review.persistence.InformixReviewPersistenceTest" name="testFailureCreateReview6" time="0.912" />
  <testcase classname="com.topcoder.management.review.persistence.InformixReviewPersistenceTest" name="testFailureCreateReview7" time="0.965" />
  <testcase classname="com.topcoder.management.review.persistence.InformixReviewPersistenceTest" name="testFailureCreateReview8" time="0.964" />
  <testcase classname="com.topcoder.management.review.persistence.InformixReviewPersistenceTest" name="testFailureCreateReview9" time="1.058" />
  <testcase classname="com.topcoder.management.review.persistence.InformixReviewPersistenceTest" name="testFailureCreateReview10" time="1.137" />
  <testcase classname="com.topcoder.management.review.persistence.InformixReviewPersistenceTest" name="testFailureCreateReview11" time="1.002" />
  <testcase classname="com.topcoder.management.review.persistence.InformixReviewPersistenceTest" name="testFailureCreateReview12" time="1.342" />
  <testcase classname="com.topcoder.management.review.persistence.InformixReviewPersistenceTest" name="testFailureCreateReview13" time="0.977" />
  <testcase classname="com.topcoder.management.review.persistence.InformixReviewPersistenceTest" name="testFailureCreateReview14" time="0.881" />
  <testcase classname="com.topcoder.management.review.persistence.InformixReviewPersistenceTest" name="testFailureCreateReview15" time="1.16" />
  <testcase classname="com.topcoder.management.review.persistence.InformixReviewPersistenceTest" name="testFailureCreateReview16" time="1.398" />
  <testcase classname="com.topcoder.management.review.persistence.InformixReviewPersistenceTest" name="testFailureCreateReview17" time="1.06" />
  <testcase classname="com.topcoder.management.review.persistence.InformixReviewPersistenceTest" name="testFailureCreateReview18" time="1.264" />
  <testcase classname="com.topcoder.management.review.persistence.InformixReviewPersistenceTest" name="testFailureCreateReview19" time="5.807" />
  <testcase classname="com.topcoder.management.review.persistence.InformixReviewPersistenceTest" name="testFailureCreateReview20" time="5.946" />
  <testcase classname="com.topcoder.management.review.persistence.InformixReviewPersistenceTest" name="testFailureCreateReview21" time="2.16" />
  <testcase classname="com.topcoder.management.review.persistence.InformixReviewPersistenceTest" name="testFailureCreateReview22" time="3.232" />
  <testcase classname="com.topcoder.management.review.persistence.InformixReviewPersistenceTest" name="testFailureCreateReview23" time="2.198" />
  <testcase classname="com.topcoder.management.review.persistence.InformixReviewPersistenceTest" name="testFailureCreateReview24" time="1.983" />
  <testcase classname="com.topcoder.management.review.persistence.InformixReviewPersistenceTest" name="testFailureCreateReview25" time="3.884" />
  <testcase classname="com.topcoder.management.review.persistence.InformixReviewPersistenceTest" name="testFailureCreateReview26" time="3.9" />
  <testcase classname="com.topcoder.management.review.persistence.InformixReviewPersistenceTest" name="testAccuracyUpdateReview1" time="6.209" />
  <testcase classname="com.topcoder.management.review.persistence.InformixReviewPersistenceTest" name="testAccuracyUpdateReview2" time="11.477" />
  <testcase classname="com.topcoder.management.review.persistence.InformixReviewPersistenceTest" name="testFailureUpdateReview1" time="1.443" />
  <testcase classname="com.topcoder.management.review.persistence.InformixReviewPersistenceTest" name="testFailureUpdateReview2" time="0.803" />
  <testcase classname="com.topcoder.management.review.persistence.InformixReviewPersistenceTest" name="testFailureUpdateReview3" time="1.322" />
  <testcase classname="com.topcoder.management.review.persistence.InformixReviewPersistenceTest" name="testFailureUpdateReview4" time="1.135" />
  <testcase classname="com.topcoder.management.review.persistence.InformixReviewPersistenceTest" name="testFailureUpdateReview5" time="1.395" />
  <testcase classname="com.topcoder.management.review.persistence.InformixReviewPersistenceTest" name="testFailureUpdateReview7" time="2.447" />
  <testcase classname="com.topcoder.management.review.persistence.InformixReviewPersistenceTest" name="testFailureUpdateReview8" time="5.057" />
  <testcase classname="com.topcoder.management.review.persistence.InformixReviewPersistenceTest" name="testFailureUpdateReview9" time="2.647" />
  <testcase classname="com.topcoder.management.review.persistence.InformixReviewPersistenceTest" name="testFailureUpdateReview10" time="1.281" />
  <testcase classname="com.topcoder.management.review.persistence.InformixReviewPersistenceTest" name="testFailureUpdateReview11" time="1.12" />
  <testcase classname="com.topcoder.management.review.persistence.InformixReviewPersistenceTest" name="testFailureUpdateReview12" time="1.701" />
  <testcase classname="com.topcoder.management.review.persistence.InformixReviewPersistenceTest" name="testFailureUpdateReview13" time="1.016" />
  <testcase classname="com.topcoder.management.review.persistence.InformixReviewPersistenceTest" name="testFailureUpdateReview14" time="1.117" />
  <testcase classname="com.topcoder.management.review.persistence.InformixReviewPersistenceTest" name="testFailureUpdateReview15" time="1.628" />
  <testcase classname="com.topcoder.management.review.persistence.InformixReviewPersistenceTest" name="testFailureUpdateReview16" time="1.793" />
  <testcase classname="com.topcoder.management.review.persistence.InformixReviewPersistenceTest" name="testFailureUpdateReview17" time="0.977" />
  <testcase classname="com.topcoder.management.review.persistence.InformixReviewPersistenceTest" name="testFailureUpdateReview18" time="1.928" />
  <testcase classname="com.topcoder.management.review.persistence.InformixReviewPersistenceTest" name="testFailureUpdateReview19" time="1.656" />
  <testcase classname="com.topcoder.management.review.persistence.InformixReviewPersistenceTest" name="testFailureUpdateReview20" time="1.95" />
  <testcase classname="com.topcoder.management.review.persistence.InformixReviewPersistenceTest" name="testFailureUpdateReview21" time="1.338" />
  <testcase classname="com.topcoder.management.review.persistence.InformixReviewPersistenceTest" name="testFailureUpdateReview22" time="1.345" />
  <testcase classname="com.topcoder.management.review.persistence.InformixReviewPersistenceTest" name="testFailureUpdateReview23" time="0.99" />
  <testcase classname="com.topcoder.management.review.persistence.InformixReviewPersistenceTest" name="testFailureUpdateReview24" time="4.063" />
  <testcase classname="com.topcoder.management.review.persistence.InformixReviewPersistenceTest" name="testFailureUpdateReview25" time="1.98" />
  <testcase classname="com.topcoder.management.review.persistence.InformixReviewPersistenceTest" name="testFailureUpdateReview26" time="1.879" />
  <testcase classname="com.topcoder.management.review.persistence.InformixReviewPersistenceTest" name="testFailureUpdateReview27" time="2.806" />
  <testcase classname="com.topcoder.management.review.persistence.InformixReviewPersistenceTest" name="testAccuracyGetReview1" time="5.734" />
  <testcase classname="com.topcoder.management.review.persistence.InformixReviewPersistenceTest" name="testFailureGetReview1" time="1.526" />
  <testcase classname="com.topcoder.management.review.persistence.InformixReviewPersistenceTest" name="testFailureGetReview2" time="1.172" />
  <testcase classname="com.topcoder.management.review.persistence.InformixReviewPersistenceTest" name="testAccuracyGetAllCommentTypes" time="0.983" />
  <testcase classname="com.topcoder.management.review.persistence.InformixReviewPersistenceTest" name="testAccuracyGetAllEvaluationTypes" time="1.895" />
  <testcase classname="com.topcoder.management.review.persistence.InformixReviewPersistenceTest" name="test_getAllEvaluationTypes" time="1.492" />
  <testcase classname="com.topcoder.management.review.persistence.InformixReviewPersistenceTest" name="testAccuracyAddReviewComment1" time="3.84" />
  <testcase classname="com.topcoder.management.review.persistence.InformixReviewPersistenceTest" name="testFailureAddReviewComment1" time="3.223" />
  <testcase classname="com.topcoder.management.review.persistence.InformixReviewPersistenceTest" name="testFailureAddReviewComment2" time="3.226" />
  <testcase classname="com.topcoder.management.review.persistence.InformixReviewPersistenceTest" name="testFailureAddReviewComment3" time="4.455" />
  <testcase classname="com.topcoder.management.review.persistence.InformixReviewPersistenceTest" name="testFailureAddReviewComment4" time="5.852" />
  <testcase classname="com.topcoder.management.review.persistence.InformixReviewPersistenceTest" name="testFailureAddReviewComment5" time="1.475" />
  <testcase classname="com.topcoder.management.review.persistence.InformixReviewPersistenceTest" name="testAccuracyAddItemComment1" time="3.852" />
  <testcase classname="com.topcoder.management.review.persistence.InformixReviewPersistenceTest" name="testFailureAddItemComment1" time="3.812" />
  <testcase classname="com.topcoder.management.review.persistence.InformixReviewPersistenceTest" name="testFailureAddItemComment2" time="3.849" />
  <testcase classname="com.topcoder.management.review.persistence.InformixReviewPersistenceTest" name="testFailureAddItemComment3" time="3.357" />
  <testcase classname="com.topcoder.management.review.persistence.InformixReviewPersistenceTest" name="testFailureAddItemComment4" time="2.81" />
  <testcase classname="com.topcoder.management.review.persistence.InformixReviewPersistenceTest" name="testFailureAddItemComment5" time="0.997" />
  <testcase classname="com.topcoder.management.review.persistence.InformixReviewPersistenceTest" name="testAccuracySearchReviews1" time="7.243" />
  <testcase classname="com.topcoder.management.review.persistence.InformixReviewPersistenceTest" name="testAccuracySearchReviews2" time="7.857" />
  <testcase classname="com.topcoder.management.review.persistence.InformixReviewPersistenceTest" name="testAccuracySearchReviews3" time="6.846" />
  <testcase classname="com.topcoder.management.review.persistence.InformixReviewPersistenceTest" name="testAccuracySearchReviews4" time="5.994" />
  <testcase classname="com.topcoder.management.review.persistence.InformixReviewPersistenceTest" name="testAccuracySearchReviews5" time="8.102" />
  <testcase classname="com.topcoder.management.review.persistence.InformixReviewPersistenceTest" name="testFailureSearchReviews1" time="1.9" />
  <testcase classname="com.topcoder.management.review.persistence.DemoTest" name="testCreation" time="1.704" />
  <testcase classname="com.topcoder.management.review.persistence.DemoTest" name="testCreateReivew" time="5.943" />
  <system-out><![CDATA[]]></system-out>
  <system-err><![CDATA[Instantiate InformixReviewPersistence with given dbFactory, connectionName and searchBundle
Instantiate InformixReviewPersistence from the namespace:com.topcoder.management.review.persistence.InformixReviewPersistence
Read required propery[connection.name] with value[informix_connection] from namespace [com.topcoder.management.review.persistence.InformixReviewPersistence].
Read required propery[connection.factory_class] with value[com.topcoder.db.connectionfactory.DBConnectionFactoryImpl] from namespace [com.topcoder.management.review.persistence.InformixReviewPersistence].
Read required propery[connection.factory_namespace] with value[com.topcoder.db.connectionfactory.DBConnectionFactoryImpl] from namespace [com.topcoder.management.review.persistence.InformixReviewPersistence].
Read required propery[search_bundle_manager_namespace] with value[com.topcoder.search.builder.SearchBundleManager] from namespace [com.topcoder.management.review.persistence.InformixReviewPersistence].
Read required propery[search_bundle_name] with value[ReviewSearchBundle] from namespace [com.topcoder.management.review.persistence.InformixReviewPersistence].
Instantiate InformixReviewPersistence from the namespace:com.topcoder.management.review.persistence.InformixReviewPersistence
Configuration namespace [com.topcoder.management.review.persistence.InformixReviewPersistence] does not exist.
Instantiate InformixReviewPersistence from the namespace:InformixReviewPersistence.CustomNamespace
Read required propery[connection.name] with value[informix_connection] from namespace [InformixReviewPersistence.CustomNamespace].
Read required propery[connection.factory_class] with value[com.topcoder.db.connectionfactory.DBConnectionFactoryImpl] from namespace [InformixReviewPersistence.CustomNamespace].
Read required propery[connection.factory_namespace] with value[com.topcoder.db.connectionfactory.DBConnectionFactoryImpl] from namespace [InformixReviewPersistence.CustomNamespace].
Read required propery[search_bundle_manager_namespace] with value[com.topcoder.search.builder.SearchBundleManager] from namespace [InformixReviewPersistence.CustomNamespace].
Read required propery[search_bundle_name] with value[ReviewSearchBundle] from namespace [InformixReviewPersistence.CustomNamespace].
Instantiate InformixReviewPersistence from the namespace:do_not_exist
Configuration namespace [do_not_exist] does not exist.
Instantiate InformixReviewPersistence from the namespace:InformixReviewPersistence.CustomNamespace.NoConnectionName
Configuration parameter [connection.name] under namespace [InformixReviewPersistence.CustomNamespace.NoConnectionName] is not specified.
Instantiate InformixReviewPersistence from the namespace:InformixReviewPersistence.CustomNamespace.EmptyConnectionName
Configuration parameter [connection.name] under namespace [InformixReviewPersistence.CustomNamespace.EmptyConnectionName] is empty (trimmed).
Instantiate InformixReviewPersistence from the namespace:InformixReviewPersistence.CustomNamespace.NoFactoryNamespace
Read required propery[connection.name] with value[informix_connection] from namespace [InformixReviewPersistence.CustomNamespace.NoFactoryNamespace].
Read required propery[connection.factory_class] with value[com.topcoder.db.connectionfactory.DBConnectionFactoryImpl] from namespace [InformixReviewPersistence.CustomNamespace.NoFactoryNamespace].
Configuration parameter [connection.factory_namespace] under namespace [InformixReviewPersistence.CustomNamespace.NoFactoryNamespace] is not specified.
Instantiate InformixReviewPersistence from the namespace:InformixReviewPersistence.CustomNamespace.EmptyFactoryNamespace
Read required propery[connection.name] with value[informix_connection] from namespace [InformixReviewPersistence.CustomNamespace.EmptyFactoryNamespace].
Read required propery[connection.factory_class] with value[com.topcoder.db.connectionfactory.DBConnectionFactoryImpl] from namespace [InformixReviewPersistence.CustomNamespace.EmptyFactoryNamespace].
Configuration parameter [connection.factory_namespace] under namespace [InformixReviewPersistence.CustomNamespace.EmptyFactoryNamespace] is empty (trimmed).
Instantiate InformixReviewPersistence from the namespace:InformixReviewPersistence.CustomNamespace.NoFactoryClass
Read required propery[connection.name] with value[informix_connection] from namespace [InformixReviewPersistence.CustomNamespace.NoFactoryClass].
Configuration parameter [connection.factory_class] under namespace [InformixReviewPersistence.CustomNamespace.NoFactoryClass] is not specified.
Instantiate InformixReviewPersistence from the namespace:InformixReviewPersistence.CustomNamespace.EmptyFactoryClass
Read required propery[connection.name] with value[informix_connection] from namespace [InformixReviewPersistence.CustomNamespace.EmptyFactoryClass].
Configuration parameter [connection.factory_class] under namespace [InformixReviewPersistence.CustomNamespace.EmptyFactoryClass] is empty (trimmed).
Instantiate InformixReviewPersistence from the namespace:InformixReviewPersistence.CustomNamespace.NonExistFactoryNamespace
Read required propery[connection.name] with value[informix_connection] from namespace [InformixReviewPersistence.CustomNamespace.NonExistFactoryNamespace].
Read required propery[connection.factory_class] with value[com.topcoder.db.connectionfactory.DBConnectionFactoryImpl] from namespace [InformixReviewPersistence.CustomNamespace.NonExistFactoryNamespace].
Read required propery[connection.factory_namespace] with value[do_not_exist] from namespace [InformixReviewPersistence.CustomNamespace.NonExistFactoryNamespace].
Error occurs when invoking the constructor of class [com.topcoder.db.connectionfactory.DBConnectionFactoryImpl].
java.lang.reflect.InvocationTargetException
	at sun.reflect.NativeConstructorAccessorImpl.newInstance0(Native Method)
	at sun.reflect.NativeConstructorAccessorImpl.newInstance(NativeConstructorAccessorImpl.java:39)
	at sun.reflect.DelegatingConstructorAccessorImpl.newInstance(DelegatingConstructorAccessorImpl.java:27)
	at java.lang.reflect.Constructor.newInstance(Constructor.java:513)
	at com.topcoder.management.review.persistence.InformixReviewPersistence.createDBConnectionFactory(InformixReviewPersistence.java:499)
	at com.topcoder.management.review.persistence.InformixReviewPersistence.<init>(InformixReviewPersistence.java:408)
	at com.topcoder.management.review.persistence.InformixReviewPersistenceTest.testFailureConstructorC10(InformixReviewPersistenceTest.java:680)
	at sun.reflect.NativeMethodAccessorImpl.invoke0(Native Method)
	at sun.reflect.NativeMethodAccessorImpl.invoke(NativeMethodAccessorImpl.java:39)
	at sun.reflect.DelegatingMethodAccessorImpl.invoke(DelegatingMethodAccessorImpl.java:25)
	at java.lang.reflect.Method.invoke(Method.java:597)
	at junit.framework.TestCase.runTest(TestCase.java:164)
	at junit.framework.TestCase.runBare(TestCase.java:130)
	at junit.framework.TestResult$1.protect(TestResult.java:106)
	at junit.framework.TestResult.runProtected(TestResult.java:124)
	at junit.framework.TestResult.run(TestResult.java:109)
	at junit.framework.TestCase.run(TestCase.java:120)
	at junit.framework.TestSuite.runTest(TestSuite.java:230)
	at junit.framework.TestSuite.run(TestSuite.java:225)
	at junit.framework.TestSuite.runTest(TestSuite.java:230)
	at junit.framework.TestSuite.run(TestSuite.java:225)
	at junit.framework.TestSuite.runTest(TestSuite.java:230)
	at junit.framework.TestSuite.run(TestSuite.java:225)
	at org.apache.tools.ant.taskdefs.optional.junit.JUnitTestRunner.run(JUnitTestRunner.java:421)
	at org.apache.tools.ant.taskdefs.optional.junit.JUnitTestRunner.launch(JUnitTestRunner.java:928)
	at org.apache.tools.ant.taskdefs.optional.junit.JUnitTestRunner.main(JUnitTestRunner.java:784)
Caused by: com.topcoder.db.connectionfactory.ConfigurationException: Error occurs in the ConfigManager- , caused by The namespace is not defined in the ConfigManager.
	at com.topcoder.db.connectionfactory.DBConnectionFactoryImpl.<init>(DBConnectionFactoryImpl.java:270)
	... 26 more
Caused by: com.topcoder.util.config.UnknownNamespaceException: The namespace is not defined in the ConfigManager.
	at com.topcoder.db.connectionfactory.DBConnectionFactoryImpl.<init>(DBConnectionFactoryImpl.java:233)
	... 26 more

Instantiate InformixReviewPersistence from the namespace:InformixReviewPersistence.CustomNamespace.NonExistFactoryClass
Read required propery[connection.name] with value[informix_connection] from namespace [InformixReviewPersistence.CustomNamespace.NonExistFactoryClass].
Read required propery[connection.factory_class] with value[do_not_exist] from namespace [InformixReviewPersistence.CustomNamespace.NonExistFactoryClass].
Read required propery[connection.factory_namespace] with value[com.topcoder.db.connectionfactory.DBConnectionFactoryImpl] from namespace [InformixReviewPersistence.CustomNamespace.NonExistFactoryClass].
Unable to find class [do_not_exist].
java.lang.ClassNotFoundException: do_not_exist
	at java.net.URLClassLoader$1.run(URLClassLoader.java:202)
	at java.security.AccessController.doPrivileged(Native Method)
	at java.net.URLClassLoader.findClass(URLClassLoader.java:190)
	at java.lang.ClassLoader.loadClass(ClassLoader.java:307)
	at sun.misc.Launcher$AppClassLoader.loadClass(Launcher.java:301)
	at java.lang.ClassLoader.loadClass(ClassLoader.java:248)
	at java.lang.Class.forName0(Native Method)
	at java.lang.Class.forName(Class.java:169)
	at com.topcoder.management.review.persistence.InformixReviewPersistence.createDBConnectionFactory(InformixReviewPersistence.java:499)
	at com.topcoder.management.review.persistence.InformixReviewPersistence.<init>(InformixReviewPersistence.java:408)
	at com.topcoder.management.review.persistence.InformixReviewPersistenceTest.testFailureConstructorC11(InformixReviewPersistenceTest.java:702)
	at sun.reflect.NativeMethodAccessorImpl.invoke0(Native Method)
	at sun.reflect.NativeMethodAccessorImpl.invoke(NativeMethodAccessorImpl.java:39)
	at sun.reflect.DelegatingMethodAccessorImpl.invoke(DelegatingMethodAccessorImpl.java:25)
	at java.lang.reflect.Method.invoke(Method.java:597)
	at junit.framework.TestCase.runTest(TestCase.java:164)
	at junit.framework.TestCase.runBare(TestCase.java:130)
	at junit.framework.TestResult$1.protect(TestResult.java:106)
	at junit.framework.TestResult.runProtected(TestResult.java:124)
	at junit.framework.TestResult.run(TestResult.java:109)
	at junit.framework.TestCase.run(TestCase.java:120)
	at junit.framework.TestSuite.runTest(TestSuite.java:230)
	at junit.framework.TestSuite.run(TestSuite.java:225)
	at junit.framework.TestSuite.runTest(TestSuite.java:230)
	at junit.framework.TestSuite.run(TestSuite.java:225)
	at junit.framework.TestSuite.runTest(TestSuite.java:230)
	at junit.framework.TestSuite.run(TestSuite.java:225)
	at org.apache.tools.ant.taskdefs.optional.junit.JUnitTestRunner.run(JUnitTestRunner.java:421)
	at org.apache.tools.ant.taskdefs.optional.junit.JUnitTestRunner.launch(JUnitTestRunner.java:928)
	at org.apache.tools.ant.taskdefs.optional.junit.JUnitTestRunner.main(JUnitTestRunner.java:784)

Instantiate InformixReviewPersistence from the namespace:InformixReviewPersistence.CustomNamespace.InvalidFactoryClass1
Read required propery[connection.name] with value[informix_connection] from namespace [InformixReviewPersistence.CustomNamespace.InvalidFactoryClass1].
Read required propery[connection.factory_class] with value[java.util.ArrayList] from namespace [InformixReviewPersistence.CustomNamespace.InvalidFactoryClass1].
Read required propery[connection.factory_namespace] with value[com.topcoder.db.connectionfactory.DBConnectionFactoryImpl] from namespace [InformixReviewPersistence.CustomNamespace.InvalidFactoryClass1].
Unable to find the constructor with one String parameter of class [java.util.ArrayList].
java.lang.NoSuchMethodException: java.util.ArrayList.<init>(java.lang.String)
	at java.lang.Class.getConstructor0(Class.java:2706)
	at java.lang.Class.getConstructor(Class.java:1657)
	at com.topcoder.management.review.persistence.InformixReviewPersistence.createDBConnectionFactory(InformixReviewPersistence.java:499)
	at com.topcoder.management.review.persistence.InformixReviewPersistence.<init>(InformixReviewPersistence.java:408)
	at com.topcoder.management.review.persistence.InformixReviewPersistenceTest.testFailureConstructorC13(InformixReviewPersistenceTest.java:722)
	at sun.reflect.NativeMethodAccessorImpl.invoke0(Native Method)
	at sun.reflect.NativeMethodAccessorImpl.invoke(NativeMethodAccessorImpl.java:39)
	at sun.reflect.DelegatingMethodAccessorImpl.invoke(DelegatingMethodAccessorImpl.java:25)
	at java.lang.reflect.Method.invoke(Method.java:597)
	at junit.framework.TestCase.runTest(TestCase.java:164)
	at junit.framework.TestCase.runBare(TestCase.java:130)
	at junit.framework.TestResult$1.protect(TestResult.java:106)
	at junit.framework.TestResult.runProtected(TestResult.java:124)
	at junit.framework.TestResult.run(TestResult.java:109)
	at junit.framework.TestCase.run(TestCase.java:120)
	at junit.framework.TestSuite.runTest(TestSuite.java:230)
	at junit.framework.TestSuite.run(TestSuite.java:225)
	at junit.framework.TestSuite.runTest(TestSuite.java:230)
	at junit.framework.TestSuite.run(TestSuite.java:225)
	at junit.framework.TestSuite.runTest(TestSuite.java:230)
	at junit.framework.TestSuite.run(TestSuite.java:225)
	at org.apache.tools.ant.taskdefs.optional.junit.JUnitTestRunner.run(JUnitTestRunner.java:421)
	at org.apache.tools.ant.taskdefs.optional.junit.JUnitTestRunner.launch(JUnitTestRunner.java:928)
	at org.apache.tools.ant.taskdefs.optional.junit.JUnitTestRunner.main(JUnitTestRunner.java:784)

Instantiate InformixReviewPersistence from the namespace:InformixReviewPersistence.CustomNamespace.NoBundleManagerNamespace
Read required propery[connection.name] with value[informix_connection] from namespace [InformixReviewPersistence.CustomNamespace.NoBundleManagerNamespace].
Read required propery[connection.factory_class] with value[com.topcoder.db.connectionfactory.DBConnectionFactoryImpl] from namespace [InformixReviewPersistence.CustomNamespace.NoBundleManagerNamespace].
Read required propery[connection.factory_namespace] with value[com.topcoder.db.connectionfactory.DBConnectionFactoryImpl] from namespace [InformixReviewPersistence.CustomNamespace.NoBundleManagerNamespace].
Configuration parameter [search_bundle_manager_namespace] under namespace [InformixReviewPersistence.CustomNamespace.NoBundleManagerNamespace] is not specified.
Instantiate InformixReviewPersistence from the namespace:InformixReviewPersistence.CustomNamespace.EmptyBundleManagerNamespace
Read required propery[connection.name] with value[informix_connection] from namespace [InformixReviewPersistence.CustomNamespace.EmptyBundleManagerNamespace].
Read required propery[connection.factory_class] with value[com.topcoder.db.connectionfactory.DBConnectionFactoryImpl] from namespace [InformixReviewPersistence.CustomNamespace.EmptyBundleManagerNamespace].
Read required propery[connection.factory_namespace] with value[com.topcoder.db.connectionfactory.DBConnectionFactoryImpl] from namespace [InformixReviewPersistence.CustomNamespace.EmptyBundleManagerNamespace].
Configuration parameter [search_bundle_manager_namespace] under namespace [InformixReviewPersistence.CustomNamespace.EmptyBundleManagerNamespace] is empty (trimmed).
Instantiate InformixReviewPersistence from the namespace:InformixReviewPersistence.CustomNamespace.NonExistBundleManagerNamespace
Read required propery[connection.name] with value[informix_connection] from namespace [InformixReviewPersistence.CustomNamespace.NonExistBundleManagerNamespace].
Read required propery[connection.factory_class] with value[com.topcoder.db.connectionfactory.DBConnectionFactoryImpl] from namespace [InformixReviewPersistence.CustomNamespace.NonExistBundleManagerNamespace].
Read required propery[connection.factory_namespace] with value[com.topcoder.db.connectionfactory.DBConnectionFactoryImpl] from namespace [InformixReviewPersistence.CustomNamespace.NonExistBundleManagerNamespace].
Read required propery[search_bundle_manager_namespace] with value[do_not_exist] from namespace [InformixReviewPersistence.CustomNamespace.NonExistBundleManagerNamespace].
Read required propery[search_bundle_name] with value[ReviewSearchBundle] from namespace [InformixReviewPersistence.CustomNamespace.NonExistBundleManagerNamespace].
Unable to create a new instance of SearchBundleManager class from namespace [do_not_exist] 
com.topcoder.search.builder.SearchBuilderConfigurationException: The namespace 'do_not_exist' is missing in configuration., caused by do_not_exist is unknown
	at com.topcoder.search.builder.SearchBuilderHelper.getConfigProperty(SearchBuilderHelper.java:185)
	at com.topcoder.search.builder.SearchBuilderHelper.getObjectFactory(SearchBuilderHelper.java:57)
	at com.topcoder.search.builder.SearchBundleManager.<init>(SearchBundleManager.java:70)
	at com.topcoder.management.review.persistence.InformixReviewPersistence.createSearchBundle(InformixReviewPersistence.java:563)
	at com.topcoder.management.review.persistence.InformixReviewPersistence.<init>(InformixReviewPersistence.java:409)
	at com.topcoder.management.review.persistence.InformixReviewPersistenceTest.testFailureConstructorC16(InformixReviewPersistenceTest.java:787)
	at sun.reflect.NativeMethodAccessorImpl.invoke0(Native Method)
	at sun.reflect.NativeMethodAccessorImpl.invoke(NativeMethodAccessorImpl.java:39)
	at sun.reflect.DelegatingMethodAccessorImpl.invoke(DelegatingMethodAccessorImpl.java:25)
	at java.lang.reflect.Method.invoke(Method.java:597)
	at junit.framework.TestCase.runTest(TestCase.java:164)
	at junit.framework.TestCase.runBare(TestCase.java:130)
	at junit.framework.TestResult$1.protect(TestResult.java:106)
	at junit.framework.TestResult.runProtected(TestResult.java:124)
	at junit.framework.TestResult.run(TestResult.java:109)
	at junit.framework.TestCase.run(TestCase.java:120)
	at junit.framework.TestSuite.runTest(TestSuite.java:230)
	at junit.framework.TestSuite.run(TestSuite.java:225)
	at junit.framework.TestSuite.runTest(TestSuite.java:230)
	at junit.framework.TestSuite.run(TestSuite.java:225)
	at junit.framework.TestSuite.runTest(TestSuite.java:230)
	at junit.framework.TestSuite.run(TestSuite.java:225)
	at org.apache.tools.ant.taskdefs.optional.junit.JUnitTestRunner.run(JUnitTestRunner.java:421)
	at org.apache.tools.ant.taskdefs.optional.junit.JUnitTestRunner.launch(JUnitTestRunner.java:928)
	at org.apache.tools.ant.taskdefs.optional.junit.JUnitTestRunner.main(JUnitTestRunner.java:784)
Caused by: com.topcoder.util.config.UnknownNamespaceException: do_not_exist is unknown
	at com.topcoder.util.config.DefaultConfigManager.getPropertyObject(DefaultConfigManager.java:429)
	at com.topcoder.util.config.DefaultConfigManager.getString(DefaultConfigManager.java:449)
	at com.topcoder.search.builder.SearchBuilderHelper.getConfigProperty(SearchBuilderHelper.java:182)
	... 24 more
Caused by:com.topcoder.util.config.UnknownNamespaceException: do_not_exist is unknown
	at com.topcoder.util.config.DefaultConfigManager.getPropertyObject(DefaultConfigManager.java:429)
	at com.topcoder.util.config.DefaultConfigManager.getString(DefaultConfigManager.java:449)
	at com.topcoder.search.builder.SearchBuilderHelper.getConfigProperty(SearchBuilderHelper.java:182)
	at com.topcoder.search.builder.SearchBuilderHelper.getObjectFactory(SearchBuilderHelper.java:57)
	at com.topcoder.search.builder.SearchBundleManager.<init>(SearchBundleManager.java:70)
	at com.topcoder.management.review.persistence.InformixReviewPersistence.createSearchBundle(InformixReviewPersistence.java:563)
	at com.topcoder.management.review.persistence.InformixReviewPersistence.<init>(InformixReviewPersistence.java:409)
	at com.topcoder.management.review.persistence.InformixReviewPersistenceTest.testFailureConstructorC16(InformixReviewPersistenceTest.java:787)
	at sun.reflect.NativeMethodAccessorImpl.invoke0(Native Method)
	at sun.reflect.NativeMethodAccessorImpl.invoke(NativeMethodAccessorImpl.java:39)
	at sun.reflect.DelegatingMethodAccessorImpl.invoke(DelegatingMethodAccessorImpl.java:25)
	at java.lang.reflect.Method.invoke(Method.java:597)
	at junit.framework.TestCase.runTest(TestCase.java:164)
	at junit.framework.TestCase.runBare(TestCase.java:130)
	at junit.framework.TestResult$1.protect(TestResult.java:106)
	at junit.framework.TestResult.runProtected(TestResult.java:124)
	at junit.framework.TestResult.run(TestResult.java:109)
	at junit.framework.TestCase.run(TestCase.java:120)
	at junit.framework.TestSuite.runTest(TestSuite.java:230)
	at junit.framework.TestSuite.run(TestSuite.java:225)
	at junit.framework.TestSuite.runTest(TestSuite.java:230)
	at junit.framework.TestSuite.run(TestSuite.java:225)
	at junit.framework.TestSuite.runTest(TestSuite.java:230)
	at junit.framework.TestSuite.run(TestSuite.java:225)
	at org.apache.tools.ant.taskdefs.optional.junit.JUnitTestRunner.run(JUnitTestRunner.java:421)
	at org.apache.tools.ant.taskdefs.optional.junit.JUnitTestRunner.launch(JUnitTestRunner.java:928)
	at org.apache.tools.ant.taskdefs.optional.junit.JUnitTestRunner.main(JUnitTestRunner.java:784)

Instantiate InformixReviewPersistence from the namespace:InformixReviewPersistence.CustomNamespace.NoBundleName
Read required propery[connection.name] with value[informix_connection] from namespace [InformixReviewPersistence.CustomNamespace.NoBundleName].
Read required propery[connection.factory_class] with value[com.topcoder.db.connectionfactory.DBConnectionFactoryImpl] from namespace [InformixReviewPersistence.CustomNamespace.NoBundleName].
Read required propery[connection.factory_namespace] with value[com.topcoder.db.connectionfactory.DBConnectionFactoryImpl] from namespace [InformixReviewPersistence.CustomNamespace.NoBundleName].
Read required propery[search_bundle_manager_namespace] with value[com.topcoder.search.builder.SearchBundleManager] from namespace [InformixReviewPersistence.CustomNamespace.NoBundleName].
Configuration parameter [search_bundle_name] under namespace [InformixReviewPersistence.CustomNamespace.NoBundleName] is not specified.
Instantiate InformixReviewPersistence from the namespace:InformixReviewPersistence.CustomNamespace.EmptyBundleName
Read required propery[connection.name] with value[informix_connection] from namespace [InformixReviewPersistence.CustomNamespace.EmptyBundleName].
Read required propery[connection.factory_class] with value[com.topcoder.db.connectionfactory.DBConnectionFactoryImpl] from namespace [InformixReviewPersistence.CustomNamespace.EmptyBundleName].
Read required propery[connection.factory_namespace] with value[com.topcoder.db.connectionfactory.DBConnectionFactoryImpl] from namespace [InformixReviewPersistence.CustomNamespace.EmptyBundleName].
Read required propery[search_bundle_manager_namespace] with value[com.topcoder.search.builder.SearchBundleManager] from namespace [InformixReviewPersistence.CustomNamespace.EmptyBundleName].
Configuration parameter [search_bundle_name] under namespace [InformixReviewPersistence.CustomNamespace.EmptyBundleName] is empty (trimmed).
Instantiate InformixReviewPersistence from the namespace:InformixReviewPersistence.CustomNamespace.NonExistBundleName
Read required propery[connection.name] with value[informix_connection] from namespace [InformixReviewPersistence.CustomNamespace.NonExistBundleName].
Read required propery[connection.factory_class] with value[com.topcoder.db.connectionfactory.DBConnectionFactoryImpl] from namespace [InformixReviewPersistence.CustomNamespace.NonExistBundleName].
Read required propery[connection.factory_namespace] with value[com.topcoder.db.connectionfactory.DBConnectionFactoryImpl] from namespace [InformixReviewPersistence.CustomNamespace.NonExistBundleName].
Read required propery[search_bundle_manager_namespace] with value[com.topcoder.search.builder.SearchBundleManager] from namespace [InformixReviewPersistence.CustomNamespace.NonExistBundleName].
Read required propery[search_bundle_name] with value[do_not_exist] from namespace [InformixReviewPersistence.CustomNamespace.NonExistBundleName].
Unable to find the specified SearchBundle [do_not_exist] from the SearchBundleManager created from configuration namespace [com.topcoder.search.builder.SearchBundleManager].
Instantiate InformixReviewPersistence from the namespace:com.topcoder.management.review.persistence.InformixReviewPersistence
Read required propery[connection.name] with value[informix_connection] from namespace [com.topcoder.management.review.persistence.InformixReviewPersistence].
Read required propery[connection.factory_class] with value[com.topcoder.db.connectionfactory.DBConnectionFactoryImpl] from namespace [com.topcoder.management.review.persistence.InformixReviewPersistence].
Read required propery[connection.factory_namespace] with value[com.topcoder.db.connectionfactory.DBConnectionFactoryImpl] from namespace [com.topcoder.management.review.persistence.InformixReviewPersistence].
Read required propery[search_bundle_manager_namespace] with value[com.topcoder.search.builder.SearchBundleManager] from namespace [com.topcoder.management.review.persistence.InformixReviewPersistence].
Read required propery[search_bundle_name] with value[ReviewSearchBundle] from namespace [com.topcoder.management.review.persistence.InformixReviewPersistence].
operator: topcoderreviewId: Unknown - creating new Review.
operator: UnknownreviewId: Unknown - creating db connection using connection name: informix_connection
operator: UnknownreviewId: Unknown - start transaction.
Get new review id :1
insert record into review with new id:1
generate new review comment id :1
insert record into review_comment with new id:1
generate new review comment id :2
insert record into review_comment with new id:2
generate new review Item id :1
insert record into review_item with new id:1
generate new review Item comment id :1
insert record into review_item_comment with new id:1
generate new review Item comment id :2
insert record into review_item_comment with new id:2
generate new review Item id :2
insert record into review_item with new id:2
generate new review Item comment id :3
insert record into review_item_comment with new id:3
generate new review Item comment id :4
insert record into review_item_comment with new id:4
commit the transaction.
close the connection.
Instantiate InformixReviewPersistence from the namespace:com.topcoder.management.review.persistence.InformixReviewPersistence
Read required propery[connection.name] with value[informix_connection] from namespace [com.topcoder.management.review.persistence.InformixReviewPersistence].
Read required propery[connection.factory_class] with value[com.topcoder.db.connectionfactory.DBConnectionFactoryImpl] from namespace [com.topcoder.management.review.persistence.InformixReviewPersistence].
Read required propery[connection.factory_namespace] with value[com.topcoder.db.connectionfactory.DBConnectionFactoryImpl] from namespace [com.topcoder.management.review.persistence.InformixReviewPersistence].
Read required propery[search_bundle_manager_namespace] with value[com.topcoder.search.builder.SearchBundleManager] from namespace [com.topcoder.management.review.persistence.InformixReviewPersistence].
Read required propery[search_bundle_name] with value[ReviewSearchBundle] from namespace [com.topcoder.management.review.persistence.InformixReviewPersistence].
operator: topcoderreviewId: Unknown - creating new Review.
operator: UnknownreviewId: Unknown - creating db connection using connection name: informix_connection
operator: UnknownreviewId: Unknown - start transaction.
Get new review id :1
insert record into review with new id:1
generate new review comment id :1
insert record into review_comment with new id:1
generate new review comment id :2
insert record into review_comment with new id:2
generate new review Item id :1
insert record into review_item with new id:1
generate new review Item comment id :1
insert record into review_item_comment with new id:1
generate new review Item comment id :2
insert record into review_item_comment with new id:2
generate new review Item id :2
insert record into review_item with new id:2
generate new review Item comment id :3
insert record into review_item_comment with new id:3
generate new review Item comment id :4
insert record into review_item_comment with new id:4
operator: topcoderreviewId: Unknown - Error occurs during create new Review.
com.topcoder.management.review.ReviewPersistenceException: Error occurs while executing query [INSERT INTO review_item_comment (review_item_comment_id, resource_id, review_item_id, comment_type_id, evaluation_type_id, content, extra_info, sort, create_user, create_date, modify_user, modify_date) values (?,?,?,?,?,?,?,?,?,CURRENT,?,CURRENT)] using the query arguments [4, 6, 2, 1, 1, comment 6, extra info, 1, topcoder, topcoder]., caused by Unique constraint (informix.u132_199) violated.
	at com.topcoder.management.review.persistence.Helper.doDMLQuery(Helper.java:451)
	at com.topcoder.management.review.persistence.InformixReviewPersistence.createReviewItemComments(InformixReviewPersistence.java:1142)
	at com.topcoder.management.review.persistence.InformixReviewPersistence.createReviewItems(InformixReviewPersistence.java:1090)
	at com.topcoder.management.review.persistence.InformixReviewPersistence.createReview(InformixReviewPersistence.java:993)
	at com.topcoder.management.review.persistence.InformixReviewPersistence.createReview(InformixReviewPersistence.java:911)
	at com.topcoder.management.review.persistence.InformixReviewPersistenceTest.testAccuracyCreateReview2(InformixReviewPersistenceTest.java:1050)
	at sun.reflect.NativeMethodAccessorImpl.invoke0(Native Method)
	at sun.reflect.NativeMethodAccessorImpl.invoke(NativeMethodAccessorImpl.java:39)
	at sun.reflect.DelegatingMethodAccessorImpl.invoke(DelegatingMethodAccessorImpl.java:25)
	at java.lang.reflect.Method.invoke(Method.java:597)
	at junit.framework.TestCase.runTest(TestCase.java:164)
	at junit.framework.TestCase.runBare(TestCase.java:130)
	at junit.framework.TestResult$1.protect(TestResult.java:106)
	at junit.framework.TestResult.runProtected(TestResult.java:124)
	at junit.framework.TestResult.run(TestResult.java:109)
	at junit.framework.TestCase.run(TestCase.java:120)
	at junit.framework.TestSuite.runTest(TestSuite.java:230)
	at junit.framework.TestSuite.run(TestSuite.java:225)
	at junit.framework.TestSuite.runTest(TestSuite.java:230)
	at junit.framework.TestSuite.run(TestSuite.java:225)
	at junit.framework.TestSuite.runTest(TestSuite.java:230)
	at junit.framework.TestSuite.run(TestSuite.java:225)
	at org.apache.tools.ant.taskdefs.optional.junit.JUnitTestRunner.run(JUnitTestRunner.java:421)
	at org.apache.tools.ant.taskdefs.optional.junit.JUnitTestRunner.launch(JUnitTestRunner.java:928)
	at org.apache.tools.ant.taskdefs.optional.junit.JUnitTestRunner.main(JUnitTestRunner.java:784)
Caused by: java.sql.SQLException: Unique constraint (informix.u132_199) violated.
	at com.informix.jdbc.IfxSqli.a(IfxSqli.java:3457)
	at com.informix.jdbc.IfxSqli.E(IfxSqli.java:3774)
	at com.informix.jdbc.IfxSqli.dispatchMsg(IfxSqli.java:2580)
	at com.informix.jdbc.IfxSqli.receiveMessage(IfxSqli.java:2496)
	at com.informix.jdbc.IfxSqli.c(IfxSqli.java:1475)
	at com.informix.jdbc.IfxSqli.executeExecute(IfxSqli.java:2422)
	at com.informix.jdbc.IfxSqli.executeExecute(IfxSqli.java:2359)
	at com.informix.jdbc.IfxResultSet.b(IfxResultSet.java:390)
	at com.informix.jdbc.IfxStatement.a(IfxStatement.java:1322)
	at com.informix.jdbc.IfxPreparedStatement.d(IfxPreparedStatement.java:443)
	at com.informix.jdbc.IfxPreparedStatement.execute(IfxPreparedStatement.java:428)
	at com.topcoder.management.review.persistence.Helper.doDMLQuery(Helper.java:448)
	... 24 more
Caused by: java.sql.SQLException: ISAM error: duplicate value for a record with unique key.
	at com.informix.util.IfxErrMsg.getSQLException(IfxErrMsg.java:408)
	at com.informix.jdbc.IfxSqli.E(IfxSqli.java:3779)
	... 34 more
Caused by:java.sql.SQLException: Unique constraint (informix.u132_199) violated.
	at com.informix.jdbc.IfxSqli.a(IfxSqli.java:3457)
	at com.informix.jdbc.IfxSqli.E(IfxSqli.java:3774)
	at com.informix.jdbc.IfxSqli.dispatchMsg(IfxSqli.java:2580)
	at com.informix.jdbc.IfxSqli.receiveMessage(IfxSqli.java:2496)
	at com.informix.jdbc.IfxSqli.c(IfxSqli.java:1475)
	at com.informix.jdbc.IfxSqli.executeExecute(IfxSqli.java:2422)
	at com.informix.jdbc.IfxSqli.executeExecute(IfxSqli.java:2359)
	at com.informix.jdbc.IfxResultSet.b(IfxResultSet.java:390)
	at com.informix.jdbc.IfxStatement.a(IfxStatement.java:1322)
	at com.informix.jdbc.IfxPreparedStatement.d(IfxPreparedStatement.java:443)
	at com.informix.jdbc.IfxPreparedStatement.execute(IfxPreparedStatement.java:428)
	at com.topcoder.management.review.persistence.Helper.doDMLQuery(Helper.java:448)
	at com.topcoder.management.review.persistence.InformixReviewPersistence.createReviewItemComments(InformixReviewPersistence.java:1142)
	at com.topcoder.management.review.persistence.InformixReviewPersistence.createReviewItems(InformixReviewPersistence.java:1090)
	at com.topcoder.management.review.persistence.InformixReviewPersistence.createReview(InformixReviewPersistence.java:993)
	at com.topcoder.management.review.persistence.InformixReviewPersistence.createReview(InformixReviewPersistence.java:911)
	at com.topcoder.management.review.persistence.InformixReviewPersistenceTest.testAccuracyCreateReview2(InformixReviewPersistenceTest.java:1050)
	at sun.reflect.NativeMethodAccessorImpl.invoke0(Native Method)
	at sun.reflect.NativeMethodAccessorImpl.invoke(NativeMethodAccessorImpl.java:39)
	at sun.reflect.DelegatingMethodAccessorImpl.invoke(DelegatingMethodAccessorImpl.java:25)
	at java.lang.reflect.Method.invoke(Method.java:597)
	at junit.framework.TestCase.runTest(TestCase.java:164)
	at junit.framework.TestCase.runBare(TestCase.java:130)
	at junit.framework.TestResult$1.protect(TestResult.java:106)
	at junit.framework.TestResult.runProtected(TestResult.java:124)
	at junit.framework.TestResult.run(TestResult.java:109)
	at junit.framework.TestCase.run(TestCase.java:120)
	at junit.framework.TestSuite.runTest(TestSuite.java:230)
	at junit.framework.TestSuite.run(TestSuite.java:225)
	at junit.framework.TestSuite.runTest(TestSuite.java:230)
	at junit.framework.TestSuite.run(TestSuite.java:225)
	at junit.framework.TestSuite.runTest(TestSuite.java:230)
	at junit.framework.TestSuite.run(TestSuite.java:225)
	at org.apache.tools.ant.taskdefs.optional.junit.JUnitTestRunner.run(JUnitTestRunner.java:421)
	at org.apache.tools.ant.taskdefs.optional.junit.JUnitTestRunner.launch(JUnitTestRunner.java:928)
	at org.apache.tools.ant.taskdefs.optional.junit.JUnitTestRunner.main(JUnitTestRunner.java:784)
Caused by: java.sql.SQLException: ISAM error: duplicate value for a record with unique key.
	at com.informix.util.IfxErrMsg.getSQLException(IfxErrMsg.java:408)
	at com.informix.jdbc.IfxSqli.E(IfxSqli.java:3779)
	... 34 more

rollback the transaction.
close the connection.
Instantiate InformixReviewPersistence from the namespace:com.topcoder.management.review.persistence.InformixReviewPersistence
Read required propery[connection.name] with value[informix_connection] from namespace [com.topcoder.management.review.persistence.InformixReviewPersistence].
Read required propery[connection.factory_class] with value[com.topcoder.db.connectionfactory.DBConnectionFactoryImpl] from namespace [com.topcoder.management.review.persistence.InformixReviewPersistence].
Read required propery[connection.factory_namespace] with value[com.topcoder.db.connectionfactory.DBConnectionFactoryImpl] from namespace [com.topcoder.management.review.persistence.InformixReviewPersistence].
Read required propery[search_bundle_manager_namespace] with value[com.topcoder.search.builder.SearchBundleManager] from namespace [com.topcoder.management.review.persistence.InformixReviewPersistence].
Read required propery[search_bundle_name] with value[ReviewSearchBundle] from namespace [com.topcoder.management.review.persistence.InformixReviewPersistence].
Instantiate InformixReviewPersistence from the namespace:com.topcoder.management.review.persistence.InformixReviewPersistence
Read required propery[connection.name] with value[informix_connection] from namespace [com.topcoder.management.review.persistence.InformixReviewPersistence].
Read required propery[connection.factory_class] with value[com.topcoder.db.connectionfactory.DBConnectionFactoryImpl] from namespace [com.topcoder.management.review.persistence.InformixReviewPersistence].
Read required propery[connection.factory_namespace] with value[com.topcoder.db.connectionfactory.DBConnectionFactoryImpl] from namespace [com.topcoder.management.review.persistence.InformixReviewPersistence].
Read required propery[search_bundle_manager_namespace] with value[com.topcoder.search.builder.SearchBundleManager] from namespace [com.topcoder.management.review.persistence.InformixReviewPersistence].
Read required propery[search_bundle_name] with value[ReviewSearchBundle] from namespace [com.topcoder.management.review.persistence.InformixReviewPersistence].
Instantiate InformixReviewPersistence from the namespace:com.topcoder.management.review.persistence.InformixReviewPersistence
Read required propery[connection.name] with value[informix_connection] from namespace [com.topcoder.management.review.persistence.InformixReviewPersistence].
Read required propery[connection.factory_class] with value[com.topcoder.db.connectionfactory.DBConnectionFactoryImpl] from namespace [com.topcoder.management.review.persistence.InformixReviewPersistence].
Read required propery[connection.factory_namespace] with value[com.topcoder.db.connectionfactory.DBConnectionFactoryImpl] from namespace [com.topcoder.management.review.persistence.InformixReviewPersistence].
Read required propery[search_bundle_manager_namespace] with value[com.topcoder.search.builder.SearchBundleManager] from namespace [com.topcoder.management.review.persistence.InformixReviewPersistence].
Read required propery[search_bundle_name] with value[ReviewSearchBundle] from namespace [com.topcoder.management.review.persistence.InformixReviewPersistence].
Instantiate InformixReviewPersistence from the namespace:com.topcoder.management.review.persistence.InformixReviewPersistence
Read required propery[connection.name] with value[informix_connection] from namespace [com.topcoder.management.review.persistence.InformixReviewPersistence].
Read required propery[connection.factory_class] with value[com.topcoder.db.connectionfactory.DBConnectionFactoryImpl] from namespace [com.topcoder.management.review.persistence.InformixReviewPersistence].
Read required propery[connection.factory_namespace] with value[com.topcoder.db.connectionfactory.DBConnectionFactoryImpl] from namespace [com.topcoder.management.review.persistence.InformixReviewPersistence].
Read required propery[search_bundle_manager_namespace] with value[com.topcoder.search.builder.SearchBundleManager] from namespace [com.topcoder.management.review.persistence.InformixReviewPersistence].
Read required propery[search_bundle_name] with value[ReviewSearchBundle] from namespace [com.topcoder.management.review.persistence.InformixReviewPersistence].
Instantiate InformixReviewPersistence from the namespace:com.topcoder.management.review.persistence.InformixReviewPersistence
Read required propery[connection.name] with value[informix_connection] from namespace [com.topcoder.management.review.persistence.InformixReviewPersistence].
Read required propery[connection.factory_class] with value[com.topcoder.db.connectionfactory.DBConnectionFactoryImpl] from namespace [com.topcoder.management.review.persistence.InformixReviewPersistence].
Read required propery[connection.factory_namespace] with value[com.topcoder.db.connectionfactory.DBConnectionFactoryImpl] from namespace [com.topcoder.management.review.persistence.InformixReviewPersistence].
Read required propery[search_bundle_manager_namespace] with value[com.topcoder.search.builder.SearchBundleManager] from namespace [com.topcoder.management.review.persistence.InformixReviewPersistence].
Read required propery[search_bundle_name] with value[ReviewSearchBundle] from namespace [com.topcoder.management.review.persistence.InformixReviewPersistence].
Instantiate InformixReviewPersistence from the namespace:com.topcoder.management.review.persistence.InformixReviewPersistence
Read required propery[connection.name] with value[informix_connection] from namespace [com.topcoder.management.review.persistence.InformixReviewPersistence].
Read required propery[connection.factory_class] with value[com.topcoder.db.connectionfactory.DBConnectionFactoryImpl] from namespace [com.topcoder.management.review.persistence.InformixReviewPersistence].
Read required propery[connection.factory_namespace] with value[com.topcoder.db.connectionfactory.DBConnectionFactoryImpl] from namespace [com.topcoder.management.review.persistence.InformixReviewPersistence].
Read required propery[search_bundle_manager_namespace] with value[com.topcoder.search.builder.SearchBundleManager] from namespace [com.topcoder.management.review.persistence.InformixReviewPersistence].
Read required propery[search_bundle_name] with value[ReviewSearchBundle] from namespace [com.topcoder.management.review.persistence.InformixReviewPersistence].
Instantiate InformixReviewPersistence from the namespace:com.topcoder.management.review.persistence.InformixReviewPersistence
Read required propery[connection.name] with value[informix_connection] from namespace [com.topcoder.management.review.persistence.InformixReviewPersistence].
Read required propery[connection.factory_class] with value[com.topcoder.db.connectionfactory.DBConnectionFactoryImpl] from namespace [com.topcoder.management.review.persistence.InformixReviewPersistence].
Read required propery[connection.factory_namespace] with value[com.topcoder.db.connectionfactory.DBConnectionFactoryImpl] from namespace [com.topcoder.management.review.persistence.InformixReviewPersistence].
Read required propery[search_bundle_manager_namespace] with value[com.topcoder.search.builder.SearchBundleManager] from namespace [com.topcoder.management.review.persistence.InformixReviewPersistence].
Read required propery[search_bundle_name] with value[ReviewSearchBundle] from namespace [com.topcoder.management.review.persistence.InformixReviewPersistence].
Instantiate InformixReviewPersistence from the namespace:com.topcoder.management.review.persistence.InformixReviewPersistence
Read required propery[connection.name] with value[informix_connection] from namespace [com.topcoder.management.review.persistence.InformixReviewPersistence].
Read required propery[connection.factory_class] with value[com.topcoder.db.connectionfactory.DBConnectionFactoryImpl] from namespace [com.topcoder.management.review.persistence.InformixReviewPersistence].
Read required propery[connection.factory_namespace] with value[com.topcoder.db.connectionfactory.DBConnectionFactoryImpl] from namespace [com.topcoder.management.review.persistence.InformixReviewPersistence].
Read required propery[search_bundle_manager_namespace] with value[com.topcoder.search.builder.SearchBundleManager] from namespace [com.topcoder.management.review.persistence.InformixReviewPersistence].
Read required propery[search_bundle_name] with value[ReviewSearchBundle] from namespace [com.topcoder.management.review.persistence.InformixReviewPersistence].
Instantiate InformixReviewPersistence from the namespace:com.topcoder.management.review.persistence.InformixReviewPersistence
Read required propery[connection.name] with value[informix_connection] from namespace [com.topcoder.management.review.persistence.InformixReviewPersistence].
Read required propery[connection.factory_class] with value[com.topcoder.db.connectionfactory.DBConnectionFactoryImpl] from namespace [com.topcoder.management.review.persistence.InformixReviewPersistence].
Read required propery[connection.factory_namespace] with value[com.topcoder.db.connectionfactory.DBConnectionFactoryImpl] from namespace [com.topcoder.management.review.persistence.InformixReviewPersistence].
Read required propery[search_bundle_manager_namespace] with value[com.topcoder.search.builder.SearchBundleManager] from namespace [com.topcoder.management.review.persistence.InformixReviewPersistence].
Read required propery[search_bundle_name] with value[ReviewSearchBundle] from namespace [com.topcoder.management.review.persistence.InformixReviewPersistence].
Instantiate InformixReviewPersistence from the namespace:com.topcoder.management.review.persistence.InformixReviewPersistence
Read required propery[connection.name] with value[informix_connection] from namespace [com.topcoder.management.review.persistence.InformixReviewPersistence].
Read required propery[connection.factory_class] with value[com.topcoder.db.connectionfactory.DBConnectionFactoryImpl] from namespace [com.topcoder.management.review.persistence.InformixReviewPersistence].
Read required propery[connection.factory_namespace] with value[com.topcoder.db.connectionfactory.DBConnectionFactoryImpl] from namespace [com.topcoder.management.review.persistence.InformixReviewPersistence].
Read required propery[search_bundle_manager_namespace] with value[com.topcoder.search.builder.SearchBundleManager] from namespace [com.topcoder.management.review.persistence.InformixReviewPersistence].
Read required propery[search_bundle_name] with value[ReviewSearchBundle] from namespace [com.topcoder.management.review.persistence.InformixReviewPersistence].
Instantiate InformixReviewPersistence from the namespace:com.topcoder.management.review.persistence.InformixReviewPersistence
Read required propery[connection.name] with value[informix_connection] from namespace [com.topcoder.management.review.persistence.InformixReviewPersistence].
Read required propery[connection.factory_class] with value[com.topcoder.db.connectionfactory.DBConnectionFactoryImpl] from namespace [com.topcoder.management.review.persistence.InformixReviewPersistence].
Read required propery[connection.factory_namespace] with value[com.topcoder.db.connectionfactory.DBConnectionFactoryImpl] from namespace [com.topcoder.management.review.persistence.InformixReviewPersistence].
Read required propery[search_bundle_manager_namespace] with value[com.topcoder.search.builder.SearchBundleManager] from namespace [com.topcoder.management.review.persistence.InformixReviewPersistence].
Read required propery[search_bundle_name] with value[ReviewSearchBundle] from namespace [com.topcoder.management.review.persistence.InformixReviewPersistence].
Instantiate InformixReviewPersistence from the namespace:com.topcoder.management.review.persistence.InformixReviewPersistence
Read required propery[connection.name] with value[informix_connection] from namespace [com.topcoder.management.review.persistence.InformixReviewPersistence].
Read required propery[connection.factory_class] with value[com.topcoder.db.connectionfactory.DBConnectionFactoryImpl] from namespace [com.topcoder.management.review.persistence.InformixReviewPersistence].
Read required propery[connection.factory_namespace] with value[com.topcoder.db.connectionfactory.DBConnectionFactoryImpl] from namespace [com.topcoder.management.review.persistence.InformixReviewPersistence].
Read required propery[search_bundle_manager_namespace] with value[com.topcoder.search.builder.SearchBundleManager] from namespace [com.topcoder.management.review.persistence.InformixReviewPersistence].
Read required propery[search_bundle_name] with value[ReviewSearchBundle] from namespace [com.topcoder.management.review.persistence.InformixReviewPersistence].
Instantiate InformixReviewPersistence from the namespace:com.topcoder.management.review.persistence.InformixReviewPersistence
Read required propery[connection.name] with value[informix_connection] from namespace [com.topcoder.management.review.persistence.InformixReviewPersistence].
Read required propery[connection.factory_class] with value[com.topcoder.db.connectionfactory.DBConnectionFactoryImpl] from namespace [com.topcoder.management.review.persistence.InformixReviewPersistence].
Read required propery[connection.factory_namespace] with value[com.topcoder.db.connectionfactory.DBConnectionFactoryImpl] from namespace [com.topcoder.management.review.persistence.InformixReviewPersistence].
Read required propery[search_bundle_manager_namespace] with value[com.topcoder.search.builder.SearchBundleManager] from namespace [com.topcoder.management.review.persistence.InformixReviewPersistence].
Read required propery[search_bundle_name] with value[ReviewSearchBundle] from namespace [com.topcoder.management.review.persistence.InformixReviewPersistence].
Instantiate InformixReviewPersistence from the namespace:com.topcoder.management.review.persistence.InformixReviewPersistence
Read required propery[connection.name] with value[informix_connection] from namespace [com.topcoder.management.review.persistence.InformixReviewPersistence].
Read required propery[connection.factory_class] with value[com.topcoder.db.connectionfactory.DBConnectionFactoryImpl] from namespace [com.topcoder.management.review.persistence.InformixReviewPersistence].
Read required propery[connection.factory_namespace] with value[com.topcoder.db.connectionfactory.DBConnectionFactoryImpl] from namespace [com.topcoder.management.review.persistence.InformixReviewPersistence].
Read required propery[search_bundle_manager_namespace] with value[com.topcoder.search.builder.SearchBundleManager] from namespace [com.topcoder.management.review.persistence.InformixReviewPersistence].
Read required propery[search_bundle_name] with value[ReviewSearchBundle] from namespace [com.topcoder.management.review.persistence.InformixReviewPersistence].
Instantiate InformixReviewPersistence from the namespace:com.topcoder.management.review.persistence.InformixReviewPersistence
Read required propery[connection.name] with value[informix_connection] from namespace [com.topcoder.management.review.persistence.InformixReviewPersistence].
Read required propery[connection.factory_class] with value[com.topcoder.db.connectionfactory.DBConnectionFactoryImpl] from namespace [com.topcoder.management.review.persistence.InformixReviewPersistence].
Read required propery[connection.factory_namespace] with value[com.topcoder.db.connectionfactory.DBConnectionFactoryImpl] from namespace [com.topcoder.management.review.persistence.InformixReviewPersistence].
Read required propery[search_bundle_manager_namespace] with value[com.topcoder.search.builder.SearchBundleManager] from namespace [com.topcoder.management.review.persistence.InformixReviewPersistence].
Read required propery[search_bundle_name] with value[ReviewSearchBundle] from namespace [com.topcoder.management.review.persistence.InformixReviewPersistence].
Instantiate InformixReviewPersistence from the namespace:com.topcoder.management.review.persistence.InformixReviewPersistence
Read required propery[connection.name] with value[informix_connection] from namespace [com.topcoder.management.review.persistence.InformixReviewPersistence].
Read required propery[connection.factory_class] with value[com.topcoder.db.connectionfactory.DBConnectionFactoryImpl] from namespace [com.topcoder.management.review.persistence.InformixReviewPersistence].
Read required propery[connection.factory_namespace] with value[com.topcoder.db.connectionfactory.DBConnectionFactoryImpl] from namespace [com.topcoder.management.review.persistence.InformixReviewPersistence].
Read required propery[search_bundle_manager_namespace] with value[com.topcoder.search.builder.SearchBundleManager] from namespace [com.topcoder.management.review.persistence.InformixReviewPersistence].
Read required propery[search_bundle_name] with value[ReviewSearchBundle] from namespace [com.topcoder.management.review.persistence.InformixReviewPersistence].
Instantiate InformixReviewPersistence from the namespace:com.topcoder.management.review.persistence.InformixReviewPersistence
Read required propery[connection.name] with value[informix_connection] from namespace [com.topcoder.management.review.persistence.InformixReviewPersistence].
Read required propery[connection.factory_class] with value[com.topcoder.db.connectionfactory.DBConnectionFactoryImpl] from namespace [com.topcoder.management.review.persistence.InformixReviewPersistence].
Read required propery[connection.factory_namespace] with value[com.topcoder.db.connectionfactory.DBConnectionFactoryImpl] from namespace [com.topcoder.management.review.persistence.InformixReviewPersistence].
Read required propery[search_bundle_manager_namespace] with value[com.topcoder.search.builder.SearchBundleManager] from namespace [com.topcoder.management.review.persistence.InformixReviewPersistence].
Read required propery[search_bundle_name] with value[ReviewSearchBundle] from namespace [com.topcoder.management.review.persistence.InformixReviewPersistence].
Instantiate InformixReviewPersistence from the namespace:com.topcoder.management.review.persistence.InformixReviewPersistence
Read required propery[connection.name] with value[informix_connection] from namespace [com.topcoder.management.review.persistence.InformixReviewPersistence].
Read required propery[connection.factory_class] with value[com.topcoder.db.connectionfactory.DBConnectionFactoryImpl] from namespace [com.topcoder.management.review.persistence.InformixReviewPersistence].
Read required propery[connection.factory_namespace] with value[com.topcoder.db.connectionfactory.DBConnectionFactoryImpl] from namespace [com.topcoder.management.review.persistence.InformixReviewPersistence].
Read required propery[search_bundle_manager_namespace] with value[com.topcoder.search.builder.SearchBundleManager] from namespace [com.topcoder.management.review.persistence.InformixReviewPersistence].
Read required propery[search_bundle_name] with value[ReviewSearchBundle] from namespace [com.topcoder.management.review.persistence.InformixReviewPersistence].
Instantiate InformixReviewPersistence from the namespace:com.topcoder.management.review.persistence.InformixReviewPersistence
Read required propery[connection.name] with value[informix_connection] from namespace [com.topcoder.management.review.persistence.InformixReviewPersistence].
Read required propery[connection.factory_class] with value[com.topcoder.db.connectionfactory.DBConnectionFactoryImpl] from namespace [com.topcoder.management.review.persistence.InformixReviewPersistence].
Read required propery[connection.factory_namespace] with value[com.topcoder.db.connectionfactory.DBConnectionFactoryImpl] from namespace [com.topcoder.management.review.persistence.InformixReviewPersistence].
Read required propery[search_bundle_manager_namespace] with value[com.topcoder.search.builder.SearchBundleManager] from namespace [com.topcoder.management.review.persistence.InformixReviewPersistence].
Read required propery[search_bundle_name] with value[ReviewSearchBundle] from namespace [com.topcoder.management.review.persistence.InformixReviewPersistence].
Instantiate InformixReviewPersistence from the namespace:com.topcoder.management.review.persistence.InformixReviewPersistence
Read required propery[connection.name] with value[informix_connection] from namespace [com.topcoder.management.review.persistence.InformixReviewPersistence].
Read required propery[connection.factory_class] with value[com.topcoder.db.connectionfactory.DBConnectionFactoryImpl] from namespace [com.topcoder.management.review.persistence.InformixReviewPersistence].
Read required propery[connection.factory_namespace] with value[com.topcoder.db.connectionfactory.DBConnectionFactoryImpl] from namespace [com.topcoder.management.review.persistence.InformixReviewPersistence].
Read required propery[search_bundle_manager_namespace] with value[com.topcoder.search.builder.SearchBundleManager] from namespace [com.topcoder.management.review.persistence.InformixReviewPersistence].
Read required propery[search_bundle_name] with value[ReviewSearchBundle] from namespace [com.topcoder.management.review.persistence.InformixReviewPersistence].
Instantiate InformixReviewPersistence from the namespace:com.topcoder.management.review.persistence.InformixReviewPersistence
Read required propery[connection.name] with value[informix_connection] from namespace [com.topcoder.management.review.persistence.InformixReviewPersistence].
Read required propery[connection.factory_class] with value[com.topcoder.db.connectionfactory.DBConnectionFactoryImpl] from namespace [com.topcoder.management.review.persistence.InformixReviewPersistence].
Read required propery[connection.factory_namespace] with value[com.topcoder.db.connectionfactory.DBConnectionFactoryImpl] from namespace [com.topcoder.management.review.persistence.InformixReviewPersistence].
Read required propery[search_bundle_manager_namespace] with value[com.topcoder.search.builder.SearchBundleManager] from namespace [com.topcoder.management.review.persistence.InformixReviewPersistence].
Read required propery[search_bundle_name] with value[ReviewSearchBundle] from namespace [com.topcoder.management.review.persistence.InformixReviewPersistence].
operator: topcoderreviewId: Unknown - creating new Review.
operator: UnknownreviewId: Unknown - creating db connection using connection name: informix_connection
operator: UnknownreviewId: Unknown - start transaction.
operator: topcoderreviewId: 5 - The review with same id [5] already exists.
operator: topcoderreviewId: Unknown - Error occurs during create new Review.
com.topcoder.management.review.DuplicateReviewEntityException: The review with same id [5] already exists.
	at com.topcoder.management.review.persistence.InformixReviewPersistence.createReview(InformixReviewPersistence.java:905)
	at com.topcoder.management.review.persistence.InformixReviewPersistenceTest.testFailureCreateReview22(InformixReviewPersistenceTest.java:1567)
	at sun.reflect.NativeMethodAccessorImpl.invoke0(Native Method)
	at sun.reflect.NativeMethodAccessorImpl.invoke(NativeMethodAccessorImpl.java:39)
	at sun.reflect.DelegatingMethodAccessorImpl.invoke(DelegatingMethodAccessorImpl.java:25)
	at java.lang.reflect.Method.invoke(Method.java:597)
	at junit.framework.TestCase.runTest(TestCase.java:164)
	at junit.framework.TestCase.runBare(TestCase.java:130)
	at junit.framework.TestResult$1.protect(TestResult.java:106)
	at junit.framework.TestResult.runProtected(TestResult.java:124)
	at junit.framework.TestResult.run(TestResult.java:109)
	at junit.framework.TestCase.run(TestCase.java:120)
	at junit.framework.TestSuite.runTest(TestSuite.java:230)
	at junit.framework.TestSuite.run(TestSuite.java:225)
	at junit.framework.TestSuite.runTest(TestSuite.java:230)
	at junit.framework.TestSuite.run(TestSuite.java:225)
	at junit.framework.TestSuite.runTest(TestSuite.java:230)
	at junit.framework.TestSuite.run(TestSuite.java:225)
	at org.apache.tools.ant.taskdefs.optional.junit.JUnitTestRunner.run(JUnitTestRunner.java:421)
	at org.apache.tools.ant.taskdefs.optional.junit.JUnitTestRunner.launch(JUnitTestRunner.java:928)
	at org.apache.tools.ant.taskdefs.optional.junit.JUnitTestRunner.main(JUnitTestRunner.java:784)

rollback the transaction.
close the connection.
Instantiate InformixReviewPersistence from the namespace:com.topcoder.management.review.persistence.InformixReviewPersistence
Read required propery[connection.name] with value[informix_connection] from namespace [com.topcoder.management.review.persistence.InformixReviewPersistence].
Read required propery[connection.factory_class] with value[com.topcoder.db.connectionfactory.DBConnectionFactoryImpl] from namespace [com.topcoder.management.review.persistence.InformixReviewPersistence].
Read required propery[connection.factory_namespace] with value[com.topcoder.db.connectionfactory.DBConnectionFactoryImpl] from namespace [com.topcoder.management.review.persistence.InformixReviewPersistence].
Read required propery[search_bundle_manager_namespace] with value[com.topcoder.search.builder.SearchBundleManager] from namespace [com.topcoder.management.review.persistence.InformixReviewPersistence].
Read required propery[search_bundle_name] with value[ReviewSearchBundle] from namespace [com.topcoder.management.review.persistence.InformixReviewPersistence].
operator: topcoderreviewId: Unknown - creating new Review.
operator: UnknownreviewId: Unknown - creating db connection using connection name: informix_connection
operator: UnknownreviewId: Unknown - start transaction.
operator: topcoderreviewId: Unknown - Error occurs during create new Review.
com.topcoder.management.review.ReviewPersistenceException: Unable to generate id for review., caused by The specified IDName does not exist in the database.
	at com.topcoder.management.review.persistence.InformixReviewPersistence.createReview(InformixReviewPersistence.java:963)
	at com.topcoder.management.review.persistence.InformixReviewPersistence.createReview(InformixReviewPersistence.java:911)
	at com.topcoder.management.review.persistence.InformixReviewPersistenceTest.testFailureCreateReview23(InformixReviewPersistenceTest.java:1600)
	at sun.reflect.NativeMethodAccessorImpl.invoke0(Native Method)
	at sun.reflect.NativeMethodAccessorImpl.invoke(NativeMethodAccessorImpl.java:39)
	at sun.reflect.DelegatingMethodAccessorImpl.invoke(DelegatingMethodAccessorImpl.java:25)
	at java.lang.reflect.Method.invoke(Method.java:597)
	at junit.framework.TestCase.runTest(TestCase.java:164)
	at junit.framework.TestCase.runBare(TestCase.java:130)
	at junit.framework.TestResult$1.protect(TestResult.java:106)
	at junit.framework.TestResult.runProtected(TestResult.java:124)
	at junit.framework.TestResult.run(TestResult.java:109)
	at junit.framework.TestCase.run(TestCase.java:120)
	at junit.framework.TestSuite.runTest(TestSuite.java:230)
	at junit.framework.TestSuite.run(TestSuite.java:225)
	at junit.framework.TestSuite.runTest(TestSuite.java:230)
	at junit.framework.TestSuite.run(TestSuite.java:225)
	at junit.framework.TestSuite.runTest(TestSuite.java:230)
	at junit.framework.TestSuite.run(TestSuite.java:225)
	at org.apache.tools.ant.taskdefs.optional.junit.JUnitTestRunner.run(JUnitTestRunner.java:421)
	at org.apache.tools.ant.taskdefs.optional.junit.JUnitTestRunner.launch(JUnitTestRunner.java:928)
	at org.apache.tools.ant.taskdefs.optional.junit.JUnitTestRunner.main(JUnitTestRunner.java:784)
Caused by: com.topcoder.util.idgenerator.NoSuchIDSequenceException: The specified IDName does not exist in the database.
	at com.topcoder.util.idgenerator.IDGeneratorImpl.getNextBlock(IDGeneratorImpl.java:223)
	at com.topcoder.util.idgenerator.IDGeneratorImpl.getNextID(IDGeneratorImpl.java:181)
	at com.topcoder.management.review.persistence.InformixReviewPersistence.createReview(InformixReviewPersistence.java:960)
	... 21 more
Caused by:com.topcoder.util.idgenerator.NoSuchIDSequenceException: The specified IDName does not exist in the database.
	at com.topcoder.util.idgenerator.IDGeneratorImpl.getNextBlock(IDGeneratorImpl.java:223)
	at com.topcoder.util.idgenerator.IDGeneratorImpl.getNextID(IDGeneratorImpl.java:181)
	at com.topcoder.management.review.persistence.InformixReviewPersistence.createReview(InformixReviewPersistence.java:960)
	at com.topcoder.management.review.persistence.InformixReviewPersistence.createReview(InformixReviewPersistence.java:911)
	at com.topcoder.management.review.persistence.InformixReviewPersistenceTest.testFailureCreateReview23(InformixReviewPersistenceTest.java:1600)
	at sun.reflect.NativeMethodAccessorImpl.invoke0(Native Method)
	at sun.reflect.NativeMethodAccessorImpl.invoke(NativeMethodAccessorImpl.java:39)
	at sun.reflect.DelegatingMethodAccessorImpl.invoke(DelegatingMethodAccessorImpl.java:25)
	at java.lang.reflect.Method.invoke(Method.java:597)
	at junit.framework.TestCase.runTest(TestCase.java:164)
	at junit.framework.TestCase.runBare(TestCase.java:130)
	at junit.framework.TestResult$1.protect(TestResult.java:106)
	at junit.framework.TestResult.runProtected(TestResult.java:124)
	at junit.framework.TestResult.run(TestResult.java:109)
	at junit.framework.TestCase.run(TestCase.java:120)
	at junit.framework.TestSuite.runTest(TestSuite.java:230)
	at junit.framework.TestSuite.run(TestSuite.java:225)
	at junit.framework.TestSuite.runTest(TestSuite.java:230)
	at junit.framework.TestSuite.run(TestSuite.java:225)
	at junit.framework.TestSuite.runTest(TestSuite.java:230)
	at junit.framework.TestSuite.run(TestSuite.java:225)
	at org.apache.tools.ant.taskdefs.optional.junit.JUnitTestRunner.run(JUnitTestRunner.java:421)
	at org.apache.tools.ant.taskdefs.optional.junit.JUnitTestRunner.launch(JUnitTestRunner.java:928)
	at org.apache.tools.ant.taskdefs.optional.junit.JUnitTestRunner.main(JUnitTestRunner.java:784)

rollback the transaction.
close the connection.
Instantiate InformixReviewPersistence from the namespace:com.topcoder.management.review.persistence.InformixReviewPersistence
Read required propery[connection.name] with value[informix_connection] from namespace [com.topcoder.management.review.persistence.InformixReviewPersistence].
Read required propery[connection.factory_class] with value[com.topcoder.db.connectionfactory.DBConnectionFactoryImpl] from namespace [com.topcoder.management.review.persistence.InformixReviewPersistence].
Read required propery[connection.factory_namespace] with value[com.topcoder.db.connectionfactory.DBConnectionFactoryImpl] from namespace [com.topcoder.management.review.persistence.InformixReviewPersistence].
Read required propery[search_bundle_manager_namespace] with value[com.topcoder.search.builder.SearchBundleManager] from namespace [com.topcoder.management.review.persistence.InformixReviewPersistence].
Read required propery[search_bundle_name] with value[ReviewSearchBundle] from namespace [com.topcoder.management.review.persistence.InformixReviewPersistence].
operator: topcoderreviewId: Unknown - creating new Review.
operator: UnknownreviewId: Unknown - creating db connection using connection name: informix_connection
operator: UnknownreviewId: Unknown - start transaction.
Get new review id :1
insert record into review with new id:1
operator: topcoderreviewId: Unknown - Error occurs during create new Review.
com.topcoder.management.review.ReviewPersistenceException: Unable to generate id for review comment., caused by The specified IDName does not exist in the database.
	at com.topcoder.management.review.persistence.InformixReviewPersistence.createReviewComments(InformixReviewPersistence.java:1041)
	at com.topcoder.management.review.persistence.InformixReviewPersistence.createReview(InformixReviewPersistence.java:989)
	at com.topcoder.management.review.persistence.InformixReviewPersistence.createReview(InformixReviewPersistence.java:911)
	at com.topcoder.management.review.persistence.InformixReviewPersistenceTest.testFailureCreateReview24(InformixReviewPersistenceTest.java:1633)
	at sun.reflect.NativeMethodAccessorImpl.invoke0(Native Method)
	at sun.reflect.NativeMethodAccessorImpl.invoke(NativeMethodAccessorImpl.java:39)
	at sun.reflect.DelegatingMethodAccessorImpl.invoke(DelegatingMethodAccessorImpl.java:25)
	at java.lang.reflect.Method.invoke(Method.java:597)
	at junit.framework.TestCase.runTest(TestCase.java:164)
	at junit.framework.TestCase.runBare(TestCase.java:130)
	at junit.framework.TestResult$1.protect(TestResult.java:106)
	at junit.framework.TestResult.runProtected(TestResult.java:124)
	at junit.framework.TestResult.run(TestResult.java:109)
	at junit.framework.TestCase.run(TestCase.java:120)
	at junit.framework.TestSuite.runTest(TestSuite.java:230)
	at junit.framework.TestSuite.run(TestSuite.java:225)
	at junit.framework.TestSuite.runTest(TestSuite.java:230)
	at junit.framework.TestSuite.run(TestSuite.java:225)
	at junit.framework.TestSuite.runTest(TestSuite.java:230)
	at junit.framework.TestSuite.run(TestSuite.java:225)
	at org.apache.tools.ant.taskdefs.optional.junit.JUnitTestRunner.run(JUnitTestRunner.java:421)
	at org.apache.tools.ant.taskdefs.optional.junit.JUnitTestRunner.launch(JUnitTestRunner.java:928)
	at org.apache.tools.ant.taskdefs.optional.junit.JUnitTestRunner.main(JUnitTestRunner.java:784)
Caused by: com.topcoder.util.idgenerator.NoSuchIDSequenceException: The specified IDName does not exist in the database.
	at com.topcoder.util.idgenerator.IDGeneratorImpl.getNextBlock(IDGeneratorImpl.java:223)
	at com.topcoder.util.idgenerator.IDGeneratorImpl.getNextID(IDGeneratorImpl.java:181)
	at com.topcoder.management.review.persistence.InformixReviewPersistence.createReviewComments(InformixReviewPersistence.java:1023)
	... 22 more
Caused by:com.topcoder.util.idgenerator.NoSuchIDSequenceException: The specified IDName does not exist in the database.
	at com.topcoder.util.idgenerator.IDGeneratorImpl.getNextBlock(IDGeneratorImpl.java:223)
	at com.topcoder.util.idgenerator.IDGeneratorImpl.getNextID(IDGeneratorImpl.java:181)
	at com.topcoder.management.review.persistence.InformixReviewPersistence.createReviewComments(InformixReviewPersistence.java:1023)
	at com.topcoder.management.review.persistence.InformixReviewPersistence.createReview(InformixReviewPersistence.java:989)
	at com.topcoder.management.review.persistence.InformixReviewPersistence.createReview(InformixReviewPersistence.java:911)
	at com.topcoder.management.review.persistence.InformixReviewPersistenceTest.testFailureCreateReview24(InformixReviewPersistenceTest.java:1633)
	at sun.reflect.NativeMethodAccessorImpl.invoke0(Native Method)
	at sun.reflect.NativeMethodAccessorImpl.invoke(NativeMethodAccessorImpl.java:39)
	at sun.reflect.DelegatingMethodAccessorImpl.invoke(DelegatingMethodAccessorImpl.java:25)
	at java.lang.reflect.Method.invoke(Method.java:597)
	at junit.framework.TestCase.runTest(TestCase.java:164)
	at junit.framework.TestCase.runBare(TestCase.java:130)
	at junit.framework.TestResult$1.protect(TestResult.java:106)
	at junit.framework.TestResult.runProtected(TestResult.java:124)
	at junit.framework.TestResult.run(TestResult.java:109)
	at junit.framework.TestCase.run(TestCase.java:120)
	at junit.framework.TestSuite.runTest(TestSuite.java:230)
	at junit.framework.TestSuite.run(TestSuite.java:225)
	at junit.framework.TestSuite.runTest(TestSuite.java:230)
	at junit.framework.TestSuite.run(TestSuite.java:225)
	at junit.framework.TestSuite.runTest(TestSuite.java:230)
	at junit.framework.TestSuite.run(TestSuite.java:225)
	at org.apache.tools.ant.taskdefs.optional.junit.JUnitTestRunner.run(JUnitTestRunner.java:421)
	at org.apache.tools.ant.taskdefs.optional.junit.JUnitTestRunner.launch(JUnitTestRunner.java:928)
	at org.apache.tools.ant.taskdefs.optional.junit.JUnitTestRunner.main(JUnitTestRunner.java:784)

rollback the transaction.
close the connection.
Instantiate InformixReviewPersistence from the namespace:com.topcoder.management.review.persistence.InformixReviewPersistence
Read required propery[connection.name] with value[informix_connection] from namespace [com.topcoder.management.review.persistence.InformixReviewPersistence].
Read required propery[connection.factory_class] with value[com.topcoder.db.connectionfactory.DBConnectionFactoryImpl] from namespace [com.topcoder.management.review.persistence.InformixReviewPersistence].
Read required propery[connection.factory_namespace] with value[com.topcoder.db.connectionfactory.DBConnectionFactoryImpl] from namespace [com.topcoder.management.review.persistence.InformixReviewPersistence].
Read required propery[search_bundle_manager_namespace] with value[com.topcoder.search.builder.SearchBundleManager] from namespace [com.topcoder.management.review.persistence.InformixReviewPersistence].
Read required propery[search_bundle_name] with value[ReviewSearchBundle] from namespace [com.topcoder.management.review.persistence.InformixReviewPersistence].
operator: topcoderreviewId: Unknown - creating new Review.
operator: UnknownreviewId: Unknown - creating db connection using connection name: informix_connection
operator: UnknownreviewId: Unknown - start transaction.
Get new review id :1
insert record into review with new id:1
generate new review comment id :1
insert record into review_comment with new id:1
generate new review comment id :2
insert record into review_comment with new id:2
operator: topcoderreviewId: Unknown - Error occurs during create new Review.
com.topcoder.management.review.ReviewPersistenceException: Unable to generate id for review item., caused by The specified IDName does not exist in the database.
	at com.topcoder.management.review.persistence.InformixReviewPersistence.createReviewItems(InformixReviewPersistence.java:1094)
	at com.topcoder.management.review.persistence.InformixReviewPersistence.createReview(InformixReviewPersistence.java:993)
	at com.topcoder.management.review.persistence.InformixReviewPersistence.createReview(InformixReviewPersistence.java:911)
	at com.topcoder.management.review.persistence.InformixReviewPersistenceTest.testFailureCreateReview25(InformixReviewPersistenceTest.java:1666)
	at sun.reflect.NativeMethodAccessorImpl.invoke0(Native Method)
	at sun.reflect.NativeMethodAccessorImpl.invoke(NativeMethodAccessorImpl.java:39)
	at sun.reflect.DelegatingMethodAccessorImpl.invoke(DelegatingMethodAccessorImpl.java:25)
	at java.lang.reflect.Method.invoke(Method.java:597)
	at junit.framework.TestCase.runTest(TestCase.java:164)
	at junit.framework.TestCase.runBare(TestCase.java:130)
	at junit.framework.TestResult$1.protect(TestResult.java:106)
	at junit.framework.TestResult.runProtected(TestResult.java:124)
	at junit.framework.TestResult.run(TestResult.java:109)
	at junit.framework.TestCase.run(TestCase.java:120)
	at junit.framework.TestSuite.runTest(TestSuite.java:230)
	at junit.framework.TestSuite.run(TestSuite.java:225)
	at junit.framework.TestSuite.runTest(TestSuite.java:230)
	at junit.framework.TestSuite.run(TestSuite.java:225)
	at junit.framework.TestSuite.runTest(TestSuite.java:230)
	at junit.framework.TestSuite.run(TestSuite.java:225)
	at org.apache.tools.ant.taskdefs.optional.junit.JUnitTestRunner.run(JUnitTestRunner.java:421)
	at org.apache.tools.ant.taskdefs.optional.junit.JUnitTestRunner.launch(JUnitTestRunner.java:928)
	at org.apache.tools.ant.taskdefs.optional.junit.JUnitTestRunner.main(JUnitTestRunner.java:784)
Caused by: com.topcoder.util.idgenerator.NoSuchIDSequenceException: The specified IDName does not exist in the database.
	at com.topcoder.util.idgenerator.IDGeneratorImpl.getNextBlock(IDGeneratorImpl.java:223)
	at com.topcoder.util.idgenerator.IDGeneratorImpl.getNextID(IDGeneratorImpl.java:181)
	at com.topcoder.management.review.persistence.InformixReviewPersistence.createReviewItems(InformixReviewPersistence.java:1071)
	... 22 more
Caused by:com.topcoder.util.idgenerator.NoSuchIDSequenceException: The specified IDName does not exist in the database.
	at com.topcoder.util.idgenerator.IDGeneratorImpl.getNextBlock(IDGeneratorImpl.java:223)
	at com.topcoder.util.idgenerator.IDGeneratorImpl.getNextID(IDGeneratorImpl.java:181)
	at com.topcoder.management.review.persistence.InformixReviewPersistence.createReviewItems(InformixReviewPersistence.java:1071)
	at com.topcoder.management.review.persistence.InformixReviewPersistence.createReview(InformixReviewPersistence.java:993)
	at com.topcoder.management.review.persistence.InformixReviewPersistence.createReview(InformixReviewPersistence.java:911)
	at com.topcoder.management.review.persistence.InformixReviewPersistenceTest.testFailureCreateReview25(InformixReviewPersistenceTest.java:1666)
	at sun.reflect.NativeMethodAccessorImpl.invoke0(Native Method)
	at sun.reflect.NativeMethodAccessorImpl.invoke(NativeMethodAccessorImpl.java:39)
	at sun.reflect.DelegatingMethodAccessorImpl.invoke(DelegatingMethodAccessorImpl.java:25)
	at java.lang.reflect.Method.invoke(Method.java:597)
	at junit.framework.TestCase.runTest(TestCase.java:164)
	at junit.framework.TestCase.runBare(TestCase.java:130)
	at junit.framework.TestResult$1.protect(TestResult.java:106)
	at junit.framework.TestResult.runProtected(TestResult.java:124)
	at junit.framework.TestResult.run(TestResult.java:109)
	at junit.framework.TestCase.run(TestCase.java:120)
	at junit.framework.TestSuite.runTest(TestSuite.java:230)
	at junit.framework.TestSuite.run(TestSuite.java:225)
	at junit.framework.TestSuite.runTest(TestSuite.java:230)
	at junit.framework.TestSuite.run(TestSuite.java:225)
	at junit.framework.TestSuite.runTest(TestSuite.java:230)
	at junit.framework.TestSuite.run(TestSuite.java:225)
	at org.apache.tools.ant.taskdefs.optional.junit.JUnitTestRunner.run(JUnitTestRunner.java:421)
	at org.apache.tools.ant.taskdefs.optional.junit.JUnitTestRunner.launch(JUnitTestRunner.java:928)
	at org.apache.tools.ant.taskdefs.optional.junit.JUnitTestRunner.main(JUnitTestRunner.java:784)

rollback the transaction.
close the connection.
Instantiate InformixReviewPersistence from the namespace:com.topcoder.management.review.persistence.InformixReviewPersistence
Read required propery[connection.name] with value[informix_connection] from namespace [com.topcoder.management.review.persistence.InformixReviewPersistence].
Read required propery[connection.factory_class] with value[com.topcoder.db.connectionfactory.DBConnectionFactoryImpl] from namespace [com.topcoder.management.review.persistence.InformixReviewPersistence].
Read required propery[connection.factory_namespace] with value[com.topcoder.db.connectionfactory.DBConnectionFactoryImpl] from namespace [com.topcoder.management.review.persistence.InformixReviewPersistence].
Read required propery[search_bundle_manager_namespace] with value[com.topcoder.search.builder.SearchBundleManager] from namespace [com.topcoder.management.review.persistence.InformixReviewPersistence].
Read required propery[search_bundle_name] with value[ReviewSearchBundle] from namespace [com.topcoder.management.review.persistence.InformixReviewPersistence].
operator: topcoderreviewId: Unknown - creating new Review.
operator: UnknownreviewId: Unknown - creating db connection using connection name: informix_connection
operator: UnknownreviewId: Unknown - start transaction.
Get new review id :1
insert record into review with new id:1
generate new review comment id :1
insert record into review_comment with new id:1
generate new review comment id :2
insert record into review_comment with new id:2
generate new review Item id :1
insert record into review_item with new id:1
operator: topcoderreviewId: Unknown - Error occurs during create new Review.
com.topcoder.management.review.ReviewPersistenceException: Unable to generate id for review item comment., caused by The specified IDName does not exist in the database.
	at com.topcoder.management.review.persistence.InformixReviewPersistence.createReviewItemComments(InformixReviewPersistence.java:1145)
	at com.topcoder.management.review.persistence.InformixReviewPersistence.createReviewItems(InformixReviewPersistence.java:1090)
	at com.topcoder.management.review.persistence.InformixReviewPersistence.createReview(InformixReviewPersistence.java:993)
	at com.topcoder.management.review.persistence.InformixReviewPersistence.createReview(InformixReviewPersistence.java:911)
	at com.topcoder.management.review.persistence.InformixReviewPersistenceTest.testFailureCreateReview26(InformixReviewPersistenceTest.java:1699)
	at sun.reflect.NativeMethodAccessorImpl.invoke0(Native Method)
	at sun.reflect.NativeMethodAccessorImpl.invoke(NativeMethodAccessorImpl.java:39)
	at sun.reflect.DelegatingMethodAccessorImpl.invoke(DelegatingMethodAccessorImpl.java:25)
	at java.lang.reflect.Method.invoke(Method.java:597)
	at junit.framework.TestCase.runTest(TestCase.java:164)
	at junit.framework.TestCase.runBare(TestCase.java:130)
	at junit.framework.TestResult$1.protect(TestResult.java:106)
	at junit.framework.TestResult.runProtected(TestResult.java:124)
	at junit.framework.TestResult.run(TestResult.java:109)
	at junit.framework.TestCase.run(TestCase.java:120)
	at junit.framework.TestSuite.runTest(TestSuite.java:230)
	at junit.framework.TestSuite.run(TestSuite.java:225)
	at junit.framework.TestSuite.runTest(TestSuite.java:230)
	at junit.framework.TestSuite.run(TestSuite.java:225)
	at junit.framework.TestSuite.runTest(TestSuite.java:230)
	at junit.framework.TestSuite.run(TestSuite.java:225)
	at org.apache.tools.ant.taskdefs.optional.junit.JUnitTestRunner.run(JUnitTestRunner.java:421)
	at org.apache.tools.ant.taskdefs.optional.junit.JUnitTestRunner.launch(JUnitTestRunner.java:928)
	at org.apache.tools.ant.taskdefs.optional.junit.JUnitTestRunner.main(JUnitTestRunner.java:784)
Caused by: com.topcoder.util.idgenerator.NoSuchIDSequenceException: The specified IDName does not exist in the database.
	at com.topcoder.util.idgenerator.IDGeneratorImpl.getNextBlock(IDGeneratorImpl.java:223)
	at com.topcoder.util.idgenerator.IDGeneratorImpl.getNextID(IDGeneratorImpl.java:181)
	at com.topcoder.management.review.persistence.InformixReviewPersistence.createReviewItemComments(InformixReviewPersistence.java:1124)
	... 23 more
Caused by:com.topcoder.util.idgenerator.NoSuchIDSequenceException: The specified IDName does not exist in the database.
	at com.topcoder.util.idgenerator.IDGeneratorImpl.getNextBlock(IDGeneratorImpl.java:223)
	at com.topcoder.util.idgenerator.IDGeneratorImpl.getNextID(IDGeneratorImpl.java:181)
	at com.topcoder.management.review.persistence.InformixReviewPersistence.createReviewItemComments(InformixReviewPersistence.java:1124)
	at com.topcoder.management.review.persistence.InformixReviewPersistence.createReviewItems(InformixReviewPersistence.java:1090)
	at com.topcoder.management.review.persistence.InformixReviewPersistence.createReview(InformixReviewPersistence.java:993)
	at com.topcoder.management.review.persistence.InformixReviewPersistence.createReview(InformixReviewPersistence.java:911)
	at com.topcoder.management.review.persistence.InformixReviewPersistenceTest.testFailureCreateReview26(InformixReviewPersistenceTest.java:1699)
	at sun.reflect.NativeMethodAccessorImpl.invoke0(Native Method)
	at sun.reflect.NativeMethodAccessorImpl.invoke(NativeMethodAccessorImpl.java:39)
	at sun.reflect.DelegatingMethodAccessorImpl.invoke(DelegatingMethodAccessorImpl.java:25)
	at java.lang.reflect.Method.invoke(Method.java:597)
	at junit.framework.TestCase.runTest(TestCase.java:164)
	at junit.framework.TestCase.runBare(TestCase.java:130)
	at junit.framework.TestResult$1.protect(TestResult.java:106)
	at junit.framework.TestResult.runProtected(TestResult.java:124)
	at junit.framework.TestResult.run(TestResult.java:109)
	at junit.framework.TestCase.run(TestCase.java:120)
	at junit.framework.TestSuite.runTest(TestSuite.java:230)
	at junit.framework.TestSuite.run(TestSuite.java:225)
	at junit.framework.TestSuite.runTest(TestSuite.java:230)
	at junit.framework.TestSuite.run(TestSuite.java:225)
	at junit.framework.TestSuite.runTest(TestSuite.java:230)
	at junit.framework.TestSuite.run(TestSuite.java:225)
	at org.apache.tools.ant.taskdefs.optional.junit.JUnitTestRunner.run(JUnitTestRunner.java:421)
	at org.apache.tools.ant.taskdefs.optional.junit.JUnitTestRunner.launch(JUnitTestRunner.java:928)
	at org.apache.tools.ant.taskdefs.optional.junit.JUnitTestRunner.main(JUnitTestRunner.java:784)

rollback the transaction.
close the connection.
Instantiate InformixReviewPersistence from the namespace:com.topcoder.management.review.persistence.InformixReviewPersistence
Read required propery[connection.name] with value[informix_connection] from namespace [com.topcoder.management.review.persistence.InformixReviewPersistence].
Read required propery[connection.factory_class] with value[com.topcoder.db.connectionfactory.DBConnectionFactoryImpl] from namespace [com.topcoder.management.review.persistence.InformixReviewPersistence].
Read required propery[connection.factory_namespace] with value[com.topcoder.db.connectionfactory.DBConnectionFactoryImpl] from namespace [com.topcoder.management.review.persistence.InformixReviewPersistence].
Read required propery[search_bundle_manager_namespace] with value[com.topcoder.search.builder.SearchBundleManager] from namespace [com.topcoder.management.review.persistence.InformixReviewPersistence].
Read required propery[search_bundle_name] with value[ReviewSearchBundle] from namespace [com.topcoder.management.review.persistence.InformixReviewPersistence].
operator: topcoderreviewId: Unknown - creating new Review.
operator: UnknownreviewId: Unknown - creating db connection using connection name: informix_connection
operator: UnknownreviewId: Unknown - start transaction.
Get new review id :1
insert record into review with new id:1
generate new review comment id :1
insert record into review_comment with new id:1
generate new review comment id :2
insert record into review_comment with new id:2
generate new review Item id :1
insert record into review_item with new id:1
generate new review Item comment id :1
insert record into review_item_comment with new id:1
generate new review Item comment id :2
insert record into review_item_comment with new id:2
generate new review Item id :2
insert record into review_item with new id:2
generate new review Item comment id :3
insert record into review_item_comment with new id:3
generate new review Item comment id :4
insert record into review_item_comment with new id:4
commit the transaction.
close the connection.
operator: topcoder1234reviewId: 1 - Update Review.
operator: UnknownreviewId: Unknown - creating db connection using connection name: informix_connection
operator: UnknownreviewId: Unknown - start transaction.
update record in the  review table with id:1
update record in the review_comment table with id:2
generate new review comment id :3
insert record into review_comment with new id:3
delete entry from review_comment with the review comment id:1
execute sql:UPDATE review_item SET scorecard_question_id=?, upload_id=?, answer=?, sort=?, modify_user=?, modify_date=CURRENT WHERE review_item_id=?
execute sql:SELECT review_item_comment_id FROM review_item_comment WHERE review_item_id=?
execute sql:UPDATE review_item_comment SET resource_id=?, comment_type_id=?, evaluation_type_id=?, content=?, extra_info=?, sort=?, modify_user=?, modify_date=CURRENT WHERE review_item_comment_id=?
delete entry from review_item_comment with the review_item_comment_id:1
generate new review Item id :3
insert record into review_item with new id:3
generate new review Item comment id :5
insert record into review_item_comment with new id:5
generate new review Item comment id :6
insert record into review_item_comment with new id:6
generate new review Item comment id :7
insert record into review_item_comment with new id:7
delete entry from review_item_comment with the review item id:2
delete entry from review_item with the review item id:2
commit the transaction.
close the connection.
Instantiate InformixReviewPersistence from the namespace:com.topcoder.management.review.persistence.InformixReviewPersistence
Read required propery[connection.name] with value[informix_connection] from namespace [com.topcoder.management.review.persistence.InformixReviewPersistence].
Read required propery[connection.factory_class] with value[com.topcoder.db.connectionfactory.DBConnectionFactoryImpl] from namespace [com.topcoder.management.review.persistence.InformixReviewPersistence].
Read required propery[connection.factory_namespace] with value[com.topcoder.db.connectionfactory.DBConnectionFactoryImpl] from namespace [com.topcoder.management.review.persistence.InformixReviewPersistence].
Read required propery[search_bundle_manager_namespace] with value[com.topcoder.search.builder.SearchBundleManager] from namespace [com.topcoder.management.review.persistence.InformixReviewPersistence].
Read required propery[search_bundle_name] with value[ReviewSearchBundle] from namespace [com.topcoder.management.review.persistence.InformixReviewPersistence].
operator: topcoderreviewId: Unknown - creating new Review.
operator: UnknownreviewId: Unknown - creating db connection using connection name: informix_connection
operator: UnknownreviewId: Unknown - start transaction.
Get new review id :1
insert record into review with new id:1
generate new review comment id :1
insert record into review_comment with new id:1
generate new review comment id :2
insert record into review_comment with new id:2
generate new review Item id :1
insert record into review_item with new id:1
generate new review Item comment id :1
insert record into review_item_comment with new id:1
generate new review Item comment id :2
insert record into review_item_comment with new id:2
generate new review Item id :2
insert record into review_item with new id:2
generate new review Item comment id :3
insert record into review_item_comment with new id:3
generate new review Item comment id :4
insert record into review_item_comment with new id:4
commit the transaction.
close the connection.
operator: topcoderreviewId: 1 - Update Review.
operator: UnknownreviewId: Unknown - creating db connection using connection name: informix_connection
operator: UnknownreviewId: Unknown - start transaction.
update record in the  review table with id:1
generate new review comment id :3
insert record into review_comment with new id:3
generate new review comment id :4
insert record into review_comment with new id:4
delete entry from review_comment with the review comment id:1
delete entry from review_comment with the review comment id:2
generate new review Item id :3
insert record into review_item with new id:3
operator: topcoderreviewId: 1 - Error occurs during update Review.
com.topcoder.management.review.ReviewPersistenceException: Unable to generate id for review item comment., caused by The specified IDName does not exist in the database.
	at com.topcoder.management.review.persistence.InformixReviewPersistence.createReviewItemComments(InformixReviewPersistence.java:1145)
	at com.topcoder.management.review.persistence.InformixReviewPersistence.createReviewItems(InformixReviewPersistence.java:1090)
	at com.topcoder.management.review.persistence.InformixReviewPersistence.updateReviewItems(InformixReviewPersistence.java:1419)
	at com.topcoder.management.review.persistence.InformixReviewPersistence.updateReview(InformixReviewPersistence.java:1280)
	at com.topcoder.management.review.persistence.InformixReviewPersistence.updateReview(InformixReviewPersistence.java:1208)
	at com.topcoder.management.review.persistence.InformixReviewPersistenceTest.testAccuracyUpdateReview2(InformixReviewPersistenceTest.java:1929)
	at sun.reflect.NativeMethodAccessorImpl.invoke0(Native Method)
	at sun.reflect.NativeMethodAccessorImpl.invoke(NativeMethodAccessorImpl.java:39)
	at sun.reflect.DelegatingMethodAccessorImpl.invoke(DelegatingMethodAccessorImpl.java:25)
	at java.lang.reflect.Method.invoke(Method.java:597)
	at junit.framework.TestCase.runTest(TestCase.java:164)
	at junit.framework.TestCase.runBare(TestCase.java:130)
	at junit.framework.TestResult$1.protect(TestResult.java:106)
	at junit.framework.TestResult.runProtected(TestResult.java:124)
	at junit.framework.TestResult.run(TestResult.java:109)
	at junit.framework.TestCase.run(TestCase.java:120)
	at junit.framework.TestSuite.runTest(TestSuite.java:230)
	at junit.framework.TestSuite.run(TestSuite.java:225)
	at junit.framework.TestSuite.runTest(TestSuite.java:230)
	at junit.framework.TestSuite.run(TestSuite.java:225)
	at junit.framework.TestSuite.runTest(TestSuite.java:230)
	at junit.framework.TestSuite.run(TestSuite.java:225)
	at org.apache.tools.ant.taskdefs.optional.junit.JUnitTestRunner.run(JUnitTestRunner.java:421)
	at org.apache.tools.ant.taskdefs.optional.junit.JUnitTestRunner.launch(JUnitTestRunner.java:928)
	at org.apache.tools.ant.taskdefs.optional.junit.JUnitTestRunner.main(JUnitTestRunner.java:784)
Caused by: com.topcoder.util.idgenerator.NoSuchIDSequenceException: The specified IDName does not exist in the database.
	at com.topcoder.util.idgenerator.IDGeneratorImpl.getNextBlock(IDGeneratorImpl.java:223)
	at com.topcoder.util.idgenerator.IDGeneratorImpl.getNextID(IDGeneratorImpl.java:181)
	at com.topcoder.management.review.persistence.InformixReviewPersistence.createReviewItemComments(InformixReviewPersistence.java:1124)
	... 24 more
Caused by:com.topcoder.util.idgenerator.NoSuchIDSequenceException: The specified IDName does not exist in the database.
	at com.topcoder.util.idgenerator.IDGeneratorImpl.getNextBlock(IDGeneratorImpl.java:223)
	at com.topcoder.util.idgenerator.IDGeneratorImpl.getNextID(IDGeneratorImpl.java:181)
	at com.topcoder.management.review.persistence.InformixReviewPersistence.createReviewItemComments(InformixReviewPersistence.java:1124)
	at com.topcoder.management.review.persistence.InformixReviewPersistence.createReviewItems(InformixReviewPersistence.java:1090)
	at com.topcoder.management.review.persistence.InformixReviewPersistence.updateReviewItems(InformixReviewPersistence.java:1419)
	at com.topcoder.management.review.persistence.InformixReviewPersistence.updateReview(InformixReviewPersistence.java:1280)
	at com.topcoder.management.review.persistence.InformixReviewPersistence.updateReview(InformixReviewPersistence.java:1208)
	at com.topcoder.management.review.persistence.InformixReviewPersistenceTest.testAccuracyUpdateReview2(InformixReviewPersistenceTest.java:1929)
	at sun.reflect.NativeMethodAccessorImpl.invoke0(Native Method)
	at sun.reflect.NativeMethodAccessorImpl.invoke(NativeMethodAccessorImpl.java:39)
	at sun.reflect.DelegatingMethodAccessorImpl.invoke(DelegatingMethodAccessorImpl.java:25)
	at java.lang.reflect.Method.invoke(Method.java:597)
	at junit.framework.TestCase.runTest(TestCase.java:164)
	at junit.framework.TestCase.runBare(TestCase.java:130)
	at junit.framework.TestResult$1.protect(TestResult.java:106)
	at junit.framework.TestResult.runProtected(TestResult.java:124)
	at junit.framework.TestResult.run(TestResult.java:109)
	at junit.framework.TestCase.run(TestCase.java:120)
	at junit.framework.TestSuite.runTest(TestSuite.java:230)
	at junit.framework.TestSuite.run(TestSuite.java:225)
	at junit.framework.TestSuite.runTest(TestSuite.java:230)
	at junit.framework.TestSuite.run(TestSuite.java:225)
	at junit.framework.TestSuite.runTest(TestSuite.java:230)
	at junit.framework.TestSuite.run(TestSuite.java:225)
	at org.apache.tools.ant.taskdefs.optional.junit.JUnitTestRunner.run(JUnitTestRunner.java:421)
	at org.apache.tools.ant.taskdefs.optional.junit.JUnitTestRunner.launch(JUnitTestRunner.java:928)
	at org.apache.tools.ant.taskdefs.optional.junit.JUnitTestRunner.main(JUnitTestRunner.java:784)

rollback the transaction.
close the connection.
Instantiate InformixReviewPersistence from the namespace:com.topcoder.management.review.persistence.InformixReviewPersistence
Read required propery[connection.name] with value[informix_connection] from namespace [com.topcoder.management.review.persistence.InformixReviewPersistence].
Read required propery[connection.factory_class] with value[com.topcoder.db.connectionfactory.DBConnectionFactoryImpl] from namespace [com.topcoder.management.review.persistence.InformixReviewPersistence].
Read required propery[connection.factory_namespace] with value[com.topcoder.db.connectionfactory.DBConnectionFactoryImpl] from namespace [com.topcoder.management.review.persistence.InformixReviewPersistence].
Read required propery[search_bundle_manager_namespace] with value[com.topcoder.search.builder.SearchBundleManager] from namespace [com.topcoder.management.review.persistence.InformixReviewPersistence].
Read required propery[search_bundle_name] with value[ReviewSearchBundle] from namespace [com.topcoder.management.review.persistence.InformixReviewPersistence].
Instantiate InformixReviewPersistence from the namespace:com.topcoder.management.review.persistence.InformixReviewPersistence
Read required propery[connection.name] with value[informix_connection] from namespace [com.topcoder.management.review.persistence.InformixReviewPersistence].
Read required propery[connection.factory_class] with value[com.topcoder.db.connectionfactory.DBConnectionFactoryImpl] from namespace [com.topcoder.management.review.persistence.InformixReviewPersistence].
Read required propery[connection.factory_namespace] with value[com.topcoder.db.connectionfactory.DBConnectionFactoryImpl] from namespace [com.topcoder.management.review.persistence.InformixReviewPersistence].
Read required propery[search_bundle_manager_namespace] with value[com.topcoder.search.builder.SearchBundleManager] from namespace [com.topcoder.management.review.persistence.InformixReviewPersistence].
Read required propery[search_bundle_name] with value[ReviewSearchBundle] from namespace [com.topcoder.management.review.persistence.InformixReviewPersistence].
Instantiate InformixReviewPersistence from the namespace:com.topcoder.management.review.persistence.InformixReviewPersistence
Read required propery[connection.name] with value[informix_connection] from namespace [com.topcoder.management.review.persistence.InformixReviewPersistence].
Read required propery[connection.factory_class] with value[com.topcoder.db.connectionfactory.DBConnectionFactoryImpl] from namespace [com.topcoder.management.review.persistence.InformixReviewPersistence].
Read required propery[connection.factory_namespace] with value[com.topcoder.db.connectionfactory.DBConnectionFactoryImpl] from namespace [com.topcoder.management.review.persistence.InformixReviewPersistence].
Read required propery[search_bundle_manager_namespace] with value[com.topcoder.search.builder.SearchBundleManager] from namespace [com.topcoder.management.review.persistence.InformixReviewPersistence].
Read required propery[search_bundle_name] with value[ReviewSearchBundle] from namespace [com.topcoder.management.review.persistence.InformixReviewPersistence].
Instantiate InformixReviewPersistence from the namespace:com.topcoder.management.review.persistence.InformixReviewPersistence
Read required propery[connection.name] with value[informix_connection] from namespace [com.topcoder.management.review.persistence.InformixReviewPersistence].
Read required propery[connection.factory_class] with value[com.topcoder.db.connectionfactory.DBConnectionFactoryImpl] from namespace [com.topcoder.management.review.persistence.InformixReviewPersistence].
Read required propery[connection.factory_namespace] with value[com.topcoder.db.connectionfactory.DBConnectionFactoryImpl] from namespace [com.topcoder.management.review.persistence.InformixReviewPersistence].
Read required propery[search_bundle_manager_namespace] with value[com.topcoder.search.builder.SearchBundleManager] from namespace [com.topcoder.management.review.persistence.InformixReviewPersistence].
Read required propery[search_bundle_name] with value[ReviewSearchBundle] from namespace [com.topcoder.management.review.persistence.InformixReviewPersistence].
Instantiate InformixReviewPersistence from the namespace:com.topcoder.management.review.persistence.InformixReviewPersistence
Read required propery[connection.name] with value[informix_connection] from namespace [com.topcoder.management.review.persistence.InformixReviewPersistence].
Read required propery[connection.factory_class] with value[com.topcoder.db.connectionfactory.DBConnectionFactoryImpl] from namespace [com.topcoder.management.review.persistence.InformixReviewPersistence].
Read required propery[connection.factory_namespace] with value[com.topcoder.db.connectionfactory.DBConnectionFactoryImpl] from namespace [com.topcoder.management.review.persistence.InformixReviewPersistence].
Read required propery[search_bundle_manager_namespace] with value[com.topcoder.search.builder.SearchBundleManager] from namespace [com.topcoder.management.review.persistence.InformixReviewPersistence].
Read required propery[search_bundle_name] with value[ReviewSearchBundle] from namespace [com.topcoder.management.review.persistence.InformixReviewPersistence].
Instantiate InformixReviewPersistence from the namespace:com.topcoder.management.review.persistence.InformixReviewPersistence
Read required propery[connection.name] with value[informix_connection] from namespace [com.topcoder.management.review.persistence.InformixReviewPersistence].
Read required propery[connection.factory_class] with value[com.topcoder.db.connectionfactory.DBConnectionFactoryImpl] from namespace [com.topcoder.management.review.persistence.InformixReviewPersistence].
Read required propery[connection.factory_namespace] with value[com.topcoder.db.connectionfactory.DBConnectionFactoryImpl] from namespace [com.topcoder.management.review.persistence.InformixReviewPersistence].
Read required propery[search_bundle_manager_namespace] with value[com.topcoder.search.builder.SearchBundleManager] from namespace [com.topcoder.management.review.persistence.InformixReviewPersistence].
Read required propery[search_bundle_name] with value[ReviewSearchBundle] from namespace [com.topcoder.management.review.persistence.InformixReviewPersistence].
Instantiate InformixReviewPersistence from the namespace:com.topcoder.management.review.persistence.InformixReviewPersistence
Read required propery[connection.name] with value[informix_connection] from namespace [com.topcoder.management.review.persistence.InformixReviewPersistence].
Read required propery[connection.factory_class] with value[com.topcoder.db.connectionfactory.DBConnectionFactoryImpl] from namespace [com.topcoder.management.review.persistence.InformixReviewPersistence].
Read required propery[connection.factory_namespace] with value[com.topcoder.db.connectionfactory.DBConnectionFactoryImpl] from namespace [com.topcoder.management.review.persistence.InformixReviewPersistence].
Read required propery[search_bundle_manager_namespace] with value[com.topcoder.search.builder.SearchBundleManager] from namespace [com.topcoder.management.review.persistence.InformixReviewPersistence].
Read required propery[search_bundle_name] with value[ReviewSearchBundle] from namespace [com.topcoder.management.review.persistence.InformixReviewPersistence].
Instantiate InformixReviewPersistence from the namespace:com.topcoder.management.review.persistence.InformixReviewPersistence
Read required propery[connection.name] with value[informix_connection] from namespace [com.topcoder.management.review.persistence.InformixReviewPersistence].
Read required propery[connection.factory_class] with value[com.topcoder.db.connectionfactory.DBConnectionFactoryImpl] from namespace [com.topcoder.management.review.persistence.InformixReviewPersistence].
Read required propery[connection.factory_namespace] with value[com.topcoder.db.connectionfactory.DBConnectionFactoryImpl] from namespace [com.topcoder.management.review.persistence.InformixReviewPersistence].
Read required propery[search_bundle_manager_namespace] with value[com.topcoder.search.builder.SearchBundleManager] from namespace [com.topcoder.management.review.persistence.InformixReviewPersistence].
Read required propery[search_bundle_name] with value[ReviewSearchBundle] from namespace [com.topcoder.management.review.persistence.InformixReviewPersistence].
Instantiate InformixReviewPersistence from the namespace:com.topcoder.management.review.persistence.InformixReviewPersistence
Read required propery[connection.name] with value[informix_connection] from namespace [com.topcoder.management.review.persistence.InformixReviewPersistence].
Read required propery[connection.factory_class] with value[com.topcoder.db.connectionfactory.DBConnectionFactoryImpl] from namespace [com.topcoder.management.review.persistence.InformixReviewPersistence].
Read required propery[connection.factory_namespace] with value[com.topcoder.db.connectionfactory.DBConnectionFactoryImpl] from namespace [com.topcoder.management.review.persistence.InformixReviewPersistence].
Read required propery[search_bundle_manager_namespace] with value[com.topcoder.search.builder.SearchBundleManager] from namespace [com.topcoder.management.review.persistence.InformixReviewPersistence].
Read required propery[search_bundle_name] with value[ReviewSearchBundle] from namespace [com.topcoder.management.review.persistence.InformixReviewPersistence].
Instantiate InformixReviewPersistence from the namespace:com.topcoder.management.review.persistence.InformixReviewPersistence
Read required propery[connection.name] with value[informix_connection] from namespace [com.topcoder.management.review.persistence.InformixReviewPersistence].
Read required propery[connection.factory_class] with value[com.topcoder.db.connectionfactory.DBConnectionFactoryImpl] from namespace [com.topcoder.management.review.persistence.InformixReviewPersistence].
Read required propery[connection.factory_namespace] with value[com.topcoder.db.connectionfactory.DBConnectionFactoryImpl] from namespace [com.topcoder.management.review.persistence.InformixReviewPersistence].
Read required propery[search_bundle_manager_namespace] with value[com.topcoder.search.builder.SearchBundleManager] from namespace [com.topcoder.management.review.persistence.InformixReviewPersistence].
Read required propery[search_bundle_name] with value[ReviewSearchBundle] from namespace [com.topcoder.management.review.persistence.InformixReviewPersistence].
Instantiate InformixReviewPersistence from the namespace:com.topcoder.management.review.persistence.InformixReviewPersistence
Read required propery[connection.name] with value[informix_connection] from namespace [com.topcoder.management.review.persistence.InformixReviewPersistence].
Read required propery[connection.factory_class] with value[com.topcoder.db.connectionfactory.DBConnectionFactoryImpl] from namespace [com.topcoder.management.review.persistence.InformixReviewPersistence].
Read required propery[connection.factory_namespace] with value[com.topcoder.db.connectionfactory.DBConnectionFactoryImpl] from namespace [com.topcoder.management.review.persistence.InformixReviewPersistence].
Read required propery[search_bundle_manager_namespace] with value[com.topcoder.search.builder.SearchBundleManager] from namespace [com.topcoder.management.review.persistence.InformixReviewPersistence].
Read required propery[search_bundle_name] with value[ReviewSearchBundle] from namespace [com.topcoder.management.review.persistence.InformixReviewPersistence].
Instantiate InformixReviewPersistence from the namespace:com.topcoder.management.review.persistence.InformixReviewPersistence
Read required propery[connection.name] with value[informix_connection] from namespace [com.topcoder.management.review.persistence.InformixReviewPersistence].
Read required propery[connection.factory_class] with value[com.topcoder.db.connectionfactory.DBConnectionFactoryImpl] from namespace [com.topcoder.management.review.persistence.InformixReviewPersistence].
Read required propery[connection.factory_namespace] with value[com.topcoder.db.connectionfactory.DBConnectionFactoryImpl] from namespace [com.topcoder.management.review.persistence.InformixReviewPersistence].
Read required propery[search_bundle_manager_namespace] with value[com.topcoder.search.builder.SearchBundleManager] from namespace [com.topcoder.management.review.persistence.InformixReviewPersistence].
Read required propery[search_bundle_name] with value[ReviewSearchBundle] from namespace [com.topcoder.management.review.persistence.InformixReviewPersistence].
Instantiate InformixReviewPersistence from the namespace:com.topcoder.management.review.persistence.InformixReviewPersistence
Read required propery[connection.name] with value[informix_connection] from namespace [com.topcoder.management.review.persistence.InformixReviewPersistence].
Read required propery[connection.factory_class] with value[com.topcoder.db.connectionfactory.DBConnectionFactoryImpl] from namespace [com.topcoder.management.review.persistence.InformixReviewPersistence].
Read required propery[connection.factory_namespace] with value[com.topcoder.db.connectionfactory.DBConnectionFactoryImpl] from namespace [com.topcoder.management.review.persistence.InformixReviewPersistence].
Read required propery[search_bundle_manager_namespace] with value[com.topcoder.search.builder.SearchBundleManager] from namespace [com.topcoder.management.review.persistence.InformixReviewPersistence].
Read required propery[search_bundle_name] with value[ReviewSearchBundle] from namespace [com.topcoder.management.review.persistence.InformixReviewPersistence].
Instantiate InformixReviewPersistence from the namespace:com.topcoder.management.review.persistence.InformixReviewPersistence
Read required propery[connection.name] with value[informix_connection] from namespace [com.topcoder.management.review.persistence.InformixReviewPersistence].
Read required propery[connection.factory_class] with value[com.topcoder.db.connectionfactory.DBConnectionFactoryImpl] from namespace [com.topcoder.management.review.persistence.InformixReviewPersistence].
Read required propery[connection.factory_namespace] with value[com.topcoder.db.connectionfactory.DBConnectionFactoryImpl] from namespace [com.topcoder.management.review.persistence.InformixReviewPersistence].
Read required propery[search_bundle_manager_namespace] with value[com.topcoder.search.builder.SearchBundleManager] from namespace [com.topcoder.management.review.persistence.InformixReviewPersistence].
Read required propery[search_bundle_name] with value[ReviewSearchBundle] from namespace [com.topcoder.management.review.persistence.InformixReviewPersistence].
Instantiate InformixReviewPersistence from the namespace:com.topcoder.management.review.persistence.InformixReviewPersistence
Read required propery[connection.name] with value[informix_connection] from namespace [com.topcoder.management.review.persistence.InformixReviewPersistence].
Read required propery[connection.factory_class] with value[com.topcoder.db.connectionfactory.DBConnectionFactoryImpl] from namespace [com.topcoder.management.review.persistence.InformixReviewPersistence].
Read required propery[connection.factory_namespace] with value[com.topcoder.db.connectionfactory.DBConnectionFactoryImpl] from namespace [com.topcoder.management.review.persistence.InformixReviewPersistence].
Read required propery[search_bundle_manager_namespace] with value[com.topcoder.search.builder.SearchBundleManager] from namespace [com.topcoder.management.review.persistence.InformixReviewPersistence].
Read required propery[search_bundle_name] with value[ReviewSearchBundle] from namespace [com.topcoder.management.review.persistence.InformixReviewPersistence].
Instantiate InformixReviewPersistence from the namespace:com.topcoder.management.review.persistence.InformixReviewPersistence
Read required propery[connection.name] with value[informix_connection] from namespace [com.topcoder.management.review.persistence.InformixReviewPersistence].
Read required propery[connection.factory_class] with value[com.topcoder.db.connectionfactory.DBConnectionFactoryImpl] from namespace [com.topcoder.management.review.persistence.InformixReviewPersistence].
Read required propery[connection.factory_namespace] with value[com.topcoder.db.connectionfactory.DBConnectionFactoryImpl] from namespace [com.topcoder.management.review.persistence.InformixReviewPersistence].
Read required propery[search_bundle_manager_namespace] with value[com.topcoder.search.builder.SearchBundleManager] from namespace [com.topcoder.management.review.persistence.InformixReviewPersistence].
Read required propery[search_bundle_name] with value[ReviewSearchBundle] from namespace [com.topcoder.management.review.persistence.InformixReviewPersistence].
Instantiate InformixReviewPersistence from the namespace:com.topcoder.management.review.persistence.InformixReviewPersistence
Read required propery[connection.name] with value[informix_connection] from namespace [com.topcoder.management.review.persistence.InformixReviewPersistence].
Read required propery[connection.factory_class] with value[com.topcoder.db.connectionfactory.DBConnectionFactoryImpl] from namespace [com.topcoder.management.review.persistence.InformixReviewPersistence].
Read required propery[connection.factory_namespace] with value[com.topcoder.db.connectionfactory.DBConnectionFactoryImpl] from namespace [com.topcoder.management.review.persistence.InformixReviewPersistence].
Read required propery[search_bundle_manager_namespace] with value[com.topcoder.search.builder.SearchBundleManager] from namespace [com.topcoder.management.review.persistence.InformixReviewPersistence].
Read required propery[search_bundle_name] with value[ReviewSearchBundle] from namespace [com.topcoder.management.review.persistence.InformixReviewPersistence].
Instantiate InformixReviewPersistence from the namespace:com.topcoder.management.review.persistence.InformixReviewPersistence
Read required propery[connection.name] with value[informix_connection] from namespace [com.topcoder.management.review.persistence.InformixReviewPersistence].
Read required propery[connection.factory_class] with value[com.topcoder.db.connectionfactory.DBConnectionFactoryImpl] from namespace [com.topcoder.management.review.persistence.InformixReviewPersistence].
Read required propery[connection.factory_namespace] with value[com.topcoder.db.connectionfactory.DBConnectionFactoryImpl] from namespace [com.topcoder.management.review.persistence.InformixReviewPersistence].
Read required propery[search_bundle_manager_namespace] with value[com.topcoder.search.builder.SearchBundleManager] from namespace [com.topcoder.management.review.persistence.InformixReviewPersistence].
Read required propery[search_bundle_name] with value[ReviewSearchBundle] from namespace [com.topcoder.management.review.persistence.InformixReviewPersistence].
Instantiate InformixReviewPersistence from the namespace:com.topcoder.management.review.persistence.InformixReviewPersistence
Read required propery[connection.name] with value[informix_connection] from namespace [com.topcoder.management.review.persistence.InformixReviewPersistence].
Read required propery[connection.factory_class] with value[com.topcoder.db.connectionfactory.DBConnectionFactoryImpl] from namespace [com.topcoder.management.review.persistence.InformixReviewPersistence].
Read required propery[connection.factory_namespace] with value[com.topcoder.db.connectionfactory.DBConnectionFactoryImpl] from namespace [com.topcoder.management.review.persistence.InformixReviewPersistence].
Read required propery[search_bundle_manager_namespace] with value[com.topcoder.search.builder.SearchBundleManager] from namespace [com.topcoder.management.review.persistence.InformixReviewPersistence].
Read required propery[search_bundle_name] with value[ReviewSearchBundle] from namespace [com.topcoder.management.review.persistence.InformixReviewPersistence].
Instantiate InformixReviewPersistence from the namespace:com.topcoder.management.review.persistence.InformixReviewPersistence
Read required propery[connection.name] with value[informix_connection] from namespace [com.topcoder.management.review.persistence.InformixReviewPersistence].
Read required propery[connection.factory_class] with value[com.topcoder.db.connectionfactory.DBConnectionFactoryImpl] from namespace [com.topcoder.management.review.persistence.InformixReviewPersistence].
Read required propery[connection.factory_namespace] with value[com.topcoder.db.connectionfactory.DBConnectionFactoryImpl] from namespace [com.topcoder.management.review.persistence.InformixReviewPersistence].
Read required propery[search_bundle_manager_namespace] with value[com.topcoder.search.builder.SearchBundleManager] from namespace [com.topcoder.management.review.persistence.InformixReviewPersistence].
Read required propery[search_bundle_name] with value[ReviewSearchBundle] from namespace [com.topcoder.management.review.persistence.InformixReviewPersistence].
Instantiate InformixReviewPersistence from the namespace:com.topcoder.management.review.persistence.InformixReviewPersistence
Read required propery[connection.name] with value[informix_connection] from namespace [com.topcoder.management.review.persistence.InformixReviewPersistence].
Read required propery[connection.factory_class] with value[com.topcoder.db.connectionfactory.DBConnectionFactoryImpl] from namespace [com.topcoder.management.review.persistence.InformixReviewPersistence].
Read required propery[connection.factory_namespace] with value[com.topcoder.db.connectionfactory.DBConnectionFactoryImpl] from namespace [com.topcoder.management.review.persistence.InformixReviewPersistence].
Read required propery[search_bundle_manager_namespace] with value[com.topcoder.search.builder.SearchBundleManager] from namespace [com.topcoder.management.review.persistence.InformixReviewPersistence].
Read required propery[search_bundle_name] with value[ReviewSearchBundle] from namespace [com.topcoder.management.review.persistence.InformixReviewPersistence].
Instantiate InformixReviewPersistence from the namespace:com.topcoder.management.review.persistence.InformixReviewPersistence
Read required propery[connection.name] with value[informix_connection] from namespace [com.topcoder.management.review.persistence.InformixReviewPersistence].
Read required propery[connection.factory_class] with value[com.topcoder.db.connectionfactory.DBConnectionFactoryImpl] from namespace [com.topcoder.management.review.persistence.InformixReviewPersistence].
Read required propery[connection.factory_namespace] with value[com.topcoder.db.connectionfactory.DBConnectionFactoryImpl] from namespace [com.topcoder.management.review.persistence.InformixReviewPersistence].
Read required propery[search_bundle_manager_namespace] with value[com.topcoder.search.builder.SearchBundleManager] from namespace [com.topcoder.management.review.persistence.InformixReviewPersistence].
Read required propery[search_bundle_name] with value[ReviewSearchBundle] from namespace [com.topcoder.management.review.persistence.InformixReviewPersistence].
operator: topcoderreviewId: 1 - Update Review.
operator: UnknownreviewId: Unknown - creating db connection using connection name: informix_connection
operator: UnknownreviewId: Unknown - start transaction.
operator: topcoderreviewId: 1 - The review id [1] does not exist in the database.
operator: topcoderreviewId: 1 - Error occurs during update Review.
com.topcoder.management.review.ReviewEntityNotFoundException: The review id [1] does not exist in the database.
	at com.topcoder.management.review.persistence.InformixReviewPersistence.updateReview(InformixReviewPersistence.java:1203)
	at com.topcoder.management.review.persistence.InformixReviewPersistenceTest.testFailureUpdateReview23(InformixReviewPersistenceTest.java:2649)
	at sun.reflect.NativeMethodAccessorImpl.invoke0(Native Method)
	at sun.reflect.NativeMethodAccessorImpl.invoke(NativeMethodAccessorImpl.java:39)
	at sun.reflect.DelegatingMethodAccessorImpl.invoke(DelegatingMethodAccessorImpl.java:25)
	at java.lang.reflect.Method.invoke(Method.java:597)
	at junit.framework.TestCase.runTest(TestCase.java:164)
	at junit.framework.TestCase.runBare(TestCase.java:130)
	at junit.framework.TestResult$1.protect(TestResult.java:106)
	at junit.framework.TestResult.runProtected(TestResult.java:124)
	at junit.framework.TestResult.run(TestResult.java:109)
	at junit.framework.TestCase.run(TestCase.java:120)
	at junit.framework.TestSuite.runTest(TestSuite.java:230)
	at junit.framework.TestSuite.run(TestSuite.java:225)
	at junit.framework.TestSuite.runTest(TestSuite.java:230)
	at junit.framework.TestSuite.run(TestSuite.java:225)
	at junit.framework.TestSuite.runTest(TestSuite.java:230)
	at junit.framework.TestSuite.run(TestSuite.java:225)
	at org.apache.tools.ant.taskdefs.optional.junit.JUnitTestRunner.run(JUnitTestRunner.java:421)
	at org.apache.tools.ant.taskdefs.optional.junit.JUnitTestRunner.launch(JUnitTestRunner.java:928)
	at org.apache.tools.ant.taskdefs.optional.junit.JUnitTestRunner.main(JUnitTestRunner.java:784)

rollback the transaction.
close the connection.
Instantiate InformixReviewPersistence from the namespace:com.topcoder.management.review.persistence.InformixReviewPersistence
Read required propery[connection.name] with value[informix_connection] from namespace [com.topcoder.management.review.persistence.InformixReviewPersistence].
Read required propery[connection.factory_class] with value[com.topcoder.db.connectionfactory.DBConnectionFactoryImpl] from namespace [com.topcoder.management.review.persistence.InformixReviewPersistence].
Read required propery[connection.factory_namespace] with value[com.topcoder.db.connectionfactory.DBConnectionFactoryImpl] from namespace [com.topcoder.management.review.persistence.InformixReviewPersistence].
Read required propery[search_bundle_manager_namespace] with value[com.topcoder.search.builder.SearchBundleManager] from namespace [com.topcoder.management.review.persistence.InformixReviewPersistence].
Read required propery[search_bundle_name] with value[ReviewSearchBundle] from namespace [com.topcoder.management.review.persistence.InformixReviewPersistence].
operator: topcoderreviewId: 1 - Update Review.
operator: UnknownreviewId: Unknown - creating db connection using connection name: informix_connection
operator: UnknownreviewId: Unknown - start transaction.
update record in the  review table with id:1
generate new review comment id :1
insert record into review_comment with new id:1
generate new review comment id :2
insert record into review_comment with new id:2
generate new review Item id :1
insert record into review_item with new id:1
generate new review Item comment id :1
insert record into review_item_comment with new id:1
generate new review Item comment id :2
insert record into review_item_comment with new id:2
generate new review Item id :2
insert record into review_item with new id:2
generate new review Item comment id :3
insert record into review_item_comment with new id:3
generate new review Item comment id :4
insert record into review_item_comment with new id:4
commit the transaction.
close the connection.
Instantiate InformixReviewPersistence from the namespace:com.topcoder.management.review.persistence.InformixReviewPersistence
Read required propery[connection.name] with value[informix_connection] from namespace [com.topcoder.management.review.persistence.InformixReviewPersistence].
Read required propery[connection.factory_class] with value[com.topcoder.db.connectionfactory.DBConnectionFactoryImpl] from namespace [com.topcoder.management.review.persistence.InformixReviewPersistence].
Read required propery[connection.factory_namespace] with value[com.topcoder.db.connectionfactory.DBConnectionFactoryImpl] from namespace [com.topcoder.management.review.persistence.InformixReviewPersistence].
Read required propery[search_bundle_manager_namespace] with value[com.topcoder.search.builder.SearchBundleManager] from namespace [com.topcoder.management.review.persistence.InformixReviewPersistence].
Read required propery[search_bundle_name] with value[ReviewSearchBundle] from namespace [com.topcoder.management.review.persistence.InformixReviewPersistence].
operator: topcoderreviewId: 1 - Update Review.
operator: UnknownreviewId: Unknown - creating db connection using connection name: informix_connection
operator: UnknownreviewId: Unknown - start transaction.
update record in the  review table with id:1
operator: topcoderreviewId: 1 - Error occurs during update Review.
com.topcoder.management.review.ReviewPersistenceException: Unable to generate id for review comment., caused by The specified IDName does not exist in the database.
	at com.topcoder.management.review.persistence.InformixReviewPersistence.createReviewComments(InformixReviewPersistence.java:1041)
	at com.topcoder.management.review.persistence.InformixReviewPersistence.updateReviewComments(InformixReviewPersistence.java:1333)
	at com.topcoder.management.review.persistence.InformixReviewPersistence.updateReview(InformixReviewPersistence.java:1276)
	at com.topcoder.management.review.persistence.InformixReviewPersistence.updateReview(InformixReviewPersistence.java:1208)
	at com.topcoder.management.review.persistence.InformixReviewPersistenceTest.testFailureUpdateReview25(InformixReviewPersistenceTest.java:2727)
	at sun.reflect.NativeMethodAccessorImpl.invoke0(Native Method)
	at sun.reflect.NativeMethodAccessorImpl.invoke(NativeMethodAccessorImpl.java:39)
	at sun.reflect.DelegatingMethodAccessorImpl.invoke(DelegatingMethodAccessorImpl.java:25)
	at java.lang.reflect.Method.invoke(Method.java:597)
	at junit.framework.TestCase.runTest(TestCase.java:164)
	at junit.framework.TestCase.runBare(TestCase.java:130)
	at junit.framework.TestResult$1.protect(TestResult.java:106)
	at junit.framework.TestResult.runProtected(TestResult.java:124)
	at junit.framework.TestResult.run(TestResult.java:109)
	at junit.framework.TestCase.run(TestCase.java:120)
	at junit.framework.TestSuite.runTest(TestSuite.java:230)
	at junit.framework.TestSuite.run(TestSuite.java:225)
	at junit.framework.TestSuite.runTest(TestSuite.java:230)
	at junit.framework.TestSuite.run(TestSuite.java:225)
	at junit.framework.TestSuite.runTest(TestSuite.java:230)
	at junit.framework.TestSuite.run(TestSuite.java:225)
	at org.apache.tools.ant.taskdefs.optional.junit.JUnitTestRunner.run(JUnitTestRunner.java:421)
	at org.apache.tools.ant.taskdefs.optional.junit.JUnitTestRunner.launch(JUnitTestRunner.java:928)
	at org.apache.tools.ant.taskdefs.optional.junit.JUnitTestRunner.main(JUnitTestRunner.java:784)
Caused by: com.topcoder.util.idgenerator.NoSuchIDSequenceException: The specified IDName does not exist in the database.
	at com.topcoder.util.idgenerator.IDGeneratorImpl.getNextBlock(IDGeneratorImpl.java:223)
	at com.topcoder.util.idgenerator.IDGeneratorImpl.getNextID(IDGeneratorImpl.java:181)
	at com.topcoder.management.review.persistence.InformixReviewPersistence.createReviewComments(InformixReviewPersistence.java:1023)
	... 23 more
Caused by:com.topcoder.util.idgenerator.NoSuchIDSequenceException: The specified IDName does not exist in the database.
	at com.topcoder.util.idgenerator.IDGeneratorImpl.getNextBlock(IDGeneratorImpl.java:223)
	at com.topcoder.util.idgenerator.IDGeneratorImpl.getNextID(IDGeneratorImpl.java:181)
	at com.topcoder.management.review.persistence.InformixReviewPersistence.createReviewComments(InformixReviewPersistence.java:1023)
	at com.topcoder.management.review.persistence.InformixReviewPersistence.updateReviewComments(InformixReviewPersistence.java:1333)
	at com.topcoder.management.review.persistence.InformixReviewPersistence.updateReview(InformixReviewPersistence.java:1276)
	at com.topcoder.management.review.persistence.InformixReviewPersistence.updateReview(InformixReviewPersistence.java:1208)
	at com.topcoder.management.review.persistence.InformixReviewPersistenceTest.testFailureUpdateReview25(InformixReviewPersistenceTest.java:2727)
	at sun.reflect.NativeMethodAccessorImpl.invoke0(Native Method)
	at sun.reflect.NativeMethodAccessorImpl.invoke(NativeMethodAccessorImpl.java:39)
	at sun.reflect.DelegatingMethodAccessorImpl.invoke(DelegatingMethodAccessorImpl.java:25)
	at java.lang.reflect.Method.invoke(Method.java:597)
	at junit.framework.TestCase.runTest(TestCase.java:164)
	at junit.framework.TestCase.runBare(TestCase.java:130)
	at junit.framework.TestResult$1.protect(TestResult.java:106)
	at junit.framework.TestResult.runProtected(TestResult.java:124)
	at junit.framework.TestResult.run(TestResult.java:109)
	at junit.framework.TestCase.run(TestCase.java:120)
	at junit.framework.TestSuite.runTest(TestSuite.java:230)
	at junit.framework.TestSuite.run(TestSuite.java:225)
	at junit.framework.TestSuite.runTest(TestSuite.java:230)
	at junit.framework.TestSuite.run(TestSuite.java:225)
	at junit.framework.TestSuite.runTest(TestSuite.java:230)
	at junit.framework.TestSuite.run(TestSuite.java:225)
	at org.apache.tools.ant.taskdefs.optional.junit.JUnitTestRunner.run(JUnitTestRunner.java:421)
	at org.apache.tools.ant.taskdefs.optional.junit.JUnitTestRunner.launch(JUnitTestRunner.java:928)
	at org.apache.tools.ant.taskdefs.optional.junit.JUnitTestRunner.main(JUnitTestRunner.java:784)

rollback the transaction.
close the connection.
Instantiate InformixReviewPersistence from the namespace:com.topcoder.management.review.persistence.InformixReviewPersistence
Read required propery[connection.name] with value[informix_connection] from namespace [com.topcoder.management.review.persistence.InformixReviewPersistence].
Read required propery[connection.factory_class] with value[com.topcoder.db.connectionfactory.DBConnectionFactoryImpl] from namespace [com.topcoder.management.review.persistence.InformixReviewPersistence].
Read required propery[connection.factory_namespace] with value[com.topcoder.db.connectionfactory.DBConnectionFactoryImpl] from namespace [com.topcoder.management.review.persistence.InformixReviewPersistence].
Read required propery[search_bundle_manager_namespace] with value[com.topcoder.search.builder.SearchBundleManager] from namespace [com.topcoder.management.review.persistence.InformixReviewPersistence].
Read required propery[search_bundle_name] with value[ReviewSearchBundle] from namespace [com.topcoder.management.review.persistence.InformixReviewPersistence].
operator: topcoderreviewId: 1 - Update Review.
operator: UnknownreviewId: Unknown - creating db connection using connection name: informix_connection
operator: UnknownreviewId: Unknown - start transaction.
update record in the  review table with id:1
generate new review comment id :1
insert record into review_comment with new id:1
generate new review comment id :2
insert record into review_comment with new id:2
operator: topcoderreviewId: 1 - Error occurs during update Review.
com.topcoder.management.review.ReviewPersistenceException: Unable to generate id for review item., caused by The specified IDName does not exist in the database.
	at com.topcoder.management.review.persistence.InformixReviewPersistence.createReviewItems(InformixReviewPersistence.java:1094)
	at com.topcoder.management.review.persistence.InformixReviewPersistence.updateReviewItems(InformixReviewPersistence.java:1419)
	at com.topcoder.management.review.persistence.InformixReviewPersistence.updateReview(InformixReviewPersistence.java:1280)
	at com.topcoder.management.review.persistence.InformixReviewPersistence.updateReview(InformixReviewPersistence.java:1208)
	at com.topcoder.management.review.persistence.InformixReviewPersistenceTest.testFailureUpdateReview26(InformixReviewPersistenceTest.java:2766)
	at sun.reflect.NativeMethodAccessorImpl.invoke0(Native Method)
	at sun.reflect.NativeMethodAccessorImpl.invoke(NativeMethodAccessorImpl.java:39)
	at sun.reflect.DelegatingMethodAccessorImpl.invoke(DelegatingMethodAccessorImpl.java:25)
	at java.lang.reflect.Method.invoke(Method.java:597)
	at junit.framework.TestCase.runTest(TestCase.java:164)
	at junit.framework.TestCase.runBare(TestCase.java:130)
	at junit.framework.TestResult$1.protect(TestResult.java:106)
	at junit.framework.TestResult.runProtected(TestResult.java:124)
	at junit.framework.TestResult.run(TestResult.java:109)
	at junit.framework.TestCase.run(TestCase.java:120)
	at junit.framework.TestSuite.runTest(TestSuite.java:230)
	at junit.framework.TestSuite.run(TestSuite.java:225)
	at junit.framework.TestSuite.runTest(TestSuite.java:230)
	at junit.framework.TestSuite.run(TestSuite.java:225)
	at junit.framework.TestSuite.runTest(TestSuite.java:230)
	at junit.framework.TestSuite.run(TestSuite.java:225)
	at org.apache.tools.ant.taskdefs.optional.junit.JUnitTestRunner.run(JUnitTestRunner.java:421)
	at org.apache.tools.ant.taskdefs.optional.junit.JUnitTestRunner.launch(JUnitTestRunner.java:928)
	at org.apache.tools.ant.taskdefs.optional.junit.JUnitTestRunner.main(JUnitTestRunner.java:784)
Caused by: com.topcoder.util.idgenerator.NoSuchIDSequenceException: The specified IDName does not exist in the database.
	at com.topcoder.util.idgenerator.IDGeneratorImpl.getNextBlock(IDGeneratorImpl.java:223)
	at com.topcoder.util.idgenerator.IDGeneratorImpl.getNextID(IDGeneratorImpl.java:181)
	at com.topcoder.management.review.persistence.InformixReviewPersistence.createReviewItems(InformixReviewPersistence.java:1071)
	... 23 more
Caused by:com.topcoder.util.idgenerator.NoSuchIDSequenceException: The specified IDName does not exist in the database.
	at com.topcoder.util.idgenerator.IDGeneratorImpl.getNextBlock(IDGeneratorImpl.java:223)
	at com.topcoder.util.idgenerator.IDGeneratorImpl.getNextID(IDGeneratorImpl.java:181)
	at com.topcoder.management.review.persistence.InformixReviewPersistence.createReviewItems(InformixReviewPersistence.java:1071)
	at com.topcoder.management.review.persistence.InformixReviewPersistence.updateReviewItems(InformixReviewPersistence.java:1419)
	at com.topcoder.management.review.persistence.InformixReviewPersistence.updateReview(InformixReviewPersistence.java:1280)
	at com.topcoder.management.review.persistence.InformixReviewPersistence.updateReview(InformixReviewPersistence.java:1208)
	at com.topcoder.management.review.persistence.InformixReviewPersistenceTest.testFailureUpdateReview26(InformixReviewPersistenceTest.java:2766)
	at sun.reflect.NativeMethodAccessorImpl.invoke0(Native Method)
	at sun.reflect.NativeMethodAccessorImpl.invoke(NativeMethodAccessorImpl.java:39)
	at sun.reflect.DelegatingMethodAccessorImpl.invoke(DelegatingMethodAccessorImpl.java:25)
	at java.lang.reflect.Method.invoke(Method.java:597)
	at junit.framework.TestCase.runTest(TestCase.java:164)
	at junit.framework.TestCase.runBare(TestCase.java:130)
	at junit.framework.TestResult$1.protect(TestResult.java:106)
	at junit.framework.TestResult.runProtected(TestResult.java:124)
	at junit.framework.TestResult.run(TestResult.java:109)
	at junit.framework.TestCase.run(TestCase.java:120)
	at junit.framework.TestSuite.runTest(TestSuite.java:230)
	at junit.framework.TestSuite.run(TestSuite.java:225)
	at junit.framework.TestSuite.runTest(TestSuite.java:230)
	at junit.framework.TestSuite.run(TestSuite.java:225)
	at junit.framework.TestSuite.runTest(TestSuite.java:230)
	at junit.framework.TestSuite.run(TestSuite.java:225)
	at org.apache.tools.ant.taskdefs.optional.junit.JUnitTestRunner.run(JUnitTestRunner.java:421)
	at org.apache.tools.ant.taskdefs.optional.junit.JUnitTestRunner.launch(JUnitTestRunner.java:928)
	at org.apache.tools.ant.taskdefs.optional.junit.JUnitTestRunner.main(JUnitTestRunner.java:784)

rollback the transaction.
close the connection.
Instantiate InformixReviewPersistence from the namespace:com.topcoder.management.review.persistence.InformixReviewPersistence
Read required propery[connection.name] with value[informix_connection] from namespace [com.topcoder.management.review.persistence.InformixReviewPersistence].
Read required propery[connection.factory_class] with value[com.topcoder.db.connectionfactory.DBConnectionFactoryImpl] from namespace [com.topcoder.management.review.persistence.InformixReviewPersistence].
Read required propery[connection.factory_namespace] with value[com.topcoder.db.connectionfactory.DBConnectionFactoryImpl] from namespace [com.topcoder.management.review.persistence.InformixReviewPersistence].
Read required propery[search_bundle_manager_namespace] with value[com.topcoder.search.builder.SearchBundleManager] from namespace [com.topcoder.management.review.persistence.InformixReviewPersistence].
Read required propery[search_bundle_name] with value[ReviewSearchBundle] from namespace [com.topcoder.management.review.persistence.InformixReviewPersistence].
operator: topcoderreviewId: 1 - Update Review.
operator: UnknownreviewId: Unknown - creating db connection using connection name: informix_connection
operator: UnknownreviewId: Unknown - start transaction.
update record in the  review table with id:1
generate new review comment id :1
insert record into review_comment with new id:1
generate new review comment id :2
insert record into review_comment with new id:2
generate new review Item id :1
insert record into review_item with new id:1
operator: topcoderreviewId: 1 - Error occurs during update Review.
com.topcoder.management.review.ReviewPersistenceException: Unable to generate id for review item comment., caused by The specified IDName does not exist in the database.
	at com.topcoder.management.review.persistence.InformixReviewPersistence.createReviewItemComments(InformixReviewPersistence.java:1145)
	at com.topcoder.management.review.persistence.InformixReviewPersistence.createReviewItems(InformixReviewPersistence.java:1090)
	at com.topcoder.management.review.persistence.InformixReviewPersistence.updateReviewItems(InformixReviewPersistence.java:1419)
	at com.topcoder.management.review.persistence.InformixReviewPersistence.updateReview(InformixReviewPersistence.java:1280)
	at com.topcoder.management.review.persistence.InformixReviewPersistence.updateReview(InformixReviewPersistence.java:1208)
	at com.topcoder.management.review.persistence.InformixReviewPersistenceTest.testFailureUpdateReview27(InformixReviewPersistenceTest.java:2807)
	at sun.reflect.NativeMethodAccessorImpl.invoke0(Native Method)
	at sun.reflect.NativeMethodAccessorImpl.invoke(NativeMethodAccessorImpl.java:39)
	at sun.reflect.DelegatingMethodAccessorImpl.invoke(DelegatingMethodAccessorImpl.java:25)
	at java.lang.reflect.Method.invoke(Method.java:597)
	at junit.framework.TestCase.runTest(TestCase.java:164)
	at junit.framework.TestCase.runBare(TestCase.java:130)
	at junit.framework.TestResult$1.protect(TestResult.java:106)
	at junit.framework.TestResult.runProtected(TestResult.java:124)
	at junit.framework.TestResult.run(TestResult.java:109)
	at junit.framework.TestCase.run(TestCase.java:120)
	at junit.framework.TestSuite.runTest(TestSuite.java:230)
	at junit.framework.TestSuite.run(TestSuite.java:225)
	at junit.framework.TestSuite.runTest(TestSuite.java:230)
	at junit.framework.TestSuite.run(TestSuite.java:225)
	at junit.framework.TestSuite.runTest(TestSuite.java:230)
	at junit.framework.TestSuite.run(TestSuite.java:225)
	at org.apache.tools.ant.taskdefs.optional.junit.JUnitTestRunner.run(JUnitTestRunner.java:421)
	at org.apache.tools.ant.taskdefs.optional.junit.JUnitTestRunner.launch(JUnitTestRunner.java:928)
	at org.apache.tools.ant.taskdefs.optional.junit.JUnitTestRunner.main(JUnitTestRunner.java:784)
Caused by: com.topcoder.util.idgenerator.NoSuchIDSequenceException: The specified IDName does not exist in the database.
	at com.topcoder.util.idgenerator.IDGeneratorImpl.getNextBlock(IDGeneratorImpl.java:223)
	at com.topcoder.util.idgenerator.IDGeneratorImpl.getNextID(IDGeneratorImpl.java:181)
	at com.topcoder.management.review.persistence.InformixReviewPersistence.createReviewItemComments(InformixReviewPersistence.java:1124)
	... 24 more
Caused by:com.topcoder.util.idgenerator.NoSuchIDSequenceException: The specified IDName does not exist in the database.
	at com.topcoder.util.idgenerator.IDGeneratorImpl.getNextBlock(IDGeneratorImpl.java:223)
	at com.topcoder.util.idgenerator.IDGeneratorImpl.getNextID(IDGeneratorImpl.java:181)
	at com.topcoder.management.review.persistence.InformixReviewPersistence.createReviewItemComments(InformixReviewPersistence.java:1124)
	at com.topcoder.management.review.persistence.InformixReviewPersistence.createReviewItems(InformixReviewPersistence.java:1090)
	at com.topcoder.management.review.persistence.InformixReviewPersistence.updateReviewItems(InformixReviewPersistence.java:1419)
	at com.topcoder.management.review.persistence.InformixReviewPersistence.updateReview(InformixReviewPersistence.java:1280)
	at com.topcoder.management.review.persistence.InformixReviewPersistence.updateReview(InformixReviewPersistence.java:1208)
	at com.topcoder.management.review.persistence.InformixReviewPersistenceTest.testFailureUpdateReview27(InformixReviewPersistenceTest.java:2807)
	at sun.reflect.NativeMethodAccessorImpl.invoke0(Native Method)
	at sun.reflect.NativeMethodAccessorImpl.invoke(NativeMethodAccessorImpl.java:39)
	at sun.reflect.DelegatingMethodAccessorImpl.invoke(DelegatingMethodAccessorImpl.java:25)
	at java.lang.reflect.Method.invoke(Method.java:597)
	at junit.framework.TestCase.runTest(TestCase.java:164)
	at junit.framework.TestCase.runBare(TestCase.java:130)
	at junit.framework.TestResult$1.protect(TestResult.java:106)
	at junit.framework.TestResult.runProtected(TestResult.java:124)
	at junit.framework.TestResult.run(TestResult.java:109)
	at junit.framework.TestCase.run(TestCase.java:120)
	at junit.framework.TestSuite.runTest(TestSuite.java:230)
	at junit.framework.TestSuite.run(TestSuite.java:225)
	at junit.framework.TestSuite.runTest(TestSuite.java:230)
	at junit.framework.TestSuite.run(TestSuite.java:225)
	at junit.framework.TestSuite.runTest(TestSuite.java:230)
	at junit.framework.TestSuite.run(TestSuite.java:225)
	at org.apache.tools.ant.taskdefs.optional.junit.JUnitTestRunner.run(JUnitTestRunner.java:421)
	at org.apache.tools.ant.taskdefs.optional.junit.JUnitTestRunner.launch(JUnitTestRunner.java:928)
	at org.apache.tools.ant.taskdefs.optional.junit.JUnitTestRunner.main(JUnitTestRunner.java:784)

rollback the transaction.
close the connection.
Instantiate InformixReviewPersistence from the namespace:com.topcoder.management.review.persistence.InformixReviewPersistence
Read required propery[connection.name] with value[informix_connection] from namespace [com.topcoder.management.review.persistence.InformixReviewPersistence].
Read required propery[connection.factory_class] with value[com.topcoder.db.connectionfactory.DBConnectionFactoryImpl] from namespace [com.topcoder.management.review.persistence.InformixReviewPersistence].
Read required propery[connection.factory_namespace] with value[com.topcoder.db.connectionfactory.DBConnectionFactoryImpl] from namespace [com.topcoder.management.review.persistence.InformixReviewPersistence].
Read required propery[search_bundle_manager_namespace] with value[com.topcoder.search.builder.SearchBundleManager] from namespace [com.topcoder.management.review.persistence.InformixReviewPersistence].
Read required propery[search_bundle_name] with value[ReviewSearchBundle] from namespace [com.topcoder.management.review.persistence.InformixReviewPersistence].
operator: topcoderreviewId: Unknown - creating new Review.
operator: UnknownreviewId: Unknown - creating db connection using connection name: informix_connection
operator: UnknownreviewId: Unknown - start transaction.
Get new review id :1
insert record into review with new id:1
generate new review comment id :1
insert record into review_comment with new id:1
generate new review comment id :2
insert record into review_comment with new id:2
generate new review Item id :1
insert record into review_item with new id:1
generate new review Item comment id :1
insert record into review_item_comment with new id:1
generate new review Item comment id :2
insert record into review_item_comment with new id:2
generate new review Item id :2
insert record into review_item with new id:2
generate new review Item comment id :3
insert record into review_item_comment with new id:3
generate new review Item comment id :4
insert record into review_item_comment with new id:4
commit the transaction.
close the connection.
operator: UnknownreviewId: 1 - Retrieve Review.
operator: UnknownreviewId: Unknown - creating db connection using connection name: informix_connection
operator: UnknownreviewId: Unknown - start transaction.
commit the transaction.
close the connection.
Instantiate InformixReviewPersistence from the namespace:com.topcoder.management.review.persistence.InformixReviewPersistence
Read required propery[connection.name] with value[informix_connection] from namespace [com.topcoder.management.review.persistence.InformixReviewPersistence].
Read required propery[connection.factory_class] with value[com.topcoder.db.connectionfactory.DBConnectionFactoryImpl] from namespace [com.topcoder.management.review.persistence.InformixReviewPersistence].
Read required propery[connection.factory_namespace] with value[com.topcoder.db.connectionfactory.DBConnectionFactoryImpl] from namespace [com.topcoder.management.review.persistence.InformixReviewPersistence].
Read required propery[search_bundle_manager_namespace] with value[com.topcoder.search.builder.SearchBundleManager] from namespace [com.topcoder.management.review.persistence.InformixReviewPersistence].
Read required propery[search_bundle_name] with value[ReviewSearchBundle] from namespace [com.topcoder.management.review.persistence.InformixReviewPersistence].
Instantiate InformixReviewPersistence from the namespace:com.topcoder.management.review.persistence.InformixReviewPersistence
Read required propery[connection.name] with value[informix_connection] from namespace [com.topcoder.management.review.persistence.InformixReviewPersistence].
Read required propery[connection.factory_class] with value[com.topcoder.db.connectionfactory.DBConnectionFactoryImpl] from namespace [com.topcoder.management.review.persistence.InformixReviewPersistence].
Read required propery[connection.factory_namespace] with value[com.topcoder.db.connectionfactory.DBConnectionFactoryImpl] from namespace [com.topcoder.management.review.persistence.InformixReviewPersistence].
Read required propery[search_bundle_manager_namespace] with value[com.topcoder.search.builder.SearchBundleManager] from namespace [com.topcoder.management.review.persistence.InformixReviewPersistence].
Read required propery[search_bundle_name] with value[ReviewSearchBundle] from namespace [com.topcoder.management.review.persistence.InformixReviewPersistence].
operator: UnknownreviewId: 1 - Retrieve Review.
operator: UnknownreviewId: Unknown - creating db connection using connection name: informix_connection
operator: UnknownreviewId: Unknown - start transaction.
operator: UnknownreviewId: 1 - The review id [1] does not exist in the database.
operator: UnknownreviewId: 1 - Error occurs during retreive Review.
com.topcoder.management.review.ReviewEntityNotFoundException: The review id [1] does not exist in the database.
	at com.topcoder.management.review.persistence.InformixReviewPersistence.getReview(InformixReviewPersistence.java:1743)
	at com.topcoder.management.review.persistence.InformixReviewPersistenceTest.testFailureGetReview2(InformixReviewPersistenceTest.java:2943)
	at sun.reflect.NativeMethodAccessorImpl.invoke0(Native Method)
	at sun.reflect.NativeMethodAccessorImpl.invoke(NativeMethodAccessorImpl.java:39)
	at sun.reflect.DelegatingMethodAccessorImpl.invoke(DelegatingMethodAccessorImpl.java:25)
	at java.lang.reflect.Method.invoke(Method.java:597)
	at junit.framework.TestCase.runTest(TestCase.java:164)
	at junit.framework.TestCase.runBare(TestCase.java:130)
	at junit.framework.TestResult$1.protect(TestResult.java:106)
	at junit.framework.TestResult.runProtected(TestResult.java:124)
	at junit.framework.TestResult.run(TestResult.java:109)
	at junit.framework.TestCase.run(TestCase.java:120)
	at junit.framework.TestSuite.runTest(TestSuite.java:230)
	at junit.framework.TestSuite.run(TestSuite.java:225)
	at junit.framework.TestSuite.runTest(TestSuite.java:230)
	at junit.framework.TestSuite.run(TestSuite.java:225)
	at junit.framework.TestSuite.runTest(TestSuite.java:230)
	at junit.framework.TestSuite.run(TestSuite.java:225)
	at org.apache.tools.ant.taskdefs.optional.junit.JUnitTestRunner.run(JUnitTestRunner.java:421)
	at org.apache.tools.ant.taskdefs.optional.junit.JUnitTestRunner.launch(JUnitTestRunner.java:928)
	at org.apache.tools.ant.taskdefs.optional.junit.JUnitTestRunner.main(JUnitTestRunner.java:784)

rollback the transaction.
close the connection.
Instantiate InformixReviewPersistence from the namespace:com.topcoder.management.review.persistence.InformixReviewPersistence
Read required propery[connection.name] with value[informix_connection] from namespace [com.topcoder.management.review.persistence.InformixReviewPersistence].
Read required propery[connection.factory_class] with value[com.topcoder.db.connectionfactory.DBConnectionFactoryImpl] from namespace [com.topcoder.management.review.persistence.InformixReviewPersistence].
Read required propery[connection.factory_namespace] with value[com.topcoder.db.connectionfactory.DBConnectionFactoryImpl] from namespace [com.topcoder.management.review.persistence.InformixReviewPersistence].
Read required propery[search_bundle_manager_namespace] with value[com.topcoder.search.builder.SearchBundleManager] from namespace [com.topcoder.management.review.persistence.InformixReviewPersistence].
Read required propery[search_bundle_name] with value[ReviewSearchBundle] from namespace [com.topcoder.management.review.persistence.InformixReviewPersistence].
operator: UnknownreviewId: Unknown -  retrieve all comment types.
operator: UnknownreviewId: Unknown - creating db connection using connection name: informix_connection
operator: UnknownreviewId: Unknown - start transaction.
commit the transaction.
close the connection.
Instantiate InformixReviewPersistence from the namespace:com.topcoder.management.review.persistence.InformixReviewPersistence
Read required propery[connection.name] with value[informix_connection] from namespace [com.topcoder.management.review.persistence.InformixReviewPersistence].
Read required propery[connection.factory_class] with value[com.topcoder.db.connectionfactory.DBConnectionFactoryImpl] from namespace [com.topcoder.management.review.persistence.InformixReviewPersistence].
Read required propery[connection.factory_namespace] with value[com.topcoder.db.connectionfactory.DBConnectionFactoryImpl] from namespace [com.topcoder.management.review.persistence.InformixReviewPersistence].
Read required propery[search_bundle_manager_namespace] with value[com.topcoder.search.builder.SearchBundleManager] from namespace [com.topcoder.management.review.persistence.InformixReviewPersistence].
Read required propery[search_bundle_name] with value[ReviewSearchBundle] from namespace [com.topcoder.management.review.persistence.InformixReviewPersistence].
operator: UnknownreviewId: Unknown -  retrieve all evaluation types.
operator: UnknownreviewId: Unknown - creating db connection using connection name: informix_connection
operator: UnknownreviewId: Unknown - start transaction.
commit the transaction.
close the connection.
com.topcoder.util.config.UnknownNamespaceException: com.topcoder.util.log is unknown
	at com.topcoder.util.config.DefaultConfigManager.getPropertyObject(DefaultConfigManager.java:429)
	at com.topcoder.util.config.DefaultConfigManager.getString(DefaultConfigManager.java:449)
	at com.topcoder.util.log.LogFactory.getAttribute(LogFactory.java:224)
	at com.topcoder.util.log.basic.BasicLog.log(BasicLog.java:74)
	at com.topcoder.management.review.persistence.InformixReviewPersistence.<init>(InformixReviewPersistence.java:400)
	at com.topcoder.management.review.persistence.InformixReviewPersistence.<init>(InformixReviewPersistence.java:380)
	at com.topcoder.management.review.persistence.InformixReviewPersistenceTest.test_getAllEvaluationTypes(InformixReviewPersistenceTest.java:3013)
	at sun.reflect.NativeMethodAccessorImpl.invoke0(Native Method)
	at sun.reflect.NativeMethodAccessorImpl.invoke(NativeMethodAccessorImpl.java:39)
	at sun.reflect.DelegatingMethodAccessorImpl.invoke(DelegatingMethodAccessorImpl.java:25)
	at java.lang.reflect.Method.invoke(Method.java:597)
	at junit.framework.TestCase.runTest(TestCase.java:164)
	at junit.framework.TestCase.runBare(TestCase.java:130)
	at junit.framework.TestResult$1.protect(TestResult.java:106)
	at junit.framework.TestResult.runProtected(TestResult.java:124)
	at junit.framework.TestResult.run(TestResult.java:109)
	at junit.framework.TestCase.run(TestCase.java:120)
	at junit.framework.TestSuite.runTest(TestSuite.java:230)
	at junit.framework.TestSuite.run(TestSuite.java:225)
	at junit.framework.TestSuite.runTest(TestSuite.java:230)
	at junit.framework.TestSuite.run(TestSuite.java:225)
	at junit.framework.TestSuite.runTest(TestSuite.java:230)
	at junit.framework.TestSuite.run(TestSuite.java:225)
	at org.apache.tools.ant.taskdefs.optional.junit.JUnitTestRunner.run(JUnitTestRunner.java:421)
	at org.apache.tools.ant.taskdefs.optional.junit.JUnitTestRunner.launch(JUnitTestRunner.java:928)
	at org.apache.tools.ant.taskdefs.optional.junit.JUnitTestRunner.main(JUnitTestRunner.java:784)
Instantiate InformixReviewPersistence from the namespace:com.topcoder.management.review.persistence.InformixReviewPersistence
com.topcoder.util.config.UnknownNamespaceException: com.topcoder.util.log is unknown
	at com.topcoder.util.config.DefaultConfigManager.getPropertyObject(DefaultConfigManager.java:429)
	at com.topcoder.util.config.DefaultConfigManager.getString(DefaultConfigManager.java:449)
	at com.topcoder.util.log.LogFactory.getAttribute(LogFactory.java:224)
	at com.topcoder.util.log.basic.BasicLog.log(BasicLog.java:74)
	at com.topcoder.management.review.persistence.Helper.getConfigurationParameterValue(Helper.java:706)
	at com.topcoder.management.review.persistence.InformixReviewPersistence.<init>(InformixReviewPersistence.java:405)
	at com.topcoder.management.review.persistence.InformixReviewPersistence.<init>(InformixReviewPersistence.java:380)
	at com.topcoder.management.review.persistence.InformixReviewPersistenceTest.test_getAllEvaluationTypes(InformixReviewPersistenceTest.java:3013)
	at sun.reflect.NativeMethodAccessorImpl.invoke0(Native Method)
	at sun.reflect.NativeMethodAccessorImpl.invoke(NativeMethodAccessorImpl.java:39)
	at sun.reflect.DelegatingMethodAccessorImpl.invoke(DelegatingMethodAccessorImpl.java:25)
	at java.lang.reflect.Method.invoke(Method.java:597)
	at junit.framework.TestCase.runTest(TestCase.java:164)
	at junit.framework.TestCase.runBare(TestCase.java:130)
	at junit.framework.TestResult$1.protect(TestResult.java:106)
	at junit.framework.TestResult.runProtected(TestResult.java:124)
	at junit.framework.TestResult.run(TestResult.java:109)
	at junit.framework.TestCase.run(TestCase.java:120)
	at junit.framework.TestSuite.runTest(TestSuite.java:230)
	at junit.framework.TestSuite.run(TestSuite.java:225)
	at junit.framework.TestSuite.runTest(TestSuite.java:230)
	at junit.framework.TestSuite.run(TestSuite.java:225)
	at junit.framework.TestSuite.runTest(TestSuite.java:230)
	at junit.framework.TestSuite.run(TestSuite.java:225)
	at org.apache.tools.ant.taskdefs.optional.junit.JUnitTestRunner.run(JUnitTestRunner.java:421)
	at org.apache.tools.ant.taskdefs.optional.junit.JUnitTestRunner.launch(JUnitTestRunner.java:928)
	at org.apache.tools.ant.taskdefs.optional.junit.JUnitTestRunner.main(JUnitTestRunner.java:784)
Read required propery[connection.name] with value[failureTest] from namespace [com.topcoder.management.review.persistence.InformixReviewPersistence].
com.topcoder.util.config.UnknownNamespaceException: com.topcoder.util.log is unknown
	at com.topcoder.util.config.DefaultConfigManager.getPropertyObject(DefaultConfigManager.java:429)
	at com.topcoder.util.config.DefaultConfigManager.getString(DefaultConfigManager.java:449)
	at com.topcoder.util.log.LogFactory.getAttribute(LogFactory.java:224)
	at com.topcoder.util.log.basic.BasicLog.log(BasicLog.java:74)
	at com.topcoder.management.review.persistence.Helper.getConfigurationParameterValue(Helper.java:706)
	at com.topcoder.management.review.persistence.InformixReviewPersistence.createDBConnectionFactory(InformixReviewPersistence.java:491)
	at com.topcoder.management.review.persistence.InformixReviewPersistence.<init>(InformixReviewPersistence.java:408)
	at com.topcoder.management.review.persistence.InformixReviewPersistence.<init>(InformixReviewPersistence.java:380)
	at com.topcoder.management.review.persistence.InformixReviewPersistenceTest.test_getAllEvaluationTypes(InformixReviewPersistenceTest.java:3013)
	at sun.reflect.NativeMethodAccessorImpl.invoke0(Native Method)
	at sun.reflect.NativeMethodAccessorImpl.invoke(NativeMethodAccessorImpl.java:39)
	at sun.reflect.DelegatingMethodAccessorImpl.invoke(DelegatingMethodAccessorImpl.java:25)
	at java.lang.reflect.Method.invoke(Method.java:597)
	at junit.framework.TestCase.runTest(TestCase.java:164)
	at junit.framework.TestCase.runBare(TestCase.java:130)
	at junit.framework.TestResult$1.protect(TestResult.java:106)
	at junit.framework.TestResult.runProtected(TestResult.java:124)
	at junit.framework.TestResult.run(TestResult.java:109)
	at junit.framework.TestCase.run(TestCase.java:120)
	at junit.framework.TestSuite.runTest(TestSuite.java:230)
	at junit.framework.TestSuite.run(TestSuite.java:225)
	at junit.framework.TestSuite.runTest(TestSuite.java:230)
	at junit.framework.TestSuite.run(TestSuite.java:225)
	at junit.framework.TestSuite.runTest(TestSuite.java:230)
	at junit.framework.TestSuite.run(TestSuite.java:225)
	at org.apache.tools.ant.taskdefs.optional.junit.JUnitTestRunner.run(JUnitTestRunner.java:421)
	at org.apache.tools.ant.taskdefs.optional.junit.JUnitTestRunner.launch(JUnitTestRunner.java:928)
	at org.apache.tools.ant.taskdefs.optional.junit.JUnitTestRunner.main(JUnitTestRunner.java:784)
Read required propery[connection.factory_class] with value[com.topcoder.db.connectionfactory.DBConnectionFactoryImpl] from namespace [com.topcoder.management.review.persistence.InformixReviewPersistence].
com.topcoder.util.config.UnknownNamespaceException: com.topcoder.util.log is unknown
	at com.topcoder.util.config.DefaultConfigManager.getPropertyObject(DefaultConfigManager.java:429)
	at com.topcoder.util.config.DefaultConfigManager.getString(DefaultConfigManager.java:449)
	at com.topcoder.util.log.LogFactory.getAttribute(LogFactory.java:224)
	at com.topcoder.util.log.basic.BasicLog.log(BasicLog.java:74)
	at com.topcoder.management.review.persistence.Helper.getConfigurationParameterValue(Helper.java:706)
	at com.topcoder.management.review.persistence.InformixReviewPersistence.createDBConnectionFactory(InformixReviewPersistence.java:494)
	at com.topcoder.management.review.persistence.InformixReviewPersistence.<init>(InformixReviewPersistence.java:408)
	at com.topcoder.management.review.persistence.InformixReviewPersistence.<init>(InformixReviewPersistence.java:380)
	at com.topcoder.management.review.persistence.InformixReviewPersistenceTest.test_getAllEvaluationTypes(InformixReviewPersistenceTest.java:3013)
	at sun.reflect.NativeMethodAccessorImpl.invoke0(Native Method)
	at sun.reflect.NativeMethodAccessorImpl.invoke(NativeMethodAccessorImpl.java:39)
	at sun.reflect.DelegatingMethodAccessorImpl.invoke(DelegatingMethodAccessorImpl.java:25)
	at java.lang.reflect.Method.invoke(Method.java:597)
	at junit.framework.TestCase.runTest(TestCase.java:164)
	at junit.framework.TestCase.runBare(TestCase.java:130)
	at junit.framework.TestResult$1.protect(TestResult.java:106)
	at junit.framework.TestResult.runProtected(TestResult.java:124)
	at junit.framework.TestResult.run(TestResult.java:109)
	at junit.framework.TestCase.run(TestCase.java:120)
	at junit.framework.TestSuite.runTest(TestSuite.java:230)
	at junit.framework.TestSuite.run(TestSuite.java:225)
	at junit.framework.TestSuite.runTest(TestSuite.java:230)
	at junit.framework.TestSuite.run(TestSuite.java:225)
	at junit.framework.TestSuite.runTest(TestSuite.java:230)
	at junit.framework.TestSuite.run(TestSuite.java:225)
	at org.apache.tools.ant.taskdefs.optional.junit.JUnitTestRunner.run(JUnitTestRunner.java:421)
	at org.apache.tools.ant.taskdefs.optional.junit.JUnitTestRunner.launch(JUnitTestRunner.java:928)
	at org.apache.tools.ant.taskdefs.optional.junit.JUnitTestRunner.main(JUnitTestRunner.java:784)
Read required propery[connection.factory_namespace] with value[com.topcoder.db.connectionfactory.DBConnectionFactoryImpl] from namespace [com.topcoder.management.review.persistence.InformixReviewPersistence].
com.topcoder.util.config.UnknownNamespaceException: com.topcoder.util.log is unknown
	at com.topcoder.util.config.DefaultConfigManager.getPropertyObject(DefaultConfigManager.java:429)
	at com.topcoder.util.config.DefaultConfigManager.getString(DefaultConfigManager.java:449)
	at com.topcoder.util.log.LogFactory.getAttribute(LogFactory.java:224)
	at com.topcoder.util.log.basic.BasicLog.log(BasicLog.java:74)
	at com.topcoder.management.review.persistence.Helper.getConfigurationParameterValue(Helper.java:706)
	at com.topcoder.management.review.persistence.InformixReviewPersistence.createSearchBundle(InformixReviewPersistence.java:554)
	at com.topcoder.management.review.persistence.InformixReviewPersistence.<init>(InformixReviewPersistence.java:409)
	at com.topcoder.management.review.persistence.InformixReviewPersistence.<init>(InformixReviewPersistence.java:380)
	at com.topcoder.management.review.persistence.InformixReviewPersistenceTest.test_getAllEvaluationTypes(InformixReviewPersistenceTest.java:3013)
	at sun.reflect.NativeMethodAccessorImpl.invoke0(Native Method)
	at sun.reflect.NativeMethodAccessorImpl.invoke(NativeMethodAccessorImpl.java:39)
	at sun.reflect.DelegatingMethodAccessorImpl.invoke(DelegatingMethodAccessorImpl.java:25)
	at java.lang.reflect.Method.invoke(Method.java:597)
	at junit.framework.TestCase.runTest(TestCase.java:164)
	at junit.framework.TestCase.runBare(TestCase.java:130)
	at junit.framework.TestResult$1.protect(TestResult.java:106)
	at junit.framework.TestResult.runProtected(TestResult.java:124)
	at junit.framework.TestResult.run(TestResult.java:109)
	at junit.framework.TestCase.run(TestCase.java:120)
	at junit.framework.TestSuite.runTest(TestSuite.java:230)
	at junit.framework.TestSuite.run(TestSuite.java:225)
	at junit.framework.TestSuite.runTest(TestSuite.java:230)
	at junit.framework.TestSuite.run(TestSuite.java:225)
	at junit.framework.TestSuite.runTest(TestSuite.java:230)
	at junit.framework.TestSuite.run(TestSuite.java:225)
	at org.apache.tools.ant.taskdefs.optional.junit.JUnitTestRunner.run(JUnitTestRunner.java:421)
	at org.apache.tools.ant.taskdefs.optional.junit.JUnitTestRunner.launch(JUnitTestRunner.java:928)
	at org.apache.tools.ant.taskdefs.optional.junit.JUnitTestRunner.main(JUnitTestRunner.java:784)
Read required propery[search_bundle_manager_namespace] with value[com.topcoder.search.builder.SearchBundleManager] from namespace [com.topcoder.management.review.persistence.InformixReviewPersistence].
com.topcoder.util.config.UnknownNamespaceException: com.topcoder.util.log is unknown
	at com.topcoder.util.config.DefaultConfigManager.getPropertyObject(DefaultConfigManager.java:429)
	at com.topcoder.util.config.DefaultConfigManager.getString(DefaultConfigManager.java:449)
	at com.topcoder.util.log.LogFactory.getAttribute(LogFactory.java:224)
	at com.topcoder.util.log.basic.BasicLog.log(BasicLog.java:74)
	at com.topcoder.management.review.persistence.Helper.getConfigurationParameterValue(Helper.java:706)
	at com.topcoder.management.review.persistence.InformixReviewPersistence.createSearchBundle(InformixReviewPersistence.java:557)
	at com.topcoder.management.review.persistence.InformixReviewPersistence.<init>(InformixReviewPersistence.java:409)
	at com.topcoder.management.review.persistence.InformixReviewPersistence.<init>(InformixReviewPersistence.java:380)
	at com.topcoder.management.review.persistence.InformixReviewPersistenceTest.test_getAllEvaluationTypes(InformixReviewPersistenceTest.java:3013)
	at sun.reflect.NativeMethodAccessorImpl.invoke0(Native Method)
	at sun.reflect.NativeMethodAccessorImpl.invoke(NativeMethodAccessorImpl.java:39)
	at sun.reflect.DelegatingMethodAccessorImpl.invoke(DelegatingMethodAccessorImpl.java:25)
	at java.lang.reflect.Method.invoke(Method.java:597)
	at junit.framework.TestCase.runTest(TestCase.java:164)
	at junit.framework.TestCase.runBare(TestCase.java:130)
	at junit.framework.TestResult$1.protect(TestResult.java:106)
	at junit.framework.TestResult.runProtected(TestResult.java:124)
	at junit.framework.TestResult.run(TestResult.java:109)
	at junit.framework.TestCase.run(TestCase.java:120)
	at junit.framework.TestSuite.runTest(TestSuite.java:230)
	at junit.framework.TestSuite.run(TestSuite.java:225)
	at junit.framework.TestSuite.runTest(TestSuite.java:230)
	at junit.framework.TestSuite.run(TestSuite.java:225)
	at junit.framework.TestSuite.runTest(TestSuite.java:230)
	at junit.framework.TestSuite.run(TestSuite.java:225)
	at org.apache.tools.ant.taskdefs.optional.junit.JUnitTestRunner.run(JUnitTestRunner.java:421)
	at org.apache.tools.ant.taskdefs.optional.junit.JUnitTestRunner.launch(JUnitTestRunner.java:928)
	at org.apache.tools.ant.taskdefs.optional.junit.JUnitTestRunner.main(JUnitTestRunner.java:784)
Read required propery[search_bundle_name] with value[ReviewSearchBundle] from namespace [com.topcoder.management.review.persistence.InformixReviewPersistence].
com.topcoder.util.config.UnknownNamespaceException: com.topcoder.util.log is unknown
	at com.topcoder.util.config.DefaultConfigManager.getPropertyObject(DefaultConfigManager.java:429)
	at com.topcoder.util.config.DefaultConfigManager.getString(DefaultConfigManager.java:449)
	at com.topcoder.util.log.LogFactory.getAttribute(LogFactory.java:224)
	at com.topcoder.util.log.basic.BasicLog.log(BasicLog.java:74)
	at com.topcoder.management.review.persistence.InformixReviewPersistence.getAllEvaluationTypes(InformixReviewPersistence.java:2401)
	at com.topcoder.management.review.persistence.InformixReviewPersistenceTest.test_getAllEvaluationTypes(InformixReviewPersistenceTest.java:3014)
	at sun.reflect.NativeMethodAccessorImpl.invoke0(Native Method)
	at sun.reflect.NativeMethodAccessorImpl.invoke(NativeMethodAccessorImpl.java:39)
	at sun.reflect.DelegatingMethodAccessorImpl.invoke(DelegatingMethodAccessorImpl.java:25)
	at java.lang.reflect.Method.invoke(Method.java:597)
	at junit.framework.TestCase.runTest(TestCase.java:164)
	at junit.framework.TestCase.runBare(TestCase.java:130)
	at junit.framework.TestResult$1.protect(TestResult.java:106)
	at junit.framework.TestResult.runProtected(TestResult.java:124)
	at junit.framework.TestResult.run(TestResult.java:109)
	at junit.framework.TestCase.run(TestCase.java:120)
	at junit.framework.TestSuite.runTest(TestSuite.java:230)
	at junit.framework.TestSuite.run(TestSuite.java:225)
	at junit.framework.TestSuite.runTest(TestSuite.java:230)
	at junit.framework.TestSuite.run(TestSuite.java:225)
	at junit.framework.TestSuite.runTest(TestSuite.java:230)
	at junit.framework.TestSuite.run(TestSuite.java:225)
	at org.apache.tools.ant.taskdefs.optional.junit.JUnitTestRunner.run(JUnitTestRunner.java:421)
	at org.apache.tools.ant.taskdefs.optional.junit.JUnitTestRunner.launch(JUnitTestRunner.java:928)
	at org.apache.tools.ant.taskdefs.optional.junit.JUnitTestRunner.main(JUnitTestRunner.java:784)
operator: UnknownreviewId: Unknown -  retrieve all evaluation types.
com.topcoder.util.config.UnknownNamespaceException: com.topcoder.util.log is unknown
	at com.topcoder.util.config.DefaultConfigManager.getPropertyObject(DefaultConfigManager.java:429)
	at com.topcoder.util.config.DefaultConfigManager.getString(DefaultConfigManager.java:449)
	at com.topcoder.util.log.LogFactory.getAttribute(LogFactory.java:224)
	at com.topcoder.util.log.basic.BasicLog.log(BasicLog.java:74)
	at com.topcoder.management.review.persistence.InformixReviewPersistence.createTransactionalConnection(InformixReviewPersistence.java:624)
	at com.topcoder.management.review.persistence.InformixReviewPersistence.getAllEvaluationTypes(InformixReviewPersistence.java:2405)
	at com.topcoder.management.review.persistence.InformixReviewPersistenceTest.test_getAllEvaluationTypes(InformixReviewPersistenceTest.java:3014)
	at sun.reflect.NativeMethodAccessorImpl.invoke0(Native Method)
	at sun.reflect.NativeMethodAccessorImpl.invoke(NativeMethodAccessorImpl.java:39)
	at sun.reflect.DelegatingMethodAccessorImpl.invoke(DelegatingMethodAccessorImpl.java:25)
	at java.lang.reflect.Method.invoke(Method.java:597)
	at junit.framework.TestCase.runTest(TestCase.java:164)
	at junit.framework.TestCase.runBare(TestCase.java:130)
	at junit.framework.TestResult$1.protect(TestResult.java:106)
	at junit.framework.TestResult.runProtected(TestResult.java:124)
	at junit.framework.TestResult.run(TestResult.java:109)
	at junit.framework.TestCase.run(TestCase.java:120)
	at junit.framework.TestSuite.runTest(TestSuite.java:230)
	at junit.framework.TestSuite.run(TestSuite.java:225)
	at junit.framework.TestSuite.runTest(TestSuite.java:230)
	at junit.framework.TestSuite.run(TestSuite.java:225)
	at junit.framework.TestSuite.runTest(TestSuite.java:230)
	at junit.framework.TestSuite.run(TestSuite.java:225)
	at org.apache.tools.ant.taskdefs.optional.junit.JUnitTestRunner.run(JUnitTestRunner.java:421)
	at org.apache.tools.ant.taskdefs.optional.junit.JUnitTestRunner.launch(JUnitTestRunner.java:928)
	at org.apache.tools.ant.taskdefs.optional.junit.JUnitTestRunner.main(JUnitTestRunner.java:784)
operator: UnknownreviewId: Unknown - creating db connection using connection name: failureTest
com.topcoder.util.config.UnknownNamespaceException: com.topcoder.util.log is unknown
	at com.topcoder.util.config.DefaultConfigManager.getPropertyObject(DefaultConfigManager.java:429)
	at com.topcoder.util.config.DefaultConfigManager.getString(DefaultConfigManager.java:449)
	at com.topcoder.util.log.LogFactory.getAttribute(LogFactory.java:224)
	at com.topcoder.util.log.basic.BasicLog.log(BasicLog.java:74)
	at com.topcoder.management.review.persistence.InformixReviewPersistence.getAllEvaluationTypes(InformixReviewPersistence.java:2412)
	at com.topcoder.management.review.persistence.InformixReviewPersistenceTest.test_getAllEvaluationTypes(InformixReviewPersistenceTest.java:3014)
	at sun.reflect.NativeMethodAccessorImpl.invoke0(Native Method)
	at sun.reflect.NativeMethodAccessorImpl.invoke(NativeMethodAccessorImpl.java:39)
	at sun.reflect.DelegatingMethodAccessorImpl.invoke(DelegatingMethodAccessorImpl.java:25)
	at java.lang.reflect.Method.invoke(Method.java:597)
	at junit.framework.TestCase.runTest(TestCase.java:164)
	at junit.framework.TestCase.runBare(TestCase.java:130)
	at junit.framework.TestResult$1.protect(TestResult.java:106)
	at junit.framework.TestResult.runProtected(TestResult.java:124)
	at junit.framework.TestResult.run(TestResult.java:109)
	at junit.framework.TestCase.run(TestCase.java:120)
	at junit.framework.TestSuite.runTest(TestSuite.java:230)
	at junit.framework.TestSuite.run(TestSuite.java:225)
	at junit.framework.TestSuite.runTest(TestSuite.java:230)
	at junit.framework.TestSuite.run(TestSuite.java:225)
	at junit.framework.TestSuite.runTest(TestSuite.java:230)
	at junit.framework.TestSuite.run(TestSuite.java:225)
	at org.apache.tools.ant.taskdefs.optional.junit.JUnitTestRunner.run(JUnitTestRunner.java:421)
	at org.apache.tools.ant.taskdefs.optional.junit.JUnitTestRunner.launch(JUnitTestRunner.java:928)
	at org.apache.tools.ant.taskdefs.optional.junit.JUnitTestRunner.main(JUnitTestRunner.java:784)
operator: UnknownreviewId: Unknown - Error occurs retrieve all evaluation types .
com.topcoder.management.review.ReviewPersistenceException: Error occurs when getting the connection., caused by Can not retrieve the ConnectionProducer via failureTest
	at com.topcoder.management.review.persistence.InformixReviewPersistence.createTransactionalConnection(InformixReviewPersistence.java:632)
	at com.topcoder.management.review.persistence.InformixReviewPersistence.getAllEvaluationTypes(InformixReviewPersistence.java:2405)
	at com.topcoder.management.review.persistence.InformixReviewPersistenceTest.test_getAllEvaluationTypes(InformixReviewPersistenceTest.java:3014)
	at sun.reflect.NativeMethodAccessorImpl.invoke0(Native Method)
	at sun.reflect.NativeMethodAccessorImpl.invoke(NativeMethodAccessorImpl.java:39)
	at sun.reflect.DelegatingMethodAccessorImpl.invoke(DelegatingMethodAccessorImpl.java:25)
	at java.lang.reflect.Method.invoke(Method.java:597)
	at junit.framework.TestCase.runTest(TestCase.java:164)
	at junit.framework.TestCase.runBare(TestCase.java:130)
	at junit.framework.TestResult$1.protect(TestResult.java:106)
	at junit.framework.TestResult.runProtected(TestResult.java:124)
	at junit.framework.TestResult.run(TestResult.java:109)
	at junit.framework.TestCase.run(TestCase.java:120)
	at junit.framework.TestSuite.runTest(TestSuite.java:230)
	at junit.framework.TestSuite.run(TestSuite.java:225)
	at junit.framework.TestSuite.runTest(TestSuite.java:230)
	at junit.framework.TestSuite.run(TestSuite.java:225)
	at junit.framework.TestSuite.runTest(TestSuite.java:230)
	at junit.framework.TestSuite.run(TestSuite.java:225)
	at org.apache.tools.ant.taskdefs.optional.junit.JUnitTestRunner.run(JUnitTestRunner.java:421)
	at org.apache.tools.ant.taskdefs.optional.junit.JUnitTestRunner.launch(JUnitTestRunner.java:928)
	at org.apache.tools.ant.taskdefs.optional.junit.JUnitTestRunner.main(JUnitTestRunner.java:784)
Caused by: com.topcoder.db.connectionfactory.UnknownConnectionException: Can not retrieve the ConnectionProducer via failureTest
	at com.topcoder.db.connectionfactory.DBConnectionFactoryImpl.createConnection(DBConnectionFactoryImpl.java:507)
	at com.topcoder.management.review.persistence.InformixReviewPersistence.createTransactionalConnection(InformixReviewPersistence.java:626)
	... 21 more
Caused by:com.topcoder.db.connectionfactory.UnknownConnectionException: Can not retrieve the ConnectionProducer via failureTest
	at com.topcoder.db.connectionfactory.DBConnectionFactoryImpl.createConnection(DBConnectionFactoryImpl.java:507)
	at com.topcoder.management.review.persistence.InformixReviewPersistence.createTransactionalConnection(InformixReviewPersistence.java:626)
	at com.topcoder.management.review.persistence.InformixReviewPersistence.getAllEvaluationTypes(InformixReviewPersistence.java:2405)
	at com.topcoder.management.review.persistence.InformixReviewPersistenceTest.test_getAllEvaluationTypes(InformixReviewPersistenceTest.java:3014)
	at sun.reflect.NativeMethodAccessorImpl.invoke0(Native Method)
	at sun.reflect.NativeMethodAccessorImpl.invoke(NativeMethodAccessorImpl.java:39)
	at sun.reflect.DelegatingMethodAccessorImpl.invoke(DelegatingMethodAccessorImpl.java:25)
	at java.lang.reflect.Method.invoke(Method.java:597)
	at junit.framework.TestCase.runTest(TestCase.java:164)
	at junit.framework.TestCase.runBare(TestCase.java:130)
	at junit.framework.TestResult$1.protect(TestResult.java:106)
	at junit.framework.TestResult.runProtected(TestResult.java:124)
	at junit.framework.TestResult.run(TestResult.java:109)
	at junit.framework.TestCase.run(TestCase.java:120)
	at junit.framework.TestSuite.runTest(TestSuite.java:230)
	at junit.framework.TestSuite.run(TestSuite.java:225)
	at junit.framework.TestSuite.runTest(TestSuite.java:230)
	at junit.framework.TestSuite.run(TestSuite.java:225)
	at junit.framework.TestSuite.runTest(TestSuite.java:230)
	at junit.framework.TestSuite.run(TestSuite.java:225)
	at org.apache.tools.ant.taskdefs.optional.junit.JUnitTestRunner.run(JUnitTestRunner.java:421)
	at org.apache.tools.ant.taskdefs.optional.junit.JUnitTestRunner.launch(JUnitTestRunner.java:928)
	at org.apache.tools.ant.taskdefs.optional.junit.JUnitTestRunner.main(JUnitTestRunner.java:784)

Instantiate InformixReviewPersistence from the namespace:com.topcoder.management.review.persistence.InformixReviewPersistence
Read required propery[connection.name] with value[informix_connection] from namespace [com.topcoder.management.review.persistence.InformixReviewPersistence].
Read required propery[connection.factory_class] with value[com.topcoder.db.connectionfactory.DBConnectionFactoryImpl] from namespace [com.topcoder.management.review.persistence.InformixReviewPersistence].
Read required propery[connection.factory_namespace] with value[com.topcoder.db.connectionfactory.DBConnectionFactoryImpl] from namespace [com.topcoder.management.review.persistence.InformixReviewPersistence].
Read required propery[search_bundle_manager_namespace] with value[com.topcoder.search.builder.SearchBundleManager] from namespace [com.topcoder.management.review.persistence.InformixReviewPersistence].
Read required propery[search_bundle_name] with value[ReviewSearchBundle] from namespace [com.topcoder.management.review.persistence.InformixReviewPersistence].
operator: topcoderreviewId: Unknown - creating new Review.
operator: UnknownreviewId: Unknown - creating db connection using connection name: informix_connection
operator: UnknownreviewId: Unknown - start transaction.
Get new review id :1
insert record into review with new id:1
generate new review comment id :1
insert record into review_comment with new id:1
generate new review comment id :2
insert record into review_comment with new id:2
generate new review Item id :1
insert record into review_item with new id:1
generate new review Item comment id :1
insert record into review_item_comment with new id:1
generate new review Item comment id :2
insert record into review_item_comment with new id:2
generate new review Item id :2
insert record into review_item with new id:2
generate new review Item comment id :3
insert record into review_item_comment with new id:3
generate new review Item comment id :4
insert record into review_item_comment with new id:4
commit the transaction.
close the connection.
operator: addReviewCommentreviewId: 1 - Add comment to the review.
operator: UnknownreviewId: Unknown - creating db connection using connection name: informix_connection
operator: UnknownreviewId: Unknown - start transaction.
generate new review comment id :3
insert record into review_comment with new id:3
commit the transaction.
close the connection.
Instantiate InformixReviewPersistence from the namespace:com.topcoder.management.review.persistence.InformixReviewPersistence
Read required propery[connection.name] with value[informix_connection] from namespace [com.topcoder.management.review.persistence.InformixReviewPersistence].
Read required propery[connection.factory_class] with value[com.topcoder.db.connectionfactory.DBConnectionFactoryImpl] from namespace [com.topcoder.management.review.persistence.InformixReviewPersistence].
Read required propery[connection.factory_namespace] with value[com.topcoder.db.connectionfactory.DBConnectionFactoryImpl] from namespace [com.topcoder.management.review.persistence.InformixReviewPersistence].
Read required propery[search_bundle_manager_namespace] with value[com.topcoder.search.builder.SearchBundleManager] from namespace [com.topcoder.management.review.persistence.InformixReviewPersistence].
Read required propery[search_bundle_name] with value[ReviewSearchBundle] from namespace [com.topcoder.management.review.persistence.InformixReviewPersistence].
operator: topcoderreviewId: Unknown - creating new Review.
operator: UnknownreviewId: Unknown - creating db connection using connection name: informix_connection
operator: UnknownreviewId: Unknown - start transaction.
Get new review id :1
insert record into review with new id:1
generate new review comment id :1
insert record into review_comment with new id:1
generate new review comment id :2
insert record into review_comment with new id:2
generate new review Item id :1
insert record into review_item with new id:1
generate new review Item comment id :1
insert record into review_item_comment with new id:1
generate new review Item comment id :2
insert record into review_item_comment with new id:2
generate new review Item id :2
insert record into review_item with new id:2
generate new review Item comment id :3
insert record into review_item_comment with new id:3
generate new review Item comment id :4
insert record into review_item_comment with new id:4
commit the transaction.
close the connection.
Instantiate InformixReviewPersistence from the namespace:com.topcoder.management.review.persistence.InformixReviewPersistence
Read required propery[connection.name] with value[informix_connection] from namespace [com.topcoder.management.review.persistence.InformixReviewPersistence].
Read required propery[connection.factory_class] with value[com.topcoder.db.connectionfactory.DBConnectionFactoryImpl] from namespace [com.topcoder.management.review.persistence.InformixReviewPersistence].
Read required propery[connection.factory_namespace] with value[com.topcoder.db.connectionfactory.DBConnectionFactoryImpl] from namespace [com.topcoder.management.review.persistence.InformixReviewPersistence].
Read required propery[search_bundle_manager_namespace] with value[com.topcoder.search.builder.SearchBundleManager] from namespace [com.topcoder.management.review.persistence.InformixReviewPersistence].
Read required propery[search_bundle_name] with value[ReviewSearchBundle] from namespace [com.topcoder.management.review.persistence.InformixReviewPersistence].
operator: topcoderreviewId: Unknown - creating new Review.
operator: UnknownreviewId: Unknown - creating db connection using connection name: informix_connection
operator: UnknownreviewId: Unknown - start transaction.
Get new review id :1
insert record into review with new id:1
generate new review comment id :1
insert record into review_comment with new id:1
generate new review comment id :2
insert record into review_comment with new id:2
generate new review Item id :1
insert record into review_item with new id:1
generate new review Item comment id :1
insert record into review_item_comment with new id:1
generate new review Item comment id :2
insert record into review_item_comment with new id:2
generate new review Item id :2
insert record into review_item with new id:2
generate new review Item comment id :3
insert record into review_item_comment with new id:3
generate new review Item comment id :4
insert record into review_item_comment with new id:4
commit the transaction.
close the connection.
Instantiate InformixReviewPersistence from the namespace:com.topcoder.management.review.persistence.InformixReviewPersistence
Read required propery[connection.name] with value[informix_connection] from namespace [com.topcoder.management.review.persistence.InformixReviewPersistence].
Read required propery[connection.factory_class] with value[com.topcoder.db.connectionfactory.DBConnectionFactoryImpl] from namespace [com.topcoder.management.review.persistence.InformixReviewPersistence].
Read required propery[connection.factory_namespace] with value[com.topcoder.db.connectionfactory.DBConnectionFactoryImpl] from namespace [com.topcoder.management.review.persistence.InformixReviewPersistence].
Read required propery[search_bundle_manager_namespace] with value[com.topcoder.search.builder.SearchBundleManager] from namespace [com.topcoder.management.review.persistence.InformixReviewPersistence].
Read required propery[search_bundle_name] with value[ReviewSearchBundle] from namespace [com.topcoder.management.review.persistence.InformixReviewPersistence].
operator: topcoderreviewId: Unknown - creating new Review.
operator: UnknownreviewId: Unknown - creating db connection using connection name: informix_connection
operator: UnknownreviewId: Unknown - start transaction.
Get new review id :1
insert record into review with new id:1
generate new review comment id :1
insert record into review_comment with new id:1
generate new review comment id :2
insert record into review_comment with new id:2
generate new review Item id :1
insert record into review_item with new id:1
generate new review Item comment id :1
insert record into review_item_comment with new id:1
generate new review Item comment id :2
insert record into review_item_comment with new id:2
generate new review Item id :2
insert record into review_item with new id:2
generate new review Item comment id :3
insert record into review_item_comment with new id:3
generate new review Item comment id :4
insert record into review_item_comment with new id:4
commit the transaction.
close the connection.
Instantiate InformixReviewPersistence from the namespace:com.topcoder.management.review.persistence.InformixReviewPersistence
Read required propery[connection.name] with value[informix_connection] from namespace [com.topcoder.management.review.persistence.InformixReviewPersistence].
Read required propery[connection.factory_class] with value[com.topcoder.db.connectionfactory.DBConnectionFactoryImpl] from namespace [com.topcoder.management.review.persistence.InformixReviewPersistence].
Read required propery[connection.factory_namespace] with value[com.topcoder.db.connectionfactory.DBConnectionFactoryImpl] from namespace [com.topcoder.management.review.persistence.InformixReviewPersistence].
Read required propery[search_bundle_manager_namespace] with value[com.topcoder.search.builder.SearchBundleManager] from namespace [com.topcoder.management.review.persistence.InformixReviewPersistence].
Read required propery[search_bundle_name] with value[ReviewSearchBundle] from namespace [com.topcoder.management.review.persistence.InformixReviewPersistence].
operator: topcoderreviewId: Unknown - creating new Review.
operator: UnknownreviewId: Unknown - creating db connection using connection name: informix_connection
operator: UnknownreviewId: Unknown - start transaction.
Get new review id :1
insert record into review with new id:1
generate new review comment id :1
insert record into review_comment with new id:1
generate new review comment id :2
insert record into review_comment with new id:2
generate new review Item id :1
insert record into review_item with new id:1
generate new review Item comment id :1
insert record into review_item_comment with new id:1
generate new review Item comment id :2
insert record into review_item_comment with new id:2
generate new review Item id :2
insert record into review_item with new id:2
generate new review Item comment id :3
insert record into review_item_comment with new id:3
generate new review Item comment id :4
insert record into review_item_comment with new id:4
commit the transaction.
close the connection.
Instantiate InformixReviewPersistence from the namespace:com.topcoder.management.review.persistence.InformixReviewPersistence
Read required propery[connection.name] with value[informix_connection] from namespace [com.topcoder.management.review.persistence.InformixReviewPersistence].
Read required propery[connection.factory_class] with value[com.topcoder.db.connectionfactory.DBConnectionFactoryImpl] from namespace [com.topcoder.management.review.persistence.InformixReviewPersistence].
Read required propery[connection.factory_namespace] with value[com.topcoder.db.connectionfactory.DBConnectionFactoryImpl] from namespace [com.topcoder.management.review.persistence.InformixReviewPersistence].
Read required propery[search_bundle_manager_namespace] with value[com.topcoder.search.builder.SearchBundleManager] from namespace [com.topcoder.management.review.persistence.InformixReviewPersistence].
Read required propery[search_bundle_name] with value[ReviewSearchBundle] from namespace [com.topcoder.management.review.persistence.InformixReviewPersistence].
operator: topcoderreviewId: 1 - Add comment to the review.
operator: UnknownreviewId: Unknown - creating db connection using connection name: informix_connection
operator: UnknownreviewId: Unknown - start transaction.
operator: topcoderreviewId: 1 - The review id [1] does not exist in the database.
operator: topcoderreviewId: 1 - Error occurs adding comment to review .
com.topcoder.management.review.ReviewEntityNotFoundException: The review id [1] does not exist in table [review].
	at com.topcoder.management.review.persistence.InformixReviewPersistence.addReviewComment(InformixReviewPersistence.java:2286)
	at com.topcoder.management.review.persistence.InformixReviewPersistenceTest.testFailureAddReviewComment5(InformixReviewPersistenceTest.java:3229)
	at sun.reflect.NativeMethodAccessorImpl.invoke0(Native Method)
	at sun.reflect.NativeMethodAccessorImpl.invoke(NativeMethodAccessorImpl.java:39)
	at sun.reflect.DelegatingMethodAccessorImpl.invoke(DelegatingMethodAccessorImpl.java:25)
	at java.lang.reflect.Method.invoke(Method.java:597)
	at junit.framework.TestCase.runTest(TestCase.java:164)
	at junit.framework.TestCase.runBare(TestCase.java:130)
	at junit.framework.TestResult$1.protect(TestResult.java:106)
	at junit.framework.TestResult.runProtected(TestResult.java:124)
	at junit.framework.TestResult.run(TestResult.java:109)
	at junit.framework.TestCase.run(TestCase.java:120)
	at junit.framework.TestSuite.runTest(TestSuite.java:230)
	at junit.framework.TestSuite.run(TestSuite.java:225)
	at junit.framework.TestSuite.runTest(TestSuite.java:230)
	at junit.framework.TestSuite.run(TestSuite.java:225)
	at junit.framework.TestSuite.runTest(TestSuite.java:230)
	at junit.framework.TestSuite.run(TestSuite.java:225)
	at org.apache.tools.ant.taskdefs.optional.junit.JUnitTestRunner.run(JUnitTestRunner.java:421)
	at org.apache.tools.ant.taskdefs.optional.junit.JUnitTestRunner.launch(JUnitTestRunner.java:928)
	at org.apache.tools.ant.taskdefs.optional.junit.JUnitTestRunner.main(JUnitTestRunner.java:784)

rollback the transaction.
close the connection.
Instantiate InformixReviewPersistence from the namespace:com.topcoder.management.review.persistence.InformixReviewPersistence
Read required propery[connection.name] with value[informix_connection] from namespace [com.topcoder.management.review.persistence.InformixReviewPersistence].
Read required propery[connection.factory_class] with value[com.topcoder.db.connectionfactory.DBConnectionFactoryImpl] from namespace [com.topcoder.management.review.persistence.InformixReviewPersistence].
Read required propery[connection.factory_namespace] with value[com.topcoder.db.connectionfactory.DBConnectionFactoryImpl] from namespace [com.topcoder.management.review.persistence.InformixReviewPersistence].
Read required propery[search_bundle_manager_namespace] with value[com.topcoder.search.builder.SearchBundleManager] from namespace [com.topcoder.management.review.persistence.InformixReviewPersistence].
Read required propery[search_bundle_name] with value[ReviewSearchBundle] from namespace [com.topcoder.management.review.persistence.InformixReviewPersistence].
operator: topcoderreviewId: Unknown - creating new Review.
operator: UnknownreviewId: Unknown - creating db connection using connection name: informix_connection
operator: UnknownreviewId: Unknown - start transaction.
Get new review id :1
insert record into review with new id:1
generate new review comment id :1
insert record into review_comment with new id:1
generate new review comment id :2
insert record into review_comment with new id:2
generate new review Item id :1
insert record into review_item with new id:1
generate new review Item comment id :1
insert record into review_item_comment with new id:1
generate new review Item comment id :2
insert record into review_item_comment with new id:2
generate new review Item id :2
insert record into review_item with new id:2
generate new review Item comment id :3
insert record into review_item_comment with new id:3
generate new review Item comment id :4
insert record into review_item_comment with new id:4
commit the transaction.
close the connection.
operator: addItemCommentreviewId: Unknown - Add comment to the Item with the itemid:2
operator: UnknownreviewId: Unknown - creating db connection using connection name: informix_connection
operator: UnknownreviewId: Unknown - start transaction.
generate new review Item comment id :5
insert record into review_item_comment with new id:5
commit the transaction.
close the connection.
Instantiate InformixReviewPersistence from the namespace:com.topcoder.management.review.persistence.InformixReviewPersistence
Read required propery[connection.name] with value[informix_connection] from namespace [com.topcoder.management.review.persistence.InformixReviewPersistence].
Read required propery[connection.factory_class] with value[com.topcoder.db.connectionfactory.DBConnectionFactoryImpl] from namespace [com.topcoder.management.review.persistence.InformixReviewPersistence].
Read required propery[connection.factory_namespace] with value[com.topcoder.db.connectionfactory.DBConnectionFactoryImpl] from namespace [com.topcoder.management.review.persistence.InformixReviewPersistence].
Read required propery[search_bundle_manager_namespace] with value[com.topcoder.search.builder.SearchBundleManager] from namespace [com.topcoder.management.review.persistence.InformixReviewPersistence].
Read required propery[search_bundle_name] with value[ReviewSearchBundle] from namespace [com.topcoder.management.review.persistence.InformixReviewPersistence].
operator: topcoderreviewId: Unknown - creating new Review.
operator: UnknownreviewId: Unknown - creating db connection using connection name: informix_connection
operator: UnknownreviewId: Unknown - start transaction.
Get new review id :1
insert record into review with new id:1
generate new review comment id :1
insert record into review_comment with new id:1
generate new review comment id :2
insert record into review_comment with new id:2
generate new review Item id :1
insert record into review_item with new id:1
generate new review Item comment id :1
insert record into review_item_comment with new id:1
generate new review Item comment id :2
insert record into review_item_comment with new id:2
generate new review Item id :2
insert record into review_item with new id:2
generate new review Item comment id :3
insert record into review_item_comment with new id:3
generate new review Item comment id :4
insert record into review_item_comment with new id:4
commit the transaction.
close the connection.
Instantiate InformixReviewPersistence from the namespace:com.topcoder.management.review.persistence.InformixReviewPersistence
Read required propery[connection.name] with value[informix_connection] from namespace [com.topcoder.management.review.persistence.InformixReviewPersistence].
Read required propery[connection.factory_class] with value[com.topcoder.db.connectionfactory.DBConnectionFactoryImpl] from namespace [com.topcoder.management.review.persistence.InformixReviewPersistence].
Read required propery[connection.factory_namespace] with value[com.topcoder.db.connectionfactory.DBConnectionFactoryImpl] from namespace [com.topcoder.management.review.persistence.InformixReviewPersistence].
Read required propery[search_bundle_manager_namespace] with value[com.topcoder.search.builder.SearchBundleManager] from namespace [com.topcoder.management.review.persistence.InformixReviewPersistence].
Read required propery[search_bundle_name] with value[ReviewSearchBundle] from namespace [com.topcoder.management.review.persistence.InformixReviewPersistence].
operator: topcoderreviewId: Unknown - creating new Review.
operator: UnknownreviewId: Unknown - creating db connection using connection name: informix_connection
operator: UnknownreviewId: Unknown - start transaction.
Get new review id :1
insert record into review with new id:1
generate new review comment id :1
insert record into review_comment with new id:1
generate new review comment id :2
insert record into review_comment with new id:2
generate new review Item id :1
insert record into review_item with new id:1
generate new review Item comment id :1
insert record into review_item_comment with new id:1
generate new review Item comment id :2
insert record into review_item_comment with new id:2
generate new review Item id :2
insert record into review_item with new id:2
generate new review Item comment id :3
insert record into review_item_comment with new id:3
generate new review Item comment id :4
insert record into review_item_comment with new id:4
commit the transaction.
close the connection.
Instantiate InformixReviewPersistence from the namespace:com.topcoder.management.review.persistence.InformixReviewPersistence
Read required propery[connection.name] with value[informix_connection] from namespace [com.topcoder.management.review.persistence.InformixReviewPersistence].
Read required propery[connection.factory_class] with value[com.topcoder.db.connectionfactory.DBConnectionFactoryImpl] from namespace [com.topcoder.management.review.persistence.InformixReviewPersistence].
Read required propery[connection.factory_namespace] with value[com.topcoder.db.connectionfactory.DBConnectionFactoryImpl] from namespace [com.topcoder.management.review.persistence.InformixReviewPersistence].
Read required propery[search_bundle_manager_namespace] with value[com.topcoder.search.builder.SearchBundleManager] from namespace [com.topcoder.management.review.persistence.InformixReviewPersistence].
Read required propery[search_bundle_name] with value[ReviewSearchBundle] from namespace [com.topcoder.management.review.persistence.InformixReviewPersistence].
operator: topcoderreviewId: Unknown - creating new Review.
operator: UnknownreviewId: Unknown - creating db connection using connection name: informix_connection
operator: UnknownreviewId: Unknown - start transaction.
Get new review id :1
insert record into review with new id:1
generate new review comment id :1
insert record into review_comment with new id:1
generate new review comment id :2
insert record into review_comment with new id:2
generate new review Item id :1
insert record into review_item with new id:1
generate new review Item comment id :1
insert record into review_item_comment with new id:1
generate new review Item comment id :2
insert record into review_item_comment with new id:2
generate new review Item id :2
insert record into review_item with new id:2
generate new review Item comment id :3
insert record into review_item_comment with new id:3
generate new review Item comment id :4
insert record into review_item_comment with new id:4
commit the transaction.
close the connection.
Instantiate InformixReviewPersistence from the namespace:com.topcoder.management.review.persistence.InformixReviewPersistence
Read required propery[connection.name] with value[informix_connection] from namespace [com.topcoder.management.review.persistence.InformixReviewPersistence].
Read required propery[connection.factory_class] with value[com.topcoder.db.connectionfactory.DBConnectionFactoryImpl] from namespace [com.topcoder.management.review.persistence.InformixReviewPersistence].
Read required propery[connection.factory_namespace] with value[com.topcoder.db.connectionfactory.DBConnectionFactoryImpl] from namespace [com.topcoder.management.review.persistence.InformixReviewPersistence].
Read required propery[search_bundle_manager_namespace] with value[com.topcoder.search.builder.SearchBundleManager] from namespace [com.topcoder.management.review.persistence.InformixReviewPersistence].
Read required propery[search_bundle_name] with value[ReviewSearchBundle] from namespace [com.topcoder.management.review.persistence.InformixReviewPersistence].
operator: topcoderreviewId: Unknown - creating new Review.
operator: UnknownreviewId: Unknown - creating db connection using connection name: informix_connection
operator: UnknownreviewId: Unknown - start transaction.
Get new review id :1
insert record into review with new id:1
generate new review comment id :1
insert record into review_comment with new id:1
generate new review comment id :2
insert record into review_comment with new id:2
generate new review Item id :1
insert record into review_item with new id:1
generate new review Item comment id :1
insert record into review_item_comment with new id:1
generate new review Item comment id :2
insert record into review_item_comment with new id:2
generate new review Item id :2
insert record into review_item with new id:2
generate new review Item comment id :3
insert record into review_item_comment with new id:3
generate new review Item comment id :4
insert record into review_item_comment with new id:4
commit the transaction.
close the connection.
Instantiate InformixReviewPersistence from the namespace:com.topcoder.management.review.persistence.InformixReviewPersistence
Read required propery[connection.name] with value[informix_connection] from namespace [com.topcoder.management.review.persistence.InformixReviewPersistence].
Read required propery[connection.factory_class] with value[com.topcoder.db.connectionfactory.DBConnectionFactoryImpl] from namespace [com.topcoder.management.review.persistence.InformixReviewPersistence].
Read required propery[connection.factory_namespace] with value[com.topcoder.db.connectionfactory.DBConnectionFactoryImpl] from namespace [com.topcoder.management.review.persistence.InformixReviewPersistence].
Read required propery[search_bundle_manager_namespace] with value[com.topcoder.search.builder.SearchBundleManager] from namespace [com.topcoder.management.review.persistence.InformixReviewPersistence].
Read required propery[search_bundle_name] with value[ReviewSearchBundle] from namespace [com.topcoder.management.review.persistence.InformixReviewPersistence].
operator: topcoderreviewId: Unknown - Add comment to the Item with the itemid:1
operator: UnknownreviewId: Unknown - creating db connection using connection name: informix_connection
operator: UnknownreviewId: Unknown - start transaction.
operator: topcoderreviewId: 1 - The item id [1] does not exist in the database.
operator: topcoderreviewId: Unknown - Error occurs add item comment with the item id[1].
com.topcoder.management.review.ReviewEntityNotFoundException: The item id [1] does not exist in table [review_item].
	at com.topcoder.management.review.persistence.InformixReviewPersistence.addItemComment(InformixReviewPersistence.java:2360)
	at com.topcoder.management.review.persistence.InformixReviewPersistenceTest.testFailureAddItemComment5(InformixReviewPersistenceTest.java:3444)
	at sun.reflect.NativeMethodAccessorImpl.invoke0(Native Method)
	at sun.reflect.NativeMethodAccessorImpl.invoke(NativeMethodAccessorImpl.java:39)
	at sun.reflect.DelegatingMethodAccessorImpl.invoke(DelegatingMethodAccessorImpl.java:25)
	at java.lang.reflect.Method.invoke(Method.java:597)
	at junit.framework.TestCase.runTest(TestCase.java:164)
	at junit.framework.TestCase.runBare(TestCase.java:130)
	at junit.framework.TestResult$1.protect(TestResult.java:106)
	at junit.framework.TestResult.runProtected(TestResult.java:124)
	at junit.framework.TestResult.run(TestResult.java:109)
	at junit.framework.TestCase.run(TestCase.java:120)
	at junit.framework.TestSuite.runTest(TestSuite.java:230)
	at junit.framework.TestSuite.run(TestSuite.java:225)
	at junit.framework.TestSuite.runTest(TestSuite.java:230)
	at junit.framework.TestSuite.run(TestSuite.java:225)
	at junit.framework.TestSuite.runTest(TestSuite.java:230)
	at junit.framework.TestSuite.run(TestSuite.java:225)
	at org.apache.tools.ant.taskdefs.optional.junit.JUnitTestRunner.run(JUnitTestRunner.java:421)
	at org.apache.tools.ant.taskdefs.optional.junit.JUnitTestRunner.launch(JUnitTestRunner.java:928)
	at org.apache.tools.ant.taskdefs.optional.junit.JUnitTestRunner.main(JUnitTestRunner.java:784)

rollback the transaction.
close the connection.
Instantiate InformixReviewPersistence from the namespace:com.topcoder.management.review.persistence.InformixReviewPersistence
Read required propery[connection.name] with value[informix_connection] from namespace [com.topcoder.management.review.persistence.InformixReviewPersistence].
Read required propery[connection.factory_class] with value[com.topcoder.db.connectionfactory.DBConnectionFactoryImpl] from namespace [com.topcoder.management.review.persistence.InformixReviewPersistence].
Read required propery[connection.factory_namespace] with value[com.topcoder.db.connectionfactory.DBConnectionFactoryImpl] from namespace [com.topcoder.management.review.persistence.InformixReviewPersistence].
Read required propery[search_bundle_manager_namespace] with value[com.topcoder.search.builder.SearchBundleManager] from namespace [com.topcoder.management.review.persistence.InformixReviewPersistence].
Read required propery[search_bundle_name] with value[ReviewSearchBundle] from namespace [com.topcoder.management.review.persistence.InformixReviewPersistence].
operator: topcoder1reviewId: Unknown - creating new Review.
operator: UnknownreviewId: Unknown - creating db connection using connection name: informix_connection
operator: UnknownreviewId: Unknown - start transaction.
Get new review id :1
insert record into review with new id:1
generate new review comment id :1
insert record into review_comment with new id:1
generate new review comment id :2
insert record into review_comment with new id:2
generate new review Item id :1
insert record into review_item with new id:1
generate new review Item comment id :1
insert record into review_item_comment with new id:1
generate new review Item comment id :2
insert record into review_item_comment with new id:2
generate new review Item id :2
insert record into review_item with new id:2
generate new review Item comment id :3
insert record into review_item_comment with new id:3
generate new review Item comment id :4
insert record into review_item_comment with new id:4
commit the transaction.
close the connection.
operator: topcoder2reviewId: Unknown - creating new Review.
operator: UnknownreviewId: Unknown - creating db connection using connection name: informix_connection
operator: UnknownreviewId: Unknown - start transaction.
Get new review id :2
insert record into review with new id:2
generate new review comment id :3
insert record into review_comment with new id:3
generate new review comment id :4
insert record into review_comment with new id:4
generate new review Item id :3
insert record into review_item with new id:3
generate new review Item comment id :5
insert record into review_item_comment with new id:5
generate new review Item comment id :6
insert record into review_item_comment with new id:6
generate new review Item id :4
insert record into review_item with new id:4
generate new review Item comment id :7
insert record into review_item_comment with new id:7
generate new review Item comment id :8
insert record into review_item_comment with new id:8
commit the transaction.
close the connection.
operator: UnknownreviewId: Unknown - Search  not completed Reviews 
operator: UnknownreviewId: Unknown - Search  complete  Reviews 
operator: UnknownreviewId: Unknown - creating db connection using connection name: informix_connection
operator: UnknownreviewId: Unknown - start transaction.
close the connection.
operator: UnknownreviewId: Unknown - Search  not completed Reviews 
operator: UnknownreviewId: Unknown - Search  complete  Reviews 
operator: UnknownreviewId: Unknown - creating db connection using connection name: informix_connection
operator: UnknownreviewId: Unknown - start transaction.
close the connection.
operator: UnknownreviewId: Unknown - Search  not completed Reviews 
Instantiate InformixReviewPersistence from the namespace:com.topcoder.management.review.persistence.InformixReviewPersistence
Read required propery[connection.name] with value[informix_connection] from namespace [com.topcoder.management.review.persistence.InformixReviewPersistence].
Read required propery[connection.factory_class] with value[com.topcoder.db.connectionfactory.DBConnectionFactoryImpl] from namespace [com.topcoder.management.review.persistence.InformixReviewPersistence].
Read required propery[connection.factory_namespace] with value[com.topcoder.db.connectionfactory.DBConnectionFactoryImpl] from namespace [com.topcoder.management.review.persistence.InformixReviewPersistence].
Read required propery[search_bundle_manager_namespace] with value[com.topcoder.search.builder.SearchBundleManager] from namespace [com.topcoder.management.review.persistence.InformixReviewPersistence].
Read required propery[search_bundle_name] with value[ReviewSearchBundle] from namespace [com.topcoder.management.review.persistence.InformixReviewPersistence].
operator: topcoder1reviewId: Unknown - creating new Review.
operator: UnknownreviewId: Unknown - creating db connection using connection name: informix_connection
operator: UnknownreviewId: Unknown - start transaction.
Get new review id :1
insert record into review with new id:1
generate new review comment id :1
insert record into review_comment with new id:1
generate new review comment id :2
insert record into review_comment with new id:2
generate new review Item id :1
insert record into review_item with new id:1
generate new review Item comment id :1
insert record into review_item_comment with new id:1
generate new review Item comment id :2
insert record into review_item_comment with new id:2
generate new review Item id :2
insert record into review_item with new id:2
generate new review Item comment id :3
insert record into review_item_comment with new id:3
generate new review Item comment id :4
insert record into review_item_comment with new id:4
commit the transaction.
close the connection.
operator: topcoder2reviewId: Unknown - creating new Review.
operator: UnknownreviewId: Unknown - creating db connection using connection name: informix_connection
operator: UnknownreviewId: Unknown - start transaction.
Get new review id :2
insert record into review with new id:2
generate new review comment id :3
insert record into review_comment with new id:3
generate new review comment id :4
insert record into review_comment with new id:4
generate new review Item id :3
insert record into review_item with new id:3
generate new review Item comment id :5
insert record into review_item_comment with new id:5
generate new review Item comment id :6
insert record into review_item_comment with new id:6
generate new review Item id :4
insert record into review_item with new id:4
generate new review Item comment id :7
insert record into review_item_comment with new id:7
generate new review Item comment id :8
insert record into review_item_comment with new id:8
commit the transaction.
close the connection.
operator: UnknownreviewId: Unknown - Search  not completed Reviews 
operator: UnknownreviewId: Unknown - Search  complete  Reviews 
operator: UnknownreviewId: Unknown - creating db connection using connection name: informix_connection
operator: UnknownreviewId: Unknown - start transaction.
close the connection.
operator: UnknownreviewId: Unknown - Search  not completed Reviews 
operator: UnknownreviewId: Unknown - Search  complete  Reviews 
operator: UnknownreviewId: Unknown - creating db connection using connection name: informix_connection
operator: UnknownreviewId: Unknown - start transaction.
close the connection.
operator: UnknownreviewId: Unknown - Search  not completed Reviews 
Instantiate InformixReviewPersistence from the namespace:com.topcoder.management.review.persistence.InformixReviewPersistence
Read required propery[connection.name] with value[informix_connection] from namespace [com.topcoder.management.review.persistence.InformixReviewPersistence].
Read required propery[connection.factory_class] with value[com.topcoder.db.connectionfactory.DBConnectionFactoryImpl] from namespace [com.topcoder.management.review.persistence.InformixReviewPersistence].
Read required propery[connection.factory_namespace] with value[com.topcoder.db.connectionfactory.DBConnectionFactoryImpl] from namespace [com.topcoder.management.review.persistence.InformixReviewPersistence].
Read required propery[search_bundle_manager_namespace] with value[com.topcoder.search.builder.SearchBundleManager] from namespace [com.topcoder.management.review.persistence.InformixReviewPersistence].
Read required propery[search_bundle_name] with value[ReviewSearchBundle] from namespace [com.topcoder.management.review.persistence.InformixReviewPersistence].
operator: topcoder1reviewId: Unknown - creating new Review.
operator: UnknownreviewId: Unknown - creating db connection using connection name: informix_connection
operator: UnknownreviewId: Unknown - start transaction.
Get new review id :1
insert record into review with new id:1
generate new review comment id :1
insert record into review_comment with new id:1
generate new review comment id :2
insert record into review_comment with new id:2
generate new review Item id :1
insert record into review_item with new id:1
generate new review Item comment id :1
insert record into review_item_comment with new id:1
generate new review Item comment id :2
insert record into review_item_comment with new id:2
generate new review Item id :2
insert record into review_item with new id:2
generate new review Item comment id :3
insert record into review_item_comment with new id:3
generate new review Item comment id :4
insert record into review_item_comment with new id:4
commit the transaction.
close the connection.
operator: topcoder2reviewId: Unknown - creating new Review.
operator: UnknownreviewId: Unknown - creating db connection using connection name: informix_connection
operator: UnknownreviewId: Unknown - start transaction.
Get new review id :2
insert record into review with new id:2
generate new review comment id :3
insert record into review_comment with new id:3
generate new review comment id :4
insert record into review_comment with new id:4
generate new review Item id :3
insert record into review_item with new id:3
generate new review Item comment id :5
insert record into review_item_comment with new id:5
generate new review Item comment id :6
insert record into review_item_comment with new id:6
generate new review Item id :4
insert record into review_item with new id:4
generate new review Item comment id :7
insert record into review_item_comment with new id:7
generate new review Item comment id :8
insert record into review_item_comment with new id:8
commit the transaction.
close the connection.
operator: UnknownreviewId: Unknown - Search  not completed Reviews 
operator: UnknownreviewId: Unknown - Search  complete  Reviews 
operator: UnknownreviewId: Unknown - creating db connection using connection name: informix_connection
operator: UnknownreviewId: Unknown - start transaction.
close the connection.
operator: UnknownreviewId: Unknown - Search  not completed Reviews 
operator: UnknownreviewId: Unknown - Search  complete  Reviews 
operator: UnknownreviewId: Unknown - creating db connection using connection name: informix_connection
operator: UnknownreviewId: Unknown - start transaction.
close the connection.
operator: UnknownreviewId: Unknown - Search  not completed Reviews 
Instantiate InformixReviewPersistence from the namespace:com.topcoder.management.review.persistence.InformixReviewPersistence
Read required propery[connection.name] with value[informix_connection] from namespace [com.topcoder.management.review.persistence.InformixReviewPersistence].
Read required propery[connection.factory_class] with value[com.topcoder.db.connectionfactory.DBConnectionFactoryImpl] from namespace [com.topcoder.management.review.persistence.InformixReviewPersistence].
Read required propery[connection.factory_namespace] with value[com.topcoder.db.connectionfactory.DBConnectionFactoryImpl] from namespace [com.topcoder.management.review.persistence.InformixReviewPersistence].
Read required propery[search_bundle_manager_namespace] with value[com.topcoder.search.builder.SearchBundleManager] from namespace [com.topcoder.management.review.persistence.InformixReviewPersistence].
Read required propery[search_bundle_name] with value[ReviewSearchBundle] from namespace [com.topcoder.management.review.persistence.InformixReviewPersistence].
operator: topcoder1reviewId: Unknown - creating new Review.
operator: UnknownreviewId: Unknown - creating db connection using connection name: informix_connection
operator: UnknownreviewId: Unknown - start transaction.
Get new review id :1
insert record into review with new id:1
generate new review comment id :1
insert record into review_comment with new id:1
generate new review comment id :2
insert record into review_comment with new id:2
generate new review Item id :1
insert record into review_item with new id:1
generate new review Item comment id :1
insert record into review_item_comment with new id:1
generate new review Item comment id :2
insert record into review_item_comment with new id:2
generate new review Item id :2
insert record into review_item with new id:2
generate new review Item comment id :3
insert record into review_item_comment with new id:3
generate new review Item comment id :4
insert record into review_item_comment with new id:4
commit the transaction.
close the connection.
operator: topcoder2reviewId: Unknown - creating new Review.
operator: UnknownreviewId: Unknown - creating db connection using connection name: informix_connection
operator: UnknownreviewId: Unknown - start transaction.
Get new review id :2
insert record into review with new id:2
generate new review comment id :3
insert record into review_comment with new id:3
generate new review comment id :4
insert record into review_comment with new id:4
generate new review Item id :3
insert record into review_item with new id:3
generate new review Item comment id :5
insert record into review_item_comment with new id:5
generate new review Item comment id :6
insert record into review_item_comment with new id:6
generate new review Item id :4
insert record into review_item with new id:4
generate new review Item comment id :7
insert record into review_item_comment with new id:7
generate new review Item comment id :8
insert record into review_item_comment with new id:8
commit the transaction.
close the connection.
operator: UnknownreviewId: Unknown - Search  not completed Reviews 
operator: UnknownreviewId: Unknown - Search  complete  Reviews 
operator: UnknownreviewId: Unknown - creating db connection using connection name: informix_connection
operator: UnknownreviewId: Unknown - start transaction.
close the connection.
operator: UnknownreviewId: Unknown - Search  not completed Reviews 
Instantiate InformixReviewPersistence from the namespace:com.topcoder.management.review.persistence.InformixReviewPersistence
Read required propery[connection.name] with value[informix_connection] from namespace [com.topcoder.management.review.persistence.InformixReviewPersistence].
Read required propery[connection.factory_class] with value[com.topcoder.db.connectionfactory.DBConnectionFactoryImpl] from namespace [com.topcoder.management.review.persistence.InformixReviewPersistence].
Read required propery[connection.factory_namespace] with value[com.topcoder.db.connectionfactory.DBConnectionFactoryImpl] from namespace [com.topcoder.management.review.persistence.InformixReviewPersistence].
Read required propery[search_bundle_manager_namespace] with value[com.topcoder.search.builder.SearchBundleManager] from namespace [com.topcoder.management.review.persistence.InformixReviewPersistence].
Read required propery[search_bundle_name] with value[ReviewSearchBundle] from namespace [com.topcoder.management.review.persistence.InformixReviewPersistence].
operator: topcoder1reviewId: Unknown - creating new Review.
operator: UnknownreviewId: Unknown - creating db connection using connection name: informix_connection
operator: UnknownreviewId: Unknown - start transaction.
Get new review id :1
insert record into review with new id:1
generate new review comment id :1
insert record into review_comment with new id:1
generate new review comment id :2
insert record into review_comment with new id:2
generate new review Item id :1
insert record into review_item with new id:1
generate new review Item comment id :1
insert record into review_item_comment with new id:1
generate new review Item comment id :2
insert record into review_item_comment with new id:2
generate new review Item id :2
insert record into review_item with new id:2
generate new review Item comment id :3
insert record into review_item_comment with new id:3
generate new review Item comment id :4
insert record into review_item_comment with new id:4
commit the transaction.
close the connection.
operator: topcoder2reviewId: Unknown - creating new Review.
operator: UnknownreviewId: Unknown - creating db connection using connection name: informix_connection
operator: UnknownreviewId: Unknown - start transaction.
Get new review id :2
insert record into review with new id:2
generate new review comment id :3
insert record into review_comment with new id:3
generate new review comment id :4
insert record into review_comment with new id:4
generate new review Item id :3
insert record into review_item with new id:3
generate new review Item comment id :5
insert record into review_item_comment with new id:5
generate new review Item comment id :6
insert record into review_item_comment with new id:6
generate new review Item id :4
insert record into review_item with new id:4
generate new review Item comment id :7
insert record into review_item_comment with new id:7
generate new review Item comment id :8
insert record into review_item_comment with new id:8
commit the transaction.
close the connection.
operator: UnknownreviewId: Unknown - Search  not completed Reviews 
operator: UnknownreviewId: Unknown - Search  complete  Reviews 
operator: UnknownreviewId: Unknown - creating db connection using connection name: informix_connection
operator: UnknownreviewId: Unknown - start transaction.
close the connection.
operator: UnknownreviewId: Unknown - Search  not completed Reviews 
operator: UnknownreviewId: Unknown - Search  complete  Reviews 
operator: UnknownreviewId: Unknown - creating db connection using connection name: informix_connection
operator: UnknownreviewId: Unknown - start transaction.
close the connection.
operator: UnknownreviewId: Unknown - Search  not completed Reviews 
Instantiate InformixReviewPersistence from the namespace:com.topcoder.management.review.persistence.InformixReviewPersistence
Read required propery[connection.name] with value[informix_connection] from namespace [com.topcoder.management.review.persistence.InformixReviewPersistence].
Read required propery[connection.factory_class] with value[com.topcoder.db.connectionfactory.DBConnectionFactoryImpl] from namespace [com.topcoder.management.review.persistence.InformixReviewPersistence].
Read required propery[connection.factory_namespace] with value[com.topcoder.db.connectionfactory.DBConnectionFactoryImpl] from namespace [com.topcoder.management.review.persistence.InformixReviewPersistence].
Read required propery[search_bundle_manager_namespace] with value[com.topcoder.search.builder.SearchBundleManager] from namespace [com.topcoder.management.review.persistence.InformixReviewPersistence].
Read required propery[search_bundle_name] with value[ReviewSearchBundle] from namespace [com.topcoder.management.review.persistence.InformixReviewPersistence].
com.topcoder.util.config.UnknownNamespaceException: com.topcoder.util.log is unknown
	at com.topcoder.util.config.DefaultConfigManager.getPropertyObject(DefaultConfigManager.java:429)
	at com.topcoder.util.config.DefaultConfigManager.getString(DefaultConfigManager.java:449)
	at com.topcoder.util.log.LogFactory.getAttribute(LogFactory.java:224)
	at com.topcoder.util.log.basic.BasicLog.log(BasicLog.java:74)
	at com.topcoder.management.review.persistence.InformixReviewPersistence.<init>(InformixReviewPersistence.java:400)
	at com.topcoder.management.review.persistence.DemoTest.testCreation(DemoTest.java:338)
	at sun.reflect.NativeMethodAccessorImpl.invoke0(Native Method)
	at sun.reflect.NativeMethodAccessorImpl.invoke(NativeMethodAccessorImpl.java:39)
	at sun.reflect.DelegatingMethodAccessorImpl.invoke(DelegatingMethodAccessorImpl.java:25)
	at java.lang.reflect.Method.invoke(Method.java:597)
	at junit.framework.TestCase.runTest(TestCase.java:164)
	at junit.framework.TestCase.runBare(TestCase.java:130)
	at junit.framework.TestResult$1.protect(TestResult.java:106)
	at junit.framework.TestResult.runProtected(TestResult.java:124)
	at junit.framework.TestResult.run(TestResult.java:109)
	at junit.framework.TestCase.run(TestCase.java:120)
	at junit.framework.TestSuite.runTest(TestSuite.java:230)
	at junit.framework.TestSuite.run(TestSuite.java:225)
	at junit.framework.TestSuite.runTest(TestSuite.java:230)
	at junit.framework.TestSuite.run(TestSuite.java:225)
	at junit.framework.TestSuite.runTest(TestSuite.java:230)
	at junit.framework.TestSuite.run(TestSuite.java:225)
	at org.apache.tools.ant.taskdefs.optional.junit.JUnitTestRunner.run(JUnitTestRunner.java:421)
	at org.apache.tools.ant.taskdefs.optional.junit.JUnitTestRunner.launch(JUnitTestRunner.java:928)
	at org.apache.tools.ant.taskdefs.optional.junit.JUnitTestRunner.main(JUnitTestRunner.java:784)
Instantiate InformixReviewPersistence from the namespace:InformixReviewPersistence.CustomNamespace
com.topcoder.util.config.UnknownNamespaceException: com.topcoder.util.log is unknown
	at com.topcoder.util.config.DefaultConfigManager.getPropertyObject(DefaultConfigManager.java:429)
	at com.topcoder.util.config.DefaultConfigManager.getString(DefaultConfigManager.java:449)
	at com.topcoder.util.log.LogFactory.getAttribute(LogFactory.java:224)
	at com.topcoder.util.log.basic.BasicLog.log(BasicLog.java:74)
	at com.topcoder.management.review.persistence.Helper.getConfigurationParameterValue(Helper.java:706)
	at com.topcoder.management.review.persistence.InformixReviewPersistence.<init>(InformixReviewPersistence.java:405)
	at com.topcoder.management.review.persistence.DemoTest.testCreation(DemoTest.java:338)
	at sun.reflect.NativeMethodAccessorImpl.invoke0(Native Method)
	at sun.reflect.NativeMethodAccessorImpl.invoke(NativeMethodAccessorImpl.java:39)
	at sun.reflect.DelegatingMethodAccessorImpl.invoke(DelegatingMethodAccessorImpl.java:25)
	at java.lang.reflect.Method.invoke(Method.java:597)
	at junit.framework.TestCase.runTest(TestCase.java:164)
	at junit.framework.TestCase.runBare(TestCase.java:130)
	at junit.framework.TestResult$1.protect(TestResult.java:106)
	at junit.framework.TestResult.runProtected(TestResult.java:124)
	at junit.framework.TestResult.run(TestResult.java:109)
	at junit.framework.TestCase.run(TestCase.java:120)
	at junit.framework.TestSuite.runTest(TestSuite.java:230)
	at junit.framework.TestSuite.run(TestSuite.java:225)
	at junit.framework.TestSuite.runTest(TestSuite.java:230)
	at junit.framework.TestSuite.run(TestSuite.java:225)
	at junit.framework.TestSuite.runTest(TestSuite.java:230)
	at junit.framework.TestSuite.run(TestSuite.java:225)
	at org.apache.tools.ant.taskdefs.optional.junit.JUnitTestRunner.run(JUnitTestRunner.java:421)
	at org.apache.tools.ant.taskdefs.optional.junit.JUnitTestRunner.launch(JUnitTestRunner.java:928)
	at org.apache.tools.ant.taskdefs.optional.junit.JUnitTestRunner.main(JUnitTestRunner.java:784)
Read required propery[connection.name] with value[informix_connection] from namespace [InformixReviewPersistence.CustomNamespace].
com.topcoder.util.config.UnknownNamespaceException: com.topcoder.util.log is unknown
	at com.topcoder.util.config.DefaultConfigManager.getPropertyObject(DefaultConfigManager.java:429)
	at com.topcoder.util.config.DefaultConfigManager.getString(DefaultConfigManager.java:449)
	at com.topcoder.util.log.LogFactory.getAttribute(LogFactory.java:224)
	at com.topcoder.util.log.basic.BasicLog.log(BasicLog.java:74)
	at com.topcoder.management.review.persistence.Helper.getConfigurationParameterValue(Helper.java:706)
	at com.topcoder.management.review.persistence.InformixReviewPersistence.createDBConnectionFactory(InformixReviewPersistence.java:491)
	at com.topcoder.management.review.persistence.InformixReviewPersistence.<init>(InformixReviewPersistence.java:408)
	at com.topcoder.management.review.persistence.DemoTest.testCreation(DemoTest.java:338)
	at sun.reflect.NativeMethodAccessorImpl.invoke0(Native Method)
	at sun.reflect.NativeMethodAccessorImpl.invoke(NativeMethodAccessorImpl.java:39)
	at sun.reflect.DelegatingMethodAccessorImpl.invoke(DelegatingMethodAccessorImpl.java:25)
	at java.lang.reflect.Method.invoke(Method.java:597)
	at junit.framework.TestCase.runTest(TestCase.java:164)
	at junit.framework.TestCase.runBare(TestCase.java:130)
	at junit.framework.TestResult$1.protect(TestResult.java:106)
	at junit.framework.TestResult.runProtected(TestResult.java:124)
	at junit.framework.TestResult.run(TestResult.java:109)
	at junit.framework.TestCase.run(TestCase.java:120)
	at junit.framework.TestSuite.runTest(TestSuite.java:230)
	at junit.framework.TestSuite.run(TestSuite.java:225)
	at junit.framework.TestSuite.runTest(TestSuite.java:230)
	at junit.framework.TestSuite.run(TestSuite.java:225)
	at junit.framework.TestSuite.runTest(TestSuite.java:230)
	at junit.framework.TestSuite.run(TestSuite.java:225)
	at org.apache.tools.ant.taskdefs.optional.junit.JUnitTestRunner.run(JUnitTestRunner.java:421)
	at org.apache.tools.ant.taskdefs.optional.junit.JUnitTestRunner.launch(JUnitTestRunner.java:928)
	at org.apache.tools.ant.taskdefs.optional.junit.JUnitTestRunner.main(JUnitTestRunner.java:784)
Read required propery[connection.factory_class] with value[com.topcoder.db.connectionfactory.DBConnectionFactoryImpl] from namespace [InformixReviewPersistence.CustomNamespace].
com.topcoder.util.config.UnknownNamespaceException: com.topcoder.util.log is unknown
	at com.topcoder.util.config.DefaultConfigManager.getPropertyObject(DefaultConfigManager.java:429)
	at com.topcoder.util.config.DefaultConfigManager.getString(DefaultConfigManager.java:449)
	at com.topcoder.util.log.LogFactory.getAttribute(LogFactory.java:224)
	at com.topcoder.util.log.basic.BasicLog.log(BasicLog.java:74)
	at com.topcoder.management.review.persistence.Helper.getConfigurationParameterValue(Helper.java:706)
	at com.topcoder.management.review.persistence.InformixReviewPersistence.createDBConnectionFactory(InformixReviewPersistence.java:494)
	at com.topcoder.management.review.persistence.InformixReviewPersistence.<init>(InformixReviewPersistence.java:408)
	at com.topcoder.management.review.persistence.DemoTest.testCreation(DemoTest.java:338)
	at sun.reflect.NativeMethodAccessorImpl.invoke0(Native Method)
	at sun.reflect.NativeMethodAccessorImpl.invoke(NativeMethodAccessorImpl.java:39)
	at sun.reflect.DelegatingMethodAccessorImpl.invoke(DelegatingMethodAccessorImpl.java:25)
	at java.lang.reflect.Method.invoke(Method.java:597)
	at junit.framework.TestCase.runTest(TestCase.java:164)
	at junit.framework.TestCase.runBare(TestCase.java:130)
	at junit.framework.TestResult$1.protect(TestResult.java:106)
	at junit.framework.TestResult.runProtected(TestResult.java:124)
	at junit.framework.TestResult.run(TestResult.java:109)
	at junit.framework.TestCase.run(TestCase.java:120)
	at junit.framework.TestSuite.runTest(TestSuite.java:230)
	at junit.framework.TestSuite.run(TestSuite.java:225)
	at junit.framework.TestSuite.runTest(TestSuite.java:230)
	at junit.framework.TestSuite.run(TestSuite.java:225)
	at junit.framework.TestSuite.runTest(TestSuite.java:230)
	at junit.framework.TestSuite.run(TestSuite.java:225)
	at org.apache.tools.ant.taskdefs.optional.junit.JUnitTestRunner.run(JUnitTestRunner.java:421)
	at org.apache.tools.ant.taskdefs.optional.junit.JUnitTestRunner.launch(JUnitTestRunner.java:928)
	at org.apache.tools.ant.taskdefs.optional.junit.JUnitTestRunner.main(JUnitTestRunner.java:784)
Read required propery[connection.factory_namespace] with value[com.topcoder.db.connectionfactory.DBConnectionFactoryImpl] from namespace [InformixReviewPersistence.CustomNamespace].
com.topcoder.util.config.UnknownNamespaceException: com.topcoder.util.log is unknown
	at com.topcoder.util.config.DefaultConfigManager.getPropertyObject(DefaultConfigManager.java:429)
	at com.topcoder.util.config.DefaultConfigManager.getString(DefaultConfigManager.java:449)
	at com.topcoder.util.log.LogFactory.getAttribute(LogFactory.java:224)
	at com.topcoder.util.log.basic.BasicLog.log(BasicLog.java:74)
	at com.topcoder.management.review.persistence.Helper.getConfigurationParameterValue(Helper.java:706)
	at com.topcoder.management.review.persistence.InformixReviewPersistence.createSearchBundle(InformixReviewPersistence.java:554)
	at com.topcoder.management.review.persistence.InformixReviewPersistence.<init>(InformixReviewPersistence.java:409)
	at com.topcoder.management.review.persistence.DemoTest.testCreation(DemoTest.java:338)
	at sun.reflect.NativeMethodAccessorImpl.invoke0(Native Method)
	at sun.reflect.NativeMethodAccessorImpl.invoke(NativeMethodAccessorImpl.java:39)
	at sun.reflect.DelegatingMethodAccessorImpl.invoke(DelegatingMethodAccessorImpl.java:25)
	at java.lang.reflect.Method.invoke(Method.java:597)
	at junit.framework.TestCase.runTest(TestCase.java:164)
	at junit.framework.TestCase.runBare(TestCase.java:130)
	at junit.framework.TestResult$1.protect(TestResult.java:106)
	at junit.framework.TestResult.runProtected(TestResult.java:124)
	at junit.framework.TestResult.run(TestResult.java:109)
	at junit.framework.TestCase.run(TestCase.java:120)
	at junit.framework.TestSuite.runTest(TestSuite.java:230)
	at junit.framework.TestSuite.run(TestSuite.java:225)
	at junit.framework.TestSuite.runTest(TestSuite.java:230)
	at junit.framework.TestSuite.run(TestSuite.java:225)
	at junit.framework.TestSuite.runTest(TestSuite.java:230)
	at junit.framework.TestSuite.run(TestSuite.java:225)
	at org.apache.tools.ant.taskdefs.optional.junit.JUnitTestRunner.run(JUnitTestRunner.java:421)
	at org.apache.tools.ant.taskdefs.optional.junit.JUnitTestRunner.launch(JUnitTestRunner.java:928)
	at org.apache.tools.ant.taskdefs.optional.junit.JUnitTestRunner.main(JUnitTestRunner.java:784)
Read required propery[search_bundle_manager_namespace] with value[com.topcoder.search.builder.SearchBundleManager] from namespace [InformixReviewPersistence.CustomNamespace].
com.topcoder.util.config.UnknownNamespaceException: com.topcoder.util.log is unknown
	at com.topcoder.util.config.DefaultConfigManager.getPropertyObject(DefaultConfigManager.java:429)
	at com.topcoder.util.config.DefaultConfigManager.getString(DefaultConfigManager.java:449)
	at com.topcoder.util.log.LogFactory.getAttribute(LogFactory.java:224)
	at com.topcoder.util.log.basic.BasicLog.log(BasicLog.java:74)
	at com.topcoder.management.review.persistence.Helper.getConfigurationParameterValue(Helper.java:706)
	at com.topcoder.management.review.persistence.InformixReviewPersistence.createSearchBundle(InformixReviewPersistence.java:557)
	at com.topcoder.management.review.persistence.InformixReviewPersistence.<init>(InformixReviewPersistence.java:409)
	at com.topcoder.management.review.persistence.DemoTest.testCreation(DemoTest.java:338)
	at sun.reflect.NativeMethodAccessorImpl.invoke0(Native Method)
	at sun.reflect.NativeMethodAccessorImpl.invoke(NativeMethodAccessorImpl.java:39)
	at sun.reflect.DelegatingMethodAccessorImpl.invoke(DelegatingMethodAccessorImpl.java:25)
	at java.lang.reflect.Method.invoke(Method.java:597)
	at junit.framework.TestCase.runTest(TestCase.java:164)
	at junit.framework.TestCase.runBare(TestCase.java:130)
	at junit.framework.TestResult$1.protect(TestResult.java:106)
	at junit.framework.TestResult.runProtected(TestResult.java:124)
	at junit.framework.TestResult.run(TestResult.java:109)
	at junit.framework.TestCase.run(TestCase.java:120)
	at junit.framework.TestSuite.runTest(TestSuite.java:230)
	at junit.framework.TestSuite.run(TestSuite.java:225)
	at junit.framework.TestSuite.runTest(TestSuite.java:230)
	at junit.framework.TestSuite.run(TestSuite.java:225)
	at junit.framework.TestSuite.runTest(TestSuite.java:230)
	at junit.framework.TestSuite.run(TestSuite.java:225)
	at org.apache.tools.ant.taskdefs.optional.junit.JUnitTestRunner.run(JUnitTestRunner.java:421)
	at org.apache.tools.ant.taskdefs.optional.junit.JUnitTestRunner.launch(JUnitTestRunner.java:928)
	at org.apache.tools.ant.taskdefs.optional.junit.JUnitTestRunner.main(JUnitTestRunner.java:784)
Read required propery[search_bundle_name] with value[ReviewSearchBundle] from namespace [InformixReviewPersistence.CustomNamespace].
com.topcoder.util.config.UnknownNamespaceException: com.topcoder.util.log is unknown
	at com.topcoder.util.config.DefaultConfigManager.getPropertyObject(DefaultConfigManager.java:429)
	at com.topcoder.util.config.DefaultConfigManager.getString(DefaultConfigManager.java:449)
	at com.topcoder.util.log.LogFactory.getAttribute(LogFactory.java:224)
	at com.topcoder.util.log.basic.BasicLog.log(BasicLog.java:74)
	at com.topcoder.management.review.persistence.InformixReviewPersistence.<init>(InformixReviewPersistence.java:400)
	at com.topcoder.management.review.persistence.InformixReviewPersistence.<init>(InformixReviewPersistence.java:380)
	at com.topcoder.management.review.persistence.DemoTest.testCreation(DemoTest.java:341)
	at sun.reflect.NativeMethodAccessorImpl.invoke0(Native Method)
	at sun.reflect.NativeMethodAccessorImpl.invoke(NativeMethodAccessorImpl.java:39)
	at sun.reflect.DelegatingMethodAccessorImpl.invoke(DelegatingMethodAccessorImpl.java:25)
	at java.lang.reflect.Method.invoke(Method.java:597)
	at junit.framework.TestCase.runTest(TestCase.java:164)
	at junit.framework.TestCase.runBare(TestCase.java:130)
	at junit.framework.TestResult$1.protect(TestResult.java:106)
	at junit.framework.TestResult.runProtected(TestResult.java:124)
	at junit.framework.TestResult.run(TestResult.java:109)
	at junit.framework.TestCase.run(TestCase.java:120)
	at junit.framework.TestSuite.runTest(TestSuite.java:230)
	at junit.framework.TestSuite.run(TestSuite.java:225)
	at junit.framework.TestSuite.runTest(TestSuite.java:230)
	at junit.framework.TestSuite.run(TestSuite.java:225)
	at junit.framework.TestSuite.runTest(TestSuite.java:230)
	at junit.framework.TestSuite.run(TestSuite.java:225)
	at org.apache.tools.ant.taskdefs.optional.junit.JUnitTestRunner.run(JUnitTestRunner.java:421)
	at org.apache.tools.ant.taskdefs.optional.junit.JUnitTestRunner.launch(JUnitTestRunner.java:928)
	at org.apache.tools.ant.taskdefs.optional.junit.JUnitTestRunner.main(JUnitTestRunner.java:784)
Instantiate InformixReviewPersistence from the namespace:com.topcoder.management.review.persistence.InformixReviewPersistence
com.topcoder.util.config.UnknownNamespaceException: com.topcoder.util.log is unknown
	at com.topcoder.util.config.DefaultConfigManager.getPropertyObject(DefaultConfigManager.java:429)
	at com.topcoder.util.config.DefaultConfigManager.getString(DefaultConfigManager.java:449)
	at com.topcoder.util.log.LogFactory.getAttribute(LogFactory.java:224)
	at com.topcoder.util.log.basic.BasicLog.log(BasicLog.java:74)
	at com.topcoder.management.review.persistence.Helper.getConfigurationParameterValue(Helper.java:706)
	at com.topcoder.management.review.persistence.InformixReviewPersistence.<init>(InformixReviewPersistence.java:405)
	at com.topcoder.management.review.persistence.InformixReviewPersistence.<init>(InformixReviewPersistence.java:380)
	at com.topcoder.management.review.persistence.DemoTest.testCreation(DemoTest.java:341)
	at sun.reflect.NativeMethodAccessorImpl.invoke0(Native Method)
	at sun.reflect.NativeMethodAccessorImpl.invoke(NativeMethodAccessorImpl.java:39)
	at sun.reflect.DelegatingMethodAccessorImpl.invoke(DelegatingMethodAccessorImpl.java:25)
	at java.lang.reflect.Method.invoke(Method.java:597)
	at junit.framework.TestCase.runTest(TestCase.java:164)
	at junit.framework.TestCase.runBare(TestCase.java:130)
	at junit.framework.TestResult$1.protect(TestResult.java:106)
	at junit.framework.TestResult.runProtected(TestResult.java:124)
	at junit.framework.TestResult.run(TestResult.java:109)
	at junit.framework.TestCase.run(TestCase.java:120)
	at junit.framework.TestSuite.runTest(TestSuite.java:230)
	at junit.framework.TestSuite.run(TestSuite.java:225)
	at junit.framework.TestSuite.runTest(TestSuite.java:230)
	at junit.framework.TestSuite.run(TestSuite.java:225)
	at junit.framework.TestSuite.runTest(TestSuite.java:230)
	at junit.framework.TestSuite.run(TestSuite.java:225)
	at org.apache.tools.ant.taskdefs.optional.junit.JUnitTestRunner.run(JUnitTestRunner.java:421)
	at org.apache.tools.ant.taskdefs.optional.junit.JUnitTestRunner.launch(JUnitTestRunner.java:928)
	at org.apache.tools.ant.taskdefs.optional.junit.JUnitTestRunner.main(JUnitTestRunner.java:784)
Read required propery[connection.name] with value[informix_connection] from namespace [com.topcoder.management.review.persistence.InformixReviewPersistence].
com.topcoder.util.config.UnknownNamespaceException: com.topcoder.util.log is unknown
	at com.topcoder.util.config.DefaultConfigManager.getPropertyObject(DefaultConfigManager.java:429)
	at com.topcoder.util.config.DefaultConfigManager.getString(DefaultConfigManager.java:449)
	at com.topcoder.util.log.LogFactory.getAttribute(LogFactory.java:224)
	at com.topcoder.util.log.basic.BasicLog.log(BasicLog.java:74)
	at com.topcoder.management.review.persistence.Helper.getConfigurationParameterValue(Helper.java:706)
	at com.topcoder.management.review.persistence.InformixReviewPersistence.createDBConnectionFactory(InformixReviewPersistence.java:491)
	at com.topcoder.management.review.persistence.InformixReviewPersistence.<init>(InformixReviewPersistence.java:408)
	at com.topcoder.management.review.persistence.InformixReviewPersistence.<init>(InformixReviewPersistence.java:380)
	at com.topcoder.management.review.persistence.DemoTest.testCreation(DemoTest.java:341)
	at sun.reflect.NativeMethodAccessorImpl.invoke0(Native Method)
	at sun.reflect.NativeMethodAccessorImpl.invoke(NativeMethodAccessorImpl.java:39)
	at sun.reflect.DelegatingMethodAccessorImpl.invoke(DelegatingMethodAccessorImpl.java:25)
	at java.lang.reflect.Method.invoke(Method.java:597)
	at junit.framework.TestCase.runTest(TestCase.java:164)
	at junit.framework.TestCase.runBare(TestCase.java:130)
	at junit.framework.TestResult$1.protect(TestResult.java:106)
	at junit.framework.TestResult.runProtected(TestResult.java:124)
	at junit.framework.TestResult.run(TestResult.java:109)
	at junit.framework.TestCase.run(TestCase.java:120)
	at junit.framework.TestSuite.runTest(TestSuite.java:230)
	at junit.framework.TestSuite.run(TestSuite.java:225)
	at junit.framework.TestSuite.runTest(TestSuite.java:230)
	at junit.framework.TestSuite.run(TestSuite.java:225)
	at junit.framework.TestSuite.runTest(TestSuite.java:230)
	at junit.framework.TestSuite.run(TestSuite.java:225)
	at org.apache.tools.ant.taskdefs.optional.junit.JUnitTestRunner.run(JUnitTestRunner.java:421)
	at org.apache.tools.ant.taskdefs.optional.junit.JUnitTestRunner.launch(JUnitTestRunner.java:928)
	at org.apache.tools.ant.taskdefs.optional.junit.JUnitTestRunner.main(JUnitTestRunner.java:784)
Read required propery[connection.factory_class] with value[com.topcoder.db.connectionfactory.DBConnectionFactoryImpl] from namespace [com.topcoder.management.review.persistence.InformixReviewPersistence].
com.topcoder.util.config.UnknownNamespaceException: com.topcoder.util.log is unknown
	at com.topcoder.util.config.DefaultConfigManager.getPropertyObject(DefaultConfigManager.java:429)
	at com.topcoder.util.config.DefaultConfigManager.getString(DefaultConfigManager.java:449)
	at com.topcoder.util.log.LogFactory.getAttribute(LogFactory.java:224)
	at com.topcoder.util.log.basic.BasicLog.log(BasicLog.java:74)
	at com.topcoder.management.review.persistence.Helper.getConfigurationParameterValue(Helper.java:706)
	at com.topcoder.management.review.persistence.InformixReviewPersistence.createDBConnectionFactory(InformixReviewPersistence.java:494)
	at com.topcoder.management.review.persistence.InformixReviewPersistence.<init>(InformixReviewPersistence.java:408)
	at com.topcoder.management.review.persistence.InformixReviewPersistence.<init>(InformixReviewPersistence.java:380)
	at com.topcoder.management.review.persistence.DemoTest.testCreation(DemoTest.java:341)
	at sun.reflect.NativeMethodAccessorImpl.invoke0(Native Method)
	at sun.reflect.NativeMethodAccessorImpl.invoke(NativeMethodAccessorImpl.java:39)
	at sun.reflect.DelegatingMethodAccessorImpl.invoke(DelegatingMethodAccessorImpl.java:25)
	at java.lang.reflect.Method.invoke(Method.java:597)
	at junit.framework.TestCase.runTest(TestCase.java:164)
	at junit.framework.TestCase.runBare(TestCase.java:130)
	at junit.framework.TestResult$1.protect(TestResult.java:106)
	at junit.framework.TestResult.runProtected(TestResult.java:124)
	at junit.framework.TestResult.run(TestResult.java:109)
	at junit.framework.TestCase.run(TestCase.java:120)
	at junit.framework.TestSuite.runTest(TestSuite.java:230)
	at junit.framework.TestSuite.run(TestSuite.java:225)
	at junit.framework.TestSuite.runTest(TestSuite.java:230)
	at junit.framework.TestSuite.run(TestSuite.java:225)
	at junit.framework.TestSuite.runTest(TestSuite.java:230)
	at junit.framework.TestSuite.run(TestSuite.java:225)
	at org.apache.tools.ant.taskdefs.optional.junit.JUnitTestRunner.run(JUnitTestRunner.java:421)
	at org.apache.tools.ant.taskdefs.optional.junit.JUnitTestRunner.launch(JUnitTestRunner.java:928)
	at org.apache.tools.ant.taskdefs.optional.junit.JUnitTestRunner.main(JUnitTestRunner.java:784)
Read required propery[connection.factory_namespace] with value[com.topcoder.db.connectionfactory.DBConnectionFactoryImpl] from namespace [com.topcoder.management.review.persistence.InformixReviewPersistence].
com.topcoder.util.config.UnknownNamespaceException: com.topcoder.util.log is unknown
	at com.topcoder.util.config.DefaultConfigManager.getPropertyObject(DefaultConfigManager.java:429)
	at com.topcoder.util.config.DefaultConfigManager.getString(DefaultConfigManager.java:449)
	at com.topcoder.util.log.LogFactory.getAttribute(LogFactory.java:224)
	at com.topcoder.util.log.basic.BasicLog.log(BasicLog.java:74)
	at com.topcoder.management.review.persistence.Helper.getConfigurationParameterValue(Helper.java:706)
	at com.topcoder.management.review.persistence.InformixReviewPersistence.createSearchBundle(InformixReviewPersistence.java:554)
	at com.topcoder.management.review.persistence.InformixReviewPersistence.<init>(InformixReviewPersistence.java:409)
	at com.topcoder.management.review.persistence.InformixReviewPersistence.<init>(InformixReviewPersistence.java:380)
	at com.topcoder.management.review.persistence.DemoTest.testCreation(DemoTest.java:341)
	at sun.reflect.NativeMethodAccessorImpl.invoke0(Native Method)
	at sun.reflect.NativeMethodAccessorImpl.invoke(NativeMethodAccessorImpl.java:39)
	at sun.reflect.DelegatingMethodAccessorImpl.invoke(DelegatingMethodAccessorImpl.java:25)
	at java.lang.reflect.Method.invoke(Method.java:597)
	at junit.framework.TestCase.runTest(TestCase.java:164)
	at junit.framework.TestCase.runBare(TestCase.java:130)
	at junit.framework.TestResult$1.protect(TestResult.java:106)
	at junit.framework.TestResult.runProtected(TestResult.java:124)
	at junit.framework.TestResult.run(TestResult.java:109)
	at junit.framework.TestCase.run(TestCase.java:120)
	at junit.framework.TestSuite.runTest(TestSuite.java:230)
	at junit.framework.TestSuite.run(TestSuite.java:225)
	at junit.framework.TestSuite.runTest(TestSuite.java:230)
	at junit.framework.TestSuite.run(TestSuite.java:225)
	at junit.framework.TestSuite.runTest(TestSuite.java:230)
	at junit.framework.TestSuite.run(TestSuite.java:225)
	at org.apache.tools.ant.taskdefs.optional.junit.JUnitTestRunner.run(JUnitTestRunner.java:421)
	at org.apache.tools.ant.taskdefs.optional.junit.JUnitTestRunner.launch(JUnitTestRunner.java:928)
	at org.apache.tools.ant.taskdefs.optional.junit.JUnitTestRunner.main(JUnitTestRunner.java:784)
Read required propery[search_bundle_manager_namespace] with value[com.topcoder.search.builder.SearchBundleManager] from namespace [com.topcoder.management.review.persistence.InformixReviewPersistence].
com.topcoder.util.config.UnknownNamespaceException: com.topcoder.util.log is unknown
	at com.topcoder.util.config.DefaultConfigManager.getPropertyObject(DefaultConfigManager.java:429)
	at com.topcoder.util.config.DefaultConfigManager.getString(DefaultConfigManager.java:449)
	at com.topcoder.util.log.LogFactory.getAttribute(LogFactory.java:224)
	at com.topcoder.util.log.basic.BasicLog.log(BasicLog.java:74)
	at com.topcoder.management.review.persistence.Helper.getConfigurationParameterValue(Helper.java:706)
	at com.topcoder.management.review.persistence.InformixReviewPersistence.createSearchBundle(InformixReviewPersistence.java:557)
	at com.topcoder.management.review.persistence.InformixReviewPersistence.<init>(InformixReviewPersistence.java:409)
	at com.topcoder.management.review.persistence.InformixReviewPersistence.<init>(InformixReviewPersistence.java:380)
	at com.topcoder.management.review.persistence.DemoTest.testCreation(DemoTest.java:341)
	at sun.reflect.NativeMethodAccessorImpl.invoke0(Native Method)
	at sun.reflect.NativeMethodAccessorImpl.invoke(NativeMethodAccessorImpl.java:39)
	at sun.reflect.DelegatingMethodAccessorImpl.invoke(DelegatingMethodAccessorImpl.java:25)
	at java.lang.reflect.Method.invoke(Method.java:597)
	at junit.framework.TestCase.runTest(TestCase.java:164)
	at junit.framework.TestCase.runBare(TestCase.java:130)
	at junit.framework.TestResult$1.protect(TestResult.java:106)
	at junit.framework.TestResult.runProtected(TestResult.java:124)
	at junit.framework.TestResult.run(TestResult.java:109)
	at junit.framework.TestCase.run(TestCase.java:120)
	at junit.framework.TestSuite.runTest(TestSuite.java:230)
	at junit.framework.TestSuite.run(TestSuite.java:225)
	at junit.framework.TestSuite.runTest(TestSuite.java:230)
	at junit.framework.TestSuite.run(TestSuite.java:225)
	at junit.framework.TestSuite.runTest(TestSuite.java:230)
	at junit.framework.TestSuite.run(TestSuite.java:225)
	at org.apache.tools.ant.taskdefs.optional.junit.JUnitTestRunner.run(JUnitTestRunner.java:421)
	at org.apache.tools.ant.taskdefs.optional.junit.JUnitTestRunner.launch(JUnitTestRunner.java:928)
	at org.apache.tools.ant.taskdefs.optional.junit.JUnitTestRunner.main(JUnitTestRunner.java:784)
Read required propery[search_bundle_name] with value[ReviewSearchBundle] from namespace [com.topcoder.management.review.persistence.InformixReviewPersistence].
com.topcoder.util.config.UnknownNamespaceException: com.topcoder.util.log is unknown
	at com.topcoder.util.config.DefaultConfigManager.getPropertyObject(DefaultConfigManager.java:429)
	at com.topcoder.util.config.DefaultConfigManager.getString(DefaultConfigManager.java:449)
	at com.topcoder.util.log.LogFactory.getAttribute(LogFactory.java:224)
	at com.topcoder.util.log.basic.BasicLog.log(BasicLog.java:74)
	at com.topcoder.management.review.persistence.InformixReviewPersistence.<init>(InformixReviewPersistence.java:441)
	at com.topcoder.management.review.persistence.DemoTest.testCreation(DemoTest.java:354)
	at sun.reflect.NativeMethodAccessorImpl.invoke0(Native Method)
	at sun.reflect.NativeMethodAccessorImpl.invoke(NativeMethodAccessorImpl.java:39)
	at sun.reflect.DelegatingMethodAccessorImpl.invoke(DelegatingMethodAccessorImpl.java:25)
	at java.lang.reflect.Method.invoke(Method.java:597)
	at junit.framework.TestCase.runTest(TestCase.java:164)
	at junit.framework.TestCase.runBare(TestCase.java:130)
	at junit.framework.TestResult$1.protect(TestResult.java:106)
	at junit.framework.TestResult.runProtected(TestResult.java:124)
	at junit.framework.TestResult.run(TestResult.java:109)
	at junit.framework.TestCase.run(TestCase.java:120)
	at junit.framework.TestSuite.runTest(TestSuite.java:230)
	at junit.framework.TestSuite.run(TestSuite.java:225)
	at junit.framework.TestSuite.runTest(TestSuite.java:230)
	at junit.framework.TestSuite.run(TestSuite.java:225)
	at junit.framework.TestSuite.runTest(TestSuite.java:230)
	at junit.framework.TestSuite.run(TestSuite.java:225)
	at org.apache.tools.ant.taskdefs.optional.junit.JUnitTestRunner.run(JUnitTestRunner.java:421)
	at org.apache.tools.ant.taskdefs.optional.junit.JUnitTestRunner.launch(JUnitTestRunner.java:928)
	at org.apache.tools.ant.taskdefs.optional.junit.JUnitTestRunner.main(JUnitTestRunner.java:784)
Instantiate InformixReviewPersistence with given dbFactory, connectionName and searchBundle
com.topcoder.util.config.UnknownNamespaceException: com.topcoder.util.log is unknown
	at com.topcoder.util.config.DefaultConfigManager.getPropertyObject(DefaultConfigManager.java:429)
	at com.topcoder.util.config.DefaultConfigManager.getString(DefaultConfigManager.java:449)
	at com.topcoder.util.log.LogFactory.getAttribute(LogFactory.java:224)
	at com.topcoder.util.log.basic.BasicLog.log(BasicLog.java:74)
	at com.topcoder.management.review.persistence.InformixReviewPersistence.<init>(InformixReviewPersistence.java:400)
	at com.topcoder.management.review.persistence.InformixReviewPersistence.<init>(InformixReviewPersistence.java:380)
	at com.topcoder.management.review.persistence.DemoTest.testCreateReivew(DemoTest.java:364)
	at sun.reflect.NativeMethodAccessorImpl.invoke0(Native Method)
	at sun.reflect.NativeMethodAccessorImpl.invoke(NativeMethodAccessorImpl.java:39)
	at sun.reflect.DelegatingMethodAccessorImpl.invoke(DelegatingMethodAccessorImpl.java:25)
	at java.lang.reflect.Method.invoke(Method.java:597)
	at junit.framework.TestCase.runTest(TestCase.java:164)
	at junit.framework.TestCase.runBare(TestCase.java:130)
	at junit.framework.TestResult$1.protect(TestResult.java:106)
	at junit.framework.TestResult.runProtected(TestResult.java:124)
	at junit.framework.TestResult.run(TestResult.java:109)
	at junit.framework.TestCase.run(TestCase.java:120)
	at junit.framework.TestSuite.runTest(TestSuite.java:230)
	at junit.framework.TestSuite.run(TestSuite.java:225)
	at junit.framework.TestSuite.runTest(TestSuite.java:230)
	at junit.framework.TestSuite.run(TestSuite.java:225)
	at junit.framework.TestSuite.runTest(TestSuite.java:230)
	at junit.framework.TestSuite.run(TestSuite.java:225)
	at org.apache.tools.ant.taskdefs.optional.junit.JUnitTestRunner.run(JUnitTestRunner.java:421)
	at org.apache.tools.ant.taskdefs.optional.junit.JUnitTestRunner.launch(JUnitTestRunner.java:928)
	at org.apache.tools.ant.taskdefs.optional.junit.JUnitTestRunner.main(JUnitTestRunner.java:784)
Instantiate InformixReviewPersistence from the namespace:com.topcoder.management.review.persistence.InformixReviewPersistence
com.topcoder.util.config.UnknownNamespaceException: com.topcoder.util.log is unknown
	at com.topcoder.util.config.DefaultConfigManager.getPropertyObject(DefaultConfigManager.java:429)
	at com.topcoder.util.config.DefaultConfigManager.getString(DefaultConfigManager.java:449)
	at com.topcoder.util.log.LogFactory.getAttribute(LogFactory.java:224)
	at com.topcoder.util.log.basic.BasicLog.log(BasicLog.java:74)
	at com.topcoder.management.review.persistence.Helper.getConfigurationParameterValue(Helper.java:706)
	at com.topcoder.management.review.persistence.InformixReviewPersistence.<init>(InformixReviewPersistence.java:405)
	at com.topcoder.management.review.persistence.InformixReviewPersistence.<init>(InformixReviewPersistence.java:380)
	at com.topcoder.management.review.persistence.DemoTest.testCreateReivew(DemoTest.java:364)
	at sun.reflect.NativeMethodAccessorImpl.invoke0(Native Method)
	at sun.reflect.NativeMethodAccessorImpl.invoke(NativeMethodAccessorImpl.java:39)
	at sun.reflect.DelegatingMethodAccessorImpl.invoke(DelegatingMethodAccessorImpl.java:25)
	at java.lang.reflect.Method.invoke(Method.java:597)
	at junit.framework.TestCase.runTest(TestCase.java:164)
	at junit.framework.TestCase.runBare(TestCase.java:130)
	at junit.framework.TestResult$1.protect(TestResult.java:106)
	at junit.framework.TestResult.runProtected(TestResult.java:124)
	at junit.framework.TestResult.run(TestResult.java:109)
	at junit.framework.TestCase.run(TestCase.java:120)
	at junit.framework.TestSuite.runTest(TestSuite.java:230)
	at junit.framework.TestSuite.run(TestSuite.java:225)
	at junit.framework.TestSuite.runTest(TestSuite.java:230)
	at junit.framework.TestSuite.run(TestSuite.java:225)
	at junit.framework.TestSuite.runTest(TestSuite.java:230)
	at junit.framework.TestSuite.run(TestSuite.java:225)
	at org.apache.tools.ant.taskdefs.optional.junit.JUnitTestRunner.run(JUnitTestRunner.java:421)
	at org.apache.tools.ant.taskdefs.optional.junit.JUnitTestRunner.launch(JUnitTestRunner.java:928)
	at org.apache.tools.ant.taskdefs.optional.junit.JUnitTestRunner.main(JUnitTestRunner.java:784)
Read required propery[connection.name] with value[informix_connection] from namespace [com.topcoder.management.review.persistence.InformixReviewPersistence].
com.topcoder.util.config.UnknownNamespaceException: com.topcoder.util.log is unknown
	at com.topcoder.util.config.DefaultConfigManager.getPropertyObject(DefaultConfigManager.java:429)
	at com.topcoder.util.config.DefaultConfigManager.getString(DefaultConfigManager.java:449)
	at com.topcoder.util.log.LogFactory.getAttribute(LogFactory.java:224)
	at com.topcoder.util.log.basic.BasicLog.log(BasicLog.java:74)
	at com.topcoder.management.review.persistence.Helper.getConfigurationParameterValue(Helper.java:706)
	at com.topcoder.management.review.persistence.InformixReviewPersistence.createDBConnectionFactory(InformixReviewPersistence.java:491)
	at com.topcoder.management.review.persistence.InformixReviewPersistence.<init>(InformixReviewPersistence.java:408)
	at com.topcoder.management.review.persistence.InformixReviewPersistence.<init>(InformixReviewPersistence.java:380)
	at com.topcoder.management.review.persistence.DemoTest.testCreateReivew(DemoTest.java:364)
	at sun.reflect.NativeMethodAccessorImpl.invoke0(Native Method)
	at sun.reflect.NativeMethodAccessorImpl.invoke(NativeMethodAccessorImpl.java:39)
	at sun.reflect.DelegatingMethodAccessorImpl.invoke(DelegatingMethodAccessorImpl.java:25)
	at java.lang.reflect.Method.invoke(Method.java:597)
	at junit.framework.TestCase.runTest(TestCase.java:164)
	at junit.framework.TestCase.runBare(TestCase.java:130)
	at junit.framework.TestResult$1.protect(TestResult.java:106)
	at junit.framework.TestResult.runProtected(TestResult.java:124)
	at junit.framework.TestResult.run(TestResult.java:109)
	at junit.framework.TestCase.run(TestCase.java:120)
	at junit.framework.TestSuite.runTest(TestSuite.java:230)
	at junit.framework.TestSuite.run(TestSuite.java:225)
	at junit.framework.TestSuite.runTest(TestSuite.java:230)
	at junit.framework.TestSuite.run(TestSuite.java:225)
	at junit.framework.TestSuite.runTest(TestSuite.java:230)
	at junit.framework.TestSuite.run(TestSuite.java:225)
	at org.apache.tools.ant.taskdefs.optional.junit.JUnitTestRunner.run(JUnitTestRunner.java:421)
	at org.apache.tools.ant.taskdefs.optional.junit.JUnitTestRunner.launch(JUnitTestRunner.java:928)
	at org.apache.tools.ant.taskdefs.optional.junit.JUnitTestRunner.main(JUnitTestRunner.java:784)
Read required propery[connection.factory_class] with value[com.topcoder.db.connectionfactory.DBConnectionFactoryImpl] from namespace [com.topcoder.management.review.persistence.InformixReviewPersistence].
com.topcoder.util.config.UnknownNamespaceException: com.topcoder.util.log is unknown
	at com.topcoder.util.config.DefaultConfigManager.getPropertyObject(DefaultConfigManager.java:429)
	at com.topcoder.util.config.DefaultConfigManager.getString(DefaultConfigManager.java:449)
	at com.topcoder.util.log.LogFactory.getAttribute(LogFactory.java:224)
	at com.topcoder.util.log.basic.BasicLog.log(BasicLog.java:74)
	at com.topcoder.management.review.persistence.Helper.getConfigurationParameterValue(Helper.java:706)
	at com.topcoder.management.review.persistence.InformixReviewPersistence.createDBConnectionFactory(InformixReviewPersistence.java:494)
	at com.topcoder.management.review.persistence.InformixReviewPersistence.<init>(InformixReviewPersistence.java:408)
	at com.topcoder.management.review.persistence.InformixReviewPersistence.<init>(InformixReviewPersistence.java:380)
	at com.topcoder.management.review.persistence.DemoTest.testCreateReivew(DemoTest.java:364)
	at sun.reflect.NativeMethodAccessorImpl.invoke0(Native Method)
	at sun.reflect.NativeMethodAccessorImpl.invoke(NativeMethodAccessorImpl.java:39)
	at sun.reflect.DelegatingMethodAccessorImpl.invoke(DelegatingMethodAccessorImpl.java:25)
	at java.lang.reflect.Method.invoke(Method.java:597)
	at junit.framework.TestCase.runTest(TestCase.java:164)
	at junit.framework.TestCase.runBare(TestCase.java:130)
	at junit.framework.TestResult$1.protect(TestResult.java:106)
	at junit.framework.TestResult.runProtected(TestResult.java:124)
	at junit.framework.TestResult.run(TestResult.java:109)
	at junit.framework.TestCase.run(TestCase.java:120)
	at junit.framework.TestSuite.runTest(TestSuite.java:230)
	at junit.framework.TestSuite.run(TestSuite.java:225)
	at junit.framework.TestSuite.runTest(TestSuite.java:230)
	at junit.framework.TestSuite.run(TestSuite.java:225)
	at junit.framework.TestSuite.runTest(TestSuite.java:230)
	at junit.framework.TestSuite.run(TestSuite.java:225)
	at org.apache.tools.ant.taskdefs.optional.junit.JUnitTestRunner.run(JUnitTestRunner.java:421)
	at org.apache.tools.ant.taskdefs.optional.junit.JUnitTestRunner.launch(JUnitTestRunner.java:928)
	at org.apache.tools.ant.taskdefs.optional.junit.JUnitTestRunner.main(JUnitTestRunner.java:784)
Read required propery[connection.factory_namespace] with value[com.topcoder.db.connectionfactory.DBConnectionFactoryImpl] from namespace [com.topcoder.management.review.persistence.InformixReviewPersistence].
com.topcoder.util.config.UnknownNamespaceException: com.topcoder.util.log is unknown
	at com.topcoder.util.config.DefaultConfigManager.getPropertyObject(DefaultConfigManager.java:429)
	at com.topcoder.util.config.DefaultConfigManager.getString(DefaultConfigManager.java:449)
	at com.topcoder.util.log.LogFactory.getAttribute(LogFactory.java:224)
	at com.topcoder.util.log.basic.BasicLog.log(BasicLog.java:74)
	at com.topcoder.management.review.persistence.Helper.getConfigurationParameterValue(Helper.java:706)
	at com.topcoder.management.review.persistence.InformixReviewPersistence.createSearchBundle(InformixReviewPersistence.java:554)
	at com.topcoder.management.review.persistence.InformixReviewPersistence.<init>(InformixReviewPersistence.java:409)
	at com.topcoder.management.review.persistence.InformixReviewPersistence.<init>(InformixReviewPersistence.java:380)
	at com.topcoder.management.review.persistence.DemoTest.testCreateReivew(DemoTest.java:364)
	at sun.reflect.NativeMethodAccessorImpl.invoke0(Native Method)
	at sun.reflect.NativeMethodAccessorImpl.invoke(NativeMethodAccessorImpl.java:39)
	at sun.reflect.DelegatingMethodAccessorImpl.invoke(DelegatingMethodAccessorImpl.java:25)
	at java.lang.reflect.Method.invoke(Method.java:597)
	at junit.framework.TestCase.runTest(TestCase.java:164)
	at junit.framework.TestCase.runBare(TestCase.java:130)
	at junit.framework.TestResult$1.protect(TestResult.java:106)
	at junit.framework.TestResult.runProtected(TestResult.java:124)
	at junit.framework.TestResult.run(TestResult.java:109)
	at junit.framework.TestCase.run(TestCase.java:120)
	at junit.framework.TestSuite.runTest(TestSuite.java:230)
	at junit.framework.TestSuite.run(TestSuite.java:225)
	at junit.framework.TestSuite.runTest(TestSuite.java:230)
	at junit.framework.TestSuite.run(TestSuite.java:225)
	at junit.framework.TestSuite.runTest(TestSuite.java:230)
	at junit.framework.TestSuite.run(TestSuite.java:225)
	at org.apache.tools.ant.taskdefs.optional.junit.JUnitTestRunner.run(JUnitTestRunner.java:421)
	at org.apache.tools.ant.taskdefs.optional.junit.JUnitTestRunner.launch(JUnitTestRunner.java:928)
	at org.apache.tools.ant.taskdefs.optional.junit.JUnitTestRunner.main(JUnitTestRunner.java:784)
Read required propery[search_bundle_manager_namespace] with value[com.topcoder.search.builder.SearchBundleManager] from namespace [com.topcoder.management.review.persistence.InformixReviewPersistence].
com.topcoder.util.config.UnknownNamespaceException: com.topcoder.util.log is unknown
	at com.topcoder.util.config.DefaultConfigManager.getPropertyObject(DefaultConfigManager.java:429)
	at com.topcoder.util.config.DefaultConfigManager.getString(DefaultConfigManager.java:449)
	at com.topcoder.util.log.LogFactory.getAttribute(LogFactory.java:224)
	at com.topcoder.util.log.basic.BasicLog.log(BasicLog.java:74)
	at com.topcoder.management.review.persistence.Helper.getConfigurationParameterValue(Helper.java:706)
	at com.topcoder.management.review.persistence.InformixReviewPersistence.createSearchBundle(InformixReviewPersistence.java:557)
	at com.topcoder.management.review.persistence.InformixReviewPersistence.<init>(InformixReviewPersistence.java:409)
	at com.topcoder.management.review.persistence.InformixReviewPersistence.<init>(InformixReviewPersistence.java:380)
	at com.topcoder.management.review.persistence.DemoTest.testCreateReivew(DemoTest.java:364)
	at sun.reflect.NativeMethodAccessorImpl.invoke0(Native Method)
	at sun.reflect.NativeMethodAccessorImpl.invoke(NativeMethodAccessorImpl.java:39)
	at sun.reflect.DelegatingMethodAccessorImpl.invoke(DelegatingMethodAccessorImpl.java:25)
	at java.lang.reflect.Method.invoke(Method.java:597)
	at junit.framework.TestCase.runTest(TestCase.java:164)
	at junit.framework.TestCase.runBare(TestCase.java:130)
	at junit.framework.TestResult$1.protect(TestResult.java:106)
	at junit.framework.TestResult.runProtected(TestResult.java:124)
	at junit.framework.TestResult.run(TestResult.java:109)
	at junit.framework.TestCase.run(TestCase.java:120)
	at junit.framework.TestSuite.runTest(TestSuite.java:230)
	at junit.framework.TestSuite.run(TestSuite.java:225)
	at junit.framework.TestSuite.runTest(TestSuite.java:230)
	at junit.framework.TestSuite.run(TestSuite.java:225)
	at junit.framework.TestSuite.runTest(TestSuite.java:230)
	at junit.framework.TestSuite.run(TestSuite.java:225)
	at org.apache.tools.ant.taskdefs.optional.junit.JUnitTestRunner.run(JUnitTestRunner.java:421)
	at org.apache.tools.ant.taskdefs.optional.junit.JUnitTestRunner.launch(JUnitTestRunner.java:928)
	at org.apache.tools.ant.taskdefs.optional.junit.JUnitTestRunner.main(JUnitTestRunner.java:784)
Read required propery[search_bundle_name] with value[ReviewSearchBundle] from namespace [com.topcoder.management.review.persistence.InformixReviewPersistence].
com.topcoder.util.config.UnknownNamespaceException: com.topcoder.util.log is unknown
	at com.topcoder.util.config.DefaultConfigManager.getPropertyObject(DefaultConfigManager.java:429)
	at com.topcoder.util.config.DefaultConfigManager.getString(DefaultConfigManager.java:449)
	at com.topcoder.util.log.LogFactory.getAttribute(LogFactory.java:224)
	at com.topcoder.util.log.basic.BasicLog.log(BasicLog.java:74)
	at com.topcoder.management.review.persistence.InformixReviewPersistence.getAllCommentTypes(InformixReviewPersistence.java:2194)
	at com.topcoder.management.review.persistence.DemoTest.testCreateReivew(DemoTest.java:367)
	at sun.reflect.NativeMethodAccessorImpl.invoke0(Native Method)
	at sun.reflect.NativeMethodAccessorImpl.invoke(NativeMethodAccessorImpl.java:39)
	at sun.reflect.DelegatingMethodAccessorImpl.invoke(DelegatingMethodAccessorImpl.java:25)
	at java.lang.reflect.Method.invoke(Method.java:597)
	at junit.framework.TestCase.runTest(TestCase.java:164)
	at junit.framework.TestCase.runBare(TestCase.java:130)
	at junit.framework.TestResult$1.protect(TestResult.java:106)
	at junit.framework.TestResult.runProtected(TestResult.java:124)
	at junit.framework.TestResult.run(TestResult.java:109)
	at junit.framework.TestCase.run(TestCase.java:120)
	at junit.framework.TestSuite.runTest(TestSuite.java:230)
	at junit.framework.TestSuite.run(TestSuite.java:225)
	at junit.framework.TestSuite.runTest(TestSuite.java:230)
	at junit.framework.TestSuite.run(TestSuite.java:225)
	at junit.framework.TestSuite.runTest(TestSuite.java:230)
	at junit.framework.TestSuite.run(TestSuite.java:225)
	at org.apache.tools.ant.taskdefs.optional.junit.JUnitTestRunner.run(JUnitTestRunner.java:421)
	at org.apache.tools.ant.taskdefs.optional.junit.JUnitTestRunner.launch(JUnitTestRunner.java:928)
	at org.apache.tools.ant.taskdefs.optional.junit.JUnitTestRunner.main(JUnitTestRunner.java:784)
operator: UnknownreviewId: Unknown -  retrieve all comment types.
com.topcoder.util.config.UnknownNamespaceException: com.topcoder.util.log is unknown
	at com.topcoder.util.config.DefaultConfigManager.getPropertyObject(DefaultConfigManager.java:429)
	at com.topcoder.util.config.DefaultConfigManager.getString(DefaultConfigManager.java:449)
	at com.topcoder.util.log.LogFactory.getAttribute(LogFactory.java:224)
	at com.topcoder.util.log.basic.BasicLog.log(BasicLog.java:74)
	at com.topcoder.management.review.persistence.InformixReviewPersistence.createTransactionalConnection(InformixReviewPersistence.java:624)
	at com.topcoder.management.review.persistence.InformixReviewPersistence.getAllCommentTypes(InformixReviewPersistence.java:2198)
	at com.topcoder.management.review.persistence.DemoTest.testCreateReivew(DemoTest.java:367)
	at sun.reflect.NativeMethodAccessorImpl.invoke0(Native Method)
	at sun.reflect.NativeMethodAccessorImpl.invoke(NativeMethodAccessorImpl.java:39)
	at sun.reflect.DelegatingMethodAccessorImpl.invoke(DelegatingMethodAccessorImpl.java:25)
	at java.lang.reflect.Method.invoke(Method.java:597)
	at junit.framework.TestCase.runTest(TestCase.java:164)
	at junit.framework.TestCase.runBare(TestCase.java:130)
	at junit.framework.TestResult$1.protect(TestResult.java:106)
	at junit.framework.TestResult.runProtected(TestResult.java:124)
	at junit.framework.TestResult.run(TestResult.java:109)
	at junit.framework.TestCase.run(TestCase.java:120)
	at junit.framework.TestSuite.runTest(TestSuite.java:230)
	at junit.framework.TestSuite.run(TestSuite.java:225)
	at junit.framework.TestSuite.runTest(TestSuite.java:230)
	at junit.framework.TestSuite.run(TestSuite.java:225)
	at junit.framework.TestSuite.runTest(TestSuite.java:230)
	at junit.framework.TestSuite.run(TestSuite.java:225)
	at org.apache.tools.ant.taskdefs.optional.junit.JUnitTestRunner.run(JUnitTestRunner.java:421)
	at org.apache.tools.ant.taskdefs.optional.junit.JUnitTestRunner.launch(JUnitTestRunner.java:928)
	at org.apache.tools.ant.taskdefs.optional.junit.JUnitTestRunner.main(JUnitTestRunner.java:784)
operator: UnknownreviewId: Unknown - creating db connection using connection name: informix_connection
com.topcoder.util.config.UnknownNamespaceException: com.topcoder.util.log is unknown
	at com.topcoder.util.config.DefaultConfigManager.getPropertyObject(DefaultConfigManager.java:429)
	at com.topcoder.util.config.DefaultConfigManager.getString(DefaultConfigManager.java:449)
	at com.topcoder.util.log.LogFactory.getAttribute(LogFactory.java:224)
	at com.topcoder.util.log.basic.BasicLog.log(BasicLog.java:74)
	at com.topcoder.management.review.persistence.InformixReviewPersistence.createTransactionalConnection(InformixReviewPersistence.java:627)
	at com.topcoder.management.review.persistence.InformixReviewPersistence.getAllCommentTypes(InformixReviewPersistence.java:2198)
	at com.topcoder.management.review.persistence.DemoTest.testCreateReivew(DemoTest.java:367)
	at sun.reflect.NativeMethodAccessorImpl.invoke0(Native Method)
	at sun.reflect.NativeMethodAccessorImpl.invoke(NativeMethodAccessorImpl.java:39)
	at sun.reflect.DelegatingMethodAccessorImpl.invoke(DelegatingMethodAccessorImpl.java:25)
	at java.lang.reflect.Method.invoke(Method.java:597)
	at junit.framework.TestCase.runTest(TestCase.java:164)
	at junit.framework.TestCase.runBare(TestCase.java:130)
	at junit.framework.TestResult$1.protect(TestResult.java:106)
	at junit.framework.TestResult.runProtected(TestResult.java:124)
	at junit.framework.TestResult.run(TestResult.java:109)
	at junit.framework.TestCase.run(TestCase.java:120)
	at junit.framework.TestSuite.runTest(TestSuite.java:230)
	at junit.framework.TestSuite.run(TestSuite.java:225)
	at junit.framework.TestSuite.runTest(TestSuite.java:230)
	at junit.framework.TestSuite.run(TestSuite.java:225)
	at junit.framework.TestSuite.runTest(TestSuite.java:230)
	at junit.framework.TestSuite.run(TestSuite.java:225)
	at org.apache.tools.ant.taskdefs.optional.junit.JUnitTestRunner.run(JUnitTestRunner.java:421)
	at org.apache.tools.ant.taskdefs.optional.junit.JUnitTestRunner.launch(JUnitTestRunner.java:928)
	at org.apache.tools.ant.taskdefs.optional.junit.JUnitTestRunner.main(JUnitTestRunner.java:784)
operator: UnknownreviewId: Unknown - start transaction.
com.topcoder.util.config.UnknownNamespaceException: com.topcoder.util.log is unknown
	at com.topcoder.util.config.DefaultConfigManager.getPropertyObject(DefaultConfigManager.java:429)
	at com.topcoder.util.config.DefaultConfigManager.getString(DefaultConfigManager.java:449)
	at com.topcoder.util.log.LogFactory.getAttribute(LogFactory.java:224)
	at com.topcoder.util.log.basic.BasicLog.log(BasicLog.java:74)
	at com.topcoder.management.review.persistence.Helper.commitTransaction(Helper.java:522)
	at com.topcoder.management.review.persistence.InformixReviewPersistence.getAllCommentTypes(InformixReviewPersistence.java:2202)
	at com.topcoder.management.review.persistence.DemoTest.testCreateReivew(DemoTest.java:367)
	at sun.reflect.NativeMethodAccessorImpl.invoke0(Native Method)
	at sun.reflect.NativeMethodAccessorImpl.invoke(NativeMethodAccessorImpl.java:39)
	at sun.reflect.DelegatingMethodAccessorImpl.invoke(DelegatingMethodAccessorImpl.java:25)
	at java.lang.reflect.Method.invoke(Method.java:597)
	at junit.framework.TestCase.runTest(TestCase.java:164)
	at junit.framework.TestCase.runBare(TestCase.java:130)
	at junit.framework.TestResult$1.protect(TestResult.java:106)
	at junit.framework.TestResult.runProtected(TestResult.java:124)
	at junit.framework.TestResult.run(TestResult.java:109)
	at junit.framework.TestCase.run(TestCase.java:120)
	at junit.framework.TestSuite.runTest(TestSuite.java:230)
	at junit.framework.TestSuite.run(TestSuite.java:225)
	at junit.framework.TestSuite.runTest(TestSuite.java:230)
	at junit.framework.TestSuite.run(TestSuite.java:225)
	at junit.framework.TestSuite.runTest(TestSuite.java:230)
	at junit.framework.TestSuite.run(TestSuite.java:225)
	at org.apache.tools.ant.taskdefs.optional.junit.JUnitTestRunner.run(JUnitTestRunner.java:421)
	at org.apache.tools.ant.taskdefs.optional.junit.JUnitTestRunner.launch(JUnitTestRunner.java:928)
	at org.apache.tools.ant.taskdefs.optional.junit.JUnitTestRunner.main(JUnitTestRunner.java:784)
commit the transaction.
com.topcoder.util.config.UnknownNamespaceException: com.topcoder.util.log is unknown
	at com.topcoder.util.config.DefaultConfigManager.getPropertyObject(DefaultConfigManager.java:429)
	at com.topcoder.util.config.DefaultConfigManager.getString(DefaultConfigManager.java:449)
	at com.topcoder.util.log.LogFactory.getAttribute(LogFactory.java:224)
	at com.topcoder.util.log.basic.BasicLog.log(BasicLog.java:74)
	at com.topcoder.management.review.persistence.Helper.closeConnection(Helper.java:469)
	at com.topcoder.management.review.persistence.InformixReviewPersistence.getAllCommentTypes(InformixReviewPersistence.java:2210)
	at com.topcoder.management.review.persistence.DemoTest.testCreateReivew(DemoTest.java:367)
	at sun.reflect.NativeMethodAccessorImpl.invoke0(Native Method)
	at sun.reflect.NativeMethodAccessorImpl.invoke(NativeMethodAccessorImpl.java:39)
	at sun.reflect.DelegatingMethodAccessorImpl.invoke(DelegatingMethodAccessorImpl.java:25)
	at java.lang.reflect.Method.invoke(Method.java:597)
	at junit.framework.TestCase.runTest(TestCase.java:164)
	at junit.framework.TestCase.runBare(TestCase.java:130)
	at junit.framework.TestResult$1.protect(TestResult.java:106)
	at junit.framework.TestResult.runProtected(TestResult.java:124)
	at junit.framework.TestResult.run(TestResult.java:109)
	at junit.framework.TestCase.run(TestCase.java:120)
	at junit.framework.TestSuite.runTest(TestSuite.java:230)
	at junit.framework.TestSuite.run(TestSuite.java:225)
	at junit.framework.TestSuite.runTest(TestSuite.java:230)
	at junit.framework.TestSuite.run(TestSuite.java:225)
	at junit.framework.TestSuite.runTest(TestSuite.java:230)
	at junit.framework.TestSuite.run(TestSuite.java:225)
	at org.apache.tools.ant.taskdefs.optional.junit.JUnitTestRunner.run(JUnitTestRunner.java:421)
	at org.apache.tools.ant.taskdefs.optional.junit.JUnitTestRunner.launch(JUnitTestRunner.java:928)
	at org.apache.tools.ant.taskdefs.optional.junit.JUnitTestRunner.main(JUnitTestRunner.java:784)
close the connection.
com.topcoder.util.config.UnknownNamespaceException: com.topcoder.util.log is unknown
	at com.topcoder.util.config.DefaultConfigManager.getPropertyObject(DefaultConfigManager.java:429)
	at com.topcoder.util.config.DefaultConfigManager.getString(DefaultConfigManager.java:449)
	at com.topcoder.util.log.LogFactory.getAttribute(LogFactory.java:224)
	at com.topcoder.util.log.basic.BasicLog.log(BasicLog.java:74)
	at com.topcoder.management.review.persistence.InformixReviewPersistence.createReview(InformixReviewPersistence.java:895)
	at com.topcoder.management.review.persistence.DemoTest.testCreateReivew(DemoTest.java:372)
	at sun.reflect.NativeMethodAccessorImpl.invoke0(Native Method)
	at sun.reflect.NativeMethodAccessorImpl.invoke(NativeMethodAccessorImpl.java:39)
	at sun.reflect.DelegatingMethodAccessorImpl.invoke(DelegatingMethodAccessorImpl.java:25)
	at java.lang.reflect.Method.invoke(Method.java:597)
	at junit.framework.TestCase.runTest(TestCase.java:164)
	at junit.framework.TestCase.runBare(TestCase.java:130)
	at junit.framework.TestResult$1.protect(TestResult.java:106)
	at junit.framework.TestResult.runProtected(TestResult.java:124)
	at junit.framework.TestResult.run(TestResult.java:109)
	at junit.framework.TestCase.run(TestCase.java:120)
	at junit.framework.TestSuite.runTest(TestSuite.java:230)
	at junit.framework.TestSuite.run(TestSuite.java:225)
	at junit.framework.TestSuite.runTest(TestSuite.java:230)
	at junit.framework.TestSuite.run(TestSuite.java:225)
	at junit.framework.TestSuite.runTest(TestSuite.java:230)
	at junit.framework.TestSuite.run(TestSuite.java:225)
	at org.apache.tools.ant.taskdefs.optional.junit.JUnitTestRunner.run(JUnitTestRunner.java:421)
	at org.apache.tools.ant.taskdefs.optional.junit.JUnitTestRunner.launch(JUnitTestRunner.java:928)
	at org.apache.tools.ant.taskdefs.optional.junit.JUnitTestRunner.main(JUnitTestRunner.java:784)
operator: someReviewerreviewId: Unknown - creating new Review.
com.topcoder.util.config.UnknownNamespaceException: com.topcoder.util.log is unknown
	at com.topcoder.util.config.DefaultConfigManager.getPropertyObject(DefaultConfigManager.java:429)
	at com.topcoder.util.config.DefaultConfigManager.getString(DefaultConfigManager.java:449)
	at com.topcoder.util.log.LogFactory.getAttribute(LogFactory.java:224)
	at com.topcoder.util.log.basic.BasicLog.log(BasicLog.java:74)
	at com.topcoder.management.review.persistence.InformixReviewPersistence.createTransactionalConnection(InformixReviewPersistence.java:624)
	at com.topcoder.management.review.persistence.InformixReviewPersistence.createReview(InformixReviewPersistence.java:898)
	at com.topcoder.management.review.persistence.DemoTest.testCreateReivew(DemoTest.java:372)
	at sun.reflect.NativeMethodAccessorImpl.invoke0(Native Method)
	at sun.reflect.NativeMethodAccessorImpl.invoke(NativeMethodAccessorImpl.java:39)
	at sun.reflect.DelegatingMethodAccessorImpl.invoke(DelegatingMethodAccessorImpl.java:25)
	at java.lang.reflect.Method.invoke(Method.java:597)
	at junit.framework.TestCase.runTest(TestCase.java:164)
	at junit.framework.TestCase.runBare(TestCase.java:130)
	at junit.framework.TestResult$1.protect(TestResult.java:106)
	at junit.framework.TestResult.runProtected(TestResult.java:124)
	at junit.framework.TestResult.run(TestResult.java:109)
	at junit.framework.TestCase.run(TestCase.java:120)
	at junit.framework.TestSuite.runTest(TestSuite.java:230)
	at junit.framework.TestSuite.run(TestSuite.java:225)
	at junit.framework.TestSuite.runTest(TestSuite.java:230)
	at junit.framework.TestSuite.run(TestSuite.java:225)
	at junit.framework.TestSuite.runTest(TestSuite.java:230)
	at junit.framework.TestSuite.run(TestSuite.java:225)
	at org.apache.tools.ant.taskdefs.optional.junit.JUnitTestRunner.run(JUnitTestRunner.java:421)
	at org.apache.tools.ant.taskdefs.optional.junit.JUnitTestRunner.launch(JUnitTestRunner.java:928)
	at org.apache.tools.ant.taskdefs.optional.junit.JUnitTestRunner.main(JUnitTestRunner.java:784)
operator: UnknownreviewId: Unknown - creating db connection using connection name: informix_connection
com.topcoder.util.config.UnknownNamespaceException: com.topcoder.util.log is unknown
	at com.topcoder.util.config.DefaultConfigManager.getPropertyObject(DefaultConfigManager.java:429)
	at com.topcoder.util.config.DefaultConfigManager.getString(DefaultConfigManager.java:449)
	at com.topcoder.util.log.LogFactory.getAttribute(LogFactory.java:224)
	at com.topcoder.util.log.basic.BasicLog.log(BasicLog.java:74)
	at com.topcoder.management.review.persistence.InformixReviewPersistence.createTransactionalConnection(InformixReviewPersistence.java:627)
	at com.topcoder.management.review.persistence.InformixReviewPersistence.createReview(InformixReviewPersistence.java:898)
	at com.topcoder.management.review.persistence.DemoTest.testCreateReivew(DemoTest.java:372)
	at sun.reflect.NativeMethodAccessorImpl.invoke0(Native Method)
	at sun.reflect.NativeMethodAccessorImpl.invoke(NativeMethodAccessorImpl.java:39)
	at sun.reflect.DelegatingMethodAccessorImpl.invoke(DelegatingMethodAccessorImpl.java:25)
	at java.lang.reflect.Method.invoke(Method.java:597)
	at junit.framework.TestCase.runTest(TestCase.java:164)
	at junit.framework.TestCase.runBare(TestCase.java:130)
	at junit.framework.TestResult$1.protect(TestResult.java:106)
	at junit.framework.TestResult.runProtected(TestResult.java:124)
	at junit.framework.TestResult.run(TestResult.java:109)
	at junit.framework.TestCase.run(TestCase.java:120)
	at junit.framework.TestSuite.runTest(TestSuite.java:230)
	at junit.framework.TestSuite.run(TestSuite.java:225)
	at junit.framework.TestSuite.runTest(TestSuite.java:230)
	at junit.framework.TestSuite.run(TestSuite.java:225)
	at junit.framework.TestSuite.runTest(TestSuite.java:230)
	at junit.framework.TestSuite.run(TestSuite.java:225)
	at org.apache.tools.ant.taskdefs.optional.junit.JUnitTestRunner.run(JUnitTestRunner.java:421)
	at org.apache.tools.ant.taskdefs.optional.junit.JUnitTestRunner.launch(JUnitTestRunner.java:928)
	at org.apache.tools.ant.taskdefs.optional.junit.JUnitTestRunner.main(JUnitTestRunner.java:784)
operator: UnknownreviewId: Unknown - start transaction.
com.topcoder.util.config.UnknownNamespaceException: com.topcoder.util.log is unknown
	at com.topcoder.util.config.DefaultConfigManager.getPropertyObject(DefaultConfigManager.java:429)
	at com.topcoder.util.config.DefaultConfigManager.getString(DefaultConfigManager.java:449)
	at com.topcoder.util.log.LogFactory.getAttribute(LogFactory.java:224)
	at com.topcoder.util.log.basic.BasicLog.log(BasicLog.java:74)
	at com.topcoder.management.review.persistence.InformixReviewPersistence.createReview(InformixReviewPersistence.java:961)
	at com.topcoder.management.review.persistence.InformixReviewPersistence.createReview(InformixReviewPersistence.java:911)
	at com.topcoder.management.review.persistence.DemoTest.testCreateReivew(DemoTest.java:372)
	at sun.reflect.NativeMethodAccessorImpl.invoke0(Native Method)
	at sun.reflect.NativeMethodAccessorImpl.invoke(NativeMethodAccessorImpl.java:39)
	at sun.reflect.DelegatingMethodAccessorImpl.invoke(DelegatingMethodAccessorImpl.java:25)
	at java.lang.reflect.Method.invoke(Method.java:597)
	at junit.framework.TestCase.runTest(TestCase.java:164)
	at junit.framework.TestCase.runBare(TestCase.java:130)
	at junit.framework.TestResult$1.protect(TestResult.java:106)
	at junit.framework.TestResult.runProtected(TestResult.java:124)
	at junit.framework.TestResult.run(TestResult.java:109)
	at junit.framework.TestCase.run(TestCase.java:120)
	at junit.framework.TestSuite.runTest(TestSuite.java:230)
	at junit.framework.TestSuite.run(TestSuite.java:225)
	at junit.framework.TestSuite.runTest(TestSuite.java:230)
	at junit.framework.TestSuite.run(TestSuite.java:225)
	at junit.framework.TestSuite.runTest(TestSuite.java:230)
	at junit.framework.TestSuite.run(TestSuite.java:225)
	at org.apache.tools.ant.taskdefs.optional.junit.JUnitTestRunner.run(JUnitTestRunner.java:421)
	at org.apache.tools.ant.taskdefs.optional.junit.JUnitTestRunner.launch(JUnitTestRunner.java:928)
	at org.apache.tools.ant.taskdefs.optional.junit.JUnitTestRunner.main(JUnitTestRunner.java:784)
Get new review id :1
com.topcoder.util.config.UnknownNamespaceException: com.topcoder.util.log is unknown
	at com.topcoder.util.config.DefaultConfigManager.getPropertyObject(DefaultConfigManager.java:429)
	at com.topcoder.util.config.DefaultConfigManager.getString(DefaultConfigManager.java:449)
	at com.topcoder.util.log.LogFactory.getAttribute(LogFactory.java:224)
	at com.topcoder.util.log.basic.BasicLog.log(BasicLog.java:74)
	at com.topcoder.management.review.persistence.InformixReviewPersistence.createReview(InformixReviewPersistence.java:986)
	at com.topcoder.management.review.persistence.InformixReviewPersistence.createReview(InformixReviewPersistence.java:911)
	at com.topcoder.management.review.persistence.DemoTest.testCreateReivew(DemoTest.java:372)
	at sun.reflect.NativeMethodAccessorImpl.invoke0(Native Method)
	at sun.reflect.NativeMethodAccessorImpl.invoke(NativeMethodAccessorImpl.java:39)
	at sun.reflect.DelegatingMethodAccessorImpl.invoke(DelegatingMethodAccessorImpl.java:25)
	at java.lang.reflect.Method.invoke(Method.java:597)
	at junit.framework.TestCase.runTest(TestCase.java:164)
	at junit.framework.TestCase.runBare(TestCase.java:130)
	at junit.framework.TestResult$1.protect(TestResult.java:106)
	at junit.framework.TestResult.runProtected(TestResult.java:124)
	at junit.framework.TestResult.run(TestResult.java:109)
	at junit.framework.TestCase.run(TestCase.java:120)
	at junit.framework.TestSuite.runTest(TestSuite.java:230)
	at junit.framework.TestSuite.run(TestSuite.java:225)
	at junit.framework.TestSuite.runTest(TestSuite.java:230)
	at junit.framework.TestSuite.run(TestSuite.java:225)
	at junit.framework.TestSuite.runTest(TestSuite.java:230)
	at junit.framework.TestSuite.run(TestSuite.java:225)
	at org.apache.tools.ant.taskdefs.optional.junit.JUnitTestRunner.run(JUnitTestRunner.java:421)
	at org.apache.tools.ant.taskdefs.optional.junit.JUnitTestRunner.launch(JUnitTestRunner.java:928)
	at org.apache.tools.ant.taskdefs.optional.junit.JUnitTestRunner.main(JUnitTestRunner.java:784)
insert record into review with new id:1
com.topcoder.util.config.UnknownNamespaceException: com.topcoder.util.log is unknown
	at com.topcoder.util.config.DefaultConfigManager.getPropertyObject(DefaultConfigManager.java:429)
	at com.topcoder.util.config.DefaultConfigManager.getString(DefaultConfigManager.java:449)
	at com.topcoder.util.log.LogFactory.getAttribute(LogFactory.java:224)
	at com.topcoder.util.log.basic.BasicLog.log(BasicLog.java:74)
	at com.topcoder.management.review.persistence.InformixReviewPersistence.createReviewComments(InformixReviewPersistence.java:1025)
	at com.topcoder.management.review.persistence.InformixReviewPersistence.createReview(InformixReviewPersistence.java:989)
	at com.topcoder.management.review.persistence.InformixReviewPersistence.createReview(InformixReviewPersistence.java:911)
	at com.topcoder.management.review.persistence.DemoTest.testCreateReivew(DemoTest.java:372)
	at sun.reflect.NativeMethodAccessorImpl.invoke0(Native Method)
	at sun.reflect.NativeMethodAccessorImpl.invoke(NativeMethodAccessorImpl.java:39)
	at sun.reflect.DelegatingMethodAccessorImpl.invoke(DelegatingMethodAccessorImpl.java:25)
	at java.lang.reflect.Method.invoke(Method.java:597)
	at junit.framework.TestCase.runTest(TestCase.java:164)
	at junit.framework.TestCase.runBare(TestCase.java:130)
	at junit.framework.TestResult$1.protect(TestResult.java:106)
	at junit.framework.TestResult.runProtected(TestResult.java:124)
	at junit.framework.TestResult.run(TestResult.java:109)
	at junit.framework.TestCase.run(TestCase.java:120)
	at junit.framework.TestSuite.runTest(TestSuite.java:230)
	at junit.framework.TestSuite.run(TestSuite.java:225)
	at junit.framework.TestSuite.runTest(TestSuite.java:230)
	at junit.framework.TestSuite.run(TestSuite.java:225)
	at junit.framework.TestSuite.runTest(TestSuite.java:230)
	at junit.framework.TestSuite.run(TestSuite.java:225)
	at org.apache.tools.ant.taskdefs.optional.junit.JUnitTestRunner.run(JUnitTestRunner.java:421)
	at org.apache.tools.ant.taskdefs.optional.junit.JUnitTestRunner.launch(JUnitTestRunner.java:928)
	at org.apache.tools.ant.taskdefs.optional.junit.JUnitTestRunner.main(JUnitTestRunner.java:784)
generate new review comment id :1
com.topcoder.util.config.UnknownNamespaceException: com.topcoder.util.log is unknown
	at com.topcoder.util.config.DefaultConfigManager.getPropertyObject(DefaultConfigManager.java:429)
	at com.topcoder.util.config.DefaultConfigManager.getString(DefaultConfigManager.java:449)
	at com.topcoder.util.log.LogFactory.getAttribute(LogFactory.java:224)
	at com.topcoder.util.log.basic.BasicLog.log(BasicLog.java:74)
	at com.topcoder.management.review.persistence.InformixReviewPersistence.createReviewComments(InformixReviewPersistence.java:1036)
	at com.topcoder.management.review.persistence.InformixReviewPersistence.createReview(InformixReviewPersistence.java:989)
	at com.topcoder.management.review.persistence.InformixReviewPersistence.createReview(InformixReviewPersistence.java:911)
	at com.topcoder.management.review.persistence.DemoTest.testCreateReivew(DemoTest.java:372)
	at sun.reflect.NativeMethodAccessorImpl.invoke0(Native Method)
	at sun.reflect.NativeMethodAccessorImpl.invoke(NativeMethodAccessorImpl.java:39)
	at sun.reflect.DelegatingMethodAccessorImpl.invoke(DelegatingMethodAccessorImpl.java:25)
	at java.lang.reflect.Method.invoke(Method.java:597)
	at junit.framework.TestCase.runTest(TestCase.java:164)
	at junit.framework.TestCase.runBare(TestCase.java:130)
	at junit.framework.TestResult$1.protect(TestResult.java:106)
	at junit.framework.TestResult.runProtected(TestResult.java:124)
	at junit.framework.TestResult.run(TestResult.java:109)
	at junit.framework.TestCase.run(TestCase.java:120)
	at junit.framework.TestSuite.runTest(TestSuite.java:230)
	at junit.framework.TestSuite.run(TestSuite.java:225)
	at junit.framework.TestSuite.runTest(TestSuite.java:230)
	at junit.framework.TestSuite.run(TestSuite.java:225)
	at junit.framework.TestSuite.runTest(TestSuite.java:230)
	at junit.framework.TestSuite.run(TestSuite.java:225)
	at org.apache.tools.ant.taskdefs.optional.junit.JUnitTestRunner.run(JUnitTestRunner.java:421)
	at org.apache.tools.ant.taskdefs.optional.junit.JUnitTestRunner.launch(JUnitTestRunner.java:928)
	at org.apache.tools.ant.taskdefs.optional.junit.JUnitTestRunner.main(JUnitTestRunner.java:784)
insert record into review_comment with new id:1
com.topcoder.util.config.UnknownNamespaceException: com.topcoder.util.log is unknown
	at com.topcoder.util.config.DefaultConfigManager.getPropertyObject(DefaultConfigManager.java:429)
	at com.topcoder.util.config.DefaultConfigManager.getString(DefaultConfigManager.java:449)
	at com.topcoder.util.log.LogFactory.getAttribute(LogFactory.java:224)
	at com.topcoder.util.log.basic.BasicLog.log(BasicLog.java:74)
	at com.topcoder.management.review.persistence.InformixReviewPersistence.createReviewComments(InformixReviewPersistence.java:1025)
	at com.topcoder.management.review.persistence.InformixReviewPersistence.createReview(InformixReviewPersistence.java:989)
	at com.topcoder.management.review.persistence.InformixReviewPersistence.createReview(InformixReviewPersistence.java:911)
	at com.topcoder.management.review.persistence.DemoTest.testCreateReivew(DemoTest.java:372)
	at sun.reflect.NativeMethodAccessorImpl.invoke0(Native Method)
	at sun.reflect.NativeMethodAccessorImpl.invoke(NativeMethodAccessorImpl.java:39)
	at sun.reflect.DelegatingMethodAccessorImpl.invoke(DelegatingMethodAccessorImpl.java:25)
	at java.lang.reflect.Method.invoke(Method.java:597)
	at junit.framework.TestCase.runTest(TestCase.java:164)
	at junit.framework.TestCase.runBare(TestCase.java:130)
	at junit.framework.TestResult$1.protect(TestResult.java:106)
	at junit.framework.TestResult.runProtected(TestResult.java:124)
	at junit.framework.TestResult.run(TestResult.java:109)
	at junit.framework.TestCase.run(TestCase.java:120)
	at junit.framework.TestSuite.runTest(TestSuite.java:230)
	at junit.framework.TestSuite.run(TestSuite.java:225)
	at junit.framework.TestSuite.runTest(TestSuite.java:230)
	at junit.framework.TestSuite.run(TestSuite.java:225)
	at junit.framework.TestSuite.runTest(TestSuite.java:230)
	at junit.framework.TestSuite.run(TestSuite.java:225)
	at org.apache.tools.ant.taskdefs.optional.junit.JUnitTestRunner.run(JUnitTestRunner.java:421)
	at org.apache.tools.ant.taskdefs.optional.junit.JUnitTestRunner.launch(JUnitTestRunner.java:928)
	at org.apache.tools.ant.taskdefs.optional.junit.JUnitTestRunner.main(JUnitTestRunner.java:784)
generate new review comment id :2
com.topcoder.util.config.UnknownNamespaceException: com.topcoder.util.log is unknown
	at com.topcoder.util.config.DefaultConfigManager.getPropertyObject(DefaultConfigManager.java:429)
	at com.topcoder.util.config.DefaultConfigManager.getString(DefaultConfigManager.java:449)
	at com.topcoder.util.log.LogFactory.getAttribute(LogFactory.java:224)
	at com.topcoder.util.log.basic.BasicLog.log(BasicLog.java:74)
	at com.topcoder.management.review.persistence.InformixReviewPersistence.createReviewComments(InformixReviewPersistence.java:1036)
	at com.topcoder.management.review.persistence.InformixReviewPersistence.createReview(InformixReviewPersistence.java:989)
	at com.topcoder.management.review.persistence.InformixReviewPersistence.createReview(InformixReviewPersistence.java:911)
	at com.topcoder.management.review.persistence.DemoTest.testCreateReivew(DemoTest.java:372)
	at sun.reflect.NativeMethodAccessorImpl.invoke0(Native Method)
	at sun.reflect.NativeMethodAccessorImpl.invoke(NativeMethodAccessorImpl.java:39)
	at sun.reflect.DelegatingMethodAccessorImpl.invoke(DelegatingMethodAccessorImpl.java:25)
	at java.lang.reflect.Method.invoke(Method.java:597)
	at junit.framework.TestCase.runTest(TestCase.java:164)
	at junit.framework.TestCase.runBare(TestCase.java:130)
	at junit.framework.TestResult$1.protect(TestResult.java:106)
	at junit.framework.TestResult.runProtected(TestResult.java:124)
	at junit.framework.TestResult.run(TestResult.java:109)
	at junit.framework.TestCase.run(TestCase.java:120)
	at junit.framework.TestSuite.runTest(TestSuite.java:230)
	at junit.framework.TestSuite.run(TestSuite.java:225)
	at junit.framework.TestSuite.runTest(TestSuite.java:230)
	at junit.framework.TestSuite.run(TestSuite.java:225)
	at junit.framework.TestSuite.runTest(TestSuite.java:230)
	at junit.framework.TestSuite.run(TestSuite.java:225)
	at org.apache.tools.ant.taskdefs.optional.junit.JUnitTestRunner.run(JUnitTestRunner.java:421)
	at org.apache.tools.ant.taskdefs.optional.junit.JUnitTestRunner.launch(JUnitTestRunner.java:928)
	at org.apache.tools.ant.taskdefs.optional.junit.JUnitTestRunner.main(JUnitTestRunner.java:784)
insert record into review_comment with new id:2
com.topcoder.util.config.UnknownNamespaceException: com.topcoder.util.log is unknown
	at com.topcoder.util.config.DefaultConfigManager.getPropertyObject(DefaultConfigManager.java:429)
	at com.topcoder.util.config.DefaultConfigManager.getString(DefaultConfigManager.java:449)
	at com.topcoder.util.log.LogFactory.getAttribute(LogFactory.java:224)
	at com.topcoder.util.log.basic.BasicLog.log(BasicLog.java:74)
	at com.topcoder.management.review.persistence.InformixReviewPersistence.createReviewItems(InformixReviewPersistence.java:1073)
	at com.topcoder.management.review.persistence.InformixReviewPersistence.createReview(InformixReviewPersistence.java:993)
	at com.topcoder.management.review.persistence.InformixReviewPersistence.createReview(InformixReviewPersistence.java:911)
	at com.topcoder.management.review.persistence.DemoTest.testCreateReivew(DemoTest.java:372)
	at sun.reflect.NativeMethodAccessorImpl.invoke0(Native Method)
	at sun.reflect.NativeMethodAccessorImpl.invoke(NativeMethodAccessorImpl.java:39)
	at sun.reflect.DelegatingMethodAccessorImpl.invoke(DelegatingMethodAccessorImpl.java:25)
	at java.lang.reflect.Method.invoke(Method.java:597)
	at junit.framework.TestCase.runTest(TestCase.java:164)
	at junit.framework.TestCase.runBare(TestCase.java:130)
	at junit.framework.TestResult$1.protect(TestResult.java:106)
	at junit.framework.TestResult.runProtected(TestResult.java:124)
	at junit.framework.TestResult.run(TestResult.java:109)
	at junit.framework.TestCase.run(TestCase.java:120)
	at junit.framework.TestSuite.runTest(TestSuite.java:230)
	at junit.framework.TestSuite.run(TestSuite.java:225)
	at junit.framework.TestSuite.runTest(TestSuite.java:230)
	at junit.framework.TestSuite.run(TestSuite.java:225)
	at junit.framework.TestSuite.runTest(TestSuite.java:230)
	at junit.framework.TestSuite.run(TestSuite.java:225)
	at org.apache.tools.ant.taskdefs.optional.junit.JUnitTestRunner.run(JUnitTestRunner.java:421)
	at org.apache.tools.ant.taskdefs.optional.junit.JUnitTestRunner.launch(JUnitTestRunner.java:928)
	at org.apache.tools.ant.taskdefs.optional.junit.JUnitTestRunner.main(JUnitTestRunner.java:784)
generate new review Item id :1
com.topcoder.util.config.UnknownNamespaceException: com.topcoder.util.log is unknown
	at com.topcoder.util.config.DefaultConfigManager.getPropertyObject(DefaultConfigManager.java:429)
	at com.topcoder.util.config.DefaultConfigManager.getString(DefaultConfigManager.java:449)
	at com.topcoder.util.log.LogFactory.getAttribute(LogFactory.java:224)
	at com.topcoder.util.log.basic.BasicLog.log(BasicLog.java:74)
	at com.topcoder.management.review.persistence.InformixReviewPersistence.createReviewItems(InformixReviewPersistence.java:1084)
	at com.topcoder.management.review.persistence.InformixReviewPersistence.createReview(InformixReviewPersistence.java:993)
	at com.topcoder.management.review.persistence.InformixReviewPersistence.createReview(InformixReviewPersistence.java:911)
	at com.topcoder.management.review.persistence.DemoTest.testCreateReivew(DemoTest.java:372)
	at sun.reflect.NativeMethodAccessorImpl.invoke0(Native Method)
	at sun.reflect.NativeMethodAccessorImpl.invoke(NativeMethodAccessorImpl.java:39)
	at sun.reflect.DelegatingMethodAccessorImpl.invoke(DelegatingMethodAccessorImpl.java:25)
	at java.lang.reflect.Method.invoke(Method.java:597)
	at junit.framework.TestCase.runTest(TestCase.java:164)
	at junit.framework.TestCase.runBare(TestCase.java:130)
	at junit.framework.TestResult$1.protect(TestResult.java:106)
	at junit.framework.TestResult.runProtected(TestResult.java:124)
	at junit.framework.TestResult.run(TestResult.java:109)
	at junit.framework.TestCase.run(TestCase.java:120)
	at junit.framework.TestSuite.runTest(TestSuite.java:230)
	at junit.framework.TestSuite.run(TestSuite.java:225)
	at junit.framework.TestSuite.runTest(TestSuite.java:230)
	at junit.framework.TestSuite.run(TestSuite.java:225)
	at junit.framework.TestSuite.runTest(TestSuite.java:230)
	at junit.framework.TestSuite.run(TestSuite.java:225)
	at org.apache.tools.ant.taskdefs.optional.junit.JUnitTestRunner.run(JUnitTestRunner.java:421)
	at org.apache.tools.ant.taskdefs.optional.junit.JUnitTestRunner.launch(JUnitTestRunner.java:928)
	at org.apache.tools.ant.taskdefs.optional.junit.JUnitTestRunner.main(JUnitTestRunner.java:784)
insert record into review_item with new id:1
com.topcoder.util.config.UnknownNamespaceException: com.topcoder.util.log is unknown
	at com.topcoder.util.config.DefaultConfigManager.getPropertyObject(DefaultConfigManager.java:429)
	at com.topcoder.util.config.DefaultConfigManager.getString(DefaultConfigManager.java:449)
	at com.topcoder.util.log.LogFactory.getAttribute(LogFactory.java:224)
	at com.topcoder.util.log.basic.BasicLog.log(BasicLog.java:74)
	at com.topcoder.management.review.persistence.InformixReviewPersistence.createReviewItemComments(InformixReviewPersistence.java:1126)
	at com.topcoder.management.review.persistence.InformixReviewPersistence.createReviewItems(InformixReviewPersistence.java:1090)
	at com.topcoder.management.review.persistence.InformixReviewPersistence.createReview(InformixReviewPersistence.java:993)
	at com.topcoder.management.review.persistence.InformixReviewPersistence.createReview(InformixReviewPersistence.java:911)
	at com.topcoder.management.review.persistence.DemoTest.testCreateReivew(DemoTest.java:372)
	at sun.reflect.NativeMethodAccessorImpl.invoke0(Native Method)
	at sun.reflect.NativeMethodAccessorImpl.invoke(NativeMethodAccessorImpl.java:39)
	at sun.reflect.DelegatingMethodAccessorImpl.invoke(DelegatingMethodAccessorImpl.java:25)
	at java.lang.reflect.Method.invoke(Method.java:597)
	at junit.framework.TestCase.runTest(TestCase.java:164)
	at junit.framework.TestCase.runBare(TestCase.java:130)
	at junit.framework.TestResult$1.protect(TestResult.java:106)
	at junit.framework.TestResult.runProtected(TestResult.java:124)
	at junit.framework.TestResult.run(TestResult.java:109)
	at junit.framework.TestCase.run(TestCase.java:120)
	at junit.framework.TestSuite.runTest(TestSuite.java:230)
	at junit.framework.TestSuite.run(TestSuite.java:225)
	at junit.framework.TestSuite.runTest(TestSuite.java:230)
	at junit.framework.TestSuite.run(TestSuite.java:225)
	at junit.framework.TestSuite.runTest(TestSuite.java:230)
	at junit.framework.TestSuite.run(TestSuite.java:225)
	at org.apache.tools.ant.taskdefs.optional.junit.JUnitTestRunner.run(JUnitTestRunner.java:421)
	at org.apache.tools.ant.taskdefs.optional.junit.JUnitTestRunner.launch(JUnitTestRunner.java:928)
	at org.apache.tools.ant.taskdefs.optional.junit.JUnitTestRunner.main(JUnitTestRunner.java:784)
generate new review Item comment id :1
com.topcoder.util.config.UnknownNamespaceException: com.topcoder.util.log is unknown
	at com.topcoder.util.config.DefaultConfigManager.getPropertyObject(DefaultConfigManager.java:429)
	at com.topcoder.util.config.DefaultConfigManager.getString(DefaultConfigManager.java:449)
	at com.topcoder.util.log.LogFactory.getAttribute(LogFactory.java:224)
	at com.topcoder.util.log.basic.BasicLog.log(BasicLog.java:74)
	at com.topcoder.management.review.persistence.InformixReviewPersistence.createReviewItemComments(InformixReviewPersistence.java:1139)
	at com.topcoder.management.review.persistence.InformixReviewPersistence.createReviewItems(InformixReviewPersistence.java:1090)
	at com.topcoder.management.review.persistence.InformixReviewPersistence.createReview(InformixReviewPersistence.java:993)
	at com.topcoder.management.review.persistence.InformixReviewPersistence.createReview(InformixReviewPersistence.java:911)
	at com.topcoder.management.review.persistence.DemoTest.testCreateReivew(DemoTest.java:372)
	at sun.reflect.NativeMethodAccessorImpl.invoke0(Native Method)
	at sun.reflect.NativeMethodAccessorImpl.invoke(NativeMethodAccessorImpl.java:39)
	at sun.reflect.DelegatingMethodAccessorImpl.invoke(DelegatingMethodAccessorImpl.java:25)
	at java.lang.reflect.Method.invoke(Method.java:597)
	at junit.framework.TestCase.runTest(TestCase.java:164)
	at junit.framework.TestCase.runBare(TestCase.java:130)
	at junit.framework.TestResult$1.protect(TestResult.java:106)
	at junit.framework.TestResult.runProtected(TestResult.java:124)
	at junit.framework.TestResult.run(TestResult.java:109)
	at junit.framework.TestCase.run(TestCase.java:120)
	at junit.framework.TestSuite.runTest(TestSuite.java:230)
	at junit.framework.TestSuite.run(TestSuite.java:225)
	at junit.framework.TestSuite.runTest(TestSuite.java:230)
	at junit.framework.TestSuite.run(TestSuite.java:225)
	at junit.framework.TestSuite.runTest(TestSuite.java:230)
	at junit.framework.TestSuite.run(TestSuite.java:225)
	at org.apache.tools.ant.taskdefs.optional.junit.JUnitTestRunner.run(JUnitTestRunner.java:421)
	at org.apache.tools.ant.taskdefs.optional.junit.JUnitTestRunner.launch(JUnitTestRunner.java:928)
	at org.apache.tools.ant.taskdefs.optional.junit.JUnitTestRunner.main(JUnitTestRunner.java:784)
insert record into review_item_comment with new id:1
com.topcoder.util.config.UnknownNamespaceException: com.topcoder.util.log is unknown
	at com.topcoder.util.config.DefaultConfigManager.getPropertyObject(DefaultConfigManager.java:429)
	at com.topcoder.util.config.DefaultConfigManager.getString(DefaultConfigManager.java:449)
	at com.topcoder.util.log.LogFactory.getAttribute(LogFactory.java:224)
	at com.topcoder.util.log.basic.BasicLog.log(BasicLog.java:74)
	at com.topcoder.management.review.persistence.InformixReviewPersistence.createReviewItemComments(InformixReviewPersistence.java:1126)
	at com.topcoder.management.review.persistence.InformixReviewPersistence.createReviewItems(InformixReviewPersistence.java:1090)
	at com.topcoder.management.review.persistence.InformixReviewPersistence.createReview(InformixReviewPersistence.java:993)
	at com.topcoder.management.review.persistence.InformixReviewPersistence.createReview(InformixReviewPersistence.java:911)
	at com.topcoder.management.review.persistence.DemoTest.testCreateReivew(DemoTest.java:372)
	at sun.reflect.NativeMethodAccessorImpl.invoke0(Native Method)
	at sun.reflect.NativeMethodAccessorImpl.invoke(NativeMethodAccessorImpl.java:39)
	at sun.reflect.DelegatingMethodAccessorImpl.invoke(DelegatingMethodAccessorImpl.java:25)
	at java.lang.reflect.Method.invoke(Method.java:597)
	at junit.framework.TestCase.runTest(TestCase.java:164)
	at junit.framework.TestCase.runBare(TestCase.java:130)
	at junit.framework.TestResult$1.protect(TestResult.java:106)
	at junit.framework.TestResult.runProtected(TestResult.java:124)
	at junit.framework.TestResult.run(TestResult.java:109)
	at junit.framework.TestCase.run(TestCase.java:120)
	at junit.framework.TestSuite.runTest(TestSuite.java:230)
	at junit.framework.TestSuite.run(TestSuite.java:225)
	at junit.framework.TestSuite.runTest(TestSuite.java:230)
	at junit.framework.TestSuite.run(TestSuite.java:225)
	at junit.framework.TestSuite.runTest(TestSuite.java:230)
	at junit.framework.TestSuite.run(TestSuite.java:225)
	at org.apache.tools.ant.taskdefs.optional.junit.JUnitTestRunner.run(JUnitTestRunner.java:421)
	at org.apache.tools.ant.taskdefs.optional.junit.JUnitTestRunner.launch(JUnitTestRunner.java:928)
	at org.apache.tools.ant.taskdefs.optional.junit.JUnitTestRunner.main(JUnitTestRunner.java:784)
generate new review Item comment id :2
com.topcoder.util.config.UnknownNamespaceException: com.topcoder.util.log is unknown
	at com.topcoder.util.config.DefaultConfigManager.getPropertyObject(DefaultConfigManager.java:429)
	at com.topcoder.util.config.DefaultConfigManager.getString(DefaultConfigManager.java:449)
	at com.topcoder.util.log.LogFactory.getAttribute(LogFactory.java:224)
	at com.topcoder.util.log.basic.BasicLog.log(BasicLog.java:74)
	at com.topcoder.management.review.persistence.InformixReviewPersistence.createReviewItemComments(InformixReviewPersistence.java:1139)
	at com.topcoder.management.review.persistence.InformixReviewPersistence.createReviewItems(InformixReviewPersistence.java:1090)
	at com.topcoder.management.review.persistence.InformixReviewPersistence.createReview(InformixReviewPersistence.java:993)
	at com.topcoder.management.review.persistence.InformixReviewPersistence.createReview(InformixReviewPersistence.java:911)
	at com.topcoder.management.review.persistence.DemoTest.testCreateReivew(DemoTest.java:372)
	at sun.reflect.NativeMethodAccessorImpl.invoke0(Native Method)
	at sun.reflect.NativeMethodAccessorImpl.invoke(NativeMethodAccessorImpl.java:39)
	at sun.reflect.DelegatingMethodAccessorImpl.invoke(DelegatingMethodAccessorImpl.java:25)
	at java.lang.reflect.Method.invoke(Method.java:597)
	at junit.framework.TestCase.runTest(TestCase.java:164)
	at junit.framework.TestCase.runBare(TestCase.java:130)
	at junit.framework.TestResult$1.protect(TestResult.java:106)
	at junit.framework.TestResult.runProtected(TestResult.java:124)
	at junit.framework.TestResult.run(TestResult.java:109)
	at junit.framework.TestCase.run(TestCase.java:120)
	at junit.framework.TestSuite.runTest(TestSuite.java:230)
	at junit.framework.TestSuite.run(TestSuite.java:225)
	at junit.framework.TestSuite.runTest(TestSuite.java:230)
	at junit.framework.TestSuite.run(TestSuite.java:225)
	at junit.framework.TestSuite.runTest(TestSuite.java:230)
	at junit.framework.TestSuite.run(TestSuite.java:225)
	at org.apache.tools.ant.taskdefs.optional.junit.JUnitTestRunner.run(JUnitTestRunner.java:421)
	at org.apache.tools.ant.taskdefs.optional.junit.JUnitTestRunner.launch(JUnitTestRunner.java:928)
	at org.apache.tools.ant.taskdefs.optional.junit.JUnitTestRunner.main(JUnitTestRunner.java:784)
insert record into review_item_comment with new id:2
com.topcoder.util.config.UnknownNamespaceException: com.topcoder.util.log is unknown
	at com.topcoder.util.config.DefaultConfigManager.getPropertyObject(DefaultConfigManager.java:429)
	at com.topcoder.util.config.DefaultConfigManager.getString(DefaultConfigManager.java:449)
	at com.topcoder.util.log.LogFactory.getAttribute(LogFactory.java:224)
	at com.topcoder.util.log.basic.BasicLog.log(BasicLog.java:74)
	at com.topcoder.management.review.persistence.InformixReviewPersistence.createReviewItems(InformixReviewPersistence.java:1073)
	at com.topcoder.management.review.persistence.InformixReviewPersistence.createReview(InformixReviewPersistence.java:993)
	at com.topcoder.management.review.persistence.InformixReviewPersistence.createReview(InformixReviewPersistence.java:911)
	at com.topcoder.management.review.persistence.DemoTest.testCreateReivew(DemoTest.java:372)
	at sun.reflect.NativeMethodAccessorImpl.invoke0(Native Method)
	at sun.reflect.NativeMethodAccessorImpl.invoke(NativeMethodAccessorImpl.java:39)
	at sun.reflect.DelegatingMethodAccessorImpl.invoke(DelegatingMethodAccessorImpl.java:25)
	at java.lang.reflect.Method.invoke(Method.java:597)
	at junit.framework.TestCase.runTest(TestCase.java:164)
	at junit.framework.TestCase.runBare(TestCase.java:130)
	at junit.framework.TestResult$1.protect(TestResult.java:106)
	at junit.framework.TestResult.runProtected(TestResult.java:124)
	at junit.framework.TestResult.run(TestResult.java:109)
	at junit.framework.TestCase.run(TestCase.java:120)
	at junit.framework.TestSuite.runTest(TestSuite.java:230)
	at junit.framework.TestSuite.run(TestSuite.java:225)
	at junit.framework.TestSuite.runTest(TestSuite.java:230)
	at junit.framework.TestSuite.run(TestSuite.java:225)
	at junit.framework.TestSuite.runTest(TestSuite.java:230)
	at junit.framework.TestSuite.run(TestSuite.java:225)
	at org.apache.tools.ant.taskdefs.optional.junit.JUnitTestRunner.run(JUnitTestRunner.java:421)
	at org.apache.tools.ant.taskdefs.optional.junit.JUnitTestRunner.launch(JUnitTestRunner.java:928)
	at org.apache.tools.ant.taskdefs.optional.junit.JUnitTestRunner.main(JUnitTestRunner.java:784)
generate new review Item id :2
com.topcoder.util.config.UnknownNamespaceException: com.topcoder.util.log is unknown
	at com.topcoder.util.config.DefaultConfigManager.getPropertyObject(DefaultConfigManager.java:429)
	at com.topcoder.util.config.DefaultConfigManager.getString(DefaultConfigManager.java:449)
	at com.topcoder.util.log.LogFactory.getAttribute(LogFactory.java:224)
	at com.topcoder.util.log.basic.BasicLog.log(BasicLog.java:74)
	at com.topcoder.management.review.persistence.InformixReviewPersistence.createReviewItems(InformixReviewPersistence.java:1084)
	at com.topcoder.management.review.persistence.InformixReviewPersistence.createReview(InformixReviewPersistence.java:993)
	at com.topcoder.management.review.persistence.InformixReviewPersistence.createReview(InformixReviewPersistence.java:911)
	at com.topcoder.management.review.persistence.DemoTest.testCreateReivew(DemoTest.java:372)
	at sun.reflect.NativeMethodAccessorImpl.invoke0(Native Method)
	at sun.reflect.NativeMethodAccessorImpl.invoke(NativeMethodAccessorImpl.java:39)
	at sun.reflect.DelegatingMethodAccessorImpl.invoke(DelegatingMethodAccessorImpl.java:25)
	at java.lang.reflect.Method.invoke(Method.java:597)
	at junit.framework.TestCase.runTest(TestCase.java:164)
	at junit.framework.TestCase.runBare(TestCase.java:130)
	at junit.framework.TestResult$1.protect(TestResult.java:106)
	at junit.framework.TestResult.runProtected(TestResult.java:124)
	at junit.framework.TestResult.run(TestResult.java:109)
	at junit.framework.TestCase.run(TestCase.java:120)
	at junit.framework.TestSuite.runTest(TestSuite.java:230)
	at junit.framework.TestSuite.run(TestSuite.java:225)
	at junit.framework.TestSuite.runTest(TestSuite.java:230)
	at junit.framework.TestSuite.run(TestSuite.java:225)
	at junit.framework.TestSuite.runTest(TestSuite.java:230)
	at junit.framework.TestSuite.run(TestSuite.java:225)
	at org.apache.tools.ant.taskdefs.optional.junit.JUnitTestRunner.run(JUnitTestRunner.java:421)
	at org.apache.tools.ant.taskdefs.optional.junit.JUnitTestRunner.launch(JUnitTestRunner.java:928)
	at org.apache.tools.ant.taskdefs.optional.junit.JUnitTestRunner.main(JUnitTestRunner.java:784)
insert record into review_item with new id:2
com.topcoder.util.config.UnknownNamespaceException: com.topcoder.util.log is unknown
	at com.topcoder.util.config.DefaultConfigManager.getPropertyObject(DefaultConfigManager.java:429)
	at com.topcoder.util.config.DefaultConfigManager.getString(DefaultConfigManager.java:449)
	at com.topcoder.util.log.LogFactory.getAttribute(LogFactory.java:224)
	at com.topcoder.util.log.basic.BasicLog.log(BasicLog.java:74)
	at com.topcoder.management.review.persistence.InformixReviewPersistence.createReviewItemComments(InformixReviewPersistence.java:1126)
	at com.topcoder.management.review.persistence.InformixReviewPersistence.createReviewItems(InformixReviewPersistence.java:1090)
	at com.topcoder.management.review.persistence.InformixReviewPersistence.createReview(InformixReviewPersistence.java:993)
	at com.topcoder.management.review.persistence.InformixReviewPersistence.createReview(InformixReviewPersistence.java:911)
	at com.topcoder.management.review.persistence.DemoTest.testCreateReivew(DemoTest.java:372)
	at sun.reflect.NativeMethodAccessorImpl.invoke0(Native Method)
	at sun.reflect.NativeMethodAccessorImpl.invoke(NativeMethodAccessorImpl.java:39)
	at sun.reflect.DelegatingMethodAccessorImpl.invoke(DelegatingMethodAccessorImpl.java:25)
	at java.lang.reflect.Method.invoke(Method.java:597)
	at junit.framework.TestCase.runTest(TestCase.java:164)
	at junit.framework.TestCase.runBare(TestCase.java:130)
	at junit.framework.TestResult$1.protect(TestResult.java:106)
	at junit.framework.TestResult.runProtected(TestResult.java:124)
	at junit.framework.TestResult.run(TestResult.java:109)
	at junit.framework.TestCase.run(TestCase.java:120)
	at junit.framework.TestSuite.runTest(TestSuite.java:230)
	at junit.framework.TestSuite.run(TestSuite.java:225)
	at junit.framework.TestSuite.runTest(TestSuite.java:230)
	at junit.framework.TestSuite.run(TestSuite.java:225)
	at junit.framework.TestSuite.runTest(TestSuite.java:230)
	at junit.framework.TestSuite.run(TestSuite.java:225)
	at org.apache.tools.ant.taskdefs.optional.junit.JUnitTestRunner.run(JUnitTestRunner.java:421)
	at org.apache.tools.ant.taskdefs.optional.junit.JUnitTestRunner.launch(JUnitTestRunner.java:928)
	at org.apache.tools.ant.taskdefs.optional.junit.JUnitTestRunner.main(JUnitTestRunner.java:784)
generate new review Item comment id :3
com.topcoder.util.config.UnknownNamespaceException: com.topcoder.util.log is unknown
	at com.topcoder.util.config.DefaultConfigManager.getPropertyObject(DefaultConfigManager.java:429)
	at com.topcoder.util.config.DefaultConfigManager.getString(DefaultConfigManager.java:449)
	at com.topcoder.util.log.LogFactory.getAttribute(LogFactory.java:224)
	at com.topcoder.util.log.basic.BasicLog.log(BasicLog.java:74)
	at com.topcoder.management.review.persistence.InformixReviewPersistence.createReviewItemComments(InformixReviewPersistence.java:1139)
	at com.topcoder.management.review.persistence.InformixReviewPersistence.createReviewItems(InformixReviewPersistence.java:1090)
	at com.topcoder.management.review.persistence.InformixReviewPersistence.createReview(InformixReviewPersistence.java:993)
	at com.topcoder.management.review.persistence.InformixReviewPersistence.createReview(InformixReviewPersistence.java:911)
	at com.topcoder.management.review.persistence.DemoTest.testCreateReivew(DemoTest.java:372)
	at sun.reflect.NativeMethodAccessorImpl.invoke0(Native Method)
	at sun.reflect.NativeMethodAccessorImpl.invoke(NativeMethodAccessorImpl.java:39)
	at sun.reflect.DelegatingMethodAccessorImpl.invoke(DelegatingMethodAccessorImpl.java:25)
	at java.lang.reflect.Method.invoke(Method.java:597)
	at junit.framework.TestCase.runTest(TestCase.java:164)
	at junit.framework.TestCase.runBare(TestCase.java:130)
	at junit.framework.TestResult$1.protect(TestResult.java:106)
	at junit.framework.TestResult.runProtected(TestResult.java:124)
	at junit.framework.TestResult.run(TestResult.java:109)
	at junit.framework.TestCase.run(TestCase.java:120)
	at junit.framework.TestSuite.runTest(TestSuite.java:230)
	at junit.framework.TestSuite.run(TestSuite.java:225)
	at junit.framework.TestSuite.runTest(TestSuite.java:230)
	at junit.framework.TestSuite.run(TestSuite.java:225)
	at junit.framework.TestSuite.runTest(TestSuite.java:230)
	at junit.framework.TestSuite.run(TestSuite.java:225)
	at org.apache.tools.ant.taskdefs.optional.junit.JUnitTestRunner.run(JUnitTestRunner.java:421)
	at org.apache.tools.ant.taskdefs.optional.junit.JUnitTestRunner.launch(JUnitTestRunner.java:928)
	at org.apache.tools.ant.taskdefs.optional.junit.JUnitTestRunner.main(JUnitTestRunner.java:784)
insert record into review_item_comment with new id:3
com.topcoder.util.config.UnknownNamespaceException: com.topcoder.util.log is unknown
	at com.topcoder.util.config.DefaultConfigManager.getPropertyObject(DefaultConfigManager.java:429)
	at com.topcoder.util.config.DefaultConfigManager.getString(DefaultConfigManager.java:449)
	at com.topcoder.util.log.LogFactory.getAttribute(LogFactory.java:224)
	at com.topcoder.util.log.basic.BasicLog.log(BasicLog.java:74)
	at com.topcoder.management.review.persistence.InformixReviewPersistence.createReviewItemComments(InformixReviewPersistence.java:1126)
	at com.topcoder.management.review.persistence.InformixReviewPersistence.createReviewItems(InformixReviewPersistence.java:1090)
	at com.topcoder.management.review.persistence.InformixReviewPersistence.createReview(InformixReviewPersistence.java:993)
	at com.topcoder.management.review.persistence.InformixReviewPersistence.createReview(InformixReviewPersistence.java:911)
	at com.topcoder.management.review.persistence.DemoTest.testCreateReivew(DemoTest.java:372)
	at sun.reflect.NativeMethodAccessorImpl.invoke0(Native Method)
	at sun.reflect.NativeMethodAccessorImpl.invoke(NativeMethodAccessorImpl.java:39)
	at sun.reflect.DelegatingMethodAccessorImpl.invoke(DelegatingMethodAccessorImpl.java:25)
	at java.lang.reflect.Method.invoke(Method.java:597)
	at junit.framework.TestCase.runTest(TestCase.java:164)
	at junit.framework.TestCase.runBare(TestCase.java:130)
	at junit.framework.TestResult$1.protect(TestResult.java:106)
	at junit.framework.TestResult.runProtected(TestResult.java:124)
	at junit.framework.TestResult.run(TestResult.java:109)
	at junit.framework.TestCase.run(TestCase.java:120)
	at junit.framework.TestSuite.runTest(TestSuite.java:230)
	at junit.framework.TestSuite.run(TestSuite.java:225)
	at junit.framework.TestSuite.runTest(TestSuite.java:230)
	at junit.framework.TestSuite.run(TestSuite.java:225)
	at junit.framework.TestSuite.runTest(TestSuite.java:230)
	at junit.framework.TestSuite.run(TestSuite.java:225)
	at org.apache.tools.ant.taskdefs.optional.junit.JUnitTestRunner.run(JUnitTestRunner.java:421)
	at org.apache.tools.ant.taskdefs.optional.junit.JUnitTestRunner.launch(JUnitTestRunner.java:928)
	at org.apache.tools.ant.taskdefs.optional.junit.JUnitTestRunner.main(JUnitTestRunner.java:784)
generate new review Item comment id :4
com.topcoder.util.config.UnknownNamespaceException: com.topcoder.util.log is unknown
	at com.topcoder.util.config.DefaultConfigManager.getPropertyObject(DefaultConfigManager.java:429)
	at com.topcoder.util.config.DefaultConfigManager.getString(DefaultConfigManager.java:449)
	at com.topcoder.util.log.LogFactory.getAttribute(LogFactory.java:224)
	at com.topcoder.util.log.basic.BasicLog.log(BasicLog.java:74)
	at com.topcoder.management.review.persistence.InformixReviewPersistence.createReviewItemComments(InformixReviewPersistence.java:1139)
	at com.topcoder.management.review.persistence.InformixReviewPersistence.createReviewItems(InformixReviewPersistence.java:1090)
	at com.topcoder.management.review.persistence.InformixReviewPersistence.createReview(InformixReviewPersistence.java:993)
	at com.topcoder.management.review.persistence.InformixReviewPersistence.createReview(InformixReviewPersistence.java:911)
	at com.topcoder.management.review.persistence.DemoTest.testCreateReivew(DemoTest.java:372)
	at sun.reflect.NativeMethodAccessorImpl.invoke0(Native Method)
	at sun.reflect.NativeMethodAccessorImpl.invoke(NativeMethodAccessorImpl.java:39)
	at sun.reflect.DelegatingMethodAccessorImpl.invoke(DelegatingMethodAccessorImpl.java:25)
	at java.lang.reflect.Method.invoke(Method.java:597)
	at junit.framework.TestCase.runTest(TestCase.java:164)
	at junit.framework.TestCase.runBare(TestCase.java:130)
	at junit.framework.TestResult$1.protect(TestResult.java:106)
	at junit.framework.TestResult.runProtected(TestResult.java:124)
	at junit.framework.TestResult.run(TestResult.java:109)
	at junit.framework.TestCase.run(TestCase.java:120)
	at junit.framework.TestSuite.runTest(TestSuite.java:230)
	at junit.framework.TestSuite.run(TestSuite.java:225)
	at junit.framework.TestSuite.runTest(TestSuite.java:230)
	at junit.framework.TestSuite.run(TestSuite.java:225)
	at junit.framework.TestSuite.runTest(TestSuite.java:230)
	at junit.framework.TestSuite.run(TestSuite.java:225)
	at org.apache.tools.ant.taskdefs.optional.junit.JUnitTestRunner.run(JUnitTestRunner.java:421)
	at org.apache.tools.ant.taskdefs.optional.junit.JUnitTestRunner.launch(JUnitTestRunner.java:928)
	at org.apache.tools.ant.taskdefs.optional.junit.JUnitTestRunner.main(JUnitTestRunner.java:784)
insert record into review_item_comment with new id:4
com.topcoder.util.config.UnknownNamespaceException: com.topcoder.util.log is unknown
	at com.topcoder.util.config.DefaultConfigManager.getPropertyObject(DefaultConfigManager.java:429)
	at com.topcoder.util.config.DefaultConfigManager.getString(DefaultConfigManager.java:449)
	at com.topcoder.util.log.LogFactory.getAttribute(LogFactory.java:224)
	at com.topcoder.util.log.basic.BasicLog.log(BasicLog.java:74)
	at com.topcoder.management.review.persistence.Helper.commitTransaction(Helper.java:522)
	at com.topcoder.management.review.persistence.InformixReviewPersistence.createReview(InformixReviewPersistence.java:919)
	at com.topcoder.management.review.persistence.DemoTest.testCreateReivew(DemoTest.java:372)
	at sun.reflect.NativeMethodAccessorImpl.invoke0(Native Method)
	at sun.reflect.NativeMethodAccessorImpl.invoke(NativeMethodAccessorImpl.java:39)
	at sun.reflect.DelegatingMethodAccessorImpl.invoke(DelegatingMethodAccessorImpl.java:25)
	at java.lang.reflect.Method.invoke(Method.java:597)
	at junit.framework.TestCase.runTest(TestCase.java:164)
	at junit.framework.TestCase.runBare(TestCase.java:130)
	at junit.framework.TestResult$1.protect(TestResult.java:106)
	at junit.framework.TestResult.runProtected(TestResult.java:124)
	at junit.framework.TestResult.run(TestResult.java:109)
	at junit.framework.TestCase.run(TestCase.java:120)
	at junit.framework.TestSuite.runTest(TestSuite.java:230)
	at junit.framework.TestSuite.run(TestSuite.java:225)
	at junit.framework.TestSuite.runTest(TestSuite.java:230)
	at junit.framework.TestSuite.run(TestSuite.java:225)
	at junit.framework.TestSuite.runTest(TestSuite.java:230)
	at junit.framework.TestSuite.run(TestSuite.java:225)
	at org.apache.tools.ant.taskdefs.optional.junit.JUnitTestRunner.run(JUnitTestRunner.java:421)
	at org.apache.tools.ant.taskdefs.optional.junit.JUnitTestRunner.launch(JUnitTestRunner.java:928)
	at org.apache.tools.ant.taskdefs.optional.junit.JUnitTestRunner.main(JUnitTestRunner.java:784)
commit the transaction.
com.topcoder.util.config.UnknownNamespaceException: com.topcoder.util.log is unknown
	at com.topcoder.util.config.DefaultConfigManager.getPropertyObject(DefaultConfigManager.java:429)
	at com.topcoder.util.config.DefaultConfigManager.getString(DefaultConfigManager.java:449)
	at com.topcoder.util.log.LogFactory.getAttribute(LogFactory.java:224)
	at com.topcoder.util.log.basic.BasicLog.log(BasicLog.java:74)
	at com.topcoder.management.review.persistence.Helper.closeConnection(Helper.java:469)
	at com.topcoder.management.review.persistence.InformixReviewPersistence.createReview(InformixReviewPersistence.java:926)
	at com.topcoder.management.review.persistence.DemoTest.testCreateReivew(DemoTest.java:372)
	at sun.reflect.NativeMethodAccessorImpl.invoke0(Native Method)
	at sun.reflect.NativeMethodAccessorImpl.invoke(NativeMethodAccessorImpl.java:39)
	at sun.reflect.DelegatingMethodAccessorImpl.invoke(DelegatingMethodAccessorImpl.java:25)
	at java.lang.reflect.Method.invoke(Method.java:597)
	at junit.framework.TestCase.runTest(TestCase.java:164)
	at junit.framework.TestCase.runBare(TestCase.java:130)
	at junit.framework.TestResult$1.protect(TestResult.java:106)
	at junit.framework.TestResult.runProtected(TestResult.java:124)
	at junit.framework.TestResult.run(TestResult.java:109)
	at junit.framework.TestCase.run(TestCase.java:120)
	at junit.framework.TestSuite.runTest(TestSuite.java:230)
	at junit.framework.TestSuite.run(TestSuite.java:225)
	at junit.framework.TestSuite.runTest(TestSuite.java:230)
	at junit.framework.TestSuite.run(TestSuite.java:225)
	at junit.framework.TestSuite.runTest(TestSuite.java:230)
	at junit.framework.TestSuite.run(TestSuite.java:225)
	at org.apache.tools.ant.taskdefs.optional.junit.JUnitTestRunner.run(JUnitTestRunner.java:421)
	at org.apache.tools.ant.taskdefs.optional.junit.JUnitTestRunner.launch(JUnitTestRunner.java:928)
	at org.apache.tools.ant.taskdefs.optional.junit.JUnitTestRunner.main(JUnitTestRunner.java:784)
close the connection.
com.topcoder.util.config.UnknownNamespaceException: com.topcoder.util.log is unknown
	at com.topcoder.util.config.DefaultConfigManager.getPropertyObject(DefaultConfigManager.java:429)
	at com.topcoder.util.config.DefaultConfigManager.getString(DefaultConfigManager.java:449)
	at com.topcoder.util.log.LogFactory.getAttribute(LogFactory.java:224)
	at com.topcoder.util.log.basic.BasicLog.log(BasicLog.java:74)
	at com.topcoder.management.review.persistence.InformixReviewPersistence.addReviewComment(InformixReviewPersistence.java:2275)
	at com.topcoder.management.review.persistence.DemoTest.testCreateReivew(DemoTest.java:377)
	at sun.reflect.NativeMethodAccessorImpl.invoke0(Native Method)
	at sun.reflect.NativeMethodAccessorImpl.invoke(NativeMethodAccessorImpl.java:39)
	at sun.reflect.DelegatingMethodAccessorImpl.invoke(DelegatingMethodAccessorImpl.java:25)
	at java.lang.reflect.Method.invoke(Method.java:597)
	at junit.framework.TestCase.runTest(TestCase.java:164)
	at junit.framework.TestCase.runBare(TestCase.java:130)
	at junit.framework.TestResult$1.protect(TestResult.java:106)
	at junit.framework.TestResult.runProtected(TestResult.java:124)
	at junit.framework.TestResult.run(TestResult.java:109)
	at junit.framework.TestCase.run(TestCase.java:120)
	at junit.framework.TestSuite.runTest(TestSuite.java:230)
	at junit.framework.TestSuite.run(TestSuite.java:225)
	at junit.framework.TestSuite.runTest(TestSuite.java:230)
	at junit.framework.TestSuite.run(TestSuite.java:225)
	at junit.framework.TestSuite.runTest(TestSuite.java:230)
	at junit.framework.TestSuite.run(TestSuite.java:225)
	at org.apache.tools.ant.taskdefs.optional.junit.JUnitTestRunner.run(JUnitTestRunner.java:421)
	at org.apache.tools.ant.taskdefs.optional.junit.JUnitTestRunner.launch(JUnitTestRunner.java:928)
	at org.apache.tools.ant.taskdefs.optional.junit.JUnitTestRunner.main(JUnitTestRunner.java:784)
operator: adminreviewId: 1 - Add comment to the review.
com.topcoder.util.config.UnknownNamespaceException: com.topcoder.util.log is unknown
	at com.topcoder.util.config.DefaultConfigManager.getPropertyObject(DefaultConfigManager.java:429)
	at com.topcoder.util.config.DefaultConfigManager.getString(DefaultConfigManager.java:449)
	at com.topcoder.util.log.LogFactory.getAttribute(LogFactory.java:224)
	at com.topcoder.util.log.basic.BasicLog.log(BasicLog.java:74)
	at com.topcoder.management.review.persistence.InformixReviewPersistence.createTransactionalConnection(InformixReviewPersistence.java:624)
	at com.topcoder.management.review.persistence.InformixReviewPersistence.addReviewComment(InformixReviewPersistence.java:2280)
	at com.topcoder.management.review.persistence.DemoTest.testCreateReivew(DemoTest.java:377)
	at sun.reflect.NativeMethodAccessorImpl.invoke0(Native Method)
	at sun.reflect.NativeMethodAccessorImpl.invoke(NativeMethodAccessorImpl.java:39)
	at sun.reflect.DelegatingMethodAccessorImpl.invoke(DelegatingMethodAccessorImpl.java:25)
	at java.lang.reflect.Method.invoke(Method.java:597)
	at junit.framework.TestCase.runTest(TestCase.java:164)
	at junit.framework.TestCase.runBare(TestCase.java:130)
	at junit.framework.TestResult$1.protect(TestResult.java:106)
	at junit.framework.TestResult.runProtected(TestResult.java:124)
	at junit.framework.TestResult.run(TestResult.java:109)
	at junit.framework.TestCase.run(TestCase.java:120)
	at junit.framework.TestSuite.runTest(TestSuite.java:230)
	at junit.framework.TestSuite.run(TestSuite.java:225)
	at junit.framework.TestSuite.runTest(TestSuite.java:230)
	at junit.framework.TestSuite.run(TestSuite.java:225)
	at junit.framework.TestSuite.runTest(TestSuite.java:230)
	at junit.framework.TestSuite.run(TestSuite.java:225)
	at org.apache.tools.ant.taskdefs.optional.junit.JUnitTestRunner.run(JUnitTestRunner.java:421)
	at org.apache.tools.ant.taskdefs.optional.junit.JUnitTestRunner.launch(JUnitTestRunner.java:928)
	at org.apache.tools.ant.taskdefs.optional.junit.JUnitTestRunner.main(JUnitTestRunner.java:784)
operator: UnknownreviewId: Unknown - creating db connection using connection name: informix_connection
com.topcoder.util.config.UnknownNamespaceException: com.topcoder.util.log is unknown
	at com.topcoder.util.config.DefaultConfigManager.getPropertyObject(DefaultConfigManager.java:429)
	at com.topcoder.util.config.DefaultConfigManager.getString(DefaultConfigManager.java:449)
	at com.topcoder.util.log.LogFactory.getAttribute(LogFactory.java:224)
	at com.topcoder.util.log.basic.BasicLog.log(BasicLog.java:74)
	at com.topcoder.management.review.persistence.InformixReviewPersistence.createTransactionalConnection(InformixReviewPersistence.java:627)
	at com.topcoder.management.review.persistence.InformixReviewPersistence.addReviewComment(InformixReviewPersistence.java:2280)
	at com.topcoder.management.review.persistence.DemoTest.testCreateReivew(DemoTest.java:377)
	at sun.reflect.NativeMethodAccessorImpl.invoke0(Native Method)
	at sun.reflect.NativeMethodAccessorImpl.invoke(NativeMethodAccessorImpl.java:39)
	at sun.reflect.DelegatingMethodAccessorImpl.invoke(DelegatingMethodAccessorImpl.java:25)
	at java.lang.reflect.Method.invoke(Method.java:597)
	at junit.framework.TestCase.runTest(TestCase.java:164)
	at junit.framework.TestCase.runBare(TestCase.java:130)
	at junit.framework.TestResult$1.protect(TestResult.java:106)
	at junit.framework.TestResult.runProtected(TestResult.java:124)
	at junit.framework.TestResult.run(TestResult.java:109)
	at junit.framework.TestCase.run(TestCase.java:120)
	at junit.framework.TestSuite.runTest(TestSuite.java:230)
	at junit.framework.TestSuite.run(TestSuite.java:225)
	at junit.framework.TestSuite.runTest(TestSuite.java:230)
	at junit.framework.TestSuite.run(TestSuite.java:225)
	at junit.framework.TestSuite.runTest(TestSuite.java:230)
	at junit.framework.TestSuite.run(TestSuite.java:225)
	at org.apache.tools.ant.taskdefs.optional.junit.JUnitTestRunner.run(JUnitTestRunner.java:421)
	at org.apache.tools.ant.taskdefs.optional.junit.JUnitTestRunner.launch(JUnitTestRunner.java:928)
	at org.apache.tools.ant.taskdefs.optional.junit.JUnitTestRunner.main(JUnitTestRunner.java:784)
operator: UnknownreviewId: Unknown - start transaction.
com.topcoder.util.config.UnknownNamespaceException: com.topcoder.util.log is unknown
	at com.topcoder.util.config.DefaultConfigManager.getPropertyObject(DefaultConfigManager.java:429)
	at com.topcoder.util.config.DefaultConfigManager.getString(DefaultConfigManager.java:449)
	at com.topcoder.util.log.LogFactory.getAttribute(LogFactory.java:224)
	at com.topcoder.util.log.basic.BasicLog.log(BasicLog.java:74)
	at com.topcoder.management.review.persistence.InformixReviewPersistence.createReviewComments(InformixReviewPersistence.java:1025)
	at com.topcoder.management.review.persistence.InformixReviewPersistence.addReviewComment(InformixReviewPersistence.java:2297)
	at com.topcoder.management.review.persistence.DemoTest.testCreateReivew(DemoTest.java:377)
	at sun.reflect.NativeMethodAccessorImpl.invoke0(Native Method)
	at sun.reflect.NativeMethodAccessorImpl.invoke(NativeMethodAccessorImpl.java:39)
	at sun.reflect.DelegatingMethodAccessorImpl.invoke(DelegatingMethodAccessorImpl.java:25)
	at java.lang.reflect.Method.invoke(Method.java:597)
	at junit.framework.TestCase.runTest(TestCase.java:164)
	at junit.framework.TestCase.runBare(TestCase.java:130)
	at junit.framework.TestResult$1.protect(TestResult.java:106)
	at junit.framework.TestResult.runProtected(TestResult.java:124)
	at junit.framework.TestResult.run(TestResult.java:109)
	at junit.framework.TestCase.run(TestCase.java:120)
	at junit.framework.TestSuite.runTest(TestSuite.java:230)
	at junit.framework.TestSuite.run(TestSuite.java:225)
	at junit.framework.TestSuite.runTest(TestSuite.java:230)
	at junit.framework.TestSuite.run(TestSuite.java:225)
	at junit.framework.TestSuite.runTest(TestSuite.java:230)
	at junit.framework.TestSuite.run(TestSuite.java:225)
	at org.apache.tools.ant.taskdefs.optional.junit.JUnitTestRunner.run(JUnitTestRunner.java:421)
	at org.apache.tools.ant.taskdefs.optional.junit.JUnitTestRunner.launch(JUnitTestRunner.java:928)
	at org.apache.tools.ant.taskdefs.optional.junit.JUnitTestRunner.main(JUnitTestRunner.java:784)
generate new review comment id :3
com.topcoder.util.config.UnknownNamespaceException: com.topcoder.util.log is unknown
	at com.topcoder.util.config.DefaultConfigManager.getPropertyObject(DefaultConfigManager.java:429)
	at com.topcoder.util.config.DefaultConfigManager.getString(DefaultConfigManager.java:449)
	at com.topcoder.util.log.LogFactory.getAttribute(LogFactory.java:224)
	at com.topcoder.util.log.basic.BasicLog.log(BasicLog.java:74)
	at com.topcoder.management.review.persistence.InformixReviewPersistence.createReviewComments(InformixReviewPersistence.java:1036)
	at com.topcoder.management.review.persistence.InformixReviewPersistence.addReviewComment(InformixReviewPersistence.java:2297)
	at com.topcoder.management.review.persistence.DemoTest.testCreateReivew(DemoTest.java:377)
	at sun.reflect.NativeMethodAccessorImpl.invoke0(Native Method)
	at sun.reflect.NativeMethodAccessorImpl.invoke(NativeMethodAccessorImpl.java:39)
	at sun.reflect.DelegatingMethodAccessorImpl.invoke(DelegatingMethodAccessorImpl.java:25)
	at java.lang.reflect.Method.invoke(Method.java:597)
	at junit.framework.TestCase.runTest(TestCase.java:164)
	at junit.framework.TestCase.runBare(TestCase.java:130)
	at junit.framework.TestResult$1.protect(TestResult.java:106)
	at junit.framework.TestResult.runProtected(TestResult.java:124)
	at junit.framework.TestResult.run(TestResult.java:109)
	at junit.framework.TestCase.run(TestCase.java:120)
	at junit.framework.TestSuite.runTest(TestSuite.java:230)
	at junit.framework.TestSuite.run(TestSuite.java:225)
	at junit.framework.TestSuite.runTest(TestSuite.java:230)
	at junit.framework.TestSuite.run(TestSuite.java:225)
	at junit.framework.TestSuite.runTest(TestSuite.java:230)
	at junit.framework.TestSuite.run(TestSuite.java:225)
	at org.apache.tools.ant.taskdefs.optional.junit.JUnitTestRunner.run(JUnitTestRunner.java:421)
	at org.apache.tools.ant.taskdefs.optional.junit.JUnitTestRunner.launch(JUnitTestRunner.java:928)
	at org.apache.tools.ant.taskdefs.optional.junit.JUnitTestRunner.main(JUnitTestRunner.java:784)
insert record into review_comment with new id:3
com.topcoder.util.config.UnknownNamespaceException: com.topcoder.util.log is unknown
	at com.topcoder.util.config.DefaultConfigManager.getPropertyObject(DefaultConfigManager.java:429)
	at com.topcoder.util.config.DefaultConfigManager.getString(DefaultConfigManager.java:449)
	at com.topcoder.util.log.LogFactory.getAttribute(LogFactory.java:224)
	at com.topcoder.util.log.basic.BasicLog.log(BasicLog.java:74)
	at com.topcoder.management.review.persistence.Helper.commitTransaction(Helper.java:522)
	at com.topcoder.management.review.persistence.InformixReviewPersistence.addReviewComment(InformixReviewPersistence.java:2300)
	at com.topcoder.management.review.persistence.DemoTest.testCreateReivew(DemoTest.java:377)
	at sun.reflect.NativeMethodAccessorImpl.invoke0(Native Method)
	at sun.reflect.NativeMethodAccessorImpl.invoke(NativeMethodAccessorImpl.java:39)
	at sun.reflect.DelegatingMethodAccessorImpl.invoke(DelegatingMethodAccessorImpl.java:25)
	at java.lang.reflect.Method.invoke(Method.java:597)
	at junit.framework.TestCase.runTest(TestCase.java:164)
	at junit.framework.TestCase.runBare(TestCase.java:130)
	at junit.framework.TestResult$1.protect(TestResult.java:106)
	at junit.framework.TestResult.runProtected(TestResult.java:124)
	at junit.framework.TestResult.run(TestResult.java:109)
	at junit.framework.TestCase.run(TestCase.java:120)
	at junit.framework.TestSuite.runTest(TestSuite.java:230)
	at junit.framework.TestSuite.run(TestSuite.java:225)
	at junit.framework.TestSuite.runTest(TestSuite.java:230)
	at junit.framework.TestSuite.run(TestSuite.java:225)
	at junit.framework.TestSuite.runTest(TestSuite.java:230)
	at junit.framework.TestSuite.run(TestSuite.java:225)
	at org.apache.tools.ant.taskdefs.optional.junit.JUnitTestRunner.run(JUnitTestRunner.java:421)
	at org.apache.tools.ant.taskdefs.optional.junit.JUnitTestRunner.launch(JUnitTestRunner.java:928)
	at org.apache.tools.ant.taskdefs.optional.junit.JUnitTestRunner.main(JUnitTestRunner.java:784)
commit the transaction.
com.topcoder.util.config.UnknownNamespaceException: com.topcoder.util.log is unknown
	at com.topcoder.util.config.DefaultConfigManager.getPropertyObject(DefaultConfigManager.java:429)
	at com.topcoder.util.config.DefaultConfigManager.getString(DefaultConfigManager.java:449)
	at com.topcoder.util.log.LogFactory.getAttribute(LogFactory.java:224)
	at com.topcoder.util.log.basic.BasicLog.log(BasicLog.java:74)
	at com.topcoder.management.review.persistence.Helper.closeConnection(Helper.java:469)
	at com.topcoder.management.review.persistence.InformixReviewPersistence.addReviewComment(InformixReviewPersistence.java:2307)
	at com.topcoder.management.review.persistence.DemoTest.testCreateReivew(DemoTest.java:377)
	at sun.reflect.NativeMethodAccessorImpl.invoke0(Native Method)
	at sun.reflect.NativeMethodAccessorImpl.invoke(NativeMethodAccessorImpl.java:39)
	at sun.reflect.DelegatingMethodAccessorImpl.invoke(DelegatingMethodAccessorImpl.java:25)
	at java.lang.reflect.Method.invoke(Method.java:597)
	at junit.framework.TestCase.runTest(TestCase.java:164)
	at junit.framework.TestCase.runBare(TestCase.java:130)
	at junit.framework.TestResult$1.protect(TestResult.java:106)
	at junit.framework.TestResult.runProtected(TestResult.java:124)
	at junit.framework.TestResult.run(TestResult.java:109)
	at junit.framework.TestCase.run(TestCase.java:120)
	at junit.framework.TestSuite.runTest(TestSuite.java:230)
	at junit.framework.TestSuite.run(TestSuite.java:225)
	at junit.framework.TestSuite.runTest(TestSuite.java:230)
	at junit.framework.TestSuite.run(TestSuite.java:225)
	at junit.framework.TestSuite.runTest(TestSuite.java:230)
	at junit.framework.TestSuite.run(TestSuite.java:225)
	at org.apache.tools.ant.taskdefs.optional.junit.JUnitTestRunner.run(JUnitTestRunner.java:421)
	at org.apache.tools.ant.taskdefs.optional.junit.JUnitTestRunner.launch(JUnitTestRunner.java:928)
	at org.apache.tools.ant.taskdefs.optional.junit.JUnitTestRunner.main(JUnitTestRunner.java:784)
close the connection.
com.topcoder.util.config.UnknownNamespaceException: com.topcoder.util.log is unknown
	at com.topcoder.util.config.DefaultConfigManager.getPropertyObject(DefaultConfigManager.java:429)
	at com.topcoder.util.config.DefaultConfigManager.getString(DefaultConfigManager.java:449)
	at com.topcoder.util.log.LogFactory.getAttribute(LogFactory.java:224)
	at com.topcoder.util.log.basic.BasicLog.log(BasicLog.java:74)
	at com.topcoder.management.review.persistence.InformixReviewPersistence.addItemComment(InformixReviewPersistence.java:2349)
	at com.topcoder.management.review.persistence.DemoTest.testCreateReivew(DemoTest.java:382)
	at sun.reflect.NativeMethodAccessorImpl.invoke0(Native Method)
	at sun.reflect.NativeMethodAccessorImpl.invoke(NativeMethodAccessorImpl.java:39)
	at sun.reflect.DelegatingMethodAccessorImpl.invoke(DelegatingMethodAccessorImpl.java:25)
	at java.lang.reflect.Method.invoke(Method.java:597)
	at junit.framework.TestCase.runTest(TestCase.java:164)
	at junit.framework.TestCase.runBare(TestCase.java:130)
	at junit.framework.TestResult$1.protect(TestResult.java:106)
	at junit.framework.TestResult.runProtected(TestResult.java:124)
	at junit.framework.TestResult.run(TestResult.java:109)
	at junit.framework.TestCase.run(TestCase.java:120)
	at junit.framework.TestSuite.runTest(TestSuite.java:230)
	at junit.framework.TestSuite.run(TestSuite.java:225)
	at junit.framework.TestSuite.runTest(TestSuite.java:230)
	at junit.framework.TestSuite.run(TestSuite.java:225)
	at junit.framework.TestSuite.runTest(TestSuite.java:230)
	at junit.framework.TestSuite.run(TestSuite.java:225)
	at org.apache.tools.ant.taskdefs.optional.junit.JUnitTestRunner.run(JUnitTestRunner.java:421)
	at org.apache.tools.ant.taskdefs.optional.junit.JUnitTestRunner.launch(JUnitTestRunner.java:928)
	at org.apache.tools.ant.taskdefs.optional.junit.JUnitTestRunner.main(JUnitTestRunner.java:784)
operator: adminreviewId: Unknown - Add comment to the Item with the itemid:1
com.topcoder.util.config.UnknownNamespaceException: com.topcoder.util.log is unknown
	at com.topcoder.util.config.DefaultConfigManager.getPropertyObject(DefaultConfigManager.java:429)
	at com.topcoder.util.config.DefaultConfigManager.getString(DefaultConfigManager.java:449)
	at com.topcoder.util.log.LogFactory.getAttribute(LogFactory.java:224)
	at com.topcoder.util.log.basic.BasicLog.log(BasicLog.java:74)
	at com.topcoder.management.review.persistence.InformixReviewPersistence.createTransactionalConnection(InformixReviewPersistence.java:624)
	at com.topcoder.management.review.persistence.InformixReviewPersistence.addItemComment(InformixReviewPersistence.java:2354)
	at com.topcoder.management.review.persistence.DemoTest.testCreateReivew(DemoTest.java:382)
	at sun.reflect.NativeMethodAccessorImpl.invoke0(Native Method)
	at sun.reflect.NativeMethodAccessorImpl.invoke(NativeMethodAccessorImpl.java:39)
	at sun.reflect.DelegatingMethodAccessorImpl.invoke(DelegatingMethodAccessorImpl.java:25)
	at java.lang.reflect.Method.invoke(Method.java:597)
	at junit.framework.TestCase.runTest(TestCase.java:164)
	at junit.framework.TestCase.runBare(TestCase.java:130)
	at junit.framework.TestResult$1.protect(TestResult.java:106)
	at junit.framework.TestResult.runProtected(TestResult.java:124)
	at junit.framework.TestResult.run(TestResult.java:109)
	at junit.framework.TestCase.run(TestCase.java:120)
	at junit.framework.TestSuite.runTest(TestSuite.java:230)
	at junit.framework.TestSuite.run(TestSuite.java:225)
	at junit.framework.TestSuite.runTest(TestSuite.java:230)
	at junit.framework.TestSuite.run(TestSuite.java:225)
	at junit.framework.TestSuite.runTest(TestSuite.java:230)
	at junit.framework.TestSuite.run(TestSuite.java:225)
	at org.apache.tools.ant.taskdefs.optional.junit.JUnitTestRunner.run(JUnitTestRunner.java:421)
	at org.apache.tools.ant.taskdefs.optional.junit.JUnitTestRunner.launch(JUnitTestRunner.java:928)
	at org.apache.tools.ant.taskdefs.optional.junit.JUnitTestRunner.main(JUnitTestRunner.java:784)
operator: UnknownreviewId: Unknown - creating db connection using connection name: informix_connection
com.topcoder.util.config.UnknownNamespaceException: com.topcoder.util.log is unknown
	at com.topcoder.util.config.DefaultConfigManager.getPropertyObject(DefaultConfigManager.java:429)
	at com.topcoder.util.config.DefaultConfigManager.getString(DefaultConfigManager.java:449)
	at com.topcoder.util.log.LogFactory.getAttribute(LogFactory.java:224)
	at com.topcoder.util.log.basic.BasicLog.log(BasicLog.java:74)
	at com.topcoder.management.review.persistence.InformixReviewPersistence.createTransactionalConnection(InformixReviewPersistence.java:627)
	at com.topcoder.management.review.persistence.InformixReviewPersistence.addItemComment(InformixReviewPersistence.java:2354)
	at com.topcoder.management.review.persistence.DemoTest.testCreateReivew(DemoTest.java:382)
	at sun.reflect.NativeMethodAccessorImpl.invoke0(Native Method)
	at sun.reflect.NativeMethodAccessorImpl.invoke(NativeMethodAccessorImpl.java:39)
	at sun.reflect.DelegatingMethodAccessorImpl.invoke(DelegatingMethodAccessorImpl.java:25)
	at java.lang.reflect.Method.invoke(Method.java:597)
	at junit.framework.TestCase.runTest(TestCase.java:164)
	at junit.framework.TestCase.runBare(TestCase.java:130)
	at junit.framework.TestResult$1.protect(TestResult.java:106)
	at junit.framework.TestResult.runProtected(TestResult.java:124)
	at junit.framework.TestResult.run(TestResult.java:109)
	at junit.framework.TestCase.run(TestCase.java:120)
	at junit.framework.TestSuite.runTest(TestSuite.java:230)
	at junit.framework.TestSuite.run(TestSuite.java:225)
	at junit.framework.TestSuite.runTest(TestSuite.java:230)
	at junit.framework.TestSuite.run(TestSuite.java:225)
	at junit.framework.TestSuite.runTest(TestSuite.java:230)
	at junit.framework.TestSuite.run(TestSuite.java:225)
	at org.apache.tools.ant.taskdefs.optional.junit.JUnitTestRunner.run(JUnitTestRunner.java:421)
	at org.apache.tools.ant.taskdefs.optional.junit.JUnitTestRunner.launch(JUnitTestRunner.java:928)
	at org.apache.tools.ant.taskdefs.optional.junit.JUnitTestRunner.main(JUnitTestRunner.java:784)
operator: UnknownreviewId: Unknown - start transaction.
com.topcoder.util.config.UnknownNamespaceException: com.topcoder.util.log is unknown
	at com.topcoder.util.config.DefaultConfigManager.getPropertyObject(DefaultConfigManager.java:429)
	at com.topcoder.util.config.DefaultConfigManager.getString(DefaultConfigManager.java:449)
	at com.topcoder.util.log.LogFactory.getAttribute(LogFactory.java:224)
	at com.topcoder.util.log.basic.BasicLog.log(BasicLog.java:74)
	at com.topcoder.management.review.persistence.InformixReviewPersistence.createReviewItemComments(InformixReviewPersistence.java:1126)
	at com.topcoder.management.review.persistence.InformixReviewPersistence.addItemComment(InformixReviewPersistence.java:2371)
	at com.topcoder.management.review.persistence.DemoTest.testCreateReivew(DemoTest.java:382)
	at sun.reflect.NativeMethodAccessorImpl.invoke0(Native Method)
	at sun.reflect.NativeMethodAccessorImpl.invoke(NativeMethodAccessorImpl.java:39)
	at sun.reflect.DelegatingMethodAccessorImpl.invoke(DelegatingMethodAccessorImpl.java:25)
	at java.lang.reflect.Method.invoke(Method.java:597)
	at junit.framework.TestCase.runTest(TestCase.java:164)
	at junit.framework.TestCase.runBare(TestCase.java:130)
	at junit.framework.TestResult$1.protect(TestResult.java:106)
	at junit.framework.TestResult.runProtected(TestResult.java:124)
	at junit.framework.TestResult.run(TestResult.java:109)
	at junit.framework.TestCase.run(TestCase.java:120)
	at junit.framework.TestSuite.runTest(TestSuite.java:230)
	at junit.framework.TestSuite.run(TestSuite.java:225)
	at junit.framework.TestSuite.runTest(TestSuite.java:230)
	at junit.framework.TestSuite.run(TestSuite.java:225)
	at junit.framework.TestSuite.runTest(TestSuite.java:230)
	at junit.framework.TestSuite.run(TestSuite.java:225)
	at org.apache.tools.ant.taskdefs.optional.junit.JUnitTestRunner.run(JUnitTestRunner.java:421)
	at org.apache.tools.ant.taskdefs.optional.junit.JUnitTestRunner.launch(JUnitTestRunner.java:928)
	at org.apache.tools.ant.taskdefs.optional.junit.JUnitTestRunner.main(JUnitTestRunner.java:784)
generate new review Item comment id :5
com.topcoder.util.config.UnknownNamespaceException: com.topcoder.util.log is unknown
	at com.topcoder.util.config.DefaultConfigManager.getPropertyObject(DefaultConfigManager.java:429)
	at com.topcoder.util.config.DefaultConfigManager.getString(DefaultConfigManager.java:449)
	at com.topcoder.util.log.LogFactory.getAttribute(LogFactory.java:224)
	at com.topcoder.util.log.basic.BasicLog.log(BasicLog.java:74)
	at com.topcoder.management.review.persistence.InformixReviewPersistence.createReviewItemComments(InformixReviewPersistence.java:1139)
	at com.topcoder.management.review.persistence.InformixReviewPersistence.addItemComment(InformixReviewPersistence.java:2371)
	at com.topcoder.management.review.persistence.DemoTest.testCreateReivew(DemoTest.java:382)
	at sun.reflect.NativeMethodAccessorImpl.invoke0(Native Method)
	at sun.reflect.NativeMethodAccessorImpl.invoke(NativeMethodAccessorImpl.java:39)
	at sun.reflect.DelegatingMethodAccessorImpl.invoke(DelegatingMethodAccessorImpl.java:25)
	at java.lang.reflect.Method.invoke(Method.java:597)
	at junit.framework.TestCase.runTest(TestCase.java:164)
	at junit.framework.TestCase.runBare(TestCase.java:130)
	at junit.framework.TestResult$1.protect(TestResult.java:106)
	at junit.framework.TestResult.runProtected(TestResult.java:124)
	at junit.framework.TestResult.run(TestResult.java:109)
	at junit.framework.TestCase.run(TestCase.java:120)
	at junit.framework.TestSuite.runTest(TestSuite.java:230)
	at junit.framework.TestSuite.run(TestSuite.java:225)
	at junit.framework.TestSuite.runTest(TestSuite.java:230)
	at junit.framework.TestSuite.run(TestSuite.java:225)
	at junit.framework.TestSuite.runTest(TestSuite.java:230)
	at junit.framework.TestSuite.run(TestSuite.java:225)
	at org.apache.tools.ant.taskdefs.optional.junit.JUnitTestRunner.run(JUnitTestRunner.java:421)
	at org.apache.tools.ant.taskdefs.optional.junit.JUnitTestRunner.launch(JUnitTestRunner.java:928)
	at org.apache.tools.ant.taskdefs.optional.junit.JUnitTestRunner.main(JUnitTestRunner.java:784)
insert record into review_item_comment with new id:5
com.topcoder.util.config.UnknownNamespaceException: com.topcoder.util.log is unknown
	at com.topcoder.util.config.DefaultConfigManager.getPropertyObject(DefaultConfigManager.java:429)
	at com.topcoder.util.config.DefaultConfigManager.getString(DefaultConfigManager.java:449)
	at com.topcoder.util.log.LogFactory.getAttribute(LogFactory.java:224)
	at com.topcoder.util.log.basic.BasicLog.log(BasicLog.java:74)
	at com.topcoder.management.review.persistence.Helper.commitTransaction(Helper.java:522)
	at com.topcoder.management.review.persistence.InformixReviewPersistence.addItemComment(InformixReviewPersistence.java:2374)
	at com.topcoder.management.review.persistence.DemoTest.testCreateReivew(DemoTest.java:382)
	at sun.reflect.NativeMethodAccessorImpl.invoke0(Native Method)
	at sun.reflect.NativeMethodAccessorImpl.invoke(NativeMethodAccessorImpl.java:39)
	at sun.reflect.DelegatingMethodAccessorImpl.invoke(DelegatingMethodAccessorImpl.java:25)
	at java.lang.reflect.Method.invoke(Method.java:597)
	at junit.framework.TestCase.runTest(TestCase.java:164)
	at junit.framework.TestCase.runBare(TestCase.java:130)
	at junit.framework.TestResult$1.protect(TestResult.java:106)
	at junit.framework.TestResult.runProtected(TestResult.java:124)
	at junit.framework.TestResult.run(TestResult.java:109)
	at junit.framework.TestCase.run(TestCase.java:120)
	at junit.framework.TestSuite.runTest(TestSuite.java:230)
	at junit.framework.TestSuite.run(TestSuite.java:225)
	at junit.framework.TestSuite.runTest(TestSuite.java:230)
	at junit.framework.TestSuite.run(TestSuite.java:225)
	at junit.framework.TestSuite.runTest(TestSuite.java:230)
	at junit.framework.TestSuite.run(TestSuite.java:225)
	at org.apache.tools.ant.taskdefs.optional.junit.JUnitTestRunner.run(JUnitTestRunner.java:421)
	at org.apache.tools.ant.taskdefs.optional.junit.JUnitTestRunner.launch(JUnitTestRunner.java:928)
	at org.apache.tools.ant.taskdefs.optional.junit.JUnitTestRunner.main(JUnitTestRunner.java:784)
commit the transaction.
com.topcoder.util.config.UnknownNamespaceException: com.topcoder.util.log is unknown
	at com.topcoder.util.config.DefaultConfigManager.getPropertyObject(DefaultConfigManager.java:429)
	at com.topcoder.util.config.DefaultConfigManager.getString(DefaultConfigManager.java:449)
	at com.topcoder.util.log.LogFactory.getAttribute(LogFactory.java:224)
	at com.topcoder.util.log.basic.BasicLog.log(BasicLog.java:74)
	at com.topcoder.management.review.persistence.Helper.closeConnection(Helper.java:469)
	at com.topcoder.management.review.persistence.InformixReviewPersistence.addItemComment(InformixReviewPersistence.java:2381)
	at com.topcoder.management.review.persistence.DemoTest.testCreateReivew(DemoTest.java:382)
	at sun.reflect.NativeMethodAccessorImpl.invoke0(Native Method)
	at sun.reflect.NativeMethodAccessorImpl.invoke(NativeMethodAccessorImpl.java:39)
	at sun.reflect.DelegatingMethodAccessorImpl.invoke(DelegatingMethodAccessorImpl.java:25)
	at java.lang.reflect.Method.invoke(Method.java:597)
	at junit.framework.TestCase.runTest(TestCase.java:164)
	at junit.framework.TestCase.runBare(TestCase.java:130)
	at junit.framework.TestResult$1.protect(TestResult.java:106)
	at junit.framework.TestResult.runProtected(TestResult.java:124)
	at junit.framework.TestResult.run(TestResult.java:109)
	at junit.framework.TestCase.run(TestCase.java:120)
	at junit.framework.TestSuite.runTest(TestSuite.java:230)
	at junit.framework.TestSuite.run(TestSuite.java:225)
	at junit.framework.TestSuite.runTest(TestSuite.java:230)
	at junit.framework.TestSuite.run(TestSuite.java:225)
	at junit.framework.TestSuite.runTest(TestSuite.java:230)
	at junit.framework.TestSuite.run(TestSuite.java:225)
	at org.apache.tools.ant.taskdefs.optional.junit.JUnitTestRunner.run(JUnitTestRunner.java:421)
	at org.apache.tools.ant.taskdefs.optional.junit.JUnitTestRunner.launch(JUnitTestRunner.java:928)
	at org.apache.tools.ant.taskdefs.optional.junit.JUnitTestRunner.main(JUnitTestRunner.java:784)
close the connection.
com.topcoder.util.config.UnknownNamespaceException: com.topcoder.util.log is unknown
	at com.topcoder.util.config.DefaultConfigManager.getPropertyObject(DefaultConfigManager.java:429)
	at com.topcoder.util.config.DefaultConfigManager.getString(DefaultConfigManager.java:449)
	at com.topcoder.util.log.LogFactory.getAttribute(LogFactory.java:224)
	at com.topcoder.util.log.basic.BasicLog.log(BasicLog.java:74)
	at com.topcoder.management.review.persistence.InformixReviewPersistence.updateReview(InformixReviewPersistence.java:1193)
	at com.topcoder.management.review.persistence.DemoTest.testCreateReivew(DemoTest.java:386)
	at sun.reflect.NativeMethodAccessorImpl.invoke0(Native Method)
	at sun.reflect.NativeMethodAccessorImpl.invoke(NativeMethodAccessorImpl.java:39)
	at sun.reflect.DelegatingMethodAccessorImpl.invoke(DelegatingMethodAccessorImpl.java:25)
	at java.lang.reflect.Method.invoke(Method.java:597)
	at junit.framework.TestCase.runTest(TestCase.java:164)
	at junit.framework.TestCase.runBare(TestCase.java:130)
	at junit.framework.TestResult$1.protect(TestResult.java:106)
	at junit.framework.TestResult.runProtected(TestResult.java:124)
	at junit.framework.TestResult.run(TestResult.java:109)
	at junit.framework.TestCase.run(TestCase.java:120)
	at junit.framework.TestSuite.runTest(TestSuite.java:230)
	at junit.framework.TestSuite.run(TestSuite.java:225)
	at junit.framework.TestSuite.runTest(TestSuite.java:230)
	at junit.framework.TestSuite.run(TestSuite.java:225)
	at junit.framework.TestSuite.runTest(TestSuite.java:230)
	at junit.framework.TestSuite.run(TestSuite.java:225)
	at org.apache.tools.ant.taskdefs.optional.junit.JUnitTestRunner.run(JUnitTestRunner.java:421)
	at org.apache.tools.ant.taskdefs.optional.junit.JUnitTestRunner.launch(JUnitTestRunner.java:928)
	at org.apache.tools.ant.taskdefs.optional.junit.JUnitTestRunner.main(JUnitTestRunner.java:784)
operator: someReviewerreviewId: 1 - Update Review.
com.topcoder.util.config.UnknownNamespaceException: com.topcoder.util.log is unknown
	at com.topcoder.util.config.DefaultConfigManager.getPropertyObject(DefaultConfigManager.java:429)
	at com.topcoder.util.config.DefaultConfigManager.getString(DefaultConfigManager.java:449)
	at com.topcoder.util.log.LogFactory.getAttribute(LogFactory.java:224)
	at com.topcoder.util.log.basic.BasicLog.log(BasicLog.java:74)
	at com.topcoder.management.review.persistence.InformixReviewPersistence.createTransactionalConnection(InformixReviewPersistence.java:624)
	at com.topcoder.management.review.persistence.InformixReviewPersistence.updateReview(InformixReviewPersistence.java:1197)
	at com.topcoder.management.review.persistence.DemoTest.testCreateReivew(DemoTest.java:386)
	at sun.reflect.NativeMethodAccessorImpl.invoke0(Native Method)
	at sun.reflect.NativeMethodAccessorImpl.invoke(NativeMethodAccessorImpl.java:39)
	at sun.reflect.DelegatingMethodAccessorImpl.invoke(DelegatingMethodAccessorImpl.java:25)
	at java.lang.reflect.Method.invoke(Method.java:597)
	at junit.framework.TestCase.runTest(TestCase.java:164)
	at junit.framework.TestCase.runBare(TestCase.java:130)
	at junit.framework.TestResult$1.protect(TestResult.java:106)
	at junit.framework.TestResult.runProtected(TestResult.java:124)
	at junit.framework.TestResult.run(TestResult.java:109)
	at junit.framework.TestCase.run(TestCase.java:120)
	at junit.framework.TestSuite.runTest(TestSuite.java:230)
	at junit.framework.TestSuite.run(TestSuite.java:225)
	at junit.framework.TestSuite.runTest(TestSuite.java:230)
	at junit.framework.TestSuite.run(TestSuite.java:225)
	at junit.framework.TestSuite.runTest(TestSuite.java:230)
	at junit.framework.TestSuite.run(TestSuite.java:225)
	at org.apache.tools.ant.taskdefs.optional.junit.JUnitTestRunner.run(JUnitTestRunner.java:421)
	at org.apache.tools.ant.taskdefs.optional.junit.JUnitTestRunner.launch(JUnitTestRunner.java:928)
	at org.apache.tools.ant.taskdefs.optional.junit.JUnitTestRunner.main(JUnitTestRunner.java:784)
operator: UnknownreviewId: Unknown - creating db connection using connection name: informix_connection
com.topcoder.util.config.UnknownNamespaceException: com.topcoder.util.log is unknown
	at com.topcoder.util.config.DefaultConfigManager.getPropertyObject(DefaultConfigManager.java:429)
	at com.topcoder.util.config.DefaultConfigManager.getString(DefaultConfigManager.java:449)
	at com.topcoder.util.log.LogFactory.getAttribute(LogFactory.java:224)
	at com.topcoder.util.log.basic.BasicLog.log(BasicLog.java:74)
	at com.topcoder.management.review.persistence.InformixReviewPersistence.createTransactionalConnection(InformixReviewPersistence.java:627)
	at com.topcoder.management.review.persistence.InformixReviewPersistence.updateReview(InformixReviewPersistence.java:1197)
	at com.topcoder.management.review.persistence.DemoTest.testCreateReivew(DemoTest.java:386)
	at sun.reflect.NativeMethodAccessorImpl.invoke0(Native Method)
	at sun.reflect.NativeMethodAccessorImpl.invoke(NativeMethodAccessorImpl.java:39)
	at sun.reflect.DelegatingMethodAccessorImpl.invoke(DelegatingMethodAccessorImpl.java:25)
	at java.lang.reflect.Method.invoke(Method.java:597)
	at junit.framework.TestCase.runTest(TestCase.java:164)
	at junit.framework.TestCase.runBare(TestCase.java:130)
	at junit.framework.TestResult$1.protect(TestResult.java:106)
	at junit.framework.TestResult.runProtected(TestResult.java:124)
	at junit.framework.TestResult.run(TestResult.java:109)
	at junit.framework.TestCase.run(TestCase.java:120)
	at junit.framework.TestSuite.runTest(TestSuite.java:230)
	at junit.framework.TestSuite.run(TestSuite.java:225)
	at junit.framework.TestSuite.runTest(TestSuite.java:230)
	at junit.framework.TestSuite.run(TestSuite.java:225)
	at junit.framework.TestSuite.runTest(TestSuite.java:230)
	at junit.framework.TestSuite.run(TestSuite.java:225)
	at org.apache.tools.ant.taskdefs.optional.junit.JUnitTestRunner.run(JUnitTestRunner.java:421)
	at org.apache.tools.ant.taskdefs.optional.junit.JUnitTestRunner.launch(JUnitTestRunner.java:928)
	at org.apache.tools.ant.taskdefs.optional.junit.JUnitTestRunner.main(JUnitTestRunner.java:784)
operator: UnknownreviewId: Unknown - start transaction.
com.topcoder.util.config.UnknownNamespaceException: com.topcoder.util.log is unknown
	at com.topcoder.util.config.DefaultConfigManager.getPropertyObject(DefaultConfigManager.java:429)
	at com.topcoder.util.config.DefaultConfigManager.getString(DefaultConfigManager.java:449)
	at com.topcoder.util.log.LogFactory.getAttribute(LogFactory.java:224)
	at com.topcoder.util.log.basic.BasicLog.log(BasicLog.java:74)
	at com.topcoder.management.review.persistence.InformixReviewPersistence.updateReview(InformixReviewPersistence.java:1270)
	at com.topcoder.management.review.persistence.InformixReviewPersistence.updateReview(InformixReviewPersistence.java:1208)
	at com.topcoder.management.review.persistence.DemoTest.testCreateReivew(DemoTest.java:386)
	at sun.reflect.NativeMethodAccessorImpl.invoke0(Native Method)
	at sun.reflect.NativeMethodAccessorImpl.invoke(NativeMethodAccessorImpl.java:39)
	at sun.reflect.DelegatingMethodAccessorImpl.invoke(DelegatingMethodAccessorImpl.java:25)
	at java.lang.reflect.Method.invoke(Method.java:597)
	at junit.framework.TestCase.runTest(TestCase.java:164)
	at junit.framework.TestCase.runBare(TestCase.java:130)
	at junit.framework.TestResult$1.protect(TestResult.java:106)
	at junit.framework.TestResult.runProtected(TestResult.java:124)
	at junit.framework.TestResult.run(TestResult.java:109)
	at junit.framework.TestCase.run(TestCase.java:120)
	at junit.framework.TestSuite.runTest(TestSuite.java:230)
	at junit.framework.TestSuite.run(TestSuite.java:225)
	at junit.framework.TestSuite.runTest(TestSuite.java:230)
	at junit.framework.TestSuite.run(TestSuite.java:225)
	at junit.framework.TestSuite.runTest(TestSuite.java:230)
	at junit.framework.TestSuite.run(TestSuite.java:225)
	at org.apache.tools.ant.taskdefs.optional.junit.JUnitTestRunner.run(JUnitTestRunner.java:421)
	at org.apache.tools.ant.taskdefs.optional.junit.JUnitTestRunner.launch(JUnitTestRunner.java:928)
	at org.apache.tools.ant.taskdefs.optional.junit.JUnitTestRunner.main(JUnitTestRunner.java:784)
update record in the  review table with id:1
com.topcoder.util.config.UnknownNamespaceException: com.topcoder.util.log is unknown
	at com.topcoder.util.config.DefaultConfigManager.getPropertyObject(DefaultConfigManager.java:429)
	at com.topcoder.util.config.DefaultConfigManager.getString(DefaultConfigManager.java:449)
	at com.topcoder.util.log.LogFactory.getAttribute(LogFactory.java:224)
	at com.topcoder.util.log.basic.BasicLog.log(BasicLog.java:74)
	at com.topcoder.management.review.persistence.InformixReviewPersistence.updateReviewComment(InformixReviewPersistence.java:1364)
	at com.topcoder.management.review.persistence.InformixReviewPersistence.updateReviewComments(InformixReviewPersistence.java:1324)
	at com.topcoder.management.review.persistence.InformixReviewPersistence.updateReview(InformixReviewPersistence.java:1276)
	at com.topcoder.management.review.persistence.InformixReviewPersistence.updateReview(InformixReviewPersistence.java:1208)
	at com.topcoder.management.review.persistence.DemoTest.testCreateReivew(DemoTest.java:386)
	at sun.reflect.NativeMethodAccessorImpl.invoke0(Native Method)
	at sun.reflect.NativeMethodAccessorImpl.invoke(NativeMethodAccessorImpl.java:39)
	at sun.reflect.DelegatingMethodAccessorImpl.invoke(DelegatingMethodAccessorImpl.java:25)
	at java.lang.reflect.Method.invoke(Method.java:597)
	at junit.framework.TestCase.runTest(TestCase.java:164)
	at junit.framework.TestCase.runBare(TestCase.java:130)
	at junit.framework.TestResult$1.protect(TestResult.java:106)
	at junit.framework.TestResult.runProtected(TestResult.java:124)
	at junit.framework.TestResult.run(TestResult.java:109)
	at junit.framework.TestCase.run(TestCase.java:120)
	at junit.framework.TestSuite.runTest(TestSuite.java:230)
	at junit.framework.TestSuite.run(TestSuite.java:225)
	at junit.framework.TestSuite.runTest(TestSuite.java:230)
	at junit.framework.TestSuite.run(TestSuite.java:225)
	at junit.framework.TestSuite.runTest(TestSuite.java:230)
	at junit.framework.TestSuite.run(TestSuite.java:225)
	at org.apache.tools.ant.taskdefs.optional.junit.JUnitTestRunner.run(JUnitTestRunner.java:421)
	at org.apache.tools.ant.taskdefs.optional.junit.JUnitTestRunner.launch(JUnitTestRunner.java:928)
	at org.apache.tools.ant.taskdefs.optional.junit.JUnitTestRunner.main(JUnitTestRunner.java:784)
update record in the review_comment table with id:1
com.topcoder.util.config.UnknownNamespaceException: com.topcoder.util.log is unknown
	at com.topcoder.util.config.DefaultConfigManager.getPropertyObject(DefaultConfigManager.java:429)
	at com.topcoder.util.config.DefaultConfigManager.getString(DefaultConfigManager.java:449)
	at com.topcoder.util.log.LogFactory.getAttribute(LogFactory.java:224)
	at com.topcoder.util.log.basic.BasicLog.log(BasicLog.java:74)
	at com.topcoder.management.review.persistence.InformixReviewPersistence.updateReviewComment(InformixReviewPersistence.java:1364)
	at com.topcoder.management.review.persistence.InformixReviewPersistence.updateReviewComments(InformixReviewPersistence.java:1324)
	at com.topcoder.management.review.persistence.InformixReviewPersistence.updateReview(InformixReviewPersistence.java:1276)
	at com.topcoder.management.review.persistence.InformixReviewPersistence.updateReview(InformixReviewPersistence.java:1208)
	at com.topcoder.management.review.persistence.DemoTest.testCreateReivew(DemoTest.java:386)
	at sun.reflect.NativeMethodAccessorImpl.invoke0(Native Method)
	at sun.reflect.NativeMethodAccessorImpl.invoke(NativeMethodAccessorImpl.java:39)
	at sun.reflect.DelegatingMethodAccessorImpl.invoke(DelegatingMethodAccessorImpl.java:25)
	at java.lang.reflect.Method.invoke(Method.java:597)
	at junit.framework.TestCase.runTest(TestCase.java:164)
	at junit.framework.TestCase.runBare(TestCase.java:130)
	at junit.framework.TestResult$1.protect(TestResult.java:106)
	at junit.framework.TestResult.runProtected(TestResult.java:124)
	at junit.framework.TestResult.run(TestResult.java:109)
	at junit.framework.TestCase.run(TestCase.java:120)
	at junit.framework.TestSuite.runTest(TestSuite.java:230)
	at junit.framework.TestSuite.run(TestSuite.java:225)
	at junit.framework.TestSuite.runTest(TestSuite.java:230)
	at junit.framework.TestSuite.run(TestSuite.java:225)
	at junit.framework.TestSuite.runTest(TestSuite.java:230)
	at junit.framework.TestSuite.run(TestSuite.java:225)
	at org.apache.tools.ant.taskdefs.optional.junit.JUnitTestRunner.run(JUnitTestRunner.java:421)
	at org.apache.tools.ant.taskdefs.optional.junit.JUnitTestRunner.launch(JUnitTestRunner.java:928)
	at org.apache.tools.ant.taskdefs.optional.junit.JUnitTestRunner.main(JUnitTestRunner.java:784)
update record in the review_comment table with id:2
com.topcoder.util.config.UnknownNamespaceException: com.topcoder.util.log is unknown
	at com.topcoder.util.config.DefaultConfigManager.getPropertyObject(DefaultConfigManager.java:429)
	at com.topcoder.util.config.DefaultConfigManager.getString(DefaultConfigManager.java:449)
	at com.topcoder.util.log.LogFactory.getAttribute(LogFactory.java:224)
	at com.topcoder.util.log.basic.BasicLog.log(BasicLog.java:74)
	at com.topcoder.management.review.persistence.InformixReviewPersistence.deleteReviewComments(InformixReviewPersistence.java:1653)
	at com.topcoder.management.review.persistence.InformixReviewPersistence.updateReviewComments(InformixReviewPersistence.java:1338)
	at com.topcoder.management.review.persistence.InformixReviewPersistence.updateReview(InformixReviewPersistence.java:1276)
	at com.topcoder.management.review.persistence.InformixReviewPersistence.updateReview(InformixReviewPersistence.java:1208)
	at com.topcoder.management.review.persistence.DemoTest.testCreateReivew(DemoTest.java:386)
	at sun.reflect.NativeMethodAccessorImpl.invoke0(Native Method)
	at sun.reflect.NativeMethodAccessorImpl.invoke(NativeMethodAccessorImpl.java:39)
	at sun.reflect.DelegatingMethodAccessorImpl.invoke(DelegatingMethodAccessorImpl.java:25)
	at java.lang.reflect.Method.invoke(Method.java:597)
	at junit.framework.TestCase.runTest(TestCase.java:164)
	at junit.framework.TestCase.runBare(TestCase.java:130)
	at junit.framework.TestResult$1.protect(TestResult.java:106)
	at junit.framework.TestResult.runProtected(TestResult.java:124)
	at junit.framework.TestResult.run(TestResult.java:109)
	at junit.framework.TestCase.run(TestCase.java:120)
	at junit.framework.TestSuite.runTest(TestSuite.java:230)
	at junit.framework.TestSuite.run(TestSuite.java:225)
	at junit.framework.TestSuite.runTest(TestSuite.java:230)
	at junit.framework.TestSuite.run(TestSuite.java:225)
	at junit.framework.TestSuite.runTest(TestSuite.java:230)
	at junit.framework.TestSuite.run(TestSuite.java:225)
	at org.apache.tools.ant.taskdefs.optional.junit.JUnitTestRunner.run(JUnitTestRunner.java:421)
	at org.apache.tools.ant.taskdefs.optional.junit.JUnitTestRunner.launch(JUnitTestRunner.java:928)
	at org.apache.tools.ant.taskdefs.optional.junit.JUnitTestRunner.main(JUnitTestRunner.java:784)
delete entry from review_comment with the review comment id:3
com.topcoder.util.config.UnknownNamespaceException: com.topcoder.util.log is unknown
	at com.topcoder.util.config.DefaultConfigManager.getPropertyObject(DefaultConfigManager.java:429)
	at com.topcoder.util.config.DefaultConfigManager.getString(DefaultConfigManager.java:449)
	at com.topcoder.util.log.LogFactory.getAttribute(LogFactory.java:224)
	at com.topcoder.util.log.basic.BasicLog.log(BasicLog.java:74)
	at com.topcoder.management.review.persistence.InformixReviewPersistence.updateReviewItem(InformixReviewPersistence.java:1444)
	at com.topcoder.management.review.persistence.InformixReviewPersistence.updateReviewItems(InformixReviewPersistence.java:1410)
	at com.topcoder.management.review.persistence.InformixReviewPersistence.updateReview(InformixReviewPersistence.java:1280)
	at com.topcoder.management.review.persistence.InformixReviewPersistence.updateReview(InformixReviewPersistence.java:1208)
	at com.topcoder.management.review.persistence.DemoTest.testCreateReivew(DemoTest.java:386)
	at sun.reflect.NativeMethodAccessorImpl.invoke0(Native Method)
	at sun.reflect.NativeMethodAccessorImpl.invoke(NativeMethodAccessorImpl.java:39)
	at sun.reflect.DelegatingMethodAccessorImpl.invoke(DelegatingMethodAccessorImpl.java:25)
	at java.lang.reflect.Method.invoke(Method.java:597)
	at junit.framework.TestCase.runTest(TestCase.java:164)
	at junit.framework.TestCase.runBare(TestCase.java:130)
	at junit.framework.TestResult$1.protect(TestResult.java:106)
	at junit.framework.TestResult.runProtected(TestResult.java:124)
	at junit.framework.TestResult.run(TestResult.java:109)
	at junit.framework.TestCase.run(TestCase.java:120)
	at junit.framework.TestSuite.runTest(TestSuite.java:230)
	at junit.framework.TestSuite.run(TestSuite.java:225)
	at junit.framework.TestSuite.runTest(TestSuite.java:230)
	at junit.framework.TestSuite.run(TestSuite.java:225)
	at junit.framework.TestSuite.runTest(TestSuite.java:230)
	at junit.framework.TestSuite.run(TestSuite.java:225)
	at org.apache.tools.ant.taskdefs.optional.junit.JUnitTestRunner.run(JUnitTestRunner.java:421)
	at org.apache.tools.ant.taskdefs.optional.junit.JUnitTestRunner.launch(JUnitTestRunner.java:928)
	at org.apache.tools.ant.taskdefs.optional.junit.JUnitTestRunner.main(JUnitTestRunner.java:784)
execute sql:UPDATE review_item SET scorecard_question_id=?, upload_id=?, answer=?, sort=?, modify_user=?, modify_date=CURRENT WHERE review_item_id=?
com.topcoder.util.config.UnknownNamespaceException: com.topcoder.util.log is unknown
	at com.topcoder.util.config.DefaultConfigManager.getPropertyObject(DefaultConfigManager.java:429)
	at com.topcoder.util.config.DefaultConfigManager.getString(DefaultConfigManager.java:449)
	at com.topcoder.util.log.LogFactory.getAttribute(LogFactory.java:224)
	at com.topcoder.util.log.basic.BasicLog.log(BasicLog.java:74)
	at com.topcoder.management.review.persistence.InformixReviewPersistence.getReviewItemCommentIDs(InformixReviewPersistence.java:1606)
	at com.topcoder.management.review.persistence.InformixReviewPersistence.updateReviewItemComments(InformixReviewPersistence.java:1481)
	at com.topcoder.management.review.persistence.InformixReviewPersistence.updateReviewItem(InformixReviewPersistence.java:1455)
	at com.topcoder.management.review.persistence.InformixReviewPersistence.updateReviewItems(InformixReviewPersistence.java:1410)
	at com.topcoder.management.review.persistence.InformixReviewPersistence.updateReview(InformixReviewPersistence.java:1280)
	at com.topcoder.management.review.persistence.InformixReviewPersistence.updateReview(InformixReviewPersistence.java:1208)
	at com.topcoder.management.review.persistence.DemoTest.testCreateReivew(DemoTest.java:386)
	at sun.reflect.NativeMethodAccessorImpl.invoke0(Native Method)
	at sun.reflect.NativeMethodAccessorImpl.invoke(NativeMethodAccessorImpl.java:39)
	at sun.reflect.DelegatingMethodAccessorImpl.invoke(DelegatingMethodAccessorImpl.java:25)
	at java.lang.reflect.Method.invoke(Method.java:597)
	at junit.framework.TestCase.runTest(TestCase.java:164)
	at junit.framework.TestCase.runBare(TestCase.java:130)
	at junit.framework.TestResult$1.protect(TestResult.java:106)
	at junit.framework.TestResult.runProtected(TestResult.java:124)
	at junit.framework.TestResult.run(TestResult.java:109)
	at junit.framework.TestCase.run(TestCase.java:120)
	at junit.framework.TestSuite.runTest(TestSuite.java:230)
	at junit.framework.TestSuite.run(TestSuite.java:225)
	at junit.framework.TestSuite.runTest(TestSuite.java:230)
	at junit.framework.TestSuite.run(TestSuite.java:225)
	at junit.framework.TestSuite.runTest(TestSuite.java:230)
	at junit.framework.TestSuite.run(TestSuite.java:225)
	at org.apache.tools.ant.taskdefs.optional.junit.JUnitTestRunner.run(JUnitTestRunner.java:421)
	at org.apache.tools.ant.taskdefs.optional.junit.JUnitTestRunner.launch(JUnitTestRunner.java:928)
	at org.apache.tools.ant.taskdefs.optional.junit.JUnitTestRunner.main(JUnitTestRunner.java:784)
execute sql:SELECT review_item_comment_id FROM review_item_comment WHERE review_item_id=?
com.topcoder.util.config.UnknownNamespaceException: com.topcoder.util.log is unknown
	at com.topcoder.util.config.DefaultConfigManager.getPropertyObject(DefaultConfigManager.java:429)
	at com.topcoder.util.config.DefaultConfigManager.getString(DefaultConfigManager.java:449)
	at com.topcoder.util.log.LogFactory.getAttribute(LogFactory.java:224)
	at com.topcoder.util.log.basic.BasicLog.log(BasicLog.java:74)
	at com.topcoder.management.review.persistence.InformixReviewPersistence.updateReviewItemComment(InformixReviewPersistence.java:1531)
	at com.topcoder.management.review.persistence.InformixReviewPersistence.updateReviewItemComments(InformixReviewPersistence.java:1499)
	at com.topcoder.management.review.persistence.InformixReviewPersistence.updateReviewItem(InformixReviewPersistence.java:1455)
	at com.topcoder.management.review.persistence.InformixReviewPersistence.updateReviewItems(InformixReviewPersistence.java:1410)
	at com.topcoder.management.review.persistence.InformixReviewPersistence.updateReview(InformixReviewPersistence.java:1280)
	at com.topcoder.management.review.persistence.InformixReviewPersistence.updateReview(InformixReviewPersistence.java:1208)
	at com.topcoder.management.review.persistence.DemoTest.testCreateReivew(DemoTest.java:386)
	at sun.reflect.NativeMethodAccessorImpl.invoke0(Native Method)
	at sun.reflect.NativeMethodAccessorImpl.invoke(NativeMethodAccessorImpl.java:39)
	at sun.reflect.DelegatingMethodAccessorImpl.invoke(DelegatingMethodAccessorImpl.java:25)
	at java.lang.reflect.Method.invoke(Method.java:597)
	at junit.framework.TestCase.runTest(TestCase.java:164)
	at junit.framework.TestCase.runBare(TestCase.java:130)
	at junit.framework.TestResult$1.protect(TestResult.java:106)
	at junit.framework.TestResult.runProtected(TestResult.java:124)
	at junit.framework.TestResult.run(TestResult.java:109)
	at junit.framework.TestCase.run(TestCase.java:120)
	at junit.framework.TestSuite.runTest(TestSuite.java:230)
	at junit.framework.TestSuite.run(TestSuite.java:225)
	at junit.framework.TestSuite.runTest(TestSuite.java:230)
	at junit.framework.TestSuite.run(TestSuite.java:225)
	at junit.framework.TestSuite.runTest(TestSuite.java:230)
	at junit.framework.TestSuite.run(TestSuite.java:225)
	at org.apache.tools.ant.taskdefs.optional.junit.JUnitTestRunner.run(JUnitTestRunner.java:421)
	at org.apache.tools.ant.taskdefs.optional.junit.JUnitTestRunner.launch(JUnitTestRunner.java:928)
	at org.apache.tools.ant.taskdefs.optional.junit.JUnitTestRunner.main(JUnitTestRunner.java:784)
execute sql:UPDATE review_item_comment SET resource_id=?, comment_type_id=?, evaluation_type_id=?, content=?, extra_info=?, sort=?, modify_user=?, modify_date=CURRENT WHERE review_item_comment_id=?
com.topcoder.util.config.UnknownNamespaceException: com.topcoder.util.log is unknown
	at com.topcoder.util.config.DefaultConfigManager.getPropertyObject(DefaultConfigManager.java:429)
	at com.topcoder.util.config.DefaultConfigManager.getString(DefaultConfigManager.java:449)
	at com.topcoder.util.log.LogFactory.getAttribute(LogFactory.java:224)
	at com.topcoder.util.log.basic.BasicLog.log(BasicLog.java:74)
	at com.topcoder.management.review.persistence.InformixReviewPersistence.updateReviewItemComment(InformixReviewPersistence.java:1531)
	at com.topcoder.management.review.persistence.InformixReviewPersistence.updateReviewItemComments(InformixReviewPersistence.java:1499)
	at com.topcoder.management.review.persistence.InformixReviewPersistence.updateReviewItem(InformixReviewPersistence.java:1455)
	at com.topcoder.management.review.persistence.InformixReviewPersistence.updateReviewItems(InformixReviewPersistence.java:1410)
	at com.topcoder.management.review.persistence.InformixReviewPersistence.updateReview(InformixReviewPersistence.java:1280)
	at com.topcoder.management.review.persistence.InformixReviewPersistence.updateReview(InformixReviewPersistence.java:1208)
	at com.topcoder.management.review.persistence.DemoTest.testCreateReivew(DemoTest.java:386)
	at sun.reflect.NativeMethodAccessorImpl.invoke0(Native Method)
	at sun.reflect.NativeMethodAccessorImpl.invoke(NativeMethodAccessorImpl.java:39)
	at sun.reflect.DelegatingMethodAccessorImpl.invoke(DelegatingMethodAccessorImpl.java:25)
	at java.lang.reflect.Method.invoke(Method.java:597)
	at junit.framework.TestCase.runTest(TestCase.java:164)
	at junit.framework.TestCase.runBare(TestCase.java:130)
	at junit.framework.TestResult$1.protect(TestResult.java:106)
	at junit.framework.TestResult.runProtected(TestResult.java:124)
	at junit.framework.TestResult.run(TestResult.java:109)
	at junit.framework.TestCase.run(TestCase.java:120)
	at junit.framework.TestSuite.runTest(TestSuite.java:230)
	at junit.framework.TestSuite.run(TestSuite.java:225)
	at junit.framework.TestSuite.runTest(TestSuite.java:230)
	at junit.framework.TestSuite.run(TestSuite.java:225)
	at junit.framework.TestSuite.runTest(TestSuite.java:230)
	at junit.framework.TestSuite.run(TestSuite.java:225)
	at org.apache.tools.ant.taskdefs.optional.junit.JUnitTestRunner.run(JUnitTestRunner.java:421)
	at org.apache.tools.ant.taskdefs.optional.junit.JUnitTestRunner.launch(JUnitTestRunner.java:928)
	at org.apache.tools.ant.taskdefs.optional.junit.JUnitTestRunner.main(JUnitTestRunner.java:784)
execute sql:UPDATE review_item_comment SET resource_id=?, comment_type_id=?, evaluation_type_id=?, content=?, extra_info=?, sort=?, modify_user=?, modify_date=CURRENT WHERE review_item_comment_id=?
com.topcoder.util.config.UnknownNamespaceException: com.topcoder.util.log is unknown
	at com.topcoder.util.config.DefaultConfigManager.getPropertyObject(DefaultConfigManager.java:429)
	at com.topcoder.util.config.DefaultConfigManager.getString(DefaultConfigManager.java:449)
	at com.topcoder.util.log.LogFactory.getAttribute(LogFactory.java:224)
	at com.topcoder.util.log.basic.BasicLog.log(BasicLog.java:74)
	at com.topcoder.management.review.persistence.InformixReviewPersistence.deleteReviewItemComments(InformixReviewPersistence.java:1705)
	at com.topcoder.management.review.persistence.InformixReviewPersistence.updateReviewItemComments(InformixReviewPersistence.java:1513)
	at com.topcoder.management.review.persistence.InformixReviewPersistence.updateReviewItem(InformixReviewPersistence.java:1455)
	at com.topcoder.management.review.persistence.InformixReviewPersistence.updateReviewItems(InformixReviewPersistence.java:1410)
	at com.topcoder.management.review.persistence.InformixReviewPersistence.updateReview(InformixReviewPersistence.java:1280)
	at com.topcoder.management.review.persistence.InformixReviewPersistence.updateReview(InformixReviewPersistence.java:1208)
	at com.topcoder.management.review.persistence.DemoTest.testCreateReivew(DemoTest.java:386)
	at sun.reflect.NativeMethodAccessorImpl.invoke0(Native Method)
	at sun.reflect.NativeMethodAccessorImpl.invoke(NativeMethodAccessorImpl.java:39)
	at sun.reflect.DelegatingMethodAccessorImpl.invoke(DelegatingMethodAccessorImpl.java:25)
	at java.lang.reflect.Method.invoke(Method.java:597)
	at junit.framework.TestCase.runTest(TestCase.java:164)
	at junit.framework.TestCase.runBare(TestCase.java:130)
	at junit.framework.TestResult$1.protect(TestResult.java:106)
	at junit.framework.TestResult.runProtected(TestResult.java:124)
	at junit.framework.TestResult.run(TestResult.java:109)
	at junit.framework.TestCase.run(TestCase.java:120)
	at junit.framework.TestSuite.runTest(TestSuite.java:230)
	at junit.framework.TestSuite.run(TestSuite.java:225)
	at junit.framework.TestSuite.runTest(TestSuite.java:230)
	at junit.framework.TestSuite.run(TestSuite.java:225)
	at junit.framework.TestSuite.runTest(TestSuite.java:230)
	at junit.framework.TestSuite.run(TestSuite.java:225)
	at org.apache.tools.ant.taskdefs.optional.junit.JUnitTestRunner.run(JUnitTestRunner.java:421)
	at org.apache.tools.ant.taskdefs.optional.junit.JUnitTestRunner.launch(JUnitTestRunner.java:928)
	at org.apache.tools.ant.taskdefs.optional.junit.JUnitTestRunner.main(JUnitTestRunner.java:784)
delete entry from review_item_comment with the review_item_comment_id:5
com.topcoder.util.config.UnknownNamespaceException: com.topcoder.util.log is unknown
	at com.topcoder.util.config.DefaultConfigManager.getPropertyObject(DefaultConfigManager.java:429)
	at com.topcoder.util.config.DefaultConfigManager.getString(DefaultConfigManager.java:449)
	at com.topcoder.util.log.LogFactory.getAttribute(LogFactory.java:224)
	at com.topcoder.util.log.basic.BasicLog.log(BasicLog.java:74)
	at com.topcoder.management.review.persistence.InformixReviewPersistence.updateReviewItem(InformixReviewPersistence.java:1444)
	at com.topcoder.management.review.persistence.InformixReviewPersistence.updateReviewItems(InformixReviewPersistence.java:1410)
	at com.topcoder.management.review.persistence.InformixReviewPersistence.updateReview(InformixReviewPersistence.java:1280)
	at com.topcoder.management.review.persistence.InformixReviewPersistence.updateReview(InformixReviewPersistence.java:1208)
	at com.topcoder.management.review.persistence.DemoTest.testCreateReivew(DemoTest.java:386)
	at sun.reflect.NativeMethodAccessorImpl.invoke0(Native Method)
	at sun.reflect.NativeMethodAccessorImpl.invoke(NativeMethodAccessorImpl.java:39)
	at sun.reflect.DelegatingMethodAccessorImpl.invoke(DelegatingMethodAccessorImpl.java:25)
	at java.lang.reflect.Method.invoke(Method.java:597)
	at junit.framework.TestCase.runTest(TestCase.java:164)
	at junit.framework.TestCase.runBare(TestCase.java:130)
	at junit.framework.TestResult$1.protect(TestResult.java:106)
	at junit.framework.TestResult.runProtected(TestResult.java:124)
	at junit.framework.TestResult.run(TestResult.java:109)
	at junit.framework.TestCase.run(TestCase.java:120)
	at junit.framework.TestSuite.runTest(TestSuite.java:230)
	at junit.framework.TestSuite.run(TestSuite.java:225)
	at junit.framework.TestSuite.runTest(TestSuite.java:230)
	at junit.framework.TestSuite.run(TestSuite.java:225)
	at junit.framework.TestSuite.runTest(TestSuite.java:230)
	at junit.framework.TestSuite.run(TestSuite.java:225)
	at org.apache.tools.ant.taskdefs.optional.junit.JUnitTestRunner.run(JUnitTestRunner.java:421)
	at org.apache.tools.ant.taskdefs.optional.junit.JUnitTestRunner.launch(JUnitTestRunner.java:928)
	at org.apache.tools.ant.taskdefs.optional.junit.JUnitTestRunner.main(JUnitTestRunner.java:784)
execute sql:UPDATE review_item SET scorecard_question_id=?, upload_id=?, answer=?, sort=?, modify_user=?, modify_date=CURRENT WHERE review_item_id=?
com.topcoder.util.config.UnknownNamespaceException: com.topcoder.util.log is unknown
	at com.topcoder.util.config.DefaultConfigManager.getPropertyObject(DefaultConfigManager.java:429)
	at com.topcoder.util.config.DefaultConfigManager.getString(DefaultConfigManager.java:449)
	at com.topcoder.util.log.LogFactory.getAttribute(LogFactory.java:224)
	at com.topcoder.util.log.basic.BasicLog.log(BasicLog.java:74)
	at com.topcoder.management.review.persistence.InformixReviewPersistence.getReviewItemCommentIDs(InformixReviewPersistence.java:1606)
	at com.topcoder.management.review.persistence.InformixReviewPersistence.updateReviewItemComments(InformixReviewPersistence.java:1481)
	at com.topcoder.management.review.persistence.InformixReviewPersistence.updateReviewItem(InformixReviewPersistence.java:1455)
	at com.topcoder.management.review.persistence.InformixReviewPersistence.updateReviewItems(InformixReviewPersistence.java:1410)
	at com.topcoder.management.review.persistence.InformixReviewPersistence.updateReview(InformixReviewPersistence.java:1280)
	at com.topcoder.management.review.persistence.InformixReviewPersistence.updateReview(InformixReviewPersistence.java:1208)
	at com.topcoder.management.review.persistence.DemoTest.testCreateReivew(DemoTest.java:386)
	at sun.reflect.NativeMethodAccessorImpl.invoke0(Native Method)
	at sun.reflect.NativeMethodAccessorImpl.invoke(NativeMethodAccessorImpl.java:39)
	at sun.reflect.DelegatingMethodAccessorImpl.invoke(DelegatingMethodAccessorImpl.java:25)
	at java.lang.reflect.Method.invoke(Method.java:597)
	at junit.framework.TestCase.runTest(TestCase.java:164)
	at junit.framework.TestCase.runBare(TestCase.java:130)
	at junit.framework.TestResult$1.protect(TestResult.java:106)
	at junit.framework.TestResult.runProtected(TestResult.java:124)
	at junit.framework.TestResult.run(TestResult.java:109)
	at junit.framework.TestCase.run(TestCase.java:120)
	at junit.framework.TestSuite.runTest(TestSuite.java:230)
	at junit.framework.TestSuite.run(TestSuite.java:225)
	at junit.framework.TestSuite.runTest(TestSuite.java:230)
	at junit.framework.TestSuite.run(TestSuite.java:225)
	at junit.framework.TestSuite.runTest(TestSuite.java:230)
	at junit.framework.TestSuite.run(TestSuite.java:225)
	at org.apache.tools.ant.taskdefs.optional.junit.JUnitTestRunner.run(JUnitTestRunner.java:421)
	at org.apache.tools.ant.taskdefs.optional.junit.JUnitTestRunner.launch(JUnitTestRunner.java:928)
	at org.apache.tools.ant.taskdefs.optional.junit.JUnitTestRunner.main(JUnitTestRunner.java:784)
execute sql:SELECT review_item_comment_id FROM review_item_comment WHERE review_item_id=?
com.topcoder.util.config.UnknownNamespaceException: com.topcoder.util.log is unknown
	at com.topcoder.util.config.DefaultConfigManager.getPropertyObject(DefaultConfigManager.java:429)
	at com.topcoder.util.config.DefaultConfigManager.getString(DefaultConfigManager.java:449)
	at com.topcoder.util.log.LogFactory.getAttribute(LogFactory.java:224)
	at com.topcoder.util.log.basic.BasicLog.log(BasicLog.java:74)
	at com.topcoder.management.review.persistence.InformixReviewPersistence.updateReviewItemComment(InformixReviewPersistence.java:1531)
	at com.topcoder.management.review.persistence.InformixReviewPersistence.updateReviewItemComments(InformixReviewPersistence.java:1499)
	at com.topcoder.management.review.persistence.InformixReviewPersistence.updateReviewItem(InformixReviewPersistence.java:1455)
	at com.topcoder.management.review.persistence.InformixReviewPersistence.updateReviewItems(InformixReviewPersistence.java:1410)
	at com.topcoder.management.review.persistence.InformixReviewPersistence.updateReview(InformixReviewPersistence.java:1280)
	at com.topcoder.management.review.persistence.InformixReviewPersistence.updateReview(InformixReviewPersistence.java:1208)
	at com.topcoder.management.review.persistence.DemoTest.testCreateReivew(DemoTest.java:386)
	at sun.reflect.NativeMethodAccessorImpl.invoke0(Native Method)
	at sun.reflect.NativeMethodAccessorImpl.invoke(NativeMethodAccessorImpl.java:39)
	at sun.reflect.DelegatingMethodAccessorImpl.invoke(DelegatingMethodAccessorImpl.java:25)
	at java.lang.reflect.Method.invoke(Method.java:597)
	at junit.framework.TestCase.runTest(TestCase.java:164)
	at junit.framework.TestCase.runBare(TestCase.java:130)
	at junit.framework.TestResult$1.protect(TestResult.java:106)
	at junit.framework.TestResult.runProtected(TestResult.java:124)
	at junit.framework.TestResult.run(TestResult.java:109)
	at junit.framework.TestCase.run(TestCase.java:120)
	at junit.framework.TestSuite.runTest(TestSuite.java:230)
	at junit.framework.TestSuite.run(TestSuite.java:225)
	at junit.framework.TestSuite.runTest(TestSuite.java:230)
	at junit.framework.TestSuite.run(TestSuite.java:225)
	at junit.framework.TestSuite.runTest(TestSuite.java:230)
	at junit.framework.TestSuite.run(TestSuite.java:225)
	at org.apache.tools.ant.taskdefs.optional.junit.JUnitTestRunner.run(JUnitTestRunner.java:421)
	at org.apache.tools.ant.taskdefs.optional.junit.JUnitTestRunner.launch(JUnitTestRunner.java:928)
	at org.apache.tools.ant.taskdefs.optional.junit.JUnitTestRunner.main(JUnitTestRunner.java:784)
execute sql:UPDATE review_item_comment SET resource_id=?, comment_type_id=?, evaluation_type_id=?, content=?, extra_info=?, sort=?, modify_user=?, modify_date=CURRENT WHERE review_item_comment_id=?
com.topcoder.util.config.UnknownNamespaceException: com.topcoder.util.log is unknown
	at com.topcoder.util.config.DefaultConfigManager.getPropertyObject(DefaultConfigManager.java:429)
	at com.topcoder.util.config.DefaultConfigManager.getString(DefaultConfigManager.java:449)
	at com.topcoder.util.log.LogFactory.getAttribute(LogFactory.java:224)
	at com.topcoder.util.log.basic.BasicLog.log(BasicLog.java:74)
	at com.topcoder.management.review.persistence.InformixReviewPersistence.updateReviewItemComment(InformixReviewPersistence.java:1531)
	at com.topcoder.management.review.persistence.InformixReviewPersistence.updateReviewItemComments(InformixReviewPersistence.java:1499)
	at com.topcoder.management.review.persistence.InformixReviewPersistence.updateReviewItem(InformixReviewPersistence.java:1455)
	at com.topcoder.management.review.persistence.InformixReviewPersistence.updateReviewItems(InformixReviewPersistence.java:1410)
	at com.topcoder.management.review.persistence.InformixReviewPersistence.updateReview(InformixReviewPersistence.java:1280)
	at com.topcoder.management.review.persistence.InformixReviewPersistence.updateReview(InformixReviewPersistence.java:1208)
	at com.topcoder.management.review.persistence.DemoTest.testCreateReivew(DemoTest.java:386)
	at sun.reflect.NativeMethodAccessorImpl.invoke0(Native Method)
	at sun.reflect.NativeMethodAccessorImpl.invoke(NativeMethodAccessorImpl.java:39)
	at sun.reflect.DelegatingMethodAccessorImpl.invoke(DelegatingMethodAccessorImpl.java:25)
	at java.lang.reflect.Method.invoke(Method.java:597)
	at junit.framework.TestCase.runTest(TestCase.java:164)
	at junit.framework.TestCase.runBare(TestCase.java:130)
	at junit.framework.TestResult$1.protect(TestResult.java:106)
	at junit.framework.TestResult.runProtected(TestResult.java:124)
	at junit.framework.TestResult.run(TestResult.java:109)
	at junit.framework.TestCase.run(TestCase.java:120)
	at junit.framework.TestSuite.runTest(TestSuite.java:230)
	at junit.framework.TestSuite.run(TestSuite.java:225)
	at junit.framework.TestSuite.runTest(TestSuite.java:230)
	at junit.framework.TestSuite.run(TestSuite.java:225)
	at junit.framework.TestSuite.runTest(TestSuite.java:230)
	at junit.framework.TestSuite.run(TestSuite.java:225)
	at org.apache.tools.ant.taskdefs.optional.junit.JUnitTestRunner.run(JUnitTestRunner.java:421)
	at org.apache.tools.ant.taskdefs.optional.junit.JUnitTestRunner.launch(JUnitTestRunner.java:928)
	at org.apache.tools.ant.taskdefs.optional.junit.JUnitTestRunner.main(JUnitTestRunner.java:784)
execute sql:UPDATE review_item_comment SET resource_id=?, comment_type_id=?, evaluation_type_id=?, content=?, extra_info=?, sort=?, modify_user=?, modify_date=CURRENT WHERE review_item_comment_id=?
com.topcoder.util.config.UnknownNamespaceException: com.topcoder.util.log is unknown
	at com.topcoder.util.config.DefaultConfigManager.getPropertyObject(DefaultConfigManager.java:429)
	at com.topcoder.util.config.DefaultConfigManager.getString(DefaultConfigManager.java:449)
	at com.topcoder.util.log.LogFactory.getAttribute(LogFactory.java:224)
	at com.topcoder.util.log.basic.BasicLog.log(BasicLog.java:74)
	at com.topcoder.management.review.persistence.Helper.commitTransaction(Helper.java:522)
	at com.topcoder.management.review.persistence.InformixReviewPersistence.updateReview(InformixReviewPersistence.java:1216)
	at com.topcoder.management.review.persistence.DemoTest.testCreateReivew(DemoTest.java:386)
	at sun.reflect.NativeMethodAccessorImpl.invoke0(Native Method)
	at sun.reflect.NativeMethodAccessorImpl.invoke(NativeMethodAccessorImpl.java:39)
	at sun.reflect.DelegatingMethodAccessorImpl.invoke(DelegatingMethodAccessorImpl.java:25)
	at java.lang.reflect.Method.invoke(Method.java:597)
	at junit.framework.TestCase.runTest(TestCase.java:164)
	at junit.framework.TestCase.runBare(TestCase.java:130)
	at junit.framework.TestResult$1.protect(TestResult.java:106)
	at junit.framework.TestResult.runProtected(TestResult.java:124)
	at junit.framework.TestResult.run(TestResult.java:109)
	at junit.framework.TestCase.run(TestCase.java:120)
	at junit.framework.TestSuite.runTest(TestSuite.java:230)
	at junit.framework.TestSuite.run(TestSuite.java:225)
	at junit.framework.TestSuite.runTest(TestSuite.java:230)
	at junit.framework.TestSuite.run(TestSuite.java:225)
	at junit.framework.TestSuite.runTest(TestSuite.java:230)
	at junit.framework.TestSuite.run(TestSuite.java:225)
	at org.apache.tools.ant.taskdefs.optional.junit.JUnitTestRunner.run(JUnitTestRunner.java:421)
	at org.apache.tools.ant.taskdefs.optional.junit.JUnitTestRunner.launch(JUnitTestRunner.java:928)
	at org.apache.tools.ant.taskdefs.optional.junit.JUnitTestRunner.main(JUnitTestRunner.java:784)
commit the transaction.
com.topcoder.util.config.UnknownNamespaceException: com.topcoder.util.log is unknown
	at com.topcoder.util.config.DefaultConfigManager.getPropertyObject(DefaultConfigManager.java:429)
	at com.topcoder.util.config.DefaultConfigManager.getString(DefaultConfigManager.java:449)
	at com.topcoder.util.log.LogFactory.getAttribute(LogFactory.java:224)
	at com.topcoder.util.log.basic.BasicLog.log(BasicLog.java:74)
	at com.topcoder.management.review.persistence.Helper.closeConnection(Helper.java:469)
	at com.topcoder.management.review.persistence.InformixReviewPersistence.updateReview(InformixReviewPersistence.java:1223)
	at com.topcoder.management.review.persistence.DemoTest.testCreateReivew(DemoTest.java:386)
	at sun.reflect.NativeMethodAccessorImpl.invoke0(Native Method)
	at sun.reflect.NativeMethodAccessorImpl.invoke(NativeMethodAccessorImpl.java:39)
	at sun.reflect.DelegatingMethodAccessorImpl.invoke(DelegatingMethodAccessorImpl.java:25)
	at java.lang.reflect.Method.invoke(Method.java:597)
	at junit.framework.TestCase.runTest(TestCase.java:164)
	at junit.framework.TestCase.runBare(TestCase.java:130)
	at junit.framework.TestResult$1.protect(TestResult.java:106)
	at junit.framework.TestResult.runProtected(TestResult.java:124)
	at junit.framework.TestResult.run(TestResult.java:109)
	at junit.framework.TestCase.run(TestCase.java:120)
	at junit.framework.TestSuite.runTest(TestSuite.java:230)
	at junit.framework.TestSuite.run(TestSuite.java:225)
	at junit.framework.TestSuite.runTest(TestSuite.java:230)
	at junit.framework.TestSuite.run(TestSuite.java:225)
	at junit.framework.TestSuite.runTest(TestSuite.java:230)
	at junit.framework.TestSuite.run(TestSuite.java:225)
	at org.apache.tools.ant.taskdefs.optional.junit.JUnitTestRunner.run(JUnitTestRunner.java:421)
	at org.apache.tools.ant.taskdefs.optional.junit.JUnitTestRunner.launch(JUnitTestRunner.java:928)
	at org.apache.tools.ant.taskdefs.optional.junit.JUnitTestRunner.main(JUnitTestRunner.java:784)
close the connection.
com.topcoder.util.config.UnknownNamespaceException: com.topcoder.util.log is unknown
	at com.topcoder.util.config.DefaultConfigManager.getPropertyObject(DefaultConfigManager.java:429)
	at com.topcoder.util.config.DefaultConfigManager.getString(DefaultConfigManager.java:449)
	at com.topcoder.util.log.LogFactory.getAttribute(LogFactory.java:224)
	at com.topcoder.util.log.basic.BasicLog.log(BasicLog.java:74)
	at com.topcoder.management.review.persistence.InformixReviewPersistence.getReview(InformixReviewPersistence.java:1732)
	at com.topcoder.management.review.persistence.DemoTest.testCreateReivew(DemoTest.java:389)
	at sun.reflect.NativeMethodAccessorImpl.invoke0(Native Method)
	at sun.reflect.NativeMethodAccessorImpl.invoke(NativeMethodAccessorImpl.java:39)
	at sun.reflect.DelegatingMethodAccessorImpl.invoke(DelegatingMethodAccessorImpl.java:25)
	at java.lang.reflect.Method.invoke(Method.java:597)
	at junit.framework.TestCase.runTest(TestCase.java:164)
	at junit.framework.TestCase.runBare(TestCase.java:130)
	at junit.framework.TestResult$1.protect(TestResult.java:106)
	at junit.framework.TestResult.runProtected(TestResult.java:124)
	at junit.framework.TestResult.run(TestResult.java:109)
	at junit.framework.TestCase.run(TestCase.java:120)
	at junit.framework.TestSuite.runTest(TestSuite.java:230)
	at junit.framework.TestSuite.run(TestSuite.java:225)
	at junit.framework.TestSuite.runTest(TestSuite.java:230)
	at junit.framework.TestSuite.run(TestSuite.java:225)
	at junit.framework.TestSuite.runTest(TestSuite.java:230)
	at junit.framework.TestSuite.run(TestSuite.java:225)
	at org.apache.tools.ant.taskdefs.optional.junit.JUnitTestRunner.run(JUnitTestRunner.java:421)
	at org.apache.tools.ant.taskdefs.optional.junit.JUnitTestRunner.launch(JUnitTestRunner.java:928)
	at org.apache.tools.ant.taskdefs.optional.junit.JUnitTestRunner.main(JUnitTestRunner.java:784)
operator: UnknownreviewId: 1 - Retrieve Review.
com.topcoder.util.config.UnknownNamespaceException: com.topcoder.util.log is unknown
	at com.topcoder.util.config.DefaultConfigManager.getPropertyObject(DefaultConfigManager.java:429)
	at com.topcoder.util.config.DefaultConfigManager.getString(DefaultConfigManager.java:449)
	at com.topcoder.util.log.LogFactory.getAttribute(LogFactory.java:224)
	at com.topcoder.util.log.basic.BasicLog.log(BasicLog.java:74)
	at com.topcoder.management.review.persistence.InformixReviewPersistence.createTransactionalConnection(InformixReviewPersistence.java:624)
	at com.topcoder.management.review.persistence.InformixReviewPersistence.getReview(InformixReviewPersistence.java:1736)
	at com.topcoder.management.review.persistence.DemoTest.testCreateReivew(DemoTest.java:389)
	at sun.reflect.NativeMethodAccessorImpl.invoke0(Native Method)
	at sun.reflect.NativeMethodAccessorImpl.invoke(NativeMethodAccessorImpl.java:39)
	at sun.reflect.DelegatingMethodAccessorImpl.invoke(DelegatingMethodAccessorImpl.java:25)
	at java.lang.reflect.Method.invoke(Method.java:597)
	at junit.framework.TestCase.runTest(TestCase.java:164)
	at junit.framework.TestCase.runBare(TestCase.java:130)
	at junit.framework.TestResult$1.protect(TestResult.java:106)
	at junit.framework.TestResult.runProtected(TestResult.java:124)
	at junit.framework.TestResult.run(TestResult.java:109)
	at junit.framework.TestCase.run(TestCase.java:120)
	at junit.framework.TestSuite.runTest(TestSuite.java:230)
	at junit.framework.TestSuite.run(TestSuite.java:225)
	at junit.framework.TestSuite.runTest(TestSuite.java:230)
	at junit.framework.TestSuite.run(TestSuite.java:225)
	at junit.framework.TestSuite.runTest(TestSuite.java:230)
	at junit.framework.TestSuite.run(TestSuite.java:225)
	at org.apache.tools.ant.taskdefs.optional.junit.JUnitTestRunner.run(JUnitTestRunner.java:421)
	at org.apache.tools.ant.taskdefs.optional.junit.JUnitTestRunner.launch(JUnitTestRunner.java:928)
	at org.apache.tools.ant.taskdefs.optional.junit.JUnitTestRunner.main(JUnitTestRunner.java:784)
operator: UnknownreviewId: Unknown - creating db connection using connection name: informix_connection
com.topcoder.util.config.UnknownNamespaceException: com.topcoder.util.log is unknown
	at com.topcoder.util.config.DefaultConfigManager.getPropertyObject(DefaultConfigManager.java:429)
	at com.topcoder.util.config.DefaultConfigManager.getString(DefaultConfigManager.java:449)
	at com.topcoder.util.log.LogFactory.getAttribute(LogFactory.java:224)
	at com.topcoder.util.log.basic.BasicLog.log(BasicLog.java:74)
	at com.topcoder.management.review.persistence.InformixReviewPersistence.createTransactionalConnection(InformixReviewPersistence.java:627)
	at com.topcoder.management.review.persistence.InformixReviewPersistence.getReview(InformixReviewPersistence.java:1736)
	at com.topcoder.management.review.persistence.DemoTest.testCreateReivew(DemoTest.java:389)
	at sun.reflect.NativeMethodAccessorImpl.invoke0(Native Method)
	at sun.reflect.NativeMethodAccessorImpl.invoke(NativeMethodAccessorImpl.java:39)
	at sun.reflect.DelegatingMethodAccessorImpl.invoke(DelegatingMethodAccessorImpl.java:25)
	at java.lang.reflect.Method.invoke(Method.java:597)
	at junit.framework.TestCase.runTest(TestCase.java:164)
	at junit.framework.TestCase.runBare(TestCase.java:130)
	at junit.framework.TestResult$1.protect(TestResult.java:106)
	at junit.framework.TestResult.runProtected(TestResult.java:124)
	at junit.framework.TestResult.run(TestResult.java:109)
	at junit.framework.TestCase.run(TestCase.java:120)
	at junit.framework.TestSuite.runTest(TestSuite.java:230)
	at junit.framework.TestSuite.run(TestSuite.java:225)
	at junit.framework.TestSuite.runTest(TestSuite.java:230)
	at junit.framework.TestSuite.run(TestSuite.java:225)
	at junit.framework.TestSuite.runTest(TestSuite.java:230)
	at junit.framework.TestSuite.run(TestSuite.java:225)
	at org.apache.tools.ant.taskdefs.optional.junit.JUnitTestRunner.run(JUnitTestRunner.java:421)
	at org.apache.tools.ant.taskdefs.optional.junit.JUnitTestRunner.launch(JUnitTestRunner.java:928)
	at org.apache.tools.ant.taskdefs.optional.junit.JUnitTestRunner.main(JUnitTestRunner.java:784)
operator: UnknownreviewId: Unknown - start transaction.
com.topcoder.util.config.UnknownNamespaceException: com.topcoder.util.log is unknown
	at com.topcoder.util.config.DefaultConfigManager.getPropertyObject(DefaultConfigManager.java:429)
	at com.topcoder.util.config.DefaultConfigManager.getString(DefaultConfigManager.java:449)
	at com.topcoder.util.log.LogFactory.getAttribute(LogFactory.java:224)
	at com.topcoder.util.log.basic.BasicLog.log(BasicLog.java:74)
	at com.topcoder.management.review.persistence.Helper.commitTransaction(Helper.java:522)
	at com.topcoder.management.review.persistence.InformixReviewPersistence.getReview(InformixReviewPersistence.java:1750)
	at com.topcoder.management.review.persistence.DemoTest.testCreateReivew(DemoTest.java:389)
	at sun.reflect.NativeMethodAccessorImpl.invoke0(Native Method)
	at sun.reflect.NativeMethodAccessorImpl.invoke(NativeMethodAccessorImpl.java:39)
	at sun.reflect.DelegatingMethodAccessorImpl.invoke(DelegatingMethodAccessorImpl.java:25)
	at java.lang.reflect.Method.invoke(Method.java:597)
	at junit.framework.TestCase.runTest(TestCase.java:164)
	at junit.framework.TestCase.runBare(TestCase.java:130)
	at junit.framework.TestResult$1.protect(TestResult.java:106)
	at junit.framework.TestResult.runProtected(TestResult.java:124)
	at junit.framework.TestResult.run(TestResult.java:109)
	at junit.framework.TestCase.run(TestCase.java:120)
	at junit.framework.TestSuite.runTest(TestSuite.java:230)
	at junit.framework.TestSuite.run(TestSuite.java:225)
	at junit.framework.TestSuite.runTest(TestSuite.java:230)
	at junit.framework.TestSuite.run(TestSuite.java:225)
	at junit.framework.TestSuite.runTest(TestSuite.java:230)
	at junit.framework.TestSuite.run(TestSuite.java:225)
	at org.apache.tools.ant.taskdefs.optional.junit.JUnitTestRunner.run(JUnitTestRunner.java:421)
	at org.apache.tools.ant.taskdefs.optional.junit.JUnitTestRunner.launch(JUnitTestRunner.java:928)
	at org.apache.tools.ant.taskdefs.optional.junit.JUnitTestRunner.main(JUnitTestRunner.java:784)
commit the transaction.
com.topcoder.util.config.UnknownNamespaceException: com.topcoder.util.log is unknown
	at com.topcoder.util.config.DefaultConfigManager.getPropertyObject(DefaultConfigManager.java:429)
	at com.topcoder.util.config.DefaultConfigManager.getString(DefaultConfigManager.java:449)
	at com.topcoder.util.log.LogFactory.getAttribute(LogFactory.java:224)
	at com.topcoder.util.log.basic.BasicLog.log(BasicLog.java:74)
	at com.topcoder.management.review.persistence.Helper.closeConnection(Helper.java:469)
	at com.topcoder.management.review.persistence.InformixReviewPersistence.getReview(InformixReviewPersistence.java:1758)
	at com.topcoder.management.review.persistence.DemoTest.testCreateReivew(DemoTest.java:389)
	at sun.reflect.NativeMethodAccessorImpl.invoke0(Native Method)
	at sun.reflect.NativeMethodAccessorImpl.invoke(NativeMethodAccessorImpl.java:39)
	at sun.reflect.DelegatingMethodAccessorImpl.invoke(DelegatingMethodAccessorImpl.java:25)
	at java.lang.reflect.Method.invoke(Method.java:597)
	at junit.framework.TestCase.runTest(TestCase.java:164)
	at junit.framework.TestCase.runBare(TestCase.java:130)
	at junit.framework.TestResult$1.protect(TestResult.java:106)
	at junit.framework.TestResult.runProtected(TestResult.java:124)
	at junit.framework.TestResult.run(TestResult.java:109)
	at junit.framework.TestCase.run(TestCase.java:120)
	at junit.framework.TestSuite.runTest(TestSuite.java:230)
	at junit.framework.TestSuite.run(TestSuite.java:225)
	at junit.framework.TestSuite.runTest(TestSuite.java:230)
	at junit.framework.TestSuite.run(TestSuite.java:225)
	at junit.framework.TestSuite.runTest(TestSuite.java:230)
	at junit.framework.TestSuite.run(TestSuite.java:225)
	at org.apache.tools.ant.taskdefs.optional.junit.JUnitTestRunner.run(JUnitTestRunner.java:421)
	at org.apache.tools.ant.taskdefs.optional.junit.JUnitTestRunner.launch(JUnitTestRunner.java:928)
	at org.apache.tools.ant.taskdefs.optional.junit.JUnitTestRunner.main(JUnitTestRunner.java:784)
close the connection.
com.topcoder.util.config.UnknownNamespaceException: com.topcoder.util.log is unknown
	at com.topcoder.util.config.DefaultConfigManager.getPropertyObject(DefaultConfigManager.java:429)
	at com.topcoder.util.config.DefaultConfigManager.getString(DefaultConfigManager.java:449)
	at com.topcoder.util.log.LogFactory.getAttribute(LogFactory.java:224)
	at com.topcoder.util.log.basic.BasicLog.log(BasicLog.java:74)
	at com.topcoder.management.review.persistence.InformixReviewPersistence.searchReviews(InformixReviewPersistence.java:1797)
	at com.topcoder.management.review.persistence.DemoTest.testCreateReivew(DemoTest.java:394)
	at sun.reflect.NativeMethodAccessorImpl.invoke0(Native Method)
	at sun.reflect.NativeMethodAccessorImpl.invoke(NativeMethodAccessorImpl.java:39)
	at sun.reflect.DelegatingMethodAccessorImpl.invoke(DelegatingMethodAccessorImpl.java:25)
	at java.lang.reflect.Method.invoke(Method.java:597)
	at junit.framework.TestCase.runTest(TestCase.java:164)
	at junit.framework.TestCase.runBare(TestCase.java:130)
	at junit.framework.TestResult$1.protect(TestResult.java:106)
	at junit.framework.TestResult.runProtected(TestResult.java:124)
	at junit.framework.TestResult.run(TestResult.java:109)
	at junit.framework.TestCase.run(TestCase.java:120)
	at junit.framework.TestSuite.runTest(TestSuite.java:230)
	at junit.framework.TestSuite.run(TestSuite.java:225)
	at junit.framework.TestSuite.runTest(TestSuite.java:230)
	at junit.framework.TestSuite.run(TestSuite.java:225)
	at junit.framework.TestSuite.runTest(TestSuite.java:230)
	at junit.framework.TestSuite.run(TestSuite.java:225)
	at org.apache.tools.ant.taskdefs.optional.junit.JUnitTestRunner.run(JUnitTestRunner.java:421)
	at org.apache.tools.ant.taskdefs.optional.junit.JUnitTestRunner.launch(JUnitTestRunner.java:928)
	at org.apache.tools.ant.taskdefs.optional.junit.JUnitTestRunner.main(JUnitTestRunner.java:784)
operator: UnknownreviewId: Unknown - Search  complete  Reviews 
com.topcoder.util.config.UnknownNamespaceException: com.topcoder.util.log is unknown
	at com.topcoder.util.config.DefaultConfigManager.getPropertyObject(DefaultConfigManager.java:429)
	at com.topcoder.util.config.DefaultConfigManager.getString(DefaultConfigManager.java:449)
	at com.topcoder.util.log.LogFactory.getAttribute(LogFactory.java:224)
	at com.topcoder.util.log.basic.BasicLog.log(BasicLog.java:74)
	at com.topcoder.management.review.persistence.InformixReviewPersistence.createTransactionalConnection(InformixReviewPersistence.java:624)
	at com.topcoder.management.review.persistence.InformixReviewPersistence.searchReviews(InformixReviewPersistence.java:1835)
	at com.topcoder.management.review.persistence.DemoTest.testCreateReivew(DemoTest.java:394)
	at sun.reflect.NativeMethodAccessorImpl.invoke0(Native Method)
	at sun.reflect.NativeMethodAccessorImpl.invoke(NativeMethodAccessorImpl.java:39)
	at sun.reflect.DelegatingMethodAccessorImpl.invoke(DelegatingMethodAccessorImpl.java:25)
	at java.lang.reflect.Method.invoke(Method.java:597)
	at junit.framework.TestCase.runTest(TestCase.java:164)
	at junit.framework.TestCase.runBare(TestCase.java:130)
	at junit.framework.TestResult$1.protect(TestResult.java:106)
	at junit.framework.TestResult.runProtected(TestResult.java:124)
	at junit.framework.TestResult.run(TestResult.java:109)
	at junit.framework.TestCase.run(TestCase.java:120)
	at junit.framework.TestSuite.runTest(TestSuite.java:230)
	at junit.framework.TestSuite.run(TestSuite.java:225)
	at junit.framework.TestSuite.runTest(TestSuite.java:230)
	at junit.framework.TestSuite.run(TestSuite.java:225)
	at junit.framework.TestSuite.runTest(TestSuite.java:230)
	at junit.framework.TestSuite.run(TestSuite.java:225)
	at org.apache.tools.ant.taskdefs.optional.junit.JUnitTestRunner.run(JUnitTestRunner.java:421)
	at org.apache.tools.ant.taskdefs.optional.junit.JUnitTestRunner.launch(JUnitTestRunner.java:928)
	at org.apache.tools.ant.taskdefs.optional.junit.JUnitTestRunner.main(JUnitTestRunner.java:784)
operator: UnknownreviewId: Unknown - creating db connection using connection name: informix_connection
com.topcoder.util.config.UnknownNamespaceException: com.topcoder.util.log is unknown
	at com.topcoder.util.config.DefaultConfigManager.getPropertyObject(DefaultConfigManager.java:429)
	at com.topcoder.util.config.DefaultConfigManager.getString(DefaultConfigManager.java:449)
	at com.topcoder.util.log.LogFactory.getAttribute(LogFactory.java:224)
	at com.topcoder.util.log.basic.BasicLog.log(BasicLog.java:74)
	at com.topcoder.management.review.persistence.InformixReviewPersistence.createTransactionalConnection(InformixReviewPersistence.java:627)
	at com.topcoder.management.review.persistence.InformixReviewPersistence.searchReviews(InformixReviewPersistence.java:1835)
	at com.topcoder.management.review.persistence.DemoTest.testCreateReivew(DemoTest.java:394)
	at sun.reflect.NativeMethodAccessorImpl.invoke0(Native Method)
	at sun.reflect.NativeMethodAccessorImpl.invoke(NativeMethodAccessorImpl.java:39)
	at sun.reflect.DelegatingMethodAccessorImpl.invoke(DelegatingMethodAccessorImpl.java:25)
	at java.lang.reflect.Method.invoke(Method.java:597)
	at junit.framework.TestCase.runTest(TestCase.java:164)
	at junit.framework.TestCase.runBare(TestCase.java:130)
	at junit.framework.TestResult$1.protect(TestResult.java:106)
	at junit.framework.TestResult.runProtected(TestResult.java:124)
	at junit.framework.TestResult.run(TestResult.java:109)
	at junit.framework.TestCase.run(TestCase.java:120)
	at junit.framework.TestSuite.runTest(TestSuite.java:230)
	at junit.framework.TestSuite.run(TestSuite.java:225)
	at junit.framework.TestSuite.runTest(TestSuite.java:230)
	at junit.framework.TestSuite.run(TestSuite.java:225)
	at junit.framework.TestSuite.runTest(TestSuite.java:230)
	at junit.framework.TestSuite.run(TestSuite.java:225)
	at org.apache.tools.ant.taskdefs.optional.junit.JUnitTestRunner.run(JUnitTestRunner.java:421)
	at org.apache.tools.ant.taskdefs.optional.junit.JUnitTestRunner.launch(JUnitTestRunner.java:928)
	at org.apache.tools.ant.taskdefs.optional.junit.JUnitTestRunner.main(JUnitTestRunner.java:784)
operator: UnknownreviewId: Unknown - start transaction.
com.topcoder.util.config.UnknownNamespaceException: com.topcoder.util.log is unknown
	at com.topcoder.util.config.DefaultConfigManager.getPropertyObject(DefaultConfigManager.java:429)
	at com.topcoder.util.config.DefaultConfigManager.getString(DefaultConfigManager.java:449)
	at com.topcoder.util.log.LogFactory.getAttribute(LogFactory.java:224)
	at com.topcoder.util.log.basic.BasicLog.log(BasicLog.java:74)
	at com.topcoder.management.review.persistence.Helper.closeConnection(Helper.java:469)
	at com.topcoder.management.review.persistence.InformixReviewPersistence.searchReviews(InformixReviewPersistence.java:1862)
	at com.topcoder.management.review.persistence.DemoTest.testCreateReivew(DemoTest.java:394)
	at sun.reflect.NativeMethodAccessorImpl.invoke0(Native Method)
	at sun.reflect.NativeMethodAccessorImpl.invoke(NativeMethodAccessorImpl.java:39)
	at sun.reflect.DelegatingMethodAccessorImpl.invoke(DelegatingMethodAccessorImpl.java:25)
	at java.lang.reflect.Method.invoke(Method.java:597)
	at junit.framework.TestCase.runTest(TestCase.java:164)
	at junit.framework.TestCase.runBare(TestCase.java:130)
	at junit.framework.TestResult$1.protect(TestResult.java:106)
	at junit.framework.TestResult.runProtected(TestResult.java:124)
	at junit.framework.TestResult.run(TestResult.java:109)
	at junit.framework.TestCase.run(TestCase.java:120)
	at junit.framework.TestSuite.runTest(TestSuite.java:230)
	at junit.framework.TestSuite.run(TestSuite.java:225)
	at junit.framework.TestSuite.runTest(TestSuite.java:230)
	at junit.framework.TestSuite.run(TestSuite.java:225)
	at junit.framework.TestSuite.runTest(TestSuite.java:230)
	at junit.framework.TestSuite.run(TestSuite.java:225)
	at org.apache.tools.ant.taskdefs.optional.junit.JUnitTestRunner.run(JUnitTestRunner.java:421)
	at org.apache.tools.ant.taskdefs.optional.junit.JUnitTestRunner.launch(JUnitTestRunner.java:928)
	at org.apache.tools.ant.taskdefs.optional.junit.JUnitTestRunner.main(JUnitTestRunner.java:784)
close the connection.
]]></system-err>
</testsuite>
