<?xml version="1.0" encoding="UTF-8" ?>
<testsuite errors="0" failures="0" hostname="Yeung-PC" name="com.topcoder.reliability.AllTests" tests="494" time="99.128" timestamp="2010-12-07T06:36:14">
  <properties>
    <property name="java.vendor" value="Sun Microsystems Inc." />
    <property name="package" value="com.topcoder.reliability" />
    <property name="docpackage.jar" value="reliability_calculator_docs.jar" />
    <property name="sun.java.launcher" value="SUN_STANDARD" />
    <property name="checkstyle.dir" value="d:\Tools\checkstyle\" />
    <property name="sun.management.compiler" value="HotSpot 64-Bit Server Compiler" />
    <property name="manifest_file_path" value="build/dist/reliability_calculator-1.0.0/META-INF/" />
    <property name="verbose" value="no" />
    <property name="command_line_utility.jar" value="d:\tcs\java\lib/tcs/command_line_utility/1.0/command_line_utility.jar" />
    <property name="os.name" value="Windows 7" />
    <property name="sun.boot.class.path" value="C:\Program Files\Java\jdk1.6.0_21\jre\lib\resources.jar;C:\Program Files\Java\jdk1.6.0_21\jre\lib\rt.jar;C:\Program Files\Java\jdk1.6.0_21\jre\lib\sunrsasign.jar;C:\Program Files\Java\jdk1.6.0_21\jre\lib\jsse.jar;C:\Program Files\Java\jdk1.6.0_21\jre\lib\jce.jar;C:\Program Files\Java\jdk1.6.0_21\jre\lib\charsets.jar;C:\Program Files\Java\jdk1.6.0_21\jre\classes" />
    <property name="docsdir" value="docs" />
    <property name="javadoc.jar" value="javadocs.jar" />
    <property name="design_submission.jar" value="reliability_calculator_1.0.0_design_submission.jar" />
    <property name="sun.desktop" value="windows" />
    <property name="component.tests.jar" value="build/dist/lib/tcs/reliability_calculator_tests.jar" />
    <property name="object_formatter.jar" value="d:\tcs\java\lib/tcs/object_formatter/1.0.0/object_formatter.jar" />
    <property name="java.vm.specification.vendor" value="Sun Microsystems Inc." />
    <property name="net.sourceforge.cobertura.datafile" value="D:\review\79389\log\cobertura.ser" />
    <property name="ant.home" value="d:\Tools\ant\bin\.." />
    <property name="java.runtime.version" value="1.6.0_21-b07" />
    <property name="component_path" value="reliability_calculator/1.0.0" />
    <property name="cobertura.dir" value="d:\Tools\cobertura-1.9.4.1" />
    <property name="component.version.micro" value="0" />
    <property name="user.name" value="Yeung" />
    <property name="manifest_file" value="build/dist/reliability_calculator-1.0.0/META-INF//MANIFEST.MF" />
    <property name="logging_wrapper.jar" value="d:\tcs\java\lib/tcs/logging_wrapper/2.0.0/logging_wrapper.jar" />
    <property name="debug" value="off" />
    <property name="reports" value="log/reports" />
    <property name="testfiles" value="test_files" />
    <property name="component.version.major" value="1" />
    <property name="component_version" value="1.0.0" />
    <property name="dist_coverage" value="build/dist/reliability_calculator-1.0.0/docs/coverage" />
    <property name="component.packagedir" value="com/topcoder/reliability" />
    <property name="user.language" value="en" />
    <property name="cobertura.datafile" value="log/cobertura.ser" />
    <property name="javadoc.locale" value="en_US" />
    <property name="sun.boot.library.path" value="C:\Program Files\Java\jdk1.6.0_21\jre\bin" />
    <property name="configuration_persistence.jar" value="d:\tcs\java\lib/tcs/configuration_persistence/1.0.2/configuration_persistence.jar" />
    <property name="tcs_libdir" value="d:\tcs\java\lib/tcs" />
    <property name="srcdir" value="src" />
    <property name="ant.project.name" value="TopCoder Java Generic Build" />
    <property name="component.bootclasspath" value="${java_1_x_bootclasspath}" />
    <property name="component.version.minor" value="0" />
    <property name="java.version" value="1.6.0_21" />
    <property name="user.timezone" value="" />
    <property name="dev_dist.jar" value="reliability_calculator_1.0.0_dev_dist.jar" />
    <property name="sun.arch.data.model" value="64" />
    <property name="cobertura.format" value="html" />
    <property name="java.endorsed.dirs" value="C:\Program Files\Java\jdk1.6.0_21\jre\lib\endorsed" />
    <property name="sun.cpu.isalist" value="amd64" />
    <property name="packagedir" value="com/topcoder/reliability" />
    <property name="sun.jnu.encoding" value="GBK" />
    <property name="checkstyle.tc.tests" value="d:\Tools\checkstyle\/tc_test_checks-1.5.xml" />
    <property name="file.encoding.pkg" value="sun.io" />
    <property name="file.separator" value="\" />
    <property name="java.specification.name" value="Java Platform API Specification" />
    <property name="build_docsdir" value="build/docs" />
    <property name="dev_submission.jar" value="reliability_calculator_1.0.0_dev_submission.jar" />
    <property name="java.class.version" value="50.0" />
    <property name="db_connection_factory.jar" value="d:\tcs\java\lib/tcs/db_connection_factory/1.1/db_connection_factory.jar" />
    <property name="build_testclassdir" value="build/testClasses" />
    <property name="user.country" value="US" />
    <property name="java.home" value="C:\Program Files\Java\jdk1.6.0_21\jre" />
    <property name="component.distfilename" value="reliability_calculator" />
    <property name="component.version.build" value="1" />
    <property name="java.vm.info" value="mixed mode" />
    <property name="ant.file" value="D:\review\79389\build.xml" />
    <property name="os.version" value="6.1" />
    <property name="build_distdir" value="build/dist" />
    <property name="dist_docpackage" value="build/doc_package" />
    <property name="ifxjdbc.jar" value="d:\tcs\java\lib/third_party/ifxjdbc.jar" />
    <property name="build_tcsdistdir" value="build/dist/reliability_calculator-1.0.0" />
    <property name="path.separator" value=";" />
    <property name="java.vm.version" value="17.0-b17" />
    <property name="testlogdir" value="log" />
    <property name="user.variant" value="" />
    <property name="ant.library.dir" value="D:\Tools\ant\lib" />
    <property name="checkstyle.tc" value="d:\Tools\checkstyle\/tc_checks-1.5.xml" />
    <property name="component.name" value="Reliability Calculator" />
    <property name="base_exception.jar" value="d:\tcs\java\lib/tcs/base_exception/2.0.0/base_exception.jar" />
    <property name="javamain" value="src/java/main" />
    <property name="dist_javadocs" value="build/dist/reliability_calculator-1.0.0/docs/javadocs" />
    <property name="dist_lib" value="build/dist/lib/tcs" />
    <property name="java.awt.printerjob" value="sun.awt.windows.WPrinterJob" />
    <property name="sun.io.unicode.encoding" value="UnicodeLittle" />
    <property name="component" value="Reliability Calculator" />
    <property name="awt.toolkit" value="sun.awt.windows.WToolkit" />
    <property name="user.home" value="C:\Users\Yeung" />
    <property name="object_factory_configuration_api_plugin.jar" value="d:\tcs\java\lib/tcs/object_factory_configuration_api_plugin/1.0.0/object_factory_configuration_api_plugin.jar" />
    <property name="java.specification.vendor" value="Sun Microsystems Inc." />
    <property name="object_factory.jar" value="d:\tcs\java\lib/tcs/object_factory/2.0.1/object_factory.jar" />
    <property name="java.library.path" value="C:\Program Files\Java\jdk1.6.0_21\jre\bin;.;C:\Windows\Sun\Java\bin;C:\Windows\system32;C:\Windows;c:\Program Files (x86)\Microsoft Visual Studio 9.0\Common7\IDE;c:\Program Files (x86)\Microsoft Visual Studio 9.0\VC\BIN;c:\Program Files (x86)\Microsoft Visual Studio 9.0\Common7\Tools;c:\Windows\Microsoft.NET\Framework\v3.5;c:\Windows\Microsoft.NET\Framework\v2.0.50727;c:\Program Files (x86)\Microsoft Visual Studio 9.0\VC\VCPackages;C:\Program Files\Microsoft SDKs\Windows\v6.0A\bin;C:\Program Files\IBM\Informix\11.70\bin;C:\Program Files\ibm\gsk8\lib64;C:\Program Files\ibm\gsk8\bin;C:\Windows\system32;C:\Windows;C:\Windows\System32\Wbem;C:\Windows\System32\WindowsPowerShell\v1.0\;c:\Program Files (x86)\Java\jre6\bin;C:\Program Files\TortoiseSVN\bin;C:\Program Files (x86)\ATI Technologies\ATI.ACE\Core-Static;d:\Tools\ant\bin;c:\Program Files (x86)\Microsoft SQL Server\100\Tools\Binn\VSShell\Common7\IDE\;c:\Program Files (x86)\Microsoft SQL Server\100\Tools\Binn\;c:\Program Files\Microsoft SQL Server\100\Tools\Binn\;c:\Program Files (x86)\Microsoft SQL Server\100\DTS\Binn\;C:\Program Files (x86)\Common Files\Thunder Network\KanKan\Codecs;C:\Program Files\NCover\" />
    <property name="java.vendor.url" value="http://java.sun.com/" />
    <property name="build_javadocsdir" value="build/docs/javadocs" />
    <property name="configdir" value="conf" />
    <property name="java.vm.vendor" value="Sun Microsystems Inc." />
    <property name="ant.file.TopCoder Java Generic Build" value="D:\review\79389\build.xml" />
    <property name="java.runtime.name" value="Java(TM) SE Runtime Environment" />
    <property name="ant.version" value="Apache Ant version 1.7.1 compiled on June 27 2008" />
    <property name="java.class.path" value="D:\review\79389\build\instrumented;D:\review\79389\build\testClasses;d:\tcs\java\lib\third_party\junit\junit-4.8.2.jar;d:\tcs\java\lib\third_party\ifxjdbc.jar;d:\tcs\java\lib\tcs\base_exception\2.0.0\base_exception.jar;d:\tcs\java\lib\tcs\configuration_api\1.0.0\configuration_api.jar;d:\tcs\java\lib\tcs\configuration_persistence\1.0.2\configuration_persistence.jar;d:\tcs\java\lib\tcs\logging_wrapper\2.0.0\logging_wrapper.jar;d:\tcs\java\lib\tcs\command_line_utility\1.0\command_line_utility.jar;d:\tcs\java\lib\tcs\db_connection_factory\1.1\db_connection_factory.jar;d:\tcs\java\lib\tcs\object_factory\2.0.1\object_factory.jar;d:\tcs\java\lib\tcs\object_factory_configuration_api_plugin\1.0.0\object_factory_configuration_api_plugin.jar;d:\tcs\java\lib\tcs\configuration_manager\2.1.5\configuration_manager.jar;d:\tcs\java\lib\tcs\object_formatter\1.0.0\object_formatter.jar;d:\tcs\java\lib\tcs\typesafe_enum\1.1.0\typesafe_enum.jar;D:\review\79389\build\classes;D:\review\79389\test_files;d:\Tools\cobertura-1.9.4.1\cobertura.jar;d:\Tools\cobertura-1.9.4.1\lib\asm-3.0.jar;d:\Tools\cobertura-1.9.4.1\lib\asm-tree-3.0.jar;d:\Tools\cobertura-1.9.4.1\lib\jakarta-oro-2.0.8.jar;d:\Tools\cobertura-1.9.4.1\lib\log4j-1.2.9.jar;D:\Tools\ant\lib\ant-launcher.jar;D:\Tools\ant\lib\ant.jar;D:\Tools\ant\lib\ant-junit.jar" />
    <property name="configuration_manager.jar" value="d:\tcs\java\lib/tcs/configuration_manager/2.1.5/configuration_manager.jar" />
    <property name="ext_libdir" value="d:\tcs\java\lib/third_party" />
    <property name="builddir" value="build" />
    <property name="java.vm.specification.name" value="Java Virtual Machine Specification" />
    <property name="java.vm.specification.version" value="1.0" />
    <property name="junit.jar" value="d:\tcs\java\lib/third_party/junit/junit-4.8.2.jar" />
    <property name="component.dist.jar" value="build/dist/reliability_calculator-1.0.0.jar" />
    <property name="sun.os.patch.level" value="" />
    <property name="sun.cpu.endian" value="little" />
    <property name="component.mainclass" value="" />
    <property name="java.io.tmpdir" value="C:\Users\Yeung\AppData\Local\Temp\" />
    <property name="component.target" value="1.x" />
    <property name="java.vendor.url.bug" value="http://java.sun.com/cgi-bin/bugreport.cgi" />
    <property name="build_targetclassdir" value="build/targetclasses" />
    <property name="javac.encoding" value="UTF-8" />
    <property name="build_classdir" value="build/classes" />
    <property name="javatests" value="src/java/tests" />
    <property name="javadocsdir" value="docs/javadocs" />
    <property name="java.awt.graphicsenv" value="sun.awt.Win32GraphicsEnvironment" />
    <property name="os.arch" value="amd64" />
    <property name="instrumented.dir" value="build/instrumented" />
    <property name="test_reflib" value="test_reflib" />
    <property name="typesafe_enum.jar" value="d:\tcs\java\lib/tcs/typesafe_enum/1.1.0/typesafe_enum.jar" />
    <property name="java.ext.dirs" value="C:\Program Files\Java\jdk1.6.0_21\jre\lib\ext;C:\Windows\Sun\Java\lib\ext" />
    <property name="user.dir" value="D:\review\79389" />
    <property name="design_dist.jar" value="reliability_calculator_1.0.0_design_dist.jar" />
    <property name="libdir" value="d:\tcs\java\lib" />
    <property name="javasrc" value="src/java" />
    <property name="line.separator" value="
" />
    <property name="java.vm.name" value="Java HotSpot(TM) 64-Bit Server VM" />
    <property name="distfilename" value="reliability_calculator" />
    <property name="basedir" value="D:\review\79389" />
    <property name="ant.java.version" value="1.6" />
    <property name="configuration_api.jar" value="d:\tcs\java\lib/tcs/configuration_api/1.0.0/configuration_api.jar" />
    <property name="ant.core.lib" value="D:\Tools\ant\lib\ant.jar" />
    <property name="file.encoding" value="Cp1252" />
    <property name="dist_docs" value="build/dist/reliability_calculator-1.0.0/docs" />
    <property name="component.jar" value="build/dist/lib/tcs/reliability_calculator/1.0.0/reliability_calculator.jar" />
    <property name="java.specification.version" value="1.6" />
    <property name="target_libdir" value="d:\tcs\java\lib/tcs" />
    <property name="component.package" value="com.topcoder.reliability" />
    <property name="ant.file.Dependency Import" value="D:\review\79389\build-dependencies.xml" />
  </properties>
  <testcase classname="com.topcoder.reliability.Demo" name="testDemo" time="0.768" />
  <testcase classname="com.topcoder.reliability.HelperUnitTests" name="test_checkNull_Null" time="0.013" />
  <testcase classname="com.topcoder.reliability.HelperUnitTests" name="test_checkNull" time="0.011" />
  <testcase classname="com.topcoder.reliability.HelperUnitTests" name="test_checkPositive_Negative" time="0.012" />
  <testcase classname="com.topcoder.reliability.HelperUnitTests" name="test_checkPositive" time="0.01" />
  <testcase classname="com.topcoder.reliability.HelperUnitTests" name="test_checkList_Null" time="0.011" />
  <testcase classname="com.topcoder.reliability.HelperUnitTests" name="test_checkList" time="0.01" />
  <testcase classname="com.topcoder.reliability.HelperUnitTests" name="test_checkState_Invalid" time="0.013" />
  <testcase classname="com.topcoder.reliability.HelperUnitTests" name="test_checkState" time="0.01" />
  <testcase classname="com.topcoder.reliability.HelperUnitTests" name="test_getLog" time="0.0090" />
  <testcase classname="com.topcoder.reliability.HelperUnitTests" name="test_getChildConfig" time="0.01" />
  <testcase classname="com.topcoder.reliability.HelperUnitTests" name="test_getProperty" time="0.0090" />
  <testcase classname="com.topcoder.reliability.HelperUnitTests" name="test_getPropertyValues" time="0.0090" />
  <testcase classname="com.topcoder.reliability.HelperUnitTests" name="test_getPropertyPositiveValues_Invalid1" time="0.011" />
  <testcase classname="com.topcoder.reliability.HelperUnitTests" name="test_getPropertyPositiveValues_Invalid2" time="0.0090" />
  <testcase classname="com.topcoder.reliability.HelperUnitTests" name="test_getPropertyPositiveValues_Invalid3" time="0.0090" />
  <testcase classname="com.topcoder.reliability.HelperUnitTests" name="test_getPropertyPositiveValues" time="0.01" />
  <testcase classname="com.topcoder.reliability.HelperUnitTests" name="test_getObjectFactory" time="0.0080" />
  <testcase classname="com.topcoder.reliability.HelperUnitTests" name="test_createObject1" time="0.013" />
  <testcase classname="com.topcoder.reliability.HelperUnitTests" name="test_createObject_Error1" time="0.0080" />
  <testcase classname="com.topcoder.reliability.HelperUnitTests" name="test_createObject2" time="0.0080" />
  <testcase classname="com.topcoder.reliability.HelperUnitTests" name="test_logEntrance_1" time="0.0080" />
  <testcase classname="com.topcoder.reliability.HelperUnitTests" name="test_logEntrance_2" time="0.0080" />
  <testcase classname="com.topcoder.reliability.HelperUnitTests" name="test_logEntrance_3" time="0.0070" />
  <testcase classname="com.topcoder.reliability.HelperUnitTests" name="test_logExit_1" time="0.0070" />
  <testcase classname="com.topcoder.reliability.HelperUnitTests" name="test_logExit_2" time="0.0070" />
  <testcase classname="com.topcoder.reliability.HelperUnitTests" name="test_logExit_3" time="0.0080" />
  <testcase classname="com.topcoder.reliability.HelperUnitTests" name="test_logException_1" time="0.0090" />
  <testcase classname="com.topcoder.reliability.HelperUnitTests" name="test_logException_2" time="0.0070" />
  <testcase classname="com.topcoder.reliability.ReliabilityCalculationUtilityUnitTests" name="test_main_1" time="0.734" />
  <testcase classname="com.topcoder.reliability.ReliabilityCalculationUtilityUnitTests" name="test_main_2" time="0.534" />
  <testcase classname="com.topcoder.reliability.ReliabilityCalculationUtilityUnitTests" name="test_main_Helpe_1" time="0.67" />
  <testcase classname="com.topcoder.reliability.ReliabilityCalculationUtilityUnitTests" name="test_main_Helpe_2" time="0.05" />
  <testcase classname="com.topcoder.reliability.ReliabilityCalculationUtilityUnitTests" name="test_main_Helpe_3" time="0.049" />
  <testcase classname="com.topcoder.reliability.ReliabilityCalculationUtilityUnitTests" name="test_main_Helpe_4" time="0.048" />
  <testcase classname="com.topcoder.reliability.ReliabilityCalculationUtilityUnitTests" name="test_main_cIncorrect" time="0.05" />
  <testcase classname="com.topcoder.reliability.ReliabilityCalculationUtilityUnitTests" name="test_main_pcIncorrect" time="0.057" />
  <testcase classname="com.topcoder.reliability.ReliabilityCalculationUtilityUnitTests" name="test_main_uIncorrect" time="0.062" />
  <testcase classname="com.topcoder.reliability.impl.ReliabilityCalculatorImplUnitTests" name="testCtor" time="0.059" />
  <testcase classname="com.topcoder.reliability.impl.ReliabilityCalculatorImplUnitTests" name="test_configure_1" time="0.066" />
  <testcase classname="com.topcoder.reliability.impl.ReliabilityCalculatorImplUnitTests" name="test_configure_2" time="0.058" />
  <testcase classname="com.topcoder.reliability.impl.ReliabilityCalculatorImplUnitTests" name="test_configure_configNull" time="0.056" />
  <testcase classname="com.topcoder.reliability.impl.ReliabilityCalculatorImplUnitTests" name="test_configure_loggerNameNotString" time="0.061" />
  <testcase classname="com.topcoder.reliability.impl.ReliabilityCalculatorImplUnitTests" name="test_configure_loggerNameEmpty" time="0.09" />
  <testcase classname="com.topcoder.reliability.impl.ReliabilityCalculatorImplUnitTests" name="test_configure_reliabilityStartDateMissing" time="0.105" />
  <testcase classname="com.topcoder.reliability.impl.ReliabilityCalculatorImplUnitTests" name="test_configure_reliabilityStartDateEmpty" time="0.07" />
  <testcase classname="com.topcoder.reliability.impl.ReliabilityCalculatorImplUnitTests" name="test_configure_reliabilityStartDateInvalid" time="0.064" />
  <testcase classname="com.topcoder.reliability.impl.ReliabilityCalculatorImplUnitTests" name="test_configure_projectCategoryConfigMissing" time="0.064" />
  <testcase classname="com.topcoder.reliability.impl.ReliabilityCalculatorImplUnitTests" name="test_calculate_1" time="0.507" />
  <testcase classname="com.topcoder.reliability.impl.ReliabilityCalculatorImplUnitTests" name="test_calculate_2" time="0.087" />
  <testcase classname="com.topcoder.reliability.impl.ReliabilityCalculatorImplUnitTests" name="test_calculate_projectCategoryIdNegative" time="0.05" />
  <testcase classname="com.topcoder.reliability.impl.ReliabilityCalculatorImplUnitTests" name="test_calculate_projectCategoryIdZero" time="0.05" />
  <testcase classname="com.topcoder.reliability.impl.ReliabilityCalculatorImplUnitTests" name="test_calculate_NotConfigured" time="0.05" />
  <testcase classname="com.topcoder.reliability.impl.ReliabilityCalculatorImplUnitTests" name="test_calculate_Error1" time="0.062" />
  <testcase classname="com.topcoder.reliability.impl.ReliabilityCalculatorImplUnitTests" name="test_calculate_Error2" time="0.051" />
  <testcase classname="com.topcoder.reliability.impl.BaseUserProjectDataUnitTests" name="testCtor" time="0.0" />
  <testcase classname="com.topcoder.reliability.impl.BaseUserProjectDataUnitTests" name="test_getProjectId" time="0.0010" />
  <testcase classname="com.topcoder.reliability.impl.BaseUserProjectDataUnitTests" name="test_setProjectId" time="0.0" />
  <testcase classname="com.topcoder.reliability.impl.BaseUserProjectDataUnitTests" name="test_getUserId" time="0.0" />
  <testcase classname="com.topcoder.reliability.impl.BaseUserProjectDataUnitTests" name="test_setUserId" time="0.0" />
  <testcase classname="com.topcoder.reliability.impl.BaseUserProjectDataUnitTests" name="test_getResolutionDate" time="0.0010" />
  <testcase classname="com.topcoder.reliability.impl.BaseUserProjectDataUnitTests" name="test_setResolutionDate" time="0.0" />
  <testcase classname="com.topcoder.reliability.impl.UserProjectParticipationDataUnitTests" name="testCtor" time="0.0010" />
  <testcase classname="com.topcoder.reliability.impl.UserProjectParticipationDataUnitTests" name="test_getProjectStartDate" time="0.0" />
  <testcase classname="com.topcoder.reliability.impl.UserProjectParticipationDataUnitTests" name="test_setProjectStartDate" time="0.0" />
  <testcase classname="com.topcoder.reliability.impl.UserProjectParticipationDataUnitTests" name="test_getUserRegistrationDate" time="0.0" />
  <testcase classname="com.topcoder.reliability.impl.UserProjectParticipationDataUnitTests" name="test_setUserRegistrationDate" time="0.0" />
  <testcase classname="com.topcoder.reliability.impl.UserProjectParticipationDataUnitTests" name="test_getUserScore" time="0.0" />
  <testcase classname="com.topcoder.reliability.impl.UserProjectParticipationDataUnitTests" name="test_setUserScore" time="0.0" />
  <testcase classname="com.topcoder.reliability.impl.UserProjectParticipationDataUnitTests" name="test_isPassedReview" time="0.0" />
  <testcase classname="com.topcoder.reliability.impl.UserProjectParticipationDataUnitTests" name="test_setPassedReview" time="0.0" />
  <testcase classname="com.topcoder.reliability.impl.UserProjectParticipationDataUnitTests" name="test_getSubmissionStatusId" time="0.0" />
  <testcase classname="com.topcoder.reliability.impl.UserProjectParticipationDataUnitTests" name="test_setSubmissionStatusId" time="0.0" />
  <testcase classname="com.topcoder.reliability.impl.UserProjectParticipationDataUnitTests" name="test_getSubmissionPhaseStatusId" time="0.0" />
  <testcase classname="com.topcoder.reliability.impl.UserProjectParticipationDataUnitTests" name="test_setSubmissionPhaseStatusId" time="0.0" />
  <testcase classname="com.topcoder.reliability.impl.UserProjectParticipationDataUnitTests" name="test_getSubmissionPhaseEnd" time="0.0" />
  <testcase classname="com.topcoder.reliability.impl.UserProjectParticipationDataUnitTests" name="test_setSubmissionPhaseEnd" time="0.0" />
  <testcase classname="com.topcoder.reliability.impl.UserProjectParticipationDataUnitTests" name="test_getScreeningPhaseEnd" time="0.0" />
  <testcase classname="com.topcoder.reliability.impl.UserProjectParticipationDataUnitTests" name="test_setScreeningPhaseEnd" time="0.0" />
  <testcase classname="com.topcoder.reliability.impl.UserProjectParticipationDataUnitTests" name="test_getAppealsResponsePhaseEnd" time="0.0" />
  <testcase classname="com.topcoder.reliability.impl.UserProjectParticipationDataUnitTests" name="test_setAppealsResponsePhaseEnd" time="0.0010" />
  <testcase classname="com.topcoder.reliability.impl.UserProjectReliabilityDataUnitTests" name="testCtor" time="0.0010" />
  <testcase classname="com.topcoder.reliability.impl.UserProjectReliabilityDataUnitTests" name="test_getReliabilityBeforeResolution" time="0.0" />
  <testcase classname="com.topcoder.reliability.impl.UserProjectReliabilityDataUnitTests" name="test_setReliabilityBeforeResolution" time="0.0" />
  <testcase classname="com.topcoder.reliability.impl.UserProjectReliabilityDataUnitTests" name="test_getReliabilityAfterResolution" time="0.0" />
  <testcase classname="com.topcoder.reliability.impl.UserProjectReliabilityDataUnitTests" name="test_setReliabilityAfterResolution" time="0.0010" />
  <testcase classname="com.topcoder.reliability.impl.UserProjectReliabilityDataUnitTests" name="test_getReliabilityOnRegistration" time="0.0010" />
  <testcase classname="com.topcoder.reliability.impl.UserProjectReliabilityDataUnitTests" name="test_setReliabilityOnRegistration" time="0.0010" />
  <testcase classname="com.topcoder.reliability.impl.UserProjectReliabilityDataUnitTests" name="test_isReliable" time="0.0" />
  <testcase classname="com.topcoder.reliability.impl.UserProjectReliabilityDataUnitTests" name="test_setReliable" time="0.0010" />
  <testcase classname="com.topcoder.reliability.impl.calculators.BaseUserReliabilityCalculatorUnitTests" name="test_getLog" time="0.0010" />
  <testcase classname="com.topcoder.reliability.impl.calculators.BaseUserReliabilityCalculatorUnitTests" name="testCtor" time="0.0010" />
  <testcase classname="com.topcoder.reliability.impl.calculators.BaseUserReliabilityCalculatorUnitTests" name="test_configure_1" time="0.0" />
  <testcase classname="com.topcoder.reliability.impl.calculators.BaseUserReliabilityCalculatorUnitTests" name="test_configure_2" time="0.0" />
  <testcase classname="com.topcoder.reliability.impl.calculators.BaseUserReliabilityCalculatorUnitTests" name="test_configure_configNull" time="0.0" />
  <testcase classname="com.topcoder.reliability.impl.calculators.BaseUserReliabilityCalculatorUnitTests" name="test_configure_loggerNameNotString" time="0.0010" />
  <testcase classname="com.topcoder.reliability.impl.calculators.BaseUserReliabilityCalculatorUnitTests" name="test_configure_loggerNameEmpty" time="0.0010" />
  <testcase classname="com.topcoder.reliability.impl.calculators.BaseUserReliabilityCalculatorUnitTests" name="test_calculate_1" time="0.0020" />
  <testcase classname="com.topcoder.reliability.impl.calculators.BaseUserReliabilityCalculatorUnitTests" name="test_calculate_2" time="0.0010" />
  <testcase classname="com.topcoder.reliability.impl.calculators.BaseUserReliabilityCalculatorUnitTests" name="test_calculate_NotConfigured" time="0.0" />
  <testcase classname="com.topcoder.reliability.impl.calculators.BaseUserReliabilityCalculatorUnitTests" name="test_calculate_projectsNull" time="0.0020" />
  <testcase classname="com.topcoder.reliability.impl.calculators.BaseUserReliabilityCalculatorUnitTests" name="test_calculate_projectsEmpty" time="0.0010" />
  <testcase classname="com.topcoder.reliability.impl.calculators.BaseUserReliabilityCalculatorUnitTests" name="test_calculate_projectsContainsNull" time="0.0010" />
  <testcase classname="com.topcoder.reliability.impl.calculators.BaseUserReliabilityCalculatorUnitTests" name="test_calculate_resolutionDateNull" time="0.0010" />
  <testcase classname="com.topcoder.reliability.impl.calculators.BaseUserReliabilityCalculatorUnitTests" name="test_calculate_userRegistrationDateNull" time="0.0010" />
  <testcase classname="com.topcoder.reliability.impl.calculators.BaseUserReliabilityCalculatorUnitTests" name="test_calculate_Error" time="0.0030" />
  <testcase classname="com.topcoder.reliability.impl.calculators.UniformUserReliabilityCalculatorUnitTests" name="testCtor" time="0.0010" />
  <testcase classname="com.topcoder.reliability.impl.calculators.UniformUserReliabilityCalculatorUnitTests" name="test_configure_1" time="0.0" />
  <testcase classname="com.topcoder.reliability.impl.calculators.UniformUserReliabilityCalculatorUnitTests" name="test_configure_2" time="0.0010" />
  <testcase classname="com.topcoder.reliability.impl.calculators.UniformUserReliabilityCalculatorUnitTests" name="test_configure_configNull" time="0.0010" />
  <testcase classname="com.topcoder.reliability.impl.calculators.UniformUserReliabilityCalculatorUnitTests" name="test_configure_loggerNameNotString" time="0.0" />
  <testcase classname="com.topcoder.reliability.impl.calculators.UniformUserReliabilityCalculatorUnitTests" name="test_configure_loggerNameEmpty" time="0.0010" />
  <testcase classname="com.topcoder.reliability.impl.calculators.UniformUserReliabilityCalculatorUnitTests" name="test_configure_historyLengthMissing" time="0.0" />
  <testcase classname="com.topcoder.reliability.impl.calculators.UniformUserReliabilityCalculatorUnitTests" name="test_configure_historyLengthNotString" time="0.0" />
  <testcase classname="com.topcoder.reliability.impl.calculators.UniformUserReliabilityCalculatorUnitTests" name="test_configure_historyLengthNegative" time="0.0" />
  <testcase classname="com.topcoder.reliability.impl.calculators.UniformUserReliabilityCalculatorUnitTests" name="test_configure_historyLengthZero" time="0.0010" />
  <testcase classname="com.topcoder.reliability.impl.calculators.UniformUserReliabilityCalculatorUnitTests" name="test_configure_historyLengthEmpty" time="0.0" />
  <testcase classname="com.topcoder.reliability.impl.calculators.UniformUserReliabilityCalculatorUnitTests" name="test_calculateReliabilityAfterProjects_1" time="0.0010" />
  <testcase classname="com.topcoder.reliability.impl.calculators.UniformUserReliabilityCalculatorUnitTests" name="test_calculateReliabilityAfterProjects_2" time="0.0" />
  <testcase classname="com.topcoder.reliability.impl.calculators.UniformUserReliabilityCalculatorUnitTests" name="test_calculateReliabilityAfterProjects_reliabilityDataNull" time="0.0010" />
  <testcase classname="com.topcoder.reliability.impl.calculators.UniformUserReliabilityCalculatorUnitTests" name="test_calculateReliabilityAfterProjects_reliabilityDataContainsNull" time="0.0" />
  <testcase classname="com.topcoder.reliability.impl.calculators.UniformUserReliabilityCalculatorUnitTests" name="test_calculateReliabilityAfterProjects_NotConfigured" time="0.0010" />
  <testcase classname="com.topcoder.reliability.impl.calculators.WeightedUserReliabilityCalculatorUnitTests" name="testCtor" time="0.0010" />
  <testcase classname="com.topcoder.reliability.impl.calculators.WeightedUserReliabilityCalculatorUnitTests" name="test_configure_1" time="0.0010" />
  <testcase classname="com.topcoder.reliability.impl.calculators.WeightedUserReliabilityCalculatorUnitTests" name="test_configure_2" time="0.0" />
  <testcase classname="com.topcoder.reliability.impl.calculators.WeightedUserReliabilityCalculatorUnitTests" name="test_configure_configNull" time="0.0" />
  <testcase classname="com.topcoder.reliability.impl.calculators.WeightedUserReliabilityCalculatorUnitTests" name="test_configure_loggerNameNotString" time="0.0010" />
  <testcase classname="com.topcoder.reliability.impl.calculators.WeightedUserReliabilityCalculatorUnitTests" name="test_configure_loggerNameEmpty" time="0.0010" />
  <testcase classname="com.topcoder.reliability.impl.calculators.WeightedUserReliabilityCalculatorUnitTests" name="test_calculateReliabilityAfterProjects_1" time="0.0010" />
  <testcase classname="com.topcoder.reliability.impl.calculators.WeightedUserReliabilityCalculatorUnitTests" name="test_calculateReliabilityAfterProjects_2" time="0.0010" />
  <testcase classname="com.topcoder.reliability.impl.calculators.WeightedUserReliabilityCalculatorUnitTests" name="test_calculateReliabilityAfterProjects_reliabilityDataNull" time="0.0" />
  <testcase classname="com.topcoder.reliability.impl.calculators.WeightedUserReliabilityCalculatorUnitTests" name="test_calculateReliabilityAfterProjects_reliabilityDataContainsNull" time="0.0" />
  <testcase classname="com.topcoder.reliability.impl.calculators.WeightedUserReliabilityCalculatorUnitTests" name="test_calculateReliabilityAfterProjects_NotConfigured" time="0.0" />
  <testcase classname="com.topcoder.reliability.impl.calculators.WeightedUserReliabilityCalculatorUnitTests" name="test_configure_weightsMissing" time="0.0010" />
  <testcase classname="com.topcoder.reliability.impl.calculators.WeightedUserReliabilityCalculatorUnitTests" name="test_configure_weightsNull" time="0.0" />
  <testcase classname="com.topcoder.reliability.impl.calculators.WeightedUserReliabilityCalculatorUnitTests" name="test_configure_weightsEmpty" time="0.0010" />
  <testcase classname="com.topcoder.reliability.impl.calculators.WeightedUserReliabilityCalculatorUnitTests" name="test_configure_weightsNotStringArray" time="0.0010" />
  <testcase classname="com.topcoder.reliability.impl.calculators.WeightedUserReliabilityCalculatorUnitTests" name="test_configure_weightsContainsNegative" time="0.0010" />
  <testcase classname="com.topcoder.reliability.impl.calculators.WeightedUserReliabilityCalculatorUnitTests" name="test_configure_weightsContainsZero" time="0.0" />
  <testcase classname="com.topcoder.reliability.impl.calculators.WeightedUserReliabilityCalculatorUnitTests" name="test_configure_weightsContainsEmpty" time="0.0" />
  <testcase classname="com.topcoder.reliability.impl.calculators.WeightedUserReliabilityCalculatorUnitTests" name="test_configure_weightsContainsInvalid" time="0.0010" />
  <testcase classname="com.topcoder.reliability.impl.persistence.DatabaseReliabilityDataPersistenceUnitTests" name="testCtor" time="0.066" />
  <testcase classname="com.topcoder.reliability.impl.persistence.DatabaseReliabilityDataPersistenceUnitTests" name="test_configure_1" time="0.076" />
  <testcase classname="com.topcoder.reliability.impl.persistence.DatabaseReliabilityDataPersistenceUnitTests" name="test_configure_2" time="0.067" />
  <testcase classname="com.topcoder.reliability.impl.persistence.DatabaseReliabilityDataPersistenceUnitTests" name="test_configure_configNull" time="0.065" />
  <testcase classname="com.topcoder.reliability.impl.persistence.DatabaseReliabilityDataPersistenceUnitTests" name="test_configure_loggerNameNotString" time="0.058" />
  <testcase classname="com.topcoder.reliability.impl.persistence.DatabaseReliabilityDataPersistenceUnitTests" name="test_configure_loggerNameEmpty" time="0.059" />
  <testcase classname="com.topcoder.reliability.impl.persistence.DatabaseReliabilityDataPersistenceUnitTests" name="test_configure_dbConnectionFactoryConfigMissing" time="0.058" />
  <testcase classname="com.topcoder.reliability.impl.persistence.DatabaseReliabilityDataPersistenceUnitTests" name="test_configure_dbConnectionFactoryConfigInvalid1" time="0.058" />
  <testcase classname="com.topcoder.reliability.impl.persistence.DatabaseReliabilityDataPersistenceUnitTests" name="test_configure_dbConnectionFactoryConfigInvalid2" time="0.058" />
  <testcase classname="com.topcoder.reliability.impl.persistence.DatabaseReliabilityDataPersistenceUnitTests" name="test_configure_connectionNameNotString" time="0.058" />
  <testcase classname="com.topcoder.reliability.impl.persistence.DatabaseReliabilityDataPersistenceUnitTests" name="test_configure_connectionNameEmpty" time="0.06" />
  <testcase classname="com.topcoder.reliability.impl.persistence.DatabaseReliabilityDataPersistenceUnitTests" name="test_open_1" time="0.057" />
  <testcase classname="com.topcoder.reliability.impl.persistence.DatabaseReliabilityDataPersistenceUnitTests" name="test_open_2" time="0.067" />
  <testcase classname="com.topcoder.reliability.impl.persistence.DatabaseReliabilityDataPersistenceUnitTests" name="test_open_AlreadyOpened" time="0.055" />
  <testcase classname="com.topcoder.reliability.impl.persistence.DatabaseReliabilityDataPersistenceUnitTests" name="test_open_NotConfigured" time="0.057" />
  <testcase classname="com.topcoder.reliability.impl.persistence.DatabaseReliabilityDataPersistenceUnitTests" name="test_open_Error" time="0.064" />
  <testcase classname="com.topcoder.reliability.impl.persistence.DatabaseReliabilityDataPersistenceUnitTests" name="test_getIdsOfUsersWithReliability_1" time="0.064" />
  <testcase classname="com.topcoder.reliability.impl.persistence.DatabaseReliabilityDataPersistenceUnitTests" name="test_getIdsOfUsersWithReliability_2" time="0.069" />
  <testcase classname="com.topcoder.reliability.impl.persistence.DatabaseReliabilityDataPersistenceUnitTests" name="test_getIdsOfUsersWithReliability_projectCategoryIdNegative" time="0.062" />
  <testcase classname="com.topcoder.reliability.impl.persistence.DatabaseReliabilityDataPersistenceUnitTests" name="test_getIdsOfUsersWithReliability_projectCategoryIdZero" time="0.059" />
  <testcase classname="com.topcoder.reliability.impl.persistence.DatabaseReliabilityDataPersistenceUnitTests" name="test_getIdsOfUsersWithReliability_startDateNull" time="0.059" />
  <testcase classname="com.topcoder.reliability.impl.persistence.DatabaseReliabilityDataPersistenceUnitTests" name="test_getIdsOfUsersWithReliability_NotOpened" time="0.058" />
  <testcase classname="com.topcoder.reliability.impl.persistence.DatabaseReliabilityDataPersistenceUnitTests" name="test_getIdsOfUsersWithReliability_NotConfigured" time="0.057" />
  <testcase classname="com.topcoder.reliability.impl.persistence.DatabaseReliabilityDataPersistenceUnitTests" name="test_getIdsOfUsersWithReliability_Error" time="0.062" />
  <testcase classname="com.topcoder.reliability.impl.persistence.DatabaseReliabilityDataPersistenceUnitTests" name="test_getUserParticipationData_1" time="0.479" />
  <testcase classname="com.topcoder.reliability.impl.persistence.DatabaseReliabilityDataPersistenceUnitTests" name="test_getUserParticipationData_2" time="0.065" />
  <testcase classname="com.topcoder.reliability.impl.persistence.DatabaseReliabilityDataPersistenceUnitTests" name="test_getUserParticipationData_userIdNegative" time="0.054" />
  <testcase classname="com.topcoder.reliability.impl.persistence.DatabaseReliabilityDataPersistenceUnitTests" name="test_getUserParticipationData_userIdZero" time="0.053" />
  <testcase classname="com.topcoder.reliability.impl.persistence.DatabaseReliabilityDataPersistenceUnitTests" name="test_getUserParticipationData_projectCategoryIdNegative" time="0.055" />
  <testcase classname="com.topcoder.reliability.impl.persistence.DatabaseReliabilityDataPersistenceUnitTests" name="test_getUserParticipationData_projectCategoryIdZero" time="0.073" />
  <testcase classname="com.topcoder.reliability.impl.persistence.DatabaseReliabilityDataPersistenceUnitTests" name="test_getUserParticipationData_startDateNull" time="0.065" />
  <testcase classname="com.topcoder.reliability.impl.persistence.DatabaseReliabilityDataPersistenceUnitTests" name="test_getUserParticipationData_NotOpened" time="0.073" />
  <testcase classname="com.topcoder.reliability.impl.persistence.DatabaseReliabilityDataPersistenceUnitTests" name="test_getUserParticipationData_NotConfigured" time="0.055" />
  <testcase classname="com.topcoder.reliability.impl.persistence.DatabaseReliabilityDataPersistenceUnitTests" name="test_getUserParticipationData_Error" time="0.057" />
  <testcase classname="com.topcoder.reliability.impl.persistence.DatabaseReliabilityDataPersistenceUnitTests" name="test_saveUserReliabilityData_1" time="0.059" />
  <testcase classname="com.topcoder.reliability.impl.persistence.DatabaseReliabilityDataPersistenceUnitTests" name="test_saveUserReliabilityData_2" time="0.057" />
  <testcase classname="com.topcoder.reliability.impl.persistence.DatabaseReliabilityDataPersistenceUnitTests" name="test_saveUserReliabilityData_projectsNull" time="0.061" />
  <testcase classname="com.topcoder.reliability.impl.persistence.DatabaseReliabilityDataPersistenceUnitTests" name="test_saveUserReliabilityData_projectsEmpty" time="0.056" />
  <testcase classname="com.topcoder.reliability.impl.persistence.DatabaseReliabilityDataPersistenceUnitTests" name="test_saveUserReliabilityData_projectsContainsNull" time="0.051" />
  <testcase classname="com.topcoder.reliability.impl.persistence.DatabaseReliabilityDataPersistenceUnitTests" name="test_saveUserReliabilityData_resolutionDateNull" time="0.057" />
  <testcase classname="com.topcoder.reliability.impl.persistence.DatabaseReliabilityDataPersistenceUnitTests" name="test_saveUserReliabilityData_DifferentUserId" time="0.055" />
  <testcase classname="com.topcoder.reliability.impl.persistence.DatabaseReliabilityDataPersistenceUnitTests" name="test_saveUserReliabilityData_NotOpened" time="0.056" />
  <testcase classname="com.topcoder.reliability.impl.persistence.DatabaseReliabilityDataPersistenceUnitTests" name="test_saveUserReliabilityData_NotConfigured" time="0.057" />
  <testcase classname="com.topcoder.reliability.impl.persistence.DatabaseReliabilityDataPersistenceUnitTests" name="test_saveUserReliabilityData_Error" time="0.058" />
  <testcase classname="com.topcoder.reliability.impl.persistence.DatabaseReliabilityDataPersistenceUnitTests" name="test_updateCurrentUserReliability_1" time="0.068" />
  <testcase classname="com.topcoder.reliability.impl.persistence.DatabaseReliabilityDataPersistenceUnitTests" name="test_updateCurrentUserReliability_2" time="0.066" />
  <testcase classname="com.topcoder.reliability.impl.persistence.DatabaseReliabilityDataPersistenceUnitTests" name="test_updateCurrentUserReliability_userIdNegative" time="0.059" />
  <testcase classname="com.topcoder.reliability.impl.persistence.DatabaseReliabilityDataPersistenceUnitTests" name="test_updateCurrentUserReliability_userIdZero" time="0.073" />
  <testcase classname="com.topcoder.reliability.impl.persistence.DatabaseReliabilityDataPersistenceUnitTests" name="test_updateCurrentUserReliability_projectCategoryIdNegative" time="0.054" />
  <testcase classname="com.topcoder.reliability.impl.persistence.DatabaseReliabilityDataPersistenceUnitTests" name="test_updateCurrentUserReliability_projectCategoryIdZero" time="0.057" />
  <testcase classname="com.topcoder.reliability.impl.persistence.DatabaseReliabilityDataPersistenceUnitTests" name="test_updateCurrentUserReliability_reliabilityInvalid1" time="0.054" />
  <testcase classname="com.topcoder.reliability.impl.persistence.DatabaseReliabilityDataPersistenceUnitTests" name="test_updateCurrentUserReliability_reliabilityInvalid2" time="0.056" />
  <testcase classname="com.topcoder.reliability.impl.persistence.DatabaseReliabilityDataPersistenceUnitTests" name="test_updateCurrentUserReliability_NotOpened" time="0.055" />
  <testcase classname="com.topcoder.reliability.impl.persistence.DatabaseReliabilityDataPersistenceUnitTests" name="test_updateCurrentUserReliability_NotConfigured" time="0.053" />
  <testcase classname="com.topcoder.reliability.impl.persistence.DatabaseReliabilityDataPersistenceUnitTests" name="test_updateCurrentUserReliability_Error" time="0.06" />
  <testcase classname="com.topcoder.reliability.impl.persistence.DatabaseReliabilityDataPersistenceUnitTests" name="test_close" time="0.06" />
  <testcase classname="com.topcoder.reliability.impl.persistence.DatabaseReliabilityDataPersistenceUnitTests" name="test_close_AlreadyClosed" time="0.058" />
  <testcase classname="com.topcoder.reliability.impl.persistence.DatabaseReliabilityDataPersistenceUnitTests" name="test_close_NotConfigured" time="0.057" />
  <testcase classname="com.topcoder.reliability.impl.detectors.PhaseEndTimeBasedResolutionDateDetectorUnitTests" name="testCtor" time="0.0010" />
  <testcase classname="com.topcoder.reliability.impl.detectors.PhaseEndTimeBasedResolutionDateDetectorUnitTests" name="test_configure_1" time="0.0" />
  <testcase classname="com.topcoder.reliability.impl.detectors.PhaseEndTimeBasedResolutionDateDetectorUnitTests" name="test_configure_2" time="0.0" />
  <testcase classname="com.topcoder.reliability.impl.detectors.PhaseEndTimeBasedResolutionDateDetectorUnitTests" name="test_configure_configNull" time="0.0" />
  <testcase classname="com.topcoder.reliability.impl.detectors.PhaseEndTimeBasedResolutionDateDetectorUnitTests" name="test_configure_loggerNameNotString" time="0.0" />
  <testcase classname="com.topcoder.reliability.impl.detectors.PhaseEndTimeBasedResolutionDateDetectorUnitTests" name="test_configure_loggerNameEmpty" time="0.0" />
  <testcase classname="com.topcoder.reliability.impl.detectors.PhaseEndTimeBasedResolutionDateDetectorUnitTests" name="test_detect_1" time="0.0" />
  <testcase classname="com.topcoder.reliability.impl.detectors.PhaseEndTimeBasedResolutionDateDetectorUnitTests" name="test_detect_2" time="0.0" />
  <testcase classname="com.topcoder.reliability.impl.detectors.PhaseEndTimeBasedResolutionDateDetectorUnitTests" name="test_detect_3" time="0.0" />
  <testcase classname="com.topcoder.reliability.impl.detectors.PhaseEndTimeBasedResolutionDateDetectorUnitTests" name="test_detect_4" time="0.0" />
  <testcase classname="com.topcoder.reliability.impl.detectors.PhaseEndTimeBasedResolutionDateDetectorUnitTests" name="test_detect_5" time="0.0" />
  <testcase classname="com.topcoder.reliability.impl.detectors.PhaseEndTimeBasedResolutionDateDetectorUnitTests" name="test_detect_6" time="0.0" />
  <testcase classname="com.topcoder.reliability.impl.detectors.PhaseEndTimeBasedResolutionDateDetectorUnitTests" name="test_detect_7" time="0.0" />
  <testcase classname="com.topcoder.reliability.impl.detectors.PhaseEndTimeBasedResolutionDateDetectorUnitTests" name="test_detect_8" time="0.0" />
  <testcase classname="com.topcoder.reliability.impl.detectors.PhaseEndTimeBasedResolutionDateDetectorUnitTests" name="test_detect_9" time="0.0" />
  <testcase classname="com.topcoder.reliability.impl.detectors.PhaseEndTimeBasedResolutionDateDetectorUnitTests" name="test_detect_dataNull" time="0.0020" />
  <testcase classname="com.topcoder.reliability.impl.comparators.UserProjectParticipationDataResolutionDateBasedComparatorUnitTests" name="testCtor" time="0.0010" />
  <testcase classname="com.topcoder.reliability.impl.comparators.UserProjectParticipationDataResolutionDateBasedComparatorUnitTests" name="test_compare_Equal1" time="0.0010" />
  <testcase classname="com.topcoder.reliability.impl.comparators.UserProjectParticipationDataResolutionDateBasedComparatorUnitTests" name="test_compare_Equal2" time="0.0" />
  <testcase classname="com.topcoder.reliability.impl.comparators.UserProjectParticipationDataResolutionDateBasedComparatorUnitTests" name="test_compare_Equal3" time="0.0" />
  <testcase classname="com.topcoder.reliability.impl.comparators.UserProjectParticipationDataResolutionDateBasedComparatorUnitTests" name="test_compare_Equal4" time="0.0" />
  <testcase classname="com.topcoder.reliability.impl.comparators.UserProjectParticipationDataResolutionDateBasedComparatorUnitTests" name="test_compare_Greater1" time="0.0" />
  <testcase classname="com.topcoder.reliability.impl.comparators.UserProjectParticipationDataResolutionDateBasedComparatorUnitTests" name="test_compare_Greater2" time="0.0" />
  <testcase classname="com.topcoder.reliability.impl.comparators.UserProjectParticipationDataResolutionDateBasedComparatorUnitTests" name="test_compare_Greater3" time="0.0" />
  <testcase classname="com.topcoder.reliability.impl.comparators.UserProjectParticipationDataResolutionDateBasedComparatorUnitTests" name="test_compare_Greater4" time="0.0" />
  <testcase classname="com.topcoder.reliability.impl.comparators.UserProjectParticipationDataResolutionDateBasedComparatorUnitTests" name="test_compare_Less1" time="0.0" />
  <testcase classname="com.topcoder.reliability.impl.comparators.UserProjectParticipationDataResolutionDateBasedComparatorUnitTests" name="test_compare_Less2" time="0.0" />
  <testcase classname="com.topcoder.reliability.impl.comparators.UserProjectParticipationDataResolutionDateBasedComparatorUnitTests" name="test_compare_Less3" time="0.0010" />
  <testcase classname="com.topcoder.reliability.impl.comparators.UserProjectParticipationDataResolutionDateBasedComparatorUnitTests" name="test_compare_Less4" time="0.0" />
  <testcase classname="com.topcoder.reliability.ReliabilityCalculationExceptionUnitTests" name="testInheritance" time="0.0" />
  <testcase classname="com.topcoder.reliability.ReliabilityCalculationExceptionUnitTests" name="testCtor1" time="0.0" />
  <testcase classname="com.topcoder.reliability.ReliabilityCalculationExceptionUnitTests" name="testCtor2" time="0.0010" />
  <testcase classname="com.topcoder.reliability.ReliabilityCalculationExceptionUnitTests" name="testCtor3" time="0.0010" />
  <testcase classname="com.topcoder.reliability.ReliabilityCalculationExceptionUnitTests" name="testCtor4" time="0.0010" />
  <testcase classname="com.topcoder.reliability.ReliabilityCalculatorConfigurationExceptionUnitTests" name="testInheritance" time="0.0" />
  <testcase classname="com.topcoder.reliability.ReliabilityCalculatorConfigurationExceptionUnitTests" name="testCtor1" time="0.0" />
  <testcase classname="com.topcoder.reliability.ReliabilityCalculatorConfigurationExceptionUnitTests" name="testCtor2" time="0.0010" />
  <testcase classname="com.topcoder.reliability.ReliabilityCalculatorConfigurationExceptionUnitTests" name="testCtor3" time="0.0" />
  <testcase classname="com.topcoder.reliability.ReliabilityCalculatorConfigurationExceptionUnitTests" name="testCtor4" time="0.0" />
  <testcase classname="com.topcoder.reliability.ProjectCategoryNotSupportedExceptionUnitTests" name="testInheritance" time="0.0010" />
  <testcase classname="com.topcoder.reliability.ProjectCategoryNotSupportedExceptionUnitTests" name="testCtor1" time="0.0010" />
  <testcase classname="com.topcoder.reliability.ProjectCategoryNotSupportedExceptionUnitTests" name="testCtor2" time="0.0" />
  <testcase classname="com.topcoder.reliability.ProjectCategoryNotSupportedExceptionUnitTests" name="testCtor3" time="0.0" />
  <testcase classname="com.topcoder.reliability.ProjectCategoryNotSupportedExceptionUnitTests" name="testCtor4" time="0.0" />
  <testcase classname="com.topcoder.reliability.ProjectCategoryNotSupportedExceptionUnitTests" name="test_getProjectCategoryId" time="0.0" />
  <testcase classname="com.topcoder.reliability.impl.ReliabilityDataPersistenceExceptionUnitTests" name="testInheritance" time="0.0010" />
  <testcase classname="com.topcoder.reliability.impl.ReliabilityDataPersistenceExceptionUnitTests" name="testCtor1" time="0.0010" />
  <testcase classname="com.topcoder.reliability.impl.ReliabilityDataPersistenceExceptionUnitTests" name="testCtor2" time="0.0010" />
  <testcase classname="com.topcoder.reliability.impl.ReliabilityDataPersistenceExceptionUnitTests" name="testCtor3" time="0.0" />
  <testcase classname="com.topcoder.reliability.impl.ReliabilityDataPersistenceExceptionUnitTests" name="testCtor4" time="0.0" />
  <testcase classname="com.topcoder.reliability.impl.ResolutionDateDetectionExceptionUnitTests" name="testInheritance" time="0.0010" />
  <testcase classname="com.topcoder.reliability.impl.ResolutionDateDetectionExceptionUnitTests" name="testCtor1" time="0.0010" />
  <testcase classname="com.topcoder.reliability.impl.ResolutionDateDetectionExceptionUnitTests" name="testCtor2" time="0.0010" />
  <testcase classname="com.topcoder.reliability.impl.ResolutionDateDetectionExceptionUnitTests" name="testCtor3" time="0.0010" />
  <testcase classname="com.topcoder.reliability.impl.ResolutionDateDetectionExceptionUnitTests" name="testCtor4" time="0.0" />
  <testcase classname="com.topcoder.reliability.impl.UserReliabilityCalculationExceptionUnitTests" name="testInheritance" time="0.0010" />
  <testcase classname="com.topcoder.reliability.impl.UserReliabilityCalculationExceptionUnitTests" name="testCtor1" time="0.0010" />
  <testcase classname="com.topcoder.reliability.impl.UserReliabilityCalculationExceptionUnitTests" name="testCtor2" time="0.0010" />
  <testcase classname="com.topcoder.reliability.impl.UserReliabilityCalculationExceptionUnitTests" name="testCtor3" time="0.0" />
  <testcase classname="com.topcoder.reliability.impl.UserReliabilityCalculationExceptionUnitTests" name="testCtor4" time="0.0" />
  <testcase classname="com.topcoder.reliability.accuracytests.ReliabilityCalculationExceptionAccuracy" name="testReliabilityCalculationException_Str" time="0.0" />
  <testcase classname="com.topcoder.reliability.accuracytests.ReliabilityCalculationExceptionAccuracy" name="testReliabilityCalculationException_Str_Throwable" time="0.0" />
  <testcase classname="com.topcoder.reliability.accuracytests.ReliabilityCalculationExceptionAccuracy" name="testReliabilityCalculationException_Str_Exp" time="0.0" />
  <testcase classname="com.topcoder.reliability.accuracytests.ReliabilityCalculationExceptionAccuracy" name="testReliabilityCalculationException_Str_Throwable_Exp" time="0.0" />
  <testcase classname="com.topcoder.reliability.accuracytests.ReliabilityCalculatorConfigurationExceptionAccuracy" name="testReliabilityCalculatorConfigurationException_Str" time="0.0" />
  <testcase classname="com.topcoder.reliability.accuracytests.ReliabilityCalculatorConfigurationExceptionAccuracy" name="testReliabilityCalculatorConfigurationException_Str_Throwable" time="0.0" />
  <testcase classname="com.topcoder.reliability.accuracytests.ReliabilityCalculatorConfigurationExceptionAccuracy" name="testReliabilityCalculatorConfigurationException_Str_Exp" time="0.0010" />
  <testcase classname="com.topcoder.reliability.accuracytests.ReliabilityCalculatorConfigurationExceptionAccuracy" name="testReliabilityCalculatorConfigurationException_Str_Throwable_Exp" time="0.0010" />
  <testcase classname="com.topcoder.reliability.accuracytests.ProjectCategoryNotSupportedExceptionAccuracy" name="testProjectCategoryNotSupportedException_Str" time="0.0" />
  <testcase classname="com.topcoder.reliability.accuracytests.ProjectCategoryNotSupportedExceptionAccuracy" name="testProjectCategoryNotSupportedException_Str_Throwable" time="0.0" />
  <testcase classname="com.topcoder.reliability.accuracytests.ProjectCategoryNotSupportedExceptionAccuracy" name="testProjectCategoryNotSupportedException_Str_Exp" time="0.0" />
  <testcase classname="com.topcoder.reliability.accuracytests.ProjectCategoryNotSupportedExceptionAccuracy" name="testProjectCategoryNotSupportedException_Str_Throwable_Exp" time="0.0010" />
  <testcase classname="com.topcoder.reliability.accuracytests.ReliabilityDataPersistenceExceptionAccuracy" name="testReliabilityDataPersistenceException_Str" time="0.0" />
  <testcase classname="com.topcoder.reliability.accuracytests.ReliabilityDataPersistenceExceptionAccuracy" name="testReliabilityDataPersistenceException_Str_Throwable" time="0.0" />
  <testcase classname="com.topcoder.reliability.accuracytests.ReliabilityDataPersistenceExceptionAccuracy" name="testReliabilityDataPersistenceException_Str_Exp" time="0.0" />
  <testcase classname="com.topcoder.reliability.accuracytests.ReliabilityDataPersistenceExceptionAccuracy" name="testReliabilityDataPersistenceException_Str_Throwable_Exp" time="0.0" />
  <testcase classname="com.topcoder.reliability.accuracytests.UserReliabilityCalculationExceptionAccuracy" name="testUserReliabilityCalculationException_Str" time="0.0" />
  <testcase classname="com.topcoder.reliability.accuracytests.UserReliabilityCalculationExceptionAccuracy" name="testUserReliabilityCalculationException_Str_Throwable" time="0.0" />
  <testcase classname="com.topcoder.reliability.accuracytests.UserReliabilityCalculationExceptionAccuracy" name="testUserReliabilityCalculationException_Str_Exp" time="0.0010" />
  <testcase classname="com.topcoder.reliability.accuracytests.UserReliabilityCalculationExceptionAccuracy" name="testUserReliabilityCalculationException_Str_Throwable_Exp" time="0.0" />
  <testcase classname="com.topcoder.reliability.accuracytests.ResolutionDateDetectionExceptionAccuracy" name="testResolutionDateDetectionException_Str" time="0.0" />
  <testcase classname="com.topcoder.reliability.accuracytests.ResolutionDateDetectionExceptionAccuracy" name="testResolutionDateDetectionException_Str_Throwable" time="0.0010" />
  <testcase classname="com.topcoder.reliability.accuracytests.ResolutionDateDetectionExceptionAccuracy" name="testResolutionDateDetectionException_Str_Exp" time="0.0010" />
  <testcase classname="com.topcoder.reliability.accuracytests.ResolutionDateDetectionExceptionAccuracy" name="testResolutionDateDetectionException_Str_Throwable_Exp" time="0.0010" />
  <testcase classname="com.topcoder.reliability.accuracytests.BaseUserProjectDataAccuracy" name="testGetProjectId" time="0.0" />
  <testcase classname="com.topcoder.reliability.accuracytests.BaseUserProjectDataAccuracy" name="testSetProjectId" time="0.0" />
  <testcase classname="com.topcoder.reliability.accuracytests.BaseUserProjectDataAccuracy" name="testGetUserId" time="0.0" />
  <testcase classname="com.topcoder.reliability.accuracytests.BaseUserProjectDataAccuracy" name="testSetUserId" time="0.0010" />
  <testcase classname="com.topcoder.reliability.accuracytests.BaseUserProjectDataAccuracy" name="testGetResolutionDate" time="0.0" />
  <testcase classname="com.topcoder.reliability.accuracytests.BaseUserProjectDataAccuracy" name="testSetResolutionDate" time="0.0" />
  <testcase classname="com.topcoder.reliability.accuracytests.UserProjectReliabilityDataAccuracy" name="testCtor" time="0.0" />
  <testcase classname="com.topcoder.reliability.accuracytests.UserProjectReliabilityDataAccuracy" name="testGetResolutionDate" time="0.0" />
  <testcase classname="com.topcoder.reliability.accuracytests.UserProjectReliabilityDataAccuracy" name="testSetResolutionDate" time="0.0" />
  <testcase classname="com.topcoder.reliability.accuracytests.UserProjectReliabilityDataAccuracy" name="testGetReliabilityBeforeResolution" time="0.0" />
  <testcase classname="com.topcoder.reliability.accuracytests.UserProjectReliabilityDataAccuracy" name="testSetReliabilityBeforeResolution" time="0.0" />
  <testcase classname="com.topcoder.reliability.accuracytests.UserProjectReliabilityDataAccuracy" name="testGetReliabilityAfterResolution" time="0.0" />
  <testcase classname="com.topcoder.reliability.accuracytests.UserProjectReliabilityDataAccuracy" name="testSetReliabilityAfterResolution" time="0.0010" />
  <testcase classname="com.topcoder.reliability.accuracytests.UserProjectReliabilityDataAccuracy" name="testGetReliabilityOnRegistration" time="0.0" />
  <testcase classname="com.topcoder.reliability.accuracytests.UserProjectReliabilityDataAccuracy" name="testSetReliabilityOnRegistration" time="0.0" />
  <testcase classname="com.topcoder.reliability.accuracytests.UserProjectReliabilityDataAccuracy" name="testIsReliable" time="0.0010" />
  <testcase classname="com.topcoder.reliability.accuracytests.UserProjectReliabilityDataAccuracy" name="testSetReliable" time="0.0" />
  <testcase classname="com.topcoder.reliability.accuracytests.UserProjectParticipationDataAccuracy" name="testCtor" time="0.0" />
  <testcase classname="com.topcoder.reliability.accuracytests.UserProjectParticipationDataAccuracy" name="testGetProjectStartDate" time="0.0" />
  <testcase classname="com.topcoder.reliability.accuracytests.UserProjectParticipationDataAccuracy" name="testSetProjectStartDate" time="0.0" />
  <testcase classname="com.topcoder.reliability.accuracytests.UserProjectParticipationDataAccuracy" name="testGetUserRegistrationDate" time="0.0" />
  <testcase classname="com.topcoder.reliability.accuracytests.UserProjectParticipationDataAccuracy" name="testSetUserRegistrationDate" time="0.0" />
  <testcase classname="com.topcoder.reliability.accuracytests.UserProjectParticipationDataAccuracy" name="testGetUserScore" time="0.0" />
  <testcase classname="com.topcoder.reliability.accuracytests.UserProjectParticipationDataAccuracy" name="testSetUserScore" time="0.0" />
  <testcase classname="com.topcoder.reliability.accuracytests.UserProjectParticipationDataAccuracy" name="testIsPassedReview" time="0.0010" />
  <testcase classname="com.topcoder.reliability.accuracytests.UserProjectParticipationDataAccuracy" name="testSetPassedReview" time="0.0" />
  <testcase classname="com.topcoder.reliability.accuracytests.UserProjectParticipationDataAccuracy" name="testGetSubmissionStatusId" time="0.0" />
  <testcase classname="com.topcoder.reliability.accuracytests.UserProjectParticipationDataAccuracy" name="testSetSubmissionStatusId" time="0.0010" />
  <testcase classname="com.topcoder.reliability.accuracytests.UserProjectParticipationDataAccuracy" name="testGetSubmissionPhaseStatusId" time="0.0" />
  <testcase classname="com.topcoder.reliability.accuracytests.UserProjectParticipationDataAccuracy" name="testSetSubmissionPhaseStatusId" time="0.0" />
  <testcase classname="com.topcoder.reliability.accuracytests.UserProjectParticipationDataAccuracy" name="testGetSubmissionPhaseEnd" time="0.0" />
  <testcase classname="com.topcoder.reliability.accuracytests.UserProjectParticipationDataAccuracy" name="testSetSubmissionPhaseEnd" time="0.0" />
  <testcase classname="com.topcoder.reliability.accuracytests.UserProjectParticipationDataAccuracy" name="testGetScreeningPhaseEnd" time="0.0" />
  <testcase classname="com.topcoder.reliability.accuracytests.UserProjectParticipationDataAccuracy" name="testSetScreeningPhaseEnd" time="0.0" />
  <testcase classname="com.topcoder.reliability.accuracytests.UserProjectParticipationDataAccuracy" name="testGetAppealsResponsePhaseEnd" time="0.0" />
  <testcase classname="com.topcoder.reliability.accuracytests.UserProjectParticipationDataAccuracy" name="testSetAppealsResponsePhaseEnd" time="0.0" />
  <testcase classname="com.topcoder.reliability.accuracytests.PhaseEndTimeBasedResolutionDateDetectorAccuracy" name="testCtor" time="0.0" />
  <testcase classname="com.topcoder.reliability.accuracytests.PhaseEndTimeBasedResolutionDateDetectorAccuracy" name="testConfigure" time="0.0010" />
  <testcase classname="com.topcoder.reliability.accuracytests.PhaseEndTimeBasedResolutionDateDetectorAccuracy" name="testDetect_InSubmission" time="0.0" />
  <testcase classname="com.topcoder.reliability.accuracytests.PhaseEndTimeBasedResolutionDateDetectorAccuracy" name="testDetect_NoSubmission" time="0.0" />
  <testcase classname="com.topcoder.reliability.accuracytests.PhaseEndTimeBasedResolutionDateDetectorAccuracy" name="testDetect_FailedScreen" time="0.0" />
  <testcase classname="com.topcoder.reliability.accuracytests.PhaseEndTimeBasedResolutionDateDetectorAccuracy" name="testDetect_FailedReview" time="0.0" />
  <testcase classname="com.topcoder.reliability.accuracytests.PhaseEndTimeBasedResolutionDateDetectorAccuracy" name="testDetect_PassReview" time="0.0" />
  <testcase classname="com.topcoder.reliability.accuracytests.PhaseEndTimeBasedResolutionDateDetectorAccuracy" name="testDetect_Other" time="0.0" />
  <testcase classname="com.topcoder.reliability.accuracytests.UserProjectParticipationDataResolutionDateBasedComparatorAccuracy" name="testCtor" time="0.0" />
  <testcase classname="com.topcoder.reliability.accuracytests.UserProjectParticipationDataResolutionDateBasedComparatorAccuracy" name="testcompare" time="0.0010" />
  <testcase classname="com.topcoder.reliability.accuracytests.UserProjectParticipationDataResolutionDateBasedComparatorAccuracy" name="testcompare1" time="0.0" />
  <testcase classname="com.topcoder.reliability.accuracytests.UserProjectParticipationDataResolutionDateBasedComparatorAccuracy" name="testcompare2" time="0.0" />
  <testcase classname="com.topcoder.reliability.accuracytests.UserProjectParticipationDataResolutionDateBasedComparatorAccuracy" name="testcompare3" time="1.0" />
  <testcase classname="com.topcoder.reliability.accuracytests.UserProjectParticipationDataResolutionDateBasedComparatorAccuracy" name="testcompare4" time="1.001" />
  <testcase classname="com.topcoder.reliability.accuracytests.UserProjectParticipationDataResolutionDateBasedComparatorAccuracy" name="testcompare5" time="0.0" />
  <testcase classname="com.topcoder.reliability.accuracytests.UserProjectParticipationDataResolutionDateBasedComparatorAccuracy" name="testcompare6" time="0.0" />
  <testcase classname="com.topcoder.reliability.accuracytests.UserProjectParticipationDataResolutionDateBasedComparatorAccuracy" name="testcompare7" time="0.0" />
  <testcase classname="com.topcoder.reliability.accuracytests.BaseUserReliabilityCalculatorAccuracy" name="testCtor" time="0.0010" />
  <testcase classname="com.topcoder.reliability.accuracytests.BaseUserReliabilityCalculatorAccuracy" name="testConfigure" time="0.0" />
  <testcase classname="com.topcoder.reliability.accuracytests.BaseUserReliabilityCalculatorAccuracy" name="testCalculate" time="0.0" />
  <testcase classname="com.topcoder.reliability.accuracytests.BaseUserReliabilityCalculatorAccuracy" name="testCalculate2" time="0.0" />
  <testcase classname="com.topcoder.reliability.accuracytests.BaseUserReliabilityCalculatorAccuracy" name="testCalculate3" time="0.0010" />
  <testcase classname="com.topcoder.reliability.accuracytests.UniformUserReliabilityCalculatorAccuracy" name="testCtor" time="0.0010" />
  <testcase classname="com.topcoder.reliability.accuracytests.UniformUserReliabilityCalculatorAccuracy" name="testConfigure" time="0.0" />
  <testcase classname="com.topcoder.reliability.accuracytests.UniformUserReliabilityCalculatorAccuracy" name="testCalculate" time="0.0010" />
  <testcase classname="com.topcoder.reliability.accuracytests.UniformUserReliabilityCalculatorAccuracy" name="testCalculate2" time="0.0010" />
  <testcase classname="com.topcoder.reliability.accuracytests.UniformUserReliabilityCalculatorAccuracy" name="testCalculate3" time="0.0" />
  <testcase classname="com.topcoder.reliability.accuracytests.UniformUserReliabilityCalculatorAccuracy" name="testCalculate4" time="0.0" />
  <testcase classname="com.topcoder.reliability.accuracytests.WeightedUserReliabilityCalculatorAccuracy" name="testCtor" time="0.0" />
  <testcase classname="com.topcoder.reliability.accuracytests.WeightedUserReliabilityCalculatorAccuracy" name="testConfigure" time="0.0" />
  <testcase classname="com.topcoder.reliability.accuracytests.WeightedUserReliabilityCalculatorAccuracy" name="testCalculate" time="0.0010" />
  <testcase classname="com.topcoder.reliability.accuracytests.WeightedUserReliabilityCalculatorAccuracy" name="testCalculate2" time="0.0010" />
  <testcase classname="com.topcoder.reliability.accuracytests.WeightedUserReliabilityCalculatorAccuracy" name="testCalculate3" time="0.0" />
  <testcase classname="com.topcoder.reliability.accuracytests.WeightedUserReliabilityCalculatorAccuracy" name="testCalculate4" time="0.0010" />
  <testcase classname="com.topcoder.reliability.accuracytests.WeightedUserReliabilityCalculatorAccuracy" name="testCtor" time="0.0010" />
  <testcase classname="com.topcoder.reliability.accuracytests.WeightedUserReliabilityCalculatorAccuracy" name="testConfigure" time="0.0" />
  <testcase classname="com.topcoder.reliability.accuracytests.WeightedUserReliabilityCalculatorAccuracy" name="testCalculate" time="0.0" />
  <testcase classname="com.topcoder.reliability.accuracytests.WeightedUserReliabilityCalculatorAccuracy" name="testCalculate2" time="0.0" />
  <testcase classname="com.topcoder.reliability.accuracytests.WeightedUserReliabilityCalculatorAccuracy" name="testCalculate3" time="0.0010" />
  <testcase classname="com.topcoder.reliability.accuracytests.WeightedUserReliabilityCalculatorAccuracy" name="testCalculate4" time="0.0" />
  <testcase classname="com.topcoder.reliability.accuracytests.DatabaseReliabilityDataPersistenceAccuracy" name="testCtor" time="0.033" />
  <testcase classname="com.topcoder.reliability.accuracytests.DatabaseReliabilityDataPersistenceAccuracy" name="testConfigure" time="0.033" />
  <testcase classname="com.topcoder.reliability.accuracytests.DatabaseReliabilityDataPersistenceAccuracy" name="testOpenAndClose" time="0.04" />
  <testcase classname="com.topcoder.reliability.accuracytests.DatabaseReliabilityDataPersistenceAccuracy" name="testGetIdsOfUsersWithReliability" time="0.043" />
  <testcase classname="com.topcoder.reliability.accuracytests.DatabaseReliabilityDataPersistenceAccuracy" name="testGetUserParticipationData" time="0.108" />
  <testcase classname="com.topcoder.reliability.accuracytests.DatabaseReliabilityDataPersistenceAccuracy" name="testSaveUserReliabilityData" time="0.033" />
  <testcase classname="com.topcoder.reliability.accuracytests.DatabaseReliabilityDataPersistenceAccuracy" name="testUpdateCurrentUserReliability" time="0.035" />
  <testcase classname="com.topcoder.reliability.accuracytests.ReliabilityCalculatorImplAccuracy" name="testCtor" time="0.077" />
  <testcase classname="com.topcoder.reliability.accuracytests.ReliabilityCalculatorImplAccuracy" name="testConfigure" time="0.026" />
  <testcase classname="com.topcoder.reliability.accuracytests.ReliabilityCalculatorImplAccuracy" name="testCalculate_1" time="0.479" />
  <testcase classname="com.topcoder.reliability.accuracytests.ReliabilityCalculatorImplAccuracy" name="testCalculate_2" time="0.472" />
  <testcase classname="com.topcoder.reliability.accuracytests.ReliabilityCalculatorUtilityAccuracy" name="testMain_NoUpdate" time="0.497" />
  <testcase classname="com.topcoder.reliability.accuracytests.ReliabilityCalculatorUtilityAccuracy" name="testMain_Update" time="0.479" />
  <testcase classname="com.topcoder.reliability.failuretests.impl.ReliabilityCalculatorImplFailureTests" name="testConfigureWithNullConfig" time="0.0040" />
  <testcase classname="com.topcoder.reliability.failuretests.impl.ReliabilityCalculatorImplFailureTests" name="testConfigureWithNonStringLoggerName" time="0.0040" />
  <testcase classname="com.topcoder.reliability.failuretests.impl.ReliabilityCalculatorImplFailureTests" name="testConfigureWithEmptyLoggerName" time="0.0040" />
  <testcase classname="com.topcoder.reliability.failuretests.impl.ReliabilityCalculatorImplFailureTests" name="testConfigureWithMissingReliabilityDataPersistenceKey" time="0.0050" />
  <testcase classname="com.topcoder.reliability.failuretests.impl.ReliabilityCalculatorImplFailureTests" name="testConfigureWithEmptyReliabilityDataPersistenceKey" time="0.0040" />
  <testcase classname="com.topcoder.reliability.failuretests.impl.ReliabilityCalculatorImplFailureTests" name="testConfigureWithUnknownReliabilityDataPersistenceKey" time="0.0050" />
  <testcase classname="com.topcoder.reliability.failuretests.impl.ReliabilityCalculatorImplFailureTests" name="testConfigureWithMissingParticipationDataComparatorKey" time="0.0030" />
  <testcase classname="com.topcoder.reliability.failuretests.impl.ReliabilityCalculatorImplFailureTests" name="testConfigureWithEmptyParticipationDataComparatorKey" time="0.0040" />
  <testcase classname="com.topcoder.reliability.failuretests.impl.ReliabilityCalculatorImplFailureTests" name="testConfigureWithUnknownParticipationDataComparatorKey" time="0.0040" />
  <testcase classname="com.topcoder.reliability.failuretests.impl.ReliabilityCalculatorImplFailureTests" name="testConfigureWithMissingObjectFactoryConfig" time="0.0040" />
  <testcase classname="com.topcoder.reliability.failuretests.impl.ReliabilityCalculatorImplFailureTests" name="testConfigureWithMissingReliabilityDataPersistenceConfig" time="0.0040" />
  <testcase classname="com.topcoder.reliability.failuretests.impl.ReliabilityCalculatorImplFailureTests" name="testConfigureWithMissingProjectCategoryIds" time="0.0040" />
  <testcase classname="com.topcoder.reliability.failuretests.impl.ReliabilityCalculatorImplFailureTests" name="testConfigureWithEmptyProjectCategoryIds" time="0.0030" />
  <testcase classname="com.topcoder.reliability.failuretests.impl.ReliabilityCalculatorImplFailureTests" name="testConfigureWithZeroProjectCategoryId" time="0.0040" />
  <testcase classname="com.topcoder.reliability.failuretests.impl.ReliabilityCalculatorImplFailureTests" name="testConfigureWithNegativeProjectCategoryId" time="0.0030" />
  <testcase classname="com.topcoder.reliability.failuretests.impl.ReliabilityCalculatorImplFailureTests" name="testConfigureWithInvalidProjectCategoryId" time="0.0040" />
  <testcase classname="com.topcoder.reliability.failuretests.impl.ReliabilityCalculatorImplFailureTests" name="testConfigureWithMissingReliabilityStartDate" time="0.0030" />
  <testcase classname="com.topcoder.reliability.failuretests.impl.ReliabilityCalculatorImplFailureTests" name="testConfigureWithEmptyReliabilityStartDate" time="0.0030" />
  <testcase classname="com.topcoder.reliability.failuretests.impl.ReliabilityCalculatorImplFailureTests" name="testConfigureWithMissingUserReliabilityCalculatorKey" time="0.0040" />
  <testcase classname="com.topcoder.reliability.failuretests.impl.ReliabilityCalculatorImplFailureTests" name="testConfigureWithEmptyUserReliabilityCalculatorKey" time="0.0030" />
  <testcase classname="com.topcoder.reliability.failuretests.impl.ReliabilityCalculatorImplFailureTests" name="testConfigureWithMissingResolutionDateDetectorKey" time="0.0040" />
  <testcase classname="com.topcoder.reliability.failuretests.impl.ReliabilityCalculatorImplFailureTests" name="testConfigureWithEmptyResolutionDateDetectorKey" time="0.0040" />
  <testcase classname="com.topcoder.reliability.failuretests.impl.ReliabilityCalculatorImplFailureTests" name="testConfigureWithMissingUserReliabilityCalculatorConfig" time="0.0040" />
  <testcase classname="com.topcoder.reliability.failuretests.impl.ReliabilityCalculatorImplFailureTests" name="testConfigureWithMissingResolutionDateDetectorConfig" time="0.0040" />
  <testcase classname="com.topcoder.reliability.failuretests.impl.ReliabilityCalculatorImplFailureTests" name="testCalculateWithNegativeProjectCategoryId" time="0.0040" />
  <testcase classname="com.topcoder.reliability.failuretests.impl.ReliabilityCalculatorImplFailureTests" name="testCalculateWithZeroProjectCategoryId" time="0.0040" />
  <testcase classname="com.topcoder.reliability.failuretests.impl.ReliabilityCalculatorImplFailureTests" name="testCalculateWithoutConfigured" time="0.0030" />
  <testcase classname="com.topcoder.reliability.failuretests.impl.ReliabilityCalculatorImplFailureTests" name="testCalculateWithUnknownProjectCategoryId" time="0.0040" />
  <testcase classname="com.topcoder.reliability.failuretests.impl.ReliabilityCalculatorImplFailureTests" name="testCalculateWithPersistenceError" time="0.0080" />
  <testcase classname="com.topcoder.reliability.failuretests.impl.detectors.PhaseEndTimeBasedResolutionDateDetectorFailureTests" name="testConfigureWithNullConfig" time="0.0020" />
  <testcase classname="com.topcoder.reliability.failuretests.impl.detectors.PhaseEndTimeBasedResolutionDateDetectorFailureTests" name="testConfigureWithNonStringLoggerName" time="0.0020" />
  <testcase classname="com.topcoder.reliability.failuretests.impl.detectors.PhaseEndTimeBasedResolutionDateDetectorFailureTests" name="testConfigureWithEmptyLoggerName" time="0.0030" />
  <testcase classname="com.topcoder.reliability.failuretests.impl.detectors.PhaseEndTimeBasedResolutionDateDetectorFailureTests" name="testDetectWithNullData" time="0.0040" />
  <testcase classname="com.topcoder.reliability.failuretests.impl.calculators.BaseUserReliabilityCalculatorFailureTests" name="testConfigureWithNullConfig" time="0.0030" />
  <testcase classname="com.topcoder.reliability.failuretests.impl.calculators.BaseUserReliabilityCalculatorFailureTests" name="testConfigureWithNonStringLoggerName" time="0.0020" />
  <testcase classname="com.topcoder.reliability.failuretests.impl.calculators.BaseUserReliabilityCalculatorFailureTests" name="testConfigureWithEmptyLoggerName" time="0.0030" />
  <testcase classname="com.topcoder.reliability.failuretests.impl.calculators.BaseUserReliabilityCalculatorFailureTests" name="testCalculateWithNullProjects" time="0.0030" />
  <testcase classname="com.topcoder.reliability.failuretests.impl.calculators.BaseUserReliabilityCalculatorFailureTests" name="testCalculateWithEmptyProjects" time="0.0030" />
  <testcase classname="com.topcoder.reliability.failuretests.impl.calculators.BaseUserReliabilityCalculatorFailureTests" name="testCalculateWithNullProject" time="0.0020" />
  <testcase classname="com.topcoder.reliability.failuretests.impl.calculators.BaseUserReliabilityCalculatorFailureTests" name="testCalculateWithNullUserRegistrationDate" time="0.0030" />
  <testcase classname="com.topcoder.reliability.failuretests.impl.calculators.BaseUserReliabilityCalculatorFailureTests" name="testCalculateWithNullResolutionDate" time="0.0020" />
  <testcase classname="com.topcoder.reliability.failuretests.impl.calculators.BaseUserReliabilityCalculatorFailureTests" name="testCalculateWithCalculationError" time="0.0030" />
  <testcase classname="com.topcoder.reliability.failuretests.impl.calculators.UniformUserReliabilityCalculatorFailureTests" name="testConfigureWithNullConfig" time="0.0020" />
  <testcase classname="com.topcoder.reliability.failuretests.impl.calculators.UniformUserReliabilityCalculatorFailureTests" name="testConfigureWithNonStringLoggerName" time="0.0020" />
  <testcase classname="com.topcoder.reliability.failuretests.impl.calculators.UniformUserReliabilityCalculatorFailureTests" name="testConfigureWithEmptyLoggerName" time="0.0020" />
  <testcase classname="com.topcoder.reliability.failuretests.impl.calculators.UniformUserReliabilityCalculatorFailureTests" name="testCalculateWithoutConfigured" time="0.0020" />
  <testcase classname="com.topcoder.reliability.failuretests.impl.calculators.UniformUserReliabilityCalculatorFailureTests" name="testConfigureWithZeroHistoryLength" time="0.0020" />
  <testcase classname="com.topcoder.reliability.failuretests.impl.calculators.UniformUserReliabilityCalculatorFailureTests" name="testConfigureWithNegativeHistoryLength" time="0.0020" />
  <testcase classname="com.topcoder.reliability.failuretests.impl.calculators.UniformUserReliabilityCalculatorFailureTests" name="testConfigureWithUnknownHistoryLength" time="0.0020" />
  <testcase classname="com.topcoder.reliability.failuretests.impl.calculators.UniformUserReliabilityCalculatorFailureTests" name="testConfigureWithMissingHistoryLength" time="0.0020" />
  <testcase classname="com.topcoder.reliability.failuretests.impl.calculators.UniformUserReliabilityCalculatorFailureTests" name="testCalculateWithNullReliabilityData" time="0.0020" />
  <testcase classname="com.topcoder.reliability.failuretests.impl.calculators.UniformUserReliabilityCalculatorFailureTests" name="testCalculateWithNullUserProjectReliabilityData" time="0.0020" />
  <testcase classname="com.topcoder.reliability.failuretests.impl.calculators.WeightedUserReliabilityCalculatorFailureTests" name="testConfigureWithNullConfig" time="0.0020" />
  <testcase classname="com.topcoder.reliability.failuretests.impl.calculators.WeightedUserReliabilityCalculatorFailureTests" name="testConfigureWithNonStringLoggerName" time="0.0020" />
  <testcase classname="com.topcoder.reliability.failuretests.impl.calculators.WeightedUserReliabilityCalculatorFailureTests" name="testConfigureWithEmptyLoggerName" time="0.0020" />
  <testcase classname="com.topcoder.reliability.failuretests.impl.calculators.WeightedUserReliabilityCalculatorFailureTests" name="testCalculateWithoutConfigured" time="0.0020" />
  <testcase classname="com.topcoder.reliability.failuretests.impl.calculators.WeightedUserReliabilityCalculatorFailureTests" name="testCalculateWithNullReliabilityData" time="0.0020" />
  <testcase classname="com.topcoder.reliability.failuretests.impl.calculators.WeightedUserReliabilityCalculatorFailureTests" name="testCalculateWithNullUserProjectReliabilityData" time="0.0070" />
  <testcase classname="com.topcoder.reliability.failuretests.impl.calculators.WeightedUserReliabilityCalculatorFailureTests" name="testConfigureWithZeroWeight" time="0.0020" />
  <testcase classname="com.topcoder.reliability.failuretests.impl.calculators.WeightedUserReliabilityCalculatorFailureTests" name="testConfigureWithNegativeWeight" time="0.0020" />
  <testcase classname="com.topcoder.reliability.failuretests.impl.calculators.WeightedUserReliabilityCalculatorFailureTests" name="testConfigureWithUnknownWeight" time="0.0020" />
  <testcase classname="com.topcoder.reliability.failuretests.impl.calculators.WeightedUserReliabilityCalculatorFailureTests" name="testConfigureWithMissingWeights" time="0.0020" />
  <testcase classname="com.topcoder.reliability.failuretests.impl.calculators.WeightedUserReliabilityCalculatorFailureTests" name="testConfigureWithEmptyWeights" time="0.0020" />
  <testcase classname="com.topcoder.reliability.failuretests.impl.persistence.DatabaseReliabilityDataPersistenceFailureTests" name="testConfigureWithNullConfig" time="0.0020" />
  <testcase classname="com.topcoder.reliability.failuretests.impl.persistence.DatabaseReliabilityDataPersistenceFailureTests" name="testConfigureWithNonStringLoggerName" time="0.0020" />
  <testcase classname="com.topcoder.reliability.failuretests.impl.persistence.DatabaseReliabilityDataPersistenceFailureTests" name="testConfigureWithEmptyLoggerName" time="0.0030" />
  <testcase classname="com.topcoder.reliability.failuretests.impl.persistence.DatabaseReliabilityDataPersistenceFailureTests" name="testConfigureWithNonStringConnectionName" time="0.0020" />
  <testcase classname="com.topcoder.reliability.failuretests.impl.persistence.DatabaseReliabilityDataPersistenceFailureTests" name="testConfigureWithEmptyConnectionName" time="0.0020" />
  <testcase classname="com.topcoder.reliability.failuretests.impl.persistence.DatabaseReliabilityDataPersistenceFailureTests" name="testConfigureWithMissingDbConnectionFactoryConfig" time="0.0020" />
  <testcase classname="com.topcoder.reliability.failuretests.impl.persistence.DatabaseReliabilityDataPersistenceFailureTests" name="testOpenWithTwiceCall" time="0.015" />
  <testcase classname="com.topcoder.reliability.failuretests.impl.persistence.DatabaseReliabilityDataPersistenceFailureTests" name="testOpenWithoutConfigured" time="0.0030" />
  <testcase classname="com.topcoder.reliability.failuretests.impl.persistence.DatabaseReliabilityDataPersistenceFailureTests" name="testOpenWithPersistenceError" time="0.0040" />
  <testcase classname="com.topcoder.reliability.failuretests.impl.persistence.DatabaseReliabilityDataPersistenceFailureTests" name="testCloseWithTwiceCall" time="0.012" />
  <testcase classname="com.topcoder.reliability.failuretests.impl.persistence.DatabaseReliabilityDataPersistenceFailureTests" name="testGetIdsOfUsersWithReliabilityWithZeroProjectCategoryId" time="0.012" />
  <testcase classname="com.topcoder.reliability.failuretests.impl.persistence.DatabaseReliabilityDataPersistenceFailureTests" name="testGetIdsOfUsersWithReliabilityWithNegativeProjectCategoryId" time="0.012" />
  <testcase classname="com.topcoder.reliability.failuretests.impl.persistence.DatabaseReliabilityDataPersistenceFailureTests" name="testGetIdsOfUsersWithReliabilityWithNullStartDate" time="0.013" />
  <testcase classname="com.topcoder.reliability.failuretests.impl.persistence.DatabaseReliabilityDataPersistenceFailureTests" name="testGetIdsOfUsersWithReliabilityWithoutOpen" time="0.0040" />
  <testcase classname="com.topcoder.reliability.failuretests.impl.persistence.DatabaseReliabilityDataPersistenceFailureTests" name="testGetIdsOfUsersWithReliabilityWithPersistenceError" time="0.013" />
  <testcase classname="com.topcoder.reliability.failuretests.impl.persistence.DatabaseReliabilityDataPersistenceFailureTests" name="testGetUserParticipationDataWithZeroProjectCategoryId" time="0.012" />
  <testcase classname="com.topcoder.reliability.failuretests.impl.persistence.DatabaseReliabilityDataPersistenceFailureTests" name="testGetUserParticipationDataWithNegativeProjectCategoryId" time="0.012" />
  <testcase classname="com.topcoder.reliability.failuretests.impl.persistence.DatabaseReliabilityDataPersistenceFailureTests" name="testGetUserParticipationDataWithZeroUserId" time="0.012" />
  <testcase classname="com.topcoder.reliability.failuretests.impl.persistence.DatabaseReliabilityDataPersistenceFailureTests" name="testGetUserParticipationDataWithNegativeUserId" time="0.012" />
  <testcase classname="com.topcoder.reliability.failuretests.impl.persistence.DatabaseReliabilityDataPersistenceFailureTests" name="testGetUserParticipationDataWithNullStartDate" time="0.012" />
  <testcase classname="com.topcoder.reliability.failuretests.impl.persistence.DatabaseReliabilityDataPersistenceFailureTests" name="testGetUserParticipationDataWithoutOpen" time="0.0030" />
  <testcase classname="com.topcoder.reliability.failuretests.impl.persistence.DatabaseReliabilityDataPersistenceFailureTests" name="testGetUserParticipationDataWithPersistenceError" time="0.012" />
  <testcase classname="com.topcoder.reliability.failuretests.impl.persistence.DatabaseReliabilityDataPersistenceFailureTests" name="testUpdateCurrentUserReliabilityWithZeroProjectCategoryId" time="0.013" />
  <testcase classname="com.topcoder.reliability.failuretests.impl.persistence.DatabaseReliabilityDataPersistenceFailureTests" name="testUpdateCurrentUserReliabilityWithNegativeProjectCategoryId" time="0.012" />
  <testcase classname="com.topcoder.reliability.failuretests.impl.persistence.DatabaseReliabilityDataPersistenceFailureTests" name="testUpdateCurrentUserReliabilityWithZeroUserId" time="0.012" />
  <testcase classname="com.topcoder.reliability.failuretests.impl.persistence.DatabaseReliabilityDataPersistenceFailureTests" name="testUpdateCurrentUserReliabilityWithNegativeUserId" time="0.012" />
  <testcase classname="com.topcoder.reliability.failuretests.impl.persistence.DatabaseReliabilityDataPersistenceFailureTests" name="testUpdateCurrentUserReliabilityWithNegativeReliability" time="0.012" />
  <testcase classname="com.topcoder.reliability.failuretests.impl.persistence.DatabaseReliabilityDataPersistenceFailureTests" name="testUpdateCurrentUserReliabilityWithReliabilityGreaterThan1" time="0.012" />
  <testcase classname="com.topcoder.reliability.failuretests.impl.persistence.DatabaseReliabilityDataPersistenceFailureTests" name="testUpdateCurrentUserReliabilityWithoutOpen" time="0.0030" />
  <testcase classname="com.topcoder.reliability.failuretests.impl.persistence.DatabaseReliabilityDataPersistenceFailureTests" name="testUpdateCurrentUserReliabilityWithPersistenceError" time="0.012" />
  <testcase classname="com.topcoder.reliability.failuretests.impl.persistence.DatabaseReliabilityDataPersistenceFailureTests" name="testSaveUserReliabilityDataWithNullProjects" time="0.0030" />
  <testcase classname="com.topcoder.reliability.failuretests.impl.persistence.DatabaseReliabilityDataPersistenceFailureTests" name="testSaveUserReliabilityDataWithEmptyProjects" time="0.0030" />
  <testcase classname="com.topcoder.reliability.failuretests.impl.persistence.DatabaseReliabilityDataPersistenceFailureTests" name="testSaveUserReliabilityDataWithNullProject" time="0.0030" />
  <testcase classname="com.topcoder.reliability.failuretests.impl.persistence.DatabaseReliabilityDataPersistenceFailureTests" name="testSaveUserReliabilityDataWithNullResolutionDate" time="0.0030" />
  <testcase classname="com.topcoder.reliability.failuretests.impl.persistence.DatabaseReliabilityDataPersistenceFailureTests" name="testSaveUserReliabilityDataWithDifferentUserId" time="0.0030" />
  <testcase classname="com.topcoder.reliability.failuretests.impl.persistence.DatabaseReliabilityDataPersistenceFailureTests" name="testSaveUserReliabilityDataWithoutOpen" time="0.0030" />
  <testcase classname="com.topcoder.reliability.failuretests.impl.persistence.DatabaseReliabilityDataPersistenceFailureTests" name="testSaveUserReliabilityDataWithPersistenceError" time="0.013" />
  <testcase classname="com.topcoder.reliability.stresstests.BaseUserReliabilityCalculatorStressTest" name="testCalculate_Small" time="0.036" />
  <testcase classname="com.topcoder.reliability.stresstests.BaseUserReliabilityCalculatorStressTest" name="testCalculate_Large" time="2.101" />
  <testcase classname="com.topcoder.reliability.stresstests.DatabaseReliabilityDataPersistenceStressTest" name="testGetIdsOfUsersWithReliability_Large" time="0.198" />
  <testcase classname="com.topcoder.reliability.stresstests.DatabaseReliabilityDataPersistenceStressTest" name="testGetIdsOfUsersWithReliability_Small" time="0.14" />
  <testcase classname="com.topcoder.reliability.stresstests.DatabaseReliabilityDataPersistenceStressTest" name="testGetUserParticipationData_Large" time="0.23" />
  <testcase classname="com.topcoder.reliability.stresstests.DatabaseReliabilityDataPersistenceStressTest" name="testGetUserParticipationData_Small" time="0.14" />
  <testcase classname="com.topcoder.reliability.stresstests.DatabaseReliabilityDataPersistenceStressTest" name="testSaveUserReliabilityData_Small" time="0.536" />
  <testcase classname="com.topcoder.reliability.stresstests.DatabaseReliabilityDataPersistenceStressTest" name="testSaveUserReliabilityData_Large" time="6.516" />
  <testcase classname="com.topcoder.reliability.stresstests.DatabaseReliabilityDataPersistenceStressTest" name="testUpdateCurrentUserReliability_Large" time="0.301" />
  <testcase classname="com.topcoder.reliability.stresstests.DatabaseReliabilityDataPersistenceStressTest" name="testUpdateCurrentUserReliability_Small" time="0.106" />
  <testcase classname="com.topcoder.reliability.stresstests.ReliabilityCalculatorImplStressTest" name="testCalculate_Small" time="0.095" />
  <testcase classname="com.topcoder.reliability.stresstests.ReliabilityCalculatorImplStressTest" name="testCalculate_Large" time="0.316" />
  <testcase classname="com.topcoder.reliability.stresstests.ReliabilityCalculatorImplStressTest" name="testCalculate_SmallLotsOfUsers1" time="6.401" />
  <testcase classname="com.topcoder.reliability.stresstests.ReliabilityCalculatorImplStressTest" name="testCalculate_SmallLotsOfUsers2" time="64.453" />
  <testcase classname="com.topcoder.reliability.stresstests.UniformUserReliabilityCalculatorStressTest" name="testCalculate_Small" time="0.029" />
  <testcase classname="com.topcoder.reliability.stresstests.UniformUserReliabilityCalculatorStressTest" name="testCalculate_Large" time="0.122" />
  <testcase classname="com.topcoder.reliability.stresstests.UserProjectParticipationDataResolutionDateBasedComparatorStressTest" name="testCompare_Small" time="0.0040" />
  <testcase classname="com.topcoder.reliability.stresstests.UserProjectParticipationDataResolutionDateBasedComparatorStressTest" name="testCompare_Large" time="0.0040" />
  <testcase classname="com.topcoder.reliability.stresstests.WeightedUserReliabilityCalculatorStressTest" name="testCalculate_Small" time="0.03" />
  <testcase classname="com.topcoder.reliability.stresstests.WeightedUserReliabilityCalculatorStressTest" name="testCalculate_Large" time="0.123" />
  <testcase classname="com.topcoder.reliability.stresstests.ReliabilityCalculationUtilityStressTest" name="testMain_Small" time="0.484" />
  <testcase classname="com.topcoder.reliability.stresstests.ReliabilityCalculationUtilityStressTest" name="testMain_Large" time="2.289" />
  <system-out><![CDATA[Entering method [com.topcoder.reliability.impl.ReliabilityCalculatorImpl.calculate(long projectCategoryId, boolean updateCurrentReliability)].
Input parameters[projectCategoryId:1, updateCurrentReliability:true]
Entering method [com.topcoder.reliability.impl.persistence.DatabaseReliabilityDataPersistence.open()].
Exiting method [com.topcoder.reliability.impl.persistence.DatabaseReliabilityDataPersistence.open()], time spent in the method: 11 milliseconds.
Entering method [com.topcoder.reliability.impl.persistence.DatabaseReliabilityDataPersistence.getIdsOfUsersWithReliability(long projectCategoryId, Date startDate)].
Input parameters[projectCategoryId:1, startDate:Wed Oct 05 09:00:00 CST 2005]
Exiting method [com.topcoder.reliability.impl.persistence.DatabaseReliabilityDataPersistence.getIdsOfUsersWithReliability(long projectCategoryId, Date startDate)], time spent in the method: 16 milliseconds.
Output parameter: [123456]
Entering method [com.topcoder.reliability.impl.persistence.DatabaseReliabilityDataPersistence.getUserParticipationData(long userId, long projectCategoryId, Date startDate)].
Input parameters[userId:123456, projectCategoryId:1, startDate:Wed Oct 05 09:00:00 CST 2005]
Exiting method [com.topcoder.reliability.impl.persistence.DatabaseReliabilityDataPersistence.getUserParticipationData(long userId, long projectCategoryId, Date startDate)], time spent in the method: 425 milliseconds.
Output parameter: [com.topcoder.reliability.impl.UserProjectParticipationData@2f8a49e0, com.topcoder.reliability.impl.UserProjectParticipationData@1ff82982]
Entering method [com.topcoder.reliability.impl.detectors.PhaseEndTimeBasedResolutionDateDetector.detect(UserProjectParticipationData data)].
Input parameters[data:com.topcoder.reliability.impl.UserProjectParticipationData@2f8a49e0]
Exiting method [com.topcoder.reliability.impl.detectors.PhaseEndTimeBasedResolutionDateDetector.detect(UserProjectParticipationData data)], time spent in the method: 1 milliseconds.
Entering method [com.topcoder.reliability.impl.detectors.PhaseEndTimeBasedResolutionDateDetector.detect(UserProjectParticipationData data)].
Input parameters[data:com.topcoder.reliability.impl.UserProjectParticipationData@1ff82982]
Exiting method [com.topcoder.reliability.impl.detectors.PhaseEndTimeBasedResolutionDateDetector.detect(UserProjectParticipationData data)], time spent in the method: 0 milliseconds.
Entering method [com.topcoder.reliability.impl.calculators.BaseUserReliabilityCalculator.calculate(List<UserProjectParticipationData> projects)].
Input parameters[projects:[com.topcoder.reliability.impl.UserProjectParticipationData@2f8a49e0, com.topcoder.reliability.impl.UserProjectParticipationData@1ff82982]]
Exiting method [com.topcoder.reliability.impl.calculators.BaseUserReliabilityCalculator.calculate(List<UserProjectParticipationData> projects)], time spent in the method: 1 milliseconds.
Output parameter: [com.topcoder.reliability.impl.UserProjectReliabilityData@5d6d2633, com.topcoder.reliability.impl.UserProjectReliabilityData@28e70e30]
Entering method [com.topcoder.reliability.impl.persistence.DatabaseReliabilityDataPersistence.saveUserReliabilityData(List<UserProjectReliabilityData> projects)].
Input parameters[projects:[com.topcoder.reliability.impl.UserProjectReliabilityData@5d6d2633, com.topcoder.reliability.impl.UserProjectReliabilityData@28e70e30]]
Exiting method [com.topcoder.reliability.impl.persistence.DatabaseReliabilityDataPersistence.saveUserReliabilityData(List<UserProjectReliabilityData> projects)], time spent in the method: 7 milliseconds.
Entering method [com.topcoder.reliability.impl.persistence.DatabaseReliabilityDataPersistence.updateCurrentUserReliability(long userId, long projectCategoryId, double reliability)].
Input parameters[userId:123456, projectCategoryId:1, reliability:1.0]
Exiting method [com.topcoder.reliability.impl.persistence.DatabaseReliabilityDataPersistence.updateCurrentUserReliability(long userId, long projectCategoryId, double reliability)], time spent in the method: 5 milliseconds.
Entering method [com.topcoder.reliability.impl.persistence.DatabaseReliabilityDataPersistence.close].
Exiting method [com.topcoder.reliability.impl.persistence.DatabaseReliabilityDataPersistence.close], time spent in the method: 1 milliseconds.
Exiting method [com.topcoder.reliability.impl.ReliabilityCalculatorImpl.calculate(long projectCategoryId, boolean updateCurrentReliability)], time spent in the method: 473 milliseconds.
Entering method [signature].
Entering method [signature].
Input parameters[p1:v1, p2:v2]
Exiting method [signature], time spent in the method: 0 milliseconds.
Exiting method [signature], time spent in the method: 0 milliseconds.
Output parameter: v1
Error in method [signature], details: Log message.
java.lang.Exception: Test
	at com.topcoder.reliability.HelperUnitTests.test_logException_1(HelperUnitTests.java:479)
	at sun.reflect.NativeMethodAccessorImpl.invoke0(Native Method)
	at sun.reflect.NativeMethodAccessorImpl.invoke(NativeMethodAccessorImpl.java:39)
	at sun.reflect.DelegatingMethodAccessorImpl.invoke(DelegatingMethodAccessorImpl.java:25)
	at java.lang.reflect.Method.invoke(Method.java:597)
	at org.junit.runners.model.FrameworkMethod$1.runReflectiveCall(FrameworkMethod.java:44)
	at org.junit.internal.runners.model.ReflectiveCallable.run(ReflectiveCallable.java:15)
	at org.junit.runners.model.FrameworkMethod.invokeExplosively(FrameworkMethod.java:41)
	at org.junit.internal.runners.statements.InvokeMethod.evaluate(InvokeMethod.java:20)
	at org.junit.internal.runners.statements.RunBefores.evaluate(RunBefores.java:28)
	at org.junit.runners.BlockJUnit4ClassRunner.runNotIgnored(BlockJUnit4ClassRunner.java:79)
	at org.junit.runners.BlockJUnit4ClassRunner.runChild(BlockJUnit4ClassRunner.java:71)
	at org.junit.runners.BlockJUnit4ClassRunner.runChild(BlockJUnit4ClassRunner.java:49)
	at org.junit.runners.ParentRunner$3.run(ParentRunner.java:193)
	at org.junit.runners.ParentRunner$1.schedule(ParentRunner.java:52)
	at org.junit.runners.ParentRunner.runChildren(ParentRunner.java:191)
	at org.junit.runners.ParentRunner.access$000(ParentRunner.java:42)
	at org.junit.runners.ParentRunner$2.evaluate(ParentRunner.java:184)
	at org.junit.runners.ParentRunner.run(ParentRunner.java:236)
	at junit.framework.JUnit4TestAdapter.run(JUnit4TestAdapter.java:39)
	at junit.framework.TestSuite.runTest(TestSuite.java:243)
	at junit.framework.TestSuite.run(TestSuite.java:238)
	at junit.framework.TestSuite.runTest(TestSuite.java:243)
	at junit.framework.TestSuite.run(TestSuite.java:238)
	at org.apache.tools.ant.taskdefs.optional.junit.JUnitTestRunner.run(JUnitTestRunner.java:420)
	at org.apache.tools.ant.taskdefs.optional.junit.JUnitTestRunner.launch(JUnitTestRunner.java:911)
	at org.apache.tools.ant.taskdefs.optional.junit.JUnitTestRunner.main(JUnitTestRunner.java:768)

Entering method [com.topcoder.reliability.impl.ReliabilityCalculatorImpl.calculate(long projectCategoryId, boolean updateCurrentReliability)].
Input parameters[projectCategoryId:1, updateCurrentReliability:false]
Entering method [com.topcoder.reliability.impl.persistence.DatabaseReliabilityDataPersistence.open()].
Exiting method [com.topcoder.reliability.impl.persistence.DatabaseReliabilityDataPersistence.open()], time spent in the method: 15 milliseconds.
Entering method [com.topcoder.reliability.impl.persistence.DatabaseReliabilityDataPersistence.getIdsOfUsersWithReliability(long projectCategoryId, Date startDate)].
Input parameters[projectCategoryId:1, startDate:Wed Oct 05 09:00:00 CST 2005]
Exiting method [com.topcoder.reliability.impl.persistence.DatabaseReliabilityDataPersistence.getIdsOfUsersWithReliability(long projectCategoryId, Date startDate)], time spent in the method: 4 milliseconds.
Output parameter: [123456]
Entering method [com.topcoder.reliability.impl.persistence.DatabaseReliabilityDataPersistence.getUserParticipationData(long userId, long projectCategoryId, Date startDate)].
Input parameters[userId:123456, projectCategoryId:1, startDate:Wed Oct 05 09:00:00 CST 2005]
Exiting method [com.topcoder.reliability.impl.persistence.DatabaseReliabilityDataPersistence.getUserParticipationData(long userId, long projectCategoryId, Date startDate)], time spent in the method: 424 milliseconds.
Output parameter: [com.topcoder.reliability.impl.UserProjectParticipationData@79226a77, com.topcoder.reliability.impl.UserProjectParticipationData@427be8c2]
Entering method [com.topcoder.reliability.impl.detectors.PhaseEndTimeBasedResolutionDateDetector.detect(UserProjectParticipationData data)].
Input parameters[data:com.topcoder.reliability.impl.UserProjectParticipationData@79226a77]
Exiting method [com.topcoder.reliability.impl.detectors.PhaseEndTimeBasedResolutionDateDetector.detect(UserProjectParticipationData data)], time spent in the method: 0 milliseconds.
Entering method [com.topcoder.reliability.impl.detectors.PhaseEndTimeBasedResolutionDateDetector.detect(UserProjectParticipationData data)].
Input parameters[data:com.topcoder.reliability.impl.UserProjectParticipationData@427be8c2]
Exiting method [com.topcoder.reliability.impl.detectors.PhaseEndTimeBasedResolutionDateDetector.detect(UserProjectParticipationData data)], time spent in the method: 1 milliseconds.
Entering method [com.topcoder.reliability.impl.calculators.BaseUserReliabilityCalculator.calculate(List<UserProjectParticipationData> projects)].
Input parameters[projects:[com.topcoder.reliability.impl.UserProjectParticipationData@79226a77, com.topcoder.reliability.impl.UserProjectParticipationData@427be8c2]]
Exiting method [com.topcoder.reliability.impl.calculators.BaseUserReliabilityCalculator.calculate(List<UserProjectParticipationData> projects)], time spent in the method: 0 milliseconds.
Output parameter: [com.topcoder.reliability.impl.UserProjectReliabilityData@54ee3aa7, com.topcoder.reliability.impl.UserProjectReliabilityData@644cd580]
Entering method [com.topcoder.reliability.impl.persistence.DatabaseReliabilityDataPersistence.saveUserReliabilityData(List<UserProjectReliabilityData> projects)].
Input parameters[projects:[com.topcoder.reliability.impl.UserProjectReliabilityData@54ee3aa7, com.topcoder.reliability.impl.UserProjectReliabilityData@644cd580]]
Exiting method [com.topcoder.reliability.impl.persistence.DatabaseReliabilityDataPersistence.saveUserReliabilityData(List<UserProjectReliabilityData> projects)], time spent in the method: 5 milliseconds.
Entering method [com.topcoder.reliability.impl.persistence.DatabaseReliabilityDataPersistence.close].
Exiting method [com.topcoder.reliability.impl.persistence.DatabaseReliabilityDataPersistence.close], time spent in the method: 0 milliseconds.
Exiting method [com.topcoder.reliability.impl.ReliabilityCalculatorImpl.calculate(long projectCategoryId, boolean updateCurrentReliability)], time spent in the method: 450 milliseconds.
Entering method [com.topcoder.reliability.impl.ReliabilityCalculatorImpl.calculate(long projectCategoryId, boolean updateCurrentReliability)].
Input parameters[projectCategoryId:2, updateCurrentReliability:false]
Entering method [com.topcoder.reliability.impl.persistence.DatabaseReliabilityDataPersistence.open()].
Exiting method [com.topcoder.reliability.impl.persistence.DatabaseReliabilityDataPersistence.open()], time spent in the method: 10 milliseconds.
Entering method [com.topcoder.reliability.impl.persistence.DatabaseReliabilityDataPersistence.getIdsOfUsersWithReliability(long projectCategoryId, Date startDate)].
Input parameters[projectCategoryId:2, startDate:Wed Oct 05 09:00:00 CST 2005]
Exiting method [com.topcoder.reliability.impl.persistence.DatabaseReliabilityDataPersistence.getIdsOfUsersWithReliability(long projectCategoryId, Date startDate)], time spent in the method: 14 milliseconds.
Output parameter: []
Entering method [com.topcoder.reliability.impl.persistence.DatabaseReliabilityDataPersistence.close].
Exiting method [com.topcoder.reliability.impl.persistence.DatabaseReliabilityDataPersistence.close], time spent in the method: 0 milliseconds.
Exiting method [com.topcoder.reliability.impl.ReliabilityCalculatorImpl.calculate(long projectCategoryId, boolean updateCurrentReliability)], time spent in the method: 25 milliseconds.
Entering method [com.topcoder.reliability.impl.ReliabilityCalculatorImpl.calculate(long projectCategoryId, boolean updateCurrentReliability)].
Input parameters[projectCategoryId:6, updateCurrentReliability:false]
Entering method [com.topcoder.reliability.impl.persistence.DatabaseReliabilityDataPersistence.open()].
Exiting method [com.topcoder.reliability.impl.persistence.DatabaseReliabilityDataPersistence.open()], time spent in the method: 9 milliseconds.
Entering method [com.topcoder.reliability.impl.persistence.DatabaseReliabilityDataPersistence.getIdsOfUsersWithReliability(long projectCategoryId, Date startDate)].
Input parameters[projectCategoryId:6, startDate:Mon Mar 23 00:00:00 CST 2009]
Exiting method [com.topcoder.reliability.impl.persistence.DatabaseReliabilityDataPersistence.getIdsOfUsersWithReliability(long projectCategoryId, Date startDate)], time spent in the method: 4 milliseconds.
Output parameter: []
Entering method [com.topcoder.reliability.impl.persistence.DatabaseReliabilityDataPersistence.close].
Exiting method [com.topcoder.reliability.impl.persistence.DatabaseReliabilityDataPersistence.close], time spent in the method: 1 milliseconds.
Exiting method [com.topcoder.reliability.impl.ReliabilityCalculatorImpl.calculate(long projectCategoryId, boolean updateCurrentReliability)], time spent in the method: 16 milliseconds.
Entering method [com.topcoder.reliability.impl.ReliabilityCalculatorImpl.calculate(long projectCategoryId, boolean updateCurrentReliability)].
Input parameters[projectCategoryId:7, updateCurrentReliability:false]
Entering method [com.topcoder.reliability.impl.persistence.DatabaseReliabilityDataPersistence.open()].
Exiting method [com.topcoder.reliability.impl.persistence.DatabaseReliabilityDataPersistence.open()], time spent in the method: 10 milliseconds.
Entering method [com.topcoder.reliability.impl.persistence.DatabaseReliabilityDataPersistence.getIdsOfUsersWithReliability(long projectCategoryId, Date startDate)].
Input parameters[projectCategoryId:7, startDate:Mon Mar 23 00:00:00 CST 2009]
Exiting method [com.topcoder.reliability.impl.persistence.DatabaseReliabilityDataPersistence.getIdsOfUsersWithReliability(long projectCategoryId, Date startDate)], time spent in the method: 3 milliseconds.
Output parameter: []
Entering method [com.topcoder.reliability.impl.persistence.DatabaseReliabilityDataPersistence.close].
Exiting method [com.topcoder.reliability.impl.persistence.DatabaseReliabilityDataPersistence.close], time spent in the method: 0 milliseconds.
Exiting method [com.topcoder.reliability.impl.ReliabilityCalculatorImpl.calculate(long projectCategoryId, boolean updateCurrentReliability)], time spent in the method: 14 milliseconds.
Entering method [com.topcoder.reliability.impl.ReliabilityCalculatorImpl.calculate(long projectCategoryId, boolean updateCurrentReliability)].
Input parameters[projectCategoryId:13, updateCurrentReliability:false]
Entering method [com.topcoder.reliability.impl.persistence.DatabaseReliabilityDataPersistence.open()].
Exiting method [com.topcoder.reliability.impl.persistence.DatabaseReliabilityDataPersistence.open()], time spent in the method: 11 milliseconds.
Entering method [com.topcoder.reliability.impl.persistence.DatabaseReliabilityDataPersistence.getIdsOfUsersWithReliability(long projectCategoryId, Date startDate)].
Input parameters[projectCategoryId:13, startDate:Mon Mar 23 00:00:00 CST 2009]
Exiting method [com.topcoder.reliability.impl.persistence.DatabaseReliabilityDataPersistence.getIdsOfUsersWithReliability(long projectCategoryId, Date startDate)], time spent in the method: 4 milliseconds.
Output parameter: []
Entering method [com.topcoder.reliability.impl.persistence.DatabaseReliabilityDataPersistence.close].
Exiting method [com.topcoder.reliability.impl.persistence.DatabaseReliabilityDataPersistence.close], time spent in the method: 1 milliseconds.
Exiting method [com.topcoder.reliability.impl.ReliabilityCalculatorImpl.calculate(long projectCategoryId, boolean updateCurrentReliability)], time spent in the method: 16 milliseconds.
Entering method [com.topcoder.reliability.impl.ReliabilityCalculatorImpl.calculate(long projectCategoryId, boolean updateCurrentReliability)].
Input parameters[projectCategoryId:14, updateCurrentReliability:false]
Entering method [com.topcoder.reliability.impl.persistence.DatabaseReliabilityDataPersistence.open()].
Exiting method [com.topcoder.reliability.impl.persistence.DatabaseReliabilityDataPersistence.open()], time spent in the method: 10 milliseconds.
Entering method [com.topcoder.reliability.impl.persistence.DatabaseReliabilityDataPersistence.getIdsOfUsersWithReliability(long projectCategoryId, Date startDate)].
Input parameters[projectCategoryId:14, startDate:Mon Mar 23 00:00:00 CST 2009]
Exiting method [com.topcoder.reliability.impl.persistence.DatabaseReliabilityDataPersistence.getIdsOfUsersWithReliability(long projectCategoryId, Date startDate)], time spent in the method: 4 milliseconds.
Output parameter: []
Entering method [com.topcoder.reliability.impl.persistence.DatabaseReliabilityDataPersistence.close].
Exiting method [com.topcoder.reliability.impl.persistence.DatabaseReliabilityDataPersistence.close], time spent in the method: 0 milliseconds.
Exiting method [com.topcoder.reliability.impl.ReliabilityCalculatorImpl.calculate(long projectCategoryId, boolean updateCurrentReliability)], time spent in the method: 14 milliseconds.
Entering method [com.topcoder.reliability.impl.ReliabilityCalculatorImpl.calculate(long projectCategoryId, boolean updateCurrentReliability)].
Input parameters[projectCategoryId:19, updateCurrentReliability:false]
Entering method [com.topcoder.reliability.impl.persistence.DatabaseReliabilityDataPersistence.open()].
Exiting method [com.topcoder.reliability.impl.persistence.DatabaseReliabilityDataPersistence.open()], time spent in the method: 11 milliseconds.
Entering method [com.topcoder.reliability.impl.persistence.DatabaseReliabilityDataPersistence.getIdsOfUsersWithReliability(long projectCategoryId, Date startDate)].
Input parameters[projectCategoryId:19, startDate:Mon Mar 23 00:00:00 CST 2009]
Exiting method [com.topcoder.reliability.impl.persistence.DatabaseReliabilityDataPersistence.getIdsOfUsersWithReliability(long projectCategoryId, Date startDate)], time spent in the method: 3 milliseconds.
Output parameter: []
Entering method [com.topcoder.reliability.impl.persistence.DatabaseReliabilityDataPersistence.close].
Exiting method [com.topcoder.reliability.impl.persistence.DatabaseReliabilityDataPersistence.close], time spent in the method: 1 milliseconds.
Exiting method [com.topcoder.reliability.impl.ReliabilityCalculatorImpl.calculate(long projectCategoryId, boolean updateCurrentReliability)], time spent in the method: 15 milliseconds.
Entering method [com.topcoder.reliability.impl.ReliabilityCalculatorImpl.calculate(long projectCategoryId, boolean updateCurrentReliability)].
Input parameters[projectCategoryId:23, updateCurrentReliability:false]
Entering method [com.topcoder.reliability.impl.persistence.DatabaseReliabilityDataPersistence.open()].
Exiting method [com.topcoder.reliability.impl.persistence.DatabaseReliabilityDataPersistence.open()], time spent in the method: 11 milliseconds.
Entering method [com.topcoder.reliability.impl.persistence.DatabaseReliabilityDataPersistence.getIdsOfUsersWithReliability(long projectCategoryId, Date startDate)].
Input parameters[projectCategoryId:23, startDate:Mon Mar 23 00:00:00 CST 2009]
Exiting method [com.topcoder.reliability.impl.persistence.DatabaseReliabilityDataPersistence.getIdsOfUsersWithReliability(long projectCategoryId, Date startDate)], time spent in the method: 3 milliseconds.
Output parameter: []
Entering method [com.topcoder.reliability.impl.persistence.DatabaseReliabilityDataPersistence.close].
Exiting method [com.topcoder.reliability.impl.persistence.DatabaseReliabilityDataPersistence.close], time spent in the method: 0 milliseconds.
Exiting method [com.topcoder.reliability.impl.ReliabilityCalculatorImpl.calculate(long projectCategoryId, boolean updateCurrentReliability)], time spent in the method: 15 milliseconds.
Entering method [com.topcoder.reliability.impl.ReliabilityCalculatorImpl.calculate(long projectCategoryId, boolean updateCurrentReliability)].
Input parameters[projectCategoryId:24, updateCurrentReliability:false]
Entering method [com.topcoder.reliability.impl.persistence.DatabaseReliabilityDataPersistence.open()].
Exiting method [com.topcoder.reliability.impl.persistence.DatabaseReliabilityDataPersistence.open()], time spent in the method: 10 milliseconds.
Entering method [com.topcoder.reliability.impl.persistence.DatabaseReliabilityDataPersistence.getIdsOfUsersWithReliability(long projectCategoryId, Date startDate)].
Input parameters[projectCategoryId:24, startDate:Mon Mar 23 00:00:00 CST 2009]
Exiting method [com.topcoder.reliability.impl.persistence.DatabaseReliabilityDataPersistence.getIdsOfUsersWithReliability(long projectCategoryId, Date startDate)], time spent in the method: 3 milliseconds.
Output parameter: []
Entering method [com.topcoder.reliability.impl.persistence.DatabaseReliabilityDataPersistence.close].
Exiting method [com.topcoder.reliability.impl.persistence.DatabaseReliabilityDataPersistence.close], time spent in the method: 0 milliseconds.
Exiting method [com.topcoder.reliability.impl.ReliabilityCalculatorImpl.calculate(long projectCategoryId, boolean updateCurrentReliability)], time spent in the method: 15 milliseconds.
Entering method [com.topcoder.reliability.impl.ReliabilityCalculatorImpl.calculate(long projectCategoryId, boolean updateCurrentReliability)].
Input parameters[projectCategoryId:26, updateCurrentReliability:false]
Entering method [com.topcoder.reliability.impl.persistence.DatabaseReliabilityDataPersistence.open()].
Exiting method [com.topcoder.reliability.impl.persistence.DatabaseReliabilityDataPersistence.open()], time spent in the method: 10 milliseconds.
Entering method [com.topcoder.reliability.impl.persistence.DatabaseReliabilityDataPersistence.getIdsOfUsersWithReliability(long projectCategoryId, Date startDate)].
Input parameters[projectCategoryId:26, startDate:Mon Mar 23 00:00:00 CST 2009]
Exiting method [com.topcoder.reliability.impl.persistence.DatabaseReliabilityDataPersistence.getIdsOfUsersWithReliability(long projectCategoryId, Date startDate)], time spent in the method: 3 milliseconds.
Output parameter: []
Entering method [com.topcoder.reliability.impl.persistence.DatabaseReliabilityDataPersistence.close].
Exiting method [com.topcoder.reliability.impl.persistence.DatabaseReliabilityDataPersistence.close], time spent in the method: 1 milliseconds.
Exiting method [com.topcoder.reliability.impl.ReliabilityCalculatorImpl.calculate(long projectCategoryId, boolean updateCurrentReliability)], time spent in the method: 14 milliseconds.
Exiting method [com.topcoder.reliability.ReliabilityCalculationUtility.main(String[] args)], time spent in the method: 640 milliseconds.
Entering method [com.topcoder.reliability.impl.ReliabilityCalculatorImpl.calculate(long projectCategoryId, boolean updateCurrentReliability)].
Input parameters[projectCategoryId:1, updateCurrentReliability:true]
Entering method [com.topcoder.reliability.impl.persistence.DatabaseReliabilityDataPersistence.open()].
Exiting method [com.topcoder.reliability.impl.persistence.DatabaseReliabilityDataPersistence.open()], time spent in the method: 11 milliseconds.
Entering method [com.topcoder.reliability.impl.persistence.DatabaseReliabilityDataPersistence.getIdsOfUsersWithReliability(long projectCategoryId, Date startDate)].
Input parameters[projectCategoryId:1, startDate:Wed Oct 05 09:00:00 CST 2005]
Exiting method [com.topcoder.reliability.impl.persistence.DatabaseReliabilityDataPersistence.getIdsOfUsersWithReliability(long projectCategoryId, Date startDate)], time spent in the method: 4 milliseconds.
Output parameter: [123456]
Entering method [com.topcoder.reliability.impl.persistence.DatabaseReliabilityDataPersistence.getUserParticipationData(long userId, long projectCategoryId, Date startDate)].
Input parameters[userId:123456, projectCategoryId:1, startDate:Wed Oct 05 09:00:00 CST 2005]
Exiting method [com.topcoder.reliability.impl.persistence.DatabaseReliabilityDataPersistence.getUserParticipationData(long userId, long projectCategoryId, Date startDate)], time spent in the method: 421 milliseconds.
Output parameter: [com.topcoder.reliability.impl.UserProjectParticipationData@1cb1a4e2, com.topcoder.reliability.impl.UserProjectParticipationData@52c00025]
Entering method [com.topcoder.reliability.impl.detectors.PhaseEndTimeBasedResolutionDateDetector.detect(UserProjectParticipationData data)].
Input parameters[data:com.topcoder.reliability.impl.UserProjectParticipationData@1cb1a4e2]
Exiting method [com.topcoder.reliability.impl.detectors.PhaseEndTimeBasedResolutionDateDetector.detect(UserProjectParticipationData data)], time spent in the method: 1 milliseconds.
Entering method [com.topcoder.reliability.impl.detectors.PhaseEndTimeBasedResolutionDateDetector.detect(UserProjectParticipationData data)].
Input parameters[data:com.topcoder.reliability.impl.UserProjectParticipationData@52c00025]
Exiting method [com.topcoder.reliability.impl.detectors.PhaseEndTimeBasedResolutionDateDetector.detect(UserProjectParticipationData data)], time spent in the method: 0 milliseconds.
Entering method [com.topcoder.reliability.impl.calculators.BaseUserReliabilityCalculator.calculate(List<UserProjectParticipationData> projects)].
Input parameters[projects:[com.topcoder.reliability.impl.UserProjectParticipationData@1cb1a4e2, com.topcoder.reliability.impl.UserProjectParticipationData@52c00025]]
Exiting method [com.topcoder.reliability.impl.calculators.BaseUserReliabilityCalculator.calculate(List<UserProjectParticipationData> projects)], time spent in the method: 0 milliseconds.
Output parameter: [com.topcoder.reliability.impl.UserProjectReliabilityData@3b49a794, com.topcoder.reliability.impl.UserProjectReliabilityData@609903f4]
Entering method [com.topcoder.reliability.impl.persistence.DatabaseReliabilityDataPersistence.saveUserReliabilityData(List<UserProjectReliabilityData> projects)].
Input parameters[projects:[com.topcoder.reliability.impl.UserProjectReliabilityData@3b49a794, com.topcoder.reliability.impl.UserProjectReliabilityData@609903f4]]
Exiting method [com.topcoder.reliability.impl.persistence.DatabaseReliabilityDataPersistence.saveUserReliabilityData(List<UserProjectReliabilityData> projects)], time spent in the method: 5 milliseconds.
Entering method [com.topcoder.reliability.impl.persistence.DatabaseReliabilityDataPersistence.updateCurrentUserReliability(long userId, long projectCategoryId, double reliability)].
Input parameters[userId:123456, projectCategoryId:1, reliability:1.0]
Exiting method [com.topcoder.reliability.impl.persistence.DatabaseReliabilityDataPersistence.updateCurrentUserReliability(long userId, long projectCategoryId, double reliability)], time spent in the method: 4 milliseconds.
Entering method [com.topcoder.reliability.impl.persistence.DatabaseReliabilityDataPersistence.close].
Exiting method [com.topcoder.reliability.impl.persistence.DatabaseReliabilityDataPersistence.close], time spent in the method: 1 milliseconds.
Exiting method [com.topcoder.reliability.impl.ReliabilityCalculatorImpl.calculate(long projectCategoryId, boolean updateCurrentReliability)], time spent in the method: 448 milliseconds.
Entering method [com.topcoder.reliability.impl.ReliabilityCalculatorImpl.calculate(long projectCategoryId, boolean updateCurrentReliability)].
Input parameters[projectCategoryId:2, updateCurrentReliability:true]
Entering method [com.topcoder.reliability.impl.persistence.DatabaseReliabilityDataPersistence.open()].
Exiting method [com.topcoder.reliability.impl.persistence.DatabaseReliabilityDataPersistence.open()], time spent in the method: 14 milliseconds.
Entering method [com.topcoder.reliability.impl.persistence.DatabaseReliabilityDataPersistence.getIdsOfUsersWithReliability(long projectCategoryId, Date startDate)].
Input parameters[projectCategoryId:2, startDate:Wed Oct 05 09:00:00 CST 2005]
Exiting method [com.topcoder.reliability.impl.persistence.DatabaseReliabilityDataPersistence.getIdsOfUsersWithReliability(long projectCategoryId, Date startDate)], time spent in the method: 4 milliseconds.
Output parameter: []
Entering method [com.topcoder.reliability.impl.persistence.DatabaseReliabilityDataPersistence.close].
Exiting method [com.topcoder.reliability.impl.persistence.DatabaseReliabilityDataPersistence.close], time spent in the method: 1 milliseconds.
Exiting method [com.topcoder.reliability.impl.ReliabilityCalculatorImpl.calculate(long projectCategoryId, boolean updateCurrentReliability)], time spent in the method: 19 milliseconds.
Exiting method [com.topcoder.reliability.ReliabilityCalculationUtility.main(String[] args)], time spent in the method: 478 milliseconds.
Entering method [com.topcoder.reliability.impl.ReliabilityCalculatorImpl.calculate(long projectCategoryId, boolean updateCurrentReliability)].
Input parameters[projectCategoryId:1, updateCurrentReliability:false]
Entering method [com.topcoder.reliability.impl.persistence.DatabaseReliabilityDataPersistence.open()].
Exiting method [com.topcoder.reliability.impl.persistence.DatabaseReliabilityDataPersistence.open()], time spent in the method: 17 milliseconds.
Entering method [com.topcoder.reliability.impl.persistence.DatabaseReliabilityDataPersistence.getIdsOfUsersWithReliability(long projectCategoryId, Date startDate)].
Input parameters[projectCategoryId:1, startDate:Wed Oct 05 09:00:00 CST 2005]
Exiting method [com.topcoder.reliability.impl.persistence.DatabaseReliabilityDataPersistence.getIdsOfUsersWithReliability(long projectCategoryId, Date startDate)], time spent in the method: 4 milliseconds.
Output parameter: [123456]
Entering method [com.topcoder.reliability.impl.persistence.DatabaseReliabilityDataPersistence.getUserParticipationData(long userId, long projectCategoryId, Date startDate)].
Input parameters[userId:123456, projectCategoryId:1, startDate:Wed Oct 05 09:00:00 CST 2005]
Exiting method [com.topcoder.reliability.impl.persistence.DatabaseReliabilityDataPersistence.getUserParticipationData(long userId, long projectCategoryId, Date startDate)], time spent in the method: 439 milliseconds.
Output parameter: [com.topcoder.reliability.impl.UserProjectParticipationData@17353249, com.topcoder.reliability.impl.UserProjectParticipationData@25786286]
Entering method [com.topcoder.reliability.impl.detectors.PhaseEndTimeBasedResolutionDateDetector.detect(UserProjectParticipationData data)].
Input parameters[data:com.topcoder.reliability.impl.UserProjectParticipationData@17353249]
Exiting method [com.topcoder.reliability.impl.detectors.PhaseEndTimeBasedResolutionDateDetector.detect(UserProjectParticipationData data)], time spent in the method: 0 milliseconds.
Entering method [com.topcoder.reliability.impl.detectors.PhaseEndTimeBasedResolutionDateDetector.detect(UserProjectParticipationData data)].
Input parameters[data:com.topcoder.reliability.impl.UserProjectParticipationData@25786286]
Exiting method [com.topcoder.reliability.impl.detectors.PhaseEndTimeBasedResolutionDateDetector.detect(UserProjectParticipationData data)], time spent in the method: 1 milliseconds.
Entering method [com.topcoder.reliability.impl.calculators.BaseUserReliabilityCalculator.calculate(List<UserProjectParticipationData> projects)].
Input parameters[projects:[com.topcoder.reliability.impl.UserProjectParticipationData@17353249, com.topcoder.reliability.impl.UserProjectParticipationData@25786286]]
Exiting method [com.topcoder.reliability.impl.calculators.BaseUserReliabilityCalculator.calculate(List<UserProjectParticipationData> projects)], time spent in the method: 0 milliseconds.
Output parameter: [com.topcoder.reliability.impl.UserProjectReliabilityData@28c5ea2, com.topcoder.reliability.impl.UserProjectReliabilityData@4d98defc]
Entering method [com.topcoder.reliability.impl.persistence.DatabaseReliabilityDataPersistence.saveUserReliabilityData(List<UserProjectReliabilityData> projects)].
Input parameters[projects:[com.topcoder.reliability.impl.UserProjectReliabilityData@28c5ea2, com.topcoder.reliability.impl.UserProjectReliabilityData@4d98defc]]
Exiting method [com.topcoder.reliability.impl.persistence.DatabaseReliabilityDataPersistence.saveUserReliabilityData(List<UserProjectReliabilityData> projects)], time spent in the method: 4 milliseconds.
Entering method [com.topcoder.reliability.impl.persistence.DatabaseReliabilityDataPersistence.close].
Exiting method [com.topcoder.reliability.impl.persistence.DatabaseReliabilityDataPersistence.close], time spent in the method: 1 milliseconds.
Exiting method [com.topcoder.reliability.impl.ReliabilityCalculatorImpl.calculate(long projectCategoryId, boolean updateCurrentReliability)], time spent in the method: 467 milliseconds.
Entering method [com.topcoder.reliability.impl.ReliabilityCalculatorImpl.calculate(long projectCategoryId, boolean updateCurrentReliability)].
Input parameters[projectCategoryId:2, updateCurrentReliability:false]
Entering method [com.topcoder.reliability.impl.persistence.DatabaseReliabilityDataPersistence.open()].
Exiting method [com.topcoder.reliability.impl.persistence.DatabaseReliabilityDataPersistence.open()], time spent in the method: 11 milliseconds.
Entering method [com.topcoder.reliability.impl.persistence.DatabaseReliabilityDataPersistence.getIdsOfUsersWithReliability(long projectCategoryId, Date startDate)].
Input parameters[projectCategoryId:2, startDate:Wed Oct 05 09:00:00 CST 2005]
Exiting method [com.topcoder.reliability.impl.persistence.DatabaseReliabilityDataPersistence.getIdsOfUsersWithReliability(long projectCategoryId, Date startDate)], time spent in the method: 3 milliseconds.
Output parameter: []
Entering method [com.topcoder.reliability.impl.persistence.DatabaseReliabilityDataPersistence.close].
Exiting method [com.topcoder.reliability.impl.persistence.DatabaseReliabilityDataPersistence.close], time spent in the method: 1 milliseconds.
Exiting method [com.topcoder.reliability.impl.ReliabilityCalculatorImpl.calculate(long projectCategoryId, boolean updateCurrentReliability)], time spent in the method: 15 milliseconds.
Entering method [com.topcoder.reliability.impl.ReliabilityCalculatorImpl.calculate(long projectCategoryId, boolean updateCurrentReliability)].
Input parameters[projectCategoryId:6, updateCurrentReliability:false]
Entering method [com.topcoder.reliability.impl.persistence.DatabaseReliabilityDataPersistence.open()].
Exiting method [com.topcoder.reliability.impl.persistence.DatabaseReliabilityDataPersistence.open()], time spent in the method: 9 milliseconds.
Entering method [com.topcoder.reliability.impl.persistence.DatabaseReliabilityDataPersistence.getIdsOfUsersWithReliability(long projectCategoryId, Date startDate)].
Input parameters[projectCategoryId:6, startDate:Mon Mar 23 00:00:00 CST 2009]
Exiting method [com.topcoder.reliability.impl.persistence.DatabaseReliabilityDataPersistence.getIdsOfUsersWithReliability(long projectCategoryId, Date startDate)], time spent in the method: 3 milliseconds.
Output parameter: []
Entering method [com.topcoder.reliability.impl.persistence.DatabaseReliabilityDataPersistence.close].
Exiting method [com.topcoder.reliability.impl.persistence.DatabaseReliabilityDataPersistence.close], time spent in the method: 0 milliseconds.
Exiting method [com.topcoder.reliability.impl.ReliabilityCalculatorImpl.calculate(long projectCategoryId, boolean updateCurrentReliability)], time spent in the method: 13 milliseconds.
Entering method [com.topcoder.reliability.impl.ReliabilityCalculatorImpl.calculate(long projectCategoryId, boolean updateCurrentReliability)].
Input parameters[projectCategoryId:7, updateCurrentReliability:false]
Entering method [com.topcoder.reliability.impl.persistence.DatabaseReliabilityDataPersistence.open()].
Exiting method [com.topcoder.reliability.impl.persistence.DatabaseReliabilityDataPersistence.open()], time spent in the method: 10 milliseconds.
Entering method [com.topcoder.reliability.impl.persistence.DatabaseReliabilityDataPersistence.getIdsOfUsersWithReliability(long projectCategoryId, Date startDate)].
Input parameters[projectCategoryId:7, startDate:Mon Mar 23 00:00:00 CST 2009]
Exiting method [com.topcoder.reliability.impl.persistence.DatabaseReliabilityDataPersistence.getIdsOfUsersWithReliability(long projectCategoryId, Date startDate)], time spent in the method: 3 milliseconds.
Output parameter: []
Entering method [com.topcoder.reliability.impl.persistence.DatabaseReliabilityDataPersistence.close].
Exiting method [com.topcoder.reliability.impl.persistence.DatabaseReliabilityDataPersistence.close], time spent in the method: 0 milliseconds.
Exiting method [com.topcoder.reliability.impl.ReliabilityCalculatorImpl.calculate(long projectCategoryId, boolean updateCurrentReliability)], time spent in the method: 14 milliseconds.
Entering method [com.topcoder.reliability.impl.ReliabilityCalculatorImpl.calculate(long projectCategoryId, boolean updateCurrentReliability)].
Input parameters[projectCategoryId:13, updateCurrentReliability:false]
Entering method [com.topcoder.reliability.impl.persistence.DatabaseReliabilityDataPersistence.open()].
Exiting method [com.topcoder.reliability.impl.persistence.DatabaseReliabilityDataPersistence.open()], time spent in the method: 10 milliseconds.
Entering method [com.topcoder.reliability.impl.persistence.DatabaseReliabilityDataPersistence.getIdsOfUsersWithReliability(long projectCategoryId, Date startDate)].
Input parameters[projectCategoryId:13, startDate:Mon Mar 23 00:00:00 CST 2009]
Exiting method [com.topcoder.reliability.impl.persistence.DatabaseReliabilityDataPersistence.getIdsOfUsersWithReliability(long projectCategoryId, Date startDate)], time spent in the method: 3 milliseconds.
Output parameter: []
Entering method [com.topcoder.reliability.impl.persistence.DatabaseReliabilityDataPersistence.close].
Exiting method [com.topcoder.reliability.impl.persistence.DatabaseReliabilityDataPersistence.close], time spent in the method: 0 milliseconds.
Exiting method [com.topcoder.reliability.impl.ReliabilityCalculatorImpl.calculate(long projectCategoryId, boolean updateCurrentReliability)], time spent in the method: 13 milliseconds.
Entering method [com.topcoder.reliability.impl.ReliabilityCalculatorImpl.calculate(long projectCategoryId, boolean updateCurrentReliability)].
Input parameters[projectCategoryId:14, updateCurrentReliability:false]
Entering method [com.topcoder.reliability.impl.persistence.DatabaseReliabilityDataPersistence.open()].
Exiting method [com.topcoder.reliability.impl.persistence.DatabaseReliabilityDataPersistence.open()], time spent in the method: 11 milliseconds.
Entering method [com.topcoder.reliability.impl.persistence.DatabaseReliabilityDataPersistence.getIdsOfUsersWithReliability(long projectCategoryId, Date startDate)].
Input parameters[projectCategoryId:14, startDate:Mon Mar 23 00:00:00 CST 2009]
Exiting method [com.topcoder.reliability.impl.persistence.DatabaseReliabilityDataPersistence.getIdsOfUsersWithReliability(long projectCategoryId, Date startDate)], time spent in the method: 3 milliseconds.
Output parameter: []
Entering method [com.topcoder.reliability.impl.persistence.DatabaseReliabilityDataPersistence.close].
Exiting method [com.topcoder.reliability.impl.persistence.DatabaseReliabilityDataPersistence.close], time spent in the method: 1 milliseconds.
Exiting method [com.topcoder.reliability.impl.ReliabilityCalculatorImpl.calculate(long projectCategoryId, boolean updateCurrentReliability)], time spent in the method: 16 milliseconds.
Entering method [com.topcoder.reliability.impl.ReliabilityCalculatorImpl.calculate(long projectCategoryId, boolean updateCurrentReliability)].
Input parameters[projectCategoryId:19, updateCurrentReliability:false]
Entering method [com.topcoder.reliability.impl.persistence.DatabaseReliabilityDataPersistence.open()].
Exiting method [com.topcoder.reliability.impl.persistence.DatabaseReliabilityDataPersistence.open()], time spent in the method: 10 milliseconds.
Entering method [com.topcoder.reliability.impl.persistence.DatabaseReliabilityDataPersistence.getIdsOfUsersWithReliability(long projectCategoryId, Date startDate)].
Input parameters[projectCategoryId:19, startDate:Mon Mar 23 00:00:00 CST 2009]
Exiting method [com.topcoder.reliability.impl.persistence.DatabaseReliabilityDataPersistence.getIdsOfUsersWithReliability(long projectCategoryId, Date startDate)], time spent in the method: 3 milliseconds.
Output parameter: []
Entering method [com.topcoder.reliability.impl.persistence.DatabaseReliabilityDataPersistence.close].
Exiting method [com.topcoder.reliability.impl.persistence.DatabaseReliabilityDataPersistence.close], time spent in the method: 1 milliseconds.
Exiting method [com.topcoder.reliability.impl.ReliabilityCalculatorImpl.calculate(long projectCategoryId, boolean updateCurrentReliability)], time spent in the method: 14 milliseconds.
Entering method [com.topcoder.reliability.impl.ReliabilityCalculatorImpl.calculate(long projectCategoryId, boolean updateCurrentReliability)].
Input parameters[projectCategoryId:23, updateCurrentReliability:false]
Entering method [com.topcoder.reliability.impl.persistence.DatabaseReliabilityDataPersistence.open()].
Exiting method [com.topcoder.reliability.impl.persistence.DatabaseReliabilityDataPersistence.open()], time spent in the method: 9 milliseconds.
Entering method [com.topcoder.reliability.impl.persistence.DatabaseReliabilityDataPersistence.getIdsOfUsersWithReliability(long projectCategoryId, Date startDate)].
Input parameters[projectCategoryId:23, startDate:Mon Mar 23 00:00:00 CST 2009]
Exiting method [com.topcoder.reliability.impl.persistence.DatabaseReliabilityDataPersistence.getIdsOfUsersWithReliability(long projectCategoryId, Date startDate)], time spent in the method: 4 milliseconds.
Output parameter: []
Entering method [com.topcoder.reliability.impl.persistence.DatabaseReliabilityDataPersistence.close].
Exiting method [com.topcoder.reliability.impl.persistence.DatabaseReliabilityDataPersistence.close], time spent in the method: 0 milliseconds.
Exiting method [com.topcoder.reliability.impl.ReliabilityCalculatorImpl.calculate(long projectCategoryId, boolean updateCurrentReliability)], time spent in the method: 13 milliseconds.
Entering method [com.topcoder.reliability.impl.ReliabilityCalculatorImpl.calculate(long projectCategoryId, boolean updateCurrentReliability)].
Input parameters[projectCategoryId:24, updateCurrentReliability:false]
Entering method [com.topcoder.reliability.impl.persistence.DatabaseReliabilityDataPersistence.open()].
Exiting method [com.topcoder.reliability.impl.persistence.DatabaseReliabilityDataPersistence.open()], time spent in the method: 11 milliseconds.
Entering method [com.topcoder.reliability.impl.persistence.DatabaseReliabilityDataPersistence.getIdsOfUsersWithReliability(long projectCategoryId, Date startDate)].
Input parameters[projectCategoryId:24, startDate:Mon Mar 23 00:00:00 CST 2009]
Exiting method [com.topcoder.reliability.impl.persistence.DatabaseReliabilityDataPersistence.getIdsOfUsersWithReliability(long projectCategoryId, Date startDate)], time spent in the method: 3 milliseconds.
Output parameter: []
Entering method [com.topcoder.reliability.impl.persistence.DatabaseReliabilityDataPersistence.close].
Exiting method [com.topcoder.reliability.impl.persistence.DatabaseReliabilityDataPersistence.close], time spent in the method: 0 milliseconds.
Exiting method [com.topcoder.reliability.impl.ReliabilityCalculatorImpl.calculate(long projectCategoryId, boolean updateCurrentReliability)], time spent in the method: 15 milliseconds.
Entering method [com.topcoder.reliability.impl.ReliabilityCalculatorImpl.calculate(long projectCategoryId, boolean updateCurrentReliability)].
Input parameters[projectCategoryId:26, updateCurrentReliability:false]
Entering method [com.topcoder.reliability.impl.persistence.DatabaseReliabilityDataPersistence.open()].
Exiting method [com.topcoder.reliability.impl.persistence.DatabaseReliabilityDataPersistence.open()], time spent in the method: 9 milliseconds.
Entering method [com.topcoder.reliability.impl.persistence.DatabaseReliabilityDataPersistence.getIdsOfUsersWithReliability(long projectCategoryId, Date startDate)].
Input parameters[projectCategoryId:26, startDate:Mon Mar 23 00:00:00 CST 2009]
Exiting method [com.topcoder.reliability.impl.persistence.DatabaseReliabilityDataPersistence.getIdsOfUsersWithReliability(long projectCategoryId, Date startDate)], time spent in the method: 3 milliseconds.
Output parameter: []
Entering method [com.topcoder.reliability.impl.persistence.DatabaseReliabilityDataPersistence.close].
Exiting method [com.topcoder.reliability.impl.persistence.DatabaseReliabilityDataPersistence.close], time spent in the method: 0 milliseconds.
Exiting method [com.topcoder.reliability.impl.ReliabilityCalculatorImpl.calculate(long projectCategoryId, boolean updateCurrentReliability)], time spent in the method: 13 milliseconds.
Exiting method [com.topcoder.reliability.ReliabilityCalculationUtility.main(String[] args)], time spent in the method: 616 milliseconds.
Usage: com.topcoder.reliability.ReliabilityCalculationUtility [-c <file_name>] [-ns <namespace>] [-pc <project_category_ids>] [-u [yes|no]] [-?|-h|-help]
           <file_name> Optional. Provides the name of the configuration file for this command line application. Default is 'com/topcoder/reliability/ReliabilityCalculationUtility.properties'.
           <namespace> Optional. The namespace in the specified configuration file that contains configuration for this command line application. Default is 'com.topcoder.reliability.ReliabilityCalculationUtility'.
<project_category_ids> Optional. The comma separated IDs of project categories for which reliability calculation must be performed.  If not specified, reliability is calculated for all project categories mentioned in the configuration
              [yes|no] Optional. The value indicating whether current reliability ratings must be updated for all users. The only correct arguments are 'yes' and 'no' (case insensitive). Default is 'no'.
           -?|-h|-help Optional. Prints out this usage text.
Usage: com.topcoder.reliability.ReliabilityCalculationUtility [-c <file_name>] [-ns <namespace>] [-pc <project_category_ids>] [-u [yes|no]] [-?|-h|-help]
           <file_name> Optional. Provides the name of the configuration file for this command line application. Default is 'com/topcoder/reliability/ReliabilityCalculationUtility.properties'.
           <namespace> Optional. The namespace in the specified configuration file that contains configuration for this command line application. Default is 'com.topcoder.reliability.ReliabilityCalculationUtility'.
<project_category_ids> Optional. The comma separated IDs of project categories for which reliability calculation must be performed.  If not specified, reliability is calculated for all project categories mentioned in the configuration
              [yes|no] Optional. The value indicating whether current reliability ratings must be updated for all users. The only correct arguments are 'yes' and 'no' (case insensitive). Default is 'no'.
           -?|-h|-help Optional. Prints out this usage text.
Usage: com.topcoder.reliability.ReliabilityCalculationUtility [-c <file_name>] [-ns <namespace>] [-pc <project_category_ids>] [-u [yes|no]] [-?|-h|-help]
           <file_name> Optional. Provides the name of the configuration file for this command line application. Default is 'com/topcoder/reliability/ReliabilityCalculationUtility.properties'.
           <namespace> Optional. The namespace in the specified configuration file that contains configuration for this command line application. Default is 'com.topcoder.reliability.ReliabilityCalculationUtility'.
<project_category_ids> Optional. The comma separated IDs of project categories for which reliability calculation must be performed.  If not specified, reliability is calculated for all project categories mentioned in the configuration
              [yes|no] Optional. The value indicating whether current reliability ratings must be updated for all users. The only correct arguments are 'yes' and 'no' (case insensitive). Default is 'no'.
           -?|-h|-help Optional. Prints out this usage text.
Entering method [com.topcoder.reliability.impl.ReliabilityCalculatorImpl.calculate(long projectCategoryId, boolean updateCurrentReliability)].
Input parameters[projectCategoryId:1, updateCurrentReliability:true]
Entering method [com.topcoder.reliability.impl.persistence.DatabaseReliabilityDataPersistence.open()].
Exiting method [com.topcoder.reliability.impl.persistence.DatabaseReliabilityDataPersistence.open()], time spent in the method: 10 milliseconds.
Entering method [com.topcoder.reliability.impl.persistence.DatabaseReliabilityDataPersistence.getIdsOfUsersWithReliability(long projectCategoryId, Date startDate)].
Input parameters[projectCategoryId:1, startDate:Wed Oct 05 09:00:00 CST 2005]
Exiting method [com.topcoder.reliability.impl.persistence.DatabaseReliabilityDataPersistence.getIdsOfUsersWithReliability(long projectCategoryId, Date startDate)], time spent in the method: 2 milliseconds.
Output parameter: [123456]
Entering method [com.topcoder.reliability.impl.persistence.DatabaseReliabilityDataPersistence.getUserParticipationData(long userId, long projectCategoryId, Date startDate)].
Input parameters[userId:123456, projectCategoryId:1, startDate:Wed Oct 05 09:00:00 CST 2005]
Exiting method [com.topcoder.reliability.impl.persistence.DatabaseReliabilityDataPersistence.getUserParticipationData(long userId, long projectCategoryId, Date startDate)], time spent in the method: 431 milliseconds.
Output parameter: [com.topcoder.reliability.impl.UserProjectParticipationData@27f8922, com.topcoder.reliability.impl.UserProjectParticipationData@3041876]
Entering method [com.topcoder.reliability.impl.detectors.PhaseEndTimeBasedResolutionDateDetector.detect(UserProjectParticipationData data)].
Input parameters[data:com.topcoder.reliability.impl.UserProjectParticipationData@27f8922]
Exiting method [com.topcoder.reliability.impl.detectors.PhaseEndTimeBasedResolutionDateDetector.detect(UserProjectParticipationData data)], time spent in the method: 0 milliseconds.
Entering method [com.topcoder.reliability.impl.detectors.PhaseEndTimeBasedResolutionDateDetector.detect(UserProjectParticipationData data)].
Input parameters[data:com.topcoder.reliability.impl.UserProjectParticipationData@3041876]
Exiting method [com.topcoder.reliability.impl.detectors.PhaseEndTimeBasedResolutionDateDetector.detect(UserProjectParticipationData data)], time spent in the method: 0 milliseconds.
Entering method [com.topcoder.reliability.impl.calculators.BaseUserReliabilityCalculator.calculate(List<UserProjectParticipationData> projects)].
Input parameters[projects:[com.topcoder.reliability.impl.UserProjectParticipationData@27f8922, com.topcoder.reliability.impl.UserProjectParticipationData@3041876]]
Exiting method [com.topcoder.reliability.impl.calculators.BaseUserReliabilityCalculator.calculate(List<UserProjectParticipationData> projects)], time spent in the method: 0 milliseconds.
Output parameter: [com.topcoder.reliability.impl.UserProjectReliabilityData@1e1ec86, com.topcoder.reliability.impl.UserProjectReliabilityData@176f5261]
Entering method [com.topcoder.reliability.impl.persistence.DatabaseReliabilityDataPersistence.saveUserReliabilityData(List<UserProjectReliabilityData> projects)].
Input parameters[projects:[com.topcoder.reliability.impl.UserProjectReliabilityData@1e1ec86, com.topcoder.reliability.impl.UserProjectReliabilityData@176f5261]]
Exiting method [com.topcoder.reliability.impl.persistence.DatabaseReliabilityDataPersistence.saveUserReliabilityData(List<UserProjectReliabilityData> projects)], time spent in the method: 4 milliseconds.
Entering method [com.topcoder.reliability.impl.persistence.DatabaseReliabilityDataPersistence.updateCurrentUserReliability(long userId, long projectCategoryId, double reliability)].
Input parameters[userId:123456, projectCategoryId:1, reliability:1.0]
Exiting method [com.topcoder.reliability.impl.persistence.DatabaseReliabilityDataPersistence.updateCurrentUserReliability(long userId, long projectCategoryId, double reliability)], time spent in the method: 3 milliseconds.
Entering method [com.topcoder.reliability.impl.persistence.DatabaseReliabilityDataPersistence.close].
Exiting method [com.topcoder.reliability.impl.persistence.DatabaseReliabilityDataPersistence.close], time spent in the method: 0 milliseconds.
Exiting method [com.topcoder.reliability.impl.ReliabilityCalculatorImpl.calculate(long projectCategoryId, boolean updateCurrentReliability)], time spent in the method: 453 milliseconds.
Entering method [com.topcoder.reliability.impl.ReliabilityCalculatorImpl.calculate(long projectCategoryId, boolean updateCurrentReliability)].
Input parameters[projectCategoryId:1, updateCurrentReliability:true]
Entering method [com.topcoder.reliability.impl.persistence.DatabaseReliabilityDataPersistence.open()].
Exiting method [com.topcoder.reliability.impl.persistence.DatabaseReliabilityDataPersistence.open()], time spent in the method: 11 milliseconds.
Entering method [com.topcoder.reliability.impl.persistence.DatabaseReliabilityDataPersistence.getIdsOfUsersWithReliability(long projectCategoryId, Date startDate)].
Input parameters[projectCategoryId:1, startDate:Wed Oct 05 09:00:00 CST 2005]
Exiting method [com.topcoder.reliability.impl.persistence.DatabaseReliabilityDataPersistence.getIdsOfUsersWithReliability(long projectCategoryId, Date startDate)], time spent in the method: 3 milliseconds.
Output parameter: []
Entering method [com.topcoder.reliability.impl.persistence.DatabaseReliabilityDataPersistence.close].
Exiting method [com.topcoder.reliability.impl.persistence.DatabaseReliabilityDataPersistence.close], time spent in the method: 0 milliseconds.
Exiting method [com.topcoder.reliability.impl.ReliabilityCalculatorImpl.calculate(long projectCategoryId, boolean updateCurrentReliability)], time spent in the method: 15 milliseconds.
Entering method [com.topcoder.reliability.impl.ReliabilityCalculatorImpl.calculate(long projectCategoryId, boolean updateCurrentReliability)].
Input parameters[projectCategoryId:-1, updateCurrentReliability:true]
Error in method [com.topcoder.reliability.impl.ReliabilityCalculatorImpl.calculate(long projectCategoryId, boolean updateCurrentReliability)], details: IllegalArgumentException is thrown.
java.lang.IllegalArgumentException: 'projectCategoryId' should be positive.
	at com.topcoder.reliability.Helper.checkPositive(Helper.java:150)
	at com.topcoder.reliability.impl.ReliabilityCalculatorImpl.calculate(ReliabilityCalculatorImpl.java:316)
	at com.topcoder.reliability.impl.ReliabilityCalculatorImplUnitTests.test_calculate_projectCategoryIdNegative(ReliabilityCalculatorImplUnitTests.java:354)
	at sun.reflect.NativeMethodAccessorImpl.invoke0(Native Method)
	at sun.reflect.NativeMethodAccessorImpl.invoke(NativeMethodAccessorImpl.java:39)
	at sun.reflect.DelegatingMethodAccessorImpl.invoke(DelegatingMethodAccessorImpl.java:25)
	at java.lang.reflect.Method.invoke(Method.java:597)
	at org.junit.runners.model.FrameworkMethod$1.runReflectiveCall(FrameworkMethod.java:44)
	at org.junit.internal.runners.model.ReflectiveCallable.run(ReflectiveCallable.java:15)
	at org.junit.runners.model.FrameworkMethod.invokeExplosively(FrameworkMethod.java:41)
	at org.junit.internal.runners.statements.InvokeMethod.evaluate(InvokeMethod.java:20)
	at org.junit.internal.runners.statements.ExpectException.evaluate(ExpectException.java:21)
	at org.junit.internal.runners.statements.RunBefores.evaluate(RunBefores.java:28)
	at org.junit.internal.runners.statements.RunAfters.evaluate(RunAfters.java:31)
	at org.junit.runners.BlockJUnit4ClassRunner.runNotIgnored(BlockJUnit4ClassRunner.java:79)
	at org.junit.runners.BlockJUnit4ClassRunner.runChild(BlockJUnit4ClassRunner.java:71)
	at org.junit.runners.BlockJUnit4ClassRunner.runChild(BlockJUnit4ClassRunner.java:49)
	at org.junit.runners.ParentRunner$3.run(ParentRunner.java:193)
	at org.junit.runners.ParentRunner$1.schedule(ParentRunner.java:52)
	at org.junit.runners.ParentRunner.runChildren(ParentRunner.java:191)
	at org.junit.runners.ParentRunner.access$000(ParentRunner.java:42)
	at org.junit.runners.ParentRunner$2.evaluate(ParentRunner.java:184)
	at org.junit.runners.ParentRunner.run(ParentRunner.java:236)
	at junit.framework.JUnit4TestAdapter.run(JUnit4TestAdapter.java:39)
	at junit.framework.TestSuite.runTest(TestSuite.java:243)
	at junit.framework.TestSuite.run(TestSuite.java:238)
	at junit.framework.TestSuite.runTest(TestSuite.java:243)
	at junit.framework.TestSuite.run(TestSuite.java:238)
	at org.apache.tools.ant.taskdefs.optional.junit.JUnitTestRunner.run(JUnitTestRunner.java:420)
	at org.apache.tools.ant.taskdefs.optional.junit.JUnitTestRunner.launch(JUnitTestRunner.java:911)
	at org.apache.tools.ant.taskdefs.optional.junit.JUnitTestRunner.main(JUnitTestRunner.java:768)

Entering method [com.topcoder.reliability.impl.ReliabilityCalculatorImpl.calculate(long projectCategoryId, boolean updateCurrentReliability)].
Input parameters[projectCategoryId:0, updateCurrentReliability:true]
Error in method [com.topcoder.reliability.impl.ReliabilityCalculatorImpl.calculate(long projectCategoryId, boolean updateCurrentReliability)], details: IllegalArgumentException is thrown.
java.lang.IllegalArgumentException: 'projectCategoryId' should be positive.
	at com.topcoder.reliability.Helper.checkPositive(Helper.java:150)
	at com.topcoder.reliability.impl.ReliabilityCalculatorImpl.calculate(ReliabilityCalculatorImpl.java:316)
	at com.topcoder.reliability.impl.ReliabilityCalculatorImplUnitTests.test_calculate_projectCategoryIdZero(ReliabilityCalculatorImplUnitTests.java:371)
	at sun.reflect.NativeMethodAccessorImpl.invoke0(Native Method)
	at sun.reflect.NativeMethodAccessorImpl.invoke(NativeMethodAccessorImpl.java:39)
	at sun.reflect.DelegatingMethodAccessorImpl.invoke(DelegatingMethodAccessorImpl.java:25)
	at java.lang.reflect.Method.invoke(Method.java:597)
	at org.junit.runners.model.FrameworkMethod$1.runReflectiveCall(FrameworkMethod.java:44)
	at org.junit.internal.runners.model.ReflectiveCallable.run(ReflectiveCallable.java:15)
	at org.junit.runners.model.FrameworkMethod.invokeExplosively(FrameworkMethod.java:41)
	at org.junit.internal.runners.statements.InvokeMethod.evaluate(InvokeMethod.java:20)
	at org.junit.internal.runners.statements.ExpectException.evaluate(ExpectException.java:21)
	at org.junit.internal.runners.statements.RunBefores.evaluate(RunBefores.java:28)
	at org.junit.internal.runners.statements.RunAfters.evaluate(RunAfters.java:31)
	at org.junit.runners.BlockJUnit4ClassRunner.runNotIgnored(BlockJUnit4ClassRunner.java:79)
	at org.junit.runners.BlockJUnit4ClassRunner.runChild(BlockJUnit4ClassRunner.java:71)
	at org.junit.runners.BlockJUnit4ClassRunner.runChild(BlockJUnit4ClassRunner.java:49)
	at org.junit.runners.ParentRunner$3.run(ParentRunner.java:193)
	at org.junit.runners.ParentRunner$1.schedule(ParentRunner.java:52)
	at org.junit.runners.ParentRunner.runChildren(ParentRunner.java:191)
	at org.junit.runners.ParentRunner.access$000(ParentRunner.java:42)
	at org.junit.runners.ParentRunner$2.evaluate(ParentRunner.java:184)
	at org.junit.runners.ParentRunner.run(ParentRunner.java:236)
	at junit.framework.JUnit4TestAdapter.run(JUnit4TestAdapter.java:39)
	at junit.framework.TestSuite.runTest(TestSuite.java:243)
	at junit.framework.TestSuite.run(TestSuite.java:238)
	at junit.framework.TestSuite.runTest(TestSuite.java:243)
	at junit.framework.TestSuite.run(TestSuite.java:238)
	at org.apache.tools.ant.taskdefs.optional.junit.JUnitTestRunner.run(JUnitTestRunner.java:420)
	at org.apache.tools.ant.taskdefs.optional.junit.JUnitTestRunner.launch(JUnitTestRunner.java:911)
	at org.apache.tools.ant.taskdefs.optional.junit.JUnitTestRunner.main(JUnitTestRunner.java:768)

Entering method [com.topcoder.reliability.impl.ReliabilityCalculatorImpl.calculate(long projectCategoryId, boolean updateCurrentReliability)].
Input parameters[projectCategoryId:9223372036854775807, updateCurrentReliability:true]
Error in method [com.topcoder.reliability.impl.ReliabilityCalculatorImpl.calculate(long projectCategoryId, boolean updateCurrentReliability)], details: ProjectCategoryNotSupportedException is thrown when calculating the reliability ratings.
com.topcoder.reliability.ProjectCategoryNotSupportedException: Project category with the ID '9223372036854775807' is not supported by this reliability calculator.
	at com.topcoder.reliability.impl.ReliabilityCalculatorImpl.calculateHelper(ReliabilityCalculatorImpl.java:371)
	at com.topcoder.reliability.impl.ReliabilityCalculatorImpl.calculate(ReliabilityCalculatorImpl.java:322)
	at com.topcoder.reliability.impl.ReliabilityCalculatorImplUnitTests.test_calculate_Error1(ReliabilityCalculatorImplUnitTests.java:405)
	at sun.reflect.NativeMethodAccessorImpl.invoke0(Native Method)
	at sun.reflect.NativeMethodAccessorImpl.invoke(NativeMethodAccessorImpl.java:39)
	at sun.reflect.DelegatingMethodAccessorImpl.invoke(DelegatingMethodAccessorImpl.java:25)
	at java.lang.reflect.Method.invoke(Method.java:597)
	at org.junit.runners.model.FrameworkMethod$1.runReflectiveCall(FrameworkMethod.java:44)
	at org.junit.internal.runners.model.ReflectiveCallable.run(ReflectiveCallable.java:15)
	at org.junit.runners.model.FrameworkMethod.invokeExplosively(FrameworkMethod.java:41)
	at org.junit.internal.runners.statements.InvokeMethod.evaluate(InvokeMethod.java:20)
	at org.junit.internal.runners.statements.ExpectException.evaluate(ExpectException.java:21)
	at org.junit.internal.runners.statements.RunBefores.evaluate(RunBefores.java:28)
	at org.junit.internal.runners.statements.RunAfters.evaluate(RunAfters.java:31)
	at org.junit.runners.BlockJUnit4ClassRunner.runNotIgnored(BlockJUnit4ClassRunner.java:79)
	at org.junit.runners.BlockJUnit4ClassRunner.runChild(BlockJUnit4ClassRunner.java:71)
	at org.junit.runners.BlockJUnit4ClassRunner.runChild(BlockJUnit4ClassRunner.java:49)
	at org.junit.runners.ParentRunner$3.run(ParentRunner.java:193)
	at org.junit.runners.ParentRunner$1.schedule(ParentRunner.java:52)
	at org.junit.runners.ParentRunner.runChildren(ParentRunner.java:191)
	at org.junit.runners.ParentRunner.access$000(ParentRunner.java:42)
	at org.junit.runners.ParentRunner$2.evaluate(ParentRunner.java:184)
	at org.junit.runners.ParentRunner.run(ParentRunner.java:236)
	at junit.framework.JUnit4TestAdapter.run(JUnit4TestAdapter.java:39)
	at junit.framework.TestSuite.runTest(TestSuite.java:243)
	at junit.framework.TestSuite.run(TestSuite.java:238)
	at junit.framework.TestSuite.runTest(TestSuite.java:243)
	at junit.framework.TestSuite.run(TestSuite.java:238)
	at org.apache.tools.ant.taskdefs.optional.junit.JUnitTestRunner.run(JUnitTestRunner.java:420)
	at org.apache.tools.ant.taskdefs.optional.junit.JUnitTestRunner.launch(JUnitTestRunner.java:911)
	at org.apache.tools.ant.taskdefs.optional.junit.JUnitTestRunner.main(JUnitTestRunner.java:768)

Entering method [com.topcoder.reliability.impl.ReliabilityCalculatorImpl.calculate(long projectCategoryId, boolean updateCurrentReliability)].
Input parameters[projectCategoryId:1, updateCurrentReliability:true]
Entering method [com.topcoder.reliability.impl.persistence.DatabaseReliabilityDataPersistence.open()].
Error in method [com.topcoder.reliability.impl.persistence.DatabaseReliabilityDataPersistence.open()], details: ReliabilityDataPersistenceException is thrown when opening a connection to persistence.
com.topcoder.reliability.impl.ReliabilityDataPersistenceException: Failed to create a database connection.
	at com.topcoder.reliability.impl.persistence.DatabaseReliabilityDataPersistence.open(DatabaseReliabilityDataPersistence.java:279)
	at com.topcoder.reliability.impl.ReliabilityCalculatorImpl.calculateHelper(ReliabilityCalculatorImpl.java:376)
	at com.topcoder.reliability.impl.ReliabilityCalculatorImpl.calculate(ReliabilityCalculatorImpl.java:322)
	at com.topcoder.reliability.impl.ReliabilityCalculatorImplUnitTests.test_calculate_Error2(ReliabilityCalculatorImplUnitTests.java:424)
	at sun.reflect.NativeMethodAccessorImpl.invoke0(Native Method)
	at sun.reflect.NativeMethodAccessorImpl.invoke(NativeMethodAccessorImpl.java:39)
	at sun.reflect.DelegatingMethodAccessorImpl.invoke(DelegatingMethodAccessorImpl.java:25)
	at java.lang.reflect.Method.invoke(Method.java:597)
	at org.junit.runners.model.FrameworkMethod$1.runReflectiveCall(FrameworkMethod.java:44)
	at org.junit.internal.runners.model.ReflectiveCallable.run(ReflectiveCallable.java:15)
	at org.junit.runners.model.FrameworkMethod.invokeExplosively(FrameworkMethod.java:41)
	at org.junit.internal.runners.statements.InvokeMethod.evaluate(InvokeMethod.java:20)
	at org.junit.internal.runners.statements.ExpectException.evaluate(ExpectException.java:21)
	at org.junit.internal.runners.statements.RunBefores.evaluate(RunBefores.java:28)
	at org.junit.internal.runners.statements.RunAfters.evaluate(RunAfters.java:31)
	at org.junit.runners.BlockJUnit4ClassRunner.runNotIgnored(BlockJUnit4ClassRunner.java:79)
	at org.junit.runners.BlockJUnit4ClassRunner.runChild(BlockJUnit4ClassRunner.java:71)
	at org.junit.runners.BlockJUnit4ClassRunner.runChild(BlockJUnit4ClassRunner.java:49)
	at org.junit.runners.ParentRunner$3.run(ParentRunner.java:193)
	at org.junit.runners.ParentRunner$1.schedule(ParentRunner.java:52)
	at org.junit.runners.ParentRunner.runChildren(ParentRunner.java:191)
	at org.junit.runners.ParentRunner.access$000(ParentRunner.java:42)
	at org.junit.runners.ParentRunner$2.evaluate(ParentRunner.java:184)
	at org.junit.runners.ParentRunner.run(ParentRunner.java:236)
	at junit.framework.JUnit4TestAdapter.run(JUnit4TestAdapter.java:39)
	at junit.framework.TestSuite.runTest(TestSuite.java:243)
	at junit.framework.TestSuite.run(TestSuite.java:238)
	at junit.framework.TestSuite.runTest(TestSuite.java:243)
	at junit.framework.TestSuite.run(TestSuite.java:238)
	at org.apache.tools.ant.taskdefs.optional.junit.JUnitTestRunner.run(JUnitTestRunner.java:420)
	at org.apache.tools.ant.taskdefs.optional.junit.JUnitTestRunner.launch(JUnitTestRunner.java:911)
	at org.apache.tools.ant.taskdefs.optional.junit.JUnitTestRunner.main(JUnitTestRunner.java:768)
Caused by: com.topcoder.db.connectionfactory.UnknownConnectionException: Can not retrieve the ConnectionProducer via unknown_name
	at com.topcoder.db.connectionfactory.DBConnectionFactoryImpl.createConnection(DBConnectionFactoryImpl.java:507)
	at com.topcoder.reliability.impl.persistence.DatabaseReliabilityDataPersistence.open(DatabaseReliabilityDataPersistence.java:273)
	... 31 more

Error in method [com.topcoder.reliability.impl.ReliabilityCalculatorImpl.calculate(long projectCategoryId, boolean updateCurrentReliability)], details: ReliabilityDataPersistenceException is thrown when calculating the reliability ratings.
com.topcoder.reliability.impl.ReliabilityDataPersistenceException: Failed to create a database connection.
	at com.topcoder.reliability.impl.persistence.DatabaseReliabilityDataPersistence.open(DatabaseReliabilityDataPersistence.java:279)
	at com.topcoder.reliability.impl.ReliabilityCalculatorImpl.calculateHelper(ReliabilityCalculatorImpl.java:376)
	at com.topcoder.reliability.impl.ReliabilityCalculatorImpl.calculate(ReliabilityCalculatorImpl.java:322)
	at com.topcoder.reliability.impl.ReliabilityCalculatorImplUnitTests.test_calculate_Error2(ReliabilityCalculatorImplUnitTests.java:424)
	at sun.reflect.NativeMethodAccessorImpl.invoke0(Native Method)
	at sun.reflect.NativeMethodAccessorImpl.invoke(NativeMethodAccessorImpl.java:39)
	at sun.reflect.DelegatingMethodAccessorImpl.invoke(DelegatingMethodAccessorImpl.java:25)
	at java.lang.reflect.Method.invoke(Method.java:597)
	at org.junit.runners.model.FrameworkMethod$1.runReflectiveCall(FrameworkMethod.java:44)
	at org.junit.internal.runners.model.ReflectiveCallable.run(ReflectiveCallable.java:15)
	at org.junit.runners.model.FrameworkMethod.invokeExplosively(FrameworkMethod.java:41)
	at org.junit.internal.runners.statements.InvokeMethod.evaluate(InvokeMethod.java:20)
	at org.junit.internal.runners.statements.ExpectException.evaluate(ExpectException.java:21)
	at org.junit.internal.runners.statements.RunBefores.evaluate(RunBefores.java:28)
	at org.junit.internal.runners.statements.RunAfters.evaluate(RunAfters.java:31)
	at org.junit.runners.BlockJUnit4ClassRunner.runNotIgnored(BlockJUnit4ClassRunner.java:79)
	at org.junit.runners.BlockJUnit4ClassRunner.runChild(BlockJUnit4ClassRunner.java:71)
	at org.junit.runners.BlockJUnit4ClassRunner.runChild(BlockJUnit4ClassRunner.java:49)
	at org.junit.runners.ParentRunner$3.run(ParentRunner.java:193)
	at org.junit.runners.ParentRunner$1.schedule(ParentRunner.java:52)
	at org.junit.runners.ParentRunner.runChildren(ParentRunner.java:191)
	at org.junit.runners.ParentRunner.access$000(ParentRunner.java:42)
	at org.junit.runners.ParentRunner$2.evaluate(ParentRunner.java:184)
	at org.junit.runners.ParentRunner.run(ParentRunner.java:236)
	at junit.framework.JUnit4TestAdapter.run(JUnit4TestAdapter.java:39)
	at junit.framework.TestSuite.runTest(TestSuite.java:243)
	at junit.framework.TestSuite.run(TestSuite.java:238)
	at junit.framework.TestSuite.runTest(TestSuite.java:243)
	at junit.framework.TestSuite.run(TestSuite.java:238)
	at org.apache.tools.ant.taskdefs.optional.junit.JUnitTestRunner.run(JUnitTestRunner.java:420)
	at org.apache.tools.ant.taskdefs.optional.junit.JUnitTestRunner.launch(JUnitTestRunner.java:911)
	at org.apache.tools.ant.taskdefs.optional.junit.JUnitTestRunner.main(JUnitTestRunner.java:768)
Caused by: com.topcoder.db.connectionfactory.UnknownConnectionException: Can not retrieve the ConnectionProducer via unknown_name
	at com.topcoder.db.connectionfactory.DBConnectionFactoryImpl.createConnection(DBConnectionFactoryImpl.java:507)
	at com.topcoder.reliability.impl.persistence.DatabaseReliabilityDataPersistence.open(DatabaseReliabilityDataPersistence.java:273)
	... 31 more

Entering method [com.topcoder.reliability.impl.calculators.BaseUserReliabilityCalculator.calculate(List<UserProjectParticipationData> projects)].
Input parameters[projects:[com.topcoder.reliability.impl.UserProjectParticipationData@5140709, com.topcoder.reliability.impl.UserProjectParticipationData@65d9e279, com.topcoder.reliability.impl.UserProjectParticipationData@43a3aa2c, com.topcoder.reliability.impl.UserProjectParticipationData@2df95165, com.topcoder.reliability.impl.UserProjectParticipationData@4b4ed577, com.topcoder.reliability.impl.UserProjectParticipationData@24a09e41]]
Exiting method [com.topcoder.reliability.impl.calculators.BaseUserReliabilityCalculator.calculate(List<UserProjectParticipationData> projects)], time spent in the method: 1 milliseconds.
Output parameter: [com.topcoder.reliability.impl.UserProjectReliabilityData@2cf5d030, com.topcoder.reliability.impl.UserProjectReliabilityData@3e37165f, com.topcoder.reliability.impl.UserProjectReliabilityData@129dd6e2, com.topcoder.reliability.impl.UserProjectReliabilityData@388698fa, com.topcoder.reliability.impl.UserProjectReliabilityData@ca56214]
Entering method [com.topcoder.reliability.impl.calculators.BaseUserReliabilityCalculator.calculate(List<UserProjectParticipationData> projects)].
Input parameters[projects:[com.topcoder.reliability.impl.UserProjectParticipationData@1e4bb369]]
Exiting method [com.topcoder.reliability.impl.calculators.BaseUserReliabilityCalculator.calculate(List<UserProjectParticipationData> projects)], time spent in the method: 0 milliseconds.
Output parameter: []
Entering method [com.topcoder.reliability.impl.calculators.BaseUserReliabilityCalculator.calculate(List<UserProjectParticipationData> projects)].
Input parameters[projects:null]
Error in method [com.topcoder.reliability.impl.calculators.BaseUserReliabilityCalculator.calculate(List<UserProjectParticipationData> projects)], details: IllegalArgumentException is thrown.
java.lang.IllegalArgumentException: 'projects' should not be null.
	at com.topcoder.reliability.Helper.checkNull(Helper.java:131)
	at com.topcoder.reliability.impl.calculators.BaseUserReliabilityCalculator.calculate(BaseUserReliabilityCalculator.java:115)
	at com.topcoder.reliability.impl.calculators.BaseUserReliabilityCalculatorUnitTests.test_calculate_projectsNull(BaseUserReliabilityCalculatorUnitTests.java:273)
	at sun.reflect.NativeMethodAccessorImpl.invoke0(Native Method)
	at sun.reflect.NativeMethodAccessorImpl.invoke(NativeMethodAccessorImpl.java:39)
	at sun.reflect.DelegatingMethodAccessorImpl.invoke(DelegatingMethodAccessorImpl.java:25)
	at java.lang.reflect.Method.invoke(Method.java:597)
	at org.junit.runners.model.FrameworkMethod$1.runReflectiveCall(FrameworkMethod.java:44)
	at org.junit.internal.runners.model.ReflectiveCallable.run(ReflectiveCallable.java:15)
	at org.junit.runners.model.FrameworkMethod.invokeExplosively(FrameworkMethod.java:41)
	at org.junit.internal.runners.statements.InvokeMethod.evaluate(InvokeMethod.java:20)
	at org.junit.internal.runners.statements.ExpectException.evaluate(ExpectException.java:21)
	at org.junit.internal.runners.statements.RunBefores.evaluate(RunBefores.java:28)
	at org.junit.runners.BlockJUnit4ClassRunner.runNotIgnored(BlockJUnit4ClassRunner.java:79)
	at org.junit.runners.BlockJUnit4ClassRunner.runChild(BlockJUnit4ClassRunner.java:71)
	at org.junit.runners.BlockJUnit4ClassRunner.runChild(BlockJUnit4ClassRunner.java:49)
	at org.junit.runners.ParentRunner$3.run(ParentRunner.java:193)
	at org.junit.runners.ParentRunner$1.schedule(ParentRunner.java:52)
	at org.junit.runners.ParentRunner.runChildren(ParentRunner.java:191)
	at org.junit.runners.ParentRunner.access$000(ParentRunner.java:42)
	at org.junit.runners.ParentRunner$2.evaluate(ParentRunner.java:184)
	at org.junit.runners.ParentRunner.run(ParentRunner.java:236)
	at junit.framework.JUnit4TestAdapter.run(JUnit4TestAdapter.java:39)
	at junit.framework.TestSuite.runTest(TestSuite.java:243)
	at junit.framework.TestSuite.run(TestSuite.java:238)
	at junit.framework.TestSuite.runTest(TestSuite.java:243)
	at junit.framework.TestSuite.run(TestSuite.java:238)
	at org.apache.tools.ant.taskdefs.optional.junit.JUnitTestRunner.run(JUnitTestRunner.java:420)
	at org.apache.tools.ant.taskdefs.optional.junit.JUnitTestRunner.launch(JUnitTestRunner.java:911)
	at org.apache.tools.ant.taskdefs.optional.junit.JUnitTestRunner.main(JUnitTestRunner.java:768)

Entering method [com.topcoder.reliability.impl.calculators.BaseUserReliabilityCalculator.calculate(List<UserProjectParticipationData> projects)].
Input parameters[projects:[]]
Error in method [com.topcoder.reliability.impl.calculators.BaseUserReliabilityCalculator.calculate(List<UserProjectParticipationData> projects)], details: IllegalArgumentException is thrown.
java.lang.IllegalArgumentException: 'projects' should not be empty.
	at com.topcoder.reliability.impl.calculators.BaseUserReliabilityCalculator.calculate(BaseUserReliabilityCalculator.java:117)
	at com.topcoder.reliability.impl.calculators.BaseUserReliabilityCalculatorUnitTests.test_calculate_projectsEmpty(BaseUserReliabilityCalculatorUnitTests.java:290)
	at sun.reflect.NativeMethodAccessorImpl.invoke0(Native Method)
	at sun.reflect.NativeMethodAccessorImpl.invoke(NativeMethodAccessorImpl.java:39)
	at sun.reflect.DelegatingMethodAccessorImpl.invoke(DelegatingMethodAccessorImpl.java:25)
	at java.lang.reflect.Method.invoke(Method.java:597)
	at org.junit.runners.model.FrameworkMethod$1.runReflectiveCall(FrameworkMethod.java:44)
	at org.junit.internal.runners.model.ReflectiveCallable.run(ReflectiveCallable.java:15)
	at org.junit.runners.model.FrameworkMethod.invokeExplosively(FrameworkMethod.java:41)
	at org.junit.internal.runners.statements.InvokeMethod.evaluate(InvokeMethod.java:20)
	at org.junit.internal.runners.statements.ExpectException.evaluate(ExpectException.java:21)
	at org.junit.internal.runners.statements.RunBefores.evaluate(RunBefores.java:28)
	at org.junit.runners.BlockJUnit4ClassRunner.runNotIgnored(BlockJUnit4ClassRunner.java:79)
	at org.junit.runners.BlockJUnit4ClassRunner.runChild(BlockJUnit4ClassRunner.java:71)
	at org.junit.runners.BlockJUnit4ClassRunner.runChild(BlockJUnit4ClassRunner.java:49)
	at org.junit.runners.ParentRunner$3.run(ParentRunner.java:193)
	at org.junit.runners.ParentRunner$1.schedule(ParentRunner.java:52)
	at org.junit.runners.ParentRunner.runChildren(ParentRunner.java:191)
	at org.junit.runners.ParentRunner.access$000(ParentRunner.java:42)
	at org.junit.runners.ParentRunner$2.evaluate(ParentRunner.java:184)
	at org.junit.runners.ParentRunner.run(ParentRunner.java:236)
	at junit.framework.JUnit4TestAdapter.run(JUnit4TestAdapter.java:39)
	at junit.framework.TestSuite.runTest(TestSuite.java:243)
	at junit.framework.TestSuite.run(TestSuite.java:238)
	at junit.framework.TestSuite.runTest(TestSuite.java:243)
	at junit.framework.TestSuite.run(TestSuite.java:238)
	at org.apache.tools.ant.taskdefs.optional.junit.JUnitTestRunner.run(JUnitTestRunner.java:420)
	at org.apache.tools.ant.taskdefs.optional.junit.JUnitTestRunner.launch(JUnitTestRunner.java:911)
	at org.apache.tools.ant.taskdefs.optional.junit.JUnitTestRunner.main(JUnitTestRunner.java:768)

Entering method [com.topcoder.reliability.impl.calculators.BaseUserReliabilityCalculator.calculate(List<UserProjectParticipationData> projects)].
Input parameters[projects:[com.topcoder.reliability.impl.UserProjectParticipationData@4aee260b, com.topcoder.reliability.impl.UserProjectParticipationData@5903c29b, com.topcoder.reliability.impl.UserProjectParticipationData@5dd7bc5, com.topcoder.reliability.impl.UserProjectParticipationData@fe8c585, com.topcoder.reliability.impl.UserProjectParticipationData@7affa6eb, com.topcoder.reliability.impl.UserProjectParticipationData@2627cd63, null]]
Error in method [com.topcoder.reliability.impl.calculators.BaseUserReliabilityCalculator.calculate(List<UserProjectParticipationData> projects)], details: IllegalArgumentException is thrown.
java.lang.IllegalArgumentException: 'element in projects' should not be null.
	at com.topcoder.reliability.Helper.checkNull(Helper.java:131)
	at com.topcoder.reliability.impl.calculators.BaseUserReliabilityCalculator.calculate(BaseUserReliabilityCalculator.java:121)
	at com.topcoder.reliability.impl.calculators.BaseUserReliabilityCalculatorUnitTests.test_calculate_projectsContainsNull(BaseUserReliabilityCalculatorUnitTests.java:307)
	at sun.reflect.NativeMethodAccessorImpl.invoke0(Native Method)
	at sun.reflect.NativeMethodAccessorImpl.invoke(NativeMethodAccessorImpl.java:39)
	at sun.reflect.DelegatingMethodAccessorImpl.invoke(DelegatingMethodAccessorImpl.java:25)
	at java.lang.reflect.Method.invoke(Method.java:597)
	at org.junit.runners.model.FrameworkMethod$1.runReflectiveCall(FrameworkMethod.java:44)
	at org.junit.internal.runners.model.ReflectiveCallable.run(ReflectiveCallable.java:15)
	at org.junit.runners.model.FrameworkMethod.invokeExplosively(FrameworkMethod.java:41)
	at org.junit.internal.runners.statements.InvokeMethod.evaluate(InvokeMethod.java:20)
	at org.junit.internal.runners.statements.ExpectException.evaluate(ExpectException.java:21)
	at org.junit.internal.runners.statements.RunBefores.evaluate(RunBefores.java:28)
	at org.junit.runners.BlockJUnit4ClassRunner.runNotIgnored(BlockJUnit4ClassRunner.java:79)
	at org.junit.runners.BlockJUnit4ClassRunner.runChild(BlockJUnit4ClassRunner.java:71)
	at org.junit.runners.BlockJUnit4ClassRunner.runChild(BlockJUnit4ClassRunner.java:49)
	at org.junit.runners.ParentRunner$3.run(ParentRunner.java:193)
	at org.junit.runners.ParentRunner$1.schedule(ParentRunner.java:52)
	at org.junit.runners.ParentRunner.runChildren(ParentRunner.java:191)
	at org.junit.runners.ParentRunner.access$000(ParentRunner.java:42)
	at org.junit.runners.ParentRunner$2.evaluate(ParentRunner.java:184)
	at org.junit.runners.ParentRunner.run(ParentRunner.java:236)
	at junit.framework.JUnit4TestAdapter.run(JUnit4TestAdapter.java:39)
	at junit.framework.TestSuite.runTest(TestSuite.java:243)
	at junit.framework.TestSuite.run(TestSuite.java:238)
	at junit.framework.TestSuite.runTest(TestSuite.java:243)
	at junit.framework.TestSuite.run(TestSuite.java:238)
	at org.apache.tools.ant.taskdefs.optional.junit.JUnitTestRunner.run(JUnitTestRunner.java:420)
	at org.apache.tools.ant.taskdefs.optional.junit.JUnitTestRunner.launch(JUnitTestRunner.java:911)
	at org.apache.tools.ant.taskdefs.optional.junit.JUnitTestRunner.main(JUnitTestRunner.java:768)

Entering method [com.topcoder.reliability.impl.calculators.BaseUserReliabilityCalculator.calculate(List<UserProjectParticipationData> projects)].
Input parameters[projects:[com.topcoder.reliability.impl.UserProjectParticipationData@55c79dfc, com.topcoder.reliability.impl.UserProjectParticipationData@24553763, com.topcoder.reliability.impl.UserProjectParticipationData@56a75737, com.topcoder.reliability.impl.UserProjectParticipationData@44f0853, com.topcoder.reliability.impl.UserProjectParticipationData@60ab835a, com.topcoder.reliability.impl.UserProjectParticipationData@1c3cbb4b]]
Error in method [com.topcoder.reliability.impl.calculators.BaseUserReliabilityCalculator.calculate(List<UserProjectParticipationData> projects)], details: IllegalArgumentException is thrown.
java.lang.IllegalArgumentException: 'project.getResolutionDate() in projects' should not be null.
	at com.topcoder.reliability.Helper.checkNull(Helper.java:131)
	at com.topcoder.reliability.impl.calculators.BaseUserReliabilityCalculator.calculate(BaseUserReliabilityCalculator.java:123)
	at com.topcoder.reliability.impl.calculators.BaseUserReliabilityCalculatorUnitTests.test_calculate_resolutionDateNull(BaseUserReliabilityCalculatorUnitTests.java:324)
	at sun.reflect.NativeMethodAccessorImpl.invoke0(Native Method)
	at sun.reflect.NativeMethodAccessorImpl.invoke(NativeMethodAccessorImpl.java:39)
	at sun.reflect.DelegatingMethodAccessorImpl.invoke(DelegatingMethodAccessorImpl.java:25)
	at java.lang.reflect.Method.invoke(Method.java:597)
	at org.junit.runners.model.FrameworkMethod$1.runReflectiveCall(FrameworkMethod.java:44)
	at org.junit.internal.runners.model.ReflectiveCallable.run(ReflectiveCallable.java:15)
	at org.junit.runners.model.FrameworkMethod.invokeExplosively(FrameworkMethod.java:41)
	at org.junit.internal.runners.statements.InvokeMethod.evaluate(InvokeMethod.java:20)
	at org.junit.internal.runners.statements.ExpectException.evaluate(ExpectException.java:21)
	at org.junit.internal.runners.statements.RunBefores.evaluate(RunBefores.java:28)
	at org.junit.runners.BlockJUnit4ClassRunner.runNotIgnored(BlockJUnit4ClassRunner.java:79)
	at org.junit.runners.BlockJUnit4ClassRunner.runChild(BlockJUnit4ClassRunner.java:71)
	at org.junit.runners.BlockJUnit4ClassRunner.runChild(BlockJUnit4ClassRunner.java:49)
	at org.junit.runners.ParentRunner$3.run(ParentRunner.java:193)
	at org.junit.runners.ParentRunner$1.schedule(ParentRunner.java:52)
	at org.junit.runners.ParentRunner.runChildren(ParentRunner.java:191)
	at org.junit.runners.ParentRunner.access$000(ParentRunner.java:42)
	at org.junit.runners.ParentRunner$2.evaluate(ParentRunner.java:184)
	at org.junit.runners.ParentRunner.run(ParentRunner.java:236)
	at junit.framework.JUnit4TestAdapter.run(JUnit4TestAdapter.java:39)
	at junit.framework.TestSuite.runTest(TestSuite.java:243)
	at junit.framework.TestSuite.run(TestSuite.java:238)
	at junit.framework.TestSuite.runTest(TestSuite.java:243)
	at junit.framework.TestSuite.run(TestSuite.java:238)
	at org.apache.tools.ant.taskdefs.optional.junit.JUnitTestRunner.run(JUnitTestRunner.java:420)
	at org.apache.tools.ant.taskdefs.optional.junit.JUnitTestRunner.launch(JUnitTestRunner.java:911)
	at org.apache.tools.ant.taskdefs.optional.junit.JUnitTestRunner.main(JUnitTestRunner.java:768)

Entering method [com.topcoder.reliability.impl.calculators.BaseUserReliabilityCalculator.calculate(List<UserProjectParticipationData> projects)].
Input parameters[projects:[com.topcoder.reliability.impl.UserProjectParticipationData@1c04298e, com.topcoder.reliability.impl.UserProjectParticipationData@55443800, com.topcoder.reliability.impl.UserProjectParticipationData@71b8b3bb, com.topcoder.reliability.impl.UserProjectParticipationData@151ff451, com.topcoder.reliability.impl.UserProjectParticipationData@64e0fcac, com.topcoder.reliability.impl.UserProjectParticipationData@6eecb3f1]]
Error in method [com.topcoder.reliability.impl.calculators.BaseUserReliabilityCalculator.calculate(List<UserProjectParticipationData> projects)], details: IllegalArgumentException is thrown.
java.lang.IllegalArgumentException: 'project.getUserRegistrationDate() in projects' should not be null.
	at com.topcoder.reliability.Helper.checkNull(Helper.java:131)
	at com.topcoder.reliability.impl.calculators.BaseUserReliabilityCalculator.calculate(BaseUserReliabilityCalculator.java:124)
	at com.topcoder.reliability.impl.calculators.BaseUserReliabilityCalculatorUnitTests.test_calculate_userRegistrationDateNull(BaseUserReliabilityCalculatorUnitTests.java:341)
	at sun.reflect.NativeMethodAccessorImpl.invoke0(Native Method)
	at sun.reflect.NativeMethodAccessorImpl.invoke(NativeMethodAccessorImpl.java:39)
	at sun.reflect.DelegatingMethodAccessorImpl.invoke(DelegatingMethodAccessorImpl.java:25)
	at java.lang.reflect.Method.invoke(Method.java:597)
	at org.junit.runners.model.FrameworkMethod$1.runReflectiveCall(FrameworkMethod.java:44)
	at org.junit.internal.runners.model.ReflectiveCallable.run(ReflectiveCallable.java:15)
	at org.junit.runners.model.FrameworkMethod.invokeExplosively(FrameworkMethod.java:41)
	at org.junit.internal.runners.statements.InvokeMethod.evaluate(InvokeMethod.java:20)
	at org.junit.internal.runners.statements.ExpectException.evaluate(ExpectException.java:21)
	at org.junit.internal.runners.statements.RunBefores.evaluate(RunBefores.java:28)
	at org.junit.runners.BlockJUnit4ClassRunner.runNotIgnored(BlockJUnit4ClassRunner.java:79)
	at org.junit.runners.BlockJUnit4ClassRunner.runChild(BlockJUnit4ClassRunner.java:71)
	at org.junit.runners.BlockJUnit4ClassRunner.runChild(BlockJUnit4ClassRunner.java:49)
	at org.junit.runners.ParentRunner$3.run(ParentRunner.java:193)
	at org.junit.runners.ParentRunner$1.schedule(ParentRunner.java:52)
	at org.junit.runners.ParentRunner.runChildren(ParentRunner.java:191)
	at org.junit.runners.ParentRunner.access$000(ParentRunner.java:42)
	at org.junit.runners.ParentRunner$2.evaluate(ParentRunner.java:184)
	at org.junit.runners.ParentRunner.run(ParentRunner.java:236)
	at junit.framework.JUnit4TestAdapter.run(JUnit4TestAdapter.java:39)
	at junit.framework.TestSuite.runTest(TestSuite.java:243)
	at junit.framework.TestSuite.run(TestSuite.java:238)
	at junit.framework.TestSuite.runTest(TestSuite.java:243)
	at junit.framework.TestSuite.run(TestSuite.java:238)
	at org.apache.tools.ant.taskdefs.optional.junit.JUnitTestRunner.run(JUnitTestRunner.java:420)
	at org.apache.tools.ant.taskdefs.optional.junit.JUnitTestRunner.launch(JUnitTestRunner.java:911)
	at org.apache.tools.ant.taskdefs.optional.junit.JUnitTestRunner.main(JUnitTestRunner.java:768)

Entering method [com.topcoder.reliability.impl.calculators.BaseUserReliabilityCalculator.calculate(List<UserProjectParticipationData> projects)].
Input parameters[projects:[com.topcoder.reliability.impl.UserProjectParticipationData@66178655, com.topcoder.reliability.impl.UserProjectParticipationData@12746ad0, com.topcoder.reliability.impl.UserProjectParticipationData@19108727, com.topcoder.reliability.impl.UserProjectParticipationData@c191e4c, com.topcoder.reliability.impl.UserProjectParticipationData@451415c8, com.topcoder.reliability.impl.UserProjectParticipationData@29a220e6]]
Error in method [com.topcoder.reliability.impl.calculators.BaseUserReliabilityCalculator.calculate(List<UserProjectParticipationData> projects)], details: UserReliabilityCalculationException is thrown when calculating reliability for all projects.
com.topcoder.reliability.impl.UserReliabilityCalculationException: UserReliabilityCalculationException for testing.
	at com.topcoder.reliability.MockUserReliabilityCalculator.calculateReliabilityAfterProjects(MockUserReliabilityCalculator.java:54)
	at com.topcoder.reliability.impl.calculators.BaseUserReliabilityCalculator.calculate(BaseUserReliabilityCalculator.java:140)
	at com.topcoder.reliability.impl.calculators.BaseUserReliabilityCalculatorUnitTests.test_calculate_Error(BaseUserReliabilityCalculatorUnitTests.java:375)
	at sun.reflect.NativeMethodAccessorImpl.invoke0(Native Method)
	at sun.reflect.NativeMethodAccessorImpl.invoke(NativeMethodAccessorImpl.java:39)
	at sun.reflect.DelegatingMethodAccessorImpl.invoke(DelegatingMethodAccessorImpl.java:25)
	at java.lang.reflect.Method.invoke(Method.java:597)
	at org.junit.runners.model.FrameworkMethod$1.runReflectiveCall(FrameworkMethod.java:44)
	at org.junit.internal.runners.model.ReflectiveCallable.run(ReflectiveCallable.java:15)
	at org.junit.runners.model.FrameworkMethod.invokeExplosively(FrameworkMethod.java:41)
	at org.junit.internal.runners.statements.InvokeMethod.evaluate(InvokeMethod.java:20)
	at org.junit.internal.runners.statements.ExpectException.evaluate(ExpectException.java:21)
	at org.junit.internal.runners.statements.RunBefores.evaluate(RunBefores.java:28)
	at org.junit.runners.BlockJUnit4ClassRunner.runNotIgnored(BlockJUnit4ClassRunner.java:79)
	at org.junit.runners.BlockJUnit4ClassRunner.runChild(BlockJUnit4ClassRunner.java:71)
	at org.junit.runners.BlockJUnit4ClassRunner.runChild(BlockJUnit4ClassRunner.java:49)
	at org.junit.runners.ParentRunner$3.run(ParentRunner.java:193)
	at org.junit.runners.ParentRunner$1.schedule(ParentRunner.java:52)
	at org.junit.runners.ParentRunner.runChildren(ParentRunner.java:191)
	at org.junit.runners.ParentRunner.access$000(ParentRunner.java:42)
	at org.junit.runners.ParentRunner$2.evaluate(ParentRunner.java:184)
	at org.junit.runners.ParentRunner.run(ParentRunner.java:236)
	at junit.framework.JUnit4TestAdapter.run(JUnit4TestAdapter.java:39)
	at junit.framework.TestSuite.runTest(TestSuite.java:243)
	at junit.framework.TestSuite.run(TestSuite.java:238)
	at junit.framework.TestSuite.runTest(TestSuite.java:243)
	at junit.framework.TestSuite.run(TestSuite.java:238)
	at org.apache.tools.ant.taskdefs.optional.junit.JUnitTestRunner.run(JUnitTestRunner.java:420)
	at org.apache.tools.ant.taskdefs.optional.junit.JUnitTestRunner.launch(JUnitTestRunner.java:911)
	at org.apache.tools.ant.taskdefs.optional.junit.JUnitTestRunner.main(JUnitTestRunner.java:768)

Entering method [com.topcoder.reliability.impl.persistence.DatabaseReliabilityDataPersistence.open()].
Exiting method [com.topcoder.reliability.impl.persistence.DatabaseReliabilityDataPersistence.open()], time spent in the method: 14 milliseconds.
Entering method [com.topcoder.reliability.impl.persistence.DatabaseReliabilityDataPersistence.open()].
Exiting method [com.topcoder.reliability.impl.persistence.DatabaseReliabilityDataPersistence.open()], time spent in the method: 12 milliseconds.
Entering method [com.topcoder.reliability.impl.persistence.DatabaseReliabilityDataPersistence.close].
Exiting method [com.topcoder.reliability.impl.persistence.DatabaseReliabilityDataPersistence.close], time spent in the method: 0 milliseconds.
Entering method [com.topcoder.reliability.impl.persistence.DatabaseReliabilityDataPersistence.open()].
Exiting method [com.topcoder.reliability.impl.persistence.DatabaseReliabilityDataPersistence.open()], time spent in the method: 16 milliseconds.
Entering method [com.topcoder.reliability.impl.persistence.DatabaseReliabilityDataPersistence.open()].
Exiting method [com.topcoder.reliability.impl.persistence.DatabaseReliabilityDataPersistence.open()], time spent in the method: 10 milliseconds.
Entering method [com.topcoder.reliability.impl.persistence.DatabaseReliabilityDataPersistence.close].
Exiting method [com.topcoder.reliability.impl.persistence.DatabaseReliabilityDataPersistence.close], time spent in the method: 0 milliseconds.
Entering method [com.topcoder.reliability.impl.persistence.DatabaseReliabilityDataPersistence.open()].
Exiting method [com.topcoder.reliability.impl.persistence.DatabaseReliabilityDataPersistence.open()], time spent in the method: 10 milliseconds.
Entering method [com.topcoder.reliability.impl.persistence.DatabaseReliabilityDataPersistence.close].
Exiting method [com.topcoder.reliability.impl.persistence.DatabaseReliabilityDataPersistence.close], time spent in the method: 0 milliseconds.
Entering method [com.topcoder.reliability.impl.persistence.DatabaseReliabilityDataPersistence.open()].
Exiting method [com.topcoder.reliability.impl.persistence.DatabaseReliabilityDataPersistence.open()], time spent in the method: 10 milliseconds.
Entering method [com.topcoder.reliability.impl.persistence.DatabaseReliabilityDataPersistence.close].
Exiting method [com.topcoder.reliability.impl.persistence.DatabaseReliabilityDataPersistence.close], time spent in the method: 1 milliseconds.
Entering method [com.topcoder.reliability.impl.persistence.DatabaseReliabilityDataPersistence.open()].
Exiting method [com.topcoder.reliability.impl.persistence.DatabaseReliabilityDataPersistence.open()], time spent in the method: 10 milliseconds.
Entering method [com.topcoder.reliability.impl.persistence.DatabaseReliabilityDataPersistence.close].
Exiting method [com.topcoder.reliability.impl.persistence.DatabaseReliabilityDataPersistence.close], time spent in the method: 1 milliseconds.
Entering method [com.topcoder.reliability.impl.persistence.DatabaseReliabilityDataPersistence.open()].
Exiting method [com.topcoder.reliability.impl.persistence.DatabaseReliabilityDataPersistence.open()], time spent in the method: 10 milliseconds.
Entering method [com.topcoder.reliability.impl.persistence.DatabaseReliabilityDataPersistence.close].
Exiting method [com.topcoder.reliability.impl.persistence.DatabaseReliabilityDataPersistence.close], time spent in the method: 1 milliseconds.
Entering method [com.topcoder.reliability.impl.persistence.DatabaseReliabilityDataPersistence.open()].
Exiting method [com.topcoder.reliability.impl.persistence.DatabaseReliabilityDataPersistence.open()], time spent in the method: 10 milliseconds.
Entering method [com.topcoder.reliability.impl.persistence.DatabaseReliabilityDataPersistence.close].
Exiting method [com.topcoder.reliability.impl.persistence.DatabaseReliabilityDataPersistence.close], time spent in the method: 1 milliseconds.
Entering method [com.topcoder.reliability.impl.persistence.DatabaseReliabilityDataPersistence.open()].
Exiting method [com.topcoder.reliability.impl.persistence.DatabaseReliabilityDataPersistence.open()], time spent in the method: 12 milliseconds.
Entering method [com.topcoder.reliability.impl.persistence.DatabaseReliabilityDataPersistence.close].
Exiting method [com.topcoder.reliability.impl.persistence.DatabaseReliabilityDataPersistence.close], time spent in the method: 0 milliseconds.
Entering method [com.topcoder.reliability.impl.persistence.DatabaseReliabilityDataPersistence.open()].
Exiting method [com.topcoder.reliability.impl.persistence.DatabaseReliabilityDataPersistence.open()], time spent in the method: 9 milliseconds.
Entering method [com.topcoder.reliability.impl.persistence.DatabaseReliabilityDataPersistence.close].
Exiting method [com.topcoder.reliability.impl.persistence.DatabaseReliabilityDataPersistence.close], time spent in the method: 0 milliseconds.
Entering method [com.topcoder.reliability.impl.persistence.DatabaseReliabilityDataPersistence.open()].
Exiting method [com.topcoder.reliability.impl.persistence.DatabaseReliabilityDataPersistence.open()], time spent in the method: 11 milliseconds.
Entering method [com.topcoder.reliability.impl.persistence.DatabaseReliabilityDataPersistence.close].
Exiting method [com.topcoder.reliability.impl.persistence.DatabaseReliabilityDataPersistence.close], time spent in the method: 1 milliseconds.
Entering method [com.topcoder.reliability.impl.persistence.DatabaseReliabilityDataPersistence.open()].
Exiting method [com.topcoder.reliability.impl.persistence.DatabaseReliabilityDataPersistence.open()], time spent in the method: 10 milliseconds.
Entering method [com.topcoder.reliability.impl.persistence.DatabaseReliabilityDataPersistence.close].
Exiting method [com.topcoder.reliability.impl.persistence.DatabaseReliabilityDataPersistence.close], time spent in the method: 0 milliseconds.
Entering method [com.topcoder.reliability.impl.persistence.DatabaseReliabilityDataPersistence.open()].
Exiting method [com.topcoder.reliability.impl.persistence.DatabaseReliabilityDataPersistence.open()], time spent in the method: 9 milliseconds.
Entering method [com.topcoder.reliability.impl.persistence.DatabaseReliabilityDataPersistence.close].
Exiting method [com.topcoder.reliability.impl.persistence.DatabaseReliabilityDataPersistence.close], time spent in the method: 0 milliseconds.
Entering method [com.topcoder.reliability.impl.persistence.DatabaseReliabilityDataPersistence.open()].
Exiting method [com.topcoder.reliability.impl.persistence.DatabaseReliabilityDataPersistence.open()], time spent in the method: 10 milliseconds.
Entering method [com.topcoder.reliability.impl.persistence.DatabaseReliabilityDataPersistence.open()].
Error in method [com.topcoder.reliability.impl.persistence.DatabaseReliabilityDataPersistence.open()], details: IllegalStateException is thrown.
java.lang.IllegalStateException: The connection is already opened.
	at com.topcoder.reliability.Helper.checkState(Helper.java:194)
	at com.topcoder.reliability.impl.persistence.DatabaseReliabilityDataPersistence.open(DatabaseReliabilityDataPersistence.java:269)
	at com.topcoder.reliability.impl.persistence.DatabaseReliabilityDataPersistenceUnitTests.test_open_AlreadyOpened(DatabaseReliabilityDataPersistenceUnitTests.java:404)
	at sun.reflect.NativeMethodAccessorImpl.invoke0(Native Method)
	at sun.reflect.NativeMethodAccessorImpl.invoke(NativeMethodAccessorImpl.java:39)
	at sun.reflect.DelegatingMethodAccessorImpl.invoke(DelegatingMethodAccessorImpl.java:25)
	at java.lang.reflect.Method.invoke(Method.java:597)
	at org.junit.runners.model.FrameworkMethod$1.runReflectiveCall(FrameworkMethod.java:44)
	at org.junit.internal.runners.model.ReflectiveCallable.run(ReflectiveCallable.java:15)
	at org.junit.runners.model.FrameworkMethod.invokeExplosively(FrameworkMethod.java:41)
	at org.junit.internal.runners.statements.InvokeMethod.evaluate(InvokeMethod.java:20)
	at org.junit.internal.runners.statements.ExpectException.evaluate(ExpectException.java:21)
	at org.junit.internal.runners.statements.RunBefores.evaluate(RunBefores.java:28)
	at org.junit.internal.runners.statements.RunAfters.evaluate(RunAfters.java:31)
	at org.junit.runners.BlockJUnit4ClassRunner.runNotIgnored(BlockJUnit4ClassRunner.java:79)
	at org.junit.runners.BlockJUnit4ClassRunner.runChild(BlockJUnit4ClassRunner.java:71)
	at org.junit.runners.BlockJUnit4ClassRunner.runChild(BlockJUnit4ClassRunner.java:49)
	at org.junit.runners.ParentRunner$3.run(ParentRunner.java:193)
	at org.junit.runners.ParentRunner$1.schedule(ParentRunner.java:52)
	at org.junit.runners.ParentRunner.runChildren(ParentRunner.java:191)
	at org.junit.runners.ParentRunner.access$000(ParentRunner.java:42)
	at org.junit.runners.ParentRunner$2.evaluate(ParentRunner.java:184)
	at org.junit.runners.ParentRunner.run(ParentRunner.java:236)
	at junit.framework.JUnit4TestAdapter.run(JUnit4TestAdapter.java:39)
	at junit.framework.TestSuite.runTest(TestSuite.java:243)
	at junit.framework.TestSuite.run(TestSuite.java:238)
	at junit.framework.TestSuite.runTest(TestSuite.java:243)
	at junit.framework.TestSuite.run(TestSuite.java:238)
	at org.apache.tools.ant.taskdefs.optional.junit.JUnitTestRunner.run(JUnitTestRunner.java:420)
	at org.apache.tools.ant.taskdefs.optional.junit.JUnitTestRunner.launch(JUnitTestRunner.java:911)
	at org.apache.tools.ant.taskdefs.optional.junit.JUnitTestRunner.main(JUnitTestRunner.java:768)

Entering method [com.topcoder.reliability.impl.persistence.DatabaseReliabilityDataPersistence.close].
Exiting method [com.topcoder.reliability.impl.persistence.DatabaseReliabilityDataPersistence.close], time spent in the method: 0 milliseconds.
Entering method [com.topcoder.reliability.impl.persistence.DatabaseReliabilityDataPersistence.open()].
Exiting method [com.topcoder.reliability.impl.persistence.DatabaseReliabilityDataPersistence.open()], time spent in the method: 11 milliseconds.
Entering method [com.topcoder.reliability.impl.persistence.DatabaseReliabilityDataPersistence.close].
Exiting method [com.topcoder.reliability.impl.persistence.DatabaseReliabilityDataPersistence.close], time spent in the method: 0 milliseconds.
Entering method [com.topcoder.reliability.impl.persistence.DatabaseReliabilityDataPersistence.open()].
Exiting method [com.topcoder.reliability.impl.persistence.DatabaseReliabilityDataPersistence.open()], time spent in the method: 10 milliseconds.
Entering method [com.topcoder.reliability.impl.persistence.DatabaseReliabilityDataPersistence.close].
Exiting method [com.topcoder.reliability.impl.persistence.DatabaseReliabilityDataPersistence.close], time spent in the method: 1 milliseconds.
Entering method [com.topcoder.reliability.impl.persistence.DatabaseReliabilityDataPersistence.open()].
Error in method [com.topcoder.reliability.impl.persistence.DatabaseReliabilityDataPersistence.open()], details: ReliabilityDataPersistenceException is thrown when opening a connection to persistence.
com.topcoder.reliability.impl.ReliabilityDataPersistenceException: Failed to create a database connection.
	at com.topcoder.reliability.impl.persistence.DatabaseReliabilityDataPersistence.open(DatabaseReliabilityDataPersistence.java:279)
	at com.topcoder.reliability.impl.persistence.DatabaseReliabilityDataPersistenceUnitTests.test_open_Error(DatabaseReliabilityDataPersistenceUnitTests.java:441)
	at sun.reflect.NativeMethodAccessorImpl.invoke0(Native Method)
	at sun.reflect.NativeMethodAccessorImpl.invoke(NativeMethodAccessorImpl.java:39)
	at sun.reflect.DelegatingMethodAccessorImpl.invoke(DelegatingMethodAccessorImpl.java:25)
	at java.lang.reflect.Method.invoke(Method.java:597)
	at org.junit.runners.model.FrameworkMethod$1.runReflectiveCall(FrameworkMethod.java:44)
	at org.junit.internal.runners.model.ReflectiveCallable.run(ReflectiveCallable.java:15)
	at org.junit.runners.model.FrameworkMethod.invokeExplosively(FrameworkMethod.java:41)
	at org.junit.internal.runners.statements.InvokeMethod.evaluate(InvokeMethod.java:20)
	at org.junit.internal.runners.statements.ExpectException.evaluate(ExpectException.java:21)
	at org.junit.internal.runners.statements.RunBefores.evaluate(RunBefores.java:28)
	at org.junit.internal.runners.statements.RunAfters.evaluate(RunAfters.java:31)
	at org.junit.runners.BlockJUnit4ClassRunner.runNotIgnored(BlockJUnit4ClassRunner.java:79)
	at org.junit.runners.BlockJUnit4ClassRunner.runChild(BlockJUnit4ClassRunner.java:71)
	at org.junit.runners.BlockJUnit4ClassRunner.runChild(BlockJUnit4ClassRunner.java:49)
	at org.junit.runners.ParentRunner$3.run(ParentRunner.java:193)
	at org.junit.runners.ParentRunner$1.schedule(ParentRunner.java:52)
	at org.junit.runners.ParentRunner.runChildren(ParentRunner.java:191)
	at org.junit.runners.ParentRunner.access$000(ParentRunner.java:42)
	at org.junit.runners.ParentRunner$2.evaluate(ParentRunner.java:184)
	at org.junit.runners.ParentRunner.run(ParentRunner.java:236)
	at junit.framework.JUnit4TestAdapter.run(JUnit4TestAdapter.java:39)
	at junit.framework.TestSuite.runTest(TestSuite.java:243)
	at junit.framework.TestSuite.run(TestSuite.java:238)
	at junit.framework.TestSuite.runTest(TestSuite.java:243)
	at junit.framework.TestSuite.run(TestSuite.java:238)
	at org.apache.tools.ant.taskdefs.optional.junit.JUnitTestRunner.run(JUnitTestRunner.java:420)
	at org.apache.tools.ant.taskdefs.optional.junit.JUnitTestRunner.launch(JUnitTestRunner.java:911)
	at org.apache.tools.ant.taskdefs.optional.junit.JUnitTestRunner.main(JUnitTestRunner.java:768)
Caused by: com.topcoder.db.connectionfactory.UnknownConnectionException: Can not retrieve the ConnectionProducer via unknown_name
	at com.topcoder.db.connectionfactory.DBConnectionFactoryImpl.createConnection(DBConnectionFactoryImpl.java:507)
	at com.topcoder.reliability.impl.persistence.DatabaseReliabilityDataPersistence.open(DatabaseReliabilityDataPersistence.java:273)
	... 29 more

Entering method [com.topcoder.reliability.impl.persistence.DatabaseReliabilityDataPersistence.close].
Error in method [com.topcoder.reliability.impl.persistence.DatabaseReliabilityDataPersistence.close], details: IllegalStateException is thrown.
java.lang.IllegalStateException: The connection is already closed.
	at com.topcoder.reliability.Helper.checkState(Helper.java:194)
	at com.topcoder.reliability.impl.persistence.DatabaseReliabilityDataPersistence.close(DatabaseReliabilityDataPersistence.java:648)
	at com.topcoder.reliability.impl.persistence.DatabaseReliabilityDataPersistenceUnitTests.tearDown(DatabaseReliabilityDataPersistenceUnitTests.java:159)
	at sun.reflect.NativeMethodAccessorImpl.invoke0(Native Method)
	at sun.reflect.NativeMethodAccessorImpl.invoke(NativeMethodAccessorImpl.java:39)
	at sun.reflect.DelegatingMethodAccessorImpl.invoke(DelegatingMethodAccessorImpl.java:25)
	at java.lang.reflect.Method.invoke(Method.java:597)
	at org.junit.runners.model.FrameworkMethod$1.runReflectiveCall(FrameworkMethod.java:44)
	at org.junit.internal.runners.model.ReflectiveCallable.run(ReflectiveCallable.java:15)
	at org.junit.runners.model.FrameworkMethod.invokeExplosively(FrameworkMethod.java:41)
	at org.junit.internal.runners.statements.RunAfters.evaluate(RunAfters.java:37)
	at org.junit.runners.BlockJUnit4ClassRunner.runNotIgnored(BlockJUnit4ClassRunner.java:79)
	at org.junit.runners.BlockJUnit4ClassRunner.runChild(BlockJUnit4ClassRunner.java:71)
	at org.junit.runners.BlockJUnit4ClassRunner.runChild(BlockJUnit4ClassRunner.java:49)
	at org.junit.runners.ParentRunner$3.run(ParentRunner.java:193)
	at org.junit.runners.ParentRunner$1.schedule(ParentRunner.java:52)
	at org.junit.runners.ParentRunner.runChildren(ParentRunner.java:191)
	at org.junit.runners.ParentRunner.access$000(ParentRunner.java:42)
	at org.junit.runners.ParentRunner$2.evaluate(ParentRunner.java:184)
	at org.junit.runners.ParentRunner.run(ParentRunner.java:236)
	at junit.framework.JUnit4TestAdapter.run(JUnit4TestAdapter.java:39)
	at junit.framework.TestSuite.runTest(TestSuite.java:243)
	at junit.framework.TestSuite.run(TestSuite.java:238)
	at junit.framework.TestSuite.runTest(TestSuite.java:243)
	at junit.framework.TestSuite.run(TestSuite.java:238)
	at org.apache.tools.ant.taskdefs.optional.junit.JUnitTestRunner.run(JUnitTestRunner.java:420)
	at org.apache.tools.ant.taskdefs.optional.junit.JUnitTestRunner.launch(JUnitTestRunner.java:911)
	at org.apache.tools.ant.taskdefs.optional.junit.JUnitTestRunner.main(JUnitTestRunner.java:768)

Entering method [com.topcoder.reliability.impl.persistence.DatabaseReliabilityDataPersistence.open()].
Exiting method [com.topcoder.reliability.impl.persistence.DatabaseReliabilityDataPersistence.open()], time spent in the method: 10 milliseconds.
Entering method [com.topcoder.reliability.impl.persistence.DatabaseReliabilityDataPersistence.getIdsOfUsersWithReliability(long projectCategoryId, Date startDate)].
Input parameters[projectCategoryId:1, startDate:Wed Oct 05 09:00:00 CST 2005]
Exiting method [com.topcoder.reliability.impl.persistence.DatabaseReliabilityDataPersistence.getIdsOfUsersWithReliability(long projectCategoryId, Date startDate)], time spent in the method: 4 milliseconds.
Output parameter: [123456]
Entering method [com.topcoder.reliability.impl.persistence.DatabaseReliabilityDataPersistence.close].
Exiting method [com.topcoder.reliability.impl.persistence.DatabaseReliabilityDataPersistence.close], time spent in the method: 0 milliseconds.
Entering method [com.topcoder.reliability.impl.persistence.DatabaseReliabilityDataPersistence.open()].
Exiting method [com.topcoder.reliability.impl.persistence.DatabaseReliabilityDataPersistence.open()], time spent in the method: 10 milliseconds.
Entering method [com.topcoder.reliability.impl.persistence.DatabaseReliabilityDataPersistence.getIdsOfUsersWithReliability(long projectCategoryId, Date startDate)].
Input parameters[projectCategoryId:1, startDate:Wed Oct 05 09:00:00 CST 2005]
Exiting method [com.topcoder.reliability.impl.persistence.DatabaseReliabilityDataPersistence.getIdsOfUsersWithReliability(long projectCategoryId, Date startDate)], time spent in the method: 3 milliseconds.
Output parameter: []
Entering method [com.topcoder.reliability.impl.persistence.DatabaseReliabilityDataPersistence.close].
Exiting method [com.topcoder.reliability.impl.persistence.DatabaseReliabilityDataPersistence.close], time spent in the method: 0 milliseconds.
Entering method [com.topcoder.reliability.impl.persistence.DatabaseReliabilityDataPersistence.open()].
Exiting method [com.topcoder.reliability.impl.persistence.DatabaseReliabilityDataPersistence.open()], time spent in the method: 9 milliseconds.
Entering method [com.topcoder.reliability.impl.persistence.DatabaseReliabilityDataPersistence.getIdsOfUsersWithReliability(long projectCategoryId, Date startDate)].
Input parameters[projectCategoryId:-1, startDate:Wed Oct 05 09:00:00 CST 2005]
Error in method [com.topcoder.reliability.impl.persistence.DatabaseReliabilityDataPersistence.getIdsOfUsersWithReliability(long projectCategoryId, Date startDate)], details: IllegalArgumentException is thrown.
java.lang.IllegalArgumentException: 'projectCategoryId' should be positive.
	at com.topcoder.reliability.Helper.checkPositive(Helper.java:150)
	at com.topcoder.reliability.impl.persistence.DatabaseReliabilityDataPersistence.getIdsOfUsersWithReliability(DatabaseReliabilityDataPersistence.java:327)
	at com.topcoder.reliability.impl.persistence.DatabaseReliabilityDataPersistenceUnitTests.test_getIdsOfUsersWithReliability_projectCategoryIdNegative(DatabaseReliabilityDataPersistenceUnitTests.java:495)
	at sun.reflect.NativeMethodAccessorImpl.invoke0(Native Method)
	at sun.reflect.NativeMethodAccessorImpl.invoke(NativeMethodAccessorImpl.java:39)
	at sun.reflect.DelegatingMethodAccessorImpl.invoke(DelegatingMethodAccessorImpl.java:25)
	at java.lang.reflect.Method.invoke(Method.java:597)
	at org.junit.runners.model.FrameworkMethod$1.runReflectiveCall(FrameworkMethod.java:44)
	at org.junit.internal.runners.model.ReflectiveCallable.run(ReflectiveCallable.java:15)
	at org.junit.runners.model.FrameworkMethod.invokeExplosively(FrameworkMethod.java:41)
	at org.junit.internal.runners.statements.InvokeMethod.evaluate(InvokeMethod.java:20)
	at org.junit.internal.runners.statements.ExpectException.evaluate(ExpectException.java:21)
	at org.junit.internal.runners.statements.RunBefores.evaluate(RunBefores.java:28)
	at org.junit.internal.runners.statements.RunAfters.evaluate(RunAfters.java:31)
	at org.junit.runners.BlockJUnit4ClassRunner.runNotIgnored(BlockJUnit4ClassRunner.java:79)
	at org.junit.runners.BlockJUnit4ClassRunner.runChild(BlockJUnit4ClassRunner.java:71)
	at org.junit.runners.BlockJUnit4ClassRunner.runChild(BlockJUnit4ClassRunner.java:49)
	at org.junit.runners.ParentRunner$3.run(ParentRunner.java:193)
	at org.junit.runners.ParentRunner$1.schedule(ParentRunner.java:52)
	at org.junit.runners.ParentRunner.runChildren(ParentRunner.java:191)
	at org.junit.runners.ParentRunner.access$000(ParentRunner.java:42)
	at org.junit.runners.ParentRunner$2.evaluate(ParentRunner.java:184)
	at org.junit.runners.ParentRunner.run(ParentRunner.java:236)
	at junit.framework.JUnit4TestAdapter.run(JUnit4TestAdapter.java:39)
	at junit.framework.TestSuite.runTest(TestSuite.java:243)
	at junit.framework.TestSuite.run(TestSuite.java:238)
	at junit.framework.TestSuite.runTest(TestSuite.java:243)
	at junit.framework.TestSuite.run(TestSuite.java:238)
	at org.apache.tools.ant.taskdefs.optional.junit.JUnitTestRunner.run(JUnitTestRunner.java:420)
	at org.apache.tools.ant.taskdefs.optional.junit.JUnitTestRunner.launch(JUnitTestRunner.java:911)
	at org.apache.tools.ant.taskdefs.optional.junit.JUnitTestRunner.main(JUnitTestRunner.java:768)

Entering method [com.topcoder.reliability.impl.persistence.DatabaseReliabilityDataPersistence.close].
Exiting method [com.topcoder.reliability.impl.persistence.DatabaseReliabilityDataPersistence.close], time spent in the method: 1 milliseconds.
Entering method [com.topcoder.reliability.impl.persistence.DatabaseReliabilityDataPersistence.open()].
Exiting method [com.topcoder.reliability.impl.persistence.DatabaseReliabilityDataPersistence.open()], time spent in the method: 10 milliseconds.
Entering method [com.topcoder.reliability.impl.persistence.DatabaseReliabilityDataPersistence.getIdsOfUsersWithReliability(long projectCategoryId, Date startDate)].
Input parameters[projectCategoryId:0, startDate:Wed Oct 05 09:00:00 CST 2005]
Error in method [com.topcoder.reliability.impl.persistence.DatabaseReliabilityDataPersistence.getIdsOfUsersWithReliability(long projectCategoryId, Date startDate)], details: IllegalArgumentException is thrown.
java.lang.IllegalArgumentException: 'projectCategoryId' should be positive.
	at com.topcoder.reliability.Helper.checkPositive(Helper.java:150)
	at com.topcoder.reliability.impl.persistence.DatabaseReliabilityDataPersistence.getIdsOfUsersWithReliability(DatabaseReliabilityDataPersistence.java:327)
	at com.topcoder.reliability.impl.persistence.DatabaseReliabilityDataPersistenceUnitTests.test_getIdsOfUsersWithReliability_projectCategoryIdZero(DatabaseReliabilityDataPersistenceUnitTests.java:512)
	at sun.reflect.NativeMethodAccessorImpl.invoke0(Native Method)
	at sun.reflect.NativeMethodAccessorImpl.invoke(NativeMethodAccessorImpl.java:39)
	at sun.reflect.DelegatingMethodAccessorImpl.invoke(DelegatingMethodAccessorImpl.java:25)
	at java.lang.reflect.Method.invoke(Method.java:597)
	at org.junit.runners.model.FrameworkMethod$1.runReflectiveCall(FrameworkMethod.java:44)
	at org.junit.internal.runners.model.ReflectiveCallable.run(ReflectiveCallable.java:15)
	at org.junit.runners.model.FrameworkMethod.invokeExplosively(FrameworkMethod.java:41)
	at org.junit.internal.runners.statements.InvokeMethod.evaluate(InvokeMethod.java:20)
	at org.junit.internal.runners.statements.ExpectException.evaluate(ExpectException.java:21)
	at org.junit.internal.runners.statements.RunBefores.evaluate(RunBefores.java:28)
	at org.junit.internal.runners.statements.RunAfters.evaluate(RunAfters.java:31)
	at org.junit.runners.BlockJUnit4ClassRunner.runNotIgnored(BlockJUnit4ClassRunner.java:79)
	at org.junit.runners.BlockJUnit4ClassRunner.runChild(BlockJUnit4ClassRunner.java:71)
	at org.junit.runners.BlockJUnit4ClassRunner.runChild(BlockJUnit4ClassRunner.java:49)
	at org.junit.runners.ParentRunner$3.run(ParentRunner.java:193)
	at org.junit.runners.ParentRunner$1.schedule(ParentRunner.java:52)
	at org.junit.runners.ParentRunner.runChildren(ParentRunner.java:191)
	at org.junit.runners.ParentRunner.access$000(ParentRunner.java:42)
	at org.junit.runners.ParentRunner$2.evaluate(ParentRunner.java:184)
	at org.junit.runners.ParentRunner.run(ParentRunner.java:236)
	at junit.framework.JUnit4TestAdapter.run(JUnit4TestAdapter.java:39)
	at junit.framework.TestSuite.runTest(TestSuite.java:243)
	at junit.framework.TestSuite.run(TestSuite.java:238)
	at junit.framework.TestSuite.runTest(TestSuite.java:243)
	at junit.framework.TestSuite.run(TestSuite.java:238)
	at org.apache.tools.ant.taskdefs.optional.junit.JUnitTestRunner.run(JUnitTestRunner.java:420)
	at org.apache.tools.ant.taskdefs.optional.junit.JUnitTestRunner.launch(JUnitTestRunner.java:911)
	at org.apache.tools.ant.taskdefs.optional.junit.JUnitTestRunner.main(JUnitTestRunner.java:768)

Entering method [com.topcoder.reliability.impl.persistence.DatabaseReliabilityDataPersistence.close].
Exiting method [com.topcoder.reliability.impl.persistence.DatabaseReliabilityDataPersistence.close], time spent in the method: 0 milliseconds.
Entering method [com.topcoder.reliability.impl.persistence.DatabaseReliabilityDataPersistence.open()].
Exiting method [com.topcoder.reliability.impl.persistence.DatabaseReliabilityDataPersistence.open()], time spent in the method: 11 milliseconds.
Entering method [com.topcoder.reliability.impl.persistence.DatabaseReliabilityDataPersistence.getIdsOfUsersWithReliability(long projectCategoryId, Date startDate)].
Input parameters[projectCategoryId:1, startDate:null]
Error in method [com.topcoder.reliability.impl.persistence.DatabaseReliabilityDataPersistence.getIdsOfUsersWithReliability(long projectCategoryId, Date startDate)], details: IllegalArgumentException is thrown.
java.lang.IllegalArgumentException: 'startDate' should not be null.
	at com.topcoder.reliability.Helper.checkNull(Helper.java:131)
	at com.topcoder.reliability.impl.persistence.DatabaseReliabilityDataPersistence.getIdsOfUsersWithReliability(DatabaseReliabilityDataPersistence.java:328)
	at com.topcoder.reliability.impl.persistence.DatabaseReliabilityDataPersistenceUnitTests.test_getIdsOfUsersWithReliability_startDateNull(DatabaseReliabilityDataPersistenceUnitTests.java:529)
	at sun.reflect.NativeMethodAccessorImpl.invoke0(Native Method)
	at sun.reflect.NativeMethodAccessorImpl.invoke(NativeMethodAccessorImpl.java:39)
	at sun.reflect.DelegatingMethodAccessorImpl.invoke(DelegatingMethodAccessorImpl.java:25)
	at java.lang.reflect.Method.invoke(Method.java:597)
	at org.junit.runners.model.FrameworkMethod$1.runReflectiveCall(FrameworkMethod.java:44)
	at org.junit.internal.runners.model.ReflectiveCallable.run(ReflectiveCallable.java:15)
	at org.junit.runners.model.FrameworkMethod.invokeExplosively(FrameworkMethod.java:41)
	at org.junit.internal.runners.statements.InvokeMethod.evaluate(InvokeMethod.java:20)
	at org.junit.internal.runners.statements.ExpectException.evaluate(ExpectException.java:21)
	at org.junit.internal.runners.statements.RunBefores.evaluate(RunBefores.java:28)
	at org.junit.internal.runners.statements.RunAfters.evaluate(RunAfters.java:31)
	at org.junit.runners.BlockJUnit4ClassRunner.runNotIgnored(BlockJUnit4ClassRunner.java:79)
	at org.junit.runners.BlockJUnit4ClassRunner.runChild(BlockJUnit4ClassRunner.java:71)
	at org.junit.runners.BlockJUnit4ClassRunner.runChild(BlockJUnit4ClassRunner.java:49)
	at org.junit.runners.ParentRunner$3.run(ParentRunner.java:193)
	at org.junit.runners.ParentRunner$1.schedule(ParentRunner.java:52)
	at org.junit.runners.ParentRunner.runChildren(ParentRunner.java:191)
	at org.junit.runners.ParentRunner.access$000(ParentRunner.java:42)
	at org.junit.runners.ParentRunner$2.evaluate(ParentRunner.java:184)
	at org.junit.runners.ParentRunner.run(ParentRunner.java:236)
	at junit.framework.JUnit4TestAdapter.run(JUnit4TestAdapter.java:39)
	at junit.framework.TestSuite.runTest(TestSuite.java:243)
	at junit.framework.TestSuite.run(TestSuite.java:238)
	at junit.framework.TestSuite.runTest(TestSuite.java:243)
	at junit.framework.TestSuite.run(TestSuite.java:238)
	at org.apache.tools.ant.taskdefs.optional.junit.JUnitTestRunner.run(JUnitTestRunner.java:420)
	at org.apache.tools.ant.taskdefs.optional.junit.JUnitTestRunner.launch(JUnitTestRunner.java:911)
	at org.apache.tools.ant.taskdefs.optional.junit.JUnitTestRunner.main(JUnitTestRunner.java:768)

Entering method [com.topcoder.reliability.impl.persistence.DatabaseReliabilityDataPersistence.close].
Exiting method [com.topcoder.reliability.impl.persistence.DatabaseReliabilityDataPersistence.close], time spent in the method: 1 milliseconds.
Entering method [com.topcoder.reliability.impl.persistence.DatabaseReliabilityDataPersistence.open()].
Exiting method [com.topcoder.reliability.impl.persistence.DatabaseReliabilityDataPersistence.open()], time spent in the method: 10 milliseconds.
Entering method [com.topcoder.reliability.impl.persistence.DatabaseReliabilityDataPersistence.close].
Exiting method [com.topcoder.reliability.impl.persistence.DatabaseReliabilityDataPersistence.close], time spent in the method: 0 milliseconds.
Entering method [com.topcoder.reliability.impl.persistence.DatabaseReliabilityDataPersistence.getIdsOfUsersWithReliability(long projectCategoryId, Date startDate)].
Input parameters[projectCategoryId:1, startDate:Wed Oct 05 09:00:00 CST 2005]
Error in method [com.topcoder.reliability.impl.persistence.DatabaseReliabilityDataPersistence.getIdsOfUsersWithReliability(long projectCategoryId, Date startDate)], details: IllegalStateException is thrown.
java.lang.IllegalStateException: The connection is not opened.
	at com.topcoder.reliability.Helper.checkState(Helper.java:194)
	at com.topcoder.reliability.impl.persistence.DatabaseReliabilityDataPersistence.getIdsOfUsersWithReliability(DatabaseReliabilityDataPersistence.java:331)
	at com.topcoder.reliability.impl.persistence.DatabaseReliabilityDataPersistenceUnitTests.test_getIdsOfUsersWithReliability_NotOpened(DatabaseReliabilityDataPersistenceUnitTests.java:546)
	at sun.reflect.NativeMethodAccessorImpl.invoke0(Native Method)
	at sun.reflect.NativeMethodAccessorImpl.invoke(NativeMethodAccessorImpl.java:39)
	at sun.reflect.DelegatingMethodAccessorImpl.invoke(DelegatingMethodAccessorImpl.java:25)
	at java.lang.reflect.Method.invoke(Method.java:597)
	at org.junit.runners.model.FrameworkMethod$1.runReflectiveCall(FrameworkMethod.java:44)
	at org.junit.internal.runners.model.ReflectiveCallable.run(ReflectiveCallable.java:15)
	at org.junit.runners.model.FrameworkMethod.invokeExplosively(FrameworkMethod.java:41)
	at org.junit.internal.runners.statements.InvokeMethod.evaluate(InvokeMethod.java:20)
	at org.junit.internal.runners.statements.ExpectException.evaluate(ExpectException.java:21)
	at org.junit.internal.runners.statements.RunBefores.evaluate(RunBefores.java:28)
	at org.junit.internal.runners.statements.RunAfters.evaluate(RunAfters.java:31)
	at org.junit.runners.BlockJUnit4ClassRunner.runNotIgnored(BlockJUnit4ClassRunner.java:79)
	at org.junit.runners.BlockJUnit4ClassRunner.runChild(BlockJUnit4ClassRunner.java:71)
	at org.junit.runners.BlockJUnit4ClassRunner.runChild(BlockJUnit4ClassRunner.java:49)
	at org.junit.runners.ParentRunner$3.run(ParentRunner.java:193)
	at org.junit.runners.ParentRunner$1.schedule(ParentRunner.java:52)
	at org.junit.runners.ParentRunner.runChildren(ParentRunner.java:191)
	at org.junit.runners.ParentRunner.access$000(ParentRunner.java:42)
	at org.junit.runners.ParentRunner$2.evaluate(ParentRunner.java:184)
	at org.junit.runners.ParentRunner.run(ParentRunner.java:236)
	at junit.framework.JUnit4TestAdapter.run(JUnit4TestAdapter.java:39)
	at junit.framework.TestSuite.runTest(TestSuite.java:243)
	at junit.framework.TestSuite.run(TestSuite.java:238)
	at junit.framework.TestSuite.runTest(TestSuite.java:243)
	at junit.framework.TestSuite.run(TestSuite.java:238)
	at org.apache.tools.ant.taskdefs.optional.junit.JUnitTestRunner.run(JUnitTestRunner.java:420)
	at org.apache.tools.ant.taskdefs.optional.junit.JUnitTestRunner.launch(JUnitTestRunner.java:911)
	at org.apache.tools.ant.taskdefs.optional.junit.JUnitTestRunner.main(JUnitTestRunner.java:768)

Entering method [com.topcoder.reliability.impl.persistence.DatabaseReliabilityDataPersistence.close].
Error in method [com.topcoder.reliability.impl.persistence.DatabaseReliabilityDataPersistence.close], details: IllegalStateException is thrown.
java.lang.IllegalStateException: The connection is already closed.
	at com.topcoder.reliability.Helper.checkState(Helper.java:194)
	at com.topcoder.reliability.impl.persistence.DatabaseReliabilityDataPersistence.close(DatabaseReliabilityDataPersistence.java:648)
	at com.topcoder.reliability.impl.persistence.DatabaseReliabilityDataPersistenceUnitTests.tearDown(DatabaseReliabilityDataPersistenceUnitTests.java:159)
	at sun.reflect.GeneratedMethodAccessor10.invoke(Unknown Source)
	at sun.reflect.DelegatingMethodAccessorImpl.invoke(DelegatingMethodAccessorImpl.java:25)
	at java.lang.reflect.Method.invoke(Method.java:597)
	at org.junit.runners.model.FrameworkMethod$1.runReflectiveCall(FrameworkMethod.java:44)
	at org.junit.internal.runners.model.ReflectiveCallable.run(ReflectiveCallable.java:15)
	at org.junit.runners.model.FrameworkMethod.invokeExplosively(FrameworkMethod.java:41)
	at org.junit.internal.runners.statements.RunAfters.evaluate(RunAfters.java:37)
	at org.junit.runners.BlockJUnit4ClassRunner.runNotIgnored(BlockJUnit4ClassRunner.java:79)
	at org.junit.runners.BlockJUnit4ClassRunner.runChild(BlockJUnit4ClassRunner.java:71)
	at org.junit.runners.BlockJUnit4ClassRunner.runChild(BlockJUnit4ClassRunner.java:49)
	at org.junit.runners.ParentRunner$3.run(ParentRunner.java:193)
	at org.junit.runners.ParentRunner$1.schedule(ParentRunner.java:52)
	at org.junit.runners.ParentRunner.runChildren(ParentRunner.java:191)
	at org.junit.runners.ParentRunner.access$000(ParentRunner.java:42)
	at org.junit.runners.ParentRunner$2.evaluate(ParentRunner.java:184)
	at org.junit.runners.ParentRunner.run(ParentRunner.java:236)
	at junit.framework.JUnit4TestAdapter.run(JUnit4TestAdapter.java:39)
	at junit.framework.TestSuite.runTest(TestSuite.java:243)
	at junit.framework.TestSuite.run(TestSuite.java:238)
	at junit.framework.TestSuite.runTest(TestSuite.java:243)
	at junit.framework.TestSuite.run(TestSuite.java:238)
	at org.apache.tools.ant.taskdefs.optional.junit.JUnitTestRunner.run(JUnitTestRunner.java:420)
	at org.apache.tools.ant.taskdefs.optional.junit.JUnitTestRunner.launch(JUnitTestRunner.java:911)
	at org.apache.tools.ant.taskdefs.optional.junit.JUnitTestRunner.main(JUnitTestRunner.java:768)

Entering method [com.topcoder.reliability.impl.persistence.DatabaseReliabilityDataPersistence.open()].
Exiting method [com.topcoder.reliability.impl.persistence.DatabaseReliabilityDataPersistence.open()], time spent in the method: 10 milliseconds.
Entering method [com.topcoder.reliability.impl.persistence.DatabaseReliabilityDataPersistence.close].
Exiting method [com.topcoder.reliability.impl.persistence.DatabaseReliabilityDataPersistence.close], time spent in the method: 0 milliseconds.
Entering method [com.topcoder.reliability.impl.persistence.DatabaseReliabilityDataPersistence.open()].
Exiting method [com.topcoder.reliability.impl.persistence.DatabaseReliabilityDataPersistence.open()], time spent in the method: 9 milliseconds.
Entering method [com.topcoder.reliability.impl.persistence.DatabaseReliabilityDataPersistence.getIdsOfUsersWithReliability(long projectCategoryId, Date startDate)].
Input parameters[projectCategoryId:1, startDate:Wed Oct 05 09:00:00 CST 2005]
Error in method [com.topcoder.reliability.impl.persistence.DatabaseReliabilityDataPersistence.getIdsOfUsersWithReliability(long projectCategoryId, Date startDate)], details: ReliabilityDataPersistenceException is thrown when retrieving the IDs of users.
com.topcoder.reliability.impl.ReliabilityDataPersistenceException: A database access error occurred.
	at com.topcoder.reliability.impl.persistence.DatabaseReliabilityDataPersistence.getIdsOfUsersWithReliability(DatabaseReliabilityDataPersistence.java:370)
	at com.topcoder.reliability.impl.persistence.DatabaseReliabilityDataPersistenceUnitTests.test_getIdsOfUsersWithReliability_Error(DatabaseReliabilityDataPersistenceUnitTests.java:582)
	at sun.reflect.NativeMethodAccessorImpl.invoke0(Native Method)
	at sun.reflect.NativeMethodAccessorImpl.invoke(NativeMethodAccessorImpl.java:39)
	at sun.reflect.DelegatingMethodAccessorImpl.invoke(DelegatingMethodAccessorImpl.java:25)
	at java.lang.reflect.Method.invoke(Method.java:597)
	at org.junit.runners.model.FrameworkMethod$1.runReflectiveCall(FrameworkMethod.java:44)
	at org.junit.internal.runners.model.ReflectiveCallable.run(ReflectiveCallable.java:15)
	at org.junit.runners.model.FrameworkMethod.invokeExplosively(FrameworkMethod.java:41)
	at org.junit.internal.runners.statements.InvokeMethod.evaluate(InvokeMethod.java:20)
	at org.junit.internal.runners.statements.ExpectException.evaluate(ExpectException.java:21)
	at org.junit.internal.runners.statements.RunBefores.evaluate(RunBefores.java:28)
	at org.junit.internal.runners.statements.RunAfters.evaluate(RunAfters.java:31)
	at org.junit.runners.BlockJUnit4ClassRunner.runNotIgnored(BlockJUnit4ClassRunner.java:79)
	at org.junit.runners.BlockJUnit4ClassRunner.runChild(BlockJUnit4ClassRunner.java:71)
	at org.junit.runners.BlockJUnit4ClassRunner.runChild(BlockJUnit4ClassRunner.java:49)
	at org.junit.runners.ParentRunner$3.run(ParentRunner.java:193)
	at org.junit.runners.ParentRunner$1.schedule(ParentRunner.java:52)
	at org.junit.runners.ParentRunner.runChildren(ParentRunner.java:191)
	at org.junit.runners.ParentRunner.access$000(ParentRunner.java:42)
	at org.junit.runners.ParentRunner$2.evaluate(ParentRunner.java:184)
	at org.junit.runners.ParentRunner.run(ParentRunner.java:236)
	at junit.framework.JUnit4TestAdapter.run(JUnit4TestAdapter.java:39)
	at junit.framework.TestSuite.runTest(TestSuite.java:243)
	at junit.framework.TestSuite.run(TestSuite.java:238)
	at junit.framework.TestSuite.runTest(TestSuite.java:243)
	at junit.framework.TestSuite.run(TestSuite.java:238)
	at org.apache.tools.ant.taskdefs.optional.junit.JUnitTestRunner.run(JUnitTestRunner.java:420)
	at org.apache.tools.ant.taskdefs.optional.junit.JUnitTestRunner.launch(JUnitTestRunner.java:911)
	at org.apache.tools.ant.taskdefs.optional.junit.JUnitTestRunner.main(JUnitTestRunner.java:768)
Caused by: java.sql.SQLException: Connection not established
	at com.informix.util.IfxErrMsg.getSQLException(IfxErrMsg.java:413)
	at com.informix.jdbc.IfxSqliConnect.h(IfxSqliConnect.java:6588)
	at com.informix.jdbc.IfxSqliConnect.prepareStatement(IfxSqliConnect.java:2396)
	at com.topcoder.reliability.impl.persistence.DatabaseReliabilityDataPersistence.getIdsOfUsersWithReliability(DatabaseReliabilityDataPersistence.java:334)
	... 29 more

Entering method [com.topcoder.reliability.impl.persistence.DatabaseReliabilityDataPersistence.close].
Exiting method [com.topcoder.reliability.impl.persistence.DatabaseReliabilityDataPersistence.close], time spent in the method: 0 milliseconds.
Entering method [com.topcoder.reliability.impl.persistence.DatabaseReliabilityDataPersistence.open()].
Exiting method [com.topcoder.reliability.impl.persistence.DatabaseReliabilityDataPersistence.open()], time spent in the method: 10 milliseconds.
Entering method [com.topcoder.reliability.impl.persistence.DatabaseReliabilityDataPersistence.getUserParticipationData(long userId, long projectCategoryId, Date startDate)].
Input parameters[userId:123456, projectCategoryId:1, startDate:Wed Oct 05 09:00:00 CST 2005]
Exiting method [com.topcoder.reliability.impl.persistence.DatabaseReliabilityDataPersistence.getUserParticipationData(long userId, long projectCategoryId, Date startDate)], time spent in the method: 425 milliseconds.
Output parameter: [com.topcoder.reliability.impl.UserProjectParticipationData@68b57af1, com.topcoder.reliability.impl.UserProjectParticipationData@629a99eb]
Entering method [com.topcoder.reliability.impl.persistence.DatabaseReliabilityDataPersistence.close].
Exiting method [com.topcoder.reliability.impl.persistence.DatabaseReliabilityDataPersistence.close], time spent in the method: 0 milliseconds.
Entering method [com.topcoder.reliability.impl.persistence.DatabaseReliabilityDataPersistence.open()].
Exiting method [com.topcoder.reliability.impl.persistence.DatabaseReliabilityDataPersistence.open()], time spent in the method: 8 milliseconds.
Entering method [com.topcoder.reliability.impl.persistence.DatabaseReliabilityDataPersistence.getUserParticipationData(long userId, long projectCategoryId, Date startDate)].
Input parameters[userId:123456, projectCategoryId:1, startDate:Wed Oct 05 09:00:00 CST 2005]
Exiting method [com.topcoder.reliability.impl.persistence.DatabaseReliabilityDataPersistence.getUserParticipationData(long userId, long projectCategoryId, Date startDate)], time spent in the method: 4 milliseconds.
Output parameter: []
Entering method [com.topcoder.reliability.impl.persistence.DatabaseReliabilityDataPersistence.close].
Exiting method [com.topcoder.reliability.impl.persistence.DatabaseReliabilityDataPersistence.close], time spent in the method: 0 milliseconds.
Entering method [com.topcoder.reliability.impl.persistence.DatabaseReliabilityDataPersistence.open()].
Exiting method [com.topcoder.reliability.impl.persistence.DatabaseReliabilityDataPersistence.open()], time spent in the method: 9 milliseconds.
Entering method [com.topcoder.reliability.impl.persistence.DatabaseReliabilityDataPersistence.getUserParticipationData(long userId, long projectCategoryId, Date startDate)].
Input parameters[userId:-1, projectCategoryId:1, startDate:Wed Oct 05 09:00:00 CST 2005]
Error in method [com.topcoder.reliability.impl.persistence.DatabaseReliabilityDataPersistence.getUserParticipationData(long userId, long projectCategoryId, Date startDate)], details: IllegalArgumentException is thrown.
java.lang.IllegalArgumentException: 'userId' should be positive.
	at com.topcoder.reliability.Helper.checkPositive(Helper.java:150)
	at com.topcoder.reliability.impl.persistence.DatabaseReliabilityDataPersistence.getUserParticipationData(DatabaseReliabilityDataPersistence.java:411)
	at com.topcoder.reliability.impl.persistence.DatabaseReliabilityDataPersistenceUnitTests.test_getUserParticipationData_userIdNegative(DatabaseReliabilityDataPersistenceUnitTests.java:639)
	at sun.reflect.NativeMethodAccessorImpl.invoke0(Native Method)
	at sun.reflect.NativeMethodAccessorImpl.invoke(NativeMethodAccessorImpl.java:39)
	at sun.reflect.DelegatingMethodAccessorImpl.invoke(DelegatingMethodAccessorImpl.java:25)
	at java.lang.reflect.Method.invoke(Method.java:597)
	at org.junit.runners.model.FrameworkMethod$1.runReflectiveCall(FrameworkMethod.java:44)
	at org.junit.internal.runners.model.ReflectiveCallable.run(ReflectiveCallable.java:15)
	at org.junit.runners.model.FrameworkMethod.invokeExplosively(FrameworkMethod.java:41)
	at org.junit.internal.runners.statements.InvokeMethod.evaluate(InvokeMethod.java:20)
	at org.junit.internal.runners.statements.ExpectException.evaluate(ExpectException.java:21)
	at org.junit.internal.runners.statements.RunBefores.evaluate(RunBefores.java:28)
	at org.junit.internal.runners.statements.RunAfters.evaluate(RunAfters.java:31)
	at org.junit.runners.BlockJUnit4ClassRunner.runNotIgnored(BlockJUnit4ClassRunner.java:79)
	at org.junit.runners.BlockJUnit4ClassRunner.runChild(BlockJUnit4ClassRunner.java:71)
	at org.junit.runners.BlockJUnit4ClassRunner.runChild(BlockJUnit4ClassRunner.java:49)
	at org.junit.runners.ParentRunner$3.run(ParentRunner.java:193)
	at org.junit.runners.ParentRunner$1.schedule(ParentRunner.java:52)
	at org.junit.runners.ParentRunner.runChildren(ParentRunner.java:191)
	at org.junit.runners.ParentRunner.access$000(ParentRunner.java:42)
	at org.junit.runners.ParentRunner$2.evaluate(ParentRunner.java:184)
	at org.junit.runners.ParentRunner.run(ParentRunner.java:236)
	at junit.framework.JUnit4TestAdapter.run(JUnit4TestAdapter.java:39)
	at junit.framework.TestSuite.runTest(TestSuite.java:243)
	at junit.framework.TestSuite.run(TestSuite.java:238)
	at junit.framework.TestSuite.runTest(TestSuite.java:243)
	at junit.framework.TestSuite.run(TestSuite.java:238)
	at org.apache.tools.ant.taskdefs.optional.junit.JUnitTestRunner.run(JUnitTestRunner.java:420)
	at org.apache.tools.ant.taskdefs.optional.junit.JUnitTestRunner.launch(JUnitTestRunner.java:911)
	at org.apache.tools.ant.taskdefs.optional.junit.JUnitTestRunner.main(JUnitTestRunner.java:768)

Entering method [com.topcoder.reliability.impl.persistence.DatabaseReliabilityDataPersistence.close].
Exiting method [com.topcoder.reliability.impl.persistence.DatabaseReliabilityDataPersistence.close], time spent in the method: 0 milliseconds.
Entering method [com.topcoder.reliability.impl.persistence.DatabaseReliabilityDataPersistence.open()].
Exiting method [com.topcoder.reliability.impl.persistence.DatabaseReliabilityDataPersistence.open()], time spent in the method: 9 milliseconds.
Entering method [com.topcoder.reliability.impl.persistence.DatabaseReliabilityDataPersistence.getUserParticipationData(long userId, long projectCategoryId, Date startDate)].
Input parameters[userId:0, projectCategoryId:1, startDate:Wed Oct 05 09:00:00 CST 2005]
Error in method [com.topcoder.reliability.impl.persistence.DatabaseReliabilityDataPersistence.getUserParticipationData(long userId, long projectCategoryId, Date startDate)], details: IllegalArgumentException is thrown.
java.lang.IllegalArgumentException: 'userId' should be positive.
	at com.topcoder.reliability.Helper.checkPositive(Helper.java:150)
	at com.topcoder.reliability.impl.persistence.DatabaseReliabilityDataPersistence.getUserParticipationData(DatabaseReliabilityDataPersistence.java:411)
	at com.topcoder.reliability.impl.persistence.DatabaseReliabilityDataPersistenceUnitTests.test_getUserParticipationData_userIdZero(DatabaseReliabilityDataPersistenceUnitTests.java:656)
	at sun.reflect.NativeMethodAccessorImpl.invoke0(Native Method)
	at sun.reflect.NativeMethodAccessorImpl.invoke(NativeMethodAccessorImpl.java:39)
	at sun.reflect.DelegatingMethodAccessorImpl.invoke(DelegatingMethodAccessorImpl.java:25)
	at java.lang.reflect.Method.invoke(Method.java:597)
	at org.junit.runners.model.FrameworkMethod$1.runReflectiveCall(FrameworkMethod.java:44)
	at org.junit.internal.runners.model.ReflectiveCallable.run(ReflectiveCallable.java:15)
	at org.junit.runners.model.FrameworkMethod.invokeExplosively(FrameworkMethod.java:41)
	at org.junit.internal.runners.statements.InvokeMethod.evaluate(InvokeMethod.java:20)
	at org.junit.internal.runners.statements.ExpectException.evaluate(ExpectException.java:21)
	at org.junit.internal.runners.statements.RunBefores.evaluate(RunBefores.java:28)
	at org.junit.internal.runners.statements.RunAfters.evaluate(RunAfters.java:31)
	at org.junit.runners.BlockJUnit4ClassRunner.runNotIgnored(BlockJUnit4ClassRunner.java:79)
	at org.junit.runners.BlockJUnit4ClassRunner.runChild(BlockJUnit4ClassRunner.java:71)
	at org.junit.runners.BlockJUnit4ClassRunner.runChild(BlockJUnit4ClassRunner.java:49)
	at org.junit.runners.ParentRunner$3.run(ParentRunner.java:193)
	at org.junit.runners.ParentRunner$1.schedule(ParentRunner.java:52)
	at org.junit.runners.ParentRunner.runChildren(ParentRunner.java:191)
	at org.junit.runners.ParentRunner.access$000(ParentRunner.java:42)
	at org.junit.runners.ParentRunner$2.evaluate(ParentRunner.java:184)
	at org.junit.runners.ParentRunner.run(ParentRunner.java:236)
	at junit.framework.JUnit4TestAdapter.run(JUnit4TestAdapter.java:39)
	at junit.framework.TestSuite.runTest(TestSuite.java:243)
	at junit.framework.TestSuite.run(TestSuite.java:238)
	at junit.framework.TestSuite.runTest(TestSuite.java:243)
	at junit.framework.TestSuite.run(TestSuite.java:238)
	at org.apache.tools.ant.taskdefs.optional.junit.JUnitTestRunner.run(JUnitTestRunner.java:420)
	at org.apache.tools.ant.taskdefs.optional.junit.JUnitTestRunner.launch(JUnitTestRunner.java:911)
	at org.apache.tools.ant.taskdefs.optional.junit.JUnitTestRunner.main(JUnitTestRunner.java:768)

Entering method [com.topcoder.reliability.impl.persistence.DatabaseReliabilityDataPersistence.close].
Exiting method [com.topcoder.reliability.impl.persistence.DatabaseReliabilityDataPersistence.close], time spent in the method: 0 milliseconds.
Entering method [com.topcoder.reliability.impl.persistence.DatabaseReliabilityDataPersistence.open()].
Exiting method [com.topcoder.reliability.impl.persistence.DatabaseReliabilityDataPersistence.open()], time spent in the method: 9 milliseconds.
Entering method [com.topcoder.reliability.impl.persistence.DatabaseReliabilityDataPersistence.getUserParticipationData(long userId, long projectCategoryId, Date startDate)].
Input parameters[userId:123456, projectCategoryId:-1, startDate:Wed Oct 05 09:00:00 CST 2005]
Error in method [com.topcoder.reliability.impl.persistence.DatabaseReliabilityDataPersistence.getUserParticipationData(long userId, long projectCategoryId, Date startDate)], details: IllegalArgumentException is thrown.
java.lang.IllegalArgumentException: 'projectCategoryId' should be positive.
	at com.topcoder.reliability.Helper.checkPositive(Helper.java:150)
	at com.topcoder.reliability.impl.persistence.DatabaseReliabilityDataPersistence.getUserParticipationData(DatabaseReliabilityDataPersistence.java:412)
	at com.topcoder.reliability.impl.persistence.DatabaseReliabilityDataPersistenceUnitTests.test_getUserParticipationData_projectCategoryIdNegative(DatabaseReliabilityDataPersistenceUnitTests.java:673)
	at sun.reflect.NativeMethodAccessorImpl.invoke0(Native Method)
	at sun.reflect.NativeMethodAccessorImpl.invoke(NativeMethodAccessorImpl.java:39)
	at sun.reflect.DelegatingMethodAccessorImpl.invoke(DelegatingMethodAccessorImpl.java:25)
	at java.lang.reflect.Method.invoke(Method.java:597)
	at org.junit.runners.model.FrameworkMethod$1.runReflectiveCall(FrameworkMethod.java:44)
	at org.junit.internal.runners.model.ReflectiveCallable.run(ReflectiveCallable.java:15)
	at org.junit.runners.model.FrameworkMethod.invokeExplosively(FrameworkMethod.java:41)
	at org.junit.internal.runners.statements.InvokeMethod.evaluate(InvokeMethod.java:20)
	at org.junit.internal.runners.statements.ExpectException.evaluate(ExpectException.java:21)
	at org.junit.internal.runners.statements.RunBefores.evaluate(RunBefores.java:28)
	at org.junit.internal.runners.statements.RunAfters.evaluate(RunAfters.java:31)
	at org.junit.runners.BlockJUnit4ClassRunner.runNotIgnored(BlockJUnit4ClassRunner.java:79)
	at org.junit.runners.BlockJUnit4ClassRunner.runChild(BlockJUnit4ClassRunner.java:71)
	at org.junit.runners.BlockJUnit4ClassRunner.runChild(BlockJUnit4ClassRunner.java:49)
	at org.junit.runners.ParentRunner$3.run(ParentRunner.java:193)
	at org.junit.runners.ParentRunner$1.schedule(ParentRunner.java:52)
	at org.junit.runners.ParentRunner.runChildren(ParentRunner.java:191)
	at org.junit.runners.ParentRunner.access$000(ParentRunner.java:42)
	at org.junit.runners.ParentRunner$2.evaluate(ParentRunner.java:184)
	at org.junit.runners.ParentRunner.run(ParentRunner.java:236)
	at junit.framework.JUnit4TestAdapter.run(JUnit4TestAdapter.java:39)
	at junit.framework.TestSuite.runTest(TestSuite.java:243)
	at junit.framework.TestSuite.run(TestSuite.java:238)
	at junit.framework.TestSuite.runTest(TestSuite.java:243)
	at junit.framework.TestSuite.run(TestSuite.java:238)
	at org.apache.tools.ant.taskdefs.optional.junit.JUnitTestRunner.run(JUnitTestRunner.java:420)
	at org.apache.tools.ant.taskdefs.optional.junit.JUnitTestRunner.launch(JUnitTestRunner.java:911)
	at org.apache.tools.ant.taskdefs.optional.junit.JUnitTestRunner.main(JUnitTestRunner.java:768)

Entering method [com.topcoder.reliability.impl.persistence.DatabaseReliabilityDataPersistence.close].
Exiting method [com.topcoder.reliability.impl.persistence.DatabaseReliabilityDataPersistence.close], time spent in the method: 0 milliseconds.
Entering method [com.topcoder.reliability.impl.persistence.DatabaseReliabilityDataPersistence.open()].
Exiting method [com.topcoder.reliability.impl.persistence.DatabaseReliabilityDataPersistence.open()], time spent in the method: 14 milliseconds.
Entering method [com.topcoder.reliability.impl.persistence.DatabaseReliabilityDataPersistence.getUserParticipationData(long userId, long projectCategoryId, Date startDate)].
Input parameters[userId:123456, projectCategoryId:0, startDate:Wed Oct 05 09:00:00 CST 2005]
Error in method [com.topcoder.reliability.impl.persistence.DatabaseReliabilityDataPersistence.getUserParticipationData(long userId, long projectCategoryId, Date startDate)], details: IllegalArgumentException is thrown.
java.lang.IllegalArgumentException: 'projectCategoryId' should be positive.
	at com.topcoder.reliability.Helper.checkPositive(Helper.java:150)
	at com.topcoder.reliability.impl.persistence.DatabaseReliabilityDataPersistence.getUserParticipationData(DatabaseReliabilityDataPersistence.java:412)
	at com.topcoder.reliability.impl.persistence.DatabaseReliabilityDataPersistenceUnitTests.test_getUserParticipationData_projectCategoryIdZero(DatabaseReliabilityDataPersistenceUnitTests.java:690)
	at sun.reflect.NativeMethodAccessorImpl.invoke0(Native Method)
	at sun.reflect.NativeMethodAccessorImpl.invoke(NativeMethodAccessorImpl.java:39)
	at sun.reflect.DelegatingMethodAccessorImpl.invoke(DelegatingMethodAccessorImpl.java:25)
	at java.lang.reflect.Method.invoke(Method.java:597)
	at org.junit.runners.model.FrameworkMethod$1.runReflectiveCall(FrameworkMethod.java:44)
	at org.junit.internal.runners.model.ReflectiveCallable.run(ReflectiveCallable.java:15)
	at org.junit.runners.model.FrameworkMethod.invokeExplosively(FrameworkMethod.java:41)
	at org.junit.internal.runners.statements.InvokeMethod.evaluate(InvokeMethod.java:20)
	at org.junit.internal.runners.statements.ExpectException.evaluate(ExpectException.java:21)
	at org.junit.internal.runners.statements.RunBefores.evaluate(RunBefores.java:28)
	at org.junit.internal.runners.statements.RunAfters.evaluate(RunAfters.java:31)
	at org.junit.runners.BlockJUnit4ClassRunner.runNotIgnored(BlockJUnit4ClassRunner.java:79)
	at org.junit.runners.BlockJUnit4ClassRunner.runChild(BlockJUnit4ClassRunner.java:71)
	at org.junit.runners.BlockJUnit4ClassRunner.runChild(BlockJUnit4ClassRunner.java:49)
	at org.junit.runners.ParentRunner$3.run(ParentRunner.java:193)
	at org.junit.runners.ParentRunner$1.schedule(ParentRunner.java:52)
	at org.junit.runners.ParentRunner.runChildren(ParentRunner.java:191)
	at org.junit.runners.ParentRunner.access$000(ParentRunner.java:42)
	at org.junit.runners.ParentRunner$2.evaluate(ParentRunner.java:184)
	at org.junit.runners.ParentRunner.run(ParentRunner.java:236)
	at junit.framework.JUnit4TestAdapter.run(JUnit4TestAdapter.java:39)
	at junit.framework.TestSuite.runTest(TestSuite.java:243)
	at junit.framework.TestSuite.run(TestSuite.java:238)
	at junit.framework.TestSuite.runTest(TestSuite.java:243)
	at junit.framework.TestSuite.run(TestSuite.java:238)
	at org.apache.tools.ant.taskdefs.optional.junit.JUnitTestRunner.run(JUnitTestRunner.java:420)
	at org.apache.tools.ant.taskdefs.optional.junit.JUnitTestRunner.launch(JUnitTestRunner.java:911)
	at org.apache.tools.ant.taskdefs.optional.junit.JUnitTestRunner.main(JUnitTestRunner.java:768)

Entering method [com.topcoder.reliability.impl.persistence.DatabaseReliabilityDataPersistence.close].
Exiting method [com.topcoder.reliability.impl.persistence.DatabaseReliabilityDataPersistence.close], time spent in the method: 0 milliseconds.
Entering method [com.topcoder.reliability.impl.persistence.DatabaseReliabilityDataPersistence.open()].
Exiting method [com.topcoder.reliability.impl.persistence.DatabaseReliabilityDataPersistence.open()], time spent in the method: 9 milliseconds.
Entering method [com.topcoder.reliability.impl.persistence.DatabaseReliabilityDataPersistence.getUserParticipationData(long userId, long projectCategoryId, Date startDate)].
Input parameters[userId:123456, projectCategoryId:1, startDate:null]
Error in method [com.topcoder.reliability.impl.persistence.DatabaseReliabilityDataPersistence.getUserParticipationData(long userId, long projectCategoryId, Date startDate)], details: IllegalArgumentException is thrown.
java.lang.IllegalArgumentException: 'startDate' should not be null.
	at com.topcoder.reliability.Helper.checkNull(Helper.java:131)
	at com.topcoder.reliability.impl.persistence.DatabaseReliabilityDataPersistence.getUserParticipationData(DatabaseReliabilityDataPersistence.java:413)
	at com.topcoder.reliability.impl.persistence.DatabaseReliabilityDataPersistenceUnitTests.test_getUserParticipationData_startDateNull(DatabaseReliabilityDataPersistenceUnitTests.java:707)
	at sun.reflect.NativeMethodAccessorImpl.invoke0(Native Method)
	at sun.reflect.NativeMethodAccessorImpl.invoke(NativeMethodAccessorImpl.java:39)
	at sun.reflect.DelegatingMethodAccessorImpl.invoke(DelegatingMethodAccessorImpl.java:25)
	at java.lang.reflect.Method.invoke(Method.java:597)
	at org.junit.runners.model.FrameworkMethod$1.runReflectiveCall(FrameworkMethod.java:44)
	at org.junit.internal.runners.model.ReflectiveCallable.run(ReflectiveCallable.java:15)
	at org.junit.runners.model.FrameworkMethod.invokeExplosively(FrameworkMethod.java:41)
	at org.junit.internal.runners.statements.InvokeMethod.evaluate(InvokeMethod.java:20)
	at org.junit.internal.runners.statements.ExpectException.evaluate(ExpectException.java:21)
	at org.junit.internal.runners.statements.RunBefores.evaluate(RunBefores.java:28)
	at org.junit.internal.runners.statements.RunAfters.evaluate(RunAfters.java:31)
	at org.junit.runners.BlockJUnit4ClassRunner.runNotIgnored(BlockJUnit4ClassRunner.java:79)
	at org.junit.runners.BlockJUnit4ClassRunner.runChild(BlockJUnit4ClassRunner.java:71)
	at org.junit.runners.BlockJUnit4ClassRunner.runChild(BlockJUnit4ClassRunner.java:49)
	at org.junit.runners.ParentRunner$3.run(ParentRunner.java:193)
	at org.junit.runners.ParentRunner$1.schedule(ParentRunner.java:52)
	at org.junit.runners.ParentRunner.runChildren(ParentRunner.java:191)
	at org.junit.runners.ParentRunner.access$000(ParentRunner.java:42)
	at org.junit.runners.ParentRunner$2.evaluate(ParentRunner.java:184)
	at org.junit.runners.ParentRunner.run(ParentRunner.java:236)
	at junit.framework.JUnit4TestAdapter.run(JUnit4TestAdapter.java:39)
	at junit.framework.TestSuite.runTest(TestSuite.java:243)
	at junit.framework.TestSuite.run(TestSuite.java:238)
	at junit.framework.TestSuite.runTest(TestSuite.java:243)
	at junit.framework.TestSuite.run(TestSuite.java:238)
	at org.apache.tools.ant.taskdefs.optional.junit.JUnitTestRunner.run(JUnitTestRunner.java:420)
	at org.apache.tools.ant.taskdefs.optional.junit.JUnitTestRunner.launch(JUnitTestRunner.java:911)
	at org.apache.tools.ant.taskdefs.optional.junit.JUnitTestRunner.main(JUnitTestRunner.java:768)

Entering method [com.topcoder.reliability.impl.persistence.DatabaseReliabilityDataPersistence.close].
Exiting method [com.topcoder.reliability.impl.persistence.DatabaseReliabilityDataPersistence.close], time spent in the method: 1 milliseconds.
Entering method [com.topcoder.reliability.impl.persistence.DatabaseReliabilityDataPersistence.open()].
Exiting method [com.topcoder.reliability.impl.persistence.DatabaseReliabilityDataPersistence.open()], time spent in the method: 8 milliseconds.
Entering method [com.topcoder.reliability.impl.persistence.DatabaseReliabilityDataPersistence.close].
Exiting method [com.topcoder.reliability.impl.persistence.DatabaseReliabilityDataPersistence.close], time spent in the method: 0 milliseconds.
Entering method [com.topcoder.reliability.impl.persistence.DatabaseReliabilityDataPersistence.getUserParticipationData(long userId, long projectCategoryId, Date startDate)].
Input parameters[userId:123456, projectCategoryId:1, startDate:Wed Oct 05 09:00:00 CST 2005]
Error in method [com.topcoder.reliability.impl.persistence.DatabaseReliabilityDataPersistence.getUserParticipationData(long userId, long projectCategoryId, Date startDate)], details: IllegalStateException is thrown.
java.lang.IllegalStateException: The connection is not opened.
	at com.topcoder.reliability.Helper.checkState(Helper.java:194)
	at com.topcoder.reliability.impl.persistence.DatabaseReliabilityDataPersistence.getUserParticipationData(DatabaseReliabilityDataPersistence.java:416)
	at com.topcoder.reliability.impl.persistence.DatabaseReliabilityDataPersistenceUnitTests.test_getUserParticipationData_NotOpened(DatabaseReliabilityDataPersistenceUnitTests.java:724)
	at sun.reflect.NativeMethodAccessorImpl.invoke0(Native Method)
	at sun.reflect.NativeMethodAccessorImpl.invoke(NativeMethodAccessorImpl.java:39)
	at sun.reflect.DelegatingMethodAccessorImpl.invoke(DelegatingMethodAccessorImpl.java:25)
	at java.lang.reflect.Method.invoke(Method.java:597)
	at org.junit.runners.model.FrameworkMethod$1.runReflectiveCall(FrameworkMethod.java:44)
	at org.junit.internal.runners.model.ReflectiveCallable.run(ReflectiveCallable.java:15)
	at org.junit.runners.model.FrameworkMethod.invokeExplosively(FrameworkMethod.java:41)
	at org.junit.internal.runners.statements.InvokeMethod.evaluate(InvokeMethod.java:20)
	at org.junit.internal.runners.statements.ExpectException.evaluate(ExpectException.java:21)
	at org.junit.internal.runners.statements.RunBefores.evaluate(RunBefores.java:28)
	at org.junit.internal.runners.statements.RunAfters.evaluate(RunAfters.java:31)
	at org.junit.runners.BlockJUnit4ClassRunner.runNotIgnored(BlockJUnit4ClassRunner.java:79)
	at org.junit.runners.BlockJUnit4ClassRunner.runChild(BlockJUnit4ClassRunner.java:71)
	at org.junit.runners.BlockJUnit4ClassRunner.runChild(BlockJUnit4ClassRunner.java:49)
	at org.junit.runners.ParentRunner$3.run(ParentRunner.java:193)
	at org.junit.runners.ParentRunner$1.schedule(ParentRunner.java:52)
	at org.junit.runners.ParentRunner.runChildren(ParentRunner.java:191)
	at org.junit.runners.ParentRunner.access$000(ParentRunner.java:42)
	at org.junit.runners.ParentRunner$2.evaluate(ParentRunner.java:184)
	at org.junit.runners.ParentRunner.run(ParentRunner.java:236)
	at junit.framework.JUnit4TestAdapter.run(JUnit4TestAdapter.java:39)
	at junit.framework.TestSuite.runTest(TestSuite.java:243)
	at junit.framework.TestSuite.run(TestSuite.java:238)
	at junit.framework.TestSuite.runTest(TestSuite.java:243)
	at junit.framework.TestSuite.run(TestSuite.java:238)
	at org.apache.tools.ant.taskdefs.optional.junit.JUnitTestRunner.run(JUnitTestRunner.java:420)
	at org.apache.tools.ant.taskdefs.optional.junit.JUnitTestRunner.launch(JUnitTestRunner.java:911)
	at org.apache.tools.ant.taskdefs.optional.junit.JUnitTestRunner.main(JUnitTestRunner.java:768)

Entering method [com.topcoder.reliability.impl.persistence.DatabaseReliabilityDataPersistence.close].
Error in method [com.topcoder.reliability.impl.persistence.DatabaseReliabilityDataPersistence.close], details: IllegalStateException is thrown.
java.lang.IllegalStateException: The connection is already closed.
	at com.topcoder.reliability.Helper.checkState(Helper.java:194)
	at com.topcoder.reliability.impl.persistence.DatabaseReliabilityDataPersistence.close(DatabaseReliabilityDataPersistence.java:648)
	at com.topcoder.reliability.impl.persistence.DatabaseReliabilityDataPersistenceUnitTests.tearDown(DatabaseReliabilityDataPersistenceUnitTests.java:159)
	at sun.reflect.GeneratedMethodAccessor10.invoke(Unknown Source)
	at sun.reflect.DelegatingMethodAccessorImpl.invoke(DelegatingMethodAccessorImpl.java:25)
	at java.lang.reflect.Method.invoke(Method.java:597)
	at org.junit.runners.model.FrameworkMethod$1.runReflectiveCall(FrameworkMethod.java:44)
	at org.junit.internal.runners.model.ReflectiveCallable.run(ReflectiveCallable.java:15)
	at org.junit.runners.model.FrameworkMethod.invokeExplosively(FrameworkMethod.java:41)
	at org.junit.internal.runners.statements.RunAfters.evaluate(RunAfters.java:37)
	at org.junit.runners.BlockJUnit4ClassRunner.runNotIgnored(BlockJUnit4ClassRunner.java:79)
	at org.junit.runners.BlockJUnit4ClassRunner.runChild(BlockJUnit4ClassRunner.java:71)
	at org.junit.runners.BlockJUnit4ClassRunner.runChild(BlockJUnit4ClassRunner.java:49)
	at org.junit.runners.ParentRunner$3.run(ParentRunner.java:193)
	at org.junit.runners.ParentRunner$1.schedule(ParentRunner.java:52)
	at org.junit.runners.ParentRunner.runChildren(ParentRunner.java:191)
	at org.junit.runners.ParentRunner.access$000(ParentRunner.java:42)
	at org.junit.runners.ParentRunner$2.evaluate(ParentRunner.java:184)
	at org.junit.runners.ParentRunner.run(ParentRunner.java:236)
	at junit.framework.JUnit4TestAdapter.run(JUnit4TestAdapter.java:39)
	at junit.framework.TestSuite.runTest(TestSuite.java:243)
	at junit.framework.TestSuite.run(TestSuite.java:238)
	at junit.framework.TestSuite.runTest(TestSuite.java:243)
	at junit.framework.TestSuite.run(TestSuite.java:238)
	at org.apache.tools.ant.taskdefs.optional.junit.JUnitTestRunner.run(JUnitTestRunner.java:420)
	at org.apache.tools.ant.taskdefs.optional.junit.JUnitTestRunner.launch(JUnitTestRunner.java:911)
	at org.apache.tools.ant.taskdefs.optional.junit.JUnitTestRunner.main(JUnitTestRunner.java:768)

Entering method [com.topcoder.reliability.impl.persistence.DatabaseReliabilityDataPersistence.open()].
Exiting method [com.topcoder.reliability.impl.persistence.DatabaseReliabilityDataPersistence.open()], time spent in the method: 9 milliseconds.
Entering method [com.topcoder.reliability.impl.persistence.DatabaseReliabilityDataPersistence.close].
Exiting method [com.topcoder.reliability.impl.persistence.DatabaseReliabilityDataPersistence.close], time spent in the method: 0 milliseconds.
Entering method [com.topcoder.reliability.impl.persistence.DatabaseReliabilityDataPersistence.open()].
Exiting method [com.topcoder.reliability.impl.persistence.DatabaseReliabilityDataPersistence.open()], time spent in the method: 8 milliseconds.
Entering method [com.topcoder.reliability.impl.persistence.DatabaseReliabilityDataPersistence.getUserParticipationData(long userId, long projectCategoryId, Date startDate)].
Input parameters[userId:123456, projectCategoryId:1, startDate:Wed Oct 05 09:00:00 CST 2005]
Error in method [com.topcoder.reliability.impl.persistence.DatabaseReliabilityDataPersistence.getUserParticipationData(long userId, long projectCategoryId, Date startDate)], details: ReliabilityDataPersistenceException is thrown when retrieving the IDs of users.
com.topcoder.reliability.impl.ReliabilityDataPersistenceException: A database access error occurred.
	at com.topcoder.reliability.impl.persistence.DatabaseReliabilityDataPersistence.getUserParticipationData(DatabaseReliabilityDataPersistence.java:458)
	at com.topcoder.reliability.impl.persistence.DatabaseReliabilityDataPersistenceUnitTests.test_getUserParticipationData_Error(DatabaseReliabilityDataPersistenceUnitTests.java:760)
	at sun.reflect.NativeMethodAccessorImpl.invoke0(Native Method)
	at sun.reflect.NativeMethodAccessorImpl.invoke(NativeMethodAccessorImpl.java:39)
	at sun.reflect.DelegatingMethodAccessorImpl.invoke(DelegatingMethodAccessorImpl.java:25)
	at java.lang.reflect.Method.invoke(Method.java:597)
	at org.junit.runners.model.FrameworkMethod$1.runReflectiveCall(FrameworkMethod.java:44)
	at org.junit.internal.runners.model.ReflectiveCallable.run(ReflectiveCallable.java:15)
	at org.junit.runners.model.FrameworkMethod.invokeExplosively(FrameworkMethod.java:41)
	at org.junit.internal.runners.statements.InvokeMethod.evaluate(InvokeMethod.java:20)
	at org.junit.internal.runners.statements.ExpectException.evaluate(ExpectException.java:21)
	at org.junit.internal.runners.statements.RunBefores.evaluate(RunBefores.java:28)
	at org.junit.internal.runners.statements.RunAfters.evaluate(RunAfters.java:31)
	at org.junit.runners.BlockJUnit4ClassRunner.runNotIgnored(BlockJUnit4ClassRunner.java:79)
	at org.junit.runners.BlockJUnit4ClassRunner.runChild(BlockJUnit4ClassRunner.java:71)
	at org.junit.runners.BlockJUnit4ClassRunner.runChild(BlockJUnit4ClassRunner.java:49)
	at org.junit.runners.ParentRunner$3.run(ParentRunner.java:193)
	at org.junit.runners.ParentRunner$1.schedule(ParentRunner.java:52)
	at org.junit.runners.ParentRunner.runChildren(ParentRunner.java:191)
	at org.junit.runners.ParentRunner.access$000(ParentRunner.java:42)
	at org.junit.runners.ParentRunner$2.evaluate(ParentRunner.java:184)
	at org.junit.runners.ParentRunner.run(ParentRunner.java:236)
	at junit.framework.JUnit4TestAdapter.run(JUnit4TestAdapter.java:39)
	at junit.framework.TestSuite.runTest(TestSuite.java:243)
	at junit.framework.TestSuite.run(TestSuite.java:238)
	at junit.framework.TestSuite.runTest(TestSuite.java:243)
	at junit.framework.TestSuite.run(TestSuite.java:238)
	at org.apache.tools.ant.taskdefs.optional.junit.JUnitTestRunner.run(JUnitTestRunner.java:420)
	at org.apache.tools.ant.taskdefs.optional.junit.JUnitTestRunner.launch(JUnitTestRunner.java:911)
	at org.apache.tools.ant.taskdefs.optional.junit.JUnitTestRunner.main(JUnitTestRunner.java:768)
Caused by: java.sql.SQLException: Connection not established
	at com.informix.util.IfxErrMsg.getSQLException(IfxErrMsg.java:413)
	at com.informix.jdbc.IfxSqliConnect.h(IfxSqliConnect.java:6588)
	at com.informix.jdbc.IfxSqliConnect.prepareStatement(IfxSqliConnect.java:2396)
	at com.topcoder.reliability.impl.persistence.DatabaseReliabilityDataPersistence.getUserParticipationData(DatabaseReliabilityDataPersistence.java:419)
	... 29 more

Entering method [com.topcoder.reliability.impl.persistence.DatabaseReliabilityDataPersistence.close].
Exiting method [com.topcoder.reliability.impl.persistence.DatabaseReliabilityDataPersistence.close], time spent in the method: 0 milliseconds.
Entering method [com.topcoder.reliability.impl.persistence.DatabaseReliabilityDataPersistence.open()].
Exiting method [com.topcoder.reliability.impl.persistence.DatabaseReliabilityDataPersistence.open()], time spent in the method: 9 milliseconds.
Entering method [com.topcoder.reliability.impl.persistence.DatabaseReliabilityDataPersistence.saveUserReliabilityData(List<UserProjectReliabilityData> projects)].
Input parameters[projects:[com.topcoder.reliability.impl.UserProjectReliabilityData@13b4cd65, com.topcoder.reliability.impl.UserProjectReliabilityData@4318abfe]]
Exiting method [com.topcoder.reliability.impl.persistence.DatabaseReliabilityDataPersistence.saveUserReliabilityData(List<UserProjectReliabilityData> projects)], time spent in the method: 3 milliseconds.
Entering method [com.topcoder.reliability.impl.persistence.DatabaseReliabilityDataPersistence.close].
Exiting method [com.topcoder.reliability.impl.persistence.DatabaseReliabilityDataPersistence.close], time spent in the method: 1 milliseconds.
Entering method [com.topcoder.reliability.impl.persistence.DatabaseReliabilityDataPersistence.open()].
Exiting method [com.topcoder.reliability.impl.persistence.DatabaseReliabilityDataPersistence.open()], time spent in the method: 9 milliseconds.
Entering method [com.topcoder.reliability.impl.persistence.DatabaseReliabilityDataPersistence.saveUserReliabilityData(List<UserProjectReliabilityData> projects)].
Input parameters[projects:[com.topcoder.reliability.impl.UserProjectReliabilityData@2f368c5d]]
Exiting method [com.topcoder.reliability.impl.persistence.DatabaseReliabilityDataPersistence.saveUserReliabilityData(List<UserProjectReliabilityData> projects)], time spent in the method: 3 milliseconds.
Entering method [com.topcoder.reliability.impl.persistence.DatabaseReliabilityDataPersistence.close].
Exiting method [com.topcoder.reliability.impl.persistence.DatabaseReliabilityDataPersistence.close], time spent in the method: 0 milliseconds.
Entering method [com.topcoder.reliability.impl.persistence.DatabaseReliabilityDataPersistence.open()].
Exiting method [com.topcoder.reliability.impl.persistence.DatabaseReliabilityDataPersistence.open()], time spent in the method: 10 milliseconds.
Entering method [com.topcoder.reliability.impl.persistence.DatabaseReliabilityDataPersistence.saveUserReliabilityData(List<UserProjectReliabilityData> projects)].
Input parameters[projects:null]
Error in method [com.topcoder.reliability.impl.persistence.DatabaseReliabilityDataPersistence.saveUserReliabilityData(List<UserProjectReliabilityData> projects)], details: IllegalArgumentException is thrown.
java.lang.IllegalArgumentException: 'projects' should not be null.
	at com.topcoder.reliability.Helper.checkNull(Helper.java:131)
	at com.topcoder.reliability.impl.persistence.DatabaseReliabilityDataPersistence.checkProjects(DatabaseReliabilityDataPersistence.java:759)
	at com.topcoder.reliability.impl.persistence.DatabaseReliabilityDataPersistence.saveUserReliabilityData(DatabaseReliabilityDataPersistence.java:494)
	at com.topcoder.reliability.impl.persistence.DatabaseReliabilityDataPersistenceUnitTests.test_saveUserReliabilityData_projectsNull(DatabaseReliabilityDataPersistenceUnitTests.java:815)
	at sun.reflect.NativeMethodAccessorImpl.invoke0(Native Method)
	at sun.reflect.NativeMethodAccessorImpl.invoke(NativeMethodAccessorImpl.java:39)
	at sun.reflect.DelegatingMethodAccessorImpl.invoke(DelegatingMethodAccessorImpl.java:25)
	at java.lang.reflect.Method.invoke(Method.java:597)
	at org.junit.runners.model.FrameworkMethod$1.runReflectiveCall(FrameworkMethod.java:44)
	at org.junit.internal.runners.model.ReflectiveCallable.run(ReflectiveCallable.java:15)
	at org.junit.runners.model.FrameworkMethod.invokeExplosively(FrameworkMethod.java:41)
	at org.junit.internal.runners.statements.InvokeMethod.evaluate(InvokeMethod.java:20)
	at org.junit.internal.runners.statements.ExpectException.evaluate(ExpectException.java:21)
	at org.junit.internal.runners.statements.RunBefores.evaluate(RunBefores.java:28)
	at org.junit.internal.runners.statements.RunAfters.evaluate(RunAfters.java:31)
	at org.junit.runners.BlockJUnit4ClassRunner.runNotIgnored(BlockJUnit4ClassRunner.java:79)
	at org.junit.runners.BlockJUnit4ClassRunner.runChild(BlockJUnit4ClassRunner.java:71)
	at org.junit.runners.BlockJUnit4ClassRunner.runChild(BlockJUnit4ClassRunner.java:49)
	at org.junit.runners.ParentRunner$3.run(ParentRunner.java:193)
	at org.junit.runners.ParentRunner$1.schedule(ParentRunner.java:52)
	at org.junit.runners.ParentRunner.runChildren(ParentRunner.java:191)
	at org.junit.runners.ParentRunner.access$000(ParentRunner.java:42)
	at org.junit.runners.ParentRunner$2.evaluate(ParentRunner.java:184)
	at org.junit.runners.ParentRunner.run(ParentRunner.java:236)
	at junit.framework.JUnit4TestAdapter.run(JUnit4TestAdapter.java:39)
	at junit.framework.TestSuite.runTest(TestSuite.java:243)
	at junit.framework.TestSuite.run(TestSuite.java:238)
	at junit.framework.TestSuite.runTest(TestSuite.java:243)
	at junit.framework.TestSuite.run(TestSuite.java:238)
	at org.apache.tools.ant.taskdefs.optional.junit.JUnitTestRunner.run(JUnitTestRunner.java:420)
	at org.apache.tools.ant.taskdefs.optional.junit.JUnitTestRunner.launch(JUnitTestRunner.java:911)
	at org.apache.tools.ant.taskdefs.optional.junit.JUnitTestRunner.main(JUnitTestRunner.java:768)

Entering method [com.topcoder.reliability.impl.persistence.DatabaseReliabilityDataPersistence.close].
Exiting method [com.topcoder.reliability.impl.persistence.DatabaseReliabilityDataPersistence.close], time spent in the method: 1 milliseconds.
Entering method [com.topcoder.reliability.impl.persistence.DatabaseReliabilityDataPersistence.open()].
Exiting method [com.topcoder.reliability.impl.persistence.DatabaseReliabilityDataPersistence.open()], time spent in the method: 10 milliseconds.
Entering method [com.topcoder.reliability.impl.persistence.DatabaseReliabilityDataPersistence.saveUserReliabilityData(List<UserProjectReliabilityData> projects)].
Input parameters[projects:[]]
Error in method [com.topcoder.reliability.impl.persistence.DatabaseReliabilityDataPersistence.saveUserReliabilityData(List<UserProjectReliabilityData> projects)], details: IllegalArgumentException is thrown.
java.lang.IllegalArgumentException: 'projects' should not be empty.
	at com.topcoder.reliability.impl.persistence.DatabaseReliabilityDataPersistence.checkProjects(DatabaseReliabilityDataPersistence.java:761)
	at com.topcoder.reliability.impl.persistence.DatabaseReliabilityDataPersistence.saveUserReliabilityData(DatabaseReliabilityDataPersistence.java:494)
	at com.topcoder.reliability.impl.persistence.DatabaseReliabilityDataPersistenceUnitTests.test_saveUserReliabilityData_projectsEmpty(DatabaseReliabilityDataPersistenceUnitTests.java:832)
	at sun.reflect.NativeMethodAccessorImpl.invoke0(Native Method)
	at sun.reflect.NativeMethodAccessorImpl.invoke(NativeMethodAccessorImpl.java:39)
	at sun.reflect.DelegatingMethodAccessorImpl.invoke(DelegatingMethodAccessorImpl.java:25)
	at java.lang.reflect.Method.invoke(Method.java:597)
	at org.junit.runners.model.FrameworkMethod$1.runReflectiveCall(FrameworkMethod.java:44)
	at org.junit.internal.runners.model.ReflectiveCallable.run(ReflectiveCallable.java:15)
	at org.junit.runners.model.FrameworkMethod.invokeExplosively(FrameworkMethod.java:41)
	at org.junit.internal.runners.statements.InvokeMethod.evaluate(InvokeMethod.java:20)
	at org.junit.internal.runners.statements.ExpectException.evaluate(ExpectException.java:21)
	at org.junit.internal.runners.statements.RunBefores.evaluate(RunBefores.java:28)
	at org.junit.internal.runners.statements.RunAfters.evaluate(RunAfters.java:31)
	at org.junit.runners.BlockJUnit4ClassRunner.runNotIgnored(BlockJUnit4ClassRunner.java:79)
	at org.junit.runners.BlockJUnit4ClassRunner.runChild(BlockJUnit4ClassRunner.java:71)
	at org.junit.runners.BlockJUnit4ClassRunner.runChild(BlockJUnit4ClassRunner.java:49)
	at org.junit.runners.ParentRunner$3.run(ParentRunner.java:193)
	at org.junit.runners.ParentRunner$1.schedule(ParentRunner.java:52)
	at org.junit.runners.ParentRunner.runChildren(ParentRunner.java:191)
	at org.junit.runners.ParentRunner.access$000(ParentRunner.java:42)
	at org.junit.runners.ParentRunner$2.evaluate(ParentRunner.java:184)
	at org.junit.runners.ParentRunner.run(ParentRunner.java:236)
	at junit.framework.JUnit4TestAdapter.run(JUnit4TestAdapter.java:39)
	at junit.framework.TestSuite.runTest(TestSuite.java:243)
	at junit.framework.TestSuite.run(TestSuite.java:238)
	at junit.framework.TestSuite.runTest(TestSuite.java:243)
	at junit.framework.TestSuite.run(TestSuite.java:238)
	at org.apache.tools.ant.taskdefs.optional.junit.JUnitTestRunner.run(JUnitTestRunner.java:420)
	at org.apache.tools.ant.taskdefs.optional.junit.JUnitTestRunner.launch(JUnitTestRunner.java:911)
	at org.apache.tools.ant.taskdefs.optional.junit.JUnitTestRunner.main(JUnitTestRunner.java:768)

Entering method [com.topcoder.reliability.impl.persistence.DatabaseReliabilityDataPersistence.close].
Exiting method [com.topcoder.reliability.impl.persistence.DatabaseReliabilityDataPersistence.close], time spent in the method: 1 milliseconds.
Entering method [com.topcoder.reliability.impl.persistence.DatabaseReliabilityDataPersistence.open()].
Exiting method [com.topcoder.reliability.impl.persistence.DatabaseReliabilityDataPersistence.open()], time spent in the method: 8 milliseconds.
Entering method [com.topcoder.reliability.impl.persistence.DatabaseReliabilityDataPersistence.saveUserReliabilityData(List<UserProjectReliabilityData> projects)].
Input parameters[projects:[com.topcoder.reliability.impl.UserProjectReliabilityData@62ee558f, com.topcoder.reliability.impl.UserProjectReliabilityData@d335207, null]]
Error in method [com.topcoder.reliability.impl.persistence.DatabaseReliabilityDataPersistence.saveUserReliabilityData(List<UserProjectReliabilityData> projects)], details: IllegalArgumentException is thrown.
java.lang.IllegalArgumentException: 'element of projects' should not be null.
	at com.topcoder.reliability.Helper.checkNull(Helper.java:131)
	at com.topcoder.reliability.impl.persistence.DatabaseReliabilityDataPersistence.checkProjects(DatabaseReliabilityDataPersistence.java:771)
	at com.topcoder.reliability.impl.persistence.DatabaseReliabilityDataPersistence.saveUserReliabilityData(DatabaseReliabilityDataPersistence.java:494)
	at com.topcoder.reliability.impl.persistence.DatabaseReliabilityDataPersistenceUnitTests.test_saveUserReliabilityData_projectsContainsNull(DatabaseReliabilityDataPersistenceUnitTests.java:849)
	at sun.reflect.NativeMethodAccessorImpl.invoke0(Native Method)
	at sun.reflect.NativeMethodAccessorImpl.invoke(NativeMethodAccessorImpl.java:39)
	at sun.reflect.DelegatingMethodAccessorImpl.invoke(DelegatingMethodAccessorImpl.java:25)
	at java.lang.reflect.Method.invoke(Method.java:597)
	at org.junit.runners.model.FrameworkMethod$1.runReflectiveCall(FrameworkMethod.java:44)
	at org.junit.internal.runners.model.ReflectiveCallable.run(ReflectiveCallable.java:15)
	at org.junit.runners.model.FrameworkMethod.invokeExplosively(FrameworkMethod.java:41)
	at org.junit.internal.runners.statements.InvokeMethod.evaluate(InvokeMethod.java:20)
	at org.junit.internal.runners.statements.ExpectException.evaluate(ExpectException.java:21)
	at org.junit.internal.runners.statements.RunBefores.evaluate(RunBefores.java:28)
	at org.junit.internal.runners.statements.RunAfters.evaluate(RunAfters.java:31)
	at org.junit.runners.BlockJUnit4ClassRunner.runNotIgnored(BlockJUnit4ClassRunner.java:79)
	at org.junit.runners.BlockJUnit4ClassRunner.runChild(BlockJUnit4ClassRunner.java:71)
	at org.junit.runners.BlockJUnit4ClassRunner.runChild(BlockJUnit4ClassRunner.java:49)
	at org.junit.runners.ParentRunner$3.run(ParentRunner.java:193)
	at org.junit.runners.ParentRunner$1.schedule(ParentRunner.java:52)
	at org.junit.runners.ParentRunner.runChildren(ParentRunner.java:191)
	at org.junit.runners.ParentRunner.access$000(ParentRunner.java:42)
	at org.junit.runners.ParentRunner$2.evaluate(ParentRunner.java:184)
	at org.junit.runners.ParentRunner.run(ParentRunner.java:236)
	at junit.framework.JUnit4TestAdapter.run(JUnit4TestAdapter.java:39)
	at junit.framework.TestSuite.runTest(TestSuite.java:243)
	at junit.framework.TestSuite.run(TestSuite.java:238)
	at junit.framework.TestSuite.runTest(TestSuite.java:243)
	at junit.framework.TestSuite.run(TestSuite.java:238)
	at org.apache.tools.ant.taskdefs.optional.junit.JUnitTestRunner.run(JUnitTestRunner.java:420)
	at org.apache.tools.ant.taskdefs.optional.junit.JUnitTestRunner.launch(JUnitTestRunner.java:911)
	at org.apache.tools.ant.taskdefs.optional.junit.JUnitTestRunner.main(JUnitTestRunner.java:768)

Entering method [com.topcoder.reliability.impl.persistence.DatabaseReliabilityDataPersistence.close].
Exiting method [com.topcoder.reliability.impl.persistence.DatabaseReliabilityDataPersistence.close], time spent in the method: 0 milliseconds.
Entering method [com.topcoder.reliability.impl.persistence.DatabaseReliabilityDataPersistence.open()].
Exiting method [com.topcoder.reliability.impl.persistence.DatabaseReliabilityDataPersistence.open()], time spent in the method: 10 milliseconds.
Entering method [com.topcoder.reliability.impl.persistence.DatabaseReliabilityDataPersistence.saveUserReliabilityData(List<UserProjectReliabilityData> projects)].
Input parameters[projects:[com.topcoder.reliability.impl.UserProjectReliabilityData@4a52fecf, com.topcoder.reliability.impl.UserProjectReliabilityData@ed6ee28]]
Error in method [com.topcoder.reliability.impl.persistence.DatabaseReliabilityDataPersistence.saveUserReliabilityData(List<UserProjectReliabilityData> projects)], details: IllegalArgumentException is thrown.
java.lang.IllegalArgumentException: 'project.getResolutionDate()' should not be null.
	at com.topcoder.reliability.Helper.checkNull(Helper.java:131)
	at com.topcoder.reliability.impl.persistence.DatabaseReliabilityDataPersistence.checkProjects(DatabaseReliabilityDataPersistence.java:773)
	at com.topcoder.reliability.impl.persistence.DatabaseReliabilityDataPersistence.saveUserReliabilityData(DatabaseReliabilityDataPersistence.java:494)
	at com.topcoder.reliability.impl.persistence.DatabaseReliabilityDataPersistenceUnitTests.test_saveUserReliabilityData_resolutionDateNull(DatabaseReliabilityDataPersistenceUnitTests.java:866)
	at sun.reflect.NativeMethodAccessorImpl.invoke0(Native Method)
	at sun.reflect.NativeMethodAccessorImpl.invoke(NativeMethodAccessorImpl.java:39)
	at sun.reflect.DelegatingMethodAccessorImpl.invoke(DelegatingMethodAccessorImpl.java:25)
	at java.lang.reflect.Method.invoke(Method.java:597)
	at org.junit.runners.model.FrameworkMethod$1.runReflectiveCall(FrameworkMethod.java:44)
	at org.junit.internal.runners.model.ReflectiveCallable.run(ReflectiveCallable.java:15)
	at org.junit.runners.model.FrameworkMethod.invokeExplosively(FrameworkMethod.java:41)
	at org.junit.internal.runners.statements.InvokeMethod.evaluate(InvokeMethod.java:20)
	at org.junit.internal.runners.statements.ExpectException.evaluate(ExpectException.java:21)
	at org.junit.internal.runners.statements.RunBefores.evaluate(RunBefores.java:28)
	at org.junit.internal.runners.statements.RunAfters.evaluate(RunAfters.java:31)
	at org.junit.runners.BlockJUnit4ClassRunner.runNotIgnored(BlockJUnit4ClassRunner.java:79)
	at org.junit.runners.BlockJUnit4ClassRunner.runChild(BlockJUnit4ClassRunner.java:71)
	at org.junit.runners.BlockJUnit4ClassRunner.runChild(BlockJUnit4ClassRunner.java:49)
	at org.junit.runners.ParentRunner$3.run(ParentRunner.java:193)
	at org.junit.runners.ParentRunner$1.schedule(ParentRunner.java:52)
	at org.junit.runners.ParentRunner.runChildren(ParentRunner.java:191)
	at org.junit.runners.ParentRunner.access$000(ParentRunner.java:42)
	at org.junit.runners.ParentRunner$2.evaluate(ParentRunner.java:184)
	at org.junit.runners.ParentRunner.run(ParentRunner.java:236)
	at junit.framework.JUnit4TestAdapter.run(JUnit4TestAdapter.java:39)
	at junit.framework.TestSuite.runTest(TestSuite.java:243)
	at junit.framework.TestSuite.run(TestSuite.java:238)
	at junit.framework.TestSuite.runTest(TestSuite.java:243)
	at junit.framework.TestSuite.run(TestSuite.java:238)
	at org.apache.tools.ant.taskdefs.optional.junit.JUnitTestRunner.run(JUnitTestRunner.java:420)
	at org.apache.tools.ant.taskdefs.optional.junit.JUnitTestRunner.launch(JUnitTestRunner.java:911)
	at org.apache.tools.ant.taskdefs.optional.junit.JUnitTestRunner.main(JUnitTestRunner.java:768)

Entering method [com.topcoder.reliability.impl.persistence.DatabaseReliabilityDataPersistence.close].
Exiting method [com.topcoder.reliability.impl.persistence.DatabaseReliabilityDataPersistence.close], time spent in the method: 0 milliseconds.
Entering method [com.topcoder.reliability.impl.persistence.DatabaseReliabilityDataPersistence.open()].
Exiting method [com.topcoder.reliability.impl.persistence.DatabaseReliabilityDataPersistence.open()], time spent in the method: 9 milliseconds.
Entering method [com.topcoder.reliability.impl.persistence.DatabaseReliabilityDataPersistence.saveUserReliabilityData(List<UserProjectReliabilityData> projects)].
Input parameters[projects:[com.topcoder.reliability.impl.UserProjectReliabilityData@321e45e3, com.topcoder.reliability.impl.UserProjectReliabilityData@617e53c9]]
Error in method [com.topcoder.reliability.impl.persistence.DatabaseReliabilityDataPersistence.saveUserReliabilityData(List<UserProjectReliabilityData> projects)], details: IllegalArgumentException is thrown.
java.lang.IllegalArgumentException: 'projects' should not have different userId.
	at com.topcoder.reliability.impl.persistence.DatabaseReliabilityDataPersistence.checkProjects(DatabaseReliabilityDataPersistence.java:778)
	at com.topcoder.reliability.impl.persistence.DatabaseReliabilityDataPersistence.saveUserReliabilityData(DatabaseReliabilityDataPersistence.java:494)
	at com.topcoder.reliability.impl.persistence.DatabaseReliabilityDataPersistenceUnitTests.test_saveUserReliabilityData_DifferentUserId(DatabaseReliabilityDataPersistenceUnitTests.java:883)
	at sun.reflect.NativeMethodAccessorImpl.invoke0(Native Method)
	at sun.reflect.NativeMethodAccessorImpl.invoke(NativeMethodAccessorImpl.java:39)
	at sun.reflect.DelegatingMethodAccessorImpl.invoke(DelegatingMethodAccessorImpl.java:25)
	at java.lang.reflect.Method.invoke(Method.java:597)
	at org.junit.runners.model.FrameworkMethod$1.runReflectiveCall(FrameworkMethod.java:44)
	at org.junit.internal.runners.model.ReflectiveCallable.run(ReflectiveCallable.java:15)
	at org.junit.runners.model.FrameworkMethod.invokeExplosively(FrameworkMethod.java:41)
	at org.junit.internal.runners.statements.InvokeMethod.evaluate(InvokeMethod.java:20)
	at org.junit.internal.runners.statements.ExpectException.evaluate(ExpectException.java:21)
	at org.junit.internal.runners.statements.RunBefores.evaluate(RunBefores.java:28)
	at org.junit.internal.runners.statements.RunAfters.evaluate(RunAfters.java:31)
	at org.junit.runners.BlockJUnit4ClassRunner.runNotIgnored(BlockJUnit4ClassRunner.java:79)
	at org.junit.runners.BlockJUnit4ClassRunner.runChild(BlockJUnit4ClassRunner.java:71)
	at org.junit.runners.BlockJUnit4ClassRunner.runChild(BlockJUnit4ClassRunner.java:49)
	at org.junit.runners.ParentRunner$3.run(ParentRunner.java:193)
	at org.junit.runners.ParentRunner$1.schedule(ParentRunner.java:52)
	at org.junit.runners.ParentRunner.runChildren(ParentRunner.java:191)
	at org.junit.runners.ParentRunner.access$000(ParentRunner.java:42)
	at org.junit.runners.ParentRunner$2.evaluate(ParentRunner.java:184)
	at org.junit.runners.ParentRunner.run(ParentRunner.java:236)
	at junit.framework.JUnit4TestAdapter.run(JUnit4TestAdapter.java:39)
	at junit.framework.TestSuite.runTest(TestSuite.java:243)
	at junit.framework.TestSuite.run(TestSuite.java:238)
	at junit.framework.TestSuite.runTest(TestSuite.java:243)
	at junit.framework.TestSuite.run(TestSuite.java:238)
	at org.apache.tools.ant.taskdefs.optional.junit.JUnitTestRunner.run(JUnitTestRunner.java:420)
	at org.apache.tools.ant.taskdefs.optional.junit.JUnitTestRunner.launch(JUnitTestRunner.java:911)
	at org.apache.tools.ant.taskdefs.optional.junit.JUnitTestRunner.main(JUnitTestRunner.java:768)

Entering method [com.topcoder.reliability.impl.persistence.DatabaseReliabilityDataPersistence.close].
Exiting method [com.topcoder.reliability.impl.persistence.DatabaseReliabilityDataPersistence.close], time spent in the method: 0 milliseconds.
Entering method [com.topcoder.reliability.impl.persistence.DatabaseReliabilityDataPersistence.open()].
Exiting method [com.topcoder.reliability.impl.persistence.DatabaseReliabilityDataPersistence.open()], time spent in the method: 9 milliseconds.
Entering method [com.topcoder.reliability.impl.persistence.DatabaseReliabilityDataPersistence.close].
Exiting method [com.topcoder.reliability.impl.persistence.DatabaseReliabilityDataPersistence.close], time spent in the method: 1 milliseconds.
Entering method [com.topcoder.reliability.impl.persistence.DatabaseReliabilityDataPersistence.saveUserReliabilityData(List<UserProjectReliabilityData> projects)].
Input parameters[projects:[com.topcoder.reliability.impl.UserProjectReliabilityData@46d0d843, com.topcoder.reliability.impl.UserProjectReliabilityData@39263b07]]
Error in method [com.topcoder.reliability.impl.persistence.DatabaseReliabilityDataPersistence.saveUserReliabilityData(List<UserProjectReliabilityData> projects)], details: IllegalStateException is thrown.
java.lang.IllegalStateException: The connection is not opened.
	at com.topcoder.reliability.Helper.checkState(Helper.java:194)
	at com.topcoder.reliability.impl.persistence.DatabaseReliabilityDataPersistence.saveUserReliabilityData(DatabaseReliabilityDataPersistence.java:497)
	at com.topcoder.reliability.impl.persistence.DatabaseReliabilityDataPersistenceUnitTests.test_saveUserReliabilityData_NotOpened(DatabaseReliabilityDataPersistenceUnitTests.java:900)
	at sun.reflect.NativeMethodAccessorImpl.invoke0(Native Method)
	at sun.reflect.NativeMethodAccessorImpl.invoke(NativeMethodAccessorImpl.java:39)
	at sun.reflect.DelegatingMethodAccessorImpl.invoke(DelegatingMethodAccessorImpl.java:25)
	at java.lang.reflect.Method.invoke(Method.java:597)
	at org.junit.runners.model.FrameworkMethod$1.runReflectiveCall(FrameworkMethod.java:44)
	at org.junit.internal.runners.model.ReflectiveCallable.run(ReflectiveCallable.java:15)
	at org.junit.runners.model.FrameworkMethod.invokeExplosively(FrameworkMethod.java:41)
	at org.junit.internal.runners.statements.InvokeMethod.evaluate(InvokeMethod.java:20)
	at org.junit.internal.runners.statements.ExpectException.evaluate(ExpectException.java:21)
	at org.junit.internal.runners.statements.RunBefores.evaluate(RunBefores.java:28)
	at org.junit.internal.runners.statements.RunAfters.evaluate(RunAfters.java:31)
	at org.junit.runners.BlockJUnit4ClassRunner.runNotIgnored(BlockJUnit4ClassRunner.java:79)
	at org.junit.runners.BlockJUnit4ClassRunner.runChild(BlockJUnit4ClassRunner.java:71)
	at org.junit.runners.BlockJUnit4ClassRunner.runChild(BlockJUnit4ClassRunner.java:49)
	at org.junit.runners.ParentRunner$3.run(ParentRunner.java:193)
	at org.junit.runners.ParentRunner$1.schedule(ParentRunner.java:52)
	at org.junit.runners.ParentRunner.runChildren(ParentRunner.java:191)
	at org.junit.runners.ParentRunner.access$000(ParentRunner.java:42)
	at org.junit.runners.ParentRunner$2.evaluate(ParentRunner.java:184)
	at org.junit.runners.ParentRunner.run(ParentRunner.java:236)
	at junit.framework.JUnit4TestAdapter.run(JUnit4TestAdapter.java:39)
	at junit.framework.TestSuite.runTest(TestSuite.java:243)
	at junit.framework.TestSuite.run(TestSuite.java:238)
	at junit.framework.TestSuite.runTest(TestSuite.java:243)
	at junit.framework.TestSuite.run(TestSuite.java:238)
	at org.apache.tools.ant.taskdefs.optional.junit.JUnitTestRunner.run(JUnitTestRunner.java:420)
	at org.apache.tools.ant.taskdefs.optional.junit.JUnitTestRunner.launch(JUnitTestRunner.java:911)
	at org.apache.tools.ant.taskdefs.optional.junit.JUnitTestRunner.main(JUnitTestRunner.java:768)

Entering method [com.topcoder.reliability.impl.persistence.DatabaseReliabilityDataPersistence.close].
Error in method [com.topcoder.reliability.impl.persistence.DatabaseReliabilityDataPersistence.close], details: IllegalStateException is thrown.
java.lang.IllegalStateException: The connection is already closed.
	at com.topcoder.reliability.Helper.checkState(Helper.java:194)
	at com.topcoder.reliability.impl.persistence.DatabaseReliabilityDataPersistence.close(DatabaseReliabilityDataPersistence.java:648)
	at com.topcoder.reliability.impl.persistence.DatabaseReliabilityDataPersistenceUnitTests.tearDown(DatabaseReliabilityDataPersistenceUnitTests.java:159)
	at sun.reflect.GeneratedMethodAccessor10.invoke(Unknown Source)
	at sun.reflect.DelegatingMethodAccessorImpl.invoke(DelegatingMethodAccessorImpl.java:25)
	at java.lang.reflect.Method.invoke(Method.java:597)
	at org.junit.runners.model.FrameworkMethod$1.runReflectiveCall(FrameworkMethod.java:44)
	at org.junit.internal.runners.model.ReflectiveCallable.run(ReflectiveCallable.java:15)
	at org.junit.runners.model.FrameworkMethod.invokeExplosively(FrameworkMethod.java:41)
	at org.junit.internal.runners.statements.RunAfters.evaluate(RunAfters.java:37)
	at org.junit.runners.BlockJUnit4ClassRunner.runNotIgnored(BlockJUnit4ClassRunner.java:79)
	at org.junit.runners.BlockJUnit4ClassRunner.runChild(BlockJUnit4ClassRunner.java:71)
	at org.junit.runners.BlockJUnit4ClassRunner.runChild(BlockJUnit4ClassRunner.java:49)
	at org.junit.runners.ParentRunner$3.run(ParentRunner.java:193)
	at org.junit.runners.ParentRunner$1.schedule(ParentRunner.java:52)
	at org.junit.runners.ParentRunner.runChildren(ParentRunner.java:191)
	at org.junit.runners.ParentRunner.access$000(ParentRunner.java:42)
	at org.junit.runners.ParentRunner$2.evaluate(ParentRunner.java:184)
	at org.junit.runners.ParentRunner.run(ParentRunner.java:236)
	at junit.framework.JUnit4TestAdapter.run(JUnit4TestAdapter.java:39)
	at junit.framework.TestSuite.runTest(TestSuite.java:243)
	at junit.framework.TestSuite.run(TestSuite.java:238)
	at junit.framework.TestSuite.runTest(TestSuite.java:243)
	at junit.framework.TestSuite.run(TestSuite.java:238)
	at org.apache.tools.ant.taskdefs.optional.junit.JUnitTestRunner.run(JUnitTestRunner.java:420)
	at org.apache.tools.ant.taskdefs.optional.junit.JUnitTestRunner.launch(JUnitTestRunner.java:911)
	at org.apache.tools.ant.taskdefs.optional.junit.JUnitTestRunner.main(JUnitTestRunner.java:768)

Entering method [com.topcoder.reliability.impl.persistence.DatabaseReliabilityDataPersistence.open()].
Exiting method [com.topcoder.reliability.impl.persistence.DatabaseReliabilityDataPersistence.open()], time spent in the method: 11 milliseconds.
Entering method [com.topcoder.reliability.impl.persistence.DatabaseReliabilityDataPersistence.close].
Exiting method [com.topcoder.reliability.impl.persistence.DatabaseReliabilityDataPersistence.close], time spent in the method: 1 milliseconds.
Entering method [com.topcoder.reliability.impl.persistence.DatabaseReliabilityDataPersistence.open()].
Exiting method [com.topcoder.reliability.impl.persistence.DatabaseReliabilityDataPersistence.open()], time spent in the method: 9 milliseconds.
Entering method [com.topcoder.reliability.impl.persistence.DatabaseReliabilityDataPersistence.saveUserReliabilityData(List<UserProjectReliabilityData> projects)].
Input parameters[projects:[com.topcoder.reliability.impl.UserProjectReliabilityData@7279df82, com.topcoder.reliability.impl.UserProjectReliabilityData@1f410a85]]
Error in method [com.topcoder.reliability.impl.persistence.DatabaseReliabilityDataPersistence.saveUserReliabilityData(List<UserProjectReliabilityData> projects)], details: A database access error occurred when rolling back (will be ignored).
java.sql.SQLException: Connection not established
	at com.informix.util.IfxErrMsg.getSQLException(IfxErrMsg.java:413)
	at com.informix.jdbc.IfxSqliConnect.rollback(IfxSqliConnect.java:2075)
	at com.topcoder.reliability.impl.persistence.DatabaseReliabilityDataPersistence.rollback(DatabaseReliabilityDataPersistence.java:799)
	at com.topcoder.reliability.impl.persistence.DatabaseReliabilityDataPersistence.saveUserReliabilityData(DatabaseReliabilityDataPersistence.java:537)
	at com.topcoder.reliability.impl.persistence.DatabaseReliabilityDataPersistenceUnitTests.test_saveUserReliabilityData_Error(DatabaseReliabilityDataPersistenceUnitTests.java:936)
	at sun.reflect.NativeMethodAccessorImpl.invoke0(Native Method)
	at sun.reflect.NativeMethodAccessorImpl.invoke(NativeMethodAccessorImpl.java:39)
	at sun.reflect.DelegatingMethodAccessorImpl.invoke(DelegatingMethodAccessorImpl.java:25)
	at java.lang.reflect.Method.invoke(Method.java:597)
	at org.junit.runners.model.FrameworkMethod$1.runReflectiveCall(FrameworkMethod.java:44)
	at org.junit.internal.runners.model.ReflectiveCallable.run(ReflectiveCallable.java:15)
	at org.junit.runners.model.FrameworkMethod.invokeExplosively(FrameworkMethod.java:41)
	at org.junit.internal.runners.statements.InvokeMethod.evaluate(InvokeMethod.java:20)
	at org.junit.internal.runners.statements.ExpectException.evaluate(ExpectException.java:21)
	at org.junit.internal.runners.statements.RunBefores.evaluate(RunBefores.java:28)
	at org.junit.internal.runners.statements.RunAfters.evaluate(RunAfters.java:31)
	at org.junit.runners.BlockJUnit4ClassRunner.runNotIgnored(BlockJUnit4ClassRunner.java:79)
	at org.junit.runners.BlockJUnit4ClassRunner.runChild(BlockJUnit4ClassRunner.java:71)
	at org.junit.runners.BlockJUnit4ClassRunner.runChild(BlockJUnit4ClassRunner.java:49)
	at org.junit.runners.ParentRunner$3.run(ParentRunner.java:193)
	at org.junit.runners.ParentRunner$1.schedule(ParentRunner.java:52)
	at org.junit.runners.ParentRunner.runChildren(ParentRunner.java:191)
	at org.junit.runners.ParentRunner.access$000(ParentRunner.java:42)
	at org.junit.runners.ParentRunner$2.evaluate(ParentRunner.java:184)
	at org.junit.runners.ParentRunner.run(ParentRunner.java:236)
	at junit.framework.JUnit4TestAdapter.run(JUnit4TestAdapter.java:39)
	at junit.framework.TestSuite.runTest(TestSuite.java:243)
	at junit.framework.TestSuite.run(TestSuite.java:238)
	at junit.framework.TestSuite.runTest(TestSuite.java:243)
	at junit.framework.TestSuite.run(TestSuite.java:238)
	at org.apache.tools.ant.taskdefs.optional.junit.JUnitTestRunner.run(JUnitTestRunner.java:420)
	at org.apache.tools.ant.taskdefs.optional.junit.JUnitTestRunner.launch(JUnitTestRunner.java:911)
	at org.apache.tools.ant.taskdefs.optional.junit.JUnitTestRunner.main(JUnitTestRunner.java:768)

Error in method [com.topcoder.reliability.impl.persistence.DatabaseReliabilityDataPersistence.saveUserReliabilityData(List<UserProjectReliabilityData> projects)], details: ReliabilityDataPersistenceException is thrown when updating the current user reliability.
com.topcoder.reliability.impl.ReliabilityDataPersistenceException: A database access error occurred.
	at com.topcoder.reliability.impl.persistence.DatabaseReliabilityDataPersistence.saveUserReliabilityData(DatabaseReliabilityDataPersistence.java:539)
	at com.topcoder.reliability.impl.persistence.DatabaseReliabilityDataPersistenceUnitTests.test_saveUserReliabilityData_Error(DatabaseReliabilityDataPersistenceUnitTests.java:936)
	at sun.reflect.NativeMethodAccessorImpl.invoke0(Native Method)
	at sun.reflect.NativeMethodAccessorImpl.invoke(NativeMethodAccessorImpl.java:39)
	at sun.reflect.DelegatingMethodAccessorImpl.invoke(DelegatingMethodAccessorImpl.java:25)
	at java.lang.reflect.Method.invoke(Method.java:597)
	at org.junit.runners.model.FrameworkMethod$1.runReflectiveCall(FrameworkMethod.java:44)
	at org.junit.internal.runners.model.ReflectiveCallable.run(ReflectiveCallable.java:15)
	at org.junit.runners.model.FrameworkMethod.invokeExplosively(FrameworkMethod.java:41)
	at org.junit.internal.runners.statements.InvokeMethod.evaluate(InvokeMethod.java:20)
	at org.junit.internal.runners.statements.ExpectException.evaluate(ExpectException.java:21)
	at org.junit.internal.runners.statements.RunBefores.evaluate(RunBefores.java:28)
	at org.junit.internal.runners.statements.RunAfters.evaluate(RunAfters.java:31)
	at org.junit.runners.BlockJUnit4ClassRunner.runNotIgnored(BlockJUnit4ClassRunner.java:79)
	at org.junit.runners.BlockJUnit4ClassRunner.runChild(BlockJUnit4ClassRunner.java:71)
	at org.junit.runners.BlockJUnit4ClassRunner.runChild(BlockJUnit4ClassRunner.java:49)
	at org.junit.runners.ParentRunner$3.run(ParentRunner.java:193)
	at org.junit.runners.ParentRunner$1.schedule(ParentRunner.java:52)
	at org.junit.runners.ParentRunner.runChildren(ParentRunner.java:191)
	at org.junit.runners.ParentRunner.access$000(ParentRunner.java:42)
	at org.junit.runners.ParentRunner$2.evaluate(ParentRunner.java:184)
	at org.junit.runners.ParentRunner.run(ParentRunner.java:236)
	at junit.framework.JUnit4TestAdapter.run(JUnit4TestAdapter.java:39)
	at junit.framework.TestSuite.runTest(TestSuite.java:243)
	at junit.framework.TestSuite.run(TestSuite.java:238)
	at junit.framework.TestSuite.runTest(TestSuite.java:243)
	at junit.framework.TestSuite.run(TestSuite.java:238)
	at org.apache.tools.ant.taskdefs.optional.junit.JUnitTestRunner.run(JUnitTestRunner.java:420)
	at org.apache.tools.ant.taskdefs.optional.junit.JUnitTestRunner.launch(JUnitTestRunner.java:911)
	at org.apache.tools.ant.taskdefs.optional.junit.JUnitTestRunner.main(JUnitTestRunner.java:768)
Caused by: java.sql.SQLException: Connection not established
	at com.informix.util.IfxErrMsg.getSQLException(IfxErrMsg.java:413)
	at com.informix.jdbc.IfxSqliConnect.h(IfxSqliConnect.java:6588)
	at com.informix.jdbc.IfxSqliConnect.prepareStatement(IfxSqliConnect.java:2396)
	at com.topcoder.reliability.impl.persistence.DatabaseReliabilityDataPersistence.executeUpdate(DatabaseReliabilityDataPersistence.java:829)
	at com.topcoder.reliability.impl.persistence.DatabaseReliabilityDataPersistence.saveUserReliabilityData(DatabaseReliabilityDataPersistence.java:501)
	... 29 more

Entering method [com.topcoder.reliability.impl.persistence.DatabaseReliabilityDataPersistence.close].
Exiting method [com.topcoder.reliability.impl.persistence.DatabaseReliabilityDataPersistence.close], time spent in the method: 0 milliseconds.
Entering method [com.topcoder.reliability.impl.persistence.DatabaseReliabilityDataPersistence.open()].
Exiting method [com.topcoder.reliability.impl.persistence.DatabaseReliabilityDataPersistence.open()], time spent in the method: 9 milliseconds.
Entering method [com.topcoder.reliability.impl.persistence.DatabaseReliabilityDataPersistence.updateCurrentUserReliability(long userId, long projectCategoryId, double reliability)].
Input parameters[userId:123456, projectCategoryId:1, reliability:0.1]
Exiting method [com.topcoder.reliability.impl.persistence.DatabaseReliabilityDataPersistence.updateCurrentUserReliability(long userId, long projectCategoryId, double reliability)], time spent in the method: 2 milliseconds.
Entering method [com.topcoder.reliability.impl.persistence.DatabaseReliabilityDataPersistence.updateCurrentUserReliability(long userId, long projectCategoryId, double reliability)].
Input parameters[userId:2, projectCategoryId:1, reliability:0.1]
Exiting method [com.topcoder.reliability.impl.persistence.DatabaseReliabilityDataPersistence.updateCurrentUserReliability(long userId, long projectCategoryId, double reliability)], time spent in the method: 3 milliseconds.
Entering method [com.topcoder.reliability.impl.persistence.DatabaseReliabilityDataPersistence.close].
Exiting method [com.topcoder.reliability.impl.persistence.DatabaseReliabilityDataPersistence.close], time spent in the method: 1 milliseconds.
Entering method [com.topcoder.reliability.impl.persistence.DatabaseReliabilityDataPersistence.open()].
Exiting method [com.topcoder.reliability.impl.persistence.DatabaseReliabilityDataPersistence.open()], time spent in the method: 11 milliseconds.
Entering method [com.topcoder.reliability.impl.persistence.DatabaseReliabilityDataPersistence.updateCurrentUserReliability(long userId, long projectCategoryId, double reliability)].
Input parameters[userId:123456, projectCategoryId:1, reliability:0.1]
Exiting method [com.topcoder.reliability.impl.persistence.DatabaseReliabilityDataPersistence.updateCurrentUserReliability(long userId, long projectCategoryId, double reliability)], time spent in the method: 4 milliseconds.
Entering method [com.topcoder.reliability.impl.persistence.DatabaseReliabilityDataPersistence.updateCurrentUserReliability(long userId, long projectCategoryId, double reliability)].
Input parameters[userId:123456, projectCategoryId:1, reliability:0.1]
Exiting method [com.topcoder.reliability.impl.persistence.DatabaseReliabilityDataPersistence.updateCurrentUserReliability(long userId, long projectCategoryId, double reliability)], time spent in the method: 1 milliseconds.
Entering method [com.topcoder.reliability.impl.persistence.DatabaseReliabilityDataPersistence.close].
Exiting method [com.topcoder.reliability.impl.persistence.DatabaseReliabilityDataPersistence.close], time spent in the method: 0 milliseconds.
Entering method [com.topcoder.reliability.impl.persistence.DatabaseReliabilityDataPersistence.open()].
Exiting method [com.topcoder.reliability.impl.persistence.DatabaseReliabilityDataPersistence.open()], time spent in the method: 9 milliseconds.
Entering method [com.topcoder.reliability.impl.persistence.DatabaseReliabilityDataPersistence.updateCurrentUserReliability(long userId, long projectCategoryId, double reliability)].
Input parameters[userId:-1, projectCategoryId:1, reliability:0.1]
Error in method [com.topcoder.reliability.impl.persistence.DatabaseReliabilityDataPersistence.updateCurrentUserReliability(long userId, long projectCategoryId, double reliability)], details: IllegalArgumentException is thrown.
java.lang.IllegalArgumentException: 'userId' should be positive.
	at com.topcoder.reliability.Helper.checkPositive(Helper.java:150)
	at com.topcoder.reliability.impl.persistence.DatabaseReliabilityDataPersistence.updateCurrentUserReliability(DatabaseReliabilityDataPersistence.java:588)
	at com.topcoder.reliability.impl.persistence.DatabaseReliabilityDataPersistenceUnitTests.test_updateCurrentUserReliability_userIdNegative(DatabaseReliabilityDataPersistenceUnitTests.java:992)
	at sun.reflect.NativeMethodAccessorImpl.invoke0(Native Method)
	at sun.reflect.NativeMethodAccessorImpl.invoke(NativeMethodAccessorImpl.java:39)
	at sun.reflect.DelegatingMethodAccessorImpl.invoke(DelegatingMethodAccessorImpl.java:25)
	at java.lang.reflect.Method.invoke(Method.java:597)
	at org.junit.runners.model.FrameworkMethod$1.runReflectiveCall(FrameworkMethod.java:44)
	at org.junit.internal.runners.model.ReflectiveCallable.run(ReflectiveCallable.java:15)
	at org.junit.runners.model.FrameworkMethod.invokeExplosively(FrameworkMethod.java:41)
	at org.junit.internal.runners.statements.InvokeMethod.evaluate(InvokeMethod.java:20)
	at org.junit.internal.runners.statements.ExpectException.evaluate(ExpectException.java:21)
	at org.junit.internal.runners.statements.RunBefores.evaluate(RunBefores.java:28)
	at org.junit.internal.runners.statements.RunAfters.evaluate(RunAfters.java:31)
	at org.junit.runners.BlockJUnit4ClassRunner.runNotIgnored(BlockJUnit4ClassRunner.java:79)
	at org.junit.runners.BlockJUnit4ClassRunner.runChild(BlockJUnit4ClassRunner.java:71)
	at org.junit.runners.BlockJUnit4ClassRunner.runChild(BlockJUnit4ClassRunner.java:49)
	at org.junit.runners.ParentRunner$3.run(ParentRunner.java:193)
	at org.junit.runners.ParentRunner$1.schedule(ParentRunner.java:52)
	at org.junit.runners.ParentRunner.runChildren(ParentRunner.java:191)
	at org.junit.runners.ParentRunner.access$000(ParentRunner.java:42)
	at org.junit.runners.ParentRunner$2.evaluate(ParentRunner.java:184)
	at org.junit.runners.ParentRunner.run(ParentRunner.java:236)
	at junit.framework.JUnit4TestAdapter.run(JUnit4TestAdapter.java:39)
	at junit.framework.TestSuite.runTest(TestSuite.java:243)
	at junit.framework.TestSuite.run(TestSuite.java:238)
	at junit.framework.TestSuite.runTest(TestSuite.java:243)
	at junit.framework.TestSuite.run(TestSuite.java:238)
	at org.apache.tools.ant.taskdefs.optional.junit.JUnitTestRunner.run(JUnitTestRunner.java:420)
	at org.apache.tools.ant.taskdefs.optional.junit.JUnitTestRunner.launch(JUnitTestRunner.java:911)
	at org.apache.tools.ant.taskdefs.optional.junit.JUnitTestRunner.main(JUnitTestRunner.java:768)

Entering method [com.topcoder.reliability.impl.persistence.DatabaseReliabilityDataPersistence.close].
Exiting method [com.topcoder.reliability.impl.persistence.DatabaseReliabilityDataPersistence.close], time spent in the method: 1 milliseconds.
Entering method [com.topcoder.reliability.impl.persistence.DatabaseReliabilityDataPersistence.open()].
Exiting method [com.topcoder.reliability.impl.persistence.DatabaseReliabilityDataPersistence.open()], time spent in the method: 21 milliseconds.
Entering method [com.topcoder.reliability.impl.persistence.DatabaseReliabilityDataPersistence.updateCurrentUserReliability(long userId, long projectCategoryId, double reliability)].
Input parameters[userId:0, projectCategoryId:1, reliability:0.1]
Error in method [com.topcoder.reliability.impl.persistence.DatabaseReliabilityDataPersistence.updateCurrentUserReliability(long userId, long projectCategoryId, double reliability)], details: IllegalArgumentException is thrown.
java.lang.IllegalArgumentException: 'userId' should be positive.
	at com.topcoder.reliability.Helper.checkPositive(Helper.java:150)
	at com.topcoder.reliability.impl.persistence.DatabaseReliabilityDataPersistence.updateCurrentUserReliability(DatabaseReliabilityDataPersistence.java:588)
	at com.topcoder.reliability.impl.persistence.DatabaseReliabilityDataPersistenceUnitTests.test_updateCurrentUserReliability_userIdZero(DatabaseReliabilityDataPersistenceUnitTests.java:1009)
	at sun.reflect.NativeMethodAccessorImpl.invoke0(Native Method)
	at sun.reflect.NativeMethodAccessorImpl.invoke(NativeMethodAccessorImpl.java:39)
	at sun.reflect.DelegatingMethodAccessorImpl.invoke(DelegatingMethodAccessorImpl.java:25)
	at java.lang.reflect.Method.invoke(Method.java:597)
	at org.junit.runners.model.FrameworkMethod$1.runReflectiveCall(FrameworkMethod.java:44)
	at org.junit.internal.runners.model.ReflectiveCallable.run(ReflectiveCallable.java:15)
	at org.junit.runners.model.FrameworkMethod.invokeExplosively(FrameworkMethod.java:41)
	at org.junit.internal.runners.statements.InvokeMethod.evaluate(InvokeMethod.java:20)
	at org.junit.internal.runners.statements.ExpectException.evaluate(ExpectException.java:21)
	at org.junit.internal.runners.statements.RunBefores.evaluate(RunBefores.java:28)
	at org.junit.internal.runners.statements.RunAfters.evaluate(RunAfters.java:31)
	at org.junit.runners.BlockJUnit4ClassRunner.runNotIgnored(BlockJUnit4ClassRunner.java:79)
	at org.junit.runners.BlockJUnit4ClassRunner.runChild(BlockJUnit4ClassRunner.java:71)
	at org.junit.runners.BlockJUnit4ClassRunner.runChild(BlockJUnit4ClassRunner.java:49)
	at org.junit.runners.ParentRunner$3.run(ParentRunner.java:193)
	at org.junit.runners.ParentRunner$1.schedule(ParentRunner.java:52)
	at org.junit.runners.ParentRunner.runChildren(ParentRunner.java:191)
	at org.junit.runners.ParentRunner.access$000(ParentRunner.java:42)
	at org.junit.runners.ParentRunner$2.evaluate(ParentRunner.java:184)
	at org.junit.runners.ParentRunner.run(ParentRunner.java:236)
	at junit.framework.JUnit4TestAdapter.run(JUnit4TestAdapter.java:39)
	at junit.framework.TestSuite.runTest(TestSuite.java:243)
	at junit.framework.TestSuite.run(TestSuite.java:238)
	at junit.framework.TestSuite.runTest(TestSuite.java:243)
	at junit.framework.TestSuite.run(TestSuite.java:238)
	at org.apache.tools.ant.taskdefs.optional.junit.JUnitTestRunner.run(JUnitTestRunner.java:420)
	at org.apache.tools.ant.taskdefs.optional.junit.JUnitTestRunner.launch(JUnitTestRunner.java:911)
	at org.apache.tools.ant.taskdefs.optional.junit.JUnitTestRunner.main(JUnitTestRunner.java:768)

Entering method [com.topcoder.reliability.impl.persistence.DatabaseReliabilityDataPersistence.close].
Exiting method [com.topcoder.reliability.impl.persistence.DatabaseReliabilityDataPersistence.close], time spent in the method: 1 milliseconds.
Entering method [com.topcoder.reliability.impl.persistence.DatabaseReliabilityDataPersistence.open()].
Exiting method [com.topcoder.reliability.impl.persistence.DatabaseReliabilityDataPersistence.open()], time spent in the method: 10 milliseconds.
Entering method [com.topcoder.reliability.impl.persistence.DatabaseReliabilityDataPersistence.updateCurrentUserReliability(long userId, long projectCategoryId, double reliability)].
Input parameters[userId:123456, projectCategoryId:-1, reliability:0.1]
Error in method [com.topcoder.reliability.impl.persistence.DatabaseReliabilityDataPersistence.updateCurrentUserReliability(long userId, long projectCategoryId, double reliability)], details: IllegalArgumentException is thrown.
java.lang.IllegalArgumentException: 'projectCategoryId' should be positive.
	at com.topcoder.reliability.Helper.checkPositive(Helper.java:150)
	at com.topcoder.reliability.impl.persistence.DatabaseReliabilityDataPersistence.updateCurrentUserReliability(DatabaseReliabilityDataPersistence.java:589)
	at com.topcoder.reliability.impl.persistence.DatabaseReliabilityDataPersistenceUnitTests.test_updateCurrentUserReliability_projectCategoryIdNegative(DatabaseReliabilityDataPersistenceUnitTests.java:1026)
	at sun.reflect.NativeMethodAccessorImpl.invoke0(Native Method)
	at sun.reflect.NativeMethodAccessorImpl.invoke(NativeMethodAccessorImpl.java:39)
	at sun.reflect.DelegatingMethodAccessorImpl.invoke(DelegatingMethodAccessorImpl.java:25)
	at java.lang.reflect.Method.invoke(Method.java:597)
	at org.junit.runners.model.FrameworkMethod$1.runReflectiveCall(FrameworkMethod.java:44)
	at org.junit.internal.runners.model.ReflectiveCallable.run(ReflectiveCallable.java:15)
	at org.junit.runners.model.FrameworkMethod.invokeExplosively(FrameworkMethod.java:41)
	at org.junit.internal.runners.statements.InvokeMethod.evaluate(InvokeMethod.java:20)
	at org.junit.internal.runners.statements.ExpectException.evaluate(ExpectException.java:21)
	at org.junit.internal.runners.statements.RunBefores.evaluate(RunBefores.java:28)
	at org.junit.internal.runners.statements.RunAfters.evaluate(RunAfters.java:31)
	at org.junit.runners.BlockJUnit4ClassRunner.runNotIgnored(BlockJUnit4ClassRunner.java:79)
	at org.junit.runners.BlockJUnit4ClassRunner.runChild(BlockJUnit4ClassRunner.java:71)
	at org.junit.runners.BlockJUnit4ClassRunner.runChild(BlockJUnit4ClassRunner.java:49)
	at org.junit.runners.ParentRunner$3.run(ParentRunner.java:193)
	at org.junit.runners.ParentRunner$1.schedule(ParentRunner.java:52)
	at org.junit.runners.ParentRunner.runChildren(ParentRunner.java:191)
	at org.junit.runners.ParentRunner.access$000(ParentRunner.java:42)
	at org.junit.runners.ParentRunner$2.evaluate(ParentRunner.java:184)
	at org.junit.runners.ParentRunner.run(ParentRunner.java:236)
	at junit.framework.JUnit4TestAdapter.run(JUnit4TestAdapter.java:39)
	at junit.framework.TestSuite.runTest(TestSuite.java:243)
	at junit.framework.TestSuite.run(TestSuite.java:238)
	at junit.framework.TestSuite.runTest(TestSuite.java:243)
	at junit.framework.TestSuite.run(TestSuite.java:238)
	at org.apache.tools.ant.taskdefs.optional.junit.JUnitTestRunner.run(JUnitTestRunner.java:420)
	at org.apache.tools.ant.taskdefs.optional.junit.JUnitTestRunner.launch(JUnitTestRunner.java:911)
	at org.apache.tools.ant.taskdefs.optional.junit.JUnitTestRunner.main(JUnitTestRunner.java:768)

Entering method [com.topcoder.reliability.impl.persistence.DatabaseReliabilityDataPersistence.close].
Exiting method [com.topcoder.reliability.impl.persistence.DatabaseReliabilityDataPersistence.close], time spent in the method: 0 milliseconds.
Entering method [com.topcoder.reliability.impl.persistence.DatabaseReliabilityDataPersistence.open()].
Exiting method [com.topcoder.reliability.impl.persistence.DatabaseReliabilityDataPersistence.open()], time spent in the method: 12 milliseconds.
Entering method [com.topcoder.reliability.impl.persistence.DatabaseReliabilityDataPersistence.updateCurrentUserReliability(long userId, long projectCategoryId, double reliability)].
Input parameters[userId:123456, projectCategoryId:0, reliability:0.1]
Error in method [com.topcoder.reliability.impl.persistence.DatabaseReliabilityDataPersistence.updateCurrentUserReliability(long userId, long projectCategoryId, double reliability)], details: IllegalArgumentException is thrown.
java.lang.IllegalArgumentException: 'projectCategoryId' should be positive.
	at com.topcoder.reliability.Helper.checkPositive(Helper.java:150)
	at com.topcoder.reliability.impl.persistence.DatabaseReliabilityDataPersistence.updateCurrentUserReliability(DatabaseReliabilityDataPersistence.java:589)
	at com.topcoder.reliability.impl.persistence.DatabaseReliabilityDataPersistenceUnitTests.test_updateCurrentUserReliability_projectCategoryIdZero(DatabaseReliabilityDataPersistenceUnitTests.java:1043)
	at sun.reflect.NativeMethodAccessorImpl.invoke0(Native Method)
	at sun.reflect.NativeMethodAccessorImpl.invoke(NativeMethodAccessorImpl.java:39)
	at sun.reflect.DelegatingMethodAccessorImpl.invoke(DelegatingMethodAccessorImpl.java:25)
	at java.lang.reflect.Method.invoke(Method.java:597)
	at org.junit.runners.model.FrameworkMethod$1.runReflectiveCall(FrameworkMethod.java:44)
	at org.junit.internal.runners.model.ReflectiveCallable.run(ReflectiveCallable.java:15)
	at org.junit.runners.model.FrameworkMethod.invokeExplosively(FrameworkMethod.java:41)
	at org.junit.internal.runners.statements.InvokeMethod.evaluate(InvokeMethod.java:20)
	at org.junit.internal.runners.statements.ExpectException.evaluate(ExpectException.java:21)
	at org.junit.internal.runners.statements.RunBefores.evaluate(RunBefores.java:28)
	at org.junit.internal.runners.statements.RunAfters.evaluate(RunAfters.java:31)
	at org.junit.runners.BlockJUnit4ClassRunner.runNotIgnored(BlockJUnit4ClassRunner.java:79)
	at org.junit.runners.BlockJUnit4ClassRunner.runChild(BlockJUnit4ClassRunner.java:71)
	at org.junit.runners.BlockJUnit4ClassRunner.runChild(BlockJUnit4ClassRunner.java:49)
	at org.junit.runners.ParentRunner$3.run(ParentRunner.java:193)
	at org.junit.runners.ParentRunner$1.schedule(ParentRunner.java:52)
	at org.junit.runners.ParentRunner.runChildren(ParentRunner.java:191)
	at org.junit.runners.ParentRunner.access$000(ParentRunner.java:42)
	at org.junit.runners.ParentRunner$2.evaluate(ParentRunner.java:184)
	at org.junit.runners.ParentRunner.run(ParentRunner.java:236)
	at junit.framework.JUnit4TestAdapter.run(JUnit4TestAdapter.java:39)
	at junit.framework.TestSuite.runTest(TestSuite.java:243)
	at junit.framework.TestSuite.run(TestSuite.java:238)
	at junit.framework.TestSuite.runTest(TestSuite.java:243)
	at junit.framework.TestSuite.run(TestSuite.java:238)
	at org.apache.tools.ant.taskdefs.optional.junit.JUnitTestRunner.run(JUnitTestRunner.java:420)
	at org.apache.tools.ant.taskdefs.optional.junit.JUnitTestRunner.launch(JUnitTestRunner.java:911)
	at org.apache.tools.ant.taskdefs.optional.junit.JUnitTestRunner.main(JUnitTestRunner.java:768)

Entering method [com.topcoder.reliability.impl.persistence.DatabaseReliabilityDataPersistence.close].
Exiting method [com.topcoder.reliability.impl.persistence.DatabaseReliabilityDataPersistence.close], time spent in the method: 0 milliseconds.
Entering method [com.topcoder.reliability.impl.persistence.DatabaseReliabilityDataPersistence.open()].
Exiting method [com.topcoder.reliability.impl.persistence.DatabaseReliabilityDataPersistence.open()], time spent in the method: 10 milliseconds.
Entering method [com.topcoder.reliability.impl.persistence.DatabaseReliabilityDataPersistence.updateCurrentUserReliability(long userId, long projectCategoryId, double reliability)].
Input parameters[userId:123456, projectCategoryId:1, reliability:-0.01]
Error in method [com.topcoder.reliability.impl.persistence.DatabaseReliabilityDataPersistence.updateCurrentUserReliability(long userId, long projectCategoryId, double reliability)], details: IllegalArgumentException is thrown.
java.lang.IllegalArgumentException: 'reliability' should be in the range [0, 1].
	at com.topcoder.reliability.impl.persistence.DatabaseReliabilityDataPersistence.updateCurrentUserReliability(DatabaseReliabilityDataPersistence.java:591)
	at com.topcoder.reliability.impl.persistence.DatabaseReliabilityDataPersistenceUnitTests.test_updateCurrentUserReliability_reliabilityInvalid1(DatabaseReliabilityDataPersistenceUnitTests.java:1060)
	at sun.reflect.NativeMethodAccessorImpl.invoke0(Native Method)
	at sun.reflect.NativeMethodAccessorImpl.invoke(NativeMethodAccessorImpl.java:39)
	at sun.reflect.DelegatingMethodAccessorImpl.invoke(DelegatingMethodAccessorImpl.java:25)
	at java.lang.reflect.Method.invoke(Method.java:597)
	at org.junit.runners.model.FrameworkMethod$1.runReflectiveCall(FrameworkMethod.java:44)
	at org.junit.internal.runners.model.ReflectiveCallable.run(ReflectiveCallable.java:15)
	at org.junit.runners.model.FrameworkMethod.invokeExplosively(FrameworkMethod.java:41)
	at org.junit.internal.runners.statements.InvokeMethod.evaluate(InvokeMethod.java:20)
	at org.junit.internal.runners.statements.ExpectException.evaluate(ExpectException.java:21)
	at org.junit.internal.runners.statements.RunBefores.evaluate(RunBefores.java:28)
	at org.junit.internal.runners.statements.RunAfters.evaluate(RunAfters.java:31)
	at org.junit.runners.BlockJUnit4ClassRunner.runNotIgnored(BlockJUnit4ClassRunner.java:79)
	at org.junit.runners.BlockJUnit4ClassRunner.runChild(BlockJUnit4ClassRunner.java:71)
	at org.junit.runners.BlockJUnit4ClassRunner.runChild(BlockJUnit4ClassRunner.java:49)
	at org.junit.runners.ParentRunner$3.run(ParentRunner.java:193)
	at org.junit.runners.ParentRunner$1.schedule(ParentRunner.java:52)
	at org.junit.runners.ParentRunner.runChildren(ParentRunner.java:191)
	at org.junit.runners.ParentRunner.access$000(ParentRunner.java:42)
	at org.junit.runners.ParentRunner$2.evaluate(ParentRunner.java:184)
	at org.junit.runners.ParentRunner.run(ParentRunner.java:236)
	at junit.framework.JUnit4TestAdapter.run(JUnit4TestAdapter.java:39)
	at junit.framework.TestSuite.runTest(TestSuite.java:243)
	at junit.framework.TestSuite.run(TestSuite.java:238)
	at junit.framework.TestSuite.runTest(TestSuite.java:243)
	at junit.framework.TestSuite.run(TestSuite.java:238)
	at org.apache.tools.ant.taskdefs.optional.junit.JUnitTestRunner.run(JUnitTestRunner.java:420)
	at org.apache.tools.ant.taskdefs.optional.junit.JUnitTestRunner.launch(JUnitTestRunner.java:911)
	at org.apache.tools.ant.taskdefs.optional.junit.JUnitTestRunner.main(JUnitTestRunner.java:768)

Entering method [com.topcoder.reliability.impl.persistence.DatabaseReliabilityDataPersistence.close].
Exiting method [com.topcoder.reliability.impl.persistence.DatabaseReliabilityDataPersistence.close], time spent in the method: 0 milliseconds.
Entering method [com.topcoder.reliability.impl.persistence.DatabaseReliabilityDataPersistence.open()].
Exiting method [com.topcoder.reliability.impl.persistence.DatabaseReliabilityDataPersistence.open()], time spent in the method: 11 milliseconds.
Entering method [com.topcoder.reliability.impl.persistence.DatabaseReliabilityDataPersistence.updateCurrentUserReliability(long userId, long projectCategoryId, double reliability)].
Input parameters[userId:123456, projectCategoryId:1, reliability:1.01]
Error in method [com.topcoder.reliability.impl.persistence.DatabaseReliabilityDataPersistence.updateCurrentUserReliability(long userId, long projectCategoryId, double reliability)], details: IllegalArgumentException is thrown.
java.lang.IllegalArgumentException: 'reliability' should be in the range [0, 1].
	at com.topcoder.reliability.impl.persistence.DatabaseReliabilityDataPersistence.updateCurrentUserReliability(DatabaseReliabilityDataPersistence.java:591)
	at com.topcoder.reliability.impl.persistence.DatabaseReliabilityDataPersistenceUnitTests.test_updateCurrentUserReliability_reliabilityInvalid2(DatabaseReliabilityDataPersistenceUnitTests.java:1077)
	at sun.reflect.NativeMethodAccessorImpl.invoke0(Native Method)
	at sun.reflect.NativeMethodAccessorImpl.invoke(NativeMethodAccessorImpl.java:39)
	at sun.reflect.DelegatingMethodAccessorImpl.invoke(DelegatingMethodAccessorImpl.java:25)
	at java.lang.reflect.Method.invoke(Method.java:597)
	at org.junit.runners.model.FrameworkMethod$1.runReflectiveCall(FrameworkMethod.java:44)
	at org.junit.internal.runners.model.ReflectiveCallable.run(ReflectiveCallable.java:15)
	at org.junit.runners.model.FrameworkMethod.invokeExplosively(FrameworkMethod.java:41)
	at org.junit.internal.runners.statements.InvokeMethod.evaluate(InvokeMethod.java:20)
	at org.junit.internal.runners.statements.ExpectException.evaluate(ExpectException.java:21)
	at org.junit.internal.runners.statements.RunBefores.evaluate(RunBefores.java:28)
	at org.junit.internal.runners.statements.RunAfters.evaluate(RunAfters.java:31)
	at org.junit.runners.BlockJUnit4ClassRunner.runNotIgnored(BlockJUnit4ClassRunner.java:79)
	at org.junit.runners.BlockJUnit4ClassRunner.runChild(BlockJUnit4ClassRunner.java:71)
	at org.junit.runners.BlockJUnit4ClassRunner.runChild(BlockJUnit4ClassRunner.java:49)
	at org.junit.runners.ParentRunner$3.run(ParentRunner.java:193)
	at org.junit.runners.ParentRunner$1.schedule(ParentRunner.java:52)
	at org.junit.runners.ParentRunner.runChildren(ParentRunner.java:191)
	at org.junit.runners.ParentRunner.access$000(ParentRunner.java:42)
	at org.junit.runners.ParentRunner$2.evaluate(ParentRunner.java:184)
	at org.junit.runners.ParentRunner.run(ParentRunner.java:236)
	at junit.framework.JUnit4TestAdapter.run(JUnit4TestAdapter.java:39)
	at junit.framework.TestSuite.runTest(TestSuite.java:243)
	at junit.framework.TestSuite.run(TestSuite.java:238)
	at junit.framework.TestSuite.runTest(TestSuite.java:243)
	at junit.framework.TestSuite.run(TestSuite.java:238)
	at org.apache.tools.ant.taskdefs.optional.junit.JUnitTestRunner.run(JUnitTestRunner.java:420)
	at org.apache.tools.ant.taskdefs.optional.junit.JUnitTestRunner.launch(JUnitTestRunner.java:911)
	at org.apache.tools.ant.taskdefs.optional.junit.JUnitTestRunner.main(JUnitTestRunner.java:768)

Entering method [com.topcoder.reliability.impl.persistence.DatabaseReliabilityDataPersistence.close].
Exiting method [com.topcoder.reliability.impl.persistence.DatabaseReliabilityDataPersistence.close], time spent in the method: 0 milliseconds.
Entering method [com.topcoder.reliability.impl.persistence.DatabaseReliabilityDataPersistence.open()].
Exiting method [com.topcoder.reliability.impl.persistence.DatabaseReliabilityDataPersistence.open()], time spent in the method: 9 milliseconds.
Entering method [com.topcoder.reliability.impl.persistence.DatabaseReliabilityDataPersistence.close].
Exiting method [com.topcoder.reliability.impl.persistence.DatabaseReliabilityDataPersistence.close], time spent in the method: 1 milliseconds.
Entering method [com.topcoder.reliability.impl.persistence.DatabaseReliabilityDataPersistence.updateCurrentUserReliability(long userId, long projectCategoryId, double reliability)].
Input parameters[userId:123456, projectCategoryId:1, reliability:0.1]
Error in method [com.topcoder.reliability.impl.persistence.DatabaseReliabilityDataPersistence.updateCurrentUserReliability(long userId, long projectCategoryId, double reliability)], details: IllegalStateException is thrown.
java.lang.IllegalStateException: The connection is not opened.
	at com.topcoder.reliability.Helper.checkState(Helper.java:194)
	at com.topcoder.reliability.impl.persistence.DatabaseReliabilityDataPersistence.updateCurrentUserReliability(DatabaseReliabilityDataPersistence.java:595)
	at com.topcoder.reliability.impl.persistence.DatabaseReliabilityDataPersistenceUnitTests.test_updateCurrentUserReliability_NotOpened(DatabaseReliabilityDataPersistenceUnitTests.java:1094)
	at sun.reflect.NativeMethodAccessorImpl.invoke0(Native Method)
	at sun.reflect.NativeMethodAccessorImpl.invoke(NativeMethodAccessorImpl.java:39)
	at sun.reflect.DelegatingMethodAccessorImpl.invoke(DelegatingMethodAccessorImpl.java:25)
	at java.lang.reflect.Method.invoke(Method.java:597)
	at org.junit.runners.model.FrameworkMethod$1.runReflectiveCall(FrameworkMethod.java:44)
	at org.junit.internal.runners.model.ReflectiveCallable.run(ReflectiveCallable.java:15)
	at org.junit.runners.model.FrameworkMethod.invokeExplosively(FrameworkMethod.java:41)
	at org.junit.internal.runners.statements.InvokeMethod.evaluate(InvokeMethod.java:20)
	at org.junit.internal.runners.statements.ExpectException.evaluate(ExpectException.java:21)
	at org.junit.internal.runners.statements.RunBefores.evaluate(RunBefores.java:28)
	at org.junit.internal.runners.statements.RunAfters.evaluate(RunAfters.java:31)
	at org.junit.runners.BlockJUnit4ClassRunner.runNotIgnored(BlockJUnit4ClassRunner.java:79)
	at org.junit.runners.BlockJUnit4ClassRunner.runChild(BlockJUnit4ClassRunner.java:71)
	at org.junit.runners.BlockJUnit4ClassRunner.runChild(BlockJUnit4ClassRunner.java:49)
	at org.junit.runners.ParentRunner$3.run(ParentRunner.java:193)
	at org.junit.runners.ParentRunner$1.schedule(ParentRunner.java:52)
	at org.junit.runners.ParentRunner.runChildren(ParentRunner.java:191)
	at org.junit.runners.ParentRunner.access$000(ParentRunner.java:42)
	at org.junit.runners.ParentRunner$2.evaluate(ParentRunner.java:184)
	at org.junit.runners.ParentRunner.run(ParentRunner.java:236)
	at junit.framework.JUnit4TestAdapter.run(JUnit4TestAdapter.java:39)
	at junit.framework.TestSuite.runTest(TestSuite.java:243)
	at junit.framework.TestSuite.run(TestSuite.java:238)
	at junit.framework.TestSuite.runTest(TestSuite.java:243)
	at junit.framework.TestSuite.run(TestSuite.java:238)
	at org.apache.tools.ant.taskdefs.optional.junit.JUnitTestRunner.run(JUnitTestRunner.java:420)
	at org.apache.tools.ant.taskdefs.optional.junit.JUnitTestRunner.launch(JUnitTestRunner.java:911)
	at org.apache.tools.ant.taskdefs.optional.junit.JUnitTestRunner.main(JUnitTestRunner.java:768)

Entering method [com.topcoder.reliability.impl.persistence.DatabaseReliabilityDataPersistence.close].
Error in method [com.topcoder.reliability.impl.persistence.DatabaseReliabilityDataPersistence.close], details: IllegalStateException is thrown.
java.lang.IllegalStateException: The connection is already closed.
	at com.topcoder.reliability.Helper.checkState(Helper.java:194)
	at com.topcoder.reliability.impl.persistence.DatabaseReliabilityDataPersistence.close(DatabaseReliabilityDataPersistence.java:648)
	at com.topcoder.reliability.impl.persistence.DatabaseReliabilityDataPersistenceUnitTests.tearDown(DatabaseReliabilityDataPersistenceUnitTests.java:159)
	at sun.reflect.GeneratedMethodAccessor10.invoke(Unknown Source)
	at sun.reflect.DelegatingMethodAccessorImpl.invoke(DelegatingMethodAccessorImpl.java:25)
	at java.lang.reflect.Method.invoke(Method.java:597)
	at org.junit.runners.model.FrameworkMethod$1.runReflectiveCall(FrameworkMethod.java:44)
	at org.junit.internal.runners.model.ReflectiveCallable.run(ReflectiveCallable.java:15)
	at org.junit.runners.model.FrameworkMethod.invokeExplosively(FrameworkMethod.java:41)
	at org.junit.internal.runners.statements.RunAfters.evaluate(RunAfters.java:37)
	at org.junit.runners.BlockJUnit4ClassRunner.runNotIgnored(BlockJUnit4ClassRunner.java:79)
	at org.junit.runners.BlockJUnit4ClassRunner.runChild(BlockJUnit4ClassRunner.java:71)
	at org.junit.runners.BlockJUnit4ClassRunner.runChild(BlockJUnit4ClassRunner.java:49)
	at org.junit.runners.ParentRunner$3.run(ParentRunner.java:193)
	at org.junit.runners.ParentRunner$1.schedule(ParentRunner.java:52)
	at org.junit.runners.ParentRunner.runChildren(ParentRunner.java:191)
	at org.junit.runners.ParentRunner.access$000(ParentRunner.java:42)
	at org.junit.runners.ParentRunner$2.evaluate(ParentRunner.java:184)
	at org.junit.runners.ParentRunner.run(ParentRunner.java:236)
	at junit.framework.JUnit4TestAdapter.run(JUnit4TestAdapter.java:39)
	at junit.framework.TestSuite.runTest(TestSuite.java:243)
	at junit.framework.TestSuite.run(TestSuite.java:238)
	at junit.framework.TestSuite.runTest(TestSuite.java:243)
	at junit.framework.TestSuite.run(TestSuite.java:238)
	at org.apache.tools.ant.taskdefs.optional.junit.JUnitTestRunner.run(JUnitTestRunner.java:420)
	at org.apache.tools.ant.taskdefs.optional.junit.JUnitTestRunner.launch(JUnitTestRunner.java:911)
	at org.apache.tools.ant.taskdefs.optional.junit.JUnitTestRunner.main(JUnitTestRunner.java:768)

Entering method [com.topcoder.reliability.impl.persistence.DatabaseReliabilityDataPersistence.open()].
Exiting method [com.topcoder.reliability.impl.persistence.DatabaseReliabilityDataPersistence.open()], time spent in the method: 9 milliseconds.
Entering method [com.topcoder.reliability.impl.persistence.DatabaseReliabilityDataPersistence.close].
Exiting method [com.topcoder.reliability.impl.persistence.DatabaseReliabilityDataPersistence.close], time spent in the method: 0 milliseconds.
Entering method [com.topcoder.reliability.impl.persistence.DatabaseReliabilityDataPersistence.open()].
Exiting method [com.topcoder.reliability.impl.persistence.DatabaseReliabilityDataPersistence.open()], time spent in the method: 10 milliseconds.
Entering method [com.topcoder.reliability.impl.persistence.DatabaseReliabilityDataPersistence.updateCurrentUserReliability(long userId, long projectCategoryId, double reliability)].
Input parameters[userId:123456, projectCategoryId:1, reliability:0.1]
Error in method [com.topcoder.reliability.impl.persistence.DatabaseReliabilityDataPersistence.updateCurrentUserReliability(long userId, long projectCategoryId, double reliability)], details: A database access error occurred when rolling back (will be ignored).
java.sql.SQLException: Connection not established
	at com.informix.util.IfxErrMsg.getSQLException(IfxErrMsg.java:413)
	at com.informix.jdbc.IfxSqliConnect.rollback(IfxSqliConnect.java:2075)
	at com.topcoder.reliability.impl.persistence.DatabaseReliabilityDataPersistence.rollback(DatabaseReliabilityDataPersistence.java:799)
	at com.topcoder.reliability.impl.persistence.DatabaseReliabilityDataPersistence.updateCurrentUserReliability(DatabaseReliabilityDataPersistence.java:611)
	at com.topcoder.reliability.impl.persistence.DatabaseReliabilityDataPersistenceUnitTests.test_updateCurrentUserReliability_Error(DatabaseReliabilityDataPersistenceUnitTests.java:1130)
	at sun.reflect.NativeMethodAccessorImpl.invoke0(Native Method)
	at sun.reflect.NativeMethodAccessorImpl.invoke(NativeMethodAccessorImpl.java:39)
	at sun.reflect.DelegatingMethodAccessorImpl.invoke(DelegatingMethodAccessorImpl.java:25)
	at java.lang.reflect.Method.invoke(Method.java:597)
	at org.junit.runners.model.FrameworkMethod$1.runReflectiveCall(FrameworkMethod.java:44)
	at org.junit.internal.runners.model.ReflectiveCallable.run(ReflectiveCallable.java:15)
	at org.junit.runners.model.FrameworkMethod.invokeExplosively(FrameworkMethod.java:41)
	at org.junit.internal.runners.statements.InvokeMethod.evaluate(InvokeMethod.java:20)
	at org.junit.internal.runners.statements.ExpectException.evaluate(ExpectException.java:21)
	at org.junit.internal.runners.statements.RunBefores.evaluate(RunBefores.java:28)
	at org.junit.internal.runners.statements.RunAfters.evaluate(RunAfters.java:31)
	at org.junit.runners.BlockJUnit4ClassRunner.runNotIgnored(BlockJUnit4ClassRunner.java:79)
	at org.junit.runners.BlockJUnit4ClassRunner.runChild(BlockJUnit4ClassRunner.java:71)
	at org.junit.runners.BlockJUnit4ClassRunner.runChild(BlockJUnit4ClassRunner.java:49)
	at org.junit.runners.ParentRunner$3.run(ParentRunner.java:193)
	at org.junit.runners.ParentRunner$1.schedule(ParentRunner.java:52)
	at org.junit.runners.ParentRunner.runChildren(ParentRunner.java:191)
	at org.junit.runners.ParentRunner.access$000(ParentRunner.java:42)
	at org.junit.runners.ParentRunner$2.evaluate(ParentRunner.java:184)
	at org.junit.runners.ParentRunner.run(ParentRunner.java:236)
	at junit.framework.JUnit4TestAdapter.run(JUnit4TestAdapter.java:39)
	at junit.framework.TestSuite.runTest(TestSuite.java:243)
	at junit.framework.TestSuite.run(TestSuite.java:238)
	at junit.framework.TestSuite.runTest(TestSuite.java:243)
	at junit.framework.TestSuite.run(TestSuite.java:238)
	at org.apache.tools.ant.taskdefs.optional.junit.JUnitTestRunner.run(JUnitTestRunner.java:420)
	at org.apache.tools.ant.taskdefs.optional.junit.JUnitTestRunner.launch(JUnitTestRunner.java:911)
	at org.apache.tools.ant.taskdefs.optional.junit.JUnitTestRunner.main(JUnitTestRunner.java:768)

Error in method [com.topcoder.reliability.impl.persistence.DatabaseReliabilityDataPersistence.updateCurrentUserReliability(long userId, long projectCategoryId, double reliability)], details: ReliabilityDataPersistenceException is thrown when updating the current user reliability.
com.topcoder.reliability.impl.ReliabilityDataPersistenceException: A database access error occurred.
	at com.topcoder.reliability.impl.persistence.DatabaseReliabilityDataPersistence.updateCurrentUserReliability(DatabaseReliabilityDataPersistence.java:613)
	at com.topcoder.reliability.impl.persistence.DatabaseReliabilityDataPersistenceUnitTests.test_updateCurrentUserReliability_Error(DatabaseReliabilityDataPersistenceUnitTests.java:1130)
	at sun.reflect.NativeMethodAccessorImpl.invoke0(Native Method)
	at sun.reflect.NativeMethodAccessorImpl.invoke(NativeMethodAccessorImpl.java:39)
	at sun.reflect.DelegatingMethodAccessorImpl.invoke(DelegatingMethodAccessorImpl.java:25)
	at java.lang.reflect.Method.invoke(Method.java:597)
	at org.junit.runners.model.FrameworkMethod$1.runReflectiveCall(FrameworkMethod.java:44)
	at org.junit.internal.runners.model.ReflectiveCallable.run(ReflectiveCallable.java:15)
	at org.junit.runners.model.FrameworkMethod.invokeExplosively(FrameworkMethod.java:41)
	at org.junit.internal.runners.statements.InvokeMethod.evaluate(InvokeMethod.java:20)
	at org.junit.internal.runners.statements.ExpectException.evaluate(ExpectException.java:21)
	at org.junit.internal.runners.statements.RunBefores.evaluate(RunBefores.java:28)
	at org.junit.internal.runners.statements.RunAfters.evaluate(RunAfters.java:31)
	at org.junit.runners.BlockJUnit4ClassRunner.runNotIgnored(BlockJUnit4ClassRunner.java:79)
	at org.junit.runners.BlockJUnit4ClassRunner.runChild(BlockJUnit4ClassRunner.java:71)
	at org.junit.runners.BlockJUnit4ClassRunner.runChild(BlockJUnit4ClassRunner.java:49)
	at org.junit.runners.ParentRunner$3.run(ParentRunner.java:193)
	at org.junit.runners.ParentRunner$1.schedule(ParentRunner.java:52)
	at org.junit.runners.ParentRunner.runChildren(ParentRunner.java:191)
	at org.junit.runners.ParentRunner.access$000(ParentRunner.java:42)
	at org.junit.runners.ParentRunner$2.evaluate(ParentRunner.java:184)
	at org.junit.runners.ParentRunner.run(ParentRunner.java:236)
	at junit.framework.JUnit4TestAdapter.run(JUnit4TestAdapter.java:39)
	at junit.framework.TestSuite.runTest(TestSuite.java:243)
	at junit.framework.TestSuite.run(TestSuite.java:238)
	at junit.framework.TestSuite.runTest(TestSuite.java:243)
	at junit.framework.TestSuite.run(TestSuite.java:238)
	at org.apache.tools.ant.taskdefs.optional.junit.JUnitTestRunner.run(JUnitTestRunner.java:420)
	at org.apache.tools.ant.taskdefs.optional.junit.JUnitTestRunner.launch(JUnitTestRunner.java:911)
	at org.apache.tools.ant.taskdefs.optional.junit.JUnitTestRunner.main(JUnitTestRunner.java:768)
Caused by: java.sql.SQLException: Connection not established
	at com.informix.util.IfxErrMsg.getSQLException(IfxErrMsg.java:413)
	at com.informix.jdbc.IfxSqliConnect.h(IfxSqliConnect.java:6588)
	at com.informix.jdbc.IfxSqliConnect.prepareStatement(IfxSqliConnect.java:2396)
	at com.topcoder.reliability.impl.persistence.DatabaseReliabilityDataPersistence.executeUpdate(DatabaseReliabilityDataPersistence.java:829)
	at com.topcoder.reliability.impl.persistence.DatabaseReliabilityDataPersistence.updateCurrentUserReliability(DatabaseReliabilityDataPersistence.java:601)
	... 29 more

Entering method [com.topcoder.reliability.impl.persistence.DatabaseReliabilityDataPersistence.close].
Exiting method [com.topcoder.reliability.impl.persistence.DatabaseReliabilityDataPersistence.close], time spent in the method: 0 milliseconds.
Entering method [com.topcoder.reliability.impl.persistence.DatabaseReliabilityDataPersistence.open()].
Exiting method [com.topcoder.reliability.impl.persistence.DatabaseReliabilityDataPersistence.open()], time spent in the method: 10 milliseconds.
Entering method [com.topcoder.reliability.impl.persistence.DatabaseReliabilityDataPersistence.close].
Exiting method [com.topcoder.reliability.impl.persistence.DatabaseReliabilityDataPersistence.close], time spent in the method: 0 milliseconds.
Entering method [com.topcoder.reliability.impl.persistence.DatabaseReliabilityDataPersistence.close].
Error in method [com.topcoder.reliability.impl.persistence.DatabaseReliabilityDataPersistence.close], details: IllegalStateException is thrown.
java.lang.IllegalStateException: The connection is already closed.
	at com.topcoder.reliability.Helper.checkState(Helper.java:194)
	at com.topcoder.reliability.impl.persistence.DatabaseReliabilityDataPersistence.close(DatabaseReliabilityDataPersistence.java:648)
	at com.topcoder.reliability.impl.persistence.DatabaseReliabilityDataPersistenceUnitTests.tearDown(DatabaseReliabilityDataPersistenceUnitTests.java:159)
	at sun.reflect.GeneratedMethodAccessor10.invoke(Unknown Source)
	at sun.reflect.DelegatingMethodAccessorImpl.invoke(DelegatingMethodAccessorImpl.java:25)
	at java.lang.reflect.Method.invoke(Method.java:597)
	at org.junit.runners.model.FrameworkMethod$1.runReflectiveCall(FrameworkMethod.java:44)
	at org.junit.internal.runners.model.ReflectiveCallable.run(ReflectiveCallable.java:15)
	at org.junit.runners.model.FrameworkMethod.invokeExplosively(FrameworkMethod.java:41)
	at org.junit.internal.runners.statements.RunAfters.evaluate(RunAfters.java:37)
	at org.junit.runners.BlockJUnit4ClassRunner.runNotIgnored(BlockJUnit4ClassRunner.java:79)
	at org.junit.runners.BlockJUnit4ClassRunner.runChild(BlockJUnit4ClassRunner.java:71)
	at org.junit.runners.BlockJUnit4ClassRunner.runChild(BlockJUnit4ClassRunner.java:49)
	at org.junit.runners.ParentRunner$3.run(ParentRunner.java:193)
	at org.junit.runners.ParentRunner$1.schedule(ParentRunner.java:52)
	at org.junit.runners.ParentRunner.runChildren(ParentRunner.java:191)
	at org.junit.runners.ParentRunner.access$000(ParentRunner.java:42)
	at org.junit.runners.ParentRunner$2.evaluate(ParentRunner.java:184)
	at org.junit.runners.ParentRunner.run(ParentRunner.java:236)
	at junit.framework.JUnit4TestAdapter.run(JUnit4TestAdapter.java:39)
	at junit.framework.TestSuite.runTest(TestSuite.java:243)
	at junit.framework.TestSuite.run(TestSuite.java:238)
	at junit.framework.TestSuite.runTest(TestSuite.java:243)
	at junit.framework.TestSuite.run(TestSuite.java:238)
	at org.apache.tools.ant.taskdefs.optional.junit.JUnitTestRunner.run(JUnitTestRunner.java:420)
	at org.apache.tools.ant.taskdefs.optional.junit.JUnitTestRunner.launch(JUnitTestRunner.java:911)
	at org.apache.tools.ant.taskdefs.optional.junit.JUnitTestRunner.main(JUnitTestRunner.java:768)

Entering method [com.topcoder.reliability.impl.persistence.DatabaseReliabilityDataPersistence.open()].
Exiting method [com.topcoder.reliability.impl.persistence.DatabaseReliabilityDataPersistence.open()], time spent in the method: 9 milliseconds.
Entering method [com.topcoder.reliability.impl.persistence.DatabaseReliabilityDataPersistence.close].
Exiting method [com.topcoder.reliability.impl.persistence.DatabaseReliabilityDataPersistence.close], time spent in the method: 0 milliseconds.
Entering method [com.topcoder.reliability.impl.persistence.DatabaseReliabilityDataPersistence.close].
Error in method [com.topcoder.reliability.impl.persistence.DatabaseReliabilityDataPersistence.close], details: IllegalStateException is thrown.
java.lang.IllegalStateException: The connection is already closed.
	at com.topcoder.reliability.Helper.checkState(Helper.java:194)
	at com.topcoder.reliability.impl.persistence.DatabaseReliabilityDataPersistence.close(DatabaseReliabilityDataPersistence.java:648)
	at com.topcoder.reliability.impl.persistence.DatabaseReliabilityDataPersistenceUnitTests.test_close_AlreadyClosed(DatabaseReliabilityDataPersistenceUnitTests.java:1163)
	at sun.reflect.NativeMethodAccessorImpl.invoke0(Native Method)
	at sun.reflect.NativeMethodAccessorImpl.invoke(NativeMethodAccessorImpl.java:39)
	at sun.reflect.DelegatingMethodAccessorImpl.invoke(DelegatingMethodAccessorImpl.java:25)
	at java.lang.reflect.Method.invoke(Method.java:597)
	at org.junit.runners.model.FrameworkMethod$1.runReflectiveCall(FrameworkMethod.java:44)
	at org.junit.internal.runners.model.ReflectiveCallable.run(ReflectiveCallable.java:15)
	at org.junit.runners.model.FrameworkMethod.invokeExplosively(FrameworkMethod.java:41)
	at org.junit.internal.runners.statements.InvokeMethod.evaluate(InvokeMethod.java:20)
	at org.junit.internal.runners.statements.ExpectException.evaluate(ExpectException.java:21)
	at org.junit.internal.runners.statements.RunBefores.evaluate(RunBefores.java:28)
	at org.junit.internal.runners.statements.RunAfters.evaluate(RunAfters.java:31)
	at org.junit.runners.BlockJUnit4ClassRunner.runNotIgnored(BlockJUnit4ClassRunner.java:79)
	at org.junit.runners.BlockJUnit4ClassRunner.runChild(BlockJUnit4ClassRunner.java:71)
	at org.junit.runners.BlockJUnit4ClassRunner.runChild(BlockJUnit4ClassRunner.java:49)
	at org.junit.runners.ParentRunner$3.run(ParentRunner.java:193)
	at org.junit.runners.ParentRunner$1.schedule(ParentRunner.java:52)
	at org.junit.runners.ParentRunner.runChildren(ParentRunner.java:191)
	at org.junit.runners.ParentRunner.access$000(ParentRunner.java:42)
	at org.junit.runners.ParentRunner$2.evaluate(ParentRunner.java:184)
	at org.junit.runners.ParentRunner.run(ParentRunner.java:236)
	at junit.framework.JUnit4TestAdapter.run(JUnit4TestAdapter.java:39)
	at junit.framework.TestSuite.runTest(TestSuite.java:243)
	at junit.framework.TestSuite.run(TestSuite.java:238)
	at junit.framework.TestSuite.runTest(TestSuite.java:243)
	at junit.framework.TestSuite.run(TestSuite.java:238)
	at org.apache.tools.ant.taskdefs.optional.junit.JUnitTestRunner.run(JUnitTestRunner.java:420)
	at org.apache.tools.ant.taskdefs.optional.junit.JUnitTestRunner.launch(JUnitTestRunner.java:911)
	at org.apache.tools.ant.taskdefs.optional.junit.JUnitTestRunner.main(JUnitTestRunner.java:768)

Entering method [com.topcoder.reliability.impl.persistence.DatabaseReliabilityDataPersistence.close].
Error in method [com.topcoder.reliability.impl.persistence.DatabaseReliabilityDataPersistence.close], details: IllegalStateException is thrown.
java.lang.IllegalStateException: The connection is already closed.
	at com.topcoder.reliability.Helper.checkState(Helper.java:194)
	at com.topcoder.reliability.impl.persistence.DatabaseReliabilityDataPersistence.close(DatabaseReliabilityDataPersistence.java:648)
	at com.topcoder.reliability.impl.persistence.DatabaseReliabilityDataPersistenceUnitTests.tearDown(DatabaseReliabilityDataPersistenceUnitTests.java:159)
	at sun.reflect.GeneratedMethodAccessor10.invoke(Unknown Source)
	at sun.reflect.DelegatingMethodAccessorImpl.invoke(DelegatingMethodAccessorImpl.java:25)
	at java.lang.reflect.Method.invoke(Method.java:597)
	at org.junit.runners.model.FrameworkMethod$1.runReflectiveCall(FrameworkMethod.java:44)
	at org.junit.internal.runners.model.ReflectiveCallable.run(ReflectiveCallable.java:15)
	at org.junit.runners.model.FrameworkMethod.invokeExplosively(FrameworkMethod.java:41)
	at org.junit.internal.runners.statements.RunAfters.evaluate(RunAfters.java:37)
	at org.junit.runners.BlockJUnit4ClassRunner.runNotIgnored(BlockJUnit4ClassRunner.java:79)
	at org.junit.runners.BlockJUnit4ClassRunner.runChild(BlockJUnit4ClassRunner.java:71)
	at org.junit.runners.BlockJUnit4ClassRunner.runChild(BlockJUnit4ClassRunner.java:49)
	at org.junit.runners.ParentRunner$3.run(ParentRunner.java:193)
	at org.junit.runners.ParentRunner$1.schedule(ParentRunner.java:52)
	at org.junit.runners.ParentRunner.runChildren(ParentRunner.java:191)
	at org.junit.runners.ParentRunner.access$000(ParentRunner.java:42)
	at org.junit.runners.ParentRunner$2.evaluate(ParentRunner.java:184)
	at org.junit.runners.ParentRunner.run(ParentRunner.java:236)
	at junit.framework.JUnit4TestAdapter.run(JUnit4TestAdapter.java:39)
	at junit.framework.TestSuite.runTest(TestSuite.java:243)
	at junit.framework.TestSuite.run(TestSuite.java:238)
	at junit.framework.TestSuite.runTest(TestSuite.java:243)
	at junit.framework.TestSuite.run(TestSuite.java:238)
	at org.apache.tools.ant.taskdefs.optional.junit.JUnitTestRunner.run(JUnitTestRunner.java:420)
	at org.apache.tools.ant.taskdefs.optional.junit.JUnitTestRunner.launch(JUnitTestRunner.java:911)
	at org.apache.tools.ant.taskdefs.optional.junit.JUnitTestRunner.main(JUnitTestRunner.java:768)

Entering method [com.topcoder.reliability.impl.persistence.DatabaseReliabilityDataPersistence.open()].
Exiting method [com.topcoder.reliability.impl.persistence.DatabaseReliabilityDataPersistence.open()], time spent in the method: 9 milliseconds.
Entering method [com.topcoder.reliability.impl.persistence.DatabaseReliabilityDataPersistence.close].
Exiting method [com.topcoder.reliability.impl.persistence.DatabaseReliabilityDataPersistence.close], time spent in the method: 1 milliseconds.
Entering method [com.topcoder.reliability.impl.detectors.PhaseEndTimeBasedResolutionDateDetector.detect(UserProjectParticipationData data)].
Input parameters[data:com.topcoder.reliability.impl.UserProjectParticipationData@2f152c0e]
Exiting method [com.topcoder.reliability.impl.detectors.PhaseEndTimeBasedResolutionDateDetector.detect(UserProjectParticipationData data)], time spent in the method: 0 milliseconds.
Entering method [com.topcoder.reliability.impl.detectors.PhaseEndTimeBasedResolutionDateDetector.detect(UserProjectParticipationData data)].
Input parameters[data:com.topcoder.reliability.impl.UserProjectParticipationData@58cf17c3]
Exiting method [com.topcoder.reliability.impl.detectors.PhaseEndTimeBasedResolutionDateDetector.detect(UserProjectParticipationData data)], time spent in the method: 0 milliseconds.
Entering method [com.topcoder.reliability.impl.detectors.PhaseEndTimeBasedResolutionDateDetector.detect(UserProjectParticipationData data)].
Input parameters[data:com.topcoder.reliability.impl.UserProjectParticipationData@1f0812ac]
Exiting method [com.topcoder.reliability.impl.detectors.PhaseEndTimeBasedResolutionDateDetector.detect(UserProjectParticipationData data)], time spent in the method: 0 milliseconds.
Entering method [com.topcoder.reliability.impl.detectors.PhaseEndTimeBasedResolutionDateDetector.detect(UserProjectParticipationData data)].
Input parameters[data:com.topcoder.reliability.impl.UserProjectParticipationData@6ab17e0a]
Exiting method [com.topcoder.reliability.impl.detectors.PhaseEndTimeBasedResolutionDateDetector.detect(UserProjectParticipationData data)], time spent in the method: 0 milliseconds.
Entering method [com.topcoder.reliability.impl.detectors.PhaseEndTimeBasedResolutionDateDetector.detect(UserProjectParticipationData data)].
Input parameters[data:com.topcoder.reliability.impl.UserProjectParticipationData@320aad0b]
Exiting method [com.topcoder.reliability.impl.detectors.PhaseEndTimeBasedResolutionDateDetector.detect(UserProjectParticipationData data)], time spent in the method: 0 milliseconds.
Entering method [com.topcoder.reliability.impl.detectors.PhaseEndTimeBasedResolutionDateDetector.detect(UserProjectParticipationData data)].
Input parameters[data:com.topcoder.reliability.impl.UserProjectParticipationData@65087be0]
Exiting method [com.topcoder.reliability.impl.detectors.PhaseEndTimeBasedResolutionDateDetector.detect(UserProjectParticipationData data)], time spent in the method: 0 milliseconds.
Entering method [com.topcoder.reliability.impl.detectors.PhaseEndTimeBasedResolutionDateDetector.detect(UserProjectParticipationData data)].
Input parameters[data:com.topcoder.reliability.impl.UserProjectParticipationData@23978611]
Exiting method [com.topcoder.reliability.impl.detectors.PhaseEndTimeBasedResolutionDateDetector.detect(UserProjectParticipationData data)], time spent in the method: 0 milliseconds.
Entering method [com.topcoder.reliability.impl.detectors.PhaseEndTimeBasedResolutionDateDetector.detect(UserProjectParticipationData data)].
Input parameters[data:com.topcoder.reliability.impl.UserProjectParticipationData@7ce9927a]
Exiting method [com.topcoder.reliability.impl.detectors.PhaseEndTimeBasedResolutionDateDetector.detect(UserProjectParticipationData data)], time spent in the method: 0 milliseconds.
Entering method [com.topcoder.reliability.impl.detectors.PhaseEndTimeBasedResolutionDateDetector.detect(UserProjectParticipationData data)].
Input parameters[data:com.topcoder.reliability.impl.UserProjectParticipationData@257ccb2f]
Exiting method [com.topcoder.reliability.impl.detectors.PhaseEndTimeBasedResolutionDateDetector.detect(UserProjectParticipationData data)], time spent in the method: 0 milliseconds.
Entering method [com.topcoder.reliability.impl.detectors.PhaseEndTimeBasedResolutionDateDetector.detect(UserProjectParticipationData data)].
Input parameters[data:null]
Error in method [com.topcoder.reliability.impl.detectors.PhaseEndTimeBasedResolutionDateDetector.detect(UserProjectParticipationData data)], details: IllegalArgumentException is thrown.
java.lang.IllegalArgumentException: 'data' should not be null.
	at com.topcoder.reliability.Helper.checkNull(Helper.java:131)
	at com.topcoder.reliability.impl.detectors.PhaseEndTimeBasedResolutionDateDetector.detect(PhaseEndTimeBasedResolutionDateDetector.java:126)
	at com.topcoder.reliability.impl.detectors.PhaseEndTimeBasedResolutionDateDetectorUnitTests.test_detect_dataNull(PhaseEndTimeBasedResolutionDateDetectorUnitTests.java:356)
	at sun.reflect.NativeMethodAccessorImpl.invoke0(Native Method)
	at sun.reflect.NativeMethodAccessorImpl.invoke(NativeMethodAccessorImpl.java:39)
	at sun.reflect.DelegatingMethodAccessorImpl.invoke(DelegatingMethodAccessorImpl.java:25)
	at java.lang.reflect.Method.invoke(Method.java:597)
	at org.junit.runners.model.FrameworkMethod$1.runReflectiveCall(FrameworkMethod.java:44)
	at org.junit.internal.runners.model.ReflectiveCallable.run(ReflectiveCallable.java:15)
	at org.junit.runners.model.FrameworkMethod.invokeExplosively(FrameworkMethod.java:41)
	at org.junit.internal.runners.statements.InvokeMethod.evaluate(InvokeMethod.java:20)
	at org.junit.internal.runners.statements.ExpectException.evaluate(ExpectException.java:21)
	at org.junit.internal.runners.statements.RunBefores.evaluate(RunBefores.java:28)
	at org.junit.runners.BlockJUnit4ClassRunner.runNotIgnored(BlockJUnit4ClassRunner.java:79)
	at org.junit.runners.BlockJUnit4ClassRunner.runChild(BlockJUnit4ClassRunner.java:71)
	at org.junit.runners.BlockJUnit4ClassRunner.runChild(BlockJUnit4ClassRunner.java:49)
	at org.junit.runners.ParentRunner$3.run(ParentRunner.java:193)
	at org.junit.runners.ParentRunner$1.schedule(ParentRunner.java:52)
	at org.junit.runners.ParentRunner.runChildren(ParentRunner.java:191)
	at org.junit.runners.ParentRunner.access$000(ParentRunner.java:42)
	at org.junit.runners.ParentRunner$2.evaluate(ParentRunner.java:184)
	at org.junit.runners.ParentRunner.run(ParentRunner.java:236)
	at junit.framework.JUnit4TestAdapter.run(JUnit4TestAdapter.java:39)
	at junit.framework.TestSuite.runTest(TestSuite.java:243)
	at junit.framework.TestSuite.run(TestSuite.java:238)
	at junit.framework.TestSuite.runTest(TestSuite.java:243)
	at junit.framework.TestSuite.run(TestSuite.java:238)
	at org.apache.tools.ant.taskdefs.optional.junit.JUnitTestRunner.run(JUnitTestRunner.java:420)
	at org.apache.tools.ant.taskdefs.optional.junit.JUnitTestRunner.launch(JUnitTestRunner.java:911)
	at org.apache.tools.ant.taskdefs.optional.junit.JUnitTestRunner.main(JUnitTestRunner.java:768)

Entering method [com.topcoder.reliability.impl.detectors.PhaseEndTimeBasedResolutionDateDetector.detect(UserProjectParticipationData data)].
Input parameters[data:com.topcoder.reliability.impl.UserProjectParticipationData@2608b60a]
Exiting method [com.topcoder.reliability.impl.detectors.PhaseEndTimeBasedResolutionDateDetector.detect(UserProjectParticipationData data)], time spent in the method: 0 milliseconds.
Entering method [com.topcoder.reliability.impl.detectors.PhaseEndTimeBasedResolutionDateDetector.detect(UserProjectParticipationData data)].
Input parameters[data:com.topcoder.reliability.impl.UserProjectParticipationData@18ce623f]
Exiting method [com.topcoder.reliability.impl.detectors.PhaseEndTimeBasedResolutionDateDetector.detect(UserProjectParticipationData data)], time spent in the method: 0 milliseconds.
Entering method [com.topcoder.reliability.impl.detectors.PhaseEndTimeBasedResolutionDateDetector.detect(UserProjectParticipationData data)].
Input parameters[data:com.topcoder.reliability.impl.UserProjectParticipationData@307a140f]
Exiting method [com.topcoder.reliability.impl.detectors.PhaseEndTimeBasedResolutionDateDetector.detect(UserProjectParticipationData data)], time spent in the method: 0 milliseconds.
Entering method [com.topcoder.reliability.impl.detectors.PhaseEndTimeBasedResolutionDateDetector.detect(UserProjectParticipationData data)].
Input parameters[data:com.topcoder.reliability.impl.UserProjectParticipationData@662ad0d]
Exiting method [com.topcoder.reliability.impl.detectors.PhaseEndTimeBasedResolutionDateDetector.detect(UserProjectParticipationData data)], time spent in the method: 0 milliseconds.
Entering method [com.topcoder.reliability.impl.detectors.PhaseEndTimeBasedResolutionDateDetector.detect(UserProjectParticipationData data)].
Input parameters[data:com.topcoder.reliability.impl.UserProjectParticipationData@57cee0c8]
Exiting method [com.topcoder.reliability.impl.detectors.PhaseEndTimeBasedResolutionDateDetector.detect(UserProjectParticipationData data)], time spent in the method: 0 milliseconds.
Entering method [com.topcoder.reliability.impl.detectors.PhaseEndTimeBasedResolutionDateDetector.detect(UserProjectParticipationData data)].
Input parameters[data:com.topcoder.reliability.impl.UserProjectParticipationData@7b6bbeaf]
Exiting method [com.topcoder.reliability.impl.detectors.PhaseEndTimeBasedResolutionDateDetector.detect(UserProjectParticipationData data)], time spent in the method: 0 milliseconds.
Entering method [com.topcoder.reliability.impl.calculators.BaseUserReliabilityCalculator.calculate(List<UserProjectParticipationData> projects)].
Input parameters[projects:[com.topcoder.reliability.impl.UserProjectParticipationData@34768dc8, com.topcoder.reliability.impl.UserProjectParticipationData@53566060]]
Exiting method [com.topcoder.reliability.impl.calculators.BaseUserReliabilityCalculator.calculate(List<UserProjectParticipationData> projects)], time spent in the method: 0 milliseconds.
Output parameter: []
Entering method [com.topcoder.reliability.impl.calculators.BaseUserReliabilityCalculator.calculate(List<UserProjectParticipationData> projects)].
Input parameters[projects:[com.topcoder.reliability.impl.UserProjectParticipationData@215cc135, com.topcoder.reliability.impl.UserProjectParticipationData@50908faf, com.topcoder.reliability.impl.UserProjectParticipationData@42c9537b]]
Exiting method [com.topcoder.reliability.impl.calculators.BaseUserReliabilityCalculator.calculate(List<UserProjectParticipationData> projects)], time spent in the method: 0 milliseconds.
Output parameter: [com.topcoder.reliability.impl.UserProjectReliabilityData@2f87d27e]
Entering method [com.topcoder.reliability.impl.calculators.BaseUserReliabilityCalculator.calculate(List<UserProjectParticipationData> projects)].
Input parameters[projects:[com.topcoder.reliability.impl.UserProjectParticipationData@60223be4, com.topcoder.reliability.impl.UserProjectParticipationData@678a270a, com.topcoder.reliability.impl.UserProjectParticipationData@1f0936a1, com.topcoder.reliability.impl.UserProjectParticipationData@15e193f2, com.topcoder.reliability.impl.UserProjectParticipationData@cb80017, com.topcoder.reliability.impl.UserProjectParticipationData@40dec87, com.topcoder.reliability.impl.UserProjectParticipationData@2e239525]]
Exiting method [com.topcoder.reliability.impl.calculators.BaseUserReliabilityCalculator.calculate(List<UserProjectParticipationData> projects)], time spent in the method: 0 milliseconds.
Output parameter: [com.topcoder.reliability.impl.UserProjectReliabilityData@2214c7cd, com.topcoder.reliability.impl.UserProjectReliabilityData@2497536, com.topcoder.reliability.impl.UserProjectReliabilityData@24ae2d66, com.topcoder.reliability.impl.UserProjectReliabilityData@2726965a, com.topcoder.reliability.impl.UserProjectReliabilityData@565902ca]
Entering method [com.topcoder.reliability.impl.calculators.BaseUserReliabilityCalculator.calculate(List<UserProjectParticipationData> projects)].
Input parameters[projects:[com.topcoder.reliability.impl.UserProjectParticipationData@3b28647a, com.topcoder.reliability.impl.UserProjectParticipationData@58dca3ed]]
Exiting method [com.topcoder.reliability.impl.calculators.BaseUserReliabilityCalculator.calculate(List<UserProjectParticipationData> projects)], time spent in the method: 0 milliseconds.
Output parameter: []
Entering method [com.topcoder.reliability.impl.calculators.BaseUserReliabilityCalculator.calculate(List<UserProjectParticipationData> projects)].
Input parameters[projects:[com.topcoder.reliability.impl.UserProjectParticipationData@8a85268, com.topcoder.reliability.impl.UserProjectParticipationData@62ba2e48, com.topcoder.reliability.impl.UserProjectParticipationData@2d34ab9b]]
Exiting method [com.topcoder.reliability.impl.calculators.BaseUserReliabilityCalculator.calculate(List<UserProjectParticipationData> projects)], time spent in the method: 1 milliseconds.
Output parameter: [com.topcoder.reliability.impl.UserProjectReliabilityData@5cee644c]
Entering method [com.topcoder.reliability.impl.calculators.BaseUserReliabilityCalculator.calculate(List<UserProjectParticipationData> projects)].
Input parameters[projects:[com.topcoder.reliability.impl.UserProjectParticipationData@22e6f970, com.topcoder.reliability.impl.UserProjectParticipationData@6a0239f6, com.topcoder.reliability.impl.UserProjectParticipationData@382b7bd9, com.topcoder.reliability.impl.UserProjectParticipationData@2ed0005e, com.topcoder.reliability.impl.UserProjectParticipationData@59c83354, com.topcoder.reliability.impl.UserProjectParticipationData@66a1fdd8, com.topcoder.reliability.impl.UserProjectParticipationData@1520a48c]]
Exiting method [com.topcoder.reliability.impl.calculators.BaseUserReliabilityCalculator.calculate(List<UserProjectParticipationData> projects)], time spent in the method: 0 milliseconds.
Output parameter: [com.topcoder.reliability.impl.UserProjectReliabilityData@1212ee2a, com.topcoder.reliability.impl.UserProjectReliabilityData@18d210ab, com.topcoder.reliability.impl.UserProjectReliabilityData@7445748, com.topcoder.reliability.impl.UserProjectReliabilityData@17be3bb2, com.topcoder.reliability.impl.UserProjectReliabilityData@4a412f4b]
Entering method [com.topcoder.reliability.impl.calculators.BaseUserReliabilityCalculator.calculate(List<UserProjectParticipationData> projects)].
Input parameters[projects:[com.topcoder.reliability.impl.UserProjectParticipationData@6e8af0b0, com.topcoder.reliability.impl.UserProjectParticipationData@63bfeb82, com.topcoder.reliability.impl.UserProjectParticipationData@4cfed6f7, com.topcoder.reliability.impl.UserProjectParticipationData@6ed3199e, com.topcoder.reliability.impl.UserProjectParticipationData@65370ce9, com.topcoder.reliability.impl.UserProjectParticipationData@130c8e9, com.topcoder.reliability.impl.UserProjectParticipationData@29d6399b]]
Exiting method [com.topcoder.reliability.impl.calculators.BaseUserReliabilityCalculator.calculate(List<UserProjectParticipationData> projects)], time spent in the method: 0 milliseconds.
Output parameter: [com.topcoder.reliability.impl.UserProjectReliabilityData@2f600492, com.topcoder.reliability.impl.UserProjectReliabilityData@48cc258a, com.topcoder.reliability.impl.UserProjectReliabilityData@52b4ac5c, com.topcoder.reliability.impl.UserProjectReliabilityData@539ff66f, com.topcoder.reliability.impl.UserProjectReliabilityData@2aec1c4d]
Entering method [com.topcoder.reliability.impl.calculators.BaseUserReliabilityCalculator.calculate(List<UserProjectParticipationData> projects)].
Input parameters[projects:[com.topcoder.reliability.impl.UserProjectParticipationData@2430f369, com.topcoder.reliability.impl.UserProjectParticipationData@9bc850f]]
Exiting method [com.topcoder.reliability.impl.calculators.BaseUserReliabilityCalculator.calculate(List<UserProjectParticipationData> projects)], time spent in the method: 0 milliseconds.
Output parameter: []
Entering method [com.topcoder.reliability.impl.calculators.BaseUserReliabilityCalculator.calculate(List<UserProjectParticipationData> projects)].
Input parameters[projects:[com.topcoder.reliability.impl.UserProjectParticipationData@c70856b, com.topcoder.reliability.impl.UserProjectParticipationData@2f473a2e, com.topcoder.reliability.impl.UserProjectParticipationData@6d3cba41]]
Exiting method [com.topcoder.reliability.impl.calculators.BaseUserReliabilityCalculator.calculate(List<UserProjectParticipationData> projects)], time spent in the method: 0 milliseconds.
Output parameter: [com.topcoder.reliability.impl.UserProjectReliabilityData@2de8396e]
Entering method [com.topcoder.reliability.impl.calculators.BaseUserReliabilityCalculator.calculate(List<UserProjectParticipationData> projects)].
Input parameters[projects:[com.topcoder.reliability.impl.UserProjectParticipationData@3c9ed91f, com.topcoder.reliability.impl.UserProjectParticipationData@60c0a150, com.topcoder.reliability.impl.UserProjectParticipationData@69ebcd0, com.topcoder.reliability.impl.UserProjectParticipationData@1f7dff15, com.topcoder.reliability.impl.UserProjectParticipationData@8f5cbda, com.topcoder.reliability.impl.UserProjectParticipationData@411a59ce, com.topcoder.reliability.impl.UserProjectParticipationData@28fe04c6]]
Exiting method [com.topcoder.reliability.impl.calculators.BaseUserReliabilityCalculator.calculate(List<UserProjectParticipationData> projects)], time spent in the method: 0 milliseconds.
Output parameter: [com.topcoder.reliability.impl.UserProjectReliabilityData@3ceb7830, com.topcoder.reliability.impl.UserProjectReliabilityData@71fb68f, com.topcoder.reliability.impl.UserProjectReliabilityData@330a69f0, com.topcoder.reliability.impl.UserProjectReliabilityData@70b125bd, com.topcoder.reliability.impl.UserProjectReliabilityData@7e24d517]
Entering method [com.topcoder.reliability.impl.calculators.BaseUserReliabilityCalculator.calculate(List<UserProjectParticipationData> projects)].
Input parameters[projects:[com.topcoder.reliability.impl.UserProjectParticipationData@3ac58af4, com.topcoder.reliability.impl.UserProjectParticipationData@7f25b750, com.topcoder.reliability.impl.UserProjectParticipationData@5262667, com.topcoder.reliability.impl.UserProjectParticipationData@ba336d5, com.topcoder.reliability.impl.UserProjectParticipationData@864dfeb, com.topcoder.reliability.impl.UserProjectParticipationData@16a8c19b, com.topcoder.reliability.impl.UserProjectParticipationData@213eb2bc]]
Exiting method [com.topcoder.reliability.impl.calculators.BaseUserReliabilityCalculator.calculate(List<UserProjectParticipationData> projects)], time spent in the method: 0 milliseconds.
Output parameter: [com.topcoder.reliability.impl.UserProjectReliabilityData@1b4865b1, com.topcoder.reliability.impl.UserProjectReliabilityData@2e0c5575, com.topcoder.reliability.impl.UserProjectReliabilityData@2bbe8bf1, com.topcoder.reliability.impl.UserProjectReliabilityData@6ad591a6, com.topcoder.reliability.impl.UserProjectReliabilityData@6b4d6015]
Entering method [com.topcoder.reliability.impl.calculators.BaseUserReliabilityCalculator.calculate(List<UserProjectParticipationData> projects)].
Input parameters[projects:[com.topcoder.reliability.impl.UserProjectParticipationData@1d429498, com.topcoder.reliability.impl.UserProjectParticipationData@7e299629]]
Exiting method [com.topcoder.reliability.impl.calculators.BaseUserReliabilityCalculator.calculate(List<UserProjectParticipationData> projects)], time spent in the method: 0 milliseconds.
Output parameter: []
Entering method [com.topcoder.reliability.impl.calculators.BaseUserReliabilityCalculator.calculate(List<UserProjectParticipationData> projects)].
Input parameters[projects:[com.topcoder.reliability.impl.UserProjectParticipationData@580a00fd, com.topcoder.reliability.impl.UserProjectParticipationData@78c70f32, com.topcoder.reliability.impl.UserProjectParticipationData@54b6d990]]
Exiting method [com.topcoder.reliability.impl.calculators.BaseUserReliabilityCalculator.calculate(List<UserProjectParticipationData> projects)], time spent in the method: 0 milliseconds.
Output parameter: [com.topcoder.reliability.impl.UserProjectReliabilityData@3085a863]
Entering method [com.topcoder.reliability.impl.calculators.BaseUserReliabilityCalculator.calculate(List<UserProjectParticipationData> projects)].
Input parameters[projects:[com.topcoder.reliability.impl.UserProjectParticipationData@6f1dde0c, com.topcoder.reliability.impl.UserProjectParticipationData@11dd1ed2, com.topcoder.reliability.impl.UserProjectParticipationData@4c127627, com.topcoder.reliability.impl.UserProjectParticipationData@500b2175, com.topcoder.reliability.impl.UserProjectParticipationData@ac1b161, com.topcoder.reliability.impl.UserProjectParticipationData@32645ccb, com.topcoder.reliability.impl.UserProjectParticipationData@5b082d45]]
Exiting method [com.topcoder.reliability.impl.calculators.BaseUserReliabilityCalculator.calculate(List<UserProjectParticipationData> projects)], time spent in the method: 0 milliseconds.
Output parameter: [com.topcoder.reliability.impl.UserProjectReliabilityData@75d43bb3, com.topcoder.reliability.impl.UserProjectReliabilityData@409ba134, com.topcoder.reliability.impl.UserProjectReliabilityData@29747e0f, com.topcoder.reliability.impl.UserProjectReliabilityData@1f00200c, com.topcoder.reliability.impl.UserProjectReliabilityData@413803ba]
Entering method [com.topcoder.reliability.impl.calculators.BaseUserReliabilityCalculator.calculate(List<UserProjectParticipationData> projects)].
Input parameters[projects:[com.topcoder.reliability.impl.UserProjectParticipationData@5ca3ce3f, com.topcoder.reliability.impl.UserProjectParticipationData@639b99d, com.topcoder.reliability.impl.UserProjectParticipationData@37c8f59c, com.topcoder.reliability.impl.UserProjectParticipationData@6a74f160, com.topcoder.reliability.impl.UserProjectParticipationData@23930c3a, com.topcoder.reliability.impl.UserProjectParticipationData@b07c615, com.topcoder.reliability.impl.UserProjectParticipationData@2b5d925b]]
Exiting method [com.topcoder.reliability.impl.calculators.BaseUserReliabilityCalculator.calculate(List<UserProjectParticipationData> projects)], time spent in the method: 0 milliseconds.
Output parameter: [com.topcoder.reliability.impl.UserProjectReliabilityData@c33aa9b, com.topcoder.reliability.impl.UserProjectReliabilityData@1405ac5f, com.topcoder.reliability.impl.UserProjectReliabilityData@779b3e, com.topcoder.reliability.impl.UserProjectReliabilityData@2c7103af, com.topcoder.reliability.impl.UserProjectReliabilityData@2fa8ecf4]
Entering method [com.topcoder.reliability.impl.persistence.DatabaseReliabilityDataPersistence.open()].
Exiting method [com.topcoder.reliability.impl.persistence.DatabaseReliabilityDataPersistence.open()], time spent in the method: 17 milliseconds.
Entering method [com.topcoder.reliability.impl.persistence.DatabaseReliabilityDataPersistence.close].
Exiting method [com.topcoder.reliability.impl.persistence.DatabaseReliabilityDataPersistence.close], time spent in the method: 0 milliseconds.
Entering method [com.topcoder.reliability.impl.persistence.DatabaseReliabilityDataPersistence.open()].
Exiting method [com.topcoder.reliability.impl.persistence.DatabaseReliabilityDataPersistence.open()], time spent in the method: 16 milliseconds.
Entering method [com.topcoder.reliability.impl.persistence.DatabaseReliabilityDataPersistence.close].
Exiting method [com.topcoder.reliability.impl.persistence.DatabaseReliabilityDataPersistence.close], time spent in the method: 0 milliseconds.
Entering method [com.topcoder.reliability.impl.persistence.DatabaseReliabilityDataPersistence.open()].
Exiting method [com.topcoder.reliability.impl.persistence.DatabaseReliabilityDataPersistence.open()], time spent in the method: 15 milliseconds.
Entering method [com.topcoder.reliability.impl.persistence.DatabaseReliabilityDataPersistence.close].
Exiting method [com.topcoder.reliability.impl.persistence.DatabaseReliabilityDataPersistence.close], time spent in the method: 0 milliseconds.
Entering method [com.topcoder.reliability.impl.persistence.DatabaseReliabilityDataPersistence.open()].
Exiting method [com.topcoder.reliability.impl.persistence.DatabaseReliabilityDataPersistence.open()], time spent in the method: 10 milliseconds.
Entering method [com.topcoder.reliability.impl.persistence.DatabaseReliabilityDataPersistence.close].
Exiting method [com.topcoder.reliability.impl.persistence.DatabaseReliabilityDataPersistence.close], time spent in the method: 0 milliseconds.
Entering method [com.topcoder.reliability.impl.persistence.DatabaseReliabilityDataPersistence.open()].
Exiting method [com.topcoder.reliability.impl.persistence.DatabaseReliabilityDataPersistence.open()], time spent in the method: 12 milliseconds.
Entering method [com.topcoder.reliability.impl.persistence.DatabaseReliabilityDataPersistence.close].
Exiting method [com.topcoder.reliability.impl.persistence.DatabaseReliabilityDataPersistence.close], time spent in the method: 0 milliseconds.
Entering method [com.topcoder.reliability.impl.persistence.DatabaseReliabilityDataPersistence.open()].
Exiting method [com.topcoder.reliability.impl.persistence.DatabaseReliabilityDataPersistence.open()], time spent in the method: 12 milliseconds.
Entering method [com.topcoder.reliability.impl.persistence.DatabaseReliabilityDataPersistence.getIdsOfUsersWithReliability(long projectCategoryId, Date startDate)].
Input parameters[projectCategoryId:2, startDate:Thu Feb 01 00:00:25 CST 1990]
Exiting method [com.topcoder.reliability.impl.persistence.DatabaseReliabilityDataPersistence.getIdsOfUsersWithReliability(long projectCategoryId, Date startDate)], time spent in the method: 3 milliseconds.
Output parameter: []
Entering method [com.topcoder.reliability.impl.persistence.DatabaseReliabilityDataPersistence.close].
Exiting method [com.topcoder.reliability.impl.persistence.DatabaseReliabilityDataPersistence.close], time spent in the method: 0 milliseconds.
Entering method [com.topcoder.reliability.impl.persistence.DatabaseReliabilityDataPersistence.open()].
Exiting method [com.topcoder.reliability.impl.persistence.DatabaseReliabilityDataPersistence.open()], time spent in the method: 11 milliseconds.
Entering method [com.topcoder.reliability.impl.persistence.DatabaseReliabilityDataPersistence.close].
Exiting method [com.topcoder.reliability.impl.persistence.DatabaseReliabilityDataPersistence.close], time spent in the method: 0 milliseconds.
Entering method [com.topcoder.reliability.impl.persistence.DatabaseReliabilityDataPersistence.open()].
Exiting method [com.topcoder.reliability.impl.persistence.DatabaseReliabilityDataPersistence.open()], time spent in the method: 9 milliseconds.
Entering method [com.topcoder.reliability.impl.persistence.DatabaseReliabilityDataPersistence.getUserParticipationData(long userId, long projectCategoryId, Date startDate)].
Input parameters[userId:2, projectCategoryId:2, startDate:Thu Feb 01 00:00:25 CST 1990]
Exiting method [com.topcoder.reliability.impl.persistence.DatabaseReliabilityDataPersistence.getUserParticipationData(long userId, long projectCategoryId, Date startDate)], time spent in the method: 71 milliseconds.
Output parameter: []
Entering method [com.topcoder.reliability.impl.persistence.DatabaseReliabilityDataPersistence.close].
Exiting method [com.topcoder.reliability.impl.persistence.DatabaseReliabilityDataPersistence.close], time spent in the method: 1 milliseconds.
Entering method [com.topcoder.reliability.impl.persistence.DatabaseReliabilityDataPersistence.open()].
Exiting method [com.topcoder.reliability.impl.persistence.DatabaseReliabilityDataPersistence.open()], time spent in the method: 8 milliseconds.
Entering method [com.topcoder.reliability.impl.persistence.DatabaseReliabilityDataPersistence.close].
Exiting method [com.topcoder.reliability.impl.persistence.DatabaseReliabilityDataPersistence.close], time spent in the method: 0 milliseconds.
Entering method [com.topcoder.reliability.impl.persistence.DatabaseReliabilityDataPersistence.open()].
Exiting method [com.topcoder.reliability.impl.persistence.DatabaseReliabilityDataPersistence.open()], time spent in the method: 8 milliseconds.
Entering method [com.topcoder.reliability.impl.persistence.DatabaseReliabilityDataPersistence.saveUserReliabilityData(List<UserProjectReliabilityData> projects)].
Input parameters[projects:[com.topcoder.reliability.impl.UserProjectReliabilityData@4b0a4d7c]]
Exiting method [com.topcoder.reliability.impl.persistence.DatabaseReliabilityDataPersistence.saveUserReliabilityData(List<UserProjectReliabilityData> projects)], time spent in the method: 2 milliseconds.
Entering method [com.topcoder.reliability.impl.persistence.DatabaseReliabilityDataPersistence.close].
Exiting method [com.topcoder.reliability.impl.persistence.DatabaseReliabilityDataPersistence.close], time spent in the method: 1 milliseconds.
Entering method [com.topcoder.reliability.impl.persistence.DatabaseReliabilityDataPersistence.open()].
Exiting method [com.topcoder.reliability.impl.persistence.DatabaseReliabilityDataPersistence.open()], time spent in the method: 8 milliseconds.
Entering method [com.topcoder.reliability.impl.persistence.DatabaseReliabilityDataPersistence.close].
Exiting method [com.topcoder.reliability.impl.persistence.DatabaseReliabilityDataPersistence.close], time spent in the method: 0 milliseconds.
Entering method [com.topcoder.reliability.impl.persistence.DatabaseReliabilityDataPersistence.open()].
Exiting method [com.topcoder.reliability.impl.persistence.DatabaseReliabilityDataPersistence.open()], time spent in the method: 8 milliseconds.
Entering method [com.topcoder.reliability.impl.persistence.DatabaseReliabilityDataPersistence.updateCurrentUserReliability(long userId, long projectCategoryId, double reliability)].
Input parameters[userId:123, projectCategoryId:10, reliability:0.6]
Exiting method [com.topcoder.reliability.impl.persistence.DatabaseReliabilityDataPersistence.updateCurrentUserReliability(long userId, long projectCategoryId, double reliability)], time spent in the method: 2 milliseconds.
Entering method [com.topcoder.reliability.impl.persistence.DatabaseReliabilityDataPersistence.updateCurrentUserReliability(long userId, long projectCategoryId, double reliability)].
Input parameters[userId:123, projectCategoryId:10, reliability:1.0]
Exiting method [com.topcoder.reliability.impl.persistence.DatabaseReliabilityDataPersistence.updateCurrentUserReliability(long userId, long projectCategoryId, double reliability)], time spent in the method: 2 milliseconds.
Entering method [com.topcoder.reliability.impl.persistence.DatabaseReliabilityDataPersistence.close].
Exiting method [com.topcoder.reliability.impl.persistence.DatabaseReliabilityDataPersistence.close], time spent in the method: 0 milliseconds.
Entering method [com.topcoder.reliability.impl.persistence.DatabaseReliabilityDataPersistence.open()].
Exiting method [com.topcoder.reliability.impl.persistence.DatabaseReliabilityDataPersistence.open()], time spent in the method: 44 milliseconds.
Entering method [com.topcoder.reliability.impl.persistence.DatabaseReliabilityDataPersistence.close].
Exiting method [com.topcoder.reliability.impl.persistence.DatabaseReliabilityDataPersistence.close], time spent in the method: 0 milliseconds.
Entering method [com.topcoder.reliability.impl.persistence.DatabaseReliabilityDataPersistence.open()].
Exiting method [com.topcoder.reliability.impl.persistence.DatabaseReliabilityDataPersistence.open()], time spent in the method: 9 milliseconds.
Entering method [com.topcoder.reliability.impl.persistence.DatabaseReliabilityDataPersistence.close].
Exiting method [com.topcoder.reliability.impl.persistence.DatabaseReliabilityDataPersistence.close], time spent in the method: 0 milliseconds.
Entering method [com.topcoder.reliability.impl.persistence.DatabaseReliabilityDataPersistence.open()].
Exiting method [com.topcoder.reliability.impl.persistence.DatabaseReliabilityDataPersistence.open()], time spent in the method: 10 milliseconds.
Entering method [com.topcoder.reliability.impl.persistence.DatabaseReliabilityDataPersistence.close].
Exiting method [com.topcoder.reliability.impl.persistence.DatabaseReliabilityDataPersistence.close], time spent in the method: 0 milliseconds.
Entering method [com.topcoder.reliability.impl.ReliabilityCalculatorImpl.calculate(long projectCategoryId, boolean updateCurrentReliability)].
Input parameters[projectCategoryId:1, updateCurrentReliability:false]
Entering method [com.topcoder.reliability.impl.persistence.DatabaseReliabilityDataPersistence.open()].
Exiting method [com.topcoder.reliability.impl.persistence.DatabaseReliabilityDataPersistence.open()], time spent in the method: 9 milliseconds.
Entering method [com.topcoder.reliability.impl.persistence.DatabaseReliabilityDataPersistence.getIdsOfUsersWithReliability(long projectCategoryId, Date startDate)].
Input parameters[projectCategoryId:1, startDate:Sat Jan 01 00:00:00 CST 2000]
Exiting method [com.topcoder.reliability.impl.persistence.DatabaseReliabilityDataPersistence.getIdsOfUsersWithReliability(long projectCategoryId, Date startDate)], time spent in the method: 3 milliseconds.
Output parameter: [123456]
Entering method [com.topcoder.reliability.impl.persistence.DatabaseReliabilityDataPersistence.getUserParticipationData(long userId, long projectCategoryId, Date startDate)].
Input parameters[userId:123456, projectCategoryId:1, startDate:Sat Jan 01 00:00:00 CST 2000]
Exiting method [com.topcoder.reliability.impl.persistence.DatabaseReliabilityDataPersistence.getUserParticipationData(long userId, long projectCategoryId, Date startDate)], time spent in the method: 425 milliseconds.
Output parameter: [com.topcoder.reliability.impl.UserProjectParticipationData@159576c3, com.topcoder.reliability.impl.UserProjectParticipationData@7a80747]
Entering method [com.topcoder.reliability.impl.detectors.PhaseEndTimeBasedResolutionDateDetector.detect(UserProjectParticipationData data)].
Input parameters[data:com.topcoder.reliability.impl.UserProjectParticipationData@159576c3]
Exiting method [com.topcoder.reliability.impl.detectors.PhaseEndTimeBasedResolutionDateDetector.detect(UserProjectParticipationData data)], time spent in the method: 0 milliseconds.
Entering method [com.topcoder.reliability.impl.detectors.PhaseEndTimeBasedResolutionDateDetector.detect(UserProjectParticipationData data)].
Input parameters[data:com.topcoder.reliability.impl.UserProjectParticipationData@7a80747]
Exiting method [com.topcoder.reliability.impl.detectors.PhaseEndTimeBasedResolutionDateDetector.detect(UserProjectParticipationData data)], time spent in the method: 0 milliseconds.
Entering method [com.topcoder.reliability.impl.calculators.BaseUserReliabilityCalculator.calculate(List<UserProjectParticipationData> projects)].
Input parameters[projects:[com.topcoder.reliability.impl.UserProjectParticipationData@159576c3, com.topcoder.reliability.impl.UserProjectParticipationData@7a80747]]
Exiting method [com.topcoder.reliability.impl.calculators.BaseUserReliabilityCalculator.calculate(List<UserProjectParticipationData> projects)], time spent in the method: 0 milliseconds.
Output parameter: [com.topcoder.reliability.impl.UserProjectReliabilityData@2875ca3e, com.topcoder.reliability.impl.UserProjectReliabilityData@4d30c132]
Entering method [com.topcoder.reliability.impl.persistence.DatabaseReliabilityDataPersistence.saveUserReliabilityData(List<UserProjectReliabilityData> projects)].
Input parameters[projects:[com.topcoder.reliability.impl.UserProjectReliabilityData@2875ca3e, com.topcoder.reliability.impl.UserProjectReliabilityData@4d30c132]]
Exiting method [com.topcoder.reliability.impl.persistence.DatabaseReliabilityDataPersistence.saveUserReliabilityData(List<UserProjectReliabilityData> projects)], time spent in the method: 4 milliseconds.
Entering method [com.topcoder.reliability.impl.persistence.DatabaseReliabilityDataPersistence.close].
Exiting method [com.topcoder.reliability.impl.persistence.DatabaseReliabilityDataPersistence.close], time spent in the method: 0 milliseconds.
Exiting method [com.topcoder.reliability.impl.ReliabilityCalculatorImpl.calculate(long projectCategoryId, boolean updateCurrentReliability)], time spent in the method: 441 milliseconds.
Entering method [com.topcoder.reliability.impl.persistence.DatabaseReliabilityDataPersistence.open()].
Exiting method [com.topcoder.reliability.impl.persistence.DatabaseReliabilityDataPersistence.open()], time spent in the method: 9 milliseconds.
Entering method [com.topcoder.reliability.impl.persistence.DatabaseReliabilityDataPersistence.close].
Exiting method [com.topcoder.reliability.impl.persistence.DatabaseReliabilityDataPersistence.close], time spent in the method: 1 milliseconds.
Entering method [com.topcoder.reliability.impl.persistence.DatabaseReliabilityDataPersistence.open()].
Exiting method [com.topcoder.reliability.impl.persistence.DatabaseReliabilityDataPersistence.open()], time spent in the method: 8 milliseconds.
Entering method [com.topcoder.reliability.impl.persistence.DatabaseReliabilityDataPersistence.close].
Exiting method [com.topcoder.reliability.impl.persistence.DatabaseReliabilityDataPersistence.close], time spent in the method: 1 milliseconds.
Entering method [com.topcoder.reliability.impl.ReliabilityCalculatorImpl.calculate(long projectCategoryId, boolean updateCurrentReliability)].
Input parameters[projectCategoryId:1, updateCurrentReliability:true]
Entering method [com.topcoder.reliability.impl.persistence.DatabaseReliabilityDataPersistence.open()].
Exiting method [com.topcoder.reliability.impl.persistence.DatabaseReliabilityDataPersistence.open()], time spent in the method: 8 milliseconds.
Entering method [com.topcoder.reliability.impl.persistence.DatabaseReliabilityDataPersistence.getIdsOfUsersWithReliability(long projectCategoryId, Date startDate)].
Input parameters[projectCategoryId:1, startDate:Sat Jan 01 00:00:00 CST 2000]
Exiting method [com.topcoder.reliability.impl.persistence.DatabaseReliabilityDataPersistence.getIdsOfUsersWithReliability(long projectCategoryId, Date startDate)], time spent in the method: 2 milliseconds.
Output parameter: [123456]
Entering method [com.topcoder.reliability.impl.persistence.DatabaseReliabilityDataPersistence.getUserParticipationData(long userId, long projectCategoryId, Date startDate)].
Input parameters[userId:123456, projectCategoryId:1, startDate:Sat Jan 01 00:00:00 CST 2000]
Exiting method [com.topcoder.reliability.impl.persistence.DatabaseReliabilityDataPersistence.getUserParticipationData(long userId, long projectCategoryId, Date startDate)], time spent in the method: 415 milliseconds.
Output parameter: [com.topcoder.reliability.impl.UserProjectParticipationData@27cb01e3, com.topcoder.reliability.impl.UserProjectParticipationData@e8f27e]
Entering method [com.topcoder.reliability.impl.detectors.PhaseEndTimeBasedResolutionDateDetector.detect(UserProjectParticipationData data)].
Input parameters[data:com.topcoder.reliability.impl.UserProjectParticipationData@27cb01e3]
Exiting method [com.topcoder.reliability.impl.detectors.PhaseEndTimeBasedResolutionDateDetector.detect(UserProjectParticipationData data)], time spent in the method: 0 milliseconds.
Entering method [com.topcoder.reliability.impl.detectors.PhaseEndTimeBasedResolutionDateDetector.detect(UserProjectParticipationData data)].
Input parameters[data:com.topcoder.reliability.impl.UserProjectParticipationData@e8f27e]
Exiting method [com.topcoder.reliability.impl.detectors.PhaseEndTimeBasedResolutionDateDetector.detect(UserProjectParticipationData data)], time spent in the method: 0 milliseconds.
Entering method [com.topcoder.reliability.impl.calculators.BaseUserReliabilityCalculator.calculate(List<UserProjectParticipationData> projects)].
Input parameters[projects:[com.topcoder.reliability.impl.UserProjectParticipationData@27cb01e3, com.topcoder.reliability.impl.UserProjectParticipationData@e8f27e]]
Exiting method [com.topcoder.reliability.impl.calculators.BaseUserReliabilityCalculator.calculate(List<UserProjectParticipationData> projects)], time spent in the method: 0 milliseconds.
Output parameter: [com.topcoder.reliability.impl.UserProjectReliabilityData@3d882ea9, com.topcoder.reliability.impl.UserProjectReliabilityData@37af78ce]
Entering method [com.topcoder.reliability.impl.persistence.DatabaseReliabilityDataPersistence.saveUserReliabilityData(List<UserProjectReliabilityData> projects)].
Input parameters[projects:[com.topcoder.reliability.impl.UserProjectReliabilityData@3d882ea9, com.topcoder.reliability.impl.UserProjectReliabilityData@37af78ce]]
Exiting method [com.topcoder.reliability.impl.persistence.DatabaseReliabilityDataPersistence.saveUserReliabilityData(List<UserProjectReliabilityData> projects)], time spent in the method: 3 milliseconds.
Entering method [com.topcoder.reliability.impl.persistence.DatabaseReliabilityDataPersistence.updateCurrentUserReliability(long userId, long projectCategoryId, double reliability)].
Input parameters[userId:123456, projectCategoryId:1, reliability:1.0]
Exiting method [com.topcoder.reliability.impl.persistence.DatabaseReliabilityDataPersistence.updateCurrentUserReliability(long userId, long projectCategoryId, double reliability)], time spent in the method: 2 milliseconds.
Entering method [com.topcoder.reliability.impl.persistence.DatabaseReliabilityDataPersistence.close].
Exiting method [com.topcoder.reliability.impl.persistence.DatabaseReliabilityDataPersistence.close], time spent in the method: 1 milliseconds.
Exiting method [com.topcoder.reliability.impl.ReliabilityCalculatorImpl.calculate(long projectCategoryId, boolean updateCurrentReliability)], time spent in the method: 434 milliseconds.
Entering method [com.topcoder.reliability.impl.persistence.DatabaseReliabilityDataPersistence.open()].
Exiting method [com.topcoder.reliability.impl.persistence.DatabaseReliabilityDataPersistence.open()], time spent in the method: 12 milliseconds.
Entering method [com.topcoder.reliability.impl.persistence.DatabaseReliabilityDataPersistence.close].
Exiting method [com.topcoder.reliability.impl.persistence.DatabaseReliabilityDataPersistence.close], time spent in the method: 0 milliseconds.
Entering method [com.topcoder.reliability.impl.persistence.DatabaseReliabilityDataPersistence.open()].
Exiting method [com.topcoder.reliability.impl.persistence.DatabaseReliabilityDataPersistence.open()], time spent in the method: 13 milliseconds.
Entering method [com.topcoder.reliability.impl.persistence.DatabaseReliabilityDataPersistence.close].
Exiting method [com.topcoder.reliability.impl.persistence.DatabaseReliabilityDataPersistence.close], time spent in the method: 0 milliseconds.
Entering method [com.topcoder.reliability.impl.ReliabilityCalculatorImpl.calculate(long projectCategoryId, boolean updateCurrentReliability)].
Input parameters[projectCategoryId:1, updateCurrentReliability:false]
Entering method [com.topcoder.reliability.impl.persistence.DatabaseReliabilityDataPersistence.open()].
Exiting method [com.topcoder.reliability.impl.persistence.DatabaseReliabilityDataPersistence.open()], time spent in the method: 11 milliseconds.
Entering method [com.topcoder.reliability.impl.persistence.DatabaseReliabilityDataPersistence.getIdsOfUsersWithReliability(long projectCategoryId, Date startDate)].
Input parameters[projectCategoryId:1, startDate:Sat Jan 01 00:00:00 CST 2000]
Exiting method [com.topcoder.reliability.impl.persistence.DatabaseReliabilityDataPersistence.getIdsOfUsersWithReliability(long projectCategoryId, Date startDate)], time spent in the method: 3 milliseconds.
Output parameter: [123456]
Entering method [com.topcoder.reliability.impl.persistence.DatabaseReliabilityDataPersistence.getUserParticipationData(long userId, long projectCategoryId, Date startDate)].
Input parameters[userId:123456, projectCategoryId:1, startDate:Sat Jan 01 00:00:00 CST 2000]
Exiting method [com.topcoder.reliability.impl.persistence.DatabaseReliabilityDataPersistence.getUserParticipationData(long userId, long projectCategoryId, Date startDate)], time spent in the method: 418 milliseconds.
Output parameter: [com.topcoder.reliability.impl.UserProjectParticipationData@6f978b94, com.topcoder.reliability.impl.UserProjectParticipationData@464cdac8]
Entering method [com.topcoder.reliability.impl.detectors.PhaseEndTimeBasedResolutionDateDetector.detect(UserProjectParticipationData data)].
Input parameters[data:com.topcoder.reliability.impl.UserProjectParticipationData@6f978b94]
Exiting method [com.topcoder.reliability.impl.detectors.PhaseEndTimeBasedResolutionDateDetector.detect(UserProjectParticipationData data)], time spent in the method: 0 milliseconds.
Entering method [com.topcoder.reliability.impl.detectors.PhaseEndTimeBasedResolutionDateDetector.detect(UserProjectParticipationData data)].
Input parameters[data:com.topcoder.reliability.impl.UserProjectParticipationData@464cdac8]
Exiting method [com.topcoder.reliability.impl.detectors.PhaseEndTimeBasedResolutionDateDetector.detect(UserProjectParticipationData data)], time spent in the method: 0 milliseconds.
Entering method [com.topcoder.reliability.impl.calculators.BaseUserReliabilityCalculator.calculate(List<UserProjectParticipationData> projects)].
Input parameters[projects:[com.topcoder.reliability.impl.UserProjectParticipationData@6f978b94, com.topcoder.reliability.impl.UserProjectParticipationData@464cdac8]]
Exiting method [com.topcoder.reliability.impl.calculators.BaseUserReliabilityCalculator.calculate(List<UserProjectParticipationData> projects)], time spent in the method: 0 milliseconds.
Output parameter: [com.topcoder.reliability.impl.UserProjectReliabilityData@5fafa486, com.topcoder.reliability.impl.UserProjectReliabilityData@45a8a7e]
Entering method [com.topcoder.reliability.impl.persistence.DatabaseReliabilityDataPersistence.saveUserReliabilityData(List<UserProjectReliabilityData> projects)].
Input parameters[projects:[com.topcoder.reliability.impl.UserProjectReliabilityData@5fafa486, com.topcoder.reliability.impl.UserProjectReliabilityData@45a8a7e]]
Exiting method [com.topcoder.reliability.impl.persistence.DatabaseReliabilityDataPersistence.saveUserReliabilityData(List<UserProjectReliabilityData> projects)], time spent in the method: 2 milliseconds.
Entering method [com.topcoder.reliability.impl.persistence.DatabaseReliabilityDataPersistence.close].
Exiting method [com.topcoder.reliability.impl.persistence.DatabaseReliabilityDataPersistence.close], time spent in the method: 1 milliseconds.
Exiting method [com.topcoder.reliability.impl.ReliabilityCalculatorImpl.calculate(long projectCategoryId, boolean updateCurrentReliability)], time spent in the method: 437 milliseconds.
Entering method [com.topcoder.reliability.impl.ReliabilityCalculatorImpl.calculate(long projectCategoryId, boolean updateCurrentReliability)].
Input parameters[projectCategoryId:2, updateCurrentReliability:false]
Error in method [com.topcoder.reliability.impl.ReliabilityCalculatorImpl.calculate(long projectCategoryId, boolean updateCurrentReliability)], details: ProjectCategoryNotSupportedException is thrown when calculating the reliability ratings.
com.topcoder.reliability.ProjectCategoryNotSupportedException: Project category with the ID '2' is not supported by this reliability calculator.
	at com.topcoder.reliability.impl.ReliabilityCalculatorImpl.calculateHelper(ReliabilityCalculatorImpl.java:371)
	at com.topcoder.reliability.impl.ReliabilityCalculatorImpl.calculate(ReliabilityCalculatorImpl.java:322)
	at com.topcoder.reliability.ReliabilityCalculationUtility.process(ReliabilityCalculationUtility.java:589)
	at com.topcoder.reliability.ReliabilityCalculationUtility.main(ReliabilityCalculationUtility.java:489)
	at com.topcoder.reliability.accuracytests.ReliabilityCalculatorUtilityAccuracy.testMain_NoUpdate(ReliabilityCalculatorUtilityAccuracy.java:111)
	at sun.reflect.NativeMethodAccessorImpl.invoke0(Native Method)
	at sun.reflect.NativeMethodAccessorImpl.invoke(NativeMethodAccessorImpl.java:39)
	at sun.reflect.DelegatingMethodAccessorImpl.invoke(DelegatingMethodAccessorImpl.java:25)
	at java.lang.reflect.Method.invoke(Method.java:597)
	at junit.framework.TestCase.runTest(TestCase.java:168)
	at junit.framework.TestCase.runBare(TestCase.java:134)
	at junit.framework.TestResult$1.protect(TestResult.java:110)
	at junit.framework.TestResult.runProtected(TestResult.java:128)
	at junit.framework.TestResult.run(TestResult.java:113)
	at junit.framework.TestCase.run(TestCase.java:124)
	at junit.framework.TestSuite.runTest(TestSuite.java:243)
	at junit.framework.TestSuite.run(TestSuite.java:238)
	at junit.framework.TestSuite.runTest(TestSuite.java:243)
	at junit.framework.TestSuite.run(TestSuite.java:238)
	at junit.framework.TestSuite.runTest(TestSuite.java:243)
	at junit.framework.TestSuite.run(TestSuite.java:238)
	at org.apache.tools.ant.taskdefs.optional.junit.JUnitTestRunner.run(JUnitTestRunner.java:420)
	at org.apache.tools.ant.taskdefs.optional.junit.JUnitTestRunner.launch(JUnitTestRunner.java:911)
	at org.apache.tools.ant.taskdefs.optional.junit.JUnitTestRunner.main(JUnitTestRunner.java:768)

Exiting method [com.topcoder.reliability.ReliabilityCalculationUtility.main(String[] args)], time spent in the method: 445 milliseconds.
Entering method [com.topcoder.reliability.impl.persistence.DatabaseReliabilityDataPersistence.open()].
Exiting method [com.topcoder.reliability.impl.persistence.DatabaseReliabilityDataPersistence.open()], time spent in the method: 12 milliseconds.
Entering method [com.topcoder.reliability.impl.persistence.DatabaseReliabilityDataPersistence.close].
Exiting method [com.topcoder.reliability.impl.persistence.DatabaseReliabilityDataPersistence.close], time spent in the method: 0 milliseconds.
Entering method [com.topcoder.reliability.impl.persistence.DatabaseReliabilityDataPersistence.open()].
Exiting method [com.topcoder.reliability.impl.persistence.DatabaseReliabilityDataPersistence.open()], time spent in the method: 11 milliseconds.
Entering method [com.topcoder.reliability.impl.persistence.DatabaseReliabilityDataPersistence.close].
Exiting method [com.topcoder.reliability.impl.persistence.DatabaseReliabilityDataPersistence.close], time spent in the method: 1 milliseconds.
Entering method [com.topcoder.reliability.impl.ReliabilityCalculatorImpl.calculate(long projectCategoryId, boolean updateCurrentReliability)].
Input parameters[projectCategoryId:1, updateCurrentReliability:true]
Entering method [com.topcoder.reliability.impl.persistence.DatabaseReliabilityDataPersistence.open()].
Exiting method [com.topcoder.reliability.impl.persistence.DatabaseReliabilityDataPersistence.open()], time spent in the method: 8 milliseconds.
Entering method [com.topcoder.reliability.impl.persistence.DatabaseReliabilityDataPersistence.getIdsOfUsersWithReliability(long projectCategoryId, Date startDate)].
Input parameters[projectCategoryId:1, startDate:Sat Jan 01 00:00:00 CST 2000]
Exiting method [com.topcoder.reliability.impl.persistence.DatabaseReliabilityDataPersistence.getIdsOfUsersWithReliability(long projectCategoryId, Date startDate)], time spent in the method: 3 milliseconds.
Output parameter: [123456]
Entering method [com.topcoder.reliability.impl.persistence.DatabaseReliabilityDataPersistence.getUserParticipationData(long userId, long projectCategoryId, Date startDate)].
Input parameters[userId:123456, projectCategoryId:1, startDate:Sat Jan 01 00:00:00 CST 2000]
Exiting method [com.topcoder.reliability.impl.persistence.DatabaseReliabilityDataPersistence.getUserParticipationData(long userId, long projectCategoryId, Date startDate)], time spent in the method: 414 milliseconds.
Output parameter: [com.topcoder.reliability.impl.UserProjectParticipationData@5e4f12c2, com.topcoder.reliability.impl.UserProjectParticipationData@1958aeed]
Entering method [com.topcoder.reliability.impl.detectors.PhaseEndTimeBasedResolutionDateDetector.detect(UserProjectParticipationData data)].
Input parameters[data:com.topcoder.reliability.impl.UserProjectParticipationData@5e4f12c2]
Exiting method [com.topcoder.reliability.impl.detectors.PhaseEndTimeBasedResolutionDateDetector.detect(UserProjectParticipationData data)], time spent in the method: 0 milliseconds.
Entering method [com.topcoder.reliability.impl.detectors.PhaseEndTimeBasedResolutionDateDetector.detect(UserProjectParticipationData data)].
Input parameters[data:com.topcoder.reliability.impl.UserProjectParticipationData@1958aeed]
Exiting method [com.topcoder.reliability.impl.detectors.PhaseEndTimeBasedResolutionDateDetector.detect(UserProjectParticipationData data)], time spent in the method: 0 milliseconds.
Entering method [com.topcoder.reliability.impl.calculators.BaseUserReliabilityCalculator.calculate(List<UserProjectParticipationData> projects)].
Input parameters[projects:[com.topcoder.reliability.impl.UserProjectParticipationData@5e4f12c2, com.topcoder.reliability.impl.UserProjectParticipationData@1958aeed]]
Exiting method [com.topcoder.reliability.impl.calculators.BaseUserReliabilityCalculator.calculate(List<UserProjectParticipationData> projects)], time spent in the method: 1 milliseconds.
Output parameter: [com.topcoder.reliability.impl.UserProjectReliabilityData@d44569b, com.topcoder.reliability.impl.UserProjectReliabilityData@191e0eb]
Entering method [com.topcoder.reliability.impl.persistence.DatabaseReliabilityDataPersistence.saveUserReliabilityData(List<UserProjectReliabilityData> projects)].
Input parameters[projects:[com.topcoder.reliability.impl.UserProjectReliabilityData@d44569b, com.topcoder.reliability.impl.UserProjectReliabilityData@191e0eb]]
Exiting method [com.topcoder.reliability.impl.persistence.DatabaseReliabilityDataPersistence.saveUserReliabilityData(List<UserProjectReliabilityData> projects)], time spent in the method: 2 milliseconds.
Entering method [com.topcoder.reliability.impl.persistence.DatabaseReliabilityDataPersistence.updateCurrentUserReliability(long userId, long projectCategoryId, double reliability)].
Input parameters[userId:123456, projectCategoryId:1, reliability:1.0]
Exiting method [com.topcoder.reliability.impl.persistence.DatabaseReliabilityDataPersistence.updateCurrentUserReliability(long userId, long projectCategoryId, double reliability)], time spent in the method: 2 milliseconds.
Entering method [com.topcoder.reliability.impl.persistence.DatabaseReliabilityDataPersistence.close].
Exiting method [com.topcoder.reliability.impl.persistence.DatabaseReliabilityDataPersistence.close], time spent in the method: 1 milliseconds.
Exiting method [com.topcoder.reliability.impl.ReliabilityCalculatorImpl.calculate(long projectCategoryId, boolean updateCurrentReliability)], time spent in the method: 431 milliseconds.
Entering method [com.topcoder.reliability.impl.ReliabilityCalculatorImpl.calculate(long projectCategoryId, boolean updateCurrentReliability)].
Input parameters[projectCategoryId:2, updateCurrentReliability:true]
Error in method [com.topcoder.reliability.impl.ReliabilityCalculatorImpl.calculate(long projectCategoryId, boolean updateCurrentReliability)], details: ProjectCategoryNotSupportedException is thrown when calculating the reliability ratings.
com.topcoder.reliability.ProjectCategoryNotSupportedException: Project category with the ID '2' is not supported by this reliability calculator.
	at com.topcoder.reliability.impl.ReliabilityCalculatorImpl.calculateHelper(ReliabilityCalculatorImpl.java:371)
	at com.topcoder.reliability.impl.ReliabilityCalculatorImpl.calculate(ReliabilityCalculatorImpl.java:322)
	at com.topcoder.reliability.ReliabilityCalculationUtility.process(ReliabilityCalculationUtility.java:589)
	at com.topcoder.reliability.ReliabilityCalculationUtility.main(ReliabilityCalculationUtility.java:489)
	at com.topcoder.reliability.accuracytests.ReliabilityCalculatorUtilityAccuracy.testMain_Update(ReliabilityCalculatorUtilityAccuracy.java:157)
	at sun.reflect.NativeMethodAccessorImpl.invoke0(Native Method)
	at sun.reflect.NativeMethodAccessorImpl.invoke(NativeMethodAccessorImpl.java:39)
	at sun.reflect.DelegatingMethodAccessorImpl.invoke(DelegatingMethodAccessorImpl.java:25)
	at java.lang.reflect.Method.invoke(Method.java:597)
	at junit.framework.TestCase.runTest(TestCase.java:168)
	at junit.framework.TestCase.runBare(TestCase.java:134)
	at junit.framework.TestResult$1.protect(TestResult.java:110)
	at junit.framework.TestResult.runProtected(TestResult.java:128)
	at junit.framework.TestResult.run(TestResult.java:113)
	at junit.framework.TestCase.run(TestCase.java:124)
	at junit.framework.TestSuite.runTest(TestSuite.java:243)
	at junit.framework.TestSuite.run(TestSuite.java:238)
	at junit.framework.TestSuite.runTest(TestSuite.java:243)
	at junit.framework.TestSuite.run(TestSuite.java:238)
	at junit.framework.TestSuite.runTest(TestSuite.java:243)
	at junit.framework.TestSuite.run(TestSuite.java:238)
	at org.apache.tools.ant.taskdefs.optional.junit.JUnitTestRunner.run(JUnitTestRunner.java:420)
	at org.apache.tools.ant.taskdefs.optional.junit.JUnitTestRunner.launch(JUnitTestRunner.java:911)
	at org.apache.tools.ant.taskdefs.optional.junit.JUnitTestRunner.main(JUnitTestRunner.java:768)

Exiting method [com.topcoder.reliability.ReliabilityCalculationUtility.main(String[] args)], time spent in the method: 437 milliseconds.
Entering method [com.topcoder.reliability.impl.persistence.DatabaseReliabilityDataPersistence.open()].
Exiting method [com.topcoder.reliability.impl.persistence.DatabaseReliabilityDataPersistence.open()], time spent in the method: 12 milliseconds.
Entering method [com.topcoder.reliability.impl.persistence.DatabaseReliabilityDataPersistence.close].
Exiting method [com.topcoder.reliability.impl.persistence.DatabaseReliabilityDataPersistence.close], time spent in the method: 0 milliseconds.
Entering method [com.topcoder.reliability.impl.ReliabilityCalculatorImpl.calculate(long projectCategoryId, boolean updateCurrentReliability)].
Input parameters[projectCategoryId:-1, updateCurrentReliability:true]
Error in method [com.topcoder.reliability.impl.ReliabilityCalculatorImpl.calculate(long projectCategoryId, boolean updateCurrentReliability)], details: IllegalArgumentException is thrown.
java.lang.IllegalArgumentException: 'projectCategoryId' should be positive.
	at com.topcoder.reliability.Helper.checkPositive(Helper.java:150)
	at com.topcoder.reliability.impl.ReliabilityCalculatorImpl.calculate(ReliabilityCalculatorImpl.java:316)
	at com.topcoder.reliability.failuretests.impl.ReliabilityCalculatorImplFailureTests.testCalculateWithNegativeProjectCategoryId(ReliabilityCalculatorImplFailureTests.java:385)
	at sun.reflect.NativeMethodAccessorImpl.invoke0(Native Method)
	at sun.reflect.NativeMethodAccessorImpl.invoke(NativeMethodAccessorImpl.java:39)
	at sun.reflect.DelegatingMethodAccessorImpl.invoke(DelegatingMethodAccessorImpl.java:25)
	at java.lang.reflect.Method.invoke(Method.java:597)
	at org.junit.runners.model.FrameworkMethod$1.runReflectiveCall(FrameworkMethod.java:44)
	at org.junit.internal.runners.model.ReflectiveCallable.run(ReflectiveCallable.java:15)
	at org.junit.runners.model.FrameworkMethod.invokeExplosively(FrameworkMethod.java:41)
	at org.junit.internal.runners.statements.InvokeMethod.evaluate(InvokeMethod.java:20)
	at org.junit.internal.runners.statements.ExpectException.evaluate(ExpectException.java:21)
	at org.junit.internal.runners.statements.RunBefores.evaluate(RunBefores.java:28)
	at org.junit.runners.BlockJUnit4ClassRunner.runNotIgnored(BlockJUnit4ClassRunner.java:79)
	at org.junit.runners.BlockJUnit4ClassRunner.runChild(BlockJUnit4ClassRunner.java:71)
	at org.junit.runners.BlockJUnit4ClassRunner.runChild(BlockJUnit4ClassRunner.java:49)
	at org.junit.runners.ParentRunner$3.run(ParentRunner.java:193)
	at org.junit.runners.ParentRunner$1.schedule(ParentRunner.java:52)
	at org.junit.runners.ParentRunner.runChildren(ParentRunner.java:191)
	at org.junit.runners.ParentRunner.access$000(ParentRunner.java:42)
	at org.junit.runners.ParentRunner$2.evaluate(ParentRunner.java:184)
	at org.junit.runners.ParentRunner.run(ParentRunner.java:236)
	at junit.framework.JUnit4TestAdapter.run(JUnit4TestAdapter.java:39)
	at junit.framework.TestSuite.runTest(TestSuite.java:243)
	at junit.framework.TestSuite.run(TestSuite.java:238)
	at junit.framework.TestSuite.runTest(TestSuite.java:243)
	at junit.framework.TestSuite.run(TestSuite.java:238)
	at org.apache.tools.ant.taskdefs.optional.junit.JUnitTestRunner.run(JUnitTestRunner.java:420)
	at org.apache.tools.ant.taskdefs.optional.junit.JUnitTestRunner.launch(JUnitTestRunner.java:911)
	at org.apache.tools.ant.taskdefs.optional.junit.JUnitTestRunner.main(JUnitTestRunner.java:768)

Entering method [com.topcoder.reliability.impl.ReliabilityCalculatorImpl.calculate(long projectCategoryId, boolean updateCurrentReliability)].
Input parameters[projectCategoryId:0, updateCurrentReliability:true]
Error in method [com.topcoder.reliability.impl.ReliabilityCalculatorImpl.calculate(long projectCategoryId, boolean updateCurrentReliability)], details: IllegalArgumentException is thrown.
java.lang.IllegalArgumentException: 'projectCategoryId' should be positive.
	at com.topcoder.reliability.Helper.checkPositive(Helper.java:150)
	at com.topcoder.reliability.impl.ReliabilityCalculatorImpl.calculate(ReliabilityCalculatorImpl.java:316)
	at com.topcoder.reliability.failuretests.impl.ReliabilityCalculatorImplFailureTests.testCalculateWithZeroProjectCategoryId(ReliabilityCalculatorImplFailureTests.java:398)
	at sun.reflect.NativeMethodAccessorImpl.invoke0(Native Method)
	at sun.reflect.NativeMethodAccessorImpl.invoke(NativeMethodAccessorImpl.java:39)
	at sun.reflect.DelegatingMethodAccessorImpl.invoke(DelegatingMethodAccessorImpl.java:25)
	at java.lang.reflect.Method.invoke(Method.java:597)
	at org.junit.runners.model.FrameworkMethod$1.runReflectiveCall(FrameworkMethod.java:44)
	at org.junit.internal.runners.model.ReflectiveCallable.run(ReflectiveCallable.java:15)
	at org.junit.runners.model.FrameworkMethod.invokeExplosively(FrameworkMethod.java:41)
	at org.junit.internal.runners.statements.InvokeMethod.evaluate(InvokeMethod.java:20)
	at org.junit.internal.runners.statements.ExpectException.evaluate(ExpectException.java:21)
	at org.junit.internal.runners.statements.RunBefores.evaluate(RunBefores.java:28)
	at org.junit.runners.BlockJUnit4ClassRunner.runNotIgnored(BlockJUnit4ClassRunner.java:79)
	at org.junit.runners.BlockJUnit4ClassRunner.runChild(BlockJUnit4ClassRunner.java:71)
	at org.junit.runners.BlockJUnit4ClassRunner.runChild(BlockJUnit4ClassRunner.java:49)
	at org.junit.runners.ParentRunner$3.run(ParentRunner.java:193)
	at org.junit.runners.ParentRunner$1.schedule(ParentRunner.java:52)
	at org.junit.runners.ParentRunner.runChildren(ParentRunner.java:191)
	at org.junit.runners.ParentRunner.access$000(ParentRunner.java:42)
	at org.junit.runners.ParentRunner$2.evaluate(ParentRunner.java:184)
	at org.junit.runners.ParentRunner.run(ParentRunner.java:236)
	at junit.framework.JUnit4TestAdapter.run(JUnit4TestAdapter.java:39)
	at junit.framework.TestSuite.runTest(TestSuite.java:243)
	at junit.framework.TestSuite.run(TestSuite.java:238)
	at junit.framework.TestSuite.runTest(TestSuite.java:243)
	at junit.framework.TestSuite.run(TestSuite.java:238)
	at org.apache.tools.ant.taskdefs.optional.junit.JUnitTestRunner.run(JUnitTestRunner.java:420)
	at org.apache.tools.ant.taskdefs.optional.junit.JUnitTestRunner.launch(JUnitTestRunner.java:911)
	at org.apache.tools.ant.taskdefs.optional.junit.JUnitTestRunner.main(JUnitTestRunner.java:768)

Entering method [com.topcoder.reliability.impl.ReliabilityCalculatorImpl.calculate(long projectCategoryId, boolean updateCurrentReliability)].
Input parameters[projectCategoryId:100, updateCurrentReliability:true]
Error in method [com.topcoder.reliability.impl.ReliabilityCalculatorImpl.calculate(long projectCategoryId, boolean updateCurrentReliability)], details: ProjectCategoryNotSupportedException is thrown when calculating the reliability ratings.
com.topcoder.reliability.ProjectCategoryNotSupportedException: Project category with the ID '100' is not supported by this reliability calculator.
	at com.topcoder.reliability.impl.ReliabilityCalculatorImpl.calculateHelper(ReliabilityCalculatorImpl.java:371)
	at com.topcoder.reliability.impl.ReliabilityCalculatorImpl.calculate(ReliabilityCalculatorImpl.java:322)
	at com.topcoder.reliability.failuretests.impl.ReliabilityCalculatorImplFailureTests.testCalculateWithUnknownProjectCategoryId(ReliabilityCalculatorImplFailureTests.java:422)
	at sun.reflect.NativeMethodAccessorImpl.invoke0(Native Method)
	at sun.reflect.NativeMethodAccessorImpl.invoke(NativeMethodAccessorImpl.java:39)
	at sun.reflect.DelegatingMethodAccessorImpl.invoke(DelegatingMethodAccessorImpl.java:25)
	at java.lang.reflect.Method.invoke(Method.java:597)
	at org.junit.runners.model.FrameworkMethod$1.runReflectiveCall(FrameworkMethod.java:44)
	at org.junit.internal.runners.model.ReflectiveCallable.run(ReflectiveCallable.java:15)
	at org.junit.runners.model.FrameworkMethod.invokeExplosively(FrameworkMethod.java:41)
	at org.junit.internal.runners.statements.InvokeMethod.evaluate(InvokeMethod.java:20)
	at org.junit.internal.runners.statements.ExpectException.evaluate(ExpectException.java:21)
	at org.junit.internal.runners.statements.RunBefores.evaluate(RunBefores.java:28)
	at org.junit.runners.BlockJUnit4ClassRunner.runNotIgnored(BlockJUnit4ClassRunner.java:79)
	at org.junit.runners.BlockJUnit4ClassRunner.runChild(BlockJUnit4ClassRunner.java:71)
	at org.junit.runners.BlockJUnit4ClassRunner.runChild(BlockJUnit4ClassRunner.java:49)
	at org.junit.runners.ParentRunner$3.run(ParentRunner.java:193)
	at org.junit.runners.ParentRunner$1.schedule(ParentRunner.java:52)
	at org.junit.runners.ParentRunner.runChildren(ParentRunner.java:191)
	at org.junit.runners.ParentRunner.access$000(ParentRunner.java:42)
	at org.junit.runners.ParentRunner$2.evaluate(ParentRunner.java:184)
	at org.junit.runners.ParentRunner.run(ParentRunner.java:236)
	at junit.framework.JUnit4TestAdapter.run(JUnit4TestAdapter.java:39)
	at junit.framework.TestSuite.runTest(TestSuite.java:243)
	at junit.framework.TestSuite.run(TestSuite.java:238)
	at junit.framework.TestSuite.runTest(TestSuite.java:243)
	at junit.framework.TestSuite.run(TestSuite.java:238)
	at org.apache.tools.ant.taskdefs.optional.junit.JUnitTestRunner.run(JUnitTestRunner.java:420)
	at org.apache.tools.ant.taskdefs.optional.junit.JUnitTestRunner.launch(JUnitTestRunner.java:911)
	at org.apache.tools.ant.taskdefs.optional.junit.JUnitTestRunner.main(JUnitTestRunner.java:768)

Entering method [com.topcoder.reliability.impl.ReliabilityCalculatorImpl.calculate(long projectCategoryId, boolean updateCurrentReliability)].
Input parameters[projectCategoryId:1, updateCurrentReliability:true]
Entering method [com.topcoder.reliability.impl.persistence.DatabaseReliabilityDataPersistence.open()].
Error in method [com.topcoder.reliability.impl.persistence.DatabaseReliabilityDataPersistence.open()], details: ReliabilityDataPersistenceException is thrown when opening a connection to persistence.
com.topcoder.reliability.impl.ReliabilityDataPersistenceException: Failed to create a database connection.
	at com.topcoder.reliability.impl.persistence.DatabaseReliabilityDataPersistence.open(DatabaseReliabilityDataPersistence.java:279)
	at com.topcoder.reliability.impl.ReliabilityCalculatorImpl.calculateHelper(ReliabilityCalculatorImpl.java:376)
	at com.topcoder.reliability.impl.ReliabilityCalculatorImpl.calculate(ReliabilityCalculatorImpl.java:322)
	at com.topcoder.reliability.failuretests.impl.ReliabilityCalculatorImplFailureTests.testCalculateWithPersistenceError(ReliabilityCalculatorImplFailureTests.java:439)
	at sun.reflect.NativeMethodAccessorImpl.invoke0(Native Method)
	at sun.reflect.NativeMethodAccessorImpl.invoke(NativeMethodAccessorImpl.java:39)
	at sun.reflect.DelegatingMethodAccessorImpl.invoke(DelegatingMethodAccessorImpl.java:25)
	at java.lang.reflect.Method.invoke(Method.java:597)
	at org.junit.runners.model.FrameworkMethod$1.runReflectiveCall(FrameworkMethod.java:44)
	at org.junit.internal.runners.model.ReflectiveCallable.run(ReflectiveCallable.java:15)
	at org.junit.runners.model.FrameworkMethod.invokeExplosively(FrameworkMethod.java:41)
	at org.junit.internal.runners.statements.InvokeMethod.evaluate(InvokeMethod.java:20)
	at org.junit.internal.runners.statements.ExpectException.evaluate(ExpectException.java:21)
	at org.junit.internal.runners.statements.RunBefores.evaluate(RunBefores.java:28)
	at org.junit.runners.BlockJUnit4ClassRunner.runNotIgnored(BlockJUnit4ClassRunner.java:79)
	at org.junit.runners.BlockJUnit4ClassRunner.runChild(BlockJUnit4ClassRunner.java:71)
	at org.junit.runners.BlockJUnit4ClassRunner.runChild(BlockJUnit4ClassRunner.java:49)
	at org.junit.runners.ParentRunner$3.run(ParentRunner.java:193)
	at org.junit.runners.ParentRunner$1.schedule(ParentRunner.java:52)
	at org.junit.runners.ParentRunner.runChildren(ParentRunner.java:191)
	at org.junit.runners.ParentRunner.access$000(ParentRunner.java:42)
	at org.junit.runners.ParentRunner$2.evaluate(ParentRunner.java:184)
	at org.junit.runners.ParentRunner.run(ParentRunner.java:236)
	at junit.framework.JUnit4TestAdapter.run(JUnit4TestAdapter.java:39)
	at junit.framework.TestSuite.runTest(TestSuite.java:243)
	at junit.framework.TestSuite.run(TestSuite.java:238)
	at junit.framework.TestSuite.runTest(TestSuite.java:243)
	at junit.framework.TestSuite.run(TestSuite.java:238)
	at org.apache.tools.ant.taskdefs.optional.junit.JUnitTestRunner.run(JUnitTestRunner.java:420)
	at org.apache.tools.ant.taskdefs.optional.junit.JUnitTestRunner.launch(JUnitTestRunner.java:911)
	at org.apache.tools.ant.taskdefs.optional.junit.JUnitTestRunner.main(JUnitTestRunner.java:768)
Caused by: com.topcoder.db.connectionfactory.DBConnectionException: error occurs while creating the connection.
	at com.topcoder.db.connectionfactory.producers.JDBCConnectionProducer.createConnection(JDBCConnectionProducer.java:450)
	at com.topcoder.db.connectionfactory.producers.JDBCConnectionProducer.createConnection(JDBCConnectionProducer.java:406)
	at com.topcoder.db.connectionfactory.DBConnectionFactoryImpl.createConnection(DBConnectionFactoryImpl.java:510)
	at com.topcoder.reliability.impl.persistence.DatabaseReliabilityDataPersistence.open(DatabaseReliabilityDataPersistence.java:273)
	... 30 more
Caused by: java.sql.SQLException: No suitable driver found for invalid
	at java.sql.DriverManager.getConnection(DriverManager.java:602)
	at java.sql.DriverManager.getConnection(DriverManager.java:154)
	at com.topcoder.db.connectionfactory.producers.JDBCConnectionProducer.createConnection(JDBCConnectionProducer.java:448)
	... 33 more

Error in method [com.topcoder.reliability.impl.ReliabilityCalculatorImpl.calculate(long projectCategoryId, boolean updateCurrentReliability)], details: ReliabilityDataPersistenceException is thrown when calculating the reliability ratings.
com.topcoder.reliability.impl.ReliabilityDataPersistenceException: Failed to create a database connection.
	at com.topcoder.reliability.impl.persistence.DatabaseReliabilityDataPersistence.open(DatabaseReliabilityDataPersistence.java:279)
	at com.topcoder.reliability.impl.ReliabilityCalculatorImpl.calculateHelper(ReliabilityCalculatorImpl.java:376)
	at com.topcoder.reliability.impl.ReliabilityCalculatorImpl.calculate(ReliabilityCalculatorImpl.java:322)
	at com.topcoder.reliability.failuretests.impl.ReliabilityCalculatorImplFailureTests.testCalculateWithPersistenceError(ReliabilityCalculatorImplFailureTests.java:439)
	at sun.reflect.NativeMethodAccessorImpl.invoke0(Native Method)
	at sun.reflect.NativeMethodAccessorImpl.invoke(NativeMethodAccessorImpl.java:39)
	at sun.reflect.DelegatingMethodAccessorImpl.invoke(DelegatingMethodAccessorImpl.java:25)
	at java.lang.reflect.Method.invoke(Method.java:597)
	at org.junit.runners.model.FrameworkMethod$1.runReflectiveCall(FrameworkMethod.java:44)
	at org.junit.internal.runners.model.ReflectiveCallable.run(ReflectiveCallable.java:15)
	at org.junit.runners.model.FrameworkMethod.invokeExplosively(FrameworkMethod.java:41)
	at org.junit.internal.runners.statements.InvokeMethod.evaluate(InvokeMethod.java:20)
	at org.junit.internal.runners.statements.ExpectException.evaluate(ExpectException.java:21)
	at org.junit.internal.runners.statements.RunBefores.evaluate(RunBefores.java:28)
	at org.junit.runners.BlockJUnit4ClassRunner.runNotIgnored(BlockJUnit4ClassRunner.java:79)
	at org.junit.runners.BlockJUnit4ClassRunner.runChild(BlockJUnit4ClassRunner.java:71)
	at org.junit.runners.BlockJUnit4ClassRunner.runChild(BlockJUnit4ClassRunner.java:49)
	at org.junit.runners.ParentRunner$3.run(ParentRunner.java:193)
	at org.junit.runners.ParentRunner$1.schedule(ParentRunner.java:52)
	at org.junit.runners.ParentRunner.runChildren(ParentRunner.java:191)
	at org.junit.runners.ParentRunner.access$000(ParentRunner.java:42)
	at org.junit.runners.ParentRunner$2.evaluate(ParentRunner.java:184)
	at org.junit.runners.ParentRunner.run(ParentRunner.java:236)
	at junit.framework.JUnit4TestAdapter.run(JUnit4TestAdapter.java:39)
	at junit.framework.TestSuite.runTest(TestSuite.java:243)
	at junit.framework.TestSuite.run(TestSuite.java:238)
	at junit.framework.TestSuite.runTest(TestSuite.java:243)
	at junit.framework.TestSuite.run(TestSuite.java:238)
	at org.apache.tools.ant.taskdefs.optional.junit.JUnitTestRunner.run(JUnitTestRunner.java:420)
	at org.apache.tools.ant.taskdefs.optional.junit.JUnitTestRunner.launch(JUnitTestRunner.java:911)
	at org.apache.tools.ant.taskdefs.optional.junit.JUnitTestRunner.main(JUnitTestRunner.java:768)
Caused by: com.topcoder.db.connectionfactory.DBConnectionException: error occurs while creating the connection.
	at com.topcoder.db.connectionfactory.producers.JDBCConnectionProducer.createConnection(JDBCConnectionProducer.java:450)
	at com.topcoder.db.connectionfactory.producers.JDBCConnectionProducer.createConnection(JDBCConnectionProducer.java:406)
	at com.topcoder.db.connectionfactory.DBConnectionFactoryImpl.createConnection(DBConnectionFactoryImpl.java:510)
	at com.topcoder.reliability.impl.persistence.DatabaseReliabilityDataPersistence.open(DatabaseReliabilityDataPersistence.java:273)
	... 30 more
Caused by: java.sql.SQLException: No suitable driver found for invalid
	at java.sql.DriverManager.getConnection(DriverManager.java:602)
	at java.sql.DriverManager.getConnection(DriverManager.java:154)
	at com.topcoder.db.connectionfactory.producers.JDBCConnectionProducer.createConnection(JDBCConnectionProducer.java:448)
	... 33 more

Entering method [com.topcoder.reliability.impl.detectors.PhaseEndTimeBasedResolutionDateDetector.detect(UserProjectParticipationData data)].
Input parameters[data:null]
Error in method [com.topcoder.reliability.impl.detectors.PhaseEndTimeBasedResolutionDateDetector.detect(UserProjectParticipationData data)], details: IllegalArgumentException is thrown.
java.lang.IllegalArgumentException: 'data' should not be null.
	at com.topcoder.reliability.Helper.checkNull(Helper.java:131)
	at com.topcoder.reliability.impl.detectors.PhaseEndTimeBasedResolutionDateDetector.detect(PhaseEndTimeBasedResolutionDateDetector.java:126)
	at com.topcoder.reliability.failuretests.impl.detectors.PhaseEndTimeBasedResolutionDateDetectorFailureTests.testDetectWithNullData(PhaseEndTimeBasedResolutionDateDetectorFailureTests.java:90)
	at sun.reflect.NativeMethodAccessorImpl.invoke0(Native Method)
	at sun.reflect.NativeMethodAccessorImpl.invoke(NativeMethodAccessorImpl.java:39)
	at sun.reflect.DelegatingMethodAccessorImpl.invoke(DelegatingMethodAccessorImpl.java:25)
	at java.lang.reflect.Method.invoke(Method.java:597)
	at org.junit.runners.model.FrameworkMethod$1.runReflectiveCall(FrameworkMethod.java:44)
	at org.junit.internal.runners.model.ReflectiveCallable.run(ReflectiveCallable.java:15)
	at org.junit.runners.model.FrameworkMethod.invokeExplosively(FrameworkMethod.java:41)
	at org.junit.internal.runners.statements.InvokeMethod.evaluate(InvokeMethod.java:20)
	at org.junit.internal.runners.statements.ExpectException.evaluate(ExpectException.java:21)
	at org.junit.internal.runners.statements.RunBefores.evaluate(RunBefores.java:28)
	at org.junit.runners.BlockJUnit4ClassRunner.runNotIgnored(BlockJUnit4ClassRunner.java:79)
	at org.junit.runners.BlockJUnit4ClassRunner.runChild(BlockJUnit4ClassRunner.java:71)
	at org.junit.runners.BlockJUnit4ClassRunner.runChild(BlockJUnit4ClassRunner.java:49)
	at org.junit.runners.ParentRunner$3.run(ParentRunner.java:193)
	at org.junit.runners.ParentRunner$1.schedule(ParentRunner.java:52)
	at org.junit.runners.ParentRunner.runChildren(ParentRunner.java:191)
	at org.junit.runners.ParentRunner.access$000(ParentRunner.java:42)
	at org.junit.runners.ParentRunner$2.evaluate(ParentRunner.java:184)
	at org.junit.runners.ParentRunner.run(ParentRunner.java:236)
	at junit.framework.JUnit4TestAdapter.run(JUnit4TestAdapter.java:39)
	at junit.framework.TestSuite.runTest(TestSuite.java:243)
	at junit.framework.TestSuite.run(TestSuite.java:238)
	at junit.framework.TestSuite.runTest(TestSuite.java:243)
	at junit.framework.TestSuite.run(TestSuite.java:238)
	at org.apache.tools.ant.taskdefs.optional.junit.JUnitTestRunner.run(JUnitTestRunner.java:420)
	at org.apache.tools.ant.taskdefs.optional.junit.JUnitTestRunner.launch(JUnitTestRunner.java:911)
	at org.apache.tools.ant.taskdefs.optional.junit.JUnitTestRunner.main(JUnitTestRunner.java:768)

Entering method [com.topcoder.reliability.impl.calculators.BaseUserReliabilityCalculator.calculate(List<UserProjectParticipationData> projects)].
Input parameters[projects:null]
Error in method [com.topcoder.reliability.impl.calculators.BaseUserReliabilityCalculator.calculate(List<UserProjectParticipationData> projects)], details: IllegalArgumentException is thrown.
java.lang.IllegalArgumentException: 'projects' should not be null.
	at com.topcoder.reliability.Helper.checkNull(Helper.java:131)
	at com.topcoder.reliability.impl.calculators.BaseUserReliabilityCalculator.calculate(BaseUserReliabilityCalculator.java:115)
	at com.topcoder.reliability.failuretests.impl.calculators.BaseUserReliabilityCalculatorFailureTests.testCalculateWithNullProjects(BaseUserReliabilityCalculatorFailureTests.java:97)
	at sun.reflect.NativeMethodAccessorImpl.invoke0(Native Method)
	at sun.reflect.NativeMethodAccessorImpl.invoke(NativeMethodAccessorImpl.java:39)
	at sun.reflect.DelegatingMethodAccessorImpl.invoke(DelegatingMethodAccessorImpl.java:25)
	at java.lang.reflect.Method.invoke(Method.java:597)
	at org.junit.runners.model.FrameworkMethod$1.runReflectiveCall(FrameworkMethod.java:44)
	at org.junit.internal.runners.model.ReflectiveCallable.run(ReflectiveCallable.java:15)
	at org.junit.runners.model.FrameworkMethod.invokeExplosively(FrameworkMethod.java:41)
	at org.junit.internal.runners.statements.InvokeMethod.evaluate(InvokeMethod.java:20)
	at org.junit.internal.runners.statements.ExpectException.evaluate(ExpectException.java:21)
	at org.junit.internal.runners.statements.RunBefores.evaluate(RunBefores.java:28)
	at org.junit.runners.BlockJUnit4ClassRunner.runNotIgnored(BlockJUnit4ClassRunner.java:79)
	at org.junit.runners.BlockJUnit4ClassRunner.runChild(BlockJUnit4ClassRunner.java:71)
	at org.junit.runners.BlockJUnit4ClassRunner.runChild(BlockJUnit4ClassRunner.java:49)
	at org.junit.runners.ParentRunner$3.run(ParentRunner.java:193)
	at org.junit.runners.ParentRunner$1.schedule(ParentRunner.java:52)
	at org.junit.runners.ParentRunner.runChildren(ParentRunner.java:191)
	at org.junit.runners.ParentRunner.access$000(ParentRunner.java:42)
	at org.junit.runners.ParentRunner$2.evaluate(ParentRunner.java:184)
	at org.junit.runners.ParentRunner.run(ParentRunner.java:236)
	at junit.framework.JUnit4TestAdapter.run(JUnit4TestAdapter.java:39)
	at junit.framework.TestSuite.runTest(TestSuite.java:243)
	at junit.framework.TestSuite.run(TestSuite.java:238)
	at junit.framework.TestSuite.runTest(TestSuite.java:243)
	at junit.framework.TestSuite.run(TestSuite.java:238)
	at org.apache.tools.ant.taskdefs.optional.junit.JUnitTestRunner.run(JUnitTestRunner.java:420)
	at org.apache.tools.ant.taskdefs.optional.junit.JUnitTestRunner.launch(JUnitTestRunner.java:911)
	at org.apache.tools.ant.taskdefs.optional.junit.JUnitTestRunner.main(JUnitTestRunner.java:768)

Entering method [com.topcoder.reliability.impl.calculators.BaseUserReliabilityCalculator.calculate(List<UserProjectParticipationData> projects)].
Input parameters[projects:[]]
Error in method [com.topcoder.reliability.impl.calculators.BaseUserReliabilityCalculator.calculate(List<UserProjectParticipationData> projects)], details: IllegalArgumentException is thrown.
java.lang.IllegalArgumentException: 'projects' should not be empty.
	at com.topcoder.reliability.impl.calculators.BaseUserReliabilityCalculator.calculate(BaseUserReliabilityCalculator.java:117)
	at com.topcoder.reliability.failuretests.impl.calculators.BaseUserReliabilityCalculatorFailureTests.testCalculateWithEmptyProjects(BaseUserReliabilityCalculatorFailureTests.java:108)
	at sun.reflect.NativeMethodAccessorImpl.invoke0(Native Method)
	at sun.reflect.NativeMethodAccessorImpl.invoke(NativeMethodAccessorImpl.java:39)
	at sun.reflect.DelegatingMethodAccessorImpl.invoke(DelegatingMethodAccessorImpl.java:25)
	at java.lang.reflect.Method.invoke(Method.java:597)
	at org.junit.runners.model.FrameworkMethod$1.runReflectiveCall(FrameworkMethod.java:44)
	at org.junit.internal.runners.model.ReflectiveCallable.run(ReflectiveCallable.java:15)
	at org.junit.runners.model.FrameworkMethod.invokeExplosively(FrameworkMethod.java:41)
	at org.junit.internal.runners.statements.InvokeMethod.evaluate(InvokeMethod.java:20)
	at org.junit.internal.runners.statements.ExpectException.evaluate(ExpectException.java:21)
	at org.junit.internal.runners.statements.RunBefores.evaluate(RunBefores.java:28)
	at org.junit.runners.BlockJUnit4ClassRunner.runNotIgnored(BlockJUnit4ClassRunner.java:79)
	at org.junit.runners.BlockJUnit4ClassRunner.runChild(BlockJUnit4ClassRunner.java:71)
	at org.junit.runners.BlockJUnit4ClassRunner.runChild(BlockJUnit4ClassRunner.java:49)
	at org.junit.runners.ParentRunner$3.run(ParentRunner.java:193)
	at org.junit.runners.ParentRunner$1.schedule(ParentRunner.java:52)
	at org.junit.runners.ParentRunner.runChildren(ParentRunner.java:191)
	at org.junit.runners.ParentRunner.access$000(ParentRunner.java:42)
	at org.junit.runners.ParentRunner$2.evaluate(ParentRunner.java:184)
	at org.junit.runners.ParentRunner.run(ParentRunner.java:236)
	at junit.framework.JUnit4TestAdapter.run(JUnit4TestAdapter.java:39)
	at junit.framework.TestSuite.runTest(TestSuite.java:243)
	at junit.framework.TestSuite.run(TestSuite.java:238)
	at junit.framework.TestSuite.runTest(TestSuite.java:243)
	at junit.framework.TestSuite.run(TestSuite.java:238)
	at org.apache.tools.ant.taskdefs.optional.junit.JUnitTestRunner.run(JUnitTestRunner.java:420)
	at org.apache.tools.ant.taskdefs.optional.junit.JUnitTestRunner.launch(JUnitTestRunner.java:911)
	at org.apache.tools.ant.taskdefs.optional.junit.JUnitTestRunner.main(JUnitTestRunner.java:768)

Entering method [com.topcoder.reliability.impl.calculators.BaseUserReliabilityCalculator.calculate(List<UserProjectParticipationData> projects)].
Input parameters[projects:[com.topcoder.reliability.impl.UserProjectParticipationData@5c66b06b, com.topcoder.reliability.impl.UserProjectParticipationData@59c87031, null]]
Error in method [com.topcoder.reliability.impl.calculators.BaseUserReliabilityCalculator.calculate(List<UserProjectParticipationData> projects)], details: IllegalArgumentException is thrown.
java.lang.IllegalArgumentException: 'element in projects' should not be null.
	at com.topcoder.reliability.Helper.checkNull(Helper.java:131)
	at com.topcoder.reliability.impl.calculators.BaseUserReliabilityCalculator.calculate(BaseUserReliabilityCalculator.java:121)
	at com.topcoder.reliability.failuretests.impl.calculators.BaseUserReliabilityCalculatorFailureTests.testCalculateWithNullProject(BaseUserReliabilityCalculatorFailureTests.java:129)
	at sun.reflect.NativeMethodAccessorImpl.invoke0(Native Method)
	at sun.reflect.NativeMethodAccessorImpl.invoke(NativeMethodAccessorImpl.java:39)
	at sun.reflect.DelegatingMethodAccessorImpl.invoke(DelegatingMethodAccessorImpl.java:25)
	at java.lang.reflect.Method.invoke(Method.java:597)
	at org.junit.runners.model.FrameworkMethod$1.runReflectiveCall(FrameworkMethod.java:44)
	at org.junit.internal.runners.model.ReflectiveCallable.run(ReflectiveCallable.java:15)
	at org.junit.runners.model.FrameworkMethod.invokeExplosively(FrameworkMethod.java:41)
	at org.junit.internal.runners.statements.InvokeMethod.evaluate(InvokeMethod.java:20)
	at org.junit.internal.runners.statements.ExpectException.evaluate(ExpectException.java:21)
	at org.junit.internal.runners.statements.RunBefores.evaluate(RunBefores.java:28)
	at org.junit.runners.BlockJUnit4ClassRunner.runNotIgnored(BlockJUnit4ClassRunner.java:79)
	at org.junit.runners.BlockJUnit4ClassRunner.runChild(BlockJUnit4ClassRunner.java:71)
	at org.junit.runners.BlockJUnit4ClassRunner.runChild(BlockJUnit4ClassRunner.java:49)
	at org.junit.runners.ParentRunner$3.run(ParentRunner.java:193)
	at org.junit.runners.ParentRunner$1.schedule(ParentRunner.java:52)
	at org.junit.runners.ParentRunner.runChildren(ParentRunner.java:191)
	at org.junit.runners.ParentRunner.access$000(ParentRunner.java:42)
	at org.junit.runners.ParentRunner$2.evaluate(ParentRunner.java:184)
	at org.junit.runners.ParentRunner.run(ParentRunner.java:236)
	at junit.framework.JUnit4TestAdapter.run(JUnit4TestAdapter.java:39)
	at junit.framework.TestSuite.runTest(TestSuite.java:243)
	at junit.framework.TestSuite.run(TestSuite.java:238)
	at junit.framework.TestSuite.runTest(TestSuite.java:243)
	at junit.framework.TestSuite.run(TestSuite.java:238)
	at org.apache.tools.ant.taskdefs.optional.junit.JUnitTestRunner.run(JUnitTestRunner.java:420)
	at org.apache.tools.ant.taskdefs.optional.junit.JUnitTestRunner.launch(JUnitTestRunner.java:911)
	at org.apache.tools.ant.taskdefs.optional.junit.JUnitTestRunner.main(JUnitTestRunner.java:768)

Entering method [com.topcoder.reliability.impl.calculators.BaseUserReliabilityCalculator.calculate(List<UserProjectParticipationData> projects)].
Input parameters[projects:[com.topcoder.reliability.impl.UserProjectParticipationData@2400218d, com.topcoder.reliability.impl.UserProjectParticipationData@49ac272]]
Error in method [com.topcoder.reliability.impl.calculators.BaseUserReliabilityCalculator.calculate(List<UserProjectParticipationData> projects)], details: IllegalArgumentException is thrown.
java.lang.IllegalArgumentException: 'project.getUserRegistrationDate() in projects' should not be null.
	at com.topcoder.reliability.Helper.checkNull(Helper.java:131)
	at com.topcoder.reliability.impl.calculators.BaseUserReliabilityCalculator.calculate(BaseUserReliabilityCalculator.java:124)
	at com.topcoder.reliability.failuretests.impl.calculators.BaseUserReliabilityCalculatorFailureTests.testCalculateWithNullUserRegistrationDate(BaseUserReliabilityCalculatorFailureTests.java:149)
	at sun.reflect.NativeMethodAccessorImpl.invoke0(Native Method)
	at sun.reflect.NativeMethodAccessorImpl.invoke(NativeMethodAccessorImpl.java:39)
	at sun.reflect.DelegatingMethodAccessorImpl.invoke(DelegatingMethodAccessorImpl.java:25)
	at java.lang.reflect.Method.invoke(Method.java:597)
	at org.junit.runners.model.FrameworkMethod$1.runReflectiveCall(FrameworkMethod.java:44)
	at org.junit.internal.runners.model.ReflectiveCallable.run(ReflectiveCallable.java:15)
	at org.junit.runners.model.FrameworkMethod.invokeExplosively(FrameworkMethod.java:41)
	at org.junit.internal.runners.statements.InvokeMethod.evaluate(InvokeMethod.java:20)
	at org.junit.internal.runners.statements.ExpectException.evaluate(ExpectException.java:21)
	at org.junit.internal.runners.statements.RunBefores.evaluate(RunBefores.java:28)
	at org.junit.runners.BlockJUnit4ClassRunner.runNotIgnored(BlockJUnit4ClassRunner.java:79)
	at org.junit.runners.BlockJUnit4ClassRunner.runChild(BlockJUnit4ClassRunner.java:71)
	at org.junit.runners.BlockJUnit4ClassRunner.runChild(BlockJUnit4ClassRunner.java:49)
	at org.junit.runners.ParentRunner$3.run(ParentRunner.java:193)
	at org.junit.runners.ParentRunner$1.schedule(ParentRunner.java:52)
	at org.junit.runners.ParentRunner.runChildren(ParentRunner.java:191)
	at org.junit.runners.ParentRunner.access$000(ParentRunner.java:42)
	at org.junit.runners.ParentRunner$2.evaluate(ParentRunner.java:184)
	at org.junit.runners.ParentRunner.run(ParentRunner.java:236)
	at junit.framework.JUnit4TestAdapter.run(JUnit4TestAdapter.java:39)
	at junit.framework.TestSuite.runTest(TestSuite.java:243)
	at junit.framework.TestSuite.run(TestSuite.java:238)
	at junit.framework.TestSuite.runTest(TestSuite.java:243)
	at junit.framework.TestSuite.run(TestSuite.java:238)
	at org.apache.tools.ant.taskdefs.optional.junit.JUnitTestRunner.run(JUnitTestRunner.java:420)
	at org.apache.tools.ant.taskdefs.optional.junit.JUnitTestRunner.launch(JUnitTestRunner.java:911)
	at org.apache.tools.ant.taskdefs.optional.junit.JUnitTestRunner.main(JUnitTestRunner.java:768)

Entering method [com.topcoder.reliability.impl.calculators.BaseUserReliabilityCalculator.calculate(List<UserProjectParticipationData> projects)].
Input parameters[projects:[com.topcoder.reliability.impl.UserProjectParticipationData@442b7fc2, com.topcoder.reliability.impl.UserProjectParticipationData@3d0bc85]]
Error in method [com.topcoder.reliability.impl.calculators.BaseUserReliabilityCalculator.calculate(List<UserProjectParticipationData> projects)], details: IllegalArgumentException is thrown.
java.lang.IllegalArgumentException: 'project.getUserRegistrationDate() in projects' should not be null.
	at com.topcoder.reliability.Helper.checkNull(Helper.java:131)
	at com.topcoder.reliability.impl.calculators.BaseUserReliabilityCalculator.calculate(BaseUserReliabilityCalculator.java:124)
	at com.topcoder.reliability.failuretests.impl.calculators.BaseUserReliabilityCalculatorFailureTests.testCalculateWithNullResolutionDate(BaseUserReliabilityCalculatorFailureTests.java:169)
	at sun.reflect.NativeMethodAccessorImpl.invoke0(Native Method)
	at sun.reflect.NativeMethodAccessorImpl.invoke(NativeMethodAccessorImpl.java:39)
	at sun.reflect.DelegatingMethodAccessorImpl.invoke(DelegatingMethodAccessorImpl.java:25)
	at java.lang.reflect.Method.invoke(Method.java:597)
	at org.junit.runners.model.FrameworkMethod$1.runReflectiveCall(FrameworkMethod.java:44)
	at org.junit.internal.runners.model.ReflectiveCallable.run(ReflectiveCallable.java:15)
	at org.junit.runners.model.FrameworkMethod.invokeExplosively(FrameworkMethod.java:41)
	at org.junit.internal.runners.statements.InvokeMethod.evaluate(InvokeMethod.java:20)
	at org.junit.internal.runners.statements.ExpectException.evaluate(ExpectException.java:21)
	at org.junit.internal.runners.statements.RunBefores.evaluate(RunBefores.java:28)
	at org.junit.runners.BlockJUnit4ClassRunner.runNotIgnored(BlockJUnit4ClassRunner.java:79)
	at org.junit.runners.BlockJUnit4ClassRunner.runChild(BlockJUnit4ClassRunner.java:71)
	at org.junit.runners.BlockJUnit4ClassRunner.runChild(BlockJUnit4ClassRunner.java:49)
	at org.junit.runners.ParentRunner$3.run(ParentRunner.java:193)
	at org.junit.runners.ParentRunner$1.schedule(ParentRunner.java:52)
	at org.junit.runners.ParentRunner.runChildren(ParentRunner.java:191)
	at org.junit.runners.ParentRunner.access$000(ParentRunner.java:42)
	at org.junit.runners.ParentRunner$2.evaluate(ParentRunner.java:184)
	at org.junit.runners.ParentRunner.run(ParentRunner.java:236)
	at junit.framework.JUnit4TestAdapter.run(JUnit4TestAdapter.java:39)
	at junit.framework.TestSuite.runTest(TestSuite.java:243)
	at junit.framework.TestSuite.run(TestSuite.java:238)
	at junit.framework.TestSuite.runTest(TestSuite.java:243)
	at junit.framework.TestSuite.run(TestSuite.java:238)
	at org.apache.tools.ant.taskdefs.optional.junit.JUnitTestRunner.run(JUnitTestRunner.java:420)
	at org.apache.tools.ant.taskdefs.optional.junit.JUnitTestRunner.launch(JUnitTestRunner.java:911)
	at org.apache.tools.ant.taskdefs.optional.junit.JUnitTestRunner.main(JUnitTestRunner.java:768)

Entering method [com.topcoder.reliability.impl.calculators.BaseUserReliabilityCalculator.calculate(List<UserProjectParticipationData> projects)].
Input parameters[projects:[com.topcoder.reliability.impl.UserProjectParticipationData@27cc7f4b, com.topcoder.reliability.impl.UserProjectParticipationData@62b92956]]
Error in method [com.topcoder.reliability.impl.calculators.BaseUserReliabilityCalculator.calculate(List<UserProjectParticipationData> projects)], details: UserReliabilityCalculationException is thrown when calculating reliability for all projects.
com.topcoder.reliability.impl.UserReliabilityCalculationException: error
	at com.topcoder.reliability.failuretests.impl.calculators.BaseUserReliabilityCalculatorFailureTests$BaseUserReliabilityCalculatorTester.calculateReliabilityAfterProjects(BaseUserReliabilityCalculatorFailureTests.java:234)
	at com.topcoder.reliability.impl.calculators.BaseUserReliabilityCalculator.calculate(BaseUserReliabilityCalculator.java:140)
	at com.topcoder.reliability.failuretests.impl.calculators.BaseUserReliabilityCalculatorFailureTests.testCalculateWithCalculationError(BaseUserReliabilityCalculatorFailureTests.java:191)
	at sun.reflect.NativeMethodAccessorImpl.invoke0(Native Method)
	at sun.reflect.NativeMethodAccessorImpl.invoke(NativeMethodAccessorImpl.java:39)
	at sun.reflect.DelegatingMethodAccessorImpl.invoke(DelegatingMethodAccessorImpl.java:25)
	at java.lang.reflect.Method.invoke(Method.java:597)
	at org.junit.runners.model.FrameworkMethod$1.runReflectiveCall(FrameworkMethod.java:44)
	at org.junit.internal.runners.model.ReflectiveCallable.run(ReflectiveCallable.java:15)
	at org.junit.runners.model.FrameworkMethod.invokeExplosively(FrameworkMethod.java:41)
	at org.junit.internal.runners.statements.InvokeMethod.evaluate(InvokeMethod.java:20)
	at org.junit.internal.runners.statements.ExpectException.evaluate(ExpectException.java:21)
	at org.junit.internal.runners.statements.RunBefores.evaluate(RunBefores.java:28)
	at org.junit.runners.BlockJUnit4ClassRunner.runNotIgnored(BlockJUnit4ClassRunner.java:79)
	at org.junit.runners.BlockJUnit4ClassRunner.runChild(BlockJUnit4ClassRunner.java:71)
	at org.junit.runners.BlockJUnit4ClassRunner.runChild(BlockJUnit4ClassRunner.java:49)
	at org.junit.runners.ParentRunner$3.run(ParentRunner.java:193)
	at org.junit.runners.ParentRunner$1.schedule(ParentRunner.java:52)
	at org.junit.runners.ParentRunner.runChildren(ParentRunner.java:191)
	at org.junit.runners.ParentRunner.access$000(ParentRunner.java:42)
	at org.junit.runners.ParentRunner$2.evaluate(ParentRunner.java:184)
	at org.junit.runners.ParentRunner.run(ParentRunner.java:236)
	at junit.framework.JUnit4TestAdapter.run(JUnit4TestAdapter.java:39)
	at junit.framework.TestSuite.runTest(TestSuite.java:243)
	at junit.framework.TestSuite.run(TestSuite.java:238)
	at junit.framework.TestSuite.runTest(TestSuite.java:243)
	at junit.framework.TestSuite.run(TestSuite.java:238)
	at org.apache.tools.ant.taskdefs.optional.junit.JUnitTestRunner.run(JUnitTestRunner.java:420)
	at org.apache.tools.ant.taskdefs.optional.junit.JUnitTestRunner.launch(JUnitTestRunner.java:911)
	at org.apache.tools.ant.taskdefs.optional.junit.JUnitTestRunner.main(JUnitTestRunner.java:768)

Entering method [com.topcoder.reliability.impl.persistence.DatabaseReliabilityDataPersistence.open()].
Exiting method [com.topcoder.reliability.impl.persistence.DatabaseReliabilityDataPersistence.open()], time spent in the method: 12 milliseconds.
Entering method [com.topcoder.reliability.impl.persistence.DatabaseReliabilityDataPersistence.open()].
Error in method [com.topcoder.reliability.impl.persistence.DatabaseReliabilityDataPersistence.open()], details: IllegalStateException is thrown.
java.lang.IllegalStateException: The connection is already opened.
	at com.topcoder.reliability.Helper.checkState(Helper.java:194)
	at com.topcoder.reliability.impl.persistence.DatabaseReliabilityDataPersistence.open(DatabaseReliabilityDataPersistence.java:269)
	at com.topcoder.reliability.failuretests.impl.persistence.DatabaseReliabilityDataPersistenceFailureTests.testOpenWithTwiceCall(DatabaseReliabilityDataPersistenceFailureTests.java:155)
	at sun.reflect.NativeMethodAccessorImpl.invoke0(Native Method)
	at sun.reflect.NativeMethodAccessorImpl.invoke(NativeMethodAccessorImpl.java:39)
	at sun.reflect.DelegatingMethodAccessorImpl.invoke(DelegatingMethodAccessorImpl.java:25)
	at java.lang.reflect.Method.invoke(Method.java:597)
	at org.junit.runners.model.FrameworkMethod$1.runReflectiveCall(FrameworkMethod.java:44)
	at org.junit.internal.runners.model.ReflectiveCallable.run(ReflectiveCallable.java:15)
	at org.junit.runners.model.FrameworkMethod.invokeExplosively(FrameworkMethod.java:41)
	at org.junit.internal.runners.statements.InvokeMethod.evaluate(InvokeMethod.java:20)
	at org.junit.internal.runners.statements.ExpectException.evaluate(ExpectException.java:21)
	at org.junit.internal.runners.statements.RunBefores.evaluate(RunBefores.java:28)
	at org.junit.internal.runners.statements.RunAfters.evaluate(RunAfters.java:31)
	at org.junit.runners.BlockJUnit4ClassRunner.runNotIgnored(BlockJUnit4ClassRunner.java:79)
	at org.junit.runners.BlockJUnit4ClassRunner.runChild(BlockJUnit4ClassRunner.java:71)
	at org.junit.runners.BlockJUnit4ClassRunner.runChild(BlockJUnit4ClassRunner.java:49)
	at org.junit.runners.ParentRunner$3.run(ParentRunner.java:193)
	at org.junit.runners.ParentRunner$1.schedule(ParentRunner.java:52)
	at org.junit.runners.ParentRunner.runChildren(ParentRunner.java:191)
	at org.junit.runners.ParentRunner.access$000(ParentRunner.java:42)
	at org.junit.runners.ParentRunner$2.evaluate(ParentRunner.java:184)
	at org.junit.runners.ParentRunner.run(ParentRunner.java:236)
	at junit.framework.JUnit4TestAdapter.run(JUnit4TestAdapter.java:39)
	at junit.framework.TestSuite.runTest(TestSuite.java:243)
	at junit.framework.TestSuite.run(TestSuite.java:238)
	at junit.framework.TestSuite.runTest(TestSuite.java:243)
	at junit.framework.TestSuite.run(TestSuite.java:238)
	at org.apache.tools.ant.taskdefs.optional.junit.JUnitTestRunner.run(JUnitTestRunner.java:420)
	at org.apache.tools.ant.taskdefs.optional.junit.JUnitTestRunner.launch(JUnitTestRunner.java:911)
	at org.apache.tools.ant.taskdefs.optional.junit.JUnitTestRunner.main(JUnitTestRunner.java:768)

Entering method [com.topcoder.reliability.impl.persistence.DatabaseReliabilityDataPersistence.open()].
Error in method [com.topcoder.reliability.impl.persistence.DatabaseReliabilityDataPersistence.open()], details: ReliabilityDataPersistenceException is thrown when opening a connection to persistence.
com.topcoder.reliability.impl.ReliabilityDataPersistenceException: Failed to create a database connection.
	at com.topcoder.reliability.impl.persistence.DatabaseReliabilityDataPersistence.open(DatabaseReliabilityDataPersistence.java:279)
	at com.topcoder.reliability.failuretests.impl.persistence.DatabaseReliabilityDataPersistenceFailureTests.testOpenWithPersistenceError(DatabaseReliabilityDataPersistenceFailureTests.java:183)
	at sun.reflect.NativeMethodAccessorImpl.invoke0(Native Method)
	at sun.reflect.NativeMethodAccessorImpl.invoke(NativeMethodAccessorImpl.java:39)
	at sun.reflect.DelegatingMethodAccessorImpl.invoke(DelegatingMethodAccessorImpl.java:25)
	at java.lang.reflect.Method.invoke(Method.java:597)
	at org.junit.runners.model.FrameworkMethod$1.runReflectiveCall(FrameworkMethod.java:44)
	at org.junit.internal.runners.model.ReflectiveCallable.run(ReflectiveCallable.java:15)
	at org.junit.runners.model.FrameworkMethod.invokeExplosively(FrameworkMethod.java:41)
	at org.junit.internal.runners.statements.InvokeMethod.evaluate(InvokeMethod.java:20)
	at org.junit.internal.runners.statements.ExpectException.evaluate(ExpectException.java:21)
	at org.junit.internal.runners.statements.RunBefores.evaluate(RunBefores.java:28)
	at org.junit.internal.runners.statements.RunAfters.evaluate(RunAfters.java:31)
	at org.junit.runners.BlockJUnit4ClassRunner.runNotIgnored(BlockJUnit4ClassRunner.java:79)
	at org.junit.runners.BlockJUnit4ClassRunner.runChild(BlockJUnit4ClassRunner.java:71)
	at org.junit.runners.BlockJUnit4ClassRunner.runChild(BlockJUnit4ClassRunner.java:49)
	at org.junit.runners.ParentRunner$3.run(ParentRunner.java:193)
	at org.junit.runners.ParentRunner$1.schedule(ParentRunner.java:52)
	at org.junit.runners.ParentRunner.runChildren(ParentRunner.java:191)
	at org.junit.runners.ParentRunner.access$000(ParentRunner.java:42)
	at org.junit.runners.ParentRunner$2.evaluate(ParentRunner.java:184)
	at org.junit.runners.ParentRunner.run(ParentRunner.java:236)
	at junit.framework.JUnit4TestAdapter.run(JUnit4TestAdapter.java:39)
	at junit.framework.TestSuite.runTest(TestSuite.java:243)
	at junit.framework.TestSuite.run(TestSuite.java:238)
	at junit.framework.TestSuite.runTest(TestSuite.java:243)
	at junit.framework.TestSuite.run(TestSuite.java:238)
	at org.apache.tools.ant.taskdefs.optional.junit.JUnitTestRunner.run(JUnitTestRunner.java:420)
	at org.apache.tools.ant.taskdefs.optional.junit.JUnitTestRunner.launch(JUnitTestRunner.java:911)
	at org.apache.tools.ant.taskdefs.optional.junit.JUnitTestRunner.main(JUnitTestRunner.java:768)
Caused by: com.topcoder.db.connectionfactory.DBConnectionException: error occurs while creating the connection.
	at com.topcoder.db.connectionfactory.producers.JDBCConnectionProducer.createConnection(JDBCConnectionProducer.java:450)
	at com.topcoder.db.connectionfactory.producers.JDBCConnectionProducer.createConnection(JDBCConnectionProducer.java:406)
	at com.topcoder.db.connectionfactory.DBConnectionFactoryImpl.createConnection(DBConnectionFactoryImpl.java:510)
	at com.topcoder.reliability.impl.persistence.DatabaseReliabilityDataPersistence.open(DatabaseReliabilityDataPersistence.java:273)
	... 29 more
Caused by: java.sql.SQLException: No suitable driver found for invalid
	at java.sql.DriverManager.getConnection(DriverManager.java:602)
	at java.sql.DriverManager.getConnection(DriverManager.java:154)
	at com.topcoder.db.connectionfactory.producers.JDBCConnectionProducer.createConnection(JDBCConnectionProducer.java:448)
	... 32 more

Entering method [com.topcoder.reliability.impl.persistence.DatabaseReliabilityDataPersistence.open()].
Exiting method [com.topcoder.reliability.impl.persistence.DatabaseReliabilityDataPersistence.open()], time spent in the method: 9 milliseconds.
Entering method [com.topcoder.reliability.impl.persistence.DatabaseReliabilityDataPersistence.close].
Exiting method [com.topcoder.reliability.impl.persistence.DatabaseReliabilityDataPersistence.close], time spent in the method: 0 milliseconds.
Entering method [com.topcoder.reliability.impl.persistence.DatabaseReliabilityDataPersistence.close].
Error in method [com.topcoder.reliability.impl.persistence.DatabaseReliabilityDataPersistence.close], details: IllegalStateException is thrown.
java.lang.IllegalStateException: The connection is already closed.
	at com.topcoder.reliability.Helper.checkState(Helper.java:194)
	at com.topcoder.reliability.impl.persistence.DatabaseReliabilityDataPersistence.close(DatabaseReliabilityDataPersistence.java:648)
	at com.topcoder.reliability.failuretests.impl.persistence.DatabaseReliabilityDataPersistenceFailureTests.testCloseWithTwiceCall(DatabaseReliabilityDataPersistenceFailureTests.java:198)
	at sun.reflect.NativeMethodAccessorImpl.invoke0(Native Method)
	at sun.reflect.NativeMethodAccessorImpl.invoke(NativeMethodAccessorImpl.java:39)
	at sun.reflect.DelegatingMethodAccessorImpl.invoke(DelegatingMethodAccessorImpl.java:25)
	at java.lang.reflect.Method.invoke(Method.java:597)
	at org.junit.runners.model.FrameworkMethod$1.runReflectiveCall(FrameworkMethod.java:44)
	at org.junit.internal.runners.model.ReflectiveCallable.run(ReflectiveCallable.java:15)
	at org.junit.runners.model.FrameworkMethod.invokeExplosively(FrameworkMethod.java:41)
	at org.junit.internal.runners.statements.InvokeMethod.evaluate(InvokeMethod.java:20)
	at org.junit.internal.runners.statements.ExpectException.evaluate(ExpectException.java:21)
	at org.junit.internal.runners.statements.RunBefores.evaluate(RunBefores.java:28)
	at org.junit.internal.runners.statements.RunAfters.evaluate(RunAfters.java:31)
	at org.junit.runners.BlockJUnit4ClassRunner.runNotIgnored(BlockJUnit4ClassRunner.java:79)
	at org.junit.runners.BlockJUnit4ClassRunner.runChild(BlockJUnit4ClassRunner.java:71)
	at org.junit.runners.BlockJUnit4ClassRunner.runChild(BlockJUnit4ClassRunner.java:49)
	at org.junit.runners.ParentRunner$3.run(ParentRunner.java:193)
	at org.junit.runners.ParentRunner$1.schedule(ParentRunner.java:52)
	at org.junit.runners.ParentRunner.runChildren(ParentRunner.java:191)
	at org.junit.runners.ParentRunner.access$000(ParentRunner.java:42)
	at org.junit.runners.ParentRunner$2.evaluate(ParentRunner.java:184)
	at org.junit.runners.ParentRunner.run(ParentRunner.java:236)
	at junit.framework.JUnit4TestAdapter.run(JUnit4TestAdapter.java:39)
	at junit.framework.TestSuite.runTest(TestSuite.java:243)
	at junit.framework.TestSuite.run(TestSuite.java:238)
	at junit.framework.TestSuite.runTest(TestSuite.java:243)
	at junit.framework.TestSuite.run(TestSuite.java:238)
	at org.apache.tools.ant.taskdefs.optional.junit.JUnitTestRunner.run(JUnitTestRunner.java:420)
	at org.apache.tools.ant.taskdefs.optional.junit.JUnitTestRunner.launch(JUnitTestRunner.java:911)
	at org.apache.tools.ant.taskdefs.optional.junit.JUnitTestRunner.main(JUnitTestRunner.java:768)

Entering method [com.topcoder.reliability.impl.persistence.DatabaseReliabilityDataPersistence.open()].
Exiting method [com.topcoder.reliability.impl.persistence.DatabaseReliabilityDataPersistence.open()], time spent in the method: 9 milliseconds.
Entering method [com.topcoder.reliability.impl.persistence.DatabaseReliabilityDataPersistence.getIdsOfUsersWithReliability(long projectCategoryId, Date startDate)].
Input parameters[projectCategoryId:0, startDate:Tue Dec 07 14:36:28 CST 2010]
Error in method [com.topcoder.reliability.impl.persistence.DatabaseReliabilityDataPersistence.getIdsOfUsersWithReliability(long projectCategoryId, Date startDate)], details: IllegalArgumentException is thrown.
java.lang.IllegalArgumentException: 'projectCategoryId' should be positive.
	at com.topcoder.reliability.Helper.checkPositive(Helper.java:150)
	at com.topcoder.reliability.impl.persistence.DatabaseReliabilityDataPersistence.getIdsOfUsersWithReliability(DatabaseReliabilityDataPersistence.java:327)
	at com.topcoder.reliability.failuretests.impl.persistence.DatabaseReliabilityDataPersistenceFailureTests.testGetIdsOfUsersWithReliabilityWithZeroProjectCategoryId(DatabaseReliabilityDataPersistenceFailureTests.java:211)
	at sun.reflect.NativeMethodAccessorImpl.invoke0(Native Method)
	at sun.reflect.NativeMethodAccessorImpl.invoke(NativeMethodAccessorImpl.java:39)
	at sun.reflect.DelegatingMethodAccessorImpl.invoke(DelegatingMethodAccessorImpl.java:25)
	at java.lang.reflect.Method.invoke(Method.java:597)
	at org.junit.runners.model.FrameworkMethod$1.runReflectiveCall(FrameworkMethod.java:44)
	at org.junit.internal.runners.model.ReflectiveCallable.run(ReflectiveCallable.java:15)
	at org.junit.runners.model.FrameworkMethod.invokeExplosively(FrameworkMethod.java:41)
	at org.junit.internal.runners.statements.InvokeMethod.evaluate(InvokeMethod.java:20)
	at org.junit.internal.runners.statements.ExpectException.evaluate(ExpectException.java:21)
	at org.junit.internal.runners.statements.RunBefores.evaluate(RunBefores.java:28)
	at org.junit.internal.runners.statements.RunAfters.evaluate(RunAfters.java:31)
	at org.junit.runners.BlockJUnit4ClassRunner.runNotIgnored(BlockJUnit4ClassRunner.java:79)
	at org.junit.runners.BlockJUnit4ClassRunner.runChild(BlockJUnit4ClassRunner.java:71)
	at org.junit.runners.BlockJUnit4ClassRunner.runChild(BlockJUnit4ClassRunner.java:49)
	at org.junit.runners.ParentRunner$3.run(ParentRunner.java:193)
	at org.junit.runners.ParentRunner$1.schedule(ParentRunner.java:52)
	at org.junit.runners.ParentRunner.runChildren(ParentRunner.java:191)
	at org.junit.runners.ParentRunner.access$000(ParentRunner.java:42)
	at org.junit.runners.ParentRunner$2.evaluate(ParentRunner.java:184)
	at org.junit.runners.ParentRunner.run(ParentRunner.java:236)
	at junit.framework.JUnit4TestAdapter.run(JUnit4TestAdapter.java:39)
	at junit.framework.TestSuite.runTest(TestSuite.java:243)
	at junit.framework.TestSuite.run(TestSuite.java:238)
	at junit.framework.TestSuite.runTest(TestSuite.java:243)
	at junit.framework.TestSuite.run(TestSuite.java:238)
	at org.apache.tools.ant.taskdefs.optional.junit.JUnitTestRunner.run(JUnitTestRunner.java:420)
	at org.apache.tools.ant.taskdefs.optional.junit.JUnitTestRunner.launch(JUnitTestRunner.java:911)
	at org.apache.tools.ant.taskdefs.optional.junit.JUnitTestRunner.main(JUnitTestRunner.java:768)

Entering method [com.topcoder.reliability.impl.persistence.DatabaseReliabilityDataPersistence.open()].
Exiting method [com.topcoder.reliability.impl.persistence.DatabaseReliabilityDataPersistence.open()], time spent in the method: 8 milliseconds.
Entering method [com.topcoder.reliability.impl.persistence.DatabaseReliabilityDataPersistence.getIdsOfUsersWithReliability(long projectCategoryId, Date startDate)].
Input parameters[projectCategoryId:-1, startDate:Tue Dec 07 14:36:28 CST 2010]
Error in method [com.topcoder.reliability.impl.persistence.DatabaseReliabilityDataPersistence.getIdsOfUsersWithReliability(long projectCategoryId, Date startDate)], details: IllegalArgumentException is thrown.
java.lang.IllegalArgumentException: 'projectCategoryId' should be positive.
	at com.topcoder.reliability.Helper.checkPositive(Helper.java:150)
	at com.topcoder.reliability.impl.persistence.DatabaseReliabilityDataPersistence.getIdsOfUsersWithReliability(DatabaseReliabilityDataPersistence.java:327)
	at com.topcoder.reliability.failuretests.impl.persistence.DatabaseReliabilityDataPersistenceFailureTests.testGetIdsOfUsersWithReliabilityWithNegativeProjectCategoryId(DatabaseReliabilityDataPersistenceFailureTests.java:224)
	at sun.reflect.NativeMethodAccessorImpl.invoke0(Native Method)
	at sun.reflect.NativeMethodAccessorImpl.invoke(NativeMethodAccessorImpl.java:39)
	at sun.reflect.DelegatingMethodAccessorImpl.invoke(DelegatingMethodAccessorImpl.java:25)
	at java.lang.reflect.Method.invoke(Method.java:597)
	at org.junit.runners.model.FrameworkMethod$1.runReflectiveCall(FrameworkMethod.java:44)
	at org.junit.internal.runners.model.ReflectiveCallable.run(ReflectiveCallable.java:15)
	at org.junit.runners.model.FrameworkMethod.invokeExplosively(FrameworkMethod.java:41)
	at org.junit.internal.runners.statements.InvokeMethod.evaluate(InvokeMethod.java:20)
	at org.junit.internal.runners.statements.ExpectException.evaluate(ExpectException.java:21)
	at org.junit.internal.runners.statements.RunBefores.evaluate(RunBefores.java:28)
	at org.junit.internal.runners.statements.RunAfters.evaluate(RunAfters.java:31)
	at org.junit.runners.BlockJUnit4ClassRunner.runNotIgnored(BlockJUnit4ClassRunner.java:79)
	at org.junit.runners.BlockJUnit4ClassRunner.runChild(BlockJUnit4ClassRunner.java:71)
	at org.junit.runners.BlockJUnit4ClassRunner.runChild(BlockJUnit4ClassRunner.java:49)
	at org.junit.runners.ParentRunner$3.run(ParentRunner.java:193)
	at org.junit.runners.ParentRunner$1.schedule(ParentRunner.java:52)
	at org.junit.runners.ParentRunner.runChildren(ParentRunner.java:191)
	at org.junit.runners.ParentRunner.access$000(ParentRunner.java:42)
	at org.junit.runners.ParentRunner$2.evaluate(ParentRunner.java:184)
	at org.junit.runners.ParentRunner.run(ParentRunner.java:236)
	at junit.framework.JUnit4TestAdapter.run(JUnit4TestAdapter.java:39)
	at junit.framework.TestSuite.runTest(TestSuite.java:243)
	at junit.framework.TestSuite.run(TestSuite.java:238)
	at junit.framework.TestSuite.runTest(TestSuite.java:243)
	at junit.framework.TestSuite.run(TestSuite.java:238)
	at org.apache.tools.ant.taskdefs.optional.junit.JUnitTestRunner.run(JUnitTestRunner.java:420)
	at org.apache.tools.ant.taskdefs.optional.junit.JUnitTestRunner.launch(JUnitTestRunner.java:911)
	at org.apache.tools.ant.taskdefs.optional.junit.JUnitTestRunner.main(JUnitTestRunner.java:768)

Entering method [com.topcoder.reliability.impl.persistence.DatabaseReliabilityDataPersistence.open()].
Exiting method [com.topcoder.reliability.impl.persistence.DatabaseReliabilityDataPersistence.open()], time spent in the method: 8 milliseconds.
Entering method [com.topcoder.reliability.impl.persistence.DatabaseReliabilityDataPersistence.getIdsOfUsersWithReliability(long projectCategoryId, Date startDate)].
Input parameters[projectCategoryId:1, startDate:null]
Error in method [com.topcoder.reliability.impl.persistence.DatabaseReliabilityDataPersistence.getIdsOfUsersWithReliability(long projectCategoryId, Date startDate)], details: IllegalArgumentException is thrown.
java.lang.IllegalArgumentException: 'startDate' should not be null.
	at com.topcoder.reliability.Helper.checkNull(Helper.java:131)
	at com.topcoder.reliability.impl.persistence.DatabaseReliabilityDataPersistence.getIdsOfUsersWithReliability(DatabaseReliabilityDataPersistence.java:328)
	at com.topcoder.reliability.failuretests.impl.persistence.DatabaseReliabilityDataPersistenceFailureTests.testGetIdsOfUsersWithReliabilityWithNullStartDate(DatabaseReliabilityDataPersistenceFailureTests.java:237)
	at sun.reflect.NativeMethodAccessorImpl.invoke0(Native Method)
	at sun.reflect.NativeMethodAccessorImpl.invoke(NativeMethodAccessorImpl.java:39)
	at sun.reflect.DelegatingMethodAccessorImpl.invoke(DelegatingMethodAccessorImpl.java:25)
	at java.lang.reflect.Method.invoke(Method.java:597)
	at org.junit.runners.model.FrameworkMethod$1.runReflectiveCall(FrameworkMethod.java:44)
	at org.junit.internal.runners.model.ReflectiveCallable.run(ReflectiveCallable.java:15)
	at org.junit.runners.model.FrameworkMethod.invokeExplosively(FrameworkMethod.java:41)
	at org.junit.internal.runners.statements.InvokeMethod.evaluate(InvokeMethod.java:20)
	at org.junit.internal.runners.statements.ExpectException.evaluate(ExpectException.java:21)
	at org.junit.internal.runners.statements.RunBefores.evaluate(RunBefores.java:28)
	at org.junit.internal.runners.statements.RunAfters.evaluate(RunAfters.java:31)
	at org.junit.runners.BlockJUnit4ClassRunner.runNotIgnored(BlockJUnit4ClassRunner.java:79)
	at org.junit.runners.BlockJUnit4ClassRunner.runChild(BlockJUnit4ClassRunner.java:71)
	at org.junit.runners.BlockJUnit4ClassRunner.runChild(BlockJUnit4ClassRunner.java:49)
	at org.junit.runners.ParentRunner$3.run(ParentRunner.java:193)
	at org.junit.runners.ParentRunner$1.schedule(ParentRunner.java:52)
	at org.junit.runners.ParentRunner.runChildren(ParentRunner.java:191)
	at org.junit.runners.ParentRunner.access$000(ParentRunner.java:42)
	at org.junit.runners.ParentRunner$2.evaluate(ParentRunner.java:184)
	at org.junit.runners.ParentRunner.run(ParentRunner.java:236)
	at junit.framework.JUnit4TestAdapter.run(JUnit4TestAdapter.java:39)
	at junit.framework.TestSuite.runTest(TestSuite.java:243)
	at junit.framework.TestSuite.run(TestSuite.java:238)
	at junit.framework.TestSuite.runTest(TestSuite.java:243)
	at junit.framework.TestSuite.run(TestSuite.java:238)
	at org.apache.tools.ant.taskdefs.optional.junit.JUnitTestRunner.run(JUnitTestRunner.java:420)
	at org.apache.tools.ant.taskdefs.optional.junit.JUnitTestRunner.launch(JUnitTestRunner.java:911)
	at org.apache.tools.ant.taskdefs.optional.junit.JUnitTestRunner.main(JUnitTestRunner.java:768)

Entering method [com.topcoder.reliability.impl.persistence.DatabaseReliabilityDataPersistence.getIdsOfUsersWithReliability(long projectCategoryId, Date startDate)].
Input parameters[projectCategoryId:1, startDate:Tue Dec 07 14:36:28 CST 2010]
Error in method [com.topcoder.reliability.impl.persistence.DatabaseReliabilityDataPersistence.getIdsOfUsersWithReliability(long projectCategoryId, Date startDate)], details: IllegalStateException is thrown.
java.lang.IllegalStateException: The connection is not opened.
	at com.topcoder.reliability.Helper.checkState(Helper.java:194)
	at com.topcoder.reliability.impl.persistence.DatabaseReliabilityDataPersistence.getIdsOfUsersWithReliability(DatabaseReliabilityDataPersistence.java:331)
	at com.topcoder.reliability.failuretests.impl.persistence.DatabaseReliabilityDataPersistenceFailureTests.testGetIdsOfUsersWithReliabilityWithoutOpen(DatabaseReliabilityDataPersistenceFailureTests.java:248)
	at sun.reflect.NativeMethodAccessorImpl.invoke0(Native Method)
	at sun.reflect.NativeMethodAccessorImpl.invoke(NativeMethodAccessorImpl.java:39)
	at sun.reflect.DelegatingMethodAccessorImpl.invoke(DelegatingMethodAccessorImpl.java:25)
	at java.lang.reflect.Method.invoke(Method.java:597)
	at org.junit.runners.model.FrameworkMethod$1.runReflectiveCall(FrameworkMethod.java:44)
	at org.junit.internal.runners.model.ReflectiveCallable.run(ReflectiveCallable.java:15)
	at org.junit.runners.model.FrameworkMethod.invokeExplosively(FrameworkMethod.java:41)
	at org.junit.internal.runners.statements.InvokeMethod.evaluate(InvokeMethod.java:20)
	at org.junit.internal.runners.statements.ExpectException.evaluate(ExpectException.java:21)
	at org.junit.internal.runners.statements.RunBefores.evaluate(RunBefores.java:28)
	at org.junit.internal.runners.statements.RunAfters.evaluate(RunAfters.java:31)
	at org.junit.runners.BlockJUnit4ClassRunner.runNotIgnored(BlockJUnit4ClassRunner.java:79)
	at org.junit.runners.BlockJUnit4ClassRunner.runChild(BlockJUnit4ClassRunner.java:71)
	at org.junit.runners.BlockJUnit4ClassRunner.runChild(BlockJUnit4ClassRunner.java:49)
	at org.junit.runners.ParentRunner$3.run(ParentRunner.java:193)
	at org.junit.runners.ParentRunner$1.schedule(ParentRunner.java:52)
	at org.junit.runners.ParentRunner.runChildren(ParentRunner.java:191)
	at org.junit.runners.ParentRunner.access$000(ParentRunner.java:42)
	at org.junit.runners.ParentRunner$2.evaluate(ParentRunner.java:184)
	at org.junit.runners.ParentRunner.run(ParentRunner.java:236)
	at junit.framework.JUnit4TestAdapter.run(JUnit4TestAdapter.java:39)
	at junit.framework.TestSuite.runTest(TestSuite.java:243)
	at junit.framework.TestSuite.run(TestSuite.java:238)
	at junit.framework.TestSuite.runTest(TestSuite.java:243)
	at junit.framework.TestSuite.run(TestSuite.java:238)
	at org.apache.tools.ant.taskdefs.optional.junit.JUnitTestRunner.run(JUnitTestRunner.java:420)
	at org.apache.tools.ant.taskdefs.optional.junit.JUnitTestRunner.launch(JUnitTestRunner.java:911)
	at org.apache.tools.ant.taskdefs.optional.junit.JUnitTestRunner.main(JUnitTestRunner.java:768)

Entering method [com.topcoder.reliability.impl.persistence.DatabaseReliabilityDataPersistence.open()].
Exiting method [com.topcoder.reliability.impl.persistence.DatabaseReliabilityDataPersistence.open()], time spent in the method: 9 milliseconds.
Entering method [com.topcoder.reliability.impl.persistence.DatabaseReliabilityDataPersistence.getIdsOfUsersWithReliability(long projectCategoryId, Date startDate)].
Input parameters[projectCategoryId:1, startDate:Tue Dec 07 14:36:28 CST 2010]
Error in method [com.topcoder.reliability.impl.persistence.DatabaseReliabilityDataPersistence.getIdsOfUsersWithReliability(long projectCategoryId, Date startDate)], details: ReliabilityDataPersistenceException is thrown when retrieving the IDs of users.
com.topcoder.reliability.impl.ReliabilityDataPersistenceException: A database access error occurred.
	at com.topcoder.reliability.impl.persistence.DatabaseReliabilityDataPersistence.getIdsOfUsersWithReliability(DatabaseReliabilityDataPersistence.java:370)
	at com.topcoder.reliability.failuretests.impl.persistence.DatabaseReliabilityDataPersistenceFailureTests.testGetIdsOfUsersWithReliabilityWithPersistenceError(DatabaseReliabilityDataPersistenceFailureTests.java:263)
	at sun.reflect.NativeMethodAccessorImpl.invoke0(Native Method)
	at sun.reflect.NativeMethodAccessorImpl.invoke(NativeMethodAccessorImpl.java:39)
	at sun.reflect.DelegatingMethodAccessorImpl.invoke(DelegatingMethodAccessorImpl.java:25)
	at java.lang.reflect.Method.invoke(Method.java:597)
	at org.junit.runners.model.FrameworkMethod$1.runReflectiveCall(FrameworkMethod.java:44)
	at org.junit.internal.runners.model.ReflectiveCallable.run(ReflectiveCallable.java:15)
	at org.junit.runners.model.FrameworkMethod.invokeExplosively(FrameworkMethod.java:41)
	at org.junit.internal.runners.statements.InvokeMethod.evaluate(InvokeMethod.java:20)
	at org.junit.internal.runners.statements.ExpectException.evaluate(ExpectException.java:21)
	at org.junit.internal.runners.statements.RunBefores.evaluate(RunBefores.java:28)
	at org.junit.internal.runners.statements.RunAfters.evaluate(RunAfters.java:31)
	at org.junit.runners.BlockJUnit4ClassRunner.runNotIgnored(BlockJUnit4ClassRunner.java:79)
	at org.junit.runners.BlockJUnit4ClassRunner.runChild(BlockJUnit4ClassRunner.java:71)
	at org.junit.runners.BlockJUnit4ClassRunner.runChild(BlockJUnit4ClassRunner.java:49)
	at org.junit.runners.ParentRunner$3.run(ParentRunner.java:193)
	at org.junit.runners.ParentRunner$1.schedule(ParentRunner.java:52)
	at org.junit.runners.ParentRunner.runChildren(ParentRunner.java:191)
	at org.junit.runners.ParentRunner.access$000(ParentRunner.java:42)
	at org.junit.runners.ParentRunner$2.evaluate(ParentRunner.java:184)
	at org.junit.runners.ParentRunner.run(ParentRunner.java:236)
	at junit.framework.JUnit4TestAdapter.run(JUnit4TestAdapter.java:39)
	at junit.framework.TestSuite.runTest(TestSuite.java:243)
	at junit.framework.TestSuite.run(TestSuite.java:238)
	at junit.framework.TestSuite.runTest(TestSuite.java:243)
	at junit.framework.TestSuite.run(TestSuite.java:238)
	at org.apache.tools.ant.taskdefs.optional.junit.JUnitTestRunner.run(JUnitTestRunner.java:420)
	at org.apache.tools.ant.taskdefs.optional.junit.JUnitTestRunner.launch(JUnitTestRunner.java:911)
	at org.apache.tools.ant.taskdefs.optional.junit.JUnitTestRunner.main(JUnitTestRunner.java:768)
Caused by: java.sql.SQLException: Connection not established
	at com.informix.util.IfxErrMsg.getSQLException(IfxErrMsg.java:413)
	at com.informix.jdbc.IfxSqliConnect.h(IfxSqliConnect.java:6588)
	at com.informix.jdbc.IfxSqliConnect.prepareStatement(IfxSqliConnect.java:2396)
	at com.topcoder.reliability.impl.persistence.DatabaseReliabilityDataPersistence.getIdsOfUsersWithReliability(DatabaseReliabilityDataPersistence.java:334)
	... 29 more

Entering method [com.topcoder.reliability.impl.persistence.DatabaseReliabilityDataPersistence.open()].
Exiting method [com.topcoder.reliability.impl.persistence.DatabaseReliabilityDataPersistence.open()], time spent in the method: 8 milliseconds.
Entering method [com.topcoder.reliability.impl.persistence.DatabaseReliabilityDataPersistence.getUserParticipationData(long userId, long projectCategoryId, Date startDate)].
Input parameters[userId:1, projectCategoryId:0, startDate:Tue Dec 07 14:36:28 CST 2010]
Error in method [com.topcoder.reliability.impl.persistence.DatabaseReliabilityDataPersistence.getUserParticipationData(long userId, long projectCategoryId, Date startDate)], details: IllegalArgumentException is thrown.
java.lang.IllegalArgumentException: 'projectCategoryId' should be positive.
	at com.topcoder.reliability.Helper.checkPositive(Helper.java:150)
	at com.topcoder.reliability.impl.persistence.DatabaseReliabilityDataPersistence.getUserParticipationData(DatabaseReliabilityDataPersistence.java:412)
	at com.topcoder.reliability.failuretests.impl.persistence.DatabaseReliabilityDataPersistenceFailureTests.testGetUserParticipationDataWithZeroProjectCategoryId(DatabaseReliabilityDataPersistenceFailureTests.java:276)
	at sun.reflect.NativeMethodAccessorImpl.invoke0(Native Method)
	at sun.reflect.NativeMethodAccessorImpl.invoke(NativeMethodAccessorImpl.java:39)
	at sun.reflect.DelegatingMethodAccessorImpl.invoke(DelegatingMethodAccessorImpl.java:25)
	at java.lang.reflect.Method.invoke(Method.java:597)
	at org.junit.runners.model.FrameworkMethod$1.runReflectiveCall(FrameworkMethod.java:44)
	at org.junit.internal.runners.model.ReflectiveCallable.run(ReflectiveCallable.java:15)
	at org.junit.runners.model.FrameworkMethod.invokeExplosively(FrameworkMethod.java:41)
	at org.junit.internal.runners.statements.InvokeMethod.evaluate(InvokeMethod.java:20)
	at org.junit.internal.runners.statements.ExpectException.evaluate(ExpectException.java:21)
	at org.junit.internal.runners.statements.RunBefores.evaluate(RunBefores.java:28)
	at org.junit.internal.runners.statements.RunAfters.evaluate(RunAfters.java:31)
	at org.junit.runners.BlockJUnit4ClassRunner.runNotIgnored(BlockJUnit4ClassRunner.java:79)
	at org.junit.runners.BlockJUnit4ClassRunner.runChild(BlockJUnit4ClassRunner.java:71)
	at org.junit.runners.BlockJUnit4ClassRunner.runChild(BlockJUnit4ClassRunner.java:49)
	at org.junit.runners.ParentRunner$3.run(ParentRunner.java:193)
	at org.junit.runners.ParentRunner$1.schedule(ParentRunner.java:52)
	at org.junit.runners.ParentRunner.runChildren(ParentRunner.java:191)
	at org.junit.runners.ParentRunner.access$000(ParentRunner.java:42)
	at org.junit.runners.ParentRunner$2.evaluate(ParentRunner.java:184)
	at org.junit.runners.ParentRunner.run(ParentRunner.java:236)
	at junit.framework.JUnit4TestAdapter.run(JUnit4TestAdapter.java:39)
	at junit.framework.TestSuite.runTest(TestSuite.java:243)
	at junit.framework.TestSuite.run(TestSuite.java:238)
	at junit.framework.TestSuite.runTest(TestSuite.java:243)
	at junit.framework.TestSuite.run(TestSuite.java:238)
	at org.apache.tools.ant.taskdefs.optional.junit.JUnitTestRunner.run(JUnitTestRunner.java:420)
	at org.apache.tools.ant.taskdefs.optional.junit.JUnitTestRunner.launch(JUnitTestRunner.java:911)
	at org.apache.tools.ant.taskdefs.optional.junit.JUnitTestRunner.main(JUnitTestRunner.java:768)

Entering method [com.topcoder.reliability.impl.persistence.DatabaseReliabilityDataPersistence.open()].
Exiting method [com.topcoder.reliability.impl.persistence.DatabaseReliabilityDataPersistence.open()], time spent in the method: 9 milliseconds.
Entering method [com.topcoder.reliability.impl.persistence.DatabaseReliabilityDataPersistence.getUserParticipationData(long userId, long projectCategoryId, Date startDate)].
Input parameters[userId:1, projectCategoryId:-1, startDate:Tue Dec 07 14:36:28 CST 2010]
Error in method [com.topcoder.reliability.impl.persistence.DatabaseReliabilityDataPersistence.getUserParticipationData(long userId, long projectCategoryId, Date startDate)], details: IllegalArgumentException is thrown.
java.lang.IllegalArgumentException: 'projectCategoryId' should be positive.
	at com.topcoder.reliability.Helper.checkPositive(Helper.java:150)
	at com.topcoder.reliability.impl.persistence.DatabaseReliabilityDataPersistence.getUserParticipationData(DatabaseReliabilityDataPersistence.java:412)
	at com.topcoder.reliability.failuretests.impl.persistence.DatabaseReliabilityDataPersistenceFailureTests.testGetUserParticipationDataWithNegativeProjectCategoryId(DatabaseReliabilityDataPersistenceFailureTests.java:289)
	at sun.reflect.NativeMethodAccessorImpl.invoke0(Native Method)
	at sun.reflect.NativeMethodAccessorImpl.invoke(NativeMethodAccessorImpl.java:39)
	at sun.reflect.DelegatingMethodAccessorImpl.invoke(DelegatingMethodAccessorImpl.java:25)
	at java.lang.reflect.Method.invoke(Method.java:597)
	at org.junit.runners.model.FrameworkMethod$1.runReflectiveCall(FrameworkMethod.java:44)
	at org.junit.internal.runners.model.ReflectiveCallable.run(ReflectiveCallable.java:15)
	at org.junit.runners.model.FrameworkMethod.invokeExplosively(FrameworkMethod.java:41)
	at org.junit.internal.runners.statements.InvokeMethod.evaluate(InvokeMethod.java:20)
	at org.junit.internal.runners.statements.ExpectException.evaluate(ExpectException.java:21)
	at org.junit.internal.runners.statements.RunBefores.evaluate(RunBefores.java:28)
	at org.junit.internal.runners.statements.RunAfters.evaluate(RunAfters.java:31)
	at org.junit.runners.BlockJUnit4ClassRunner.runNotIgnored(BlockJUnit4ClassRunner.java:79)
	at org.junit.runners.BlockJUnit4ClassRunner.runChild(BlockJUnit4ClassRunner.java:71)
	at org.junit.runners.BlockJUnit4ClassRunner.runChild(BlockJUnit4ClassRunner.java:49)
	at org.junit.runners.ParentRunner$3.run(ParentRunner.java:193)
	at org.junit.runners.ParentRunner$1.schedule(ParentRunner.java:52)
	at org.junit.runners.ParentRunner.runChildren(ParentRunner.java:191)
	at org.junit.runners.ParentRunner.access$000(ParentRunner.java:42)
	at org.junit.runners.ParentRunner$2.evaluate(ParentRunner.java:184)
	at org.junit.runners.ParentRunner.run(ParentRunner.java:236)
	at junit.framework.JUnit4TestAdapter.run(JUnit4TestAdapter.java:39)
	at junit.framework.TestSuite.runTest(TestSuite.java:243)
	at junit.framework.TestSuite.run(TestSuite.java:238)
	at junit.framework.TestSuite.runTest(TestSuite.java:243)
	at junit.framework.TestSuite.run(TestSuite.java:238)
	at org.apache.tools.ant.taskdefs.optional.junit.JUnitTestRunner.run(JUnitTestRunner.java:420)
	at org.apache.tools.ant.taskdefs.optional.junit.JUnitTestRunner.launch(JUnitTestRunner.java:911)
	at org.apache.tools.ant.taskdefs.optional.junit.JUnitTestRunner.main(JUnitTestRunner.java:768)

Entering method [com.topcoder.reliability.impl.persistence.DatabaseReliabilityDataPersistence.open()].
Exiting method [com.topcoder.reliability.impl.persistence.DatabaseReliabilityDataPersistence.open()], time spent in the method: 9 milliseconds.
Entering method [com.topcoder.reliability.impl.persistence.DatabaseReliabilityDataPersistence.getUserParticipationData(long userId, long projectCategoryId, Date startDate)].
Input parameters[userId:0, projectCategoryId:1, startDate:Tue Dec 07 14:36:28 CST 2010]
Error in method [com.topcoder.reliability.impl.persistence.DatabaseReliabilityDataPersistence.getUserParticipationData(long userId, long projectCategoryId, Date startDate)], details: IllegalArgumentException is thrown.
java.lang.IllegalArgumentException: 'userId' should be positive.
	at com.topcoder.reliability.Helper.checkPositive(Helper.java:150)
	at com.topcoder.reliability.impl.persistence.DatabaseReliabilityDataPersistence.getUserParticipationData(DatabaseReliabilityDataPersistence.java:411)
	at com.topcoder.reliability.failuretests.impl.persistence.DatabaseReliabilityDataPersistenceFailureTests.testGetUserParticipationDataWithZeroUserId(DatabaseReliabilityDataPersistenceFailureTests.java:302)
	at sun.reflect.NativeMethodAccessorImpl.invoke0(Native Method)
	at sun.reflect.NativeMethodAccessorImpl.invoke(NativeMethodAccessorImpl.java:39)
	at sun.reflect.DelegatingMethodAccessorImpl.invoke(DelegatingMethodAccessorImpl.java:25)
	at java.lang.reflect.Method.invoke(Method.java:597)
	at org.junit.runners.model.FrameworkMethod$1.runReflectiveCall(FrameworkMethod.java:44)
	at org.junit.internal.runners.model.ReflectiveCallable.run(ReflectiveCallable.java:15)
	at org.junit.runners.model.FrameworkMethod.invokeExplosively(FrameworkMethod.java:41)
	at org.junit.internal.runners.statements.InvokeMethod.evaluate(InvokeMethod.java:20)
	at org.junit.internal.runners.statements.ExpectException.evaluate(ExpectException.java:21)
	at org.junit.internal.runners.statements.RunBefores.evaluate(RunBefores.java:28)
	at org.junit.internal.runners.statements.RunAfters.evaluate(RunAfters.java:31)
	at org.junit.runners.BlockJUnit4ClassRunner.runNotIgnored(BlockJUnit4ClassRunner.java:79)
	at org.junit.runners.BlockJUnit4ClassRunner.runChild(BlockJUnit4ClassRunner.java:71)
	at org.junit.runners.BlockJUnit4ClassRunner.runChild(BlockJUnit4ClassRunner.java:49)
	at org.junit.runners.ParentRunner$3.run(ParentRunner.java:193)
	at org.junit.runners.ParentRunner$1.schedule(ParentRunner.java:52)
	at org.junit.runners.ParentRunner.runChildren(ParentRunner.java:191)
	at org.junit.runners.ParentRunner.access$000(ParentRunner.java:42)
	at org.junit.runners.ParentRunner$2.evaluate(ParentRunner.java:184)
	at org.junit.runners.ParentRunner.run(ParentRunner.java:236)
	at junit.framework.JUnit4TestAdapter.run(JUnit4TestAdapter.java:39)
	at junit.framework.TestSuite.runTest(TestSuite.java:243)
	at junit.framework.TestSuite.run(TestSuite.java:238)
	at junit.framework.TestSuite.runTest(TestSuite.java:243)
	at junit.framework.TestSuite.run(TestSuite.java:238)
	at org.apache.tools.ant.taskdefs.optional.junit.JUnitTestRunner.run(JUnitTestRunner.java:420)
	at org.apache.tools.ant.taskdefs.optional.junit.JUnitTestRunner.launch(JUnitTestRunner.java:911)
	at org.apache.tools.ant.taskdefs.optional.junit.JUnitTestRunner.main(JUnitTestRunner.java:768)

Entering method [com.topcoder.reliability.impl.persistence.DatabaseReliabilityDataPersistence.open()].
Exiting method [com.topcoder.reliability.impl.persistence.DatabaseReliabilityDataPersistence.open()], time spent in the method: 9 milliseconds.
Entering method [com.topcoder.reliability.impl.persistence.DatabaseReliabilityDataPersistence.getUserParticipationData(long userId, long projectCategoryId, Date startDate)].
Input parameters[userId:-1, projectCategoryId:1, startDate:Tue Dec 07 14:36:28 CST 2010]
Error in method [com.topcoder.reliability.impl.persistence.DatabaseReliabilityDataPersistence.getUserParticipationData(long userId, long projectCategoryId, Date startDate)], details: IllegalArgumentException is thrown.
java.lang.IllegalArgumentException: 'userId' should be positive.
	at com.topcoder.reliability.Helper.checkPositive(Helper.java:150)
	at com.topcoder.reliability.impl.persistence.DatabaseReliabilityDataPersistence.getUserParticipationData(DatabaseReliabilityDataPersistence.java:411)
	at com.topcoder.reliability.failuretests.impl.persistence.DatabaseReliabilityDataPersistenceFailureTests.testGetUserParticipationDataWithNegativeUserId(DatabaseReliabilityDataPersistenceFailureTests.java:315)
	at sun.reflect.NativeMethodAccessorImpl.invoke0(Native Method)
	at sun.reflect.NativeMethodAccessorImpl.invoke(NativeMethodAccessorImpl.java:39)
	at sun.reflect.DelegatingMethodAccessorImpl.invoke(DelegatingMethodAccessorImpl.java:25)
	at java.lang.reflect.Method.invoke(Method.java:597)
	at org.junit.runners.model.FrameworkMethod$1.runReflectiveCall(FrameworkMethod.java:44)
	at org.junit.internal.runners.model.ReflectiveCallable.run(ReflectiveCallable.java:15)
	at org.junit.runners.model.FrameworkMethod.invokeExplosively(FrameworkMethod.java:41)
	at org.junit.internal.runners.statements.InvokeMethod.evaluate(InvokeMethod.java:20)
	at org.junit.internal.runners.statements.ExpectException.evaluate(ExpectException.java:21)
	at org.junit.internal.runners.statements.RunBefores.evaluate(RunBefores.java:28)
	at org.junit.internal.runners.statements.RunAfters.evaluate(RunAfters.java:31)
	at org.junit.runners.BlockJUnit4ClassRunner.runNotIgnored(BlockJUnit4ClassRunner.java:79)
	at org.junit.runners.BlockJUnit4ClassRunner.runChild(BlockJUnit4ClassRunner.java:71)
	at org.junit.runners.BlockJUnit4ClassRunner.runChild(BlockJUnit4ClassRunner.java:49)
	at org.junit.runners.ParentRunner$3.run(ParentRunner.java:193)
	at org.junit.runners.ParentRunner$1.schedule(ParentRunner.java:52)
	at org.junit.runners.ParentRunner.runChildren(ParentRunner.java:191)
	at org.junit.runners.ParentRunner.access$000(ParentRunner.java:42)
	at org.junit.runners.ParentRunner$2.evaluate(ParentRunner.java:184)
	at org.junit.runners.ParentRunner.run(ParentRunner.java:236)
	at junit.framework.JUnit4TestAdapter.run(JUnit4TestAdapter.java:39)
	at junit.framework.TestSuite.runTest(TestSuite.java:243)
	at junit.framework.TestSuite.run(TestSuite.java:238)
	at junit.framework.TestSuite.runTest(TestSuite.java:243)
	at junit.framework.TestSuite.run(TestSuite.java:238)
	at org.apache.tools.ant.taskdefs.optional.junit.JUnitTestRunner.run(JUnitTestRunner.java:420)
	at org.apache.tools.ant.taskdefs.optional.junit.JUnitTestRunner.launch(JUnitTestRunner.java:911)
	at org.apache.tools.ant.taskdefs.optional.junit.JUnitTestRunner.main(JUnitTestRunner.java:768)

Entering method [com.topcoder.reliability.impl.persistence.DatabaseReliabilityDataPersistence.open()].
Exiting method [com.topcoder.reliability.impl.persistence.DatabaseReliabilityDataPersistence.open()], time spent in the method: 8 milliseconds.
Entering method [com.topcoder.reliability.impl.persistence.DatabaseReliabilityDataPersistence.getUserParticipationData(long userId, long projectCategoryId, Date startDate)].
Input parameters[userId:1, projectCategoryId:1, startDate:null]
Error in method [com.topcoder.reliability.impl.persistence.DatabaseReliabilityDataPersistence.getUserParticipationData(long userId, long projectCategoryId, Date startDate)], details: IllegalArgumentException is thrown.
java.lang.IllegalArgumentException: 'startDate' should not be null.
	at com.topcoder.reliability.Helper.checkNull(Helper.java:131)
	at com.topcoder.reliability.impl.persistence.DatabaseReliabilityDataPersistence.getUserParticipationData(DatabaseReliabilityDataPersistence.java:413)
	at com.topcoder.reliability.failuretests.impl.persistence.DatabaseReliabilityDataPersistenceFailureTests.testGetUserParticipationDataWithNullStartDate(DatabaseReliabilityDataPersistenceFailureTests.java:328)
	at sun.reflect.NativeMethodAccessorImpl.invoke0(Native Method)
	at sun.reflect.NativeMethodAccessorImpl.invoke(NativeMethodAccessorImpl.java:39)
	at sun.reflect.DelegatingMethodAccessorImpl.invoke(DelegatingMethodAccessorImpl.java:25)
	at java.lang.reflect.Method.invoke(Method.java:597)
	at org.junit.runners.model.FrameworkMethod$1.runReflectiveCall(FrameworkMethod.java:44)
	at org.junit.internal.runners.model.ReflectiveCallable.run(ReflectiveCallable.java:15)
	at org.junit.runners.model.FrameworkMethod.invokeExplosively(FrameworkMethod.java:41)
	at org.junit.internal.runners.statements.InvokeMethod.evaluate(InvokeMethod.java:20)
	at org.junit.internal.runners.statements.ExpectException.evaluate(ExpectException.java:21)
	at org.junit.internal.runners.statements.RunBefores.evaluate(RunBefores.java:28)
	at org.junit.internal.runners.statements.RunAfters.evaluate(RunAfters.java:31)
	at org.junit.runners.BlockJUnit4ClassRunner.runNotIgnored(BlockJUnit4ClassRunner.java:79)
	at org.junit.runners.BlockJUnit4ClassRunner.runChild(BlockJUnit4ClassRunner.java:71)
	at org.junit.runners.BlockJUnit4ClassRunner.runChild(BlockJUnit4ClassRunner.java:49)
	at org.junit.runners.ParentRunner$3.run(ParentRunner.java:193)
	at org.junit.runners.ParentRunner$1.schedule(ParentRunner.java:52)
	at org.junit.runners.ParentRunner.runChildren(ParentRunner.java:191)
	at org.junit.runners.ParentRunner.access$000(ParentRunner.java:42)
	at org.junit.runners.ParentRunner$2.evaluate(ParentRunner.java:184)
	at org.junit.runners.ParentRunner.run(ParentRunner.java:236)
	at junit.framework.JUnit4TestAdapter.run(JUnit4TestAdapter.java:39)
	at junit.framework.TestSuite.runTest(TestSuite.java:243)
	at junit.framework.TestSuite.run(TestSuite.java:238)
	at junit.framework.TestSuite.runTest(TestSuite.java:243)
	at junit.framework.TestSuite.run(TestSuite.java:238)
	at org.apache.tools.ant.taskdefs.optional.junit.JUnitTestRunner.run(JUnitTestRunner.java:420)
	at org.apache.tools.ant.taskdefs.optional.junit.JUnitTestRunner.launch(JUnitTestRunner.java:911)
	at org.apache.tools.ant.taskdefs.optional.junit.JUnitTestRunner.main(JUnitTestRunner.java:768)

Entering method [com.topcoder.reliability.impl.persistence.DatabaseReliabilityDataPersistence.getUserParticipationData(long userId, long projectCategoryId, Date startDate)].
Input parameters[userId:1, projectCategoryId:1, startDate:Tue Dec 07 14:36:28 CST 2010]
Error in method [com.topcoder.reliability.impl.persistence.DatabaseReliabilityDataPersistence.getUserParticipationData(long userId, long projectCategoryId, Date startDate)], details: IllegalStateException is thrown.
java.lang.IllegalStateException: The connection is not opened.
	at com.topcoder.reliability.Helper.checkState(Helper.java:194)
	at com.topcoder.reliability.impl.persistence.DatabaseReliabilityDataPersistence.getUserParticipationData(DatabaseReliabilityDataPersistence.java:416)
	at com.topcoder.reliability.failuretests.impl.persistence.DatabaseReliabilityDataPersistenceFailureTests.testGetUserParticipationDataWithoutOpen(DatabaseReliabilityDataPersistenceFailureTests.java:339)
	at sun.reflect.NativeMethodAccessorImpl.invoke0(Native Method)
	at sun.reflect.NativeMethodAccessorImpl.invoke(NativeMethodAccessorImpl.java:39)
	at sun.reflect.DelegatingMethodAccessorImpl.invoke(DelegatingMethodAccessorImpl.java:25)
	at java.lang.reflect.Method.invoke(Method.java:597)
	at org.junit.runners.model.FrameworkMethod$1.runReflectiveCall(FrameworkMethod.java:44)
	at org.junit.internal.runners.model.ReflectiveCallable.run(ReflectiveCallable.java:15)
	at org.junit.runners.model.FrameworkMethod.invokeExplosively(FrameworkMethod.java:41)
	at org.junit.internal.runners.statements.InvokeMethod.evaluate(InvokeMethod.java:20)
	at org.junit.internal.runners.statements.ExpectException.evaluate(ExpectException.java:21)
	at org.junit.internal.runners.statements.RunBefores.evaluate(RunBefores.java:28)
	at org.junit.internal.runners.statements.RunAfters.evaluate(RunAfters.java:31)
	at org.junit.runners.BlockJUnit4ClassRunner.runNotIgnored(BlockJUnit4ClassRunner.java:79)
	at org.junit.runners.BlockJUnit4ClassRunner.runChild(BlockJUnit4ClassRunner.java:71)
	at org.junit.runners.BlockJUnit4ClassRunner.runChild(BlockJUnit4ClassRunner.java:49)
	at org.junit.runners.ParentRunner$3.run(ParentRunner.java:193)
	at org.junit.runners.ParentRunner$1.schedule(ParentRunner.java:52)
	at org.junit.runners.ParentRunner.runChildren(ParentRunner.java:191)
	at org.junit.runners.ParentRunner.access$000(ParentRunner.java:42)
	at org.junit.runners.ParentRunner$2.evaluate(ParentRunner.java:184)
	at org.junit.runners.ParentRunner.run(ParentRunner.java:236)
	at junit.framework.JUnit4TestAdapter.run(JUnit4TestAdapter.java:39)
	at junit.framework.TestSuite.runTest(TestSuite.java:243)
	at junit.framework.TestSuite.run(TestSuite.java:238)
	at junit.framework.TestSuite.runTest(TestSuite.java:243)
	at junit.framework.TestSuite.run(TestSuite.java:238)
	at org.apache.tools.ant.taskdefs.optional.junit.JUnitTestRunner.run(JUnitTestRunner.java:420)
	at org.apache.tools.ant.taskdefs.optional.junit.JUnitTestRunner.launch(JUnitTestRunner.java:911)
	at org.apache.tools.ant.taskdefs.optional.junit.JUnitTestRunner.main(JUnitTestRunner.java:768)

Entering method [com.topcoder.reliability.impl.persistence.DatabaseReliabilityDataPersistence.open()].
Exiting method [com.topcoder.reliability.impl.persistence.DatabaseReliabilityDataPersistence.open()], time spent in the method: 9 milliseconds.
Entering method [com.topcoder.reliability.impl.persistence.DatabaseReliabilityDataPersistence.getUserParticipationData(long userId, long projectCategoryId, Date startDate)].
Input parameters[userId:1, projectCategoryId:1, startDate:Tue Dec 07 14:36:28 CST 2010]
Error in method [com.topcoder.reliability.impl.persistence.DatabaseReliabilityDataPersistence.getUserParticipationData(long userId, long projectCategoryId, Date startDate)], details: ReliabilityDataPersistenceException is thrown when retrieving the IDs of users.
com.topcoder.reliability.impl.ReliabilityDataPersistenceException: A database access error occurred.
	at com.topcoder.reliability.impl.persistence.DatabaseReliabilityDataPersistence.getUserParticipationData(DatabaseReliabilityDataPersistence.java:458)
	at com.topcoder.reliability.failuretests.impl.persistence.DatabaseReliabilityDataPersistenceFailureTests.testGetUserParticipationDataWithPersistenceError(DatabaseReliabilityDataPersistenceFailureTests.java:354)
	at sun.reflect.NativeMethodAccessorImpl.invoke0(Native Method)
	at sun.reflect.NativeMethodAccessorImpl.invoke(NativeMethodAccessorImpl.java:39)
	at sun.reflect.DelegatingMethodAccessorImpl.invoke(DelegatingMethodAccessorImpl.java:25)
	at java.lang.reflect.Method.invoke(Method.java:597)
	at org.junit.runners.model.FrameworkMethod$1.runReflectiveCall(FrameworkMethod.java:44)
	at org.junit.internal.runners.model.ReflectiveCallable.run(ReflectiveCallable.java:15)
	at org.junit.runners.model.FrameworkMethod.invokeExplosively(FrameworkMethod.java:41)
	at org.junit.internal.runners.statements.InvokeMethod.evaluate(InvokeMethod.java:20)
	at org.junit.internal.runners.statements.ExpectException.evaluate(ExpectException.java:21)
	at org.junit.internal.runners.statements.RunBefores.evaluate(RunBefores.java:28)
	at org.junit.internal.runners.statements.RunAfters.evaluate(RunAfters.java:31)
	at org.junit.runners.BlockJUnit4ClassRunner.runNotIgnored(BlockJUnit4ClassRunner.java:79)
	at org.junit.runners.BlockJUnit4ClassRunner.runChild(BlockJUnit4ClassRunner.java:71)
	at org.junit.runners.BlockJUnit4ClassRunner.runChild(BlockJUnit4ClassRunner.java:49)
	at org.junit.runners.ParentRunner$3.run(ParentRunner.java:193)
	at org.junit.runners.ParentRunner$1.schedule(ParentRunner.java:52)
	at org.junit.runners.ParentRunner.runChildren(ParentRunner.java:191)
	at org.junit.runners.ParentRunner.access$000(ParentRunner.java:42)
	at org.junit.runners.ParentRunner$2.evaluate(ParentRunner.java:184)
	at org.junit.runners.ParentRunner.run(ParentRunner.java:236)
	at junit.framework.JUnit4TestAdapter.run(JUnit4TestAdapter.java:39)
	at junit.framework.TestSuite.runTest(TestSuite.java:243)
	at junit.framework.TestSuite.run(TestSuite.java:238)
	at junit.framework.TestSuite.runTest(TestSuite.java:243)
	at junit.framework.TestSuite.run(TestSuite.java:238)
	at org.apache.tools.ant.taskdefs.optional.junit.JUnitTestRunner.run(JUnitTestRunner.java:420)
	at org.apache.tools.ant.taskdefs.optional.junit.JUnitTestRunner.launch(JUnitTestRunner.java:911)
	at org.apache.tools.ant.taskdefs.optional.junit.JUnitTestRunner.main(JUnitTestRunner.java:768)
Caused by: java.sql.SQLException: Connection not established
	at com.informix.util.IfxErrMsg.getSQLException(IfxErrMsg.java:413)
	at com.informix.jdbc.IfxSqliConnect.h(IfxSqliConnect.java:6588)
	at com.informix.jdbc.IfxSqliConnect.prepareStatement(IfxSqliConnect.java:2396)
	at com.topcoder.reliability.impl.persistence.DatabaseReliabilityDataPersistence.getUserParticipationData(DatabaseReliabilityDataPersistence.java:419)
	... 29 more

Entering method [com.topcoder.reliability.impl.persistence.DatabaseReliabilityDataPersistence.open()].
Exiting method [com.topcoder.reliability.impl.persistence.DatabaseReliabilityDataPersistence.open()], time spent in the method: 9 milliseconds.
Entering method [com.topcoder.reliability.impl.persistence.DatabaseReliabilityDataPersistence.updateCurrentUserReliability(long userId, long projectCategoryId, double reliability)].
Input parameters[userId:1, projectCategoryId:0, reliability:0.5]
Error in method [com.topcoder.reliability.impl.persistence.DatabaseReliabilityDataPersistence.updateCurrentUserReliability(long userId, long projectCategoryId, double reliability)], details: IllegalArgumentException is thrown.
java.lang.IllegalArgumentException: 'projectCategoryId' should be positive.
	at com.topcoder.reliability.Helper.checkPositive(Helper.java:150)
	at com.topcoder.reliability.impl.persistence.DatabaseReliabilityDataPersistence.updateCurrentUserReliability(DatabaseReliabilityDataPersistence.java:589)
	at com.topcoder.reliability.failuretests.impl.persistence.DatabaseReliabilityDataPersistenceFailureTests.testUpdateCurrentUserReliabilityWithZeroProjectCategoryId(DatabaseReliabilityDataPersistenceFailureTests.java:367)
	at sun.reflect.NativeMethodAccessorImpl.invoke0(Native Method)
	at sun.reflect.NativeMethodAccessorImpl.invoke(NativeMethodAccessorImpl.java:39)
	at sun.reflect.DelegatingMethodAccessorImpl.invoke(DelegatingMethodAccessorImpl.java:25)
	at java.lang.reflect.Method.invoke(Method.java:597)
	at org.junit.runners.model.FrameworkMethod$1.runReflectiveCall(FrameworkMethod.java:44)
	at org.junit.internal.runners.model.ReflectiveCallable.run(ReflectiveCallable.java:15)
	at org.junit.runners.model.FrameworkMethod.invokeExplosively(FrameworkMethod.java:41)
	at org.junit.internal.runners.statements.InvokeMethod.evaluate(InvokeMethod.java:20)
	at org.junit.internal.runners.statements.ExpectException.evaluate(ExpectException.java:21)
	at org.junit.internal.runners.statements.RunBefores.evaluate(RunBefores.java:28)
	at org.junit.internal.runners.statements.RunAfters.evaluate(RunAfters.java:31)
	at org.junit.runners.BlockJUnit4ClassRunner.runNotIgnored(BlockJUnit4ClassRunner.java:79)
	at org.junit.runners.BlockJUnit4ClassRunner.runChild(BlockJUnit4ClassRunner.java:71)
	at org.junit.runners.BlockJUnit4ClassRunner.runChild(BlockJUnit4ClassRunner.java:49)
	at org.junit.runners.ParentRunner$3.run(ParentRunner.java:193)
	at org.junit.runners.ParentRunner$1.schedule(ParentRunner.java:52)
	at org.junit.runners.ParentRunner.runChildren(ParentRunner.java:191)
	at org.junit.runners.ParentRunner.access$000(ParentRunner.java:42)
	at org.junit.runners.ParentRunner$2.evaluate(ParentRunner.java:184)
	at org.junit.runners.ParentRunner.run(ParentRunner.java:236)
	at junit.framework.JUnit4TestAdapter.run(JUnit4TestAdapter.java:39)
	at junit.framework.TestSuite.runTest(TestSuite.java:243)
	at junit.framework.TestSuite.run(TestSuite.java:238)
	at junit.framework.TestSuite.runTest(TestSuite.java:243)
	at junit.framework.TestSuite.run(TestSuite.java:238)
	at org.apache.tools.ant.taskdefs.optional.junit.JUnitTestRunner.run(JUnitTestRunner.java:420)
	at org.apache.tools.ant.taskdefs.optional.junit.JUnitTestRunner.launch(JUnitTestRunner.java:911)
	at org.apache.tools.ant.taskdefs.optional.junit.JUnitTestRunner.main(JUnitTestRunner.java:768)

Entering method [com.topcoder.reliability.impl.persistence.DatabaseReliabilityDataPersistence.open()].
Exiting method [com.topcoder.reliability.impl.persistence.DatabaseReliabilityDataPersistence.open()], time spent in the method: 9 milliseconds.
Entering method [com.topcoder.reliability.impl.persistence.DatabaseReliabilityDataPersistence.updateCurrentUserReliability(long userId, long projectCategoryId, double reliability)].
Input parameters[userId:1, projectCategoryId:-1, reliability:0.5]
Error in method [com.topcoder.reliability.impl.persistence.DatabaseReliabilityDataPersistence.updateCurrentUserReliability(long userId, long projectCategoryId, double reliability)], details: IllegalArgumentException is thrown.
java.lang.IllegalArgumentException: 'projectCategoryId' should be positive.
	at com.topcoder.reliability.Helper.checkPositive(Helper.java:150)
	at com.topcoder.reliability.impl.persistence.DatabaseReliabilityDataPersistence.updateCurrentUserReliability(DatabaseReliabilityDataPersistence.java:589)
	at com.topcoder.reliability.failuretests.impl.persistence.DatabaseReliabilityDataPersistenceFailureTests.testUpdateCurrentUserReliabilityWithNegativeProjectCategoryId(DatabaseReliabilityDataPersistenceFailureTests.java:380)
	at sun.reflect.NativeMethodAccessorImpl.invoke0(Native Method)
	at sun.reflect.NativeMethodAccessorImpl.invoke(NativeMethodAccessorImpl.java:39)
	at sun.reflect.DelegatingMethodAccessorImpl.invoke(DelegatingMethodAccessorImpl.java:25)
	at java.lang.reflect.Method.invoke(Method.java:597)
	at org.junit.runners.model.FrameworkMethod$1.runReflectiveCall(FrameworkMethod.java:44)
	at org.junit.internal.runners.model.ReflectiveCallable.run(ReflectiveCallable.java:15)
	at org.junit.runners.model.FrameworkMethod.invokeExplosively(FrameworkMethod.java:41)
	at org.junit.internal.runners.statements.InvokeMethod.evaluate(InvokeMethod.java:20)
	at org.junit.internal.runners.statements.ExpectException.evaluate(ExpectException.java:21)
	at org.junit.internal.runners.statements.RunBefores.evaluate(RunBefores.java:28)
	at org.junit.internal.runners.statements.RunAfters.evaluate(RunAfters.java:31)
	at org.junit.runners.BlockJUnit4ClassRunner.runNotIgnored(BlockJUnit4ClassRunner.java:79)
	at org.junit.runners.BlockJUnit4ClassRunner.runChild(BlockJUnit4ClassRunner.java:71)
	at org.junit.runners.BlockJUnit4ClassRunner.runChild(BlockJUnit4ClassRunner.java:49)
	at org.junit.runners.ParentRunner$3.run(ParentRunner.java:193)
	at org.junit.runners.ParentRunner$1.schedule(ParentRunner.java:52)
	at org.junit.runners.ParentRunner.runChildren(ParentRunner.java:191)
	at org.junit.runners.ParentRunner.access$000(ParentRunner.java:42)
	at org.junit.runners.ParentRunner$2.evaluate(ParentRunner.java:184)
	at org.junit.runners.ParentRunner.run(ParentRunner.java:236)
	at junit.framework.JUnit4TestAdapter.run(JUnit4TestAdapter.java:39)
	at junit.framework.TestSuite.runTest(TestSuite.java:243)
	at junit.framework.TestSuite.run(TestSuite.java:238)
	at junit.framework.TestSuite.runTest(TestSuite.java:243)
	at junit.framework.TestSuite.run(TestSuite.java:238)
	at org.apache.tools.ant.taskdefs.optional.junit.JUnitTestRunner.run(JUnitTestRunner.java:420)
	at org.apache.tools.ant.taskdefs.optional.junit.JUnitTestRunner.launch(JUnitTestRunner.java:911)
	at org.apache.tools.ant.taskdefs.optional.junit.JUnitTestRunner.main(JUnitTestRunner.java:768)

Entering method [com.topcoder.reliability.impl.persistence.DatabaseReliabilityDataPersistence.open()].
Exiting method [com.topcoder.reliability.impl.persistence.DatabaseReliabilityDataPersistence.open()], time spent in the method: 9 milliseconds.
Entering method [com.topcoder.reliability.impl.persistence.DatabaseReliabilityDataPersistence.updateCurrentUserReliability(long userId, long projectCategoryId, double reliability)].
Input parameters[userId:0, projectCategoryId:1, reliability:0.5]
Error in method [com.topcoder.reliability.impl.persistence.DatabaseReliabilityDataPersistence.updateCurrentUserReliability(long userId, long projectCategoryId, double reliability)], details: IllegalArgumentException is thrown.
java.lang.IllegalArgumentException: 'userId' should be positive.
	at com.topcoder.reliability.Helper.checkPositive(Helper.java:150)
	at com.topcoder.reliability.impl.persistence.DatabaseReliabilityDataPersistence.updateCurrentUserReliability(DatabaseReliabilityDataPersistence.java:588)
	at com.topcoder.reliability.failuretests.impl.persistence.DatabaseReliabilityDataPersistenceFailureTests.testUpdateCurrentUserReliabilityWithZeroUserId(DatabaseReliabilityDataPersistenceFailureTests.java:393)
	at sun.reflect.NativeMethodAccessorImpl.invoke0(Native Method)
	at sun.reflect.NativeMethodAccessorImpl.invoke(NativeMethodAccessorImpl.java:39)
	at sun.reflect.DelegatingMethodAccessorImpl.invoke(DelegatingMethodAccessorImpl.java:25)
	at java.lang.reflect.Method.invoke(Method.java:597)
	at org.junit.runners.model.FrameworkMethod$1.runReflectiveCall(FrameworkMethod.java:44)
	at org.junit.internal.runners.model.ReflectiveCallable.run(ReflectiveCallable.java:15)
	at org.junit.runners.model.FrameworkMethod.invokeExplosively(FrameworkMethod.java:41)
	at org.junit.internal.runners.statements.InvokeMethod.evaluate(InvokeMethod.java:20)
	at org.junit.internal.runners.statements.ExpectException.evaluate(ExpectException.java:21)
	at org.junit.internal.runners.statements.RunBefores.evaluate(RunBefores.java:28)
	at org.junit.internal.runners.statements.RunAfters.evaluate(RunAfters.java:31)
	at org.junit.runners.BlockJUnit4ClassRunner.runNotIgnored(BlockJUnit4ClassRunner.java:79)
	at org.junit.runners.BlockJUnit4ClassRunner.runChild(BlockJUnit4ClassRunner.java:71)
	at org.junit.runners.BlockJUnit4ClassRunner.runChild(BlockJUnit4ClassRunner.java:49)
	at org.junit.runners.ParentRunner$3.run(ParentRunner.java:193)
	at org.junit.runners.ParentRunner$1.schedule(ParentRunner.java:52)
	at org.junit.runners.ParentRunner.runChildren(ParentRunner.java:191)
	at org.junit.runners.ParentRunner.access$000(ParentRunner.java:42)
	at org.junit.runners.ParentRunner$2.evaluate(ParentRunner.java:184)
	at org.junit.runners.ParentRunner.run(ParentRunner.java:236)
	at junit.framework.JUnit4TestAdapter.run(JUnit4TestAdapter.java:39)
	at junit.framework.TestSuite.runTest(TestSuite.java:243)
	at junit.framework.TestSuite.run(TestSuite.java:238)
	at junit.framework.TestSuite.runTest(TestSuite.java:243)
	at junit.framework.TestSuite.run(TestSuite.java:238)
	at org.apache.tools.ant.taskdefs.optional.junit.JUnitTestRunner.run(JUnitTestRunner.java:420)
	at org.apache.tools.ant.taskdefs.optional.junit.JUnitTestRunner.launch(JUnitTestRunner.java:911)
	at org.apache.tools.ant.taskdefs.optional.junit.JUnitTestRunner.main(JUnitTestRunner.java:768)

Entering method [com.topcoder.reliability.impl.persistence.DatabaseReliabilityDataPersistence.open()].
Exiting method [com.topcoder.reliability.impl.persistence.DatabaseReliabilityDataPersistence.open()], time spent in the method: 9 milliseconds.
Entering method [com.topcoder.reliability.impl.persistence.DatabaseReliabilityDataPersistence.updateCurrentUserReliability(long userId, long projectCategoryId, double reliability)].
Input parameters[userId:-1, projectCategoryId:1, reliability:0.5]
Error in method [com.topcoder.reliability.impl.persistence.DatabaseReliabilityDataPersistence.updateCurrentUserReliability(long userId, long projectCategoryId, double reliability)], details: IllegalArgumentException is thrown.
java.lang.IllegalArgumentException: 'userId' should be positive.
	at com.topcoder.reliability.Helper.checkPositive(Helper.java:150)
	at com.topcoder.reliability.impl.persistence.DatabaseReliabilityDataPersistence.updateCurrentUserReliability(DatabaseReliabilityDataPersistence.java:588)
	at com.topcoder.reliability.failuretests.impl.persistence.DatabaseReliabilityDataPersistenceFailureTests.testUpdateCurrentUserReliabilityWithNegativeUserId(DatabaseReliabilityDataPersistenceFailureTests.java:406)
	at sun.reflect.NativeMethodAccessorImpl.invoke0(Native Method)
	at sun.reflect.NativeMethodAccessorImpl.invoke(NativeMethodAccessorImpl.java:39)
	at sun.reflect.DelegatingMethodAccessorImpl.invoke(DelegatingMethodAccessorImpl.java:25)
	at java.lang.reflect.Method.invoke(Method.java:597)
	at org.junit.runners.model.FrameworkMethod$1.runReflectiveCall(FrameworkMethod.java:44)
	at org.junit.internal.runners.model.ReflectiveCallable.run(ReflectiveCallable.java:15)
	at org.junit.runners.model.FrameworkMethod.invokeExplosively(FrameworkMethod.java:41)
	at org.junit.internal.runners.statements.InvokeMethod.evaluate(InvokeMethod.java:20)
	at org.junit.internal.runners.statements.ExpectException.evaluate(ExpectException.java:21)
	at org.junit.internal.runners.statements.RunBefores.evaluate(RunBefores.java:28)
	at org.junit.internal.runners.statements.RunAfters.evaluate(RunAfters.java:31)
	at org.junit.runners.BlockJUnit4ClassRunner.runNotIgnored(BlockJUnit4ClassRunner.java:79)
	at org.junit.runners.BlockJUnit4ClassRunner.runChild(BlockJUnit4ClassRunner.java:71)
	at org.junit.runners.BlockJUnit4ClassRunner.runChild(BlockJUnit4ClassRunner.java:49)
	at org.junit.runners.ParentRunner$3.run(ParentRunner.java:193)
	at org.junit.runners.ParentRunner$1.schedule(ParentRunner.java:52)
	at org.junit.runners.ParentRunner.runChildren(ParentRunner.java:191)
	at org.junit.runners.ParentRunner.access$000(ParentRunner.java:42)
	at org.junit.runners.ParentRunner$2.evaluate(ParentRunner.java:184)
	at org.junit.runners.ParentRunner.run(ParentRunner.java:236)
	at junit.framework.JUnit4TestAdapter.run(JUnit4TestAdapter.java:39)
	at junit.framework.TestSuite.runTest(TestSuite.java:243)
	at junit.framework.TestSuite.run(TestSuite.java:238)
	at junit.framework.TestSuite.runTest(TestSuite.java:243)
	at junit.framework.TestSuite.run(TestSuite.java:238)
	at org.apache.tools.ant.taskdefs.optional.junit.JUnitTestRunner.run(JUnitTestRunner.java:420)
	at org.apache.tools.ant.taskdefs.optional.junit.JUnitTestRunner.launch(JUnitTestRunner.java:911)
	at org.apache.tools.ant.taskdefs.optional.junit.JUnitTestRunner.main(JUnitTestRunner.java:768)

Entering method [com.topcoder.reliability.impl.persistence.DatabaseReliabilityDataPersistence.open()].
Exiting method [com.topcoder.reliability.impl.persistence.DatabaseReliabilityDataPersistence.open()], time spent in the method: 9 milliseconds.
Entering method [com.topcoder.reliability.impl.persistence.DatabaseReliabilityDataPersistence.updateCurrentUserReliability(long userId, long projectCategoryId, double reliability)].
Input parameters[userId:1, projectCategoryId:1, reliability:-1.0]
Error in method [com.topcoder.reliability.impl.persistence.DatabaseReliabilityDataPersistence.updateCurrentUserReliability(long userId, long projectCategoryId, double reliability)], details: IllegalArgumentException is thrown.
java.lang.IllegalArgumentException: 'reliability' should be in the range [0, 1].
	at com.topcoder.reliability.impl.persistence.DatabaseReliabilityDataPersistence.updateCurrentUserReliability(DatabaseReliabilityDataPersistence.java:591)
	at com.topcoder.reliability.failuretests.impl.persistence.DatabaseReliabilityDataPersistenceFailureTests.testUpdateCurrentUserReliabilityWithNegativeReliability(DatabaseReliabilityDataPersistenceFailureTests.java:419)
	at sun.reflect.NativeMethodAccessorImpl.invoke0(Native Method)
	at sun.reflect.NativeMethodAccessorImpl.invoke(NativeMethodAccessorImpl.java:39)
	at sun.reflect.DelegatingMethodAccessorImpl.invoke(DelegatingMethodAccessorImpl.java:25)
	at java.lang.reflect.Method.invoke(Method.java:597)
	at org.junit.runners.model.FrameworkMethod$1.runReflectiveCall(FrameworkMethod.java:44)
	at org.junit.internal.runners.model.ReflectiveCallable.run(ReflectiveCallable.java:15)
	at org.junit.runners.model.FrameworkMethod.invokeExplosively(FrameworkMethod.java:41)
	at org.junit.internal.runners.statements.InvokeMethod.evaluate(InvokeMethod.java:20)
	at org.junit.internal.runners.statements.ExpectException.evaluate(ExpectException.java:21)
	at org.junit.internal.runners.statements.RunBefores.evaluate(RunBefores.java:28)
	at org.junit.internal.runners.statements.RunAfters.evaluate(RunAfters.java:31)
	at org.junit.runners.BlockJUnit4ClassRunner.runNotIgnored(BlockJUnit4ClassRunner.java:79)
	at org.junit.runners.BlockJUnit4ClassRunner.runChild(BlockJUnit4ClassRunner.java:71)
	at org.junit.runners.BlockJUnit4ClassRunner.runChild(BlockJUnit4ClassRunner.java:49)
	at org.junit.runners.ParentRunner$3.run(ParentRunner.java:193)
	at org.junit.runners.ParentRunner$1.schedule(ParentRunner.java:52)
	at org.junit.runners.ParentRunner.runChildren(ParentRunner.java:191)
	at org.junit.runners.ParentRunner.access$000(ParentRunner.java:42)
	at org.junit.runners.ParentRunner$2.evaluate(ParentRunner.java:184)
	at org.junit.runners.ParentRunner.run(ParentRunner.java:236)
	at junit.framework.JUnit4TestAdapter.run(JUnit4TestAdapter.java:39)
	at junit.framework.TestSuite.runTest(TestSuite.java:243)
	at junit.framework.TestSuite.run(TestSuite.java:238)
	at junit.framework.TestSuite.runTest(TestSuite.java:243)
	at junit.framework.TestSuite.run(TestSuite.java:238)
	at org.apache.tools.ant.taskdefs.optional.junit.JUnitTestRunner.run(JUnitTestRunner.java:420)
	at org.apache.tools.ant.taskdefs.optional.junit.JUnitTestRunner.launch(JUnitTestRunner.java:911)
	at org.apache.tools.ant.taskdefs.optional.junit.JUnitTestRunner.main(JUnitTestRunner.java:768)

Entering method [com.topcoder.reliability.impl.persistence.DatabaseReliabilityDataPersistence.open()].
Exiting method [com.topcoder.reliability.impl.persistence.DatabaseReliabilityDataPersistence.open()], time spent in the method: 8 milliseconds.
Entering method [com.topcoder.reliability.impl.persistence.DatabaseReliabilityDataPersistence.updateCurrentUserReliability(long userId, long projectCategoryId, double reliability)].
Input parameters[userId:1, projectCategoryId:1, reliability:1.1]
Error in method [com.topcoder.reliability.impl.persistence.DatabaseReliabilityDataPersistence.updateCurrentUserReliability(long userId, long projectCategoryId, double reliability)], details: IllegalArgumentException is thrown.
java.lang.IllegalArgumentException: 'reliability' should be in the range [0, 1].
	at com.topcoder.reliability.impl.persistence.DatabaseReliabilityDataPersistence.updateCurrentUserReliability(DatabaseReliabilityDataPersistence.java:591)
	at com.topcoder.reliability.failuretests.impl.persistence.DatabaseReliabilityDataPersistenceFailureTests.testUpdateCurrentUserReliabilityWithReliabilityGreaterThan1(DatabaseReliabilityDataPersistenceFailureTests.java:433)
	at sun.reflect.NativeMethodAccessorImpl.invoke0(Native Method)
	at sun.reflect.NativeMethodAccessorImpl.invoke(NativeMethodAccessorImpl.java:39)
	at sun.reflect.DelegatingMethodAccessorImpl.invoke(DelegatingMethodAccessorImpl.java:25)
	at java.lang.reflect.Method.invoke(Method.java:597)
	at org.junit.runners.model.FrameworkMethod$1.runReflectiveCall(FrameworkMethod.java:44)
	at org.junit.internal.runners.model.ReflectiveCallable.run(ReflectiveCallable.java:15)
	at org.junit.runners.model.FrameworkMethod.invokeExplosively(FrameworkMethod.java:41)
	at org.junit.internal.runners.statements.InvokeMethod.evaluate(InvokeMethod.java:20)
	at org.junit.internal.runners.statements.ExpectException.evaluate(ExpectException.java:21)
	at org.junit.internal.runners.statements.RunBefores.evaluate(RunBefores.java:28)
	at org.junit.internal.runners.statements.RunAfters.evaluate(RunAfters.java:31)
	at org.junit.runners.BlockJUnit4ClassRunner.runNotIgnored(BlockJUnit4ClassRunner.java:79)
	at org.junit.runners.BlockJUnit4ClassRunner.runChild(BlockJUnit4ClassRunner.java:71)
	at org.junit.runners.BlockJUnit4ClassRunner.runChild(BlockJUnit4ClassRunner.java:49)
	at org.junit.runners.ParentRunner$3.run(ParentRunner.java:193)
	at org.junit.runners.ParentRunner$1.schedule(ParentRunner.java:52)
	at org.junit.runners.ParentRunner.runChildren(ParentRunner.java:191)
	at org.junit.runners.ParentRunner.access$000(ParentRunner.java:42)
	at org.junit.runners.ParentRunner$2.evaluate(ParentRunner.java:184)
	at org.junit.runners.ParentRunner.run(ParentRunner.java:236)
	at junit.framework.JUnit4TestAdapter.run(JUnit4TestAdapter.java:39)
	at junit.framework.TestSuite.runTest(TestSuite.java:243)
	at junit.framework.TestSuite.run(TestSuite.java:238)
	at junit.framework.TestSuite.runTest(TestSuite.java:243)
	at junit.framework.TestSuite.run(TestSuite.java:238)
	at org.apache.tools.ant.taskdefs.optional.junit.JUnitTestRunner.run(JUnitTestRunner.java:420)
	at org.apache.tools.ant.taskdefs.optional.junit.JUnitTestRunner.launch(JUnitTestRunner.java:911)
	at org.apache.tools.ant.taskdefs.optional.junit.JUnitTestRunner.main(JUnitTestRunner.java:768)

Entering method [com.topcoder.reliability.impl.persistence.DatabaseReliabilityDataPersistence.updateCurrentUserReliability(long userId, long projectCategoryId, double reliability)].
Input parameters[userId:1, projectCategoryId:1, reliability:0.5]
Error in method [com.topcoder.reliability.impl.persistence.DatabaseReliabilityDataPersistence.updateCurrentUserReliability(long userId, long projectCategoryId, double reliability)], details: IllegalStateException is thrown.
java.lang.IllegalStateException: The connection is not opened.
	at com.topcoder.reliability.Helper.checkState(Helper.java:194)
	at com.topcoder.reliability.impl.persistence.DatabaseReliabilityDataPersistence.updateCurrentUserReliability(DatabaseReliabilityDataPersistence.java:595)
	at com.topcoder.reliability.failuretests.impl.persistence.DatabaseReliabilityDataPersistenceFailureTests.testUpdateCurrentUserReliabilityWithoutOpen(DatabaseReliabilityDataPersistenceFailureTests.java:444)
	at sun.reflect.NativeMethodAccessorImpl.invoke0(Native Method)
	at sun.reflect.NativeMethodAccessorImpl.invoke(NativeMethodAccessorImpl.java:39)
	at sun.reflect.DelegatingMethodAccessorImpl.invoke(DelegatingMethodAccessorImpl.java:25)
	at java.lang.reflect.Method.invoke(Method.java:597)
	at org.junit.runners.model.FrameworkMethod$1.runReflectiveCall(FrameworkMethod.java:44)
	at org.junit.internal.runners.model.ReflectiveCallable.run(ReflectiveCallable.java:15)
	at org.junit.runners.model.FrameworkMethod.invokeExplosively(FrameworkMethod.java:41)
	at org.junit.internal.runners.statements.InvokeMethod.evaluate(InvokeMethod.java:20)
	at org.junit.internal.runners.statements.ExpectException.evaluate(ExpectException.java:21)
	at org.junit.internal.runners.statements.RunBefores.evaluate(RunBefores.java:28)
	at org.junit.internal.runners.statements.RunAfters.evaluate(RunAfters.java:31)
	at org.junit.runners.BlockJUnit4ClassRunner.runNotIgnored(BlockJUnit4ClassRunner.java:79)
	at org.junit.runners.BlockJUnit4ClassRunner.runChild(BlockJUnit4ClassRunner.java:71)
	at org.junit.runners.BlockJUnit4ClassRunner.runChild(BlockJUnit4ClassRunner.java:49)
	at org.junit.runners.ParentRunner$3.run(ParentRunner.java:193)
	at org.junit.runners.ParentRunner$1.schedule(ParentRunner.java:52)
	at org.junit.runners.ParentRunner.runChildren(ParentRunner.java:191)
	at org.junit.runners.ParentRunner.access$000(ParentRunner.java:42)
	at org.junit.runners.ParentRunner$2.evaluate(ParentRunner.java:184)
	at org.junit.runners.ParentRunner.run(ParentRunner.java:236)
	at junit.framework.JUnit4TestAdapter.run(JUnit4TestAdapter.java:39)
	at junit.framework.TestSuite.runTest(TestSuite.java:243)
	at junit.framework.TestSuite.run(TestSuite.java:238)
	at junit.framework.TestSuite.runTest(TestSuite.java:243)
	at junit.framework.TestSuite.run(TestSuite.java:238)
	at org.apache.tools.ant.taskdefs.optional.junit.JUnitTestRunner.run(JUnitTestRunner.java:420)
	at org.apache.tools.ant.taskdefs.optional.junit.JUnitTestRunner.launch(JUnitTestRunner.java:911)
	at org.apache.tools.ant.taskdefs.optional.junit.JUnitTestRunner.main(JUnitTestRunner.java:768)

Entering method [com.topcoder.reliability.impl.persistence.DatabaseReliabilityDataPersistence.open()].
Exiting method [com.topcoder.reliability.impl.persistence.DatabaseReliabilityDataPersistence.open()], time spent in the method: 9 milliseconds.
Entering method [com.topcoder.reliability.impl.persistence.DatabaseReliabilityDataPersistence.updateCurrentUserReliability(long userId, long projectCategoryId, double reliability)].
Input parameters[userId:1, projectCategoryId:1, reliability:0.5]
Error in method [com.topcoder.reliability.impl.persistence.DatabaseReliabilityDataPersistence.updateCurrentUserReliability(long userId, long projectCategoryId, double reliability)], details: A database access error occurred when rolling back (will be ignored).
java.sql.SQLException: Connection not established
	at com.informix.util.IfxErrMsg.getSQLException(IfxErrMsg.java:413)
	at com.informix.jdbc.IfxSqliConnect.rollback(IfxSqliConnect.java:2075)
	at com.topcoder.reliability.impl.persistence.DatabaseReliabilityDataPersistence.rollback(DatabaseReliabilityDataPersistence.java:799)
	at com.topcoder.reliability.impl.persistence.DatabaseReliabilityDataPersistence.updateCurrentUserReliability(DatabaseReliabilityDataPersistence.java:611)
	at com.topcoder.reliability.failuretests.impl.persistence.DatabaseReliabilityDataPersistenceFailureTests.testUpdateCurrentUserReliabilityWithPersistenceError(DatabaseReliabilityDataPersistenceFailureTests.java:459)
	at sun.reflect.NativeMethodAccessorImpl.invoke0(Native Method)
	at sun.reflect.NativeMethodAccessorImpl.invoke(NativeMethodAccessorImpl.java:39)
	at sun.reflect.DelegatingMethodAccessorImpl.invoke(DelegatingMethodAccessorImpl.java:25)
	at java.lang.reflect.Method.invoke(Method.java:597)
	at org.junit.runners.model.FrameworkMethod$1.runReflectiveCall(FrameworkMethod.java:44)
	at org.junit.internal.runners.model.ReflectiveCallable.run(ReflectiveCallable.java:15)
	at org.junit.runners.model.FrameworkMethod.invokeExplosively(FrameworkMethod.java:41)
	at org.junit.internal.runners.statements.InvokeMethod.evaluate(InvokeMethod.java:20)
	at org.junit.internal.runners.statements.ExpectException.evaluate(ExpectException.java:21)
	at org.junit.internal.runners.statements.RunBefores.evaluate(RunBefores.java:28)
	at org.junit.internal.runners.statements.RunAfters.evaluate(RunAfters.java:31)
	at org.junit.runners.BlockJUnit4ClassRunner.runNotIgnored(BlockJUnit4ClassRunner.java:79)
	at org.junit.runners.BlockJUnit4ClassRunner.runChild(BlockJUnit4ClassRunner.java:71)
	at org.junit.runners.BlockJUnit4ClassRunner.runChild(BlockJUnit4ClassRunner.java:49)
	at org.junit.runners.ParentRunner$3.run(ParentRunner.java:193)
	at org.junit.runners.ParentRunner$1.schedule(ParentRunner.java:52)
	at org.junit.runners.ParentRunner.runChildren(ParentRunner.java:191)
	at org.junit.runners.ParentRunner.access$000(ParentRunner.java:42)
	at org.junit.runners.ParentRunner$2.evaluate(ParentRunner.java:184)
	at org.junit.runners.ParentRunner.run(ParentRunner.java:236)
	at junit.framework.JUnit4TestAdapter.run(JUnit4TestAdapter.java:39)
	at junit.framework.TestSuite.runTest(TestSuite.java:243)
	at junit.framework.TestSuite.run(TestSuite.java:238)
	at junit.framework.TestSuite.runTest(TestSuite.java:243)
	at junit.framework.TestSuite.run(TestSuite.java:238)
	at org.apache.tools.ant.taskdefs.optional.junit.JUnitTestRunner.run(JUnitTestRunner.java:420)
	at org.apache.tools.ant.taskdefs.optional.junit.JUnitTestRunner.launch(JUnitTestRunner.java:911)
	at org.apache.tools.ant.taskdefs.optional.junit.JUnitTestRunner.main(JUnitTestRunner.java:768)

Error in method [com.topcoder.reliability.impl.persistence.DatabaseReliabilityDataPersistence.updateCurrentUserReliability(long userId, long projectCategoryId, double reliability)], details: ReliabilityDataPersistenceException is thrown when updating the current user reliability.
com.topcoder.reliability.impl.ReliabilityDataPersistenceException: A database access error occurred.
	at com.topcoder.reliability.impl.persistence.DatabaseReliabilityDataPersistence.updateCurrentUserReliability(DatabaseReliabilityDataPersistence.java:613)
	at com.topcoder.reliability.failuretests.impl.persistence.DatabaseReliabilityDataPersistenceFailureTests.testUpdateCurrentUserReliabilityWithPersistenceError(DatabaseReliabilityDataPersistenceFailureTests.java:459)
	at sun.reflect.NativeMethodAccessorImpl.invoke0(Native Method)
	at sun.reflect.NativeMethodAccessorImpl.invoke(NativeMethodAccessorImpl.java:39)
	at sun.reflect.DelegatingMethodAccessorImpl.invoke(DelegatingMethodAccessorImpl.java:25)
	at java.lang.reflect.Method.invoke(Method.java:597)
	at org.junit.runners.model.FrameworkMethod$1.runReflectiveCall(FrameworkMethod.java:44)
	at org.junit.internal.runners.model.ReflectiveCallable.run(ReflectiveCallable.java:15)
	at org.junit.runners.model.FrameworkMethod.invokeExplosively(FrameworkMethod.java:41)
	at org.junit.internal.runners.statements.InvokeMethod.evaluate(InvokeMethod.java:20)
	at org.junit.internal.runners.statements.ExpectException.evaluate(ExpectException.java:21)
	at org.junit.internal.runners.statements.RunBefores.evaluate(RunBefores.java:28)
	at org.junit.internal.runners.statements.RunAfters.evaluate(RunAfters.java:31)
	at org.junit.runners.BlockJUnit4ClassRunner.runNotIgnored(BlockJUnit4ClassRunner.java:79)
	at org.junit.runners.BlockJUnit4ClassRunner.runChild(BlockJUnit4ClassRunner.java:71)
	at org.junit.runners.BlockJUnit4ClassRunner.runChild(BlockJUnit4ClassRunner.java:49)
	at org.junit.runners.ParentRunner$3.run(ParentRunner.java:193)
	at org.junit.runners.ParentRunner$1.schedule(ParentRunner.java:52)
	at org.junit.runners.ParentRunner.runChildren(ParentRunner.java:191)
	at org.junit.runners.ParentRunner.access$000(ParentRunner.java:42)
	at org.junit.runners.ParentRunner$2.evaluate(ParentRunner.java:184)
	at org.junit.runners.ParentRunner.run(ParentRunner.java:236)
	at junit.framework.JUnit4TestAdapter.run(JUnit4TestAdapter.java:39)
	at junit.framework.TestSuite.runTest(TestSuite.java:243)
	at junit.framework.TestSuite.run(TestSuite.java:238)
	at junit.framework.TestSuite.runTest(TestSuite.java:243)
	at junit.framework.TestSuite.run(TestSuite.java:238)
	at org.apache.tools.ant.taskdefs.optional.junit.JUnitTestRunner.run(JUnitTestRunner.java:420)
	at org.apache.tools.ant.taskdefs.optional.junit.JUnitTestRunner.launch(JUnitTestRunner.java:911)
	at org.apache.tools.ant.taskdefs.optional.junit.JUnitTestRunner.main(JUnitTestRunner.java:768)
Caused by: java.sql.SQLException: Connection not established
	at com.informix.util.IfxErrMsg.getSQLException(IfxErrMsg.java:413)
	at com.informix.jdbc.IfxSqliConnect.h(IfxSqliConnect.java:6588)
	at com.informix.jdbc.IfxSqliConnect.prepareStatement(IfxSqliConnect.java:2396)
	at com.topcoder.reliability.impl.persistence.DatabaseReliabilityDataPersistence.executeUpdate(DatabaseReliabilityDataPersistence.java:829)
	at com.topcoder.reliability.impl.persistence.DatabaseReliabilityDataPersistence.updateCurrentUserReliability(DatabaseReliabilityDataPersistence.java:601)
	... 29 more

Entering method [com.topcoder.reliability.impl.persistence.DatabaseReliabilityDataPersistence.saveUserReliabilityData(List<UserProjectReliabilityData> projects)].
Input parameters[projects:null]
Error in method [com.topcoder.reliability.impl.persistence.DatabaseReliabilityDataPersistence.saveUserReliabilityData(List<UserProjectReliabilityData> projects)], details: IllegalArgumentException is thrown.
java.lang.IllegalArgumentException: 'projects' should not be null.
	at com.topcoder.reliability.Helper.checkNull(Helper.java:131)
	at com.topcoder.reliability.impl.persistence.DatabaseReliabilityDataPersistence.checkProjects(DatabaseReliabilityDataPersistence.java:759)
	at com.topcoder.reliability.impl.persistence.DatabaseReliabilityDataPersistence.saveUserReliabilityData(DatabaseReliabilityDataPersistence.java:494)
	at com.topcoder.reliability.failuretests.impl.persistence.DatabaseReliabilityDataPersistenceFailureTests.testSaveUserReliabilityDataWithNullProjects(DatabaseReliabilityDataPersistenceFailureTests.java:470)
	at sun.reflect.NativeMethodAccessorImpl.invoke0(Native Method)
	at sun.reflect.NativeMethodAccessorImpl.invoke(NativeMethodAccessorImpl.java:39)
	at sun.reflect.DelegatingMethodAccessorImpl.invoke(DelegatingMethodAccessorImpl.java:25)
	at java.lang.reflect.Method.invoke(Method.java:597)
	at org.junit.runners.model.FrameworkMethod$1.runReflectiveCall(FrameworkMethod.java:44)
	at org.junit.internal.runners.model.ReflectiveCallable.run(ReflectiveCallable.java:15)
	at org.junit.runners.model.FrameworkMethod.invokeExplosively(FrameworkMethod.java:41)
	at org.junit.internal.runners.statements.InvokeMethod.evaluate(InvokeMethod.java:20)
	at org.junit.internal.runners.statements.ExpectException.evaluate(ExpectException.java:21)
	at org.junit.internal.runners.statements.RunBefores.evaluate(RunBefores.java:28)
	at org.junit.internal.runners.statements.RunAfters.evaluate(RunAfters.java:31)
	at org.junit.runners.BlockJUnit4ClassRunner.runNotIgnored(BlockJUnit4ClassRunner.java:79)
	at org.junit.runners.BlockJUnit4ClassRunner.runChild(BlockJUnit4ClassRunner.java:71)
	at org.junit.runners.BlockJUnit4ClassRunner.runChild(BlockJUnit4ClassRunner.java:49)
	at org.junit.runners.ParentRunner$3.run(ParentRunner.java:193)
	at org.junit.runners.ParentRunner$1.schedule(ParentRunner.java:52)
	at org.junit.runners.ParentRunner.runChildren(ParentRunner.java:191)
	at org.junit.runners.ParentRunner.access$000(ParentRunner.java:42)
	at org.junit.runners.ParentRunner$2.evaluate(ParentRunner.java:184)
	at org.junit.runners.ParentRunner.run(ParentRunner.java:236)
	at junit.framework.JUnit4TestAdapter.run(JUnit4TestAdapter.java:39)
	at junit.framework.TestSuite.runTest(TestSuite.java:243)
	at junit.framework.TestSuite.run(TestSuite.java:238)
	at junit.framework.TestSuite.runTest(TestSuite.java:243)
	at junit.framework.TestSuite.run(TestSuite.java:238)
	at org.apache.tools.ant.taskdefs.optional.junit.JUnitTestRunner.run(JUnitTestRunner.java:420)
	at org.apache.tools.ant.taskdefs.optional.junit.JUnitTestRunner.launch(JUnitTestRunner.java:911)
	at org.apache.tools.ant.taskdefs.optional.junit.JUnitTestRunner.main(JUnitTestRunner.java:768)

Entering method [com.topcoder.reliability.impl.persistence.DatabaseReliabilityDataPersistence.saveUserReliabilityData(List<UserProjectReliabilityData> projects)].
Input parameters[projects:[]]
Error in method [com.topcoder.reliability.impl.persistence.DatabaseReliabilityDataPersistence.saveUserReliabilityData(List<UserProjectReliabilityData> projects)], details: IllegalArgumentException is thrown.
java.lang.IllegalArgumentException: 'projects' should not be empty.
	at com.topcoder.reliability.impl.persistence.DatabaseReliabilityDataPersistence.checkProjects(DatabaseReliabilityDataPersistence.java:761)
	at com.topcoder.reliability.impl.persistence.DatabaseReliabilityDataPersistence.saveUserReliabilityData(DatabaseReliabilityDataPersistence.java:494)
	at com.topcoder.reliability.failuretests.impl.persistence.DatabaseReliabilityDataPersistenceFailureTests.testSaveUserReliabilityDataWithEmptyProjects(DatabaseReliabilityDataPersistenceFailureTests.java:481)
	at sun.reflect.NativeMethodAccessorImpl.invoke0(Native Method)
	at sun.reflect.NativeMethodAccessorImpl.invoke(NativeMethodAccessorImpl.java:39)
	at sun.reflect.DelegatingMethodAccessorImpl.invoke(DelegatingMethodAccessorImpl.java:25)
	at java.lang.reflect.Method.invoke(Method.java:597)
	at org.junit.runners.model.FrameworkMethod$1.runReflectiveCall(FrameworkMethod.java:44)
	at org.junit.internal.runners.model.ReflectiveCallable.run(ReflectiveCallable.java:15)
	at org.junit.runners.model.FrameworkMethod.invokeExplosively(FrameworkMethod.java:41)
	at org.junit.internal.runners.statements.InvokeMethod.evaluate(InvokeMethod.java:20)
	at org.junit.internal.runners.statements.ExpectException.evaluate(ExpectException.java:21)
	at org.junit.internal.runners.statements.RunBefores.evaluate(RunBefores.java:28)
	at org.junit.internal.runners.statements.RunAfters.evaluate(RunAfters.java:31)
	at org.junit.runners.BlockJUnit4ClassRunner.runNotIgnored(BlockJUnit4ClassRunner.java:79)
	at org.junit.runners.BlockJUnit4ClassRunner.runChild(BlockJUnit4ClassRunner.java:71)
	at org.junit.runners.BlockJUnit4ClassRunner.runChild(BlockJUnit4ClassRunner.java:49)
	at org.junit.runners.ParentRunner$3.run(ParentRunner.java:193)
	at org.junit.runners.ParentRunner$1.schedule(ParentRunner.java:52)
	at org.junit.runners.ParentRunner.runChildren(ParentRunner.java:191)
	at org.junit.runners.ParentRunner.access$000(ParentRunner.java:42)
	at org.junit.runners.ParentRunner$2.evaluate(ParentRunner.java:184)
	at org.junit.runners.ParentRunner.run(ParentRunner.java:236)
	at junit.framework.JUnit4TestAdapter.run(JUnit4TestAdapter.java:39)
	at junit.framework.TestSuite.runTest(TestSuite.java:243)
	at junit.framework.TestSuite.run(TestSuite.java:238)
	at junit.framework.TestSuite.runTest(TestSuite.java:243)
	at junit.framework.TestSuite.run(TestSuite.java:238)
	at org.apache.tools.ant.taskdefs.optional.junit.JUnitTestRunner.run(JUnitTestRunner.java:420)
	at org.apache.tools.ant.taskdefs.optional.junit.JUnitTestRunner.launch(JUnitTestRunner.java:911)
	at org.apache.tools.ant.taskdefs.optional.junit.JUnitTestRunner.main(JUnitTestRunner.java:768)

Entering method [com.topcoder.reliability.impl.persistence.DatabaseReliabilityDataPersistence.saveUserReliabilityData(List<UserProjectReliabilityData> projects)].
Input parameters[projects:[com.topcoder.reliability.impl.UserProjectReliabilityData@58fe210a, com.topcoder.reliability.impl.UserProjectReliabilityData@142b452b, null]]
Error in method [com.topcoder.reliability.impl.persistence.DatabaseReliabilityDataPersistence.saveUserReliabilityData(List<UserProjectReliabilityData> projects)], details: IllegalArgumentException is thrown.
java.lang.IllegalArgumentException: 'element of projects' should not be null.
	at com.topcoder.reliability.Helper.checkNull(Helper.java:131)
	at com.topcoder.reliability.impl.persistence.DatabaseReliabilityDataPersistence.checkProjects(DatabaseReliabilityDataPersistence.java:771)
	at com.topcoder.reliability.impl.persistence.DatabaseReliabilityDataPersistence.saveUserReliabilityData(DatabaseReliabilityDataPersistence.java:494)
	at com.topcoder.reliability.failuretests.impl.persistence.DatabaseReliabilityDataPersistenceFailureTests.testSaveUserReliabilityDataWithNullProject(DatabaseReliabilityDataPersistenceFailureTests.java:502)
	at sun.reflect.NativeMethodAccessorImpl.invoke0(Native Method)
	at sun.reflect.NativeMethodAccessorImpl.invoke(NativeMethodAccessorImpl.java:39)
	at sun.reflect.DelegatingMethodAccessorImpl.invoke(DelegatingMethodAccessorImpl.java:25)
	at java.lang.reflect.Method.invoke(Method.java:597)
	at org.junit.runners.model.FrameworkMethod$1.runReflectiveCall(FrameworkMethod.java:44)
	at org.junit.internal.runners.model.ReflectiveCallable.run(ReflectiveCallable.java:15)
	at org.junit.runners.model.FrameworkMethod.invokeExplosively(FrameworkMethod.java:41)
	at org.junit.internal.runners.statements.InvokeMethod.evaluate(InvokeMethod.java:20)
	at org.junit.internal.runners.statements.ExpectException.evaluate(ExpectException.java:21)
	at org.junit.internal.runners.statements.RunBefores.evaluate(RunBefores.java:28)
	at org.junit.internal.runners.statements.RunAfters.evaluate(RunAfters.java:31)
	at org.junit.runners.BlockJUnit4ClassRunner.runNotIgnored(BlockJUnit4ClassRunner.java:79)
	at org.junit.runners.BlockJUnit4ClassRunner.runChild(BlockJUnit4ClassRunner.java:71)
	at org.junit.runners.BlockJUnit4ClassRunner.runChild(BlockJUnit4ClassRunner.java:49)
	at org.junit.runners.ParentRunner$3.run(ParentRunner.java:193)
	at org.junit.runners.ParentRunner$1.schedule(ParentRunner.java:52)
	at org.junit.runners.ParentRunner.runChildren(ParentRunner.java:191)
	at org.junit.runners.ParentRunner.access$000(ParentRunner.java:42)
	at org.junit.runners.ParentRunner$2.evaluate(ParentRunner.java:184)
	at org.junit.runners.ParentRunner.run(ParentRunner.java:236)
	at junit.framework.JUnit4TestAdapter.run(JUnit4TestAdapter.java:39)
	at junit.framework.TestSuite.runTest(TestSuite.java:243)
	at junit.framework.TestSuite.run(TestSuite.java:238)
	at junit.framework.TestSuite.runTest(TestSuite.java:243)
	at junit.framework.TestSuite.run(TestSuite.java:238)
	at org.apache.tools.ant.taskdefs.optional.junit.JUnitTestRunner.run(JUnitTestRunner.java:420)
	at org.apache.tools.ant.taskdefs.optional.junit.JUnitTestRunner.launch(JUnitTestRunner.java:911)
	at org.apache.tools.ant.taskdefs.optional.junit.JUnitTestRunner.main(JUnitTestRunner.java:768)

Entering method [com.topcoder.reliability.impl.persistence.DatabaseReliabilityDataPersistence.saveUserReliabilityData(List<UserProjectReliabilityData> projects)].
Input parameters[projects:[com.topcoder.reliability.impl.UserProjectReliabilityData@6ab41dbb, com.topcoder.reliability.impl.UserProjectReliabilityData@570c16b7]]
Error in method [com.topcoder.reliability.impl.persistence.DatabaseReliabilityDataPersistence.saveUserReliabilityData(List<UserProjectReliabilityData> projects)], details: IllegalArgumentException is thrown.
java.lang.IllegalArgumentException: 'project.getResolutionDate()' should not be null.
	at com.topcoder.reliability.Helper.checkNull(Helper.java:131)
	at com.topcoder.reliability.impl.persistence.DatabaseReliabilityDataPersistence.checkProjects(DatabaseReliabilityDataPersistence.java:773)
	at com.topcoder.reliability.impl.persistence.DatabaseReliabilityDataPersistence.saveUserReliabilityData(DatabaseReliabilityDataPersistence.java:494)
	at com.topcoder.reliability.failuretests.impl.persistence.DatabaseReliabilityDataPersistenceFailureTests.testSaveUserReliabilityDataWithNullResolutionDate(DatabaseReliabilityDataPersistenceFailureTests.java:522)
	at sun.reflect.NativeMethodAccessorImpl.invoke0(Native Method)
	at sun.reflect.NativeMethodAccessorImpl.invoke(NativeMethodAccessorImpl.java:39)
	at sun.reflect.DelegatingMethodAccessorImpl.invoke(DelegatingMethodAccessorImpl.java:25)
	at java.lang.reflect.Method.invoke(Method.java:597)
	at org.junit.runners.model.FrameworkMethod$1.runReflectiveCall(FrameworkMethod.java:44)
	at org.junit.internal.runners.model.ReflectiveCallable.run(ReflectiveCallable.java:15)
	at org.junit.runners.model.FrameworkMethod.invokeExplosively(FrameworkMethod.java:41)
	at org.junit.internal.runners.statements.InvokeMethod.evaluate(InvokeMethod.java:20)
	at org.junit.internal.runners.statements.ExpectException.evaluate(ExpectException.java:21)
	at org.junit.internal.runners.statements.RunBefores.evaluate(RunBefores.java:28)
	at org.junit.internal.runners.statements.RunAfters.evaluate(RunAfters.java:31)
	at org.junit.runners.BlockJUnit4ClassRunner.runNotIgnored(BlockJUnit4ClassRunner.java:79)
	at org.junit.runners.BlockJUnit4ClassRunner.runChild(BlockJUnit4ClassRunner.java:71)
	at org.junit.runners.BlockJUnit4ClassRunner.runChild(BlockJUnit4ClassRunner.java:49)
	at org.junit.runners.ParentRunner$3.run(ParentRunner.java:193)
	at org.junit.runners.ParentRunner$1.schedule(ParentRunner.java:52)
	at org.junit.runners.ParentRunner.runChildren(ParentRunner.java:191)
	at org.junit.runners.ParentRunner.access$000(ParentRunner.java:42)
	at org.junit.runners.ParentRunner$2.evaluate(ParentRunner.java:184)
	at org.junit.runners.ParentRunner.run(ParentRunner.java:236)
	at junit.framework.JUnit4TestAdapter.run(JUnit4TestAdapter.java:39)
	at junit.framework.TestSuite.runTest(TestSuite.java:243)
	at junit.framework.TestSuite.run(TestSuite.java:238)
	at junit.framework.TestSuite.runTest(TestSuite.java:243)
	at junit.framework.TestSuite.run(TestSuite.java:238)
	at org.apache.tools.ant.taskdefs.optional.junit.JUnitTestRunner.run(JUnitTestRunner.java:420)
	at org.apache.tools.ant.taskdefs.optional.junit.JUnitTestRunner.launch(JUnitTestRunner.java:911)
	at org.apache.tools.ant.taskdefs.optional.junit.JUnitTestRunner.main(JUnitTestRunner.java:768)

Entering method [com.topcoder.reliability.impl.persistence.DatabaseReliabilityDataPersistence.saveUserReliabilityData(List<UserProjectReliabilityData> projects)].
Input parameters[projects:[com.topcoder.reliability.impl.UserProjectReliabilityData@6e6f83e2, com.topcoder.reliability.impl.UserProjectReliabilityData@5b3ba312]]
Error in method [com.topcoder.reliability.impl.persistence.DatabaseReliabilityDataPersistence.saveUserReliabilityData(List<UserProjectReliabilityData> projects)], details: IllegalArgumentException is thrown.
java.lang.IllegalArgumentException: 'projects' should not have different userId.
	at com.topcoder.reliability.impl.persistence.DatabaseReliabilityDataPersistence.checkProjects(DatabaseReliabilityDataPersistence.java:778)
	at com.topcoder.reliability.impl.persistence.DatabaseReliabilityDataPersistence.saveUserReliabilityData(DatabaseReliabilityDataPersistence.java:494)
	at com.topcoder.reliability.failuretests.impl.persistence.DatabaseReliabilityDataPersistenceFailureTests.testSaveUserReliabilityDataWithDifferentUserId(DatabaseReliabilityDataPersistenceFailureTests.java:542)
	at sun.reflect.NativeMethodAccessorImpl.invoke0(Native Method)
	at sun.reflect.NativeMethodAccessorImpl.invoke(NativeMethodAccessorImpl.java:39)
	at sun.reflect.DelegatingMethodAccessorImpl.invoke(DelegatingMethodAccessorImpl.java:25)
	at java.lang.reflect.Method.invoke(Method.java:597)
	at org.junit.runners.model.FrameworkMethod$1.runReflectiveCall(FrameworkMethod.java:44)
	at org.junit.internal.runners.model.ReflectiveCallable.run(ReflectiveCallable.java:15)
	at org.junit.runners.model.FrameworkMethod.invokeExplosively(FrameworkMethod.java:41)
	at org.junit.internal.runners.statements.InvokeMethod.evaluate(InvokeMethod.java:20)
	at org.junit.internal.runners.statements.ExpectException.evaluate(ExpectException.java:21)
	at org.junit.internal.runners.statements.RunBefores.evaluate(RunBefores.java:28)
	at org.junit.internal.runners.statements.RunAfters.evaluate(RunAfters.java:31)
	at org.junit.runners.BlockJUnit4ClassRunner.runNotIgnored(BlockJUnit4ClassRunner.java:79)
	at org.junit.runners.BlockJUnit4ClassRunner.runChild(BlockJUnit4ClassRunner.java:71)
	at org.junit.runners.BlockJUnit4ClassRunner.runChild(BlockJUnit4ClassRunner.java:49)
	at org.junit.runners.ParentRunner$3.run(ParentRunner.java:193)
	at org.junit.runners.ParentRunner$1.schedule(ParentRunner.java:52)
	at org.junit.runners.ParentRunner.runChildren(ParentRunner.java:191)
	at org.junit.runners.ParentRunner.access$000(ParentRunner.java:42)
	at org.junit.runners.ParentRunner$2.evaluate(ParentRunner.java:184)
	at org.junit.runners.ParentRunner.run(ParentRunner.java:236)
	at junit.framework.JUnit4TestAdapter.run(JUnit4TestAdapter.java:39)
	at junit.framework.TestSuite.runTest(TestSuite.java:243)
	at junit.framework.TestSuite.run(TestSuite.java:238)
	at junit.framework.TestSuite.runTest(TestSuite.java:243)
	at junit.framework.TestSuite.run(TestSuite.java:238)
	at org.apache.tools.ant.taskdefs.optional.junit.JUnitTestRunner.run(JUnitTestRunner.java:420)
	at org.apache.tools.ant.taskdefs.optional.junit.JUnitTestRunner.launch(JUnitTestRunner.java:911)
	at org.apache.tools.ant.taskdefs.optional.junit.JUnitTestRunner.main(JUnitTestRunner.java:768)

Entering method [com.topcoder.reliability.impl.persistence.DatabaseReliabilityDataPersistence.saveUserReliabilityData(List<UserProjectReliabilityData> projects)].
Input parameters[projects:[com.topcoder.reliability.impl.UserProjectReliabilityData@1f92ee25, com.topcoder.reliability.impl.UserProjectReliabilityData@6750cf54]]
Error in method [com.topcoder.reliability.impl.persistence.DatabaseReliabilityDataPersistence.saveUserReliabilityData(List<UserProjectReliabilityData> projects)], details: IllegalStateException is thrown.
java.lang.IllegalStateException: The connection is not opened.
	at com.topcoder.reliability.Helper.checkState(Helper.java:194)
	at com.topcoder.reliability.impl.persistence.DatabaseReliabilityDataPersistence.saveUserReliabilityData(DatabaseReliabilityDataPersistence.java:497)
	at com.topcoder.reliability.failuretests.impl.persistence.DatabaseReliabilityDataPersistenceFailureTests.testSaveUserReliabilityDataWithoutOpen(DatabaseReliabilityDataPersistenceFailureTests.java:562)
	at sun.reflect.NativeMethodAccessorImpl.invoke0(Native Method)
	at sun.reflect.NativeMethodAccessorImpl.invoke(NativeMethodAccessorImpl.java:39)
	at sun.reflect.DelegatingMethodAccessorImpl.invoke(DelegatingMethodAccessorImpl.java:25)
	at java.lang.reflect.Method.invoke(Method.java:597)
	at org.junit.runners.model.FrameworkMethod$1.runReflectiveCall(FrameworkMethod.java:44)
	at org.junit.internal.runners.model.ReflectiveCallable.run(ReflectiveCallable.java:15)
	at org.junit.runners.model.FrameworkMethod.invokeExplosively(FrameworkMethod.java:41)
	at org.junit.internal.runners.statements.InvokeMethod.evaluate(InvokeMethod.java:20)
	at org.junit.internal.runners.statements.ExpectException.evaluate(ExpectException.java:21)
	at org.junit.internal.runners.statements.RunBefores.evaluate(RunBefores.java:28)
	at org.junit.internal.runners.statements.RunAfters.evaluate(RunAfters.java:31)
	at org.junit.runners.BlockJUnit4ClassRunner.runNotIgnored(BlockJUnit4ClassRunner.java:79)
	at org.junit.runners.BlockJUnit4ClassRunner.runChild(BlockJUnit4ClassRunner.java:71)
	at org.junit.runners.BlockJUnit4ClassRunner.runChild(BlockJUnit4ClassRunner.java:49)
	at org.junit.runners.ParentRunner$3.run(ParentRunner.java:193)
	at org.junit.runners.ParentRunner$1.schedule(ParentRunner.java:52)
	at org.junit.runners.ParentRunner.runChildren(ParentRunner.java:191)
	at org.junit.runners.ParentRunner.access$000(ParentRunner.java:42)
	at org.junit.runners.ParentRunner$2.evaluate(ParentRunner.java:184)
	at org.junit.runners.ParentRunner.run(ParentRunner.java:236)
	at junit.framework.JUnit4TestAdapter.run(JUnit4TestAdapter.java:39)
	at junit.framework.TestSuite.runTest(TestSuite.java:243)
	at junit.framework.TestSuite.run(TestSuite.java:238)
	at junit.framework.TestSuite.runTest(TestSuite.java:243)
	at junit.framework.TestSuite.run(TestSuite.java:238)
	at org.apache.tools.ant.taskdefs.optional.junit.JUnitTestRunner.run(JUnitTestRunner.java:420)
	at org.apache.tools.ant.taskdefs.optional.junit.JUnitTestRunner.launch(JUnitTestRunner.java:911)
	at org.apache.tools.ant.taskdefs.optional.junit.JUnitTestRunner.main(JUnitTestRunner.java:768)

Entering method [com.topcoder.reliability.impl.persistence.DatabaseReliabilityDataPersistence.open()].
Exiting method [com.topcoder.reliability.impl.persistence.DatabaseReliabilityDataPersistence.open()], time spent in the method: 9 milliseconds.
Entering method [com.topcoder.reliability.impl.persistence.DatabaseReliabilityDataPersistence.saveUserReliabilityData(List<UserProjectReliabilityData> projects)].
Input parameters[projects:[com.topcoder.reliability.impl.UserProjectReliabilityData@3088890d, com.topcoder.reliability.impl.UserProjectReliabilityData@53ddcd5f]]
Error in method [com.topcoder.reliability.impl.persistence.DatabaseReliabilityDataPersistence.saveUserReliabilityData(List<UserProjectReliabilityData> projects)], details: A database access error occurred when rolling back (will be ignored).
java.sql.SQLException: Connection not established
	at com.informix.util.IfxErrMsg.getSQLException(IfxErrMsg.java:413)
	at com.informix.jdbc.IfxSqliConnect.rollback(IfxSqliConnect.java:2075)
	at com.topcoder.reliability.impl.persistence.DatabaseReliabilityDataPersistence.rollback(DatabaseReliabilityDataPersistence.java:799)
	at com.topcoder.reliability.impl.persistence.DatabaseReliabilityDataPersistence.saveUserReliabilityData(DatabaseReliabilityDataPersistence.java:537)
	at com.topcoder.reliability.failuretests.impl.persistence.DatabaseReliabilityDataPersistenceFailureTests.testSaveUserReliabilityDataWithPersistenceError(DatabaseReliabilityDataPersistenceFailureTests.java:587)
	at sun.reflect.NativeMethodAccessorImpl.invoke0(Native Method)
	at sun.reflect.NativeMethodAccessorImpl.invoke(NativeMethodAccessorImpl.java:39)
	at sun.reflect.DelegatingMethodAccessorImpl.invoke(DelegatingMethodAccessorImpl.java:25)
	at java.lang.reflect.Method.invoke(Method.java:597)
	at org.junit.runners.model.FrameworkMethod$1.runReflectiveCall(FrameworkMethod.java:44)
	at org.junit.internal.runners.model.ReflectiveCallable.run(ReflectiveCallable.java:15)
	at org.junit.runners.model.FrameworkMethod.invokeExplosively(FrameworkMethod.java:41)
	at org.junit.internal.runners.statements.InvokeMethod.evaluate(InvokeMethod.java:20)
	at org.junit.internal.runners.statements.ExpectException.evaluate(ExpectException.java:21)
	at org.junit.internal.runners.statements.RunBefores.evaluate(RunBefores.java:28)
	at org.junit.internal.runners.statements.RunAfters.evaluate(RunAfters.java:31)
	at org.junit.runners.BlockJUnit4ClassRunner.runNotIgnored(BlockJUnit4ClassRunner.java:79)
	at org.junit.runners.BlockJUnit4ClassRunner.runChild(BlockJUnit4ClassRunner.java:71)
	at org.junit.runners.BlockJUnit4ClassRunner.runChild(BlockJUnit4ClassRunner.java:49)
	at org.junit.runners.ParentRunner$3.run(ParentRunner.java:193)
	at org.junit.runners.ParentRunner$1.schedule(ParentRunner.java:52)
	at org.junit.runners.ParentRunner.runChildren(ParentRunner.java:191)
	at org.junit.runners.ParentRunner.access$000(ParentRunner.java:42)
	at org.junit.runners.ParentRunner$2.evaluate(ParentRunner.java:184)
	at org.junit.runners.ParentRunner.run(ParentRunner.java:236)
	at junit.framework.JUnit4TestAdapter.run(JUnit4TestAdapter.java:39)
	at junit.framework.TestSuite.runTest(TestSuite.java:243)
	at junit.framework.TestSuite.run(TestSuite.java:238)
	at junit.framework.TestSuite.runTest(TestSuite.java:243)
	at junit.framework.TestSuite.run(TestSuite.java:238)
	at org.apache.tools.ant.taskdefs.optional.junit.JUnitTestRunner.run(JUnitTestRunner.java:420)
	at org.apache.tools.ant.taskdefs.optional.junit.JUnitTestRunner.launch(JUnitTestRunner.java:911)
	at org.apache.tools.ant.taskdefs.optional.junit.JUnitTestRunner.main(JUnitTestRunner.java:768)

Error in method [com.topcoder.reliability.impl.persistence.DatabaseReliabilityDataPersistence.saveUserReliabilityData(List<UserProjectReliabilityData> projects)], details: ReliabilityDataPersistenceException is thrown when updating the current user reliability.
com.topcoder.reliability.impl.ReliabilityDataPersistenceException: A database access error occurred.
	at com.topcoder.reliability.impl.persistence.DatabaseReliabilityDataPersistence.saveUserReliabilityData(DatabaseReliabilityDataPersistence.java:539)
	at com.topcoder.reliability.failuretests.impl.persistence.DatabaseReliabilityDataPersistenceFailureTests.testSaveUserReliabilityDataWithPersistenceError(DatabaseReliabilityDataPersistenceFailureTests.java:587)
	at sun.reflect.NativeMethodAccessorImpl.invoke0(Native Method)
	at sun.reflect.NativeMethodAccessorImpl.invoke(NativeMethodAccessorImpl.java:39)
	at sun.reflect.DelegatingMethodAccessorImpl.invoke(DelegatingMethodAccessorImpl.java:25)
	at java.lang.reflect.Method.invoke(Method.java:597)
	at org.junit.runners.model.FrameworkMethod$1.runReflectiveCall(FrameworkMethod.java:44)
	at org.junit.internal.runners.model.ReflectiveCallable.run(ReflectiveCallable.java:15)
	at org.junit.runners.model.FrameworkMethod.invokeExplosively(FrameworkMethod.java:41)
	at org.junit.internal.runners.statements.InvokeMethod.evaluate(InvokeMethod.java:20)
	at org.junit.internal.runners.statements.ExpectException.evaluate(ExpectException.java:21)
	at org.junit.internal.runners.statements.RunBefores.evaluate(RunBefores.java:28)
	at org.junit.internal.runners.statements.RunAfters.evaluate(RunAfters.java:31)
	at org.junit.runners.BlockJUnit4ClassRunner.runNotIgnored(BlockJUnit4ClassRunner.java:79)
	at org.junit.runners.BlockJUnit4ClassRunner.runChild(BlockJUnit4ClassRunner.java:71)
	at org.junit.runners.BlockJUnit4ClassRunner.runChild(BlockJUnit4ClassRunner.java:49)
	at org.junit.runners.ParentRunner$3.run(ParentRunner.java:193)
	at org.junit.runners.ParentRunner$1.schedule(ParentRunner.java:52)
	at org.junit.runners.ParentRunner.runChildren(ParentRunner.java:191)
	at org.junit.runners.ParentRunner.access$000(ParentRunner.java:42)
	at org.junit.runners.ParentRunner$2.evaluate(ParentRunner.java:184)
	at org.junit.runners.ParentRunner.run(ParentRunner.java:236)
	at junit.framework.JUnit4TestAdapter.run(JUnit4TestAdapter.java:39)
	at junit.framework.TestSuite.runTest(TestSuite.java:243)
	at junit.framework.TestSuite.run(TestSuite.java:238)
	at junit.framework.TestSuite.runTest(TestSuite.java:243)
	at junit.framework.TestSuite.run(TestSuite.java:238)
	at org.apache.tools.ant.taskdefs.optional.junit.JUnitTestRunner.run(JUnitTestRunner.java:420)
	at org.apache.tools.ant.taskdefs.optional.junit.JUnitTestRunner.launch(JUnitTestRunner.java:911)
	at org.apache.tools.ant.taskdefs.optional.junit.JUnitTestRunner.main(JUnitTestRunner.java:768)
Caused by: java.sql.SQLException: Connection not established
	at com.informix.util.IfxErrMsg.getSQLException(IfxErrMsg.java:413)
	at com.informix.jdbc.IfxSqliConnect.h(IfxSqliConnect.java:6588)
	at com.informix.jdbc.IfxSqliConnect.prepareStatement(IfxSqliConnect.java:2396)
	at com.topcoder.reliability.impl.persistence.DatabaseReliabilityDataPersistence.executeUpdate(DatabaseReliabilityDataPersistence.java:829)
	at com.topcoder.reliability.impl.persistence.DatabaseReliabilityDataPersistence.saveUserReliabilityData(DatabaseReliabilityDataPersistence.java:501)
	... 29 more

Test testCalculate_Small running time 36 ms for run count 5. Average time per run - 7 ms/run.
Test testCalculate_Large running time 2101 ms for run count 25. Average time per run - 84 ms/run.
Test testGetIdsOfUsersWithReliability_Large running time 180 ms for run count 25. Average time per run - 7 ms/run.
Test testGetIdsOfUsersWithReliability_Small running time 120 ms for run count 5. Average time per run - 24 ms/run.
Test testGetUserParticipationData_Large running time 211 ms for run count 25. Average time per run - 8 ms/run.
Test testGetUserParticipationData_Small running time 122 ms for run count 5. Average time per run - 24 ms/run.
Test testSaveUserReliabilityData_Small running time 520 ms for run count 5. Average time per run - 104 ms/run.
Test testSaveUserReliabilityData_Large running time 6473 ms for run count 1. Average time per run - 6473 ms/run.
Test testUpdateCurrentUserReliability_Large running time 286 ms for run count 25. Average time per run - 11 ms/run.
Test testUpdateCurrentUserReliability_Small running time 90 ms for run count 5. Average time per run - 18 ms/run.
Test testCalculate_Small running time 95 ms for run count 5. Average time per run - 19 ms/run.
Test testCalculate_Large running time 316 ms for run count 25. Average time per run - 12 ms/run.
Test testCalculate_SmallLotsOfUsers1 running time 6401 ms for run count 5. Average time per run - 1280 ms/run.
Test testCalculate_SmallLotsOfUsers2 running time 64452 ms for run count 5. Average time per run - 12890 ms/run.
Test testCalculate_Small running time 28 ms for run count 5. Average time per run - 5 ms/run.
Test testCalculate_Large running time 122 ms for run count 25. Average time per run - 4 ms/run.
Test testCompare_Small running time 4 ms for run count 5. Average time per run - 0 ms/run.
Test testCompare_Large running time 3 ms for run count 25. Average time per run - 0 ms/run.
Test testCalculate_Small running time 30 ms for run count 5. Average time per run - 6 ms/run.
Test testCalculate_Large running time 123 ms for run count 25. Average time per run - 4 ms/run.
Test testMain_Small running time 483 ms for run count 5. Average time per run - 96 ms/run.
Test testMain_Large running time 2289 ms for run count 25. Average time per run - 91 ms/run.
]]></system-out>
  <system-err><![CDATA[com.topcoder.configuration.persistence.UnrecognizedFileTypeException: Can't recognize file not_exist
	at com.topcoder.configuration.persistence.ConfigurationFileManager.getPersistence(ConfigurationFileManager.java:665)
	at com.topcoder.configuration.persistence.ConfigurationFileManager.loadConfigFile(ConfigurationFileManager.java:698)
	at com.topcoder.configuration.persistence.ConfigurationFileManager.<init>(ConfigurationFileManager.java:142)
	at com.topcoder.reliability.ReliabilityCalculationUtility.main(ReliabilityCalculationUtility.java:455)
	at com.topcoder.reliability.ReliabilityCalculationUtilityUnitTests.callMainFailure(ReliabilityCalculationUtilityUnitTests.java:241)
	at com.topcoder.reliability.ReliabilityCalculationUtilityUnitTests.test_main_cIncorrect(ReliabilityCalculationUtilityUnitTests.java:200)
	at sun.reflect.NativeMethodAccessorImpl.invoke0(Native Method)
	at sun.reflect.NativeMethodAccessorImpl.invoke(NativeMethodAccessorImpl.java:39)
	at sun.reflect.DelegatingMethodAccessorImpl.invoke(DelegatingMethodAccessorImpl.java:25)
	at java.lang.reflect.Method.invoke(Method.java:597)
	at org.junit.runners.model.FrameworkMethod$1.runReflectiveCall(FrameworkMethod.java:44)
	at org.junit.internal.runners.model.ReflectiveCallable.run(ReflectiveCallable.java:15)
	at org.junit.runners.model.FrameworkMethod.invokeExplosively(FrameworkMethod.java:41)
	at org.junit.internal.runners.statements.InvokeMethod.evaluate(InvokeMethod.java:20)
	at org.junit.internal.runners.statements.RunBefores.evaluate(RunBefores.java:28)
	at org.junit.internal.runners.statements.RunAfters.evaluate(RunAfters.java:31)
	at org.junit.runners.BlockJUnit4ClassRunner.runNotIgnored(BlockJUnit4ClassRunner.java:79)
	at org.junit.runners.BlockJUnit4ClassRunner.runChild(BlockJUnit4ClassRunner.java:71)
	at org.junit.runners.BlockJUnit4ClassRunner.runChild(BlockJUnit4ClassRunner.java:49)
	at org.junit.runners.ParentRunner$3.run(ParentRunner.java:193)
	at org.junit.runners.ParentRunner$1.schedule(ParentRunner.java:52)
	at org.junit.runners.ParentRunner.runChildren(ParentRunner.java:191)
	at org.junit.runners.ParentRunner.access$000(ParentRunner.java:42)
	at org.junit.runners.ParentRunner$2.evaluate(ParentRunner.java:184)
	at org.junit.runners.ParentRunner.run(ParentRunner.java:236)
	at junit.framework.JUnit4TestAdapter.run(JUnit4TestAdapter.java:39)
	at junit.framework.TestSuite.runTest(TestSuite.java:243)
	at junit.framework.TestSuite.run(TestSuite.java:238)
	at junit.framework.TestSuite.runTest(TestSuite.java:243)
	at junit.framework.TestSuite.run(TestSuite.java:238)
	at org.apache.tools.ant.taskdefs.optional.junit.JUnitTestRunner.run(JUnitTestRunner.java:420)
	at org.apache.tools.ant.taskdefs.optional.junit.JUnitTestRunner.launch(JUnitTestRunner.java:911)
	at org.apache.tools.ant.taskdefs.optional.junit.JUnitTestRunner.main(JUnitTestRunner.java:768)
java.lang.NumberFormatException: For input string: "invalid_numm"
	at java.lang.NumberFormatException.forInputString(NumberFormatException.java:48)
	at java.lang.Long.parseLong(Long.java:410)
	at java.lang.Long.parseLong(Long.java:468)
	at com.topcoder.reliability.ReliabilityCalculationUtility.parseProjectCategoryIds(ReliabilityCalculationUtility.java:519)
	at com.topcoder.reliability.ReliabilityCalculationUtility.main(ReliabilityCalculationUtility.java:484)
	at com.topcoder.reliability.ReliabilityCalculationUtilityUnitTests.callMainFailure(ReliabilityCalculationUtilityUnitTests.java:241)
	at com.topcoder.reliability.ReliabilityCalculationUtilityUnitTests.test_main_pcIncorrect(ReliabilityCalculationUtilityUnitTests.java:214)
	at sun.reflect.NativeMethodAccessorImpl.invoke0(Native Method)
	at sun.reflect.NativeMethodAccessorImpl.invoke(NativeMethodAccessorImpl.java:39)
	at sun.reflect.DelegatingMethodAccessorImpl.invoke(DelegatingMethodAccessorImpl.java:25)
	at java.lang.reflect.Method.invoke(Method.java:597)
	at org.junit.runners.model.FrameworkMethod$1.runReflectiveCall(FrameworkMethod.java:44)
	at org.junit.internal.runners.model.ReflectiveCallable.run(ReflectiveCallable.java:15)
	at org.junit.runners.model.FrameworkMethod.invokeExplosively(FrameworkMethod.java:41)
	at org.junit.internal.runners.statements.InvokeMethod.evaluate(InvokeMethod.java:20)
	at org.junit.internal.runners.statements.RunBefores.evaluate(RunBefores.java:28)
	at org.junit.internal.runners.statements.RunAfters.evaluate(RunAfters.java:31)
	at org.junit.runners.BlockJUnit4ClassRunner.runNotIgnored(BlockJUnit4ClassRunner.java:79)
	at org.junit.runners.BlockJUnit4ClassRunner.runChild(BlockJUnit4ClassRunner.java:71)
	at org.junit.runners.BlockJUnit4ClassRunner.runChild(BlockJUnit4ClassRunner.java:49)
	at org.junit.runners.ParentRunner$3.run(ParentRunner.java:193)
	at org.junit.runners.ParentRunner$1.schedule(ParentRunner.java:52)
	at org.junit.runners.ParentRunner.runChildren(ParentRunner.java:191)
	at org.junit.runners.ParentRunner.access$000(ParentRunner.java:42)
	at org.junit.runners.ParentRunner$2.evaluate(ParentRunner.java:184)
	at org.junit.runners.ParentRunner.run(ParentRunner.java:236)
	at junit.framework.JUnit4TestAdapter.run(JUnit4TestAdapter.java:39)
	at junit.framework.TestSuite.runTest(TestSuite.java:243)
	at junit.framework.TestSuite.run(TestSuite.java:238)
	at junit.framework.TestSuite.runTest(TestSuite.java:243)
	at junit.framework.TestSuite.run(TestSuite.java:238)
	at org.apache.tools.ant.taskdefs.optional.junit.JUnitTestRunner.run(JUnitTestRunner.java:420)
	at org.apache.tools.ant.taskdefs.optional.junit.JUnitTestRunner.launch(JUnitTestRunner.java:911)
	at org.apache.tools.ant.taskdefs.optional.junit.JUnitTestRunner.main(JUnitTestRunner.java:768)
The value for '-u' is incorrect.
com.topcoder.reliability.ProjectCategoryNotSupportedException: Project category with the ID '2' is not supported by this reliability calculator.
	at com.topcoder.reliability.impl.ReliabilityCalculatorImpl.calculateHelper(ReliabilityCalculatorImpl.java:371)
	at com.topcoder.reliability.impl.ReliabilityCalculatorImpl.calculate(ReliabilityCalculatorImpl.java:322)
	at com.topcoder.reliability.ReliabilityCalculationUtility.process(ReliabilityCalculationUtility.java:589)
	at com.topcoder.reliability.ReliabilityCalculationUtility.main(ReliabilityCalculationUtility.java:489)
	at com.topcoder.reliability.accuracytests.ReliabilityCalculatorUtilityAccuracy.testMain_NoUpdate(ReliabilityCalculatorUtilityAccuracy.java:111)
	at sun.reflect.NativeMethodAccessorImpl.invoke0(Native Method)
	at sun.reflect.NativeMethodAccessorImpl.invoke(NativeMethodAccessorImpl.java:39)
	at sun.reflect.DelegatingMethodAccessorImpl.invoke(DelegatingMethodAccessorImpl.java:25)
	at java.lang.reflect.Method.invoke(Method.java:597)
	at junit.framework.TestCase.runTest(TestCase.java:168)
	at junit.framework.TestCase.runBare(TestCase.java:134)
	at junit.framework.TestResult$1.protect(TestResult.java:110)
	at junit.framework.TestResult.runProtected(TestResult.java:128)
	at junit.framework.TestResult.run(TestResult.java:113)
	at junit.framework.TestCase.run(TestCase.java:124)
	at junit.framework.TestSuite.runTest(TestSuite.java:243)
	at junit.framework.TestSuite.run(TestSuite.java:238)
	at junit.framework.TestSuite.runTest(TestSuite.java:243)
	at junit.framework.TestSuite.run(TestSuite.java:238)
	at junit.framework.TestSuite.runTest(TestSuite.java:243)
	at junit.framework.TestSuite.run(TestSuite.java:238)
	at org.apache.tools.ant.taskdefs.optional.junit.JUnitTestRunner.run(JUnitTestRunner.java:420)
	at org.apache.tools.ant.taskdefs.optional.junit.JUnitTestRunner.launch(JUnitTestRunner.java:911)
	at org.apache.tools.ant.taskdefs.optional.junit.JUnitTestRunner.main(JUnitTestRunner.java:768)
com.topcoder.reliability.ProjectCategoryNotSupportedException: Project category with the ID '2' is not supported by this reliability calculator.
	at com.topcoder.reliability.impl.ReliabilityCalculatorImpl.calculateHelper(ReliabilityCalculatorImpl.java:371)
	at com.topcoder.reliability.impl.ReliabilityCalculatorImpl.calculate(ReliabilityCalculatorImpl.java:322)
	at com.topcoder.reliability.ReliabilityCalculationUtility.process(ReliabilityCalculationUtility.java:589)
	at com.topcoder.reliability.ReliabilityCalculationUtility.main(ReliabilityCalculationUtility.java:489)
	at com.topcoder.reliability.accuracytests.ReliabilityCalculatorUtilityAccuracy.testMain_Update(ReliabilityCalculatorUtilityAccuracy.java:157)
	at sun.reflect.NativeMethodAccessorImpl.invoke0(Native Method)
	at sun.reflect.NativeMethodAccessorImpl.invoke(NativeMethodAccessorImpl.java:39)
	at sun.reflect.DelegatingMethodAccessorImpl.invoke(DelegatingMethodAccessorImpl.java:25)
	at java.lang.reflect.Method.invoke(Method.java:597)
	at junit.framework.TestCase.runTest(TestCase.java:168)
	at junit.framework.TestCase.runBare(TestCase.java:134)
	at junit.framework.TestResult$1.protect(TestResult.java:110)
	at junit.framework.TestResult.runProtected(TestResult.java:128)
	at junit.framework.TestResult.run(TestResult.java:113)
	at junit.framework.TestCase.run(TestCase.java:124)
	at junit.framework.TestSuite.runTest(TestSuite.java:243)
	at junit.framework.TestSuite.run(TestSuite.java:238)
	at junit.framework.TestSuite.runTest(TestSuite.java:243)
	at junit.framework.TestSuite.run(TestSuite.java:238)
	at junit.framework.TestSuite.runTest(TestSuite.java:243)
	at junit.framework.TestSuite.run(TestSuite.java:238)
	at org.apache.tools.ant.taskdefs.optional.junit.JUnitTestRunner.run(JUnitTestRunner.java:420)
	at org.apache.tools.ant.taskdefs.optional.junit.JUnitTestRunner.launch(JUnitTestRunner.java:911)
	at org.apache.tools.ant.taskdefs.optional.junit.JUnitTestRunner.main(JUnitTestRunner.java:768)
]]></system-err>
</testsuite>
