<?xml version="1.0" encoding="UTF-8" ?>
<testsuite errors="0" failures="0" hostname="Yeung-PC" name="com.topcoder.reliability.AllTests" tests="494" time="48.48" timestamp="2010-11-30T08:39:25">
  <properties>
    <property name="java.vendor" value="Sun Microsystems Inc." />
    <property name="package" value="com.topcoder.reliability" />
    <property name="docpackage.jar" value="reliability_calculator_docs.jar" />
    <property name="sun.java.launcher" value="SUN_STANDARD" />
    <property name="checkstyle.dir" value="d:\Tools\checkstyle\" />
    <property name="sun.management.compiler" value="HotSpot 64-Bit Server Compiler" />
    <property name="manifest_file_path" value="build/dist/reliability_calculator-1.0.0/META-INF/" />
    <property name="verbose" value="no" />
    <property name="command_line_utility.jar" value="d:\tcs\java\lib/tcs/command_line_utility/1.0/command_line_utility.jar" />
    <property name="os.name" value="Windows 7" />
    <property name="sun.boot.class.path" value="C:\Program Files\Java\jdk1.6.0_21\jre\lib\resources.jar;C:\Program Files\Java\jdk1.6.0_21\jre\lib\rt.jar;C:\Program Files\Java\jdk1.6.0_21\jre\lib\sunrsasign.jar;C:\Program Files\Java\jdk1.6.0_21\jre\lib\jsse.jar;C:\Program Files\Java\jdk1.6.0_21\jre\lib\jce.jar;C:\Program Files\Java\jdk1.6.0_21\jre\lib\charsets.jar;C:\Program Files\Java\jdk1.6.0_21\jre\classes" />
    <property name="docsdir" value="docs" />
    <property name="javadoc.jar" value="javadocs.jar" />
    <property name="design_submission.jar" value="reliability_calculator_1.0.0_design_submission.jar" />
    <property name="sun.desktop" value="windows" />
    <property name="component.tests.jar" value="build/dist/lib/tcs/reliability_calculator_tests.jar" />
    <property name="object_formatter.jar" value="d:\tcs\java\lib/tcs/object_formatter/1.0.0/object_formatter.jar" />
    <property name="java.vm.specification.vendor" value="Sun Microsystems Inc." />
    <property name="net.sourceforge.cobertura.datafile" value="D:\review\79389\log\cobertura.ser" />
    <property name="ant.home" value="d:\Tools\ant\bin\.." />
    <property name="java.runtime.version" value="1.6.0_21-b07" />
    <property name="component_path" value="reliability_calculator/1.0.0" />
    <property name="cobertura.dir" value="d:\Tools\cobertura-1.8" />
    <property name="component.version.micro" value="0" />
    <property name="user.name" value="Yeung" />
    <property name="manifest_file" value="build/dist/reliability_calculator-1.0.0/META-INF//MANIFEST.MF" />
    <property name="logging_wrapper.jar" value="d:\tcs\java\lib/tcs/logging_wrapper/2.0.0/logging_wrapper.jar" />
    <property name="debug" value="off" />
    <property name="reports" value="log/reports" />
    <property name="testfiles" value="test_files" />
    <property name="component.version.major" value="1" />
    <property name="component_version" value="1.0.0" />
    <property name="dist_coverage" value="build/dist/reliability_calculator-1.0.0/docs/coverage" />
    <property name="component.packagedir" value="com/topcoder/reliability" />
    <property name="user.language" value="en" />
    <property name="cobertura.datafile" value="log/cobertura.ser" />
    <property name="javadoc.locale" value="en_US" />
    <property name="sun.boot.library.path" value="C:\Program Files\Java\jdk1.6.0_21\jre\bin" />
    <property name="configuration_persistence.jar" value="d:\tcs\java\lib/tcs/configuration_persistence/1.0.2/configuration_persistence.jar" />
    <property name="tcs_libdir" value="d:\tcs\java\lib/tcs" />
    <property name="srcdir" value="src" />
    <property name="ant.project.name" value="TopCoder Java Generic Build" />
    <property name="component.bootclasspath" value="${java_1_x_bootclasspath}" />
    <property name="component.version.minor" value="0" />
    <property name="java.version" value="1.6.0_21" />
    <property name="user.timezone" value="" />
    <property name="dev_dist.jar" value="reliability_calculator_1.0.0_dev_dist.jar" />
    <property name="sun.arch.data.model" value="64" />
    <property name="cobertura.format" value="html" />
    <property name="java.endorsed.dirs" value="C:\Program Files\Java\jdk1.6.0_21\jre\lib\endorsed" />
    <property name="sun.cpu.isalist" value="amd64" />
    <property name="packagedir" value="com/topcoder/reliability" />
    <property name="sun.jnu.encoding" value="GBK" />
    <property name="checkstyle.tc.tests" value="d:\Tools\checkstyle\/tc_test_checks-1.5.xml" />
    <property name="file.encoding.pkg" value="sun.io" />
    <property name="file.separator" value="\" />
    <property name="java.specification.name" value="Java Platform API Specification" />
    <property name="build_docsdir" value="build/docs" />
    <property name="dev_submission.jar" value="reliability_calculator_1.0.0_dev_submission.jar" />
    <property name="java.class.version" value="50.0" />
    <property name="db_connection_factory.jar" value="d:\tcs\java\lib/tcs/db_connection_factory/1.1/db_connection_factory.jar" />
    <property name="build_testclassdir" value="build/testClasses" />
    <property name="user.country" value="US" />
    <property name="java.home" value="C:\Program Files\Java\jdk1.6.0_21\jre" />
    <property name="component.distfilename" value="reliability_calculator" />
    <property name="component.version.build" value="1" />
    <property name="java.vm.info" value="mixed mode" />
    <property name="ant.file" value="D:\review\79389\build.xml" />
    <property name="os.version" value="6.1" />
    <property name="build_distdir" value="build/dist" />
    <property name="dist_docpackage" value="build/doc_package" />
    <property name="ifxjdbc.jar" value="d:\tcs\java\lib/third_party/ifxjdbc.jar" />
    <property name="build_tcsdistdir" value="build/dist/reliability_calculator-1.0.0" />
    <property name="path.separator" value=";" />
    <property name="java.vm.version" value="17.0-b17" />
    <property name="testlogdir" value="log" />
    <property name="user.variant" value="" />
    <property name="ant.library.dir" value="D:\Tools\ant\lib" />
    <property name="checkstyle.tc" value="d:\Tools\checkstyle\/tc_checks-1.5.xml" />
    <property name="component.name" value="Reliability Calculator" />
    <property name="base_exception.jar" value="d:\tcs\java\lib/tcs/base_exception/2.0.0/base_exception.jar" />
    <property name="javamain" value="src/java/main" />
    <property name="dist_javadocs" value="build/dist/reliability_calculator-1.0.0/docs/javadocs" />
    <property name="dist_lib" value="build/dist/lib/tcs" />
    <property name="java.awt.printerjob" value="sun.awt.windows.WPrinterJob" />
    <property name="sun.io.unicode.encoding" value="UnicodeLittle" />
    <property name="component" value="Reliability Calculator" />
    <property name="awt.toolkit" value="sun.awt.windows.WToolkit" />
    <property name="user.home" value="C:\Users\Yeung" />
    <property name="object_factory_configuration_api_plugin.jar" value="d:\tcs\java\lib/tcs/object_factory_configuration_api_plugin/1.0.0/object_factory_configuration_api_plugin.jar" />
    <property name="java.specification.vendor" value="Sun Microsystems Inc." />
    <property name="object_factory.jar" value="d:\tcs\java\lib/tcs/object_factory/2.0.1/object_factory.jar" />
    <property name="java.library.path" value="C:\Program Files\Java\jdk1.6.0_21\jre\bin;.;C:\Windows\Sun\Java\bin;C:\Windows\system32;C:\Windows;c:\Program Files (x86)\Microsoft Visual Studio 9.0\Common7\IDE;c:\Program Files (x86)\Microsoft Visual Studio 9.0\VC\BIN;c:\Program Files (x86)\Microsoft Visual Studio 9.0\Common7\Tools;c:\Windows\Microsoft.NET\Framework\v3.5;c:\Windows\Microsoft.NET\Framework\v2.0.50727;c:\Program Files (x86)\Microsoft Visual Studio 9.0\VC\VCPackages;C:\Program Files\Microsoft SDKs\Windows\v6.0A\bin;C:\Program Files\ibm\gsk8\lib64;C:\Program Files\ibm\gsk8\bin;C:\Program Files\IBM\Informix\11.70\bin;C:\Windows\system32;C:\Windows;C:\Windows\System32\Wbem;C:\Windows\System32\WindowsPowerShell\v1.0\;c:\Program Files (x86)\Java\jre6\bin;C:\Program Files\TortoiseSVN\bin;C:\Program Files (x86)\ATI Technologies\ATI.ACE\Core-Static;d:\Tools\ant\bin;c:\Program Files (x86)\Microsoft SQL Server\100\Tools\Binn\VSShell\Common7\IDE\;c:\Program Files (x86)\Microsoft SQL Server\100\Tools\Binn\;c:\Program Files\Microsoft SQL Server\100\Tools\Binn\;c:\Program Files (x86)\Microsoft SQL Server\100\DTS\Binn\;C:\Program Files (x86)\Common Files\Thunder Network\KanKan\Codecs;C:\Program Files\NCover\" />
    <property name="java.vendor.url" value="http://java.sun.com/" />
    <property name="build_javadocsdir" value="build/docs/javadocs" />
    <property name="configdir" value="conf" />
    <property name="java.vm.vendor" value="Sun Microsystems Inc." />
    <property name="ant.file.TopCoder Java Generic Build" value="D:\review\79389\build.xml" />
    <property name="java.runtime.name" value="Java(TM) SE Runtime Environment" />
    <property name="ant.version" value="Apache Ant version 1.7.1 compiled on June 27 2008" />
    <property name="java.class.path" value="D:\review\79389\build\instrumented;D:\review\79389\build\testClasses;d:\tcs\java\lib\third_party\junit\junit-4.8.2.jar;d:\tcs\java\lib\third_party\ifxjdbc.jar;d:\tcs\java\lib\tcs\base_exception\2.0.0\base_exception.jar;d:\tcs\java\lib\tcs\configuration_api\1.0.0\configuration_api.jar;d:\tcs\java\lib\tcs\configuration_persistence\1.0.2\configuration_persistence.jar;d:\tcs\java\lib\tcs\logging_wrapper\2.0.0\logging_wrapper.jar;d:\tcs\java\lib\tcs\command_line_utility\1.0\command_line_utility.jar;d:\tcs\java\lib\tcs\db_connection_factory\1.1\db_connection_factory.jar;d:\tcs\java\lib\tcs\object_factory\2.0.1\object_factory.jar;d:\tcs\java\lib\tcs\object_factory_configuration_api_plugin\1.0.0\object_factory_configuration_api_plugin.jar;d:\tcs\java\lib\tcs\configuration_manager\2.1.5\configuration_manager.jar;d:\tcs\java\lib\tcs\object_formatter\1.0.0\object_formatter.jar;d:\tcs\java\lib\tcs\typesafe_enum\1.1.0\typesafe_enum.jar;D:\review\79389\build\classes;D:\review\79389\test_files;D:\review\79389\conf;d:\Tools\cobertura-1.8\cobertura.jar;d:\Tools\cobertura-1.8\lib\asm-2.2.1.jar;d:\Tools\cobertura-1.8\lib\jakarta-oro-2.0.8.jar;d:\Tools\cobertura-1.8\lib\log4j-1.2.9.jar;D:\Tools\ant\lib\ant-launcher.jar;D:\Tools\ant\lib\ant.jar;D:\Tools\ant\lib\ant-junit.jar" />
    <property name="configuration_manager.jar" value="d:\tcs\java\lib/tcs/configuration_manager/2.1.5/configuration_manager.jar" />
    <property name="ext_libdir" value="d:\tcs\java\lib/third_party" />
    <property name="builddir" value="build" />
    <property name="java.vm.specification.name" value="Java Virtual Machine Specification" />
    <property name="java.vm.specification.version" value="1.0" />
    <property name="junit.jar" value="d:\tcs\java\lib/third_party/junit/junit-4.8.2.jar" />
    <property name="component.dist.jar" value="build/dist/reliability_calculator-1.0.0.jar" />
    <property name="sun.os.patch.level" value="" />
    <property name="sun.cpu.endian" value="little" />
    <property name="component.mainclass" value="" />
    <property name="java.io.tmpdir" value="C:\Users\Yeung\AppData\Local\Temp\" />
    <property name="component.target" value="1.x" />
    <property name="java.vendor.url.bug" value="http://java.sun.com/cgi-bin/bugreport.cgi" />
    <property name="build_targetclassdir" value="build/targetclasses" />
    <property name="javac.encoding" value="UTF-8" />
    <property name="build_classdir" value="build/classes" />
    <property name="javatests" value="src/java/tests" />
    <property name="javadocsdir" value="docs/javadocs" />
    <property name="java.awt.graphicsenv" value="sun.awt.Win32GraphicsEnvironment" />
    <property name="os.arch" value="amd64" />
    <property name="instrumented.dir" value="build/instrumented" />
    <property name="test_reflib" value="test_reflib" />
    <property name="typesafe_enum.jar" value="d:\tcs\java\lib/tcs/typesafe_enum/1.1.0/typesafe_enum.jar" />
    <property name="java.ext.dirs" value="C:\Program Files\Java\jdk1.6.0_21\jre\lib\ext;C:\Windows\Sun\Java\lib\ext" />
    <property name="user.dir" value="D:\review\79389" />
    <property name="design_dist.jar" value="reliability_calculator_1.0.0_design_dist.jar" />
    <property name="libdir" value="d:\tcs\java\lib" />
    <property name="javasrc" value="src/java" />
    <property name="line.separator" value="
" />
    <property name="java.vm.name" value="Java HotSpot(TM) 64-Bit Server VM" />
    <property name="distfilename" value="reliability_calculator" />
    <property name="basedir" value="D:\review\79389" />
    <property name="ant.java.version" value="1.6" />
    <property name="configuration_api.jar" value="d:\tcs\java\lib/tcs/configuration_api/1.0.0/configuration_api.jar" />
    <property name="ant.core.lib" value="D:\Tools\ant\lib\ant.jar" />
    <property name="file.encoding" value="Cp1252" />
    <property name="dist_docs" value="build/dist/reliability_calculator-1.0.0/docs" />
    <property name="component.jar" value="build/dist/lib/tcs/reliability_calculator/1.0.0/reliability_calculator.jar" />
    <property name="java.specification.version" value="1.6" />
    <property name="target_libdir" value="d:\tcs\java\lib/tcs" />
    <property name="component.package" value="com.topcoder.reliability" />
    <property name="ant.file.Dependency Import" value="D:\review\79389\build-dependencies.xml" />
  </properties>
  <testcase classname="com.topcoder.reliability.Demo" name="testDemo" time="0.854" />
  <testcase classname="com.topcoder.reliability.HelperUnitTests" name="test_checkNull_Null" time="0.014" />
  <testcase classname="com.topcoder.reliability.HelperUnitTests" name="test_checkNull" time="0.013" />
  <testcase classname="com.topcoder.reliability.HelperUnitTests" name="test_checkPositive_Negative" time="0.012" />
  <testcase classname="com.topcoder.reliability.HelperUnitTests" name="test_checkPositive" time="0.011" />
  <testcase classname="com.topcoder.reliability.HelperUnitTests" name="test_checkList_Null" time="0.01" />
  <testcase classname="com.topcoder.reliability.HelperUnitTests" name="test_checkList" time="0.01" />
  <testcase classname="com.topcoder.reliability.HelperUnitTests" name="test_checkState_Invalid" time="0.011" />
  <testcase classname="com.topcoder.reliability.HelperUnitTests" name="test_checkState" time="0.012" />
  <testcase classname="com.topcoder.reliability.HelperUnitTests" name="test_getLog" time="0.0090" />
  <testcase classname="com.topcoder.reliability.HelperUnitTests" name="test_getChildConfig" time="0.01" />
  <testcase classname="com.topcoder.reliability.HelperUnitTests" name="test_getProperty" time="0.0090" />
  <testcase classname="com.topcoder.reliability.HelperUnitTests" name="test_getPropertyValues" time="0.0090" />
  <testcase classname="com.topcoder.reliability.HelperUnitTests" name="test_getPropertyPositiveValues_Invalid1" time="0.011" />
  <testcase classname="com.topcoder.reliability.HelperUnitTests" name="test_getPropertyPositiveValues_Invalid2" time="0.0090" />
  <testcase classname="com.topcoder.reliability.HelperUnitTests" name="test_getPropertyPositiveValues_Invalid3" time="0.0090" />
  <testcase classname="com.topcoder.reliability.HelperUnitTests" name="test_getPropertyPositiveValues" time="0.0090" />
  <testcase classname="com.topcoder.reliability.HelperUnitTests" name="test_getObjectFactory" time="0.0090" />
  <testcase classname="com.topcoder.reliability.HelperUnitTests" name="test_createObject1" time="0.011" />
  <testcase classname="com.topcoder.reliability.HelperUnitTests" name="test_createObject_Error1" time="0.0090" />
  <testcase classname="com.topcoder.reliability.HelperUnitTests" name="test_createObject2" time="0.0080" />
  <testcase classname="com.topcoder.reliability.HelperUnitTests" name="test_logEntrance_1" time="0.0080" />
  <testcase classname="com.topcoder.reliability.HelperUnitTests" name="test_logEntrance_2" time="0.0090" />
  <testcase classname="com.topcoder.reliability.HelperUnitTests" name="test_logEntrance_3" time="0.0090" />
  <testcase classname="com.topcoder.reliability.HelperUnitTests" name="test_logExit_1" time="0.0080" />
  <testcase classname="com.topcoder.reliability.HelperUnitTests" name="test_logExit_2" time="0.0090" />
  <testcase classname="com.topcoder.reliability.HelperUnitTests" name="test_logExit_3" time="0.0070" />
  <testcase classname="com.topcoder.reliability.HelperUnitTests" name="test_logException_1" time="0.01" />
  <testcase classname="com.topcoder.reliability.HelperUnitTests" name="test_logException_2" time="0.0070" />
  <testcase classname="com.topcoder.reliability.ReliabilityCalculationUtilityUnitTests" name="test_main_1" time="0.812" />
  <testcase classname="com.topcoder.reliability.ReliabilityCalculationUtilityUnitTests" name="test_main_2" time="0.545" />
  <testcase classname="com.topcoder.reliability.ReliabilityCalculationUtilityUnitTests" name="test_main_Helpe_1" time="0.663" />
  <testcase classname="com.topcoder.reliability.ReliabilityCalculationUtilityUnitTests" name="test_main_Helpe_2" time="0.05" />
  <testcase classname="com.topcoder.reliability.ReliabilityCalculationUtilityUnitTests" name="test_main_Helpe_3" time="0.047" />
  <testcase classname="com.topcoder.reliability.ReliabilityCalculationUtilityUnitTests" name="test_main_Helpe_4" time="0.053" />
  <testcase classname="com.topcoder.reliability.ReliabilityCalculationUtilityUnitTests" name="test_main_cIncorrect" time="0.049" />
  <testcase classname="com.topcoder.reliability.ReliabilityCalculationUtilityUnitTests" name="test_main_pcIncorrect" time="0.054" />
  <testcase classname="com.topcoder.reliability.ReliabilityCalculationUtilityUnitTests" name="test_main_uIncorrect" time="0.06" />
  <testcase classname="com.topcoder.reliability.impl.ReliabilityCalculatorImplUnitTests" name="testCtor" time="0.057" />
  <testcase classname="com.topcoder.reliability.impl.ReliabilityCalculatorImplUnitTests" name="test_configure_1" time="0.059" />
  <testcase classname="com.topcoder.reliability.impl.ReliabilityCalculatorImplUnitTests" name="test_configure_2" time="0.055" />
  <testcase classname="com.topcoder.reliability.impl.ReliabilityCalculatorImplUnitTests" name="test_configure_configNull" time="0.056" />
  <testcase classname="com.topcoder.reliability.impl.ReliabilityCalculatorImplUnitTests" name="test_configure_loggerNameNotString" time="0.056" />
  <testcase classname="com.topcoder.reliability.impl.ReliabilityCalculatorImplUnitTests" name="test_configure_loggerNameEmpty" time="0.055" />
  <testcase classname="com.topcoder.reliability.impl.ReliabilityCalculatorImplUnitTests" name="test_configure_reliabilityStartDateMissing" time="0.058" />
  <testcase classname="com.topcoder.reliability.impl.ReliabilityCalculatorImplUnitTests" name="test_configure_reliabilityStartDateEmpty" time="0.058" />
  <testcase classname="com.topcoder.reliability.impl.ReliabilityCalculatorImplUnitTests" name="test_configure_reliabilityStartDateInvalid" time="0.055" />
  <testcase classname="com.topcoder.reliability.impl.ReliabilityCalculatorImplUnitTests" name="test_configure_projectCategoryConfigMissing" time="0.055" />
  <testcase classname="com.topcoder.reliability.impl.ReliabilityCalculatorImplUnitTests" name="test_calculate_1" time="0.508" />
  <testcase classname="com.topcoder.reliability.impl.ReliabilityCalculatorImplUnitTests" name="test_calculate_2" time="0.077" />
  <testcase classname="com.topcoder.reliability.impl.ReliabilityCalculatorImplUnitTests" name="test_calculate_projectCategoryIdNegative" time="0.051" />
  <testcase classname="com.topcoder.reliability.impl.ReliabilityCalculatorImplUnitTests" name="test_calculate_projectCategoryIdZero" time="0.058" />
  <testcase classname="com.topcoder.reliability.impl.ReliabilityCalculatorImplUnitTests" name="test_calculate_NotConfigured" time="0.054" />
  <testcase classname="com.topcoder.reliability.impl.ReliabilityCalculatorImplUnitTests" name="test_calculate_Error1" time="0.051" />
  <testcase classname="com.topcoder.reliability.impl.ReliabilityCalculatorImplUnitTests" name="test_calculate_Error2" time="0.049" />
  <testcase classname="com.topcoder.reliability.impl.BaseUserProjectDataUnitTests" name="testCtor" time="0.0010" />
  <testcase classname="com.topcoder.reliability.impl.BaseUserProjectDataUnitTests" name="test_getProjectId" time="0.0" />
  <testcase classname="com.topcoder.reliability.impl.BaseUserProjectDataUnitTests" name="test_setProjectId" time="0.0" />
  <testcase classname="com.topcoder.reliability.impl.BaseUserProjectDataUnitTests" name="test_getUserId" time="0.0" />
  <testcase classname="com.topcoder.reliability.impl.BaseUserProjectDataUnitTests" name="test_setUserId" time="0.0" />
  <testcase classname="com.topcoder.reliability.impl.BaseUserProjectDataUnitTests" name="test_getResolutionDate" time="0.0010" />
  <testcase classname="com.topcoder.reliability.impl.BaseUserProjectDataUnitTests" name="test_setResolutionDate" time="0.0" />
  <testcase classname="com.topcoder.reliability.impl.UserProjectParticipationDataUnitTests" name="testCtor" time="0.0010" />
  <testcase classname="com.topcoder.reliability.impl.UserProjectParticipationDataUnitTests" name="test_getProjectStartDate" time="0.0" />
  <testcase classname="com.topcoder.reliability.impl.UserProjectParticipationDataUnitTests" name="test_setProjectStartDate" time="0.0" />
  <testcase classname="com.topcoder.reliability.impl.UserProjectParticipationDataUnitTests" name="test_getUserRegistrationDate" time="0.0010" />
  <testcase classname="com.topcoder.reliability.impl.UserProjectParticipationDataUnitTests" name="test_setUserRegistrationDate" time="0.0010" />
  <testcase classname="com.topcoder.reliability.impl.UserProjectParticipationDataUnitTests" name="test_getUserScore" time="0.0" />
  <testcase classname="com.topcoder.reliability.impl.UserProjectParticipationDataUnitTests" name="test_setUserScore" time="0.0" />
  <testcase classname="com.topcoder.reliability.impl.UserProjectParticipationDataUnitTests" name="test_isPassedReview" time="0.0010" />
  <testcase classname="com.topcoder.reliability.impl.UserProjectParticipationDataUnitTests" name="test_setPassedReview" time="0.0010" />
  <testcase classname="com.topcoder.reliability.impl.UserProjectParticipationDataUnitTests" name="test_getSubmissionStatusId" time="0.0010" />
  <testcase classname="com.topcoder.reliability.impl.UserProjectParticipationDataUnitTests" name="test_setSubmissionStatusId" time="0.0" />
  <testcase classname="com.topcoder.reliability.impl.UserProjectParticipationDataUnitTests" name="test_getSubmissionPhaseStatusId" time="0.0" />
  <testcase classname="com.topcoder.reliability.impl.UserProjectParticipationDataUnitTests" name="test_setSubmissionPhaseStatusId" time="0.0010" />
  <testcase classname="com.topcoder.reliability.impl.UserProjectParticipationDataUnitTests" name="test_getSubmissionPhaseEnd" time="0.0" />
  <testcase classname="com.topcoder.reliability.impl.UserProjectParticipationDataUnitTests" name="test_setSubmissionPhaseEnd" time="0.0" />
  <testcase classname="com.topcoder.reliability.impl.UserProjectParticipationDataUnitTests" name="test_getScreeningPhaseEnd" time="0.0010" />
  <testcase classname="com.topcoder.reliability.impl.UserProjectParticipationDataUnitTests" name="test_setScreeningPhaseEnd" time="0.0" />
  <testcase classname="com.topcoder.reliability.impl.UserProjectParticipationDataUnitTests" name="test_getAppealsResponsePhaseEnd" time="0.0" />
  <testcase classname="com.topcoder.reliability.impl.UserProjectParticipationDataUnitTests" name="test_setAppealsResponsePhaseEnd" time="0.0" />
  <testcase classname="com.topcoder.reliability.impl.UserProjectReliabilityDataUnitTests" name="testCtor" time="0.0010" />
  <testcase classname="com.topcoder.reliability.impl.UserProjectReliabilityDataUnitTests" name="test_getReliabilityBeforeResolution" time="0.0" />
  <testcase classname="com.topcoder.reliability.impl.UserProjectReliabilityDataUnitTests" name="test_setReliabilityBeforeResolution" time="0.0" />
  <testcase classname="com.topcoder.reliability.impl.UserProjectReliabilityDataUnitTests" name="test_getReliabilityAfterResolution" time="0.0" />
  <testcase classname="com.topcoder.reliability.impl.UserProjectReliabilityDataUnitTests" name="test_setReliabilityAfterResolution" time="0.0" />
  <testcase classname="com.topcoder.reliability.impl.UserProjectReliabilityDataUnitTests" name="test_getReliabilityOnRegistration" time="0.0" />
  <testcase classname="com.topcoder.reliability.impl.UserProjectReliabilityDataUnitTests" name="test_setReliabilityOnRegistration" time="0.0" />
  <testcase classname="com.topcoder.reliability.impl.UserProjectReliabilityDataUnitTests" name="test_isReliable" time="0.0" />
  <testcase classname="com.topcoder.reliability.impl.UserProjectReliabilityDataUnitTests" name="test_setReliable" time="0.0" />
  <testcase classname="com.topcoder.reliability.impl.calculators.BaseUserReliabilityCalculatorUnitTests" name="test_getLog" time="0.0010" />
  <testcase classname="com.topcoder.reliability.impl.calculators.BaseUserReliabilityCalculatorUnitTests" name="testCtor" time="0.0010" />
  <testcase classname="com.topcoder.reliability.impl.calculators.BaseUserReliabilityCalculatorUnitTests" name="test_configure_1" time="0.0" />
  <testcase classname="com.topcoder.reliability.impl.calculators.BaseUserReliabilityCalculatorUnitTests" name="test_configure_2" time="0.0" />
  <testcase classname="com.topcoder.reliability.impl.calculators.BaseUserReliabilityCalculatorUnitTests" name="test_configure_configNull" time="0.0010" />
  <testcase classname="com.topcoder.reliability.impl.calculators.BaseUserReliabilityCalculatorUnitTests" name="test_configure_loggerNameNotString" time="0.0010" />
  <testcase classname="com.topcoder.reliability.impl.calculators.BaseUserReliabilityCalculatorUnitTests" name="test_configure_loggerNameEmpty" time="0.0010" />
  <testcase classname="com.topcoder.reliability.impl.calculators.BaseUserReliabilityCalculatorUnitTests" name="test_calculate_1" time="0.0010" />
  <testcase classname="com.topcoder.reliability.impl.calculators.BaseUserReliabilityCalculatorUnitTests" name="test_calculate_2" time="0.0010" />
  <testcase classname="com.topcoder.reliability.impl.calculators.BaseUserReliabilityCalculatorUnitTests" name="test_calculate_NotConfigured" time="0.0010" />
  <testcase classname="com.topcoder.reliability.impl.calculators.BaseUserReliabilityCalculatorUnitTests" name="test_calculate_projectsNull" time="0.0010" />
  <testcase classname="com.topcoder.reliability.impl.calculators.BaseUserReliabilityCalculatorUnitTests" name="test_calculate_projectsEmpty" time="0.0010" />
  <testcase classname="com.topcoder.reliability.impl.calculators.BaseUserReliabilityCalculatorUnitTests" name="test_calculate_projectsContainsNull" time="0.0010" />
  <testcase classname="com.topcoder.reliability.impl.calculators.BaseUserReliabilityCalculatorUnitTests" name="test_calculate_resolutionDateNull" time="0.0010" />
  <testcase classname="com.topcoder.reliability.impl.calculators.BaseUserReliabilityCalculatorUnitTests" name="test_calculate_userRegistrationDateNull" time="0.0020" />
  <testcase classname="com.topcoder.reliability.impl.calculators.BaseUserReliabilityCalculatorUnitTests" name="test_calculate_Error" time="0.0020" />
  <testcase classname="com.topcoder.reliability.impl.calculators.UniformUserReliabilityCalculatorUnitTests" name="testCtor" time="0.0010" />
  <testcase classname="com.topcoder.reliability.impl.calculators.UniformUserReliabilityCalculatorUnitTests" name="test_configure_1" time="0.0" />
  <testcase classname="com.topcoder.reliability.impl.calculators.UniformUserReliabilityCalculatorUnitTests" name="test_configure_2" time="0.0" />
  <testcase classname="com.topcoder.reliability.impl.calculators.UniformUserReliabilityCalculatorUnitTests" name="test_configure_configNull" time="0.0" />
  <testcase classname="com.topcoder.reliability.impl.calculators.UniformUserReliabilityCalculatorUnitTests" name="test_configure_loggerNameNotString" time="0.0010" />
  <testcase classname="com.topcoder.reliability.impl.calculators.UniformUserReliabilityCalculatorUnitTests" name="test_configure_loggerNameEmpty" time="0.0" />
  <testcase classname="com.topcoder.reliability.impl.calculators.UniformUserReliabilityCalculatorUnitTests" name="test_configure_historyLengthMissing" time="0.0" />
  <testcase classname="com.topcoder.reliability.impl.calculators.UniformUserReliabilityCalculatorUnitTests" name="test_configure_historyLengthNotString" time="0.0" />
  <testcase classname="com.topcoder.reliability.impl.calculators.UniformUserReliabilityCalculatorUnitTests" name="test_configure_historyLengthNegative" time="0.0" />
  <testcase classname="com.topcoder.reliability.impl.calculators.UniformUserReliabilityCalculatorUnitTests" name="test_configure_historyLengthZero" time="0.0" />
  <testcase classname="com.topcoder.reliability.impl.calculators.UniformUserReliabilityCalculatorUnitTests" name="test_configure_historyLengthEmpty" time="0.0" />
  <testcase classname="com.topcoder.reliability.impl.calculators.UniformUserReliabilityCalculatorUnitTests" name="test_calculateReliabilityAfterProjects_1" time="0.0010" />
  <testcase classname="com.topcoder.reliability.impl.calculators.UniformUserReliabilityCalculatorUnitTests" name="test_calculateReliabilityAfterProjects_2" time="0.0" />
  <testcase classname="com.topcoder.reliability.impl.calculators.UniformUserReliabilityCalculatorUnitTests" name="test_calculateReliabilityAfterProjects_reliabilityDataNull" time="0.0" />
  <testcase classname="com.topcoder.reliability.impl.calculators.UniformUserReliabilityCalculatorUnitTests" name="test_calculateReliabilityAfterProjects_reliabilityDataContainsNull" time="0.0" />
  <testcase classname="com.topcoder.reliability.impl.calculators.UniformUserReliabilityCalculatorUnitTests" name="test_calculateReliabilityAfterProjects_NotConfigured" time="0.0010" />
  <testcase classname="com.topcoder.reliability.impl.calculators.WeightedUserReliabilityCalculatorUnitTests" name="testCtor" time="0.0" />
  <testcase classname="com.topcoder.reliability.impl.calculators.WeightedUserReliabilityCalculatorUnitTests" name="test_configure_1" time="0.0" />
  <testcase classname="com.topcoder.reliability.impl.calculators.WeightedUserReliabilityCalculatorUnitTests" name="test_configure_2" time="0.0" />
  <testcase classname="com.topcoder.reliability.impl.calculators.WeightedUserReliabilityCalculatorUnitTests" name="test_configure_configNull" time="0.0" />
  <testcase classname="com.topcoder.reliability.impl.calculators.WeightedUserReliabilityCalculatorUnitTests" name="test_configure_loggerNameNotString" time="0.0" />
  <testcase classname="com.topcoder.reliability.impl.calculators.WeightedUserReliabilityCalculatorUnitTests" name="test_configure_loggerNameEmpty" time="0.0010" />
  <testcase classname="com.topcoder.reliability.impl.calculators.WeightedUserReliabilityCalculatorUnitTests" name="test_calculateReliabilityAfterProjects_1" time="0.0010" />
  <testcase classname="com.topcoder.reliability.impl.calculators.WeightedUserReliabilityCalculatorUnitTests" name="test_calculateReliabilityAfterProjects_2" time="0.0010" />
  <testcase classname="com.topcoder.reliability.impl.calculators.WeightedUserReliabilityCalculatorUnitTests" name="test_calculateReliabilityAfterProjects_reliabilityDataNull" time="0.0" />
  <testcase classname="com.topcoder.reliability.impl.calculators.WeightedUserReliabilityCalculatorUnitTests" name="test_calculateReliabilityAfterProjects_reliabilityDataContainsNull" time="0.0" />
  <testcase classname="com.topcoder.reliability.impl.calculators.WeightedUserReliabilityCalculatorUnitTests" name="test_calculateReliabilityAfterProjects_NotConfigured" time="0.0" />
  <testcase classname="com.topcoder.reliability.impl.calculators.WeightedUserReliabilityCalculatorUnitTests" name="test_configure_weightsMissing" time="0.0" />
  <testcase classname="com.topcoder.reliability.impl.calculators.WeightedUserReliabilityCalculatorUnitTests" name="test_configure_weightsNull" time="0.0" />
  <testcase classname="com.topcoder.reliability.impl.calculators.WeightedUserReliabilityCalculatorUnitTests" name="test_configure_weightsEmpty" time="0.0" />
  <testcase classname="com.topcoder.reliability.impl.calculators.WeightedUserReliabilityCalculatorUnitTests" name="test_configure_weightsNotStringArray" time="0.0" />
  <testcase classname="com.topcoder.reliability.impl.calculators.WeightedUserReliabilityCalculatorUnitTests" name="test_configure_weightsContainsNegative" time="0.0010" />
  <testcase classname="com.topcoder.reliability.impl.calculators.WeightedUserReliabilityCalculatorUnitTests" name="test_configure_weightsContainsZero" time="0.0010" />
  <testcase classname="com.topcoder.reliability.impl.calculators.WeightedUserReliabilityCalculatorUnitTests" name="test_configure_weightsContainsEmpty" time="0.0010" />
  <testcase classname="com.topcoder.reliability.impl.calculators.WeightedUserReliabilityCalculatorUnitTests" name="test_configure_weightsContainsInvalid" time="0.0010" />
  <testcase classname="com.topcoder.reliability.impl.persistence.DatabaseReliabilityDataPersistenceUnitTests" name="testCtor" time="0.064" />
  <testcase classname="com.topcoder.reliability.impl.persistence.DatabaseReliabilityDataPersistenceUnitTests" name="test_configure_1" time="0.054" />
  <testcase classname="com.topcoder.reliability.impl.persistence.DatabaseReliabilityDataPersistenceUnitTests" name="test_configure_2" time="0.055" />
  <testcase classname="com.topcoder.reliability.impl.persistence.DatabaseReliabilityDataPersistenceUnitTests" name="test_configure_configNull" time="0.06" />
  <testcase classname="com.topcoder.reliability.impl.persistence.DatabaseReliabilityDataPersistenceUnitTests" name="test_configure_loggerNameNotString" time="0.057" />
  <testcase classname="com.topcoder.reliability.impl.persistence.DatabaseReliabilityDataPersistenceUnitTests" name="test_configure_loggerNameEmpty" time="0.056" />
  <testcase classname="com.topcoder.reliability.impl.persistence.DatabaseReliabilityDataPersistenceUnitTests" name="test_configure_dbConnectionFactoryConfigMissing" time="0.055" />
  <testcase classname="com.topcoder.reliability.impl.persistence.DatabaseReliabilityDataPersistenceUnitTests" name="test_configure_dbConnectionFactoryConfigInvalid1" time="0.055" />
  <testcase classname="com.topcoder.reliability.impl.persistence.DatabaseReliabilityDataPersistenceUnitTests" name="test_configure_dbConnectionFactoryConfigInvalid2" time="0.057" />
  <testcase classname="com.topcoder.reliability.impl.persistence.DatabaseReliabilityDataPersistenceUnitTests" name="test_configure_connectionNameNotString" time="0.055" />
  <testcase classname="com.topcoder.reliability.impl.persistence.DatabaseReliabilityDataPersistenceUnitTests" name="test_configure_connectionNameEmpty" time="0.052" />
  <testcase classname="com.topcoder.reliability.impl.persistence.DatabaseReliabilityDataPersistenceUnitTests" name="test_open_1" time="0.052" />
  <testcase classname="com.topcoder.reliability.impl.persistence.DatabaseReliabilityDataPersistenceUnitTests" name="test_open_2" time="0.073" />
  <testcase classname="com.topcoder.reliability.impl.persistence.DatabaseReliabilityDataPersistenceUnitTests" name="test_open_AlreadyOpened" time="0.054" />
  <testcase classname="com.topcoder.reliability.impl.persistence.DatabaseReliabilityDataPersistenceUnitTests" name="test_open_NotConfigured" time="0.051" />
  <testcase classname="com.topcoder.reliability.impl.persistence.DatabaseReliabilityDataPersistenceUnitTests" name="test_open_Error" time="0.055" />
  <testcase classname="com.topcoder.reliability.impl.persistence.DatabaseReliabilityDataPersistenceUnitTests" name="test_getIdsOfUsersWithReliability_1" time="0.057" />
  <testcase classname="com.topcoder.reliability.impl.persistence.DatabaseReliabilityDataPersistenceUnitTests" name="test_getIdsOfUsersWithReliability_2" time="0.06" />
  <testcase classname="com.topcoder.reliability.impl.persistence.DatabaseReliabilityDataPersistenceUnitTests" name="test_getIdsOfUsersWithReliability_projectCategoryIdNegative" time="0.053" />
  <testcase classname="com.topcoder.reliability.impl.persistence.DatabaseReliabilityDataPersistenceUnitTests" name="test_getIdsOfUsersWithReliability_projectCategoryIdZero" time="0.054" />
  <testcase classname="com.topcoder.reliability.impl.persistence.DatabaseReliabilityDataPersistenceUnitTests" name="test_getIdsOfUsersWithReliability_startDateNull" time="0.053" />
  <testcase classname="com.topcoder.reliability.impl.persistence.DatabaseReliabilityDataPersistenceUnitTests" name="test_getIdsOfUsersWithReliability_NotOpened" time="0.066" />
  <testcase classname="com.topcoder.reliability.impl.persistence.DatabaseReliabilityDataPersistenceUnitTests" name="test_getIdsOfUsersWithReliability_NotConfigured" time="0.059" />
  <testcase classname="com.topcoder.reliability.impl.persistence.DatabaseReliabilityDataPersistenceUnitTests" name="test_getIdsOfUsersWithReliability_Error" time="0.059" />
  <testcase classname="com.topcoder.reliability.impl.persistence.DatabaseReliabilityDataPersistenceUnitTests" name="test_getUserParticipationData_1" time="0.484" />
  <testcase classname="com.topcoder.reliability.impl.persistence.DatabaseReliabilityDataPersistenceUnitTests" name="test_getUserParticipationData_2" time="0.061" />
  <testcase classname="com.topcoder.reliability.impl.persistence.DatabaseReliabilityDataPersistenceUnitTests" name="test_getUserParticipationData_userIdNegative" time="0.051" />
  <testcase classname="com.topcoder.reliability.impl.persistence.DatabaseReliabilityDataPersistenceUnitTests" name="test_getUserParticipationData_userIdZero" time="0.052" />
  <testcase classname="com.topcoder.reliability.impl.persistence.DatabaseReliabilityDataPersistenceUnitTests" name="test_getUserParticipationData_projectCategoryIdNegative" time="0.05" />
  <testcase classname="com.topcoder.reliability.impl.persistence.DatabaseReliabilityDataPersistenceUnitTests" name="test_getUserParticipationData_projectCategoryIdZero" time="0.065" />
  <testcase classname="com.topcoder.reliability.impl.persistence.DatabaseReliabilityDataPersistenceUnitTests" name="test_getUserParticipationData_startDateNull" time="0.056" />
  <testcase classname="com.topcoder.reliability.impl.persistence.DatabaseReliabilityDataPersistenceUnitTests" name="test_getUserParticipationData_NotOpened" time="0.065" />
  <testcase classname="com.topcoder.reliability.impl.persistence.DatabaseReliabilityDataPersistenceUnitTests" name="test_getUserParticipationData_NotConfigured" time="0.054" />
  <testcase classname="com.topcoder.reliability.impl.persistence.DatabaseReliabilityDataPersistenceUnitTests" name="test_getUserParticipationData_Error" time="0.053" />
  <testcase classname="com.topcoder.reliability.impl.persistence.DatabaseReliabilityDataPersistenceUnitTests" name="test_saveUserReliabilityData_1" time="0.054" />
  <testcase classname="com.topcoder.reliability.impl.persistence.DatabaseReliabilityDataPersistenceUnitTests" name="test_saveUserReliabilityData_2" time="0.057" />
  <testcase classname="com.topcoder.reliability.impl.persistence.DatabaseReliabilityDataPersistenceUnitTests" name="test_saveUserReliabilityData_projectsNull" time="0.053" />
  <testcase classname="com.topcoder.reliability.impl.persistence.DatabaseReliabilityDataPersistenceUnitTests" name="test_saveUserReliabilityData_projectsEmpty" time="0.055" />
  <testcase classname="com.topcoder.reliability.impl.persistence.DatabaseReliabilityDataPersistenceUnitTests" name="test_saveUserReliabilityData_projectsContainsNull" time="0.051" />
  <testcase classname="com.topcoder.reliability.impl.persistence.DatabaseReliabilityDataPersistenceUnitTests" name="test_saveUserReliabilityData_resolutionDateNull" time="0.058" />
  <testcase classname="com.topcoder.reliability.impl.persistence.DatabaseReliabilityDataPersistenceUnitTests" name="test_saveUserReliabilityData_DifferentUserId" time="0.066" />
  <testcase classname="com.topcoder.reliability.impl.persistence.DatabaseReliabilityDataPersistenceUnitTests" name="test_saveUserReliabilityData_NotOpened" time="0.05" />
  <testcase classname="com.topcoder.reliability.impl.persistence.DatabaseReliabilityDataPersistenceUnitTests" name="test_saveUserReliabilityData_NotConfigured" time="0.051" />
  <testcase classname="com.topcoder.reliability.impl.persistence.DatabaseReliabilityDataPersistenceUnitTests" name="test_saveUserReliabilityData_Error" time="0.053" />
  <testcase classname="com.topcoder.reliability.impl.persistence.DatabaseReliabilityDataPersistenceUnitTests" name="test_updateCurrentUserReliability_1" time="0.06" />
  <testcase classname="com.topcoder.reliability.impl.persistence.DatabaseReliabilityDataPersistenceUnitTests" name="test_updateCurrentUserReliability_2" time="0.054" />
  <testcase classname="com.topcoder.reliability.impl.persistence.DatabaseReliabilityDataPersistenceUnitTests" name="test_updateCurrentUserReliability_userIdNegative" time="0.049" />
  <testcase classname="com.topcoder.reliability.impl.persistence.DatabaseReliabilityDataPersistenceUnitTests" name="test_updateCurrentUserReliability_userIdZero" time="0.053" />
  <testcase classname="com.topcoder.reliability.impl.persistence.DatabaseReliabilityDataPersistenceUnitTests" name="test_updateCurrentUserReliability_projectCategoryIdNegative" time="0.051" />
  <testcase classname="com.topcoder.reliability.impl.persistence.DatabaseReliabilityDataPersistenceUnitTests" name="test_updateCurrentUserReliability_projectCategoryIdZero" time="0.06" />
  <testcase classname="com.topcoder.reliability.impl.persistence.DatabaseReliabilityDataPersistenceUnitTests" name="test_updateCurrentUserReliability_reliabilityInvalid1" time="0.054" />
  <testcase classname="com.topcoder.reliability.impl.persistence.DatabaseReliabilityDataPersistenceUnitTests" name="test_updateCurrentUserReliability_reliabilityInvalid2" time="0.049" />
  <testcase classname="com.topcoder.reliability.impl.persistence.DatabaseReliabilityDataPersistenceUnitTests" name="test_updateCurrentUserReliability_NotOpened" time="0.055" />
  <testcase classname="com.topcoder.reliability.impl.persistence.DatabaseReliabilityDataPersistenceUnitTests" name="test_updateCurrentUserReliability_NotConfigured" time="0.054" />
  <testcase classname="com.topcoder.reliability.impl.persistence.DatabaseReliabilityDataPersistenceUnitTests" name="test_updateCurrentUserReliability_Error" time="0.06" />
  <testcase classname="com.topcoder.reliability.impl.persistence.DatabaseReliabilityDataPersistenceUnitTests" name="test_close" time="0.067" />
  <testcase classname="com.topcoder.reliability.impl.persistence.DatabaseReliabilityDataPersistenceUnitTests" name="test_close_AlreadyClosed" time="0.068" />
  <testcase classname="com.topcoder.reliability.impl.persistence.DatabaseReliabilityDataPersistenceUnitTests" name="test_close_NotConfigured" time="0.051" />
  <testcase classname="com.topcoder.reliability.impl.detectors.PhaseEndTimeBasedResolutionDateDetectorUnitTests" name="testCtor" time="0.0" />
  <testcase classname="com.topcoder.reliability.impl.detectors.PhaseEndTimeBasedResolutionDateDetectorUnitTests" name="test_configure_1" time="0.0" />
  <testcase classname="com.topcoder.reliability.impl.detectors.PhaseEndTimeBasedResolutionDateDetectorUnitTests" name="test_configure_2" time="0.0" />
  <testcase classname="com.topcoder.reliability.impl.detectors.PhaseEndTimeBasedResolutionDateDetectorUnitTests" name="test_configure_configNull" time="0.0" />
  <testcase classname="com.topcoder.reliability.impl.detectors.PhaseEndTimeBasedResolutionDateDetectorUnitTests" name="test_configure_loggerNameNotString" time="0.0" />
  <testcase classname="com.topcoder.reliability.impl.detectors.PhaseEndTimeBasedResolutionDateDetectorUnitTests" name="test_configure_loggerNameEmpty" time="0.0010" />
  <testcase classname="com.topcoder.reliability.impl.detectors.PhaseEndTimeBasedResolutionDateDetectorUnitTests" name="test_detect_1" time="0.0" />
  <testcase classname="com.topcoder.reliability.impl.detectors.PhaseEndTimeBasedResolutionDateDetectorUnitTests" name="test_detect_2" time="0.0" />
  <testcase classname="com.topcoder.reliability.impl.detectors.PhaseEndTimeBasedResolutionDateDetectorUnitTests" name="test_detect_3" time="0.0010" />
  <testcase classname="com.topcoder.reliability.impl.detectors.PhaseEndTimeBasedResolutionDateDetectorUnitTests" name="test_detect_4" time="0.0" />
  <testcase classname="com.topcoder.reliability.impl.detectors.PhaseEndTimeBasedResolutionDateDetectorUnitTests" name="test_detect_5" time="0.0" />
  <testcase classname="com.topcoder.reliability.impl.detectors.PhaseEndTimeBasedResolutionDateDetectorUnitTests" name="test_detect_6" time="0.0" />
  <testcase classname="com.topcoder.reliability.impl.detectors.PhaseEndTimeBasedResolutionDateDetectorUnitTests" name="test_detect_7" time="0.0" />
  <testcase classname="com.topcoder.reliability.impl.detectors.PhaseEndTimeBasedResolutionDateDetectorUnitTests" name="test_detect_8" time="0.0" />
  <testcase classname="com.topcoder.reliability.impl.detectors.PhaseEndTimeBasedResolutionDateDetectorUnitTests" name="test_detect_9" time="0.0" />
  <testcase classname="com.topcoder.reliability.impl.detectors.PhaseEndTimeBasedResolutionDateDetectorUnitTests" name="test_detect_dataNull" time="0.0020" />
  <testcase classname="com.topcoder.reliability.impl.comparators.UserProjectParticipationDataResolutionDateBasedComparatorUnitTests" name="testCtor" time="0.0" />
  <testcase classname="com.topcoder.reliability.impl.comparators.UserProjectParticipationDataResolutionDateBasedComparatorUnitTests" name="test_compare_Equal1" time="0.0" />
  <testcase classname="com.topcoder.reliability.impl.comparators.UserProjectParticipationDataResolutionDateBasedComparatorUnitTests" name="test_compare_Equal2" time="0.0" />
  <testcase classname="com.topcoder.reliability.impl.comparators.UserProjectParticipationDataResolutionDateBasedComparatorUnitTests" name="test_compare_Equal3" time="0.0" />
  <testcase classname="com.topcoder.reliability.impl.comparators.UserProjectParticipationDataResolutionDateBasedComparatorUnitTests" name="test_compare_Equal4" time="0.0" />
  <testcase classname="com.topcoder.reliability.impl.comparators.UserProjectParticipationDataResolutionDateBasedComparatorUnitTests" name="test_compare_Greater1" time="0.0" />
  <testcase classname="com.topcoder.reliability.impl.comparators.UserProjectParticipationDataResolutionDateBasedComparatorUnitTests" name="test_compare_Greater2" time="0.0" />
  <testcase classname="com.topcoder.reliability.impl.comparators.UserProjectParticipationDataResolutionDateBasedComparatorUnitTests" name="test_compare_Greater3" time="0.0" />
  <testcase classname="com.topcoder.reliability.impl.comparators.UserProjectParticipationDataResolutionDateBasedComparatorUnitTests" name="test_compare_Greater4" time="0.0" />
  <testcase classname="com.topcoder.reliability.impl.comparators.UserProjectParticipationDataResolutionDateBasedComparatorUnitTests" name="test_compare_Less1" time="0.0010" />
  <testcase classname="com.topcoder.reliability.impl.comparators.UserProjectParticipationDataResolutionDateBasedComparatorUnitTests" name="test_compare_Less2" time="0.0010" />
  <testcase classname="com.topcoder.reliability.impl.comparators.UserProjectParticipationDataResolutionDateBasedComparatorUnitTests" name="test_compare_Less3" time="0.0" />
  <testcase classname="com.topcoder.reliability.impl.comparators.UserProjectParticipationDataResolutionDateBasedComparatorUnitTests" name="test_compare_Less4" time="0.0" />
  <testcase classname="com.topcoder.reliability.ReliabilityCalculationExceptionUnitTests" name="testInheritance" time="0.0" />
  <testcase classname="com.topcoder.reliability.ReliabilityCalculationExceptionUnitTests" name="testCtor1" time="0.0" />
  <testcase classname="com.topcoder.reliability.ReliabilityCalculationExceptionUnitTests" name="testCtor2" time="0.0010" />
  <testcase classname="com.topcoder.reliability.ReliabilityCalculationExceptionUnitTests" name="testCtor3" time="0.0010" />
  <testcase classname="com.topcoder.reliability.ReliabilityCalculationExceptionUnitTests" name="testCtor4" time="0.0" />
  <testcase classname="com.topcoder.reliability.ReliabilityCalculatorConfigurationExceptionUnitTests" name="testInheritance" time="0.0010" />
  <testcase classname="com.topcoder.reliability.ReliabilityCalculatorConfigurationExceptionUnitTests" name="testCtor1" time="0.0010" />
  <testcase classname="com.topcoder.reliability.ReliabilityCalculatorConfigurationExceptionUnitTests" name="testCtor2" time="0.0010" />
  <testcase classname="com.topcoder.reliability.ReliabilityCalculatorConfigurationExceptionUnitTests" name="testCtor3" time="0.0010" />
  <testcase classname="com.topcoder.reliability.ReliabilityCalculatorConfigurationExceptionUnitTests" name="testCtor4" time="0.0" />
  <testcase classname="com.topcoder.reliability.ProjectCategoryNotSupportedExceptionUnitTests" name="testInheritance" time="0.0" />
  <testcase classname="com.topcoder.reliability.ProjectCategoryNotSupportedExceptionUnitTests" name="testCtor1" time="0.0010" />
  <testcase classname="com.topcoder.reliability.ProjectCategoryNotSupportedExceptionUnitTests" name="testCtor2" time="0.0010" />
  <testcase classname="com.topcoder.reliability.ProjectCategoryNotSupportedExceptionUnitTests" name="testCtor3" time="0.0010" />
  <testcase classname="com.topcoder.reliability.ProjectCategoryNotSupportedExceptionUnitTests" name="testCtor4" time="0.0010" />
  <testcase classname="com.topcoder.reliability.ProjectCategoryNotSupportedExceptionUnitTests" name="test_getProjectCategoryId" time="0.0010" />
  <testcase classname="com.topcoder.reliability.impl.ReliabilityDataPersistenceExceptionUnitTests" name="testInheritance" time="0.0" />
  <testcase classname="com.topcoder.reliability.impl.ReliabilityDataPersistenceExceptionUnitTests" name="testCtor1" time="0.0010" />
  <testcase classname="com.topcoder.reliability.impl.ReliabilityDataPersistenceExceptionUnitTests" name="testCtor2" time="0.0" />
  <testcase classname="com.topcoder.reliability.impl.ReliabilityDataPersistenceExceptionUnitTests" name="testCtor3" time="0.0" />
  <testcase classname="com.topcoder.reliability.impl.ReliabilityDataPersistenceExceptionUnitTests" name="testCtor4" time="0.0" />
  <testcase classname="com.topcoder.reliability.impl.ResolutionDateDetectionExceptionUnitTests" name="testInheritance" time="0.0" />
  <testcase classname="com.topcoder.reliability.impl.ResolutionDateDetectionExceptionUnitTests" name="testCtor1" time="0.0" />
  <testcase classname="com.topcoder.reliability.impl.ResolutionDateDetectionExceptionUnitTests" name="testCtor2" time="0.0" />
  <testcase classname="com.topcoder.reliability.impl.ResolutionDateDetectionExceptionUnitTests" name="testCtor3" time="0.0" />
  <testcase classname="com.topcoder.reliability.impl.ResolutionDateDetectionExceptionUnitTests" name="testCtor4" time="0.0" />
  <testcase classname="com.topcoder.reliability.impl.UserReliabilityCalculationExceptionUnitTests" name="testInheritance" time="0.0" />
  <testcase classname="com.topcoder.reliability.impl.UserReliabilityCalculationExceptionUnitTests" name="testCtor1" time="0.0" />
  <testcase classname="com.topcoder.reliability.impl.UserReliabilityCalculationExceptionUnitTests" name="testCtor2" time="0.0" />
  <testcase classname="com.topcoder.reliability.impl.UserReliabilityCalculationExceptionUnitTests" name="testCtor3" time="0.0" />
  <testcase classname="com.topcoder.reliability.impl.UserReliabilityCalculationExceptionUnitTests" name="testCtor4" time="0.0" />
  <testcase classname="com.topcoder.reliability.accuracytests.ReliabilityCalculationExceptionAccuracy" name="testReliabilityCalculationException_Str" time="0.0010" />
  <testcase classname="com.topcoder.reliability.accuracytests.ReliabilityCalculationExceptionAccuracy" name="testReliabilityCalculationException_Str_Throwable" time="0.0" />
  <testcase classname="com.topcoder.reliability.accuracytests.ReliabilityCalculationExceptionAccuracy" name="testReliabilityCalculationException_Str_Exp" time="0.0" />
  <testcase classname="com.topcoder.reliability.accuracytests.ReliabilityCalculationExceptionAccuracy" name="testReliabilityCalculationException_Str_Throwable_Exp" time="0.0" />
  <testcase classname="com.topcoder.reliability.accuracytests.ReliabilityCalculatorConfigurationExceptionAccuracy" name="testReliabilityCalculatorConfigurationException_Str" time="0.0" />
  <testcase classname="com.topcoder.reliability.accuracytests.ReliabilityCalculatorConfigurationExceptionAccuracy" name="testReliabilityCalculatorConfigurationException_Str_Throwable" time="0.0" />
  <testcase classname="com.topcoder.reliability.accuracytests.ReliabilityCalculatorConfigurationExceptionAccuracy" name="testReliabilityCalculatorConfigurationException_Str_Exp" time="0.0" />
  <testcase classname="com.topcoder.reliability.accuracytests.ReliabilityCalculatorConfigurationExceptionAccuracy" name="testReliabilityCalculatorConfigurationException_Str_Throwable_Exp" time="0.0010" />
  <testcase classname="com.topcoder.reliability.accuracytests.ProjectCategoryNotSupportedExceptionAccuracy" name="testProjectCategoryNotSupportedException_Str" time="0.0" />
  <testcase classname="com.topcoder.reliability.accuracytests.ProjectCategoryNotSupportedExceptionAccuracy" name="testProjectCategoryNotSupportedException_Str_Throwable" time="0.0" />
  <testcase classname="com.topcoder.reliability.accuracytests.ProjectCategoryNotSupportedExceptionAccuracy" name="testProjectCategoryNotSupportedException_Str_Exp" time="0.0" />
  <testcase classname="com.topcoder.reliability.accuracytests.ProjectCategoryNotSupportedExceptionAccuracy" name="testProjectCategoryNotSupportedException_Str_Throwable_Exp" time="0.0" />
  <testcase classname="com.topcoder.reliability.accuracytests.ReliabilityDataPersistenceExceptionAccuracy" name="testReliabilityDataPersistenceException_Str" time="0.0" />
  <testcase classname="com.topcoder.reliability.accuracytests.ReliabilityDataPersistenceExceptionAccuracy" name="testReliabilityDataPersistenceException_Str_Throwable" time="0.0" />
  <testcase classname="com.topcoder.reliability.accuracytests.ReliabilityDataPersistenceExceptionAccuracy" name="testReliabilityDataPersistenceException_Str_Exp" time="0.0010" />
  <testcase classname="com.topcoder.reliability.accuracytests.ReliabilityDataPersistenceExceptionAccuracy" name="testReliabilityDataPersistenceException_Str_Throwable_Exp" time="0.0" />
  <testcase classname="com.topcoder.reliability.accuracytests.UserReliabilityCalculationExceptionAccuracy" name="testUserReliabilityCalculationException_Str" time="0.0" />
  <testcase classname="com.topcoder.reliability.accuracytests.UserReliabilityCalculationExceptionAccuracy" name="testUserReliabilityCalculationException_Str_Throwable" time="0.0" />
  <testcase classname="com.topcoder.reliability.accuracytests.UserReliabilityCalculationExceptionAccuracy" name="testUserReliabilityCalculationException_Str_Exp" time="0.0" />
  <testcase classname="com.topcoder.reliability.accuracytests.UserReliabilityCalculationExceptionAccuracy" name="testUserReliabilityCalculationException_Str_Throwable_Exp" time="0.0" />
  <testcase classname="com.topcoder.reliability.accuracytests.ResolutionDateDetectionExceptionAccuracy" name="testResolutionDateDetectionException_Str" time="0.0010" />
  <testcase classname="com.topcoder.reliability.accuracytests.ResolutionDateDetectionExceptionAccuracy" name="testResolutionDateDetectionException_Str_Throwable" time="0.0010" />
  <testcase classname="com.topcoder.reliability.accuracytests.ResolutionDateDetectionExceptionAccuracy" name="testResolutionDateDetectionException_Str_Exp" time="0.0" />
  <testcase classname="com.topcoder.reliability.accuracytests.ResolutionDateDetectionExceptionAccuracy" name="testResolutionDateDetectionException_Str_Throwable_Exp" time="0.0" />
  <testcase classname="com.topcoder.reliability.accuracytests.BaseUserProjectDataAccuracy" name="testGetProjectId" time="0.0010" />
  <testcase classname="com.topcoder.reliability.accuracytests.BaseUserProjectDataAccuracy" name="testSetProjectId" time="0.0" />
  <testcase classname="com.topcoder.reliability.accuracytests.BaseUserProjectDataAccuracy" name="testGetUserId" time="0.0" />
  <testcase classname="com.topcoder.reliability.accuracytests.BaseUserProjectDataAccuracy" name="testSetUserId" time="0.0" />
  <testcase classname="com.topcoder.reliability.accuracytests.BaseUserProjectDataAccuracy" name="testGetResolutionDate" time="0.0010" />
  <testcase classname="com.topcoder.reliability.accuracytests.BaseUserProjectDataAccuracy" name="testSetResolutionDate" time="0.0" />
  <testcase classname="com.topcoder.reliability.accuracytests.UserProjectReliabilityDataAccuracy" name="testCtor" time="0.0010" />
  <testcase classname="com.topcoder.reliability.accuracytests.UserProjectReliabilityDataAccuracy" name="testGetResolutionDate" time="0.0010" />
  <testcase classname="com.topcoder.reliability.accuracytests.UserProjectReliabilityDataAccuracy" name="testSetResolutionDate" time="0.0" />
  <testcase classname="com.topcoder.reliability.accuracytests.UserProjectReliabilityDataAccuracy" name="testGetReliabilityBeforeResolution" time="0.0" />
  <testcase classname="com.topcoder.reliability.accuracytests.UserProjectReliabilityDataAccuracy" name="testSetReliabilityBeforeResolution" time="0.0" />
  <testcase classname="com.topcoder.reliability.accuracytests.UserProjectReliabilityDataAccuracy" name="testGetReliabilityAfterResolution" time="0.0" />
  <testcase classname="com.topcoder.reliability.accuracytests.UserProjectReliabilityDataAccuracy" name="testSetReliabilityAfterResolution" time="0.0" />
  <testcase classname="com.topcoder.reliability.accuracytests.UserProjectReliabilityDataAccuracy" name="testGetReliabilityOnRegistration" time="0.0" />
  <testcase classname="com.topcoder.reliability.accuracytests.UserProjectReliabilityDataAccuracy" name="testSetReliabilityOnRegistration" time="0.0010" />
  <testcase classname="com.topcoder.reliability.accuracytests.UserProjectReliabilityDataAccuracy" name="testIsReliable" time="0.0" />
  <testcase classname="com.topcoder.reliability.accuracytests.UserProjectReliabilityDataAccuracy" name="testSetReliable" time="0.0" />
  <testcase classname="com.topcoder.reliability.accuracytests.UserProjectParticipationDataAccuracy" name="testCtor" time="0.0" />
  <testcase classname="com.topcoder.reliability.accuracytests.UserProjectParticipationDataAccuracy" name="testGetProjectStartDate" time="0.0010" />
  <testcase classname="com.topcoder.reliability.accuracytests.UserProjectParticipationDataAccuracy" name="testSetProjectStartDate" time="0.0" />
  <testcase classname="com.topcoder.reliability.accuracytests.UserProjectParticipationDataAccuracy" name="testGetUserRegistrationDate" time="0.0" />
  <testcase classname="com.topcoder.reliability.accuracytests.UserProjectParticipationDataAccuracy" name="testSetUserRegistrationDate" time="0.0010" />
  <testcase classname="com.topcoder.reliability.accuracytests.UserProjectParticipationDataAccuracy" name="testGetUserScore" time="0.0" />
  <testcase classname="com.topcoder.reliability.accuracytests.UserProjectParticipationDataAccuracy" name="testSetUserScore" time="0.0" />
  <testcase classname="com.topcoder.reliability.accuracytests.UserProjectParticipationDataAccuracy" name="testIsPassedReview" time="0.0" />
  <testcase classname="com.topcoder.reliability.accuracytests.UserProjectParticipationDataAccuracy" name="testSetPassedReview" time="0.0010" />
  <testcase classname="com.topcoder.reliability.accuracytests.UserProjectParticipationDataAccuracy" name="testGetSubmissionStatusId" time="0.0" />
  <testcase classname="com.topcoder.reliability.accuracytests.UserProjectParticipationDataAccuracy" name="testSetSubmissionStatusId" time="0.0" />
  <testcase classname="com.topcoder.reliability.accuracytests.UserProjectParticipationDataAccuracy" name="testGetSubmissionPhaseStatusId" time="0.0" />
  <testcase classname="com.topcoder.reliability.accuracytests.UserProjectParticipationDataAccuracy" name="testSetSubmissionPhaseStatusId" time="0.0" />
  <testcase classname="com.topcoder.reliability.accuracytests.UserProjectParticipationDataAccuracy" name="testGetSubmissionPhaseEnd" time="0.0" />
  <testcase classname="com.topcoder.reliability.accuracytests.UserProjectParticipationDataAccuracy" name="testSetSubmissionPhaseEnd" time="0.0" />
  <testcase classname="com.topcoder.reliability.accuracytests.UserProjectParticipationDataAccuracy" name="testGetScreeningPhaseEnd" time="0.0010" />
  <testcase classname="com.topcoder.reliability.accuracytests.UserProjectParticipationDataAccuracy" name="testSetScreeningPhaseEnd" time="0.0" />
  <testcase classname="com.topcoder.reliability.accuracytests.UserProjectParticipationDataAccuracy" name="testGetAppealsResponsePhaseEnd" time="0.0" />
  <testcase classname="com.topcoder.reliability.accuracytests.UserProjectParticipationDataAccuracy" name="testSetAppealsResponsePhaseEnd" time="0.0010" />
  <testcase classname="com.topcoder.reliability.accuracytests.PhaseEndTimeBasedResolutionDateDetectorAccuracy" name="testCtor" time="0.0010" />
  <testcase classname="com.topcoder.reliability.accuracytests.PhaseEndTimeBasedResolutionDateDetectorAccuracy" name="testConfigure" time="0.0" />
  <testcase classname="com.topcoder.reliability.accuracytests.PhaseEndTimeBasedResolutionDateDetectorAccuracy" name="testDetect_InSubmission" time="0.0" />
  <testcase classname="com.topcoder.reliability.accuracytests.PhaseEndTimeBasedResolutionDateDetectorAccuracy" name="testDetect_NoSubmission" time="0.0" />
  <testcase classname="com.topcoder.reliability.accuracytests.PhaseEndTimeBasedResolutionDateDetectorAccuracy" name="testDetect_FailedScreen" time="0.0" />
  <testcase classname="com.topcoder.reliability.accuracytests.PhaseEndTimeBasedResolutionDateDetectorAccuracy" name="testDetect_FailedReview" time="0.0" />
  <testcase classname="com.topcoder.reliability.accuracytests.PhaseEndTimeBasedResolutionDateDetectorAccuracy" name="testDetect_PassReview" time="0.0010" />
  <testcase classname="com.topcoder.reliability.accuracytests.PhaseEndTimeBasedResolutionDateDetectorAccuracy" name="testDetect_Other" time="0.0010" />
  <testcase classname="com.topcoder.reliability.accuracytests.UserProjectParticipationDataResolutionDateBasedComparatorAccuracy" name="testCtor" time="0.0" />
  <testcase classname="com.topcoder.reliability.accuracytests.UserProjectParticipationDataResolutionDateBasedComparatorAccuracy" name="testcompare" time="0.0010" />
  <testcase classname="com.topcoder.reliability.accuracytests.UserProjectParticipationDataResolutionDateBasedComparatorAccuracy" name="testcompare1" time="0.0" />
  <testcase classname="com.topcoder.reliability.accuracytests.UserProjectParticipationDataResolutionDateBasedComparatorAccuracy" name="testcompare2" time="0.0" />
  <testcase classname="com.topcoder.reliability.accuracytests.UserProjectParticipationDataResolutionDateBasedComparatorAccuracy" name="testcompare3" time="1.0" />
  <testcase classname="com.topcoder.reliability.accuracytests.UserProjectParticipationDataResolutionDateBasedComparatorAccuracy" name="testcompare4" time="1.0" />
  <testcase classname="com.topcoder.reliability.accuracytests.UserProjectParticipationDataResolutionDateBasedComparatorAccuracy" name="testcompare5" time="0.0" />
  <testcase classname="com.topcoder.reliability.accuracytests.UserProjectParticipationDataResolutionDateBasedComparatorAccuracy" name="testcompare6" time="0.0010" />
  <testcase classname="com.topcoder.reliability.accuracytests.UserProjectParticipationDataResolutionDateBasedComparatorAccuracy" name="testcompare7" time="0.0010" />
  <testcase classname="com.topcoder.reliability.accuracytests.BaseUserReliabilityCalculatorAccuracy" name="testCtor" time="0.0" />
  <testcase classname="com.topcoder.reliability.accuracytests.BaseUserReliabilityCalculatorAccuracy" name="testConfigure" time="0.0" />
  <testcase classname="com.topcoder.reliability.accuracytests.BaseUserReliabilityCalculatorAccuracy" name="testCalculate" time="0.0010" />
  <testcase classname="com.topcoder.reliability.accuracytests.BaseUserReliabilityCalculatorAccuracy" name="testCalculate2" time="0.0" />
  <testcase classname="com.topcoder.reliability.accuracytests.BaseUserReliabilityCalculatorAccuracy" name="testCalculate3" time="0.0010" />
  <testcase classname="com.topcoder.reliability.accuracytests.UniformUserReliabilityCalculatorAccuracy" name="testCtor" time="0.0" />
  <testcase classname="com.topcoder.reliability.accuracytests.UniformUserReliabilityCalculatorAccuracy" name="testConfigure" time="0.0" />
  <testcase classname="com.topcoder.reliability.accuracytests.UniformUserReliabilityCalculatorAccuracy" name="testCalculate" time="0.0" />
  <testcase classname="com.topcoder.reliability.accuracytests.UniformUserReliabilityCalculatorAccuracy" name="testCalculate2" time="0.0010" />
  <testcase classname="com.topcoder.reliability.accuracytests.UniformUserReliabilityCalculatorAccuracy" name="testCalculate3" time="0.0010" />
  <testcase classname="com.topcoder.reliability.accuracytests.UniformUserReliabilityCalculatorAccuracy" name="testCalculate4" time="0.0010" />
  <testcase classname="com.topcoder.reliability.accuracytests.WeightedUserReliabilityCalculatorAccuracy" name="testCtor" time="0.0" />
  <testcase classname="com.topcoder.reliability.accuracytests.WeightedUserReliabilityCalculatorAccuracy" name="testConfigure" time="0.0010" />
  <testcase classname="com.topcoder.reliability.accuracytests.WeightedUserReliabilityCalculatorAccuracy" name="testCalculate" time="0.0" />
  <testcase classname="com.topcoder.reliability.accuracytests.WeightedUserReliabilityCalculatorAccuracy" name="testCalculate2" time="0.0010" />
  <testcase classname="com.topcoder.reliability.accuracytests.WeightedUserReliabilityCalculatorAccuracy" name="testCalculate3" time="0.0" />
  <testcase classname="com.topcoder.reliability.accuracytests.WeightedUserReliabilityCalculatorAccuracy" name="testCalculate4" time="0.0010" />
  <testcase classname="com.topcoder.reliability.accuracytests.WeightedUserReliabilityCalculatorAccuracy" name="testCtor" time="0.0010" />
  <testcase classname="com.topcoder.reliability.accuracytests.WeightedUserReliabilityCalculatorAccuracy" name="testConfigure" time="0.0" />
  <testcase classname="com.topcoder.reliability.accuracytests.WeightedUserReliabilityCalculatorAccuracy" name="testCalculate" time="0.0" />
  <testcase classname="com.topcoder.reliability.accuracytests.WeightedUserReliabilityCalculatorAccuracy" name="testCalculate2" time="0.0" />
  <testcase classname="com.topcoder.reliability.accuracytests.WeightedUserReliabilityCalculatorAccuracy" name="testCalculate3" time="0.0010" />
  <testcase classname="com.topcoder.reliability.accuracytests.WeightedUserReliabilityCalculatorAccuracy" name="testCalculate4" time="0.0010" />
  <testcase classname="com.topcoder.reliability.accuracytests.DatabaseReliabilityDataPersistenceAccuracy" name="testCtor" time="0.052" />
  <testcase classname="com.topcoder.reliability.accuracytests.DatabaseReliabilityDataPersistenceAccuracy" name="testConfigure" time="0.03" />
  <testcase classname="com.topcoder.reliability.accuracytests.DatabaseReliabilityDataPersistenceAccuracy" name="testOpenAndClose" time="0.049" />
  <testcase classname="com.topcoder.reliability.accuracytests.DatabaseReliabilityDataPersistenceAccuracy" name="testGetIdsOfUsersWithReliability" time="0.043" />
  <testcase classname="com.topcoder.reliability.accuracytests.DatabaseReliabilityDataPersistenceAccuracy" name="testGetUserParticipationData" time="0.115" />
  <testcase classname="com.topcoder.reliability.accuracytests.DatabaseReliabilityDataPersistenceAccuracy" name="testSaveUserReliabilityData" time="0.044" />
  <testcase classname="com.topcoder.reliability.accuracytests.DatabaseReliabilityDataPersistenceAccuracy" name="testUpdateCurrentUserReliability" time="0.048" />
  <testcase classname="com.topcoder.reliability.accuracytests.ReliabilityCalculatorImplAccuracy" name="testCtor" time="0.029" />
  <testcase classname="com.topcoder.reliability.accuracytests.ReliabilityCalculatorImplAccuracy" name="testConfigure" time="0.029" />
  <testcase classname="com.topcoder.reliability.accuracytests.ReliabilityCalculatorImplAccuracy" name="testCalculate_1" time="0.509" />
  <testcase classname="com.topcoder.reliability.accuracytests.ReliabilityCalculatorImplAccuracy" name="testCalculate_2" time="0.518" />
  <testcase classname="com.topcoder.reliability.accuracytests.ReliabilityCalculatorUtilityAccuracy" name="testMain_NoUpdate" time="0.507" />
  <testcase classname="com.topcoder.reliability.accuracytests.ReliabilityCalculatorUtilityAccuracy" name="testMain_Update" time="0.485" />
  <testcase classname="com.topcoder.reliability.failuretests.impl.ReliabilityCalculatorImplFailureTests" name="testConfigureWithNullConfig" time="0.0060" />
  <testcase classname="com.topcoder.reliability.failuretests.impl.ReliabilityCalculatorImplFailureTests" name="testConfigureWithNonStringLoggerName" time="0.0030" />
  <testcase classname="com.topcoder.reliability.failuretests.impl.ReliabilityCalculatorImplFailureTests" name="testConfigureWithEmptyLoggerName" time="0.0030" />
  <testcase classname="com.topcoder.reliability.failuretests.impl.ReliabilityCalculatorImplFailureTests" name="testConfigureWithMissingReliabilityDataPersistenceKey" time="0.0040" />
  <testcase classname="com.topcoder.reliability.failuretests.impl.ReliabilityCalculatorImplFailureTests" name="testConfigureWithEmptyReliabilityDataPersistenceKey" time="0.0050" />
  <testcase classname="com.topcoder.reliability.failuretests.impl.ReliabilityCalculatorImplFailureTests" name="testConfigureWithUnknownReliabilityDataPersistenceKey" time="0.0040" />
  <testcase classname="com.topcoder.reliability.failuretests.impl.ReliabilityCalculatorImplFailureTests" name="testConfigureWithMissingParticipationDataComparatorKey" time="0.0050" />
  <testcase classname="com.topcoder.reliability.failuretests.impl.ReliabilityCalculatorImplFailureTests" name="testConfigureWithEmptyParticipationDataComparatorKey" time="0.0040" />
  <testcase classname="com.topcoder.reliability.failuretests.impl.ReliabilityCalculatorImplFailureTests" name="testConfigureWithUnknownParticipationDataComparatorKey" time="0.0040" />
  <testcase classname="com.topcoder.reliability.failuretests.impl.ReliabilityCalculatorImplFailureTests" name="testConfigureWithMissingObjectFactoryConfig" time="0.0040" />
  <testcase classname="com.topcoder.reliability.failuretests.impl.ReliabilityCalculatorImplFailureTests" name="testConfigureWithMissingReliabilityDataPersistenceConfig" time="0.0030" />
  <testcase classname="com.topcoder.reliability.failuretests.impl.ReliabilityCalculatorImplFailureTests" name="testConfigureWithMissingProjectCategoryIds" time="0.0050" />
  <testcase classname="com.topcoder.reliability.failuretests.impl.ReliabilityCalculatorImplFailureTests" name="testConfigureWithEmptyProjectCategoryIds" time="0.0040" />
  <testcase classname="com.topcoder.reliability.failuretests.impl.ReliabilityCalculatorImplFailureTests" name="testConfigureWithZeroProjectCategoryId" time="0.0050" />
  <testcase classname="com.topcoder.reliability.failuretests.impl.ReliabilityCalculatorImplFailureTests" name="testConfigureWithNegativeProjectCategoryId" time="0.0060" />
  <testcase classname="com.topcoder.reliability.failuretests.impl.ReliabilityCalculatorImplFailureTests" name="testConfigureWithInvalidProjectCategoryId" time="0.0050" />
  <testcase classname="com.topcoder.reliability.failuretests.impl.ReliabilityCalculatorImplFailureTests" name="testConfigureWithMissingReliabilityStartDate" time="0.0040" />
  <testcase classname="com.topcoder.reliability.failuretests.impl.ReliabilityCalculatorImplFailureTests" name="testConfigureWithEmptyReliabilityStartDate" time="0.0040" />
  <testcase classname="com.topcoder.reliability.failuretests.impl.ReliabilityCalculatorImplFailureTests" name="testConfigureWithMissingUserReliabilityCalculatorKey" time="0.0040" />
  <testcase classname="com.topcoder.reliability.failuretests.impl.ReliabilityCalculatorImplFailureTests" name="testConfigureWithEmptyUserReliabilityCalculatorKey" time="0.0040" />
  <testcase classname="com.topcoder.reliability.failuretests.impl.ReliabilityCalculatorImplFailureTests" name="testConfigureWithMissingResolutionDateDetectorKey" time="0.0050" />
  <testcase classname="com.topcoder.reliability.failuretests.impl.ReliabilityCalculatorImplFailureTests" name="testConfigureWithEmptyResolutionDateDetectorKey" time="0.0040" />
  <testcase classname="com.topcoder.reliability.failuretests.impl.ReliabilityCalculatorImplFailureTests" name="testConfigureWithMissingUserReliabilityCalculatorConfig" time="0.0040" />
  <testcase classname="com.topcoder.reliability.failuretests.impl.ReliabilityCalculatorImplFailureTests" name="testConfigureWithMissingResolutionDateDetectorConfig" time="0.0070" />
  <testcase classname="com.topcoder.reliability.failuretests.impl.ReliabilityCalculatorImplFailureTests" name="testCalculateWithNegativeProjectCategoryId" time="0.0040" />
  <testcase classname="com.topcoder.reliability.failuretests.impl.ReliabilityCalculatorImplFailureTests" name="testCalculateWithZeroProjectCategoryId" time="0.0050" />
  <testcase classname="com.topcoder.reliability.failuretests.impl.ReliabilityCalculatorImplFailureTests" name="testCalculateWithoutConfigured" time="0.0040" />
  <testcase classname="com.topcoder.reliability.failuretests.impl.ReliabilityCalculatorImplFailureTests" name="testCalculateWithUnknownProjectCategoryId" time="0.0040" />
  <testcase classname="com.topcoder.reliability.failuretests.impl.ReliabilityCalculatorImplFailureTests" name="testCalculateWithPersistenceError" time="0.01" />
  <testcase classname="com.topcoder.reliability.failuretests.impl.detectors.PhaseEndTimeBasedResolutionDateDetectorFailureTests" name="testConfigureWithNullConfig" time="0.0030" />
  <testcase classname="com.topcoder.reliability.failuretests.impl.detectors.PhaseEndTimeBasedResolutionDateDetectorFailureTests" name="testConfigureWithNonStringLoggerName" time="0.0020" />
  <testcase classname="com.topcoder.reliability.failuretests.impl.detectors.PhaseEndTimeBasedResolutionDateDetectorFailureTests" name="testConfigureWithEmptyLoggerName" time="0.0030" />
  <testcase classname="com.topcoder.reliability.failuretests.impl.detectors.PhaseEndTimeBasedResolutionDateDetectorFailureTests" name="testDetectWithNullData" time="0.0030" />
  <testcase classname="com.topcoder.reliability.failuretests.impl.calculators.BaseUserReliabilityCalculatorFailureTests" name="testConfigureWithNullConfig" time="0.022" />
  <testcase classname="com.topcoder.reliability.failuretests.impl.calculators.BaseUserReliabilityCalculatorFailureTests" name="testConfigureWithNonStringLoggerName" time="0.0060" />
  <testcase classname="com.topcoder.reliability.failuretests.impl.calculators.BaseUserReliabilityCalculatorFailureTests" name="testConfigureWithEmptyLoggerName" time="0.01" />
  <testcase classname="com.topcoder.reliability.failuretests.impl.calculators.BaseUserReliabilityCalculatorFailureTests" name="testCalculateWithNullProjects" time="0.0040" />
  <testcase classname="com.topcoder.reliability.failuretests.impl.calculators.BaseUserReliabilityCalculatorFailureTests" name="testCalculateWithEmptyProjects" time="0.0050" />
  <testcase classname="com.topcoder.reliability.failuretests.impl.calculators.BaseUserReliabilityCalculatorFailureTests" name="testCalculateWithNullProject" time="0.0040" />
  <testcase classname="com.topcoder.reliability.failuretests.impl.calculators.BaseUserReliabilityCalculatorFailureTests" name="testCalculateWithNullUserRegistrationDate" time="0.0040" />
  <testcase classname="com.topcoder.reliability.failuretests.impl.calculators.BaseUserReliabilityCalculatorFailureTests" name="testCalculateWithNullResolutionDate" time="0.0030" />
  <testcase classname="com.topcoder.reliability.failuretests.impl.calculators.BaseUserReliabilityCalculatorFailureTests" name="testCalculateWithCalculationError" time="0.0060" />
  <testcase classname="com.topcoder.reliability.failuretests.impl.calculators.UniformUserReliabilityCalculatorFailureTests" name="testConfigureWithNullConfig" time="0.0030" />
  <testcase classname="com.topcoder.reliability.failuretests.impl.calculators.UniformUserReliabilityCalculatorFailureTests" name="testConfigureWithNonStringLoggerName" time="0.0020" />
  <testcase classname="com.topcoder.reliability.failuretests.impl.calculators.UniformUserReliabilityCalculatorFailureTests" name="testConfigureWithEmptyLoggerName" time="0.0030" />
  <testcase classname="com.topcoder.reliability.failuretests.impl.calculators.UniformUserReliabilityCalculatorFailureTests" name="testCalculateWithoutConfigured" time="0.0030" />
  <testcase classname="com.topcoder.reliability.failuretests.impl.calculators.UniformUserReliabilityCalculatorFailureTests" name="testConfigureWithZeroHistoryLength" time="0.0030" />
  <testcase classname="com.topcoder.reliability.failuretests.impl.calculators.UniformUserReliabilityCalculatorFailureTests" name="testConfigureWithNegativeHistoryLength" time="0.0040" />
  <testcase classname="com.topcoder.reliability.failuretests.impl.calculators.UniformUserReliabilityCalculatorFailureTests" name="testConfigureWithUnknownHistoryLength" time="0.0030" />
  <testcase classname="com.topcoder.reliability.failuretests.impl.calculators.UniformUserReliabilityCalculatorFailureTests" name="testConfigureWithMissingHistoryLength" time="0.0030" />
  <testcase classname="com.topcoder.reliability.failuretests.impl.calculators.UniformUserReliabilityCalculatorFailureTests" name="testCalculateWithNullReliabilityData" time="0.0030" />
  <testcase classname="com.topcoder.reliability.failuretests.impl.calculators.UniformUserReliabilityCalculatorFailureTests" name="testCalculateWithNullUserProjectReliabilityData" time="0.0030" />
  <testcase classname="com.topcoder.reliability.failuretests.impl.calculators.WeightedUserReliabilityCalculatorFailureTests" name="testConfigureWithNullConfig" time="0.0030" />
  <testcase classname="com.topcoder.reliability.failuretests.impl.calculators.WeightedUserReliabilityCalculatorFailureTests" name="testConfigureWithNonStringLoggerName" time="0.01" />
  <testcase classname="com.topcoder.reliability.failuretests.impl.calculators.WeightedUserReliabilityCalculatorFailureTests" name="testConfigureWithEmptyLoggerName" time="0.0020" />
  <testcase classname="com.topcoder.reliability.failuretests.impl.calculators.WeightedUserReliabilityCalculatorFailureTests" name="testCalculateWithoutConfigured" time="0.0030" />
  <testcase classname="com.topcoder.reliability.failuretests.impl.calculators.WeightedUserReliabilityCalculatorFailureTests" name="testCalculateWithNullReliabilityData" time="0.0030" />
  <testcase classname="com.topcoder.reliability.failuretests.impl.calculators.WeightedUserReliabilityCalculatorFailureTests" name="testCalculateWithNullUserProjectReliabilityData" time="0.0030" />
  <testcase classname="com.topcoder.reliability.failuretests.impl.calculators.WeightedUserReliabilityCalculatorFailureTests" name="testConfigureWithZeroWeight" time="0.0020" />
  <testcase classname="com.topcoder.reliability.failuretests.impl.calculators.WeightedUserReliabilityCalculatorFailureTests" name="testConfigureWithNegativeWeight" time="0.0030" />
  <testcase classname="com.topcoder.reliability.failuretests.impl.calculators.WeightedUserReliabilityCalculatorFailureTests" name="testConfigureWithUnknownWeight" time="0.0020" />
  <testcase classname="com.topcoder.reliability.failuretests.impl.calculators.WeightedUserReliabilityCalculatorFailureTests" name="testConfigureWithMissingWeights" time="0.0030" />
  <testcase classname="com.topcoder.reliability.failuretests.impl.calculators.WeightedUserReliabilityCalculatorFailureTests" name="testConfigureWithEmptyWeights" time="0.0020" />
  <testcase classname="com.topcoder.reliability.failuretests.impl.persistence.DatabaseReliabilityDataPersistenceFailureTests" name="testConfigureWithNullConfig" time="0.0030" />
  <testcase classname="com.topcoder.reliability.failuretests.impl.persistence.DatabaseReliabilityDataPersistenceFailureTests" name="testConfigureWithNonStringLoggerName" time="0.0020" />
  <testcase classname="com.topcoder.reliability.failuretests.impl.persistence.DatabaseReliabilityDataPersistenceFailureTests" name="testConfigureWithEmptyLoggerName" time="0.0030" />
  <testcase classname="com.topcoder.reliability.failuretests.impl.persistence.DatabaseReliabilityDataPersistenceFailureTests" name="testConfigureWithNonStringConnectionName" time="0.0030" />
  <testcase classname="com.topcoder.reliability.failuretests.impl.persistence.DatabaseReliabilityDataPersistenceFailureTests" name="testConfigureWithEmptyConnectionName" time="0.0030" />
  <testcase classname="com.topcoder.reliability.failuretests.impl.persistence.DatabaseReliabilityDataPersistenceFailureTests" name="testConfigureWithMissingDbConnectionFactoryConfig" time="0.0030" />
  <testcase classname="com.topcoder.reliability.failuretests.impl.persistence.DatabaseReliabilityDataPersistenceFailureTests" name="testOpenWithTwiceCall" time="0.017" />
  <testcase classname="com.topcoder.reliability.failuretests.impl.persistence.DatabaseReliabilityDataPersistenceFailureTests" name="testOpenWithoutConfigured" time="0.0030" />
  <testcase classname="com.topcoder.reliability.failuretests.impl.persistence.DatabaseReliabilityDataPersistenceFailureTests" name="testOpenWithPersistenceError" time="0.0030" />
  <testcase classname="com.topcoder.reliability.failuretests.impl.persistence.DatabaseReliabilityDataPersistenceFailureTests" name="testCloseWithTwiceCall" time="0.013" />
  <testcase classname="com.topcoder.reliability.failuretests.impl.persistence.DatabaseReliabilityDataPersistenceFailureTests" name="testGetIdsOfUsersWithReliabilityWithZeroProjectCategoryId" time="0.013" />
  <testcase classname="com.topcoder.reliability.failuretests.impl.persistence.DatabaseReliabilityDataPersistenceFailureTests" name="testGetIdsOfUsersWithReliabilityWithNegativeProjectCategoryId" time="0.013" />
  <testcase classname="com.topcoder.reliability.failuretests.impl.persistence.DatabaseReliabilityDataPersistenceFailureTests" name="testGetIdsOfUsersWithReliabilityWithNullStartDate" time="0.012" />
  <testcase classname="com.topcoder.reliability.failuretests.impl.persistence.DatabaseReliabilityDataPersistenceFailureTests" name="testGetIdsOfUsersWithReliabilityWithoutOpen" time="0.0030" />
  <testcase classname="com.topcoder.reliability.failuretests.impl.persistence.DatabaseReliabilityDataPersistenceFailureTests" name="testGetIdsOfUsersWithReliabilityWithPersistenceError" time="0.014" />
  <testcase classname="com.topcoder.reliability.failuretests.impl.persistence.DatabaseReliabilityDataPersistenceFailureTests" name="testGetUserParticipationDataWithZeroProjectCategoryId" time="0.012" />
  <testcase classname="com.topcoder.reliability.failuretests.impl.persistence.DatabaseReliabilityDataPersistenceFailureTests" name="testGetUserParticipationDataWithNegativeProjectCategoryId" time="0.012" />
  <testcase classname="com.topcoder.reliability.failuretests.impl.persistence.DatabaseReliabilityDataPersistenceFailureTests" name="testGetUserParticipationDataWithZeroUserId" time="0.013" />
  <testcase classname="com.topcoder.reliability.failuretests.impl.persistence.DatabaseReliabilityDataPersistenceFailureTests" name="testGetUserParticipationDataWithNegativeUserId" time="0.014" />
  <testcase classname="com.topcoder.reliability.failuretests.impl.persistence.DatabaseReliabilityDataPersistenceFailureTests" name="testGetUserParticipationDataWithNullStartDate" time="0.014" />
  <testcase classname="com.topcoder.reliability.failuretests.impl.persistence.DatabaseReliabilityDataPersistenceFailureTests" name="testGetUserParticipationDataWithoutOpen" time="0.0040" />
  <testcase classname="com.topcoder.reliability.failuretests.impl.persistence.DatabaseReliabilityDataPersistenceFailureTests" name="testGetUserParticipationDataWithPersistenceError" time="0.013" />
  <testcase classname="com.topcoder.reliability.failuretests.impl.persistence.DatabaseReliabilityDataPersistenceFailureTests" name="testUpdateCurrentUserReliabilityWithZeroProjectCategoryId" time="0.012" />
  <testcase classname="com.topcoder.reliability.failuretests.impl.persistence.DatabaseReliabilityDataPersistenceFailureTests" name="testUpdateCurrentUserReliabilityWithNegativeProjectCategoryId" time="0.013" />
  <testcase classname="com.topcoder.reliability.failuretests.impl.persistence.DatabaseReliabilityDataPersistenceFailureTests" name="testUpdateCurrentUserReliabilityWithZeroUserId" time="0.014" />
  <testcase classname="com.topcoder.reliability.failuretests.impl.persistence.DatabaseReliabilityDataPersistenceFailureTests" name="testUpdateCurrentUserReliabilityWithNegativeUserId" time="0.017" />
  <testcase classname="com.topcoder.reliability.failuretests.impl.persistence.DatabaseReliabilityDataPersistenceFailureTests" name="testUpdateCurrentUserReliabilityWithNegativeReliability" time="0.012" />
  <testcase classname="com.topcoder.reliability.failuretests.impl.persistence.DatabaseReliabilityDataPersistenceFailureTests" name="testUpdateCurrentUserReliabilityWithReliabilityGreaterThan1" time="0.012" />
  <testcase classname="com.topcoder.reliability.failuretests.impl.persistence.DatabaseReliabilityDataPersistenceFailureTests" name="testUpdateCurrentUserReliabilityWithoutOpen" time="0.0030" />
  <testcase classname="com.topcoder.reliability.failuretests.impl.persistence.DatabaseReliabilityDataPersistenceFailureTests" name="testUpdateCurrentUserReliabilityWithPersistenceError" time="0.016" />
  <testcase classname="com.topcoder.reliability.failuretests.impl.persistence.DatabaseReliabilityDataPersistenceFailureTests" name="testSaveUserReliabilityDataWithNullProjects" time="0.0040" />
  <testcase classname="com.topcoder.reliability.failuretests.impl.persistence.DatabaseReliabilityDataPersistenceFailureTests" name="testSaveUserReliabilityDataWithEmptyProjects" time="0.0040" />
  <testcase classname="com.topcoder.reliability.failuretests.impl.persistence.DatabaseReliabilityDataPersistenceFailureTests" name="testSaveUserReliabilityDataWithNullProject" time="0.0030" />
  <testcase classname="com.topcoder.reliability.failuretests.impl.persistence.DatabaseReliabilityDataPersistenceFailureTests" name="testSaveUserReliabilityDataWithNullResolutionDate" time="0.0030" />
  <testcase classname="com.topcoder.reliability.failuretests.impl.persistence.DatabaseReliabilityDataPersistenceFailureTests" name="testSaveUserReliabilityDataWithDifferentUserId" time="0.0040" />
  <testcase classname="com.topcoder.reliability.failuretests.impl.persistence.DatabaseReliabilityDataPersistenceFailureTests" name="testSaveUserReliabilityDataWithoutOpen" time="0.0040" />
  <testcase classname="com.topcoder.reliability.failuretests.impl.persistence.DatabaseReliabilityDataPersistenceFailureTests" name="testSaveUserReliabilityDataWithPersistenceError" time="0.016" />
  <testcase classname="com.topcoder.reliability.stresstests.BaseUserReliabilityCalculatorStressTest" name="testCalculate_Small" time="0.057" />
  <testcase classname="com.topcoder.reliability.stresstests.BaseUserReliabilityCalculatorStressTest" name="testCalculate_Large" time="0.814" />
  <testcase classname="com.topcoder.reliability.stresstests.DatabaseReliabilityDataPersistenceStressTest" name="testGetIdsOfUsersWithReliability_Large" time="0.21" />
  <testcase classname="com.topcoder.reliability.stresstests.DatabaseReliabilityDataPersistenceStressTest" name="testGetIdsOfUsersWithReliability_Small" time="0.125" />
  <testcase classname="com.topcoder.reliability.stresstests.DatabaseReliabilityDataPersistenceStressTest" name="testGetUserParticipationData_Large" time="0.216" />
  <testcase classname="com.topcoder.reliability.stresstests.DatabaseReliabilityDataPersistenceStressTest" name="testGetUserParticipationData_Small" time="0.166" />
  <testcase classname="com.topcoder.reliability.stresstests.DatabaseReliabilityDataPersistenceStressTest" name="testSaveUserReliabilityData_Small" time="0.549" />
  <testcase classname="com.topcoder.reliability.stresstests.DatabaseReliabilityDataPersistenceStressTest" name="testSaveUserReliabilityData_Large" time="6.834" />
  <testcase classname="com.topcoder.reliability.stresstests.DatabaseReliabilityDataPersistenceStressTest" name="testUpdateCurrentUserReliability_Large" time="0.307" />
  <testcase classname="com.topcoder.reliability.stresstests.DatabaseReliabilityDataPersistenceStressTest" name="testUpdateCurrentUserReliability_Small" time="0.091" />
  <testcase classname="com.topcoder.reliability.stresstests.ReliabilityCalculatorImplStressTest" name="testCalculate_Small" time="0.074" />
  <testcase classname="com.topcoder.reliability.stresstests.ReliabilityCalculatorImplStressTest" name="testCalculate_Large" time="0.297" />
  <testcase classname="com.topcoder.reliability.stresstests.ReliabilityCalculatorImplStressTest" name="testCalculate_SmallLotsOfUsers1" time="2.258" />
  <testcase classname="com.topcoder.reliability.stresstests.ReliabilityCalculatorImplStressTest" name="testCalculate_SmallLotsOfUsers2" time="20.827" />
  <testcase classname="com.topcoder.reliability.stresstests.UniformUserReliabilityCalculatorStressTest" name="testCalculate_Small" time="0.016" />
  <testcase classname="com.topcoder.reliability.stresstests.UniformUserReliabilityCalculatorStressTest" name="testCalculate_Large" time="0.058" />
  <testcase classname="com.topcoder.reliability.stresstests.UserProjectParticipationDataResolutionDateBasedComparatorStressTest" name="testCompare_Small" time="0.0060" />
  <testcase classname="com.topcoder.reliability.stresstests.UserProjectParticipationDataResolutionDateBasedComparatorStressTest" name="testCompare_Large" time="0.0050" />
  <testcase classname="com.topcoder.reliability.stresstests.WeightedUserReliabilityCalculatorStressTest" name="testCalculate_Small" time="0.017" />
  <testcase classname="com.topcoder.reliability.stresstests.WeightedUserReliabilityCalculatorStressTest" name="testCalculate_Large" time="0.064" />
  <testcase classname="com.topcoder.reliability.stresstests.ReliabilityCalculationUtilityStressTest" name="testMain_Small" time="0.24" />
  <testcase classname="com.topcoder.reliability.stresstests.ReliabilityCalculationUtilityStressTest" name="testMain_Large" time="0.879" />
  <system-out><![CDATA[Entering method [com.topcoder.reliability.impl.ReliabilityCalculatorImpl.calculate(long projectCategoryId, boolean updateCurrentReliability)].
Input parameters[projectCategoryId:1, updateCurrentReliability:true]
Entering method [com.topcoder.reliability.impl.persistence.DatabaseReliabilityDataPersistence.open()].
Exiting method [com.topcoder.reliability.impl.persistence.DatabaseReliabilityDataPersistence.open()], time spent in the method: 9 milliseconds.
Entering method [com.topcoder.reliability.impl.persistence.DatabaseReliabilityDataPersistence.getIdsOfUsersWithReliability(long projectCategoryId, Date startDate)].
Input parameters[projectCategoryId:1, startDate:Wed Oct 05 09:00:00 CST 2005]
Exiting method [com.topcoder.reliability.impl.persistence.DatabaseReliabilityDataPersistence.getIdsOfUsersWithReliability(long projectCategoryId, Date startDate)], time spent in the method: 19 milliseconds.
Output parameter: [123456]
Entering method [com.topcoder.reliability.impl.persistence.DatabaseReliabilityDataPersistence.getUserParticipationData(long userId, long projectCategoryId, Date startDate)].
Input parameters[userId:123456, projectCategoryId:1, startDate:Wed Oct 05 09:00:00 CST 2005]
Exiting method [com.topcoder.reliability.impl.persistence.DatabaseReliabilityDataPersistence.getUserParticipationData(long userId, long projectCategoryId, Date startDate)], time spent in the method: 428 milliseconds.
Output parameter: [com.topcoder.reliability.impl.UserProjectParticipationData@656546ef, com.topcoder.reliability.impl.UserProjectParticipationData@5c1428ea]
Entering method [com.topcoder.reliability.impl.detectors.PhaseEndTimeBasedResolutionDateDetector.detect(UserProjectParticipationData data)].
Input parameters[data:com.topcoder.reliability.impl.UserProjectParticipationData@656546ef]
Exiting method [com.topcoder.reliability.impl.detectors.PhaseEndTimeBasedResolutionDateDetector.detect(UserProjectParticipationData data)], time spent in the method: 0 milliseconds.
Entering method [com.topcoder.reliability.impl.detectors.PhaseEndTimeBasedResolutionDateDetector.detect(UserProjectParticipationData data)].
Input parameters[data:com.topcoder.reliability.impl.UserProjectParticipationData@5c1428ea]
Exiting method [com.topcoder.reliability.impl.detectors.PhaseEndTimeBasedResolutionDateDetector.detect(UserProjectParticipationData data)], time spent in the method: 0 milliseconds.
Entering method [com.topcoder.reliability.impl.calculators.BaseUserReliabilityCalculator.calculate(List<UserProjectParticipationData> projects)].
Input parameters[projects:[com.topcoder.reliability.impl.UserProjectParticipationData@656546ef, com.topcoder.reliability.impl.UserProjectParticipationData@5c1428ea]]
Exiting method [com.topcoder.reliability.impl.calculators.BaseUserReliabilityCalculator.calculate(List<UserProjectParticipationData> projects)], time spent in the method: 1 milliseconds.
Output parameter: [com.topcoder.reliability.impl.UserProjectReliabilityData@28e70e30, com.topcoder.reliability.impl.UserProjectReliabilityData@5954864a]
Entering method [com.topcoder.reliability.impl.persistence.DatabaseReliabilityDataPersistence.saveUserReliabilityData(List<UserProjectReliabilityData> projects)].
Input parameters[projects:[com.topcoder.reliability.impl.UserProjectReliabilityData@28e70e30, com.topcoder.reliability.impl.UserProjectReliabilityData@5954864a]]
Exiting method [com.topcoder.reliability.impl.persistence.DatabaseReliabilityDataPersistence.saveUserReliabilityData(List<UserProjectReliabilityData> projects)], time spent in the method: 6 milliseconds.
Entering method [com.topcoder.reliability.impl.persistence.DatabaseReliabilityDataPersistence.updateCurrentUserReliability(long userId, long projectCategoryId, double reliability)].
Input parameters[userId:123456, projectCategoryId:1, reliability:1.0]
Exiting method [com.topcoder.reliability.impl.persistence.DatabaseReliabilityDataPersistence.updateCurrentUserReliability(long userId, long projectCategoryId, double reliability)], time spent in the method: 5 milliseconds.
Entering method [com.topcoder.reliability.impl.persistence.DatabaseReliabilityDataPersistence.close].
Exiting method [com.topcoder.reliability.impl.persistence.DatabaseReliabilityDataPersistence.close], time spent in the method: 1 milliseconds.
Exiting method [com.topcoder.reliability.impl.ReliabilityCalculatorImpl.calculate(long projectCategoryId, boolean updateCurrentReliability)], time spent in the method: 474 milliseconds.
Entering method [signature].
Entering method [signature].
Input parameters[p1:v1, p2:v2]
Exiting method [signature], time spent in the method: 0 milliseconds.
Exiting method [signature], time spent in the method: 0 milliseconds.
Output parameter: v1
Error in method [signature], details: Log message.
java.lang.Exception: Test
	at com.topcoder.reliability.HelperUnitTests.test_logException_1(HelperUnitTests.java:479)
	at sun.reflect.NativeMethodAccessorImpl.invoke0(Native Method)
	at sun.reflect.NativeMethodAccessorImpl.invoke(NativeMethodAccessorImpl.java:39)
	at sun.reflect.DelegatingMethodAccessorImpl.invoke(DelegatingMethodAccessorImpl.java:25)
	at java.lang.reflect.Method.invoke(Method.java:597)
	at org.junit.runners.model.FrameworkMethod$1.runReflectiveCall(FrameworkMethod.java:44)
	at org.junit.internal.runners.model.ReflectiveCallable.run(ReflectiveCallable.java:15)
	at org.junit.runners.model.FrameworkMethod.invokeExplosively(FrameworkMethod.java:41)
	at org.junit.internal.runners.statements.InvokeMethod.evaluate(InvokeMethod.java:20)
	at org.junit.internal.runners.statements.RunBefores.evaluate(RunBefores.java:28)
	at org.junit.runners.BlockJUnit4ClassRunner.runNotIgnored(BlockJUnit4ClassRunner.java:79)
	at org.junit.runners.BlockJUnit4ClassRunner.runChild(BlockJUnit4ClassRunner.java:71)
	at org.junit.runners.BlockJUnit4ClassRunner.runChild(BlockJUnit4ClassRunner.java:49)
	at org.junit.runners.ParentRunner$3.run(ParentRunner.java:193)
	at org.junit.runners.ParentRunner$1.schedule(ParentRunner.java:52)
	at org.junit.runners.ParentRunner.runChildren(ParentRunner.java:191)
	at org.junit.runners.ParentRunner.access$000(ParentRunner.java:42)
	at org.junit.runners.ParentRunner$2.evaluate(ParentRunner.java:184)
	at org.junit.runners.ParentRunner.run(ParentRunner.java:236)
	at junit.framework.JUnit4TestAdapter.run(JUnit4TestAdapter.java:39)
	at junit.framework.TestSuite.runTest(TestSuite.java:243)
	at junit.framework.TestSuite.run(TestSuite.java:238)
	at junit.framework.TestSuite.runTest(TestSuite.java:243)
	at junit.framework.TestSuite.run(TestSuite.java:238)
	at org.apache.tools.ant.taskdefs.optional.junit.JUnitTestRunner.run(JUnitTestRunner.java:420)
	at org.apache.tools.ant.taskdefs.optional.junit.JUnitTestRunner.launch(JUnitTestRunner.java:911)
	at org.apache.tools.ant.taskdefs.optional.junit.JUnitTestRunner.main(JUnitTestRunner.java:768)

Entering method [com.topcoder.reliability.impl.ReliabilityCalculatorImpl.calculate(long projectCategoryId, boolean updateCurrentReliability)].
Input parameters[projectCategoryId:1, updateCurrentReliability:false]
Entering method [com.topcoder.reliability.impl.persistence.DatabaseReliabilityDataPersistence.open()].
Exiting method [com.topcoder.reliability.impl.persistence.DatabaseReliabilityDataPersistence.open()], time spent in the method: 14 milliseconds.
Entering method [com.topcoder.reliability.impl.persistence.DatabaseReliabilityDataPersistence.getIdsOfUsersWithReliability(long projectCategoryId, Date startDate)].
Input parameters[projectCategoryId:1, startDate:Wed Oct 05 09:00:00 CST 2005]
Exiting method [com.topcoder.reliability.impl.persistence.DatabaseReliabilityDataPersistence.getIdsOfUsersWithReliability(long projectCategoryId, Date startDate)], time spent in the method: 4 milliseconds.
Output parameter: [123456]
Entering method [com.topcoder.reliability.impl.persistence.DatabaseReliabilityDataPersistence.getUserParticipationData(long userId, long projectCategoryId, Date startDate)].
Input parameters[userId:123456, projectCategoryId:1, startDate:Wed Oct 05 09:00:00 CST 2005]
Exiting method [com.topcoder.reliability.impl.persistence.DatabaseReliabilityDataPersistence.getUserParticipationData(long userId, long projectCategoryId, Date startDate)], time spent in the method: 435 milliseconds.
Output parameter: [com.topcoder.reliability.impl.UserProjectParticipationData@7229c204, com.topcoder.reliability.impl.UserProjectParticipationData@1380cf2a]
Entering method [com.topcoder.reliability.impl.detectors.PhaseEndTimeBasedResolutionDateDetector.detect(UserProjectParticipationData data)].
Input parameters[data:com.topcoder.reliability.impl.UserProjectParticipationData@7229c204]
Exiting method [com.topcoder.reliability.impl.detectors.PhaseEndTimeBasedResolutionDateDetector.detect(UserProjectParticipationData data)], time spent in the method: 0 milliseconds.
Entering method [com.topcoder.reliability.impl.detectors.PhaseEndTimeBasedResolutionDateDetector.detect(UserProjectParticipationData data)].
Input parameters[data:com.topcoder.reliability.impl.UserProjectParticipationData@1380cf2a]
Exiting method [com.topcoder.reliability.impl.detectors.PhaseEndTimeBasedResolutionDateDetector.detect(UserProjectParticipationData data)], time spent in the method: 0 milliseconds.
Entering method [com.topcoder.reliability.impl.calculators.BaseUserReliabilityCalculator.calculate(List<UserProjectParticipationData> projects)].
Input parameters[projects:[com.topcoder.reliability.impl.UserProjectParticipationData@7229c204, com.topcoder.reliability.impl.UserProjectParticipationData@1380cf2a]]
Exiting method [com.topcoder.reliability.impl.calculators.BaseUserReliabilityCalculator.calculate(List<UserProjectParticipationData> projects)], time spent in the method: 1 milliseconds.
Output parameter: [com.topcoder.reliability.impl.UserProjectReliabilityData@6da0d866, com.topcoder.reliability.impl.UserProjectReliabilityData@5adf48c4]
Entering method [com.topcoder.reliability.impl.persistence.DatabaseReliabilityDataPersistence.saveUserReliabilityData(List<UserProjectReliabilityData> projects)].
Input parameters[projects:[com.topcoder.reliability.impl.UserProjectReliabilityData@6da0d866, com.topcoder.reliability.impl.UserProjectReliabilityData@5adf48c4]]
Exiting method [com.topcoder.reliability.impl.persistence.DatabaseReliabilityDataPersistence.saveUserReliabilityData(List<UserProjectReliabilityData> projects)], time spent in the method: 5 milliseconds.
Entering method [com.topcoder.reliability.impl.persistence.DatabaseReliabilityDataPersistence.close].
Exiting method [com.topcoder.reliability.impl.persistence.DatabaseReliabilityDataPersistence.close], time spent in the method: 0 milliseconds.
Exiting method [com.topcoder.reliability.impl.ReliabilityCalculatorImpl.calculate(long projectCategoryId, boolean updateCurrentReliability)], time spent in the method: 460 milliseconds.
Entering method [com.topcoder.reliability.impl.ReliabilityCalculatorImpl.calculate(long projectCategoryId, boolean updateCurrentReliability)].
Input parameters[projectCategoryId:2, updateCurrentReliability:false]
Entering method [com.topcoder.reliability.impl.persistence.DatabaseReliabilityDataPersistence.open()].
Exiting method [com.topcoder.reliability.impl.persistence.DatabaseReliabilityDataPersistence.open()], time spent in the method: 10 milliseconds.
Entering method [com.topcoder.reliability.impl.persistence.DatabaseReliabilityDataPersistence.getIdsOfUsersWithReliability(long projectCategoryId, Date startDate)].
Input parameters[projectCategoryId:2, startDate:Wed Oct 05 09:00:00 CST 2005]
Exiting method [com.topcoder.reliability.impl.persistence.DatabaseReliabilityDataPersistence.getIdsOfUsersWithReliability(long projectCategoryId, Date startDate)], time spent in the method: 17 milliseconds.
Output parameter: []
Entering method [com.topcoder.reliability.impl.persistence.DatabaseReliabilityDataPersistence.close].
Exiting method [com.topcoder.reliability.impl.persistence.DatabaseReliabilityDataPersistence.close], time spent in the method: 0 milliseconds.
Exiting method [com.topcoder.reliability.impl.ReliabilityCalculatorImpl.calculate(long projectCategoryId, boolean updateCurrentReliability)], time spent in the method: 28 milliseconds.
Entering method [com.topcoder.reliability.impl.ReliabilityCalculatorImpl.calculate(long projectCategoryId, boolean updateCurrentReliability)].
Input parameters[projectCategoryId:6, updateCurrentReliability:false]
Entering method [com.topcoder.reliability.impl.persistence.DatabaseReliabilityDataPersistence.open()].
Exiting method [com.topcoder.reliability.impl.persistence.DatabaseReliabilityDataPersistence.open()], time spent in the method: 11 milliseconds.
Entering method [com.topcoder.reliability.impl.persistence.DatabaseReliabilityDataPersistence.getIdsOfUsersWithReliability(long projectCategoryId, Date startDate)].
Input parameters[projectCategoryId:6, startDate:Mon Mar 23 00:00:00 CST 2009]
Exiting method [com.topcoder.reliability.impl.persistence.DatabaseReliabilityDataPersistence.getIdsOfUsersWithReliability(long projectCategoryId, Date startDate)], time spent in the method: 3 milliseconds.
Output parameter: []
Entering method [com.topcoder.reliability.impl.persistence.DatabaseReliabilityDataPersistence.close].
Exiting method [com.topcoder.reliability.impl.persistence.DatabaseReliabilityDataPersistence.close], time spent in the method: 1 milliseconds.
Exiting method [com.topcoder.reliability.impl.ReliabilityCalculatorImpl.calculate(long projectCategoryId, boolean updateCurrentReliability)], time spent in the method: 15 milliseconds.
Entering method [com.topcoder.reliability.impl.ReliabilityCalculatorImpl.calculate(long projectCategoryId, boolean updateCurrentReliability)].
Input parameters[projectCategoryId:7, updateCurrentReliability:false]
Entering method [com.topcoder.reliability.impl.persistence.DatabaseReliabilityDataPersistence.open()].
Exiting method [com.topcoder.reliability.impl.persistence.DatabaseReliabilityDataPersistence.open()], time spent in the method: 11 milliseconds.
Entering method [com.topcoder.reliability.impl.persistence.DatabaseReliabilityDataPersistence.getIdsOfUsersWithReliability(long projectCategoryId, Date startDate)].
Input parameters[projectCategoryId:7, startDate:Mon Mar 23 00:00:00 CST 2009]
Exiting method [com.topcoder.reliability.impl.persistence.DatabaseReliabilityDataPersistence.getIdsOfUsersWithReliability(long projectCategoryId, Date startDate)], time spent in the method: 4 milliseconds.
Output parameter: []
Entering method [com.topcoder.reliability.impl.persistence.DatabaseReliabilityDataPersistence.close].
Exiting method [com.topcoder.reliability.impl.persistence.DatabaseReliabilityDataPersistence.close], time spent in the method: 0 milliseconds.
Exiting method [com.topcoder.reliability.impl.ReliabilityCalculatorImpl.calculate(long projectCategoryId, boolean updateCurrentReliability)], time spent in the method: 15 milliseconds.
Entering method [com.topcoder.reliability.impl.ReliabilityCalculatorImpl.calculate(long projectCategoryId, boolean updateCurrentReliability)].
Input parameters[projectCategoryId:13, updateCurrentReliability:false]
Entering method [com.topcoder.reliability.impl.persistence.DatabaseReliabilityDataPersistence.open()].
Exiting method [com.topcoder.reliability.impl.persistence.DatabaseReliabilityDataPersistence.open()], time spent in the method: 10 milliseconds.
Entering method [com.topcoder.reliability.impl.persistence.DatabaseReliabilityDataPersistence.getIdsOfUsersWithReliability(long projectCategoryId, Date startDate)].
Input parameters[projectCategoryId:13, startDate:Mon Mar 23 00:00:00 CST 2009]
Exiting method [com.topcoder.reliability.impl.persistence.DatabaseReliabilityDataPersistence.getIdsOfUsersWithReliability(long projectCategoryId, Date startDate)], time spent in the method: 3 milliseconds.
Output parameter: []
Entering method [com.topcoder.reliability.impl.persistence.DatabaseReliabilityDataPersistence.close].
Exiting method [com.topcoder.reliability.impl.persistence.DatabaseReliabilityDataPersistence.close], time spent in the method: 1 milliseconds.
Exiting method [com.topcoder.reliability.impl.ReliabilityCalculatorImpl.calculate(long projectCategoryId, boolean updateCurrentReliability)], time spent in the method: 15 milliseconds.
Entering method [com.topcoder.reliability.impl.ReliabilityCalculatorImpl.calculate(long projectCategoryId, boolean updateCurrentReliability)].
Input parameters[projectCategoryId:14, updateCurrentReliability:false]
Entering method [com.topcoder.reliability.impl.persistence.DatabaseReliabilityDataPersistence.open()].
Exiting method [com.topcoder.reliability.impl.persistence.DatabaseReliabilityDataPersistence.open()], time spent in the method: 10 milliseconds.
Entering method [com.topcoder.reliability.impl.persistence.DatabaseReliabilityDataPersistence.getIdsOfUsersWithReliability(long projectCategoryId, Date startDate)].
Input parameters[projectCategoryId:14, startDate:Mon Mar 23 00:00:00 CST 2009]
Exiting method [com.topcoder.reliability.impl.persistence.DatabaseReliabilityDataPersistence.getIdsOfUsersWithReliability(long projectCategoryId, Date startDate)], time spent in the method: 4 milliseconds.
Output parameter: []
Entering method [com.topcoder.reliability.impl.persistence.DatabaseReliabilityDataPersistence.close].
Exiting method [com.topcoder.reliability.impl.persistence.DatabaseReliabilityDataPersistence.close], time spent in the method: 0 milliseconds.
Exiting method [com.topcoder.reliability.impl.ReliabilityCalculatorImpl.calculate(long projectCategoryId, boolean updateCurrentReliability)], time spent in the method: 15 milliseconds.
Entering method [com.topcoder.reliability.impl.ReliabilityCalculatorImpl.calculate(long projectCategoryId, boolean updateCurrentReliability)].
Input parameters[projectCategoryId:19, updateCurrentReliability:false]
Entering method [com.topcoder.reliability.impl.persistence.DatabaseReliabilityDataPersistence.open()].
Exiting method [com.topcoder.reliability.impl.persistence.DatabaseReliabilityDataPersistence.open()], time spent in the method: 11 milliseconds.
Entering method [com.topcoder.reliability.impl.persistence.DatabaseReliabilityDataPersistence.getIdsOfUsersWithReliability(long projectCategoryId, Date startDate)].
Input parameters[projectCategoryId:19, startDate:Mon Mar 23 00:00:00 CST 2009]
Exiting method [com.topcoder.reliability.impl.persistence.DatabaseReliabilityDataPersistence.getIdsOfUsersWithReliability(long projectCategoryId, Date startDate)], time spent in the method: 4 milliseconds.
Output parameter: []
Entering method [com.topcoder.reliability.impl.persistence.DatabaseReliabilityDataPersistence.close].
Exiting method [com.topcoder.reliability.impl.persistence.DatabaseReliabilityDataPersistence.close], time spent in the method: 0 milliseconds.
Exiting method [com.topcoder.reliability.impl.ReliabilityCalculatorImpl.calculate(long projectCategoryId, boolean updateCurrentReliability)], time spent in the method: 16 milliseconds.
Entering method [com.topcoder.reliability.impl.ReliabilityCalculatorImpl.calculate(long projectCategoryId, boolean updateCurrentReliability)].
Input parameters[projectCategoryId:23, updateCurrentReliability:false]
Entering method [com.topcoder.reliability.impl.persistence.DatabaseReliabilityDataPersistence.open()].
Exiting method [com.topcoder.reliability.impl.persistence.DatabaseReliabilityDataPersistence.open()], time spent in the method: 10 milliseconds.
Entering method [com.topcoder.reliability.impl.persistence.DatabaseReliabilityDataPersistence.getIdsOfUsersWithReliability(long projectCategoryId, Date startDate)].
Input parameters[projectCategoryId:23, startDate:Mon Mar 23 00:00:00 CST 2009]
Exiting method [com.topcoder.reliability.impl.persistence.DatabaseReliabilityDataPersistence.getIdsOfUsersWithReliability(long projectCategoryId, Date startDate)], time spent in the method: 4 milliseconds.
Output parameter: []
Entering method [com.topcoder.reliability.impl.persistence.DatabaseReliabilityDataPersistence.close].
Exiting method [com.topcoder.reliability.impl.persistence.DatabaseReliabilityDataPersistence.close], time spent in the method: 1 milliseconds.
Exiting method [com.topcoder.reliability.impl.ReliabilityCalculatorImpl.calculate(long projectCategoryId, boolean updateCurrentReliability)], time spent in the method: 15 milliseconds.
Entering method [com.topcoder.reliability.impl.ReliabilityCalculatorImpl.calculate(long projectCategoryId, boolean updateCurrentReliability)].
Input parameters[projectCategoryId:24, updateCurrentReliability:false]
Entering method [com.topcoder.reliability.impl.persistence.DatabaseReliabilityDataPersistence.open()].
Exiting method [com.topcoder.reliability.impl.persistence.DatabaseReliabilityDataPersistence.open()], time spent in the method: 11 milliseconds.
Entering method [com.topcoder.reliability.impl.persistence.DatabaseReliabilityDataPersistence.getIdsOfUsersWithReliability(long projectCategoryId, Date startDate)].
Input parameters[projectCategoryId:24, startDate:Mon Mar 23 00:00:00 CST 2009]
Exiting method [com.topcoder.reliability.impl.persistence.DatabaseReliabilityDataPersistence.getIdsOfUsersWithReliability(long projectCategoryId, Date startDate)], time spent in the method: 3 milliseconds.
Output parameter: []
Entering method [com.topcoder.reliability.impl.persistence.DatabaseReliabilityDataPersistence.close].
Exiting method [com.topcoder.reliability.impl.persistence.DatabaseReliabilityDataPersistence.close], time spent in the method: 1 milliseconds.
Exiting method [com.topcoder.reliability.impl.ReliabilityCalculatorImpl.calculate(long projectCategoryId, boolean updateCurrentReliability)], time spent in the method: 15 milliseconds.
Entering method [com.topcoder.reliability.impl.ReliabilityCalculatorImpl.calculate(long projectCategoryId, boolean updateCurrentReliability)].
Input parameters[projectCategoryId:26, updateCurrentReliability:false]
Entering method [com.topcoder.reliability.impl.persistence.DatabaseReliabilityDataPersistence.open()].
Exiting method [com.topcoder.reliability.impl.persistence.DatabaseReliabilityDataPersistence.open()], time spent in the method: 12 milliseconds.
Entering method [com.topcoder.reliability.impl.persistence.DatabaseReliabilityDataPersistence.getIdsOfUsersWithReliability(long projectCategoryId, Date startDate)].
Input parameters[projectCategoryId:26, startDate:Mon Mar 23 00:00:00 CST 2009]
Exiting method [com.topcoder.reliability.impl.persistence.DatabaseReliabilityDataPersistence.getIdsOfUsersWithReliability(long projectCategoryId, Date startDate)], time spent in the method: 3 milliseconds.
Output parameter: []
Entering method [com.topcoder.reliability.impl.persistence.DatabaseReliabilityDataPersistence.close].
Exiting method [com.topcoder.reliability.impl.persistence.DatabaseReliabilityDataPersistence.close], time spent in the method: 0 milliseconds.
Exiting method [com.topcoder.reliability.impl.ReliabilityCalculatorImpl.calculate(long projectCategoryId, boolean updateCurrentReliability)], time spent in the method: 16 milliseconds.
Exiting method [com.topcoder.reliability.ReliabilityCalculationUtility.main(String[] args)], time spent in the method: 688 milliseconds.
Entering method [com.topcoder.reliability.impl.ReliabilityCalculatorImpl.calculate(long projectCategoryId, boolean updateCurrentReliability)].
Input parameters[projectCategoryId:1, updateCurrentReliability:true]
Entering method [com.topcoder.reliability.impl.persistence.DatabaseReliabilityDataPersistence.open()].
Exiting method [com.topcoder.reliability.impl.persistence.DatabaseReliabilityDataPersistence.open()], time spent in the method: 12 milliseconds.
Entering method [com.topcoder.reliability.impl.persistence.DatabaseReliabilityDataPersistence.getIdsOfUsersWithReliability(long projectCategoryId, Date startDate)].
Input parameters[projectCategoryId:1, startDate:Wed Oct 05 09:00:00 CST 2005]
Exiting method [com.topcoder.reliability.impl.persistence.DatabaseReliabilityDataPersistence.getIdsOfUsersWithReliability(long projectCategoryId, Date startDate)], time spent in the method: 3 milliseconds.
Output parameter: [123456]
Entering method [com.topcoder.reliability.impl.persistence.DatabaseReliabilityDataPersistence.getUserParticipationData(long userId, long projectCategoryId, Date startDate)].
Input parameters[userId:123456, projectCategoryId:1, startDate:Wed Oct 05 09:00:00 CST 2005]
Exiting method [com.topcoder.reliability.impl.persistence.DatabaseReliabilityDataPersistence.getUserParticipationData(long userId, long projectCategoryId, Date startDate)], time spent in the method: 426 milliseconds.
Output parameter: [com.topcoder.reliability.impl.UserProjectParticipationData@7444f787, com.topcoder.reliability.impl.UserProjectParticipationData@5bd6fbb3]
Entering method [com.topcoder.reliability.impl.detectors.PhaseEndTimeBasedResolutionDateDetector.detect(UserProjectParticipationData data)].
Input parameters[data:com.topcoder.reliability.impl.UserProjectParticipationData@7444f787]
Exiting method [com.topcoder.reliability.impl.detectors.PhaseEndTimeBasedResolutionDateDetector.detect(UserProjectParticipationData data)], time spent in the method: 0 milliseconds.
Entering method [com.topcoder.reliability.impl.detectors.PhaseEndTimeBasedResolutionDateDetector.detect(UserProjectParticipationData data)].
Input parameters[data:com.topcoder.reliability.impl.UserProjectParticipationData@5bd6fbb3]
Exiting method [com.topcoder.reliability.impl.detectors.PhaseEndTimeBasedResolutionDateDetector.detect(UserProjectParticipationData data)], time spent in the method: 0 milliseconds.
Entering method [com.topcoder.reliability.impl.calculators.BaseUserReliabilityCalculator.calculate(List<UserProjectParticipationData> projects)].
Input parameters[projects:[com.topcoder.reliability.impl.UserProjectParticipationData@7444f787, com.topcoder.reliability.impl.UserProjectParticipationData@5bd6fbb3]]
Exiting method [com.topcoder.reliability.impl.calculators.BaseUserReliabilityCalculator.calculate(List<UserProjectParticipationData> projects)], time spent in the method: 0 milliseconds.
Output parameter: [com.topcoder.reliability.impl.UserProjectReliabilityData@7f26d3df, com.topcoder.reliability.impl.UserProjectReliabilityData@4e2016b0]
Entering method [com.topcoder.reliability.impl.persistence.DatabaseReliabilityDataPersistence.saveUserReliabilityData(List<UserProjectReliabilityData> projects)].
Input parameters[projects:[com.topcoder.reliability.impl.UserProjectReliabilityData@7f26d3df, com.topcoder.reliability.impl.UserProjectReliabilityData@4e2016b0]]
Exiting method [com.topcoder.reliability.impl.persistence.DatabaseReliabilityDataPersistence.saveUserReliabilityData(List<UserProjectReliabilityData> projects)], time spent in the method: 10 milliseconds.
Entering method [com.topcoder.reliability.impl.persistence.DatabaseReliabilityDataPersistence.updateCurrentUserReliability(long userId, long projectCategoryId, double reliability)].
Input parameters[userId:123456, projectCategoryId:1, reliability:1.0]
Exiting method [com.topcoder.reliability.impl.persistence.DatabaseReliabilityDataPersistence.updateCurrentUserReliability(long userId, long projectCategoryId, double reliability)], time spent in the method: 3 milliseconds.
Entering method [com.topcoder.reliability.impl.persistence.DatabaseReliabilityDataPersistence.close].
Exiting method [com.topcoder.reliability.impl.persistence.DatabaseReliabilityDataPersistence.close], time spent in the method: 1 milliseconds.
Exiting method [com.topcoder.reliability.impl.ReliabilityCalculatorImpl.calculate(long projectCategoryId, boolean updateCurrentReliability)], time spent in the method: 457 milliseconds.
Entering method [com.topcoder.reliability.impl.ReliabilityCalculatorImpl.calculate(long projectCategoryId, boolean updateCurrentReliability)].
Input parameters[projectCategoryId:2, updateCurrentReliability:true]
Entering method [com.topcoder.reliability.impl.persistence.DatabaseReliabilityDataPersistence.open()].
Exiting method [com.topcoder.reliability.impl.persistence.DatabaseReliabilityDataPersistence.open()], time spent in the method: 12 milliseconds.
Entering method [com.topcoder.reliability.impl.persistence.DatabaseReliabilityDataPersistence.getIdsOfUsersWithReliability(long projectCategoryId, Date startDate)].
Input parameters[projectCategoryId:2, startDate:Wed Oct 05 09:00:00 CST 2005]
Exiting method [com.topcoder.reliability.impl.persistence.DatabaseReliabilityDataPersistence.getIdsOfUsersWithReliability(long projectCategoryId, Date startDate)], time spent in the method: 4 milliseconds.
Output parameter: []
Entering method [com.topcoder.reliability.impl.persistence.DatabaseReliabilityDataPersistence.close].
Exiting method [com.topcoder.reliability.impl.persistence.DatabaseReliabilityDataPersistence.close], time spent in the method: 0 milliseconds.
Exiting method [com.topcoder.reliability.impl.ReliabilityCalculatorImpl.calculate(long projectCategoryId, boolean updateCurrentReliability)], time spent in the method: 17 milliseconds.
Exiting method [com.topcoder.reliability.ReliabilityCalculationUtility.main(String[] args)], time spent in the method: 485 milliseconds.
Entering method [com.topcoder.reliability.impl.ReliabilityCalculatorImpl.calculate(long projectCategoryId, boolean updateCurrentReliability)].
Input parameters[projectCategoryId:1, updateCurrentReliability:false]
Entering method [com.topcoder.reliability.impl.persistence.DatabaseReliabilityDataPersistence.open()].
Exiting method [com.topcoder.reliability.impl.persistence.DatabaseReliabilityDataPersistence.open()], time spent in the method: 21 milliseconds.
Entering method [com.topcoder.reliability.impl.persistence.DatabaseReliabilityDataPersistence.getIdsOfUsersWithReliability(long projectCategoryId, Date startDate)].
Input parameters[projectCategoryId:1, startDate:Wed Oct 05 09:00:00 CST 2005]
Exiting method [com.topcoder.reliability.impl.persistence.DatabaseReliabilityDataPersistence.getIdsOfUsersWithReliability(long projectCategoryId, Date startDate)], time spent in the method: 5 milliseconds.
Output parameter: [123456]
Entering method [com.topcoder.reliability.impl.persistence.DatabaseReliabilityDataPersistence.getUserParticipationData(long userId, long projectCategoryId, Date startDate)].
Input parameters[userId:123456, projectCategoryId:1, startDate:Wed Oct 05 09:00:00 CST 2005]
Exiting method [com.topcoder.reliability.impl.persistence.DatabaseReliabilityDataPersistence.getUserParticipationData(long userId, long projectCategoryId, Date startDate)], time spent in the method: 426 milliseconds.
Output parameter: [com.topcoder.reliability.impl.UserProjectParticipationData@1acc0e01, com.topcoder.reliability.impl.UserProjectParticipationData@4aab7165]
Entering method [com.topcoder.reliability.impl.detectors.PhaseEndTimeBasedResolutionDateDetector.detect(UserProjectParticipationData data)].
Input parameters[data:com.topcoder.reliability.impl.UserProjectParticipationData@1acc0e01]
Exiting method [com.topcoder.reliability.impl.detectors.PhaseEndTimeBasedResolutionDateDetector.detect(UserProjectParticipationData data)], time spent in the method: 0 milliseconds.
Entering method [com.topcoder.reliability.impl.detectors.PhaseEndTimeBasedResolutionDateDetector.detect(UserProjectParticipationData data)].
Input parameters[data:com.topcoder.reliability.impl.UserProjectParticipationData@4aab7165]
Exiting method [com.topcoder.reliability.impl.detectors.PhaseEndTimeBasedResolutionDateDetector.detect(UserProjectParticipationData data)], time spent in the method: 0 milliseconds.
Entering method [com.topcoder.reliability.impl.calculators.BaseUserReliabilityCalculator.calculate(List<UserProjectParticipationData> projects)].
Input parameters[projects:[com.topcoder.reliability.impl.UserProjectParticipationData@1acc0e01, com.topcoder.reliability.impl.UserProjectParticipationData@4aab7165]]
Exiting method [com.topcoder.reliability.impl.calculators.BaseUserReliabilityCalculator.calculate(List<UserProjectParticipationData> projects)], time spent in the method: 0 milliseconds.
Output parameter: [com.topcoder.reliability.impl.UserProjectReliabilityData@3da1c42f, com.topcoder.reliability.impl.UserProjectReliabilityData@47570945]
Entering method [com.topcoder.reliability.impl.persistence.DatabaseReliabilityDataPersistence.saveUserReliabilityData(List<UserProjectReliabilityData> projects)].
Input parameters[projects:[com.topcoder.reliability.impl.UserProjectReliabilityData@3da1c42f, com.topcoder.reliability.impl.UserProjectReliabilityData@47570945]]
Exiting method [com.topcoder.reliability.impl.persistence.DatabaseReliabilityDataPersistence.saveUserReliabilityData(List<UserProjectReliabilityData> projects)], time spent in the method: 4 milliseconds.
Entering method [com.topcoder.reliability.impl.persistence.DatabaseReliabilityDataPersistence.close].
Exiting method [com.topcoder.reliability.impl.persistence.DatabaseReliabilityDataPersistence.close], time spent in the method: 0 milliseconds.
Exiting method [com.topcoder.reliability.impl.ReliabilityCalculatorImpl.calculate(long projectCategoryId, boolean updateCurrentReliability)], time spent in the method: 458 milliseconds.
Entering method [com.topcoder.reliability.impl.ReliabilityCalculatorImpl.calculate(long projectCategoryId, boolean updateCurrentReliability)].
Input parameters[projectCategoryId:2, updateCurrentReliability:false]
Entering method [com.topcoder.reliability.impl.persistence.DatabaseReliabilityDataPersistence.open()].
Exiting method [com.topcoder.reliability.impl.persistence.DatabaseReliabilityDataPersistence.open()], time spent in the method: 10 milliseconds.
Entering method [com.topcoder.reliability.impl.persistence.DatabaseReliabilityDataPersistence.getIdsOfUsersWithReliability(long projectCategoryId, Date startDate)].
Input parameters[projectCategoryId:2, startDate:Wed Oct 05 09:00:00 CST 2005]
Exiting method [com.topcoder.reliability.impl.persistence.DatabaseReliabilityDataPersistence.getIdsOfUsersWithReliability(long projectCategoryId, Date startDate)], time spent in the method: 3 milliseconds.
Output parameter: []
Entering method [com.topcoder.reliability.impl.persistence.DatabaseReliabilityDataPersistence.close].
Exiting method [com.topcoder.reliability.impl.persistence.DatabaseReliabilityDataPersistence.close], time spent in the method: 0 milliseconds.
Exiting method [com.topcoder.reliability.impl.ReliabilityCalculatorImpl.calculate(long projectCategoryId, boolean updateCurrentReliability)], time spent in the method: 13 milliseconds.
Entering method [com.topcoder.reliability.impl.ReliabilityCalculatorImpl.calculate(long projectCategoryId, boolean updateCurrentReliability)].
Input parameters[projectCategoryId:6, updateCurrentReliability:false]
Entering method [com.topcoder.reliability.impl.persistence.DatabaseReliabilityDataPersistence.open()].
Exiting method [com.topcoder.reliability.impl.persistence.DatabaseReliabilityDataPersistence.open()], time spent in the method: 9 milliseconds.
Entering method [com.topcoder.reliability.impl.persistence.DatabaseReliabilityDataPersistence.getIdsOfUsersWithReliability(long projectCategoryId, Date startDate)].
Input parameters[projectCategoryId:6, startDate:Mon Mar 23 00:00:00 CST 2009]
Exiting method [com.topcoder.reliability.impl.persistence.DatabaseReliabilityDataPersistence.getIdsOfUsersWithReliability(long projectCategoryId, Date startDate)], time spent in the method: 4 milliseconds.
Output parameter: []
Entering method [com.topcoder.reliability.impl.persistence.DatabaseReliabilityDataPersistence.close].
Exiting method [com.topcoder.reliability.impl.persistence.DatabaseReliabilityDataPersistence.close], time spent in the method: 0 milliseconds.
Exiting method [com.topcoder.reliability.impl.ReliabilityCalculatorImpl.calculate(long projectCategoryId, boolean updateCurrentReliability)], time spent in the method: 13 milliseconds.
Entering method [com.topcoder.reliability.impl.ReliabilityCalculatorImpl.calculate(long projectCategoryId, boolean updateCurrentReliability)].
Input parameters[projectCategoryId:7, updateCurrentReliability:false]
Entering method [com.topcoder.reliability.impl.persistence.DatabaseReliabilityDataPersistence.open()].
Exiting method [com.topcoder.reliability.impl.persistence.DatabaseReliabilityDataPersistence.open()], time spent in the method: 9 milliseconds.
Entering method [com.topcoder.reliability.impl.persistence.DatabaseReliabilityDataPersistence.getIdsOfUsersWithReliability(long projectCategoryId, Date startDate)].
Input parameters[projectCategoryId:7, startDate:Mon Mar 23 00:00:00 CST 2009]
Exiting method [com.topcoder.reliability.impl.persistence.DatabaseReliabilityDataPersistence.getIdsOfUsersWithReliability(long projectCategoryId, Date startDate)], time spent in the method: 3 milliseconds.
Output parameter: []
Entering method [com.topcoder.reliability.impl.persistence.DatabaseReliabilityDataPersistence.close].
Exiting method [com.topcoder.reliability.impl.persistence.DatabaseReliabilityDataPersistence.close], time spent in the method: 1 milliseconds.
Exiting method [com.topcoder.reliability.impl.ReliabilityCalculatorImpl.calculate(long projectCategoryId, boolean updateCurrentReliability)], time spent in the method: 13 milliseconds.
Entering method [com.topcoder.reliability.impl.ReliabilityCalculatorImpl.calculate(long projectCategoryId, boolean updateCurrentReliability)].
Input parameters[projectCategoryId:13, updateCurrentReliability:false]
Entering method [com.topcoder.reliability.impl.persistence.DatabaseReliabilityDataPersistence.open()].
Exiting method [com.topcoder.reliability.impl.persistence.DatabaseReliabilityDataPersistence.open()], time spent in the method: 9 milliseconds.
Entering method [com.topcoder.reliability.impl.persistence.DatabaseReliabilityDataPersistence.getIdsOfUsersWithReliability(long projectCategoryId, Date startDate)].
Input parameters[projectCategoryId:13, startDate:Mon Mar 23 00:00:00 CST 2009]
Exiting method [com.topcoder.reliability.impl.persistence.DatabaseReliabilityDataPersistence.getIdsOfUsersWithReliability(long projectCategoryId, Date startDate)], time spent in the method: 3 milliseconds.
Output parameter: []
Entering method [com.topcoder.reliability.impl.persistence.DatabaseReliabilityDataPersistence.close].
Exiting method [com.topcoder.reliability.impl.persistence.DatabaseReliabilityDataPersistence.close], time spent in the method: 0 milliseconds.
Exiting method [com.topcoder.reliability.impl.ReliabilityCalculatorImpl.calculate(long projectCategoryId, boolean updateCurrentReliability)], time spent in the method: 13 milliseconds.
Entering method [com.topcoder.reliability.impl.ReliabilityCalculatorImpl.calculate(long projectCategoryId, boolean updateCurrentReliability)].
Input parameters[projectCategoryId:14, updateCurrentReliability:false]
Entering method [com.topcoder.reliability.impl.persistence.DatabaseReliabilityDataPersistence.open()].
Exiting method [com.topcoder.reliability.impl.persistence.DatabaseReliabilityDataPersistence.open()], time spent in the method: 9 milliseconds.
Entering method [com.topcoder.reliability.impl.persistence.DatabaseReliabilityDataPersistence.getIdsOfUsersWithReliability(long projectCategoryId, Date startDate)].
Input parameters[projectCategoryId:14, startDate:Mon Mar 23 00:00:00 CST 2009]
Exiting method [com.topcoder.reliability.impl.persistence.DatabaseReliabilityDataPersistence.getIdsOfUsersWithReliability(long projectCategoryId, Date startDate)], time spent in the method: 3 milliseconds.
Output parameter: []
Entering method [com.topcoder.reliability.impl.persistence.DatabaseReliabilityDataPersistence.close].
Exiting method [com.topcoder.reliability.impl.persistence.DatabaseReliabilityDataPersistence.close], time spent in the method: 0 milliseconds.
Exiting method [com.topcoder.reliability.impl.ReliabilityCalculatorImpl.calculate(long projectCategoryId, boolean updateCurrentReliability)], time spent in the method: 12 milliseconds.
Entering method [com.topcoder.reliability.impl.ReliabilityCalculatorImpl.calculate(long projectCategoryId, boolean updateCurrentReliability)].
Input parameters[projectCategoryId:19, updateCurrentReliability:false]
Entering method [com.topcoder.reliability.impl.persistence.DatabaseReliabilityDataPersistence.open()].
Exiting method [com.topcoder.reliability.impl.persistence.DatabaseReliabilityDataPersistence.open()], time spent in the method: 9 milliseconds.
Entering method [com.topcoder.reliability.impl.persistence.DatabaseReliabilityDataPersistence.getIdsOfUsersWithReliability(long projectCategoryId, Date startDate)].
Input parameters[projectCategoryId:19, startDate:Mon Mar 23 00:00:00 CST 2009]
Exiting method [com.topcoder.reliability.impl.persistence.DatabaseReliabilityDataPersistence.getIdsOfUsersWithReliability(long projectCategoryId, Date startDate)], time spent in the method: 3 milliseconds.
Output parameter: []
Entering method [com.topcoder.reliability.impl.persistence.DatabaseReliabilityDataPersistence.close].
Exiting method [com.topcoder.reliability.impl.persistence.DatabaseReliabilityDataPersistence.close], time spent in the method: 0 milliseconds.
Exiting method [com.topcoder.reliability.impl.ReliabilityCalculatorImpl.calculate(long projectCategoryId, boolean updateCurrentReliability)], time spent in the method: 12 milliseconds.
Entering method [com.topcoder.reliability.impl.ReliabilityCalculatorImpl.calculate(long projectCategoryId, boolean updateCurrentReliability)].
Input parameters[projectCategoryId:23, updateCurrentReliability:false]
Entering method [com.topcoder.reliability.impl.persistence.DatabaseReliabilityDataPersistence.open()].
Exiting method [com.topcoder.reliability.impl.persistence.DatabaseReliabilityDataPersistence.open()], time spent in the method: 9 milliseconds.
Entering method [com.topcoder.reliability.impl.persistence.DatabaseReliabilityDataPersistence.getIdsOfUsersWithReliability(long projectCategoryId, Date startDate)].
Input parameters[projectCategoryId:23, startDate:Mon Mar 23 00:00:00 CST 2009]
Exiting method [com.topcoder.reliability.impl.persistence.DatabaseReliabilityDataPersistence.getIdsOfUsersWithReliability(long projectCategoryId, Date startDate)], time spent in the method: 3 milliseconds.
Output parameter: []
Entering method [com.topcoder.reliability.impl.persistence.DatabaseReliabilityDataPersistence.close].
Exiting method [com.topcoder.reliability.impl.persistence.DatabaseReliabilityDataPersistence.close], time spent in the method: 0 milliseconds.
Exiting method [com.topcoder.reliability.impl.ReliabilityCalculatorImpl.calculate(long projectCategoryId, boolean updateCurrentReliability)], time spent in the method: 13 milliseconds.
Entering method [com.topcoder.reliability.impl.ReliabilityCalculatorImpl.calculate(long projectCategoryId, boolean updateCurrentReliability)].
Input parameters[projectCategoryId:24, updateCurrentReliability:false]
Entering method [com.topcoder.reliability.impl.persistence.DatabaseReliabilityDataPersistence.open()].
Exiting method [com.topcoder.reliability.impl.persistence.DatabaseReliabilityDataPersistence.open()], time spent in the method: 9 milliseconds.
Entering method [com.topcoder.reliability.impl.persistence.DatabaseReliabilityDataPersistence.getIdsOfUsersWithReliability(long projectCategoryId, Date startDate)].
Input parameters[projectCategoryId:24, startDate:Mon Mar 23 00:00:00 CST 2009]
Exiting method [com.topcoder.reliability.impl.persistence.DatabaseReliabilityDataPersistence.getIdsOfUsersWithReliability(long projectCategoryId, Date startDate)], time spent in the method: 2 milliseconds.
Output parameter: []
Entering method [com.topcoder.reliability.impl.persistence.DatabaseReliabilityDataPersistence.close].
Exiting method [com.topcoder.reliability.impl.persistence.DatabaseReliabilityDataPersistence.close], time spent in the method: 1 milliseconds.
Exiting method [com.topcoder.reliability.impl.ReliabilityCalculatorImpl.calculate(long projectCategoryId, boolean updateCurrentReliability)], time spent in the method: 13 milliseconds.
Entering method [com.topcoder.reliability.impl.ReliabilityCalculatorImpl.calculate(long projectCategoryId, boolean updateCurrentReliability)].
Input parameters[projectCategoryId:26, updateCurrentReliability:false]
Entering method [com.topcoder.reliability.impl.persistence.DatabaseReliabilityDataPersistence.open()].
Exiting method [com.topcoder.reliability.impl.persistence.DatabaseReliabilityDataPersistence.open()], time spent in the method: 9 milliseconds.
Entering method [com.topcoder.reliability.impl.persistence.DatabaseReliabilityDataPersistence.getIdsOfUsersWithReliability(long projectCategoryId, Date startDate)].
Input parameters[projectCategoryId:26, startDate:Mon Mar 23 00:00:00 CST 2009]
Exiting method [com.topcoder.reliability.impl.persistence.DatabaseReliabilityDataPersistence.getIdsOfUsersWithReliability(long projectCategoryId, Date startDate)], time spent in the method: 3 milliseconds.
Output parameter: []
Entering method [com.topcoder.reliability.impl.persistence.DatabaseReliabilityDataPersistence.close].
Exiting method [com.topcoder.reliability.impl.persistence.DatabaseReliabilityDataPersistence.close], time spent in the method: 0 milliseconds.
Exiting method [com.topcoder.reliability.impl.ReliabilityCalculatorImpl.calculate(long projectCategoryId, boolean updateCurrentReliability)], time spent in the method: 13 milliseconds.
Exiting method [com.topcoder.reliability.ReliabilityCalculationUtility.main(String[] args)], time spent in the method: 594 milliseconds.
Usage: com.topcoder.reliability.ReliabilityCalculationUtility [-c <file_name>] [-ns <namespace>] [-pc <project_category_ids>] [-u [yes|no]] [-?|-h|-help]
           <file_name> Optional. Provides the name of the configuration file for this command line application. Default is 'com/topcoder/reliability/ReliabilityCalculationUtility.properties'.
           <namespace> Optional. The namespace in the specified configuration file that contains configuration for this command line application. Default is 'com.topcoder.reliability.ReliabilityCalculationUtility'.
<project_category_ids> Optional. The comma separated IDs of project categories for which reliability calculation must be performed.  If not specified, reliability is calculated for all project categories mentioned in the configuration
              [yes|no] Optional. The value indicating whether current reliability ratings must be updated for all users. The only correct arguments are 'yes' and 'no' (case insensitive). Default is 'no'.
           -?|-h|-help Optional. Prints out this usage text.
Usage: com.topcoder.reliability.ReliabilityCalculationUtility [-c <file_name>] [-ns <namespace>] [-pc <project_category_ids>] [-u [yes|no]] [-?|-h|-help]
           <file_name> Optional. Provides the name of the configuration file for this command line application. Default is 'com/topcoder/reliability/ReliabilityCalculationUtility.properties'.
           <namespace> Optional. The namespace in the specified configuration file that contains configuration for this command line application. Default is 'com.topcoder.reliability.ReliabilityCalculationUtility'.
<project_category_ids> Optional. The comma separated IDs of project categories for which reliability calculation must be performed.  If not specified, reliability is calculated for all project categories mentioned in the configuration
              [yes|no] Optional. The value indicating whether current reliability ratings must be updated for all users. The only correct arguments are 'yes' and 'no' (case insensitive). Default is 'no'.
           -?|-h|-help Optional. Prints out this usage text.
Usage: com.topcoder.reliability.ReliabilityCalculationUtility [-c <file_name>] [-ns <namespace>] [-pc <project_category_ids>] [-u [yes|no]] [-?|-h|-help]
           <file_name> Optional. Provides the name of the configuration file for this command line application. Default is 'com/topcoder/reliability/ReliabilityCalculationUtility.properties'.
           <namespace> Optional. The namespace in the specified configuration file that contains configuration for this command line application. Default is 'com.topcoder.reliability.ReliabilityCalculationUtility'.
<project_category_ids> Optional. The comma separated IDs of project categories for which reliability calculation must be performed.  If not specified, reliability is calculated for all project categories mentioned in the configuration
              [yes|no] Optional. The value indicating whether current reliability ratings must be updated for all users. The only correct arguments are 'yes' and 'no' (case insensitive). Default is 'no'.
           -?|-h|-help Optional. Prints out this usage text.
Entering method [com.topcoder.reliability.impl.ReliabilityCalculatorImpl.calculate(long projectCategoryId, boolean updateCurrentReliability)].
Input parameters[projectCategoryId:1, updateCurrentReliability:true]
Entering method [com.topcoder.reliability.impl.persistence.DatabaseReliabilityDataPersistence.open()].
Exiting method [com.topcoder.reliability.impl.persistence.DatabaseReliabilityDataPersistence.open()], time spent in the method: 10 milliseconds.
Entering method [com.topcoder.reliability.impl.persistence.DatabaseReliabilityDataPersistence.getIdsOfUsersWithReliability(long projectCategoryId, Date startDate)].
Input parameters[projectCategoryId:1, startDate:Wed Oct 05 09:00:00 CST 2005]
Exiting method [com.topcoder.reliability.impl.persistence.DatabaseReliabilityDataPersistence.getIdsOfUsersWithReliability(long projectCategoryId, Date startDate)], time spent in the method: 3 milliseconds.
Output parameter: [123456]
Entering method [com.topcoder.reliability.impl.persistence.DatabaseReliabilityDataPersistence.getUserParticipationData(long userId, long projectCategoryId, Date startDate)].
Input parameters[userId:123456, projectCategoryId:1, startDate:Wed Oct 05 09:00:00 CST 2005]
Exiting method [com.topcoder.reliability.impl.persistence.DatabaseReliabilityDataPersistence.getUserParticipationData(long userId, long projectCategoryId, Date startDate)], time spent in the method: 433 milliseconds.
Output parameter: [com.topcoder.reliability.impl.UserProjectParticipationData@a6a435f, com.topcoder.reliability.impl.UserProjectParticipationData@466d1750]
Entering method [com.topcoder.reliability.impl.detectors.PhaseEndTimeBasedResolutionDateDetector.detect(UserProjectParticipationData data)].
Input parameters[data:com.topcoder.reliability.impl.UserProjectParticipationData@a6a435f]
Exiting method [com.topcoder.reliability.impl.detectors.PhaseEndTimeBasedResolutionDateDetector.detect(UserProjectParticipationData data)], time spent in the method: 0 milliseconds.
Entering method [com.topcoder.reliability.impl.detectors.PhaseEndTimeBasedResolutionDateDetector.detect(UserProjectParticipationData data)].
Input parameters[data:com.topcoder.reliability.impl.UserProjectParticipationData@466d1750]
Exiting method [com.topcoder.reliability.impl.detectors.PhaseEndTimeBasedResolutionDateDetector.detect(UserProjectParticipationData data)], time spent in the method: 0 milliseconds.
Entering method [com.topcoder.reliability.impl.calculators.BaseUserReliabilityCalculator.calculate(List<UserProjectParticipationData> projects)].
Input parameters[projects:[com.topcoder.reliability.impl.UserProjectParticipationData@a6a435f, com.topcoder.reliability.impl.UserProjectParticipationData@466d1750]]
Exiting method [com.topcoder.reliability.impl.calculators.BaseUserReliabilityCalculator.calculate(List<UserProjectParticipationData> projects)], time spent in the method: 0 milliseconds.
Output parameter: [com.topcoder.reliability.impl.UserProjectReliabilityData@2415a94f, com.topcoder.reliability.impl.UserProjectReliabilityData@a1e940b]
Entering method [com.topcoder.reliability.impl.persistence.DatabaseReliabilityDataPersistence.saveUserReliabilityData(List<UserProjectReliabilityData> projects)].
Input parameters[projects:[com.topcoder.reliability.impl.UserProjectReliabilityData@2415a94f, com.topcoder.reliability.impl.UserProjectReliabilityData@a1e940b]]
Exiting method [com.topcoder.reliability.impl.persistence.DatabaseReliabilityDataPersistence.saveUserReliabilityData(List<UserProjectReliabilityData> projects)], time spent in the method: 3 milliseconds.
Entering method [com.topcoder.reliability.impl.persistence.DatabaseReliabilityDataPersistence.updateCurrentUserReliability(long userId, long projectCategoryId, double reliability)].
Input parameters[userId:123456, projectCategoryId:1, reliability:1.0]
Exiting method [com.topcoder.reliability.impl.persistence.DatabaseReliabilityDataPersistence.updateCurrentUserReliability(long userId, long projectCategoryId, double reliability)], time spent in the method: 3 milliseconds.
Entering method [com.topcoder.reliability.impl.persistence.DatabaseReliabilityDataPersistence.close].
Exiting method [com.topcoder.reliability.impl.persistence.DatabaseReliabilityDataPersistence.close], time spent in the method: 0 milliseconds.
Exiting method [com.topcoder.reliability.impl.ReliabilityCalculatorImpl.calculate(long projectCategoryId, boolean updateCurrentReliability)], time spent in the method: 454 milliseconds.
Entering method [com.topcoder.reliability.impl.ReliabilityCalculatorImpl.calculate(long projectCategoryId, boolean updateCurrentReliability)].
Input parameters[projectCategoryId:1, updateCurrentReliability:true]
Entering method [com.topcoder.reliability.impl.persistence.DatabaseReliabilityDataPersistence.open()].
Exiting method [com.topcoder.reliability.impl.persistence.DatabaseReliabilityDataPersistence.open()], time spent in the method: 9 milliseconds.
Entering method [com.topcoder.reliability.impl.persistence.DatabaseReliabilityDataPersistence.getIdsOfUsersWithReliability(long projectCategoryId, Date startDate)].
Input parameters[projectCategoryId:1, startDate:Wed Oct 05 09:00:00 CST 2005]
Exiting method [com.topcoder.reliability.impl.persistence.DatabaseReliabilityDataPersistence.getIdsOfUsersWithReliability(long projectCategoryId, Date startDate)], time spent in the method: 3 milliseconds.
Output parameter: []
Entering method [com.topcoder.reliability.impl.persistence.DatabaseReliabilityDataPersistence.close].
Exiting method [com.topcoder.reliability.impl.persistence.DatabaseReliabilityDataPersistence.close], time spent in the method: 0 milliseconds.
Exiting method [com.topcoder.reliability.impl.ReliabilityCalculatorImpl.calculate(long projectCategoryId, boolean updateCurrentReliability)], time spent in the method: 13 milliseconds.
Entering method [com.topcoder.reliability.impl.ReliabilityCalculatorImpl.calculate(long projectCategoryId, boolean updateCurrentReliability)].
Input parameters[projectCategoryId:-1, updateCurrentReliability:true]
Error in method [com.topcoder.reliability.impl.ReliabilityCalculatorImpl.calculate(long projectCategoryId, boolean updateCurrentReliability)], details: IllegalArgumentException is thrown.
java.lang.IllegalArgumentException: 'projectCategoryId' should be positive.
	at com.topcoder.reliability.Helper.checkPositive(Helper.java:150)
	at com.topcoder.reliability.impl.ReliabilityCalculatorImpl.calculate(ReliabilityCalculatorImpl.java:316)
	at com.topcoder.reliability.impl.ReliabilityCalculatorImplUnitTests.test_calculate_projectCategoryIdNegative(ReliabilityCalculatorImplUnitTests.java:354)
	at sun.reflect.NativeMethodAccessorImpl.invoke0(Native Method)
	at sun.reflect.NativeMethodAccessorImpl.invoke(NativeMethodAccessorImpl.java:39)
	at sun.reflect.DelegatingMethodAccessorImpl.invoke(DelegatingMethodAccessorImpl.java:25)
	at java.lang.reflect.Method.invoke(Method.java:597)
	at org.junit.runners.model.FrameworkMethod$1.runReflectiveCall(FrameworkMethod.java:44)
	at org.junit.internal.runners.model.ReflectiveCallable.run(ReflectiveCallable.java:15)
	at org.junit.runners.model.FrameworkMethod.invokeExplosively(FrameworkMethod.java:41)
	at org.junit.internal.runners.statements.InvokeMethod.evaluate(InvokeMethod.java:20)
	at org.junit.internal.runners.statements.ExpectException.evaluate(ExpectException.java:21)
	at org.junit.internal.runners.statements.RunBefores.evaluate(RunBefores.java:28)
	at org.junit.internal.runners.statements.RunAfters.evaluate(RunAfters.java:31)
	at org.junit.runners.BlockJUnit4ClassRunner.runNotIgnored(BlockJUnit4ClassRunner.java:79)
	at org.junit.runners.BlockJUnit4ClassRunner.runChild(BlockJUnit4ClassRunner.java:71)
	at org.junit.runners.BlockJUnit4ClassRunner.runChild(BlockJUnit4ClassRunner.java:49)
	at org.junit.runners.ParentRunner$3.run(ParentRunner.java:193)
	at org.junit.runners.ParentRunner$1.schedule(ParentRunner.java:52)
	at org.junit.runners.ParentRunner.runChildren(ParentRunner.java:191)
	at org.junit.runners.ParentRunner.access$000(ParentRunner.java:42)
	at org.junit.runners.ParentRunner$2.evaluate(ParentRunner.java:184)
	at org.junit.runners.ParentRunner.run(ParentRunner.java:236)
	at junit.framework.JUnit4TestAdapter.run(JUnit4TestAdapter.java:39)
	at junit.framework.TestSuite.runTest(TestSuite.java:243)
	at junit.framework.TestSuite.run(TestSuite.java:238)
	at junit.framework.TestSuite.runTest(TestSuite.java:243)
	at junit.framework.TestSuite.run(TestSuite.java:238)
	at org.apache.tools.ant.taskdefs.optional.junit.JUnitTestRunner.run(JUnitTestRunner.java:420)
	at org.apache.tools.ant.taskdefs.optional.junit.JUnitTestRunner.launch(JUnitTestRunner.java:911)
	at org.apache.tools.ant.taskdefs.optional.junit.JUnitTestRunner.main(JUnitTestRunner.java:768)

Entering method [com.topcoder.reliability.impl.ReliabilityCalculatorImpl.calculate(long projectCategoryId, boolean updateCurrentReliability)].
Input parameters[projectCategoryId:0, updateCurrentReliability:true]
Error in method [com.topcoder.reliability.impl.ReliabilityCalculatorImpl.calculate(long projectCategoryId, boolean updateCurrentReliability)], details: IllegalArgumentException is thrown.
java.lang.IllegalArgumentException: 'projectCategoryId' should be positive.
	at com.topcoder.reliability.Helper.checkPositive(Helper.java:150)
	at com.topcoder.reliability.impl.ReliabilityCalculatorImpl.calculate(ReliabilityCalculatorImpl.java:316)
	at com.topcoder.reliability.impl.ReliabilityCalculatorImplUnitTests.test_calculate_projectCategoryIdZero(ReliabilityCalculatorImplUnitTests.java:371)
	at sun.reflect.NativeMethodAccessorImpl.invoke0(Native Method)
	at sun.reflect.NativeMethodAccessorImpl.invoke(NativeMethodAccessorImpl.java:39)
	at sun.reflect.DelegatingMethodAccessorImpl.invoke(DelegatingMethodAccessorImpl.java:25)
	at java.lang.reflect.Method.invoke(Method.java:597)
	at org.junit.runners.model.FrameworkMethod$1.runReflectiveCall(FrameworkMethod.java:44)
	at org.junit.internal.runners.model.ReflectiveCallable.run(ReflectiveCallable.java:15)
	at org.junit.runners.model.FrameworkMethod.invokeExplosively(FrameworkMethod.java:41)
	at org.junit.internal.runners.statements.InvokeMethod.evaluate(InvokeMethod.java:20)
	at org.junit.internal.runners.statements.ExpectException.evaluate(ExpectException.java:21)
	at org.junit.internal.runners.statements.RunBefores.evaluate(RunBefores.java:28)
	at org.junit.internal.runners.statements.RunAfters.evaluate(RunAfters.java:31)
	at org.junit.runners.BlockJUnit4ClassRunner.runNotIgnored(BlockJUnit4ClassRunner.java:79)
	at org.junit.runners.BlockJUnit4ClassRunner.runChild(BlockJUnit4ClassRunner.java:71)
	at org.junit.runners.BlockJUnit4ClassRunner.runChild(BlockJUnit4ClassRunner.java:49)
	at org.junit.runners.ParentRunner$3.run(ParentRunner.java:193)
	at org.junit.runners.ParentRunner$1.schedule(ParentRunner.java:52)
	at org.junit.runners.ParentRunner.runChildren(ParentRunner.java:191)
	at org.junit.runners.ParentRunner.access$000(ParentRunner.java:42)
	at org.junit.runners.ParentRunner$2.evaluate(ParentRunner.java:184)
	at org.junit.runners.ParentRunner.run(ParentRunner.java:236)
	at junit.framework.JUnit4TestAdapter.run(JUnit4TestAdapter.java:39)
	at junit.framework.TestSuite.runTest(TestSuite.java:243)
	at junit.framework.TestSuite.run(TestSuite.java:238)
	at junit.framework.TestSuite.runTest(TestSuite.java:243)
	at junit.framework.TestSuite.run(TestSuite.java:238)
	at org.apache.tools.ant.taskdefs.optional.junit.JUnitTestRunner.run(JUnitTestRunner.java:420)
	at org.apache.tools.ant.taskdefs.optional.junit.JUnitTestRunner.launch(JUnitTestRunner.java:911)
	at org.apache.tools.ant.taskdefs.optional.junit.JUnitTestRunner.main(JUnitTestRunner.java:768)

Entering method [com.topcoder.reliability.impl.ReliabilityCalculatorImpl.calculate(long projectCategoryId, boolean updateCurrentReliability)].
Input parameters[projectCategoryId:9223372036854775807, updateCurrentReliability:true]
Error in method [com.topcoder.reliability.impl.ReliabilityCalculatorImpl.calculate(long projectCategoryId, boolean updateCurrentReliability)], details: ProjectCategoryNotSupportedException is thrown when calculating the reliability ratings.
com.topcoder.reliability.ProjectCategoryNotSupportedException: Project category with the ID '9223372036854775807' is not supported by this reliability calculator.
	at com.topcoder.reliability.impl.ReliabilityCalculatorImpl.calculateHelper(ReliabilityCalculatorImpl.java:371)
	at com.topcoder.reliability.impl.ReliabilityCalculatorImpl.calculate(ReliabilityCalculatorImpl.java:322)
	at com.topcoder.reliability.impl.ReliabilityCalculatorImplUnitTests.test_calculate_Error1(ReliabilityCalculatorImplUnitTests.java:405)
	at sun.reflect.NativeMethodAccessorImpl.invoke0(Native Method)
	at sun.reflect.NativeMethodAccessorImpl.invoke(NativeMethodAccessorImpl.java:39)
	at sun.reflect.DelegatingMethodAccessorImpl.invoke(DelegatingMethodAccessorImpl.java:25)
	at java.lang.reflect.Method.invoke(Method.java:597)
	at org.junit.runners.model.FrameworkMethod$1.runReflectiveCall(FrameworkMethod.java:44)
	at org.junit.internal.runners.model.ReflectiveCallable.run(ReflectiveCallable.java:15)
	at org.junit.runners.model.FrameworkMethod.invokeExplosively(FrameworkMethod.java:41)
	at org.junit.internal.runners.statements.InvokeMethod.evaluate(InvokeMethod.java:20)
	at org.junit.internal.runners.statements.ExpectException.evaluate(ExpectException.java:21)
	at org.junit.internal.runners.statements.RunBefores.evaluate(RunBefores.java:28)
	at org.junit.internal.runners.statements.RunAfters.evaluate(RunAfters.java:31)
	at org.junit.runners.BlockJUnit4ClassRunner.runNotIgnored(BlockJUnit4ClassRunner.java:79)
	at org.junit.runners.BlockJUnit4ClassRunner.runChild(BlockJUnit4ClassRunner.java:71)
	at org.junit.runners.BlockJUnit4ClassRunner.runChild(BlockJUnit4ClassRunner.java:49)
	at org.junit.runners.ParentRunner$3.run(ParentRunner.java:193)
	at org.junit.runners.ParentRunner$1.schedule(ParentRunner.java:52)
	at org.junit.runners.ParentRunner.runChildren(ParentRunner.java:191)
	at org.junit.runners.ParentRunner.access$000(ParentRunner.java:42)
	at org.junit.runners.ParentRunner$2.evaluate(ParentRunner.java:184)
	at org.junit.runners.ParentRunner.run(ParentRunner.java:236)
	at junit.framework.JUnit4TestAdapter.run(JUnit4TestAdapter.java:39)
	at junit.framework.TestSuite.runTest(TestSuite.java:243)
	at junit.framework.TestSuite.run(TestSuite.java:238)
	at junit.framework.TestSuite.runTest(TestSuite.java:243)
	at junit.framework.TestSuite.run(TestSuite.java:238)
	at org.apache.tools.ant.taskdefs.optional.junit.JUnitTestRunner.run(JUnitTestRunner.java:420)
	at org.apache.tools.ant.taskdefs.optional.junit.JUnitTestRunner.launch(JUnitTestRunner.java:911)
	at org.apache.tools.ant.taskdefs.optional.junit.JUnitTestRunner.main(JUnitTestRunner.java:768)

Entering method [com.topcoder.reliability.impl.ReliabilityCalculatorImpl.calculate(long projectCategoryId, boolean updateCurrentReliability)].
Input parameters[projectCategoryId:1, updateCurrentReliability:true]
Entering method [com.topcoder.reliability.impl.persistence.DatabaseReliabilityDataPersistence.open()].
Error in method [com.topcoder.reliability.impl.persistence.DatabaseReliabilityDataPersistence.open()], details: ReliabilityDataPersistenceException is thrown when opening a connection to persistence.
com.topcoder.reliability.impl.ReliabilityDataPersistenceException: Failed to create a database connection.
	at com.topcoder.reliability.impl.persistence.DatabaseReliabilityDataPersistence.open(DatabaseReliabilityDataPersistence.java:279)
	at com.topcoder.reliability.impl.ReliabilityCalculatorImpl.calculateHelper(ReliabilityCalculatorImpl.java:376)
	at com.topcoder.reliability.impl.ReliabilityCalculatorImpl.calculate(ReliabilityCalculatorImpl.java:322)
	at com.topcoder.reliability.impl.ReliabilityCalculatorImplUnitTests.test_calculate_Error2(ReliabilityCalculatorImplUnitTests.java:424)
	at sun.reflect.NativeMethodAccessorImpl.invoke0(Native Method)
	at sun.reflect.NativeMethodAccessorImpl.invoke(NativeMethodAccessorImpl.java:39)
	at sun.reflect.DelegatingMethodAccessorImpl.invoke(DelegatingMethodAccessorImpl.java:25)
	at java.lang.reflect.Method.invoke(Method.java:597)
	at org.junit.runners.model.FrameworkMethod$1.runReflectiveCall(FrameworkMethod.java:44)
	at org.junit.internal.runners.model.ReflectiveCallable.run(ReflectiveCallable.java:15)
	at org.junit.runners.model.FrameworkMethod.invokeExplosively(FrameworkMethod.java:41)
	at org.junit.internal.runners.statements.InvokeMethod.evaluate(InvokeMethod.java:20)
	at org.junit.internal.runners.statements.ExpectException.evaluate(ExpectException.java:21)
	at org.junit.internal.runners.statements.RunBefores.evaluate(RunBefores.java:28)
	at org.junit.internal.runners.statements.RunAfters.evaluate(RunAfters.java:31)
	at org.junit.runners.BlockJUnit4ClassRunner.runNotIgnored(BlockJUnit4ClassRunner.java:79)
	at org.junit.runners.BlockJUnit4ClassRunner.runChild(BlockJUnit4ClassRunner.java:71)
	at org.junit.runners.BlockJUnit4ClassRunner.runChild(BlockJUnit4ClassRunner.java:49)
	at org.junit.runners.ParentRunner$3.run(ParentRunner.java:193)
	at org.junit.runners.ParentRunner$1.schedule(ParentRunner.java:52)
	at org.junit.runners.ParentRunner.runChildren(ParentRunner.java:191)
	at org.junit.runners.ParentRunner.access$000(ParentRunner.java:42)
	at org.junit.runners.ParentRunner$2.evaluate(ParentRunner.java:184)
	at org.junit.runners.ParentRunner.run(ParentRunner.java:236)
	at junit.framework.JUnit4TestAdapter.run(JUnit4TestAdapter.java:39)
	at junit.framework.TestSuite.runTest(TestSuite.java:243)
	at junit.framework.TestSuite.run(TestSuite.java:238)
	at junit.framework.TestSuite.runTest(TestSuite.java:243)
	at junit.framework.TestSuite.run(TestSuite.java:238)
	at org.apache.tools.ant.taskdefs.optional.junit.JUnitTestRunner.run(JUnitTestRunner.java:420)
	at org.apache.tools.ant.taskdefs.optional.junit.JUnitTestRunner.launch(JUnitTestRunner.java:911)
	at org.apache.tools.ant.taskdefs.optional.junit.JUnitTestRunner.main(JUnitTestRunner.java:768)
Caused by: com.topcoder.db.connectionfactory.UnknownConnectionException: Can not retrieve the ConnectionProducer via unknown_name
	at com.topcoder.db.connectionfactory.DBConnectionFactoryImpl.createConnection(DBConnectionFactoryImpl.java:507)
	at com.topcoder.reliability.impl.persistence.DatabaseReliabilityDataPersistence.open(DatabaseReliabilityDataPersistence.java:273)
	... 31 more

Error in method [com.topcoder.reliability.impl.ReliabilityCalculatorImpl.calculate(long projectCategoryId, boolean updateCurrentReliability)], details: ReliabilityDataPersistenceException is thrown when calculating the reliability ratings.
com.topcoder.reliability.impl.ReliabilityDataPersistenceException: Failed to create a database connection.
	at com.topcoder.reliability.impl.persistence.DatabaseReliabilityDataPersistence.open(DatabaseReliabilityDataPersistence.java:279)
	at com.topcoder.reliability.impl.ReliabilityCalculatorImpl.calculateHelper(ReliabilityCalculatorImpl.java:376)
	at com.topcoder.reliability.impl.ReliabilityCalculatorImpl.calculate(ReliabilityCalculatorImpl.java:322)
	at com.topcoder.reliability.impl.ReliabilityCalculatorImplUnitTests.test_calculate_Error2(ReliabilityCalculatorImplUnitTests.java:424)
	at sun.reflect.NativeMethodAccessorImpl.invoke0(Native Method)
	at sun.reflect.NativeMethodAccessorImpl.invoke(NativeMethodAccessorImpl.java:39)
	at sun.reflect.DelegatingMethodAccessorImpl.invoke(DelegatingMethodAccessorImpl.java:25)
	at java.lang.reflect.Method.invoke(Method.java:597)
	at org.junit.runners.model.FrameworkMethod$1.runReflectiveCall(FrameworkMethod.java:44)
	at org.junit.internal.runners.model.ReflectiveCallable.run(ReflectiveCallable.java:15)
	at org.junit.runners.model.FrameworkMethod.invokeExplosively(FrameworkMethod.java:41)
	at org.junit.internal.runners.statements.InvokeMethod.evaluate(InvokeMethod.java:20)
	at org.junit.internal.runners.statements.ExpectException.evaluate(ExpectException.java:21)
	at org.junit.internal.runners.statements.RunBefores.evaluate(RunBefores.java:28)
	at org.junit.internal.runners.statements.RunAfters.evaluate(RunAfters.java:31)
	at org.junit.runners.BlockJUnit4ClassRunner.runNotIgnored(BlockJUnit4ClassRunner.java:79)
	at org.junit.runners.BlockJUnit4ClassRunner.runChild(BlockJUnit4ClassRunner.java:71)
	at org.junit.runners.BlockJUnit4ClassRunner.runChild(BlockJUnit4ClassRunner.java:49)
	at org.junit.runners.ParentRunner$3.run(ParentRunner.java:193)
	at org.junit.runners.ParentRunner$1.schedule(ParentRunner.java:52)
	at org.junit.runners.ParentRunner.runChildren(ParentRunner.java:191)
	at org.junit.runners.ParentRunner.access$000(ParentRunner.java:42)
	at org.junit.runners.ParentRunner$2.evaluate(ParentRunner.java:184)
	at org.junit.runners.ParentRunner.run(ParentRunner.java:236)
	at junit.framework.JUnit4TestAdapter.run(JUnit4TestAdapter.java:39)
	at junit.framework.TestSuite.runTest(TestSuite.java:243)
	at junit.framework.TestSuite.run(TestSuite.java:238)
	at junit.framework.TestSuite.runTest(TestSuite.java:243)
	at junit.framework.TestSuite.run(TestSuite.java:238)
	at org.apache.tools.ant.taskdefs.optional.junit.JUnitTestRunner.run(JUnitTestRunner.java:420)
	at org.apache.tools.ant.taskdefs.optional.junit.JUnitTestRunner.launch(JUnitTestRunner.java:911)
	at org.apache.tools.ant.taskdefs.optional.junit.JUnitTestRunner.main(JUnitTestRunner.java:768)
Caused by: com.topcoder.db.connectionfactory.UnknownConnectionException: Can not retrieve the ConnectionProducer via unknown_name
	at com.topcoder.db.connectionfactory.DBConnectionFactoryImpl.createConnection(DBConnectionFactoryImpl.java:507)
	at com.topcoder.reliability.impl.persistence.DatabaseReliabilityDataPersistence.open(DatabaseReliabilityDataPersistence.java:273)
	... 31 more

Entering method [com.topcoder.reliability.impl.calculators.BaseUserReliabilityCalculator.calculate(List<UserProjectParticipationData> projects)].
Input parameters[projects:[com.topcoder.reliability.impl.UserProjectParticipationData@1819ccba, com.topcoder.reliability.impl.UserProjectParticipationData@45cfd3b2, com.topcoder.reliability.impl.UserProjectParticipationData@4f536eec, com.topcoder.reliability.impl.UserProjectParticipationData@6e9770a3, com.topcoder.reliability.impl.UserProjectParticipationData@1864160e, com.topcoder.reliability.impl.UserProjectParticipationData@52e3fda4]]
Exiting method [com.topcoder.reliability.impl.calculators.BaseUserReliabilityCalculator.calculate(List<UserProjectParticipationData> projects)], time spent in the method: 1 milliseconds.
Output parameter: [com.topcoder.reliability.impl.UserProjectReliabilityData@7621447f, com.topcoder.reliability.impl.UserProjectReliabilityData@2182a70, com.topcoder.reliability.impl.UserProjectReliabilityData@8a2023, com.topcoder.reliability.impl.UserProjectReliabilityData@6c43da1b, com.topcoder.reliability.impl.UserProjectReliabilityData@5aa45a24]
Entering method [com.topcoder.reliability.impl.calculators.BaseUserReliabilityCalculator.calculate(List<UserProjectParticipationData> projects)].
Input parameters[projects:[com.topcoder.reliability.impl.UserProjectParticipationData@372943ac]]
Exiting method [com.topcoder.reliability.impl.calculators.BaseUserReliabilityCalculator.calculate(List<UserProjectParticipationData> projects)], time spent in the method: 0 milliseconds.
Output parameter: []
Entering method [com.topcoder.reliability.impl.calculators.BaseUserReliabilityCalculator.calculate(List<UserProjectParticipationData> projects)].
Input parameters[projects:null]
Error in method [com.topcoder.reliability.impl.calculators.BaseUserReliabilityCalculator.calculate(List<UserProjectParticipationData> projects)], details: IllegalArgumentException is thrown.
java.lang.IllegalArgumentException: 'projects' should not be null.
	at com.topcoder.reliability.Helper.checkNull(Helper.java:131)
	at com.topcoder.reliability.impl.calculators.BaseUserReliabilityCalculator.calculate(BaseUserReliabilityCalculator.java:115)
	at com.topcoder.reliability.impl.calculators.BaseUserReliabilityCalculatorUnitTests.test_calculate_projectsNull(BaseUserReliabilityCalculatorUnitTests.java:273)
	at sun.reflect.NativeMethodAccessorImpl.invoke0(Native Method)
	at sun.reflect.NativeMethodAccessorImpl.invoke(NativeMethodAccessorImpl.java:39)
	at sun.reflect.DelegatingMethodAccessorImpl.invoke(DelegatingMethodAccessorImpl.java:25)
	at java.lang.reflect.Method.invoke(Method.java:597)
	at org.junit.runners.model.FrameworkMethod$1.runReflectiveCall(FrameworkMethod.java:44)
	at org.junit.internal.runners.model.ReflectiveCallable.run(ReflectiveCallable.java:15)
	at org.junit.runners.model.FrameworkMethod.invokeExplosively(FrameworkMethod.java:41)
	at org.junit.internal.runners.statements.InvokeMethod.evaluate(InvokeMethod.java:20)
	at org.junit.internal.runners.statements.ExpectException.evaluate(ExpectException.java:21)
	at org.junit.internal.runners.statements.RunBefores.evaluate(RunBefores.java:28)
	at org.junit.runners.BlockJUnit4ClassRunner.runNotIgnored(BlockJUnit4ClassRunner.java:79)
	at org.junit.runners.BlockJUnit4ClassRunner.runChild(BlockJUnit4ClassRunner.java:71)
	at org.junit.runners.BlockJUnit4ClassRunner.runChild(BlockJUnit4ClassRunner.java:49)
	at org.junit.runners.ParentRunner$3.run(ParentRunner.java:193)
	at org.junit.runners.ParentRunner$1.schedule(ParentRunner.java:52)
	at org.junit.runners.ParentRunner.runChildren(ParentRunner.java:191)
	at org.junit.runners.ParentRunner.access$000(ParentRunner.java:42)
	at org.junit.runners.ParentRunner$2.evaluate(ParentRunner.java:184)
	at org.junit.runners.ParentRunner.run(ParentRunner.java:236)
	at junit.framework.JUnit4TestAdapter.run(JUnit4TestAdapter.java:39)
	at junit.framework.TestSuite.runTest(TestSuite.java:243)
	at junit.framework.TestSuite.run(TestSuite.java:238)
	at junit.framework.TestSuite.runTest(TestSuite.java:243)
	at junit.framework.TestSuite.run(TestSuite.java:238)
	at org.apache.tools.ant.taskdefs.optional.junit.JUnitTestRunner.run(JUnitTestRunner.java:420)
	at org.apache.tools.ant.taskdefs.optional.junit.JUnitTestRunner.launch(JUnitTestRunner.java:911)
	at org.apache.tools.ant.taskdefs.optional.junit.JUnitTestRunner.main(JUnitTestRunner.java:768)

Entering method [com.topcoder.reliability.impl.calculators.BaseUserReliabilityCalculator.calculate(List<UserProjectParticipationData> projects)].
Input parameters[projects:[]]
Error in method [com.topcoder.reliability.impl.calculators.BaseUserReliabilityCalculator.calculate(List<UserProjectParticipationData> projects)], details: IllegalArgumentException is thrown.
java.lang.IllegalArgumentException: 'projects' should not be empty.
	at com.topcoder.reliability.impl.calculators.BaseUserReliabilityCalculator.calculate(BaseUserReliabilityCalculator.java:117)
	at com.topcoder.reliability.impl.calculators.BaseUserReliabilityCalculatorUnitTests.test_calculate_projectsEmpty(BaseUserReliabilityCalculatorUnitTests.java:290)
	at sun.reflect.NativeMethodAccessorImpl.invoke0(Native Method)
	at sun.reflect.NativeMethodAccessorImpl.invoke(NativeMethodAccessorImpl.java:39)
	at sun.reflect.DelegatingMethodAccessorImpl.invoke(DelegatingMethodAccessorImpl.java:25)
	at java.lang.reflect.Method.invoke(Method.java:597)
	at org.junit.runners.model.FrameworkMethod$1.runReflectiveCall(FrameworkMethod.java:44)
	at org.junit.internal.runners.model.ReflectiveCallable.run(ReflectiveCallable.java:15)
	at org.junit.runners.model.FrameworkMethod.invokeExplosively(FrameworkMethod.java:41)
	at org.junit.internal.runners.statements.InvokeMethod.evaluate(InvokeMethod.java:20)
	at org.junit.internal.runners.statements.ExpectException.evaluate(ExpectException.java:21)
	at org.junit.internal.runners.statements.RunBefores.evaluate(RunBefores.java:28)
	at org.junit.runners.BlockJUnit4ClassRunner.runNotIgnored(BlockJUnit4ClassRunner.java:79)
	at org.junit.runners.BlockJUnit4ClassRunner.runChild(BlockJUnit4ClassRunner.java:71)
	at org.junit.runners.BlockJUnit4ClassRunner.runChild(BlockJUnit4ClassRunner.java:49)
	at org.junit.runners.ParentRunner$3.run(ParentRunner.java:193)
	at org.junit.runners.ParentRunner$1.schedule(ParentRunner.java:52)
	at org.junit.runners.ParentRunner.runChildren(ParentRunner.java:191)
	at org.junit.runners.ParentRunner.access$000(ParentRunner.java:42)
	at org.junit.runners.ParentRunner$2.evaluate(ParentRunner.java:184)
	at org.junit.runners.ParentRunner.run(ParentRunner.java:236)
	at junit.framework.JUnit4TestAdapter.run(JUnit4TestAdapter.java:39)
	at junit.framework.TestSuite.runTest(TestSuite.java:243)
	at junit.framework.TestSuite.run(TestSuite.java:238)
	at junit.framework.TestSuite.runTest(TestSuite.java:243)
	at junit.framework.TestSuite.run(TestSuite.java:238)
	at org.apache.tools.ant.taskdefs.optional.junit.JUnitTestRunner.run(JUnitTestRunner.java:420)
	at org.apache.tools.ant.taskdefs.optional.junit.JUnitTestRunner.launch(JUnitTestRunner.java:911)
	at org.apache.tools.ant.taskdefs.optional.junit.JUnitTestRunner.main(JUnitTestRunner.java:768)

Entering method [com.topcoder.reliability.impl.calculators.BaseUserReliabilityCalculator.calculate(List<UserProjectParticipationData> projects)].
Input parameters[projects:[com.topcoder.reliability.impl.UserProjectParticipationData@43a3aa2c, com.topcoder.reliability.impl.UserProjectParticipationData@2df95165, com.topcoder.reliability.impl.UserProjectParticipationData@4b4ed577, com.topcoder.reliability.impl.UserProjectParticipationData@24a09e41, com.topcoder.reliability.impl.UserProjectParticipationData@2cf5d030, com.topcoder.reliability.impl.UserProjectParticipationData@3e37165f, null]]
Error in method [com.topcoder.reliability.impl.calculators.BaseUserReliabilityCalculator.calculate(List<UserProjectParticipationData> projects)], details: IllegalArgumentException is thrown.
java.lang.IllegalArgumentException: 'element in projects' should not be null.
	at com.topcoder.reliability.Helper.checkNull(Helper.java:131)
	at com.topcoder.reliability.impl.calculators.BaseUserReliabilityCalculator.calculate(BaseUserReliabilityCalculator.java:121)
	at com.topcoder.reliability.impl.calculators.BaseUserReliabilityCalculatorUnitTests.test_calculate_projectsContainsNull(BaseUserReliabilityCalculatorUnitTests.java:307)
	at sun.reflect.NativeMethodAccessorImpl.invoke0(Native Method)
	at sun.reflect.NativeMethodAccessorImpl.invoke(NativeMethodAccessorImpl.java:39)
	at sun.reflect.DelegatingMethodAccessorImpl.invoke(DelegatingMethodAccessorImpl.java:25)
	at java.lang.reflect.Method.invoke(Method.java:597)
	at org.junit.runners.model.FrameworkMethod$1.runReflectiveCall(FrameworkMethod.java:44)
	at org.junit.internal.runners.model.ReflectiveCallable.run(ReflectiveCallable.java:15)
	at org.junit.runners.model.FrameworkMethod.invokeExplosively(FrameworkMethod.java:41)
	at org.junit.internal.runners.statements.InvokeMethod.evaluate(InvokeMethod.java:20)
	at org.junit.internal.runners.statements.ExpectException.evaluate(ExpectException.java:21)
	at org.junit.internal.runners.statements.RunBefores.evaluate(RunBefores.java:28)
	at org.junit.runners.BlockJUnit4ClassRunner.runNotIgnored(BlockJUnit4ClassRunner.java:79)
	at org.junit.runners.BlockJUnit4ClassRunner.runChild(BlockJUnit4ClassRunner.java:71)
	at org.junit.runners.BlockJUnit4ClassRunner.runChild(BlockJUnit4ClassRunner.java:49)
	at org.junit.runners.ParentRunner$3.run(ParentRunner.java:193)
	at org.junit.runners.ParentRunner$1.schedule(ParentRunner.java:52)
	at org.junit.runners.ParentRunner.runChildren(ParentRunner.java:191)
	at org.junit.runners.ParentRunner.access$000(ParentRunner.java:42)
	at org.junit.runners.ParentRunner$2.evaluate(ParentRunner.java:184)
	at org.junit.runners.ParentRunner.run(ParentRunner.java:236)
	at junit.framework.JUnit4TestAdapter.run(JUnit4TestAdapter.java:39)
	at junit.framework.TestSuite.runTest(TestSuite.java:243)
	at junit.framework.TestSuite.run(TestSuite.java:238)
	at junit.framework.TestSuite.runTest(TestSuite.java:243)
	at junit.framework.TestSuite.run(TestSuite.java:238)
	at org.apache.tools.ant.taskdefs.optional.junit.JUnitTestRunner.run(JUnitTestRunner.java:420)
	at org.apache.tools.ant.taskdefs.optional.junit.JUnitTestRunner.launch(JUnitTestRunner.java:911)
	at org.apache.tools.ant.taskdefs.optional.junit.JUnitTestRunner.main(JUnitTestRunner.java:768)

Entering method [com.topcoder.reliability.impl.calculators.BaseUserReliabilityCalculator.calculate(List<UserProjectParticipationData> projects)].
Input parameters[projects:[com.topcoder.reliability.impl.UserProjectParticipationData@388698fa, com.topcoder.reliability.impl.UserProjectParticipationData@ca56214, com.topcoder.reliability.impl.UserProjectParticipationData@3dca1588, com.topcoder.reliability.impl.UserProjectParticipationData@1e4bb369, com.topcoder.reliability.impl.UserProjectParticipationData@7befc208, com.topcoder.reliability.impl.UserProjectParticipationData@39abdac9]]
Error in method [com.topcoder.reliability.impl.calculators.BaseUserReliabilityCalculator.calculate(List<UserProjectParticipationData> projects)], details: IllegalArgumentException is thrown.
java.lang.IllegalArgumentException: 'project.getResolutionDate() in projects' should not be null.
	at com.topcoder.reliability.Helper.checkNull(Helper.java:131)
	at com.topcoder.reliability.impl.calculators.BaseUserReliabilityCalculator.calculate(BaseUserReliabilityCalculator.java:123)
	at com.topcoder.reliability.impl.calculators.BaseUserReliabilityCalculatorUnitTests.test_calculate_resolutionDateNull(BaseUserReliabilityCalculatorUnitTests.java:324)
	at sun.reflect.NativeMethodAccessorImpl.invoke0(Native Method)
	at sun.reflect.NativeMethodAccessorImpl.invoke(NativeMethodAccessorImpl.java:39)
	at sun.reflect.DelegatingMethodAccessorImpl.invoke(DelegatingMethodAccessorImpl.java:25)
	at java.lang.reflect.Method.invoke(Method.java:597)
	at org.junit.runners.model.FrameworkMethod$1.runReflectiveCall(FrameworkMethod.java:44)
	at org.junit.internal.runners.model.ReflectiveCallable.run(ReflectiveCallable.java:15)
	at org.junit.runners.model.FrameworkMethod.invokeExplosively(FrameworkMethod.java:41)
	at org.junit.internal.runners.statements.InvokeMethod.evaluate(InvokeMethod.java:20)
	at org.junit.internal.runners.statements.ExpectException.evaluate(ExpectException.java:21)
	at org.junit.internal.runners.statements.RunBefores.evaluate(RunBefores.java:28)
	at org.junit.runners.BlockJUnit4ClassRunner.runNotIgnored(BlockJUnit4ClassRunner.java:79)
	at org.junit.runners.BlockJUnit4ClassRunner.runChild(BlockJUnit4ClassRunner.java:71)
	at org.junit.runners.BlockJUnit4ClassRunner.runChild(BlockJUnit4ClassRunner.java:49)
	at org.junit.runners.ParentRunner$3.run(ParentRunner.java:193)
	at org.junit.runners.ParentRunner$1.schedule(ParentRunner.java:52)
	at org.junit.runners.ParentRunner.runChildren(ParentRunner.java:191)
	at org.junit.runners.ParentRunner.access$000(ParentRunner.java:42)
	at org.junit.runners.ParentRunner$2.evaluate(ParentRunner.java:184)
	at org.junit.runners.ParentRunner.run(ParentRunner.java:236)
	at junit.framework.JUnit4TestAdapter.run(JUnit4TestAdapter.java:39)
	at junit.framework.TestSuite.runTest(TestSuite.java:243)
	at junit.framework.TestSuite.run(TestSuite.java:238)
	at junit.framework.TestSuite.runTest(TestSuite.java:243)
	at junit.framework.TestSuite.run(TestSuite.java:238)
	at org.apache.tools.ant.taskdefs.optional.junit.JUnitTestRunner.run(JUnitTestRunner.java:420)
	at org.apache.tools.ant.taskdefs.optional.junit.JUnitTestRunner.launch(JUnitTestRunner.java:911)
	at org.apache.tools.ant.taskdefs.optional.junit.JUnitTestRunner.main(JUnitTestRunner.java:768)

Entering method [com.topcoder.reliability.impl.calculators.BaseUserReliabilityCalculator.calculate(List<UserProjectParticipationData> projects)].
Input parameters[projects:[com.topcoder.reliability.impl.UserProjectParticipationData@35f68272, com.topcoder.reliability.impl.UserProjectParticipationData@4aee260b, com.topcoder.reliability.impl.UserProjectParticipationData@5903c29b, com.topcoder.reliability.impl.UserProjectParticipationData@5dd7bc5, com.topcoder.reliability.impl.UserProjectParticipationData@fe8c585, com.topcoder.reliability.impl.UserProjectParticipationData@7affa6eb]]
Error in method [com.topcoder.reliability.impl.calculators.BaseUserReliabilityCalculator.calculate(List<UserProjectParticipationData> projects)], details: IllegalArgumentException is thrown.
java.lang.IllegalArgumentException: 'project.getUserRegistrationDate() in projects' should not be null.
	at com.topcoder.reliability.Helper.checkNull(Helper.java:131)
	at com.topcoder.reliability.impl.calculators.BaseUserReliabilityCalculator.calculate(BaseUserReliabilityCalculator.java:124)
	at com.topcoder.reliability.impl.calculators.BaseUserReliabilityCalculatorUnitTests.test_calculate_userRegistrationDateNull(BaseUserReliabilityCalculatorUnitTests.java:341)
	at sun.reflect.NativeMethodAccessorImpl.invoke0(Native Method)
	at sun.reflect.NativeMethodAccessorImpl.invoke(NativeMethodAccessorImpl.java:39)
	at sun.reflect.DelegatingMethodAccessorImpl.invoke(DelegatingMethodAccessorImpl.java:25)
	at java.lang.reflect.Method.invoke(Method.java:597)
	at org.junit.runners.model.FrameworkMethod$1.runReflectiveCall(FrameworkMethod.java:44)
	at org.junit.internal.runners.model.ReflectiveCallable.run(ReflectiveCallable.java:15)
	at org.junit.runners.model.FrameworkMethod.invokeExplosively(FrameworkMethod.java:41)
	at org.junit.internal.runners.statements.InvokeMethod.evaluate(InvokeMethod.java:20)
	at org.junit.internal.runners.statements.ExpectException.evaluate(ExpectException.java:21)
	at org.junit.internal.runners.statements.RunBefores.evaluate(RunBefores.java:28)
	at org.junit.runners.BlockJUnit4ClassRunner.runNotIgnored(BlockJUnit4ClassRunner.java:79)
	at org.junit.runners.BlockJUnit4ClassRunner.runChild(BlockJUnit4ClassRunner.java:71)
	at org.junit.runners.BlockJUnit4ClassRunner.runChild(BlockJUnit4ClassRunner.java:49)
	at org.junit.runners.ParentRunner$3.run(ParentRunner.java:193)
	at org.junit.runners.ParentRunner$1.schedule(ParentRunner.java:52)
	at org.junit.runners.ParentRunner.runChildren(ParentRunner.java:191)
	at org.junit.runners.ParentRunner.access$000(ParentRunner.java:42)
	at org.junit.runners.ParentRunner$2.evaluate(ParentRunner.java:184)
	at org.junit.runners.ParentRunner.run(ParentRunner.java:236)
	at junit.framework.JUnit4TestAdapter.run(JUnit4TestAdapter.java:39)
	at junit.framework.TestSuite.runTest(TestSuite.java:243)
	at junit.framework.TestSuite.run(TestSuite.java:238)
	at junit.framework.TestSuite.runTest(TestSuite.java:243)
	at junit.framework.TestSuite.run(TestSuite.java:238)
	at org.apache.tools.ant.taskdefs.optional.junit.JUnitTestRunner.run(JUnitTestRunner.java:420)
	at org.apache.tools.ant.taskdefs.optional.junit.JUnitTestRunner.launch(JUnitTestRunner.java:911)
	at org.apache.tools.ant.taskdefs.optional.junit.JUnitTestRunner.main(JUnitTestRunner.java:768)

Entering method [com.topcoder.reliability.impl.calculators.BaseUserReliabilityCalculator.calculate(List<UserProjectParticipationData> projects)].
Input parameters[projects:[com.topcoder.reliability.impl.UserProjectParticipationData@44f0853, com.topcoder.reliability.impl.UserProjectParticipationData@60ab835a, com.topcoder.reliability.impl.UserProjectParticipationData@1c3cbb4b, com.topcoder.reliability.impl.UserProjectParticipationData@572c4768, com.topcoder.reliability.impl.UserProjectParticipationData@1c04298e, com.topcoder.reliability.impl.UserProjectParticipationData@55443800]]
Error in method [com.topcoder.reliability.impl.calculators.BaseUserReliabilityCalculator.calculate(List<UserProjectParticipationData> projects)], details: UserReliabilityCalculationException is thrown when calculating reliability for all projects.
com.topcoder.reliability.impl.UserReliabilityCalculationException: UserReliabilityCalculationException for testing.
	at com.topcoder.reliability.MockUserReliabilityCalculator.calculateReliabilityAfterProjects(MockUserReliabilityCalculator.java:54)
	at com.topcoder.reliability.impl.calculators.BaseUserReliabilityCalculator.calculate(BaseUserReliabilityCalculator.java:140)
	at com.topcoder.reliability.impl.calculators.BaseUserReliabilityCalculatorUnitTests.test_calculate_Error(BaseUserReliabilityCalculatorUnitTests.java:375)
	at sun.reflect.NativeMethodAccessorImpl.invoke0(Native Method)
	at sun.reflect.NativeMethodAccessorImpl.invoke(NativeMethodAccessorImpl.java:39)
	at sun.reflect.DelegatingMethodAccessorImpl.invoke(DelegatingMethodAccessorImpl.java:25)
	at java.lang.reflect.Method.invoke(Method.java:597)
	at org.junit.runners.model.FrameworkMethod$1.runReflectiveCall(FrameworkMethod.java:44)
	at org.junit.internal.runners.model.ReflectiveCallable.run(ReflectiveCallable.java:15)
	at org.junit.runners.model.FrameworkMethod.invokeExplosively(FrameworkMethod.java:41)
	at org.junit.internal.runners.statements.InvokeMethod.evaluate(InvokeMethod.java:20)
	at org.junit.internal.runners.statements.ExpectException.evaluate(ExpectException.java:21)
	at org.junit.internal.runners.statements.RunBefores.evaluate(RunBefores.java:28)
	at org.junit.runners.BlockJUnit4ClassRunner.runNotIgnored(BlockJUnit4ClassRunner.java:79)
	at org.junit.runners.BlockJUnit4ClassRunner.runChild(BlockJUnit4ClassRunner.java:71)
	at org.junit.runners.BlockJUnit4ClassRunner.runChild(BlockJUnit4ClassRunner.java:49)
	at org.junit.runners.ParentRunner$3.run(ParentRunner.java:193)
	at org.junit.runners.ParentRunner$1.schedule(ParentRunner.java:52)
	at org.junit.runners.ParentRunner.runChildren(ParentRunner.java:191)
	at org.junit.runners.ParentRunner.access$000(ParentRunner.java:42)
	at org.junit.runners.ParentRunner$2.evaluate(ParentRunner.java:184)
	at org.junit.runners.ParentRunner.run(ParentRunner.java:236)
	at junit.framework.JUnit4TestAdapter.run(JUnit4TestAdapter.java:39)
	at junit.framework.TestSuite.runTest(TestSuite.java:243)
	at junit.framework.TestSuite.run(TestSuite.java:238)
	at junit.framework.TestSuite.runTest(TestSuite.java:243)
	at junit.framework.TestSuite.run(TestSuite.java:238)
	at org.apache.tools.ant.taskdefs.optional.junit.JUnitTestRunner.run(JUnitTestRunner.java:420)
	at org.apache.tools.ant.taskdefs.optional.junit.JUnitTestRunner.launch(JUnitTestRunner.java:911)
	at org.apache.tools.ant.taskdefs.optional.junit.JUnitTestRunner.main(JUnitTestRunner.java:768)

Entering method [com.topcoder.reliability.impl.persistence.DatabaseReliabilityDataPersistence.open()].
Exiting method [com.topcoder.reliability.impl.persistence.DatabaseReliabilityDataPersistence.open()], time spent in the method: 19 milliseconds.
Entering method [com.topcoder.reliability.impl.persistence.DatabaseReliabilityDataPersistence.open()].
Exiting method [com.topcoder.reliability.impl.persistence.DatabaseReliabilityDataPersistence.open()], time spent in the method: 9 milliseconds.
Entering method [com.topcoder.reliability.impl.persistence.DatabaseReliabilityDataPersistence.close].
Exiting method [com.topcoder.reliability.impl.persistence.DatabaseReliabilityDataPersistence.close], time spent in the method: 0 milliseconds.
Entering method [com.topcoder.reliability.impl.persistence.DatabaseReliabilityDataPersistence.open()].
Exiting method [com.topcoder.reliability.impl.persistence.DatabaseReliabilityDataPersistence.open()], time spent in the method: 10 milliseconds.
Entering method [com.topcoder.reliability.impl.persistence.DatabaseReliabilityDataPersistence.open()].
Exiting method [com.topcoder.reliability.impl.persistence.DatabaseReliabilityDataPersistence.open()], time spent in the method: 10 milliseconds.
Entering method [com.topcoder.reliability.impl.persistence.DatabaseReliabilityDataPersistence.close].
Exiting method [com.topcoder.reliability.impl.persistence.DatabaseReliabilityDataPersistence.close], time spent in the method: 1 milliseconds.
Entering method [com.topcoder.reliability.impl.persistence.DatabaseReliabilityDataPersistence.open()].
Exiting method [com.topcoder.reliability.impl.persistence.DatabaseReliabilityDataPersistence.open()], time spent in the method: 10 milliseconds.
Entering method [com.topcoder.reliability.impl.persistence.DatabaseReliabilityDataPersistence.close].
Exiting method [com.topcoder.reliability.impl.persistence.DatabaseReliabilityDataPersistence.close], time spent in the method: 1 milliseconds.
Entering method [com.topcoder.reliability.impl.persistence.DatabaseReliabilityDataPersistence.open()].
Exiting method [com.topcoder.reliability.impl.persistence.DatabaseReliabilityDataPersistence.open()], time spent in the method: 9 milliseconds.
Entering method [com.topcoder.reliability.impl.persistence.DatabaseReliabilityDataPersistence.close].
Exiting method [com.topcoder.reliability.impl.persistence.DatabaseReliabilityDataPersistence.close], time spent in the method: 0 milliseconds.
Entering method [com.topcoder.reliability.impl.persistence.DatabaseReliabilityDataPersistence.open()].
Exiting method [com.topcoder.reliability.impl.persistence.DatabaseReliabilityDataPersistence.open()], time spent in the method: 9 milliseconds.
Entering method [com.topcoder.reliability.impl.persistence.DatabaseReliabilityDataPersistence.close].
Exiting method [com.topcoder.reliability.impl.persistence.DatabaseReliabilityDataPersistence.close], time spent in the method: 1 milliseconds.
Entering method [com.topcoder.reliability.impl.persistence.DatabaseReliabilityDataPersistence.open()].
Exiting method [com.topcoder.reliability.impl.persistence.DatabaseReliabilityDataPersistence.open()], time spent in the method: 9 milliseconds.
Entering method [com.topcoder.reliability.impl.persistence.DatabaseReliabilityDataPersistence.close].
Exiting method [com.topcoder.reliability.impl.persistence.DatabaseReliabilityDataPersistence.close], time spent in the method: 0 milliseconds.
Entering method [com.topcoder.reliability.impl.persistence.DatabaseReliabilityDataPersistence.open()].
Exiting method [com.topcoder.reliability.impl.persistence.DatabaseReliabilityDataPersistence.open()], time spent in the method: 10 milliseconds.
Entering method [com.topcoder.reliability.impl.persistence.DatabaseReliabilityDataPersistence.close].
Exiting method [com.topcoder.reliability.impl.persistence.DatabaseReliabilityDataPersistence.close], time spent in the method: 0 milliseconds.
Entering method [com.topcoder.reliability.impl.persistence.DatabaseReliabilityDataPersistence.open()].
Exiting method [com.topcoder.reliability.impl.persistence.DatabaseReliabilityDataPersistence.open()], time spent in the method: 10 milliseconds.
Entering method [com.topcoder.reliability.impl.persistence.DatabaseReliabilityDataPersistence.close].
Exiting method [com.topcoder.reliability.impl.persistence.DatabaseReliabilityDataPersistence.close], time spent in the method: 1 milliseconds.
Entering method [com.topcoder.reliability.impl.persistence.DatabaseReliabilityDataPersistence.open()].
Exiting method [com.topcoder.reliability.impl.persistence.DatabaseReliabilityDataPersistence.open()], time spent in the method: 9 milliseconds.
Entering method [com.topcoder.reliability.impl.persistence.DatabaseReliabilityDataPersistence.close].
Exiting method [com.topcoder.reliability.impl.persistence.DatabaseReliabilityDataPersistence.close], time spent in the method: 1 milliseconds.
Entering method [com.topcoder.reliability.impl.persistence.DatabaseReliabilityDataPersistence.open()].
Exiting method [com.topcoder.reliability.impl.persistence.DatabaseReliabilityDataPersistence.open()], time spent in the method: 9 milliseconds.
Entering method [com.topcoder.reliability.impl.persistence.DatabaseReliabilityDataPersistence.close].
Exiting method [com.topcoder.reliability.impl.persistence.DatabaseReliabilityDataPersistence.close], time spent in the method: 1 milliseconds.
Entering method [com.topcoder.reliability.impl.persistence.DatabaseReliabilityDataPersistence.open()].
Exiting method [com.topcoder.reliability.impl.persistence.DatabaseReliabilityDataPersistence.open()], time spent in the method: 10 milliseconds.
Entering method [com.topcoder.reliability.impl.persistence.DatabaseReliabilityDataPersistence.close].
Exiting method [com.topcoder.reliability.impl.persistence.DatabaseReliabilityDataPersistence.close], time spent in the method: 0 milliseconds.
Entering method [com.topcoder.reliability.impl.persistence.DatabaseReliabilityDataPersistence.open()].
Exiting method [com.topcoder.reliability.impl.persistence.DatabaseReliabilityDataPersistence.open()], time spent in the method: 10 milliseconds.
Entering method [com.topcoder.reliability.impl.persistence.DatabaseReliabilityDataPersistence.close].
Exiting method [com.topcoder.reliability.impl.persistence.DatabaseReliabilityDataPersistence.close], time spent in the method: 1 milliseconds.
Entering method [com.topcoder.reliability.impl.persistence.DatabaseReliabilityDataPersistence.open()].
Exiting method [com.topcoder.reliability.impl.persistence.DatabaseReliabilityDataPersistence.open()], time spent in the method: 9 milliseconds.
Entering method [com.topcoder.reliability.impl.persistence.DatabaseReliabilityDataPersistence.open()].
Error in method [com.topcoder.reliability.impl.persistence.DatabaseReliabilityDataPersistence.open()], details: IllegalStateException is thrown.
java.lang.IllegalStateException: The connection is already opened.
	at com.topcoder.reliability.Helper.checkState(Helper.java:194)
	at com.topcoder.reliability.impl.persistence.DatabaseReliabilityDataPersistence.open(DatabaseReliabilityDataPersistence.java:269)
	at com.topcoder.reliability.impl.persistence.DatabaseReliabilityDataPersistenceUnitTests.test_open_AlreadyOpened(DatabaseReliabilityDataPersistenceUnitTests.java:404)
	at sun.reflect.NativeMethodAccessorImpl.invoke0(Native Method)
	at sun.reflect.NativeMethodAccessorImpl.invoke(NativeMethodAccessorImpl.java:39)
	at sun.reflect.DelegatingMethodAccessorImpl.invoke(DelegatingMethodAccessorImpl.java:25)
	at java.lang.reflect.Method.invoke(Method.java:597)
	at org.junit.runners.model.FrameworkMethod$1.runReflectiveCall(FrameworkMethod.java:44)
	at org.junit.internal.runners.model.ReflectiveCallable.run(ReflectiveCallable.java:15)
	at org.junit.runners.model.FrameworkMethod.invokeExplosively(FrameworkMethod.java:41)
	at org.junit.internal.runners.statements.InvokeMethod.evaluate(InvokeMethod.java:20)
	at org.junit.internal.runners.statements.ExpectException.evaluate(ExpectException.java:21)
	at org.junit.internal.runners.statements.RunBefores.evaluate(RunBefores.java:28)
	at org.junit.internal.runners.statements.RunAfters.evaluate(RunAfters.java:31)
	at org.junit.runners.BlockJUnit4ClassRunner.runNotIgnored(BlockJUnit4ClassRunner.java:79)
	at org.junit.runners.BlockJUnit4ClassRunner.runChild(BlockJUnit4ClassRunner.java:71)
	at org.junit.runners.BlockJUnit4ClassRunner.runChild(BlockJUnit4ClassRunner.java:49)
	at org.junit.runners.ParentRunner$3.run(ParentRunner.java:193)
	at org.junit.runners.ParentRunner$1.schedule(ParentRunner.java:52)
	at org.junit.runners.ParentRunner.runChildren(ParentRunner.java:191)
	at org.junit.runners.ParentRunner.access$000(ParentRunner.java:42)
	at org.junit.runners.ParentRunner$2.evaluate(ParentRunner.java:184)
	at org.junit.runners.ParentRunner.run(ParentRunner.java:236)
	at junit.framework.JUnit4TestAdapter.run(JUnit4TestAdapter.java:39)
	at junit.framework.TestSuite.runTest(TestSuite.java:243)
	at junit.framework.TestSuite.run(TestSuite.java:238)
	at junit.framework.TestSuite.runTest(TestSuite.java:243)
	at junit.framework.TestSuite.run(TestSuite.java:238)
	at org.apache.tools.ant.taskdefs.optional.junit.JUnitTestRunner.run(JUnitTestRunner.java:420)
	at org.apache.tools.ant.taskdefs.optional.junit.JUnitTestRunner.launch(JUnitTestRunner.java:911)
	at org.apache.tools.ant.taskdefs.optional.junit.JUnitTestRunner.main(JUnitTestRunner.java:768)

Entering method [com.topcoder.reliability.impl.persistence.DatabaseReliabilityDataPersistence.close].
Exiting method [com.topcoder.reliability.impl.persistence.DatabaseReliabilityDataPersistence.close], time spent in the method: 0 milliseconds.
Entering method [com.topcoder.reliability.impl.persistence.DatabaseReliabilityDataPersistence.open()].
Exiting method [com.topcoder.reliability.impl.persistence.DatabaseReliabilityDataPersistence.open()], time spent in the method: 9 milliseconds.
Entering method [com.topcoder.reliability.impl.persistence.DatabaseReliabilityDataPersistence.close].
Exiting method [com.topcoder.reliability.impl.persistence.DatabaseReliabilityDataPersistence.close], time spent in the method: 0 milliseconds.
Entering method [com.topcoder.reliability.impl.persistence.DatabaseReliabilityDataPersistence.open()].
Exiting method [com.topcoder.reliability.impl.persistence.DatabaseReliabilityDataPersistence.open()], time spent in the method: 9 milliseconds.
Entering method [com.topcoder.reliability.impl.persistence.DatabaseReliabilityDataPersistence.close].
Exiting method [com.topcoder.reliability.impl.persistence.DatabaseReliabilityDataPersistence.close], time spent in the method: 0 milliseconds.
Entering method [com.topcoder.reliability.impl.persistence.DatabaseReliabilityDataPersistence.open()].
Error in method [com.topcoder.reliability.impl.persistence.DatabaseReliabilityDataPersistence.open()], details: ReliabilityDataPersistenceException is thrown when opening a connection to persistence.
com.topcoder.reliability.impl.ReliabilityDataPersistenceException: Failed to create a database connection.
	at com.topcoder.reliability.impl.persistence.DatabaseReliabilityDataPersistence.open(DatabaseReliabilityDataPersistence.java:279)
	at com.topcoder.reliability.impl.persistence.DatabaseReliabilityDataPersistenceUnitTests.test_open_Error(DatabaseReliabilityDataPersistenceUnitTests.java:441)
	at sun.reflect.NativeMethodAccessorImpl.invoke0(Native Method)
	at sun.reflect.NativeMethodAccessorImpl.invoke(NativeMethodAccessorImpl.java:39)
	at sun.reflect.DelegatingMethodAccessorImpl.invoke(DelegatingMethodAccessorImpl.java:25)
	at java.lang.reflect.Method.invoke(Method.java:597)
	at org.junit.runners.model.FrameworkMethod$1.runReflectiveCall(FrameworkMethod.java:44)
	at org.junit.internal.runners.model.ReflectiveCallable.run(ReflectiveCallable.java:15)
	at org.junit.runners.model.FrameworkMethod.invokeExplosively(FrameworkMethod.java:41)
	at org.junit.internal.runners.statements.InvokeMethod.evaluate(InvokeMethod.java:20)
	at org.junit.internal.runners.statements.ExpectException.evaluate(ExpectException.java:21)
	at org.junit.internal.runners.statements.RunBefores.evaluate(RunBefores.java:28)
	at org.junit.internal.runners.statements.RunAfters.evaluate(RunAfters.java:31)
	at org.junit.runners.BlockJUnit4ClassRunner.runNotIgnored(BlockJUnit4ClassRunner.java:79)
	at org.junit.runners.BlockJUnit4ClassRunner.runChild(BlockJUnit4ClassRunner.java:71)
	at org.junit.runners.BlockJUnit4ClassRunner.runChild(BlockJUnit4ClassRunner.java:49)
	at org.junit.runners.ParentRunner$3.run(ParentRunner.java:193)
	at org.junit.runners.ParentRunner$1.schedule(ParentRunner.java:52)
	at org.junit.runners.ParentRunner.runChildren(ParentRunner.java:191)
	at org.junit.runners.ParentRunner.access$000(ParentRunner.java:42)
	at org.junit.runners.ParentRunner$2.evaluate(ParentRunner.java:184)
	at org.junit.runners.ParentRunner.run(ParentRunner.java:236)
	at junit.framework.JUnit4TestAdapter.run(JUnit4TestAdapter.java:39)
	at junit.framework.TestSuite.runTest(TestSuite.java:243)
	at junit.framework.TestSuite.run(TestSuite.java:238)
	at junit.framework.TestSuite.runTest(TestSuite.java:243)
	at junit.framework.TestSuite.run(TestSuite.java:238)
	at org.apache.tools.ant.taskdefs.optional.junit.JUnitTestRunner.run(JUnitTestRunner.java:420)
	at org.apache.tools.ant.taskdefs.optional.junit.JUnitTestRunner.launch(JUnitTestRunner.java:911)
	at org.apache.tools.ant.taskdefs.optional.junit.JUnitTestRunner.main(JUnitTestRunner.java:768)
Caused by: com.topcoder.db.connectionfactory.UnknownConnectionException: Can not retrieve the ConnectionProducer via unknown_name
	at com.topcoder.db.connectionfactory.DBConnectionFactoryImpl.createConnection(DBConnectionFactoryImpl.java:507)
	at com.topcoder.reliability.impl.persistence.DatabaseReliabilityDataPersistence.open(DatabaseReliabilityDataPersistence.java:273)
	... 29 more

Entering method [com.topcoder.reliability.impl.persistence.DatabaseReliabilityDataPersistence.close].
Error in method [com.topcoder.reliability.impl.persistence.DatabaseReliabilityDataPersistence.close], details: IllegalStateException is thrown.
java.lang.IllegalStateException: The connection is already closed.
	at com.topcoder.reliability.Helper.checkState(Helper.java:194)
	at com.topcoder.reliability.impl.persistence.DatabaseReliabilityDataPersistence.close(DatabaseReliabilityDataPersistence.java:648)
	at com.topcoder.reliability.impl.persistence.DatabaseReliabilityDataPersistenceUnitTests.tearDown(DatabaseReliabilityDataPersistenceUnitTests.java:159)
	at sun.reflect.NativeMethodAccessorImpl.invoke0(Native Method)
	at sun.reflect.NativeMethodAccessorImpl.invoke(NativeMethodAccessorImpl.java:39)
	at sun.reflect.DelegatingMethodAccessorImpl.invoke(DelegatingMethodAccessorImpl.java:25)
	at java.lang.reflect.Method.invoke(Method.java:597)
	at org.junit.runners.model.FrameworkMethod$1.runReflectiveCall(FrameworkMethod.java:44)
	at org.junit.internal.runners.model.ReflectiveCallable.run(ReflectiveCallable.java:15)
	at org.junit.runners.model.FrameworkMethod.invokeExplosively(FrameworkMethod.java:41)
	at org.junit.internal.runners.statements.RunAfters.evaluate(RunAfters.java:37)
	at org.junit.runners.BlockJUnit4ClassRunner.runNotIgnored(BlockJUnit4ClassRunner.java:79)
	at org.junit.runners.BlockJUnit4ClassRunner.runChild(BlockJUnit4ClassRunner.java:71)
	at org.junit.runners.BlockJUnit4ClassRunner.runChild(BlockJUnit4ClassRunner.java:49)
	at org.junit.runners.ParentRunner$3.run(ParentRunner.java:193)
	at org.junit.runners.ParentRunner$1.schedule(ParentRunner.java:52)
	at org.junit.runners.ParentRunner.runChildren(ParentRunner.java:191)
	at org.junit.runners.ParentRunner.access$000(ParentRunner.java:42)
	at org.junit.runners.ParentRunner$2.evaluate(ParentRunner.java:184)
	at org.junit.runners.ParentRunner.run(ParentRunner.java:236)
	at junit.framework.JUnit4TestAdapter.run(JUnit4TestAdapter.java:39)
	at junit.framework.TestSuite.runTest(TestSuite.java:243)
	at junit.framework.TestSuite.run(TestSuite.java:238)
	at junit.framework.TestSuite.runTest(TestSuite.java:243)
	at junit.framework.TestSuite.run(TestSuite.java:238)
	at org.apache.tools.ant.taskdefs.optional.junit.JUnitTestRunner.run(JUnitTestRunner.java:420)
	at org.apache.tools.ant.taskdefs.optional.junit.JUnitTestRunner.launch(JUnitTestRunner.java:911)
	at org.apache.tools.ant.taskdefs.optional.junit.JUnitTestRunner.main(JUnitTestRunner.java:768)

Entering method [com.topcoder.reliability.impl.persistence.DatabaseReliabilityDataPersistence.open()].
Exiting method [com.topcoder.reliability.impl.persistence.DatabaseReliabilityDataPersistence.open()], time spent in the method: 9 milliseconds.
Entering method [com.topcoder.reliability.impl.persistence.DatabaseReliabilityDataPersistence.getIdsOfUsersWithReliability(long projectCategoryId, Date startDate)].
Input parameters[projectCategoryId:1, startDate:Wed Oct 05 09:00:00 CST 2005]
Exiting method [com.topcoder.reliability.impl.persistence.DatabaseReliabilityDataPersistence.getIdsOfUsersWithReliability(long projectCategoryId, Date startDate)], time spent in the method: 3 milliseconds.
Output parameter: [123456]
Entering method [com.topcoder.reliability.impl.persistence.DatabaseReliabilityDataPersistence.close].
Exiting method [com.topcoder.reliability.impl.persistence.DatabaseReliabilityDataPersistence.close], time spent in the method: 1 milliseconds.
Entering method [com.topcoder.reliability.impl.persistence.DatabaseReliabilityDataPersistence.open()].
Exiting method [com.topcoder.reliability.impl.persistence.DatabaseReliabilityDataPersistence.open()], time spent in the method: 9 milliseconds.
Entering method [com.topcoder.reliability.impl.persistence.DatabaseReliabilityDataPersistence.getIdsOfUsersWithReliability(long projectCategoryId, Date startDate)].
Input parameters[projectCategoryId:1, startDate:Wed Oct 05 09:00:00 CST 2005]
Exiting method [com.topcoder.reliability.impl.persistence.DatabaseReliabilityDataPersistence.getIdsOfUsersWithReliability(long projectCategoryId, Date startDate)], time spent in the method: 3 milliseconds.
Output parameter: []
Entering method [com.topcoder.reliability.impl.persistence.DatabaseReliabilityDataPersistence.close].
Exiting method [com.topcoder.reliability.impl.persistence.DatabaseReliabilityDataPersistence.close], time spent in the method: 0 milliseconds.
Entering method [com.topcoder.reliability.impl.persistence.DatabaseReliabilityDataPersistence.open()].
Exiting method [com.topcoder.reliability.impl.persistence.DatabaseReliabilityDataPersistence.open()], time spent in the method: 9 milliseconds.
Entering method [com.topcoder.reliability.impl.persistence.DatabaseReliabilityDataPersistence.getIdsOfUsersWithReliability(long projectCategoryId, Date startDate)].
Input parameters[projectCategoryId:-1, startDate:Wed Oct 05 09:00:00 CST 2005]
Error in method [com.topcoder.reliability.impl.persistence.DatabaseReliabilityDataPersistence.getIdsOfUsersWithReliability(long projectCategoryId, Date startDate)], details: IllegalArgumentException is thrown.
java.lang.IllegalArgumentException: 'projectCategoryId' should be positive.
	at com.topcoder.reliability.Helper.checkPositive(Helper.java:150)
	at com.topcoder.reliability.impl.persistence.DatabaseReliabilityDataPersistence.getIdsOfUsersWithReliability(DatabaseReliabilityDataPersistence.java:327)
	at com.topcoder.reliability.impl.persistence.DatabaseReliabilityDataPersistenceUnitTests.test_getIdsOfUsersWithReliability_projectCategoryIdNegative(DatabaseReliabilityDataPersistenceUnitTests.java:495)
	at sun.reflect.NativeMethodAccessorImpl.invoke0(Native Method)
	at sun.reflect.NativeMethodAccessorImpl.invoke(NativeMethodAccessorImpl.java:39)
	at sun.reflect.DelegatingMethodAccessorImpl.invoke(DelegatingMethodAccessorImpl.java:25)
	at java.lang.reflect.Method.invoke(Method.java:597)
	at org.junit.runners.model.FrameworkMethod$1.runReflectiveCall(FrameworkMethod.java:44)
	at org.junit.internal.runners.model.ReflectiveCallable.run(ReflectiveCallable.java:15)
	at org.junit.runners.model.FrameworkMethod.invokeExplosively(FrameworkMethod.java:41)
	at org.junit.internal.runners.statements.InvokeMethod.evaluate(InvokeMethod.java:20)
	at org.junit.internal.runners.statements.ExpectException.evaluate(ExpectException.java:21)
	at org.junit.internal.runners.statements.RunBefores.evaluate(RunBefores.java:28)
	at org.junit.internal.runners.statements.RunAfters.evaluate(RunAfters.java:31)
	at org.junit.runners.BlockJUnit4ClassRunner.runNotIgnored(BlockJUnit4ClassRunner.java:79)
	at org.junit.runners.BlockJUnit4ClassRunner.runChild(BlockJUnit4ClassRunner.java:71)
	at org.junit.runners.BlockJUnit4ClassRunner.runChild(BlockJUnit4ClassRunner.java:49)
	at org.junit.runners.ParentRunner$3.run(ParentRunner.java:193)
	at org.junit.runners.ParentRunner$1.schedule(ParentRunner.java:52)
	at org.junit.runners.ParentRunner.runChildren(ParentRunner.java:191)
	at org.junit.runners.ParentRunner.access$000(ParentRunner.java:42)
	at org.junit.runners.ParentRunner$2.evaluate(ParentRunner.java:184)
	at org.junit.runners.ParentRunner.run(ParentRunner.java:236)
	at junit.framework.JUnit4TestAdapter.run(JUnit4TestAdapter.java:39)
	at junit.framework.TestSuite.runTest(TestSuite.java:243)
	at junit.framework.TestSuite.run(TestSuite.java:238)
	at junit.framework.TestSuite.runTest(TestSuite.java:243)
	at junit.framework.TestSuite.run(TestSuite.java:238)
	at org.apache.tools.ant.taskdefs.optional.junit.JUnitTestRunner.run(JUnitTestRunner.java:420)
	at org.apache.tools.ant.taskdefs.optional.junit.JUnitTestRunner.launch(JUnitTestRunner.java:911)
	at org.apache.tools.ant.taskdefs.optional.junit.JUnitTestRunner.main(JUnitTestRunner.java:768)

Entering method [com.topcoder.reliability.impl.persistence.DatabaseReliabilityDataPersistence.close].
Exiting method [com.topcoder.reliability.impl.persistence.DatabaseReliabilityDataPersistence.close], time spent in the method: 1 milliseconds.
Entering method [com.topcoder.reliability.impl.persistence.DatabaseReliabilityDataPersistence.open()].
Exiting method [com.topcoder.reliability.impl.persistence.DatabaseReliabilityDataPersistence.open()], time spent in the method: 9 milliseconds.
Entering method [com.topcoder.reliability.impl.persistence.DatabaseReliabilityDataPersistence.getIdsOfUsersWithReliability(long projectCategoryId, Date startDate)].
Input parameters[projectCategoryId:0, startDate:Wed Oct 05 09:00:00 CST 2005]
Error in method [com.topcoder.reliability.impl.persistence.DatabaseReliabilityDataPersistence.getIdsOfUsersWithReliability(long projectCategoryId, Date startDate)], details: IllegalArgumentException is thrown.
java.lang.IllegalArgumentException: 'projectCategoryId' should be positive.
	at com.topcoder.reliability.Helper.checkPositive(Helper.java:150)
	at com.topcoder.reliability.impl.persistence.DatabaseReliabilityDataPersistence.getIdsOfUsersWithReliability(DatabaseReliabilityDataPersistence.java:327)
	at com.topcoder.reliability.impl.persistence.DatabaseReliabilityDataPersistenceUnitTests.test_getIdsOfUsersWithReliability_projectCategoryIdZero(DatabaseReliabilityDataPersistenceUnitTests.java:512)
	at sun.reflect.NativeMethodAccessorImpl.invoke0(Native Method)
	at sun.reflect.NativeMethodAccessorImpl.invoke(NativeMethodAccessorImpl.java:39)
	at sun.reflect.DelegatingMethodAccessorImpl.invoke(DelegatingMethodAccessorImpl.java:25)
	at java.lang.reflect.Method.invoke(Method.java:597)
	at org.junit.runners.model.FrameworkMethod$1.runReflectiveCall(FrameworkMethod.java:44)
	at org.junit.internal.runners.model.ReflectiveCallable.run(ReflectiveCallable.java:15)
	at org.junit.runners.model.FrameworkMethod.invokeExplosively(FrameworkMethod.java:41)
	at org.junit.internal.runners.statements.InvokeMethod.evaluate(InvokeMethod.java:20)
	at org.junit.internal.runners.statements.ExpectException.evaluate(ExpectException.java:21)
	at org.junit.internal.runners.statements.RunBefores.evaluate(RunBefores.java:28)
	at org.junit.internal.runners.statements.RunAfters.evaluate(RunAfters.java:31)
	at org.junit.runners.BlockJUnit4ClassRunner.runNotIgnored(BlockJUnit4ClassRunner.java:79)
	at org.junit.runners.BlockJUnit4ClassRunner.runChild(BlockJUnit4ClassRunner.java:71)
	at org.junit.runners.BlockJUnit4ClassRunner.runChild(BlockJUnit4ClassRunner.java:49)
	at org.junit.runners.ParentRunner$3.run(ParentRunner.java:193)
	at org.junit.runners.ParentRunner$1.schedule(ParentRunner.java:52)
	at org.junit.runners.ParentRunner.runChildren(ParentRunner.java:191)
	at org.junit.runners.ParentRunner.access$000(ParentRunner.java:42)
	at org.junit.runners.ParentRunner$2.evaluate(ParentRunner.java:184)
	at org.junit.runners.ParentRunner.run(ParentRunner.java:236)
	at junit.framework.JUnit4TestAdapter.run(JUnit4TestAdapter.java:39)
	at junit.framework.TestSuite.runTest(TestSuite.java:243)
	at junit.framework.TestSuite.run(TestSuite.java:238)
	at junit.framework.TestSuite.runTest(TestSuite.java:243)
	at junit.framework.TestSuite.run(TestSuite.java:238)
	at org.apache.tools.ant.taskdefs.optional.junit.JUnitTestRunner.run(JUnitTestRunner.java:420)
	at org.apache.tools.ant.taskdefs.optional.junit.JUnitTestRunner.launch(JUnitTestRunner.java:911)
	at org.apache.tools.ant.taskdefs.optional.junit.JUnitTestRunner.main(JUnitTestRunner.java:768)

Entering method [com.topcoder.reliability.impl.persistence.DatabaseReliabilityDataPersistence.close].
Exiting method [com.topcoder.reliability.impl.persistence.DatabaseReliabilityDataPersistence.close], time spent in the method: 1 milliseconds.
Entering method [com.topcoder.reliability.impl.persistence.DatabaseReliabilityDataPersistence.open()].
Exiting method [com.topcoder.reliability.impl.persistence.DatabaseReliabilityDataPersistence.open()], time spent in the method: 9 milliseconds.
Entering method [com.topcoder.reliability.impl.persistence.DatabaseReliabilityDataPersistence.getIdsOfUsersWithReliability(long projectCategoryId, Date startDate)].
Input parameters[projectCategoryId:1, startDate:null]
Error in method [com.topcoder.reliability.impl.persistence.DatabaseReliabilityDataPersistence.getIdsOfUsersWithReliability(long projectCategoryId, Date startDate)], details: IllegalArgumentException is thrown.
java.lang.IllegalArgumentException: 'startDate' should not be null.
	at com.topcoder.reliability.Helper.checkNull(Helper.java:131)
	at com.topcoder.reliability.impl.persistence.DatabaseReliabilityDataPersistence.getIdsOfUsersWithReliability(DatabaseReliabilityDataPersistence.java:328)
	at com.topcoder.reliability.impl.persistence.DatabaseReliabilityDataPersistenceUnitTests.test_getIdsOfUsersWithReliability_startDateNull(DatabaseReliabilityDataPersistenceUnitTests.java:529)
	at sun.reflect.NativeMethodAccessorImpl.invoke0(Native Method)
	at sun.reflect.NativeMethodAccessorImpl.invoke(NativeMethodAccessorImpl.java:39)
	at sun.reflect.DelegatingMethodAccessorImpl.invoke(DelegatingMethodAccessorImpl.java:25)
	at java.lang.reflect.Method.invoke(Method.java:597)
	at org.junit.runners.model.FrameworkMethod$1.runReflectiveCall(FrameworkMethod.java:44)
	at org.junit.internal.runners.model.ReflectiveCallable.run(ReflectiveCallable.java:15)
	at org.junit.runners.model.FrameworkMethod.invokeExplosively(FrameworkMethod.java:41)
	at org.junit.internal.runners.statements.InvokeMethod.evaluate(InvokeMethod.java:20)
	at org.junit.internal.runners.statements.ExpectException.evaluate(ExpectException.java:21)
	at org.junit.internal.runners.statements.RunBefores.evaluate(RunBefores.java:28)
	at org.junit.internal.runners.statements.RunAfters.evaluate(RunAfters.java:31)
	at org.junit.runners.BlockJUnit4ClassRunner.runNotIgnored(BlockJUnit4ClassRunner.java:79)
	at org.junit.runners.BlockJUnit4ClassRunner.runChild(BlockJUnit4ClassRunner.java:71)
	at org.junit.runners.BlockJUnit4ClassRunner.runChild(BlockJUnit4ClassRunner.java:49)
	at org.junit.runners.ParentRunner$3.run(ParentRunner.java:193)
	at org.junit.runners.ParentRunner$1.schedule(ParentRunner.java:52)
	at org.junit.runners.ParentRunner.runChildren(ParentRunner.java:191)
	at org.junit.runners.ParentRunner.access$000(ParentRunner.java:42)
	at org.junit.runners.ParentRunner$2.evaluate(ParentRunner.java:184)
	at org.junit.runners.ParentRunner.run(ParentRunner.java:236)
	at junit.framework.JUnit4TestAdapter.run(JUnit4TestAdapter.java:39)
	at junit.framework.TestSuite.runTest(TestSuite.java:243)
	at junit.framework.TestSuite.run(TestSuite.java:238)
	at junit.framework.TestSuite.runTest(TestSuite.java:243)
	at junit.framework.TestSuite.run(TestSuite.java:238)
	at org.apache.tools.ant.taskdefs.optional.junit.JUnitTestRunner.run(JUnitTestRunner.java:420)
	at org.apache.tools.ant.taskdefs.optional.junit.JUnitTestRunner.launch(JUnitTestRunner.java:911)
	at org.apache.tools.ant.taskdefs.optional.junit.JUnitTestRunner.main(JUnitTestRunner.java:768)

Entering method [com.topcoder.reliability.impl.persistence.DatabaseReliabilityDataPersistence.close].
Exiting method [com.topcoder.reliability.impl.persistence.DatabaseReliabilityDataPersistence.close], time spent in the method: 1 milliseconds.
Entering method [com.topcoder.reliability.impl.persistence.DatabaseReliabilityDataPersistence.open()].
Exiting method [com.topcoder.reliability.impl.persistence.DatabaseReliabilityDataPersistence.open()], time spent in the method: 13 milliseconds.
Entering method [com.topcoder.reliability.impl.persistence.DatabaseReliabilityDataPersistence.close].
Exiting method [com.topcoder.reliability.impl.persistence.DatabaseReliabilityDataPersistence.close], time spent in the method: 1 milliseconds.
Entering method [com.topcoder.reliability.impl.persistence.DatabaseReliabilityDataPersistence.getIdsOfUsersWithReliability(long projectCategoryId, Date startDate)].
Input parameters[projectCategoryId:1, startDate:Wed Oct 05 09:00:00 CST 2005]
Error in method [com.topcoder.reliability.impl.persistence.DatabaseReliabilityDataPersistence.getIdsOfUsersWithReliability(long projectCategoryId, Date startDate)], details: IllegalStateException is thrown.
java.lang.IllegalStateException: The connection is not opened.
	at com.topcoder.reliability.Helper.checkState(Helper.java:194)
	at com.topcoder.reliability.impl.persistence.DatabaseReliabilityDataPersistence.getIdsOfUsersWithReliability(DatabaseReliabilityDataPersistence.java:331)
	at com.topcoder.reliability.impl.persistence.DatabaseReliabilityDataPersistenceUnitTests.test_getIdsOfUsersWithReliability_NotOpened(DatabaseReliabilityDataPersistenceUnitTests.java:546)
	at sun.reflect.NativeMethodAccessorImpl.invoke0(Native Method)
	at sun.reflect.NativeMethodAccessorImpl.invoke(NativeMethodAccessorImpl.java:39)
	at sun.reflect.DelegatingMethodAccessorImpl.invoke(DelegatingMethodAccessorImpl.java:25)
	at java.lang.reflect.Method.invoke(Method.java:597)
	at org.junit.runners.model.FrameworkMethod$1.runReflectiveCall(FrameworkMethod.java:44)
	at org.junit.internal.runners.model.ReflectiveCallable.run(ReflectiveCallable.java:15)
	at org.junit.runners.model.FrameworkMethod.invokeExplosively(FrameworkMethod.java:41)
	at org.junit.internal.runners.statements.InvokeMethod.evaluate(InvokeMethod.java:20)
	at org.junit.internal.runners.statements.ExpectException.evaluate(ExpectException.java:21)
	at org.junit.internal.runners.statements.RunBefores.evaluate(RunBefores.java:28)
	at org.junit.internal.runners.statements.RunAfters.evaluate(RunAfters.java:31)
	at org.junit.runners.BlockJUnit4ClassRunner.runNotIgnored(BlockJUnit4ClassRunner.java:79)
	at org.junit.runners.BlockJUnit4ClassRunner.runChild(BlockJUnit4ClassRunner.java:71)
	at org.junit.runners.BlockJUnit4ClassRunner.runChild(BlockJUnit4ClassRunner.java:49)
	at org.junit.runners.ParentRunner$3.run(ParentRunner.java:193)
	at org.junit.runners.ParentRunner$1.schedule(ParentRunner.java:52)
	at org.junit.runners.ParentRunner.runChildren(ParentRunner.java:191)
	at org.junit.runners.ParentRunner.access$000(ParentRunner.java:42)
	at org.junit.runners.ParentRunner$2.evaluate(ParentRunner.java:184)
	at org.junit.runners.ParentRunner.run(ParentRunner.java:236)
	at junit.framework.JUnit4TestAdapter.run(JUnit4TestAdapter.java:39)
	at junit.framework.TestSuite.runTest(TestSuite.java:243)
	at junit.framework.TestSuite.run(TestSuite.java:238)
	at junit.framework.TestSuite.runTest(TestSuite.java:243)
	at junit.framework.TestSuite.run(TestSuite.java:238)
	at org.apache.tools.ant.taskdefs.optional.junit.JUnitTestRunner.run(JUnitTestRunner.java:420)
	at org.apache.tools.ant.taskdefs.optional.junit.JUnitTestRunner.launch(JUnitTestRunner.java:911)
	at org.apache.tools.ant.taskdefs.optional.junit.JUnitTestRunner.main(JUnitTestRunner.java:768)

Entering method [com.topcoder.reliability.impl.persistence.DatabaseReliabilityDataPersistence.close].
Error in method [com.topcoder.reliability.impl.persistence.DatabaseReliabilityDataPersistence.close], details: IllegalStateException is thrown.
java.lang.IllegalStateException: The connection is already closed.
	at com.topcoder.reliability.Helper.checkState(Helper.java:194)
	at com.topcoder.reliability.impl.persistence.DatabaseReliabilityDataPersistence.close(DatabaseReliabilityDataPersistence.java:648)
	at com.topcoder.reliability.impl.persistence.DatabaseReliabilityDataPersistenceUnitTests.tearDown(DatabaseReliabilityDataPersistenceUnitTests.java:159)
	at sun.reflect.GeneratedMethodAccessor10.invoke(Unknown Source)
	at sun.reflect.DelegatingMethodAccessorImpl.invoke(DelegatingMethodAccessorImpl.java:25)
	at java.lang.reflect.Method.invoke(Method.java:597)
	at org.junit.runners.model.FrameworkMethod$1.runReflectiveCall(FrameworkMethod.java:44)
	at org.junit.internal.runners.model.ReflectiveCallable.run(ReflectiveCallable.java:15)
	at org.junit.runners.model.FrameworkMethod.invokeExplosively(FrameworkMethod.java:41)
	at org.junit.internal.runners.statements.RunAfters.evaluate(RunAfters.java:37)
	at org.junit.runners.BlockJUnit4ClassRunner.runNotIgnored(BlockJUnit4ClassRunner.java:79)
	at org.junit.runners.BlockJUnit4ClassRunner.runChild(BlockJUnit4ClassRunner.java:71)
	at org.junit.runners.BlockJUnit4ClassRunner.runChild(BlockJUnit4ClassRunner.java:49)
	at org.junit.runners.ParentRunner$3.run(ParentRunner.java:193)
	at org.junit.runners.ParentRunner$1.schedule(ParentRunner.java:52)
	at org.junit.runners.ParentRunner.runChildren(ParentRunner.java:191)
	at org.junit.runners.ParentRunner.access$000(ParentRunner.java:42)
	at org.junit.runners.ParentRunner$2.evaluate(ParentRunner.java:184)
	at org.junit.runners.ParentRunner.run(ParentRunner.java:236)
	at junit.framework.JUnit4TestAdapter.run(JUnit4TestAdapter.java:39)
	at junit.framework.TestSuite.runTest(TestSuite.java:243)
	at junit.framework.TestSuite.run(TestSuite.java:238)
	at junit.framework.TestSuite.runTest(TestSuite.java:243)
	at junit.framework.TestSuite.run(TestSuite.java:238)
	at org.apache.tools.ant.taskdefs.optional.junit.JUnitTestRunner.run(JUnitTestRunner.java:420)
	at org.apache.tools.ant.taskdefs.optional.junit.JUnitTestRunner.launch(JUnitTestRunner.java:911)
	at org.apache.tools.ant.taskdefs.optional.junit.JUnitTestRunner.main(JUnitTestRunner.java:768)

Entering method [com.topcoder.reliability.impl.persistence.DatabaseReliabilityDataPersistence.open()].
Exiting method [com.topcoder.reliability.impl.persistence.DatabaseReliabilityDataPersistence.open()], time spent in the method: 13 milliseconds.
Entering method [com.topcoder.reliability.impl.persistence.DatabaseReliabilityDataPersistence.close].
Exiting method [com.topcoder.reliability.impl.persistence.DatabaseReliabilityDataPersistence.close], time spent in the method: 0 milliseconds.
Entering method [com.topcoder.reliability.impl.persistence.DatabaseReliabilityDataPersistence.open()].
Exiting method [com.topcoder.reliability.impl.persistence.DatabaseReliabilityDataPersistence.open()], time spent in the method: 9 milliseconds.
Entering method [com.topcoder.reliability.impl.persistence.DatabaseReliabilityDataPersistence.getIdsOfUsersWithReliability(long projectCategoryId, Date startDate)].
Input parameters[projectCategoryId:1, startDate:Wed Oct 05 09:00:00 CST 2005]
Error in method [com.topcoder.reliability.impl.persistence.DatabaseReliabilityDataPersistence.getIdsOfUsersWithReliability(long projectCategoryId, Date startDate)], details: ReliabilityDataPersistenceException is thrown when retrieving the IDs of users.
com.topcoder.reliability.impl.ReliabilityDataPersistenceException: A database access error occurred.
	at com.topcoder.reliability.impl.persistence.DatabaseReliabilityDataPersistence.getIdsOfUsersWithReliability(DatabaseReliabilityDataPersistence.java:370)
	at com.topcoder.reliability.impl.persistence.DatabaseReliabilityDataPersistenceUnitTests.test_getIdsOfUsersWithReliability_Error(DatabaseReliabilityDataPersistenceUnitTests.java:582)
	at sun.reflect.NativeMethodAccessorImpl.invoke0(Native Method)
	at sun.reflect.NativeMethodAccessorImpl.invoke(NativeMethodAccessorImpl.java:39)
	at sun.reflect.DelegatingMethodAccessorImpl.invoke(DelegatingMethodAccessorImpl.java:25)
	at java.lang.reflect.Method.invoke(Method.java:597)
	at org.junit.runners.model.FrameworkMethod$1.runReflectiveCall(FrameworkMethod.java:44)
	at org.junit.internal.runners.model.ReflectiveCallable.run(ReflectiveCallable.java:15)
	at org.junit.runners.model.FrameworkMethod.invokeExplosively(FrameworkMethod.java:41)
	at org.junit.internal.runners.statements.InvokeMethod.evaluate(InvokeMethod.java:20)
	at org.junit.internal.runners.statements.ExpectException.evaluate(ExpectException.java:21)
	at org.junit.internal.runners.statements.RunBefores.evaluate(RunBefores.java:28)
	at org.junit.internal.runners.statements.RunAfters.evaluate(RunAfters.java:31)
	at org.junit.runners.BlockJUnit4ClassRunner.runNotIgnored(BlockJUnit4ClassRunner.java:79)
	at org.junit.runners.BlockJUnit4ClassRunner.runChild(BlockJUnit4ClassRunner.java:71)
	at org.junit.runners.BlockJUnit4ClassRunner.runChild(BlockJUnit4ClassRunner.java:49)
	at org.junit.runners.ParentRunner$3.run(ParentRunner.java:193)
	at org.junit.runners.ParentRunner$1.schedule(ParentRunner.java:52)
	at org.junit.runners.ParentRunner.runChildren(ParentRunner.java:191)
	at org.junit.runners.ParentRunner.access$000(ParentRunner.java:42)
	at org.junit.runners.ParentRunner$2.evaluate(ParentRunner.java:184)
	at org.junit.runners.ParentRunner.run(ParentRunner.java:236)
	at junit.framework.JUnit4TestAdapter.run(JUnit4TestAdapter.java:39)
	at junit.framework.TestSuite.runTest(TestSuite.java:243)
	at junit.framework.TestSuite.run(TestSuite.java:238)
	at junit.framework.TestSuite.runTest(TestSuite.java:243)
	at junit.framework.TestSuite.run(TestSuite.java:238)
	at org.apache.tools.ant.taskdefs.optional.junit.JUnitTestRunner.run(JUnitTestRunner.java:420)
	at org.apache.tools.ant.taskdefs.optional.junit.JUnitTestRunner.launch(JUnitTestRunner.java:911)
	at org.apache.tools.ant.taskdefs.optional.junit.JUnitTestRunner.main(JUnitTestRunner.java:768)
Caused by: java.sql.SQLException: Connection not established
	at com.informix.util.IfxErrMsg.getSQLException(IfxErrMsg.java:413)
	at com.informix.jdbc.IfxSqliConnect.h(IfxSqliConnect.java:6588)
	at com.informix.jdbc.IfxSqliConnect.prepareStatement(IfxSqliConnect.java:2396)
	at com.topcoder.reliability.impl.persistence.DatabaseReliabilityDataPersistence.getIdsOfUsersWithReliability(DatabaseReliabilityDataPersistence.java:334)
	... 29 more

Entering method [com.topcoder.reliability.impl.persistence.DatabaseReliabilityDataPersistence.close].
Exiting method [com.topcoder.reliability.impl.persistence.DatabaseReliabilityDataPersistence.close], time spent in the method: 0 milliseconds.
Entering method [com.topcoder.reliability.impl.persistence.DatabaseReliabilityDataPersistence.open()].
Exiting method [com.topcoder.reliability.impl.persistence.DatabaseReliabilityDataPersistence.open()], time spent in the method: 9 milliseconds.
Entering method [com.topcoder.reliability.impl.persistence.DatabaseReliabilityDataPersistence.getUserParticipationData(long userId, long projectCategoryId, Date startDate)].
Input parameters[userId:123456, projectCategoryId:1, startDate:Wed Oct 05 09:00:00 CST 2005]
Exiting method [com.topcoder.reliability.impl.persistence.DatabaseReliabilityDataPersistence.getUserParticipationData(long userId, long projectCategoryId, Date startDate)], time spent in the method: 432 milliseconds.
Output parameter: [com.topcoder.reliability.impl.UserProjectParticipationData@5454570a, com.topcoder.reliability.impl.UserProjectParticipationData@6d1e7cc6]
Entering method [com.topcoder.reliability.impl.persistence.DatabaseReliabilityDataPersistence.close].
Exiting method [com.topcoder.reliability.impl.persistence.DatabaseReliabilityDataPersistence.close], time spent in the method: 0 milliseconds.
Entering method [com.topcoder.reliability.impl.persistence.DatabaseReliabilityDataPersistence.open()].
Exiting method [com.topcoder.reliability.impl.persistence.DatabaseReliabilityDataPersistence.open()], time spent in the method: 9 milliseconds.
Entering method [com.topcoder.reliability.impl.persistence.DatabaseReliabilityDataPersistence.getUserParticipationData(long userId, long projectCategoryId, Date startDate)].
Input parameters[userId:123456, projectCategoryId:1, startDate:Wed Oct 05 09:00:00 CST 2005]
Exiting method [com.topcoder.reliability.impl.persistence.DatabaseReliabilityDataPersistence.getUserParticipationData(long userId, long projectCategoryId, Date startDate)], time spent in the method: 4 milliseconds.
Output parameter: []
Entering method [com.topcoder.reliability.impl.persistence.DatabaseReliabilityDataPersistence.close].
Exiting method [com.topcoder.reliability.impl.persistence.DatabaseReliabilityDataPersistence.close], time spent in the method: 1 milliseconds.
Entering method [com.topcoder.reliability.impl.persistence.DatabaseReliabilityDataPersistence.open()].
Exiting method [com.topcoder.reliability.impl.persistence.DatabaseReliabilityDataPersistence.open()], time spent in the method: 8 milliseconds.
Entering method [com.topcoder.reliability.impl.persistence.DatabaseReliabilityDataPersistence.getUserParticipationData(long userId, long projectCategoryId, Date startDate)].
Input parameters[userId:-1, projectCategoryId:1, startDate:Wed Oct 05 09:00:00 CST 2005]
Error in method [com.topcoder.reliability.impl.persistence.DatabaseReliabilityDataPersistence.getUserParticipationData(long userId, long projectCategoryId, Date startDate)], details: IllegalArgumentException is thrown.
java.lang.IllegalArgumentException: 'userId' should be positive.
	at com.topcoder.reliability.Helper.checkPositive(Helper.java:150)
	at com.topcoder.reliability.impl.persistence.DatabaseReliabilityDataPersistence.getUserParticipationData(DatabaseReliabilityDataPersistence.java:411)
	at com.topcoder.reliability.impl.persistence.DatabaseReliabilityDataPersistenceUnitTests.test_getUserParticipationData_userIdNegative(DatabaseReliabilityDataPersistenceUnitTests.java:639)
	at sun.reflect.NativeMethodAccessorImpl.invoke0(Native Method)
	at sun.reflect.NativeMethodAccessorImpl.invoke(NativeMethodAccessorImpl.java:39)
	at sun.reflect.DelegatingMethodAccessorImpl.invoke(DelegatingMethodAccessorImpl.java:25)
	at java.lang.reflect.Method.invoke(Method.java:597)
	at org.junit.runners.model.FrameworkMethod$1.runReflectiveCall(FrameworkMethod.java:44)
	at org.junit.internal.runners.model.ReflectiveCallable.run(ReflectiveCallable.java:15)
	at org.junit.runners.model.FrameworkMethod.invokeExplosively(FrameworkMethod.java:41)
	at org.junit.internal.runners.statements.InvokeMethod.evaluate(InvokeMethod.java:20)
	at org.junit.internal.runners.statements.ExpectException.evaluate(ExpectException.java:21)
	at org.junit.internal.runners.statements.RunBefores.evaluate(RunBefores.java:28)
	at org.junit.internal.runners.statements.RunAfters.evaluate(RunAfters.java:31)
	at org.junit.runners.BlockJUnit4ClassRunner.runNotIgnored(BlockJUnit4ClassRunner.java:79)
	at org.junit.runners.BlockJUnit4ClassRunner.runChild(BlockJUnit4ClassRunner.java:71)
	at org.junit.runners.BlockJUnit4ClassRunner.runChild(BlockJUnit4ClassRunner.java:49)
	at org.junit.runners.ParentRunner$3.run(ParentRunner.java:193)
	at org.junit.runners.ParentRunner$1.schedule(ParentRunner.java:52)
	at org.junit.runners.ParentRunner.runChildren(ParentRunner.java:191)
	at org.junit.runners.ParentRunner.access$000(ParentRunner.java:42)
	at org.junit.runners.ParentRunner$2.evaluate(ParentRunner.java:184)
	at org.junit.runners.ParentRunner.run(ParentRunner.java:236)
	at junit.framework.JUnit4TestAdapter.run(JUnit4TestAdapter.java:39)
	at junit.framework.TestSuite.runTest(TestSuite.java:243)
	at junit.framework.TestSuite.run(TestSuite.java:238)
	at junit.framework.TestSuite.runTest(TestSuite.java:243)
	at junit.framework.TestSuite.run(TestSuite.java:238)
	at org.apache.tools.ant.taskdefs.optional.junit.JUnitTestRunner.run(JUnitTestRunner.java:420)
	at org.apache.tools.ant.taskdefs.optional.junit.JUnitTestRunner.launch(JUnitTestRunner.java:911)
	at org.apache.tools.ant.taskdefs.optional.junit.JUnitTestRunner.main(JUnitTestRunner.java:768)

Entering method [com.topcoder.reliability.impl.persistence.DatabaseReliabilityDataPersistence.close].
Exiting method [com.topcoder.reliability.impl.persistence.DatabaseReliabilityDataPersistence.close], time spent in the method: 1 milliseconds.
Entering method [com.topcoder.reliability.impl.persistence.DatabaseReliabilityDataPersistence.open()].
Exiting method [com.topcoder.reliability.impl.persistence.DatabaseReliabilityDataPersistence.open()], time spent in the method: 9 milliseconds.
Entering method [com.topcoder.reliability.impl.persistence.DatabaseReliabilityDataPersistence.getUserParticipationData(long userId, long projectCategoryId, Date startDate)].
Input parameters[userId:0, projectCategoryId:1, startDate:Wed Oct 05 09:00:00 CST 2005]
Error in method [com.topcoder.reliability.impl.persistence.DatabaseReliabilityDataPersistence.getUserParticipationData(long userId, long projectCategoryId, Date startDate)], details: IllegalArgumentException is thrown.
java.lang.IllegalArgumentException: 'userId' should be positive.
	at com.topcoder.reliability.Helper.checkPositive(Helper.java:150)
	at com.topcoder.reliability.impl.persistence.DatabaseReliabilityDataPersistence.getUserParticipationData(DatabaseReliabilityDataPersistence.java:411)
	at com.topcoder.reliability.impl.persistence.DatabaseReliabilityDataPersistenceUnitTests.test_getUserParticipationData_userIdZero(DatabaseReliabilityDataPersistenceUnitTests.java:656)
	at sun.reflect.NativeMethodAccessorImpl.invoke0(Native Method)
	at sun.reflect.NativeMethodAccessorImpl.invoke(NativeMethodAccessorImpl.java:39)
	at sun.reflect.DelegatingMethodAccessorImpl.invoke(DelegatingMethodAccessorImpl.java:25)
	at java.lang.reflect.Method.invoke(Method.java:597)
	at org.junit.runners.model.FrameworkMethod$1.runReflectiveCall(FrameworkMethod.java:44)
	at org.junit.internal.runners.model.ReflectiveCallable.run(ReflectiveCallable.java:15)
	at org.junit.runners.model.FrameworkMethod.invokeExplosively(FrameworkMethod.java:41)
	at org.junit.internal.runners.statements.InvokeMethod.evaluate(InvokeMethod.java:20)
	at org.junit.internal.runners.statements.ExpectException.evaluate(ExpectException.java:21)
	at org.junit.internal.runners.statements.RunBefores.evaluate(RunBefores.java:28)
	at org.junit.internal.runners.statements.RunAfters.evaluate(RunAfters.java:31)
	at org.junit.runners.BlockJUnit4ClassRunner.runNotIgnored(BlockJUnit4ClassRunner.java:79)
	at org.junit.runners.BlockJUnit4ClassRunner.runChild(BlockJUnit4ClassRunner.java:71)
	at org.junit.runners.BlockJUnit4ClassRunner.runChild(BlockJUnit4ClassRunner.java:49)
	at org.junit.runners.ParentRunner$3.run(ParentRunner.java:193)
	at org.junit.runners.ParentRunner$1.schedule(ParentRunner.java:52)
	at org.junit.runners.ParentRunner.runChildren(ParentRunner.java:191)
	at org.junit.runners.ParentRunner.access$000(ParentRunner.java:42)
	at org.junit.runners.ParentRunner$2.evaluate(ParentRunner.java:184)
	at org.junit.runners.ParentRunner.run(ParentRunner.java:236)
	at junit.framework.JUnit4TestAdapter.run(JUnit4TestAdapter.java:39)
	at junit.framework.TestSuite.runTest(TestSuite.java:243)
	at junit.framework.TestSuite.run(TestSuite.java:238)
	at junit.framework.TestSuite.runTest(TestSuite.java:243)
	at junit.framework.TestSuite.run(TestSuite.java:238)
	at org.apache.tools.ant.taskdefs.optional.junit.JUnitTestRunner.run(JUnitTestRunner.java:420)
	at org.apache.tools.ant.taskdefs.optional.junit.JUnitTestRunner.launch(JUnitTestRunner.java:911)
	at org.apache.tools.ant.taskdefs.optional.junit.JUnitTestRunner.main(JUnitTestRunner.java:768)

Entering method [com.topcoder.reliability.impl.persistence.DatabaseReliabilityDataPersistence.close].
Exiting method [com.topcoder.reliability.impl.persistence.DatabaseReliabilityDataPersistence.close], time spent in the method: 0 milliseconds.
Entering method [com.topcoder.reliability.impl.persistence.DatabaseReliabilityDataPersistence.open()].
Exiting method [com.topcoder.reliability.impl.persistence.DatabaseReliabilityDataPersistence.open()], time spent in the method: 9 milliseconds.
Entering method [com.topcoder.reliability.impl.persistence.DatabaseReliabilityDataPersistence.getUserParticipationData(long userId, long projectCategoryId, Date startDate)].
Input parameters[userId:123456, projectCategoryId:-1, startDate:Wed Oct 05 09:00:00 CST 2005]
Error in method [com.topcoder.reliability.impl.persistence.DatabaseReliabilityDataPersistence.getUserParticipationData(long userId, long projectCategoryId, Date startDate)], details: IllegalArgumentException is thrown.
java.lang.IllegalArgumentException: 'projectCategoryId' should be positive.
	at com.topcoder.reliability.Helper.checkPositive(Helper.java:150)
	at com.topcoder.reliability.impl.persistence.DatabaseReliabilityDataPersistence.getUserParticipationData(DatabaseReliabilityDataPersistence.java:412)
	at com.topcoder.reliability.impl.persistence.DatabaseReliabilityDataPersistenceUnitTests.test_getUserParticipationData_projectCategoryIdNegative(DatabaseReliabilityDataPersistenceUnitTests.java:673)
	at sun.reflect.NativeMethodAccessorImpl.invoke0(Native Method)
	at sun.reflect.NativeMethodAccessorImpl.invoke(NativeMethodAccessorImpl.java:39)
	at sun.reflect.DelegatingMethodAccessorImpl.invoke(DelegatingMethodAccessorImpl.java:25)
	at java.lang.reflect.Method.invoke(Method.java:597)
	at org.junit.runners.model.FrameworkMethod$1.runReflectiveCall(FrameworkMethod.java:44)
	at org.junit.internal.runners.model.ReflectiveCallable.run(ReflectiveCallable.java:15)
	at org.junit.runners.model.FrameworkMethod.invokeExplosively(FrameworkMethod.java:41)
	at org.junit.internal.runners.statements.InvokeMethod.evaluate(InvokeMethod.java:20)
	at org.junit.internal.runners.statements.ExpectException.evaluate(ExpectException.java:21)
	at org.junit.internal.runners.statements.RunBefores.evaluate(RunBefores.java:28)
	at org.junit.internal.runners.statements.RunAfters.evaluate(RunAfters.java:31)
	at org.junit.runners.BlockJUnit4ClassRunner.runNotIgnored(BlockJUnit4ClassRunner.java:79)
	at org.junit.runners.BlockJUnit4ClassRunner.runChild(BlockJUnit4ClassRunner.java:71)
	at org.junit.runners.BlockJUnit4ClassRunner.runChild(BlockJUnit4ClassRunner.java:49)
	at org.junit.runners.ParentRunner$3.run(ParentRunner.java:193)
	at org.junit.runners.ParentRunner$1.schedule(ParentRunner.java:52)
	at org.junit.runners.ParentRunner.runChildren(ParentRunner.java:191)
	at org.junit.runners.ParentRunner.access$000(ParentRunner.java:42)
	at org.junit.runners.ParentRunner$2.evaluate(ParentRunner.java:184)
	at org.junit.runners.ParentRunner.run(ParentRunner.java:236)
	at junit.framework.JUnit4TestAdapter.run(JUnit4TestAdapter.java:39)
	at junit.framework.TestSuite.runTest(TestSuite.java:243)
	at junit.framework.TestSuite.run(TestSuite.java:238)
	at junit.framework.TestSuite.runTest(TestSuite.java:243)
	at junit.framework.TestSuite.run(TestSuite.java:238)
	at org.apache.tools.ant.taskdefs.optional.junit.JUnitTestRunner.run(JUnitTestRunner.java:420)
	at org.apache.tools.ant.taskdefs.optional.junit.JUnitTestRunner.launch(JUnitTestRunner.java:911)
	at org.apache.tools.ant.taskdefs.optional.junit.JUnitTestRunner.main(JUnitTestRunner.java:768)

Entering method [com.topcoder.reliability.impl.persistence.DatabaseReliabilityDataPersistence.close].
Exiting method [com.topcoder.reliability.impl.persistence.DatabaseReliabilityDataPersistence.close], time spent in the method: 0 milliseconds.
Entering method [com.topcoder.reliability.impl.persistence.DatabaseReliabilityDataPersistence.open()].
Exiting method [com.topcoder.reliability.impl.persistence.DatabaseReliabilityDataPersistence.open()], time spent in the method: 13 milliseconds.
Entering method [com.topcoder.reliability.impl.persistence.DatabaseReliabilityDataPersistence.getUserParticipationData(long userId, long projectCategoryId, Date startDate)].
Input parameters[userId:123456, projectCategoryId:0, startDate:Wed Oct 05 09:00:00 CST 2005]
Error in method [com.topcoder.reliability.impl.persistence.DatabaseReliabilityDataPersistence.getUserParticipationData(long userId, long projectCategoryId, Date startDate)], details: IllegalArgumentException is thrown.
java.lang.IllegalArgumentException: 'projectCategoryId' should be positive.
	at com.topcoder.reliability.Helper.checkPositive(Helper.java:150)
	at com.topcoder.reliability.impl.persistence.DatabaseReliabilityDataPersistence.getUserParticipationData(DatabaseReliabilityDataPersistence.java:412)
	at com.topcoder.reliability.impl.persistence.DatabaseReliabilityDataPersistenceUnitTests.test_getUserParticipationData_projectCategoryIdZero(DatabaseReliabilityDataPersistenceUnitTests.java:690)
	at sun.reflect.NativeMethodAccessorImpl.invoke0(Native Method)
	at sun.reflect.NativeMethodAccessorImpl.invoke(NativeMethodAccessorImpl.java:39)
	at sun.reflect.DelegatingMethodAccessorImpl.invoke(DelegatingMethodAccessorImpl.java:25)
	at java.lang.reflect.Method.invoke(Method.java:597)
	at org.junit.runners.model.FrameworkMethod$1.runReflectiveCall(FrameworkMethod.java:44)
	at org.junit.internal.runners.model.ReflectiveCallable.run(ReflectiveCallable.java:15)
	at org.junit.runners.model.FrameworkMethod.invokeExplosively(FrameworkMethod.java:41)
	at org.junit.internal.runners.statements.InvokeMethod.evaluate(InvokeMethod.java:20)
	at org.junit.internal.runners.statements.ExpectException.evaluate(ExpectException.java:21)
	at org.junit.internal.runners.statements.RunBefores.evaluate(RunBefores.java:28)
	at org.junit.internal.runners.statements.RunAfters.evaluate(RunAfters.java:31)
	at org.junit.runners.BlockJUnit4ClassRunner.runNotIgnored(BlockJUnit4ClassRunner.java:79)
	at org.junit.runners.BlockJUnit4ClassRunner.runChild(BlockJUnit4ClassRunner.java:71)
	at org.junit.runners.BlockJUnit4ClassRunner.runChild(BlockJUnit4ClassRunner.java:49)
	at org.junit.runners.ParentRunner$3.run(ParentRunner.java:193)
	at org.junit.runners.ParentRunner$1.schedule(ParentRunner.java:52)
	at org.junit.runners.ParentRunner.runChildren(ParentRunner.java:191)
	at org.junit.runners.ParentRunner.access$000(ParentRunner.java:42)
	at org.junit.runners.ParentRunner$2.evaluate(ParentRunner.java:184)
	at org.junit.runners.ParentRunner.run(ParentRunner.java:236)
	at junit.framework.JUnit4TestAdapter.run(JUnit4TestAdapter.java:39)
	at junit.framework.TestSuite.runTest(TestSuite.java:243)
	at junit.framework.TestSuite.run(TestSuite.java:238)
	at junit.framework.TestSuite.runTest(TestSuite.java:243)
	at junit.framework.TestSuite.run(TestSuite.java:238)
	at org.apache.tools.ant.taskdefs.optional.junit.JUnitTestRunner.run(JUnitTestRunner.java:420)
	at org.apache.tools.ant.taskdefs.optional.junit.JUnitTestRunner.launch(JUnitTestRunner.java:911)
	at org.apache.tools.ant.taskdefs.optional.junit.JUnitTestRunner.main(JUnitTestRunner.java:768)

Entering method [com.topcoder.reliability.impl.persistence.DatabaseReliabilityDataPersistence.close].
Exiting method [com.topcoder.reliability.impl.persistence.DatabaseReliabilityDataPersistence.close], time spent in the method: 0 milliseconds.
Entering method [com.topcoder.reliability.impl.persistence.DatabaseReliabilityDataPersistence.open()].
Exiting method [com.topcoder.reliability.impl.persistence.DatabaseReliabilityDataPersistence.open()], time spent in the method: 10 milliseconds.
Entering method [com.topcoder.reliability.impl.persistence.DatabaseReliabilityDataPersistence.getUserParticipationData(long userId, long projectCategoryId, Date startDate)].
Input parameters[userId:123456, projectCategoryId:1, startDate:null]
Error in method [com.topcoder.reliability.impl.persistence.DatabaseReliabilityDataPersistence.getUserParticipationData(long userId, long projectCategoryId, Date startDate)], details: IllegalArgumentException is thrown.
java.lang.IllegalArgumentException: 'startDate' should not be null.
	at com.topcoder.reliability.Helper.checkNull(Helper.java:131)
	at com.topcoder.reliability.impl.persistence.DatabaseReliabilityDataPersistence.getUserParticipationData(DatabaseReliabilityDataPersistence.java:413)
	at com.topcoder.reliability.impl.persistence.DatabaseReliabilityDataPersistenceUnitTests.test_getUserParticipationData_startDateNull(DatabaseReliabilityDataPersistenceUnitTests.java:707)
	at sun.reflect.NativeMethodAccessorImpl.invoke0(Native Method)
	at sun.reflect.NativeMethodAccessorImpl.invoke(NativeMethodAccessorImpl.java:39)
	at sun.reflect.DelegatingMethodAccessorImpl.invoke(DelegatingMethodAccessorImpl.java:25)
	at java.lang.reflect.Method.invoke(Method.java:597)
	at org.junit.runners.model.FrameworkMethod$1.runReflectiveCall(FrameworkMethod.java:44)
	at org.junit.internal.runners.model.ReflectiveCallable.run(ReflectiveCallable.java:15)
	at org.junit.runners.model.FrameworkMethod.invokeExplosively(FrameworkMethod.java:41)
	at org.junit.internal.runners.statements.InvokeMethod.evaluate(InvokeMethod.java:20)
	at org.junit.internal.runners.statements.ExpectException.evaluate(ExpectException.java:21)
	at org.junit.internal.runners.statements.RunBefores.evaluate(RunBefores.java:28)
	at org.junit.internal.runners.statements.RunAfters.evaluate(RunAfters.java:31)
	at org.junit.runners.BlockJUnit4ClassRunner.runNotIgnored(BlockJUnit4ClassRunner.java:79)
	at org.junit.runners.BlockJUnit4ClassRunner.runChild(BlockJUnit4ClassRunner.java:71)
	at org.junit.runners.BlockJUnit4ClassRunner.runChild(BlockJUnit4ClassRunner.java:49)
	at org.junit.runners.ParentRunner$3.run(ParentRunner.java:193)
	at org.junit.runners.ParentRunner$1.schedule(ParentRunner.java:52)
	at org.junit.runners.ParentRunner.runChildren(ParentRunner.java:191)
	at org.junit.runners.ParentRunner.access$000(ParentRunner.java:42)
	at org.junit.runners.ParentRunner$2.evaluate(ParentRunner.java:184)
	at org.junit.runners.ParentRunner.run(ParentRunner.java:236)
	at junit.framework.JUnit4TestAdapter.run(JUnit4TestAdapter.java:39)
	at junit.framework.TestSuite.runTest(TestSuite.java:243)
	at junit.framework.TestSuite.run(TestSuite.java:238)
	at junit.framework.TestSuite.runTest(TestSuite.java:243)
	at junit.framework.TestSuite.run(TestSuite.java:238)
	at org.apache.tools.ant.taskdefs.optional.junit.JUnitTestRunner.run(JUnitTestRunner.java:420)
	at org.apache.tools.ant.taskdefs.optional.junit.JUnitTestRunner.launch(JUnitTestRunner.java:911)
	at org.apache.tools.ant.taskdefs.optional.junit.JUnitTestRunner.main(JUnitTestRunner.java:768)

Entering method [com.topcoder.reliability.impl.persistence.DatabaseReliabilityDataPersistence.close].
Exiting method [com.topcoder.reliability.impl.persistence.DatabaseReliabilityDataPersistence.close], time spent in the method: 1 milliseconds.
Entering method [com.topcoder.reliability.impl.persistence.DatabaseReliabilityDataPersistence.open()].
Exiting method [com.topcoder.reliability.impl.persistence.DatabaseReliabilityDataPersistence.open()], time spent in the method: 10 milliseconds.
Entering method [com.topcoder.reliability.impl.persistence.DatabaseReliabilityDataPersistence.close].
Exiting method [com.topcoder.reliability.impl.persistence.DatabaseReliabilityDataPersistence.close], time spent in the method: 0 milliseconds.
Entering method [com.topcoder.reliability.impl.persistence.DatabaseReliabilityDataPersistence.getUserParticipationData(long userId, long projectCategoryId, Date startDate)].
Input parameters[userId:123456, projectCategoryId:1, startDate:Wed Oct 05 09:00:00 CST 2005]
Error in method [com.topcoder.reliability.impl.persistence.DatabaseReliabilityDataPersistence.getUserParticipationData(long userId, long projectCategoryId, Date startDate)], details: IllegalStateException is thrown.
java.lang.IllegalStateException: The connection is not opened.
	at com.topcoder.reliability.Helper.checkState(Helper.java:194)
	at com.topcoder.reliability.impl.persistence.DatabaseReliabilityDataPersistence.getUserParticipationData(DatabaseReliabilityDataPersistence.java:416)
	at com.topcoder.reliability.impl.persistence.DatabaseReliabilityDataPersistenceUnitTests.test_getUserParticipationData_NotOpened(DatabaseReliabilityDataPersistenceUnitTests.java:724)
	at sun.reflect.NativeMethodAccessorImpl.invoke0(Native Method)
	at sun.reflect.NativeMethodAccessorImpl.invoke(NativeMethodAccessorImpl.java:39)
	at sun.reflect.DelegatingMethodAccessorImpl.invoke(DelegatingMethodAccessorImpl.java:25)
	at java.lang.reflect.Method.invoke(Method.java:597)
	at org.junit.runners.model.FrameworkMethod$1.runReflectiveCall(FrameworkMethod.java:44)
	at org.junit.internal.runners.model.ReflectiveCallable.run(ReflectiveCallable.java:15)
	at org.junit.runners.model.FrameworkMethod.invokeExplosively(FrameworkMethod.java:41)
	at org.junit.internal.runners.statements.InvokeMethod.evaluate(InvokeMethod.java:20)
	at org.junit.internal.runners.statements.ExpectException.evaluate(ExpectException.java:21)
	at org.junit.internal.runners.statements.RunBefores.evaluate(RunBefores.java:28)
	at org.junit.internal.runners.statements.RunAfters.evaluate(RunAfters.java:31)
	at org.junit.runners.BlockJUnit4ClassRunner.runNotIgnored(BlockJUnit4ClassRunner.java:79)
	at org.junit.runners.BlockJUnit4ClassRunner.runChild(BlockJUnit4ClassRunner.java:71)
	at org.junit.runners.BlockJUnit4ClassRunner.runChild(BlockJUnit4ClassRunner.java:49)
	at org.junit.runners.ParentRunner$3.run(ParentRunner.java:193)
	at org.junit.runners.ParentRunner$1.schedule(ParentRunner.java:52)
	at org.junit.runners.ParentRunner.runChildren(ParentRunner.java:191)
	at org.junit.runners.ParentRunner.access$000(ParentRunner.java:42)
	at org.junit.runners.ParentRunner$2.evaluate(ParentRunner.java:184)
	at org.junit.runners.ParentRunner.run(ParentRunner.java:236)
	at junit.framework.JUnit4TestAdapter.run(JUnit4TestAdapter.java:39)
	at junit.framework.TestSuite.runTest(TestSuite.java:243)
	at junit.framework.TestSuite.run(TestSuite.java:238)
	at junit.framework.TestSuite.runTest(TestSuite.java:243)
	at junit.framework.TestSuite.run(TestSuite.java:238)
	at org.apache.tools.ant.taskdefs.optional.junit.JUnitTestRunner.run(JUnitTestRunner.java:420)
	at org.apache.tools.ant.taskdefs.optional.junit.JUnitTestRunner.launch(JUnitTestRunner.java:911)
	at org.apache.tools.ant.taskdefs.optional.junit.JUnitTestRunner.main(JUnitTestRunner.java:768)

Entering method [com.topcoder.reliability.impl.persistence.DatabaseReliabilityDataPersistence.close].
Error in method [com.topcoder.reliability.impl.persistence.DatabaseReliabilityDataPersistence.close], details: IllegalStateException is thrown.
java.lang.IllegalStateException: The connection is already closed.
	at com.topcoder.reliability.Helper.checkState(Helper.java:194)
	at com.topcoder.reliability.impl.persistence.DatabaseReliabilityDataPersistence.close(DatabaseReliabilityDataPersistence.java:648)
	at com.topcoder.reliability.impl.persistence.DatabaseReliabilityDataPersistenceUnitTests.tearDown(DatabaseReliabilityDataPersistenceUnitTests.java:159)
	at sun.reflect.GeneratedMethodAccessor10.invoke(Unknown Source)
	at sun.reflect.DelegatingMethodAccessorImpl.invoke(DelegatingMethodAccessorImpl.java:25)
	at java.lang.reflect.Method.invoke(Method.java:597)
	at org.junit.runners.model.FrameworkMethod$1.runReflectiveCall(FrameworkMethod.java:44)
	at org.junit.internal.runners.model.ReflectiveCallable.run(ReflectiveCallable.java:15)
	at org.junit.runners.model.FrameworkMethod.invokeExplosively(FrameworkMethod.java:41)
	at org.junit.internal.runners.statements.RunAfters.evaluate(RunAfters.java:37)
	at org.junit.runners.BlockJUnit4ClassRunner.runNotIgnored(BlockJUnit4ClassRunner.java:79)
	at org.junit.runners.BlockJUnit4ClassRunner.runChild(BlockJUnit4ClassRunner.java:71)
	at org.junit.runners.BlockJUnit4ClassRunner.runChild(BlockJUnit4ClassRunner.java:49)
	at org.junit.runners.ParentRunner$3.run(ParentRunner.java:193)
	at org.junit.runners.ParentRunner$1.schedule(ParentRunner.java:52)
	at org.junit.runners.ParentRunner.runChildren(ParentRunner.java:191)
	at org.junit.runners.ParentRunner.access$000(ParentRunner.java:42)
	at org.junit.runners.ParentRunner$2.evaluate(ParentRunner.java:184)
	at org.junit.runners.ParentRunner.run(ParentRunner.java:236)
	at junit.framework.JUnit4TestAdapter.run(JUnit4TestAdapter.java:39)
	at junit.framework.TestSuite.runTest(TestSuite.java:243)
	at junit.framework.TestSuite.run(TestSuite.java:238)
	at junit.framework.TestSuite.runTest(TestSuite.java:243)
	at junit.framework.TestSuite.run(TestSuite.java:238)
	at org.apache.tools.ant.taskdefs.optional.junit.JUnitTestRunner.run(JUnitTestRunner.java:420)
	at org.apache.tools.ant.taskdefs.optional.junit.JUnitTestRunner.launch(JUnitTestRunner.java:911)
	at org.apache.tools.ant.taskdefs.optional.junit.JUnitTestRunner.main(JUnitTestRunner.java:768)

Entering method [com.topcoder.reliability.impl.persistence.DatabaseReliabilityDataPersistence.open()].
Exiting method [com.topcoder.reliability.impl.persistence.DatabaseReliabilityDataPersistence.open()], time spent in the method: 9 milliseconds.
Entering method [com.topcoder.reliability.impl.persistence.DatabaseReliabilityDataPersistence.close].
Exiting method [com.topcoder.reliability.impl.persistence.DatabaseReliabilityDataPersistence.close], time spent in the method: 0 milliseconds.
Entering method [com.topcoder.reliability.impl.persistence.DatabaseReliabilityDataPersistence.open()].
Exiting method [com.topcoder.reliability.impl.persistence.DatabaseReliabilityDataPersistence.open()], time spent in the method: 9 milliseconds.
Entering method [com.topcoder.reliability.impl.persistence.DatabaseReliabilityDataPersistence.getUserParticipationData(long userId, long projectCategoryId, Date startDate)].
Input parameters[userId:123456, projectCategoryId:1, startDate:Wed Oct 05 09:00:00 CST 2005]
Error in method [com.topcoder.reliability.impl.persistence.DatabaseReliabilityDataPersistence.getUserParticipationData(long userId, long projectCategoryId, Date startDate)], details: ReliabilityDataPersistenceException is thrown when retrieving the IDs of users.
com.topcoder.reliability.impl.ReliabilityDataPersistenceException: A database access error occurred.
	at com.topcoder.reliability.impl.persistence.DatabaseReliabilityDataPersistence.getUserParticipationData(DatabaseReliabilityDataPersistence.java:458)
	at com.topcoder.reliability.impl.persistence.DatabaseReliabilityDataPersistenceUnitTests.test_getUserParticipationData_Error(DatabaseReliabilityDataPersistenceUnitTests.java:760)
	at sun.reflect.NativeMethodAccessorImpl.invoke0(Native Method)
	at sun.reflect.NativeMethodAccessorImpl.invoke(NativeMethodAccessorImpl.java:39)
	at sun.reflect.DelegatingMethodAccessorImpl.invoke(DelegatingMethodAccessorImpl.java:25)
	at java.lang.reflect.Method.invoke(Method.java:597)
	at org.junit.runners.model.FrameworkMethod$1.runReflectiveCall(FrameworkMethod.java:44)
	at org.junit.internal.runners.model.ReflectiveCallable.run(ReflectiveCallable.java:15)
	at org.junit.runners.model.FrameworkMethod.invokeExplosively(FrameworkMethod.java:41)
	at org.junit.internal.runners.statements.InvokeMethod.evaluate(InvokeMethod.java:20)
	at org.junit.internal.runners.statements.ExpectException.evaluate(ExpectException.java:21)
	at org.junit.internal.runners.statements.RunBefores.evaluate(RunBefores.java:28)
	at org.junit.internal.runners.statements.RunAfters.evaluate(RunAfters.java:31)
	at org.junit.runners.BlockJUnit4ClassRunner.runNotIgnored(BlockJUnit4ClassRunner.java:79)
	at org.junit.runners.BlockJUnit4ClassRunner.runChild(BlockJUnit4ClassRunner.java:71)
	at org.junit.runners.BlockJUnit4ClassRunner.runChild(BlockJUnit4ClassRunner.java:49)
	at org.junit.runners.ParentRunner$3.run(ParentRunner.java:193)
	at org.junit.runners.ParentRunner$1.schedule(ParentRunner.java:52)
	at org.junit.runners.ParentRunner.runChildren(ParentRunner.java:191)
	at org.junit.runners.ParentRunner.access$000(ParentRunner.java:42)
	at org.junit.runners.ParentRunner$2.evaluate(ParentRunner.java:184)
	at org.junit.runners.ParentRunner.run(ParentRunner.java:236)
	at junit.framework.JUnit4TestAdapter.run(JUnit4TestAdapter.java:39)
	at junit.framework.TestSuite.runTest(TestSuite.java:243)
	at junit.framework.TestSuite.run(TestSuite.java:238)
	at junit.framework.TestSuite.runTest(TestSuite.java:243)
	at junit.framework.TestSuite.run(TestSuite.java:238)
	at org.apache.tools.ant.taskdefs.optional.junit.JUnitTestRunner.run(JUnitTestRunner.java:420)
	at org.apache.tools.ant.taskdefs.optional.junit.JUnitTestRunner.launch(JUnitTestRunner.java:911)
	at org.apache.tools.ant.taskdefs.optional.junit.JUnitTestRunner.main(JUnitTestRunner.java:768)
Caused by: java.sql.SQLException: Connection not established
	at com.informix.util.IfxErrMsg.getSQLException(IfxErrMsg.java:413)
	at com.informix.jdbc.IfxSqliConnect.h(IfxSqliConnect.java:6588)
	at com.informix.jdbc.IfxSqliConnect.prepareStatement(IfxSqliConnect.java:2396)
	at com.topcoder.reliability.impl.persistence.DatabaseReliabilityDataPersistence.getUserParticipationData(DatabaseReliabilityDataPersistence.java:419)
	... 29 more

Entering method [com.topcoder.reliability.impl.persistence.DatabaseReliabilityDataPersistence.close].
Exiting method [com.topcoder.reliability.impl.persistence.DatabaseReliabilityDataPersistence.close], time spent in the method: 0 milliseconds.
Entering method [com.topcoder.reliability.impl.persistence.DatabaseReliabilityDataPersistence.open()].
Exiting method [com.topcoder.reliability.impl.persistence.DatabaseReliabilityDataPersistence.open()], time spent in the method: 9 milliseconds.
Entering method [com.topcoder.reliability.impl.persistence.DatabaseReliabilityDataPersistence.saveUserReliabilityData(List<UserProjectReliabilityData> projects)].
Input parameters[projects:[com.topcoder.reliability.impl.UserProjectReliabilityData@66a33414, com.topcoder.reliability.impl.UserProjectReliabilityData@64b041b0]]
Exiting method [com.topcoder.reliability.impl.persistence.DatabaseReliabilityDataPersistence.saveUserReliabilityData(List<UserProjectReliabilityData> projects)], time spent in the method: 3 milliseconds.
Entering method [com.topcoder.reliability.impl.persistence.DatabaseReliabilityDataPersistence.close].
Exiting method [com.topcoder.reliability.impl.persistence.DatabaseReliabilityDataPersistence.close], time spent in the method: 1 milliseconds.
Entering method [com.topcoder.reliability.impl.persistence.DatabaseReliabilityDataPersistence.open()].
Exiting method [com.topcoder.reliability.impl.persistence.DatabaseReliabilityDataPersistence.open()], time spent in the method: 8 milliseconds.
Entering method [com.topcoder.reliability.impl.persistence.DatabaseReliabilityDataPersistence.saveUserReliabilityData(List<UserProjectReliabilityData> projects)].
Input parameters[projects:[com.topcoder.reliability.impl.UserProjectReliabilityData@66bb1ead]]
Exiting method [com.topcoder.reliability.impl.persistence.DatabaseReliabilityDataPersistence.saveUserReliabilityData(List<UserProjectReliabilityData> projects)], time spent in the method: 2 milliseconds.
Entering method [com.topcoder.reliability.impl.persistence.DatabaseReliabilityDataPersistence.close].
Exiting method [com.topcoder.reliability.impl.persistence.DatabaseReliabilityDataPersistence.close], time spent in the method: 0 milliseconds.
Entering method [com.topcoder.reliability.impl.persistence.DatabaseReliabilityDataPersistence.open()].
Exiting method [com.topcoder.reliability.impl.persistence.DatabaseReliabilityDataPersistence.open()], time spent in the method: 8 milliseconds.
Entering method [com.topcoder.reliability.impl.persistence.DatabaseReliabilityDataPersistence.saveUserReliabilityData(List<UserProjectReliabilityData> projects)].
Input parameters[projects:null]
Error in method [com.topcoder.reliability.impl.persistence.DatabaseReliabilityDataPersistence.saveUserReliabilityData(List<UserProjectReliabilityData> projects)], details: IllegalArgumentException is thrown.
java.lang.IllegalArgumentException: 'projects' should not be null.
	at com.topcoder.reliability.Helper.checkNull(Helper.java:131)
	at com.topcoder.reliability.impl.persistence.DatabaseReliabilityDataPersistence.checkProjects(DatabaseReliabilityDataPersistence.java:759)
	at com.topcoder.reliability.impl.persistence.DatabaseReliabilityDataPersistence.saveUserReliabilityData(DatabaseReliabilityDataPersistence.java:494)
	at com.topcoder.reliability.impl.persistence.DatabaseReliabilityDataPersistenceUnitTests.test_saveUserReliabilityData_projectsNull(DatabaseReliabilityDataPersistenceUnitTests.java:815)
	at sun.reflect.NativeMethodAccessorImpl.invoke0(Native Method)
	at sun.reflect.NativeMethodAccessorImpl.invoke(NativeMethodAccessorImpl.java:39)
	at sun.reflect.DelegatingMethodAccessorImpl.invoke(DelegatingMethodAccessorImpl.java:25)
	at java.lang.reflect.Method.invoke(Method.java:597)
	at org.junit.runners.model.FrameworkMethod$1.runReflectiveCall(FrameworkMethod.java:44)
	at org.junit.internal.runners.model.ReflectiveCallable.run(ReflectiveCallable.java:15)
	at org.junit.runners.model.FrameworkMethod.invokeExplosively(FrameworkMethod.java:41)
	at org.junit.internal.runners.statements.InvokeMethod.evaluate(InvokeMethod.java:20)
	at org.junit.internal.runners.statements.ExpectException.evaluate(ExpectException.java:21)
	at org.junit.internal.runners.statements.RunBefores.evaluate(RunBefores.java:28)
	at org.junit.internal.runners.statements.RunAfters.evaluate(RunAfters.java:31)
	at org.junit.runners.BlockJUnit4ClassRunner.runNotIgnored(BlockJUnit4ClassRunner.java:79)
	at org.junit.runners.BlockJUnit4ClassRunner.runChild(BlockJUnit4ClassRunner.java:71)
	at org.junit.runners.BlockJUnit4ClassRunner.runChild(BlockJUnit4ClassRunner.java:49)
	at org.junit.runners.ParentRunner$3.run(ParentRunner.java:193)
	at org.junit.runners.ParentRunner$1.schedule(ParentRunner.java:52)
	at org.junit.runners.ParentRunner.runChildren(ParentRunner.java:191)
	at org.junit.runners.ParentRunner.access$000(ParentRunner.java:42)
	at org.junit.runners.ParentRunner$2.evaluate(ParentRunner.java:184)
	at org.junit.runners.ParentRunner.run(ParentRunner.java:236)
	at junit.framework.JUnit4TestAdapter.run(JUnit4TestAdapter.java:39)
	at junit.framework.TestSuite.runTest(TestSuite.java:243)
	at junit.framework.TestSuite.run(TestSuite.java:238)
	at junit.framework.TestSuite.runTest(TestSuite.java:243)
	at junit.framework.TestSuite.run(TestSuite.java:238)
	at org.apache.tools.ant.taskdefs.optional.junit.JUnitTestRunner.run(JUnitTestRunner.java:420)
	at org.apache.tools.ant.taskdefs.optional.junit.JUnitTestRunner.launch(JUnitTestRunner.java:911)
	at org.apache.tools.ant.taskdefs.optional.junit.JUnitTestRunner.main(JUnitTestRunner.java:768)

Entering method [com.topcoder.reliability.impl.persistence.DatabaseReliabilityDataPersistence.close].
Exiting method [com.topcoder.reliability.impl.persistence.DatabaseReliabilityDataPersistence.close], time spent in the method: 1 milliseconds.
Entering method [com.topcoder.reliability.impl.persistence.DatabaseReliabilityDataPersistence.open()].
Exiting method [com.topcoder.reliability.impl.persistence.DatabaseReliabilityDataPersistence.open()], time spent in the method: 11 milliseconds.
Entering method [com.topcoder.reliability.impl.persistence.DatabaseReliabilityDataPersistence.saveUserReliabilityData(List<UserProjectReliabilityData> projects)].
Input parameters[projects:[]]
Error in method [com.topcoder.reliability.impl.persistence.DatabaseReliabilityDataPersistence.saveUserReliabilityData(List<UserProjectReliabilityData> projects)], details: IllegalArgumentException is thrown.
java.lang.IllegalArgumentException: 'projects' should not be empty.
	at com.topcoder.reliability.impl.persistence.DatabaseReliabilityDataPersistence.checkProjects(DatabaseReliabilityDataPersistence.java:761)
	at com.topcoder.reliability.impl.persistence.DatabaseReliabilityDataPersistence.saveUserReliabilityData(DatabaseReliabilityDataPersistence.java:494)
	at com.topcoder.reliability.impl.persistence.DatabaseReliabilityDataPersistenceUnitTests.test_saveUserReliabilityData_projectsEmpty(DatabaseReliabilityDataPersistenceUnitTests.java:832)
	at sun.reflect.NativeMethodAccessorImpl.invoke0(Native Method)
	at sun.reflect.NativeMethodAccessorImpl.invoke(NativeMethodAccessorImpl.java:39)
	at sun.reflect.DelegatingMethodAccessorImpl.invoke(DelegatingMethodAccessorImpl.java:25)
	at java.lang.reflect.Method.invoke(Method.java:597)
	at org.junit.runners.model.FrameworkMethod$1.runReflectiveCall(FrameworkMethod.java:44)
	at org.junit.internal.runners.model.ReflectiveCallable.run(ReflectiveCallable.java:15)
	at org.junit.runners.model.FrameworkMethod.invokeExplosively(FrameworkMethod.java:41)
	at org.junit.internal.runners.statements.InvokeMethod.evaluate(InvokeMethod.java:20)
	at org.junit.internal.runners.statements.ExpectException.evaluate(ExpectException.java:21)
	at org.junit.internal.runners.statements.RunBefores.evaluate(RunBefores.java:28)
	at org.junit.internal.runners.statements.RunAfters.evaluate(RunAfters.java:31)
	at org.junit.runners.BlockJUnit4ClassRunner.runNotIgnored(BlockJUnit4ClassRunner.java:79)
	at org.junit.runners.BlockJUnit4ClassRunner.runChild(BlockJUnit4ClassRunner.java:71)
	at org.junit.runners.BlockJUnit4ClassRunner.runChild(BlockJUnit4ClassRunner.java:49)
	at org.junit.runners.ParentRunner$3.run(ParentRunner.java:193)
	at org.junit.runners.ParentRunner$1.schedule(ParentRunner.java:52)
	at org.junit.runners.ParentRunner.runChildren(ParentRunner.java:191)
	at org.junit.runners.ParentRunner.access$000(ParentRunner.java:42)
	at org.junit.runners.ParentRunner$2.evaluate(ParentRunner.java:184)
	at org.junit.runners.ParentRunner.run(ParentRunner.java:236)
	at junit.framework.JUnit4TestAdapter.run(JUnit4TestAdapter.java:39)
	at junit.framework.TestSuite.runTest(TestSuite.java:243)
	at junit.framework.TestSuite.run(TestSuite.java:238)
	at junit.framework.TestSuite.runTest(TestSuite.java:243)
	at junit.framework.TestSuite.run(TestSuite.java:238)
	at org.apache.tools.ant.taskdefs.optional.junit.JUnitTestRunner.run(JUnitTestRunner.java:420)
	at org.apache.tools.ant.taskdefs.optional.junit.JUnitTestRunner.launch(JUnitTestRunner.java:911)
	at org.apache.tools.ant.taskdefs.optional.junit.JUnitTestRunner.main(JUnitTestRunner.java:768)

Entering method [com.topcoder.reliability.impl.persistence.DatabaseReliabilityDataPersistence.close].
Exiting method [com.topcoder.reliability.impl.persistence.DatabaseReliabilityDataPersistence.close], time spent in the method: 1 milliseconds.
Entering method [com.topcoder.reliability.impl.persistence.DatabaseReliabilityDataPersistence.open()].
Exiting method [com.topcoder.reliability.impl.persistence.DatabaseReliabilityDataPersistence.open()], time spent in the method: 9 milliseconds.
Entering method [com.topcoder.reliability.impl.persistence.DatabaseReliabilityDataPersistence.saveUserReliabilityData(List<UserProjectReliabilityData> projects)].
Input parameters[projects:[com.topcoder.reliability.impl.UserProjectReliabilityData@e75be38, com.topcoder.reliability.impl.UserProjectReliabilityData@541b55f2, null]]
Error in method [com.topcoder.reliability.impl.persistence.DatabaseReliabilityDataPersistence.saveUserReliabilityData(List<UserProjectReliabilityData> projects)], details: IllegalArgumentException is thrown.
java.lang.IllegalArgumentException: 'element of projects' should not be null.
	at com.topcoder.reliability.Helper.checkNull(Helper.java:131)
	at com.topcoder.reliability.impl.persistence.DatabaseReliabilityDataPersistence.checkProjects(DatabaseReliabilityDataPersistence.java:771)
	at com.topcoder.reliability.impl.persistence.DatabaseReliabilityDataPersistence.saveUserReliabilityData(DatabaseReliabilityDataPersistence.java:494)
	at com.topcoder.reliability.impl.persistence.DatabaseReliabilityDataPersistenceUnitTests.test_saveUserReliabilityData_projectsContainsNull(DatabaseReliabilityDataPersistenceUnitTests.java:849)
	at sun.reflect.NativeMethodAccessorImpl.invoke0(Native Method)
	at sun.reflect.NativeMethodAccessorImpl.invoke(NativeMethodAccessorImpl.java:39)
	at sun.reflect.DelegatingMethodAccessorImpl.invoke(DelegatingMethodAccessorImpl.java:25)
	at java.lang.reflect.Method.invoke(Method.java:597)
	at org.junit.runners.model.FrameworkMethod$1.runReflectiveCall(FrameworkMethod.java:44)
	at org.junit.internal.runners.model.ReflectiveCallable.run(ReflectiveCallable.java:15)
	at org.junit.runners.model.FrameworkMethod.invokeExplosively(FrameworkMethod.java:41)
	at org.junit.internal.runners.statements.InvokeMethod.evaluate(InvokeMethod.java:20)
	at org.junit.internal.runners.statements.ExpectException.evaluate(ExpectException.java:21)
	at org.junit.internal.runners.statements.RunBefores.evaluate(RunBefores.java:28)
	at org.junit.internal.runners.statements.RunAfters.evaluate(RunAfters.java:31)
	at org.junit.runners.BlockJUnit4ClassRunner.runNotIgnored(BlockJUnit4ClassRunner.java:79)
	at org.junit.runners.BlockJUnit4ClassRunner.runChild(BlockJUnit4ClassRunner.java:71)
	at org.junit.runners.BlockJUnit4ClassRunner.runChild(BlockJUnit4ClassRunner.java:49)
	at org.junit.runners.ParentRunner$3.run(ParentRunner.java:193)
	at org.junit.runners.ParentRunner$1.schedule(ParentRunner.java:52)
	at org.junit.runners.ParentRunner.runChildren(ParentRunner.java:191)
	at org.junit.runners.ParentRunner.access$000(ParentRunner.java:42)
	at org.junit.runners.ParentRunner$2.evaluate(ParentRunner.java:184)
	at org.junit.runners.ParentRunner.run(ParentRunner.java:236)
	at junit.framework.JUnit4TestAdapter.run(JUnit4TestAdapter.java:39)
	at junit.framework.TestSuite.runTest(TestSuite.java:243)
	at junit.framework.TestSuite.run(TestSuite.java:238)
	at junit.framework.TestSuite.runTest(TestSuite.java:243)
	at junit.framework.TestSuite.run(TestSuite.java:238)
	at org.apache.tools.ant.taskdefs.optional.junit.JUnitTestRunner.run(JUnitTestRunner.java:420)
	at org.apache.tools.ant.taskdefs.optional.junit.JUnitTestRunner.launch(JUnitTestRunner.java:911)
	at org.apache.tools.ant.taskdefs.optional.junit.JUnitTestRunner.main(JUnitTestRunner.java:768)

Entering method [com.topcoder.reliability.impl.persistence.DatabaseReliabilityDataPersistence.close].
Exiting method [com.topcoder.reliability.impl.persistence.DatabaseReliabilityDataPersistence.close], time spent in the method: 0 milliseconds.
Entering method [com.topcoder.reliability.impl.persistence.DatabaseReliabilityDataPersistence.open()].
Exiting method [com.topcoder.reliability.impl.persistence.DatabaseReliabilityDataPersistence.open()], time spent in the method: 10 milliseconds.
Entering method [com.topcoder.reliability.impl.persistence.DatabaseReliabilityDataPersistence.saveUserReliabilityData(List<UserProjectReliabilityData> projects)].
Input parameters[projects:[com.topcoder.reliability.impl.UserProjectReliabilityData@2ffecaeb, com.topcoder.reliability.impl.UserProjectReliabilityData@bc22eb]]
Error in method [com.topcoder.reliability.impl.persistence.DatabaseReliabilityDataPersistence.saveUserReliabilityData(List<UserProjectReliabilityData> projects)], details: IllegalArgumentException is thrown.
java.lang.IllegalArgumentException: 'project.getResolutionDate()' should not be null.
	at com.topcoder.reliability.Helper.checkNull(Helper.java:131)
	at com.topcoder.reliability.impl.persistence.DatabaseReliabilityDataPersistence.checkProjects(DatabaseReliabilityDataPersistence.java:773)
	at com.topcoder.reliability.impl.persistence.DatabaseReliabilityDataPersistence.saveUserReliabilityData(DatabaseReliabilityDataPersistence.java:494)
	at com.topcoder.reliability.impl.persistence.DatabaseReliabilityDataPersistenceUnitTests.test_saveUserReliabilityData_resolutionDateNull(DatabaseReliabilityDataPersistenceUnitTests.java:866)
	at sun.reflect.NativeMethodAccessorImpl.invoke0(Native Method)
	at sun.reflect.NativeMethodAccessorImpl.invoke(NativeMethodAccessorImpl.java:39)
	at sun.reflect.DelegatingMethodAccessorImpl.invoke(DelegatingMethodAccessorImpl.java:25)
	at java.lang.reflect.Method.invoke(Method.java:597)
	at org.junit.runners.model.FrameworkMethod$1.runReflectiveCall(FrameworkMethod.java:44)
	at org.junit.internal.runners.model.ReflectiveCallable.run(ReflectiveCallable.java:15)
	at org.junit.runners.model.FrameworkMethod.invokeExplosively(FrameworkMethod.java:41)
	at org.junit.internal.runners.statements.InvokeMethod.evaluate(InvokeMethod.java:20)
	at org.junit.internal.runners.statements.ExpectException.evaluate(ExpectException.java:21)
	at org.junit.internal.runners.statements.RunBefores.evaluate(RunBefores.java:28)
	at org.junit.internal.runners.statements.RunAfters.evaluate(RunAfters.java:31)
	at org.junit.runners.BlockJUnit4ClassRunner.runNotIgnored(BlockJUnit4ClassRunner.java:79)
	at org.junit.runners.BlockJUnit4ClassRunner.runChild(BlockJUnit4ClassRunner.java:71)
	at org.junit.runners.BlockJUnit4ClassRunner.runChild(BlockJUnit4ClassRunner.java:49)
	at org.junit.runners.ParentRunner$3.run(ParentRunner.java:193)
	at org.junit.runners.ParentRunner$1.schedule(ParentRunner.java:52)
	at org.junit.runners.ParentRunner.runChildren(ParentRunner.java:191)
	at org.junit.runners.ParentRunner.access$000(ParentRunner.java:42)
	at org.junit.runners.ParentRunner$2.evaluate(ParentRunner.java:184)
	at org.junit.runners.ParentRunner.run(ParentRunner.java:236)
	at junit.framework.JUnit4TestAdapter.run(JUnit4TestAdapter.java:39)
	at junit.framework.TestSuite.runTest(TestSuite.java:243)
	at junit.framework.TestSuite.run(TestSuite.java:238)
	at junit.framework.TestSuite.runTest(TestSuite.java:243)
	at junit.framework.TestSuite.run(TestSuite.java:238)
	at org.apache.tools.ant.taskdefs.optional.junit.JUnitTestRunner.run(JUnitTestRunner.java:420)
	at org.apache.tools.ant.taskdefs.optional.junit.JUnitTestRunner.launch(JUnitTestRunner.java:911)
	at org.apache.tools.ant.taskdefs.optional.junit.JUnitTestRunner.main(JUnitTestRunner.java:768)

Entering method [com.topcoder.reliability.impl.persistence.DatabaseReliabilityDataPersistence.close].
Exiting method [com.topcoder.reliability.impl.persistence.DatabaseReliabilityDataPersistence.close], time spent in the method: 1 milliseconds.
Entering method [com.topcoder.reliability.impl.persistence.DatabaseReliabilityDataPersistence.open()].
Exiting method [com.topcoder.reliability.impl.persistence.DatabaseReliabilityDataPersistence.open()], time spent in the method: 11 milliseconds.
Entering method [com.topcoder.reliability.impl.persistence.DatabaseReliabilityDataPersistence.saveUserReliabilityData(List<UserProjectReliabilityData> projects)].
Input parameters[projects:[com.topcoder.reliability.impl.UserProjectReliabilityData@7e3b3757, com.topcoder.reliability.impl.UserProjectReliabilityData@61ae717f]]
Error in method [com.topcoder.reliability.impl.persistence.DatabaseReliabilityDataPersistence.saveUserReliabilityData(List<UserProjectReliabilityData> projects)], details: IllegalArgumentException is thrown.
java.lang.IllegalArgumentException: 'projects' should not have different userId.
	at com.topcoder.reliability.impl.persistence.DatabaseReliabilityDataPersistence.checkProjects(DatabaseReliabilityDataPersistence.java:778)
	at com.topcoder.reliability.impl.persistence.DatabaseReliabilityDataPersistence.saveUserReliabilityData(DatabaseReliabilityDataPersistence.java:494)
	at com.topcoder.reliability.impl.persistence.DatabaseReliabilityDataPersistenceUnitTests.test_saveUserReliabilityData_DifferentUserId(DatabaseReliabilityDataPersistenceUnitTests.java:883)
	at sun.reflect.NativeMethodAccessorImpl.invoke0(Native Method)
	at sun.reflect.NativeMethodAccessorImpl.invoke(NativeMethodAccessorImpl.java:39)
	at sun.reflect.DelegatingMethodAccessorImpl.invoke(DelegatingMethodAccessorImpl.java:25)
	at java.lang.reflect.Method.invoke(Method.java:597)
	at org.junit.runners.model.FrameworkMethod$1.runReflectiveCall(FrameworkMethod.java:44)
	at org.junit.internal.runners.model.ReflectiveCallable.run(ReflectiveCallable.java:15)
	at org.junit.runners.model.FrameworkMethod.invokeExplosively(FrameworkMethod.java:41)
	at org.junit.internal.runners.statements.InvokeMethod.evaluate(InvokeMethod.java:20)
	at org.junit.internal.runners.statements.ExpectException.evaluate(ExpectException.java:21)
	at org.junit.internal.runners.statements.RunBefores.evaluate(RunBefores.java:28)
	at org.junit.internal.runners.statements.RunAfters.evaluate(RunAfters.java:31)
	at org.junit.runners.BlockJUnit4ClassRunner.runNotIgnored(BlockJUnit4ClassRunner.java:79)
	at org.junit.runners.BlockJUnit4ClassRunner.runChild(BlockJUnit4ClassRunner.java:71)
	at org.junit.runners.BlockJUnit4ClassRunner.runChild(BlockJUnit4ClassRunner.java:49)
	at org.junit.runners.ParentRunner$3.run(ParentRunner.java:193)
	at org.junit.runners.ParentRunner$1.schedule(ParentRunner.java:52)
	at org.junit.runners.ParentRunner.runChildren(ParentRunner.java:191)
	at org.junit.runners.ParentRunner.access$000(ParentRunner.java:42)
	at org.junit.runners.ParentRunner$2.evaluate(ParentRunner.java:184)
	at org.junit.runners.ParentRunner.run(ParentRunner.java:236)
	at junit.framework.JUnit4TestAdapter.run(JUnit4TestAdapter.java:39)
	at junit.framework.TestSuite.runTest(TestSuite.java:243)
	at junit.framework.TestSuite.run(TestSuite.java:238)
	at junit.framework.TestSuite.runTest(TestSuite.java:243)
	at junit.framework.TestSuite.run(TestSuite.java:238)
	at org.apache.tools.ant.taskdefs.optional.junit.JUnitTestRunner.run(JUnitTestRunner.java:420)
	at org.apache.tools.ant.taskdefs.optional.junit.JUnitTestRunner.launch(JUnitTestRunner.java:911)
	at org.apache.tools.ant.taskdefs.optional.junit.JUnitTestRunner.main(JUnitTestRunner.java:768)

Entering method [com.topcoder.reliability.impl.persistence.DatabaseReliabilityDataPersistence.close].
Exiting method [com.topcoder.reliability.impl.persistence.DatabaseReliabilityDataPersistence.close], time spent in the method: 1 milliseconds.
Entering method [com.topcoder.reliability.impl.persistence.DatabaseReliabilityDataPersistence.open()].
Exiting method [com.topcoder.reliability.impl.persistence.DatabaseReliabilityDataPersistence.open()], time spent in the method: 9 milliseconds.
Entering method [com.topcoder.reliability.impl.persistence.DatabaseReliabilityDataPersistence.close].
Exiting method [com.topcoder.reliability.impl.persistence.DatabaseReliabilityDataPersistence.close], time spent in the method: 1 milliseconds.
Entering method [com.topcoder.reliability.impl.persistence.DatabaseReliabilityDataPersistence.saveUserReliabilityData(List<UserProjectReliabilityData> projects)].
Input parameters[projects:[com.topcoder.reliability.impl.UserProjectReliabilityData@4f980c26, com.topcoder.reliability.impl.UserProjectReliabilityData@745bb9d]]
Error in method [com.topcoder.reliability.impl.persistence.DatabaseReliabilityDataPersistence.saveUserReliabilityData(List<UserProjectReliabilityData> projects)], details: IllegalStateException is thrown.
java.lang.IllegalStateException: The connection is not opened.
	at com.topcoder.reliability.Helper.checkState(Helper.java:194)
	at com.topcoder.reliability.impl.persistence.DatabaseReliabilityDataPersistence.saveUserReliabilityData(DatabaseReliabilityDataPersistence.java:497)
	at com.topcoder.reliability.impl.persistence.DatabaseReliabilityDataPersistenceUnitTests.test_saveUserReliabilityData_NotOpened(DatabaseReliabilityDataPersistenceUnitTests.java:900)
	at sun.reflect.NativeMethodAccessorImpl.invoke0(Native Method)
	at sun.reflect.NativeMethodAccessorImpl.invoke(NativeMethodAccessorImpl.java:39)
	at sun.reflect.DelegatingMethodAccessorImpl.invoke(DelegatingMethodAccessorImpl.java:25)
	at java.lang.reflect.Method.invoke(Method.java:597)
	at org.junit.runners.model.FrameworkMethod$1.runReflectiveCall(FrameworkMethod.java:44)
	at org.junit.internal.runners.model.ReflectiveCallable.run(ReflectiveCallable.java:15)
	at org.junit.runners.model.FrameworkMethod.invokeExplosively(FrameworkMethod.java:41)
	at org.junit.internal.runners.statements.InvokeMethod.evaluate(InvokeMethod.java:20)
	at org.junit.internal.runners.statements.ExpectException.evaluate(ExpectException.java:21)
	at org.junit.internal.runners.statements.RunBefores.evaluate(RunBefores.java:28)
	at org.junit.internal.runners.statements.RunAfters.evaluate(RunAfters.java:31)
	at org.junit.runners.BlockJUnit4ClassRunner.runNotIgnored(BlockJUnit4ClassRunner.java:79)
	at org.junit.runners.BlockJUnit4ClassRunner.runChild(BlockJUnit4ClassRunner.java:71)
	at org.junit.runners.BlockJUnit4ClassRunner.runChild(BlockJUnit4ClassRunner.java:49)
	at org.junit.runners.ParentRunner$3.run(ParentRunner.java:193)
	at org.junit.runners.ParentRunner$1.schedule(ParentRunner.java:52)
	at org.junit.runners.ParentRunner.runChildren(ParentRunner.java:191)
	at org.junit.runners.ParentRunner.access$000(ParentRunner.java:42)
	at org.junit.runners.ParentRunner$2.evaluate(ParentRunner.java:184)
	at org.junit.runners.ParentRunner.run(ParentRunner.java:236)
	at junit.framework.JUnit4TestAdapter.run(JUnit4TestAdapter.java:39)
	at junit.framework.TestSuite.runTest(TestSuite.java:243)
	at junit.framework.TestSuite.run(TestSuite.java:238)
	at junit.framework.TestSuite.runTest(TestSuite.java:243)
	at junit.framework.TestSuite.run(TestSuite.java:238)
	at org.apache.tools.ant.taskdefs.optional.junit.JUnitTestRunner.run(JUnitTestRunner.java:420)
	at org.apache.tools.ant.taskdefs.optional.junit.JUnitTestRunner.launch(JUnitTestRunner.java:911)
	at org.apache.tools.ant.taskdefs.optional.junit.JUnitTestRunner.main(JUnitTestRunner.java:768)

Entering method [com.topcoder.reliability.impl.persistence.DatabaseReliabilityDataPersistence.close].
Error in method [com.topcoder.reliability.impl.persistence.DatabaseReliabilityDataPersistence.close], details: IllegalStateException is thrown.
java.lang.IllegalStateException: The connection is already closed.
	at com.topcoder.reliability.Helper.checkState(Helper.java:194)
	at com.topcoder.reliability.impl.persistence.DatabaseReliabilityDataPersistence.close(DatabaseReliabilityDataPersistence.java:648)
	at com.topcoder.reliability.impl.persistence.DatabaseReliabilityDataPersistenceUnitTests.tearDown(DatabaseReliabilityDataPersistenceUnitTests.java:159)
	at sun.reflect.GeneratedMethodAccessor10.invoke(Unknown Source)
	at sun.reflect.DelegatingMethodAccessorImpl.invoke(DelegatingMethodAccessorImpl.java:25)
	at java.lang.reflect.Method.invoke(Method.java:597)
	at org.junit.runners.model.FrameworkMethod$1.runReflectiveCall(FrameworkMethod.java:44)
	at org.junit.internal.runners.model.ReflectiveCallable.run(ReflectiveCallable.java:15)
	at org.junit.runners.model.FrameworkMethod.invokeExplosively(FrameworkMethod.java:41)
	at org.junit.internal.runners.statements.RunAfters.evaluate(RunAfters.java:37)
	at org.junit.runners.BlockJUnit4ClassRunner.runNotIgnored(BlockJUnit4ClassRunner.java:79)
	at org.junit.runners.BlockJUnit4ClassRunner.runChild(BlockJUnit4ClassRunner.java:71)
	at org.junit.runners.BlockJUnit4ClassRunner.runChild(BlockJUnit4ClassRunner.java:49)
	at org.junit.runners.ParentRunner$3.run(ParentRunner.java:193)
	at org.junit.runners.ParentRunner$1.schedule(ParentRunner.java:52)
	at org.junit.runners.ParentRunner.runChildren(ParentRunner.java:191)
	at org.junit.runners.ParentRunner.access$000(ParentRunner.java:42)
	at org.junit.runners.ParentRunner$2.evaluate(ParentRunner.java:184)
	at org.junit.runners.ParentRunner.run(ParentRunner.java:236)
	at junit.framework.JUnit4TestAdapter.run(JUnit4TestAdapter.java:39)
	at junit.framework.TestSuite.runTest(TestSuite.java:243)
	at junit.framework.TestSuite.run(TestSuite.java:238)
	at junit.framework.TestSuite.runTest(TestSuite.java:243)
	at junit.framework.TestSuite.run(TestSuite.java:238)
	at org.apache.tools.ant.taskdefs.optional.junit.JUnitTestRunner.run(JUnitTestRunner.java:420)
	at org.apache.tools.ant.taskdefs.optional.junit.JUnitTestRunner.launch(JUnitTestRunner.java:911)
	at org.apache.tools.ant.taskdefs.optional.junit.JUnitTestRunner.main(JUnitTestRunner.java:768)

Entering method [com.topcoder.reliability.impl.persistence.DatabaseReliabilityDataPersistence.open()].
Exiting method [com.topcoder.reliability.impl.persistence.DatabaseReliabilityDataPersistence.open()], time spent in the method: 9 milliseconds.
Entering method [com.topcoder.reliability.impl.persistence.DatabaseReliabilityDataPersistence.close].
Exiting method [com.topcoder.reliability.impl.persistence.DatabaseReliabilityDataPersistence.close], time spent in the method: 0 milliseconds.
Entering method [com.topcoder.reliability.impl.persistence.DatabaseReliabilityDataPersistence.open()].
Exiting method [com.topcoder.reliability.impl.persistence.DatabaseReliabilityDataPersistence.open()], time spent in the method: 8 milliseconds.
Entering method [com.topcoder.reliability.impl.persistence.DatabaseReliabilityDataPersistence.saveUserReliabilityData(List<UserProjectReliabilityData> projects)].
Input parameters[projects:[com.topcoder.reliability.impl.UserProjectReliabilityData@25098594, com.topcoder.reliability.impl.UserProjectReliabilityData@1420ca8b]]
Error in method [com.topcoder.reliability.impl.persistence.DatabaseReliabilityDataPersistence.saveUserReliabilityData(List<UserProjectReliabilityData> projects)], details: A database access error occurred when rolling back (will be ignored).
java.sql.SQLException: Connection not established
	at com.informix.util.IfxErrMsg.getSQLException(IfxErrMsg.java:413)
	at com.informix.jdbc.IfxSqliConnect.rollback(IfxSqliConnect.java:2075)
	at com.topcoder.reliability.impl.persistence.DatabaseReliabilityDataPersistence.rollback(DatabaseReliabilityDataPersistence.java:799)
	at com.topcoder.reliability.impl.persistence.DatabaseReliabilityDataPersistence.saveUserReliabilityData(DatabaseReliabilityDataPersistence.java:537)
	at com.topcoder.reliability.impl.persistence.DatabaseReliabilityDataPersistenceUnitTests.test_saveUserReliabilityData_Error(DatabaseReliabilityDataPersistenceUnitTests.java:936)
	at sun.reflect.NativeMethodAccessorImpl.invoke0(Native Method)
	at sun.reflect.NativeMethodAccessorImpl.invoke(NativeMethodAccessorImpl.java:39)
	at sun.reflect.DelegatingMethodAccessorImpl.invoke(DelegatingMethodAccessorImpl.java:25)
	at java.lang.reflect.Method.invoke(Method.java:597)
	at org.junit.runners.model.FrameworkMethod$1.runReflectiveCall(FrameworkMethod.java:44)
	at org.junit.internal.runners.model.ReflectiveCallable.run(ReflectiveCallable.java:15)
	at org.junit.runners.model.FrameworkMethod.invokeExplosively(FrameworkMethod.java:41)
	at org.junit.internal.runners.statements.InvokeMethod.evaluate(InvokeMethod.java:20)
	at org.junit.internal.runners.statements.ExpectException.evaluate(ExpectException.java:21)
	at org.junit.internal.runners.statements.RunBefores.evaluate(RunBefores.java:28)
	at org.junit.internal.runners.statements.RunAfters.evaluate(RunAfters.java:31)
	at org.junit.runners.BlockJUnit4ClassRunner.runNotIgnored(BlockJUnit4ClassRunner.java:79)
	at org.junit.runners.BlockJUnit4ClassRunner.runChild(BlockJUnit4ClassRunner.java:71)
	at org.junit.runners.BlockJUnit4ClassRunner.runChild(BlockJUnit4ClassRunner.java:49)
	at org.junit.runners.ParentRunner$3.run(ParentRunner.java:193)
	at org.junit.runners.ParentRunner$1.schedule(ParentRunner.java:52)
	at org.junit.runners.ParentRunner.runChildren(ParentRunner.java:191)
	at org.junit.runners.ParentRunner.access$000(ParentRunner.java:42)
	at org.junit.runners.ParentRunner$2.evaluate(ParentRunner.java:184)
	at org.junit.runners.ParentRunner.run(ParentRunner.java:236)
	at junit.framework.JUnit4TestAdapter.run(JUnit4TestAdapter.java:39)
	at junit.framework.TestSuite.runTest(TestSuite.java:243)
	at junit.framework.TestSuite.run(TestSuite.java:238)
	at junit.framework.TestSuite.runTest(TestSuite.java:243)
	at junit.framework.TestSuite.run(TestSuite.java:238)
	at org.apache.tools.ant.taskdefs.optional.junit.JUnitTestRunner.run(JUnitTestRunner.java:420)
	at org.apache.tools.ant.taskdefs.optional.junit.JUnitTestRunner.launch(JUnitTestRunner.java:911)
	at org.apache.tools.ant.taskdefs.optional.junit.JUnitTestRunner.main(JUnitTestRunner.java:768)

Error in method [com.topcoder.reliability.impl.persistence.DatabaseReliabilityDataPersistence.saveUserReliabilityData(List<UserProjectReliabilityData> projects)], details: ReliabilityDataPersistenceException is thrown when updating the current user reliability.
com.topcoder.reliability.impl.ReliabilityDataPersistenceException: A database access error occurred.
	at com.topcoder.reliability.impl.persistence.DatabaseReliabilityDataPersistence.saveUserReliabilityData(DatabaseReliabilityDataPersistence.java:539)
	at com.topcoder.reliability.impl.persistence.DatabaseReliabilityDataPersistenceUnitTests.test_saveUserReliabilityData_Error(DatabaseReliabilityDataPersistenceUnitTests.java:936)
	at sun.reflect.NativeMethodAccessorImpl.invoke0(Native Method)
	at sun.reflect.NativeMethodAccessorImpl.invoke(NativeMethodAccessorImpl.java:39)
	at sun.reflect.DelegatingMethodAccessorImpl.invoke(DelegatingMethodAccessorImpl.java:25)
	at java.lang.reflect.Method.invoke(Method.java:597)
	at org.junit.runners.model.FrameworkMethod$1.runReflectiveCall(FrameworkMethod.java:44)
	at org.junit.internal.runners.model.ReflectiveCallable.run(ReflectiveCallable.java:15)
	at org.junit.runners.model.FrameworkMethod.invokeExplosively(FrameworkMethod.java:41)
	at org.junit.internal.runners.statements.InvokeMethod.evaluate(InvokeMethod.java:20)
	at org.junit.internal.runners.statements.ExpectException.evaluate(ExpectException.java:21)
	at org.junit.internal.runners.statements.RunBefores.evaluate(RunBefores.java:28)
	at org.junit.internal.runners.statements.RunAfters.evaluate(RunAfters.java:31)
	at org.junit.runners.BlockJUnit4ClassRunner.runNotIgnored(BlockJUnit4ClassRunner.java:79)
	at org.junit.runners.BlockJUnit4ClassRunner.runChild(BlockJUnit4ClassRunner.java:71)
	at org.junit.runners.BlockJUnit4ClassRunner.runChild(BlockJUnit4ClassRunner.java:49)
	at org.junit.runners.ParentRunner$3.run(ParentRunner.java:193)
	at org.junit.runners.ParentRunner$1.schedule(ParentRunner.java:52)
	at org.junit.runners.ParentRunner.runChildren(ParentRunner.java:191)
	at org.junit.runners.ParentRunner.access$000(ParentRunner.java:42)
	at org.junit.runners.ParentRunner$2.evaluate(ParentRunner.java:184)
	at org.junit.runners.ParentRunner.run(ParentRunner.java:236)
	at junit.framework.JUnit4TestAdapter.run(JUnit4TestAdapter.java:39)
	at junit.framework.TestSuite.runTest(TestSuite.java:243)
	at junit.framework.TestSuite.run(TestSuite.java:238)
	at junit.framework.TestSuite.runTest(TestSuite.java:243)
	at junit.framework.TestSuite.run(TestSuite.java:238)
	at org.apache.tools.ant.taskdefs.optional.junit.JUnitTestRunner.run(JUnitTestRunner.java:420)
	at org.apache.tools.ant.taskdefs.optional.junit.JUnitTestRunner.launch(JUnitTestRunner.java:911)
	at org.apache.tools.ant.taskdefs.optional.junit.JUnitTestRunner.main(JUnitTestRunner.java:768)
Caused by: java.sql.SQLException: Connection not established
	at com.informix.util.IfxErrMsg.getSQLException(IfxErrMsg.java:413)
	at com.informix.jdbc.IfxSqliConnect.h(IfxSqliConnect.java:6588)
	at com.informix.jdbc.IfxSqliConnect.prepareStatement(IfxSqliConnect.java:2396)
	at com.topcoder.reliability.impl.persistence.DatabaseReliabilityDataPersistence.executeUpdate(DatabaseReliabilityDataPersistence.java:829)
	at com.topcoder.reliability.impl.persistence.DatabaseReliabilityDataPersistence.saveUserReliabilityData(DatabaseReliabilityDataPersistence.java:501)
	... 29 more

Entering method [com.topcoder.reliability.impl.persistence.DatabaseReliabilityDataPersistence.close].
Exiting method [com.topcoder.reliability.impl.persistence.DatabaseReliabilityDataPersistence.close], time spent in the method: 0 milliseconds.
Entering method [com.topcoder.reliability.impl.persistence.DatabaseReliabilityDataPersistence.open()].
Exiting method [com.topcoder.reliability.impl.persistence.DatabaseReliabilityDataPersistence.open()], time spent in the method: 9 milliseconds.
Entering method [com.topcoder.reliability.impl.persistence.DatabaseReliabilityDataPersistence.updateCurrentUserReliability(long userId, long projectCategoryId, double reliability)].
Input parameters[userId:123456, projectCategoryId:1, reliability:0.1]
Exiting method [com.topcoder.reliability.impl.persistence.DatabaseReliabilityDataPersistence.updateCurrentUserReliability(long userId, long projectCategoryId, double reliability)], time spent in the method: 2 milliseconds.
Entering method [com.topcoder.reliability.impl.persistence.DatabaseReliabilityDataPersistence.updateCurrentUserReliability(long userId, long projectCategoryId, double reliability)].
Input parameters[userId:2, projectCategoryId:1, reliability:0.1]
Exiting method [com.topcoder.reliability.impl.persistence.DatabaseReliabilityDataPersistence.updateCurrentUserReliability(long userId, long projectCategoryId, double reliability)], time spent in the method: 2 milliseconds.
Entering method [com.topcoder.reliability.impl.persistence.DatabaseReliabilityDataPersistence.close].
Exiting method [com.topcoder.reliability.impl.persistence.DatabaseReliabilityDataPersistence.close], time spent in the method: 0 milliseconds.
Entering method [com.topcoder.reliability.impl.persistence.DatabaseReliabilityDataPersistence.open()].
Exiting method [com.topcoder.reliability.impl.persistence.DatabaseReliabilityDataPersistence.open()], time spent in the method: 10 milliseconds.
Entering method [com.topcoder.reliability.impl.persistence.DatabaseReliabilityDataPersistence.updateCurrentUserReliability(long userId, long projectCategoryId, double reliability)].
Input parameters[userId:123456, projectCategoryId:1, reliability:0.1]
Exiting method [com.topcoder.reliability.impl.persistence.DatabaseReliabilityDataPersistence.updateCurrentUserReliability(long userId, long projectCategoryId, double reliability)], time spent in the method: 3 milliseconds.
Entering method [com.topcoder.reliability.impl.persistence.DatabaseReliabilityDataPersistence.updateCurrentUserReliability(long userId, long projectCategoryId, double reliability)].
Input parameters[userId:123456, projectCategoryId:1, reliability:0.1]
Exiting method [com.topcoder.reliability.impl.persistence.DatabaseReliabilityDataPersistence.updateCurrentUserReliability(long userId, long projectCategoryId, double reliability)], time spent in the method: 1 milliseconds.
Entering method [com.topcoder.reliability.impl.persistence.DatabaseReliabilityDataPersistence.close].
Exiting method [com.topcoder.reliability.impl.persistence.DatabaseReliabilityDataPersistence.close], time spent in the method: 0 milliseconds.
Entering method [com.topcoder.reliability.impl.persistence.DatabaseReliabilityDataPersistence.open()].
Exiting method [com.topcoder.reliability.impl.persistence.DatabaseReliabilityDataPersistence.open()], time spent in the method: 8 milliseconds.
Entering method [com.topcoder.reliability.impl.persistence.DatabaseReliabilityDataPersistence.updateCurrentUserReliability(long userId, long projectCategoryId, double reliability)].
Input parameters[userId:-1, projectCategoryId:1, reliability:0.1]
Error in method [com.topcoder.reliability.impl.persistence.DatabaseReliabilityDataPersistence.updateCurrentUserReliability(long userId, long projectCategoryId, double reliability)], details: IllegalArgumentException is thrown.
java.lang.IllegalArgumentException: 'userId' should be positive.
	at com.topcoder.reliability.Helper.checkPositive(Helper.java:150)
	at com.topcoder.reliability.impl.persistence.DatabaseReliabilityDataPersistence.updateCurrentUserReliability(DatabaseReliabilityDataPersistence.java:588)
	at com.topcoder.reliability.impl.persistence.DatabaseReliabilityDataPersistenceUnitTests.test_updateCurrentUserReliability_userIdNegative(DatabaseReliabilityDataPersistenceUnitTests.java:992)
	at sun.reflect.NativeMethodAccessorImpl.invoke0(Native Method)
	at sun.reflect.NativeMethodAccessorImpl.invoke(NativeMethodAccessorImpl.java:39)
	at sun.reflect.DelegatingMethodAccessorImpl.invoke(DelegatingMethodAccessorImpl.java:25)
	at java.lang.reflect.Method.invoke(Method.java:597)
	at org.junit.runners.model.FrameworkMethod$1.runReflectiveCall(FrameworkMethod.java:44)
	at org.junit.internal.runners.model.ReflectiveCallable.run(ReflectiveCallable.java:15)
	at org.junit.runners.model.FrameworkMethod.invokeExplosively(FrameworkMethod.java:41)
	at org.junit.internal.runners.statements.InvokeMethod.evaluate(InvokeMethod.java:20)
	at org.junit.internal.runners.statements.ExpectException.evaluate(ExpectException.java:21)
	at org.junit.internal.runners.statements.RunBefores.evaluate(RunBefores.java:28)
	at org.junit.internal.runners.statements.RunAfters.evaluate(RunAfters.java:31)
	at org.junit.runners.BlockJUnit4ClassRunner.runNotIgnored(BlockJUnit4ClassRunner.java:79)
	at org.junit.runners.BlockJUnit4ClassRunner.runChild(BlockJUnit4ClassRunner.java:71)
	at org.junit.runners.BlockJUnit4ClassRunner.runChild(BlockJUnit4ClassRunner.java:49)
	at org.junit.runners.ParentRunner$3.run(ParentRunner.java:193)
	at org.junit.runners.ParentRunner$1.schedule(ParentRunner.java:52)
	at org.junit.runners.ParentRunner.runChildren(ParentRunner.java:191)
	at org.junit.runners.ParentRunner.access$000(ParentRunner.java:42)
	at org.junit.runners.ParentRunner$2.evaluate(ParentRunner.java:184)
	at org.junit.runners.ParentRunner.run(ParentRunner.java:236)
	at junit.framework.JUnit4TestAdapter.run(JUnit4TestAdapter.java:39)
	at junit.framework.TestSuite.runTest(TestSuite.java:243)
	at junit.framework.TestSuite.run(TestSuite.java:238)
	at junit.framework.TestSuite.runTest(TestSuite.java:243)
	at junit.framework.TestSuite.run(TestSuite.java:238)
	at org.apache.tools.ant.taskdefs.optional.junit.JUnitTestRunner.run(JUnitTestRunner.java:420)
	at org.apache.tools.ant.taskdefs.optional.junit.JUnitTestRunner.launch(JUnitTestRunner.java:911)
	at org.apache.tools.ant.taskdefs.optional.junit.JUnitTestRunner.main(JUnitTestRunner.java:768)

Entering method [com.topcoder.reliability.impl.persistence.DatabaseReliabilityDataPersistence.close].
Exiting method [com.topcoder.reliability.impl.persistence.DatabaseReliabilityDataPersistence.close], time spent in the method: 0 milliseconds.
Entering method [com.topcoder.reliability.impl.persistence.DatabaseReliabilityDataPersistence.open()].
Exiting method [com.topcoder.reliability.impl.persistence.DatabaseReliabilityDataPersistence.open()], time spent in the method: 9 milliseconds.
Entering method [com.topcoder.reliability.impl.persistence.DatabaseReliabilityDataPersistence.updateCurrentUserReliability(long userId, long projectCategoryId, double reliability)].
Input parameters[userId:0, projectCategoryId:1, reliability:0.1]
Error in method [com.topcoder.reliability.impl.persistence.DatabaseReliabilityDataPersistence.updateCurrentUserReliability(long userId, long projectCategoryId, double reliability)], details: IllegalArgumentException is thrown.
java.lang.IllegalArgumentException: 'userId' should be positive.
	at com.topcoder.reliability.Helper.checkPositive(Helper.java:150)
	at com.topcoder.reliability.impl.persistence.DatabaseReliabilityDataPersistence.updateCurrentUserReliability(DatabaseReliabilityDataPersistence.java:588)
	at com.topcoder.reliability.impl.persistence.DatabaseReliabilityDataPersistenceUnitTests.test_updateCurrentUserReliability_userIdZero(DatabaseReliabilityDataPersistenceUnitTests.java:1009)
	at sun.reflect.NativeMethodAccessorImpl.invoke0(Native Method)
	at sun.reflect.NativeMethodAccessorImpl.invoke(NativeMethodAccessorImpl.java:39)
	at sun.reflect.DelegatingMethodAccessorImpl.invoke(DelegatingMethodAccessorImpl.java:25)
	at java.lang.reflect.Method.invoke(Method.java:597)
	at org.junit.runners.model.FrameworkMethod$1.runReflectiveCall(FrameworkMethod.java:44)
	at org.junit.internal.runners.model.ReflectiveCallable.run(ReflectiveCallable.java:15)
	at org.junit.runners.model.FrameworkMethod.invokeExplosively(FrameworkMethod.java:41)
	at org.junit.internal.runners.statements.InvokeMethod.evaluate(InvokeMethod.java:20)
	at org.junit.internal.runners.statements.ExpectException.evaluate(ExpectException.java:21)
	at org.junit.internal.runners.statements.RunBefores.evaluate(RunBefores.java:28)
	at org.junit.internal.runners.statements.RunAfters.evaluate(RunAfters.java:31)
	at org.junit.runners.BlockJUnit4ClassRunner.runNotIgnored(BlockJUnit4ClassRunner.java:79)
	at org.junit.runners.BlockJUnit4ClassRunner.runChild(BlockJUnit4ClassRunner.java:71)
	at org.junit.runners.BlockJUnit4ClassRunner.runChild(BlockJUnit4ClassRunner.java:49)
	at org.junit.runners.ParentRunner$3.run(ParentRunner.java:193)
	at org.junit.runners.ParentRunner$1.schedule(ParentRunner.java:52)
	at org.junit.runners.ParentRunner.runChildren(ParentRunner.java:191)
	at org.junit.runners.ParentRunner.access$000(ParentRunner.java:42)
	at org.junit.runners.ParentRunner$2.evaluate(ParentRunner.java:184)
	at org.junit.runners.ParentRunner.run(ParentRunner.java:236)
	at junit.framework.JUnit4TestAdapter.run(JUnit4TestAdapter.java:39)
	at junit.framework.TestSuite.runTest(TestSuite.java:243)
	at junit.framework.TestSuite.run(TestSuite.java:238)
	at junit.framework.TestSuite.runTest(TestSuite.java:243)
	at junit.framework.TestSuite.run(TestSuite.java:238)
	at org.apache.tools.ant.taskdefs.optional.junit.JUnitTestRunner.run(JUnitTestRunner.java:420)
	at org.apache.tools.ant.taskdefs.optional.junit.JUnitTestRunner.launch(JUnitTestRunner.java:911)
	at org.apache.tools.ant.taskdefs.optional.junit.JUnitTestRunner.main(JUnitTestRunner.java:768)

Entering method [com.topcoder.reliability.impl.persistence.DatabaseReliabilityDataPersistence.close].
Exiting method [com.topcoder.reliability.impl.persistence.DatabaseReliabilityDataPersistence.close], time spent in the method: 0 milliseconds.
Entering method [com.topcoder.reliability.impl.persistence.DatabaseReliabilityDataPersistence.open()].
Exiting method [com.topcoder.reliability.impl.persistence.DatabaseReliabilityDataPersistence.open()], time spent in the method: 9 milliseconds.
Entering method [com.topcoder.reliability.impl.persistence.DatabaseReliabilityDataPersistence.updateCurrentUserReliability(long userId, long projectCategoryId, double reliability)].
Input parameters[userId:123456, projectCategoryId:-1, reliability:0.1]
Error in method [com.topcoder.reliability.impl.persistence.DatabaseReliabilityDataPersistence.updateCurrentUserReliability(long userId, long projectCategoryId, double reliability)], details: IllegalArgumentException is thrown.
java.lang.IllegalArgumentException: 'projectCategoryId' should be positive.
	at com.topcoder.reliability.Helper.checkPositive(Helper.java:150)
	at com.topcoder.reliability.impl.persistence.DatabaseReliabilityDataPersistence.updateCurrentUserReliability(DatabaseReliabilityDataPersistence.java:589)
	at com.topcoder.reliability.impl.persistence.DatabaseReliabilityDataPersistenceUnitTests.test_updateCurrentUserReliability_projectCategoryIdNegative(DatabaseReliabilityDataPersistenceUnitTests.java:1026)
	at sun.reflect.NativeMethodAccessorImpl.invoke0(Native Method)
	at sun.reflect.NativeMethodAccessorImpl.invoke(NativeMethodAccessorImpl.java:39)
	at sun.reflect.DelegatingMethodAccessorImpl.invoke(DelegatingMethodAccessorImpl.java:25)
	at java.lang.reflect.Method.invoke(Method.java:597)
	at org.junit.runners.model.FrameworkMethod$1.runReflectiveCall(FrameworkMethod.java:44)
	at org.junit.internal.runners.model.ReflectiveCallable.run(ReflectiveCallable.java:15)
	at org.junit.runners.model.FrameworkMethod.invokeExplosively(FrameworkMethod.java:41)
	at org.junit.internal.runners.statements.InvokeMethod.evaluate(InvokeMethod.java:20)
	at org.junit.internal.runners.statements.ExpectException.evaluate(ExpectException.java:21)
	at org.junit.internal.runners.statements.RunBefores.evaluate(RunBefores.java:28)
	at org.junit.internal.runners.statements.RunAfters.evaluate(RunAfters.java:31)
	at org.junit.runners.BlockJUnit4ClassRunner.runNotIgnored(BlockJUnit4ClassRunner.java:79)
	at org.junit.runners.BlockJUnit4ClassRunner.runChild(BlockJUnit4ClassRunner.java:71)
	at org.junit.runners.BlockJUnit4ClassRunner.runChild(BlockJUnit4ClassRunner.java:49)
	at org.junit.runners.ParentRunner$3.run(ParentRunner.java:193)
	at org.junit.runners.ParentRunner$1.schedule(ParentRunner.java:52)
	at org.junit.runners.ParentRunner.runChildren(ParentRunner.java:191)
	at org.junit.runners.ParentRunner.access$000(ParentRunner.java:42)
	at org.junit.runners.ParentRunner$2.evaluate(ParentRunner.java:184)
	at org.junit.runners.ParentRunner.run(ParentRunner.java:236)
	at junit.framework.JUnit4TestAdapter.run(JUnit4TestAdapter.java:39)
	at junit.framework.TestSuite.runTest(TestSuite.java:243)
	at junit.framework.TestSuite.run(TestSuite.java:238)
	at junit.framework.TestSuite.runTest(TestSuite.java:243)
	at junit.framework.TestSuite.run(TestSuite.java:238)
	at org.apache.tools.ant.taskdefs.optional.junit.JUnitTestRunner.run(JUnitTestRunner.java:420)
	at org.apache.tools.ant.taskdefs.optional.junit.JUnitTestRunner.launch(JUnitTestRunner.java:911)
	at org.apache.tools.ant.taskdefs.optional.junit.JUnitTestRunner.main(JUnitTestRunner.java:768)

Entering method [com.topcoder.reliability.impl.persistence.DatabaseReliabilityDataPersistence.close].
Exiting method [com.topcoder.reliability.impl.persistence.DatabaseReliabilityDataPersistence.close], time spent in the method: 1 milliseconds.
Entering method [com.topcoder.reliability.impl.persistence.DatabaseReliabilityDataPersistence.open()].
Exiting method [com.topcoder.reliability.impl.persistence.DatabaseReliabilityDataPersistence.open()], time spent in the method: 11 milliseconds.
Entering method [com.topcoder.reliability.impl.persistence.DatabaseReliabilityDataPersistence.updateCurrentUserReliability(long userId, long projectCategoryId, double reliability)].
Input parameters[userId:123456, projectCategoryId:0, reliability:0.1]
Error in method [com.topcoder.reliability.impl.persistence.DatabaseReliabilityDataPersistence.updateCurrentUserReliability(long userId, long projectCategoryId, double reliability)], details: IllegalArgumentException is thrown.
java.lang.IllegalArgumentException: 'projectCategoryId' should be positive.
	at com.topcoder.reliability.Helper.checkPositive(Helper.java:150)
	at com.topcoder.reliability.impl.persistence.DatabaseReliabilityDataPersistence.updateCurrentUserReliability(DatabaseReliabilityDataPersistence.java:589)
	at com.topcoder.reliability.impl.persistence.DatabaseReliabilityDataPersistenceUnitTests.test_updateCurrentUserReliability_projectCategoryIdZero(DatabaseReliabilityDataPersistenceUnitTests.java:1043)
	at sun.reflect.NativeMethodAccessorImpl.invoke0(Native Method)
	at sun.reflect.NativeMethodAccessorImpl.invoke(NativeMethodAccessorImpl.java:39)
	at sun.reflect.DelegatingMethodAccessorImpl.invoke(DelegatingMethodAccessorImpl.java:25)
	at java.lang.reflect.Method.invoke(Method.java:597)
	at org.junit.runners.model.FrameworkMethod$1.runReflectiveCall(FrameworkMethod.java:44)
	at org.junit.internal.runners.model.ReflectiveCallable.run(ReflectiveCallable.java:15)
	at org.junit.runners.model.FrameworkMethod.invokeExplosively(FrameworkMethod.java:41)
	at org.junit.internal.runners.statements.InvokeMethod.evaluate(InvokeMethod.java:20)
	at org.junit.internal.runners.statements.ExpectException.evaluate(ExpectException.java:21)
	at org.junit.internal.runners.statements.RunBefores.evaluate(RunBefores.java:28)
	at org.junit.internal.runners.statements.RunAfters.evaluate(RunAfters.java:31)
	at org.junit.runners.BlockJUnit4ClassRunner.runNotIgnored(BlockJUnit4ClassRunner.java:79)
	at org.junit.runners.BlockJUnit4ClassRunner.runChild(BlockJUnit4ClassRunner.java:71)
	at org.junit.runners.BlockJUnit4ClassRunner.runChild(BlockJUnit4ClassRunner.java:49)
	at org.junit.runners.ParentRunner$3.run(ParentRunner.java:193)
	at org.junit.runners.ParentRunner$1.schedule(ParentRunner.java:52)
	at org.junit.runners.ParentRunner.runChildren(ParentRunner.java:191)
	at org.junit.runners.ParentRunner.access$000(ParentRunner.java:42)
	at org.junit.runners.ParentRunner$2.evaluate(ParentRunner.java:184)
	at org.junit.runners.ParentRunner.run(ParentRunner.java:236)
	at junit.framework.JUnit4TestAdapter.run(JUnit4TestAdapter.java:39)
	at junit.framework.TestSuite.runTest(TestSuite.java:243)
	at junit.framework.TestSuite.run(TestSuite.java:238)
	at junit.framework.TestSuite.runTest(TestSuite.java:243)
	at junit.framework.TestSuite.run(TestSuite.java:238)
	at org.apache.tools.ant.taskdefs.optional.junit.JUnitTestRunner.run(JUnitTestRunner.java:420)
	at org.apache.tools.ant.taskdefs.optional.junit.JUnitTestRunner.launch(JUnitTestRunner.java:911)
	at org.apache.tools.ant.taskdefs.optional.junit.JUnitTestRunner.main(JUnitTestRunner.java:768)

Entering method [com.topcoder.reliability.impl.persistence.DatabaseReliabilityDataPersistence.close].
Exiting method [com.topcoder.reliability.impl.persistence.DatabaseReliabilityDataPersistence.close], time spent in the method: 0 milliseconds.
Entering method [com.topcoder.reliability.impl.persistence.DatabaseReliabilityDataPersistence.open()].
Exiting method [com.topcoder.reliability.impl.persistence.DatabaseReliabilityDataPersistence.open()], time spent in the method: 9 milliseconds.
Entering method [com.topcoder.reliability.impl.persistence.DatabaseReliabilityDataPersistence.updateCurrentUserReliability(long userId, long projectCategoryId, double reliability)].
Input parameters[userId:123456, projectCategoryId:1, reliability:-0.01]
Error in method [com.topcoder.reliability.impl.persistence.DatabaseReliabilityDataPersistence.updateCurrentUserReliability(long userId, long projectCategoryId, double reliability)], details: IllegalArgumentException is thrown.
java.lang.IllegalArgumentException: 'reliability' should be in the range [0, 1].
	at com.topcoder.reliability.impl.persistence.DatabaseReliabilityDataPersistence.updateCurrentUserReliability(DatabaseReliabilityDataPersistence.java:591)
	at com.topcoder.reliability.impl.persistence.DatabaseReliabilityDataPersistenceUnitTests.test_updateCurrentUserReliability_reliabilityInvalid1(DatabaseReliabilityDataPersistenceUnitTests.java:1060)
	at sun.reflect.NativeMethodAccessorImpl.invoke0(Native Method)
	at sun.reflect.NativeMethodAccessorImpl.invoke(NativeMethodAccessorImpl.java:39)
	at sun.reflect.DelegatingMethodAccessorImpl.invoke(DelegatingMethodAccessorImpl.java:25)
	at java.lang.reflect.Method.invoke(Method.java:597)
	at org.junit.runners.model.FrameworkMethod$1.runReflectiveCall(FrameworkMethod.java:44)
	at org.junit.internal.runners.model.ReflectiveCallable.run(ReflectiveCallable.java:15)
	at org.junit.runners.model.FrameworkMethod.invokeExplosively(FrameworkMethod.java:41)
	at org.junit.internal.runners.statements.InvokeMethod.evaluate(InvokeMethod.java:20)
	at org.junit.internal.runners.statements.ExpectException.evaluate(ExpectException.java:21)
	at org.junit.internal.runners.statements.RunBefores.evaluate(RunBefores.java:28)
	at org.junit.internal.runners.statements.RunAfters.evaluate(RunAfters.java:31)
	at org.junit.runners.BlockJUnit4ClassRunner.runNotIgnored(BlockJUnit4ClassRunner.java:79)
	at org.junit.runners.BlockJUnit4ClassRunner.runChild(BlockJUnit4ClassRunner.java:71)
	at org.junit.runners.BlockJUnit4ClassRunner.runChild(BlockJUnit4ClassRunner.java:49)
	at org.junit.runners.ParentRunner$3.run(ParentRunner.java:193)
	at org.junit.runners.ParentRunner$1.schedule(ParentRunner.java:52)
	at org.junit.runners.ParentRunner.runChildren(ParentRunner.java:191)
	at org.junit.runners.ParentRunner.access$000(ParentRunner.java:42)
	at org.junit.runners.ParentRunner$2.evaluate(ParentRunner.java:184)
	at org.junit.runners.ParentRunner.run(ParentRunner.java:236)
	at junit.framework.JUnit4TestAdapter.run(JUnit4TestAdapter.java:39)
	at junit.framework.TestSuite.runTest(TestSuite.java:243)
	at junit.framework.TestSuite.run(TestSuite.java:238)
	at junit.framework.TestSuite.runTest(TestSuite.java:243)
	at junit.framework.TestSuite.run(TestSuite.java:238)
	at org.apache.tools.ant.taskdefs.optional.junit.JUnitTestRunner.run(JUnitTestRunner.java:420)
	at org.apache.tools.ant.taskdefs.optional.junit.JUnitTestRunner.launch(JUnitTestRunner.java:911)
	at org.apache.tools.ant.taskdefs.optional.junit.JUnitTestRunner.main(JUnitTestRunner.java:768)

Entering method [com.topcoder.reliability.impl.persistence.DatabaseReliabilityDataPersistence.close].
Exiting method [com.topcoder.reliability.impl.persistence.DatabaseReliabilityDataPersistence.close], time spent in the method: 0 milliseconds.
Entering method [com.topcoder.reliability.impl.persistence.DatabaseReliabilityDataPersistence.open()].
Exiting method [com.topcoder.reliability.impl.persistence.DatabaseReliabilityDataPersistence.open()], time spent in the method: 9 milliseconds.
Entering method [com.topcoder.reliability.impl.persistence.DatabaseReliabilityDataPersistence.updateCurrentUserReliability(long userId, long projectCategoryId, double reliability)].
Input parameters[userId:123456, projectCategoryId:1, reliability:1.01]
Error in method [com.topcoder.reliability.impl.persistence.DatabaseReliabilityDataPersistence.updateCurrentUserReliability(long userId, long projectCategoryId, double reliability)], details: IllegalArgumentException is thrown.
java.lang.IllegalArgumentException: 'reliability' should be in the range [0, 1].
	at com.topcoder.reliability.impl.persistence.DatabaseReliabilityDataPersistence.updateCurrentUserReliability(DatabaseReliabilityDataPersistence.java:591)
	at com.topcoder.reliability.impl.persistence.DatabaseReliabilityDataPersistenceUnitTests.test_updateCurrentUserReliability_reliabilityInvalid2(DatabaseReliabilityDataPersistenceUnitTests.java:1077)
	at sun.reflect.NativeMethodAccessorImpl.invoke0(Native Method)
	at sun.reflect.NativeMethodAccessorImpl.invoke(NativeMethodAccessorImpl.java:39)
	at sun.reflect.DelegatingMethodAccessorImpl.invoke(DelegatingMethodAccessorImpl.java:25)
	at java.lang.reflect.Method.invoke(Method.java:597)
	at org.junit.runners.model.FrameworkMethod$1.runReflectiveCall(FrameworkMethod.java:44)
	at org.junit.internal.runners.model.ReflectiveCallable.run(ReflectiveCallable.java:15)
	at org.junit.runners.model.FrameworkMethod.invokeExplosively(FrameworkMethod.java:41)
	at org.junit.internal.runners.statements.InvokeMethod.evaluate(InvokeMethod.java:20)
	at org.junit.internal.runners.statements.ExpectException.evaluate(ExpectException.java:21)
	at org.junit.internal.runners.statements.RunBefores.evaluate(RunBefores.java:28)
	at org.junit.internal.runners.statements.RunAfters.evaluate(RunAfters.java:31)
	at org.junit.runners.BlockJUnit4ClassRunner.runNotIgnored(BlockJUnit4ClassRunner.java:79)
	at org.junit.runners.BlockJUnit4ClassRunner.runChild(BlockJUnit4ClassRunner.java:71)
	at org.junit.runners.BlockJUnit4ClassRunner.runChild(BlockJUnit4ClassRunner.java:49)
	at org.junit.runners.ParentRunner$3.run(ParentRunner.java:193)
	at org.junit.runners.ParentRunner$1.schedule(ParentRunner.java:52)
	at org.junit.runners.ParentRunner.runChildren(ParentRunner.java:191)
	at org.junit.runners.ParentRunner.access$000(ParentRunner.java:42)
	at org.junit.runners.ParentRunner$2.evaluate(ParentRunner.java:184)
	at org.junit.runners.ParentRunner.run(ParentRunner.java:236)
	at junit.framework.JUnit4TestAdapter.run(JUnit4TestAdapter.java:39)
	at junit.framework.TestSuite.runTest(TestSuite.java:243)
	at junit.framework.TestSuite.run(TestSuite.java:238)
	at junit.framework.TestSuite.runTest(TestSuite.java:243)
	at junit.framework.TestSuite.run(TestSuite.java:238)
	at org.apache.tools.ant.taskdefs.optional.junit.JUnitTestRunner.run(JUnitTestRunner.java:420)
	at org.apache.tools.ant.taskdefs.optional.junit.JUnitTestRunner.launch(JUnitTestRunner.java:911)
	at org.apache.tools.ant.taskdefs.optional.junit.JUnitTestRunner.main(JUnitTestRunner.java:768)

Entering method [com.topcoder.reliability.impl.persistence.DatabaseReliabilityDataPersistence.close].
Exiting method [com.topcoder.reliability.impl.persistence.DatabaseReliabilityDataPersistence.close], time spent in the method: 1 milliseconds.
Entering method [com.topcoder.reliability.impl.persistence.DatabaseReliabilityDataPersistence.open()].
Exiting method [com.topcoder.reliability.impl.persistence.DatabaseReliabilityDataPersistence.open()], time spent in the method: 10 milliseconds.
Entering method [com.topcoder.reliability.impl.persistence.DatabaseReliabilityDataPersistence.close].
Exiting method [com.topcoder.reliability.impl.persistence.DatabaseReliabilityDataPersistence.close], time spent in the method: 1 milliseconds.
Entering method [com.topcoder.reliability.impl.persistence.DatabaseReliabilityDataPersistence.updateCurrentUserReliability(long userId, long projectCategoryId, double reliability)].
Input parameters[userId:123456, projectCategoryId:1, reliability:0.1]
Error in method [com.topcoder.reliability.impl.persistence.DatabaseReliabilityDataPersistence.updateCurrentUserReliability(long userId, long projectCategoryId, double reliability)], details: IllegalStateException is thrown.
java.lang.IllegalStateException: The connection is not opened.
	at com.topcoder.reliability.Helper.checkState(Helper.java:194)
	at com.topcoder.reliability.impl.persistence.DatabaseReliabilityDataPersistence.updateCurrentUserReliability(DatabaseReliabilityDataPersistence.java:595)
	at com.topcoder.reliability.impl.persistence.DatabaseReliabilityDataPersistenceUnitTests.test_updateCurrentUserReliability_NotOpened(DatabaseReliabilityDataPersistenceUnitTests.java:1094)
	at sun.reflect.NativeMethodAccessorImpl.invoke0(Native Method)
	at sun.reflect.NativeMethodAccessorImpl.invoke(NativeMethodAccessorImpl.java:39)
	at sun.reflect.DelegatingMethodAccessorImpl.invoke(DelegatingMethodAccessorImpl.java:25)
	at java.lang.reflect.Method.invoke(Method.java:597)
	at org.junit.runners.model.FrameworkMethod$1.runReflectiveCall(FrameworkMethod.java:44)
	at org.junit.internal.runners.model.ReflectiveCallable.run(ReflectiveCallable.java:15)
	at org.junit.runners.model.FrameworkMethod.invokeExplosively(FrameworkMethod.java:41)
	at org.junit.internal.runners.statements.InvokeMethod.evaluate(InvokeMethod.java:20)
	at org.junit.internal.runners.statements.ExpectException.evaluate(ExpectException.java:21)
	at org.junit.internal.runners.statements.RunBefores.evaluate(RunBefores.java:28)
	at org.junit.internal.runners.statements.RunAfters.evaluate(RunAfters.java:31)
	at org.junit.runners.BlockJUnit4ClassRunner.runNotIgnored(BlockJUnit4ClassRunner.java:79)
	at org.junit.runners.BlockJUnit4ClassRunner.runChild(BlockJUnit4ClassRunner.java:71)
	at org.junit.runners.BlockJUnit4ClassRunner.runChild(BlockJUnit4ClassRunner.java:49)
	at org.junit.runners.ParentRunner$3.run(ParentRunner.java:193)
	at org.junit.runners.ParentRunner$1.schedule(ParentRunner.java:52)
	at org.junit.runners.ParentRunner.runChildren(ParentRunner.java:191)
	at org.junit.runners.ParentRunner.access$000(ParentRunner.java:42)
	at org.junit.runners.ParentRunner$2.evaluate(ParentRunner.java:184)
	at org.junit.runners.ParentRunner.run(ParentRunner.java:236)
	at junit.framework.JUnit4TestAdapter.run(JUnit4TestAdapter.java:39)
	at junit.framework.TestSuite.runTest(TestSuite.java:243)
	at junit.framework.TestSuite.run(TestSuite.java:238)
	at junit.framework.TestSuite.runTest(TestSuite.java:243)
	at junit.framework.TestSuite.run(TestSuite.java:238)
	at org.apache.tools.ant.taskdefs.optional.junit.JUnitTestRunner.run(JUnitTestRunner.java:420)
	at org.apache.tools.ant.taskdefs.optional.junit.JUnitTestRunner.launch(JUnitTestRunner.java:911)
	at org.apache.tools.ant.taskdefs.optional.junit.JUnitTestRunner.main(JUnitTestRunner.java:768)

Entering method [com.topcoder.reliability.impl.persistence.DatabaseReliabilityDataPersistence.close].
Error in method [com.topcoder.reliability.impl.persistence.DatabaseReliabilityDataPersistence.close], details: IllegalStateException is thrown.
java.lang.IllegalStateException: The connection is already closed.
	at com.topcoder.reliability.Helper.checkState(Helper.java:194)
	at com.topcoder.reliability.impl.persistence.DatabaseReliabilityDataPersistence.close(DatabaseReliabilityDataPersistence.java:648)
	at com.topcoder.reliability.impl.persistence.DatabaseReliabilityDataPersistenceUnitTests.tearDown(DatabaseReliabilityDataPersistenceUnitTests.java:159)
	at sun.reflect.GeneratedMethodAccessor10.invoke(Unknown Source)
	at sun.reflect.DelegatingMethodAccessorImpl.invoke(DelegatingMethodAccessorImpl.java:25)
	at java.lang.reflect.Method.invoke(Method.java:597)
	at org.junit.runners.model.FrameworkMethod$1.runReflectiveCall(FrameworkMethod.java:44)
	at org.junit.internal.runners.model.ReflectiveCallable.run(ReflectiveCallable.java:15)
	at org.junit.runners.model.FrameworkMethod.invokeExplosively(FrameworkMethod.java:41)
	at org.junit.internal.runners.statements.RunAfters.evaluate(RunAfters.java:37)
	at org.junit.runners.BlockJUnit4ClassRunner.runNotIgnored(BlockJUnit4ClassRunner.java:79)
	at org.junit.runners.BlockJUnit4ClassRunner.runChild(BlockJUnit4ClassRunner.java:71)
	at org.junit.runners.BlockJUnit4ClassRunner.runChild(BlockJUnit4ClassRunner.java:49)
	at org.junit.runners.ParentRunner$3.run(ParentRunner.java:193)
	at org.junit.runners.ParentRunner$1.schedule(ParentRunner.java:52)
	at org.junit.runners.ParentRunner.runChildren(ParentRunner.java:191)
	at org.junit.runners.ParentRunner.access$000(ParentRunner.java:42)
	at org.junit.runners.ParentRunner$2.evaluate(ParentRunner.java:184)
	at org.junit.runners.ParentRunner.run(ParentRunner.java:236)
	at junit.framework.JUnit4TestAdapter.run(JUnit4TestAdapter.java:39)
	at junit.framework.TestSuite.runTest(TestSuite.java:243)
	at junit.framework.TestSuite.run(TestSuite.java:238)
	at junit.framework.TestSuite.runTest(TestSuite.java:243)
	at junit.framework.TestSuite.run(TestSuite.java:238)
	at org.apache.tools.ant.taskdefs.optional.junit.JUnitTestRunner.run(JUnitTestRunner.java:420)
	at org.apache.tools.ant.taskdefs.optional.junit.JUnitTestRunner.launch(JUnitTestRunner.java:911)
	at org.apache.tools.ant.taskdefs.optional.junit.JUnitTestRunner.main(JUnitTestRunner.java:768)

Entering method [com.topcoder.reliability.impl.persistence.DatabaseReliabilityDataPersistence.open()].
Exiting method [com.topcoder.reliability.impl.persistence.DatabaseReliabilityDataPersistence.open()], time spent in the method: 10 milliseconds.
Entering method [com.topcoder.reliability.impl.persistence.DatabaseReliabilityDataPersistence.close].
Exiting method [com.topcoder.reliability.impl.persistence.DatabaseReliabilityDataPersistence.close], time spent in the method: 0 milliseconds.
Entering method [com.topcoder.reliability.impl.persistence.DatabaseReliabilityDataPersistence.open()].
Exiting method [com.topcoder.reliability.impl.persistence.DatabaseReliabilityDataPersistence.open()], time spent in the method: 11 milliseconds.
Entering method [com.topcoder.reliability.impl.persistence.DatabaseReliabilityDataPersistence.updateCurrentUserReliability(long userId, long projectCategoryId, double reliability)].
Input parameters[userId:123456, projectCategoryId:1, reliability:0.1]
Error in method [com.topcoder.reliability.impl.persistence.DatabaseReliabilityDataPersistence.updateCurrentUserReliability(long userId, long projectCategoryId, double reliability)], details: A database access error occurred when rolling back (will be ignored).
java.sql.SQLException: Connection not established
	at com.informix.util.IfxErrMsg.getSQLException(IfxErrMsg.java:413)
	at com.informix.jdbc.IfxSqliConnect.rollback(IfxSqliConnect.java:2075)
	at com.topcoder.reliability.impl.persistence.DatabaseReliabilityDataPersistence.rollback(DatabaseReliabilityDataPersistence.java:799)
	at com.topcoder.reliability.impl.persistence.DatabaseReliabilityDataPersistence.updateCurrentUserReliability(DatabaseReliabilityDataPersistence.java:611)
	at com.topcoder.reliability.impl.persistence.DatabaseReliabilityDataPersistenceUnitTests.test_updateCurrentUserReliability_Error(DatabaseReliabilityDataPersistenceUnitTests.java:1130)
	at sun.reflect.NativeMethodAccessorImpl.invoke0(Native Method)
	at sun.reflect.NativeMethodAccessorImpl.invoke(NativeMethodAccessorImpl.java:39)
	at sun.reflect.DelegatingMethodAccessorImpl.invoke(DelegatingMethodAccessorImpl.java:25)
	at java.lang.reflect.Method.invoke(Method.java:597)
	at org.junit.runners.model.FrameworkMethod$1.runReflectiveCall(FrameworkMethod.java:44)
	at org.junit.internal.runners.model.ReflectiveCallable.run(ReflectiveCallable.java:15)
	at org.junit.runners.model.FrameworkMethod.invokeExplosively(FrameworkMethod.java:41)
	at org.junit.internal.runners.statements.InvokeMethod.evaluate(InvokeMethod.java:20)
	at org.junit.internal.runners.statements.ExpectException.evaluate(ExpectException.java:21)
	at org.junit.internal.runners.statements.RunBefores.evaluate(RunBefores.java:28)
	at org.junit.internal.runners.statements.RunAfters.evaluate(RunAfters.java:31)
	at org.junit.runners.BlockJUnit4ClassRunner.runNotIgnored(BlockJUnit4ClassRunner.java:79)
	at org.junit.runners.BlockJUnit4ClassRunner.runChild(BlockJUnit4ClassRunner.java:71)
	at org.junit.runners.BlockJUnit4ClassRunner.runChild(BlockJUnit4ClassRunner.java:49)
	at org.junit.runners.ParentRunner$3.run(ParentRunner.java:193)
	at org.junit.runners.ParentRunner$1.schedule(ParentRunner.java:52)
	at org.junit.runners.ParentRunner.runChildren(ParentRunner.java:191)
	at org.junit.runners.ParentRunner.access$000(ParentRunner.java:42)
	at org.junit.runners.ParentRunner$2.evaluate(ParentRunner.java:184)
	at org.junit.runners.ParentRunner.run(ParentRunner.java:236)
	at junit.framework.JUnit4TestAdapter.run(JUnit4TestAdapter.java:39)
	at junit.framework.TestSuite.runTest(TestSuite.java:243)
	at junit.framework.TestSuite.run(TestSuite.java:238)
	at junit.framework.TestSuite.runTest(TestSuite.java:243)
	at junit.framework.TestSuite.run(TestSuite.java:238)
	at org.apache.tools.ant.taskdefs.optional.junit.JUnitTestRunner.run(JUnitTestRunner.java:420)
	at org.apache.tools.ant.taskdefs.optional.junit.JUnitTestRunner.launch(JUnitTestRunner.java:911)
	at org.apache.tools.ant.taskdefs.optional.junit.JUnitTestRunner.main(JUnitTestRunner.java:768)

Error in method [com.topcoder.reliability.impl.persistence.DatabaseReliabilityDataPersistence.updateCurrentUserReliability(long userId, long projectCategoryId, double reliability)], details: ReliabilityDataPersistenceException is thrown when updating the current user reliability.
com.topcoder.reliability.impl.ReliabilityDataPersistenceException: A database access error occurred.
	at com.topcoder.reliability.impl.persistence.DatabaseReliabilityDataPersistence.updateCurrentUserReliability(DatabaseReliabilityDataPersistence.java:613)
	at com.topcoder.reliability.impl.persistence.DatabaseReliabilityDataPersistenceUnitTests.test_updateCurrentUserReliability_Error(DatabaseReliabilityDataPersistenceUnitTests.java:1130)
	at sun.reflect.NativeMethodAccessorImpl.invoke0(Native Method)
	at sun.reflect.NativeMethodAccessorImpl.invoke(NativeMethodAccessorImpl.java:39)
	at sun.reflect.DelegatingMethodAccessorImpl.invoke(DelegatingMethodAccessorImpl.java:25)
	at java.lang.reflect.Method.invoke(Method.java:597)
	at org.junit.runners.model.FrameworkMethod$1.runReflectiveCall(FrameworkMethod.java:44)
	at org.junit.internal.runners.model.ReflectiveCallable.run(ReflectiveCallable.java:15)
	at org.junit.runners.model.FrameworkMethod.invokeExplosively(FrameworkMethod.java:41)
	at org.junit.internal.runners.statements.InvokeMethod.evaluate(InvokeMethod.java:20)
	at org.junit.internal.runners.statements.ExpectException.evaluate(ExpectException.java:21)
	at org.junit.internal.runners.statements.RunBefores.evaluate(RunBefores.java:28)
	at org.junit.internal.runners.statements.RunAfters.evaluate(RunAfters.java:31)
	at org.junit.runners.BlockJUnit4ClassRunner.runNotIgnored(BlockJUnit4ClassRunner.java:79)
	at org.junit.runners.BlockJUnit4ClassRunner.runChild(BlockJUnit4ClassRunner.java:71)
	at org.junit.runners.BlockJUnit4ClassRunner.runChild(BlockJUnit4ClassRunner.java:49)
	at org.junit.runners.ParentRunner$3.run(ParentRunner.java:193)
	at org.junit.runners.ParentRunner$1.schedule(ParentRunner.java:52)
	at org.junit.runners.ParentRunner.runChildren(ParentRunner.java:191)
	at org.junit.runners.ParentRunner.access$000(ParentRunner.java:42)
	at org.junit.runners.ParentRunner$2.evaluate(ParentRunner.java:184)
	at org.junit.runners.ParentRunner.run(ParentRunner.java:236)
	at junit.framework.JUnit4TestAdapter.run(JUnit4TestAdapter.java:39)
	at junit.framework.TestSuite.runTest(TestSuite.java:243)
	at junit.framework.TestSuite.run(TestSuite.java:238)
	at junit.framework.TestSuite.runTest(TestSuite.java:243)
	at junit.framework.TestSuite.run(TestSuite.java:238)
	at org.apache.tools.ant.taskdefs.optional.junit.JUnitTestRunner.run(JUnitTestRunner.java:420)
	at org.apache.tools.ant.taskdefs.optional.junit.JUnitTestRunner.launch(JUnitTestRunner.java:911)
	at org.apache.tools.ant.taskdefs.optional.junit.JUnitTestRunner.main(JUnitTestRunner.java:768)
Caused by: java.sql.SQLException: Connection not established
	at com.informix.util.IfxErrMsg.getSQLException(IfxErrMsg.java:413)
	at com.informix.jdbc.IfxSqliConnect.h(IfxSqliConnect.java:6588)
	at com.informix.jdbc.IfxSqliConnect.prepareStatement(IfxSqliConnect.java:2396)
	at com.topcoder.reliability.impl.persistence.DatabaseReliabilityDataPersistence.executeUpdate(DatabaseReliabilityDataPersistence.java:829)
	at com.topcoder.reliability.impl.persistence.DatabaseReliabilityDataPersistence.updateCurrentUserReliability(DatabaseReliabilityDataPersistence.java:601)
	... 29 more

Entering method [com.topcoder.reliability.impl.persistence.DatabaseReliabilityDataPersistence.close].
Exiting method [com.topcoder.reliability.impl.persistence.DatabaseReliabilityDataPersistence.close], time spent in the method: 0 milliseconds.
Entering method [com.topcoder.reliability.impl.persistence.DatabaseReliabilityDataPersistence.open()].
Exiting method [com.topcoder.reliability.impl.persistence.DatabaseReliabilityDataPersistence.open()], time spent in the method: 13 milliseconds.
Entering method [com.topcoder.reliability.impl.persistence.DatabaseReliabilityDataPersistence.close].
Exiting method [com.topcoder.reliability.impl.persistence.DatabaseReliabilityDataPersistence.close], time spent in the method: 1 milliseconds.
Entering method [com.topcoder.reliability.impl.persistence.DatabaseReliabilityDataPersistence.close].
Error in method [com.topcoder.reliability.impl.persistence.DatabaseReliabilityDataPersistence.close], details: IllegalStateException is thrown.
java.lang.IllegalStateException: The connection is already closed.
	at com.topcoder.reliability.Helper.checkState(Helper.java:194)
	at com.topcoder.reliability.impl.persistence.DatabaseReliabilityDataPersistence.close(DatabaseReliabilityDataPersistence.java:648)
	at com.topcoder.reliability.impl.persistence.DatabaseReliabilityDataPersistenceUnitTests.tearDown(DatabaseReliabilityDataPersistenceUnitTests.java:159)
	at sun.reflect.GeneratedMethodAccessor10.invoke(Unknown Source)
	at sun.reflect.DelegatingMethodAccessorImpl.invoke(DelegatingMethodAccessorImpl.java:25)
	at java.lang.reflect.Method.invoke(Method.java:597)
	at org.junit.runners.model.FrameworkMethod$1.runReflectiveCall(FrameworkMethod.java:44)
	at org.junit.internal.runners.model.ReflectiveCallable.run(ReflectiveCallable.java:15)
	at org.junit.runners.model.FrameworkMethod.invokeExplosively(FrameworkMethod.java:41)
	at org.junit.internal.runners.statements.RunAfters.evaluate(RunAfters.java:37)
	at org.junit.runners.BlockJUnit4ClassRunner.runNotIgnored(BlockJUnit4ClassRunner.java:79)
	at org.junit.runners.BlockJUnit4ClassRunner.runChild(BlockJUnit4ClassRunner.java:71)
	at org.junit.runners.BlockJUnit4ClassRunner.runChild(BlockJUnit4ClassRunner.java:49)
	at org.junit.runners.ParentRunner$3.run(ParentRunner.java:193)
	at org.junit.runners.ParentRunner$1.schedule(ParentRunner.java:52)
	at org.junit.runners.ParentRunner.runChildren(ParentRunner.java:191)
	at org.junit.runners.ParentRunner.access$000(ParentRunner.java:42)
	at org.junit.runners.ParentRunner$2.evaluate(ParentRunner.java:184)
	at org.junit.runners.ParentRunner.run(ParentRunner.java:236)
	at junit.framework.JUnit4TestAdapter.run(JUnit4TestAdapter.java:39)
	at junit.framework.TestSuite.runTest(TestSuite.java:243)
	at junit.framework.TestSuite.run(TestSuite.java:238)
	at junit.framework.TestSuite.runTest(TestSuite.java:243)
	at junit.framework.TestSuite.run(TestSuite.java:238)
	at org.apache.tools.ant.taskdefs.optional.junit.JUnitTestRunner.run(JUnitTestRunner.java:420)
	at org.apache.tools.ant.taskdefs.optional.junit.JUnitTestRunner.launch(JUnitTestRunner.java:911)
	at org.apache.tools.ant.taskdefs.optional.junit.JUnitTestRunner.main(JUnitTestRunner.java:768)

Entering method [com.topcoder.reliability.impl.persistence.DatabaseReliabilityDataPersistence.open()].
Exiting method [com.topcoder.reliability.impl.persistence.DatabaseReliabilityDataPersistence.open()], time spent in the method: 11 milliseconds.
Entering method [com.topcoder.reliability.impl.persistence.DatabaseReliabilityDataPersistence.close].
Exiting method [com.topcoder.reliability.impl.persistence.DatabaseReliabilityDataPersistence.close], time spent in the method: 1 milliseconds.
Entering method [com.topcoder.reliability.impl.persistence.DatabaseReliabilityDataPersistence.close].
Error in method [com.topcoder.reliability.impl.persistence.DatabaseReliabilityDataPersistence.close], details: IllegalStateException is thrown.
java.lang.IllegalStateException: The connection is already closed.
	at com.topcoder.reliability.Helper.checkState(Helper.java:194)
	at com.topcoder.reliability.impl.persistence.DatabaseReliabilityDataPersistence.close(DatabaseReliabilityDataPersistence.java:648)
	at com.topcoder.reliability.impl.persistence.DatabaseReliabilityDataPersistenceUnitTests.test_close_AlreadyClosed(DatabaseReliabilityDataPersistenceUnitTests.java:1163)
	at sun.reflect.NativeMethodAccessorImpl.invoke0(Native Method)
	at sun.reflect.NativeMethodAccessorImpl.invoke(NativeMethodAccessorImpl.java:39)
	at sun.reflect.DelegatingMethodAccessorImpl.invoke(DelegatingMethodAccessorImpl.java:25)
	at java.lang.reflect.Method.invoke(Method.java:597)
	at org.junit.runners.model.FrameworkMethod$1.runReflectiveCall(FrameworkMethod.java:44)
	at org.junit.internal.runners.model.ReflectiveCallable.run(ReflectiveCallable.java:15)
	at org.junit.runners.model.FrameworkMethod.invokeExplosively(FrameworkMethod.java:41)
	at org.junit.internal.runners.statements.InvokeMethod.evaluate(InvokeMethod.java:20)
	at org.junit.internal.runners.statements.ExpectException.evaluate(ExpectException.java:21)
	at org.junit.internal.runners.statements.RunBefores.evaluate(RunBefores.java:28)
	at org.junit.internal.runners.statements.RunAfters.evaluate(RunAfters.java:31)
	at org.junit.runners.BlockJUnit4ClassRunner.runNotIgnored(BlockJUnit4ClassRunner.java:79)
	at org.junit.runners.BlockJUnit4ClassRunner.runChild(BlockJUnit4ClassRunner.java:71)
	at org.junit.runners.BlockJUnit4ClassRunner.runChild(BlockJUnit4ClassRunner.java:49)
	at org.junit.runners.ParentRunner$3.run(ParentRunner.java:193)
	at org.junit.runners.ParentRunner$1.schedule(ParentRunner.java:52)
	at org.junit.runners.ParentRunner.runChildren(ParentRunner.java:191)
	at org.junit.runners.ParentRunner.access$000(ParentRunner.java:42)
	at org.junit.runners.ParentRunner$2.evaluate(ParentRunner.java:184)
	at org.junit.runners.ParentRunner.run(ParentRunner.java:236)
	at junit.framework.JUnit4TestAdapter.run(JUnit4TestAdapter.java:39)
	at junit.framework.TestSuite.runTest(TestSuite.java:243)
	at junit.framework.TestSuite.run(TestSuite.java:238)
	at junit.framework.TestSuite.runTest(TestSuite.java:243)
	at junit.framework.TestSuite.run(TestSuite.java:238)
	at org.apache.tools.ant.taskdefs.optional.junit.JUnitTestRunner.run(JUnitTestRunner.java:420)
	at org.apache.tools.ant.taskdefs.optional.junit.JUnitTestRunner.launch(JUnitTestRunner.java:911)
	at org.apache.tools.ant.taskdefs.optional.junit.JUnitTestRunner.main(JUnitTestRunner.java:768)

Entering method [com.topcoder.reliability.impl.persistence.DatabaseReliabilityDataPersistence.close].
Error in method [com.topcoder.reliability.impl.persistence.DatabaseReliabilityDataPersistence.close], details: IllegalStateException is thrown.
java.lang.IllegalStateException: The connection is already closed.
	at com.topcoder.reliability.Helper.checkState(Helper.java:194)
	at com.topcoder.reliability.impl.persistence.DatabaseReliabilityDataPersistence.close(DatabaseReliabilityDataPersistence.java:648)
	at com.topcoder.reliability.impl.persistence.DatabaseReliabilityDataPersistenceUnitTests.tearDown(DatabaseReliabilityDataPersistenceUnitTests.java:159)
	at sun.reflect.GeneratedMethodAccessor10.invoke(Unknown Source)
	at sun.reflect.DelegatingMethodAccessorImpl.invoke(DelegatingMethodAccessorImpl.java:25)
	at java.lang.reflect.Method.invoke(Method.java:597)
	at org.junit.runners.model.FrameworkMethod$1.runReflectiveCall(FrameworkMethod.java:44)
	at org.junit.internal.runners.model.ReflectiveCallable.run(ReflectiveCallable.java:15)
	at org.junit.runners.model.FrameworkMethod.invokeExplosively(FrameworkMethod.java:41)
	at org.junit.internal.runners.statements.RunAfters.evaluate(RunAfters.java:37)
	at org.junit.runners.BlockJUnit4ClassRunner.runNotIgnored(BlockJUnit4ClassRunner.java:79)
	at org.junit.runners.BlockJUnit4ClassRunner.runChild(BlockJUnit4ClassRunner.java:71)
	at org.junit.runners.BlockJUnit4ClassRunner.runChild(BlockJUnit4ClassRunner.java:49)
	at org.junit.runners.ParentRunner$3.run(ParentRunner.java:193)
	at org.junit.runners.ParentRunner$1.schedule(ParentRunner.java:52)
	at org.junit.runners.ParentRunner.runChildren(ParentRunner.java:191)
	at org.junit.runners.ParentRunner.access$000(ParentRunner.java:42)
	at org.junit.runners.ParentRunner$2.evaluate(ParentRunner.java:184)
	at org.junit.runners.ParentRunner.run(ParentRunner.java:236)
	at junit.framework.JUnit4TestAdapter.run(JUnit4TestAdapter.java:39)
	at junit.framework.TestSuite.runTest(TestSuite.java:243)
	at junit.framework.TestSuite.run(TestSuite.java:238)
	at junit.framework.TestSuite.runTest(TestSuite.java:243)
	at junit.framework.TestSuite.run(TestSuite.java:238)
	at org.apache.tools.ant.taskdefs.optional.junit.JUnitTestRunner.run(JUnitTestRunner.java:420)
	at org.apache.tools.ant.taskdefs.optional.junit.JUnitTestRunner.launch(JUnitTestRunner.java:911)
	at org.apache.tools.ant.taskdefs.optional.junit.JUnitTestRunner.main(JUnitTestRunner.java:768)

Entering method [com.topcoder.reliability.impl.persistence.DatabaseReliabilityDataPersistence.open()].
Exiting method [com.topcoder.reliability.impl.persistence.DatabaseReliabilityDataPersistence.open()], time spent in the method: 10 milliseconds.
Entering method [com.topcoder.reliability.impl.persistence.DatabaseReliabilityDataPersistence.close].
Exiting method [com.topcoder.reliability.impl.persistence.DatabaseReliabilityDataPersistence.close], time spent in the method: 1 milliseconds.
Entering method [com.topcoder.reliability.impl.detectors.PhaseEndTimeBasedResolutionDateDetector.detect(UserProjectParticipationData data)].
Input parameters[data:com.topcoder.reliability.impl.UserProjectParticipationData@19737b9f]
Exiting method [com.topcoder.reliability.impl.detectors.PhaseEndTimeBasedResolutionDateDetector.detect(UserProjectParticipationData data)], time spent in the method: 0 milliseconds.
Entering method [com.topcoder.reliability.impl.detectors.PhaseEndTimeBasedResolutionDateDetector.detect(UserProjectParticipationData data)].
Input parameters[data:com.topcoder.reliability.impl.UserProjectParticipationData@69fc6eed]
Exiting method [com.topcoder.reliability.impl.detectors.PhaseEndTimeBasedResolutionDateDetector.detect(UserProjectParticipationData data)], time spent in the method: 0 milliseconds.
Entering method [com.topcoder.reliability.impl.detectors.PhaseEndTimeBasedResolutionDateDetector.detect(UserProjectParticipationData data)].
Input parameters[data:com.topcoder.reliability.impl.UserProjectParticipationData@fd50fd2]
Exiting method [com.topcoder.reliability.impl.detectors.PhaseEndTimeBasedResolutionDateDetector.detect(UserProjectParticipationData data)], time spent in the method: 0 milliseconds.
Entering method [com.topcoder.reliability.impl.detectors.PhaseEndTimeBasedResolutionDateDetector.detect(UserProjectParticipationData data)].
Input parameters[data:com.topcoder.reliability.impl.UserProjectParticipationData@8ca9a2d]
Exiting method [com.topcoder.reliability.impl.detectors.PhaseEndTimeBasedResolutionDateDetector.detect(UserProjectParticipationData data)], time spent in the method: 0 milliseconds.
Entering method [com.topcoder.reliability.impl.detectors.PhaseEndTimeBasedResolutionDateDetector.detect(UserProjectParticipationData data)].
Input parameters[data:com.topcoder.reliability.impl.UserProjectParticipationData@606f6068]
Exiting method [com.topcoder.reliability.impl.detectors.PhaseEndTimeBasedResolutionDateDetector.detect(UserProjectParticipationData data)], time spent in the method: 0 milliseconds.
Entering method [com.topcoder.reliability.impl.detectors.PhaseEndTimeBasedResolutionDateDetector.detect(UserProjectParticipationData data)].
Input parameters[data:com.topcoder.reliability.impl.UserProjectParticipationData@2850a492]
Exiting method [com.topcoder.reliability.impl.detectors.PhaseEndTimeBasedResolutionDateDetector.detect(UserProjectParticipationData data)], time spent in the method: 0 milliseconds.
Entering method [com.topcoder.reliability.impl.detectors.PhaseEndTimeBasedResolutionDateDetector.detect(UserProjectParticipationData data)].
Input parameters[data:com.topcoder.reliability.impl.UserProjectParticipationData@708d8f67]
Exiting method [com.topcoder.reliability.impl.detectors.PhaseEndTimeBasedResolutionDateDetector.detect(UserProjectParticipationData data)], time spent in the method: 0 milliseconds.
Entering method [com.topcoder.reliability.impl.detectors.PhaseEndTimeBasedResolutionDateDetector.detect(UserProjectParticipationData data)].
Input parameters[data:com.topcoder.reliability.impl.UserProjectParticipationData@66a96863]
Exiting method [com.topcoder.reliability.impl.detectors.PhaseEndTimeBasedResolutionDateDetector.detect(UserProjectParticipationData data)], time spent in the method: 0 milliseconds.
Entering method [com.topcoder.reliability.impl.detectors.PhaseEndTimeBasedResolutionDateDetector.detect(UserProjectParticipationData data)].
Input parameters[data:com.topcoder.reliability.impl.UserProjectParticipationData@764b2c0]
Exiting method [com.topcoder.reliability.impl.detectors.PhaseEndTimeBasedResolutionDateDetector.detect(UserProjectParticipationData data)], time spent in the method: 0 milliseconds.
Entering method [com.topcoder.reliability.impl.detectors.PhaseEndTimeBasedResolutionDateDetector.detect(UserProjectParticipationData data)].
Input parameters[data:null]
Error in method [com.topcoder.reliability.impl.detectors.PhaseEndTimeBasedResolutionDateDetector.detect(UserProjectParticipationData data)], details: IllegalArgumentException is thrown.
java.lang.IllegalArgumentException: 'data' should not be null.
	at com.topcoder.reliability.Helper.checkNull(Helper.java:131)
	at com.topcoder.reliability.impl.detectors.PhaseEndTimeBasedResolutionDateDetector.detect(PhaseEndTimeBasedResolutionDateDetector.java:126)
	at com.topcoder.reliability.impl.detectors.PhaseEndTimeBasedResolutionDateDetectorUnitTests.test_detect_dataNull(PhaseEndTimeBasedResolutionDateDetectorUnitTests.java:356)
	at sun.reflect.NativeMethodAccessorImpl.invoke0(Native Method)
	at sun.reflect.NativeMethodAccessorImpl.invoke(NativeMethodAccessorImpl.java:39)
	at sun.reflect.DelegatingMethodAccessorImpl.invoke(DelegatingMethodAccessorImpl.java:25)
	at java.lang.reflect.Method.invoke(Method.java:597)
	at org.junit.runners.model.FrameworkMethod$1.runReflectiveCall(FrameworkMethod.java:44)
	at org.junit.internal.runners.model.ReflectiveCallable.run(ReflectiveCallable.java:15)
	at org.junit.runners.model.FrameworkMethod.invokeExplosively(FrameworkMethod.java:41)
	at org.junit.internal.runners.statements.InvokeMethod.evaluate(InvokeMethod.java:20)
	at org.junit.internal.runners.statements.ExpectException.evaluate(ExpectException.java:21)
	at org.junit.internal.runners.statements.RunBefores.evaluate(RunBefores.java:28)
	at org.junit.runners.BlockJUnit4ClassRunner.runNotIgnored(BlockJUnit4ClassRunner.java:79)
	at org.junit.runners.BlockJUnit4ClassRunner.runChild(BlockJUnit4ClassRunner.java:71)
	at org.junit.runners.BlockJUnit4ClassRunner.runChild(BlockJUnit4ClassRunner.java:49)
	at org.junit.runners.ParentRunner$3.run(ParentRunner.java:193)
	at org.junit.runners.ParentRunner$1.schedule(ParentRunner.java:52)
	at org.junit.runners.ParentRunner.runChildren(ParentRunner.java:191)
	at org.junit.runners.ParentRunner.access$000(ParentRunner.java:42)
	at org.junit.runners.ParentRunner$2.evaluate(ParentRunner.java:184)
	at org.junit.runners.ParentRunner.run(ParentRunner.java:236)
	at junit.framework.JUnit4TestAdapter.run(JUnit4TestAdapter.java:39)
	at junit.framework.TestSuite.runTest(TestSuite.java:243)
	at junit.framework.TestSuite.run(TestSuite.java:238)
	at junit.framework.TestSuite.runTest(TestSuite.java:243)
	at junit.framework.TestSuite.run(TestSuite.java:238)
	at org.apache.tools.ant.taskdefs.optional.junit.JUnitTestRunner.run(JUnitTestRunner.java:420)
	at org.apache.tools.ant.taskdefs.optional.junit.JUnitTestRunner.launch(JUnitTestRunner.java:911)
	at org.apache.tools.ant.taskdefs.optional.junit.JUnitTestRunner.main(JUnitTestRunner.java:768)

Entering method [com.topcoder.reliability.impl.detectors.PhaseEndTimeBasedResolutionDateDetector.detect(UserProjectParticipationData data)].
Input parameters[data:com.topcoder.reliability.impl.UserProjectParticipationData@60a93995]
Exiting method [com.topcoder.reliability.impl.detectors.PhaseEndTimeBasedResolutionDateDetector.detect(UserProjectParticipationData data)], time spent in the method: 0 milliseconds.
Entering method [com.topcoder.reliability.impl.detectors.PhaseEndTimeBasedResolutionDateDetector.detect(UserProjectParticipationData data)].
Input parameters[data:com.topcoder.reliability.impl.UserProjectParticipationData@559fe5e6]
Exiting method [com.topcoder.reliability.impl.detectors.PhaseEndTimeBasedResolutionDateDetector.detect(UserProjectParticipationData data)], time spent in the method: 0 milliseconds.
Entering method [com.topcoder.reliability.impl.detectors.PhaseEndTimeBasedResolutionDateDetector.detect(UserProjectParticipationData data)].
Input parameters[data:com.topcoder.reliability.impl.UserProjectParticipationData@6f24d504]
Exiting method [com.topcoder.reliability.impl.detectors.PhaseEndTimeBasedResolutionDateDetector.detect(UserProjectParticipationData data)], time spent in the method: 0 milliseconds.
Entering method [com.topcoder.reliability.impl.detectors.PhaseEndTimeBasedResolutionDateDetector.detect(UserProjectParticipationData data)].
Input parameters[data:com.topcoder.reliability.impl.UserProjectParticipationData@59e61026]
Exiting method [com.topcoder.reliability.impl.detectors.PhaseEndTimeBasedResolutionDateDetector.detect(UserProjectParticipationData data)], time spent in the method: 0 milliseconds.
Entering method [com.topcoder.reliability.impl.detectors.PhaseEndTimeBasedResolutionDateDetector.detect(UserProjectParticipationData data)].
Input parameters[data:com.topcoder.reliability.impl.UserProjectParticipationData@2cd507d3]
Exiting method [com.topcoder.reliability.impl.detectors.PhaseEndTimeBasedResolutionDateDetector.detect(UserProjectParticipationData data)], time spent in the method: 1 milliseconds.
Entering method [com.topcoder.reliability.impl.detectors.PhaseEndTimeBasedResolutionDateDetector.detect(UserProjectParticipationData data)].
Input parameters[data:com.topcoder.reliability.impl.UserProjectParticipationData@3899d56b]
Exiting method [com.topcoder.reliability.impl.detectors.PhaseEndTimeBasedResolutionDateDetector.detect(UserProjectParticipationData data)], time spent in the method: 1 milliseconds.
Entering method [com.topcoder.reliability.impl.calculators.BaseUserReliabilityCalculator.calculate(List<UserProjectParticipationData> projects)].
Input parameters[projects:[com.topcoder.reliability.impl.UserProjectParticipationData@4a09c939, com.topcoder.reliability.impl.UserProjectParticipationData@4879e328]]
Exiting method [com.topcoder.reliability.impl.calculators.BaseUserReliabilityCalculator.calculate(List<UserProjectParticipationData> projects)], time spent in the method: 1 milliseconds.
Output parameter: []
Entering method [com.topcoder.reliability.impl.calculators.BaseUserReliabilityCalculator.calculate(List<UserProjectParticipationData> projects)].
Input parameters[projects:[com.topcoder.reliability.impl.UserProjectParticipationData@452e7234, com.topcoder.reliability.impl.UserProjectParticipationData@6c4bd767, com.topcoder.reliability.impl.UserProjectParticipationData@672ae2bc]]
Exiting method [com.topcoder.reliability.impl.calculators.BaseUserReliabilityCalculator.calculate(List<UserProjectParticipationData> projects)], time spent in the method: 0 milliseconds.
Output parameter: [com.topcoder.reliability.impl.UserProjectReliabilityData@308bd98e]
Entering method [com.topcoder.reliability.impl.calculators.BaseUserReliabilityCalculator.calculate(List<UserProjectParticipationData> projects)].
Input parameters[projects:[com.topcoder.reliability.impl.UserProjectParticipationData@2608b60a, com.topcoder.reliability.impl.UserProjectParticipationData@5e75e08, com.topcoder.reliability.impl.UserProjectParticipationData@18ce623f, com.topcoder.reliability.impl.UserProjectParticipationData@159422d2, com.topcoder.reliability.impl.UserProjectParticipationData@307a140f, com.topcoder.reliability.impl.UserProjectParticipationData@1ebafda6, com.topcoder.reliability.impl.UserProjectParticipationData@662ad0d]]
Exiting method [com.topcoder.reliability.impl.calculators.BaseUserReliabilityCalculator.calculate(List<UserProjectParticipationData> projects)], time spent in the method: 1 milliseconds.
Output parameter: [com.topcoder.reliability.impl.UserProjectReliabilityData@384f33c1, com.topcoder.reliability.impl.UserProjectReliabilityData@57cee0c8, com.topcoder.reliability.impl.UserProjectReliabilityData@4f079781, com.topcoder.reliability.impl.UserProjectReliabilityData@7b6bbeaf, com.topcoder.reliability.impl.UserProjectReliabilityData@5eb41276]
Entering method [com.topcoder.reliability.impl.calculators.BaseUserReliabilityCalculator.calculate(List<UserProjectParticipationData> projects)].
Input parameters[projects:[com.topcoder.reliability.impl.UserProjectParticipationData@6f461b5b, com.topcoder.reliability.impl.UserProjectParticipationData@63ae2c6f]]
Exiting method [com.topcoder.reliability.impl.calculators.BaseUserReliabilityCalculator.calculate(List<UserProjectParticipationData> projects)], time spent in the method: 0 milliseconds.
Output parameter: []
Entering method [com.topcoder.reliability.impl.calculators.BaseUserReliabilityCalculator.calculate(List<UserProjectParticipationData> projects)].
Input parameters[projects:[com.topcoder.reliability.impl.UserProjectParticipationData@6eef9525, com.topcoder.reliability.impl.UserProjectParticipationData@3328e909, com.topcoder.reliability.impl.UserProjectParticipationData@42db681c]]
Exiting method [com.topcoder.reliability.impl.calculators.BaseUserReliabilityCalculator.calculate(List<UserProjectParticipationData> projects)], time spent in the method: 0 milliseconds.
Output parameter: [com.topcoder.reliability.impl.UserProjectReliabilityData@5290288e]
Entering method [com.topcoder.reliability.impl.calculators.BaseUserReliabilityCalculator.calculate(List<UserProjectParticipationData> projects)].
Input parameters[projects:[com.topcoder.reliability.impl.UserProjectParticipationData@34768dc8, com.topcoder.reliability.impl.UserProjectParticipationData@53566060, com.topcoder.reliability.impl.UserProjectParticipationData@4bd1695e, com.topcoder.reliability.impl.UserProjectParticipationData@215cc135, com.topcoder.reliability.impl.UserProjectParticipationData@50908faf, com.topcoder.reliability.impl.UserProjectParticipationData@42c9537b, com.topcoder.reliability.impl.UserProjectParticipationData@2f87d27e]]
Exiting method [com.topcoder.reliability.impl.calculators.BaseUserReliabilityCalculator.calculate(List<UserProjectParticipationData> projects)], time spent in the method: 0 milliseconds.
Output parameter: [com.topcoder.reliability.impl.UserProjectReliabilityData@7e0c6692, com.topcoder.reliability.impl.UserProjectReliabilityData@60223be4, com.topcoder.reliability.impl.UserProjectReliabilityData@678a270a, com.topcoder.reliability.impl.UserProjectReliabilityData@1f0936a1, com.topcoder.reliability.impl.UserProjectReliabilityData@15e193f2]
Entering method [com.topcoder.reliability.impl.calculators.BaseUserReliabilityCalculator.calculate(List<UserProjectParticipationData> projects)].
Input parameters[projects:[com.topcoder.reliability.impl.UserProjectParticipationData@40dec87, com.topcoder.reliability.impl.UserProjectParticipationData@2e239525, com.topcoder.reliability.impl.UserProjectParticipationData@2214c7cd, com.topcoder.reliability.impl.UserProjectParticipationData@2497536, com.topcoder.reliability.impl.UserProjectParticipationData@24ae2d66, com.topcoder.reliability.impl.UserProjectParticipationData@2726965a, com.topcoder.reliability.impl.UserProjectParticipationData@565902ca]]
Exiting method [com.topcoder.reliability.impl.calculators.BaseUserReliabilityCalculator.calculate(List<UserProjectParticipationData> projects)], time spent in the method: 0 milliseconds.
Output parameter: [com.topcoder.reliability.impl.UserProjectReliabilityData@6dc6480f, com.topcoder.reliability.impl.UserProjectReliabilityData@74a50916, com.topcoder.reliability.impl.UserProjectReliabilityData@7ef7bf2d, com.topcoder.reliability.impl.UserProjectReliabilityData@3b28647a, com.topcoder.reliability.impl.UserProjectReliabilityData@58dca3ed]
Entering method [com.topcoder.reliability.impl.calculators.BaseUserReliabilityCalculator.calculate(List<UserProjectParticipationData> projects)].
Input parameters[projects:[com.topcoder.reliability.impl.UserProjectParticipationData@2d34ab9b, com.topcoder.reliability.impl.UserProjectParticipationData@5cee644c]]
Exiting method [com.topcoder.reliability.impl.calculators.BaseUserReliabilityCalculator.calculate(List<UserProjectParticipationData> projects)], time spent in the method: 0 milliseconds.
Output parameter: []
Entering method [com.topcoder.reliability.impl.calculators.BaseUserReliabilityCalculator.calculate(List<UserProjectParticipationData> projects)].
Input parameters[projects:[com.topcoder.reliability.impl.UserProjectParticipationData@22e6f970, com.topcoder.reliability.impl.UserProjectParticipationData@6a0239f6, com.topcoder.reliability.impl.UserProjectParticipationData@382b7bd9]]
Exiting method [com.topcoder.reliability.impl.calculators.BaseUserReliabilityCalculator.calculate(List<UserProjectParticipationData> projects)], time spent in the method: 1 milliseconds.
Output parameter: [com.topcoder.reliability.impl.UserProjectReliabilityData@2ed0005e]
Entering method [com.topcoder.reliability.impl.calculators.BaseUserReliabilityCalculator.calculate(List<UserProjectParticipationData> projects)].
Input parameters[projects:[com.topcoder.reliability.impl.UserProjectParticipationData@66a1fdd8, com.topcoder.reliability.impl.UserProjectParticipationData@1520a48c, com.topcoder.reliability.impl.UserProjectParticipationData@1212ee2a, com.topcoder.reliability.impl.UserProjectParticipationData@18d210ab, com.topcoder.reliability.impl.UserProjectParticipationData@7445748, com.topcoder.reliability.impl.UserProjectParticipationData@17be3bb2, com.topcoder.reliability.impl.UserProjectParticipationData@4a412f4b]]
Exiting method [com.topcoder.reliability.impl.calculators.BaseUserReliabilityCalculator.calculate(List<UserProjectParticipationData> projects)], time spent in the method: 0 milliseconds.
Output parameter: [com.topcoder.reliability.impl.UserProjectReliabilityData@7d880b02, com.topcoder.reliability.impl.UserProjectReliabilityData@6e8af0b0, com.topcoder.reliability.impl.UserProjectReliabilityData@63bfeb82, com.topcoder.reliability.impl.UserProjectReliabilityData@4cfed6f7, com.topcoder.reliability.impl.UserProjectReliabilityData@6ed3199e]
Entering method [com.topcoder.reliability.impl.calculators.BaseUserReliabilityCalculator.calculate(List<UserProjectParticipationData> projects)].
Input parameters[projects:[com.topcoder.reliability.impl.UserProjectParticipationData@130c8e9, com.topcoder.reliability.impl.UserProjectParticipationData@29d6399b, com.topcoder.reliability.impl.UserProjectParticipationData@2f600492, com.topcoder.reliability.impl.UserProjectParticipationData@48cc258a, com.topcoder.reliability.impl.UserProjectParticipationData@52b4ac5c, com.topcoder.reliability.impl.UserProjectParticipationData@539ff66f, com.topcoder.reliability.impl.UserProjectParticipationData@2aec1c4d]]
Exiting method [com.topcoder.reliability.impl.calculators.BaseUserReliabilityCalculator.calculate(List<UserProjectParticipationData> projects)], time spent in the method: 1 milliseconds.
Output parameter: [com.topcoder.reliability.impl.UserProjectReliabilityData@7336193e, com.topcoder.reliability.impl.UserProjectReliabilityData@64b37089, com.topcoder.reliability.impl.UserProjectReliabilityData@40a16605, com.topcoder.reliability.impl.UserProjectReliabilityData@2430f369, com.topcoder.reliability.impl.UserProjectReliabilityData@9bc850f]
Entering method [com.topcoder.reliability.impl.calculators.BaseUserReliabilityCalculator.calculate(List<UserProjectParticipationData> projects)].
Input parameters[projects:[com.topcoder.reliability.impl.UserProjectParticipationData@6d3cba41, com.topcoder.reliability.impl.UserProjectParticipationData@2de8396e]]
Exiting method [com.topcoder.reliability.impl.calculators.BaseUserReliabilityCalculator.calculate(List<UserProjectParticipationData> projects)], time spent in the method: 0 milliseconds.
Output parameter: []
Entering method [com.topcoder.reliability.impl.calculators.BaseUserReliabilityCalculator.calculate(List<UserProjectParticipationData> projects)].
Input parameters[projects:[com.topcoder.reliability.impl.UserProjectParticipationData@3c9ed91f, com.topcoder.reliability.impl.UserProjectParticipationData@60c0a150, com.topcoder.reliability.impl.UserProjectParticipationData@69ebcd0]]
Exiting method [com.topcoder.reliability.impl.calculators.BaseUserReliabilityCalculator.calculate(List<UserProjectParticipationData> projects)], time spent in the method: 0 milliseconds.
Output parameter: [com.topcoder.reliability.impl.UserProjectReliabilityData@1f7dff15]
Entering method [com.topcoder.reliability.impl.calculators.BaseUserReliabilityCalculator.calculate(List<UserProjectParticipationData> projects)].
Input parameters[projects:[com.topcoder.reliability.impl.UserProjectParticipationData@411a59ce, com.topcoder.reliability.impl.UserProjectParticipationData@28fe04c6, com.topcoder.reliability.impl.UserProjectParticipationData@3ceb7830, com.topcoder.reliability.impl.UserProjectParticipationData@71fb68f, com.topcoder.reliability.impl.UserProjectParticipationData@330a69f0, com.topcoder.reliability.impl.UserProjectParticipationData@70b125bd, com.topcoder.reliability.impl.UserProjectParticipationData@7e24d517]]
Exiting method [com.topcoder.reliability.impl.calculators.BaseUserReliabilityCalculator.calculate(List<UserProjectParticipationData> projects)], time spent in the method: 0 milliseconds.
Output parameter: [com.topcoder.reliability.impl.UserProjectReliabilityData@242219b4, com.topcoder.reliability.impl.UserProjectReliabilityData@3ac58af4, com.topcoder.reliability.impl.UserProjectReliabilityData@7f25b750, com.topcoder.reliability.impl.UserProjectReliabilityData@5262667, com.topcoder.reliability.impl.UserProjectReliabilityData@ba336d5]
Entering method [com.topcoder.reliability.impl.calculators.BaseUserReliabilityCalculator.calculate(List<UserProjectParticipationData> projects)].
Input parameters[projects:[com.topcoder.reliability.impl.UserProjectParticipationData@16a8c19b, com.topcoder.reliability.impl.UserProjectParticipationData@213eb2bc, com.topcoder.reliability.impl.UserProjectParticipationData@1b4865b1, com.topcoder.reliability.impl.UserProjectParticipationData@2e0c5575, com.topcoder.reliability.impl.UserProjectParticipationData@2bbe8bf1, com.topcoder.reliability.impl.UserProjectParticipationData@6ad591a6, com.topcoder.reliability.impl.UserProjectParticipationData@6b4d6015]]
Exiting method [com.topcoder.reliability.impl.calculators.BaseUserReliabilityCalculator.calculate(List<UserProjectParticipationData> projects)], time spent in the method: 1 milliseconds.
Output parameter: [com.topcoder.reliability.impl.UserProjectReliabilityData@24df39bc, com.topcoder.reliability.impl.UserProjectReliabilityData@3b47788d, com.topcoder.reliability.impl.UserProjectReliabilityData@513b8f62, com.topcoder.reliability.impl.UserProjectReliabilityData@1d429498, com.topcoder.reliability.impl.UserProjectReliabilityData@7e299629]
Entering method [com.topcoder.reliability.impl.persistence.DatabaseReliabilityDataPersistence.open()].
Exiting method [com.topcoder.reliability.impl.persistence.DatabaseReliabilityDataPersistence.open()], time spent in the method: 16 milliseconds.
Entering method [com.topcoder.reliability.impl.persistence.DatabaseReliabilityDataPersistence.close].
Exiting method [com.topcoder.reliability.impl.persistence.DatabaseReliabilityDataPersistence.close], time spent in the method: 1 milliseconds.
Entering method [com.topcoder.reliability.impl.persistence.DatabaseReliabilityDataPersistence.open()].
Exiting method [com.topcoder.reliability.impl.persistence.DatabaseReliabilityDataPersistence.open()], time spent in the method: 15 milliseconds.
Entering method [com.topcoder.reliability.impl.persistence.DatabaseReliabilityDataPersistence.close].
Exiting method [com.topcoder.reliability.impl.persistence.DatabaseReliabilityDataPersistence.close], time spent in the method: 0 milliseconds.
Entering method [com.topcoder.reliability.impl.persistence.DatabaseReliabilityDataPersistence.open()].
Exiting method [com.topcoder.reliability.impl.persistence.DatabaseReliabilityDataPersistence.open()], time spent in the method: 17 milliseconds.
Entering method [com.topcoder.reliability.impl.persistence.DatabaseReliabilityDataPersistence.close].
Exiting method [com.topcoder.reliability.impl.persistence.DatabaseReliabilityDataPersistence.close], time spent in the method: 1 milliseconds.
Entering method [com.topcoder.reliability.impl.persistence.DatabaseReliabilityDataPersistence.open()].
Exiting method [com.topcoder.reliability.impl.persistence.DatabaseReliabilityDataPersistence.open()], time spent in the method: 14 milliseconds.
Entering method [com.topcoder.reliability.impl.persistence.DatabaseReliabilityDataPersistence.close].
Exiting method [com.topcoder.reliability.impl.persistence.DatabaseReliabilityDataPersistence.close], time spent in the method: 0 milliseconds.
Entering method [com.topcoder.reliability.impl.persistence.DatabaseReliabilityDataPersistence.open()].
Exiting method [com.topcoder.reliability.impl.persistence.DatabaseReliabilityDataPersistence.open()], time spent in the method: 12 milliseconds.
Entering method [com.topcoder.reliability.impl.persistence.DatabaseReliabilityDataPersistence.close].
Exiting method [com.topcoder.reliability.impl.persistence.DatabaseReliabilityDataPersistence.close], time spent in the method: 1 milliseconds.
Entering method [com.topcoder.reliability.impl.persistence.DatabaseReliabilityDataPersistence.open()].
Exiting method [com.topcoder.reliability.impl.persistence.DatabaseReliabilityDataPersistence.open()], time spent in the method: 13 milliseconds.
Entering method [com.topcoder.reliability.impl.persistence.DatabaseReliabilityDataPersistence.getIdsOfUsersWithReliability(long projectCategoryId, Date startDate)].
Input parameters[projectCategoryId:2, startDate:Thu Feb 01 00:00:37 CST 1990]
Exiting method [com.topcoder.reliability.impl.persistence.DatabaseReliabilityDataPersistence.getIdsOfUsersWithReliability(long projectCategoryId, Date startDate)], time spent in the method: 3 milliseconds.
Output parameter: []
Entering method [com.topcoder.reliability.impl.persistence.DatabaseReliabilityDataPersistence.close].
Exiting method [com.topcoder.reliability.impl.persistence.DatabaseReliabilityDataPersistence.close], time spent in the method: 0 milliseconds.
Entering method [com.topcoder.reliability.impl.persistence.DatabaseReliabilityDataPersistence.open()].
Exiting method [com.topcoder.reliability.impl.persistence.DatabaseReliabilityDataPersistence.open()], time spent in the method: 12 milliseconds.
Entering method [com.topcoder.reliability.impl.persistence.DatabaseReliabilityDataPersistence.close].
Exiting method [com.topcoder.reliability.impl.persistence.DatabaseReliabilityDataPersistence.close], time spent in the method: 0 milliseconds.
Entering method [com.topcoder.reliability.impl.persistence.DatabaseReliabilityDataPersistence.open()].
Exiting method [com.topcoder.reliability.impl.persistence.DatabaseReliabilityDataPersistence.open()], time spent in the method: 14 milliseconds.
Entering method [com.topcoder.reliability.impl.persistence.DatabaseReliabilityDataPersistence.getUserParticipationData(long userId, long projectCategoryId, Date startDate)].
Input parameters[userId:2, projectCategoryId:2, startDate:Thu Feb 01 00:00:37 CST 1990]
Exiting method [com.topcoder.reliability.impl.persistence.DatabaseReliabilityDataPersistence.getUserParticipationData(long userId, long projectCategoryId, Date startDate)], time spent in the method: 73 milliseconds.
Output parameter: []
Entering method [com.topcoder.reliability.impl.persistence.DatabaseReliabilityDataPersistence.close].
Exiting method [com.topcoder.reliability.impl.persistence.DatabaseReliabilityDataPersistence.close], time spent in the method: 1 milliseconds.
Entering method [com.topcoder.reliability.impl.persistence.DatabaseReliabilityDataPersistence.open()].
Exiting method [com.topcoder.reliability.impl.persistence.DatabaseReliabilityDataPersistence.open()], time spent in the method: 13 milliseconds.
Entering method [com.topcoder.reliability.impl.persistence.DatabaseReliabilityDataPersistence.close].
Exiting method [com.topcoder.reliability.impl.persistence.DatabaseReliabilityDataPersistence.close], time spent in the method: 0 milliseconds.
Entering method [com.topcoder.reliability.impl.persistence.DatabaseReliabilityDataPersistence.open()].
Exiting method [com.topcoder.reliability.impl.persistence.DatabaseReliabilityDataPersistence.open()], time spent in the method: 13 milliseconds.
Entering method [com.topcoder.reliability.impl.persistence.DatabaseReliabilityDataPersistence.saveUserReliabilityData(List<UserProjectReliabilityData> projects)].
Input parameters[projects:[com.topcoder.reliability.impl.UserProjectReliabilityData@2c013ada]]
Exiting method [com.topcoder.reliability.impl.persistence.DatabaseReliabilityDataPersistence.saveUserReliabilityData(List<UserProjectReliabilityData> projects)], time spent in the method: 2 milliseconds.
Entering method [com.topcoder.reliability.impl.persistence.DatabaseReliabilityDataPersistence.close].
Exiting method [com.topcoder.reliability.impl.persistence.DatabaseReliabilityDataPersistence.close], time spent in the method: 1 milliseconds.
Entering method [com.topcoder.reliability.impl.persistence.DatabaseReliabilityDataPersistence.open()].
Exiting method [com.topcoder.reliability.impl.persistence.DatabaseReliabilityDataPersistence.open()], time spent in the method: 13 milliseconds.
Entering method [com.topcoder.reliability.impl.persistence.DatabaseReliabilityDataPersistence.close].
Exiting method [com.topcoder.reliability.impl.persistence.DatabaseReliabilityDataPersistence.close], time spent in the method: 1 milliseconds.
Entering method [com.topcoder.reliability.impl.persistence.DatabaseReliabilityDataPersistence.open()].
Exiting method [com.topcoder.reliability.impl.persistence.DatabaseReliabilityDataPersistence.open()], time spent in the method: 12 milliseconds.
Entering method [com.topcoder.reliability.impl.persistence.DatabaseReliabilityDataPersistence.updateCurrentUserReliability(long userId, long projectCategoryId, double reliability)].
Input parameters[userId:123, projectCategoryId:10, reliability:0.6]
Exiting method [com.topcoder.reliability.impl.persistence.DatabaseReliabilityDataPersistence.updateCurrentUserReliability(long userId, long projectCategoryId, double reliability)], time spent in the method: 3 milliseconds.
Entering method [com.topcoder.reliability.impl.persistence.DatabaseReliabilityDataPersistence.updateCurrentUserReliability(long userId, long projectCategoryId, double reliability)].
Input parameters[userId:123, projectCategoryId:10, reliability:1.0]
Exiting method [com.topcoder.reliability.impl.persistence.DatabaseReliabilityDataPersistence.updateCurrentUserReliability(long userId, long projectCategoryId, double reliability)], time spent in the method: 1 milliseconds.
Entering method [com.topcoder.reliability.impl.persistence.DatabaseReliabilityDataPersistence.close].
Exiting method [com.topcoder.reliability.impl.persistence.DatabaseReliabilityDataPersistence.close], time spent in the method: 1 milliseconds.
Entering method [com.topcoder.reliability.impl.persistence.DatabaseReliabilityDataPersistence.open()].
Exiting method [com.topcoder.reliability.impl.persistence.DatabaseReliabilityDataPersistence.open()], time spent in the method: 12 milliseconds.
Entering method [com.topcoder.reliability.impl.persistence.DatabaseReliabilityDataPersistence.close].
Exiting method [com.topcoder.reliability.impl.persistence.DatabaseReliabilityDataPersistence.close], time spent in the method: 0 milliseconds.
Entering method [com.topcoder.reliability.impl.persistence.DatabaseReliabilityDataPersistence.open()].
Exiting method [com.topcoder.reliability.impl.persistence.DatabaseReliabilityDataPersistence.open()], time spent in the method: 11 milliseconds.
Entering method [com.topcoder.reliability.impl.persistence.DatabaseReliabilityDataPersistence.close].
Exiting method [com.topcoder.reliability.impl.persistence.DatabaseReliabilityDataPersistence.close], time spent in the method: 1 milliseconds.
Entering method [com.topcoder.reliability.impl.persistence.DatabaseReliabilityDataPersistence.open()].
Exiting method [com.topcoder.reliability.impl.persistence.DatabaseReliabilityDataPersistence.open()], time spent in the method: 12 milliseconds.
Entering method [com.topcoder.reliability.impl.persistence.DatabaseReliabilityDataPersistence.close].
Exiting method [com.topcoder.reliability.impl.persistence.DatabaseReliabilityDataPersistence.close], time spent in the method: 0 milliseconds.
Entering method [com.topcoder.reliability.impl.ReliabilityCalculatorImpl.calculate(long projectCategoryId, boolean updateCurrentReliability)].
Input parameters[projectCategoryId:1, updateCurrentReliability:false]
Entering method [com.topcoder.reliability.impl.persistence.DatabaseReliabilityDataPersistence.open()].
Exiting method [com.topcoder.reliability.impl.persistence.DatabaseReliabilityDataPersistence.open()], time spent in the method: 13 milliseconds.
Entering method [com.topcoder.reliability.impl.persistence.DatabaseReliabilityDataPersistence.getIdsOfUsersWithReliability(long projectCategoryId, Date startDate)].
Input parameters[projectCategoryId:1, startDate:Sat Jan 01 00:00:00 CST 2000]
Exiting method [com.topcoder.reliability.impl.persistence.DatabaseReliabilityDataPersistence.getIdsOfUsersWithReliability(long projectCategoryId, Date startDate)], time spent in the method: 2 milliseconds.
Output parameter: [123456]
Entering method [com.topcoder.reliability.impl.persistence.DatabaseReliabilityDataPersistence.getUserParticipationData(long userId, long projectCategoryId, Date startDate)].
Input parameters[userId:123456, projectCategoryId:1, startDate:Sat Jan 01 00:00:00 CST 2000]
Exiting method [com.topcoder.reliability.impl.persistence.DatabaseReliabilityDataPersistence.getUserParticipationData(long userId, long projectCategoryId, Date startDate)], time spent in the method: 442 milliseconds.
Output parameter: [com.topcoder.reliability.impl.UserProjectParticipationData@1d05a248, com.topcoder.reliability.impl.UserProjectParticipationData@5ce133da]
Entering method [com.topcoder.reliability.impl.detectors.PhaseEndTimeBasedResolutionDateDetector.detect(UserProjectParticipationData data)].
Input parameters[data:com.topcoder.reliability.impl.UserProjectParticipationData@1d05a248]
Exiting method [com.topcoder.reliability.impl.detectors.PhaseEndTimeBasedResolutionDateDetector.detect(UserProjectParticipationData data)], time spent in the method: 0 milliseconds.
Entering method [com.topcoder.reliability.impl.detectors.PhaseEndTimeBasedResolutionDateDetector.detect(UserProjectParticipationData data)].
Input parameters[data:com.topcoder.reliability.impl.UserProjectParticipationData@5ce133da]
Exiting method [com.topcoder.reliability.impl.detectors.PhaseEndTimeBasedResolutionDateDetector.detect(UserProjectParticipationData data)], time spent in the method: 0 milliseconds.
Entering method [com.topcoder.reliability.impl.calculators.BaseUserReliabilityCalculator.calculate(List<UserProjectParticipationData> projects)].
Input parameters[projects:[com.topcoder.reliability.impl.UserProjectParticipationData@1d05a248, com.topcoder.reliability.impl.UserProjectParticipationData@5ce133da]]
Exiting method [com.topcoder.reliability.impl.calculators.BaseUserReliabilityCalculator.calculate(List<UserProjectParticipationData> projects)], time spent in the method: 0 milliseconds.
Output parameter: [com.topcoder.reliability.impl.UserProjectReliabilityData@45135cd9, com.topcoder.reliability.impl.UserProjectReliabilityData@7a34cdfc]
Entering method [com.topcoder.reliability.impl.persistence.DatabaseReliabilityDataPersistence.saveUserReliabilityData(List<UserProjectReliabilityData> projects)].
Input parameters[projects:[com.topcoder.reliability.impl.UserProjectReliabilityData@45135cd9, com.topcoder.reliability.impl.UserProjectReliabilityData@7a34cdfc]]
Exiting method [com.topcoder.reliability.impl.persistence.DatabaseReliabilityDataPersistence.saveUserReliabilityData(List<UserProjectReliabilityData> projects)], time spent in the method: 4 milliseconds.
Entering method [com.topcoder.reliability.impl.persistence.DatabaseReliabilityDataPersistence.close].
Exiting method [com.topcoder.reliability.impl.persistence.DatabaseReliabilityDataPersistence.close], time spent in the method: 0 milliseconds.
Exiting method [com.topcoder.reliability.impl.ReliabilityCalculatorImpl.calculate(long projectCategoryId, boolean updateCurrentReliability)], time spent in the method: 463 milliseconds.
Entering method [com.topcoder.reliability.impl.persistence.DatabaseReliabilityDataPersistence.open()].
Exiting method [com.topcoder.reliability.impl.persistence.DatabaseReliabilityDataPersistence.open()], time spent in the method: 14 milliseconds.
Entering method [com.topcoder.reliability.impl.persistence.DatabaseReliabilityDataPersistence.close].
Exiting method [com.topcoder.reliability.impl.persistence.DatabaseReliabilityDataPersistence.close], time spent in the method: 0 milliseconds.
Entering method [com.topcoder.reliability.impl.persistence.DatabaseReliabilityDataPersistence.open()].
Exiting method [com.topcoder.reliability.impl.persistence.DatabaseReliabilityDataPersistence.open()], time spent in the method: 13 milliseconds.
Entering method [com.topcoder.reliability.impl.persistence.DatabaseReliabilityDataPersistence.close].
Exiting method [com.topcoder.reliability.impl.persistence.DatabaseReliabilityDataPersistence.close], time spent in the method: 0 milliseconds.
Entering method [com.topcoder.reliability.impl.ReliabilityCalculatorImpl.calculate(long projectCategoryId, boolean updateCurrentReliability)].
Input parameters[projectCategoryId:1, updateCurrentReliability:true]
Entering method [com.topcoder.reliability.impl.persistence.DatabaseReliabilityDataPersistence.open()].
Exiting method [com.topcoder.reliability.impl.persistence.DatabaseReliabilityDataPersistence.open()], time spent in the method: 25 milliseconds.
Entering method [com.topcoder.reliability.impl.persistence.DatabaseReliabilityDataPersistence.getIdsOfUsersWithReliability(long projectCategoryId, Date startDate)].
Input parameters[projectCategoryId:1, startDate:Sat Jan 01 00:00:00 CST 2000]
Exiting method [com.topcoder.reliability.impl.persistence.DatabaseReliabilityDataPersistence.getIdsOfUsersWithReliability(long projectCategoryId, Date startDate)], time spent in the method: 5 milliseconds.
Output parameter: [123456]
Entering method [com.topcoder.reliability.impl.persistence.DatabaseReliabilityDataPersistence.getUserParticipationData(long userId, long projectCategoryId, Date startDate)].
Input parameters[userId:123456, projectCategoryId:1, startDate:Sat Jan 01 00:00:00 CST 2000]
Exiting method [com.topcoder.reliability.impl.persistence.DatabaseReliabilityDataPersistence.getUserParticipationData(long userId, long projectCategoryId, Date startDate)], time spent in the method: 433 milliseconds.
Output parameter: [com.topcoder.reliability.impl.UserProjectParticipationData@2d83e895, com.topcoder.reliability.impl.UserProjectParticipationData@2f1aa58b]
Entering method [com.topcoder.reliability.impl.detectors.PhaseEndTimeBasedResolutionDateDetector.detect(UserProjectParticipationData data)].
Input parameters[data:com.topcoder.reliability.impl.UserProjectParticipationData@2d83e895]
Exiting method [com.topcoder.reliability.impl.detectors.PhaseEndTimeBasedResolutionDateDetector.detect(UserProjectParticipationData data)], time spent in the method: 0 milliseconds.
Entering method [com.topcoder.reliability.impl.detectors.PhaseEndTimeBasedResolutionDateDetector.detect(UserProjectParticipationData data)].
Input parameters[data:com.topcoder.reliability.impl.UserProjectParticipationData@2f1aa58b]
Exiting method [com.topcoder.reliability.impl.detectors.PhaseEndTimeBasedResolutionDateDetector.detect(UserProjectParticipationData data)], time spent in the method: 0 milliseconds.
Entering method [com.topcoder.reliability.impl.calculators.BaseUserReliabilityCalculator.calculate(List<UserProjectParticipationData> projects)].
Input parameters[projects:[com.topcoder.reliability.impl.UserProjectParticipationData@2d83e895, com.topcoder.reliability.impl.UserProjectParticipationData@2f1aa58b]]
Exiting method [com.topcoder.reliability.impl.calculators.BaseUserReliabilityCalculator.calculate(List<UserProjectParticipationData> projects)], time spent in the method: 0 milliseconds.
Output parameter: [com.topcoder.reliability.impl.UserProjectReliabilityData@7e6a60d5, com.topcoder.reliability.impl.UserProjectReliabilityData@79fb80c9]
Entering method [com.topcoder.reliability.impl.persistence.DatabaseReliabilityDataPersistence.saveUserReliabilityData(List<UserProjectReliabilityData> projects)].
Input parameters[projects:[com.topcoder.reliability.impl.UserProjectReliabilityData@7e6a60d5, com.topcoder.reliability.impl.UserProjectReliabilityData@79fb80c9]]
Exiting method [com.topcoder.reliability.impl.persistence.DatabaseReliabilityDataPersistence.saveUserReliabilityData(List<UserProjectReliabilityData> projects)], time spent in the method: 4 milliseconds.
Entering method [com.topcoder.reliability.impl.persistence.DatabaseReliabilityDataPersistence.updateCurrentUserReliability(long userId, long projectCategoryId, double reliability)].
Input parameters[userId:123456, projectCategoryId:1, reliability:1.0]
Exiting method [com.topcoder.reliability.impl.persistence.DatabaseReliabilityDataPersistence.updateCurrentUserReliability(long userId, long projectCategoryId, double reliability)], time spent in the method: 3 milliseconds.
Entering method [com.topcoder.reliability.impl.persistence.DatabaseReliabilityDataPersistence.close].
Exiting method [com.topcoder.reliability.impl.persistence.DatabaseReliabilityDataPersistence.close], time spent in the method: 0 milliseconds.
Exiting method [com.topcoder.reliability.impl.ReliabilityCalculatorImpl.calculate(long projectCategoryId, boolean updateCurrentReliability)], time spent in the method: 471 milliseconds.
Entering method [com.topcoder.reliability.impl.persistence.DatabaseReliabilityDataPersistence.open()].
Exiting method [com.topcoder.reliability.impl.persistence.DatabaseReliabilityDataPersistence.open()], time spent in the method: 13 milliseconds.
Entering method [com.topcoder.reliability.impl.persistence.DatabaseReliabilityDataPersistence.close].
Exiting method [com.topcoder.reliability.impl.persistence.DatabaseReliabilityDataPersistence.close], time spent in the method: 0 milliseconds.
Entering method [com.topcoder.reliability.impl.persistence.DatabaseReliabilityDataPersistence.open()].
Exiting method [com.topcoder.reliability.impl.persistence.DatabaseReliabilityDataPersistence.open()], time spent in the method: 8 milliseconds.
Entering method [com.topcoder.reliability.impl.persistence.DatabaseReliabilityDataPersistence.close].
Exiting method [com.topcoder.reliability.impl.persistence.DatabaseReliabilityDataPersistence.close], time spent in the method: 1 milliseconds.
Entering method [com.topcoder.reliability.impl.ReliabilityCalculatorImpl.calculate(long projectCategoryId, boolean updateCurrentReliability)].
Input parameters[projectCategoryId:1, updateCurrentReliability:false]
Entering method [com.topcoder.reliability.impl.persistence.DatabaseReliabilityDataPersistence.open()].
Exiting method [com.topcoder.reliability.impl.persistence.DatabaseReliabilityDataPersistence.open()], time spent in the method: 9 milliseconds.
Entering method [com.topcoder.reliability.impl.persistence.DatabaseReliabilityDataPersistence.getIdsOfUsersWithReliability(long projectCategoryId, Date startDate)].
Input parameters[projectCategoryId:1, startDate:Sat Jan 01 00:00:00 CST 2000]
Exiting method [com.topcoder.reliability.impl.persistence.DatabaseReliabilityDataPersistence.getIdsOfUsersWithReliability(long projectCategoryId, Date startDate)], time spent in the method: 3 milliseconds.
Output parameter: [123456]
Entering method [com.topcoder.reliability.impl.persistence.DatabaseReliabilityDataPersistence.getUserParticipationData(long userId, long projectCategoryId, Date startDate)].
Input parameters[userId:123456, projectCategoryId:1, startDate:Sat Jan 01 00:00:00 CST 2000]
Exiting method [com.topcoder.reliability.impl.persistence.DatabaseReliabilityDataPersistence.getUserParticipationData(long userId, long projectCategoryId, Date startDate)], time spent in the method: 433 milliseconds.
Output parameter: [com.topcoder.reliability.impl.UserProjectParticipationData@2b891172, com.topcoder.reliability.impl.UserProjectParticipationData@33d869b2]
Entering method [com.topcoder.reliability.impl.detectors.PhaseEndTimeBasedResolutionDateDetector.detect(UserProjectParticipationData data)].
Input parameters[data:com.topcoder.reliability.impl.UserProjectParticipationData@2b891172]
Exiting method [com.topcoder.reliability.impl.detectors.PhaseEndTimeBasedResolutionDateDetector.detect(UserProjectParticipationData data)], time spent in the method: 0 milliseconds.
Entering method [com.topcoder.reliability.impl.detectors.PhaseEndTimeBasedResolutionDateDetector.detect(UserProjectParticipationData data)].
Input parameters[data:com.topcoder.reliability.impl.UserProjectParticipationData@33d869b2]
Exiting method [com.topcoder.reliability.impl.detectors.PhaseEndTimeBasedResolutionDateDetector.detect(UserProjectParticipationData data)], time spent in the method: 0 milliseconds.
Entering method [com.topcoder.reliability.impl.calculators.BaseUserReliabilityCalculator.calculate(List<UserProjectParticipationData> projects)].
Input parameters[projects:[com.topcoder.reliability.impl.UserProjectParticipationData@2b891172, com.topcoder.reliability.impl.UserProjectParticipationData@33d869b2]]
Exiting method [com.topcoder.reliability.impl.calculators.BaseUserReliabilityCalculator.calculate(List<UserProjectParticipationData> projects)], time spent in the method: 0 milliseconds.
Output parameter: [com.topcoder.reliability.impl.UserProjectReliabilityData@45033fb5, com.topcoder.reliability.impl.UserProjectReliabilityData@584ba778]
Entering method [com.topcoder.reliability.impl.persistence.DatabaseReliabilityDataPersistence.saveUserReliabilityData(List<UserProjectReliabilityData> projects)].
Input parameters[projects:[com.topcoder.reliability.impl.UserProjectReliabilityData@45033fb5, com.topcoder.reliability.impl.UserProjectReliabilityData@584ba778]]
Exiting method [com.topcoder.reliability.impl.persistence.DatabaseReliabilityDataPersistence.saveUserReliabilityData(List<UserProjectReliabilityData> projects)], time spent in the method: 3 milliseconds.
Entering method [com.topcoder.reliability.impl.persistence.DatabaseReliabilityDataPersistence.close].
Exiting method [com.topcoder.reliability.impl.persistence.DatabaseReliabilityDataPersistence.close], time spent in the method: 1 milliseconds.
Exiting method [com.topcoder.reliability.impl.ReliabilityCalculatorImpl.calculate(long projectCategoryId, boolean updateCurrentReliability)], time spent in the method: 449 milliseconds.
Entering method [com.topcoder.reliability.impl.ReliabilityCalculatorImpl.calculate(long projectCategoryId, boolean updateCurrentReliability)].
Input parameters[projectCategoryId:2, updateCurrentReliability:false]
Error in method [com.topcoder.reliability.impl.ReliabilityCalculatorImpl.calculate(long projectCategoryId, boolean updateCurrentReliability)], details: ProjectCategoryNotSupportedException is thrown when calculating the reliability ratings.
com.topcoder.reliability.ProjectCategoryNotSupportedException: Project category with the ID '2' is not supported by this reliability calculator.
	at com.topcoder.reliability.impl.ReliabilityCalculatorImpl.calculateHelper(ReliabilityCalculatorImpl.java:371)
	at com.topcoder.reliability.impl.ReliabilityCalculatorImpl.calculate(ReliabilityCalculatorImpl.java:322)
	at com.topcoder.reliability.ReliabilityCalculationUtility.process(ReliabilityCalculationUtility.java:589)
	at com.topcoder.reliability.ReliabilityCalculationUtility.main(ReliabilityCalculationUtility.java:489)
	at com.topcoder.reliability.accuracytests.ReliabilityCalculatorUtilityAccuracy.testMain_NoUpdate(ReliabilityCalculatorUtilityAccuracy.java:111)
	at sun.reflect.NativeMethodAccessorImpl.invoke0(Native Method)
	at sun.reflect.NativeMethodAccessorImpl.invoke(NativeMethodAccessorImpl.java:39)
	at sun.reflect.DelegatingMethodAccessorImpl.invoke(DelegatingMethodAccessorImpl.java:25)
	at java.lang.reflect.Method.invoke(Method.java:597)
	at junit.framework.TestCase.runTest(TestCase.java:168)
	at junit.framework.TestCase.runBare(TestCase.java:134)
	at junit.framework.TestResult$1.protect(TestResult.java:110)
	at junit.framework.TestResult.runProtected(TestResult.java:128)
	at junit.framework.TestResult.run(TestResult.java:113)
	at junit.framework.TestCase.run(TestCase.java:124)
	at junit.framework.TestSuite.runTest(TestSuite.java:243)
	at junit.framework.TestSuite.run(TestSuite.java:238)
	at junit.framework.TestSuite.runTest(TestSuite.java:243)
	at junit.framework.TestSuite.run(TestSuite.java:238)
	at junit.framework.TestSuite.runTest(TestSuite.java:243)
	at junit.framework.TestSuite.run(TestSuite.java:238)
	at org.apache.tools.ant.taskdefs.optional.junit.JUnitTestRunner.run(JUnitTestRunner.java:420)
	at org.apache.tools.ant.taskdefs.optional.junit.JUnitTestRunner.launch(JUnitTestRunner.java:911)
	at org.apache.tools.ant.taskdefs.optional.junit.JUnitTestRunner.main(JUnitTestRunner.java:768)

Exiting method [com.topcoder.reliability.ReliabilityCalculationUtility.main(String[] args)], time spent in the method: 467 milliseconds.
Entering method [com.topcoder.reliability.impl.persistence.DatabaseReliabilityDataPersistence.open()].
Exiting method [com.topcoder.reliability.impl.persistence.DatabaseReliabilityDataPersistence.open()], time spent in the method: 12 milliseconds.
Entering method [com.topcoder.reliability.impl.persistence.DatabaseReliabilityDataPersistence.close].
Exiting method [com.topcoder.reliability.impl.persistence.DatabaseReliabilityDataPersistence.close], time spent in the method: 1 milliseconds.
Entering method [com.topcoder.reliability.impl.persistence.DatabaseReliabilityDataPersistence.open()].
Exiting method [com.topcoder.reliability.impl.persistence.DatabaseReliabilityDataPersistence.open()], time spent in the method: 9 milliseconds.
Entering method [com.topcoder.reliability.impl.persistence.DatabaseReliabilityDataPersistence.close].
Exiting method [com.topcoder.reliability.impl.persistence.DatabaseReliabilityDataPersistence.close], time spent in the method: 1 milliseconds.
Entering method [com.topcoder.reliability.impl.ReliabilityCalculatorImpl.calculate(long projectCategoryId, boolean updateCurrentReliability)].
Input parameters[projectCategoryId:1, updateCurrentReliability:true]
Entering method [com.topcoder.reliability.impl.persistence.DatabaseReliabilityDataPersistence.open()].
Exiting method [com.topcoder.reliability.impl.persistence.DatabaseReliabilityDataPersistence.open()], time spent in the method: 9 milliseconds.
Entering method [com.topcoder.reliability.impl.persistence.DatabaseReliabilityDataPersistence.getIdsOfUsersWithReliability(long projectCategoryId, Date startDate)].
Input parameters[projectCategoryId:1, startDate:Sat Jan 01 00:00:00 CST 2000]
Exiting method [com.topcoder.reliability.impl.persistence.DatabaseReliabilityDataPersistence.getIdsOfUsersWithReliability(long projectCategoryId, Date startDate)], time spent in the method: 2 milliseconds.
Output parameter: [123456]
Entering method [com.topcoder.reliability.impl.persistence.DatabaseReliabilityDataPersistence.getUserParticipationData(long userId, long projectCategoryId, Date startDate)].
Input parameters[userId:123456, projectCategoryId:1, startDate:Sat Jan 01 00:00:00 CST 2000]
Exiting method [com.topcoder.reliability.impl.persistence.DatabaseReliabilityDataPersistence.getUserParticipationData(long userId, long projectCategoryId, Date startDate)], time spent in the method: 420 milliseconds.
Output parameter: [com.topcoder.reliability.impl.UserProjectParticipationData@24dbf79d, com.topcoder.reliability.impl.UserProjectParticipationData@655d7752]
Entering method [com.topcoder.reliability.impl.detectors.PhaseEndTimeBasedResolutionDateDetector.detect(UserProjectParticipationData data)].
Input parameters[data:com.topcoder.reliability.impl.UserProjectParticipationData@24dbf79d]
Exiting method [com.topcoder.reliability.impl.detectors.PhaseEndTimeBasedResolutionDateDetector.detect(UserProjectParticipationData data)], time spent in the method: 0 milliseconds.
Entering method [com.topcoder.reliability.impl.detectors.PhaseEndTimeBasedResolutionDateDetector.detect(UserProjectParticipationData data)].
Input parameters[data:com.topcoder.reliability.impl.UserProjectParticipationData@655d7752]
Exiting method [com.topcoder.reliability.impl.detectors.PhaseEndTimeBasedResolutionDateDetector.detect(UserProjectParticipationData data)], time spent in the method: 0 milliseconds.
Entering method [com.topcoder.reliability.impl.calculators.BaseUserReliabilityCalculator.calculate(List<UserProjectParticipationData> projects)].
Input parameters[projects:[com.topcoder.reliability.impl.UserProjectParticipationData@24dbf79d, com.topcoder.reliability.impl.UserProjectParticipationData@655d7752]]
Exiting method [com.topcoder.reliability.impl.calculators.BaseUserReliabilityCalculator.calculate(List<UserProjectParticipationData> projects)], time spent in the method: 0 milliseconds.
Output parameter: [com.topcoder.reliability.impl.UserProjectReliabilityData@5b44dc7b, com.topcoder.reliability.impl.UserProjectReliabilityData@5e73e0d]
Entering method [com.topcoder.reliability.impl.persistence.DatabaseReliabilityDataPersistence.saveUserReliabilityData(List<UserProjectReliabilityData> projects)].
Input parameters[projects:[com.topcoder.reliability.impl.UserProjectReliabilityData@5b44dc7b, com.topcoder.reliability.impl.UserProjectReliabilityData@5e73e0d]]
Exiting method [com.topcoder.reliability.impl.persistence.DatabaseReliabilityDataPersistence.saveUserReliabilityData(List<UserProjectReliabilityData> projects)], time spent in the method: 3 milliseconds.
Entering method [com.topcoder.reliability.impl.persistence.DatabaseReliabilityDataPersistence.updateCurrentUserReliability(long userId, long projectCategoryId, double reliability)].
Input parameters[userId:123456, projectCategoryId:1, reliability:1.0]
Exiting method [com.topcoder.reliability.impl.persistence.DatabaseReliabilityDataPersistence.updateCurrentUserReliability(long userId, long projectCategoryId, double reliability)], time spent in the method: 2 milliseconds.
Entering method [com.topcoder.reliability.impl.persistence.DatabaseReliabilityDataPersistence.close].
Exiting method [com.topcoder.reliability.impl.persistence.DatabaseReliabilityDataPersistence.close], time spent in the method: 1 milliseconds.
Exiting method [com.topcoder.reliability.impl.ReliabilityCalculatorImpl.calculate(long projectCategoryId, boolean updateCurrentReliability)], time spent in the method: 439 milliseconds.
Entering method [com.topcoder.reliability.impl.ReliabilityCalculatorImpl.calculate(long projectCategoryId, boolean updateCurrentReliability)].
Input parameters[projectCategoryId:2, updateCurrentReliability:true]
Error in method [com.topcoder.reliability.impl.ReliabilityCalculatorImpl.calculate(long projectCategoryId, boolean updateCurrentReliability)], details: ProjectCategoryNotSupportedException is thrown when calculating the reliability ratings.
com.topcoder.reliability.ProjectCategoryNotSupportedException: Project category with the ID '2' is not supported by this reliability calculator.
	at com.topcoder.reliability.impl.ReliabilityCalculatorImpl.calculateHelper(ReliabilityCalculatorImpl.java:371)
	at com.topcoder.reliability.impl.ReliabilityCalculatorImpl.calculate(ReliabilityCalculatorImpl.java:322)
	at com.topcoder.reliability.ReliabilityCalculationUtility.process(ReliabilityCalculationUtility.java:589)
	at com.topcoder.reliability.ReliabilityCalculationUtility.main(ReliabilityCalculationUtility.java:489)
	at com.topcoder.reliability.accuracytests.ReliabilityCalculatorUtilityAccuracy.testMain_Update(ReliabilityCalculatorUtilityAccuracy.java:157)
	at sun.reflect.NativeMethodAccessorImpl.invoke0(Native Method)
	at sun.reflect.NativeMethodAccessorImpl.invoke(NativeMethodAccessorImpl.java:39)
	at sun.reflect.DelegatingMethodAccessorImpl.invoke(DelegatingMethodAccessorImpl.java:25)
	at java.lang.reflect.Method.invoke(Method.java:597)
	at junit.framework.TestCase.runTest(TestCase.java:168)
	at junit.framework.TestCase.runBare(TestCase.java:134)
	at junit.framework.TestResult$1.protect(TestResult.java:110)
	at junit.framework.TestResult.runProtected(TestResult.java:128)
	at junit.framework.TestResult.run(TestResult.java:113)
	at junit.framework.TestCase.run(TestCase.java:124)
	at junit.framework.TestSuite.runTest(TestSuite.java:243)
	at junit.framework.TestSuite.run(TestSuite.java:238)
	at junit.framework.TestSuite.runTest(TestSuite.java:243)
	at junit.framework.TestSuite.run(TestSuite.java:238)
	at junit.framework.TestSuite.runTest(TestSuite.java:243)
	at junit.framework.TestSuite.run(TestSuite.java:238)
	at org.apache.tools.ant.taskdefs.optional.junit.JUnitTestRunner.run(JUnitTestRunner.java:420)
	at org.apache.tools.ant.taskdefs.optional.junit.JUnitTestRunner.launch(JUnitTestRunner.java:911)
	at org.apache.tools.ant.taskdefs.optional.junit.JUnitTestRunner.main(JUnitTestRunner.java:768)

Exiting method [com.topcoder.reliability.ReliabilityCalculationUtility.main(String[] args)], time spent in the method: 445 milliseconds.
Entering method [com.topcoder.reliability.impl.persistence.DatabaseReliabilityDataPersistence.open()].
Exiting method [com.topcoder.reliability.impl.persistence.DatabaseReliabilityDataPersistence.open()], time spent in the method: 12 milliseconds.
Entering method [com.topcoder.reliability.impl.persistence.DatabaseReliabilityDataPersistence.close].
Exiting method [com.topcoder.reliability.impl.persistence.DatabaseReliabilityDataPersistence.close], time spent in the method: 0 milliseconds.
Entering method [com.topcoder.reliability.impl.ReliabilityCalculatorImpl.calculate(long projectCategoryId, boolean updateCurrentReliability)].
Input parameters[projectCategoryId:-1, updateCurrentReliability:true]
Error in method [com.topcoder.reliability.impl.ReliabilityCalculatorImpl.calculate(long projectCategoryId, boolean updateCurrentReliability)], details: IllegalArgumentException is thrown.
java.lang.IllegalArgumentException: 'projectCategoryId' should be positive.
	at com.topcoder.reliability.Helper.checkPositive(Helper.java:150)
	at com.topcoder.reliability.impl.ReliabilityCalculatorImpl.calculate(ReliabilityCalculatorImpl.java:316)
	at com.topcoder.reliability.failuretests.impl.ReliabilityCalculatorImplFailureTests.testCalculateWithNegativeProjectCategoryId(ReliabilityCalculatorImplFailureTests.java:385)
	at sun.reflect.NativeMethodAccessorImpl.invoke0(Native Method)
	at sun.reflect.NativeMethodAccessorImpl.invoke(NativeMethodAccessorImpl.java:39)
	at sun.reflect.DelegatingMethodAccessorImpl.invoke(DelegatingMethodAccessorImpl.java:25)
	at java.lang.reflect.Method.invoke(Method.java:597)
	at org.junit.runners.model.FrameworkMethod$1.runReflectiveCall(FrameworkMethod.java:44)
	at org.junit.internal.runners.model.ReflectiveCallable.run(ReflectiveCallable.java:15)
	at org.junit.runners.model.FrameworkMethod.invokeExplosively(FrameworkMethod.java:41)
	at org.junit.internal.runners.statements.InvokeMethod.evaluate(InvokeMethod.java:20)
	at org.junit.internal.runners.statements.ExpectException.evaluate(ExpectException.java:21)
	at org.junit.internal.runners.statements.RunBefores.evaluate(RunBefores.java:28)
	at org.junit.runners.BlockJUnit4ClassRunner.runNotIgnored(BlockJUnit4ClassRunner.java:79)
	at org.junit.runners.BlockJUnit4ClassRunner.runChild(BlockJUnit4ClassRunner.java:71)
	at org.junit.runners.BlockJUnit4ClassRunner.runChild(BlockJUnit4ClassRunner.java:49)
	at org.junit.runners.ParentRunner$3.run(ParentRunner.java:193)
	at org.junit.runners.ParentRunner$1.schedule(ParentRunner.java:52)
	at org.junit.runners.ParentRunner.runChildren(ParentRunner.java:191)
	at org.junit.runners.ParentRunner.access$000(ParentRunner.java:42)
	at org.junit.runners.ParentRunner$2.evaluate(ParentRunner.java:184)
	at org.junit.runners.ParentRunner.run(ParentRunner.java:236)
	at junit.framework.JUnit4TestAdapter.run(JUnit4TestAdapter.java:39)
	at junit.framework.TestSuite.runTest(TestSuite.java:243)
	at junit.framework.TestSuite.run(TestSuite.java:238)
	at junit.framework.TestSuite.runTest(TestSuite.java:243)
	at junit.framework.TestSuite.run(TestSuite.java:238)
	at org.apache.tools.ant.taskdefs.optional.junit.JUnitTestRunner.run(JUnitTestRunner.java:420)
	at org.apache.tools.ant.taskdefs.optional.junit.JUnitTestRunner.launch(JUnitTestRunner.java:911)
	at org.apache.tools.ant.taskdefs.optional.junit.JUnitTestRunner.main(JUnitTestRunner.java:768)

Entering method [com.topcoder.reliability.impl.ReliabilityCalculatorImpl.calculate(long projectCategoryId, boolean updateCurrentReliability)].
Input parameters[projectCategoryId:0, updateCurrentReliability:true]
Error in method [com.topcoder.reliability.impl.ReliabilityCalculatorImpl.calculate(long projectCategoryId, boolean updateCurrentReliability)], details: IllegalArgumentException is thrown.
java.lang.IllegalArgumentException: 'projectCategoryId' should be positive.
	at com.topcoder.reliability.Helper.checkPositive(Helper.java:150)
	at com.topcoder.reliability.impl.ReliabilityCalculatorImpl.calculate(ReliabilityCalculatorImpl.java:316)
	at com.topcoder.reliability.failuretests.impl.ReliabilityCalculatorImplFailureTests.testCalculateWithZeroProjectCategoryId(ReliabilityCalculatorImplFailureTests.java:398)
	at sun.reflect.NativeMethodAccessorImpl.invoke0(Native Method)
	at sun.reflect.NativeMethodAccessorImpl.invoke(NativeMethodAccessorImpl.java:39)
	at sun.reflect.DelegatingMethodAccessorImpl.invoke(DelegatingMethodAccessorImpl.java:25)
	at java.lang.reflect.Method.invoke(Method.java:597)
	at org.junit.runners.model.FrameworkMethod$1.runReflectiveCall(FrameworkMethod.java:44)
	at org.junit.internal.runners.model.ReflectiveCallable.run(ReflectiveCallable.java:15)
	at org.junit.runners.model.FrameworkMethod.invokeExplosively(FrameworkMethod.java:41)
	at org.junit.internal.runners.statements.InvokeMethod.evaluate(InvokeMethod.java:20)
	at org.junit.internal.runners.statements.ExpectException.evaluate(ExpectException.java:21)
	at org.junit.internal.runners.statements.RunBefores.evaluate(RunBefores.java:28)
	at org.junit.runners.BlockJUnit4ClassRunner.runNotIgnored(BlockJUnit4ClassRunner.java:79)
	at org.junit.runners.BlockJUnit4ClassRunner.runChild(BlockJUnit4ClassRunner.java:71)
	at org.junit.runners.BlockJUnit4ClassRunner.runChild(BlockJUnit4ClassRunner.java:49)
	at org.junit.runners.ParentRunner$3.run(ParentRunner.java:193)
	at org.junit.runners.ParentRunner$1.schedule(ParentRunner.java:52)
	at org.junit.runners.ParentRunner.runChildren(ParentRunner.java:191)
	at org.junit.runners.ParentRunner.access$000(ParentRunner.java:42)
	at org.junit.runners.ParentRunner$2.evaluate(ParentRunner.java:184)
	at org.junit.runners.ParentRunner.run(ParentRunner.java:236)
	at junit.framework.JUnit4TestAdapter.run(JUnit4TestAdapter.java:39)
	at junit.framework.TestSuite.runTest(TestSuite.java:243)
	at junit.framework.TestSuite.run(TestSuite.java:238)
	at junit.framework.TestSuite.runTest(TestSuite.java:243)
	at junit.framework.TestSuite.run(TestSuite.java:238)
	at org.apache.tools.ant.taskdefs.optional.junit.JUnitTestRunner.run(JUnitTestRunner.java:420)
	at org.apache.tools.ant.taskdefs.optional.junit.JUnitTestRunner.launch(JUnitTestRunner.java:911)
	at org.apache.tools.ant.taskdefs.optional.junit.JUnitTestRunner.main(JUnitTestRunner.java:768)

Entering method [com.topcoder.reliability.impl.ReliabilityCalculatorImpl.calculate(long projectCategoryId, boolean updateCurrentReliability)].
Input parameters[projectCategoryId:100, updateCurrentReliability:true]
Error in method [com.topcoder.reliability.impl.ReliabilityCalculatorImpl.calculate(long projectCategoryId, boolean updateCurrentReliability)], details: ProjectCategoryNotSupportedException is thrown when calculating the reliability ratings.
com.topcoder.reliability.ProjectCategoryNotSupportedException: Project category with the ID '100' is not supported by this reliability calculator.
	at com.topcoder.reliability.impl.ReliabilityCalculatorImpl.calculateHelper(ReliabilityCalculatorImpl.java:371)
	at com.topcoder.reliability.impl.ReliabilityCalculatorImpl.calculate(ReliabilityCalculatorImpl.java:322)
	at com.topcoder.reliability.failuretests.impl.ReliabilityCalculatorImplFailureTests.testCalculateWithUnknownProjectCategoryId(ReliabilityCalculatorImplFailureTests.java:422)
	at sun.reflect.NativeMethodAccessorImpl.invoke0(Native Method)
	at sun.reflect.NativeMethodAccessorImpl.invoke(NativeMethodAccessorImpl.java:39)
	at sun.reflect.DelegatingMethodAccessorImpl.invoke(DelegatingMethodAccessorImpl.java:25)
	at java.lang.reflect.Method.invoke(Method.java:597)
	at org.junit.runners.model.FrameworkMethod$1.runReflectiveCall(FrameworkMethod.java:44)
	at org.junit.internal.runners.model.ReflectiveCallable.run(ReflectiveCallable.java:15)
	at org.junit.runners.model.FrameworkMethod.invokeExplosively(FrameworkMethod.java:41)
	at org.junit.internal.runners.statements.InvokeMethod.evaluate(InvokeMethod.java:20)
	at org.junit.internal.runners.statements.ExpectException.evaluate(ExpectException.java:21)
	at org.junit.internal.runners.statements.RunBefores.evaluate(RunBefores.java:28)
	at org.junit.runners.BlockJUnit4ClassRunner.runNotIgnored(BlockJUnit4ClassRunner.java:79)
	at org.junit.runners.BlockJUnit4ClassRunner.runChild(BlockJUnit4ClassRunner.java:71)
	at org.junit.runners.BlockJUnit4ClassRunner.runChild(BlockJUnit4ClassRunner.java:49)
	at org.junit.runners.ParentRunner$3.run(ParentRunner.java:193)
	at org.junit.runners.ParentRunner$1.schedule(ParentRunner.java:52)
	at org.junit.runners.ParentRunner.runChildren(ParentRunner.java:191)
	at org.junit.runners.ParentRunner.access$000(ParentRunner.java:42)
	at org.junit.runners.ParentRunner$2.evaluate(ParentRunner.java:184)
	at org.junit.runners.ParentRunner.run(ParentRunner.java:236)
	at junit.framework.JUnit4TestAdapter.run(JUnit4TestAdapter.java:39)
	at junit.framework.TestSuite.runTest(TestSuite.java:243)
	at junit.framework.TestSuite.run(TestSuite.java:238)
	at junit.framework.TestSuite.runTest(TestSuite.java:243)
	at junit.framework.TestSuite.run(TestSuite.java:238)
	at org.apache.tools.ant.taskdefs.optional.junit.JUnitTestRunner.run(JUnitTestRunner.java:420)
	at org.apache.tools.ant.taskdefs.optional.junit.JUnitTestRunner.launch(JUnitTestRunner.java:911)
	at org.apache.tools.ant.taskdefs.optional.junit.JUnitTestRunner.main(JUnitTestRunner.java:768)

Entering method [com.topcoder.reliability.impl.ReliabilityCalculatorImpl.calculate(long projectCategoryId, boolean updateCurrentReliability)].
Input parameters[projectCategoryId:1, updateCurrentReliability:true]
Entering method [com.topcoder.reliability.impl.persistence.DatabaseReliabilityDataPersistence.open()].
Error in method [com.topcoder.reliability.impl.persistence.DatabaseReliabilityDataPersistence.open()], details: ReliabilityDataPersistenceException is thrown when opening a connection to persistence.
com.topcoder.reliability.impl.ReliabilityDataPersistenceException: Failed to create a database connection.
	at com.topcoder.reliability.impl.persistence.DatabaseReliabilityDataPersistence.open(DatabaseReliabilityDataPersistence.java:279)
	at com.topcoder.reliability.impl.ReliabilityCalculatorImpl.calculateHelper(ReliabilityCalculatorImpl.java:376)
	at com.topcoder.reliability.impl.ReliabilityCalculatorImpl.calculate(ReliabilityCalculatorImpl.java:322)
	at com.topcoder.reliability.failuretests.impl.ReliabilityCalculatorImplFailureTests.testCalculateWithPersistenceError(ReliabilityCalculatorImplFailureTests.java:439)
	at sun.reflect.NativeMethodAccessorImpl.invoke0(Native Method)
	at sun.reflect.NativeMethodAccessorImpl.invoke(NativeMethodAccessorImpl.java:39)
	at sun.reflect.DelegatingMethodAccessorImpl.invoke(DelegatingMethodAccessorImpl.java:25)
	at java.lang.reflect.Method.invoke(Method.java:597)
	at org.junit.runners.model.FrameworkMethod$1.runReflectiveCall(FrameworkMethod.java:44)
	at org.junit.internal.runners.model.ReflectiveCallable.run(ReflectiveCallable.java:15)
	at org.junit.runners.model.FrameworkMethod.invokeExplosively(FrameworkMethod.java:41)
	at org.junit.internal.runners.statements.InvokeMethod.evaluate(InvokeMethod.java:20)
	at org.junit.internal.runners.statements.ExpectException.evaluate(ExpectException.java:21)
	at org.junit.internal.runners.statements.RunBefores.evaluate(RunBefores.java:28)
	at org.junit.runners.BlockJUnit4ClassRunner.runNotIgnored(BlockJUnit4ClassRunner.java:79)
	at org.junit.runners.BlockJUnit4ClassRunner.runChild(BlockJUnit4ClassRunner.java:71)
	at org.junit.runners.BlockJUnit4ClassRunner.runChild(BlockJUnit4ClassRunner.java:49)
	at org.junit.runners.ParentRunner$3.run(ParentRunner.java:193)
	at org.junit.runners.ParentRunner$1.schedule(ParentRunner.java:52)
	at org.junit.runners.ParentRunner.runChildren(ParentRunner.java:191)
	at org.junit.runners.ParentRunner.access$000(ParentRunner.java:42)
	at org.junit.runners.ParentRunner$2.evaluate(ParentRunner.java:184)
	at org.junit.runners.ParentRunner.run(ParentRunner.java:236)
	at junit.framework.JUnit4TestAdapter.run(JUnit4TestAdapter.java:39)
	at junit.framework.TestSuite.runTest(TestSuite.java:243)
	at junit.framework.TestSuite.run(TestSuite.java:238)
	at junit.framework.TestSuite.runTest(TestSuite.java:243)
	at junit.framework.TestSuite.run(TestSuite.java:238)
	at org.apache.tools.ant.taskdefs.optional.junit.JUnitTestRunner.run(JUnitTestRunner.java:420)
	at org.apache.tools.ant.taskdefs.optional.junit.JUnitTestRunner.launch(JUnitTestRunner.java:911)
	at org.apache.tools.ant.taskdefs.optional.junit.JUnitTestRunner.main(JUnitTestRunner.java:768)
Caused by: com.topcoder.db.connectionfactory.DBConnectionException: error occurs while creating the connection.
	at com.topcoder.db.connectionfactory.producers.JDBCConnectionProducer.createConnection(JDBCConnectionProducer.java:450)
	at com.topcoder.db.connectionfactory.producers.JDBCConnectionProducer.createConnection(JDBCConnectionProducer.java:406)
	at com.topcoder.db.connectionfactory.DBConnectionFactoryImpl.createConnection(DBConnectionFactoryImpl.java:510)
	at com.topcoder.reliability.impl.persistence.DatabaseReliabilityDataPersistence.open(DatabaseReliabilityDataPersistence.java:273)
	... 30 more
Caused by: java.sql.SQLException: No suitable driver found for invalid
	at java.sql.DriverManager.getConnection(DriverManager.java:602)
	at java.sql.DriverManager.getConnection(DriverManager.java:154)
	at com.topcoder.db.connectionfactory.producers.JDBCConnectionProducer.createConnection(JDBCConnectionProducer.java:448)
	... 33 more

Error in method [com.topcoder.reliability.impl.ReliabilityCalculatorImpl.calculate(long projectCategoryId, boolean updateCurrentReliability)], details: ReliabilityDataPersistenceException is thrown when calculating the reliability ratings.
com.topcoder.reliability.impl.ReliabilityDataPersistenceException: Failed to create a database connection.
	at com.topcoder.reliability.impl.persistence.DatabaseReliabilityDataPersistence.open(DatabaseReliabilityDataPersistence.java:279)
	at com.topcoder.reliability.impl.ReliabilityCalculatorImpl.calculateHelper(ReliabilityCalculatorImpl.java:376)
	at com.topcoder.reliability.impl.ReliabilityCalculatorImpl.calculate(ReliabilityCalculatorImpl.java:322)
	at com.topcoder.reliability.failuretests.impl.ReliabilityCalculatorImplFailureTests.testCalculateWithPersistenceError(ReliabilityCalculatorImplFailureTests.java:439)
	at sun.reflect.NativeMethodAccessorImpl.invoke0(Native Method)
	at sun.reflect.NativeMethodAccessorImpl.invoke(NativeMethodAccessorImpl.java:39)
	at sun.reflect.DelegatingMethodAccessorImpl.invoke(DelegatingMethodAccessorImpl.java:25)
	at java.lang.reflect.Method.invoke(Method.java:597)
	at org.junit.runners.model.FrameworkMethod$1.runReflectiveCall(FrameworkMethod.java:44)
	at org.junit.internal.runners.model.ReflectiveCallable.run(ReflectiveCallable.java:15)
	at org.junit.runners.model.FrameworkMethod.invokeExplosively(FrameworkMethod.java:41)
	at org.junit.internal.runners.statements.InvokeMethod.evaluate(InvokeMethod.java:20)
	at org.junit.internal.runners.statements.ExpectException.evaluate(ExpectException.java:21)
	at org.junit.internal.runners.statements.RunBefores.evaluate(RunBefores.java:28)
	at org.junit.runners.BlockJUnit4ClassRunner.runNotIgnored(BlockJUnit4ClassRunner.java:79)
	at org.junit.runners.BlockJUnit4ClassRunner.runChild(BlockJUnit4ClassRunner.java:71)
	at org.junit.runners.BlockJUnit4ClassRunner.runChild(BlockJUnit4ClassRunner.java:49)
	at org.junit.runners.ParentRunner$3.run(ParentRunner.java:193)
	at org.junit.runners.ParentRunner$1.schedule(ParentRunner.java:52)
	at org.junit.runners.ParentRunner.runChildren(ParentRunner.java:191)
	at org.junit.runners.ParentRunner.access$000(ParentRunner.java:42)
	at org.junit.runners.ParentRunner$2.evaluate(ParentRunner.java:184)
	at org.junit.runners.ParentRunner.run(ParentRunner.java:236)
	at junit.framework.JUnit4TestAdapter.run(JUnit4TestAdapter.java:39)
	at junit.framework.TestSuite.runTest(TestSuite.java:243)
	at junit.framework.TestSuite.run(TestSuite.java:238)
	at junit.framework.TestSuite.runTest(TestSuite.java:243)
	at junit.framework.TestSuite.run(TestSuite.java:238)
	at org.apache.tools.ant.taskdefs.optional.junit.JUnitTestRunner.run(JUnitTestRunner.java:420)
	at org.apache.tools.ant.taskdefs.optional.junit.JUnitTestRunner.launch(JUnitTestRunner.java:911)
	at org.apache.tools.ant.taskdefs.optional.junit.JUnitTestRunner.main(JUnitTestRunner.java:768)
Caused by: com.topcoder.db.connectionfactory.DBConnectionException: error occurs while creating the connection.
	at com.topcoder.db.connectionfactory.producers.JDBCConnectionProducer.createConnection(JDBCConnectionProducer.java:450)
	at com.topcoder.db.connectionfactory.producers.JDBCConnectionProducer.createConnection(JDBCConnectionProducer.java:406)
	at com.topcoder.db.connectionfactory.DBConnectionFactoryImpl.createConnection(DBConnectionFactoryImpl.java:510)
	at com.topcoder.reliability.impl.persistence.DatabaseReliabilityDataPersistence.open(DatabaseReliabilityDataPersistence.java:273)
	... 30 more
Caused by: java.sql.SQLException: No suitable driver found for invalid
	at java.sql.DriverManager.getConnection(DriverManager.java:602)
	at java.sql.DriverManager.getConnection(DriverManager.java:154)
	at com.topcoder.db.connectionfactory.producers.JDBCConnectionProducer.createConnection(JDBCConnectionProducer.java:448)
	... 33 more

Entering method [com.topcoder.reliability.impl.detectors.PhaseEndTimeBasedResolutionDateDetector.detect(UserProjectParticipationData data)].
Input parameters[data:null]
Error in method [com.topcoder.reliability.impl.detectors.PhaseEndTimeBasedResolutionDateDetector.detect(UserProjectParticipationData data)], details: IllegalArgumentException is thrown.
java.lang.IllegalArgumentException: 'data' should not be null.
	at com.topcoder.reliability.Helper.checkNull(Helper.java:131)
	at com.topcoder.reliability.impl.detectors.PhaseEndTimeBasedResolutionDateDetector.detect(PhaseEndTimeBasedResolutionDateDetector.java:126)
	at com.topcoder.reliability.failuretests.impl.detectors.PhaseEndTimeBasedResolutionDateDetectorFailureTests.testDetectWithNullData(PhaseEndTimeBasedResolutionDateDetectorFailureTests.java:90)
	at sun.reflect.NativeMethodAccessorImpl.invoke0(Native Method)
	at sun.reflect.NativeMethodAccessorImpl.invoke(NativeMethodAccessorImpl.java:39)
	at sun.reflect.DelegatingMethodAccessorImpl.invoke(DelegatingMethodAccessorImpl.java:25)
	at java.lang.reflect.Method.invoke(Method.java:597)
	at org.junit.runners.model.FrameworkMethod$1.runReflectiveCall(FrameworkMethod.java:44)
	at org.junit.internal.runners.model.ReflectiveCallable.run(ReflectiveCallable.java:15)
	at org.junit.runners.model.FrameworkMethod.invokeExplosively(FrameworkMethod.java:41)
	at org.junit.internal.runners.statements.InvokeMethod.evaluate(InvokeMethod.java:20)
	at org.junit.internal.runners.statements.ExpectException.evaluate(ExpectException.java:21)
	at org.junit.internal.runners.statements.RunBefores.evaluate(RunBefores.java:28)
	at org.junit.runners.BlockJUnit4ClassRunner.runNotIgnored(BlockJUnit4ClassRunner.java:79)
	at org.junit.runners.BlockJUnit4ClassRunner.runChild(BlockJUnit4ClassRunner.java:71)
	at org.junit.runners.BlockJUnit4ClassRunner.runChild(BlockJUnit4ClassRunner.java:49)
	at org.junit.runners.ParentRunner$3.run(ParentRunner.java:193)
	at org.junit.runners.ParentRunner$1.schedule(ParentRunner.java:52)
	at org.junit.runners.ParentRunner.runChildren(ParentRunner.java:191)
	at org.junit.runners.ParentRunner.access$000(ParentRunner.java:42)
	at org.junit.runners.ParentRunner$2.evaluate(ParentRunner.java:184)
	at org.junit.runners.ParentRunner.run(ParentRunner.java:236)
	at junit.framework.JUnit4TestAdapter.run(JUnit4TestAdapter.java:39)
	at junit.framework.TestSuite.runTest(TestSuite.java:243)
	at junit.framework.TestSuite.run(TestSuite.java:238)
	at junit.framework.TestSuite.runTest(TestSuite.java:243)
	at junit.framework.TestSuite.run(TestSuite.java:238)
	at org.apache.tools.ant.taskdefs.optional.junit.JUnitTestRunner.run(JUnitTestRunner.java:420)
	at org.apache.tools.ant.taskdefs.optional.junit.JUnitTestRunner.launch(JUnitTestRunner.java:911)
	at org.apache.tools.ant.taskdefs.optional.junit.JUnitTestRunner.main(JUnitTestRunner.java:768)

Entering method [com.topcoder.reliability.impl.calculators.BaseUserReliabilityCalculator.calculate(List<UserProjectParticipationData> projects)].
Input parameters[projects:null]
Error in method [com.topcoder.reliability.impl.calculators.BaseUserReliabilityCalculator.calculate(List<UserProjectParticipationData> projects)], details: IllegalArgumentException is thrown.
java.lang.IllegalArgumentException: 'projects' should not be null.
	at com.topcoder.reliability.Helper.checkNull(Helper.java:131)
	at com.topcoder.reliability.impl.calculators.BaseUserReliabilityCalculator.calculate(BaseUserReliabilityCalculator.java:115)
	at com.topcoder.reliability.failuretests.impl.calculators.BaseUserReliabilityCalculatorFailureTests.testCalculateWithNullProjects(BaseUserReliabilityCalculatorFailureTests.java:97)
	at sun.reflect.NativeMethodAccessorImpl.invoke0(Native Method)
	at sun.reflect.NativeMethodAccessorImpl.invoke(NativeMethodAccessorImpl.java:39)
	at sun.reflect.DelegatingMethodAccessorImpl.invoke(DelegatingMethodAccessorImpl.java:25)
	at java.lang.reflect.Method.invoke(Method.java:597)
	at org.junit.runners.model.FrameworkMethod$1.runReflectiveCall(FrameworkMethod.java:44)
	at org.junit.internal.runners.model.ReflectiveCallable.run(ReflectiveCallable.java:15)
	at org.junit.runners.model.FrameworkMethod.invokeExplosively(FrameworkMethod.java:41)
	at org.junit.internal.runners.statements.InvokeMethod.evaluate(InvokeMethod.java:20)
	at org.junit.internal.runners.statements.ExpectException.evaluate(ExpectException.java:21)
	at org.junit.internal.runners.statements.RunBefores.evaluate(RunBefores.java:28)
	at org.junit.runners.BlockJUnit4ClassRunner.runNotIgnored(BlockJUnit4ClassRunner.java:79)
	at org.junit.runners.BlockJUnit4ClassRunner.runChild(BlockJUnit4ClassRunner.java:71)
	at org.junit.runners.BlockJUnit4ClassRunner.runChild(BlockJUnit4ClassRunner.java:49)
	at org.junit.runners.ParentRunner$3.run(ParentRunner.java:193)
	at org.junit.runners.ParentRunner$1.schedule(ParentRunner.java:52)
	at org.junit.runners.ParentRunner.runChildren(ParentRunner.java:191)
	at org.junit.runners.ParentRunner.access$000(ParentRunner.java:42)
	at org.junit.runners.ParentRunner$2.evaluate(ParentRunner.java:184)
	at org.junit.runners.ParentRunner.run(ParentRunner.java:236)
	at junit.framework.JUnit4TestAdapter.run(JUnit4TestAdapter.java:39)
	at junit.framework.TestSuite.runTest(TestSuite.java:243)
	at junit.framework.TestSuite.run(TestSuite.java:238)
	at junit.framework.TestSuite.runTest(TestSuite.java:243)
	at junit.framework.TestSuite.run(TestSuite.java:238)
	at org.apache.tools.ant.taskdefs.optional.junit.JUnitTestRunner.run(JUnitTestRunner.java:420)
	at org.apache.tools.ant.taskdefs.optional.junit.JUnitTestRunner.launch(JUnitTestRunner.java:911)
	at org.apache.tools.ant.taskdefs.optional.junit.JUnitTestRunner.main(JUnitTestRunner.java:768)

Entering method [com.topcoder.reliability.impl.calculators.BaseUserReliabilityCalculator.calculate(List<UserProjectParticipationData> projects)].
Input parameters[projects:[]]
Error in method [com.topcoder.reliability.impl.calculators.BaseUserReliabilityCalculator.calculate(List<UserProjectParticipationData> projects)], details: IllegalArgumentException is thrown.
java.lang.IllegalArgumentException: 'projects' should not be empty.
	at com.topcoder.reliability.impl.calculators.BaseUserReliabilityCalculator.calculate(BaseUserReliabilityCalculator.java:117)
	at com.topcoder.reliability.failuretests.impl.calculators.BaseUserReliabilityCalculatorFailureTests.testCalculateWithEmptyProjects(BaseUserReliabilityCalculatorFailureTests.java:108)
	at sun.reflect.NativeMethodAccessorImpl.invoke0(Native Method)
	at sun.reflect.NativeMethodAccessorImpl.invoke(NativeMethodAccessorImpl.java:39)
	at sun.reflect.DelegatingMethodAccessorImpl.invoke(DelegatingMethodAccessorImpl.java:25)
	at java.lang.reflect.Method.invoke(Method.java:597)
	at org.junit.runners.model.FrameworkMethod$1.runReflectiveCall(FrameworkMethod.java:44)
	at org.junit.internal.runners.model.ReflectiveCallable.run(ReflectiveCallable.java:15)
	at org.junit.runners.model.FrameworkMethod.invokeExplosively(FrameworkMethod.java:41)
	at org.junit.internal.runners.statements.InvokeMethod.evaluate(InvokeMethod.java:20)
	at org.junit.internal.runners.statements.ExpectException.evaluate(ExpectException.java:21)
	at org.junit.internal.runners.statements.RunBefores.evaluate(RunBefores.java:28)
	at org.junit.runners.BlockJUnit4ClassRunner.runNotIgnored(BlockJUnit4ClassRunner.java:79)
	at org.junit.runners.BlockJUnit4ClassRunner.runChild(BlockJUnit4ClassRunner.java:71)
	at org.junit.runners.BlockJUnit4ClassRunner.runChild(BlockJUnit4ClassRunner.java:49)
	at org.junit.runners.ParentRunner$3.run(ParentRunner.java:193)
	at org.junit.runners.ParentRunner$1.schedule(ParentRunner.java:52)
	at org.junit.runners.ParentRunner.runChildren(ParentRunner.java:191)
	at org.junit.runners.ParentRunner.access$000(ParentRunner.java:42)
	at org.junit.runners.ParentRunner$2.evaluate(ParentRunner.java:184)
	at org.junit.runners.ParentRunner.run(ParentRunner.java:236)
	at junit.framework.JUnit4TestAdapter.run(JUnit4TestAdapter.java:39)
	at junit.framework.TestSuite.runTest(TestSuite.java:243)
	at junit.framework.TestSuite.run(TestSuite.java:238)
	at junit.framework.TestSuite.runTest(TestSuite.java:243)
	at junit.framework.TestSuite.run(TestSuite.java:238)
	at org.apache.tools.ant.taskdefs.optional.junit.JUnitTestRunner.run(JUnitTestRunner.java:420)
	at org.apache.tools.ant.taskdefs.optional.junit.JUnitTestRunner.launch(JUnitTestRunner.java:911)
	at org.apache.tools.ant.taskdefs.optional.junit.JUnitTestRunner.main(JUnitTestRunner.java:768)

Entering method [com.topcoder.reliability.impl.calculators.BaseUserReliabilityCalculator.calculate(List<UserProjectParticipationData> projects)].
Input parameters[projects:[com.topcoder.reliability.impl.UserProjectParticipationData@428c6e04, com.topcoder.reliability.impl.UserProjectParticipationData@118aeabe, null]]
Error in method [com.topcoder.reliability.impl.calculators.BaseUserReliabilityCalculator.calculate(List<UserProjectParticipationData> projects)], details: IllegalArgumentException is thrown.
java.lang.IllegalArgumentException: 'element in projects' should not be null.
	at com.topcoder.reliability.Helper.checkNull(Helper.java:131)
	at com.topcoder.reliability.impl.calculators.BaseUserReliabilityCalculator.calculate(BaseUserReliabilityCalculator.java:121)
	at com.topcoder.reliability.failuretests.impl.calculators.BaseUserReliabilityCalculatorFailureTests.testCalculateWithNullProject(BaseUserReliabilityCalculatorFailureTests.java:129)
	at sun.reflect.NativeMethodAccessorImpl.invoke0(Native Method)
	at sun.reflect.NativeMethodAccessorImpl.invoke(NativeMethodAccessorImpl.java:39)
	at sun.reflect.DelegatingMethodAccessorImpl.invoke(DelegatingMethodAccessorImpl.java:25)
	at java.lang.reflect.Method.invoke(Method.java:597)
	at org.junit.runners.model.FrameworkMethod$1.runReflectiveCall(FrameworkMethod.java:44)
	at org.junit.internal.runners.model.ReflectiveCallable.run(ReflectiveCallable.java:15)
	at org.junit.runners.model.FrameworkMethod.invokeExplosively(FrameworkMethod.java:41)
	at org.junit.internal.runners.statements.InvokeMethod.evaluate(InvokeMethod.java:20)
	at org.junit.internal.runners.statements.ExpectException.evaluate(ExpectException.java:21)
	at org.junit.internal.runners.statements.RunBefores.evaluate(RunBefores.java:28)
	at org.junit.runners.BlockJUnit4ClassRunner.runNotIgnored(BlockJUnit4ClassRunner.java:79)
	at org.junit.runners.BlockJUnit4ClassRunner.runChild(BlockJUnit4ClassRunner.java:71)
	at org.junit.runners.BlockJUnit4ClassRunner.runChild(BlockJUnit4ClassRunner.java:49)
	at org.junit.runners.ParentRunner$3.run(ParentRunner.java:193)
	at org.junit.runners.ParentRunner$1.schedule(ParentRunner.java:52)
	at org.junit.runners.ParentRunner.runChildren(ParentRunner.java:191)
	at org.junit.runners.ParentRunner.access$000(ParentRunner.java:42)
	at org.junit.runners.ParentRunner$2.evaluate(ParentRunner.java:184)
	at org.junit.runners.ParentRunner.run(ParentRunner.java:236)
	at junit.framework.JUnit4TestAdapter.run(JUnit4TestAdapter.java:39)
	at junit.framework.TestSuite.runTest(TestSuite.java:243)
	at junit.framework.TestSuite.run(TestSuite.java:238)
	at junit.framework.TestSuite.runTest(TestSuite.java:243)
	at junit.framework.TestSuite.run(TestSuite.java:238)
	at org.apache.tools.ant.taskdefs.optional.junit.JUnitTestRunner.run(JUnitTestRunner.java:420)
	at org.apache.tools.ant.taskdefs.optional.junit.JUnitTestRunner.launch(JUnitTestRunner.java:911)
	at org.apache.tools.ant.taskdefs.optional.junit.JUnitTestRunner.main(JUnitTestRunner.java:768)

Entering method [com.topcoder.reliability.impl.calculators.BaseUserReliabilityCalculator.calculate(List<UserProjectParticipationData> projects)].
Input parameters[projects:[com.topcoder.reliability.impl.UserProjectParticipationData@59c87031, com.topcoder.reliability.impl.UserProjectParticipationData@763dcf03]]
Error in method [com.topcoder.reliability.impl.calculators.BaseUserReliabilityCalculator.calculate(List<UserProjectParticipationData> projects)], details: IllegalArgumentException is thrown.
java.lang.IllegalArgumentException: 'project.getUserRegistrationDate() in projects' should not be null.
	at com.topcoder.reliability.Helper.checkNull(Helper.java:131)
	at com.topcoder.reliability.impl.calculators.BaseUserReliabilityCalculator.calculate(BaseUserReliabilityCalculator.java:124)
	at com.topcoder.reliability.failuretests.impl.calculators.BaseUserReliabilityCalculatorFailureTests.testCalculateWithNullUserRegistrationDate(BaseUserReliabilityCalculatorFailureTests.java:149)
	at sun.reflect.NativeMethodAccessorImpl.invoke0(Native Method)
	at sun.reflect.NativeMethodAccessorImpl.invoke(NativeMethodAccessorImpl.java:39)
	at sun.reflect.DelegatingMethodAccessorImpl.invoke(DelegatingMethodAccessorImpl.java:25)
	at java.lang.reflect.Method.invoke(Method.java:597)
	at org.junit.runners.model.FrameworkMethod$1.runReflectiveCall(FrameworkMethod.java:44)
	at org.junit.internal.runners.model.ReflectiveCallable.run(ReflectiveCallable.java:15)
	at org.junit.runners.model.FrameworkMethod.invokeExplosively(FrameworkMethod.java:41)
	at org.junit.internal.runners.statements.InvokeMethod.evaluate(InvokeMethod.java:20)
	at org.junit.internal.runners.statements.ExpectException.evaluate(ExpectException.java:21)
	at org.junit.internal.runners.statements.RunBefores.evaluate(RunBefores.java:28)
	at org.junit.runners.BlockJUnit4ClassRunner.runNotIgnored(BlockJUnit4ClassRunner.java:79)
	at org.junit.runners.BlockJUnit4ClassRunner.runChild(BlockJUnit4ClassRunner.java:71)
	at org.junit.runners.BlockJUnit4ClassRunner.runChild(BlockJUnit4ClassRunner.java:49)
	at org.junit.runners.ParentRunner$3.run(ParentRunner.java:193)
	at org.junit.runners.ParentRunner$1.schedule(ParentRunner.java:52)
	at org.junit.runners.ParentRunner.runChildren(ParentRunner.java:191)
	at org.junit.runners.ParentRunner.access$000(ParentRunner.java:42)
	at org.junit.runners.ParentRunner$2.evaluate(ParentRunner.java:184)
	at org.junit.runners.ParentRunner.run(ParentRunner.java:236)
	at junit.framework.JUnit4TestAdapter.run(JUnit4TestAdapter.java:39)
	at junit.framework.TestSuite.runTest(TestSuite.java:243)
	at junit.framework.TestSuite.run(TestSuite.java:238)
	at junit.framework.TestSuite.runTest(TestSuite.java:243)
	at junit.framework.TestSuite.run(TestSuite.java:238)
	at org.apache.tools.ant.taskdefs.optional.junit.JUnitTestRunner.run(JUnitTestRunner.java:420)
	at org.apache.tools.ant.taskdefs.optional.junit.JUnitTestRunner.launch(JUnitTestRunner.java:911)
	at org.apache.tools.ant.taskdefs.optional.junit.JUnitTestRunner.main(JUnitTestRunner.java:768)

Entering method [com.topcoder.reliability.impl.calculators.BaseUserReliabilityCalculator.calculate(List<UserProjectParticipationData> projects)].
Input parameters[projects:[com.topcoder.reliability.impl.UserProjectParticipationData@4c53ccba, com.topcoder.reliability.impl.UserProjectParticipationData@11a5ee7c]]
Error in method [com.topcoder.reliability.impl.calculators.BaseUserReliabilityCalculator.calculate(List<UserProjectParticipationData> projects)], details: IllegalArgumentException is thrown.
java.lang.IllegalArgumentException: 'project.getUserRegistrationDate() in projects' should not be null.
	at com.topcoder.reliability.Helper.checkNull(Helper.java:131)
	at com.topcoder.reliability.impl.calculators.BaseUserReliabilityCalculator.calculate(BaseUserReliabilityCalculator.java:124)
	at com.topcoder.reliability.failuretests.impl.calculators.BaseUserReliabilityCalculatorFailureTests.testCalculateWithNullResolutionDate(BaseUserReliabilityCalculatorFailureTests.java:169)
	at sun.reflect.NativeMethodAccessorImpl.invoke0(Native Method)
	at sun.reflect.NativeMethodAccessorImpl.invoke(NativeMethodAccessorImpl.java:39)
	at sun.reflect.DelegatingMethodAccessorImpl.invoke(DelegatingMethodAccessorImpl.java:25)
	at java.lang.reflect.Method.invoke(Method.java:597)
	at org.junit.runners.model.FrameworkMethod$1.runReflectiveCall(FrameworkMethod.java:44)
	at org.junit.internal.runners.model.ReflectiveCallable.run(ReflectiveCallable.java:15)
	at org.junit.runners.model.FrameworkMethod.invokeExplosively(FrameworkMethod.java:41)
	at org.junit.internal.runners.statements.InvokeMethod.evaluate(InvokeMethod.java:20)
	at org.junit.internal.runners.statements.ExpectException.evaluate(ExpectException.java:21)
	at org.junit.internal.runners.statements.RunBefores.evaluate(RunBefores.java:28)
	at org.junit.runners.BlockJUnit4ClassRunner.runNotIgnored(BlockJUnit4ClassRunner.java:79)
	at org.junit.runners.BlockJUnit4ClassRunner.runChild(BlockJUnit4ClassRunner.java:71)
	at org.junit.runners.BlockJUnit4ClassRunner.runChild(BlockJUnit4ClassRunner.java:49)
	at org.junit.runners.ParentRunner$3.run(ParentRunner.java:193)
	at org.junit.runners.ParentRunner$1.schedule(ParentRunner.java:52)
	at org.junit.runners.ParentRunner.runChildren(ParentRunner.java:191)
	at org.junit.runners.ParentRunner.access$000(ParentRunner.java:42)
	at org.junit.runners.ParentRunner$2.evaluate(ParentRunner.java:184)
	at org.junit.runners.ParentRunner.run(ParentRunner.java:236)
	at junit.framework.JUnit4TestAdapter.run(JUnit4TestAdapter.java:39)
	at junit.framework.TestSuite.runTest(TestSuite.java:243)
	at junit.framework.TestSuite.run(TestSuite.java:238)
	at junit.framework.TestSuite.runTest(TestSuite.java:243)
	at junit.framework.TestSuite.run(TestSuite.java:238)
	at org.apache.tools.ant.taskdefs.optional.junit.JUnitTestRunner.run(JUnitTestRunner.java:420)
	at org.apache.tools.ant.taskdefs.optional.junit.JUnitTestRunner.launch(JUnitTestRunner.java:911)
	at org.apache.tools.ant.taskdefs.optional.junit.JUnitTestRunner.main(JUnitTestRunner.java:768)

Entering method [com.topcoder.reliability.impl.calculators.BaseUserReliabilityCalculator.calculate(List<UserProjectParticipationData> projects)].
Input parameters[projects:[com.topcoder.reliability.impl.UserProjectParticipationData@7d08c1b7, com.topcoder.reliability.impl.UserProjectParticipationData@49e61582]]
Error in method [com.topcoder.reliability.impl.calculators.BaseUserReliabilityCalculator.calculate(List<UserProjectParticipationData> projects)], details: UserReliabilityCalculationException is thrown when calculating reliability for all projects.
com.topcoder.reliability.impl.UserReliabilityCalculationException: error
	at com.topcoder.reliability.failuretests.impl.calculators.BaseUserReliabilityCalculatorFailureTests$BaseUserReliabilityCalculatorTester.calculateReliabilityAfterProjects(BaseUserReliabilityCalculatorFailureTests.java:234)
	at com.topcoder.reliability.impl.calculators.BaseUserReliabilityCalculator.calculate(BaseUserReliabilityCalculator.java:140)
	at com.topcoder.reliability.failuretests.impl.calculators.BaseUserReliabilityCalculatorFailureTests.testCalculateWithCalculationError(BaseUserReliabilityCalculatorFailureTests.java:191)
	at sun.reflect.NativeMethodAccessorImpl.invoke0(Native Method)
	at sun.reflect.NativeMethodAccessorImpl.invoke(NativeMethodAccessorImpl.java:39)
	at sun.reflect.DelegatingMethodAccessorImpl.invoke(DelegatingMethodAccessorImpl.java:25)
	at java.lang.reflect.Method.invoke(Method.java:597)
	at org.junit.runners.model.FrameworkMethod$1.runReflectiveCall(FrameworkMethod.java:44)
	at org.junit.internal.runners.model.ReflectiveCallable.run(ReflectiveCallable.java:15)
	at org.junit.runners.model.FrameworkMethod.invokeExplosively(FrameworkMethod.java:41)
	at org.junit.internal.runners.statements.InvokeMethod.evaluate(InvokeMethod.java:20)
	at org.junit.internal.runners.statements.ExpectException.evaluate(ExpectException.java:21)
	at org.junit.internal.runners.statements.RunBefores.evaluate(RunBefores.java:28)
	at org.junit.runners.BlockJUnit4ClassRunner.runNotIgnored(BlockJUnit4ClassRunner.java:79)
	at org.junit.runners.BlockJUnit4ClassRunner.runChild(BlockJUnit4ClassRunner.java:71)
	at org.junit.runners.BlockJUnit4ClassRunner.runChild(BlockJUnit4ClassRunner.java:49)
	at org.junit.runners.ParentRunner$3.run(ParentRunner.java:193)
	at org.junit.runners.ParentRunner$1.schedule(ParentRunner.java:52)
	at org.junit.runners.ParentRunner.runChildren(ParentRunner.java:191)
	at org.junit.runners.ParentRunner.access$000(ParentRunner.java:42)
	at org.junit.runners.ParentRunner$2.evaluate(ParentRunner.java:184)
	at org.junit.runners.ParentRunner.run(ParentRunner.java:236)
	at junit.framework.JUnit4TestAdapter.run(JUnit4TestAdapter.java:39)
	at junit.framework.TestSuite.runTest(TestSuite.java:243)
	at junit.framework.TestSuite.run(TestSuite.java:238)
	at junit.framework.TestSuite.runTest(TestSuite.java:243)
	at junit.framework.TestSuite.run(TestSuite.java:238)
	at org.apache.tools.ant.taskdefs.optional.junit.JUnitTestRunner.run(JUnitTestRunner.java:420)
	at org.apache.tools.ant.taskdefs.optional.junit.JUnitTestRunner.launch(JUnitTestRunner.java:911)
	at org.apache.tools.ant.taskdefs.optional.junit.JUnitTestRunner.main(JUnitTestRunner.java:768)

Entering method [com.topcoder.reliability.impl.persistence.DatabaseReliabilityDataPersistence.open()].
Exiting method [com.topcoder.reliability.impl.persistence.DatabaseReliabilityDataPersistence.open()], time spent in the method: 14 milliseconds.
Entering method [com.topcoder.reliability.impl.persistence.DatabaseReliabilityDataPersistence.open()].
Error in method [com.topcoder.reliability.impl.persistence.DatabaseReliabilityDataPersistence.open()], details: IllegalStateException is thrown.
java.lang.IllegalStateException: The connection is already opened.
	at com.topcoder.reliability.Helper.checkState(Helper.java:194)
	at com.topcoder.reliability.impl.persistence.DatabaseReliabilityDataPersistence.open(DatabaseReliabilityDataPersistence.java:269)
	at com.topcoder.reliability.failuretests.impl.persistence.DatabaseReliabilityDataPersistenceFailureTests.testOpenWithTwiceCall(DatabaseReliabilityDataPersistenceFailureTests.java:155)
	at sun.reflect.NativeMethodAccessorImpl.invoke0(Native Method)
	at sun.reflect.NativeMethodAccessorImpl.invoke(NativeMethodAccessorImpl.java:39)
	at sun.reflect.DelegatingMethodAccessorImpl.invoke(DelegatingMethodAccessorImpl.java:25)
	at java.lang.reflect.Method.invoke(Method.java:597)
	at org.junit.runners.model.FrameworkMethod$1.runReflectiveCall(FrameworkMethod.java:44)
	at org.junit.internal.runners.model.ReflectiveCallable.run(ReflectiveCallable.java:15)
	at org.junit.runners.model.FrameworkMethod.invokeExplosively(FrameworkMethod.java:41)
	at org.junit.internal.runners.statements.InvokeMethod.evaluate(InvokeMethod.java:20)
	at org.junit.internal.runners.statements.ExpectException.evaluate(ExpectException.java:21)
	at org.junit.internal.runners.statements.RunBefores.evaluate(RunBefores.java:28)
	at org.junit.internal.runners.statements.RunAfters.evaluate(RunAfters.java:31)
	at org.junit.runners.BlockJUnit4ClassRunner.runNotIgnored(BlockJUnit4ClassRunner.java:79)
	at org.junit.runners.BlockJUnit4ClassRunner.runChild(BlockJUnit4ClassRunner.java:71)
	at org.junit.runners.BlockJUnit4ClassRunner.runChild(BlockJUnit4ClassRunner.java:49)
	at org.junit.runners.ParentRunner$3.run(ParentRunner.java:193)
	at org.junit.runners.ParentRunner$1.schedule(ParentRunner.java:52)
	at org.junit.runners.ParentRunner.runChildren(ParentRunner.java:191)
	at org.junit.runners.ParentRunner.access$000(ParentRunner.java:42)
	at org.junit.runners.ParentRunner$2.evaluate(ParentRunner.java:184)
	at org.junit.runners.ParentRunner.run(ParentRunner.java:236)
	at junit.framework.JUnit4TestAdapter.run(JUnit4TestAdapter.java:39)
	at junit.framework.TestSuite.runTest(TestSuite.java:243)
	at junit.framework.TestSuite.run(TestSuite.java:238)
	at junit.framework.TestSuite.runTest(TestSuite.java:243)
	at junit.framework.TestSuite.run(TestSuite.java:238)
	at org.apache.tools.ant.taskdefs.optional.junit.JUnitTestRunner.run(JUnitTestRunner.java:420)
	at org.apache.tools.ant.taskdefs.optional.junit.JUnitTestRunner.launch(JUnitTestRunner.java:911)
	at org.apache.tools.ant.taskdefs.optional.junit.JUnitTestRunner.main(JUnitTestRunner.java:768)

Entering method [com.topcoder.reliability.impl.persistence.DatabaseReliabilityDataPersistence.open()].
Error in method [com.topcoder.reliability.impl.persistence.DatabaseReliabilityDataPersistence.open()], details: ReliabilityDataPersistenceException is thrown when opening a connection to persistence.
com.topcoder.reliability.impl.ReliabilityDataPersistenceException: Failed to create a database connection.
	at com.topcoder.reliability.impl.persistence.DatabaseReliabilityDataPersistence.open(DatabaseReliabilityDataPersistence.java:279)
	at com.topcoder.reliability.failuretests.impl.persistence.DatabaseReliabilityDataPersistenceFailureTests.testOpenWithPersistenceError(DatabaseReliabilityDataPersistenceFailureTests.java:183)
	at sun.reflect.NativeMethodAccessorImpl.invoke0(Native Method)
	at sun.reflect.NativeMethodAccessorImpl.invoke(NativeMethodAccessorImpl.java:39)
	at sun.reflect.DelegatingMethodAccessorImpl.invoke(DelegatingMethodAccessorImpl.java:25)
	at java.lang.reflect.Method.invoke(Method.java:597)
	at org.junit.runners.model.FrameworkMethod$1.runReflectiveCall(FrameworkMethod.java:44)
	at org.junit.internal.runners.model.ReflectiveCallable.run(ReflectiveCallable.java:15)
	at org.junit.runners.model.FrameworkMethod.invokeExplosively(FrameworkMethod.java:41)
	at org.junit.internal.runners.statements.InvokeMethod.evaluate(InvokeMethod.java:20)
	at org.junit.internal.runners.statements.ExpectException.evaluate(ExpectException.java:21)
	at org.junit.internal.runners.statements.RunBefores.evaluate(RunBefores.java:28)
	at org.junit.internal.runners.statements.RunAfters.evaluate(RunAfters.java:31)
	at org.junit.runners.BlockJUnit4ClassRunner.runNotIgnored(BlockJUnit4ClassRunner.java:79)
	at org.junit.runners.BlockJUnit4ClassRunner.runChild(BlockJUnit4ClassRunner.java:71)
	at org.junit.runners.BlockJUnit4ClassRunner.runChild(BlockJUnit4ClassRunner.java:49)
	at org.junit.runners.ParentRunner$3.run(ParentRunner.java:193)
	at org.junit.runners.ParentRunner$1.schedule(ParentRunner.java:52)
	at org.junit.runners.ParentRunner.runChildren(ParentRunner.java:191)
	at org.junit.runners.ParentRunner.access$000(ParentRunner.java:42)
	at org.junit.runners.ParentRunner$2.evaluate(ParentRunner.java:184)
	at org.junit.runners.ParentRunner.run(ParentRunner.java:236)
	at junit.framework.JUnit4TestAdapter.run(JUnit4TestAdapter.java:39)
	at junit.framework.TestSuite.runTest(TestSuite.java:243)
	at junit.framework.TestSuite.run(TestSuite.java:238)
	at junit.framework.TestSuite.runTest(TestSuite.java:243)
	at junit.framework.TestSuite.run(TestSuite.java:238)
	at org.apache.tools.ant.taskdefs.optional.junit.JUnitTestRunner.run(JUnitTestRunner.java:420)
	at org.apache.tools.ant.taskdefs.optional.junit.JUnitTestRunner.launch(JUnitTestRunner.java:911)
	at org.apache.tools.ant.taskdefs.optional.junit.JUnitTestRunner.main(JUnitTestRunner.java:768)
Caused by: com.topcoder.db.connectionfactory.DBConnectionException: error occurs while creating the connection.
	at com.topcoder.db.connectionfactory.producers.JDBCConnectionProducer.createConnection(JDBCConnectionProducer.java:450)
	at com.topcoder.db.connectionfactory.producers.JDBCConnectionProducer.createConnection(JDBCConnectionProducer.java:406)
	at com.topcoder.db.connectionfactory.DBConnectionFactoryImpl.createConnection(DBConnectionFactoryImpl.java:510)
	at com.topcoder.reliability.impl.persistence.DatabaseReliabilityDataPersistence.open(DatabaseReliabilityDataPersistence.java:273)
	... 29 more
Caused by: java.sql.SQLException: No suitable driver found for invalid
	at java.sql.DriverManager.getConnection(DriverManager.java:602)
	at java.sql.DriverManager.getConnection(DriverManager.java:154)
	at com.topcoder.db.connectionfactory.producers.JDBCConnectionProducer.createConnection(JDBCConnectionProducer.java:448)
	... 32 more

Entering method [com.topcoder.reliability.impl.persistence.DatabaseReliabilityDataPersistence.open()].
Exiting method [com.topcoder.reliability.impl.persistence.DatabaseReliabilityDataPersistence.open()], time spent in the method: 8 milliseconds.
Entering method [com.topcoder.reliability.impl.persistence.DatabaseReliabilityDataPersistence.close].
Exiting method [com.topcoder.reliability.impl.persistence.DatabaseReliabilityDataPersistence.close], time spent in the method: 1 milliseconds.
Entering method [com.topcoder.reliability.impl.persistence.DatabaseReliabilityDataPersistence.close].
Error in method [com.topcoder.reliability.impl.persistence.DatabaseReliabilityDataPersistence.close], details: IllegalStateException is thrown.
java.lang.IllegalStateException: The connection is already closed.
	at com.topcoder.reliability.Helper.checkState(Helper.java:194)
	at com.topcoder.reliability.impl.persistence.DatabaseReliabilityDataPersistence.close(DatabaseReliabilityDataPersistence.java:648)
	at com.topcoder.reliability.failuretests.impl.persistence.DatabaseReliabilityDataPersistenceFailureTests.testCloseWithTwiceCall(DatabaseReliabilityDataPersistenceFailureTests.java:198)
	at sun.reflect.NativeMethodAccessorImpl.invoke0(Native Method)
	at sun.reflect.NativeMethodAccessorImpl.invoke(NativeMethodAccessorImpl.java:39)
	at sun.reflect.DelegatingMethodAccessorImpl.invoke(DelegatingMethodAccessorImpl.java:25)
	at java.lang.reflect.Method.invoke(Method.java:597)
	at org.junit.runners.model.FrameworkMethod$1.runReflectiveCall(FrameworkMethod.java:44)
	at org.junit.internal.runners.model.ReflectiveCallable.run(ReflectiveCallable.java:15)
	at org.junit.runners.model.FrameworkMethod.invokeExplosively(FrameworkMethod.java:41)
	at org.junit.internal.runners.statements.InvokeMethod.evaluate(InvokeMethod.java:20)
	at org.junit.internal.runners.statements.ExpectException.evaluate(ExpectException.java:21)
	at org.junit.internal.runners.statements.RunBefores.evaluate(RunBefores.java:28)
	at org.junit.internal.runners.statements.RunAfters.evaluate(RunAfters.java:31)
	at org.junit.runners.BlockJUnit4ClassRunner.runNotIgnored(BlockJUnit4ClassRunner.java:79)
	at org.junit.runners.BlockJUnit4ClassRunner.runChild(BlockJUnit4ClassRunner.java:71)
	at org.junit.runners.BlockJUnit4ClassRunner.runChild(BlockJUnit4ClassRunner.java:49)
	at org.junit.runners.ParentRunner$3.run(ParentRunner.java:193)
	at org.junit.runners.ParentRunner$1.schedule(ParentRunner.java:52)
	at org.junit.runners.ParentRunner.runChildren(ParentRunner.java:191)
	at org.junit.runners.ParentRunner.access$000(ParentRunner.java:42)
	at org.junit.runners.ParentRunner$2.evaluate(ParentRunner.java:184)
	at org.junit.runners.ParentRunner.run(ParentRunner.java:236)
	at junit.framework.JUnit4TestAdapter.run(JUnit4TestAdapter.java:39)
	at junit.framework.TestSuite.runTest(TestSuite.java:243)
	at junit.framework.TestSuite.run(TestSuite.java:238)
	at junit.framework.TestSuite.runTest(TestSuite.java:243)
	at junit.framework.TestSuite.run(TestSuite.java:238)
	at org.apache.tools.ant.taskdefs.optional.junit.JUnitTestRunner.run(JUnitTestRunner.java:420)
	at org.apache.tools.ant.taskdefs.optional.junit.JUnitTestRunner.launch(JUnitTestRunner.java:911)
	at org.apache.tools.ant.taskdefs.optional.junit.JUnitTestRunner.main(JUnitTestRunner.java:768)

Entering method [com.topcoder.reliability.impl.persistence.DatabaseReliabilityDataPersistence.open()].
Exiting method [com.topcoder.reliability.impl.persistence.DatabaseReliabilityDataPersistence.open()], time spent in the method: 11 milliseconds.
Entering method [com.topcoder.reliability.impl.persistence.DatabaseReliabilityDataPersistence.getIdsOfUsersWithReliability(long projectCategoryId, Date startDate)].
Input parameters[projectCategoryId:0, startDate:Tue Nov 30 16:39:39 CST 2010]
Error in method [com.topcoder.reliability.impl.persistence.DatabaseReliabilityDataPersistence.getIdsOfUsersWithReliability(long projectCategoryId, Date startDate)], details: IllegalArgumentException is thrown.
java.lang.IllegalArgumentException: 'projectCategoryId' should be positive.
	at com.topcoder.reliability.Helper.checkPositive(Helper.java:150)
	at com.topcoder.reliability.impl.persistence.DatabaseReliabilityDataPersistence.getIdsOfUsersWithReliability(DatabaseReliabilityDataPersistence.java:327)
	at com.topcoder.reliability.failuretests.impl.persistence.DatabaseReliabilityDataPersistenceFailureTests.testGetIdsOfUsersWithReliabilityWithZeroProjectCategoryId(DatabaseReliabilityDataPersistenceFailureTests.java:211)
	at sun.reflect.NativeMethodAccessorImpl.invoke0(Native Method)
	at sun.reflect.NativeMethodAccessorImpl.invoke(NativeMethodAccessorImpl.java:39)
	at sun.reflect.DelegatingMethodAccessorImpl.invoke(DelegatingMethodAccessorImpl.java:25)
	at java.lang.reflect.Method.invoke(Method.java:597)
	at org.junit.runners.model.FrameworkMethod$1.runReflectiveCall(FrameworkMethod.java:44)
	at org.junit.internal.runners.model.ReflectiveCallable.run(ReflectiveCallable.java:15)
	at org.junit.runners.model.FrameworkMethod.invokeExplosively(FrameworkMethod.java:41)
	at org.junit.internal.runners.statements.InvokeMethod.evaluate(InvokeMethod.java:20)
	at org.junit.internal.runners.statements.ExpectException.evaluate(ExpectException.java:21)
	at org.junit.internal.runners.statements.RunBefores.evaluate(RunBefores.java:28)
	at org.junit.internal.runners.statements.RunAfters.evaluate(RunAfters.java:31)
	at org.junit.runners.BlockJUnit4ClassRunner.runNotIgnored(BlockJUnit4ClassRunner.java:79)
	at org.junit.runners.BlockJUnit4ClassRunner.runChild(BlockJUnit4ClassRunner.java:71)
	at org.junit.runners.BlockJUnit4ClassRunner.runChild(BlockJUnit4ClassRunner.java:49)
	at org.junit.runners.ParentRunner$3.run(ParentRunner.java:193)
	at org.junit.runners.ParentRunner$1.schedule(ParentRunner.java:52)
	at org.junit.runners.ParentRunner.runChildren(ParentRunner.java:191)
	at org.junit.runners.ParentRunner.access$000(ParentRunner.java:42)
	at org.junit.runners.ParentRunner$2.evaluate(ParentRunner.java:184)
	at org.junit.runners.ParentRunner.run(ParentRunner.java:236)
	at junit.framework.JUnit4TestAdapter.run(JUnit4TestAdapter.java:39)
	at junit.framework.TestSuite.runTest(TestSuite.java:243)
	at junit.framework.TestSuite.run(TestSuite.java:238)
	at junit.framework.TestSuite.runTest(TestSuite.java:243)
	at junit.framework.TestSuite.run(TestSuite.java:238)
	at org.apache.tools.ant.taskdefs.optional.junit.JUnitTestRunner.run(JUnitTestRunner.java:420)
	at org.apache.tools.ant.taskdefs.optional.junit.JUnitTestRunner.launch(JUnitTestRunner.java:911)
	at org.apache.tools.ant.taskdefs.optional.junit.JUnitTestRunner.main(JUnitTestRunner.java:768)

Entering method [com.topcoder.reliability.impl.persistence.DatabaseReliabilityDataPersistence.open()].
Exiting method [com.topcoder.reliability.impl.persistence.DatabaseReliabilityDataPersistence.open()], time spent in the method: 9 milliseconds.
Entering method [com.topcoder.reliability.impl.persistence.DatabaseReliabilityDataPersistence.getIdsOfUsersWithReliability(long projectCategoryId, Date startDate)].
Input parameters[projectCategoryId:-1, startDate:Tue Nov 30 16:39:39 CST 2010]
Error in method [com.topcoder.reliability.impl.persistence.DatabaseReliabilityDataPersistence.getIdsOfUsersWithReliability(long projectCategoryId, Date startDate)], details: IllegalArgumentException is thrown.
java.lang.IllegalArgumentException: 'projectCategoryId' should be positive.
	at com.topcoder.reliability.Helper.checkPositive(Helper.java:150)
	at com.topcoder.reliability.impl.persistence.DatabaseReliabilityDataPersistence.getIdsOfUsersWithReliability(DatabaseReliabilityDataPersistence.java:327)
	at com.topcoder.reliability.failuretests.impl.persistence.DatabaseReliabilityDataPersistenceFailureTests.testGetIdsOfUsersWithReliabilityWithNegativeProjectCategoryId(DatabaseReliabilityDataPersistenceFailureTests.java:224)
	at sun.reflect.NativeMethodAccessorImpl.invoke0(Native Method)
	at sun.reflect.NativeMethodAccessorImpl.invoke(NativeMethodAccessorImpl.java:39)
	at sun.reflect.DelegatingMethodAccessorImpl.invoke(DelegatingMethodAccessorImpl.java:25)
	at java.lang.reflect.Method.invoke(Method.java:597)
	at org.junit.runners.model.FrameworkMethod$1.runReflectiveCall(FrameworkMethod.java:44)
	at org.junit.internal.runners.model.ReflectiveCallable.run(ReflectiveCallable.java:15)
	at org.junit.runners.model.FrameworkMethod.invokeExplosively(FrameworkMethod.java:41)
	at org.junit.internal.runners.statements.InvokeMethod.evaluate(InvokeMethod.java:20)
	at org.junit.internal.runners.statements.ExpectException.evaluate(ExpectException.java:21)
	at org.junit.internal.runners.statements.RunBefores.evaluate(RunBefores.java:28)
	at org.junit.internal.runners.statements.RunAfters.evaluate(RunAfters.java:31)
	at org.junit.runners.BlockJUnit4ClassRunner.runNotIgnored(BlockJUnit4ClassRunner.java:79)
	at org.junit.runners.BlockJUnit4ClassRunner.runChild(BlockJUnit4ClassRunner.java:71)
	at org.junit.runners.BlockJUnit4ClassRunner.runChild(BlockJUnit4ClassRunner.java:49)
	at org.junit.runners.ParentRunner$3.run(ParentRunner.java:193)
	at org.junit.runners.ParentRunner$1.schedule(ParentRunner.java:52)
	at org.junit.runners.ParentRunner.runChildren(ParentRunner.java:191)
	at org.junit.runners.ParentRunner.access$000(ParentRunner.java:42)
	at org.junit.runners.ParentRunner$2.evaluate(ParentRunner.java:184)
	at org.junit.runners.ParentRunner.run(ParentRunner.java:236)
	at junit.framework.JUnit4TestAdapter.run(JUnit4TestAdapter.java:39)
	at junit.framework.TestSuite.runTest(TestSuite.java:243)
	at junit.framework.TestSuite.run(TestSuite.java:238)
	at junit.framework.TestSuite.runTest(TestSuite.java:243)
	at junit.framework.TestSuite.run(TestSuite.java:238)
	at org.apache.tools.ant.taskdefs.optional.junit.JUnitTestRunner.run(JUnitTestRunner.java:420)
	at org.apache.tools.ant.taskdefs.optional.junit.JUnitTestRunner.launch(JUnitTestRunner.java:911)
	at org.apache.tools.ant.taskdefs.optional.junit.JUnitTestRunner.main(JUnitTestRunner.java:768)

Entering method [com.topcoder.reliability.impl.persistence.DatabaseReliabilityDataPersistence.open()].
Exiting method [com.topcoder.reliability.impl.persistence.DatabaseReliabilityDataPersistence.open()], time spent in the method: 8 milliseconds.
Entering method [com.topcoder.reliability.impl.persistence.DatabaseReliabilityDataPersistence.getIdsOfUsersWithReliability(long projectCategoryId, Date startDate)].
Input parameters[projectCategoryId:1, startDate:null]
Error in method [com.topcoder.reliability.impl.persistence.DatabaseReliabilityDataPersistence.getIdsOfUsersWithReliability(long projectCategoryId, Date startDate)], details: IllegalArgumentException is thrown.
java.lang.IllegalArgumentException: 'startDate' should not be null.
	at com.topcoder.reliability.Helper.checkNull(Helper.java:131)
	at com.topcoder.reliability.impl.persistence.DatabaseReliabilityDataPersistence.getIdsOfUsersWithReliability(DatabaseReliabilityDataPersistence.java:328)
	at com.topcoder.reliability.failuretests.impl.persistence.DatabaseReliabilityDataPersistenceFailureTests.testGetIdsOfUsersWithReliabilityWithNullStartDate(DatabaseReliabilityDataPersistenceFailureTests.java:237)
	at sun.reflect.NativeMethodAccessorImpl.invoke0(Native Method)
	at sun.reflect.NativeMethodAccessorImpl.invoke(NativeMethodAccessorImpl.java:39)
	at sun.reflect.DelegatingMethodAccessorImpl.invoke(DelegatingMethodAccessorImpl.java:25)
	at java.lang.reflect.Method.invoke(Method.java:597)
	at org.junit.runners.model.FrameworkMethod$1.runReflectiveCall(FrameworkMethod.java:44)
	at org.junit.internal.runners.model.ReflectiveCallable.run(ReflectiveCallable.java:15)
	at org.junit.runners.model.FrameworkMethod.invokeExplosively(FrameworkMethod.java:41)
	at org.junit.internal.runners.statements.InvokeMethod.evaluate(InvokeMethod.java:20)
	at org.junit.internal.runners.statements.ExpectException.evaluate(ExpectException.java:21)
	at org.junit.internal.runners.statements.RunBefores.evaluate(RunBefores.java:28)
	at org.junit.internal.runners.statements.RunAfters.evaluate(RunAfters.java:31)
	at org.junit.runners.BlockJUnit4ClassRunner.runNotIgnored(BlockJUnit4ClassRunner.java:79)
	at org.junit.runners.BlockJUnit4ClassRunner.runChild(BlockJUnit4ClassRunner.java:71)
	at org.junit.runners.BlockJUnit4ClassRunner.runChild(BlockJUnit4ClassRunner.java:49)
	at org.junit.runners.ParentRunner$3.run(ParentRunner.java:193)
	at org.junit.runners.ParentRunner$1.schedule(ParentRunner.java:52)
	at org.junit.runners.ParentRunner.runChildren(ParentRunner.java:191)
	at org.junit.runners.ParentRunner.access$000(ParentRunner.java:42)
	at org.junit.runners.ParentRunner$2.evaluate(ParentRunner.java:184)
	at org.junit.runners.ParentRunner.run(ParentRunner.java:236)
	at junit.framework.JUnit4TestAdapter.run(JUnit4TestAdapter.java:39)
	at junit.framework.TestSuite.runTest(TestSuite.java:243)
	at junit.framework.TestSuite.run(TestSuite.java:238)
	at junit.framework.TestSuite.runTest(TestSuite.java:243)
	at junit.framework.TestSuite.run(TestSuite.java:238)
	at org.apache.tools.ant.taskdefs.optional.junit.JUnitTestRunner.run(JUnitTestRunner.java:420)
	at org.apache.tools.ant.taskdefs.optional.junit.JUnitTestRunner.launch(JUnitTestRunner.java:911)
	at org.apache.tools.ant.taskdefs.optional.junit.JUnitTestRunner.main(JUnitTestRunner.java:768)

Entering method [com.topcoder.reliability.impl.persistence.DatabaseReliabilityDataPersistence.getIdsOfUsersWithReliability(long projectCategoryId, Date startDate)].
Input parameters[projectCategoryId:1, startDate:Tue Nov 30 16:39:40 CST 2010]
Error in method [com.topcoder.reliability.impl.persistence.DatabaseReliabilityDataPersistence.getIdsOfUsersWithReliability(long projectCategoryId, Date startDate)], details: IllegalStateException is thrown.
java.lang.IllegalStateException: The connection is not opened.
	at com.topcoder.reliability.Helper.checkState(Helper.java:194)
	at com.topcoder.reliability.impl.persistence.DatabaseReliabilityDataPersistence.getIdsOfUsersWithReliability(DatabaseReliabilityDataPersistence.java:331)
	at com.topcoder.reliability.failuretests.impl.persistence.DatabaseReliabilityDataPersistenceFailureTests.testGetIdsOfUsersWithReliabilityWithoutOpen(DatabaseReliabilityDataPersistenceFailureTests.java:248)
	at sun.reflect.NativeMethodAccessorImpl.invoke0(Native Method)
	at sun.reflect.NativeMethodAccessorImpl.invoke(NativeMethodAccessorImpl.java:39)
	at sun.reflect.DelegatingMethodAccessorImpl.invoke(DelegatingMethodAccessorImpl.java:25)
	at java.lang.reflect.Method.invoke(Method.java:597)
	at org.junit.runners.model.FrameworkMethod$1.runReflectiveCall(FrameworkMethod.java:44)
	at org.junit.internal.runners.model.ReflectiveCallable.run(ReflectiveCallable.java:15)
	at org.junit.runners.model.FrameworkMethod.invokeExplosively(FrameworkMethod.java:41)
	at org.junit.internal.runners.statements.InvokeMethod.evaluate(InvokeMethod.java:20)
	at org.junit.internal.runners.statements.ExpectException.evaluate(ExpectException.java:21)
	at org.junit.internal.runners.statements.RunBefores.evaluate(RunBefores.java:28)
	at org.junit.internal.runners.statements.RunAfters.evaluate(RunAfters.java:31)
	at org.junit.runners.BlockJUnit4ClassRunner.runNotIgnored(BlockJUnit4ClassRunner.java:79)
	at org.junit.runners.BlockJUnit4ClassRunner.runChild(BlockJUnit4ClassRunner.java:71)
	at org.junit.runners.BlockJUnit4ClassRunner.runChild(BlockJUnit4ClassRunner.java:49)
	at org.junit.runners.ParentRunner$3.run(ParentRunner.java:193)
	at org.junit.runners.ParentRunner$1.schedule(ParentRunner.java:52)
	at org.junit.runners.ParentRunner.runChildren(ParentRunner.java:191)
	at org.junit.runners.ParentRunner.access$000(ParentRunner.java:42)
	at org.junit.runners.ParentRunner$2.evaluate(ParentRunner.java:184)
	at org.junit.runners.ParentRunner.run(ParentRunner.java:236)
	at junit.framework.JUnit4TestAdapter.run(JUnit4TestAdapter.java:39)
	at junit.framework.TestSuite.runTest(TestSuite.java:243)
	at junit.framework.TestSuite.run(TestSuite.java:238)
	at junit.framework.TestSuite.runTest(TestSuite.java:243)
	at junit.framework.TestSuite.run(TestSuite.java:238)
	at org.apache.tools.ant.taskdefs.optional.junit.JUnitTestRunner.run(JUnitTestRunner.java:420)
	at org.apache.tools.ant.taskdefs.optional.junit.JUnitTestRunner.launch(JUnitTestRunner.java:911)
	at org.apache.tools.ant.taskdefs.optional.junit.JUnitTestRunner.main(JUnitTestRunner.java:768)

Entering method [com.topcoder.reliability.impl.persistence.DatabaseReliabilityDataPersistence.open()].
Exiting method [com.topcoder.reliability.impl.persistence.DatabaseReliabilityDataPersistence.open()], time spent in the method: 10 milliseconds.
Entering method [com.topcoder.reliability.impl.persistence.DatabaseReliabilityDataPersistence.getIdsOfUsersWithReliability(long projectCategoryId, Date startDate)].
Input parameters[projectCategoryId:1, startDate:Tue Nov 30 16:39:40 CST 2010]
Error in method [com.topcoder.reliability.impl.persistence.DatabaseReliabilityDataPersistence.getIdsOfUsersWithReliability(long projectCategoryId, Date startDate)], details: ReliabilityDataPersistenceException is thrown when retrieving the IDs of users.
com.topcoder.reliability.impl.ReliabilityDataPersistenceException: A database access error occurred.
	at com.topcoder.reliability.impl.persistence.DatabaseReliabilityDataPersistence.getIdsOfUsersWithReliability(DatabaseReliabilityDataPersistence.java:370)
	at com.topcoder.reliability.failuretests.impl.persistence.DatabaseReliabilityDataPersistenceFailureTests.testGetIdsOfUsersWithReliabilityWithPersistenceError(DatabaseReliabilityDataPersistenceFailureTests.java:263)
	at sun.reflect.NativeMethodAccessorImpl.invoke0(Native Method)
	at sun.reflect.NativeMethodAccessorImpl.invoke(NativeMethodAccessorImpl.java:39)
	at sun.reflect.DelegatingMethodAccessorImpl.invoke(DelegatingMethodAccessorImpl.java:25)
	at java.lang.reflect.Method.invoke(Method.java:597)
	at org.junit.runners.model.FrameworkMethod$1.runReflectiveCall(FrameworkMethod.java:44)
	at org.junit.internal.runners.model.ReflectiveCallable.run(ReflectiveCallable.java:15)
	at org.junit.runners.model.FrameworkMethod.invokeExplosively(FrameworkMethod.java:41)
	at org.junit.internal.runners.statements.InvokeMethod.evaluate(InvokeMethod.java:20)
	at org.junit.internal.runners.statements.ExpectException.evaluate(ExpectException.java:21)
	at org.junit.internal.runners.statements.RunBefores.evaluate(RunBefores.java:28)
	at org.junit.internal.runners.statements.RunAfters.evaluate(RunAfters.java:31)
	at org.junit.runners.BlockJUnit4ClassRunner.runNotIgnored(BlockJUnit4ClassRunner.java:79)
	at org.junit.runners.BlockJUnit4ClassRunner.runChild(BlockJUnit4ClassRunner.java:71)
	at org.junit.runners.BlockJUnit4ClassRunner.runChild(BlockJUnit4ClassRunner.java:49)
	at org.junit.runners.ParentRunner$3.run(ParentRunner.java:193)
	at org.junit.runners.ParentRunner$1.schedule(ParentRunner.java:52)
	at org.junit.runners.ParentRunner.runChildren(ParentRunner.java:191)
	at org.junit.runners.ParentRunner.access$000(ParentRunner.java:42)
	at org.junit.runners.ParentRunner$2.evaluate(ParentRunner.java:184)
	at org.junit.runners.ParentRunner.run(ParentRunner.java:236)
	at junit.framework.JUnit4TestAdapter.run(JUnit4TestAdapter.java:39)
	at junit.framework.TestSuite.runTest(TestSuite.java:243)
	at junit.framework.TestSuite.run(TestSuite.java:238)
	at junit.framework.TestSuite.runTest(TestSuite.java:243)
	at junit.framework.TestSuite.run(TestSuite.java:238)
	at org.apache.tools.ant.taskdefs.optional.junit.JUnitTestRunner.run(JUnitTestRunner.java:420)
	at org.apache.tools.ant.taskdefs.optional.junit.JUnitTestRunner.launch(JUnitTestRunner.java:911)
	at org.apache.tools.ant.taskdefs.optional.junit.JUnitTestRunner.main(JUnitTestRunner.java:768)
Caused by: java.sql.SQLException: Connection not established
	at com.informix.util.IfxErrMsg.getSQLException(IfxErrMsg.java:413)
	at com.informix.jdbc.IfxSqliConnect.h(IfxSqliConnect.java:6588)
	at com.informix.jdbc.IfxSqliConnect.prepareStatement(IfxSqliConnect.java:2396)
	at com.topcoder.reliability.impl.persistence.DatabaseReliabilityDataPersistence.getIdsOfUsersWithReliability(DatabaseReliabilityDataPersistence.java:334)
	... 29 more

Entering method [com.topcoder.reliability.impl.persistence.DatabaseReliabilityDataPersistence.open()].
Exiting method [com.topcoder.reliability.impl.persistence.DatabaseReliabilityDataPersistence.open()], time spent in the method: 8 milliseconds.
Entering method [com.topcoder.reliability.impl.persistence.DatabaseReliabilityDataPersistence.getUserParticipationData(long userId, long projectCategoryId, Date startDate)].
Input parameters[userId:1, projectCategoryId:0, startDate:Tue Nov 30 16:39:40 CST 2010]
Error in method [com.topcoder.reliability.impl.persistence.DatabaseReliabilityDataPersistence.getUserParticipationData(long userId, long projectCategoryId, Date startDate)], details: IllegalArgumentException is thrown.
java.lang.IllegalArgumentException: 'projectCategoryId' should be positive.
	at com.topcoder.reliability.Helper.checkPositive(Helper.java:150)
	at com.topcoder.reliability.impl.persistence.DatabaseReliabilityDataPersistence.getUserParticipationData(DatabaseReliabilityDataPersistence.java:412)
	at com.topcoder.reliability.failuretests.impl.persistence.DatabaseReliabilityDataPersistenceFailureTests.testGetUserParticipationDataWithZeroProjectCategoryId(DatabaseReliabilityDataPersistenceFailureTests.java:276)
	at sun.reflect.NativeMethodAccessorImpl.invoke0(Native Method)
	at sun.reflect.NativeMethodAccessorImpl.invoke(NativeMethodAccessorImpl.java:39)
	at sun.reflect.DelegatingMethodAccessorImpl.invoke(DelegatingMethodAccessorImpl.java:25)
	at java.lang.reflect.Method.invoke(Method.java:597)
	at org.junit.runners.model.FrameworkMethod$1.runReflectiveCall(FrameworkMethod.java:44)
	at org.junit.internal.runners.model.ReflectiveCallable.run(ReflectiveCallable.java:15)
	at org.junit.runners.model.FrameworkMethod.invokeExplosively(FrameworkMethod.java:41)
	at org.junit.internal.runners.statements.InvokeMethod.evaluate(InvokeMethod.java:20)
	at org.junit.internal.runners.statements.ExpectException.evaluate(ExpectException.java:21)
	at org.junit.internal.runners.statements.RunBefores.evaluate(RunBefores.java:28)
	at org.junit.internal.runners.statements.RunAfters.evaluate(RunAfters.java:31)
	at org.junit.runners.BlockJUnit4ClassRunner.runNotIgnored(BlockJUnit4ClassRunner.java:79)
	at org.junit.runners.BlockJUnit4ClassRunner.runChild(BlockJUnit4ClassRunner.java:71)
	at org.junit.runners.BlockJUnit4ClassRunner.runChild(BlockJUnit4ClassRunner.java:49)
	at org.junit.runners.ParentRunner$3.run(ParentRunner.java:193)
	at org.junit.runners.ParentRunner$1.schedule(ParentRunner.java:52)
	at org.junit.runners.ParentRunner.runChildren(ParentRunner.java:191)
	at org.junit.runners.ParentRunner.access$000(ParentRunner.java:42)
	at org.junit.runners.ParentRunner$2.evaluate(ParentRunner.java:184)
	at org.junit.runners.ParentRunner.run(ParentRunner.java:236)
	at junit.framework.JUnit4TestAdapter.run(JUnit4TestAdapter.java:39)
	at junit.framework.TestSuite.runTest(TestSuite.java:243)
	at junit.framework.TestSuite.run(TestSuite.java:238)
	at junit.framework.TestSuite.runTest(TestSuite.java:243)
	at junit.framework.TestSuite.run(TestSuite.java:238)
	at org.apache.tools.ant.taskdefs.optional.junit.JUnitTestRunner.run(JUnitTestRunner.java:420)
	at org.apache.tools.ant.taskdefs.optional.junit.JUnitTestRunner.launch(JUnitTestRunner.java:911)
	at org.apache.tools.ant.taskdefs.optional.junit.JUnitTestRunner.main(JUnitTestRunner.java:768)

Entering method [com.topcoder.reliability.impl.persistence.DatabaseReliabilityDataPersistence.open()].
Exiting method [com.topcoder.reliability.impl.persistence.DatabaseReliabilityDataPersistence.open()], time spent in the method: 9 milliseconds.
Entering method [com.topcoder.reliability.impl.persistence.DatabaseReliabilityDataPersistence.getUserParticipationData(long userId, long projectCategoryId, Date startDate)].
Input parameters[userId:1, projectCategoryId:-1, startDate:Tue Nov 30 16:39:40 CST 2010]
Error in method [com.topcoder.reliability.impl.persistence.DatabaseReliabilityDataPersistence.getUserParticipationData(long userId, long projectCategoryId, Date startDate)], details: IllegalArgumentException is thrown.
java.lang.IllegalArgumentException: 'projectCategoryId' should be positive.
	at com.topcoder.reliability.Helper.checkPositive(Helper.java:150)
	at com.topcoder.reliability.impl.persistence.DatabaseReliabilityDataPersistence.getUserParticipationData(DatabaseReliabilityDataPersistence.java:412)
	at com.topcoder.reliability.failuretests.impl.persistence.DatabaseReliabilityDataPersistenceFailureTests.testGetUserParticipationDataWithNegativeProjectCategoryId(DatabaseReliabilityDataPersistenceFailureTests.java:289)
	at sun.reflect.NativeMethodAccessorImpl.invoke0(Native Method)
	at sun.reflect.NativeMethodAccessorImpl.invoke(NativeMethodAccessorImpl.java:39)
	at sun.reflect.DelegatingMethodAccessorImpl.invoke(DelegatingMethodAccessorImpl.java:25)
	at java.lang.reflect.Method.invoke(Method.java:597)
	at org.junit.runners.model.FrameworkMethod$1.runReflectiveCall(FrameworkMethod.java:44)
	at org.junit.internal.runners.model.ReflectiveCallable.run(ReflectiveCallable.java:15)
	at org.junit.runners.model.FrameworkMethod.invokeExplosively(FrameworkMethod.java:41)
	at org.junit.internal.runners.statements.InvokeMethod.evaluate(InvokeMethod.java:20)
	at org.junit.internal.runners.statements.ExpectException.evaluate(ExpectException.java:21)
	at org.junit.internal.runners.statements.RunBefores.evaluate(RunBefores.java:28)
	at org.junit.internal.runners.statements.RunAfters.evaluate(RunAfters.java:31)
	at org.junit.runners.BlockJUnit4ClassRunner.runNotIgnored(BlockJUnit4ClassRunner.java:79)
	at org.junit.runners.BlockJUnit4ClassRunner.runChild(BlockJUnit4ClassRunner.java:71)
	at org.junit.runners.BlockJUnit4ClassRunner.runChild(BlockJUnit4ClassRunner.java:49)
	at org.junit.runners.ParentRunner$3.run(ParentRunner.java:193)
	at org.junit.runners.ParentRunner$1.schedule(ParentRunner.java:52)
	at org.junit.runners.ParentRunner.runChildren(ParentRunner.java:191)
	at org.junit.runners.ParentRunner.access$000(ParentRunner.java:42)
	at org.junit.runners.ParentRunner$2.evaluate(ParentRunner.java:184)
	at org.junit.runners.ParentRunner.run(ParentRunner.java:236)
	at junit.framework.JUnit4TestAdapter.run(JUnit4TestAdapter.java:39)
	at junit.framework.TestSuite.runTest(TestSuite.java:243)
	at junit.framework.TestSuite.run(TestSuite.java:238)
	at junit.framework.TestSuite.runTest(TestSuite.java:243)
	at junit.framework.TestSuite.run(TestSuite.java:238)
	at org.apache.tools.ant.taskdefs.optional.junit.JUnitTestRunner.run(JUnitTestRunner.java:420)
	at org.apache.tools.ant.taskdefs.optional.junit.JUnitTestRunner.launch(JUnitTestRunner.java:911)
	at org.apache.tools.ant.taskdefs.optional.junit.JUnitTestRunner.main(JUnitTestRunner.java:768)

Entering method [com.topcoder.reliability.impl.persistence.DatabaseReliabilityDataPersistence.open()].
Exiting method [com.topcoder.reliability.impl.persistence.DatabaseReliabilityDataPersistence.open()], time spent in the method: 10 milliseconds.
Entering method [com.topcoder.reliability.impl.persistence.DatabaseReliabilityDataPersistence.getUserParticipationData(long userId, long projectCategoryId, Date startDate)].
Input parameters[userId:0, projectCategoryId:1, startDate:Tue Nov 30 16:39:40 CST 2010]
Error in method [com.topcoder.reliability.impl.persistence.DatabaseReliabilityDataPersistence.getUserParticipationData(long userId, long projectCategoryId, Date startDate)], details: IllegalArgumentException is thrown.
java.lang.IllegalArgumentException: 'userId' should be positive.
	at com.topcoder.reliability.Helper.checkPositive(Helper.java:150)
	at com.topcoder.reliability.impl.persistence.DatabaseReliabilityDataPersistence.getUserParticipationData(DatabaseReliabilityDataPersistence.java:411)
	at com.topcoder.reliability.failuretests.impl.persistence.DatabaseReliabilityDataPersistenceFailureTests.testGetUserParticipationDataWithZeroUserId(DatabaseReliabilityDataPersistenceFailureTests.java:302)
	at sun.reflect.NativeMethodAccessorImpl.invoke0(Native Method)
	at sun.reflect.NativeMethodAccessorImpl.invoke(NativeMethodAccessorImpl.java:39)
	at sun.reflect.DelegatingMethodAccessorImpl.invoke(DelegatingMethodAccessorImpl.java:25)
	at java.lang.reflect.Method.invoke(Method.java:597)
	at org.junit.runners.model.FrameworkMethod$1.runReflectiveCall(FrameworkMethod.java:44)
	at org.junit.internal.runners.model.ReflectiveCallable.run(ReflectiveCallable.java:15)
	at org.junit.runners.model.FrameworkMethod.invokeExplosively(FrameworkMethod.java:41)
	at org.junit.internal.runners.statements.InvokeMethod.evaluate(InvokeMethod.java:20)
	at org.junit.internal.runners.statements.ExpectException.evaluate(ExpectException.java:21)
	at org.junit.internal.runners.statements.RunBefores.evaluate(RunBefores.java:28)
	at org.junit.internal.runners.statements.RunAfters.evaluate(RunAfters.java:31)
	at org.junit.runners.BlockJUnit4ClassRunner.runNotIgnored(BlockJUnit4ClassRunner.java:79)
	at org.junit.runners.BlockJUnit4ClassRunner.runChild(BlockJUnit4ClassRunner.java:71)
	at org.junit.runners.BlockJUnit4ClassRunner.runChild(BlockJUnit4ClassRunner.java:49)
	at org.junit.runners.ParentRunner$3.run(ParentRunner.java:193)
	at org.junit.runners.ParentRunner$1.schedule(ParentRunner.java:52)
	at org.junit.runners.ParentRunner.runChildren(ParentRunner.java:191)
	at org.junit.runners.ParentRunner.access$000(ParentRunner.java:42)
	at org.junit.runners.ParentRunner$2.evaluate(ParentRunner.java:184)
	at org.junit.runners.ParentRunner.run(ParentRunner.java:236)
	at junit.framework.JUnit4TestAdapter.run(JUnit4TestAdapter.java:39)
	at junit.framework.TestSuite.runTest(TestSuite.java:243)
	at junit.framework.TestSuite.run(TestSuite.java:238)
	at junit.framework.TestSuite.runTest(TestSuite.java:243)
	at junit.framework.TestSuite.run(TestSuite.java:238)
	at org.apache.tools.ant.taskdefs.optional.junit.JUnitTestRunner.run(JUnitTestRunner.java:420)
	at org.apache.tools.ant.taskdefs.optional.junit.JUnitTestRunner.launch(JUnitTestRunner.java:911)
	at org.apache.tools.ant.taskdefs.optional.junit.JUnitTestRunner.main(JUnitTestRunner.java:768)

Entering method [com.topcoder.reliability.impl.persistence.DatabaseReliabilityDataPersistence.open()].
Exiting method [com.topcoder.reliability.impl.persistence.DatabaseReliabilityDataPersistence.open()], time spent in the method: 10 milliseconds.
Entering method [com.topcoder.reliability.impl.persistence.DatabaseReliabilityDataPersistence.getUserParticipationData(long userId, long projectCategoryId, Date startDate)].
Input parameters[userId:-1, projectCategoryId:1, startDate:Tue Nov 30 16:39:40 CST 2010]
Error in method [com.topcoder.reliability.impl.persistence.DatabaseReliabilityDataPersistence.getUserParticipationData(long userId, long projectCategoryId, Date startDate)], details: IllegalArgumentException is thrown.
java.lang.IllegalArgumentException: 'userId' should be positive.
	at com.topcoder.reliability.Helper.checkPositive(Helper.java:150)
	at com.topcoder.reliability.impl.persistence.DatabaseReliabilityDataPersistence.getUserParticipationData(DatabaseReliabilityDataPersistence.java:411)
	at com.topcoder.reliability.failuretests.impl.persistence.DatabaseReliabilityDataPersistenceFailureTests.testGetUserParticipationDataWithNegativeUserId(DatabaseReliabilityDataPersistenceFailureTests.java:315)
	at sun.reflect.NativeMethodAccessorImpl.invoke0(Native Method)
	at sun.reflect.NativeMethodAccessorImpl.invoke(NativeMethodAccessorImpl.java:39)
	at sun.reflect.DelegatingMethodAccessorImpl.invoke(DelegatingMethodAccessorImpl.java:25)
	at java.lang.reflect.Method.invoke(Method.java:597)
	at org.junit.runners.model.FrameworkMethod$1.runReflectiveCall(FrameworkMethod.java:44)
	at org.junit.internal.runners.model.ReflectiveCallable.run(ReflectiveCallable.java:15)
	at org.junit.runners.model.FrameworkMethod.invokeExplosively(FrameworkMethod.java:41)
	at org.junit.internal.runners.statements.InvokeMethod.evaluate(InvokeMethod.java:20)
	at org.junit.internal.runners.statements.ExpectException.evaluate(ExpectException.java:21)
	at org.junit.internal.runners.statements.RunBefores.evaluate(RunBefores.java:28)
	at org.junit.internal.runners.statements.RunAfters.evaluate(RunAfters.java:31)
	at org.junit.runners.BlockJUnit4ClassRunner.runNotIgnored(BlockJUnit4ClassRunner.java:79)
	at org.junit.runners.BlockJUnit4ClassRunner.runChild(BlockJUnit4ClassRunner.java:71)
	at org.junit.runners.BlockJUnit4ClassRunner.runChild(BlockJUnit4ClassRunner.java:49)
	at org.junit.runners.ParentRunner$3.run(ParentRunner.java:193)
	at org.junit.runners.ParentRunner$1.schedule(ParentRunner.java:52)
	at org.junit.runners.ParentRunner.runChildren(ParentRunner.java:191)
	at org.junit.runners.ParentRunner.access$000(ParentRunner.java:42)
	at org.junit.runners.ParentRunner$2.evaluate(ParentRunner.java:184)
	at org.junit.runners.ParentRunner.run(ParentRunner.java:236)
	at junit.framework.JUnit4TestAdapter.run(JUnit4TestAdapter.java:39)
	at junit.framework.TestSuite.runTest(TestSuite.java:243)
	at junit.framework.TestSuite.run(TestSuite.java:238)
	at junit.framework.TestSuite.runTest(TestSuite.java:243)
	at junit.framework.TestSuite.run(TestSuite.java:238)
	at org.apache.tools.ant.taskdefs.optional.junit.JUnitTestRunner.run(JUnitTestRunner.java:420)
	at org.apache.tools.ant.taskdefs.optional.junit.JUnitTestRunner.launch(JUnitTestRunner.java:911)
	at org.apache.tools.ant.taskdefs.optional.junit.JUnitTestRunner.main(JUnitTestRunner.java:768)

Entering method [com.topcoder.reliability.impl.persistence.DatabaseReliabilityDataPersistence.open()].
Exiting method [com.topcoder.reliability.impl.persistence.DatabaseReliabilityDataPersistence.open()], time spent in the method: 11 milliseconds.
Entering method [com.topcoder.reliability.impl.persistence.DatabaseReliabilityDataPersistence.getUserParticipationData(long userId, long projectCategoryId, Date startDate)].
Input parameters[userId:1, projectCategoryId:1, startDate:null]
Error in method [com.topcoder.reliability.impl.persistence.DatabaseReliabilityDataPersistence.getUserParticipationData(long userId, long projectCategoryId, Date startDate)], details: IllegalArgumentException is thrown.
java.lang.IllegalArgumentException: 'startDate' should not be null.
	at com.topcoder.reliability.Helper.checkNull(Helper.java:131)
	at com.topcoder.reliability.impl.persistence.DatabaseReliabilityDataPersistence.getUserParticipationData(DatabaseReliabilityDataPersistence.java:413)
	at com.topcoder.reliability.failuretests.impl.persistence.DatabaseReliabilityDataPersistenceFailureTests.testGetUserParticipationDataWithNullStartDate(DatabaseReliabilityDataPersistenceFailureTests.java:328)
	at sun.reflect.NativeMethodAccessorImpl.invoke0(Native Method)
	at sun.reflect.NativeMethodAccessorImpl.invoke(NativeMethodAccessorImpl.java:39)
	at sun.reflect.DelegatingMethodAccessorImpl.invoke(DelegatingMethodAccessorImpl.java:25)
	at java.lang.reflect.Method.invoke(Method.java:597)
	at org.junit.runners.model.FrameworkMethod$1.runReflectiveCall(FrameworkMethod.java:44)
	at org.junit.internal.runners.model.ReflectiveCallable.run(ReflectiveCallable.java:15)
	at org.junit.runners.model.FrameworkMethod.invokeExplosively(FrameworkMethod.java:41)
	at org.junit.internal.runners.statements.InvokeMethod.evaluate(InvokeMethod.java:20)
	at org.junit.internal.runners.statements.ExpectException.evaluate(ExpectException.java:21)
	at org.junit.internal.runners.statements.RunBefores.evaluate(RunBefores.java:28)
	at org.junit.internal.runners.statements.RunAfters.evaluate(RunAfters.java:31)
	at org.junit.runners.BlockJUnit4ClassRunner.runNotIgnored(BlockJUnit4ClassRunner.java:79)
	at org.junit.runners.BlockJUnit4ClassRunner.runChild(BlockJUnit4ClassRunner.java:71)
	at org.junit.runners.BlockJUnit4ClassRunner.runChild(BlockJUnit4ClassRunner.java:49)
	at org.junit.runners.ParentRunner$3.run(ParentRunner.java:193)
	at org.junit.runners.ParentRunner$1.schedule(ParentRunner.java:52)
	at org.junit.runners.ParentRunner.runChildren(ParentRunner.java:191)
	at org.junit.runners.ParentRunner.access$000(ParentRunner.java:42)
	at org.junit.runners.ParentRunner$2.evaluate(ParentRunner.java:184)
	at org.junit.runners.ParentRunner.run(ParentRunner.java:236)
	at junit.framework.JUnit4TestAdapter.run(JUnit4TestAdapter.java:39)
	at junit.framework.TestSuite.runTest(TestSuite.java:243)
	at junit.framework.TestSuite.run(TestSuite.java:238)
	at junit.framework.TestSuite.runTest(TestSuite.java:243)
	at junit.framework.TestSuite.run(TestSuite.java:238)
	at org.apache.tools.ant.taskdefs.optional.junit.JUnitTestRunner.run(JUnitTestRunner.java:420)
	at org.apache.tools.ant.taskdefs.optional.junit.JUnitTestRunner.launch(JUnitTestRunner.java:911)
	at org.apache.tools.ant.taskdefs.optional.junit.JUnitTestRunner.main(JUnitTestRunner.java:768)

Entering method [com.topcoder.reliability.impl.persistence.DatabaseReliabilityDataPersistence.getUserParticipationData(long userId, long projectCategoryId, Date startDate)].
Input parameters[userId:1, projectCategoryId:1, startDate:Tue Nov 30 16:39:40 CST 2010]
Error in method [com.topcoder.reliability.impl.persistence.DatabaseReliabilityDataPersistence.getUserParticipationData(long userId, long projectCategoryId, Date startDate)], details: IllegalStateException is thrown.
java.lang.IllegalStateException: The connection is not opened.
	at com.topcoder.reliability.Helper.checkState(Helper.java:194)
	at com.topcoder.reliability.impl.persistence.DatabaseReliabilityDataPersistence.getUserParticipationData(DatabaseReliabilityDataPersistence.java:416)
	at com.topcoder.reliability.failuretests.impl.persistence.DatabaseReliabilityDataPersistenceFailureTests.testGetUserParticipationDataWithoutOpen(DatabaseReliabilityDataPersistenceFailureTests.java:339)
	at sun.reflect.NativeMethodAccessorImpl.invoke0(Native Method)
	at sun.reflect.NativeMethodAccessorImpl.invoke(NativeMethodAccessorImpl.java:39)
	at sun.reflect.DelegatingMethodAccessorImpl.invoke(DelegatingMethodAccessorImpl.java:25)
	at java.lang.reflect.Method.invoke(Method.java:597)
	at org.junit.runners.model.FrameworkMethod$1.runReflectiveCall(FrameworkMethod.java:44)
	at org.junit.internal.runners.model.ReflectiveCallable.run(ReflectiveCallable.java:15)
	at org.junit.runners.model.FrameworkMethod.invokeExplosively(FrameworkMethod.java:41)
	at org.junit.internal.runners.statements.InvokeMethod.evaluate(InvokeMethod.java:20)
	at org.junit.internal.runners.statements.ExpectException.evaluate(ExpectException.java:21)
	at org.junit.internal.runners.statements.RunBefores.evaluate(RunBefores.java:28)
	at org.junit.internal.runners.statements.RunAfters.evaluate(RunAfters.java:31)
	at org.junit.runners.BlockJUnit4ClassRunner.runNotIgnored(BlockJUnit4ClassRunner.java:79)
	at org.junit.runners.BlockJUnit4ClassRunner.runChild(BlockJUnit4ClassRunner.java:71)
	at org.junit.runners.BlockJUnit4ClassRunner.runChild(BlockJUnit4ClassRunner.java:49)
	at org.junit.runners.ParentRunner$3.run(ParentRunner.java:193)
	at org.junit.runners.ParentRunner$1.schedule(ParentRunner.java:52)
	at org.junit.runners.ParentRunner.runChildren(ParentRunner.java:191)
	at org.junit.runners.ParentRunner.access$000(ParentRunner.java:42)
	at org.junit.runners.ParentRunner$2.evaluate(ParentRunner.java:184)
	at org.junit.runners.ParentRunner.run(ParentRunner.java:236)
	at junit.framework.JUnit4TestAdapter.run(JUnit4TestAdapter.java:39)
	at junit.framework.TestSuite.runTest(TestSuite.java:243)
	at junit.framework.TestSuite.run(TestSuite.java:238)
	at junit.framework.TestSuite.runTest(TestSuite.java:243)
	at junit.framework.TestSuite.run(TestSuite.java:238)
	at org.apache.tools.ant.taskdefs.optional.junit.JUnitTestRunner.run(JUnitTestRunner.java:420)
	at org.apache.tools.ant.taskdefs.optional.junit.JUnitTestRunner.launch(JUnitTestRunner.java:911)
	at org.apache.tools.ant.taskdefs.optional.junit.JUnitTestRunner.main(JUnitTestRunner.java:768)

Entering method [com.topcoder.reliability.impl.persistence.DatabaseReliabilityDataPersistence.open()].
Exiting method [com.topcoder.reliability.impl.persistence.DatabaseReliabilityDataPersistence.open()], time spent in the method: 9 milliseconds.
Entering method [com.topcoder.reliability.impl.persistence.DatabaseReliabilityDataPersistence.getUserParticipationData(long userId, long projectCategoryId, Date startDate)].
Input parameters[userId:1, projectCategoryId:1, startDate:Tue Nov 30 16:39:40 CST 2010]
Error in method [com.topcoder.reliability.impl.persistence.DatabaseReliabilityDataPersistence.getUserParticipationData(long userId, long projectCategoryId, Date startDate)], details: ReliabilityDataPersistenceException is thrown when retrieving the IDs of users.
com.topcoder.reliability.impl.ReliabilityDataPersistenceException: A database access error occurred.
	at com.topcoder.reliability.impl.persistence.DatabaseReliabilityDataPersistence.getUserParticipationData(DatabaseReliabilityDataPersistence.java:458)
	at com.topcoder.reliability.failuretests.impl.persistence.DatabaseReliabilityDataPersistenceFailureTests.testGetUserParticipationDataWithPersistenceError(DatabaseReliabilityDataPersistenceFailureTests.java:354)
	at sun.reflect.NativeMethodAccessorImpl.invoke0(Native Method)
	at sun.reflect.NativeMethodAccessorImpl.invoke(NativeMethodAccessorImpl.java:39)
	at sun.reflect.DelegatingMethodAccessorImpl.invoke(DelegatingMethodAccessorImpl.java:25)
	at java.lang.reflect.Method.invoke(Method.java:597)
	at org.junit.runners.model.FrameworkMethod$1.runReflectiveCall(FrameworkMethod.java:44)
	at org.junit.internal.runners.model.ReflectiveCallable.run(ReflectiveCallable.java:15)
	at org.junit.runners.model.FrameworkMethod.invokeExplosively(FrameworkMethod.java:41)
	at org.junit.internal.runners.statements.InvokeMethod.evaluate(InvokeMethod.java:20)
	at org.junit.internal.runners.statements.ExpectException.evaluate(ExpectException.java:21)
	at org.junit.internal.runners.statements.RunBefores.evaluate(RunBefores.java:28)
	at org.junit.internal.runners.statements.RunAfters.evaluate(RunAfters.java:31)
	at org.junit.runners.BlockJUnit4ClassRunner.runNotIgnored(BlockJUnit4ClassRunner.java:79)
	at org.junit.runners.BlockJUnit4ClassRunner.runChild(BlockJUnit4ClassRunner.java:71)
	at org.junit.runners.BlockJUnit4ClassRunner.runChild(BlockJUnit4ClassRunner.java:49)
	at org.junit.runners.ParentRunner$3.run(ParentRunner.java:193)
	at org.junit.runners.ParentRunner$1.schedule(ParentRunner.java:52)
	at org.junit.runners.ParentRunner.runChildren(ParentRunner.java:191)
	at org.junit.runners.ParentRunner.access$000(ParentRunner.java:42)
	at org.junit.runners.ParentRunner$2.evaluate(ParentRunner.java:184)
	at org.junit.runners.ParentRunner.run(ParentRunner.java:236)
	at junit.framework.JUnit4TestAdapter.run(JUnit4TestAdapter.java:39)
	at junit.framework.TestSuite.runTest(TestSuite.java:243)
	at junit.framework.TestSuite.run(TestSuite.java:238)
	at junit.framework.TestSuite.runTest(TestSuite.java:243)
	at junit.framework.TestSuite.run(TestSuite.java:238)
	at org.apache.tools.ant.taskdefs.optional.junit.JUnitTestRunner.run(JUnitTestRunner.java:420)
	at org.apache.tools.ant.taskdefs.optional.junit.JUnitTestRunner.launch(JUnitTestRunner.java:911)
	at org.apache.tools.ant.taskdefs.optional.junit.JUnitTestRunner.main(JUnitTestRunner.java:768)
Caused by: java.sql.SQLException: Connection not established
	at com.informix.util.IfxErrMsg.getSQLException(IfxErrMsg.java:413)
	at com.informix.jdbc.IfxSqliConnect.h(IfxSqliConnect.java:6588)
	at com.informix.jdbc.IfxSqliConnect.prepareStatement(IfxSqliConnect.java:2396)
	at com.topcoder.reliability.impl.persistence.DatabaseReliabilityDataPersistence.getUserParticipationData(DatabaseReliabilityDataPersistence.java:419)
	... 29 more

Entering method [com.topcoder.reliability.impl.persistence.DatabaseReliabilityDataPersistence.open()].
Exiting method [com.topcoder.reliability.impl.persistence.DatabaseReliabilityDataPersistence.open()], time spent in the method: 9 milliseconds.
Entering method [com.topcoder.reliability.impl.persistence.DatabaseReliabilityDataPersistence.updateCurrentUserReliability(long userId, long projectCategoryId, double reliability)].
Input parameters[userId:1, projectCategoryId:0, reliability:0.5]
Error in method [com.topcoder.reliability.impl.persistence.DatabaseReliabilityDataPersistence.updateCurrentUserReliability(long userId, long projectCategoryId, double reliability)], details: IllegalArgumentException is thrown.
java.lang.IllegalArgumentException: 'projectCategoryId' should be positive.
	at com.topcoder.reliability.Helper.checkPositive(Helper.java:150)
	at com.topcoder.reliability.impl.persistence.DatabaseReliabilityDataPersistence.updateCurrentUserReliability(DatabaseReliabilityDataPersistence.java:589)
	at com.topcoder.reliability.failuretests.impl.persistence.DatabaseReliabilityDataPersistenceFailureTests.testUpdateCurrentUserReliabilityWithZeroProjectCategoryId(DatabaseReliabilityDataPersistenceFailureTests.java:367)
	at sun.reflect.NativeMethodAccessorImpl.invoke0(Native Method)
	at sun.reflect.NativeMethodAccessorImpl.invoke(NativeMethodAccessorImpl.java:39)
	at sun.reflect.DelegatingMethodAccessorImpl.invoke(DelegatingMethodAccessorImpl.java:25)
	at java.lang.reflect.Method.invoke(Method.java:597)
	at org.junit.runners.model.FrameworkMethod$1.runReflectiveCall(FrameworkMethod.java:44)
	at org.junit.internal.runners.model.ReflectiveCallable.run(ReflectiveCallable.java:15)
	at org.junit.runners.model.FrameworkMethod.invokeExplosively(FrameworkMethod.java:41)
	at org.junit.internal.runners.statements.InvokeMethod.evaluate(InvokeMethod.java:20)
	at org.junit.internal.runners.statements.ExpectException.evaluate(ExpectException.java:21)
	at org.junit.internal.runners.statements.RunBefores.evaluate(RunBefores.java:28)
	at org.junit.internal.runners.statements.RunAfters.evaluate(RunAfters.java:31)
	at org.junit.runners.BlockJUnit4ClassRunner.runNotIgnored(BlockJUnit4ClassRunner.java:79)
	at org.junit.runners.BlockJUnit4ClassRunner.runChild(BlockJUnit4ClassRunner.java:71)
	at org.junit.runners.BlockJUnit4ClassRunner.runChild(BlockJUnit4ClassRunner.java:49)
	at org.junit.runners.ParentRunner$3.run(ParentRunner.java:193)
	at org.junit.runners.ParentRunner$1.schedule(ParentRunner.java:52)
	at org.junit.runners.ParentRunner.runChildren(ParentRunner.java:191)
	at org.junit.runners.ParentRunner.access$000(ParentRunner.java:42)
	at org.junit.runners.ParentRunner$2.evaluate(ParentRunner.java:184)
	at org.junit.runners.ParentRunner.run(ParentRunner.java:236)
	at junit.framework.JUnit4TestAdapter.run(JUnit4TestAdapter.java:39)
	at junit.framework.TestSuite.runTest(TestSuite.java:243)
	at junit.framework.TestSuite.run(TestSuite.java:238)
	at junit.framework.TestSuite.runTest(TestSuite.java:243)
	at junit.framework.TestSuite.run(TestSuite.java:238)
	at org.apache.tools.ant.taskdefs.optional.junit.JUnitTestRunner.run(JUnitTestRunner.java:420)
	at org.apache.tools.ant.taskdefs.optional.junit.JUnitTestRunner.launch(JUnitTestRunner.java:911)
	at org.apache.tools.ant.taskdefs.optional.junit.JUnitTestRunner.main(JUnitTestRunner.java:768)

Entering method [com.topcoder.reliability.impl.persistence.DatabaseReliabilityDataPersistence.open()].
Exiting method [com.topcoder.reliability.impl.persistence.DatabaseReliabilityDataPersistence.open()], time spent in the method: 10 milliseconds.
Entering method [com.topcoder.reliability.impl.persistence.DatabaseReliabilityDataPersistence.updateCurrentUserReliability(long userId, long projectCategoryId, double reliability)].
Input parameters[userId:1, projectCategoryId:-1, reliability:0.5]
Error in method [com.topcoder.reliability.impl.persistence.DatabaseReliabilityDataPersistence.updateCurrentUserReliability(long userId, long projectCategoryId, double reliability)], details: IllegalArgumentException is thrown.
java.lang.IllegalArgumentException: 'projectCategoryId' should be positive.
	at com.topcoder.reliability.Helper.checkPositive(Helper.java:150)
	at com.topcoder.reliability.impl.persistence.DatabaseReliabilityDataPersistence.updateCurrentUserReliability(DatabaseReliabilityDataPersistence.java:589)
	at com.topcoder.reliability.failuretests.impl.persistence.DatabaseReliabilityDataPersistenceFailureTests.testUpdateCurrentUserReliabilityWithNegativeProjectCategoryId(DatabaseReliabilityDataPersistenceFailureTests.java:380)
	at sun.reflect.NativeMethodAccessorImpl.invoke0(Native Method)
	at sun.reflect.NativeMethodAccessorImpl.invoke(NativeMethodAccessorImpl.java:39)
	at sun.reflect.DelegatingMethodAccessorImpl.invoke(DelegatingMethodAccessorImpl.java:25)
	at java.lang.reflect.Method.invoke(Method.java:597)
	at org.junit.runners.model.FrameworkMethod$1.runReflectiveCall(FrameworkMethod.java:44)
	at org.junit.internal.runners.model.ReflectiveCallable.run(ReflectiveCallable.java:15)
	at org.junit.runners.model.FrameworkMethod.invokeExplosively(FrameworkMethod.java:41)
	at org.junit.internal.runners.statements.InvokeMethod.evaluate(InvokeMethod.java:20)
	at org.junit.internal.runners.statements.ExpectException.evaluate(ExpectException.java:21)
	at org.junit.internal.runners.statements.RunBefores.evaluate(RunBefores.java:28)
	at org.junit.internal.runners.statements.RunAfters.evaluate(RunAfters.java:31)
	at org.junit.runners.BlockJUnit4ClassRunner.runNotIgnored(BlockJUnit4ClassRunner.java:79)
	at org.junit.runners.BlockJUnit4ClassRunner.runChild(BlockJUnit4ClassRunner.java:71)
	at org.junit.runners.BlockJUnit4ClassRunner.runChild(BlockJUnit4ClassRunner.java:49)
	at org.junit.runners.ParentRunner$3.run(ParentRunner.java:193)
	at org.junit.runners.ParentRunner$1.schedule(ParentRunner.java:52)
	at org.junit.runners.ParentRunner.runChildren(ParentRunner.java:191)
	at org.junit.runners.ParentRunner.access$000(ParentRunner.java:42)
	at org.junit.runners.ParentRunner$2.evaluate(ParentRunner.java:184)
	at org.junit.runners.ParentRunner.run(ParentRunner.java:236)
	at junit.framework.JUnit4TestAdapter.run(JUnit4TestAdapter.java:39)
	at junit.framework.TestSuite.runTest(TestSuite.java:243)
	at junit.framework.TestSuite.run(TestSuite.java:238)
	at junit.framework.TestSuite.runTest(TestSuite.java:243)
	at junit.framework.TestSuite.run(TestSuite.java:238)
	at org.apache.tools.ant.taskdefs.optional.junit.JUnitTestRunner.run(JUnitTestRunner.java:420)
	at org.apache.tools.ant.taskdefs.optional.junit.JUnitTestRunner.launch(JUnitTestRunner.java:911)
	at org.apache.tools.ant.taskdefs.optional.junit.JUnitTestRunner.main(JUnitTestRunner.java:768)

Entering method [com.topcoder.reliability.impl.persistence.DatabaseReliabilityDataPersistence.open()].
Exiting method [com.topcoder.reliability.impl.persistence.DatabaseReliabilityDataPersistence.open()], time spent in the method: 12 milliseconds.
Entering method [com.topcoder.reliability.impl.persistence.DatabaseReliabilityDataPersistence.updateCurrentUserReliability(long userId, long projectCategoryId, double reliability)].
Input parameters[userId:0, projectCategoryId:1, reliability:0.5]
Error in method [com.topcoder.reliability.impl.persistence.DatabaseReliabilityDataPersistence.updateCurrentUserReliability(long userId, long projectCategoryId, double reliability)], details: IllegalArgumentException is thrown.
java.lang.IllegalArgumentException: 'userId' should be positive.
	at com.topcoder.reliability.Helper.checkPositive(Helper.java:150)
	at com.topcoder.reliability.impl.persistence.DatabaseReliabilityDataPersistence.updateCurrentUserReliability(DatabaseReliabilityDataPersistence.java:588)
	at com.topcoder.reliability.failuretests.impl.persistence.DatabaseReliabilityDataPersistenceFailureTests.testUpdateCurrentUserReliabilityWithZeroUserId(DatabaseReliabilityDataPersistenceFailureTests.java:393)
	at sun.reflect.NativeMethodAccessorImpl.invoke0(Native Method)
	at sun.reflect.NativeMethodAccessorImpl.invoke(NativeMethodAccessorImpl.java:39)
	at sun.reflect.DelegatingMethodAccessorImpl.invoke(DelegatingMethodAccessorImpl.java:25)
	at java.lang.reflect.Method.invoke(Method.java:597)
	at org.junit.runners.model.FrameworkMethod$1.runReflectiveCall(FrameworkMethod.java:44)
	at org.junit.internal.runners.model.ReflectiveCallable.run(ReflectiveCallable.java:15)
	at org.junit.runners.model.FrameworkMethod.invokeExplosively(FrameworkMethod.java:41)
	at org.junit.internal.runners.statements.InvokeMethod.evaluate(InvokeMethod.java:20)
	at org.junit.internal.runners.statements.ExpectException.evaluate(ExpectException.java:21)
	at org.junit.internal.runners.statements.RunBefores.evaluate(RunBefores.java:28)
	at org.junit.internal.runners.statements.RunAfters.evaluate(RunAfters.java:31)
	at org.junit.runners.BlockJUnit4ClassRunner.runNotIgnored(BlockJUnit4ClassRunner.java:79)
	at org.junit.runners.BlockJUnit4ClassRunner.runChild(BlockJUnit4ClassRunner.java:71)
	at org.junit.runners.BlockJUnit4ClassRunner.runChild(BlockJUnit4ClassRunner.java:49)
	at org.junit.runners.ParentRunner$3.run(ParentRunner.java:193)
	at org.junit.runners.ParentRunner$1.schedule(ParentRunner.java:52)
	at org.junit.runners.ParentRunner.runChildren(ParentRunner.java:191)
	at org.junit.runners.ParentRunner.access$000(ParentRunner.java:42)
	at org.junit.runners.ParentRunner$2.evaluate(ParentRunner.java:184)
	at org.junit.runners.ParentRunner.run(ParentRunner.java:236)
	at junit.framework.JUnit4TestAdapter.run(JUnit4TestAdapter.java:39)
	at junit.framework.TestSuite.runTest(TestSuite.java:243)
	at junit.framework.TestSuite.run(TestSuite.java:238)
	at junit.framework.TestSuite.runTest(TestSuite.java:243)
	at junit.framework.TestSuite.run(TestSuite.java:238)
	at org.apache.tools.ant.taskdefs.optional.junit.JUnitTestRunner.run(JUnitTestRunner.java:420)
	at org.apache.tools.ant.taskdefs.optional.junit.JUnitTestRunner.launch(JUnitTestRunner.java:911)
	at org.apache.tools.ant.taskdefs.optional.junit.JUnitTestRunner.main(JUnitTestRunner.java:768)

Entering method [com.topcoder.reliability.impl.persistence.DatabaseReliabilityDataPersistence.open()].
Exiting method [com.topcoder.reliability.impl.persistence.DatabaseReliabilityDataPersistence.open()], time spent in the method: 13 milliseconds.
Entering method [com.topcoder.reliability.impl.persistence.DatabaseReliabilityDataPersistence.updateCurrentUserReliability(long userId, long projectCategoryId, double reliability)].
Input parameters[userId:-1, projectCategoryId:1, reliability:0.5]
Error in method [com.topcoder.reliability.impl.persistence.DatabaseReliabilityDataPersistence.updateCurrentUserReliability(long userId, long projectCategoryId, double reliability)], details: IllegalArgumentException is thrown.
java.lang.IllegalArgumentException: 'userId' should be positive.
	at com.topcoder.reliability.Helper.checkPositive(Helper.java:150)
	at com.topcoder.reliability.impl.persistence.DatabaseReliabilityDataPersistence.updateCurrentUserReliability(DatabaseReliabilityDataPersistence.java:588)
	at com.topcoder.reliability.failuretests.impl.persistence.DatabaseReliabilityDataPersistenceFailureTests.testUpdateCurrentUserReliabilityWithNegativeUserId(DatabaseReliabilityDataPersistenceFailureTests.java:406)
	at sun.reflect.NativeMethodAccessorImpl.invoke0(Native Method)
	at sun.reflect.NativeMethodAccessorImpl.invoke(NativeMethodAccessorImpl.java:39)
	at sun.reflect.DelegatingMethodAccessorImpl.invoke(DelegatingMethodAccessorImpl.java:25)
	at java.lang.reflect.Method.invoke(Method.java:597)
	at org.junit.runners.model.FrameworkMethod$1.runReflectiveCall(FrameworkMethod.java:44)
	at org.junit.internal.runners.model.ReflectiveCallable.run(ReflectiveCallable.java:15)
	at org.junit.runners.model.FrameworkMethod.invokeExplosively(FrameworkMethod.java:41)
	at org.junit.internal.runners.statements.InvokeMethod.evaluate(InvokeMethod.java:20)
	at org.junit.internal.runners.statements.ExpectException.evaluate(ExpectException.java:21)
	at org.junit.internal.runners.statements.RunBefores.evaluate(RunBefores.java:28)
	at org.junit.internal.runners.statements.RunAfters.evaluate(RunAfters.java:31)
	at org.junit.runners.BlockJUnit4ClassRunner.runNotIgnored(BlockJUnit4ClassRunner.java:79)
	at org.junit.runners.BlockJUnit4ClassRunner.runChild(BlockJUnit4ClassRunner.java:71)
	at org.junit.runners.BlockJUnit4ClassRunner.runChild(BlockJUnit4ClassRunner.java:49)
	at org.junit.runners.ParentRunner$3.run(ParentRunner.java:193)
	at org.junit.runners.ParentRunner$1.schedule(ParentRunner.java:52)
	at org.junit.runners.ParentRunner.runChildren(ParentRunner.java:191)
	at org.junit.runners.ParentRunner.access$000(ParentRunner.java:42)
	at org.junit.runners.ParentRunner$2.evaluate(ParentRunner.java:184)
	at org.junit.runners.ParentRunner.run(ParentRunner.java:236)
	at junit.framework.JUnit4TestAdapter.run(JUnit4TestAdapter.java:39)
	at junit.framework.TestSuite.runTest(TestSuite.java:243)
	at junit.framework.TestSuite.run(TestSuite.java:238)
	at junit.framework.TestSuite.runTest(TestSuite.java:243)
	at junit.framework.TestSuite.run(TestSuite.java:238)
	at org.apache.tools.ant.taskdefs.optional.junit.JUnitTestRunner.run(JUnitTestRunner.java:420)
	at org.apache.tools.ant.taskdefs.optional.junit.JUnitTestRunner.launch(JUnitTestRunner.java:911)
	at org.apache.tools.ant.taskdefs.optional.junit.JUnitTestRunner.main(JUnitTestRunner.java:768)

Entering method [com.topcoder.reliability.impl.persistence.DatabaseReliabilityDataPersistence.open()].
Exiting method [com.topcoder.reliability.impl.persistence.DatabaseReliabilityDataPersistence.open()], time spent in the method: 9 milliseconds.
Entering method [com.topcoder.reliability.impl.persistence.DatabaseReliabilityDataPersistence.updateCurrentUserReliability(long userId, long projectCategoryId, double reliability)].
Input parameters[userId:1, projectCategoryId:1, reliability:-1.0]
Error in method [com.topcoder.reliability.impl.persistence.DatabaseReliabilityDataPersistence.updateCurrentUserReliability(long userId, long projectCategoryId, double reliability)], details: IllegalArgumentException is thrown.
java.lang.IllegalArgumentException: 'reliability' should be in the range [0, 1].
	at com.topcoder.reliability.impl.persistence.DatabaseReliabilityDataPersistence.updateCurrentUserReliability(DatabaseReliabilityDataPersistence.java:591)
	at com.topcoder.reliability.failuretests.impl.persistence.DatabaseReliabilityDataPersistenceFailureTests.testUpdateCurrentUserReliabilityWithNegativeReliability(DatabaseReliabilityDataPersistenceFailureTests.java:419)
	at sun.reflect.NativeMethodAccessorImpl.invoke0(Native Method)
	at sun.reflect.NativeMethodAccessorImpl.invoke(NativeMethodAccessorImpl.java:39)
	at sun.reflect.DelegatingMethodAccessorImpl.invoke(DelegatingMethodAccessorImpl.java:25)
	at java.lang.reflect.Method.invoke(Method.java:597)
	at org.junit.runners.model.FrameworkMethod$1.runReflectiveCall(FrameworkMethod.java:44)
	at org.junit.internal.runners.model.ReflectiveCallable.run(ReflectiveCallable.java:15)
	at org.junit.runners.model.FrameworkMethod.invokeExplosively(FrameworkMethod.java:41)
	at org.junit.internal.runners.statements.InvokeMethod.evaluate(InvokeMethod.java:20)
	at org.junit.internal.runners.statements.ExpectException.evaluate(ExpectException.java:21)
	at org.junit.internal.runners.statements.RunBefores.evaluate(RunBefores.java:28)
	at org.junit.internal.runners.statements.RunAfters.evaluate(RunAfters.java:31)
	at org.junit.runners.BlockJUnit4ClassRunner.runNotIgnored(BlockJUnit4ClassRunner.java:79)
	at org.junit.runners.BlockJUnit4ClassRunner.runChild(BlockJUnit4ClassRunner.java:71)
	at org.junit.runners.BlockJUnit4ClassRunner.runChild(BlockJUnit4ClassRunner.java:49)
	at org.junit.runners.ParentRunner$3.run(ParentRunner.java:193)
	at org.junit.runners.ParentRunner$1.schedule(ParentRunner.java:52)
	at org.junit.runners.ParentRunner.runChildren(ParentRunner.java:191)
	at org.junit.runners.ParentRunner.access$000(ParentRunner.java:42)
	at org.junit.runners.ParentRunner$2.evaluate(ParentRunner.java:184)
	at org.junit.runners.ParentRunner.run(ParentRunner.java:236)
	at junit.framework.JUnit4TestAdapter.run(JUnit4TestAdapter.java:39)
	at junit.framework.TestSuite.runTest(TestSuite.java:243)
	at junit.framework.TestSuite.run(TestSuite.java:238)
	at junit.framework.TestSuite.runTest(TestSuite.java:243)
	at junit.framework.TestSuite.run(TestSuite.java:238)
	at org.apache.tools.ant.taskdefs.optional.junit.JUnitTestRunner.run(JUnitTestRunner.java:420)
	at org.apache.tools.ant.taskdefs.optional.junit.JUnitTestRunner.launch(JUnitTestRunner.java:911)
	at org.apache.tools.ant.taskdefs.optional.junit.JUnitTestRunner.main(JUnitTestRunner.java:768)

Entering method [com.topcoder.reliability.impl.persistence.DatabaseReliabilityDataPersistence.open()].
Exiting method [com.topcoder.reliability.impl.persistence.DatabaseReliabilityDataPersistence.open()], time spent in the method: 9 milliseconds.
Entering method [com.topcoder.reliability.impl.persistence.DatabaseReliabilityDataPersistence.updateCurrentUserReliability(long userId, long projectCategoryId, double reliability)].
Input parameters[userId:1, projectCategoryId:1, reliability:1.1]
Error in method [com.topcoder.reliability.impl.persistence.DatabaseReliabilityDataPersistence.updateCurrentUserReliability(long userId, long projectCategoryId, double reliability)], details: IllegalArgumentException is thrown.
java.lang.IllegalArgumentException: 'reliability' should be in the range [0, 1].
	at com.topcoder.reliability.impl.persistence.DatabaseReliabilityDataPersistence.updateCurrentUserReliability(DatabaseReliabilityDataPersistence.java:591)
	at com.topcoder.reliability.failuretests.impl.persistence.DatabaseReliabilityDataPersistenceFailureTests.testUpdateCurrentUserReliabilityWithReliabilityGreaterThan1(DatabaseReliabilityDataPersistenceFailureTests.java:433)
	at sun.reflect.NativeMethodAccessorImpl.invoke0(Native Method)
	at sun.reflect.NativeMethodAccessorImpl.invoke(NativeMethodAccessorImpl.java:39)
	at sun.reflect.DelegatingMethodAccessorImpl.invoke(DelegatingMethodAccessorImpl.java:25)
	at java.lang.reflect.Method.invoke(Method.java:597)
	at org.junit.runners.model.FrameworkMethod$1.runReflectiveCall(FrameworkMethod.java:44)
	at org.junit.internal.runners.model.ReflectiveCallable.run(ReflectiveCallable.java:15)
	at org.junit.runners.model.FrameworkMethod.invokeExplosively(FrameworkMethod.java:41)
	at org.junit.internal.runners.statements.InvokeMethod.evaluate(InvokeMethod.java:20)
	at org.junit.internal.runners.statements.ExpectException.evaluate(ExpectException.java:21)
	at org.junit.internal.runners.statements.RunBefores.evaluate(RunBefores.java:28)
	at org.junit.internal.runners.statements.RunAfters.evaluate(RunAfters.java:31)
	at org.junit.runners.BlockJUnit4ClassRunner.runNotIgnored(BlockJUnit4ClassRunner.java:79)
	at org.junit.runners.BlockJUnit4ClassRunner.runChild(BlockJUnit4ClassRunner.java:71)
	at org.junit.runners.BlockJUnit4ClassRunner.runChild(BlockJUnit4ClassRunner.java:49)
	at org.junit.runners.ParentRunner$3.run(ParentRunner.java:193)
	at org.junit.runners.ParentRunner$1.schedule(ParentRunner.java:52)
	at org.junit.runners.ParentRunner.runChildren(ParentRunner.java:191)
	at org.junit.runners.ParentRunner.access$000(ParentRunner.java:42)
	at org.junit.runners.ParentRunner$2.evaluate(ParentRunner.java:184)
	at org.junit.runners.ParentRunner.run(ParentRunner.java:236)
	at junit.framework.JUnit4TestAdapter.run(JUnit4TestAdapter.java:39)
	at junit.framework.TestSuite.runTest(TestSuite.java:243)
	at junit.framework.TestSuite.run(TestSuite.java:238)
	at junit.framework.TestSuite.runTest(TestSuite.java:243)
	at junit.framework.TestSuite.run(TestSuite.java:238)
	at org.apache.tools.ant.taskdefs.optional.junit.JUnitTestRunner.run(JUnitTestRunner.java:420)
	at org.apache.tools.ant.taskdefs.optional.junit.JUnitTestRunner.launch(JUnitTestRunner.java:911)
	at org.apache.tools.ant.taskdefs.optional.junit.JUnitTestRunner.main(JUnitTestRunner.java:768)

Entering method [com.topcoder.reliability.impl.persistence.DatabaseReliabilityDataPersistence.updateCurrentUserReliability(long userId, long projectCategoryId, double reliability)].
Input parameters[userId:1, projectCategoryId:1, reliability:0.5]
Error in method [com.topcoder.reliability.impl.persistence.DatabaseReliabilityDataPersistence.updateCurrentUserReliability(long userId, long projectCategoryId, double reliability)], details: IllegalStateException is thrown.
java.lang.IllegalStateException: The connection is not opened.
	at com.topcoder.reliability.Helper.checkState(Helper.java:194)
	at com.topcoder.reliability.impl.persistence.DatabaseReliabilityDataPersistence.updateCurrentUserReliability(DatabaseReliabilityDataPersistence.java:595)
	at com.topcoder.reliability.failuretests.impl.persistence.DatabaseReliabilityDataPersistenceFailureTests.testUpdateCurrentUserReliabilityWithoutOpen(DatabaseReliabilityDataPersistenceFailureTests.java:444)
	at sun.reflect.NativeMethodAccessorImpl.invoke0(Native Method)
	at sun.reflect.NativeMethodAccessorImpl.invoke(NativeMethodAccessorImpl.java:39)
	at sun.reflect.DelegatingMethodAccessorImpl.invoke(DelegatingMethodAccessorImpl.java:25)
	at java.lang.reflect.Method.invoke(Method.java:597)
	at org.junit.runners.model.FrameworkMethod$1.runReflectiveCall(FrameworkMethod.java:44)
	at org.junit.internal.runners.model.ReflectiveCallable.run(ReflectiveCallable.java:15)
	at org.junit.runners.model.FrameworkMethod.invokeExplosively(FrameworkMethod.java:41)
	at org.junit.internal.runners.statements.InvokeMethod.evaluate(InvokeMethod.java:20)
	at org.junit.internal.runners.statements.ExpectException.evaluate(ExpectException.java:21)
	at org.junit.internal.runners.statements.RunBefores.evaluate(RunBefores.java:28)
	at org.junit.internal.runners.statements.RunAfters.evaluate(RunAfters.java:31)
	at org.junit.runners.BlockJUnit4ClassRunner.runNotIgnored(BlockJUnit4ClassRunner.java:79)
	at org.junit.runners.BlockJUnit4ClassRunner.runChild(BlockJUnit4ClassRunner.java:71)
	at org.junit.runners.BlockJUnit4ClassRunner.runChild(BlockJUnit4ClassRunner.java:49)
	at org.junit.runners.ParentRunner$3.run(ParentRunner.java:193)
	at org.junit.runners.ParentRunner$1.schedule(ParentRunner.java:52)
	at org.junit.runners.ParentRunner.runChildren(ParentRunner.java:191)
	at org.junit.runners.ParentRunner.access$000(ParentRunner.java:42)
	at org.junit.runners.ParentRunner$2.evaluate(ParentRunner.java:184)
	at org.junit.runners.ParentRunner.run(ParentRunner.java:236)
	at junit.framework.JUnit4TestAdapter.run(JUnit4TestAdapter.java:39)
	at junit.framework.TestSuite.runTest(TestSuite.java:243)
	at junit.framework.TestSuite.run(TestSuite.java:238)
	at junit.framework.TestSuite.runTest(TestSuite.java:243)
	at junit.framework.TestSuite.run(TestSuite.java:238)
	at org.apache.tools.ant.taskdefs.optional.junit.JUnitTestRunner.run(JUnitTestRunner.java:420)
	at org.apache.tools.ant.taskdefs.optional.junit.JUnitTestRunner.launch(JUnitTestRunner.java:911)
	at org.apache.tools.ant.taskdefs.optional.junit.JUnitTestRunner.main(JUnitTestRunner.java:768)

Entering method [com.topcoder.reliability.impl.persistence.DatabaseReliabilityDataPersistence.open()].
Exiting method [com.topcoder.reliability.impl.persistence.DatabaseReliabilityDataPersistence.open()], time spent in the method: 11 milliseconds.
Entering method [com.topcoder.reliability.impl.persistence.DatabaseReliabilityDataPersistence.updateCurrentUserReliability(long userId, long projectCategoryId, double reliability)].
Input parameters[userId:1, projectCategoryId:1, reliability:0.5]
Error in method [com.topcoder.reliability.impl.persistence.DatabaseReliabilityDataPersistence.updateCurrentUserReliability(long userId, long projectCategoryId, double reliability)], details: A database access error occurred when rolling back (will be ignored).
java.sql.SQLException: Connection not established
	at com.informix.util.IfxErrMsg.getSQLException(IfxErrMsg.java:413)
	at com.informix.jdbc.IfxSqliConnect.rollback(IfxSqliConnect.java:2075)
	at com.topcoder.reliability.impl.persistence.DatabaseReliabilityDataPersistence.rollback(DatabaseReliabilityDataPersistence.java:799)
	at com.topcoder.reliability.impl.persistence.DatabaseReliabilityDataPersistence.updateCurrentUserReliability(DatabaseReliabilityDataPersistence.java:611)
	at com.topcoder.reliability.failuretests.impl.persistence.DatabaseReliabilityDataPersistenceFailureTests.testUpdateCurrentUserReliabilityWithPersistenceError(DatabaseReliabilityDataPersistenceFailureTests.java:459)
	at sun.reflect.NativeMethodAccessorImpl.invoke0(Native Method)
	at sun.reflect.NativeMethodAccessorImpl.invoke(NativeMethodAccessorImpl.java:39)
	at sun.reflect.DelegatingMethodAccessorImpl.invoke(DelegatingMethodAccessorImpl.java:25)
	at java.lang.reflect.Method.invoke(Method.java:597)
	at org.junit.runners.model.FrameworkMethod$1.runReflectiveCall(FrameworkMethod.java:44)
	at org.junit.internal.runners.model.ReflectiveCallable.run(ReflectiveCallable.java:15)
	at org.junit.runners.model.FrameworkMethod.invokeExplosively(FrameworkMethod.java:41)
	at org.junit.internal.runners.statements.InvokeMethod.evaluate(InvokeMethod.java:20)
	at org.junit.internal.runners.statements.ExpectException.evaluate(ExpectException.java:21)
	at org.junit.internal.runners.statements.RunBefores.evaluate(RunBefores.java:28)
	at org.junit.internal.runners.statements.RunAfters.evaluate(RunAfters.java:31)
	at org.junit.runners.BlockJUnit4ClassRunner.runNotIgnored(BlockJUnit4ClassRunner.java:79)
	at org.junit.runners.BlockJUnit4ClassRunner.runChild(BlockJUnit4ClassRunner.java:71)
	at org.junit.runners.BlockJUnit4ClassRunner.runChild(BlockJUnit4ClassRunner.java:49)
	at org.junit.runners.ParentRunner$3.run(ParentRunner.java:193)
	at org.junit.runners.ParentRunner$1.schedule(ParentRunner.java:52)
	at org.junit.runners.ParentRunner.runChildren(ParentRunner.java:191)
	at org.junit.runners.ParentRunner.access$000(ParentRunner.java:42)
	at org.junit.runners.ParentRunner$2.evaluate(ParentRunner.java:184)
	at org.junit.runners.ParentRunner.run(ParentRunner.java:236)
	at junit.framework.JUnit4TestAdapter.run(JUnit4TestAdapter.java:39)
	at junit.framework.TestSuite.runTest(TestSuite.java:243)
	at junit.framework.TestSuite.run(TestSuite.java:238)
	at junit.framework.TestSuite.runTest(TestSuite.java:243)
	at junit.framework.TestSuite.run(TestSuite.java:238)
	at org.apache.tools.ant.taskdefs.optional.junit.JUnitTestRunner.run(JUnitTestRunner.java:420)
	at org.apache.tools.ant.taskdefs.optional.junit.JUnitTestRunner.launch(JUnitTestRunner.java:911)
	at org.apache.tools.ant.taskdefs.optional.junit.JUnitTestRunner.main(JUnitTestRunner.java:768)

Error in method [com.topcoder.reliability.impl.persistence.DatabaseReliabilityDataPersistence.updateCurrentUserReliability(long userId, long projectCategoryId, double reliability)], details: ReliabilityDataPersistenceException is thrown when updating the current user reliability.
com.topcoder.reliability.impl.ReliabilityDataPersistenceException: A database access error occurred.
	at com.topcoder.reliability.impl.persistence.DatabaseReliabilityDataPersistence.updateCurrentUserReliability(DatabaseReliabilityDataPersistence.java:613)
	at com.topcoder.reliability.failuretests.impl.persistence.DatabaseReliabilityDataPersistenceFailureTests.testUpdateCurrentUserReliabilityWithPersistenceError(DatabaseReliabilityDataPersistenceFailureTests.java:459)
	at sun.reflect.NativeMethodAccessorImpl.invoke0(Native Method)
	at sun.reflect.NativeMethodAccessorImpl.invoke(NativeMethodAccessorImpl.java:39)
	at sun.reflect.DelegatingMethodAccessorImpl.invoke(DelegatingMethodAccessorImpl.java:25)
	at java.lang.reflect.Method.invoke(Method.java:597)
	at org.junit.runners.model.FrameworkMethod$1.runReflectiveCall(FrameworkMethod.java:44)
	at org.junit.internal.runners.model.ReflectiveCallable.run(ReflectiveCallable.java:15)
	at org.junit.runners.model.FrameworkMethod.invokeExplosively(FrameworkMethod.java:41)
	at org.junit.internal.runners.statements.InvokeMethod.evaluate(InvokeMethod.java:20)
	at org.junit.internal.runners.statements.ExpectException.evaluate(ExpectException.java:21)
	at org.junit.internal.runners.statements.RunBefores.evaluate(RunBefores.java:28)
	at org.junit.internal.runners.statements.RunAfters.evaluate(RunAfters.java:31)
	at org.junit.runners.BlockJUnit4ClassRunner.runNotIgnored(BlockJUnit4ClassRunner.java:79)
	at org.junit.runners.BlockJUnit4ClassRunner.runChild(BlockJUnit4ClassRunner.java:71)
	at org.junit.runners.BlockJUnit4ClassRunner.runChild(BlockJUnit4ClassRunner.java:49)
	at org.junit.runners.ParentRunner$3.run(ParentRunner.java:193)
	at org.junit.runners.ParentRunner$1.schedule(ParentRunner.java:52)
	at org.junit.runners.ParentRunner.runChildren(ParentRunner.java:191)
	at org.junit.runners.ParentRunner.access$000(ParentRunner.java:42)
	at org.junit.runners.ParentRunner$2.evaluate(ParentRunner.java:184)
	at org.junit.runners.ParentRunner.run(ParentRunner.java:236)
	at junit.framework.JUnit4TestAdapter.run(JUnit4TestAdapter.java:39)
	at junit.framework.TestSuite.runTest(TestSuite.java:243)
	at junit.framework.TestSuite.run(TestSuite.java:238)
	at junit.framework.TestSuite.runTest(TestSuite.java:243)
	at junit.framework.TestSuite.run(TestSuite.java:238)
	at org.apache.tools.ant.taskdefs.optional.junit.JUnitTestRunner.run(JUnitTestRunner.java:420)
	at org.apache.tools.ant.taskdefs.optional.junit.JUnitTestRunner.launch(JUnitTestRunner.java:911)
	at org.apache.tools.ant.taskdefs.optional.junit.JUnitTestRunner.main(JUnitTestRunner.java:768)
Caused by: java.sql.SQLException: Connection not established
	at com.informix.util.IfxErrMsg.getSQLException(IfxErrMsg.java:413)
	at com.informix.jdbc.IfxSqliConnect.h(IfxSqliConnect.java:6588)
	at com.informix.jdbc.IfxSqliConnect.prepareStatement(IfxSqliConnect.java:2396)
	at com.topcoder.reliability.impl.persistence.DatabaseReliabilityDataPersistence.executeUpdate(DatabaseReliabilityDataPersistence.java:829)
	at com.topcoder.reliability.impl.persistence.DatabaseReliabilityDataPersistence.updateCurrentUserReliability(DatabaseReliabilityDataPersistence.java:601)
	... 29 more

Entering method [com.topcoder.reliability.impl.persistence.DatabaseReliabilityDataPersistence.saveUserReliabilityData(List<UserProjectReliabilityData> projects)].
Input parameters[projects:null]
Error in method [com.topcoder.reliability.impl.persistence.DatabaseReliabilityDataPersistence.saveUserReliabilityData(List<UserProjectReliabilityData> projects)], details: IllegalArgumentException is thrown.
java.lang.IllegalArgumentException: 'projects' should not be null.
	at com.topcoder.reliability.Helper.checkNull(Helper.java:131)
	at com.topcoder.reliability.impl.persistence.DatabaseReliabilityDataPersistence.checkProjects(DatabaseReliabilityDataPersistence.java:759)
	at com.topcoder.reliability.impl.persistence.DatabaseReliabilityDataPersistence.saveUserReliabilityData(DatabaseReliabilityDataPersistence.java:494)
	at com.topcoder.reliability.failuretests.impl.persistence.DatabaseReliabilityDataPersistenceFailureTests.testSaveUserReliabilityDataWithNullProjects(DatabaseReliabilityDataPersistenceFailureTests.java:470)
	at sun.reflect.NativeMethodAccessorImpl.invoke0(Native Method)
	at sun.reflect.NativeMethodAccessorImpl.invoke(NativeMethodAccessorImpl.java:39)
	at sun.reflect.DelegatingMethodAccessorImpl.invoke(DelegatingMethodAccessorImpl.java:25)
	at java.lang.reflect.Method.invoke(Method.java:597)
	at org.junit.runners.model.FrameworkMethod$1.runReflectiveCall(FrameworkMethod.java:44)
	at org.junit.internal.runners.model.ReflectiveCallable.run(ReflectiveCallable.java:15)
	at org.junit.runners.model.FrameworkMethod.invokeExplosively(FrameworkMethod.java:41)
	at org.junit.internal.runners.statements.InvokeMethod.evaluate(InvokeMethod.java:20)
	at org.junit.internal.runners.statements.ExpectException.evaluate(ExpectException.java:21)
	at org.junit.internal.runners.statements.RunBefores.evaluate(RunBefores.java:28)
	at org.junit.internal.runners.statements.RunAfters.evaluate(RunAfters.java:31)
	at org.junit.runners.BlockJUnit4ClassRunner.runNotIgnored(BlockJUnit4ClassRunner.java:79)
	at org.junit.runners.BlockJUnit4ClassRunner.runChild(BlockJUnit4ClassRunner.java:71)
	at org.junit.runners.BlockJUnit4ClassRunner.runChild(BlockJUnit4ClassRunner.java:49)
	at org.junit.runners.ParentRunner$3.run(ParentRunner.java:193)
	at org.junit.runners.ParentRunner$1.schedule(ParentRunner.java:52)
	at org.junit.runners.ParentRunner.runChildren(ParentRunner.java:191)
	at org.junit.runners.ParentRunner.access$000(ParentRunner.java:42)
	at org.junit.runners.ParentRunner$2.evaluate(ParentRunner.java:184)
	at org.junit.runners.ParentRunner.run(ParentRunner.java:236)
	at junit.framework.JUnit4TestAdapter.run(JUnit4TestAdapter.java:39)
	at junit.framework.TestSuite.runTest(TestSuite.java:243)
	at junit.framework.TestSuite.run(TestSuite.java:238)
	at junit.framework.TestSuite.runTest(TestSuite.java:243)
	at junit.framework.TestSuite.run(TestSuite.java:238)
	at org.apache.tools.ant.taskdefs.optional.junit.JUnitTestRunner.run(JUnitTestRunner.java:420)
	at org.apache.tools.ant.taskdefs.optional.junit.JUnitTestRunner.launch(JUnitTestRunner.java:911)
	at org.apache.tools.ant.taskdefs.optional.junit.JUnitTestRunner.main(JUnitTestRunner.java:768)

Entering method [com.topcoder.reliability.impl.persistence.DatabaseReliabilityDataPersistence.saveUserReliabilityData(List<UserProjectReliabilityData> projects)].
Input parameters[projects:[]]
Error in method [com.topcoder.reliability.impl.persistence.DatabaseReliabilityDataPersistence.saveUserReliabilityData(List<UserProjectReliabilityData> projects)], details: IllegalArgumentException is thrown.
java.lang.IllegalArgumentException: 'projects' should not be empty.
	at com.topcoder.reliability.impl.persistence.DatabaseReliabilityDataPersistence.checkProjects(DatabaseReliabilityDataPersistence.java:761)
	at com.topcoder.reliability.impl.persistence.DatabaseReliabilityDataPersistence.saveUserReliabilityData(DatabaseReliabilityDataPersistence.java:494)
	at com.topcoder.reliability.failuretests.impl.persistence.DatabaseReliabilityDataPersistenceFailureTests.testSaveUserReliabilityDataWithEmptyProjects(DatabaseReliabilityDataPersistenceFailureTests.java:481)
	at sun.reflect.NativeMethodAccessorImpl.invoke0(Native Method)
	at sun.reflect.NativeMethodAccessorImpl.invoke(NativeMethodAccessorImpl.java:39)
	at sun.reflect.DelegatingMethodAccessorImpl.invoke(DelegatingMethodAccessorImpl.java:25)
	at java.lang.reflect.Method.invoke(Method.java:597)
	at org.junit.runners.model.FrameworkMethod$1.runReflectiveCall(FrameworkMethod.java:44)
	at org.junit.internal.runners.model.ReflectiveCallable.run(ReflectiveCallable.java:15)
	at org.junit.runners.model.FrameworkMethod.invokeExplosively(FrameworkMethod.java:41)
	at org.junit.internal.runners.statements.InvokeMethod.evaluate(InvokeMethod.java:20)
	at org.junit.internal.runners.statements.ExpectException.evaluate(ExpectException.java:21)
	at org.junit.internal.runners.statements.RunBefores.evaluate(RunBefores.java:28)
	at org.junit.internal.runners.statements.RunAfters.evaluate(RunAfters.java:31)
	at org.junit.runners.BlockJUnit4ClassRunner.runNotIgnored(BlockJUnit4ClassRunner.java:79)
	at org.junit.runners.BlockJUnit4ClassRunner.runChild(BlockJUnit4ClassRunner.java:71)
	at org.junit.runners.BlockJUnit4ClassRunner.runChild(BlockJUnit4ClassRunner.java:49)
	at org.junit.runners.ParentRunner$3.run(ParentRunner.java:193)
	at org.junit.runners.ParentRunner$1.schedule(ParentRunner.java:52)
	at org.junit.runners.ParentRunner.runChildren(ParentRunner.java:191)
	at org.junit.runners.ParentRunner.access$000(ParentRunner.java:42)
	at org.junit.runners.ParentRunner$2.evaluate(ParentRunner.java:184)
	at org.junit.runners.ParentRunner.run(ParentRunner.java:236)
	at junit.framework.JUnit4TestAdapter.run(JUnit4TestAdapter.java:39)
	at junit.framework.TestSuite.runTest(TestSuite.java:243)
	at junit.framework.TestSuite.run(TestSuite.java:238)
	at junit.framework.TestSuite.runTest(TestSuite.java:243)
	at junit.framework.TestSuite.run(TestSuite.java:238)
	at org.apache.tools.ant.taskdefs.optional.junit.JUnitTestRunner.run(JUnitTestRunner.java:420)
	at org.apache.tools.ant.taskdefs.optional.junit.JUnitTestRunner.launch(JUnitTestRunner.java:911)
	at org.apache.tools.ant.taskdefs.optional.junit.JUnitTestRunner.main(JUnitTestRunner.java:768)

Entering method [com.topcoder.reliability.impl.persistence.DatabaseReliabilityDataPersistence.saveUserReliabilityData(List<UserProjectReliabilityData> projects)].
Input parameters[projects:[com.topcoder.reliability.impl.UserProjectReliabilityData@5f43a515, com.topcoder.reliability.impl.UserProjectReliabilityData@520b368f, null]]
Error in method [com.topcoder.reliability.impl.persistence.DatabaseReliabilityDataPersistence.saveUserReliabilityData(List<UserProjectReliabilityData> projects)], details: IllegalArgumentException is thrown.
java.lang.IllegalArgumentException: 'element of projects' should not be null.
	at com.topcoder.reliability.Helper.checkNull(Helper.java:131)
	at com.topcoder.reliability.impl.persistence.DatabaseReliabilityDataPersistence.checkProjects(DatabaseReliabilityDataPersistence.java:771)
	at com.topcoder.reliability.impl.persistence.DatabaseReliabilityDataPersistence.saveUserReliabilityData(DatabaseReliabilityDataPersistence.java:494)
	at com.topcoder.reliability.failuretests.impl.persistence.DatabaseReliabilityDataPersistenceFailureTests.testSaveUserReliabilityDataWithNullProject(DatabaseReliabilityDataPersistenceFailureTests.java:502)
	at sun.reflect.NativeMethodAccessorImpl.invoke0(Native Method)
	at sun.reflect.NativeMethodAccessorImpl.invoke(NativeMethodAccessorImpl.java:39)
	at sun.reflect.DelegatingMethodAccessorImpl.invoke(DelegatingMethodAccessorImpl.java:25)
	at java.lang.reflect.Method.invoke(Method.java:597)
	at org.junit.runners.model.FrameworkMethod$1.runReflectiveCall(FrameworkMethod.java:44)
	at org.junit.internal.runners.model.ReflectiveCallable.run(ReflectiveCallable.java:15)
	at org.junit.runners.model.FrameworkMethod.invokeExplosively(FrameworkMethod.java:41)
	at org.junit.internal.runners.statements.InvokeMethod.evaluate(InvokeMethod.java:20)
	at org.junit.internal.runners.statements.ExpectException.evaluate(ExpectException.java:21)
	at org.junit.internal.runners.statements.RunBefores.evaluate(RunBefores.java:28)
	at org.junit.internal.runners.statements.RunAfters.evaluate(RunAfters.java:31)
	at org.junit.runners.BlockJUnit4ClassRunner.runNotIgnored(BlockJUnit4ClassRunner.java:79)
	at org.junit.runners.BlockJUnit4ClassRunner.runChild(BlockJUnit4ClassRunner.java:71)
	at org.junit.runners.BlockJUnit4ClassRunner.runChild(BlockJUnit4ClassRunner.java:49)
	at org.junit.runners.ParentRunner$3.run(ParentRunner.java:193)
	at org.junit.runners.ParentRunner$1.schedule(ParentRunner.java:52)
	at org.junit.runners.ParentRunner.runChildren(ParentRunner.java:191)
	at org.junit.runners.ParentRunner.access$000(ParentRunner.java:42)
	at org.junit.runners.ParentRunner$2.evaluate(ParentRunner.java:184)
	at org.junit.runners.ParentRunner.run(ParentRunner.java:236)
	at junit.framework.JUnit4TestAdapter.run(JUnit4TestAdapter.java:39)
	at junit.framework.TestSuite.runTest(TestSuite.java:243)
	at junit.framework.TestSuite.run(TestSuite.java:238)
	at junit.framework.TestSuite.runTest(TestSuite.java:243)
	at junit.framework.TestSuite.run(TestSuite.java:238)
	at org.apache.tools.ant.taskdefs.optional.junit.JUnitTestRunner.run(JUnitTestRunner.java:420)
	at org.apache.tools.ant.taskdefs.optional.junit.JUnitTestRunner.launch(JUnitTestRunner.java:911)
	at org.apache.tools.ant.taskdefs.optional.junit.JUnitTestRunner.main(JUnitTestRunner.java:768)

Entering method [com.topcoder.reliability.impl.persistence.DatabaseReliabilityDataPersistence.saveUserReliabilityData(List<UserProjectReliabilityData> projects)].
Input parameters[projects:[com.topcoder.reliability.impl.UserProjectReliabilityData@142b452b, com.topcoder.reliability.impl.UserProjectReliabilityData@24ca1465]]
Error in method [com.topcoder.reliability.impl.persistence.DatabaseReliabilityDataPersistence.saveUserReliabilityData(List<UserProjectReliabilityData> projects)], details: IllegalArgumentException is thrown.
java.lang.IllegalArgumentException: 'project.getResolutionDate()' should not be null.
	at com.topcoder.reliability.Helper.checkNull(Helper.java:131)
	at com.topcoder.reliability.impl.persistence.DatabaseReliabilityDataPersistence.checkProjects(DatabaseReliabilityDataPersistence.java:773)
	at com.topcoder.reliability.impl.persistence.DatabaseReliabilityDataPersistence.saveUserReliabilityData(DatabaseReliabilityDataPersistence.java:494)
	at com.topcoder.reliability.failuretests.impl.persistence.DatabaseReliabilityDataPersistenceFailureTests.testSaveUserReliabilityDataWithNullResolutionDate(DatabaseReliabilityDataPersistenceFailureTests.java:522)
	at sun.reflect.NativeMethodAccessorImpl.invoke0(Native Method)
	at sun.reflect.NativeMethodAccessorImpl.invoke(NativeMethodAccessorImpl.java:39)
	at sun.reflect.DelegatingMethodAccessorImpl.invoke(DelegatingMethodAccessorImpl.java:25)
	at java.lang.reflect.Method.invoke(Method.java:597)
	at org.junit.runners.model.FrameworkMethod$1.runReflectiveCall(FrameworkMethod.java:44)
	at org.junit.internal.runners.model.ReflectiveCallable.run(ReflectiveCallable.java:15)
	at org.junit.runners.model.FrameworkMethod.invokeExplosively(FrameworkMethod.java:41)
	at org.junit.internal.runners.statements.InvokeMethod.evaluate(InvokeMethod.java:20)
	at org.junit.internal.runners.statements.ExpectException.evaluate(ExpectException.java:21)
	at org.junit.internal.runners.statements.RunBefores.evaluate(RunBefores.java:28)
	at org.junit.internal.runners.statements.RunAfters.evaluate(RunAfters.java:31)
	at org.junit.runners.BlockJUnit4ClassRunner.runNotIgnored(BlockJUnit4ClassRunner.java:79)
	at org.junit.runners.BlockJUnit4ClassRunner.runChild(BlockJUnit4ClassRunner.java:71)
	at org.junit.runners.BlockJUnit4ClassRunner.runChild(BlockJUnit4ClassRunner.java:49)
	at org.junit.runners.ParentRunner$3.run(ParentRunner.java:193)
	at org.junit.runners.ParentRunner$1.schedule(ParentRunner.java:52)
	at org.junit.runners.ParentRunner.runChildren(ParentRunner.java:191)
	at org.junit.runners.ParentRunner.access$000(ParentRunner.java:42)
	at org.junit.runners.ParentRunner$2.evaluate(ParentRunner.java:184)
	at org.junit.runners.ParentRunner.run(ParentRunner.java:236)
	at junit.framework.JUnit4TestAdapter.run(JUnit4TestAdapter.java:39)
	at junit.framework.TestSuite.runTest(TestSuite.java:243)
	at junit.framework.TestSuite.run(TestSuite.java:238)
	at junit.framework.TestSuite.runTest(TestSuite.java:243)
	at junit.framework.TestSuite.run(TestSuite.java:238)
	at org.apache.tools.ant.taskdefs.optional.junit.JUnitTestRunner.run(JUnitTestRunner.java:420)
	at org.apache.tools.ant.taskdefs.optional.junit.JUnitTestRunner.launch(JUnitTestRunner.java:911)
	at org.apache.tools.ant.taskdefs.optional.junit.JUnitTestRunner.main(JUnitTestRunner.java:768)

Entering method [com.topcoder.reliability.impl.persistence.DatabaseReliabilityDataPersistence.saveUserReliabilityData(List<UserProjectReliabilityData> projects)].
Input parameters[projects:[com.topcoder.reliability.impl.UserProjectReliabilityData@570c16b7, com.topcoder.reliability.impl.UserProjectReliabilityData@5aa77506]]
Error in method [com.topcoder.reliability.impl.persistence.DatabaseReliabilityDataPersistence.saveUserReliabilityData(List<UserProjectReliabilityData> projects)], details: IllegalArgumentException is thrown.
java.lang.IllegalArgumentException: 'projects' should not have different userId.
	at com.topcoder.reliability.impl.persistence.DatabaseReliabilityDataPersistence.checkProjects(DatabaseReliabilityDataPersistence.java:778)
	at com.topcoder.reliability.impl.persistence.DatabaseReliabilityDataPersistence.saveUserReliabilityData(DatabaseReliabilityDataPersistence.java:494)
	at com.topcoder.reliability.failuretests.impl.persistence.DatabaseReliabilityDataPersistenceFailureTests.testSaveUserReliabilityDataWithDifferentUserId(DatabaseReliabilityDataPersistenceFailureTests.java:542)
	at sun.reflect.NativeMethodAccessorImpl.invoke0(Native Method)
	at sun.reflect.NativeMethodAccessorImpl.invoke(NativeMethodAccessorImpl.java:39)
	at sun.reflect.DelegatingMethodAccessorImpl.invoke(DelegatingMethodAccessorImpl.java:25)
	at java.lang.reflect.Method.invoke(Method.java:597)
	at org.junit.runners.model.FrameworkMethod$1.runReflectiveCall(FrameworkMethod.java:44)
	at org.junit.internal.runners.model.ReflectiveCallable.run(ReflectiveCallable.java:15)
	at org.junit.runners.model.FrameworkMethod.invokeExplosively(FrameworkMethod.java:41)
	at org.junit.internal.runners.statements.InvokeMethod.evaluate(InvokeMethod.java:20)
	at org.junit.internal.runners.statements.ExpectException.evaluate(ExpectException.java:21)
	at org.junit.internal.runners.statements.RunBefores.evaluate(RunBefores.java:28)
	at org.junit.internal.runners.statements.RunAfters.evaluate(RunAfters.java:31)
	at org.junit.runners.BlockJUnit4ClassRunner.runNotIgnored(BlockJUnit4ClassRunner.java:79)
	at org.junit.runners.BlockJUnit4ClassRunner.runChild(BlockJUnit4ClassRunner.java:71)
	at org.junit.runners.BlockJUnit4ClassRunner.runChild(BlockJUnit4ClassRunner.java:49)
	at org.junit.runners.ParentRunner$3.run(ParentRunner.java:193)
	at org.junit.runners.ParentRunner$1.schedule(ParentRunner.java:52)
	at org.junit.runners.ParentRunner.runChildren(ParentRunner.java:191)
	at org.junit.runners.ParentRunner.access$000(ParentRunner.java:42)
	at org.junit.runners.ParentRunner$2.evaluate(ParentRunner.java:184)
	at org.junit.runners.ParentRunner.run(ParentRunner.java:236)
	at junit.framework.JUnit4TestAdapter.run(JUnit4TestAdapter.java:39)
	at junit.framework.TestSuite.runTest(TestSuite.java:243)
	at junit.framework.TestSuite.run(TestSuite.java:238)
	at junit.framework.TestSuite.runTest(TestSuite.java:243)
	at junit.framework.TestSuite.run(TestSuite.java:238)
	at org.apache.tools.ant.taskdefs.optional.junit.JUnitTestRunner.run(JUnitTestRunner.java:420)
	at org.apache.tools.ant.taskdefs.optional.junit.JUnitTestRunner.launch(JUnitTestRunner.java:911)
	at org.apache.tools.ant.taskdefs.optional.junit.JUnitTestRunner.main(JUnitTestRunner.java:768)

Entering method [com.topcoder.reliability.impl.persistence.DatabaseReliabilityDataPersistence.saveUserReliabilityData(List<UserProjectReliabilityData> projects)].
Input parameters[projects:[com.topcoder.reliability.impl.UserProjectReliabilityData@5b3ba312, com.topcoder.reliability.impl.UserProjectReliabilityData@284f2189]]
Error in method [com.topcoder.reliability.impl.persistence.DatabaseReliabilityDataPersistence.saveUserReliabilityData(List<UserProjectReliabilityData> projects)], details: IllegalStateException is thrown.
java.lang.IllegalStateException: The connection is not opened.
	at com.topcoder.reliability.Helper.checkState(Helper.java:194)
	at com.topcoder.reliability.impl.persistence.DatabaseReliabilityDataPersistence.saveUserReliabilityData(DatabaseReliabilityDataPersistence.java:497)
	at com.topcoder.reliability.failuretests.impl.persistence.DatabaseReliabilityDataPersistenceFailureTests.testSaveUserReliabilityDataWithoutOpen(DatabaseReliabilityDataPersistenceFailureTests.java:562)
	at sun.reflect.NativeMethodAccessorImpl.invoke0(Native Method)
	at sun.reflect.NativeMethodAccessorImpl.invoke(NativeMethodAccessorImpl.java:39)
	at sun.reflect.DelegatingMethodAccessorImpl.invoke(DelegatingMethodAccessorImpl.java:25)
	at java.lang.reflect.Method.invoke(Method.java:597)
	at org.junit.runners.model.FrameworkMethod$1.runReflectiveCall(FrameworkMethod.java:44)
	at org.junit.internal.runners.model.ReflectiveCallable.run(ReflectiveCallable.java:15)
	at org.junit.runners.model.FrameworkMethod.invokeExplosively(FrameworkMethod.java:41)
	at org.junit.internal.runners.statements.InvokeMethod.evaluate(InvokeMethod.java:20)
	at org.junit.internal.runners.statements.ExpectException.evaluate(ExpectException.java:21)
	at org.junit.internal.runners.statements.RunBefores.evaluate(RunBefores.java:28)
	at org.junit.internal.runners.statements.RunAfters.evaluate(RunAfters.java:31)
	at org.junit.runners.BlockJUnit4ClassRunner.runNotIgnored(BlockJUnit4ClassRunner.java:79)
	at org.junit.runners.BlockJUnit4ClassRunner.runChild(BlockJUnit4ClassRunner.java:71)
	at org.junit.runners.BlockJUnit4ClassRunner.runChild(BlockJUnit4ClassRunner.java:49)
	at org.junit.runners.ParentRunner$3.run(ParentRunner.java:193)
	at org.junit.runners.ParentRunner$1.schedule(ParentRunner.java:52)
	at org.junit.runners.ParentRunner.runChildren(ParentRunner.java:191)
	at org.junit.runners.ParentRunner.access$000(ParentRunner.java:42)
	at org.junit.runners.ParentRunner$2.evaluate(ParentRunner.java:184)
	at org.junit.runners.ParentRunner.run(ParentRunner.java:236)
	at junit.framework.JUnit4TestAdapter.run(JUnit4TestAdapter.java:39)
	at junit.framework.TestSuite.runTest(TestSuite.java:243)
	at junit.framework.TestSuite.run(TestSuite.java:238)
	at junit.framework.TestSuite.runTest(TestSuite.java:243)
	at junit.framework.TestSuite.run(TestSuite.java:238)
	at org.apache.tools.ant.taskdefs.optional.junit.JUnitTestRunner.run(JUnitTestRunner.java:420)
	at org.apache.tools.ant.taskdefs.optional.junit.JUnitTestRunner.launch(JUnitTestRunner.java:911)
	at org.apache.tools.ant.taskdefs.optional.junit.JUnitTestRunner.main(JUnitTestRunner.java:768)

Entering method [com.topcoder.reliability.impl.persistence.DatabaseReliabilityDataPersistence.open()].
Exiting method [com.topcoder.reliability.impl.persistence.DatabaseReliabilityDataPersistence.open()], time spent in the method: 10 milliseconds.
Entering method [com.topcoder.reliability.impl.persistence.DatabaseReliabilityDataPersistence.saveUserReliabilityData(List<UserProjectReliabilityData> projects)].
Input parameters[projects:[com.topcoder.reliability.impl.UserProjectReliabilityData@63f5acd0, com.topcoder.reliability.impl.UserProjectReliabilityData@1624bef5]]
Error in method [com.topcoder.reliability.impl.persistence.DatabaseReliabilityDataPersistence.saveUserReliabilityData(List<UserProjectReliabilityData> projects)], details: A database access error occurred when rolling back (will be ignored).
java.sql.SQLException: Connection not established
	at com.informix.util.IfxErrMsg.getSQLException(IfxErrMsg.java:413)
	at com.informix.jdbc.IfxSqliConnect.rollback(IfxSqliConnect.java:2075)
	at com.topcoder.reliability.impl.persistence.DatabaseReliabilityDataPersistence.rollback(DatabaseReliabilityDataPersistence.java:799)
	at com.topcoder.reliability.impl.persistence.DatabaseReliabilityDataPersistence.saveUserReliabilityData(DatabaseReliabilityDataPersistence.java:537)
	at com.topcoder.reliability.failuretests.impl.persistence.DatabaseReliabilityDataPersistenceFailureTests.testSaveUserReliabilityDataWithPersistenceError(DatabaseReliabilityDataPersistenceFailureTests.java:587)
	at sun.reflect.NativeMethodAccessorImpl.invoke0(Native Method)
	at sun.reflect.NativeMethodAccessorImpl.invoke(NativeMethodAccessorImpl.java:39)
	at sun.reflect.DelegatingMethodAccessorImpl.invoke(DelegatingMethodAccessorImpl.java:25)
	at java.lang.reflect.Method.invoke(Method.java:597)
	at org.junit.runners.model.FrameworkMethod$1.runReflectiveCall(FrameworkMethod.java:44)
	at org.junit.internal.runners.model.ReflectiveCallable.run(ReflectiveCallable.java:15)
	at org.junit.runners.model.FrameworkMethod.invokeExplosively(FrameworkMethod.java:41)
	at org.junit.internal.runners.statements.InvokeMethod.evaluate(InvokeMethod.java:20)
	at org.junit.internal.runners.statements.ExpectException.evaluate(ExpectException.java:21)
	at org.junit.internal.runners.statements.RunBefores.evaluate(RunBefores.java:28)
	at org.junit.internal.runners.statements.RunAfters.evaluate(RunAfters.java:31)
	at org.junit.runners.BlockJUnit4ClassRunner.runNotIgnored(BlockJUnit4ClassRunner.java:79)
	at org.junit.runners.BlockJUnit4ClassRunner.runChild(BlockJUnit4ClassRunner.java:71)
	at org.junit.runners.BlockJUnit4ClassRunner.runChild(BlockJUnit4ClassRunner.java:49)
	at org.junit.runners.ParentRunner$3.run(ParentRunner.java:193)
	at org.junit.runners.ParentRunner$1.schedule(ParentRunner.java:52)
	at org.junit.runners.ParentRunner.runChildren(ParentRunner.java:191)
	at org.junit.runners.ParentRunner.access$000(ParentRunner.java:42)
	at org.junit.runners.ParentRunner$2.evaluate(ParentRunner.java:184)
	at org.junit.runners.ParentRunner.run(ParentRunner.java:236)
	at junit.framework.JUnit4TestAdapter.run(JUnit4TestAdapter.java:39)
	at junit.framework.TestSuite.runTest(TestSuite.java:243)
	at junit.framework.TestSuite.run(TestSuite.java:238)
	at junit.framework.TestSuite.runTest(TestSuite.java:243)
	at junit.framework.TestSuite.run(TestSuite.java:238)
	at org.apache.tools.ant.taskdefs.optional.junit.JUnitTestRunner.run(JUnitTestRunner.java:420)
	at org.apache.tools.ant.taskdefs.optional.junit.JUnitTestRunner.launch(JUnitTestRunner.java:911)
	at org.apache.tools.ant.taskdefs.optional.junit.JUnitTestRunner.main(JUnitTestRunner.java:768)

Error in method [com.topcoder.reliability.impl.persistence.DatabaseReliabilityDataPersistence.saveUserReliabilityData(List<UserProjectReliabilityData> projects)], details: ReliabilityDataPersistenceException is thrown when updating the current user reliability.
com.topcoder.reliability.impl.ReliabilityDataPersistenceException: A database access error occurred.
	at com.topcoder.reliability.impl.persistence.DatabaseReliabilityDataPersistence.saveUserReliabilityData(DatabaseReliabilityDataPersistence.java:539)
	at com.topcoder.reliability.failuretests.impl.persistence.DatabaseReliabilityDataPersistenceFailureTests.testSaveUserReliabilityDataWithPersistenceError(DatabaseReliabilityDataPersistenceFailureTests.java:587)
	at sun.reflect.NativeMethodAccessorImpl.invoke0(Native Method)
	at sun.reflect.NativeMethodAccessorImpl.invoke(NativeMethodAccessorImpl.java:39)
	at sun.reflect.DelegatingMethodAccessorImpl.invoke(DelegatingMethodAccessorImpl.java:25)
	at java.lang.reflect.Method.invoke(Method.java:597)
	at org.junit.runners.model.FrameworkMethod$1.runReflectiveCall(FrameworkMethod.java:44)
	at org.junit.internal.runners.model.ReflectiveCallable.run(ReflectiveCallable.java:15)
	at org.junit.runners.model.FrameworkMethod.invokeExplosively(FrameworkMethod.java:41)
	at org.junit.internal.runners.statements.InvokeMethod.evaluate(InvokeMethod.java:20)
	at org.junit.internal.runners.statements.ExpectException.evaluate(ExpectException.java:21)
	at org.junit.internal.runners.statements.RunBefores.evaluate(RunBefores.java:28)
	at org.junit.internal.runners.statements.RunAfters.evaluate(RunAfters.java:31)
	at org.junit.runners.BlockJUnit4ClassRunner.runNotIgnored(BlockJUnit4ClassRunner.java:79)
	at org.junit.runners.BlockJUnit4ClassRunner.runChild(BlockJUnit4ClassRunner.java:71)
	at org.junit.runners.BlockJUnit4ClassRunner.runChild(BlockJUnit4ClassRunner.java:49)
	at org.junit.runners.ParentRunner$3.run(ParentRunner.java:193)
	at org.junit.runners.ParentRunner$1.schedule(ParentRunner.java:52)
	at org.junit.runners.ParentRunner.runChildren(ParentRunner.java:191)
	at org.junit.runners.ParentRunner.access$000(ParentRunner.java:42)
	at org.junit.runners.ParentRunner$2.evaluate(ParentRunner.java:184)
	at org.junit.runners.ParentRunner.run(ParentRunner.java:236)
	at junit.framework.JUnit4TestAdapter.run(JUnit4TestAdapter.java:39)
	at junit.framework.TestSuite.runTest(TestSuite.java:243)
	at junit.framework.TestSuite.run(TestSuite.java:238)
	at junit.framework.TestSuite.runTest(TestSuite.java:243)
	at junit.framework.TestSuite.run(TestSuite.java:238)
	at org.apache.tools.ant.taskdefs.optional.junit.JUnitTestRunner.run(JUnitTestRunner.java:420)
	at org.apache.tools.ant.taskdefs.optional.junit.JUnitTestRunner.launch(JUnitTestRunner.java:911)
	at org.apache.tools.ant.taskdefs.optional.junit.JUnitTestRunner.main(JUnitTestRunner.java:768)
Caused by: java.sql.SQLException: Connection not established
	at com.informix.util.IfxErrMsg.getSQLException(IfxErrMsg.java:413)
	at com.informix.jdbc.IfxSqliConnect.h(IfxSqliConnect.java:6588)
	at com.informix.jdbc.IfxSqliConnect.prepareStatement(IfxSqliConnect.java:2396)
	at com.topcoder.reliability.impl.persistence.DatabaseReliabilityDataPersistence.executeUpdate(DatabaseReliabilityDataPersistence.java:829)
	at com.topcoder.reliability.impl.persistence.DatabaseReliabilityDataPersistence.saveUserReliabilityData(DatabaseReliabilityDataPersistence.java:501)
	... 29 more

Test testCalculate_Small running time 57 ms for run count 5. Average time per run - 11 ms/run.
Test testCalculate_Large running time 814 ms for run count 25. Average time per run - 32 ms/run.
Test testGetIdsOfUsersWithReliability_Large running time 191 ms for run count 25. Average time per run - 7 ms/run.
Test testGetIdsOfUsersWithReliability_Small running time 110 ms for run count 5. Average time per run - 22 ms/run.
Test testGetUserParticipationData_Large running time 201 ms for run count 25. Average time per run - 8 ms/run.
Test testGetUserParticipationData_Small running time 147 ms for run count 5. Average time per run - 29 ms/run.
Test testSaveUserReliabilityData_Small running time 534 ms for run count 5. Average time per run - 106 ms/run.
Test testSaveUserReliabilityData_Large running time 6789 ms for run count 1. Average time per run - 6789 ms/run.
Test testUpdateCurrentUserReliability_Large running time 291 ms for run count 25. Average time per run - 11 ms/run.
Test testUpdateCurrentUserReliability_Small running time 78 ms for run count 5. Average time per run - 15 ms/run.
Test testCalculate_Small running time 74 ms for run count 5. Average time per run - 14 ms/run.
Test testCalculate_Large running time 296 ms for run count 25. Average time per run - 11 ms/run.
Test testCalculate_SmallLotsOfUsers1 running time 2258 ms for run count 5. Average time per run - 451 ms/run.
Test testCalculate_SmallLotsOfUsers2 running time 20827 ms for run count 5. Average time per run - 4165 ms/run.
Test testCalculate_Small running time 16 ms for run count 5. Average time per run - 3 ms/run.
Test testCalculate_Large running time 58 ms for run count 25. Average time per run - 2 ms/run.
Test testCompare_Small running time 5 ms for run count 5. Average time per run - 1 ms/run.
Test testCompare_Large running time 5 ms for run count 25. Average time per run - 0 ms/run.
Test testCalculate_Small running time 17 ms for run count 5. Average time per run - 3 ms/run.
Test testCalculate_Large running time 64 ms for run count 25. Average time per run - 2 ms/run.
Test testMain_Small running time 239 ms for run count 5. Average time per run - 47 ms/run.
Test testMain_Large running time 879 ms for run count 25. Average time per run - 35 ms/run.
]]></system-out>
  <system-err><![CDATA[com.topcoder.configuration.persistence.UnrecognizedFileTypeException: Can't recognize file not_exist
	at com.topcoder.configuration.persistence.ConfigurationFileManager.getPersistence(ConfigurationFileManager.java:665)
	at com.topcoder.configuration.persistence.ConfigurationFileManager.loadConfigFile(ConfigurationFileManager.java:698)
	at com.topcoder.configuration.persistence.ConfigurationFileManager.<init>(ConfigurationFileManager.java:142)
	at com.topcoder.reliability.ReliabilityCalculationUtility.main(ReliabilityCalculationUtility.java:455)
	at com.topcoder.reliability.ReliabilityCalculationUtilityUnitTests.callMainFailure(ReliabilityCalculationUtilityUnitTests.java:241)
	at com.topcoder.reliability.ReliabilityCalculationUtilityUnitTests.test_main_cIncorrect(ReliabilityCalculationUtilityUnitTests.java:200)
	at sun.reflect.NativeMethodAccessorImpl.invoke0(Native Method)
	at sun.reflect.NativeMethodAccessorImpl.invoke(NativeMethodAccessorImpl.java:39)
	at sun.reflect.DelegatingMethodAccessorImpl.invoke(DelegatingMethodAccessorImpl.java:25)
	at java.lang.reflect.Method.invoke(Method.java:597)
	at org.junit.runners.model.FrameworkMethod$1.runReflectiveCall(FrameworkMethod.java:44)
	at org.junit.internal.runners.model.ReflectiveCallable.run(ReflectiveCallable.java:15)
	at org.junit.runners.model.FrameworkMethod.invokeExplosively(FrameworkMethod.java:41)
	at org.junit.internal.runners.statements.InvokeMethod.evaluate(InvokeMethod.java:20)
	at org.junit.internal.runners.statements.RunBefores.evaluate(RunBefores.java:28)
	at org.junit.internal.runners.statements.RunAfters.evaluate(RunAfters.java:31)
	at org.junit.runners.BlockJUnit4ClassRunner.runNotIgnored(BlockJUnit4ClassRunner.java:79)
	at org.junit.runners.BlockJUnit4ClassRunner.runChild(BlockJUnit4ClassRunner.java:71)
	at org.junit.runners.BlockJUnit4ClassRunner.runChild(BlockJUnit4ClassRunner.java:49)
	at org.junit.runners.ParentRunner$3.run(ParentRunner.java:193)
	at org.junit.runners.ParentRunner$1.schedule(ParentRunner.java:52)
	at org.junit.runners.ParentRunner.runChildren(ParentRunner.java:191)
	at org.junit.runners.ParentRunner.access$000(ParentRunner.java:42)
	at org.junit.runners.ParentRunner$2.evaluate(ParentRunner.java:184)
	at org.junit.runners.ParentRunner.run(ParentRunner.java:236)
	at junit.framework.JUnit4TestAdapter.run(JUnit4TestAdapter.java:39)
	at junit.framework.TestSuite.runTest(TestSuite.java:243)
	at junit.framework.TestSuite.run(TestSuite.java:238)
	at junit.framework.TestSuite.runTest(TestSuite.java:243)
	at junit.framework.TestSuite.run(TestSuite.java:238)
	at org.apache.tools.ant.taskdefs.optional.junit.JUnitTestRunner.run(JUnitTestRunner.java:420)
	at org.apache.tools.ant.taskdefs.optional.junit.JUnitTestRunner.launch(JUnitTestRunner.java:911)
	at org.apache.tools.ant.taskdefs.optional.junit.JUnitTestRunner.main(JUnitTestRunner.java:768)
java.lang.NumberFormatException: For input string: "invalid_numm"
	at java.lang.NumberFormatException.forInputString(NumberFormatException.java:48)
	at java.lang.Long.parseLong(Long.java:410)
	at java.lang.Long.parseLong(Long.java:468)
	at com.topcoder.reliability.ReliabilityCalculationUtility.parseProjectCategoryIds(ReliabilityCalculationUtility.java:519)
	at com.topcoder.reliability.ReliabilityCalculationUtility.main(ReliabilityCalculationUtility.java:484)
	at com.topcoder.reliability.ReliabilityCalculationUtilityUnitTests.callMainFailure(ReliabilityCalculationUtilityUnitTests.java:241)
	at com.topcoder.reliability.ReliabilityCalculationUtilityUnitTests.test_main_pcIncorrect(ReliabilityCalculationUtilityUnitTests.java:214)
	at sun.reflect.NativeMethodAccessorImpl.invoke0(Native Method)
	at sun.reflect.NativeMethodAccessorImpl.invoke(NativeMethodAccessorImpl.java:39)
	at sun.reflect.DelegatingMethodAccessorImpl.invoke(DelegatingMethodAccessorImpl.java:25)
	at java.lang.reflect.Method.invoke(Method.java:597)
	at org.junit.runners.model.FrameworkMethod$1.runReflectiveCall(FrameworkMethod.java:44)
	at org.junit.internal.runners.model.ReflectiveCallable.run(ReflectiveCallable.java:15)
	at org.junit.runners.model.FrameworkMethod.invokeExplosively(FrameworkMethod.java:41)
	at org.junit.internal.runners.statements.InvokeMethod.evaluate(InvokeMethod.java:20)
	at org.junit.internal.runners.statements.RunBefores.evaluate(RunBefores.java:28)
	at org.junit.internal.runners.statements.RunAfters.evaluate(RunAfters.java:31)
	at org.junit.runners.BlockJUnit4ClassRunner.runNotIgnored(BlockJUnit4ClassRunner.java:79)
	at org.junit.runners.BlockJUnit4ClassRunner.runChild(BlockJUnit4ClassRunner.java:71)
	at org.junit.runners.BlockJUnit4ClassRunner.runChild(BlockJUnit4ClassRunner.java:49)
	at org.junit.runners.ParentRunner$3.run(ParentRunner.java:193)
	at org.junit.runners.ParentRunner$1.schedule(ParentRunner.java:52)
	at org.junit.runners.ParentRunner.runChildren(ParentRunner.java:191)
	at org.junit.runners.ParentRunner.access$000(ParentRunner.java:42)
	at org.junit.runners.ParentRunner$2.evaluate(ParentRunner.java:184)
	at org.junit.runners.ParentRunner.run(ParentRunner.java:236)
	at junit.framework.JUnit4TestAdapter.run(JUnit4TestAdapter.java:39)
	at junit.framework.TestSuite.runTest(TestSuite.java:243)
	at junit.framework.TestSuite.run(TestSuite.java:238)
	at junit.framework.TestSuite.runTest(TestSuite.java:243)
	at junit.framework.TestSuite.run(TestSuite.java:238)
	at org.apache.tools.ant.taskdefs.optional.junit.JUnitTestRunner.run(JUnitTestRunner.java:420)
	at org.apache.tools.ant.taskdefs.optional.junit.JUnitTestRunner.launch(JUnitTestRunner.java:911)
	at org.apache.tools.ant.taskdefs.optional.junit.JUnitTestRunner.main(JUnitTestRunner.java:768)
The value for '-u' is incorrect.
com.topcoder.reliability.ProjectCategoryNotSupportedException: Project category with the ID '2' is not supported by this reliability calculator.
	at com.topcoder.reliability.impl.ReliabilityCalculatorImpl.calculateHelper(ReliabilityCalculatorImpl.java:371)
	at com.topcoder.reliability.impl.ReliabilityCalculatorImpl.calculate(ReliabilityCalculatorImpl.java:322)
	at com.topcoder.reliability.ReliabilityCalculationUtility.process(ReliabilityCalculationUtility.java:589)
	at com.topcoder.reliability.ReliabilityCalculationUtility.main(ReliabilityCalculationUtility.java:489)
	at com.topcoder.reliability.accuracytests.ReliabilityCalculatorUtilityAccuracy.testMain_NoUpdate(ReliabilityCalculatorUtilityAccuracy.java:111)
	at sun.reflect.NativeMethodAccessorImpl.invoke0(Native Method)
	at sun.reflect.NativeMethodAccessorImpl.invoke(NativeMethodAccessorImpl.java:39)
	at sun.reflect.DelegatingMethodAccessorImpl.invoke(DelegatingMethodAccessorImpl.java:25)
	at java.lang.reflect.Method.invoke(Method.java:597)
	at junit.framework.TestCase.runTest(TestCase.java:168)
	at junit.framework.TestCase.runBare(TestCase.java:134)
	at junit.framework.TestResult$1.protect(TestResult.java:110)
	at junit.framework.TestResult.runProtected(TestResult.java:128)
	at junit.framework.TestResult.run(TestResult.java:113)
	at junit.framework.TestCase.run(TestCase.java:124)
	at junit.framework.TestSuite.runTest(TestSuite.java:243)
	at junit.framework.TestSuite.run(TestSuite.java:238)
	at junit.framework.TestSuite.runTest(TestSuite.java:243)
	at junit.framework.TestSuite.run(TestSuite.java:238)
	at junit.framework.TestSuite.runTest(TestSuite.java:243)
	at junit.framework.TestSuite.run(TestSuite.java:238)
	at org.apache.tools.ant.taskdefs.optional.junit.JUnitTestRunner.run(JUnitTestRunner.java:420)
	at org.apache.tools.ant.taskdefs.optional.junit.JUnitTestRunner.launch(JUnitTestRunner.java:911)
	at org.apache.tools.ant.taskdefs.optional.junit.JUnitTestRunner.main(JUnitTestRunner.java:768)
com.topcoder.reliability.ProjectCategoryNotSupportedException: Project category with the ID '2' is not supported by this reliability calculator.
	at com.topcoder.reliability.impl.ReliabilityCalculatorImpl.calculateHelper(ReliabilityCalculatorImpl.java:371)
	at com.topcoder.reliability.impl.ReliabilityCalculatorImpl.calculate(ReliabilityCalculatorImpl.java:322)
	at com.topcoder.reliability.ReliabilityCalculationUtility.process(ReliabilityCalculationUtility.java:589)
	at com.topcoder.reliability.ReliabilityCalculationUtility.main(ReliabilityCalculationUtility.java:489)
	at com.topcoder.reliability.accuracytests.ReliabilityCalculatorUtilityAccuracy.testMain_Update(ReliabilityCalculatorUtilityAccuracy.java:157)
	at sun.reflect.NativeMethodAccessorImpl.invoke0(Native Method)
	at sun.reflect.NativeMethodAccessorImpl.invoke(NativeMethodAccessorImpl.java:39)
	at sun.reflect.DelegatingMethodAccessorImpl.invoke(DelegatingMethodAccessorImpl.java:25)
	at java.lang.reflect.Method.invoke(Method.java:597)
	at junit.framework.TestCase.runTest(TestCase.java:168)
	at junit.framework.TestCase.runBare(TestCase.java:134)
	at junit.framework.TestResult$1.protect(TestResult.java:110)
	at junit.framework.TestResult.runProtected(TestResult.java:128)
	at junit.framework.TestResult.run(TestResult.java:113)
	at junit.framework.TestCase.run(TestCase.java:124)
	at junit.framework.TestSuite.runTest(TestSuite.java:243)
	at junit.framework.TestSuite.run(TestSuite.java:238)
	at junit.framework.TestSuite.runTest(TestSuite.java:243)
	at junit.framework.TestSuite.run(TestSuite.java:238)
	at junit.framework.TestSuite.runTest(TestSuite.java:243)
	at junit.framework.TestSuite.run(TestSuite.java:238)
	at org.apache.tools.ant.taskdefs.optional.junit.JUnitTestRunner.run(JUnitTestRunner.java:420)
	at org.apache.tools.ant.taskdefs.optional.junit.JUnitTestRunner.launch(JUnitTestRunner.java:911)
	at org.apache.tools.ant.taskdefs.optional.junit.JUnitTestRunner.main(JUnitTestRunner.java:768)
]]></system-err>
</testsuite>
