<?xml version="1.0" encoding="UTF-8" ?>
<testsuite errors="0" failures="0" hostname="skip" name="com.topcoder.clients.webservices.UnitTests" tests="232" time="37.125" timestamp="2008-09-14T11:42:51">
  <properties>
    <property name="component.version.major" value="1" />
    <property name="file.encoding.pkg" value="sun.io" />
    <property name="java.home" value="F:\Program Files\Java\J2EE\jdk\jre" />
    <property name="management_services_mocks.jar" value="test_reflib/management_services_mocks.jar" />
    <property name="client_project_management.jar" value="test_reflib/client_project_management.jar" />
    <property name="dist_javadocs" value="build/dist/client_project_lookup_services-1.0.0/docs/javadocs" />
    <property name="debug" value="off" />
    <property name="build_distdir" value="build/dist" />
    <property name="distfilename" value="client_project_lookup_services" />
    <property name="component.version.micro" value="0" />
    <property name="component.dist.jar" value="build/dist/client_project_lookup_services-1.0.0.jar" />
    <property name="java.endorsed.dirs" value="F:\Program Files\Java\J2EE\jdk\jre\lib\endorsed" />
    <property name="object_factory.jar" value="../tcs/lib/tcs/object_factory/2.1.1/object_factory.jar" />
    <property name="jboss_config_name" value="default" />
    <property name="sun.os.patch.level" value="Service Pack 2" />
    <property name="design_dist.jar" value="client_project_lookup_services_1.0.0_design_dist.jar" />
    <property name="javadocsdir" value="docs/javadocs" />
    <property name="java.vendor.url" value="http://java.sun.com/" />
    <property name="jbossws-client.jar" value="F:/jboss-4.2.2.GA/client/jbossws-client.jar" />
    <property name="java.version" value="1.5.0_06" />
    <property name="java.vendor.url.bug" value="http://java.sun.com/cgi-bin/bugreport.cgi" />
    <property name="cobertura.datafile" value="log/cobertura.ser" />
    <property name="user.name" value="user" />
    <property name="packagedir" value="com/topcoder/clients/webservices" />
    <property name="sun.io.unicode.encoding" value="UnicodeLittle" />
    <property name="component_version" value="1.0.0" />
    <property name="sun.jnu.encoding" value="Cp1251" />
    <property name="java.runtime.name" value="Java(TM) 2 Runtime Environment, Standard Edition" />
    <property name="target_libdir" value="../tcs/lib/tcs" />
    <property name="reports" value="log/reports" />
    <property name="component.jar" value="build/dist/lib/tcs/client_project_lookup_services/1.0.0/client_project_lookup_services.jar" />
    <property name="java.specification.name" value="Java Platform API Specification" />
    <property name="javamain" value="src/java/main" />
    <property name="user.timezone" value="" />
    <property name="component.version.build" value="1" />
    <property name="path.separator" value=";" />
    <property name="srcdir" value="src" />
    <property name="file.encoding" value="Cp1252" />
    <property name="jboss_login_module.jar" value="test_reflib/jboss_login_module.jar" />
    <property name="ant.file" value="F:\Develop\SOURCES\Ganymede\Client_Project_Lookup_Services\build.xml" />
    <property name="javasrc" value="src/java" />
    <property name="search_builder.jar" value="../tcs/lib/tcs/search_builder/1.4.0/search_builder.jar" />
    <property name="instrumented.dir" value="build/instrumented" />
    <property name="component.target" value="1.x" />
    <property name="component.tests.jar" value="build/dist/lib/tcs/client_project_lookup_services_tests.jar" />
    <property name="java.io.tmpdir" value="C:\DOCUME~1\user\LOCALS~1\Temp\" />
    <property name="user.language" value="en" />
    <property name="manifest_file_path" value="build/dist/client_project_lookup_services-1.0.0/META-INF/" />
    <property name="line.separator" value="
" />
    <property name="component.name" value="Client Project Lookup Services" />
    <property name="verbose" value="no" />
    <property name="manifest_file" value="build/dist/client_project_lookup_services-1.0.0/META-INF//MANIFEST.MF" />
    <property name="ant.file.TopCoder Java Generic Build" value="F:\Develop\SOURCES\Ganymede\Client_Project_Lookup_Services\build.xml" />
    <property name="java.vm.info" value="mixed mode" />
    <property name="component_path" value="client_project_lookup_services/1.0.0" />
    <property name="sun.desktop" value="windows" />
    <property name="java.vm.specification.name" value="Java Virtual Machine Specification" />
    <property name="jboss-ejb3x.jar" value="F:/jboss-4.2.2.GA/client/jboss-ejb3x.jar" />
    <property name="dist_coverage" value="build/dist/client_project_lookup_services-1.0.0/docs/coverage" />
    <property name="cobertura.datafile.remote" value="F:/jboss-4.2.2.GA/bin/cobertura.ser" />
    <property name="builddir" value="build" />
    <property name="cobertura.dir" value="../tcs/lib/third_party/cobertura/1.8" />
    <property name="javac.encoding" value="UTF-8" />
    <property name="java.awt.printerjob" value="sun.awt.windows.WPrinterJob" />
    <property name="dist_lib" value="build/dist/lib/tcs" />
    <property name="ejb3-persistence.jar" value="F:/jboss-4.2.2.GA/client/ejb3-persistence.jar" />
    <property name="junit.jar" value="../tcs/lib/third_party/junit/3.8.2/junit.jar" />
    <property name="configdir" value="conf" />
    <property name="ant.file.Override Macrodef Standard Behaviour Import" value="F:\Develop\SOURCES\Ganymede\Client_Project_Lookup_Services\build-override.xml" />
    <property name="build_tcsdistdir" value="build/dist/client_project_lookup_services-1.0.0" />
    <property name="ant.version" value="Apache Ant version 1.7.0 compiled on December 13 2006" />
    <property name="checkstyle_dir" value="../tcs/lib/third_party/checkstyle" />
    <property name="dist_docs" value="build/dist/client_project_lookup_services-1.0.0/docs" />
    <property name="test_reflib" value="test_reflib" />
    <property name="testlogdir" value="log" />
    <property name="configuration_api.jar" value="../tcs/lib/tcs/configuration_api/1.0.0/configuration_api.jar" />
    <property name="os.name" value="Windows XP" />
    <property name="java.specification.vendor" value="Sun Microsystems Inc." />
    <property name="xercesImpl.jar" value="F:/jboss-4.2.2.GA/lib/endorsed/xercesImpl.jar" />
    <property name="java.vm.name" value="Java HotSpot(TM) Client VM" />
    <property name="authentication_manager.jar" value="../tcs/lib/tcs/authentication_manager/1.0.2/authentication_manager.jar" />
    <property name="java.library.path" value="F:\Program Files\Java\J2EE\jdk\jre\bin;.;C:\WINDOWS\system32;C:\WINDOWS;C:\WINDOWS\system32;C:\WINDOWS;C:\WINDOWS\System32\Wbem;C:\Program Files\Microsoft SQL Server\90\Tools\binn\;F:\Program Files\Subversion\svn-win32-1.4.4\bin;F:\Install\Maven\maven-2.0.7\bin;F:\MATLAB7\bin\win32;F:\Program Files\Rational\common;F:\apache-ant-1.7.0\bin;C:\Program Files\Microsoft SDKs\Windows\v6.0A\bin;F:\Program Files\Java\J2EE\bin" />
    <property name="docpackage.jar" value="client_project_lookup_services_docs.jar" />
    <property name="user_group_manager.jar" value="../tcs/lib/tcs/user_group_manager/1.0.1/user_group_manager.jar" />
    <property name="ant.java.version" value="1.5" />
    <property name="basedir" value="F:\Develop\SOURCES\Ganymede\Client_Project_Lookup_Services" />
    <property name="java.class.version" value="49.0" />
    <property name="ant.home" value="F:\apache-ant-1.7.0" />
    <property name="filter_adapter.jar" value="test_reflib/filter_adapter.jar" />
    <property name="net.sourceforge.cobertura.datafile" value="F:\Develop\SOURCES\Ganymede\Client_Project_Lookup_Services\log\cobertura_local.ser" />
    <property name="jboss-j2ee.jar" value="F:/jboss-4.2.2.GA/client/jboss-j2ee.jar" />
    <property name="object_factory_configuration_api_plugin.jar" value="../tcs/lib/tcs/object_factory_configuration_api_plugin/1.0.0/object_factory_configuration_api_plugin.jar" />
    <property name="jbossall-client.jar" value="F:/jboss-4.2.2.GA/client/jbossall-client.jar" />
    <property name="sun.boot.library.path" value="F:\Program Files\Java\J2EE\jdk\jre\bin" />
    <property name="ext_libdir" value="../tcs/lib/third_party" />
    <property name="jboss-jaxrpc.jar" value="F:/jboss-4.2.2.GA/client/jboss-jaxrpc.jar" />
    <property name="sun.management.compiler" value="HotSpot Client Compiler" />
    <property name="java.awt.graphicsenv" value="sun.awt.Win32GraphicsEnvironment" />
    <property name="user.variant" value="" />
    <property name="object_formatter.jar" value="../tcs/lib/tcs/object_formatter/1.0/object_formatter.jar" />
    <property name="cobertura.datafile.local" value="log/cobertura_local.ser" />
    <property name="build_targetclassdir" value="build/targetclasses" />
    <property name="docsdir" value="docs" />
    <property name="jboss-jaxws.jar" value="F:/jboss-4.2.2.GA/client/jboss-jaxws.jar" />
    <property name="dev_dist.jar" value="client_project_lookup_services_1.0.0_dev_dist.jar" />
    <property name="ant.project.name" value="TopCoder Java Generic Build" />
    <property name="security_facade.jar" value="../tcs/lib/tcs/security_facade/2.1.3/security_facade.jar" />
    <property name="component.version.minor" value="0" />
    <property name="java.vm.specification.version" value="1.0" />
    <property name="component.bootclasspath" value="${java_1_x_bootclasspath}" />
    <property name="awt.toolkit" value="sun.awt.windows.WToolkit" />
    <property name="sun.cpu.isalist" value="pentium_pro+mmx pentium_pro pentium+mmx pentium i486 i386 i86" />
    <property name="build_javadocsdir" value="build/docs/javadocs" />
    <property name="java.ext.dirs" value="F:\Program Files\Java\J2EE\jdk\jre\lib\ext" />
    <property name="os.version" value="5.1" />
    <property name="user.home" value="C:\Documents and Settings\user" />
    <property name="javadoc.jar" value="javadocs.jar" />
    <property name="libdir" value="../tcs/lib" />
    <property name="build_classdir" value="build/classes" />
    <property name="java.vm.vendor" value="Sun Microsystems Inc." />
    <property name="component.distfilename" value="client_project_lookup_services" />
    <property name="component.package" value="com.topcoder.clients.webservices" />
    <property name="build_testclassdir" value="build/testClasses" />
    <property name="package" value="com.topcoder.clients.webservices" />
    <property name="typesafe_enum.jar" value="../tcs/lib/tcs/typesafe_enum/1.1/typesafe_enum.jar" />
    <property name="base_exception.jar" value="../tcs/lib/tcs/base_exception/2.0.0/base_exception.jar" />
    <property name="user.dir" value="F:\Develop\SOURCES\Ganymede\Client_Project_Lookup_Services" />
    <property name="component.packagedir" value="com/topcoder/clients/webservices" />
    <property name="configuration_persistence.jar" value="../tcs/lib/tcs/configuration_persistence/1.0.1/configuration_persistence.jar" />
    <property name="client_project_entities_dao.jar" value="test_reflib/client_project_entities_dao.jar" />
    <property name="sun.cpu.endian" value="little" />
    <property name="ant.file.Dependency Import" value="F:\Develop\SOURCES\Ganymede\Client_Project_Lookup_Services\build-dependencies.xml" />
    <property name="dist_docpackage" value="build/doc_package" />
    <property name="java.vm.version" value="1.5.0_06-b05" />
    <property name="functional_entitlement.jar" value="../tcs/lib/tcs/functional_entitlement/1.0.4/functional_entitlement.jar" />
    <property name="java.class.path" value="F:\Develop\SOURCES\Ganymede\Client_Project_Lookup_Services\build\instrumented;F:\Develop\SOURCES\Ganymede\Client_Project_Lookup_Services\build\testClasses;F:\Develop\SOURCES\Ganymede\tcs\lib\third_party\junit\3.8.2\junit.jar;F:\jboss-4.2.2.GA\client\jbossall-client.jar;F:\jboss-4.2.2.GA\client\jbossws-client.jar;F:\jboss-4.2.2.GA\lib\endorsed\xercesImpl.jar;F:\Develop\SOURCES\Ganymede\Client_Project_Lookup_Services\test_reflib\client_project_entities_dao.jar;F:\Develop\SOURCES\Ganymede\Client_Project_Lookup_Services\test_reflib\client_project_management.jar;F:\Develop\SOURCES\Ganymede\Client_Project_Lookup_Services\test_reflib\filter_adapter.jar;F:\Develop\SOURCES\Ganymede\Client_Project_Lookup_Services\test_reflib\jboss_login_module.jar;F:\Develop\SOURCES\Ganymede\Client_Project_Lookup_Services\test_reflib\management_services_mocks.jar;F:\Develop\SOURCES\Ganymede\tcs\lib\tcs\base_exception\2.0.0\base_exception.jar;F:\Develop\SOURCES\Ganymede\tcs\lib\tcs\logging_wrapper\2.0\logging_wrapper.jar;F:\Develop\SOURCES\Ganymede\tcs\lib\tcs\object_factory\2.1.1\object_factory.jar;F:\Develop\SOURCES\Ganymede\tcs\lib\tcs\object_factory_configuration_api_plugin\1.0.0\object_factory_configuration_api_plugin.jar;F:\Develop\SOURCES\Ganymede\tcs\lib\tcs\configuration_persistence\1.0.1\configuration_persistence.jar;F:\Develop\SOURCES\Ganymede\tcs\lib\tcs\configuration_api\1.0.0\configuration_api.jar;F:\Develop\SOURCES\Ganymede\tcs\lib\tcs\search_builder\1.4.0\search_builder.jar;F:\Develop\SOURCES\Ganymede\tcs\lib\tcs\object_formatter\1.0\object_formatter.jar;F:\Develop\SOURCES\Ganymede\tcs\lib\tcs\typesafe_enum\1.1\typesafe_enum.jar;F:\Develop\SOURCES\Ganymede\tcs\lib\tcs\authentication_manager\1.0.2\authentication_manager.jar;F:\Develop\SOURCES\Ganymede\tcs\lib\tcs\security_facade\2.1.3\security_facade.jar;F:\Develop\SOURCES\Ganymede\tcs\lib\tcs\functional_entitlement\1.0.4\functional_entitlement.jar;F:\Develop\SOURCES\Ganymede\tcs\lib\tcs\user_group_manager\1.0.1\user_group_manager.jar;F:\jboss-4.2.2.GA\client\jboss-ejb3x.jar;F:\jboss-4.2.2.GA\client\jboss-jaxws.jar;F:\jboss-4.2.2.GA\client\jboss-jaxrpc.jar;F:\jboss-4.2.2.GA\client\jboss-j2ee.jar;F:\jboss-4.2.2.GA\client\ejb3-persistence.jar;F:\jboss-4.2.2.GA\client\jaxb-api.jar;F:\Develop\SOURCES\Ganymede\Client_Project_Lookup_Services\build\classes;F:\Develop\SOURCES\Ganymede\Client_Project_Lookup_Services\conf;F:\Develop\SOURCES\Ganymede\Client_Project_Lookup_Services\test_files;F:\Develop\SOURCES\Ganymede\tcs\lib\third_party\cobertura\1.8\cobertura.jar;F:\Develop\SOURCES\Ganymede\tcs\lib\third_party\cobertura\1.8\lib\asm-2.2.1.jar;F:\Develop\SOURCES\Ganymede\tcs\lib\third_party\cobertura\1.8\lib\asm-tree-2.2.1.jar;F:\Develop\SOURCES\Ganymede\tcs\lib\third_party\cobertura\1.8\lib\jakarta-oro-2.0.8.jar;F:\Develop\SOURCES\Ganymede\tcs\lib\third_party\cobertura\1.8\lib\log4j-1.2.15.jar;F:\apache-ant-1.7.0\lib\ant-launcher.jar;F:\apache-ant-1.7.0\lib\ant.jar;F:\apache-ant-1.7.0\lib\ant-junit.jar" />
    <property name="dev_submission.jar" value="client_project_lookup_services_1.0.0_dev_submission.jar" />
    <property name="ant.library.dir" value="F:\apache-ant-1.7.0\lib" />
    <property name="os.arch" value="x86" />
    <property name="ant.core.lib" value="F:\apache-ant-1.7.0\lib\ant.jar" />
    <property name="java.vm.specification.vendor" value="Sun Microsystems Inc." />
    <property name="file.separator" value="\" />
    <property name="jaxb-api.jar" value="F:/jboss-4.2.2.GA/client/jaxb-api.jar" />
    <property name="java.runtime.version" value="1.5.0_06-b05" />
    <property name="sun.boot.class.path" value="F:\Program Files\Java\J2EE\jdk\jre\lib\rt.jar;F:\Program Files\Java\J2EE\jdk\jre\lib\i18n.jar;F:\Program Files\Java\J2EE\jdk\jre\lib\sunrsasign.jar;F:\Program Files\Java\J2EE\jdk\jre\lib\jsse.jar;F:\Program Files\Java\J2EE\jdk\jre\lib\jce.jar;F:\Program Files\Java\J2EE\jdk\jre\lib\charsets.jar;F:\Program Files\Java\J2EE\jdk\jre\classes" />
    <property name="build_docsdir" value="build/docs" />
    <property name="javadoc.locale" value="en_US" />
    <property name="design_submission.jar" value="client_project_lookup_services_1.0.0_design_submission.jar" />
    <property name="user.country" value="US" />
    <property name="tcs_libdir" value="../tcs/lib/tcs" />
    <property name="component" value="Client Project Lookup Services" />
    <property name="logging_wrapper.jar" value="../tcs/lib/tcs/logging_wrapper/2.0/logging_wrapper.jar" />
    <property name="java.vendor" value="Sun Microsystems Inc." />
    <property name="jboss_home" value="F:/jboss-4.2.2.GA" />
    <property name="java.specification.version" value="1.5" />
    <property name="testfiles" value="test_files" />
    <property name="sun.arch.data.model" value="32" />
    <property name="javatests" value="src/java/tests" />
  </properties>
  <testcase classname="com.topcoder.clients.webservices.beans.ClientStatusServiceBeanTest" name="testClientStatusServiceBean_Accuracy" time="0.266" />
  <testcase classname="com.topcoder.clients.webservices.beans.ClientStatusServiceBeanTest" name="testInitialize_Accuracy1" time="0.187" />
  <testcase classname="com.topcoder.clients.webservices.beans.ClientStatusServiceBeanTest" name="testInitialize_Accuracy2" time="0.156" />
  <testcase classname="com.topcoder.clients.webservices.beans.ClientStatusServiceBeanTest" name="testInitialize_Failure1" time="0.078" />
  <testcase classname="com.topcoder.clients.webservices.beans.ClientStatusServiceBeanTest" name="testInitialize_Failure2" time="0.094" />
  <testcase classname="com.topcoder.clients.webservices.beans.ClientStatusServiceBeanTest" name="testInitialize_Failure3" time="0.078" />
  <testcase classname="com.topcoder.clients.webservices.beans.ClientStatusServiceBeanTest" name="testInitialize_Failure4" time="0.172" />
  <testcase classname="com.topcoder.clients.webservices.beans.ClientStatusServiceBeanTest" name="testCreateClientStatus_Accuracy" time="0.078" />
  <testcase classname="com.topcoder.clients.webservices.beans.ClientStatusServiceBeanTest" name="testCreateClientStatus_Failure1" time="0.11" />
  <testcase classname="com.topcoder.clients.webservices.beans.ClientStatusServiceBeanTest" name="testCreateClientStatus_Failure2" time="0.093" />
  <testcase classname="com.topcoder.clients.webservices.beans.ClientStatusServiceBeanTest" name="testCreateClientStatus_Failure3" time="0.079" />
  <testcase classname="com.topcoder.clients.webservices.beans.ClientStatusServiceBeanTest" name="testUpdateClientStatus_Accuracy" time="0.062" />
  <testcase classname="com.topcoder.clients.webservices.beans.ClientStatusServiceBeanTest" name="testUpdateClientStatus_Failure1" time="0.063" />
  <testcase classname="com.topcoder.clients.webservices.beans.ClientStatusServiceBeanTest" name="testUpdateClientStatus_Failure2" time="0.062" />
  <testcase classname="com.topcoder.clients.webservices.beans.ClientStatusServiceBeanTest" name="testUpdateClientStatus_Failure3" time="0.063" />
  <testcase classname="com.topcoder.clients.webservices.beans.ClientStatusServiceBeanTest" name="testDeleteClientStatus_Accuracy" time="0.062" />
  <testcase classname="com.topcoder.clients.webservices.beans.ClientStatusServiceBeanTest" name="testDeleteClientStatus_Failure1" time="0.094" />
  <testcase classname="com.topcoder.clients.webservices.beans.ClientStatusServiceBeanTest" name="testDeleteClientStatus_Failure2" time="0.062" />
  <testcase classname="com.topcoder.clients.webservices.beans.ClientStatusServiceBeanTest" name="testDeleteClientStatus_Failure3" time="0.047" />
  <testcase classname="com.topcoder.clients.webservices.beans.ClientStatusServiceBeanTest" name="testIsVerboseLogging_Accuracy" time="0.047" />
  <testcase classname="com.topcoder.clients.webservices.beans.ClientStatusServiceBeanTest" name="testSetVerboseLogging_Accuracy" time="0.062" />
  <testcase classname="com.topcoder.clients.webservices.beans.ClientStatusServiceBeanTest" name="testGetLog_Accuracy" time="0.063" />
  <testcase classname="com.topcoder.clients.webservices.beans.ClientStatusServiceBeanTest" name="testSetLog_Accuracy" time="0.062" />
  <testcase classname="com.topcoder.clients.webservices.beans.ProjectStatusServiceBeanTest" name="testInitialize_Accuracy1" time="0.156" />
  <testcase classname="com.topcoder.clients.webservices.beans.ProjectStatusServiceBeanTest" name="testInitialize_Accuracy2" time="0.11" />
  <testcase classname="com.topcoder.clients.webservices.beans.ProjectStatusServiceBeanTest" name="testInitialize_Failure1" time="0.062" />
  <testcase classname="com.topcoder.clients.webservices.beans.ProjectStatusServiceBeanTest" name="testInitialize_Failure2" time="0.063" />
  <testcase classname="com.topcoder.clients.webservices.beans.ProjectStatusServiceBeanTest" name="testInitialize_Failure3" time="0.062" />
  <testcase classname="com.topcoder.clients.webservices.beans.ProjectStatusServiceBeanTest" name="testInitialize_Failure4" time="0.125" />
  <testcase classname="com.topcoder.clients.webservices.beans.ProjectStatusServiceBeanTest" name="testIsVerboseLogging_Accuracy" time="0.078" />
  <testcase classname="com.topcoder.clients.webservices.beans.ProjectStatusServiceBeanTest" name="testSetVerboseLogging_Accuracy" time="0.063" />
  <testcase classname="com.topcoder.clients.webservices.beans.ProjectStatusServiceBeanTest" name="testGetLog_Accuracy" time="0.047" />
  <testcase classname="com.topcoder.clients.webservices.beans.ProjectStatusServiceBeanTest" name="testSetLog_Accuracy" time="0.062" />
  <testcase classname="com.topcoder.clients.webservices.beans.ProjectStatusServiceBeanTest" name="testProjectStatusServiceBean_Accuracy" time="0.063" />
  <testcase classname="com.topcoder.clients.webservices.beans.ProjectStatusServiceBeanTest" name="testCreateProjectStatus_Accuracy" time="0.062" />
  <testcase classname="com.topcoder.clients.webservices.beans.ProjectStatusServiceBeanTest" name="testCreateProjectStatus_Failure1" time="0.063" />
  <testcase classname="com.topcoder.clients.webservices.beans.ProjectStatusServiceBeanTest" name="testCreateProjectStatus_Failure2" time="0.062" />
  <testcase classname="com.topcoder.clients.webservices.beans.ProjectStatusServiceBeanTest" name="testCreateProjectStatus_Failure3" time="0.078" />
  <testcase classname="com.topcoder.clients.webservices.beans.ProjectStatusServiceBeanTest" name="testUpdateProjectStatus_Accuracy" time="0.063" />
  <testcase classname="com.topcoder.clients.webservices.beans.ProjectStatusServiceBeanTest" name="testUpdateProjectStatus_Failure1" time="0.062" />
  <testcase classname="com.topcoder.clients.webservices.beans.ProjectStatusServiceBeanTest" name="testUpdateProjectStatus_Failure2" time="0.047" />
  <testcase classname="com.topcoder.clients.webservices.beans.ProjectStatusServiceBeanTest" name="testUpdateProjectStatus_Failure3" time="0.063" />
  <testcase classname="com.topcoder.clients.webservices.beans.ProjectStatusServiceBeanTest" name="testDeleteProjectStatus_Accuracy" time="0.062" />
  <testcase classname="com.topcoder.clients.webservices.beans.ProjectStatusServiceBeanTest" name="testDeleteProjectStatus_Failure1" time="0.047" />
  <testcase classname="com.topcoder.clients.webservices.beans.ProjectStatusServiceBeanTest" name="testDeleteProjectStatus_Failure2" time="0.063" />
  <testcase classname="com.topcoder.clients.webservices.beans.ProjectStatusServiceBeanTest" name="testDeleteProjectStatus_Failure3" time="0.078" />
  <testcase classname="com.topcoder.clients.webservices.beans.LookupServiceBeanTest" name="testInitialize_Accuracy1" time="0.515" />
  <testcase classname="com.topcoder.clients.webservices.beans.LookupServiceBeanTest" name="testInitialize_Accuracy2" time="0.485" />
  <testcase classname="com.topcoder.clients.webservices.beans.LookupServiceBeanTest" name="testInitialize_Failure1" time="0.234" />
  <testcase classname="com.topcoder.clients.webservices.beans.LookupServiceBeanTest" name="testInitialize_Failure2" time="0.25" />
  <testcase classname="com.topcoder.clients.webservices.beans.LookupServiceBeanTest" name="testInitialize_Failure3" time="0.219" />
  <testcase classname="com.topcoder.clients.webservices.beans.LookupServiceBeanTest" name="testInitialize_Failure4" time="0.343" />
  <testcase classname="com.topcoder.clients.webservices.beans.LookupServiceBeanTest" name="testIsVerboseLogging_Accuracy" time="0.219" />
  <testcase classname="com.topcoder.clients.webservices.beans.LookupServiceBeanTest" name="testSetVerboseLogging_Accuracy" time="0.25" />
  <testcase classname="com.topcoder.clients.webservices.beans.LookupServiceBeanTest" name="testGetLog_Accuracy" time="0.234" />
  <testcase classname="com.topcoder.clients.webservices.beans.LookupServiceBeanTest" name="testSetLog_Accuracy" time="0.25" />
  <testcase classname="com.topcoder.clients.webservices.beans.LookupServiceBeanTest" name="testLookupServiceBean_Accuracy" time="0.219" />
  <testcase classname="com.topcoder.clients.webservices.beans.LookupServiceBeanTest" name="testInitialize_Failure6" time="0.25" />
  <testcase classname="com.topcoder.clients.webservices.beans.LookupServiceBeanTest" name="testRetrieveClient_Accuracy1" time="0.25" />
  <testcase classname="com.topcoder.clients.webservices.beans.LookupServiceBeanTest" name="testRetrieveClient_Accuracy2" time="0.219" />
  <testcase classname="com.topcoder.clients.webservices.beans.LookupServiceBeanTest" name="testRetrieveClient_Failure1" time="0.25" />
  <testcase classname="com.topcoder.clients.webservices.beans.LookupServiceBeanTest" name="testRetrieveClient_Failure2" time="0.25" />
  <testcase classname="com.topcoder.clients.webservices.beans.LookupServiceBeanTest" name="testRetrieveClient_Failure3" time="0.219" />
  <testcase classname="com.topcoder.clients.webservices.beans.LookupServiceBeanTest" name="testRetrieveClient_Failure4" time="0.25" />
  <testcase classname="com.topcoder.clients.webservices.beans.LookupServiceBeanTest" name="testRetrieveAllClients_Accuracy" time="0.235" />
  <testcase classname="com.topcoder.clients.webservices.beans.LookupServiceBeanTest" name="testRetrieveAllClients_Failure1" time="0.25" />
  <testcase classname="com.topcoder.clients.webservices.beans.LookupServiceBeanTest" name="testRetrieveAllClients_Failure2" time="0.218" />
  <testcase classname="com.topcoder.clients.webservices.beans.LookupServiceBeanTest" name="testRetrieveAllClients_Failure3" time="0.219" />
  <testcase classname="com.topcoder.clients.webservices.beans.LookupServiceBeanTest" name="testSearchClientsByName_Accuracy" time="0.25" />
  <testcase classname="com.topcoder.clients.webservices.beans.LookupServiceBeanTest" name="testSearchClientsByName_Failure1" time="0.235" />
  <testcase classname="com.topcoder.clients.webservices.beans.LookupServiceBeanTest" name="testSearchClientsByName_Failure2" time="0.234" />
  <testcase classname="com.topcoder.clients.webservices.beans.LookupServiceBeanTest" name="testSearchClientsByName_Failure3" time="0.234" />
  <testcase classname="com.topcoder.clients.webservices.beans.LookupServiceBeanTest" name="testSearchClientsByName_Failure4" time="0.328" />
  <testcase classname="com.topcoder.clients.webservices.beans.LookupServiceBeanTest" name="testSearchClients_Accuracy" time="0.219" />
  <testcase classname="com.topcoder.clients.webservices.beans.LookupServiceBeanTest" name="testSearchClients_Failure1" time="0.203" />
  <testcase classname="com.topcoder.clients.webservices.beans.LookupServiceBeanTest" name="testSearchClients_Failure2" time="0.25" />
  <testcase classname="com.topcoder.clients.webservices.beans.LookupServiceBeanTest" name="testSearchClients_Failure3" time="0.235" />
  <testcase classname="com.topcoder.clients.webservices.beans.LookupServiceBeanTest" name="testSearchClients_Failure4" time="0.218" />
  <testcase classname="com.topcoder.clients.webservices.beans.LookupServiceBeanTest" name="testGetClientStatus_Accuracy" time="0.25" />
  <testcase classname="com.topcoder.clients.webservices.beans.LookupServiceBeanTest" name="testGetClientStatus_Failure1" time="0.203" />
  <testcase classname="com.topcoder.clients.webservices.beans.LookupServiceBeanTest" name="testGetClientStatus_Failure2" time="0.25" />
  <testcase classname="com.topcoder.clients.webservices.beans.LookupServiceBeanTest" name="testGetClientStatus_Failure3" time="0.203" />
  <testcase classname="com.topcoder.clients.webservices.beans.LookupServiceBeanTest" name="testGetClientStatus_Failure4" time="0.235" />
  <testcase classname="com.topcoder.clients.webservices.beans.LookupServiceBeanTest" name="testGetAllClientStatuses_Accuracy" time="0.218" />
  <testcase classname="com.topcoder.clients.webservices.beans.LookupServiceBeanTest" name="testGetAllClientStatuses_Failure1" time="0.25" />
  <testcase classname="com.topcoder.clients.webservices.beans.LookupServiceBeanTest" name="testGetAllClientStatuses_Failure2" time="0.219" />
  <testcase classname="com.topcoder.clients.webservices.beans.LookupServiceBeanTest" name="testGetAllClientStatuses_Failure3" time="0.235" />
  <testcase classname="com.topcoder.clients.webservices.beans.LookupServiceBeanTest" name="testGetClientsForStatus_Accuracy" time="0.218" />
  <testcase classname="com.topcoder.clients.webservices.beans.LookupServiceBeanTest" name="testGetClientsForStatus_Failure1" time="0.235" />
  <testcase classname="com.topcoder.clients.webservices.beans.LookupServiceBeanTest" name="testGetClientsForStatus_Failure2" time="0.218" />
  <testcase classname="com.topcoder.clients.webservices.beans.LookupServiceBeanTest" name="testGetClientsForStatus_Failure3" time="0.204" />
  <testcase classname="com.topcoder.clients.webservices.beans.LookupServiceBeanTest" name="testGetClientsForStatus_Failure4" time="0.25" />
  <testcase classname="com.topcoder.clients.webservices.beans.LookupServiceBeanTest" name="testRetrieveProject_Accuracy1" time="0.234" />
  <testcase classname="com.topcoder.clients.webservices.beans.LookupServiceBeanTest" name="testRetrieveProject_Accuracy2" time="0.203" />
  <testcase classname="com.topcoder.clients.webservices.beans.LookupServiceBeanTest" name="testRetrieveProject_Failure1" time="0.25" />
  <testcase classname="com.topcoder.clients.webservices.beans.LookupServiceBeanTest" name="testRetrieveProject_Failure2" time="0.234" />
  <testcase classname="com.topcoder.clients.webservices.beans.LookupServiceBeanTest" name="testRetrieveProject_Failure3" time="0.204" />
  <testcase classname="com.topcoder.clients.webservices.beans.LookupServiceBeanTest" name="testRetrieveProject_Failure4" time="0.234" />
  <testcase classname="com.topcoder.clients.webservices.beans.LookupServiceBeanTest" name="testRetrieveProjectsForClient_Accuracy" time="0.219" />
  <testcase classname="com.topcoder.clients.webservices.beans.LookupServiceBeanTest" name="testRetrieveProjectsForClient_Failure1" time="0.234" />
  <testcase classname="com.topcoder.clients.webservices.beans.LookupServiceBeanTest" name="testRetrieveProjectsForClient_Failure2" time="0.203" />
  <testcase classname="com.topcoder.clients.webservices.beans.LookupServiceBeanTest" name="testRetrieveProjectsForClient_Failure3" time="0.235" />
  <testcase classname="com.topcoder.clients.webservices.beans.LookupServiceBeanTest" name="testRetrieveProjectsForClient_Failure4" time="0.218" />
  <testcase classname="com.topcoder.clients.webservices.beans.LookupServiceBeanTest" name="testRetrieveAllProjects_Accuracy" time="0.235" />
  <testcase classname="com.topcoder.clients.webservices.beans.LookupServiceBeanTest" name="testRetrieveAllProjects_Failure1" time="0.203" />
  <testcase classname="com.topcoder.clients.webservices.beans.LookupServiceBeanTest" name="testRetrieveAllProjects_Failure2" time="0.203" />
  <testcase classname="com.topcoder.clients.webservices.beans.LookupServiceBeanTest" name="testRetrieveAllProjects_Failure3" time="0.234" />
  <testcase classname="com.topcoder.clients.webservices.beans.LookupServiceBeanTest" name="testSearchProjectsByName_Accuracy" time="0.25" />
  <testcase classname="com.topcoder.clients.webservices.beans.LookupServiceBeanTest" name="testSearchProjectsByName_Failure1" time="0.203" />
  <testcase classname="com.topcoder.clients.webservices.beans.LookupServiceBeanTest" name="testSearchProjectsByName_Failure2" time="0.204" />
  <testcase classname="com.topcoder.clients.webservices.beans.LookupServiceBeanTest" name="testSearchProjectsByName_Failure3" time="0.234" />
  <testcase classname="com.topcoder.clients.webservices.beans.LookupServiceBeanTest" name="testSearchProjectsByName_Failure4" time="0.219" />
  <testcase classname="com.topcoder.clients.webservices.beans.LookupServiceBeanTest" name="testSearchProjects_Accuracy" time="0.234" />
  <testcase classname="com.topcoder.clients.webservices.beans.LookupServiceBeanTest" name="testSearchProjects_Failure1" time="0.203" />
  <testcase classname="com.topcoder.clients.webservices.beans.LookupServiceBeanTest" name="testSearchProjects_Failure2" time="0.235" />
  <testcase classname="com.topcoder.clients.webservices.beans.LookupServiceBeanTest" name="testSearchProjects_Failure3" time="0.203" />
  <testcase classname="com.topcoder.clients.webservices.beans.LookupServiceBeanTest" name="testSearchProjects_Failure4" time="0.218" />
  <testcase classname="com.topcoder.clients.webservices.beans.LookupServiceBeanTest" name="testGetProjectStatus_Accuracy" time="0.235" />
  <testcase classname="com.topcoder.clients.webservices.beans.LookupServiceBeanTest" name="testGetProjectStatus_Failure1" time="0.203" />
  <testcase classname="com.topcoder.clients.webservices.beans.LookupServiceBeanTest" name="testGetProjectStatus_Failure2" time="0.234" />
  <testcase classname="com.topcoder.clients.webservices.beans.LookupServiceBeanTest" name="testGetProjectStatus_Failure3" time="0.219" />
  <testcase classname="com.topcoder.clients.webservices.beans.LookupServiceBeanTest" name="testGetProjectStatus_Failure4" time="0.234" />
  <testcase classname="com.topcoder.clients.webservices.beans.LookupServiceBeanTest" name="testGetAllProjectStatuses_Accuracy" time="0.204" />
  <testcase classname="com.topcoder.clients.webservices.beans.LookupServiceBeanTest" name="testGetAllProjectStatuses_Failure1" time="0.234" />
  <testcase classname="com.topcoder.clients.webservices.beans.LookupServiceBeanTest" name="testGetAllProjectStatuses_Failure2" time="0.25" />
  <testcase classname="com.topcoder.clients.webservices.beans.LookupServiceBeanTest" name="testGetAllProjectStatuses_Failure3" time="0.203" />
  <testcase classname="com.topcoder.clients.webservices.beans.LookupServiceBeanTest" name="testGetProjectsForStatus_Accuracy" time="0.203" />
  <testcase classname="com.topcoder.clients.webservices.beans.LookupServiceBeanTest" name="testGetProjectsForStatus_Failure1" time="0.234" />
  <testcase classname="com.topcoder.clients.webservices.beans.LookupServiceBeanTest" name="testGetProjectsForStatus_Failure2" time="0.203" />
  <testcase classname="com.topcoder.clients.webservices.beans.LookupServiceBeanTest" name="testGetProjectsForStatus_Failure3" time="0.219" />
  <testcase classname="com.topcoder.clients.webservices.beans.LookupServiceBeanTest" name="testGetProjectsForStatus_Failure4" time="0.234" />
  <testcase classname="com.topcoder.clients.webservices.beans.LookupServiceBeanTest" name="testRetrieveCompany_Accuracy" time="0.204" />
  <testcase classname="com.topcoder.clients.webservices.beans.LookupServiceBeanTest" name="testRetrieveCompany_Failure1" time="0.234" />
  <testcase classname="com.topcoder.clients.webservices.beans.LookupServiceBeanTest" name="testRetrieveCompany_Failure2" time="0.219" />
  <testcase classname="com.topcoder.clients.webservices.beans.LookupServiceBeanTest" name="testRetrieveCompany_Failure3" time="0.234" />
  <testcase classname="com.topcoder.clients.webservices.beans.LookupServiceBeanTest" name="testRetrieveCompany_Failure4" time="0.203" />
  <testcase classname="com.topcoder.clients.webservices.beans.LookupServiceBeanTest" name="testRetrieveAllCompanies_Accuracy" time="0.234" />
  <testcase classname="com.topcoder.clients.webservices.beans.LookupServiceBeanTest" name="testRetrieveAllCompanies_Failure1" time="0.203" />
  <testcase classname="com.topcoder.clients.webservices.beans.LookupServiceBeanTest" name="testRetrieveAllCompanies_Failure2" time="0.235" />
  <testcase classname="com.topcoder.clients.webservices.beans.LookupServiceBeanTest" name="testRetrieveAllCompanies_Failure3" time="0.203" />
  <testcase classname="com.topcoder.clients.webservices.beans.LookupServiceBeanTest" name="testSearchCompaniesByName_Accuracy" time="0.204" />
  <testcase classname="com.topcoder.clients.webservices.beans.LookupServiceBeanTest" name="testSearchCompaniesByName_Failure1" time="0.234" />
  <testcase classname="com.topcoder.clients.webservices.beans.LookupServiceBeanTest" name="testSearchCompaniesByName_Failure2" time="0.234" />
  <testcase classname="com.topcoder.clients.webservices.beans.LookupServiceBeanTest" name="testSearchCompaniesByName_Failure3" time="0.219" />
  <testcase classname="com.topcoder.clients.webservices.beans.LookupServiceBeanTest" name="testSearchCompaniesByName_Failure4" time="0.234" />
  <testcase classname="com.topcoder.clients.webservices.beans.LookupServiceBeanTest" name="testSearchCompanies_Accuracy" time="0.204" />
  <testcase classname="com.topcoder.clients.webservices.beans.LookupServiceBeanTest" name="testSearchCompanies_Failure1" time="0.25" />
  <testcase classname="com.topcoder.clients.webservices.beans.LookupServiceBeanTest" name="testSearchCompanies_Failure2" time="0.203" />
  <testcase classname="com.topcoder.clients.webservices.beans.LookupServiceBeanTest" name="testSearchCompanies_Failure3" time="0.234" />
  <testcase classname="com.topcoder.clients.webservices.beans.LookupServiceBeanTest" name="testSearchCompanies_Failure4" time="0.203" />
  <testcase classname="com.topcoder.clients.webservices.beans.LookupServiceBeanTest" name="testGetClientsForCompany_Accuracy" time="0.203" />
  <testcase classname="com.topcoder.clients.webservices.beans.LookupServiceBeanTest" name="testGetClientsForCompany_Failure1" time="0.234" />
  <testcase classname="com.topcoder.clients.webservices.beans.LookupServiceBeanTest" name="testGetClientsForCompany_Failure2" time="0.203" />
  <testcase classname="com.topcoder.clients.webservices.beans.LookupServiceBeanTest" name="testGetClientsForCompany_Failure3" time="0.235" />
  <testcase classname="com.topcoder.clients.webservices.beans.LookupServiceBeanTest" name="testGetClientsForCompany_Failure4" time="0.204" />
  <testcase classname="com.topcoder.clients.webservices.beans.LookupServiceBeanTest" name="testGetProjectsForCompany_Accuracy" time="0.203" />
  <testcase classname="com.topcoder.clients.webservices.beans.LookupServiceBeanTest" name="testGetProjectsForCompany_Failure1" time="0.234" />
  <testcase classname="com.topcoder.clients.webservices.beans.LookupServiceBeanTest" name="testGetProjectsForCompany_Failure2" time="0.203" />
  <testcase classname="com.topcoder.clients.webservices.beans.LookupServiceBeanTest" name="testGetProjectsForCompany_Failure3" time="0.219" />
  <testcase classname="com.topcoder.clients.webservices.beans.LookupServiceBeanTest" name="testGetProjectsForCompany_Failure4" time="0.234" />
  <testcase classname="com.topcoder.clients.webservices.webserviceclients.ClientStatusServiceClientTest" name="testCtor1" time="0.0" />
  <testcase classname="com.topcoder.clients.webservices.webserviceclients.ClientStatusServiceClientTest" name="testCtor2" time="0.0" />
  <testcase classname="com.topcoder.clients.webservices.webserviceclients.ClientStatusServiceClientTest" name="testCtor3" time="0.0" />
  <testcase classname="com.topcoder.clients.webservices.webserviceclients.ClientStatusServiceClientTest" name="testCtor4" time="0.0" />
  <testcase classname="com.topcoder.clients.webservices.webserviceclients.ClientStatusServiceClientTest" name="testCtor5" time="0.047" />
  <testcase classname="com.topcoder.clients.webservices.webserviceclients.ClientStatusServiceClientTest" name="testCtor1_Accuracy" time="1.172" />
  <testcase classname="com.topcoder.clients.webservices.webserviceclients.ClientStatusServiceClientTest" name="testCtor2_Accuracy" time="0.25" />
  <testcase classname="com.topcoder.clients.webservices.webserviceclients.ClientStatusServiceClientTest" name="testCtor3_Accuracy" time="0.156" />
  <testcase classname="com.topcoder.clients.webservices.webserviceclients.ClientStatusServiceClientTest" name="testGetClientStatusServicePort" time="1.281" />
  <testcase classname="com.topcoder.clients.webservices.webserviceclients.LookupServiceClientTest" name="testCtor1" time="0.0" />
  <testcase classname="com.topcoder.clients.webservices.webserviceclients.LookupServiceClientTest" name="testCtor2" time="0.0" />
  <testcase classname="com.topcoder.clients.webservices.webserviceclients.LookupServiceClientTest" name="testCtor3" time="0.0" />
  <testcase classname="com.topcoder.clients.webservices.webserviceclients.LookupServiceClientTest" name="testCtor4" time="0.0" />
  <testcase classname="com.topcoder.clients.webservices.webserviceclients.LookupServiceClientTest" name="testCtor5" time="0.063" />
  <testcase classname="com.topcoder.clients.webservices.webserviceclients.LookupServiceClientTest" name="testCtor1_Accuracy" time="0.343" />
  <testcase classname="com.topcoder.clients.webservices.webserviceclients.LookupServiceClientTest" name="testCtor2_Accuracy" time="0.375" />
  <testcase classname="com.topcoder.clients.webservices.webserviceclients.LookupServiceClientTest" name="testCtor3_Accuracy" time="0.297" />
  <testcase classname="com.topcoder.clients.webservices.webserviceclients.LookupServiceClientTest" name="testGetLookupServicePort" time="1.235" />
  <testcase classname="com.topcoder.clients.webservices.webserviceclients.ProjectStatusServiceClientTest" name="testCtor1" time="0.0" />
  <testcase classname="com.topcoder.clients.webservices.webserviceclients.ProjectStatusServiceClientTest" name="testCtor2" time="0.0" />
  <testcase classname="com.topcoder.clients.webservices.webserviceclients.ProjectStatusServiceClientTest" name="testCtor3" time="0.0" />
  <testcase classname="com.topcoder.clients.webservices.webserviceclients.ProjectStatusServiceClientTest" name="testCtor4" time="0.0" />
  <testcase classname="com.topcoder.clients.webservices.webserviceclients.ProjectStatusServiceClientTest" name="testCtor5" time="0.062" />
  <testcase classname="com.topcoder.clients.webservices.webserviceclients.ProjectStatusServiceClientTest" name="testCtor1_Accuracy" time="0.141" />
  <testcase classname="com.topcoder.clients.webservices.webserviceclients.ProjectStatusServiceClientTest" name="testCtor2_Accuracy" time="0.109" />
  <testcase classname="com.topcoder.clients.webservices.webserviceclients.ProjectStatusServiceClientTest" name="testCtor3_Accuracy" time="0.125" />
  <testcase classname="com.topcoder.clients.webservices.webserviceclients.ProjectStatusServiceClientTest" name="testGetProjectStatusServicePort" time="0.328" />
  <testcase classname="com.topcoder.clients.webservices.ClientStatusServiceExceptionTest" name="testCtorWithMsg" time="0.0" />
  <testcase classname="com.topcoder.clients.webservices.ClientStatusServiceExceptionTest" name="testCtorWithMsgCause" time="0.0" />
  <testcase classname="com.topcoder.clients.webservices.LookupServiceExceptionTest" name="testCtorWithMsg" time="0.0" />
  <testcase classname="com.topcoder.clients.webservices.LookupServiceExceptionTest" name="testCtorWithMsgCause" time="0.0" />
  <testcase classname="com.topcoder.clients.webservices.ProjectStatusServiceExceptionTest" name="testCtorWithMsg" time="0.0" />
  <testcase classname="com.topcoder.clients.webservices.ProjectStatusServiceExceptionTest" name="testCtorWithMsgCause" time="0.0" />
  <testcase classname="com.topcoder.clients.webservices.beans.ClientStatusServiceBeanConfigurationExceptionTest" name="testCtorWithMsg" time="0.0" />
  <testcase classname="com.topcoder.clients.webservices.beans.ClientStatusServiceBeanConfigurationExceptionTest" name="testCtorWithMsgCause" time="0.0" />
  <testcase classname="com.topcoder.clients.webservices.beans.LookupServiceBeanConfigurationExceptionTest" name="testCtorWithMsg" time="0.0" />
  <testcase classname="com.topcoder.clients.webservices.beans.LookupServiceBeanConfigurationExceptionTest" name="testCtorWithMsgCause" time="0.0" />
  <testcase classname="com.topcoder.clients.webservices.beans.ProjectStatusServiceBeanConfigurationExceptionTest" name="testCtorWithMsg" time="0.0" />
  <testcase classname="com.topcoder.clients.webservices.beans.ProjectStatusServiceBeanConfigurationExceptionTest" name="testCtorWithMsgCause" time="0.0" />
  <testcase classname="com.topcoder.clients.webservices.webserviceclients.ClientStatusServiceClientCreationExceptionTest" name="testCtorWithMsg" time="0.0" />
  <testcase classname="com.topcoder.clients.webservices.webserviceclients.ClientStatusServiceClientCreationExceptionTest" name="testCtorWithMsgCause" time="0.0" />
  <testcase classname="com.topcoder.clients.webservices.webserviceclients.ProjectStatusServiceClientCreationExceptionTest" name="testCtorWithMsg" time="0.0" />
  <testcase classname="com.topcoder.clients.webservices.webserviceclients.ProjectStatusServiceClientCreationExceptionTest" name="testCtorWithMsgCause" time="0.0" />
  <testcase classname="com.topcoder.clients.webservices.webserviceclients.LookupServiceClientCreationExceptionTest" name="testCtorWithMsg" time="0.0" />
  <testcase classname="com.topcoder.clients.webservices.webserviceclients.LookupServiceClientCreationExceptionTest" name="testCtorWithMsgCause" time="0.0" />
  <testcase classname="com.topcoder.clients.webservices.UtilTest" name="testCheckNull_Accuracy" time="0.0" />
  <testcase classname="com.topcoder.clients.webservices.UtilTest" name="testCheckNull_Failure" time="0.0" />
  <testcase classname="com.topcoder.clients.webservices.UtilTest" name="testCheckNullAndReturn_Accuracy" time="0.0" />
  <testcase classname="com.topcoder.clients.webservices.UtilTest" name="testCheckNullAndReturn_Failure" time="0.0" />
  <testcase classname="com.topcoder.clients.webservices.UtilTest" name="testCheckNullWithLog_Accuracy" time="0.0" />
  <testcase classname="com.topcoder.clients.webservices.UtilTest" name="testCheckNullWithLog_Failure" time="0.0" />
  <testcase classname="com.topcoder.clients.webservices.UtilTest" name="testCheckNullOrEmpty_Accuracy" time="0.0" />
  <testcase classname="com.topcoder.clients.webservices.UtilTest" name="testCheckNullOrEmpty_Failure" time="0.0" />
  <testcase classname="com.topcoder.clients.webservices.UtilTest" name="testCheckPositiveWithLog_Accuracy" time="0.0" />
  <testcase classname="com.topcoder.clients.webservices.UtilTest" name="testCheckPositiveWithLog_Failure1" time="0.0" />
  <testcase classname="com.topcoder.clients.webservices.UtilTest" name="testCheckPositiveWithLog_Failure2" time="0.0" />
  <testcase classname="com.topcoder.clients.webservices.UtilTest" name="testIsValidString_Accuracy" time="0.0" />
  <testcase classname="com.topcoder.clients.webservices.UtilTest" name="testCreateManagerFromConfiguration_Accuracy" time="0.046" />
  <testcase classname="com.topcoder.clients.webservices.UtilTest" name="testCreateManagerFromConfiguration_Failure1" time="0.0" />
  <testcase classname="com.topcoder.clients.webservices.UtilTest" name="testCreateManagerFromConfiguration_Failure2" time="0.047" />
  <testcase classname="com.topcoder.clients.webservices.UtilTest" name="testCheckResource_Accuracy" time="0.0" />
  <testcase classname="com.topcoder.clients.webservices.UtilTest" name="testCheckResource_Failure" time="0.0" />
  <testcase classname="com.topcoder.clients.webservices.UtilTest" name="testOnEntityUpdate_Accuracy" time="0.0" />
  <testcase classname="com.topcoder.clients.webservices.UtilTest" name="testLogEnter_Accuracy" time="0.0" />
  <testcase classname="com.topcoder.clients.webservices.UtilTest" name="testLogExit_Accuracy" time="0.0" />
  <testcase classname="com.topcoder.clients.webservices.UtilTest" name="testLogException_Accuracy" time="0.0" />
  <testcase classname="com.topcoder.clients.webservices.UtilTest" name="testDescribeError_Accuracy" time="0.0" />
  <testcase classname="com.topcoder.clients.webservices.UtilTest" name="testFormatClientStatus_Accuracy" time="0.0" />
  <testcase classname="com.topcoder.clients.webservices.UtilTest" name="testFormatProjectStatus_Accuracy" time="0.0" />
  <testcase classname="com.topcoder.clients.webservices.Demo" name="testProjectStatusService" time="0.062" />
  <testcase classname="com.topcoder.clients.webservices.Demo" name="testClientStatusService" time="0.047" />
  <testcase classname="com.topcoder.clients.webservices.Demo" name="testLookupService" time="0.219" />
  <system-out><![CDATA[Enter into method [ClientStatusServiceBean#createClientStatus]. Argument info: [ id=0 name=null description=Test entity isDeleted=false]. Entrance timestamp: 1221392572218
Exit from method [ClientStatusServiceBean#createClientStatus]. Time spent: 0 ms. Return value: [ id=0 name=null description=Test entity isDeleted=false]
Enter into method [ClientStatusServiceBean#createClientStatus]. Argument info: null. Entrance timestamp: 1221392572328
Parameter [status] should not be null.
java.lang.IllegalArgumentException: Parameter [status] should not be null.
	at com.topcoder.clients.webservices.Util.checkNullWithLog(Util.java:98)
	at com.topcoder.clients.webservices.beans.ClientStatusServiceBean.createClientStatus(ClientStatusServiceBean.java:304)
	at com.topcoder.clients.webservices.beans.ClientStatusServiceBeanTest.testCreateClientStatus_Failure1(ClientStatusServiceBeanTest.java:281)
	at sun.reflect.NativeMethodAccessorImpl.invoke0(Native Method)
	at sun.reflect.NativeMethodAccessorImpl.invoke(NativeMethodAccessorImpl.java:39)
	at sun.reflect.DelegatingMethodAccessorImpl.invoke(DelegatingMethodAccessorImpl.java:25)
	at java.lang.reflect.Method.invoke(Method.java:585)
	at junit.framework.TestCase.runTest(TestCase.java:154)
	at junit.framework.TestCase.runBare(TestCase.java:127)
	at junit.framework.TestResult$1.protect(TestResult.java:106)
	at junit.framework.TestResult.runProtected(TestResult.java:124)
	at junit.framework.TestResult.run(TestResult.java:109)
	at junit.framework.TestCase.run(TestCase.java:118)
	at junit.framework.TestSuite.runTest(TestSuite.java:208)
	at junit.framework.TestSuite.run(TestSuite.java:203)
	at junit.framework.TestSuite.runTest(TestSuite.java:208)
	at junit.framework.TestSuite.run(TestSuite.java:203)
	at org.apache.tools.ant.taskdefs.optional.junit.JUnitTestRunner.run(JUnitTestRunner.java:421)
	at org.apache.tools.ant.taskdefs.optional.junit.JUnitTestRunner.launch(JUnitTestRunner.java:912)
	at org.apache.tools.ant.taskdefs.optional.junit.JUnitTestRunner.main(JUnitTestRunner.java:766)
Exit from method [ClientStatusServiceBean#createClientStatus]. Time spent: 0 ms. Return value: null
Enter into method [ClientStatusServiceBean#createClientStatus]. Argument info: [ id=0 name=null description=null isDeleted=false]. Entrance timestamp: 1221392572406
Resource [clientManager] should not be null.
java.lang.IllegalStateException: Resource [clientManager] should not be null.
	at com.topcoder.clients.webservices.Util.checkResource(Util.java:227)
	at com.topcoder.clients.webservices.beans.ClientStatusServiceBean.createClientStatus(ClientStatusServiceBean.java:305)
	at com.topcoder.clients.webservices.beans.ClientStatusServiceBeanTest.testCreateClientStatus_Failure2(ClientStatusServiceBeanTest.java:305)
	at sun.reflect.NativeMethodAccessorImpl.invoke0(Native Method)
	at sun.reflect.NativeMethodAccessorImpl.invoke(NativeMethodAccessorImpl.java:39)
	at sun.reflect.DelegatingMethodAccessorImpl.invoke(DelegatingMethodAccessorImpl.java:25)
	at java.lang.reflect.Method.invoke(Method.java:585)
	at junit.framework.TestCase.runTest(TestCase.java:154)
	at junit.framework.TestCase.runBare(TestCase.java:127)
	at junit.framework.TestResult$1.protect(TestResult.java:106)
	at junit.framework.TestResult.runProtected(TestResult.java:124)
	at junit.framework.TestResult.run(TestResult.java:109)
	at junit.framework.TestCase.run(TestCase.java:118)
	at junit.framework.TestSuite.runTest(TestSuite.java:208)
	at junit.framework.TestSuite.run(TestSuite.java:203)
	at junit.framework.TestSuite.runTest(TestSuite.java:208)
	at junit.framework.TestSuite.run(TestSuite.java:203)
	at org.apache.tools.ant.taskdefs.optional.junit.JUnitTestRunner.run(JUnitTestRunner.java:421)
	at org.apache.tools.ant.taskdefs.optional.junit.JUnitTestRunner.launch(JUnitTestRunner.java:912)
	at org.apache.tools.ant.taskdefs.optional.junit.JUnitTestRunner.main(JUnitTestRunner.java:766)
Exit from method [ClientStatusServiceBean#createClientStatus]. Time spent: 0 ms. Return value: null
Enter into method [ClientStatusServiceBean#createClientStatus]. Argument info: [ id=0 name=null description=null isDeleted=false]. Entrance timestamp: 1221392572500
Test exception
com.topcoder.clients.manager.ClientManagerException: Test exception
	at com.topcoder.clients.webservices.beans.ClientManagerMock.checkFail(ClientManagerMock.java:350)
	at com.topcoder.clients.webservices.beans.ClientManagerMock.createClientStatus(ClientManagerMock.java:91)
	at com.topcoder.clients.webservices.beans.ClientStatusServiceBean.createClientStatus(ClientStatusServiceBean.java:311)
	at com.topcoder.clients.webservices.beans.ClientStatusServiceBeanTest.testCreateClientStatus_Failure3(ClientStatusServiceBeanTest.java:329)
	at sun.reflect.NativeMethodAccessorImpl.invoke0(Native Method)
	at sun.reflect.NativeMethodAccessorImpl.invoke(NativeMethodAccessorImpl.java:39)
	at sun.reflect.DelegatingMethodAccessorImpl.invoke(DelegatingMethodAccessorImpl.java:25)
	at java.lang.reflect.Method.invoke(Method.java:585)
	at junit.framework.TestCase.runTest(TestCase.java:154)
	at junit.framework.TestCase.runBare(TestCase.java:127)
	at junit.framework.TestResult$1.protect(TestResult.java:106)
	at junit.framework.TestResult.runProtected(TestResult.java:124)
	at junit.framework.TestResult.run(TestResult.java:109)
	at junit.framework.TestCase.run(TestCase.java:118)
	at junit.framework.TestSuite.runTest(TestSuite.java:208)
	at junit.framework.TestSuite.run(TestSuite.java:203)
	at junit.framework.TestSuite.runTest(TestSuite.java:208)
	at junit.framework.TestSuite.run(TestSuite.java:203)
	at org.apache.tools.ant.taskdefs.optional.junit.JUnitTestRunner.run(JUnitTestRunner.java:421)
	at org.apache.tools.ant.taskdefs.optional.junit.JUnitTestRunner.launch(JUnitTestRunner.java:912)
	at org.apache.tools.ant.taskdefs.optional.junit.JUnitTestRunner.main(JUnitTestRunner.java:766)
Exit from method [ClientStatusServiceBean#createClientStatus]. Time spent: 0 ms. Return value: null
Enter into method [ClientStatusServiceBean#updateClientStatus]. Argument info: [ id=0 name=null description=Updated description isDeleted=false]. Entrance timestamp: 1221392572562
Exit from method [ClientStatusServiceBean#updateClientStatus]. Time spent: 0 ms. Return value: [ id=0 name=null description=Updated description isDeleted=false]
Enter into method [ClientStatusServiceBean#updateClientStatus]. Argument info: null. Entrance timestamp: 1221392572625
Parameter [status] should not be null.
java.lang.IllegalArgumentException: Parameter [status] should not be null.
	at com.topcoder.clients.webservices.Util.checkNullWithLog(Util.java:98)
	at com.topcoder.clients.webservices.beans.ClientStatusServiceBean.updateClientStatus(ClientStatusServiceBean.java:346)
	at com.topcoder.clients.webservices.beans.ClientStatusServiceBeanTest.testUpdateClientStatus_Failure1(ClientStatusServiceBeanTest.java:370)
	at sun.reflect.NativeMethodAccessorImpl.invoke0(Native Method)
	at sun.reflect.NativeMethodAccessorImpl.invoke(NativeMethodAccessorImpl.java:39)
	at sun.reflect.DelegatingMethodAccessorImpl.invoke(DelegatingMethodAccessorImpl.java:25)
	at java.lang.reflect.Method.invoke(Method.java:585)
	at junit.framework.TestCase.runTest(TestCase.java:154)
	at junit.framework.TestCase.runBare(TestCase.java:127)
	at junit.framework.TestResult$1.protect(TestResult.java:106)
	at junit.framework.TestResult.runProtected(TestResult.java:124)
	at junit.framework.TestResult.run(TestResult.java:109)
	at junit.framework.TestCase.run(TestCase.java:118)
	at junit.framework.TestSuite.runTest(TestSuite.java:208)
	at junit.framework.TestSuite.run(TestSuite.java:203)
	at junit.framework.TestSuite.runTest(TestSuite.java:208)
	at junit.framework.TestSuite.run(TestSuite.java:203)
	at org.apache.tools.ant.taskdefs.optional.junit.JUnitTestRunner.run(JUnitTestRunner.java:421)
	at org.apache.tools.ant.taskdefs.optional.junit.JUnitTestRunner.launch(JUnitTestRunner.java:912)
	at org.apache.tools.ant.taskdefs.optional.junit.JUnitTestRunner.main(JUnitTestRunner.java:766)
Exit from method [ClientStatusServiceBean#updateClientStatus]. Time spent: 0 ms. Return value: null
Enter into method [ClientStatusServiceBean#updateClientStatus]. Argument info: [ id=0 name=null description=null isDeleted=false]. Entrance timestamp: 1221392572687
Resource [clientManager] should not be null.
java.lang.IllegalStateException: Resource [clientManager] should not be null.
	at com.topcoder.clients.webservices.Util.checkResource(Util.java:227)
	at com.topcoder.clients.webservices.beans.ClientStatusServiceBean.updateClientStatus(ClientStatusServiceBean.java:347)
	at com.topcoder.clients.webservices.beans.ClientStatusServiceBeanTest.testUpdateClientStatus_Failure2(ClientStatusServiceBeanTest.java:394)
	at sun.reflect.NativeMethodAccessorImpl.invoke0(Native Method)
	at sun.reflect.NativeMethodAccessorImpl.invoke(NativeMethodAccessorImpl.java:39)
	at sun.reflect.DelegatingMethodAccessorImpl.invoke(DelegatingMethodAccessorImpl.java:25)
	at java.lang.reflect.Method.invoke(Method.java:585)
	at junit.framework.TestCase.runTest(TestCase.java:154)
	at junit.framework.TestCase.runBare(TestCase.java:127)
	at junit.framework.TestResult$1.protect(TestResult.java:106)
	at junit.framework.TestResult.runProtected(TestResult.java:124)
	at junit.framework.TestResult.run(TestResult.java:109)
	at junit.framework.TestCase.run(TestCase.java:118)
	at junit.framework.TestSuite.runTest(TestSuite.java:208)
	at junit.framework.TestSuite.run(TestSuite.java:203)
	at junit.framework.TestSuite.runTest(TestSuite.java:208)
	at junit.framework.TestSuite.run(TestSuite.java:203)
	at org.apache.tools.ant.taskdefs.optional.junit.JUnitTestRunner.run(JUnitTestRunner.java:421)
	at org.apache.tools.ant.taskdefs.optional.junit.JUnitTestRunner.launch(JUnitTestRunner.java:912)
	at org.apache.tools.ant.taskdefs.optional.junit.JUnitTestRunner.main(JUnitTestRunner.java:766)
Exit from method [ClientStatusServiceBean#updateClientStatus]. Time spent: 0 ms. Return value: null
Enter into method [ClientStatusServiceBean#updateClientStatus]. Argument info: [ id=0 name=null description=null isDeleted=false]. Entrance timestamp: 1221392572750
Test exception
com.topcoder.clients.manager.ClientManagerException: Test exception
	at com.topcoder.clients.webservices.beans.ClientManagerMock.checkFail(ClientManagerMock.java:350)
	at com.topcoder.clients.webservices.beans.ClientManagerMock.updateClientStatus(ClientManagerMock.java:336)
	at com.topcoder.clients.webservices.beans.ClientStatusServiceBean.updateClientStatus(ClientStatusServiceBean.java:353)
	at com.topcoder.clients.webservices.beans.ClientStatusServiceBeanTest.testUpdateClientStatus_Failure3(ClientStatusServiceBeanTest.java:418)
	at sun.reflect.NativeMethodAccessorImpl.invoke0(Native Method)
	at sun.reflect.NativeMethodAccessorImpl.invoke(NativeMethodAccessorImpl.java:39)
	at sun.reflect.DelegatingMethodAccessorImpl.invoke(DelegatingMethodAccessorImpl.java:25)
	at java.lang.reflect.Method.invoke(Method.java:585)
	at junit.framework.TestCase.runTest(TestCase.java:154)
	at junit.framework.TestCase.runBare(TestCase.java:127)
	at junit.framework.TestResult$1.protect(TestResult.java:106)
	at junit.framework.TestResult.runProtected(TestResult.java:124)
	at junit.framework.TestResult.run(TestResult.java:109)
	at junit.framework.TestCase.run(TestCase.java:118)
	at junit.framework.TestSuite.runTest(TestSuite.java:208)
	at junit.framework.TestSuite.run(TestSuite.java:203)
	at junit.framework.TestSuite.runTest(TestSuite.java:208)
	at junit.framework.TestSuite.run(TestSuite.java:203)
	at org.apache.tools.ant.taskdefs.optional.junit.JUnitTestRunner.run(JUnitTestRunner.java:421)
	at org.apache.tools.ant.taskdefs.optional.junit.JUnitTestRunner.launch(JUnitTestRunner.java:912)
	at org.apache.tools.ant.taskdefs.optional.junit.JUnitTestRunner.main(JUnitTestRunner.java:766)
Exit from method [ClientStatusServiceBean#updateClientStatus]. Time spent: 0 ms. Return value: null
Enter into method [ClientStatusServiceBean#deleteClientStatus]. Argument info: [ id=0 name=null description=To delete isDeleted=false]. Entrance timestamp: 1221392572812
Exit from method [ClientStatusServiceBean#deleteClientStatus]. Time spent: 0 ms. Return value: [ id=0 name=null description=To delete isDeleted=false]
Enter into method [ClientStatusServiceBean#deleteClientStatus]. Argument info: null. Entrance timestamp: 1221392572890
Parameter [status] should not be null.
java.lang.IllegalArgumentException: Parameter [status] should not be null.
	at com.topcoder.clients.webservices.Util.checkNullWithLog(Util.java:98)
	at com.topcoder.clients.webservices.beans.ClientStatusServiceBean.deleteClientStatus(ClientStatusServiceBean.java:388)
	at com.topcoder.clients.webservices.beans.ClientStatusServiceBeanTest.testDeleteClientStatus_Failure1(ClientStatusServiceBeanTest.java:459)
	at sun.reflect.NativeMethodAccessorImpl.invoke0(Native Method)
	at sun.reflect.NativeMethodAccessorImpl.invoke(NativeMethodAccessorImpl.java:39)
	at sun.reflect.DelegatingMethodAccessorImpl.invoke(DelegatingMethodAccessorImpl.java:25)
	at java.lang.reflect.Method.invoke(Method.java:585)
	at junit.framework.TestCase.runTest(TestCase.java:154)
	at junit.framework.TestCase.runBare(TestCase.java:127)
	at junit.framework.TestResult$1.protect(TestResult.java:106)
	at junit.framework.TestResult.runProtected(TestResult.java:124)
	at junit.framework.TestResult.run(TestResult.java:109)
	at junit.framework.TestCase.run(TestCase.java:118)
	at junit.framework.TestSuite.runTest(TestSuite.java:208)
	at junit.framework.TestSuite.run(TestSuite.java:203)
	at junit.framework.TestSuite.runTest(TestSuite.java:208)
	at junit.framework.TestSuite.run(TestSuite.java:203)
	at org.apache.tools.ant.taskdefs.optional.junit.JUnitTestRunner.run(JUnitTestRunner.java:421)
	at org.apache.tools.ant.taskdefs.optional.junit.JUnitTestRunner.launch(JUnitTestRunner.java:912)
	at org.apache.tools.ant.taskdefs.optional.junit.JUnitTestRunner.main(JUnitTestRunner.java:766)
Exit from method [ClientStatusServiceBean#deleteClientStatus]. Time spent: 16 ms. Return value: null
Enter into method [ClientStatusServiceBean#deleteClientStatus]. Argument info: [ id=0 name=null description=null isDeleted=false]. Entrance timestamp: 1221392572953
Resource [clientManager] should not be null.
java.lang.IllegalStateException: Resource [clientManager] should not be null.
	at com.topcoder.clients.webservices.Util.checkResource(Util.java:227)
	at com.topcoder.clients.webservices.beans.ClientStatusServiceBean.deleteClientStatus(ClientStatusServiceBean.java:389)
	at com.topcoder.clients.webservices.beans.ClientStatusServiceBeanTest.testDeleteClientStatus_Failure2(ClientStatusServiceBeanTest.java:483)
	at sun.reflect.NativeMethodAccessorImpl.invoke0(Native Method)
	at sun.reflect.NativeMethodAccessorImpl.invoke(NativeMethodAccessorImpl.java:39)
	at sun.reflect.DelegatingMethodAccessorImpl.invoke(DelegatingMethodAccessorImpl.java:25)
	at java.lang.reflect.Method.invoke(Method.java:585)
	at junit.framework.TestCase.runTest(TestCase.java:154)
	at junit.framework.TestCase.runBare(TestCase.java:127)
	at junit.framework.TestResult$1.protect(TestResult.java:106)
	at junit.framework.TestResult.runProtected(TestResult.java:124)
	at junit.framework.TestResult.run(TestResult.java:109)
	at junit.framework.TestCase.run(TestCase.java:118)
	at junit.framework.TestSuite.runTest(TestSuite.java:208)
	at junit.framework.TestSuite.run(TestSuite.java:203)
	at junit.framework.TestSuite.runTest(TestSuite.java:208)
	at junit.framework.TestSuite.run(TestSuite.java:203)
	at org.apache.tools.ant.taskdefs.optional.junit.JUnitTestRunner.run(JUnitTestRunner.java:421)
	at org.apache.tools.ant.taskdefs.optional.junit.JUnitTestRunner.launch(JUnitTestRunner.java:912)
	at org.apache.tools.ant.taskdefs.optional.junit.JUnitTestRunner.main(JUnitTestRunner.java:766)
Exit from method [ClientStatusServiceBean#deleteClientStatus]. Time spent: 15 ms. Return value: null
Enter into method [ClientStatusServiceBean#deleteClientStatus]. Argument info: [ id=0 name=null description=null isDeleted=false]. Entrance timestamp: 1221392573015
Test exception
com.topcoder.clients.manager.ClientManagerException: Test exception
	at com.topcoder.clients.webservices.beans.ClientManagerMock.checkFail(ClientManagerMock.java:350)
	at com.topcoder.clients.webservices.beans.ClientManagerMock.deleteClientStatus(ClientManagerMock.java:127)
	at com.topcoder.clients.webservices.beans.ClientStatusServiceBean.deleteClientStatus(ClientStatusServiceBean.java:395)
	at com.topcoder.clients.webservices.beans.ClientStatusServiceBeanTest.testDeleteClientStatus_Failure3(ClientStatusServiceBeanTest.java:507)
	at sun.reflect.NativeMethodAccessorImpl.invoke0(Native Method)
	at sun.reflect.NativeMethodAccessorImpl.invoke(NativeMethodAccessorImpl.java:39)
	at sun.reflect.DelegatingMethodAccessorImpl.invoke(DelegatingMethodAccessorImpl.java:25)
	at java.lang.reflect.Method.invoke(Method.java:585)
	at junit.framework.TestCase.runTest(TestCase.java:154)
	at junit.framework.TestCase.runBare(TestCase.java:127)
	at junit.framework.TestResult$1.protect(TestResult.java:106)
	at junit.framework.TestResult.runProtected(TestResult.java:124)
	at junit.framework.TestResult.run(TestResult.java:109)
	at junit.framework.TestCase.run(TestCase.java:118)
	at junit.framework.TestSuite.runTest(TestSuite.java:208)
	at junit.framework.TestSuite.run(TestSuite.java:203)
	at junit.framework.TestSuite.runTest(TestSuite.java:208)
	at junit.framework.TestSuite.run(TestSuite.java:203)
	at org.apache.tools.ant.taskdefs.optional.junit.JUnitTestRunner.run(JUnitTestRunner.java:421)
	at org.apache.tools.ant.taskdefs.optional.junit.JUnitTestRunner.launch(JUnitTestRunner.java:912)
	at org.apache.tools.ant.taskdefs.optional.junit.JUnitTestRunner.main(JUnitTestRunner.java:766)
Exit from method [ClientStatusServiceBean#deleteClientStatus]. Time spent: 0 ms. Return value: null
Enter into method [ProjectStatusServiceBean#createProjectStatus]. Argument info: [ id=0 name=null description=Test entity isDeleted=false]. Entrance timestamp: 1221392574218
Exit from method [ProjectStatusServiceBean#createProjectStatus]. Time spent: 0 ms. Return value: [ id=0 name=null description=Test entity isDeleted=false]
Enter into method [ProjectStatusServiceBean#createProjectStatus]. Argument info: null. Entrance timestamp: 1221392574281
Parameter [status] should not be null.
java.lang.IllegalArgumentException: Parameter [status] should not be null.
	at com.topcoder.clients.webservices.Util.checkNullWithLog(Util.java:98)
	at com.topcoder.clients.webservices.beans.ProjectStatusServiceBean.createProjectStatus(ProjectStatusServiceBean.java:304)
	at com.topcoder.clients.webservices.beans.ProjectStatusServiceBeanTest.testCreateProjectStatus_Failure1(ProjectStatusServiceBeanTest.java:281)
	at sun.reflect.NativeMethodAccessorImpl.invoke0(Native Method)
	at sun.reflect.NativeMethodAccessorImpl.invoke(NativeMethodAccessorImpl.java:39)
	at sun.reflect.DelegatingMethodAccessorImpl.invoke(DelegatingMethodAccessorImpl.java:25)
	at java.lang.reflect.Method.invoke(Method.java:585)
	at junit.framework.TestCase.runTest(TestCase.java:154)
	at junit.framework.TestCase.runBare(TestCase.java:127)
	at junit.framework.TestResult$1.protect(TestResult.java:106)
	at junit.framework.TestResult.runProtected(TestResult.java:124)
	at junit.framework.TestResult.run(TestResult.java:109)
	at junit.framework.TestCase.run(TestCase.java:118)
	at junit.framework.TestSuite.runTest(TestSuite.java:208)
	at junit.framework.TestSuite.run(TestSuite.java:203)
	at junit.framework.TestSuite.runTest(TestSuite.java:208)
	at junit.framework.TestSuite.run(TestSuite.java:203)
	at org.apache.tools.ant.taskdefs.optional.junit.JUnitTestRunner.run(JUnitTestRunner.java:421)
	at org.apache.tools.ant.taskdefs.optional.junit.JUnitTestRunner.launch(JUnitTestRunner.java:912)
	at org.apache.tools.ant.taskdefs.optional.junit.JUnitTestRunner.main(JUnitTestRunner.java:766)
Exit from method [ProjectStatusServiceBean#createProjectStatus]. Time spent: 0 ms. Return value: null
Enter into method [ProjectStatusServiceBean#createProjectStatus]. Argument info: [ id=0 name=null description=null isDeleted=false]. Entrance timestamp: 1221392574343
Resource [projectManager] should not be null.
java.lang.IllegalStateException: Resource [projectManager] should not be null.
	at com.topcoder.clients.webservices.Util.checkResource(Util.java:227)
	at com.topcoder.clients.webservices.beans.ProjectStatusServiceBean.createProjectStatus(ProjectStatusServiceBean.java:305)
	at com.topcoder.clients.webservices.beans.ProjectStatusServiceBeanTest.testCreateProjectStatus_Failure2(ProjectStatusServiceBeanTest.java:305)
	at sun.reflect.NativeMethodAccessorImpl.invoke0(Native Method)
	at sun.reflect.NativeMethodAccessorImpl.invoke(NativeMethodAccessorImpl.java:39)
	at sun.reflect.DelegatingMethodAccessorImpl.invoke(DelegatingMethodAccessorImpl.java:25)
	at java.lang.reflect.Method.invoke(Method.java:585)
	at junit.framework.TestCase.runTest(TestCase.java:154)
	at junit.framework.TestCase.runBare(TestCase.java:127)
	at junit.framework.TestResult$1.protect(TestResult.java:106)
	at junit.framework.TestResult.runProtected(TestResult.java:124)
	at junit.framework.TestResult.run(TestResult.java:109)
	at junit.framework.TestCase.run(TestCase.java:118)
	at junit.framework.TestSuite.runTest(TestSuite.java:208)
	at junit.framework.TestSuite.run(TestSuite.java:203)
	at junit.framework.TestSuite.runTest(TestSuite.java:208)
	at junit.framework.TestSuite.run(TestSuite.java:203)
	at org.apache.tools.ant.taskdefs.optional.junit.JUnitTestRunner.run(JUnitTestRunner.java:421)
	at org.apache.tools.ant.taskdefs.optional.junit.JUnitTestRunner.launch(JUnitTestRunner.java:912)
	at org.apache.tools.ant.taskdefs.optional.junit.JUnitTestRunner.main(JUnitTestRunner.java:766)
Exit from method [ProjectStatusServiceBean#createProjectStatus]. Time spent: 0 ms. Return value: null
Enter into method [ProjectStatusServiceBean#createProjectStatus]. Argument info: [ id=0 name=null description=null isDeleted=false]. Entrance timestamp: 1221392574421
Test exception
com.topcoder.clients.manager.ProjectManagerException: Test exception
	at com.topcoder.clients.webservices.beans.ProjectManagerMock.checkFail(ProjectManagerMock.java:353)
	at com.topcoder.clients.webservices.beans.ProjectManagerMock.createProjectStatus(ProjectManagerMock.java:95)
	at com.topcoder.clients.webservices.beans.ProjectStatusServiceBean.createProjectStatus(ProjectStatusServiceBean.java:311)
	at com.topcoder.clients.webservices.beans.ProjectStatusServiceBeanTest.testCreateProjectStatus_Failure3(ProjectStatusServiceBeanTest.java:329)
	at sun.reflect.NativeMethodAccessorImpl.invoke0(Native Method)
	at sun.reflect.NativeMethodAccessorImpl.invoke(NativeMethodAccessorImpl.java:39)
	at sun.reflect.DelegatingMethodAccessorImpl.invoke(DelegatingMethodAccessorImpl.java:25)
	at java.lang.reflect.Method.invoke(Method.java:585)
	at junit.framework.TestCase.runTest(TestCase.java:154)
	at junit.framework.TestCase.runBare(TestCase.java:127)
	at junit.framework.TestResult$1.protect(TestResult.java:106)
	at junit.framework.TestResult.runProtected(TestResult.java:124)
	at junit.framework.TestResult.run(TestResult.java:109)
	at junit.framework.TestCase.run(TestCase.java:118)
	at junit.framework.TestSuite.runTest(TestSuite.java:208)
	at junit.framework.TestSuite.run(TestSuite.java:203)
	at junit.framework.TestSuite.runTest(TestSuite.java:208)
	at junit.framework.TestSuite.run(TestSuite.java:203)
	at org.apache.tools.ant.taskdefs.optional.junit.JUnitTestRunner.run(JUnitTestRunner.java:421)
	at org.apache.tools.ant.taskdefs.optional.junit.JUnitTestRunner.launch(JUnitTestRunner.java:912)
	at org.apache.tools.ant.taskdefs.optional.junit.JUnitTestRunner.main(JUnitTestRunner.java:766)
Exit from method [ProjectStatusServiceBean#createProjectStatus]. Time spent: 0 ms. Return value: null
Enter into method [ProjectStatusServiceBean#updateProjectStatus]. Argument info: [ id=0 name=null description=Updated description isDeleted=false]. Entrance timestamp: 1221392574484
Exit from method [ProjectStatusServiceBean#updateProjectStatus]. Time spent: 0 ms. Return value: [ id=0 name=null description=Updated description isDeleted=false]
Enter into method [ProjectStatusServiceBean#updateProjectStatus]. Argument info: null. Entrance timestamp: 1221392574546
Parameter [status] should not be null.
java.lang.IllegalArgumentException: Parameter [status] should not be null.
	at com.topcoder.clients.webservices.Util.checkNullWithLog(Util.java:98)
	at com.topcoder.clients.webservices.beans.ProjectStatusServiceBean.updateProjectStatus(ProjectStatusServiceBean.java:346)
	at com.topcoder.clients.webservices.beans.ProjectStatusServiceBeanTest.testUpdateProjectStatus_Failure1(ProjectStatusServiceBeanTest.java:370)
	at sun.reflect.NativeMethodAccessorImpl.invoke0(Native Method)
	at sun.reflect.NativeMethodAccessorImpl.invoke(NativeMethodAccessorImpl.java:39)
	at sun.reflect.DelegatingMethodAccessorImpl.invoke(DelegatingMethodAccessorImpl.java:25)
	at java.lang.reflect.Method.invoke(Method.java:585)
	at junit.framework.TestCase.runTest(TestCase.java:154)
	at junit.framework.TestCase.runBare(TestCase.java:127)
	at junit.framework.TestResult$1.protect(TestResult.java:106)
	at junit.framework.TestResult.runProtected(TestResult.java:124)
	at junit.framework.TestResult.run(TestResult.java:109)
	at junit.framework.TestCase.run(TestCase.java:118)
	at junit.framework.TestSuite.runTest(TestSuite.java:208)
	at junit.framework.TestSuite.run(TestSuite.java:203)
	at junit.framework.TestSuite.runTest(TestSuite.java:208)
	at junit.framework.TestSuite.run(TestSuite.java:203)
	at org.apache.tools.ant.taskdefs.optional.junit.JUnitTestRunner.run(JUnitTestRunner.java:421)
	at org.apache.tools.ant.taskdefs.optional.junit.JUnitTestRunner.launch(JUnitTestRunner.java:912)
	at org.apache.tools.ant.taskdefs.optional.junit.JUnitTestRunner.main(JUnitTestRunner.java:766)
Exit from method [ProjectStatusServiceBean#updateProjectStatus]. Time spent: 0 ms. Return value: null
Enter into method [ProjectStatusServiceBean#updateProjectStatus]. Argument info: [ id=0 name=null description=null isDeleted=false]. Entrance timestamp: 1221392574593
Resource [projectManager] should not be null.
java.lang.IllegalStateException: Resource [projectManager] should not be null.
	at com.topcoder.clients.webservices.Util.checkResource(Util.java:227)
	at com.topcoder.clients.webservices.beans.ProjectStatusServiceBean.updateProjectStatus(ProjectStatusServiceBean.java:347)
	at com.topcoder.clients.webservices.beans.ProjectStatusServiceBeanTest.testUpdateProjectStatus_Failure2(ProjectStatusServiceBeanTest.java:394)
	at sun.reflect.NativeMethodAccessorImpl.invoke0(Native Method)
	at sun.reflect.NativeMethodAccessorImpl.invoke(NativeMethodAccessorImpl.java:39)
	at sun.reflect.DelegatingMethodAccessorImpl.invoke(DelegatingMethodAccessorImpl.java:25)
	at java.lang.reflect.Method.invoke(Method.java:585)
	at junit.framework.TestCase.runTest(TestCase.java:154)
	at junit.framework.TestCase.runBare(TestCase.java:127)
	at junit.framework.TestResult$1.protect(TestResult.java:106)
	at junit.framework.TestResult.runProtected(TestResult.java:124)
	at junit.framework.TestResult.run(TestResult.java:109)
	at junit.framework.TestCase.run(TestCase.java:118)
	at junit.framework.TestSuite.runTest(TestSuite.java:208)
	at junit.framework.TestSuite.run(TestSuite.java:203)
	at junit.framework.TestSuite.runTest(TestSuite.java:208)
	at junit.framework.TestSuite.run(TestSuite.java:203)
	at org.apache.tools.ant.taskdefs.optional.junit.JUnitTestRunner.run(JUnitTestRunner.java:421)
	at org.apache.tools.ant.taskdefs.optional.junit.JUnitTestRunner.launch(JUnitTestRunner.java:912)
	at org.apache.tools.ant.taskdefs.optional.junit.JUnitTestRunner.main(JUnitTestRunner.java:766)
Exit from method [ProjectStatusServiceBean#updateProjectStatus]. Time spent: 0 ms. Return value: null
Enter into method [ProjectStatusServiceBean#updateProjectStatus]. Argument info: [ id=0 name=null description=null isDeleted=false]. Entrance timestamp: 1221392574656
Test exception
com.topcoder.clients.manager.ProjectManagerException: Test exception
	at com.topcoder.clients.webservices.beans.ProjectManagerMock.updateProjectStatus(ProjectManagerMock.java:338)
	at com.topcoder.clients.webservices.beans.ProjectStatusServiceBean.updateProjectStatus(ProjectStatusServiceBean.java:353)
	at com.topcoder.clients.webservices.beans.ProjectStatusServiceBeanTest.testUpdateProjectStatus_Failure3(ProjectStatusServiceBeanTest.java:418)
	at sun.reflect.NativeMethodAccessorImpl.invoke0(Native Method)
	at sun.reflect.NativeMethodAccessorImpl.invoke(NativeMethodAccessorImpl.java:39)
	at sun.reflect.DelegatingMethodAccessorImpl.invoke(DelegatingMethodAccessorImpl.java:25)
	at java.lang.reflect.Method.invoke(Method.java:585)
	at junit.framework.TestCase.runTest(TestCase.java:154)
	at junit.framework.TestCase.runBare(TestCase.java:127)
	at junit.framework.TestResult$1.protect(TestResult.java:106)
	at junit.framework.TestResult.runProtected(TestResult.java:124)
	at junit.framework.TestResult.run(TestResult.java:109)
	at junit.framework.TestCase.run(TestCase.java:118)
	at junit.framework.TestSuite.runTest(TestSuite.java:208)
	at junit.framework.TestSuite.run(TestSuite.java:203)
	at junit.framework.TestSuite.runTest(TestSuite.java:208)
	at junit.framework.TestSuite.run(TestSuite.java:203)
	at org.apache.tools.ant.taskdefs.optional.junit.JUnitTestRunner.run(JUnitTestRunner.java:421)
	at org.apache.tools.ant.taskdefs.optional.junit.JUnitTestRunner.launch(JUnitTestRunner.java:912)
	at org.apache.tools.ant.taskdefs.optional.junit.JUnitTestRunner.main(JUnitTestRunner.java:766)
Exit from method [ProjectStatusServiceBean#updateProjectStatus]. Time spent: 0 ms. Return value: null
Enter into method [ProjectStatusServiceBean#deleteProjectStatus]. Argument info: [ id=0 name=null description=To delete isDeleted=false]. Entrance timestamp: 1221392574718
Exit from method [ProjectStatusServiceBean#deleteProjectStatus]. Time spent: 0 ms. Return value: [ id=0 name=null description=To delete isDeleted=false]
Enter into method [ProjectStatusServiceBean#deleteProjectStatus]. Argument info: null. Entrance timestamp: 1221392574765
Parameter [status] should not be null.
java.lang.IllegalArgumentException: Parameter [status] should not be null.
	at com.topcoder.clients.webservices.Util.checkNullWithLog(Util.java:98)
	at com.topcoder.clients.webservices.beans.ProjectStatusServiceBean.deleteProjectStatus(ProjectStatusServiceBean.java:388)
	at com.topcoder.clients.webservices.beans.ProjectStatusServiceBeanTest.testDeleteProjectStatus_Failure1(ProjectStatusServiceBeanTest.java:459)
	at sun.reflect.NativeMethodAccessorImpl.invoke0(Native Method)
	at sun.reflect.NativeMethodAccessorImpl.invoke(NativeMethodAccessorImpl.java:39)
	at sun.reflect.DelegatingMethodAccessorImpl.invoke(DelegatingMethodAccessorImpl.java:25)
	at java.lang.reflect.Method.invoke(Method.java:585)
	at junit.framework.TestCase.runTest(TestCase.java:154)
	at junit.framework.TestCase.runBare(TestCase.java:127)
	at junit.framework.TestResult$1.protect(TestResult.java:106)
	at junit.framework.TestResult.runProtected(TestResult.java:124)
	at junit.framework.TestResult.run(TestResult.java:109)
	at junit.framework.TestCase.run(TestCase.java:118)
	at junit.framework.TestSuite.runTest(TestSuite.java:208)
	at junit.framework.TestSuite.run(TestSuite.java:203)
	at junit.framework.TestSuite.runTest(TestSuite.java:208)
	at junit.framework.TestSuite.run(TestSuite.java:203)
	at org.apache.tools.ant.taskdefs.optional.junit.JUnitTestRunner.run(JUnitTestRunner.java:421)
	at org.apache.tools.ant.taskdefs.optional.junit.JUnitTestRunner.launch(JUnitTestRunner.java:912)
	at org.apache.tools.ant.taskdefs.optional.junit.JUnitTestRunner.main(JUnitTestRunner.java:766)
Exit from method [ProjectStatusServiceBean#deleteProjectStatus]. Time spent: 0 ms. Return value: null
Enter into method [ProjectStatusServiceBean#deleteProjectStatus]. Argument info: [ id=0 name=null description=null isDeleted=false]. Entrance timestamp: 1221392574828
Resource [projectManager] should not be null.
java.lang.IllegalStateException: Resource [projectManager] should not be null.
	at com.topcoder.clients.webservices.Util.checkResource(Util.java:227)
	at com.topcoder.clients.webservices.beans.ProjectStatusServiceBean.deleteProjectStatus(ProjectStatusServiceBean.java:389)
	at com.topcoder.clients.webservices.beans.ProjectStatusServiceBeanTest.testDeleteProjectStatus_Failure2(ProjectStatusServiceBeanTest.java:483)
	at sun.reflect.NativeMethodAccessorImpl.invoke0(Native Method)
	at sun.reflect.NativeMethodAccessorImpl.invoke(NativeMethodAccessorImpl.java:39)
	at sun.reflect.DelegatingMethodAccessorImpl.invoke(DelegatingMethodAccessorImpl.java:25)
	at java.lang.reflect.Method.invoke(Method.java:585)
	at junit.framework.TestCase.runTest(TestCase.java:154)
	at junit.framework.TestCase.runBare(TestCase.java:127)
	at junit.framework.TestResult$1.protect(TestResult.java:106)
	at junit.framework.TestResult.runProtected(TestResult.java:124)
	at junit.framework.TestResult.run(TestResult.java:109)
	at junit.framework.TestCase.run(TestCase.java:118)
	at junit.framework.TestSuite.runTest(TestSuite.java:208)
	at junit.framework.TestSuite.run(TestSuite.java:203)
	at junit.framework.TestSuite.runTest(TestSuite.java:208)
	at junit.framework.TestSuite.run(TestSuite.java:203)
	at org.apache.tools.ant.taskdefs.optional.junit.JUnitTestRunner.run(JUnitTestRunner.java:421)
	at org.apache.tools.ant.taskdefs.optional.junit.JUnitTestRunner.launch(JUnitTestRunner.java:912)
	at org.apache.tools.ant.taskdefs.optional.junit.JUnitTestRunner.main(JUnitTestRunner.java:766)
Exit from method [ProjectStatusServiceBean#deleteProjectStatus]. Time spent: 0 ms. Return value: null
Enter into method [ProjectStatusServiceBean#deleteProjectStatus]. Argument info: [ id=0 name=null description=null isDeleted=false]. Entrance timestamp: 1221392574906
Test exception
com.topcoder.clients.manager.ProjectManagerException: Test exception
	at com.topcoder.clients.webservices.beans.ProjectManagerMock.checkFail(ProjectManagerMock.java:353)
	at com.topcoder.clients.webservices.beans.ProjectManagerMock.deleteProjectStatus(ProjectManagerMock.java:132)
	at com.topcoder.clients.webservices.beans.ProjectStatusServiceBean.deleteProjectStatus(ProjectStatusServiceBean.java:395)
	at com.topcoder.clients.webservices.beans.ProjectStatusServiceBeanTest.testDeleteProjectStatus_Failure3(ProjectStatusServiceBeanTest.java:507)
	at sun.reflect.NativeMethodAccessorImpl.invoke0(Native Method)
	at sun.reflect.NativeMethodAccessorImpl.invoke(NativeMethodAccessorImpl.java:39)
	at sun.reflect.DelegatingMethodAccessorImpl.invoke(DelegatingMethodAccessorImpl.java:25)
	at java.lang.reflect.Method.invoke(Method.java:585)
	at junit.framework.TestCase.runTest(TestCase.java:154)
	at junit.framework.TestCase.runBare(TestCase.java:127)
	at junit.framework.TestResult$1.protect(TestResult.java:106)
	at junit.framework.TestResult.runProtected(TestResult.java:124)
	at junit.framework.TestResult.run(TestResult.java:109)
	at junit.framework.TestCase.run(TestCase.java:118)
	at junit.framework.TestSuite.runTest(TestSuite.java:208)
	at junit.framework.TestSuite.run(TestSuite.java:203)
	at junit.framework.TestSuite.runTest(TestSuite.java:208)
	at junit.framework.TestSuite.run(TestSuite.java:203)
	at org.apache.tools.ant.taskdefs.optional.junit.JUnitTestRunner.run(JUnitTestRunner.java:421)
	at org.apache.tools.ant.taskdefs.optional.junit.JUnitTestRunner.launch(JUnitTestRunner.java:912)
	at org.apache.tools.ant.taskdefs.optional.junit.JUnitTestRunner.main(JUnitTestRunner.java:766)
Exit from method [ProjectStatusServiceBean#deleteProjectStatus]. Time spent: 0 ms. Return value: null
Enter into method [LookupServiceBean#retrieveClient]. Argument info: 42. Entrance timestamp: 1221392578640
Exit from method [LookupServiceBean#retrieveClient]. Time spent: 0 ms. Return value: [ id=42 name=null codeName=null salesTax=0.0 isDeleted=false company=null clientStatus=null]
Enter into method [LookupServiceBean#retrieveClient]. Argument info: 42. Entrance timestamp: 1221392578859
Exit from method [LookupServiceBean#retrieveClient]. Time spent: 0 ms. Return value: [ id=42 name=null codeName=null salesTax=0.0 isDeleted=false company=null clientStatus=null]
Enter into method [LookupServiceBean#retrieveClient]. Argument info: -1. Entrance timestamp: 1221392579109
Parameter [id] should be positive but is [-1].
java.lang.IllegalArgumentException: Parameter [id] should be positive but is [-1].
	at com.topcoder.clients.webservices.Util.checkPositiveWithLog(Util.java:141)
	at com.topcoder.clients.webservices.beans.LookupServiceBean.retrieveClient(LookupServiceBean.java:527)
	at com.topcoder.clients.webservices.beans.LookupServiceBeanTest.testRetrieveClient_Failure1(LookupServiceBeanTest.java:363)
	at sun.reflect.NativeMethodAccessorImpl.invoke0(Native Method)
	at sun.reflect.NativeMethodAccessorImpl.invoke(NativeMethodAccessorImpl.java:39)
	at sun.reflect.DelegatingMethodAccessorImpl.invoke(DelegatingMethodAccessorImpl.java:25)
	at java.lang.reflect.Method.invoke(Method.java:585)
	at junit.framework.TestCase.runTest(TestCase.java:154)
	at junit.framework.TestCase.runBare(TestCase.java:127)
	at junit.framework.TestResult$1.protect(TestResult.java:106)
	at junit.framework.TestResult.runProtected(TestResult.java:124)
	at junit.framework.TestResult.run(TestResult.java:109)
	at junit.framework.TestCase.run(TestCase.java:118)
	at junit.framework.TestSuite.runTest(TestSuite.java:208)
	at junit.framework.TestSuite.run(TestSuite.java:203)
	at junit.framework.TestSuite.runTest(TestSuite.java:208)
	at junit.framework.TestSuite.run(TestSuite.java:203)
	at org.apache.tools.ant.taskdefs.optional.junit.JUnitTestRunner.run(JUnitTestRunner.java:421)
	at org.apache.tools.ant.taskdefs.optional.junit.JUnitTestRunner.launch(JUnitTestRunner.java:912)
	at org.apache.tools.ant.taskdefs.optional.junit.JUnitTestRunner.main(JUnitTestRunner.java:766)
Exit from method [LookupServiceBean#retrieveClient]. Time spent: 0 ms. Return value: null
Enter into method [LookupServiceBean#retrieveClient]. Argument info: 17. Entrance timestamp: 1221392579359
Resource [clientManager] should not be null.
java.lang.IllegalStateException: Resource [clientManager] should not be null.
	at com.topcoder.clients.webservices.Util.checkResource(Util.java:227)
	at com.topcoder.clients.webservices.beans.LookupServiceBean.retrieveClient(LookupServiceBean.java:528)
	at com.topcoder.clients.webservices.beans.LookupServiceBeanTest.testRetrieveClient_Failure2(LookupServiceBeanTest.java:387)
	at sun.reflect.NativeMethodAccessorImpl.invoke0(Native Method)
	at sun.reflect.NativeMethodAccessorImpl.invoke(NativeMethodAccessorImpl.java:39)
	at sun.reflect.DelegatingMethodAccessorImpl.invoke(DelegatingMethodAccessorImpl.java:25)
	at java.lang.reflect.Method.invoke(Method.java:585)
	at junit.framework.TestCase.runTest(TestCase.java:154)
	at junit.framework.TestCase.runBare(TestCase.java:127)
	at junit.framework.TestResult$1.protect(TestResult.java:106)
	at junit.framework.TestResult.runProtected(TestResult.java:124)
	at junit.framework.TestResult.run(TestResult.java:109)
	at junit.framework.TestCase.run(TestCase.java:118)
	at junit.framework.TestSuite.runTest(TestSuite.java:208)
	at junit.framework.TestSuite.run(TestSuite.java:203)
	at junit.framework.TestSuite.runTest(TestSuite.java:208)
	at junit.framework.TestSuite.run(TestSuite.java:203)
	at org.apache.tools.ant.taskdefs.optional.junit.JUnitTestRunner.run(JUnitTestRunner.java:421)
	at org.apache.tools.ant.taskdefs.optional.junit.JUnitTestRunner.launch(JUnitTestRunner.java:912)
	at org.apache.tools.ant.taskdefs.optional.junit.JUnitTestRunner.main(JUnitTestRunner.java:766)
Exit from method [LookupServiceBean#retrieveClient]. Time spent: 0 ms. Return value: null
Enter into method [LookupServiceBean#retrieveClient]. Argument info: 17. Entrance timestamp: 1221392579578
User is restricted to perform operations with [[ id=17 name=null codeName=null salesTax=0.0 isDeleted=false company=null clientStatus=null]] client.
com.topcoder.clients.webservices.beans.AuthorizationFailedException: User is restricted to perform operations with [[ id=17 name=null codeName=null salesTax=0.0 isDeleted=false company=null clientStatus=null]] client.
	at com.topcoder.clients.webservices.beans.LookupServiceBean.checkClient(LookupServiceBean.java:1607)
	at com.topcoder.clients.webservices.beans.LookupServiceBean.retrieveClient(LookupServiceBean.java:538)
	at com.topcoder.clients.webservices.beans.LookupServiceBeanTest.testRetrieveClient_Failure3(LookupServiceBeanTest.java:411)
	at sun.reflect.NativeMethodAccessorImpl.invoke0(Native Method)
	at sun.reflect.NativeMethodAccessorImpl.invoke(NativeMethodAccessorImpl.java:39)
	at sun.reflect.DelegatingMethodAccessorImpl.invoke(DelegatingMethodAccessorImpl.java:25)
	at java.lang.reflect.Method.invoke(Method.java:585)
	at junit.framework.TestCase.runTest(TestCase.java:154)
	at junit.framework.TestCase.runBare(TestCase.java:127)
	at junit.framework.TestResult$1.protect(TestResult.java:106)
	at junit.framework.TestResult.runProtected(TestResult.java:124)
	at junit.framework.TestResult.run(TestResult.java:109)
	at junit.framework.TestCase.run(TestCase.java:118)
	at junit.framework.TestSuite.runTest(TestSuite.java:208)
	at junit.framework.TestSuite.run(TestSuite.java:203)
	at junit.framework.TestSuite.runTest(TestSuite.java:208)
	at junit.framework.TestSuite.run(TestSuite.java:203)
	at org.apache.tools.ant.taskdefs.optional.junit.JUnitTestRunner.run(JUnitTestRunner.java:421)
	at org.apache.tools.ant.taskdefs.optional.junit.JUnitTestRunner.launch(JUnitTestRunner.java:912)
	at org.apache.tools.ant.taskdefs.optional.junit.JUnitTestRunner.main(JUnitTestRunner.java:766)
Exit from method [LookupServiceBean#retrieveClient]. Time spent: 0 ms. Return value: null
Enter into method [LookupServiceBean#retrieveClient]. Argument info: 5. Entrance timestamp: 1221392579828
Test exception
com.topcoder.clients.manager.ClientManagerException: Test exception
	at com.topcoder.clients.webservices.beans.ClientManagerMock.checkFail(ClientManagerMock.java:350)
	at com.topcoder.clients.webservices.beans.ClientManagerMock.retrieveClient(ClientManagerMock.java:219)
	at com.topcoder.clients.webservices.beans.LookupServiceBean.retrieveClient(LookupServiceBean.java:535)
	at com.topcoder.clients.webservices.beans.LookupServiceBeanTest.testRetrieveClient_Failure4(LookupServiceBeanTest.java:437)
	at sun.reflect.NativeMethodAccessorImpl.invoke0(Native Method)
	at sun.reflect.NativeMethodAccessorImpl.invoke(NativeMethodAccessorImpl.java:39)
	at sun.reflect.DelegatingMethodAccessorImpl.invoke(DelegatingMethodAccessorImpl.java:25)
	at java.lang.reflect.Method.invoke(Method.java:585)
	at junit.framework.TestCase.runTest(TestCase.java:154)
	at junit.framework.TestCase.runBare(TestCase.java:127)
	at junit.framework.TestResult$1.protect(TestResult.java:106)
	at junit.framework.TestResult.runProtected(TestResult.java:124)
	at junit.framework.TestResult.run(TestResult.java:109)
	at junit.framework.TestCase.run(TestCase.java:118)
	at junit.framework.TestSuite.runTest(TestSuite.java:208)
	at junit.framework.TestSuite.run(TestSuite.java:203)
	at junit.framework.TestSuite.runTest(TestSuite.java:208)
	at junit.framework.TestSuite.run(TestSuite.java:203)
	at org.apache.tools.ant.taskdefs.optional.junit.JUnitTestRunner.run(JUnitTestRunner.java:421)
	at org.apache.tools.ant.taskdefs.optional.junit.JUnitTestRunner.launch(JUnitTestRunner.java:912)
	at org.apache.tools.ant.taskdefs.optional.junit.JUnitTestRunner.main(JUnitTestRunner.java:766)
Exit from method [LookupServiceBean#retrieveClient]. Time spent: 0 ms. Return value: null
Enter into method [LookupServiceBean#retrieveAllClients]. Entrance timestamp: 1221392580078
Exit from method [LookupServiceBean#retrieveAllClients]. Time spent: 0 ms. Return value: [[ id=5 name=null codeName=null salesTax=0.0 isDeleted=false company=null clientStatus=null] [ id=7 name=null codeName=null salesTax=0.0 isDeleted=false company=null clientStatus=null]]
Enter into method [LookupServiceBean#retrieveAllClients]. Entrance timestamp: 1221392580078
Exit from method [LookupServiceBean#retrieveAllClients]. Time spent: 0 ms. Return value: [[ id=5 name=null codeName=null salesTax=0.0 isDeleted=false company=null clientStatus=null] [ id=7 name=null codeName=null salesTax=0.0 isDeleted=false company=null clientStatus=null] [ id=0 name=null codeName=null salesTax=0.0 isDeleted=false company=null clientStatus=null]]
Enter into method [LookupServiceBean#retrieveAllClients]. Entrance timestamp: 1221392580328
Resource [userMappingRetriever] should not be null.
java.lang.IllegalStateException: Resource [userMappingRetriever] should not be null.
	at com.topcoder.clients.webservices.Util.checkResource(Util.java:227)
	at com.topcoder.clients.webservices.beans.LookupServiceBean.retrieveAllClients(LookupServiceBean.java:571)
	at com.topcoder.clients.webservices.beans.LookupServiceBeanTest.testRetrieveAllClients_Failure1(LookupServiceBeanTest.java:494)
	at sun.reflect.NativeMethodAccessorImpl.invoke0(Native Method)
	at sun.reflect.NativeMethodAccessorImpl.invoke(NativeMethodAccessorImpl.java:39)
	at sun.reflect.DelegatingMethodAccessorImpl.invoke(DelegatingMethodAccessorImpl.java:25)
	at java.lang.reflect.Method.invoke(Method.java:585)
	at junit.framework.TestCase.runTest(TestCase.java:154)
	at junit.framework.TestCase.runBare(TestCase.java:127)
	at junit.framework.TestResult$1.protect(TestResult.java:106)
	at junit.framework.TestResult.runProtected(TestResult.java:124)
	at junit.framework.TestResult.run(TestResult.java:109)
	at junit.framework.TestCase.run(TestCase.java:118)
	at junit.framework.TestSuite.runTest(TestSuite.java:208)
	at junit.framework.TestSuite.run(TestSuite.java:203)
	at junit.framework.TestSuite.runTest(TestSuite.java:208)
	at junit.framework.TestSuite.run(TestSuite.java:203)
	at org.apache.tools.ant.taskdefs.optional.junit.JUnitTestRunner.run(JUnitTestRunner.java:421)
	at org.apache.tools.ant.taskdefs.optional.junit.JUnitTestRunner.launch(JUnitTestRunner.java:912)
	at org.apache.tools.ant.taskdefs.optional.junit.JUnitTestRunner.main(JUnitTestRunner.java:766)
Exit from method [LookupServiceBean#retrieveAllClients]. Time spent: 0 ms. Return value: null
Enter into method [LookupServiceBean#retrieveAllClients]. Entrance timestamp: 1221392580546
User isn't authenticated to perform [retrieveAllClients] operation.
com.topcoder.clients.webservices.beans.AuthorizationFailedException: User isn't authenticated to perform [retrieveAllClients] operation.
	at com.topcoder.clients.webservices.beans.LookupServiceBean.authenticationCheck(LookupServiceBean.java:1571)
	at com.topcoder.clients.webservices.beans.LookupServiceBean.retrieveAllClients(LookupServiceBean.java:574)
	at com.topcoder.clients.webservices.beans.LookupServiceBeanTest.testRetrieveAllClients_Failure2(LookupServiceBeanTest.java:518)
	at sun.reflect.NativeMethodAccessorImpl.invoke0(Native Method)
	at sun.reflect.NativeMethodAccessorImpl.invoke(NativeMethodAccessorImpl.java:39)
	at sun.reflect.DelegatingMethodAccessorImpl.invoke(DelegatingMethodAccessorImpl.java:25)
	at java.lang.reflect.Method.invoke(Method.java:585)
	at junit.framework.TestCase.runTest(TestCase.java:154)
	at junit.framework.TestCase.runBare(TestCase.java:127)
	at junit.framework.TestResult$1.protect(TestResult.java:106)
	at junit.framework.TestResult.runProtected(TestResult.java:124)
	at junit.framework.TestResult.run(TestResult.java:109)
	at junit.framework.TestCase.run(TestCase.java:118)
	at junit.framework.TestSuite.runTest(TestSuite.java:208)
	at junit.framework.TestSuite.run(TestSuite.java:203)
	at junit.framework.TestSuite.runTest(TestSuite.java:208)
	at junit.framework.TestSuite.run(TestSuite.java:203)
	at org.apache.tools.ant.taskdefs.optional.junit.JUnitTestRunner.run(JUnitTestRunner.java:421)
	at org.apache.tools.ant.taskdefs.optional.junit.JUnitTestRunner.launch(JUnitTestRunner.java:912)
	at org.apache.tools.ant.taskdefs.optional.junit.JUnitTestRunner.main(JUnitTestRunner.java:766)
Exit from method [LookupServiceBean#retrieveAllClients]. Time spent: 0 ms. Return value: null
Enter into method [LookupServiceBean#retrieveAllClients]. Entrance timestamp: 1221392580765
Test exception
com.topcoder.clients.manager.ClientManagerException: Test exception
	at com.topcoder.clients.webservices.beans.ClientManagerMock.checkFail(ClientManagerMock.java:350)
	at com.topcoder.clients.webservices.beans.ClientManagerMock.retrieveAllClients(ClientManagerMock.java:199)
	at com.topcoder.clients.webservices.beans.LookupServiceBean.retrieveAllClients(LookupServiceBean.java:577)
	at com.topcoder.clients.webservices.beans.LookupServiceBeanTest.testRetrieveAllClients_Failure3(LookupServiceBeanTest.java:542)
	at sun.reflect.NativeMethodAccessorImpl.invoke0(Native Method)
	at sun.reflect.NativeMethodAccessorImpl.invoke(NativeMethodAccessorImpl.java:39)
	at sun.reflect.DelegatingMethodAccessorImpl.invoke(DelegatingMethodAccessorImpl.java:25)
	at java.lang.reflect.Method.invoke(Method.java:585)
	at junit.framework.TestCase.runTest(TestCase.java:154)
	at junit.framework.TestCase.runBare(TestCase.java:127)
	at junit.framework.TestResult$1.protect(TestResult.java:106)
	at junit.framework.TestResult.runProtected(TestResult.java:124)
	at junit.framework.TestResult.run(TestResult.java:109)
	at junit.framework.TestCase.run(TestCase.java:118)
	at junit.framework.TestSuite.runTest(TestSuite.java:208)
	at junit.framework.TestSuite.run(TestSuite.java:203)
	at junit.framework.TestSuite.runTest(TestSuite.java:208)
	at junit.framework.TestSuite.run(TestSuite.java:203)
	at org.apache.tools.ant.taskdefs.optional.junit.JUnitTestRunner.run(JUnitTestRunner.java:421)
	at org.apache.tools.ant.taskdefs.optional.junit.JUnitTestRunner.launch(JUnitTestRunner.java:912)
	at org.apache.tools.ant.taskdefs.optional.junit.JUnitTestRunner.main(JUnitTestRunner.java:766)
Exit from method [LookupServiceBean#retrieveAllClients]. Time spent: 0 ms. Return value: null
Enter into method [LookupServiceBean#searchClientsByName]. Argument info: Jack. Entrance timestamp: 1221392581015
Exit from method [LookupServiceBean#searchClientsByName]. Time spent: 0 ms. Return value: [[ id=5 name=Jack codeName=null salesTax=0.0 isDeleted=false company=null clientStatus=null] [ id=7 name=Jack codeName=null salesTax=0.0 isDeleted=false company=null clientStatus=null]]
Enter into method [LookupServiceBean#retrieveAllClients]. Entrance timestamp: 1221392581015
Exit from method [LookupServiceBean#retrieveAllClients]. Time spent: 0 ms. Return value: [[ id=5 name=Jack codeName=null salesTax=0.0 isDeleted=false company=null clientStatus=null] [ id=7 name=Jack codeName=null salesTax=0.0 isDeleted=false company=null clientStatus=null] [ id=0 name=null codeName=null salesTax=0.0 isDeleted=false company=null clientStatus=null]]
Enter into method [LookupServiceBean#searchClientsByName]. Argument info:    . Entrance timestamp: 1221392581234
Parameter [name] should not be null or empty.
java.lang.IllegalArgumentException: Parameter [name] should not be null or empty.
	at com.topcoder.clients.webservices.Util.checkNullOrEmpty(Util.java:119)
	at com.topcoder.clients.webservices.beans.LookupServiceBean.searchClientsByName(LookupServiceBean.java:618)
	at com.topcoder.clients.webservices.beans.LookupServiceBeanTest.testSearchClientsByName_Failure1(LookupServiceBeanTest.java:599)
	at sun.reflect.NativeMethodAccessorImpl.invoke0(Native Method)
	at sun.reflect.NativeMethodAccessorImpl.invoke(NativeMethodAccessorImpl.java:39)
	at sun.reflect.DelegatingMethodAccessorImpl.invoke(DelegatingMethodAccessorImpl.java:25)
	at java.lang.reflect.Method.invoke(Method.java:585)
	at junit.framework.TestCase.runTest(TestCase.java:154)
	at junit.framework.TestCase.runBare(TestCase.java:127)
	at junit.framework.TestResult$1.protect(TestResult.java:106)
	at junit.framework.TestResult.runProtected(TestResult.java:124)
	at junit.framework.TestResult.run(TestResult.java:109)
	at junit.framework.TestCase.run(TestCase.java:118)
	at junit.framework.TestSuite.runTest(TestSuite.java:208)
	at junit.framework.TestSuite.run(TestSuite.java:203)
	at junit.framework.TestSuite.runTest(TestSuite.java:208)
	at junit.framework.TestSuite.run(TestSuite.java:203)
	at org.apache.tools.ant.taskdefs.optional.junit.JUnitTestRunner.run(JUnitTestRunner.java:421)
	at org.apache.tools.ant.taskdefs.optional.junit.JUnitTestRunner.launch(JUnitTestRunner.java:912)
	at org.apache.tools.ant.taskdefs.optional.junit.JUnitTestRunner.main(JUnitTestRunner.java:766)
Exit from method [LookupServiceBean#searchClientsByName]. Time spent: 0 ms. Return value: null
Enter into method [LookupServiceBean#searchClientsByName]. Argument info: Jack. Entrance timestamp: 1221392581484
Resource [clientManager] should not be null.
java.lang.IllegalStateException: Resource [clientManager] should not be null.
	at com.topcoder.clients.webservices.Util.checkResource(Util.java:227)
	at com.topcoder.clients.webservices.beans.LookupServiceBean.searchClientsByName(LookupServiceBean.java:619)
	at com.topcoder.clients.webservices.beans.LookupServiceBeanTest.testSearchClientsByName_Failure2(LookupServiceBeanTest.java:623)
	at sun.reflect.NativeMethodAccessorImpl.invoke0(Native Method)
	at sun.reflect.NativeMethodAccessorImpl.invoke(NativeMethodAccessorImpl.java:39)
	at sun.reflect.DelegatingMethodAccessorImpl.invoke(DelegatingMethodAccessorImpl.java:25)
	at java.lang.reflect.Method.invoke(Method.java:585)
	at junit.framework.TestCase.runTest(TestCase.java:154)
	at junit.framework.TestCase.runBare(TestCase.java:127)
	at junit.framework.TestResult$1.protect(TestResult.java:106)
	at junit.framework.TestResult.runProtected(TestResult.java:124)
	at junit.framework.TestResult.run(TestResult.java:109)
	at junit.framework.TestCase.run(TestCase.java:118)
	at junit.framework.TestSuite.runTest(TestSuite.java:208)
	at junit.framework.TestSuite.run(TestSuite.java:203)
	at junit.framework.TestSuite.runTest(TestSuite.java:208)
	at junit.framework.TestSuite.run(TestSuite.java:203)
	at org.apache.tools.ant.taskdefs.optional.junit.JUnitTestRunner.run(JUnitTestRunner.java:421)
	at org.apache.tools.ant.taskdefs.optional.junit.JUnitTestRunner.launch(JUnitTestRunner.java:912)
	at org.apache.tools.ant.taskdefs.optional.junit.JUnitTestRunner.main(JUnitTestRunner.java:766)
Exit from method [LookupServiceBean#searchClientsByName]. Time spent: 0 ms. Return value: null
Enter into method [LookupServiceBean#searchClientsByName]. Argument info: Jack. Entrance timestamp: 1221392581718
User isn't authenticated to perform [searchClientsByName] operation.
com.topcoder.clients.webservices.beans.AuthorizationFailedException: User isn't authenticated to perform [searchClientsByName] operation.
	at com.topcoder.clients.webservices.beans.LookupServiceBean.authenticationCheck(LookupServiceBean.java:1571)
	at com.topcoder.clients.webservices.beans.LookupServiceBean.searchClientsByName(LookupServiceBean.java:623)
	at com.topcoder.clients.webservices.beans.LookupServiceBeanTest.testSearchClientsByName_Failure3(LookupServiceBeanTest.java:647)
	at sun.reflect.NativeMethodAccessorImpl.invoke0(Native Method)
	at sun.reflect.NativeMethodAccessorImpl.invoke(NativeMethodAccessorImpl.java:39)
	at sun.reflect.DelegatingMethodAccessorImpl.invoke(DelegatingMethodAccessorImpl.java:25)
	at java.lang.reflect.Method.invoke(Method.java:585)
	at junit.framework.TestCase.runTest(TestCase.java:154)
	at junit.framework.TestCase.runBare(TestCase.java:127)
	at junit.framework.TestResult$1.protect(TestResult.java:106)
	at junit.framework.TestResult.runProtected(TestResult.java:124)
	at junit.framework.TestResult.run(TestResult.java:109)
	at junit.framework.TestCase.run(TestCase.java:118)
	at junit.framework.TestSuite.runTest(TestSuite.java:208)
	at junit.framework.TestSuite.run(TestSuite.java:203)
	at junit.framework.TestSuite.runTest(TestSuite.java:208)
	at junit.framework.TestSuite.run(TestSuite.java:203)
	at org.apache.tools.ant.taskdefs.optional.junit.JUnitTestRunner.run(JUnitTestRunner.java:421)
	at org.apache.tools.ant.taskdefs.optional.junit.JUnitTestRunner.launch(JUnitTestRunner.java:912)
	at org.apache.tools.ant.taskdefs.optional.junit.JUnitTestRunner.main(JUnitTestRunner.java:766)
Exit from method [LookupServiceBean#searchClientsByName]. Time spent: 0 ms. Return value: null
Enter into method [LookupServiceBean#searchClientsByName]. Argument info: Jack. Entrance timestamp: 1221392582046
Test exception
com.topcoder.clients.manager.ClientManagerException: Test exception
	at com.topcoder.clients.webservices.beans.ClientManagerMock.checkFail(ClientManagerMock.java:350)
	at com.topcoder.clients.webservices.beans.ClientManagerMock.retrieveAllClients(ClientManagerMock.java:199)
	at com.topcoder.clients.webservices.beans.ClientManagerMock.searchClientsByName(ClientManagerMock.java:261)
	at com.topcoder.clients.webservices.beans.LookupServiceBean.searchClientsByName(LookupServiceBean.java:626)
	at com.topcoder.clients.webservices.beans.LookupServiceBeanTest.testSearchClientsByName_Failure4(LookupServiceBeanTest.java:671)
	at sun.reflect.NativeMethodAccessorImpl.invoke0(Native Method)
	at sun.reflect.NativeMethodAccessorImpl.invoke(NativeMethodAccessorImpl.java:39)
	at sun.reflect.DelegatingMethodAccessorImpl.invoke(DelegatingMethodAccessorImpl.java:25)
	at java.lang.reflect.Method.invoke(Method.java:585)
	at junit.framework.TestCase.runTest(TestCase.java:154)
	at junit.framework.TestCase.runBare(TestCase.java:127)
	at junit.framework.TestResult$1.protect(TestResult.java:106)
	at junit.framework.TestResult.runProtected(TestResult.java:124)
	at junit.framework.TestResult.run(TestResult.java:109)
	at junit.framework.TestCase.run(TestCase.java:118)
	at junit.framework.TestSuite.runTest(TestSuite.java:208)
	at junit.framework.TestSuite.run(TestSuite.java:203)
	at junit.framework.TestSuite.runTest(TestSuite.java:208)
	at junit.framework.TestSuite.run(TestSuite.java:203)
	at org.apache.tools.ant.taskdefs.optional.junit.JUnitTestRunner.run(JUnitTestRunner.java:421)
	at org.apache.tools.ant.taskdefs.optional.junit.JUnitTestRunner.launch(JUnitTestRunner.java:912)
	at org.apache.tools.ant.taskdefs.optional.junit.JUnitTestRunner.main(JUnitTestRunner.java:766)
Exit from method [LookupServiceBean#searchClientsByName]. Time spent: 0 ms. Return value: null
Enter into method [LookupServiceBean#searchClients]. Argument info: com.topcoder.search.builder.filter.NullFilter@fb78af. Entrance timestamp: 1221392582265
Exit from method [LookupServiceBean#searchClients]. Time spent: 0 ms. Return value: [[ id=5 name=Jack codeName=null salesTax=0.0 isDeleted=false company=null clientStatus=null] [ id=7 name=Jack codeName=null salesTax=0.0 isDeleted=false company=null clientStatus=null]]
Enter into method [LookupServiceBean#searchClients]. Argument info: com.topcoder.search.builder.filter.NullFilter@1b030d8. Entrance timestamp: 1221392582265
Exit from method [LookupServiceBean#searchClients]. Time spent: 0 ms. Return value: [[ id=5 name=Jack codeName=null salesTax=0.0 isDeleted=false company=null clientStatus=null] [ id=7 name=Jack codeName=null salesTax=0.0 isDeleted=false company=null clientStatus=null] [ id=0 name=null codeName=null salesTax=0.0 isDeleted=false company=null clientStatus=null]]
Enter into method [LookupServiceBean#searchClients]. Argument info: null. Entrance timestamp: 1221392582468
Parameter [filter] should not be null.
java.lang.IllegalArgumentException: Parameter [filter] should not be null.
	at com.topcoder.clients.webservices.Util.checkNullWithLog(Util.java:98)
	at com.topcoder.clients.webservices.beans.LookupServiceBean.searchClients(LookupServiceBean.java:668)
	at com.topcoder.clients.webservices.beans.LookupServiceBeanTest.testSearchClients_Failure1(LookupServiceBeanTest.java:728)
	at sun.reflect.NativeMethodAccessorImpl.invoke0(Native Method)
	at sun.reflect.NativeMethodAccessorImpl.invoke(NativeMethodAccessorImpl.java:39)
	at sun.reflect.DelegatingMethodAccessorImpl.invoke(DelegatingMethodAccessorImpl.java:25)
	at java.lang.reflect.Method.invoke(Method.java:585)
	at junit.framework.TestCase.runTest(TestCase.java:154)
	at junit.framework.TestCase.runBare(TestCase.java:127)
	at junit.framework.TestResult$1.protect(TestResult.java:106)
	at junit.framework.TestResult.runProtected(TestResult.java:124)
	at junit.framework.TestResult.run(TestResult.java:109)
	at junit.framework.TestCase.run(TestCase.java:118)
	at junit.framework.TestSuite.runTest(TestSuite.java:208)
	at junit.framework.TestSuite.run(TestSuite.java:203)
	at junit.framework.TestSuite.runTest(TestSuite.java:208)
	at junit.framework.TestSuite.run(TestSuite.java:203)
	at org.apache.tools.ant.taskdefs.optional.junit.JUnitTestRunner.run(JUnitTestRunner.java:421)
	at org.apache.tools.ant.taskdefs.optional.junit.JUnitTestRunner.launch(JUnitTestRunner.java:912)
	at org.apache.tools.ant.taskdefs.optional.junit.JUnitTestRunner.main(JUnitTestRunner.java:766)
Exit from method [LookupServiceBean#searchClients]. Time spent: 0 ms. Return value: null
Enter into method [LookupServiceBean#searchClients]. Argument info: com.topcoder.search.builder.filter.NullFilter@67ed13. Entrance timestamp: 1221392582703
Resource [clientManager] should not be null.
java.lang.IllegalStateException: Resource [clientManager] should not be null.
	at com.topcoder.clients.webservices.Util.checkResource(Util.java:227)
	at com.topcoder.clients.webservices.beans.LookupServiceBean.searchClients(LookupServiceBean.java:669)
	at com.topcoder.clients.webservices.beans.LookupServiceBeanTest.testSearchClients_Failure2(LookupServiceBeanTest.java:752)
	at sun.reflect.NativeMethodAccessorImpl.invoke0(Native Method)
	at sun.reflect.NativeMethodAccessorImpl.invoke(NativeMethodAccessorImpl.java:39)
	at sun.reflect.DelegatingMethodAccessorImpl.invoke(DelegatingMethodAccessorImpl.java:25)
	at java.lang.reflect.Method.invoke(Method.java:585)
	at junit.framework.TestCase.runTest(TestCase.java:154)
	at junit.framework.TestCase.runBare(TestCase.java:127)
	at junit.framework.TestResult$1.protect(TestResult.java:106)
	at junit.framework.TestResult.runProtected(TestResult.java:124)
	at junit.framework.TestResult.run(TestResult.java:109)
	at junit.framework.TestCase.run(TestCase.java:118)
	at junit.framework.TestSuite.runTest(TestSuite.java:208)
	at junit.framework.TestSuite.run(TestSuite.java:203)
	at junit.framework.TestSuite.runTest(TestSuite.java:208)
	at junit.framework.TestSuite.run(TestSuite.java:203)
	at org.apache.tools.ant.taskdefs.optional.junit.JUnitTestRunner.run(JUnitTestRunner.java:421)
	at org.apache.tools.ant.taskdefs.optional.junit.JUnitTestRunner.launch(JUnitTestRunner.java:912)
	at org.apache.tools.ant.taskdefs.optional.junit.JUnitTestRunner.main(JUnitTestRunner.java:766)
Exit from method [LookupServiceBean#searchClients]. Time spent: 15 ms. Return value: null
Enter into method [LookupServiceBean#searchClients]. Argument info: com.topcoder.search.builder.filter.NullFilter@90be01. Entrance timestamp: 1221392582953
User isn't authenticated to perform [searchClients] operation.
com.topcoder.clients.webservices.beans.AuthorizationFailedException: User isn't authenticated to perform [searchClients] operation.
	at com.topcoder.clients.webservices.beans.LookupServiceBean.authenticationCheck(LookupServiceBean.java:1571)
	at com.topcoder.clients.webservices.beans.LookupServiceBean.searchClients(LookupServiceBean.java:673)
	at com.topcoder.clients.webservices.beans.LookupServiceBeanTest.testSearchClients_Failure3(LookupServiceBeanTest.java:776)
	at sun.reflect.NativeMethodAccessorImpl.invoke0(Native Method)
	at sun.reflect.NativeMethodAccessorImpl.invoke(NativeMethodAccessorImpl.java:39)
	at sun.reflect.DelegatingMethodAccessorImpl.invoke(DelegatingMethodAccessorImpl.java:25)
	at java.lang.reflect.Method.invoke(Method.java:585)
	at junit.framework.TestCase.runTest(TestCase.java:154)
	at junit.framework.TestCase.runBare(TestCase.java:127)
	at junit.framework.TestResult$1.protect(TestResult.java:106)
	at junit.framework.TestResult.runProtected(TestResult.java:124)
	at junit.framework.TestResult.run(TestResult.java:109)
	at junit.framework.TestCase.run(TestCase.java:118)
	at junit.framework.TestSuite.runTest(TestSuite.java:208)
	at junit.framework.TestSuite.run(TestSuite.java:203)
	at junit.framework.TestSuite.runTest(TestSuite.java:208)
	at junit.framework.TestSuite.run(TestSuite.java:203)
	at org.apache.tools.ant.taskdefs.optional.junit.JUnitTestRunner.run(JUnitTestRunner.java:421)
	at org.apache.tools.ant.taskdefs.optional.junit.JUnitTestRunner.launch(JUnitTestRunner.java:912)
	at org.apache.tools.ant.taskdefs.optional.junit.JUnitTestRunner.main(JUnitTestRunner.java:766)
Exit from method [LookupServiceBean#searchClients]. Time spent: 0 ms. Return value: null
Enter into method [LookupServiceBean#searchClients]. Argument info: com.topcoder.search.builder.filter.NullFilter@a2f435. Entrance timestamp: 1221392583171
Test exception
com.topcoder.clients.manager.ClientManagerException: Test exception
	at com.topcoder.clients.webservices.beans.ClientManagerMock.checkFail(ClientManagerMock.java:350)
	at com.topcoder.clients.webservices.beans.ClientManagerMock.retrieveAllClients(ClientManagerMock.java:199)
	at com.topcoder.clients.webservices.beans.ClientManagerMock.searchClients(ClientManagerMock.java:246)
	at com.topcoder.clients.webservices.beans.LookupServiceBean.searchClients(LookupServiceBean.java:676)
	at com.topcoder.clients.webservices.beans.LookupServiceBeanTest.testSearchClients_Failure4(LookupServiceBeanTest.java:800)
	at sun.reflect.NativeMethodAccessorImpl.invoke0(Native Method)
	at sun.reflect.NativeMethodAccessorImpl.invoke(NativeMethodAccessorImpl.java:39)
	at sun.reflect.DelegatingMethodAccessorImpl.invoke(DelegatingMethodAccessorImpl.java:25)
	at java.lang.reflect.Method.invoke(Method.java:585)
	at junit.framework.TestCase.runTest(TestCase.java:154)
	at junit.framework.TestCase.runBare(TestCase.java:127)
	at junit.framework.TestResult$1.protect(TestResult.java:106)
	at junit.framework.TestResult.runProtected(TestResult.java:124)
	at junit.framework.TestResult.run(TestResult.java:109)
	at junit.framework.TestCase.run(TestCase.java:118)
	at junit.framework.TestSuite.runTest(TestSuite.java:208)
	at junit.framework.TestSuite.run(TestSuite.java:203)
	at junit.framework.TestSuite.runTest(TestSuite.java:208)
	at junit.framework.TestSuite.run(TestSuite.java:203)
	at org.apache.tools.ant.taskdefs.optional.junit.JUnitTestRunner.run(JUnitTestRunner.java:421)
	at org.apache.tools.ant.taskdefs.optional.junit.JUnitTestRunner.launch(JUnitTestRunner.java:912)
	at org.apache.tools.ant.taskdefs.optional.junit.JUnitTestRunner.main(JUnitTestRunner.java:766)
Exit from method [LookupServiceBean#searchClients]. Time spent: 0 ms. Return value: null
Enter into method [LookupServiceBean#getClientStatus]. Argument info: 42. Entrance timestamp: 1221392583421
Exit from method [LookupServiceBean#getClientStatus]. Time spent: 0 ms. Return value: [ id=42 name=null description=null isDeleted=false]
Enter into method [LookupServiceBean#getClientStatus]. Argument info: -1. Entrance timestamp: 1221392583640
Parameter [id] should be positive but is [-1].
java.lang.IllegalArgumentException: Parameter [id] should be positive but is [-1].
	at com.topcoder.clients.webservices.Util.checkPositiveWithLog(Util.java:141)
	at com.topcoder.clients.webservices.beans.LookupServiceBean.getClientStatus(LookupServiceBean.java:715)
	at com.topcoder.clients.webservices.beans.LookupServiceBeanTest.testGetClientStatus_Failure1(LookupServiceBeanTest.java:839)
	at sun.reflect.NativeMethodAccessorImpl.invoke0(Native Method)
	at sun.reflect.NativeMethodAccessorImpl.invoke(NativeMethodAccessorImpl.java:39)
	at sun.reflect.DelegatingMethodAccessorImpl.invoke(DelegatingMethodAccessorImpl.java:25)
	at java.lang.reflect.Method.invoke(Method.java:585)
	at junit.framework.TestCase.runTest(TestCase.java:154)
	at junit.framework.TestCase.runBare(TestCase.java:127)
	at junit.framework.TestResult$1.protect(TestResult.java:106)
	at junit.framework.TestResult.runProtected(TestResult.java:124)
	at junit.framework.TestResult.run(TestResult.java:109)
	at junit.framework.TestCase.run(TestCase.java:118)
	at junit.framework.TestSuite.runTest(TestSuite.java:208)
	at junit.framework.TestSuite.run(TestSuite.java:203)
	at junit.framework.TestSuite.runTest(TestSuite.java:208)
	at junit.framework.TestSuite.run(TestSuite.java:203)
	at org.apache.tools.ant.taskdefs.optional.junit.JUnitTestRunner.run(JUnitTestRunner.java:421)
	at org.apache.tools.ant.taskdefs.optional.junit.JUnitTestRunner.launch(JUnitTestRunner.java:912)
	at org.apache.tools.ant.taskdefs.optional.junit.JUnitTestRunner.main(JUnitTestRunner.java:766)
Exit from method [LookupServiceBean#getClientStatus]. Time spent: 0 ms. Return value: null
Enter into method [LookupServiceBean#getClientStatus]. Argument info: 5. Entrance timestamp: 1221392583875
Resource [clientManager] should not be null.
java.lang.IllegalStateException: Resource [clientManager] should not be null.
	at com.topcoder.clients.webservices.Util.checkResource(Util.java:227)
	at com.topcoder.clients.webservices.beans.LookupServiceBean.getClientStatus(LookupServiceBean.java:716)
	at com.topcoder.clients.webservices.beans.LookupServiceBeanTest.testGetClientStatus_Failure2(LookupServiceBeanTest.java:863)
	at sun.reflect.NativeMethodAccessorImpl.invoke0(Native Method)
	at sun.reflect.NativeMethodAccessorImpl.invoke(NativeMethodAccessorImpl.java:39)
	at sun.reflect.DelegatingMethodAccessorImpl.invoke(DelegatingMethodAccessorImpl.java:25)
	at java.lang.reflect.Method.invoke(Method.java:585)
	at junit.framework.TestCase.runTest(TestCase.java:154)
	at junit.framework.TestCase.runBare(TestCase.java:127)
	at junit.framework.TestResult$1.protect(TestResult.java:106)
	at junit.framework.TestResult.runProtected(TestResult.java:124)
	at junit.framework.TestResult.run(TestResult.java:109)
	at junit.framework.TestCase.run(TestCase.java:118)
	at junit.framework.TestSuite.runTest(TestSuite.java:208)
	at junit.framework.TestSuite.run(TestSuite.java:203)
	at junit.framework.TestSuite.runTest(TestSuite.java:208)
	at junit.framework.TestSuite.run(TestSuite.java:203)
	at org.apache.tools.ant.taskdefs.optional.junit.JUnitTestRunner.run(JUnitTestRunner.java:421)
	at org.apache.tools.ant.taskdefs.optional.junit.JUnitTestRunner.launch(JUnitTestRunner.java:912)
	at org.apache.tools.ant.taskdefs.optional.junit.JUnitTestRunner.main(JUnitTestRunner.java:766)
Exit from method [LookupServiceBean#getClientStatus]. Time spent: 15 ms. Return value: null
Enter into method [LookupServiceBean#getClientStatus]. Argument info: 5. Entrance timestamp: 1221392584093
User isn't authenticated to perform [getClientStatus] operation.
com.topcoder.clients.webservices.beans.AuthorizationFailedException: User isn't authenticated to perform [getClientStatus] operation.
	at com.topcoder.clients.webservices.beans.LookupServiceBean.authenticationCheck(LookupServiceBean.java:1571)
	at com.topcoder.clients.webservices.beans.LookupServiceBean.getClientStatus(LookupServiceBean.java:720)
	at com.topcoder.clients.webservices.beans.LookupServiceBeanTest.testGetClientStatus_Failure3(LookupServiceBeanTest.java:887)
	at sun.reflect.NativeMethodAccessorImpl.invoke0(Native Method)
	at sun.reflect.NativeMethodAccessorImpl.invoke(NativeMethodAccessorImpl.java:39)
	at sun.reflect.DelegatingMethodAccessorImpl.invoke(DelegatingMethodAccessorImpl.java:25)
	at java.lang.reflect.Method.invoke(Method.java:585)
	at junit.framework.TestCase.runTest(TestCase.java:154)
	at junit.framework.TestCase.runBare(TestCase.java:127)
	at junit.framework.TestResult$1.protect(TestResult.java:106)
	at junit.framework.TestResult.runProtected(TestResult.java:124)
	at junit.framework.TestResult.run(TestResult.java:109)
	at junit.framework.TestCase.run(TestCase.java:118)
	at junit.framework.TestSuite.runTest(TestSuite.java:208)
	at junit.framework.TestSuite.run(TestSuite.java:203)
	at junit.framework.TestSuite.runTest(TestSuite.java:208)
	at junit.framework.TestSuite.run(TestSuite.java:203)
	at org.apache.tools.ant.taskdefs.optional.junit.JUnitTestRunner.run(JUnitTestRunner.java:421)
	at org.apache.tools.ant.taskdefs.optional.junit.JUnitTestRunner.launch(JUnitTestRunner.java:912)
	at org.apache.tools.ant.taskdefs.optional.junit.JUnitTestRunner.main(JUnitTestRunner.java:766)
Exit from method [LookupServiceBean#getClientStatus]. Time spent: 0 ms. Return value: null
Enter into method [LookupServiceBean#getClientStatus]. Argument info: 5. Entrance timestamp: 1221392584328
Test exception
com.topcoder.clients.manager.ClientManagerException: Test exception
	at com.topcoder.clients.webservices.beans.ClientManagerMock.checkFail(ClientManagerMock.java:350)
	at com.topcoder.clients.webservices.beans.ClientManagerMock.getClientStatus(ClientManagerMock.java:166)
	at com.topcoder.clients.webservices.beans.LookupServiceBean.getClientStatus(LookupServiceBean.java:723)
	at com.topcoder.clients.webservices.beans.LookupServiceBeanTest.testGetClientStatus_Failure4(LookupServiceBeanTest.java:911)
	at sun.reflect.NativeMethodAccessorImpl.invoke0(Native Method)
	at sun.reflect.NativeMethodAccessorImpl.invoke(NativeMethodAccessorImpl.java:39)
	at sun.reflect.DelegatingMethodAccessorImpl.invoke(DelegatingMethodAccessorImpl.java:25)
	at java.lang.reflect.Method.invoke(Method.java:585)
	at junit.framework.TestCase.runTest(TestCase.java:154)
	at junit.framework.TestCase.runBare(TestCase.java:127)
	at junit.framework.TestResult$1.protect(TestResult.java:106)
	at junit.framework.TestResult.runProtected(TestResult.java:124)
	at junit.framework.TestResult.run(TestResult.java:109)
	at junit.framework.TestCase.run(TestCase.java:118)
	at junit.framework.TestSuite.runTest(TestSuite.java:208)
	at junit.framework.TestSuite.run(TestSuite.java:203)
	at junit.framework.TestSuite.runTest(TestSuite.java:208)
	at junit.framework.TestSuite.run(TestSuite.java:203)
	at org.apache.tools.ant.taskdefs.optional.junit.JUnitTestRunner.run(JUnitTestRunner.java:421)
	at org.apache.tools.ant.taskdefs.optional.junit.JUnitTestRunner.launch(JUnitTestRunner.java:912)
	at org.apache.tools.ant.taskdefs.optional.junit.JUnitTestRunner.main(JUnitTestRunner.java:766)
Exit from method [LookupServiceBean#getClientStatus]. Time spent: 0 ms. Return value: null
Enter into method [LookupServiceBean#getAllClientStatuses]. Entrance timestamp: 1221392584546
Exit from method [LookupServiceBean#getAllClientStatuses]. Time spent: 0 ms. Return value: [[ id=0 name=null description=test1 isDeleted=false] [ id=0 name=null description=test2 isDeleted=false]]
Enter into method [LookupServiceBean#getAllClientStatuses]. Entrance timestamp: 1221392584796
Resource [clientManager] should not be null.
java.lang.IllegalStateException: Resource [clientManager] should not be null.
	at com.topcoder.clients.webservices.Util.checkResource(Util.java:227)
	at com.topcoder.clients.webservices.beans.LookupServiceBean.getAllClientStatuses(LookupServiceBean.java:757)
	at com.topcoder.clients.webservices.beans.LookupServiceBeanTest.testGetAllClientStatuses_Failure1(LookupServiceBeanTest.java:950)
	at sun.reflect.NativeMethodAccessorImpl.invoke0(Native Method)
	at sun.reflect.NativeMethodAccessorImpl.invoke(NativeMethodAccessorImpl.java:39)
	at sun.reflect.DelegatingMethodAccessorImpl.invoke(DelegatingMethodAccessorImpl.java:25)
	at java.lang.reflect.Method.invoke(Method.java:585)
	at junit.framework.TestCase.runTest(TestCase.java:154)
	at junit.framework.TestCase.runBare(TestCase.java:127)
	at junit.framework.TestResult$1.protect(TestResult.java:106)
	at junit.framework.TestResult.runProtected(TestResult.java:124)
	at junit.framework.TestResult.run(TestResult.java:109)
	at junit.framework.TestCase.run(TestCase.java:118)
	at junit.framework.TestSuite.runTest(TestSuite.java:208)
	at junit.framework.TestSuite.run(TestSuite.java:203)
	at junit.framework.TestSuite.runTest(TestSuite.java:208)
	at junit.framework.TestSuite.run(TestSuite.java:203)
	at org.apache.tools.ant.taskdefs.optional.junit.JUnitTestRunner.run(JUnitTestRunner.java:421)
	at org.apache.tools.ant.taskdefs.optional.junit.JUnitTestRunner.launch(JUnitTestRunner.java:912)
	at org.apache.tools.ant.taskdefs.optional.junit.JUnitTestRunner.main(JUnitTestRunner.java:766)
Exit from method [LookupServiceBean#getAllClientStatuses]. Time spent: 0 ms. Return value: null
Enter into method [LookupServiceBean#getAllClientStatuses]. Entrance timestamp: 1221392585000
User isn't authenticated to perform [getAllClientStatuses] operation.
com.topcoder.clients.webservices.beans.AuthorizationFailedException: User isn't authenticated to perform [getAllClientStatuses] operation.
	at com.topcoder.clients.webservices.beans.LookupServiceBean.authenticationCheck(LookupServiceBean.java:1571)
	at com.topcoder.clients.webservices.beans.LookupServiceBean.getAllClientStatuses(LookupServiceBean.java:761)
	at com.topcoder.clients.webservices.beans.LookupServiceBeanTest.testGetAllClientStatuses_Failure2(LookupServiceBeanTest.java:974)
	at sun.reflect.NativeMethodAccessorImpl.invoke0(Native Method)
	at sun.reflect.NativeMethodAccessorImpl.invoke(NativeMethodAccessorImpl.java:39)
	at sun.reflect.DelegatingMethodAccessorImpl.invoke(DelegatingMethodAccessorImpl.java:25)
	at java.lang.reflect.Method.invoke(Method.java:585)
	at junit.framework.TestCase.runTest(TestCase.java:154)
	at junit.framework.TestCase.runBare(TestCase.java:127)
	at junit.framework.TestResult$1.protect(TestResult.java:106)
	at junit.framework.TestResult.runProtected(TestResult.java:124)
	at junit.framework.TestResult.run(TestResult.java:109)
	at junit.framework.TestCase.run(TestCase.java:118)
	at junit.framework.TestSuite.runTest(TestSuite.java:208)
	at junit.framework.TestSuite.run(TestSuite.java:203)
	at junit.framework.TestSuite.runTest(TestSuite.java:208)
	at junit.framework.TestSuite.run(TestSuite.java:203)
	at org.apache.tools.ant.taskdefs.optional.junit.JUnitTestRunner.run(JUnitTestRunner.java:421)
	at org.apache.tools.ant.taskdefs.optional.junit.JUnitTestRunner.launch(JUnitTestRunner.java:912)
	at org.apache.tools.ant.taskdefs.optional.junit.JUnitTestRunner.main(JUnitTestRunner.java:766)
Exit from method [LookupServiceBean#getAllClientStatuses]. Time spent: 15 ms. Return value: null
Enter into method [LookupServiceBean#getAllClientStatuses]. Entrance timestamp: 1221392585250
Test exception
com.topcoder.clients.manager.ClientManagerException: Test exception
	at com.topcoder.clients.webservices.beans.ClientManagerMock.checkFail(ClientManagerMock.java:350)
	at com.topcoder.clients.webservices.beans.ClientManagerMock.getAllClientStatuses(ClientManagerMock.java:141)
	at com.topcoder.clients.webservices.beans.LookupServiceBean.getAllClientStatuses(LookupServiceBean.java:764)
	at com.topcoder.clients.webservices.beans.LookupServiceBeanTest.testGetAllClientStatuses_Failure3(LookupServiceBeanTest.java:998)
	at sun.reflect.NativeMethodAccessorImpl.invoke0(Native Method)
	at sun.reflect.NativeMethodAccessorImpl.invoke(NativeMethodAccessorImpl.java:39)
	at sun.reflect.DelegatingMethodAccessorImpl.invoke(DelegatingMethodAccessorImpl.java:25)
	at java.lang.reflect.Method.invoke(Method.java:585)
	at junit.framework.TestCase.runTest(TestCase.java:154)
	at junit.framework.TestCase.runBare(TestCase.java:127)
	at junit.framework.TestResult$1.protect(TestResult.java:106)
	at junit.framework.TestResult.runProtected(TestResult.java:124)
	at junit.framework.TestResult.run(TestResult.java:109)
	at junit.framework.TestCase.run(TestCase.java:118)
	at junit.framework.TestSuite.runTest(TestSuite.java:208)
	at junit.framework.TestSuite.run(TestSuite.java:203)
	at junit.framework.TestSuite.runTest(TestSuite.java:208)
	at junit.framework.TestSuite.run(TestSuite.java:203)
	at org.apache.tools.ant.taskdefs.optional.junit.JUnitTestRunner.run(JUnitTestRunner.java:421)
	at org.apache.tools.ant.taskdefs.optional.junit.JUnitTestRunner.launch(JUnitTestRunner.java:912)
	at org.apache.tools.ant.taskdefs.optional.junit.JUnitTestRunner.main(JUnitTestRunner.java:766)
Exit from method [LookupServiceBean#getAllClientStatuses]. Time spent: 0 ms. Return value: null
Enter into method [LookupServiceBean#getClientsForStatus]. Argument info: [ id=0 name=null description=null isDeleted=false]. Entrance timestamp: 1221392585468
Exit from method [LookupServiceBean#getClientsForStatus]. Time spent: 0 ms. Return value: [[ id=5 name=Jack codeName=null salesTax=0.0 isDeleted=false company=null clientStatus=null] [ id=7 name=Nick codeName=null salesTax=0.0 isDeleted=false company=null clientStatus=null]]
Enter into method [LookupServiceBean#getClientsForStatus]. Argument info: [ id=0 name=null description=null isDeleted=false]. Entrance timestamp: 1221392585468
Exit from method [LookupServiceBean#getClientsForStatus]. Time spent: 0 ms. Return value: [[ id=5 name=Jack codeName=null salesTax=0.0 isDeleted=false company=null clientStatus=null] [ id=7 name=Nick codeName=null salesTax=0.0 isDeleted=false company=null clientStatus=null] [ id=0 name=null codeName=null salesTax=0.0 isDeleted=false company=null clientStatus=null]]
Enter into method [LookupServiceBean#getClientsForStatus]. Argument info: null. Entrance timestamp: 1221392585703
Parameter [status] should not be null.
java.lang.IllegalArgumentException: Parameter [status] should not be null.
	at com.topcoder.clients.webservices.Util.checkNullWithLog(Util.java:98)
	at com.topcoder.clients.webservices.beans.LookupServiceBean.getClientsForStatus(LookupServiceBean.java:803)
	at com.topcoder.clients.webservices.beans.LookupServiceBeanTest.testGetClientsForStatus_Failure1(LookupServiceBeanTest.java:1055)
	at sun.reflect.NativeMethodAccessorImpl.invoke0(Native Method)
	at sun.reflect.NativeMethodAccessorImpl.invoke(NativeMethodAccessorImpl.java:39)
	at sun.reflect.DelegatingMethodAccessorImpl.invoke(DelegatingMethodAccessorImpl.java:25)
	at java.lang.reflect.Method.invoke(Method.java:585)
	at junit.framework.TestCase.runTest(TestCase.java:154)
	at junit.framework.TestCase.runBare(TestCase.java:127)
	at junit.framework.TestResult$1.protect(TestResult.java:106)
	at junit.framework.TestResult.runProtected(TestResult.java:124)
	at junit.framework.TestResult.run(TestResult.java:109)
	at junit.framework.TestCase.run(TestCase.java:118)
	at junit.framework.TestSuite.runTest(TestSuite.java:208)
	at junit.framework.TestSuite.run(TestSuite.java:203)
	at junit.framework.TestSuite.runTest(TestSuite.java:208)
	at junit.framework.TestSuite.run(TestSuite.java:203)
	at org.apache.tools.ant.taskdefs.optional.junit.JUnitTestRunner.run(JUnitTestRunner.java:421)
	at org.apache.tools.ant.taskdefs.optional.junit.JUnitTestRunner.launch(JUnitTestRunner.java:912)
	at org.apache.tools.ant.taskdefs.optional.junit.JUnitTestRunner.main(JUnitTestRunner.java:766)
Exit from method [LookupServiceBean#getClientsForStatus]. Time spent: 0 ms. Return value: null
Enter into method [LookupServiceBean#getClientsForStatus]. Argument info: [ id=0 name=null description=null isDeleted=false]. Entrance timestamp: 1221392585921
Resource [userMappingRetriever] should not be null.
java.lang.IllegalStateException: Resource [userMappingRetriever] should not be null.
	at com.topcoder.clients.webservices.Util.checkResource(Util.java:227)
	at com.topcoder.clients.webservices.beans.LookupServiceBean.getClientsForStatus(LookupServiceBean.java:805)
	at com.topcoder.clients.webservices.beans.LookupServiceBeanTest.testGetClientsForStatus_Failure2(LookupServiceBeanTest.java:1079)
	at sun.reflect.NativeMethodAccessorImpl.invoke0(Native Method)
	at sun.reflect.NativeMethodAccessorImpl.invoke(NativeMethodAccessorImpl.java:39)
	at sun.reflect.DelegatingMethodAccessorImpl.invoke(DelegatingMethodAccessorImpl.java:25)
	at java.lang.reflect.Method.invoke(Method.java:585)
	at junit.framework.TestCase.runTest(TestCase.java:154)
	at junit.framework.TestCase.runBare(TestCase.java:127)
	at junit.framework.TestResult$1.protect(TestResult.java:106)
	at junit.framework.TestResult.runProtected(TestResult.java:124)
	at junit.framework.TestResult.run(TestResult.java:109)
	at junit.framework.TestCase.run(TestCase.java:118)
	at junit.framework.TestSuite.runTest(TestSuite.java:208)
	at junit.framework.TestSuite.run(TestSuite.java:203)
	at junit.framework.TestSuite.runTest(TestSuite.java:208)
	at junit.framework.TestSuite.run(TestSuite.java:203)
	at org.apache.tools.ant.taskdefs.optional.junit.JUnitTestRunner.run(JUnitTestRunner.java:421)
	at org.apache.tools.ant.taskdefs.optional.junit.JUnitTestRunner.launch(JUnitTestRunner.java:912)
	at org.apache.tools.ant.taskdefs.optional.junit.JUnitTestRunner.main(JUnitTestRunner.java:766)
Exit from method [LookupServiceBean#getClientsForStatus]. Time spent: 0 ms. Return value: null
Enter into method [LookupServiceBean#getClientsForStatus]. Argument info: [ id=0 name=null description=null isDeleted=false]. Entrance timestamp: 1221392586125
User isn't authenticated to perform [getClientsForStatus] operation.
com.topcoder.clients.webservices.beans.AuthorizationFailedException: User isn't authenticated to perform [getClientsForStatus] operation.
	at com.topcoder.clients.webservices.beans.LookupServiceBean.authenticationCheck(LookupServiceBean.java:1571)
	at com.topcoder.clients.webservices.beans.LookupServiceBean.getClientsForStatus(LookupServiceBean.java:808)
	at com.topcoder.clients.webservices.beans.LookupServiceBeanTest.testGetClientsForStatus_Failure3(LookupServiceBeanTest.java:1103)
	at sun.reflect.NativeMethodAccessorImpl.invoke0(Native Method)
	at sun.reflect.NativeMethodAccessorImpl.invoke(NativeMethodAccessorImpl.java:39)
	at sun.reflect.DelegatingMethodAccessorImpl.invoke(DelegatingMethodAccessorImpl.java:25)
	at java.lang.reflect.Method.invoke(Method.java:585)
	at junit.framework.TestCase.runTest(TestCase.java:154)
	at junit.framework.TestCase.runBare(TestCase.java:127)
	at junit.framework.TestResult$1.protect(TestResult.java:106)
	at junit.framework.TestResult.runProtected(TestResult.java:124)
	at junit.framework.TestResult.run(TestResult.java:109)
	at junit.framework.TestCase.run(TestCase.java:118)
	at junit.framework.TestSuite.runTest(TestSuite.java:208)
	at junit.framework.TestSuite.run(TestSuite.java:203)
	at junit.framework.TestSuite.runTest(TestSuite.java:208)
	at junit.framework.TestSuite.run(TestSuite.java:203)
	at org.apache.tools.ant.taskdefs.optional.junit.JUnitTestRunner.run(JUnitTestRunner.java:421)
	at org.apache.tools.ant.taskdefs.optional.junit.JUnitTestRunner.launch(JUnitTestRunner.java:912)
	at org.apache.tools.ant.taskdefs.optional.junit.JUnitTestRunner.main(JUnitTestRunner.java:766)
Exit from method [LookupServiceBean#getClientsForStatus]. Time spent: 0 ms. Return value: null
Enter into method [LookupServiceBean#getClientsForStatus]. Argument info: [ id=0 name=null description=null isDeleted=false]. Entrance timestamp: 1221392586375
Test exception
com.topcoder.clients.manager.ClientManagerException: Test exception
	at com.topcoder.clients.webservices.beans.ClientManagerMock.checkFail(ClientManagerMock.java:350)
	at com.topcoder.clients.webservices.beans.ClientManagerMock.retrieveAllClients(ClientManagerMock.java:199)
	at com.topcoder.clients.webservices.beans.ClientManagerMock.getClientsForStatus(ClientManagerMock.java:186)
	at com.topcoder.clients.webservices.beans.LookupServiceBean.getClientsForStatus(LookupServiceBean.java:811)
	at com.topcoder.clients.webservices.beans.LookupServiceBeanTest.testGetClientsForStatus_Failure4(LookupServiceBeanTest.java:1127)
	at sun.reflect.NativeMethodAccessorImpl.invoke0(Native Method)
	at sun.reflect.NativeMethodAccessorImpl.invoke(NativeMethodAccessorImpl.java:39)
	at sun.reflect.DelegatingMethodAccessorImpl.invoke(DelegatingMethodAccessorImpl.java:25)
	at java.lang.reflect.Method.invoke(Method.java:585)
	at junit.framework.TestCase.runTest(TestCase.java:154)
	at junit.framework.TestCase.runBare(TestCase.java:127)
	at junit.framework.TestResult$1.protect(TestResult.java:106)
	at junit.framework.TestResult.runProtected(TestResult.java:124)
	at junit.framework.TestResult.run(TestResult.java:109)
	at junit.framework.TestCase.run(TestCase.java:118)
	at junit.framework.TestSuite.runTest(TestSuite.java:208)
	at junit.framework.TestSuite.run(TestSuite.java:203)
	at junit.framework.TestSuite.runTest(TestSuite.java:208)
	at junit.framework.TestSuite.run(TestSuite.java:203)
	at org.apache.tools.ant.taskdefs.optional.junit.JUnitTestRunner.run(JUnitTestRunner.java:421)
	at org.apache.tools.ant.taskdefs.optional.junit.JUnitTestRunner.launch(JUnitTestRunner.java:912)
	at org.apache.tools.ant.taskdefs.optional.junit.JUnitTestRunner.main(JUnitTestRunner.java:766)
Exit from method [LookupServiceBean#getClientsForStatus]. Time spent: 0 ms. Return value: null
Enter into method [LookupServiceBean#retrieveProject]. Argument info: 42. Entrance timestamp: 1221392586609
Exit from method [LookupServiceBean#retrieveProject]. Time spent: 0 ms. Return value: [ id=42 name=null description=null salesTax=0.0 client=null company=null childProjects=[]]
Enter into method [LookupServiceBean#retrieveProject]. Argument info: 42. Entrance timestamp: 1221392586812
Exit from method [LookupServiceBean#retrieveProject]. Time spent: 0 ms. Return value: [ id=42 name=null description=null salesTax=0.0 client=null company=null childProjects=[]]
Enter into method [LookupServiceBean#retrieveProject]. Argument info: -5. Entrance timestamp: 1221392587046
Parameter [id] should be positive but is [-5].
java.lang.IllegalArgumentException: Parameter [id] should be positive but is [-5].
	at com.topcoder.clients.webservices.Util.checkPositiveWithLog(Util.java:141)
	at com.topcoder.clients.webservices.beans.LookupServiceBean.retrieveProject(LookupServiceBean.java:849)
	at com.topcoder.clients.webservices.beans.LookupServiceBeanTest.testRetrieveProject_Failure1(LookupServiceBeanTest.java:1189)
	at sun.reflect.NativeMethodAccessorImpl.invoke0(Native Method)
	at sun.reflect.NativeMethodAccessorImpl.invoke(NativeMethodAccessorImpl.java:39)
	at sun.reflect.DelegatingMethodAccessorImpl.invoke(DelegatingMethodAccessorImpl.java:25)
	at java.lang.reflect.Method.invoke(Method.java:585)
	at junit.framework.TestCase.runTest(TestCase.java:154)
	at junit.framework.TestCase.runBare(TestCase.java:127)
	at junit.framework.TestResult$1.protect(TestResult.java:106)
	at junit.framework.TestResult.runProtected(TestResult.java:124)
	at junit.framework.TestResult.run(TestResult.java:109)
	at junit.framework.TestCase.run(TestCase.java:118)
	at junit.framework.TestSuite.runTest(TestSuite.java:208)
	at junit.framework.TestSuite.run(TestSuite.java:203)
	at junit.framework.TestSuite.runTest(TestSuite.java:208)
	at junit.framework.TestSuite.run(TestSuite.java:203)
	at org.apache.tools.ant.taskdefs.optional.junit.JUnitTestRunner.run(JUnitTestRunner.java:421)
	at org.apache.tools.ant.taskdefs.optional.junit.JUnitTestRunner.launch(JUnitTestRunner.java:912)
	at org.apache.tools.ant.taskdefs.optional.junit.JUnitTestRunner.main(JUnitTestRunner.java:766)
Exit from method [LookupServiceBean#retrieveProject]. Time spent: 16 ms. Return value: null
Enter into method [LookupServiceBean#retrieveProject]. Argument info: 5. Entrance timestamp: 1221392587296
Resource [projectManager] should not be null.
java.lang.IllegalStateException: Resource [projectManager] should not be null.
	at com.topcoder.clients.webservices.Util.checkResource(Util.java:227)
	at com.topcoder.clients.webservices.beans.LookupServiceBean.retrieveProject(LookupServiceBean.java:850)
	at com.topcoder.clients.webservices.beans.LookupServiceBeanTest.testRetrieveProject_Failure2(LookupServiceBeanTest.java:1213)
	at sun.reflect.NativeMethodAccessorImpl.invoke0(Native Method)
	at sun.reflect.NativeMethodAccessorImpl.invoke(NativeMethodAccessorImpl.java:39)
	at sun.reflect.DelegatingMethodAccessorImpl.invoke(DelegatingMethodAccessorImpl.java:25)
	at java.lang.reflect.Method.invoke(Method.java:585)
	at junit.framework.TestCase.runTest(TestCase.java:154)
	at junit.framework.TestCase.runBare(TestCase.java:127)
	at junit.framework.TestResult$1.protect(TestResult.java:106)
	at junit.framework.TestResult.runProtected(TestResult.java:124)
	at junit.framework.TestResult.run(TestResult.java:109)
	at junit.framework.TestCase.run(TestCase.java:118)
	at junit.framework.TestSuite.runTest(TestSuite.java:208)
	at junit.framework.TestSuite.run(TestSuite.java:203)
	at junit.framework.TestSuite.runTest(TestSuite.java:208)
	at junit.framework.TestSuite.run(TestSuite.java:203)
	at org.apache.tools.ant.taskdefs.optional.junit.JUnitTestRunner.run(JUnitTestRunner.java:421)
	at org.apache.tools.ant.taskdefs.optional.junit.JUnitTestRunner.launch(JUnitTestRunner.java:912)
	at org.apache.tools.ant.taskdefs.optional.junit.JUnitTestRunner.main(JUnitTestRunner.java:766)
Exit from method [LookupServiceBean#retrieveProject]. Time spent: 0 ms. Return value: null
Enter into method [LookupServiceBean#retrieveProject]. Argument info: 5. Entrance timestamp: 1221392587500
User is restricted to perform operations with [[ id=5 name=null description=null salesTax=0.0 client=null company=null childProjects=[]]] project.
com.topcoder.clients.webservices.beans.AuthorizationFailedException: User is restricted to perform operations with [[ id=5 name=null description=null salesTax=0.0 client=null company=null childProjects=[]]] project.
	at com.topcoder.clients.webservices.beans.LookupServiceBean.checkProject(LookupServiceBean.java:1689)
	at com.topcoder.clients.webservices.beans.LookupServiceBean.retrieveProject(LookupServiceBean.java:860)
	at com.topcoder.clients.webservices.beans.LookupServiceBeanTest.testRetrieveProject_Failure3(LookupServiceBeanTest.java:1237)
	at sun.reflect.NativeMethodAccessorImpl.invoke0(Native Method)
	at sun.reflect.NativeMethodAccessorImpl.invoke(NativeMethodAccessorImpl.java:39)
	at sun.reflect.DelegatingMethodAccessorImpl.invoke(DelegatingMethodAccessorImpl.java:25)
	at java.lang.reflect.Method.invoke(Method.java:585)
	at junit.framework.TestCase.runTest(TestCase.java:154)
	at junit.framework.TestCase.runBare(TestCase.java:127)
	at junit.framework.TestResult$1.protect(TestResult.java:106)
	at junit.framework.TestResult.runProtected(TestResult.java:124)
	at junit.framework.TestResult.run(TestResult.java:109)
	at junit.framework.TestCase.run(TestCase.java:118)
	at junit.framework.TestSuite.runTest(TestSuite.java:208)
	at junit.framework.TestSuite.run(TestSuite.java:203)
	at junit.framework.TestSuite.runTest(TestSuite.java:208)
	at junit.framework.TestSuite.run(TestSuite.java:203)
	at org.apache.tools.ant.taskdefs.optional.junit.JUnitTestRunner.run(JUnitTestRunner.java:421)
	at org.apache.tools.ant.taskdefs.optional.junit.JUnitTestRunner.launch(JUnitTestRunner.java:912)
	at org.apache.tools.ant.taskdefs.optional.junit.JUnitTestRunner.main(JUnitTestRunner.java:766)
Exit from method [LookupServiceBean#retrieveProject]. Time spent: 0 ms. Return value: null
Enter into method [LookupServiceBean#retrieveProject]. Argument info: 5. Entrance timestamp: 1221392587734
Test exception
com.topcoder.clients.manager.ProjectManagerException: Test exception
	at com.topcoder.clients.webservices.beans.ProjectManagerMock.checkFail(ProjectManagerMock.java:353)
	at com.topcoder.clients.webservices.beans.ProjectManagerMock.retrieveProject(ProjectManagerMock.java:224)
	at com.topcoder.clients.webservices.beans.LookupServiceBean.retrieveProject(LookupServiceBean.java:857)
	at com.topcoder.clients.webservices.beans.LookupServiceBeanTest.testRetrieveProject_Failure4(LookupServiceBeanTest.java:1263)
	at sun.reflect.NativeMethodAccessorImpl.invoke0(Native Method)
	at sun.reflect.NativeMethodAccessorImpl.invoke(NativeMethodAccessorImpl.java:39)
	at sun.reflect.DelegatingMethodAccessorImpl.invoke(DelegatingMethodAccessorImpl.java:25)
	at java.lang.reflect.Method.invoke(Method.java:585)
	at junit.framework.TestCase.runTest(TestCase.java:154)
	at junit.framework.TestCase.runBare(TestCase.java:127)
	at junit.framework.TestResult$1.protect(TestResult.java:106)
	at junit.framework.TestResult.runProtected(TestResult.java:124)
	at junit.framework.TestResult.run(TestResult.java:109)
	at junit.framework.TestCase.run(TestCase.java:118)
	at junit.framework.TestSuite.runTest(TestSuite.java:208)
	at junit.framework.TestSuite.run(TestSuite.java:203)
	at junit.framework.TestSuite.runTest(TestSuite.java:208)
	at junit.framework.TestSuite.run(TestSuite.java:203)
	at org.apache.tools.ant.taskdefs.optional.junit.JUnitTestRunner.run(JUnitTestRunner.java:421)
	at org.apache.tools.ant.taskdefs.optional.junit.JUnitTestRunner.launch(JUnitTestRunner.java:912)
	at org.apache.tools.ant.taskdefs.optional.junit.JUnitTestRunner.main(JUnitTestRunner.java:766)
Exit from method [LookupServiceBean#retrieveProject]. Time spent: 0 ms. Return value: null
Enter into method [LookupServiceBean#retrieveProjectsForClient]. Argument info: [ id=0 name=null codeName=null salesTax=0.0 isDeleted=false company=null clientStatus=null]. Entrance timestamp: 1221392587937
Exit from method [LookupServiceBean#retrieveProjectsForClient]. Time spent: 0 ms. Return value: [[ id=5 name=null description=null salesTax=0.0 client=null company=null childProjects=[]] [ id=7 name=null description=null salesTax=0.0 client=null company=null childProjects=[]]]
Enter into method [LookupServiceBean#retrieveProjectsForClient]. Argument info: [ id=0 name=null codeName=null salesTax=0.0 isDeleted=false company=null clientStatus=null]. Entrance timestamp: 1221392587937
Exit from method [LookupServiceBean#retrieveProjectsForClient]. Time spent: 16 ms. Return value: [[ id=5 name=null description=null salesTax=0.0 client=null company=null childProjects=[]] [ id=7 name=null description=null salesTax=0.0 client=null company=null childProjects=[]] [ id=0 name=null description=null salesTax=0.0 client=null company=null childProjects=[]]]
Enter into method [LookupServiceBean#retrieveProjectsForClient]. Argument info: null. Entrance timestamp: 1221392588187
Parameter [client] should not be null.
java.lang.IllegalArgumentException: Parameter [client] should not be null.
	at com.topcoder.clients.webservices.Util.checkNullWithLog(Util.java:98)
	at com.topcoder.clients.webservices.beans.LookupServiceBean.retrieveProjectsForClient(LookupServiceBean.java:900)
	at com.topcoder.clients.webservices.beans.LookupServiceBeanTest.testRetrieveProjectsForClient_Failure1(LookupServiceBeanTest.java:1319)
	at sun.reflect.NativeMethodAccessorImpl.invoke0(Native Method)
	at sun.reflect.NativeMethodAccessorImpl.invoke(NativeMethodAccessorImpl.java:39)
	at sun.reflect.DelegatingMethodAccessorImpl.invoke(DelegatingMethodAccessorImpl.java:25)
	at java.lang.reflect.Method.invoke(Method.java:585)
	at junit.framework.TestCase.runTest(TestCase.java:154)
	at junit.framework.TestCase.runBare(TestCase.java:127)
	at junit.framework.TestResult$1.protect(TestResult.java:106)
	at junit.framework.TestResult.runProtected(TestResult.java:124)
	at junit.framework.TestResult.run(TestResult.java:109)
	at junit.framework.TestCase.run(TestCase.java:118)
	at junit.framework.TestSuite.runTest(TestSuite.java:208)
	at junit.framework.TestSuite.run(TestSuite.java:203)
	at junit.framework.TestSuite.runTest(TestSuite.java:208)
	at junit.framework.TestSuite.run(TestSuite.java:203)
	at org.apache.tools.ant.taskdefs.optional.junit.JUnitTestRunner.run(JUnitTestRunner.java:421)
	at org.apache.tools.ant.taskdefs.optional.junit.JUnitTestRunner.launch(JUnitTestRunner.java:912)
	at org.apache.tools.ant.taskdefs.optional.junit.JUnitTestRunner.main(JUnitTestRunner.java:766)
Exit from method [LookupServiceBean#retrieveProjectsForClient]. Time spent: 0 ms. Return value: null
Enter into method [LookupServiceBean#retrieveProjectsForClient]. Argument info: [ id=0 name=null codeName=null salesTax=0.0 isDeleted=false company=null clientStatus=null]. Entrance timestamp: 1221392588390
Resource [projectManager] should not be null.
java.lang.IllegalStateException: Resource [projectManager] should not be null.
	at com.topcoder.clients.webservices.Util.checkResource(Util.java:227)
	at com.topcoder.clients.webservices.beans.LookupServiceBean.retrieveProjectsForClient(LookupServiceBean.java:901)
	at com.topcoder.clients.webservices.beans.LookupServiceBeanTest.testRetrieveProjectsForClient_Failure2(LookupServiceBeanTest.java:1343)
	at sun.reflect.NativeMethodAccessorImpl.invoke0(Native Method)
	at sun.reflect.NativeMethodAccessorImpl.invoke(NativeMethodAccessorImpl.java:39)
	at sun.reflect.DelegatingMethodAccessorImpl.invoke(DelegatingMethodAccessorImpl.java:25)
	at java.lang.reflect.Method.invoke(Method.java:585)
	at junit.framework.TestCase.runTest(TestCase.java:154)
	at junit.framework.TestCase.runBare(TestCase.java:127)
	at junit.framework.TestResult$1.protect(TestResult.java:106)
	at junit.framework.TestResult.runProtected(TestResult.java:124)
	at junit.framework.TestResult.run(TestResult.java:109)
	at junit.framework.TestCase.run(TestCase.java:118)
	at junit.framework.TestSuite.runTest(TestSuite.java:208)
	at junit.framework.TestSuite.run(TestSuite.java:203)
	at junit.framework.TestSuite.runTest(TestSuite.java:208)
	at junit.framework.TestSuite.run(TestSuite.java:203)
	at org.apache.tools.ant.taskdefs.optional.junit.JUnitTestRunner.run(JUnitTestRunner.java:421)
	at org.apache.tools.ant.taskdefs.optional.junit.JUnitTestRunner.launch(JUnitTestRunner.java:912)
	at org.apache.tools.ant.taskdefs.optional.junit.JUnitTestRunner.main(JUnitTestRunner.java:766)
Exit from method [LookupServiceBean#retrieveProjectsForClient]. Time spent: 0 ms. Return value: null
Enter into method [LookupServiceBean#retrieveProjectsForClient]. Argument info: [ id=0 name=null codeName=null salesTax=0.0 isDeleted=false company=null clientStatus=null]. Entrance timestamp: 1221392588625
User isn't authenticated to perform [retrieveProjectsForClient] operation.
com.topcoder.clients.webservices.beans.AuthorizationFailedException: User isn't authenticated to perform [retrieveProjectsForClient] operation.
	at com.topcoder.clients.webservices.beans.LookupServiceBean.authenticationCheck(LookupServiceBean.java:1571)
	at com.topcoder.clients.webservices.beans.LookupServiceBean.retrieveProjectsForClient(LookupServiceBean.java:905)
	at com.topcoder.clients.webservices.beans.LookupServiceBeanTest.testRetrieveProjectsForClient_Failure3(LookupServiceBeanTest.java:1367)
	at sun.reflect.NativeMethodAccessorImpl.invoke0(Native Method)
	at sun.reflect.NativeMethodAccessorImpl.invoke(NativeMethodAccessorImpl.java:39)
	at sun.reflect.DelegatingMethodAccessorImpl.invoke(DelegatingMethodAccessorImpl.java:25)
	at java.lang.reflect.Method.invoke(Method.java:585)
	at junit.framework.TestCase.runTest(TestCase.java:154)
	at junit.framework.TestCase.runBare(TestCase.java:127)
	at junit.framework.TestResult$1.protect(TestResult.java:106)
	at junit.framework.TestResult.runProtected(TestResult.java:124)
	at junit.framework.TestResult.run(TestResult.java:109)
	at junit.framework.TestCase.run(TestCase.java:118)
	at junit.framework.TestSuite.runTest(TestSuite.java:208)
	at junit.framework.TestSuite.run(TestSuite.java:203)
	at junit.framework.TestSuite.runTest(TestSuite.java:208)
	at junit.framework.TestSuite.run(TestSuite.java:203)
	at org.apache.tools.ant.taskdefs.optional.junit.JUnitTestRunner.run(JUnitTestRunner.java:421)
	at org.apache.tools.ant.taskdefs.optional.junit.JUnitTestRunner.launch(JUnitTestRunner.java:912)
	at org.apache.tools.ant.taskdefs.optional.junit.JUnitTestRunner.main(JUnitTestRunner.java:766)
Exit from method [LookupServiceBean#retrieveProjectsForClient]. Time spent: 0 ms. Return value: null
Enter into method [LookupServiceBean#retrieveProjectsForClient]. Argument info: [ id=0 name=null codeName=null salesTax=0.0 isDeleted=false company=null clientStatus=null]. Entrance timestamp: 1221392588843
Test exception
com.topcoder.clients.manager.ProjectManagerException: Test exception
	at com.topcoder.clients.webservices.beans.ProjectManagerMock.checkFail(ProjectManagerMock.java:353)
	at com.topcoder.clients.webservices.beans.ProjectManagerMock.retrieveAllProjects(ProjectManagerMock.java:204)
	at com.topcoder.clients.webservices.beans.ProjectManagerMock.retrieveProjectsForClient(ProjectManagerMock.java:251)
	at com.topcoder.clients.webservices.beans.LookupServiceBean.retrieveProjectsForClient(LookupServiceBean.java:908)
	at com.topcoder.clients.webservices.beans.LookupServiceBeanTest.testRetrieveProjectsForClient_Failure4(LookupServiceBeanTest.java:1391)
	at sun.reflect.NativeMethodAccessorImpl.invoke0(Native Method)
	at sun.reflect.NativeMethodAccessorImpl.invoke(NativeMethodAccessorImpl.java:39)
	at sun.reflect.DelegatingMethodAccessorImpl.invoke(DelegatingMethodAccessorImpl.java:25)
	at java.lang.reflect.Method.invoke(Method.java:585)
	at junit.framework.TestCase.runTest(TestCase.java:154)
	at junit.framework.TestCase.runBare(TestCase.java:127)
	at junit.framework.TestResult$1.protect(TestResult.java:106)
	at junit.framework.TestResult.runProtected(TestResult.java:124)
	at junit.framework.TestResult.run(TestResult.java:109)
	at junit.framework.TestCase.run(TestCase.java:118)
	at junit.framework.TestSuite.runTest(TestSuite.java:208)
	at junit.framework.TestSuite.run(TestSuite.java:203)
	at junit.framework.TestSuite.runTest(TestSuite.java:208)
	at junit.framework.TestSuite.run(TestSuite.java:203)
	at org.apache.tools.ant.taskdefs.optional.junit.JUnitTestRunner.run(JUnitTestRunner.java:421)
	at org.apache.tools.ant.taskdefs.optional.junit.JUnitTestRunner.launch(JUnitTestRunner.java:912)
	at org.apache.tools.ant.taskdefs.optional.junit.JUnitTestRunner.main(JUnitTestRunner.java:766)
Exit from method [LookupServiceBean#retrieveProjectsForClient]. Time spent: 0 ms. Return value: null
Enter into method [LookupServiceBean#retrieveAllProjects]. Entrance timestamp: 1221392589078
Exit from method [LookupServiceBean#retrieveAllProjects]. Time spent: 0 ms. Return value: [[ id=5 name=null description=null salesTax=0.0 client=null company=null childProjects=[]] [ id=7 name=null description=null salesTax=0.0 client=null company=null childProjects=[]]]
Enter into method [LookupServiceBean#retrieveAllProjects]. Entrance timestamp: 1221392589078
Exit from method [LookupServiceBean#retrieveAllProjects]. Time spent: 0 ms. Return value: [[ id=5 name=null description=null salesTax=0.0 client=null company=null childProjects=[]] [ id=7 name=null description=null salesTax=0.0 client=null company=null childProjects=[]] [ id=0 name=null description=null salesTax=0.0 client=null company=null childProjects=[]]]
Enter into method [LookupServiceBean#retrieveAllProjects]. Entrance timestamp: 1221392589281
Resource [projectManager] should not be null.
java.lang.IllegalStateException: Resource [projectManager] should not be null.
	at com.topcoder.clients.webservices.Util.checkResource(Util.java:227)
	at com.topcoder.clients.webservices.beans.LookupServiceBean.retrieveAllProjects(LookupServiceBean.java:942)
	at com.topcoder.clients.webservices.beans.LookupServiceBeanTest.testRetrieveAllProjects_Failure1(LookupServiceBeanTest.java:1448)
	at sun.reflect.NativeMethodAccessorImpl.invoke0(Native Method)
	at sun.reflect.NativeMethodAccessorImpl.invoke(NativeMethodAccessorImpl.java:39)
	at sun.reflect.DelegatingMethodAccessorImpl.invoke(DelegatingMethodAccessorImpl.java:25)
	at java.lang.reflect.Method.invoke(Method.java:585)
	at junit.framework.TestCase.runTest(TestCase.java:154)
	at junit.framework.TestCase.runBare(TestCase.java:127)
	at junit.framework.TestResult$1.protect(TestResult.java:106)
	at junit.framework.TestResult.runProtected(TestResult.java:124)
	at junit.framework.TestResult.run(TestResult.java:109)
	at junit.framework.TestCase.run(TestCase.java:118)
	at junit.framework.TestSuite.runTest(TestSuite.java:208)
	at junit.framework.TestSuite.run(TestSuite.java:203)
	at junit.framework.TestSuite.runTest(TestSuite.java:208)
	at junit.framework.TestSuite.run(TestSuite.java:203)
	at org.apache.tools.ant.taskdefs.optional.junit.JUnitTestRunner.run(JUnitTestRunner.java:421)
	at org.apache.tools.ant.taskdefs.optional.junit.JUnitTestRunner.launch(JUnitTestRunner.java:912)
	at org.apache.tools.ant.taskdefs.optional.junit.JUnitTestRunner.main(JUnitTestRunner.java:766)
Exit from method [LookupServiceBean#retrieveAllProjects]. Time spent: 0 ms. Return value: null
Enter into method [LookupServiceBean#retrieveAllProjects]. Entrance timestamp: 1221392589484
User isn't authenticated to perform [retrieveAllProjects] operation.
com.topcoder.clients.webservices.beans.AuthorizationFailedException: User isn't authenticated to perform [retrieveAllProjects] operation.
	at com.topcoder.clients.webservices.beans.LookupServiceBean.authenticationCheck(LookupServiceBean.java:1571)
	at com.topcoder.clients.webservices.beans.LookupServiceBean.retrieveAllProjects(LookupServiceBean.java:946)
	at com.topcoder.clients.webservices.beans.LookupServiceBeanTest.testRetrieveAllProjects_Failure2(LookupServiceBeanTest.java:1472)
	at sun.reflect.NativeMethodAccessorImpl.invoke0(Native Method)
	at sun.reflect.NativeMethodAccessorImpl.invoke(NativeMethodAccessorImpl.java:39)
	at sun.reflect.DelegatingMethodAccessorImpl.invoke(DelegatingMethodAccessorImpl.java:25)
	at java.lang.reflect.Method.invoke(Method.java:585)
	at junit.framework.TestCase.runTest(TestCase.java:154)
	at junit.framework.TestCase.runBare(TestCase.java:127)
	at junit.framework.TestResult$1.protect(TestResult.java:106)
	at junit.framework.TestResult.runProtected(TestResult.java:124)
	at junit.framework.TestResult.run(TestResult.java:109)
	at junit.framework.TestCase.run(TestCase.java:118)
	at junit.framework.TestSuite.runTest(TestSuite.java:208)
	at junit.framework.TestSuite.run(TestSuite.java:203)
	at junit.framework.TestSuite.runTest(TestSuite.java:208)
	at junit.framework.TestSuite.run(TestSuite.java:203)
	at org.apache.tools.ant.taskdefs.optional.junit.JUnitTestRunner.run(JUnitTestRunner.java:421)
	at org.apache.tools.ant.taskdefs.optional.junit.JUnitTestRunner.launch(JUnitTestRunner.java:912)
	at org.apache.tools.ant.taskdefs.optional.junit.JUnitTestRunner.main(JUnitTestRunner.java:766)
Exit from method [LookupServiceBean#retrieveAllProjects]. Time spent: 0 ms. Return value: null
Enter into method [LookupServiceBean#retrieveAllProjects]. Entrance timestamp: 1221392589718
Test exception
com.topcoder.clients.manager.ProjectManagerException: Test exception
	at com.topcoder.clients.webservices.beans.ProjectManagerMock.checkFail(ProjectManagerMock.java:353)
	at com.topcoder.clients.webservices.beans.ProjectManagerMock.retrieveAllProjects(ProjectManagerMock.java:204)
	at com.topcoder.clients.webservices.beans.LookupServiceBean.retrieveAllProjects(LookupServiceBean.java:949)
	at com.topcoder.clients.webservices.beans.LookupServiceBeanTest.testRetrieveAllProjects_Failure3(LookupServiceBeanTest.java:1496)
	at sun.reflect.NativeMethodAccessorImpl.invoke0(Native Method)
	at sun.reflect.NativeMethodAccessorImpl.invoke(NativeMethodAccessorImpl.java:39)
	at sun.reflect.DelegatingMethodAccessorImpl.invoke(DelegatingMethodAccessorImpl.java:25)
	at java.lang.reflect.Method.invoke(Method.java:585)
	at junit.framework.TestCase.runTest(TestCase.java:154)
	at junit.framework.TestCase.runBare(TestCase.java:127)
	at junit.framework.TestResult$1.protect(TestResult.java:106)
	at junit.framework.TestResult.runProtected(TestResult.java:124)
	at junit.framework.TestResult.run(TestResult.java:109)
	at junit.framework.TestCase.run(TestCase.java:118)
	at junit.framework.TestSuite.runTest(TestSuite.java:208)
	at junit.framework.TestSuite.run(TestSuite.java:203)
	at junit.framework.TestSuite.runTest(TestSuite.java:208)
	at junit.framework.TestSuite.run(TestSuite.java:203)
	at org.apache.tools.ant.taskdefs.optional.junit.JUnitTestRunner.run(JUnitTestRunner.java:421)
	at org.apache.tools.ant.taskdefs.optional.junit.JUnitTestRunner.launch(JUnitTestRunner.java:912)
	at org.apache.tools.ant.taskdefs.optional.junit.JUnitTestRunner.main(JUnitTestRunner.java:766)
Exit from method [LookupServiceBean#retrieveAllProjects]. Time spent: 0 ms. Return value: null
Enter into method [LookupServiceBean#searchProjectsByName]. Argument info: test. Entrance timestamp: 1221392589968
Exit from method [LookupServiceBean#searchProjectsByName]. Time spent: 0 ms. Return value: [[ id=5 name=null description=null salesTax=0.0 client=null company=null childProjects=[]] [ id=7 name=null description=null salesTax=0.0 client=null company=null childProjects=[]]]
Enter into method [LookupServiceBean#searchProjectsByName]. Argument info: test. Entrance timestamp: 1221392589968
Exit from method [LookupServiceBean#searchProjectsByName]. Time spent: 0 ms. Return value: [[ id=5 name=null description=null salesTax=0.0 client=null company=null childProjects=[]] [ id=7 name=null description=null salesTax=0.0 client=null company=null childProjects=[]] [ id=0 name=null description=null salesTax=0.0 client=null company=null childProjects=[]]]
Enter into method [LookupServiceBean#searchProjectsByName]. Argument info: . Entrance timestamp: 1221392590171
Parameter [name] should not be null or empty.
java.lang.IllegalArgumentException: Parameter [name] should not be null or empty.
	at com.topcoder.clients.webservices.Util.checkNullOrEmpty(Util.java:119)
	at com.topcoder.clients.webservices.beans.LookupServiceBean.searchProjectsByName(LookupServiceBean.java:990)
	at com.topcoder.clients.webservices.beans.LookupServiceBeanTest.testSearchProjectsByName_Failure1(LookupServiceBeanTest.java:1552)
	at sun.reflect.NativeMethodAccessorImpl.invoke0(Native Method)
	at sun.reflect.NativeMethodAccessorImpl.invoke(NativeMethodAccessorImpl.java:39)
	at sun.reflect.DelegatingMethodAccessorImpl.invoke(DelegatingMethodAccessorImpl.java:25)
	at java.lang.reflect.Method.invoke(Method.java:585)
	at junit.framework.TestCase.runTest(TestCase.java:154)
	at junit.framework.TestCase.runBare(TestCase.java:127)
	at junit.framework.TestResult$1.protect(TestResult.java:106)
	at junit.framework.TestResult.runProtected(TestResult.java:124)
	at junit.framework.TestResult.run(TestResult.java:109)
	at junit.framework.TestCase.run(TestCase.java:118)
	at junit.framework.TestSuite.runTest(TestSuite.java:208)
	at junit.framework.TestSuite.run(TestSuite.java:203)
	at junit.framework.TestSuite.runTest(TestSuite.java:208)
	at junit.framework.TestSuite.run(TestSuite.java:203)
	at org.apache.tools.ant.taskdefs.optional.junit.JUnitTestRunner.run(JUnitTestRunner.java:421)
	at org.apache.tools.ant.taskdefs.optional.junit.JUnitTestRunner.launch(JUnitTestRunner.java:912)
	at org.apache.tools.ant.taskdefs.optional.junit.JUnitTestRunner.main(JUnitTestRunner.java:766)
Exit from method [LookupServiceBean#searchProjectsByName]. Time spent: 0 ms. Return value: null
Enter into method [LookupServiceBean#searchProjectsByName]. Argument info: test. Entrance timestamp: 1221392590375
Resource [projectManager] should not be null.
java.lang.IllegalStateException: Resource [projectManager] should not be null.
	at com.topcoder.clients.webservices.Util.checkResource(Util.java:227)
	at com.topcoder.clients.webservices.beans.LookupServiceBean.searchProjectsByName(LookupServiceBean.java:991)
	at com.topcoder.clients.webservices.beans.LookupServiceBeanTest.testSearchProjectsByName_Failure2(LookupServiceBeanTest.java:1576)
	at sun.reflect.NativeMethodAccessorImpl.invoke0(Native Method)
	at sun.reflect.NativeMethodAccessorImpl.invoke(NativeMethodAccessorImpl.java:39)
	at sun.reflect.DelegatingMethodAccessorImpl.invoke(DelegatingMethodAccessorImpl.java:25)
	at java.lang.reflect.Method.invoke(Method.java:585)
	at junit.framework.TestCase.runTest(TestCase.java:154)
	at junit.framework.TestCase.runBare(TestCase.java:127)
	at junit.framework.TestResult$1.protect(TestResult.java:106)
	at junit.framework.TestResult.runProtected(TestResult.java:124)
	at junit.framework.TestResult.run(TestResult.java:109)
	at junit.framework.TestCase.run(TestCase.java:118)
	at junit.framework.TestSuite.runTest(TestSuite.java:208)
	at junit.framework.TestSuite.run(TestSuite.java:203)
	at junit.framework.TestSuite.runTest(TestSuite.java:208)
	at junit.framework.TestSuite.run(TestSuite.java:203)
	at org.apache.tools.ant.taskdefs.optional.junit.JUnitTestRunner.run(JUnitTestRunner.java:421)
	at org.apache.tools.ant.taskdefs.optional.junit.JUnitTestRunner.launch(JUnitTestRunner.java:912)
	at org.apache.tools.ant.taskdefs.optional.junit.JUnitTestRunner.main(JUnitTestRunner.java:766)
Exit from method [LookupServiceBean#searchProjectsByName]. Time spent: 0 ms. Return value: null
Enter into method [LookupServiceBean#searchProjectsByName]. Argument info: test. Entrance timestamp: 1221392590609
User isn't authenticated to perform [searchProjectsByName] operation.
com.topcoder.clients.webservices.beans.AuthorizationFailedException: User isn't authenticated to perform [searchProjectsByName] operation.
	at com.topcoder.clients.webservices.beans.LookupServiceBean.authenticationCheck(LookupServiceBean.java:1571)
	at com.topcoder.clients.webservices.beans.LookupServiceBean.searchProjectsByName(LookupServiceBean.java:995)
	at com.topcoder.clients.webservices.beans.LookupServiceBeanTest.testSearchProjectsByName_Failure3(LookupServiceBeanTest.java:1600)
	at sun.reflect.NativeMethodAccessorImpl.invoke0(Native Method)
	at sun.reflect.NativeMethodAccessorImpl.invoke(NativeMethodAccessorImpl.java:39)
	at sun.reflect.DelegatingMethodAccessorImpl.invoke(DelegatingMethodAccessorImpl.java:25)
	at java.lang.reflect.Method.invoke(Method.java:585)
	at junit.framework.TestCase.runTest(TestCase.java:154)
	at junit.framework.TestCase.runBare(TestCase.java:127)
	at junit.framework.TestResult$1.protect(TestResult.java:106)
	at junit.framework.TestResult.runProtected(TestResult.java:124)
	at junit.framework.TestResult.run(TestResult.java:109)
	at junit.framework.TestCase.run(TestCase.java:118)
	at junit.framework.TestSuite.runTest(TestSuite.java:208)
	at junit.framework.TestSuite.run(TestSuite.java:203)
	at junit.framework.TestSuite.runTest(TestSuite.java:208)
	at junit.framework.TestSuite.run(TestSuite.java:203)
	at org.apache.tools.ant.taskdefs.optional.junit.JUnitTestRunner.run(JUnitTestRunner.java:421)
	at org.apache.tools.ant.taskdefs.optional.junit.JUnitTestRunner.launch(JUnitTestRunner.java:912)
	at org.apache.tools.ant.taskdefs.optional.junit.JUnitTestRunner.main(JUnitTestRunner.java:766)
Exit from method [LookupServiceBean#searchProjectsByName]. Time spent: 0 ms. Return value: null
Enter into method [LookupServiceBean#searchProjectsByName]. Argument info: test. Entrance timestamp: 1221392590828
Test exception
com.topcoder.clients.manager.ProjectManagerException: Test exception
	at com.topcoder.clients.webservices.beans.ProjectManagerMock.checkFail(ProjectManagerMock.java:353)
	at com.topcoder.clients.webservices.beans.ProjectManagerMock.retrieveAllProjects(ProjectManagerMock.java:204)
	at com.topcoder.clients.webservices.beans.ProjectManagerMock.searchProjectsByName(ProjectManagerMock.java:281)
	at com.topcoder.clients.webservices.beans.LookupServiceBean.searchProjectsByName(LookupServiceBean.java:998)
	at com.topcoder.clients.webservices.beans.LookupServiceBeanTest.testSearchProjectsByName_Failure4(LookupServiceBeanTest.java:1624)
	at sun.reflect.NativeMethodAccessorImpl.invoke0(Native Method)
	at sun.reflect.NativeMethodAccessorImpl.invoke(NativeMethodAccessorImpl.java:39)
	at sun.reflect.DelegatingMethodAccessorImpl.invoke(DelegatingMethodAccessorImpl.java:25)
	at java.lang.reflect.Method.invoke(Method.java:585)
	at junit.framework.TestCase.runTest(TestCase.java:154)
	at junit.framework.TestCase.runBare(TestCase.java:127)
	at junit.framework.TestResult$1.protect(TestResult.java:106)
	at junit.framework.TestResult.runProtected(TestResult.java:124)
	at junit.framework.TestResult.run(TestResult.java:109)
	at junit.framework.TestCase.run(TestCase.java:118)
	at junit.framework.TestSuite.runTest(TestSuite.java:208)
	at junit.framework.TestSuite.run(TestSuite.java:203)
	at junit.framework.TestSuite.runTest(TestSuite.java:208)
	at junit.framework.TestSuite.run(TestSuite.java:203)
	at org.apache.tools.ant.taskdefs.optional.junit.JUnitTestRunner.run(JUnitTestRunner.java:421)
	at org.apache.tools.ant.taskdefs.optional.junit.JUnitTestRunner.launch(JUnitTestRunner.java:912)
	at org.apache.tools.ant.taskdefs.optional.junit.JUnitTestRunner.main(JUnitTestRunner.java:766)
Exit from method [LookupServiceBean#searchProjectsByName]. Time spent: 0 ms. Return value: null
Enter into method [LookupServiceBean#searchProjects]. Argument info: com.topcoder.search.builder.filter.NullFilter@16a4cf2. Entrance timestamp: 1221392591062
Exit from method [LookupServiceBean#searchProjects]. Time spent: 0 ms. Return value: [[ id=5 name=null description=null salesTax=0.0 client=null company=null childProjects=[]] [ id=7 name=null description=null salesTax=0.0 client=null company=null childProjects=[]]]
Enter into method [LookupServiceBean#searchProjects]. Argument info: com.topcoder.search.builder.filter.NullFilter@1e1b0e7. Entrance timestamp: 1221392591062
Exit from method [LookupServiceBean#searchProjects]. Time spent: 0 ms. Return value: [[ id=5 name=null description=null salesTax=0.0 client=null company=null childProjects=[]] [ id=7 name=null description=null salesTax=0.0 client=null company=null childProjects=[]] [ id=0 name=null description=null salesTax=0.0 client=null company=null childProjects=[]]]
Enter into method [LookupServiceBean#searchProjects]. Argument info: null. Entrance timestamp: 1221392591265
Parameter [filter] should not be null.
java.lang.IllegalArgumentException: Parameter [filter] should not be null.
	at com.topcoder.clients.webservices.Util.checkNullWithLog(Util.java:98)
	at com.topcoder.clients.webservices.beans.LookupServiceBean.searchProjects(LookupServiceBean.java:1040)
	at com.topcoder.clients.webservices.beans.LookupServiceBeanTest.testSearchProjects_Failure1(LookupServiceBeanTest.java:1680)
	at sun.reflect.NativeMethodAccessorImpl.invoke0(Native Method)
	at sun.reflect.NativeMethodAccessorImpl.invoke(NativeMethodAccessorImpl.java:39)
	at sun.reflect.DelegatingMethodAccessorImpl.invoke(DelegatingMethodAccessorImpl.java:25)
	at java.lang.reflect.Method.invoke(Method.java:585)
	at junit.framework.TestCase.runTest(TestCase.java:154)
	at junit.framework.TestCase.runBare(TestCase.java:127)
	at junit.framework.TestResult$1.protect(TestResult.java:106)
	at junit.framework.TestResult.runProtected(TestResult.java:124)
	at junit.framework.TestResult.run(TestResult.java:109)
	at junit.framework.TestCase.run(TestCase.java:118)
	at junit.framework.TestSuite.runTest(TestSuite.java:208)
	at junit.framework.TestSuite.run(TestSuite.java:203)
	at junit.framework.TestSuite.runTest(TestSuite.java:208)
	at junit.framework.TestSuite.run(TestSuite.java:203)
	at org.apache.tools.ant.taskdefs.optional.junit.JUnitTestRunner.run(JUnitTestRunner.java:421)
	at org.apache.tools.ant.taskdefs.optional.junit.JUnitTestRunner.launch(JUnitTestRunner.java:912)
	at org.apache.tools.ant.taskdefs.optional.junit.JUnitTestRunner.main(JUnitTestRunner.java:766)
Exit from method [LookupServiceBean#searchProjects]. Time spent: 0 ms. Return value: null
Enter into method [LookupServiceBean#searchProjects]. Argument info: com.topcoder.search.builder.filter.NullFilter@178aa0f. Entrance timestamp: 1221392591500
Resource [projectManager] should not be null.
java.lang.IllegalStateException: Resource [projectManager] should not be null.
	at com.topcoder.clients.webservices.Util.checkResource(Util.java:227)
	at com.topcoder.clients.webservices.beans.LookupServiceBean.searchProjects(LookupServiceBean.java:1041)
	at com.topcoder.clients.webservices.beans.LookupServiceBeanTest.testSearchProjects_Failure2(LookupServiceBeanTest.java:1704)
	at sun.reflect.NativeMethodAccessorImpl.invoke0(Native Method)
	at sun.reflect.NativeMethodAccessorImpl.invoke(NativeMethodAccessorImpl.java:39)
	at sun.reflect.DelegatingMethodAccessorImpl.invoke(DelegatingMethodAccessorImpl.java:25)
	at java.lang.reflect.Method.invoke(Method.java:585)
	at junit.framework.TestCase.runTest(TestCase.java:154)
	at junit.framework.TestCase.runBare(TestCase.java:127)
	at junit.framework.TestResult$1.protect(TestResult.java:106)
	at junit.framework.TestResult.runProtected(TestResult.java:124)
	at junit.framework.TestResult.run(TestResult.java:109)
	at junit.framework.TestCase.run(TestCase.java:118)
	at junit.framework.TestSuite.runTest(TestSuite.java:208)
	at junit.framework.TestSuite.run(TestSuite.java:203)
	at junit.framework.TestSuite.runTest(TestSuite.java:208)
	at junit.framework.TestSuite.run(TestSuite.java:203)
	at org.apache.tools.ant.taskdefs.optional.junit.JUnitTestRunner.run(JUnitTestRunner.java:421)
	at org.apache.tools.ant.taskdefs.optional.junit.JUnitTestRunner.launch(JUnitTestRunner.java:912)
	at org.apache.tools.ant.taskdefs.optional.junit.JUnitTestRunner.main(JUnitTestRunner.java:766)
Exit from method [LookupServiceBean#searchProjects]. Time spent: 0 ms. Return value: null
Enter into method [LookupServiceBean#searchProjects]. Argument info: com.topcoder.search.builder.filter.NullFilter@65e3ba. Entrance timestamp: 1221392591703
User isn't authenticated to perform [searchProjects] operation.
com.topcoder.clients.webservices.beans.AuthorizationFailedException: User isn't authenticated to perform [searchProjects] operation.
	at com.topcoder.clients.webservices.beans.LookupServiceBean.authenticationCheck(LookupServiceBean.java:1571)
	at com.topcoder.clients.webservices.beans.LookupServiceBean.searchProjects(LookupServiceBean.java:1045)
	at com.topcoder.clients.webservices.beans.LookupServiceBeanTest.testSearchProjects_Failure3(LookupServiceBeanTest.java:1728)
	at sun.reflect.NativeMethodAccessorImpl.invoke0(Native Method)
	at sun.reflect.NativeMethodAccessorImpl.invoke(NativeMethodAccessorImpl.java:39)
	at sun.reflect.DelegatingMethodAccessorImpl.invoke(DelegatingMethodAccessorImpl.java:25)
	at java.lang.reflect.Method.invoke(Method.java:585)
	at junit.framework.TestCase.runTest(TestCase.java:154)
	at junit.framework.TestCase.runBare(TestCase.java:127)
	at junit.framework.TestResult$1.protect(TestResult.java:106)
	at junit.framework.TestResult.runProtected(TestResult.java:124)
	at junit.framework.TestResult.run(TestResult.java:109)
	at junit.framework.TestCase.run(TestCase.java:118)
	at junit.framework.TestSuite.runTest(TestSuite.java:208)
	at junit.framework.TestSuite.run(TestSuite.java:203)
	at junit.framework.TestSuite.runTest(TestSuite.java:208)
	at junit.framework.TestSuite.run(TestSuite.java:203)
	at org.apache.tools.ant.taskdefs.optional.junit.JUnitTestRunner.run(JUnitTestRunner.java:421)
	at org.apache.tools.ant.taskdefs.optional.junit.JUnitTestRunner.launch(JUnitTestRunner.java:912)
	at org.apache.tools.ant.taskdefs.optional.junit.JUnitTestRunner.main(JUnitTestRunner.java:766)
Exit from method [LookupServiceBean#searchProjects]. Time spent: 0 ms. Return value: null
Enter into method [LookupServiceBean#searchProjects]. Argument info: com.topcoder.search.builder.filter.NullFilter@1cc678a. Entrance timestamp: 1221392591921
Test exception
com.topcoder.clients.manager.ProjectManagerException: Test exception
	at com.topcoder.clients.webservices.beans.ProjectManagerMock.checkFail(ProjectManagerMock.java:353)
	at com.topcoder.clients.webservices.beans.ProjectManagerMock.retrieveAllProjects(ProjectManagerMock.java:204)
	at com.topcoder.clients.webservices.beans.ProjectManagerMock.searchProjects(ProjectManagerMock.java:266)
	at com.topcoder.clients.webservices.beans.LookupServiceBean.searchProjects(LookupServiceBean.java:1048)
	at com.topcoder.clients.webservices.beans.LookupServiceBeanTest.testSearchProjects_Failure4(LookupServiceBeanTest.java:1752)
	at sun.reflect.NativeMethodAccessorImpl.invoke0(Native Method)
	at sun.reflect.NativeMethodAccessorImpl.invoke(NativeMethodAccessorImpl.java:39)
	at sun.reflect.DelegatingMethodAccessorImpl.invoke(DelegatingMethodAccessorImpl.java:25)
	at java.lang.reflect.Method.invoke(Method.java:585)
	at junit.framework.TestCase.runTest(TestCase.java:154)
	at junit.framework.TestCase.runBare(TestCase.java:127)
	at junit.framework.TestResult$1.protect(TestResult.java:106)
	at junit.framework.TestResult.runProtected(TestResult.java:124)
	at junit.framework.TestResult.run(TestResult.java:109)
	at junit.framework.TestCase.run(TestCase.java:118)
	at junit.framework.TestSuite.runTest(TestSuite.java:208)
	at junit.framework.TestSuite.run(TestSuite.java:203)
	at junit.framework.TestSuite.runTest(TestSuite.java:208)
	at junit.framework.TestSuite.run(TestSuite.java:203)
	at org.apache.tools.ant.taskdefs.optional.junit.JUnitTestRunner.run(JUnitTestRunner.java:421)
	at org.apache.tools.ant.taskdefs.optional.junit.JUnitTestRunner.launch(JUnitTestRunner.java:912)
	at org.apache.tools.ant.taskdefs.optional.junit.JUnitTestRunner.main(JUnitTestRunner.java:766)
Exit from method [LookupServiceBean#searchProjects]. Time spent: 0 ms. Return value: null
Enter into method [LookupServiceBean#getProjectStatus]. Argument info: 42. Entrance timestamp: 1221392592156
Exit from method [LookupServiceBean#getProjectStatus]. Time spent: 0 ms. Return value: [ id=42 name=null description=null isDeleted=false]
Enter into method [LookupServiceBean#getProjectStatus]. Argument info: -7. Entrance timestamp: 1221392592359
Parameter [id] should be positive but is [-7].
java.lang.IllegalArgumentException: Parameter [id] should be positive but is [-7].
	at com.topcoder.clients.webservices.Util.checkPositiveWithLog(Util.java:141)
	at com.topcoder.clients.webservices.beans.LookupServiceBean.getProjectStatus(LookupServiceBean.java:1087)
	at com.topcoder.clients.webservices.beans.LookupServiceBeanTest.testGetProjectStatus_Failure1(LookupServiceBeanTest.java:1791)
	at sun.reflect.NativeMethodAccessorImpl.invoke0(Native Method)
	at sun.reflect.NativeMethodAccessorImpl.invoke(NativeMethodAccessorImpl.java:39)
	at sun.reflect.DelegatingMethodAccessorImpl.invoke(DelegatingMethodAccessorImpl.java:25)
	at java.lang.reflect.Method.invoke(Method.java:585)
	at junit.framework.TestCase.runTest(TestCase.java:154)
	at junit.framework.TestCase.runBare(TestCase.java:127)
	at junit.framework.TestResult$1.protect(TestResult.java:106)
	at junit.framework.TestResult.runProtected(TestResult.java:124)
	at junit.framework.TestResult.run(TestResult.java:109)
	at junit.framework.TestCase.run(TestCase.java:118)
	at junit.framework.TestSuite.runTest(TestSuite.java:208)
	at junit.framework.TestSuite.run(TestSuite.java:203)
	at junit.framework.TestSuite.runTest(TestSuite.java:208)
	at junit.framework.TestSuite.run(TestSuite.java:203)
	at org.apache.tools.ant.taskdefs.optional.junit.JUnitTestRunner.run(JUnitTestRunner.java:421)
	at org.apache.tools.ant.taskdefs.optional.junit.JUnitTestRunner.launch(JUnitTestRunner.java:912)
	at org.apache.tools.ant.taskdefs.optional.junit.JUnitTestRunner.main(JUnitTestRunner.java:766)
Exit from method [LookupServiceBean#getProjectStatus]. Time spent: 0 ms. Return value: null
Enter into method [LookupServiceBean#getProjectStatus]. Argument info: 1. Entrance timestamp: 1221392592593
Resource [projectManager] should not be null.
java.lang.IllegalStateException: Resource [projectManager] should not be null.
	at com.topcoder.clients.webservices.Util.checkResource(Util.java:227)
	at com.topcoder.clients.webservices.beans.LookupServiceBean.getProjectStatus(LookupServiceBean.java:1088)
	at com.topcoder.clients.webservices.beans.LookupServiceBeanTest.testGetProjectStatus_Failure2(LookupServiceBeanTest.java:1815)
	at sun.reflect.NativeMethodAccessorImpl.invoke0(Native Method)
	at sun.reflect.NativeMethodAccessorImpl.invoke(NativeMethodAccessorImpl.java:39)
	at sun.reflect.DelegatingMethodAccessorImpl.invoke(DelegatingMethodAccessorImpl.java:25)
	at java.lang.reflect.Method.invoke(Method.java:585)
	at junit.framework.TestCase.runTest(TestCase.java:154)
	at junit.framework.TestCase.runBare(TestCase.java:127)
	at junit.framework.TestResult$1.protect(TestResult.java:106)
	at junit.framework.TestResult.runProtected(TestResult.java:124)
	at junit.framework.TestResult.run(TestResult.java:109)
	at junit.framework.TestCase.run(TestCase.java:118)
	at junit.framework.TestSuite.runTest(TestSuite.java:208)
	at junit.framework.TestSuite.run(TestSuite.java:203)
	at junit.framework.TestSuite.runTest(TestSuite.java:208)
	at junit.framework.TestSuite.run(TestSuite.java:203)
	at org.apache.tools.ant.taskdefs.optional.junit.JUnitTestRunner.run(JUnitTestRunner.java:421)
	at org.apache.tools.ant.taskdefs.optional.junit.JUnitTestRunner.launch(JUnitTestRunner.java:912)
	at org.apache.tools.ant.taskdefs.optional.junit.JUnitTestRunner.main(JUnitTestRunner.java:766)
Exit from method [LookupServiceBean#getProjectStatus]. Time spent: 0 ms. Return value: null
Enter into method [LookupServiceBean#getProjectStatus]. Argument info: 1. Entrance timestamp: 1221392592812
User isn't authenticated to perform [getProjectStatus] operation.
com.topcoder.clients.webservices.beans.AuthorizationFailedException: User isn't authenticated to perform [getProjectStatus] operation.
	at com.topcoder.clients.webservices.beans.LookupServiceBean.authenticationCheck(LookupServiceBean.java:1571)
	at com.topcoder.clients.webservices.beans.LookupServiceBean.getProjectStatus(LookupServiceBean.java:1092)
	at com.topcoder.clients.webservices.beans.LookupServiceBeanTest.testGetProjectStatus_Failure3(LookupServiceBeanTest.java:1839)
	at sun.reflect.NativeMethodAccessorImpl.invoke0(Native Method)
	at sun.reflect.NativeMethodAccessorImpl.invoke(NativeMethodAccessorImpl.java:39)
	at sun.reflect.DelegatingMethodAccessorImpl.invoke(DelegatingMethodAccessorImpl.java:25)
	at java.lang.reflect.Method.invoke(Method.java:585)
	at junit.framework.TestCase.runTest(TestCase.java:154)
	at junit.framework.TestCase.runBare(TestCase.java:127)
	at junit.framework.TestResult$1.protect(TestResult.java:106)
	at junit.framework.TestResult.runProtected(TestResult.java:124)
	at junit.framework.TestResult.run(TestResult.java:109)
	at junit.framework.TestCase.run(TestCase.java:118)
	at junit.framework.TestSuite.runTest(TestSuite.java:208)
	at junit.framework.TestSuite.run(TestSuite.java:203)
	at junit.framework.TestSuite.runTest(TestSuite.java:208)
	at junit.framework.TestSuite.run(TestSuite.java:203)
	at org.apache.tools.ant.taskdefs.optional.junit.JUnitTestRunner.run(JUnitTestRunner.java:421)
	at org.apache.tools.ant.taskdefs.optional.junit.JUnitTestRunner.launch(JUnitTestRunner.java:912)
	at org.apache.tools.ant.taskdefs.optional.junit.JUnitTestRunner.main(JUnitTestRunner.java:766)
Exit from method [LookupServiceBean#getProjectStatus]. Time spent: 0 ms. Return value: null
Enter into method [LookupServiceBean#getProjectStatus]. Argument info: 1. Entrance timestamp: 1221392593046
Test exception
com.topcoder.clients.manager.ProjectManagerException: Test exception
	at com.topcoder.clients.webservices.beans.ProjectManagerMock.checkFail(ProjectManagerMock.java:353)
	at com.topcoder.clients.webservices.beans.ProjectManagerMock.getProjectStatus(ProjectManagerMock.java:171)
	at com.topcoder.clients.webservices.beans.LookupServiceBean.getProjectStatus(LookupServiceBean.java:1095)
	at com.topcoder.clients.webservices.beans.LookupServiceBeanTest.testGetProjectStatus_Failure4(LookupServiceBeanTest.java:1863)
	at sun.reflect.NativeMethodAccessorImpl.invoke0(Native Method)
	at sun.reflect.NativeMethodAccessorImpl.invoke(NativeMethodAccessorImpl.java:39)
	at sun.reflect.DelegatingMethodAccessorImpl.invoke(DelegatingMethodAccessorImpl.java:25)
	at java.lang.reflect.Method.invoke(Method.java:585)
	at junit.framework.TestCase.runTest(TestCase.java:154)
	at junit.framework.TestCase.runBare(TestCase.java:127)
	at junit.framework.TestResult$1.protect(TestResult.java:106)
	at junit.framework.TestResult.runProtected(TestResult.java:124)
	at junit.framework.TestResult.run(TestResult.java:109)
	at junit.framework.TestCase.run(TestCase.java:118)
	at junit.framework.TestSuite.runTest(TestSuite.java:208)
	at junit.framework.TestSuite.run(TestSuite.java:203)
	at junit.framework.TestSuite.runTest(TestSuite.java:208)
	at junit.framework.TestSuite.run(TestSuite.java:203)
	at org.apache.tools.ant.taskdefs.optional.junit.JUnitTestRunner.run(JUnitTestRunner.java:421)
	at org.apache.tools.ant.taskdefs.optional.junit.JUnitTestRunner.launch(JUnitTestRunner.java:912)
	at org.apache.tools.ant.taskdefs.optional.junit.JUnitTestRunner.main(JUnitTestRunner.java:766)
Exit from method [LookupServiceBean#getProjectStatus]. Time spent: 0 ms. Return value: null
Enter into method [LookupServiceBean#getAllProjectStatuses]. Entrance timestamp: 1221392593250
Exit from method [LookupServiceBean#getAllProjectStatuses]. Time spent: 0 ms. Return value: [[ id=0 name=null description=test1 isDeleted=false] [ id=0 name=null description=test2 isDeleted=false]]
Enter into method [LookupServiceBean#getAllProjectStatuses]. Entrance timestamp: 1221392593484
Resource [projectManager] should not be null.
java.lang.IllegalStateException: Resource [projectManager] should not be null.
	at com.topcoder.clients.webservices.Util.checkResource(Util.java:227)
	at com.topcoder.clients.webservices.beans.LookupServiceBean.getAllProjectStatuses(LookupServiceBean.java:1129)
	at com.topcoder.clients.webservices.beans.LookupServiceBeanTest.testGetAllProjectStatuses_Failure1(LookupServiceBeanTest.java:1902)
	at sun.reflect.NativeMethodAccessorImpl.invoke0(Native Method)
	at sun.reflect.NativeMethodAccessorImpl.invoke(NativeMethodAccessorImpl.java:39)
	at sun.reflect.DelegatingMethodAccessorImpl.invoke(DelegatingMethodAccessorImpl.java:25)
	at java.lang.reflect.Method.invoke(Method.java:585)
	at junit.framework.TestCase.runTest(TestCase.java:154)
	at junit.framework.TestCase.runBare(TestCase.java:127)
	at junit.framework.TestResult$1.protect(TestResult.java:106)
	at junit.framework.TestResult.runProtected(TestResult.java:124)
	at junit.framework.TestResult.run(TestResult.java:109)
	at junit.framework.TestCase.run(TestCase.java:118)
	at junit.framework.TestSuite.runTest(TestSuite.java:208)
	at junit.framework.TestSuite.run(TestSuite.java:203)
	at junit.framework.TestSuite.runTest(TestSuite.java:208)
	at junit.framework.TestSuite.run(TestSuite.java:203)
	at org.apache.tools.ant.taskdefs.optional.junit.JUnitTestRunner.run(JUnitTestRunner.java:421)
	at org.apache.tools.ant.taskdefs.optional.junit.JUnitTestRunner.launch(JUnitTestRunner.java:912)
	at org.apache.tools.ant.taskdefs.optional.junit.JUnitTestRunner.main(JUnitTestRunner.java:766)
Exit from method [LookupServiceBean#getAllProjectStatuses]. Time spent: 0 ms. Return value: null
Enter into method [LookupServiceBean#getAllProjectStatuses]. Entrance timestamp: 1221392593734
User isn't authenticated to perform [getAllProjectStatuses] operation.
com.topcoder.clients.webservices.beans.AuthorizationFailedException: User isn't authenticated to perform [getAllProjectStatuses] operation.
	at com.topcoder.clients.webservices.beans.LookupServiceBean.authenticationCheck(LookupServiceBean.java:1571)
	at com.topcoder.clients.webservices.beans.LookupServiceBean.getAllProjectStatuses(LookupServiceBean.java:1133)
	at com.topcoder.clients.webservices.beans.LookupServiceBeanTest.testGetAllProjectStatuses_Failure2(LookupServiceBeanTest.java:1926)
	at sun.reflect.NativeMethodAccessorImpl.invoke0(Native Method)
	at sun.reflect.NativeMethodAccessorImpl.invoke(NativeMethodAccessorImpl.java:39)
	at sun.reflect.DelegatingMethodAccessorImpl.invoke(DelegatingMethodAccessorImpl.java:25)
	at java.lang.reflect.Method.invoke(Method.java:585)
	at junit.framework.TestCase.runTest(TestCase.java:154)
	at junit.framework.TestCase.runBare(TestCase.java:127)
	at junit.framework.TestResult$1.protect(TestResult.java:106)
	at junit.framework.TestResult.runProtected(TestResult.java:124)
	at junit.framework.TestResult.run(TestResult.java:109)
	at junit.framework.TestCase.run(TestCase.java:118)
	at junit.framework.TestSuite.runTest(TestSuite.java:208)
	at junit.framework.TestSuite.run(TestSuite.java:203)
	at junit.framework.TestSuite.runTest(TestSuite.java:208)
	at junit.framework.TestSuite.run(TestSuite.java:203)
	at org.apache.tools.ant.taskdefs.optional.junit.JUnitTestRunner.run(JUnitTestRunner.java:421)
	at org.apache.tools.ant.taskdefs.optional.junit.JUnitTestRunner.launch(JUnitTestRunner.java:912)
	at org.apache.tools.ant.taskdefs.optional.junit.JUnitTestRunner.main(JUnitTestRunner.java:766)
Exit from method [LookupServiceBean#getAllProjectStatuses]. Time spent: 0 ms. Return value: null
Enter into method [LookupServiceBean#getAllProjectStatuses]. Entrance timestamp: 1221392593937
Test exception
com.topcoder.clients.manager.ProjectManagerException: Test exception
	at com.topcoder.clients.webservices.beans.ProjectManagerMock.checkFail(ProjectManagerMock.java:353)
	at com.topcoder.clients.webservices.beans.ProjectManagerMock.getAllProjectStatuses(ProjectManagerMock.java:146)
	at com.topcoder.clients.webservices.beans.LookupServiceBean.getAllProjectStatuses(LookupServiceBean.java:1136)
	at com.topcoder.clients.webservices.beans.LookupServiceBeanTest.testGetAllProjectStatuses_Failure3(LookupServiceBeanTest.java:1950)
	at sun.reflect.NativeMethodAccessorImpl.invoke0(Native Method)
	at sun.reflect.NativeMethodAccessorImpl.invoke(NativeMethodAccessorImpl.java:39)
	at sun.reflect.DelegatingMethodAccessorImpl.invoke(DelegatingMethodAccessorImpl.java:25)
	at java.lang.reflect.Method.invoke(Method.java:585)
	at junit.framework.TestCase.runTest(TestCase.java:154)
	at junit.framework.TestCase.runBare(TestCase.java:127)
	at junit.framework.TestResult$1.protect(TestResult.java:106)
	at junit.framework.TestResult.runProtected(TestResult.java:124)
	at junit.framework.TestResult.run(TestResult.java:109)
	at junit.framework.TestCase.run(TestCase.java:118)
	at junit.framework.TestSuite.runTest(TestSuite.java:208)
	at junit.framework.TestSuite.run(TestSuite.java:203)
	at junit.framework.TestSuite.runTest(TestSuite.java:208)
	at junit.framework.TestSuite.run(TestSuite.java:203)
	at org.apache.tools.ant.taskdefs.optional.junit.JUnitTestRunner.run(JUnitTestRunner.java:421)
	at org.apache.tools.ant.taskdefs.optional.junit.JUnitTestRunner.launch(JUnitTestRunner.java:912)
	at org.apache.tools.ant.taskdefs.optional.junit.JUnitTestRunner.main(JUnitTestRunner.java:766)
Exit from method [LookupServiceBean#getAllProjectStatuses]. Time spent: 0 ms. Return value: null
Enter into method [LookupServiceBean#getProjectsForStatus]. Argument info: [ id=0 name=null description=null isDeleted=false]. Entrance timestamp: 1221392594156
Exit from method [LookupServiceBean#getProjectsForStatus]. Time spent: 0 ms. Return value: [[ id=5 name=null description=null salesTax=0.0 client=null company=null childProjects=[]] [ id=7 name=null description=null salesTax=0.0 client=null company=null childProjects=[]]]
Enter into method [LookupServiceBean#getProjectsForStatus]. Argument info: [ id=0 name=null description=null isDeleted=false]. Entrance timestamp: 1221392594156
Exit from method [LookupServiceBean#getProjectsForStatus]. Time spent: 0 ms. Return value: [[ id=5 name=null description=null salesTax=0.0 client=null company=null childProjects=[]] [ id=7 name=null description=null salesTax=0.0 client=null company=null childProjects=[]] [ id=0 name=null description=null salesTax=0.0 client=null company=null childProjects=[]]]
Enter into method [LookupServiceBean#getProjectsForStatus]. Argument info: null. Entrance timestamp: 1221392594390
Parameter [status] should not be null.
java.lang.IllegalArgumentException: Parameter [status] should not be null.
	at com.topcoder.clients.webservices.Util.checkNullWithLog(Util.java:98)
	at com.topcoder.clients.webservices.beans.LookupServiceBean.getProjectsForStatus(LookupServiceBean.java:1175)
	at com.topcoder.clients.webservices.beans.LookupServiceBeanTest.testGetProjectsForStatus_Failure1(LookupServiceBeanTest.java:2005)
	at sun.reflect.NativeMethodAccessorImpl.invoke0(Native Method)
	at sun.reflect.NativeMethodAccessorImpl.invoke(NativeMethodAccessorImpl.java:39)
	at sun.reflect.DelegatingMethodAccessorImpl.invoke(DelegatingMethodAccessorImpl.java:25)
	at java.lang.reflect.Method.invoke(Method.java:585)
	at junit.framework.TestCase.runTest(TestCase.java:154)
	at junit.framework.TestCase.runBare(TestCase.java:127)
	at junit.framework.TestResult$1.protect(TestResult.java:106)
	at junit.framework.TestResult.runProtected(TestResult.java:124)
	at junit.framework.TestResult.run(TestResult.java:109)
	at junit.framework.TestCase.run(TestCase.java:118)
	at junit.framework.TestSuite.runTest(TestSuite.java:208)
	at junit.framework.TestSuite.run(TestSuite.java:203)
	at junit.framework.TestSuite.runTest(TestSuite.java:208)
	at junit.framework.TestSuite.run(TestSuite.java:203)
	at org.apache.tools.ant.taskdefs.optional.junit.JUnitTestRunner.run(JUnitTestRunner.java:421)
	at org.apache.tools.ant.taskdefs.optional.junit.JUnitTestRunner.launch(JUnitTestRunner.java:912)
	at org.apache.tools.ant.taskdefs.optional.junit.JUnitTestRunner.main(JUnitTestRunner.java:766)
Exit from method [LookupServiceBean#getProjectsForStatus]. Time spent: 0 ms. Return value: null
Enter into method [LookupServiceBean#getProjectsForStatus]. Argument info: [ id=0 name=null description=null isDeleted=false]. Entrance timestamp: 1221392594593
Resource [projectManager] should not be null.
java.lang.IllegalStateException: Resource [projectManager] should not be null.
	at com.topcoder.clients.webservices.Util.checkResource(Util.java:227)
	at com.topcoder.clients.webservices.beans.LookupServiceBean.getProjectsForStatus(LookupServiceBean.java:1176)
	at com.topcoder.clients.webservices.beans.LookupServiceBeanTest.testGetProjectsForStatus_Failure2(LookupServiceBeanTest.java:2029)
	at sun.reflect.NativeMethodAccessorImpl.invoke0(Native Method)
	at sun.reflect.NativeMethodAccessorImpl.invoke(NativeMethodAccessorImpl.java:39)
	at sun.reflect.DelegatingMethodAccessorImpl.invoke(DelegatingMethodAccessorImpl.java:25)
	at java.lang.reflect.Method.invoke(Method.java:585)
	at junit.framework.TestCase.runTest(TestCase.java:154)
	at junit.framework.TestCase.runBare(TestCase.java:127)
	at junit.framework.TestResult$1.protect(TestResult.java:106)
	at junit.framework.TestResult.runProtected(TestResult.java:124)
	at junit.framework.TestResult.run(TestResult.java:109)
	at junit.framework.TestCase.run(TestCase.java:118)
	at junit.framework.TestSuite.runTest(TestSuite.java:208)
	at junit.framework.TestSuite.run(TestSuite.java:203)
	at junit.framework.TestSuite.runTest(TestSuite.java:208)
	at junit.framework.TestSuite.run(TestSuite.java:203)
	at org.apache.tools.ant.taskdefs.optional.junit.JUnitTestRunner.run(JUnitTestRunner.java:421)
	at org.apache.tools.ant.taskdefs.optional.junit.JUnitTestRunner.launch(JUnitTestRunner.java:912)
	at org.apache.tools.ant.taskdefs.optional.junit.JUnitTestRunner.main(JUnitTestRunner.java:766)
Exit from method [LookupServiceBean#getProjectsForStatus]. Time spent: 0 ms. Return value: null
Enter into method [LookupServiceBean#getProjectsForStatus]. Argument info: [ id=0 name=null description=null isDeleted=false]. Entrance timestamp: 1221392594812
User isn't authenticated to perform [getProjectsForStatus] operation.
com.topcoder.clients.webservices.beans.AuthorizationFailedException: User isn't authenticated to perform [getProjectsForStatus] operation.
	at com.topcoder.clients.webservices.beans.LookupServiceBean.authenticationCheck(LookupServiceBean.java:1571)
	at com.topcoder.clients.webservices.beans.LookupServiceBean.getProjectsForStatus(LookupServiceBean.java:1180)
	at com.topcoder.clients.webservices.beans.LookupServiceBeanTest.testGetProjectsForStatus_Failure3(LookupServiceBeanTest.java:2053)
	at sun.reflect.NativeMethodAccessorImpl.invoke0(Native Method)
	at sun.reflect.NativeMethodAccessorImpl.invoke(NativeMethodAccessorImpl.java:39)
	at sun.reflect.DelegatingMethodAccessorImpl.invoke(DelegatingMethodAccessorImpl.java:25)
	at java.lang.reflect.Method.invoke(Method.java:585)
	at junit.framework.TestCase.runTest(TestCase.java:154)
	at junit.framework.TestCase.runBare(TestCase.java:127)
	at junit.framework.TestResult$1.protect(TestResult.java:106)
	at junit.framework.TestResult.runProtected(TestResult.java:124)
	at junit.framework.TestResult.run(TestResult.java:109)
	at junit.framework.TestCase.run(TestCase.java:118)
	at junit.framework.TestSuite.runTest(TestSuite.java:208)
	at junit.framework.TestSuite.run(TestSuite.java:203)
	at junit.framework.TestSuite.runTest(TestSuite.java:208)
	at junit.framework.TestSuite.run(TestSuite.java:203)
	at org.apache.tools.ant.taskdefs.optional.junit.JUnitTestRunner.run(JUnitTestRunner.java:421)
	at org.apache.tools.ant.taskdefs.optional.junit.JUnitTestRunner.launch(JUnitTestRunner.java:912)
	at org.apache.tools.ant.taskdefs.optional.junit.JUnitTestRunner.main(JUnitTestRunner.java:766)
Exit from method [LookupServiceBean#getProjectsForStatus]. Time spent: 0 ms. Return value: null
Enter into method [LookupServiceBean#getProjectsForStatus]. Argument info: [ id=0 name=null description=null isDeleted=false]. Entrance timestamp: 1221392595046
Test exception
com.topcoder.clients.manager.ProjectManagerException: Test exception
	at com.topcoder.clients.webservices.beans.ProjectManagerMock.checkFail(ProjectManagerMock.java:353)
	at com.topcoder.clients.webservices.beans.ProjectManagerMock.retrieveAllProjects(ProjectManagerMock.java:204)
	at com.topcoder.clients.webservices.beans.ProjectManagerMock.getProjectsForStatus(ProjectManagerMock.java:191)
	at com.topcoder.clients.webservices.beans.LookupServiceBean.getProjectsForStatus(LookupServiceBean.java:1183)
	at com.topcoder.clients.webservices.beans.LookupServiceBeanTest.testGetProjectsForStatus_Failure4(LookupServiceBeanTest.java:2077)
	at sun.reflect.NativeMethodAccessorImpl.invoke0(Native Method)
	at sun.reflect.NativeMethodAccessorImpl.invoke(NativeMethodAccessorImpl.java:39)
	at sun.reflect.DelegatingMethodAccessorImpl.invoke(DelegatingMethodAccessorImpl.java:25)
	at java.lang.reflect.Method.invoke(Method.java:585)
	at junit.framework.TestCase.runTest(TestCase.java:154)
	at junit.framework.TestCase.runBare(TestCase.java:127)
	at junit.framework.TestResult$1.protect(TestResult.java:106)
	at junit.framework.TestResult.runProtected(TestResult.java:124)
	at junit.framework.TestResult.run(TestResult.java:109)
	at junit.framework.TestCase.run(TestCase.java:118)
	at junit.framework.TestSuite.runTest(TestSuite.java:208)
	at junit.framework.TestSuite.run(TestSuite.java:203)
	at junit.framework.TestSuite.runTest(TestSuite.java:208)
	at junit.framework.TestSuite.run(TestSuite.java:203)
	at org.apache.tools.ant.taskdefs.optional.junit.JUnitTestRunner.run(JUnitTestRunner.java:421)
	at org.apache.tools.ant.taskdefs.optional.junit.JUnitTestRunner.launch(JUnitTestRunner.java:912)
	at org.apache.tools.ant.taskdefs.optional.junit.JUnitTestRunner.main(JUnitTestRunner.java:766)
Exit from method [LookupServiceBean#getProjectsForStatus]. Time spent: 0 ms. Return value: null
Enter into method [LookupServiceBean#retrieveCompany]. Argument info: 42. Entrance timestamp: 1221392595250
Exit from method [LookupServiceBean#retrieveCompany]. Time spent: 0 ms. Return value: [ id=42 name=null passcode=null isDeleted=false]
Enter into method [LookupServiceBean#retrieveCompany]. Argument info: -1. Entrance timestamp: 1221392595484
Parameter [id] should be positive but is [-1].
java.lang.IllegalArgumentException: Parameter [id] should be positive but is [-1].
	at com.topcoder.clients.webservices.Util.checkPositiveWithLog(Util.java:141)
	at com.topcoder.clients.webservices.beans.LookupServiceBean.retrieveCompany(LookupServiceBean.java:1221)
	at com.topcoder.clients.webservices.beans.LookupServiceBeanTest.testRetrieveCompany_Failure1(LookupServiceBeanTest.java:2116)
	at sun.reflect.NativeMethodAccessorImpl.invoke0(Native Method)
	at sun.reflect.NativeMethodAccessorImpl.invoke(NativeMethodAccessorImpl.java:39)
	at sun.reflect.DelegatingMethodAccessorImpl.invoke(DelegatingMethodAccessorImpl.java:25)
	at java.lang.reflect.Method.invoke(Method.java:585)
	at junit.framework.TestCase.runTest(TestCase.java:154)
	at junit.framework.TestCase.runBare(TestCase.java:127)
	at junit.framework.TestResult$1.protect(TestResult.java:106)
	at junit.framework.TestResult.runProtected(TestResult.java:124)
	at junit.framework.TestResult.run(TestResult.java:109)
	at junit.framework.TestCase.run(TestCase.java:118)
	at junit.framework.TestSuite.runTest(TestSuite.java:208)
	at junit.framework.TestSuite.run(TestSuite.java:203)
	at junit.framework.TestSuite.runTest(TestSuite.java:208)
	at junit.framework.TestSuite.run(TestSuite.java:203)
	at org.apache.tools.ant.taskdefs.optional.junit.JUnitTestRunner.run(JUnitTestRunner.java:421)
	at org.apache.tools.ant.taskdefs.optional.junit.JUnitTestRunner.launch(JUnitTestRunner.java:912)
	at org.apache.tools.ant.taskdefs.optional.junit.JUnitTestRunner.main(JUnitTestRunner.java:766)
Exit from method [LookupServiceBean#retrieveCompany]. Time spent: 0 ms. Return value: null
Enter into method [LookupServiceBean#retrieveCompany]. Argument info: 5. Entrance timestamp: 1221392595703
Resource [companyManager] should not be null.
java.lang.IllegalStateException: Resource [companyManager] should not be null.
	at com.topcoder.clients.webservices.Util.checkResource(Util.java:227)
	at com.topcoder.clients.webservices.beans.LookupServiceBean.retrieveCompany(LookupServiceBean.java:1222)
	at com.topcoder.clients.webservices.beans.LookupServiceBeanTest.testRetrieveCompany_Failure2(LookupServiceBeanTest.java:2140)
	at sun.reflect.NativeMethodAccessorImpl.invoke0(Native Method)
	at sun.reflect.NativeMethodAccessorImpl.invoke(NativeMethodAccessorImpl.java:39)
	at sun.reflect.DelegatingMethodAccessorImpl.invoke(DelegatingMethodAccessorImpl.java:25)
	at java.lang.reflect.Method.invoke(Method.java:585)
	at junit.framework.TestCase.runTest(TestCase.java:154)
	at junit.framework.TestCase.runBare(TestCase.java:127)
	at junit.framework.TestResult$1.protect(TestResult.java:106)
	at junit.framework.TestResult.runProtected(TestResult.java:124)
	at junit.framework.TestResult.run(TestResult.java:109)
	at junit.framework.TestCase.run(TestCase.java:118)
	at junit.framework.TestSuite.runTest(TestSuite.java:208)
	at junit.framework.TestSuite.run(TestSuite.java:203)
	at junit.framework.TestSuite.runTest(TestSuite.java:208)
	at junit.framework.TestSuite.run(TestSuite.java:203)
	at org.apache.tools.ant.taskdefs.optional.junit.JUnitTestRunner.run(JUnitTestRunner.java:421)
	at org.apache.tools.ant.taskdefs.optional.junit.JUnitTestRunner.launch(JUnitTestRunner.java:912)
	at org.apache.tools.ant.taskdefs.optional.junit.JUnitTestRunner.main(JUnitTestRunner.java:766)
Exit from method [LookupServiceBean#retrieveCompany]. Time spent: 0 ms. Return value: null
Enter into method [LookupServiceBean#retrieveCompany]. Argument info: 5. Entrance timestamp: 1221392595937
User isn't authenticated to perform [retrieveCompany] operation.
com.topcoder.clients.webservices.beans.AuthorizationFailedException: User isn't authenticated to perform [retrieveCompany] operation.
	at com.topcoder.clients.webservices.beans.LookupServiceBean.authenticationCheck(LookupServiceBean.java:1571)
	at com.topcoder.clients.webservices.beans.LookupServiceBean.retrieveCompany(LookupServiceBean.java:1226)
	at com.topcoder.clients.webservices.beans.LookupServiceBeanTest.testRetrieveCompany_Failure3(LookupServiceBeanTest.java:2164)
	at sun.reflect.NativeMethodAccessorImpl.invoke0(Native Method)
	at sun.reflect.NativeMethodAccessorImpl.invoke(NativeMethodAccessorImpl.java:39)
	at sun.reflect.DelegatingMethodAccessorImpl.invoke(DelegatingMethodAccessorImpl.java:25)
	at java.lang.reflect.Method.invoke(Method.java:585)
	at junit.framework.TestCase.runTest(TestCase.java:154)
	at junit.framework.TestCase.runBare(TestCase.java:127)
	at junit.framework.TestResult$1.protect(TestResult.java:106)
	at junit.framework.TestResult.runProtected(TestResult.java:124)
	at junit.framework.TestResult.run(TestResult.java:109)
	at junit.framework.TestCase.run(TestCase.java:118)
	at junit.framework.TestSuite.runTest(TestSuite.java:208)
	at junit.framework.TestSuite.run(TestSuite.java:203)
	at junit.framework.TestSuite.runTest(TestSuite.java:208)
	at junit.framework.TestSuite.run(TestSuite.java:203)
	at org.apache.tools.ant.taskdefs.optional.junit.JUnitTestRunner.run(JUnitTestRunner.java:421)
	at org.apache.tools.ant.taskdefs.optional.junit.JUnitTestRunner.launch(JUnitTestRunner.java:912)
	at org.apache.tools.ant.taskdefs.optional.junit.JUnitTestRunner.main(JUnitTestRunner.java:766)
Exit from method [LookupServiceBean#retrieveCompany]. Time spent: 0 ms. Return value: null
Enter into method [LookupServiceBean#retrieveCompany]. Argument info: 5. Entrance timestamp: 1221392596156
Test exception
com.topcoder.clients.manager.CompanyManagerException: Test exception
	at com.topcoder.clients.webservices.beans.CompanyManagerMock.checkFail(CompanyManagerMock.java:220)
	at com.topcoder.clients.webservices.beans.CompanyManagerMock.retrieveCompany(CompanyManagerMock.java:154)
	at com.topcoder.clients.webservices.beans.LookupServiceBean.retrieveCompany(LookupServiceBean.java:1229)
	at com.topcoder.clients.webservices.beans.LookupServiceBeanTest.testRetrieveCompany_Failure4(LookupServiceBeanTest.java:2188)
	at sun.reflect.NativeMethodAccessorImpl.invoke0(Native Method)
	at sun.reflect.NativeMethodAccessorImpl.invoke(NativeMethodAccessorImpl.java:39)
	at sun.reflect.DelegatingMethodAccessorImpl.invoke(DelegatingMethodAccessorImpl.java:25)
	at java.lang.reflect.Method.invoke(Method.java:585)
	at junit.framework.TestCase.runTest(TestCase.java:154)
	at junit.framework.TestCase.runBare(TestCase.java:127)
	at junit.framework.TestResult$1.protect(TestResult.java:106)
	at junit.framework.TestResult.runProtected(TestResult.java:124)
	at junit.framework.TestResult.run(TestResult.java:109)
	at junit.framework.TestCase.run(TestCase.java:118)
	at junit.framework.TestSuite.runTest(TestSuite.java:208)
	at junit.framework.TestSuite.run(TestSuite.java:203)
	at junit.framework.TestSuite.runTest(TestSuite.java:208)
	at junit.framework.TestSuite.run(TestSuite.java:203)
	at org.apache.tools.ant.taskdefs.optional.junit.JUnitTestRunner.run(JUnitTestRunner.java:421)
	at org.apache.tools.ant.taskdefs.optional.junit.JUnitTestRunner.launch(JUnitTestRunner.java:912)
	at org.apache.tools.ant.taskdefs.optional.junit.JUnitTestRunner.main(JUnitTestRunner.java:766)
Exit from method [LookupServiceBean#retrieveCompany]. Time spent: 0 ms. Return value: null
Enter into method [LookupServiceBean#retrieveAllCompanies]. Entrance timestamp: 1221392596390
Exit from method [LookupServiceBean#retrieveAllCompanies]. Time spent: 0 ms. Return value: [[ id=15 name=null passcode=null isDeleted=false] [ id=17 name=null passcode=null isDeleted=false]]
Enter into method [LookupServiceBean#retrieveAllCompanies]. Entrance timestamp: 1221392596593
Resource [companyManager] should not be null.
java.lang.IllegalStateException: Resource [companyManager] should not be null.
	at com.topcoder.clients.webservices.Util.checkResource(Util.java:227)
	at com.topcoder.clients.webservices.beans.LookupServiceBean.retrieveAllCompanies(LookupServiceBean.java:1262)
	at com.topcoder.clients.webservices.beans.LookupServiceBeanTest.testRetrieveAllCompanies_Failure1(LookupServiceBeanTest.java:2227)
	at sun.reflect.NativeMethodAccessorImpl.invoke0(Native Method)
	at sun.reflect.NativeMethodAccessorImpl.invoke(NativeMethodAccessorImpl.java:39)
	at sun.reflect.DelegatingMethodAccessorImpl.invoke(DelegatingMethodAccessorImpl.java:25)
	at java.lang.reflect.Method.invoke(Method.java:585)
	at junit.framework.TestCase.runTest(TestCase.java:154)
	at junit.framework.TestCase.runBare(TestCase.java:127)
	at junit.framework.TestResult$1.protect(TestResult.java:106)
	at junit.framework.TestResult.runProtected(TestResult.java:124)
	at junit.framework.TestResult.run(TestResult.java:109)
	at junit.framework.TestCase.run(TestCase.java:118)
	at junit.framework.TestSuite.runTest(TestSuite.java:208)
	at junit.framework.TestSuite.run(TestSuite.java:203)
	at junit.framework.TestSuite.runTest(TestSuite.java:208)
	at junit.framework.TestSuite.run(TestSuite.java:203)
	at org.apache.tools.ant.taskdefs.optional.junit.JUnitTestRunner.run(JUnitTestRunner.java:421)
	at org.apache.tools.ant.taskdefs.optional.junit.JUnitTestRunner.launch(JUnitTestRunner.java:912)
	at org.apache.tools.ant.taskdefs.optional.junit.JUnitTestRunner.main(JUnitTestRunner.java:766)
Exit from method [LookupServiceBean#retrieveAllCompanies]. Time spent: 0 ms. Return value: null
Enter into method [LookupServiceBean#retrieveAllCompanies]. Entrance timestamp: 1221392596828
User isn't authenticated to perform [retrieveAllCompanies] operation.
com.topcoder.clients.webservices.beans.AuthorizationFailedException: User isn't authenticated to perform [retrieveAllCompanies] operation.
	at com.topcoder.clients.webservices.beans.LookupServiceBean.authenticationCheck(LookupServiceBean.java:1571)
	at com.topcoder.clients.webservices.beans.LookupServiceBean.retrieveAllCompanies(LookupServiceBean.java:1266)
	at com.topcoder.clients.webservices.beans.LookupServiceBeanTest.testRetrieveAllCompanies_Failure2(LookupServiceBeanTest.java:2251)
	at sun.reflect.NativeMethodAccessorImpl.invoke0(Native Method)
	at sun.reflect.NativeMethodAccessorImpl.invoke(NativeMethodAccessorImpl.java:39)
	at sun.reflect.DelegatingMethodAccessorImpl.invoke(DelegatingMethodAccessorImpl.java:25)
	at java.lang.reflect.Method.invoke(Method.java:585)
	at junit.framework.TestCase.runTest(TestCase.java:154)
	at junit.framework.TestCase.runBare(TestCase.java:127)
	at junit.framework.TestResult$1.protect(TestResult.java:106)
	at junit.framework.TestResult.runProtected(TestResult.java:124)
	at junit.framework.TestResult.run(TestResult.java:109)
	at junit.framework.TestCase.run(TestCase.java:118)
	at junit.framework.TestSuite.runTest(TestSuite.java:208)
	at junit.framework.TestSuite.run(TestSuite.java:203)
	at junit.framework.TestSuite.runTest(TestSuite.java:208)
	at junit.framework.TestSuite.run(TestSuite.java:203)
	at org.apache.tools.ant.taskdefs.optional.junit.JUnitTestRunner.run(JUnitTestRunner.java:421)
	at org.apache.tools.ant.taskdefs.optional.junit.JUnitTestRunner.launch(JUnitTestRunner.java:912)
	at org.apache.tools.ant.taskdefs.optional.junit.JUnitTestRunner.main(JUnitTestRunner.java:766)
Exit from method [LookupServiceBean#retrieveAllCompanies]. Time spent: 0 ms. Return value: null
Enter into method [LookupServiceBean#retrieveAllCompanies]. Entrance timestamp: 1221392597046
Test exception
com.topcoder.clients.manager.CompanyManagerException: Test exception
	at com.topcoder.clients.webservices.beans.CompanyManagerMock.checkFail(CompanyManagerMock.java:220)
	at com.topcoder.clients.webservices.beans.CompanyManagerMock.retrieveAllCompanies(CompanyManagerMock.java:129)
	at com.topcoder.clients.webservices.beans.LookupServiceBean.retrieveAllCompanies(LookupServiceBean.java:1269)
	at com.topcoder.clients.webservices.beans.LookupServiceBeanTest.testRetrieveAllCompanies_Failure3(LookupServiceBeanTest.java:2275)
	at sun.reflect.NativeMethodAccessorImpl.invoke0(Native Method)
	at sun.reflect.NativeMethodAccessorImpl.invoke(NativeMethodAccessorImpl.java:39)
	at sun.reflect.DelegatingMethodAccessorImpl.invoke(DelegatingMethodAccessorImpl.java:25)
	at java.lang.reflect.Method.invoke(Method.java:585)
	at junit.framework.TestCase.runTest(TestCase.java:154)
	at junit.framework.TestCase.runBare(TestCase.java:127)
	at junit.framework.TestResult$1.protect(TestResult.java:106)
	at junit.framework.TestResult.runProtected(TestResult.java:124)
	at junit.framework.TestResult.run(TestResult.java:109)
	at junit.framework.TestCase.run(TestCase.java:118)
	at junit.framework.TestSuite.runTest(TestSuite.java:208)
	at junit.framework.TestSuite.run(TestSuite.java:203)
	at junit.framework.TestSuite.runTest(TestSuite.java:208)
	at junit.framework.TestSuite.run(TestSuite.java:203)
	at org.apache.tools.ant.taskdefs.optional.junit.JUnitTestRunner.run(JUnitTestRunner.java:421)
	at org.apache.tools.ant.taskdefs.optional.junit.JUnitTestRunner.launch(JUnitTestRunner.java:912)
	at org.apache.tools.ant.taskdefs.optional.junit.JUnitTestRunner.main(JUnitTestRunner.java:766)
Exit from method [LookupServiceBean#retrieveAllCompanies]. Time spent: 0 ms. Return value: null
Enter into method [LookupServiceBean#searchCompaniesByName]. Argument info: test. Entrance timestamp: 1221392597250
Exit from method [LookupServiceBean#searchCompaniesByName]. Time spent: 0 ms. Return value: [[ id=15 name=null passcode=null isDeleted=false] [ id=17 name=null passcode=null isDeleted=false]]
Enter into method [LookupServiceBean#searchCompaniesByName]. Entrance timestamp: 1221392597484
Parameter [name] should not be null or empty.
java.lang.IllegalArgumentException: Parameter [name] should not be null or empty.
	at com.topcoder.clients.webservices.Util.checkNullOrEmpty(Util.java:119)
	at com.topcoder.clients.webservices.beans.LookupServiceBean.searchCompaniesByName(LookupServiceBean.java:1307)
	at com.topcoder.clients.webservices.beans.LookupServiceBeanTest.testSearchCompaniesByName_Failure1(LookupServiceBeanTest.java:2313)
	at sun.reflect.NativeMethodAccessorImpl.invoke0(Native Method)
	at sun.reflect.NativeMethodAccessorImpl.invoke(NativeMethodAccessorImpl.java:39)
	at sun.reflect.DelegatingMethodAccessorImpl.invoke(DelegatingMethodAccessorImpl.java:25)
	at java.lang.reflect.Method.invoke(Method.java:585)
	at junit.framework.TestCase.runTest(TestCase.java:154)
	at junit.framework.TestCase.runBare(TestCase.java:127)
	at junit.framework.TestResult$1.protect(TestResult.java:106)
	at junit.framework.TestResult.runProtected(TestResult.java:124)
	at junit.framework.TestResult.run(TestResult.java:109)
	at junit.framework.TestCase.run(TestCase.java:118)
	at junit.framework.TestSuite.runTest(TestSuite.java:208)
	at junit.framework.TestSuite.run(TestSuite.java:203)
	at junit.framework.TestSuite.runTest(TestSuite.java:208)
	at junit.framework.TestSuite.run(TestSuite.java:203)
	at org.apache.tools.ant.taskdefs.optional.junit.JUnitTestRunner.run(JUnitTestRunner.java:421)
	at org.apache.tools.ant.taskdefs.optional.junit.JUnitTestRunner.launch(JUnitTestRunner.java:912)
	at org.apache.tools.ant.taskdefs.optional.junit.JUnitTestRunner.main(JUnitTestRunner.java:766)
Exit from method [LookupServiceBean#searchCompaniesByName]. Time spent: 0 ms. Return value: null
Enter into method [LookupServiceBean#searchCompaniesByName]. Argument info: test. Entrance timestamp: 1221392597718
Resource [companyManager] should not be null.
java.lang.IllegalStateException: Resource [companyManager] should not be null.
	at com.topcoder.clients.webservices.Util.checkResource(Util.java:227)
	at com.topcoder.clients.webservices.beans.LookupServiceBean.searchCompaniesByName(LookupServiceBean.java:1308)
	at com.topcoder.clients.webservices.beans.LookupServiceBeanTest.testSearchCompaniesByName_Failure2(LookupServiceBeanTest.java:2337)
	at sun.reflect.NativeMethodAccessorImpl.invoke0(Native Method)
	at sun.reflect.NativeMethodAccessorImpl.invoke(NativeMethodAccessorImpl.java:39)
	at sun.reflect.DelegatingMethodAccessorImpl.invoke(DelegatingMethodAccessorImpl.java:25)
	at java.lang.reflect.Method.invoke(Method.java:585)
	at junit.framework.TestCase.runTest(TestCase.java:154)
	at junit.framework.TestCase.runBare(TestCase.java:127)
	at junit.framework.TestResult$1.protect(TestResult.java:106)
	at junit.framework.TestResult.runProtected(TestResult.java:124)
	at junit.framework.TestResult.run(TestResult.java:109)
	at junit.framework.TestCase.run(TestCase.java:118)
	at junit.framework.TestSuite.runTest(TestSuite.java:208)
	at junit.framework.TestSuite.run(TestSuite.java:203)
	at junit.framework.TestSuite.runTest(TestSuite.java:208)
	at junit.framework.TestSuite.run(TestSuite.java:203)
	at org.apache.tools.ant.taskdefs.optional.junit.JUnitTestRunner.run(JUnitTestRunner.java:421)
	at org.apache.tools.ant.taskdefs.optional.junit.JUnitTestRunner.launch(JUnitTestRunner.java:912)
	at org.apache.tools.ant.taskdefs.optional.junit.JUnitTestRunner.main(JUnitTestRunner.java:766)
Exit from method [LookupServiceBean#searchCompaniesByName]. Time spent: 0 ms. Return value: null
Enter into method [LookupServiceBean#searchCompaniesByName]. Argument info: test. Entrance timestamp: 1221392597937
User isn't authenticated to perform [searchCompaniesByName] operation.
com.topcoder.clients.webservices.beans.AuthorizationFailedException: User isn't authenticated to perform [searchCompaniesByName] operation.
	at com.topcoder.clients.webservices.beans.LookupServiceBean.authenticationCheck(LookupServiceBean.java:1571)
	at com.topcoder.clients.webservices.beans.LookupServiceBean.searchCompaniesByName(LookupServiceBean.java:1312)
	at com.topcoder.clients.webservices.beans.LookupServiceBeanTest.testSearchCompaniesByName_Failure3(LookupServiceBeanTest.java:2361)
	at sun.reflect.NativeMethodAccessorImpl.invoke0(Native Method)
	at sun.reflect.NativeMethodAccessorImpl.invoke(NativeMethodAccessorImpl.java:39)
	at sun.reflect.DelegatingMethodAccessorImpl.invoke(DelegatingMethodAccessorImpl.java:25)
	at java.lang.reflect.Method.invoke(Method.java:585)
	at junit.framework.TestCase.runTest(TestCase.java:154)
	at junit.framework.TestCase.runBare(TestCase.java:127)
	at junit.framework.TestResult$1.protect(TestResult.java:106)
	at junit.framework.TestResult.runProtected(TestResult.java:124)
	at junit.framework.TestResult.run(TestResult.java:109)
	at junit.framework.TestCase.run(TestCase.java:118)
	at junit.framework.TestSuite.runTest(TestSuite.java:208)
	at junit.framework.TestSuite.run(TestSuite.java:203)
	at junit.framework.TestSuite.runTest(TestSuite.java:208)
	at junit.framework.TestSuite.run(TestSuite.java:203)
	at org.apache.tools.ant.taskdefs.optional.junit.JUnitTestRunner.run(JUnitTestRunner.java:421)
	at org.apache.tools.ant.taskdefs.optional.junit.JUnitTestRunner.launch(JUnitTestRunner.java:912)
	at org.apache.tools.ant.taskdefs.optional.junit.JUnitTestRunner.main(JUnitTestRunner.java:766)
Exit from method [LookupServiceBean#searchCompaniesByName]. Time spent: 0 ms. Return value: null
Enter into method [LookupServiceBean#searchCompaniesByName]. Argument info: test. Entrance timestamp: 1221392598171
Test exception
com.topcoder.clients.manager.CompanyManagerException: Test exception
	at com.topcoder.clients.webservices.beans.CompanyManagerMock.checkFail(CompanyManagerMock.java:220)
	at com.topcoder.clients.webservices.beans.CompanyManagerMock.retrieveAllCompanies(CompanyManagerMock.java:129)
	at com.topcoder.clients.webservices.beans.CompanyManagerMock.searchCompaniesByName(CompanyManagerMock.java:189)
	at com.topcoder.clients.webservices.beans.LookupServiceBean.searchCompaniesByName(LookupServiceBean.java:1315)
	at com.topcoder.clients.webservices.beans.LookupServiceBeanTest.testSearchCompaniesByName_Failure4(LookupServiceBeanTest.java:2385)
	at sun.reflect.NativeMethodAccessorImpl.invoke0(Native Method)
	at sun.reflect.NativeMethodAccessorImpl.invoke(NativeMethodAccessorImpl.java:39)
	at sun.reflect.DelegatingMethodAccessorImpl.invoke(DelegatingMethodAccessorImpl.java:25)
	at java.lang.reflect.Method.invoke(Method.java:585)
	at junit.framework.TestCase.runTest(TestCase.java:154)
	at junit.framework.TestCase.runBare(TestCase.java:127)
	at junit.framework.TestResult$1.protect(TestResult.java:106)
	at junit.framework.TestResult.runProtected(TestResult.java:124)
	at junit.framework.TestResult.run(TestResult.java:109)
	at junit.framework.TestCase.run(TestCase.java:118)
	at junit.framework.TestSuite.runTest(TestSuite.java:208)
	at junit.framework.TestSuite.run(TestSuite.java:203)
	at junit.framework.TestSuite.runTest(TestSuite.java:208)
	at junit.framework.TestSuite.run(TestSuite.java:203)
	at org.apache.tools.ant.taskdefs.optional.junit.JUnitTestRunner.run(JUnitTestRunner.java:421)
	at org.apache.tools.ant.taskdefs.optional.junit.JUnitTestRunner.launch(JUnitTestRunner.java:912)
	at org.apache.tools.ant.taskdefs.optional.junit.JUnitTestRunner.main(JUnitTestRunner.java:766)
Exit from method [LookupServiceBean#searchCompaniesByName]. Time spent: 0 ms. Return value: null
Enter into method [LookupServiceBean#searchCompanies]. Argument info: com.topcoder.search.builder.filter.NullFilter@617029. Entrance timestamp: 1221392598375
Exit from method [LookupServiceBean#searchCompanies]. Time spent: 0 ms. Return value: [[ id=15 name=null passcode=null isDeleted=false] [ id=17 name=null passcode=null isDeleted=false]]
Enter into method [LookupServiceBean#searchCompanies]. Argument info: null. Entrance timestamp: 1221392598625
Parameter [filter] should not be null.
java.lang.IllegalArgumentException: Parameter [filter] should not be null.
	at com.topcoder.clients.webservices.Util.checkNullWithLog(Util.java:98)
	at com.topcoder.clients.webservices.beans.LookupServiceBean.searchCompanies(LookupServiceBean.java:1354)
	at com.topcoder.clients.webservices.beans.LookupServiceBeanTest.testSearchCompanies_Failure1(LookupServiceBeanTest.java:2423)
	at sun.reflect.NativeMethodAccessorImpl.invoke0(Native Method)
	at sun.reflect.NativeMethodAccessorImpl.invoke(NativeMethodAccessorImpl.java:39)
	at sun.reflect.DelegatingMethodAccessorImpl.invoke(DelegatingMethodAccessorImpl.java:25)
	at java.lang.reflect.Method.invoke(Method.java:585)
	at junit.framework.TestCase.runTest(TestCase.java:154)
	at junit.framework.TestCase.runBare(TestCase.java:127)
	at junit.framework.TestResult$1.protect(TestResult.java:106)
	at junit.framework.TestResult.runProtected(TestResult.java:124)
	at junit.framework.TestResult.run(TestResult.java:109)
	at junit.framework.TestCase.run(TestCase.java:118)
	at junit.framework.TestSuite.runTest(TestSuite.java:208)
	at junit.framework.TestSuite.run(TestSuite.java:203)
	at junit.framework.TestSuite.runTest(TestSuite.java:208)
	at junit.framework.TestSuite.run(TestSuite.java:203)
	at org.apache.tools.ant.taskdefs.optional.junit.JUnitTestRunner.run(JUnitTestRunner.java:421)
	at org.apache.tools.ant.taskdefs.optional.junit.JUnitTestRunner.launch(JUnitTestRunner.java:912)
	at org.apache.tools.ant.taskdefs.optional.junit.JUnitTestRunner.main(JUnitTestRunner.java:766)
Exit from method [LookupServiceBean#searchCompanies]. Time spent: 0 ms. Return value: null
Enter into method [LookupServiceBean#searchCompanies]. Argument info: com.topcoder.search.builder.filter.NullFilter@14bc6a3. Entrance timestamp: 1221392598828
Resource [companyManager] should not be null.
java.lang.IllegalStateException: Resource [companyManager] should not be null.
	at com.topcoder.clients.webservices.Util.checkResource(Util.java:227)
	at com.topcoder.clients.webservices.beans.LookupServiceBean.searchCompanies(LookupServiceBean.java:1355)
	at com.topcoder.clients.webservices.beans.LookupServiceBeanTest.testSearchCompanies_Failure2(LookupServiceBeanTest.java:2447)
	at sun.reflect.NativeMethodAccessorImpl.invoke0(Native Method)
	at sun.reflect.NativeMethodAccessorImpl.invoke(NativeMethodAccessorImpl.java:39)
	at sun.reflect.DelegatingMethodAccessorImpl.invoke(DelegatingMethodAccessorImpl.java:25)
	at java.lang.reflect.Method.invoke(Method.java:585)
	at junit.framework.TestCase.runTest(TestCase.java:154)
	at junit.framework.TestCase.runBare(TestCase.java:127)
	at junit.framework.TestResult$1.protect(TestResult.java:106)
	at junit.framework.TestResult.runProtected(TestResult.java:124)
	at junit.framework.TestResult.run(TestResult.java:109)
	at junit.framework.TestCase.run(TestCase.java:118)
	at junit.framework.TestSuite.runTest(TestSuite.java:208)
	at junit.framework.TestSuite.run(TestSuite.java:203)
	at junit.framework.TestSuite.runTest(TestSuite.java:208)
	at junit.framework.TestSuite.run(TestSuite.java:203)
	at org.apache.tools.ant.taskdefs.optional.junit.JUnitTestRunner.run(JUnitTestRunner.java:421)
	at org.apache.tools.ant.taskdefs.optional.junit.JUnitTestRunner.launch(JUnitTestRunner.java:912)
	at org.apache.tools.ant.taskdefs.optional.junit.JUnitTestRunner.main(JUnitTestRunner.java:766)
Exit from method [LookupServiceBean#searchCompanies]. Time spent: 0 ms. Return value: null
Enter into method [LookupServiceBean#searchCompanies]. Argument info: com.topcoder.search.builder.filter.NullFilter@1b8a6af. Entrance timestamp: 1221392599062
User isn't authenticated to perform [searchCompanies] operation.
com.topcoder.clients.webservices.beans.AuthorizationFailedException: User isn't authenticated to perform [searchCompanies] operation.
	at com.topcoder.clients.webservices.beans.LookupServiceBean.authenticationCheck(LookupServiceBean.java:1571)
	at com.topcoder.clients.webservices.beans.LookupServiceBean.searchCompanies(LookupServiceBean.java:1359)
	at com.topcoder.clients.webservices.beans.LookupServiceBeanTest.testSearchCompanies_Failure3(LookupServiceBeanTest.java:2471)
	at sun.reflect.NativeMethodAccessorImpl.invoke0(Native Method)
	at sun.reflect.NativeMethodAccessorImpl.invoke(NativeMethodAccessorImpl.java:39)
	at sun.reflect.DelegatingMethodAccessorImpl.invoke(DelegatingMethodAccessorImpl.java:25)
	at java.lang.reflect.Method.invoke(Method.java:585)
	at junit.framework.TestCase.runTest(TestCase.java:154)
	at junit.framework.TestCase.runBare(TestCase.java:127)
	at junit.framework.TestResult$1.protect(TestResult.java:106)
	at junit.framework.TestResult.runProtected(TestResult.java:124)
	at junit.framework.TestResult.run(TestResult.java:109)
	at junit.framework.TestCase.run(TestCase.java:118)
	at junit.framework.TestSuite.runTest(TestSuite.java:208)
	at junit.framework.TestSuite.run(TestSuite.java:203)
	at junit.framework.TestSuite.runTest(TestSuite.java:208)
	at junit.framework.TestSuite.run(TestSuite.java:203)
	at org.apache.tools.ant.taskdefs.optional.junit.JUnitTestRunner.run(JUnitTestRunner.java:421)
	at org.apache.tools.ant.taskdefs.optional.junit.JUnitTestRunner.launch(JUnitTestRunner.java:912)
	at org.apache.tools.ant.taskdefs.optional.junit.JUnitTestRunner.main(JUnitTestRunner.java:766)
Exit from method [LookupServiceBean#searchCompanies]. Time spent: 0 ms. Return value: null
Enter into method [LookupServiceBean#searchCompanies]. Argument info: com.topcoder.search.builder.filter.NullFilter@fd02ce. Entrance timestamp: 1221392599265
Test exception
com.topcoder.clients.manager.CompanyManagerException: Test exception
	at com.topcoder.clients.webservices.beans.CompanyManagerMock.checkFail(CompanyManagerMock.java:220)
	at com.topcoder.clients.webservices.beans.CompanyManagerMock.retrieveAllCompanies(CompanyManagerMock.java:129)
	at com.topcoder.clients.webservices.beans.CompanyManagerMock.searchCompanies(CompanyManagerMock.java:174)
	at com.topcoder.clients.webservices.beans.LookupServiceBean.searchCompanies(LookupServiceBean.java:1362)
	at com.topcoder.clients.webservices.beans.LookupServiceBeanTest.testSearchCompanies_Failure4(LookupServiceBeanTest.java:2495)
	at sun.reflect.NativeMethodAccessorImpl.invoke0(Native Method)
	at sun.reflect.NativeMethodAccessorImpl.invoke(NativeMethodAccessorImpl.java:39)
	at sun.reflect.DelegatingMethodAccessorImpl.invoke(DelegatingMethodAccessorImpl.java:25)
	at java.lang.reflect.Method.invoke(Method.java:585)
	at junit.framework.TestCase.runTest(TestCase.java:154)
	at junit.framework.TestCase.runBare(TestCase.java:127)
	at junit.framework.TestResult$1.protect(TestResult.java:106)
	at junit.framework.TestResult.runProtected(TestResult.java:124)
	at junit.framework.TestResult.run(TestResult.java:109)
	at junit.framework.TestCase.run(TestCase.java:118)
	at junit.framework.TestSuite.runTest(TestSuite.java:208)
	at junit.framework.TestSuite.run(TestSuite.java:203)
	at junit.framework.TestSuite.runTest(TestSuite.java:208)
	at junit.framework.TestSuite.run(TestSuite.java:203)
	at org.apache.tools.ant.taskdefs.optional.junit.JUnitTestRunner.run(JUnitTestRunner.java:421)
	at org.apache.tools.ant.taskdefs.optional.junit.JUnitTestRunner.launch(JUnitTestRunner.java:912)
	at org.apache.tools.ant.taskdefs.optional.junit.JUnitTestRunner.main(JUnitTestRunner.java:766)
Exit from method [LookupServiceBean#searchCompanies]. Time spent: 0 ms. Return value: null
Enter into method [LookupServiceBean#getClientsForCompany]. Argument info: [ id=0 name=null passcode=null isDeleted=false]. Entrance timestamp: 1221392599484
Exit from method [LookupServiceBean#getClientsForCompany]. Time spent: 0 ms. Return value: [[ id=5 name=Jack codeName=null salesTax=0.0 isDeleted=false company=null clientStatus=null] [ id=7 name=Jack codeName=null salesTax=0.0 isDeleted=false company=null clientStatus=null]]
Enter into method [LookupServiceBean#getClientsForCompany]. Argument info: [ id=0 name=null passcode=null isDeleted=false]. Entrance timestamp: 1221392599484
Exit from method [LookupServiceBean#getClientsForCompany]. Time spent: 0 ms. Return value: [[ id=5 name=Jack codeName=null salesTax=0.0 isDeleted=false company=null clientStatus=null] [ id=7 name=Jack codeName=null salesTax=0.0 isDeleted=false company=null clientStatus=null] [ id=0 name=null codeName=null salesTax=0.0 isDeleted=false company=null clientStatus=null]]
Enter into method [LookupServiceBean#getClientsForCompany]. Argument info: null. Entrance timestamp: 1221392599718
Parameter [company] should not be null.
java.lang.IllegalArgumentException: Parameter [company] should not be null.
	at com.topcoder.clients.webservices.Util.checkNullWithLog(Util.java:98)
	at com.topcoder.clients.webservices.beans.LookupServiceBean.getClientsForCompany(LookupServiceBean.java:1401)
	at com.topcoder.clients.webservices.beans.LookupServiceBeanTest.testGetClientsForCompany_Failure1(LookupServiceBeanTest.java:2552)
	at sun.reflect.NativeMethodAccessorImpl.invoke0(Native Method)
	at sun.reflect.NativeMethodAccessorImpl.invoke(NativeMethodAccessorImpl.java:39)
	at sun.reflect.DelegatingMethodAccessorImpl.invoke(DelegatingMethodAccessorImpl.java:25)
	at java.lang.reflect.Method.invoke(Method.java:585)
	at junit.framework.TestCase.runTest(TestCase.java:154)
	at junit.framework.TestCase.runBare(TestCase.java:127)
	at junit.framework.TestResult$1.protect(TestResult.java:106)
	at junit.framework.TestResult.runProtected(TestResult.java:124)
	at junit.framework.TestResult.run(TestResult.java:109)
	at junit.framework.TestCase.run(TestCase.java:118)
	at junit.framework.TestSuite.runTest(TestSuite.java:208)
	at junit.framework.TestSuite.run(TestSuite.java:203)
	at junit.framework.TestSuite.runTest(TestSuite.java:208)
	at junit.framework.TestSuite.run(TestSuite.java:203)
	at org.apache.tools.ant.taskdefs.optional.junit.JUnitTestRunner.run(JUnitTestRunner.java:421)
	at org.apache.tools.ant.taskdefs.optional.junit.JUnitTestRunner.launch(JUnitTestRunner.java:912)
	at org.apache.tools.ant.taskdefs.optional.junit.JUnitTestRunner.main(JUnitTestRunner.java:766)
Exit from method [LookupServiceBean#getClientsForCompany]. Time spent: 0 ms. Return value: null
Enter into method [LookupServiceBean#getClientsForCompany]. Argument info: [ id=0 name=null passcode=null isDeleted=false]. Entrance timestamp: 1221392599921
Resource [companyManager] should not be null.
java.lang.IllegalStateException: Resource [companyManager] should not be null.
	at com.topcoder.clients.webservices.Util.checkResource(Util.java:227)
	at com.topcoder.clients.webservices.beans.LookupServiceBean.getClientsForCompany(LookupServiceBean.java:1402)
	at com.topcoder.clients.webservices.beans.LookupServiceBeanTest.testGetClientsForCompany_Failure2(LookupServiceBeanTest.java:2576)
	at sun.reflect.NativeMethodAccessorImpl.invoke0(Native Method)
	at sun.reflect.NativeMethodAccessorImpl.invoke(NativeMethodAccessorImpl.java:39)
	at sun.reflect.DelegatingMethodAccessorImpl.invoke(DelegatingMethodAccessorImpl.java:25)
	at java.lang.reflect.Method.invoke(Method.java:585)
	at junit.framework.TestCase.runTest(TestCase.java:154)
	at junit.framework.TestCase.runBare(TestCase.java:127)
	at junit.framework.TestResult$1.protect(TestResult.java:106)
	at junit.framework.TestResult.runProtected(TestResult.java:124)
	at junit.framework.TestResult.run(TestResult.java:109)
	at junit.framework.TestCase.run(TestCase.java:118)
	at junit.framework.TestSuite.runTest(TestSuite.java:208)
	at junit.framework.TestSuite.run(TestSuite.java:203)
	at junit.framework.TestSuite.runTest(TestSuite.java:208)
	at junit.framework.TestSuite.run(TestSuite.java:203)
	at org.apache.tools.ant.taskdefs.optional.junit.JUnitTestRunner.run(JUnitTestRunner.java:421)
	at org.apache.tools.ant.taskdefs.optional.junit.JUnitTestRunner.launch(JUnitTestRunner.java:912)
	at org.apache.tools.ant.taskdefs.optional.junit.JUnitTestRunner.main(JUnitTestRunner.java:766)
Exit from method [LookupServiceBean#getClientsForCompany]. Time spent: 0 ms. Return value: null
Enter into method [LookupServiceBean#getClientsForCompany]. Argument info: [ id=0 name=null passcode=null isDeleted=false]. Entrance timestamp: 1221392600156
User isn't authenticated to perform [getClientsForCompany] operation.
com.topcoder.clients.webservices.beans.AuthorizationFailedException: User isn't authenticated to perform [getClientsForCompany] operation.
	at com.topcoder.clients.webservices.beans.LookupServiceBean.authenticationCheck(LookupServiceBean.java:1571)
	at com.topcoder.clients.webservices.beans.LookupServiceBean.getClientsForCompany(LookupServiceBean.java:1406)
	at com.topcoder.clients.webservices.beans.LookupServiceBeanTest.testGetClientsForCompany_Failure3(LookupServiceBeanTest.java:2600)
	at sun.reflect.NativeMethodAccessorImpl.invoke0(Native Method)
	at sun.reflect.NativeMethodAccessorImpl.invoke(NativeMethodAccessorImpl.java:39)
	at sun.reflect.DelegatingMethodAccessorImpl.invoke(DelegatingMethodAccessorImpl.java:25)
	at java.lang.reflect.Method.invoke(Method.java:585)
	at junit.framework.TestCase.runTest(TestCase.java:154)
	at junit.framework.TestCase.runBare(TestCase.java:127)
	at junit.framework.TestResult$1.protect(TestResult.java:106)
	at junit.framework.TestResult.runProtected(TestResult.java:124)
	at junit.framework.TestResult.run(TestResult.java:109)
	at junit.framework.TestCase.run(TestCase.java:118)
	at junit.framework.TestSuite.runTest(TestSuite.java:208)
	at junit.framework.TestSuite.run(TestSuite.java:203)
	at junit.framework.TestSuite.runTest(TestSuite.java:208)
	at junit.framework.TestSuite.run(TestSuite.java:203)
	at org.apache.tools.ant.taskdefs.optional.junit.JUnitTestRunner.run(JUnitTestRunner.java:421)
	at org.apache.tools.ant.taskdefs.optional.junit.JUnitTestRunner.launch(JUnitTestRunner.java:912)
	at org.apache.tools.ant.taskdefs.optional.junit.JUnitTestRunner.main(JUnitTestRunner.java:766)
Exit from method [LookupServiceBean#getClientsForCompany]. Time spent: 0 ms. Return value: null
Enter into method [LookupServiceBean#getClientsForCompany]. Argument info: [ id=0 name=null passcode=null isDeleted=false]. Entrance timestamp: 1221392600375
Test exception
com.topcoder.clients.manager.CompanyManagerException: Test exception
	at com.topcoder.clients.webservices.beans.CompanyManagerMock.checkFail(CompanyManagerMock.java:220)
	at com.topcoder.clients.webservices.beans.CompanyManagerMock.getClientsForCompany(CompanyManagerMock.java:91)
	at com.topcoder.clients.webservices.beans.LookupServiceBean.getClientsForCompany(LookupServiceBean.java:1409)
	at com.topcoder.clients.webservices.beans.LookupServiceBeanTest.testGetClientsForCompany_Failure4(LookupServiceBeanTest.java:2624)
	at sun.reflect.NativeMethodAccessorImpl.invoke0(Native Method)
	at sun.reflect.NativeMethodAccessorImpl.invoke(NativeMethodAccessorImpl.java:39)
	at sun.reflect.DelegatingMethodAccessorImpl.invoke(DelegatingMethodAccessorImpl.java:25)
	at java.lang.reflect.Method.invoke(Method.java:585)
	at junit.framework.TestCase.runTest(TestCase.java:154)
	at junit.framework.TestCase.runBare(TestCase.java:127)
	at junit.framework.TestResult$1.protect(TestResult.java:106)
	at junit.framework.TestResult.runProtected(TestResult.java:124)
	at junit.framework.TestResult.run(TestResult.java:109)
	at junit.framework.TestCase.run(TestCase.java:118)
	at junit.framework.TestSuite.runTest(TestSuite.java:208)
	at junit.framework.TestSuite.run(TestSuite.java:203)
	at junit.framework.TestSuite.runTest(TestSuite.java:208)
	at junit.framework.TestSuite.run(TestSuite.java:203)
	at org.apache.tools.ant.taskdefs.optional.junit.JUnitTestRunner.run(JUnitTestRunner.java:421)
	at org.apache.tools.ant.taskdefs.optional.junit.JUnitTestRunner.launch(JUnitTestRunner.java:912)
	at org.apache.tools.ant.taskdefs.optional.junit.JUnitTestRunner.main(JUnitTestRunner.java:766)
Exit from method [LookupServiceBean#getClientsForCompany]. Time spent: 0 ms. Return value: null
Enter into method [LookupServiceBean#getProjectsForCompany]. Argument info: [ id=0 name=null passcode=null isDeleted=false]. Entrance timestamp: 1221392600578
Exit from method [LookupServiceBean#getProjectsForCompany]. Time spent: 0 ms. Return value: [[ id=5 name=null description=null salesTax=0.0 client=null company=null childProjects=[]] [ id=7 name=null description=null salesTax=0.0 client=null company=null childProjects=[]]]
Enter into method [LookupServiceBean#getProjectsForCompany]. Argument info: [ id=0 name=null passcode=null isDeleted=false]. Entrance timestamp: 1221392600578
Exit from method [LookupServiceBean#getProjectsForCompany]. Time spent: 0 ms. Return value: [[ id=5 name=null description=null salesTax=0.0 client=null company=null childProjects=[]] [ id=7 name=null description=null salesTax=0.0 client=null company=null childProjects=[]] [ id=0 name=null description=null salesTax=0.0 client=null company=null childProjects=[]]]
Enter into method [LookupServiceBean#getProjectsForCompany]. Argument info: null. Entrance timestamp: 1221392600812
Parameter [company] should not be null.
java.lang.IllegalArgumentException: Parameter [company] should not be null.
	at com.topcoder.clients.webservices.Util.checkNullWithLog(Util.java:98)
	at com.topcoder.clients.webservices.beans.LookupServiceBean.getProjectsForCompany(LookupServiceBean.java:1451)
	at com.topcoder.clients.webservices.beans.LookupServiceBeanTest.testGetProjectsForCompany_Failure1(LookupServiceBeanTest.java:2680)
	at sun.reflect.NativeMethodAccessorImpl.invoke0(Native Method)
	at sun.reflect.NativeMethodAccessorImpl.invoke(NativeMethodAccessorImpl.java:39)
	at sun.reflect.DelegatingMethodAccessorImpl.invoke(DelegatingMethodAccessorImpl.java:25)
	at java.lang.reflect.Method.invoke(Method.java:585)
	at junit.framework.TestCase.runTest(TestCase.java:154)
	at junit.framework.TestCase.runBare(TestCase.java:127)
	at junit.framework.TestResult$1.protect(TestResult.java:106)
	at junit.framework.TestResult.runProtected(TestResult.java:124)
	at junit.framework.TestResult.run(TestResult.java:109)
	at junit.framework.TestCase.run(TestCase.java:118)
	at junit.framework.TestSuite.runTest(TestSuite.java:208)
	at junit.framework.TestSuite.run(TestSuite.java:203)
	at junit.framework.TestSuite.runTest(TestSuite.java:208)
	at junit.framework.TestSuite.run(TestSuite.java:203)
	at org.apache.tools.ant.taskdefs.optional.junit.JUnitTestRunner.run(JUnitTestRunner.java:421)
	at org.apache.tools.ant.taskdefs.optional.junit.JUnitTestRunner.launch(JUnitTestRunner.java:912)
	at org.apache.tools.ant.taskdefs.optional.junit.JUnitTestRunner.main(JUnitTestRunner.java:766)
Exit from method [LookupServiceBean#getProjectsForCompany]. Time spent: 0 ms. Return value: null
Enter into method [LookupServiceBean#getProjectsForCompany]. Argument info: [ id=0 name=null passcode=null isDeleted=false]. Entrance timestamp: 1221392601015
Resource [companyManager] should not be null.
java.lang.IllegalStateException: Resource [companyManager] should not be null.
	at com.topcoder.clients.webservices.Util.checkResource(Util.java:227)
	at com.topcoder.clients.webservices.beans.LookupServiceBean.getProjectsForCompany(LookupServiceBean.java:1452)
	at com.topcoder.clients.webservices.beans.LookupServiceBeanTest.testGetProjectsForCompany_Failure2(LookupServiceBeanTest.java:2704)
	at sun.reflect.NativeMethodAccessorImpl.invoke0(Native Method)
	at sun.reflect.NativeMethodAccessorImpl.invoke(NativeMethodAccessorImpl.java:39)
	at sun.reflect.DelegatingMethodAccessorImpl.invoke(DelegatingMethodAccessorImpl.java:25)
	at java.lang.reflect.Method.invoke(Method.java:585)
	at junit.framework.TestCase.runTest(TestCase.java:154)
	at junit.framework.TestCase.runBare(TestCase.java:127)
	at junit.framework.TestResult$1.protect(TestResult.java:106)
	at junit.framework.TestResult.runProtected(TestResult.java:124)
	at junit.framework.TestResult.run(TestResult.java:109)
	at junit.framework.TestCase.run(TestCase.java:118)
	at junit.framework.TestSuite.runTest(TestSuite.java:208)
	at junit.framework.TestSuite.run(TestSuite.java:203)
	at junit.framework.TestSuite.runTest(TestSuite.java:208)
	at junit.framework.TestSuite.run(TestSuite.java:203)
	at org.apache.tools.ant.taskdefs.optional.junit.JUnitTestRunner.run(JUnitTestRunner.java:421)
	at org.apache.tools.ant.taskdefs.optional.junit.JUnitTestRunner.launch(JUnitTestRunner.java:912)
	at org.apache.tools.ant.taskdefs.optional.junit.JUnitTestRunner.main(JUnitTestRunner.java:766)
Exit from method [LookupServiceBean#getProjectsForCompany]. Time spent: 0 ms. Return value: null
Enter into method [LookupServiceBean#getProjectsForCompany]. Argument info: [ id=0 name=null passcode=null isDeleted=false]. Entrance timestamp: 1221392601234
User isn't authenticated to perform [getProjectsForCompany] operation.
com.topcoder.clients.webservices.beans.AuthorizationFailedException: User isn't authenticated to perform [getProjectsForCompany] operation.
	at com.topcoder.clients.webservices.beans.LookupServiceBean.authenticationCheck(LookupServiceBean.java:1571)
	at com.topcoder.clients.webservices.beans.LookupServiceBean.getProjectsForCompany(LookupServiceBean.java:1456)
	at com.topcoder.clients.webservices.beans.LookupServiceBeanTest.testGetProjectsForCompany_Failure3(LookupServiceBeanTest.java:2728)
	at sun.reflect.NativeMethodAccessorImpl.invoke0(Native Method)
	at sun.reflect.NativeMethodAccessorImpl.invoke(NativeMethodAccessorImpl.java:39)
	at sun.reflect.DelegatingMethodAccessorImpl.invoke(DelegatingMethodAccessorImpl.java:25)
	at java.lang.reflect.Method.invoke(Method.java:585)
	at junit.framework.TestCase.runTest(TestCase.java:154)
	at junit.framework.TestCase.runBare(TestCase.java:127)
	at junit.framework.TestResult$1.protect(TestResult.java:106)
	at junit.framework.TestResult.runProtected(TestResult.java:124)
	at junit.framework.TestResult.run(TestResult.java:109)
	at junit.framework.TestCase.run(TestCase.java:118)
	at junit.framework.TestSuite.runTest(TestSuite.java:208)
	at junit.framework.TestSuite.run(TestSuite.java:203)
	at junit.framework.TestSuite.runTest(TestSuite.java:208)
	at junit.framework.TestSuite.run(TestSuite.java:203)
	at org.apache.tools.ant.taskdefs.optional.junit.JUnitTestRunner.run(JUnitTestRunner.java:421)
	at org.apache.tools.ant.taskdefs.optional.junit.JUnitTestRunner.launch(JUnitTestRunner.java:912)
	at org.apache.tools.ant.taskdefs.optional.junit.JUnitTestRunner.main(JUnitTestRunner.java:766)
Exit from method [LookupServiceBean#getProjectsForCompany]. Time spent: 0 ms. Return value: null
Enter into method [LookupServiceBean#getProjectsForCompany]. Argument info: [ id=0 name=null passcode=null isDeleted=false]. Entrance timestamp: 1221392601468
Test exception
com.topcoder.clients.manager.CompanyManagerException: Test exception
	at com.topcoder.clients.webservices.beans.CompanyManagerMock.checkFail(CompanyManagerMock.java:220)
	at com.topcoder.clients.webservices.beans.CompanyManagerMock.getProjectsForCompany(CompanyManagerMock.java:111)
	at com.topcoder.clients.webservices.beans.LookupServiceBean.getProjectsForCompany(LookupServiceBean.java:1459)
	at com.topcoder.clients.webservices.beans.LookupServiceBeanTest.testGetProjectsForCompany_Failure4(LookupServiceBeanTest.java:2752)
	at sun.reflect.NativeMethodAccessorImpl.invoke0(Native Method)
	at sun.reflect.NativeMethodAccessorImpl.invoke(NativeMethodAccessorImpl.java:39)
	at sun.reflect.DelegatingMethodAccessorImpl.invoke(DelegatingMethodAccessorImpl.java:25)
	at java.lang.reflect.Method.invoke(Method.java:585)
	at junit.framework.TestCase.runTest(TestCase.java:154)
	at junit.framework.TestCase.runBare(TestCase.java:127)
	at junit.framework.TestResult$1.protect(TestResult.java:106)
	at junit.framework.TestResult.runProtected(TestResult.java:124)
	at junit.framework.TestResult.run(TestResult.java:109)
	at junit.framework.TestCase.run(TestCase.java:118)
	at junit.framework.TestSuite.runTest(TestSuite.java:208)
	at junit.framework.TestSuite.run(TestSuite.java:203)
	at junit.framework.TestSuite.runTest(TestSuite.java:208)
	at junit.framework.TestSuite.run(TestSuite.java:203)
	at org.apache.tools.ant.taskdefs.optional.junit.JUnitTestRunner.run(JUnitTestRunner.java:421)
	at org.apache.tools.ant.taskdefs.optional.junit.JUnitTestRunner.launch(JUnitTestRunner.java:912)
	at org.apache.tools.ant.taskdefs.optional.junit.JUnitTestRunner.main(JUnitTestRunner.java:766)
Exit from method [LookupServiceBean#getProjectsForCompany]. Time spent: 0 ms. Return value: null
DEBUG [main] (JAXWSClientMetaDataBuilder.java:76) - START buildMetaData: [service={com.topcoder.clients.webservices.ClientStatusService}ClientStatusService]
DEBUG [main] (WSDLDefinitionsFactory.java:102) - parse: http://127.0.0.1:8080/client_project_lookup_services-client_project_lookup_services/ClientStatusServiceBean?wsdl
DEBUG [main] (JBossWSEntityResolver.java:64) - resolveEntity: [pub=http://127.0.0.1:8080/client_project_lookup_services-client_project_lookup_services/ClientStatusServiceBean?wsdl&resource=ClientStatusService_PortType52868.wsdl,sysid=http://127.0.0.1:8080/client_project_lookup_services-client_project_lookup_services/ClientStatusServiceBean?wsdl&resource=ClientStatusService_PortType52868.wsdl]
DEBUG [main] (DefaultSPIProvider.java:68) - provide SPI 'class org.jboss.wsf.spi.management.ServerConfigFactory'
DEBUG [main] (JavaToXSD.java:175) - Load schema: http://webservices.clients.topcoder.com/=file:/C:/DOCUME~1/user/LOCALS~1/Temp/JBossWS_webservices.clients.topcoder.com_20822.xsd
DEBUG [main] (JBossWSEntityResolver.java:64) - resolveEntity: [pub=null,sysid=file:/C:/DOCUME~1/user/LOCALS~1/Temp/JBossWS_webservices.clients.topcoder.com_20822.xsd]
DEBUG [main] (JBossWSEntityResolver.java:64) - resolveEntity: [pub=http://schemas.xmlsoap.org/soap/encoding/,sysid=null]
DEBUG [main] (EndpointMetaData.java:297) - Using default parameter style: WRAPPED
DEBUG [main] (JAXWSClientMetaDataBuilder.java:101) - END buildMetaData: 
UnifiedMetaData: 
 implementation: jbossws-native-2.0.1.SP2 (build=200710210837)
 deploymentName: null
 securityDomain: null

ServiceMetaData:
 qname={com.topcoder.clients.webservices.ClientStatusService}ClientStatusService
 refName=null
 wsdName=null
 wsdlFile=null
 wsdlLocation=http://127.0.0.1:8080/client_project_lookup_services-client_project_lookup_services/ClientStatusServiceBean?wsdl
 jaxrpcMapping=null
 publishLocation=null
 securityConfig=null
 properties=null

TypesMetaData: 
<schema targetNamespace='http://webservices.clients.topcoder.com/' xmlns='http://www.w3.org/2001/XMLSchema' xmlns:soap11-enc='http://schemas.xmlsoap.org/soap/encoding/' xmlns:tns='http://webservices.clients.topcoder.com/' xmlns:xsi='http://www.w3.org/2001/XMLSchema-instance'>
 <complexType name='auditableEntity'>
  <sequence>
   <element name='id' type='long'/>
   <element maxOccurs='1' minOccurs='0' name='createUsername' type='string'/>
   <element maxOccurs='1' minOccurs='0' name='createDate' type='dateTime'/>
   <element maxOccurs='1' minOccurs='0' name='modifyUsername' type='string'/>
   <element maxOccurs='1' minOccurs='0' name='modifyDate' type='dateTime'/>
   <element maxOccurs='1' minOccurs='0' name='name' type='string'/>
   <element name='deleted' type='boolean'/>
  </sequence>
 </complexType>
 <complexType name='clientStatus'>
  <complexContent>
   <extension base='tns:auditableEntity'>
    <sequence>
     <element name='description' type='string'/>
    </sequence>
   </extension>
  </complexContent>
 </complexType>
 <complexType name='createClientStatus'>
  <sequence>
   <element maxOccurs='1' minOccurs='0' name='arg0' type='tns:clientStatus'/>
  </sequence>
 </complexType>
 <complexType name='createClientStatusResponse'>
  <sequence>
   <element maxOccurs='1' minOccurs='0' name='return' type='tns:clientStatus'/>
  </sequence>
 </complexType>
 <complexType name='deleteClientStatus'>
  <sequence>
   <element maxOccurs='1' minOccurs='0' name='arg0' type='tns:clientStatus'/>
  </sequence>
 </complexType>
 <complexType name='deleteClientStatusResponse'>
  <sequence>
   <element maxOccurs='1' minOccurs='0' name='return' type='tns:clientStatus'/>
  </sequence>
 </complexType>
 <complexType name='updateClientStatus'>
  <sequence>
   <element maxOccurs='1' minOccurs='0' name='arg0' type='tns:clientStatus'/>
  </sequence>
 </complexType>
 <complexType name='updateClientStatusResponse'>
  <sequence>
   <element maxOccurs='1' minOccurs='0' name='return' type='tns:clientStatus'/>
  </sequence>
 </complexType>
 <complexType name='ClientStatusServiceException'>
  <sequence>
   <element maxOccurs='1' minOccurs='0' name='message' type='string'/>
  </sequence>
 </complexType>
 <element name='createClientStatus' type='tns:createClientStatus'/>
 <element name='createClientStatusResponse' type='tns:createClientStatusResponse'/>
 <element name='deleteClientStatus' type='tns:deleteClientStatus'/>
 <element name='deleteClientStatusResponse' type='tns:deleteClientStatusResponse'/>
 <element name='updateClientStatus' type='tns:updateClientStatus'/>
 <element name='updateClientStatusResponse' type='tns:updateClientStatusResponse'/>
 <element name='ClientStatusServiceException' type='tns:ClientStatusServiceException'/>
</schema>


ClientEndpointMetaData:
 type=JAXWS
 qname={com.topcoder.clients.webservices.ClientStatusService}ClientStatusServiceBeanPort
 address=http://127.0.0.1:8080/client_project_lookup_services-client_project_lookup_services/ClientStatusServiceBean
 binding=http://schemas.xmlsoap.org/wsdl/soap/http
 seiName=null
 configFile=META-INF/standard-jaxws-client-config.xml
 configName=Standard Client
 authMethod=null
 properties={}

OperationMetaData:
 qname={http://webservices.clients.topcoder.com/}createClientStatus
 javaName={http://webservices.clients.topcoder.com/}createClientStatus
 style=document/literal/WRAPPED
 oneWay=false
 soapAction=

OperationMetaData:
 qname={http://webservices.clients.topcoder.com/}deleteClientStatus
 javaName={http://webservices.clients.topcoder.com/}deleteClientStatus
 style=document/literal/WRAPPED
 oneWay=false
 soapAction=

OperationMetaData:
 qname={http://webservices.clients.topcoder.com/}updateClientStatus
 javaName={http://webservices.clients.topcoder.com/}updateClientStatus
 style=document/literal/WRAPPED
 oneWay=false
 soapAction=
DEBUG [main] (JAXWSClientMetaDataBuilder.java:76) - START buildMetaData: [service={com.topcoder.clients.webservices.ClientStatusService}ClientStatusService]
DEBUG [main] (WSDLDefinitionsFactory.java:102) - parse: http://127.0.0.1:8080/client_project_lookup_services-client_project_lookup_services/ClientStatusServiceBean?wsdl
DEBUG [main] (JBossWSEntityResolver.java:64) - resolveEntity: [pub=http://127.0.0.1:8080/client_project_lookup_services-client_project_lookup_services/ClientStatusServiceBean?wsdl&resource=ClientStatusService_PortType52868.wsdl,sysid=http://127.0.0.1:8080/client_project_lookup_services-client_project_lookup_services/ClientStatusServiceBean?wsdl&resource=ClientStatusService_PortType52868.wsdl]
DEBUG [main] (DefaultSPIProvider.java:68) - provide SPI 'class org.jboss.wsf.spi.management.ServerConfigFactory'
DEBUG [main] (JavaToXSD.java:175) - Load schema: http://webservices.clients.topcoder.com/=file:/C:/DOCUME~1/user/LOCALS~1/Temp/JBossWS_webservices.clients.topcoder.com_20823.xsd
DEBUG [main] (JBossWSEntityResolver.java:64) - resolveEntity: [pub=null,sysid=file:/C:/DOCUME~1/user/LOCALS~1/Temp/JBossWS_webservices.clients.topcoder.com_20823.xsd]
DEBUG [main] (JBossWSEntityResolver.java:64) - resolveEntity: [pub=http://schemas.xmlsoap.org/soap/encoding/,sysid=null]
DEBUG [main] (EndpointMetaData.java:297) - Using default parameter style: WRAPPED
DEBUG [main] (JAXWSClientMetaDataBuilder.java:101) - END buildMetaData: 
UnifiedMetaData: 
 implementation: jbossws-native-2.0.1.SP2 (build=200710210837)
 deploymentName: null
 securityDomain: null

ServiceMetaData:
 qname={com.topcoder.clients.webservices.ClientStatusService}ClientStatusService
 refName=null
 wsdName=null
 wsdlFile=null
 wsdlLocation=http://127.0.0.1:8080/client_project_lookup_services-client_project_lookup_services/ClientStatusServiceBean?wsdl
 jaxrpcMapping=null
 publishLocation=null
 securityConfig=null
 properties=null

TypesMetaData: 
<schema targetNamespace='http://webservices.clients.topcoder.com/' xmlns='http://www.w3.org/2001/XMLSchema' xmlns:soap11-enc='http://schemas.xmlsoap.org/soap/encoding/' xmlns:tns='http://webservices.clients.topcoder.com/' xmlns:xsi='http://www.w3.org/2001/XMLSchema-instance'>
 <complexType name='auditableEntity'>
  <sequence>
   <element name='id' type='long'/>
   <element maxOccurs='1' minOccurs='0' name='createUsername' type='string'/>
   <element maxOccurs='1' minOccurs='0' name='createDate' type='dateTime'/>
   <element maxOccurs='1' minOccurs='0' name='modifyUsername' type='string'/>
   <element maxOccurs='1' minOccurs='0' name='modifyDate' type='dateTime'/>
   <element maxOccurs='1' minOccurs='0' name='name' type='string'/>
   <element name='deleted' type='boolean'/>
  </sequence>
 </complexType>
 <complexType name='clientStatus'>
  <complexContent>
   <extension base='tns:auditableEntity'>
    <sequence>
     <element name='description' type='string'/>
    </sequence>
   </extension>
  </complexContent>
 </complexType>
 <complexType name='createClientStatus'>
  <sequence>
   <element maxOccurs='1' minOccurs='0' name='arg0' type='tns:clientStatus'/>
  </sequence>
 </complexType>
 <complexType name='createClientStatusResponse'>
  <sequence>
   <element maxOccurs='1' minOccurs='0' name='return' type='tns:clientStatus'/>
  </sequence>
 </complexType>
 <complexType name='deleteClientStatus'>
  <sequence>
   <element maxOccurs='1' minOccurs='0' name='arg0' type='tns:clientStatus'/>
  </sequence>
 </complexType>
 <complexType name='deleteClientStatusResponse'>
  <sequence>
   <element maxOccurs='1' minOccurs='0' name='return' type='tns:clientStatus'/>
  </sequence>
 </complexType>
 <complexType name='updateClientStatus'>
  <sequence>
   <element maxOccurs='1' minOccurs='0' name='arg0' type='tns:clientStatus'/>
  </sequence>
 </complexType>
 <complexType name='updateClientStatusResponse'>
  <sequence>
   <element maxOccurs='1' minOccurs='0' name='return' type='tns:clientStatus'/>
  </sequence>
 </complexType>
 <complexType name='ClientStatusServiceException'>
  <sequence>
   <element maxOccurs='1' minOccurs='0' name='message' type='string'/>
  </sequence>
 </complexType>
 <element name='createClientStatus' type='tns:createClientStatus'/>
 <element name='createClientStatusResponse' type='tns:createClientStatusResponse'/>
 <element name='deleteClientStatus' type='tns:deleteClientStatus'/>
 <element name='deleteClientStatusResponse' type='tns:deleteClientStatusResponse'/>
 <element name='updateClientStatus' type='tns:updateClientStatus'/>
 <element name='updateClientStatusResponse' type='tns:updateClientStatusResponse'/>
 <element name='ClientStatusServiceException' type='tns:ClientStatusServiceException'/>
</schema>


ClientEndpointMetaData:
 type=JAXWS
 qname={com.topcoder.clients.webservices.ClientStatusService}ClientStatusServiceBeanPort
 address=http://127.0.0.1:8080/client_project_lookup_services-client_project_lookup_services/ClientStatusServiceBean
 binding=http://schemas.xmlsoap.org/wsdl/soap/http
 seiName=null
 configFile=META-INF/standard-jaxws-client-config.xml
 configName=Standard Client
 authMethod=null
 properties={}

OperationMetaData:
 qname={http://webservices.clients.topcoder.com/}createClientStatus
 javaName={http://webservices.clients.topcoder.com/}createClientStatus
 style=document/literal/WRAPPED
 oneWay=false
 soapAction=

OperationMetaData:
 qname={http://webservices.clients.topcoder.com/}deleteClientStatus
 javaName={http://webservices.clients.topcoder.com/}deleteClientStatus
 style=document/literal/WRAPPED
 oneWay=false
 soapAction=

OperationMetaData:
 qname={http://webservices.clients.topcoder.com/}updateClientStatus
 javaName={http://webservices.clients.topcoder.com/}updateClientStatus
 style=document/literal/WRAPPED
 oneWay=false
 soapAction=
DEBUG [main] (JAXWSClientMetaDataBuilder.java:76) - START buildMetaData: [service={com.topcoder.clients.webservices.ClientStatusService}ClientStatusService]
DEBUG [main] (WSDLDefinitionsFactory.java:102) - parse: http://127.0.0.1:8080/client_project_lookup_services-client_project_lookup_services/ClientStatusServiceBean?wsdl
DEBUG [main] (JBossWSEntityResolver.java:64) - resolveEntity: [pub=http://127.0.0.1:8080/client_project_lookup_services-client_project_lookup_services/ClientStatusServiceBean?wsdl&resource=ClientStatusService_PortType52868.wsdl,sysid=http://127.0.0.1:8080/client_project_lookup_services-client_project_lookup_services/ClientStatusServiceBean?wsdl&resource=ClientStatusService_PortType52868.wsdl]
DEBUG [main] (DefaultSPIProvider.java:68) - provide SPI 'class org.jboss.wsf.spi.management.ServerConfigFactory'
DEBUG [main] (JavaToXSD.java:175) - Load schema: http://webservices.clients.topcoder.com/=file:/C:/DOCUME~1/user/LOCALS~1/Temp/JBossWS_webservices.clients.topcoder.com_20824.xsd
DEBUG [main] (JBossWSEntityResolver.java:64) - resolveEntity: [pub=null,sysid=file:/C:/DOCUME~1/user/LOCALS~1/Temp/JBossWS_webservices.clients.topcoder.com_20824.xsd]
DEBUG [main] (JBossWSEntityResolver.java:64) - resolveEntity: [pub=http://schemas.xmlsoap.org/soap/encoding/,sysid=null]
DEBUG [main] (EndpointMetaData.java:297) - Using default parameter style: WRAPPED
DEBUG [main] (JAXWSClientMetaDataBuilder.java:101) - END buildMetaData: 
UnifiedMetaData: 
 implementation: jbossws-native-2.0.1.SP2 (build=200710210837)
 deploymentName: null
 securityDomain: null

ServiceMetaData:
 qname={com.topcoder.clients.webservices.ClientStatusService}ClientStatusService
 refName=null
 wsdName=null
 wsdlFile=null
 wsdlLocation=http://127.0.0.1:8080/client_project_lookup_services-client_project_lookup_services/ClientStatusServiceBean?wsdl
 jaxrpcMapping=null
 publishLocation=null
 securityConfig=null
 properties=null

TypesMetaData: 
<schema targetNamespace='http://webservices.clients.topcoder.com/' xmlns='http://www.w3.org/2001/XMLSchema' xmlns:soap11-enc='http://schemas.xmlsoap.org/soap/encoding/' xmlns:tns='http://webservices.clients.topcoder.com/' xmlns:xsi='http://www.w3.org/2001/XMLSchema-instance'>
 <complexType name='auditableEntity'>
  <sequence>
   <element name='id' type='long'/>
   <element maxOccurs='1' minOccurs='0' name='createUsername' type='string'/>
   <element maxOccurs='1' minOccurs='0' name='createDate' type='dateTime'/>
   <element maxOccurs='1' minOccurs='0' name='modifyUsername' type='string'/>
   <element maxOccurs='1' minOccurs='0' name='modifyDate' type='dateTime'/>
   <element maxOccurs='1' minOccurs='0' name='name' type='string'/>
   <element name='deleted' type='boolean'/>
  </sequence>
 </complexType>
 <complexType name='clientStatus'>
  <complexContent>
   <extension base='tns:auditableEntity'>
    <sequence>
     <element name='description' type='string'/>
    </sequence>
   </extension>
  </complexContent>
 </complexType>
 <complexType name='createClientStatus'>
  <sequence>
   <element maxOccurs='1' minOccurs='0' name='arg0' type='tns:clientStatus'/>
  </sequence>
 </complexType>
 <complexType name='createClientStatusResponse'>
  <sequence>
   <element maxOccurs='1' minOccurs='0' name='return' type='tns:clientStatus'/>
  </sequence>
 </complexType>
 <complexType name='deleteClientStatus'>
  <sequence>
   <element maxOccurs='1' minOccurs='0' name='arg0' type='tns:clientStatus'/>
  </sequence>
 </complexType>
 <complexType name='deleteClientStatusResponse'>
  <sequence>
   <element maxOccurs='1' minOccurs='0' name='return' type='tns:clientStatus'/>
  </sequence>
 </complexType>
 <complexType name='updateClientStatus'>
  <sequence>
   <element maxOccurs='1' minOccurs='0' name='arg0' type='tns:clientStatus'/>
  </sequence>
 </complexType>
 <complexType name='updateClientStatusResponse'>
  <sequence>
   <element maxOccurs='1' minOccurs='0' name='return' type='tns:clientStatus'/>
  </sequence>
 </complexType>
 <complexType name='ClientStatusServiceException'>
  <sequence>
   <element maxOccurs='1' minOccurs='0' name='message' type='string'/>
  </sequence>
 </complexType>
 <element name='createClientStatus' type='tns:createClientStatus'/>
 <element name='createClientStatusResponse' type='tns:createClientStatusResponse'/>
 <element name='deleteClientStatus' type='tns:deleteClientStatus'/>
 <element name='deleteClientStatusResponse' type='tns:deleteClientStatusResponse'/>
 <element name='updateClientStatus' type='tns:updateClientStatus'/>
 <element name='updateClientStatusResponse' type='tns:updateClientStatusResponse'/>
 <element name='ClientStatusServiceException' type='tns:ClientStatusServiceException'/>
</schema>


ClientEndpointMetaData:
 type=JAXWS
 qname={com.topcoder.clients.webservices.ClientStatusService}ClientStatusServiceBeanPort
 address=http://127.0.0.1:8080/client_project_lookup_services-client_project_lookup_services/ClientStatusServiceBean
 binding=http://schemas.xmlsoap.org/wsdl/soap/http
 seiName=null
 configFile=META-INF/standard-jaxws-client-config.xml
 configName=Standard Client
 authMethod=null
 properties={}

OperationMetaData:
 qname={http://webservices.clients.topcoder.com/}createClientStatus
 javaName={http://webservices.clients.topcoder.com/}createClientStatus
 style=document/literal/WRAPPED
 oneWay=false
 soapAction=

OperationMetaData:
 qname={http://webservices.clients.topcoder.com/}deleteClientStatus
 javaName={http://webservices.clients.topcoder.com/}deleteClientStatus
 style=document/literal/WRAPPED
 oneWay=false
 soapAction=

OperationMetaData:
 qname={http://webservices.clients.topcoder.com/}updateClientStatus
 javaName={http://webservices.clients.topcoder.com/}updateClientStatus
 style=document/literal/WRAPPED
 oneWay=false
 soapAction=
DEBUG [main] (JAXWSClientMetaDataBuilder.java:76) - START buildMetaData: [service={com.topcoder.clients.webservices.ClientStatusService}ClientStatusService]
DEBUG [main] (WSDLDefinitionsFactory.java:102) - parse: http://127.0.0.1:8080/client_project_lookup_services-client_project_lookup_services/ClientStatusServiceBean?wsdl
DEBUG [main] (JBossWSEntityResolver.java:64) - resolveEntity: [pub=http://127.0.0.1:8080/client_project_lookup_services-client_project_lookup_services/ClientStatusServiceBean?wsdl&resource=ClientStatusService_PortType52868.wsdl,sysid=http://127.0.0.1:8080/client_project_lookup_services-client_project_lookup_services/ClientStatusServiceBean?wsdl&resource=ClientStatusService_PortType52868.wsdl]
DEBUG [main] (DefaultSPIProvider.java:68) - provide SPI 'class org.jboss.wsf.spi.management.ServerConfigFactory'
DEBUG [main] (JavaToXSD.java:175) - Load schema: http://webservices.clients.topcoder.com/=file:/C:/DOCUME~1/user/LOCALS~1/Temp/JBossWS_webservices.clients.topcoder.com_20825.xsd
DEBUG [main] (JBossWSEntityResolver.java:64) - resolveEntity: [pub=null,sysid=file:/C:/DOCUME~1/user/LOCALS~1/Temp/JBossWS_webservices.clients.topcoder.com_20825.xsd]
DEBUG [main] (JBossWSEntityResolver.java:64) - resolveEntity: [pub=http://schemas.xmlsoap.org/soap/encoding/,sysid=null]
DEBUG [main] (EndpointMetaData.java:297) - Using default parameter style: WRAPPED
DEBUG [main] (JAXWSClientMetaDataBuilder.java:101) - END buildMetaData: 
UnifiedMetaData: 
 implementation: jbossws-native-2.0.1.SP2 (build=200710210837)
 deploymentName: null
 securityDomain: null

ServiceMetaData:
 qname={com.topcoder.clients.webservices.ClientStatusService}ClientStatusService
 refName=null
 wsdName=null
 wsdlFile=null
 wsdlLocation=http://127.0.0.1:8080/client_project_lookup_services-client_project_lookup_services/ClientStatusServiceBean?wsdl
 jaxrpcMapping=null
 publishLocation=null
 securityConfig=null
 properties=null

TypesMetaData: 
<schema targetNamespace='http://webservices.clients.topcoder.com/' xmlns='http://www.w3.org/2001/XMLSchema' xmlns:soap11-enc='http://schemas.xmlsoap.org/soap/encoding/' xmlns:tns='http://webservices.clients.topcoder.com/' xmlns:xsi='http://www.w3.org/2001/XMLSchema-instance'>
 <complexType name='auditableEntity'>
  <sequence>
   <element name='id' type='long'/>
   <element maxOccurs='1' minOccurs='0' name='createUsername' type='string'/>
   <element maxOccurs='1' minOccurs='0' name='createDate' type='dateTime'/>
   <element maxOccurs='1' minOccurs='0' name='modifyUsername' type='string'/>
   <element maxOccurs='1' minOccurs='0' name='modifyDate' type='dateTime'/>
   <element maxOccurs='1' minOccurs='0' name='name' type='string'/>
   <element name='deleted' type='boolean'/>
  </sequence>
 </complexType>
 <complexType name='clientStatus'>
  <complexContent>
   <extension base='tns:auditableEntity'>
    <sequence>
     <element name='description' type='string'/>
    </sequence>
   </extension>
  </complexContent>
 </complexType>
 <complexType name='createClientStatus'>
  <sequence>
   <element maxOccurs='1' minOccurs='0' name='arg0' type='tns:clientStatus'/>
  </sequence>
 </complexType>
 <complexType name='createClientStatusResponse'>
  <sequence>
   <element maxOccurs='1' minOccurs='0' name='return' type='tns:clientStatus'/>
  </sequence>
 </complexType>
 <complexType name='deleteClientStatus'>
  <sequence>
   <element maxOccurs='1' minOccurs='0' name='arg0' type='tns:clientStatus'/>
  </sequence>
 </complexType>
 <complexType name='deleteClientStatusResponse'>
  <sequence>
   <element maxOccurs='1' minOccurs='0' name='return' type='tns:clientStatus'/>
  </sequence>
 </complexType>
 <complexType name='updateClientStatus'>
  <sequence>
   <element maxOccurs='1' minOccurs='0' name='arg0' type='tns:clientStatus'/>
  </sequence>
 </complexType>
 <complexType name='updateClientStatusResponse'>
  <sequence>
   <element maxOccurs='1' minOccurs='0' name='return' type='tns:clientStatus'/>
  </sequence>
 </complexType>
 <complexType name='ClientStatusServiceException'>
  <sequence>
   <element maxOccurs='1' minOccurs='0' name='message' type='string'/>
  </sequence>
 </complexType>
 <element name='createClientStatus' type='tns:createClientStatus'/>
 <element name='createClientStatusResponse' type='tns:createClientStatusResponse'/>
 <element name='deleteClientStatus' type='tns:deleteClientStatus'/>
 <element name='deleteClientStatusResponse' type='tns:deleteClientStatusResponse'/>
 <element name='updateClientStatus' type='tns:updateClientStatus'/>
 <element name='updateClientStatusResponse' type='tns:updateClientStatusResponse'/>
 <element name='ClientStatusServiceException' type='tns:ClientStatusServiceException'/>
</schema>


ClientEndpointMetaData:
 type=JAXWS
 qname={com.topcoder.clients.webservices.ClientStatusService}ClientStatusServiceBeanPort
 address=http://127.0.0.1:8080/client_project_lookup_services-client_project_lookup_services/ClientStatusServiceBean
 binding=http://schemas.xmlsoap.org/wsdl/soap/http
 seiName=null
 configFile=META-INF/standard-jaxws-client-config.xml
 configName=Standard Client
 authMethod=null
 properties={}

OperationMetaData:
 qname={http://webservices.clients.topcoder.com/}createClientStatus
 javaName={http://webservices.clients.topcoder.com/}createClientStatus
 style=document/literal/WRAPPED
 oneWay=false
 soapAction=

OperationMetaData:
 qname={http://webservices.clients.topcoder.com/}deleteClientStatus
 javaName={http://webservices.clients.topcoder.com/}deleteClientStatus
 style=document/literal/WRAPPED
 oneWay=false
 soapAction=

OperationMetaData:
 qname={http://webservices.clients.topcoder.com/}updateClientStatus
 javaName={http://webservices.clients.topcoder.com/}updateClientStatus
 style=document/literal/WRAPPED
 oneWay=false
 soapAction=
DEBUG [main] (JAXWSClientMetaDataBuilder.java:270) - START: rebuildMetaData
DEBUG [main] (EndpointMetaData.java:307) - setParameterStyle: null
DEBUG [main] (EndpointMetaData.java:702) - Create new config [name=Standard Client,file=META-INF/standard-jaxws-client-config.xml]
DEBUG [main] (JBossWSConfigFactory.java:125) - getConfig: [name=Standard Client,url=META-INF/standard-jaxws-client-config.xml]
DEBUG [main] (JBossWSConfigFactory.java:71) - parse: jar:file:/F:/jboss-4.2.2.GA/client/jbossws-client.jar!/META-INF/standard-jaxws-client-config.xml
DEBUG [main] (EndpointMetaData.java:711) - Configure EndpointMetaData
DEBUG [main] (EndpointMetaData.java:723) - Added 0 PRE handlers
DEBUG [main] (EndpointMetaData.java:724) - Added 0 ENDPOINT handlers
DEBUG [main] (EndpointMetaData.java:725) - Added 0 POST handlers
DEBUG [main] (EndpointMetaData.java:297) - Using default parameter style: WRAPPED
DEBUG [main] (DynamicWrapperGenerator.java:98) - Generating wrapper: com.topcoder.clients.webservices.jaxws.CreateClientStatus
DEBUG [main] (DynamicWrapperGenerator.java:98) - Generating wrapper: com.topcoder.clients.webservices.jaxws.CreateClientStatusResponse
DEBUG [main] (DynamicWrapperGenerator.java:135) - Generating fault bean: com.topcoder.clients.webservices.jaxws.ClientStatusServiceExceptionBean
DEBUG [main] (DynamicWrapperGenerator.java:98) - Generating wrapper: com.topcoder.clients.webservices.jaxws.UpdateClientStatus
DEBUG [main] (DynamicWrapperGenerator.java:98) - Generating wrapper: com.topcoder.clients.webservices.jaxws.UpdateClientStatusResponse
DEBUG [main] (DynamicWrapperGenerator.java:98) - Generating wrapper: com.topcoder.clients.webservices.jaxws.DeleteClientStatus
DEBUG [main] (DynamicWrapperGenerator.java:98) - Generating wrapper: com.topcoder.clients.webservices.jaxws.DeleteClientStatusResponse
DEBUG [main] (JAXWSMetaDataBuilder.java:920) - JAXBContext [types=[class com.topcoder.clients.webservices.jaxws.CreateClientStatus, class com.topcoder.clients.webservices.jaxws.CreateClientStatusResponse, class com.topcoder.clients.webservices.jaxws.ClientStatusServiceExceptionBean, class com.topcoder.clients.webservices.jaxws.UpdateClientStatus, class com.topcoder.clients.webservices.jaxws.UpdateClientStatusResponse, class com.topcoder.clients.webservices.jaxws.ClientStatusServiceExceptionBean, class com.topcoder.clients.webservices.jaxws.DeleteClientStatus, class com.topcoder.clients.webservices.jaxws.DeleteClientStatusResponse, class com.topcoder.clients.webservices.jaxws.ClientStatusServiceExceptionBean],tns=http://webservices.clients.topcoder.com/]
DEBUG [main] (OperationMetaData.java:207) - Found best matching java method: public abstract com.topcoder.clients.model.ClientStatus com.topcoder.clients.webservices.ClientStatusService.createClientStatus(com.topcoder.clients.model.ClientStatus) throws com.topcoder.clients.webservices.ClientStatusServiceException
DEBUG [main] (OperationMetaData.java:207) - Found best matching java method: public abstract com.topcoder.clients.model.ClientStatus com.topcoder.clients.webservices.ClientStatusService.updateClientStatus(com.topcoder.clients.model.ClientStatus) throws com.topcoder.clients.webservices.ClientStatusServiceException
DEBUG [main] (OperationMetaData.java:207) - Found best matching java method: public abstract com.topcoder.clients.model.ClientStatus com.topcoder.clients.webservices.ClientStatusService.deleteClientStatus(com.topcoder.clients.model.ClientStatus) throws com.topcoder.clients.webservices.ClientStatusServiceException
DEBUG [main] (JAXWSClientMetaDataBuilder.java:310) - END: rebuildMetaData

ServiceMetaData:
 qname={com.topcoder.clients.webservices.ClientStatusService}ClientStatusService
 refName=null
 wsdName=null
 wsdlFile=null
 wsdlLocation=http://127.0.0.1:8080/client_project_lookup_services-client_project_lookup_services/ClientStatusServiceBean?wsdl
 jaxrpcMapping=null
 publishLocation=null
 securityConfig=null
 properties=null

TypesMetaData: 
  [complexType={http://webservices.clients.topcoder.com/}createClientStatus,javaType=com.topcoder.clients.webservices.jaxws.CreateClientStatus]
  [complexType={http://webservices.clients.topcoder.com/}createClientStatusResponse,javaType=com.topcoder.clients.webservices.jaxws.CreateClientStatusResponse]
  [complexType={http://webservices.clients.topcoder.com/}ClientStatusServiceException,javaType=com.topcoder.clients.webservices.jaxws.ClientStatusServiceExceptionBean]
  [complexType={http://webservices.clients.topcoder.com/}updateClientStatus,javaType=com.topcoder.clients.webservices.jaxws.UpdateClientStatus]
  [complexType={http://webservices.clients.topcoder.com/}updateClientStatusResponse,javaType=com.topcoder.clients.webservices.jaxws.UpdateClientStatusResponse]
  [complexType={http://webservices.clients.topcoder.com/}deleteClientStatus,javaType=com.topcoder.clients.webservices.jaxws.DeleteClientStatus]
  [complexType={http://webservices.clients.topcoder.com/}deleteClientStatusResponse,javaType=com.topcoder.clients.webservices.jaxws.DeleteClientStatusResponse]
<schema targetNamespace='http://webservices.clients.topcoder.com/' xmlns='http://www.w3.org/2001/XMLSchema' xmlns:soap11-enc='http://schemas.xmlsoap.org/soap/encoding/' xmlns:tns='http://webservices.clients.topcoder.com/' xmlns:xsi='http://www.w3.org/2001/XMLSchema-instance'>
 <complexType name='auditableEntity'>
  <sequence>
   <element name='id' type='long'/>
   <element maxOccurs='1' minOccurs='0' name='createUsername' type='string'/>
   <element maxOccurs='1' minOccurs='0' name='createDate' type='dateTime'/>
   <element maxOccurs='1' minOccurs='0' name='modifyUsername' type='string'/>
   <element maxOccurs='1' minOccurs='0' name='modifyDate' type='dateTime'/>
   <element maxOccurs='1' minOccurs='0' name='name' type='string'/>
   <element name='deleted' type='boolean'/>
  </sequence>
 </complexType>
 <complexType name='clientStatus'>
  <complexContent>
   <extension base='tns:auditableEntity'>
    <sequence>
     <element name='description' type='string'/>
    </sequence>
   </extension>
  </complexContent>
 </complexType>
 <complexType name='createClientStatus'>
  <sequence>
   <element maxOccurs='1' minOccurs='0' name='arg0' type='tns:clientStatus'/>
  </sequence>
 </complexType>
 <complexType name='createClientStatusResponse'>
  <sequence>
   <element maxOccurs='1' minOccurs='0' name='return' type='tns:clientStatus'/>
  </sequence>
 </complexType>
 <complexType name='deleteClientStatus'>
  <sequence>
   <element maxOccurs='1' minOccurs='0' name='arg0' type='tns:clientStatus'/>
  </sequence>
 </complexType>
 <complexType name='deleteClientStatusResponse'>
  <sequence>
   <element maxOccurs='1' minOccurs='0' name='return' type='tns:clientStatus'/>
  </sequence>
 </complexType>
 <complexType name='updateClientStatus'>
  <sequence>
   <element maxOccurs='1' minOccurs='0' name='arg0' type='tns:clientStatus'/>
  </sequence>
 </complexType>
 <complexType name='updateClientStatusResponse'>
  <sequence>
   <element maxOccurs='1' minOccurs='0' name='return' type='tns:clientStatus'/>
  </sequence>
 </complexType>
 <complexType name='ClientStatusServiceException'>
  <sequence>
   <element maxOccurs='1' minOccurs='0' name='message' type='string'/>
  </sequence>
 </complexType>
 <element name='createClientStatus' type='tns:createClientStatus'/>
 <element name='createClientStatusResponse' type='tns:createClientStatusResponse'/>
 <element name='deleteClientStatus' type='tns:deleteClientStatus'/>
 <element name='deleteClientStatusResponse' type='tns:deleteClientStatusResponse'/>
 <element name='updateClientStatus' type='tns:updateClientStatus'/>
 <element name='updateClientStatusResponse' type='tns:updateClientStatusResponse'/>
 <element name='ClientStatusServiceException' type='tns:ClientStatusServiceException'/>
</schema>


ClientEndpointMetaData:
 type=JAXWS
 qname={com.topcoder.clients.webservices.ClientStatusService}ClientStatusServiceBeanPort
 address=http://127.0.0.1:8080/client_project_lookup_services-client_project_lookup_services/ClientStatusServiceBean
 binding=http://schemas.xmlsoap.org/wsdl/soap/http
 seiName=com.topcoder.clients.webservices.ClientStatusService
 configFile=META-INF/standard-jaxws-client-config.xml
 configName=Standard Client
 authMethod=null
 properties={}

OperationMetaData:
 qname={http://webservices.clients.topcoder.com/}createClientStatus
 javaName=createClientStatus
 style=document/literal/WRAPPED
 oneWay=false
 soapAction=
ParameterMetaData:
 xmlName={http://webservices.clients.topcoder.com/}createClientStatus
 partName=createClientStatus
 xmlType={http://webservices.clients.topcoder.com/}createClientStatus
 javaType=com.topcoder.clients.webservices.jaxws.CreateClientStatus
 mode=IN
 inHeader=false
 index=0
 wrappedParameters=[[name = arg0, type = com.topcoder.clients.model.ClientStatus, typeArgs = null, variable = arg0, index = 0]]
ReturnMetaData:
 xmlName={http://webservices.clients.topcoder.com/}createClientStatusResponse
 partName=createClientStatusResponse
 xmlType={http://webservices.clients.topcoder.com/}createClientStatusResponse
 javaType=com.topcoder.clients.webservices.jaxws.CreateClientStatusResponse
 mode=OUT
 inHeader=false
 index=-1
 wrappedParameters=[[name = return, type = com.topcoder.clients.model.ClientStatus, typeArgs = null, variable = return, index = -1]]
FaultMetaData
 xmlName={http://webservices.clients.topcoder.com/}ClientStatusServiceException
 xmlType={http://webservices.clients.topcoder.com/}ClientStatusServiceException
 javaType=com.topcoder.clients.webservices.ClientStatusServiceException
 faultBean=com.topcoder.clients.webservices.jaxws.ClientStatusServiceExceptionBean

OperationMetaData:
 qname={http://webservices.clients.topcoder.com/}updateClientStatus
 javaName=updateClientStatus
 style=document/literal/WRAPPED
 oneWay=false
 soapAction=
ParameterMetaData:
 xmlName={http://webservices.clients.topcoder.com/}updateClientStatus
 partName=updateClientStatus
 xmlType={http://webservices.clients.topcoder.com/}updateClientStatus
 javaType=com.topcoder.clients.webservices.jaxws.UpdateClientStatus
 mode=IN
 inHeader=false
 index=0
 wrappedParameters=[[name = arg0, type = com.topcoder.clients.model.ClientStatus, typeArgs = null, variable = arg0, index = 0]]
ReturnMetaData:
 xmlName={http://webservices.clients.topcoder.com/}updateClientStatusResponse
 partName=updateClientStatusResponse
 xmlType={http://webservices.clients.topcoder.com/}updateClientStatusResponse
 javaType=com.topcoder.clients.webservices.jaxws.UpdateClientStatusResponse
 mode=OUT
 inHeader=false
 index=-1
 wrappedParameters=[[name = return, type = com.topcoder.clients.model.ClientStatus, typeArgs = null, variable = return, index = -1]]
FaultMetaData
 xmlName={http://webservices.clients.topcoder.com/}ClientStatusServiceException
 xmlType={http://webservices.clients.topcoder.com/}ClientStatusServiceException
 javaType=com.topcoder.clients.webservices.ClientStatusServiceException
 faultBean=com.topcoder.clients.webservices.jaxws.ClientStatusServiceExceptionBean

OperationMetaData:
 qname={http://webservices.clients.topcoder.com/}deleteClientStatus
 javaName=deleteClientStatus
 style=document/literal/WRAPPED
 oneWay=false
 soapAction=
ParameterMetaData:
 xmlName={http://webservices.clients.topcoder.com/}deleteClientStatus
 partName=deleteClientStatus
 xmlType={http://webservices.clients.topcoder.com/}deleteClientStatus
 javaType=com.topcoder.clients.webservices.jaxws.DeleteClientStatus
 mode=IN
 inHeader=false
 index=0
 wrappedParameters=[[name = arg0, type = com.topcoder.clients.model.ClientStatus, typeArgs = null, variable = arg0, index = 0]]
ReturnMetaData:
 xmlName={http://webservices.clients.topcoder.com/}deleteClientStatusResponse
 partName=deleteClientStatusResponse
 xmlType={http://webservices.clients.topcoder.com/}deleteClientStatusResponse
 javaType=com.topcoder.clients.webservices.jaxws.DeleteClientStatusResponse
 mode=OUT
 inHeader=false
 index=-1
 wrappedParameters=[[name = return, type = com.topcoder.clients.model.ClientStatus, typeArgs = null, variable = return, index = -1]]
FaultMetaData
 xmlName={http://webservices.clients.topcoder.com/}ClientStatusServiceException
 xmlType={http://webservices.clients.topcoder.com/}ClientStatusServiceException
 javaType=com.topcoder.clients.webservices.ClientStatusServiceException
 faultBean=com.topcoder.clients.webservices.jaxws.ClientStatusServiceExceptionBean
DEBUG [main] (EndpointMetaData.java:622) - Configure SOAPBinding
DEBUG [main] (HandlerResolverImpl.java:125) - initHandlerChain: PRE
DEBUG [main] (HandlerResolverImpl.java:125) - initHandlerChain: ENDPOINT
DEBUG [main] (HandlerResolverImpl.java:125) - initHandlerChain: POST
DEBUG [main] (HandlerResolverImpl.java:99) - getHandlerChain: [type=PRE,info=[service={com.topcoder.clients.webservices.ClientStatusService}ClientStatusService,port={com.topcoder.clients.webservices.ClientStatusService}ClientStatusServiceBeanPort,binding=http://schemas.xmlsoap.org/wsdl/soap/http]]
DEBUG [main] (HandlerResolverImpl.java:99) - getHandlerChain: [type=POST,info=[service={com.topcoder.clients.webservices.ClientStatusService}ClientStatusService,port={com.topcoder.clients.webservices.ClientStatusService}ClientStatusServiceBeanPort,binding=http://schemas.xmlsoap.org/wsdl/soap/http]]
DEBUG [main] (HandlerResolverImpl.java:99) - getHandlerChain: [type=ENDPOINT,info=[service={com.topcoder.clients.webservices.ClientStatusService}ClientStatusService,port={com.topcoder.clients.webservices.ClientStatusService}ClientStatusServiceBeanPort,binding=http://schemas.xmlsoap.org/wsdl/soap/http]]
DEBUG [main] (BindingImpl.java:94) - setHandlerChain: []
DEBUG [main] (ServiceDelegateImpl.java:425) - No port configuration for: {com.topcoder.clients.webservices.ClientStatusService}ClientStatusServiceBeanPort
DEBUG [main] (JAXWSClientMetaDataBuilder.java:76) - START buildMetaData: [service={com.topcoder.clients.webservices.LookupService}LookupService]
DEBUG [main] (WSDLDefinitionsFactory.java:102) - parse: http://127.0.0.1:8080/client_project_lookup_services-client_project_lookup_services/LookupServiceBean?wsdl
DEBUG [main] (JBossWSEntityResolver.java:64) - resolveEntity: [pub=http://127.0.0.1:8080/client_project_lookup_services-client_project_lookup_services/LookupServiceBean?wsdl&resource=LookupService_PortType52871.wsdl,sysid=http://127.0.0.1:8080/client_project_lookup_services-client_project_lookup_services/LookupServiceBean?wsdl&resource=LookupService_PortType52871.wsdl]
DEBUG [main] (DefaultSPIProvider.java:68) - provide SPI 'class org.jboss.wsf.spi.management.ServerConfigFactory'
DEBUG [main] (JavaToXSD.java:175) - Load schema: http://webservices.clients.topcoder.com/=file:/C:/DOCUME~1/user/LOCALS~1/Temp/JBossWS_webservices.clients.topcoder.com_20826.xsd
DEBUG [main] (JBossWSEntityResolver.java:64) - resolveEntity: [pub=null,sysid=file:/C:/DOCUME~1/user/LOCALS~1/Temp/JBossWS_webservices.clients.topcoder.com_20826.xsd]
DEBUG [main] (JBossWSEntityResolver.java:64) - resolveEntity: [pub=http://schemas.xmlsoap.org/soap/encoding/,sysid=null]
DEBUG [main] (EndpointMetaData.java:297) - Using default parameter style: WRAPPED
DEBUG [main] (JAXWSClientMetaDataBuilder.java:101) - END buildMetaData: 
UnifiedMetaData: 
 implementation: jbossws-native-2.0.1.SP2 (build=200710210837)
 deploymentName: null
 securityDomain: null

ServiceMetaData:
 qname={com.topcoder.clients.webservices.LookupService}LookupService
 refName=null
 wsdName=null
 wsdlFile=null
 wsdlLocation=http://127.0.0.1:8080/client_project_lookup_services-client_project_lookup_services/LookupServiceBean?wsdl
 jaxrpcMapping=null
 publishLocation=null
 securityConfig=null
 properties=null

TypesMetaData: 
<schema targetNamespace='http://webservices.clients.topcoder.com/' xmlns='http://www.w3.org/2001/XMLSchema' xmlns:soap11-enc='http://schemas.xmlsoap.org/soap/encoding/' xmlns:tns='http://webservices.clients.topcoder.com/' xmlns:xsi='http://www.w3.org/2001/XMLSchema-instance'>
 <complexType name='auditableEntity'>
  <sequence>
   <element name='id' type='long'/>
   <element maxOccurs='1' minOccurs='0' name='createUsername' type='string'/>
   <element maxOccurs='1' minOccurs='0' name='createDate' type='dateTime'/>
   <element maxOccurs='1' minOccurs='0' name='modifyUsername' type='string'/>
   <element maxOccurs='1' minOccurs='0' name='modifyDate' type='dateTime'/>
   <element maxOccurs='1' minOccurs='0' name='name' type='string'/>
   <element name='deleted' type='boolean'/>
  </sequence>
 </complexType>
 <complexType name='client'>
  <complexContent>
   <extension base='tns:auditableEntity'>
    <sequence>
     <element name='company' type='tns:company'/>
     <element name='paymentTermsId' type='long'/>
     <element name='clientStatus' type='tns:clientStatus'/>
     <element name='salesTax' type='double'/>
     <element name='startDate' type='dateTime'/>
     <element name='endDate' type='dateTime'/>
     <element name='codeName' type='string'/>
    </sequence>
   </extension>
  </complexContent>
 </complexType>
 <complexType name='clientStatus'>
  <complexContent>
   <extension base='tns:auditableEntity'>
    <sequence>
     <element name='description' type='string'/>
    </sequence>
   </extension>
  </complexContent>
 </complexType>
 <complexType name='company'>
  <complexContent>
   <extension base='tns:auditableEntity'>
    <sequence>
     <element name='passcode' type='string'/>
    </sequence>
   </extension>
  </complexContent>
 </complexType>
 <complexType name='filterAdapter'/>
 <complexType name='getAllClientStatuses'/>
 <complexType name='getAllClientStatusesResponse'>
  <sequence>
   <element maxOccurs='unbounded' minOccurs='0' name='return' type='tns:clientStatus'/>
  </sequence>
 </complexType>
 <complexType name='getAllProjectStatuses'/>
 <complexType name='getAllProjectStatusesResponse'>
  <sequence>
   <element maxOccurs='unbounded' minOccurs='0' name='return' type='tns:projectStatus'/>
  </sequence>
 </complexType>
 <complexType name='getClientStatus'>
  <sequence>
   <element name='arg0' type='long'/>
  </sequence>
 </complexType>
 <complexType name='getClientStatusResponse'>
  <sequence>
   <element maxOccurs='1' minOccurs='0' name='return' type='tns:clientStatus'/>
  </sequence>
 </complexType>
 <complexType name='getClientsForCompany'>
  <sequence>
   <element maxOccurs='1' minOccurs='0' name='arg0' type='tns:company'/>
  </sequence>
 </complexType>
 <complexType name='getClientsForCompanyResponse'>
  <sequence>
   <element maxOccurs='unbounded' minOccurs='0' name='return' type='tns:client'/>
  </sequence>
 </complexType>
 <complexType name='getClientsForStatus'>
  <sequence>
   <element maxOccurs='1' minOccurs='0' name='arg0' type='tns:clientStatus'/>
  </sequence>
 </complexType>
 <complexType name='getClientsForStatusResponse'>
  <sequence>
   <element maxOccurs='unbounded' minOccurs='0' name='return' type='tns:client'/>
  </sequence>
 </complexType>
 <complexType name='getProjectStatus'>
  <sequence>
   <element name='arg0' type='long'/>
  </sequence>
 </complexType>
 <complexType name='getProjectStatusResponse'>
  <sequence>
   <element maxOccurs='1' minOccurs='0' name='return' type='tns:projectStatus'/>
  </sequence>
 </complexType>
 <complexType name='getProjectsForCompany'>
  <sequence>
   <element maxOccurs='1' minOccurs='0' name='arg0' type='tns:company'/>
  </sequence>
 </complexType>
 <complexType name='getProjectsForCompanyResponse'>
  <sequence>
   <element maxOccurs='unbounded' minOccurs='0' name='return' type='tns:project'/>
  </sequence>
 </complexType>
 <complexType name='getProjectsForStatus'>
  <sequence>
   <element maxOccurs='1' minOccurs='0' name='arg0' type='tns:projectStatus'/>
  </sequence>
 </complexType>
 <complexType name='getProjectsForStatusResponse'>
  <sequence>
   <element maxOccurs='unbounded' minOccurs='0' name='return' type='tns:project'/>
  </sequence>
 </complexType>
 <complexType name='mockFilter'>
  <complexContent>
   <extension base='tns:filterAdapter'>
    <sequence>
     <element name='filterType' type='int'/>
    </sequence>
   </extension>
  </complexContent>
 </complexType>
 <complexType name='project'>
  <complexContent>
   <extension base='tns:auditableEntity'>
    <sequence>
     <element name='company' type='tns:company'/>
     <element name='active' type='boolean'/>
     <element name='salesTax' type='double'/>
     <element name='pOBoxNumber' type='string'/>
     <element name='paymentTermsId' type='long'/>
     <element name='description' type='string'/>
     <element name='projectStatus' type='tns:projectStatus'/>
     <element name='client' type='tns:client'/>
     <element name='childProjects' nillable='true' type='tns:project'/>
     <element name='parentProjectId' type='long'/>
    </sequence>
   </extension>
  </complexContent>
 </complexType>
 <complexType name='projectStatus'>
  <complexContent>
   <extension base='tns:auditableEntity'>
    <sequence>
     <element name='description' type='string'/>
    </sequence>
   </extension>
  </complexContent>
 </complexType>
 <complexType name='retrieveAllClients'/>
 <complexType name='retrieveAllClientsResponse'>
  <sequence>
   <element maxOccurs='unbounded' minOccurs='0' name='return' type='tns:client'/>
  </sequence>
 </complexType>
 <complexType name='retrieveAllCompanies'/>
 <complexType name='retrieveAllCompaniesResponse'>
  <sequence>
   <element maxOccurs='unbounded' minOccurs='0' name='return' type='tns:company'/>
  </sequence>
 </complexType>
 <complexType name='retrieveAllProjects'/>
 <complexType name='retrieveAllProjectsResponse'>
  <sequence>
   <element maxOccurs='unbounded' minOccurs='0' name='return' type='tns:project'/>
  </sequence>
 </complexType>
 <complexType name='retrieveClient'>
  <sequence>
   <element name='arg0' type='long'/>
  </sequence>
 </complexType>
 <complexType name='retrieveClientResponse'>
  <sequence>
   <element maxOccurs='1' minOccurs='0' name='return' type='tns:client'/>
  </sequence>
 </complexType>
 <complexType name='retrieveCompany'>
  <sequence>
   <element name='arg0' type='long'/>
  </sequence>
 </complexType>
 <complexType name='retrieveCompanyResponse'>
  <sequence>
   <element maxOccurs='1' minOccurs='0' name='return' type='tns:company'/>
  </sequence>
 </complexType>
 <complexType name='retrieveProject'>
  <sequence>
   <element name='arg0' type='long'/>
  </sequence>
 </complexType>
 <complexType name='retrieveProjectResponse'>
  <sequence>
   <element maxOccurs='1' minOccurs='0' name='return' type='tns:project'/>
  </sequence>
 </complexType>
 <complexType name='retrieveProjectsForClient'>
  <sequence>
   <element maxOccurs='1' minOccurs='0' name='arg0' type='tns:client'/>
  </sequence>
 </complexType>
 <complexType name='retrieveProjectsForClientResponse'>
  <sequence>
   <element maxOccurs='unbounded' minOccurs='0' name='return' type='tns:project'/>
  </sequence>
 </complexType>
 <complexType name='searchClientsByName'>
  <sequence>
   <element maxOccurs='1' minOccurs='0' name='arg0' type='string'/>
  </sequence>
 </complexType>
 <complexType name='searchClientsByNameResponse'>
  <sequence>
   <element maxOccurs='unbounded' minOccurs='0' name='return' type='tns:client'/>
  </sequence>
 </complexType>
 <complexType name='searchClientsResponse'>
  <sequence>
   <element maxOccurs='unbounded' minOccurs='0' name='return' type='tns:client'/>
  </sequence>
 </complexType>
 <complexType name='searchCompaniesByName'>
  <sequence>
   <element maxOccurs='1' minOccurs='0' name='arg0' type='string'/>
  </sequence>
 </complexType>
 <complexType name='searchCompaniesByNameResponse'>
  <sequence>
   <element maxOccurs='unbounded' minOccurs='0' name='return' type='tns:company'/>
  </sequence>
 </complexType>
 <complexType name='searchCompaniesResponse'>
  <sequence>
   <element maxOccurs='unbounded' minOccurs='0' name='return' type='tns:company'/>
  </sequence>
 </complexType>
 <complexType name='searchProjectsByName'>
  <sequence>
   <element maxOccurs='1' minOccurs='0' name='arg0' type='string'/>
  </sequence>
 </complexType>
 <complexType name='LookupServiceException'>
  <sequence>
   <element maxOccurs='1' minOccurs='0' name='message' type='string'/>
  </sequence>
 </complexType>
 <complexType name='searchProjectsByNameResponse'>
  <sequence>
   <element maxOccurs='unbounded' minOccurs='0' name='return' type='tns:project'/>
  </sequence>
 </complexType>
 <complexType name='searchProjectsResponse'>
  <sequence>
   <element maxOccurs='unbounded' minOccurs='0' name='return' type='tns:project'/>
  </sequence>
 </complexType>
 <complexType name='searchRequest'>
  <choice>
   <element ref='tns:filter'/>
   <element ref='tns:MockFilter'/>
  </choice>
 </complexType>
 <complexType name='AuthorizationFailedException'>
  <sequence>
   <element maxOccurs='1' minOccurs='0' name='message' type='string'/>
  </sequence>
 </complexType>
 <element name='filter' type='tns:filterAdapter'/>
 <element name='getAllClientStatuses' type='tns:getAllClientStatuses'/>
 <element name='getAllClientStatusesResponse' type='tns:getAllClientStatusesResponse'/>
 <element name='getAllProjectStatuses' type='tns:getAllProjectStatuses'/>
 <element name='getAllProjectStatusesResponse' type='tns:getAllProjectStatusesResponse'/>
 <element name='getClientStatus' type='tns:getClientStatus'/>
 <element name='getClientStatusResponse' type='tns:getClientStatusResponse'/>
 <element name='getClientsForCompany' type='tns:getClientsForCompany'/>
 <element name='getClientsForCompanyResponse' type='tns:getClientsForCompanyResponse'/>
 <element name='getClientsForStatus' type='tns:getClientsForStatus'/>
 <element name='getClientsForStatusResponse' type='tns:getClientsForStatusResponse'/>
 <element name='getProjectStatus' type='tns:getProjectStatus'/>
 <element name='getProjectStatusResponse' type='tns:getProjectStatusResponse'/>
 <element name='getProjectsForCompany' type='tns:getProjectsForCompany'/>
 <element name='getProjectsForCompanyResponse' type='tns:getProjectsForCompanyResponse'/>
 <element name='getProjectsForStatus' type='tns:getProjectsForStatus'/>
 <element name='getProjectsForStatusResponse' type='tns:getProjectsForStatusResponse'/>
 <element name='retrieveAllClients' type='tns:retrieveAllClients'/>
 <element name='retrieveAllClientsResponse' type='tns:retrieveAllClientsResponse'/>
 <element name='retrieveAllCompanies' type='tns:retrieveAllCompanies'/>
 <element name='retrieveAllCompaniesResponse' type='tns:retrieveAllCompaniesResponse'/>
 <element name='retrieveAllProjects' type='tns:retrieveAllProjects'/>
 <element name='retrieveAllProjectsResponse' type='tns:retrieveAllProjectsResponse'/>
 <element name='retrieveClient' type='tns:retrieveClient'/>
 <element name='retrieveClientResponse' type='tns:retrieveClientResponse'/>
 <element name='retrieveCompany' type='tns:retrieveCompany'/>
 <element name='retrieveCompanyResponse' type='tns:retrieveCompanyResponse'/>
 <element name='retrieveProject' type='tns:retrieveProject'/>
 <element name='retrieveProjectResponse' type='tns:retrieveProjectResponse'/>
 <element name='retrieveProjectsForClient' type='tns:retrieveProjectsForClient'/>
 <element name='retrieveProjectsForClientResponse' type='tns:retrieveProjectsForClientResponse'/>
 <element name='searchClientsByName' type='tns:searchClientsByName'/>
 <element name='searchClientsByNameResponse' type='tns:searchClientsByNameResponse'/>
 <element name='searchClientsResponse' type='tns:searchClientsResponse'/>
 <element name='searchCompaniesByName' type='tns:searchCompaniesByName'/>
 <element name='searchCompaniesByNameResponse' type='tns:searchCompaniesByNameResponse'/>
 <element name='AuthorizationFailedException' type='tns:AuthorizationFailedException'/>
 <element name='searchCompaniesResponse' type='tns:searchCompaniesResponse'/>
 <element name='searchProjectsByName' type='tns:searchProjectsByName'/>
 <element name='LookupServiceException' type='tns:LookupServiceException'/>
 <element name='searchProjectsByNameResponse' type='tns:searchProjectsByNameResponse'/>
 <element name='searchProjectsResponse' type='tns:searchProjectsResponse'/>
 <element name='searchRequest' type='tns:searchRequest'/>
 <element name='MockFilter' type='tns:mockFilter'/>
</schema>


ClientEndpointMetaData:
 type=JAXWS
 qname={com.topcoder.clients.webservices.LookupService}LookupServiceBeanPort
 address=http://127.0.0.1:8080/client_project_lookup_services-client_project_lookup_services/LookupServiceBean
 binding=http://schemas.xmlsoap.org/wsdl/soap/http
 seiName=null
 configFile=META-INF/standard-jaxws-client-config.xml
 configName=Standard Client
 authMethod=null
 properties={}

OperationMetaData:
 qname={http://webservices.clients.topcoder.com/}getAllClientStatuses
 javaName={http://webservices.clients.topcoder.com/}getAllClientStatuses
 style=document/literal/WRAPPED
 oneWay=false
 soapAction=

OperationMetaData:
 qname={http://webservices.clients.topcoder.com/}getAllProjectStatuses
 javaName={http://webservices.clients.topcoder.com/}getAllProjectStatuses
 style=document/literal/WRAPPED
 oneWay=false
 soapAction=

OperationMetaData:
 qname={http://webservices.clients.topcoder.com/}getClientStatus
 javaName={http://webservices.clients.topcoder.com/}getClientStatus
 style=document/literal/WRAPPED
 oneWay=false
 soapAction=

OperationMetaData:
 qname={http://webservices.clients.topcoder.com/}getClientsForCompany
 javaName={http://webservices.clients.topcoder.com/}getClientsForCompany
 style=document/literal/WRAPPED
 oneWay=false
 soapAction=

OperationMetaData:
 qname={http://webservices.clients.topcoder.com/}getClientsForStatus
 javaName={http://webservices.clients.topcoder.com/}getClientsForStatus
 style=document/literal/WRAPPED
 oneWay=false
 soapAction=

OperationMetaData:
 qname={http://webservices.clients.topcoder.com/}getProjectStatus
 javaName={http://webservices.clients.topcoder.com/}getProjectStatus
 style=document/literal/WRAPPED
 oneWay=false
 soapAction=

OperationMetaData:
 qname={http://webservices.clients.topcoder.com/}getProjectsForCompany
 javaName={http://webservices.clients.topcoder.com/}getProjectsForCompany
 style=document/literal/WRAPPED
 oneWay=false
 soapAction=

OperationMetaData:
 qname={http://webservices.clients.topcoder.com/}getProjectsForStatus
 javaName={http://webservices.clients.topcoder.com/}getProjectsForStatus
 style=document/literal/WRAPPED
 oneWay=false
 soapAction=

OperationMetaData:
 qname={http://webservices.clients.topcoder.com/}retrieveAllClients
 javaName={http://webservices.clients.topcoder.com/}retrieveAllClients
 style=document/literal/WRAPPED
 oneWay=false
 soapAction=

OperationMetaData:
 qname={http://webservices.clients.topcoder.com/}retrieveAllCompanies
 javaName={http://webservices.clients.topcoder.com/}retrieveAllCompanies
 style=document/literal/WRAPPED
 oneWay=false
 soapAction=

OperationMetaData:
 qname={http://webservices.clients.topcoder.com/}retrieveAllProjects
 javaName={http://webservices.clients.topcoder.com/}retrieveAllProjects
 style=document/literal/WRAPPED
 oneWay=false
 soapAction=

OperationMetaData:
 qname={http://webservices.clients.topcoder.com/}retrieveClient
 javaName={http://webservices.clients.topcoder.com/}retrieveClient
 style=document/literal/WRAPPED
 oneWay=false
 soapAction=

OperationMetaData:
 qname={http://webservices.clients.topcoder.com/}retrieveCompany
 javaName={http://webservices.clients.topcoder.com/}retrieveCompany
 style=document/literal/WRAPPED
 oneWay=false
 soapAction=

OperationMetaData:
 qname={http://webservices.clients.topcoder.com/}retrieveProject
 javaName={http://webservices.clients.topcoder.com/}retrieveProject
 style=document/literal/WRAPPED
 oneWay=false
 soapAction=

OperationMetaData:
 qname={http://webservices.clients.topcoder.com/}retrieveProjectsForClient
 javaName={http://webservices.clients.topcoder.com/}retrieveProjectsForClient
 style=document/literal/WRAPPED
 oneWay=false
 soapAction=

OperationMetaData:
 qname={http://webservices.clients.topcoder.com/}searchClients
 javaName={http://webservices.clients.topcoder.com/}searchClients
 style=document/literal/WRAPPED
 oneWay=false
 soapAction=

OperationMetaData:
 qname={http://webservices.clients.topcoder.com/}searchClientsByName
 javaName={http://webservices.clients.topcoder.com/}searchClientsByName
 style=document/literal/WRAPPED
 oneWay=false
 soapAction=

OperationMetaData:
 qname={http://webservices.clients.topcoder.com/}searchCompanies
 javaName={http://webservices.clients.topcoder.com/}searchCompanies
 style=document/literal/WRAPPED
 oneWay=false
 soapAction=

OperationMetaData:
 qname={http://webservices.clients.topcoder.com/}searchCompaniesByName
 javaName={http://webservices.clients.topcoder.com/}searchCompaniesByName
 style=document/literal/WRAPPED
 oneWay=false
 soapAction=

OperationMetaData:
 qname={http://webservices.clients.topcoder.com/}searchProjects
 javaName={http://webservices.clients.topcoder.com/}searchProjects
 style=document/literal/WRAPPED
 oneWay=false
 soapAction=

OperationMetaData:
 qname={http://webservices.clients.topcoder.com/}searchProjectsByName
 javaName={http://webservices.clients.topcoder.com/}searchProjectsByName
 style=document/literal/WRAPPED
 oneWay=false
 soapAction=
DEBUG [main] (JAXWSClientMetaDataBuilder.java:76) - START buildMetaData: [service={com.topcoder.clients.webservices.LookupService}LookupService]
DEBUG [main] (WSDLDefinitionsFactory.java:102) - parse: http://127.0.0.1:8080/client_project_lookup_services-client_project_lookup_services/LookupServiceBean?wsdl
DEBUG [main] (JBossWSEntityResolver.java:64) - resolveEntity: [pub=http://127.0.0.1:8080/client_project_lookup_services-client_project_lookup_services/LookupServiceBean?wsdl&resource=LookupService_PortType52871.wsdl,sysid=http://127.0.0.1:8080/client_project_lookup_services-client_project_lookup_services/LookupServiceBean?wsdl&resource=LookupService_PortType52871.wsdl]
DEBUG [main] (DefaultSPIProvider.java:68) - provide SPI 'class org.jboss.wsf.spi.management.ServerConfigFactory'
DEBUG [main] (JavaToXSD.java:175) - Load schema: http://webservices.clients.topcoder.com/=file:/C:/DOCUME~1/user/LOCALS~1/Temp/JBossWS_webservices.clients.topcoder.com_20827.xsd
DEBUG [main] (JBossWSEntityResolver.java:64) - resolveEntity: [pub=null,sysid=file:/C:/DOCUME~1/user/LOCALS~1/Temp/JBossWS_webservices.clients.topcoder.com_20827.xsd]
DEBUG [main] (JBossWSEntityResolver.java:64) - resolveEntity: [pub=http://schemas.xmlsoap.org/soap/encoding/,sysid=null]
DEBUG [main] (EndpointMetaData.java:297) - Using default parameter style: WRAPPED
DEBUG [main] (JAXWSClientMetaDataBuilder.java:101) - END buildMetaData: 
UnifiedMetaData: 
 implementation: jbossws-native-2.0.1.SP2 (build=200710210837)
 deploymentName: null
 securityDomain: null

ServiceMetaData:
 qname={com.topcoder.clients.webservices.LookupService}LookupService
 refName=null
 wsdName=null
 wsdlFile=null
 wsdlLocation=http://127.0.0.1:8080/client_project_lookup_services-client_project_lookup_services/LookupServiceBean?wsdl
 jaxrpcMapping=null
 publishLocation=null
 securityConfig=null
 properties=null

TypesMetaData: 
<schema targetNamespace='http://webservices.clients.topcoder.com/' xmlns='http://www.w3.org/2001/XMLSchema' xmlns:soap11-enc='http://schemas.xmlsoap.org/soap/encoding/' xmlns:tns='http://webservices.clients.topcoder.com/' xmlns:xsi='http://www.w3.org/2001/XMLSchema-instance'>
 <complexType name='auditableEntity'>
  <sequence>
   <element name='id' type='long'/>
   <element maxOccurs='1' minOccurs='0' name='createUsername' type='string'/>
   <element maxOccurs='1' minOccurs='0' name='createDate' type='dateTime'/>
   <element maxOccurs='1' minOccurs='0' name='modifyUsername' type='string'/>
   <element maxOccurs='1' minOccurs='0' name='modifyDate' type='dateTime'/>
   <element maxOccurs='1' minOccurs='0' name='name' type='string'/>
   <element name='deleted' type='boolean'/>
  </sequence>
 </complexType>
 <complexType name='client'>
  <complexContent>
   <extension base='tns:auditableEntity'>
    <sequence>
     <element name='company' type='tns:company'/>
     <element name='paymentTermsId' type='long'/>
     <element name='clientStatus' type='tns:clientStatus'/>
     <element name='salesTax' type='double'/>
     <element name='startDate' type='dateTime'/>
     <element name='endDate' type='dateTime'/>
     <element name='codeName' type='string'/>
    </sequence>
   </extension>
  </complexContent>
 </complexType>
 <complexType name='clientStatus'>
  <complexContent>
   <extension base='tns:auditableEntity'>
    <sequence>
     <element name='description' type='string'/>
    </sequence>
   </extension>
  </complexContent>
 </complexType>
 <complexType name='company'>
  <complexContent>
   <extension base='tns:auditableEntity'>
    <sequence>
     <element name='passcode' type='string'/>
    </sequence>
   </extension>
  </complexContent>
 </complexType>
 <complexType name='filterAdapter'/>
 <complexType name='getAllClientStatuses'/>
 <complexType name='getAllClientStatusesResponse'>
  <sequence>
   <element maxOccurs='unbounded' minOccurs='0' name='return' type='tns:clientStatus'/>
  </sequence>
 </complexType>
 <complexType name='getAllProjectStatuses'/>
 <complexType name='getAllProjectStatusesResponse'>
  <sequence>
   <element maxOccurs='unbounded' minOccurs='0' name='return' type='tns:projectStatus'/>
  </sequence>
 </complexType>
 <complexType name='getClientStatus'>
  <sequence>
   <element name='arg0' type='long'/>
  </sequence>
 </complexType>
 <complexType name='getClientStatusResponse'>
  <sequence>
   <element maxOccurs='1' minOccurs='0' name='return' type='tns:clientStatus'/>
  </sequence>
 </complexType>
 <complexType name='getClientsForCompany'>
  <sequence>
   <element maxOccurs='1' minOccurs='0' name='arg0' type='tns:company'/>
  </sequence>
 </complexType>
 <complexType name='getClientsForCompanyResponse'>
  <sequence>
   <element maxOccurs='unbounded' minOccurs='0' name='return' type='tns:client'/>
  </sequence>
 </complexType>
 <complexType name='getClientsForStatus'>
  <sequence>
   <element maxOccurs='1' minOccurs='0' name='arg0' type='tns:clientStatus'/>
  </sequence>
 </complexType>
 <complexType name='getClientsForStatusResponse'>
  <sequence>
   <element maxOccurs='unbounded' minOccurs='0' name='return' type='tns:client'/>
  </sequence>
 </complexType>
 <complexType name='getProjectStatus'>
  <sequence>
   <element name='arg0' type='long'/>
  </sequence>
 </complexType>
 <complexType name='getProjectStatusResponse'>
  <sequence>
   <element maxOccurs='1' minOccurs='0' name='return' type='tns:projectStatus'/>
  </sequence>
 </complexType>
 <complexType name='getProjectsForCompany'>
  <sequence>
   <element maxOccurs='1' minOccurs='0' name='arg0' type='tns:company'/>
  </sequence>
 </complexType>
 <complexType name='getProjectsForCompanyResponse'>
  <sequence>
   <element maxOccurs='unbounded' minOccurs='0' name='return' type='tns:project'/>
  </sequence>
 </complexType>
 <complexType name='getProjectsForStatus'>
  <sequence>
   <element maxOccurs='1' minOccurs='0' name='arg0' type='tns:projectStatus'/>
  </sequence>
 </complexType>
 <complexType name='getProjectsForStatusResponse'>
  <sequence>
   <element maxOccurs='unbounded' minOccurs='0' name='return' type='tns:project'/>
  </sequence>
 </complexType>
 <complexType name='mockFilter'>
  <complexContent>
   <extension base='tns:filterAdapter'>
    <sequence>
     <element name='filterType' type='int'/>
    </sequence>
   </extension>
  </complexContent>
 </complexType>
 <complexType name='project'>
  <complexContent>
   <extension base='tns:auditableEntity'>
    <sequence>
     <element name='company' type='tns:company'/>
     <element name='active' type='boolean'/>
     <element name='salesTax' type='double'/>
     <element name='pOBoxNumber' type='string'/>
     <element name='paymentTermsId' type='long'/>
     <element name='description' type='string'/>
     <element name='projectStatus' type='tns:projectStatus'/>
     <element name='client' type='tns:client'/>
     <element name='childProjects' nillable='true' type='tns:project'/>
     <element name='parentProjectId' type='long'/>
    </sequence>
   </extension>
  </complexContent>
 </complexType>
 <complexType name='projectStatus'>
  <complexContent>
   <extension base='tns:auditableEntity'>
    <sequence>
     <element name='description' type='string'/>
    </sequence>
   </extension>
  </complexContent>
 </complexType>
 <complexType name='retrieveAllClients'/>
 <complexType name='retrieveAllClientsResponse'>
  <sequence>
   <element maxOccurs='unbounded' minOccurs='0' name='return' type='tns:client'/>
  </sequence>
 </complexType>
 <complexType name='retrieveAllCompanies'/>
 <complexType name='retrieveAllCompaniesResponse'>
  <sequence>
   <element maxOccurs='unbounded' minOccurs='0' name='return' type='tns:company'/>
  </sequence>
 </complexType>
 <complexType name='retrieveAllProjects'/>
 <complexType name='retrieveAllProjectsResponse'>
  <sequence>
   <element maxOccurs='unbounded' minOccurs='0' name='return' type='tns:project'/>
  </sequence>
 </complexType>
 <complexType name='retrieveClient'>
  <sequence>
   <element name='arg0' type='long'/>
  </sequence>
 </complexType>
 <complexType name='retrieveClientResponse'>
  <sequence>
   <element maxOccurs='1' minOccurs='0' name='return' type='tns:client'/>
  </sequence>
 </complexType>
 <complexType name='retrieveCompany'>
  <sequence>
   <element name='arg0' type='long'/>
  </sequence>
 </complexType>
 <complexType name='retrieveCompanyResponse'>
  <sequence>
   <element maxOccurs='1' minOccurs='0' name='return' type='tns:company'/>
  </sequence>
 </complexType>
 <complexType name='retrieveProject'>
  <sequence>
   <element name='arg0' type='long'/>
  </sequence>
 </complexType>
 <complexType name='retrieveProjectResponse'>
  <sequence>
   <element maxOccurs='1' minOccurs='0' name='return' type='tns:project'/>
  </sequence>
 </complexType>
 <complexType name='retrieveProjectsForClient'>
  <sequence>
   <element maxOccurs='1' minOccurs='0' name='arg0' type='tns:client'/>
  </sequence>
 </complexType>
 <complexType name='retrieveProjectsForClientResponse'>
  <sequence>
   <element maxOccurs='unbounded' minOccurs='0' name='return' type='tns:project'/>
  </sequence>
 </complexType>
 <complexType name='searchClientsByName'>
  <sequence>
   <element maxOccurs='1' minOccurs='0' name='arg0' type='string'/>
  </sequence>
 </complexType>
 <complexType name='searchClientsByNameResponse'>
  <sequence>
   <element maxOccurs='unbounded' minOccurs='0' name='return' type='tns:client'/>
  </sequence>
 </complexType>
 <complexType name='searchClientsResponse'>
  <sequence>
   <element maxOccurs='unbounded' minOccurs='0' name='return' type='tns:client'/>
  </sequence>
 </complexType>
 <complexType name='searchCompaniesByName'>
  <sequence>
   <element maxOccurs='1' minOccurs='0' name='arg0' type='string'/>
  </sequence>
 </complexType>
 <complexType name='searchCompaniesByNameResponse'>
  <sequence>
   <element maxOccurs='unbounded' minOccurs='0' name='return' type='tns:company'/>
  </sequence>
 </complexType>
 <complexType name='searchCompaniesResponse'>
  <sequence>
   <element maxOccurs='unbounded' minOccurs='0' name='return' type='tns:company'/>
  </sequence>
 </complexType>
 <complexType name='searchProjectsByName'>
  <sequence>
   <element maxOccurs='1' minOccurs='0' name='arg0' type='string'/>
  </sequence>
 </complexType>
 <complexType name='LookupServiceException'>
  <sequence>
   <element maxOccurs='1' minOccurs='0' name='message' type='string'/>
  </sequence>
 </complexType>
 <complexType name='searchProjectsByNameResponse'>
  <sequence>
   <element maxOccurs='unbounded' minOccurs='0' name='return' type='tns:project'/>
  </sequence>
 </complexType>
 <complexType name='searchProjectsResponse'>
  <sequence>
   <element maxOccurs='unbounded' minOccurs='0' name='return' type='tns:project'/>
  </sequence>
 </complexType>
 <complexType name='searchRequest'>
  <choice>
   <element ref='tns:filter'/>
   <element ref='tns:MockFilter'/>
  </choice>
 </complexType>
 <complexType name='AuthorizationFailedException'>
  <sequence>
   <element maxOccurs='1' minOccurs='0' name='message' type='string'/>
  </sequence>
 </complexType>
 <element name='filter' type='tns:filterAdapter'/>
 <element name='getAllClientStatuses' type='tns:getAllClientStatuses'/>
 <element name='getAllClientStatusesResponse' type='tns:getAllClientStatusesResponse'/>
 <element name='getAllProjectStatuses' type='tns:getAllProjectStatuses'/>
 <element name='getAllProjectStatusesResponse' type='tns:getAllProjectStatusesResponse'/>
 <element name='getClientStatus' type='tns:getClientStatus'/>
 <element name='getClientStatusResponse' type='tns:getClientStatusResponse'/>
 <element name='getClientsForCompany' type='tns:getClientsForCompany'/>
 <element name='getClientsForCompanyResponse' type='tns:getClientsForCompanyResponse'/>
 <element name='getClientsForStatus' type='tns:getClientsForStatus'/>
 <element name='getClientsForStatusResponse' type='tns:getClientsForStatusResponse'/>
 <element name='getProjectStatus' type='tns:getProjectStatus'/>
 <element name='getProjectStatusResponse' type='tns:getProjectStatusResponse'/>
 <element name='getProjectsForCompany' type='tns:getProjectsForCompany'/>
 <element name='getProjectsForCompanyResponse' type='tns:getProjectsForCompanyResponse'/>
 <element name='getProjectsForStatus' type='tns:getProjectsForStatus'/>
 <element name='getProjectsForStatusResponse' type='tns:getProjectsForStatusResponse'/>
 <element name='retrieveAllClients' type='tns:retrieveAllClients'/>
 <element name='retrieveAllClientsResponse' type='tns:retrieveAllClientsResponse'/>
 <element name='retrieveAllCompanies' type='tns:retrieveAllCompanies'/>
 <element name='retrieveAllCompaniesResponse' type='tns:retrieveAllCompaniesResponse'/>
 <element name='retrieveAllProjects' type='tns:retrieveAllProjects'/>
 <element name='retrieveAllProjectsResponse' type='tns:retrieveAllProjectsResponse'/>
 <element name='retrieveClient' type='tns:retrieveClient'/>
 <element name='retrieveClientResponse' type='tns:retrieveClientResponse'/>
 <element name='retrieveCompany' type='tns:retrieveCompany'/>
 <element name='retrieveCompanyResponse' type='tns:retrieveCompanyResponse'/>
 <element name='retrieveProject' type='tns:retrieveProject'/>
 <element name='retrieveProjectResponse' type='tns:retrieveProjectResponse'/>
 <element name='retrieveProjectsForClient' type='tns:retrieveProjectsForClient'/>
 <element name='retrieveProjectsForClientResponse' type='tns:retrieveProjectsForClientResponse'/>
 <element name='searchClientsByName' type='tns:searchClientsByName'/>
 <element name='searchClientsByNameResponse' type='tns:searchClientsByNameResponse'/>
 <element name='searchClientsResponse' type='tns:searchClientsResponse'/>
 <element name='searchCompaniesByName' type='tns:searchCompaniesByName'/>
 <element name='searchCompaniesByNameResponse' type='tns:searchCompaniesByNameResponse'/>
 <element name='AuthorizationFailedException' type='tns:AuthorizationFailedException'/>
 <element name='searchCompaniesResponse' type='tns:searchCompaniesResponse'/>
 <element name='searchProjectsByName' type='tns:searchProjectsByName'/>
 <element name='LookupServiceException' type='tns:LookupServiceException'/>
 <element name='searchProjectsByNameResponse' type='tns:searchProjectsByNameResponse'/>
 <element name='searchProjectsResponse' type='tns:searchProjectsResponse'/>
 <element name='searchRequest' type='tns:searchRequest'/>
 <element name='MockFilter' type='tns:mockFilter'/>
</schema>


ClientEndpointMetaData:
 type=JAXWS
 qname={com.topcoder.clients.webservices.LookupService}LookupServiceBeanPort
 address=http://127.0.0.1:8080/client_project_lookup_services-client_project_lookup_services/LookupServiceBean
 binding=http://schemas.xmlsoap.org/wsdl/soap/http
 seiName=null
 configFile=META-INF/standard-jaxws-client-config.xml
 configName=Standard Client
 authMethod=null
 properties={}

OperationMetaData:
 qname={http://webservices.clients.topcoder.com/}getAllClientStatuses
 javaName={http://webservices.clients.topcoder.com/}getAllClientStatuses
 style=document/literal/WRAPPED
 oneWay=false
 soapAction=

OperationMetaData:
 qname={http://webservices.clients.topcoder.com/}getAllProjectStatuses
 javaName={http://webservices.clients.topcoder.com/}getAllProjectStatuses
 style=document/literal/WRAPPED
 oneWay=false
 soapAction=

OperationMetaData:
 qname={http://webservices.clients.topcoder.com/}getClientStatus
 javaName={http://webservices.clients.topcoder.com/}getClientStatus
 style=document/literal/WRAPPED
 oneWay=false
 soapAction=

OperationMetaData:
 qname={http://webservices.clients.topcoder.com/}getClientsForCompany
 javaName={http://webservices.clients.topcoder.com/}getClientsForCompany
 style=document/literal/WRAPPED
 oneWay=false
 soapAction=

OperationMetaData:
 qname={http://webservices.clients.topcoder.com/}getClientsForStatus
 javaName={http://webservices.clients.topcoder.com/}getClientsForStatus
 style=document/literal/WRAPPED
 oneWay=false
 soapAction=

OperationMetaData:
 qname={http://webservices.clients.topcoder.com/}getProjectStatus
 javaName={http://webservices.clients.topcoder.com/}getProjectStatus
 style=document/literal/WRAPPED
 oneWay=false
 soapAction=

OperationMetaData:
 qname={http://webservices.clients.topcoder.com/}getProjectsForCompany
 javaName={http://webservices.clients.topcoder.com/}getProjectsForCompany
 style=document/literal/WRAPPED
 oneWay=false
 soapAction=

OperationMetaData:
 qname={http://webservices.clients.topcoder.com/}getProjectsForStatus
 javaName={http://webservices.clients.topcoder.com/}getProjectsForStatus
 style=document/literal/WRAPPED
 oneWay=false
 soapAction=

OperationMetaData:
 qname={http://webservices.clients.topcoder.com/}retrieveAllClients
 javaName={http://webservices.clients.topcoder.com/}retrieveAllClients
 style=document/literal/WRAPPED
 oneWay=false
 soapAction=

OperationMetaData:
 qname={http://webservices.clients.topcoder.com/}retrieveAllCompanies
 javaName={http://webservices.clients.topcoder.com/}retrieveAllCompanies
 style=document/literal/WRAPPED
 oneWay=false
 soapAction=

OperationMetaData:
 qname={http://webservices.clients.topcoder.com/}retrieveAllProjects
 javaName={http://webservices.clients.topcoder.com/}retrieveAllProjects
 style=document/literal/WRAPPED
 oneWay=false
 soapAction=

OperationMetaData:
 qname={http://webservices.clients.topcoder.com/}retrieveClient
 javaName={http://webservices.clients.topcoder.com/}retrieveClient
 style=document/literal/WRAPPED
 oneWay=false
 soapAction=

OperationMetaData:
 qname={http://webservices.clients.topcoder.com/}retrieveCompany
 javaName={http://webservices.clients.topcoder.com/}retrieveCompany
 style=document/literal/WRAPPED
 oneWay=false
 soapAction=

OperationMetaData:
 qname={http://webservices.clients.topcoder.com/}retrieveProject
 javaName={http://webservices.clients.topcoder.com/}retrieveProject
 style=document/literal/WRAPPED
 oneWay=false
 soapAction=

OperationMetaData:
 qname={http://webservices.clients.topcoder.com/}retrieveProjectsForClient
 javaName={http://webservices.clients.topcoder.com/}retrieveProjectsForClient
 style=document/literal/WRAPPED
 oneWay=false
 soapAction=

OperationMetaData:
 qname={http://webservices.clients.topcoder.com/}searchClients
 javaName={http://webservices.clients.topcoder.com/}searchClients
 style=document/literal/WRAPPED
 oneWay=false
 soapAction=

OperationMetaData:
 qname={http://webservices.clients.topcoder.com/}searchClientsByName
 javaName={http://webservices.clients.topcoder.com/}searchClientsByName
 style=document/literal/WRAPPED
 oneWay=false
 soapAction=

OperationMetaData:
 qname={http://webservices.clients.topcoder.com/}searchCompanies
 javaName={http://webservices.clients.topcoder.com/}searchCompanies
 style=document/literal/WRAPPED
 oneWay=false
 soapAction=

OperationMetaData:
 qname={http://webservices.clients.topcoder.com/}searchCompaniesByName
 javaName={http://webservices.clients.topcoder.com/}searchCompaniesByName
 style=document/literal/WRAPPED
 oneWay=false
 soapAction=

OperationMetaData:
 qname={http://webservices.clients.topcoder.com/}searchProjects
 javaName={http://webservices.clients.topcoder.com/}searchProjects
 style=document/literal/WRAPPED
 oneWay=false
 soapAction=

OperationMetaData:
 qname={http://webservices.clients.topcoder.com/}searchProjectsByName
 javaName={http://webservices.clients.topcoder.com/}searchProjectsByName
 style=document/literal/WRAPPED
 oneWay=false
 soapAction=
DEBUG [main] (JAXWSClientMetaDataBuilder.java:76) - START buildMetaData: [service={com.topcoder.clients.webservices.LookupService}LookupService]
DEBUG [main] (WSDLDefinitionsFactory.java:102) - parse: http://127.0.0.1:8080/client_project_lookup_services-client_project_lookup_services/LookupServiceBean?wsdl
DEBUG [main] (JBossWSEntityResolver.java:64) - resolveEntity: [pub=http://127.0.0.1:8080/client_project_lookup_services-client_project_lookup_services/LookupServiceBean?wsdl&resource=LookupService_PortType52871.wsdl,sysid=http://127.0.0.1:8080/client_project_lookup_services-client_project_lookup_services/LookupServiceBean?wsdl&resource=LookupService_PortType52871.wsdl]
DEBUG [main] (DefaultSPIProvider.java:68) - provide SPI 'class org.jboss.wsf.spi.management.ServerConfigFactory'
DEBUG [main] (JavaToXSD.java:175) - Load schema: http://webservices.clients.topcoder.com/=file:/C:/DOCUME~1/user/LOCALS~1/Temp/JBossWS_webservices.clients.topcoder.com_20828.xsd
DEBUG [main] (JBossWSEntityResolver.java:64) - resolveEntity: [pub=null,sysid=file:/C:/DOCUME~1/user/LOCALS~1/Temp/JBossWS_webservices.clients.topcoder.com_20828.xsd]
DEBUG [main] (JBossWSEntityResolver.java:64) - resolveEntity: [pub=http://schemas.xmlsoap.org/soap/encoding/,sysid=null]
DEBUG [main] (EndpointMetaData.java:297) - Using default parameter style: WRAPPED
DEBUG [main] (JAXWSClientMetaDataBuilder.java:101) - END buildMetaData: 
UnifiedMetaData: 
 implementation: jbossws-native-2.0.1.SP2 (build=200710210837)
 deploymentName: null
 securityDomain: null

ServiceMetaData:
 qname={com.topcoder.clients.webservices.LookupService}LookupService
 refName=null
 wsdName=null
 wsdlFile=null
 wsdlLocation=http://127.0.0.1:8080/client_project_lookup_services-client_project_lookup_services/LookupServiceBean?wsdl
 jaxrpcMapping=null
 publishLocation=null
 securityConfig=null
 properties=null

TypesMetaData: 
<schema targetNamespace='http://webservices.clients.topcoder.com/' xmlns='http://www.w3.org/2001/XMLSchema' xmlns:soap11-enc='http://schemas.xmlsoap.org/soap/encoding/' xmlns:tns='http://webservices.clients.topcoder.com/' xmlns:xsi='http://www.w3.org/2001/XMLSchema-instance'>
 <complexType name='auditableEntity'>
  <sequence>
   <element name='id' type='long'/>
   <element maxOccurs='1' minOccurs='0' name='createUsername' type='string'/>
   <element maxOccurs='1' minOccurs='0' name='createDate' type='dateTime'/>
   <element maxOccurs='1' minOccurs='0' name='modifyUsername' type='string'/>
   <element maxOccurs='1' minOccurs='0' name='modifyDate' type='dateTime'/>
   <element maxOccurs='1' minOccurs='0' name='name' type='string'/>
   <element name='deleted' type='boolean'/>
  </sequence>
 </complexType>
 <complexType name='client'>
  <complexContent>
   <extension base='tns:auditableEntity'>
    <sequence>
     <element name='company' type='tns:company'/>
     <element name='paymentTermsId' type='long'/>
     <element name='clientStatus' type='tns:clientStatus'/>
     <element name='salesTax' type='double'/>
     <element name='startDate' type='dateTime'/>
     <element name='endDate' type='dateTime'/>
     <element name='codeName' type='string'/>
    </sequence>
   </extension>
  </complexContent>
 </complexType>
 <complexType name='clientStatus'>
  <complexContent>
   <extension base='tns:auditableEntity'>
    <sequence>
     <element name='description' type='string'/>
    </sequence>
   </extension>
  </complexContent>
 </complexType>
 <complexType name='company'>
  <complexContent>
   <extension base='tns:auditableEntity'>
    <sequence>
     <element name='passcode' type='string'/>
    </sequence>
   </extension>
  </complexContent>
 </complexType>
 <complexType name='filterAdapter'/>
 <complexType name='getAllClientStatuses'/>
 <complexType name='getAllClientStatusesResponse'>
  <sequence>
   <element maxOccurs='unbounded' minOccurs='0' name='return' type='tns:clientStatus'/>
  </sequence>
 </complexType>
 <complexType name='getAllProjectStatuses'/>
 <complexType name='getAllProjectStatusesResponse'>
  <sequence>
   <element maxOccurs='unbounded' minOccurs='0' name='return' type='tns:projectStatus'/>
  </sequence>
 </complexType>
 <complexType name='getClientStatus'>
  <sequence>
   <element name='arg0' type='long'/>
  </sequence>
 </complexType>
 <complexType name='getClientStatusResponse'>
  <sequence>
   <element maxOccurs='1' minOccurs='0' name='return' type='tns:clientStatus'/>
  </sequence>
 </complexType>
 <complexType name='getClientsForCompany'>
  <sequence>
   <element maxOccurs='1' minOccurs='0' name='arg0' type='tns:company'/>
  </sequence>
 </complexType>
 <complexType name='getClientsForCompanyResponse'>
  <sequence>
   <element maxOccurs='unbounded' minOccurs='0' name='return' type='tns:client'/>
  </sequence>
 </complexType>
 <complexType name='getClientsForStatus'>
  <sequence>
   <element maxOccurs='1' minOccurs='0' name='arg0' type='tns:clientStatus'/>
  </sequence>
 </complexType>
 <complexType name='getClientsForStatusResponse'>
  <sequence>
   <element maxOccurs='unbounded' minOccurs='0' name='return' type='tns:client'/>
  </sequence>
 </complexType>
 <complexType name='getProjectStatus'>
  <sequence>
   <element name='arg0' type='long'/>
  </sequence>
 </complexType>
 <complexType name='getProjectStatusResponse'>
  <sequence>
   <element maxOccurs='1' minOccurs='0' name='return' type='tns:projectStatus'/>
  </sequence>
 </complexType>
 <complexType name='getProjectsForCompany'>
  <sequence>
   <element maxOccurs='1' minOccurs='0' name='arg0' type='tns:company'/>
  </sequence>
 </complexType>
 <complexType name='getProjectsForCompanyResponse'>
  <sequence>
   <element maxOccurs='unbounded' minOccurs='0' name='return' type='tns:project'/>
  </sequence>
 </complexType>
 <complexType name='getProjectsForStatus'>
  <sequence>
   <element maxOccurs='1' minOccurs='0' name='arg0' type='tns:projectStatus'/>
  </sequence>
 </complexType>
 <complexType name='getProjectsForStatusResponse'>
  <sequence>
   <element maxOccurs='unbounded' minOccurs='0' name='return' type='tns:project'/>
  </sequence>
 </complexType>
 <complexType name='mockFilter'>
  <complexContent>
   <extension base='tns:filterAdapter'>
    <sequence>
     <element name='filterType' type='int'/>
    </sequence>
   </extension>
  </complexContent>
 </complexType>
 <complexType name='project'>
  <complexContent>
   <extension base='tns:auditableEntity'>
    <sequence>
     <element name='company' type='tns:company'/>
     <element name='active' type='boolean'/>
     <element name='salesTax' type='double'/>
     <element name='pOBoxNumber' type='string'/>
     <element name='paymentTermsId' type='long'/>
     <element name='description' type='string'/>
     <element name='projectStatus' type='tns:projectStatus'/>
     <element name='client' type='tns:client'/>
     <element name='childProjects' nillable='true' type='tns:project'/>
     <element name='parentProjectId' type='long'/>
    </sequence>
   </extension>
  </complexContent>
 </complexType>
 <complexType name='projectStatus'>
  <complexContent>
   <extension base='tns:auditableEntity'>
    <sequence>
     <element name='description' type='string'/>
    </sequence>
   </extension>
  </complexContent>
 </complexType>
 <complexType name='retrieveAllClients'/>
 <complexType name='retrieveAllClientsResponse'>
  <sequence>
   <element maxOccurs='unbounded' minOccurs='0' name='return' type='tns:client'/>
  </sequence>
 </complexType>
 <complexType name='retrieveAllCompanies'/>
 <complexType name='retrieveAllCompaniesResponse'>
  <sequence>
   <element maxOccurs='unbounded' minOccurs='0' name='return' type='tns:company'/>
  </sequence>
 </complexType>
 <complexType name='retrieveAllProjects'/>
 <complexType name='retrieveAllProjectsResponse'>
  <sequence>
   <element maxOccurs='unbounded' minOccurs='0' name='return' type='tns:project'/>
  </sequence>
 </complexType>
 <complexType name='retrieveClient'>
  <sequence>
   <element name='arg0' type='long'/>
  </sequence>
 </complexType>
 <complexType name='retrieveClientResponse'>
  <sequence>
   <element maxOccurs='1' minOccurs='0' name='return' type='tns:client'/>
  </sequence>
 </complexType>
 <complexType name='retrieveCompany'>
  <sequence>
   <element name='arg0' type='long'/>
  </sequence>
 </complexType>
 <complexType name='retrieveCompanyResponse'>
  <sequence>
   <element maxOccurs='1' minOccurs='0' name='return' type='tns:company'/>
  </sequence>
 </complexType>
 <complexType name='retrieveProject'>
  <sequence>
   <element name='arg0' type='long'/>
  </sequence>
 </complexType>
 <complexType name='retrieveProjectResponse'>
  <sequence>
   <element maxOccurs='1' minOccurs='0' name='return' type='tns:project'/>
  </sequence>
 </complexType>
 <complexType name='retrieveProjectsForClient'>
  <sequence>
   <element maxOccurs='1' minOccurs='0' name='arg0' type='tns:client'/>
  </sequence>
 </complexType>
 <complexType name='retrieveProjectsForClientResponse'>
  <sequence>
   <element maxOccurs='unbounded' minOccurs='0' name='return' type='tns:project'/>
  </sequence>
 </complexType>
 <complexType name='searchClientsByName'>
  <sequence>
   <element maxOccurs='1' minOccurs='0' name='arg0' type='string'/>
  </sequence>
 </complexType>
 <complexType name='searchClientsByNameResponse'>
  <sequence>
   <element maxOccurs='unbounded' minOccurs='0' name='return' type='tns:client'/>
  </sequence>
 </complexType>
 <complexType name='searchClientsResponse'>
  <sequence>
   <element maxOccurs='unbounded' minOccurs='0' name='return' type='tns:client'/>
  </sequence>
 </complexType>
 <complexType name='searchCompaniesByName'>
  <sequence>
   <element maxOccurs='1' minOccurs='0' name='arg0' type='string'/>
  </sequence>
 </complexType>
 <complexType name='searchCompaniesByNameResponse'>
  <sequence>
   <element maxOccurs='unbounded' minOccurs='0' name='return' type='tns:company'/>
  </sequence>
 </complexType>
 <complexType name='searchCompaniesResponse'>
  <sequence>
   <element maxOccurs='unbounded' minOccurs='0' name='return' type='tns:company'/>
  </sequence>
 </complexType>
 <complexType name='searchProjectsByName'>
  <sequence>
   <element maxOccurs='1' minOccurs='0' name='arg0' type='string'/>
  </sequence>
 </complexType>
 <complexType name='LookupServiceException'>
  <sequence>
   <element maxOccurs='1' minOccurs='0' name='message' type='string'/>
  </sequence>
 </complexType>
 <complexType name='searchProjectsByNameResponse'>
  <sequence>
   <element maxOccurs='unbounded' minOccurs='0' name='return' type='tns:project'/>
  </sequence>
 </complexType>
 <complexType name='searchProjectsResponse'>
  <sequence>
   <element maxOccurs='unbounded' minOccurs='0' name='return' type='tns:project'/>
  </sequence>
 </complexType>
 <complexType name='searchRequest'>
  <choice>
   <element ref='tns:filter'/>
   <element ref='tns:MockFilter'/>
  </choice>
 </complexType>
 <complexType name='AuthorizationFailedException'>
  <sequence>
   <element maxOccurs='1' minOccurs='0' name='message' type='string'/>
  </sequence>
 </complexType>
 <element name='filter' type='tns:filterAdapter'/>
 <element name='getAllClientStatuses' type='tns:getAllClientStatuses'/>
 <element name='getAllClientStatusesResponse' type='tns:getAllClientStatusesResponse'/>
 <element name='getAllProjectStatuses' type='tns:getAllProjectStatuses'/>
 <element name='getAllProjectStatusesResponse' type='tns:getAllProjectStatusesResponse'/>
 <element name='getClientStatus' type='tns:getClientStatus'/>
 <element name='getClientStatusResponse' type='tns:getClientStatusResponse'/>
 <element name='getClientsForCompany' type='tns:getClientsForCompany'/>
 <element name='getClientsForCompanyResponse' type='tns:getClientsForCompanyResponse'/>
 <element name='getClientsForStatus' type='tns:getClientsForStatus'/>
 <element name='getClientsForStatusResponse' type='tns:getClientsForStatusResponse'/>
 <element name='getProjectStatus' type='tns:getProjectStatus'/>
 <element name='getProjectStatusResponse' type='tns:getProjectStatusResponse'/>
 <element name='getProjectsForCompany' type='tns:getProjectsForCompany'/>
 <element name='getProjectsForCompanyResponse' type='tns:getProjectsForCompanyResponse'/>
 <element name='getProjectsForStatus' type='tns:getProjectsForStatus'/>
 <element name='getProjectsForStatusResponse' type='tns:getProjectsForStatusResponse'/>
 <element name='retrieveAllClients' type='tns:retrieveAllClients'/>
 <element name='retrieveAllClientsResponse' type='tns:retrieveAllClientsResponse'/>
 <element name='retrieveAllCompanies' type='tns:retrieveAllCompanies'/>
 <element name='retrieveAllCompaniesResponse' type='tns:retrieveAllCompaniesResponse'/>
 <element name='retrieveAllProjects' type='tns:retrieveAllProjects'/>
 <element name='retrieveAllProjectsResponse' type='tns:retrieveAllProjectsResponse'/>
 <element name='retrieveClient' type='tns:retrieveClient'/>
 <element name='retrieveClientResponse' type='tns:retrieveClientResponse'/>
 <element name='retrieveCompany' type='tns:retrieveCompany'/>
 <element name='retrieveCompanyResponse' type='tns:retrieveCompanyResponse'/>
 <element name='retrieveProject' type='tns:retrieveProject'/>
 <element name='retrieveProjectResponse' type='tns:retrieveProjectResponse'/>
 <element name='retrieveProjectsForClient' type='tns:retrieveProjectsForClient'/>
 <element name='retrieveProjectsForClientResponse' type='tns:retrieveProjectsForClientResponse'/>
 <element name='searchClientsByName' type='tns:searchClientsByName'/>
 <element name='searchClientsByNameResponse' type='tns:searchClientsByNameResponse'/>
 <element name='searchClientsResponse' type='tns:searchClientsResponse'/>
 <element name='searchCompaniesByName' type='tns:searchCompaniesByName'/>
 <element name='searchCompaniesByNameResponse' type='tns:searchCompaniesByNameResponse'/>
 <element name='AuthorizationFailedException' type='tns:AuthorizationFailedException'/>
 <element name='searchCompaniesResponse' type='tns:searchCompaniesResponse'/>
 <element name='searchProjectsByName' type='tns:searchProjectsByName'/>
 <element name='LookupServiceException' type='tns:LookupServiceException'/>
 <element name='searchProjectsByNameResponse' type='tns:searchProjectsByNameResponse'/>
 <element name='searchProjectsResponse' type='tns:searchProjectsResponse'/>
 <element name='searchRequest' type='tns:searchRequest'/>
 <element name='MockFilter' type='tns:mockFilter'/>
</schema>


ClientEndpointMetaData:
 type=JAXWS
 qname={com.topcoder.clients.webservices.LookupService}LookupServiceBeanPort
 address=http://127.0.0.1:8080/client_project_lookup_services-client_project_lookup_services/LookupServiceBean
 binding=http://schemas.xmlsoap.org/wsdl/soap/http
 seiName=null
 configFile=META-INF/standard-jaxws-client-config.xml
 configName=Standard Client
 authMethod=null
 properties={}

OperationMetaData:
 qname={http://webservices.clients.topcoder.com/}getAllClientStatuses
 javaName={http://webservices.clients.topcoder.com/}getAllClientStatuses
 style=document/literal/WRAPPED
 oneWay=false
 soapAction=

OperationMetaData:
 qname={http://webservices.clients.topcoder.com/}getAllProjectStatuses
 javaName={http://webservices.clients.topcoder.com/}getAllProjectStatuses
 style=document/literal/WRAPPED
 oneWay=false
 soapAction=

OperationMetaData:
 qname={http://webservices.clients.topcoder.com/}getClientStatus
 javaName={http://webservices.clients.topcoder.com/}getClientStatus
 style=document/literal/WRAPPED
 oneWay=false
 soapAction=

OperationMetaData:
 qname={http://webservices.clients.topcoder.com/}getClientsForCompany
 javaName={http://webservices.clients.topcoder.com/}getClientsForCompany
 style=document/literal/WRAPPED
 oneWay=false
 soapAction=

OperationMetaData:
 qname={http://webservices.clients.topcoder.com/}getClientsForStatus
 javaName={http://webservices.clients.topcoder.com/}getClientsForStatus
 style=document/literal/WRAPPED
 oneWay=false
 soapAction=

OperationMetaData:
 qname={http://webservices.clients.topcoder.com/}getProjectStatus
 javaName={http://webservices.clients.topcoder.com/}getProjectStatus
 style=document/literal/WRAPPED
 oneWay=false
 soapAction=

OperationMetaData:
 qname={http://webservices.clients.topcoder.com/}getProjectsForCompany
 javaName={http://webservices.clients.topcoder.com/}getProjectsForCompany
 style=document/literal/WRAPPED
 oneWay=false
 soapAction=

OperationMetaData:
 qname={http://webservices.clients.topcoder.com/}getProjectsForStatus
 javaName={http://webservices.clients.topcoder.com/}getProjectsForStatus
 style=document/literal/WRAPPED
 oneWay=false
 soapAction=

OperationMetaData:
 qname={http://webservices.clients.topcoder.com/}retrieveAllClients
 javaName={http://webservices.clients.topcoder.com/}retrieveAllClients
 style=document/literal/WRAPPED
 oneWay=false
 soapAction=

OperationMetaData:
 qname={http://webservices.clients.topcoder.com/}retrieveAllCompanies
 javaName={http://webservices.clients.topcoder.com/}retrieveAllCompanies
 style=document/literal/WRAPPED
 oneWay=false
 soapAction=

OperationMetaData:
 qname={http://webservices.clients.topcoder.com/}retrieveAllProjects
 javaName={http://webservices.clients.topcoder.com/}retrieveAllProjects
 style=document/literal/WRAPPED
 oneWay=false
 soapAction=

OperationMetaData:
 qname={http://webservices.clients.topcoder.com/}retrieveClient
 javaName={http://webservices.clients.topcoder.com/}retrieveClient
 style=document/literal/WRAPPED
 oneWay=false
 soapAction=

OperationMetaData:
 qname={http://webservices.clients.topcoder.com/}retrieveCompany
 javaName={http://webservices.clients.topcoder.com/}retrieveCompany
 style=document/literal/WRAPPED
 oneWay=false
 soapAction=

OperationMetaData:
 qname={http://webservices.clients.topcoder.com/}retrieveProject
 javaName={http://webservices.clients.topcoder.com/}retrieveProject
 style=document/literal/WRAPPED
 oneWay=false
 soapAction=

OperationMetaData:
 qname={http://webservices.clients.topcoder.com/}retrieveProjectsForClient
 javaName={http://webservices.clients.topcoder.com/}retrieveProjectsForClient
 style=document/literal/WRAPPED
 oneWay=false
 soapAction=

OperationMetaData:
 qname={http://webservices.clients.topcoder.com/}searchClients
 javaName={http://webservices.clients.topcoder.com/}searchClients
 style=document/literal/WRAPPED
 oneWay=false
 soapAction=

OperationMetaData:
 qname={http://webservices.clients.topcoder.com/}searchClientsByName
 javaName={http://webservices.clients.topcoder.com/}searchClientsByName
 style=document/literal/WRAPPED
 oneWay=false
 soapAction=

OperationMetaData:
 qname={http://webservices.clients.topcoder.com/}searchCompanies
 javaName={http://webservices.clients.topcoder.com/}searchCompanies
 style=document/literal/WRAPPED
 oneWay=false
 soapAction=

OperationMetaData:
 qname={http://webservices.clients.topcoder.com/}searchCompaniesByName
 javaName={http://webservices.clients.topcoder.com/}searchCompaniesByName
 style=document/literal/WRAPPED
 oneWay=false
 soapAction=

OperationMetaData:
 qname={http://webservices.clients.topcoder.com/}searchProjects
 javaName={http://webservices.clients.topcoder.com/}searchProjects
 style=document/literal/WRAPPED
 oneWay=false
 soapAction=

OperationMetaData:
 qname={http://webservices.clients.topcoder.com/}searchProjectsByName
 javaName={http://webservices.clients.topcoder.com/}searchProjectsByName
 style=document/literal/WRAPPED
 oneWay=false
 soapAction=
DEBUG [main] (JAXWSClientMetaDataBuilder.java:76) - START buildMetaData: [service={com.topcoder.clients.webservices.LookupService}LookupService]
DEBUG [main] (WSDLDefinitionsFactory.java:102) - parse: http://127.0.0.1:8080/client_project_lookup_services-client_project_lookup_services/LookupServiceBean?wsdl
DEBUG [main] (JBossWSEntityResolver.java:64) - resolveEntity: [pub=http://127.0.0.1:8080/client_project_lookup_services-client_project_lookup_services/LookupServiceBean?wsdl&resource=LookupService_PortType52871.wsdl,sysid=http://127.0.0.1:8080/client_project_lookup_services-client_project_lookup_services/LookupServiceBean?wsdl&resource=LookupService_PortType52871.wsdl]
DEBUG [main] (DefaultSPIProvider.java:68) - provide SPI 'class org.jboss.wsf.spi.management.ServerConfigFactory'
DEBUG [main] (JavaToXSD.java:175) - Load schema: http://webservices.clients.topcoder.com/=file:/C:/DOCUME~1/user/LOCALS~1/Temp/JBossWS_webservices.clients.topcoder.com_20829.xsd
DEBUG [main] (JBossWSEntityResolver.java:64) - resolveEntity: [pub=null,sysid=file:/C:/DOCUME~1/user/LOCALS~1/Temp/JBossWS_webservices.clients.topcoder.com_20829.xsd]
DEBUG [main] (JBossWSEntityResolver.java:64) - resolveEntity: [pub=http://schemas.xmlsoap.org/soap/encoding/,sysid=null]
DEBUG [main] (EndpointMetaData.java:297) - Using default parameter style: WRAPPED
DEBUG [main] (JAXWSClientMetaDataBuilder.java:101) - END buildMetaData: 
UnifiedMetaData: 
 implementation: jbossws-native-2.0.1.SP2 (build=200710210837)
 deploymentName: null
 securityDomain: null

ServiceMetaData:
 qname={com.topcoder.clients.webservices.LookupService}LookupService
 refName=null
 wsdName=null
 wsdlFile=null
 wsdlLocation=http://127.0.0.1:8080/client_project_lookup_services-client_project_lookup_services/LookupServiceBean?wsdl
 jaxrpcMapping=null
 publishLocation=null
 securityConfig=null
 properties=null

TypesMetaData: 
<schema targetNamespace='http://webservices.clients.topcoder.com/' xmlns='http://www.w3.org/2001/XMLSchema' xmlns:soap11-enc='http://schemas.xmlsoap.org/soap/encoding/' xmlns:tns='http://webservices.clients.topcoder.com/' xmlns:xsi='http://www.w3.org/2001/XMLSchema-instance'>
 <complexType name='auditableEntity'>
  <sequence>
   <element name='id' type='long'/>
   <element maxOccurs='1' minOccurs='0' name='createUsername' type='string'/>
   <element maxOccurs='1' minOccurs='0' name='createDate' type='dateTime'/>
   <element maxOccurs='1' minOccurs='0' name='modifyUsername' type='string'/>
   <element maxOccurs='1' minOccurs='0' name='modifyDate' type='dateTime'/>
   <element maxOccurs='1' minOccurs='0' name='name' type='string'/>
   <element name='deleted' type='boolean'/>
  </sequence>
 </complexType>
 <complexType name='client'>
  <complexContent>
   <extension base='tns:auditableEntity'>
    <sequence>
     <element name='company' type='tns:company'/>
     <element name='paymentTermsId' type='long'/>
     <element name='clientStatus' type='tns:clientStatus'/>
     <element name='salesTax' type='double'/>
     <element name='startDate' type='dateTime'/>
     <element name='endDate' type='dateTime'/>
     <element name='codeName' type='string'/>
    </sequence>
   </extension>
  </complexContent>
 </complexType>
 <complexType name='clientStatus'>
  <complexContent>
   <extension base='tns:auditableEntity'>
    <sequence>
     <element name='description' type='string'/>
    </sequence>
   </extension>
  </complexContent>
 </complexType>
 <complexType name='company'>
  <complexContent>
   <extension base='tns:auditableEntity'>
    <sequence>
     <element name='passcode' type='string'/>
    </sequence>
   </extension>
  </complexContent>
 </complexType>
 <complexType name='filterAdapter'/>
 <complexType name='getAllClientStatuses'/>
 <complexType name='getAllClientStatusesResponse'>
  <sequence>
   <element maxOccurs='unbounded' minOccurs='0' name='return' type='tns:clientStatus'/>
  </sequence>
 </complexType>
 <complexType name='getAllProjectStatuses'/>
 <complexType name='getAllProjectStatusesResponse'>
  <sequence>
   <element maxOccurs='unbounded' minOccurs='0' name='return' type='tns:projectStatus'/>
  </sequence>
 </complexType>
 <complexType name='getClientStatus'>
  <sequence>
   <element name='arg0' type='long'/>
  </sequence>
 </complexType>
 <complexType name='getClientStatusResponse'>
  <sequence>
   <element maxOccurs='1' minOccurs='0' name='return' type='tns:clientStatus'/>
  </sequence>
 </complexType>
 <complexType name='getClientsForCompany'>
  <sequence>
   <element maxOccurs='1' minOccurs='0' name='arg0' type='tns:company'/>
  </sequence>
 </complexType>
 <complexType name='getClientsForCompanyResponse'>
  <sequence>
   <element maxOccurs='unbounded' minOccurs='0' name='return' type='tns:client'/>
  </sequence>
 </complexType>
 <complexType name='getClientsForStatus'>
  <sequence>
   <element maxOccurs='1' minOccurs='0' name='arg0' type='tns:clientStatus'/>
  </sequence>
 </complexType>
 <complexType name='getClientsForStatusResponse'>
  <sequence>
   <element maxOccurs='unbounded' minOccurs='0' name='return' type='tns:client'/>
  </sequence>
 </complexType>
 <complexType name='getProjectStatus'>
  <sequence>
   <element name='arg0' type='long'/>
  </sequence>
 </complexType>
 <complexType name='getProjectStatusResponse'>
  <sequence>
   <element maxOccurs='1' minOccurs='0' name='return' type='tns:projectStatus'/>
  </sequence>
 </complexType>
 <complexType name='getProjectsForCompany'>
  <sequence>
   <element maxOccurs='1' minOccurs='0' name='arg0' type='tns:company'/>
  </sequence>
 </complexType>
 <complexType name='getProjectsForCompanyResponse'>
  <sequence>
   <element maxOccurs='unbounded' minOccurs='0' name='return' type='tns:project'/>
  </sequence>
 </complexType>
 <complexType name='getProjectsForStatus'>
  <sequence>
   <element maxOccurs='1' minOccurs='0' name='arg0' type='tns:projectStatus'/>
  </sequence>
 </complexType>
 <complexType name='getProjectsForStatusResponse'>
  <sequence>
   <element maxOccurs='unbounded' minOccurs='0' name='return' type='tns:project'/>
  </sequence>
 </complexType>
 <complexType name='mockFilter'>
  <complexContent>
   <extension base='tns:filterAdapter'>
    <sequence>
     <element name='filterType' type='int'/>
    </sequence>
   </extension>
  </complexContent>
 </complexType>
 <complexType name='project'>
  <complexContent>
   <extension base='tns:auditableEntity'>
    <sequence>
     <element name='company' type='tns:company'/>
     <element name='active' type='boolean'/>
     <element name='salesTax' type='double'/>
     <element name='pOBoxNumber' type='string'/>
     <element name='paymentTermsId' type='long'/>
     <element name='description' type='string'/>
     <element name='projectStatus' type='tns:projectStatus'/>
     <element name='client' type='tns:client'/>
     <element name='childProjects' nillable='true' type='tns:project'/>
     <element name='parentProjectId' type='long'/>
    </sequence>
   </extension>
  </complexContent>
 </complexType>
 <complexType name='projectStatus'>
  <complexContent>
   <extension base='tns:auditableEntity'>
    <sequence>
     <element name='description' type='string'/>
    </sequence>
   </extension>
  </complexContent>
 </complexType>
 <complexType name='retrieveAllClients'/>
 <complexType name='retrieveAllClientsResponse'>
  <sequence>
   <element maxOccurs='unbounded' minOccurs='0' name='return' type='tns:client'/>
  </sequence>
 </complexType>
 <complexType name='retrieveAllCompanies'/>
 <complexType name='retrieveAllCompaniesResponse'>
  <sequence>
   <element maxOccurs='unbounded' minOccurs='0' name='return' type='tns:company'/>
  </sequence>
 </complexType>
 <complexType name='retrieveAllProjects'/>
 <complexType name='retrieveAllProjectsResponse'>
  <sequence>
   <element maxOccurs='unbounded' minOccurs='0' name='return' type='tns:project'/>
  </sequence>
 </complexType>
 <complexType name='retrieveClient'>
  <sequence>
   <element name='arg0' type='long'/>
  </sequence>
 </complexType>
 <complexType name='retrieveClientResponse'>
  <sequence>
   <element maxOccurs='1' minOccurs='0' name='return' type='tns:client'/>
  </sequence>
 </complexType>
 <complexType name='retrieveCompany'>
  <sequence>
   <element name='arg0' type='long'/>
  </sequence>
 </complexType>
 <complexType name='retrieveCompanyResponse'>
  <sequence>
   <element maxOccurs='1' minOccurs='0' name='return' type='tns:company'/>
  </sequence>
 </complexType>
 <complexType name='retrieveProject'>
  <sequence>
   <element name='arg0' type='long'/>
  </sequence>
 </complexType>
 <complexType name='retrieveProjectResponse'>
  <sequence>
   <element maxOccurs='1' minOccurs='0' name='return' type='tns:project'/>
  </sequence>
 </complexType>
 <complexType name='retrieveProjectsForClient'>
  <sequence>
   <element maxOccurs='1' minOccurs='0' name='arg0' type='tns:client'/>
  </sequence>
 </complexType>
 <complexType name='retrieveProjectsForClientResponse'>
  <sequence>
   <element maxOccurs='unbounded' minOccurs='0' name='return' type='tns:project'/>
  </sequence>
 </complexType>
 <complexType name='searchClientsByName'>
  <sequence>
   <element maxOccurs='1' minOccurs='0' name='arg0' type='string'/>
  </sequence>
 </complexType>
 <complexType name='searchClientsByNameResponse'>
  <sequence>
   <element maxOccurs='unbounded' minOccurs='0' name='return' type='tns:client'/>
  </sequence>
 </complexType>
 <complexType name='searchClientsResponse'>
  <sequence>
   <element maxOccurs='unbounded' minOccurs='0' name='return' type='tns:client'/>
  </sequence>
 </complexType>
 <complexType name='searchCompaniesByName'>
  <sequence>
   <element maxOccurs='1' minOccurs='0' name='arg0' type='string'/>
  </sequence>
 </complexType>
 <complexType name='searchCompaniesByNameResponse'>
  <sequence>
   <element maxOccurs='unbounded' minOccurs='0' name='return' type='tns:company'/>
  </sequence>
 </complexType>
 <complexType name='searchCompaniesResponse'>
  <sequence>
   <element maxOccurs='unbounded' minOccurs='0' name='return' type='tns:company'/>
  </sequence>
 </complexType>
 <complexType name='searchProjectsByName'>
  <sequence>
   <element maxOccurs='1' minOccurs='0' name='arg0' type='string'/>
  </sequence>
 </complexType>
 <complexType name='LookupServiceException'>
  <sequence>
   <element maxOccurs='1' minOccurs='0' name='message' type='string'/>
  </sequence>
 </complexType>
 <complexType name='searchProjectsByNameResponse'>
  <sequence>
   <element maxOccurs='unbounded' minOccurs='0' name='return' type='tns:project'/>
  </sequence>
 </complexType>
 <complexType name='searchProjectsResponse'>
  <sequence>
   <element maxOccurs='unbounded' minOccurs='0' name='return' type='tns:project'/>
  </sequence>
 </complexType>
 <complexType name='searchRequest'>
  <choice>
   <element ref='tns:filter'/>
   <element ref='tns:MockFilter'/>
  </choice>
 </complexType>
 <complexType name='AuthorizationFailedException'>
  <sequence>
   <element maxOccurs='1' minOccurs='0' name='message' type='string'/>
  </sequence>
 </complexType>
 <element name='filter' type='tns:filterAdapter'/>
 <element name='getAllClientStatuses' type='tns:getAllClientStatuses'/>
 <element name='getAllClientStatusesResponse' type='tns:getAllClientStatusesResponse'/>
 <element name='getAllProjectStatuses' type='tns:getAllProjectStatuses'/>
 <element name='getAllProjectStatusesResponse' type='tns:getAllProjectStatusesResponse'/>
 <element name='getClientStatus' type='tns:getClientStatus'/>
 <element name='getClientStatusResponse' type='tns:getClientStatusResponse'/>
 <element name='getClientsForCompany' type='tns:getClientsForCompany'/>
 <element name='getClientsForCompanyResponse' type='tns:getClientsForCompanyResponse'/>
 <element name='getClientsForStatus' type='tns:getClientsForStatus'/>
 <element name='getClientsForStatusResponse' type='tns:getClientsForStatusResponse'/>
 <element name='getProjectStatus' type='tns:getProjectStatus'/>
 <element name='getProjectStatusResponse' type='tns:getProjectStatusResponse'/>
 <element name='getProjectsForCompany' type='tns:getProjectsForCompany'/>
 <element name='getProjectsForCompanyResponse' type='tns:getProjectsForCompanyResponse'/>
 <element name='getProjectsForStatus' type='tns:getProjectsForStatus'/>
 <element name='getProjectsForStatusResponse' type='tns:getProjectsForStatusResponse'/>
 <element name='retrieveAllClients' type='tns:retrieveAllClients'/>
 <element name='retrieveAllClientsResponse' type='tns:retrieveAllClientsResponse'/>
 <element name='retrieveAllCompanies' type='tns:retrieveAllCompanies'/>
 <element name='retrieveAllCompaniesResponse' type='tns:retrieveAllCompaniesResponse'/>
 <element name='retrieveAllProjects' type='tns:retrieveAllProjects'/>
 <element name='retrieveAllProjectsResponse' type='tns:retrieveAllProjectsResponse'/>
 <element name='retrieveClient' type='tns:retrieveClient'/>
 <element name='retrieveClientResponse' type='tns:retrieveClientResponse'/>
 <element name='retrieveCompany' type='tns:retrieveCompany'/>
 <element name='retrieveCompanyResponse' type='tns:retrieveCompanyResponse'/>
 <element name='retrieveProject' type='tns:retrieveProject'/>
 <element name='retrieveProjectResponse' type='tns:retrieveProjectResponse'/>
 <element name='retrieveProjectsForClient' type='tns:retrieveProjectsForClient'/>
 <element name='retrieveProjectsForClientResponse' type='tns:retrieveProjectsForClientResponse'/>
 <element name='searchClientsByName' type='tns:searchClientsByName'/>
 <element name='searchClientsByNameResponse' type='tns:searchClientsByNameResponse'/>
 <element name='searchClientsResponse' type='tns:searchClientsResponse'/>
 <element name='searchCompaniesByName' type='tns:searchCompaniesByName'/>
 <element name='searchCompaniesByNameResponse' type='tns:searchCompaniesByNameResponse'/>
 <element name='AuthorizationFailedException' type='tns:AuthorizationFailedException'/>
 <element name='searchCompaniesResponse' type='tns:searchCompaniesResponse'/>
 <element name='searchProjectsByName' type='tns:searchProjectsByName'/>
 <element name='LookupServiceException' type='tns:LookupServiceException'/>
 <element name='searchProjectsByNameResponse' type='tns:searchProjectsByNameResponse'/>
 <element name='searchProjectsResponse' type='tns:searchProjectsResponse'/>
 <element name='searchRequest' type='tns:searchRequest'/>
 <element name='MockFilter' type='tns:mockFilter'/>
</schema>


ClientEndpointMetaData:
 type=JAXWS
 qname={com.topcoder.clients.webservices.LookupService}LookupServiceBeanPort
 address=http://127.0.0.1:8080/client_project_lookup_services-client_project_lookup_services/LookupServiceBean
 binding=http://schemas.xmlsoap.org/wsdl/soap/http
 seiName=null
 configFile=META-INF/standard-jaxws-client-config.xml
 configName=Standard Client
 authMethod=null
 properties={}

OperationMetaData:
 qname={http://webservices.clients.topcoder.com/}getAllClientStatuses
 javaName={http://webservices.clients.topcoder.com/}getAllClientStatuses
 style=document/literal/WRAPPED
 oneWay=false
 soapAction=

OperationMetaData:
 qname={http://webservices.clients.topcoder.com/}getAllProjectStatuses
 javaName={http://webservices.clients.topcoder.com/}getAllProjectStatuses
 style=document/literal/WRAPPED
 oneWay=false
 soapAction=

OperationMetaData:
 qname={http://webservices.clients.topcoder.com/}getClientStatus
 javaName={http://webservices.clients.topcoder.com/}getClientStatus
 style=document/literal/WRAPPED
 oneWay=false
 soapAction=

OperationMetaData:
 qname={http://webservices.clients.topcoder.com/}getClientsForCompany
 javaName={http://webservices.clients.topcoder.com/}getClientsForCompany
 style=document/literal/WRAPPED
 oneWay=false
 soapAction=

OperationMetaData:
 qname={http://webservices.clients.topcoder.com/}getClientsForStatus
 javaName={http://webservices.clients.topcoder.com/}getClientsForStatus
 style=document/literal/WRAPPED
 oneWay=false
 soapAction=

OperationMetaData:
 qname={http://webservices.clients.topcoder.com/}getProjectStatus
 javaName={http://webservices.clients.topcoder.com/}getProjectStatus
 style=document/literal/WRAPPED
 oneWay=false
 soapAction=

OperationMetaData:
 qname={http://webservices.clients.topcoder.com/}getProjectsForCompany
 javaName={http://webservices.clients.topcoder.com/}getProjectsForCompany
 style=document/literal/WRAPPED
 oneWay=false
 soapAction=

OperationMetaData:
 qname={http://webservices.clients.topcoder.com/}getProjectsForStatus
 javaName={http://webservices.clients.topcoder.com/}getProjectsForStatus
 style=document/literal/WRAPPED
 oneWay=false
 soapAction=

OperationMetaData:
 qname={http://webservices.clients.topcoder.com/}retrieveAllClients
 javaName={http://webservices.clients.topcoder.com/}retrieveAllClients
 style=document/literal/WRAPPED
 oneWay=false
 soapAction=

OperationMetaData:
 qname={http://webservices.clients.topcoder.com/}retrieveAllCompanies
 javaName={http://webservices.clients.topcoder.com/}retrieveAllCompanies
 style=document/literal/WRAPPED
 oneWay=false
 soapAction=

OperationMetaData:
 qname={http://webservices.clients.topcoder.com/}retrieveAllProjects
 javaName={http://webservices.clients.topcoder.com/}retrieveAllProjects
 style=document/literal/WRAPPED
 oneWay=false
 soapAction=

OperationMetaData:
 qname={http://webservices.clients.topcoder.com/}retrieveClient
 javaName={http://webservices.clients.topcoder.com/}retrieveClient
 style=document/literal/WRAPPED
 oneWay=false
 soapAction=

OperationMetaData:
 qname={http://webservices.clients.topcoder.com/}retrieveCompany
 javaName={http://webservices.clients.topcoder.com/}retrieveCompany
 style=document/literal/WRAPPED
 oneWay=false
 soapAction=

OperationMetaData:
 qname={http://webservices.clients.topcoder.com/}retrieveProject
 javaName={http://webservices.clients.topcoder.com/}retrieveProject
 style=document/literal/WRAPPED
 oneWay=false
 soapAction=

OperationMetaData:
 qname={http://webservices.clients.topcoder.com/}retrieveProjectsForClient
 javaName={http://webservices.clients.topcoder.com/}retrieveProjectsForClient
 style=document/literal/WRAPPED
 oneWay=false
 soapAction=

OperationMetaData:
 qname={http://webservices.clients.topcoder.com/}searchClients
 javaName={http://webservices.clients.topcoder.com/}searchClients
 style=document/literal/WRAPPED
 oneWay=false
 soapAction=

OperationMetaData:
 qname={http://webservices.clients.topcoder.com/}searchClientsByName
 javaName={http://webservices.clients.topcoder.com/}searchClientsByName
 style=document/literal/WRAPPED
 oneWay=false
 soapAction=

OperationMetaData:
 qname={http://webservices.clients.topcoder.com/}searchCompanies
 javaName={http://webservices.clients.topcoder.com/}searchCompanies
 style=document/literal/WRAPPED
 oneWay=false
 soapAction=

OperationMetaData:
 qname={http://webservices.clients.topcoder.com/}searchCompaniesByName
 javaName={http://webservices.clients.topcoder.com/}searchCompaniesByName
 style=document/literal/WRAPPED
 oneWay=false
 soapAction=

OperationMetaData:
 qname={http://webservices.clients.topcoder.com/}searchProjects
 javaName={http://webservices.clients.topcoder.com/}searchProjects
 style=document/literal/WRAPPED
 oneWay=false
 soapAction=

OperationMetaData:
 qname={http://webservices.clients.topcoder.com/}searchProjectsByName
 javaName={http://webservices.clients.topcoder.com/}searchProjectsByName
 style=document/literal/WRAPPED
 oneWay=false
 soapAction=
DEBUG [main] (JAXWSClientMetaDataBuilder.java:270) - START: rebuildMetaData
DEBUG [main] (EndpointMetaData.java:307) - setParameterStyle: null
DEBUG [main] (EndpointMetaData.java:702) - Create new config [name=Standard Client,file=META-INF/standard-jaxws-client-config.xml]
DEBUG [main] (JBossWSConfigFactory.java:125) - getConfig: [name=Standard Client,url=META-INF/standard-jaxws-client-config.xml]
DEBUG [main] (JBossWSConfigFactory.java:71) - parse: jar:file:/F:/jboss-4.2.2.GA/client/jbossws-client.jar!/META-INF/standard-jaxws-client-config.xml
DEBUG [main] (EndpointMetaData.java:711) - Configure EndpointMetaData
DEBUG [main] (EndpointMetaData.java:723) - Added 0 PRE handlers
DEBUG [main] (EndpointMetaData.java:724) - Added 0 ENDPOINT handlers
DEBUG [main] (EndpointMetaData.java:725) - Added 0 POST handlers
DEBUG [main] (EndpointMetaData.java:297) - Using default parameter style: WRAPPED
DEBUG [main] (DynamicWrapperGenerator.java:98) - Generating wrapper: com.topcoder.clients.webservices.jaxws.RetrieveClient
DEBUG [main] (DynamicWrapperGenerator.java:98) - Generating wrapper: com.topcoder.clients.webservices.jaxws.RetrieveClientResponse
DEBUG [main] (DynamicWrapperGenerator.java:135) - Generating fault bean: com.topcoder.clients.webservices.jaxws.LookupServiceExceptionBean
DEBUG [main] (DynamicWrapperGenerator.java:135) - Generating fault bean: com.topcoder.clients.webservices.jaxws.AuthorizationFailedExceptionBean
DEBUG [main] (DynamicWrapperGenerator.java:98) - Generating wrapper: com.topcoder.clients.webservices.jaxws.RetrieveAllClients
DEBUG [main] (DynamicWrapperGenerator.java:98) - Generating wrapper: com.topcoder.clients.webservices.jaxws.RetrieveAllClientsResponse
DEBUG [main] (DynamicWrapperGenerator.java:98) - Generating wrapper: com.topcoder.clients.webservices.jaxws.SearchClientsByName
DEBUG [main] (DynamicWrapperGenerator.java:98) - Generating wrapper: com.topcoder.clients.webservices.jaxws.SearchClientsByNameResponse
DEBUG [main] (EndpointMetaData.java:307) - setParameterStyle: WRAPPED
DEBUG [main] (DynamicWrapperGenerator.java:98) - Generating wrapper: com.topcoder.clients.webservices.jaxws.SearchClientsResponse
DEBUG [main] (DynamicWrapperGenerator.java:98) - Generating wrapper: com.topcoder.clients.webservices.jaxws.GetClientStatus
DEBUG [main] (DynamicWrapperGenerator.java:98) - Generating wrapper: com.topcoder.clients.webservices.jaxws.GetClientStatusResponse
DEBUG [main] (DynamicWrapperGenerator.java:98) - Generating wrapper: com.topcoder.clients.webservices.jaxws.GetAllClientStatuses
DEBUG [main] (DynamicWrapperGenerator.java:98) - Generating wrapper: com.topcoder.clients.webservices.jaxws.GetAllClientStatusesResponse
DEBUG [main] (DynamicWrapperGenerator.java:98) - Generating wrapper: com.topcoder.clients.webservices.jaxws.GetClientsForStatus
DEBUG [main] (DynamicWrapperGenerator.java:98) - Generating wrapper: com.topcoder.clients.webservices.jaxws.GetClientsForStatusResponse
DEBUG [main] (DynamicWrapperGenerator.java:98) - Generating wrapper: com.topcoder.clients.webservices.jaxws.RetrieveProject
DEBUG [main] (DynamicWrapperGenerator.java:98) - Generating wrapper: com.topcoder.clients.webservices.jaxws.RetrieveProjectResponse
DEBUG [main] (DynamicWrapperGenerator.java:98) - Generating wrapper: com.topcoder.clients.webservices.jaxws.RetrieveProjectsForClient
DEBUG [main] (DynamicWrapperGenerator.java:98) - Generating wrapper: com.topcoder.clients.webservices.jaxws.RetrieveProjectsForClientResponse
DEBUG [main] (DynamicWrapperGenerator.java:98) - Generating wrapper: com.topcoder.clients.webservices.jaxws.RetrieveAllProjects
DEBUG [main] (DynamicWrapperGenerator.java:98) - Generating wrapper: com.topcoder.clients.webservices.jaxws.RetrieveAllProjectsResponse
DEBUG [main] (DynamicWrapperGenerator.java:98) - Generating wrapper: com.topcoder.clients.webservices.jaxws.SearchProjectsByName
DEBUG [main] (DynamicWrapperGenerator.java:98) - Generating wrapper: com.topcoder.clients.webservices.jaxws.SearchProjectsByNameResponse
DEBUG [main] (EndpointMetaData.java:307) - setParameterStyle: WRAPPED
DEBUG [main] (DynamicWrapperGenerator.java:98) - Generating wrapper: com.topcoder.clients.webservices.jaxws.SearchProjectsResponse
DEBUG [main] (DynamicWrapperGenerator.java:98) - Generating wrapper: com.topcoder.clients.webservices.jaxws.GetProjectStatus
DEBUG [main] (DynamicWrapperGenerator.java:98) - Generating wrapper: com.topcoder.clients.webservices.jaxws.GetProjectStatusResponse
DEBUG [main] (DynamicWrapperGenerator.java:98) - Generating wrapper: com.topcoder.clients.webservices.jaxws.GetAllProjectStatuses
DEBUG [main] (DynamicWrapperGenerator.java:98) - Generating wrapper: com.topcoder.clients.webservices.jaxws.GetAllProjectStatusesResponse
DEBUG [main] (DynamicWrapperGenerator.java:98) - Generating wrapper: com.topcoder.clients.webservices.jaxws.GetProjectsForStatus
DEBUG [main] (DynamicWrapperGenerator.java:98) - Generating wrapper: com.topcoder.clients.webservices.jaxws.GetProjectsForStatusResponse
DEBUG [main] (DynamicWrapperGenerator.java:98) - Generating wrapper: com.topcoder.clients.webservices.jaxws.RetrieveCompany
DEBUG [main] (DynamicWrapperGenerator.java:98) - Generating wrapper: com.topcoder.clients.webservices.jaxws.RetrieveCompanyResponse
DEBUG [main] (DynamicWrapperGenerator.java:98) - Generating wrapper: com.topcoder.clients.webservices.jaxws.RetrieveAllCompanies
DEBUG [main] (DynamicWrapperGenerator.java:98) - Generating wrapper: com.topcoder.clients.webservices.jaxws.RetrieveAllCompaniesResponse
DEBUG [main] (DynamicWrapperGenerator.java:98) - Generating wrapper: com.topcoder.clients.webservices.jaxws.SearchCompaniesByName
DEBUG [main] (DynamicWrapperGenerator.java:98) - Generating wrapper: com.topcoder.clients.webservices.jaxws.SearchCompaniesByNameResponse
DEBUG [main] (EndpointMetaData.java:307) - setParameterStyle: WRAPPED
DEBUG [main] (DynamicWrapperGenerator.java:98) - Generating wrapper: com.topcoder.clients.webservices.jaxws.SearchCompaniesResponse
DEBUG [main] (DynamicWrapperGenerator.java:98) - Generating wrapper: com.topcoder.clients.webservices.jaxws.GetClientsForCompany
DEBUG [main] (DynamicWrapperGenerator.java:98) - Generating wrapper: com.topcoder.clients.webservices.jaxws.GetClientsForCompanyResponse
DEBUG [main] (DynamicWrapperGenerator.java:98) - Generating wrapper: com.topcoder.clients.webservices.jaxws.GetProjectsForCompany
DEBUG [main] (DynamicWrapperGenerator.java:98) - Generating wrapper: com.topcoder.clients.webservices.jaxws.GetProjectsForCompanyResponse
DEBUG [main] (JAXWSMetaDataBuilder.java:920) - JAXBContext [types=[class com.topcoder.clients.webservices.jaxws.RetrieveClient, class com.topcoder.clients.webservices.jaxws.RetrieveClientResponse, class com.topcoder.clients.webservices.jaxws.LookupServiceExceptionBean, class com.topcoder.clients.webservices.jaxws.AuthorizationFailedExceptionBean, class com.topcoder.clients.webservices.jaxws.RetrieveAllClients, class com.topcoder.clients.webservices.jaxws.RetrieveAllClientsResponse, class com.topcoder.clients.webservices.jaxws.LookupServiceExceptionBean, class com.topcoder.clients.webservices.jaxws.AuthorizationFailedExceptionBean, class com.topcoder.clients.webservices.jaxws.SearchClientsByName, class com.topcoder.clients.webservices.jaxws.SearchClientsByNameResponse, class com.topcoder.clients.webservices.jaxws.LookupServiceExceptionBean, class com.topcoder.clients.webservices.jaxws.AuthorizationFailedExceptionBean, class com.topcoder.clients.webservices.SearchRequest, class com.topcoder.clients.webservices.jaxws.SearchClientsResponse, class com.topcoder.clients.webservices.jaxws.LookupServiceExceptionBean, class com.topcoder.clients.webservices.jaxws.AuthorizationFailedExceptionBean, class com.topcoder.clients.webservices.jaxws.GetClientStatus, class com.topcoder.clients.webservices.jaxws.GetClientStatusResponse, class com.topcoder.clients.webservices.jaxws.LookupServiceExceptionBean, class com.topcoder.clients.webservices.jaxws.AuthorizationFailedExceptionBean, class com.topcoder.clients.webservices.jaxws.GetAllClientStatuses, class com.topcoder.clients.webservices.jaxws.GetAllClientStatusesResponse, class com.topcoder.clients.webservices.jaxws.LookupServiceExceptionBean, class com.topcoder.clients.webservices.jaxws.AuthorizationFailedExceptionBean, class com.topcoder.clients.webservices.jaxws.GetClientsForStatus, class com.topcoder.clients.webservices.jaxws.GetClientsForStatusResponse, class com.topcoder.clients.webservices.jaxws.LookupServiceExceptionBean, class com.topcoder.clients.webservices.jaxws.AuthorizationFailedExceptionBean, class com.topcoder.clients.webservices.jaxws.RetrieveProject, class com.topcoder.clients.webservices.jaxws.RetrieveProjectResponse, class com.topcoder.clients.webservices.jaxws.LookupServiceExceptionBean, class com.topcoder.clients.webservices.jaxws.AuthorizationFailedExceptionBean, class com.topcoder.clients.webservices.jaxws.RetrieveProjectsForClient, class com.topcoder.clients.webservices.jaxws.RetrieveProjectsForClientResponse, class com.topcoder.clients.webservices.jaxws.LookupServiceExceptionBean, class com.topcoder.clients.webservices.jaxws.AuthorizationFailedExceptionBean, class com.topcoder.clients.webservices.jaxws.RetrieveAllProjects, class com.topcoder.clients.webservices.jaxws.RetrieveAllProjectsResponse, class com.topcoder.clients.webservices.jaxws.LookupServiceExceptionBean, class com.topcoder.clients.webservices.jaxws.AuthorizationFailedExceptionBean, class com.topcoder.clients.webservices.jaxws.SearchProjectsByName, class com.topcoder.clients.webservices.jaxws.SearchProjectsByNameResponse, class com.topcoder.clients.webservices.jaxws.LookupServiceExceptionBean, class com.topcoder.clients.webservices.jaxws.AuthorizationFailedExceptionBean, class com.topcoder.clients.webservices.SearchRequest, class com.topcoder.clients.webservices.jaxws.SearchProjectsResponse, class com.topcoder.clients.webservices.jaxws.LookupServiceExceptionBean, class com.topcoder.clients.webservices.jaxws.AuthorizationFailedExceptionBean, class com.topcoder.clients.webservices.jaxws.GetProjectStatus, class com.topcoder.clients.webservices.jaxws.GetProjectStatusResponse, class com.topcoder.clients.webservices.jaxws.LookupServiceExceptionBean, class com.topcoder.clients.webservices.jaxws.AuthorizationFailedExceptionBean, class com.topcoder.clients.webservices.jaxws.GetAllProjectStatuses, class com.topcoder.clients.webservices.jaxws.GetAllProjectStatusesResponse, class com.topcoder.clients.webservices.jaxws.LookupServiceExceptionBean, class com.topcoder.clients.webservices.jaxws.AuthorizationFailedExceptionBean, class com.topcoder.clients.webservices.jaxws.GetProjectsForStatus, class com.topcoder.clients.webservices.jaxws.GetProjectsForStatusResponse, class com.topcoder.clients.webservices.jaxws.LookupServiceExceptionBean, class com.topcoder.clients.webservices.jaxws.AuthorizationFailedExceptionBean, class com.topcoder.clients.webservices.jaxws.RetrieveCompany, class com.topcoder.clients.webservices.jaxws.RetrieveCompanyResponse, class com.topcoder.clients.webservices.jaxws.LookupServiceExceptionBean, class com.topcoder.clients.webservices.jaxws.AuthorizationFailedExceptionBean, class com.topcoder.clients.webservices.jaxws.RetrieveAllCompanies, class com.topcoder.clients.webservices.jaxws.RetrieveAllCompaniesResponse, class com.topcoder.clients.webservices.jaxws.LookupServiceExceptionBean, class com.topcoder.clients.webservices.jaxws.AuthorizationFailedExceptionBean, class com.topcoder.clients.webservices.jaxws.SearchCompaniesByName, class com.topcoder.clients.webservices.jaxws.SearchCompaniesByNameResponse, class com.topcoder.clients.webservices.jaxws.LookupServiceExceptionBean, class com.topcoder.clients.webservices.jaxws.AuthorizationFailedExceptionBean, class com.topcoder.clients.webservices.SearchRequest, class com.topcoder.clients.webservices.jaxws.SearchCompaniesResponse, class com.topcoder.clients.webservices.jaxws.LookupServiceExceptionBean, class com.topcoder.clients.webservices.jaxws.AuthorizationFailedExceptionBean, class com.topcoder.clients.webservices.jaxws.GetClientsForCompany, class com.topcoder.clients.webservices.jaxws.GetClientsForCompanyResponse, class com.topcoder.clients.webservices.jaxws.LookupServiceExceptionBean, class com.topcoder.clients.webservices.jaxws.AuthorizationFailedExceptionBean, class com.topcoder.clients.webservices.jaxws.GetProjectsForCompany, class com.topcoder.clients.webservices.jaxws.GetProjectsForCompanyResponse, class com.topcoder.clients.webservices.jaxws.LookupServiceExceptionBean, class com.topcoder.clients.webservices.jaxws.AuthorizationFailedExceptionBean],tns=http://webservices.clients.topcoder.com/]
DEBUG [main] (OperationMetaData.java:207) - Found best matching java method: public abstract com.topcoder.clients.model.Client com.topcoder.clients.webservices.LookupService.retrieveClient(long) throws com.topcoder.clients.webservices.LookupServiceException,com.topcoder.clients.webservices.beans.AuthorizationFailedException
DEBUG [main] (OperationMetaData.java:207) - Found best matching java method: public abstract java.util.List com.topcoder.clients.webservices.LookupService.retrieveAllClients() throws com.topcoder.clients.webservices.LookupServiceException,com.topcoder.clients.webservices.beans.AuthorizationFailedException
DEBUG [main] (OperationMetaData.java:207) - Found best matching java method: public abstract java.util.List com.topcoder.clients.webservices.LookupService.searchClientsByName(java.lang.String) throws com.topcoder.clients.webservices.LookupServiceException,com.topcoder.clients.webservices.beans.AuthorizationFailedException
DEBUG [main] (OperationMetaData.java:207) - Found best matching java method: public abstract java.util.List com.topcoder.clients.webservices.LookupService.searchClients(com.topcoder.search.builder.filter.Filter) throws com.topcoder.clients.webservices.LookupServiceException,com.topcoder.clients.webservices.beans.AuthorizationFailedException
DEBUG [main] (OperationMetaData.java:207) - Found best matching java method: public abstract com.topcoder.clients.model.ClientStatus com.topcoder.clients.webservices.LookupService.getClientStatus(long) throws com.topcoder.clients.webservices.LookupServiceException,com.topcoder.clients.webservices.beans.AuthorizationFailedException
DEBUG [main] (OperationMetaData.java:207) - Found best matching java method: public abstract java.util.List com.topcoder.clients.webservices.LookupService.getAllClientStatuses() throws com.topcoder.clients.webservices.LookupServiceException,com.topcoder.clients.webservices.beans.AuthorizationFailedException
DEBUG [main] (OperationMetaData.java:207) - Found best matching java method: public abstract java.util.List com.topcoder.clients.webservices.LookupService.getClientsForStatus(com.topcoder.clients.model.ClientStatus) throws com.topcoder.clients.webservices.LookupServiceException,com.topcoder.clients.webservices.beans.AuthorizationFailedException
DEBUG [main] (OperationMetaData.java:207) - Found best matching java method: public abstract com.topcoder.clients.model.Project com.topcoder.clients.webservices.LookupService.retrieveProject(long) throws com.topcoder.clients.webservices.LookupServiceException,com.topcoder.clients.webservices.beans.AuthorizationFailedException
DEBUG [main] (OperationMetaData.java:207) - Found best matching java method: public abstract java.util.List com.topcoder.clients.webservices.LookupService.retrieveProjectsForClient(com.topcoder.clients.model.Client) throws com.topcoder.clients.webservices.LookupServiceException,com.topcoder.clients.webservices.beans.AuthorizationFailedException
DEBUG [main] (OperationMetaData.java:207) - Found best matching java method: public abstract java.util.List com.topcoder.clients.webservices.LookupService.retrieveAllProjects() throws com.topcoder.clients.webservices.LookupServiceException,com.topcoder.clients.webservices.beans.AuthorizationFailedException
DEBUG [main] (OperationMetaData.java:207) - Found best matching java method: public abstract java.util.List com.topcoder.clients.webservices.LookupService.searchProjectsByName(java.lang.String) throws com.topcoder.clients.webservices.LookupServiceException,com.topcoder.clients.webservices.beans.AuthorizationFailedException
DEBUG [main] (OperationMetaData.java:207) - Found best matching java method: public abstract java.util.List com.topcoder.clients.webservices.LookupService.searchProjects(com.topcoder.search.builder.filter.Filter) throws com.topcoder.clients.webservices.LookupServiceException,com.topcoder.clients.webservices.beans.AuthorizationFailedException
DEBUG [main] (OperationMetaData.java:207) - Found best matching java method: public abstract com.topcoder.clients.model.ProjectStatus com.topcoder.clients.webservices.LookupService.getProjectStatus(long) throws com.topcoder.clients.webservices.LookupServiceException,com.topcoder.clients.webservices.beans.AuthorizationFailedException
DEBUG [main] (OperationMetaData.java:207) - Found best matching java method: public abstract java.util.List com.topcoder.clients.webservices.LookupService.getAllProjectStatuses() throws com.topcoder.clients.webservices.LookupServiceException,com.topcoder.clients.webservices.beans.AuthorizationFailedException
DEBUG [main] (OperationMetaData.java:207) - Found best matching java method: public abstract java.util.List com.topcoder.clients.webservices.LookupService.getProjectsForStatus(com.topcoder.clients.model.ProjectStatus) throws com.topcoder.clients.webservices.LookupServiceException,com.topcoder.clients.webservices.beans.AuthorizationFailedException
DEBUG [main] (OperationMetaData.java:207) - Found best matching java method: public abstract com.topcoder.clients.model.Company com.topcoder.clients.webservices.LookupService.retrieveCompany(long) throws com.topcoder.clients.webservices.LookupServiceException,com.topcoder.clients.webservices.beans.AuthorizationFailedException
DEBUG [main] (OperationMetaData.java:207) - Found best matching java method: public abstract java.util.List com.topcoder.clients.webservices.LookupService.retrieveAllCompanies() throws com.topcoder.clients.webservices.LookupServiceException,com.topcoder.clients.webservices.beans.AuthorizationFailedException
DEBUG [main] (OperationMetaData.java:207) - Found best matching java method: public abstract java.util.List com.topcoder.clients.webservices.LookupService.searchCompaniesByName(java.lang.String) throws com.topcoder.clients.webservices.LookupServiceException,com.topcoder.clients.webservices.beans.AuthorizationFailedException
DEBUG [main] (OperationMetaData.java:207) - Found best matching java method: public abstract java.util.List com.topcoder.clients.webservices.LookupService.searchCompanies(com.topcoder.search.builder.filter.Filter) throws com.topcoder.clients.webservices.LookupServiceException,com.topcoder.clients.webservices.beans.AuthorizationFailedException
DEBUG [main] (OperationMetaData.java:207) - Found best matching java method: public abstract java.util.List com.topcoder.clients.webservices.LookupService.getClientsForCompany(com.topcoder.clients.model.Company) throws com.topcoder.clients.webservices.LookupServiceException,com.topcoder.clients.webservices.beans.AuthorizationFailedException
DEBUG [main] (OperationMetaData.java:207) - Found best matching java method: public abstract java.util.List com.topcoder.clients.webservices.LookupService.getProjectsForCompany(com.topcoder.clients.model.Company) throws com.topcoder.clients.webservices.LookupServiceException,com.topcoder.clients.webservices.beans.AuthorizationFailedException
DEBUG [main] (JAXWSClientMetaDataBuilder.java:310) - END: rebuildMetaData

ServiceMetaData:
 qname={com.topcoder.clients.webservices.LookupService}LookupService
 refName=null
 wsdName=null
 wsdlFile=null
 wsdlLocation=http://127.0.0.1:8080/client_project_lookup_services-client_project_lookup_services/LookupServiceBean?wsdl
 jaxrpcMapping=null
 publishLocation=null
 securityConfig=null
 properties=null

TypesMetaData: 
  [complexType={http://webservices.clients.topcoder.com/}retrieveClient,javaType=com.topcoder.clients.webservices.jaxws.RetrieveClient]
  [complexType={http://webservices.clients.topcoder.com/}retrieveClientResponse,javaType=com.topcoder.clients.webservices.jaxws.RetrieveClientResponse]
  [complexType={http://webservices.clients.topcoder.com/}LookupServiceException,javaType=com.topcoder.clients.webservices.jaxws.LookupServiceExceptionBean]
  [complexType={http://webservices.clients.topcoder.com/}AuthorizationFailedException,javaType=com.topcoder.clients.webservices.jaxws.AuthorizationFailedExceptionBean]
  [complexType={http://webservices.clients.topcoder.com/}retrieveAllClients,javaType=com.topcoder.clients.webservices.jaxws.RetrieveAllClients]
  [complexType={http://webservices.clients.topcoder.com/}retrieveAllClientsResponse,javaType=com.topcoder.clients.webservices.jaxws.RetrieveAllClientsResponse]
  [complexType={http://webservices.clients.topcoder.com/}searchClientsByName,javaType=com.topcoder.clients.webservices.jaxws.SearchClientsByName]
  [complexType={http://webservices.clients.topcoder.com/}searchClientsByNameResponse,javaType=com.topcoder.clients.webservices.jaxws.SearchClientsByNameResponse]
  [complexType={http://webservices.clients.topcoder.com/}searchClientsResponse,javaType=com.topcoder.clients.webservices.jaxws.SearchClientsResponse]
  [complexType={http://webservices.clients.topcoder.com/}getClientStatus,javaType=com.topcoder.clients.webservices.jaxws.GetClientStatus]
  [complexType={http://webservices.clients.topcoder.com/}getClientStatusResponse,javaType=com.topcoder.clients.webservices.jaxws.GetClientStatusResponse]
  [complexType={http://webservices.clients.topcoder.com/}getAllClientStatuses,javaType=com.topcoder.clients.webservices.jaxws.GetAllClientStatuses]
  [complexType={http://webservices.clients.topcoder.com/}getAllClientStatusesResponse,javaType=com.topcoder.clients.webservices.jaxws.GetAllClientStatusesResponse]
  [complexType={http://webservices.clients.topcoder.com/}getClientsForStatus,javaType=com.topcoder.clients.webservices.jaxws.GetClientsForStatus]
  [complexType={http://webservices.clients.topcoder.com/}getClientsForStatusResponse,javaType=com.topcoder.clients.webservices.jaxws.GetClientsForStatusResponse]
  [complexType={http://webservices.clients.topcoder.com/}retrieveProject,javaType=com.topcoder.clients.webservices.jaxws.RetrieveProject]
  [complexType={http://webservices.clients.topcoder.com/}retrieveProjectResponse,javaType=com.topcoder.clients.webservices.jaxws.RetrieveProjectResponse]
  [complexType={http://webservices.clients.topcoder.com/}retrieveProjectsForClient,javaType=com.topcoder.clients.webservices.jaxws.RetrieveProjectsForClient]
  [complexType={http://webservices.clients.topcoder.com/}retrieveProjectsForClientResponse,javaType=com.topcoder.clients.webservices.jaxws.RetrieveProjectsForClientResponse]
  [complexType={http://webservices.clients.topcoder.com/}retrieveAllProjects,javaType=com.topcoder.clients.webservices.jaxws.RetrieveAllProjects]
  [complexType={http://webservices.clients.topcoder.com/}retrieveAllProjectsResponse,javaType=com.topcoder.clients.webservices.jaxws.RetrieveAllProjectsResponse]
  [complexType={http://webservices.clients.topcoder.com/}searchProjectsByName,javaType=com.topcoder.clients.webservices.jaxws.SearchProjectsByName]
  [complexType={http://webservices.clients.topcoder.com/}searchProjectsByNameResponse,javaType=com.topcoder.clients.webservices.jaxws.SearchProjectsByNameResponse]
  [complexType={http://webservices.clients.topcoder.com/}searchProjectsResponse,javaType=com.topcoder.clients.webservices.jaxws.SearchProjectsResponse]
  [complexType={http://webservices.clients.topcoder.com/}getProjectStatus,javaType=com.topcoder.clients.webservices.jaxws.GetProjectStatus]
  [complexType={http://webservices.clients.topcoder.com/}getProjectStatusResponse,javaType=com.topcoder.clients.webservices.jaxws.GetProjectStatusResponse]
  [complexType={http://webservices.clients.topcoder.com/}getAllProjectStatuses,javaType=com.topcoder.clients.webservices.jaxws.GetAllProjectStatuses]
  [complexType={http://webservices.clients.topcoder.com/}getAllProjectStatusesResponse,javaType=com.topcoder.clients.webservices.jaxws.GetAllProjectStatusesResponse]
  [complexType={http://webservices.clients.topcoder.com/}getProjectsForStatus,javaType=com.topcoder.clients.webservices.jaxws.GetProjectsForStatus]
  [complexType={http://webservices.clients.topcoder.com/}getProjectsForStatusResponse,javaType=com.topcoder.clients.webservices.jaxws.GetProjectsForStatusResponse]
  [complexType={http://webservices.clients.topcoder.com/}retrieveCompany,javaType=com.topcoder.clients.webservices.jaxws.RetrieveCompany]
  [complexType={http://webservices.clients.topcoder.com/}retrieveCompanyResponse,javaType=com.topcoder.clients.webservices.jaxws.RetrieveCompanyResponse]
  [complexType={http://webservices.clients.topcoder.com/}retrieveAllCompanies,javaType=com.topcoder.clients.webservices.jaxws.RetrieveAllCompanies]
  [complexType={http://webservices.clients.topcoder.com/}retrieveAllCompaniesResponse,javaType=com.topcoder.clients.webservices.jaxws.RetrieveAllCompaniesResponse]
  [complexType={http://webservices.clients.topcoder.com/}searchCompaniesByName,javaType=com.topcoder.clients.webservices.jaxws.SearchCompaniesByName]
  [complexType={http://webservices.clients.topcoder.com/}searchCompaniesByNameResponse,javaType=com.topcoder.clients.webservices.jaxws.SearchCompaniesByNameResponse]
  [complexType={http://webservices.clients.topcoder.com/}searchCompaniesResponse,javaType=com.topcoder.clients.webservices.jaxws.SearchCompaniesResponse]
  [complexType={http://webservices.clients.topcoder.com/}getClientsForCompany,javaType=com.topcoder.clients.webservices.jaxws.GetClientsForCompany]
  [complexType={http://webservices.clients.topcoder.com/}getClientsForCompanyResponse,javaType=com.topcoder.clients.webservices.jaxws.GetClientsForCompanyResponse]
  [complexType={http://webservices.clients.topcoder.com/}getProjectsForCompany,javaType=com.topcoder.clients.webservices.jaxws.GetProjectsForCompany]
  [complexType={http://webservices.clients.topcoder.com/}getProjectsForCompanyResponse,javaType=com.topcoder.clients.webservices.jaxws.GetProjectsForCompanyResponse]
  [complexType={http://webservices.clients.topcoder.com/}searchClients,javaType=com.topcoder.clients.webservices.SearchRequest]
  [complexType={http://webservices.clients.topcoder.com/}searchProjects,javaType=com.topcoder.clients.webservices.SearchRequest]
  [complexType={http://webservices.clients.topcoder.com/}searchCompanies,javaType=com.topcoder.clients.webservices.SearchRequest]
<schema targetNamespace='http://webservices.clients.topcoder.com/' xmlns='http://www.w3.org/2001/XMLSchema' xmlns:soap11-enc='http://schemas.xmlsoap.org/soap/encoding/' xmlns:tns='http://webservices.clients.topcoder.com/' xmlns:xsi='http://www.w3.org/2001/XMLSchema-instance'>
 <complexType name='auditableEntity'>
  <sequence>
   <element name='id' type='long'/>
   <element maxOccurs='1' minOccurs='0' name='createUsername' type='string'/>
   <element maxOccurs='1' minOccurs='0' name='createDate' type='dateTime'/>
   <element maxOccurs='1' minOccurs='0' name='modifyUsername' type='string'/>
   <element maxOccurs='1' minOccurs='0' name='modifyDate' type='dateTime'/>
   <element maxOccurs='1' minOccurs='0' name='name' type='string'/>
   <element name='deleted' type='boolean'/>
  </sequence>
 </complexType>
 <complexType name='client'>
  <complexContent>
   <extension base='tns:auditableEntity'>
    <sequence>
     <element name='company' type='tns:company'/>
     <element name='paymentTermsId' type='long'/>
     <element name='clientStatus' type='tns:clientStatus'/>
     <element name='salesTax' type='double'/>
     <element name='startDate' type='dateTime'/>
     <element name='endDate' type='dateTime'/>
     <element name='codeName' type='string'/>
    </sequence>
   </extension>
  </complexContent>
 </complexType>
 <complexType name='clientStatus'>
  <complexContent>
   <extension base='tns:auditableEntity'>
    <sequence>
     <element name='description' type='string'/>
    </sequence>
   </extension>
  </complexContent>
 </complexType>
 <complexType name='company'>
  <complexContent>
   <extension base='tns:auditableEntity'>
    <sequence>
     <element name='passcode' type='string'/>
    </sequence>
   </extension>
  </complexContent>
 </complexType>
 <complexType name='filterAdapter'/>
 <complexType name='getAllClientStatuses'/>
 <complexType name='getAllClientStatusesResponse'>
  <sequence>
   <element maxOccurs='unbounded' minOccurs='0' name='return' type='tns:clientStatus'/>
  </sequence>
 </complexType>
 <complexType name='getAllProjectStatuses'/>
 <complexType name='getAllProjectStatusesResponse'>
  <sequence>
   <element maxOccurs='unbounded' minOccurs='0' name='return' type='tns:projectStatus'/>
  </sequence>
 </complexType>
 <complexType name='getClientStatus'>
  <sequence>
   <element name='arg0' type='long'/>
  </sequence>
 </complexType>
 <complexType name='getClientStatusResponse'>
  <sequence>
   <element maxOccurs='1' minOccurs='0' name='return' type='tns:clientStatus'/>
  </sequence>
 </complexType>
 <complexType name='getClientsForCompany'>
  <sequence>
   <element maxOccurs='1' minOccurs='0' name='arg0' type='tns:company'/>
  </sequence>
 </complexType>
 <complexType name='getClientsForCompanyResponse'>
  <sequence>
   <element maxOccurs='unbounded' minOccurs='0' name='return' type='tns:client'/>
  </sequence>
 </complexType>
 <complexType name='getClientsForStatus'>
  <sequence>
   <element maxOccurs='1' minOccurs='0' name='arg0' type='tns:clientStatus'/>
  </sequence>
 </complexType>
 <complexType name='getClientsForStatusResponse'>
  <sequence>
   <element maxOccurs='unbounded' minOccurs='0' name='return' type='tns:client'/>
  </sequence>
 </complexType>
 <complexType name='getProjectStatus'>
  <sequence>
   <element name='arg0' type='long'/>
  </sequence>
 </complexType>
 <complexType name='getProjectStatusResponse'>
  <sequence>
   <element maxOccurs='1' minOccurs='0' name='return' type='tns:projectStatus'/>
  </sequence>
 </complexType>
 <complexType name='getProjectsForCompany'>
  <sequence>
   <element maxOccurs='1' minOccurs='0' name='arg0' type='tns:company'/>
  </sequence>
 </complexType>
 <complexType name='getProjectsForCompanyResponse'>
  <sequence>
   <element maxOccurs='unbounded' minOccurs='0' name='return' type='tns:project'/>
  </sequence>
 </complexType>
 <complexType name='getProjectsForStatus'>
  <sequence>
   <element maxOccurs='1' minOccurs='0' name='arg0' type='tns:projectStatus'/>
  </sequence>
 </complexType>
 <complexType name='getProjectsForStatusResponse'>
  <sequence>
   <element maxOccurs='unbounded' minOccurs='0' name='return' type='tns:project'/>
  </sequence>
 </complexType>
 <complexType name='mockFilter'>
  <complexContent>
   <extension base='tns:filterAdapter'>
    <sequence>
     <element name='filterType' type='int'/>
    </sequence>
   </extension>
  </complexContent>
 </complexType>
 <complexType name='project'>
  <complexContent>
   <extension base='tns:auditableEntity'>
    <sequence>
     <element name='company' type='tns:company'/>
     <element name='active' type='boolean'/>
     <element name='salesTax' type='double'/>
     <element name='pOBoxNumber' type='string'/>
     <element name='paymentTermsId' type='long'/>
     <element name='description' type='string'/>
     <element name='projectStatus' type='tns:projectStatus'/>
     <element name='client' type='tns:client'/>
     <element name='childProjects' nillable='true' type='tns:project'/>
     <element name='parentProjectId' type='long'/>
    </sequence>
   </extension>
  </complexContent>
 </complexType>
 <complexType name='projectStatus'>
  <complexContent>
   <extension base='tns:auditableEntity'>
    <sequence>
     <element name='description' type='string'/>
    </sequence>
   </extension>
  </complexContent>
 </complexType>
 <complexType name='retrieveAllClients'/>
 <complexType name='retrieveAllClientsResponse'>
  <sequence>
   <element maxOccurs='unbounded' minOccurs='0' name='return' type='tns:client'/>
  </sequence>
 </complexType>
 <complexType name='retrieveAllCompanies'/>
 <complexType name='retrieveAllCompaniesResponse'>
  <sequence>
   <element maxOccurs='unbounded' minOccurs='0' name='return' type='tns:company'/>
  </sequence>
 </complexType>
 <complexType name='retrieveAllProjects'/>
 <complexType name='retrieveAllProjectsResponse'>
  <sequence>
   <element maxOccurs='unbounded' minOccurs='0' name='return' type='tns:project'/>
  </sequence>
 </complexType>
 <complexType name='retrieveClient'>
  <sequence>
   <element name='arg0' type='long'/>
  </sequence>
 </complexType>
 <complexType name='retrieveClientResponse'>
  <sequence>
   <element maxOccurs='1' minOccurs='0' name='return' type='tns:client'/>
  </sequence>
 </complexType>
 <complexType name='retrieveCompany'>
  <sequence>
   <element name='arg0' type='long'/>
  </sequence>
 </complexType>
 <complexType name='retrieveCompanyResponse'>
  <sequence>
   <element maxOccurs='1' minOccurs='0' name='return' type='tns:company'/>
  </sequence>
 </complexType>
 <complexType name='retrieveProject'>
  <sequence>
   <element name='arg0' type='long'/>
  </sequence>
 </complexType>
 <complexType name='retrieveProjectResponse'>
  <sequence>
   <element maxOccurs='1' minOccurs='0' name='return' type='tns:project'/>
  </sequence>
 </complexType>
 <complexType name='retrieveProjectsForClient'>
  <sequence>
   <element maxOccurs='1' minOccurs='0' name='arg0' type='tns:client'/>
  </sequence>
 </complexType>
 <complexType name='retrieveProjectsForClientResponse'>
  <sequence>
   <element maxOccurs='unbounded' minOccurs='0' name='return' type='tns:project'/>
  </sequence>
 </complexType>
 <complexType name='searchClientsByName'>
  <sequence>
   <element maxOccurs='1' minOccurs='0' name='arg0' type='string'/>
  </sequence>
 </complexType>
 <complexType name='searchClientsByNameResponse'>
  <sequence>
   <element maxOccurs='unbounded' minOccurs='0' name='return' type='tns:client'/>
  </sequence>
 </complexType>
 <complexType name='searchClientsResponse'>
  <sequence>
   <element maxOccurs='unbounded' minOccurs='0' name='return' type='tns:client'/>
  </sequence>
 </complexType>
 <complexType name='searchCompaniesByName'>
  <sequence>
   <element maxOccurs='1' minOccurs='0' name='arg0' type='string'/>
  </sequence>
 </complexType>
 <complexType name='searchCompaniesByNameResponse'>
  <sequence>
   <element maxOccurs='unbounded' minOccurs='0' name='return' type='tns:company'/>
  </sequence>
 </complexType>
 <complexType name='searchCompaniesResponse'>
  <sequence>
   <element maxOccurs='unbounded' minOccurs='0' name='return' type='tns:company'/>
  </sequence>
 </complexType>
 <complexType name='searchProjectsByName'>
  <sequence>
   <element maxOccurs='1' minOccurs='0' name='arg0' type='string'/>
  </sequence>
 </complexType>
 <complexType name='LookupServiceException'>
  <sequence>
   <element maxOccurs='1' minOccurs='0' name='message' type='string'/>
  </sequence>
 </complexType>
 <complexType name='searchProjectsByNameResponse'>
  <sequence>
   <element maxOccurs='unbounded' minOccurs='0' name='return' type='tns:project'/>
  </sequence>
 </complexType>
 <complexType name='searchProjectsResponse'>
  <sequence>
   <element maxOccurs='unbounded' minOccurs='0' name='return' type='tns:project'/>
  </sequence>
 </complexType>
 <complexType name='searchRequest'>
  <choice>
   <element ref='tns:filter'/>
   <element ref='tns:MockFilter'/>
  </choice>
 </complexType>
 <complexType name='AuthorizationFailedException'>
  <sequence>
   <element maxOccurs='1' minOccurs='0' name='message' type='string'/>
  </sequence>
 </complexType>
 <element name='filter' type='tns:filterAdapter'/>
 <element name='getAllClientStatuses' type='tns:getAllClientStatuses'/>
 <element name='getAllClientStatusesResponse' type='tns:getAllClientStatusesResponse'/>
 <element name='getAllProjectStatuses' type='tns:getAllProjectStatuses'/>
 <element name='getAllProjectStatusesResponse' type='tns:getAllProjectStatusesResponse'/>
 <element name='getClientStatus' type='tns:getClientStatus'/>
 <element name='getClientStatusResponse' type='tns:getClientStatusResponse'/>
 <element name='getClientsForCompany' type='tns:getClientsForCompany'/>
 <element name='getClientsForCompanyResponse' type='tns:getClientsForCompanyResponse'/>
 <element name='getClientsForStatus' type='tns:getClientsForStatus'/>
 <element name='getClientsForStatusResponse' type='tns:getClientsForStatusResponse'/>
 <element name='getProjectStatus' type='tns:getProjectStatus'/>
 <element name='getProjectStatusResponse' type='tns:getProjectStatusResponse'/>
 <element name='getProjectsForCompany' type='tns:getProjectsForCompany'/>
 <element name='getProjectsForCompanyResponse' type='tns:getProjectsForCompanyResponse'/>
 <element name='getProjectsForStatus' type='tns:getProjectsForStatus'/>
 <element name='getProjectsForStatusResponse' type='tns:getProjectsForStatusResponse'/>
 <element name='retrieveAllClients' type='tns:retrieveAllClients'/>
 <element name='retrieveAllClientsResponse' type='tns:retrieveAllClientsResponse'/>
 <element name='retrieveAllCompanies' type='tns:retrieveAllCompanies'/>
 <element name='retrieveAllCompaniesResponse' type='tns:retrieveAllCompaniesResponse'/>
 <element name='retrieveAllProjects' type='tns:retrieveAllProjects'/>
 <element name='retrieveAllProjectsResponse' type='tns:retrieveAllProjectsResponse'/>
 <element name='retrieveClient' type='tns:retrieveClient'/>
 <element name='retrieveClientResponse' type='tns:retrieveClientResponse'/>
 <element name='retrieveCompany' type='tns:retrieveCompany'/>
 <element name='retrieveCompanyResponse' type='tns:retrieveCompanyResponse'/>
 <element name='retrieveProject' type='tns:retrieveProject'/>
 <element name='retrieveProjectResponse' type='tns:retrieveProjectResponse'/>
 <element name='retrieveProjectsForClient' type='tns:retrieveProjectsForClient'/>
 <element name='retrieveProjectsForClientResponse' type='tns:retrieveProjectsForClientResponse'/>
 <element name='searchClientsByName' type='tns:searchClientsByName'/>
 <element name='searchClientsByNameResponse' type='tns:searchClientsByNameResponse'/>
 <element name='searchClientsResponse' type='tns:searchClientsResponse'/>
 <element name='searchCompaniesByName' type='tns:searchCompaniesByName'/>
 <element name='searchCompaniesByNameResponse' type='tns:searchCompaniesByNameResponse'/>
 <element name='AuthorizationFailedException' type='tns:AuthorizationFailedException'/>
 <element name='searchCompaniesResponse' type='tns:searchCompaniesResponse'/>
 <element name='searchProjectsByName' type='tns:searchProjectsByName'/>
 <element name='LookupServiceException' type='tns:LookupServiceException'/>
 <element name='searchProjectsByNameResponse' type='tns:searchProjectsByNameResponse'/>
 <element name='searchProjectsResponse' type='tns:searchProjectsResponse'/>
 <element name='searchRequest' type='tns:searchRequest'/>
 <element name='MockFilter' type='tns:mockFilter'/>
</schema>


ClientEndpointMetaData:
 type=JAXWS
 qname={com.topcoder.clients.webservices.LookupService}LookupServiceBeanPort
 address=http://127.0.0.1:8080/client_project_lookup_services-client_project_lookup_services/LookupServiceBean
 binding=http://schemas.xmlsoap.org/wsdl/soap/http
 seiName=com.topcoder.clients.webservices.LookupService
 configFile=META-INF/standard-jaxws-client-config.xml
 configName=Standard Client
 authMethod=null
 properties={}

OperationMetaData:
 qname={http://webservices.clients.topcoder.com/}retrieveClient
 javaName=retrieveClient
 style=document/literal/WRAPPED
 oneWay=false
 soapAction=
ParameterMetaData:
 xmlName={http://webservices.clients.topcoder.com/}retrieveClient
 partName=retrieveClient
 xmlType={http://webservices.clients.topcoder.com/}retrieveClient
 javaType=com.topcoder.clients.webservices.jaxws.RetrieveClient
 mode=IN
 inHeader=false
 index=0
 wrappedParameters=[[name = arg0, type = long, typeArgs = null, variable = arg0, index = 0]]
ReturnMetaData:
 xmlName={http://webservices.clients.topcoder.com/}retrieveClientResponse
 partName=retrieveClientResponse
 xmlType={http://webservices.clients.topcoder.com/}retrieveClientResponse
 javaType=com.topcoder.clients.webservices.jaxws.RetrieveClientResponse
 mode=OUT
 inHeader=false
 index=-1
 wrappedParameters=[[name = return, type = com.topcoder.clients.model.Client, typeArgs = null, variable = return, index = -1]]
FaultMetaData
 xmlName={http://webservices.clients.topcoder.com/}LookupServiceException
 xmlType={http://webservices.clients.topcoder.com/}LookupServiceException
 javaType=com.topcoder.clients.webservices.LookupServiceException
 faultBean=com.topcoder.clients.webservices.jaxws.LookupServiceExceptionBean
FaultMetaData
 xmlName={http://webservices.clients.topcoder.com/}AuthorizationFailedException
 xmlType={http://webservices.clients.topcoder.com/}AuthorizationFailedException
 javaType=com.topcoder.clients.webservices.beans.AuthorizationFailedException
 faultBean=com.topcoder.clients.webservices.jaxws.AuthorizationFailedExceptionBean

OperationMetaData:
 qname={http://webservices.clients.topcoder.com/}retrieveAllClients
 javaName=retrieveAllClients
 style=document/literal/WRAPPED
 oneWay=false
 soapAction=
ParameterMetaData:
 xmlName={http://webservices.clients.topcoder.com/}retrieveAllClients
 partName=retrieveAllClients
 xmlType={http://webservices.clients.topcoder.com/}retrieveAllClients
 javaType=com.topcoder.clients.webservices.jaxws.RetrieveAllClients
 mode=IN
 inHeader=false
 index=0
 wrappedParameters=[]
ReturnMetaData:
 xmlName={http://webservices.clients.topcoder.com/}retrieveAllClientsResponse
 partName=retrieveAllClientsResponse
 xmlType={http://webservices.clients.topcoder.com/}retrieveAllClientsResponse
 javaType=com.topcoder.clients.webservices.jaxws.RetrieveAllClientsResponse
 mode=OUT
 inHeader=false
 index=-1
 wrappedParameters=[[name = return, type = java.util.List, typeArgs = [com.topcoder.clients.model.Client], variable = return, index = -1]]
FaultMetaData
 xmlName={http://webservices.clients.topcoder.com/}LookupServiceException
 xmlType={http://webservices.clients.topcoder.com/}LookupServiceException
 javaType=com.topcoder.clients.webservices.LookupServiceException
 faultBean=com.topcoder.clients.webservices.jaxws.LookupServiceExceptionBean
FaultMetaData
 xmlName={http://webservices.clients.topcoder.com/}AuthorizationFailedException
 xmlType={http://webservices.clients.topcoder.com/}AuthorizationFailedException
 javaType=com.topcoder.clients.webservices.beans.AuthorizationFailedException
 faultBean=com.topcoder.clients.webservices.jaxws.AuthorizationFailedExceptionBean

OperationMetaData:
 qname={http://webservices.clients.topcoder.com/}searchClientsByName
 javaName=searchClientsByName
 style=document/literal/WRAPPED
 oneWay=false
 soapAction=
ParameterMetaData:
 xmlName={http://webservices.clients.topcoder.com/}searchClientsByName
 partName=searchClientsByName
 xmlType={http://webservices.clients.topcoder.com/}searchClientsByName
 javaType=com.topcoder.clients.webservices.jaxws.SearchClientsByName
 mode=IN
 inHeader=false
 index=0
 wrappedParameters=[[name = arg0, type = java.lang.String, typeArgs = null, variable = arg0, index = 0]]
ReturnMetaData:
 xmlName={http://webservices.clients.topcoder.com/}searchClientsByNameResponse
 partName=searchClientsByNameResponse
 xmlType={http://webservices.clients.topcoder.com/}searchClientsByNameResponse
 javaType=com.topcoder.clients.webservices.jaxws.SearchClientsByNameResponse
 mode=OUT
 inHeader=false
 index=-1
 wrappedParameters=[[name = return, type = java.util.List, typeArgs = [com.topcoder.clients.model.Client], variable = return, index = -1]]
FaultMetaData
 xmlName={http://webservices.clients.topcoder.com/}LookupServiceException
 xmlType={http://webservices.clients.topcoder.com/}LookupServiceException
 javaType=com.topcoder.clients.webservices.LookupServiceException
 faultBean=com.topcoder.clients.webservices.jaxws.LookupServiceExceptionBean
FaultMetaData
 xmlName={http://webservices.clients.topcoder.com/}AuthorizationFailedException
 xmlType={http://webservices.clients.topcoder.com/}AuthorizationFailedException
 javaType=com.topcoder.clients.webservices.beans.AuthorizationFailedException
 faultBean=com.topcoder.clients.webservices.jaxws.AuthorizationFailedExceptionBean

OperationMetaData:
 qname={http://webservices.clients.topcoder.com/}searchClients
 javaName=searchClients
 style=document/literal/WRAPPED
 oneWay=false
 soapAction=
ParameterMetaData:
 xmlName={http://webservices.clients.topcoder.com/}searchRequest
 partName=searchRequest
 xmlType={http://webservices.clients.topcoder.com/}searchClients
 javaType=com.topcoder.clients.webservices.SearchRequest
 mode=IN
 inHeader=false
 index=0
 wrappedParameters=[[name = filter, type = com.topcoder.search.builder.filter.Filter, typeArgs = null, variable = filter, index = 0]]
ReturnMetaData:
 xmlName={http://webservices.clients.topcoder.com/}searchClientsResponse
 partName=searchClientsResponse
 xmlType={http://webservices.clients.topcoder.com/}searchClientsResponse
 javaType=com.topcoder.clients.webservices.jaxws.SearchClientsResponse
 mode=OUT
 inHeader=false
 index=-1
 wrappedParameters=[[name = return, type = java.util.List, typeArgs = [com.topcoder.clients.model.Client], variable = return, index = -1]]
FaultMetaData
 xmlName={http://webservices.clients.topcoder.com/}LookupServiceException
 xmlType={http://webservices.clients.topcoder.com/}LookupServiceException
 javaType=com.topcoder.clients.webservices.LookupServiceException
 faultBean=com.topcoder.clients.webservices.jaxws.LookupServiceExceptionBean
FaultMetaData
 xmlName={http://webservices.clients.topcoder.com/}AuthorizationFailedException
 xmlType={http://webservices.clients.topcoder.com/}AuthorizationFailedException
 javaType=com.topcoder.clients.webservices.beans.AuthorizationFailedException
 faultBean=com.topcoder.clients.webservices.jaxws.AuthorizationFailedExceptionBean

OperationMetaData:
 qname={http://webservices.clients.topcoder.com/}getClientStatus
 javaName=getClientStatus
 style=document/literal/WRAPPED
 oneWay=false
 soapAction=
ParameterMetaData:
 xmlName={http://webservices.clients.topcoder.com/}getClientStatus
 partName=getClientStatus
 xmlType={http://webservices.clients.topcoder.com/}getClientStatus
 javaType=com.topcoder.clients.webservices.jaxws.GetClientStatus
 mode=IN
 inHeader=false
 index=0
 wrappedParameters=[[name = arg0, type = long, typeArgs = null, variable = arg0, index = 0]]
ReturnMetaData:
 xmlName={http://webservices.clients.topcoder.com/}getClientStatusResponse
 partName=getClientStatusResponse
 xmlType={http://webservices.clients.topcoder.com/}getClientStatusResponse
 javaType=com.topcoder.clients.webservices.jaxws.GetClientStatusResponse
 mode=OUT
 inHeader=false
 index=-1
 wrappedParameters=[[name = return, type = com.topcoder.clients.model.ClientStatus, typeArgs = null, variable = return, index = -1]]
FaultMetaData
 xmlName={http://webservices.clients.topcoder.com/}LookupServiceException
 xmlType={http://webservices.clients.topcoder.com/}LookupServiceException
 javaType=com.topcoder.clients.webservices.LookupServiceException
 faultBean=com.topcoder.clients.webservices.jaxws.LookupServiceExceptionBean
FaultMetaData
 xmlName={http://webservices.clients.topcoder.com/}AuthorizationFailedException
 xmlType={http://webservices.clients.topcoder.com/}AuthorizationFailedException
 javaType=com.topcoder.clients.webservices.beans.AuthorizationFailedException
 faultBean=com.topcoder.clients.webservices.jaxws.AuthorizationFailedExceptionBean

OperationMetaData:
 qname={http://webservices.clients.topcoder.com/}getAllClientStatuses
 javaName=getAllClientStatuses
 style=document/literal/WRAPPED
 oneWay=false
 soapAction=
ParameterMetaData:
 xmlName={http://webservices.clients.topcoder.com/}getAllClientStatuses
 partName=getAllClientStatuses
 xmlType={http://webservices.clients.topcoder.com/}getAllClientStatuses
 javaType=com.topcoder.clients.webservices.jaxws.GetAllClientStatuses
 mode=IN
 inHeader=false
 index=0
 wrappedParameters=[]
ReturnMetaData:
 xmlName={http://webservices.clients.topcoder.com/}getAllClientStatusesResponse
 partName=getAllClientStatusesResponse
 xmlType={http://webservices.clients.topcoder.com/}getAllClientStatusesResponse
 javaType=com.topcoder.clients.webservices.jaxws.GetAllClientStatusesResponse
 mode=OUT
 inHeader=false
 index=-1
 wrappedParameters=[[name = return, type = java.util.List, typeArgs = [com.topcoder.clients.model.ClientStatus], variable = return, index = -1]]
FaultMetaData
 xmlName={http://webservices.clients.topcoder.com/}LookupServiceException
 xmlType={http://webservices.clients.topcoder.com/}LookupServiceException
 javaType=com.topcoder.clients.webservices.LookupServiceException
 faultBean=com.topcoder.clients.webservices.jaxws.LookupServiceExceptionBean
FaultMetaData
 xmlName={http://webservices.clients.topcoder.com/}AuthorizationFailedException
 xmlType={http://webservices.clients.topcoder.com/}AuthorizationFailedException
 javaType=com.topcoder.clients.webservices.beans.AuthorizationFailedException
 faultBean=com.topcoder.clients.webservices.jaxws.AuthorizationFailedExceptionBean

OperationMetaData:
 qname={http://webservices.clients.topcoder.com/}getClientsForStatus
 javaName=getClientsForStatus
 style=document/literal/WRAPPED
 oneWay=false
 soapAction=
ParameterMetaData:
 xmlName={http://webservices.clients.topcoder.com/}getClientsForStatus
 partName=getClientsForStatus
 xmlType={http://webservices.clients.topcoder.com/}getClientsForStatus
 javaType=com.topcoder.clients.webservices.jaxws.GetClientsForStatus
 mode=IN
 inHeader=false
 index=0
 wrappedParameters=[[name = arg0, type = com.topcoder.clients.model.ClientStatus, typeArgs = null, variable = arg0, index = 0]]
ReturnMetaData:
 xmlName={http://webservices.clients.topcoder.com/}getClientsForStatusResponse
 partName=getClientsForStatusResponse
 xmlType={http://webservices.clients.topcoder.com/}getClientsForStatusResponse
 javaType=com.topcoder.clients.webservices.jaxws.GetClientsForStatusResponse
 mode=OUT
 inHeader=false
 index=-1
 wrappedParameters=[[name = return, type = java.util.List, typeArgs = [com.topcoder.clients.model.Client], variable = return, index = -1]]
FaultMetaData
 xmlName={http://webservices.clients.topcoder.com/}LookupServiceException
 xmlType={http://webservices.clients.topcoder.com/}LookupServiceException
 javaType=com.topcoder.clients.webservices.LookupServiceException
 faultBean=com.topcoder.clients.webservices.jaxws.LookupServiceExceptionBean
FaultMetaData
 xmlName={http://webservices.clients.topcoder.com/}AuthorizationFailedException
 xmlType={http://webservices.clients.topcoder.com/}AuthorizationFailedException
 javaType=com.topcoder.clients.webservices.beans.AuthorizationFailedException
 faultBean=com.topcoder.clients.webservices.jaxws.AuthorizationFailedExceptionBean

OperationMetaData:
 qname={http://webservices.clients.topcoder.com/}retrieveProject
 javaName=retrieveProject
 style=document/literal/WRAPPED
 oneWay=false
 soapAction=
ParameterMetaData:
 xmlName={http://webservices.clients.topcoder.com/}retrieveProject
 partName=retrieveProject
 xmlType={http://webservices.clients.topcoder.com/}retrieveProject
 javaType=com.topcoder.clients.webservices.jaxws.RetrieveProject
 mode=IN
 inHeader=false
 index=0
 wrappedParameters=[[name = arg0, type = long, typeArgs = null, variable = arg0, index = 0]]
ReturnMetaData:
 xmlName={http://webservices.clients.topcoder.com/}retrieveProjectResponse
 partName=retrieveProjectResponse
 xmlType={http://webservices.clients.topcoder.com/}retrieveProjectResponse
 javaType=com.topcoder.clients.webservices.jaxws.RetrieveProjectResponse
 mode=OUT
 inHeader=false
 index=-1
 wrappedParameters=[[name = return, type = com.topcoder.clients.model.Project, typeArgs = null, variable = return, index = -1]]
FaultMetaData
 xmlName={http://webservices.clients.topcoder.com/}LookupServiceException
 xmlType={http://webservices.clients.topcoder.com/}LookupServiceException
 javaType=com.topcoder.clients.webservices.LookupServiceException
 faultBean=com.topcoder.clients.webservices.jaxws.LookupServiceExceptionBean
FaultMetaData
 xmlName={http://webservices.clients.topcoder.com/}AuthorizationFailedException
 xmlType={http://webservices.clients.topcoder.com/}AuthorizationFailedException
 javaType=com.topcoder.clients.webservices.beans.AuthorizationFailedException
 faultBean=com.topcoder.clients.webservices.jaxws.AuthorizationFailedExceptionBean

OperationMetaData:
 qname={http://webservices.clients.topcoder.com/}retrieveProjectsForClient
 javaName=retrieveProjectsForClient
 style=document/literal/WRAPPED
 oneWay=false
 soapAction=
ParameterMetaData:
 xmlName={http://webservices.clients.topcoder.com/}retrieveProjectsForClient
 partName=retrieveProjectsForClient
 xmlType={http://webservices.clients.topcoder.com/}retrieveProjectsForClient
 javaType=com.topcoder.clients.webservices.jaxws.RetrieveProjectsForClient
 mode=IN
 inHeader=false
 index=0
 wrappedParameters=[[name = arg0, type = com.topcoder.clients.model.Client, typeArgs = null, variable = arg0, index = 0]]
ReturnMetaData:
 xmlName={http://webservices.clients.topcoder.com/}retrieveProjectsForClientResponse
 partName=retrieveProjectsForClientResponse
 xmlType={http://webservices.clients.topcoder.com/}retrieveProjectsForClientResponse
 javaType=com.topcoder.clients.webservices.jaxws.RetrieveProjectsForClientResponse
 mode=OUT
 inHeader=false
 index=-1
 wrappedParameters=[[name = return, type = java.util.List, typeArgs = [com.topcoder.clients.model.Project], variable = return, index = -1]]
FaultMetaData
 xmlName={http://webservices.clients.topcoder.com/}LookupServiceException
 xmlType={http://webservices.clients.topcoder.com/}LookupServiceException
 javaType=com.topcoder.clients.webservices.LookupServiceException
 faultBean=com.topcoder.clients.webservices.jaxws.LookupServiceExceptionBean
FaultMetaData
 xmlName={http://webservices.clients.topcoder.com/}AuthorizationFailedException
 xmlType={http://webservices.clients.topcoder.com/}AuthorizationFailedException
 javaType=com.topcoder.clients.webservices.beans.AuthorizationFailedException
 faultBean=com.topcoder.clients.webservices.jaxws.AuthorizationFailedExceptionBean

OperationMetaData:
 qname={http://webservices.clients.topcoder.com/}retrieveAllProjects
 javaName=retrieveAllProjects
 style=document/literal/WRAPPED
 oneWay=false
 soapAction=
ParameterMetaData:
 xmlName={http://webservices.clients.topcoder.com/}retrieveAllProjects
 partName=retrieveAllProjects
 xmlType={http://webservices.clients.topcoder.com/}retrieveAllProjects
 javaType=com.topcoder.clients.webservices.jaxws.RetrieveAllProjects
 mode=IN
 inHeader=false
 index=0
 wrappedParameters=[]
ReturnMetaData:
 xmlName={http://webservices.clients.topcoder.com/}retrieveAllProjectsResponse
 partName=retrieveAllProjectsResponse
 xmlType={http://webservices.clients.topcoder.com/}retrieveAllProjectsResponse
 javaType=com.topcoder.clients.webservices.jaxws.RetrieveAllProjectsResponse
 mode=OUT
 inHeader=false
 index=-1
 wrappedParameters=[[name = return, type = java.util.List, typeArgs = [com.topcoder.clients.model.Project], variable = return, index = -1]]
FaultMetaData
 xmlName={http://webservices.clients.topcoder.com/}LookupServiceException
 xmlType={http://webservices.clients.topcoder.com/}LookupServiceException
 javaType=com.topcoder.clients.webservices.LookupServiceException
 faultBean=com.topcoder.clients.webservices.jaxws.LookupServiceExceptionBean
FaultMetaData
 xmlName={http://webservices.clients.topcoder.com/}AuthorizationFailedException
 xmlType={http://webservices.clients.topcoder.com/}AuthorizationFailedException
 javaType=com.topcoder.clients.webservices.beans.AuthorizationFailedException
 faultBean=com.topcoder.clients.webservices.jaxws.AuthorizationFailedExceptionBean

OperationMetaData:
 qname={http://webservices.clients.topcoder.com/}searchProjectsByName
 javaName=searchProjectsByName
 style=document/literal/WRAPPED
 oneWay=false
 soapAction=
ParameterMetaData:
 xmlName={http://webservices.clients.topcoder.com/}searchProjectsByName
 partName=searchProjectsByName
 xmlType={http://webservices.clients.topcoder.com/}searchProjectsByName
 javaType=com.topcoder.clients.webservices.jaxws.SearchProjectsByName
 mode=IN
 inHeader=false
 index=0
 wrappedParameters=[[name = arg0, type = java.lang.String, typeArgs = null, variable = arg0, index = 0]]
ReturnMetaData:
 xmlName={http://webservices.clients.topcoder.com/}searchProjectsByNameResponse
 partName=searchProjectsByNameResponse
 xmlType={http://webservices.clients.topcoder.com/}searchProjectsByNameResponse
 javaType=com.topcoder.clients.webservices.jaxws.SearchProjectsByNameResponse
 mode=OUT
 inHeader=false
 index=-1
 wrappedParameters=[[name = return, type = java.util.List, typeArgs = [com.topcoder.clients.model.Project], variable = return, index = -1]]
FaultMetaData
 xmlName={http://webservices.clients.topcoder.com/}LookupServiceException
 xmlType={http://webservices.clients.topcoder.com/}LookupServiceException
 javaType=com.topcoder.clients.webservices.LookupServiceException
 faultBean=com.topcoder.clients.webservices.jaxws.LookupServiceExceptionBean
FaultMetaData
 xmlName={http://webservices.clients.topcoder.com/}AuthorizationFailedException
 xmlType={http://webservices.clients.topcoder.com/}AuthorizationFailedException
 javaType=com.topcoder.clients.webservices.beans.AuthorizationFailedException
 faultBean=com.topcoder.clients.webservices.jaxws.AuthorizationFailedExceptionBean

OperationMetaData:
 qname={http://webservices.clients.topcoder.com/}searchProjects
 javaName=searchProjects
 style=document/literal/WRAPPED
 oneWay=false
 soapAction=
ParameterMetaData:
 xmlName={http://webservices.clients.topcoder.com/}searchRequest
 partName=searchRequest
 xmlType={http://webservices.clients.topcoder.com/}searchProjects
 javaType=com.topcoder.clients.webservices.SearchRequest
 mode=IN
 inHeader=false
 index=0
 wrappedParameters=[[name = filter, type = com.topcoder.search.builder.filter.Filter, typeArgs = null, variable = filter, index = 0]]
ReturnMetaData:
 xmlName={http://webservices.clients.topcoder.com/}searchProjectsResponse
 partName=searchProjectsResponse
 xmlType={http://webservices.clients.topcoder.com/}searchProjectsResponse
 javaType=com.topcoder.clients.webservices.jaxws.SearchProjectsResponse
 mode=OUT
 inHeader=false
 index=-1
 wrappedParameters=[[name = return, type = java.util.List, typeArgs = [com.topcoder.clients.model.Project], variable = return, index = -1]]
FaultMetaData
 xmlName={http://webservices.clients.topcoder.com/}LookupServiceException
 xmlType={http://webservices.clients.topcoder.com/}LookupServiceException
 javaType=com.topcoder.clients.webservices.LookupServiceException
 faultBean=com.topcoder.clients.webservices.jaxws.LookupServiceExceptionBean
FaultMetaData
 xmlName={http://webservices.clients.topcoder.com/}AuthorizationFailedException
 xmlType={http://webservices.clients.topcoder.com/}AuthorizationFailedException
 javaType=com.topcoder.clients.webservices.beans.AuthorizationFailedException
 faultBean=com.topcoder.clients.webservices.jaxws.AuthorizationFailedExceptionBean

OperationMetaData:
 qname={http://webservices.clients.topcoder.com/}getProjectStatus
 javaName=getProjectStatus
 style=document/literal/WRAPPED
 oneWay=false
 soapAction=
ParameterMetaData:
 xmlName={http://webservices.clients.topcoder.com/}getProjectStatus
 partName=getProjectStatus
 xmlType={http://webservices.clients.topcoder.com/}getProjectStatus
 javaType=com.topcoder.clients.webservices.jaxws.GetProjectStatus
 mode=IN
 inHeader=false
 index=0
 wrappedParameters=[[name = arg0, type = long, typeArgs = null, variable = arg0, index = 0]]
ReturnMetaData:
 xmlName={http://webservices.clients.topcoder.com/}getProjectStatusResponse
 partName=getProjectStatusResponse
 xmlType={http://webservices.clients.topcoder.com/}getProjectStatusResponse
 javaType=com.topcoder.clients.webservices.jaxws.GetProjectStatusResponse
 mode=OUT
 inHeader=false
 index=-1
 wrappedParameters=[[name = return, type = com.topcoder.clients.model.ProjectStatus, typeArgs = null, variable = return, index = -1]]
FaultMetaData
 xmlName={http://webservices.clients.topcoder.com/}LookupServiceException
 xmlType={http://webservices.clients.topcoder.com/}LookupServiceException
 javaType=com.topcoder.clients.webservices.LookupServiceException
 faultBean=com.topcoder.clients.webservices.jaxws.LookupServiceExceptionBean
FaultMetaData
 xmlName={http://webservices.clients.topcoder.com/}AuthorizationFailedException
 xmlType={http://webservices.clients.topcoder.com/}AuthorizationFailedException
 javaType=com.topcoder.clients.webservices.beans.AuthorizationFailedException
 faultBean=com.topcoder.clients.webservices.jaxws.AuthorizationFailedExceptionBean

OperationMetaData:
 qname={http://webservices.clients.topcoder.com/}getAllProjectStatuses
 javaName=getAllProjectStatuses
 style=document/literal/WRAPPED
 oneWay=false
 soapAction=
ParameterMetaData:
 xmlName={http://webservices.clients.topcoder.com/}getAllProjectStatuses
 partName=getAllProjectStatuses
 xmlType={http://webservices.clients.topcoder.com/}getAllProjectStatuses
 javaType=com.topcoder.clients.webservices.jaxws.GetAllProjectStatuses
 mode=IN
 inHeader=false
 index=0
 wrappedParameters=[]
ReturnMetaData:
 xmlName={http://webservices.clients.topcoder.com/}getAllProjectStatusesResponse
 partName=getAllProjectStatusesResponse
 xmlType={http://webservices.clients.topcoder.com/}getAllProjectStatusesResponse
 javaType=com.topcoder.clients.webservices.jaxws.GetAllProjectStatusesResponse
 mode=OUT
 inHeader=false
 index=-1
 wrappedParameters=[[name = return, type = java.util.List, typeArgs = [com.topcoder.clients.model.ProjectStatus], variable = return, index = -1]]
FaultMetaData
 xmlName={http://webservices.clients.topcoder.com/}LookupServiceException
 xmlType={http://webservices.clients.topcoder.com/}LookupServiceException
 javaType=com.topcoder.clients.webservices.LookupServiceException
 faultBean=com.topcoder.clients.webservices.jaxws.LookupServiceExceptionBean
FaultMetaData
 xmlName={http://webservices.clients.topcoder.com/}AuthorizationFailedException
 xmlType={http://webservices.clients.topcoder.com/}AuthorizationFailedException
 javaType=com.topcoder.clients.webservices.beans.AuthorizationFailedException
 faultBean=com.topcoder.clients.webservices.jaxws.AuthorizationFailedExceptionBean

OperationMetaData:
 qname={http://webservices.clients.topcoder.com/}getProjectsForStatus
 javaName=getProjectsForStatus
 style=document/literal/WRAPPED
 oneWay=false
 soapAction=
ParameterMetaData:
 xmlName={http://webservices.clients.topcoder.com/}getProjectsForStatus
 partName=getProjectsForStatus
 xmlType={http://webservices.clients.topcoder.com/}getProjectsForStatus
 javaType=com.topcoder.clients.webservices.jaxws.GetProjectsForStatus
 mode=IN
 inHeader=false
 index=0
 wrappedParameters=[[name = arg0, type = com.topcoder.clients.model.ProjectStatus, typeArgs = null, variable = arg0, index = 0]]
ReturnMetaData:
 xmlName={http://webservices.clients.topcoder.com/}getProjectsForStatusResponse
 partName=getProjectsForStatusResponse
 xmlType={http://webservices.clients.topcoder.com/}getProjectsForStatusResponse
 javaType=com.topcoder.clients.webservices.jaxws.GetProjectsForStatusResponse
 mode=OUT
 inHeader=false
 index=-1
 wrappedParameters=[[name = return, type = java.util.List, typeArgs = [com.topcoder.clients.model.Project], variable = return, index = -1]]
FaultMetaData
 xmlName={http://webservices.clients.topcoder.com/}LookupServiceException
 xmlType={http://webservices.clients.topcoder.com/}LookupServiceException
 javaType=com.topcoder.clients.webservices.LookupServiceException
 faultBean=com.topcoder.clients.webservices.jaxws.LookupServiceExceptionBean
FaultMetaData
 xmlName={http://webservices.clients.topcoder.com/}AuthorizationFailedException
 xmlType={http://webservices.clients.topcoder.com/}AuthorizationFailedException
 javaType=com.topcoder.clients.webservices.beans.AuthorizationFailedException
 faultBean=com.topcoder.clients.webservices.jaxws.AuthorizationFailedExceptionBean

OperationMetaData:
 qname={http://webservices.clients.topcoder.com/}retrieveCompany
 javaName=retrieveCompany
 style=document/literal/WRAPPED
 oneWay=false
 soapAction=
ParameterMetaData:
 xmlName={http://webservices.clients.topcoder.com/}retrieveCompany
 partName=retrieveCompany
 xmlType={http://webservices.clients.topcoder.com/}retrieveCompany
 javaType=com.topcoder.clients.webservices.jaxws.RetrieveCompany
 mode=IN
 inHeader=false
 index=0
 wrappedParameters=[[name = arg0, type = long, typeArgs = null, variable = arg0, index = 0]]
ReturnMetaData:
 xmlName={http://webservices.clients.topcoder.com/}retrieveCompanyResponse
 partName=retrieveCompanyResponse
 xmlType={http://webservices.clients.topcoder.com/}retrieveCompanyResponse
 javaType=com.topcoder.clients.webservices.jaxws.RetrieveCompanyResponse
 mode=OUT
 inHeader=false
 index=-1
 wrappedParameters=[[name = return, type = com.topcoder.clients.model.Company, typeArgs = null, variable = return, index = -1]]
FaultMetaData
 xmlName={http://webservices.clients.topcoder.com/}LookupServiceException
 xmlType={http://webservices.clients.topcoder.com/}LookupServiceException
 javaType=com.topcoder.clients.webservices.LookupServiceException
 faultBean=com.topcoder.clients.webservices.jaxws.LookupServiceExceptionBean
FaultMetaData
 xmlName={http://webservices.clients.topcoder.com/}AuthorizationFailedException
 xmlType={http://webservices.clients.topcoder.com/}AuthorizationFailedException
 javaType=com.topcoder.clients.webservices.beans.AuthorizationFailedException
 faultBean=com.topcoder.clients.webservices.jaxws.AuthorizationFailedExceptionBean

OperationMetaData:
 qname={http://webservices.clients.topcoder.com/}retrieveAllCompanies
 javaName=retrieveAllCompanies
 style=document/literal/WRAPPED
 oneWay=false
 soapAction=
ParameterMetaData:
 xmlName={http://webservices.clients.topcoder.com/}retrieveAllCompanies
 partName=retrieveAllCompanies
 xmlType={http://webservices.clients.topcoder.com/}retrieveAllCompanies
 javaType=com.topcoder.clients.webservices.jaxws.RetrieveAllCompanies
 mode=IN
 inHeader=false
 index=0
 wrappedParameters=[]
ReturnMetaData:
 xmlName={http://webservices.clients.topcoder.com/}retrieveAllCompaniesResponse
 partName=retrieveAllCompaniesResponse
 xmlType={http://webservices.clients.topcoder.com/}retrieveAllCompaniesResponse
 javaType=com.topcoder.clients.webservices.jaxws.RetrieveAllCompaniesResponse
 mode=OUT
 inHeader=false
 index=-1
 wrappedParameters=[[name = return, type = java.util.List, typeArgs = [com.topcoder.clients.model.Company], variable = return, index = -1]]
FaultMetaData
 xmlName={http://webservices.clients.topcoder.com/}LookupServiceException
 xmlType={http://webservices.clients.topcoder.com/}LookupServiceException
 javaType=com.topcoder.clients.webservices.LookupServiceException
 faultBean=com.topcoder.clients.webservices.jaxws.LookupServiceExceptionBean
FaultMetaData
 xmlName={http://webservices.clients.topcoder.com/}AuthorizationFailedException
 xmlType={http://webservices.clients.topcoder.com/}AuthorizationFailedException
 javaType=com.topcoder.clients.webservices.beans.AuthorizationFailedException
 faultBean=com.topcoder.clients.webservices.jaxws.AuthorizationFailedExceptionBean

OperationMetaData:
 qname={http://webservices.clients.topcoder.com/}searchCompaniesByName
 javaName=searchCompaniesByName
 style=document/literal/WRAPPED
 oneWay=false
 soapAction=
ParameterMetaData:
 xmlName={http://webservices.clients.topcoder.com/}searchCompaniesByName
 partName=searchCompaniesByName
 xmlType={http://webservices.clients.topcoder.com/}searchCompaniesByName
 javaType=com.topcoder.clients.webservices.jaxws.SearchCompaniesByName
 mode=IN
 inHeader=false
 index=0
 wrappedParameters=[[name = arg0, type = java.lang.String, typeArgs = null, variable = arg0, index = 0]]
ReturnMetaData:
 xmlName={http://webservices.clients.topcoder.com/}searchCompaniesByNameResponse
 partName=searchCompaniesByNameResponse
 xmlType={http://webservices.clients.topcoder.com/}searchCompaniesByNameResponse
 javaType=com.topcoder.clients.webservices.jaxws.SearchCompaniesByNameResponse
 mode=OUT
 inHeader=false
 index=-1
 wrappedParameters=[[name = return, type = java.util.List, typeArgs = [com.topcoder.clients.model.Company], variable = return, index = -1]]
FaultMetaData
 xmlName={http://webservices.clients.topcoder.com/}LookupServiceException
 xmlType={http://webservices.clients.topcoder.com/}LookupServiceException
 javaType=com.topcoder.clients.webservices.LookupServiceException
 faultBean=com.topcoder.clients.webservices.jaxws.LookupServiceExceptionBean
FaultMetaData
 xmlName={http://webservices.clients.topcoder.com/}AuthorizationFailedException
 xmlType={http://webservices.clients.topcoder.com/}AuthorizationFailedException
 javaType=com.topcoder.clients.webservices.beans.AuthorizationFailedException
 faultBean=com.topcoder.clients.webservices.jaxws.AuthorizationFailedExceptionBean

OperationMetaData:
 qname={http://webservices.clients.topcoder.com/}searchCompanies
 javaName=searchCompanies
 style=document/literal/WRAPPED
 oneWay=false
 soapAction=
ParameterMetaData:
 xmlName={http://webservices.clients.topcoder.com/}searchRequest
 partName=searchRequest
 xmlType={http://webservices.clients.topcoder.com/}searchCompanies
 javaType=com.topcoder.clients.webservices.SearchRequest
 mode=IN
 inHeader=false
 index=0
 wrappedParameters=[[name = filter, type = com.topcoder.search.builder.filter.Filter, typeArgs = null, variable = filter, index = 0]]
ReturnMetaData:
 xmlName={http://webservices.clients.topcoder.com/}searchCompaniesResponse
 partName=searchCompaniesResponse
 xmlType={http://webservices.clients.topcoder.com/}searchCompaniesResponse
 javaType=com.topcoder.clients.webservices.jaxws.SearchCompaniesResponse
 mode=OUT
 inHeader=false
 index=-1
 wrappedParameters=[[name = return, type = java.util.List, typeArgs = [com.topcoder.clients.model.Company], variable = return, index = -1]]
FaultMetaData
 xmlName={http://webservices.clients.topcoder.com/}LookupServiceException
 xmlType={http://webservices.clients.topcoder.com/}LookupServiceException
 javaType=com.topcoder.clients.webservices.LookupServiceException
 faultBean=com.topcoder.clients.webservices.jaxws.LookupServiceExceptionBean
FaultMetaData
 xmlName={http://webservices.clients.topcoder.com/}AuthorizationFailedException
 xmlType={http://webservices.clients.topcoder.com/}AuthorizationFailedException
 javaType=com.topcoder.clients.webservices.beans.AuthorizationFailedException
 faultBean=com.topcoder.clients.webservices.jaxws.AuthorizationFailedExceptionBean

OperationMetaData:
 qname={http://webservices.clients.topcoder.com/}getClientsForCompany
 javaName=getClientsForCompany
 style=document/literal/WRAPPED
 oneWay=false
 soapAction=
ParameterMetaData:
 xmlName={http://webservices.clients.topcoder.com/}getClientsForCompany
 partName=getClientsForCompany
 xmlType={http://webservices.clients.topcoder.com/}getClientsForCompany
 javaType=com.topcoder.clients.webservices.jaxws.GetClientsForCompany
 mode=IN
 inHeader=false
 index=0
 wrappedParameters=[[name = arg0, type = com.topcoder.clients.model.Company, typeArgs = null, variable = arg0, index = 0]]
ReturnMetaData:
 xmlName={http://webservices.clients.topcoder.com/}getClientsForCompanyResponse
 partName=getClientsForCompanyResponse
 xmlType={http://webservices.clients.topcoder.com/}getClientsForCompanyResponse
 javaType=com.topcoder.clients.webservices.jaxws.GetClientsForCompanyResponse
 mode=OUT
 inHeader=false
 index=-1
 wrappedParameters=[[name = return, type = java.util.List, typeArgs = [com.topcoder.clients.model.Client], variable = return, index = -1]]
FaultMetaData
 xmlName={http://webservices.clients.topcoder.com/}LookupServiceException
 xmlType={http://webservices.clients.topcoder.com/}LookupServiceException
 javaType=com.topcoder.clients.webservices.LookupServiceException
 faultBean=com.topcoder.clients.webservices.jaxws.LookupServiceExceptionBean
FaultMetaData
 xmlName={http://webservices.clients.topcoder.com/}AuthorizationFailedException
 xmlType={http://webservices.clients.topcoder.com/}AuthorizationFailedException
 javaType=com.topcoder.clients.webservices.beans.AuthorizationFailedException
 faultBean=com.topcoder.clients.webservices.jaxws.AuthorizationFailedExceptionBean

OperationMetaData:
 qname={http://webservices.clients.topcoder.com/}getProjectsForCompany
 javaName=getProjectsForCompany
 style=document/literal/WRAPPED
 oneWay=false
 soapAction=
ParameterMetaData:
 xmlName={http://webservices.clients.topcoder.com/}getProjectsForCompany
 partName=getProjectsForCompany
 xmlType={http://webservices.clients.topcoder.com/}getProjectsForCompany
 javaType=com.topcoder.clients.webservices.jaxws.GetProjectsForCompany
 mode=IN
 inHeader=false
 index=0
 wrappedParameters=[[name = arg0, type = com.topcoder.clients.model.Company, typeArgs = null, variable = arg0, index = 0]]
ReturnMetaData:
 xmlName={http://webservices.clients.topcoder.com/}getProjectsForCompanyResponse
 partName=getProjectsForCompanyResponse
 xmlType={http://webservices.clients.topcoder.com/}getProjectsForCompanyResponse
 javaType=com.topcoder.clients.webservices.jaxws.GetProjectsForCompanyResponse
 mode=OUT
 inHeader=false
 index=-1
 wrappedParameters=[[name = return, type = java.util.List, typeArgs = [com.topcoder.clients.model.Project], variable = return, index = -1]]
FaultMetaData
 xmlName={http://webservices.clients.topcoder.com/}LookupServiceException
 xmlType={http://webservices.clients.topcoder.com/}LookupServiceException
 javaType=com.topcoder.clients.webservices.LookupServiceException
 faultBean=com.topcoder.clients.webservices.jaxws.LookupServiceExceptionBean
FaultMetaData
 xmlName={http://webservices.clients.topcoder.com/}AuthorizationFailedException
 xmlType={http://webservices.clients.topcoder.com/}AuthorizationFailedException
 javaType=com.topcoder.clients.webservices.beans.AuthorizationFailedException
 faultBean=com.topcoder.clients.webservices.jaxws.AuthorizationFailedExceptionBean
DEBUG [main] (EndpointMetaData.java:622) - Configure SOAPBinding
DEBUG [main] (HandlerResolverImpl.java:125) - initHandlerChain: PRE
DEBUG [main] (HandlerResolverImpl.java:125) - initHandlerChain: ENDPOINT
DEBUG [main] (HandlerResolverImpl.java:125) - initHandlerChain: POST
DEBUG [main] (HandlerResolverImpl.java:99) - getHandlerChain: [type=PRE,info=[service={com.topcoder.clients.webservices.LookupService}LookupService,port={com.topcoder.clients.webservices.LookupService}LookupServiceBeanPort,binding=http://schemas.xmlsoap.org/wsdl/soap/http]]
DEBUG [main] (HandlerResolverImpl.java:99) - getHandlerChain: [type=POST,info=[service={com.topcoder.clients.webservices.LookupService}LookupService,port={com.topcoder.clients.webservices.LookupService}LookupServiceBeanPort,binding=http://schemas.xmlsoap.org/wsdl/soap/http]]
DEBUG [main] (HandlerResolverImpl.java:99) - getHandlerChain: [type=ENDPOINT,info=[service={com.topcoder.clients.webservices.LookupService}LookupService,port={com.topcoder.clients.webservices.LookupService}LookupServiceBeanPort,binding=http://schemas.xmlsoap.org/wsdl/soap/http]]
DEBUG [main] (BindingImpl.java:94) - setHandlerChain: []
DEBUG [main] (ServiceDelegateImpl.java:425) - No port configuration for: {com.topcoder.clients.webservices.LookupService}LookupServiceBeanPort
DEBUG [main] (JAXWSClientMetaDataBuilder.java:76) - START buildMetaData: [service={com.topcoder.clients.webservices.ProjectStatusService}ProjectStatusService]
DEBUG [main] (WSDLDefinitionsFactory.java:102) - parse: http://127.0.0.1:8080/client_project_lookup_services-client_project_lookup_services/ProjectStatusServiceBean?wsdl
DEBUG [main] (JBossWSEntityResolver.java:64) - resolveEntity: [pub=http://127.0.0.1:8080/client_project_lookup_services-client_project_lookup_services/ProjectStatusServiceBean?wsdl&resource=ProjectStatusService_PortType52874.wsdl,sysid=http://127.0.0.1:8080/client_project_lookup_services-client_project_lookup_services/ProjectStatusServiceBean?wsdl&resource=ProjectStatusService_PortType52874.wsdl]
DEBUG [main] (DefaultSPIProvider.java:68) - provide SPI 'class org.jboss.wsf.spi.management.ServerConfigFactory'
DEBUG [main] (JavaToXSD.java:175) - Load schema: http://webservices.clients.topcoder.com/=file:/C:/DOCUME~1/user/LOCALS~1/Temp/JBossWS_webservices.clients.topcoder.com_20830.xsd
DEBUG [main] (JBossWSEntityResolver.java:64) - resolveEntity: [pub=null,sysid=file:/C:/DOCUME~1/user/LOCALS~1/Temp/JBossWS_webservices.clients.topcoder.com_20830.xsd]
DEBUG [main] (JBossWSEntityResolver.java:64) - resolveEntity: [pub=http://schemas.xmlsoap.org/soap/encoding/,sysid=null]
DEBUG [main] (EndpointMetaData.java:297) - Using default parameter style: WRAPPED
DEBUG [main] (JAXWSClientMetaDataBuilder.java:101) - END buildMetaData: 
UnifiedMetaData: 
 implementation: jbossws-native-2.0.1.SP2 (build=200710210837)
 deploymentName: null
 securityDomain: null

ServiceMetaData:
 qname={com.topcoder.clients.webservices.ProjectStatusService}ProjectStatusService
 refName=null
 wsdName=null
 wsdlFile=null
 wsdlLocation=http://127.0.0.1:8080/client_project_lookup_services-client_project_lookup_services/ProjectStatusServiceBean?wsdl
 jaxrpcMapping=null
 publishLocation=null
 securityConfig=null
 properties=null

TypesMetaData: 
<schema targetNamespace='http://webservices.clients.topcoder.com/' xmlns='http://www.w3.org/2001/XMLSchema' xmlns:soap11-enc='http://schemas.xmlsoap.org/soap/encoding/' xmlns:tns='http://webservices.clients.topcoder.com/' xmlns:xsi='http://www.w3.org/2001/XMLSchema-instance'>
 <complexType name='auditableEntity'>
  <sequence>
   <element name='id' type='long'/>
   <element maxOccurs='1' minOccurs='0' name='createUsername' type='string'/>
   <element maxOccurs='1' minOccurs='0' name='createDate' type='dateTime'/>
   <element maxOccurs='1' minOccurs='0' name='modifyUsername' type='string'/>
   <element maxOccurs='1' minOccurs='0' name='modifyDate' type='dateTime'/>
   <element maxOccurs='1' minOccurs='0' name='name' type='string'/>
   <element name='deleted' type='boolean'/>
  </sequence>
 </complexType>
 <complexType name='createProjectStatus'>
  <sequence>
   <element maxOccurs='1' minOccurs='0' name='arg0' type='tns:projectStatus'/>
  </sequence>
 </complexType>
 <complexType name='createProjectStatusResponse'>
  <sequence>
   <element maxOccurs='1' minOccurs='0' name='return' type='tns:projectStatus'/>
  </sequence>
 </complexType>
 <complexType name='deleteProjectStatus'>
  <sequence>
   <element maxOccurs='1' minOccurs='0' name='arg0' type='tns:projectStatus'/>
  </sequence>
 </complexType>
 <complexType name='deleteProjectStatusResponse'>
  <sequence>
   <element maxOccurs='1' minOccurs='0' name='return' type='tns:projectStatus'/>
  </sequence>
 </complexType>
 <complexType name='projectStatus'>
  <complexContent>
   <extension base='tns:auditableEntity'>
    <sequence>
     <element name='description' type='string'/>
    </sequence>
   </extension>
  </complexContent>
 </complexType>
 <complexType name='updateProjectStatus'>
  <sequence>
   <element maxOccurs='1' minOccurs='0' name='arg0' type='tns:projectStatus'/>
  </sequence>
 </complexType>
 <complexType name='ProjectStatusServiceException'>
  <sequence>
   <element maxOccurs='1' minOccurs='0' name='message' type='string'/>
  </sequence>
 </complexType>
 <complexType name='updateProjectStatusResponse'>
  <sequence>
   <element maxOccurs='1' minOccurs='0' name='return' type='tns:projectStatus'/>
  </sequence>
 </complexType>
 <element name='createProjectStatus' type='tns:createProjectStatus'/>
 <element name='createProjectStatusResponse' type='tns:createProjectStatusResponse'/>
 <element name='deleteProjectStatus' type='tns:deleteProjectStatus'/>
 <element name='deleteProjectStatusResponse' type='tns:deleteProjectStatusResponse'/>
 <element name='updateProjectStatus' type='tns:updateProjectStatus'/>
 <element name='ProjectStatusServiceException' type='tns:ProjectStatusServiceException'/>
 <element name='updateProjectStatusResponse' type='tns:updateProjectStatusResponse'/>
</schema>


ClientEndpointMetaData:
 type=JAXWS
 qname={com.topcoder.clients.webservices.ProjectStatusService}ProjectStatusServiceBeanPort
 address=http://127.0.0.1:8080/client_project_lookup_services-client_project_lookup_services/ProjectStatusServiceBean
 binding=http://schemas.xmlsoap.org/wsdl/soap/http
 seiName=null
 configFile=META-INF/standard-jaxws-client-config.xml
 configName=Standard Client
 authMethod=null
 properties={}

OperationMetaData:
 qname={http://webservices.clients.topcoder.com/}createProjectStatus
 javaName={http://webservices.clients.topcoder.com/}createProjectStatus
 style=document/literal/WRAPPED
 oneWay=false
 soapAction=

OperationMetaData:
 qname={http://webservices.clients.topcoder.com/}deleteProjectStatus
 javaName={http://webservices.clients.topcoder.com/}deleteProjectStatus
 style=document/literal/WRAPPED
 oneWay=false
 soapAction=

OperationMetaData:
 qname={http://webservices.clients.topcoder.com/}updateProjectStatus
 javaName={http://webservices.clients.topcoder.com/}updateProjectStatus
 style=document/literal/WRAPPED
 oneWay=false
 soapAction=
DEBUG [main] (JAXWSClientMetaDataBuilder.java:76) - START buildMetaData: [service={com.topcoder.clients.webservices.ProjectStatusService}ProjectStatusService]
DEBUG [main] (WSDLDefinitionsFactory.java:102) - parse: http://127.0.0.1:8080/client_project_lookup_services-client_project_lookup_services/ProjectStatusServiceBean?wsdl
DEBUG [main] (JBossWSEntityResolver.java:64) - resolveEntity: [pub=http://127.0.0.1:8080/client_project_lookup_services-client_project_lookup_services/ProjectStatusServiceBean?wsdl&resource=ProjectStatusService_PortType52874.wsdl,sysid=http://127.0.0.1:8080/client_project_lookup_services-client_project_lookup_services/ProjectStatusServiceBean?wsdl&resource=ProjectStatusService_PortType52874.wsdl]
DEBUG [main] (DefaultSPIProvider.java:68) - provide SPI 'class org.jboss.wsf.spi.management.ServerConfigFactory'
DEBUG [main] (JavaToXSD.java:175) - Load schema: http://webservices.clients.topcoder.com/=file:/C:/DOCUME~1/user/LOCALS~1/Temp/JBossWS_webservices.clients.topcoder.com_20831.xsd
DEBUG [main] (JBossWSEntityResolver.java:64) - resolveEntity: [pub=null,sysid=file:/C:/DOCUME~1/user/LOCALS~1/Temp/JBossWS_webservices.clients.topcoder.com_20831.xsd]
DEBUG [main] (JBossWSEntityResolver.java:64) - resolveEntity: [pub=http://schemas.xmlsoap.org/soap/encoding/,sysid=null]
DEBUG [main] (EndpointMetaData.java:297) - Using default parameter style: WRAPPED
DEBUG [main] (JAXWSClientMetaDataBuilder.java:101) - END buildMetaData: 
UnifiedMetaData: 
 implementation: jbossws-native-2.0.1.SP2 (build=200710210837)
 deploymentName: null
 securityDomain: null

ServiceMetaData:
 qname={com.topcoder.clients.webservices.ProjectStatusService}ProjectStatusService
 refName=null
 wsdName=null
 wsdlFile=null
 wsdlLocation=http://127.0.0.1:8080/client_project_lookup_services-client_project_lookup_services/ProjectStatusServiceBean?wsdl
 jaxrpcMapping=null
 publishLocation=null
 securityConfig=null
 properties=null

TypesMetaData: 
<schema targetNamespace='http://webservices.clients.topcoder.com/' xmlns='http://www.w3.org/2001/XMLSchema' xmlns:soap11-enc='http://schemas.xmlsoap.org/soap/encoding/' xmlns:tns='http://webservices.clients.topcoder.com/' xmlns:xsi='http://www.w3.org/2001/XMLSchema-instance'>
 <complexType name='auditableEntity'>
  <sequence>
   <element name='id' type='long'/>
   <element maxOccurs='1' minOccurs='0' name='createUsername' type='string'/>
   <element maxOccurs='1' minOccurs='0' name='createDate' type='dateTime'/>
   <element maxOccurs='1' minOccurs='0' name='modifyUsername' type='string'/>
   <element maxOccurs='1' minOccurs='0' name='modifyDate' type='dateTime'/>
   <element maxOccurs='1' minOccurs='0' name='name' type='string'/>
   <element name='deleted' type='boolean'/>
  </sequence>
 </complexType>
 <complexType name='createProjectStatus'>
  <sequence>
   <element maxOccurs='1' minOccurs='0' name='arg0' type='tns:projectStatus'/>
  </sequence>
 </complexType>
 <complexType name='createProjectStatusResponse'>
  <sequence>
   <element maxOccurs='1' minOccurs='0' name='return' type='tns:projectStatus'/>
  </sequence>
 </complexType>
 <complexType name='deleteProjectStatus'>
  <sequence>
   <element maxOccurs='1' minOccurs='0' name='arg0' type='tns:projectStatus'/>
  </sequence>
 </complexType>
 <complexType name='deleteProjectStatusResponse'>
  <sequence>
   <element maxOccurs='1' minOccurs='0' name='return' type='tns:projectStatus'/>
  </sequence>
 </complexType>
 <complexType name='projectStatus'>
  <complexContent>
   <extension base='tns:auditableEntity'>
    <sequence>
     <element name='description' type='string'/>
    </sequence>
   </extension>
  </complexContent>
 </complexType>
 <complexType name='updateProjectStatus'>
  <sequence>
   <element maxOccurs='1' minOccurs='0' name='arg0' type='tns:projectStatus'/>
  </sequence>
 </complexType>
 <complexType name='ProjectStatusServiceException'>
  <sequence>
   <element maxOccurs='1' minOccurs='0' name='message' type='string'/>
  </sequence>
 </complexType>
 <complexType name='updateProjectStatusResponse'>
  <sequence>
   <element maxOccurs='1' minOccurs='0' name='return' type='tns:projectStatus'/>
  </sequence>
 </complexType>
 <element name='createProjectStatus' type='tns:createProjectStatus'/>
 <element name='createProjectStatusResponse' type='tns:createProjectStatusResponse'/>
 <element name='deleteProjectStatus' type='tns:deleteProjectStatus'/>
 <element name='deleteProjectStatusResponse' type='tns:deleteProjectStatusResponse'/>
 <element name='updateProjectStatus' type='tns:updateProjectStatus'/>
 <element name='ProjectStatusServiceException' type='tns:ProjectStatusServiceException'/>
 <element name='updateProjectStatusResponse' type='tns:updateProjectStatusResponse'/>
</schema>


ClientEndpointMetaData:
 type=JAXWS
 qname={com.topcoder.clients.webservices.ProjectStatusService}ProjectStatusServiceBeanPort
 address=http://127.0.0.1:8080/client_project_lookup_services-client_project_lookup_services/ProjectStatusServiceBean
 binding=http://schemas.xmlsoap.org/wsdl/soap/http
 seiName=null
 configFile=META-INF/standard-jaxws-client-config.xml
 configName=Standard Client
 authMethod=null
 properties={}

OperationMetaData:
 qname={http://webservices.clients.topcoder.com/}createProjectStatus
 javaName={http://webservices.clients.topcoder.com/}createProjectStatus
 style=document/literal/WRAPPED
 oneWay=false
 soapAction=

OperationMetaData:
 qname={http://webservices.clients.topcoder.com/}deleteProjectStatus
 javaName={http://webservices.clients.topcoder.com/}deleteProjectStatus
 style=document/literal/WRAPPED
 oneWay=false
 soapAction=

OperationMetaData:
 qname={http://webservices.clients.topcoder.com/}updateProjectStatus
 javaName={http://webservices.clients.topcoder.com/}updateProjectStatus
 style=document/literal/WRAPPED
 oneWay=false
 soapAction=
DEBUG [main] (JAXWSClientMetaDataBuilder.java:76) - START buildMetaData: [service={com.topcoder.clients.webservices.ProjectStatusService}ProjectStatusService]
DEBUG [main] (WSDLDefinitionsFactory.java:102) - parse: http://127.0.0.1:8080/client_project_lookup_services-client_project_lookup_services/ProjectStatusServiceBean?wsdl
DEBUG [main] (JBossWSEntityResolver.java:64) - resolveEntity: [pub=http://127.0.0.1:8080/client_project_lookup_services-client_project_lookup_services/ProjectStatusServiceBean?wsdl&resource=ProjectStatusService_PortType52874.wsdl,sysid=http://127.0.0.1:8080/client_project_lookup_services-client_project_lookup_services/ProjectStatusServiceBean?wsdl&resource=ProjectStatusService_PortType52874.wsdl]
DEBUG [main] (DefaultSPIProvider.java:68) - provide SPI 'class org.jboss.wsf.spi.management.ServerConfigFactory'
DEBUG [main] (JavaToXSD.java:175) - Load schema: http://webservices.clients.topcoder.com/=file:/C:/DOCUME~1/user/LOCALS~1/Temp/JBossWS_webservices.clients.topcoder.com_20832.xsd
DEBUG [main] (JBossWSEntityResolver.java:64) - resolveEntity: [pub=null,sysid=file:/C:/DOCUME~1/user/LOCALS~1/Temp/JBossWS_webservices.clients.topcoder.com_20832.xsd]
DEBUG [main] (JBossWSEntityResolver.java:64) - resolveEntity: [pub=http://schemas.xmlsoap.org/soap/encoding/,sysid=null]
DEBUG [main] (EndpointMetaData.java:297) - Using default parameter style: WRAPPED
DEBUG [main] (JAXWSClientMetaDataBuilder.java:101) - END buildMetaData: 
UnifiedMetaData: 
 implementation: jbossws-native-2.0.1.SP2 (build=200710210837)
 deploymentName: null
 securityDomain: null

ServiceMetaData:
 qname={com.topcoder.clients.webservices.ProjectStatusService}ProjectStatusService
 refName=null
 wsdName=null
 wsdlFile=null
 wsdlLocation=http://127.0.0.1:8080/client_project_lookup_services-client_project_lookup_services/ProjectStatusServiceBean?wsdl
 jaxrpcMapping=null
 publishLocation=null
 securityConfig=null
 properties=null

TypesMetaData: 
<schema targetNamespace='http://webservices.clients.topcoder.com/' xmlns='http://www.w3.org/2001/XMLSchema' xmlns:soap11-enc='http://schemas.xmlsoap.org/soap/encoding/' xmlns:tns='http://webservices.clients.topcoder.com/' xmlns:xsi='http://www.w3.org/2001/XMLSchema-instance'>
 <complexType name='auditableEntity'>
  <sequence>
   <element name='id' type='long'/>
   <element maxOccurs='1' minOccurs='0' name='createUsername' type='string'/>
   <element maxOccurs='1' minOccurs='0' name='createDate' type='dateTime'/>
   <element maxOccurs='1' minOccurs='0' name='modifyUsername' type='string'/>
   <element maxOccurs='1' minOccurs='0' name='modifyDate' type='dateTime'/>
   <element maxOccurs='1' minOccurs='0' name='name' type='string'/>
   <element name='deleted' type='boolean'/>
  </sequence>
 </complexType>
 <complexType name='createProjectStatus'>
  <sequence>
   <element maxOccurs='1' minOccurs='0' name='arg0' type='tns:projectStatus'/>
  </sequence>
 </complexType>
 <complexType name='createProjectStatusResponse'>
  <sequence>
   <element maxOccurs='1' minOccurs='0' name='return' type='tns:projectStatus'/>
  </sequence>
 </complexType>
 <complexType name='deleteProjectStatus'>
  <sequence>
   <element maxOccurs='1' minOccurs='0' name='arg0' type='tns:projectStatus'/>
  </sequence>
 </complexType>
 <complexType name='deleteProjectStatusResponse'>
  <sequence>
   <element maxOccurs='1' minOccurs='0' name='return' type='tns:projectStatus'/>
  </sequence>
 </complexType>
 <complexType name='projectStatus'>
  <complexContent>
   <extension base='tns:auditableEntity'>
    <sequence>
     <element name='description' type='string'/>
    </sequence>
   </extension>
  </complexContent>
 </complexType>
 <complexType name='updateProjectStatus'>
  <sequence>
   <element maxOccurs='1' minOccurs='0' name='arg0' type='tns:projectStatus'/>
  </sequence>
 </complexType>
 <complexType name='ProjectStatusServiceException'>
  <sequence>
   <element maxOccurs='1' minOccurs='0' name='message' type='string'/>
  </sequence>
 </complexType>
 <complexType name='updateProjectStatusResponse'>
  <sequence>
   <element maxOccurs='1' minOccurs='0' name='return' type='tns:projectStatus'/>
  </sequence>
 </complexType>
 <element name='createProjectStatus' type='tns:createProjectStatus'/>
 <element name='createProjectStatusResponse' type='tns:createProjectStatusResponse'/>
 <element name='deleteProjectStatus' type='tns:deleteProjectStatus'/>
 <element name='deleteProjectStatusResponse' type='tns:deleteProjectStatusResponse'/>
 <element name='updateProjectStatus' type='tns:updateProjectStatus'/>
 <element name='ProjectStatusServiceException' type='tns:ProjectStatusServiceException'/>
 <element name='updateProjectStatusResponse' type='tns:updateProjectStatusResponse'/>
</schema>


ClientEndpointMetaData:
 type=JAXWS
 qname={com.topcoder.clients.webservices.ProjectStatusService}ProjectStatusServiceBeanPort
 address=http://127.0.0.1:8080/client_project_lookup_services-client_project_lookup_services/ProjectStatusServiceBean
 binding=http://schemas.xmlsoap.org/wsdl/soap/http
 seiName=null
 configFile=META-INF/standard-jaxws-client-config.xml
 configName=Standard Client
 authMethod=null
 properties={}

OperationMetaData:
 qname={http://webservices.clients.topcoder.com/}createProjectStatus
 javaName={http://webservices.clients.topcoder.com/}createProjectStatus
 style=document/literal/WRAPPED
 oneWay=false
 soapAction=

OperationMetaData:
 qname={http://webservices.clients.topcoder.com/}deleteProjectStatus
 javaName={http://webservices.clients.topcoder.com/}deleteProjectStatus
 style=document/literal/WRAPPED
 oneWay=false
 soapAction=

OperationMetaData:
 qname={http://webservices.clients.topcoder.com/}updateProjectStatus
 javaName={http://webservices.clients.topcoder.com/}updateProjectStatus
 style=document/literal/WRAPPED
 oneWay=false
 soapAction=
DEBUG [main] (JAXWSClientMetaDataBuilder.java:76) - START buildMetaData: [service={com.topcoder.clients.webservices.ProjectStatusService}ProjectStatusService]
DEBUG [main] (WSDLDefinitionsFactory.java:102) - parse: http://127.0.0.1:8080/client_project_lookup_services-client_project_lookup_services/ProjectStatusServiceBean?wsdl
DEBUG [main] (JBossWSEntityResolver.java:64) - resolveEntity: [pub=http://127.0.0.1:8080/client_project_lookup_services-client_project_lookup_services/ProjectStatusServiceBean?wsdl&resource=ProjectStatusService_PortType52874.wsdl,sysid=http://127.0.0.1:8080/client_project_lookup_services-client_project_lookup_services/ProjectStatusServiceBean?wsdl&resource=ProjectStatusService_PortType52874.wsdl]
DEBUG [main] (DefaultSPIProvider.java:68) - provide SPI 'class org.jboss.wsf.spi.management.ServerConfigFactory'
DEBUG [main] (JavaToXSD.java:175) - Load schema: http://webservices.clients.topcoder.com/=file:/C:/DOCUME~1/user/LOCALS~1/Temp/JBossWS_webservices.clients.topcoder.com_20833.xsd
DEBUG [main] (JBossWSEntityResolver.java:64) - resolveEntity: [pub=null,sysid=file:/C:/DOCUME~1/user/LOCALS~1/Temp/JBossWS_webservices.clients.topcoder.com_20833.xsd]
DEBUG [main] (JBossWSEntityResolver.java:64) - resolveEntity: [pub=http://schemas.xmlsoap.org/soap/encoding/,sysid=null]
DEBUG [main] (EndpointMetaData.java:297) - Using default parameter style: WRAPPED
DEBUG [main] (JAXWSClientMetaDataBuilder.java:101) - END buildMetaData: 
UnifiedMetaData: 
 implementation: jbossws-native-2.0.1.SP2 (build=200710210837)
 deploymentName: null
 securityDomain: null

ServiceMetaData:
 qname={com.topcoder.clients.webservices.ProjectStatusService}ProjectStatusService
 refName=null
 wsdName=null
 wsdlFile=null
 wsdlLocation=http://127.0.0.1:8080/client_project_lookup_services-client_project_lookup_services/ProjectStatusServiceBean?wsdl
 jaxrpcMapping=null
 publishLocation=null
 securityConfig=null
 properties=null

TypesMetaData: 
<schema targetNamespace='http://webservices.clients.topcoder.com/' xmlns='http://www.w3.org/2001/XMLSchema' xmlns:soap11-enc='http://schemas.xmlsoap.org/soap/encoding/' xmlns:tns='http://webservices.clients.topcoder.com/' xmlns:xsi='http://www.w3.org/2001/XMLSchema-instance'>
 <complexType name='auditableEntity'>
  <sequence>
   <element name='id' type='long'/>
   <element maxOccurs='1' minOccurs='0' name='createUsername' type='string'/>
   <element maxOccurs='1' minOccurs='0' name='createDate' type='dateTime'/>
   <element maxOccurs='1' minOccurs='0' name='modifyUsername' type='string'/>
   <element maxOccurs='1' minOccurs='0' name='modifyDate' type='dateTime'/>
   <element maxOccurs='1' minOccurs='0' name='name' type='string'/>
   <element name='deleted' type='boolean'/>
  </sequence>
 </complexType>
 <complexType name='createProjectStatus'>
  <sequence>
   <element maxOccurs='1' minOccurs='0' name='arg0' type='tns:projectStatus'/>
  </sequence>
 </complexType>
 <complexType name='createProjectStatusResponse'>
  <sequence>
   <element maxOccurs='1' minOccurs='0' name='return' type='tns:projectStatus'/>
  </sequence>
 </complexType>
 <complexType name='deleteProjectStatus'>
  <sequence>
   <element maxOccurs='1' minOccurs='0' name='arg0' type='tns:projectStatus'/>
  </sequence>
 </complexType>
 <complexType name='deleteProjectStatusResponse'>
  <sequence>
   <element maxOccurs='1' minOccurs='0' name='return' type='tns:projectStatus'/>
  </sequence>
 </complexType>
 <complexType name='projectStatus'>
  <complexContent>
   <extension base='tns:auditableEntity'>
    <sequence>
     <element name='description' type='string'/>
    </sequence>
   </extension>
  </complexContent>
 </complexType>
 <complexType name='updateProjectStatus'>
  <sequence>
   <element maxOccurs='1' minOccurs='0' name='arg0' type='tns:projectStatus'/>
  </sequence>
 </complexType>
 <complexType name='ProjectStatusServiceException'>
  <sequence>
   <element maxOccurs='1' minOccurs='0' name='message' type='string'/>
  </sequence>
 </complexType>
 <complexType name='updateProjectStatusResponse'>
  <sequence>
   <element maxOccurs='1' minOccurs='0' name='return' type='tns:projectStatus'/>
  </sequence>
 </complexType>
 <element name='createProjectStatus' type='tns:createProjectStatus'/>
 <element name='createProjectStatusResponse' type='tns:createProjectStatusResponse'/>
 <element name='deleteProjectStatus' type='tns:deleteProjectStatus'/>
 <element name='deleteProjectStatusResponse' type='tns:deleteProjectStatusResponse'/>
 <element name='updateProjectStatus' type='tns:updateProjectStatus'/>
 <element name='ProjectStatusServiceException' type='tns:ProjectStatusServiceException'/>
 <element name='updateProjectStatusResponse' type='tns:updateProjectStatusResponse'/>
</schema>


ClientEndpointMetaData:
 type=JAXWS
 qname={com.topcoder.clients.webservices.ProjectStatusService}ProjectStatusServiceBeanPort
 address=http://127.0.0.1:8080/client_project_lookup_services-client_project_lookup_services/ProjectStatusServiceBean
 binding=http://schemas.xmlsoap.org/wsdl/soap/http
 seiName=null
 configFile=META-INF/standard-jaxws-client-config.xml
 configName=Standard Client
 authMethod=null
 properties={}

OperationMetaData:
 qname={http://webservices.clients.topcoder.com/}createProjectStatus
 javaName={http://webservices.clients.topcoder.com/}createProjectStatus
 style=document/literal/WRAPPED
 oneWay=false
 soapAction=

OperationMetaData:
 qname={http://webservices.clients.topcoder.com/}deleteProjectStatus
 javaName={http://webservices.clients.topcoder.com/}deleteProjectStatus
 style=document/literal/WRAPPED
 oneWay=false
 soapAction=

OperationMetaData:
 qname={http://webservices.clients.topcoder.com/}updateProjectStatus
 javaName={http://webservices.clients.topcoder.com/}updateProjectStatus
 style=document/literal/WRAPPED
 oneWay=false
 soapAction=
DEBUG [main] (JAXWSClientMetaDataBuilder.java:270) - START: rebuildMetaData
DEBUG [main] (EndpointMetaData.java:307) - setParameterStyle: null
DEBUG [main] (EndpointMetaData.java:702) - Create new config [name=Standard Client,file=META-INF/standard-jaxws-client-config.xml]
DEBUG [main] (JBossWSConfigFactory.java:125) - getConfig: [name=Standard Client,url=META-INF/standard-jaxws-client-config.xml]
DEBUG [main] (JBossWSConfigFactory.java:71) - parse: jar:file:/F:/jboss-4.2.2.GA/client/jbossws-client.jar!/META-INF/standard-jaxws-client-config.xml
DEBUG [main] (EndpointMetaData.java:711) - Configure EndpointMetaData
DEBUG [main] (EndpointMetaData.java:723) - Added 0 PRE handlers
DEBUG [main] (EndpointMetaData.java:724) - Added 0 ENDPOINT handlers
DEBUG [main] (EndpointMetaData.java:725) - Added 0 POST handlers
DEBUG [main] (EndpointMetaData.java:297) - Using default parameter style: WRAPPED
DEBUG [main] (DynamicWrapperGenerator.java:98) - Generating wrapper: com.topcoder.clients.webservices.jaxws.CreateProjectStatus
DEBUG [main] (DynamicWrapperGenerator.java:98) - Generating wrapper: com.topcoder.clients.webservices.jaxws.CreateProjectStatusResponse
DEBUG [main] (DynamicWrapperGenerator.java:135) - Generating fault bean: com.topcoder.clients.webservices.jaxws.ProjectStatusServiceExceptionBean
DEBUG [main] (DynamicWrapperGenerator.java:98) - Generating wrapper: com.topcoder.clients.webservices.jaxws.UpdateProjectStatus
DEBUG [main] (DynamicWrapperGenerator.java:98) - Generating wrapper: com.topcoder.clients.webservices.jaxws.UpdateProjectStatusResponse
DEBUG [main] (DynamicWrapperGenerator.java:98) - Generating wrapper: com.topcoder.clients.webservices.jaxws.DeleteProjectStatus
DEBUG [main] (DynamicWrapperGenerator.java:98) - Generating wrapper: com.topcoder.clients.webservices.jaxws.DeleteProjectStatusResponse
DEBUG [main] (JAXWSMetaDataBuilder.java:920) - JAXBContext [types=[class com.topcoder.clients.webservices.jaxws.CreateProjectStatus, class com.topcoder.clients.webservices.jaxws.CreateProjectStatusResponse, class com.topcoder.clients.webservices.jaxws.ProjectStatusServiceExceptionBean, class com.topcoder.clients.webservices.jaxws.UpdateProjectStatus, class com.topcoder.clients.webservices.jaxws.UpdateProjectStatusResponse, class com.topcoder.clients.webservices.jaxws.ProjectStatusServiceExceptionBean, class com.topcoder.clients.webservices.jaxws.DeleteProjectStatus, class com.topcoder.clients.webservices.jaxws.DeleteProjectStatusResponse, class com.topcoder.clients.webservices.jaxws.ProjectStatusServiceExceptionBean],tns=http://webservices.clients.topcoder.com/]
DEBUG [main] (OperationMetaData.java:207) - Found best matching java method: public abstract com.topcoder.clients.model.ProjectStatus com.topcoder.clients.webservices.ProjectStatusService.createProjectStatus(com.topcoder.clients.model.ProjectStatus) throws com.topcoder.clients.webservices.ProjectStatusServiceException
DEBUG [main] (OperationMetaData.java:207) - Found best matching java method: public abstract com.topcoder.clients.model.ProjectStatus com.topcoder.clients.webservices.ProjectStatusService.updateProjectStatus(com.topcoder.clients.model.ProjectStatus) throws com.topcoder.clients.webservices.ProjectStatusServiceException
DEBUG [main] (OperationMetaData.java:207) - Found best matching java method: public abstract com.topcoder.clients.model.ProjectStatus com.topcoder.clients.webservices.ProjectStatusService.deleteProjectStatus(com.topcoder.clients.model.ProjectStatus) throws com.topcoder.clients.webservices.ProjectStatusServiceException
DEBUG [main] (JAXWSClientMetaDataBuilder.java:310) - END: rebuildMetaData

ServiceMetaData:
 qname={com.topcoder.clients.webservices.ProjectStatusService}ProjectStatusService
 refName=null
 wsdName=null
 wsdlFile=null
 wsdlLocation=http://127.0.0.1:8080/client_project_lookup_services-client_project_lookup_services/ProjectStatusServiceBean?wsdl
 jaxrpcMapping=null
 publishLocation=null
 securityConfig=null
 properties=null

TypesMetaData: 
  [complexType={http://webservices.clients.topcoder.com/}createProjectStatus,javaType=com.topcoder.clients.webservices.jaxws.CreateProjectStatus]
  [complexType={http://webservices.clients.topcoder.com/}createProjectStatusResponse,javaType=com.topcoder.clients.webservices.jaxws.CreateProjectStatusResponse]
  [complexType={http://webservices.clients.topcoder.com/}ProjectStatusServiceException,javaType=com.topcoder.clients.webservices.jaxws.ProjectStatusServiceExceptionBean]
  [complexType={http://webservices.clients.topcoder.com/}updateProjectStatus,javaType=com.topcoder.clients.webservices.jaxws.UpdateProjectStatus]
  [complexType={http://webservices.clients.topcoder.com/}updateProjectStatusResponse,javaType=com.topcoder.clients.webservices.jaxws.UpdateProjectStatusResponse]
  [complexType={http://webservices.clients.topcoder.com/}deleteProjectStatus,javaType=com.topcoder.clients.webservices.jaxws.DeleteProjectStatus]
  [complexType={http://webservices.clients.topcoder.com/}deleteProjectStatusResponse,javaType=com.topcoder.clients.webservices.jaxws.DeleteProjectStatusResponse]
<schema targetNamespace='http://webservices.clients.topcoder.com/' xmlns='http://www.w3.org/2001/XMLSchema' xmlns:soap11-enc='http://schemas.xmlsoap.org/soap/encoding/' xmlns:tns='http://webservices.clients.topcoder.com/' xmlns:xsi='http://www.w3.org/2001/XMLSchema-instance'>
 <complexType name='auditableEntity'>
  <sequence>
   <element name='id' type='long'/>
   <element maxOccurs='1' minOccurs='0' name='createUsername' type='string'/>
   <element maxOccurs='1' minOccurs='0' name='createDate' type='dateTime'/>
   <element maxOccurs='1' minOccurs='0' name='modifyUsername' type='string'/>
   <element maxOccurs='1' minOccurs='0' name='modifyDate' type='dateTime'/>
   <element maxOccurs='1' minOccurs='0' name='name' type='string'/>
   <element name='deleted' type='boolean'/>
  </sequence>
 </complexType>
 <complexType name='createProjectStatus'>
  <sequence>
   <element maxOccurs='1' minOccurs='0' name='arg0' type='tns:projectStatus'/>
  </sequence>
 </complexType>
 <complexType name='createProjectStatusResponse'>
  <sequence>
   <element maxOccurs='1' minOccurs='0' name='return' type='tns:projectStatus'/>
  </sequence>
 </complexType>
 <complexType name='deleteProjectStatus'>
  <sequence>
   <element maxOccurs='1' minOccurs='0' name='arg0' type='tns:projectStatus'/>
  </sequence>
 </complexType>
 <complexType name='deleteProjectStatusResponse'>
  <sequence>
   <element maxOccurs='1' minOccurs='0' name='return' type='tns:projectStatus'/>
  </sequence>
 </complexType>
 <complexType name='projectStatus'>
  <complexContent>
   <extension base='tns:auditableEntity'>
    <sequence>
     <element name='description' type='string'/>
    </sequence>
   </extension>
  </complexContent>
 </complexType>
 <complexType name='updateProjectStatus'>
  <sequence>
   <element maxOccurs='1' minOccurs='0' name='arg0' type='tns:projectStatus'/>
  </sequence>
 </complexType>
 <complexType name='ProjectStatusServiceException'>
  <sequence>
   <element maxOccurs='1' minOccurs='0' name='message' type='string'/>
  </sequence>
 </complexType>
 <complexType name='updateProjectStatusResponse'>
  <sequence>
   <element maxOccurs='1' minOccurs='0' name='return' type='tns:projectStatus'/>
  </sequence>
 </complexType>
 <element name='createProjectStatus' type='tns:createProjectStatus'/>
 <element name='createProjectStatusResponse' type='tns:createProjectStatusResponse'/>
 <element name='deleteProjectStatus' type='tns:deleteProjectStatus'/>
 <element name='deleteProjectStatusResponse' type='tns:deleteProjectStatusResponse'/>
 <element name='updateProjectStatus' type='tns:updateProjectStatus'/>
 <element name='ProjectStatusServiceException' type='tns:ProjectStatusServiceException'/>
 <element name='updateProjectStatusResponse' type='tns:updateProjectStatusResponse'/>
</schema>


ClientEndpointMetaData:
 type=JAXWS
 qname={com.topcoder.clients.webservices.ProjectStatusService}ProjectStatusServiceBeanPort
 address=http://127.0.0.1:8080/client_project_lookup_services-client_project_lookup_services/ProjectStatusServiceBean
 binding=http://schemas.xmlsoap.org/wsdl/soap/http
 seiName=com.topcoder.clients.webservices.ProjectStatusService
 configFile=META-INF/standard-jaxws-client-config.xml
 configName=Standard Client
 authMethod=null
 properties={}

OperationMetaData:
 qname={http://webservices.clients.topcoder.com/}createProjectStatus
 javaName=createProjectStatus
 style=document/literal/WRAPPED
 oneWay=false
 soapAction=
ParameterMetaData:
 xmlName={http://webservices.clients.topcoder.com/}createProjectStatus
 partName=createProjectStatus
 xmlType={http://webservices.clients.topcoder.com/}createProjectStatus
 javaType=com.topcoder.clients.webservices.jaxws.CreateProjectStatus
 mode=IN
 inHeader=false
 index=0
 wrappedParameters=[[name = arg0, type = com.topcoder.clients.model.ProjectStatus, typeArgs = null, variable = arg0, index = 0]]
ReturnMetaData:
 xmlName={http://webservices.clients.topcoder.com/}createProjectStatusResponse
 partName=createProjectStatusResponse
 xmlType={http://webservices.clients.topcoder.com/}createProjectStatusResponse
 javaType=com.topcoder.clients.webservices.jaxws.CreateProjectStatusResponse
 mode=OUT
 inHeader=false
 index=-1
 wrappedParameters=[[name = return, type = com.topcoder.clients.model.ProjectStatus, typeArgs = null, variable = return, index = -1]]
FaultMetaData
 xmlName={http://webservices.clients.topcoder.com/}ProjectStatusServiceException
 xmlType={http://webservices.clients.topcoder.com/}ProjectStatusServiceException
 javaType=com.topcoder.clients.webservices.ProjectStatusServiceException
 faultBean=com.topcoder.clients.webservices.jaxws.ProjectStatusServiceExceptionBean

OperationMetaData:
 qname={http://webservices.clients.topcoder.com/}updateProjectStatus
 javaName=updateProjectStatus
 style=document/literal/WRAPPED
 oneWay=false
 soapAction=
ParameterMetaData:
 xmlName={http://webservices.clients.topcoder.com/}updateProjectStatus
 partName=updateProjectStatus
 xmlType={http://webservices.clients.topcoder.com/}updateProjectStatus
 javaType=com.topcoder.clients.webservices.jaxws.UpdateProjectStatus
 mode=IN
 inHeader=false
 index=0
 wrappedParameters=[[name = arg0, type = com.topcoder.clients.model.ProjectStatus, typeArgs = null, variable = arg0, index = 0]]
ReturnMetaData:
 xmlName={http://webservices.clients.topcoder.com/}updateProjectStatusResponse
 partName=updateProjectStatusResponse
 xmlType={http://webservices.clients.topcoder.com/}updateProjectStatusResponse
 javaType=com.topcoder.clients.webservices.jaxws.UpdateProjectStatusResponse
 mode=OUT
 inHeader=false
 index=-1
 wrappedParameters=[[name = return, type = com.topcoder.clients.model.ProjectStatus, typeArgs = null, variable = return, index = -1]]
FaultMetaData
 xmlName={http://webservices.clients.topcoder.com/}ProjectStatusServiceException
 xmlType={http://webservices.clients.topcoder.com/}ProjectStatusServiceException
 javaType=com.topcoder.clients.webservices.ProjectStatusServiceException
 faultBean=com.topcoder.clients.webservices.jaxws.ProjectStatusServiceExceptionBean

OperationMetaData:
 qname={http://webservices.clients.topcoder.com/}deleteProjectStatus
 javaName=deleteProjectStatus
 style=document/literal/WRAPPED
 oneWay=false
 soapAction=
ParameterMetaData:
 xmlName={http://webservices.clients.topcoder.com/}deleteProjectStatus
 partName=deleteProjectStatus
 xmlType={http://webservices.clients.topcoder.com/}deleteProjectStatus
 javaType=com.topcoder.clients.webservices.jaxws.DeleteProjectStatus
 mode=IN
 inHeader=false
 index=0
 wrappedParameters=[[name = arg0, type = com.topcoder.clients.model.ProjectStatus, typeArgs = null, variable = arg0, index = 0]]
ReturnMetaData:
 xmlName={http://webservices.clients.topcoder.com/}deleteProjectStatusResponse
 partName=deleteProjectStatusResponse
 xmlType={http://webservices.clients.topcoder.com/}deleteProjectStatusResponse
 javaType=com.topcoder.clients.webservices.jaxws.DeleteProjectStatusResponse
 mode=OUT
 inHeader=false
 index=-1
 wrappedParameters=[[name = return, type = com.topcoder.clients.model.ProjectStatus, typeArgs = null, variable = return, index = -1]]
FaultMetaData
 xmlName={http://webservices.clients.topcoder.com/}ProjectStatusServiceException
 xmlType={http://webservices.clients.topcoder.com/}ProjectStatusServiceException
 javaType=com.topcoder.clients.webservices.ProjectStatusServiceException
 faultBean=com.topcoder.clients.webservices.jaxws.ProjectStatusServiceExceptionBean
DEBUG [main] (EndpointMetaData.java:622) - Configure SOAPBinding
DEBUG [main] (HandlerResolverImpl.java:125) - initHandlerChain: PRE
DEBUG [main] (HandlerResolverImpl.java:125) - initHandlerChain: ENDPOINT
DEBUG [main] (HandlerResolverImpl.java:125) - initHandlerChain: POST
DEBUG [main] (HandlerResolverImpl.java:99) - getHandlerChain: [type=PRE,info=[service={com.topcoder.clients.webservices.ProjectStatusService}ProjectStatusService,port={com.topcoder.clients.webservices.ProjectStatusService}ProjectStatusServiceBeanPort,binding=http://schemas.xmlsoap.org/wsdl/soap/http]]
DEBUG [main] (HandlerResolverImpl.java:99) - getHandlerChain: [type=POST,info=[service={com.topcoder.clients.webservices.ProjectStatusService}ProjectStatusService,port={com.topcoder.clients.webservices.ProjectStatusService}ProjectStatusServiceBeanPort,binding=http://schemas.xmlsoap.org/wsdl/soap/http]]
DEBUG [main] (HandlerResolverImpl.java:99) - getHandlerChain: [type=ENDPOINT,info=[service={com.topcoder.clients.webservices.ProjectStatusService}ProjectStatusService,port={com.topcoder.clients.webservices.ProjectStatusService}ProjectStatusServiceBeanPort,binding=http://schemas.xmlsoap.org/wsdl/soap/http]]
DEBUG [main] (BindingImpl.java:94) - setHandlerChain: []
DEBUG [main] (ServiceDelegateImpl.java:425) - No port configuration for: {com.topcoder.clients.webservices.ProjectStatusService}ProjectStatusServiceBeanPort
Parameter [testName] should not be null.
java.lang.IllegalArgumentException: Parameter [testName] should not be null.
	at com.topcoder.clients.webservices.Util.checkNullWithLog(Util.java:98)
	at com.topcoder.clients.webservices.UtilTest.testCheckNullWithLog_Failure(UtilTest.java:133)
	at sun.reflect.NativeMethodAccessorImpl.invoke0(Native Method)
	at sun.reflect.NativeMethodAccessorImpl.invoke(NativeMethodAccessorImpl.java:39)
	at sun.reflect.DelegatingMethodAccessorImpl.invoke(DelegatingMethodAccessorImpl.java:25)
	at java.lang.reflect.Method.invoke(Method.java:585)
	at junit.framework.TestCase.runTest(TestCase.java:154)
	at junit.framework.TestCase.runBare(TestCase.java:127)
	at junit.framework.TestResult$1.protect(TestResult.java:106)
	at junit.framework.TestResult.runProtected(TestResult.java:124)
	at junit.framework.TestResult.run(TestResult.java:109)
	at junit.framework.TestCase.run(TestCase.java:118)
	at junit.framework.TestSuite.runTest(TestSuite.java:208)
	at junit.framework.TestSuite.run(TestSuite.java:203)
	at junit.framework.TestSuite.runTest(TestSuite.java:208)
	at junit.framework.TestSuite.run(TestSuite.java:203)
	at org.apache.tools.ant.taskdefs.optional.junit.JUnitTestRunner.run(JUnitTestRunner.java:421)
	at org.apache.tools.ant.taskdefs.optional.junit.JUnitTestRunner.launch(JUnitTestRunner.java:912)
	at org.apache.tools.ant.taskdefs.optional.junit.JUnitTestRunner.main(JUnitTestRunner.java:766)
Parameter [testName] should not be null or empty.
java.lang.IllegalArgumentException: Parameter [testName] should not be null or empty.
	at com.topcoder.clients.webservices.Util.checkNullOrEmpty(Util.java:119)
	at com.topcoder.clients.webservices.UtilTest.testCheckNullOrEmpty_Failure(UtilTest.java:169)
	at sun.reflect.NativeMethodAccessorImpl.invoke0(Native Method)
	at sun.reflect.NativeMethodAccessorImpl.invoke(NativeMethodAccessorImpl.java:39)
	at sun.reflect.DelegatingMethodAccessorImpl.invoke(DelegatingMethodAccessorImpl.java:25)
	at java.lang.reflect.Method.invoke(Method.java:585)
	at junit.framework.TestCase.runTest(TestCase.java:154)
	at junit.framework.TestCase.runBare(TestCase.java:127)
	at junit.framework.TestResult$1.protect(TestResult.java:106)
	at junit.framework.TestResult.runProtected(TestResult.java:124)
	at junit.framework.TestResult.run(TestResult.java:109)
	at junit.framework.TestCase.run(TestCase.java:118)
	at junit.framework.TestSuite.runTest(TestSuite.java:208)
	at junit.framework.TestSuite.run(TestSuite.java:203)
	at junit.framework.TestSuite.runTest(TestSuite.java:208)
	at junit.framework.TestSuite.run(TestSuite.java:203)
	at org.apache.tools.ant.taskdefs.optional.junit.JUnitTestRunner.run(JUnitTestRunner.java:421)
	at org.apache.tools.ant.taskdefs.optional.junit.JUnitTestRunner.launch(JUnitTestRunner.java:912)
	at org.apache.tools.ant.taskdefs.optional.junit.JUnitTestRunner.main(JUnitTestRunner.java:766)
Parameter [name] should be positive but is [-17].
java.lang.IllegalArgumentException: Parameter [name] should be positive but is [-17].
	at com.topcoder.clients.webservices.Util.checkPositiveWithLog(Util.java:141)
	at com.topcoder.clients.webservices.UtilTest.testCheckPositiveWithLog_Failure1(UtilTest.java:205)
	at sun.reflect.NativeMethodAccessorImpl.invoke0(Native Method)
	at sun.reflect.NativeMethodAccessorImpl.invoke(NativeMethodAccessorImpl.java:39)
	at sun.reflect.DelegatingMethodAccessorImpl.invoke(DelegatingMethodAccessorImpl.java:25)
	at java.lang.reflect.Method.invoke(Method.java:585)
	at junit.framework.TestCase.runTest(TestCase.java:154)
	at junit.framework.TestCase.runBare(TestCase.java:127)
	at junit.framework.TestResult$1.protect(TestResult.java:106)
	at junit.framework.TestResult.runProtected(TestResult.java:124)
	at junit.framework.TestResult.run(TestResult.java:109)
	at junit.framework.TestCase.run(TestCase.java:118)
	at junit.framework.TestSuite.runTest(TestSuite.java:208)
	at junit.framework.TestSuite.run(TestSuite.java:203)
	at junit.framework.TestSuite.runTest(TestSuite.java:208)
	at junit.framework.TestSuite.run(TestSuite.java:203)
	at org.apache.tools.ant.taskdefs.optional.junit.JUnitTestRunner.run(JUnitTestRunner.java:421)
	at org.apache.tools.ant.taskdefs.optional.junit.JUnitTestRunner.launch(JUnitTestRunner.java:912)
	at org.apache.tools.ant.taskdefs.optional.junit.JUnitTestRunner.main(JUnitTestRunner.java:766)
Parameter [name] should be positive but is [0].
java.lang.IllegalArgumentException: Parameter [name] should be positive but is [0].
	at com.topcoder.clients.webservices.Util.checkPositiveWithLog(Util.java:141)
	at com.topcoder.clients.webservices.UtilTest.testCheckPositiveWithLog_Failure2(UtilTest.java:228)
	at sun.reflect.NativeMethodAccessorImpl.invoke0(Native Method)
	at sun.reflect.NativeMethodAccessorImpl.invoke(NativeMethodAccessorImpl.java:39)
	at sun.reflect.DelegatingMethodAccessorImpl.invoke(DelegatingMethodAccessorImpl.java:25)
	at java.lang.reflect.Method.invoke(Method.java:585)
	at junit.framework.TestCase.runTest(TestCase.java:154)
	at junit.framework.TestCase.runBare(TestCase.java:127)
	at junit.framework.TestResult$1.protect(TestResult.java:106)
	at junit.framework.TestResult.runProtected(TestResult.java:124)
	at junit.framework.TestResult.run(TestResult.java:109)
	at junit.framework.TestCase.run(TestCase.java:118)
	at junit.framework.TestSuite.runTest(TestSuite.java:208)
	at junit.framework.TestSuite.run(TestSuite.java:203)
	at junit.framework.TestSuite.runTest(TestSuite.java:208)
	at junit.framework.TestSuite.run(TestSuite.java:203)
	at org.apache.tools.ant.taskdefs.optional.junit.JUnitTestRunner.run(JUnitTestRunner.java:421)
	at org.apache.tools.ant.taskdefs.optional.junit.JUnitTestRunner.launch(JUnitTestRunner.java:912)
	at org.apache.tools.ant.taskdefs.optional.junit.JUnitTestRunner.main(JUnitTestRunner.java:766)
Resource [testName] should not be null.
java.lang.IllegalStateException: Resource [testName] should not be null.
	at com.topcoder.clients.webservices.Util.checkResource(Util.java:227)
	at com.topcoder.clients.webservices.UtilTest.testCheckResource_Failure(UtilTest.java:345)
	at sun.reflect.NativeMethodAccessorImpl.invoke0(Native Method)
	at sun.reflect.NativeMethodAccessorImpl.invoke(NativeMethodAccessorImpl.java:39)
	at sun.reflect.DelegatingMethodAccessorImpl.invoke(DelegatingMethodAccessorImpl.java:25)
	at java.lang.reflect.Method.invoke(Method.java:585)
	at junit.framework.TestCase.runTest(TestCase.java:154)
	at junit.framework.TestCase.runBare(TestCase.java:127)
	at junit.framework.TestResult$1.protect(TestResult.java:106)
	at junit.framework.TestResult.runProtected(TestResult.java:124)
	at junit.framework.TestResult.run(TestResult.java:109)
	at junit.framework.TestCase.run(TestCase.java:118)
	at junit.framework.TestSuite.runTest(TestSuite.java:208)
	at junit.framework.TestSuite.run(TestSuite.java:203)
	at junit.framework.TestSuite.runTest(TestSuite.java:208)
	at junit.framework.TestSuite.run(TestSuite.java:203)
	at org.apache.tools.ant.taskdefs.optional.junit.JUnitTestRunner.run(JUnitTestRunner.java:421)
	at org.apache.tools.ant.taskdefs.optional.junit.JUnitTestRunner.launch(JUnitTestRunner.java:912)
	at org.apache.tools.ant.taskdefs.optional.junit.JUnitTestRunner.main(JUnitTestRunner.java:766)
Enter into method [class#method]. Argument name: argument
Exit from method [class#method]
test
java.lang.IllegalArgumentException: test
	at com.topcoder.clients.webservices.UtilTest.testLogException_Accuracy(UtilTest.java:419)
	at sun.reflect.NativeMethodAccessorImpl.invoke0(Native Method)
	at sun.reflect.NativeMethodAccessorImpl.invoke(NativeMethodAccessorImpl.java:39)
	at sun.reflect.DelegatingMethodAccessorImpl.invoke(DelegatingMethodAccessorImpl.java:25)
	at java.lang.reflect.Method.invoke(Method.java:585)
	at junit.framework.TestCase.runTest(TestCase.java:154)
	at junit.framework.TestCase.runBare(TestCase.java:127)
	at junit.framework.TestResult$1.protect(TestResult.java:106)
	at junit.framework.TestResult.runProtected(TestResult.java:124)
	at junit.framework.TestResult.run(TestResult.java:109)
	at junit.framework.TestCase.run(TestCase.java:118)
	at junit.framework.TestSuite.runTest(TestSuite.java:208)
	at junit.framework.TestSuite.run(TestSuite.java:203)
	at junit.framework.TestSuite.runTest(TestSuite.java:208)
	at junit.framework.TestSuite.run(TestSuite.java:203)
	at org.apache.tools.ant.taskdefs.optional.junit.JUnitTestRunner.run(JUnitTestRunner.java:421)
	at org.apache.tools.ant.taskdefs.optional.junit.JUnitTestRunner.launch(JUnitTestRunner.java:912)
	at org.apache.tools.ant.taskdefs.optional.junit.JUnitTestRunner.main(JUnitTestRunner.java:766)
Enter into method [ProjectStatusServiceBean#createProjectStatus]. Argument name: status
Exit from method [ProjectStatusServiceBean#createProjectStatus]
Enter into method [ProjectStatusServiceBean#updateProjectStatus]. Argument name: status
Exit from method [ProjectStatusServiceBean#updateProjectStatus]
Enter into method [ProjectStatusServiceBean#deleteProjectStatus]. Argument name: status
Exit from method [ProjectStatusServiceBean#deleteProjectStatus]
Enter into method [ClientStatusServiceBean#createClientStatus]. Argument name: status
Exit from method [ClientStatusServiceBean#createClientStatus]
Enter into method [ClientStatusServiceBean#updateClientStatus]. Argument name: status
Exit from method [ClientStatusServiceBean#updateClientStatus]
Enter into method [ClientStatusServiceBean#deleteClientStatus]. Argument name: status
Exit from method [ClientStatusServiceBean#deleteClientStatus]
Enter into method [LookupServiceBean#retrieveClient]. Argument name: id
Exit from method [LookupServiceBean#retrieveClient]
Enter into method [LookupServiceBean#retrieveAllClients]
Exit from method [LookupServiceBean#retrieveAllClients]
Enter into method [LookupServiceBean#searchClientsByName]. Argument name: name
Exit from method [LookupServiceBean#searchClientsByName]
Enter into method [LookupServiceBean#searchClients]. Argument name: filter
Exit from method [LookupServiceBean#searchClients]
Enter into method [LookupServiceBean#getClientsForStatus]. Argument name: status
Exit from method [LookupServiceBean#getClientsForStatus]
]]></system-out>
  <system-err><![CDATA[]]></system-err>
</testsuite>
