<?xml version="1.0" encoding="UTF-8" ?>
<testsuite errors="0" failures="0" hostname="XingWenhui-PC" name="com.topcoder.clients.webservices.AllTests" tests="332" time="38.85" timestamp="2008-09-14T12:20:43">
  <properties>
    <property name="component.version.major" value="1" />
    <property name="file.encoding.pkg" value="sun.io" />
    <property name="java.home" value="E:\Java\jdk1.5.0_14\jre" />
    <property name="management_services_mocks.jar" value="test_reflib/management_services_mocks.jar" />
    <property name="client_project_management.jar" value="test_reflib/client_project_management.jar" />
    <property name="dist_javadocs" value="build/dist/client_project_lookup_services-1.0.0/docs/javadocs" />
    <property name="debug" value="off" />
    <property name="build_distdir" value="build/dist" />
    <property name="distfilename" value="client_project_lookup_services" />
    <property name="component.version.micro" value="0" />
    <property name="component.dist.jar" value="build/dist/client_project_lookup_services-1.0.0.jar" />
    <property name="java.endorsed.dirs" value="E:\Java\jdk1.5.0_14\jre\lib\endorsed" />
    <property name="object_factory.jar" value="F:/lib/tcs/object_factory/2.1.1/object_factory.jar" />
    <property name="jboss_config_name" value="default" />
    <property name="sun.os.patch.level" value="Service Pack 1" />
    <property name="design_dist.jar" value="client_project_lookup_services_1.0.0_design_dist.jar" />
    <property name="javadocsdir" value="docs/javadocs" />
    <property name="java.vendor.url" value="http://java.sun.com/" />
    <property name="jbossws-client.jar" value="F:/jboss-4.2.2.GA/client/jbossws-client.jar" />
    <property name="java.version" value="1.5.0_14" />
    <property name="java.vendor.url.bug" value="http://java.sun.com/cgi-bin/bugreport.cgi" />
    <property name="cobertura.datafile" value="log/cobertura.ser" />
    <property name="user.name" value="Xing Wenhui" />
    <property name="packagedir" value="com/topcoder/clients/webservices" />
    <property name="sun.io.unicode.encoding" value="UnicodeLittle" />
    <property name="component_version" value="1.0.0" />
    <property name="sun.jnu.encoding" value="GBK" />
    <property name="java.runtime.name" value="Java(TM) 2 Runtime Environment, Standard Edition" />
    <property name="target_libdir" value="F:/lib/tcs" />
    <property name="reports" value="log/reports" />
    <property name="component.jar" value="build/dist/lib/tcs/client_project_lookup_services/1.0.0/client_project_lookup_services.jar" />
    <property name="java.specification.name" value="Java Platform API Specification" />
    <property name="javamain" value="src/java/main" />
    <property name="user.timezone" value="" />
    <property name="component.version.build" value="1" />
    <property name="path.separator" value=";" />
    <property name="srcdir" value="src" />
    <property name="file.encoding" value="GBK" />
    <property name="jboss_login_module.jar" value="test_reflib/jboss_login_module.jar" />
    <property name="ant.file" value="F:\Review\Client_Project_Lookup_Services\53221\build.xml" />
    <property name="javasrc" value="src/java" />
    <property name="search_builder.jar" value="F:/lib/tcs/search_builder/1.4.0/search_builder.jar" />
    <property name="instrumented.dir" value="build/instrumented" />
    <property name="component.target" value="1.x" />
    <property name="component.tests.jar" value="build/dist/lib/tcs/client_project_lookup_services_tests.jar" />
    <property name="component.ejb.jar" value="build/dist/application/ejb/client_project_lookup_services.jar" />
    <property name="java.io.tmpdir" value="C:\Users\XINGWE~1\AppData\Local\Temp\" />
    <property name="user.language" value="zh" />
    <property name="manifest_file_path" value="build/dist/client_project_lookup_services-1.0.0/META-INF/" />
    <property name="line.separator" value="
" />
    <property name="component.name" value="Client Project Lookup Services" />
    <property name="jboss_libdir" value="F:/jboss-4.2.2.GA/server/default/lib" />
    <property name="verbose" value="no" />
    <property name="manifest_file" value="build/dist/client_project_lookup_services-1.0.0/META-INF//MANIFEST.MF" />
    <property name="ant.file.TopCoder Java Generic Build" value="F:\Review\Client_Project_Lookup_Services\53221\build.xml" />
    <property name="java.vm.info" value="mixed mode, sharing" />
    <property name="component_path" value="client_project_lookup_services/1.0.0" />
    <property name="sun.desktop" value="windows" />
    <property name="java.vm.specification.name" value="Java Virtual Machine Specification" />
    <property name="jboss-ejb3x.jar" value="F:/jboss-4.2.2.GA/client/jboss-ejb3x.jar" />
    <property name="dist_coverage" value="build/dist/client_project_lookup_services-1.0.0/docs/coverage" />
    <property name="cobertura.datafile.remote" value="F:/jboss-4.2.2.GA/bin/cobertura.ser" />
    <property name="builddir" value="build" />
    <property name="cobertura.dir" value="F:/lib/third_party/cobertura/1.8" />
    <property name="javac.encoding" value="UTF-8" />
    <property name="java.awt.printerjob" value="sun.awt.windows.WPrinterJob" />
    <property name="dist_lib" value="build/dist/lib/tcs" />
    <property name="ejb3-persistence.jar" value="F:/jboss-4.2.2.GA/client/ejb3-persistence.jar" />
    <property name="junit.jar" value="F:/lib/third_party/junit/3.8.2/junit.jar" />
    <property name="configdir" value="conf" />
    <property name="ant.file.Override Macrodef Standard Behaviour Import" value="F:\Review\Client_Project_Lookup_Services\53221\build-override.xml" />
    <property name="build_tcsdistdir" value="build/dist/client_project_lookup_services-1.0.0" />
    <property name="ant.version" value="Apache Ant version 1.7.0 compiled on December 13 2006" />
    <property name="checkstyle_dir" value="F:/lib/third_party/checkstyle" />
    <property name="dist_docs" value="build/dist/client_project_lookup_services-1.0.0/docs" />
    <property name="test_reflib" value="test_reflib" />
    <property name="testlogdir" value="log" />
    <property name="configuration_api.jar" value="F:/lib/tcs/configuration_api/1.0.0/configuration_api.jar" />
    <property name="os.name" value="Windows Vista" />
    <property name="java.specification.vendor" value="Sun Microsystems Inc." />
    <property name="xercesImpl.jar" value="F:/jboss-4.2.2.GA/lib/endorsed/xercesImpl.jar" />
    <property name="java.vm.name" value="Java HotSpot(TM) Client VM" />
    <property name="authentication_manager.jar" value="F:/lib/tcs/authentication_manager/1.0.4/authentication_manager.jar" />
    <property name="java.library.path" value="E:\Java\jdk1.5.0_14\jre\bin;.;C:\Windows\system32;C:\Windows;E:\Program Files\Borland\Delphi7\Bin;E:\Program Files\Borland\Delphi7\Projects\Bpl\;C:\Windows\system32;C:\Windows;C:\Windows\System32\Wbem;C:\Program Files\Microsoft SQL Server\80\Tools\BINN;E:\Program Files\TortoiseSVN\bin;E:\Program Files\StormII\Codec\QTSystem\;F:\MinGW\bin;E:\Sun\AppServer\bin;F:\apache-ant-1.7.0\bin;E:\Program Files\StormII\Codec;E:\Program Files\StormII;E:\apache-maven-2.0.9\bin;F:\nant-0.85\bin" />
    <property name="docpackage.jar" value="client_project_lookup_services_docs.jar" />
    <property name="user_group_manager.jar" value="F:/lib/tcs/user_group_manager/1.0.1/user_group_manager.jar" />
    <property name="ant.java.version" value="1.5" />
    <property name="basedir" value="F:\Review\Client_Project_Lookup_Services\53221" />
    <property name="java.class.version" value="49.0" />
    <property name="ant.home" value="F:\apache-ant-1.7.0\bin\.." />
    <property name="filter_adapter.jar" value="test_reflib/filter_adapter.jar" />
    <property name="jboss-j2ee.jar" value="F:/jboss-4.2.2.GA/client/jboss-j2ee.jar" />
    <property name="object_factory_configuration_api_plugin.jar" value="F:/lib/tcs/object_factory_configuration_api_plugin/1.0.0/object_factory_configuration_api_plugin.jar" />
    <property name="jbossall-client.jar" value="F:/jboss-4.2.2.GA/client/jbossall-client.jar" />
    <property name="log4j.jar" value="F:/jboss-4.2.2.GA/server/default/lib/log4j.jar" />
    <property name="sun.boot.library.path" value="E:\Java\jdk1.5.0_14\jre\bin" />
    <property name="ext_libdir" value="F:/lib/third_party" />
    <property name="jboss-jaxrpc.jar" value="F:/jboss-4.2.2.GA/client/jboss-jaxrpc.jar" />
    <property name="sun.management.compiler" value="HotSpot Client Compiler" />
    <property name="deploy-dir" value="F:/jboss-4.2.2.GA/server/default/deploy" />
    <property name="java.awt.graphicsenv" value="sun.awt.Win32GraphicsEnvironment" />
    <property name="user.variant" value="" />
    <property name="object_formatter.jar" value="F:/lib/tcs/object_formatter/1.0/object_formatter.jar" />
    <property name="cobertura.datafile.local" value="log/cobertura_local.ser" />
    <property name="build_targetclassdir" value="build/targetclasses" />
    <property name="docsdir" value="docs" />
    <property name="jboss-jaxws.jar" value="F:/jboss-4.2.2.GA/client/jboss-jaxws.jar" />
    <property name="dev_dist.jar" value="client_project_lookup_services_1.0.0_dev_dist.jar" />
    <property name="ant.project.name" value="TopCoder Java Generic Build" />
    <property name="security_facade.jar" value="F:/lib/tcs/security_facade/2.1.3/security_facade.jar" />
    <property name="component.version.minor" value="0" />
    <property name="java.vm.specification.version" value="1.0" />
    <property name="component.bootclasspath" value="${java_1_x_bootclasspath}" />
    <property name="component.ejb.dir" value="build/dist/application/ejb" />
    <property name="awt.toolkit" value="sun.awt.windows.WToolkit" />
    <property name="sun.cpu.isalist" value="pentium_pro+mmx pentium_pro pentium+mmx pentium i486 i386 i86" />
    <property name="build_javadocsdir" value="build/docs/javadocs" />
    <property name="java.ext.dirs" value="E:\Java\jdk1.5.0_14\jre\lib\ext" />
    <property name="os.version" value="6.0" />
    <property name="user.home" value="C:\Users\Xing Wenhui" />
    <property name="javadoc.jar" value="javadocs.jar" />
    <property name="libdir" value="../tcs/lib" />
    <property name="build_classdir" value="build/classes" />
    <property name="component.ear" value="build/dist/application/ear/client_project_lookup_services.ear" />
    <property name="java.vm.vendor" value="Sun Microsystems Inc." />
    <property name="component.conf.dir" value="build/dist/conf" />
    <property name="component.distfilename" value="client_project_lookup_services" />
    <property name="component.package" value="com.topcoder.clients.webservices" />
    <property name="build_testclassdir" value="build/testClasses" />
    <property name="package" value="com.topcoder.clients.webservices" />
    <property name="typesafe_enum.jar" value="F:/lib/tcs/typesafe_enum/1.1/typesafe_enum.jar" />
    <property name="base_exception.jar" value="F:/lib/tcs/base_exception/2.0.0/base_exception.jar" />
    <property name="user.dir" value="F:\Review\Client_Project_Lookup_Services\53221" />
    <property name="component.packagedir" value="com/topcoder/clients/webservices" />
    <property name="configuration_persistence.jar" value="F:/lib/tcs/configuration_persistence/1.0.1/configuration_persistence.jar" />
    <property name="client_project_entities_dao.jar" value="test_reflib/client_project_entities_dao.jar" />
    <property name="sun.cpu.endian" value="little" />
    <property name="ant.file.Dependency Import" value="F:\Review\Client_Project_Lookup_Services\53221\build-dependencies.xml" />
    <property name="dist_docpackage" value="build/doc_package" />
    <property name="java.vm.version" value="1.5.0_14-b03" />
    <property name="functional_entitlement.jar" value="F:/lib/tcs/functional_entitlement/1.0.4/functional_entitlement.jar" />
    <property name="java.class.path" value="F:\Review\Client_Project_Lookup_Services\53221\build\testClasses;F:\lib\third_party\junit\3.8.2\junit.jar;F:\jboss-4.2.2.GA\client\jbossall-client.jar;F:\jboss-4.2.2.GA\client\jbossws-client.jar;F:\jboss-4.2.2.GA\lib\endorsed\xercesImpl.jar;F:\Review\Client_Project_Lookup_Services\53221\test_reflib\client_project_entities_dao.jar;F:\Review\Client_Project_Lookup_Services\53221\test_reflib\client_project_management.jar;F:\Review\Client_Project_Lookup_Services\53221\test_reflib\filter_adapter.jar;F:\Review\Client_Project_Lookup_Services\53221\test_reflib\jboss_login_module.jar;F:\Review\Client_Project_Lookup_Services\53221\test_reflib\management_services_mocks.jar;F:\lib\tcs\base_exception\2.0.0\base_exception.jar;F:\lib\tcs\logging_wrapper\2.0\logging_wrapper.jar;F:\lib\tcs\object_factory\2.1.1\object_factory.jar;F:\lib\tcs\object_factory_configuration_api_plugin\1.0.0\object_factory_configuration_api_plugin.jar;F:\lib\tcs\configuration_persistence\1.0.1\configuration_persistence.jar;F:\lib\tcs\configuration_api\1.0.0\configuration_api.jar;F:\lib\tcs\search_builder\1.4.0\search_builder.jar;F:\lib\tcs\object_formatter\1.0\object_formatter.jar;F:\lib\tcs\typesafe_enum\1.1\typesafe_enum.jar;F:\lib\tcs\authentication_manager\1.0.4\authentication_manager.jar;F:\lib\tcs\security_facade\2.1.3\security_facade.jar;F:\lib\tcs\functional_entitlement\1.0.4\functional_entitlement.jar;F:\lib\tcs\user_group_manager\1.0.1\user_group_manager.jar;F:\jboss-4.2.2.GA\client\jboss-ejb3x.jar;F:\jboss-4.2.2.GA\client\jboss-jaxws.jar;F:\jboss-4.2.2.GA\client\jboss-jaxrpc.jar;F:\jboss-4.2.2.GA\client\jboss-j2ee.jar;F:\jboss-4.2.2.GA\client\ejb3-persistence.jar;F:\jboss-4.2.2.GA\client\jaxb-api.jar;F:\Review\Client_Project_Lookup_Services\53221\build\classes;F:\Review\Client_Project_Lookup_Services\53221\conf;F:\Review\Client_Project_Lookup_Services\53221\test_files;F:\Review\Client_Project_Lookup_Services\53221;F:\apache-ant-1.7.0\lib\ant-launcher.jar;F:\apache-ant-1.7.0\lib\ant.jar;F:\apache-ant-1.7.0\lib\ant-junit.jar" />
    <property name="dev_submission.jar" value="client_project_lookup_services_1.0.0_dev_submission.jar" />
    <property name="ant.library.dir" value="F:\apache-ant-1.7.0\lib" />
    <property name="os.arch" value="x86" />
    <property name="package.dir" value="build/package" />
    <property name="sun.java.launcher" value="SUN_STANDARD" />
    <property name="component.ear.dir" value="build/dist/application/ear" />
    <property name="ant.core.lib" value="F:\apache-ant-1.7.0\lib\ant.jar" />
    <property name="java.vm.specification.vendor" value="Sun Microsystems Inc." />
    <property name="file.separator" value="\" />
    <property name="jaxb-api.jar" value="F:/jboss-4.2.2.GA/client/jaxb-api.jar" />
    <property name="java.runtime.version" value="1.5.0_14-b03" />
    <property name="sun.boot.class.path" value="E:\Java\jdk1.5.0_14\jre\lib\rt.jar;E:\Java\jdk1.5.0_14\jre\lib\i18n.jar;E:\Java\jdk1.5.0_14\jre\lib\sunrsasign.jar;E:\Java\jdk1.5.0_14\jre\lib\jsse.jar;E:\Java\jdk1.5.0_14\jre\lib\jce.jar;E:\Java\jdk1.5.0_14\jre\lib\charsets.jar;E:\Java\jdk1.5.0_14\jre\classes" />
    <property name="build_docsdir" value="build/docs" />
    <property name="javadoc.locale" value="en_US" />
    <property name="design_submission.jar" value="client_project_lookup_services_1.0.0_design_submission.jar" />
    <property name="user.country" value="CN" />
    <property name="tcs_libdir" value="F:/lib/tcs" />
    <property name="component" value="Client Project Lookup Services" />
    <property name="logging_wrapper.jar" value="F:/lib/tcs/logging_wrapper/2.0/logging_wrapper.jar" />
    <property name="java.vendor" value="Sun Microsystems Inc." />
    <property name="jboss_home" value="F:/jboss-4.2.2.GA" />
    <property name="java.specification.version" value="1.5" />
    <property name="testfiles" value="test_files" />
    <property name="sun.arch.data.model" value="32" />
    <property name="javatests" value="src/java/tests" />
  </properties>
  <testcase classname="com.topcoder.clients.webservices.beans.ClientStatusServiceBeanTest" name="testClientStatusServiceBean_Accuracy" time="0.185" />
  <testcase classname="com.topcoder.clients.webservices.beans.ClientStatusServiceBeanTest" name="testInitialize_Accuracy1" time="0.22" />
  <testcase classname="com.topcoder.clients.webservices.beans.ClientStatusServiceBeanTest" name="testInitialize_Accuracy2" time="0.162" />
  <testcase classname="com.topcoder.clients.webservices.beans.ClientStatusServiceBeanTest" name="testInitialize_Failure1" time="0.093" />
  <testcase classname="com.topcoder.clients.webservices.beans.ClientStatusServiceBeanTest" name="testInitialize_Failure2" time="0.095" />
  <testcase classname="com.topcoder.clients.webservices.beans.ClientStatusServiceBeanTest" name="testInitialize_Failure3" time="0.098" />
  <testcase classname="com.topcoder.clients.webservices.beans.ClientStatusServiceBeanTest" name="testInitialize_Failure4" time="0.171" />
  <testcase classname="com.topcoder.clients.webservices.beans.ClientStatusServiceBeanTest" name="testCreateClientStatus_Accuracy" time="0.119" />
  <testcase classname="com.topcoder.clients.webservices.beans.ClientStatusServiceBeanTest" name="testCreateClientStatus_Failure1" time="0.104" />
  <testcase classname="com.topcoder.clients.webservices.beans.ClientStatusServiceBeanTest" name="testCreateClientStatus_Failure2" time="0.107" />
  <testcase classname="com.topcoder.clients.webservices.beans.ClientStatusServiceBeanTest" name="testCreateClientStatus_Failure3" time="0.109" />
  <testcase classname="com.topcoder.clients.webservices.beans.ClientStatusServiceBeanTest" name="testUpdateClientStatus_Accuracy" time="0.085" />
  <testcase classname="com.topcoder.clients.webservices.beans.ClientStatusServiceBeanTest" name="testUpdateClientStatus_Failure1" time="0.068" />
  <testcase classname="com.topcoder.clients.webservices.beans.ClientStatusServiceBeanTest" name="testUpdateClientStatus_Failure2" time="0.063" />
  <testcase classname="com.topcoder.clients.webservices.beans.ClientStatusServiceBeanTest" name="testUpdateClientStatus_Failure3" time="0.078" />
  <testcase classname="com.topcoder.clients.webservices.beans.ClientStatusServiceBeanTest" name="testDeleteClientStatus_Accuracy" time="0.058" />
  <testcase classname="com.topcoder.clients.webservices.beans.ClientStatusServiceBeanTest" name="testDeleteClientStatus_Failure1" time="0.056" />
  <testcase classname="com.topcoder.clients.webservices.beans.ClientStatusServiceBeanTest" name="testDeleteClientStatus_Failure2" time="0.057" />
  <testcase classname="com.topcoder.clients.webservices.beans.ClientStatusServiceBeanTest" name="testDeleteClientStatus_Failure3" time="0.057" />
  <testcase classname="com.topcoder.clients.webservices.beans.ClientStatusServiceBeanTest" name="testIsVerboseLogging_Accuracy" time="0.055" />
  <testcase classname="com.topcoder.clients.webservices.beans.ClientStatusServiceBeanTest" name="testSetVerboseLogging_Accuracy" time="0.059" />
  <testcase classname="com.topcoder.clients.webservices.beans.ClientStatusServiceBeanTest" name="testGetLog_Accuracy" time="0.054" />
  <testcase classname="com.topcoder.clients.webservices.beans.ClientStatusServiceBeanTest" name="testSetLog_Accuracy" time="0.055" />
  <testcase classname="com.topcoder.clients.webservices.beans.ProjectStatusServiceBeanTest" name="testInitialize_Accuracy1" time="0.135" />
  <testcase classname="com.topcoder.clients.webservices.beans.ProjectStatusServiceBeanTest" name="testInitialize_Accuracy2" time="0.11" />
  <testcase classname="com.topcoder.clients.webservices.beans.ProjectStatusServiceBeanTest" name="testInitialize_Failure1" time="0.054" />
  <testcase classname="com.topcoder.clients.webservices.beans.ProjectStatusServiceBeanTest" name="testInitialize_Failure2" time="0.055" />
  <testcase classname="com.topcoder.clients.webservices.beans.ProjectStatusServiceBeanTest" name="testInitialize_Failure3" time="0.057" />
  <testcase classname="com.topcoder.clients.webservices.beans.ProjectStatusServiceBeanTest" name="testInitialize_Failure4" time="0.117" />
  <testcase classname="com.topcoder.clients.webservices.beans.ProjectStatusServiceBeanTest" name="testIsVerboseLogging_Accuracy" time="0.055" />
  <testcase classname="com.topcoder.clients.webservices.beans.ProjectStatusServiceBeanTest" name="testSetVerboseLogging_Accuracy" time="0.056" />
  <testcase classname="com.topcoder.clients.webservices.beans.ProjectStatusServiceBeanTest" name="testGetLog_Accuracy" time="0.055" />
  <testcase classname="com.topcoder.clients.webservices.beans.ProjectStatusServiceBeanTest" name="testSetLog_Accuracy" time="0.075" />
  <testcase classname="com.topcoder.clients.webservices.beans.ProjectStatusServiceBeanTest" name="testProjectStatusServiceBean_Accuracy" time="0.054" />
  <testcase classname="com.topcoder.clients.webservices.beans.ProjectStatusServiceBeanTest" name="testCreateProjectStatus_Accuracy" time="0.057" />
  <testcase classname="com.topcoder.clients.webservices.beans.ProjectStatusServiceBeanTest" name="testCreateProjectStatus_Failure1" time="0.056" />
  <testcase classname="com.topcoder.clients.webservices.beans.ProjectStatusServiceBeanTest" name="testCreateProjectStatus_Failure2" time="0.055" />
  <testcase classname="com.topcoder.clients.webservices.beans.ProjectStatusServiceBeanTest" name="testCreateProjectStatus_Failure3" time="0.077" />
  <testcase classname="com.topcoder.clients.webservices.beans.ProjectStatusServiceBeanTest" name="testUpdateProjectStatus_Accuracy" time="0.054" />
  <testcase classname="com.topcoder.clients.webservices.beans.ProjectStatusServiceBeanTest" name="testUpdateProjectStatus_Failure1" time="0.055" />
  <testcase classname="com.topcoder.clients.webservices.beans.ProjectStatusServiceBeanTest" name="testUpdateProjectStatus_Failure2" time="0.055" />
  <testcase classname="com.topcoder.clients.webservices.beans.ProjectStatusServiceBeanTest" name="testUpdateProjectStatus_Failure3" time="0.056" />
  <testcase classname="com.topcoder.clients.webservices.beans.ProjectStatusServiceBeanTest" name="testDeleteProjectStatus_Accuracy" time="0.055" />
  <testcase classname="com.topcoder.clients.webservices.beans.ProjectStatusServiceBeanTest" name="testDeleteProjectStatus_Failure1" time="0.055" />
  <testcase classname="com.topcoder.clients.webservices.beans.ProjectStatusServiceBeanTest" name="testDeleteProjectStatus_Failure2" time="0.055" />
  <testcase classname="com.topcoder.clients.webservices.beans.ProjectStatusServiceBeanTest" name="testDeleteProjectStatus_Failure3" time="0.076" />
  <testcase classname="com.topcoder.clients.webservices.beans.LookupServiceBeanTest" name="testInitialize_Accuracy1" time="0.471" />
  <testcase classname="com.topcoder.clients.webservices.beans.LookupServiceBeanTest" name="testInitialize_Accuracy2" time="0.452" />
  <testcase classname="com.topcoder.clients.webservices.beans.LookupServiceBeanTest" name="testInitialize_Failure1" time="0.217" />
  <testcase classname="com.topcoder.clients.webservices.beans.LookupServiceBeanTest" name="testInitialize_Failure2" time="0.242" />
  <testcase classname="com.topcoder.clients.webservices.beans.LookupServiceBeanTest" name="testInitialize_Failure3" time="0.215" />
  <testcase classname="com.topcoder.clients.webservices.beans.LookupServiceBeanTest" name="testInitialize_Failure4" time="0.314" />
  <testcase classname="com.topcoder.clients.webservices.beans.LookupServiceBeanTest" name="testIsVerboseLogging_Accuracy" time="0.236" />
  <testcase classname="com.topcoder.clients.webservices.beans.LookupServiceBeanTest" name="testSetVerboseLogging_Accuracy" time="0.233" />
  <testcase classname="com.topcoder.clients.webservices.beans.LookupServiceBeanTest" name="testGetLog_Accuracy" time="0.213" />
  <testcase classname="com.topcoder.clients.webservices.beans.LookupServiceBeanTest" name="testSetLog_Accuracy" time="0.214" />
  <testcase classname="com.topcoder.clients.webservices.beans.LookupServiceBeanTest" name="testLookupServiceBean_Accuracy" time="0.233" />
  <testcase classname="com.topcoder.clients.webservices.beans.LookupServiceBeanTest" name="testInitialize_Failure6" time="0.234" />
  <testcase classname="com.topcoder.clients.webservices.beans.LookupServiceBeanTest" name="testRetrieveClient_Accuracy1" time="0.233" />
  <testcase classname="com.topcoder.clients.webservices.beans.LookupServiceBeanTest" name="testRetrieveClient_Accuracy2" time="0.213" />
  <testcase classname="com.topcoder.clients.webservices.beans.LookupServiceBeanTest" name="testRetrieveClient_Failure1" time="0.22" />
  <testcase classname="com.topcoder.clients.webservices.beans.LookupServiceBeanTest" name="testRetrieveClient_Failure2" time="0.236" />
  <testcase classname="com.topcoder.clients.webservices.beans.LookupServiceBeanTest" name="testRetrieveClient_Failure3" time="0.214" />
  <testcase classname="com.topcoder.clients.webservices.beans.LookupServiceBeanTest" name="testRetrieveClient_Failure4" time="0.216" />
  <testcase classname="com.topcoder.clients.webservices.beans.LookupServiceBeanTest" name="testRetrieveAllClients_Accuracy" time="0.233" />
  <testcase classname="com.topcoder.clients.webservices.beans.LookupServiceBeanTest" name="testRetrieveAllClients_Failure1" time="0.213" />
  <testcase classname="com.topcoder.clients.webservices.beans.LookupServiceBeanTest" name="testRetrieveAllClients_Failure2" time="0.232" />
  <testcase classname="com.topcoder.clients.webservices.beans.LookupServiceBeanTest" name="testRetrieveAllClients_Failure3" time="0.234" />
  <testcase classname="com.topcoder.clients.webservices.beans.LookupServiceBeanTest" name="testSearchClientsByName_Accuracy" time="0.243" />
  <testcase classname="com.topcoder.clients.webservices.beans.LookupServiceBeanTest" name="testSearchClientsByName_Failure1" time="0.213" />
  <testcase classname="com.topcoder.clients.webservices.beans.LookupServiceBeanTest" name="testSearchClientsByName_Failure2" time="0.232" />
  <testcase classname="com.topcoder.clients.webservices.beans.LookupServiceBeanTest" name="testSearchClientsByName_Failure3" time="0.235" />
  <testcase classname="com.topcoder.clients.webservices.beans.LookupServiceBeanTest" name="testSearchClientsByName_Failure4" time="0.255" />
  <testcase classname="com.topcoder.clients.webservices.beans.LookupServiceBeanTest" name="testSearchClients_Accuracy" time="0.232" />
  <testcase classname="com.topcoder.clients.webservices.beans.LookupServiceBeanTest" name="testSearchClients_Failure1" time="0.214" />
  <testcase classname="com.topcoder.clients.webservices.beans.LookupServiceBeanTest" name="testSearchClients_Failure2" time="0.233" />
  <testcase classname="com.topcoder.clients.webservices.beans.LookupServiceBeanTest" name="testSearchClients_Failure3" time="0.21" />
  <testcase classname="com.topcoder.clients.webservices.beans.LookupServiceBeanTest" name="testSearchClients_Failure4" time="0.248" />
  <testcase classname="com.topcoder.clients.webservices.beans.LookupServiceBeanTest" name="testGetClientStatus_Accuracy" time="0.214" />
  <testcase classname="com.topcoder.clients.webservices.beans.LookupServiceBeanTest" name="testGetClientStatus_Failure1" time="0.215" />
  <testcase classname="com.topcoder.clients.webservices.beans.LookupServiceBeanTest" name="testGetClientStatus_Failure2" time="0.233" />
  <testcase classname="com.topcoder.clients.webservices.beans.LookupServiceBeanTest" name="testGetClientStatus_Failure3" time="0.233" />
  <testcase classname="com.topcoder.clients.webservices.beans.LookupServiceBeanTest" name="testGetClientStatus_Failure4" time="0.207" />
  <testcase classname="com.topcoder.clients.webservices.beans.LookupServiceBeanTest" name="testGetAllClientStatuses_Accuracy" time="0.231" />
  <testcase classname="com.topcoder.clients.webservices.beans.LookupServiceBeanTest" name="testGetAllClientStatuses_Failure1" time="0.239" />
  <testcase classname="com.topcoder.clients.webservices.beans.LookupServiceBeanTest" name="testGetAllClientStatuses_Failure2" time="0.228" />
  <testcase classname="com.topcoder.clients.webservices.beans.LookupServiceBeanTest" name="testGetAllClientStatuses_Failure3" time="0.229" />
  <testcase classname="com.topcoder.clients.webservices.beans.LookupServiceBeanTest" name="testGetClientsForStatus_Accuracy" time="0.209" />
  <testcase classname="com.topcoder.clients.webservices.beans.LookupServiceBeanTest" name="testGetClientsForStatus_Failure1" time="0.214" />
  <testcase classname="com.topcoder.clients.webservices.beans.LookupServiceBeanTest" name="testGetClientsForStatus_Failure2" time="0.24" />
  <testcase classname="com.topcoder.clients.webservices.beans.LookupServiceBeanTest" name="testGetClientsForStatus_Failure3" time="0.216" />
  <testcase classname="com.topcoder.clients.webservices.beans.LookupServiceBeanTest" name="testGetClientsForStatus_Failure4" time="0.21" />
  <testcase classname="com.topcoder.clients.webservices.beans.LookupServiceBeanTest" name="testRetrieveProject_Accuracy1" time="0.23" />
  <testcase classname="com.topcoder.clients.webservices.beans.LookupServiceBeanTest" name="testRetrieveProject_Accuracy2" time="0.208" />
  <testcase classname="com.topcoder.clients.webservices.beans.LookupServiceBeanTest" name="testRetrieveProject_Failure1" time="0.23" />
  <testcase classname="com.topcoder.clients.webservices.beans.LookupServiceBeanTest" name="testRetrieveProject_Failure2" time="0.228" />
  <testcase classname="com.topcoder.clients.webservices.beans.LookupServiceBeanTest" name="testRetrieveProject_Failure3" time="0.227" />
  <testcase classname="com.topcoder.clients.webservices.beans.LookupServiceBeanTest" name="testRetrieveProject_Failure4" time="0.228" />
  <testcase classname="com.topcoder.clients.webservices.beans.LookupServiceBeanTest" name="testRetrieveProjectsForClient_Accuracy" time="0.204" />
  <testcase classname="com.topcoder.clients.webservices.beans.LookupServiceBeanTest" name="testRetrieveProjectsForClient_Failure1" time="0.204" />
  <testcase classname="com.topcoder.clients.webservices.beans.LookupServiceBeanTest" name="testRetrieveProjectsForClient_Failure2" time="0.226" />
  <testcase classname="com.topcoder.clients.webservices.beans.LookupServiceBeanTest" name="testRetrieveProjectsForClient_Failure3" time="0.204" />
  <testcase classname="com.topcoder.clients.webservices.beans.LookupServiceBeanTest" name="testRetrieveProjectsForClient_Failure4" time="0.204" />
  <testcase classname="com.topcoder.clients.webservices.beans.LookupServiceBeanTest" name="testRetrieveAllProjects_Accuracy" time="0.228" />
  <testcase classname="com.topcoder.clients.webservices.beans.LookupServiceBeanTest" name="testRetrieveAllProjects_Failure1" time="0.205" />
  <testcase classname="com.topcoder.clients.webservices.beans.LookupServiceBeanTest" name="testRetrieveAllProjects_Failure2" time="0.23" />
  <testcase classname="com.topcoder.clients.webservices.beans.LookupServiceBeanTest" name="testRetrieveAllProjects_Failure3" time="0.23" />
  <testcase classname="com.topcoder.clients.webservices.beans.LookupServiceBeanTest" name="testSearchProjectsByName_Accuracy" time="0.204" />
  <testcase classname="com.topcoder.clients.webservices.beans.LookupServiceBeanTest" name="testSearchProjectsByName_Failure1" time="0.226" />
  <testcase classname="com.topcoder.clients.webservices.beans.LookupServiceBeanTest" name="testSearchProjectsByName_Failure2" time="0.206" />
  <testcase classname="com.topcoder.clients.webservices.beans.LookupServiceBeanTest" name="testSearchProjectsByName_Failure3" time="0.226" />
  <testcase classname="com.topcoder.clients.webservices.beans.LookupServiceBeanTest" name="testSearchProjectsByName_Failure4" time="0.206" />
  <testcase classname="com.topcoder.clients.webservices.beans.LookupServiceBeanTest" name="testSearchProjects_Accuracy" time="0.203" />
  <testcase classname="com.topcoder.clients.webservices.beans.LookupServiceBeanTest" name="testSearchProjects_Failure1" time="0.227" />
  <testcase classname="com.topcoder.clients.webservices.beans.LookupServiceBeanTest" name="testSearchProjects_Failure2" time="0.204" />
  <testcase classname="com.topcoder.clients.webservices.beans.LookupServiceBeanTest" name="testSearchProjects_Failure3" time="0.208" />
  <testcase classname="com.topcoder.clients.webservices.beans.LookupServiceBeanTest" name="testSearchProjects_Failure4" time="0.229" />
  <testcase classname="com.topcoder.clients.webservices.beans.LookupServiceBeanTest" name="testGetProjectStatus_Accuracy" time="0.203" />
  <testcase classname="com.topcoder.clients.webservices.beans.LookupServiceBeanTest" name="testGetProjectStatus_Failure1" time="0.228" />
  <testcase classname="com.topcoder.clients.webservices.beans.LookupServiceBeanTest" name="testGetProjectStatus_Failure2" time="0.226" />
  <testcase classname="com.topcoder.clients.webservices.beans.LookupServiceBeanTest" name="testGetProjectStatus_Failure3" time="0.229" />
  <testcase classname="com.topcoder.clients.webservices.beans.LookupServiceBeanTest" name="testGetProjectStatus_Failure4" time="0.205" />
  <testcase classname="com.topcoder.clients.webservices.beans.LookupServiceBeanTest" name="testGetAllProjectStatuses_Accuracy" time="0.224" />
  <testcase classname="com.topcoder.clients.webservices.beans.LookupServiceBeanTest" name="testGetAllProjectStatuses_Failure1" time="0.206" />
  <testcase classname="com.topcoder.clients.webservices.beans.LookupServiceBeanTest" name="testGetAllProjectStatuses_Failure2" time="0.209" />
  <testcase classname="com.topcoder.clients.webservices.beans.LookupServiceBeanTest" name="testGetAllProjectStatuses_Failure3" time="0.226" />
  <testcase classname="com.topcoder.clients.webservices.beans.LookupServiceBeanTest" name="testGetProjectsForStatus_Accuracy" time="0.206" />
  <testcase classname="com.topcoder.clients.webservices.beans.LookupServiceBeanTest" name="testGetProjectsForStatus_Failure1" time="0.203" />
  <testcase classname="com.topcoder.clients.webservices.beans.LookupServiceBeanTest" name="testGetProjectsForStatus_Failure2" time="0.24" />
  <testcase classname="com.topcoder.clients.webservices.beans.LookupServiceBeanTest" name="testGetProjectsForStatus_Failure3" time="0.23" />
  <testcase classname="com.topcoder.clients.webservices.beans.LookupServiceBeanTest" name="testGetProjectsForStatus_Failure4" time="0.206" />
  <testcase classname="com.topcoder.clients.webservices.beans.LookupServiceBeanTest" name="testRetrieveCompany_Accuracy" time="0.229" />
  <testcase classname="com.topcoder.clients.webservices.beans.LookupServiceBeanTest" name="testRetrieveCompany_Failure1" time="0.205" />
  <testcase classname="com.topcoder.clients.webservices.beans.LookupServiceBeanTest" name="testRetrieveCompany_Failure2" time="0.205" />
  <testcase classname="com.topcoder.clients.webservices.beans.LookupServiceBeanTest" name="testRetrieveCompany_Failure3" time="0.229" />
  <testcase classname="com.topcoder.clients.webservices.beans.LookupServiceBeanTest" name="testRetrieveCompany_Failure4" time="0.229" />
  <testcase classname="com.topcoder.clients.webservices.beans.LookupServiceBeanTest" name="testRetrieveAllCompanies_Accuracy" time="0.204" />
  <testcase classname="com.topcoder.clients.webservices.beans.LookupServiceBeanTest" name="testRetrieveAllCompanies_Failure1" time="0.23" />
  <testcase classname="com.topcoder.clients.webservices.beans.LookupServiceBeanTest" name="testRetrieveAllCompanies_Failure2" time="0.204" />
  <testcase classname="com.topcoder.clients.webservices.beans.LookupServiceBeanTest" name="testRetrieveAllCompanies_Failure3" time="0.205" />
  <testcase classname="com.topcoder.clients.webservices.beans.LookupServiceBeanTest" name="testSearchCompaniesByName_Accuracy" time="0.227" />
  <testcase classname="com.topcoder.clients.webservices.beans.LookupServiceBeanTest" name="testSearchCompaniesByName_Failure1" time="0.226" />
  <testcase classname="com.topcoder.clients.webservices.beans.LookupServiceBeanTest" name="testSearchCompaniesByName_Failure2" time="0.204" />
  <testcase classname="com.topcoder.clients.webservices.beans.LookupServiceBeanTest" name="testSearchCompaniesByName_Failure3" time="0.228" />
  <testcase classname="com.topcoder.clients.webservices.beans.LookupServiceBeanTest" name="testSearchCompaniesByName_Failure4" time="0.206" />
  <testcase classname="com.topcoder.clients.webservices.beans.LookupServiceBeanTest" name="testSearchCompanies_Accuracy" time="0.226" />
  <testcase classname="com.topcoder.clients.webservices.beans.LookupServiceBeanTest" name="testSearchCompanies_Failure1" time="0.206" />
  <testcase classname="com.topcoder.clients.webservices.beans.LookupServiceBeanTest" name="testSearchCompanies_Failure2" time="0.205" />
  <testcase classname="com.topcoder.clients.webservices.beans.LookupServiceBeanTest" name="testSearchCompanies_Failure3" time="0.229" />
  <testcase classname="com.topcoder.clients.webservices.beans.LookupServiceBeanTest" name="testSearchCompanies_Failure4" time="0.228" />
  <testcase classname="com.topcoder.clients.webservices.beans.LookupServiceBeanTest" name="testGetClientsForCompany_Accuracy" time="0.206" />
  <testcase classname="com.topcoder.clients.webservices.beans.LookupServiceBeanTest" name="testGetClientsForCompany_Failure1" time="0.229" />
  <testcase classname="com.topcoder.clients.webservices.beans.LookupServiceBeanTest" name="testGetClientsForCompany_Failure2" time="0.204" />
  <testcase classname="com.topcoder.clients.webservices.beans.LookupServiceBeanTest" name="testGetClientsForCompany_Failure3" time="0.23" />
  <testcase classname="com.topcoder.clients.webservices.beans.LookupServiceBeanTest" name="testGetClientsForCompany_Failure4" time="0.205" />
  <testcase classname="com.topcoder.clients.webservices.beans.LookupServiceBeanTest" name="testGetProjectsForCompany_Accuracy" time="0.204" />
  <testcase classname="com.topcoder.clients.webservices.beans.LookupServiceBeanTest" name="testGetProjectsForCompany_Failure1" time="0.202" />
  <testcase classname="com.topcoder.clients.webservices.beans.LookupServiceBeanTest" name="testGetProjectsForCompany_Failure2" time="0.229" />
  <testcase classname="com.topcoder.clients.webservices.beans.LookupServiceBeanTest" name="testGetProjectsForCompany_Failure3" time="0.206" />
  <testcase classname="com.topcoder.clients.webservices.beans.LookupServiceBeanTest" name="testGetProjectsForCompany_Failure4" time="0.228" />
  <testcase classname="com.topcoder.clients.webservices.webserviceclients.ClientStatusServiceClientTest" name="testCtor1" time="0.0020" />
  <testcase classname="com.topcoder.clients.webservices.webserviceclients.ClientStatusServiceClientTest" name="testCtor2" time="0.0" />
  <testcase classname="com.topcoder.clients.webservices.webserviceclients.ClientStatusServiceClientTest" name="testCtor3" time="0.0" />
  <testcase classname="com.topcoder.clients.webservices.webserviceclients.ClientStatusServiceClientTest" name="testCtor4" time="0.0" />
  <testcase classname="com.topcoder.clients.webservices.webserviceclients.ClientStatusServiceClientTest" name="testCtor5" time="0.052" />
  <testcase classname="com.topcoder.clients.webservices.webserviceclients.ClientStatusServiceClientTest" name="testCtor1_Accuracy" time="0.737" />
  <testcase classname="com.topcoder.clients.webservices.webserviceclients.ClientStatusServiceClientTest" name="testCtor2_Accuracy" time="0.191" />
  <testcase classname="com.topcoder.clients.webservices.webserviceclients.ClientStatusServiceClientTest" name="testCtor3_Accuracy" time="0.141" />
  <testcase classname="com.topcoder.clients.webservices.webserviceclients.ClientStatusServiceClientTest" name="testGetClientStatusServicePort" time="0.799" />
  <testcase classname="com.topcoder.clients.webservices.webserviceclients.LookupServiceClientTest" name="testCtor1" time="0.0010" />
  <testcase classname="com.topcoder.clients.webservices.webserviceclients.LookupServiceClientTest" name="testCtor2" time="0.0" />
  <testcase classname="com.topcoder.clients.webservices.webserviceclients.LookupServiceClientTest" name="testCtor3" time="0.0" />
  <testcase classname="com.topcoder.clients.webservices.webserviceclients.LookupServiceClientTest" name="testCtor4" time="0.0" />
  <testcase classname="com.topcoder.clients.webservices.webserviceclients.LookupServiceClientTest" name="testCtor5" time="0.055" />
  <testcase classname="com.topcoder.clients.webservices.webserviceclients.LookupServiceClientTest" name="testCtor1_Accuracy" time="0.349" />
  <testcase classname="com.topcoder.clients.webservices.webserviceclients.LookupServiceClientTest" name="testCtor2_Accuracy" time="0.316" />
  <testcase classname="com.topcoder.clients.webservices.webserviceclients.LookupServiceClientTest" name="testCtor3_Accuracy" time="0.359" />
  <testcase classname="com.topcoder.clients.webservices.webserviceclients.LookupServiceClientTest" name="testGetLookupServicePort" time="0.859" />
  <testcase classname="com.topcoder.clients.webservices.webserviceclients.ProjectStatusServiceClientTest" name="testCtor1" time="0.0010" />
  <testcase classname="com.topcoder.clients.webservices.webserviceclients.ProjectStatusServiceClientTest" name="testCtor2" time="0.0" />
  <testcase classname="com.topcoder.clients.webservices.webserviceclients.ProjectStatusServiceClientTest" name="testCtor3" time="0.0" />
  <testcase classname="com.topcoder.clients.webservices.webserviceclients.ProjectStatusServiceClientTest" name="testCtor4" time="0.0" />
  <testcase classname="com.topcoder.clients.webservices.webserviceclients.ProjectStatusServiceClientTest" name="testCtor5" time="0.053" />
  <testcase classname="com.topcoder.clients.webservices.webserviceclients.ProjectStatusServiceClientTest" name="testCtor1_Accuracy" time="0.118" />
  <testcase classname="com.topcoder.clients.webservices.webserviceclients.ProjectStatusServiceClientTest" name="testCtor2_Accuracy" time="0.112" />
  <testcase classname="com.topcoder.clients.webservices.webserviceclients.ProjectStatusServiceClientTest" name="testCtor3_Accuracy" time="0.173" />
  <testcase classname="com.topcoder.clients.webservices.webserviceclients.ProjectStatusServiceClientTest" name="testGetProjectStatusServicePort" time="0.205" />
  <testcase classname="com.topcoder.clients.webservices.ClientStatusServiceExceptionTest" name="testCtorWithMsg" time="0.0" />
  <testcase classname="com.topcoder.clients.webservices.ClientStatusServiceExceptionTest" name="testCtorWithMsgCause" time="0.0" />
  <testcase classname="com.topcoder.clients.webservices.LookupServiceExceptionTest" name="testCtorWithMsg" time="0.0010" />
  <testcase classname="com.topcoder.clients.webservices.LookupServiceExceptionTest" name="testCtorWithMsgCause" time="0.0" />
  <testcase classname="com.topcoder.clients.webservices.ProjectStatusServiceExceptionTest" name="testCtorWithMsg" time="0.0" />
  <testcase classname="com.topcoder.clients.webservices.ProjectStatusServiceExceptionTest" name="testCtorWithMsgCause" time="0.0010" />
  <testcase classname="com.topcoder.clients.webservices.beans.ClientStatusServiceBeanConfigurationExceptionTest" name="testCtorWithMsg" time="0.0" />
  <testcase classname="com.topcoder.clients.webservices.beans.ClientStatusServiceBeanConfigurationExceptionTest" name="testCtorWithMsgCause" time="0.0" />
  <testcase classname="com.topcoder.clients.webservices.beans.LookupServiceBeanConfigurationExceptionTest" name="testCtorWithMsg" time="0.0" />
  <testcase classname="com.topcoder.clients.webservices.beans.LookupServiceBeanConfigurationExceptionTest" name="testCtorWithMsgCause" time="0.0010" />
  <testcase classname="com.topcoder.clients.webservices.beans.ProjectStatusServiceBeanConfigurationExceptionTest" name="testCtorWithMsg" time="0.0010" />
  <testcase classname="com.topcoder.clients.webservices.beans.ProjectStatusServiceBeanConfigurationExceptionTest" name="testCtorWithMsgCause" time="0.0" />
  <testcase classname="com.topcoder.clients.webservices.webserviceclients.ClientStatusServiceClientCreationExceptionTest" name="testCtorWithMsg" time="0.0" />
  <testcase classname="com.topcoder.clients.webservices.webserviceclients.ClientStatusServiceClientCreationExceptionTest" name="testCtorWithMsgCause" time="0.0" />
  <testcase classname="com.topcoder.clients.webservices.webserviceclients.ProjectStatusServiceClientCreationExceptionTest" name="testCtorWithMsg" time="0.0010" />
  <testcase classname="com.topcoder.clients.webservices.webserviceclients.ProjectStatusServiceClientCreationExceptionTest" name="testCtorWithMsgCause" time="0.0" />
  <testcase classname="com.topcoder.clients.webservices.webserviceclients.LookupServiceClientCreationExceptionTest" name="testCtorWithMsg" time="0.0" />
  <testcase classname="com.topcoder.clients.webservices.webserviceclients.LookupServiceClientCreationExceptionTest" name="testCtorWithMsgCause" time="0.0010" />
  <testcase classname="com.topcoder.clients.webservices.UtilTest" name="testCheckNull_Accuracy" time="0.0" />
  <testcase classname="com.topcoder.clients.webservices.UtilTest" name="testCheckNull_Failure" time="0.0" />
  <testcase classname="com.topcoder.clients.webservices.UtilTest" name="testCheckNullAndReturn_Accuracy" time="0.0010" />
  <testcase classname="com.topcoder.clients.webservices.UtilTest" name="testCheckNullAndReturn_Failure" time="0.0" />
  <testcase classname="com.topcoder.clients.webservices.UtilTest" name="testCheckNullWithLog_Accuracy" time="0.0" />
  <testcase classname="com.topcoder.clients.webservices.UtilTest" name="testCheckNullWithLog_Failure" time="0.0010" />
  <testcase classname="com.topcoder.clients.webservices.UtilTest" name="testCheckNullOrEmpty_Accuracy" time="0.0" />
  <testcase classname="com.topcoder.clients.webservices.UtilTest" name="testCheckNullOrEmpty_Failure" time="0.0" />
  <testcase classname="com.topcoder.clients.webservices.UtilTest" name="testCheckPositiveWithLog_Accuracy" time="0.0" />
  <testcase classname="com.topcoder.clients.webservices.UtilTest" name="testCheckPositiveWithLog_Failure1" time="0.0010" />
  <testcase classname="com.topcoder.clients.webservices.UtilTest" name="testCheckPositiveWithLog_Failure2" time="0.0" />
  <testcase classname="com.topcoder.clients.webservices.UtilTest" name="testIsValidString_Accuracy" time="0.0" />
  <testcase classname="com.topcoder.clients.webservices.UtilTest" name="testCreateManagerFromConfiguration_Accuracy" time="0.055" />
  <testcase classname="com.topcoder.clients.webservices.UtilTest" name="testCreateManagerFromConfiguration_Failure1" time="0.0020" />
  <testcase classname="com.topcoder.clients.webservices.UtilTest" name="testCreateManagerFromConfiguration_Failure2" time="0.053" />
  <testcase classname="com.topcoder.clients.webservices.UtilTest" name="testCheckResource_Accuracy" time="0.0" />
  <testcase classname="com.topcoder.clients.webservices.UtilTest" name="testCheckResource_Failure" time="0.0" />
  <testcase classname="com.topcoder.clients.webservices.UtilTest" name="testOnEntityUpdate_Accuracy" time="0.0010" />
  <testcase classname="com.topcoder.clients.webservices.UtilTest" name="testLogEnter_Accuracy" time="0.0" />
  <testcase classname="com.topcoder.clients.webservices.UtilTest" name="testLogExit_Accuracy" time="0.0" />
  <testcase classname="com.topcoder.clients.webservices.UtilTest" name="testLogException_Accuracy" time="0.0010" />
  <testcase classname="com.topcoder.clients.webservices.UtilTest" name="testDescribeError_Accuracy" time="0.0" />
  <testcase classname="com.topcoder.clients.webservices.UtilTest" name="testFormatClientStatus_Accuracy" time="0.0" />
  <testcase classname="com.topcoder.clients.webservices.UtilTest" name="testFormatProjectStatus_Accuracy" time="0.0" />
  <testcase classname="com.topcoder.clients.webservices.Demo" name="testProjectStatusService" time="0.053" />
  <testcase classname="com.topcoder.clients.webservices.Demo" name="testClientStatusService" time="0.053" />
  <testcase classname="com.topcoder.clients.webservices.Demo" name="testLookupService" time="0.208" />
  <testcase classname="com.topcoder.clients.webservices.accuracytests.ClientStatusServiceClientTests" name="testCreateClientStatus" time="2.138" />
  <testcase classname="com.topcoder.clients.webservices.accuracytests.ProjectStatusServiceClientTests" name="testService" time="0.275" />
  <testcase classname="com.topcoder.clients.webservices.accuracytests.LookupServiceClientTests" name="testService" time="1.011" />
  <testcase classname="com.topcoder.clients.webservices.failuretests.ClientStatusServiceBeanFailureTests" name="testCreateClientStatus_Failure1" time="0.0010" />
  <testcase classname="com.topcoder.clients.webservices.failuretests.ClientStatusServiceBeanFailureTests" name="testCreateClientStatus_Failure2" time="0.0010" />
  <testcase classname="com.topcoder.clients.webservices.failuretests.ClientStatusServiceBeanFailureTests" name="testUpdateClientStatus_Failure1" time="0.0" />
  <testcase classname="com.topcoder.clients.webservices.failuretests.ClientStatusServiceBeanFailureTests" name="testUpdateClientStatus_Failure2" time="0.0" />
  <testcase classname="com.topcoder.clients.webservices.failuretests.ClientStatusServiceBeanFailureTests" name="testDeleteClientStatus_Failure1" time="0.0" />
  <testcase classname="com.topcoder.clients.webservices.failuretests.ClientStatusServiceBeanFailureTests" name="testDeleteClientStatus_Failure2" time="0.0" />
  <testcase classname="com.topcoder.clients.webservices.failuretests.LookupServiceBeanFailureTests" name="testRetrieveClient_Failure1" time="0.0" />
  <testcase classname="com.topcoder.clients.webservices.failuretests.LookupServiceBeanFailureTests" name="testRetrieveClient_Failure2" time="0.0" />
  <testcase classname="com.topcoder.clients.webservices.failuretests.LookupServiceBeanFailureTests" name="testRetrieveClient_Failure3" time="0.0" />
  <testcase classname="com.topcoder.clients.webservices.failuretests.LookupServiceBeanFailureTests" name="testRetrieveClient_Failure4" time="0.0" />
  <testcase classname="com.topcoder.clients.webservices.failuretests.LookupServiceBeanFailureTests" name="testRetrieveAllClients_Failure1" time="0.0" />
  <testcase classname="com.topcoder.clients.webservices.failuretests.LookupServiceBeanFailureTests" name="testRetrieveAllClients_Failure2" time="0.0" />
  <testcase classname="com.topcoder.clients.webservices.failuretests.LookupServiceBeanFailureTests" name="testRetrieveAllClients_Failure3" time="0.0010" />
  <testcase classname="com.topcoder.clients.webservices.failuretests.LookupServiceBeanFailureTests" name="testSearchClientsByName_Failure1" time="0.0" />
  <testcase classname="com.topcoder.clients.webservices.failuretests.LookupServiceBeanFailureTests" name="testSearchClientsByName_Failure2" time="0.0010" />
  <testcase classname="com.topcoder.clients.webservices.failuretests.LookupServiceBeanFailureTests" name="testSearchClientsByName_Failure3" time="0.0" />
  <testcase classname="com.topcoder.clients.webservices.failuretests.LookupServiceBeanFailureTests" name="testSearchClientsByName_Failure4" time="0.0010" />
  <testcase classname="com.topcoder.clients.webservices.failuretests.LookupServiceBeanFailureTests" name="testSearchClients_Failure1" time="0.0" />
  <testcase classname="com.topcoder.clients.webservices.failuretests.LookupServiceBeanFailureTests" name="testSearchClients_Failure2" time="0.0" />
  <testcase classname="com.topcoder.clients.webservices.failuretests.LookupServiceBeanFailureTests" name="testSearchClients_Failure3" time="0.0" />
  <testcase classname="com.topcoder.clients.webservices.failuretests.LookupServiceBeanFailureTests" name="testSearchClients_Failure4" time="0.0" />
  <testcase classname="com.topcoder.clients.webservices.failuretests.LookupServiceBeanFailureTests" name="testGetClientStatus_Failure1" time="0.0" />
  <testcase classname="com.topcoder.clients.webservices.failuretests.LookupServiceBeanFailureTests" name="testGetClientStatus_Failure2" time="0.0" />
  <testcase classname="com.topcoder.clients.webservices.failuretests.LookupServiceBeanFailureTests" name="testGetClientStatus_Failure3" time="0.0" />
  <testcase classname="com.topcoder.clients.webservices.failuretests.LookupServiceBeanFailureTests" name="testGetClientStatus_Failure4" time="0.0010" />
  <testcase classname="com.topcoder.clients.webservices.failuretests.LookupServiceBeanFailureTests" name="testGetAllClientStatuses_Failure1" time="0.0" />
  <testcase classname="com.topcoder.clients.webservices.failuretests.LookupServiceBeanFailureTests" name="testGetAllClientStatuses_Failure2" time="0.0" />
  <testcase classname="com.topcoder.clients.webservices.failuretests.LookupServiceBeanFailureTests" name="testGetAllClientStatuses_Failure3" time="0.0" />
  <testcase classname="com.topcoder.clients.webservices.failuretests.LookupServiceBeanFailureTests" name="testGetClientsForStatus_Failure1" time="0.0" />
  <testcase classname="com.topcoder.clients.webservices.failuretests.LookupServiceBeanFailureTests" name="testGetClientsForStatus_Failure2" time="0.0" />
  <testcase classname="com.topcoder.clients.webservices.failuretests.LookupServiceBeanFailureTests" name="testGetClientsForStatus_Failure3" time="0.0" />
  <testcase classname="com.topcoder.clients.webservices.failuretests.LookupServiceBeanFailureTests" name="testGetClientsForStatus_Failure4" time="0.0" />
  <testcase classname="com.topcoder.clients.webservices.failuretests.LookupServiceBeanFailureTests" name="testRetrieveProject_Failure1" time="0.0010" />
  <testcase classname="com.topcoder.clients.webservices.failuretests.LookupServiceBeanFailureTests" name="testRetrieveProject_Failure2" time="0.0010" />
  <testcase classname="com.topcoder.clients.webservices.failuretests.LookupServiceBeanFailureTests" name="testRetrieveProject_Failure3" time="0.0" />
  <testcase classname="com.topcoder.clients.webservices.failuretests.LookupServiceBeanFailureTests" name="testRetrieveProject_Failure4" time="0.0010" />
  <testcase classname="com.topcoder.clients.webservices.failuretests.LookupServiceBeanFailureTests" name="testRetrieveProjectsForClient_Failure1" time="0.0" />
  <testcase classname="com.topcoder.clients.webservices.failuretests.LookupServiceBeanFailureTests" name="testRetrieveProjectsForClient_Failure2" time="0.0" />
  <testcase classname="com.topcoder.clients.webservices.failuretests.LookupServiceBeanFailureTests" name="testRetrieveProjectsForClient_Failure3" time="0.0" />
  <testcase classname="com.topcoder.clients.webservices.failuretests.LookupServiceBeanFailureTests" name="testRetrieveProjectsForClient_Failure4" time="0.0" />
  <testcase classname="com.topcoder.clients.webservices.failuretests.LookupServiceBeanFailureTests" name="testRetrieveAllProjects_Failure1" time="0.0010" />
  <testcase classname="com.topcoder.clients.webservices.failuretests.LookupServiceBeanFailureTests" name="testRetrieveAllProjects_Failure2" time="0.0" />
  <testcase classname="com.topcoder.clients.webservices.failuretests.LookupServiceBeanFailureTests" name="testRetrieveAllProjects_Failure3" time="0.0" />
  <testcase classname="com.topcoder.clients.webservices.failuretests.LookupServiceBeanFailureTests" name="testSearchProjectsByName_Failure1" time="0.0" />
  <testcase classname="com.topcoder.clients.webservices.failuretests.LookupServiceBeanFailureTests" name="testSearchProjectsByName_Failure2" time="0.0" />
  <testcase classname="com.topcoder.clients.webservices.failuretests.LookupServiceBeanFailureTests" name="testSearchProjectsByName_Failure3" time="0.0" />
  <testcase classname="com.topcoder.clients.webservices.failuretests.LookupServiceBeanFailureTests" name="testSearchProjectsByName_Failure4" time="0.0" />
  <testcase classname="com.topcoder.clients.webservices.failuretests.LookupServiceBeanFailureTests" name="testSearchProjects_Failure1" time="0.0" />
  <testcase classname="com.topcoder.clients.webservices.failuretests.LookupServiceBeanFailureTests" name="testSearchProjects_Failure2" time="0.0" />
  <testcase classname="com.topcoder.clients.webservices.failuretests.LookupServiceBeanFailureTests" name="testSearchProjects_Failure3" time="0.0" />
  <testcase classname="com.topcoder.clients.webservices.failuretests.LookupServiceBeanFailureTests" name="testSearchProjects_Failure4" time="0.0" />
  <testcase classname="com.topcoder.clients.webservices.failuretests.LookupServiceBeanFailureTests" name="testGetProjectStatus_Failure1" time="0.0" />
  <testcase classname="com.topcoder.clients.webservices.failuretests.LookupServiceBeanFailureTests" name="testGetProjectStatus_Failure2" time="0.0010" />
  <testcase classname="com.topcoder.clients.webservices.failuretests.LookupServiceBeanFailureTests" name="testGetProjectStatus_Failure3" time="0.0" />
  <testcase classname="com.topcoder.clients.webservices.failuretests.LookupServiceBeanFailureTests" name="testGetProjectStatus_Failure4" time="0.0" />
  <testcase classname="com.topcoder.clients.webservices.failuretests.LookupServiceBeanFailureTests" name="testGetAllProjectStatuses_Failure1" time="0.0010" />
  <testcase classname="com.topcoder.clients.webservices.failuretests.LookupServiceBeanFailureTests" name="testGetAllProjectStatuses_Failure2" time="0.0" />
  <testcase classname="com.topcoder.clients.webservices.failuretests.LookupServiceBeanFailureTests" name="testGetAllProjectStatuses_Failure3" time="0.0010" />
  <testcase classname="com.topcoder.clients.webservices.failuretests.LookupServiceBeanFailureTests" name="testGetProjectsForStatus_Failure1" time="0.0" />
  <testcase classname="com.topcoder.clients.webservices.failuretests.LookupServiceBeanFailureTests" name="testGetProjectsForStatus_Failure2" time="0.0" />
  <testcase classname="com.topcoder.clients.webservices.failuretests.LookupServiceBeanFailureTests" name="testGetProjectsForStatus_Failure3" time="0.0" />
  <testcase classname="com.topcoder.clients.webservices.failuretests.LookupServiceBeanFailureTests" name="testGetProjectsForStatus_Failure4" time="0.0" />
  <testcase classname="com.topcoder.clients.webservices.failuretests.LookupServiceBeanFailureTests" name="testRetrieveCompany_Failure1" time="0.0" />
  <testcase classname="com.topcoder.clients.webservices.failuretests.LookupServiceBeanFailureTests" name="testRetrieveCompany_Failure2" time="0.0010" />
  <testcase classname="com.topcoder.clients.webservices.failuretests.LookupServiceBeanFailureTests" name="testRetrieveCompany_Failure3" time="0.0" />
  <testcase classname="com.topcoder.clients.webservices.failuretests.LookupServiceBeanFailureTests" name="testRetrieveCompany_Failure4" time="0.0" />
  <testcase classname="com.topcoder.clients.webservices.failuretests.LookupServiceBeanFailureTests" name="testRetrieveAllCompanies_Failure1" time="0.0" />
  <testcase classname="com.topcoder.clients.webservices.failuretests.LookupServiceBeanFailureTests" name="testRetrieveAllCompanies_Failure2" time="0.0" />
  <testcase classname="com.topcoder.clients.webservices.failuretests.LookupServiceBeanFailureTests" name="testRetrieveAllCompanies_Failure3" time="0.0" />
  <testcase classname="com.topcoder.clients.webservices.failuretests.LookupServiceBeanFailureTests" name="testSearchCompaniesByName_Failure1" time="0.0" />
  <testcase classname="com.topcoder.clients.webservices.failuretests.LookupServiceBeanFailureTests" name="testSearchCompaniesByName_Failure2" time="0.0" />
  <testcase classname="com.topcoder.clients.webservices.failuretests.LookupServiceBeanFailureTests" name="testSearchCompaniesByName_Failure3" time="0.0010" />
  <testcase classname="com.topcoder.clients.webservices.failuretests.LookupServiceBeanFailureTests" name="testSearchCompaniesByName_Failure4" time="0.0" />
  <testcase classname="com.topcoder.clients.webservices.failuretests.LookupServiceBeanFailureTests" name="testSearchCompanies_Failure1" time="0.0" />
  <testcase classname="com.topcoder.clients.webservices.failuretests.LookupServiceBeanFailureTests" name="testSearchCompanies_Failure2" time="0.0" />
  <testcase classname="com.topcoder.clients.webservices.failuretests.LookupServiceBeanFailureTests" name="testSearchCompanies_Failure3" time="0.0" />
  <testcase classname="com.topcoder.clients.webservices.failuretests.LookupServiceBeanFailureTests" name="testSearchCompanies_Failure4" time="0.0" />
  <testcase classname="com.topcoder.clients.webservices.failuretests.LookupServiceBeanFailureTests" name="testGetClientsForCompany_Failure1" time="0.0" />
  <testcase classname="com.topcoder.clients.webservices.failuretests.LookupServiceBeanFailureTests" name="testGetClientsForCompany_Failure2" time="0.0" />
  <testcase classname="com.topcoder.clients.webservices.failuretests.LookupServiceBeanFailureTests" name="testGetClientsForCompany_Failure3" time="0.0" />
  <testcase classname="com.topcoder.clients.webservices.failuretests.LookupServiceBeanFailureTests" name="testGetClientsForCompany_Failure4" time="0.0" />
  <testcase classname="com.topcoder.clients.webservices.failuretests.LookupServiceBeanFailureTests" name="testGetProjectsForCompany_Failure1" time="0.0" />
  <testcase classname="com.topcoder.clients.webservices.failuretests.LookupServiceBeanFailureTests" name="testGetProjectsForCompany_Failure2" time="0.0" />
  <testcase classname="com.topcoder.clients.webservices.failuretests.LookupServiceBeanFailureTests" name="testGetProjectsForCompany_Failure3" time="0.0010" />
  <testcase classname="com.topcoder.clients.webservices.failuretests.LookupServiceBeanFailureTests" name="testGetProjectsForCompany_Failure4" time="0.0" />
  <testcase classname="com.topcoder.clients.webservices.failuretests.LookupServiceBeanFailureTests" name="testSearchClientsByName_Failure5" time="0.0" />
  <testcase classname="com.topcoder.clients.webservices.failuretests.LookupServiceBeanFailureTests" name="testSearchProjectsByName_Failure5" time="0.0" />
  <testcase classname="com.topcoder.clients.webservices.failuretests.LookupServiceBeanFailureTests" name="testSearchCompaniesByName_Failure5" time="0.0" />
  <testcase classname="com.topcoder.clients.webservices.failuretests.ProjectStatusServiceBeanFailureTests" name="testCreateProjectStatus_Failure1" time="0.0" />
  <testcase classname="com.topcoder.clients.webservices.failuretests.ProjectStatusServiceBeanFailureTests" name="testCreateProjectStatus_Failure2" time="0.0" />
  <testcase classname="com.topcoder.clients.webservices.failuretests.ProjectStatusServiceBeanFailureTests" name="testUpdateProjectStatus_Failure1" time="0.0" />
  <testcase classname="com.topcoder.clients.webservices.failuretests.ProjectStatusServiceBeanFailureTests" name="testUpdateProjectStatus_Failure2" time="0.0" />
  <testcase classname="com.topcoder.clients.webservices.failuretests.ProjectStatusServiceBeanFailureTests" name="testDeleteProjectStatus_Failure1" time="0.0" />
  <testcase classname="com.topcoder.clients.webservices.failuretests.ProjectStatusServiceBeanFailureTests" name="testDeleteProjectStatus_Failure2" time="0.0" />
  <testcase classname="com.topcoder.clients.webservices.stresstests.ClientStatusServiceBeanStressTest" name="testClientStatusServiceBean_Stress" time="0.12" />
  <testcase classname="com.topcoder.clients.webservices.stresstests.ProjectStatusServiceBeanStressTest" name="testProjectStatusServiceBean_Stress" time="0.18" />
  <testcase classname="com.topcoder.clients.webservices.stresstests.LookupServiceBeanStressTest" name="testLookupServiceBean_Stress" time="0.276" />
  <system-out><![CDATA[Enter into method [ClientStatusServiceBean#createClientStatus]. Argument info: [ id=0 name=null description=Test entity isDeleted=false]. Entrance timestamp: 1221394844627
Exit from method [ClientStatusServiceBean#createClientStatus]. Time spent: 3 ms. Return value: [ id=0 name=null description=Test entity isDeleted=false]
Enter into method [ClientStatusServiceBean#createClientStatus]. Argument info: null. Entrance timestamp: 1221394844737
Parameter [status] should not be null.
java.lang.IllegalArgumentException: Parameter [status] should not be null.
	at com.topcoder.clients.webservices.Util.checkNullWithLog(Util.java:98)
	at com.topcoder.clients.webservices.beans.ClientStatusServiceBean.createClientStatus(ClientStatusServiceBean.java:304)
	at com.topcoder.clients.webservices.beans.ClientStatusServiceBeanTest.testCreateClientStatus_Failure1(ClientStatusServiceBeanTest.java:281)
	at sun.reflect.NativeMethodAccessorImpl.invoke0(Native Method)
	at sun.reflect.NativeMethodAccessorImpl.invoke(NativeMethodAccessorImpl.java:39)
	at sun.reflect.DelegatingMethodAccessorImpl.invoke(DelegatingMethodAccessorImpl.java:25)
	at java.lang.reflect.Method.invoke(Method.java:585)
	at junit.framework.TestCase.runTest(TestCase.java:164)
	at junit.framework.TestCase.runBare(TestCase.java:130)
	at junit.framework.TestResult$1.protect(TestResult.java:106)
	at junit.framework.TestResult.runProtected(TestResult.java:124)
	at junit.framework.TestResult.run(TestResult.java:109)
	at junit.framework.TestCase.run(TestCase.java:120)
	at junit.framework.TestSuite.runTest(TestSuite.java:230)
	at junit.framework.TestSuite.run(TestSuite.java:225)
	at junit.framework.TestSuite.runTest(TestSuite.java:230)
	at junit.framework.TestSuite.run(TestSuite.java:225)
	at junit.framework.TestSuite.runTest(TestSuite.java:230)
	at junit.framework.TestSuite.run(TestSuite.java:225)
	at org.apache.tools.ant.taskdefs.optional.junit.JUnitTestRunner.run(JUnitTestRunner.java:421)
	at org.apache.tools.ant.taskdefs.optional.junit.JUnitTestRunner.launch(JUnitTestRunner.java:912)
	at org.apache.tools.ant.taskdefs.optional.junit.JUnitTestRunner.main(JUnitTestRunner.java:766)
Exit from method [ClientStatusServiceBean#createClientStatus]. Time spent: 1 ms. Return value: null
Enter into method [ClientStatusServiceBean#createClientStatus]. Argument info: [ id=0 name=null description=null isDeleted=false]. Entrance timestamp: 1221394844846
Resource [clientManager] should not be null.
java.lang.IllegalStateException: Resource [clientManager] should not be null.
	at com.topcoder.clients.webservices.Util.checkResource(Util.java:227)
	at com.topcoder.clients.webservices.beans.ClientStatusServiceBean.createClientStatus(ClientStatusServiceBean.java:305)
	at com.topcoder.clients.webservices.beans.ClientStatusServiceBeanTest.testCreateClientStatus_Failure2(ClientStatusServiceBeanTest.java:305)
	at sun.reflect.NativeMethodAccessorImpl.invoke0(Native Method)
	at sun.reflect.NativeMethodAccessorImpl.invoke(NativeMethodAccessorImpl.java:39)
	at sun.reflect.DelegatingMethodAccessorImpl.invoke(DelegatingMethodAccessorImpl.java:25)
	at java.lang.reflect.Method.invoke(Method.java:585)
	at junit.framework.TestCase.runTest(TestCase.java:164)
	at junit.framework.TestCase.runBare(TestCase.java:130)
	at junit.framework.TestResult$1.protect(TestResult.java:106)
	at junit.framework.TestResult.runProtected(TestResult.java:124)
	at junit.framework.TestResult.run(TestResult.java:109)
	at junit.framework.TestCase.run(TestCase.java:120)
	at junit.framework.TestSuite.runTest(TestSuite.java:230)
	at junit.framework.TestSuite.run(TestSuite.java:225)
	at junit.framework.TestSuite.runTest(TestSuite.java:230)
	at junit.framework.TestSuite.run(TestSuite.java:225)
	at junit.framework.TestSuite.runTest(TestSuite.java:230)
	at junit.framework.TestSuite.run(TestSuite.java:225)
	at org.apache.tools.ant.taskdefs.optional.junit.JUnitTestRunner.run(JUnitTestRunner.java:421)
	at org.apache.tools.ant.taskdefs.optional.junit.JUnitTestRunner.launch(JUnitTestRunner.java:912)
	at org.apache.tools.ant.taskdefs.optional.junit.JUnitTestRunner.main(JUnitTestRunner.java:766)
Exit from method [ClientStatusServiceBean#createClientStatus]. Time spent: 1 ms. Return value: null
Enter into method [ClientStatusServiceBean#createClientStatus]. Argument info: [ id=0 name=null description=null isDeleted=false]. Entrance timestamp: 1221394844954
Test exception
com.topcoder.clients.manager.ClientManagerException: Test exception
	at com.topcoder.clients.webservices.beans.ClientManagerMock.checkFail(ClientManagerMock.java:350)
	at com.topcoder.clients.webservices.beans.ClientManagerMock.createClientStatus(ClientManagerMock.java:91)
	at com.topcoder.clients.webservices.beans.ClientStatusServiceBean.createClientStatus(ClientStatusServiceBean.java:311)
	at com.topcoder.clients.webservices.beans.ClientStatusServiceBeanTest.testCreateClientStatus_Failure3(ClientStatusServiceBeanTest.java:329)
	at sun.reflect.NativeMethodAccessorImpl.invoke0(Native Method)
	at sun.reflect.NativeMethodAccessorImpl.invoke(NativeMethodAccessorImpl.java:39)
	at sun.reflect.DelegatingMethodAccessorImpl.invoke(DelegatingMethodAccessorImpl.java:25)
	at java.lang.reflect.Method.invoke(Method.java:585)
	at junit.framework.TestCase.runTest(TestCase.java:164)
	at junit.framework.TestCase.runBare(TestCase.java:130)
	at junit.framework.TestResult$1.protect(TestResult.java:106)
	at junit.framework.TestResult.runProtected(TestResult.java:124)
	at junit.framework.TestResult.run(TestResult.java:109)
	at junit.framework.TestCase.run(TestCase.java:120)
	at junit.framework.TestSuite.runTest(TestSuite.java:230)
	at junit.framework.TestSuite.run(TestSuite.java:225)
	at junit.framework.TestSuite.runTest(TestSuite.java:230)
	at junit.framework.TestSuite.run(TestSuite.java:225)
	at junit.framework.TestSuite.runTest(TestSuite.java:230)
	at junit.framework.TestSuite.run(TestSuite.java:225)
	at org.apache.tools.ant.taskdefs.optional.junit.JUnitTestRunner.run(JUnitTestRunner.java:421)
	at org.apache.tools.ant.taskdefs.optional.junit.JUnitTestRunner.launch(JUnitTestRunner.java:912)
	at org.apache.tools.ant.taskdefs.optional.junit.JUnitTestRunner.main(JUnitTestRunner.java:766)
Exit from method [ClientStatusServiceBean#createClientStatus]. Time spent: 3 ms. Return value: null
Enter into method [ClientStatusServiceBean#updateClientStatus]. Argument info: [ id=0 name=null description=Updated description isDeleted=false]. Entrance timestamp: 1221394845047
Exit from method [ClientStatusServiceBean#updateClientStatus]. Time spent: 0 ms. Return value: [ id=0 name=null description=Updated description isDeleted=false]
Enter into method [ClientStatusServiceBean#updateClientStatus]. Argument info: null. Entrance timestamp: 1221394845115
Parameter [status] should not be null.
java.lang.IllegalArgumentException: Parameter [status] should not be null.
	at com.topcoder.clients.webservices.Util.checkNullWithLog(Util.java:98)
	at com.topcoder.clients.webservices.beans.ClientStatusServiceBean.updateClientStatus(ClientStatusServiceBean.java:346)
	at com.topcoder.clients.webservices.beans.ClientStatusServiceBeanTest.testUpdateClientStatus_Failure1(ClientStatusServiceBeanTest.java:370)
	at sun.reflect.NativeMethodAccessorImpl.invoke0(Native Method)
	at sun.reflect.NativeMethodAccessorImpl.invoke(NativeMethodAccessorImpl.java:39)
	at sun.reflect.DelegatingMethodAccessorImpl.invoke(DelegatingMethodAccessorImpl.java:25)
	at java.lang.reflect.Method.invoke(Method.java:585)
	at junit.framework.TestCase.runTest(TestCase.java:164)
	at junit.framework.TestCase.runBare(TestCase.java:130)
	at junit.framework.TestResult$1.protect(TestResult.java:106)
	at junit.framework.TestResult.runProtected(TestResult.java:124)
	at junit.framework.TestResult.run(TestResult.java:109)
	at junit.framework.TestCase.run(TestCase.java:120)
	at junit.framework.TestSuite.runTest(TestSuite.java:230)
	at junit.framework.TestSuite.run(TestSuite.java:225)
	at junit.framework.TestSuite.runTest(TestSuite.java:230)
	at junit.framework.TestSuite.run(TestSuite.java:225)
	at junit.framework.TestSuite.runTest(TestSuite.java:230)
	at junit.framework.TestSuite.run(TestSuite.java:225)
	at org.apache.tools.ant.taskdefs.optional.junit.JUnitTestRunner.run(JUnitTestRunner.java:421)
	at org.apache.tools.ant.taskdefs.optional.junit.JUnitTestRunner.launch(JUnitTestRunner.java:912)
	at org.apache.tools.ant.taskdefs.optional.junit.JUnitTestRunner.main(JUnitTestRunner.java:766)
Exit from method [ClientStatusServiceBean#updateClientStatus]. Time spent: 1 ms. Return value: null
Enter into method [ClientStatusServiceBean#updateClientStatus]. Argument info: [ id=0 name=null description=null isDeleted=false]. Entrance timestamp: 1221394845182
Resource [clientManager] should not be null.
java.lang.IllegalStateException: Resource [clientManager] should not be null.
	at com.topcoder.clients.webservices.Util.checkResource(Util.java:227)
	at com.topcoder.clients.webservices.beans.ClientStatusServiceBean.updateClientStatus(ClientStatusServiceBean.java:347)
	at com.topcoder.clients.webservices.beans.ClientStatusServiceBeanTest.testUpdateClientStatus_Failure2(ClientStatusServiceBeanTest.java:394)
	at sun.reflect.NativeMethodAccessorImpl.invoke0(Native Method)
	at sun.reflect.NativeMethodAccessorImpl.invoke(NativeMethodAccessorImpl.java:39)
	at sun.reflect.DelegatingMethodAccessorImpl.invoke(DelegatingMethodAccessorImpl.java:25)
	at java.lang.reflect.Method.invoke(Method.java:585)
	at junit.framework.TestCase.runTest(TestCase.java:164)
	at junit.framework.TestCase.runBare(TestCase.java:130)
	at junit.framework.TestResult$1.protect(TestResult.java:106)
	at junit.framework.TestResult.runProtected(TestResult.java:124)
	at junit.framework.TestResult.run(TestResult.java:109)
	at junit.framework.TestCase.run(TestCase.java:120)
	at junit.framework.TestSuite.runTest(TestSuite.java:230)
	at junit.framework.TestSuite.run(TestSuite.java:225)
	at junit.framework.TestSuite.runTest(TestSuite.java:230)
	at junit.framework.TestSuite.run(TestSuite.java:225)
	at junit.framework.TestSuite.runTest(TestSuite.java:230)
	at junit.framework.TestSuite.run(TestSuite.java:225)
	at org.apache.tools.ant.taskdefs.optional.junit.JUnitTestRunner.run(JUnitTestRunner.java:421)
	at org.apache.tools.ant.taskdefs.optional.junit.JUnitTestRunner.launch(JUnitTestRunner.java:912)
	at org.apache.tools.ant.taskdefs.optional.junit.JUnitTestRunner.main(JUnitTestRunner.java:766)
Exit from method [ClientStatusServiceBean#updateClientStatus]. Time spent: 0 ms. Return value: null
Enter into method [ClientStatusServiceBean#updateClientStatus]. Argument info: [ id=0 name=null description=null isDeleted=false]. Entrance timestamp: 1221394845259
Test exception
com.topcoder.clients.manager.ClientManagerException: Test exception
	at com.topcoder.clients.webservices.beans.ClientManagerMock.checkFail(ClientManagerMock.java:350)
	at com.topcoder.clients.webservices.beans.ClientManagerMock.updateClientStatus(ClientManagerMock.java:336)
	at com.topcoder.clients.webservices.beans.ClientStatusServiceBean.updateClientStatus(ClientStatusServiceBean.java:353)
	at com.topcoder.clients.webservices.beans.ClientStatusServiceBeanTest.testUpdateClientStatus_Failure3(ClientStatusServiceBeanTest.java:418)
	at sun.reflect.NativeMethodAccessorImpl.invoke0(Native Method)
	at sun.reflect.NativeMethodAccessorImpl.invoke(NativeMethodAccessorImpl.java:39)
	at sun.reflect.DelegatingMethodAccessorImpl.invoke(DelegatingMethodAccessorImpl.java:25)
	at java.lang.reflect.Method.invoke(Method.java:585)
	at junit.framework.TestCase.runTest(TestCase.java:164)
	at junit.framework.TestCase.runBare(TestCase.java:130)
	at junit.framework.TestResult$1.protect(TestResult.java:106)
	at junit.framework.TestResult.runProtected(TestResult.java:124)
	at junit.framework.TestResult.run(TestResult.java:109)
	at junit.framework.TestCase.run(TestCase.java:120)
	at junit.framework.TestSuite.runTest(TestSuite.java:230)
	at junit.framework.TestSuite.run(TestSuite.java:225)
	at junit.framework.TestSuite.runTest(TestSuite.java:230)
	at junit.framework.TestSuite.run(TestSuite.java:225)
	at junit.framework.TestSuite.runTest(TestSuite.java:230)
	at junit.framework.TestSuite.run(TestSuite.java:225)
	at org.apache.tools.ant.taskdefs.optional.junit.JUnitTestRunner.run(JUnitTestRunner.java:421)
	at org.apache.tools.ant.taskdefs.optional.junit.JUnitTestRunner.launch(JUnitTestRunner.java:912)
	at org.apache.tools.ant.taskdefs.optional.junit.JUnitTestRunner.main(JUnitTestRunner.java:766)
Exit from method [ClientStatusServiceBean#updateClientStatus]. Time spent: 2 ms. Return value: null
Enter into method [ClientStatusServiceBean#deleteClientStatus]. Argument info: [ id=0 name=null description=To delete isDeleted=false]. Entrance timestamp: 1221394845319
Exit from method [ClientStatusServiceBean#deleteClientStatus]. Time spent: 0 ms. Return value: [ id=0 name=null description=To delete isDeleted=false]
Enter into method [ClientStatusServiceBean#deleteClientStatus]. Argument info: null. Entrance timestamp: 1221394845375
Parameter [status] should not be null.
java.lang.IllegalArgumentException: Parameter [status] should not be null.
	at com.topcoder.clients.webservices.Util.checkNullWithLog(Util.java:98)
	at com.topcoder.clients.webservices.beans.ClientStatusServiceBean.deleteClientStatus(ClientStatusServiceBean.java:388)
	at com.topcoder.clients.webservices.beans.ClientStatusServiceBeanTest.testDeleteClientStatus_Failure1(ClientStatusServiceBeanTest.java:459)
	at sun.reflect.NativeMethodAccessorImpl.invoke0(Native Method)
	at sun.reflect.NativeMethodAccessorImpl.invoke(NativeMethodAccessorImpl.java:39)
	at sun.reflect.DelegatingMethodAccessorImpl.invoke(DelegatingMethodAccessorImpl.java:25)
	at java.lang.reflect.Method.invoke(Method.java:585)
	at junit.framework.TestCase.runTest(TestCase.java:164)
	at junit.framework.TestCase.runBare(TestCase.java:130)
	at junit.framework.TestResult$1.protect(TestResult.java:106)
	at junit.framework.TestResult.runProtected(TestResult.java:124)
	at junit.framework.TestResult.run(TestResult.java:109)
	at junit.framework.TestCase.run(TestCase.java:120)
	at junit.framework.TestSuite.runTest(TestSuite.java:230)
	at junit.framework.TestSuite.run(TestSuite.java:225)
	at junit.framework.TestSuite.runTest(TestSuite.java:230)
	at junit.framework.TestSuite.run(TestSuite.java:225)
	at junit.framework.TestSuite.runTest(TestSuite.java:230)
	at junit.framework.TestSuite.run(TestSuite.java:225)
	at org.apache.tools.ant.taskdefs.optional.junit.JUnitTestRunner.run(JUnitTestRunner.java:421)
	at org.apache.tools.ant.taskdefs.optional.junit.JUnitTestRunner.launch(JUnitTestRunner.java:912)
	at org.apache.tools.ant.taskdefs.optional.junit.JUnitTestRunner.main(JUnitTestRunner.java:766)
Exit from method [ClientStatusServiceBean#deleteClientStatus]. Time spent: 1 ms. Return value: null
Enter into method [ClientStatusServiceBean#deleteClientStatus]. Argument info: [ id=0 name=null description=null isDeleted=false]. Entrance timestamp: 1221394845433
Resource [clientManager] should not be null.
java.lang.IllegalStateException: Resource [clientManager] should not be null.
	at com.topcoder.clients.webservices.Util.checkResource(Util.java:227)
	at com.topcoder.clients.webservices.beans.ClientStatusServiceBean.deleteClientStatus(ClientStatusServiceBean.java:389)
	at com.topcoder.clients.webservices.beans.ClientStatusServiceBeanTest.testDeleteClientStatus_Failure2(ClientStatusServiceBeanTest.java:483)
	at sun.reflect.NativeMethodAccessorImpl.invoke0(Native Method)
	at sun.reflect.NativeMethodAccessorImpl.invoke(NativeMethodAccessorImpl.java:39)
	at sun.reflect.DelegatingMethodAccessorImpl.invoke(DelegatingMethodAccessorImpl.java:25)
	at java.lang.reflect.Method.invoke(Method.java:585)
	at junit.framework.TestCase.runTest(TestCase.java:164)
	at junit.framework.TestCase.runBare(TestCase.java:130)
	at junit.framework.TestResult$1.protect(TestResult.java:106)
	at junit.framework.TestResult.runProtected(TestResult.java:124)
	at junit.framework.TestResult.run(TestResult.java:109)
	at junit.framework.TestCase.run(TestCase.java:120)
	at junit.framework.TestSuite.runTest(TestSuite.java:230)
	at junit.framework.TestSuite.run(TestSuite.java:225)
	at junit.framework.TestSuite.runTest(TestSuite.java:230)
	at junit.framework.TestSuite.run(TestSuite.java:225)
	at junit.framework.TestSuite.runTest(TestSuite.java:230)
	at junit.framework.TestSuite.run(TestSuite.java:225)
	at org.apache.tools.ant.taskdefs.optional.junit.JUnitTestRunner.run(JUnitTestRunner.java:421)
	at org.apache.tools.ant.taskdefs.optional.junit.JUnitTestRunner.launch(JUnitTestRunner.java:912)
	at org.apache.tools.ant.taskdefs.optional.junit.JUnitTestRunner.main(JUnitTestRunner.java:766)
Exit from method [ClientStatusServiceBean#deleteClientStatus]. Time spent: 1 ms. Return value: null
Enter into method [ClientStatusServiceBean#deleteClientStatus]. Argument info: [ id=0 name=null description=null isDeleted=false]. Entrance timestamp: 1221394845491
Test exception
com.topcoder.clients.manager.ClientManagerException: Test exception
	at com.topcoder.clients.webservices.beans.ClientManagerMock.checkFail(ClientManagerMock.java:350)
	at com.topcoder.clients.webservices.beans.ClientManagerMock.deleteClientStatus(ClientManagerMock.java:127)
	at com.topcoder.clients.webservices.beans.ClientStatusServiceBean.deleteClientStatus(ClientStatusServiceBean.java:395)
	at com.topcoder.clients.webservices.beans.ClientStatusServiceBeanTest.testDeleteClientStatus_Failure3(ClientStatusServiceBeanTest.java:507)
	at sun.reflect.NativeMethodAccessorImpl.invoke0(Native Method)
	at sun.reflect.NativeMethodAccessorImpl.invoke(NativeMethodAccessorImpl.java:39)
	at sun.reflect.DelegatingMethodAccessorImpl.invoke(DelegatingMethodAccessorImpl.java:25)
	at java.lang.reflect.Method.invoke(Method.java:585)
	at junit.framework.TestCase.runTest(TestCase.java:164)
	at junit.framework.TestCase.runBare(TestCase.java:130)
	at junit.framework.TestResult$1.protect(TestResult.java:106)
	at junit.framework.TestResult.runProtected(TestResult.java:124)
	at junit.framework.TestResult.run(TestResult.java:109)
	at junit.framework.TestCase.run(TestCase.java:120)
	at junit.framework.TestSuite.runTest(TestSuite.java:230)
	at junit.framework.TestSuite.run(TestSuite.java:225)
	at junit.framework.TestSuite.runTest(TestSuite.java:230)
	at junit.framework.TestSuite.run(TestSuite.java:225)
	at junit.framework.TestSuite.runTest(TestSuite.java:230)
	at junit.framework.TestSuite.run(TestSuite.java:225)
	at org.apache.tools.ant.taskdefs.optional.junit.JUnitTestRunner.run(JUnitTestRunner.java:421)
	at org.apache.tools.ant.taskdefs.optional.junit.JUnitTestRunner.launch(JUnitTestRunner.java:912)
	at org.apache.tools.ant.taskdefs.optional.junit.JUnitTestRunner.main(JUnitTestRunner.java:766)
Exit from method [ClientStatusServiceBean#deleteClientStatus]. Time spent: 1 ms. Return value: null
Enter into method [ProjectStatusServiceBean#createProjectStatus]. Argument info: [ id=0 name=null description=Test entity isDeleted=false]. Entrance timestamp: 1221394846610
Exit from method [ProjectStatusServiceBean#createProjectStatus]. Time spent: 0 ms. Return value: [ id=0 name=null description=Test entity isDeleted=false]
Enter into method [ProjectStatusServiceBean#createProjectStatus]. Argument info: null. Entrance timestamp: 1221394846666
Parameter [status] should not be null.
java.lang.IllegalArgumentException: Parameter [status] should not be null.
	at com.topcoder.clients.webservices.Util.checkNullWithLog(Util.java:98)
	at com.topcoder.clients.webservices.beans.ProjectStatusServiceBean.createProjectStatus(ProjectStatusServiceBean.java:304)
	at com.topcoder.clients.webservices.beans.ProjectStatusServiceBeanTest.testCreateProjectStatus_Failure1(ProjectStatusServiceBeanTest.java:281)
	at sun.reflect.NativeMethodAccessorImpl.invoke0(Native Method)
	at sun.reflect.NativeMethodAccessorImpl.invoke(NativeMethodAccessorImpl.java:39)
	at sun.reflect.DelegatingMethodAccessorImpl.invoke(DelegatingMethodAccessorImpl.java:25)
	at java.lang.reflect.Method.invoke(Method.java:585)
	at junit.framework.TestCase.runTest(TestCase.java:164)
	at junit.framework.TestCase.runBare(TestCase.java:130)
	at junit.framework.TestResult$1.protect(TestResult.java:106)
	at junit.framework.TestResult.runProtected(TestResult.java:124)
	at junit.framework.TestResult.run(TestResult.java:109)
	at junit.framework.TestCase.run(TestCase.java:120)
	at junit.framework.TestSuite.runTest(TestSuite.java:230)
	at junit.framework.TestSuite.run(TestSuite.java:225)
	at junit.framework.TestSuite.runTest(TestSuite.java:230)
	at junit.framework.TestSuite.run(TestSuite.java:225)
	at junit.framework.TestSuite.runTest(TestSuite.java:230)
	at junit.framework.TestSuite.run(TestSuite.java:225)
	at org.apache.tools.ant.taskdefs.optional.junit.JUnitTestRunner.run(JUnitTestRunner.java:421)
	at org.apache.tools.ant.taskdefs.optional.junit.JUnitTestRunner.launch(JUnitTestRunner.java:912)
	at org.apache.tools.ant.taskdefs.optional.junit.JUnitTestRunner.main(JUnitTestRunner.java:766)
Exit from method [ProjectStatusServiceBean#createProjectStatus]. Time spent: 1 ms. Return value: null
Enter into method [ProjectStatusServiceBean#createProjectStatus]. Argument info: [ id=0 name=null description=null isDeleted=false]. Entrance timestamp: 1221394846722
Resource [projectManager] should not be null.
java.lang.IllegalStateException: Resource [projectManager] should not be null.
	at com.topcoder.clients.webservices.Util.checkResource(Util.java:227)
	at com.topcoder.clients.webservices.beans.ProjectStatusServiceBean.createProjectStatus(ProjectStatusServiceBean.java:305)
	at com.topcoder.clients.webservices.beans.ProjectStatusServiceBeanTest.testCreateProjectStatus_Failure2(ProjectStatusServiceBeanTest.java:305)
	at sun.reflect.NativeMethodAccessorImpl.invoke0(Native Method)
	at sun.reflect.NativeMethodAccessorImpl.invoke(NativeMethodAccessorImpl.java:39)
	at sun.reflect.DelegatingMethodAccessorImpl.invoke(DelegatingMethodAccessorImpl.java:25)
	at java.lang.reflect.Method.invoke(Method.java:585)
	at junit.framework.TestCase.runTest(TestCase.java:164)
	at junit.framework.TestCase.runBare(TestCase.java:130)
	at junit.framework.TestResult$1.protect(TestResult.java:106)
	at junit.framework.TestResult.runProtected(TestResult.java:124)
	at junit.framework.TestResult.run(TestResult.java:109)
	at junit.framework.TestCase.run(TestCase.java:120)
	at junit.framework.TestSuite.runTest(TestSuite.java:230)
	at junit.framework.TestSuite.run(TestSuite.java:225)
	at junit.framework.TestSuite.runTest(TestSuite.java:230)
	at junit.framework.TestSuite.run(TestSuite.java:225)
	at junit.framework.TestSuite.runTest(TestSuite.java:230)
	at junit.framework.TestSuite.run(TestSuite.java:225)
	at org.apache.tools.ant.taskdefs.optional.junit.JUnitTestRunner.run(JUnitTestRunner.java:421)
	at org.apache.tools.ant.taskdefs.optional.junit.JUnitTestRunner.launch(JUnitTestRunner.java:912)
	at org.apache.tools.ant.taskdefs.optional.junit.JUnitTestRunner.main(JUnitTestRunner.java:766)
Exit from method [ProjectStatusServiceBean#createProjectStatus]. Time spent: 1 ms. Return value: null
Enter into method [ProjectStatusServiceBean#createProjectStatus]. Argument info: [ id=0 name=null description=null isDeleted=false]. Entrance timestamp: 1221394846799
Test exception
com.topcoder.clients.manager.ProjectManagerException: Test exception
	at com.topcoder.clients.webservices.beans.ProjectManagerMock.checkFail(ProjectManagerMock.java:353)
	at com.topcoder.clients.webservices.beans.ProjectManagerMock.createProjectStatus(ProjectManagerMock.java:95)
	at com.topcoder.clients.webservices.beans.ProjectStatusServiceBean.createProjectStatus(ProjectStatusServiceBean.java:311)
	at com.topcoder.clients.webservices.beans.ProjectStatusServiceBeanTest.testCreateProjectStatus_Failure3(ProjectStatusServiceBeanTest.java:329)
	at sun.reflect.NativeMethodAccessorImpl.invoke0(Native Method)
	at sun.reflect.NativeMethodAccessorImpl.invoke(NativeMethodAccessorImpl.java:39)
	at sun.reflect.DelegatingMethodAccessorImpl.invoke(DelegatingMethodAccessorImpl.java:25)
	at java.lang.reflect.Method.invoke(Method.java:585)
	at junit.framework.TestCase.runTest(TestCase.java:164)
	at junit.framework.TestCase.runBare(TestCase.java:130)
	at junit.framework.TestResult$1.protect(TestResult.java:106)
	at junit.framework.TestResult.runProtected(TestResult.java:124)
	at junit.framework.TestResult.run(TestResult.java:109)
	at junit.framework.TestCase.run(TestCase.java:120)
	at junit.framework.TestSuite.runTest(TestSuite.java:230)
	at junit.framework.TestSuite.run(TestSuite.java:225)
	at junit.framework.TestSuite.runTest(TestSuite.java:230)
	at junit.framework.TestSuite.run(TestSuite.java:225)
	at junit.framework.TestSuite.runTest(TestSuite.java:230)
	at junit.framework.TestSuite.run(TestSuite.java:225)
	at org.apache.tools.ant.taskdefs.optional.junit.JUnitTestRunner.run(JUnitTestRunner.java:421)
	at org.apache.tools.ant.taskdefs.optional.junit.JUnitTestRunner.launch(JUnitTestRunner.java:912)
	at org.apache.tools.ant.taskdefs.optional.junit.JUnitTestRunner.main(JUnitTestRunner.java:766)
Exit from method [ProjectStatusServiceBean#createProjectStatus]. Time spent: 1 ms. Return value: null
Enter into method [ProjectStatusServiceBean#updateProjectStatus]. Argument info: [ id=0 name=null description=Updated description isDeleted=false]. Entrance timestamp: 1221394846855
Exit from method [ProjectStatusServiceBean#updateProjectStatus]. Time spent: 0 ms. Return value: [ id=0 name=null description=Updated description isDeleted=false]
Enter into method [ProjectStatusServiceBean#updateProjectStatus]. Argument info: null. Entrance timestamp: 1221394846910
Parameter [status] should not be null.
java.lang.IllegalArgumentException: Parameter [status] should not be null.
	at com.topcoder.clients.webservices.Util.checkNullWithLog(Util.java:98)
	at com.topcoder.clients.webservices.beans.ProjectStatusServiceBean.updateProjectStatus(ProjectStatusServiceBean.java:346)
	at com.topcoder.clients.webservices.beans.ProjectStatusServiceBeanTest.testUpdateProjectStatus_Failure1(ProjectStatusServiceBeanTest.java:370)
	at sun.reflect.NativeMethodAccessorImpl.invoke0(Native Method)
	at sun.reflect.NativeMethodAccessorImpl.invoke(NativeMethodAccessorImpl.java:39)
	at sun.reflect.DelegatingMethodAccessorImpl.invoke(DelegatingMethodAccessorImpl.java:25)
	at java.lang.reflect.Method.invoke(Method.java:585)
	at junit.framework.TestCase.runTest(TestCase.java:164)
	at junit.framework.TestCase.runBare(TestCase.java:130)
	at junit.framework.TestResult$1.protect(TestResult.java:106)
	at junit.framework.TestResult.runProtected(TestResult.java:124)
	at junit.framework.TestResult.run(TestResult.java:109)
	at junit.framework.TestCase.run(TestCase.java:120)
	at junit.framework.TestSuite.runTest(TestSuite.java:230)
	at junit.framework.TestSuite.run(TestSuite.java:225)
	at junit.framework.TestSuite.runTest(TestSuite.java:230)
	at junit.framework.TestSuite.run(TestSuite.java:225)
	at junit.framework.TestSuite.runTest(TestSuite.java:230)
	at junit.framework.TestSuite.run(TestSuite.java:225)
	at org.apache.tools.ant.taskdefs.optional.junit.JUnitTestRunner.run(JUnitTestRunner.java:421)
	at org.apache.tools.ant.taskdefs.optional.junit.JUnitTestRunner.launch(JUnitTestRunner.java:912)
	at org.apache.tools.ant.taskdefs.optional.junit.JUnitTestRunner.main(JUnitTestRunner.java:766)
Exit from method [ProjectStatusServiceBean#updateProjectStatus]. Time spent: 0 ms. Return value: null
Enter into method [ProjectStatusServiceBean#updateProjectStatus]. Argument info: [ id=0 name=null description=null isDeleted=false]. Entrance timestamp: 1221394846966
Resource [projectManager] should not be null.
java.lang.IllegalStateException: Resource [projectManager] should not be null.
	at com.topcoder.clients.webservices.Util.checkResource(Util.java:227)
	at com.topcoder.clients.webservices.beans.ProjectStatusServiceBean.updateProjectStatus(ProjectStatusServiceBean.java:347)
	at com.topcoder.clients.webservices.beans.ProjectStatusServiceBeanTest.testUpdateProjectStatus_Failure2(ProjectStatusServiceBeanTest.java:394)
	at sun.reflect.NativeMethodAccessorImpl.invoke0(Native Method)
	at sun.reflect.NativeMethodAccessorImpl.invoke(NativeMethodAccessorImpl.java:39)
	at sun.reflect.DelegatingMethodAccessorImpl.invoke(DelegatingMethodAccessorImpl.java:25)
	at java.lang.reflect.Method.invoke(Method.java:585)
	at junit.framework.TestCase.runTest(TestCase.java:164)
	at junit.framework.TestCase.runBare(TestCase.java:130)
	at junit.framework.TestResult$1.protect(TestResult.java:106)
	at junit.framework.TestResult.runProtected(TestResult.java:124)
	at junit.framework.TestResult.run(TestResult.java:109)
	at junit.framework.TestCase.run(TestCase.java:120)
	at junit.framework.TestSuite.runTest(TestSuite.java:230)
	at junit.framework.TestSuite.run(TestSuite.java:225)
	at junit.framework.TestSuite.runTest(TestSuite.java:230)
	at junit.framework.TestSuite.run(TestSuite.java:225)
	at junit.framework.TestSuite.runTest(TestSuite.java:230)
	at junit.framework.TestSuite.run(TestSuite.java:225)
	at org.apache.tools.ant.taskdefs.optional.junit.JUnitTestRunner.run(JUnitTestRunner.java:421)
	at org.apache.tools.ant.taskdefs.optional.junit.JUnitTestRunner.launch(JUnitTestRunner.java:912)
	at org.apache.tools.ant.taskdefs.optional.junit.JUnitTestRunner.main(JUnitTestRunner.java:766)
Exit from method [ProjectStatusServiceBean#updateProjectStatus]. Time spent: 1 ms. Return value: null
Enter into method [ProjectStatusServiceBean#updateProjectStatus]. Argument info: [ id=0 name=null description=null isDeleted=false]. Entrance timestamp: 1221394847024
Test exception
com.topcoder.clients.manager.ProjectManagerException: Test exception
	at com.topcoder.clients.webservices.beans.ProjectManagerMock.updateProjectStatus(ProjectManagerMock.java:338)
	at com.topcoder.clients.webservices.beans.ProjectStatusServiceBean.updateProjectStatus(ProjectStatusServiceBean.java:353)
	at com.topcoder.clients.webservices.beans.ProjectStatusServiceBeanTest.testUpdateProjectStatus_Failure3(ProjectStatusServiceBeanTest.java:418)
	at sun.reflect.NativeMethodAccessorImpl.invoke0(Native Method)
	at sun.reflect.NativeMethodAccessorImpl.invoke(NativeMethodAccessorImpl.java:39)
	at sun.reflect.DelegatingMethodAccessorImpl.invoke(DelegatingMethodAccessorImpl.java:25)
	at java.lang.reflect.Method.invoke(Method.java:585)
	at junit.framework.TestCase.runTest(TestCase.java:164)
	at junit.framework.TestCase.runBare(TestCase.java:130)
	at junit.framework.TestResult$1.protect(TestResult.java:106)
	at junit.framework.TestResult.runProtected(TestResult.java:124)
	at junit.framework.TestResult.run(TestResult.java:109)
	at junit.framework.TestCase.run(TestCase.java:120)
	at junit.framework.TestSuite.runTest(TestSuite.java:230)
	at junit.framework.TestSuite.run(TestSuite.java:225)
	at junit.framework.TestSuite.runTest(TestSuite.java:230)
	at junit.framework.TestSuite.run(TestSuite.java:225)
	at junit.framework.TestSuite.runTest(TestSuite.java:230)
	at junit.framework.TestSuite.run(TestSuite.java:225)
	at org.apache.tools.ant.taskdefs.optional.junit.JUnitTestRunner.run(JUnitTestRunner.java:421)
	at org.apache.tools.ant.taskdefs.optional.junit.JUnitTestRunner.launch(JUnitTestRunner.java:912)
	at org.apache.tools.ant.taskdefs.optional.junit.JUnitTestRunner.main(JUnitTestRunner.java:766)
Exit from method [ProjectStatusServiceBean#updateProjectStatus]. Time spent: 1 ms. Return value: null
Enter into method [ProjectStatusServiceBean#deleteProjectStatus]. Argument info: [ id=0 name=null description=To delete isDeleted=false]. Entrance timestamp: 1221394847081
Exit from method [ProjectStatusServiceBean#deleteProjectStatus]. Time spent: 0 ms. Return value: [ id=0 name=null description=To delete isDeleted=false]
Enter into method [ProjectStatusServiceBean#deleteProjectStatus]. Argument info: null. Entrance timestamp: 1221394847137
Parameter [status] should not be null.
java.lang.IllegalArgumentException: Parameter [status] should not be null.
	at com.topcoder.clients.webservices.Util.checkNullWithLog(Util.java:98)
	at com.topcoder.clients.webservices.beans.ProjectStatusServiceBean.deleteProjectStatus(ProjectStatusServiceBean.java:388)
	at com.topcoder.clients.webservices.beans.ProjectStatusServiceBeanTest.testDeleteProjectStatus_Failure1(ProjectStatusServiceBeanTest.java:459)
	at sun.reflect.NativeMethodAccessorImpl.invoke0(Native Method)
	at sun.reflect.NativeMethodAccessorImpl.invoke(NativeMethodAccessorImpl.java:39)
	at sun.reflect.DelegatingMethodAccessorImpl.invoke(DelegatingMethodAccessorImpl.java:25)
	at java.lang.reflect.Method.invoke(Method.java:585)
	at junit.framework.TestCase.runTest(TestCase.java:164)
	at junit.framework.TestCase.runBare(TestCase.java:130)
	at junit.framework.TestResult$1.protect(TestResult.java:106)
	at junit.framework.TestResult.runProtected(TestResult.java:124)
	at junit.framework.TestResult.run(TestResult.java:109)
	at junit.framework.TestCase.run(TestCase.java:120)
	at junit.framework.TestSuite.runTest(TestSuite.java:230)
	at junit.framework.TestSuite.run(TestSuite.java:225)
	at junit.framework.TestSuite.runTest(TestSuite.java:230)
	at junit.framework.TestSuite.run(TestSuite.java:225)
	at junit.framework.TestSuite.runTest(TestSuite.java:230)
	at junit.framework.TestSuite.run(TestSuite.java:225)
	at org.apache.tools.ant.taskdefs.optional.junit.JUnitTestRunner.run(JUnitTestRunner.java:421)
	at org.apache.tools.ant.taskdefs.optional.junit.JUnitTestRunner.launch(JUnitTestRunner.java:912)
	at org.apache.tools.ant.taskdefs.optional.junit.JUnitTestRunner.main(JUnitTestRunner.java:766)
Exit from method [ProjectStatusServiceBean#deleteProjectStatus]. Time spent: 0 ms. Return value: null
Enter into method [ProjectStatusServiceBean#deleteProjectStatus]. Argument info: [ id=0 name=null description=null isDeleted=false]. Entrance timestamp: 1221394847192
Resource [projectManager] should not be null.
java.lang.IllegalStateException: Resource [projectManager] should not be null.
	at com.topcoder.clients.webservices.Util.checkResource(Util.java:227)
	at com.topcoder.clients.webservices.beans.ProjectStatusServiceBean.deleteProjectStatus(ProjectStatusServiceBean.java:389)
	at com.topcoder.clients.webservices.beans.ProjectStatusServiceBeanTest.testDeleteProjectStatus_Failure2(ProjectStatusServiceBeanTest.java:483)
	at sun.reflect.NativeMethodAccessorImpl.invoke0(Native Method)
	at sun.reflect.NativeMethodAccessorImpl.invoke(NativeMethodAccessorImpl.java:39)
	at sun.reflect.DelegatingMethodAccessorImpl.invoke(DelegatingMethodAccessorImpl.java:25)
	at java.lang.reflect.Method.invoke(Method.java:585)
	at junit.framework.TestCase.runTest(TestCase.java:164)
	at junit.framework.TestCase.runBare(TestCase.java:130)
	at junit.framework.TestResult$1.protect(TestResult.java:106)
	at junit.framework.TestResult.runProtected(TestResult.java:124)
	at junit.framework.TestResult.run(TestResult.java:109)
	at junit.framework.TestCase.run(TestCase.java:120)
	at junit.framework.TestSuite.runTest(TestSuite.java:230)
	at junit.framework.TestSuite.run(TestSuite.java:225)
	at junit.framework.TestSuite.runTest(TestSuite.java:230)
	at junit.framework.TestSuite.run(TestSuite.java:225)
	at junit.framework.TestSuite.runTest(TestSuite.java:230)
	at junit.framework.TestSuite.run(TestSuite.java:225)
	at org.apache.tools.ant.taskdefs.optional.junit.JUnitTestRunner.run(JUnitTestRunner.java:421)
	at org.apache.tools.ant.taskdefs.optional.junit.JUnitTestRunner.launch(JUnitTestRunner.java:912)
	at org.apache.tools.ant.taskdefs.optional.junit.JUnitTestRunner.main(JUnitTestRunner.java:766)
Exit from method [ProjectStatusServiceBean#deleteProjectStatus]. Time spent: 1 ms. Return value: null
Enter into method [ProjectStatusServiceBean#deleteProjectStatus]. Argument info: [ id=0 name=null description=null isDeleted=false]. Entrance timestamp: 1221394847270
Test exception
com.topcoder.clients.manager.ProjectManagerException: Test exception
	at com.topcoder.clients.webservices.beans.ProjectManagerMock.checkFail(ProjectManagerMock.java:353)
	at com.topcoder.clients.webservices.beans.ProjectManagerMock.deleteProjectStatus(ProjectManagerMock.java:132)
	at com.topcoder.clients.webservices.beans.ProjectStatusServiceBean.deleteProjectStatus(ProjectStatusServiceBean.java:395)
	at com.topcoder.clients.webservices.beans.ProjectStatusServiceBeanTest.testDeleteProjectStatus_Failure3(ProjectStatusServiceBeanTest.java:507)
	at sun.reflect.NativeMethodAccessorImpl.invoke0(Native Method)
	at sun.reflect.NativeMethodAccessorImpl.invoke(NativeMethodAccessorImpl.java:39)
	at sun.reflect.DelegatingMethodAccessorImpl.invoke(DelegatingMethodAccessorImpl.java:25)
	at java.lang.reflect.Method.invoke(Method.java:585)
	at junit.framework.TestCase.runTest(TestCase.java:164)
	at junit.framework.TestCase.runBare(TestCase.java:130)
	at junit.framework.TestResult$1.protect(TestResult.java:106)
	at junit.framework.TestResult.runProtected(TestResult.java:124)
	at junit.framework.TestResult.run(TestResult.java:109)
	at junit.framework.TestCase.run(TestCase.java:120)
	at junit.framework.TestSuite.runTest(TestSuite.java:230)
	at junit.framework.TestSuite.run(TestSuite.java:225)
	at junit.framework.TestSuite.runTest(TestSuite.java:230)
	at junit.framework.TestSuite.run(TestSuite.java:225)
	at junit.framework.TestSuite.runTest(TestSuite.java:230)
	at junit.framework.TestSuite.run(TestSuite.java:225)
	at org.apache.tools.ant.taskdefs.optional.junit.JUnitTestRunner.run(JUnitTestRunner.java:421)
	at org.apache.tools.ant.taskdefs.optional.junit.JUnitTestRunner.launch(JUnitTestRunner.java:912)
	at org.apache.tools.ant.taskdefs.optional.junit.JUnitTestRunner.main(JUnitTestRunner.java:766)
Exit from method [ProjectStatusServiceBean#deleteProjectStatus]. Time spent: 0 ms. Return value: null
Enter into method [LookupServiceBean#retrieveClient]. Argument info: 42. Entrance timestamp: 1221394850785
Exit from method [LookupServiceBean#retrieveClient]. Time spent: 1 ms. Return value: [ id=42 name=null codeName=null salesTax=0.0 isDeleted=false company=null clientStatus=null]
Enter into method [LookupServiceBean#retrieveClient]. Argument info: 42. Entrance timestamp: 1221394851000
Exit from method [LookupServiceBean#retrieveClient]. Time spent: 0 ms. Return value: [ id=42 name=null codeName=null salesTax=0.0 isDeleted=false company=null clientStatus=null]
Enter into method [LookupServiceBean#retrieveClient]. Argument info: -1. Entrance timestamp: 1221394851220
Parameter [id] should be positive but is [-1].
java.lang.IllegalArgumentException: Parameter [id] should be positive but is [-1].
	at com.topcoder.clients.webservices.Util.checkPositiveWithLog(Util.java:141)
	at com.topcoder.clients.webservices.beans.LookupServiceBean.retrieveClient(LookupServiceBean.java:527)
	at com.topcoder.clients.webservices.beans.LookupServiceBeanTest.testRetrieveClient_Failure1(LookupServiceBeanTest.java:363)
	at sun.reflect.NativeMethodAccessorImpl.invoke0(Native Method)
	at sun.reflect.NativeMethodAccessorImpl.invoke(NativeMethodAccessorImpl.java:39)
	at sun.reflect.DelegatingMethodAccessorImpl.invoke(DelegatingMethodAccessorImpl.java:25)
	at java.lang.reflect.Method.invoke(Method.java:585)
	at junit.framework.TestCase.runTest(TestCase.java:164)
	at junit.framework.TestCase.runBare(TestCase.java:130)
	at junit.framework.TestResult$1.protect(TestResult.java:106)
	at junit.framework.TestResult.runProtected(TestResult.java:124)
	at junit.framework.TestResult.run(TestResult.java:109)
	at junit.framework.TestCase.run(TestCase.java:120)
	at junit.framework.TestSuite.runTest(TestSuite.java:230)
	at junit.framework.TestSuite.run(TestSuite.java:225)
	at junit.framework.TestSuite.runTest(TestSuite.java:230)
	at junit.framework.TestSuite.run(TestSuite.java:225)
	at junit.framework.TestSuite.runTest(TestSuite.java:230)
	at junit.framework.TestSuite.run(TestSuite.java:225)
	at org.apache.tools.ant.taskdefs.optional.junit.JUnitTestRunner.run(JUnitTestRunner.java:421)
	at org.apache.tools.ant.taskdefs.optional.junit.JUnitTestRunner.launch(JUnitTestRunner.java:912)
	at org.apache.tools.ant.taskdefs.optional.junit.JUnitTestRunner.main(JUnitTestRunner.java:766)
Exit from method [LookupServiceBean#retrieveClient]. Time spent: 1 ms. Return value: null
Enter into method [LookupServiceBean#retrieveClient]. Argument info: 17. Entrance timestamp: 1221394851458
Resource [clientManager] should not be null.
java.lang.IllegalStateException: Resource [clientManager] should not be null.
	at com.topcoder.clients.webservices.Util.checkResource(Util.java:227)
	at com.topcoder.clients.webservices.beans.LookupServiceBean.retrieveClient(LookupServiceBean.java:528)
	at com.topcoder.clients.webservices.beans.LookupServiceBeanTest.testRetrieveClient_Failure2(LookupServiceBeanTest.java:387)
	at sun.reflect.NativeMethodAccessorImpl.invoke0(Native Method)
	at sun.reflect.NativeMethodAccessorImpl.invoke(NativeMethodAccessorImpl.java:39)
	at sun.reflect.DelegatingMethodAccessorImpl.invoke(DelegatingMethodAccessorImpl.java:25)
	at java.lang.reflect.Method.invoke(Method.java:585)
	at junit.framework.TestCase.runTest(TestCase.java:164)
	at junit.framework.TestCase.runBare(TestCase.java:130)
	at junit.framework.TestResult$1.protect(TestResult.java:106)
	at junit.framework.TestResult.runProtected(TestResult.java:124)
	at junit.framework.TestResult.run(TestResult.java:109)
	at junit.framework.TestCase.run(TestCase.java:120)
	at junit.framework.TestSuite.runTest(TestSuite.java:230)
	at junit.framework.TestSuite.run(TestSuite.java:225)
	at junit.framework.TestSuite.runTest(TestSuite.java:230)
	at junit.framework.TestSuite.run(TestSuite.java:225)
	at junit.framework.TestSuite.runTest(TestSuite.java:230)
	at junit.framework.TestSuite.run(TestSuite.java:225)
	at org.apache.tools.ant.taskdefs.optional.junit.JUnitTestRunner.run(JUnitTestRunner.java:421)
	at org.apache.tools.ant.taskdefs.optional.junit.JUnitTestRunner.launch(JUnitTestRunner.java:912)
	at org.apache.tools.ant.taskdefs.optional.junit.JUnitTestRunner.main(JUnitTestRunner.java:766)
Exit from method [LookupServiceBean#retrieveClient]. Time spent: 0 ms. Return value: null
Enter into method [LookupServiceBean#retrieveClient]. Argument info: 17. Entrance timestamp: 1221394851672
User is restricted to perform operations with [[ id=17 name=null codeName=null salesTax=0.0 isDeleted=false company=null clientStatus=null]] client.
com.topcoder.clients.webservices.beans.AuthorizationFailedException: User is restricted to perform operations with [[ id=17 name=null codeName=null salesTax=0.0 isDeleted=false company=null clientStatus=null]] client.
	at com.topcoder.clients.webservices.beans.LookupServiceBean.checkClient(LookupServiceBean.java:1607)
	at com.topcoder.clients.webservices.beans.LookupServiceBean.retrieveClient(LookupServiceBean.java:538)
	at com.topcoder.clients.webservices.beans.LookupServiceBeanTest.testRetrieveClient_Failure3(LookupServiceBeanTest.java:411)
	at sun.reflect.NativeMethodAccessorImpl.invoke0(Native Method)
	at sun.reflect.NativeMethodAccessorImpl.invoke(NativeMethodAccessorImpl.java:39)
	at sun.reflect.DelegatingMethodAccessorImpl.invoke(DelegatingMethodAccessorImpl.java:25)
	at java.lang.reflect.Method.invoke(Method.java:585)
	at junit.framework.TestCase.runTest(TestCase.java:164)
	at junit.framework.TestCase.runBare(TestCase.java:130)
	at junit.framework.TestResult$1.protect(TestResult.java:106)
	at junit.framework.TestResult.runProtected(TestResult.java:124)
	at junit.framework.TestResult.run(TestResult.java:109)
	at junit.framework.TestCase.run(TestCase.java:120)
	at junit.framework.TestSuite.runTest(TestSuite.java:230)
	at junit.framework.TestSuite.run(TestSuite.java:225)
	at junit.framework.TestSuite.runTest(TestSuite.java:230)
	at junit.framework.TestSuite.run(TestSuite.java:225)
	at junit.framework.TestSuite.runTest(TestSuite.java:230)
	at junit.framework.TestSuite.run(TestSuite.java:225)
	at org.apache.tools.ant.taskdefs.optional.junit.JUnitTestRunner.run(JUnitTestRunner.java:421)
	at org.apache.tools.ant.taskdefs.optional.junit.JUnitTestRunner.launch(JUnitTestRunner.java:912)
	at org.apache.tools.ant.taskdefs.optional.junit.JUnitTestRunner.main(JUnitTestRunner.java:766)
Exit from method [LookupServiceBean#retrieveClient]. Time spent: 1 ms. Return value: null
Enter into method [LookupServiceBean#retrieveClient]. Argument info: 5. Entrance timestamp: 1221394851889
Test exception
com.topcoder.clients.manager.ClientManagerException: Test exception
	at com.topcoder.clients.webservices.beans.ClientManagerMock.checkFail(ClientManagerMock.java:350)
	at com.topcoder.clients.webservices.beans.ClientManagerMock.retrieveClient(ClientManagerMock.java:219)
	at com.topcoder.clients.webservices.beans.LookupServiceBean.retrieveClient(LookupServiceBean.java:535)
	at com.topcoder.clients.webservices.beans.LookupServiceBeanTest.testRetrieveClient_Failure4(LookupServiceBeanTest.java:437)
	at sun.reflect.NativeMethodAccessorImpl.invoke0(Native Method)
	at sun.reflect.NativeMethodAccessorImpl.invoke(NativeMethodAccessorImpl.java:39)
	at sun.reflect.DelegatingMethodAccessorImpl.invoke(DelegatingMethodAccessorImpl.java:25)
	at java.lang.reflect.Method.invoke(Method.java:585)
	at junit.framework.TestCase.runTest(TestCase.java:164)
	at junit.framework.TestCase.runBare(TestCase.java:130)
	at junit.framework.TestResult$1.protect(TestResult.java:106)
	at junit.framework.TestResult.runProtected(TestResult.java:124)
	at junit.framework.TestResult.run(TestResult.java:109)
	at junit.framework.TestCase.run(TestCase.java:120)
	at junit.framework.TestSuite.runTest(TestSuite.java:230)
	at junit.framework.TestSuite.run(TestSuite.java:225)
	at junit.framework.TestSuite.runTest(TestSuite.java:230)
	at junit.framework.TestSuite.run(TestSuite.java:225)
	at junit.framework.TestSuite.runTest(TestSuite.java:230)
	at junit.framework.TestSuite.run(TestSuite.java:225)
	at org.apache.tools.ant.taskdefs.optional.junit.JUnitTestRunner.run(JUnitTestRunner.java:421)
	at org.apache.tools.ant.taskdefs.optional.junit.JUnitTestRunner.launch(JUnitTestRunner.java:912)
	at org.apache.tools.ant.taskdefs.optional.junit.JUnitTestRunner.main(JUnitTestRunner.java:766)
Exit from method [LookupServiceBean#retrieveClient]. Time spent: 1 ms. Return value: null
Enter into method [LookupServiceBean#retrieveAllClients]. Entrance timestamp: 1221394852123
Exit from method [LookupServiceBean#retrieveAllClients]. Time spent: 0 ms. Return value: [[ id=5 name=null codeName=null salesTax=0.0 isDeleted=false company=null clientStatus=null] [ id=7 name=null codeName=null salesTax=0.0 isDeleted=false company=null clientStatus=null]]
Enter into method [LookupServiceBean#retrieveAllClients]. Entrance timestamp: 1221394852123
Exit from method [LookupServiceBean#retrieveAllClients]. Time spent: 0 ms. Return value: [[ id=5 name=null codeName=null salesTax=0.0 isDeleted=false company=null clientStatus=null] [ id=7 name=null codeName=null salesTax=0.0 isDeleted=false company=null clientStatus=null] [ id=0 name=null codeName=null salesTax=0.0 isDeleted=false company=null clientStatus=null]]
Enter into method [LookupServiceBean#retrieveAllClients]. Entrance timestamp: 1221394852335
Resource [userMappingRetriever] should not be null.
java.lang.IllegalStateException: Resource [userMappingRetriever] should not be null.
	at com.topcoder.clients.webservices.Util.checkResource(Util.java:227)
	at com.topcoder.clients.webservices.beans.LookupServiceBean.retrieveAllClients(LookupServiceBean.java:571)
	at com.topcoder.clients.webservices.beans.LookupServiceBeanTest.testRetrieveAllClients_Failure1(LookupServiceBeanTest.java:494)
	at sun.reflect.NativeMethodAccessorImpl.invoke0(Native Method)
	at sun.reflect.NativeMethodAccessorImpl.invoke(NativeMethodAccessorImpl.java:39)
	at sun.reflect.DelegatingMethodAccessorImpl.invoke(DelegatingMethodAccessorImpl.java:25)
	at java.lang.reflect.Method.invoke(Method.java:585)
	at junit.framework.TestCase.runTest(TestCase.java:164)
	at junit.framework.TestCase.runBare(TestCase.java:130)
	at junit.framework.TestResult$1.protect(TestResult.java:106)
	at junit.framework.TestResult.runProtected(TestResult.java:124)
	at junit.framework.TestResult.run(TestResult.java:109)
	at junit.framework.TestCase.run(TestCase.java:120)
	at junit.framework.TestSuite.runTest(TestSuite.java:230)
	at junit.framework.TestSuite.run(TestSuite.java:225)
	at junit.framework.TestSuite.runTest(TestSuite.java:230)
	at junit.framework.TestSuite.run(TestSuite.java:225)
	at junit.framework.TestSuite.runTest(TestSuite.java:230)
	at junit.framework.TestSuite.run(TestSuite.java:225)
	at org.apache.tools.ant.taskdefs.optional.junit.JUnitTestRunner.run(JUnitTestRunner.java:421)
	at org.apache.tools.ant.taskdefs.optional.junit.JUnitTestRunner.launch(JUnitTestRunner.java:912)
	at org.apache.tools.ant.taskdefs.optional.junit.JUnitTestRunner.main(JUnitTestRunner.java:766)
Exit from method [LookupServiceBean#retrieveAllClients]. Time spent: 2 ms. Return value: null
Enter into method [LookupServiceBean#retrieveAllClients]. Entrance timestamp: 1221394852569
User isn't authenticated to perform [retrieveAllClients] operation.
com.topcoder.clients.webservices.beans.AuthorizationFailedException: User isn't authenticated to perform [retrieveAllClients] operation.
	at com.topcoder.clients.webservices.beans.LookupServiceBean.authenticationCheck(LookupServiceBean.java:1571)
	at com.topcoder.clients.webservices.beans.LookupServiceBean.retrieveAllClients(LookupServiceBean.java:574)
	at com.topcoder.clients.webservices.beans.LookupServiceBeanTest.testRetrieveAllClients_Failure2(LookupServiceBeanTest.java:518)
	at sun.reflect.NativeMethodAccessorImpl.invoke0(Native Method)
	at sun.reflect.NativeMethodAccessorImpl.invoke(NativeMethodAccessorImpl.java:39)
	at sun.reflect.DelegatingMethodAccessorImpl.invoke(DelegatingMethodAccessorImpl.java:25)
	at java.lang.reflect.Method.invoke(Method.java:585)
	at junit.framework.TestCase.runTest(TestCase.java:164)
	at junit.framework.TestCase.runBare(TestCase.java:130)
	at junit.framework.TestResult$1.protect(TestResult.java:106)
	at junit.framework.TestResult.runProtected(TestResult.java:124)
	at junit.framework.TestResult.run(TestResult.java:109)
	at junit.framework.TestCase.run(TestCase.java:120)
	at junit.framework.TestSuite.runTest(TestSuite.java:230)
	at junit.framework.TestSuite.run(TestSuite.java:225)
	at junit.framework.TestSuite.runTest(TestSuite.java:230)
	at junit.framework.TestSuite.run(TestSuite.java:225)
	at junit.framework.TestSuite.runTest(TestSuite.java:230)
	at junit.framework.TestSuite.run(TestSuite.java:225)
	at org.apache.tools.ant.taskdefs.optional.junit.JUnitTestRunner.run(JUnitTestRunner.java:421)
	at org.apache.tools.ant.taskdefs.optional.junit.JUnitTestRunner.launch(JUnitTestRunner.java:912)
	at org.apache.tools.ant.taskdefs.optional.junit.JUnitTestRunner.main(JUnitTestRunner.java:766)
Exit from method [LookupServiceBean#retrieveAllClients]. Time spent: 0 ms. Return value: null
Enter into method [LookupServiceBean#retrieveAllClients]. Entrance timestamp: 1221394852803
Test exception
com.topcoder.clients.manager.ClientManagerException: Test exception
	at com.topcoder.clients.webservices.beans.ClientManagerMock.checkFail(ClientManagerMock.java:350)
	at com.topcoder.clients.webservices.beans.ClientManagerMock.retrieveAllClients(ClientManagerMock.java:199)
	at com.topcoder.clients.webservices.beans.LookupServiceBean.retrieveAllClients(LookupServiceBean.java:577)
	at com.topcoder.clients.webservices.beans.LookupServiceBeanTest.testRetrieveAllClients_Failure3(LookupServiceBeanTest.java:542)
	at sun.reflect.NativeMethodAccessorImpl.invoke0(Native Method)
	at sun.reflect.NativeMethodAccessorImpl.invoke(NativeMethodAccessorImpl.java:39)
	at sun.reflect.DelegatingMethodAccessorImpl.invoke(DelegatingMethodAccessorImpl.java:25)
	at java.lang.reflect.Method.invoke(Method.java:585)
	at junit.framework.TestCase.runTest(TestCase.java:164)
	at junit.framework.TestCase.runBare(TestCase.java:130)
	at junit.framework.TestResult$1.protect(TestResult.java:106)
	at junit.framework.TestResult.runProtected(TestResult.java:124)
	at junit.framework.TestResult.run(TestResult.java:109)
	at junit.framework.TestCase.run(TestCase.java:120)
	at junit.framework.TestSuite.runTest(TestSuite.java:230)
	at junit.framework.TestSuite.run(TestSuite.java:225)
	at junit.framework.TestSuite.runTest(TestSuite.java:230)
	at junit.framework.TestSuite.run(TestSuite.java:225)
	at junit.framework.TestSuite.runTest(TestSuite.java:230)
	at junit.framework.TestSuite.run(TestSuite.java:225)
	at org.apache.tools.ant.taskdefs.optional.junit.JUnitTestRunner.run(JUnitTestRunner.java:421)
	at org.apache.tools.ant.taskdefs.optional.junit.JUnitTestRunner.launch(JUnitTestRunner.java:912)
	at org.apache.tools.ant.taskdefs.optional.junit.JUnitTestRunner.main(JUnitTestRunner.java:766)
Exit from method [LookupServiceBean#retrieveAllClients]. Time spent: 2 ms. Return value: null
Enter into method [LookupServiceBean#searchClientsByName]. Argument info: Jack. Entrance timestamp: 1221394853049
Exit from method [LookupServiceBean#searchClientsByName]. Time spent: 0 ms. Return value: [[ id=5 name=Jack codeName=null salesTax=0.0 isDeleted=false company=null clientStatus=null] [ id=7 name=Jack codeName=null salesTax=0.0 isDeleted=false company=null clientStatus=null]]
Enter into method [LookupServiceBean#retrieveAllClients]. Entrance timestamp: 1221394853049
Exit from method [LookupServiceBean#retrieveAllClients]. Time spent: 0 ms. Return value: [[ id=5 name=Jack codeName=null salesTax=0.0 isDeleted=false company=null clientStatus=null] [ id=7 name=Jack codeName=null salesTax=0.0 isDeleted=false company=null clientStatus=null] [ id=0 name=null codeName=null salesTax=0.0 isDeleted=false company=null clientStatus=null]]
Enter into method [LookupServiceBean#searchClientsByName]. Argument info:    . Entrance timestamp: 1221394853261
Parameter [name] should not be null or empty.
java.lang.IllegalArgumentException: Parameter [name] should not be null or empty.
	at com.topcoder.clients.webservices.Util.checkNullOrEmpty(Util.java:119)
	at com.topcoder.clients.webservices.beans.LookupServiceBean.searchClientsByName(LookupServiceBean.java:618)
	at com.topcoder.clients.webservices.beans.LookupServiceBeanTest.testSearchClientsByName_Failure1(LookupServiceBeanTest.java:599)
	at sun.reflect.NativeMethodAccessorImpl.invoke0(Native Method)
	at sun.reflect.NativeMethodAccessorImpl.invoke(NativeMethodAccessorImpl.java:39)
	at sun.reflect.DelegatingMethodAccessorImpl.invoke(DelegatingMethodAccessorImpl.java:25)
	at java.lang.reflect.Method.invoke(Method.java:585)
	at junit.framework.TestCase.runTest(TestCase.java:164)
	at junit.framework.TestCase.runBare(TestCase.java:130)
	at junit.framework.TestResult$1.protect(TestResult.java:106)
	at junit.framework.TestResult.runProtected(TestResult.java:124)
	at junit.framework.TestResult.run(TestResult.java:109)
	at junit.framework.TestCase.run(TestCase.java:120)
	at junit.framework.TestSuite.runTest(TestSuite.java:230)
	at junit.framework.TestSuite.run(TestSuite.java:225)
	at junit.framework.TestSuite.runTest(TestSuite.java:230)
	at junit.framework.TestSuite.run(TestSuite.java:225)
	at junit.framework.TestSuite.runTest(TestSuite.java:230)
	at junit.framework.TestSuite.run(TestSuite.java:225)
	at org.apache.tools.ant.taskdefs.optional.junit.JUnitTestRunner.run(JUnitTestRunner.java:421)
	at org.apache.tools.ant.taskdefs.optional.junit.JUnitTestRunner.launch(JUnitTestRunner.java:912)
	at org.apache.tools.ant.taskdefs.optional.junit.JUnitTestRunner.main(JUnitTestRunner.java:766)
Exit from method [LookupServiceBean#searchClientsByName]. Time spent: 2 ms. Return value: null
Enter into method [LookupServiceBean#searchClientsByName]. Argument info: Jack. Entrance timestamp: 1221394853494
Resource [clientManager] should not be null.
java.lang.IllegalStateException: Resource [clientManager] should not be null.
	at com.topcoder.clients.webservices.Util.checkResource(Util.java:227)
	at com.topcoder.clients.webservices.beans.LookupServiceBean.searchClientsByName(LookupServiceBean.java:619)
	at com.topcoder.clients.webservices.beans.LookupServiceBeanTest.testSearchClientsByName_Failure2(LookupServiceBeanTest.java:623)
	at sun.reflect.NativeMethodAccessorImpl.invoke0(Native Method)
	at sun.reflect.NativeMethodAccessorImpl.invoke(NativeMethodAccessorImpl.java:39)
	at sun.reflect.DelegatingMethodAccessorImpl.invoke(DelegatingMethodAccessorImpl.java:25)
	at java.lang.reflect.Method.invoke(Method.java:585)
	at junit.framework.TestCase.runTest(TestCase.java:164)
	at junit.framework.TestCase.runBare(TestCase.java:130)
	at junit.framework.TestResult$1.protect(TestResult.java:106)
	at junit.framework.TestResult.runProtected(TestResult.java:124)
	at junit.framework.TestResult.run(TestResult.java:109)
	at junit.framework.TestCase.run(TestCase.java:120)
	at junit.framework.TestSuite.runTest(TestSuite.java:230)
	at junit.framework.TestSuite.run(TestSuite.java:225)
	at junit.framework.TestSuite.runTest(TestSuite.java:230)
	at junit.framework.TestSuite.run(TestSuite.java:225)
	at junit.framework.TestSuite.runTest(TestSuite.java:230)
	at junit.framework.TestSuite.run(TestSuite.java:225)
	at org.apache.tools.ant.taskdefs.optional.junit.JUnitTestRunner.run(JUnitTestRunner.java:421)
	at org.apache.tools.ant.taskdefs.optional.junit.JUnitTestRunner.launch(JUnitTestRunner.java:912)
	at org.apache.tools.ant.taskdefs.optional.junit.JUnitTestRunner.main(JUnitTestRunner.java:766)
Exit from method [LookupServiceBean#searchClientsByName]. Time spent: 2 ms. Return value: null
Enter into method [LookupServiceBean#searchClientsByName]. Argument info: Jack. Entrance timestamp: 1221394853732
User isn't authenticated to perform [searchClientsByName] operation.
com.topcoder.clients.webservices.beans.AuthorizationFailedException: User isn't authenticated to perform [searchClientsByName] operation.
	at com.topcoder.clients.webservices.beans.LookupServiceBean.authenticationCheck(LookupServiceBean.java:1571)
	at com.topcoder.clients.webservices.beans.LookupServiceBean.searchClientsByName(LookupServiceBean.java:623)
	at com.topcoder.clients.webservices.beans.LookupServiceBeanTest.testSearchClientsByName_Failure3(LookupServiceBeanTest.java:647)
	at sun.reflect.NativeMethodAccessorImpl.invoke0(Native Method)
	at sun.reflect.NativeMethodAccessorImpl.invoke(NativeMethodAccessorImpl.java:39)
	at sun.reflect.DelegatingMethodAccessorImpl.invoke(DelegatingMethodAccessorImpl.java:25)
	at java.lang.reflect.Method.invoke(Method.java:585)
	at junit.framework.TestCase.runTest(TestCase.java:164)
	at junit.framework.TestCase.runBare(TestCase.java:130)
	at junit.framework.TestResult$1.protect(TestResult.java:106)
	at junit.framework.TestResult.runProtected(TestResult.java:124)
	at junit.framework.TestResult.run(TestResult.java:109)
	at junit.framework.TestCase.run(TestCase.java:120)
	at junit.framework.TestSuite.runTest(TestSuite.java:230)
	at junit.framework.TestSuite.run(TestSuite.java:225)
	at junit.framework.TestSuite.runTest(TestSuite.java:230)
	at junit.framework.TestSuite.run(TestSuite.java:225)
	at junit.framework.TestSuite.runTest(TestSuite.java:230)
	at junit.framework.TestSuite.run(TestSuite.java:225)
	at org.apache.tools.ant.taskdefs.optional.junit.JUnitTestRunner.run(JUnitTestRunner.java:421)
	at org.apache.tools.ant.taskdefs.optional.junit.JUnitTestRunner.launch(JUnitTestRunner.java:912)
	at org.apache.tools.ant.taskdefs.optional.junit.JUnitTestRunner.main(JUnitTestRunner.java:766)
Exit from method [LookupServiceBean#searchClientsByName]. Time spent: 0 ms. Return value: null
Enter into method [LookupServiceBean#searchClientsByName]. Argument info: Jack. Entrance timestamp: 1221394853988
Test exception
com.topcoder.clients.manager.ClientManagerException: Test exception
	at com.topcoder.clients.webservices.beans.ClientManagerMock.checkFail(ClientManagerMock.java:350)
	at com.topcoder.clients.webservices.beans.ClientManagerMock.retrieveAllClients(ClientManagerMock.java:199)
	at com.topcoder.clients.webservices.beans.ClientManagerMock.searchClientsByName(ClientManagerMock.java:261)
	at com.topcoder.clients.webservices.beans.LookupServiceBean.searchClientsByName(LookupServiceBean.java:626)
	at com.topcoder.clients.webservices.beans.LookupServiceBeanTest.testSearchClientsByName_Failure4(LookupServiceBeanTest.java:671)
	at sun.reflect.NativeMethodAccessorImpl.invoke0(Native Method)
	at sun.reflect.NativeMethodAccessorImpl.invoke(NativeMethodAccessorImpl.java:39)
	at sun.reflect.DelegatingMethodAccessorImpl.invoke(DelegatingMethodAccessorImpl.java:25)
	at java.lang.reflect.Method.invoke(Method.java:585)
	at junit.framework.TestCase.runTest(TestCase.java:164)
	at junit.framework.TestCase.runBare(TestCase.java:130)
	at junit.framework.TestResult$1.protect(TestResult.java:106)
	at junit.framework.TestResult.runProtected(TestResult.java:124)
	at junit.framework.TestResult.run(TestResult.java:109)
	at junit.framework.TestCase.run(TestCase.java:120)
	at junit.framework.TestSuite.runTest(TestSuite.java:230)
	at junit.framework.TestSuite.run(TestSuite.java:225)
	at junit.framework.TestSuite.runTest(TestSuite.java:230)
	at junit.framework.TestSuite.run(TestSuite.java:225)
	at junit.framework.TestSuite.runTest(TestSuite.java:230)
	at junit.framework.TestSuite.run(TestSuite.java:225)
	at org.apache.tools.ant.taskdefs.optional.junit.JUnitTestRunner.run(JUnitTestRunner.java:421)
	at org.apache.tools.ant.taskdefs.optional.junit.JUnitTestRunner.launch(JUnitTestRunner.java:912)
	at org.apache.tools.ant.taskdefs.optional.junit.JUnitTestRunner.main(JUnitTestRunner.java:766)
Exit from method [LookupServiceBean#searchClientsByName]. Time spent: 0 ms. Return value: null
Enter into method [LookupServiceBean#searchClients]. Argument info: com.topcoder.search.builder.filter.NullFilter@14096e6. Entrance timestamp: 1221394854221
Exit from method [LookupServiceBean#searchClients]. Time spent: 0 ms. Return value: [[ id=5 name=Jack codeName=null salesTax=0.0 isDeleted=false company=null clientStatus=null] [ id=7 name=Jack codeName=null salesTax=0.0 isDeleted=false company=null clientStatus=null]]
Enter into method [LookupServiceBean#searchClients]. Argument info: com.topcoder.search.builder.filter.NullFilter@1731334. Entrance timestamp: 1221394854221
Exit from method [LookupServiceBean#searchClients]. Time spent: 0 ms. Return value: [[ id=5 name=Jack codeName=null salesTax=0.0 isDeleted=false company=null clientStatus=null] [ id=7 name=Jack codeName=null salesTax=0.0 isDeleted=false company=null clientStatus=null] [ id=0 name=null codeName=null salesTax=0.0 isDeleted=false company=null clientStatus=null]]
Enter into method [LookupServiceBean#searchClients]. Argument info: null. Entrance timestamp: 1221394854436
Parameter [filter] should not be null.
java.lang.IllegalArgumentException: Parameter [filter] should not be null.
	at com.topcoder.clients.webservices.Util.checkNullWithLog(Util.java:98)
	at com.topcoder.clients.webservices.beans.LookupServiceBean.searchClients(LookupServiceBean.java:668)
	at com.topcoder.clients.webservices.beans.LookupServiceBeanTest.testSearchClients_Failure1(LookupServiceBeanTest.java:728)
	at sun.reflect.NativeMethodAccessorImpl.invoke0(Native Method)
	at sun.reflect.NativeMethodAccessorImpl.invoke(NativeMethodAccessorImpl.java:39)
	at sun.reflect.DelegatingMethodAccessorImpl.invoke(DelegatingMethodAccessorImpl.java:25)
	at java.lang.reflect.Method.invoke(Method.java:585)
	at junit.framework.TestCase.runTest(TestCase.java:164)
	at junit.framework.TestCase.runBare(TestCase.java:130)
	at junit.framework.TestResult$1.protect(TestResult.java:106)
	at junit.framework.TestResult.runProtected(TestResult.java:124)
	at junit.framework.TestResult.run(TestResult.java:109)
	at junit.framework.TestCase.run(TestCase.java:120)
	at junit.framework.TestSuite.runTest(TestSuite.java:230)
	at junit.framework.TestSuite.run(TestSuite.java:225)
	at junit.framework.TestSuite.runTest(TestSuite.java:230)
	at junit.framework.TestSuite.run(TestSuite.java:225)
	at junit.framework.TestSuite.runTest(TestSuite.java:230)
	at junit.framework.TestSuite.run(TestSuite.java:225)
	at org.apache.tools.ant.taskdefs.optional.junit.JUnitTestRunner.run(JUnitTestRunner.java:421)
	at org.apache.tools.ant.taskdefs.optional.junit.JUnitTestRunner.launch(JUnitTestRunner.java:912)
	at org.apache.tools.ant.taskdefs.optional.junit.JUnitTestRunner.main(JUnitTestRunner.java:766)
Exit from method [LookupServiceBean#searchClients]. Time spent: 0 ms. Return value: null
Enter into method [LookupServiceBean#searchClients]. Argument info: com.topcoder.search.builder.filter.NullFilter@60e78. Entrance timestamp: 1221394854669
Resource [clientManager] should not be null.
java.lang.IllegalStateException: Resource [clientManager] should not be null.
	at com.topcoder.clients.webservices.Util.checkResource(Util.java:227)
	at com.topcoder.clients.webservices.beans.LookupServiceBean.searchClients(LookupServiceBean.java:669)
	at com.topcoder.clients.webservices.beans.LookupServiceBeanTest.testSearchClients_Failure2(LookupServiceBeanTest.java:752)
	at sun.reflect.NativeMethodAccessorImpl.invoke0(Native Method)
	at sun.reflect.NativeMethodAccessorImpl.invoke(NativeMethodAccessorImpl.java:39)
	at sun.reflect.DelegatingMethodAccessorImpl.invoke(DelegatingMethodAccessorImpl.java:25)
	at java.lang.reflect.Method.invoke(Method.java:585)
	at junit.framework.TestCase.runTest(TestCase.java:164)
	at junit.framework.TestCase.runBare(TestCase.java:130)
	at junit.framework.TestResult$1.protect(TestResult.java:106)
	at junit.framework.TestResult.runProtected(TestResult.java:124)
	at junit.framework.TestResult.run(TestResult.java:109)
	at junit.framework.TestCase.run(TestCase.java:120)
	at junit.framework.TestSuite.runTest(TestSuite.java:230)
	at junit.framework.TestSuite.run(TestSuite.java:225)
	at junit.framework.TestSuite.runTest(TestSuite.java:230)
	at junit.framework.TestSuite.run(TestSuite.java:225)
	at junit.framework.TestSuite.runTest(TestSuite.java:230)
	at junit.framework.TestSuite.run(TestSuite.java:225)
	at org.apache.tools.ant.taskdefs.optional.junit.JUnitTestRunner.run(JUnitTestRunner.java:421)
	at org.apache.tools.ant.taskdefs.optional.junit.JUnitTestRunner.launch(JUnitTestRunner.java:912)
	at org.apache.tools.ant.taskdefs.optional.junit.JUnitTestRunner.main(JUnitTestRunner.java:766)
Exit from method [LookupServiceBean#searchClients]. Time spent: 0 ms. Return value: null
Enter into method [LookupServiceBean#searchClients]. Argument info: com.topcoder.search.builder.filter.NullFilter@1c7956b. Entrance timestamp: 1221394854879
User isn't authenticated to perform [searchClients] operation.
com.topcoder.clients.webservices.beans.AuthorizationFailedException: User isn't authenticated to perform [searchClients] operation.
	at com.topcoder.clients.webservices.beans.LookupServiceBean.authenticationCheck(LookupServiceBean.java:1571)
	at com.topcoder.clients.webservices.beans.LookupServiceBean.searchClients(LookupServiceBean.java:673)
	at com.topcoder.clients.webservices.beans.LookupServiceBeanTest.testSearchClients_Failure3(LookupServiceBeanTest.java:776)
	at sun.reflect.NativeMethodAccessorImpl.invoke0(Native Method)
	at sun.reflect.NativeMethodAccessorImpl.invoke(NativeMethodAccessorImpl.java:39)
	at sun.reflect.DelegatingMethodAccessorImpl.invoke(DelegatingMethodAccessorImpl.java:25)
	at java.lang.reflect.Method.invoke(Method.java:585)
	at junit.framework.TestCase.runTest(TestCase.java:164)
	at junit.framework.TestCase.runBare(TestCase.java:130)
	at junit.framework.TestResult$1.protect(TestResult.java:106)
	at junit.framework.TestResult.runProtected(TestResult.java:124)
	at junit.framework.TestResult.run(TestResult.java:109)
	at junit.framework.TestCase.run(TestCase.java:120)
	at junit.framework.TestSuite.runTest(TestSuite.java:230)
	at junit.framework.TestSuite.run(TestSuite.java:225)
	at junit.framework.TestSuite.runTest(TestSuite.java:230)
	at junit.framework.TestSuite.run(TestSuite.java:225)
	at junit.framework.TestSuite.runTest(TestSuite.java:230)
	at junit.framework.TestSuite.run(TestSuite.java:225)
	at org.apache.tools.ant.taskdefs.optional.junit.JUnitTestRunner.run(JUnitTestRunner.java:421)
	at org.apache.tools.ant.taskdefs.optional.junit.JUnitTestRunner.launch(JUnitTestRunner.java:912)
	at org.apache.tools.ant.taskdefs.optional.junit.JUnitTestRunner.main(JUnitTestRunner.java:766)
Exit from method [LookupServiceBean#searchClients]. Time spent: 0 ms. Return value: null
Enter into method [LookupServiceBean#searchClients]. Argument info: com.topcoder.search.builder.filter.NullFilter@2f5dda. Entrance timestamp: 1221394855128
Test exception
com.topcoder.clients.manager.ClientManagerException: Test exception
	at com.topcoder.clients.webservices.beans.ClientManagerMock.checkFail(ClientManagerMock.java:350)
	at com.topcoder.clients.webservices.beans.ClientManagerMock.retrieveAllClients(ClientManagerMock.java:199)
	at com.topcoder.clients.webservices.beans.ClientManagerMock.searchClients(ClientManagerMock.java:246)
	at com.topcoder.clients.webservices.beans.LookupServiceBean.searchClients(LookupServiceBean.java:676)
	at com.topcoder.clients.webservices.beans.LookupServiceBeanTest.testSearchClients_Failure4(LookupServiceBeanTest.java:800)
	at sun.reflect.NativeMethodAccessorImpl.invoke0(Native Method)
	at sun.reflect.NativeMethodAccessorImpl.invoke(NativeMethodAccessorImpl.java:39)
	at sun.reflect.DelegatingMethodAccessorImpl.invoke(DelegatingMethodAccessorImpl.java:25)
	at java.lang.reflect.Method.invoke(Method.java:585)
	at junit.framework.TestCase.runTest(TestCase.java:164)
	at junit.framework.TestCase.runBare(TestCase.java:130)
	at junit.framework.TestResult$1.protect(TestResult.java:106)
	at junit.framework.TestResult.runProtected(TestResult.java:124)
	at junit.framework.TestResult.run(TestResult.java:109)
	at junit.framework.TestCase.run(TestCase.java:120)
	at junit.framework.TestSuite.runTest(TestSuite.java:230)
	at junit.framework.TestSuite.run(TestSuite.java:225)
	at junit.framework.TestSuite.runTest(TestSuite.java:230)
	at junit.framework.TestSuite.run(TestSuite.java:225)
	at junit.framework.TestSuite.runTest(TestSuite.java:230)
	at junit.framework.TestSuite.run(TestSuite.java:225)
	at org.apache.tools.ant.taskdefs.optional.junit.JUnitTestRunner.run(JUnitTestRunner.java:421)
	at org.apache.tools.ant.taskdefs.optional.junit.JUnitTestRunner.launch(JUnitTestRunner.java:912)
	at org.apache.tools.ant.taskdefs.optional.junit.JUnitTestRunner.main(JUnitTestRunner.java:766)
Exit from method [LookupServiceBean#searchClients]. Time spent: 1 ms. Return value: null
Enter into method [LookupServiceBean#getClientStatus]. Argument info: 42. Entrance timestamp: 1221394855343
Exit from method [LookupServiceBean#getClientStatus]. Time spent: 1 ms. Return value: [ id=42 name=null description=null isDeleted=false]
Enter into method [LookupServiceBean#getClientStatus]. Argument info: -1. Entrance timestamp: 1221394855559
Parameter [id] should be positive but is [-1].
java.lang.IllegalArgumentException: Parameter [id] should be positive but is [-1].
	at com.topcoder.clients.webservices.Util.checkPositiveWithLog(Util.java:141)
	at com.topcoder.clients.webservices.beans.LookupServiceBean.getClientStatus(LookupServiceBean.java:715)
	at com.topcoder.clients.webservices.beans.LookupServiceBeanTest.testGetClientStatus_Failure1(LookupServiceBeanTest.java:839)
	at sun.reflect.NativeMethodAccessorImpl.invoke0(Native Method)
	at sun.reflect.NativeMethodAccessorImpl.invoke(NativeMethodAccessorImpl.java:39)
	at sun.reflect.DelegatingMethodAccessorImpl.invoke(DelegatingMethodAccessorImpl.java:25)
	at java.lang.reflect.Method.invoke(Method.java:585)
	at junit.framework.TestCase.runTest(TestCase.java:164)
	at junit.framework.TestCase.runBare(TestCase.java:130)
	at junit.framework.TestResult$1.protect(TestResult.java:106)
	at junit.framework.TestResult.runProtected(TestResult.java:124)
	at junit.framework.TestResult.run(TestResult.java:109)
	at junit.framework.TestCase.run(TestCase.java:120)
	at junit.framework.TestSuite.runTest(TestSuite.java:230)
	at junit.framework.TestSuite.run(TestSuite.java:225)
	at junit.framework.TestSuite.runTest(TestSuite.java:230)
	at junit.framework.TestSuite.run(TestSuite.java:225)
	at junit.framework.TestSuite.runTest(TestSuite.java:230)
	at junit.framework.TestSuite.run(TestSuite.java:225)
	at org.apache.tools.ant.taskdefs.optional.junit.JUnitTestRunner.run(JUnitTestRunner.java:421)
	at org.apache.tools.ant.taskdefs.optional.junit.JUnitTestRunner.launch(JUnitTestRunner.java:912)
	at org.apache.tools.ant.taskdefs.optional.junit.JUnitTestRunner.main(JUnitTestRunner.java:766)
Exit from method [LookupServiceBean#getClientStatus]. Time spent: 0 ms. Return value: null
Enter into method [LookupServiceBean#getClientStatus]. Argument info: 5. Entrance timestamp: 1221394855792
Resource [clientManager] should not be null.
java.lang.IllegalStateException: Resource [clientManager] should not be null.
	at com.topcoder.clients.webservices.Util.checkResource(Util.java:227)
	at com.topcoder.clients.webservices.beans.LookupServiceBean.getClientStatus(LookupServiceBean.java:716)
	at com.topcoder.clients.webservices.beans.LookupServiceBeanTest.testGetClientStatus_Failure2(LookupServiceBeanTest.java:863)
	at sun.reflect.NativeMethodAccessorImpl.invoke0(Native Method)
	at sun.reflect.NativeMethodAccessorImpl.invoke(NativeMethodAccessorImpl.java:39)
	at sun.reflect.DelegatingMethodAccessorImpl.invoke(DelegatingMethodAccessorImpl.java:25)
	at java.lang.reflect.Method.invoke(Method.java:585)
	at junit.framework.TestCase.runTest(TestCase.java:164)
	at junit.framework.TestCase.runBare(TestCase.java:130)
	at junit.framework.TestResult$1.protect(TestResult.java:106)
	at junit.framework.TestResult.runProtected(TestResult.java:124)
	at junit.framework.TestResult.run(TestResult.java:109)
	at junit.framework.TestCase.run(TestCase.java:120)
	at junit.framework.TestSuite.runTest(TestSuite.java:230)
	at junit.framework.TestSuite.run(TestSuite.java:225)
	at junit.framework.TestSuite.runTest(TestSuite.java:230)
	at junit.framework.TestSuite.run(TestSuite.java:225)
	at junit.framework.TestSuite.runTest(TestSuite.java:230)
	at junit.framework.TestSuite.run(TestSuite.java:225)
	at org.apache.tools.ant.taskdefs.optional.junit.JUnitTestRunner.run(JUnitTestRunner.java:421)
	at org.apache.tools.ant.taskdefs.optional.junit.JUnitTestRunner.launch(JUnitTestRunner.java:912)
	at org.apache.tools.ant.taskdefs.optional.junit.JUnitTestRunner.main(JUnitTestRunner.java:766)
Exit from method [LookupServiceBean#getClientStatus]. Time spent: 0 ms. Return value: null
Enter into method [LookupServiceBean#getClientStatus]. Argument info: 5. Entrance timestamp: 1221394856026
User isn't authenticated to perform [getClientStatus] operation.
com.topcoder.clients.webservices.beans.AuthorizationFailedException: User isn't authenticated to perform [getClientStatus] operation.
	at com.topcoder.clients.webservices.beans.LookupServiceBean.authenticationCheck(LookupServiceBean.java:1571)
	at com.topcoder.clients.webservices.beans.LookupServiceBean.getClientStatus(LookupServiceBean.java:720)
	at com.topcoder.clients.webservices.beans.LookupServiceBeanTest.testGetClientStatus_Failure3(LookupServiceBeanTest.java:887)
	at sun.reflect.NativeMethodAccessorImpl.invoke0(Native Method)
	at sun.reflect.NativeMethodAccessorImpl.invoke(NativeMethodAccessorImpl.java:39)
	at sun.reflect.DelegatingMethodAccessorImpl.invoke(DelegatingMethodAccessorImpl.java:25)
	at java.lang.reflect.Method.invoke(Method.java:585)
	at junit.framework.TestCase.runTest(TestCase.java:164)
	at junit.framework.TestCase.runBare(TestCase.java:130)
	at junit.framework.TestResult$1.protect(TestResult.java:106)
	at junit.framework.TestResult.runProtected(TestResult.java:124)
	at junit.framework.TestResult.run(TestResult.java:109)
	at junit.framework.TestCase.run(TestCase.java:120)
	at junit.framework.TestSuite.runTest(TestSuite.java:230)
	at junit.framework.TestSuite.run(TestSuite.java:225)
	at junit.framework.TestSuite.runTest(TestSuite.java:230)
	at junit.framework.TestSuite.run(TestSuite.java:225)
	at junit.framework.TestSuite.runTest(TestSuite.java:230)
	at junit.framework.TestSuite.run(TestSuite.java:225)
	at org.apache.tools.ant.taskdefs.optional.junit.JUnitTestRunner.run(JUnitTestRunner.java:421)
	at org.apache.tools.ant.taskdefs.optional.junit.JUnitTestRunner.launch(JUnitTestRunner.java:912)
	at org.apache.tools.ant.taskdefs.optional.junit.JUnitTestRunner.main(JUnitTestRunner.java:766)
Exit from method [LookupServiceBean#getClientStatus]. Time spent: 0 ms. Return value: null
Enter into method [LookupServiceBean#getClientStatus]. Argument info: 5. Entrance timestamp: 1221394856234
Test exception
com.topcoder.clients.manager.ClientManagerException: Test exception
	at com.topcoder.clients.webservices.beans.ClientManagerMock.checkFail(ClientManagerMock.java:350)
	at com.topcoder.clients.webservices.beans.ClientManagerMock.getClientStatus(ClientManagerMock.java:166)
	at com.topcoder.clients.webservices.beans.LookupServiceBean.getClientStatus(LookupServiceBean.java:723)
	at com.topcoder.clients.webservices.beans.LookupServiceBeanTest.testGetClientStatus_Failure4(LookupServiceBeanTest.java:911)
	at sun.reflect.NativeMethodAccessorImpl.invoke0(Native Method)
	at sun.reflect.NativeMethodAccessorImpl.invoke(NativeMethodAccessorImpl.java:39)
	at sun.reflect.DelegatingMethodAccessorImpl.invoke(DelegatingMethodAccessorImpl.java:25)
	at java.lang.reflect.Method.invoke(Method.java:585)
	at junit.framework.TestCase.runTest(TestCase.java:164)
	at junit.framework.TestCase.runBare(TestCase.java:130)
	at junit.framework.TestResult$1.protect(TestResult.java:106)
	at junit.framework.TestResult.runProtected(TestResult.java:124)
	at junit.framework.TestResult.run(TestResult.java:109)
	at junit.framework.TestCase.run(TestCase.java:120)
	at junit.framework.TestSuite.runTest(TestSuite.java:230)
	at junit.framework.TestSuite.run(TestSuite.java:225)
	at junit.framework.TestSuite.runTest(TestSuite.java:230)
	at junit.framework.TestSuite.run(TestSuite.java:225)
	at junit.framework.TestSuite.runTest(TestSuite.java:230)
	at junit.framework.TestSuite.run(TestSuite.java:225)
	at org.apache.tools.ant.taskdefs.optional.junit.JUnitTestRunner.run(JUnitTestRunner.java:421)
	at org.apache.tools.ant.taskdefs.optional.junit.JUnitTestRunner.launch(JUnitTestRunner.java:912)
	at org.apache.tools.ant.taskdefs.optional.junit.JUnitTestRunner.main(JUnitTestRunner.java:766)
Exit from method [LookupServiceBean#getClientStatus]. Time spent: 0 ms. Return value: null
Enter into method [LookupServiceBean#getAllClientStatuses]. Entrance timestamp: 1221394856466
Exit from method [LookupServiceBean#getAllClientStatuses]. Time spent: 0 ms. Return value: [[ id=0 name=null description=test1 isDeleted=false] [ id=0 name=null description=test2 isDeleted=false]]
Enter into method [LookupServiceBean#getAllClientStatuses]. Entrance timestamp: 1221394856705
Resource [clientManager] should not be null.
java.lang.IllegalStateException: Resource [clientManager] should not be null.
	at com.topcoder.clients.webservices.Util.checkResource(Util.java:227)
	at com.topcoder.clients.webservices.beans.LookupServiceBean.getAllClientStatuses(LookupServiceBean.java:757)
	at com.topcoder.clients.webservices.beans.LookupServiceBeanTest.testGetAllClientStatuses_Failure1(LookupServiceBeanTest.java:950)
	at sun.reflect.NativeMethodAccessorImpl.invoke0(Native Method)
	at sun.reflect.NativeMethodAccessorImpl.invoke(NativeMethodAccessorImpl.java:39)
	at sun.reflect.DelegatingMethodAccessorImpl.invoke(DelegatingMethodAccessorImpl.java:25)
	at java.lang.reflect.Method.invoke(Method.java:585)
	at junit.framework.TestCase.runTest(TestCase.java:164)
	at junit.framework.TestCase.runBare(TestCase.java:130)
	at junit.framework.TestResult$1.protect(TestResult.java:106)
	at junit.framework.TestResult.runProtected(TestResult.java:124)
	at junit.framework.TestResult.run(TestResult.java:109)
	at junit.framework.TestCase.run(TestCase.java:120)
	at junit.framework.TestSuite.runTest(TestSuite.java:230)
	at junit.framework.TestSuite.run(TestSuite.java:225)
	at junit.framework.TestSuite.runTest(TestSuite.java:230)
	at junit.framework.TestSuite.run(TestSuite.java:225)
	at junit.framework.TestSuite.runTest(TestSuite.java:230)
	at junit.framework.TestSuite.run(TestSuite.java:225)
	at org.apache.tools.ant.taskdefs.optional.junit.JUnitTestRunner.run(JUnitTestRunner.java:421)
	at org.apache.tools.ant.taskdefs.optional.junit.JUnitTestRunner.launch(JUnitTestRunner.java:912)
	at org.apache.tools.ant.taskdefs.optional.junit.JUnitTestRunner.main(JUnitTestRunner.java:766)
Exit from method [LookupServiceBean#getAllClientStatuses]. Time spent: 1 ms. Return value: null
Enter into method [LookupServiceBean#getAllClientStatuses]. Entrance timestamp: 1221394856935
User isn't authenticated to perform [getAllClientStatuses] operation.
com.topcoder.clients.webservices.beans.AuthorizationFailedException: User isn't authenticated to perform [getAllClientStatuses] operation.
	at com.topcoder.clients.webservices.beans.LookupServiceBean.authenticationCheck(LookupServiceBean.java:1571)
	at com.topcoder.clients.webservices.beans.LookupServiceBean.getAllClientStatuses(LookupServiceBean.java:761)
	at com.topcoder.clients.webservices.beans.LookupServiceBeanTest.testGetAllClientStatuses_Failure2(LookupServiceBeanTest.java:974)
	at sun.reflect.NativeMethodAccessorImpl.invoke0(Native Method)
	at sun.reflect.NativeMethodAccessorImpl.invoke(NativeMethodAccessorImpl.java:39)
	at sun.reflect.DelegatingMethodAccessorImpl.invoke(DelegatingMethodAccessorImpl.java:25)
	at java.lang.reflect.Method.invoke(Method.java:585)
	at junit.framework.TestCase.runTest(TestCase.java:164)
	at junit.framework.TestCase.runBare(TestCase.java:130)
	at junit.framework.TestResult$1.protect(TestResult.java:106)
	at junit.framework.TestResult.runProtected(TestResult.java:124)
	at junit.framework.TestResult.run(TestResult.java:109)
	at junit.framework.TestCase.run(TestCase.java:120)
	at junit.framework.TestSuite.runTest(TestSuite.java:230)
	at junit.framework.TestSuite.run(TestSuite.java:225)
	at junit.framework.TestSuite.runTest(TestSuite.java:230)
	at junit.framework.TestSuite.run(TestSuite.java:225)
	at junit.framework.TestSuite.runTest(TestSuite.java:230)
	at junit.framework.TestSuite.run(TestSuite.java:225)
	at org.apache.tools.ant.taskdefs.optional.junit.JUnitTestRunner.run(JUnitTestRunner.java:421)
	at org.apache.tools.ant.taskdefs.optional.junit.JUnitTestRunner.launch(JUnitTestRunner.java:912)
	at org.apache.tools.ant.taskdefs.optional.junit.JUnitTestRunner.main(JUnitTestRunner.java:766)
Exit from method [LookupServiceBean#getAllClientStatuses]. Time spent: 0 ms. Return value: null
Enter into method [LookupServiceBean#getAllClientStatuses]. Entrance timestamp: 1221394857165
Test exception
com.topcoder.clients.manager.ClientManagerException: Test exception
	at com.topcoder.clients.webservices.beans.ClientManagerMock.checkFail(ClientManagerMock.java:350)
	at com.topcoder.clients.webservices.beans.ClientManagerMock.getAllClientStatuses(ClientManagerMock.java:141)
	at com.topcoder.clients.webservices.beans.LookupServiceBean.getAllClientStatuses(LookupServiceBean.java:764)
	at com.topcoder.clients.webservices.beans.LookupServiceBeanTest.testGetAllClientStatuses_Failure3(LookupServiceBeanTest.java:998)
	at sun.reflect.NativeMethodAccessorImpl.invoke0(Native Method)
	at sun.reflect.NativeMethodAccessorImpl.invoke(NativeMethodAccessorImpl.java:39)
	at sun.reflect.DelegatingMethodAccessorImpl.invoke(DelegatingMethodAccessorImpl.java:25)
	at java.lang.reflect.Method.invoke(Method.java:585)
	at junit.framework.TestCase.runTest(TestCase.java:164)
	at junit.framework.TestCase.runBare(TestCase.java:130)
	at junit.framework.TestResult$1.protect(TestResult.java:106)
	at junit.framework.TestResult.runProtected(TestResult.java:124)
	at junit.framework.TestResult.run(TestResult.java:109)
	at junit.framework.TestCase.run(TestCase.java:120)
	at junit.framework.TestSuite.runTest(TestSuite.java:230)
	at junit.framework.TestSuite.run(TestSuite.java:225)
	at junit.framework.TestSuite.runTest(TestSuite.java:230)
	at junit.framework.TestSuite.run(TestSuite.java:225)
	at junit.framework.TestSuite.runTest(TestSuite.java:230)
	at junit.framework.TestSuite.run(TestSuite.java:225)
	at org.apache.tools.ant.taskdefs.optional.junit.JUnitTestRunner.run(JUnitTestRunner.java:421)
	at org.apache.tools.ant.taskdefs.optional.junit.JUnitTestRunner.launch(JUnitTestRunner.java:912)
	at org.apache.tools.ant.taskdefs.optional.junit.JUnitTestRunner.main(JUnitTestRunner.java:766)
Exit from method [LookupServiceBean#getAllClientStatuses]. Time spent: 0 ms. Return value: null
Enter into method [LookupServiceBean#getClientsForStatus]. Argument info: [ id=0 name=null description=null isDeleted=false]. Entrance timestamp: 1221394857374
Exit from method [LookupServiceBean#getClientsForStatus]. Time spent: 0 ms. Return value: [[ id=5 name=Jack codeName=null salesTax=0.0 isDeleted=false company=null clientStatus=null] [ id=7 name=Nick codeName=null salesTax=0.0 isDeleted=false company=null clientStatus=null]]
Enter into method [LookupServiceBean#getClientsForStatus]. Argument info: [ id=0 name=null description=null isDeleted=false]. Entrance timestamp: 1221394857374
Exit from method [LookupServiceBean#getClientsForStatus]. Time spent: 0 ms. Return value: [[ id=5 name=Jack codeName=null salesTax=0.0 isDeleted=false company=null clientStatus=null] [ id=7 name=Nick codeName=null salesTax=0.0 isDeleted=false company=null clientStatus=null] [ id=0 name=null codeName=null salesTax=0.0 isDeleted=false company=null clientStatus=null]]
Enter into method [LookupServiceBean#getClientsForStatus]. Argument info: null. Entrance timestamp: 1221394857589
Parameter [status] should not be null.
java.lang.IllegalArgumentException: Parameter [status] should not be null.
	at com.topcoder.clients.webservices.Util.checkNullWithLog(Util.java:98)
	at com.topcoder.clients.webservices.beans.LookupServiceBean.getClientsForStatus(LookupServiceBean.java:803)
	at com.topcoder.clients.webservices.beans.LookupServiceBeanTest.testGetClientsForStatus_Failure1(LookupServiceBeanTest.java:1055)
	at sun.reflect.NativeMethodAccessorImpl.invoke0(Native Method)
	at sun.reflect.NativeMethodAccessorImpl.invoke(NativeMethodAccessorImpl.java:39)
	at sun.reflect.DelegatingMethodAccessorImpl.invoke(DelegatingMethodAccessorImpl.java:25)
	at java.lang.reflect.Method.invoke(Method.java:585)
	at junit.framework.TestCase.runTest(TestCase.java:164)
	at junit.framework.TestCase.runBare(TestCase.java:130)
	at junit.framework.TestResult$1.protect(TestResult.java:106)
	at junit.framework.TestResult.runProtected(TestResult.java:124)
	at junit.framework.TestResult.run(TestResult.java:109)
	at junit.framework.TestCase.run(TestCase.java:120)
	at junit.framework.TestSuite.runTest(TestSuite.java:230)
	at junit.framework.TestSuite.run(TestSuite.java:225)
	at junit.framework.TestSuite.runTest(TestSuite.java:230)
	at junit.framework.TestSuite.run(TestSuite.java:225)
	at junit.framework.TestSuite.runTest(TestSuite.java:230)
	at junit.framework.TestSuite.run(TestSuite.java:225)
	at org.apache.tools.ant.taskdefs.optional.junit.JUnitTestRunner.run(JUnitTestRunner.java:421)
	at org.apache.tools.ant.taskdefs.optional.junit.JUnitTestRunner.launch(JUnitTestRunner.java:912)
	at org.apache.tools.ant.taskdefs.optional.junit.JUnitTestRunner.main(JUnitTestRunner.java:766)
Exit from method [LookupServiceBean#getClientsForStatus]. Time spent: 0 ms. Return value: null
Enter into method [LookupServiceBean#getClientsForStatus]. Argument info: [ id=0 name=null description=null isDeleted=false]. Entrance timestamp: 1221394857830
Resource [userMappingRetriever] should not be null.
java.lang.IllegalStateException: Resource [userMappingRetriever] should not be null.
	at com.topcoder.clients.webservices.Util.checkResource(Util.java:227)
	at com.topcoder.clients.webservices.beans.LookupServiceBean.getClientsForStatus(LookupServiceBean.java:805)
	at com.topcoder.clients.webservices.beans.LookupServiceBeanTest.testGetClientsForStatus_Failure2(LookupServiceBeanTest.java:1079)
	at sun.reflect.NativeMethodAccessorImpl.invoke0(Native Method)
	at sun.reflect.NativeMethodAccessorImpl.invoke(NativeMethodAccessorImpl.java:39)
	at sun.reflect.DelegatingMethodAccessorImpl.invoke(DelegatingMethodAccessorImpl.java:25)
	at java.lang.reflect.Method.invoke(Method.java:585)
	at junit.framework.TestCase.runTest(TestCase.java:164)
	at junit.framework.TestCase.runBare(TestCase.java:130)
	at junit.framework.TestResult$1.protect(TestResult.java:106)
	at junit.framework.TestResult.runProtected(TestResult.java:124)
	at junit.framework.TestResult.run(TestResult.java:109)
	at junit.framework.TestCase.run(TestCase.java:120)
	at junit.framework.TestSuite.runTest(TestSuite.java:230)
	at junit.framework.TestSuite.run(TestSuite.java:225)
	at junit.framework.TestSuite.runTest(TestSuite.java:230)
	at junit.framework.TestSuite.run(TestSuite.java:225)
	at junit.framework.TestSuite.runTest(TestSuite.java:230)
	at junit.framework.TestSuite.run(TestSuite.java:225)
	at org.apache.tools.ant.taskdefs.optional.junit.JUnitTestRunner.run(JUnitTestRunner.java:421)
	at org.apache.tools.ant.taskdefs.optional.junit.JUnitTestRunner.launch(JUnitTestRunner.java:912)
	at org.apache.tools.ant.taskdefs.optional.junit.JUnitTestRunner.main(JUnitTestRunner.java:766)
Exit from method [LookupServiceBean#getClientsForStatus]. Time spent: 1 ms. Return value: null
Enter into method [LookupServiceBean#getClientsForStatus]. Argument info: [ id=0 name=null description=null isDeleted=false]. Entrance timestamp: 1221394858048
User isn't authenticated to perform [getClientsForStatus] operation.
com.topcoder.clients.webservices.beans.AuthorizationFailedException: User isn't authenticated to perform [getClientsForStatus] operation.
	at com.topcoder.clients.webservices.beans.LookupServiceBean.authenticationCheck(LookupServiceBean.java:1571)
	at com.topcoder.clients.webservices.beans.LookupServiceBean.getClientsForStatus(LookupServiceBean.java:808)
	at com.topcoder.clients.webservices.beans.LookupServiceBeanTest.testGetClientsForStatus_Failure3(LookupServiceBeanTest.java:1103)
	at sun.reflect.NativeMethodAccessorImpl.invoke0(Native Method)
	at sun.reflect.NativeMethodAccessorImpl.invoke(NativeMethodAccessorImpl.java:39)
	at sun.reflect.DelegatingMethodAccessorImpl.invoke(DelegatingMethodAccessorImpl.java:25)
	at java.lang.reflect.Method.invoke(Method.java:585)
	at junit.framework.TestCase.runTest(TestCase.java:164)
	at junit.framework.TestCase.runBare(TestCase.java:130)
	at junit.framework.TestResult$1.protect(TestResult.java:106)
	at junit.framework.TestResult.runProtected(TestResult.java:124)
	at junit.framework.TestResult.run(TestResult.java:109)
	at junit.framework.TestCase.run(TestCase.java:120)
	at junit.framework.TestSuite.runTest(TestSuite.java:230)
	at junit.framework.TestSuite.run(TestSuite.java:225)
	at junit.framework.TestSuite.runTest(TestSuite.java:230)
	at junit.framework.TestSuite.run(TestSuite.java:225)
	at junit.framework.TestSuite.runTest(TestSuite.java:230)
	at junit.framework.TestSuite.run(TestSuite.java:225)
	at org.apache.tools.ant.taskdefs.optional.junit.JUnitTestRunner.run(JUnitTestRunner.java:421)
	at org.apache.tools.ant.taskdefs.optional.junit.JUnitTestRunner.launch(JUnitTestRunner.java:912)
	at org.apache.tools.ant.taskdefs.optional.junit.JUnitTestRunner.main(JUnitTestRunner.java:766)
Exit from method [LookupServiceBean#getClientsForStatus]. Time spent: 0 ms. Return value: null
Enter into method [LookupServiceBean#getClientsForStatus]. Argument info: [ id=0 name=null description=null isDeleted=false]. Entrance timestamp: 1221394858258
Test exception
com.topcoder.clients.manager.ClientManagerException: Test exception
	at com.topcoder.clients.webservices.beans.ClientManagerMock.checkFail(ClientManagerMock.java:350)
	at com.topcoder.clients.webservices.beans.ClientManagerMock.retrieveAllClients(ClientManagerMock.java:199)
	at com.topcoder.clients.webservices.beans.ClientManagerMock.getClientsForStatus(ClientManagerMock.java:186)
	at com.topcoder.clients.webservices.beans.LookupServiceBean.getClientsForStatus(LookupServiceBean.java:811)
	at com.topcoder.clients.webservices.beans.LookupServiceBeanTest.testGetClientsForStatus_Failure4(LookupServiceBeanTest.java:1127)
	at sun.reflect.NativeMethodAccessorImpl.invoke0(Native Method)
	at sun.reflect.NativeMethodAccessorImpl.invoke(NativeMethodAccessorImpl.java:39)
	at sun.reflect.DelegatingMethodAccessorImpl.invoke(DelegatingMethodAccessorImpl.java:25)
	at java.lang.reflect.Method.invoke(Method.java:585)
	at junit.framework.TestCase.runTest(TestCase.java:164)
	at junit.framework.TestCase.runBare(TestCase.java:130)
	at junit.framework.TestResult$1.protect(TestResult.java:106)
	at junit.framework.TestResult.runProtected(TestResult.java:124)
	at junit.framework.TestResult.run(TestResult.java:109)
	at junit.framework.TestCase.run(TestCase.java:120)
	at junit.framework.TestSuite.runTest(TestSuite.java:230)
	at junit.framework.TestSuite.run(TestSuite.java:225)
	at junit.framework.TestSuite.runTest(TestSuite.java:230)
	at junit.framework.TestSuite.run(TestSuite.java:225)
	at junit.framework.TestSuite.runTest(TestSuite.java:230)
	at junit.framework.TestSuite.run(TestSuite.java:225)
	at org.apache.tools.ant.taskdefs.optional.junit.JUnitTestRunner.run(JUnitTestRunner.java:421)
	at org.apache.tools.ant.taskdefs.optional.junit.JUnitTestRunner.launch(JUnitTestRunner.java:912)
	at org.apache.tools.ant.taskdefs.optional.junit.JUnitTestRunner.main(JUnitTestRunner.java:766)
Exit from method [LookupServiceBean#getClientsForStatus]. Time spent: 0 ms. Return value: null
Enter into method [LookupServiceBean#retrieveProject]. Argument info: 42. Entrance timestamp: 1221394858488
Exit from method [LookupServiceBean#retrieveProject]. Time spent: 0 ms. Return value: [ id=42 name=null description=null salesTax=0.0 client=null company=null childProjects=[]]
Enter into method [LookupServiceBean#retrieveProject]. Argument info: 42. Entrance timestamp: 1221394858696
Exit from method [LookupServiceBean#retrieveProject]. Time spent: 1 ms. Return value: [ id=42 name=null description=null salesTax=0.0 client=null company=null childProjects=[]]
Enter into method [LookupServiceBean#retrieveProject]. Argument info: -5. Entrance timestamp: 1221394858926
Parameter [id] should be positive but is [-5].
java.lang.IllegalArgumentException: Parameter [id] should be positive but is [-5].
	at com.topcoder.clients.webservices.Util.checkPositiveWithLog(Util.java:141)
	at com.topcoder.clients.webservices.beans.LookupServiceBean.retrieveProject(LookupServiceBean.java:849)
	at com.topcoder.clients.webservices.beans.LookupServiceBeanTest.testRetrieveProject_Failure1(LookupServiceBeanTest.java:1189)
	at sun.reflect.NativeMethodAccessorImpl.invoke0(Native Method)
	at sun.reflect.NativeMethodAccessorImpl.invoke(NativeMethodAccessorImpl.java:39)
	at sun.reflect.DelegatingMethodAccessorImpl.invoke(DelegatingMethodAccessorImpl.java:25)
	at java.lang.reflect.Method.invoke(Method.java:585)
	at junit.framework.TestCase.runTest(TestCase.java:164)
	at junit.framework.TestCase.runBare(TestCase.java:130)
	at junit.framework.TestResult$1.protect(TestResult.java:106)
	at junit.framework.TestResult.runProtected(TestResult.java:124)
	at junit.framework.TestResult.run(TestResult.java:109)
	at junit.framework.TestCase.run(TestCase.java:120)
	at junit.framework.TestSuite.runTest(TestSuite.java:230)
	at junit.framework.TestSuite.run(TestSuite.java:225)
	at junit.framework.TestSuite.runTest(TestSuite.java:230)
	at junit.framework.TestSuite.run(TestSuite.java:225)
	at junit.framework.TestSuite.runTest(TestSuite.java:230)
	at junit.framework.TestSuite.run(TestSuite.java:225)
	at org.apache.tools.ant.taskdefs.optional.junit.JUnitTestRunner.run(JUnitTestRunner.java:421)
	at org.apache.tools.ant.taskdefs.optional.junit.JUnitTestRunner.launch(JUnitTestRunner.java:912)
	at org.apache.tools.ant.taskdefs.optional.junit.JUnitTestRunner.main(JUnitTestRunner.java:766)
Exit from method [LookupServiceBean#retrieveProject]. Time spent: 1 ms. Return value: null
Enter into method [LookupServiceBean#retrieveProject]. Argument info: 5. Entrance timestamp: 1221394859156
Resource [projectManager] should not be null.
java.lang.IllegalStateException: Resource [projectManager] should not be null.
	at com.topcoder.clients.webservices.Util.checkResource(Util.java:227)
	at com.topcoder.clients.webservices.beans.LookupServiceBean.retrieveProject(LookupServiceBean.java:850)
	at com.topcoder.clients.webservices.beans.LookupServiceBeanTest.testRetrieveProject_Failure2(LookupServiceBeanTest.java:1213)
	at sun.reflect.NativeMethodAccessorImpl.invoke0(Native Method)
	at sun.reflect.NativeMethodAccessorImpl.invoke(NativeMethodAccessorImpl.java:39)
	at sun.reflect.DelegatingMethodAccessorImpl.invoke(DelegatingMethodAccessorImpl.java:25)
	at java.lang.reflect.Method.invoke(Method.java:585)
	at junit.framework.TestCase.runTest(TestCase.java:164)
	at junit.framework.TestCase.runBare(TestCase.java:130)
	at junit.framework.TestResult$1.protect(TestResult.java:106)
	at junit.framework.TestResult.runProtected(TestResult.java:124)
	at junit.framework.TestResult.run(TestResult.java:109)
	at junit.framework.TestCase.run(TestCase.java:120)
	at junit.framework.TestSuite.runTest(TestSuite.java:230)
	at junit.framework.TestSuite.run(TestSuite.java:225)
	at junit.framework.TestSuite.runTest(TestSuite.java:230)
	at junit.framework.TestSuite.run(TestSuite.java:225)
	at junit.framework.TestSuite.runTest(TestSuite.java:230)
	at junit.framework.TestSuite.run(TestSuite.java:225)
	at org.apache.tools.ant.taskdefs.optional.junit.JUnitTestRunner.run(JUnitTestRunner.java:421)
	at org.apache.tools.ant.taskdefs.optional.junit.JUnitTestRunner.launch(JUnitTestRunner.java:912)
	at org.apache.tools.ant.taskdefs.optional.junit.JUnitTestRunner.main(JUnitTestRunner.java:766)
Exit from method [LookupServiceBean#retrieveProject]. Time spent: 0 ms. Return value: null
Enter into method [LookupServiceBean#retrieveProject]. Argument info: 5. Entrance timestamp: 1221394859383
User is restricted to perform operations with [[ id=5 name=null description=null salesTax=0.0 client=null company=null childProjects=[]]] project.
com.topcoder.clients.webservices.beans.AuthorizationFailedException: User is restricted to perform operations with [[ id=5 name=null description=null salesTax=0.0 client=null company=null childProjects=[]]] project.
	at com.topcoder.clients.webservices.beans.LookupServiceBean.checkProject(LookupServiceBean.java:1689)
	at com.topcoder.clients.webservices.beans.LookupServiceBean.retrieveProject(LookupServiceBean.java:860)
	at com.topcoder.clients.webservices.beans.LookupServiceBeanTest.testRetrieveProject_Failure3(LookupServiceBeanTest.java:1237)
	at sun.reflect.NativeMethodAccessorImpl.invoke0(Native Method)
	at sun.reflect.NativeMethodAccessorImpl.invoke(NativeMethodAccessorImpl.java:39)
	at sun.reflect.DelegatingMethodAccessorImpl.invoke(DelegatingMethodAccessorImpl.java:25)
	at java.lang.reflect.Method.invoke(Method.java:585)
	at junit.framework.TestCase.runTest(TestCase.java:164)
	at junit.framework.TestCase.runBare(TestCase.java:130)
	at junit.framework.TestResult$1.protect(TestResult.java:106)
	at junit.framework.TestResult.runProtected(TestResult.java:124)
	at junit.framework.TestResult.run(TestResult.java:109)
	at junit.framework.TestCase.run(TestCase.java:120)
	at junit.framework.TestSuite.runTest(TestSuite.java:230)
	at junit.framework.TestSuite.run(TestSuite.java:225)
	at junit.framework.TestSuite.runTest(TestSuite.java:230)
	at junit.framework.TestSuite.run(TestSuite.java:225)
	at junit.framework.TestSuite.runTest(TestSuite.java:230)
	at junit.framework.TestSuite.run(TestSuite.java:225)
	at org.apache.tools.ant.taskdefs.optional.junit.JUnitTestRunner.run(JUnitTestRunner.java:421)
	at org.apache.tools.ant.taskdefs.optional.junit.JUnitTestRunner.launch(JUnitTestRunner.java:912)
	at org.apache.tools.ant.taskdefs.optional.junit.JUnitTestRunner.main(JUnitTestRunner.java:766)
Exit from method [LookupServiceBean#retrieveProject]. Time spent: 1 ms. Return value: null
Enter into method [LookupServiceBean#retrieveProject]. Argument info: 5. Entrance timestamp: 1221394859590
Test exception
com.topcoder.clients.manager.ProjectManagerException: Test exception
	at com.topcoder.clients.webservices.beans.ProjectManagerMock.checkFail(ProjectManagerMock.java:353)
	at com.topcoder.clients.webservices.beans.ProjectManagerMock.retrieveProject(ProjectManagerMock.java:224)
	at com.topcoder.clients.webservices.beans.LookupServiceBean.retrieveProject(LookupServiceBean.java:857)
	at com.topcoder.clients.webservices.beans.LookupServiceBeanTest.testRetrieveProject_Failure4(LookupServiceBeanTest.java:1263)
	at sun.reflect.NativeMethodAccessorImpl.invoke0(Native Method)
	at sun.reflect.NativeMethodAccessorImpl.invoke(NativeMethodAccessorImpl.java:39)
	at sun.reflect.DelegatingMethodAccessorImpl.invoke(DelegatingMethodAccessorImpl.java:25)
	at java.lang.reflect.Method.invoke(Method.java:585)
	at junit.framework.TestCase.runTest(TestCase.java:164)
	at junit.framework.TestCase.runBare(TestCase.java:130)
	at junit.framework.TestResult$1.protect(TestResult.java:106)
	at junit.framework.TestResult.runProtected(TestResult.java:124)
	at junit.framework.TestResult.run(TestResult.java:109)
	at junit.framework.TestCase.run(TestCase.java:120)
	at junit.framework.TestSuite.runTest(TestSuite.java:230)
	at junit.framework.TestSuite.run(TestSuite.java:225)
	at junit.framework.TestSuite.runTest(TestSuite.java:230)
	at junit.framework.TestSuite.run(TestSuite.java:225)
	at junit.framework.TestSuite.runTest(TestSuite.java:230)
	at junit.framework.TestSuite.run(TestSuite.java:225)
	at org.apache.tools.ant.taskdefs.optional.junit.JUnitTestRunner.run(JUnitTestRunner.java:421)
	at org.apache.tools.ant.taskdefs.optional.junit.JUnitTestRunner.launch(JUnitTestRunner.java:912)
	at org.apache.tools.ant.taskdefs.optional.junit.JUnitTestRunner.main(JUnitTestRunner.java:766)
Exit from method [LookupServiceBean#retrieveProject]. Time spent: 23 ms. Return value: null
Enter into method [LookupServiceBean#retrieveProjectsForClient]. Argument info: [ id=0 name=null codeName=null salesTax=0.0 isDeleted=false company=null clientStatus=null]. Entrance timestamp: 1221394859818
Exit from method [LookupServiceBean#retrieveProjectsForClient]. Time spent: 0 ms. Return value: [[ id=5 name=null description=null salesTax=0.0 client=null company=null childProjects=[]] [ id=7 name=null description=null salesTax=0.0 client=null company=null childProjects=[]]]
Enter into method [LookupServiceBean#retrieveProjectsForClient]. Argument info: [ id=0 name=null codeName=null salesTax=0.0 isDeleted=false company=null clientStatus=null]. Entrance timestamp: 1221394859818
Exit from method [LookupServiceBean#retrieveProjectsForClient]. Time spent: 0 ms. Return value: [[ id=5 name=null description=null salesTax=0.0 client=null company=null childProjects=[]] [ id=7 name=null description=null salesTax=0.0 client=null company=null childProjects=[]] [ id=0 name=null description=null salesTax=0.0 client=null company=null childProjects=[]]]
Enter into method [LookupServiceBean#retrieveProjectsForClient]. Argument info: null. Entrance timestamp: 1221394860022
Parameter [client] should not be null.
java.lang.IllegalArgumentException: Parameter [client] should not be null.
	at com.topcoder.clients.webservices.Util.checkNullWithLog(Util.java:98)
	at com.topcoder.clients.webservices.beans.LookupServiceBean.retrieveProjectsForClient(LookupServiceBean.java:900)
	at com.topcoder.clients.webservices.beans.LookupServiceBeanTest.testRetrieveProjectsForClient_Failure1(LookupServiceBeanTest.java:1319)
	at sun.reflect.NativeMethodAccessorImpl.invoke0(Native Method)
	at sun.reflect.NativeMethodAccessorImpl.invoke(NativeMethodAccessorImpl.java:39)
	at sun.reflect.DelegatingMethodAccessorImpl.invoke(DelegatingMethodAccessorImpl.java:25)
	at java.lang.reflect.Method.invoke(Method.java:585)
	at junit.framework.TestCase.runTest(TestCase.java:164)
	at junit.framework.TestCase.runBare(TestCase.java:130)
	at junit.framework.TestResult$1.protect(TestResult.java:106)
	at junit.framework.TestResult.runProtected(TestResult.java:124)
	at junit.framework.TestResult.run(TestResult.java:109)
	at junit.framework.TestCase.run(TestCase.java:120)
	at junit.framework.TestSuite.runTest(TestSuite.java:230)
	at junit.framework.TestSuite.run(TestSuite.java:225)
	at junit.framework.TestSuite.runTest(TestSuite.java:230)
	at junit.framework.TestSuite.run(TestSuite.java:225)
	at junit.framework.TestSuite.runTest(TestSuite.java:230)
	at junit.framework.TestSuite.run(TestSuite.java:225)
	at org.apache.tools.ant.taskdefs.optional.junit.JUnitTestRunner.run(JUnitTestRunner.java:421)
	at org.apache.tools.ant.taskdefs.optional.junit.JUnitTestRunner.launch(JUnitTestRunner.java:912)
	at org.apache.tools.ant.taskdefs.optional.junit.JUnitTestRunner.main(JUnitTestRunner.java:766)
Exit from method [LookupServiceBean#retrieveProjectsForClient]. Time spent: 1 ms. Return value: null
Enter into method [LookupServiceBean#retrieveProjectsForClient]. Argument info: [ id=0 name=null codeName=null salesTax=0.0 isDeleted=false company=null clientStatus=null]. Entrance timestamp: 1221394860250
Resource [projectManager] should not be null.
java.lang.IllegalStateException: Resource [projectManager] should not be null.
	at com.topcoder.clients.webservices.Util.checkResource(Util.java:227)
	at com.topcoder.clients.webservices.beans.LookupServiceBean.retrieveProjectsForClient(LookupServiceBean.java:901)
	at com.topcoder.clients.webservices.beans.LookupServiceBeanTest.testRetrieveProjectsForClient_Failure2(LookupServiceBeanTest.java:1343)
	at sun.reflect.NativeMethodAccessorImpl.invoke0(Native Method)
	at sun.reflect.NativeMethodAccessorImpl.invoke(NativeMethodAccessorImpl.java:39)
	at sun.reflect.DelegatingMethodAccessorImpl.invoke(DelegatingMethodAccessorImpl.java:25)
	at java.lang.reflect.Method.invoke(Method.java:585)
	at junit.framework.TestCase.runTest(TestCase.java:164)
	at junit.framework.TestCase.runBare(TestCase.java:130)
	at junit.framework.TestResult$1.protect(TestResult.java:106)
	at junit.framework.TestResult.runProtected(TestResult.java:124)
	at junit.framework.TestResult.run(TestResult.java:109)
	at junit.framework.TestCase.run(TestCase.java:120)
	at junit.framework.TestSuite.runTest(TestSuite.java:230)
	at junit.framework.TestSuite.run(TestSuite.java:225)
	at junit.framework.TestSuite.runTest(TestSuite.java:230)
	at junit.framework.TestSuite.run(TestSuite.java:225)
	at junit.framework.TestSuite.runTest(TestSuite.java:230)
	at junit.framework.TestSuite.run(TestSuite.java:225)
	at org.apache.tools.ant.taskdefs.optional.junit.JUnitTestRunner.run(JUnitTestRunner.java:421)
	at org.apache.tools.ant.taskdefs.optional.junit.JUnitTestRunner.launch(JUnitTestRunner.java:912)
	at org.apache.tools.ant.taskdefs.optional.junit.JUnitTestRunner.main(JUnitTestRunner.java:766)
Exit from method [LookupServiceBean#retrieveProjectsForClient]. Time spent: 0 ms. Return value: null
Enter into method [LookupServiceBean#retrieveProjectsForClient]. Argument info: [ id=0 name=null codeName=null salesTax=0.0 isDeleted=false company=null clientStatus=null]. Entrance timestamp: 1221394860455
User isn't authenticated to perform [retrieveProjectsForClient] operation.
com.topcoder.clients.webservices.beans.AuthorizationFailedException: User isn't authenticated to perform [retrieveProjectsForClient] operation.
	at com.topcoder.clients.webservices.beans.LookupServiceBean.authenticationCheck(LookupServiceBean.java:1571)
	at com.topcoder.clients.webservices.beans.LookupServiceBean.retrieveProjectsForClient(LookupServiceBean.java:905)
	at com.topcoder.clients.webservices.beans.LookupServiceBeanTest.testRetrieveProjectsForClient_Failure3(LookupServiceBeanTest.java:1367)
	at sun.reflect.NativeMethodAccessorImpl.invoke0(Native Method)
	at sun.reflect.NativeMethodAccessorImpl.invoke(NativeMethodAccessorImpl.java:39)
	at sun.reflect.DelegatingMethodAccessorImpl.invoke(DelegatingMethodAccessorImpl.java:25)
	at java.lang.reflect.Method.invoke(Method.java:585)
	at junit.framework.TestCase.runTest(TestCase.java:164)
	at junit.framework.TestCase.runBare(TestCase.java:130)
	at junit.framework.TestResult$1.protect(TestResult.java:106)
	at junit.framework.TestResult.runProtected(TestResult.java:124)
	at junit.framework.TestResult.run(TestResult.java:109)
	at junit.framework.TestCase.run(TestCase.java:120)
	at junit.framework.TestSuite.runTest(TestSuite.java:230)
	at junit.framework.TestSuite.run(TestSuite.java:225)
	at junit.framework.TestSuite.runTest(TestSuite.java:230)
	at junit.framework.TestSuite.run(TestSuite.java:225)
	at junit.framework.TestSuite.runTest(TestSuite.java:230)
	at junit.framework.TestSuite.run(TestSuite.java:225)
	at org.apache.tools.ant.taskdefs.optional.junit.JUnitTestRunner.run(JUnitTestRunner.java:421)
	at org.apache.tools.ant.taskdefs.optional.junit.JUnitTestRunner.launch(JUnitTestRunner.java:912)
	at org.apache.tools.ant.taskdefs.optional.junit.JUnitTestRunner.main(JUnitTestRunner.java:766)
Exit from method [LookupServiceBean#retrieveProjectsForClient]. Time spent: 0 ms. Return value: null
Enter into method [LookupServiceBean#retrieveProjectsForClient]. Argument info: [ id=0 name=null codeName=null salesTax=0.0 isDeleted=false company=null clientStatus=null]. Entrance timestamp: 1221394860660
Test exception
com.topcoder.clients.manager.ProjectManagerException: Test exception
	at com.topcoder.clients.webservices.beans.ProjectManagerMock.checkFail(ProjectManagerMock.java:353)
	at com.topcoder.clients.webservices.beans.ProjectManagerMock.retrieveAllProjects(ProjectManagerMock.java:204)
	at com.topcoder.clients.webservices.beans.ProjectManagerMock.retrieveProjectsForClient(ProjectManagerMock.java:251)
	at com.topcoder.clients.webservices.beans.LookupServiceBean.retrieveProjectsForClient(LookupServiceBean.java:908)
	at com.topcoder.clients.webservices.beans.LookupServiceBeanTest.testRetrieveProjectsForClient_Failure4(LookupServiceBeanTest.java:1391)
	at sun.reflect.NativeMethodAccessorImpl.invoke0(Native Method)
	at sun.reflect.NativeMethodAccessorImpl.invoke(NativeMethodAccessorImpl.java:39)
	at sun.reflect.DelegatingMethodAccessorImpl.invoke(DelegatingMethodAccessorImpl.java:25)
	at java.lang.reflect.Method.invoke(Method.java:585)
	at junit.framework.TestCase.runTest(TestCase.java:164)
	at junit.framework.TestCase.runBare(TestCase.java:130)
	at junit.framework.TestResult$1.protect(TestResult.java:106)
	at junit.framework.TestResult.runProtected(TestResult.java:124)
	at junit.framework.TestResult.run(TestResult.java:109)
	at junit.framework.TestCase.run(TestCase.java:120)
	at junit.framework.TestSuite.runTest(TestSuite.java:230)
	at junit.framework.TestSuite.run(TestSuite.java:225)
	at junit.framework.TestSuite.runTest(TestSuite.java:230)
	at junit.framework.TestSuite.run(TestSuite.java:225)
	at junit.framework.TestSuite.runTest(TestSuite.java:230)
	at junit.framework.TestSuite.run(TestSuite.java:225)
	at org.apache.tools.ant.taskdefs.optional.junit.JUnitTestRunner.run(JUnitTestRunner.java:421)
	at org.apache.tools.ant.taskdefs.optional.junit.JUnitTestRunner.launch(JUnitTestRunner.java:912)
	at org.apache.tools.ant.taskdefs.optional.junit.JUnitTestRunner.main(JUnitTestRunner.java:766)
Exit from method [LookupServiceBean#retrieveProjectsForClient]. Time spent: 0 ms. Return value: null
Enter into method [LookupServiceBean#retrieveAllProjects]. Entrance timestamp: 1221394860892
Exit from method [LookupServiceBean#retrieveAllProjects]. Time spent: 0 ms. Return value: [[ id=5 name=null description=null salesTax=0.0 client=null company=null childProjects=[]] [ id=7 name=null description=null salesTax=0.0 client=null company=null childProjects=[]]]
Enter into method [LookupServiceBean#retrieveAllProjects]. Entrance timestamp: 1221394860892
Exit from method [LookupServiceBean#retrieveAllProjects]. Time spent: 0 ms. Return value: [[ id=5 name=null description=null salesTax=0.0 client=null company=null childProjects=[]] [ id=7 name=null description=null salesTax=0.0 client=null company=null childProjects=[]] [ id=0 name=null description=null salesTax=0.0 client=null company=null childProjects=[]]]
Enter into method [LookupServiceBean#retrieveAllProjects]. Entrance timestamp: 1221394861098
Resource [projectManager] should not be null.
java.lang.IllegalStateException: Resource [projectManager] should not be null.
	at com.topcoder.clients.webservices.Util.checkResource(Util.java:227)
	at com.topcoder.clients.webservices.beans.LookupServiceBean.retrieveAllProjects(LookupServiceBean.java:942)
	at com.topcoder.clients.webservices.beans.LookupServiceBeanTest.testRetrieveAllProjects_Failure1(LookupServiceBeanTest.java:1448)
	at sun.reflect.NativeMethodAccessorImpl.invoke0(Native Method)
	at sun.reflect.NativeMethodAccessorImpl.invoke(NativeMethodAccessorImpl.java:39)
	at sun.reflect.DelegatingMethodAccessorImpl.invoke(DelegatingMethodAccessorImpl.java:25)
	at java.lang.reflect.Method.invoke(Method.java:585)
	at junit.framework.TestCase.runTest(TestCase.java:164)
	at junit.framework.TestCase.runBare(TestCase.java:130)
	at junit.framework.TestResult$1.protect(TestResult.java:106)
	at junit.framework.TestResult.runProtected(TestResult.java:124)
	at junit.framework.TestResult.run(TestResult.java:109)
	at junit.framework.TestCase.run(TestCase.java:120)
	at junit.framework.TestSuite.runTest(TestSuite.java:230)
	at junit.framework.TestSuite.run(TestSuite.java:225)
	at junit.framework.TestSuite.runTest(TestSuite.java:230)
	at junit.framework.TestSuite.run(TestSuite.java:225)
	at junit.framework.TestSuite.runTest(TestSuite.java:230)
	at junit.framework.TestSuite.run(TestSuite.java:225)
	at org.apache.tools.ant.taskdefs.optional.junit.JUnitTestRunner.run(JUnitTestRunner.java:421)
	at org.apache.tools.ant.taskdefs.optional.junit.JUnitTestRunner.launch(JUnitTestRunner.java:912)
	at org.apache.tools.ant.taskdefs.optional.junit.JUnitTestRunner.main(JUnitTestRunner.java:766)
Exit from method [LookupServiceBean#retrieveAllProjects]. Time spent: 0 ms. Return value: null
Enter into method [LookupServiceBean#retrieveAllProjects]. Entrance timestamp: 1221394861329
User isn't authenticated to perform [retrieveAllProjects] operation.
com.topcoder.clients.webservices.beans.AuthorizationFailedException: User isn't authenticated to perform [retrieveAllProjects] operation.
	at com.topcoder.clients.webservices.beans.LookupServiceBean.authenticationCheck(LookupServiceBean.java:1571)
	at com.topcoder.clients.webservices.beans.LookupServiceBean.retrieveAllProjects(LookupServiceBean.java:946)
	at com.topcoder.clients.webservices.beans.LookupServiceBeanTest.testRetrieveAllProjects_Failure2(LookupServiceBeanTest.java:1472)
	at sun.reflect.NativeMethodAccessorImpl.invoke0(Native Method)
	at sun.reflect.NativeMethodAccessorImpl.invoke(NativeMethodAccessorImpl.java:39)
	at sun.reflect.DelegatingMethodAccessorImpl.invoke(DelegatingMethodAccessorImpl.java:25)
	at java.lang.reflect.Method.invoke(Method.java:585)
	at junit.framework.TestCase.runTest(TestCase.java:164)
	at junit.framework.TestCase.runBare(TestCase.java:130)
	at junit.framework.TestResult$1.protect(TestResult.java:106)
	at junit.framework.TestResult.runProtected(TestResult.java:124)
	at junit.framework.TestResult.run(TestResult.java:109)
	at junit.framework.TestCase.run(TestCase.java:120)
	at junit.framework.TestSuite.runTest(TestSuite.java:230)
	at junit.framework.TestSuite.run(TestSuite.java:225)
	at junit.framework.TestSuite.runTest(TestSuite.java:230)
	at junit.framework.TestSuite.run(TestSuite.java:225)
	at junit.framework.TestSuite.runTest(TestSuite.java:230)
	at junit.framework.TestSuite.run(TestSuite.java:225)
	at org.apache.tools.ant.taskdefs.optional.junit.JUnitTestRunner.run(JUnitTestRunner.java:421)
	at org.apache.tools.ant.taskdefs.optional.junit.JUnitTestRunner.launch(JUnitTestRunner.java:912)
	at org.apache.tools.ant.taskdefs.optional.junit.JUnitTestRunner.main(JUnitTestRunner.java:766)
Exit from method [LookupServiceBean#retrieveAllProjects]. Time spent: 0 ms. Return value: null
Enter into method [LookupServiceBean#retrieveAllProjects]. Entrance timestamp: 1221394861560
Test exception
com.topcoder.clients.manager.ProjectManagerException: Test exception
	at com.topcoder.clients.webservices.beans.ProjectManagerMock.checkFail(ProjectManagerMock.java:353)
	at com.topcoder.clients.webservices.beans.ProjectManagerMock.retrieveAllProjects(ProjectManagerMock.java:204)
	at com.topcoder.clients.webservices.beans.LookupServiceBean.retrieveAllProjects(LookupServiceBean.java:949)
	at com.topcoder.clients.webservices.beans.LookupServiceBeanTest.testRetrieveAllProjects_Failure3(LookupServiceBeanTest.java:1496)
	at sun.reflect.NativeMethodAccessorImpl.invoke0(Native Method)
	at sun.reflect.NativeMethodAccessorImpl.invoke(NativeMethodAccessorImpl.java:39)
	at sun.reflect.DelegatingMethodAccessorImpl.invoke(DelegatingMethodAccessorImpl.java:25)
	at java.lang.reflect.Method.invoke(Method.java:585)
	at junit.framework.TestCase.runTest(TestCase.java:164)
	at junit.framework.TestCase.runBare(TestCase.java:130)
	at junit.framework.TestResult$1.protect(TestResult.java:106)
	at junit.framework.TestResult.runProtected(TestResult.java:124)
	at junit.framework.TestResult.run(TestResult.java:109)
	at junit.framework.TestCase.run(TestCase.java:120)
	at junit.framework.TestSuite.runTest(TestSuite.java:230)
	at junit.framework.TestSuite.run(TestSuite.java:225)
	at junit.framework.TestSuite.runTest(TestSuite.java:230)
	at junit.framework.TestSuite.run(TestSuite.java:225)
	at junit.framework.TestSuite.runTest(TestSuite.java:230)
	at junit.framework.TestSuite.run(TestSuite.java:225)
	at org.apache.tools.ant.taskdefs.optional.junit.JUnitTestRunner.run(JUnitTestRunner.java:421)
	at org.apache.tools.ant.taskdefs.optional.junit.JUnitTestRunner.launch(JUnitTestRunner.java:912)
	at org.apache.tools.ant.taskdefs.optional.junit.JUnitTestRunner.main(JUnitTestRunner.java:766)
Exit from method [LookupServiceBean#retrieveAllProjects]. Time spent: 0 ms. Return value: null
Enter into method [LookupServiceBean#searchProjectsByName]. Argument info: test. Entrance timestamp: 1221394861765
Exit from method [LookupServiceBean#searchProjectsByName]. Time spent: 0 ms. Return value: [[ id=5 name=null description=null salesTax=0.0 client=null company=null childProjects=[]] [ id=7 name=null description=null salesTax=0.0 client=null company=null childProjects=[]]]
Enter into method [LookupServiceBean#searchProjectsByName]. Argument info: test. Entrance timestamp: 1221394861765
Exit from method [LookupServiceBean#searchProjectsByName]. Time spent: 0 ms. Return value: [[ id=5 name=null description=null salesTax=0.0 client=null company=null childProjects=[]] [ id=7 name=null description=null salesTax=0.0 client=null company=null childProjects=[]] [ id=0 name=null description=null salesTax=0.0 client=null company=null childProjects=[]]]
Enter into method [LookupServiceBean#searchProjectsByName]. Argument info: . Entrance timestamp: 1221394861992
Parameter [name] should not be null or empty.
java.lang.IllegalArgumentException: Parameter [name] should not be null or empty.
	at com.topcoder.clients.webservices.Util.checkNullOrEmpty(Util.java:119)
	at com.topcoder.clients.webservices.beans.LookupServiceBean.searchProjectsByName(LookupServiceBean.java:990)
	at com.topcoder.clients.webservices.beans.LookupServiceBeanTest.testSearchProjectsByName_Failure1(LookupServiceBeanTest.java:1552)
	at sun.reflect.NativeMethodAccessorImpl.invoke0(Native Method)
	at sun.reflect.NativeMethodAccessorImpl.invoke(NativeMethodAccessorImpl.java:39)
	at sun.reflect.DelegatingMethodAccessorImpl.invoke(DelegatingMethodAccessorImpl.java:25)
	at java.lang.reflect.Method.invoke(Method.java:585)
	at junit.framework.TestCase.runTest(TestCase.java:164)
	at junit.framework.TestCase.runBare(TestCase.java:130)
	at junit.framework.TestResult$1.protect(TestResult.java:106)
	at junit.framework.TestResult.runProtected(TestResult.java:124)
	at junit.framework.TestResult.run(TestResult.java:109)
	at junit.framework.TestCase.run(TestCase.java:120)
	at junit.framework.TestSuite.runTest(TestSuite.java:230)
	at junit.framework.TestSuite.run(TestSuite.java:225)
	at junit.framework.TestSuite.runTest(TestSuite.java:230)
	at junit.framework.TestSuite.run(TestSuite.java:225)
	at junit.framework.TestSuite.runTest(TestSuite.java:230)
	at junit.framework.TestSuite.run(TestSuite.java:225)
	at org.apache.tools.ant.taskdefs.optional.junit.JUnitTestRunner.run(JUnitTestRunner.java:421)
	at org.apache.tools.ant.taskdefs.optional.junit.JUnitTestRunner.launch(JUnitTestRunner.java:912)
	at org.apache.tools.ant.taskdefs.optional.junit.JUnitTestRunner.main(JUnitTestRunner.java:766)
Exit from method [LookupServiceBean#searchProjectsByName]. Time spent: 0 ms. Return value: null
Enter into method [LookupServiceBean#searchProjectsByName]. Argument info: test. Entrance timestamp: 1221394862199
Resource [projectManager] should not be null.
java.lang.IllegalStateException: Resource [projectManager] should not be null.
	at com.topcoder.clients.webservices.Util.checkResource(Util.java:227)
	at com.topcoder.clients.webservices.beans.LookupServiceBean.searchProjectsByName(LookupServiceBean.java:991)
	at com.topcoder.clients.webservices.beans.LookupServiceBeanTest.testSearchProjectsByName_Failure2(LookupServiceBeanTest.java:1576)
	at sun.reflect.NativeMethodAccessorImpl.invoke0(Native Method)
	at sun.reflect.NativeMethodAccessorImpl.invoke(NativeMethodAccessorImpl.java:39)
	at sun.reflect.DelegatingMethodAccessorImpl.invoke(DelegatingMethodAccessorImpl.java:25)
	at java.lang.reflect.Method.invoke(Method.java:585)
	at junit.framework.TestCase.runTest(TestCase.java:164)
	at junit.framework.TestCase.runBare(TestCase.java:130)
	at junit.framework.TestResult$1.protect(TestResult.java:106)
	at junit.framework.TestResult.runProtected(TestResult.java:124)
	at junit.framework.TestResult.run(TestResult.java:109)
	at junit.framework.TestCase.run(TestCase.java:120)
	at junit.framework.TestSuite.runTest(TestSuite.java:230)
	at junit.framework.TestSuite.run(TestSuite.java:225)
	at junit.framework.TestSuite.runTest(TestSuite.java:230)
	at junit.framework.TestSuite.run(TestSuite.java:225)
	at junit.framework.TestSuite.runTest(TestSuite.java:230)
	at junit.framework.TestSuite.run(TestSuite.java:225)
	at org.apache.tools.ant.taskdefs.optional.junit.JUnitTestRunner.run(JUnitTestRunner.java:421)
	at org.apache.tools.ant.taskdefs.optional.junit.JUnitTestRunner.launch(JUnitTestRunner.java:912)
	at org.apache.tools.ant.taskdefs.optional.junit.JUnitTestRunner.main(JUnitTestRunner.java:766)
Exit from method [LookupServiceBean#searchProjectsByName]. Time spent: 0 ms. Return value: null
Enter into method [LookupServiceBean#searchProjectsByName]. Argument info: test. Entrance timestamp: 1221394862426
User isn't authenticated to perform [searchProjectsByName] operation.
com.topcoder.clients.webservices.beans.AuthorizationFailedException: User isn't authenticated to perform [searchProjectsByName] operation.
	at com.topcoder.clients.webservices.beans.LookupServiceBean.authenticationCheck(LookupServiceBean.java:1571)
	at com.topcoder.clients.webservices.beans.LookupServiceBean.searchProjectsByName(LookupServiceBean.java:995)
	at com.topcoder.clients.webservices.beans.LookupServiceBeanTest.testSearchProjectsByName_Failure3(LookupServiceBeanTest.java:1600)
	at sun.reflect.NativeMethodAccessorImpl.invoke0(Native Method)
	at sun.reflect.NativeMethodAccessorImpl.invoke(NativeMethodAccessorImpl.java:39)
	at sun.reflect.DelegatingMethodAccessorImpl.invoke(DelegatingMethodAccessorImpl.java:25)
	at java.lang.reflect.Method.invoke(Method.java:585)
	at junit.framework.TestCase.runTest(TestCase.java:164)
	at junit.framework.TestCase.runBare(TestCase.java:130)
	at junit.framework.TestResult$1.protect(TestResult.java:106)
	at junit.framework.TestResult.runProtected(TestResult.java:124)
	at junit.framework.TestResult.run(TestResult.java:109)
	at junit.framework.TestCase.run(TestCase.java:120)
	at junit.framework.TestSuite.runTest(TestSuite.java:230)
	at junit.framework.TestSuite.run(TestSuite.java:225)
	at junit.framework.TestSuite.runTest(TestSuite.java:230)
	at junit.framework.TestSuite.run(TestSuite.java:225)
	at junit.framework.TestSuite.runTest(TestSuite.java:230)
	at junit.framework.TestSuite.run(TestSuite.java:225)
	at org.apache.tools.ant.taskdefs.optional.junit.JUnitTestRunner.run(JUnitTestRunner.java:421)
	at org.apache.tools.ant.taskdefs.optional.junit.JUnitTestRunner.launch(JUnitTestRunner.java:912)
	at org.apache.tools.ant.taskdefs.optional.junit.JUnitTestRunner.main(JUnitTestRunner.java:766)
Exit from method [LookupServiceBean#searchProjectsByName]. Time spent: 0 ms. Return value: null
Enter into method [LookupServiceBean#searchProjectsByName]. Argument info: test. Entrance timestamp: 1221394862632
Test exception
com.topcoder.clients.manager.ProjectManagerException: Test exception
	at com.topcoder.clients.webservices.beans.ProjectManagerMock.checkFail(ProjectManagerMock.java:353)
	at com.topcoder.clients.webservices.beans.ProjectManagerMock.retrieveAllProjects(ProjectManagerMock.java:204)
	at com.topcoder.clients.webservices.beans.ProjectManagerMock.searchProjectsByName(ProjectManagerMock.java:281)
	at com.topcoder.clients.webservices.beans.LookupServiceBean.searchProjectsByName(LookupServiceBean.java:998)
	at com.topcoder.clients.webservices.beans.LookupServiceBeanTest.testSearchProjectsByName_Failure4(LookupServiceBeanTest.java:1624)
	at sun.reflect.NativeMethodAccessorImpl.invoke0(Native Method)
	at sun.reflect.NativeMethodAccessorImpl.invoke(NativeMethodAccessorImpl.java:39)
	at sun.reflect.DelegatingMethodAccessorImpl.invoke(DelegatingMethodAccessorImpl.java:25)
	at java.lang.reflect.Method.invoke(Method.java:585)
	at junit.framework.TestCase.runTest(TestCase.java:164)
	at junit.framework.TestCase.runBare(TestCase.java:130)
	at junit.framework.TestResult$1.protect(TestResult.java:106)
	at junit.framework.TestResult.runProtected(TestResult.java:124)
	at junit.framework.TestResult.run(TestResult.java:109)
	at junit.framework.TestCase.run(TestCase.java:120)
	at junit.framework.TestSuite.runTest(TestSuite.java:230)
	at junit.framework.TestSuite.run(TestSuite.java:225)
	at junit.framework.TestSuite.runTest(TestSuite.java:230)
	at junit.framework.TestSuite.run(TestSuite.java:225)
	at junit.framework.TestSuite.runTest(TestSuite.java:230)
	at junit.framework.TestSuite.run(TestSuite.java:225)
	at org.apache.tools.ant.taskdefs.optional.junit.JUnitTestRunner.run(JUnitTestRunner.java:421)
	at org.apache.tools.ant.taskdefs.optional.junit.JUnitTestRunner.launch(JUnitTestRunner.java:912)
	at org.apache.tools.ant.taskdefs.optional.junit.JUnitTestRunner.main(JUnitTestRunner.java:766)
Exit from method [LookupServiceBean#searchProjectsByName]. Time spent: 1 ms. Return value: null
Enter into method [LookupServiceBean#searchProjects]. Argument info: com.topcoder.search.builder.filter.NullFilter@18ec9af. Entrance timestamp: 1221394862836
Exit from method [LookupServiceBean#searchProjects]. Time spent: 0 ms. Return value: [[ id=5 name=null description=null salesTax=0.0 client=null company=null childProjects=[]] [ id=7 name=null description=null salesTax=0.0 client=null company=null childProjects=[]]]
Enter into method [LookupServiceBean#searchProjects]. Argument info: com.topcoder.search.builder.filter.NullFilter@15b2e18. Entrance timestamp: 1221394862836
Exit from method [LookupServiceBean#searchProjects]. Time spent: 0 ms. Return value: [[ id=5 name=null description=null salesTax=0.0 client=null company=null childProjects=[]] [ id=7 name=null description=null salesTax=0.0 client=null company=null childProjects=[]] [ id=0 name=null description=null salesTax=0.0 client=null company=null childProjects=[]]]
Enter into method [LookupServiceBean#searchProjects]. Argument info: null. Entrance timestamp: 1221394863064
Parameter [filter] should not be null.
java.lang.IllegalArgumentException: Parameter [filter] should not be null.
	at com.topcoder.clients.webservices.Util.checkNullWithLog(Util.java:98)
	at com.topcoder.clients.webservices.beans.LookupServiceBean.searchProjects(LookupServiceBean.java:1040)
	at com.topcoder.clients.webservices.beans.LookupServiceBeanTest.testSearchProjects_Failure1(LookupServiceBeanTest.java:1680)
	at sun.reflect.NativeMethodAccessorImpl.invoke0(Native Method)
	at sun.reflect.NativeMethodAccessorImpl.invoke(NativeMethodAccessorImpl.java:39)
	at sun.reflect.DelegatingMethodAccessorImpl.invoke(DelegatingMethodAccessorImpl.java:25)
	at java.lang.reflect.Method.invoke(Method.java:585)
	at junit.framework.TestCase.runTest(TestCase.java:164)
	at junit.framework.TestCase.runBare(TestCase.java:130)
	at junit.framework.TestResult$1.protect(TestResult.java:106)
	at junit.framework.TestResult.runProtected(TestResult.java:124)
	at junit.framework.TestResult.run(TestResult.java:109)
	at junit.framework.TestCase.run(TestCase.java:120)
	at junit.framework.TestSuite.runTest(TestSuite.java:230)
	at junit.framework.TestSuite.run(TestSuite.java:225)
	at junit.framework.TestSuite.runTest(TestSuite.java:230)
	at junit.framework.TestSuite.run(TestSuite.java:225)
	at junit.framework.TestSuite.runTest(TestSuite.java:230)
	at junit.framework.TestSuite.run(TestSuite.java:225)
	at org.apache.tools.ant.taskdefs.optional.junit.JUnitTestRunner.run(JUnitTestRunner.java:421)
	at org.apache.tools.ant.taskdefs.optional.junit.JUnitTestRunner.launch(JUnitTestRunner.java:912)
	at org.apache.tools.ant.taskdefs.optional.junit.JUnitTestRunner.main(JUnitTestRunner.java:766)
Exit from method [LookupServiceBean#searchProjects]. Time spent: 0 ms. Return value: null
Enter into method [LookupServiceBean#searchProjects]. Argument info: com.topcoder.search.builder.filter.NullFilter@1ab52f7. Entrance timestamp: 1221394863269
Resource [projectManager] should not be null.
java.lang.IllegalStateException: Resource [projectManager] should not be null.
	at com.topcoder.clients.webservices.Util.checkResource(Util.java:227)
	at com.topcoder.clients.webservices.beans.LookupServiceBean.searchProjects(LookupServiceBean.java:1041)
	at com.topcoder.clients.webservices.beans.LookupServiceBeanTest.testSearchProjects_Failure2(LookupServiceBeanTest.java:1704)
	at sun.reflect.NativeMethodAccessorImpl.invoke0(Native Method)
	at sun.reflect.NativeMethodAccessorImpl.invoke(NativeMethodAccessorImpl.java:39)
	at sun.reflect.DelegatingMethodAccessorImpl.invoke(DelegatingMethodAccessorImpl.java:25)
	at java.lang.reflect.Method.invoke(Method.java:585)
	at junit.framework.TestCase.runTest(TestCase.java:164)
	at junit.framework.TestCase.runBare(TestCase.java:130)
	at junit.framework.TestResult$1.protect(TestResult.java:106)
	at junit.framework.TestResult.runProtected(TestResult.java:124)
	at junit.framework.TestResult.run(TestResult.java:109)
	at junit.framework.TestCase.run(TestCase.java:120)
	at junit.framework.TestSuite.runTest(TestSuite.java:230)
	at junit.framework.TestSuite.run(TestSuite.java:225)
	at junit.framework.TestSuite.runTest(TestSuite.java:230)
	at junit.framework.TestSuite.run(TestSuite.java:225)
	at junit.framework.TestSuite.runTest(TestSuite.java:230)
	at junit.framework.TestSuite.run(TestSuite.java:225)
	at org.apache.tools.ant.taskdefs.optional.junit.JUnitTestRunner.run(JUnitTestRunner.java:421)
	at org.apache.tools.ant.taskdefs.optional.junit.JUnitTestRunner.launch(JUnitTestRunner.java:912)
	at org.apache.tools.ant.taskdefs.optional.junit.JUnitTestRunner.main(JUnitTestRunner.java:766)
Exit from method [LookupServiceBean#searchProjects]. Time spent: 0 ms. Return value: null
Enter into method [LookupServiceBean#searchProjects]. Argument info: com.topcoder.search.builder.filter.NullFilter@16fa677. Entrance timestamp: 1221394863478
User isn't authenticated to perform [searchProjects] operation.
com.topcoder.clients.webservices.beans.AuthorizationFailedException: User isn't authenticated to perform [searchProjects] operation.
	at com.topcoder.clients.webservices.beans.LookupServiceBean.authenticationCheck(LookupServiceBean.java:1571)
	at com.topcoder.clients.webservices.beans.LookupServiceBean.searchProjects(LookupServiceBean.java:1045)
	at com.topcoder.clients.webservices.beans.LookupServiceBeanTest.testSearchProjects_Failure3(LookupServiceBeanTest.java:1728)
	at sun.reflect.NativeMethodAccessorImpl.invoke0(Native Method)
	at sun.reflect.NativeMethodAccessorImpl.invoke(NativeMethodAccessorImpl.java:39)
	at sun.reflect.DelegatingMethodAccessorImpl.invoke(DelegatingMethodAccessorImpl.java:25)
	at java.lang.reflect.Method.invoke(Method.java:585)
	at junit.framework.TestCase.runTest(TestCase.java:164)
	at junit.framework.TestCase.runBare(TestCase.java:130)
	at junit.framework.TestResult$1.protect(TestResult.java:106)
	at junit.framework.TestResult.runProtected(TestResult.java:124)
	at junit.framework.TestResult.run(TestResult.java:109)
	at junit.framework.TestCase.run(TestCase.java:120)
	at junit.framework.TestSuite.runTest(TestSuite.java:230)
	at junit.framework.TestSuite.run(TestSuite.java:225)
	at junit.framework.TestSuite.runTest(TestSuite.java:230)
	at junit.framework.TestSuite.run(TestSuite.java:225)
	at junit.framework.TestSuite.runTest(TestSuite.java:230)
	at junit.framework.TestSuite.run(TestSuite.java:225)
	at org.apache.tools.ant.taskdefs.optional.junit.JUnitTestRunner.run(JUnitTestRunner.java:421)
	at org.apache.tools.ant.taskdefs.optional.junit.JUnitTestRunner.launch(JUnitTestRunner.java:912)
	at org.apache.tools.ant.taskdefs.optional.junit.JUnitTestRunner.main(JUnitTestRunner.java:766)
Exit from method [LookupServiceBean#searchProjects]. Time spent: 0 ms. Return value: null
Enter into method [LookupServiceBean#searchProjects]. Argument info: com.topcoder.search.builder.filter.NullFilter@3126f6. Entrance timestamp: 1221394863708
Test exception
com.topcoder.clients.manager.ProjectManagerException: Test exception
	at com.topcoder.clients.webservices.beans.ProjectManagerMock.checkFail(ProjectManagerMock.java:353)
	at com.topcoder.clients.webservices.beans.ProjectManagerMock.retrieveAllProjects(ProjectManagerMock.java:204)
	at com.topcoder.clients.webservices.beans.ProjectManagerMock.searchProjects(ProjectManagerMock.java:266)
	at com.topcoder.clients.webservices.beans.LookupServiceBean.searchProjects(LookupServiceBean.java:1048)
	at com.topcoder.clients.webservices.beans.LookupServiceBeanTest.testSearchProjects_Failure4(LookupServiceBeanTest.java:1752)
	at sun.reflect.NativeMethodAccessorImpl.invoke0(Native Method)
	at sun.reflect.NativeMethodAccessorImpl.invoke(NativeMethodAccessorImpl.java:39)
	at sun.reflect.DelegatingMethodAccessorImpl.invoke(DelegatingMethodAccessorImpl.java:25)
	at java.lang.reflect.Method.invoke(Method.java:585)
	at junit.framework.TestCase.runTest(TestCase.java:164)
	at junit.framework.TestCase.runBare(TestCase.java:130)
	at junit.framework.TestResult$1.protect(TestResult.java:106)
	at junit.framework.TestResult.runProtected(TestResult.java:124)
	at junit.framework.TestResult.run(TestResult.java:109)
	at junit.framework.TestCase.run(TestCase.java:120)
	at junit.framework.TestSuite.runTest(TestSuite.java:230)
	at junit.framework.TestSuite.run(TestSuite.java:225)
	at junit.framework.TestSuite.runTest(TestSuite.java:230)
	at junit.framework.TestSuite.run(TestSuite.java:225)
	at junit.framework.TestSuite.runTest(TestSuite.java:230)
	at junit.framework.TestSuite.run(TestSuite.java:225)
	at org.apache.tools.ant.taskdefs.optional.junit.JUnitTestRunner.run(JUnitTestRunner.java:421)
	at org.apache.tools.ant.taskdefs.optional.junit.JUnitTestRunner.launch(JUnitTestRunner.java:912)
	at org.apache.tools.ant.taskdefs.optional.junit.JUnitTestRunner.main(JUnitTestRunner.java:766)
Exit from method [LookupServiceBean#searchProjects]. Time spent: 0 ms. Return value: null
Enter into method [LookupServiceBean#getProjectStatus]. Argument info: 42. Entrance timestamp: 1221394863912
Exit from method [LookupServiceBean#getProjectStatus]. Time spent: 0 ms. Return value: [ id=42 name=null description=null isDeleted=false]
Enter into method [LookupServiceBean#getProjectStatus]. Argument info: -7. Entrance timestamp: 1221394864141
Parameter [id] should be positive but is [-7].
java.lang.IllegalArgumentException: Parameter [id] should be positive but is [-7].
	at com.topcoder.clients.webservices.Util.checkPositiveWithLog(Util.java:141)
	at com.topcoder.clients.webservices.beans.LookupServiceBean.getProjectStatus(LookupServiceBean.java:1087)
	at com.topcoder.clients.webservices.beans.LookupServiceBeanTest.testGetProjectStatus_Failure1(LookupServiceBeanTest.java:1791)
	at sun.reflect.NativeMethodAccessorImpl.invoke0(Native Method)
	at sun.reflect.NativeMethodAccessorImpl.invoke(NativeMethodAccessorImpl.java:39)
	at sun.reflect.DelegatingMethodAccessorImpl.invoke(DelegatingMethodAccessorImpl.java:25)
	at java.lang.reflect.Method.invoke(Method.java:585)
	at junit.framework.TestCase.runTest(TestCase.java:164)
	at junit.framework.TestCase.runBare(TestCase.java:130)
	at junit.framework.TestResult$1.protect(TestResult.java:106)
	at junit.framework.TestResult.runProtected(TestResult.java:124)
	at junit.framework.TestResult.run(TestResult.java:109)
	at junit.framework.TestCase.run(TestCase.java:120)
	at junit.framework.TestSuite.runTest(TestSuite.java:230)
	at junit.framework.TestSuite.run(TestSuite.java:225)
	at junit.framework.TestSuite.runTest(TestSuite.java:230)
	at junit.framework.TestSuite.run(TestSuite.java:225)
	at junit.framework.TestSuite.runTest(TestSuite.java:230)
	at junit.framework.TestSuite.run(TestSuite.java:225)
	at org.apache.tools.ant.taskdefs.optional.junit.JUnitTestRunner.run(JUnitTestRunner.java:421)
	at org.apache.tools.ant.taskdefs.optional.junit.JUnitTestRunner.launch(JUnitTestRunner.java:912)
	at org.apache.tools.ant.taskdefs.optional.junit.JUnitTestRunner.main(JUnitTestRunner.java:766)
Exit from method [LookupServiceBean#getProjectStatus]. Time spent: 0 ms. Return value: null
Enter into method [LookupServiceBean#getProjectStatus]. Argument info: 1. Entrance timestamp: 1221394864368
Resource [projectManager] should not be null.
java.lang.IllegalStateException: Resource [projectManager] should not be null.
	at com.topcoder.clients.webservices.Util.checkResource(Util.java:227)
	at com.topcoder.clients.webservices.beans.LookupServiceBean.getProjectStatus(LookupServiceBean.java:1088)
	at com.topcoder.clients.webservices.beans.LookupServiceBeanTest.testGetProjectStatus_Failure2(LookupServiceBeanTest.java:1815)
	at sun.reflect.NativeMethodAccessorImpl.invoke0(Native Method)
	at sun.reflect.NativeMethodAccessorImpl.invoke(NativeMethodAccessorImpl.java:39)
	at sun.reflect.DelegatingMethodAccessorImpl.invoke(DelegatingMethodAccessorImpl.java:25)
	at java.lang.reflect.Method.invoke(Method.java:585)
	at junit.framework.TestCase.runTest(TestCase.java:164)
	at junit.framework.TestCase.runBare(TestCase.java:130)
	at junit.framework.TestResult$1.protect(TestResult.java:106)
	at junit.framework.TestResult.runProtected(TestResult.java:124)
	at junit.framework.TestResult.run(TestResult.java:109)
	at junit.framework.TestCase.run(TestCase.java:120)
	at junit.framework.TestSuite.runTest(TestSuite.java:230)
	at junit.framework.TestSuite.run(TestSuite.java:225)
	at junit.framework.TestSuite.runTest(TestSuite.java:230)
	at junit.framework.TestSuite.run(TestSuite.java:225)
	at junit.framework.TestSuite.runTest(TestSuite.java:230)
	at junit.framework.TestSuite.run(TestSuite.java:225)
	at org.apache.tools.ant.taskdefs.optional.junit.JUnitTestRunner.run(JUnitTestRunner.java:421)
	at org.apache.tools.ant.taskdefs.optional.junit.JUnitTestRunner.launch(JUnitTestRunner.java:912)
	at org.apache.tools.ant.taskdefs.optional.junit.JUnitTestRunner.main(JUnitTestRunner.java:766)
Exit from method [LookupServiceBean#getProjectStatus]. Time spent: 0 ms. Return value: null
Enter into method [LookupServiceBean#getProjectStatus]. Argument info: 1. Entrance timestamp: 1221394864596
User isn't authenticated to perform [getProjectStatus] operation.
com.topcoder.clients.webservices.beans.AuthorizationFailedException: User isn't authenticated to perform [getProjectStatus] operation.
	at com.topcoder.clients.webservices.beans.LookupServiceBean.authenticationCheck(LookupServiceBean.java:1571)
	at com.topcoder.clients.webservices.beans.LookupServiceBean.getProjectStatus(LookupServiceBean.java:1092)
	at com.topcoder.clients.webservices.beans.LookupServiceBeanTest.testGetProjectStatus_Failure3(LookupServiceBeanTest.java:1839)
	at sun.reflect.NativeMethodAccessorImpl.invoke0(Native Method)
	at sun.reflect.NativeMethodAccessorImpl.invoke(NativeMethodAccessorImpl.java:39)
	at sun.reflect.DelegatingMethodAccessorImpl.invoke(DelegatingMethodAccessorImpl.java:25)
	at java.lang.reflect.Method.invoke(Method.java:585)
	at junit.framework.TestCase.runTest(TestCase.java:164)
	at junit.framework.TestCase.runBare(TestCase.java:130)
	at junit.framework.TestResult$1.protect(TestResult.java:106)
	at junit.framework.TestResult.runProtected(TestResult.java:124)
	at junit.framework.TestResult.run(TestResult.java:109)
	at junit.framework.TestCase.run(TestCase.java:120)
	at junit.framework.TestSuite.runTest(TestSuite.java:230)
	at junit.framework.TestSuite.run(TestSuite.java:225)
	at junit.framework.TestSuite.runTest(TestSuite.java:230)
	at junit.framework.TestSuite.run(TestSuite.java:225)
	at junit.framework.TestSuite.runTest(TestSuite.java:230)
	at junit.framework.TestSuite.run(TestSuite.java:225)
	at org.apache.tools.ant.taskdefs.optional.junit.JUnitTestRunner.run(JUnitTestRunner.java:421)
	at org.apache.tools.ant.taskdefs.optional.junit.JUnitTestRunner.launch(JUnitTestRunner.java:912)
	at org.apache.tools.ant.taskdefs.optional.junit.JUnitTestRunner.main(JUnitTestRunner.java:766)
Exit from method [LookupServiceBean#getProjectStatus]. Time spent: 2 ms. Return value: null
Enter into method [LookupServiceBean#getProjectStatus]. Argument info: 1. Entrance timestamp: 1221394864804
Test exception
com.topcoder.clients.manager.ProjectManagerException: Test exception
	at com.topcoder.clients.webservices.beans.ProjectManagerMock.checkFail(ProjectManagerMock.java:353)
	at com.topcoder.clients.webservices.beans.ProjectManagerMock.getProjectStatus(ProjectManagerMock.java:171)
	at com.topcoder.clients.webservices.beans.LookupServiceBean.getProjectStatus(LookupServiceBean.java:1095)
	at com.topcoder.clients.webservices.beans.LookupServiceBeanTest.testGetProjectStatus_Failure4(LookupServiceBeanTest.java:1863)
	at sun.reflect.NativeMethodAccessorImpl.invoke0(Native Method)
	at sun.reflect.NativeMethodAccessorImpl.invoke(NativeMethodAccessorImpl.java:39)
	at sun.reflect.DelegatingMethodAccessorImpl.invoke(DelegatingMethodAccessorImpl.java:25)
	at java.lang.reflect.Method.invoke(Method.java:585)
	at junit.framework.TestCase.runTest(TestCase.java:164)
	at junit.framework.TestCase.runBare(TestCase.java:130)
	at junit.framework.TestResult$1.protect(TestResult.java:106)
	at junit.framework.TestResult.runProtected(TestResult.java:124)
	at junit.framework.TestResult.run(TestResult.java:109)
	at junit.framework.TestCase.run(TestCase.java:120)
	at junit.framework.TestSuite.runTest(TestSuite.java:230)
	at junit.framework.TestSuite.run(TestSuite.java:225)
	at junit.framework.TestSuite.runTest(TestSuite.java:230)
	at junit.framework.TestSuite.run(TestSuite.java:225)
	at junit.framework.TestSuite.runTest(TestSuite.java:230)
	at junit.framework.TestSuite.run(TestSuite.java:225)
	at org.apache.tools.ant.taskdefs.optional.junit.JUnitTestRunner.run(JUnitTestRunner.java:421)
	at org.apache.tools.ant.taskdefs.optional.junit.JUnitTestRunner.launch(JUnitTestRunner.java:912)
	at org.apache.tools.ant.taskdefs.optional.junit.JUnitTestRunner.main(JUnitTestRunner.java:766)
Exit from method [LookupServiceBean#getProjectStatus]. Time spent: 0 ms. Return value: null
Enter into method [LookupServiceBean#getAllProjectStatuses]. Entrance timestamp: 1221394865029
Exit from method [LookupServiceBean#getAllProjectStatuses]. Time spent: 0 ms. Return value: [[ id=0 name=null description=test1 isDeleted=false] [ id=0 name=null description=test2 isDeleted=false]]
Enter into method [LookupServiceBean#getAllProjectStatuses]. Entrance timestamp: 1221394865235
Resource [projectManager] should not be null.
java.lang.IllegalStateException: Resource [projectManager] should not be null.
	at com.topcoder.clients.webservices.Util.checkResource(Util.java:227)
	at com.topcoder.clients.webservices.beans.LookupServiceBean.getAllProjectStatuses(LookupServiceBean.java:1129)
	at com.topcoder.clients.webservices.beans.LookupServiceBeanTest.testGetAllProjectStatuses_Failure1(LookupServiceBeanTest.java:1902)
	at sun.reflect.NativeMethodAccessorImpl.invoke0(Native Method)
	at sun.reflect.NativeMethodAccessorImpl.invoke(NativeMethodAccessorImpl.java:39)
	at sun.reflect.DelegatingMethodAccessorImpl.invoke(DelegatingMethodAccessorImpl.java:25)
	at java.lang.reflect.Method.invoke(Method.java:585)
	at junit.framework.TestCase.runTest(TestCase.java:164)
	at junit.framework.TestCase.runBare(TestCase.java:130)
	at junit.framework.TestResult$1.protect(TestResult.java:106)
	at junit.framework.TestResult.runProtected(TestResult.java:124)
	at junit.framework.TestResult.run(TestResult.java:109)
	at junit.framework.TestCase.run(TestCase.java:120)
	at junit.framework.TestSuite.runTest(TestSuite.java:230)
	at junit.framework.TestSuite.run(TestSuite.java:225)
	at junit.framework.TestSuite.runTest(TestSuite.java:230)
	at junit.framework.TestSuite.run(TestSuite.java:225)
	at junit.framework.TestSuite.runTest(TestSuite.java:230)
	at junit.framework.TestSuite.run(TestSuite.java:225)
	at org.apache.tools.ant.taskdefs.optional.junit.JUnitTestRunner.run(JUnitTestRunner.java:421)
	at org.apache.tools.ant.taskdefs.optional.junit.JUnitTestRunner.launch(JUnitTestRunner.java:912)
	at org.apache.tools.ant.taskdefs.optional.junit.JUnitTestRunner.main(JUnitTestRunner.java:766)
Exit from method [LookupServiceBean#getAllProjectStatuses]. Time spent: 0 ms. Return value: null
Enter into method [LookupServiceBean#getAllProjectStatuses]. Entrance timestamp: 1221394865444
User isn't authenticated to perform [getAllProjectStatuses] operation.
com.topcoder.clients.webservices.beans.AuthorizationFailedException: User isn't authenticated to perform [getAllProjectStatuses] operation.
	at com.topcoder.clients.webservices.beans.LookupServiceBean.authenticationCheck(LookupServiceBean.java:1571)
	at com.topcoder.clients.webservices.beans.LookupServiceBean.getAllProjectStatuses(LookupServiceBean.java:1133)
	at com.topcoder.clients.webservices.beans.LookupServiceBeanTest.testGetAllProjectStatuses_Failure2(LookupServiceBeanTest.java:1926)
	at sun.reflect.NativeMethodAccessorImpl.invoke0(Native Method)
	at sun.reflect.NativeMethodAccessorImpl.invoke(NativeMethodAccessorImpl.java:39)
	at sun.reflect.DelegatingMethodAccessorImpl.invoke(DelegatingMethodAccessorImpl.java:25)
	at java.lang.reflect.Method.invoke(Method.java:585)
	at junit.framework.TestCase.runTest(TestCase.java:164)
	at junit.framework.TestCase.runBare(TestCase.java:130)
	at junit.framework.TestResult$1.protect(TestResult.java:106)
	at junit.framework.TestResult.runProtected(TestResult.java:124)
	at junit.framework.TestResult.run(TestResult.java:109)
	at junit.framework.TestCase.run(TestCase.java:120)
	at junit.framework.TestSuite.runTest(TestSuite.java:230)
	at junit.framework.TestSuite.run(TestSuite.java:225)
	at junit.framework.TestSuite.runTest(TestSuite.java:230)
	at junit.framework.TestSuite.run(TestSuite.java:225)
	at junit.framework.TestSuite.runTest(TestSuite.java:230)
	at junit.framework.TestSuite.run(TestSuite.java:225)
	at org.apache.tools.ant.taskdefs.optional.junit.JUnitTestRunner.run(JUnitTestRunner.java:421)
	at org.apache.tools.ant.taskdefs.optional.junit.JUnitTestRunner.launch(JUnitTestRunner.java:912)
	at org.apache.tools.ant.taskdefs.optional.junit.JUnitTestRunner.main(JUnitTestRunner.java:766)
Exit from method [LookupServiceBean#getAllProjectStatuses]. Time spent: 1 ms. Return value: null
Enter into method [LookupServiceBean#getAllProjectStatuses]. Entrance timestamp: 1221394865670
Test exception
com.topcoder.clients.manager.ProjectManagerException: Test exception
	at com.topcoder.clients.webservices.beans.ProjectManagerMock.checkFail(ProjectManagerMock.java:353)
	at com.topcoder.clients.webservices.beans.ProjectManagerMock.getAllProjectStatuses(ProjectManagerMock.java:146)
	at com.topcoder.clients.webservices.beans.LookupServiceBean.getAllProjectStatuses(LookupServiceBean.java:1136)
	at com.topcoder.clients.webservices.beans.LookupServiceBeanTest.testGetAllProjectStatuses_Failure3(LookupServiceBeanTest.java:1950)
	at sun.reflect.NativeMethodAccessorImpl.invoke0(Native Method)
	at sun.reflect.NativeMethodAccessorImpl.invoke(NativeMethodAccessorImpl.java:39)
	at sun.reflect.DelegatingMethodAccessorImpl.invoke(DelegatingMethodAccessorImpl.java:25)
	at java.lang.reflect.Method.invoke(Method.java:585)
	at junit.framework.TestCase.runTest(TestCase.java:164)
	at junit.framework.TestCase.runBare(TestCase.java:130)
	at junit.framework.TestResult$1.protect(TestResult.java:106)
	at junit.framework.TestResult.runProtected(TestResult.java:124)
	at junit.framework.TestResult.run(TestResult.java:109)
	at junit.framework.TestCase.run(TestCase.java:120)
	at junit.framework.TestSuite.runTest(TestSuite.java:230)
	at junit.framework.TestSuite.run(TestSuite.java:225)
	at junit.framework.TestSuite.runTest(TestSuite.java:230)
	at junit.framework.TestSuite.run(TestSuite.java:225)
	at junit.framework.TestSuite.runTest(TestSuite.java:230)
	at junit.framework.TestSuite.run(TestSuite.java:225)
	at org.apache.tools.ant.taskdefs.optional.junit.JUnitTestRunner.run(JUnitTestRunner.java:421)
	at org.apache.tools.ant.taskdefs.optional.junit.JUnitTestRunner.launch(JUnitTestRunner.java:912)
	at org.apache.tools.ant.taskdefs.optional.junit.JUnitTestRunner.main(JUnitTestRunner.java:766)
Exit from method [LookupServiceBean#getAllProjectStatuses]. Time spent: 1 ms. Return value: null
Enter into method [LookupServiceBean#getProjectsForStatus]. Argument info: [ id=0 name=null description=null isDeleted=false]. Entrance timestamp: 1221394865877
Exit from method [LookupServiceBean#getProjectsForStatus]. Time spent: 1 ms. Return value: [[ id=5 name=null description=null salesTax=0.0 client=null company=null childProjects=[]] [ id=7 name=null description=null salesTax=0.0 client=null company=null childProjects=[]]]
Enter into method [LookupServiceBean#getProjectsForStatus]. Argument info: [ id=0 name=null description=null isDeleted=false]. Entrance timestamp: 1221394865878
Exit from method [LookupServiceBean#getProjectsForStatus]. Time spent: 0 ms. Return value: [[ id=5 name=null description=null salesTax=0.0 client=null company=null childProjects=[]] [ id=7 name=null description=null salesTax=0.0 client=null company=null childProjects=[]] [ id=0 name=null description=null salesTax=0.0 client=null company=null childProjects=[]]]
Enter into method [LookupServiceBean#getProjectsForStatus]. Argument info: null. Entrance timestamp: 1221394866082
Parameter [status] should not be null.
java.lang.IllegalArgumentException: Parameter [status] should not be null.
	at com.topcoder.clients.webservices.Util.checkNullWithLog(Util.java:98)
	at com.topcoder.clients.webservices.beans.LookupServiceBean.getProjectsForStatus(LookupServiceBean.java:1175)
	at com.topcoder.clients.webservices.beans.LookupServiceBeanTest.testGetProjectsForStatus_Failure1(LookupServiceBeanTest.java:2005)
	at sun.reflect.NativeMethodAccessorImpl.invoke0(Native Method)
	at sun.reflect.NativeMethodAccessorImpl.invoke(NativeMethodAccessorImpl.java:39)
	at sun.reflect.DelegatingMethodAccessorImpl.invoke(DelegatingMethodAccessorImpl.java:25)
	at java.lang.reflect.Method.invoke(Method.java:585)
	at junit.framework.TestCase.runTest(TestCase.java:164)
	at junit.framework.TestCase.runBare(TestCase.java:130)
	at junit.framework.TestResult$1.protect(TestResult.java:106)
	at junit.framework.TestResult.runProtected(TestResult.java:124)
	at junit.framework.TestResult.run(TestResult.java:109)
	at junit.framework.TestCase.run(TestCase.java:120)
	at junit.framework.TestSuite.runTest(TestSuite.java:230)
	at junit.framework.TestSuite.run(TestSuite.java:225)
	at junit.framework.TestSuite.runTest(TestSuite.java:230)
	at junit.framework.TestSuite.run(TestSuite.java:225)
	at junit.framework.TestSuite.runTest(TestSuite.java:230)
	at junit.framework.TestSuite.run(TestSuite.java:225)
	at org.apache.tools.ant.taskdefs.optional.junit.JUnitTestRunner.run(JUnitTestRunner.java:421)
	at org.apache.tools.ant.taskdefs.optional.junit.JUnitTestRunner.launch(JUnitTestRunner.java:912)
	at org.apache.tools.ant.taskdefs.optional.junit.JUnitTestRunner.main(JUnitTestRunner.java:766)
Exit from method [LookupServiceBean#getProjectsForStatus]. Time spent: 0 ms. Return value: null
Enter into method [LookupServiceBean#getProjectsForStatus]. Argument info: [ id=0 name=null description=null isDeleted=false]. Entrance timestamp: 1221394866322
Resource [projectManager] should not be null.
java.lang.IllegalStateException: Resource [projectManager] should not be null.
	at com.topcoder.clients.webservices.Util.checkResource(Util.java:227)
	at com.topcoder.clients.webservices.beans.LookupServiceBean.getProjectsForStatus(LookupServiceBean.java:1176)
	at com.topcoder.clients.webservices.beans.LookupServiceBeanTest.testGetProjectsForStatus_Failure2(LookupServiceBeanTest.java:2029)
	at sun.reflect.NativeMethodAccessorImpl.invoke0(Native Method)
	at sun.reflect.NativeMethodAccessorImpl.invoke(NativeMethodAccessorImpl.java:39)
	at sun.reflect.DelegatingMethodAccessorImpl.invoke(DelegatingMethodAccessorImpl.java:25)
	at java.lang.reflect.Method.invoke(Method.java:585)
	at junit.framework.TestCase.runTest(TestCase.java:164)
	at junit.framework.TestCase.runBare(TestCase.java:130)
	at junit.framework.TestResult$1.protect(TestResult.java:106)
	at junit.framework.TestResult.runProtected(TestResult.java:124)
	at junit.framework.TestResult.run(TestResult.java:109)
	at junit.framework.TestCase.run(TestCase.java:120)
	at junit.framework.TestSuite.runTest(TestSuite.java:230)
	at junit.framework.TestSuite.run(TestSuite.java:225)
	at junit.framework.TestSuite.runTest(TestSuite.java:230)
	at junit.framework.TestSuite.run(TestSuite.java:225)
	at junit.framework.TestSuite.runTest(TestSuite.java:230)
	at junit.framework.TestSuite.run(TestSuite.java:225)
	at org.apache.tools.ant.taskdefs.optional.junit.JUnitTestRunner.run(JUnitTestRunner.java:421)
	at org.apache.tools.ant.taskdefs.optional.junit.JUnitTestRunner.launch(JUnitTestRunner.java:912)
	at org.apache.tools.ant.taskdefs.optional.junit.JUnitTestRunner.main(JUnitTestRunner.java:766)
Exit from method [LookupServiceBean#getProjectsForStatus]. Time spent: 0 ms. Return value: null
Enter into method [LookupServiceBean#getProjectsForStatus]. Argument info: [ id=0 name=null description=null isDeleted=false]. Entrance timestamp: 1221394866552
User isn't authenticated to perform [getProjectsForStatus] operation.
com.topcoder.clients.webservices.beans.AuthorizationFailedException: User isn't authenticated to perform [getProjectsForStatus] operation.
	at com.topcoder.clients.webservices.beans.LookupServiceBean.authenticationCheck(LookupServiceBean.java:1571)
	at com.topcoder.clients.webservices.beans.LookupServiceBean.getProjectsForStatus(LookupServiceBean.java:1180)
	at com.topcoder.clients.webservices.beans.LookupServiceBeanTest.testGetProjectsForStatus_Failure3(LookupServiceBeanTest.java:2053)
	at sun.reflect.NativeMethodAccessorImpl.invoke0(Native Method)
	at sun.reflect.NativeMethodAccessorImpl.invoke(NativeMethodAccessorImpl.java:39)
	at sun.reflect.DelegatingMethodAccessorImpl.invoke(DelegatingMethodAccessorImpl.java:25)
	at java.lang.reflect.Method.invoke(Method.java:585)
	at junit.framework.TestCase.runTest(TestCase.java:164)
	at junit.framework.TestCase.runBare(TestCase.java:130)
	at junit.framework.TestResult$1.protect(TestResult.java:106)
	at junit.framework.TestResult.runProtected(TestResult.java:124)
	at junit.framework.TestResult.run(TestResult.java:109)
	at junit.framework.TestCase.run(TestCase.java:120)
	at junit.framework.TestSuite.runTest(TestSuite.java:230)
	at junit.framework.TestSuite.run(TestSuite.java:225)
	at junit.framework.TestSuite.runTest(TestSuite.java:230)
	at junit.framework.TestSuite.run(TestSuite.java:225)
	at junit.framework.TestSuite.runTest(TestSuite.java:230)
	at junit.framework.TestSuite.run(TestSuite.java:225)
	at org.apache.tools.ant.taskdefs.optional.junit.JUnitTestRunner.run(JUnitTestRunner.java:421)
	at org.apache.tools.ant.taskdefs.optional.junit.JUnitTestRunner.launch(JUnitTestRunner.java:912)
	at org.apache.tools.ant.taskdefs.optional.junit.JUnitTestRunner.main(JUnitTestRunner.java:766)
Exit from method [LookupServiceBean#getProjectsForStatus]. Time spent: 1 ms. Return value: null
Enter into method [LookupServiceBean#getProjectsForStatus]. Argument info: [ id=0 name=null description=null isDeleted=false]. Entrance timestamp: 1221394866759
Test exception
com.topcoder.clients.manager.ProjectManagerException: Test exception
	at com.topcoder.clients.webservices.beans.ProjectManagerMock.checkFail(ProjectManagerMock.java:353)
	at com.topcoder.clients.webservices.beans.ProjectManagerMock.retrieveAllProjects(ProjectManagerMock.java:204)
	at com.topcoder.clients.webservices.beans.ProjectManagerMock.getProjectsForStatus(ProjectManagerMock.java:191)
	at com.topcoder.clients.webservices.beans.LookupServiceBean.getProjectsForStatus(LookupServiceBean.java:1183)
	at com.topcoder.clients.webservices.beans.LookupServiceBeanTest.testGetProjectsForStatus_Failure4(LookupServiceBeanTest.java:2077)
	at sun.reflect.NativeMethodAccessorImpl.invoke0(Native Method)
	at sun.reflect.NativeMethodAccessorImpl.invoke(NativeMethodAccessorImpl.java:39)
	at sun.reflect.DelegatingMethodAccessorImpl.invoke(DelegatingMethodAccessorImpl.java:25)
	at java.lang.reflect.Method.invoke(Method.java:585)
	at junit.framework.TestCase.runTest(TestCase.java:164)
	at junit.framework.TestCase.runBare(TestCase.java:130)
	at junit.framework.TestResult$1.protect(TestResult.java:106)
	at junit.framework.TestResult.runProtected(TestResult.java:124)
	at junit.framework.TestResult.run(TestResult.java:109)
	at junit.framework.TestCase.run(TestCase.java:120)
	at junit.framework.TestSuite.runTest(TestSuite.java:230)
	at junit.framework.TestSuite.run(TestSuite.java:225)
	at junit.framework.TestSuite.runTest(TestSuite.java:230)
	at junit.framework.TestSuite.run(TestSuite.java:225)
	at junit.framework.TestSuite.runTest(TestSuite.java:230)
	at junit.framework.TestSuite.run(TestSuite.java:225)
	at org.apache.tools.ant.taskdefs.optional.junit.JUnitTestRunner.run(JUnitTestRunner.java:421)
	at org.apache.tools.ant.taskdefs.optional.junit.JUnitTestRunner.launch(JUnitTestRunner.java:912)
	at org.apache.tools.ant.taskdefs.optional.junit.JUnitTestRunner.main(JUnitTestRunner.java:766)
Exit from method [LookupServiceBean#getProjectsForStatus]. Time spent: 1 ms. Return value: null
Enter into method [LookupServiceBean#retrieveCompany]. Argument info: 42. Entrance timestamp: 1221394866990
Exit from method [LookupServiceBean#retrieveCompany]. Time spent: 0 ms. Return value: [ id=42 name=null passcode=null isDeleted=false]
Enter into method [LookupServiceBean#retrieveCompany]. Argument info: -1. Entrance timestamp: 1221394867196
Parameter [id] should be positive but is [-1].
java.lang.IllegalArgumentException: Parameter [id] should be positive but is [-1].
	at com.topcoder.clients.webservices.Util.checkPositiveWithLog(Util.java:141)
	at com.topcoder.clients.webservices.beans.LookupServiceBean.retrieveCompany(LookupServiceBean.java:1221)
	at com.topcoder.clients.webservices.beans.LookupServiceBeanTest.testRetrieveCompany_Failure1(LookupServiceBeanTest.java:2116)
	at sun.reflect.NativeMethodAccessorImpl.invoke0(Native Method)
	at sun.reflect.NativeMethodAccessorImpl.invoke(NativeMethodAccessorImpl.java:39)
	at sun.reflect.DelegatingMethodAccessorImpl.invoke(DelegatingMethodAccessorImpl.java:25)
	at java.lang.reflect.Method.invoke(Method.java:585)
	at junit.framework.TestCase.runTest(TestCase.java:164)
	at junit.framework.TestCase.runBare(TestCase.java:130)
	at junit.framework.TestResult$1.protect(TestResult.java:106)
	at junit.framework.TestResult.runProtected(TestResult.java:124)
	at junit.framework.TestResult.run(TestResult.java:109)
	at junit.framework.TestCase.run(TestCase.java:120)
	at junit.framework.TestSuite.runTest(TestSuite.java:230)
	at junit.framework.TestSuite.run(TestSuite.java:225)
	at junit.framework.TestSuite.runTest(TestSuite.java:230)
	at junit.framework.TestSuite.run(TestSuite.java:225)
	at junit.framework.TestSuite.runTest(TestSuite.java:230)
	at junit.framework.TestSuite.run(TestSuite.java:225)
	at org.apache.tools.ant.taskdefs.optional.junit.JUnitTestRunner.run(JUnitTestRunner.java:421)
	at org.apache.tools.ant.taskdefs.optional.junit.JUnitTestRunner.launch(JUnitTestRunner.java:912)
	at org.apache.tools.ant.taskdefs.optional.junit.JUnitTestRunner.main(JUnitTestRunner.java:766)
Exit from method [LookupServiceBean#retrieveCompany]. Time spent: 0 ms. Return value: null
Enter into method [LookupServiceBean#retrieveCompany]. Argument info: 5. Entrance timestamp: 1221394867402
Resource [companyManager] should not be null.
java.lang.IllegalStateException: Resource [companyManager] should not be null.
	at com.topcoder.clients.webservices.Util.checkResource(Util.java:227)
	at com.topcoder.clients.webservices.beans.LookupServiceBean.retrieveCompany(LookupServiceBean.java:1222)
	at com.topcoder.clients.webservices.beans.LookupServiceBeanTest.testRetrieveCompany_Failure2(LookupServiceBeanTest.java:2140)
	at sun.reflect.NativeMethodAccessorImpl.invoke0(Native Method)
	at sun.reflect.NativeMethodAccessorImpl.invoke(NativeMethodAccessorImpl.java:39)
	at sun.reflect.DelegatingMethodAccessorImpl.invoke(DelegatingMethodAccessorImpl.java:25)
	at java.lang.reflect.Method.invoke(Method.java:585)
	at junit.framework.TestCase.runTest(TestCase.java:164)
	at junit.framework.TestCase.runBare(TestCase.java:130)
	at junit.framework.TestResult$1.protect(TestResult.java:106)
	at junit.framework.TestResult.runProtected(TestResult.java:124)
	at junit.framework.TestResult.run(TestResult.java:109)
	at junit.framework.TestCase.run(TestCase.java:120)
	at junit.framework.TestSuite.runTest(TestSuite.java:230)
	at junit.framework.TestSuite.run(TestSuite.java:225)
	at junit.framework.TestSuite.runTest(TestSuite.java:230)
	at junit.framework.TestSuite.run(TestSuite.java:225)
	at junit.framework.TestSuite.runTest(TestSuite.java:230)
	at junit.framework.TestSuite.run(TestSuite.java:225)
	at org.apache.tools.ant.taskdefs.optional.junit.JUnitTestRunner.run(JUnitTestRunner.java:421)
	at org.apache.tools.ant.taskdefs.optional.junit.JUnitTestRunner.launch(JUnitTestRunner.java:912)
	at org.apache.tools.ant.taskdefs.optional.junit.JUnitTestRunner.main(JUnitTestRunner.java:766)
Exit from method [LookupServiceBean#retrieveCompany]. Time spent: 0 ms. Return value: null
Enter into method [LookupServiceBean#retrieveCompany]. Argument info: 5. Entrance timestamp: 1221394867632
User isn't authenticated to perform [retrieveCompany] operation.
com.topcoder.clients.webservices.beans.AuthorizationFailedException: User isn't authenticated to perform [retrieveCompany] operation.
	at com.topcoder.clients.webservices.beans.LookupServiceBean.authenticationCheck(LookupServiceBean.java:1571)
	at com.topcoder.clients.webservices.beans.LookupServiceBean.retrieveCompany(LookupServiceBean.java:1226)
	at com.topcoder.clients.webservices.beans.LookupServiceBeanTest.testRetrieveCompany_Failure3(LookupServiceBeanTest.java:2164)
	at sun.reflect.NativeMethodAccessorImpl.invoke0(Native Method)
	at sun.reflect.NativeMethodAccessorImpl.invoke(NativeMethodAccessorImpl.java:39)
	at sun.reflect.DelegatingMethodAccessorImpl.invoke(DelegatingMethodAccessorImpl.java:25)
	at java.lang.reflect.Method.invoke(Method.java:585)
	at junit.framework.TestCase.runTest(TestCase.java:164)
	at junit.framework.TestCase.runBare(TestCase.java:130)
	at junit.framework.TestResult$1.protect(TestResult.java:106)
	at junit.framework.TestResult.runProtected(TestResult.java:124)
	at junit.framework.TestResult.run(TestResult.java:109)
	at junit.framework.TestCase.run(TestCase.java:120)
	at junit.framework.TestSuite.runTest(TestSuite.java:230)
	at junit.framework.TestSuite.run(TestSuite.java:225)
	at junit.framework.TestSuite.runTest(TestSuite.java:230)
	at junit.framework.TestSuite.run(TestSuite.java:225)
	at junit.framework.TestSuite.runTest(TestSuite.java:230)
	at junit.framework.TestSuite.run(TestSuite.java:225)
	at org.apache.tools.ant.taskdefs.optional.junit.JUnitTestRunner.run(JUnitTestRunner.java:421)
	at org.apache.tools.ant.taskdefs.optional.junit.JUnitTestRunner.launch(JUnitTestRunner.java:912)
	at org.apache.tools.ant.taskdefs.optional.junit.JUnitTestRunner.main(JUnitTestRunner.java:766)
Exit from method [LookupServiceBean#retrieveCompany]. Time spent: 0 ms. Return value: null
Enter into method [LookupServiceBean#retrieveCompany]. Argument info: 5. Entrance timestamp: 1221394867861
Test exception
com.topcoder.clients.manager.CompanyManagerException: Test exception
	at com.topcoder.clients.webservices.beans.CompanyManagerMock.checkFail(CompanyManagerMock.java:220)
	at com.topcoder.clients.webservices.beans.CompanyManagerMock.retrieveCompany(CompanyManagerMock.java:154)
	at com.topcoder.clients.webservices.beans.LookupServiceBean.retrieveCompany(LookupServiceBean.java:1229)
	at com.topcoder.clients.webservices.beans.LookupServiceBeanTest.testRetrieveCompany_Failure4(LookupServiceBeanTest.java:2188)
	at sun.reflect.NativeMethodAccessorImpl.invoke0(Native Method)
	at sun.reflect.NativeMethodAccessorImpl.invoke(NativeMethodAccessorImpl.java:39)
	at sun.reflect.DelegatingMethodAccessorImpl.invoke(DelegatingMethodAccessorImpl.java:25)
	at java.lang.reflect.Method.invoke(Method.java:585)
	at junit.framework.TestCase.runTest(TestCase.java:164)
	at junit.framework.TestCase.runBare(TestCase.java:130)
	at junit.framework.TestResult$1.protect(TestResult.java:106)
	at junit.framework.TestResult.runProtected(TestResult.java:124)
	at junit.framework.TestResult.run(TestResult.java:109)
	at junit.framework.TestCase.run(TestCase.java:120)
	at junit.framework.TestSuite.runTest(TestSuite.java:230)
	at junit.framework.TestSuite.run(TestSuite.java:225)
	at junit.framework.TestSuite.runTest(TestSuite.java:230)
	at junit.framework.TestSuite.run(TestSuite.java:225)
	at junit.framework.TestSuite.runTest(TestSuite.java:230)
	at junit.framework.TestSuite.run(TestSuite.java:225)
	at org.apache.tools.ant.taskdefs.optional.junit.JUnitTestRunner.run(JUnitTestRunner.java:421)
	at org.apache.tools.ant.taskdefs.optional.junit.JUnitTestRunner.launch(JUnitTestRunner.java:912)
	at org.apache.tools.ant.taskdefs.optional.junit.JUnitTestRunner.main(JUnitTestRunner.java:766)
Exit from method [LookupServiceBean#retrieveCompany]. Time spent: 1 ms. Return value: null
Enter into method [LookupServiceBean#retrieveAllCompanies]. Entrance timestamp: 1221394868067
Exit from method [LookupServiceBean#retrieveAllCompanies]. Time spent: 0 ms. Return value: [[ id=15 name=null passcode=null isDeleted=false] [ id=17 name=null passcode=null isDeleted=false]]
Enter into method [LookupServiceBean#retrieveAllCompanies]. Entrance timestamp: 1221394868297
Resource [companyManager] should not be null.
java.lang.IllegalStateException: Resource [companyManager] should not be null.
	at com.topcoder.clients.webservices.Util.checkResource(Util.java:227)
	at com.topcoder.clients.webservices.beans.LookupServiceBean.retrieveAllCompanies(LookupServiceBean.java:1262)
	at com.topcoder.clients.webservices.beans.LookupServiceBeanTest.testRetrieveAllCompanies_Failure1(LookupServiceBeanTest.java:2227)
	at sun.reflect.NativeMethodAccessorImpl.invoke0(Native Method)
	at sun.reflect.NativeMethodAccessorImpl.invoke(NativeMethodAccessorImpl.java:39)
	at sun.reflect.DelegatingMethodAccessorImpl.invoke(DelegatingMethodAccessorImpl.java:25)
	at java.lang.reflect.Method.invoke(Method.java:585)
	at junit.framework.TestCase.runTest(TestCase.java:164)
	at junit.framework.TestCase.runBare(TestCase.java:130)
	at junit.framework.TestResult$1.protect(TestResult.java:106)
	at junit.framework.TestResult.runProtected(TestResult.java:124)
	at junit.framework.TestResult.run(TestResult.java:109)
	at junit.framework.TestCase.run(TestCase.java:120)
	at junit.framework.TestSuite.runTest(TestSuite.java:230)
	at junit.framework.TestSuite.run(TestSuite.java:225)
	at junit.framework.TestSuite.runTest(TestSuite.java:230)
	at junit.framework.TestSuite.run(TestSuite.java:225)
	at junit.framework.TestSuite.runTest(TestSuite.java:230)
	at junit.framework.TestSuite.run(TestSuite.java:225)
	at org.apache.tools.ant.taskdefs.optional.junit.JUnitTestRunner.run(JUnitTestRunner.java:421)
	at org.apache.tools.ant.taskdefs.optional.junit.JUnitTestRunner.launch(JUnitTestRunner.java:912)
	at org.apache.tools.ant.taskdefs.optional.junit.JUnitTestRunner.main(JUnitTestRunner.java:766)
Exit from method [LookupServiceBean#retrieveAllCompanies]. Time spent: 1 ms. Return value: null
Enter into method [LookupServiceBean#retrieveAllCompanies]. Entrance timestamp: 1221394868502
User isn't authenticated to perform [retrieveAllCompanies] operation.
com.topcoder.clients.webservices.beans.AuthorizationFailedException: User isn't authenticated to perform [retrieveAllCompanies] operation.
	at com.topcoder.clients.webservices.beans.LookupServiceBean.authenticationCheck(LookupServiceBean.java:1571)
	at com.topcoder.clients.webservices.beans.LookupServiceBean.retrieveAllCompanies(LookupServiceBean.java:1266)
	at com.topcoder.clients.webservices.beans.LookupServiceBeanTest.testRetrieveAllCompanies_Failure2(LookupServiceBeanTest.java:2251)
	at sun.reflect.NativeMethodAccessorImpl.invoke0(Native Method)
	at sun.reflect.NativeMethodAccessorImpl.invoke(NativeMethodAccessorImpl.java:39)
	at sun.reflect.DelegatingMethodAccessorImpl.invoke(DelegatingMethodAccessorImpl.java:25)
	at java.lang.reflect.Method.invoke(Method.java:585)
	at junit.framework.TestCase.runTest(TestCase.java:164)
	at junit.framework.TestCase.runBare(TestCase.java:130)
	at junit.framework.TestResult$1.protect(TestResult.java:106)
	at junit.framework.TestResult.runProtected(TestResult.java:124)
	at junit.framework.TestResult.run(TestResult.java:109)
	at junit.framework.TestCase.run(TestCase.java:120)
	at junit.framework.TestSuite.runTest(TestSuite.java:230)
	at junit.framework.TestSuite.run(TestSuite.java:225)
	at junit.framework.TestSuite.runTest(TestSuite.java:230)
	at junit.framework.TestSuite.run(TestSuite.java:225)
	at junit.framework.TestSuite.runTest(TestSuite.java:230)
	at junit.framework.TestSuite.run(TestSuite.java:225)
	at org.apache.tools.ant.taskdefs.optional.junit.JUnitTestRunner.run(JUnitTestRunner.java:421)
	at org.apache.tools.ant.taskdefs.optional.junit.JUnitTestRunner.launch(JUnitTestRunner.java:912)
	at org.apache.tools.ant.taskdefs.optional.junit.JUnitTestRunner.main(JUnitTestRunner.java:766)
Exit from method [LookupServiceBean#retrieveAllCompanies]. Time spent: 1 ms. Return value: null
Enter into method [LookupServiceBean#retrieveAllCompanies]. Entrance timestamp: 1221394868708
Test exception
com.topcoder.clients.manager.CompanyManagerException: Test exception
	at com.topcoder.clients.webservices.beans.CompanyManagerMock.checkFail(CompanyManagerMock.java:220)
	at com.topcoder.clients.webservices.beans.CompanyManagerMock.retrieveAllCompanies(CompanyManagerMock.java:129)
	at com.topcoder.clients.webservices.beans.LookupServiceBean.retrieveAllCompanies(LookupServiceBean.java:1269)
	at com.topcoder.clients.webservices.beans.LookupServiceBeanTest.testRetrieveAllCompanies_Failure3(LookupServiceBeanTest.java:2275)
	at sun.reflect.NativeMethodAccessorImpl.invoke0(Native Method)
	at sun.reflect.NativeMethodAccessorImpl.invoke(NativeMethodAccessorImpl.java:39)
	at sun.reflect.DelegatingMethodAccessorImpl.invoke(DelegatingMethodAccessorImpl.java:25)
	at java.lang.reflect.Method.invoke(Method.java:585)
	at junit.framework.TestCase.runTest(TestCase.java:164)
	at junit.framework.TestCase.runBare(TestCase.java:130)
	at junit.framework.TestResult$1.protect(TestResult.java:106)
	at junit.framework.TestResult.runProtected(TestResult.java:124)
	at junit.framework.TestResult.run(TestResult.java:109)
	at junit.framework.TestCase.run(TestCase.java:120)
	at junit.framework.TestSuite.runTest(TestSuite.java:230)
	at junit.framework.TestSuite.run(TestSuite.java:225)
	at junit.framework.TestSuite.runTest(TestSuite.java:230)
	at junit.framework.TestSuite.run(TestSuite.java:225)
	at junit.framework.TestSuite.runTest(TestSuite.java:230)
	at junit.framework.TestSuite.run(TestSuite.java:225)
	at org.apache.tools.ant.taskdefs.optional.junit.JUnitTestRunner.run(JUnitTestRunner.java:421)
	at org.apache.tools.ant.taskdefs.optional.junit.JUnitTestRunner.launch(JUnitTestRunner.java:912)
	at org.apache.tools.ant.taskdefs.optional.junit.JUnitTestRunner.main(JUnitTestRunner.java:766)
Exit from method [LookupServiceBean#retrieveAllCompanies]. Time spent: 1 ms. Return value: null
Enter into method [LookupServiceBean#searchCompaniesByName]. Argument info: test. Entrance timestamp: 1221394868937
Exit from method [LookupServiceBean#searchCompaniesByName]. Time spent: 0 ms. Return value: [[ id=15 name=null passcode=null isDeleted=false] [ id=17 name=null passcode=null isDeleted=false]]
Enter into method [LookupServiceBean#searchCompaniesByName]. Entrance timestamp: 1221394869164
Parameter [name] should not be null or empty.
java.lang.IllegalArgumentException: Parameter [name] should not be null or empty.
	at com.topcoder.clients.webservices.Util.checkNullOrEmpty(Util.java:119)
	at com.topcoder.clients.webservices.beans.LookupServiceBean.searchCompaniesByName(LookupServiceBean.java:1307)
	at com.topcoder.clients.webservices.beans.LookupServiceBeanTest.testSearchCompaniesByName_Failure1(LookupServiceBeanTest.java:2313)
	at sun.reflect.NativeMethodAccessorImpl.invoke0(Native Method)
	at sun.reflect.NativeMethodAccessorImpl.invoke(NativeMethodAccessorImpl.java:39)
	at sun.reflect.DelegatingMethodAccessorImpl.invoke(DelegatingMethodAccessorImpl.java:25)
	at java.lang.reflect.Method.invoke(Method.java:585)
	at junit.framework.TestCase.runTest(TestCase.java:164)
	at junit.framework.TestCase.runBare(TestCase.java:130)
	at junit.framework.TestResult$1.protect(TestResult.java:106)
	at junit.framework.TestResult.runProtected(TestResult.java:124)
	at junit.framework.TestResult.run(TestResult.java:109)
	at junit.framework.TestCase.run(TestCase.java:120)
	at junit.framework.TestSuite.runTest(TestSuite.java:230)
	at junit.framework.TestSuite.run(TestSuite.java:225)
	at junit.framework.TestSuite.runTest(TestSuite.java:230)
	at junit.framework.TestSuite.run(TestSuite.java:225)
	at junit.framework.TestSuite.runTest(TestSuite.java:230)
	at junit.framework.TestSuite.run(TestSuite.java:225)
	at org.apache.tools.ant.taskdefs.optional.junit.JUnitTestRunner.run(JUnitTestRunner.java:421)
	at org.apache.tools.ant.taskdefs.optional.junit.JUnitTestRunner.launch(JUnitTestRunner.java:912)
	at org.apache.tools.ant.taskdefs.optional.junit.JUnitTestRunner.main(JUnitTestRunner.java:766)
Exit from method [LookupServiceBean#searchCompaniesByName]. Time spent: 0 ms. Return value: null
Enter into method [LookupServiceBean#searchCompaniesByName]. Argument info: test. Entrance timestamp: 1221394869368
Resource [companyManager] should not be null.
java.lang.IllegalStateException: Resource [companyManager] should not be null.
	at com.topcoder.clients.webservices.Util.checkResource(Util.java:227)
	at com.topcoder.clients.webservices.beans.LookupServiceBean.searchCompaniesByName(LookupServiceBean.java:1308)
	at com.topcoder.clients.webservices.beans.LookupServiceBeanTest.testSearchCompaniesByName_Failure2(LookupServiceBeanTest.java:2337)
	at sun.reflect.NativeMethodAccessorImpl.invoke0(Native Method)
	at sun.reflect.NativeMethodAccessorImpl.invoke(NativeMethodAccessorImpl.java:39)
	at sun.reflect.DelegatingMethodAccessorImpl.invoke(DelegatingMethodAccessorImpl.java:25)
	at java.lang.reflect.Method.invoke(Method.java:585)
	at junit.framework.TestCase.runTest(TestCase.java:164)
	at junit.framework.TestCase.runBare(TestCase.java:130)
	at junit.framework.TestResult$1.protect(TestResult.java:106)
	at junit.framework.TestResult.runProtected(TestResult.java:124)
	at junit.framework.TestResult.run(TestResult.java:109)
	at junit.framework.TestCase.run(TestCase.java:120)
	at junit.framework.TestSuite.runTest(TestSuite.java:230)
	at junit.framework.TestSuite.run(TestSuite.java:225)
	at junit.framework.TestSuite.runTest(TestSuite.java:230)
	at junit.framework.TestSuite.run(TestSuite.java:225)
	at junit.framework.TestSuite.runTest(TestSuite.java:230)
	at junit.framework.TestSuite.run(TestSuite.java:225)
	at org.apache.tools.ant.taskdefs.optional.junit.JUnitTestRunner.run(JUnitTestRunner.java:421)
	at org.apache.tools.ant.taskdefs.optional.junit.JUnitTestRunner.launch(JUnitTestRunner.java:912)
	at org.apache.tools.ant.taskdefs.optional.junit.JUnitTestRunner.main(JUnitTestRunner.java:766)
Exit from method [LookupServiceBean#searchCompaniesByName]. Time spent: 0 ms. Return value: null
Enter into method [LookupServiceBean#searchCompaniesByName]. Argument info: test. Entrance timestamp: 1221394869597
User isn't authenticated to perform [searchCompaniesByName] operation.
com.topcoder.clients.webservices.beans.AuthorizationFailedException: User isn't authenticated to perform [searchCompaniesByName] operation.
	at com.topcoder.clients.webservices.beans.LookupServiceBean.authenticationCheck(LookupServiceBean.java:1571)
	at com.topcoder.clients.webservices.beans.LookupServiceBean.searchCompaniesByName(LookupServiceBean.java:1312)
	at com.topcoder.clients.webservices.beans.LookupServiceBeanTest.testSearchCompaniesByName_Failure3(LookupServiceBeanTest.java:2361)
	at sun.reflect.NativeMethodAccessorImpl.invoke0(Native Method)
	at sun.reflect.NativeMethodAccessorImpl.invoke(NativeMethodAccessorImpl.java:39)
	at sun.reflect.DelegatingMethodAccessorImpl.invoke(DelegatingMethodAccessorImpl.java:25)
	at java.lang.reflect.Method.invoke(Method.java:585)
	at junit.framework.TestCase.runTest(TestCase.java:164)
	at junit.framework.TestCase.runBare(TestCase.java:130)
	at junit.framework.TestResult$1.protect(TestResult.java:106)
	at junit.framework.TestResult.runProtected(TestResult.java:124)
	at junit.framework.TestResult.run(TestResult.java:109)
	at junit.framework.TestCase.run(TestCase.java:120)
	at junit.framework.TestSuite.runTest(TestSuite.java:230)
	at junit.framework.TestSuite.run(TestSuite.java:225)
	at junit.framework.TestSuite.runTest(TestSuite.java:230)
	at junit.framework.TestSuite.run(TestSuite.java:225)
	at junit.framework.TestSuite.runTest(TestSuite.java:230)
	at junit.framework.TestSuite.run(TestSuite.java:225)
	at org.apache.tools.ant.taskdefs.optional.junit.JUnitTestRunner.run(JUnitTestRunner.java:421)
	at org.apache.tools.ant.taskdefs.optional.junit.JUnitTestRunner.launch(JUnitTestRunner.java:912)
	at org.apache.tools.ant.taskdefs.optional.junit.JUnitTestRunner.main(JUnitTestRunner.java:766)
Exit from method [LookupServiceBean#searchCompaniesByName]. Time spent: 0 ms. Return value: null
Enter into method [LookupServiceBean#searchCompaniesByName]. Argument info: test. Entrance timestamp: 1221394869803
Test exception
com.topcoder.clients.manager.CompanyManagerException: Test exception
	at com.topcoder.clients.webservices.beans.CompanyManagerMock.checkFail(CompanyManagerMock.java:220)
	at com.topcoder.clients.webservices.beans.CompanyManagerMock.retrieveAllCompanies(CompanyManagerMock.java:129)
	at com.topcoder.clients.webservices.beans.CompanyManagerMock.searchCompaniesByName(CompanyManagerMock.java:189)
	at com.topcoder.clients.webservices.beans.LookupServiceBean.searchCompaniesByName(LookupServiceBean.java:1315)
	at com.topcoder.clients.webservices.beans.LookupServiceBeanTest.testSearchCompaniesByName_Failure4(LookupServiceBeanTest.java:2385)
	at sun.reflect.NativeMethodAccessorImpl.invoke0(Native Method)
	at sun.reflect.NativeMethodAccessorImpl.invoke(NativeMethodAccessorImpl.java:39)
	at sun.reflect.DelegatingMethodAccessorImpl.invoke(DelegatingMethodAccessorImpl.java:25)
	at java.lang.reflect.Method.invoke(Method.java:585)
	at junit.framework.TestCase.runTest(TestCase.java:164)
	at junit.framework.TestCase.runBare(TestCase.java:130)
	at junit.framework.TestResult$1.protect(TestResult.java:106)
	at junit.framework.TestResult.runProtected(TestResult.java:124)
	at junit.framework.TestResult.run(TestResult.java:109)
	at junit.framework.TestCase.run(TestCase.java:120)
	at junit.framework.TestSuite.runTest(TestSuite.java:230)
	at junit.framework.TestSuite.run(TestSuite.java:225)
	at junit.framework.TestSuite.runTest(TestSuite.java:230)
	at junit.framework.TestSuite.run(TestSuite.java:225)
	at junit.framework.TestSuite.runTest(TestSuite.java:230)
	at junit.framework.TestSuite.run(TestSuite.java:225)
	at org.apache.tools.ant.taskdefs.optional.junit.JUnitTestRunner.run(JUnitTestRunner.java:421)
	at org.apache.tools.ant.taskdefs.optional.junit.JUnitTestRunner.launch(JUnitTestRunner.java:912)
	at org.apache.tools.ant.taskdefs.optional.junit.JUnitTestRunner.main(JUnitTestRunner.java:766)
Exit from method [LookupServiceBean#searchCompaniesByName]. Time spent: 0 ms. Return value: null
Enter into method [LookupServiceBean#searchCompanies]. Argument info: com.topcoder.search.builder.filter.NullFilter@a3a288. Entrance timestamp: 1221394870030
Exit from method [LookupServiceBean#searchCompanies]. Time spent: 0 ms. Return value: [[ id=15 name=null passcode=null isDeleted=false] [ id=17 name=null passcode=null isDeleted=false]]
Enter into method [LookupServiceBean#searchCompanies]. Argument info: null. Entrance timestamp: 1221394870237
Parameter [filter] should not be null.
java.lang.IllegalArgumentException: Parameter [filter] should not be null.
	at com.topcoder.clients.webservices.Util.checkNullWithLog(Util.java:98)
	at com.topcoder.clients.webservices.beans.LookupServiceBean.searchCompanies(LookupServiceBean.java:1354)
	at com.topcoder.clients.webservices.beans.LookupServiceBeanTest.testSearchCompanies_Failure1(LookupServiceBeanTest.java:2423)
	at sun.reflect.NativeMethodAccessorImpl.invoke0(Native Method)
	at sun.reflect.NativeMethodAccessorImpl.invoke(NativeMethodAccessorImpl.java:39)
	at sun.reflect.DelegatingMethodAccessorImpl.invoke(DelegatingMethodAccessorImpl.java:25)
	at java.lang.reflect.Method.invoke(Method.java:585)
	at junit.framework.TestCase.runTest(TestCase.java:164)
	at junit.framework.TestCase.runBare(TestCase.java:130)
	at junit.framework.TestResult$1.protect(TestResult.java:106)
	at junit.framework.TestResult.runProtected(TestResult.java:124)
	at junit.framework.TestResult.run(TestResult.java:109)
	at junit.framework.TestCase.run(TestCase.java:120)
	at junit.framework.TestSuite.runTest(TestSuite.java:230)
	at junit.framework.TestSuite.run(TestSuite.java:225)
	at junit.framework.TestSuite.runTest(TestSuite.java:230)
	at junit.framework.TestSuite.run(TestSuite.java:225)
	at junit.framework.TestSuite.runTest(TestSuite.java:230)
	at junit.framework.TestSuite.run(TestSuite.java:225)
	at org.apache.tools.ant.taskdefs.optional.junit.JUnitTestRunner.run(JUnitTestRunner.java:421)
	at org.apache.tools.ant.taskdefs.optional.junit.JUnitTestRunner.launch(JUnitTestRunner.java:912)
	at org.apache.tools.ant.taskdefs.optional.junit.JUnitTestRunner.main(JUnitTestRunner.java:766)
Exit from method [LookupServiceBean#searchCompanies]. Time spent: 0 ms. Return value: null
Enter into method [LookupServiceBean#searchCompanies]. Argument info: com.topcoder.search.builder.filter.NullFilter@15fea73. Entrance timestamp: 1221394870443
Resource [companyManager] should not be null.
java.lang.IllegalStateException: Resource [companyManager] should not be null.
	at com.topcoder.clients.webservices.Util.checkResource(Util.java:227)
	at com.topcoder.clients.webservices.beans.LookupServiceBean.searchCompanies(LookupServiceBean.java:1355)
	at com.topcoder.clients.webservices.beans.LookupServiceBeanTest.testSearchCompanies_Failure2(LookupServiceBeanTest.java:2447)
	at sun.reflect.NativeMethodAccessorImpl.invoke0(Native Method)
	at sun.reflect.NativeMethodAccessorImpl.invoke(NativeMethodAccessorImpl.java:39)
	at sun.reflect.DelegatingMethodAccessorImpl.invoke(DelegatingMethodAccessorImpl.java:25)
	at java.lang.reflect.Method.invoke(Method.java:585)
	at junit.framework.TestCase.runTest(TestCase.java:164)
	at junit.framework.TestCase.runBare(TestCase.java:130)
	at junit.framework.TestResult$1.protect(TestResult.java:106)
	at junit.framework.TestResult.runProtected(TestResult.java:124)
	at junit.framework.TestResult.run(TestResult.java:109)
	at junit.framework.TestCase.run(TestCase.java:120)
	at junit.framework.TestSuite.runTest(TestSuite.java:230)
	at junit.framework.TestSuite.run(TestSuite.java:225)
	at junit.framework.TestSuite.runTest(TestSuite.java:230)
	at junit.framework.TestSuite.run(TestSuite.java:225)
	at junit.framework.TestSuite.runTest(TestSuite.java:230)
	at junit.framework.TestSuite.run(TestSuite.java:225)
	at org.apache.tools.ant.taskdefs.optional.junit.JUnitTestRunner.run(JUnitTestRunner.java:421)
	at org.apache.tools.ant.taskdefs.optional.junit.JUnitTestRunner.launch(JUnitTestRunner.java:912)
	at org.apache.tools.ant.taskdefs.optional.junit.JUnitTestRunner.main(JUnitTestRunner.java:766)
Exit from method [LookupServiceBean#searchCompanies]. Time spent: 0 ms. Return value: null
Enter into method [LookupServiceBean#searchCompanies]. Argument info: com.topcoder.search.builder.filter.NullFilter@c7e580. Entrance timestamp: 1221394870673
User isn't authenticated to perform [searchCompanies] operation.
com.topcoder.clients.webservices.beans.AuthorizationFailedException: User isn't authenticated to perform [searchCompanies] operation.
	at com.topcoder.clients.webservices.beans.LookupServiceBean.authenticationCheck(LookupServiceBean.java:1571)
	at com.topcoder.clients.webservices.beans.LookupServiceBean.searchCompanies(LookupServiceBean.java:1359)
	at com.topcoder.clients.webservices.beans.LookupServiceBeanTest.testSearchCompanies_Failure3(LookupServiceBeanTest.java:2471)
	at sun.reflect.NativeMethodAccessorImpl.invoke0(Native Method)
	at sun.reflect.NativeMethodAccessorImpl.invoke(NativeMethodAccessorImpl.java:39)
	at sun.reflect.DelegatingMethodAccessorImpl.invoke(DelegatingMethodAccessorImpl.java:25)
	at java.lang.reflect.Method.invoke(Method.java:585)
	at junit.framework.TestCase.runTest(TestCase.java:164)
	at junit.framework.TestCase.runBare(TestCase.java:130)
	at junit.framework.TestResult$1.protect(TestResult.java:106)
	at junit.framework.TestResult.runProtected(TestResult.java:124)
	at junit.framework.TestResult.run(TestResult.java:109)
	at junit.framework.TestCase.run(TestCase.java:120)
	at junit.framework.TestSuite.runTest(TestSuite.java:230)
	at junit.framework.TestSuite.run(TestSuite.java:225)
	at junit.framework.TestSuite.runTest(TestSuite.java:230)
	at junit.framework.TestSuite.run(TestSuite.java:225)
	at junit.framework.TestSuite.runTest(TestSuite.java:230)
	at junit.framework.TestSuite.run(TestSuite.java:225)
	at org.apache.tools.ant.taskdefs.optional.junit.JUnitTestRunner.run(JUnitTestRunner.java:421)
	at org.apache.tools.ant.taskdefs.optional.junit.JUnitTestRunner.launch(JUnitTestRunner.java:912)
	at org.apache.tools.ant.taskdefs.optional.junit.JUnitTestRunner.main(JUnitTestRunner.java:766)
Exit from method [LookupServiceBean#searchCompanies]. Time spent: 0 ms. Return value: null
Enter into method [LookupServiceBean#searchCompanies]. Argument info: com.topcoder.search.builder.filter.NullFilter@1cf4b61. Entrance timestamp: 1221394870902
Test exception
com.topcoder.clients.manager.CompanyManagerException: Test exception
	at com.topcoder.clients.webservices.beans.CompanyManagerMock.checkFail(CompanyManagerMock.java:220)
	at com.topcoder.clients.webservices.beans.CompanyManagerMock.retrieveAllCompanies(CompanyManagerMock.java:129)
	at com.topcoder.clients.webservices.beans.CompanyManagerMock.searchCompanies(CompanyManagerMock.java:174)
	at com.topcoder.clients.webservices.beans.LookupServiceBean.searchCompanies(LookupServiceBean.java:1362)
	at com.topcoder.clients.webservices.beans.LookupServiceBeanTest.testSearchCompanies_Failure4(LookupServiceBeanTest.java:2495)
	at sun.reflect.NativeMethodAccessorImpl.invoke0(Native Method)
	at sun.reflect.NativeMethodAccessorImpl.invoke(NativeMethodAccessorImpl.java:39)
	at sun.reflect.DelegatingMethodAccessorImpl.invoke(DelegatingMethodAccessorImpl.java:25)
	at java.lang.reflect.Method.invoke(Method.java:585)
	at junit.framework.TestCase.runTest(TestCase.java:164)
	at junit.framework.TestCase.runBare(TestCase.java:130)
	at junit.framework.TestResult$1.protect(TestResult.java:106)
	at junit.framework.TestResult.runProtected(TestResult.java:124)
	at junit.framework.TestResult.run(TestResult.java:109)
	at junit.framework.TestCase.run(TestCase.java:120)
	at junit.framework.TestSuite.runTest(TestSuite.java:230)
	at junit.framework.TestSuite.run(TestSuite.java:225)
	at junit.framework.TestSuite.runTest(TestSuite.java:230)
	at junit.framework.TestSuite.run(TestSuite.java:225)
	at junit.framework.TestSuite.runTest(TestSuite.java:230)
	at junit.framework.TestSuite.run(TestSuite.java:225)
	at org.apache.tools.ant.taskdefs.optional.junit.JUnitTestRunner.run(JUnitTestRunner.java:421)
	at org.apache.tools.ant.taskdefs.optional.junit.JUnitTestRunner.launch(JUnitTestRunner.java:912)
	at org.apache.tools.ant.taskdefs.optional.junit.JUnitTestRunner.main(JUnitTestRunner.java:766)
Exit from method [LookupServiceBean#searchCompanies]. Time spent: 0 ms. Return value: null
Enter into method [LookupServiceBean#getClientsForCompany]. Argument info: [ id=0 name=null passcode=null isDeleted=false]. Entrance timestamp: 1221394871108
Exit from method [LookupServiceBean#getClientsForCompany]. Time spent: 0 ms. Return value: [[ id=5 name=Jack codeName=null salesTax=0.0 isDeleted=false company=null clientStatus=null] [ id=7 name=Jack codeName=null salesTax=0.0 isDeleted=false company=null clientStatus=null]]
Enter into method [LookupServiceBean#getClientsForCompany]. Argument info: [ id=0 name=null passcode=null isDeleted=false]. Entrance timestamp: 1221394871108
Exit from method [LookupServiceBean#getClientsForCompany]. Time spent: 0 ms. Return value: [[ id=5 name=Jack codeName=null salesTax=0.0 isDeleted=false company=null clientStatus=null] [ id=7 name=Jack codeName=null salesTax=0.0 isDeleted=false company=null clientStatus=null] [ id=0 name=null codeName=null salesTax=0.0 isDeleted=false company=null clientStatus=null]]
Enter into method [LookupServiceBean#getClientsForCompany]. Argument info: null. Entrance timestamp: 1221394871337
Parameter [company] should not be null.
java.lang.IllegalArgumentException: Parameter [company] should not be null.
	at com.topcoder.clients.webservices.Util.checkNullWithLog(Util.java:98)
	at com.topcoder.clients.webservices.beans.LookupServiceBean.getClientsForCompany(LookupServiceBean.java:1401)
	at com.topcoder.clients.webservices.beans.LookupServiceBeanTest.testGetClientsForCompany_Failure1(LookupServiceBeanTest.java:2552)
	at sun.reflect.NativeMethodAccessorImpl.invoke0(Native Method)
	at sun.reflect.NativeMethodAccessorImpl.invoke(NativeMethodAccessorImpl.java:39)
	at sun.reflect.DelegatingMethodAccessorImpl.invoke(DelegatingMethodAccessorImpl.java:25)
	at java.lang.reflect.Method.invoke(Method.java:585)
	at junit.framework.TestCase.runTest(TestCase.java:164)
	at junit.framework.TestCase.runBare(TestCase.java:130)
	at junit.framework.TestResult$1.protect(TestResult.java:106)
	at junit.framework.TestResult.runProtected(TestResult.java:124)
	at junit.framework.TestResult.run(TestResult.java:109)
	at junit.framework.TestCase.run(TestCase.java:120)
	at junit.framework.TestSuite.runTest(TestSuite.java:230)
	at junit.framework.TestSuite.run(TestSuite.java:225)
	at junit.framework.TestSuite.runTest(TestSuite.java:230)
	at junit.framework.TestSuite.run(TestSuite.java:225)
	at junit.framework.TestSuite.runTest(TestSuite.java:230)
	at junit.framework.TestSuite.run(TestSuite.java:225)
	at org.apache.tools.ant.taskdefs.optional.junit.JUnitTestRunner.run(JUnitTestRunner.java:421)
	at org.apache.tools.ant.taskdefs.optional.junit.JUnitTestRunner.launch(JUnitTestRunner.java:912)
	at org.apache.tools.ant.taskdefs.optional.junit.JUnitTestRunner.main(JUnitTestRunner.java:766)
Exit from method [LookupServiceBean#getClientsForCompany]. Time spent: 1 ms. Return value: null
Enter into method [LookupServiceBean#getClientsForCompany]. Argument info: [ id=0 name=null passcode=null isDeleted=false]. Entrance timestamp: 1221394871543
Resource [companyManager] should not be null.
java.lang.IllegalStateException: Resource [companyManager] should not be null.
	at com.topcoder.clients.webservices.Util.checkResource(Util.java:227)
	at com.topcoder.clients.webservices.beans.LookupServiceBean.getClientsForCompany(LookupServiceBean.java:1402)
	at com.topcoder.clients.webservices.beans.LookupServiceBeanTest.testGetClientsForCompany_Failure2(LookupServiceBeanTest.java:2576)
	at sun.reflect.NativeMethodAccessorImpl.invoke0(Native Method)
	at sun.reflect.NativeMethodAccessorImpl.invoke(NativeMethodAccessorImpl.java:39)
	at sun.reflect.DelegatingMethodAccessorImpl.invoke(DelegatingMethodAccessorImpl.java:25)
	at java.lang.reflect.Method.invoke(Method.java:585)
	at junit.framework.TestCase.runTest(TestCase.java:164)
	at junit.framework.TestCase.runBare(TestCase.java:130)
	at junit.framework.TestResult$1.protect(TestResult.java:106)
	at junit.framework.TestResult.runProtected(TestResult.java:124)
	at junit.framework.TestResult.run(TestResult.java:109)
	at junit.framework.TestCase.run(TestCase.java:120)
	at junit.framework.TestSuite.runTest(TestSuite.java:230)
	at junit.framework.TestSuite.run(TestSuite.java:225)
	at junit.framework.TestSuite.runTest(TestSuite.java:230)
	at junit.framework.TestSuite.run(TestSuite.java:225)
	at junit.framework.TestSuite.runTest(TestSuite.java:230)
	at junit.framework.TestSuite.run(TestSuite.java:225)
	at org.apache.tools.ant.taskdefs.optional.junit.JUnitTestRunner.run(JUnitTestRunner.java:421)
	at org.apache.tools.ant.taskdefs.optional.junit.JUnitTestRunner.launch(JUnitTestRunner.java:912)
	at org.apache.tools.ant.taskdefs.optional.junit.JUnitTestRunner.main(JUnitTestRunner.java:766)
Exit from method [LookupServiceBean#getClientsForCompany]. Time spent: 0 ms. Return value: null
Enter into method [LookupServiceBean#getClientsForCompany]. Argument info: [ id=0 name=null passcode=null isDeleted=false]. Entrance timestamp: 1221394871774
User isn't authenticated to perform [getClientsForCompany] operation.
com.topcoder.clients.webservices.beans.AuthorizationFailedException: User isn't authenticated to perform [getClientsForCompany] operation.
	at com.topcoder.clients.webservices.beans.LookupServiceBean.authenticationCheck(LookupServiceBean.java:1571)
	at com.topcoder.clients.webservices.beans.LookupServiceBean.getClientsForCompany(LookupServiceBean.java:1406)
	at com.topcoder.clients.webservices.beans.LookupServiceBeanTest.testGetClientsForCompany_Failure3(LookupServiceBeanTest.java:2600)
	at sun.reflect.NativeMethodAccessorImpl.invoke0(Native Method)
	at sun.reflect.NativeMethodAccessorImpl.invoke(NativeMethodAccessorImpl.java:39)
	at sun.reflect.DelegatingMethodAccessorImpl.invoke(DelegatingMethodAccessorImpl.java:25)
	at java.lang.reflect.Method.invoke(Method.java:585)
	at junit.framework.TestCase.runTest(TestCase.java:164)
	at junit.framework.TestCase.runBare(TestCase.java:130)
	at junit.framework.TestResult$1.protect(TestResult.java:106)
	at junit.framework.TestResult.runProtected(TestResult.java:124)
	at junit.framework.TestResult.run(TestResult.java:109)
	at junit.framework.TestCase.run(TestCase.java:120)
	at junit.framework.TestSuite.runTest(TestSuite.java:230)
	at junit.framework.TestSuite.run(TestSuite.java:225)
	at junit.framework.TestSuite.runTest(TestSuite.java:230)
	at junit.framework.TestSuite.run(TestSuite.java:225)
	at junit.framework.TestSuite.runTest(TestSuite.java:230)
	at junit.framework.TestSuite.run(TestSuite.java:225)
	at org.apache.tools.ant.taskdefs.optional.junit.JUnitTestRunner.run(JUnitTestRunner.java:421)
	at org.apache.tools.ant.taskdefs.optional.junit.JUnitTestRunner.launch(JUnitTestRunner.java:912)
	at org.apache.tools.ant.taskdefs.optional.junit.JUnitTestRunner.main(JUnitTestRunner.java:766)
Exit from method [LookupServiceBean#getClientsForCompany]. Time spent: 0 ms. Return value: null
Enter into method [LookupServiceBean#getClientsForCompany]. Argument info: [ id=0 name=null passcode=null isDeleted=false]. Entrance timestamp: 1221394871979
Test exception
com.topcoder.clients.manager.CompanyManagerException: Test exception
	at com.topcoder.clients.webservices.beans.CompanyManagerMock.checkFail(CompanyManagerMock.java:220)
	at com.topcoder.clients.webservices.beans.CompanyManagerMock.getClientsForCompany(CompanyManagerMock.java:91)
	at com.topcoder.clients.webservices.beans.LookupServiceBean.getClientsForCompany(LookupServiceBean.java:1409)
	at com.topcoder.clients.webservices.beans.LookupServiceBeanTest.testGetClientsForCompany_Failure4(LookupServiceBeanTest.java:2624)
	at sun.reflect.NativeMethodAccessorImpl.invoke0(Native Method)
	at sun.reflect.NativeMethodAccessorImpl.invoke(NativeMethodAccessorImpl.java:39)
	at sun.reflect.DelegatingMethodAccessorImpl.invoke(DelegatingMethodAccessorImpl.java:25)
	at java.lang.reflect.Method.invoke(Method.java:585)
	at junit.framework.TestCase.runTest(TestCase.java:164)
	at junit.framework.TestCase.runBare(TestCase.java:130)
	at junit.framework.TestResult$1.protect(TestResult.java:106)
	at junit.framework.TestResult.runProtected(TestResult.java:124)
	at junit.framework.TestResult.run(TestResult.java:109)
	at junit.framework.TestCase.run(TestCase.java:120)
	at junit.framework.TestSuite.runTest(TestSuite.java:230)
	at junit.framework.TestSuite.run(TestSuite.java:225)
	at junit.framework.TestSuite.runTest(TestSuite.java:230)
	at junit.framework.TestSuite.run(TestSuite.java:225)
	at junit.framework.TestSuite.runTest(TestSuite.java:230)
	at junit.framework.TestSuite.run(TestSuite.java:225)
	at org.apache.tools.ant.taskdefs.optional.junit.JUnitTestRunner.run(JUnitTestRunner.java:421)
	at org.apache.tools.ant.taskdefs.optional.junit.JUnitTestRunner.launch(JUnitTestRunner.java:912)
	at org.apache.tools.ant.taskdefs.optional.junit.JUnitTestRunner.main(JUnitTestRunner.java:766)
Exit from method [LookupServiceBean#getClientsForCompany]. Time spent: 1 ms. Return value: null
Enter into method [LookupServiceBean#getProjectsForCompany]. Argument info: [ id=0 name=null passcode=null isDeleted=false]. Entrance timestamp: 1221394872183
Exit from method [LookupServiceBean#getProjectsForCompany]. Time spent: 0 ms. Return value: [[ id=5 name=null description=null salesTax=0.0 client=null company=null childProjects=[]] [ id=7 name=null description=null salesTax=0.0 client=null company=null childProjects=[]]]
Enter into method [LookupServiceBean#getProjectsForCompany]. Argument info: [ id=0 name=null passcode=null isDeleted=false]. Entrance timestamp: 1221394872183
Exit from method [LookupServiceBean#getProjectsForCompany]. Time spent: 0 ms. Return value: [[ id=5 name=null description=null salesTax=0.0 client=null company=null childProjects=[]] [ id=7 name=null description=null salesTax=0.0 client=null company=null childProjects=[]] [ id=0 name=null description=null salesTax=0.0 client=null company=null childProjects=[]]]
Enter into method [LookupServiceBean#getProjectsForCompany]. Argument info: null. Entrance timestamp: 1221394872386
Parameter [company] should not be null.
java.lang.IllegalArgumentException: Parameter [company] should not be null.
	at com.topcoder.clients.webservices.Util.checkNullWithLog(Util.java:98)
	at com.topcoder.clients.webservices.beans.LookupServiceBean.getProjectsForCompany(LookupServiceBean.java:1451)
	at com.topcoder.clients.webservices.beans.LookupServiceBeanTest.testGetProjectsForCompany_Failure1(LookupServiceBeanTest.java:2680)
	at sun.reflect.NativeMethodAccessorImpl.invoke0(Native Method)
	at sun.reflect.NativeMethodAccessorImpl.invoke(NativeMethodAccessorImpl.java:39)
	at sun.reflect.DelegatingMethodAccessorImpl.invoke(DelegatingMethodAccessorImpl.java:25)
	at java.lang.reflect.Method.invoke(Method.java:585)
	at junit.framework.TestCase.runTest(TestCase.java:164)
	at junit.framework.TestCase.runBare(TestCase.java:130)
	at junit.framework.TestResult$1.protect(TestResult.java:106)
	at junit.framework.TestResult.runProtected(TestResult.java:124)
	at junit.framework.TestResult.run(TestResult.java:109)
	at junit.framework.TestCase.run(TestCase.java:120)
	at junit.framework.TestSuite.runTest(TestSuite.java:230)
	at junit.framework.TestSuite.run(TestSuite.java:225)
	at junit.framework.TestSuite.runTest(TestSuite.java:230)
	at junit.framework.TestSuite.run(TestSuite.java:225)
	at junit.framework.TestSuite.runTest(TestSuite.java:230)
	at junit.framework.TestSuite.run(TestSuite.java:225)
	at org.apache.tools.ant.taskdefs.optional.junit.JUnitTestRunner.run(JUnitTestRunner.java:421)
	at org.apache.tools.ant.taskdefs.optional.junit.JUnitTestRunner.launch(JUnitTestRunner.java:912)
	at org.apache.tools.ant.taskdefs.optional.junit.JUnitTestRunner.main(JUnitTestRunner.java:766)
Exit from method [LookupServiceBean#getProjectsForCompany]. Time spent: 0 ms. Return value: null
Enter into method [LookupServiceBean#getProjectsForCompany]. Argument info: [ id=0 name=null passcode=null isDeleted=false]. Entrance timestamp: 1221394872616
Resource [companyManager] should not be null.
java.lang.IllegalStateException: Resource [companyManager] should not be null.
	at com.topcoder.clients.webservices.Util.checkResource(Util.java:227)
	at com.topcoder.clients.webservices.beans.LookupServiceBean.getProjectsForCompany(LookupServiceBean.java:1452)
	at com.topcoder.clients.webservices.beans.LookupServiceBeanTest.testGetProjectsForCompany_Failure2(LookupServiceBeanTest.java:2704)
	at sun.reflect.NativeMethodAccessorImpl.invoke0(Native Method)
	at sun.reflect.NativeMethodAccessorImpl.invoke(NativeMethodAccessorImpl.java:39)
	at sun.reflect.DelegatingMethodAccessorImpl.invoke(DelegatingMethodAccessorImpl.java:25)
	at java.lang.reflect.Method.invoke(Method.java:585)
	at junit.framework.TestCase.runTest(TestCase.java:164)
	at junit.framework.TestCase.runBare(TestCase.java:130)
	at junit.framework.TestResult$1.protect(TestResult.java:106)
	at junit.framework.TestResult.runProtected(TestResult.java:124)
	at junit.framework.TestResult.run(TestResult.java:109)
	at junit.framework.TestCase.run(TestCase.java:120)
	at junit.framework.TestSuite.runTest(TestSuite.java:230)
	at junit.framework.TestSuite.run(TestSuite.java:225)
	at junit.framework.TestSuite.runTest(TestSuite.java:230)
	at junit.framework.TestSuite.run(TestSuite.java:225)
	at junit.framework.TestSuite.runTest(TestSuite.java:230)
	at junit.framework.TestSuite.run(TestSuite.java:225)
	at org.apache.tools.ant.taskdefs.optional.junit.JUnitTestRunner.run(JUnitTestRunner.java:421)
	at org.apache.tools.ant.taskdefs.optional.junit.JUnitTestRunner.launch(JUnitTestRunner.java:912)
	at org.apache.tools.ant.taskdefs.optional.junit.JUnitTestRunner.main(JUnitTestRunner.java:766)
Exit from method [LookupServiceBean#getProjectsForCompany]. Time spent: 0 ms. Return value: null
Enter into method [LookupServiceBean#getProjectsForCompany]. Argument info: [ id=0 name=null passcode=null isDeleted=false]. Entrance timestamp: 1221394872823
User isn't authenticated to perform [getProjectsForCompany] operation.
com.topcoder.clients.webservices.beans.AuthorizationFailedException: User isn't authenticated to perform [getProjectsForCompany] operation.
	at com.topcoder.clients.webservices.beans.LookupServiceBean.authenticationCheck(LookupServiceBean.java:1571)
	at com.topcoder.clients.webservices.beans.LookupServiceBean.getProjectsForCompany(LookupServiceBean.java:1456)
	at com.topcoder.clients.webservices.beans.LookupServiceBeanTest.testGetProjectsForCompany_Failure3(LookupServiceBeanTest.java:2728)
	at sun.reflect.NativeMethodAccessorImpl.invoke0(Native Method)
	at sun.reflect.NativeMethodAccessorImpl.invoke(NativeMethodAccessorImpl.java:39)
	at sun.reflect.DelegatingMethodAccessorImpl.invoke(DelegatingMethodAccessorImpl.java:25)
	at java.lang.reflect.Method.invoke(Method.java:585)
	at junit.framework.TestCase.runTest(TestCase.java:164)
	at junit.framework.TestCase.runBare(TestCase.java:130)
	at junit.framework.TestResult$1.protect(TestResult.java:106)
	at junit.framework.TestResult.runProtected(TestResult.java:124)
	at junit.framework.TestResult.run(TestResult.java:109)
	at junit.framework.TestCase.run(TestCase.java:120)
	at junit.framework.TestSuite.runTest(TestSuite.java:230)
	at junit.framework.TestSuite.run(TestSuite.java:225)
	at junit.framework.TestSuite.runTest(TestSuite.java:230)
	at junit.framework.TestSuite.run(TestSuite.java:225)
	at junit.framework.TestSuite.runTest(TestSuite.java:230)
	at junit.framework.TestSuite.run(TestSuite.java:225)
	at org.apache.tools.ant.taskdefs.optional.junit.JUnitTestRunner.run(JUnitTestRunner.java:421)
	at org.apache.tools.ant.taskdefs.optional.junit.JUnitTestRunner.launch(JUnitTestRunner.java:912)
	at org.apache.tools.ant.taskdefs.optional.junit.JUnitTestRunner.main(JUnitTestRunner.java:766)
Exit from method [LookupServiceBean#getProjectsForCompany]. Time spent: 0 ms. Return value: null
Enter into method [LookupServiceBean#getProjectsForCompany]. Argument info: [ id=0 name=null passcode=null isDeleted=false]. Entrance timestamp: 1221394873051
Test exception
com.topcoder.clients.manager.CompanyManagerException: Test exception
	at com.topcoder.clients.webservices.beans.CompanyManagerMock.checkFail(CompanyManagerMock.java:220)
	at com.topcoder.clients.webservices.beans.CompanyManagerMock.getProjectsForCompany(CompanyManagerMock.java:111)
	at com.topcoder.clients.webservices.beans.LookupServiceBean.getProjectsForCompany(LookupServiceBean.java:1459)
	at com.topcoder.clients.webservices.beans.LookupServiceBeanTest.testGetProjectsForCompany_Failure4(LookupServiceBeanTest.java:2752)
	at sun.reflect.NativeMethodAccessorImpl.invoke0(Native Method)
	at sun.reflect.NativeMethodAccessorImpl.invoke(NativeMethodAccessorImpl.java:39)
	at sun.reflect.DelegatingMethodAccessorImpl.invoke(DelegatingMethodAccessorImpl.java:25)
	at java.lang.reflect.Method.invoke(Method.java:585)
	at junit.framework.TestCase.runTest(TestCase.java:164)
	at junit.framework.TestCase.runBare(TestCase.java:130)
	at junit.framework.TestResult$1.protect(TestResult.java:106)
	at junit.framework.TestResult.runProtected(TestResult.java:124)
	at junit.framework.TestResult.run(TestResult.java:109)
	at junit.framework.TestCase.run(TestCase.java:120)
	at junit.framework.TestSuite.runTest(TestSuite.java:230)
	at junit.framework.TestSuite.run(TestSuite.java:225)
	at junit.framework.TestSuite.runTest(TestSuite.java:230)
	at junit.framework.TestSuite.run(TestSuite.java:225)
	at junit.framework.TestSuite.runTest(TestSuite.java:230)
	at junit.framework.TestSuite.run(TestSuite.java:225)
	at org.apache.tools.ant.taskdefs.optional.junit.JUnitTestRunner.run(JUnitTestRunner.java:421)
	at org.apache.tools.ant.taskdefs.optional.junit.JUnitTestRunner.launch(JUnitTestRunner.java:912)
	at org.apache.tools.ant.taskdefs.optional.junit.JUnitTestRunner.main(JUnitTestRunner.java:766)
Exit from method [LookupServiceBean#getProjectsForCompany]. Time spent: 0 ms. Return value: null
Parameter [testName] should not be null.
java.lang.IllegalArgumentException: Parameter [testName] should not be null.
	at com.topcoder.clients.webservices.Util.checkNullWithLog(Util.java:98)
	at com.topcoder.clients.webservices.UtilTest.testCheckNullWithLog_Failure(UtilTest.java:133)
	at sun.reflect.NativeMethodAccessorImpl.invoke0(Native Method)
	at sun.reflect.NativeMethodAccessorImpl.invoke(NativeMethodAccessorImpl.java:39)
	at sun.reflect.DelegatingMethodAccessorImpl.invoke(DelegatingMethodAccessorImpl.java:25)
	at java.lang.reflect.Method.invoke(Method.java:585)
	at junit.framework.TestCase.runTest(TestCase.java:164)
	at junit.framework.TestCase.runBare(TestCase.java:130)
	at junit.framework.TestResult$1.protect(TestResult.java:106)
	at junit.framework.TestResult.runProtected(TestResult.java:124)
	at junit.framework.TestResult.run(TestResult.java:109)
	at junit.framework.TestCase.run(TestCase.java:120)
	at junit.framework.TestSuite.runTest(TestSuite.java:230)
	at junit.framework.TestSuite.run(TestSuite.java:225)
	at junit.framework.TestSuite.runTest(TestSuite.java:230)
	at junit.framework.TestSuite.run(TestSuite.java:225)
	at junit.framework.TestSuite.runTest(TestSuite.java:230)
	at junit.framework.TestSuite.run(TestSuite.java:225)
	at org.apache.tools.ant.taskdefs.optional.junit.JUnitTestRunner.run(JUnitTestRunner.java:421)
	at org.apache.tools.ant.taskdefs.optional.junit.JUnitTestRunner.launch(JUnitTestRunner.java:912)
	at org.apache.tools.ant.taskdefs.optional.junit.JUnitTestRunner.main(JUnitTestRunner.java:766)
Parameter [testName] should not be null or empty.
java.lang.IllegalArgumentException: Parameter [testName] should not be null or empty.
	at com.topcoder.clients.webservices.Util.checkNullOrEmpty(Util.java:119)
	at com.topcoder.clients.webservices.UtilTest.testCheckNullOrEmpty_Failure(UtilTest.java:169)
	at sun.reflect.NativeMethodAccessorImpl.invoke0(Native Method)
	at sun.reflect.NativeMethodAccessorImpl.invoke(NativeMethodAccessorImpl.java:39)
	at sun.reflect.DelegatingMethodAccessorImpl.invoke(DelegatingMethodAccessorImpl.java:25)
	at java.lang.reflect.Method.invoke(Method.java:585)
	at junit.framework.TestCase.runTest(TestCase.java:164)
	at junit.framework.TestCase.runBare(TestCase.java:130)
	at junit.framework.TestResult$1.protect(TestResult.java:106)
	at junit.framework.TestResult.runProtected(TestResult.java:124)
	at junit.framework.TestResult.run(TestResult.java:109)
	at junit.framework.TestCase.run(TestCase.java:120)
	at junit.framework.TestSuite.runTest(TestSuite.java:230)
	at junit.framework.TestSuite.run(TestSuite.java:225)
	at junit.framework.TestSuite.runTest(TestSuite.java:230)
	at junit.framework.TestSuite.run(TestSuite.java:225)
	at junit.framework.TestSuite.runTest(TestSuite.java:230)
	at junit.framework.TestSuite.run(TestSuite.java:225)
	at org.apache.tools.ant.taskdefs.optional.junit.JUnitTestRunner.run(JUnitTestRunner.java:421)
	at org.apache.tools.ant.taskdefs.optional.junit.JUnitTestRunner.launch(JUnitTestRunner.java:912)
	at org.apache.tools.ant.taskdefs.optional.junit.JUnitTestRunner.main(JUnitTestRunner.java:766)
Parameter [name] should be positive but is [-17].
java.lang.IllegalArgumentException: Parameter [name] should be positive but is [-17].
	at com.topcoder.clients.webservices.Util.checkPositiveWithLog(Util.java:141)
	at com.topcoder.clients.webservices.UtilTest.testCheckPositiveWithLog_Failure1(UtilTest.java:205)
	at sun.reflect.NativeMethodAccessorImpl.invoke0(Native Method)
	at sun.reflect.NativeMethodAccessorImpl.invoke(NativeMethodAccessorImpl.java:39)
	at sun.reflect.DelegatingMethodAccessorImpl.invoke(DelegatingMethodAccessorImpl.java:25)
	at java.lang.reflect.Method.invoke(Method.java:585)
	at junit.framework.TestCase.runTest(TestCase.java:164)
	at junit.framework.TestCase.runBare(TestCase.java:130)
	at junit.framework.TestResult$1.protect(TestResult.java:106)
	at junit.framework.TestResult.runProtected(TestResult.java:124)
	at junit.framework.TestResult.run(TestResult.java:109)
	at junit.framework.TestCase.run(TestCase.java:120)
	at junit.framework.TestSuite.runTest(TestSuite.java:230)
	at junit.framework.TestSuite.run(TestSuite.java:225)
	at junit.framework.TestSuite.runTest(TestSuite.java:230)
	at junit.framework.TestSuite.run(TestSuite.java:225)
	at junit.framework.TestSuite.runTest(TestSuite.java:230)
	at junit.framework.TestSuite.run(TestSuite.java:225)
	at org.apache.tools.ant.taskdefs.optional.junit.JUnitTestRunner.run(JUnitTestRunner.java:421)
	at org.apache.tools.ant.taskdefs.optional.junit.JUnitTestRunner.launch(JUnitTestRunner.java:912)
	at org.apache.tools.ant.taskdefs.optional.junit.JUnitTestRunner.main(JUnitTestRunner.java:766)
Parameter [name] should be positive but is [0].
java.lang.IllegalArgumentException: Parameter [name] should be positive but is [0].
	at com.topcoder.clients.webservices.Util.checkPositiveWithLog(Util.java:141)
	at com.topcoder.clients.webservices.UtilTest.testCheckPositiveWithLog_Failure2(UtilTest.java:228)
	at sun.reflect.NativeMethodAccessorImpl.invoke0(Native Method)
	at sun.reflect.NativeMethodAccessorImpl.invoke(NativeMethodAccessorImpl.java:39)
	at sun.reflect.DelegatingMethodAccessorImpl.invoke(DelegatingMethodAccessorImpl.java:25)
	at java.lang.reflect.Method.invoke(Method.java:585)
	at junit.framework.TestCase.runTest(TestCase.java:164)
	at junit.framework.TestCase.runBare(TestCase.java:130)
	at junit.framework.TestResult$1.protect(TestResult.java:106)
	at junit.framework.TestResult.runProtected(TestResult.java:124)
	at junit.framework.TestResult.run(TestResult.java:109)
	at junit.framework.TestCase.run(TestCase.java:120)
	at junit.framework.TestSuite.runTest(TestSuite.java:230)
	at junit.framework.TestSuite.run(TestSuite.java:225)
	at junit.framework.TestSuite.runTest(TestSuite.java:230)
	at junit.framework.TestSuite.run(TestSuite.java:225)
	at junit.framework.TestSuite.runTest(TestSuite.java:230)
	at junit.framework.TestSuite.run(TestSuite.java:225)
	at org.apache.tools.ant.taskdefs.optional.junit.JUnitTestRunner.run(JUnitTestRunner.java:421)
	at org.apache.tools.ant.taskdefs.optional.junit.JUnitTestRunner.launch(JUnitTestRunner.java:912)
	at org.apache.tools.ant.taskdefs.optional.junit.JUnitTestRunner.main(JUnitTestRunner.java:766)
Resource [testName] should not be null.
java.lang.IllegalStateException: Resource [testName] should not be null.
	at com.topcoder.clients.webservices.Util.checkResource(Util.java:227)
	at com.topcoder.clients.webservices.UtilTest.testCheckResource_Failure(UtilTest.java:345)
	at sun.reflect.NativeMethodAccessorImpl.invoke0(Native Method)
	at sun.reflect.NativeMethodAccessorImpl.invoke(NativeMethodAccessorImpl.java:39)
	at sun.reflect.DelegatingMethodAccessorImpl.invoke(DelegatingMethodAccessorImpl.java:25)
	at java.lang.reflect.Method.invoke(Method.java:585)
	at junit.framework.TestCase.runTest(TestCase.java:164)
	at junit.framework.TestCase.runBare(TestCase.java:130)
	at junit.framework.TestResult$1.protect(TestResult.java:106)
	at junit.framework.TestResult.runProtected(TestResult.java:124)
	at junit.framework.TestResult.run(TestResult.java:109)
	at junit.framework.TestCase.run(TestCase.java:120)
	at junit.framework.TestSuite.runTest(TestSuite.java:230)
	at junit.framework.TestSuite.run(TestSuite.java:225)
	at junit.framework.TestSuite.runTest(TestSuite.java:230)
	at junit.framework.TestSuite.run(TestSuite.java:225)
	at junit.framework.TestSuite.runTest(TestSuite.java:230)
	at junit.framework.TestSuite.run(TestSuite.java:225)
	at org.apache.tools.ant.taskdefs.optional.junit.JUnitTestRunner.run(JUnitTestRunner.java:421)
	at org.apache.tools.ant.taskdefs.optional.junit.JUnitTestRunner.launch(JUnitTestRunner.java:912)
	at org.apache.tools.ant.taskdefs.optional.junit.JUnitTestRunner.main(JUnitTestRunner.java:766)
Enter into method [class#method]. Argument name: argument
Exit from method [class#method]
test
java.lang.IllegalArgumentException: test
	at com.topcoder.clients.webservices.UtilTest.testLogException_Accuracy(UtilTest.java:419)
	at sun.reflect.NativeMethodAccessorImpl.invoke0(Native Method)
	at sun.reflect.NativeMethodAccessorImpl.invoke(NativeMethodAccessorImpl.java:39)
	at sun.reflect.DelegatingMethodAccessorImpl.invoke(DelegatingMethodAccessorImpl.java:25)
	at java.lang.reflect.Method.invoke(Method.java:585)
	at junit.framework.TestCase.runTest(TestCase.java:164)
	at junit.framework.TestCase.runBare(TestCase.java:130)
	at junit.framework.TestResult$1.protect(TestResult.java:106)
	at junit.framework.TestResult.runProtected(TestResult.java:124)
	at junit.framework.TestResult.run(TestResult.java:109)
	at junit.framework.TestCase.run(TestCase.java:120)
	at junit.framework.TestSuite.runTest(TestSuite.java:230)
	at junit.framework.TestSuite.run(TestSuite.java:225)
	at junit.framework.TestSuite.runTest(TestSuite.java:230)
	at junit.framework.TestSuite.run(TestSuite.java:225)
	at junit.framework.TestSuite.runTest(TestSuite.java:230)
	at junit.framework.TestSuite.run(TestSuite.java:225)
	at org.apache.tools.ant.taskdefs.optional.junit.JUnitTestRunner.run(JUnitTestRunner.java:421)
	at org.apache.tools.ant.taskdefs.optional.junit.JUnitTestRunner.launch(JUnitTestRunner.java:912)
	at org.apache.tools.ant.taskdefs.optional.junit.JUnitTestRunner.main(JUnitTestRunner.java:766)
Enter into method [ProjectStatusServiceBean#createProjectStatus]. Argument name: status
Exit from method [ProjectStatusServiceBean#createProjectStatus]
Enter into method [ProjectStatusServiceBean#updateProjectStatus]. Argument name: status
Exit from method [ProjectStatusServiceBean#updateProjectStatus]
Enter into method [ProjectStatusServiceBean#deleteProjectStatus]. Argument name: status
Exit from method [ProjectStatusServiceBean#deleteProjectStatus]
Enter into method [ClientStatusServiceBean#createClientStatus]. Argument name: status
Exit from method [ClientStatusServiceBean#createClientStatus]
Enter into method [ClientStatusServiceBean#updateClientStatus]. Argument name: status
Exit from method [ClientStatusServiceBean#updateClientStatus]
Enter into method [ClientStatusServiceBean#deleteClientStatus]. Argument name: status
Exit from method [ClientStatusServiceBean#deleteClientStatus]
Enter into method [LookupServiceBean#retrieveClient]. Argument name: id
Exit from method [LookupServiceBean#retrieveClient]
Enter into method [LookupServiceBean#retrieveAllClients]
Exit from method [LookupServiceBean#retrieveAllClients]
Enter into method [LookupServiceBean#searchClientsByName]. Argument name: name
Exit from method [LookupServiceBean#searchClientsByName]
Enter into method [LookupServiceBean#searchClients]. Argument name: filter
Exit from method [LookupServiceBean#searchClients]
Enter into method [LookupServiceBean#getClientsForStatus]. Argument name: status
Exit from method [LookupServiceBean#getClientsForStatus]
Enter into method [ClientStatusServiceBean#createClientStatus]. Argument info: [ id=0 name=null description=Test entity isDeleted=false]. Entrance timestamp: 1221394881608
Exit from method [ClientStatusServiceBean#createClientStatus]. Time spent: 0 ms. Return value: [ id=0 name=null description=Test entity isDeleted=false]
Enter into method [ClientStatusServiceBean#createClientStatus]. Argument info: [ id=0 name=null description=Test entity isDeleted=false]. Entrance timestamp: 1221394881608
Exit from method [ClientStatusServiceBean#createClientStatus]. Time spent: 0 ms. Return value: [ id=0 name=null description=Test entity isDeleted=false]
Enter into method [ClientStatusServiceBean#deleteClientStatus]. Argument info: [ id=0 name=null description=Test entity isDeleted=false]. Entrance timestamp: 1221394881608
Exit from method [ClientStatusServiceBean#deleteClientStatus]. Time spent: 0 ms. Return value: [ id=0 name=null description=Test entity isDeleted=false]
Enter into method [ClientStatusServiceBean#deleteClientStatus]. Argument info: [ id=0 name=null description=Test entity isDeleted=false]. Entrance timestamp: 1221394881608
Exit from method [ClientStatusServiceBean#deleteClientStatus]. Time spent: 0 ms. Return value: [ id=0 name=null description=Test entity isDeleted=false]
Enter into method [ClientStatusServiceBean#createClientStatus]. Argument info: [ id=0 name=null description=Test entity isDeleted=false]. Entrance timestamp: 1221394881608
Exit from method [ClientStatusServiceBean#createClientStatus]. Time spent: 1 ms. Return value: [ id=0 name=null description=Test entity isDeleted=false]
Enter into method [ClientStatusServiceBean#deleteClientStatus]. Argument info: [ id=0 name=null description=Test entity isDeleted=false]. Entrance timestamp: 1221394881609
Exit from method [ClientStatusServiceBean#deleteClientStatus]. Time spent: 0 ms. Return value: [ id=0 name=null description=Test entity isDeleted=false]
Enter into method [ClientStatusServiceBean#createClientStatus]. Argument info: [ id=0 name=null description=Test entity isDeleted=false]. Entrance timestamp: 1221394881609
Exit from method [ClientStatusServiceBean#createClientStatus]. Time spent: 0 ms. Return value: [ id=0 name=null description=Test entity isDeleted=false]
Enter into method [ClientStatusServiceBean#createClientStatus]. Argument info: [ id=0 name=null description=Test entity isDeleted=false]. Entrance timestamp: 1221394881609
Exit from method [ClientStatusServiceBean#createClientStatus]. Time spent: 0 ms. Return value: [ id=0 name=null description=Test entity isDeleted=false]
Enter into method [ClientStatusServiceBean#createClientStatus]. Argument info: [ id=0 name=null description=Test entity isDeleted=false]. Entrance timestamp: 1221394881609
Exit from method [ClientStatusServiceBean#createClientStatus]. Time spent: 0 ms. Return value: [ id=0 name=null description=Test entity isDeleted=false]
Enter into method [ClientStatusServiceBean#updateClientStatus]. Argument info: [ id=0 name=null description=Test entity isDeleted=false]. Entrance timestamp: 1221394881609
Exit from method [ClientStatusServiceBean#updateClientStatus]. Time spent: 0 ms. Return value: [ id=0 name=null description=Test entity isDeleted=false]
Enter into method [ClientStatusServiceBean#deleteClientStatus]. Argument info: [ id=0 name=null description=Test entity isDeleted=false]. Entrance timestamp: 1221394881609
Exit from method [ClientStatusServiceBean#deleteClientStatus]. Time spent: 0 ms. Return value: [ id=0 name=null description=Test entity isDeleted=false]
Enter into method [ClientStatusServiceBean#createClientStatus]. Argument info: [ id=0 name=null description=Test entity isDeleted=false]. Entrance timestamp: 1221394881609
Exit from method [ClientStatusServiceBean#createClientStatus]. Time spent: 0 ms. Return value: [ id=0 name=null description=Test entity isDeleted=false]
Enter into method [ClientStatusServiceBean#createClientStatus]. Argument info: [ id=0 name=null description=Test entity isDeleted=false]. Entrance timestamp: 1221394881610
Exit from method [ClientStatusServiceBean#createClientStatus]. Time spent: 0 ms. Return value: [ id=0 name=null description=Test entity isDeleted=false]
Enter into method [ClientStatusServiceBean#createClientStatus]. Argument info: [ id=0 name=null description=Test entity isDeleted=false]. Entrance timestamp: 1221394881610
Exit from method [ClientStatusServiceBean#createClientStatus]. Time spent: 0 ms. Return value: [ id=0 name=null description=Test entity isDeleted=false]
Enter into method [ClientStatusServiceBean#createClientStatus]. Argument info: [ id=0 name=null description=Test entity isDeleted=false]. Entrance timestamp: 1221394881610
Exit from method [ClientStatusServiceBean#createClientStatus]. Time spent: 0 ms. Return value: [ id=0 name=null description=Test entity isDeleted=false]
Enter into method [ClientStatusServiceBean#updateClientStatus]. Argument info: [ id=0 name=null description=Test entity isDeleted=false]. Entrance timestamp: 1221394881610
Exit from method [ClientStatusServiceBean#updateClientStatus]. Time spent: 0 ms. Return value: [ id=0 name=null description=Test entity isDeleted=false]
Enter into method [ClientStatusServiceBean#createClientStatus]. Argument info: [ id=0 name=null description=Test entity isDeleted=false]. Entrance timestamp: 1221394881610
Exit from method [ClientStatusServiceBean#createClientStatus]. Time spent: 0 ms. Return value: [ id=0 name=null description=Test entity isDeleted=false]
Enter into method [ClientStatusServiceBean#deleteClientStatus]. Argument info: [ id=0 name=null description=Test entity isDeleted=false]. Entrance timestamp: 1221394881610
Exit from method [ClientStatusServiceBean#deleteClientStatus]. Time spent: 0 ms. Return value: [ id=0 name=null description=Test entity isDeleted=false]
Enter into method [ClientStatusServiceBean#updateClientStatus]. Argument info: [ id=0 name=null description=Test entity isDeleted=false]. Entrance timestamp: 1221394881610
Exit from method [ClientStatusServiceBean#updateClientStatus]. Time spent: 0 ms. Return value: [ id=0 name=null description=Test entity isDeleted=false]
Enter into method [ClientStatusServiceBean#createClientStatus]. Argument info: [ id=0 name=null description=Test entity isDeleted=false]. Entrance timestamp: 1221394881610
Exit from method [ClientStatusServiceBean#createClientStatus]. Time spent: 0 ms. Return value: [ id=0 name=null description=Test entity isDeleted=false]
Enter into method [ClientStatusServiceBean#deleteClientStatus]. Argument info: [ id=0 name=null description=Test entity isDeleted=false]. Entrance timestamp: 1221394881610
Exit from method [ClientStatusServiceBean#deleteClientStatus]. Time spent: 0 ms. Return value: [ id=0 name=null description=Test entity isDeleted=false]
Enter into method [ClientStatusServiceBean#createClientStatus]. Argument info: [ id=0 name=null description=Test entity isDeleted=false]. Entrance timestamp: 1221394881610
Exit from method [ClientStatusServiceBean#createClientStatus]. Time spent: 0 ms. Return value: [ id=0 name=null description=Test entity isDeleted=false]
Enter into method [ClientStatusServiceBean#createClientStatus]. Argument info: [ id=0 name=null description=Test entity isDeleted=false]. Entrance timestamp: 1221394881610
Exit from method [ClientStatusServiceBean#createClientStatus]. Time spent: 0 ms. Return value: [ id=0 name=null description=Test entity isDeleted=false]
Enter into method [ClientStatusServiceBean#deleteClientStatus]. Argument info: [ id=0 name=null description=Test entity isDeleted=false]. Entrance timestamp: 1221394881610
Exit from method [ClientStatusServiceBean#deleteClientStatus]. Time spent: 0 ms. Return value: [ id=0 name=null description=Test entity isDeleted=false]
Enter into method [ClientStatusServiceBean#updateClientStatus]. Argument info: [ id=0 name=null description=Test entity isDeleted=false]. Entrance timestamp: 1221394881610
Exit from method [ClientStatusServiceBean#updateClientStatus]. Time spent: 0 ms. Return value: [ id=0 name=null description=Test entity isDeleted=false]
Enter into method [ClientStatusServiceBean#updateClientStatus]. Argument info: [ id=0 name=null description=Test entity isDeleted=false]. Entrance timestamp: 1221394881610
Exit from method [ClientStatusServiceBean#updateClientStatus]. Time spent: 0 ms. Return value: [ id=0 name=null description=Test entity isDeleted=false]
Enter into method [ClientStatusServiceBean#createClientStatus]. Argument info: [ id=0 name=null description=Test entity isDeleted=false]. Entrance timestamp: 1221394881610
Exit from method [ClientStatusServiceBean#createClientStatus]. Time spent: 0 ms. Return value: [ id=0 name=null description=Test entity isDeleted=false]
Enter into method [ClientStatusServiceBean#deleteClientStatus]. Argument info: [ id=0 name=null description=Test entity isDeleted=false]. Entrance timestamp: 1221394881610
Exit from method [ClientStatusServiceBean#deleteClientStatus]. Time spent: 0 ms. Return value: [ id=0 name=null description=Test entity isDeleted=false]
Enter into method [ClientStatusServiceBean#deleteClientStatus]. Argument info: [ id=0 name=null description=Test entity isDeleted=false]. Entrance timestamp: 1221394881610
Exit from method [ClientStatusServiceBean#deleteClientStatus]. Time spent: 1 ms. Return value: [ id=0 name=null description=Test entity isDeleted=false]
Enter into method [ClientStatusServiceBean#updateClientStatus]. Argument info: [ id=0 name=null description=Test entity isDeleted=false]. Entrance timestamp: 1221394881611
Exit from method [ClientStatusServiceBean#updateClientStatus]. Time spent: 0 ms. Return value: [ id=0 name=null description=Test entity isDeleted=false]
Enter into method [ClientStatusServiceBean#updateClientStatus]. Argument info: [ id=0 name=null description=Test entity isDeleted=false]. Entrance timestamp: 1221394881611
Exit from method [ClientStatusServiceBean#updateClientStatus]. Time spent: 0 ms. Return value: [ id=0 name=null description=Test entity isDeleted=false]
Enter into method [ClientStatusServiceBean#createClientStatus]. Argument info: [ id=0 name=null description=Test entity isDeleted=false]. Entrance timestamp: 1221394881611
Exit from method [ClientStatusServiceBean#createClientStatus]. Time spent: 0 ms. Return value: [ id=0 name=null description=Test entity isDeleted=false]
Enter into method [ClientStatusServiceBean#updateClientStatus]. Argument info: [ id=0 name=null description=Test entity isDeleted=false]. Entrance timestamp: 1221394881611
Exit from method [ClientStatusServiceBean#updateClientStatus]. Time spent: 0 ms. Return value: [ id=0 name=null description=Test entity isDeleted=false]
Enter into method [ClientStatusServiceBean#createClientStatus]. Argument info: [ id=0 name=null description=Test entity isDeleted=false]. Entrance timestamp: 1221394881611
Exit from method [ClientStatusServiceBean#createClientStatus]. Time spent: 0 ms. Return value: [ id=0 name=null description=Test entity isDeleted=false]
Enter into method [ClientStatusServiceBean#deleteClientStatus]. Argument info: [ id=0 name=null description=Test entity isDeleted=false]. Entrance timestamp: 1221394881611
Exit from method [ClientStatusServiceBean#deleteClientStatus]. Time spent: 0 ms. Return value: [ id=0 name=null description=Test entity isDeleted=false]
Enter into method [ClientStatusServiceBean#updateClientStatus]. Argument info: [ id=0 name=null description=Test entity isDeleted=false]. Entrance timestamp: 1221394881611
Exit from method [ClientStatusServiceBean#updateClientStatus]. Time spent: 0 ms. Return value: [ id=0 name=null description=Test entity isDeleted=false]
Enter into method [ClientStatusServiceBean#createClientStatus]. Argument info: [ id=0 name=null description=Test entity isDeleted=false]. Entrance timestamp: 1221394881611
Exit from method [ClientStatusServiceBean#createClientStatus]. Time spent: 0 ms. Return value: [ id=0 name=null description=Test entity isDeleted=false]
Enter into method [ClientStatusServiceBean#deleteClientStatus]. Argument info: [ id=0 name=null description=Test entity isDeleted=false]. Entrance timestamp: 1221394881611
Exit from method [ClientStatusServiceBean#deleteClientStatus]. Time spent: 0 ms. Return value: [ id=0 name=null description=Test entity isDeleted=false]
Enter into method [ClientStatusServiceBean#updateClientStatus]. Argument info: [ id=0 name=null description=Test entity isDeleted=false]. Entrance timestamp: 1221394881611
Exit from method [ClientStatusServiceBean#updateClientStatus]. Time spent: 0 ms. Return value: [ id=0 name=null description=Test entity isDeleted=false]
Enter into method [ClientStatusServiceBean#deleteClientStatus]. Argument info: [ id=0 name=null description=Test entity isDeleted=false]. Entrance timestamp: 1221394881611
Exit from method [ClientStatusServiceBean#deleteClientStatus]. Time spent: 0 ms. Return value: [ id=0 name=null description=Test entity isDeleted=false]
Enter into method [ClientStatusServiceBean#deleteClientStatus]. Argument info: [ id=0 name=null description=Test entity isDeleted=false]. Entrance timestamp: 1221394881611
Exit from method [ClientStatusServiceBean#deleteClientStatus]. Time spent: 0 ms. Return value: [ id=0 name=null description=Test entity isDeleted=false]
Enter into method [ClientStatusServiceBean#updateClientStatus]. Argument info: [ id=0 name=null description=Test entity isDeleted=false]. Entrance timestamp: 1221394881611
Exit from method [ClientStatusServiceBean#updateClientStatus]. Time spent: 0 ms. Return value: [ id=0 name=null description=Test entity isDeleted=false]
Enter into method [ClientStatusServiceBean#createClientStatus]. Argument info: [ id=0 name=null description=Test entity isDeleted=false]. Entrance timestamp: 1221394881611
Exit from method [ClientStatusServiceBean#createClientStatus]. Time spent: 0 ms. Return value: [ id=0 name=null description=Test entity isDeleted=false]
Enter into method [ClientStatusServiceBean#deleteClientStatus]. Argument info: [ id=0 name=null description=Test entity isDeleted=false]. Entrance timestamp: 1221394881611
Exit from method [ClientStatusServiceBean#deleteClientStatus]. Time spent: 0 ms. Return value: [ id=0 name=null description=Test entity isDeleted=false]
Enter into method [ClientStatusServiceBean#createClientStatus]. Argument info: [ id=0 name=null description=Test entity isDeleted=false]. Entrance timestamp: 1221394881611
Exit from method [ClientStatusServiceBean#createClientStatus]. Time spent: 1 ms. Return value: [ id=0 name=null description=Test entity isDeleted=false]
Enter into method [ClientStatusServiceBean#deleteClientStatus]. Argument info: [ id=0 name=null description=Test entity isDeleted=false]. Entrance timestamp: 1221394881612
Exit from method [ClientStatusServiceBean#deleteClientStatus]. Time spent: 0 ms. Return value: [ id=0 name=null description=Test entity isDeleted=false]
Enter into method [ClientStatusServiceBean#deleteClientStatus]. Argument info: [ id=0 name=null description=Test entity isDeleted=false]. Entrance timestamp: 1221394881612
Exit from method [ClientStatusServiceBean#deleteClientStatus]. Time spent: 1 ms. Return value: [ id=0 name=null description=Test entity isDeleted=false]
Enter into method [ClientStatusServiceBean#createClientStatus]. Argument info: [ id=0 name=null description=Test entity isDeleted=false]. Entrance timestamp: 1221394881613
Exit from method [ClientStatusServiceBean#createClientStatus]. Time spent: 0 ms. Return value: [ id=0 name=null description=Test entity isDeleted=false]
Enter into method [ClientStatusServiceBean#updateClientStatus]. Argument info: [ id=0 name=null description=Test entity isDeleted=false]. Entrance timestamp: 1221394881613
Exit from method [ClientStatusServiceBean#updateClientStatus]. Time spent: 0 ms. Return value: [ id=0 name=null description=Test entity isDeleted=false]
Enter into method [ClientStatusServiceBean#deleteClientStatus]. Argument info: [ id=0 name=null description=Test entity isDeleted=false]. Entrance timestamp: 1221394881613
Exit from method [ClientStatusServiceBean#deleteClientStatus]. Time spent: 0 ms. Return value: [ id=0 name=null description=Test entity isDeleted=false]
Enter into method [ClientStatusServiceBean#createClientStatus]. Argument info: [ id=0 name=null description=Test entity isDeleted=false]. Entrance timestamp: 1221394881613
Exit from method [ClientStatusServiceBean#createClientStatus]. Time spent: 0 ms. Return value: [ id=0 name=null description=Test entity isDeleted=false]
Enter into method [ClientStatusServiceBean#updateClientStatus]. Argument info: [ id=0 name=null description=Test entity isDeleted=false]. Entrance timestamp: 1221394881613
Exit from method [ClientStatusServiceBean#updateClientStatus]. Time spent: 0 ms. Return value: [ id=0 name=null description=Test entity isDeleted=false]
Enter into method [ClientStatusServiceBean#deleteClientStatus]. Argument info: [ id=0 name=null description=Test entity isDeleted=false]. Entrance timestamp: 1221394881613
Exit from method [ClientStatusServiceBean#deleteClientStatus]. Time spent: 0 ms. Return value: [ id=0 name=null description=Test entity isDeleted=false]
Enter into method [ClientStatusServiceBean#createClientStatus]. Argument info: [ id=0 name=null description=Test entity isDeleted=false]. Entrance timestamp: 1221394881613
Exit from method [ClientStatusServiceBean#createClientStatus]. Time spent: 0 ms. Return value: [ id=0 name=null description=Test entity isDeleted=false]
Enter into method [ClientStatusServiceBean#createClientStatus]. Argument info: [ id=0 name=null description=Test entity isDeleted=false]. Entrance timestamp: 1221394881613
Exit from method [ClientStatusServiceBean#createClientStatus]. Time spent: 0 ms. Return value: [ id=0 name=null description=Test entity isDeleted=false]
Enter into method [ClientStatusServiceBean#deleteClientStatus]. Argument info: [ id=0 name=null description=Test entity isDeleted=false]. Entrance timestamp: 1221394881613
Exit from method [ClientStatusServiceBean#deleteClientStatus]. Time spent: 0 ms. Return value: [ id=0 name=null description=Test entity isDeleted=false]
Enter into method [ClientStatusServiceBean#deleteClientStatus]. Argument info: [ id=0 name=null description=Test entity isDeleted=false]. Entrance timestamp: 1221394881613
Exit from method [ClientStatusServiceBean#deleteClientStatus]. Time spent: 0 ms. Return value: [ id=0 name=null description=Test entity isDeleted=false]
Enter into method [ClientStatusServiceBean#deleteClientStatus]. Argument info: [ id=0 name=null description=Test entity isDeleted=false]. Entrance timestamp: 1221394881613
Exit from method [ClientStatusServiceBean#deleteClientStatus]. Time spent: 0 ms. Return value: [ id=0 name=null description=Test entity isDeleted=false]
Enter into method [ClientStatusServiceBean#deleteClientStatus]. Argument info: [ id=0 name=null description=Test entity isDeleted=false]. Entrance timestamp: 1221394881613
Exit from method [ClientStatusServiceBean#deleteClientStatus]. Time spent: 0 ms. Return value: [ id=0 name=null description=Test entity isDeleted=false]
Enter into method [ClientStatusServiceBean#updateClientStatus]. Argument info: [ id=0 name=null description=Test entity isDeleted=false]. Entrance timestamp: 1221394881613
Exit from method [ClientStatusServiceBean#updateClientStatus]. Time spent: 1 ms. Return value: [ id=0 name=null description=Test entity isDeleted=false]
Enter into method [ClientStatusServiceBean#deleteClientStatus]. Argument info: [ id=0 name=null description=Test entity isDeleted=false]. Entrance timestamp: 1221394881614
Exit from method [ClientStatusServiceBean#deleteClientStatus]. Time spent: 0 ms. Return value: [ id=0 name=null description=Test entity isDeleted=false]
Enter into method [ClientStatusServiceBean#deleteClientStatus]. Argument info: [ id=0 name=null description=Test entity isDeleted=false]. Entrance timestamp: 1221394881614
Exit from method [ClientStatusServiceBean#deleteClientStatus]. Time spent: 0 ms. Return value: [ id=0 name=null description=Test entity isDeleted=false]
Enter into method [ClientStatusServiceBean#createClientStatus]. Argument info: [ id=0 name=null description=Test entity isDeleted=false]. Entrance timestamp: 1221394881614
Exit from method [ClientStatusServiceBean#createClientStatus]. Time spent: 0 ms. Return value: [ id=0 name=null description=Test entity isDeleted=false]
Enter into method [ClientStatusServiceBean#deleteClientStatus]. Argument info: [ id=0 name=null description=Test entity isDeleted=false]. Entrance timestamp: 1221394881614
Exit from method [ClientStatusServiceBean#deleteClientStatus]. Time spent: 0 ms. Return value: [ id=0 name=null description=Test entity isDeleted=false]
Enter into method [ClientStatusServiceBean#createClientStatus]. Argument info: [ id=0 name=null description=Test entity isDeleted=false]. Entrance timestamp: 1221394881614
Exit from method [ClientStatusServiceBean#createClientStatus]. Time spent: 0 ms. Return value: [ id=0 name=null description=Test entity isDeleted=false]
Enter into method [ClientStatusServiceBean#updateClientStatus]. Argument info: [ id=0 name=null description=Test entity isDeleted=false]. Entrance timestamp: 1221394881614
Exit from method [ClientStatusServiceBean#updateClientStatus]. Time spent: 0 ms. Return value: [ id=0 name=null description=Test entity isDeleted=false]
Enter into method [ClientStatusServiceBean#updateClientStatus]. Argument info: [ id=0 name=null description=Test entity isDeleted=false]. Entrance timestamp: 1221394881614
Exit from method [ClientStatusServiceBean#updateClientStatus]. Time spent: 0 ms. Return value: [ id=0 name=null description=Test entity isDeleted=false]
Enter into method [ClientStatusServiceBean#deleteClientStatus]. Argument info: [ id=0 name=null description=Test entity isDeleted=false]. Entrance timestamp: 1221394881614
Exit from method [ClientStatusServiceBean#deleteClientStatus]. Time spent: 0 ms. Return value: [ id=0 name=null description=Test entity isDeleted=false]
Enter into method [ClientStatusServiceBean#createClientStatus]. Argument info: [ id=0 name=null description=Test entity isDeleted=false]. Entrance timestamp: 1221394881614
Exit from method [ClientStatusServiceBean#createClientStatus]. Time spent: 0 ms. Return value: [ id=0 name=null description=Test entity isDeleted=false]
Enter into method [ClientStatusServiceBean#createClientStatus]. Argument info: [ id=0 name=null description=Test entity isDeleted=false]. Entrance timestamp: 1221394881614
Exit from method [ClientStatusServiceBean#createClientStatus]. Time spent: 0 ms. Return value: [ id=0 name=null description=Test entity isDeleted=false]
Enter into method [ClientStatusServiceBean#updateClientStatus]. Argument info: [ id=0 name=null description=Test entity isDeleted=false]. Entrance timestamp: 1221394881614
Exit from method [ClientStatusServiceBean#updateClientStatus]. Time spent: 0 ms. Return value: [ id=0 name=null description=Test entity isDeleted=false]
Enter into method [ClientStatusServiceBean#updateClientStatus]. Argument info: [ id=0 name=null description=Test entity isDeleted=false]. Entrance timestamp: 1221394881614
Exit from method [ClientStatusServiceBean#updateClientStatus]. Time spent: 0 ms. Return value: [ id=0 name=null description=Test entity isDeleted=false]
Enter into method [ClientStatusServiceBean#updateClientStatus]. Argument info: [ id=0 name=null description=Test entity isDeleted=false]. Entrance timestamp: 1221394881614
Exit from method [ClientStatusServiceBean#updateClientStatus]. Time spent: 0 ms. Return value: [ id=0 name=null description=Test entity isDeleted=false]
Enter into method [ClientStatusServiceBean#updateClientStatus]. Argument info: [ id=0 name=null description=Test entity isDeleted=false]. Entrance timestamp: 1221394881614
Exit from method [ClientStatusServiceBean#updateClientStatus]. Time spent: 0 ms. Return value: [ id=0 name=null description=Test entity isDeleted=false]
Enter into method [ClientStatusServiceBean#createClientStatus]. Argument info: [ id=0 name=null description=Test entity isDeleted=false]. Entrance timestamp: 1221394881614
Exit from method [ClientStatusServiceBean#createClientStatus]. Time spent: 0 ms. Return value: [ id=0 name=null description=Test entity isDeleted=false]
Enter into method [ClientStatusServiceBean#updateClientStatus]. Argument info: [ id=0 name=null description=Test entity isDeleted=false]. Entrance timestamp: 1221394881614
Exit from method [ClientStatusServiceBean#updateClientStatus]. Time spent: 0 ms. Return value: [ id=0 name=null description=Test entity isDeleted=false]
Enter into method [ClientStatusServiceBean#updateClientStatus]. Argument info: [ id=0 name=null description=Test entity isDeleted=false]. Entrance timestamp: 1221394881615
Exit from method [ClientStatusServiceBean#updateClientStatus]. Time spent: 0 ms. Return value: [ id=0 name=null description=Test entity isDeleted=false]
Enter into method [ClientStatusServiceBean#deleteClientStatus]. Argument info: [ id=0 name=null description=Test entity isDeleted=false]. Entrance timestamp: 1221394881615
Exit from method [ClientStatusServiceBean#deleteClientStatus]. Time spent: 0 ms. Return value: [ id=0 name=null description=Test entity isDeleted=false]
Enter into method [ClientStatusServiceBean#updateClientStatus]. Argument info: [ id=0 name=null description=Test entity isDeleted=false]. Entrance timestamp: 1221394881615
Exit from method [ClientStatusServiceBean#updateClientStatus]. Time spent: 0 ms. Return value: [ id=0 name=null description=Test entity isDeleted=false]
Enter into method [ClientStatusServiceBean#updateClientStatus]. Argument info: [ id=0 name=null description=Test entity isDeleted=false]. Entrance timestamp: 1221394881615
Exit from method [ClientStatusServiceBean#updateClientStatus]. Time spent: 0 ms. Return value: [ id=0 name=null description=Test entity isDeleted=false]
Enter into method [ClientStatusServiceBean#createClientStatus]. Argument info: [ id=0 name=null description=Test entity isDeleted=false]. Entrance timestamp: 1221394881615
Exit from method [ClientStatusServiceBean#createClientStatus]. Time spent: 0 ms. Return value: [ id=0 name=null description=Test entity isDeleted=false]
Enter into method [ClientStatusServiceBean#createClientStatus]. Argument info: [ id=0 name=null description=Test entity isDeleted=false]. Entrance timestamp: 1221394881615
Exit from method [ClientStatusServiceBean#createClientStatus]. Time spent: 0 ms. Return value: [ id=0 name=null description=Test entity isDeleted=false]
Enter into method [ClientStatusServiceBean#deleteClientStatus]. Argument info: [ id=0 name=null description=Test entity isDeleted=false]. Entrance timestamp: 1221394881615
Exit from method [ClientStatusServiceBean#deleteClientStatus]. Time spent: 0 ms. Return value: [ id=0 name=null description=Test entity isDeleted=false]
Enter into method [ClientStatusServiceBean#createClientStatus]. Argument info: [ id=0 name=null description=Test entity isDeleted=false]. Entrance timestamp: 1221394881615
Exit from method [ClientStatusServiceBean#createClientStatus]. Time spent: 0 ms. Return value: [ id=0 name=null description=Test entity isDeleted=false]
Enter into method [ClientStatusServiceBean#createClientStatus]. Argument info: [ id=0 name=null description=Test entity isDeleted=false]. Entrance timestamp: 1221394881615
Exit from method [ClientStatusServiceBean#createClientStatus]. Time spent: 0 ms. Return value: [ id=0 name=null description=Test entity isDeleted=false]
Enter into method [ClientStatusServiceBean#updateClientStatus]. Argument info: [ id=0 name=null description=Test entity isDeleted=false]. Entrance timestamp: 1221394881615
Exit from method [ClientStatusServiceBean#updateClientStatus]. Time spent: 0 ms. Return value: [ id=0 name=null description=Test entity isDeleted=false]
Enter into method [ClientStatusServiceBean#createClientStatus]. Argument info: [ id=0 name=null description=Test entity isDeleted=false]. Entrance timestamp: 1221394881615
Exit from method [ClientStatusServiceBean#createClientStatus]. Time spent: 0 ms. Return value: [ id=0 name=null description=Test entity isDeleted=false]
Enter into method [ClientStatusServiceBean#updateClientStatus]. Argument info: [ id=0 name=null description=Test entity isDeleted=false]. Entrance timestamp: 1221394881615
Exit from method [ClientStatusServiceBean#updateClientStatus]. Time spent: 0 ms. Return value: [ id=0 name=null description=Test entity isDeleted=false]
Enter into method [ClientStatusServiceBean#createClientStatus]. Argument info: [ id=0 name=null description=Test entity isDeleted=false]. Entrance timestamp: 1221394881615
Exit from method [ClientStatusServiceBean#createClientStatus]. Time spent: 0 ms. Return value: [ id=0 name=null description=Test entity isDeleted=false]
Enter into method [ClientStatusServiceBean#deleteClientStatus]. Argument info: [ id=0 name=null description=Test entity isDeleted=false]. Entrance timestamp: 1221394881615
Exit from method [ClientStatusServiceBean#deleteClientStatus]. Time spent: 0 ms. Return value: [ id=0 name=null description=Test entity isDeleted=false]
Enter into method [ClientStatusServiceBean#updateClientStatus]. Argument info: [ id=0 name=null description=Test entity isDeleted=false]. Entrance timestamp: 1221394881615
Exit from method [ClientStatusServiceBean#updateClientStatus]. Time spent: 0 ms. Return value: [ id=0 name=null description=Test entity isDeleted=false]
Enter into method [ClientStatusServiceBean#createClientStatus]. Argument info: [ id=0 name=null description=Test entity isDeleted=false]. Entrance timestamp: 1221394881615
Exit from method [ClientStatusServiceBean#createClientStatus]. Time spent: 0 ms. Return value: [ id=0 name=null description=Test entity isDeleted=false]
Enter into method [ClientStatusServiceBean#deleteClientStatus]. Argument info: [ id=0 name=null description=Test entity isDeleted=false]. Entrance timestamp: 1221394881615
Exit from method [ClientStatusServiceBean#deleteClientStatus]. Time spent: 0 ms. Return value: [ id=0 name=null description=Test entity isDeleted=false]
Enter into method [ClientStatusServiceBean#deleteClientStatus]. Argument info: [ id=0 name=null description=Test entity isDeleted=false]. Entrance timestamp: 1221394881615
Exit from method [ClientStatusServiceBean#deleteClientStatus]. Time spent: 1 ms. Return value: [ id=0 name=null description=Test entity isDeleted=false]
Enter into method [ClientStatusServiceBean#deleteClientStatus]. Argument info: [ id=0 name=null description=Test entity isDeleted=false]. Entrance timestamp: 1221394881616
Exit from method [ClientStatusServiceBean#deleteClientStatus]. Time spent: 0 ms. Return value: [ id=0 name=null description=Test entity isDeleted=false]
Enter into method [ClientStatusServiceBean#createClientStatus]. Argument info: [ id=0 name=null description=Test entity isDeleted=false]. Entrance timestamp: 1221394881616
Exit from method [ClientStatusServiceBean#createClientStatus]. Time spent: 0 ms. Return value: [ id=0 name=null description=Test entity isDeleted=false]
Enter into method [ClientStatusServiceBean#deleteClientStatus]. Argument info: [ id=0 name=null description=Test entity isDeleted=false]. Entrance timestamp: 1221394881616
Exit from method [ClientStatusServiceBean#deleteClientStatus]. Time spent: 0 ms. Return value: [ id=0 name=null description=Test entity isDeleted=false]
Enter into method [ClientStatusServiceBean#createClientStatus]. Argument info: [ id=0 name=null description=Test entity isDeleted=false]. Entrance timestamp: 1221394881616
Exit from method [ClientStatusServiceBean#createClientStatus]. Time spent: 1 ms. Return value: [ id=0 name=null description=Test entity isDeleted=false]
Enter into method [ClientStatusServiceBean#createClientStatus]. Argument info: [ id=0 name=null description=Test entity isDeleted=false]. Entrance timestamp: 1221394881617
Exit from method [ClientStatusServiceBean#createClientStatus]. Time spent: 0 ms. Return value: [ id=0 name=null description=Test entity isDeleted=false]
Enter into method [ClientStatusServiceBean#createClientStatus]. Argument info: [ id=0 name=null description=Test entity isDeleted=false]. Entrance timestamp: 1221394881617
Exit from method [ClientStatusServiceBean#createClientStatus]. Time spent: 0 ms. Return value: [ id=0 name=null description=Test entity isDeleted=false]
Enter into method [ClientStatusServiceBean#createClientStatus]. Argument info: [ id=0 name=null description=Test entity isDeleted=false]. Entrance timestamp: 1221394881617
Exit from method [ClientStatusServiceBean#createClientStatus]. Time spent: 0 ms. Return value: [ id=0 name=null description=Test entity isDeleted=false]
Enter into method [ClientStatusServiceBean#createClientStatus]. Argument info: [ id=0 name=null description=Test entity isDeleted=false]. Entrance timestamp: 1221394881617
Exit from method [ClientStatusServiceBean#createClientStatus]. Time spent: 0 ms. Return value: [ id=0 name=null description=Test entity isDeleted=false]
Enter into method [ClientStatusServiceBean#deleteClientStatus]. Argument info: [ id=0 name=null description=Test entity isDeleted=false]. Entrance timestamp: 1221394881617
Exit from method [ClientStatusServiceBean#deleteClientStatus]. Time spent: 0 ms. Return value: [ id=0 name=null description=Test entity isDeleted=false]
Enter into method [ClientStatusServiceBean#deleteClientStatus]. Argument info: [ id=0 name=null description=Test entity isDeleted=false]. Entrance timestamp: 1221394881617
Exit from method [ClientStatusServiceBean#deleteClientStatus]. Time spent: 0 ms. Return value: [ id=0 name=null description=Test entity isDeleted=false]
Enter into method [ClientStatusServiceBean#deleteClientStatus]. Argument info: [ id=0 name=null description=Test entity isDeleted=false]. Entrance timestamp: 1221394881617
Exit from method [ClientStatusServiceBean#deleteClientStatus]. Time spent: 0 ms. Return value: [ id=0 name=null description=Test entity isDeleted=false]
Enter into method [ClientStatusServiceBean#updateClientStatus]. Argument info: [ id=0 name=null description=Test entity isDeleted=false]. Entrance timestamp: 1221394881617
Exit from method [ClientStatusServiceBean#updateClientStatus]. Time spent: 0 ms. Return value: [ id=0 name=null description=Test entity isDeleted=false]
Enter into method [ClientStatusServiceBean#updateClientStatus]. Argument info: [ id=0 name=null description=Test entity isDeleted=false]. Entrance timestamp: 1221394881617
Exit from method [ClientStatusServiceBean#updateClientStatus]. Time spent: 0 ms. Return value: [ id=0 name=null description=Test entity isDeleted=false]
Enter into method [ClientStatusServiceBean#createClientStatus]. Argument info: [ id=0 name=null description=Test entity isDeleted=false]. Entrance timestamp: 1221394881617
Exit from method [ClientStatusServiceBean#createClientStatus]. Time spent: 0 ms. Return value: [ id=0 name=null description=Test entity isDeleted=false]
Enter into method [ClientStatusServiceBean#createClientStatus]. Argument info: [ id=0 name=null description=Test entity isDeleted=false]. Entrance timestamp: 1221394881620
Exit from method [ClientStatusServiceBean#createClientStatus]. Time spent: 0 ms. Return value: [ id=0 name=null description=Test entity isDeleted=false]
Enter into method [ClientStatusServiceBean#updateClientStatus]. Argument info: [ id=0 name=null description=Test entity isDeleted=false]. Entrance timestamp: 1221394881620
Exit from method [ClientStatusServiceBean#updateClientStatus]. Time spent: 0 ms. Return value: [ id=0 name=null description=Test entity isDeleted=false]
Enter into method [ClientStatusServiceBean#deleteClientStatus]. Argument info: [ id=0 name=null description=Test entity isDeleted=false]. Entrance timestamp: 1221394881620
Exit from method [ClientStatusServiceBean#deleteClientStatus]. Time spent: 0 ms. Return value: [ id=0 name=null description=Test entity isDeleted=false]
Enter into method [ClientStatusServiceBean#createClientStatus]. Argument info: [ id=0 name=null description=Test entity isDeleted=false]. Entrance timestamp: 1221394881620
Exit from method [ClientStatusServiceBean#createClientStatus]. Time spent: 0 ms. Return value: [ id=0 name=null description=Test entity isDeleted=false]
Enter into method [ClientStatusServiceBean#createClientStatus]. Argument info: [ id=0 name=null description=Test entity isDeleted=false]. Entrance timestamp: 1221394881620
Exit from method [ClientStatusServiceBean#createClientStatus]. Time spent: 0 ms. Return value: [ id=0 name=null description=Test entity isDeleted=false]
Enter into method [ClientStatusServiceBean#createClientStatus]. Argument info: [ id=0 name=null description=Test entity isDeleted=false]. Entrance timestamp: 1221394881620
Exit from method [ClientStatusServiceBean#createClientStatus]. Time spent: 0 ms. Return value: [ id=0 name=null description=Test entity isDeleted=false]
Enter into method [ClientStatusServiceBean#updateClientStatus]. Argument info: [ id=0 name=null description=Test entity isDeleted=false]. Entrance timestamp: 1221394881620
Exit from method [ClientStatusServiceBean#updateClientStatus]. Time spent: 0 ms. Return value: [ id=0 name=null description=Test entity isDeleted=false]
Enter into method [ClientStatusServiceBean#updateClientStatus]. Argument info: [ id=0 name=null description=Test entity isDeleted=false]. Entrance timestamp: 1221394881620
Exit from method [ClientStatusServiceBean#updateClientStatus]. Time spent: 1 ms. Return value: [ id=0 name=null description=Test entity isDeleted=false]
Enter into method [ClientStatusServiceBean#deleteClientStatus]. Argument info: [ id=0 name=null description=Test entity isDeleted=false]. Entrance timestamp: 1221394881621
Exit from method [ClientStatusServiceBean#deleteClientStatus]. Time spent: 0 ms. Return value: [ id=0 name=null description=Test entity isDeleted=false]
Enter into method [ClientStatusServiceBean#updateClientStatus]. Argument info: [ id=0 name=null description=Test entity isDeleted=false]. Entrance timestamp: 1221394881621
Exit from method [ClientStatusServiceBean#updateClientStatus]. Time spent: 0 ms. Return value: [ id=0 name=null description=Test entity isDeleted=false]
Enter into method [ClientStatusServiceBean#deleteClientStatus]. Argument info: [ id=0 name=null description=Test entity isDeleted=false]. Entrance timestamp: 1221394881621
Exit from method [ClientStatusServiceBean#deleteClientStatus]. Time spent: 0 ms. Return value: [ id=0 name=null description=Test entity isDeleted=false]
Enter into method [ClientStatusServiceBean#deleteClientStatus]. Argument info: [ id=0 name=null description=Test entity isDeleted=false]. Entrance timestamp: 1221394881621
Exit from method [ClientStatusServiceBean#deleteClientStatus]. Time spent: 0 ms. Return value: [ id=0 name=null description=Test entity isDeleted=false]
Enter into method [ClientStatusServiceBean#deleteClientStatus]. Argument info: [ id=0 name=null description=Test entity isDeleted=false]. Entrance timestamp: 1221394881621
Exit from method [ClientStatusServiceBean#deleteClientStatus]. Time spent: 0 ms. Return value: [ id=0 name=null description=Test entity isDeleted=false]
Enter into method [ClientStatusServiceBean#deleteClientStatus]. Argument info: [ id=0 name=null description=Test entity isDeleted=false]. Entrance timestamp: 1221394881621
Exit from method [ClientStatusServiceBean#deleteClientStatus]. Time spent: 0 ms. Return value: [ id=0 name=null description=Test entity isDeleted=false]
Enter into method [ClientStatusServiceBean#createClientStatus]. Argument info: [ id=0 name=null description=Test entity isDeleted=false]. Entrance timestamp: 1221394881621
Exit from method [ClientStatusServiceBean#createClientStatus]. Time spent: 0 ms. Return value: [ id=0 name=null description=Test entity isDeleted=false]
Enter into method [ClientStatusServiceBean#updateClientStatus]. Argument info: [ id=0 name=null description=Test entity isDeleted=false]. Entrance timestamp: 1221394881621
Exit from method [ClientStatusServiceBean#updateClientStatus]. Time spent: 0 ms. Return value: [ id=0 name=null description=Test entity isDeleted=false]
Enter into method [ClientStatusServiceBean#createClientStatus]. Argument info: [ id=0 name=null description=Test entity isDeleted=false]. Entrance timestamp: 1221394881621
Exit from method [ClientStatusServiceBean#createClientStatus]. Time spent: 0 ms. Return value: [ id=0 name=null description=Test entity isDeleted=false]
Enter into method [ClientStatusServiceBean#deleteClientStatus]. Argument info: [ id=0 name=null description=Test entity isDeleted=false]. Entrance timestamp: 1221394881621
Exit from method [ClientStatusServiceBean#deleteClientStatus]. Time spent: 0 ms. Return value: [ id=0 name=null description=Test entity isDeleted=false]
Enter into method [ClientStatusServiceBean#deleteClientStatus]. Argument info: [ id=0 name=null description=Test entity isDeleted=false]. Entrance timestamp: 1221394881621
Exit from method [ClientStatusServiceBean#deleteClientStatus]. Time spent: 0 ms. Return value: [ id=0 name=null description=Test entity isDeleted=false]
Enter into method [ClientStatusServiceBean#updateClientStatus]. Argument info: [ id=0 name=null description=Test entity isDeleted=false]. Entrance timestamp: 1221394881621
Exit from method [ClientStatusServiceBean#updateClientStatus]. Time spent: 0 ms. Return value: [ id=0 name=null description=Test entity isDeleted=false]
Enter into method [ClientStatusServiceBean#updateClientStatus]. Argument info: [ id=0 name=null description=Test entity isDeleted=false]. Entrance timestamp: 1221394881621
Exit from method [ClientStatusServiceBean#updateClientStatus]. Time spent: 0 ms. Return value: [ id=0 name=null description=Test entity isDeleted=false]
Enter into method [ClientStatusServiceBean#deleteClientStatus]. Argument info: [ id=0 name=null description=Test entity isDeleted=false]. Entrance timestamp: 1221394881621
Exit from method [ClientStatusServiceBean#deleteClientStatus]. Time spent: 0 ms. Return value: [ id=0 name=null description=Test entity isDeleted=false]
Enter into method [ClientStatusServiceBean#deleteClientStatus]. Argument info: [ id=0 name=null description=Test entity isDeleted=false]. Entrance timestamp: 1221394881621
Exit from method [ClientStatusServiceBean#deleteClientStatus]. Time spent: 0 ms. Return value: [ id=0 name=null description=Test entity isDeleted=false]
Enter into method [ClientStatusServiceBean#updateClientStatus]. Argument info: [ id=0 name=null description=Test entity isDeleted=false]. Entrance timestamp: 1221394881621
Exit from method [ClientStatusServiceBean#updateClientStatus]. Time spent: 0 ms. Return value: [ id=0 name=null description=Test entity isDeleted=false]
Enter into method [ClientStatusServiceBean#updateClientStatus]. Argument info: [ id=0 name=null description=Test entity isDeleted=false]. Entrance timestamp: 1221394881621
Exit from method [ClientStatusServiceBean#updateClientStatus]. Time spent: 0 ms. Return value: [ id=0 name=null description=Test entity isDeleted=false]
Enter into method [ClientStatusServiceBean#deleteClientStatus]. Argument info: [ id=0 name=null description=Test entity isDeleted=false]. Entrance timestamp: 1221394881621
Exit from method [ClientStatusServiceBean#deleteClientStatus]. Time spent: 0 ms. Return value: [ id=0 name=null description=Test entity isDeleted=false]
Enter into method [ClientStatusServiceBean#deleteClientStatus]. Argument info: [ id=0 name=null description=Test entity isDeleted=false]. Entrance timestamp: 1221394881622
Exit from method [ClientStatusServiceBean#deleteClientStatus]. Time spent: 0 ms. Return value: [ id=0 name=null description=Test entity isDeleted=false]
Enter into method [ClientStatusServiceBean#updateClientStatus]. Argument info: [ id=0 name=null description=Test entity isDeleted=false]. Entrance timestamp: 1221394881622
Exit from method [ClientStatusServiceBean#updateClientStatus]. Time spent: 0 ms. Return value: [ id=0 name=null description=Test entity isDeleted=false]
Enter into method [ClientStatusServiceBean#updateClientStatus]. Argument info: [ id=0 name=null description=Test entity isDeleted=false]. Entrance timestamp: 1221394881622
Exit from method [ClientStatusServiceBean#updateClientStatus]. Time spent: 0 ms. Return value: [ id=0 name=null description=Test entity isDeleted=false]
Enter into method [ClientStatusServiceBean#deleteClientStatus]. Argument info: [ id=0 name=null description=Test entity isDeleted=false]. Entrance timestamp: 1221394881622
Exit from method [ClientStatusServiceBean#deleteClientStatus]. Time spent: 0 ms. Return value: [ id=0 name=null description=Test entity isDeleted=false]
Enter into method [ClientStatusServiceBean#createClientStatus]. Argument info: [ id=0 name=null description=Test entity isDeleted=false]. Entrance timestamp: 1221394881622
Exit from method [ClientStatusServiceBean#createClientStatus]. Time spent: 0 ms. Return value: [ id=0 name=null description=Test entity isDeleted=false]
Enter into method [ClientStatusServiceBean#updateClientStatus]. Argument info: [ id=0 name=null description=Test entity isDeleted=false]. Entrance timestamp: 1221394881622
Exit from method [ClientStatusServiceBean#updateClientStatus]. Time spent: 0 ms. Return value: [ id=0 name=null description=Test entity isDeleted=false]
Enter into method [ClientStatusServiceBean#createClientStatus]. Argument info: [ id=0 name=null description=Test entity isDeleted=false]. Entrance timestamp: 1221394881622
Exit from method [ClientStatusServiceBean#createClientStatus]. Time spent: 0 ms. Return value: [ id=0 name=null description=Test entity isDeleted=false]
Enter into method [ClientStatusServiceBean#deleteClientStatus]. Argument info: [ id=0 name=null description=Test entity isDeleted=false]. Entrance timestamp: 1221394881622
Exit from method [ClientStatusServiceBean#deleteClientStatus]. Time spent: 0 ms. Return value: [ id=0 name=null description=Test entity isDeleted=false]
Enter into method [ClientStatusServiceBean#createClientStatus]. Argument info: [ id=0 name=null description=Test entity isDeleted=false]. Entrance timestamp: 1221394881622
Exit from method [ClientStatusServiceBean#createClientStatus]. Time spent: 0 ms. Return value: [ id=0 name=null description=Test entity isDeleted=false]
Enter into method [ClientStatusServiceBean#deleteClientStatus]. Argument info: [ id=0 name=null description=Test entity isDeleted=false]. Entrance timestamp: 1221394881622
Exit from method [ClientStatusServiceBean#deleteClientStatus]. Time spent: 0 ms. Return value: [ id=0 name=null description=Test entity isDeleted=false]
Enter into method [ClientStatusServiceBean#updateClientStatus]. Argument info: [ id=0 name=null description=Test entity isDeleted=false]. Entrance timestamp: 1221394881622
Exit from method [ClientStatusServiceBean#updateClientStatus]. Time spent: 0 ms. Return value: [ id=0 name=null description=Test entity isDeleted=false]
Enter into method [ClientStatusServiceBean#updateClientStatus]. Argument info: [ id=0 name=null description=Test entity isDeleted=false]. Entrance timestamp: 1221394881622
Exit from method [ClientStatusServiceBean#updateClientStatus]. Time spent: 0 ms. Return value: [ id=0 name=null description=Test entity isDeleted=false]
Enter into method [ClientStatusServiceBean#createClientStatus]. Argument info: [ id=0 name=null description=Test entity isDeleted=false]. Entrance timestamp: 1221394881622
Exit from method [ClientStatusServiceBean#createClientStatus]. Time spent: 0 ms. Return value: [ id=0 name=null description=Test entity isDeleted=false]
Enter into method [ClientStatusServiceBean#updateClientStatus]. Argument info: [ id=0 name=null description=Test entity isDeleted=false]. Entrance timestamp: 1221394881622
Exit from method [ClientStatusServiceBean#updateClientStatus]. Time spent: 0 ms. Return value: [ id=0 name=null description=Test entity isDeleted=false]
Enter into method [ClientStatusServiceBean#updateClientStatus]. Argument info: [ id=0 name=null description=Test entity isDeleted=false]. Entrance timestamp: 1221394881622
Exit from method [ClientStatusServiceBean#updateClientStatus]. Time spent: 0 ms. Return value: [ id=0 name=null description=Test entity isDeleted=false]
Enter into method [ClientStatusServiceBean#updateClientStatus]. Argument info: [ id=0 name=null description=Test entity isDeleted=false]. Entrance timestamp: 1221394881622
Exit from method [ClientStatusServiceBean#updateClientStatus]. Time spent: 1 ms. Return value: [ id=0 name=null description=Test entity isDeleted=false]
Enter into method [ClientStatusServiceBean#deleteClientStatus]. Argument info: [ id=0 name=null description=Test entity isDeleted=false]. Entrance timestamp: 1221394881623
Exit from method [ClientStatusServiceBean#deleteClientStatus]. Time spent: 0 ms. Return value: [ id=0 name=null description=Test entity isDeleted=false]
Enter into method [ClientStatusServiceBean#deleteClientStatus]. Argument info: [ id=0 name=null description=Test entity isDeleted=false]. Entrance timestamp: 1221394881623
Exit from method [ClientStatusServiceBean#deleteClientStatus]. Time spent: 0 ms. Return value: [ id=0 name=null description=Test entity isDeleted=false]
Enter into method [ClientStatusServiceBean#createClientStatus]. Argument info: [ id=0 name=null description=Test entity isDeleted=false]. Entrance timestamp: 1221394881623
Exit from method [ClientStatusServiceBean#createClientStatus]. Time spent: 0 ms. Return value: [ id=0 name=null description=Test entity isDeleted=false]
Enter into method [ClientStatusServiceBean#updateClientStatus]. Argument info: [ id=0 name=null description=Test entity isDeleted=false]. Entrance timestamp: 1221394881623
Exit from method [ClientStatusServiceBean#updateClientStatus]. Time spent: 0 ms. Return value: [ id=0 name=null description=Test entity isDeleted=false]
Enter into method [ClientStatusServiceBean#updateClientStatus]. Argument info: [ id=0 name=null description=Test entity isDeleted=false]. Entrance timestamp: 1221394881623
Exit from method [ClientStatusServiceBean#updateClientStatus]. Time spent: 0 ms. Return value: [ id=0 name=null description=Test entity isDeleted=false]
Enter into method [ClientStatusServiceBean#createClientStatus]. Argument info: [ id=0 name=null description=Test entity isDeleted=false]. Entrance timestamp: 1221394881623
Exit from method [ClientStatusServiceBean#createClientStatus]. Time spent: 0 ms. Return value: [ id=0 name=null description=Test entity isDeleted=false]
Enter into method [ClientStatusServiceBean#updateClientStatus]. Argument info: [ id=0 name=null description=Test entity isDeleted=false]. Entrance timestamp: 1221394881623
Exit from method [ClientStatusServiceBean#updateClientStatus]. Time spent: 0 ms. Return value: [ id=0 name=null description=Test entity isDeleted=false]
Enter into method [ClientStatusServiceBean#deleteClientStatus]. Argument info: [ id=0 name=null description=Test entity isDeleted=false]. Entrance timestamp: 1221394881623
Exit from method [ClientStatusServiceBean#deleteClientStatus]. Time spent: 0 ms. Return value: [ id=0 name=null description=Test entity isDeleted=false]
Enter into method [ClientStatusServiceBean#deleteClientStatus]. Argument info: [ id=0 name=null description=Test entity isDeleted=false]. Entrance timestamp: 1221394881624
Exit from method [ClientStatusServiceBean#deleteClientStatus]. Time spent: 0 ms. Return value: [ id=0 name=null description=Test entity isDeleted=false]
Enter into method [ClientStatusServiceBean#createClientStatus]. Argument info: [ id=0 name=null description=Test entity isDeleted=false]. Entrance timestamp: 1221394881624
Exit from method [ClientStatusServiceBean#createClientStatus]. Time spent: 0 ms. Return value: [ id=0 name=null description=Test entity isDeleted=false]
Enter into method [ClientStatusServiceBean#deleteClientStatus]. Argument info: [ id=0 name=null description=Test entity isDeleted=false]. Entrance timestamp: 1221394881624
Exit from method [ClientStatusServiceBean#deleteClientStatus]. Time spent: 0 ms. Return value: [ id=0 name=null description=Test entity isDeleted=false]
Enter into method [ClientStatusServiceBean#createClientStatus]. Argument info: [ id=0 name=null description=Test entity isDeleted=false]. Entrance timestamp: 1221394881624
Exit from method [ClientStatusServiceBean#createClientStatus]. Time spent: 0 ms. Return value: [ id=0 name=null description=Test entity isDeleted=false]
Enter into method [ClientStatusServiceBean#deleteClientStatus]. Argument info: [ id=0 name=null description=Test entity isDeleted=false]. Entrance timestamp: 1221394881624
Exit from method [ClientStatusServiceBean#deleteClientStatus]. Time spent: 0 ms. Return value: [ id=0 name=null description=Test entity isDeleted=false]
Enter into method [ClientStatusServiceBean#createClientStatus]. Argument info: [ id=0 name=null description=Test entity isDeleted=false]. Entrance timestamp: 1221394881624
Exit from method [ClientStatusServiceBean#createClientStatus]. Time spent: 0 ms. Return value: [ id=0 name=null description=Test entity isDeleted=false]
Enter into method [ClientStatusServiceBean#updateClientStatus]. Argument info: [ id=0 name=null description=Test entity isDeleted=false]. Entrance timestamp: 1221394881624
Exit from method [ClientStatusServiceBean#updateClientStatus]. Time spent: 0 ms. Return value: [ id=0 name=null description=Test entity isDeleted=false]
Enter into method [ClientStatusServiceBean#deleteClientStatus]. Argument info: [ id=0 name=null description=Test entity isDeleted=false]. Entrance timestamp: 1221394881624
Exit from method [ClientStatusServiceBean#deleteClientStatus]. Time spent: 0 ms. Return value: [ id=0 name=null description=Test entity isDeleted=false]
Enter into method [ClientStatusServiceBean#createClientStatus]. Argument info: [ id=0 name=null description=Test entity isDeleted=false]. Entrance timestamp: 1221394881624
Exit from method [ClientStatusServiceBean#createClientStatus]. Time spent: 0 ms. Return value: [ id=0 name=null description=Test entity isDeleted=false]
Enter into method [ClientStatusServiceBean#createClientStatus]. Argument info: [ id=0 name=null description=Test entity isDeleted=false]. Entrance timestamp: 1221394881624
Exit from method [ClientStatusServiceBean#createClientStatus]. Time spent: 0 ms. Return value: [ id=0 name=null description=Test entity isDeleted=false]
Enter into method [ClientStatusServiceBean#deleteClientStatus]. Argument info: [ id=0 name=null description=Test entity isDeleted=false]. Entrance timestamp: 1221394881624
Exit from method [ClientStatusServiceBean#deleteClientStatus]. Time spent: 0 ms. Return value: [ id=0 name=null description=Test entity isDeleted=false]
Enter into method [ClientStatusServiceBean#createClientStatus]. Argument info: [ id=0 name=null description=Test entity isDeleted=false]. Entrance timestamp: 1221394881624
Exit from method [ClientStatusServiceBean#createClientStatus]. Time spent: 0 ms. Return value: [ id=0 name=null description=Test entity isDeleted=false]
Enter into method [ClientStatusServiceBean#updateClientStatus]. Argument info: [ id=0 name=null description=Test entity isDeleted=false]. Entrance timestamp: 1221394881624
Exit from method [ClientStatusServiceBean#updateClientStatus]. Time spent: 0 ms. Return value: [ id=0 name=null description=Test entity isDeleted=false]
Enter into method [ClientStatusServiceBean#deleteClientStatus]. Argument info: [ id=0 name=null description=Test entity isDeleted=false]. Entrance timestamp: 1221394881624
Exit from method [ClientStatusServiceBean#deleteClientStatus]. Time spent: 0 ms. Return value: [ id=0 name=null description=Test entity isDeleted=false]
Enter into method [ClientStatusServiceBean#deleteClientStatus]. Argument info: [ id=0 name=null description=Test entity isDeleted=false]. Entrance timestamp: 1221394881624
Exit from method [ClientStatusServiceBean#deleteClientStatus]. Time spent: 0 ms. Return value: [ id=0 name=null description=Test entity isDeleted=false]
Enter into method [ClientStatusServiceBean#createClientStatus]. Argument info: [ id=0 name=null description=Test entity isDeleted=false]. Entrance timestamp: 1221394881624
Exit from method [ClientStatusServiceBean#createClientStatus]. Time spent: 0 ms. Return value: [ id=0 name=null description=Test entity isDeleted=false]
Enter into method [ClientStatusServiceBean#deleteClientStatus]. Argument info: [ id=0 name=null description=Test entity isDeleted=false]. Entrance timestamp: 1221394881624
Exit from method [ClientStatusServiceBean#deleteClientStatus]. Time spent: 0 ms. Return value: [ id=0 name=null description=Test entity isDeleted=false]
Enter into method [ClientStatusServiceBean#createClientStatus]. Argument info: [ id=0 name=null description=Test entity isDeleted=false]. Entrance timestamp: 1221394881624
Exit from method [ClientStatusServiceBean#createClientStatus]. Time spent: 0 ms. Return value: [ id=0 name=null description=Test entity isDeleted=false]
Enter into method [ClientStatusServiceBean#createClientStatus]. Argument info: [ id=0 name=null description=Test entity isDeleted=false]. Entrance timestamp: 1221394881624
Exit from method [ClientStatusServiceBean#createClientStatus]. Time spent: 1 ms. Return value: [ id=0 name=null description=Test entity isDeleted=false]
Enter into method [ClientStatusServiceBean#createClientStatus]. Argument info: [ id=0 name=null description=Test entity isDeleted=false]. Entrance timestamp: 1221394881625
Exit from method [ClientStatusServiceBean#createClientStatus]. Time spent: 0 ms. Return value: [ id=0 name=null description=Test entity isDeleted=false]
Enter into method [ClientStatusServiceBean#deleteClientStatus]. Argument info: [ id=0 name=null description=Test entity isDeleted=false]. Entrance timestamp: 1221394881625
Exit from method [ClientStatusServiceBean#deleteClientStatus]. Time spent: 0 ms. Return value: [ id=0 name=null description=Test entity isDeleted=false]
Enter into method [ClientStatusServiceBean#deleteClientStatus]. Argument info: [ id=0 name=null description=Test entity isDeleted=false]. Entrance timestamp: 1221394881625
Exit from method [ClientStatusServiceBean#deleteClientStatus]. Time spent: 0 ms. Return value: [ id=0 name=null description=Test entity isDeleted=false]
Enter into method [ClientStatusServiceBean#deleteClientStatus]. Argument info: [ id=0 name=null description=Test entity isDeleted=false]. Entrance timestamp: 1221394881625
Exit from method [ClientStatusServiceBean#deleteClientStatus]. Time spent: 0 ms. Return value: [ id=0 name=null description=Test entity isDeleted=false]
Enter into method [ClientStatusServiceBean#createClientStatus]. Argument info: [ id=0 name=null description=Test entity isDeleted=false]. Entrance timestamp: 1221394881625
Exit from method [ClientStatusServiceBean#createClientStatus]. Time spent: 0 ms. Return value: [ id=0 name=null description=Test entity isDeleted=false]
Enter into method [ClientStatusServiceBean#deleteClientStatus]. Argument info: [ id=0 name=null description=Test entity isDeleted=false]. Entrance timestamp: 1221394881625
Exit from method [ClientStatusServiceBean#deleteClientStatus]. Time spent: 0 ms. Return value: [ id=0 name=null description=Test entity isDeleted=false]
Enter into method [ClientStatusServiceBean#createClientStatus]. Argument info: [ id=0 name=null description=Test entity isDeleted=false]. Entrance timestamp: 1221394881625
Exit from method [ClientStatusServiceBean#createClientStatus]. Time spent: 0 ms. Return value: [ id=0 name=null description=Test entity isDeleted=false]
Enter into method [ClientStatusServiceBean#updateClientStatus]. Argument info: [ id=0 name=null description=Test entity isDeleted=false]. Entrance timestamp: 1221394881625
Exit from method [ClientStatusServiceBean#updateClientStatus]. Time spent: 0 ms. Return value: [ id=0 name=null description=Test entity isDeleted=false]
Enter into method [ClientStatusServiceBean#updateClientStatus]. Argument info: [ id=0 name=null description=Test entity isDeleted=false]. Entrance timestamp: 1221394881625
Exit from method [ClientStatusServiceBean#updateClientStatus]. Time spent: 0 ms. Return value: [ id=0 name=null description=Test entity isDeleted=false]
Enter into method [ClientStatusServiceBean#createClientStatus]. Argument info: [ id=0 name=null description=Test entity isDeleted=false]. Entrance timestamp: 1221394881625
Exit from method [ClientStatusServiceBean#createClientStatus]. Time spent: 0 ms. Return value: [ id=0 name=null description=Test entity isDeleted=false]
Enter into method [ClientStatusServiceBean#createClientStatus]. Argument info: [ id=0 name=null description=Test entity isDeleted=false]. Entrance timestamp: 1221394881625
Exit from method [ClientStatusServiceBean#createClientStatus]. Time spent: 0 ms. Return value: [ id=0 name=null description=Test entity isDeleted=false]
Enter into method [ClientStatusServiceBean#createClientStatus]. Argument info: [ id=0 name=null description=Test entity isDeleted=false]. Entrance timestamp: 1221394881625
Exit from method [ClientStatusServiceBean#createClientStatus]. Time spent: 0 ms. Return value: [ id=0 name=null description=Test entity isDeleted=false]
Enter into method [ClientStatusServiceBean#updateClientStatus]. Argument info: [ id=0 name=null description=Test entity isDeleted=false]. Entrance timestamp: 1221394881625
Exit from method [ClientStatusServiceBean#updateClientStatus]. Time spent: 0 ms. Return value: [ id=0 name=null description=Test entity isDeleted=false]
Enter into method [ClientStatusServiceBean#createClientStatus]. Argument info: [ id=0 name=null description=Test entity isDeleted=false]. Entrance timestamp: 1221394881625
Exit from method [ClientStatusServiceBean#createClientStatus]. Time spent: 0 ms. Return value: [ id=0 name=null description=Test entity isDeleted=false]
Enter into method [ClientStatusServiceBean#deleteClientStatus]. Argument info: [ id=0 name=null description=Test entity isDeleted=false]. Entrance timestamp: 1221394881625
Exit from method [ClientStatusServiceBean#deleteClientStatus]. Time spent: 0 ms. Return value: [ id=0 name=null description=Test entity isDeleted=false]
Enter into method [ClientStatusServiceBean#deleteClientStatus]. Argument info: [ id=0 name=null description=Test entity isDeleted=false]. Entrance timestamp: 1221394881625
Exit from method [ClientStatusServiceBean#deleteClientStatus]. Time spent: 0 ms. Return value: [ id=0 name=null description=Test entity isDeleted=false]
Enter into method [ClientStatusServiceBean#updateClientStatus]. Argument info: [ id=0 name=null description=Test entity isDeleted=false]. Entrance timestamp: 1221394881625
Exit from method [ClientStatusServiceBean#updateClientStatus]. Time spent: 0 ms. Return value: [ id=0 name=null description=Test entity isDeleted=false]
Enter into method [ClientStatusServiceBean#createClientStatus]. Argument info: [ id=0 name=null description=Test entity isDeleted=false]. Entrance timestamp: 1221394881625
Exit from method [ClientStatusServiceBean#createClientStatus]. Time spent: 0 ms. Return value: [ id=0 name=null description=Test entity isDeleted=false]
Enter into method [ClientStatusServiceBean#deleteClientStatus]. Argument info: [ id=0 name=null description=Test entity isDeleted=false]. Entrance timestamp: 1221394881625
Exit from method [ClientStatusServiceBean#deleteClientStatus]. Time spent: 1 ms. Return value: [ id=0 name=null description=Test entity isDeleted=false]
Enter into method [ClientStatusServiceBean#updateClientStatus]. Argument info: [ id=0 name=null description=Test entity isDeleted=false]. Entrance timestamp: 1221394881626
Exit from method [ClientStatusServiceBean#updateClientStatus]. Time spent: 0 ms. Return value: [ id=0 name=null description=Test entity isDeleted=false]
Enter into method [ClientStatusServiceBean#updateClientStatus]. Argument info: [ id=0 name=null description=Test entity isDeleted=false]. Entrance timestamp: 1221394881626
Exit from method [ClientStatusServiceBean#updateClientStatus]. Time spent: 0 ms. Return value: [ id=0 name=null description=Test entity isDeleted=false]
Enter into method [ClientStatusServiceBean#deleteClientStatus]. Argument info: [ id=0 name=null description=Test entity isDeleted=false]. Entrance timestamp: 1221394881626
Exit from method [ClientStatusServiceBean#deleteClientStatus]. Time spent: 0 ms. Return value: [ id=0 name=null description=Test entity isDeleted=false]
Enter into method [ClientStatusServiceBean#deleteClientStatus]. Argument info: [ id=0 name=null description=Test entity isDeleted=false]. Entrance timestamp: 1221394881626
Exit from method [ClientStatusServiceBean#deleteClientStatus]. Time spent: 0 ms. Return value: [ id=0 name=null description=Test entity isDeleted=false]
Enter into method [ClientStatusServiceBean#createClientStatus]. Argument info: [ id=0 name=null description=Test entity isDeleted=false]. Entrance timestamp: 1221394881626
Exit from method [ClientStatusServiceBean#createClientStatus]. Time spent: 0 ms. Return value: [ id=0 name=null description=Test entity isDeleted=false]
Enter into method [ClientStatusServiceBean#updateClientStatus]. Argument info: [ id=0 name=null description=Test entity isDeleted=false]. Entrance timestamp: 1221394881626
Exit from method [ClientStatusServiceBean#updateClientStatus]. Time spent: 0 ms. Return value: [ id=0 name=null description=Test entity isDeleted=false]
Enter into method [ClientStatusServiceBean#updateClientStatus]. Argument info: [ id=0 name=null description=Test entity isDeleted=false]. Entrance timestamp: 1221394881626
Exit from method [ClientStatusServiceBean#updateClientStatus]. Time spent: 0 ms. Return value: [ id=0 name=null description=Test entity isDeleted=false]
Enter into method [ClientStatusServiceBean#deleteClientStatus]. Argument info: [ id=0 name=null description=Test entity isDeleted=false]. Entrance timestamp: 1221394881626
Exit from method [ClientStatusServiceBean#deleteClientStatus]. Time spent: 0 ms. Return value: [ id=0 name=null description=Test entity isDeleted=false]
Enter into method [ClientStatusServiceBean#deleteClientStatus]. Argument info: [ id=0 name=null description=Test entity isDeleted=false]. Entrance timestamp: 1221394881626
Exit from method [ClientStatusServiceBean#deleteClientStatus]. Time spent: 0 ms. Return value: [ id=0 name=null description=Test entity isDeleted=false]
Enter into method [ClientStatusServiceBean#createClientStatus]. Argument info: [ id=0 name=null description=Test entity isDeleted=false]. Entrance timestamp: 1221394881626
Exit from method [ClientStatusServiceBean#createClientStatus]. Time spent: 0 ms. Return value: [ id=0 name=null description=Test entity isDeleted=false]
Enter into method [ClientStatusServiceBean#updateClientStatus]. Argument info: [ id=0 name=null description=Test entity isDeleted=false]. Entrance timestamp: 1221394881626
Exit from method [ClientStatusServiceBean#updateClientStatus]. Time spent: 1 ms. Return value: [ id=0 name=null description=Test entity isDeleted=false]
Enter into method [ClientStatusServiceBean#createClientStatus]. Argument info: [ id=0 name=null description=Test entity isDeleted=false]. Entrance timestamp: 1221394881627
Exit from method [ClientStatusServiceBean#createClientStatus]. Time spent: 0 ms. Return value: [ id=0 name=null description=Test entity isDeleted=false]
Enter into method [ClientStatusServiceBean#deleteClientStatus]. Argument info: [ id=0 name=null description=Test entity isDeleted=false]. Entrance timestamp: 1221394881627
Exit from method [ClientStatusServiceBean#deleteClientStatus]. Time spent: 0 ms. Return value: [ id=0 name=null description=Test entity isDeleted=false]
Enter into method [ClientStatusServiceBean#updateClientStatus]. Argument info: [ id=0 name=null description=Test entity isDeleted=false]. Entrance timestamp: 1221394881627
Exit from method [ClientStatusServiceBean#updateClientStatus]. Time spent: 0 ms. Return value: [ id=0 name=null description=Test entity isDeleted=false]
Enter into method [ClientStatusServiceBean#updateClientStatus]. Argument info: [ id=0 name=null description=Test entity isDeleted=false]. Entrance timestamp: 1221394881627
Exit from method [ClientStatusServiceBean#updateClientStatus]. Time spent: 0 ms. Return value: [ id=0 name=null description=Test entity isDeleted=false]
Enter into method [ClientStatusServiceBean#deleteClientStatus]. Argument info: [ id=0 name=null description=Test entity isDeleted=false]. Entrance timestamp: 1221394881627
Exit from method [ClientStatusServiceBean#deleteClientStatus]. Time spent: 0 ms. Return value: [ id=0 name=null description=Test entity isDeleted=false]
Enter into method [ClientStatusServiceBean#createClientStatus]. Argument info: [ id=0 name=null description=Test entity isDeleted=false]. Entrance timestamp: 1221394881627
Exit from method [ClientStatusServiceBean#createClientStatus]. Time spent: 0 ms. Return value: [ id=0 name=null description=Test entity isDeleted=false]
Enter into method [ClientStatusServiceBean#createClientStatus]. Argument info: [ id=0 name=null description=Test entity isDeleted=false]. Entrance timestamp: 1221394881627
Exit from method [ClientStatusServiceBean#createClientStatus]. Time spent: 0 ms. Return value: [ id=0 name=null description=Test entity isDeleted=false]
Enter into method [ClientStatusServiceBean#deleteClientStatus]. Argument info: [ id=0 name=null description=Test entity isDeleted=false]. Entrance timestamp: 1221394881627
Exit from method [ClientStatusServiceBean#deleteClientStatus]. Time spent: 0 ms. Return value: [ id=0 name=null description=Test entity isDeleted=false]
Enter into method [ClientStatusServiceBean#updateClientStatus]. Argument info: [ id=0 name=null description=Test entity isDeleted=false]. Entrance timestamp: 1221394881627
Exit from method [ClientStatusServiceBean#updateClientStatus]. Time spent: 0 ms. Return value: [ id=0 name=null description=Test entity isDeleted=false]
Enter into method [ClientStatusServiceBean#deleteClientStatus]. Argument info: [ id=0 name=null description=Test entity isDeleted=false]. Entrance timestamp: 1221394881627
Exit from method [ClientStatusServiceBean#deleteClientStatus]. Time spent: 0 ms. Return value: [ id=0 name=null description=Test entity isDeleted=false]
Enter into method [ClientStatusServiceBean#createClientStatus]. Argument info: [ id=0 name=null description=Test entity isDeleted=false]. Entrance timestamp: 1221394881627
Exit from method [ClientStatusServiceBean#createClientStatus]. Time spent: 0 ms. Return value: [ id=0 name=null description=Test entity isDeleted=false]
Enter into method [ClientStatusServiceBean#createClientStatus]. Argument info: [ id=0 name=null description=Test entity isDeleted=false]. Entrance timestamp: 1221394881627
Exit from method [ClientStatusServiceBean#createClientStatus]. Time spent: 0 ms. Return value: [ id=0 name=null description=Test entity isDeleted=false]
Enter into method [ClientStatusServiceBean#updateClientStatus]. Argument info: [ id=0 name=null description=Test entity isDeleted=false]. Entrance timestamp: 1221394881627
Exit from method [ClientStatusServiceBean#updateClientStatus]. Time spent: 0 ms. Return value: [ id=0 name=null description=Test entity isDeleted=false]
Enter into method [ClientStatusServiceBean#createClientStatus]. Argument info: [ id=0 name=null description=Test entity isDeleted=false]. Entrance timestamp: 1221394881627
Exit from method [ClientStatusServiceBean#createClientStatus]. Time spent: 0 ms. Return value: [ id=0 name=null description=Test entity isDeleted=false]
Enter into method [ClientStatusServiceBean#createClientStatus]. Argument info: [ id=0 name=null description=Test entity isDeleted=false]. Entrance timestamp: 1221394881627
Exit from method [ClientStatusServiceBean#createClientStatus]. Time spent: 0 ms. Return value: [ id=0 name=null description=Test entity isDeleted=false]
Enter into method [ClientStatusServiceBean#createClientStatus]. Argument info: [ id=0 name=null description=Test entity isDeleted=false]. Entrance timestamp: 1221394881627
Exit from method [ClientStatusServiceBean#createClientStatus]. Time spent: 0 ms. Return value: [ id=0 name=null description=Test entity isDeleted=false]
Enter into method [ClientStatusServiceBean#deleteClientStatus]. Argument info: [ id=0 name=null description=Test entity isDeleted=false]. Entrance timestamp: 1221394881628
Exit from method [ClientStatusServiceBean#deleteClientStatus]. Time spent: 0 ms. Return value: [ id=0 name=null description=Test entity isDeleted=false]
Enter into method [ClientStatusServiceBean#createClientStatus]. Argument info: [ id=0 name=null description=Test entity isDeleted=false]. Entrance timestamp: 1221394881628
Exit from method [ClientStatusServiceBean#createClientStatus]. Time spent: 0 ms. Return value: [ id=0 name=null description=Test entity isDeleted=false]
Enter into method [ClientStatusServiceBean#createClientStatus]. Argument info: [ id=0 name=null description=Test entity isDeleted=false]. Entrance timestamp: 1221394881628
Exit from method [ClientStatusServiceBean#createClientStatus]. Time spent: 0 ms. Return value: [ id=0 name=null description=Test entity isDeleted=false]
Enter into method [ClientStatusServiceBean#deleteClientStatus]. Argument info: [ id=0 name=null description=Test entity isDeleted=false]. Entrance timestamp: 1221394881628
Exit from method [ClientStatusServiceBean#deleteClientStatus]. Time spent: 0 ms. Return value: [ id=0 name=null description=Test entity isDeleted=false]
Enter into method [ClientStatusServiceBean#deleteClientStatus]. Argument info: [ id=0 name=null description=Test entity isDeleted=false]. Entrance timestamp: 1221394881628
Exit from method [ClientStatusServiceBean#deleteClientStatus]. Time spent: 0 ms. Return value: [ id=0 name=null description=Test entity isDeleted=false]
Enter into method [ClientStatusServiceBean#deleteClientStatus]. Argument info: [ id=0 name=null description=Test entity isDeleted=false]. Entrance timestamp: 1221394881628
Exit from method [ClientStatusServiceBean#deleteClientStatus]. Time spent: 0 ms. Return value: [ id=0 name=null description=Test entity isDeleted=false]
Enter into method [ClientStatusServiceBean#createClientStatus]. Argument info: [ id=0 name=null description=Test entity isDeleted=false]. Entrance timestamp: 1221394881628
Exit from method [ClientStatusServiceBean#createClientStatus]. Time spent: 0 ms. Return value: [ id=0 name=null description=Test entity isDeleted=false]
Enter into method [ClientStatusServiceBean#createClientStatus]. Argument info: [ id=0 name=null description=Test entity isDeleted=false]. Entrance timestamp: 1221394881628
Exit from method [ClientStatusServiceBean#createClientStatus]. Time spent: 0 ms. Return value: [ id=0 name=null description=Test entity isDeleted=false]
Enter into method [ClientStatusServiceBean#createClientStatus]. Argument info: [ id=0 name=null description=Test entity isDeleted=false]. Entrance timestamp: 1221394881628
Exit from method [ClientStatusServiceBean#createClientStatus]. Time spent: 0 ms. Return value: [ id=0 name=null description=Test entity isDeleted=false]
Enter into method [ClientStatusServiceBean#updateClientStatus]. Argument info: [ id=0 name=null description=Test entity isDeleted=false]. Entrance timestamp: 1221394881628
Exit from method [ClientStatusServiceBean#updateClientStatus]. Time spent: 0 ms. Return value: [ id=0 name=null description=Test entity isDeleted=false]
Enter into method [ClientStatusServiceBean#updateClientStatus]. Argument info: [ id=0 name=null description=Test entity isDeleted=false]. Entrance timestamp: 1221394881628
Exit from method [ClientStatusServiceBean#updateClientStatus]. Time spent: 0 ms. Return value: [ id=0 name=null description=Test entity isDeleted=false]
Enter into method [ClientStatusServiceBean#updateClientStatus]. Argument info: [ id=0 name=null description=Test entity isDeleted=false]. Entrance timestamp: 1221394881628
Exit from method [ClientStatusServiceBean#updateClientStatus]. Time spent: 0 ms. Return value: [ id=0 name=null description=Test entity isDeleted=false]
Enter into method [ClientStatusServiceBean#createClientStatus]. Argument info: [ id=0 name=null description=Test entity isDeleted=false]. Entrance timestamp: 1221394881628
Exit from method [ClientStatusServiceBean#createClientStatus]. Time spent: 0 ms. Return value: [ id=0 name=null description=Test entity isDeleted=false]
Enter into method [ClientStatusServiceBean#deleteClientStatus]. Argument info: [ id=0 name=null description=Test entity isDeleted=false]. Entrance timestamp: 1221394881628
Exit from method [ClientStatusServiceBean#deleteClientStatus]. Time spent: 0 ms. Return value: [ id=0 name=null description=Test entity isDeleted=false]
Enter into method [ClientStatusServiceBean#deleteClientStatus]. Argument info: [ id=0 name=null description=Test entity isDeleted=false]. Entrance timestamp: 1221394881628
Exit from method [ClientStatusServiceBean#deleteClientStatus]. Time spent: 0 ms. Return value: [ id=0 name=null description=Test entity isDeleted=false]
Enter into method [ClientStatusServiceBean#deleteClientStatus]. Argument info: [ id=0 name=null description=Test entity isDeleted=false]. Entrance timestamp: 1221394881628
Exit from method [ClientStatusServiceBean#deleteClientStatus]. Time spent: 0 ms. Return value: [ id=0 name=null description=Test entity isDeleted=false]
Enter into method [ClientStatusServiceBean#createClientStatus]. Argument info: [ id=0 name=null description=Test entity isDeleted=false]. Entrance timestamp: 1221394881628
Exit from method [ClientStatusServiceBean#createClientStatus]. Time spent: 0 ms. Return value: [ id=0 name=null description=Test entity isDeleted=false]
Enter into method [ClientStatusServiceBean#deleteClientStatus]. Argument info: [ id=0 name=null description=Test entity isDeleted=false]. Entrance timestamp: 1221394881628
Exit from method [ClientStatusServiceBean#deleteClientStatus]. Time spent: 0 ms. Return value: [ id=0 name=null description=Test entity isDeleted=false]
Enter into method [ClientStatusServiceBean#updateClientStatus]. Argument info: [ id=0 name=null description=Test entity isDeleted=false]. Entrance timestamp: 1221394881628
Exit from method [ClientStatusServiceBean#updateClientStatus]. Time spent: 0 ms. Return value: [ id=0 name=null description=Test entity isDeleted=false]
Enter into method [ClientStatusServiceBean#createClientStatus]. Argument info: [ id=0 name=null description=Test entity isDeleted=false]. Entrance timestamp: 1221394881629
Exit from method [ClientStatusServiceBean#createClientStatus]. Time spent: 0 ms. Return value: [ id=0 name=null description=Test entity isDeleted=false]
Enter into method [ClientStatusServiceBean#updateClientStatus]. Argument info: [ id=0 name=null description=Test entity isDeleted=false]. Entrance timestamp: 1221394881629
Exit from method [ClientStatusServiceBean#updateClientStatus]. Time spent: 0 ms. Return value: [ id=0 name=null description=Test entity isDeleted=false]
Enter into method [ClientStatusServiceBean#updateClientStatus]. Argument info: [ id=0 name=null description=Test entity isDeleted=false]. Entrance timestamp: 1221394881629
Exit from method [ClientStatusServiceBean#updateClientStatus]. Time spent: 0 ms. Return value: [ id=0 name=null description=Test entity isDeleted=false]
Enter into method [ClientStatusServiceBean#updateClientStatus]. Argument info: [ id=0 name=null description=Test entity isDeleted=false]. Entrance timestamp: 1221394881629
Exit from method [ClientStatusServiceBean#updateClientStatus]. Time spent: 0 ms. Return value: [ id=0 name=null description=Test entity isDeleted=false]
Enter into method [ClientStatusServiceBean#createClientStatus]. Argument info: [ id=0 name=null description=Test entity isDeleted=false]. Entrance timestamp: 1221394881629
Exit from method [ClientStatusServiceBean#createClientStatus]. Time spent: 0 ms. Return value: [ id=0 name=null description=Test entity isDeleted=false]
Enter into method [ClientStatusServiceBean#updateClientStatus]. Argument info: [ id=0 name=null description=Test entity isDeleted=false]. Entrance timestamp: 1221394881629
Exit from method [ClientStatusServiceBean#updateClientStatus]. Time spent: 0 ms. Return value: [ id=0 name=null description=Test entity isDeleted=false]
Enter into method [ClientStatusServiceBean#deleteClientStatus]. Argument info: [ id=0 name=null description=Test entity isDeleted=false]. Entrance timestamp: 1221394881629
Exit from method [ClientStatusServiceBean#deleteClientStatus]. Time spent: 0 ms. Return value: [ id=0 name=null description=Test entity isDeleted=false]
Enter into method [ClientStatusServiceBean#createClientStatus]. Argument info: [ id=0 name=null description=Test entity isDeleted=false]. Entrance timestamp: 1221394881629
Exit from method [ClientStatusServiceBean#createClientStatus]. Time spent: 0 ms. Return value: [ id=0 name=null description=Test entity isDeleted=false]
Enter into method [ClientStatusServiceBean#createClientStatus]. Argument info: [ id=0 name=null description=Test entity isDeleted=false]. Entrance timestamp: 1221394881629
Exit from method [ClientStatusServiceBean#createClientStatus]. Time spent: 0 ms. Return value: [ id=0 name=null description=Test entity isDeleted=false]
Enter into method [ClientStatusServiceBean#deleteClientStatus]. Argument info: [ id=0 name=null description=Test entity isDeleted=false]. Entrance timestamp: 1221394881629
Exit from method [ClientStatusServiceBean#deleteClientStatus]. Time spent: 0 ms. Return value: [ id=0 name=null description=Test entity isDeleted=false]
Enter into method [ClientStatusServiceBean#createClientStatus]. Argument info: [ id=0 name=null description=Test entity isDeleted=false]. Entrance timestamp: 1221394881629
Exit from method [ClientStatusServiceBean#createClientStatus]. Time spent: 0 ms. Return value: [ id=0 name=null description=Test entity isDeleted=false]
Enter into method [ClientStatusServiceBean#deleteClientStatus]. Argument info: [ id=0 name=null description=Test entity isDeleted=false]. Entrance timestamp: 1221394881629
Exit from method [ClientStatusServiceBean#deleteClientStatus]. Time spent: 0 ms. Return value: [ id=0 name=null description=Test entity isDeleted=false]
Enter into method [ClientStatusServiceBean#updateClientStatus]. Argument info: [ id=0 name=null description=Test entity isDeleted=false]. Entrance timestamp: 1221394881629
Exit from method [ClientStatusServiceBean#updateClientStatus]. Time spent: 0 ms. Return value: [ id=0 name=null description=Test entity isDeleted=false]
Enter into method [ClientStatusServiceBean#updateClientStatus]. Argument info: [ id=0 name=null description=Test entity isDeleted=false]. Entrance timestamp: 1221394881629
Exit from method [ClientStatusServiceBean#updateClientStatus]. Time spent: 0 ms. Return value: [ id=0 name=null description=Test entity isDeleted=false]
Enter into method [ClientStatusServiceBean#updateClientStatus]. Argument info: [ id=0 name=null description=Test entity isDeleted=false]. Entrance timestamp: 1221394881630
Exit from method [ClientStatusServiceBean#updateClientStatus]. Time spent: 0 ms. Return value: [ id=0 name=null description=Test entity isDeleted=false]
Enter into method [ClientStatusServiceBean#updateClientStatus]. Argument info: [ id=0 name=null description=Test entity isDeleted=false]. Entrance timestamp: 1221394881630
Exit from method [ClientStatusServiceBean#updateClientStatus]. Time spent: 0 ms. Return value: [ id=0 name=null description=Test entity isDeleted=false]
Enter into method [ClientStatusServiceBean#updateClientStatus]. Argument info: [ id=0 name=null description=Test entity isDeleted=false]. Entrance timestamp: 1221394881630
Exit from method [ClientStatusServiceBean#updateClientStatus]. Time spent: 0 ms. Return value: [ id=0 name=null description=Test entity isDeleted=false]
Enter into method [ClientStatusServiceBean#updateClientStatus]. Argument info: [ id=0 name=null description=Test entity isDeleted=false]. Entrance timestamp: 1221394881630
Exit from method [ClientStatusServiceBean#updateClientStatus]. Time spent: 0 ms. Return value: [ id=0 name=null description=Test entity isDeleted=false]
Enter into method [ClientStatusServiceBean#deleteClientStatus]. Argument info: [ id=0 name=null description=Test entity isDeleted=false]. Entrance timestamp: 1221394881630
Exit from method [ClientStatusServiceBean#deleteClientStatus]. Time spent: 0 ms. Return value: [ id=0 name=null description=Test entity isDeleted=false]
Enter into method [ClientStatusServiceBean#createClientStatus]. Argument info: [ id=0 name=null description=Test entity isDeleted=false]. Entrance timestamp: 1221394881630
Exit from method [ClientStatusServiceBean#createClientStatus]. Time spent: 0 ms. Return value: [ id=0 name=null description=Test entity isDeleted=false]
Enter into method [ClientStatusServiceBean#createClientStatus]. Argument info: [ id=0 name=null description=Test entity isDeleted=false]. Entrance timestamp: 1221394881630
Exit from method [ClientStatusServiceBean#createClientStatus]. Time spent: 0 ms. Return value: [ id=0 name=null description=Test entity isDeleted=false]
Enter into method [ClientStatusServiceBean#updateClientStatus]. Argument info: [ id=0 name=null description=Test entity isDeleted=false]. Entrance timestamp: 1221394881630
Exit from method [ClientStatusServiceBean#updateClientStatus]. Time spent: 0 ms. Return value: [ id=0 name=null description=Test entity isDeleted=false]
Enter into method [ClientStatusServiceBean#createClientStatus]. Argument info: [ id=0 name=null description=Test entity isDeleted=false]. Entrance timestamp: 1221394881630
Exit from method [ClientStatusServiceBean#createClientStatus]. Time spent: 0 ms. Return value: [ id=0 name=null description=Test entity isDeleted=false]
Enter into method [ClientStatusServiceBean#deleteClientStatus]. Argument info: [ id=0 name=null description=Test entity isDeleted=false]. Entrance timestamp: 1221394881630
Exit from method [ClientStatusServiceBean#deleteClientStatus]. Time spent: 0 ms. Return value: [ id=0 name=null description=Test entity isDeleted=false]
Enter into method [ClientStatusServiceBean#updateClientStatus]. Argument info: [ id=0 name=null description=Test entity isDeleted=false]. Entrance timestamp: 1221394881630
Exit from method [ClientStatusServiceBean#updateClientStatus]. Time spent: 0 ms. Return value: [ id=0 name=null description=Test entity isDeleted=false]
Enter into method [ClientStatusServiceBean#updateClientStatus]. Argument info: [ id=0 name=null description=Test entity isDeleted=false]. Entrance timestamp: 1221394881630
Exit from method [ClientStatusServiceBean#updateClientStatus]. Time spent: 0 ms. Return value: [ id=0 name=null description=Test entity isDeleted=false]
Enter into method [ClientStatusServiceBean#createClientStatus]. Argument info: [ id=0 name=null description=Test entity isDeleted=false]. Entrance timestamp: 1221394881630
Exit from method [ClientStatusServiceBean#createClientStatus]. Time spent: 0 ms. Return value: [ id=0 name=null description=Test entity isDeleted=false]
Enter into method [ClientStatusServiceBean#createClientStatus]. Argument info: [ id=0 name=null description=Test entity isDeleted=false]. Entrance timestamp: 1221394881630
Exit from method [ClientStatusServiceBean#createClientStatus]. Time spent: 0 ms. Return value: [ id=0 name=null description=Test entity isDeleted=false]
Enter into method [ClientStatusServiceBean#createClientStatus]. Argument info: [ id=0 name=null description=Test entity isDeleted=false]. Entrance timestamp: 1221394881630
Exit from method [ClientStatusServiceBean#createClientStatus]. Time spent: 0 ms. Return value: [ id=0 name=null description=Test entity isDeleted=false]
Enter into method [ClientStatusServiceBean#deleteClientStatus]. Argument info: [ id=0 name=null description=Test entity isDeleted=false]. Entrance timestamp: 1221394881630
Exit from method [ClientStatusServiceBean#deleteClientStatus]. Time spent: 0 ms. Return value: [ id=0 name=null description=Test entity isDeleted=false]
Enter into method [ClientStatusServiceBean#updateClientStatus]. Argument info: [ id=0 name=null description=Test entity isDeleted=false]. Entrance timestamp: 1221394881630
Exit from method [ClientStatusServiceBean#updateClientStatus]. Time spent: 0 ms. Return value: [ id=0 name=null description=Test entity isDeleted=false]
Enter into method [ClientStatusServiceBean#createClientStatus]. Argument info: [ id=0 name=null description=Test entity isDeleted=false]. Entrance timestamp: 1221394881630
Exit from method [ClientStatusServiceBean#createClientStatus]. Time spent: 0 ms. Return value: [ id=0 name=null description=Test entity isDeleted=false]
Enter into method [ClientStatusServiceBean#createClientStatus]. Argument info: [ id=0 name=null description=Test entity isDeleted=false]. Entrance timestamp: 1221394881630
Exit from method [ClientStatusServiceBean#createClientStatus]. Time spent: 0 ms. Return value: [ id=0 name=null description=Test entity isDeleted=false]
Enter into method [ClientStatusServiceBean#updateClientStatus]. Argument info: [ id=0 name=null description=Test entity isDeleted=false]. Entrance timestamp: 1221394881631
Exit from method [ClientStatusServiceBean#updateClientStatus]. Time spent: 0 ms. Return value: [ id=0 name=null description=Test entity isDeleted=false]
Enter into method [ClientStatusServiceBean#createClientStatus]. Argument info: [ id=0 name=null description=Test entity isDeleted=false]. Entrance timestamp: 1221394881631
Exit from method [ClientStatusServiceBean#createClientStatus]. Time spent: 0 ms. Return value: [ id=0 name=null description=Test entity isDeleted=false]
Enter into method [ClientStatusServiceBean#deleteClientStatus]. Argument info: [ id=0 name=null description=Test entity isDeleted=false]. Entrance timestamp: 1221394881631
Exit from method [ClientStatusServiceBean#deleteClientStatus]. Time spent: 0 ms. Return value: [ id=0 name=null description=Test entity isDeleted=false]
Enter into method [ClientStatusServiceBean#updateClientStatus]. Argument info: [ id=0 name=null description=Test entity isDeleted=false]. Entrance timestamp: 1221394881631
Exit from method [ClientStatusServiceBean#updateClientStatus]. Time spent: 0 ms. Return value: [ id=0 name=null description=Test entity isDeleted=false]
Enter into method [ClientStatusServiceBean#deleteClientStatus]. Argument info: [ id=0 name=null description=Test entity isDeleted=false]. Entrance timestamp: 1221394881631
Exit from method [ClientStatusServiceBean#deleteClientStatus]. Time spent: 0 ms. Return value: [ id=0 name=null description=Test entity isDeleted=false]
Enter into method [ClientStatusServiceBean#deleteClientStatus]. Argument info: [ id=0 name=null description=Test entity isDeleted=false]. Entrance timestamp: 1221394881631
Exit from method [ClientStatusServiceBean#deleteClientStatus]. Time spent: 0 ms. Return value: [ id=0 name=null description=Test entity isDeleted=false]
Enter into method [ClientStatusServiceBean#createClientStatus]. Argument info: [ id=0 name=null description=Test entity isDeleted=false]. Entrance timestamp: 1221394881631
Exit from method [ClientStatusServiceBean#createClientStatus]. Time spent: 0 ms. Return value: [ id=0 name=null description=Test entity isDeleted=false]
Enter into method [ClientStatusServiceBean#deleteClientStatus]. Argument info: [ id=0 name=null description=Test entity isDeleted=false]. Entrance timestamp: 1221394881631
Exit from method [ClientStatusServiceBean#deleteClientStatus]. Time spent: 0 ms. Return value: [ id=0 name=null description=Test entity isDeleted=false]
Enter into method [ClientStatusServiceBean#deleteClientStatus]. Argument info: [ id=0 name=null description=Test entity isDeleted=false]. Entrance timestamp: 1221394881631
Exit from method [ClientStatusServiceBean#deleteClientStatus]. Time spent: 0 ms. Return value: [ id=0 name=null description=Test entity isDeleted=false]
Enter into method [ClientStatusServiceBean#createClientStatus]. Argument info: [ id=0 name=null description=Test entity isDeleted=false]. Entrance timestamp: 1221394881631
Exit from method [ClientStatusServiceBean#createClientStatus]. Time spent: 0 ms. Return value: [ id=0 name=null description=Test entity isDeleted=false]
Enter into method [ClientStatusServiceBean#updateClientStatus]. Argument info: [ id=0 name=null description=Test entity isDeleted=false]. Entrance timestamp: 1221394881631
Exit from method [ClientStatusServiceBean#updateClientStatus]. Time spent: 0 ms. Return value: [ id=0 name=null description=Test entity isDeleted=false]
Enter into method [ClientStatusServiceBean#deleteClientStatus]. Argument info: [ id=0 name=null description=Test entity isDeleted=false]. Entrance timestamp: 1221394881631
Exit from method [ClientStatusServiceBean#deleteClientStatus]. Time spent: 0 ms. Return value: [ id=0 name=null description=Test entity isDeleted=false]
Enter into method [ClientStatusServiceBean#updateClientStatus]. Argument info: [ id=0 name=null description=Test entity isDeleted=false]. Entrance timestamp: 1221394881631
Exit from method [ClientStatusServiceBean#updateClientStatus]. Time spent: 0 ms. Return value: [ id=0 name=null description=Test entity isDeleted=false]
Enter into method [ClientStatusServiceBean#createClientStatus]. Argument info: [ id=0 name=null description=Test entity isDeleted=false]. Entrance timestamp: 1221394881631
Exit from method [ClientStatusServiceBean#createClientStatus]. Time spent: 1 ms. Return value: [ id=0 name=null description=Test entity isDeleted=false]
Enter into method [ClientStatusServiceBean#updateClientStatus]. Argument info: [ id=0 name=null description=Test entity isDeleted=false]. Entrance timestamp: 1221394881632
Exit from method [ClientStatusServiceBean#updateClientStatus]. Time spent: 0 ms. Return value: [ id=0 name=null description=Test entity isDeleted=false]
Enter into method [ClientStatusServiceBean#updateClientStatus]. Argument info: [ id=0 name=null description=Test entity isDeleted=false]. Entrance timestamp: 1221394881632
Exit from method [ClientStatusServiceBean#updateClientStatus]. Time spent: 0 ms. Return value: [ id=0 name=null description=Test entity isDeleted=false]
Enter into method [ClientStatusServiceBean#deleteClientStatus]. Argument info: [ id=0 name=null description=Test entity isDeleted=false]. Entrance timestamp: 1221394881632
Exit from method [ClientStatusServiceBean#deleteClientStatus]. Time spent: 0 ms. Return value: [ id=0 name=null description=Test entity isDeleted=false]
Enter into method [ClientStatusServiceBean#deleteClientStatus]. Argument info: [ id=0 name=null description=Test entity isDeleted=false]. Entrance timestamp: 1221394881632
Exit from method [ClientStatusServiceBean#deleteClientStatus]. Time spent: 0 ms. Return value: [ id=0 name=null description=Test entity isDeleted=false]
Enter into method [ClientStatusServiceBean#createClientStatus]. Argument info: [ id=0 name=null description=Test entity isDeleted=false]. Entrance timestamp: 1221394881632
Exit from method [ClientStatusServiceBean#createClientStatus]. Time spent: 0 ms. Return value: [ id=0 name=null description=Test entity isDeleted=false]
Enter into method [ClientStatusServiceBean#updateClientStatus]. Argument info: [ id=0 name=null description=Test entity isDeleted=false]. Entrance timestamp: 1221394881632
Exit from method [ClientStatusServiceBean#updateClientStatus]. Time spent: 0 ms. Return value: [ id=0 name=null description=Test entity isDeleted=false]
Enter into method [ClientStatusServiceBean#deleteClientStatus]. Argument info: [ id=0 name=null description=Test entity isDeleted=false]. Entrance timestamp: 1221394881632
Exit from method [ClientStatusServiceBean#deleteClientStatus]. Time spent: 0 ms. Return value: [ id=0 name=null description=Test entity isDeleted=false]
Enter into method [ClientStatusServiceBean#createClientStatus]. Argument info: [ id=0 name=null description=Test entity isDeleted=false]. Entrance timestamp: 1221394881632
Exit from method [ClientStatusServiceBean#createClientStatus]. Time spent: 0 ms. Return value: [ id=0 name=null description=Test entity isDeleted=false]
Enter into method [ClientStatusServiceBean#updateClientStatus]. Argument info: [ id=0 name=null description=Test entity isDeleted=false]. Entrance timestamp: 1221394881632
Exit from method [ClientStatusServiceBean#updateClientStatus]. Time spent: 0 ms. Return value: [ id=0 name=null description=Test entity isDeleted=false]
Enter into method [ClientStatusServiceBean#deleteClientStatus]. Argument info: [ id=0 name=null description=Test entity isDeleted=false]. Entrance timestamp: 1221394881632
Exit from method [ClientStatusServiceBean#deleteClientStatus]. Time spent: 0 ms. Return value: [ id=0 name=null description=Test entity isDeleted=false]
Enter into method [ClientStatusServiceBean#deleteClientStatus]. Argument info: [ id=0 name=null description=Test entity isDeleted=false]. Entrance timestamp: 1221394881632
Exit from method [ClientStatusServiceBean#deleteClientStatus]. Time spent: 0 ms. Return value: [ id=0 name=null description=Test entity isDeleted=false]
Enter into method [ClientStatusServiceBean#deleteClientStatus]. Argument info: [ id=0 name=null description=Test entity isDeleted=false]. Entrance timestamp: 1221394881632
Exit from method [ClientStatusServiceBean#deleteClientStatus]. Time spent: 0 ms. Return value: [ id=0 name=null description=Test entity isDeleted=false]
Enter into method [ClientStatusServiceBean#createClientStatus]. Argument info: [ id=0 name=null description=Test entity isDeleted=false]. Entrance timestamp: 1221394881632
Exit from method [ClientStatusServiceBean#createClientStatus]. Time spent: 0 ms. Return value: [ id=0 name=null description=Test entity isDeleted=false]
Enter into method [ClientStatusServiceBean#createClientStatus]. Argument info: [ id=0 name=null description=Test entity isDeleted=false]. Entrance timestamp: 1221394881632
Exit from method [ClientStatusServiceBean#createClientStatus]. Time spent: 0 ms. Return value: [ id=0 name=null description=Test entity isDeleted=false]
Enter into method [ClientStatusServiceBean#updateClientStatus]. Argument info: [ id=0 name=null description=Test entity isDeleted=false]. Entrance timestamp: 1221394881632
Exit from method [ClientStatusServiceBean#updateClientStatus]. Time spent: 0 ms. Return value: [ id=0 name=null description=Test entity isDeleted=false]
Enter into method [ClientStatusServiceBean#deleteClientStatus]. Argument info: [ id=0 name=null description=Test entity isDeleted=false]. Entrance timestamp: 1221394881632
Exit from method [ClientStatusServiceBean#deleteClientStatus]. Time spent: 1 ms. Return value: [ id=0 name=null description=Test entity isDeleted=false]
Enter into method [ClientStatusServiceBean#updateClientStatus]. Argument info: [ id=0 name=null description=Test entity isDeleted=false]. Entrance timestamp: 1221394881633
Exit from method [ClientStatusServiceBean#updateClientStatus]. Time spent: 0 ms. Return value: [ id=0 name=null description=Test entity isDeleted=false]
Enter into method [ClientStatusServiceBean#deleteClientStatus]. Argument info: [ id=0 name=null description=Test entity isDeleted=false]. Entrance timestamp: 1221394881633
Exit from method [ClientStatusServiceBean#deleteClientStatus]. Time spent: 0 ms. Return value: [ id=0 name=null description=Test entity isDeleted=false]
Enter into method [ClientStatusServiceBean#createClientStatus]. Argument info: [ id=0 name=null description=Test entity isDeleted=false]. Entrance timestamp: 1221394881633
Exit from method [ClientStatusServiceBean#createClientStatus]. Time spent: 3 ms. Return value: [ id=0 name=null description=Test entity isDeleted=false]
Enter into method [ClientStatusServiceBean#deleteClientStatus]. Argument info: [ id=0 name=null description=Test entity isDeleted=false]. Entrance timestamp: 1221394881636
Exit from method [ClientStatusServiceBean#deleteClientStatus]. Time spent: 0 ms. Return value: [ id=0 name=null description=Test entity isDeleted=false]
Enter into method [ClientStatusServiceBean#deleteClientStatus]. Argument info: [ id=0 name=null description=Test entity isDeleted=false]. Entrance timestamp: 1221394881636
Exit from method [ClientStatusServiceBean#deleteClientStatus]. Time spent: 0 ms. Return value: [ id=0 name=null description=Test entity isDeleted=false]
Enter into method [ClientStatusServiceBean#createClientStatus]. Argument info: [ id=0 name=null description=Test entity isDeleted=false]. Entrance timestamp: 1221394881636
Exit from method [ClientStatusServiceBean#createClientStatus]. Time spent: 0 ms. Return value: [ id=0 name=null description=Test entity isDeleted=false]
Enter into method [ClientStatusServiceBean#createClientStatus]. Argument info: [ id=0 name=null description=Test entity isDeleted=false]. Entrance timestamp: 1221394881636
Exit from method [ClientStatusServiceBean#createClientStatus]. Time spent: 0 ms. Return value: [ id=0 name=null description=Test entity isDeleted=false]
Enter into method [ClientStatusServiceBean#deleteClientStatus]. Argument info: [ id=0 name=null description=Test entity isDeleted=false]. Entrance timestamp: 1221394881636
Exit from method [ClientStatusServiceBean#deleteClientStatus]. Time spent: 0 ms. Return value: [ id=0 name=null description=Test entity isDeleted=false]
Enter into method [ClientStatusServiceBean#updateClientStatus]. Argument info: [ id=0 name=null description=Test entity isDeleted=false]. Entrance timestamp: 1221394881636
Exit from method [ClientStatusServiceBean#updateClientStatus]. Time spent: 0 ms. Return value: [ id=0 name=null description=Test entity isDeleted=false]
Enter into method [ClientStatusServiceBean#deleteClientStatus]. Argument info: [ id=0 name=null description=Test entity isDeleted=false]. Entrance timestamp: 1221394881636
Exit from method [ClientStatusServiceBean#deleteClientStatus]. Time spent: 1 ms. Return value: [ id=0 name=null description=Test entity isDeleted=false]
Enter into method [ClientStatusServiceBean#createClientStatus]. Argument info: [ id=0 name=null description=Test entity isDeleted=false]. Entrance timestamp: 1221394881637
Exit from method [ClientStatusServiceBean#createClientStatus]. Time spent: 0 ms. Return value: [ id=0 name=null description=Test entity isDeleted=false]
Enter into method [ClientStatusServiceBean#updateClientStatus]. Argument info: [ id=0 name=null description=Test entity isDeleted=false]. Entrance timestamp: 1221394881637
Exit from method [ClientStatusServiceBean#updateClientStatus]. Time spent: 0 ms. Return value: [ id=0 name=null description=Test entity isDeleted=false]
Enter into method [ClientStatusServiceBean#updateClientStatus]. Argument info: [ id=0 name=null description=Test entity isDeleted=false]. Entrance timestamp: 1221394881637
Exit from method [ClientStatusServiceBean#updateClientStatus]. Time spent: 0 ms. Return value: [ id=0 name=null description=Test entity isDeleted=false]
Enter into method [ClientStatusServiceBean#deleteClientStatus]. Argument info: [ id=0 name=null description=Test entity isDeleted=false]. Entrance timestamp: 1221394881637
Exit from method [ClientStatusServiceBean#deleteClientStatus]. Time spent: 0 ms. Return value: [ id=0 name=null description=Test entity isDeleted=false]
Enter into method [ClientStatusServiceBean#updateClientStatus]. Argument info: [ id=0 name=null description=Test entity isDeleted=false]. Entrance timestamp: 1221394881637
Exit from method [ClientStatusServiceBean#updateClientStatus]. Time spent: 0 ms. Return value: [ id=0 name=null description=Test entity isDeleted=false]
Enter into method [ClientStatusServiceBean#updateClientStatus]. Argument info: [ id=0 name=null description=Test entity isDeleted=false]. Entrance timestamp: 1221394881637
Exit from method [ClientStatusServiceBean#updateClientStatus]. Time spent: 0 ms. Return value: [ id=0 name=null description=Test entity isDeleted=false]
Enter into method [ClientStatusServiceBean#updateClientStatus]. Argument info: [ id=0 name=null description=Test entity isDeleted=false]. Entrance timestamp: 1221394881637
Exit from method [ClientStatusServiceBean#updateClientStatus]. Time spent: 0 ms. Return value: [ id=0 name=null description=Test entity isDeleted=false]
Enter into method [ClientStatusServiceBean#deleteClientStatus]. Argument info: [ id=0 name=null description=Test entity isDeleted=false]. Entrance timestamp: 1221394881637
Exit from method [ClientStatusServiceBean#deleteClientStatus]. Time spent: 0 ms. Return value: [ id=0 name=null description=Test entity isDeleted=false]
Enter into method [ClientStatusServiceBean#deleteClientStatus]. Argument info: [ id=0 name=null description=Test entity isDeleted=false]. Entrance timestamp: 1221394881637
Exit from method [ClientStatusServiceBean#deleteClientStatus]. Time spent: 0 ms. Return value: [ id=0 name=null description=Test entity isDeleted=false]
Enter into method [ClientStatusServiceBean#updateClientStatus]. Argument info: [ id=0 name=null description=Test entity isDeleted=false]. Entrance timestamp: 1221394881637
Exit from method [ClientStatusServiceBean#updateClientStatus]. Time spent: 0 ms. Return value: [ id=0 name=null description=Test entity isDeleted=false]
Enter into method [ClientStatusServiceBean#updateClientStatus]. Argument info: [ id=0 name=null description=Test entity isDeleted=false]. Entrance timestamp: 1221394881637
Exit from method [ClientStatusServiceBean#updateClientStatus]. Time spent: 0 ms. Return value: [ id=0 name=null description=Test entity isDeleted=false]
Enter into method [ClientStatusServiceBean#createClientStatus]. Argument info: [ id=0 name=null description=Test entity isDeleted=false]. Entrance timestamp: 1221394881637
Exit from method [ClientStatusServiceBean#createClientStatus]. Time spent: 0 ms. Return value: [ id=0 name=null description=Test entity isDeleted=false]
Enter into method [ClientStatusServiceBean#updateClientStatus]. Argument info: [ id=0 name=null description=Test entity isDeleted=false]. Entrance timestamp: 1221394881637
Exit from method [ClientStatusServiceBean#updateClientStatus]. Time spent: 0 ms. Return value: [ id=0 name=null description=Test entity isDeleted=false]
Enter into method [ClientStatusServiceBean#createClientStatus]. Argument info: [ id=0 name=null description=Test entity isDeleted=false]. Entrance timestamp: 1221394881637
Exit from method [ClientStatusServiceBean#createClientStatus]. Time spent: 0 ms. Return value: [ id=0 name=null description=Test entity isDeleted=false]
Enter into method [ClientStatusServiceBean#createClientStatus]. Argument info: [ id=0 name=null description=Test entity isDeleted=false]. Entrance timestamp: 1221394881637
Exit from method [ClientStatusServiceBean#createClientStatus]. Time spent: 0 ms. Return value: [ id=0 name=null description=Test entity isDeleted=false]
Enter into method [ClientStatusServiceBean#deleteClientStatus]. Argument info: [ id=0 name=null description=Test entity isDeleted=false]. Entrance timestamp: 1221394881637
Exit from method [ClientStatusServiceBean#deleteClientStatus]. Time spent: 0 ms. Return value: [ id=0 name=null description=Test entity isDeleted=false]
Enter into method [ClientStatusServiceBean#updateClientStatus]. Argument info: [ id=0 name=null description=Test entity isDeleted=false]. Entrance timestamp: 1221394881637
Exit from method [ClientStatusServiceBean#updateClientStatus]. Time spent: 0 ms. Return value: [ id=0 name=null description=Test entity isDeleted=false]
Enter into method [ClientStatusServiceBean#createClientStatus]. Argument info: [ id=0 name=null description=Test entity isDeleted=false]. Entrance timestamp: 1221394881637
Exit from method [ClientStatusServiceBean#createClientStatus]. Time spent: 0 ms. Return value: [ id=0 name=null description=Test entity isDeleted=false]
Enter into method [ClientStatusServiceBean#createClientStatus]. Argument info: [ id=0 name=null description=Test entity isDeleted=false]. Entrance timestamp: 1221394881638
Exit from method [ClientStatusServiceBean#createClientStatus]. Time spent: 0 ms. Return value: [ id=0 name=null description=Test entity isDeleted=false]
Enter into method [ClientStatusServiceBean#deleteClientStatus]. Argument info: [ id=0 name=null description=Test entity isDeleted=false]. Entrance timestamp: 1221394881638
Exit from method [ClientStatusServiceBean#deleteClientStatus]. Time spent: 0 ms. Return value: [ id=0 name=null description=Test entity isDeleted=false]
Enter into method [ClientStatusServiceBean#deleteClientStatus]. Argument info: [ id=0 name=null description=Test entity isDeleted=false]. Entrance timestamp: 1221394881638
Exit from method [ClientStatusServiceBean#deleteClientStatus]. Time spent: 0 ms. Return value: [ id=0 name=null description=Test entity isDeleted=false]
Enter into method [ClientStatusServiceBean#createClientStatus]. Argument info: [ id=0 name=null description=Test entity isDeleted=false]. Entrance timestamp: 1221394881638
Exit from method [ClientStatusServiceBean#createClientStatus]. Time spent: 0 ms. Return value: [ id=0 name=null description=Test entity isDeleted=false]
Enter into method [ClientStatusServiceBean#createClientStatus]. Argument info: [ id=0 name=null description=Test entity isDeleted=false]. Entrance timestamp: 1221394881638
Exit from method [ClientStatusServiceBean#createClientStatus]. Time spent: 0 ms. Return value: [ id=0 name=null description=Test entity isDeleted=false]
Enter into method [ClientStatusServiceBean#deleteClientStatus]. Argument info: [ id=0 name=null description=Test entity isDeleted=false]. Entrance timestamp: 1221394881638
Exit from method [ClientStatusServiceBean#deleteClientStatus]. Time spent: 0 ms. Return value: [ id=0 name=null description=Test entity isDeleted=false]
Enter into method [ClientStatusServiceBean#createClientStatus]. Argument info: [ id=0 name=null description=Test entity isDeleted=false]. Entrance timestamp: 1221394881638
Exit from method [ClientStatusServiceBean#createClientStatus]. Time spent: 0 ms. Return value: [ id=0 name=null description=Test entity isDeleted=false]
Enter into method [ClientStatusServiceBean#updateClientStatus]. Argument info: [ id=0 name=null description=Test entity isDeleted=false]. Entrance timestamp: 1221394881638
Exit from method [ClientStatusServiceBean#updateClientStatus]. Time spent: 0 ms. Return value: [ id=0 name=null description=Test entity isDeleted=false]
Enter into method [ClientStatusServiceBean#deleteClientStatus]. Argument info: [ id=0 name=null description=Test entity isDeleted=false]. Entrance timestamp: 1221394881638
Exit from method [ClientStatusServiceBean#deleteClientStatus]. Time spent: 0 ms. Return value: [ id=0 name=null description=Test entity isDeleted=false]
Enter into method [ClientStatusServiceBean#createClientStatus]. Argument info: [ id=0 name=null description=Test entity isDeleted=false]. Entrance timestamp: 1221394881638
Exit from method [ClientStatusServiceBean#createClientStatus]. Time spent: 0 ms. Return value: [ id=0 name=null description=Test entity isDeleted=false]
Enter into method [ClientStatusServiceBean#createClientStatus]. Argument info: [ id=0 name=null description=Test entity isDeleted=false]. Entrance timestamp: 1221394881638
Exit from method [ClientStatusServiceBean#createClientStatus]. Time spent: 0 ms. Return value: [ id=0 name=null description=Test entity isDeleted=false]
Enter into method [ClientStatusServiceBean#updateClientStatus]. Argument info: [ id=0 name=null description=Test entity isDeleted=false]. Entrance timestamp: 1221394881638
Exit from method [ClientStatusServiceBean#updateClientStatus]. Time spent: 0 ms. Return value: [ id=0 name=null description=Test entity isDeleted=false]
Enter into method [ClientStatusServiceBean#deleteClientStatus]. Argument info: [ id=0 name=null description=Test entity isDeleted=false]. Entrance timestamp: 1221394881638
Exit from method [ClientStatusServiceBean#deleteClientStatus]. Time spent: 0 ms. Return value: [ id=0 name=null description=Test entity isDeleted=false]
Enter into method [ClientStatusServiceBean#updateClientStatus]. Argument info: [ id=0 name=null description=Test entity isDeleted=false]. Entrance timestamp: 1221394881638
Exit from method [ClientStatusServiceBean#updateClientStatus]. Time spent: 0 ms. Return value: [ id=0 name=null description=Test entity isDeleted=false]
Enter into method [ClientStatusServiceBean#updateClientStatus]. Argument info: [ id=0 name=null description=Test entity isDeleted=false]. Entrance timestamp: 1221394881638
Exit from method [ClientStatusServiceBean#updateClientStatus]. Time spent: 0 ms. Return value: [ id=0 name=null description=Test entity isDeleted=false]
Enter into method [ClientStatusServiceBean#deleteClientStatus]. Argument info: [ id=0 name=null description=Test entity isDeleted=false]. Entrance timestamp: 1221394881638
Exit from method [ClientStatusServiceBean#deleteClientStatus]. Time spent: 0 ms. Return value: [ id=0 name=null description=Test entity isDeleted=false]
Enter into method [ClientStatusServiceBean#updateClientStatus]. Argument info: [ id=0 name=null description=Test entity isDeleted=false]. Entrance timestamp: 1221394881638
Exit from method [ClientStatusServiceBean#updateClientStatus]. Time spent: 0 ms. Return value: [ id=0 name=null description=Test entity isDeleted=false]
Enter into method [ClientStatusServiceBean#createClientStatus]. Argument info: [ id=0 name=null description=Test entity isDeleted=false]. Entrance timestamp: 1221394881638
Exit from method [ClientStatusServiceBean#createClientStatus]. Time spent: 0 ms. Return value: [ id=0 name=null description=Test entity isDeleted=false]
Enter into method [ClientStatusServiceBean#createClientStatus]. Argument info: [ id=0 name=null description=Test entity isDeleted=false]. Entrance timestamp: 1221394881638
Exit from method [ClientStatusServiceBean#createClientStatus]. Time spent: 0 ms. Return value: [ id=0 name=null description=Test entity isDeleted=false]
Enter into method [ClientStatusServiceBean#deleteClientStatus]. Argument info: [ id=0 name=null description=Test entity isDeleted=false]. Entrance timestamp: 1221394881638
Exit from method [ClientStatusServiceBean#deleteClientStatus]. Time spent: 0 ms. Return value: [ id=0 name=null description=Test entity isDeleted=false]
Enter into method [ClientStatusServiceBean#createClientStatus]. Argument info: [ id=0 name=null description=Test entity isDeleted=false]. Entrance timestamp: 1221394881638
Exit from method [ClientStatusServiceBean#createClientStatus]. Time spent: 1 ms. Return value: [ id=0 name=null description=Test entity isDeleted=false]
Enter into method [ClientStatusServiceBean#deleteClientStatus]. Argument info: [ id=0 name=null description=Test entity isDeleted=false]. Entrance timestamp: 1221394881639
Exit from method [ClientStatusServiceBean#deleteClientStatus]. Time spent: 0 ms. Return value: [ id=0 name=null description=Test entity isDeleted=false]
Enter into method [ClientStatusServiceBean#createClientStatus]. Argument info: [ id=0 name=null description=Test entity isDeleted=false]. Entrance timestamp: 1221394881639
Exit from method [ClientStatusServiceBean#createClientStatus]. Time spent: 0 ms. Return value: [ id=0 name=null description=Test entity isDeleted=false]
Enter into method [ClientStatusServiceBean#deleteClientStatus]. Argument info: [ id=0 name=null description=Test entity isDeleted=false]. Entrance timestamp: 1221394881639
Exit from method [ClientStatusServiceBean#deleteClientStatus]. Time spent: 0 ms. Return value: [ id=0 name=null description=Test entity isDeleted=false]
Enter into method [ClientStatusServiceBean#updateClientStatus]. Argument info: [ id=0 name=null description=Test entity isDeleted=false]. Entrance timestamp: 1221394881639
Exit from method [ClientStatusServiceBean#updateClientStatus]. Time spent: 0 ms. Return value: [ id=0 name=null description=Test entity isDeleted=false]
Enter into method [ClientStatusServiceBean#updateClientStatus]. Argument info: [ id=0 name=null description=Test entity isDeleted=false]. Entrance timestamp: 1221394881639
Exit from method [ClientStatusServiceBean#updateClientStatus]. Time spent: 0 ms. Return value: [ id=0 name=null description=Test entity isDeleted=false]
Enter into method [ClientStatusServiceBean#deleteClientStatus]. Argument info: [ id=0 name=null description=Test entity isDeleted=false]. Entrance timestamp: 1221394881639
Exit from method [ClientStatusServiceBean#deleteClientStatus]. Time spent: 0 ms. Return value: [ id=0 name=null description=Test entity isDeleted=false]
Enter into method [ClientStatusServiceBean#updateClientStatus]. Argument info: [ id=0 name=null description=Test entity isDeleted=false]. Entrance timestamp: 1221394881639
Exit from method [ClientStatusServiceBean#updateClientStatus]. Time spent: 0 ms. Return value: [ id=0 name=null description=Test entity isDeleted=false]
Enter into method [ClientStatusServiceBean#deleteClientStatus]. Argument info: [ id=0 name=null description=Test entity isDeleted=false]. Entrance timestamp: 1221394881639
Exit from method [ClientStatusServiceBean#deleteClientStatus]. Time spent: 0 ms. Return value: [ id=0 name=null description=Test entity isDeleted=false]
Enter into method [ClientStatusServiceBean#deleteClientStatus]. Argument info: [ id=0 name=null description=Test entity isDeleted=false]. Entrance timestamp: 1221394881639
Exit from method [ClientStatusServiceBean#deleteClientStatus]. Time spent: 0 ms. Return value: [ id=0 name=null description=Test entity isDeleted=false]
Enter into method [ClientStatusServiceBean#createClientStatus]. Argument info: [ id=0 name=null description=Test entity isDeleted=false]. Entrance timestamp: 1221394881639
Exit from method [ClientStatusServiceBean#createClientStatus]. Time spent: 0 ms. Return value: [ id=0 name=null description=Test entity isDeleted=false]
Enter into method [ClientStatusServiceBean#createClientStatus]. Argument info: [ id=0 name=null description=Test entity isDeleted=false]. Entrance timestamp: 1221394881639
Exit from method [ClientStatusServiceBean#createClientStatus]. Time spent: 0 ms. Return value: [ id=0 name=null description=Test entity isDeleted=false]
Enter into method [ClientStatusServiceBean#deleteClientStatus]. Argument info: [ id=0 name=null description=Test entity isDeleted=false]. Entrance timestamp: 1221394881639
Exit from method [ClientStatusServiceBean#deleteClientStatus]. Time spent: 0 ms. Return value: [ id=0 name=null description=Test entity isDeleted=false]
Enter into method [ClientStatusServiceBean#createClientStatus]. Argument info: [ id=0 name=null description=Test entity isDeleted=false]. Entrance timestamp: 1221394881639
Exit from method [ClientStatusServiceBean#createClientStatus]. Time spent: 0 ms. Return value: [ id=0 name=null description=Test entity isDeleted=false]
Enter into method [ClientStatusServiceBean#deleteClientStatus]. Argument info: [ id=0 name=null description=Test entity isDeleted=false]. Entrance timestamp: 1221394881639
Exit from method [ClientStatusServiceBean#deleteClientStatus]. Time spent: 1 ms. Return value: [ id=0 name=null description=Test entity isDeleted=false]
Enter into method [ClientStatusServiceBean#updateClientStatus]. Argument info: [ id=0 name=null description=Test entity isDeleted=false]. Entrance timestamp: 1221394881640
Exit from method [ClientStatusServiceBean#updateClientStatus]. Time spent: 0 ms. Return value: [ id=0 name=null description=Test entity isDeleted=false]
Enter into method [ClientStatusServiceBean#createClientStatus]. Argument info: [ id=0 name=null description=Test entity isDeleted=false]. Entrance timestamp: 1221394881640
Exit from method [ClientStatusServiceBean#createClientStatus]. Time spent: 0 ms. Return value: [ id=0 name=null description=Test entity isDeleted=false]
Enter into method [ClientStatusServiceBean#createClientStatus]. Argument info: [ id=0 name=null description=Test entity isDeleted=false]. Entrance timestamp: 1221394881640
Exit from method [ClientStatusServiceBean#createClientStatus]. Time spent: 0 ms. Return value: [ id=0 name=null description=Test entity isDeleted=false]
Enter into method [ClientStatusServiceBean#createClientStatus]. Argument info: [ id=0 name=null description=Test entity isDeleted=false]. Entrance timestamp: 1221394881640
Exit from method [ClientStatusServiceBean#createClientStatus]. Time spent: 0 ms. Return value: [ id=0 name=null description=Test entity isDeleted=false]
Enter into method [ClientStatusServiceBean#updateClientStatus]. Argument info: [ id=0 name=null description=Test entity isDeleted=false]. Entrance timestamp: 1221394881640
Exit from method [ClientStatusServiceBean#updateClientStatus]. Time spent: 0 ms. Return value: [ id=0 name=null description=Test entity isDeleted=false]
Enter into method [ClientStatusServiceBean#createClientStatus]. Argument info: [ id=0 name=null description=Test entity isDeleted=false]. Entrance timestamp: 1221394881640
Exit from method [ClientStatusServiceBean#createClientStatus]. Time spent: 0 ms. Return value: [ id=0 name=null description=Test entity isDeleted=false]
Enter into method [ClientStatusServiceBean#createClientStatus]. Argument info: [ id=0 name=null description=Test entity isDeleted=false]. Entrance timestamp: 1221394881640
Exit from method [ClientStatusServiceBean#createClientStatus]. Time spent: 0 ms. Return value: [ id=0 name=null description=Test entity isDeleted=false]
Enter into method [ClientStatusServiceBean#deleteClientStatus]. Argument info: [ id=0 name=null description=Test entity isDeleted=false]. Entrance timestamp: 1221394881640
Exit from method [ClientStatusServiceBean#deleteClientStatus]. Time spent: 0 ms. Return value: [ id=0 name=null description=Test entity isDeleted=false]
Enter into method [ClientStatusServiceBean#deleteClientStatus]. Argument info: [ id=0 name=null description=Test entity isDeleted=false]. Entrance timestamp: 1221394881640
Exit from method [ClientStatusServiceBean#deleteClientStatus]. Time spent: 0 ms. Return value: [ id=0 name=null description=Test entity isDeleted=false]
Enter into method [ClientStatusServiceBean#deleteClientStatus]. Argument info: [ id=0 name=null description=Test entity isDeleted=false]. Entrance timestamp: 1221394881640
Exit from method [ClientStatusServiceBean#deleteClientStatus]. Time spent: 0 ms. Return value: [ id=0 name=null description=Test entity isDeleted=false]
Enter into method [ClientStatusServiceBean#createClientStatus]. Argument info: [ id=0 name=null description=Test entity isDeleted=false]. Entrance timestamp: 1221394881640
Exit from method [ClientStatusServiceBean#createClientStatus]. Time spent: 0 ms. Return value: [ id=0 name=null description=Test entity isDeleted=false]
Enter into method [ClientStatusServiceBean#createClientStatus]. Argument info: [ id=0 name=null description=Test entity isDeleted=false]. Entrance timestamp: 1221394881640
Exit from method [ClientStatusServiceBean#createClientStatus]. Time spent: 0 ms. Return value: [ id=0 name=null description=Test entity isDeleted=false]
Enter into method [ClientStatusServiceBean#deleteClientStatus]. Argument info: [ id=0 name=null description=Test entity isDeleted=false]. Entrance timestamp: 1221394881640
Exit from method [ClientStatusServiceBean#deleteClientStatus]. Time spent: 0 ms. Return value: [ id=0 name=null description=Test entity isDeleted=false]
Enter into method [ClientStatusServiceBean#deleteClientStatus]. Argument info: [ id=0 name=null description=Test entity isDeleted=false]. Entrance timestamp: 1221394881640
Exit from method [ClientStatusServiceBean#deleteClientStatus]. Time spent: 0 ms. Return value: [ id=0 name=null description=Test entity isDeleted=false]
Enter into method [ClientStatusServiceBean#updateClientStatus]. Argument info: [ id=0 name=null description=Test entity isDeleted=false]. Entrance timestamp: 1221394881640
Exit from method [ClientStatusServiceBean#updateClientStatus]. Time spent: 0 ms. Return value: [ id=0 name=null description=Test entity isDeleted=false]
Enter into method [ClientStatusServiceBean#updateClientStatus]. Argument info: [ id=0 name=null description=Test entity isDeleted=false]. Entrance timestamp: 1221394881640
Exit from method [ClientStatusServiceBean#updateClientStatus]. Time spent: 0 ms. Return value: [ id=0 name=null description=Test entity isDeleted=false]
Enter into method [ClientStatusServiceBean#updateClientStatus]. Argument info: [ id=0 name=null description=Test entity isDeleted=false]. Entrance timestamp: 1221394881640
Exit from method [ClientStatusServiceBean#updateClientStatus]. Time spent: 0 ms. Return value: [ id=0 name=null description=Test entity isDeleted=false]
Enter into method [ClientStatusServiceBean#updateClientStatus]. Argument info: [ id=0 name=null description=Test entity isDeleted=false]. Entrance timestamp: 1221394881640
Exit from method [ClientStatusServiceBean#updateClientStatus]. Time spent: 0 ms. Return value: [ id=0 name=null description=Test entity isDeleted=false]
Enter into method [ClientStatusServiceBean#deleteClientStatus]. Argument info: [ id=0 name=null description=Test entity isDeleted=false]. Entrance timestamp: 1221394881640
Exit from method [ClientStatusServiceBean#deleteClientStatus]. Time spent: 0 ms. Return value: [ id=0 name=null description=Test entity isDeleted=false]
Enter into method [ClientStatusServiceBean#updateClientStatus]. Argument info: [ id=0 name=null description=Test entity isDeleted=false]. Entrance timestamp: 1221394881641
Exit from method [ClientStatusServiceBean#updateClientStatus]. Time spent: 0 ms. Return value: [ id=0 name=null description=Test entity isDeleted=false]
Enter into method [ClientStatusServiceBean#updateClientStatus]. Argument info: [ id=0 name=null description=Test entity isDeleted=false]. Entrance timestamp: 1221394881641
Exit from method [ClientStatusServiceBean#updateClientStatus]. Time spent: 0 ms. Return value: [ id=0 name=null description=Test entity isDeleted=false]
Enter into method [ClientStatusServiceBean#createClientStatus]. Argument info: [ id=0 name=null description=Test entity isDeleted=false]. Entrance timestamp: 1221394881641
Exit from method [ClientStatusServiceBean#createClientStatus]. Time spent: 0 ms. Return value: [ id=0 name=null description=Test entity isDeleted=false]
Enter into method [ClientStatusServiceBean#createClientStatus]. Argument info: [ id=0 name=null description=Test entity isDeleted=false]. Entrance timestamp: 1221394881641
Exit from method [ClientStatusServiceBean#createClientStatus]. Time spent: 0 ms. Return value: [ id=0 name=null description=Test entity isDeleted=false]
Enter into method [ClientStatusServiceBean#updateClientStatus]. Argument info: [ id=0 name=null description=Test entity isDeleted=false]. Entrance timestamp: 1221394881641
Exit from method [ClientStatusServiceBean#updateClientStatus]. Time spent: 0 ms. Return value: [ id=0 name=null description=Test entity isDeleted=false]
Enter into method [ClientStatusServiceBean#updateClientStatus]. Argument info: [ id=0 name=null description=Test entity isDeleted=false]. Entrance timestamp: 1221394881641
Exit from method [ClientStatusServiceBean#updateClientStatus]. Time spent: 0 ms. Return value: [ id=0 name=null description=Test entity isDeleted=false]
Enter into method [ClientStatusServiceBean#deleteClientStatus]. Argument info: [ id=0 name=null description=Test entity isDeleted=false]. Entrance timestamp: 1221394881641
Exit from method [ClientStatusServiceBean#deleteClientStatus]. Time spent: 0 ms. Return value: [ id=0 name=null description=Test entity isDeleted=false]
Enter into method [ClientStatusServiceBean#updateClientStatus]. Argument info: [ id=0 name=null description=Test entity isDeleted=false]. Entrance timestamp: 1221394881641
Exit from method [ClientStatusServiceBean#updateClientStatus]. Time spent: 0 ms. Return value: [ id=0 name=null description=Test entity isDeleted=false]
Enter into method [ClientStatusServiceBean#deleteClientStatus]. Argument info: [ id=0 name=null description=Test entity isDeleted=false]. Entrance timestamp: 1221394881641
Exit from method [ClientStatusServiceBean#deleteClientStatus]. Time spent: 0 ms. Return value: [ id=0 name=null description=Test entity isDeleted=false]
Enter into method [ClientStatusServiceBean#updateClientStatus]. Argument info: [ id=0 name=null description=Test entity isDeleted=false]. Entrance timestamp: 1221394881641
Exit from method [ClientStatusServiceBean#updateClientStatus]. Time spent: 0 ms. Return value: [ id=0 name=null description=Test entity isDeleted=false]
Enter into method [ClientStatusServiceBean#updateClientStatus]. Argument info: [ id=0 name=null description=Test entity isDeleted=false]. Entrance timestamp: 1221394881641
Exit from method [ClientStatusServiceBean#updateClientStatus]. Time spent: 0 ms. Return value: [ id=0 name=null description=Test entity isDeleted=false]
Enter into method [ClientStatusServiceBean#updateClientStatus]. Argument info: [ id=0 name=null description=Test entity isDeleted=false]. Entrance timestamp: 1221394881641
Exit from method [ClientStatusServiceBean#updateClientStatus]. Time spent: 1 ms. Return value: [ id=0 name=null description=Test entity isDeleted=false]
Enter into method [ClientStatusServiceBean#updateClientStatus]. Argument info: [ id=0 name=null description=Test entity isDeleted=false]. Entrance timestamp: 1221394881642
Exit from method [ClientStatusServiceBean#updateClientStatus]. Time spent: 0 ms. Return value: [ id=0 name=null description=Test entity isDeleted=false]
Enter into method [ClientStatusServiceBean#updateClientStatus]. Argument info: [ id=0 name=null description=Test entity isDeleted=false]. Entrance timestamp: 1221394881642
Exit from method [ClientStatusServiceBean#updateClientStatus]. Time spent: 0 ms. Return value: [ id=0 name=null description=Test entity isDeleted=false]
Enter into method [ClientStatusServiceBean#updateClientStatus]. Argument info: [ id=0 name=null description=Test entity isDeleted=false]. Entrance timestamp: 1221394881642
Exit from method [ClientStatusServiceBean#updateClientStatus]. Time spent: 0 ms. Return value: [ id=0 name=null description=Test entity isDeleted=false]
Enter into method [ClientStatusServiceBean#deleteClientStatus]. Argument info: [ id=0 name=null description=Test entity isDeleted=false]. Entrance timestamp: 1221394881642
Exit from method [ClientStatusServiceBean#deleteClientStatus]. Time spent: 0 ms. Return value: [ id=0 name=null description=Test entity isDeleted=false]
Enter into method [ClientStatusServiceBean#createClientStatus]. Argument info: [ id=0 name=null description=Test entity isDeleted=false]. Entrance timestamp: 1221394881642
Exit from method [ClientStatusServiceBean#createClientStatus]. Time spent: 0 ms. Return value: [ id=0 name=null description=Test entity isDeleted=false]
Enter into method [ClientStatusServiceBean#updateClientStatus]. Argument info: [ id=0 name=null description=Test entity isDeleted=false]. Entrance timestamp: 1221394881642
Exit from method [ClientStatusServiceBean#updateClientStatus]. Time spent: 0 ms. Return value: [ id=0 name=null description=Test entity isDeleted=false]
Enter into method [ClientStatusServiceBean#deleteClientStatus]. Argument info: [ id=0 name=null description=Test entity isDeleted=false]. Entrance timestamp: 1221394881642
Exit from method [ClientStatusServiceBean#deleteClientStatus]. Time spent: 0 ms. Return value: [ id=0 name=null description=Test entity isDeleted=false]
Enter into method [ClientStatusServiceBean#deleteClientStatus]. Argument info: [ id=0 name=null description=Test entity isDeleted=false]. Entrance timestamp: 1221394881642
Exit from method [ClientStatusServiceBean#deleteClientStatus]. Time spent: 0 ms. Return value: [ id=0 name=null description=Test entity isDeleted=false]
Enter into method [ClientStatusServiceBean#updateClientStatus]. Argument info: [ id=0 name=null description=Test entity isDeleted=false]. Entrance timestamp: 1221394881642
Exit from method [ClientStatusServiceBean#updateClientStatus]. Time spent: 0 ms. Return value: [ id=0 name=null description=Test entity isDeleted=false]
Enter into method [ClientStatusServiceBean#updateClientStatus]. Argument info: [ id=0 name=null description=Test entity isDeleted=false]. Entrance timestamp: 1221394881642
Exit from method [ClientStatusServiceBean#updateClientStatus]. Time spent: 0 ms. Return value: [ id=0 name=null description=Test entity isDeleted=false]
Enter into method [ClientStatusServiceBean#deleteClientStatus]. Argument info: [ id=0 name=null description=Test entity isDeleted=false]. Entrance timestamp: 1221394881642
Exit from method [ClientStatusServiceBean#deleteClientStatus]. Time spent: 0 ms. Return value: [ id=0 name=null description=Test entity isDeleted=false]
Enter into method [ClientStatusServiceBean#createClientStatus]. Argument info: [ id=0 name=null description=Test entity isDeleted=false]. Entrance timestamp: 1221394881642
Exit from method [ClientStatusServiceBean#createClientStatus]. Time spent: 0 ms. Return value: [ id=0 name=null description=Test entity isDeleted=false]
Enter into method [ClientStatusServiceBean#deleteClientStatus]. Argument info: [ id=0 name=null description=Test entity isDeleted=false]. Entrance timestamp: 1221394881642
Exit from method [ClientStatusServiceBean#deleteClientStatus]. Time spent: 0 ms. Return value: [ id=0 name=null description=Test entity isDeleted=false]
Enter into method [ClientStatusServiceBean#updateClientStatus]. Argument info: [ id=0 name=null description=Test entity isDeleted=false]. Entrance timestamp: 1221394881642
Exit from method [ClientStatusServiceBean#updateClientStatus]. Time spent: 0 ms. Return value: [ id=0 name=null description=Test entity isDeleted=false]
Enter into method [ClientStatusServiceBean#updateClientStatus]. Argument info: [ id=0 name=null description=Test entity isDeleted=false]. Entrance timestamp: 1221394881642
Exit from method [ClientStatusServiceBean#updateClientStatus]. Time spent: 0 ms. Return value: [ id=0 name=null description=Test entity isDeleted=false]
Enter into method [ClientStatusServiceBean#createClientStatus]. Argument info: [ id=0 name=null description=Test entity isDeleted=false]. Entrance timestamp: 1221394881643
Exit from method [ClientStatusServiceBean#createClientStatus]. Time spent: 0 ms. Return value: [ id=0 name=null description=Test entity isDeleted=false]
Enter into method [ClientStatusServiceBean#updateClientStatus]. Argument info: [ id=0 name=null description=Test entity isDeleted=false]. Entrance timestamp: 1221394881643
Exit from method [ClientStatusServiceBean#updateClientStatus]. Time spent: 0 ms. Return value: [ id=0 name=null description=Test entity isDeleted=false]
Enter into method [ClientStatusServiceBean#deleteClientStatus]. Argument info: [ id=0 name=null description=Test entity isDeleted=false]. Entrance timestamp: 1221394881643
Exit from method [ClientStatusServiceBean#deleteClientStatus]. Time spent: 0 ms. Return value: [ id=0 name=null description=Test entity isDeleted=false]
Enter into method [ClientStatusServiceBean#deleteClientStatus]. Argument info: [ id=0 name=null description=Test entity isDeleted=false]. Entrance timestamp: 1221394881643
Exit from method [ClientStatusServiceBean#deleteClientStatus]. Time spent: 0 ms. Return value: [ id=0 name=null description=Test entity isDeleted=false]
Enter into method [ClientStatusServiceBean#createClientStatus]. Argument info: [ id=0 name=null description=Test entity isDeleted=false]. Entrance timestamp: 1221394881643
Exit from method [ClientStatusServiceBean#createClientStatus]. Time spent: 0 ms. Return value: [ id=0 name=null description=Test entity isDeleted=false]
Enter into method [ClientStatusServiceBean#createClientStatus]. Argument info: [ id=0 name=null description=Test entity isDeleted=false]. Entrance timestamp: 1221394881643
Exit from method [ClientStatusServiceBean#createClientStatus]. Time spent: 0 ms. Return value: [ id=0 name=null description=Test entity isDeleted=false]
Enter into method [ClientStatusServiceBean#createClientStatus]. Argument info: [ id=0 name=null description=Test entity isDeleted=false]. Entrance timestamp: 1221394881643
Exit from method [ClientStatusServiceBean#createClientStatus]. Time spent: 0 ms. Return value: [ id=0 name=null description=Test entity isDeleted=false]
Enter into method [ClientStatusServiceBean#deleteClientStatus]. Argument info: [ id=0 name=null description=Test entity isDeleted=false]. Entrance timestamp: 1221394881643
Exit from method [ClientStatusServiceBean#deleteClientStatus]. Time spent: 0 ms. Return value: [ id=0 name=null description=Test entity isDeleted=false]
Enter into method [ClientStatusServiceBean#updateClientStatus]. Argument info: [ id=0 name=null description=Test entity isDeleted=false]. Entrance timestamp: 1221394881643
Exit from method [ClientStatusServiceBean#updateClientStatus]. Time spent: 0 ms. Return value: [ id=0 name=null description=Test entity isDeleted=false]
Enter into method [ClientStatusServiceBean#deleteClientStatus]. Argument info: [ id=0 name=null description=Test entity isDeleted=false]. Entrance timestamp: 1221394881643
Exit from method [ClientStatusServiceBean#deleteClientStatus]. Time spent: 0 ms. Return value: [ id=0 name=null description=Test entity isDeleted=false]
Enter into method [ClientStatusServiceBean#createClientStatus]. Argument info: [ id=0 name=null description=Test entity isDeleted=false]. Entrance timestamp: 1221394881643
Exit from method [ClientStatusServiceBean#createClientStatus]. Time spent: 0 ms. Return value: [ id=0 name=null description=Test entity isDeleted=false]
Enter into method [ClientStatusServiceBean#updateClientStatus]. Argument info: [ id=0 name=null description=Test entity isDeleted=false]. Entrance timestamp: 1221394881643
Exit from method [ClientStatusServiceBean#updateClientStatus]. Time spent: 0 ms. Return value: [ id=0 name=null description=Test entity isDeleted=false]
Enter into method [ClientStatusServiceBean#deleteClientStatus]. Argument info: [ id=0 name=null description=Test entity isDeleted=false]. Entrance timestamp: 1221394881643
Exit from method [ClientStatusServiceBean#deleteClientStatus]. Time spent: 0 ms. Return value: [ id=0 name=null description=Test entity isDeleted=false]
Enter into method [ClientStatusServiceBean#createClientStatus]. Argument info: [ id=0 name=null description=Test entity isDeleted=false]. Entrance timestamp: 1221394881643
Exit from method [ClientStatusServiceBean#createClientStatus]. Time spent: 0 ms. Return value: [ id=0 name=null description=Test entity isDeleted=false]
Enter into method [ClientStatusServiceBean#createClientStatus]. Argument info: [ id=0 name=null description=Test entity isDeleted=false]. Entrance timestamp: 1221394881643
Exit from method [ClientStatusServiceBean#createClientStatus]. Time spent: 0 ms. Return value: [ id=0 name=null description=Test entity isDeleted=false]
Enter into method [ClientStatusServiceBean#createClientStatus]. Argument info: [ id=0 name=null description=Test entity isDeleted=false]. Entrance timestamp: 1221394881643
Exit from method [ClientStatusServiceBean#createClientStatus]. Time spent: 0 ms. Return value: [ id=0 name=null description=Test entity isDeleted=false]
Enter into method [ClientStatusServiceBean#deleteClientStatus]. Argument info: [ id=0 name=null description=Test entity isDeleted=false]. Entrance timestamp: 1221394881643
Exit from method [ClientStatusServiceBean#deleteClientStatus]. Time spent: 0 ms. Return value: [ id=0 name=null description=Test entity isDeleted=false]
Enter into method [ClientStatusServiceBean#deleteClientStatus]. Argument info: [ id=0 name=null description=Test entity isDeleted=false]. Entrance timestamp: 1221394881643
Exit from method [ClientStatusServiceBean#deleteClientStatus]. Time spent: 0 ms. Return value: [ id=0 name=null description=Test entity isDeleted=false]
Enter into method [ClientStatusServiceBean#deleteClientStatus]. Argument info: [ id=0 name=null description=Test entity isDeleted=false]. Entrance timestamp: 1221394881643
Exit from method [ClientStatusServiceBean#deleteClientStatus]. Time spent: 1 ms. Return value: [ id=0 name=null description=Test entity isDeleted=false]
Enter into method [ClientStatusServiceBean#deleteClientStatus]. Argument info: [ id=0 name=null description=Test entity isDeleted=false]. Entrance timestamp: 1221394881644
Exit from method [ClientStatusServiceBean#deleteClientStatus]. Time spent: 0 ms. Return value: [ id=0 name=null description=Test entity isDeleted=false]
Enter into method [ClientStatusServiceBean#createClientStatus]. Argument info: [ id=0 name=null description=Test entity isDeleted=false]. Entrance timestamp: 1221394881644
Exit from method [ClientStatusServiceBean#createClientStatus]. Time spent: 0 ms. Return value: [ id=0 name=null description=Test entity isDeleted=false]
Enter into method [ClientStatusServiceBean#updateClientStatus]. Argument info: [ id=0 name=null description=Test entity isDeleted=false]. Entrance timestamp: 1221394881644
Exit from method [ClientStatusServiceBean#updateClientStatus]. Time spent: 0 ms. Return value: [ id=0 name=null description=Test entity isDeleted=false]
Enter into method [ClientStatusServiceBean#updateClientStatus]. Argument info: [ id=0 name=null description=Test entity isDeleted=false]. Entrance timestamp: 1221394881644
Exit from method [ClientStatusServiceBean#updateClientStatus]. Time spent: 0 ms. Return value: [ id=0 name=null description=Test entity isDeleted=false]
Enter into method [ClientStatusServiceBean#deleteClientStatus]. Argument info: [ id=0 name=null description=Test entity isDeleted=false]. Entrance timestamp: 1221394881644
Exit from method [ClientStatusServiceBean#deleteClientStatus]. Time spent: 0 ms. Return value: [ id=0 name=null description=Test entity isDeleted=false]
Enter into method [ClientStatusServiceBean#deleteClientStatus]. Argument info: [ id=0 name=null description=Test entity isDeleted=false]. Entrance timestamp: 1221394881644
Exit from method [ClientStatusServiceBean#deleteClientStatus]. Time spent: 0 ms. Return value: [ id=0 name=null description=Test entity isDeleted=false]
Enter into method [ClientStatusServiceBean#createClientStatus]. Argument info: [ id=0 name=null description=Test entity isDeleted=false]. Entrance timestamp: 1221394881644
Exit from method [ClientStatusServiceBean#createClientStatus]. Time spent: 0 ms. Return value: [ id=0 name=null description=Test entity isDeleted=false]
Enter into method [ClientStatusServiceBean#updateClientStatus]. Argument info: [ id=0 name=null description=Test entity isDeleted=false]. Entrance timestamp: 1221394881644
Exit from method [ClientStatusServiceBean#updateClientStatus]. Time spent: 0 ms. Return value: [ id=0 name=null description=Test entity isDeleted=false]
Enter into method [ClientStatusServiceBean#createClientStatus]. Argument info: [ id=0 name=null description=Test entity isDeleted=false]. Entrance timestamp: 1221394881644
Exit from method [ClientStatusServiceBean#createClientStatus]. Time spent: 0 ms. Return value: [ id=0 name=null description=Test entity isDeleted=false]
Enter into method [ClientStatusServiceBean#createClientStatus]. Argument info: [ id=0 name=null description=Test entity isDeleted=false]. Entrance timestamp: 1221394881644
Exit from method [ClientStatusServiceBean#createClientStatus]. Time spent: 0 ms. Return value: [ id=0 name=null description=Test entity isDeleted=false]
Enter into method [ClientStatusServiceBean#createClientStatus]. Argument info: [ id=0 name=null description=Test entity isDeleted=false]. Entrance timestamp: 1221394881644
Exit from method [ClientStatusServiceBean#createClientStatus]. Time spent: 0 ms. Return value: [ id=0 name=null description=Test entity isDeleted=false]
Enter into method [ClientStatusServiceBean#updateClientStatus]. Argument info: [ id=0 name=null description=Test entity isDeleted=false]. Entrance timestamp: 1221394881644
Exit from method [ClientStatusServiceBean#updateClientStatus]. Time spent: 0 ms. Return value: [ id=0 name=null description=Test entity isDeleted=false]
Enter into method [ClientStatusServiceBean#deleteClientStatus]. Argument info: [ id=0 name=null description=Test entity isDeleted=false]. Entrance timestamp: 1221394881644
Exit from method [ClientStatusServiceBean#deleteClientStatus]. Time spent: 0 ms. Return value: [ id=0 name=null description=Test entity isDeleted=false]
Enter into method [ClientStatusServiceBean#updateClientStatus]. Argument info: [ id=0 name=null description=Test entity isDeleted=false]. Entrance timestamp: 1221394881644
Exit from method [ClientStatusServiceBean#updateClientStatus]. Time spent: 0 ms. Return value: [ id=0 name=null description=Test entity isDeleted=false]
Enter into method [ClientStatusServiceBean#updateClientStatus]. Argument info: [ id=0 name=null description=Test entity isDeleted=false]. Entrance timestamp: 1221394881644
Exit from method [ClientStatusServiceBean#updateClientStatus]. Time spent: 0 ms. Return value: [ id=0 name=null description=Test entity isDeleted=false]
Enter into method [ClientStatusServiceBean#updateClientStatus]. Argument info: [ id=0 name=null description=Test entity isDeleted=false]. Entrance timestamp: 1221394881644
Exit from method [ClientStatusServiceBean#updateClientStatus]. Time spent: 0 ms. Return value: [ id=0 name=null description=Test entity isDeleted=false]
Enter into method [ClientStatusServiceBean#createClientStatus]. Argument info: [ id=0 name=null description=Test entity isDeleted=false]. Entrance timestamp: 1221394881644
Exit from method [ClientStatusServiceBean#createClientStatus]. Time spent: 0 ms. Return value: [ id=0 name=null description=Test entity isDeleted=false]
Enter into method [ClientStatusServiceBean#createClientStatus]. Argument info: [ id=0 name=null description=Test entity isDeleted=false]. Entrance timestamp: 1221394881644
Exit from method [ClientStatusServiceBean#createClientStatus]. Time spent: 0 ms. Return value: [ id=0 name=null description=Test entity isDeleted=false]
Enter into method [ClientStatusServiceBean#deleteClientStatus]. Argument info: [ id=0 name=null description=Test entity isDeleted=false]. Entrance timestamp: 1221394881644
Exit from method [ClientStatusServiceBean#deleteClientStatus]. Time spent: 0 ms. Return value: [ id=0 name=null description=Test entity isDeleted=false]
Enter into method [ClientStatusServiceBean#createClientStatus]. Argument info: [ id=0 name=null description=Test entity isDeleted=false]. Entrance timestamp: 1221394881644
Exit from method [ClientStatusServiceBean#createClientStatus]. Time spent: 1 ms. Return value: [ id=0 name=null description=Test entity isDeleted=false]
Enter into method [ClientStatusServiceBean#createClientStatus]. Argument info: [ id=0 name=null description=Test entity isDeleted=false]. Entrance timestamp: 1221394881645
Exit from method [ClientStatusServiceBean#createClientStatus]. Time spent: 0 ms. Return value: [ id=0 name=null description=Test entity isDeleted=false]
Enter into method [ClientStatusServiceBean#deleteClientStatus]. Argument info: [ id=0 name=null description=Test entity isDeleted=false]. Entrance timestamp: 1221394881645
Exit from method [ClientStatusServiceBean#deleteClientStatus]. Time spent: 0 ms. Return value: [ id=0 name=null description=Test entity isDeleted=false]
Enter into method [ClientStatusServiceBean#deleteClientStatus]. Argument info: [ id=0 name=null description=Test entity isDeleted=false]. Entrance timestamp: 1221394881645
Exit from method [ClientStatusServiceBean#deleteClientStatus]. Time spent: 0 ms. Return value: [ id=0 name=null description=Test entity isDeleted=false]
Enter into method [ClientStatusServiceBean#updateClientStatus]. Argument info: [ id=0 name=null description=Test entity isDeleted=false]. Entrance timestamp: 1221394881645
Exit from method [ClientStatusServiceBean#updateClientStatus]. Time spent: 0 ms. Return value: [ id=0 name=null description=Test entity isDeleted=false]
Enter into method [ClientStatusServiceBean#createClientStatus]. Argument info: [ id=0 name=null description=Test entity isDeleted=false]. Entrance timestamp: 1221394881645
Exit from method [ClientStatusServiceBean#createClientStatus]. Time spent: 0 ms. Return value: [ id=0 name=null description=Test entity isDeleted=false]
Enter into method [ClientStatusServiceBean#updateClientStatus]. Argument info: [ id=0 name=null description=Test entity isDeleted=false]. Entrance timestamp: 1221394881645
Exit from method [ClientStatusServiceBean#updateClientStatus]. Time spent: 0 ms. Return value: [ id=0 name=null description=Test entity isDeleted=false]
Enter into method [ClientStatusServiceBean#deleteClientStatus]. Argument info: [ id=0 name=null description=Test entity isDeleted=false]. Entrance timestamp: 1221394881645
Exit from method [ClientStatusServiceBean#deleteClientStatus]. Time spent: 0 ms. Return value: [ id=0 name=null description=Test entity isDeleted=false]
Enter into method [ClientStatusServiceBean#createClientStatus]. Argument info: [ id=0 name=null description=Test entity isDeleted=false]. Entrance timestamp: 1221394881645
Exit from method [ClientStatusServiceBean#createClientStatus]. Time spent: 0 ms. Return value: [ id=0 name=null description=Test entity isDeleted=false]
Enter into method [ClientStatusServiceBean#createClientStatus]. Argument info: [ id=0 name=null description=Test entity isDeleted=false]. Entrance timestamp: 1221394881645
Exit from method [ClientStatusServiceBean#createClientStatus]. Time spent: 0 ms. Return value: [ id=0 name=null description=Test entity isDeleted=false]
Enter into method [ClientStatusServiceBean#updateClientStatus]. Argument info: [ id=0 name=null description=Test entity isDeleted=false]. Entrance timestamp: 1221394881645
Exit from method [ClientStatusServiceBean#updateClientStatus]. Time spent: 0 ms. Return value: [ id=0 name=null description=Test entity isDeleted=false]
Enter into method [ClientStatusServiceBean#createClientStatus]. Argument info: [ id=0 name=null description=Test entity isDeleted=false]. Entrance timestamp: 1221394881645
Exit from method [ClientStatusServiceBean#createClientStatus]. Time spent: 0 ms. Return value: [ id=0 name=null description=Test entity isDeleted=false]
Enter into method [ClientStatusServiceBean#createClientStatus]. Argument info: [ id=0 name=null description=Test entity isDeleted=false]. Entrance timestamp: 1221394881645
Exit from method [ClientStatusServiceBean#createClientStatus]. Time spent: 0 ms. Return value: [ id=0 name=null description=Test entity isDeleted=false]
Enter into method [ClientStatusServiceBean#deleteClientStatus]. Argument info: [ id=0 name=null description=Test entity isDeleted=false]. Entrance timestamp: 1221394881645
Exit from method [ClientStatusServiceBean#deleteClientStatus]. Time spent: 0 ms. Return value: [ id=0 name=null description=Test entity isDeleted=false]
Enter into method [ClientStatusServiceBean#updateClientStatus]. Argument info: [ id=0 name=null description=Test entity isDeleted=false]. Entrance timestamp: 1221394881645
Exit from method [ClientStatusServiceBean#updateClientStatus]. Time spent: 0 ms. Return value: [ id=0 name=null description=Test entity isDeleted=false]
Enter into method [ClientStatusServiceBean#deleteClientStatus]. Argument info: [ id=0 name=null description=Test entity isDeleted=false]. Entrance timestamp: 1221394881646
Exit from method [ClientStatusServiceBean#deleteClientStatus]. Time spent: 0 ms. Return value: [ id=0 name=null description=Test entity isDeleted=false]
Enter into method [ClientStatusServiceBean#updateClientStatus]. Argument info: [ id=0 name=null description=Test entity isDeleted=false]. Entrance timestamp: 1221394881646
Exit from method [ClientStatusServiceBean#updateClientStatus]. Time spent: 0 ms. Return value: [ id=0 name=null description=Test entity isDeleted=false]
Enter into method [ClientStatusServiceBean#updateClientStatus]. Argument info: [ id=0 name=null description=Test entity isDeleted=false]. Entrance timestamp: 1221394881646
Exit from method [ClientStatusServiceBean#updateClientStatus]. Time spent: 0 ms. Return value: [ id=0 name=null description=Test entity isDeleted=false]
Enter into method [ClientStatusServiceBean#updateClientStatus]. Argument info: [ id=0 name=null description=Test entity isDeleted=false]. Entrance timestamp: 1221394881646
Exit from method [ClientStatusServiceBean#updateClientStatus]. Time spent: 0 ms. Return value: [ id=0 name=null description=Test entity isDeleted=false]
Enter into method [ClientStatusServiceBean#createClientStatus]. Argument info: [ id=0 name=null description=Test entity isDeleted=false]. Entrance timestamp: 1221394881646
Exit from method [ClientStatusServiceBean#createClientStatus]. Time spent: 0 ms. Return value: [ id=0 name=null description=Test entity isDeleted=false]
Enter into method [ClientStatusServiceBean#deleteClientStatus]. Argument info: [ id=0 name=null description=Test entity isDeleted=false]. Entrance timestamp: 1221394881646
Exit from method [ClientStatusServiceBean#deleteClientStatus]. Time spent: 0 ms. Return value: [ id=0 name=null description=Test entity isDeleted=false]
Enter into method [ClientStatusServiceBean#updateClientStatus]. Argument info: [ id=0 name=null description=Test entity isDeleted=false]. Entrance timestamp: 1221394881646
Exit from method [ClientStatusServiceBean#updateClientStatus]. Time spent: 0 ms. Return value: [ id=0 name=null description=Test entity isDeleted=false]
Enter into method [ClientStatusServiceBean#deleteClientStatus]. Argument info: [ id=0 name=null description=Test entity isDeleted=false]. Entrance timestamp: 1221394881646
Exit from method [ClientStatusServiceBean#deleteClientStatus]. Time spent: 0 ms. Return value: [ id=0 name=null description=Test entity isDeleted=false]
Enter into method [ClientStatusServiceBean#deleteClientStatus]. Argument info: [ id=0 name=null description=Test entity isDeleted=false]. Entrance timestamp: 1221394881646
Exit from method [ClientStatusServiceBean#deleteClientStatus]. Time spent: 0 ms. Return value: [ id=0 name=null description=Test entity isDeleted=false]
Enter into method [ClientStatusServiceBean#createClientStatus]. Argument info: [ id=0 name=null description=Test entity isDeleted=false]. Entrance timestamp: 1221394881646
Exit from method [ClientStatusServiceBean#createClientStatus]. Time spent: 0 ms. Return value: [ id=0 name=null description=Test entity isDeleted=false]
Enter into method [ClientStatusServiceBean#deleteClientStatus]. Argument info: [ id=0 name=null description=Test entity isDeleted=false]. Entrance timestamp: 1221394881646
Exit from method [ClientStatusServiceBean#deleteClientStatus]. Time spent: 0 ms. Return value: [ id=0 name=null description=Test entity isDeleted=false]
Enter into method [ClientStatusServiceBean#createClientStatus]. Argument info: [ id=0 name=null description=Test entity isDeleted=false]. Entrance timestamp: 1221394881646
Exit from method [ClientStatusServiceBean#createClientStatus]. Time spent: 0 ms. Return value: [ id=0 name=null description=Test entity isDeleted=false]
Enter into method [ClientStatusServiceBean#deleteClientStatus]. Argument info: [ id=0 name=null description=Test entity isDeleted=false]. Entrance timestamp: 1221394881646
Exit from method [ClientStatusServiceBean#deleteClientStatus]. Time spent: 0 ms. Return value: [ id=0 name=null description=Test entity isDeleted=false]
Enter into method [ClientStatusServiceBean#createClientStatus]. Argument info: [ id=0 name=null description=Test entity isDeleted=false]. Entrance timestamp: 1221394881646
Exit from method [ClientStatusServiceBean#createClientStatus]. Time spent: 0 ms. Return value: [ id=0 name=null description=Test entity isDeleted=false]
Enter into method [ClientStatusServiceBean#updateClientStatus]. Argument info: [ id=0 name=null description=Test entity isDeleted=false]. Entrance timestamp: 1221394881646
Exit from method [ClientStatusServiceBean#updateClientStatus]. Time spent: 0 ms. Return value: [ id=0 name=null description=Test entity isDeleted=false]
Enter into method [ClientStatusServiceBean#updateClientStatus]. Argument info: [ id=0 name=null description=Test entity isDeleted=false]. Entrance timestamp: 1221394881646
Exit from method [ClientStatusServiceBean#updateClientStatus]. Time spent: 0 ms. Return value: [ id=0 name=null description=Test entity isDeleted=false]
Enter into method [ClientStatusServiceBean#updateClientStatus]. Argument info: [ id=0 name=null description=Test entity isDeleted=false]. Entrance timestamp: 1221394881646
Exit from method [ClientStatusServiceBean#updateClientStatus]. Time spent: 0 ms. Return value: [ id=0 name=null description=Test entity isDeleted=false]
Enter into method [ClientStatusServiceBean#deleteClientStatus]. Argument info: [ id=0 name=null description=Test entity isDeleted=false]. Entrance timestamp: 1221394881646
Exit from method [ClientStatusServiceBean#deleteClientStatus]. Time spent: 0 ms. Return value: [ id=0 name=null description=Test entity isDeleted=false]
Enter into method [ClientStatusServiceBean#updateClientStatus]. Argument info: [ id=0 name=null description=Test entity isDeleted=false]. Entrance timestamp: 1221394881646
Exit from method [ClientStatusServiceBean#updateClientStatus]. Time spent: 0 ms. Return value: [ id=0 name=null description=Test entity isDeleted=false]
Enter into method [ClientStatusServiceBean#createClientStatus]. Argument info: [ id=0 name=null description=Test entity isDeleted=false]. Entrance timestamp: 1221394881646
Exit from method [ClientStatusServiceBean#createClientStatus]. Time spent: 1 ms. Return value: [ id=0 name=null description=Test entity isDeleted=false]
Enter into method [ClientStatusServiceBean#createClientStatus]. Argument info: [ id=0 name=null description=Test entity isDeleted=false]. Entrance timestamp: 1221394881647
Exit from method [ClientStatusServiceBean#createClientStatus]. Time spent: 0 ms. Return value: [ id=0 name=null description=Test entity isDeleted=false]
Enter into method [ClientStatusServiceBean#deleteClientStatus]. Argument info: [ id=0 name=null description=Test entity isDeleted=false]. Entrance timestamp: 1221394881647
Exit from method [ClientStatusServiceBean#deleteClientStatus]. Time spent: 0 ms. Return value: [ id=0 name=null description=Test entity isDeleted=false]
Enter into method [ClientStatusServiceBean#updateClientStatus]. Argument info: [ id=0 name=null description=Test entity isDeleted=false]. Entrance timestamp: 1221394881647
Exit from method [ClientStatusServiceBean#updateClientStatus]. Time spent: 0 ms. Return value: [ id=0 name=null description=Test entity isDeleted=false]
Enter into method [ClientStatusServiceBean#createClientStatus]. Argument info: [ id=0 name=null description=Test entity isDeleted=false]. Entrance timestamp: 1221394881647
Exit from method [ClientStatusServiceBean#createClientStatus]. Time spent: 0 ms. Return value: [ id=0 name=null description=Test entity isDeleted=false]
Enter into method [ClientStatusServiceBean#updateClientStatus]. Argument info: [ id=0 name=null description=Test entity isDeleted=false]. Entrance timestamp: 1221394881647
Exit from method [ClientStatusServiceBean#updateClientStatus]. Time spent: 0 ms. Return value: [ id=0 name=null description=Test entity isDeleted=false]
Enter into method [ClientStatusServiceBean#deleteClientStatus]. Argument info: [ id=0 name=null description=Test entity isDeleted=false]. Entrance timestamp: 1221394881647
Exit from method [ClientStatusServiceBean#deleteClientStatus]. Time spent: 0 ms. Return value: [ id=0 name=null description=Test entity isDeleted=false]
Enter into method [ClientStatusServiceBean#deleteClientStatus]. Argument info: [ id=0 name=null description=Test entity isDeleted=false]. Entrance timestamp: 1221394881647
Exit from method [ClientStatusServiceBean#deleteClientStatus]. Time spent: 0 ms. Return value: [ id=0 name=null description=Test entity isDeleted=false]
Enter into method [ClientStatusServiceBean#updateClientStatus]. Argument info: [ id=0 name=null description=Test entity isDeleted=false]. Entrance timestamp: 1221394881647
Exit from method [ClientStatusServiceBean#updateClientStatus]. Time spent: 0 ms. Return value: [ id=0 name=null description=Test entity isDeleted=false]
Enter into method [ClientStatusServiceBean#createClientStatus]. Argument info: [ id=0 name=null description=Test entity isDeleted=false]. Entrance timestamp: 1221394881647
Exit from method [ClientStatusServiceBean#createClientStatus]. Time spent: 0 ms. Return value: [ id=0 name=null description=Test entity isDeleted=false]
Enter into method [ClientStatusServiceBean#deleteClientStatus]. Argument info: [ id=0 name=null description=Test entity isDeleted=false]. Entrance timestamp: 1221394881647
Exit from method [ClientStatusServiceBean#deleteClientStatus]. Time spent: 0 ms. Return value: [ id=0 name=null description=Test entity isDeleted=false]
Enter into method [ClientStatusServiceBean#createClientStatus]. Argument info: [ id=0 name=null description=Test entity isDeleted=false]. Entrance timestamp: 1221394881647
Exit from method [ClientStatusServiceBean#createClientStatus]. Time spent: 0 ms. Return value: [ id=0 name=null description=Test entity isDeleted=false]
Enter into method [ClientStatusServiceBean#createClientStatus]. Argument info: [ id=0 name=null description=Test entity isDeleted=false]. Entrance timestamp: 1221394881647
Exit from method [ClientStatusServiceBean#createClientStatus]. Time spent: 0 ms. Return value: [ id=0 name=null description=Test entity isDeleted=false]
Enter into method [ClientStatusServiceBean#updateClientStatus]. Argument info: [ id=0 name=null description=Test entity isDeleted=false]. Entrance timestamp: 1221394881647
Exit from method [ClientStatusServiceBean#updateClientStatus]. Time spent: 0 ms. Return value: [ id=0 name=null description=Test entity isDeleted=false]
Enter into method [ClientStatusServiceBean#updateClientStatus]. Argument info: [ id=0 name=null description=Test entity isDeleted=false]. Entrance timestamp: 1221394881647
Exit from method [ClientStatusServiceBean#updateClientStatus]. Time spent: 0 ms. Return value: [ id=0 name=null description=Test entity isDeleted=false]
Enter into method [ClientStatusServiceBean#updateClientStatus]. Argument info: [ id=0 name=null description=Test entity isDeleted=false]. Entrance timestamp: 1221394881647
Exit from method [ClientStatusServiceBean#updateClientStatus]. Time spent: 1 ms. Return value: [ id=0 name=null description=Test entity isDeleted=false]
Enter into method [ClientStatusServiceBean#deleteClientStatus]. Argument info: [ id=0 name=null description=Test entity isDeleted=false]. Entrance timestamp: 1221394881648
Exit from method [ClientStatusServiceBean#deleteClientStatus]. Time spent: 0 ms. Return value: [ id=0 name=null description=Test entity isDeleted=false]
Enter into method [ClientStatusServiceBean#createClientStatus]. Argument info: [ id=0 name=null description=Test entity isDeleted=false]. Entrance timestamp: 1221394881648
Exit from method [ClientStatusServiceBean#createClientStatus]. Time spent: 0 ms. Return value: [ id=0 name=null description=Test entity isDeleted=false]
Enter into method [ClientStatusServiceBean#updateClientStatus]. Argument info: [ id=0 name=null description=Test entity isDeleted=false]. Entrance timestamp: 1221394881648
Exit from method [ClientStatusServiceBean#updateClientStatus]. Time spent: 0 ms. Return value: [ id=0 name=null description=Test entity isDeleted=false]
Enter into method [ClientStatusServiceBean#updateClientStatus]. Argument info: [ id=0 name=null description=Test entity isDeleted=false]. Entrance timestamp: 1221394881648
Exit from method [ClientStatusServiceBean#updateClientStatus]. Time spent: 0 ms. Return value: [ id=0 name=null description=Test entity isDeleted=false]
Enter into method [ClientStatusServiceBean#updateClientStatus]. Argument info: [ id=0 name=null description=Test entity isDeleted=false]. Entrance timestamp: 1221394881648
Exit from method [ClientStatusServiceBean#updateClientStatus]. Time spent: 0 ms. Return value: [ id=0 name=null description=Test entity isDeleted=false]
Enter into method [ClientStatusServiceBean#updateClientStatus]. Argument info: [ id=0 name=null description=Test entity isDeleted=false]. Entrance timestamp: 1221394881648
Exit from method [ClientStatusServiceBean#updateClientStatus]. Time spent: 0 ms. Return value: [ id=0 name=null description=Test entity isDeleted=false]
Enter into method [ClientStatusServiceBean#createClientStatus]. Argument info: [ id=0 name=null description=Test entity isDeleted=false]. Entrance timestamp: 1221394881648
Exit from method [ClientStatusServiceBean#createClientStatus]. Time spent: 0 ms. Return value: [ id=0 name=null description=Test entity isDeleted=false]
Enter into method [ClientStatusServiceBean#createClientStatus]. Argument info: [ id=0 name=null description=Test entity isDeleted=false]. Entrance timestamp: 1221394881648
Exit from method [ClientStatusServiceBean#createClientStatus]. Time spent: 0 ms. Return value: [ id=0 name=null description=Test entity isDeleted=false]
Enter into method [ClientStatusServiceBean#deleteClientStatus]. Argument info: [ id=0 name=null description=Test entity isDeleted=false]. Entrance timestamp: 1221394881648
Exit from method [ClientStatusServiceBean#deleteClientStatus]. Time spent: 0 ms. Return value: [ id=0 name=null description=Test entity isDeleted=false]
Enter into method [ClientStatusServiceBean#deleteClientStatus]. Argument info: [ id=0 name=null description=Test entity isDeleted=false]. Entrance timestamp: 1221394881648
Exit from method [ClientStatusServiceBean#deleteClientStatus]. Time spent: 0 ms. Return value: [ id=0 name=null description=Test entity isDeleted=false]
Enter into method [ClientStatusServiceBean#createClientStatus]. Argument info: [ id=0 name=null description=Test entity isDeleted=false]. Entrance timestamp: 1221394881648
Exit from method [ClientStatusServiceBean#createClientStatus]. Time spent: 0 ms. Return value: [ id=0 name=null description=Test entity isDeleted=false]
Enter into method [ClientStatusServiceBean#createClientStatus]. Argument info: [ id=0 name=null description=Test entity isDeleted=false]. Entrance timestamp: 1221394881648
Exit from method [ClientStatusServiceBean#createClientStatus]. Time spent: 0 ms. Return value: [ id=0 name=null description=Test entity isDeleted=false]
Enter into method [ClientStatusServiceBean#updateClientStatus]. Argument info: [ id=0 name=null description=Test entity isDeleted=false]. Entrance timestamp: 1221394881648
Exit from method [ClientStatusServiceBean#updateClientStatus]. Time spent: 0 ms. Return value: [ id=0 name=null description=Test entity isDeleted=false]
Enter into method [ClientStatusServiceBean#updateClientStatus]. Argument info: [ id=0 name=null description=Test entity isDeleted=false]. Entrance timestamp: 1221394881648
Exit from method [ClientStatusServiceBean#updateClientStatus]. Time spent: 0 ms. Return value: [ id=0 name=null description=Test entity isDeleted=false]
Enter into method [ClientStatusServiceBean#createClientStatus]. Argument info: [ id=0 name=null description=Test entity isDeleted=false]. Entrance timestamp: 1221394881648
Exit from method [ClientStatusServiceBean#createClientStatus]. Time spent: 0 ms. Return value: [ id=0 name=null description=Test entity isDeleted=false]
Enter into method [ClientStatusServiceBean#updateClientStatus]. Argument info: [ id=0 name=null description=Test entity isDeleted=false]. Entrance timestamp: 1221394881649
Exit from method [ClientStatusServiceBean#updateClientStatus]. Time spent: 0 ms. Return value: [ id=0 name=null description=Test entity isDeleted=false]
Enter into method [ClientStatusServiceBean#deleteClientStatus]. Argument info: [ id=0 name=null description=Test entity isDeleted=false]. Entrance timestamp: 1221394881649
Exit from method [ClientStatusServiceBean#deleteClientStatus]. Time spent: 0 ms. Return value: [ id=0 name=null description=Test entity isDeleted=false]
Enter into method [ClientStatusServiceBean#updateClientStatus]. Argument info: [ id=0 name=null description=Test entity isDeleted=false]. Entrance timestamp: 1221394881649
Exit from method [ClientStatusServiceBean#updateClientStatus]. Time spent: 0 ms. Return value: [ id=0 name=null description=Test entity isDeleted=false]
Enter into method [ClientStatusServiceBean#deleteClientStatus]. Argument info: [ id=0 name=null description=Test entity isDeleted=false]. Entrance timestamp: 1221394881649
Exit from method [ClientStatusServiceBean#deleteClientStatus]. Time spent: 0 ms. Return value: [ id=0 name=null description=Test entity isDeleted=false]
Enter into method [ClientStatusServiceBean#deleteClientStatus]. Argument info: [ id=0 name=null description=Test entity isDeleted=false]. Entrance timestamp: 1221394881649
Exit from method [ClientStatusServiceBean#deleteClientStatus]. Time spent: 0 ms. Return value: [ id=0 name=null description=Test entity isDeleted=false]
Enter into method [ClientStatusServiceBean#deleteClientStatus]. Argument info: [ id=0 name=null description=Test entity isDeleted=false]. Entrance timestamp: 1221394881649
Exit from method [ClientStatusServiceBean#deleteClientStatus]. Time spent: 0 ms. Return value: [ id=0 name=null description=Test entity isDeleted=false]
Enter into method [ClientStatusServiceBean#updateClientStatus]. Argument info: [ id=0 name=null description=Test entity isDeleted=false]. Entrance timestamp: 1221394881649
Exit from method [ClientStatusServiceBean#updateClientStatus]. Time spent: 0 ms. Return value: [ id=0 name=null description=Test entity isDeleted=false]
Enter into method [ClientStatusServiceBean#createClientStatus]. Argument info: [ id=0 name=null description=Test entity isDeleted=false]. Entrance timestamp: 1221394881649
Exit from method [ClientStatusServiceBean#createClientStatus]. Time spent: 0 ms. Return value: [ id=0 name=null description=Test entity isDeleted=false]
Enter into method [ClientStatusServiceBean#createClientStatus]. Argument info: [ id=0 name=null description=Test entity isDeleted=false]. Entrance timestamp: 1221394881649
Exit from method [ClientStatusServiceBean#createClientStatus]. Time spent: 0 ms. Return value: [ id=0 name=null description=Test entity isDeleted=false]
Enter into method [ClientStatusServiceBean#updateClientStatus]. Argument info: [ id=0 name=null description=Test entity isDeleted=false]. Entrance timestamp: 1221394881649
Exit from method [ClientStatusServiceBean#updateClientStatus]. Time spent: 0 ms. Return value: [ id=0 name=null description=Test entity isDeleted=false]
Enter into method [ClientStatusServiceBean#createClientStatus]. Argument info: [ id=0 name=null description=Test entity isDeleted=false]. Entrance timestamp: 1221394881649
Exit from method [ClientStatusServiceBean#createClientStatus]. Time spent: 0 ms. Return value: [ id=0 name=null description=Test entity isDeleted=false]
Enter into method [ClientStatusServiceBean#deleteClientStatus]. Argument info: [ id=0 name=null description=Test entity isDeleted=false]. Entrance timestamp: 1221394881650
Exit from method [ClientStatusServiceBean#deleteClientStatus]. Time spent: 0 ms. Return value: [ id=0 name=null description=Test entity isDeleted=false]
Enter into method [ClientStatusServiceBean#deleteClientStatus]. Argument info: [ id=0 name=null description=Test entity isDeleted=false]. Entrance timestamp: 1221394881650
Exit from method [ClientStatusServiceBean#deleteClientStatus]. Time spent: 0 ms. Return value: [ id=0 name=null description=Test entity isDeleted=false]
Enter into method [ClientStatusServiceBean#createClientStatus]. Argument info: [ id=0 name=null description=Test entity isDeleted=false]. Entrance timestamp: 1221394881650
Exit from method [ClientStatusServiceBean#createClientStatus]. Time spent: 0 ms. Return value: [ id=0 name=null description=Test entity isDeleted=false]
Enter into method [ClientStatusServiceBean#deleteClientStatus]. Argument info: [ id=0 name=null description=Test entity isDeleted=false]. Entrance timestamp: 1221394881650
Exit from method [ClientStatusServiceBean#deleteClientStatus]. Time spent: 0 ms. Return value: [ id=0 name=null description=Test entity isDeleted=false]
Enter into method [ClientStatusServiceBean#createClientStatus]. Argument info: [ id=0 name=null description=Test entity isDeleted=false]. Entrance timestamp: 1221394881650
Exit from method [ClientStatusServiceBean#createClientStatus]. Time spent: 0 ms. Return value: [ id=0 name=null description=Test entity isDeleted=false]
Enter into method [ClientStatusServiceBean#deleteClientStatus]. Argument info: [ id=0 name=null description=Test entity isDeleted=false]. Entrance timestamp: 1221394881650
Exit from method [ClientStatusServiceBean#deleteClientStatus]. Time spent: 0 ms. Return value: [ id=0 name=null description=Test entity isDeleted=false]
Enter into method [ClientStatusServiceBean#updateClientStatus]. Argument info: [ id=0 name=null description=Test entity isDeleted=false]. Entrance timestamp: 1221394881650
Exit from method [ClientStatusServiceBean#updateClientStatus]. Time spent: 0 ms. Return value: [ id=0 name=null description=Test entity isDeleted=false]
Enter into method [ClientStatusServiceBean#deleteClientStatus]. Argument info: [ id=0 name=null description=Test entity isDeleted=false]. Entrance timestamp: 1221394881650
Exit from method [ClientStatusServiceBean#deleteClientStatus]. Time spent: 0 ms. Return value: [ id=0 name=null description=Test entity isDeleted=false]
Enter into method [ClientStatusServiceBean#deleteClientStatus]. Argument info: [ id=0 name=null description=Test entity isDeleted=false]. Entrance timestamp: 1221394881650
Exit from method [ClientStatusServiceBean#deleteClientStatus]. Time spent: 0 ms. Return value: [ id=0 name=null description=Test entity isDeleted=false]
Enter into method [ClientStatusServiceBean#createClientStatus]. Argument info: [ id=0 name=null description=Test entity isDeleted=false]. Entrance timestamp: 1221394881650
Exit from method [ClientStatusServiceBean#createClientStatus]. Time spent: 0 ms. Return value: [ id=0 name=null description=Test entity isDeleted=false]
Enter into method [ClientStatusServiceBean#createClientStatus]. Argument info: [ id=0 name=null description=Test entity isDeleted=false]. Entrance timestamp: 1221394881650
Exit from method [ClientStatusServiceBean#createClientStatus]. Time spent: 0 ms. Return value: [ id=0 name=null description=Test entity isDeleted=false]
Enter into method [ClientStatusServiceBean#updateClientStatus]. Argument info: [ id=0 name=null description=Test entity isDeleted=false]. Entrance timestamp: 1221394881650
Exit from method [ClientStatusServiceBean#updateClientStatus]. Time spent: 0 ms. Return value: [ id=0 name=null description=Test entity isDeleted=false]
Enter into method [ClientStatusServiceBean#updateClientStatus]. Argument info: [ id=0 name=null description=Test entity isDeleted=false]. Entrance timestamp: 1221394881650
Exit from method [ClientStatusServiceBean#updateClientStatus]. Time spent: 0 ms. Return value: [ id=0 name=null description=Test entity isDeleted=false]
Enter into method [ClientStatusServiceBean#updateClientStatus]. Argument info: [ id=0 name=null description=Test entity isDeleted=false]. Entrance timestamp: 1221394881650
Exit from method [ClientStatusServiceBean#updateClientStatus]. Time spent: 0 ms. Return value: [ id=0 name=null description=Test entity isDeleted=false]
Enter into method [ClientStatusServiceBean#createClientStatus]. Argument info: [ id=0 name=null description=Test entity isDeleted=false]. Entrance timestamp: 1221394881650
Exit from method [ClientStatusServiceBean#createClientStatus]. Time spent: 0 ms. Return value: [ id=0 name=null description=Test entity isDeleted=false]
Enter into method [ClientStatusServiceBean#deleteClientStatus]. Argument info: [ id=0 name=null description=Test entity isDeleted=false]. Entrance timestamp: 1221394881650
Exit from method [ClientStatusServiceBean#deleteClientStatus]. Time spent: 0 ms. Return value: [ id=0 name=null description=Test entity isDeleted=false]
Enter into method [ClientStatusServiceBean#createClientStatus]. Argument info: [ id=0 name=null description=Test entity isDeleted=false]. Entrance timestamp: 1221394881650
Exit from method [ClientStatusServiceBean#createClientStatus]. Time spent: 0 ms. Return value: [ id=0 name=null description=Test entity isDeleted=false]
Enter into method [ClientStatusServiceBean#deleteClientStatus]. Argument info: [ id=0 name=null description=Test entity isDeleted=false]. Entrance timestamp: 1221394881650
Exit from method [ClientStatusServiceBean#deleteClientStatus]. Time spent: 0 ms. Return value: [ id=0 name=null description=Test entity isDeleted=false]
Enter into method [ClientStatusServiceBean#updateClientStatus]. Argument info: [ id=0 name=null description=Test entity isDeleted=false]. Entrance timestamp: 1221394881650
Exit from method [ClientStatusServiceBean#updateClientStatus]. Time spent: 0 ms. Return value: [ id=0 name=null description=Test entity isDeleted=false]
Enter into method [ClientStatusServiceBean#createClientStatus]. Argument info: [ id=0 name=null description=Test entity isDeleted=false]. Entrance timestamp: 1221394881650
Exit from method [ClientStatusServiceBean#createClientStatus]. Time spent: 1 ms. Return value: [ id=0 name=null description=Test entity isDeleted=false]
Enter into method [ClientStatusServiceBean#deleteClientStatus]. Argument info: [ id=0 name=null description=Test entity isDeleted=false]. Entrance timestamp: 1221394881651
Exit from method [ClientStatusServiceBean#deleteClientStatus]. Time spent: 0 ms. Return value: [ id=0 name=null description=Test entity isDeleted=false]
Enter into method [ClientStatusServiceBean#updateClientStatus]. Argument info: [ id=0 name=null description=Test entity isDeleted=false]. Entrance timestamp: 1221394881651
Exit from method [ClientStatusServiceBean#updateClientStatus]. Time spent: 0 ms. Return value: [ id=0 name=null description=Test entity isDeleted=false]
Enter into method [ClientStatusServiceBean#deleteClientStatus]. Argument info: [ id=0 name=null description=Test entity isDeleted=false]. Entrance timestamp: 1221394881651
Exit from method [ClientStatusServiceBean#deleteClientStatus]. Time spent: 0 ms. Return value: [ id=0 name=null description=Test entity isDeleted=false]
Enter into method [ClientStatusServiceBean#updateClientStatus]. Argument info: [ id=0 name=null description=Test entity isDeleted=false]. Entrance timestamp: 1221394881651
Exit from method [ClientStatusServiceBean#updateClientStatus]. Time spent: 0 ms. Return value: [ id=0 name=null description=Test entity isDeleted=false]
Enter into method [ClientStatusServiceBean#createClientStatus]. Argument info: [ id=0 name=null description=Test entity isDeleted=false]. Entrance timestamp: 1221394881651
Exit from method [ClientStatusServiceBean#createClientStatus]. Time spent: 0 ms. Return value: [ id=0 name=null description=Test entity isDeleted=false]
Enter into method [ClientStatusServiceBean#createClientStatus]. Argument info: [ id=0 name=null description=Test entity isDeleted=false]. Entrance timestamp: 1221394881651
Exit from method [ClientStatusServiceBean#createClientStatus]. Time spent: 0 ms. Return value: [ id=0 name=null description=Test entity isDeleted=false]
Enter into method [ClientStatusServiceBean#deleteClientStatus]. Argument info: [ id=0 name=null description=Test entity isDeleted=false]. Entrance timestamp: 1221394881651
Exit from method [ClientStatusServiceBean#deleteClientStatus]. Time spent: 0 ms. Return value: [ id=0 name=null description=Test entity isDeleted=false]
Enter into method [ClientStatusServiceBean#updateClientStatus]. Argument info: [ id=0 name=null description=Test entity isDeleted=false]. Entrance timestamp: 1221394881651
Exit from method [ClientStatusServiceBean#updateClientStatus]. Time spent: 0 ms. Return value: [ id=0 name=null description=Test entity isDeleted=false]
Enter into method [ClientStatusServiceBean#updateClientStatus]. Argument info: [ id=0 name=null description=Test entity isDeleted=false]. Entrance timestamp: 1221394881651
Exit from method [ClientStatusServiceBean#updateClientStatus]. Time spent: 0 ms. Return value: [ id=0 name=null description=Test entity isDeleted=false]
Enter into method [ClientStatusServiceBean#updateClientStatus]. Argument info: [ id=0 name=null description=Test entity isDeleted=false]. Entrance timestamp: 1221394881651
Exit from method [ClientStatusServiceBean#updateClientStatus]. Time spent: 0 ms. Return value: [ id=0 name=null description=Test entity isDeleted=false]
Enter into method [ClientStatusServiceBean#deleteClientStatus]. Argument info: [ id=0 name=null description=Test entity isDeleted=false]. Entrance timestamp: 1221394881651
Exit from method [ClientStatusServiceBean#deleteClientStatus]. Time spent: 0 ms. Return value: [ id=0 name=null description=Test entity isDeleted=false]
Enter into method [ClientStatusServiceBean#updateClientStatus]. Argument info: [ id=0 name=null description=Test entity isDeleted=false]. Entrance timestamp: 1221394881651
Exit from method [ClientStatusServiceBean#updateClientStatus]. Time spent: 0 ms. Return value: [ id=0 name=null description=Test entity isDeleted=false]
Enter into method [ClientStatusServiceBean#deleteClientStatus]. Argument info: [ id=0 name=null description=Test entity isDeleted=false]. Entrance timestamp: 1221394881651
Exit from method [ClientStatusServiceBean#deleteClientStatus]. Time spent: 0 ms. Return value: [ id=0 name=null description=Test entity isDeleted=false]
Enter into method [ClientStatusServiceBean#updateClientStatus]. Argument info: [ id=0 name=null description=Test entity isDeleted=false]. Entrance timestamp: 1221394881651
Exit from method [ClientStatusServiceBean#updateClientStatus]. Time spent: 0 ms. Return value: [ id=0 name=null description=Test entity isDeleted=false]
Enter into method [ClientStatusServiceBean#deleteClientStatus]. Argument info: [ id=0 name=null description=Test entity isDeleted=false]. Entrance timestamp: 1221394881651
Exit from method [ClientStatusServiceBean#deleteClientStatus]. Time spent: 0 ms. Return value: [ id=0 name=null description=Test entity isDeleted=false]
Enter into method [ClientStatusServiceBean#updateClientStatus]. Argument info: [ id=0 name=null description=Test entity isDeleted=false]. Entrance timestamp: 1221394881651
Exit from method [ClientStatusServiceBean#updateClientStatus]. Time spent: 0 ms. Return value: [ id=0 name=null description=Test entity isDeleted=false]
Enter into method [ClientStatusServiceBean#deleteClientStatus]. Argument info: [ id=0 name=null description=Test entity isDeleted=false]. Entrance timestamp: 1221394881651
Exit from method [ClientStatusServiceBean#deleteClientStatus]. Time spent: 0 ms. Return value: [ id=0 name=null description=Test entity isDeleted=false]
Enter into method [ClientStatusServiceBean#deleteClientStatus]. Argument info: [ id=0 name=null description=Test entity isDeleted=false]. Entrance timestamp: 1221394881651
Exit from method [ClientStatusServiceBean#deleteClientStatus]. Time spent: 0 ms. Return value: [ id=0 name=null description=Test entity isDeleted=false]
Enter into method [ClientStatusServiceBean#deleteClientStatus]. Argument info: [ id=0 name=null description=Test entity isDeleted=false]. Entrance timestamp: 1221394881651
Exit from method [ClientStatusServiceBean#deleteClientStatus]. Time spent: 0 ms. Return value: [ id=0 name=null description=Test entity isDeleted=false]
Enter into method [ClientStatusServiceBean#createClientStatus]. Argument info: [ id=0 name=null description=Test entity isDeleted=false]. Entrance timestamp: 1221394881651
Exit from method [ClientStatusServiceBean#createClientStatus]. Time spent: 1 ms. Return value: [ id=0 name=null description=Test entity isDeleted=false]
Enter into method [ClientStatusServiceBean#createClientStatus]. Argument info: [ id=0 name=null description=Test entity isDeleted=false]. Entrance timestamp: 1221394881652
Exit from method [ClientStatusServiceBean#createClientStatus]. Time spent: 0 ms. Return value: [ id=0 name=null description=Test entity isDeleted=false]
Enter into method [ClientStatusServiceBean#deleteClientStatus]. Argument info: [ id=0 name=null description=Test entity isDeleted=false]. Entrance timestamp: 1221394881652
Exit from method [ClientStatusServiceBean#deleteClientStatus]. Time spent: 0 ms. Return value: [ id=0 name=null description=Test entity isDeleted=false]
Enter into method [ClientStatusServiceBean#createClientStatus]. Argument info: [ id=0 name=null description=Test entity isDeleted=false]. Entrance timestamp: 1221394881652
Exit from method [ClientStatusServiceBean#createClientStatus]. Time spent: 0 ms. Return value: [ id=0 name=null description=Test entity isDeleted=false]
Enter into method [ClientStatusServiceBean#updateClientStatus]. Argument info: [ id=0 name=null description=Test entity isDeleted=false]. Entrance timestamp: 1221394881652
Exit from method [ClientStatusServiceBean#updateClientStatus]. Time spent: 0 ms. Return value: [ id=0 name=null description=Test entity isDeleted=false]
Enter into method [ClientStatusServiceBean#updateClientStatus]. Argument info: [ id=0 name=null description=Test entity isDeleted=false]. Entrance timestamp: 1221394881652
Exit from method [ClientStatusServiceBean#updateClientStatus]. Time spent: 0 ms. Return value: [ id=0 name=null description=Test entity isDeleted=false]
Enter into method [ClientStatusServiceBean#updateClientStatus]. Argument info: [ id=0 name=null description=Test entity isDeleted=false]. Entrance timestamp: 1221394881652
Exit from method [ClientStatusServiceBean#updateClientStatus]. Time spent: 0 ms. Return value: [ id=0 name=null description=Test entity isDeleted=false]
Enter into method [ClientStatusServiceBean#updateClientStatus]. Argument info: [ id=0 name=null description=Test entity isDeleted=false]. Entrance timestamp: 1221394881652
Exit from method [ClientStatusServiceBean#updateClientStatus]. Time spent: 0 ms. Return value: [ id=0 name=null description=Test entity isDeleted=false]
Enter into method [ClientStatusServiceBean#createClientStatus]. Argument info: [ id=0 name=null description=Test entity isDeleted=false]. Entrance timestamp: 1221394881652
Exit from method [ClientStatusServiceBean#createClientStatus]. Time spent: 0 ms. Return value: [ id=0 name=null description=Test entity isDeleted=false]
Enter into method [ClientStatusServiceBean#deleteClientStatus]. Argument info: [ id=0 name=null description=Test entity isDeleted=false]. Entrance timestamp: 1221394881652
Exit from method [ClientStatusServiceBean#deleteClientStatus]. Time spent: 0 ms. Return value: [ id=0 name=null description=Test entity isDeleted=false]
Enter into method [ClientStatusServiceBean#updateClientStatus]. Argument info: [ id=0 name=null description=Test entity isDeleted=false]. Entrance timestamp: 1221394881652
Exit from method [ClientStatusServiceBean#updateClientStatus]. Time spent: 0 ms. Return value: [ id=0 name=null description=Test entity isDeleted=false]
Enter into method [ClientStatusServiceBean#updateClientStatus]. Argument info: [ id=0 name=null description=Test entity isDeleted=false]. Entrance timestamp: 1221394881652
Exit from method [ClientStatusServiceBean#updateClientStatus]. Time spent: 0 ms. Return value: [ id=0 name=null description=Test entity isDeleted=false]
Enter into method [ClientStatusServiceBean#createClientStatus]. Argument info: [ id=0 name=null description=Test entity isDeleted=false]. Entrance timestamp: 1221394881652
Exit from method [ClientStatusServiceBean#createClientStatus]. Time spent: 0 ms. Return value: [ id=0 name=null description=Test entity isDeleted=false]
Enter into method [ClientStatusServiceBean#createClientStatus]. Argument info: [ id=0 name=null description=Test entity isDeleted=false]. Entrance timestamp: 1221394881652
Exit from method [ClientStatusServiceBean#createClientStatus]. Time spent: 0 ms. Return value: [ id=0 name=null description=Test entity isDeleted=false]
Enter into method [ClientStatusServiceBean#updateClientStatus]. Argument info: [ id=0 name=null description=Test entity isDeleted=false]. Entrance timestamp: 1221394881652
Exit from method [ClientStatusServiceBean#updateClientStatus]. Time spent: 0 ms. Return value: [ id=0 name=null description=Test entity isDeleted=false]
Enter into method [ClientStatusServiceBean#updateClientStatus]. Argument info: [ id=0 name=null description=Test entity isDeleted=false]. Entrance timestamp: 1221394881653
Exit from method [ClientStatusServiceBean#updateClientStatus]. Time spent: 0 ms. Return value: [ id=0 name=null description=Test entity isDeleted=false]
Enter into method [ClientStatusServiceBean#createClientStatus]. Argument info: [ id=0 name=null description=Test entity isDeleted=false]. Entrance timestamp: 1221394881653
Exit from method [ClientStatusServiceBean#createClientStatus]. Time spent: 0 ms. Return value: [ id=0 name=null description=Test entity isDeleted=false]
Enter into method [ClientStatusServiceBean#updateClientStatus]. Argument info: [ id=0 name=null description=Test entity isDeleted=false]. Entrance timestamp: 1221394881653
Exit from method [ClientStatusServiceBean#updateClientStatus]. Time spent: 0 ms. Return value: [ id=0 name=null description=Test entity isDeleted=false]
Enter into method [ClientStatusServiceBean#createClientStatus]. Argument info: [ id=0 name=null description=Test entity isDeleted=false]. Entrance timestamp: 1221394881653
Exit from method [ClientStatusServiceBean#createClientStatus]. Time spent: 0 ms. Return value: [ id=0 name=null description=Test entity isDeleted=false]
Enter into method [ClientStatusServiceBean#updateClientStatus]. Argument info: [ id=0 name=null description=Test entity isDeleted=false]. Entrance timestamp: 1221394881653
Exit from method [ClientStatusServiceBean#updateClientStatus]. Time spent: 0 ms. Return value: [ id=0 name=null description=Test entity isDeleted=false]
Enter into method [ClientStatusServiceBean#updateClientStatus]. Argument info: [ id=0 name=null description=Test entity isDeleted=false]. Entrance timestamp: 1221394881653
Exit from method [ClientStatusServiceBean#updateClientStatus]. Time spent: 0 ms. Return value: [ id=0 name=null description=Test entity isDeleted=false]
Enter into method [ClientStatusServiceBean#createClientStatus]. Argument info: [ id=0 name=null description=Test entity isDeleted=false]. Entrance timestamp: 1221394881653
Exit from method [ClientStatusServiceBean#createClientStatus]. Time spent: 0 ms. Return value: [ id=0 name=null description=Test entity isDeleted=false]
Enter into method [ClientStatusServiceBean#updateClientStatus]. Argument info: [ id=0 name=null description=Test entity isDeleted=false]. Entrance timestamp: 1221394881653
Exit from method [ClientStatusServiceBean#updateClientStatus]. Time spent: 0 ms. Return value: [ id=0 name=null description=Test entity isDeleted=false]
Enter into method [ClientStatusServiceBean#createClientStatus]. Argument info: [ id=0 name=null description=Test entity isDeleted=false]. Entrance timestamp: 1221394881653
Exit from method [ClientStatusServiceBean#createClientStatus]. Time spent: 0 ms. Return value: [ id=0 name=null description=Test entity isDeleted=false]
Enter into method [ClientStatusServiceBean#deleteClientStatus]. Argument info: [ id=0 name=null description=Test entity isDeleted=false]. Entrance timestamp: 1221394881653
Exit from method [ClientStatusServiceBean#deleteClientStatus]. Time spent: 0 ms. Return value: [ id=0 name=null description=Test entity isDeleted=false]
Enter into method [ClientStatusServiceBean#updateClientStatus]. Argument info: [ id=0 name=null description=Test entity isDeleted=false]. Entrance timestamp: 1221394881653
Exit from method [ClientStatusServiceBean#updateClientStatus]. Time spent: 0 ms. Return value: [ id=0 name=null description=Test entity isDeleted=false]
Enter into method [ClientStatusServiceBean#createClientStatus]. Argument info: [ id=0 name=null description=Test entity isDeleted=false]. Entrance timestamp: 1221394881653
Exit from method [ClientStatusServiceBean#createClientStatus]. Time spent: 0 ms. Return value: [ id=0 name=null description=Test entity isDeleted=false]
Enter into method [ClientStatusServiceBean#createClientStatus]. Argument info: [ id=0 name=null description=Test entity isDeleted=false]. Entrance timestamp: 1221394881653
Exit from method [ClientStatusServiceBean#createClientStatus]. Time spent: 0 ms. Return value: [ id=0 name=null description=Test entity isDeleted=false]
Enter into method [ClientStatusServiceBean#createClientStatus]. Argument info: [ id=0 name=null description=Test entity isDeleted=false]. Entrance timestamp: 1221394881653
Exit from method [ClientStatusServiceBean#createClientStatus]. Time spent: 0 ms. Return value: [ id=0 name=null description=Test entity isDeleted=false]
Enter into method [ClientStatusServiceBean#createClientStatus]. Argument info: [ id=0 name=null description=Test entity isDeleted=false]. Entrance timestamp: 1221394881653
Exit from method [ClientStatusServiceBean#createClientStatus]. Time spent: 0 ms. Return value: [ id=0 name=null description=Test entity isDeleted=false]
Enter into method [ClientStatusServiceBean#updateClientStatus]. Argument info: [ id=0 name=null description=Test entity isDeleted=false]. Entrance timestamp: 1221394881654
Exit from method [ClientStatusServiceBean#updateClientStatus]. Time spent: 0 ms. Return value: [ id=0 name=null description=Test entity isDeleted=false]
Enter into method [ClientStatusServiceBean#deleteClientStatus]. Argument info: [ id=0 name=null description=Test entity isDeleted=false]. Entrance timestamp: 1221394881654
Exit from method [ClientStatusServiceBean#deleteClientStatus]. Time spent: 0 ms. Return value: [ id=0 name=null description=Test entity isDeleted=false]
Enter into method [ClientStatusServiceBean#deleteClientStatus]. Argument info: [ id=0 name=null description=Test entity isDeleted=false]. Entrance timestamp: 1221394881654
Exit from method [ClientStatusServiceBean#deleteClientStatus]. Time spent: 0 ms. Return value: [ id=0 name=null description=Test entity isDeleted=false]
Enter into method [ClientStatusServiceBean#deleteClientStatus]. Argument info: [ id=0 name=null description=Test entity isDeleted=false]. Entrance timestamp: 1221394881654
Exit from method [ClientStatusServiceBean#deleteClientStatus]. Time spent: 0 ms. Return value: [ id=0 name=null description=Test entity isDeleted=false]
Enter into method [ClientStatusServiceBean#updateClientStatus]. Argument info: [ id=0 name=null description=Test entity isDeleted=false]. Entrance timestamp: 1221394881654
Exit from method [ClientStatusServiceBean#updateClientStatus]. Time spent: 0 ms. Return value: [ id=0 name=null description=Test entity isDeleted=false]
Enter into method [ClientStatusServiceBean#deleteClientStatus]. Argument info: [ id=0 name=null description=Test entity isDeleted=false]. Entrance timestamp: 1221394881654
Exit from method [ClientStatusServiceBean#deleteClientStatus]. Time spent: 0 ms. Return value: [ id=0 name=null description=Test entity isDeleted=false]
Enter into method [ClientStatusServiceBean#createClientStatus]. Argument info: [ id=0 name=null description=Test entity isDeleted=false]. Entrance timestamp: 1221394881654
Exit from method [ClientStatusServiceBean#createClientStatus]. Time spent: 0 ms. Return value: [ id=0 name=null description=Test entity isDeleted=false]
Enter into method [ClientStatusServiceBean#createClientStatus]. Argument info: [ id=0 name=null description=Test entity isDeleted=false]. Entrance timestamp: 1221394881654
Exit from method [ClientStatusServiceBean#createClientStatus]. Time spent: 0 ms. Return value: [ id=0 name=null description=Test entity isDeleted=false]
Enter into method [ClientStatusServiceBean#createClientStatus]. Argument info: [ id=0 name=null description=Test entity isDeleted=false]. Entrance timestamp: 1221394881654
Exit from method [ClientStatusServiceBean#createClientStatus]. Time spent: 0 ms. Return value: [ id=0 name=null description=Test entity isDeleted=false]
Enter into method [ClientStatusServiceBean#updateClientStatus]. Argument info: [ id=0 name=null description=Test entity isDeleted=false]. Entrance timestamp: 1221394881654
Exit from method [ClientStatusServiceBean#updateClientStatus]. Time spent: 0 ms. Return value: [ id=0 name=null description=Test entity isDeleted=false]
Enter into method [ClientStatusServiceBean#deleteClientStatus]. Argument info: [ id=0 name=null description=Test entity isDeleted=false]. Entrance timestamp: 1221394881654
Exit from method [ClientStatusServiceBean#deleteClientStatus]. Time spent: 0 ms. Return value: [ id=0 name=null description=Test entity isDeleted=false]
Enter into method [ClientStatusServiceBean#updateClientStatus]. Argument info: [ id=0 name=null description=Test entity isDeleted=false]. Entrance timestamp: 1221394881654
Exit from method [ClientStatusServiceBean#updateClientStatus]. Time spent: 0 ms. Return value: [ id=0 name=null description=Test entity isDeleted=false]
Enter into method [ClientStatusServiceBean#updateClientStatus]. Argument info: [ id=0 name=null description=Test entity isDeleted=false]. Entrance timestamp: 1221394881654
Exit from method [ClientStatusServiceBean#updateClientStatus]. Time spent: 0 ms. Return value: [ id=0 name=null description=Test entity isDeleted=false]
Enter into method [ClientStatusServiceBean#deleteClientStatus]. Argument info: [ id=0 name=null description=Test entity isDeleted=false]. Entrance timestamp: 1221394881654
Exit from method [ClientStatusServiceBean#deleteClientStatus]. Time spent: 0 ms. Return value: [ id=0 name=null description=Test entity isDeleted=false]
Enter into method [ClientStatusServiceBean#createClientStatus]. Argument info: [ id=0 name=null description=Test entity isDeleted=false]. Entrance timestamp: 1221394881654
Exit from method [ClientStatusServiceBean#createClientStatus]. Time spent: 0 ms. Return value: [ id=0 name=null description=Test entity isDeleted=false]
Enter into method [ClientStatusServiceBean#deleteClientStatus]. Argument info: [ id=0 name=null description=Test entity isDeleted=false]. Entrance timestamp: 1221394881654
Exit from method [ClientStatusServiceBean#deleteClientStatus]. Time spent: 0 ms. Return value: [ id=0 name=null description=Test entity isDeleted=false]
Enter into method [ClientStatusServiceBean#createClientStatus]. Argument info: [ id=0 name=null description=Test entity isDeleted=false]. Entrance timestamp: 1221394881654
Exit from method [ClientStatusServiceBean#createClientStatus]. Time spent: 0 ms. Return value: [ id=0 name=null description=Test entity isDeleted=false]
Enter into method [ClientStatusServiceBean#deleteClientStatus]. Argument info: [ id=0 name=null description=Test entity isDeleted=false]. Entrance timestamp: 1221394881654
Exit from method [ClientStatusServiceBean#deleteClientStatus]. Time spent: 1 ms. Return value: [ id=0 name=null description=Test entity isDeleted=false]
Enter into method [ClientStatusServiceBean#deleteClientStatus]. Argument info: [ id=0 name=null description=Test entity isDeleted=false]. Entrance timestamp: 1221394881655
Exit from method [ClientStatusServiceBean#deleteClientStatus]. Time spent: 0 ms. Return value: [ id=0 name=null description=Test entity isDeleted=false]
Enter into method [ClientStatusServiceBean#deleteClientStatus]. Argument info: [ id=0 name=null description=Test entity isDeleted=false]. Entrance timestamp: 1221394881655
Exit from method [ClientStatusServiceBean#deleteClientStatus]. Time spent: 0 ms. Return value: [ id=0 name=null description=Test entity isDeleted=false]
Enter into method [ClientStatusServiceBean#deleteClientStatus]. Argument info: [ id=0 name=null description=Test entity isDeleted=false]. Entrance timestamp: 1221394881655
Exit from method [ClientStatusServiceBean#deleteClientStatus]. Time spent: 0 ms. Return value: [ id=0 name=null description=Test entity isDeleted=false]
Enter into method [ClientStatusServiceBean#updateClientStatus]. Argument info: [ id=0 name=null description=Test entity isDeleted=false]. Entrance timestamp: 1221394881655
Exit from method [ClientStatusServiceBean#updateClientStatus]. Time spent: 0 ms. Return value: [ id=0 name=null description=Test entity isDeleted=false]
Enter into method [ClientStatusServiceBean#updateClientStatus]. Argument info: [ id=0 name=null description=Test entity isDeleted=false]. Entrance timestamp: 1221394881655
Exit from method [ClientStatusServiceBean#updateClientStatus]. Time spent: 0 ms. Return value: [ id=0 name=null description=Test entity isDeleted=false]
Enter into method [ClientStatusServiceBean#deleteClientStatus]. Argument info: [ id=0 name=null description=Test entity isDeleted=false]. Entrance timestamp: 1221394881656
Exit from method [ClientStatusServiceBean#deleteClientStatus]. Time spent: 0 ms. Return value: [ id=0 name=null description=Test entity isDeleted=false]
Enter into method [ClientStatusServiceBean#updateClientStatus]. Argument info: [ id=0 name=null description=Test entity isDeleted=false]. Entrance timestamp: 1221394881656
Exit from method [ClientStatusServiceBean#updateClientStatus]. Time spent: 0 ms. Return value: [ id=0 name=null description=Test entity isDeleted=false]
Enter into method [ClientStatusServiceBean#createClientStatus]. Argument info: [ id=0 name=null description=Test entity isDeleted=false]. Entrance timestamp: 1221394881656
Exit from method [ClientStatusServiceBean#createClientStatus]. Time spent: 0 ms. Return value: [ id=0 name=null description=Test entity isDeleted=false]
Enter into method [ClientStatusServiceBean#updateClientStatus]. Argument info: [ id=0 name=null description=Test entity isDeleted=false]. Entrance timestamp: 1221394881656
Exit from method [ClientStatusServiceBean#updateClientStatus]. Time spent: 0 ms. Return value: [ id=0 name=null description=Test entity isDeleted=false]
Enter into method [ClientStatusServiceBean#deleteClientStatus]. Argument info: [ id=0 name=null description=Test entity isDeleted=false]. Entrance timestamp: 1221394881656
Exit from method [ClientStatusServiceBean#deleteClientStatus]. Time spent: 0 ms. Return value: [ id=0 name=null description=Test entity isDeleted=false]
Enter into method [ClientStatusServiceBean#deleteClientStatus]. Argument info: [ id=0 name=null description=Test entity isDeleted=false]. Entrance timestamp: 1221394881656
Exit from method [ClientStatusServiceBean#deleteClientStatus]. Time spent: 0 ms. Return value: [ id=0 name=null description=Test entity isDeleted=false]
Enter into method [ClientStatusServiceBean#createClientStatus]. Argument info: [ id=0 name=null description=Test entity isDeleted=false]. Entrance timestamp: 1221394881656
Exit from method [ClientStatusServiceBean#createClientStatus]. Time spent: 0 ms. Return value: [ id=0 name=null description=Test entity isDeleted=false]
Enter into method [ClientStatusServiceBean#deleteClientStatus]. Argument info: [ id=0 name=null description=Test entity isDeleted=false]. Entrance timestamp: 1221394881656
Exit from method [ClientStatusServiceBean#deleteClientStatus]. Time spent: 1 ms. Return value: [ id=0 name=null description=Test entity isDeleted=false]
Enter into method [ClientStatusServiceBean#createClientStatus]. Argument info: [ id=0 name=null description=Test entity isDeleted=false]. Entrance timestamp: 1221394881657
Exit from method [ClientStatusServiceBean#createClientStatus]. Time spent: 0 ms. Return value: [ id=0 name=null description=Test entity isDeleted=false]
Enter into method [ClientStatusServiceBean#createClientStatus]. Argument info: [ id=0 name=null description=Test entity isDeleted=false]. Entrance timestamp: 1221394881657
Exit from method [ClientStatusServiceBean#createClientStatus]. Time spent: 0 ms. Return value: [ id=0 name=null description=Test entity isDeleted=false]
Enter into method [ClientStatusServiceBean#updateClientStatus]. Argument info: [ id=0 name=null description=Test entity isDeleted=false]. Entrance timestamp: 1221394881657
Exit from method [ClientStatusServiceBean#updateClientStatus]. Time spent: 0 ms. Return value: [ id=0 name=null description=Test entity isDeleted=false]
Enter into method [ClientStatusServiceBean#deleteClientStatus]. Argument info: [ id=0 name=null description=Test entity isDeleted=false]. Entrance timestamp: 1221394881657
Exit from method [ClientStatusServiceBean#deleteClientStatus]. Time spent: 0 ms. Return value: [ id=0 name=null description=Test entity isDeleted=false]
Enter into method [ClientStatusServiceBean#deleteClientStatus]. Argument info: [ id=0 name=null description=Test entity isDeleted=false]. Entrance timestamp: 1221394881657
Exit from method [ClientStatusServiceBean#deleteClientStatus]. Time spent: 0 ms. Return value: [ id=0 name=null description=Test entity isDeleted=false]
Enter into method [ClientStatusServiceBean#updateClientStatus]. Argument info: [ id=0 name=null description=Test entity isDeleted=false]. Entrance timestamp: 1221394881657
Exit from method [ClientStatusServiceBean#updateClientStatus]. Time spent: 0 ms. Return value: [ id=0 name=null description=Test entity isDeleted=false]
Enter into method [ClientStatusServiceBean#deleteClientStatus]. Argument info: [ id=0 name=null description=Test entity isDeleted=false]. Entrance timestamp: 1221394881657
Exit from method [ClientStatusServiceBean#deleteClientStatus]. Time spent: 0 ms. Return value: [ id=0 name=null description=Test entity isDeleted=false]
Enter into method [ClientStatusServiceBean#createClientStatus]. Argument info: [ id=0 name=null description=Test entity isDeleted=false]. Entrance timestamp: 1221394881657
Exit from method [ClientStatusServiceBean#createClientStatus]. Time spent: 0 ms. Return value: [ id=0 name=null description=Test entity isDeleted=false]
Enter into method [ClientStatusServiceBean#createClientStatus]. Argument info: [ id=0 name=null description=Test entity isDeleted=false]. Entrance timestamp: 1221394881657
Exit from method [ClientStatusServiceBean#createClientStatus]. Time spent: 0 ms. Return value: [ id=0 name=null description=Test entity isDeleted=false]
Enter into method [ClientStatusServiceBean#deleteClientStatus]. Argument info: [ id=0 name=null description=Test entity isDeleted=false]. Entrance timestamp: 1221394881657
Exit from method [ClientStatusServiceBean#deleteClientStatus]. Time spent: 0 ms. Return value: [ id=0 name=null description=Test entity isDeleted=false]
Enter into method [ClientStatusServiceBean#createClientStatus]. Argument info: [ id=0 name=null description=Test entity isDeleted=false]. Entrance timestamp: 1221394881657
Exit from method [ClientStatusServiceBean#createClientStatus]. Time spent: 0 ms. Return value: [ id=0 name=null description=Test entity isDeleted=false]
Enter into method [ClientStatusServiceBean#updateClientStatus]. Argument info: [ id=0 name=null description=Test entity isDeleted=false]. Entrance timestamp: 1221394881657
Exit from method [ClientStatusServiceBean#updateClientStatus]. Time spent: 0 ms. Return value: [ id=0 name=null description=Test entity isDeleted=false]
Enter into method [ClientStatusServiceBean#deleteClientStatus]. Argument info: [ id=0 name=null description=Test entity isDeleted=false]. Entrance timestamp: 1221394881657
Exit from method [ClientStatusServiceBean#deleteClientStatus]. Time spent: 0 ms. Return value: [ id=0 name=null description=Test entity isDeleted=false]
Enter into method [ClientStatusServiceBean#updateClientStatus]. Argument info: [ id=0 name=null description=Test entity isDeleted=false]. Entrance timestamp: 1221394881657
Exit from method [ClientStatusServiceBean#updateClientStatus]. Time spent: 0 ms. Return value: [ id=0 name=null description=Test entity isDeleted=false]
Enter into method [ClientStatusServiceBean#updateClientStatus]. Argument info: [ id=0 name=null description=Test entity isDeleted=false]. Entrance timestamp: 1221394881657
Exit from method [ClientStatusServiceBean#updateClientStatus]. Time spent: 0 ms. Return value: [ id=0 name=null description=Test entity isDeleted=false]
Enter into method [ClientStatusServiceBean#updateClientStatus]. Argument info: [ id=0 name=null description=Test entity isDeleted=false]. Entrance timestamp: 1221394881657
Exit from method [ClientStatusServiceBean#updateClientStatus]. Time spent: 0 ms. Return value: [ id=0 name=null description=Test entity isDeleted=false]
Enter into method [ClientStatusServiceBean#createClientStatus]. Argument info: [ id=0 name=null description=Test entity isDeleted=false]. Entrance timestamp: 1221394881657
Exit from method [ClientStatusServiceBean#createClientStatus]. Time spent: 0 ms. Return value: [ id=0 name=null description=Test entity isDeleted=false]
Enter into method [ClientStatusServiceBean#deleteClientStatus]. Argument info: [ id=0 name=null description=Test entity isDeleted=false]. Entrance timestamp: 1221394881657
Exit from method [ClientStatusServiceBean#deleteClientStatus]. Time spent: 0 ms. Return value: [ id=0 name=null description=Test entity isDeleted=false]
Enter into method [ClientStatusServiceBean#deleteClientStatus]. Argument info: [ id=0 name=null description=Test entity isDeleted=false]. Entrance timestamp: 1221394881657
Exit from method [ClientStatusServiceBean#deleteClientStatus]. Time spent: 0 ms. Return value: [ id=0 name=null description=Test entity isDeleted=false]
Enter into method [ClientStatusServiceBean#createClientStatus]. Argument info: [ id=0 name=null description=Test entity isDeleted=false]. Entrance timestamp: 1221394881657
Exit from method [ClientStatusServiceBean#createClientStatus]. Time spent: 1 ms. Return value: [ id=0 name=null description=Test entity isDeleted=false]
Enter into method [ClientStatusServiceBean#updateClientStatus]. Argument info: [ id=0 name=null description=Test entity isDeleted=false]. Entrance timestamp: 1221394881658
Exit from method [ClientStatusServiceBean#updateClientStatus]. Time spent: 0 ms. Return value: [ id=0 name=null description=Test entity isDeleted=false]
Enter into method [ClientStatusServiceBean#createClientStatus]. Argument info: [ id=0 name=null description=Test entity isDeleted=false]. Entrance timestamp: 1221394881658
Exit from method [ClientStatusServiceBean#createClientStatus]. Time spent: 0 ms. Return value: [ id=0 name=null description=Test entity isDeleted=false]
Enter into method [ClientStatusServiceBean#deleteClientStatus]. Argument info: [ id=0 name=null description=Test entity isDeleted=false]. Entrance timestamp: 1221394881658
Exit from method [ClientStatusServiceBean#deleteClientStatus]. Time spent: 0 ms. Return value: [ id=0 name=null description=Test entity isDeleted=false]
Enter into method [ClientStatusServiceBean#createClientStatus]. Argument info: [ id=0 name=null description=Test entity isDeleted=false]. Entrance timestamp: 1221394881658
Exit from method [ClientStatusServiceBean#createClientStatus]. Time spent: 0 ms. Return value: [ id=0 name=null description=Test entity isDeleted=false]
Enter into method [ClientStatusServiceBean#updateClientStatus]. Argument info: [ id=0 name=null description=Test entity isDeleted=false]. Entrance timestamp: 1221394881658
Exit from method [ClientStatusServiceBean#updateClientStatus]. Time spent: 0 ms. Return value: [ id=0 name=null description=Test entity isDeleted=false]
Enter into method [ClientStatusServiceBean#deleteClientStatus]. Argument info: [ id=0 name=null description=Test entity isDeleted=false]. Entrance timestamp: 1221394881658
Exit from method [ClientStatusServiceBean#deleteClientStatus]. Time spent: 0 ms. Return value: [ id=0 name=null description=Test entity isDeleted=false]
Enter into method [ClientStatusServiceBean#updateClientStatus]. Argument info: [ id=0 name=null description=Test entity isDeleted=false]. Entrance timestamp: 1221394881658
Exit from method [ClientStatusServiceBean#updateClientStatus]. Time spent: 0 ms. Return value: [ id=0 name=null description=Test entity isDeleted=false]
Enter into method [ClientStatusServiceBean#deleteClientStatus]. Argument info: [ id=0 name=null description=Test entity isDeleted=false]. Entrance timestamp: 1221394881658
Exit from method [ClientStatusServiceBean#deleteClientStatus]. Time spent: 0 ms. Return value: [ id=0 name=null description=Test entity isDeleted=false]
Enter into method [ClientStatusServiceBean#updateClientStatus]. Argument info: [ id=0 name=null description=Test entity isDeleted=false]. Entrance timestamp: 1221394881658
Exit from method [ClientStatusServiceBean#updateClientStatus]. Time spent: 0 ms. Return value: [ id=0 name=null description=Test entity isDeleted=false]
Enter into method [ClientStatusServiceBean#updateClientStatus]. Argument info: [ id=0 name=null description=Test entity isDeleted=false]. Entrance timestamp: 1221394881658
Exit from method [ClientStatusServiceBean#updateClientStatus]. Time spent: 0 ms. Return value: [ id=0 name=null description=Test entity isDeleted=false]
Enter into method [ClientStatusServiceBean#updateClientStatus]. Argument info: [ id=0 name=null description=Test entity isDeleted=false]. Entrance timestamp: 1221394881658
Exit from method [ClientStatusServiceBean#updateClientStatus]. Time spent: 0 ms. Return value: [ id=0 name=null description=Test entity isDeleted=false]
Enter into method [ClientStatusServiceBean#updateClientStatus]. Argument info: [ id=0 name=null description=Test entity isDeleted=false]. Entrance timestamp: 1221394881658
Exit from method [ClientStatusServiceBean#updateClientStatus]. Time spent: 0 ms. Return value: [ id=0 name=null description=Test entity isDeleted=false]
Enter into method [ClientStatusServiceBean#createClientStatus]. Argument info: [ id=0 name=null description=Test entity isDeleted=false]. Entrance timestamp: 1221394881658
Exit from method [ClientStatusServiceBean#createClientStatus]. Time spent: 0 ms. Return value: [ id=0 name=null description=Test entity isDeleted=false]
Enter into method [ClientStatusServiceBean#deleteClientStatus]. Argument info: [ id=0 name=null description=Test entity isDeleted=false]. Entrance timestamp: 1221394881658
Exit from method [ClientStatusServiceBean#deleteClientStatus]. Time spent: 0 ms. Return value: [ id=0 name=null description=Test entity isDeleted=false]
Enter into method [ClientStatusServiceBean#updateClientStatus]. Argument info: [ id=0 name=null description=Test entity isDeleted=false]. Entrance timestamp: 1221394881658
Exit from method [ClientStatusServiceBean#updateClientStatus]. Time spent: 0 ms. Return value: [ id=0 name=null description=Test entity isDeleted=false]
Enter into method [ClientStatusServiceBean#createClientStatus]. Argument info: [ id=0 name=null description=Test entity isDeleted=false]. Entrance timestamp: 1221394881658
Exit from method [ClientStatusServiceBean#createClientStatus]. Time spent: 0 ms. Return value: [ id=0 name=null description=Test entity isDeleted=false]
Enter into method [ClientStatusServiceBean#deleteClientStatus]. Argument info: [ id=0 name=null description=Test entity isDeleted=false]. Entrance timestamp: 1221394881658
Exit from method [ClientStatusServiceBean#deleteClientStatus]. Time spent: 0 ms. Return value: [ id=0 name=null description=Test entity isDeleted=false]
Enter into method [ClientStatusServiceBean#createClientStatus]. Argument info: [ id=0 name=null description=Test entity isDeleted=false]. Entrance timestamp: 1221394881658
Exit from method [ClientStatusServiceBean#createClientStatus]. Time spent: 0 ms. Return value: [ id=0 name=null description=Test entity isDeleted=false]
Enter into method [ClientStatusServiceBean#deleteClientStatus]. Argument info: [ id=0 name=null description=Test entity isDeleted=false]. Entrance timestamp: 1221394881658
Exit from method [ClientStatusServiceBean#deleteClientStatus]. Time spent: 0 ms. Return value: [ id=0 name=null description=Test entity isDeleted=false]
Enter into method [ClientStatusServiceBean#createClientStatus]. Argument info: [ id=0 name=null description=Test entity isDeleted=false]. Entrance timestamp: 1221394881659
Exit from method [ClientStatusServiceBean#createClientStatus]. Time spent: 0 ms. Return value: [ id=0 name=null description=Test entity isDeleted=false]
Enter into method [ClientStatusServiceBean#deleteClientStatus]. Argument info: [ id=0 name=null description=Test entity isDeleted=false]. Entrance timestamp: 1221394881659
Exit from method [ClientStatusServiceBean#deleteClientStatus]. Time spent: 0 ms. Return value: [ id=0 name=null description=Test entity isDeleted=false]
Enter into method [ClientStatusServiceBean#createClientStatus]. Argument info: [ id=0 name=null description=Test entity isDeleted=false]. Entrance timestamp: 1221394881659
Exit from method [ClientStatusServiceBean#createClientStatus]. Time spent: 0 ms. Return value: [ id=0 name=null description=Test entity isDeleted=false]
Enter into method [ClientStatusServiceBean#updateClientStatus]. Argument info: [ id=0 name=null description=Test entity isDeleted=false]. Entrance timestamp: 1221394881659
Exit from method [ClientStatusServiceBean#updateClientStatus]. Time spent: 0 ms. Return value: [ id=0 name=null description=Test entity isDeleted=false]
Enter into method [ClientStatusServiceBean#updateClientStatus]. Argument info: [ id=0 name=null description=Test entity isDeleted=false]. Entrance timestamp: 1221394881659
Exit from method [ClientStatusServiceBean#updateClientStatus]. Time spent: 0 ms. Return value: [ id=0 name=null description=Test entity isDeleted=false]
Enter into method [ClientStatusServiceBean#createClientStatus]. Argument info: [ id=0 name=null description=Test entity isDeleted=false]. Entrance timestamp: 1221394881659
Exit from method [ClientStatusServiceBean#createClientStatus]. Time spent: 0 ms. Return value: [ id=0 name=null description=Test entity isDeleted=false]
Enter into method [ClientStatusServiceBean#deleteClientStatus]. Argument info: [ id=0 name=null description=Test entity isDeleted=false]. Entrance timestamp: 1221394881659
Exit from method [ClientStatusServiceBean#deleteClientStatus]. Time spent: 0 ms. Return value: [ id=0 name=null description=Test entity isDeleted=false]
Enter into method [ClientStatusServiceBean#createClientStatus]. Argument info: [ id=0 name=null description=Test entity isDeleted=false]. Entrance timestamp: 1221394881659
Exit from method [ClientStatusServiceBean#createClientStatus]. Time spent: 0 ms. Return value: [ id=0 name=null description=Test entity isDeleted=false]
Enter into method [ClientStatusServiceBean#createClientStatus]. Argument info: [ id=0 name=null description=Test entity isDeleted=false]. Entrance timestamp: 1221394881659
Exit from method [ClientStatusServiceBean#createClientStatus]. Time spent: 0 ms. Return value: [ id=0 name=null description=Test entity isDeleted=false]
Enter into method [ClientStatusServiceBean#updateClientStatus]. Argument info: [ id=0 name=null description=Test entity isDeleted=false]. Entrance timestamp: 1221394881659
Exit from method [ClientStatusServiceBean#updateClientStatus]. Time spent: 0 ms. Return value: [ id=0 name=null description=Test entity isDeleted=false]
Enter into method [ClientStatusServiceBean#updateClientStatus]. Argument info: [ id=0 name=null description=Test entity isDeleted=false]. Entrance timestamp: 1221394881659
Exit from method [ClientStatusServiceBean#updateClientStatus]. Time spent: 0 ms. Return value: [ id=0 name=null description=Test entity isDeleted=false]
Enter into method [ClientStatusServiceBean#createClientStatus]. Argument info: [ id=0 name=null description=Test entity isDeleted=false]. Entrance timestamp: 1221394881659
Exit from method [ClientStatusServiceBean#createClientStatus]. Time spent: 1 ms. Return value: [ id=0 name=null description=Test entity isDeleted=false]
Enter into method [ClientStatusServiceBean#createClientStatus]. Argument info: [ id=0 name=null description=Test entity isDeleted=false]. Entrance timestamp: 1221394881660
Exit from method [ClientStatusServiceBean#createClientStatus]. Time spent: 0 ms. Return value: [ id=0 name=null description=Test entity isDeleted=false]
Enter into method [ClientStatusServiceBean#deleteClientStatus]. Argument info: [ id=0 name=null description=Test entity isDeleted=false]. Entrance timestamp: 1221394881660
Exit from method [ClientStatusServiceBean#deleteClientStatus]. Time spent: 0 ms. Return value: [ id=0 name=null description=Test entity isDeleted=false]
Enter into method [ClientStatusServiceBean#createClientStatus]. Argument info: [ id=0 name=null description=Test entity isDeleted=false]. Entrance timestamp: 1221394881660
Exit from method [ClientStatusServiceBean#createClientStatus]. Time spent: 0 ms. Return value: [ id=0 name=null description=Test entity isDeleted=false]
Enter into method [ClientStatusServiceBean#deleteClientStatus]. Argument info: [ id=0 name=null description=Test entity isDeleted=false]. Entrance timestamp: 1221394881660
Exit from method [ClientStatusServiceBean#deleteClientStatus]. Time spent: 0 ms. Return value: [ id=0 name=null description=Test entity isDeleted=false]
Enter into method [ClientStatusServiceBean#updateClientStatus]. Argument info: [ id=0 name=null description=Test entity isDeleted=false]. Entrance timestamp: 1221394881660
Exit from method [ClientStatusServiceBean#updateClientStatus]. Time spent: 0 ms. Return value: [ id=0 name=null description=Test entity isDeleted=false]
Enter into method [ClientStatusServiceBean#createClientStatus]. Argument info: [ id=0 name=null description=Test entity isDeleted=false]. Entrance timestamp: 1221394881660
Exit from method [ClientStatusServiceBean#createClientStatus]. Time spent: 0 ms. Return value: [ id=0 name=null description=Test entity isDeleted=false]
Enter into method [ClientStatusServiceBean#deleteClientStatus]. Argument info: [ id=0 name=null description=Test entity isDeleted=false]. Entrance timestamp: 1221394881660
Exit from method [ClientStatusServiceBean#deleteClientStatus]. Time spent: 0 ms. Return value: [ id=0 name=null description=Test entity isDeleted=false]
Enter into method [ClientStatusServiceBean#deleteClientStatus]. Argument info: [ id=0 name=null description=Test entity isDeleted=false]. Entrance timestamp: 1221394881660
Exit from method [ClientStatusServiceBean#deleteClientStatus]. Time spent: 0 ms. Return value: [ id=0 name=null description=Test entity isDeleted=false]
Enter into method [ClientStatusServiceBean#deleteClientStatus]. Argument info: [ id=0 name=null description=Test entity isDeleted=false]. Entrance timestamp: 1221394881660
Exit from method [ClientStatusServiceBean#deleteClientStatus]. Time spent: 0 ms. Return value: [ id=0 name=null description=Test entity isDeleted=false]
Enter into method [ClientStatusServiceBean#createClientStatus]. Argument info: [ id=0 name=null description=Test entity isDeleted=false]. Entrance timestamp: 1221394881660
Exit from method [ClientStatusServiceBean#createClientStatus]. Time spent: 0 ms. Return value: [ id=0 name=null description=Test entity isDeleted=false]
Enter into method [ClientStatusServiceBean#createClientStatus]. Argument info: [ id=0 name=null description=Test entity isDeleted=false]. Entrance timestamp: 1221394881660
Exit from method [ClientStatusServiceBean#createClientStatus]. Time spent: 0 ms. Return value: [ id=0 name=null description=Test entity isDeleted=false]
Enter into method [ClientStatusServiceBean#updateClientStatus]. Argument info: [ id=0 name=null description=Test entity isDeleted=false]. Entrance timestamp: 1221394881660
Exit from method [ClientStatusServiceBean#updateClientStatus]. Time spent: 0 ms. Return value: [ id=0 name=null description=Test entity isDeleted=false]
Enter into method [ClientStatusServiceBean#createClientStatus]. Argument info: [ id=0 name=null description=Test entity isDeleted=false]. Entrance timestamp: 1221394881660
Exit from method [ClientStatusServiceBean#createClientStatus]. Time spent: 0 ms. Return value: [ id=0 name=null description=Test entity isDeleted=false]
Enter into method [ClientStatusServiceBean#createClientStatus]. Argument info: [ id=0 name=null description=Test entity isDeleted=false]. Entrance timestamp: 1221394881660
Exit from method [ClientStatusServiceBean#createClientStatus]. Time spent: 0 ms. Return value: [ id=0 name=null description=Test entity isDeleted=false]
Enter into method [ClientStatusServiceBean#updateClientStatus]. Argument info: [ id=0 name=null description=Test entity isDeleted=false]. Entrance timestamp: 1221394881660
Exit from method [ClientStatusServiceBean#updateClientStatus]. Time spent: 0 ms. Return value: [ id=0 name=null description=Test entity isDeleted=false]
Enter into method [ClientStatusServiceBean#updateClientStatus]. Argument info: [ id=0 name=null description=Test entity isDeleted=false]. Entrance timestamp: 1221394881660
Exit from method [ClientStatusServiceBean#updateClientStatus]. Time spent: 0 ms. Return value: [ id=0 name=null description=Test entity isDeleted=false]
Enter into method [ClientStatusServiceBean#updateClientStatus]. Argument info: [ id=0 name=null description=Test entity isDeleted=false]. Entrance timestamp: 1221394881661
Exit from method [ClientStatusServiceBean#updateClientStatus]. Time spent: 0 ms. Return value: [ id=0 name=null description=Test entity isDeleted=false]
Enter into method [ClientStatusServiceBean#deleteClientStatus]. Argument info: [ id=0 name=null description=Test entity isDeleted=false]. Entrance timestamp: 1221394881661
Exit from method [ClientStatusServiceBean#deleteClientStatus]. Time spent: 0 ms. Return value: [ id=0 name=null description=Test entity isDeleted=false]
Enter into method [ClientStatusServiceBean#createClientStatus]. Argument info: [ id=0 name=null description=Test entity isDeleted=false]. Entrance timestamp: 1221394881661
Exit from method [ClientStatusServiceBean#createClientStatus]. Time spent: 0 ms. Return value: [ id=0 name=null description=Test entity isDeleted=false]
Enter into method [ClientStatusServiceBean#deleteClientStatus]. Argument info: [ id=0 name=null description=Test entity isDeleted=false]. Entrance timestamp: 1221394881661
Exit from method [ClientStatusServiceBean#deleteClientStatus]. Time spent: 0 ms. Return value: [ id=0 name=null description=Test entity isDeleted=false]
Enter into method [ClientStatusServiceBean#createClientStatus]. Argument info: [ id=0 name=null description=Test entity isDeleted=false]. Entrance timestamp: 1221394881661
Exit from method [ClientStatusServiceBean#createClientStatus]. Time spent: 0 ms. Return value: [ id=0 name=null description=Test entity isDeleted=false]
Enter into method [ClientStatusServiceBean#updateClientStatus]. Argument info: [ id=0 name=null description=Test entity isDeleted=false]. Entrance timestamp: 1221394881661
Exit from method [ClientStatusServiceBean#updateClientStatus]. Time spent: 0 ms. Return value: [ id=0 name=null description=Test entity isDeleted=false]
Enter into method [ClientStatusServiceBean#deleteClientStatus]. Argument info: [ id=0 name=null description=Test entity isDeleted=false]. Entrance timestamp: 1221394881661
Exit from method [ClientStatusServiceBean#deleteClientStatus]. Time spent: 0 ms. Return value: [ id=0 name=null description=Test entity isDeleted=false]
Enter into method [ClientStatusServiceBean#createClientStatus]. Argument info: [ id=0 name=null description=Test entity isDeleted=false]. Entrance timestamp: 1221394881661
Exit from method [ClientStatusServiceBean#createClientStatus]. Time spent: 0 ms. Return value: [ id=0 name=null description=Test entity isDeleted=false]
Enter into method [ClientStatusServiceBean#updateClientStatus]. Argument info: [ id=0 name=null description=Test entity isDeleted=false]. Entrance timestamp: 1221394881661
Exit from method [ClientStatusServiceBean#updateClientStatus]. Time spent: 0 ms. Return value: [ id=0 name=null description=Test entity isDeleted=false]
Enter into method [ClientStatusServiceBean#updateClientStatus]. Argument info: [ id=0 name=null description=Test entity isDeleted=false]. Entrance timestamp: 1221394881661
Exit from method [ClientStatusServiceBean#updateClientStatus]. Time spent: 0 ms. Return value: [ id=0 name=null description=Test entity isDeleted=false]
Enter into method [ClientStatusServiceBean#createClientStatus]. Argument info: [ id=0 name=null description=Test entity isDeleted=false]. Entrance timestamp: 1221394881661
Exit from method [ClientStatusServiceBean#createClientStatus]. Time spent: 0 ms. Return value: [ id=0 name=null description=Test entity isDeleted=false]
Enter into method [ClientStatusServiceBean#updateClientStatus]. Argument info: [ id=0 name=null description=Test entity isDeleted=false]. Entrance timestamp: 1221394881661
Exit from method [ClientStatusServiceBean#updateClientStatus]. Time spent: 0 ms. Return value: [ id=0 name=null description=Test entity isDeleted=false]
Enter into method [ClientStatusServiceBean#deleteClientStatus]. Argument info: [ id=0 name=null description=Test entity isDeleted=false]. Entrance timestamp: 1221394881661
Exit from method [ClientStatusServiceBean#deleteClientStatus]. Time spent: 0 ms. Return value: [ id=0 name=null description=Test entity isDeleted=false]
Enter into method [ClientStatusServiceBean#updateClientStatus]. Argument info: [ id=0 name=null description=Test entity isDeleted=false]. Entrance timestamp: 1221394881661
Exit from method [ClientStatusServiceBean#updateClientStatus]. Time spent: 0 ms. Return value: [ id=0 name=null description=Test entity isDeleted=false]
Enter into method [ClientStatusServiceBean#createClientStatus]. Argument info: [ id=0 name=null description=Test entity isDeleted=false]. Entrance timestamp: 1221394881661
Exit from method [ClientStatusServiceBean#createClientStatus]. Time spent: 0 ms. Return value: [ id=0 name=null description=Test entity isDeleted=false]
Enter into method [ClientStatusServiceBean#updateClientStatus]. Argument info: [ id=0 name=null description=Test entity isDeleted=false]. Entrance timestamp: 1221394881661
Exit from method [ClientStatusServiceBean#updateClientStatus]. Time spent: 0 ms. Return value: [ id=0 name=null description=Test entity isDeleted=false]
Enter into method [ClientStatusServiceBean#deleteClientStatus]. Argument info: [ id=0 name=null description=Test entity isDeleted=false]. Entrance timestamp: 1221394881661
Exit from method [ClientStatusServiceBean#deleteClientStatus]. Time spent: 0 ms. Return value: [ id=0 name=null description=Test entity isDeleted=false]
Enter into method [ClientStatusServiceBean#deleteClientStatus]. Argument info: [ id=0 name=null description=Test entity isDeleted=false]. Entrance timestamp: 1221394881661
Exit from method [ClientStatusServiceBean#deleteClientStatus]. Time spent: 0 ms. Return value: [ id=0 name=null description=Test entity isDeleted=false]
Enter into method [ClientStatusServiceBean#updateClientStatus]. Argument info: [ id=0 name=null description=Test entity isDeleted=false]. Entrance timestamp: 1221394881661
Exit from method [ClientStatusServiceBean#updateClientStatus]. Time spent: 0 ms. Return value: [ id=0 name=null description=Test entity isDeleted=false]
Enter into method [ClientStatusServiceBean#deleteClientStatus]. Argument info: [ id=0 name=null description=Test entity isDeleted=false]. Entrance timestamp: 1221394881661
Exit from method [ClientStatusServiceBean#deleteClientStatus]. Time spent: 0 ms. Return value: [ id=0 name=null description=Test entity isDeleted=false]
Enter into method [ClientStatusServiceBean#updateClientStatus]. Argument info: [ id=0 name=null description=Test entity isDeleted=false]. Entrance timestamp: 1221394881661
Exit from method [ClientStatusServiceBean#updateClientStatus]. Time spent: 0 ms. Return value: [ id=0 name=null description=Test entity isDeleted=false]
Enter into method [ClientStatusServiceBean#createClientStatus]. Argument info: [ id=0 name=null description=Test entity isDeleted=false]. Entrance timestamp: 1221394881661
Exit from method [ClientStatusServiceBean#createClientStatus]. Time spent: 0 ms. Return value: [ id=0 name=null description=Test entity isDeleted=false]
Enter into method [ClientStatusServiceBean#createClientStatus]. Argument info: [ id=0 name=null description=Test entity isDeleted=false]. Entrance timestamp: 1221394881661
Exit from method [ClientStatusServiceBean#createClientStatus]. Time spent: 0 ms. Return value: [ id=0 name=null description=Test entity isDeleted=false]
Enter into method [ClientStatusServiceBean#deleteClientStatus]. Argument info: [ id=0 name=null description=Test entity isDeleted=false]. Entrance timestamp: 1221394881661
Exit from method [ClientStatusServiceBean#deleteClientStatus]. Time spent: 1 ms. Return value: [ id=0 name=null description=Test entity isDeleted=false]
Enter into method [ClientStatusServiceBean#deleteClientStatus]. Argument info: [ id=0 name=null description=Test entity isDeleted=false]. Entrance timestamp: 1221394881662
Exit from method [ClientStatusServiceBean#deleteClientStatus]. Time spent: 0 ms. Return value: [ id=0 name=null description=Test entity isDeleted=false]
Enter into method [ClientStatusServiceBean#updateClientStatus]. Argument info: [ id=0 name=null description=Test entity isDeleted=false]. Entrance timestamp: 1221394881662
Exit from method [ClientStatusServiceBean#updateClientStatus]. Time spent: 0 ms. Return value: [ id=0 name=null description=Test entity isDeleted=false]
Enter into method [ClientStatusServiceBean#deleteClientStatus]. Argument info: [ id=0 name=null description=Test entity isDeleted=false]. Entrance timestamp: 1221394881662
Exit from method [ClientStatusServiceBean#deleteClientStatus]. Time spent: 0 ms. Return value: [ id=0 name=null description=Test entity isDeleted=false]
Enter into method [ClientStatusServiceBean#deleteClientStatus]. Argument info: [ id=0 name=null description=Test entity isDeleted=false]. Entrance timestamp: 1221394881662
Exit from method [ClientStatusServiceBean#deleteClientStatus]. Time spent: 0 ms. Return value: [ id=0 name=null description=Test entity isDeleted=false]
Enter into method [ClientStatusServiceBean#deleteClientStatus]. Argument info: [ id=0 name=null description=Test entity isDeleted=false]. Entrance timestamp: 1221394881663
Exit from method [ClientStatusServiceBean#deleteClientStatus]. Time spent: 0 ms. Return value: [ id=0 name=null description=Test entity isDeleted=false]
Enter into method [ClientStatusServiceBean#createClientStatus]. Argument info: [ id=0 name=null description=Test entity isDeleted=false]. Entrance timestamp: 1221394881663
Exit from method [ClientStatusServiceBean#createClientStatus]. Time spent: 0 ms. Return value: [ id=0 name=null description=Test entity isDeleted=false]
Enter into method [ClientStatusServiceBean#updateClientStatus]. Argument info: [ id=0 name=null description=Test entity isDeleted=false]. Entrance timestamp: 1221394881663
Exit from method [ClientStatusServiceBean#updateClientStatus]. Time spent: 0 ms. Return value: [ id=0 name=null description=Test entity isDeleted=false]
Enter into method [ClientStatusServiceBean#createClientStatus]. Argument info: [ id=0 name=null description=Test entity isDeleted=false]. Entrance timestamp: 1221394881663
Exit from method [ClientStatusServiceBean#createClientStatus]. Time spent: 0 ms. Return value: [ id=0 name=null description=Test entity isDeleted=false]
Enter into method [ClientStatusServiceBean#deleteClientStatus]. Argument info: [ id=0 name=null description=Test entity isDeleted=false]. Entrance timestamp: 1221394881663
Exit from method [ClientStatusServiceBean#deleteClientStatus]. Time spent: 0 ms. Return value: [ id=0 name=null description=Test entity isDeleted=false]
Enter into method [ClientStatusServiceBean#createClientStatus]. Argument info: [ id=0 name=null description=Test entity isDeleted=false]. Entrance timestamp: 1221394881663
Exit from method [ClientStatusServiceBean#createClientStatus]. Time spent: 0 ms. Return value: [ id=0 name=null description=Test entity isDeleted=false]
Enter into method [ClientStatusServiceBean#updateClientStatus]. Argument info: [ id=0 name=null description=Test entity isDeleted=false]. Entrance timestamp: 1221394881663
Exit from method [ClientStatusServiceBean#updateClientStatus]. Time spent: 0 ms. Return value: [ id=0 name=null description=Test entity isDeleted=false]
Enter into method [ClientStatusServiceBean#createClientStatus]. Argument info: [ id=0 name=null description=Test entity isDeleted=false]. Entrance timestamp: 1221394881663
Exit from method [ClientStatusServiceBean#createClientStatus]. Time spent: 0 ms. Return value: [ id=0 name=null description=Test entity isDeleted=false]
Enter into method [ClientStatusServiceBean#updateClientStatus]. Argument info: [ id=0 name=null description=Test entity isDeleted=false]. Entrance timestamp: 1221394881663
Exit from method [ClientStatusServiceBean#updateClientStatus]. Time spent: 0 ms. Return value: [ id=0 name=null description=Test entity isDeleted=false]
Enter into method [ClientStatusServiceBean#createClientStatus]. Argument info: [ id=0 name=null description=Test entity isDeleted=false]. Entrance timestamp: 1221394881664
Exit from method [ClientStatusServiceBean#createClientStatus]. Time spent: 0 ms. Return value: [ id=0 name=null description=Test entity isDeleted=false]
Enter into method [ClientStatusServiceBean#createClientStatus]. Argument info: [ id=0 name=null description=Test entity isDeleted=false]. Entrance timestamp: 1221394881664
Exit from method [ClientStatusServiceBean#createClientStatus]. Time spent: 0 ms. Return value: [ id=0 name=null description=Test entity isDeleted=false]
Enter into method [ClientStatusServiceBean#updateClientStatus]. Argument info: [ id=0 name=null description=Test entity isDeleted=false]. Entrance timestamp: 1221394881664
Exit from method [ClientStatusServiceBean#updateClientStatus]. Time spent: 0 ms. Return value: [ id=0 name=null description=Test entity isDeleted=false]
Enter into method [ClientStatusServiceBean#deleteClientStatus]. Argument info: [ id=0 name=null description=Test entity isDeleted=false]. Entrance timestamp: 1221394881664
Exit from method [ClientStatusServiceBean#deleteClientStatus]. Time spent: 0 ms. Return value: [ id=0 name=null description=Test entity isDeleted=false]
Enter into method [ClientStatusServiceBean#updateClientStatus]. Argument info: [ id=0 name=null description=Test entity isDeleted=false]. Entrance timestamp: 1221394881664
Exit from method [ClientStatusServiceBean#updateClientStatus]. Time spent: 0 ms. Return value: [ id=0 name=null description=Test entity isDeleted=false]
Enter into method [ClientStatusServiceBean#updateClientStatus]. Argument info: [ id=0 name=null description=Test entity isDeleted=false]. Entrance timestamp: 1221394881664
Exit from method [ClientStatusServiceBean#updateClientStatus]. Time spent: 0 ms. Return value: [ id=0 name=null description=Test entity isDeleted=false]
Enter into method [ClientStatusServiceBean#updateClientStatus]. Argument info: [ id=0 name=null description=Test entity isDeleted=false]. Entrance timestamp: 1221394881664
Exit from method [ClientStatusServiceBean#updateClientStatus]. Time spent: 0 ms. Return value: [ id=0 name=null description=Test entity isDeleted=false]
Enter into method [ClientStatusServiceBean#createClientStatus]. Argument info: [ id=0 name=null description=Test entity isDeleted=false]. Entrance timestamp: 1221394881664
Exit from method [ClientStatusServiceBean#createClientStatus]. Time spent: 0 ms. Return value: [ id=0 name=null description=Test entity isDeleted=false]
Enter into method [ClientStatusServiceBean#updateClientStatus]. Argument info: [ id=0 name=null description=Test entity isDeleted=false]. Entrance timestamp: 1221394881664
Exit from method [ClientStatusServiceBean#updateClientStatus]. Time spent: 0 ms. Return value: [ id=0 name=null description=Test entity isDeleted=false]
Enter into method [ClientStatusServiceBean#createClientStatus]. Argument info: [ id=0 name=null description=Test entity isDeleted=false]. Entrance timestamp: 1221394881664
Exit from method [ClientStatusServiceBean#createClientStatus]. Time spent: 0 ms. Return value: [ id=0 name=null description=Test entity isDeleted=false]
Enter into method [ClientStatusServiceBean#updateClientStatus]. Argument info: [ id=0 name=null description=Test entity isDeleted=false]. Entrance timestamp: 1221394881664
Exit from method [ClientStatusServiceBean#updateClientStatus]. Time spent: 0 ms. Return value: [ id=0 name=null description=Test entity isDeleted=false]
Enter into method [ClientStatusServiceBean#updateClientStatus]. Argument info: [ id=0 name=null description=Test entity isDeleted=false]. Entrance timestamp: 1221394881664
Exit from method [ClientStatusServiceBean#updateClientStatus]. Time spent: 0 ms. Return value: [ id=0 name=null description=Test entity isDeleted=false]
Enter into method [ClientStatusServiceBean#deleteClientStatus]. Argument info: [ id=0 name=null description=Test entity isDeleted=false]. Entrance timestamp: 1221394881664
Exit from method [ClientStatusServiceBean#deleteClientStatus]. Time spent: 0 ms. Return value: [ id=0 name=null description=Test entity isDeleted=false]
Enter into method [ClientStatusServiceBean#updateClientStatus]. Argument info: [ id=0 name=null description=Test entity isDeleted=false]. Entrance timestamp: 1221394881664
Exit from method [ClientStatusServiceBean#updateClientStatus]. Time spent: 0 ms. Return value: [ id=0 name=null description=Test entity isDeleted=false]
Enter into method [ClientStatusServiceBean#updateClientStatus]. Argument info: [ id=0 name=null description=Test entity isDeleted=false]. Entrance timestamp: 1221394881664
Exit from method [ClientStatusServiceBean#updateClientStatus]. Time spent: 0 ms. Return value: [ id=0 name=null description=Test entity isDeleted=false]
Enter into method [ClientStatusServiceBean#deleteClientStatus]. Argument info: [ id=0 name=null description=Test entity isDeleted=false]. Entrance timestamp: 1221394881665
Exit from method [ClientStatusServiceBean#deleteClientStatus]. Time spent: 0 ms. Return value: [ id=0 name=null description=Test entity isDeleted=false]
Enter into method [ClientStatusServiceBean#createClientStatus]. Argument info: [ id=0 name=null description=Test entity isDeleted=false]. Entrance timestamp: 1221394881665
Exit from method [ClientStatusServiceBean#createClientStatus]. Time spent: 0 ms. Return value: [ id=0 name=null description=Test entity isDeleted=false]
Enter into method [ClientStatusServiceBean#deleteClientStatus]. Argument info: [ id=0 name=null description=Test entity isDeleted=false]. Entrance timestamp: 1221394881665
Exit from method [ClientStatusServiceBean#deleteClientStatus]. Time spent: 0 ms. Return value: [ id=0 name=null description=Test entity isDeleted=false]
Enter into method [ClientStatusServiceBean#deleteClientStatus]. Argument info: [ id=0 name=null description=Test entity isDeleted=false]. Entrance timestamp: 1221394881665
Exit from method [ClientStatusServiceBean#deleteClientStatus]. Time spent: 0 ms. Return value: [ id=0 name=null description=Test entity isDeleted=false]
Enter into method [ClientStatusServiceBean#deleteClientStatus]. Argument info: [ id=0 name=null description=Test entity isDeleted=false]. Entrance timestamp: 1221394881665
Exit from method [ClientStatusServiceBean#deleteClientStatus]. Time spent: 0 ms. Return value: [ id=0 name=null description=Test entity isDeleted=false]
Enter into method [ClientStatusServiceBean#updateClientStatus]. Argument info: [ id=0 name=null description=Test entity isDeleted=false]. Entrance timestamp: 1221394881665
Exit from method [ClientStatusServiceBean#updateClientStatus]. Time spent: 0 ms. Return value: [ id=0 name=null description=Test entity isDeleted=false]
Enter into method [ClientStatusServiceBean#deleteClientStatus]. Argument info: [ id=0 name=null description=Test entity isDeleted=false]. Entrance timestamp: 1221394881665
Exit from method [ClientStatusServiceBean#deleteClientStatus]. Time spent: 0 ms. Return value: [ id=0 name=null description=Test entity isDeleted=false]
Enter into method [ClientStatusServiceBean#updateClientStatus]. Argument info: [ id=0 name=null description=Test entity isDeleted=false]. Entrance timestamp: 1221394881665
Exit from method [ClientStatusServiceBean#updateClientStatus]. Time spent: 0 ms. Return value: [ id=0 name=null description=Test entity isDeleted=false]
Enter into method [ClientStatusServiceBean#deleteClientStatus]. Argument info: [ id=0 name=null description=Test entity isDeleted=false]. Entrance timestamp: 1221394881665
Exit from method [ClientStatusServiceBean#deleteClientStatus]. Time spent: 0 ms. Return value: [ id=0 name=null description=Test entity isDeleted=false]
Enter into method [ClientStatusServiceBean#createClientStatus]. Argument info: [ id=0 name=null description=Test entity isDeleted=false]. Entrance timestamp: 1221394881665
Exit from method [ClientStatusServiceBean#createClientStatus]. Time spent: 0 ms. Return value: [ id=0 name=null description=Test entity isDeleted=false]
Enter into method [ClientStatusServiceBean#deleteClientStatus]. Argument info: [ id=0 name=null description=Test entity isDeleted=false]. Entrance timestamp: 1221394881665
Exit from method [ClientStatusServiceBean#deleteClientStatus]. Time spent: 0 ms. Return value: [ id=0 name=null description=Test entity isDeleted=false]
Enter into method [ClientStatusServiceBean#createClientStatus]. Argument info: [ id=0 name=null description=Test entity isDeleted=false]. Entrance timestamp: 1221394881665
Exit from method [ClientStatusServiceBean#createClientStatus]. Time spent: 0 ms. Return value: [ id=0 name=null description=Test entity isDeleted=false]
Enter into method [ClientStatusServiceBean#updateClientStatus]. Argument info: [ id=0 name=null description=Test entity isDeleted=false]. Entrance timestamp: 1221394881665
Exit from method [ClientStatusServiceBean#updateClientStatus]. Time spent: 0 ms. Return value: [ id=0 name=null description=Test entity isDeleted=false]
Enter into method [ClientStatusServiceBean#createClientStatus]. Argument info: [ id=0 name=null description=Test entity isDeleted=false]. Entrance timestamp: 1221394881665
Exit from method [ClientStatusServiceBean#createClientStatus]. Time spent: 0 ms. Return value: [ id=0 name=null description=Test entity isDeleted=false]
Enter into method [ClientStatusServiceBean#deleteClientStatus]. Argument info: [ id=0 name=null description=Test entity isDeleted=false]. Entrance timestamp: 1221394881665
Exit from method [ClientStatusServiceBean#deleteClientStatus]. Time spent: 0 ms. Return value: [ id=0 name=null description=Test entity isDeleted=false]
Enter into method [ClientStatusServiceBean#deleteClientStatus]. Argument info: [ id=0 name=null description=Test entity isDeleted=false]. Entrance timestamp: 1221394881665
Exit from method [ClientStatusServiceBean#deleteClientStatus]. Time spent: 0 ms. Return value: [ id=0 name=null description=Test entity isDeleted=false]
Enter into method [ClientStatusServiceBean#deleteClientStatus]. Argument info: [ id=0 name=null description=Test entity isDeleted=false]. Entrance timestamp: 1221394881665
Exit from method [ClientStatusServiceBean#deleteClientStatus]. Time spent: 0 ms. Return value: [ id=0 name=null description=Test entity isDeleted=false]
Enter into method [ClientStatusServiceBean#createClientStatus]. Argument info: [ id=0 name=null description=Test entity isDeleted=false]. Entrance timestamp: 1221394881665
Exit from method [ClientStatusServiceBean#createClientStatus]. Time spent: 0 ms. Return value: [ id=0 name=null description=Test entity isDeleted=false]
Enter into method [ClientStatusServiceBean#updateClientStatus]. Argument info: [ id=0 name=null description=Test entity isDeleted=false]. Entrance timestamp: 1221394881665
Exit from method [ClientStatusServiceBean#updateClientStatus]. Time spent: 0 ms. Return value: [ id=0 name=null description=Test entity isDeleted=false]
Enter into method [ClientStatusServiceBean#deleteClientStatus]. Argument info: [ id=0 name=null description=Test entity isDeleted=false]. Entrance timestamp: 1221394881665
Exit from method [ClientStatusServiceBean#deleteClientStatus]. Time spent: 0 ms. Return value: [ id=0 name=null description=Test entity isDeleted=false]
Enter into method [ClientStatusServiceBean#createClientStatus]. Argument info: [ id=0 name=null description=Test entity isDeleted=false]. Entrance timestamp: 1221394881665
Exit from method [ClientStatusServiceBean#createClientStatus]. Time spent: 0 ms. Return value: [ id=0 name=null description=Test entity isDeleted=false]
Enter into method [ClientStatusServiceBean#updateClientStatus]. Argument info: [ id=0 name=null description=Test entity isDeleted=false]. Entrance timestamp: 1221394881665
Exit from method [ClientStatusServiceBean#updateClientStatus]. Time spent: 0 ms. Return value: [ id=0 name=null description=Test entity isDeleted=false]
Enter into method [ClientStatusServiceBean#createClientStatus]. Argument info: [ id=0 name=null description=Test entity isDeleted=false]. Entrance timestamp: 1221394881665
Exit from method [ClientStatusServiceBean#createClientStatus]. Time spent: 0 ms. Return value: [ id=0 name=null description=Test entity isDeleted=false]
Enter into method [ClientStatusServiceBean#updateClientStatus]. Argument info: [ id=0 name=null description=Test entity isDeleted=false]. Entrance timestamp: 1221394881666
Exit from method [ClientStatusServiceBean#updateClientStatus]. Time spent: 0 ms. Return value: [ id=0 name=null description=Test entity isDeleted=false]
Enter into method [ClientStatusServiceBean#updateClientStatus]. Argument info: [ id=0 name=null description=Test entity isDeleted=false]. Entrance timestamp: 1221394881666
Exit from method [ClientStatusServiceBean#updateClientStatus]. Time spent: 0 ms. Return value: [ id=0 name=null description=Test entity isDeleted=false]
Enter into method [ClientStatusServiceBean#createClientStatus]. Argument info: [ id=0 name=null description=Test entity isDeleted=false]. Entrance timestamp: 1221394881666
Exit from method [ClientStatusServiceBean#createClientStatus]. Time spent: 0 ms. Return value: [ id=0 name=null description=Test entity isDeleted=false]
Enter into method [ClientStatusServiceBean#updateClientStatus]. Argument info: [ id=0 name=null description=Test entity isDeleted=false]. Entrance timestamp: 1221394881666
Exit from method [ClientStatusServiceBean#updateClientStatus]. Time spent: 0 ms. Return value: [ id=0 name=null description=Test entity isDeleted=false]
Enter into method [ClientStatusServiceBean#updateClientStatus]. Argument info: [ id=0 name=null description=Test entity isDeleted=false]. Entrance timestamp: 1221394881666
Exit from method [ClientStatusServiceBean#updateClientStatus]. Time spent: 0 ms. Return value: [ id=0 name=null description=Test entity isDeleted=false]
Enter into method [ClientStatusServiceBean#deleteClientStatus]. Argument info: [ id=0 name=null description=Test entity isDeleted=false]. Entrance timestamp: 1221394881666
Exit from method [ClientStatusServiceBean#deleteClientStatus]. Time spent: 0 ms. Return value: [ id=0 name=null description=Test entity isDeleted=false]
Enter into method [ClientStatusServiceBean#deleteClientStatus]. Argument info: [ id=0 name=null description=Test entity isDeleted=false]. Entrance timestamp: 1221394881666
Exit from method [ClientStatusServiceBean#deleteClientStatus]. Time spent: 0 ms. Return value: [ id=0 name=null description=Test entity isDeleted=false]
Enter into method [ClientStatusServiceBean#deleteClientStatus]. Argument info: [ id=0 name=null description=Test entity isDeleted=false]. Entrance timestamp: 1221394881666
Exit from method [ClientStatusServiceBean#deleteClientStatus]. Time spent: 0 ms. Return value: [ id=0 name=null description=Test entity isDeleted=false]
Enter into method [ClientStatusServiceBean#createClientStatus]. Argument info: [ id=0 name=null description=Test entity isDeleted=false]. Entrance timestamp: 1221394881666
Exit from method [ClientStatusServiceBean#createClientStatus]. Time spent: 0 ms. Return value: [ id=0 name=null description=Test entity isDeleted=false]
Enter into method [ClientStatusServiceBean#updateClientStatus]. Argument info: [ id=0 name=null description=Test entity isDeleted=false]. Entrance timestamp: 1221394881666
Exit from method [ClientStatusServiceBean#updateClientStatus]. Time spent: 0 ms. Return value: [ id=0 name=null description=Test entity isDeleted=false]
Enter into method [ClientStatusServiceBean#createClientStatus]. Argument info: [ id=0 name=null description=Test entity isDeleted=false]. Entrance timestamp: 1221394881666
Exit from method [ClientStatusServiceBean#createClientStatus]. Time spent: 0 ms. Return value: [ id=0 name=null description=Test entity isDeleted=false]
Enter into method [ClientStatusServiceBean#deleteClientStatus]. Argument info: [ id=0 name=null description=Test entity isDeleted=false]. Entrance timestamp: 1221394881666
Exit from method [ClientStatusServiceBean#deleteClientStatus]. Time spent: 0 ms. Return value: [ id=0 name=null description=Test entity isDeleted=false]
Enter into method [ClientStatusServiceBean#createClientStatus]. Argument info: [ id=0 name=null description=Test entity isDeleted=false]. Entrance timestamp: 1221394881666
Exit from method [ClientStatusServiceBean#createClientStatus]. Time spent: 0 ms. Return value: [ id=0 name=null description=Test entity isDeleted=false]
Enter into method [ClientStatusServiceBean#deleteClientStatus]. Argument info: [ id=0 name=null description=Test entity isDeleted=false]. Entrance timestamp: 1221394881666
Exit from method [ClientStatusServiceBean#deleteClientStatus]. Time spent: 0 ms. Return value: [ id=0 name=null description=Test entity isDeleted=false]
Enter into method [ClientStatusServiceBean#deleteClientStatus]. Argument info: [ id=0 name=null description=Test entity isDeleted=false]. Entrance timestamp: 1221394881666
Exit from method [ClientStatusServiceBean#deleteClientStatus]. Time spent: 0 ms. Return value: [ id=0 name=null description=Test entity isDeleted=false]
Enter into method [ClientStatusServiceBean#updateClientStatus]. Argument info: [ id=0 name=null description=Test entity isDeleted=false]. Entrance timestamp: 1221394881667
Exit from method [ClientStatusServiceBean#updateClientStatus]. Time spent: 0 ms. Return value: [ id=0 name=null description=Test entity isDeleted=false]
Enter into method [ClientStatusServiceBean#createClientStatus]. Argument info: [ id=0 name=null description=Test entity isDeleted=false]. Entrance timestamp: 1221394881667
Exit from method [ClientStatusServiceBean#createClientStatus]. Time spent: 0 ms. Return value: [ id=0 name=null description=Test entity isDeleted=false]
Enter into method [ClientStatusServiceBean#createClientStatus]. Argument info: [ id=0 name=null description=Test entity isDeleted=false]. Entrance timestamp: 1221394881667
Exit from method [ClientStatusServiceBean#createClientStatus]. Time spent: 0 ms. Return value: [ id=0 name=null description=Test entity isDeleted=false]
Enter into method [ClientStatusServiceBean#updateClientStatus]. Argument info: [ id=0 name=null description=Test entity isDeleted=false]. Entrance timestamp: 1221394881667
Exit from method [ClientStatusServiceBean#updateClientStatus]. Time spent: 0 ms. Return value: [ id=0 name=null description=Test entity isDeleted=false]
Enter into method [ClientStatusServiceBean#updateClientStatus]. Argument info: [ id=0 name=null description=Test entity isDeleted=false]. Entrance timestamp: 1221394881667
Exit from method [ClientStatusServiceBean#updateClientStatus]. Time spent: 0 ms. Return value: [ id=0 name=null description=Test entity isDeleted=false]
Enter into method [ClientStatusServiceBean#updateClientStatus]. Argument info: [ id=0 name=null description=Test entity isDeleted=false]. Entrance timestamp: 1221394881667
Exit from method [ClientStatusServiceBean#updateClientStatus]. Time spent: 0 ms. Return value: [ id=0 name=null description=Test entity isDeleted=false]
Enter into method [ClientStatusServiceBean#updateClientStatus]. Argument info: [ id=0 name=null description=Test entity isDeleted=false]. Entrance timestamp: 1221394881667
Exit from method [ClientStatusServiceBean#updateClientStatus]. Time spent: 0 ms. Return value: [ id=0 name=null description=Test entity isDeleted=false]
Enter into method [ClientStatusServiceBean#createClientStatus]. Argument info: [ id=0 name=null description=Test entity isDeleted=false]. Entrance timestamp: 1221394881667
Exit from method [ClientStatusServiceBean#createClientStatus]. Time spent: 0 ms. Return value: [ id=0 name=null description=Test entity isDeleted=false]
Enter into method [ClientStatusServiceBean#updateClientStatus]. Argument info: [ id=0 name=null description=Test entity isDeleted=false]. Entrance timestamp: 1221394881667
Exit from method [ClientStatusServiceBean#updateClientStatus]. Time spent: 0 ms. Return value: [ id=0 name=null description=Test entity isDeleted=false]
Enter into method [ClientStatusServiceBean#deleteClientStatus]. Argument info: [ id=0 name=null description=Test entity isDeleted=false]. Entrance timestamp: 1221394881667
Exit from method [ClientStatusServiceBean#deleteClientStatus]. Time spent: 0 ms. Return value: [ id=0 name=null description=Test entity isDeleted=false]
Enter into method [ClientStatusServiceBean#deleteClientStatus]. Argument info: [ id=0 name=null description=Test entity isDeleted=false]. Entrance timestamp: 1221394881667
Exit from method [ClientStatusServiceBean#deleteClientStatus]. Time spent: 0 ms. Return value: [ id=0 name=null description=Test entity isDeleted=false]
Enter into method [ClientStatusServiceBean#createClientStatus]. Argument info: [ id=0 name=null description=Test entity isDeleted=false]. Entrance timestamp: 1221394881667
Exit from method [ClientStatusServiceBean#createClientStatus]. Time spent: 0 ms. Return value: [ id=0 name=null description=Test entity isDeleted=false]
Enter into method [ClientStatusServiceBean#createClientStatus]. Argument info: [ id=0 name=null description=Test entity isDeleted=false]. Entrance timestamp: 1221394881667
Exit from method [ClientStatusServiceBean#createClientStatus]. Time spent: 0 ms. Return value: [ id=0 name=null description=Test entity isDeleted=false]
Enter into method [ClientStatusServiceBean#updateClientStatus]. Argument info: [ id=0 name=null description=Test entity isDeleted=false]. Entrance timestamp: 1221394881667
Exit from method [ClientStatusServiceBean#updateClientStatus]. Time spent: 0 ms. Return value: [ id=0 name=null description=Test entity isDeleted=false]
Enter into method [ClientStatusServiceBean#createClientStatus]. Argument info: [ id=0 name=null description=Test entity isDeleted=false]. Entrance timestamp: 1221394881667
Exit from method [ClientStatusServiceBean#createClientStatus]. Time spent: 0 ms. Return value: [ id=0 name=null description=Test entity isDeleted=false]
Enter into method [ClientStatusServiceBean#updateClientStatus]. Argument info: [ id=0 name=null description=Test entity isDeleted=false]. Entrance timestamp: 1221394881667
Exit from method [ClientStatusServiceBean#updateClientStatus]. Time spent: 0 ms. Return value: [ id=0 name=null description=Test entity isDeleted=false]
Enter into method [ClientStatusServiceBean#updateClientStatus]. Argument info: [ id=0 name=null description=Test entity isDeleted=false]. Entrance timestamp: 1221394881667
Exit from method [ClientStatusServiceBean#updateClientStatus]. Time spent: 0 ms. Return value: [ id=0 name=null description=Test entity isDeleted=false]
Enter into method [ClientStatusServiceBean#updateClientStatus]. Argument info: [ id=0 name=null description=Test entity isDeleted=false]. Entrance timestamp: 1221394881667
Exit from method [ClientStatusServiceBean#updateClientStatus]. Time spent: 0 ms. Return value: [ id=0 name=null description=Test entity isDeleted=false]
Enter into method [ClientStatusServiceBean#updateClientStatus]. Argument info: [ id=0 name=null description=Test entity isDeleted=false]. Entrance timestamp: 1221394881667
Exit from method [ClientStatusServiceBean#updateClientStatus]. Time spent: 0 ms. Return value: [ id=0 name=null description=Test entity isDeleted=false]
Enter into method [ClientStatusServiceBean#updateClientStatus]. Argument info: [ id=0 name=null description=Test entity isDeleted=false]. Entrance timestamp: 1221394881667
Exit from method [ClientStatusServiceBean#updateClientStatus]. Time spent: 0 ms. Return value: [ id=0 name=null description=Test entity isDeleted=false]
Enter into method [ClientStatusServiceBean#updateClientStatus]. Argument info: [ id=0 name=null description=Test entity isDeleted=false]. Entrance timestamp: 1221394881667
Exit from method [ClientStatusServiceBean#updateClientStatus]. Time spent: 0 ms. Return value: [ id=0 name=null description=Test entity isDeleted=false]
Enter into method [ClientStatusServiceBean#updateClientStatus]. Argument info: [ id=0 name=null description=Test entity isDeleted=false]. Entrance timestamp: 1221394881667
Exit from method [ClientStatusServiceBean#updateClientStatus]. Time spent: 0 ms. Return value: [ id=0 name=null description=Test entity isDeleted=false]
Enter into method [ClientStatusServiceBean#createClientStatus]. Argument info: [ id=0 name=null description=Test entity isDeleted=false]. Entrance timestamp: 1221394881667
Exit from method [ClientStatusServiceBean#createClientStatus]. Time spent: 1 ms. Return value: [ id=0 name=null description=Test entity isDeleted=false]
Enter into method [ClientStatusServiceBean#updateClientStatus]. Argument info: [ id=0 name=null description=Test entity isDeleted=false]. Entrance timestamp: 1221394881668
Exit from method [ClientStatusServiceBean#updateClientStatus]. Time spent: 0 ms. Return value: [ id=0 name=null description=Test entity isDeleted=false]
Enter into method [ClientStatusServiceBean#createClientStatus]. Argument info: [ id=0 name=null description=Test entity isDeleted=false]. Entrance timestamp: 1221394881668
Exit from method [ClientStatusServiceBean#createClientStatus]. Time spent: 0 ms. Return value: [ id=0 name=null description=Test entity isDeleted=false]
Enter into method [ClientStatusServiceBean#createClientStatus]. Argument info: [ id=0 name=null description=Test entity isDeleted=false]. Entrance timestamp: 1221394881668
Exit from method [ClientStatusServiceBean#createClientStatus]. Time spent: 0 ms. Return value: [ id=0 name=null description=Test entity isDeleted=false]
Enter into method [ClientStatusServiceBean#createClientStatus]. Argument info: [ id=0 name=null description=Test entity isDeleted=false]. Entrance timestamp: 1221394881668
Exit from method [ClientStatusServiceBean#createClientStatus]. Time spent: 0 ms. Return value: [ id=0 name=null description=Test entity isDeleted=false]
Enter into method [ClientStatusServiceBean#createClientStatus]. Argument info: [ id=0 name=null description=Test entity isDeleted=false]. Entrance timestamp: 1221394881668
Exit from method [ClientStatusServiceBean#createClientStatus]. Time spent: 0 ms. Return value: [ id=0 name=null description=Test entity isDeleted=false]
Enter into method [ClientStatusServiceBean#updateClientStatus]. Argument info: [ id=0 name=null description=Test entity isDeleted=false]. Entrance timestamp: 1221394881668
Exit from method [ClientStatusServiceBean#updateClientStatus]. Time spent: 0 ms. Return value: [ id=0 name=null description=Test entity isDeleted=false]
Enter into method [ClientStatusServiceBean#deleteClientStatus]. Argument info: [ id=0 name=null description=Test entity isDeleted=false]. Entrance timestamp: 1221394881668
Exit from method [ClientStatusServiceBean#deleteClientStatus]. Time spent: 0 ms. Return value: [ id=0 name=null description=Test entity isDeleted=false]
Enter into method [ClientStatusServiceBean#updateClientStatus]. Argument info: [ id=0 name=null description=Test entity isDeleted=false]. Entrance timestamp: 1221394881668
Exit from method [ClientStatusServiceBean#updateClientStatus]. Time spent: 0 ms. Return value: [ id=0 name=null description=Test entity isDeleted=false]
Enter into method [ClientStatusServiceBean#createClientStatus]. Argument info: [ id=0 name=null description=Test entity isDeleted=false]. Entrance timestamp: 1221394881668
Exit from method [ClientStatusServiceBean#createClientStatus]. Time spent: 0 ms. Return value: [ id=0 name=null description=Test entity isDeleted=false]
Enter into method [ClientStatusServiceBean#deleteClientStatus]. Argument info: [ id=0 name=null description=Test entity isDeleted=false]. Entrance timestamp: 1221394881668
Exit from method [ClientStatusServiceBean#deleteClientStatus]. Time spent: 0 ms. Return value: [ id=0 name=null description=Test entity isDeleted=false]
Enter into method [ClientStatusServiceBean#createClientStatus]. Argument info: [ id=0 name=null description=Test entity isDeleted=false]. Entrance timestamp: 1221394881668
Exit from method [ClientStatusServiceBean#createClientStatus]. Time spent: 0 ms. Return value: [ id=0 name=null description=Test entity isDeleted=false]
Enter into method [ClientStatusServiceBean#createClientStatus]. Argument info: [ id=0 name=null description=Test entity isDeleted=false]. Entrance timestamp: 1221394881668
Exit from method [ClientStatusServiceBean#createClientStatus]. Time spent: 0 ms. Return value: [ id=0 name=null description=Test entity isDeleted=false]
Enter into method [ClientStatusServiceBean#createClientStatus]. Argument info: [ id=0 name=null description=Test entity isDeleted=false]. Entrance timestamp: 1221394881668
Exit from method [ClientStatusServiceBean#createClientStatus]. Time spent: 0 ms. Return value: [ id=0 name=null description=Test entity isDeleted=false]
Enter into method [ClientStatusServiceBean#deleteClientStatus]. Argument info: [ id=0 name=null description=Test entity isDeleted=false]. Entrance timestamp: 1221394881668
Exit from method [ClientStatusServiceBean#deleteClientStatus]. Time spent: 0 ms. Return value: [ id=0 name=null description=Test entity isDeleted=false]
Enter into method [ClientStatusServiceBean#updateClientStatus]. Argument info: [ id=0 name=null description=Test entity isDeleted=false]. Entrance timestamp: 1221394881668
Exit from method [ClientStatusServiceBean#updateClientStatus]. Time spent: 0 ms. Return value: [ id=0 name=null description=Test entity isDeleted=false]
Enter into method [ClientStatusServiceBean#createClientStatus]. Argument info: [ id=0 name=null description=Test entity isDeleted=false]. Entrance timestamp: 1221394881668
Exit from method [ClientStatusServiceBean#createClientStatus]. Time spent: 0 ms. Return value: [ id=0 name=null description=Test entity isDeleted=false]
Enter into method [ClientStatusServiceBean#createClientStatus]. Argument info: [ id=0 name=null description=Test entity isDeleted=false]. Entrance timestamp: 1221394881668
Exit from method [ClientStatusServiceBean#createClientStatus]. Time spent: 0 ms. Return value: [ id=0 name=null description=Test entity isDeleted=false]
Enter into method [ClientStatusServiceBean#deleteClientStatus]. Argument info: [ id=0 name=null description=Test entity isDeleted=false]. Entrance timestamp: 1221394881668
Exit from method [ClientStatusServiceBean#deleteClientStatus]. Time spent: 0 ms. Return value: [ id=0 name=null description=Test entity isDeleted=false]
Enter into method [ClientStatusServiceBean#deleteClientStatus]. Argument info: [ id=0 name=null description=Test entity isDeleted=false]. Entrance timestamp: 1221394881668
Exit from method [ClientStatusServiceBean#deleteClientStatus]. Time spent: 0 ms. Return value: [ id=0 name=null description=Test entity isDeleted=false]
Enter into method [ClientStatusServiceBean#deleteClientStatus]. Argument info: [ id=0 name=null description=Test entity isDeleted=false]. Entrance timestamp: 1221394881668
Exit from method [ClientStatusServiceBean#deleteClientStatus]. Time spent: 0 ms. Return value: [ id=0 name=null description=Test entity isDeleted=false]
Enter into method [ClientStatusServiceBean#updateClientStatus]. Argument info: [ id=0 name=null description=Test entity isDeleted=false]. Entrance timestamp: 1221394881668
Exit from method [ClientStatusServiceBean#updateClientStatus]. Time spent: 1 ms. Return value: [ id=0 name=null description=Test entity isDeleted=false]
Enter into method [ClientStatusServiceBean#deleteClientStatus]. Argument info: [ id=0 name=null description=Test entity isDeleted=false]. Entrance timestamp: 1221394881669
Exit from method [ClientStatusServiceBean#deleteClientStatus]. Time spent: 0 ms. Return value: [ id=0 name=null description=Test entity isDeleted=false]
Enter into method [ClientStatusServiceBean#deleteClientStatus]. Argument info: [ id=0 name=null description=Test entity isDeleted=false]. Entrance timestamp: 1221394881669
Exit from method [ClientStatusServiceBean#deleteClientStatus]. Time spent: 0 ms. Return value: [ id=0 name=null description=Test entity isDeleted=false]
Enter into method [ClientStatusServiceBean#updateClientStatus]. Argument info: [ id=0 name=null description=Test entity isDeleted=false]. Entrance timestamp: 1221394881669
Exit from method [ClientStatusServiceBean#updateClientStatus]. Time spent: 0 ms. Return value: [ id=0 name=null description=Test entity isDeleted=false]
Enter into method [ClientStatusServiceBean#createClientStatus]. Argument info: [ id=0 name=null description=Test entity isDeleted=false]. Entrance timestamp: 1221394881669
Exit from method [ClientStatusServiceBean#createClientStatus]. Time spent: 0 ms. Return value: [ id=0 name=null description=Test entity isDeleted=false]
Enter into method [ClientStatusServiceBean#updateClientStatus]. Argument info: [ id=0 name=null description=Test entity isDeleted=false]. Entrance timestamp: 1221394881669
Exit from method [ClientStatusServiceBean#updateClientStatus]. Time spent: 0 ms. Return value: [ id=0 name=null description=Test entity isDeleted=false]
Enter into method [ClientStatusServiceBean#createClientStatus]. Argument info: [ id=0 name=null description=Test entity isDeleted=false]. Entrance timestamp: 1221394881669
Exit from method [ClientStatusServiceBean#createClientStatus]. Time spent: 0 ms. Return value: [ id=0 name=null description=Test entity isDeleted=false]
Enter into method [ClientStatusServiceBean#createClientStatus]. Argument info: [ id=0 name=null description=Test entity isDeleted=false]. Entrance timestamp: 1221394881669
Exit from method [ClientStatusServiceBean#createClientStatus]. Time spent: 0 ms. Return value: [ id=0 name=null description=Test entity isDeleted=false]
Enter into method [ClientStatusServiceBean#deleteClientStatus]. Argument info: [ id=0 name=null description=Test entity isDeleted=false]. Entrance timestamp: 1221394881669
Exit from method [ClientStatusServiceBean#deleteClientStatus]. Time spent: 0 ms. Return value: [ id=0 name=null description=Test entity isDeleted=false]
Enter into method [ClientStatusServiceBean#createClientStatus]. Argument info: [ id=0 name=null description=Test entity isDeleted=false]. Entrance timestamp: 1221394881669
Exit from method [ClientStatusServiceBean#createClientStatus]. Time spent: 0 ms. Return value: [ id=0 name=null description=Test entity isDeleted=false]
Enter into method [ClientStatusServiceBean#createClientStatus]. Argument info: [ id=0 name=null description=Test entity isDeleted=false]. Entrance timestamp: 1221394881669
Exit from method [ClientStatusServiceBean#createClientStatus]. Time spent: 0 ms. Return value: [ id=0 name=null description=Test entity isDeleted=false]
Enter into method [ClientStatusServiceBean#deleteClientStatus]. Argument info: [ id=0 name=null description=Test entity isDeleted=false]. Entrance timestamp: 1221394881669
Exit from method [ClientStatusServiceBean#deleteClientStatus]. Time spent: 0 ms. Return value: [ id=0 name=null description=Test entity isDeleted=false]
Enter into method [ClientStatusServiceBean#updateClientStatus]. Argument info: [ id=0 name=null description=Test entity isDeleted=false]. Entrance timestamp: 1221394881669
Exit from method [ClientStatusServiceBean#updateClientStatus]. Time spent: 0 ms. Return value: [ id=0 name=null description=Test entity isDeleted=false]
Enter into method [ClientStatusServiceBean#updateClientStatus]. Argument info: [ id=0 name=null description=Test entity isDeleted=false]. Entrance timestamp: 1221394881669
Exit from method [ClientStatusServiceBean#updateClientStatus]. Time spent: 0 ms. Return value: [ id=0 name=null description=Test entity isDeleted=false]
Enter into method [ClientStatusServiceBean#deleteClientStatus]. Argument info: [ id=0 name=null description=Test entity isDeleted=false]. Entrance timestamp: 1221394881669
Exit from method [ClientStatusServiceBean#deleteClientStatus]. Time spent: 0 ms. Return value: [ id=0 name=null description=Test entity isDeleted=false]
Enter into method [ClientStatusServiceBean#updateClientStatus]. Argument info: [ id=0 name=null description=Test entity isDeleted=false]. Entrance timestamp: 1221394881669
Exit from method [ClientStatusServiceBean#updateClientStatus]. Time spent: 0 ms. Return value: [ id=0 name=null description=Test entity isDeleted=false]
Enter into method [ClientStatusServiceBean#deleteClientStatus]. Argument info: [ id=0 name=null description=Test entity isDeleted=false]. Entrance timestamp: 1221394881670
Exit from method [ClientStatusServiceBean#deleteClientStatus]. Time spent: 0 ms. Return value: [ id=0 name=null description=Test entity isDeleted=false]
Enter into method [ClientStatusServiceBean#updateClientStatus]. Argument info: [ id=0 name=null description=Test entity isDeleted=false]. Entrance timestamp: 1221394881670
Exit from method [ClientStatusServiceBean#updateClientStatus]. Time spent: 0 ms. Return value: [ id=0 name=null description=Test entity isDeleted=false]
Enter into method [ClientStatusServiceBean#createClientStatus]. Argument info: [ id=0 name=null description=Test entity isDeleted=false]. Entrance timestamp: 1221394881670
Exit from method [ClientStatusServiceBean#createClientStatus]. Time spent: 0 ms. Return value: [ id=0 name=null description=Test entity isDeleted=false]
Enter into method [ClientStatusServiceBean#deleteClientStatus]. Argument info: [ id=0 name=null description=Test entity isDeleted=false]. Entrance timestamp: 1221394881670
Exit from method [ClientStatusServiceBean#deleteClientStatus]. Time spent: 0 ms. Return value: [ id=0 name=null description=Test entity isDeleted=false]
Enter into method [ClientStatusServiceBean#deleteClientStatus]. Argument info: [ id=0 name=null description=Test entity isDeleted=false]. Entrance timestamp: 1221394881670
Exit from method [ClientStatusServiceBean#deleteClientStatus]. Time spent: 0 ms. Return value: [ id=0 name=null description=Test entity isDeleted=false]
Enter into method [ClientStatusServiceBean#createClientStatus]. Argument info: [ id=0 name=null description=Test entity isDeleted=false]. Entrance timestamp: 1221394881670
Exit from method [ClientStatusServiceBean#createClientStatus]. Time spent: 0 ms. Return value: [ id=0 name=null description=Test entity isDeleted=false]
Enter into method [ClientStatusServiceBean#deleteClientStatus]. Argument info: [ id=0 name=null description=Test entity isDeleted=false]. Entrance timestamp: 1221394881670
Exit from method [ClientStatusServiceBean#deleteClientStatus]. Time spent: 0 ms. Return value: [ id=0 name=null description=Test entity isDeleted=false]
Enter into method [ClientStatusServiceBean#updateClientStatus]. Argument info: [ id=0 name=null description=Test entity isDeleted=false]. Entrance timestamp: 1221394881670
Exit from method [ClientStatusServiceBean#updateClientStatus]. Time spent: 0 ms. Return value: [ id=0 name=null description=Test entity isDeleted=false]
Enter into method [ClientStatusServiceBean#deleteClientStatus]. Argument info: [ id=0 name=null description=Test entity isDeleted=false]. Entrance timestamp: 1221394881670
Exit from method [ClientStatusServiceBean#deleteClientStatus]. Time spent: 0 ms. Return value: [ id=0 name=null description=Test entity isDeleted=false]
Enter into method [ClientStatusServiceBean#deleteClientStatus]. Argument info: [ id=0 name=null description=Test entity isDeleted=false]. Entrance timestamp: 1221394881670
Exit from method [ClientStatusServiceBean#deleteClientStatus]. Time spent: 0 ms. Return value: [ id=0 name=null description=Test entity isDeleted=false]
Enter into method [ClientStatusServiceBean#updateClientStatus]. Argument info: [ id=0 name=null description=Test entity isDeleted=false]. Entrance timestamp: 1221394881670
Exit from method [ClientStatusServiceBean#updateClientStatus]. Time spent: 0 ms. Return value: [ id=0 name=null description=Test entity isDeleted=false]
Enter into method [ClientStatusServiceBean#deleteClientStatus]. Argument info: [ id=0 name=null description=Test entity isDeleted=false]. Entrance timestamp: 1221394881670
Exit from method [ClientStatusServiceBean#deleteClientStatus]. Time spent: 0 ms. Return value: [ id=0 name=null description=Test entity isDeleted=false]
Enter into method [ClientStatusServiceBean#createClientStatus]. Argument info: [ id=0 name=null description=Test entity isDeleted=false]. Entrance timestamp: 1221394881670
Exit from method [ClientStatusServiceBean#createClientStatus]. Time spent: 0 ms. Return value: [ id=0 name=null description=Test entity isDeleted=false]
Enter into method [ClientStatusServiceBean#deleteClientStatus]. Argument info: [ id=0 name=null description=Test entity isDeleted=false]. Entrance timestamp: 1221394881670
Exit from method [ClientStatusServiceBean#deleteClientStatus]. Time spent: 0 ms. Return value: [ id=0 name=null description=Test entity isDeleted=false]
Enter into method [ClientStatusServiceBean#updateClientStatus]. Argument info: [ id=0 name=null description=Test entity isDeleted=false]. Entrance timestamp: 1221394881670
Exit from method [ClientStatusServiceBean#updateClientStatus]. Time spent: 0 ms. Return value: [ id=0 name=null description=Test entity isDeleted=false]
Enter into method [ClientStatusServiceBean#updateClientStatus]. Argument info: [ id=0 name=null description=Test entity isDeleted=false]. Entrance timestamp: 1221394881670
Exit from method [ClientStatusServiceBean#updateClientStatus]. Time spent: 0 ms. Return value: [ id=0 name=null description=Test entity isDeleted=false]
Enter into method [ClientStatusServiceBean#createClientStatus]. Argument info: [ id=0 name=null description=Test entity isDeleted=false]. Entrance timestamp: 1221394881670
Exit from method [ClientStatusServiceBean#createClientStatus]. Time spent: 0 ms. Return value: [ id=0 name=null description=Test entity isDeleted=false]
Enter into method [ClientStatusServiceBean#createClientStatus]. Argument info: [ id=0 name=null description=Test entity isDeleted=false]. Entrance timestamp: 1221394881670
Exit from method [ClientStatusServiceBean#createClientStatus]. Time spent: 0 ms. Return value: [ id=0 name=null description=Test entity isDeleted=false]
Enter into method [ClientStatusServiceBean#deleteClientStatus]. Argument info: [ id=0 name=null description=Test entity isDeleted=false]. Entrance timestamp: 1221394881670
Exit from method [ClientStatusServiceBean#deleteClientStatus]. Time spent: 0 ms. Return value: [ id=0 name=null description=Test entity isDeleted=false]
Enter into method [ClientStatusServiceBean#updateClientStatus]. Argument info: [ id=0 name=null description=Test entity isDeleted=false]. Entrance timestamp: 1221394881670
Exit from method [ClientStatusServiceBean#updateClientStatus]. Time spent: 0 ms. Return value: [ id=0 name=null description=Test entity isDeleted=false]
Enter into method [ClientStatusServiceBean#updateClientStatus]. Argument info: [ id=0 name=null description=Test entity isDeleted=false]. Entrance timestamp: 1221394881670
Exit from method [ClientStatusServiceBean#updateClientStatus]. Time spent: 0 ms. Return value: [ id=0 name=null description=Test entity isDeleted=false]
Enter into method [ClientStatusServiceBean#createClientStatus]. Argument info: [ id=0 name=null description=Test entity isDeleted=false]. Entrance timestamp: 1221394881670
Exit from method [ClientStatusServiceBean#createClientStatus]. Time spent: 0 ms. Return value: [ id=0 name=null description=Test entity isDeleted=false]
Enter into method [ClientStatusServiceBean#createClientStatus]. Argument info: [ id=0 name=null description=Test entity isDeleted=false]. Entrance timestamp: 1221394881670
Exit from method [ClientStatusServiceBean#createClientStatus]. Time spent: 0 ms. Return value: [ id=0 name=null description=Test entity isDeleted=false]
Enter into method [ClientStatusServiceBean#updateClientStatus]. Argument info: [ id=0 name=null description=Test entity isDeleted=false]. Entrance timestamp: 1221394881670
Exit from method [ClientStatusServiceBean#updateClientStatus]. Time spent: 0 ms. Return value: [ id=0 name=null description=Test entity isDeleted=false]
Enter into method [ClientStatusServiceBean#updateClientStatus]. Argument info: [ id=0 name=null description=Test entity isDeleted=false]. Entrance timestamp: 1221394881670
Exit from method [ClientStatusServiceBean#updateClientStatus]. Time spent: 0 ms. Return value: [ id=0 name=null description=Test entity isDeleted=false]
Enter into method [ClientStatusServiceBean#updateClientStatus]. Argument info: [ id=0 name=null description=Test entity isDeleted=false]. Entrance timestamp: 1221394881670
Exit from method [ClientStatusServiceBean#updateClientStatus]. Time spent: 1 ms. Return value: [ id=0 name=null description=Test entity isDeleted=false]
Enter into method [ClientStatusServiceBean#createClientStatus]. Argument info: [ id=0 name=null description=Test entity isDeleted=false]. Entrance timestamp: 1221394881671
Exit from method [ClientStatusServiceBean#createClientStatus]. Time spent: 0 ms. Return value: [ id=0 name=null description=Test entity isDeleted=false]
Enter into method [ClientStatusServiceBean#createClientStatus]. Argument info: [ id=0 name=null description=Test entity isDeleted=false]. Entrance timestamp: 1221394881671
Exit from method [ClientStatusServiceBean#createClientStatus]. Time spent: 0 ms. Return value: [ id=0 name=null description=Test entity isDeleted=false]
Enter into method [ClientStatusServiceBean#updateClientStatus]. Argument info: [ id=0 name=null description=Test entity isDeleted=false]. Entrance timestamp: 1221394881671
Exit from method [ClientStatusServiceBean#updateClientStatus]. Time spent: 0 ms. Return value: [ id=0 name=null description=Test entity isDeleted=false]
Enter into method [ClientStatusServiceBean#updateClientStatus]. Argument info: [ id=0 name=null description=Test entity isDeleted=false]. Entrance timestamp: 1221394881671
Exit from method [ClientStatusServiceBean#updateClientStatus]. Time spent: 0 ms. Return value: [ id=0 name=null description=Test entity isDeleted=false]
Enter into method [ClientStatusServiceBean#deleteClientStatus]. Argument info: [ id=0 name=null description=Test entity isDeleted=false]. Entrance timestamp: 1221394881671
Exit from method [ClientStatusServiceBean#deleteClientStatus]. Time spent: 0 ms. Return value: [ id=0 name=null description=Test entity isDeleted=false]
Enter into method [ClientStatusServiceBean#createClientStatus]. Argument info: [ id=0 name=null description=Test entity isDeleted=false]. Entrance timestamp: 1221394881671
Exit from method [ClientStatusServiceBean#createClientStatus]. Time spent: 0 ms. Return value: [ id=0 name=null description=Test entity isDeleted=false]
Enter into method [ClientStatusServiceBean#deleteClientStatus]. Argument info: [ id=0 name=null description=Test entity isDeleted=false]. Entrance timestamp: 1221394881671
Exit from method [ClientStatusServiceBean#deleteClientStatus]. Time spent: 0 ms. Return value: [ id=0 name=null description=Test entity isDeleted=false]
Enter into method [ClientStatusServiceBean#createClientStatus]. Argument info: [ id=0 name=null description=Test entity isDeleted=false]. Entrance timestamp: 1221394881671
Exit from method [ClientStatusServiceBean#createClientStatus]. Time spent: 0 ms. Return value: [ id=0 name=null description=Test entity isDeleted=false]
Enter into method [ClientStatusServiceBean#deleteClientStatus]. Argument info: [ id=0 name=null description=Test entity isDeleted=false]. Entrance timestamp: 1221394881671
Exit from method [ClientStatusServiceBean#deleteClientStatus]. Time spent: 0 ms. Return value: [ id=0 name=null description=Test entity isDeleted=false]
Enter into method [ClientStatusServiceBean#updateClientStatus]. Argument info: [ id=0 name=null description=Test entity isDeleted=false]. Entrance timestamp: 1221394881671
Exit from method [ClientStatusServiceBean#updateClientStatus]. Time spent: 0 ms. Return value: [ id=0 name=null description=Test entity isDeleted=false]
Enter into method [ClientStatusServiceBean#deleteClientStatus]. Argument info: [ id=0 name=null description=Test entity isDeleted=false]. Entrance timestamp: 1221394881671
Exit from method [ClientStatusServiceBean#deleteClientStatus]. Time spent: 0 ms. Return value: [ id=0 name=null description=Test entity isDeleted=false]
Enter into method [ClientStatusServiceBean#deleteClientStatus]. Argument info: [ id=0 name=null description=Test entity isDeleted=false]. Entrance timestamp: 1221394881671
Exit from method [ClientStatusServiceBean#deleteClientStatus]. Time spent: 0 ms. Return value: [ id=0 name=null description=Test entity isDeleted=false]
Enter into method [ClientStatusServiceBean#updateClientStatus]. Argument info: [ id=0 name=null description=Test entity isDeleted=false]. Entrance timestamp: 1221394881671
Exit from method [ClientStatusServiceBean#updateClientStatus]. Time spent: 0 ms. Return value: [ id=0 name=null description=Test entity isDeleted=false]
Enter into method [ClientStatusServiceBean#updateClientStatus]. Argument info: [ id=0 name=null description=Test entity isDeleted=false]. Entrance timestamp: 1221394881671
Exit from method [ClientStatusServiceBean#updateClientStatus]. Time spent: 0 ms. Return value: [ id=0 name=null description=Test entity isDeleted=false]
Enter into method [ClientStatusServiceBean#updateClientStatus]. Argument info: [ id=0 name=null description=Test entity isDeleted=false]. Entrance timestamp: 1221394881671
Exit from method [ClientStatusServiceBean#updateClientStatus]. Time spent: 0 ms. Return value: [ id=0 name=null description=Test entity isDeleted=false]
Enter into method [ClientStatusServiceBean#deleteClientStatus]. Argument info: [ id=0 name=null description=Test entity isDeleted=false]. Entrance timestamp: 1221394881671
Exit from method [ClientStatusServiceBean#deleteClientStatus]. Time spent: 0 ms. Return value: [ id=0 name=null description=Test entity isDeleted=false]
Enter into method [ClientStatusServiceBean#deleteClientStatus]. Argument info: [ id=0 name=null description=Test entity isDeleted=false]. Entrance timestamp: 1221394881671
Exit from method [ClientStatusServiceBean#deleteClientStatus]. Time spent: 0 ms. Return value: [ id=0 name=null description=Test entity isDeleted=false]
Enter into method [ClientStatusServiceBean#deleteClientStatus]. Argument info: [ id=0 name=null description=Test entity isDeleted=false]. Entrance timestamp: 1221394881671
Exit from method [ClientStatusServiceBean#deleteClientStatus]. Time spent: 0 ms. Return value: [ id=0 name=null description=Test entity isDeleted=false]
Enter into method [ClientStatusServiceBean#createClientStatus]. Argument info: [ id=0 name=null description=Test entity isDeleted=false]. Entrance timestamp: 1221394881671
Exit from method [ClientStatusServiceBean#createClientStatus]. Time spent: 0 ms. Return value: [ id=0 name=null description=Test entity isDeleted=false]
Enter into method [ClientStatusServiceBean#updateClientStatus]. Argument info: [ id=0 name=null description=Test entity isDeleted=false]. Entrance timestamp: 1221394881671
Exit from method [ClientStatusServiceBean#updateClientStatus]. Time spent: 0 ms. Return value: [ id=0 name=null description=Test entity isDeleted=false]
Enter into method [ClientStatusServiceBean#deleteClientStatus]. Argument info: [ id=0 name=null description=Test entity isDeleted=false]. Entrance timestamp: 1221394881671
Exit from method [ClientStatusServiceBean#deleteClientStatus]. Time spent: 1 ms. Return value: [ id=0 name=null description=Test entity isDeleted=false]
Enter into method [ClientStatusServiceBean#updateClientStatus]. Argument info: [ id=0 name=null description=Test entity isDeleted=false]. Entrance timestamp: 1221394881672
Exit from method [ClientStatusServiceBean#updateClientStatus]. Time spent: 0 ms. Return value: [ id=0 name=null description=Test entity isDeleted=false]
Enter into method [ClientStatusServiceBean#updateClientStatus]. Argument info: [ id=0 name=null description=Test entity isDeleted=false]. Entrance timestamp: 1221394881672
Exit from method [ClientStatusServiceBean#updateClientStatus]. Time spent: 0 ms. Return value: [ id=0 name=null description=Test entity isDeleted=false]
Enter into method [ClientStatusServiceBean#createClientStatus]. Argument info: [ id=0 name=null description=Test entity isDeleted=false]. Entrance timestamp: 1221394881672
Exit from method [ClientStatusServiceBean#createClientStatus]. Time spent: 0 ms. Return value: [ id=0 name=null description=Test entity isDeleted=false]
Enter into method [ClientStatusServiceBean#updateClientStatus]. Argument info: [ id=0 name=null description=Test entity isDeleted=false]. Entrance timestamp: 1221394881672
Exit from method [ClientStatusServiceBean#updateClientStatus]. Time spent: 0 ms. Return value: [ id=0 name=null description=Test entity isDeleted=false]
Enter into method [ClientStatusServiceBean#deleteClientStatus]. Argument info: [ id=0 name=null description=Test entity isDeleted=false]. Entrance timestamp: 1221394881672
Exit from method [ClientStatusServiceBean#deleteClientStatus]. Time spent: 0 ms. Return value: [ id=0 name=null description=Test entity isDeleted=false]
Enter into method [ClientStatusServiceBean#updateClientStatus]. Argument info: [ id=0 name=null description=Test entity isDeleted=false]. Entrance timestamp: 1221394881672
Exit from method [ClientStatusServiceBean#updateClientStatus]. Time spent: 0 ms. Return value: [ id=0 name=null description=Test entity isDeleted=false]
Enter into method [ClientStatusServiceBean#updateClientStatus]. Argument info: [ id=0 name=null description=Test entity isDeleted=false]. Entrance timestamp: 1221394881672
Exit from method [ClientStatusServiceBean#updateClientStatus]. Time spent: 0 ms. Return value: [ id=0 name=null description=Test entity isDeleted=false]
Enter into method [ClientStatusServiceBean#deleteClientStatus]. Argument info: [ id=0 name=null description=Test entity isDeleted=false]. Entrance timestamp: 1221394881672
Exit from method [ClientStatusServiceBean#deleteClientStatus]. Time spent: 0 ms. Return value: [ id=0 name=null description=Test entity isDeleted=false]
Enter into method [ClientStatusServiceBean#updateClientStatus]. Argument info: [ id=0 name=null description=Test entity isDeleted=false]. Entrance timestamp: 1221394881672
Exit from method [ClientStatusServiceBean#updateClientStatus]. Time spent: 0 ms. Return value: [ id=0 name=null description=Test entity isDeleted=false]
Enter into method [ClientStatusServiceBean#deleteClientStatus]. Argument info: [ id=0 name=null description=Test entity isDeleted=false]. Entrance timestamp: 1221394881672
Exit from method [ClientStatusServiceBean#deleteClientStatus]. Time spent: 0 ms. Return value: [ id=0 name=null description=Test entity isDeleted=false]
Enter into method [ClientStatusServiceBean#deleteClientStatus]. Argument info: [ id=0 name=null description=Test entity isDeleted=false]. Entrance timestamp: 1221394881672
Exit from method [ClientStatusServiceBean#deleteClientStatus]. Time spent: 0 ms. Return value: [ id=0 name=null description=Test entity isDeleted=false]
Enter into method [ClientStatusServiceBean#createClientStatus]. Argument info: [ id=0 name=null description=Test entity isDeleted=false]. Entrance timestamp: 1221394881672
Exit from method [ClientStatusServiceBean#createClientStatus]. Time spent: 0 ms. Return value: [ id=0 name=null description=Test entity isDeleted=false]
Enter into method [ClientStatusServiceBean#deleteClientStatus]. Argument info: [ id=0 name=null description=Test entity isDeleted=false]. Entrance timestamp: 1221394881672
Exit from method [ClientStatusServiceBean#deleteClientStatus]. Time spent: 0 ms. Return value: [ id=0 name=null description=Test entity isDeleted=false]
Enter into method [ClientStatusServiceBean#deleteClientStatus]. Argument info: [ id=0 name=null description=Test entity isDeleted=false]. Entrance timestamp: 1221394881672
Exit from method [ClientStatusServiceBean#deleteClientStatus]. Time spent: 0 ms. Return value: [ id=0 name=null description=Test entity isDeleted=false]
Enter into method [ClientStatusServiceBean#deleteClientStatus]. Argument info: [ id=0 name=null description=Test entity isDeleted=false]. Entrance timestamp: 1221394881672
Exit from method [ClientStatusServiceBean#deleteClientStatus]. Time spent: 0 ms. Return value: [ id=0 name=null description=Test entity isDeleted=false]
Enter into method [ClientStatusServiceBean#createClientStatus]. Argument info: [ id=0 name=null description=Test entity isDeleted=false]. Entrance timestamp: 1221394881672
Exit from method [ClientStatusServiceBean#createClientStatus]. Time spent: 0 ms. Return value: [ id=0 name=null description=Test entity isDeleted=false]
Enter into method [ClientStatusServiceBean#createClientStatus]. Argument info: [ id=0 name=null description=Test entity isDeleted=false]. Entrance timestamp: 1221394881672
Exit from method [ClientStatusServiceBean#createClientStatus]. Time spent: 0 ms. Return value: [ id=0 name=null description=Test entity isDeleted=false]
Enter into method [ClientStatusServiceBean#deleteClientStatus]. Argument info: [ id=0 name=null description=Test entity isDeleted=false]. Entrance timestamp: 1221394881673
Exit from method [ClientStatusServiceBean#deleteClientStatus]. Time spent: 0 ms. Return value: [ id=0 name=null description=Test entity isDeleted=false]
Enter into method [ClientStatusServiceBean#deleteClientStatus]. Argument info: [ id=0 name=null description=Test entity isDeleted=false]. Entrance timestamp: 1221394881673
Exit from method [ClientStatusServiceBean#deleteClientStatus]. Time spent: 0 ms. Return value: [ id=0 name=null description=Test entity isDeleted=false]
Enter into method [ClientStatusServiceBean#createClientStatus]. Argument info: [ id=0 name=null description=Test entity isDeleted=false]. Entrance timestamp: 1221394881673
Exit from method [ClientStatusServiceBean#createClientStatus]. Time spent: 0 ms. Return value: [ id=0 name=null description=Test entity isDeleted=false]
Enter into method [ClientStatusServiceBean#deleteClientStatus]. Argument info: [ id=0 name=null description=Test entity isDeleted=false]. Entrance timestamp: 1221394881673
Exit from method [ClientStatusServiceBean#deleteClientStatus]. Time spent: 0 ms. Return value: [ id=0 name=null description=Test entity isDeleted=false]
Enter into method [ClientStatusServiceBean#createClientStatus]. Argument info: [ id=0 name=null description=Test entity isDeleted=false]. Entrance timestamp: 1221394881673
Exit from method [ClientStatusServiceBean#createClientStatus]. Time spent: 0 ms. Return value: [ id=0 name=null description=Test entity isDeleted=false]
Enter into method [ClientStatusServiceBean#createClientStatus]. Argument info: [ id=0 name=null description=Test entity isDeleted=false]. Entrance timestamp: 1221394881673
Exit from method [ClientStatusServiceBean#createClientStatus]. Time spent: 0 ms. Return value: [ id=0 name=null description=Test entity isDeleted=false]
Enter into method [ClientStatusServiceBean#deleteClientStatus]. Argument info: [ id=0 name=null description=Test entity isDeleted=false]. Entrance timestamp: 1221394881673
Exit from method [ClientStatusServiceBean#deleteClientStatus]. Time spent: 0 ms. Return value: [ id=0 name=null description=Test entity isDeleted=false]
Enter into method [ClientStatusServiceBean#deleteClientStatus]. Argument info: [ id=0 name=null description=Test entity isDeleted=false]. Entrance timestamp: 1221394881673
Exit from method [ClientStatusServiceBean#deleteClientStatus]. Time spent: 0 ms. Return value: [ id=0 name=null description=Test entity isDeleted=false]
Enter into method [ClientStatusServiceBean#createClientStatus]. Argument info: [ id=0 name=null description=Test entity isDeleted=false]. Entrance timestamp: 1221394881673
Exit from method [ClientStatusServiceBean#createClientStatus]. Time spent: 0 ms. Return value: [ id=0 name=null description=Test entity isDeleted=false]
Enter into method [ClientStatusServiceBean#updateClientStatus]. Argument info: [ id=0 name=null description=Test entity isDeleted=false]. Entrance timestamp: 1221394881673
Exit from method [ClientStatusServiceBean#updateClientStatus]. Time spent: 0 ms. Return value: [ id=0 name=null description=Test entity isDeleted=false]
Enter into method [ClientStatusServiceBean#updateClientStatus]. Argument info: [ id=0 name=null description=Test entity isDeleted=false]. Entrance timestamp: 1221394881673
Exit from method [ClientStatusServiceBean#updateClientStatus]. Time spent: 0 ms. Return value: [ id=0 name=null description=Test entity isDeleted=false]
Enter into method [ClientStatusServiceBean#createClientStatus]. Argument info: [ id=0 name=null description=Test entity isDeleted=false]. Entrance timestamp: 1221394881673
Exit from method [ClientStatusServiceBean#createClientStatus]. Time spent: 0 ms. Return value: [ id=0 name=null description=Test entity isDeleted=false]
Enter into method [ClientStatusServiceBean#deleteClientStatus]. Argument info: [ id=0 name=null description=Test entity isDeleted=false]. Entrance timestamp: 1221394881673
Exit from method [ClientStatusServiceBean#deleteClientStatus]. Time spent: 0 ms. Return value: [ id=0 name=null description=Test entity isDeleted=false]
Enter into method [ClientStatusServiceBean#updateClientStatus]. Argument info: [ id=0 name=null description=Test entity isDeleted=false]. Entrance timestamp: 1221394881673
Exit from method [ClientStatusServiceBean#updateClientStatus]. Time spent: 0 ms. Return value: [ id=0 name=null description=Test entity isDeleted=false]
Enter into method [ClientStatusServiceBean#deleteClientStatus]. Argument info: [ id=0 name=null description=Test entity isDeleted=false]. Entrance timestamp: 1221394881673
Exit from method [ClientStatusServiceBean#deleteClientStatus]. Time spent: 0 ms. Return value: [ id=0 name=null description=Test entity isDeleted=false]
Enter into method [ClientStatusServiceBean#createClientStatus]. Argument info: [ id=0 name=null description=Test entity isDeleted=false]. Entrance timestamp: 1221394881673
Exit from method [ClientStatusServiceBean#createClientStatus]. Time spent: 0 ms. Return value: [ id=0 name=null description=Test entity isDeleted=false]
Enter into method [ClientStatusServiceBean#createClientStatus]. Argument info: [ id=0 name=null description=Test entity isDeleted=false]. Entrance timestamp: 1221394881673
Exit from method [ClientStatusServiceBean#createClientStatus]. Time spent: 0 ms. Return value: [ id=0 name=null description=Test entity isDeleted=false]
Enter into method [ClientStatusServiceBean#deleteClientStatus]. Argument info: [ id=0 name=null description=Test entity isDeleted=false]. Entrance timestamp: 1221394881673
Exit from method [ClientStatusServiceBean#deleteClientStatus]. Time spent: 0 ms. Return value: [ id=0 name=null description=Test entity isDeleted=false]
Enter into method [ClientStatusServiceBean#deleteClientStatus]. Argument info: [ id=0 name=null description=Test entity isDeleted=false]. Entrance timestamp: 1221394881673
Exit from method [ClientStatusServiceBean#deleteClientStatus]. Time spent: 0 ms. Return value: [ id=0 name=null description=Test entity isDeleted=false]
Enter into method [ClientStatusServiceBean#createClientStatus]. Argument info: [ id=0 name=null description=Test entity isDeleted=false]. Entrance timestamp: 1221394881673
Exit from method [ClientStatusServiceBean#createClientStatus]. Time spent: 0 ms. Return value: [ id=0 name=null description=Test entity isDeleted=false]
Enter into method [ClientStatusServiceBean#deleteClientStatus]. Argument info: [ id=0 name=null description=Test entity isDeleted=false]. Entrance timestamp: 1221394881673
Exit from method [ClientStatusServiceBean#deleteClientStatus]. Time spent: 0 ms. Return value: [ id=0 name=null description=Test entity isDeleted=false]
Enter into method [ClientStatusServiceBean#createClientStatus]. Argument info: [ id=0 name=null description=Test entity isDeleted=false]. Entrance timestamp: 1221394881673
Exit from method [ClientStatusServiceBean#createClientStatus]. Time spent: 0 ms. Return value: [ id=0 name=null description=Test entity isDeleted=false]
Enter into method [ClientStatusServiceBean#updateClientStatus]. Argument info: [ id=0 name=null description=Test entity isDeleted=false]. Entrance timestamp: 1221394881673
Exit from method [ClientStatusServiceBean#updateClientStatus]. Time spent: 0 ms. Return value: [ id=0 name=null description=Test entity isDeleted=false]
Enter into method [ClientStatusServiceBean#createClientStatus]. Argument info: [ id=0 name=null description=Test entity isDeleted=false]. Entrance timestamp: 1221394881673
Exit from method [ClientStatusServiceBean#createClientStatus]. Time spent: 0 ms. Return value: [ id=0 name=null description=Test entity isDeleted=false]
Enter into method [ClientStatusServiceBean#updateClientStatus]. Argument info: [ id=0 name=null description=Test entity isDeleted=false]. Entrance timestamp: 1221394881673
Exit from method [ClientStatusServiceBean#updateClientStatus]. Time spent: 0 ms. Return value: [ id=0 name=null description=Test entity isDeleted=false]
Enter into method [ClientStatusServiceBean#createClientStatus]. Argument info: [ id=0 name=null description=Test entity isDeleted=false]. Entrance timestamp: 1221394881673
Exit from method [ClientStatusServiceBean#createClientStatus]. Time spent: 1 ms. Return value: [ id=0 name=null description=Test entity isDeleted=false]
Enter into method [ClientStatusServiceBean#deleteClientStatus]. Argument info: [ id=0 name=null description=Test entity isDeleted=false]. Entrance timestamp: 1221394881674
Exit from method [ClientStatusServiceBean#deleteClientStatus]. Time spent: 0 ms. Return value: [ id=0 name=null description=Test entity isDeleted=false]
Enter into method [ClientStatusServiceBean#createClientStatus]. Argument info: [ id=0 name=null description=Test entity isDeleted=false]. Entrance timestamp: 1221394881674
Exit from method [ClientStatusServiceBean#createClientStatus]. Time spent: 0 ms. Return value: [ id=0 name=null description=Test entity isDeleted=false]
Enter into method [ClientStatusServiceBean#updateClientStatus]. Argument info: [ id=0 name=null description=Test entity isDeleted=false]. Entrance timestamp: 1221394881674
Exit from method [ClientStatusServiceBean#updateClientStatus]. Time spent: 0 ms. Return value: [ id=0 name=null description=Test entity isDeleted=false]
Enter into method [ClientStatusServiceBean#updateClientStatus]. Argument info: [ id=0 name=null description=Test entity isDeleted=false]. Entrance timestamp: 1221394881674
Exit from method [ClientStatusServiceBean#updateClientStatus]. Time spent: 0 ms. Return value: [ id=0 name=null description=Test entity isDeleted=false]
Enter into method [ClientStatusServiceBean#updateClientStatus]. Argument info: [ id=0 name=null description=Test entity isDeleted=false]. Entrance timestamp: 1221394881674
Exit from method [ClientStatusServiceBean#updateClientStatus]. Time spent: 0 ms. Return value: [ id=0 name=null description=Test entity isDeleted=false]
Enter into method [ClientStatusServiceBean#deleteClientStatus]. Argument info: [ id=0 name=null description=Test entity isDeleted=false]. Entrance timestamp: 1221394881674
Exit from method [ClientStatusServiceBean#deleteClientStatus]. Time spent: 0 ms. Return value: [ id=0 name=null description=Test entity isDeleted=false]
Enter into method [ClientStatusServiceBean#updateClientStatus]. Argument info: [ id=0 name=null description=Test entity isDeleted=false]. Entrance timestamp: 1221394881674
Exit from method [ClientStatusServiceBean#updateClientStatus]. Time spent: 0 ms. Return value: [ id=0 name=null description=Test entity isDeleted=false]
Enter into method [ClientStatusServiceBean#createClientStatus]. Argument info: [ id=0 name=null description=Test entity isDeleted=false]. Entrance timestamp: 1221394881674
Exit from method [ClientStatusServiceBean#createClientStatus]. Time spent: 0 ms. Return value: [ id=0 name=null description=Test entity isDeleted=false]
Enter into method [ClientStatusServiceBean#deleteClientStatus]. Argument info: [ id=0 name=null description=Test entity isDeleted=false]. Entrance timestamp: 1221394881674
Exit from method [ClientStatusServiceBean#deleteClientStatus]. Time spent: 0 ms. Return value: [ id=0 name=null description=Test entity isDeleted=false]
Enter into method [ClientStatusServiceBean#createClientStatus]. Argument info: [ id=0 name=null description=Test entity isDeleted=false]. Entrance timestamp: 1221394881674
Exit from method [ClientStatusServiceBean#createClientStatus]. Time spent: 0 ms. Return value: [ id=0 name=null description=Test entity isDeleted=false]
Enter into method [ClientStatusServiceBean#createClientStatus]. Argument info: [ id=0 name=null description=Test entity isDeleted=false]. Entrance timestamp: 1221394881674
Exit from method [ClientStatusServiceBean#createClientStatus]. Time spent: 0 ms. Return value: [ id=0 name=null description=Test entity isDeleted=false]
Enter into method [ClientStatusServiceBean#createClientStatus]. Argument info: [ id=0 name=null description=Test entity isDeleted=false]. Entrance timestamp: 1221394881674
Exit from method [ClientStatusServiceBean#createClientStatus]. Time spent: 0 ms. Return value: [ id=0 name=null description=Test entity isDeleted=false]
The test testClientStatusServiceBean_Stress running 1000 times, took time: 66 ms
Enter into method [ClientStatusServiceBean#deleteClientStatus]. Argument info: [ id=0 name=null description=Test entity isDeleted=false]. Entrance timestamp: 1221394881674
Exit from method [ClientStatusServiceBean#deleteClientStatus]. Time spent: 0 ms. Return value: [ id=0 name=null description=Test entity isDeleted=false]
Enter into method [ClientStatusServiceBean#deleteClientStatus]. Argument info: [ id=0 name=null description=Test entity isDeleted=false]. Entrance timestamp: 1221394881674
Exit from method [ClientStatusServiceBean#deleteClientStatus]. Time spent: 0 ms. Return value: [ id=0 name=null description=Test entity isDeleted=false]
Enter into method [ClientStatusServiceBean#deleteClientStatus]. Argument info: [ id=0 name=null description=Test entity isDeleted=false]. Entrance timestamp: 1221394881674
Exit from method [ClientStatusServiceBean#deleteClientStatus]. Time spent: 0 ms. Return value: [ id=0 name=null description=Test entity isDeleted=false]
Enter into method [ClientStatusServiceBean#deleteClientStatus]. Argument info: [ id=0 name=null description=Test entity isDeleted=false]. Entrance timestamp: 1221394881674
Exit from method [ClientStatusServiceBean#deleteClientStatus]. Time spent: 0 ms. Return value: [ id=0 name=null description=Test entity isDeleted=false]
Enter into method [ClientStatusServiceBean#deleteClientStatus]. Argument info: [ id=0 name=null description=Test entity isDeleted=false]. Entrance timestamp: 1221394881674
Exit from method [ClientStatusServiceBean#deleteClientStatus]. Time spent: 1 ms. Return value: [ id=0 name=null description=Test entity isDeleted=false]
Enter into method [ProjectStatusServiceBean#createProjectStatus]. Argument info: [ id=0 name=null description=Test entity isDeleted=false]. Entrance timestamp: 1221394881729
Exit from method [ProjectStatusServiceBean#createProjectStatus]. Time spent: 0 ms. Return value: [ id=0 name=null description=Test entity isDeleted=false]
Enter into method [ProjectStatusServiceBean#deleteProjectStatus]. Argument info: [ id=0 name=null description=Test entity isDeleted=false]. Entrance timestamp: 1221394881730
Exit from method [ProjectStatusServiceBean#deleteProjectStatus]. Time spent: 0 ms. Return value: [ id=0 name=null description=Test entity isDeleted=false]
Enter into method [ProjectStatusServiceBean#createProjectStatus]. Argument info: [ id=0 name=null description=Test entity isDeleted=false]. Entrance timestamp: 1221394881730
Exit from method [ProjectStatusServiceBean#createProjectStatus]. Time spent: 0 ms. Return value: [ id=0 name=null description=Test entity isDeleted=false]
Enter into method [ProjectStatusServiceBean#updateProjectStatus]. Argument info: [ id=0 name=null description=Test entity isDeleted=false]. Entrance timestamp: 1221394881730
Exit from method [ProjectStatusServiceBean#updateProjectStatus]. Time spent: 0 ms. Return value: [ id=0 name=null description=Test entity isDeleted=false]
Enter into method [ProjectStatusServiceBean#deleteProjectStatus]. Argument info: [ id=0 name=null description=Test entity isDeleted=false]. Entrance timestamp: 1221394881730
Exit from method [ProjectStatusServiceBean#deleteProjectStatus]. Time spent: 0 ms. Return value: [ id=0 name=null description=Test entity isDeleted=false]
Enter into method [ProjectStatusServiceBean#createProjectStatus]. Argument info: [ id=0 name=null description=Test entity isDeleted=false]. Entrance timestamp: 1221394881730
Exit from method [ProjectStatusServiceBean#createProjectStatus]. Time spent: 0 ms. Return value: [ id=0 name=null description=Test entity isDeleted=false]
Enter into method [ProjectStatusServiceBean#updateProjectStatus]. Argument info: [ id=0 name=null description=Test entity isDeleted=false]. Entrance timestamp: 1221394881730
Exit from method [ProjectStatusServiceBean#updateProjectStatus]. Time spent: 0 ms. Return value: [ id=0 name=null description=Test entity isDeleted=false]
Enter into method [ProjectStatusServiceBean#createProjectStatus]. Argument info: [ id=0 name=null description=Test entity isDeleted=false]. Entrance timestamp: 1221394881730
Exit from method [ProjectStatusServiceBean#createProjectStatus]. Time spent: 0 ms. Return value: [ id=0 name=null description=Test entity isDeleted=false]
Enter into method [ProjectStatusServiceBean#deleteProjectStatus]. Argument info: [ id=0 name=null description=Test entity isDeleted=false]. Entrance timestamp: 1221394881730
Exit from method [ProjectStatusServiceBean#deleteProjectStatus]. Time spent: 0 ms. Return value: [ id=0 name=null description=Test entity isDeleted=false]
Enter into method [ProjectStatusServiceBean#createProjectStatus]. Argument info: [ id=0 name=null description=Test entity isDeleted=false]. Entrance timestamp: 1221394881730
Exit from method [ProjectStatusServiceBean#createProjectStatus]. Time spent: 0 ms. Return value: [ id=0 name=null description=Test entity isDeleted=false]
Enter into method [ProjectStatusServiceBean#deleteProjectStatus]. Argument info: [ id=0 name=null description=Test entity isDeleted=false]. Entrance timestamp: 1221394881730
Exit from method [ProjectStatusServiceBean#deleteProjectStatus]. Time spent: 0 ms. Return value: [ id=0 name=null description=Test entity isDeleted=false]
Enter into method [ProjectStatusServiceBean#updateProjectStatus]. Argument info: [ id=0 name=null description=Test entity isDeleted=false]. Entrance timestamp: 1221394881730
Exit from method [ProjectStatusServiceBean#updateProjectStatus]. Time spent: 0 ms. Return value: [ id=0 name=null description=Test entity isDeleted=false]
Enter into method [ProjectStatusServiceBean#updateProjectStatus]. Argument info: [ id=0 name=null description=Test entity isDeleted=false]. Entrance timestamp: 1221394881730
Exit from method [ProjectStatusServiceBean#updateProjectStatus]. Time spent: 0 ms. Return value: [ id=0 name=null description=Test entity isDeleted=false]
Enter into method [ProjectStatusServiceBean#updateProjectStatus]. Argument info: [ id=0 name=null description=Test entity isDeleted=false]. Entrance timestamp: 1221394881730
Exit from method [ProjectStatusServiceBean#updateProjectStatus]. Time spent: 0 ms. Return value: [ id=0 name=null description=Test entity isDeleted=false]
Enter into method [ProjectStatusServiceBean#createProjectStatus]. Argument info: [ id=0 name=null description=Test entity isDeleted=false]. Entrance timestamp: 1221394881730
Exit from method [ProjectStatusServiceBean#createProjectStatus]. Time spent: 0 ms. Return value: [ id=0 name=null description=Test entity isDeleted=false]
Enter into method [ProjectStatusServiceBean#updateProjectStatus]. Argument info: [ id=0 name=null description=Test entity isDeleted=false]. Entrance timestamp: 1221394881730
Exit from method [ProjectStatusServiceBean#updateProjectStatus]. Time spent: 0 ms. Return value: [ id=0 name=null description=Test entity isDeleted=false]
Enter into method [ProjectStatusServiceBean#createProjectStatus]. Argument info: [ id=0 name=null description=Test entity isDeleted=false]. Entrance timestamp: 1221394881730
Exit from method [ProjectStatusServiceBean#createProjectStatus]. Time spent: 0 ms. Return value: [ id=0 name=null description=Test entity isDeleted=false]
Enter into method [ProjectStatusServiceBean#updateProjectStatus]. Argument info: [ id=0 name=null description=Test entity isDeleted=false]. Entrance timestamp: 1221394881730
Exit from method [ProjectStatusServiceBean#updateProjectStatus]. Time spent: 0 ms. Return value: [ id=0 name=null description=Test entity isDeleted=false]
Enter into method [ProjectStatusServiceBean#createProjectStatus]. Argument info: [ id=0 name=null description=Test entity isDeleted=false]. Entrance timestamp: 1221394881730
Exit from method [ProjectStatusServiceBean#createProjectStatus]. Time spent: 0 ms. Return value: [ id=0 name=null description=Test entity isDeleted=false]
Enter into method [ProjectStatusServiceBean#deleteProjectStatus]. Argument info: [ id=0 name=null description=Test entity isDeleted=false]. Entrance timestamp: 1221394881730
Exit from method [ProjectStatusServiceBean#deleteProjectStatus]. Time spent: 0 ms. Return value: [ id=0 name=null description=Test entity isDeleted=false]
Enter into method [ProjectStatusServiceBean#createProjectStatus]. Argument info: [ id=0 name=null description=Test entity isDeleted=false]. Entrance timestamp: 1221394881730
Exit from method [ProjectStatusServiceBean#createProjectStatus]. Time spent: 0 ms. Return value: [ id=0 name=null description=Test entity isDeleted=false]
Enter into method [ProjectStatusServiceBean#createProjectStatus]. Argument info: [ id=0 name=null description=Test entity isDeleted=false]. Entrance timestamp: 1221394881730
Exit from method [ProjectStatusServiceBean#createProjectStatus]. Time spent: 0 ms. Return value: [ id=0 name=null description=Test entity isDeleted=false]
Enter into method [ProjectStatusServiceBean#updateProjectStatus]. Argument info: [ id=0 name=null description=Test entity isDeleted=false]. Entrance timestamp: 1221394881730
Exit from method [ProjectStatusServiceBean#updateProjectStatus]. Time spent: 0 ms. Return value: [ id=0 name=null description=Test entity isDeleted=false]
Enter into method [ProjectStatusServiceBean#createProjectStatus]. Argument info: [ id=0 name=null description=Test entity isDeleted=false]. Entrance timestamp: 1221394881731
Exit from method [ProjectStatusServiceBean#createProjectStatus]. Time spent: 0 ms. Return value: [ id=0 name=null description=Test entity isDeleted=false]
Enter into method [ProjectStatusServiceBean#deleteProjectStatus]. Argument info: [ id=0 name=null description=Test entity isDeleted=false]. Entrance timestamp: 1221394881731
Exit from method [ProjectStatusServiceBean#deleteProjectStatus]. Time spent: 0 ms. Return value: [ id=0 name=null description=Test entity isDeleted=false]
Enter into method [ProjectStatusServiceBean#deleteProjectStatus]. Argument info: [ id=0 name=null description=Test entity isDeleted=false]. Entrance timestamp: 1221394881731
Exit from method [ProjectStatusServiceBean#deleteProjectStatus]. Time spent: 0 ms. Return value: [ id=0 name=null description=Test entity isDeleted=false]
Enter into method [ProjectStatusServiceBean#updateProjectStatus]. Argument info: [ id=0 name=null description=Test entity isDeleted=false]. Entrance timestamp: 1221394881731
Exit from method [ProjectStatusServiceBean#updateProjectStatus]. Time spent: 0 ms. Return value: [ id=0 name=null description=Test entity isDeleted=false]
Enter into method [ProjectStatusServiceBean#createProjectStatus]. Argument info: [ id=0 name=null description=Test entity isDeleted=false]. Entrance timestamp: 1221394881731
Exit from method [ProjectStatusServiceBean#createProjectStatus]. Time spent: 0 ms. Return value: [ id=0 name=null description=Test entity isDeleted=false]
Enter into method [ProjectStatusServiceBean#createProjectStatus]. Argument info: [ id=0 name=null description=Test entity isDeleted=false]. Entrance timestamp: 1221394881731
Exit from method [ProjectStatusServiceBean#createProjectStatus]. Time spent: 0 ms. Return value: [ id=0 name=null description=Test entity isDeleted=false]
Enter into method [ProjectStatusServiceBean#createProjectStatus]. Argument info: [ id=0 name=null description=Test entity isDeleted=false]. Entrance timestamp: 1221394881731
Exit from method [ProjectStatusServiceBean#createProjectStatus]. Time spent: 0 ms. Return value: [ id=0 name=null description=Test entity isDeleted=false]
Enter into method [ProjectStatusServiceBean#deleteProjectStatus]. Argument info: [ id=0 name=null description=Test entity isDeleted=false]. Entrance timestamp: 1221394881731
Exit from method [ProjectStatusServiceBean#deleteProjectStatus]. Time spent: 0 ms. Return value: [ id=0 name=null description=Test entity isDeleted=false]
Enter into method [ProjectStatusServiceBean#deleteProjectStatus]. Argument info: [ id=0 name=null description=Test entity isDeleted=false]. Entrance timestamp: 1221394881731
Exit from method [ProjectStatusServiceBean#deleteProjectStatus]. Time spent: 0 ms. Return value: [ id=0 name=null description=Test entity isDeleted=false]
Enter into method [ProjectStatusServiceBean#updateProjectStatus]. Argument info: [ id=0 name=null description=Test entity isDeleted=false]. Entrance timestamp: 1221394881731
Exit from method [ProjectStatusServiceBean#updateProjectStatus]. Time spent: 0 ms. Return value: [ id=0 name=null description=Test entity isDeleted=false]
Enter into method [ProjectStatusServiceBean#createProjectStatus]. Argument info: [ id=0 name=null description=Test entity isDeleted=false]. Entrance timestamp: 1221394881731
Exit from method [ProjectStatusServiceBean#createProjectStatus]. Time spent: 0 ms. Return value: [ id=0 name=null description=Test entity isDeleted=false]
Enter into method [ProjectStatusServiceBean#updateProjectStatus]. Argument info: [ id=0 name=null description=Test entity isDeleted=false]. Entrance timestamp: 1221394881731
Exit from method [ProjectStatusServiceBean#updateProjectStatus]. Time spent: 0 ms. Return value: [ id=0 name=null description=Test entity isDeleted=false]
Enter into method [ProjectStatusServiceBean#createProjectStatus]. Argument info: [ id=0 name=null description=Test entity isDeleted=false]. Entrance timestamp: 1221394881731
Exit from method [ProjectStatusServiceBean#createProjectStatus]. Time spent: 0 ms. Return value: [ id=0 name=null description=Test entity isDeleted=false]
Enter into method [ProjectStatusServiceBean#createProjectStatus]. Argument info: [ id=0 name=null description=Test entity isDeleted=false]. Entrance timestamp: 1221394881731
Exit from method [ProjectStatusServiceBean#createProjectStatus]. Time spent: 0 ms. Return value: [ id=0 name=null description=Test entity isDeleted=false]
Enter into method [ProjectStatusServiceBean#deleteProjectStatus]. Argument info: [ id=0 name=null description=Test entity isDeleted=false]. Entrance timestamp: 1221394881731
Exit from method [ProjectStatusServiceBean#deleteProjectStatus]. Time spent: 0 ms. Return value: [ id=0 name=null description=Test entity isDeleted=false]
Enter into method [ProjectStatusServiceBean#createProjectStatus]. Argument info: [ id=0 name=null description=Test entity isDeleted=false]. Entrance timestamp: 1221394881731
Exit from method [ProjectStatusServiceBean#createProjectStatus]. Time spent: 0 ms. Return value: [ id=0 name=null description=Test entity isDeleted=false]
Enter into method [ProjectStatusServiceBean#deleteProjectStatus]. Argument info: [ id=0 name=null description=Test entity isDeleted=false]. Entrance timestamp: 1221394881731
Exit from method [ProjectStatusServiceBean#deleteProjectStatus]. Time spent: 1 ms. Return value: [ id=0 name=null description=Test entity isDeleted=false]
Enter into method [ProjectStatusServiceBean#updateProjectStatus]. Argument info: [ id=0 name=null description=Test entity isDeleted=false]. Entrance timestamp: 1221394881732
Exit from method [ProjectStatusServiceBean#updateProjectStatus]. Time spent: 0 ms. Return value: [ id=0 name=null description=Test entity isDeleted=false]
Enter into method [ProjectStatusServiceBean#createProjectStatus]. Argument info: [ id=0 name=null description=Test entity isDeleted=false]. Entrance timestamp: 1221394881732
Exit from method [ProjectStatusServiceBean#createProjectStatus]. Time spent: 0 ms. Return value: [ id=0 name=null description=Test entity isDeleted=false]
Enter into method [ProjectStatusServiceBean#deleteProjectStatus]. Argument info: [ id=0 name=null description=Test entity isDeleted=false]. Entrance timestamp: 1221394881732
Exit from method [ProjectStatusServiceBean#deleteProjectStatus]. Time spent: 0 ms. Return value: [ id=0 name=null description=Test entity isDeleted=false]
Enter into method [ProjectStatusServiceBean#updateProjectStatus]. Argument info: [ id=0 name=null description=Test entity isDeleted=false]. Entrance timestamp: 1221394881732
Exit from method [ProjectStatusServiceBean#updateProjectStatus]. Time spent: 0 ms. Return value: [ id=0 name=null description=Test entity isDeleted=false]
Enter into method [ProjectStatusServiceBean#createProjectStatus]. Argument info: [ id=0 name=null description=Test entity isDeleted=false]. Entrance timestamp: 1221394881732
Exit from method [ProjectStatusServiceBean#createProjectStatus]. Time spent: 0 ms. Return value: [ id=0 name=null description=Test entity isDeleted=false]
Enter into method [ProjectStatusServiceBean#deleteProjectStatus]. Argument info: [ id=0 name=null description=Test entity isDeleted=false]. Entrance timestamp: 1221394881732
Exit from method [ProjectStatusServiceBean#deleteProjectStatus]. Time spent: 0 ms. Return value: [ id=0 name=null description=Test entity isDeleted=false]
Enter into method [ProjectStatusServiceBean#updateProjectStatus]. Argument info: [ id=0 name=null description=Test entity isDeleted=false]. Entrance timestamp: 1221394881732
Exit from method [ProjectStatusServiceBean#updateProjectStatus]. Time spent: 0 ms. Return value: [ id=0 name=null description=Test entity isDeleted=false]
Enter into method [ProjectStatusServiceBean#deleteProjectStatus]. Argument info: [ id=0 name=null description=Test entity isDeleted=false]. Entrance timestamp: 1221394881732
Exit from method [ProjectStatusServiceBean#deleteProjectStatus]. Time spent: 0 ms. Return value: [ id=0 name=null description=Test entity isDeleted=false]
Enter into method [ProjectStatusServiceBean#createProjectStatus]. Argument info: [ id=0 name=null description=Test entity isDeleted=false]. Entrance timestamp: 1221394881732
Exit from method [ProjectStatusServiceBean#createProjectStatus]. Time spent: 0 ms. Return value: [ id=0 name=null description=Test entity isDeleted=false]
Enter into method [ProjectStatusServiceBean#createProjectStatus]. Argument info: [ id=0 name=null description=Test entity isDeleted=false]. Entrance timestamp: 1221394881732
Exit from method [ProjectStatusServiceBean#createProjectStatus]. Time spent: 0 ms. Return value: [ id=0 name=null description=Test entity isDeleted=false]
Enter into method [ProjectStatusServiceBean#updateProjectStatus]. Argument info: [ id=0 name=null description=Test entity isDeleted=false]. Entrance timestamp: 1221394881732
Exit from method [ProjectStatusServiceBean#updateProjectStatus]. Time spent: 0 ms. Return value: [ id=0 name=null description=Test entity isDeleted=false]
Enter into method [ProjectStatusServiceBean#updateProjectStatus]. Argument info: [ id=0 name=null description=Test entity isDeleted=false]. Entrance timestamp: 1221394881732
Exit from method [ProjectStatusServiceBean#updateProjectStatus]. Time spent: 0 ms. Return value: [ id=0 name=null description=Test entity isDeleted=false]
Enter into method [ProjectStatusServiceBean#deleteProjectStatus]. Argument info: [ id=0 name=null description=Test entity isDeleted=false]. Entrance timestamp: 1221394881732
Exit from method [ProjectStatusServiceBean#deleteProjectStatus]. Time spent: 0 ms. Return value: [ id=0 name=null description=Test entity isDeleted=false]
Enter into method [ProjectStatusServiceBean#updateProjectStatus]. Argument info: [ id=0 name=null description=Test entity isDeleted=false]. Entrance timestamp: 1221394881732
Exit from method [ProjectStatusServiceBean#updateProjectStatus]. Time spent: 0 ms. Return value: [ id=0 name=null description=Test entity isDeleted=false]
Enter into method [ProjectStatusServiceBean#deleteProjectStatus]. Argument info: [ id=0 name=null description=Test entity isDeleted=false]. Entrance timestamp: 1221394881732
Exit from method [ProjectStatusServiceBean#deleteProjectStatus]. Time spent: 0 ms. Return value: [ id=0 name=null description=Test entity isDeleted=false]
Enter into method [ProjectStatusServiceBean#updateProjectStatus]. Argument info: [ id=0 name=null description=Test entity isDeleted=false]. Entrance timestamp: 1221394881732
Exit from method [ProjectStatusServiceBean#updateProjectStatus]. Time spent: 0 ms. Return value: [ id=0 name=null description=Test entity isDeleted=false]
Enter into method [ProjectStatusServiceBean#createProjectStatus]. Argument info: [ id=0 name=null description=Test entity isDeleted=false]. Entrance timestamp: 1221394881732
Exit from method [ProjectStatusServiceBean#createProjectStatus]. Time spent: 1 ms. Return value: [ id=0 name=null description=Test entity isDeleted=false]
Enter into method [ProjectStatusServiceBean#deleteProjectStatus]. Argument info: [ id=0 name=null description=Test entity isDeleted=false]. Entrance timestamp: 1221394881733
Exit from method [ProjectStatusServiceBean#deleteProjectStatus]. Time spent: 0 ms. Return value: [ id=0 name=null description=Test entity isDeleted=false]
Enter into method [ProjectStatusServiceBean#updateProjectStatus]. Argument info: [ id=0 name=null description=Test entity isDeleted=false]. Entrance timestamp: 1221394881733
Exit from method [ProjectStatusServiceBean#updateProjectStatus]. Time spent: 0 ms. Return value: [ id=0 name=null description=Test entity isDeleted=false]
Enter into method [ProjectStatusServiceBean#createProjectStatus]. Argument info: [ id=0 name=null description=Test entity isDeleted=false]. Entrance timestamp: 1221394881733
Exit from method [ProjectStatusServiceBean#createProjectStatus]. Time spent: 0 ms. Return value: [ id=0 name=null description=Test entity isDeleted=false]
Enter into method [ProjectStatusServiceBean#updateProjectStatus]. Argument info: [ id=0 name=null description=Test entity isDeleted=false]. Entrance timestamp: 1221394881733
Exit from method [ProjectStatusServiceBean#updateProjectStatus]. Time spent: 0 ms. Return value: [ id=0 name=null description=Test entity isDeleted=false]
Enter into method [ProjectStatusServiceBean#updateProjectStatus]. Argument info: [ id=0 name=null description=Test entity isDeleted=false]. Entrance timestamp: 1221394881733
Exit from method [ProjectStatusServiceBean#updateProjectStatus]. Time spent: 0 ms. Return value: [ id=0 name=null description=Test entity isDeleted=false]
Enter into method [ProjectStatusServiceBean#createProjectStatus]. Argument info: [ id=0 name=null description=Test entity isDeleted=false]. Entrance timestamp: 1221394881733
Exit from method [ProjectStatusServiceBean#createProjectStatus]. Time spent: 0 ms. Return value: [ id=0 name=null description=Test entity isDeleted=false]
Enter into method [ProjectStatusServiceBean#updateProjectStatus]. Argument info: [ id=0 name=null description=Test entity isDeleted=false]. Entrance timestamp: 1221394881733
Exit from method [ProjectStatusServiceBean#updateProjectStatus]. Time spent: 0 ms. Return value: [ id=0 name=null description=Test entity isDeleted=false]
Enter into method [ProjectStatusServiceBean#deleteProjectStatus]. Argument info: [ id=0 name=null description=Test entity isDeleted=false]. Entrance timestamp: 1221394881733
Exit from method [ProjectStatusServiceBean#deleteProjectStatus]. Time spent: 0 ms. Return value: [ id=0 name=null description=Test entity isDeleted=false]
Enter into method [ProjectStatusServiceBean#updateProjectStatus]. Argument info: [ id=0 name=null description=Test entity isDeleted=false]. Entrance timestamp: 1221394881733
Exit from method [ProjectStatusServiceBean#updateProjectStatus]. Time spent: 0 ms. Return value: [ id=0 name=null description=Test entity isDeleted=false]
Enter into method [ProjectStatusServiceBean#createProjectStatus]. Argument info: [ id=0 name=null description=Test entity isDeleted=false]. Entrance timestamp: 1221394881733
Exit from method [ProjectStatusServiceBean#createProjectStatus]. Time spent: 0 ms. Return value: [ id=0 name=null description=Test entity isDeleted=false]
Enter into method [ProjectStatusServiceBean#updateProjectStatus]. Argument info: [ id=0 name=null description=Test entity isDeleted=false]. Entrance timestamp: 1221394881733
Exit from method [ProjectStatusServiceBean#updateProjectStatus]. Time spent: 0 ms. Return value: [ id=0 name=null description=Test entity isDeleted=false]
Enter into method [ProjectStatusServiceBean#deleteProjectStatus]. Argument info: [ id=0 name=null description=Test entity isDeleted=false]. Entrance timestamp: 1221394881733
Exit from method [ProjectStatusServiceBean#deleteProjectStatus]. Time spent: 0 ms. Return value: [ id=0 name=null description=Test entity isDeleted=false]
Enter into method [ProjectStatusServiceBean#deleteProjectStatus]. Argument info: [ id=0 name=null description=Test entity isDeleted=false]. Entrance timestamp: 1221394881733
Exit from method [ProjectStatusServiceBean#deleteProjectStatus]. Time spent: 0 ms. Return value: [ id=0 name=null description=Test entity isDeleted=false]
Enter into method [ProjectStatusServiceBean#updateProjectStatus]. Argument info: [ id=0 name=null description=Test entity isDeleted=false]. Entrance timestamp: 1221394881733
Exit from method [ProjectStatusServiceBean#updateProjectStatus]. Time spent: 0 ms. Return value: [ id=0 name=null description=Test entity isDeleted=false]
Enter into method [ProjectStatusServiceBean#updateProjectStatus]. Argument info: [ id=0 name=null description=Test entity isDeleted=false]. Entrance timestamp: 1221394881733
Exit from method [ProjectStatusServiceBean#updateProjectStatus]. Time spent: 0 ms. Return value: [ id=0 name=null description=Test entity isDeleted=false]
Enter into method [ProjectStatusServiceBean#deleteProjectStatus]. Argument info: [ id=0 name=null description=Test entity isDeleted=false]. Entrance timestamp: 1221394881733
Exit from method [ProjectStatusServiceBean#deleteProjectStatus]. Time spent: 0 ms. Return value: [ id=0 name=null description=Test entity isDeleted=false]
Enter into method [ProjectStatusServiceBean#updateProjectStatus]. Argument info: [ id=0 name=null description=Test entity isDeleted=false]. Entrance timestamp: 1221394881733
Exit from method [ProjectStatusServiceBean#updateProjectStatus]. Time spent: 0 ms. Return value: [ id=0 name=null description=Test entity isDeleted=false]
Enter into method [ProjectStatusServiceBean#createProjectStatus]. Argument info: [ id=0 name=null description=Test entity isDeleted=false]. Entrance timestamp: 1221394881733
Exit from method [ProjectStatusServiceBean#createProjectStatus]. Time spent: 0 ms. Return value: [ id=0 name=null description=Test entity isDeleted=false]
Enter into method [ProjectStatusServiceBean#updateProjectStatus]. Argument info: [ id=0 name=null description=Test entity isDeleted=false]. Entrance timestamp: 1221394881733
Exit from method [ProjectStatusServiceBean#updateProjectStatus]. Time spent: 0 ms. Return value: [ id=0 name=null description=Test entity isDeleted=false]
Enter into method [ProjectStatusServiceBean#updateProjectStatus]. Argument info: [ id=0 name=null description=Test entity isDeleted=false]. Entrance timestamp: 1221394881733
Exit from method [ProjectStatusServiceBean#updateProjectStatus]. Time spent: 0 ms. Return value: [ id=0 name=null description=Test entity isDeleted=false]
Enter into method [ProjectStatusServiceBean#updateProjectStatus]. Argument info: [ id=0 name=null description=Test entity isDeleted=false]. Entrance timestamp: 1221394881733
Exit from method [ProjectStatusServiceBean#updateProjectStatus]. Time spent: 0 ms. Return value: [ id=0 name=null description=Test entity isDeleted=false]
Enter into method [ProjectStatusServiceBean#createProjectStatus]. Argument info: [ id=0 name=null description=Test entity isDeleted=false]. Entrance timestamp: 1221394881733
Exit from method [ProjectStatusServiceBean#createProjectStatus]. Time spent: 0 ms. Return value: [ id=0 name=null description=Test entity isDeleted=false]
Enter into method [ProjectStatusServiceBean#deleteProjectStatus]. Argument info: [ id=0 name=null description=Test entity isDeleted=false]. Entrance timestamp: 1221394881733
Exit from method [ProjectStatusServiceBean#deleteProjectStatus]. Time spent: 0 ms. Return value: [ id=0 name=null description=Test entity isDeleted=false]
Enter into method [ProjectStatusServiceBean#updateProjectStatus]. Argument info: [ id=0 name=null description=Test entity isDeleted=false]. Entrance timestamp: 1221394881733
Exit from method [ProjectStatusServiceBean#updateProjectStatus]. Time spent: 1 ms. Return value: [ id=0 name=null description=Test entity isDeleted=false]
Enter into method [ProjectStatusServiceBean#deleteProjectStatus]. Argument info: [ id=0 name=null description=Test entity isDeleted=false]. Entrance timestamp: 1221394881734
Exit from method [ProjectStatusServiceBean#deleteProjectStatus]. Time spent: 0 ms. Return value: [ id=0 name=null description=Test entity isDeleted=false]
Enter into method [ProjectStatusServiceBean#deleteProjectStatus]. Argument info: [ id=0 name=null description=Test entity isDeleted=false]. Entrance timestamp: 1221394881734
Exit from method [ProjectStatusServiceBean#deleteProjectStatus]. Time spent: 0 ms. Return value: [ id=0 name=null description=Test entity isDeleted=false]
Enter into method [ProjectStatusServiceBean#deleteProjectStatus]. Argument info: [ id=0 name=null description=Test entity isDeleted=false]. Entrance timestamp: 1221394881734
Exit from method [ProjectStatusServiceBean#deleteProjectStatus]. Time spent: 0 ms. Return value: [ id=0 name=null description=Test entity isDeleted=false]
Enter into method [ProjectStatusServiceBean#deleteProjectStatus]. Argument info: [ id=0 name=null description=Test entity isDeleted=false]. Entrance timestamp: 1221394881734
Exit from method [ProjectStatusServiceBean#deleteProjectStatus]. Time spent: 0 ms. Return value: [ id=0 name=null description=Test entity isDeleted=false]
Enter into method [ProjectStatusServiceBean#createProjectStatus]. Argument info: [ id=0 name=null description=Test entity isDeleted=false]. Entrance timestamp: 1221394881734
Exit from method [ProjectStatusServiceBean#createProjectStatus]. Time spent: 0 ms. Return value: [ id=0 name=null description=Test entity isDeleted=false]
Enter into method [ProjectStatusServiceBean#createProjectStatus]. Argument info: [ id=0 name=null description=Test entity isDeleted=false]. Entrance timestamp: 1221394881734
Exit from method [ProjectStatusServiceBean#createProjectStatus]. Time spent: 0 ms. Return value: [ id=0 name=null description=Test entity isDeleted=false]
Enter into method [ProjectStatusServiceBean#createProjectStatus]. Argument info: [ id=0 name=null description=Test entity isDeleted=false]. Entrance timestamp: 1221394881734
Exit from method [ProjectStatusServiceBean#createProjectStatus]. Time spent: 0 ms. Return value: [ id=0 name=null description=Test entity isDeleted=false]
Enter into method [ProjectStatusServiceBean#createProjectStatus]. Argument info: [ id=0 name=null description=Test entity isDeleted=false]. Entrance timestamp: 1221394881734
Exit from method [ProjectStatusServiceBean#createProjectStatus]. Time spent: 0 ms. Return value: [ id=0 name=null description=Test entity isDeleted=false]
Enter into method [ProjectStatusServiceBean#deleteProjectStatus]. Argument info: [ id=0 name=null description=Test entity isDeleted=false]. Entrance timestamp: 1221394881734
Exit from method [ProjectStatusServiceBean#deleteProjectStatus]. Time spent: 0 ms. Return value: [ id=0 name=null description=Test entity isDeleted=false]
Enter into method [ProjectStatusServiceBean#deleteProjectStatus]. Argument info: [ id=0 name=null description=Test entity isDeleted=false]. Entrance timestamp: 1221394881734
Exit from method [ProjectStatusServiceBean#deleteProjectStatus]. Time spent: 0 ms. Return value: [ id=0 name=null description=Test entity isDeleted=false]
Enter into method [ProjectStatusServiceBean#deleteProjectStatus]. Argument info: [ id=0 name=null description=Test entity isDeleted=false]. Entrance timestamp: 1221394881734
Exit from method [ProjectStatusServiceBean#deleteProjectStatus]. Time spent: 0 ms. Return value: [ id=0 name=null description=Test entity isDeleted=false]
Enter into method [ProjectStatusServiceBean#createProjectStatus]. Argument info: [ id=0 name=null description=Test entity isDeleted=false]. Entrance timestamp: 1221394881734
Exit from method [ProjectStatusServiceBean#createProjectStatus]. Time spent: 0 ms. Return value: [ id=0 name=null description=Test entity isDeleted=false]
Enter into method [ProjectStatusServiceBean#updateProjectStatus]. Argument info: [ id=0 name=null description=Test entity isDeleted=false]. Entrance timestamp: 1221394881734
Exit from method [ProjectStatusServiceBean#updateProjectStatus]. Time spent: 1 ms. Return value: [ id=0 name=null description=Test entity isDeleted=false]
Enter into method [ProjectStatusServiceBean#deleteProjectStatus]. Argument info: [ id=0 name=null description=Test entity isDeleted=false]. Entrance timestamp: 1221394881735
Exit from method [ProjectStatusServiceBean#deleteProjectStatus]. Time spent: 0 ms. Return value: [ id=0 name=null description=Test entity isDeleted=false]
Enter into method [ProjectStatusServiceBean#updateProjectStatus]. Argument info: [ id=0 name=null description=Test entity isDeleted=false]. Entrance timestamp: 1221394881735
Exit from method [ProjectStatusServiceBean#updateProjectStatus]. Time spent: 0 ms. Return value: [ id=0 name=null description=Test entity isDeleted=false]
Enter into method [ProjectStatusServiceBean#updateProjectStatus]. Argument info: [ id=0 name=null description=Test entity isDeleted=false]. Entrance timestamp: 1221394881735
Exit from method [ProjectStatusServiceBean#updateProjectStatus]. Time spent: 0 ms. Return value: [ id=0 name=null description=Test entity isDeleted=false]
Enter into method [ProjectStatusServiceBean#deleteProjectStatus]. Argument info: [ id=0 name=null description=Test entity isDeleted=false]. Entrance timestamp: 1221394881735
Exit from method [ProjectStatusServiceBean#deleteProjectStatus]. Time spent: 0 ms. Return value: [ id=0 name=null description=Test entity isDeleted=false]
Enter into method [ProjectStatusServiceBean#updateProjectStatus]. Argument info: [ id=0 name=null description=Test entity isDeleted=false]. Entrance timestamp: 1221394881735
Exit from method [ProjectStatusServiceBean#updateProjectStatus]. Time spent: 0 ms. Return value: [ id=0 name=null description=Test entity isDeleted=false]
Enter into method [ProjectStatusServiceBean#deleteProjectStatus]. Argument info: [ id=0 name=null description=Test entity isDeleted=false]. Entrance timestamp: 1221394881735
Exit from method [ProjectStatusServiceBean#deleteProjectStatus]. Time spent: 0 ms. Return value: [ id=0 name=null description=Test entity isDeleted=false]
Enter into method [ProjectStatusServiceBean#updateProjectStatus]. Argument info: [ id=0 name=null description=Test entity isDeleted=false]. Entrance timestamp: 1221394881735
Exit from method [ProjectStatusServiceBean#updateProjectStatus]. Time spent: 0 ms. Return value: [ id=0 name=null description=Test entity isDeleted=false]
Enter into method [ProjectStatusServiceBean#deleteProjectStatus]. Argument info: [ id=0 name=null description=Test entity isDeleted=false]. Entrance timestamp: 1221394881735
Exit from method [ProjectStatusServiceBean#deleteProjectStatus]. Time spent: 0 ms. Return value: [ id=0 name=null description=Test entity isDeleted=false]
Enter into method [ProjectStatusServiceBean#createProjectStatus]. Argument info: [ id=0 name=null description=Test entity isDeleted=false]. Entrance timestamp: 1221394881735
Exit from method [ProjectStatusServiceBean#createProjectStatus]. Time spent: 0 ms. Return value: [ id=0 name=null description=Test entity isDeleted=false]
Enter into method [ProjectStatusServiceBean#deleteProjectStatus]. Argument info: [ id=0 name=null description=Test entity isDeleted=false]. Entrance timestamp: 1221394881735
Exit from method [ProjectStatusServiceBean#deleteProjectStatus]. Time spent: 0 ms. Return value: [ id=0 name=null description=Test entity isDeleted=false]
Enter into method [ProjectStatusServiceBean#createProjectStatus]. Argument info: [ id=0 name=null description=Test entity isDeleted=false]. Entrance timestamp: 1221394881735
Exit from method [ProjectStatusServiceBean#createProjectStatus]. Time spent: 0 ms. Return value: [ id=0 name=null description=Test entity isDeleted=false]
Enter into method [ProjectStatusServiceBean#deleteProjectStatus]. Argument info: [ id=0 name=null description=Test entity isDeleted=false]. Entrance timestamp: 1221394881735
Exit from method [ProjectStatusServiceBean#deleteProjectStatus]. Time spent: 0 ms. Return value: [ id=0 name=null description=Test entity isDeleted=false]
Enter into method [ProjectStatusServiceBean#createProjectStatus]. Argument info: [ id=0 name=null description=Test entity isDeleted=false]. Entrance timestamp: 1221394881735
Exit from method [ProjectStatusServiceBean#createProjectStatus]. Time spent: 0 ms. Return value: [ id=0 name=null description=Test entity isDeleted=false]
Enter into method [ProjectStatusServiceBean#updateProjectStatus]. Argument info: [ id=0 name=null description=Test entity isDeleted=false]. Entrance timestamp: 1221394881735
Exit from method [ProjectStatusServiceBean#updateProjectStatus]. Time spent: 0 ms. Return value: [ id=0 name=null description=Test entity isDeleted=false]
Enter into method [ProjectStatusServiceBean#deleteProjectStatus]. Argument info: [ id=0 name=null description=Test entity isDeleted=false]. Entrance timestamp: 1221394881735
Exit from method [ProjectStatusServiceBean#deleteProjectStatus]. Time spent: 0 ms. Return value: [ id=0 name=null description=Test entity isDeleted=false]
Enter into method [ProjectStatusServiceBean#createProjectStatus]. Argument info: [ id=0 name=null description=Test entity isDeleted=false]. Entrance timestamp: 1221394881735
Exit from method [ProjectStatusServiceBean#createProjectStatus]. Time spent: 0 ms. Return value: [ id=0 name=null description=Test entity isDeleted=false]
Enter into method [ProjectStatusServiceBean#deleteProjectStatus]. Argument info: [ id=0 name=null description=Test entity isDeleted=false]. Entrance timestamp: 1221394881735
Exit from method [ProjectStatusServiceBean#deleteProjectStatus]. Time spent: 0 ms. Return value: [ id=0 name=null description=Test entity isDeleted=false]
Enter into method [ProjectStatusServiceBean#createProjectStatus]. Argument info: [ id=0 name=null description=Test entity isDeleted=false]. Entrance timestamp: 1221394881735
Exit from method [ProjectStatusServiceBean#createProjectStatus]. Time spent: 0 ms. Return value: [ id=0 name=null description=Test entity isDeleted=false]
Enter into method [ProjectStatusServiceBean#createProjectStatus]. Argument info: [ id=0 name=null description=Test entity isDeleted=false]. Entrance timestamp: 1221394881735
Exit from method [ProjectStatusServiceBean#createProjectStatus]. Time spent: 0 ms. Return value: [ id=0 name=null description=Test entity isDeleted=false]
Enter into method [ProjectStatusServiceBean#createProjectStatus]. Argument info: [ id=0 name=null description=Test entity isDeleted=false]. Entrance timestamp: 1221394881735
Exit from method [ProjectStatusServiceBean#createProjectStatus]. Time spent: 0 ms. Return value: [ id=0 name=null description=Test entity isDeleted=false]
Enter into method [ProjectStatusServiceBean#updateProjectStatus]. Argument info: [ id=0 name=null description=Test entity isDeleted=false]. Entrance timestamp: 1221394881735
Exit from method [ProjectStatusServiceBean#updateProjectStatus]. Time spent: 0 ms. Return value: [ id=0 name=null description=Test entity isDeleted=false]
Enter into method [ProjectStatusServiceBean#createProjectStatus]. Argument info: [ id=0 name=null description=Test entity isDeleted=false]. Entrance timestamp: 1221394881735
Exit from method [ProjectStatusServiceBean#createProjectStatus]. Time spent: 0 ms. Return value: [ id=0 name=null description=Test entity isDeleted=false]
Enter into method [ProjectStatusServiceBean#deleteProjectStatus]. Argument info: [ id=0 name=null description=Test entity isDeleted=false]. Entrance timestamp: 1221394881735
Exit from method [ProjectStatusServiceBean#deleteProjectStatus]. Time spent: 0 ms. Return value: [ id=0 name=null description=Test entity isDeleted=false]
Enter into method [ProjectStatusServiceBean#deleteProjectStatus]. Argument info: [ id=0 name=null description=Test entity isDeleted=false]. Entrance timestamp: 1221394881736
Exit from method [ProjectStatusServiceBean#deleteProjectStatus]. Time spent: 0 ms. Return value: [ id=0 name=null description=Test entity isDeleted=false]
Enter into method [ProjectStatusServiceBean#createProjectStatus]. Argument info: [ id=0 name=null description=Test entity isDeleted=false]. Entrance timestamp: 1221394881736
Exit from method [ProjectStatusServiceBean#createProjectStatus]. Time spent: 0 ms. Return value: [ id=0 name=null description=Test entity isDeleted=false]
Enter into method [ProjectStatusServiceBean#createProjectStatus]. Argument info: [ id=0 name=null description=Test entity isDeleted=false]. Entrance timestamp: 1221394881736
Exit from method [ProjectStatusServiceBean#createProjectStatus]. Time spent: 0 ms. Return value: [ id=0 name=null description=Test entity isDeleted=false]
Enter into method [ProjectStatusServiceBean#createProjectStatus]. Argument info: [ id=0 name=null description=Test entity isDeleted=false]. Entrance timestamp: 1221394881736
Exit from method [ProjectStatusServiceBean#createProjectStatus]. Time spent: 0 ms. Return value: [ id=0 name=null description=Test entity isDeleted=false]
Enter into method [ProjectStatusServiceBean#deleteProjectStatus]. Argument info: [ id=0 name=null description=Test entity isDeleted=false]. Entrance timestamp: 1221394881736
Exit from method [ProjectStatusServiceBean#deleteProjectStatus]. Time spent: 0 ms. Return value: [ id=0 name=null description=Test entity isDeleted=false]
Enter into method [ProjectStatusServiceBean#deleteProjectStatus]. Argument info: [ id=0 name=null description=Test entity isDeleted=false]. Entrance timestamp: 1221394881736
Exit from method [ProjectStatusServiceBean#deleteProjectStatus]. Time spent: 0 ms. Return value: [ id=0 name=null description=Test entity isDeleted=false]
Enter into method [ProjectStatusServiceBean#createProjectStatus]. Argument info: [ id=0 name=null description=Test entity isDeleted=false]. Entrance timestamp: 1221394881736
Exit from method [ProjectStatusServiceBean#createProjectStatus]. Time spent: 0 ms. Return value: [ id=0 name=null description=Test entity isDeleted=false]
Enter into method [ProjectStatusServiceBean#updateProjectStatus]. Argument info: [ id=0 name=null description=Test entity isDeleted=false]. Entrance timestamp: 1221394881736
Exit from method [ProjectStatusServiceBean#updateProjectStatus]. Time spent: 0 ms. Return value: [ id=0 name=null description=Test entity isDeleted=false]
Enter into method [ProjectStatusServiceBean#updateProjectStatus]. Argument info: [ id=0 name=null description=Test entity isDeleted=false]. Entrance timestamp: 1221394881736
Exit from method [ProjectStatusServiceBean#updateProjectStatus]. Time spent: 0 ms. Return value: [ id=0 name=null description=Test entity isDeleted=false]
Enter into method [ProjectStatusServiceBean#updateProjectStatus]. Argument info: [ id=0 name=null description=Test entity isDeleted=false]. Entrance timestamp: 1221394881736
Exit from method [ProjectStatusServiceBean#updateProjectStatus]. Time spent: 0 ms. Return value: [ id=0 name=null description=Test entity isDeleted=false]
Enter into method [ProjectStatusServiceBean#updateProjectStatus]. Argument info: [ id=0 name=null description=Test entity isDeleted=false]. Entrance timestamp: 1221394881736
Exit from method [ProjectStatusServiceBean#updateProjectStatus]. Time spent: 0 ms. Return value: [ id=0 name=null description=Test entity isDeleted=false]
Enter into method [ProjectStatusServiceBean#updateProjectStatus]. Argument info: [ id=0 name=null description=Test entity isDeleted=false]. Entrance timestamp: 1221394881736
Exit from method [ProjectStatusServiceBean#updateProjectStatus]. Time spent: 0 ms. Return value: [ id=0 name=null description=Test entity isDeleted=false]
Enter into method [ProjectStatusServiceBean#deleteProjectStatus]. Argument info: [ id=0 name=null description=Test entity isDeleted=false]. Entrance timestamp: 1221394881736
Exit from method [ProjectStatusServiceBean#deleteProjectStatus]. Time spent: 0 ms. Return value: [ id=0 name=null description=Test entity isDeleted=false]
Enter into method [ProjectStatusServiceBean#deleteProjectStatus]. Argument info: [ id=0 name=null description=Test entity isDeleted=false]. Entrance timestamp: 1221394881736
Exit from method [ProjectStatusServiceBean#deleteProjectStatus]. Time spent: 0 ms. Return value: [ id=0 name=null description=Test entity isDeleted=false]
Enter into method [ProjectStatusServiceBean#updateProjectStatus]. Argument info: [ id=0 name=null description=Test entity isDeleted=false]. Entrance timestamp: 1221394881736
Exit from method [ProjectStatusServiceBean#updateProjectStatus]. Time spent: 0 ms. Return value: [ id=0 name=null description=Test entity isDeleted=false]
Enter into method [ProjectStatusServiceBean#updateProjectStatus]. Argument info: [ id=0 name=null description=Test entity isDeleted=false]. Entrance timestamp: 1221394881736
Exit from method [ProjectStatusServiceBean#updateProjectStatus]. Time spent: 0 ms. Return value: [ id=0 name=null description=Test entity isDeleted=false]
Enter into method [ProjectStatusServiceBean#updateProjectStatus]. Argument info: [ id=0 name=null description=Test entity isDeleted=false]. Entrance timestamp: 1221394881736
Exit from method [ProjectStatusServiceBean#updateProjectStatus]. Time spent: 0 ms. Return value: [ id=0 name=null description=Test entity isDeleted=false]
Enter into method [ProjectStatusServiceBean#createProjectStatus]. Argument info: [ id=0 name=null description=Test entity isDeleted=false]. Entrance timestamp: 1221394881736
Exit from method [ProjectStatusServiceBean#createProjectStatus]. Time spent: 0 ms. Return value: [ id=0 name=null description=Test entity isDeleted=false]
Enter into method [ProjectStatusServiceBean#createProjectStatus]. Argument info: [ id=0 name=null description=Test entity isDeleted=false]. Entrance timestamp: 1221394881736
Exit from method [ProjectStatusServiceBean#createProjectStatus]. Time spent: 0 ms. Return value: [ id=0 name=null description=Test entity isDeleted=false]
Enter into method [ProjectStatusServiceBean#deleteProjectStatus]. Argument info: [ id=0 name=null description=Test entity isDeleted=false]. Entrance timestamp: 1221394881736
Exit from method [ProjectStatusServiceBean#deleteProjectStatus]. Time spent: 0 ms. Return value: [ id=0 name=null description=Test entity isDeleted=false]
Enter into method [ProjectStatusServiceBean#createProjectStatus]. Argument info: [ id=0 name=null description=Test entity isDeleted=false]. Entrance timestamp: 1221394881736
Exit from method [ProjectStatusServiceBean#createProjectStatus]. Time spent: 0 ms. Return value: [ id=0 name=null description=Test entity isDeleted=false]
Enter into method [ProjectStatusServiceBean#deleteProjectStatus]. Argument info: [ id=0 name=null description=Test entity isDeleted=false]. Entrance timestamp: 1221394881736
Exit from method [ProjectStatusServiceBean#deleteProjectStatus]. Time spent: 0 ms. Return value: [ id=0 name=null description=Test entity isDeleted=false]
Enter into method [ProjectStatusServiceBean#deleteProjectStatus]. Argument info: [ id=0 name=null description=Test entity isDeleted=false]. Entrance timestamp: 1221394881736
Exit from method [ProjectStatusServiceBean#deleteProjectStatus]. Time spent: 0 ms. Return value: [ id=0 name=null description=Test entity isDeleted=false]
Enter into method [ProjectStatusServiceBean#createProjectStatus]. Argument info: [ id=0 name=null description=Test entity isDeleted=false]. Entrance timestamp: 1221394881736
Exit from method [ProjectStatusServiceBean#createProjectStatus]. Time spent: 1 ms. Return value: [ id=0 name=null description=Test entity isDeleted=false]
Enter into method [ProjectStatusServiceBean#createProjectStatus]. Argument info: [ id=0 name=null description=Test entity isDeleted=false]. Entrance timestamp: 1221394881737
Exit from method [ProjectStatusServiceBean#createProjectStatus]. Time spent: 0 ms. Return value: [ id=0 name=null description=Test entity isDeleted=false]
Enter into method [ProjectStatusServiceBean#createProjectStatus]. Argument info: [ id=0 name=null description=Test entity isDeleted=false]. Entrance timestamp: 1221394881737
Exit from method [ProjectStatusServiceBean#createProjectStatus]. Time spent: 0 ms. Return value: [ id=0 name=null description=Test entity isDeleted=false]
Enter into method [ProjectStatusServiceBean#deleteProjectStatus]. Argument info: [ id=0 name=null description=Test entity isDeleted=false]. Entrance timestamp: 1221394881737
Exit from method [ProjectStatusServiceBean#deleteProjectStatus]. Time spent: 0 ms. Return value: [ id=0 name=null description=Test entity isDeleted=false]
Enter into method [ProjectStatusServiceBean#createProjectStatus]. Argument info: [ id=0 name=null description=Test entity isDeleted=false]. Entrance timestamp: 1221394881737
Exit from method [ProjectStatusServiceBean#createProjectStatus]. Time spent: 0 ms. Return value: [ id=0 name=null description=Test entity isDeleted=false]
Enter into method [ProjectStatusServiceBean#createProjectStatus]. Argument info: [ id=0 name=null description=Test entity isDeleted=false]. Entrance timestamp: 1221394881737
Exit from method [ProjectStatusServiceBean#createProjectStatus]. Time spent: 0 ms. Return value: [ id=0 name=null description=Test entity isDeleted=false]
Enter into method [ProjectStatusServiceBean#createProjectStatus]. Argument info: [ id=0 name=null description=Test entity isDeleted=false]. Entrance timestamp: 1221394881737
Exit from method [ProjectStatusServiceBean#createProjectStatus]. Time spent: 0 ms. Return value: [ id=0 name=null description=Test entity isDeleted=false]
Enter into method [ProjectStatusServiceBean#createProjectStatus]. Argument info: [ id=0 name=null description=Test entity isDeleted=false]. Entrance timestamp: 1221394881737
Exit from method [ProjectStatusServiceBean#createProjectStatus]. Time spent: 0 ms. Return value: [ id=0 name=null description=Test entity isDeleted=false]
Enter into method [ProjectStatusServiceBean#createProjectStatus]. Argument info: [ id=0 name=null description=Test entity isDeleted=false]. Entrance timestamp: 1221394881737
Exit from method [ProjectStatusServiceBean#createProjectStatus]. Time spent: 0 ms. Return value: [ id=0 name=null description=Test entity isDeleted=false]
Enter into method [ProjectStatusServiceBean#deleteProjectStatus]. Argument info: [ id=0 name=null description=Test entity isDeleted=false]. Entrance timestamp: 1221394881737
Exit from method [ProjectStatusServiceBean#deleteProjectStatus]. Time spent: 0 ms. Return value: [ id=0 name=null description=Test entity isDeleted=false]
Enter into method [ProjectStatusServiceBean#createProjectStatus]. Argument info: [ id=0 name=null description=Test entity isDeleted=false]. Entrance timestamp: 1221394881737
Exit from method [ProjectStatusServiceBean#createProjectStatus]. Time spent: 0 ms. Return value: [ id=0 name=null description=Test entity isDeleted=false]
Enter into method [ProjectStatusServiceBean#createProjectStatus]. Argument info: [ id=0 name=null description=Test entity isDeleted=false]. Entrance timestamp: 1221394881737
Exit from method [ProjectStatusServiceBean#createProjectStatus]. Time spent: 0 ms. Return value: [ id=0 name=null description=Test entity isDeleted=false]
Enter into method [ProjectStatusServiceBean#updateProjectStatus]. Argument info: [ id=0 name=null description=Test entity isDeleted=false]. Entrance timestamp: 1221394881737
Exit from method [ProjectStatusServiceBean#updateProjectStatus]. Time spent: 0 ms. Return value: [ id=0 name=null description=Test entity isDeleted=false]
Enter into method [ProjectStatusServiceBean#createProjectStatus]. Argument info: [ id=0 name=null description=Test entity isDeleted=false]. Entrance timestamp: 1221394881737
Exit from method [ProjectStatusServiceBean#createProjectStatus]. Time spent: 0 ms. Return value: [ id=0 name=null description=Test entity isDeleted=false]
Enter into method [ProjectStatusServiceBean#deleteProjectStatus]. Argument info: [ id=0 name=null description=Test entity isDeleted=false]. Entrance timestamp: 1221394881737
Exit from method [ProjectStatusServiceBean#deleteProjectStatus]. Time spent: 0 ms. Return value: [ id=0 name=null description=Test entity isDeleted=false]
Enter into method [ProjectStatusServiceBean#deleteProjectStatus]. Argument info: [ id=0 name=null description=Test entity isDeleted=false]. Entrance timestamp: 1221394881737
Exit from method [ProjectStatusServiceBean#deleteProjectStatus]. Time spent: 0 ms. Return value: [ id=0 name=null description=Test entity isDeleted=false]
Enter into method [ProjectStatusServiceBean#updateProjectStatus]. Argument info: [ id=0 name=null description=Test entity isDeleted=false]. Entrance timestamp: 1221394881738
Exit from method [ProjectStatusServiceBean#updateProjectStatus]. Time spent: 0 ms. Return value: [ id=0 name=null description=Test entity isDeleted=false]
Enter into method [ProjectStatusServiceBean#updateProjectStatus]. Argument info: [ id=0 name=null description=Test entity isDeleted=false]. Entrance timestamp: 1221394881738
Exit from method [ProjectStatusServiceBean#updateProjectStatus]. Time spent: 0 ms. Return value: [ id=0 name=null description=Test entity isDeleted=false]
Enter into method [ProjectStatusServiceBean#deleteProjectStatus]. Argument info: [ id=0 name=null description=Test entity isDeleted=false]. Entrance timestamp: 1221394881738
Exit from method [ProjectStatusServiceBean#deleteProjectStatus]. Time spent: 0 ms. Return value: [ id=0 name=null description=Test entity isDeleted=false]
Enter into method [ProjectStatusServiceBean#deleteProjectStatus]. Argument info: [ id=0 name=null description=Test entity isDeleted=false]. Entrance timestamp: 1221394881738
Exit from method [ProjectStatusServiceBean#deleteProjectStatus]. Time spent: 0 ms. Return value: [ id=0 name=null description=Test entity isDeleted=false]
Enter into method [ProjectStatusServiceBean#createProjectStatus]. Argument info: [ id=0 name=null description=Test entity isDeleted=false]. Entrance timestamp: 1221394881738
Exit from method [ProjectStatusServiceBean#createProjectStatus]. Time spent: 0 ms. Return value: [ id=0 name=null description=Test entity isDeleted=false]
Enter into method [ProjectStatusServiceBean#deleteProjectStatus]. Argument info: [ id=0 name=null description=Test entity isDeleted=false]. Entrance timestamp: 1221394881738
Exit from method [ProjectStatusServiceBean#deleteProjectStatus]. Time spent: 0 ms. Return value: [ id=0 name=null description=Test entity isDeleted=false]
Enter into method [ProjectStatusServiceBean#createProjectStatus]. Argument info: [ id=0 name=null description=Test entity isDeleted=false]. Entrance timestamp: 1221394881738
Exit from method [ProjectStatusServiceBean#createProjectStatus]. Time spent: 0 ms. Return value: [ id=0 name=null description=Test entity isDeleted=false]
Enter into method [ProjectStatusServiceBean#createProjectStatus]. Argument info: [ id=0 name=null description=Test entity isDeleted=false]. Entrance timestamp: 1221394881738
Exit from method [ProjectStatusServiceBean#createProjectStatus]. Time spent: 0 ms. Return value: [ id=0 name=null description=Test entity isDeleted=false]
Enter into method [ProjectStatusServiceBean#createProjectStatus]. Argument info: [ id=0 name=null description=Test entity isDeleted=false]. Entrance timestamp: 1221394881738
Exit from method [ProjectStatusServiceBean#createProjectStatus]. Time spent: 0 ms. Return value: [ id=0 name=null description=Test entity isDeleted=false]
Enter into method [ProjectStatusServiceBean#deleteProjectStatus]. Argument info: [ id=0 name=null description=Test entity isDeleted=false]. Entrance timestamp: 1221394881738
Exit from method [ProjectStatusServiceBean#deleteProjectStatus]. Time spent: 0 ms. Return value: [ id=0 name=null description=Test entity isDeleted=false]
Enter into method [ProjectStatusServiceBean#deleteProjectStatus]. Argument info: [ id=0 name=null description=Test entity isDeleted=false]. Entrance timestamp: 1221394881738
Exit from method [ProjectStatusServiceBean#deleteProjectStatus]. Time spent: 0 ms. Return value: [ id=0 name=null description=Test entity isDeleted=false]
Enter into method [ProjectStatusServiceBean#updateProjectStatus]. Argument info: [ id=0 name=null description=Test entity isDeleted=false]. Entrance timestamp: 1221394881738
Exit from method [ProjectStatusServiceBean#updateProjectStatus]. Time spent: 0 ms. Return value: [ id=0 name=null description=Test entity isDeleted=false]
Enter into method [ProjectStatusServiceBean#createProjectStatus]. Argument info: [ id=0 name=null description=Test entity isDeleted=false]. Entrance timestamp: 1221394881738
Exit from method [ProjectStatusServiceBean#createProjectStatus]. Time spent: 0 ms. Return value: [ id=0 name=null description=Test entity isDeleted=false]
Enter into method [ProjectStatusServiceBean#deleteProjectStatus]. Argument info: [ id=0 name=null description=Test entity isDeleted=false]. Entrance timestamp: 1221394881738
Exit from method [ProjectStatusServiceBean#deleteProjectStatus]. Time spent: 0 ms. Return value: [ id=0 name=null description=Test entity isDeleted=false]
Enter into method [ProjectStatusServiceBean#createProjectStatus]. Argument info: [ id=0 name=null description=Test entity isDeleted=false]. Entrance timestamp: 1221394881738
Exit from method [ProjectStatusServiceBean#createProjectStatus]. Time spent: 0 ms. Return value: [ id=0 name=null description=Test entity isDeleted=false]
Enter into method [ProjectStatusServiceBean#deleteProjectStatus]. Argument info: [ id=0 name=null description=Test entity isDeleted=false]. Entrance timestamp: 1221394881738
Exit from method [ProjectStatusServiceBean#deleteProjectStatus]. Time spent: 0 ms. Return value: [ id=0 name=null description=Test entity isDeleted=false]
Enter into method [ProjectStatusServiceBean#createProjectStatus]. Argument info: [ id=0 name=null description=Test entity isDeleted=false]. Entrance timestamp: 1221394881738
Exit from method [ProjectStatusServiceBean#createProjectStatus]. Time spent: 0 ms. Return value: [ id=0 name=null description=Test entity isDeleted=false]
Enter into method [ProjectStatusServiceBean#createProjectStatus]. Argument info: [ id=0 name=null description=Test entity isDeleted=false]. Entrance timestamp: 1221394881738
Exit from method [ProjectStatusServiceBean#createProjectStatus]. Time spent: 0 ms. Return value: [ id=0 name=null description=Test entity isDeleted=false]
Enter into method [ProjectStatusServiceBean#updateProjectStatus]. Argument info: [ id=0 name=null description=Test entity isDeleted=false]. Entrance timestamp: 1221394881738
Exit from method [ProjectStatusServiceBean#updateProjectStatus]. Time spent: 0 ms. Return value: [ id=0 name=null description=Test entity isDeleted=false]
Enter into method [ProjectStatusServiceBean#updateProjectStatus]. Argument info: [ id=0 name=null description=Test entity isDeleted=false]. Entrance timestamp: 1221394881738
Exit from method [ProjectStatusServiceBean#updateProjectStatus]. Time spent: 0 ms. Return value: [ id=0 name=null description=Test entity isDeleted=false]
Enter into method [ProjectStatusServiceBean#updateProjectStatus]. Argument info: [ id=0 name=null description=Test entity isDeleted=false]. Entrance timestamp: 1221394881738
Exit from method [ProjectStatusServiceBean#updateProjectStatus]. Time spent: 0 ms. Return value: [ id=0 name=null description=Test entity isDeleted=false]
Enter into method [ProjectStatusServiceBean#createProjectStatus]. Argument info: [ id=0 name=null description=Test entity isDeleted=false]. Entrance timestamp: 1221394881738
Exit from method [ProjectStatusServiceBean#createProjectStatus]. Time spent: 0 ms. Return value: [ id=0 name=null description=Test entity isDeleted=false]
Enter into method [ProjectStatusServiceBean#updateProjectStatus]. Argument info: [ id=0 name=null description=Test entity isDeleted=false]. Entrance timestamp: 1221394881738
Exit from method [ProjectStatusServiceBean#updateProjectStatus]. Time spent: 0 ms. Return value: [ id=0 name=null description=Test entity isDeleted=false]
Enter into method [ProjectStatusServiceBean#createProjectStatus]. Argument info: [ id=0 name=null description=Test entity isDeleted=false]. Entrance timestamp: 1221394881738
Exit from method [ProjectStatusServiceBean#createProjectStatus]. Time spent: 0 ms. Return value: [ id=0 name=null description=Test entity isDeleted=false]
Enter into method [ProjectStatusServiceBean#deleteProjectStatus]. Argument info: [ id=0 name=null description=Test entity isDeleted=false]. Entrance timestamp: 1221394881739
Exit from method [ProjectStatusServiceBean#deleteProjectStatus]. Time spent: 0 ms. Return value: [ id=0 name=null description=Test entity isDeleted=false]
Enter into method [ProjectStatusServiceBean#createProjectStatus]. Argument info: [ id=0 name=null description=Test entity isDeleted=false]. Entrance timestamp: 1221394881739
Exit from method [ProjectStatusServiceBean#createProjectStatus]. Time spent: 0 ms. Return value: [ id=0 name=null description=Test entity isDeleted=false]
Enter into method [ProjectStatusServiceBean#updateProjectStatus]. Argument info: [ id=0 name=null description=Test entity isDeleted=false]. Entrance timestamp: 1221394881739
Exit from method [ProjectStatusServiceBean#updateProjectStatus]. Time spent: 0 ms. Return value: [ id=0 name=null description=Test entity isDeleted=false]
Enter into method [ProjectStatusServiceBean#deleteProjectStatus]. Argument info: [ id=0 name=null description=Test entity isDeleted=false]. Entrance timestamp: 1221394881739
Exit from method [ProjectStatusServiceBean#deleteProjectStatus]. Time spent: 0 ms. Return value: [ id=0 name=null description=Test entity isDeleted=false]
Enter into method [ProjectStatusServiceBean#deleteProjectStatus]. Argument info: [ id=0 name=null description=Test entity isDeleted=false]. Entrance timestamp: 1221394881739
Exit from method [ProjectStatusServiceBean#deleteProjectStatus]. Time spent: 0 ms. Return value: [ id=0 name=null description=Test entity isDeleted=false]
Enter into method [ProjectStatusServiceBean#deleteProjectStatus]. Argument info: [ id=0 name=null description=Test entity isDeleted=false]. Entrance timestamp: 1221394881739
Exit from method [ProjectStatusServiceBean#deleteProjectStatus]. Time spent: 0 ms. Return value: [ id=0 name=null description=Test entity isDeleted=false]
Enter into method [ProjectStatusServiceBean#updateProjectStatus]. Argument info: [ id=0 name=null description=Test entity isDeleted=false]. Entrance timestamp: 1221394881739
Exit from method [ProjectStatusServiceBean#updateProjectStatus]. Time spent: 0 ms. Return value: [ id=0 name=null description=Test entity isDeleted=false]
Enter into method [ProjectStatusServiceBean#deleteProjectStatus]. Argument info: [ id=0 name=null description=Test entity isDeleted=false]. Entrance timestamp: 1221394881739
Exit from method [ProjectStatusServiceBean#deleteProjectStatus]. Time spent: 0 ms. Return value: [ id=0 name=null description=Test entity isDeleted=false]
Enter into method [ProjectStatusServiceBean#updateProjectStatus]. Argument info: [ id=0 name=null description=Test entity isDeleted=false]. Entrance timestamp: 1221394881739
Exit from method [ProjectStatusServiceBean#updateProjectStatus]. Time spent: 0 ms. Return value: [ id=0 name=null description=Test entity isDeleted=false]
Enter into method [ProjectStatusServiceBean#createProjectStatus]. Argument info: [ id=0 name=null description=Test entity isDeleted=false]. Entrance timestamp: 1221394881739
Exit from method [ProjectStatusServiceBean#createProjectStatus]. Time spent: 0 ms. Return value: [ id=0 name=null description=Test entity isDeleted=false]
Enter into method [ProjectStatusServiceBean#updateProjectStatus]. Argument info: [ id=0 name=null description=Test entity isDeleted=false]. Entrance timestamp: 1221394881739
Exit from method [ProjectStatusServiceBean#updateProjectStatus]. Time spent: 0 ms. Return value: [ id=0 name=null description=Test entity isDeleted=false]
Enter into method [ProjectStatusServiceBean#updateProjectStatus]. Argument info: [ id=0 name=null description=Test entity isDeleted=false]. Entrance timestamp: 1221394881739
Exit from method [ProjectStatusServiceBean#updateProjectStatus]. Time spent: 0 ms. Return value: [ id=0 name=null description=Test entity isDeleted=false]
Enter into method [ProjectStatusServiceBean#deleteProjectStatus]. Argument info: [ id=0 name=null description=Test entity isDeleted=false]. Entrance timestamp: 1221394881739
Exit from method [ProjectStatusServiceBean#deleteProjectStatus]. Time spent: 0 ms. Return value: [ id=0 name=null description=Test entity isDeleted=false]
Enter into method [ProjectStatusServiceBean#createProjectStatus]. Argument info: [ id=0 name=null description=Test entity isDeleted=false]. Entrance timestamp: 1221394881739
Exit from method [ProjectStatusServiceBean#createProjectStatus]. Time spent: 0 ms. Return value: [ id=0 name=null description=Test entity isDeleted=false]
Enter into method [ProjectStatusServiceBean#updateProjectStatus]. Argument info: [ id=0 name=null description=Test entity isDeleted=false]. Entrance timestamp: 1221394881739
Exit from method [ProjectStatusServiceBean#updateProjectStatus]. Time spent: 0 ms. Return value: [ id=0 name=null description=Test entity isDeleted=false]
Enter into method [ProjectStatusServiceBean#updateProjectStatus]. Argument info: [ id=0 name=null description=Test entity isDeleted=false]. Entrance timestamp: 1221394881739
Exit from method [ProjectStatusServiceBean#updateProjectStatus]. Time spent: 0 ms. Return value: [ id=0 name=null description=Test entity isDeleted=false]
Enter into method [ProjectStatusServiceBean#createProjectStatus]. Argument info: [ id=0 name=null description=Test entity isDeleted=false]. Entrance timestamp: 1221394881739
Exit from method [ProjectStatusServiceBean#createProjectStatus]. Time spent: 0 ms. Return value: [ id=0 name=null description=Test entity isDeleted=false]
Enter into method [ProjectStatusServiceBean#createProjectStatus]. Argument info: [ id=0 name=null description=Test entity isDeleted=false]. Entrance timestamp: 1221394881739
Exit from method [ProjectStatusServiceBean#createProjectStatus]. Time spent: 0 ms. Return value: [ id=0 name=null description=Test entity isDeleted=false]
Enter into method [ProjectStatusServiceBean#deleteProjectStatus]. Argument info: [ id=0 name=null description=Test entity isDeleted=false]. Entrance timestamp: 1221394881740
Exit from method [ProjectStatusServiceBean#deleteProjectStatus]. Time spent: 0 ms. Return value: [ id=0 name=null description=Test entity isDeleted=false]
Enter into method [ProjectStatusServiceBean#createProjectStatus]. Argument info: [ id=0 name=null description=Test entity isDeleted=false]. Entrance timestamp: 1221394881740
Exit from method [ProjectStatusServiceBean#createProjectStatus]. Time spent: 0 ms. Return value: [ id=0 name=null description=Test entity isDeleted=false]
Enter into method [ProjectStatusServiceBean#createProjectStatus]. Argument info: [ id=0 name=null description=Test entity isDeleted=false]. Entrance timestamp: 1221394881740
Exit from method [ProjectStatusServiceBean#createProjectStatus]. Time spent: 0 ms. Return value: [ id=0 name=null description=Test entity isDeleted=false]
Enter into method [ProjectStatusServiceBean#deleteProjectStatus]. Argument info: [ id=0 name=null description=Test entity isDeleted=false]. Entrance timestamp: 1221394881740
Exit from method [ProjectStatusServiceBean#deleteProjectStatus]. Time spent: 0 ms. Return value: [ id=0 name=null description=Test entity isDeleted=false]
Enter into method [ProjectStatusServiceBean#deleteProjectStatus]. Argument info: [ id=0 name=null description=Test entity isDeleted=false]. Entrance timestamp: 1221394881740
Exit from method [ProjectStatusServiceBean#deleteProjectStatus]. Time spent: 0 ms. Return value: [ id=0 name=null description=Test entity isDeleted=false]
Enter into method [ProjectStatusServiceBean#deleteProjectStatus]. Argument info: [ id=0 name=null description=Test entity isDeleted=false]. Entrance timestamp: 1221394881740
Exit from method [ProjectStatusServiceBean#deleteProjectStatus]. Time spent: 0 ms. Return value: [ id=0 name=null description=Test entity isDeleted=false]
Enter into method [ProjectStatusServiceBean#deleteProjectStatus]. Argument info: [ id=0 name=null description=Test entity isDeleted=false]. Entrance timestamp: 1221394881740
Exit from method [ProjectStatusServiceBean#deleteProjectStatus]. Time spent: 0 ms. Return value: [ id=0 name=null description=Test entity isDeleted=false]
Enter into method [ProjectStatusServiceBean#deleteProjectStatus]. Argument info: [ id=0 name=null description=Test entity isDeleted=false]. Entrance timestamp: 1221394881740
Exit from method [ProjectStatusServiceBean#deleteProjectStatus]. Time spent: 0 ms. Return value: [ id=0 name=null description=Test entity isDeleted=false]
Enter into method [ProjectStatusServiceBean#updateProjectStatus]. Argument info: [ id=0 name=null description=Test entity isDeleted=false]. Entrance timestamp: 1221394881740
Exit from method [ProjectStatusServiceBean#updateProjectStatus]. Time spent: 0 ms. Return value: [ id=0 name=null description=Test entity isDeleted=false]
Enter into method [ProjectStatusServiceBean#updateProjectStatus]. Argument info: [ id=0 name=null description=Test entity isDeleted=false]. Entrance timestamp: 1221394881740
Exit from method [ProjectStatusServiceBean#updateProjectStatus]. Time spent: 0 ms. Return value: [ id=0 name=null description=Test entity isDeleted=false]
Enter into method [ProjectStatusServiceBean#deleteProjectStatus]. Argument info: [ id=0 name=null description=Test entity isDeleted=false]. Entrance timestamp: 1221394881740
Exit from method [ProjectStatusServiceBean#deleteProjectStatus]. Time spent: 0 ms. Return value: [ id=0 name=null description=Test entity isDeleted=false]
Enter into method [ProjectStatusServiceBean#updateProjectStatus]. Argument info: [ id=0 name=null description=Test entity isDeleted=false]. Entrance timestamp: 1221394881740
Exit from method [ProjectStatusServiceBean#updateProjectStatus]. Time spent: 0 ms. Return value: [ id=0 name=null description=Test entity isDeleted=false]
Enter into method [ProjectStatusServiceBean#updateProjectStatus]. Argument info: [ id=0 name=null description=Test entity isDeleted=false]. Entrance timestamp: 1221394881740
Exit from method [ProjectStatusServiceBean#updateProjectStatus]. Time spent: 0 ms. Return value: [ id=0 name=null description=Test entity isDeleted=false]
Enter into method [ProjectStatusServiceBean#createProjectStatus]. Argument info: [ id=0 name=null description=Test entity isDeleted=false]. Entrance timestamp: 1221394881740
Exit from method [ProjectStatusServiceBean#createProjectStatus]. Time spent: 0 ms. Return value: [ id=0 name=null description=Test entity isDeleted=false]
Enter into method [ProjectStatusServiceBean#updateProjectStatus]. Argument info: [ id=0 name=null description=Test entity isDeleted=false]. Entrance timestamp: 1221394881740
Exit from method [ProjectStatusServiceBean#updateProjectStatus]. Time spent: 0 ms. Return value: [ id=0 name=null description=Test entity isDeleted=false]
Enter into method [ProjectStatusServiceBean#deleteProjectStatus]. Argument info: [ id=0 name=null description=Test entity isDeleted=false]. Entrance timestamp: 1221394881740
Exit from method [ProjectStatusServiceBean#deleteProjectStatus]. Time spent: 0 ms. Return value: [ id=0 name=null description=Test entity isDeleted=false]
Enter into method [ProjectStatusServiceBean#deleteProjectStatus]. Argument info: [ id=0 name=null description=Test entity isDeleted=false]. Entrance timestamp: 1221394881740
Exit from method [ProjectStatusServiceBean#deleteProjectStatus]. Time spent: 0 ms. Return value: [ id=0 name=null description=Test entity isDeleted=false]
Enter into method [ProjectStatusServiceBean#updateProjectStatus]. Argument info: [ id=0 name=null description=Test entity isDeleted=false]. Entrance timestamp: 1221394881740
Exit from method [ProjectStatusServiceBean#updateProjectStatus]. Time spent: 0 ms. Return value: [ id=0 name=null description=Test entity isDeleted=false]
Enter into method [ProjectStatusServiceBean#updateProjectStatus]. Argument info: [ id=0 name=null description=Test entity isDeleted=false]. Entrance timestamp: 1221394881740
Exit from method [ProjectStatusServiceBean#updateProjectStatus]. Time spent: 0 ms. Return value: [ id=0 name=null description=Test entity isDeleted=false]
Enter into method [ProjectStatusServiceBean#updateProjectStatus]. Argument info: [ id=0 name=null description=Test entity isDeleted=false]. Entrance timestamp: 1221394881740
Exit from method [ProjectStatusServiceBean#updateProjectStatus]. Time spent: 0 ms. Return value: [ id=0 name=null description=Test entity isDeleted=false]
Enter into method [ProjectStatusServiceBean#createProjectStatus]. Argument info: [ id=0 name=null description=Test entity isDeleted=false]. Entrance timestamp: 1221394881740
Exit from method [ProjectStatusServiceBean#createProjectStatus]. Time spent: 0 ms. Return value: [ id=0 name=null description=Test entity isDeleted=false]
Enter into method [ProjectStatusServiceBean#updateProjectStatus]. Argument info: [ id=0 name=null description=Test entity isDeleted=false]. Entrance timestamp: 1221394881740
Exit from method [ProjectStatusServiceBean#updateProjectStatus]. Time spent: 1 ms. Return value: [ id=0 name=null description=Test entity isDeleted=false]
Enter into method [ProjectStatusServiceBean#deleteProjectStatus]. Argument info: [ id=0 name=null description=Test entity isDeleted=false]. Entrance timestamp: 1221394881741
Exit from method [ProjectStatusServiceBean#deleteProjectStatus]. Time spent: 0 ms. Return value: [ id=0 name=null description=Test entity isDeleted=false]
Enter into method [ProjectStatusServiceBean#deleteProjectStatus]. Argument info: [ id=0 name=null description=Test entity isDeleted=false]. Entrance timestamp: 1221394881741
Exit from method [ProjectStatusServiceBean#deleteProjectStatus]. Time spent: 0 ms. Return value: [ id=0 name=null description=Test entity isDeleted=false]
Enter into method [ProjectStatusServiceBean#createProjectStatus]. Argument info: [ id=0 name=null description=Test entity isDeleted=false]. Entrance timestamp: 1221394881741
Exit from method [ProjectStatusServiceBean#createProjectStatus]. Time spent: 0 ms. Return value: [ id=0 name=null description=Test entity isDeleted=false]
Enter into method [ProjectStatusServiceBean#deleteProjectStatus]. Argument info: [ id=0 name=null description=Test entity isDeleted=false]. Entrance timestamp: 1221394881741
Exit from method [ProjectStatusServiceBean#deleteProjectStatus]. Time spent: 0 ms. Return value: [ id=0 name=null description=Test entity isDeleted=false]
Enter into method [ProjectStatusServiceBean#createProjectStatus]. Argument info: [ id=0 name=null description=Test entity isDeleted=false]. Entrance timestamp: 1221394881741
Exit from method [ProjectStatusServiceBean#createProjectStatus]. Time spent: 0 ms. Return value: [ id=0 name=null description=Test entity isDeleted=false]
Enter into method [ProjectStatusServiceBean#deleteProjectStatus]. Argument info: [ id=0 name=null description=Test entity isDeleted=false]. Entrance timestamp: 1221394881741
Exit from method [ProjectStatusServiceBean#deleteProjectStatus]. Time spent: 0 ms. Return value: [ id=0 name=null description=Test entity isDeleted=false]
Enter into method [ProjectStatusServiceBean#updateProjectStatus]. Argument info: [ id=0 name=null description=Test entity isDeleted=false]. Entrance timestamp: 1221394881741
Exit from method [ProjectStatusServiceBean#updateProjectStatus]. Time spent: 0 ms. Return value: [ id=0 name=null description=Test entity isDeleted=false]
Enter into method [ProjectStatusServiceBean#deleteProjectStatus]. Argument info: [ id=0 name=null description=Test entity isDeleted=false]. Entrance timestamp: 1221394881741
Exit from method [ProjectStatusServiceBean#deleteProjectStatus]. Time spent: 0 ms. Return value: [ id=0 name=null description=Test entity isDeleted=false]
Enter into method [ProjectStatusServiceBean#deleteProjectStatus]. Argument info: [ id=0 name=null description=Test entity isDeleted=false]. Entrance timestamp: 1221394881741
Exit from method [ProjectStatusServiceBean#deleteProjectStatus]. Time spent: 0 ms. Return value: [ id=0 name=null description=Test entity isDeleted=false]
Enter into method [ProjectStatusServiceBean#createProjectStatus]. Argument info: [ id=0 name=null description=Test entity isDeleted=false]. Entrance timestamp: 1221394881741
Exit from method [ProjectStatusServiceBean#createProjectStatus]. Time spent: 0 ms. Return value: [ id=0 name=null description=Test entity isDeleted=false]
Enter into method [ProjectStatusServiceBean#updateProjectStatus]. Argument info: [ id=0 name=null description=Test entity isDeleted=false]. Entrance timestamp: 1221394881741
Exit from method [ProjectStatusServiceBean#updateProjectStatus]. Time spent: 0 ms. Return value: [ id=0 name=null description=Test entity isDeleted=false]
Enter into method [ProjectStatusServiceBean#updateProjectStatus]. Argument info: [ id=0 name=null description=Test entity isDeleted=false]. Entrance timestamp: 1221394881741
Exit from method [ProjectStatusServiceBean#updateProjectStatus]. Time spent: 1 ms. Return value: [ id=0 name=null description=Test entity isDeleted=false]
Enter into method [ProjectStatusServiceBean#deleteProjectStatus]. Argument info: [ id=0 name=null description=Test entity isDeleted=false]. Entrance timestamp: 1221394881742
Exit from method [ProjectStatusServiceBean#deleteProjectStatus]. Time spent: 0 ms. Return value: [ id=0 name=null description=Test entity isDeleted=false]
Enter into method [ProjectStatusServiceBean#createProjectStatus]. Argument info: [ id=0 name=null description=Test entity isDeleted=false]. Entrance timestamp: 1221394881742
Exit from method [ProjectStatusServiceBean#createProjectStatus]. Time spent: 0 ms. Return value: [ id=0 name=null description=Test entity isDeleted=false]
Enter into method [ProjectStatusServiceBean#createProjectStatus]. Argument info: [ id=0 name=null description=Test entity isDeleted=false]. Entrance timestamp: 1221394881742
Exit from method [ProjectStatusServiceBean#createProjectStatus]. Time spent: 0 ms. Return value: [ id=0 name=null description=Test entity isDeleted=false]
Enter into method [ProjectStatusServiceBean#deleteProjectStatus]. Argument info: [ id=0 name=null description=Test entity isDeleted=false]. Entrance timestamp: 1221394881742
Exit from method [ProjectStatusServiceBean#deleteProjectStatus]. Time spent: 0 ms. Return value: [ id=0 name=null description=Test entity isDeleted=false]
Enter into method [ProjectStatusServiceBean#createProjectStatus]. Argument info: [ id=0 name=null description=Test entity isDeleted=false]. Entrance timestamp: 1221394881742
Exit from method [ProjectStatusServiceBean#createProjectStatus]. Time spent: 0 ms. Return value: [ id=0 name=null description=Test entity isDeleted=false]
Enter into method [ProjectStatusServiceBean#deleteProjectStatus]. Argument info: [ id=0 name=null description=Test entity isDeleted=false]. Entrance timestamp: 1221394881742
Exit from method [ProjectStatusServiceBean#deleteProjectStatus]. Time spent: 0 ms. Return value: [ id=0 name=null description=Test entity isDeleted=false]
Enter into method [ProjectStatusServiceBean#updateProjectStatus]. Argument info: [ id=0 name=null description=Test entity isDeleted=false]. Entrance timestamp: 1221394881742
Exit from method [ProjectStatusServiceBean#updateProjectStatus]. Time spent: 0 ms. Return value: [ id=0 name=null description=Test entity isDeleted=false]
Enter into method [ProjectStatusServiceBean#createProjectStatus]. Argument info: [ id=0 name=null description=Test entity isDeleted=false]. Entrance timestamp: 1221394881742
Exit from method [ProjectStatusServiceBean#createProjectStatus]. Time spent: 0 ms. Return value: [ id=0 name=null description=Test entity isDeleted=false]
Enter into method [ProjectStatusServiceBean#createProjectStatus]. Argument info: [ id=0 name=null description=Test entity isDeleted=false]. Entrance timestamp: 1221394881742
Exit from method [ProjectStatusServiceBean#createProjectStatus]. Time spent: 0 ms. Return value: [ id=0 name=null description=Test entity isDeleted=false]
Enter into method [ProjectStatusServiceBean#updateProjectStatus]. Argument info: [ id=0 name=null description=Test entity isDeleted=false]. Entrance timestamp: 1221394881742
Exit from method [ProjectStatusServiceBean#updateProjectStatus]. Time spent: 0 ms. Return value: [ id=0 name=null description=Test entity isDeleted=false]
Enter into method [ProjectStatusServiceBean#createProjectStatus]. Argument info: [ id=0 name=null description=Test entity isDeleted=false]. Entrance timestamp: 1221394881742
Exit from method [ProjectStatusServiceBean#createProjectStatus]. Time spent: 0 ms. Return value: [ id=0 name=null description=Test entity isDeleted=false]
Enter into method [ProjectStatusServiceBean#deleteProjectStatus]. Argument info: [ id=0 name=null description=Test entity isDeleted=false]. Entrance timestamp: 1221394881742
Exit from method [ProjectStatusServiceBean#deleteProjectStatus]. Time spent: 0 ms. Return value: [ id=0 name=null description=Test entity isDeleted=false]
Enter into method [ProjectStatusServiceBean#updateProjectStatus]. Argument info: [ id=0 name=null description=Test entity isDeleted=false]. Entrance timestamp: 1221394881742
Exit from method [ProjectStatusServiceBean#updateProjectStatus]. Time spent: 0 ms. Return value: [ id=0 name=null description=Test entity isDeleted=false]
Enter into method [ProjectStatusServiceBean#deleteProjectStatus]. Argument info: [ id=0 name=null description=Test entity isDeleted=false]. Entrance timestamp: 1221394881742
Exit from method [ProjectStatusServiceBean#deleteProjectStatus]. Time spent: 0 ms. Return value: [ id=0 name=null description=Test entity isDeleted=false]
Enter into method [ProjectStatusServiceBean#deleteProjectStatus]. Argument info: [ id=0 name=null description=Test entity isDeleted=false]. Entrance timestamp: 1221394881742
Exit from method [ProjectStatusServiceBean#deleteProjectStatus]. Time spent: 0 ms. Return value: [ id=0 name=null description=Test entity isDeleted=false]
Enter into method [ProjectStatusServiceBean#createProjectStatus]. Argument info: [ id=0 name=null description=Test entity isDeleted=false]. Entrance timestamp: 1221394881742
Exit from method [ProjectStatusServiceBean#createProjectStatus]. Time spent: 0 ms. Return value: [ id=0 name=null description=Test entity isDeleted=false]
Enter into method [ProjectStatusServiceBean#createProjectStatus]. Argument info: [ id=0 name=null description=Test entity isDeleted=false]. Entrance timestamp: 1221394881742
Exit from method [ProjectStatusServiceBean#createProjectStatus]. Time spent: 0 ms. Return value: [ id=0 name=null description=Test entity isDeleted=false]
Enter into method [ProjectStatusServiceBean#updateProjectStatus]. Argument info: [ id=0 name=null description=Test entity isDeleted=false]. Entrance timestamp: 1221394881742
Exit from method [ProjectStatusServiceBean#updateProjectStatus]. Time spent: 0 ms. Return value: [ id=0 name=null description=Test entity isDeleted=false]
Enter into method [ProjectStatusServiceBean#createProjectStatus]. Argument info: [ id=0 name=null description=Test entity isDeleted=false]. Entrance timestamp: 1221394881742
Exit from method [ProjectStatusServiceBean#createProjectStatus]. Time spent: 1 ms. Return value: [ id=0 name=null description=Test entity isDeleted=false]
Enter into method [ProjectStatusServiceBean#updateProjectStatus]. Argument info: [ id=0 name=null description=Test entity isDeleted=false]. Entrance timestamp: 1221394881743
Exit from method [ProjectStatusServiceBean#updateProjectStatus]. Time spent: 0 ms. Return value: [ id=0 name=null description=Test entity isDeleted=false]
Enter into method [ProjectStatusServiceBean#deleteProjectStatus]. Argument info: [ id=0 name=null description=Test entity isDeleted=false]. Entrance timestamp: 1221394881743
Exit from method [ProjectStatusServiceBean#deleteProjectStatus]. Time spent: 0 ms. Return value: [ id=0 name=null description=Test entity isDeleted=false]
Enter into method [ProjectStatusServiceBean#createProjectStatus]. Argument info: [ id=0 name=null description=Test entity isDeleted=false]. Entrance timestamp: 1221394881743
Exit from method [ProjectStatusServiceBean#createProjectStatus]. Time spent: 0 ms. Return value: [ id=0 name=null description=Test entity isDeleted=false]
Enter into method [ProjectStatusServiceBean#deleteProjectStatus]. Argument info: [ id=0 name=null description=Test entity isDeleted=false]. Entrance timestamp: 1221394881743
Exit from method [ProjectStatusServiceBean#deleteProjectStatus]. Time spent: 0 ms. Return value: [ id=0 name=null description=Test entity isDeleted=false]
Enter into method [ProjectStatusServiceBean#createProjectStatus]. Argument info: [ id=0 name=null description=Test entity isDeleted=false]. Entrance timestamp: 1221394881743
Exit from method [ProjectStatusServiceBean#createProjectStatus]. Time spent: 0 ms. Return value: [ id=0 name=null description=Test entity isDeleted=false]
Enter into method [ProjectStatusServiceBean#deleteProjectStatus]. Argument info: [ id=0 name=null description=Test entity isDeleted=false]. Entrance timestamp: 1221394881743
Exit from method [ProjectStatusServiceBean#deleteProjectStatus]. Time spent: 0 ms. Return value: [ id=0 name=null description=Test entity isDeleted=false]
Enter into method [ProjectStatusServiceBean#createProjectStatus]. Argument info: [ id=0 name=null description=Test entity isDeleted=false]. Entrance timestamp: 1221394881743
Exit from method [ProjectStatusServiceBean#createProjectStatus]. Time spent: 0 ms. Return value: [ id=0 name=null description=Test entity isDeleted=false]
Enter into method [ProjectStatusServiceBean#updateProjectStatus]. Argument info: [ id=0 name=null description=Test entity isDeleted=false]. Entrance timestamp: 1221394881743
Exit from method [ProjectStatusServiceBean#updateProjectStatus]. Time spent: 0 ms. Return value: [ id=0 name=null description=Test entity isDeleted=false]
Enter into method [ProjectStatusServiceBean#updateProjectStatus]. Argument info: [ id=0 name=null description=Test entity isDeleted=false]. Entrance timestamp: 1221394881743
Exit from method [ProjectStatusServiceBean#updateProjectStatus]. Time spent: 0 ms. Return value: [ id=0 name=null description=Test entity isDeleted=false]
Enter into method [ProjectStatusServiceBean#deleteProjectStatus]. Argument info: [ id=0 name=null description=Test entity isDeleted=false]. Entrance timestamp: 1221394881743
Exit from method [ProjectStatusServiceBean#deleteProjectStatus]. Time spent: 0 ms. Return value: [ id=0 name=null description=Test entity isDeleted=false]
Enter into method [ProjectStatusServiceBean#createProjectStatus]. Argument info: [ id=0 name=null description=Test entity isDeleted=false]. Entrance timestamp: 1221394881743
Exit from method [ProjectStatusServiceBean#createProjectStatus]. Time spent: 0 ms. Return value: [ id=0 name=null description=Test entity isDeleted=false]
Enter into method [ProjectStatusServiceBean#deleteProjectStatus]. Argument info: [ id=0 name=null description=Test entity isDeleted=false]. Entrance timestamp: 1221394881743
Exit from method [ProjectStatusServiceBean#deleteProjectStatus]. Time spent: 0 ms. Return value: [ id=0 name=null description=Test entity isDeleted=false]
Enter into method [ProjectStatusServiceBean#deleteProjectStatus]. Argument info: [ id=0 name=null description=Test entity isDeleted=false]. Entrance timestamp: 1221394881743
Exit from method [ProjectStatusServiceBean#deleteProjectStatus]. Time spent: 0 ms. Return value: [ id=0 name=null description=Test entity isDeleted=false]
Enter into method [ProjectStatusServiceBean#createProjectStatus]. Argument info: [ id=0 name=null description=Test entity isDeleted=false]. Entrance timestamp: 1221394881743
Exit from method [ProjectStatusServiceBean#createProjectStatus]. Time spent: 0 ms. Return value: [ id=0 name=null description=Test entity isDeleted=false]
Enter into method [ProjectStatusServiceBean#deleteProjectStatus]. Argument info: [ id=0 name=null description=Test entity isDeleted=false]. Entrance timestamp: 1221394881743
Exit from method [ProjectStatusServiceBean#deleteProjectStatus]. Time spent: 0 ms. Return value: [ id=0 name=null description=Test entity isDeleted=false]
Enter into method [ProjectStatusServiceBean#updateProjectStatus]. Argument info: [ id=0 name=null description=Test entity isDeleted=false]. Entrance timestamp: 1221394881744
Exit from method [ProjectStatusServiceBean#updateProjectStatus]. Time spent: 0 ms. Return value: [ id=0 name=null description=Test entity isDeleted=false]
Enter into method [ProjectStatusServiceBean#createProjectStatus]. Argument info: [ id=0 name=null description=Test entity isDeleted=false]. Entrance timestamp: 1221394881744
Exit from method [ProjectStatusServiceBean#createProjectStatus]. Time spent: 0 ms. Return value: [ id=0 name=null description=Test entity isDeleted=false]
Enter into method [ProjectStatusServiceBean#updateProjectStatus]. Argument info: [ id=0 name=null description=Test entity isDeleted=false]. Entrance timestamp: 1221394881744
Exit from method [ProjectStatusServiceBean#updateProjectStatus]. Time spent: 0 ms. Return value: [ id=0 name=null description=Test entity isDeleted=false]
Enter into method [ProjectStatusServiceBean#createProjectStatus]. Argument info: [ id=0 name=null description=Test entity isDeleted=false]. Entrance timestamp: 1221394881744
Exit from method [ProjectStatusServiceBean#createProjectStatus]. Time spent: 0 ms. Return value: [ id=0 name=null description=Test entity isDeleted=false]
Enter into method [ProjectStatusServiceBean#createProjectStatus]. Argument info: [ id=0 name=null description=Test entity isDeleted=false]. Entrance timestamp: 1221394881744
Exit from method [ProjectStatusServiceBean#createProjectStatus]. Time spent: 0 ms. Return value: [ id=0 name=null description=Test entity isDeleted=false]
Enter into method [ProjectStatusServiceBean#deleteProjectStatus]. Argument info: [ id=0 name=null description=Test entity isDeleted=false]. Entrance timestamp: 1221394881744
Exit from method [ProjectStatusServiceBean#deleteProjectStatus]. Time spent: 0 ms. Return value: [ id=0 name=null description=Test entity isDeleted=false]
Enter into method [ProjectStatusServiceBean#createProjectStatus]. Argument info: [ id=0 name=null description=Test entity isDeleted=false]. Entrance timestamp: 1221394881744
Exit from method [ProjectStatusServiceBean#createProjectStatus]. Time spent: 0 ms. Return value: [ id=0 name=null description=Test entity isDeleted=false]
Enter into method [ProjectStatusServiceBean#deleteProjectStatus]. Argument info: [ id=0 name=null description=Test entity isDeleted=false]. Entrance timestamp: 1221394881744
Exit from method [ProjectStatusServiceBean#deleteProjectStatus]. Time spent: 0 ms. Return value: [ id=0 name=null description=Test entity isDeleted=false]
Enter into method [ProjectStatusServiceBean#deleteProjectStatus]. Argument info: [ id=0 name=null description=Test entity isDeleted=false]. Entrance timestamp: 1221394881744
Exit from method [ProjectStatusServiceBean#deleteProjectStatus]. Time spent: 0 ms. Return value: [ id=0 name=null description=Test entity isDeleted=false]
Enter into method [ProjectStatusServiceBean#deleteProjectStatus]. Argument info: [ id=0 name=null description=Test entity isDeleted=false]. Entrance timestamp: 1221394881744
Exit from method [ProjectStatusServiceBean#deleteProjectStatus]. Time spent: 0 ms. Return value: [ id=0 name=null description=Test entity isDeleted=false]
Enter into method [ProjectStatusServiceBean#deleteProjectStatus]. Argument info: [ id=0 name=null description=Test entity isDeleted=false]. Entrance timestamp: 1221394881744
Exit from method [ProjectStatusServiceBean#deleteProjectStatus]. Time spent: 0 ms. Return value: [ id=0 name=null description=Test entity isDeleted=false]
Enter into method [ProjectStatusServiceBean#createProjectStatus]. Argument info: [ id=0 name=null description=Test entity isDeleted=false]. Entrance timestamp: 1221394881744
Exit from method [ProjectStatusServiceBean#createProjectStatus]. Time spent: 0 ms. Return value: [ id=0 name=null description=Test entity isDeleted=false]
Enter into method [ProjectStatusServiceBean#deleteProjectStatus]. Argument info: [ id=0 name=null description=Test entity isDeleted=false]. Entrance timestamp: 1221394881744
Exit from method [ProjectStatusServiceBean#deleteProjectStatus]. Time spent: 0 ms. Return value: [ id=0 name=null description=Test entity isDeleted=false]
Enter into method [ProjectStatusServiceBean#updateProjectStatus]. Argument info: [ id=0 name=null description=Test entity isDeleted=false]. Entrance timestamp: 1221394881744
Exit from method [ProjectStatusServiceBean#updateProjectStatus]. Time spent: 0 ms. Return value: [ id=0 name=null description=Test entity isDeleted=false]
Enter into method [ProjectStatusServiceBean#deleteProjectStatus]. Argument info: [ id=0 name=null description=Test entity isDeleted=false]. Entrance timestamp: 1221394881744
Exit from method [ProjectStatusServiceBean#deleteProjectStatus]. Time spent: 0 ms. Return value: [ id=0 name=null description=Test entity isDeleted=false]
Enter into method [ProjectStatusServiceBean#deleteProjectStatus]. Argument info: [ id=0 name=null description=Test entity isDeleted=false]. Entrance timestamp: 1221394881744
Exit from method [ProjectStatusServiceBean#deleteProjectStatus]. Time spent: 0 ms. Return value: [ id=0 name=null description=Test entity isDeleted=false]
Enter into method [ProjectStatusServiceBean#deleteProjectStatus]. Argument info: [ id=0 name=null description=Test entity isDeleted=false]. Entrance timestamp: 1221394881744
Exit from method [ProjectStatusServiceBean#deleteProjectStatus]. Time spent: 0 ms. Return value: [ id=0 name=null description=Test entity isDeleted=false]
Enter into method [ProjectStatusServiceBean#createProjectStatus]. Argument info: [ id=0 name=null description=Test entity isDeleted=false]. Entrance timestamp: 1221394881744
Exit from method [ProjectStatusServiceBean#createProjectStatus]. Time spent: 0 ms. Return value: [ id=0 name=null description=Test entity isDeleted=false]
Enter into method [ProjectStatusServiceBean#deleteProjectStatus]. Argument info: [ id=0 name=null description=Test entity isDeleted=false]. Entrance timestamp: 1221394881744
Exit from method [ProjectStatusServiceBean#deleteProjectStatus]. Time spent: 0 ms. Return value: [ id=0 name=null description=Test entity isDeleted=false]
Enter into method [ProjectStatusServiceBean#createProjectStatus]. Argument info: [ id=0 name=null description=Test entity isDeleted=false]. Entrance timestamp: 1221394881744
Exit from method [ProjectStatusServiceBean#createProjectStatus]. Time spent: 0 ms. Return value: [ id=0 name=null description=Test entity isDeleted=false]
Enter into method [ProjectStatusServiceBean#updateProjectStatus]. Argument info: [ id=0 name=null description=Test entity isDeleted=false]. Entrance timestamp: 1221394881744
Exit from method [ProjectStatusServiceBean#updateProjectStatus]. Time spent: 0 ms. Return value: [ id=0 name=null description=Test entity isDeleted=false]
Enter into method [ProjectStatusServiceBean#deleteProjectStatus]. Argument info: [ id=0 name=null description=Test entity isDeleted=false]. Entrance timestamp: 1221394881744
Exit from method [ProjectStatusServiceBean#deleteProjectStatus]. Time spent: 0 ms. Return value: [ id=0 name=null description=Test entity isDeleted=false]
Enter into method [ProjectStatusServiceBean#createProjectStatus]. Argument info: [ id=0 name=null description=Test entity isDeleted=false]. Entrance timestamp: 1221394881745
Exit from method [ProjectStatusServiceBean#createProjectStatus]. Time spent: 0 ms. Return value: [ id=0 name=null description=Test entity isDeleted=false]
Enter into method [ProjectStatusServiceBean#createProjectStatus]. Argument info: [ id=0 name=null description=Test entity isDeleted=false]. Entrance timestamp: 1221394881745
Exit from method [ProjectStatusServiceBean#createProjectStatus]. Time spent: 0 ms. Return value: [ id=0 name=null description=Test entity isDeleted=false]
Enter into method [ProjectStatusServiceBean#deleteProjectStatus]. Argument info: [ id=0 name=null description=Test entity isDeleted=false]. Entrance timestamp: 1221394881745
Exit from method [ProjectStatusServiceBean#deleteProjectStatus]. Time spent: 0 ms. Return value: [ id=0 name=null description=Test entity isDeleted=false]
Enter into method [ProjectStatusServiceBean#updateProjectStatus]. Argument info: [ id=0 name=null description=Test entity isDeleted=false]. Entrance timestamp: 1221394881745
Exit from method [ProjectStatusServiceBean#updateProjectStatus]. Time spent: 0 ms. Return value: [ id=0 name=null description=Test entity isDeleted=false]
Enter into method [ProjectStatusServiceBean#createProjectStatus]. Argument info: [ id=0 name=null description=Test entity isDeleted=false]. Entrance timestamp: 1221394881745
Exit from method [ProjectStatusServiceBean#createProjectStatus]. Time spent: 0 ms. Return value: [ id=0 name=null description=Test entity isDeleted=false]
Enter into method [ProjectStatusServiceBean#updateProjectStatus]. Argument info: [ id=0 name=null description=Test entity isDeleted=false]. Entrance timestamp: 1221394881745
Exit from method [ProjectStatusServiceBean#updateProjectStatus]. Time spent: 0 ms. Return value: [ id=0 name=null description=Test entity isDeleted=false]
Enter into method [ProjectStatusServiceBean#updateProjectStatus]. Argument info: [ id=0 name=null description=Test entity isDeleted=false]. Entrance timestamp: 1221394881745
Exit from method [ProjectStatusServiceBean#updateProjectStatus]. Time spent: 0 ms. Return value: [ id=0 name=null description=Test entity isDeleted=false]
Enter into method [ProjectStatusServiceBean#createProjectStatus]. Argument info: [ id=0 name=null description=Test entity isDeleted=false]. Entrance timestamp: 1221394881745
Exit from method [ProjectStatusServiceBean#createProjectStatus]. Time spent: 0 ms. Return value: [ id=0 name=null description=Test entity isDeleted=false]
Enter into method [ProjectStatusServiceBean#deleteProjectStatus]. Argument info: [ id=0 name=null description=Test entity isDeleted=false]. Entrance timestamp: 1221394881745
Exit from method [ProjectStatusServiceBean#deleteProjectStatus]. Time spent: 0 ms. Return value: [ id=0 name=null description=Test entity isDeleted=false]
Enter into method [ProjectStatusServiceBean#createProjectStatus]. Argument info: [ id=0 name=null description=Test entity isDeleted=false]. Entrance timestamp: 1221394881745
Exit from method [ProjectStatusServiceBean#createProjectStatus]. Time spent: 0 ms. Return value: [ id=0 name=null description=Test entity isDeleted=false]
Enter into method [ProjectStatusServiceBean#createProjectStatus]. Argument info: [ id=0 name=null description=Test entity isDeleted=false]. Entrance timestamp: 1221394881745
Exit from method [ProjectStatusServiceBean#createProjectStatus]. Time spent: 0 ms. Return value: [ id=0 name=null description=Test entity isDeleted=false]
Enter into method [ProjectStatusServiceBean#deleteProjectStatus]. Argument info: [ id=0 name=null description=Test entity isDeleted=false]. Entrance timestamp: 1221394881745
Exit from method [ProjectStatusServiceBean#deleteProjectStatus]. Time spent: 0 ms. Return value: [ id=0 name=null description=Test entity isDeleted=false]
Enter into method [ProjectStatusServiceBean#updateProjectStatus]. Argument info: [ id=0 name=null description=Test entity isDeleted=false]. Entrance timestamp: 1221394881745
Exit from method [ProjectStatusServiceBean#updateProjectStatus]. Time spent: 0 ms. Return value: [ id=0 name=null description=Test entity isDeleted=false]
Enter into method [ProjectStatusServiceBean#deleteProjectStatus]. Argument info: [ id=0 name=null description=Test entity isDeleted=false]. Entrance timestamp: 1221394881745
Exit from method [ProjectStatusServiceBean#deleteProjectStatus]. Time spent: 0 ms. Return value: [ id=0 name=null description=Test entity isDeleted=false]
Enter into method [ProjectStatusServiceBean#deleteProjectStatus]. Argument info: [ id=0 name=null description=Test entity isDeleted=false]. Entrance timestamp: 1221394881745
Exit from method [ProjectStatusServiceBean#deleteProjectStatus]. Time spent: 0 ms. Return value: [ id=0 name=null description=Test entity isDeleted=false]
Enter into method [ProjectStatusServiceBean#deleteProjectStatus]. Argument info: [ id=0 name=null description=Test entity isDeleted=false]. Entrance timestamp: 1221394881745
Exit from method [ProjectStatusServiceBean#deleteProjectStatus]. Time spent: 1 ms. Return value: [ id=0 name=null description=Test entity isDeleted=false]
Enter into method [ProjectStatusServiceBean#createProjectStatus]. Argument info: [ id=0 name=null description=Test entity isDeleted=false]. Entrance timestamp: 1221394881746
Exit from method [ProjectStatusServiceBean#createProjectStatus]. Time spent: 0 ms. Return value: [ id=0 name=null description=Test entity isDeleted=false]
Enter into method [ProjectStatusServiceBean#deleteProjectStatus]. Argument info: [ id=0 name=null description=Test entity isDeleted=false]. Entrance timestamp: 1221394881746
Exit from method [ProjectStatusServiceBean#deleteProjectStatus]. Time spent: 0 ms. Return value: [ id=0 name=null description=Test entity isDeleted=false]
Enter into method [ProjectStatusServiceBean#createProjectStatus]. Argument info: [ id=0 name=null description=Test entity isDeleted=false]. Entrance timestamp: 1221394881746
Exit from method [ProjectStatusServiceBean#createProjectStatus]. Time spent: 0 ms. Return value: [ id=0 name=null description=Test entity isDeleted=false]
Enter into method [ProjectStatusServiceBean#updateProjectStatus]. Argument info: [ id=0 name=null description=Test entity isDeleted=false]. Entrance timestamp: 1221394881746
Exit from method [ProjectStatusServiceBean#updateProjectStatus]. Time spent: 0 ms. Return value: [ id=0 name=null description=Test entity isDeleted=false]
Enter into method [ProjectStatusServiceBean#createProjectStatus]. Argument info: [ id=0 name=null description=Test entity isDeleted=false]. Entrance timestamp: 1221394881746
Exit from method [ProjectStatusServiceBean#createProjectStatus]. Time spent: 0 ms. Return value: [ id=0 name=null description=Test entity isDeleted=false]
Enter into method [ProjectStatusServiceBean#deleteProjectStatus]. Argument info: [ id=0 name=null description=Test entity isDeleted=false]. Entrance timestamp: 1221394881746
Exit from method [ProjectStatusServiceBean#deleteProjectStatus]. Time spent: 0 ms. Return value: [ id=0 name=null description=Test entity isDeleted=false]
Enter into method [ProjectStatusServiceBean#deleteProjectStatus]. Argument info: [ id=0 name=null description=Test entity isDeleted=false]. Entrance timestamp: 1221394881746
Exit from method [ProjectStatusServiceBean#deleteProjectStatus]. Time spent: 0 ms. Return value: [ id=0 name=null description=Test entity isDeleted=false]
Enter into method [ProjectStatusServiceBean#createProjectStatus]. Argument info: [ id=0 name=null description=Test entity isDeleted=false]. Entrance timestamp: 1221394881746
Exit from method [ProjectStatusServiceBean#createProjectStatus]. Time spent: 0 ms. Return value: [ id=0 name=null description=Test entity isDeleted=false]
Enter into method [ProjectStatusServiceBean#createProjectStatus]. Argument info: [ id=0 name=null description=Test entity isDeleted=false]. Entrance timestamp: 1221394881746
Exit from method [ProjectStatusServiceBean#createProjectStatus]. Time spent: 0 ms. Return value: [ id=0 name=null description=Test entity isDeleted=false]
Enter into method [ProjectStatusServiceBean#createProjectStatus]. Argument info: [ id=0 name=null description=Test entity isDeleted=false]. Entrance timestamp: 1221394881746
Exit from method [ProjectStatusServiceBean#createProjectStatus]. Time spent: 0 ms. Return value: [ id=0 name=null description=Test entity isDeleted=false]
Enter into method [ProjectStatusServiceBean#updateProjectStatus]. Argument info: [ id=0 name=null description=Test entity isDeleted=false]. Entrance timestamp: 1221394881746
Exit from method [ProjectStatusServiceBean#updateProjectStatus]. Time spent: 0 ms. Return value: [ id=0 name=null description=Test entity isDeleted=false]
Enter into method [ProjectStatusServiceBean#createProjectStatus]. Argument info: [ id=0 name=null description=Test entity isDeleted=false]. Entrance timestamp: 1221394881746
Exit from method [ProjectStatusServiceBean#createProjectStatus]. Time spent: 0 ms. Return value: [ id=0 name=null description=Test entity isDeleted=false]
Enter into method [ProjectStatusServiceBean#createProjectStatus]. Argument info: [ id=0 name=null description=Test entity isDeleted=false]. Entrance timestamp: 1221394881746
Exit from method [ProjectStatusServiceBean#createProjectStatus]. Time spent: 0 ms. Return value: [ id=0 name=null description=Test entity isDeleted=false]
Enter into method [ProjectStatusServiceBean#deleteProjectStatus]. Argument info: [ id=0 name=null description=Test entity isDeleted=false]. Entrance timestamp: 1221394881746
Exit from method [ProjectStatusServiceBean#deleteProjectStatus]. Time spent: 0 ms. Return value: [ id=0 name=null description=Test entity isDeleted=false]
Enter into method [ProjectStatusServiceBean#updateProjectStatus]. Argument info: [ id=0 name=null description=Test entity isDeleted=false]. Entrance timestamp: 1221394881746
Exit from method [ProjectStatusServiceBean#updateProjectStatus]. Time spent: 0 ms. Return value: [ id=0 name=null description=Test entity isDeleted=false]
Enter into method [ProjectStatusServiceBean#deleteProjectStatus]. Argument info: [ id=0 name=null description=Test entity isDeleted=false]. Entrance timestamp: 1221394881746
Exit from method [ProjectStatusServiceBean#deleteProjectStatus]. Time spent: 0 ms. Return value: [ id=0 name=null description=Test entity isDeleted=false]
Enter into method [ProjectStatusServiceBean#createProjectStatus]. Argument info: [ id=0 name=null description=Test entity isDeleted=false]. Entrance timestamp: 1221394881746
Exit from method [ProjectStatusServiceBean#createProjectStatus]. Time spent: 0 ms. Return value: [ id=0 name=null description=Test entity isDeleted=false]
Enter into method [ProjectStatusServiceBean#createProjectStatus]. Argument info: [ id=0 name=null description=Test entity isDeleted=false]. Entrance timestamp: 1221394881746
Exit from method [ProjectStatusServiceBean#createProjectStatus]. Time spent: 0 ms. Return value: [ id=0 name=null description=Test entity isDeleted=false]
Enter into method [ProjectStatusServiceBean#updateProjectStatus]. Argument info: [ id=0 name=null description=Test entity isDeleted=false]. Entrance timestamp: 1221394881746
Exit from method [ProjectStatusServiceBean#updateProjectStatus]. Time spent: 0 ms. Return value: [ id=0 name=null description=Test entity isDeleted=false]
Enter into method [ProjectStatusServiceBean#createProjectStatus]. Argument info: [ id=0 name=null description=Test entity isDeleted=false]. Entrance timestamp: 1221394881747
Exit from method [ProjectStatusServiceBean#createProjectStatus]. Time spent: 0 ms. Return value: [ id=0 name=null description=Test entity isDeleted=false]
Enter into method [ProjectStatusServiceBean#createProjectStatus]. Argument info: [ id=0 name=null description=Test entity isDeleted=false]. Entrance timestamp: 1221394881747
Exit from method [ProjectStatusServiceBean#createProjectStatus]. Time spent: 0 ms. Return value: [ id=0 name=null description=Test entity isDeleted=false]
Enter into method [ProjectStatusServiceBean#deleteProjectStatus]. Argument info: [ id=0 name=null description=Test entity isDeleted=false]. Entrance timestamp: 1221394881747
Exit from method [ProjectStatusServiceBean#deleteProjectStatus]. Time spent: 0 ms. Return value: [ id=0 name=null description=Test entity isDeleted=false]
Enter into method [ProjectStatusServiceBean#updateProjectStatus]. Argument info: [ id=0 name=null description=Test entity isDeleted=false]. Entrance timestamp: 1221394881747
Exit from method [ProjectStatusServiceBean#updateProjectStatus]. Time spent: 0 ms. Return value: [ id=0 name=null description=Test entity isDeleted=false]
Enter into method [ProjectStatusServiceBean#deleteProjectStatus]. Argument info: [ id=0 name=null description=Test entity isDeleted=false]. Entrance timestamp: 1221394881747
Exit from method [ProjectStatusServiceBean#deleteProjectStatus]. Time spent: 0 ms. Return value: [ id=0 name=null description=Test entity isDeleted=false]
Enter into method [ProjectStatusServiceBean#updateProjectStatus]. Argument info: [ id=0 name=null description=Test entity isDeleted=false]. Entrance timestamp: 1221394881747
Exit from method [ProjectStatusServiceBean#updateProjectStatus]. Time spent: 0 ms. Return value: [ id=0 name=null description=Test entity isDeleted=false]
Enter into method [ProjectStatusServiceBean#deleteProjectStatus]. Argument info: [ id=0 name=null description=Test entity isDeleted=false]. Entrance timestamp: 1221394881747
Exit from method [ProjectStatusServiceBean#deleteProjectStatus]. Time spent: 0 ms. Return value: [ id=0 name=null description=Test entity isDeleted=false]
Enter into method [ProjectStatusServiceBean#createProjectStatus]. Argument info: [ id=0 name=null description=Test entity isDeleted=false]. Entrance timestamp: 1221394881747
Exit from method [ProjectStatusServiceBean#createProjectStatus]. Time spent: 0 ms. Return value: [ id=0 name=null description=Test entity isDeleted=false]
Enter into method [ProjectStatusServiceBean#deleteProjectStatus]. Argument info: [ id=0 name=null description=Test entity isDeleted=false]. Entrance timestamp: 1221394881747
Exit from method [ProjectStatusServiceBean#deleteProjectStatus]. Time spent: 0 ms. Return value: [ id=0 name=null description=Test entity isDeleted=false]
Enter into method [ProjectStatusServiceBean#deleteProjectStatus]. Argument info: [ id=0 name=null description=Test entity isDeleted=false]. Entrance timestamp: 1221394881747
Exit from method [ProjectStatusServiceBean#deleteProjectStatus]. Time spent: 0 ms. Return value: [ id=0 name=null description=Test entity isDeleted=false]
Enter into method [ProjectStatusServiceBean#deleteProjectStatus]. Argument info: [ id=0 name=null description=Test entity isDeleted=false]. Entrance timestamp: 1221394881747
Exit from method [ProjectStatusServiceBean#deleteProjectStatus]. Time spent: 0 ms. Return value: [ id=0 name=null description=Test entity isDeleted=false]
Enter into method [ProjectStatusServiceBean#createProjectStatus]. Argument info: [ id=0 name=null description=Test entity isDeleted=false]. Entrance timestamp: 1221394881747
Exit from method [ProjectStatusServiceBean#createProjectStatus]. Time spent: 0 ms. Return value: [ id=0 name=null description=Test entity isDeleted=false]
Enter into method [ProjectStatusServiceBean#createProjectStatus]. Argument info: [ id=0 name=null description=Test entity isDeleted=false]. Entrance timestamp: 1221394881747
Exit from method [ProjectStatusServiceBean#createProjectStatus]. Time spent: 0 ms. Return value: [ id=0 name=null description=Test entity isDeleted=false]
Enter into method [ProjectStatusServiceBean#updateProjectStatus]. Argument info: [ id=0 name=null description=Test entity isDeleted=false]. Entrance timestamp: 1221394881747
Exit from method [ProjectStatusServiceBean#updateProjectStatus]. Time spent: 0 ms. Return value: [ id=0 name=null description=Test entity isDeleted=false]
Enter into method [ProjectStatusServiceBean#updateProjectStatus]. Argument info: [ id=0 name=null description=Test entity isDeleted=false]. Entrance timestamp: 1221394881747
Exit from method [ProjectStatusServiceBean#updateProjectStatus]. Time spent: 0 ms. Return value: [ id=0 name=null description=Test entity isDeleted=false]
Enter into method [ProjectStatusServiceBean#deleteProjectStatus]. Argument info: [ id=0 name=null description=Test entity isDeleted=false]. Entrance timestamp: 1221394881747
Exit from method [ProjectStatusServiceBean#deleteProjectStatus]. Time spent: 0 ms. Return value: [ id=0 name=null description=Test entity isDeleted=false]
Enter into method [ProjectStatusServiceBean#updateProjectStatus]. Argument info: [ id=0 name=null description=Test entity isDeleted=false]. Entrance timestamp: 1221394881747
Exit from method [ProjectStatusServiceBean#updateProjectStatus]. Time spent: 0 ms. Return value: [ id=0 name=null description=Test entity isDeleted=false]
Enter into method [ProjectStatusServiceBean#createProjectStatus]. Argument info: [ id=0 name=null description=Test entity isDeleted=false]. Entrance timestamp: 1221394881747
Exit from method [ProjectStatusServiceBean#createProjectStatus]. Time spent: 0 ms. Return value: [ id=0 name=null description=Test entity isDeleted=false]
Enter into method [ProjectStatusServiceBean#updateProjectStatus]. Argument info: [ id=0 name=null description=Test entity isDeleted=false]. Entrance timestamp: 1221394881747
Exit from method [ProjectStatusServiceBean#updateProjectStatus]. Time spent: 0 ms. Return value: [ id=0 name=null description=Test entity isDeleted=false]
Enter into method [ProjectStatusServiceBean#deleteProjectStatus]. Argument info: [ id=0 name=null description=Test entity isDeleted=false]. Entrance timestamp: 1221394881747
Exit from method [ProjectStatusServiceBean#deleteProjectStatus]. Time spent: 0 ms. Return value: [ id=0 name=null description=Test entity isDeleted=false]
Enter into method [ProjectStatusServiceBean#updateProjectStatus]. Argument info: [ id=0 name=null description=Test entity isDeleted=false]. Entrance timestamp: 1221394881747
Exit from method [ProjectStatusServiceBean#updateProjectStatus]. Time spent: 0 ms. Return value: [ id=0 name=null description=Test entity isDeleted=false]
Enter into method [ProjectStatusServiceBean#updateProjectStatus]. Argument info: [ id=0 name=null description=Test entity isDeleted=false]. Entrance timestamp: 1221394881747
Exit from method [ProjectStatusServiceBean#updateProjectStatus]. Time spent: 1 ms. Return value: [ id=0 name=null description=Test entity isDeleted=false]
Enter into method [ProjectStatusServiceBean#createProjectStatus]. Argument info: [ id=0 name=null description=Test entity isDeleted=false]. Entrance timestamp: 1221394881748
Exit from method [ProjectStatusServiceBean#createProjectStatus]. Time spent: 0 ms. Return value: [ id=0 name=null description=Test entity isDeleted=false]
Enter into method [ProjectStatusServiceBean#createProjectStatus]. Argument info: [ id=0 name=null description=Test entity isDeleted=false]. Entrance timestamp: 1221394881748
Exit from method [ProjectStatusServiceBean#createProjectStatus]. Time spent: 0 ms. Return value: [ id=0 name=null description=Test entity isDeleted=false]
Enter into method [ProjectStatusServiceBean#updateProjectStatus]. Argument info: [ id=0 name=null description=Test entity isDeleted=false]. Entrance timestamp: 1221394881748
Exit from method [ProjectStatusServiceBean#updateProjectStatus]. Time spent: 0 ms. Return value: [ id=0 name=null description=Test entity isDeleted=false]
Enter into method [ProjectStatusServiceBean#createProjectStatus]. Argument info: [ id=0 name=null description=Test entity isDeleted=false]. Entrance timestamp: 1221394881748
Exit from method [ProjectStatusServiceBean#createProjectStatus]. Time spent: 0 ms. Return value: [ id=0 name=null description=Test entity isDeleted=false]
Enter into method [ProjectStatusServiceBean#createProjectStatus]. Argument info: [ id=0 name=null description=Test entity isDeleted=false]. Entrance timestamp: 1221394881748
Exit from method [ProjectStatusServiceBean#createProjectStatus]. Time spent: 0 ms. Return value: [ id=0 name=null description=Test entity isDeleted=false]
Enter into method [ProjectStatusServiceBean#deleteProjectStatus]. Argument info: [ id=0 name=null description=Test entity isDeleted=false]. Entrance timestamp: 1221394881748
Exit from method [ProjectStatusServiceBean#deleteProjectStatus]. Time spent: 0 ms. Return value: [ id=0 name=null description=Test entity isDeleted=false]
Enter into method [ProjectStatusServiceBean#createProjectStatus]. Argument info: [ id=0 name=null description=Test entity isDeleted=false]. Entrance timestamp: 1221394881748
Exit from method [ProjectStatusServiceBean#createProjectStatus]. Time spent: 0 ms. Return value: [ id=0 name=null description=Test entity isDeleted=false]
Enter into method [ProjectStatusServiceBean#deleteProjectStatus]. Argument info: [ id=0 name=null description=Test entity isDeleted=false]. Entrance timestamp: 1221394881748
Exit from method [ProjectStatusServiceBean#deleteProjectStatus]. Time spent: 1 ms. Return value: [ id=0 name=null description=Test entity isDeleted=false]
Enter into method [ProjectStatusServiceBean#updateProjectStatus]. Argument info: [ id=0 name=null description=Test entity isDeleted=false]. Entrance timestamp: 1221394881749
Exit from method [ProjectStatusServiceBean#updateProjectStatus]. Time spent: 0 ms. Return value: [ id=0 name=null description=Test entity isDeleted=false]
Enter into method [ProjectStatusServiceBean#updateProjectStatus]. Argument info: [ id=0 name=null description=Test entity isDeleted=false]. Entrance timestamp: 1221394881749
Exit from method [ProjectStatusServiceBean#updateProjectStatus]. Time spent: 0 ms. Return value: [ id=0 name=null description=Test entity isDeleted=false]
Enter into method [ProjectStatusServiceBean#deleteProjectStatus]. Argument info: [ id=0 name=null description=Test entity isDeleted=false]. Entrance timestamp: 1221394881749
Exit from method [ProjectStatusServiceBean#deleteProjectStatus]. Time spent: 0 ms. Return value: [ id=0 name=null description=Test entity isDeleted=false]
Enter into method [ProjectStatusServiceBean#deleteProjectStatus]. Argument info: [ id=0 name=null description=Test entity isDeleted=false]. Entrance timestamp: 1221394881749
Exit from method [ProjectStatusServiceBean#deleteProjectStatus]. Time spent: 0 ms. Return value: [ id=0 name=null description=Test entity isDeleted=false]
Enter into method [ProjectStatusServiceBean#updateProjectStatus]. Argument info: [ id=0 name=null description=Test entity isDeleted=false]. Entrance timestamp: 1221394881749
Exit from method [ProjectStatusServiceBean#updateProjectStatus]. Time spent: 0 ms. Return value: [ id=0 name=null description=Test entity isDeleted=false]
Enter into method [ProjectStatusServiceBean#updateProjectStatus]. Argument info: [ id=0 name=null description=Test entity isDeleted=false]. Entrance timestamp: 1221394881749
Exit from method [ProjectStatusServiceBean#updateProjectStatus]. Time spent: 0 ms. Return value: [ id=0 name=null description=Test entity isDeleted=false]
Enter into method [ProjectStatusServiceBean#createProjectStatus]. Argument info: [ id=0 name=null description=Test entity isDeleted=false]. Entrance timestamp: 1221394881749
Exit from method [ProjectStatusServiceBean#createProjectStatus]. Time spent: 0 ms. Return value: [ id=0 name=null description=Test entity isDeleted=false]
Enter into method [ProjectStatusServiceBean#deleteProjectStatus]. Argument info: [ id=0 name=null description=Test entity isDeleted=false]. Entrance timestamp: 1221394881749
Exit from method [ProjectStatusServiceBean#deleteProjectStatus]. Time spent: 0 ms. Return value: [ id=0 name=null description=Test entity isDeleted=false]
Enter into method [ProjectStatusServiceBean#updateProjectStatus]. Argument info: [ id=0 name=null description=Test entity isDeleted=false]. Entrance timestamp: 1221394881749
Exit from method [ProjectStatusServiceBean#updateProjectStatus]. Time spent: 0 ms. Return value: [ id=0 name=null description=Test entity isDeleted=false]
Enter into method [ProjectStatusServiceBean#updateProjectStatus]. Argument info: [ id=0 name=null description=Test entity isDeleted=false]. Entrance timestamp: 1221394881749
Exit from method [ProjectStatusServiceBean#updateProjectStatus]. Time spent: 0 ms. Return value: [ id=0 name=null description=Test entity isDeleted=false]
Enter into method [ProjectStatusServiceBean#createProjectStatus]. Argument info: [ id=0 name=null description=Test entity isDeleted=false]. Entrance timestamp: 1221394881749
Exit from method [ProjectStatusServiceBean#createProjectStatus]. Time spent: 0 ms. Return value: [ id=0 name=null description=Test entity isDeleted=false]
Enter into method [ProjectStatusServiceBean#deleteProjectStatus]. Argument info: [ id=0 name=null description=Test entity isDeleted=false]. Entrance timestamp: 1221394881749
Exit from method [ProjectStatusServiceBean#deleteProjectStatus]. Time spent: 0 ms. Return value: [ id=0 name=null description=Test entity isDeleted=false]
Enter into method [ProjectStatusServiceBean#createProjectStatus]. Argument info: [ id=0 name=null description=Test entity isDeleted=false]. Entrance timestamp: 1221394881749
Exit from method [ProjectStatusServiceBean#createProjectStatus]. Time spent: 0 ms. Return value: [ id=0 name=null description=Test entity isDeleted=false]
Enter into method [ProjectStatusServiceBean#updateProjectStatus]. Argument info: [ id=0 name=null description=Test entity isDeleted=false]. Entrance timestamp: 1221394881749
Exit from method [ProjectStatusServiceBean#updateProjectStatus]. Time spent: 0 ms. Return value: [ id=0 name=null description=Test entity isDeleted=false]
Enter into method [ProjectStatusServiceBean#updateProjectStatus]. Argument info: [ id=0 name=null description=Test entity isDeleted=false]. Entrance timestamp: 1221394881749
Exit from method [ProjectStatusServiceBean#updateProjectStatus]. Time spent: 0 ms. Return value: [ id=0 name=null description=Test entity isDeleted=false]
Enter into method [ProjectStatusServiceBean#deleteProjectStatus]. Argument info: [ id=0 name=null description=Test entity isDeleted=false]. Entrance timestamp: 1221394881749
Exit from method [ProjectStatusServiceBean#deleteProjectStatus]. Time spent: 1 ms. Return value: [ id=0 name=null description=Test entity isDeleted=false]
Enter into method [ProjectStatusServiceBean#createProjectStatus]. Argument info: [ id=0 name=null description=Test entity isDeleted=false]. Entrance timestamp: 1221394881750
Exit from method [ProjectStatusServiceBean#createProjectStatus]. Time spent: 0 ms. Return value: [ id=0 name=null description=Test entity isDeleted=false]
Enter into method [ProjectStatusServiceBean#deleteProjectStatus]. Argument info: [ id=0 name=null description=Test entity isDeleted=false]. Entrance timestamp: 1221394881750
Exit from method [ProjectStatusServiceBean#deleteProjectStatus]. Time spent: 0 ms. Return value: [ id=0 name=null description=Test entity isDeleted=false]
Enter into method [ProjectStatusServiceBean#createProjectStatus]. Argument info: [ id=0 name=null description=Test entity isDeleted=false]. Entrance timestamp: 1221394881750
Exit from method [ProjectStatusServiceBean#createProjectStatus]. Time spent: 0 ms. Return value: [ id=0 name=null description=Test entity isDeleted=false]
Enter into method [ProjectStatusServiceBean#updateProjectStatus]. Argument info: [ id=0 name=null description=Test entity isDeleted=false]. Entrance timestamp: 1221394881750
Exit from method [ProjectStatusServiceBean#updateProjectStatus]. Time spent: 0 ms. Return value: [ id=0 name=null description=Test entity isDeleted=false]
Enter into method [ProjectStatusServiceBean#createProjectStatus]. Argument info: [ id=0 name=null description=Test entity isDeleted=false]. Entrance timestamp: 1221394881750
Exit from method [ProjectStatusServiceBean#createProjectStatus]. Time spent: 0 ms. Return value: [ id=0 name=null description=Test entity isDeleted=false]
Enter into method [ProjectStatusServiceBean#deleteProjectStatus]. Argument info: [ id=0 name=null description=Test entity isDeleted=false]. Entrance timestamp: 1221394881750
Exit from method [ProjectStatusServiceBean#deleteProjectStatus]. Time spent: 0 ms. Return value: [ id=0 name=null description=Test entity isDeleted=false]
Enter into method [ProjectStatusServiceBean#updateProjectStatus]. Argument info: [ id=0 name=null description=Test entity isDeleted=false]. Entrance timestamp: 1221394881750
Exit from method [ProjectStatusServiceBean#updateProjectStatus]. Time spent: 0 ms. Return value: [ id=0 name=null description=Test entity isDeleted=false]
Enter into method [ProjectStatusServiceBean#updateProjectStatus]. Argument info: [ id=0 name=null description=Test entity isDeleted=false]. Entrance timestamp: 1221394881750
Exit from method [ProjectStatusServiceBean#updateProjectStatus]. Time spent: 0 ms. Return value: [ id=0 name=null description=Test entity isDeleted=false]
Enter into method [ProjectStatusServiceBean#createProjectStatus]. Argument info: [ id=0 name=null description=Test entity isDeleted=false]. Entrance timestamp: 1221394881750
Exit from method [ProjectStatusServiceBean#createProjectStatus]. Time spent: 0 ms. Return value: [ id=0 name=null description=Test entity isDeleted=false]
Enter into method [ProjectStatusServiceBean#createProjectStatus]. Argument info: [ id=0 name=null description=Test entity isDeleted=false]. Entrance timestamp: 1221394881750
Exit from method [ProjectStatusServiceBean#createProjectStatus]. Time spent: 0 ms. Return value: [ id=0 name=null description=Test entity isDeleted=false]
Enter into method [ProjectStatusServiceBean#updateProjectStatus]. Argument info: [ id=0 name=null description=Test entity isDeleted=false]. Entrance timestamp: 1221394881750
Exit from method [ProjectStatusServiceBean#updateProjectStatus]. Time spent: 0 ms. Return value: [ id=0 name=null description=Test entity isDeleted=false]
Enter into method [ProjectStatusServiceBean#createProjectStatus]. Argument info: [ id=0 name=null description=Test entity isDeleted=false]. Entrance timestamp: 1221394881750
Exit from method [ProjectStatusServiceBean#createProjectStatus]. Time spent: 0 ms. Return value: [ id=0 name=null description=Test entity isDeleted=false]
Enter into method [ProjectStatusServiceBean#updateProjectStatus]. Argument info: [ id=0 name=null description=Test entity isDeleted=false]. Entrance timestamp: 1221394881750
Exit from method [ProjectStatusServiceBean#updateProjectStatus]. Time spent: 0 ms. Return value: [ id=0 name=null description=Test entity isDeleted=false]
Enter into method [ProjectStatusServiceBean#createProjectStatus]. Argument info: [ id=0 name=null description=Test entity isDeleted=false]. Entrance timestamp: 1221394881750
Exit from method [ProjectStatusServiceBean#createProjectStatus]. Time spent: 0 ms. Return value: [ id=0 name=null description=Test entity isDeleted=false]
Enter into method [ProjectStatusServiceBean#updateProjectStatus]. Argument info: [ id=0 name=null description=Test entity isDeleted=false]. Entrance timestamp: 1221394881750
Exit from method [ProjectStatusServiceBean#updateProjectStatus]. Time spent: 0 ms. Return value: [ id=0 name=null description=Test entity isDeleted=false]
Enter into method [ProjectStatusServiceBean#updateProjectStatus]. Argument info: [ id=0 name=null description=Test entity isDeleted=false]. Entrance timestamp: 1221394881750
Exit from method [ProjectStatusServiceBean#updateProjectStatus]. Time spent: 0 ms. Return value: [ id=0 name=null description=Test entity isDeleted=false]
Enter into method [ProjectStatusServiceBean#createProjectStatus]. Argument info: [ id=0 name=null description=Test entity isDeleted=false]. Entrance timestamp: 1221394881750
Exit from method [ProjectStatusServiceBean#createProjectStatus]. Time spent: 0 ms. Return value: [ id=0 name=null description=Test entity isDeleted=false]
Enter into method [ProjectStatusServiceBean#updateProjectStatus]. Argument info: [ id=0 name=null description=Test entity isDeleted=false]. Entrance timestamp: 1221394881751
Exit from method [ProjectStatusServiceBean#updateProjectStatus]. Time spent: 1 ms. Return value: [ id=0 name=null description=Test entity isDeleted=false]
Enter into method [ProjectStatusServiceBean#deleteProjectStatus]. Argument info: [ id=0 name=null description=Test entity isDeleted=false]. Entrance timestamp: 1221394881753
Exit from method [ProjectStatusServiceBean#deleteProjectStatus]. Time spent: 0 ms. Return value: [ id=0 name=null description=Test entity isDeleted=false]
Enter into method [ProjectStatusServiceBean#createProjectStatus]. Argument info: [ id=0 name=null description=Test entity isDeleted=false]. Entrance timestamp: 1221394881753
Exit from method [ProjectStatusServiceBean#createProjectStatus]. Time spent: 0 ms. Return value: [ id=0 name=null description=Test entity isDeleted=false]
Enter into method [ProjectStatusServiceBean#createProjectStatus]. Argument info: [ id=0 name=null description=Test entity isDeleted=false]. Entrance timestamp: 1221394881753
Exit from method [ProjectStatusServiceBean#createProjectStatus]. Time spent: 0 ms. Return value: [ id=0 name=null description=Test entity isDeleted=false]
Enter into method [ProjectStatusServiceBean#updateProjectStatus]. Argument info: [ id=0 name=null description=Test entity isDeleted=false]. Entrance timestamp: 1221394881753
Exit from method [ProjectStatusServiceBean#updateProjectStatus]. Time spent: 0 ms. Return value: [ id=0 name=null description=Test entity isDeleted=false]
Enter into method [ProjectStatusServiceBean#updateProjectStatus]. Argument info: [ id=0 name=null description=Test entity isDeleted=false]. Entrance timestamp: 1221394881753
Exit from method [ProjectStatusServiceBean#updateProjectStatus]. Time spent: 0 ms. Return value: [ id=0 name=null description=Test entity isDeleted=false]
Enter into method [ProjectStatusServiceBean#updateProjectStatus]. Argument info: [ id=0 name=null description=Test entity isDeleted=false]. Entrance timestamp: 1221394881753
Exit from method [ProjectStatusServiceBean#updateProjectStatus]. Time spent: 0 ms. Return value: [ id=0 name=null description=Test entity isDeleted=false]
Enter into method [ProjectStatusServiceBean#deleteProjectStatus]. Argument info: [ id=0 name=null description=Test entity isDeleted=false]. Entrance timestamp: 1221394881753
Exit from method [ProjectStatusServiceBean#deleteProjectStatus]. Time spent: 0 ms. Return value: [ id=0 name=null description=Test entity isDeleted=false]
Enter into method [ProjectStatusServiceBean#deleteProjectStatus]. Argument info: [ id=0 name=null description=Test entity isDeleted=false]. Entrance timestamp: 1221394881753
Exit from method [ProjectStatusServiceBean#deleteProjectStatus]. Time spent: 0 ms. Return value: [ id=0 name=null description=Test entity isDeleted=false]
Enter into method [ProjectStatusServiceBean#updateProjectStatus]. Argument info: [ id=0 name=null description=Test entity isDeleted=false]. Entrance timestamp: 1221394881753
Exit from method [ProjectStatusServiceBean#updateProjectStatus]. Time spent: 0 ms. Return value: [ id=0 name=null description=Test entity isDeleted=false]
Enter into method [ProjectStatusServiceBean#updateProjectStatus]. Argument info: [ id=0 name=null description=Test entity isDeleted=false]. Entrance timestamp: 1221394881753
Exit from method [ProjectStatusServiceBean#updateProjectStatus]. Time spent: 0 ms. Return value: [ id=0 name=null description=Test entity isDeleted=false]
Enter into method [ProjectStatusServiceBean#deleteProjectStatus]. Argument info: [ id=0 name=null description=Test entity isDeleted=false]. Entrance timestamp: 1221394881753
Exit from method [ProjectStatusServiceBean#deleteProjectStatus]. Time spent: 0 ms. Return value: [ id=0 name=null description=Test entity isDeleted=false]
Enter into method [ProjectStatusServiceBean#deleteProjectStatus]. Argument info: [ id=0 name=null description=Test entity isDeleted=false]. Entrance timestamp: 1221394881753
Exit from method [ProjectStatusServiceBean#deleteProjectStatus]. Time spent: 0 ms. Return value: [ id=0 name=null description=Test entity isDeleted=false]
Enter into method [ProjectStatusServiceBean#updateProjectStatus]. Argument info: [ id=0 name=null description=Test entity isDeleted=false]. Entrance timestamp: 1221394881753
Exit from method [ProjectStatusServiceBean#updateProjectStatus]. Time spent: 0 ms. Return value: [ id=0 name=null description=Test entity isDeleted=false]
Enter into method [ProjectStatusServiceBean#createProjectStatus]. Argument info: [ id=0 name=null description=Test entity isDeleted=false]. Entrance timestamp: 1221394881753
Exit from method [ProjectStatusServiceBean#createProjectStatus]. Time spent: 0 ms. Return value: [ id=0 name=null description=Test entity isDeleted=false]
Enter into method [ProjectStatusServiceBean#updateProjectStatus]. Argument info: [ id=0 name=null description=Test entity isDeleted=false]. Entrance timestamp: 1221394881753
Exit from method [ProjectStatusServiceBean#updateProjectStatus]. Time spent: 0 ms. Return value: [ id=0 name=null description=Test entity isDeleted=false]
Enter into method [ProjectStatusServiceBean#updateProjectStatus]. Argument info: [ id=0 name=null description=Test entity isDeleted=false]. Entrance timestamp: 1221394881753
Exit from method [ProjectStatusServiceBean#updateProjectStatus]. Time spent: 0 ms. Return value: [ id=0 name=null description=Test entity isDeleted=false]
Enter into method [ProjectStatusServiceBean#deleteProjectStatus]. Argument info: [ id=0 name=null description=Test entity isDeleted=false]. Entrance timestamp: 1221394881753
Exit from method [ProjectStatusServiceBean#deleteProjectStatus]. Time spent: 0 ms. Return value: [ id=0 name=null description=Test entity isDeleted=false]
Enter into method [ProjectStatusServiceBean#updateProjectStatus]. Argument info: [ id=0 name=null description=Test entity isDeleted=false]. Entrance timestamp: 1221394881753
Exit from method [ProjectStatusServiceBean#updateProjectStatus]. Time spent: 0 ms. Return value: [ id=0 name=null description=Test entity isDeleted=false]
Enter into method [ProjectStatusServiceBean#updateProjectStatus]. Argument info: [ id=0 name=null description=Test entity isDeleted=false]. Entrance timestamp: 1221394881753
Exit from method [ProjectStatusServiceBean#updateProjectStatus]. Time spent: 0 ms. Return value: [ id=0 name=null description=Test entity isDeleted=false]
Enter into method [ProjectStatusServiceBean#deleteProjectStatus]. Argument info: [ id=0 name=null description=Test entity isDeleted=false]. Entrance timestamp: 1221394881753
Exit from method [ProjectStatusServiceBean#deleteProjectStatus]. Time spent: 0 ms. Return value: [ id=0 name=null description=Test entity isDeleted=false]
Enter into method [ProjectStatusServiceBean#deleteProjectStatus]. Argument info: [ id=0 name=null description=Test entity isDeleted=false]. Entrance timestamp: 1221394881753
Exit from method [ProjectStatusServiceBean#deleteProjectStatus]. Time spent: 0 ms. Return value: [ id=0 name=null description=Test entity isDeleted=false]
Enter into method [ProjectStatusServiceBean#createProjectStatus]. Argument info: [ id=0 name=null description=Test entity isDeleted=false]. Entrance timestamp: 1221394881753
Exit from method [ProjectStatusServiceBean#createProjectStatus]. Time spent: 0 ms. Return value: [ id=0 name=null description=Test entity isDeleted=false]
Enter into method [ProjectStatusServiceBean#createProjectStatus]. Argument info: [ id=0 name=null description=Test entity isDeleted=false]. Entrance timestamp: 1221394881753
Exit from method [ProjectStatusServiceBean#createProjectStatus]. Time spent: 1 ms. Return value: [ id=0 name=null description=Test entity isDeleted=false]
Enter into method [ProjectStatusServiceBean#updateProjectStatus]. Argument info: [ id=0 name=null description=Test entity isDeleted=false]. Entrance timestamp: 1221394881754
Exit from method [ProjectStatusServiceBean#updateProjectStatus]. Time spent: 0 ms. Return value: [ id=0 name=null description=Test entity isDeleted=false]
Enter into method [ProjectStatusServiceBean#createProjectStatus]. Argument info: [ id=0 name=null description=Test entity isDeleted=false]. Entrance timestamp: 1221394881754
Exit from method [ProjectStatusServiceBean#createProjectStatus]. Time spent: 0 ms. Return value: [ id=0 name=null description=Test entity isDeleted=false]
Enter into method [ProjectStatusServiceBean#updateProjectStatus]. Argument info: [ id=0 name=null description=Test entity isDeleted=false]. Entrance timestamp: 1221394881754
Exit from method [ProjectStatusServiceBean#updateProjectStatus]. Time spent: 0 ms. Return value: [ id=0 name=null description=Test entity isDeleted=false]
Enter into method [ProjectStatusServiceBean#deleteProjectStatus]. Argument info: [ id=0 name=null description=Test entity isDeleted=false]. Entrance timestamp: 1221394881754
Exit from method [ProjectStatusServiceBean#deleteProjectStatus]. Time spent: 0 ms. Return value: [ id=0 name=null description=Test entity isDeleted=false]
Enter into method [ProjectStatusServiceBean#deleteProjectStatus]. Argument info: [ id=0 name=null description=Test entity isDeleted=false]. Entrance timestamp: 1221394881754
Exit from method [ProjectStatusServiceBean#deleteProjectStatus]. Time spent: 0 ms. Return value: [ id=0 name=null description=Test entity isDeleted=false]
Enter into method [ProjectStatusServiceBean#deleteProjectStatus]. Argument info: [ id=0 name=null description=Test entity isDeleted=false]. Entrance timestamp: 1221394881754
Exit from method [ProjectStatusServiceBean#deleteProjectStatus]. Time spent: 0 ms. Return value: [ id=0 name=null description=Test entity isDeleted=false]
Enter into method [ProjectStatusServiceBean#deleteProjectStatus]. Argument info: [ id=0 name=null description=Test entity isDeleted=false]. Entrance timestamp: 1221394881754
Exit from method [ProjectStatusServiceBean#deleteProjectStatus]. Time spent: 0 ms. Return value: [ id=0 name=null description=Test entity isDeleted=false]
Enter into method [ProjectStatusServiceBean#deleteProjectStatus]. Argument info: [ id=0 name=null description=Test entity isDeleted=false]. Entrance timestamp: 1221394881754
Exit from method [ProjectStatusServiceBean#deleteProjectStatus]. Time spent: 0 ms. Return value: [ id=0 name=null description=Test entity isDeleted=false]
Enter into method [ProjectStatusServiceBean#updateProjectStatus]. Argument info: [ id=0 name=null description=Test entity isDeleted=false]. Entrance timestamp: 1221394881754
Exit from method [ProjectStatusServiceBean#updateProjectStatus]. Time spent: 0 ms. Return value: [ id=0 name=null description=Test entity isDeleted=false]
Enter into method [ProjectStatusServiceBean#deleteProjectStatus]. Argument info: [ id=0 name=null description=Test entity isDeleted=false]. Entrance timestamp: 1221394881754
Exit from method [ProjectStatusServiceBean#deleteProjectStatus]. Time spent: 0 ms. Return value: [ id=0 name=null description=Test entity isDeleted=false]
Enter into method [ProjectStatusServiceBean#updateProjectStatus]. Argument info: [ id=0 name=null description=Test entity isDeleted=false]. Entrance timestamp: 1221394881754
Exit from method [ProjectStatusServiceBean#updateProjectStatus]. Time spent: 0 ms. Return value: [ id=0 name=null description=Test entity isDeleted=false]
Enter into method [ProjectStatusServiceBean#createProjectStatus]. Argument info: [ id=0 name=null description=Test entity isDeleted=false]. Entrance timestamp: 1221394881754
Exit from method [ProjectStatusServiceBean#createProjectStatus]. Time spent: 0 ms. Return value: [ id=0 name=null description=Test entity isDeleted=false]
Enter into method [ProjectStatusServiceBean#deleteProjectStatus]. Argument info: [ id=0 name=null description=Test entity isDeleted=false]. Entrance timestamp: 1221394881754
Exit from method [ProjectStatusServiceBean#deleteProjectStatus]. Time spent: 0 ms. Return value: [ id=0 name=null description=Test entity isDeleted=false]
Enter into method [ProjectStatusServiceBean#updateProjectStatus]. Argument info: [ id=0 name=null description=Test entity isDeleted=false]. Entrance timestamp: 1221394881754
Exit from method [ProjectStatusServiceBean#updateProjectStatus]. Time spent: 0 ms. Return value: [ id=0 name=null description=Test entity isDeleted=false]
Enter into method [ProjectStatusServiceBean#createProjectStatus]. Argument info: [ id=0 name=null description=Test entity isDeleted=false]. Entrance timestamp: 1221394881754
Exit from method [ProjectStatusServiceBean#createProjectStatus]. Time spent: 0 ms. Return value: [ id=0 name=null description=Test entity isDeleted=false]
Enter into method [ProjectStatusServiceBean#updateProjectStatus]. Argument info: [ id=0 name=null description=Test entity isDeleted=false]. Entrance timestamp: 1221394881754
Exit from method [ProjectStatusServiceBean#updateProjectStatus]. Time spent: 0 ms. Return value: [ id=0 name=null description=Test entity isDeleted=false]
Enter into method [ProjectStatusServiceBean#deleteProjectStatus]. Argument info: [ id=0 name=null description=Test entity isDeleted=false]. Entrance timestamp: 1221394881754
Exit from method [ProjectStatusServiceBean#deleteProjectStatus]. Time spent: 1 ms. Return value: [ id=0 name=null description=Test entity isDeleted=false]
Enter into method [ProjectStatusServiceBean#updateProjectStatus]. Argument info: [ id=0 name=null description=Test entity isDeleted=false]. Entrance timestamp: 1221394881755
Exit from method [ProjectStatusServiceBean#updateProjectStatus]. Time spent: 0 ms. Return value: [ id=0 name=null description=Test entity isDeleted=false]
Enter into method [ProjectStatusServiceBean#createProjectStatus]. Argument info: [ id=0 name=null description=Test entity isDeleted=false]. Entrance timestamp: 1221394881755
Exit from method [ProjectStatusServiceBean#createProjectStatus]. Time spent: 0 ms. Return value: [ id=0 name=null description=Test entity isDeleted=false]
Enter into method [ProjectStatusServiceBean#createProjectStatus]. Argument info: [ id=0 name=null description=Test entity isDeleted=false]. Entrance timestamp: 1221394881755
Exit from method [ProjectStatusServiceBean#createProjectStatus]. Time spent: 0 ms. Return value: [ id=0 name=null description=Test entity isDeleted=false]
Enter into method [ProjectStatusServiceBean#createProjectStatus]. Argument info: [ id=0 name=null description=Test entity isDeleted=false]. Entrance timestamp: 1221394881755
Exit from method [ProjectStatusServiceBean#createProjectStatus]. Time spent: 0 ms. Return value: [ id=0 name=null description=Test entity isDeleted=false]
Enter into method [ProjectStatusServiceBean#updateProjectStatus]. Argument info: [ id=0 name=null description=Test entity isDeleted=false]. Entrance timestamp: 1221394881755
Exit from method [ProjectStatusServiceBean#updateProjectStatus]. Time spent: 0 ms. Return value: [ id=0 name=null description=Test entity isDeleted=false]
Enter into method [ProjectStatusServiceBean#updateProjectStatus]. Argument info: [ id=0 name=null description=Test entity isDeleted=false]. Entrance timestamp: 1221394881755
Exit from method [ProjectStatusServiceBean#updateProjectStatus]. Time spent: 0 ms. Return value: [ id=0 name=null description=Test entity isDeleted=false]
Enter into method [ProjectStatusServiceBean#updateProjectStatus]. Argument info: [ id=0 name=null description=Test entity isDeleted=false]. Entrance timestamp: 1221394881755
Exit from method [ProjectStatusServiceBean#updateProjectStatus]. Time spent: 0 ms. Return value: [ id=0 name=null description=Test entity isDeleted=false]
Enter into method [ProjectStatusServiceBean#createProjectStatus]. Argument info: [ id=0 name=null description=Test entity isDeleted=false]. Entrance timestamp: 1221394881755
Exit from method [ProjectStatusServiceBean#createProjectStatus]. Time spent: 0 ms. Return value: [ id=0 name=null description=Test entity isDeleted=false]
Enter into method [ProjectStatusServiceBean#updateProjectStatus]. Argument info: [ id=0 name=null description=Test entity isDeleted=false]. Entrance timestamp: 1221394881755
Exit from method [ProjectStatusServiceBean#updateProjectStatus]. Time spent: 0 ms. Return value: [ id=0 name=null description=Test entity isDeleted=false]
Enter into method [ProjectStatusServiceBean#createProjectStatus]. Argument info: [ id=0 name=null description=Test entity isDeleted=false]. Entrance timestamp: 1221394881755
Exit from method [ProjectStatusServiceBean#createProjectStatus]. Time spent: 0 ms. Return value: [ id=0 name=null description=Test entity isDeleted=false]
Enter into method [ProjectStatusServiceBean#deleteProjectStatus]. Argument info: [ id=0 name=null description=Test entity isDeleted=false]. Entrance timestamp: 1221394881755
Exit from method [ProjectStatusServiceBean#deleteProjectStatus]. Time spent: 0 ms. Return value: [ id=0 name=null description=Test entity isDeleted=false]
Enter into method [ProjectStatusServiceBean#createProjectStatus]. Argument info: [ id=0 name=null description=Test entity isDeleted=false]. Entrance timestamp: 1221394881755
Exit from method [ProjectStatusServiceBean#createProjectStatus]. Time spent: 0 ms. Return value: [ id=0 name=null description=Test entity isDeleted=false]
Enter into method [ProjectStatusServiceBean#deleteProjectStatus]. Argument info: [ id=0 name=null description=Test entity isDeleted=false]. Entrance timestamp: 1221394881755
Exit from method [ProjectStatusServiceBean#deleteProjectStatus]. Time spent: 0 ms. Return value: [ id=0 name=null description=Test entity isDeleted=false]
Enter into method [ProjectStatusServiceBean#createProjectStatus]. Argument info: [ id=0 name=null description=Test entity isDeleted=false]. Entrance timestamp: 1221394881755
Exit from method [ProjectStatusServiceBean#createProjectStatus]. Time spent: 0 ms. Return value: [ id=0 name=null description=Test entity isDeleted=false]
Enter into method [ProjectStatusServiceBean#updateProjectStatus]. Argument info: [ id=0 name=null description=Test entity isDeleted=false]. Entrance timestamp: 1221394881755
Exit from method [ProjectStatusServiceBean#updateProjectStatus]. Time spent: 0 ms. Return value: [ id=0 name=null description=Test entity isDeleted=false]
Enter into method [ProjectStatusServiceBean#updateProjectStatus]. Argument info: [ id=0 name=null description=Test entity isDeleted=false]. Entrance timestamp: 1221394881755
Exit from method [ProjectStatusServiceBean#updateProjectStatus]. Time spent: 0 ms. Return value: [ id=0 name=null description=Test entity isDeleted=false]
Enter into method [ProjectStatusServiceBean#createProjectStatus]. Argument info: [ id=0 name=null description=Test entity isDeleted=false]. Entrance timestamp: 1221394881755
Exit from method [ProjectStatusServiceBean#createProjectStatus]. Time spent: 0 ms. Return value: [ id=0 name=null description=Test entity isDeleted=false]
Enter into method [ProjectStatusServiceBean#deleteProjectStatus]. Argument info: [ id=0 name=null description=Test entity isDeleted=false]. Entrance timestamp: 1221394881755
Exit from method [ProjectStatusServiceBean#deleteProjectStatus]. Time spent: 0 ms. Return value: [ id=0 name=null description=Test entity isDeleted=false]
Enter into method [ProjectStatusServiceBean#createProjectStatus]. Argument info: [ id=0 name=null description=Test entity isDeleted=false]. Entrance timestamp: 1221394881755
Exit from method [ProjectStatusServiceBean#createProjectStatus]. Time spent: 0 ms. Return value: [ id=0 name=null description=Test entity isDeleted=false]
Enter into method [ProjectStatusServiceBean#updateProjectStatus]. Argument info: [ id=0 name=null description=Test entity isDeleted=false]. Entrance timestamp: 1221394881755
Exit from method [ProjectStatusServiceBean#updateProjectStatus]. Time spent: 0 ms. Return value: [ id=0 name=null description=Test entity isDeleted=false]
Enter into method [ProjectStatusServiceBean#updateProjectStatus]. Argument info: [ id=0 name=null description=Test entity isDeleted=false]. Entrance timestamp: 1221394881755
Exit from method [ProjectStatusServiceBean#updateProjectStatus]. Time spent: 0 ms. Return value: [ id=0 name=null description=Test entity isDeleted=false]
Enter into method [ProjectStatusServiceBean#createProjectStatus]. Argument info: [ id=0 name=null description=Test entity isDeleted=false]. Entrance timestamp: 1221394881755
Exit from method [ProjectStatusServiceBean#createProjectStatus]. Time spent: 0 ms. Return value: [ id=0 name=null description=Test entity isDeleted=false]
Enter into method [ProjectStatusServiceBean#updateProjectStatus]. Argument info: [ id=0 name=null description=Test entity isDeleted=false]. Entrance timestamp: 1221394881755
Exit from method [ProjectStatusServiceBean#updateProjectStatus]. Time spent: 0 ms. Return value: [ id=0 name=null description=Test entity isDeleted=false]
Enter into method [ProjectStatusServiceBean#deleteProjectStatus]. Argument info: [ id=0 name=null description=Test entity isDeleted=false]. Entrance timestamp: 1221394881755
Exit from method [ProjectStatusServiceBean#deleteProjectStatus]. Time spent: 1 ms. Return value: [ id=0 name=null description=Test entity isDeleted=false]
Enter into method [ProjectStatusServiceBean#deleteProjectStatus]. Argument info: [ id=0 name=null description=Test entity isDeleted=false]. Entrance timestamp: 1221394881756
Exit from method [ProjectStatusServiceBean#deleteProjectStatus]. Time spent: 0 ms. Return value: [ id=0 name=null description=Test entity isDeleted=false]
Enter into method [ProjectStatusServiceBean#deleteProjectStatus]. Argument info: [ id=0 name=null description=Test entity isDeleted=false]. Entrance timestamp: 1221394881756
Exit from method [ProjectStatusServiceBean#deleteProjectStatus]. Time spent: 0 ms. Return value: [ id=0 name=null description=Test entity isDeleted=false]
Enter into method [ProjectStatusServiceBean#updateProjectStatus]. Argument info: [ id=0 name=null description=Test entity isDeleted=false]. Entrance timestamp: 1221394881756
Exit from method [ProjectStatusServiceBean#updateProjectStatus]. Time spent: 0 ms. Return value: [ id=0 name=null description=Test entity isDeleted=false]
Enter into method [ProjectStatusServiceBean#createProjectStatus]. Argument info: [ id=0 name=null description=Test entity isDeleted=false]. Entrance timestamp: 1221394881756
Exit from method [ProjectStatusServiceBean#createProjectStatus]. Time spent: 0 ms. Return value: [ id=0 name=null description=Test entity isDeleted=false]
Enter into method [ProjectStatusServiceBean#updateProjectStatus]. Argument info: [ id=0 name=null description=Test entity isDeleted=false]. Entrance timestamp: 1221394881756
Exit from method [ProjectStatusServiceBean#updateProjectStatus]. Time spent: 0 ms. Return value: [ id=0 name=null description=Test entity isDeleted=false]
Enter into method [ProjectStatusServiceBean#createProjectStatus]. Argument info: [ id=0 name=null description=Test entity isDeleted=false]. Entrance timestamp: 1221394881756
Exit from method [ProjectStatusServiceBean#createProjectStatus]. Time spent: 0 ms. Return value: [ id=0 name=null description=Test entity isDeleted=false]
Enter into method [ProjectStatusServiceBean#createProjectStatus]. Argument info: [ id=0 name=null description=Test entity isDeleted=false]. Entrance timestamp: 1221394881756
Exit from method [ProjectStatusServiceBean#createProjectStatus]. Time spent: 0 ms. Return value: [ id=0 name=null description=Test entity isDeleted=false]
Enter into method [ProjectStatusServiceBean#updateProjectStatus]. Argument info: [ id=0 name=null description=Test entity isDeleted=false]. Entrance timestamp: 1221394881756
Exit from method [ProjectStatusServiceBean#updateProjectStatus]. Time spent: 0 ms. Return value: [ id=0 name=null description=Test entity isDeleted=false]
Enter into method [ProjectStatusServiceBean#createProjectStatus]. Argument info: [ id=0 name=null description=Test entity isDeleted=false]. Entrance timestamp: 1221394881756
Exit from method [ProjectStatusServiceBean#createProjectStatus]. Time spent: 0 ms. Return value: [ id=0 name=null description=Test entity isDeleted=false]
Enter into method [ProjectStatusServiceBean#createProjectStatus]. Argument info: [ id=0 name=null description=Test entity isDeleted=false]. Entrance timestamp: 1221394881756
Exit from method [ProjectStatusServiceBean#createProjectStatus]. Time spent: 0 ms. Return value: [ id=0 name=null description=Test entity isDeleted=false]
Enter into method [ProjectStatusServiceBean#deleteProjectStatus]. Argument info: [ id=0 name=null description=Test entity isDeleted=false]. Entrance timestamp: 1221394881756
Exit from method [ProjectStatusServiceBean#deleteProjectStatus]. Time spent: 0 ms. Return value: [ id=0 name=null description=Test entity isDeleted=false]
Enter into method [ProjectStatusServiceBean#deleteProjectStatus]. Argument info: [ id=0 name=null description=Test entity isDeleted=false]. Entrance timestamp: 1221394881756
Exit from method [ProjectStatusServiceBean#deleteProjectStatus]. Time spent: 0 ms. Return value: [ id=0 name=null description=Test entity isDeleted=false]
Enter into method [ProjectStatusServiceBean#createProjectStatus]. Argument info: [ id=0 name=null description=Test entity isDeleted=false]. Entrance timestamp: 1221394881756
Exit from method [ProjectStatusServiceBean#createProjectStatus]. Time spent: 0 ms. Return value: [ id=0 name=null description=Test entity isDeleted=false]
Enter into method [ProjectStatusServiceBean#createProjectStatus]. Argument info: [ id=0 name=null description=Test entity isDeleted=false]. Entrance timestamp: 1221394881756
Exit from method [ProjectStatusServiceBean#createProjectStatus]. Time spent: 1 ms. Return value: [ id=0 name=null description=Test entity isDeleted=false]
Enter into method [ProjectStatusServiceBean#deleteProjectStatus]. Argument info: [ id=0 name=null description=Test entity isDeleted=false]. Entrance timestamp: 1221394881757
Exit from method [ProjectStatusServiceBean#deleteProjectStatus]. Time spent: 0 ms. Return value: [ id=0 name=null description=Test entity isDeleted=false]
Enter into method [ProjectStatusServiceBean#updateProjectStatus]. Argument info: [ id=0 name=null description=Test entity isDeleted=false]. Entrance timestamp: 1221394881757
Exit from method [ProjectStatusServiceBean#updateProjectStatus]. Time spent: 0 ms. Return value: [ id=0 name=null description=Test entity isDeleted=false]
Enter into method [ProjectStatusServiceBean#deleteProjectStatus]. Argument info: [ id=0 name=null description=Test entity isDeleted=false]. Entrance timestamp: 1221394881757
Exit from method [ProjectStatusServiceBean#deleteProjectStatus]. Time spent: 0 ms. Return value: [ id=0 name=null description=Test entity isDeleted=false]
Enter into method [ProjectStatusServiceBean#createProjectStatus]. Argument info: [ id=0 name=null description=Test entity isDeleted=false]. Entrance timestamp: 1221394881757
Exit from method [ProjectStatusServiceBean#createProjectStatus]. Time spent: 0 ms. Return value: [ id=0 name=null description=Test entity isDeleted=false]
Enter into method [ProjectStatusServiceBean#deleteProjectStatus]. Argument info: [ id=0 name=null description=Test entity isDeleted=false]. Entrance timestamp: 1221394881757
Exit from method [ProjectStatusServiceBean#deleteProjectStatus]. Time spent: 0 ms. Return value: [ id=0 name=null description=Test entity isDeleted=false]
Enter into method [ProjectStatusServiceBean#updateProjectStatus]. Argument info: [ id=0 name=null description=Test entity isDeleted=false]. Entrance timestamp: 1221394881757
Exit from method [ProjectStatusServiceBean#updateProjectStatus]. Time spent: 1 ms. Return value: [ id=0 name=null description=Test entity isDeleted=false]
Enter into method [ProjectStatusServiceBean#updateProjectStatus]. Argument info: [ id=0 name=null description=Test entity isDeleted=false]. Entrance timestamp: 1221394881758
Exit from method [ProjectStatusServiceBean#updateProjectStatus]. Time spent: 0 ms. Return value: [ id=0 name=null description=Test entity isDeleted=false]
Enter into method [ProjectStatusServiceBean#deleteProjectStatus]. Argument info: [ id=0 name=null description=Test entity isDeleted=false]. Entrance timestamp: 1221394881758
Exit from method [ProjectStatusServiceBean#deleteProjectStatus]. Time spent: 0 ms. Return value: [ id=0 name=null description=Test entity isDeleted=false]
Enter into method [ProjectStatusServiceBean#createProjectStatus]. Argument info: [ id=0 name=null description=Test entity isDeleted=false]. Entrance timestamp: 1221394881758
Exit from method [ProjectStatusServiceBean#createProjectStatus]. Time spent: 0 ms. Return value: [ id=0 name=null description=Test entity isDeleted=false]
Enter into method [ProjectStatusServiceBean#updateProjectStatus]. Argument info: [ id=0 name=null description=Test entity isDeleted=false]. Entrance timestamp: 1221394881758
Exit from method [ProjectStatusServiceBean#updateProjectStatus]. Time spent: 0 ms. Return value: [ id=0 name=null description=Test entity isDeleted=false]
Enter into method [ProjectStatusServiceBean#createProjectStatus]. Argument info: [ id=0 name=null description=Test entity isDeleted=false]. Entrance timestamp: 1221394881758
Exit from method [ProjectStatusServiceBean#createProjectStatus]. Time spent: 0 ms. Return value: [ id=0 name=null description=Test entity isDeleted=false]
Enter into method [ProjectStatusServiceBean#createProjectStatus]. Argument info: [ id=0 name=null description=Test entity isDeleted=false]. Entrance timestamp: 1221394881758
Exit from method [ProjectStatusServiceBean#createProjectStatus]. Time spent: 0 ms. Return value: [ id=0 name=null description=Test entity isDeleted=false]
Enter into method [ProjectStatusServiceBean#deleteProjectStatus]. Argument info: [ id=0 name=null description=Test entity isDeleted=false]. Entrance timestamp: 1221394881758
Exit from method [ProjectStatusServiceBean#deleteProjectStatus]. Time spent: 0 ms. Return value: [ id=0 name=null description=Test entity isDeleted=false]
Enter into method [ProjectStatusServiceBean#updateProjectStatus]. Argument info: [ id=0 name=null description=Test entity isDeleted=false]. Entrance timestamp: 1221394881758
Exit from method [ProjectStatusServiceBean#updateProjectStatus]. Time spent: 0 ms. Return value: [ id=0 name=null description=Test entity isDeleted=false]
Enter into method [ProjectStatusServiceBean#createProjectStatus]. Argument info: [ id=0 name=null description=Test entity isDeleted=false]. Entrance timestamp: 1221394881758
Exit from method [ProjectStatusServiceBean#createProjectStatus]. Time spent: 0 ms. Return value: [ id=0 name=null description=Test entity isDeleted=false]
Enter into method [ProjectStatusServiceBean#updateProjectStatus]. Argument info: [ id=0 name=null description=Test entity isDeleted=false]. Entrance timestamp: 1221394881758
Exit from method [ProjectStatusServiceBean#updateProjectStatus]. Time spent: 0 ms. Return value: [ id=0 name=null description=Test entity isDeleted=false]
Enter into method [ProjectStatusServiceBean#createProjectStatus]. Argument info: [ id=0 name=null description=Test entity isDeleted=false]. Entrance timestamp: 1221394881758
Exit from method [ProjectStatusServiceBean#createProjectStatus]. Time spent: 0 ms. Return value: [ id=0 name=null description=Test entity isDeleted=false]
Enter into method [ProjectStatusServiceBean#createProjectStatus]. Argument info: [ id=0 name=null description=Test entity isDeleted=false]. Entrance timestamp: 1221394881758
Exit from method [ProjectStatusServiceBean#createProjectStatus]. Time spent: 0 ms. Return value: [ id=0 name=null description=Test entity isDeleted=false]
Enter into method [ProjectStatusServiceBean#deleteProjectStatus]. Argument info: [ id=0 name=null description=Test entity isDeleted=false]. Entrance timestamp: 1221394881758
Exit from method [ProjectStatusServiceBean#deleteProjectStatus]. Time spent: 1 ms. Return value: [ id=0 name=null description=Test entity isDeleted=false]
Enter into method [ProjectStatusServiceBean#createProjectStatus]. Argument info: [ id=0 name=null description=Test entity isDeleted=false]. Entrance timestamp: 1221394881759
Exit from method [ProjectStatusServiceBean#createProjectStatus]. Time spent: 0 ms. Return value: [ id=0 name=null description=Test entity isDeleted=false]
Enter into method [ProjectStatusServiceBean#updateProjectStatus]. Argument info: [ id=0 name=null description=Test entity isDeleted=false]. Entrance timestamp: 1221394881759
Exit from method [ProjectStatusServiceBean#updateProjectStatus]. Time spent: 0 ms. Return value: [ id=0 name=null description=Test entity isDeleted=false]
Enter into method [ProjectStatusServiceBean#createProjectStatus]. Argument info: [ id=0 name=null description=Test entity isDeleted=false]. Entrance timestamp: 1221394881759
Exit from method [ProjectStatusServiceBean#createProjectStatus]. Time spent: 0 ms. Return value: [ id=0 name=null description=Test entity isDeleted=false]
Enter into method [ProjectStatusServiceBean#createProjectStatus]. Argument info: [ id=0 name=null description=Test entity isDeleted=false]. Entrance timestamp: 1221394881759
Exit from method [ProjectStatusServiceBean#createProjectStatus]. Time spent: 0 ms. Return value: [ id=0 name=null description=Test entity isDeleted=false]
Enter into method [ProjectStatusServiceBean#deleteProjectStatus]. Argument info: [ id=0 name=null description=Test entity isDeleted=false]. Entrance timestamp: 1221394881759
Exit from method [ProjectStatusServiceBean#deleteProjectStatus]. Time spent: 0 ms. Return value: [ id=0 name=null description=Test entity isDeleted=false]
Enter into method [ProjectStatusServiceBean#createProjectStatus]. Argument info: [ id=0 name=null description=Test entity isDeleted=false]. Entrance timestamp: 1221394881759
Exit from method [ProjectStatusServiceBean#createProjectStatus]. Time spent: 0 ms. Return value: [ id=0 name=null description=Test entity isDeleted=false]
Enter into method [ProjectStatusServiceBean#updateProjectStatus]. Argument info: [ id=0 name=null description=Test entity isDeleted=false]. Entrance timestamp: 1221394881759
Exit from method [ProjectStatusServiceBean#updateProjectStatus]. Time spent: 0 ms. Return value: [ id=0 name=null description=Test entity isDeleted=false]
Enter into method [ProjectStatusServiceBean#createProjectStatus]. Argument info: [ id=0 name=null description=Test entity isDeleted=false]. Entrance timestamp: 1221394881759
Exit from method [ProjectStatusServiceBean#createProjectStatus]. Time spent: 0 ms. Return value: [ id=0 name=null description=Test entity isDeleted=false]
Enter into method [ProjectStatusServiceBean#updateProjectStatus]. Argument info: [ id=0 name=null description=Test entity isDeleted=false]. Entrance timestamp: 1221394881759
Exit from method [ProjectStatusServiceBean#updateProjectStatus]. Time spent: 0 ms. Return value: [ id=0 name=null description=Test entity isDeleted=false]
Enter into method [ProjectStatusServiceBean#deleteProjectStatus]. Argument info: [ id=0 name=null description=Test entity isDeleted=false]. Entrance timestamp: 1221394881759
Exit from method [ProjectStatusServiceBean#deleteProjectStatus]. Time spent: 0 ms. Return value: [ id=0 name=null description=Test entity isDeleted=false]
Enter into method [ProjectStatusServiceBean#updateProjectStatus]. Argument info: [ id=0 name=null description=Test entity isDeleted=false]. Entrance timestamp: 1221394881759
Exit from method [ProjectStatusServiceBean#updateProjectStatus]. Time spent: 0 ms. Return value: [ id=0 name=null description=Test entity isDeleted=false]
Enter into method [ProjectStatusServiceBean#updateProjectStatus]. Argument info: [ id=0 name=null description=Test entity isDeleted=false]. Entrance timestamp: 1221394881759
Exit from method [ProjectStatusServiceBean#updateProjectStatus]. Time spent: 0 ms. Return value: [ id=0 name=null description=Test entity isDeleted=false]
Enter into method [ProjectStatusServiceBean#updateProjectStatus]. Argument info: [ id=0 name=null description=Test entity isDeleted=false]. Entrance timestamp: 1221394881759
Exit from method [ProjectStatusServiceBean#updateProjectStatus]. Time spent: 0 ms. Return value: [ id=0 name=null description=Test entity isDeleted=false]
Enter into method [ProjectStatusServiceBean#deleteProjectStatus]. Argument info: [ id=0 name=null description=Test entity isDeleted=false]. Entrance timestamp: 1221394881759
Exit from method [ProjectStatusServiceBean#deleteProjectStatus]. Time spent: 0 ms. Return value: [ id=0 name=null description=Test entity isDeleted=false]
Enter into method [ProjectStatusServiceBean#updateProjectStatus]. Argument info: [ id=0 name=null description=Test entity isDeleted=false]. Entrance timestamp: 1221394881759
Exit from method [ProjectStatusServiceBean#updateProjectStatus]. Time spent: 0 ms. Return value: [ id=0 name=null description=Test entity isDeleted=false]
Enter into method [ProjectStatusServiceBean#createProjectStatus]. Argument info: [ id=0 name=null description=Test entity isDeleted=false]. Entrance timestamp: 1221394881759
Exit from method [ProjectStatusServiceBean#createProjectStatus]. Time spent: 0 ms. Return value: [ id=0 name=null description=Test entity isDeleted=false]
Enter into method [ProjectStatusServiceBean#deleteProjectStatus]. Argument info: [ id=0 name=null description=Test entity isDeleted=false]. Entrance timestamp: 1221394881759
Exit from method [ProjectStatusServiceBean#deleteProjectStatus]. Time spent: 0 ms. Return value: [ id=0 name=null description=Test entity isDeleted=false]
Enter into method [ProjectStatusServiceBean#createProjectStatus]. Argument info: [ id=0 name=null description=Test entity isDeleted=false]. Entrance timestamp: 1221394881759
Exit from method [ProjectStatusServiceBean#createProjectStatus]. Time spent: 0 ms. Return value: [ id=0 name=null description=Test entity isDeleted=false]
Enter into method [ProjectStatusServiceBean#updateProjectStatus]. Argument info: [ id=0 name=null description=Test entity isDeleted=false]. Entrance timestamp: 1221394881759
Exit from method [ProjectStatusServiceBean#updateProjectStatus]. Time spent: 0 ms. Return value: [ id=0 name=null description=Test entity isDeleted=false]
Enter into method [ProjectStatusServiceBean#createProjectStatus]. Argument info: [ id=0 name=null description=Test entity isDeleted=false]. Entrance timestamp: 1221394881759
Exit from method [ProjectStatusServiceBean#createProjectStatus]. Time spent: 0 ms. Return value: [ id=0 name=null description=Test entity isDeleted=false]
Enter into method [ProjectStatusServiceBean#deleteProjectStatus]. Argument info: [ id=0 name=null description=Test entity isDeleted=false]. Entrance timestamp: 1221394881759
Exit from method [ProjectStatusServiceBean#deleteProjectStatus]. Time spent: 0 ms. Return value: [ id=0 name=null description=Test entity isDeleted=false]
Enter into method [ProjectStatusServiceBean#updateProjectStatus]. Argument info: [ id=0 name=null description=Test entity isDeleted=false]. Entrance timestamp: 1221394881760
Exit from method [ProjectStatusServiceBean#updateProjectStatus]. Time spent: 73 ms. Return value: [ id=0 name=null description=Test entity isDeleted=false]
Enter into method [ProjectStatusServiceBean#createProjectStatus]. Argument info: [ id=0 name=null description=Test entity isDeleted=false]. Entrance timestamp: 1221394881833
Exit from method [ProjectStatusServiceBean#createProjectStatus]. Time spent: 0 ms. Return value: [ id=0 name=null description=Test entity isDeleted=false]
Enter into method [ProjectStatusServiceBean#updateProjectStatus]. Argument info: [ id=0 name=null description=Test entity isDeleted=false]. Entrance timestamp: 1221394881833
Exit from method [ProjectStatusServiceBean#updateProjectStatus]. Time spent: 0 ms. Return value: [ id=0 name=null description=Test entity isDeleted=false]
Enter into method [ProjectStatusServiceBean#deleteProjectStatus]. Argument info: [ id=0 name=null description=Test entity isDeleted=false]. Entrance timestamp: 1221394881833
Exit from method [ProjectStatusServiceBean#deleteProjectStatus]. Time spent: 0 ms. Return value: [ id=0 name=null description=Test entity isDeleted=false]
Enter into method [ProjectStatusServiceBean#createProjectStatus]. Argument info: [ id=0 name=null description=Test entity isDeleted=false]. Entrance timestamp: 1221394881833
Exit from method [ProjectStatusServiceBean#createProjectStatus]. Time spent: 0 ms. Return value: [ id=0 name=null description=Test entity isDeleted=false]
Enter into method [ProjectStatusServiceBean#deleteProjectStatus]. Argument info: [ id=0 name=null description=Test entity isDeleted=false]. Entrance timestamp: 1221394881833
Exit from method [ProjectStatusServiceBean#deleteProjectStatus]. Time spent: 0 ms. Return value: [ id=0 name=null description=Test entity isDeleted=false]
Enter into method [ProjectStatusServiceBean#updateProjectStatus]. Argument info: [ id=0 name=null description=Test entity isDeleted=false]. Entrance timestamp: 1221394881833
Exit from method [ProjectStatusServiceBean#updateProjectStatus]. Time spent: 0 ms. Return value: [ id=0 name=null description=Test entity isDeleted=false]
Enter into method [ProjectStatusServiceBean#createProjectStatus]. Argument info: [ id=0 name=null description=Test entity isDeleted=false]. Entrance timestamp: 1221394881833
Exit from method [ProjectStatusServiceBean#createProjectStatus]. Time spent: 0 ms. Return value: [ id=0 name=null description=Test entity isDeleted=false]
Enter into method [ProjectStatusServiceBean#createProjectStatus]. Argument info: [ id=0 name=null description=Test entity isDeleted=false]. Entrance timestamp: 1221394881833
Exit from method [ProjectStatusServiceBean#createProjectStatus]. Time spent: 0 ms. Return value: [ id=0 name=null description=Test entity isDeleted=false]
Enter into method [ProjectStatusServiceBean#createProjectStatus]. Argument info: [ id=0 name=null description=Test entity isDeleted=false]. Entrance timestamp: 1221394881833
Exit from method [ProjectStatusServiceBean#createProjectStatus]. Time spent: 0 ms. Return value: [ id=0 name=null description=Test entity isDeleted=false]
Enter into method [ProjectStatusServiceBean#updateProjectStatus]. Argument info: [ id=0 name=null description=Test entity isDeleted=false]. Entrance timestamp: 1221394881833
Exit from method [ProjectStatusServiceBean#updateProjectStatus]. Time spent: 0 ms. Return value: [ id=0 name=null description=Test entity isDeleted=false]
Enter into method [ProjectStatusServiceBean#createProjectStatus]. Argument info: [ id=0 name=null description=Test entity isDeleted=false]. Entrance timestamp: 1221394881833
Exit from method [ProjectStatusServiceBean#createProjectStatus]. Time spent: 0 ms. Return value: [ id=0 name=null description=Test entity isDeleted=false]
Enter into method [ProjectStatusServiceBean#deleteProjectStatus]. Argument info: [ id=0 name=null description=Test entity isDeleted=false]. Entrance timestamp: 1221394881833
Exit from method [ProjectStatusServiceBean#deleteProjectStatus]. Time spent: 0 ms. Return value: [ id=0 name=null description=Test entity isDeleted=false]
Enter into method [ProjectStatusServiceBean#createProjectStatus]. Argument info: [ id=0 name=null description=Test entity isDeleted=false]. Entrance timestamp: 1221394881833
Exit from method [ProjectStatusServiceBean#createProjectStatus]. Time spent: 0 ms. Return value: [ id=0 name=null description=Test entity isDeleted=false]
Enter into method [ProjectStatusServiceBean#updateProjectStatus]. Argument info: [ id=0 name=null description=Test entity isDeleted=false]. Entrance timestamp: 1221394881833
Exit from method [ProjectStatusServiceBean#updateProjectStatus]. Time spent: 1 ms. Return value: [ id=0 name=null description=Test entity isDeleted=false]
Enter into method [ProjectStatusServiceBean#createProjectStatus]. Argument info: [ id=0 name=null description=Test entity isDeleted=false]. Entrance timestamp: 1221394881834
Exit from method [ProjectStatusServiceBean#createProjectStatus]. Time spent: 0 ms. Return value: [ id=0 name=null description=Test entity isDeleted=false]
Enter into method [ProjectStatusServiceBean#updateProjectStatus]. Argument info: [ id=0 name=null description=Test entity isDeleted=false]. Entrance timestamp: 1221394881834
Exit from method [ProjectStatusServiceBean#updateProjectStatus]. Time spent: 0 ms. Return value: [ id=0 name=null description=Test entity isDeleted=false]
Enter into method [ProjectStatusServiceBean#updateProjectStatus]. Argument info: [ id=0 name=null description=Test entity isDeleted=false]. Entrance timestamp: 1221394881834
Exit from method [ProjectStatusServiceBean#updateProjectStatus]. Time spent: 0 ms. Return value: [ id=0 name=null description=Test entity isDeleted=false]
Enter into method [ProjectStatusServiceBean#deleteProjectStatus]. Argument info: [ id=0 name=null description=Test entity isDeleted=false]. Entrance timestamp: 1221394881834
Exit from method [ProjectStatusServiceBean#deleteProjectStatus]. Time spent: 0 ms. Return value: [ id=0 name=null description=Test entity isDeleted=false]
Enter into method [ProjectStatusServiceBean#createProjectStatus]. Argument info: [ id=0 name=null description=Test entity isDeleted=false]. Entrance timestamp: 1221394881834
Exit from method [ProjectStatusServiceBean#createProjectStatus]. Time spent: 0 ms. Return value: [ id=0 name=null description=Test entity isDeleted=false]
Enter into method [ProjectStatusServiceBean#updateProjectStatus]. Argument info: [ id=0 name=null description=Test entity isDeleted=false]. Entrance timestamp: 1221394881834
Exit from method [ProjectStatusServiceBean#updateProjectStatus]. Time spent: 0 ms. Return value: [ id=0 name=null description=Test entity isDeleted=false]
Enter into method [ProjectStatusServiceBean#updateProjectStatus]. Argument info: [ id=0 name=null description=Test entity isDeleted=false]. Entrance timestamp: 1221394881834
Exit from method [ProjectStatusServiceBean#updateProjectStatus]. Time spent: 0 ms. Return value: [ id=0 name=null description=Test entity isDeleted=false]
Enter into method [ProjectStatusServiceBean#createProjectStatus]. Argument info: [ id=0 name=null description=Test entity isDeleted=false]. Entrance timestamp: 1221394881834
Exit from method [ProjectStatusServiceBean#createProjectStatus]. Time spent: 0 ms. Return value: [ id=0 name=null description=Test entity isDeleted=false]
Enter into method [ProjectStatusServiceBean#deleteProjectStatus]. Argument info: [ id=0 name=null description=Test entity isDeleted=false]. Entrance timestamp: 1221394881834
Exit from method [ProjectStatusServiceBean#deleteProjectStatus]. Time spent: 0 ms. Return value: [ id=0 name=null description=Test entity isDeleted=false]
Enter into method [ProjectStatusServiceBean#deleteProjectStatus]. Argument info: [ id=0 name=null description=Test entity isDeleted=false]. Entrance timestamp: 1221394881834
Exit from method [ProjectStatusServiceBean#deleteProjectStatus]. Time spent: 0 ms. Return value: [ id=0 name=null description=Test entity isDeleted=false]
Enter into method [ProjectStatusServiceBean#deleteProjectStatus]. Argument info: [ id=0 name=null description=Test entity isDeleted=false]. Entrance timestamp: 1221394881834
Exit from method [ProjectStatusServiceBean#deleteProjectStatus]. Time spent: 0 ms. Return value: [ id=0 name=null description=Test entity isDeleted=false]
Enter into method [ProjectStatusServiceBean#createProjectStatus]. Argument info: [ id=0 name=null description=Test entity isDeleted=false]. Entrance timestamp: 1221394881834
Exit from method [ProjectStatusServiceBean#createProjectStatus]. Time spent: 0 ms. Return value: [ id=0 name=null description=Test entity isDeleted=false]
Enter into method [ProjectStatusServiceBean#deleteProjectStatus]. Argument info: [ id=0 name=null description=Test entity isDeleted=false]. Entrance timestamp: 1221394881834
Exit from method [ProjectStatusServiceBean#deleteProjectStatus]. Time spent: 0 ms. Return value: [ id=0 name=null description=Test entity isDeleted=false]
Enter into method [ProjectStatusServiceBean#deleteProjectStatus]. Argument info: [ id=0 name=null description=Test entity isDeleted=false]. Entrance timestamp: 1221394881834
Exit from method [ProjectStatusServiceBean#deleteProjectStatus]. Time spent: 0 ms. Return value: [ id=0 name=null description=Test entity isDeleted=false]
Enter into method [ProjectStatusServiceBean#updateProjectStatus]. Argument info: [ id=0 name=null description=Test entity isDeleted=false]. Entrance timestamp: 1221394881834
Exit from method [ProjectStatusServiceBean#updateProjectStatus]. Time spent: 1 ms. Return value: [ id=0 name=null description=Test entity isDeleted=false]
Enter into method [ProjectStatusServiceBean#updateProjectStatus]. Argument info: [ id=0 name=null description=Test entity isDeleted=false]. Entrance timestamp: 1221394881835
Exit from method [ProjectStatusServiceBean#updateProjectStatus]. Time spent: 0 ms. Return value: [ id=0 name=null description=Test entity isDeleted=false]
Enter into method [ProjectStatusServiceBean#createProjectStatus]. Argument info: [ id=0 name=null description=Test entity isDeleted=false]. Entrance timestamp: 1221394881835
Exit from method [ProjectStatusServiceBean#createProjectStatus]. Time spent: 0 ms. Return value: [ id=0 name=null description=Test entity isDeleted=false]
Enter into method [ProjectStatusServiceBean#updateProjectStatus]. Argument info: [ id=0 name=null description=Test entity isDeleted=false]. Entrance timestamp: 1221394881835
Exit from method [ProjectStatusServiceBean#updateProjectStatus]. Time spent: 0 ms. Return value: [ id=0 name=null description=Test entity isDeleted=false]
Enter into method [ProjectStatusServiceBean#updateProjectStatus]. Argument info: [ id=0 name=null description=Test entity isDeleted=false]. Entrance timestamp: 1221394881835
Exit from method [ProjectStatusServiceBean#updateProjectStatus]. Time spent: 0 ms. Return value: [ id=0 name=null description=Test entity isDeleted=false]
Enter into method [ProjectStatusServiceBean#updateProjectStatus]. Argument info: [ id=0 name=null description=Test entity isDeleted=false]. Entrance timestamp: 1221394881835
Exit from method [ProjectStatusServiceBean#updateProjectStatus]. Time spent: 0 ms. Return value: [ id=0 name=null description=Test entity isDeleted=false]
Enter into method [ProjectStatusServiceBean#deleteProjectStatus]. Argument info: [ id=0 name=null description=Test entity isDeleted=false]. Entrance timestamp: 1221394881835
Exit from method [ProjectStatusServiceBean#deleteProjectStatus]. Time spent: 0 ms. Return value: [ id=0 name=null description=Test entity isDeleted=false]
Enter into method [ProjectStatusServiceBean#createProjectStatus]. Argument info: [ id=0 name=null description=Test entity isDeleted=false]. Entrance timestamp: 1221394881835
Exit from method [ProjectStatusServiceBean#createProjectStatus]. Time spent: 1 ms. Return value: [ id=0 name=null description=Test entity isDeleted=false]
Enter into method [ProjectStatusServiceBean#updateProjectStatus]. Argument info: [ id=0 name=null description=Test entity isDeleted=false]. Entrance timestamp: 1221394881836
Exit from method [ProjectStatusServiceBean#updateProjectStatus]. Time spent: 0 ms. Return value: [ id=0 name=null description=Test entity isDeleted=false]
Enter into method [ProjectStatusServiceBean#updateProjectStatus]. Argument info: [ id=0 name=null description=Test entity isDeleted=false]. Entrance timestamp: 1221394881836
Exit from method [ProjectStatusServiceBean#updateProjectStatus]. Time spent: 0 ms. Return value: [ id=0 name=null description=Test entity isDeleted=false]
Enter into method [ProjectStatusServiceBean#updateProjectStatus]. Argument info: [ id=0 name=null description=Test entity isDeleted=false]. Entrance timestamp: 1221394881836
Exit from method [ProjectStatusServiceBean#updateProjectStatus]. Time spent: 0 ms. Return value: [ id=0 name=null description=Test entity isDeleted=false]
Enter into method [ProjectStatusServiceBean#updateProjectStatus]. Argument info: [ id=0 name=null description=Test entity isDeleted=false]. Entrance timestamp: 1221394881836
Exit from method [ProjectStatusServiceBean#updateProjectStatus]. Time spent: 0 ms. Return value: [ id=0 name=null description=Test entity isDeleted=false]
Enter into method [ProjectStatusServiceBean#updateProjectStatus]. Argument info: [ id=0 name=null description=Test entity isDeleted=false]. Entrance timestamp: 1221394881836
Exit from method [ProjectStatusServiceBean#updateProjectStatus]. Time spent: 0 ms. Return value: [ id=0 name=null description=Test entity isDeleted=false]
Enter into method [ProjectStatusServiceBean#updateProjectStatus]. Argument info: [ id=0 name=null description=Test entity isDeleted=false]. Entrance timestamp: 1221394881836
Exit from method [ProjectStatusServiceBean#updateProjectStatus]. Time spent: 0 ms. Return value: [ id=0 name=null description=Test entity isDeleted=false]
Enter into method [ProjectStatusServiceBean#createProjectStatus]. Argument info: [ id=0 name=null description=Test entity isDeleted=false]. Entrance timestamp: 1221394881836
Exit from method [ProjectStatusServiceBean#createProjectStatus]. Time spent: 0 ms. Return value: [ id=0 name=null description=Test entity isDeleted=false]
Enter into method [ProjectStatusServiceBean#deleteProjectStatus]. Argument info: [ id=0 name=null description=Test entity isDeleted=false]. Entrance timestamp: 1221394881836
Exit from method [ProjectStatusServiceBean#deleteProjectStatus]. Time spent: 0 ms. Return value: [ id=0 name=null description=Test entity isDeleted=false]
Enter into method [ProjectStatusServiceBean#deleteProjectStatus]. Argument info: [ id=0 name=null description=Test entity isDeleted=false]. Entrance timestamp: 1221394881836
Exit from method [ProjectStatusServiceBean#deleteProjectStatus]. Time spent: 0 ms. Return value: [ id=0 name=null description=Test entity isDeleted=false]
Enter into method [ProjectStatusServiceBean#createProjectStatus]. Argument info: [ id=0 name=null description=Test entity isDeleted=false]. Entrance timestamp: 1221394881836
Exit from method [ProjectStatusServiceBean#createProjectStatus]. Time spent: 0 ms. Return value: [ id=0 name=null description=Test entity isDeleted=false]
Enter into method [ProjectStatusServiceBean#deleteProjectStatus]. Argument info: [ id=0 name=null description=Test entity isDeleted=false]. Entrance timestamp: 1221394881836
Exit from method [ProjectStatusServiceBean#deleteProjectStatus]. Time spent: 0 ms. Return value: [ id=0 name=null description=Test entity isDeleted=false]
Enter into method [ProjectStatusServiceBean#createProjectStatus]. Argument info: [ id=0 name=null description=Test entity isDeleted=false]. Entrance timestamp: 1221394881836
Exit from method [ProjectStatusServiceBean#createProjectStatus]. Time spent: 0 ms. Return value: [ id=0 name=null description=Test entity isDeleted=false]
Enter into method [ProjectStatusServiceBean#updateProjectStatus]. Argument info: [ id=0 name=null description=Test entity isDeleted=false]. Entrance timestamp: 1221394881837
Exit from method [ProjectStatusServiceBean#updateProjectStatus]. Time spent: 0 ms. Return value: [ id=0 name=null description=Test entity isDeleted=false]
Enter into method [ProjectStatusServiceBean#createProjectStatus]. Argument info: [ id=0 name=null description=Test entity isDeleted=false]. Entrance timestamp: 1221394881837
Exit from method [ProjectStatusServiceBean#createProjectStatus]. Time spent: 0 ms. Return value: [ id=0 name=null description=Test entity isDeleted=false]
Enter into method [ProjectStatusServiceBean#updateProjectStatus]. Argument info: [ id=0 name=null description=Test entity isDeleted=false]. Entrance timestamp: 1221394881837
Exit from method [ProjectStatusServiceBean#updateProjectStatus]. Time spent: 0 ms. Return value: [ id=0 name=null description=Test entity isDeleted=false]
Enter into method [ProjectStatusServiceBean#deleteProjectStatus]. Argument info: [ id=0 name=null description=Test entity isDeleted=false]. Entrance timestamp: 1221394881837
Exit from method [ProjectStatusServiceBean#deleteProjectStatus]. Time spent: 0 ms. Return value: [ id=0 name=null description=Test entity isDeleted=false]
Enter into method [ProjectStatusServiceBean#updateProjectStatus]. Argument info: [ id=0 name=null description=Test entity isDeleted=false]. Entrance timestamp: 1221394881837
Exit from method [ProjectStatusServiceBean#updateProjectStatus]. Time spent: 0 ms. Return value: [ id=0 name=null description=Test entity isDeleted=false]
Enter into method [ProjectStatusServiceBean#updateProjectStatus]. Argument info: [ id=0 name=null description=Test entity isDeleted=false]. Entrance timestamp: 1221394881837
Exit from method [ProjectStatusServiceBean#updateProjectStatus]. Time spent: 0 ms. Return value: [ id=0 name=null description=Test entity isDeleted=false]
Enter into method [ProjectStatusServiceBean#updateProjectStatus]. Argument info: [ id=0 name=null description=Test entity isDeleted=false]. Entrance timestamp: 1221394881837
Exit from method [ProjectStatusServiceBean#updateProjectStatus]. Time spent: 0 ms. Return value: [ id=0 name=null description=Test entity isDeleted=false]
Enter into method [ProjectStatusServiceBean#updateProjectStatus]. Argument info: [ id=0 name=null description=Test entity isDeleted=false]. Entrance timestamp: 1221394881837
Exit from method [ProjectStatusServiceBean#updateProjectStatus]. Time spent: 0 ms. Return value: [ id=0 name=null description=Test entity isDeleted=false]
Enter into method [ProjectStatusServiceBean#createProjectStatus]. Argument info: [ id=0 name=null description=Test entity isDeleted=false]. Entrance timestamp: 1221394881837
Exit from method [ProjectStatusServiceBean#createProjectStatus]. Time spent: 0 ms. Return value: [ id=0 name=null description=Test entity isDeleted=false]
Enter into method [ProjectStatusServiceBean#createProjectStatus]. Argument info: [ id=0 name=null description=Test entity isDeleted=false]. Entrance timestamp: 1221394881837
Exit from method [ProjectStatusServiceBean#createProjectStatus]. Time spent: 0 ms. Return value: [ id=0 name=null description=Test entity isDeleted=false]
Enter into method [ProjectStatusServiceBean#deleteProjectStatus]. Argument info: [ id=0 name=null description=Test entity isDeleted=false]. Entrance timestamp: 1221394881837
Exit from method [ProjectStatusServiceBean#deleteProjectStatus]. Time spent: 0 ms. Return value: [ id=0 name=null description=Test entity isDeleted=false]
Enter into method [ProjectStatusServiceBean#createProjectStatus]. Argument info: [ id=0 name=null description=Test entity isDeleted=false]. Entrance timestamp: 1221394881837
Exit from method [ProjectStatusServiceBean#createProjectStatus]. Time spent: 0 ms. Return value: [ id=0 name=null description=Test entity isDeleted=false]
Enter into method [ProjectStatusServiceBean#createProjectStatus]. Argument info: [ id=0 name=null description=Test entity isDeleted=false]. Entrance timestamp: 1221394881837
Exit from method [ProjectStatusServiceBean#createProjectStatus]. Time spent: 0 ms. Return value: [ id=0 name=null description=Test entity isDeleted=false]
Enter into method [ProjectStatusServiceBean#createProjectStatus]. Argument info: [ id=0 name=null description=Test entity isDeleted=false]. Entrance timestamp: 1221394881837
Exit from method [ProjectStatusServiceBean#createProjectStatus]. Time spent: 0 ms. Return value: [ id=0 name=null description=Test entity isDeleted=false]
Enter into method [ProjectStatusServiceBean#createProjectStatus]. Argument info: [ id=0 name=null description=Test entity isDeleted=false]. Entrance timestamp: 1221394881837
Exit from method [ProjectStatusServiceBean#createProjectStatus]. Time spent: 0 ms. Return value: [ id=0 name=null description=Test entity isDeleted=false]
Enter into method [ProjectStatusServiceBean#deleteProjectStatus]. Argument info: [ id=0 name=null description=Test entity isDeleted=false]. Entrance timestamp: 1221394881837
Exit from method [ProjectStatusServiceBean#deleteProjectStatus]. Time spent: 0 ms. Return value: [ id=0 name=null description=Test entity isDeleted=false]
Enter into method [ProjectStatusServiceBean#updateProjectStatus]. Argument info: [ id=0 name=null description=Test entity isDeleted=false]. Entrance timestamp: 1221394881837
Exit from method [ProjectStatusServiceBean#updateProjectStatus]. Time spent: 0 ms. Return value: [ id=0 name=null description=Test entity isDeleted=false]
Enter into method [ProjectStatusServiceBean#createProjectStatus]. Argument info: [ id=0 name=null description=Test entity isDeleted=false]. Entrance timestamp: 1221394881837
Exit from method [ProjectStatusServiceBean#createProjectStatus]. Time spent: 0 ms. Return value: [ id=0 name=null description=Test entity isDeleted=false]
Enter into method [ProjectStatusServiceBean#deleteProjectStatus]. Argument info: [ id=0 name=null description=Test entity isDeleted=false]. Entrance timestamp: 1221394881837
Exit from method [ProjectStatusServiceBean#deleteProjectStatus]. Time spent: 0 ms. Return value: [ id=0 name=null description=Test entity isDeleted=false]
Enter into method [ProjectStatusServiceBean#updateProjectStatus]. Argument info: [ id=0 name=null description=Test entity isDeleted=false]. Entrance timestamp: 1221394881837
Exit from method [ProjectStatusServiceBean#updateProjectStatus]. Time spent: 0 ms. Return value: [ id=0 name=null description=Test entity isDeleted=false]
Enter into method [ProjectStatusServiceBean#createProjectStatus]. Argument info: [ id=0 name=null description=Test entity isDeleted=false]. Entrance timestamp: 1221394881837
Exit from method [ProjectStatusServiceBean#createProjectStatus]. Time spent: 0 ms. Return value: [ id=0 name=null description=Test entity isDeleted=false]
Enter into method [ProjectStatusServiceBean#deleteProjectStatus]. Argument info: [ id=0 name=null description=Test entity isDeleted=false]. Entrance timestamp: 1221394881837
Exit from method [ProjectStatusServiceBean#deleteProjectStatus]. Time spent: 0 ms. Return value: [ id=0 name=null description=Test entity isDeleted=false]
Enter into method [ProjectStatusServiceBean#updateProjectStatus]. Argument info: [ id=0 name=null description=Test entity isDeleted=false]. Entrance timestamp: 1221394881838
Exit from method [ProjectStatusServiceBean#updateProjectStatus]. Time spent: 0 ms. Return value: [ id=0 name=null description=Test entity isDeleted=false]
Enter into method [ProjectStatusServiceBean#createProjectStatus]. Argument info: [ id=0 name=null description=Test entity isDeleted=false]. Entrance timestamp: 1221394881838
Exit from method [ProjectStatusServiceBean#createProjectStatus]. Time spent: 0 ms. Return value: [ id=0 name=null description=Test entity isDeleted=false]
Enter into method [ProjectStatusServiceBean#deleteProjectStatus]. Argument info: [ id=0 name=null description=Test entity isDeleted=false]. Entrance timestamp: 1221394881838
Exit from method [ProjectStatusServiceBean#deleteProjectStatus]. Time spent: 0 ms. Return value: [ id=0 name=null description=Test entity isDeleted=false]
Enter into method [ProjectStatusServiceBean#updateProjectStatus]. Argument info: [ id=0 name=null description=Test entity isDeleted=false]. Entrance timestamp: 1221394881838
Exit from method [ProjectStatusServiceBean#updateProjectStatus]. Time spent: 0 ms. Return value: [ id=0 name=null description=Test entity isDeleted=false]
Enter into method [ProjectStatusServiceBean#updateProjectStatus]. Argument info: [ id=0 name=null description=Test entity isDeleted=false]. Entrance timestamp: 1221394881838
Exit from method [ProjectStatusServiceBean#updateProjectStatus]. Time spent: 0 ms. Return value: [ id=0 name=null description=Test entity isDeleted=false]
Enter into method [ProjectStatusServiceBean#updateProjectStatus]. Argument info: [ id=0 name=null description=Test entity isDeleted=false]. Entrance timestamp: 1221394881838
Exit from method [ProjectStatusServiceBean#updateProjectStatus]. Time spent: 0 ms. Return value: [ id=0 name=null description=Test entity isDeleted=false]
Enter into method [ProjectStatusServiceBean#deleteProjectStatus]. Argument info: [ id=0 name=null description=Test entity isDeleted=false]. Entrance timestamp: 1221394881838
Exit from method [ProjectStatusServiceBean#deleteProjectStatus]. Time spent: 0 ms. Return value: [ id=0 name=null description=Test entity isDeleted=false]
Enter into method [ProjectStatusServiceBean#createProjectStatus]. Argument info: [ id=0 name=null description=Test entity isDeleted=false]. Entrance timestamp: 1221394881838
Exit from method [ProjectStatusServiceBean#createProjectStatus]. Time spent: 0 ms. Return value: [ id=0 name=null description=Test entity isDeleted=false]
Enter into method [ProjectStatusServiceBean#deleteProjectStatus]. Argument info: [ id=0 name=null description=Test entity isDeleted=false]. Entrance timestamp: 1221394881838
Exit from method [ProjectStatusServiceBean#deleteProjectStatus]. Time spent: 0 ms. Return value: [ id=0 name=null description=Test entity isDeleted=false]
Enter into method [ProjectStatusServiceBean#deleteProjectStatus]. Argument info: [ id=0 name=null description=Test entity isDeleted=false]. Entrance timestamp: 1221394881838
Exit from method [ProjectStatusServiceBean#deleteProjectStatus]. Time spent: 0 ms. Return value: [ id=0 name=null description=Test entity isDeleted=false]
Enter into method [ProjectStatusServiceBean#updateProjectStatus]. Argument info: [ id=0 name=null description=Test entity isDeleted=false]. Entrance timestamp: 1221394881838
Exit from method [ProjectStatusServiceBean#updateProjectStatus]. Time spent: 0 ms. Return value: [ id=0 name=null description=Test entity isDeleted=false]
Enter into method [ProjectStatusServiceBean#createProjectStatus]. Argument info: [ id=0 name=null description=Test entity isDeleted=false]. Entrance timestamp: 1221394881838
Exit from method [ProjectStatusServiceBean#createProjectStatus]. Time spent: 0 ms. Return value: [ id=0 name=null description=Test entity isDeleted=false]
Enter into method [ProjectStatusServiceBean#createProjectStatus]. Argument info: [ id=0 name=null description=Test entity isDeleted=false]. Entrance timestamp: 1221394881838
Exit from method [ProjectStatusServiceBean#createProjectStatus]. Time spent: 0 ms. Return value: [ id=0 name=null description=Test entity isDeleted=false]
Enter into method [ProjectStatusServiceBean#updateProjectStatus]. Argument info: [ id=0 name=null description=Test entity isDeleted=false]. Entrance timestamp: 1221394881838
Exit from method [ProjectStatusServiceBean#updateProjectStatus]. Time spent: 0 ms. Return value: [ id=0 name=null description=Test entity isDeleted=false]
Enter into method [ProjectStatusServiceBean#updateProjectStatus]. Argument info: [ id=0 name=null description=Test entity isDeleted=false]. Entrance timestamp: 1221394881839
Exit from method [ProjectStatusServiceBean#updateProjectStatus]. Time spent: 0 ms. Return value: [ id=0 name=null description=Test entity isDeleted=false]
Enter into method [ProjectStatusServiceBean#createProjectStatus]. Argument info: [ id=0 name=null description=Test entity isDeleted=false]. Entrance timestamp: 1221394881839
Exit from method [ProjectStatusServiceBean#createProjectStatus]. Time spent: 0 ms. Return value: [ id=0 name=null description=Test entity isDeleted=false]
Enter into method [ProjectStatusServiceBean#updateProjectStatus]. Argument info: [ id=0 name=null description=Test entity isDeleted=false]. Entrance timestamp: 1221394881839
Exit from method [ProjectStatusServiceBean#updateProjectStatus]. Time spent: 0 ms. Return value: [ id=0 name=null description=Test entity isDeleted=false]
Enter into method [ProjectStatusServiceBean#createProjectStatus]. Argument info: [ id=0 name=null description=Test entity isDeleted=false]. Entrance timestamp: 1221394881839
Exit from method [ProjectStatusServiceBean#createProjectStatus]. Time spent: 0 ms. Return value: [ id=0 name=null description=Test entity isDeleted=false]
Enter into method [ProjectStatusServiceBean#updateProjectStatus]. Argument info: [ id=0 name=null description=Test entity isDeleted=false]. Entrance timestamp: 1221394881839
Exit from method [ProjectStatusServiceBean#updateProjectStatus]. Time spent: 0 ms. Return value: [ id=0 name=null description=Test entity isDeleted=false]
Enter into method [ProjectStatusServiceBean#updateProjectStatus]. Argument info: [ id=0 name=null description=Test entity isDeleted=false]. Entrance timestamp: 1221394881839
Exit from method [ProjectStatusServiceBean#updateProjectStatus]. Time spent: 0 ms. Return value: [ id=0 name=null description=Test entity isDeleted=false]
Enter into method [ProjectStatusServiceBean#createProjectStatus]. Argument info: [ id=0 name=null description=Test entity isDeleted=false]. Entrance timestamp: 1221394881839
Exit from method [ProjectStatusServiceBean#createProjectStatus]. Time spent: 0 ms. Return value: [ id=0 name=null description=Test entity isDeleted=false]
Enter into method [ProjectStatusServiceBean#updateProjectStatus]. Argument info: [ id=0 name=null description=Test entity isDeleted=false]. Entrance timestamp: 1221394881839
Exit from method [ProjectStatusServiceBean#updateProjectStatus]. Time spent: 0 ms. Return value: [ id=0 name=null description=Test entity isDeleted=false]
Enter into method [ProjectStatusServiceBean#createProjectStatus]. Argument info: [ id=0 name=null description=Test entity isDeleted=false]. Entrance timestamp: 1221394881839
Exit from method [ProjectStatusServiceBean#createProjectStatus]. Time spent: 0 ms. Return value: [ id=0 name=null description=Test entity isDeleted=false]
Enter into method [ProjectStatusServiceBean#createProjectStatus]. Argument info: [ id=0 name=null description=Test entity isDeleted=false]. Entrance timestamp: 1221394881839
Exit from method [ProjectStatusServiceBean#createProjectStatus]. Time spent: 0 ms. Return value: [ id=0 name=null description=Test entity isDeleted=false]
Enter into method [ProjectStatusServiceBean#createProjectStatus]. Argument info: [ id=0 name=null description=Test entity isDeleted=false]. Entrance timestamp: 1221394881839
Exit from method [ProjectStatusServiceBean#createProjectStatus]. Time spent: 0 ms. Return value: [ id=0 name=null description=Test entity isDeleted=false]
Enter into method [ProjectStatusServiceBean#createProjectStatus]. Argument info: [ id=0 name=null description=Test entity isDeleted=false]. Entrance timestamp: 1221394881839
Exit from method [ProjectStatusServiceBean#createProjectStatus]. Time spent: 0 ms. Return value: [ id=0 name=null description=Test entity isDeleted=false]
Enter into method [ProjectStatusServiceBean#deleteProjectStatus]. Argument info: [ id=0 name=null description=Test entity isDeleted=false]. Entrance timestamp: 1221394881839
Exit from method [ProjectStatusServiceBean#deleteProjectStatus]. Time spent: 0 ms. Return value: [ id=0 name=null description=Test entity isDeleted=false]
Enter into method [ProjectStatusServiceBean#updateProjectStatus]. Argument info: [ id=0 name=null description=Test entity isDeleted=false]. Entrance timestamp: 1221394881839
Exit from method [ProjectStatusServiceBean#updateProjectStatus]. Time spent: 0 ms. Return value: [ id=0 name=null description=Test entity isDeleted=false]
Enter into method [ProjectStatusServiceBean#updateProjectStatus]. Argument info: [ id=0 name=null description=Test entity isDeleted=false]. Entrance timestamp: 1221394881839
Exit from method [ProjectStatusServiceBean#updateProjectStatus]. Time spent: 0 ms. Return value: [ id=0 name=null description=Test entity isDeleted=false]
Enter into method [ProjectStatusServiceBean#createProjectStatus]. Argument info: [ id=0 name=null description=Test entity isDeleted=false]. Entrance timestamp: 1221394881839
Exit from method [ProjectStatusServiceBean#createProjectStatus]. Time spent: 0 ms. Return value: [ id=0 name=null description=Test entity isDeleted=false]
Enter into method [ProjectStatusServiceBean#updateProjectStatus]. Argument info: [ id=0 name=null description=Test entity isDeleted=false]. Entrance timestamp: 1221394881839
Exit from method [ProjectStatusServiceBean#updateProjectStatus]. Time spent: 0 ms. Return value: [ id=0 name=null description=Test entity isDeleted=false]
Enter into method [ProjectStatusServiceBean#updateProjectStatus]. Argument info: [ id=0 name=null description=Test entity isDeleted=false]. Entrance timestamp: 1221394881839
Exit from method [ProjectStatusServiceBean#updateProjectStatus]. Time spent: 0 ms. Return value: [ id=0 name=null description=Test entity isDeleted=false]
Enter into method [ProjectStatusServiceBean#createProjectStatus]. Argument info: [ id=0 name=null description=Test entity isDeleted=false]. Entrance timestamp: 1221394881839
Exit from method [ProjectStatusServiceBean#createProjectStatus]. Time spent: 0 ms. Return value: [ id=0 name=null description=Test entity isDeleted=false]
Enter into method [ProjectStatusServiceBean#updateProjectStatus]. Argument info: [ id=0 name=null description=Test entity isDeleted=false]. Entrance timestamp: 1221394881839
Exit from method [ProjectStatusServiceBean#updateProjectStatus]. Time spent: 0 ms. Return value: [ id=0 name=null description=Test entity isDeleted=false]
Enter into method [ProjectStatusServiceBean#createProjectStatus]. Argument info: [ id=0 name=null description=Test entity isDeleted=false]. Entrance timestamp: 1221394881839
Exit from method [ProjectStatusServiceBean#createProjectStatus]. Time spent: 0 ms. Return value: [ id=0 name=null description=Test entity isDeleted=false]
Enter into method [ProjectStatusServiceBean#createProjectStatus]. Argument info: [ id=0 name=null description=Test entity isDeleted=false]. Entrance timestamp: 1221394881839
Exit from method [ProjectStatusServiceBean#createProjectStatus]. Time spent: 0 ms. Return value: [ id=0 name=null description=Test entity isDeleted=false]
Enter into method [ProjectStatusServiceBean#updateProjectStatus]. Argument info: [ id=0 name=null description=Test entity isDeleted=false]. Entrance timestamp: 1221394881839
Exit from method [ProjectStatusServiceBean#updateProjectStatus]. Time spent: 0 ms. Return value: [ id=0 name=null description=Test entity isDeleted=false]
Enter into method [ProjectStatusServiceBean#createProjectStatus]. Argument info: [ id=0 name=null description=Test entity isDeleted=false]. Entrance timestamp: 1221394881839
Exit from method [ProjectStatusServiceBean#createProjectStatus]. Time spent: 0 ms. Return value: [ id=0 name=null description=Test entity isDeleted=false]
Enter into method [ProjectStatusServiceBean#createProjectStatus]. Argument info: [ id=0 name=null description=Test entity isDeleted=false]. Entrance timestamp: 1221394881839
Exit from method [ProjectStatusServiceBean#createProjectStatus]. Time spent: 0 ms. Return value: [ id=0 name=null description=Test entity isDeleted=false]
Enter into method [ProjectStatusServiceBean#deleteProjectStatus]. Argument info: [ id=0 name=null description=Test entity isDeleted=false]. Entrance timestamp: 1221394881839
Exit from method [ProjectStatusServiceBean#deleteProjectStatus]. Time spent: 0 ms. Return value: [ id=0 name=null description=Test entity isDeleted=false]
Enter into method [ProjectStatusServiceBean#updateProjectStatus]. Argument info: [ id=0 name=null description=Test entity isDeleted=false]. Entrance timestamp: 1221394881840
Exit from method [ProjectStatusServiceBean#updateProjectStatus]. Time spent: 0 ms. Return value: [ id=0 name=null description=Test entity isDeleted=false]
Enter into method [ProjectStatusServiceBean#deleteProjectStatus]. Argument info: [ id=0 name=null description=Test entity isDeleted=false]. Entrance timestamp: 1221394881840
Exit from method [ProjectStatusServiceBean#deleteProjectStatus]. Time spent: 0 ms. Return value: [ id=0 name=null description=Test entity isDeleted=false]
Enter into method [ProjectStatusServiceBean#deleteProjectStatus]. Argument info: [ id=0 name=null description=Test entity isDeleted=false]. Entrance timestamp: 1221394881840
Exit from method [ProjectStatusServiceBean#deleteProjectStatus]. Time spent: 0 ms. Return value: [ id=0 name=null description=Test entity isDeleted=false]
Enter into method [ProjectStatusServiceBean#deleteProjectStatus]. Argument info: [ id=0 name=null description=Test entity isDeleted=false]. Entrance timestamp: 1221394881840
Exit from method [ProjectStatusServiceBean#deleteProjectStatus]. Time spent: 0 ms. Return value: [ id=0 name=null description=Test entity isDeleted=false]
Enter into method [ProjectStatusServiceBean#updateProjectStatus]. Argument info: [ id=0 name=null description=Test entity isDeleted=false]. Entrance timestamp: 1221394881840
Exit from method [ProjectStatusServiceBean#updateProjectStatus]. Time spent: 0 ms. Return value: [ id=0 name=null description=Test entity isDeleted=false]
Enter into method [ProjectStatusServiceBean#createProjectStatus]. Argument info: [ id=0 name=null description=Test entity isDeleted=false]. Entrance timestamp: 1221394881840
Exit from method [ProjectStatusServiceBean#createProjectStatus]. Time spent: 0 ms. Return value: [ id=0 name=null description=Test entity isDeleted=false]
Enter into method [ProjectStatusServiceBean#updateProjectStatus]. Argument info: [ id=0 name=null description=Test entity isDeleted=false]. Entrance timestamp: 1221394881840
Exit from method [ProjectStatusServiceBean#updateProjectStatus]. Time spent: 0 ms. Return value: [ id=0 name=null description=Test entity isDeleted=false]
Enter into method [ProjectStatusServiceBean#updateProjectStatus]. Argument info: [ id=0 name=null description=Test entity isDeleted=false]. Entrance timestamp: 1221394881840
Exit from method [ProjectStatusServiceBean#updateProjectStatus]. Time spent: 0 ms. Return value: [ id=0 name=null description=Test entity isDeleted=false]
Enter into method [ProjectStatusServiceBean#deleteProjectStatus]. Argument info: [ id=0 name=null description=Test entity isDeleted=false]. Entrance timestamp: 1221394881840
Exit from method [ProjectStatusServiceBean#deleteProjectStatus]. Time spent: 0 ms. Return value: [ id=0 name=null description=Test entity isDeleted=false]
Enter into method [ProjectStatusServiceBean#deleteProjectStatus]. Argument info: [ id=0 name=null description=Test entity isDeleted=false]. Entrance timestamp: 1221394881840
Exit from method [ProjectStatusServiceBean#deleteProjectStatus]. Time spent: 0 ms. Return value: [ id=0 name=null description=Test entity isDeleted=false]
Enter into method [ProjectStatusServiceBean#updateProjectStatus]. Argument info: [ id=0 name=null description=Test entity isDeleted=false]. Entrance timestamp: 1221394881840
Exit from method [ProjectStatusServiceBean#updateProjectStatus]. Time spent: 0 ms. Return value: [ id=0 name=null description=Test entity isDeleted=false]
Enter into method [ProjectStatusServiceBean#updateProjectStatus]. Argument info: [ id=0 name=null description=Test entity isDeleted=false]. Entrance timestamp: 1221394881840
Exit from method [ProjectStatusServiceBean#updateProjectStatus]. Time spent: 0 ms. Return value: [ id=0 name=null description=Test entity isDeleted=false]
Enter into method [ProjectStatusServiceBean#updateProjectStatus]. Argument info: [ id=0 name=null description=Test entity isDeleted=false]. Entrance timestamp: 1221394881840
Exit from method [ProjectStatusServiceBean#updateProjectStatus]. Time spent: 0 ms. Return value: [ id=0 name=null description=Test entity isDeleted=false]
Enter into method [ProjectStatusServiceBean#updateProjectStatus]. Argument info: [ id=0 name=null description=Test entity isDeleted=false]. Entrance timestamp: 1221394881840
Exit from method [ProjectStatusServiceBean#updateProjectStatus]. Time spent: 0 ms. Return value: [ id=0 name=null description=Test entity isDeleted=false]
Enter into method [ProjectStatusServiceBean#deleteProjectStatus]. Argument info: [ id=0 name=null description=Test entity isDeleted=false]. Entrance timestamp: 1221394881840
Exit from method [ProjectStatusServiceBean#deleteProjectStatus]. Time spent: 0 ms. Return value: [ id=0 name=null description=Test entity isDeleted=false]
Enter into method [ProjectStatusServiceBean#updateProjectStatus]. Argument info: [ id=0 name=null description=Test entity isDeleted=false]. Entrance timestamp: 1221394881840
Exit from method [ProjectStatusServiceBean#updateProjectStatus]. Time spent: 0 ms. Return value: [ id=0 name=null description=Test entity isDeleted=false]
Enter into method [ProjectStatusServiceBean#deleteProjectStatus]. Argument info: [ id=0 name=null description=Test entity isDeleted=false]. Entrance timestamp: 1221394881840
Exit from method [ProjectStatusServiceBean#deleteProjectStatus]. Time spent: 0 ms. Return value: [ id=0 name=null description=Test entity isDeleted=false]
Enter into method [ProjectStatusServiceBean#createProjectStatus]. Argument info: [ id=0 name=null description=Test entity isDeleted=false]. Entrance timestamp: 1221394881840
Exit from method [ProjectStatusServiceBean#createProjectStatus]. Time spent: 0 ms. Return value: [ id=0 name=null description=Test entity isDeleted=false]
Enter into method [ProjectStatusServiceBean#createProjectStatus]. Argument info: [ id=0 name=null description=Test entity isDeleted=false]. Entrance timestamp: 1221394881840
Exit from method [ProjectStatusServiceBean#createProjectStatus]. Time spent: 0 ms. Return value: [ id=0 name=null description=Test entity isDeleted=false]
Enter into method [ProjectStatusServiceBean#deleteProjectStatus]. Argument info: [ id=0 name=null description=Test entity isDeleted=false]. Entrance timestamp: 1221394881840
Exit from method [ProjectStatusServiceBean#deleteProjectStatus]. Time spent: 0 ms. Return value: [ id=0 name=null description=Test entity isDeleted=false]
Enter into method [ProjectStatusServiceBean#createProjectStatus]. Argument info: [ id=0 name=null description=Test entity isDeleted=false]. Entrance timestamp: 1221394881840
Exit from method [ProjectStatusServiceBean#createProjectStatus]. Time spent: 0 ms. Return value: [ id=0 name=null description=Test entity isDeleted=false]
Enter into method [ProjectStatusServiceBean#createProjectStatus]. Argument info: [ id=0 name=null description=Test entity isDeleted=false]. Entrance timestamp: 1221394881840
Exit from method [ProjectStatusServiceBean#createProjectStatus]. Time spent: 0 ms. Return value: [ id=0 name=null description=Test entity isDeleted=false]
Enter into method [ProjectStatusServiceBean#updateProjectStatus]. Argument info: [ id=0 name=null description=Test entity isDeleted=false]. Entrance timestamp: 1221394881840
Exit from method [ProjectStatusServiceBean#updateProjectStatus]. Time spent: 0 ms. Return value: [ id=0 name=null description=Test entity isDeleted=false]
Enter into method [ProjectStatusServiceBean#updateProjectStatus]. Argument info: [ id=0 name=null description=Test entity isDeleted=false]. Entrance timestamp: 1221394881840
Exit from method [ProjectStatusServiceBean#updateProjectStatus]. Time spent: 0 ms. Return value: [ id=0 name=null description=Test entity isDeleted=false]
Enter into method [ProjectStatusServiceBean#updateProjectStatus]. Argument info: [ id=0 name=null description=Test entity isDeleted=false]. Entrance timestamp: 1221394881840
Exit from method [ProjectStatusServiceBean#updateProjectStatus]. Time spent: 0 ms. Return value: [ id=0 name=null description=Test entity isDeleted=false]
Enter into method [ProjectStatusServiceBean#deleteProjectStatus]. Argument info: [ id=0 name=null description=Test entity isDeleted=false]. Entrance timestamp: 1221394881840
Exit from method [ProjectStatusServiceBean#deleteProjectStatus]. Time spent: 0 ms. Return value: [ id=0 name=null description=Test entity isDeleted=false]
Enter into method [ProjectStatusServiceBean#createProjectStatus]. Argument info: [ id=0 name=null description=Test entity isDeleted=false]. Entrance timestamp: 1221394881840
Exit from method [ProjectStatusServiceBean#createProjectStatus]. Time spent: 0 ms. Return value: [ id=0 name=null description=Test entity isDeleted=false]
Enter into method [ProjectStatusServiceBean#createProjectStatus]. Argument info: [ id=0 name=null description=Test entity isDeleted=false]. Entrance timestamp: 1221394881841
Exit from method [ProjectStatusServiceBean#createProjectStatus]. Time spent: 0 ms. Return value: [ id=0 name=null description=Test entity isDeleted=false]
Enter into method [ProjectStatusServiceBean#deleteProjectStatus]. Argument info: [ id=0 name=null description=Test entity isDeleted=false]. Entrance timestamp: 1221394881841
Exit from method [ProjectStatusServiceBean#deleteProjectStatus]. Time spent: 0 ms. Return value: [ id=0 name=null description=Test entity isDeleted=false]
Enter into method [ProjectStatusServiceBean#updateProjectStatus]. Argument info: [ id=0 name=null description=Test entity isDeleted=false]. Entrance timestamp: 1221394881841
Exit from method [ProjectStatusServiceBean#updateProjectStatus]. Time spent: 0 ms. Return value: [ id=0 name=null description=Test entity isDeleted=false]
Enter into method [ProjectStatusServiceBean#createProjectStatus]. Argument info: [ id=0 name=null description=Test entity isDeleted=false]. Entrance timestamp: 1221394881841
Exit from method [ProjectStatusServiceBean#createProjectStatus]. Time spent: 0 ms. Return value: [ id=0 name=null description=Test entity isDeleted=false]
Enter into method [ProjectStatusServiceBean#deleteProjectStatus]. Argument info: [ id=0 name=null description=Test entity isDeleted=false]. Entrance timestamp: 1221394881841
Exit from method [ProjectStatusServiceBean#deleteProjectStatus]. Time spent: 0 ms. Return value: [ id=0 name=null description=Test entity isDeleted=false]
Enter into method [ProjectStatusServiceBean#createProjectStatus]. Argument info: [ id=0 name=null description=Test entity isDeleted=false]. Entrance timestamp: 1221394881841
Exit from method [ProjectStatusServiceBean#createProjectStatus]. Time spent: 0 ms. Return value: [ id=0 name=null description=Test entity isDeleted=false]
Enter into method [ProjectStatusServiceBean#createProjectStatus]. Argument info: [ id=0 name=null description=Test entity isDeleted=false]. Entrance timestamp: 1221394881841
Exit from method [ProjectStatusServiceBean#createProjectStatus]. Time spent: 0 ms. Return value: [ id=0 name=null description=Test entity isDeleted=false]
Enter into method [ProjectStatusServiceBean#updateProjectStatus]. Argument info: [ id=0 name=null description=Test entity isDeleted=false]. Entrance timestamp: 1221394881841
Exit from method [ProjectStatusServiceBean#updateProjectStatus]. Time spent: 0 ms. Return value: [ id=0 name=null description=Test entity isDeleted=false]
Enter into method [ProjectStatusServiceBean#deleteProjectStatus]. Argument info: [ id=0 name=null description=Test entity isDeleted=false]. Entrance timestamp: 1221394881841
Exit from method [ProjectStatusServiceBean#deleteProjectStatus]. Time spent: 0 ms. Return value: [ id=0 name=null description=Test entity isDeleted=false]
Enter into method [ProjectStatusServiceBean#createProjectStatus]. Argument info: [ id=0 name=null description=Test entity isDeleted=false]. Entrance timestamp: 1221394881841
Exit from method [ProjectStatusServiceBean#createProjectStatus]. Time spent: 0 ms. Return value: [ id=0 name=null description=Test entity isDeleted=false]
Enter into method [ProjectStatusServiceBean#createProjectStatus]. Argument info: [ id=0 name=null description=Test entity isDeleted=false]. Entrance timestamp: 1221394881841
Exit from method [ProjectStatusServiceBean#createProjectStatus]. Time spent: 0 ms. Return value: [ id=0 name=null description=Test entity isDeleted=false]
Enter into method [ProjectStatusServiceBean#updateProjectStatus]. Argument info: [ id=0 name=null description=Test entity isDeleted=false]. Entrance timestamp: 1221394881841
Exit from method [ProjectStatusServiceBean#updateProjectStatus]. Time spent: 0 ms. Return value: [ id=0 name=null description=Test entity isDeleted=false]
Enter into method [ProjectStatusServiceBean#deleteProjectStatus]. Argument info: [ id=0 name=null description=Test entity isDeleted=false]. Entrance timestamp: 1221394881841
Exit from method [ProjectStatusServiceBean#deleteProjectStatus]. Time spent: 0 ms. Return value: [ id=0 name=null description=Test entity isDeleted=false]
Enter into method [ProjectStatusServiceBean#updateProjectStatus]. Argument info: [ id=0 name=null description=Test entity isDeleted=false]. Entrance timestamp: 1221394881841
Exit from method [ProjectStatusServiceBean#updateProjectStatus]. Time spent: 0 ms. Return value: [ id=0 name=null description=Test entity isDeleted=false]
Enter into method [ProjectStatusServiceBean#deleteProjectStatus]. Argument info: [ id=0 name=null description=Test entity isDeleted=false]. Entrance timestamp: 1221394881841
Exit from method [ProjectStatusServiceBean#deleteProjectStatus]. Time spent: 0 ms. Return value: [ id=0 name=null description=Test entity isDeleted=false]
Enter into method [ProjectStatusServiceBean#updateProjectStatus]. Argument info: [ id=0 name=null description=Test entity isDeleted=false]. Entrance timestamp: 1221394881841
Exit from method [ProjectStatusServiceBean#updateProjectStatus]. Time spent: 0 ms. Return value: [ id=0 name=null description=Test entity isDeleted=false]
Enter into method [ProjectStatusServiceBean#createProjectStatus]. Argument info: [ id=0 name=null description=Test entity isDeleted=false]. Entrance timestamp: 1221394881841
Exit from method [ProjectStatusServiceBean#createProjectStatus]. Time spent: 0 ms. Return value: [ id=0 name=null description=Test entity isDeleted=false]
Enter into method [ProjectStatusServiceBean#deleteProjectStatus]. Argument info: [ id=0 name=null description=Test entity isDeleted=false]. Entrance timestamp: 1221394881841
Exit from method [ProjectStatusServiceBean#deleteProjectStatus]. Time spent: 1 ms. Return value: [ id=0 name=null description=Test entity isDeleted=false]
Enter into method [ProjectStatusServiceBean#deleteProjectStatus]. Argument info: [ id=0 name=null description=Test entity isDeleted=false]. Entrance timestamp: 1221394881842
Exit from method [ProjectStatusServiceBean#deleteProjectStatus]. Time spent: 0 ms. Return value: [ id=0 name=null description=Test entity isDeleted=false]
Enter into method [ProjectStatusServiceBean#createProjectStatus]. Argument info: [ id=0 name=null description=Test entity isDeleted=false]. Entrance timestamp: 1221394881842
Exit from method [ProjectStatusServiceBean#createProjectStatus]. Time spent: 0 ms. Return value: [ id=0 name=null description=Test entity isDeleted=false]
Enter into method [ProjectStatusServiceBean#deleteProjectStatus]. Argument info: [ id=0 name=null description=Test entity isDeleted=false]. Entrance timestamp: 1221394881842
Exit from method [ProjectStatusServiceBean#deleteProjectStatus]. Time spent: 0 ms. Return value: [ id=0 name=null description=Test entity isDeleted=false]
Enter into method [ProjectStatusServiceBean#deleteProjectStatus]. Argument info: [ id=0 name=null description=Test entity isDeleted=false]. Entrance timestamp: 1221394881842
Exit from method [ProjectStatusServiceBean#deleteProjectStatus]. Time spent: 0 ms. Return value: [ id=0 name=null description=Test entity isDeleted=false]
Enter into method [ProjectStatusServiceBean#deleteProjectStatus]. Argument info: [ id=0 name=null description=Test entity isDeleted=false]. Entrance timestamp: 1221394881842
Exit from method [ProjectStatusServiceBean#deleteProjectStatus]. Time spent: 0 ms. Return value: [ id=0 name=null description=Test entity isDeleted=false]
Enter into method [ProjectStatusServiceBean#updateProjectStatus]. Argument info: [ id=0 name=null description=Test entity isDeleted=false]. Entrance timestamp: 1221394881842
Exit from method [ProjectStatusServiceBean#updateProjectStatus]. Time spent: 0 ms. Return value: [ id=0 name=null description=Test entity isDeleted=false]
Enter into method [ProjectStatusServiceBean#createProjectStatus]. Argument info: [ id=0 name=null description=Test entity isDeleted=false]. Entrance timestamp: 1221394881842
Exit from method [ProjectStatusServiceBean#createProjectStatus]. Time spent: 0 ms. Return value: [ id=0 name=null description=Test entity isDeleted=false]
Enter into method [ProjectStatusServiceBean#deleteProjectStatus]. Argument info: [ id=0 name=null description=Test entity isDeleted=false]. Entrance timestamp: 1221394881842
Exit from method [ProjectStatusServiceBean#deleteProjectStatus]. Time spent: 0 ms. Return value: [ id=0 name=null description=Test entity isDeleted=false]
Enter into method [ProjectStatusServiceBean#createProjectStatus]. Argument info: [ id=0 name=null description=Test entity isDeleted=false]. Entrance timestamp: 1221394881842
Exit from method [ProjectStatusServiceBean#createProjectStatus]. Time spent: 0 ms. Return value: [ id=0 name=null description=Test entity isDeleted=false]
Enter into method [ProjectStatusServiceBean#createProjectStatus]. Argument info: [ id=0 name=null description=Test entity isDeleted=false]. Entrance timestamp: 1221394881842
Exit from method [ProjectStatusServiceBean#createProjectStatus]. Time spent: 0 ms. Return value: [ id=0 name=null description=Test entity isDeleted=false]
Enter into method [ProjectStatusServiceBean#deleteProjectStatus]. Argument info: [ id=0 name=null description=Test entity isDeleted=false]. Entrance timestamp: 1221394881842
Exit from method [ProjectStatusServiceBean#deleteProjectStatus]. Time spent: 0 ms. Return value: [ id=0 name=null description=Test entity isDeleted=false]
Enter into method [ProjectStatusServiceBean#updateProjectStatus]. Argument info: [ id=0 name=null description=Test entity isDeleted=false]. Entrance timestamp: 1221394881842
Exit from method [ProjectStatusServiceBean#updateProjectStatus]. Time spent: 0 ms. Return value: [ id=0 name=null description=Test entity isDeleted=false]
Enter into method [ProjectStatusServiceBean#deleteProjectStatus]. Argument info: [ id=0 name=null description=Test entity isDeleted=false]. Entrance timestamp: 1221394881842
Exit from method [ProjectStatusServiceBean#deleteProjectStatus]. Time spent: 0 ms. Return value: [ id=0 name=null description=Test entity isDeleted=false]
Enter into method [ProjectStatusServiceBean#deleteProjectStatus]. Argument info: [ id=0 name=null description=Test entity isDeleted=false]. Entrance timestamp: 1221394881842
Exit from method [ProjectStatusServiceBean#deleteProjectStatus]. Time spent: 0 ms. Return value: [ id=0 name=null description=Test entity isDeleted=false]
Enter into method [ProjectStatusServiceBean#createProjectStatus]. Argument info: [ id=0 name=null description=Test entity isDeleted=false]. Entrance timestamp: 1221394881842
Exit from method [ProjectStatusServiceBean#createProjectStatus]. Time spent: 0 ms. Return value: [ id=0 name=null description=Test entity isDeleted=false]
Enter into method [ProjectStatusServiceBean#deleteProjectStatus]. Argument info: [ id=0 name=null description=Test entity isDeleted=false]. Entrance timestamp: 1221394881842
Exit from method [ProjectStatusServiceBean#deleteProjectStatus]. Time spent: 0 ms. Return value: [ id=0 name=null description=Test entity isDeleted=false]
Enter into method [ProjectStatusServiceBean#createProjectStatus]. Argument info: [ id=0 name=null description=Test entity isDeleted=false]. Entrance timestamp: 1221394881842
Exit from method [ProjectStatusServiceBean#createProjectStatus]. Time spent: 0 ms. Return value: [ id=0 name=null description=Test entity isDeleted=false]
Enter into method [ProjectStatusServiceBean#updateProjectStatus]. Argument info: [ id=0 name=null description=Test entity isDeleted=false]. Entrance timestamp: 1221394881842
Exit from method [ProjectStatusServiceBean#updateProjectStatus]. Time spent: 0 ms. Return value: [ id=0 name=null description=Test entity isDeleted=false]
Enter into method [ProjectStatusServiceBean#createProjectStatus]. Argument info: [ id=0 name=null description=Test entity isDeleted=false]. Entrance timestamp: 1221394881842
Exit from method [ProjectStatusServiceBean#createProjectStatus]. Time spent: 0 ms. Return value: [ id=0 name=null description=Test entity isDeleted=false]
Enter into method [ProjectStatusServiceBean#createProjectStatus]. Argument info: [ id=0 name=null description=Test entity isDeleted=false]. Entrance timestamp: 1221394881842
Exit from method [ProjectStatusServiceBean#createProjectStatus]. Time spent: 0 ms. Return value: [ id=0 name=null description=Test entity isDeleted=false]
Enter into method [ProjectStatusServiceBean#createProjectStatus]. Argument info: [ id=0 name=null description=Test entity isDeleted=false]. Entrance timestamp: 1221394881842
Exit from method [ProjectStatusServiceBean#createProjectStatus]. Time spent: 0 ms. Return value: [ id=0 name=null description=Test entity isDeleted=false]
Enter into method [ProjectStatusServiceBean#createProjectStatus]. Argument info: [ id=0 name=null description=Test entity isDeleted=false]. Entrance timestamp: 1221394881842
Exit from method [ProjectStatusServiceBean#createProjectStatus]. Time spent: 0 ms. Return value: [ id=0 name=null description=Test entity isDeleted=false]
Enter into method [ProjectStatusServiceBean#updateProjectStatus]. Argument info: [ id=0 name=null description=Test entity isDeleted=false]. Entrance timestamp: 1221394881842
Exit from method [ProjectStatusServiceBean#updateProjectStatus]. Time spent: 0 ms. Return value: [ id=0 name=null description=Test entity isDeleted=false]
Enter into method [ProjectStatusServiceBean#updateProjectStatus]. Argument info: [ id=0 name=null description=Test entity isDeleted=false]. Entrance timestamp: 1221394881842
Exit from method [ProjectStatusServiceBean#updateProjectStatus]. Time spent: 0 ms. Return value: [ id=0 name=null description=Test entity isDeleted=false]
Enter into method [ProjectStatusServiceBean#deleteProjectStatus]. Argument info: [ id=0 name=null description=Test entity isDeleted=false]. Entrance timestamp: 1221394881842
Exit from method [ProjectStatusServiceBean#deleteProjectStatus]. Time spent: 0 ms. Return value: [ id=0 name=null description=Test entity isDeleted=false]
Enter into method [ProjectStatusServiceBean#createProjectStatus]. Argument info: [ id=0 name=null description=Test entity isDeleted=false]. Entrance timestamp: 1221394881843
Exit from method [ProjectStatusServiceBean#createProjectStatus]. Time spent: 0 ms. Return value: [ id=0 name=null description=Test entity isDeleted=false]
Enter into method [ProjectStatusServiceBean#createProjectStatus]. Argument info: [ id=0 name=null description=Test entity isDeleted=false]. Entrance timestamp: 1221394881843
Exit from method [ProjectStatusServiceBean#createProjectStatus]. Time spent: 0 ms. Return value: [ id=0 name=null description=Test entity isDeleted=false]
Enter into method [ProjectStatusServiceBean#updateProjectStatus]. Argument info: [ id=0 name=null description=Test entity isDeleted=false]. Entrance timestamp: 1221394881843
Exit from method [ProjectStatusServiceBean#updateProjectStatus]. Time spent: 0 ms. Return value: [ id=0 name=null description=Test entity isDeleted=false]
Enter into method [ProjectStatusServiceBean#updateProjectStatus]. Argument info: [ id=0 name=null description=Test entity isDeleted=false]. Entrance timestamp: 1221394881843
Exit from method [ProjectStatusServiceBean#updateProjectStatus]. Time spent: 0 ms. Return value: [ id=0 name=null description=Test entity isDeleted=false]
Enter into method [ProjectStatusServiceBean#updateProjectStatus]. Argument info: [ id=0 name=null description=Test entity isDeleted=false]. Entrance timestamp: 1221394881843
Exit from method [ProjectStatusServiceBean#updateProjectStatus]. Time spent: 0 ms. Return value: [ id=0 name=null description=Test entity isDeleted=false]
Enter into method [ProjectStatusServiceBean#deleteProjectStatus]. Argument info: [ id=0 name=null description=Test entity isDeleted=false]. Entrance timestamp: 1221394881843
Exit from method [ProjectStatusServiceBean#deleteProjectStatus]. Time spent: 0 ms. Return value: [ id=0 name=null description=Test entity isDeleted=false]
Enter into method [ProjectStatusServiceBean#createProjectStatus]. Argument info: [ id=0 name=null description=Test entity isDeleted=false]. Entrance timestamp: 1221394881843
Exit from method [ProjectStatusServiceBean#createProjectStatus]. Time spent: 0 ms. Return value: [ id=0 name=null description=Test entity isDeleted=false]
Enter into method [ProjectStatusServiceBean#createProjectStatus]. Argument info: [ id=0 name=null description=Test entity isDeleted=false]. Entrance timestamp: 1221394881843
Exit from method [ProjectStatusServiceBean#createProjectStatus]. Time spent: 0 ms. Return value: [ id=0 name=null description=Test entity isDeleted=false]
Enter into method [ProjectStatusServiceBean#deleteProjectStatus]. Argument info: [ id=0 name=null description=Test entity isDeleted=false]. Entrance timestamp: 1221394881843
Exit from method [ProjectStatusServiceBean#deleteProjectStatus]. Time spent: 0 ms. Return value: [ id=0 name=null description=Test entity isDeleted=false]
Enter into method [ProjectStatusServiceBean#deleteProjectStatus]. Argument info: [ id=0 name=null description=Test entity isDeleted=false]. Entrance timestamp: 1221394881843
Exit from method [ProjectStatusServiceBean#deleteProjectStatus]. Time spent: 0 ms. Return value: [ id=0 name=null description=Test entity isDeleted=false]
Enter into method [ProjectStatusServiceBean#createProjectStatus]. Argument info: [ id=0 name=null description=Test entity isDeleted=false]. Entrance timestamp: 1221394881843
Exit from method [ProjectStatusServiceBean#createProjectStatus]. Time spent: 0 ms. Return value: [ id=0 name=null description=Test entity isDeleted=false]
Enter into method [ProjectStatusServiceBean#createProjectStatus]. Argument info: [ id=0 name=null description=Test entity isDeleted=false]. Entrance timestamp: 1221394881843
Exit from method [ProjectStatusServiceBean#createProjectStatus]. Time spent: 0 ms. Return value: [ id=0 name=null description=Test entity isDeleted=false]
Enter into method [ProjectStatusServiceBean#deleteProjectStatus]. Argument info: [ id=0 name=null description=Test entity isDeleted=false]. Entrance timestamp: 1221394881843
Exit from method [ProjectStatusServiceBean#deleteProjectStatus]. Time spent: 0 ms. Return value: [ id=0 name=null description=Test entity isDeleted=false]
Enter into method [ProjectStatusServiceBean#updateProjectStatus]. Argument info: [ id=0 name=null description=Test entity isDeleted=false]. Entrance timestamp: 1221394881843
Exit from method [ProjectStatusServiceBean#updateProjectStatus]. Time spent: 0 ms. Return value: [ id=0 name=null description=Test entity isDeleted=false]
Enter into method [ProjectStatusServiceBean#deleteProjectStatus]. Argument info: [ id=0 name=null description=Test entity isDeleted=false]. Entrance timestamp: 1221394881843
Exit from method [ProjectStatusServiceBean#deleteProjectStatus]. Time spent: 0 ms. Return value: [ id=0 name=null description=Test entity isDeleted=false]
Enter into method [ProjectStatusServiceBean#createProjectStatus]. Argument info: [ id=0 name=null description=Test entity isDeleted=false]. Entrance timestamp: 1221394881843
Exit from method [ProjectStatusServiceBean#createProjectStatus]. Time spent: 0 ms. Return value: [ id=0 name=null description=Test entity isDeleted=false]
Enter into method [ProjectStatusServiceBean#deleteProjectStatus]. Argument info: [ id=0 name=null description=Test entity isDeleted=false]. Entrance timestamp: 1221394881843
Exit from method [ProjectStatusServiceBean#deleteProjectStatus]. Time spent: 0 ms. Return value: [ id=0 name=null description=Test entity isDeleted=false]
Enter into method [ProjectStatusServiceBean#deleteProjectStatus]. Argument info: [ id=0 name=null description=Test entity isDeleted=false]. Entrance timestamp: 1221394881843
Exit from method [ProjectStatusServiceBean#deleteProjectStatus]. Time spent: 0 ms. Return value: [ id=0 name=null description=Test entity isDeleted=false]
Enter into method [ProjectStatusServiceBean#deleteProjectStatus]. Argument info: [ id=0 name=null description=Test entity isDeleted=false]. Entrance timestamp: 1221394881843
Exit from method [ProjectStatusServiceBean#deleteProjectStatus]. Time spent: 0 ms. Return value: [ id=0 name=null description=Test entity isDeleted=false]
Enter into method [ProjectStatusServiceBean#deleteProjectStatus]. Argument info: [ id=0 name=null description=Test entity isDeleted=false]. Entrance timestamp: 1221394881843
Exit from method [ProjectStatusServiceBean#deleteProjectStatus]. Time spent: 0 ms. Return value: [ id=0 name=null description=Test entity isDeleted=false]
Enter into method [ProjectStatusServiceBean#deleteProjectStatus]. Argument info: [ id=0 name=null description=Test entity isDeleted=false]. Entrance timestamp: 1221394881843
Exit from method [ProjectStatusServiceBean#deleteProjectStatus]. Time spent: 0 ms. Return value: [ id=0 name=null description=Test entity isDeleted=false]
Enter into method [ProjectStatusServiceBean#deleteProjectStatus]. Argument info: [ id=0 name=null description=Test entity isDeleted=false]. Entrance timestamp: 1221394881843
Exit from method [ProjectStatusServiceBean#deleteProjectStatus]. Time spent: 0 ms. Return value: [ id=0 name=null description=Test entity isDeleted=false]
Enter into method [ProjectStatusServiceBean#deleteProjectStatus]. Argument info: [ id=0 name=null description=Test entity isDeleted=false]. Entrance timestamp: 1221394881843
Exit from method [ProjectStatusServiceBean#deleteProjectStatus]. Time spent: 0 ms. Return value: [ id=0 name=null description=Test entity isDeleted=false]
Enter into method [ProjectStatusServiceBean#deleteProjectStatus]. Argument info: [ id=0 name=null description=Test entity isDeleted=false]. Entrance timestamp: 1221394881843
Exit from method [ProjectStatusServiceBean#deleteProjectStatus]. Time spent: 0 ms. Return value: [ id=0 name=null description=Test entity isDeleted=false]
Enter into method [ProjectStatusServiceBean#createProjectStatus]. Argument info: [ id=0 name=null description=Test entity isDeleted=false]. Entrance timestamp: 1221394881843
Exit from method [ProjectStatusServiceBean#createProjectStatus]. Time spent: 0 ms. Return value: [ id=0 name=null description=Test entity isDeleted=false]
Enter into method [ProjectStatusServiceBean#createProjectStatus]. Argument info: [ id=0 name=null description=Test entity isDeleted=false]. Entrance timestamp: 1221394881843
Exit from method [ProjectStatusServiceBean#createProjectStatus]. Time spent: 0 ms. Return value: [ id=0 name=null description=Test entity isDeleted=false]
Enter into method [ProjectStatusServiceBean#createProjectStatus]. Argument info: [ id=0 name=null description=Test entity isDeleted=false]. Entrance timestamp: 1221394881843
Exit from method [ProjectStatusServiceBean#createProjectStatus]. Time spent: 1 ms. Return value: [ id=0 name=null description=Test entity isDeleted=false]
Enter into method [ProjectStatusServiceBean#updateProjectStatus]. Argument info: [ id=0 name=null description=Test entity isDeleted=false]. Entrance timestamp: 1221394881844
Exit from method [ProjectStatusServiceBean#updateProjectStatus]. Time spent: 0 ms. Return value: [ id=0 name=null description=Test entity isDeleted=false]
Enter into method [ProjectStatusServiceBean#createProjectStatus]. Argument info: [ id=0 name=null description=Test entity isDeleted=false]. Entrance timestamp: 1221394881844
Exit from method [ProjectStatusServiceBean#createProjectStatus]. Time spent: 0 ms. Return value: [ id=0 name=null description=Test entity isDeleted=false]
Enter into method [ProjectStatusServiceBean#createProjectStatus]. Argument info: [ id=0 name=null description=Test entity isDeleted=false]. Entrance timestamp: 1221394881844
Exit from method [ProjectStatusServiceBean#createProjectStatus]. Time spent: 0 ms. Return value: [ id=0 name=null description=Test entity isDeleted=false]
Enter into method [ProjectStatusServiceBean#updateProjectStatus]. Argument info: [ id=0 name=null description=Test entity isDeleted=false]. Entrance timestamp: 1221394881844
Exit from method [ProjectStatusServiceBean#updateProjectStatus]. Time spent: 0 ms. Return value: [ id=0 name=null description=Test entity isDeleted=false]
Enter into method [ProjectStatusServiceBean#deleteProjectStatus]. Argument info: [ id=0 name=null description=Test entity isDeleted=false]. Entrance timestamp: 1221394881844
Exit from method [ProjectStatusServiceBean#deleteProjectStatus]. Time spent: 0 ms. Return value: [ id=0 name=null description=Test entity isDeleted=false]
Enter into method [ProjectStatusServiceBean#updateProjectStatus]. Argument info: [ id=0 name=null description=Test entity isDeleted=false]. Entrance timestamp: 1221394881844
Exit from method [ProjectStatusServiceBean#updateProjectStatus]. Time spent: 0 ms. Return value: [ id=0 name=null description=Test entity isDeleted=false]
Enter into method [ProjectStatusServiceBean#updateProjectStatus]. Argument info: [ id=0 name=null description=Test entity isDeleted=false]. Entrance timestamp: 1221394881844
Exit from method [ProjectStatusServiceBean#updateProjectStatus]. Time spent: 0 ms. Return value: [ id=0 name=null description=Test entity isDeleted=false]
Enter into method [ProjectStatusServiceBean#deleteProjectStatus]. Argument info: [ id=0 name=null description=Test entity isDeleted=false]. Entrance timestamp: 1221394881844
Exit from method [ProjectStatusServiceBean#deleteProjectStatus]. Time spent: 0 ms. Return value: [ id=0 name=null description=Test entity isDeleted=false]
Enter into method [ProjectStatusServiceBean#createProjectStatus]. Argument info: [ id=0 name=null description=Test entity isDeleted=false]. Entrance timestamp: 1221394881844
Exit from method [ProjectStatusServiceBean#createProjectStatus]. Time spent: 0 ms. Return value: [ id=0 name=null description=Test entity isDeleted=false]
Enter into method [ProjectStatusServiceBean#createProjectStatus]. Argument info: [ id=0 name=null description=Test entity isDeleted=false]. Entrance timestamp: 1221394881844
Exit from method [ProjectStatusServiceBean#createProjectStatus]. Time spent: 0 ms. Return value: [ id=0 name=null description=Test entity isDeleted=false]
Enter into method [ProjectStatusServiceBean#createProjectStatus]. Argument info: [ id=0 name=null description=Test entity isDeleted=false]. Entrance timestamp: 1221394881844
Exit from method [ProjectStatusServiceBean#createProjectStatus]. Time spent: 0 ms. Return value: [ id=0 name=null description=Test entity isDeleted=false]
Enter into method [ProjectStatusServiceBean#updateProjectStatus]. Argument info: [ id=0 name=null description=Test entity isDeleted=false]. Entrance timestamp: 1221394881844
Exit from method [ProjectStatusServiceBean#updateProjectStatus]. Time spent: 0 ms. Return value: [ id=0 name=null description=Test entity isDeleted=false]
Enter into method [ProjectStatusServiceBean#deleteProjectStatus]. Argument info: [ id=0 name=null description=Test entity isDeleted=false]. Entrance timestamp: 1221394881844
Exit from method [ProjectStatusServiceBean#deleteProjectStatus]. Time spent: 0 ms. Return value: [ id=0 name=null description=Test entity isDeleted=false]
Enter into method [ProjectStatusServiceBean#updateProjectStatus]. Argument info: [ id=0 name=null description=Test entity isDeleted=false]. Entrance timestamp: 1221394881844
Exit from method [ProjectStatusServiceBean#updateProjectStatus]. Time spent: 0 ms. Return value: [ id=0 name=null description=Test entity isDeleted=false]
Enter into method [ProjectStatusServiceBean#updateProjectStatus]. Argument info: [ id=0 name=null description=Test entity isDeleted=false]. Entrance timestamp: 1221394881844
Exit from method [ProjectStatusServiceBean#updateProjectStatus]. Time spent: 0 ms. Return value: [ id=0 name=null description=Test entity isDeleted=false]
Enter into method [ProjectStatusServiceBean#updateProjectStatus]. Argument info: [ id=0 name=null description=Test entity isDeleted=false]. Entrance timestamp: 1221394881844
Exit from method [ProjectStatusServiceBean#updateProjectStatus]. Time spent: 0 ms. Return value: [ id=0 name=null description=Test entity isDeleted=false]
Enter into method [ProjectStatusServiceBean#deleteProjectStatus]. Argument info: [ id=0 name=null description=Test entity isDeleted=false]. Entrance timestamp: 1221394881844
Exit from method [ProjectStatusServiceBean#deleteProjectStatus]. Time spent: 0 ms. Return value: [ id=0 name=null description=Test entity isDeleted=false]
Enter into method [ProjectStatusServiceBean#deleteProjectStatus]. Argument info: [ id=0 name=null description=Test entity isDeleted=false]. Entrance timestamp: 1221394881844
Exit from method [ProjectStatusServiceBean#deleteProjectStatus]. Time spent: 0 ms. Return value: [ id=0 name=null description=Test entity isDeleted=false]
Enter into method [ProjectStatusServiceBean#deleteProjectStatus]. Argument info: [ id=0 name=null description=Test entity isDeleted=false]. Entrance timestamp: 1221394881844
Exit from method [ProjectStatusServiceBean#deleteProjectStatus]. Time spent: 2 ms. Return value: [ id=0 name=null description=Test entity isDeleted=false]
Enter into method [ProjectStatusServiceBean#createProjectStatus]. Argument info: [ id=0 name=null description=Test entity isDeleted=false]. Entrance timestamp: 1221394881846
Exit from method [ProjectStatusServiceBean#createProjectStatus]. Time spent: 0 ms. Return value: [ id=0 name=null description=Test entity isDeleted=false]
Enter into method [ProjectStatusServiceBean#deleteProjectStatus]. Argument info: [ id=0 name=null description=Test entity isDeleted=false]. Entrance timestamp: 1221394881846
Exit from method [ProjectStatusServiceBean#deleteProjectStatus]. Time spent: 0 ms. Return value: [ id=0 name=null description=Test entity isDeleted=false]
Enter into method [ProjectStatusServiceBean#updateProjectStatus]. Argument info: [ id=0 name=null description=Test entity isDeleted=false]. Entrance timestamp: 1221394881846
Exit from method [ProjectStatusServiceBean#updateProjectStatus]. Time spent: 0 ms. Return value: [ id=0 name=null description=Test entity isDeleted=false]
Enter into method [ProjectStatusServiceBean#deleteProjectStatus]. Argument info: [ id=0 name=null description=Test entity isDeleted=false]. Entrance timestamp: 1221394881846
Exit from method [ProjectStatusServiceBean#deleteProjectStatus]. Time spent: 0 ms. Return value: [ id=0 name=null description=Test entity isDeleted=false]
Enter into method [ProjectStatusServiceBean#updateProjectStatus]. Argument info: [ id=0 name=null description=Test entity isDeleted=false]. Entrance timestamp: 1221394881846
Exit from method [ProjectStatusServiceBean#updateProjectStatus]. Time spent: 0 ms. Return value: [ id=0 name=null description=Test entity isDeleted=false]
Enter into method [ProjectStatusServiceBean#updateProjectStatus]. Argument info: [ id=0 name=null description=Test entity isDeleted=false]. Entrance timestamp: 1221394881846
Exit from method [ProjectStatusServiceBean#updateProjectStatus]. Time spent: 0 ms. Return value: [ id=0 name=null description=Test entity isDeleted=false]
Enter into method [ProjectStatusServiceBean#createProjectStatus]. Argument info: [ id=0 name=null description=Test entity isDeleted=false]. Entrance timestamp: 1221394881846
Exit from method [ProjectStatusServiceBean#createProjectStatus]. Time spent: 0 ms. Return value: [ id=0 name=null description=Test entity isDeleted=false]
Enter into method [ProjectStatusServiceBean#deleteProjectStatus]. Argument info: [ id=0 name=null description=Test entity isDeleted=false]. Entrance timestamp: 1221394881846
Exit from method [ProjectStatusServiceBean#deleteProjectStatus]. Time spent: 0 ms. Return value: [ id=0 name=null description=Test entity isDeleted=false]
Enter into method [ProjectStatusServiceBean#createProjectStatus]. Argument info: [ id=0 name=null description=Test entity isDeleted=false]. Entrance timestamp: 1221394881846
Exit from method [ProjectStatusServiceBean#createProjectStatus]. Time spent: 0 ms. Return value: [ id=0 name=null description=Test entity isDeleted=false]
Enter into method [ProjectStatusServiceBean#deleteProjectStatus]. Argument info: [ id=0 name=null description=Test entity isDeleted=false]. Entrance timestamp: 1221394881846
Exit from method [ProjectStatusServiceBean#deleteProjectStatus]. Time spent: 0 ms. Return value: [ id=0 name=null description=Test entity isDeleted=false]
Enter into method [ProjectStatusServiceBean#createProjectStatus]. Argument info: [ id=0 name=null description=Test entity isDeleted=false]. Entrance timestamp: 1221394881846
Exit from method [ProjectStatusServiceBean#createProjectStatus]. Time spent: 0 ms. Return value: [ id=0 name=null description=Test entity isDeleted=false]
Enter into method [ProjectStatusServiceBean#deleteProjectStatus]. Argument info: [ id=0 name=null description=Test entity isDeleted=false]. Entrance timestamp: 1221394881846
Exit from method [ProjectStatusServiceBean#deleteProjectStatus]. Time spent: 0 ms. Return value: [ id=0 name=null description=Test entity isDeleted=false]
Enter into method [ProjectStatusServiceBean#updateProjectStatus]. Argument info: [ id=0 name=null description=Test entity isDeleted=false]. Entrance timestamp: 1221394881846
Exit from method [ProjectStatusServiceBean#updateProjectStatus]. Time spent: 0 ms. Return value: [ id=0 name=null description=Test entity isDeleted=false]
Enter into method [ProjectStatusServiceBean#deleteProjectStatus]. Argument info: [ id=0 name=null description=Test entity isDeleted=false]. Entrance timestamp: 1221394881846
Exit from method [ProjectStatusServiceBean#deleteProjectStatus]. Time spent: 0 ms. Return value: [ id=0 name=null description=Test entity isDeleted=false]
Enter into method [ProjectStatusServiceBean#deleteProjectStatus]. Argument info: [ id=0 name=null description=Test entity isDeleted=false]. Entrance timestamp: 1221394881846
Exit from method [ProjectStatusServiceBean#deleteProjectStatus]. Time spent: 0 ms. Return value: [ id=0 name=null description=Test entity isDeleted=false]
Enter into method [ProjectStatusServiceBean#updateProjectStatus]. Argument info: [ id=0 name=null description=Test entity isDeleted=false]. Entrance timestamp: 1221394881846
Exit from method [ProjectStatusServiceBean#updateProjectStatus]. Time spent: 0 ms. Return value: [ id=0 name=null description=Test entity isDeleted=false]
Enter into method [ProjectStatusServiceBean#createProjectStatus]. Argument info: [ id=0 name=null description=Test entity isDeleted=false]. Entrance timestamp: 1221394881846
Exit from method [ProjectStatusServiceBean#createProjectStatus]. Time spent: 0 ms. Return value: [ id=0 name=null description=Test entity isDeleted=false]
Enter into method [ProjectStatusServiceBean#createProjectStatus]. Argument info: [ id=0 name=null description=Test entity isDeleted=false]. Entrance timestamp: 1221394881846
Exit from method [ProjectStatusServiceBean#createProjectStatus]. Time spent: 0 ms. Return value: [ id=0 name=null description=Test entity isDeleted=false]
Enter into method [ProjectStatusServiceBean#deleteProjectStatus]. Argument info: [ id=0 name=null description=Test entity isDeleted=false]. Entrance timestamp: 1221394881846
Exit from method [ProjectStatusServiceBean#deleteProjectStatus]. Time spent: 0 ms. Return value: [ id=0 name=null description=Test entity isDeleted=false]
Enter into method [ProjectStatusServiceBean#createProjectStatus]. Argument info: [ id=0 name=null description=Test entity isDeleted=false]. Entrance timestamp: 1221394881846
Exit from method [ProjectStatusServiceBean#createProjectStatus]. Time spent: 0 ms. Return value: [ id=0 name=null description=Test entity isDeleted=false]
Enter into method [ProjectStatusServiceBean#deleteProjectStatus]. Argument info: [ id=0 name=null description=Test entity isDeleted=false]. Entrance timestamp: 1221394881847
Exit from method [ProjectStatusServiceBean#deleteProjectStatus]. Time spent: 0 ms. Return value: [ id=0 name=null description=Test entity isDeleted=false]
Enter into method [ProjectStatusServiceBean#updateProjectStatus]. Argument info: [ id=0 name=null description=Test entity isDeleted=false]. Entrance timestamp: 1221394881847
Exit from method [ProjectStatusServiceBean#updateProjectStatus]. Time spent: 0 ms. Return value: [ id=0 name=null description=Test entity isDeleted=false]
Enter into method [ProjectStatusServiceBean#deleteProjectStatus]. Argument info: [ id=0 name=null description=Test entity isDeleted=false]. Entrance timestamp: 1221394881847
Exit from method [ProjectStatusServiceBean#deleteProjectStatus]. Time spent: 0 ms. Return value: [ id=0 name=null description=Test entity isDeleted=false]
Enter into method [ProjectStatusServiceBean#updateProjectStatus]. Argument info: [ id=0 name=null description=Test entity isDeleted=false]. Entrance timestamp: 1221394881847
Exit from method [ProjectStatusServiceBean#updateProjectStatus]. Time spent: 0 ms. Return value: [ id=0 name=null description=Test entity isDeleted=false]
Enter into method [ProjectStatusServiceBean#updateProjectStatus]. Argument info: [ id=0 name=null description=Test entity isDeleted=false]. Entrance timestamp: 1221394881847
Exit from method [ProjectStatusServiceBean#updateProjectStatus]. Time spent: 0 ms. Return value: [ id=0 name=null description=Test entity isDeleted=false]
Enter into method [ProjectStatusServiceBean#createProjectStatus]. Argument info: [ id=0 name=null description=Test entity isDeleted=false]. Entrance timestamp: 1221394881847
Exit from method [ProjectStatusServiceBean#createProjectStatus]. Time spent: 0 ms. Return value: [ id=0 name=null description=Test entity isDeleted=false]
Enter into method [ProjectStatusServiceBean#createProjectStatus]. Argument info: [ id=0 name=null description=Test entity isDeleted=false]. Entrance timestamp: 1221394881847
Exit from method [ProjectStatusServiceBean#createProjectStatus]. Time spent: 0 ms. Return value: [ id=0 name=null description=Test entity isDeleted=false]
Enter into method [ProjectStatusServiceBean#deleteProjectStatus]. Argument info: [ id=0 name=null description=Test entity isDeleted=false]. Entrance timestamp: 1221394881847
Exit from method [ProjectStatusServiceBean#deleteProjectStatus]. Time spent: 0 ms. Return value: [ id=0 name=null description=Test entity isDeleted=false]
Enter into method [ProjectStatusServiceBean#deleteProjectStatus]. Argument info: [ id=0 name=null description=Test entity isDeleted=false]. Entrance timestamp: 1221394881847
Exit from method [ProjectStatusServiceBean#deleteProjectStatus]. Time spent: 0 ms. Return value: [ id=0 name=null description=Test entity isDeleted=false]
Enter into method [ProjectStatusServiceBean#deleteProjectStatus]. Argument info: [ id=0 name=null description=Test entity isDeleted=false]. Entrance timestamp: 1221394881847
Exit from method [ProjectStatusServiceBean#deleteProjectStatus]. Time spent: 0 ms. Return value: [ id=0 name=null description=Test entity isDeleted=false]
Enter into method [ProjectStatusServiceBean#deleteProjectStatus]. Argument info: [ id=0 name=null description=Test entity isDeleted=false]. Entrance timestamp: 1221394881847
Exit from method [ProjectStatusServiceBean#deleteProjectStatus]. Time spent: 0 ms. Return value: [ id=0 name=null description=Test entity isDeleted=false]
Enter into method [ProjectStatusServiceBean#updateProjectStatus]. Argument info: [ id=0 name=null description=Test entity isDeleted=false]. Entrance timestamp: 1221394881847
Exit from method [ProjectStatusServiceBean#updateProjectStatus]. Time spent: 0 ms. Return value: [ id=0 name=null description=Test entity isDeleted=false]
Enter into method [ProjectStatusServiceBean#deleteProjectStatus]. Argument info: [ id=0 name=null description=Test entity isDeleted=false]. Entrance timestamp: 1221394881847
Exit from method [ProjectStatusServiceBean#deleteProjectStatus]. Time spent: 0 ms. Return value: [ id=0 name=null description=Test entity isDeleted=false]
Enter into method [ProjectStatusServiceBean#updateProjectStatus]. Argument info: [ id=0 name=null description=Test entity isDeleted=false]. Entrance timestamp: 1221394881847
Exit from method [ProjectStatusServiceBean#updateProjectStatus]. Time spent: 0 ms. Return value: [ id=0 name=null description=Test entity isDeleted=false]
Enter into method [ProjectStatusServiceBean#deleteProjectStatus]. Argument info: [ id=0 name=null description=Test entity isDeleted=false]. Entrance timestamp: 1221394881847
Exit from method [ProjectStatusServiceBean#deleteProjectStatus]. Time spent: 0 ms. Return value: [ id=0 name=null description=Test entity isDeleted=false]
Enter into method [ProjectStatusServiceBean#updateProjectStatus]. Argument info: [ id=0 name=null description=Test entity isDeleted=false]. Entrance timestamp: 1221394881847
Exit from method [ProjectStatusServiceBean#updateProjectStatus]. Time spent: 0 ms. Return value: [ id=0 name=null description=Test entity isDeleted=false]
Enter into method [ProjectStatusServiceBean#createProjectStatus]. Argument info: [ id=0 name=null description=Test entity isDeleted=false]. Entrance timestamp: 1221394881847
Exit from method [ProjectStatusServiceBean#createProjectStatus]. Time spent: 0 ms. Return value: [ id=0 name=null description=Test entity isDeleted=false]
Enter into method [ProjectStatusServiceBean#updateProjectStatus]. Argument info: [ id=0 name=null description=Test entity isDeleted=false]. Entrance timestamp: 1221394881847
Exit from method [ProjectStatusServiceBean#updateProjectStatus]. Time spent: 0 ms. Return value: [ id=0 name=null description=Test entity isDeleted=false]
Enter into method [ProjectStatusServiceBean#deleteProjectStatus]. Argument info: [ id=0 name=null description=Test entity isDeleted=false]. Entrance timestamp: 1221394881847
Exit from method [ProjectStatusServiceBean#deleteProjectStatus]. Time spent: 0 ms. Return value: [ id=0 name=null description=Test entity isDeleted=false]
Enter into method [ProjectStatusServiceBean#createProjectStatus]. Argument info: [ id=0 name=null description=Test entity isDeleted=false]. Entrance timestamp: 1221394881847
Exit from method [ProjectStatusServiceBean#createProjectStatus]. Time spent: 0 ms. Return value: [ id=0 name=null description=Test entity isDeleted=false]
Enter into method [ProjectStatusServiceBean#updateProjectStatus]. Argument info: [ id=0 name=null description=Test entity isDeleted=false]. Entrance timestamp: 1221394881847
Exit from method [ProjectStatusServiceBean#updateProjectStatus]. Time spent: 0 ms. Return value: [ id=0 name=null description=Test entity isDeleted=false]
Enter into method [ProjectStatusServiceBean#updateProjectStatus]. Argument info: [ id=0 name=null description=Test entity isDeleted=false]. Entrance timestamp: 1221394881847
Exit from method [ProjectStatusServiceBean#updateProjectStatus]. Time spent: 0 ms. Return value: [ id=0 name=null description=Test entity isDeleted=false]
Enter into method [ProjectStatusServiceBean#updateProjectStatus]. Argument info: [ id=0 name=null description=Test entity isDeleted=false]. Entrance timestamp: 1221394881847
Exit from method [ProjectStatusServiceBean#updateProjectStatus]. Time spent: 0 ms. Return value: [ id=0 name=null description=Test entity isDeleted=false]
Enter into method [ProjectStatusServiceBean#updateProjectStatus]. Argument info: [ id=0 name=null description=Test entity isDeleted=false]. Entrance timestamp: 1221394881847
Exit from method [ProjectStatusServiceBean#updateProjectStatus]. Time spent: 0 ms. Return value: [ id=0 name=null description=Test entity isDeleted=false]
Enter into method [ProjectStatusServiceBean#createProjectStatus]. Argument info: [ id=0 name=null description=Test entity isDeleted=false]. Entrance timestamp: 1221394881847
Exit from method [ProjectStatusServiceBean#createProjectStatus]. Time spent: 0 ms. Return value: [ id=0 name=null description=Test entity isDeleted=false]
Enter into method [ProjectStatusServiceBean#updateProjectStatus]. Argument info: [ id=0 name=null description=Test entity isDeleted=false]. Entrance timestamp: 1221394881847
Exit from method [ProjectStatusServiceBean#updateProjectStatus]. Time spent: 0 ms. Return value: [ id=0 name=null description=Test entity isDeleted=false]
Enter into method [ProjectStatusServiceBean#deleteProjectStatus]. Argument info: [ id=0 name=null description=Test entity isDeleted=false]. Entrance timestamp: 1221394881847
Exit from method [ProjectStatusServiceBean#deleteProjectStatus]. Time spent: 0 ms. Return value: [ id=0 name=null description=Test entity isDeleted=false]
Enter into method [ProjectStatusServiceBean#updateProjectStatus]. Argument info: [ id=0 name=null description=Test entity isDeleted=false]. Entrance timestamp: 1221394881847
Exit from method [ProjectStatusServiceBean#updateProjectStatus]. Time spent: 0 ms. Return value: [ id=0 name=null description=Test entity isDeleted=false]
Enter into method [ProjectStatusServiceBean#deleteProjectStatus]. Argument info: [ id=0 name=null description=Test entity isDeleted=false]. Entrance timestamp: 1221394881847
Exit from method [ProjectStatusServiceBean#deleteProjectStatus]. Time spent: 0 ms. Return value: [ id=0 name=null description=Test entity isDeleted=false]
Enter into method [ProjectStatusServiceBean#deleteProjectStatus]. Argument info: [ id=0 name=null description=Test entity isDeleted=false]. Entrance timestamp: 1221394881848
Exit from method [ProjectStatusServiceBean#deleteProjectStatus]. Time spent: 0 ms. Return value: [ id=0 name=null description=Test entity isDeleted=false]
Enter into method [ProjectStatusServiceBean#deleteProjectStatus]. Argument info: [ id=0 name=null description=Test entity isDeleted=false]. Entrance timestamp: 1221394881848
Exit from method [ProjectStatusServiceBean#deleteProjectStatus]. Time spent: 0 ms. Return value: [ id=0 name=null description=Test entity isDeleted=false]
Enter into method [ProjectStatusServiceBean#createProjectStatus]. Argument info: [ id=0 name=null description=Test entity isDeleted=false]. Entrance timestamp: 1221394881848
Exit from method [ProjectStatusServiceBean#createProjectStatus]. Time spent: 0 ms. Return value: [ id=0 name=null description=Test entity isDeleted=false]
Enter into method [ProjectStatusServiceBean#createProjectStatus]. Argument info: [ id=0 name=null description=Test entity isDeleted=false]. Entrance timestamp: 1221394881848
Exit from method [ProjectStatusServiceBean#createProjectStatus]. Time spent: 0 ms. Return value: [ id=0 name=null description=Test entity isDeleted=false]
Enter into method [ProjectStatusServiceBean#updateProjectStatus]. Argument info: [ id=0 name=null description=Test entity isDeleted=false]. Entrance timestamp: 1221394881848
Exit from method [ProjectStatusServiceBean#updateProjectStatus]. Time spent: 0 ms. Return value: [ id=0 name=null description=Test entity isDeleted=false]
Enter into method [ProjectStatusServiceBean#updateProjectStatus]. Argument info: [ id=0 name=null description=Test entity isDeleted=false]. Entrance timestamp: 1221394881848
Exit from method [ProjectStatusServiceBean#updateProjectStatus]. Time spent: 0 ms. Return value: [ id=0 name=null description=Test entity isDeleted=false]
Enter into method [ProjectStatusServiceBean#createProjectStatus]. Argument info: [ id=0 name=null description=Test entity isDeleted=false]. Entrance timestamp: 1221394881848
Exit from method [ProjectStatusServiceBean#createProjectStatus]. Time spent: 0 ms. Return value: [ id=0 name=null description=Test entity isDeleted=false]
Enter into method [ProjectStatusServiceBean#updateProjectStatus]. Argument info: [ id=0 name=null description=Test entity isDeleted=false]. Entrance timestamp: 1221394881848
Exit from method [ProjectStatusServiceBean#updateProjectStatus]. Time spent: 0 ms. Return value: [ id=0 name=null description=Test entity isDeleted=false]
Enter into method [ProjectStatusServiceBean#deleteProjectStatus]. Argument info: [ id=0 name=null description=Test entity isDeleted=false]. Entrance timestamp: 1221394881848
Exit from method [ProjectStatusServiceBean#deleteProjectStatus]. Time spent: 0 ms. Return value: [ id=0 name=null description=Test entity isDeleted=false]
Enter into method [ProjectStatusServiceBean#createProjectStatus]. Argument info: [ id=0 name=null description=Test entity isDeleted=false]. Entrance timestamp: 1221394881848
Exit from method [ProjectStatusServiceBean#createProjectStatus]. Time spent: 0 ms. Return value: [ id=0 name=null description=Test entity isDeleted=false]
Enter into method [ProjectStatusServiceBean#deleteProjectStatus]. Argument info: [ id=0 name=null description=Test entity isDeleted=false]. Entrance timestamp: 1221394881848
Exit from method [ProjectStatusServiceBean#deleteProjectStatus]. Time spent: 0 ms. Return value: [ id=0 name=null description=Test entity isDeleted=false]
Enter into method [ProjectStatusServiceBean#deleteProjectStatus]. Argument info: [ id=0 name=null description=Test entity isDeleted=false]. Entrance timestamp: 1221394881848
Exit from method [ProjectStatusServiceBean#deleteProjectStatus]. Time spent: 0 ms. Return value: [ id=0 name=null description=Test entity isDeleted=false]
Enter into method [ProjectStatusServiceBean#updateProjectStatus]. Argument info: [ id=0 name=null description=Test entity isDeleted=false]. Entrance timestamp: 1221394881848
Exit from method [ProjectStatusServiceBean#updateProjectStatus]. Time spent: 0 ms. Return value: [ id=0 name=null description=Test entity isDeleted=false]
Enter into method [ProjectStatusServiceBean#updateProjectStatus]. Argument info: [ id=0 name=null description=Test entity isDeleted=false]. Entrance timestamp: 1221394881848
Exit from method [ProjectStatusServiceBean#updateProjectStatus]. Time spent: 0 ms. Return value: [ id=0 name=null description=Test entity isDeleted=false]
Enter into method [ProjectStatusServiceBean#deleteProjectStatus]. Argument info: [ id=0 name=null description=Test entity isDeleted=false]. Entrance timestamp: 1221394881848
Exit from method [ProjectStatusServiceBean#deleteProjectStatus]. Time spent: 0 ms. Return value: [ id=0 name=null description=Test entity isDeleted=false]
Enter into method [ProjectStatusServiceBean#createProjectStatus]. Argument info: [ id=0 name=null description=Test entity isDeleted=false]. Entrance timestamp: 1221394881848
Exit from method [ProjectStatusServiceBean#createProjectStatus]. Time spent: 0 ms. Return value: [ id=0 name=null description=Test entity isDeleted=false]
Enter into method [ProjectStatusServiceBean#updateProjectStatus]. Argument info: [ id=0 name=null description=Test entity isDeleted=false]. Entrance timestamp: 1221394881848
Exit from method [ProjectStatusServiceBean#updateProjectStatus]. Time spent: 0 ms. Return value: [ id=0 name=null description=Test entity isDeleted=false]
Enter into method [ProjectStatusServiceBean#updateProjectStatus]. Argument info: [ id=0 name=null description=Test entity isDeleted=false]. Entrance timestamp: 1221394881848
Exit from method [ProjectStatusServiceBean#updateProjectStatus]. Time spent: 0 ms. Return value: [ id=0 name=null description=Test entity isDeleted=false]
Enter into method [ProjectStatusServiceBean#deleteProjectStatus]. Argument info: [ id=0 name=null description=Test entity isDeleted=false]. Entrance timestamp: 1221394881848
Exit from method [ProjectStatusServiceBean#deleteProjectStatus]. Time spent: 0 ms. Return value: [ id=0 name=null description=Test entity isDeleted=false]
Enter into method [ProjectStatusServiceBean#deleteProjectStatus]. Argument info: [ id=0 name=null description=Test entity isDeleted=false]. Entrance timestamp: 1221394881848
Exit from method [ProjectStatusServiceBean#deleteProjectStatus]. Time spent: 0 ms. Return value: [ id=0 name=null description=Test entity isDeleted=false]
Enter into method [ProjectStatusServiceBean#deleteProjectStatus]. Argument info: [ id=0 name=null description=Test entity isDeleted=false]. Entrance timestamp: 1221394881848
Exit from method [ProjectStatusServiceBean#deleteProjectStatus]. Time spent: 0 ms. Return value: [ id=0 name=null description=Test entity isDeleted=false]
Enter into method [ProjectStatusServiceBean#updateProjectStatus]. Argument info: [ id=0 name=null description=Test entity isDeleted=false]. Entrance timestamp: 1221394881849
Exit from method [ProjectStatusServiceBean#updateProjectStatus]. Time spent: 0 ms. Return value: [ id=0 name=null description=Test entity isDeleted=false]
Enter into method [ProjectStatusServiceBean#createProjectStatus]. Argument info: [ id=0 name=null description=Test entity isDeleted=false]. Entrance timestamp: 1221394881849
Exit from method [ProjectStatusServiceBean#createProjectStatus]. Time spent: 0 ms. Return value: [ id=0 name=null description=Test entity isDeleted=false]
Enter into method [ProjectStatusServiceBean#updateProjectStatus]. Argument info: [ id=0 name=null description=Test entity isDeleted=false]. Entrance timestamp: 1221394881849
Exit from method [ProjectStatusServiceBean#updateProjectStatus]. Time spent: 0 ms. Return value: [ id=0 name=null description=Test entity isDeleted=false]
Enter into method [ProjectStatusServiceBean#updateProjectStatus]. Argument info: [ id=0 name=null description=Test entity isDeleted=false]. Entrance timestamp: 1221394881849
Exit from method [ProjectStatusServiceBean#updateProjectStatus]. Time spent: 0 ms. Return value: [ id=0 name=null description=Test entity isDeleted=false]
Enter into method [ProjectStatusServiceBean#createProjectStatus]. Argument info: [ id=0 name=null description=Test entity isDeleted=false]. Entrance timestamp: 1221394881849
Exit from method [ProjectStatusServiceBean#createProjectStatus]. Time spent: 0 ms. Return value: [ id=0 name=null description=Test entity isDeleted=false]
Enter into method [ProjectStatusServiceBean#createProjectStatus]. Argument info: [ id=0 name=null description=Test entity isDeleted=false]. Entrance timestamp: 1221394881849
Exit from method [ProjectStatusServiceBean#createProjectStatus]. Time spent: 0 ms. Return value: [ id=0 name=null description=Test entity isDeleted=false]
Enter into method [ProjectStatusServiceBean#deleteProjectStatus]. Argument info: [ id=0 name=null description=Test entity isDeleted=false]. Entrance timestamp: 1221394881849
Exit from method [ProjectStatusServiceBean#deleteProjectStatus]. Time spent: 0 ms. Return value: [ id=0 name=null description=Test entity isDeleted=false]
Enter into method [ProjectStatusServiceBean#createProjectStatus]. Argument info: [ id=0 name=null description=Test entity isDeleted=false]. Entrance timestamp: 1221394881849
Exit from method [ProjectStatusServiceBean#createProjectStatus]. Time spent: 0 ms. Return value: [ id=0 name=null description=Test entity isDeleted=false]
Enter into method [ProjectStatusServiceBean#createProjectStatus]. Argument info: [ id=0 name=null description=Test entity isDeleted=false]. Entrance timestamp: 1221394881849
Exit from method [ProjectStatusServiceBean#createProjectStatus]. Time spent: 0 ms. Return value: [ id=0 name=null description=Test entity isDeleted=false]
Enter into method [ProjectStatusServiceBean#deleteProjectStatus]. Argument info: [ id=0 name=null description=Test entity isDeleted=false]. Entrance timestamp: 1221394881849
Exit from method [ProjectStatusServiceBean#deleteProjectStatus]. Time spent: 0 ms. Return value: [ id=0 name=null description=Test entity isDeleted=false]
Enter into method [ProjectStatusServiceBean#createProjectStatus]. Argument info: [ id=0 name=null description=Test entity isDeleted=false]. Entrance timestamp: 1221394881849
Exit from method [ProjectStatusServiceBean#createProjectStatus]. Time spent: 0 ms. Return value: [ id=0 name=null description=Test entity isDeleted=false]
Enter into method [ProjectStatusServiceBean#deleteProjectStatus]. Argument info: [ id=0 name=null description=Test entity isDeleted=false]. Entrance timestamp: 1221394881849
Exit from method [ProjectStatusServiceBean#deleteProjectStatus]. Time spent: 0 ms. Return value: [ id=0 name=null description=Test entity isDeleted=false]
Enter into method [ProjectStatusServiceBean#createProjectStatus]. Argument info: [ id=0 name=null description=Test entity isDeleted=false]. Entrance timestamp: 1221394881849
Exit from method [ProjectStatusServiceBean#createProjectStatus]. Time spent: 0 ms. Return value: [ id=0 name=null description=Test entity isDeleted=false]
Enter into method [ProjectStatusServiceBean#deleteProjectStatus]. Argument info: [ id=0 name=null description=Test entity isDeleted=false]. Entrance timestamp: 1221394881849
Exit from method [ProjectStatusServiceBean#deleteProjectStatus]. Time spent: 0 ms. Return value: [ id=0 name=null description=Test entity isDeleted=false]
Enter into method [ProjectStatusServiceBean#deleteProjectStatus]. Argument info: [ id=0 name=null description=Test entity isDeleted=false]. Entrance timestamp: 1221394881849
Exit from method [ProjectStatusServiceBean#deleteProjectStatus]. Time spent: 0 ms. Return value: [ id=0 name=null description=Test entity isDeleted=false]
Enter into method [ProjectStatusServiceBean#updateProjectStatus]. Argument info: [ id=0 name=null description=Test entity isDeleted=false]. Entrance timestamp: 1221394881849
Exit from method [ProjectStatusServiceBean#updateProjectStatus]. Time spent: 0 ms. Return value: [ id=0 name=null description=Test entity isDeleted=false]
Enter into method [ProjectStatusServiceBean#updateProjectStatus]. Argument info: [ id=0 name=null description=Test entity isDeleted=false]. Entrance timestamp: 1221394881849
Exit from method [ProjectStatusServiceBean#updateProjectStatus]. Time spent: 0 ms. Return value: [ id=0 name=null description=Test entity isDeleted=false]
Enter into method [ProjectStatusServiceBean#deleteProjectStatus]. Argument info: [ id=0 name=null description=Test entity isDeleted=false]. Entrance timestamp: 1221394881849
Exit from method [ProjectStatusServiceBean#deleteProjectStatus]. Time spent: 0 ms. Return value: [ id=0 name=null description=Test entity isDeleted=false]
Enter into method [ProjectStatusServiceBean#deleteProjectStatus]. Argument info: [ id=0 name=null description=Test entity isDeleted=false]. Entrance timestamp: 1221394881849
Exit from method [ProjectStatusServiceBean#deleteProjectStatus]. Time spent: 0 ms. Return value: [ id=0 name=null description=Test entity isDeleted=false]
Enter into method [ProjectStatusServiceBean#deleteProjectStatus]. Argument info: [ id=0 name=null description=Test entity isDeleted=false]. Entrance timestamp: 1221394881849
Exit from method [ProjectStatusServiceBean#deleteProjectStatus]. Time spent: 0 ms. Return value: [ id=0 name=null description=Test entity isDeleted=false]
Enter into method [ProjectStatusServiceBean#createProjectStatus]. Argument info: [ id=0 name=null description=Test entity isDeleted=false]. Entrance timestamp: 1221394881849
Exit from method [ProjectStatusServiceBean#createProjectStatus]. Time spent: 0 ms. Return value: [ id=0 name=null description=Test entity isDeleted=false]
Enter into method [ProjectStatusServiceBean#deleteProjectStatus]. Argument info: [ id=0 name=null description=Test entity isDeleted=false]. Entrance timestamp: 1221394881849
Exit from method [ProjectStatusServiceBean#deleteProjectStatus]. Time spent: 0 ms. Return value: [ id=0 name=null description=Test entity isDeleted=false]
Enter into method [ProjectStatusServiceBean#updateProjectStatus]. Argument info: [ id=0 name=null description=Test entity isDeleted=false]. Entrance timestamp: 1221394881849
Exit from method [ProjectStatusServiceBean#updateProjectStatus]. Time spent: 0 ms. Return value: [ id=0 name=null description=Test entity isDeleted=false]
Enter into method [ProjectStatusServiceBean#deleteProjectStatus]. Argument info: [ id=0 name=null description=Test entity isDeleted=false]. Entrance timestamp: 1221394881849
Exit from method [ProjectStatusServiceBean#deleteProjectStatus]. Time spent: 0 ms. Return value: [ id=0 name=null description=Test entity isDeleted=false]
Enter into method [ProjectStatusServiceBean#deleteProjectStatus]. Argument info: [ id=0 name=null description=Test entity isDeleted=false]. Entrance timestamp: 1221394881849
Exit from method [ProjectStatusServiceBean#deleteProjectStatus]. Time spent: 0 ms. Return value: [ id=0 name=null description=Test entity isDeleted=false]
Enter into method [ProjectStatusServiceBean#updateProjectStatus]. Argument info: [ id=0 name=null description=Test entity isDeleted=false]. Entrance timestamp: 1221394881849
Exit from method [ProjectStatusServiceBean#updateProjectStatus]. Time spent: 0 ms. Return value: [ id=0 name=null description=Test entity isDeleted=false]
Enter into method [ProjectStatusServiceBean#deleteProjectStatus]. Argument info: [ id=0 name=null description=Test entity isDeleted=false]. Entrance timestamp: 1221394881849
Exit from method [ProjectStatusServiceBean#deleteProjectStatus]. Time spent: 0 ms. Return value: [ id=0 name=null description=Test entity isDeleted=false]
Enter into method [ProjectStatusServiceBean#deleteProjectStatus]. Argument info: [ id=0 name=null description=Test entity isDeleted=false]. Entrance timestamp: 1221394881849
Exit from method [ProjectStatusServiceBean#deleteProjectStatus]. Time spent: 0 ms. Return value: [ id=0 name=null description=Test entity isDeleted=false]
Enter into method [ProjectStatusServiceBean#createProjectStatus]. Argument info: [ id=0 name=null description=Test entity isDeleted=false]. Entrance timestamp: 1221394881849
Exit from method [ProjectStatusServiceBean#createProjectStatus]. Time spent: 0 ms. Return value: [ id=0 name=null description=Test entity isDeleted=false]
Enter into method [ProjectStatusServiceBean#deleteProjectStatus]. Argument info: [ id=0 name=null description=Test entity isDeleted=false]. Entrance timestamp: 1221394881850
Exit from method [ProjectStatusServiceBean#deleteProjectStatus]. Time spent: 0 ms. Return value: [ id=0 name=null description=Test entity isDeleted=false]
Enter into method [ProjectStatusServiceBean#deleteProjectStatus]. Argument info: [ id=0 name=null description=Test entity isDeleted=false]. Entrance timestamp: 1221394881850
Exit from method [ProjectStatusServiceBean#deleteProjectStatus]. Time spent: 0 ms. Return value: [ id=0 name=null description=Test entity isDeleted=false]
Enter into method [ProjectStatusServiceBean#deleteProjectStatus]. Argument info: [ id=0 name=null description=Test entity isDeleted=false]. Entrance timestamp: 1221394881850
Exit from method [ProjectStatusServiceBean#deleteProjectStatus]. Time spent: 0 ms. Return value: [ id=0 name=null description=Test entity isDeleted=false]
Enter into method [ProjectStatusServiceBean#updateProjectStatus]. Argument info: [ id=0 name=null description=Test entity isDeleted=false]. Entrance timestamp: 1221394881850
Exit from method [ProjectStatusServiceBean#updateProjectStatus]. Time spent: 0 ms. Return value: [ id=0 name=null description=Test entity isDeleted=false]
Enter into method [ProjectStatusServiceBean#deleteProjectStatus]. Argument info: [ id=0 name=null description=Test entity isDeleted=false]. Entrance timestamp: 1221394881850
Exit from method [ProjectStatusServiceBean#deleteProjectStatus]. Time spent: 0 ms. Return value: [ id=0 name=null description=Test entity isDeleted=false]
Enter into method [ProjectStatusServiceBean#createProjectStatus]. Argument info: [ id=0 name=null description=Test entity isDeleted=false]. Entrance timestamp: 1221394881850
Exit from method [ProjectStatusServiceBean#createProjectStatus]. Time spent: 0 ms. Return value: [ id=0 name=null description=Test entity isDeleted=false]
Enter into method [ProjectStatusServiceBean#deleteProjectStatus]. Argument info: [ id=0 name=null description=Test entity isDeleted=false]. Entrance timestamp: 1221394881850
Exit from method [ProjectStatusServiceBean#deleteProjectStatus]. Time spent: 0 ms. Return value: [ id=0 name=null description=Test entity isDeleted=false]
Enter into method [ProjectStatusServiceBean#deleteProjectStatus]. Argument info: [ id=0 name=null description=Test entity isDeleted=false]. Entrance timestamp: 1221394881850
Exit from method [ProjectStatusServiceBean#deleteProjectStatus]. Time spent: 0 ms. Return value: [ id=0 name=null description=Test entity isDeleted=false]
Enter into method [ProjectStatusServiceBean#updateProjectStatus]. Argument info: [ id=0 name=null description=Test entity isDeleted=false]. Entrance timestamp: 1221394881850
Exit from method [ProjectStatusServiceBean#updateProjectStatus]. Time spent: 0 ms. Return value: [ id=0 name=null description=Test entity isDeleted=false]
Enter into method [ProjectStatusServiceBean#deleteProjectStatus]. Argument info: [ id=0 name=null description=Test entity isDeleted=false]. Entrance timestamp: 1221394881850
Exit from method [ProjectStatusServiceBean#deleteProjectStatus]. Time spent: 0 ms. Return value: [ id=0 name=null description=Test entity isDeleted=false]
Enter into method [ProjectStatusServiceBean#updateProjectStatus]. Argument info: [ id=0 name=null description=Test entity isDeleted=false]. Entrance timestamp: 1221394881850
Exit from method [ProjectStatusServiceBean#updateProjectStatus]. Time spent: 0 ms. Return value: [ id=0 name=null description=Test entity isDeleted=false]
Enter into method [ProjectStatusServiceBean#updateProjectStatus]. Argument info: [ id=0 name=null description=Test entity isDeleted=false]. Entrance timestamp: 1221394881850
Exit from method [ProjectStatusServiceBean#updateProjectStatus]. Time spent: 0 ms. Return value: [ id=0 name=null description=Test entity isDeleted=false]
Enter into method [ProjectStatusServiceBean#createProjectStatus]. Argument info: [ id=0 name=null description=Test entity isDeleted=false]. Entrance timestamp: 1221394881850
Exit from method [ProjectStatusServiceBean#createProjectStatus]. Time spent: 0 ms. Return value: [ id=0 name=null description=Test entity isDeleted=false]
Enter into method [ProjectStatusServiceBean#deleteProjectStatus]. Argument info: [ id=0 name=null description=Test entity isDeleted=false]. Entrance timestamp: 1221394881850
Exit from method [ProjectStatusServiceBean#deleteProjectStatus]. Time spent: 0 ms. Return value: [ id=0 name=null description=Test entity isDeleted=false]
Enter into method [ProjectStatusServiceBean#deleteProjectStatus]. Argument info: [ id=0 name=null description=Test entity isDeleted=false]. Entrance timestamp: 1221394881850
Exit from method [ProjectStatusServiceBean#deleteProjectStatus]. Time spent: 0 ms. Return value: [ id=0 name=null description=Test entity isDeleted=false]
Enter into method [ProjectStatusServiceBean#createProjectStatus]. Argument info: [ id=0 name=null description=Test entity isDeleted=false]. Entrance timestamp: 1221394881850
Exit from method [ProjectStatusServiceBean#createProjectStatus]. Time spent: 0 ms. Return value: [ id=0 name=null description=Test entity isDeleted=false]
Enter into method [ProjectStatusServiceBean#deleteProjectStatus]. Argument info: [ id=0 name=null description=Test entity isDeleted=false]. Entrance timestamp: 1221394881850
Exit from method [ProjectStatusServiceBean#deleteProjectStatus]. Time spent: 0 ms. Return value: [ id=0 name=null description=Test entity isDeleted=false]
Enter into method [ProjectStatusServiceBean#createProjectStatus]. Argument info: [ id=0 name=null description=Test entity isDeleted=false]. Entrance timestamp: 1221394881850
Exit from method [ProjectStatusServiceBean#createProjectStatus]. Time spent: 0 ms. Return value: [ id=0 name=null description=Test entity isDeleted=false]
Enter into method [ProjectStatusServiceBean#deleteProjectStatus]. Argument info: [ id=0 name=null description=Test entity isDeleted=false]. Entrance timestamp: 1221394881850
Exit from method [ProjectStatusServiceBean#deleteProjectStatus]. Time spent: 0 ms. Return value: [ id=0 name=null description=Test entity isDeleted=false]
Enter into method [ProjectStatusServiceBean#createProjectStatus]. Argument info: [ id=0 name=null description=Test entity isDeleted=false]. Entrance timestamp: 1221394881850
Exit from method [ProjectStatusServiceBean#createProjectStatus]. Time spent: 0 ms. Return value: [ id=0 name=null description=Test entity isDeleted=false]
Enter into method [ProjectStatusServiceBean#updateProjectStatus]. Argument info: [ id=0 name=null description=Test entity isDeleted=false]. Entrance timestamp: 1221394881850
Exit from method [ProjectStatusServiceBean#updateProjectStatus]. Time spent: 0 ms. Return value: [ id=0 name=null description=Test entity isDeleted=false]
Enter into method [ProjectStatusServiceBean#createProjectStatus]. Argument info: [ id=0 name=null description=Test entity isDeleted=false]. Entrance timestamp: 1221394881850
Exit from method [ProjectStatusServiceBean#createProjectStatus]. Time spent: 0 ms. Return value: [ id=0 name=null description=Test entity isDeleted=false]
Enter into method [ProjectStatusServiceBean#deleteProjectStatus]. Argument info: [ id=0 name=null description=Test entity isDeleted=false]. Entrance timestamp: 1221394881850
Exit from method [ProjectStatusServiceBean#deleteProjectStatus]. Time spent: 0 ms. Return value: [ id=0 name=null description=Test entity isDeleted=false]
Enter into method [ProjectStatusServiceBean#createProjectStatus]. Argument info: [ id=0 name=null description=Test entity isDeleted=false]. Entrance timestamp: 1221394881851
Exit from method [ProjectStatusServiceBean#createProjectStatus]. Time spent: 0 ms. Return value: [ id=0 name=null description=Test entity isDeleted=false]
Enter into method [ProjectStatusServiceBean#createProjectStatus]. Argument info: [ id=0 name=null description=Test entity isDeleted=false]. Entrance timestamp: 1221394881851
Exit from method [ProjectStatusServiceBean#createProjectStatus]. Time spent: 0 ms. Return value: [ id=0 name=null description=Test entity isDeleted=false]
Enter into method [ProjectStatusServiceBean#updateProjectStatus]. Argument info: [ id=0 name=null description=Test entity isDeleted=false]. Entrance timestamp: 1221394881851
Exit from method [ProjectStatusServiceBean#updateProjectStatus]. Time spent: 0 ms. Return value: [ id=0 name=null description=Test entity isDeleted=false]
Enter into method [ProjectStatusServiceBean#createProjectStatus]. Argument info: [ id=0 name=null description=Test entity isDeleted=false]. Entrance timestamp: 1221394881851
Exit from method [ProjectStatusServiceBean#createProjectStatus]. Time spent: 0 ms. Return value: [ id=0 name=null description=Test entity isDeleted=false]
Enter into method [ProjectStatusServiceBean#createProjectStatus]. Argument info: [ id=0 name=null description=Test entity isDeleted=false]. Entrance timestamp: 1221394881851
Exit from method [ProjectStatusServiceBean#createProjectStatus]. Time spent: 0 ms. Return value: [ id=0 name=null description=Test entity isDeleted=false]
Enter into method [ProjectStatusServiceBean#createProjectStatus]. Argument info: [ id=0 name=null description=Test entity isDeleted=false]. Entrance timestamp: 1221394881851
Exit from method [ProjectStatusServiceBean#createProjectStatus]. Time spent: 0 ms. Return value: [ id=0 name=null description=Test entity isDeleted=false]
Enter into method [ProjectStatusServiceBean#createProjectStatus]. Argument info: [ id=0 name=null description=Test entity isDeleted=false]. Entrance timestamp: 1221394881851
Exit from method [ProjectStatusServiceBean#createProjectStatus]. Time spent: 0 ms. Return value: [ id=0 name=null description=Test entity isDeleted=false]
Enter into method [ProjectStatusServiceBean#deleteProjectStatus]. Argument info: [ id=0 name=null description=Test entity isDeleted=false]. Entrance timestamp: 1221394881851
Exit from method [ProjectStatusServiceBean#deleteProjectStatus]. Time spent: 0 ms. Return value: [ id=0 name=null description=Test entity isDeleted=false]
Enter into method [ProjectStatusServiceBean#createProjectStatus]. Argument info: [ id=0 name=null description=Test entity isDeleted=false]. Entrance timestamp: 1221394881851
Exit from method [ProjectStatusServiceBean#createProjectStatus]. Time spent: 0 ms. Return value: [ id=0 name=null description=Test entity isDeleted=false]
Enter into method [ProjectStatusServiceBean#createProjectStatus]. Argument info: [ id=0 name=null description=Test entity isDeleted=false]. Entrance timestamp: 1221394881851
Exit from method [ProjectStatusServiceBean#createProjectStatus]. Time spent: 0 ms. Return value: [ id=0 name=null description=Test entity isDeleted=false]
Enter into method [ProjectStatusServiceBean#createProjectStatus]. Argument info: [ id=0 name=null description=Test entity isDeleted=false]. Entrance timestamp: 1221394881851
Exit from method [ProjectStatusServiceBean#createProjectStatus]. Time spent: 0 ms. Return value: [ id=0 name=null description=Test entity isDeleted=false]
Enter into method [ProjectStatusServiceBean#updateProjectStatus]. Argument info: [ id=0 name=null description=Test entity isDeleted=false]. Entrance timestamp: 1221394881851
Exit from method [ProjectStatusServiceBean#updateProjectStatus]. Time spent: 0 ms. Return value: [ id=0 name=null description=Test entity isDeleted=false]
Enter into method [ProjectStatusServiceBean#updateProjectStatus]. Argument info: [ id=0 name=null description=Test entity isDeleted=false]. Entrance timestamp: 1221394881851
Exit from method [ProjectStatusServiceBean#updateProjectStatus]. Time spent: 0 ms. Return value: [ id=0 name=null description=Test entity isDeleted=false]
Enter into method [ProjectStatusServiceBean#createProjectStatus]. Argument info: [ id=0 name=null description=Test entity isDeleted=false]. Entrance timestamp: 1221394881851
Exit from method [ProjectStatusServiceBean#createProjectStatus]. Time spent: 0 ms. Return value: [ id=0 name=null description=Test entity isDeleted=false]
Enter into method [ProjectStatusServiceBean#deleteProjectStatus]. Argument info: [ id=0 name=null description=Test entity isDeleted=false]. Entrance timestamp: 1221394881851
Exit from method [ProjectStatusServiceBean#deleteProjectStatus]. Time spent: 0 ms. Return value: [ id=0 name=null description=Test entity isDeleted=false]
Enter into method [ProjectStatusServiceBean#createProjectStatus]. Argument info: [ id=0 name=null description=Test entity isDeleted=false]. Entrance timestamp: 1221394881851
Exit from method [ProjectStatusServiceBean#createProjectStatus]. Time spent: 0 ms. Return value: [ id=0 name=null description=Test entity isDeleted=false]
Enter into method [ProjectStatusServiceBean#createProjectStatus]. Argument info: [ id=0 name=null description=Test entity isDeleted=false]. Entrance timestamp: 1221394881851
Exit from method [ProjectStatusServiceBean#createProjectStatus]. Time spent: 0 ms. Return value: [ id=0 name=null description=Test entity isDeleted=false]
Enter into method [ProjectStatusServiceBean#updateProjectStatus]. Argument info: [ id=0 name=null description=Test entity isDeleted=false]. Entrance timestamp: 1221394881852
Exit from method [ProjectStatusServiceBean#updateProjectStatus]. Time spent: 0 ms. Return value: [ id=0 name=null description=Test entity isDeleted=false]
Enter into method [ProjectStatusServiceBean#deleteProjectStatus]. Argument info: [ id=0 name=null description=Test entity isDeleted=false]. Entrance timestamp: 1221394881852
Exit from method [ProjectStatusServiceBean#deleteProjectStatus]. Time spent: 0 ms. Return value: [ id=0 name=null description=Test entity isDeleted=false]
Enter into method [ProjectStatusServiceBean#updateProjectStatus]. Argument info: [ id=0 name=null description=Test entity isDeleted=false]. Entrance timestamp: 1221394881852
Exit from method [ProjectStatusServiceBean#updateProjectStatus]. Time spent: 0 ms. Return value: [ id=0 name=null description=Test entity isDeleted=false]
Enter into method [ProjectStatusServiceBean#updateProjectStatus]. Argument info: [ id=0 name=null description=Test entity isDeleted=false]. Entrance timestamp: 1221394881852
Exit from method [ProjectStatusServiceBean#updateProjectStatus]. Time spent: 0 ms. Return value: [ id=0 name=null description=Test entity isDeleted=false]
Enter into method [ProjectStatusServiceBean#deleteProjectStatus]. Argument info: [ id=0 name=null description=Test entity isDeleted=false]. Entrance timestamp: 1221394881852
Exit from method [ProjectStatusServiceBean#deleteProjectStatus]. Time spent: 0 ms. Return value: [ id=0 name=null description=Test entity isDeleted=false]
Enter into method [ProjectStatusServiceBean#createProjectStatus]. Argument info: [ id=0 name=null description=Test entity isDeleted=false]. Entrance timestamp: 1221394881852
Exit from method [ProjectStatusServiceBean#createProjectStatus]. Time spent: 0 ms. Return value: [ id=0 name=null description=Test entity isDeleted=false]
Enter into method [ProjectStatusServiceBean#createProjectStatus]. Argument info: [ id=0 name=null description=Test entity isDeleted=false]. Entrance timestamp: 1221394881852
Exit from method [ProjectStatusServiceBean#createProjectStatus]. Time spent: 0 ms. Return value: [ id=0 name=null description=Test entity isDeleted=false]
Enter into method [ProjectStatusServiceBean#deleteProjectStatus]. Argument info: [ id=0 name=null description=Test entity isDeleted=false]. Entrance timestamp: 1221394881852
Exit from method [ProjectStatusServiceBean#deleteProjectStatus]. Time spent: 0 ms. Return value: [ id=0 name=null description=Test entity isDeleted=false]
Enter into method [ProjectStatusServiceBean#createProjectStatus]. Argument info: [ id=0 name=null description=Test entity isDeleted=false]. Entrance timestamp: 1221394881852
Exit from method [ProjectStatusServiceBean#createProjectStatus]. Time spent: 0 ms. Return value: [ id=0 name=null description=Test entity isDeleted=false]
Enter into method [ProjectStatusServiceBean#deleteProjectStatus]. Argument info: [ id=0 name=null description=Test entity isDeleted=false]. Entrance timestamp: 1221394881852
Exit from method [ProjectStatusServiceBean#deleteProjectStatus]. Time spent: 0 ms. Return value: [ id=0 name=null description=Test entity isDeleted=false]
Enter into method [ProjectStatusServiceBean#deleteProjectStatus]. Argument info: [ id=0 name=null description=Test entity isDeleted=false]. Entrance timestamp: 1221394881852
Exit from method [ProjectStatusServiceBean#deleteProjectStatus]. Time spent: 0 ms. Return value: [ id=0 name=null description=Test entity isDeleted=false]
Enter into method [ProjectStatusServiceBean#updateProjectStatus]. Argument info: [ id=0 name=null description=Test entity isDeleted=false]. Entrance timestamp: 1221394881852
Exit from method [ProjectStatusServiceBean#updateProjectStatus]. Time spent: 0 ms. Return value: [ id=0 name=null description=Test entity isDeleted=false]
Enter into method [ProjectStatusServiceBean#createProjectStatus]. Argument info: [ id=0 name=null description=Test entity isDeleted=false]. Entrance timestamp: 1221394881852
Exit from method [ProjectStatusServiceBean#createProjectStatus]. Time spent: 0 ms. Return value: [ id=0 name=null description=Test entity isDeleted=false]
Enter into method [ProjectStatusServiceBean#createProjectStatus]. Argument info: [ id=0 name=null description=Test entity isDeleted=false]. Entrance timestamp: 1221394881852
Exit from method [ProjectStatusServiceBean#createProjectStatus]. Time spent: 0 ms. Return value: [ id=0 name=null description=Test entity isDeleted=false]
Enter into method [ProjectStatusServiceBean#updateProjectStatus]. Argument info: [ id=0 name=null description=Test entity isDeleted=false]. Entrance timestamp: 1221394881852
Exit from method [ProjectStatusServiceBean#updateProjectStatus]. Time spent: 0 ms. Return value: [ id=0 name=null description=Test entity isDeleted=false]
Enter into method [ProjectStatusServiceBean#deleteProjectStatus]. Argument info: [ id=0 name=null description=Test entity isDeleted=false]. Entrance timestamp: 1221394881852
Exit from method [ProjectStatusServiceBean#deleteProjectStatus]. Time spent: 0 ms. Return value: [ id=0 name=null description=Test entity isDeleted=false]
Enter into method [ProjectStatusServiceBean#deleteProjectStatus]. Argument info: [ id=0 name=null description=Test entity isDeleted=false]. Entrance timestamp: 1221394881852
Exit from method [ProjectStatusServiceBean#deleteProjectStatus]. Time spent: 0 ms. Return value: [ id=0 name=null description=Test entity isDeleted=false]
Enter into method [ProjectStatusServiceBean#createProjectStatus]. Argument info: [ id=0 name=null description=Test entity isDeleted=false]. Entrance timestamp: 1221394881852
Exit from method [ProjectStatusServiceBean#createProjectStatus]. Time spent: 0 ms. Return value: [ id=0 name=null description=Test entity isDeleted=false]
Enter into method [ProjectStatusServiceBean#createProjectStatus]. Argument info: [ id=0 name=null description=Test entity isDeleted=false]. Entrance timestamp: 1221394881852
Exit from method [ProjectStatusServiceBean#createProjectStatus]. Time spent: 0 ms. Return value: [ id=0 name=null description=Test entity isDeleted=false]
Enter into method [ProjectStatusServiceBean#updateProjectStatus]. Argument info: [ id=0 name=null description=Test entity isDeleted=false]. Entrance timestamp: 1221394881852
Exit from method [ProjectStatusServiceBean#updateProjectStatus]. Time spent: 0 ms. Return value: [ id=0 name=null description=Test entity isDeleted=false]
Enter into method [ProjectStatusServiceBean#updateProjectStatus]. Argument info: [ id=0 name=null description=Test entity isDeleted=false]. Entrance timestamp: 1221394881852
Exit from method [ProjectStatusServiceBean#updateProjectStatus]. Time spent: 0 ms. Return value: [ id=0 name=null description=Test entity isDeleted=false]
Enter into method [ProjectStatusServiceBean#createProjectStatus]. Argument info: [ id=0 name=null description=Test entity isDeleted=false]. Entrance timestamp: 1221394881852
Exit from method [ProjectStatusServiceBean#createProjectStatus]. Time spent: 0 ms. Return value: [ id=0 name=null description=Test entity isDeleted=false]
Enter into method [ProjectStatusServiceBean#createProjectStatus]. Argument info: [ id=0 name=null description=Test entity isDeleted=false]. Entrance timestamp: 1221394881852
Exit from method [ProjectStatusServiceBean#createProjectStatus]. Time spent: 0 ms. Return value: [ id=0 name=null description=Test entity isDeleted=false]
Enter into method [ProjectStatusServiceBean#deleteProjectStatus]. Argument info: [ id=0 name=null description=Test entity isDeleted=false]. Entrance timestamp: 1221394881852
Exit from method [ProjectStatusServiceBean#deleteProjectStatus]. Time spent: 0 ms. Return value: [ id=0 name=null description=Test entity isDeleted=false]
Enter into method [ProjectStatusServiceBean#updateProjectStatus]. Argument info: [ id=0 name=null description=Test entity isDeleted=false]. Entrance timestamp: 1221394881852
Exit from method [ProjectStatusServiceBean#updateProjectStatus]. Time spent: 0 ms. Return value: [ id=0 name=null description=Test entity isDeleted=false]
Enter into method [ProjectStatusServiceBean#updateProjectStatus]. Argument info: [ id=0 name=null description=Test entity isDeleted=false]. Entrance timestamp: 1221394881852
Exit from method [ProjectStatusServiceBean#updateProjectStatus]. Time spent: 0 ms. Return value: [ id=0 name=null description=Test entity isDeleted=false]
Enter into method [ProjectStatusServiceBean#updateProjectStatus]. Argument info: [ id=0 name=null description=Test entity isDeleted=false]. Entrance timestamp: 1221394881852
Exit from method [ProjectStatusServiceBean#updateProjectStatus]. Time spent: 0 ms. Return value: [ id=0 name=null description=Test entity isDeleted=false]
Enter into method [ProjectStatusServiceBean#createProjectStatus]. Argument info: [ id=0 name=null description=Test entity isDeleted=false]. Entrance timestamp: 1221394881852
Exit from method [ProjectStatusServiceBean#createProjectStatus]. Time spent: 0 ms. Return value: [ id=0 name=null description=Test entity isDeleted=false]
Enter into method [ProjectStatusServiceBean#deleteProjectStatus]. Argument info: [ id=0 name=null description=Test entity isDeleted=false]. Entrance timestamp: 1221394881852
Exit from method [ProjectStatusServiceBean#deleteProjectStatus]. Time spent: 1 ms. Return value: [ id=0 name=null description=Test entity isDeleted=false]
Enter into method [ProjectStatusServiceBean#deleteProjectStatus]. Argument info: [ id=0 name=null description=Test entity isDeleted=false]. Entrance timestamp: 1221394881853
Exit from method [ProjectStatusServiceBean#deleteProjectStatus]. Time spent: 0 ms. Return value: [ id=0 name=null description=Test entity isDeleted=false]
Enter into method [ProjectStatusServiceBean#deleteProjectStatus]. Argument info: [ id=0 name=null description=Test entity isDeleted=false]. Entrance timestamp: 1221394881853
Exit from method [ProjectStatusServiceBean#deleteProjectStatus]. Time spent: 0 ms. Return value: [ id=0 name=null description=Test entity isDeleted=false]
Enter into method [ProjectStatusServiceBean#deleteProjectStatus]. Argument info: [ id=0 name=null description=Test entity isDeleted=false]. Entrance timestamp: 1221394881853
Exit from method [ProjectStatusServiceBean#deleteProjectStatus]. Time spent: 0 ms. Return value: [ id=0 name=null description=Test entity isDeleted=false]
Enter into method [ProjectStatusServiceBean#createProjectStatus]. Argument info: [ id=0 name=null description=Test entity isDeleted=false]. Entrance timestamp: 1221394881853
Exit from method [ProjectStatusServiceBean#createProjectStatus]. Time spent: 0 ms. Return value: [ id=0 name=null description=Test entity isDeleted=false]
Enter into method [ProjectStatusServiceBean#createProjectStatus]. Argument info: [ id=0 name=null description=Test entity isDeleted=false]. Entrance timestamp: 1221394881853
Exit from method [ProjectStatusServiceBean#createProjectStatus]. Time spent: 0 ms. Return value: [ id=0 name=null description=Test entity isDeleted=false]
Enter into method [ProjectStatusServiceBean#deleteProjectStatus]. Argument info: [ id=0 name=null description=Test entity isDeleted=false]. Entrance timestamp: 1221394881853
Exit from method [ProjectStatusServiceBean#deleteProjectStatus]. Time spent: 0 ms. Return value: [ id=0 name=null description=Test entity isDeleted=false]
Enter into method [ProjectStatusServiceBean#updateProjectStatus]. Argument info: [ id=0 name=null description=Test entity isDeleted=false]. Entrance timestamp: 1221394881853
Exit from method [ProjectStatusServiceBean#updateProjectStatus]. Time spent: 0 ms. Return value: [ id=0 name=null description=Test entity isDeleted=false]
Enter into method [ProjectStatusServiceBean#deleteProjectStatus]. Argument info: [ id=0 name=null description=Test entity isDeleted=false]. Entrance timestamp: 1221394881853
Exit from method [ProjectStatusServiceBean#deleteProjectStatus]. Time spent: 0 ms. Return value: [ id=0 name=null description=Test entity isDeleted=false]
Enter into method [ProjectStatusServiceBean#createProjectStatus]. Argument info: [ id=0 name=null description=Test entity isDeleted=false]. Entrance timestamp: 1221394881853
Exit from method [ProjectStatusServiceBean#createProjectStatus]. Time spent: 0 ms. Return value: [ id=0 name=null description=Test entity isDeleted=false]
Enter into method [ProjectStatusServiceBean#deleteProjectStatus]. Argument info: [ id=0 name=null description=Test entity isDeleted=false]. Entrance timestamp: 1221394881853
Exit from method [ProjectStatusServiceBean#deleteProjectStatus]. Time spent: 0 ms. Return value: [ id=0 name=null description=Test entity isDeleted=false]
Enter into method [ProjectStatusServiceBean#createProjectStatus]. Argument info: [ id=0 name=null description=Test entity isDeleted=false]. Entrance timestamp: 1221394881853
Exit from method [ProjectStatusServiceBean#createProjectStatus]. Time spent: 0 ms. Return value: [ id=0 name=null description=Test entity isDeleted=false]
Enter into method [ProjectStatusServiceBean#updateProjectStatus]. Argument info: [ id=0 name=null description=Test entity isDeleted=false]. Entrance timestamp: 1221394881853
Exit from method [ProjectStatusServiceBean#updateProjectStatus]. Time spent: 0 ms. Return value: [ id=0 name=null description=Test entity isDeleted=false]
Enter into method [ProjectStatusServiceBean#updateProjectStatus]. Argument info: [ id=0 name=null description=Test entity isDeleted=false]. Entrance timestamp: 1221394881853
Exit from method [ProjectStatusServiceBean#updateProjectStatus]. Time spent: 0 ms. Return value: [ id=0 name=null description=Test entity isDeleted=false]
Enter into method [ProjectStatusServiceBean#deleteProjectStatus]. Argument info: [ id=0 name=null description=Test entity isDeleted=false]. Entrance timestamp: 1221394881853
Exit from method [ProjectStatusServiceBean#deleteProjectStatus]. Time spent: 0 ms. Return value: [ id=0 name=null description=Test entity isDeleted=false]
Enter into method [ProjectStatusServiceBean#deleteProjectStatus]. Argument info: [ id=0 name=null description=Test entity isDeleted=false]. Entrance timestamp: 1221394881853
Exit from method [ProjectStatusServiceBean#deleteProjectStatus]. Time spent: 0 ms. Return value: [ id=0 name=null description=Test entity isDeleted=false]
Enter into method [ProjectStatusServiceBean#updateProjectStatus]. Argument info: [ id=0 name=null description=Test entity isDeleted=false]. Entrance timestamp: 1221394881853
Exit from method [ProjectStatusServiceBean#updateProjectStatus]. Time spent: 0 ms. Return value: [ id=0 name=null description=Test entity isDeleted=false]
Enter into method [ProjectStatusServiceBean#updateProjectStatus]. Argument info: [ id=0 name=null description=Test entity isDeleted=false]. Entrance timestamp: 1221394881853
Exit from method [ProjectStatusServiceBean#updateProjectStatus]. Time spent: 0 ms. Return value: [ id=0 name=null description=Test entity isDeleted=false]
Enter into method [ProjectStatusServiceBean#deleteProjectStatus]. Argument info: [ id=0 name=null description=Test entity isDeleted=false]. Entrance timestamp: 1221394881853
Exit from method [ProjectStatusServiceBean#deleteProjectStatus]. Time spent: 0 ms. Return value: [ id=0 name=null description=Test entity isDeleted=false]
Enter into method [ProjectStatusServiceBean#deleteProjectStatus]. Argument info: [ id=0 name=null description=Test entity isDeleted=false]. Entrance timestamp: 1221394881853
Exit from method [ProjectStatusServiceBean#deleteProjectStatus]. Time spent: 0 ms. Return value: [ id=0 name=null description=Test entity isDeleted=false]
Enter into method [ProjectStatusServiceBean#createProjectStatus]. Argument info: [ id=0 name=null description=Test entity isDeleted=false]. Entrance timestamp: 1221394881853
Exit from method [ProjectStatusServiceBean#createProjectStatus]. Time spent: 0 ms. Return value: [ id=0 name=null description=Test entity isDeleted=false]
Enter into method [ProjectStatusServiceBean#updateProjectStatus]. Argument info: [ id=0 name=null description=Test entity isDeleted=false]. Entrance timestamp: 1221394881853
Exit from method [ProjectStatusServiceBean#updateProjectStatus]. Time spent: 0 ms. Return value: [ id=0 name=null description=Test entity isDeleted=false]
Enter into method [ProjectStatusServiceBean#deleteProjectStatus]. Argument info: [ id=0 name=null description=Test entity isDeleted=false]. Entrance timestamp: 1221394881853
Exit from method [ProjectStatusServiceBean#deleteProjectStatus]. Time spent: 0 ms. Return value: [ id=0 name=null description=Test entity isDeleted=false]
Enter into method [ProjectStatusServiceBean#createProjectStatus]. Argument info: [ id=0 name=null description=Test entity isDeleted=false]. Entrance timestamp: 1221394881853
Exit from method [ProjectStatusServiceBean#createProjectStatus]. Time spent: 0 ms. Return value: [ id=0 name=null description=Test entity isDeleted=false]
Enter into method [ProjectStatusServiceBean#createProjectStatus]. Argument info: [ id=0 name=null description=Test entity isDeleted=false]. Entrance timestamp: 1221394881853
Exit from method [ProjectStatusServiceBean#createProjectStatus]. Time spent: 0 ms. Return value: [ id=0 name=null description=Test entity isDeleted=false]
Enter into method [ProjectStatusServiceBean#deleteProjectStatus]. Argument info: [ id=0 name=null description=Test entity isDeleted=false]. Entrance timestamp: 1221394881853
Exit from method [ProjectStatusServiceBean#deleteProjectStatus]. Time spent: 0 ms. Return value: [ id=0 name=null description=Test entity isDeleted=false]
Enter into method [ProjectStatusServiceBean#updateProjectStatus]. Argument info: [ id=0 name=null description=Test entity isDeleted=false]. Entrance timestamp: 1221394881853
Exit from method [ProjectStatusServiceBean#updateProjectStatus]. Time spent: 0 ms. Return value: [ id=0 name=null description=Test entity isDeleted=false]
Enter into method [ProjectStatusServiceBean#createProjectStatus]. Argument info: [ id=0 name=null description=Test entity isDeleted=false]. Entrance timestamp: 1221394881853
Exit from method [ProjectStatusServiceBean#createProjectStatus]. Time spent: 1 ms. Return value: [ id=0 name=null description=Test entity isDeleted=false]
Enter into method [ProjectStatusServiceBean#updateProjectStatus]. Argument info: [ id=0 name=null description=Test entity isDeleted=false]. Entrance timestamp: 1221394881854
Exit from method [ProjectStatusServiceBean#updateProjectStatus]. Time spent: 0 ms. Return value: [ id=0 name=null description=Test entity isDeleted=false]
Enter into method [ProjectStatusServiceBean#deleteProjectStatus]. Argument info: [ id=0 name=null description=Test entity isDeleted=false]. Entrance timestamp: 1221394881854
Exit from method [ProjectStatusServiceBean#deleteProjectStatus]. Time spent: 0 ms. Return value: [ id=0 name=null description=Test entity isDeleted=false]
Enter into method [ProjectStatusServiceBean#deleteProjectStatus]. Argument info: [ id=0 name=null description=Test entity isDeleted=false]. Entrance timestamp: 1221394881854
Exit from method [ProjectStatusServiceBean#deleteProjectStatus]. Time spent: 0 ms. Return value: [ id=0 name=null description=Test entity isDeleted=false]
Enter into method [ProjectStatusServiceBean#updateProjectStatus]. Argument info: [ id=0 name=null description=Test entity isDeleted=false]. Entrance timestamp: 1221394881854
Exit from method [ProjectStatusServiceBean#updateProjectStatus]. Time spent: 0 ms. Return value: [ id=0 name=null description=Test entity isDeleted=false]
Enter into method [ProjectStatusServiceBean#createProjectStatus]. Argument info: [ id=0 name=null description=Test entity isDeleted=false]. Entrance timestamp: 1221394881854
Exit from method [ProjectStatusServiceBean#createProjectStatus]. Time spent: 0 ms. Return value: [ id=0 name=null description=Test entity isDeleted=false]
Enter into method [ProjectStatusServiceBean#deleteProjectStatus]. Argument info: [ id=0 name=null description=Test entity isDeleted=false]. Entrance timestamp: 1221394881854
Exit from method [ProjectStatusServiceBean#deleteProjectStatus]. Time spent: 0 ms. Return value: [ id=0 name=null description=Test entity isDeleted=false]
Enter into method [ProjectStatusServiceBean#updateProjectStatus]. Argument info: [ id=0 name=null description=Test entity isDeleted=false]. Entrance timestamp: 1221394881854
Exit from method [ProjectStatusServiceBean#updateProjectStatus]. Time spent: 0 ms. Return value: [ id=0 name=null description=Test entity isDeleted=false]
Enter into method [ProjectStatusServiceBean#deleteProjectStatus]. Argument info: [ id=0 name=null description=Test entity isDeleted=false]. Entrance timestamp: 1221394881854
Exit from method [ProjectStatusServiceBean#deleteProjectStatus]. Time spent: 0 ms. Return value: [ id=0 name=null description=Test entity isDeleted=false]
Enter into method [ProjectStatusServiceBean#deleteProjectStatus]. Argument info: [ id=0 name=null description=Test entity isDeleted=false]. Entrance timestamp: 1221394881854
Exit from method [ProjectStatusServiceBean#deleteProjectStatus]. Time spent: 0 ms. Return value: [ id=0 name=null description=Test entity isDeleted=false]
Enter into method [ProjectStatusServiceBean#deleteProjectStatus]. Argument info: [ id=0 name=null description=Test entity isDeleted=false]. Entrance timestamp: 1221394881854
Exit from method [ProjectStatusServiceBean#deleteProjectStatus]. Time spent: 0 ms. Return value: [ id=0 name=null description=Test entity isDeleted=false]
Enter into method [ProjectStatusServiceBean#updateProjectStatus]. Argument info: [ id=0 name=null description=Test entity isDeleted=false]. Entrance timestamp: 1221394881854
Exit from method [ProjectStatusServiceBean#updateProjectStatus]. Time spent: 0 ms. Return value: [ id=0 name=null description=Test entity isDeleted=false]
Enter into method [ProjectStatusServiceBean#updateProjectStatus]. Argument info: [ id=0 name=null description=Test entity isDeleted=false]. Entrance timestamp: 1221394881854
Exit from method [ProjectStatusServiceBean#updateProjectStatus]. Time spent: 0 ms. Return value: [ id=0 name=null description=Test entity isDeleted=false]
Enter into method [ProjectStatusServiceBean#createProjectStatus]. Argument info: [ id=0 name=null description=Test entity isDeleted=false]. Entrance timestamp: 1221394881854
Exit from method [ProjectStatusServiceBean#createProjectStatus]. Time spent: 0 ms. Return value: [ id=0 name=null description=Test entity isDeleted=false]
Enter into method [ProjectStatusServiceBean#deleteProjectStatus]. Argument info: [ id=0 name=null description=Test entity isDeleted=false]. Entrance timestamp: 1221394881854
Exit from method [ProjectStatusServiceBean#deleteProjectStatus]. Time spent: 0 ms. Return value: [ id=0 name=null description=Test entity isDeleted=false]
Enter into method [ProjectStatusServiceBean#deleteProjectStatus]. Argument info: [ id=0 name=null description=Test entity isDeleted=false]. Entrance timestamp: 1221394881854
Exit from method [ProjectStatusServiceBean#deleteProjectStatus]. Time spent: 0 ms. Return value: [ id=0 name=null description=Test entity isDeleted=false]
Enter into method [ProjectStatusServiceBean#updateProjectStatus]. Argument info: [ id=0 name=null description=Test entity isDeleted=false]. Entrance timestamp: 1221394881854
Exit from method [ProjectStatusServiceBean#updateProjectStatus]. Time spent: 0 ms. Return value: [ id=0 name=null description=Test entity isDeleted=false]
Enter into method [ProjectStatusServiceBean#deleteProjectStatus]. Argument info: [ id=0 name=null description=Test entity isDeleted=false]. Entrance timestamp: 1221394881854
Exit from method [ProjectStatusServiceBean#deleteProjectStatus]. Time spent: 0 ms. Return value: [ id=0 name=null description=Test entity isDeleted=false]
Enter into method [ProjectStatusServiceBean#updateProjectStatus]. Argument info: [ id=0 name=null description=Test entity isDeleted=false]. Entrance timestamp: 1221394881854
Exit from method [ProjectStatusServiceBean#updateProjectStatus]. Time spent: 0 ms. Return value: [ id=0 name=null description=Test entity isDeleted=false]
Enter into method [ProjectStatusServiceBean#deleteProjectStatus]. Argument info: [ id=0 name=null description=Test entity isDeleted=false]. Entrance timestamp: 1221394881854
Exit from method [ProjectStatusServiceBean#deleteProjectStatus]. Time spent: 0 ms. Return value: [ id=0 name=null description=Test entity isDeleted=false]
Enter into method [ProjectStatusServiceBean#deleteProjectStatus]. Argument info: [ id=0 name=null description=Test entity isDeleted=false]. Entrance timestamp: 1221394881854
Exit from method [ProjectStatusServiceBean#deleteProjectStatus]. Time spent: 0 ms. Return value: [ id=0 name=null description=Test entity isDeleted=false]
Enter into method [ProjectStatusServiceBean#createProjectStatus]. Argument info: [ id=0 name=null description=Test entity isDeleted=false]. Entrance timestamp: 1221394881855
Exit from method [ProjectStatusServiceBean#createProjectStatus]. Time spent: 0 ms. Return value: [ id=0 name=null description=Test entity isDeleted=false]
Enter into method [ProjectStatusServiceBean#updateProjectStatus]. Argument info: [ id=0 name=null description=Test entity isDeleted=false]. Entrance timestamp: 1221394881855
Exit from method [ProjectStatusServiceBean#updateProjectStatus]. Time spent: 0 ms. Return value: [ id=0 name=null description=Test entity isDeleted=false]
Enter into method [ProjectStatusServiceBean#deleteProjectStatus]. Argument info: [ id=0 name=null description=Test entity isDeleted=false]. Entrance timestamp: 1221394881855
Exit from method [ProjectStatusServiceBean#deleteProjectStatus]. Time spent: 0 ms. Return value: [ id=0 name=null description=Test entity isDeleted=false]
Enter into method [ProjectStatusServiceBean#updateProjectStatus]. Argument info: [ id=0 name=null description=Test entity isDeleted=false]. Entrance timestamp: 1221394881855
Exit from method [ProjectStatusServiceBean#updateProjectStatus]. Time spent: 0 ms. Return value: [ id=0 name=null description=Test entity isDeleted=false]
Enter into method [ProjectStatusServiceBean#createProjectStatus]. Argument info: [ id=0 name=null description=Test entity isDeleted=false]. Entrance timestamp: 1221394881855
Exit from method [ProjectStatusServiceBean#createProjectStatus]. Time spent: 0 ms. Return value: [ id=0 name=null description=Test entity isDeleted=false]
Enter into method [ProjectStatusServiceBean#createProjectStatus]. Argument info: [ id=0 name=null description=Test entity isDeleted=false]. Entrance timestamp: 1221394881855
Exit from method [ProjectStatusServiceBean#createProjectStatus]. Time spent: 0 ms. Return value: [ id=0 name=null description=Test entity isDeleted=false]
Enter into method [ProjectStatusServiceBean#deleteProjectStatus]. Argument info: [ id=0 name=null description=Test entity isDeleted=false]. Entrance timestamp: 1221394881855
Exit from method [ProjectStatusServiceBean#deleteProjectStatus]. Time spent: 0 ms. Return value: [ id=0 name=null description=Test entity isDeleted=false]
Enter into method [ProjectStatusServiceBean#deleteProjectStatus]. Argument info: [ id=0 name=null description=Test entity isDeleted=false]. Entrance timestamp: 1221394881855
Exit from method [ProjectStatusServiceBean#deleteProjectStatus]. Time spent: 0 ms. Return value: [ id=0 name=null description=Test entity isDeleted=false]
Enter into method [ProjectStatusServiceBean#updateProjectStatus]. Argument info: [ id=0 name=null description=Test entity isDeleted=false]. Entrance timestamp: 1221394881855
Exit from method [ProjectStatusServiceBean#updateProjectStatus]. Time spent: 0 ms. Return value: [ id=0 name=null description=Test entity isDeleted=false]
Enter into method [ProjectStatusServiceBean#createProjectStatus]. Argument info: [ id=0 name=null description=Test entity isDeleted=false]. Entrance timestamp: 1221394881855
Exit from method [ProjectStatusServiceBean#createProjectStatus]. Time spent: 0 ms. Return value: [ id=0 name=null description=Test entity isDeleted=false]
Enter into method [ProjectStatusServiceBean#deleteProjectStatus]. Argument info: [ id=0 name=null description=Test entity isDeleted=false]. Entrance timestamp: 1221394881855
Exit from method [ProjectStatusServiceBean#deleteProjectStatus]. Time spent: 0 ms. Return value: [ id=0 name=null description=Test entity isDeleted=false]
Enter into method [ProjectStatusServiceBean#updateProjectStatus]. Argument info: [ id=0 name=null description=Test entity isDeleted=false]. Entrance timestamp: 1221394881855
Exit from method [ProjectStatusServiceBean#updateProjectStatus]. Time spent: 0 ms. Return value: [ id=0 name=null description=Test entity isDeleted=false]
Enter into method [ProjectStatusServiceBean#deleteProjectStatus]. Argument info: [ id=0 name=null description=Test entity isDeleted=false]. Entrance timestamp: 1221394881855
Exit from method [ProjectStatusServiceBean#deleteProjectStatus]. Time spent: 0 ms. Return value: [ id=0 name=null description=Test entity isDeleted=false]
Enter into method [ProjectStatusServiceBean#createProjectStatus]. Argument info: [ id=0 name=null description=Test entity isDeleted=false]. Entrance timestamp: 1221394881855
Exit from method [ProjectStatusServiceBean#createProjectStatus]. Time spent: 0 ms. Return value: [ id=0 name=null description=Test entity isDeleted=false]
Enter into method [ProjectStatusServiceBean#createProjectStatus]. Argument info: [ id=0 name=null description=Test entity isDeleted=false]. Entrance timestamp: 1221394881855
Exit from method [ProjectStatusServiceBean#createProjectStatus]. Time spent: 0 ms. Return value: [ id=0 name=null description=Test entity isDeleted=false]
Enter into method [ProjectStatusServiceBean#createProjectStatus]. Argument info: [ id=0 name=null description=Test entity isDeleted=false]. Entrance timestamp: 1221394881855
Exit from method [ProjectStatusServiceBean#createProjectStatus]. Time spent: 0 ms. Return value: [ id=0 name=null description=Test entity isDeleted=false]
Enter into method [ProjectStatusServiceBean#deleteProjectStatus]. Argument info: [ id=0 name=null description=Test entity isDeleted=false]. Entrance timestamp: 1221394881855
Exit from method [ProjectStatusServiceBean#deleteProjectStatus]. Time spent: 0 ms. Return value: [ id=0 name=null description=Test entity isDeleted=false]
Enter into method [ProjectStatusServiceBean#updateProjectStatus]. Argument info: [ id=0 name=null description=Test entity isDeleted=false]. Entrance timestamp: 1221394881855
Exit from method [ProjectStatusServiceBean#updateProjectStatus]. Time spent: 0 ms. Return value: [ id=0 name=null description=Test entity isDeleted=false]
Enter into method [ProjectStatusServiceBean#updateProjectStatus]. Argument info: [ id=0 name=null description=Test entity isDeleted=false]. Entrance timestamp: 1221394881855
Exit from method [ProjectStatusServiceBean#updateProjectStatus]. Time spent: 0 ms. Return value: [ id=0 name=null description=Test entity isDeleted=false]
Enter into method [ProjectStatusServiceBean#createProjectStatus]. Argument info: [ id=0 name=null description=Test entity isDeleted=false]. Entrance timestamp: 1221394881855
Exit from method [ProjectStatusServiceBean#createProjectStatus]. Time spent: 0 ms. Return value: [ id=0 name=null description=Test entity isDeleted=false]
Enter into method [ProjectStatusServiceBean#updateProjectStatus]. Argument info: [ id=0 name=null description=Test entity isDeleted=false]. Entrance timestamp: 1221394881855
Exit from method [ProjectStatusServiceBean#updateProjectStatus]. Time spent: 0 ms. Return value: [ id=0 name=null description=Test entity isDeleted=false]
Enter into method [ProjectStatusServiceBean#deleteProjectStatus]. Argument info: [ id=0 name=null description=Test entity isDeleted=false]. Entrance timestamp: 1221394881855
Exit from method [ProjectStatusServiceBean#deleteProjectStatus]. Time spent: 0 ms. Return value: [ id=0 name=null description=Test entity isDeleted=false]
The test testProjectStatusServiceBean_Stress running 1000 times, took time: 126 ms
Enter into method [ProjectStatusServiceBean#deleteProjectStatus]. Argument info: [ id=0 name=null description=Test entity isDeleted=false]. Entrance timestamp: 1221394881855
Exit from method [ProjectStatusServiceBean#deleteProjectStatus]. Time spent: 0 ms. Return value: [ id=0 name=null description=Test entity isDeleted=false]
Enter into method [ProjectStatusServiceBean#deleteProjectStatus]. Argument info: [ id=0 name=null description=Test entity isDeleted=false]. Entrance timestamp: 1221394881855
Exit from method [ProjectStatusServiceBean#deleteProjectStatus]. Time spent: 0 ms. Return value: [ id=0 name=null description=Test entity isDeleted=false]
Enter into method [ProjectStatusServiceBean#deleteProjectStatus]. Argument info: [ id=0 name=null description=Test entity isDeleted=false]. Entrance timestamp: 1221394881855
Exit from method [ProjectStatusServiceBean#deleteProjectStatus]. Time spent: 0 ms. Return value: [ id=0 name=null description=Test entity isDeleted=false]
Enter into method [ProjectStatusServiceBean#deleteProjectStatus]. Argument info: [ id=0 name=null description=Test entity isDeleted=false]. Entrance timestamp: 1221394881855
Exit from method [ProjectStatusServiceBean#deleteProjectStatus]. Time spent: 0 ms. Return value: [ id=0 name=null description=Test entity isDeleted=false]
Enter into method [ProjectStatusServiceBean#deleteProjectStatus]. Argument info: [ id=0 name=null description=Test entity isDeleted=false]. Entrance timestamp: 1221394881855
Exit from method [ProjectStatusServiceBean#deleteProjectStatus]. Time spent: 0 ms. Return value: [ id=0 name=null description=Test entity isDeleted=false]
Enter into method [LookupServiceBean#searchClientsByName]. Argument info: name. Entrance timestamp: 1221394882062
Exit from method [LookupServiceBean#searchClientsByName]. Time spent: 1 ms. Return value: [[ id=111222333 name=Jack codeName=null salesTax=0.0 isDeleted=false company=null clientStatus=null] [ id=7 name=Jack codeName=null salesTax=0.0 isDeleted=false company=null clientStatus=null]]
Enter into method [LookupServiceBean#retrieveProjectsForClient]. Argument info: [ id=0 name=null codeName=null salesTax=0.0 isDeleted=false company=null clientStatus=null]. Entrance timestamp: 1221394882063
Exit from method [LookupServiceBean#retrieveProjectsForClient]. Time spent: 0 ms. Return value: [[ id=5 name=null description=null salesTax=0.0 client=null company=null childProjects=[]] [ id=7 name=null description=null salesTax=0.0 client=null company=null childProjects=[]]]
Enter into method [LookupServiceBean#getProjectsForCompany]. Argument info: [ id=0 name=null passcode=null isDeleted=false]. Entrance timestamp: 1221394882063
Exit from method [LookupServiceBean#getProjectsForCompany]. Time spent: 0 ms. Return value: [[ id=5 name=null description=null salesTax=0.0 client=null company=null childProjects=[]] [ id=7 name=null description=null salesTax=0.0 client=null company=null childProjects=[]]]
Enter into method [LookupServiceBean#getProjectsForStatus]. Argument info: [ id=0 name=null description=null isDeleted=false]. Entrance timestamp: 1221394882063
Exit from method [LookupServiceBean#getProjectsForStatus]. Time spent: 0 ms. Return value: [[ id=5 name=null description=null salesTax=0.0 client=null company=null childProjects=[]] [ id=7 name=null description=null salesTax=0.0 client=null company=null childProjects=[]]]
Enter into method [LookupServiceBean#searchProjectsByName]. Argument info: name. Entrance timestamp: 1221394882063
Exit from method [LookupServiceBean#searchProjectsByName]. Time spent: 0 ms. Return value: [[ id=5 name=null description=null salesTax=0.0 client=null company=null childProjects=[]] [ id=7 name=null description=null salesTax=0.0 client=null company=null childProjects=[]]]
Enter into method [LookupServiceBean#getClientsForCompany]. Argument info: [ id=0 name=null passcode=null isDeleted=false]. Entrance timestamp: 1221394882063
Exit from method [LookupServiceBean#getClientsForCompany]. Time spent: 0 ms. Return value: [[ id=111222333 name=Jack codeName=null salesTax=0.0 isDeleted=false company=null clientStatus=null] [ id=7 name=Jack codeName=null salesTax=0.0 isDeleted=false company=null clientStatus=null]]
Enter into method [LookupServiceBean#retrieveClient]. Argument info: 1. Entrance timestamp: 1221394882063
Exit from method [LookupServiceBean#retrieveClient]. Time spent: 0 ms. Return value: [ id=1 name=Jack codeName=null salesTax=0.0 isDeleted=false company=null clientStatus=null]
Enter into method [LookupServiceBean#searchCompanies]. Argument info: com.topcoder.search.builder.filter.NullFilter@b611e0. Entrance timestamp: 1221394882063
Exit from method [LookupServiceBean#searchCompanies]. Time spent: 1 ms. Return value: [[ id=15 name=null passcode=null isDeleted=false] [ id=17 name=null passcode=null isDeleted=false]]
Enter into method [LookupServiceBean#retrieveProjectsForClient]. Argument info: [ id=0 name=null codeName=null salesTax=0.0 isDeleted=false company=null clientStatus=null]. Entrance timestamp: 1221394882064
Exit from method [LookupServiceBean#retrieveProjectsForClient]. Time spent: 0 ms. Return value: [[ id=5 name=null description=null salesTax=0.0 client=null company=null childProjects=[]] [ id=7 name=null description=null salesTax=0.0 client=null company=null childProjects=[]]]
Enter into method [LookupServiceBean#searchProjectsByName]. Argument info: name. Entrance timestamp: 1221394882064
Exit from method [LookupServiceBean#searchProjectsByName]. Time spent: 0 ms. Return value: [[ id=5 name=null description=null salesTax=0.0 client=null company=null childProjects=[]] [ id=7 name=null description=null salesTax=0.0 client=null company=null childProjects=[]]]
Enter into method [LookupServiceBean#searchCompaniesByName]. Argument info: name. Entrance timestamp: 1221394882064
Exit from method [LookupServiceBean#searchCompaniesByName]. Time spent: 0 ms. Return value: [[ id=15 name=null passcode=null isDeleted=false] [ id=17 name=null passcode=null isDeleted=false]]
Enter into method [LookupServiceBean#getAllClientStatuses]. Entrance timestamp: 1221394882064
Exit from method [LookupServiceBean#getAllClientStatuses]. Time spent: 0 ms. Return value: [[ id=0 name=null description=test1 isDeleted=false] [ id=0 name=null description=test2 isDeleted=false]]
Enter into method [LookupServiceBean#retrieveProject]. Argument info: 1. Entrance timestamp: 1221394882064
Exit from method [LookupServiceBean#retrieveProject]. Time spent: 0 ms. Return value: [ id=1 name=null description=null salesTax=0.0 client=null company=null childProjects=[]]
Enter into method [LookupServiceBean#retrieveAllClients]. Entrance timestamp: 1221394882064
Exit from method [LookupServiceBean#retrieveAllClients]. Time spent: 0 ms. Return value: [[ id=1 name=Jack codeName=null salesTax=0.0 isDeleted=false company=null clientStatus=null] [ id=7 name=Jack codeName=null salesTax=0.0 isDeleted=false company=null clientStatus=null]]
Enter into method [LookupServiceBean#getClientsForCompany]. Argument info: [ id=0 name=null passcode=null isDeleted=false]. Entrance timestamp: 1221394882064
Exit from method [LookupServiceBean#getClientsForCompany]. Time spent: 0 ms. Return value: [[ id=1 name=Jack codeName=null salesTax=0.0 isDeleted=false company=null clientStatus=null] [ id=7 name=Jack codeName=null salesTax=0.0 isDeleted=false company=null clientStatus=null]]
Enter into method [LookupServiceBean#getAllProjectStatuses]. Entrance timestamp: 1221394882064
Exit from method [LookupServiceBean#getAllProjectStatuses]. Time spent: 0 ms. Return value: [[ id=0 name=null description=test1 isDeleted=false] [ id=0 name=null description=test2 isDeleted=false]]
Enter into method [LookupServiceBean#getAllProjectStatuses]. Entrance timestamp: 1221394882064
Exit from method [LookupServiceBean#getAllProjectStatuses]. Time spent: 0 ms. Return value: [[ id=0 name=null description=test1 isDeleted=false] [ id=0 name=null description=test2 isDeleted=false]]
Enter into method [LookupServiceBean#retrieveAllProjects]. Entrance timestamp: 1221394882064
Exit from method [LookupServiceBean#retrieveAllProjects]. Time spent: 0 ms. Return value: [[ id=1 name=null description=null salesTax=0.0 client=null company=null childProjects=[]] [ id=7 name=null description=null salesTax=0.0 client=null company=null childProjects=[]]]
Enter into method [LookupServiceBean#getClientsForStatus]. Argument info: [ id=0 name=null description=null isDeleted=false]. Entrance timestamp: 1221394882064
Exit from method [LookupServiceBean#getClientsForStatus]. Time spent: 0 ms. Return value: [[ id=1 name=Jack codeName=null salesTax=0.0 isDeleted=false company=null clientStatus=null] [ id=7 name=Jack codeName=null salesTax=0.0 isDeleted=false company=null clientStatus=null]]
Enter into method [LookupServiceBean#retrieveAllCompanies]. Entrance timestamp: 1221394882064
Exit from method [LookupServiceBean#retrieveAllCompanies]. Time spent: 0 ms. Return value: [[ id=15 name=null passcode=null isDeleted=false] [ id=17 name=null passcode=null isDeleted=false]]
Enter into method [LookupServiceBean#getProjectStatus]. Argument info: 1. Entrance timestamp: 1221394882064
Exit from method [LookupServiceBean#getProjectStatus]. Time spent: 0 ms. Return value: [ id=1 name=null description=null isDeleted=false]
Enter into method [LookupServiceBean#retrieveAllProjects]. Entrance timestamp: 1221394882064
Exit from method [LookupServiceBean#retrieveAllProjects]. Time spent: 0 ms. Return value: [[ id=1 name=null description=null salesTax=0.0 client=null company=null childProjects=[]] [ id=7 name=null description=null salesTax=0.0 client=null company=null childProjects=[]]]
Enter into method [LookupServiceBean#retrieveProjectsForClient]. Argument info: [ id=0 name=null codeName=null salesTax=0.0 isDeleted=false company=null clientStatus=null]. Entrance timestamp: 1221394882064
Exit from method [LookupServiceBean#retrieveProjectsForClient]. Time spent: 1 ms. Return value: [[ id=1 name=null description=null salesTax=0.0 client=null company=null childProjects=[]] [ id=7 name=null description=null salesTax=0.0 client=null company=null childProjects=[]]]
Enter into method [LookupServiceBean#retrieveAllCompanies]. Entrance timestamp: 1221394882065
Exit from method [LookupServiceBean#retrieveAllCompanies]. Time spent: 0 ms. Return value: [[ id=15 name=null passcode=null isDeleted=false] [ id=17 name=null passcode=null isDeleted=false]]
Enter into method [LookupServiceBean#searchProjectsByName]. Argument info: name. Entrance timestamp: 1221394882065
Exit from method [LookupServiceBean#searchProjectsByName]. Time spent: 0 ms. Return value: [[ id=1 name=null description=null salesTax=0.0 client=null company=null childProjects=[]] [ id=7 name=null description=null salesTax=0.0 client=null company=null childProjects=[]]]
Enter into method [LookupServiceBean#searchCompanies]. Argument info: com.topcoder.search.builder.filter.NullFilter@14f8c91. Entrance timestamp: 1221394882065
Exit from method [LookupServiceBean#searchCompanies]. Time spent: 0 ms. Return value: [[ id=15 name=null passcode=null isDeleted=false] [ id=17 name=null passcode=null isDeleted=false]]
Enter into method [LookupServiceBean#searchClientsByName]. Argument info: name. Entrance timestamp: 1221394882065
Exit from method [LookupServiceBean#searchClientsByName]. Time spent: 0 ms. Return value: [[ id=1 name=Jack codeName=null salesTax=0.0 isDeleted=false company=null clientStatus=null] [ id=7 name=Jack codeName=null salesTax=0.0 isDeleted=false company=null clientStatus=null]]
Enter into method [LookupServiceBean#getClientStatus]. Argument info: 1. Entrance timestamp: 1221394882065
Exit from method [LookupServiceBean#getClientStatus]. Time spent: 0 ms. Return value: [ id=1 name=null description=null isDeleted=false]
Enter into method [LookupServiceBean#retrieveProjectsForClient]. Argument info: [ id=0 name=null codeName=null salesTax=0.0 isDeleted=false company=null clientStatus=null]. Entrance timestamp: 1221394882065
Exit from method [LookupServiceBean#retrieveProjectsForClient]. Time spent: 0 ms. Return value: [[ id=1 name=null description=null salesTax=0.0 client=null company=null childProjects=[]] [ id=7 name=null description=null salesTax=0.0 client=null company=null childProjects=[]]]
Enter into method [LookupServiceBean#retrieveAllCompanies]. Entrance timestamp: 1221394882065
Exit from method [LookupServiceBean#retrieveAllCompanies]. Time spent: 0 ms. Return value: [[ id=15 name=null passcode=null isDeleted=false] [ id=17 name=null passcode=null isDeleted=false]]
Enter into method [LookupServiceBean#getAllClientStatuses]. Entrance timestamp: 1221394882065
Exit from method [LookupServiceBean#getAllClientStatuses]. Time spent: 0 ms. Return value: [[ id=0 name=null description=test1 isDeleted=false] [ id=0 name=null description=test2 isDeleted=false]]
Enter into method [LookupServiceBean#getClientStatus]. Argument info: 1. Entrance timestamp: 1221394882065
Exit from method [LookupServiceBean#getClientStatus]. Time spent: 0 ms. Return value: [ id=1 name=null description=null isDeleted=false]
Enter into method [LookupServiceBean#getProjectsForCompany]. Argument info: [ id=0 name=null passcode=null isDeleted=false]. Entrance timestamp: 1221394882065
Exit from method [LookupServiceBean#getProjectsForCompany]. Time spent: 0 ms. Return value: [[ id=1 name=null description=null salesTax=0.0 client=null company=null childProjects=[]] [ id=7 name=null description=null salesTax=0.0 client=null company=null childProjects=[]]]
Enter into method [LookupServiceBean#searchProjects]. Argument info: com.topcoder.search.builder.filter.NullFilter@1959199. Entrance timestamp: 1221394882065
Exit from method [LookupServiceBean#searchProjects]. Time spent: 0 ms. Return value: [[ id=1 name=null description=null salesTax=0.0 client=null company=null childProjects=[]] [ id=7 name=null description=null salesTax=0.0 client=null company=null childProjects=[]]]
Enter into method [LookupServiceBean#getProjectStatus]. Argument info: 1. Entrance timestamp: 1221394882065
Exit from method [LookupServiceBean#getProjectStatus]. Time spent: 0 ms. Return value: [ id=1 name=null description=null isDeleted=false]
Enter into method [LookupServiceBean#getProjectsForStatus]. Argument info: [ id=0 name=null description=null isDeleted=false]. Entrance timestamp: 1221394882065
Exit from method [LookupServiceBean#getProjectsForStatus]. Time spent: 0 ms. Return value: [[ id=1 name=null description=null salesTax=0.0 client=null company=null childProjects=[]] [ id=7 name=null description=null salesTax=0.0 client=null company=null childProjects=[]]]
Enter into method [LookupServiceBean#retrieveProjectsForClient]. Argument info: [ id=0 name=null codeName=null salesTax=0.0 isDeleted=false company=null clientStatus=null]. Entrance timestamp: 1221394882065
Exit from method [LookupServiceBean#retrieveProjectsForClient]. Time spent: 0 ms. Return value: [[ id=1 name=null description=null salesTax=0.0 client=null company=null childProjects=[]] [ id=7 name=null description=null salesTax=0.0 client=null company=null childProjects=[]]]
Enter into method [LookupServiceBean#retrieveProject]. Argument info: 1. Entrance timestamp: 1221394882065
Exit from method [LookupServiceBean#retrieveProject]. Time spent: 0 ms. Return value: [ id=1 name=null description=null salesTax=0.0 client=null company=null childProjects=[]]
Enter into method [LookupServiceBean#searchProjects]. Argument info: com.topcoder.search.builder.filter.NullFilter@89d5a5. Entrance timestamp: 1221394882065
Exit from method [LookupServiceBean#searchProjects]. Time spent: 0 ms. Return value: [[ id=1 name=null description=null salesTax=0.0 client=null company=null childProjects=[]] [ id=7 name=null description=null salesTax=0.0 client=null company=null childProjects=[]]]
Enter into method [LookupServiceBean#searchCompanies]. Argument info: com.topcoder.search.builder.filter.NullFilter@1296cf2. Entrance timestamp: 1221394882065
Exit from method [LookupServiceBean#searchCompanies]. Time spent: 0 ms. Return value: [[ id=15 name=null passcode=null isDeleted=false] [ id=17 name=null passcode=null isDeleted=false]]
Enter into method [LookupServiceBean#retrieveAllClients]. Entrance timestamp: 1221394882065
Exit from method [LookupServiceBean#retrieveAllClients]. Time spent: 1 ms. Return value: [[ id=1 name=Jack codeName=null salesTax=0.0 isDeleted=false company=null clientStatus=null] [ id=7 name=Jack codeName=null salesTax=0.0 isDeleted=false company=null clientStatus=null]]
Enter into method [LookupServiceBean#getClientsForCompany]. Argument info: [ id=0 name=null passcode=null isDeleted=false]. Entrance timestamp: 1221394882066
Exit from method [LookupServiceBean#getClientsForCompany]. Time spent: 0 ms. Return value: [[ id=1 name=Jack codeName=null salesTax=0.0 isDeleted=false company=null clientStatus=null] [ id=7 name=Jack codeName=null salesTax=0.0 isDeleted=false company=null clientStatus=null]]
Enter into method [LookupServiceBean#retrieveAllProjects]. Entrance timestamp: 1221394882066
Exit from method [LookupServiceBean#retrieveAllProjects]. Time spent: 0 ms. Return value: [[ id=1 name=null description=null salesTax=0.0 client=null company=null childProjects=[]] [ id=7 name=null description=null salesTax=0.0 client=null company=null childProjects=[]]]
Enter into method [LookupServiceBean#searchCompanies]. Argument info: com.topcoder.search.builder.filter.NullFilter@af8890. Entrance timestamp: 1221394882066
Exit from method [LookupServiceBean#searchCompanies]. Time spent: 0 ms. Return value: [[ id=15 name=null passcode=null isDeleted=false] [ id=17 name=null passcode=null isDeleted=false]]
Enter into method [LookupServiceBean#searchCompanies]. Argument info: com.topcoder.search.builder.filter.NullFilter@2ee6ea. Entrance timestamp: 1221394882066
Exit from method [LookupServiceBean#searchCompanies]. Time spent: 0 ms. Return value: [[ id=15 name=null passcode=null isDeleted=false] [ id=17 name=null passcode=null isDeleted=false]]
Enter into method [LookupServiceBean#retrieveCompany]. Argument info: 1. Entrance timestamp: 1221394882066
Exit from method [LookupServiceBean#retrieveCompany]. Time spent: 0 ms. Return value: [ id=1 name=null passcode=null isDeleted=false]
Enter into method [LookupServiceBean#retrieveAllProjects]. Entrance timestamp: 1221394882066
Exit from method [LookupServiceBean#retrieveAllProjects]. Time spent: 0 ms. Return value: [[ id=1 name=null description=null salesTax=0.0 client=null company=null childProjects=[]] [ id=7 name=null description=null salesTax=0.0 client=null company=null childProjects=[]]]
Enter into method [LookupServiceBean#getAllClientStatuses]. Entrance timestamp: 1221394882066
Exit from method [LookupServiceBean#getAllClientStatuses]. Time spent: 0 ms. Return value: [[ id=0 name=null description=test1 isDeleted=false] [ id=0 name=null description=test2 isDeleted=false]]
Enter into method [LookupServiceBean#searchClientsByName]. Argument info: name. Entrance timestamp: 1221394882066
Exit from method [LookupServiceBean#searchClientsByName]. Time spent: 0 ms. Return value: [[ id=1 name=Jack codeName=null salesTax=0.0 isDeleted=false company=null clientStatus=null] [ id=7 name=Jack codeName=null salesTax=0.0 isDeleted=false company=null clientStatus=null]]
Enter into method [LookupServiceBean#retrieveProject]. Argument info: 1. Entrance timestamp: 1221394882066
Exit from method [LookupServiceBean#retrieveProject]. Time spent: 0 ms. Return value: [ id=1 name=null description=null salesTax=0.0 client=null company=null childProjects=[]]
Enter into method [LookupServiceBean#retrieveProjectsForClient]. Argument info: [ id=0 name=null codeName=null salesTax=0.0 isDeleted=false company=null clientStatus=null]. Entrance timestamp: 1221394882066
Exit from method [LookupServiceBean#retrieveProjectsForClient]. Time spent: 0 ms. Return value: [[ id=1 name=null description=null salesTax=0.0 client=null company=null childProjects=[]] [ id=7 name=null description=null salesTax=0.0 client=null company=null childProjects=[]]]
Enter into method [LookupServiceBean#getClientsForStatus]. Argument info: [ id=0 name=null description=null isDeleted=false]. Entrance timestamp: 1221394882066
Exit from method [LookupServiceBean#getClientsForStatus]. Time spent: 0 ms. Return value: [[ id=1 name=Jack codeName=null salesTax=0.0 isDeleted=false company=null clientStatus=null] [ id=7 name=Jack codeName=null salesTax=0.0 isDeleted=false company=null clientStatus=null]]
Enter into method [LookupServiceBean#retrieveCompany]. Argument info: 1. Entrance timestamp: 1221394882066
Exit from method [LookupServiceBean#retrieveCompany]. Time spent: 0 ms. Return value: [ id=1 name=null passcode=null isDeleted=false]
Enter into method [LookupServiceBean#searchProjectsByName]. Argument info: name. Entrance timestamp: 1221394882066
Exit from method [LookupServiceBean#searchProjectsByName]. Time spent: 0 ms. Return value: [[ id=1 name=null description=null salesTax=0.0 client=null company=null childProjects=[]] [ id=7 name=null description=null salesTax=0.0 client=null company=null childProjects=[]]]
Enter into method [LookupServiceBean#searchCompanies]. Argument info: com.topcoder.search.builder.filter.NullFilter@13a2870. Entrance timestamp: 1221394882066
Exit from method [LookupServiceBean#searchCompanies]. Time spent: 0 ms. Return value: [[ id=15 name=null passcode=null isDeleted=false] [ id=17 name=null passcode=null isDeleted=false]]
Enter into method [LookupServiceBean#getProjectStatus]. Argument info: 1. Entrance timestamp: 1221394882066
Exit from method [LookupServiceBean#getProjectStatus]. Time spent: 0 ms. Return value: [ id=1 name=null description=null isDeleted=false]
Enter into method [LookupServiceBean#getProjectsForCompany]. Argument info: [ id=0 name=null passcode=null isDeleted=false]. Entrance timestamp: 1221394882066
Exit from method [LookupServiceBean#getProjectsForCompany]. Time spent: 0 ms. Return value: [[ id=1 name=null description=null salesTax=0.0 client=null company=null childProjects=[]] [ id=7 name=null description=null salesTax=0.0 client=null company=null childProjects=[]]]
Enter into method [LookupServiceBean#retrieveProject]. Argument info: 1. Entrance timestamp: 1221394882066
Exit from method [LookupServiceBean#retrieveProject]. Time spent: 0 ms. Return value: [ id=1 name=null description=null salesTax=0.0 client=null company=null childProjects=[]]
Enter into method [LookupServiceBean#retrieveAllCompanies]. Entrance timestamp: 1221394882066
Exit from method [LookupServiceBean#retrieveAllCompanies]. Time spent: 1 ms. Return value: [[ id=15 name=null passcode=null isDeleted=false] [ id=17 name=null passcode=null isDeleted=false]]
Enter into method [LookupServiceBean#getClientsForStatus]. Argument info: [ id=0 name=null description=null isDeleted=false]. Entrance timestamp: 1221394882067
Exit from method [LookupServiceBean#getClientsForStatus]. Time spent: 0 ms. Return value: [[ id=1 name=Jack codeName=null salesTax=0.0 isDeleted=false company=null clientStatus=null] [ id=7 name=Jack codeName=null salesTax=0.0 isDeleted=false company=null clientStatus=null]]
Enter into method [LookupServiceBean#retrieveClient]. Argument info: 1. Entrance timestamp: 1221394882067
Exit from method [LookupServiceBean#retrieveClient]. Time spent: 0 ms. Return value: [ id=1 name=Jack codeName=null salesTax=0.0 isDeleted=false company=null clientStatus=null]
Enter into method [LookupServiceBean#getProjectStatus]. Argument info: 1. Entrance timestamp: 1221394882067
Exit from method [LookupServiceBean#getProjectStatus]. Time spent: 0 ms. Return value: [ id=1 name=null description=null isDeleted=false]
Enter into method [LookupServiceBean#retrieveCompany]. Argument info: 1. Entrance timestamp: 1221394882067
Exit from method [LookupServiceBean#retrieveCompany]. Time spent: 0 ms. Return value: [ id=1 name=null passcode=null isDeleted=false]
Enter into method [LookupServiceBean#retrieveAllProjects]. Entrance timestamp: 1221394882067
Exit from method [LookupServiceBean#retrieveAllProjects]. Time spent: 0 ms. Return value: [[ id=1 name=null description=null salesTax=0.0 client=null company=null childProjects=[]] [ id=7 name=null description=null salesTax=0.0 client=null company=null childProjects=[]]]
Enter into method [LookupServiceBean#searchClientsByName]. Argument info: name. Entrance timestamp: 1221394882067
Exit from method [LookupServiceBean#searchClientsByName]. Time spent: 0 ms. Return value: [[ id=1 name=Jack codeName=null salesTax=0.0 isDeleted=false company=null clientStatus=null] [ id=7 name=Jack codeName=null salesTax=0.0 isDeleted=false company=null clientStatus=null]]
Enter into method [LookupServiceBean#retrieveAllProjects]. Entrance timestamp: 1221394882067
Exit from method [LookupServiceBean#retrieveAllProjects]. Time spent: 0 ms. Return value: [[ id=1 name=null description=null salesTax=0.0 client=null company=null childProjects=[]] [ id=7 name=null description=null salesTax=0.0 client=null company=null childProjects=[]]]
Enter into method [LookupServiceBean#retrieveAllClients]. Entrance timestamp: 1221394882067
Exit from method [LookupServiceBean#retrieveAllClients]. Time spent: 0 ms. Return value: [[ id=1 name=Jack codeName=null salesTax=0.0 isDeleted=false company=null clientStatus=null] [ id=7 name=Jack codeName=null salesTax=0.0 isDeleted=false company=null clientStatus=null]]
Enter into method [LookupServiceBean#retrieveProjectsForClient]. Argument info: [ id=0 name=null codeName=null salesTax=0.0 isDeleted=false company=null clientStatus=null]. Entrance timestamp: 1221394882067
Exit from method [LookupServiceBean#retrieveProjectsForClient]. Time spent: 0 ms. Return value: [[ id=1 name=null description=null salesTax=0.0 client=null company=null childProjects=[]] [ id=7 name=null description=null salesTax=0.0 client=null company=null childProjects=[]]]
Enter into method [LookupServiceBean#retrieveAllProjects]. Entrance timestamp: 1221394882068
Exit from method [LookupServiceBean#retrieveAllProjects]. Time spent: 0 ms. Return value: [[ id=1 name=null description=null salesTax=0.0 client=null company=null childProjects=[]] [ id=7 name=null description=null salesTax=0.0 client=null company=null childProjects=[]]]
Enter into method [LookupServiceBean#retrieveProject]. Argument info: 1. Entrance timestamp: 1221394882068
Exit from method [LookupServiceBean#retrieveProject]. Time spent: 0 ms. Return value: [ id=1 name=null description=null salesTax=0.0 client=null company=null childProjects=[]]
Enter into method [LookupServiceBean#retrieveAllClients]. Entrance timestamp: 1221394882068
Exit from method [LookupServiceBean#retrieveAllClients]. Time spent: 0 ms. Return value: [[ id=1 name=Jack codeName=null salesTax=0.0 isDeleted=false company=null clientStatus=null] [ id=7 name=Jack codeName=null salesTax=0.0 isDeleted=false company=null clientStatus=null]]
Enter into method [LookupServiceBean#getClientStatus]. Argument info: 1. Entrance timestamp: 1221394882068
Exit from method [LookupServiceBean#getClientStatus]. Time spent: 0 ms. Return value: [ id=1 name=null description=null isDeleted=false]
Enter into method [LookupServiceBean#retrieveClient]. Argument info: 1. Entrance timestamp: 1221394882068
Exit from method [LookupServiceBean#retrieveClient]. Time spent: 0 ms. Return value: [ id=1 name=Jack codeName=null salesTax=0.0 isDeleted=false company=null clientStatus=null]
Enter into method [LookupServiceBean#searchClientsByName]. Argument info: name. Entrance timestamp: 1221394882068
Exit from method [LookupServiceBean#searchClientsByName]. Time spent: 0 ms. Return value: [[ id=1 name=Jack codeName=null salesTax=0.0 isDeleted=false company=null clientStatus=null] [ id=7 name=Jack codeName=null salesTax=0.0 isDeleted=false company=null clientStatus=null]]
Enter into method [LookupServiceBean#getAllClientStatuses]. Entrance timestamp: 1221394882068
Exit from method [LookupServiceBean#getAllClientStatuses]. Time spent: 0 ms. Return value: [[ id=0 name=null description=test1 isDeleted=false] [ id=0 name=null description=test2 isDeleted=false]]
Enter into method [LookupServiceBean#retrieveClient]. Argument info: 1. Entrance timestamp: 1221394882068
Exit from method [LookupServiceBean#retrieveClient]. Time spent: 0 ms. Return value: [ id=1 name=Jack codeName=null salesTax=0.0 isDeleted=false company=null clientStatus=null]
Enter into method [LookupServiceBean#getProjectStatus]. Argument info: 1. Entrance timestamp: 1221394882068
Exit from method [LookupServiceBean#getProjectStatus]. Time spent: 0 ms. Return value: [ id=1 name=null description=null isDeleted=false]
Enter into method [LookupServiceBean#getAllClientStatuses]. Entrance timestamp: 1221394882068
Exit from method [LookupServiceBean#getAllClientStatuses]. Time spent: 0 ms. Return value: [[ id=0 name=null description=test1 isDeleted=false] [ id=0 name=null description=test2 isDeleted=false]]
Enter into method [LookupServiceBean#retrieveProjectsForClient]. Argument info: [ id=0 name=null codeName=null salesTax=0.0 isDeleted=false company=null clientStatus=null]. Entrance timestamp: 1221394882068
Exit from method [LookupServiceBean#retrieveProjectsForClient]. Time spent: 0 ms. Return value: [[ id=1 name=null description=null salesTax=0.0 client=null company=null childProjects=[]] [ id=7 name=null description=null salesTax=0.0 client=null company=null childProjects=[]]]
Enter into method [LookupServiceBean#retrieveProjectsForClient]. Argument info: [ id=0 name=null codeName=null salesTax=0.0 isDeleted=false company=null clientStatus=null]. Entrance timestamp: 1221394882068
Exit from method [LookupServiceBean#retrieveProjectsForClient]. Time spent: 0 ms. Return value: [[ id=1 name=null description=null salesTax=0.0 client=null company=null childProjects=[]] [ id=7 name=null description=null salesTax=0.0 client=null company=null childProjects=[]]]
Enter into method [LookupServiceBean#searchClientsByName]. Argument info: name. Entrance timestamp: 1221394882068
Exit from method [LookupServiceBean#searchClientsByName]. Time spent: 0 ms. Return value: [[ id=1 name=Jack codeName=null salesTax=0.0 isDeleted=false company=null clientStatus=null] [ id=7 name=Jack codeName=null salesTax=0.0 isDeleted=false company=null clientStatus=null]]
Enter into method [LookupServiceBean#searchClientsByName]. Argument info: name. Entrance timestamp: 1221394882068
Exit from method [LookupServiceBean#searchClientsByName]. Time spent: 0 ms. Return value: [[ id=1 name=Jack codeName=null salesTax=0.0 isDeleted=false company=null clientStatus=null] [ id=7 name=Jack codeName=null salesTax=0.0 isDeleted=false company=null clientStatus=null]]
Enter into method [LookupServiceBean#retrieveCompany]. Argument info: 1. Entrance timestamp: 1221394882068
Exit from method [LookupServiceBean#retrieveCompany]. Time spent: 0 ms. Return value: [ id=1 name=null passcode=null isDeleted=false]
Enter into method [LookupServiceBean#getAllProjectStatuses]. Entrance timestamp: 1221394882068
Exit from method [LookupServiceBean#getAllProjectStatuses]. Time spent: 0 ms. Return value: [[ id=0 name=null description=test1 isDeleted=false] [ id=0 name=null description=test2 isDeleted=false]]
Enter into method [LookupServiceBean#getProjectsForCompany]. Argument info: [ id=0 name=null passcode=null isDeleted=false]. Entrance timestamp: 1221394882068
Exit from method [LookupServiceBean#getProjectsForCompany]. Time spent: 0 ms. Return value: [[ id=1 name=null description=null salesTax=0.0 client=null company=null childProjects=[]] [ id=7 name=null description=null salesTax=0.0 client=null company=null childProjects=[]]]
Enter into method [LookupServiceBean#getProjectStatus]. Argument info: 1. Entrance timestamp: 1221394882068
Exit from method [LookupServiceBean#getProjectStatus]. Time spent: 0 ms. Return value: [ id=1 name=null description=null isDeleted=false]
Enter into method [LookupServiceBean#retrieveAllClients]. Entrance timestamp: 1221394882068
Exit from method [LookupServiceBean#retrieveAllClients]. Time spent: 0 ms. Return value: [[ id=1 name=Jack codeName=null salesTax=0.0 isDeleted=false company=null clientStatus=null] [ id=7 name=Jack codeName=null salesTax=0.0 isDeleted=false company=null clientStatus=null]]
Enter into method [LookupServiceBean#getProjectStatus]. Argument info: 1. Entrance timestamp: 1221394882068
Exit from method [LookupServiceBean#getProjectStatus]. Time spent: 0 ms. Return value: [ id=1 name=null description=null isDeleted=false]
Enter into method [LookupServiceBean#searchClientsByName]. Argument info: name. Entrance timestamp: 1221394882069
Exit from method [LookupServiceBean#searchClientsByName]. Time spent: 0 ms. Return value: [[ id=1 name=Jack codeName=null salesTax=0.0 isDeleted=false company=null clientStatus=null] [ id=7 name=Jack codeName=null salesTax=0.0 isDeleted=false company=null clientStatus=null]]
Enter into method [LookupServiceBean#getClientsForStatus]. Argument info: [ id=0 name=null description=null isDeleted=false]. Entrance timestamp: 1221394882069
Exit from method [LookupServiceBean#getClientsForStatus]. Time spent: 0 ms. Return value: [[ id=1 name=Jack codeName=null salesTax=0.0 isDeleted=false company=null clientStatus=null] [ id=7 name=Jack codeName=null salesTax=0.0 isDeleted=false company=null clientStatus=null]]
Enter into method [LookupServiceBean#retrieveCompany]. Argument info: 1. Entrance timestamp: 1221394882069
Exit from method [LookupServiceBean#retrieveCompany]. Time spent: 0 ms. Return value: [ id=1 name=null passcode=null isDeleted=false]
Enter into method [LookupServiceBean#getClientsForStatus]. Argument info: [ id=0 name=null description=null isDeleted=false]. Entrance timestamp: 1221394882069
Exit from method [LookupServiceBean#getClientsForStatus]. Time spent: 0 ms. Return value: [[ id=1 name=Jack codeName=null salesTax=0.0 isDeleted=false company=null clientStatus=null] [ id=7 name=Jack codeName=null salesTax=0.0 isDeleted=false company=null clientStatus=null]]
Enter into method [LookupServiceBean#retrieveCompany]. Argument info: 1. Entrance timestamp: 1221394882069
Exit from method [LookupServiceBean#retrieveCompany]. Time spent: 0 ms. Return value: [ id=1 name=null passcode=null isDeleted=false]
Enter into method [LookupServiceBean#retrieveAllProjects]. Entrance timestamp: 1221394882069
Exit from method [LookupServiceBean#retrieveAllProjects]. Time spent: 0 ms. Return value: [[ id=1 name=null description=null salesTax=0.0 client=null company=null childProjects=[]] [ id=7 name=null description=null salesTax=0.0 client=null company=null childProjects=[]]]
Enter into method [LookupServiceBean#retrieveProjectsForClient]. Argument info: [ id=0 name=null codeName=null salesTax=0.0 isDeleted=false company=null clientStatus=null]. Entrance timestamp: 1221394882069
Exit from method [LookupServiceBean#retrieveProjectsForClient]. Time spent: 0 ms. Return value: [[ id=1 name=null description=null salesTax=0.0 client=null company=null childProjects=[]] [ id=7 name=null description=null salesTax=0.0 client=null company=null childProjects=[]]]
Enter into method [LookupServiceBean#searchCompanies]. Argument info: com.topcoder.search.builder.filter.NullFilter@134f284. Entrance timestamp: 1221394882069
Exit from method [LookupServiceBean#searchCompanies]. Time spent: 0 ms. Return value: [[ id=15 name=null passcode=null isDeleted=false] [ id=17 name=null passcode=null isDeleted=false]]
Enter into method [LookupServiceBean#searchClients]. Argument info: com.topcoder.search.builder.filter.NullFilter@11de1c2. Entrance timestamp: 1221394882069
Exit from method [LookupServiceBean#searchClients]. Time spent: 0 ms. Return value: [[ id=1 name=Jack codeName=null salesTax=0.0 isDeleted=false company=null clientStatus=null] [ id=7 name=Jack codeName=null salesTax=0.0 isDeleted=false company=null clientStatus=null]]
Enter into method [LookupServiceBean#retrieveAllClients]. Entrance timestamp: 1221394882069
Exit from method [LookupServiceBean#retrieveAllClients]. Time spent: 0 ms. Return value: [[ id=1 name=Jack codeName=null salesTax=0.0 isDeleted=false company=null clientStatus=null] [ id=7 name=Jack codeName=null salesTax=0.0 isDeleted=false company=null clientStatus=null]]
Enter into method [LookupServiceBean#getProjectsForCompany]. Argument info: [ id=0 name=null passcode=null isDeleted=false]. Entrance timestamp: 1221394882069
Exit from method [LookupServiceBean#getProjectsForCompany]. Time spent: 0 ms. Return value: [[ id=1 name=null description=null salesTax=0.0 client=null company=null childProjects=[]] [ id=7 name=null description=null salesTax=0.0 client=null company=null childProjects=[]]]
Enter into method [LookupServiceBean#retrieveAllCompanies]. Entrance timestamp: 1221394882069
Exit from method [LookupServiceBean#retrieveAllCompanies]. Time spent: 0 ms. Return value: [[ id=15 name=null passcode=null isDeleted=false] [ id=17 name=null passcode=null isDeleted=false]]
Enter into method [LookupServiceBean#getAllClientStatuses]. Entrance timestamp: 1221394882069
Exit from method [LookupServiceBean#getAllClientStatuses]. Time spent: 0 ms. Return value: [[ id=0 name=null description=test1 isDeleted=false] [ id=0 name=null description=test2 isDeleted=false]]
Enter into method [LookupServiceBean#getProjectsForCompany]. Argument info: [ id=0 name=null passcode=null isDeleted=false]. Entrance timestamp: 1221394882069
Exit from method [LookupServiceBean#getProjectsForCompany]. Time spent: 0 ms. Return value: [[ id=1 name=null description=null salesTax=0.0 client=null company=null childProjects=[]] [ id=7 name=null description=null salesTax=0.0 client=null company=null childProjects=[]]]
Enter into method [LookupServiceBean#retrieveClient]. Argument info: 1. Entrance timestamp: 1221394882069
Exit from method [LookupServiceBean#retrieveClient]. Time spent: 0 ms. Return value: [ id=1 name=Jack codeName=null salesTax=0.0 isDeleted=false company=null clientStatus=null]
Enter into method [LookupServiceBean#retrieveAllCompanies]. Entrance timestamp: 1221394882069
Exit from method [LookupServiceBean#retrieveAllCompanies]. Time spent: 0 ms. Return value: [[ id=15 name=null passcode=null isDeleted=false] [ id=17 name=null passcode=null isDeleted=false]]
Enter into method [LookupServiceBean#retrieveProject]. Argument info: 1. Entrance timestamp: 1221394882069
Exit from method [LookupServiceBean#retrieveProject]. Time spent: 0 ms. Return value: [ id=1 name=null description=null salesTax=0.0 client=null company=null childProjects=[]]
Enter into method [LookupServiceBean#searchClientsByName]. Argument info: name. Entrance timestamp: 1221394882069
Exit from method [LookupServiceBean#searchClientsByName]. Time spent: 0 ms. Return value: [[ id=1 name=Jack codeName=null salesTax=0.0 isDeleted=false company=null clientStatus=null] [ id=7 name=Jack codeName=null salesTax=0.0 isDeleted=false company=null clientStatus=null]]
Enter into method [LookupServiceBean#retrieveAllCompanies]. Entrance timestamp: 1221394882069
Exit from method [LookupServiceBean#retrieveAllCompanies]. Time spent: 1 ms. Return value: [[ id=15 name=null passcode=null isDeleted=false] [ id=17 name=null passcode=null isDeleted=false]]
Enter into method [LookupServiceBean#retrieveAllClients]. Entrance timestamp: 1221394882070
Exit from method [LookupServiceBean#retrieveAllClients]. Time spent: 0 ms. Return value: [[ id=1 name=Jack codeName=null salesTax=0.0 isDeleted=false company=null clientStatus=null] [ id=7 name=Jack codeName=null salesTax=0.0 isDeleted=false company=null clientStatus=null]]
Enter into method [LookupServiceBean#retrieveCompany]. Argument info: 1. Entrance timestamp: 1221394882070
Exit from method [LookupServiceBean#retrieveCompany]. Time spent: 0 ms. Return value: [ id=1 name=null passcode=null isDeleted=false]
Enter into method [LookupServiceBean#retrieveProjectsForClient]. Argument info: [ id=0 name=null codeName=null salesTax=0.0 isDeleted=false company=null clientStatus=null]. Entrance timestamp: 1221394882070
Exit from method [LookupServiceBean#retrieveProjectsForClient]. Time spent: 0 ms. Return value: [[ id=1 name=null description=null salesTax=0.0 client=null company=null childProjects=[]] [ id=7 name=null description=null salesTax=0.0 client=null company=null childProjects=[]]]
Enter into method [LookupServiceBean#searchProjectsByName]. Argument info: name. Entrance timestamp: 1221394882070
Exit from method [LookupServiceBean#searchProjectsByName]. Time spent: 0 ms. Return value: [[ id=1 name=null description=null salesTax=0.0 client=null company=null childProjects=[]] [ id=7 name=null description=null salesTax=0.0 client=null company=null childProjects=[]]]
Enter into method [LookupServiceBean#retrieveAllCompanies]. Entrance timestamp: 1221394882070
Exit from method [LookupServiceBean#retrieveAllCompanies]. Time spent: 0 ms. Return value: [[ id=15 name=null passcode=null isDeleted=false] [ id=17 name=null passcode=null isDeleted=false]]
Enter into method [LookupServiceBean#searchCompaniesByName]. Argument info: name. Entrance timestamp: 1221394882070
Exit from method [LookupServiceBean#searchCompaniesByName]. Time spent: 0 ms. Return value: [[ id=15 name=null passcode=null isDeleted=false] [ id=17 name=null passcode=null isDeleted=false]]
Enter into method [LookupServiceBean#searchCompaniesByName]. Argument info: name. Entrance timestamp: 1221394882070
Exit from method [LookupServiceBean#searchCompaniesByName]. Time spent: 0 ms. Return value: [[ id=15 name=null passcode=null isDeleted=false] [ id=17 name=null passcode=null isDeleted=false]]
Enter into method [LookupServiceBean#getClientStatus]. Argument info: 1. Entrance timestamp: 1221394882070
Exit from method [LookupServiceBean#getClientStatus]. Time spent: 0 ms. Return value: [ id=1 name=null description=null isDeleted=false]
Enter into method [LookupServiceBean#searchProjectsByName]. Argument info: name. Entrance timestamp: 1221394882070
Exit from method [LookupServiceBean#searchProjectsByName]. Time spent: 0 ms. Return value: [[ id=1 name=null description=null salesTax=0.0 client=null company=null childProjects=[]] [ id=7 name=null description=null salesTax=0.0 client=null company=null childProjects=[]]]
Enter into method [LookupServiceBean#retrieveProject]. Argument info: 1. Entrance timestamp: 1221394882070
Exit from method [LookupServiceBean#retrieveProject]. Time spent: 0 ms. Return value: [ id=1 name=null description=null salesTax=0.0 client=null company=null childProjects=[]]
Enter into method [LookupServiceBean#searchCompaniesByName]. Argument info: name. Entrance timestamp: 1221394882070
Exit from method [LookupServiceBean#searchCompaniesByName]. Time spent: 0 ms. Return value: [[ id=15 name=null passcode=null isDeleted=false] [ id=17 name=null passcode=null isDeleted=false]]
Enter into method [LookupServiceBean#getAllClientStatuses]. Entrance timestamp: 1221394882070
Exit from method [LookupServiceBean#getAllClientStatuses]. Time spent: 0 ms. Return value: [[ id=0 name=null description=test1 isDeleted=false] [ id=0 name=null description=test2 isDeleted=false]]
Enter into method [LookupServiceBean#searchClientsByName]. Argument info: name. Entrance timestamp: 1221394882070
Exit from method [LookupServiceBean#searchClientsByName]. Time spent: 0 ms. Return value: [[ id=1 name=Jack codeName=null salesTax=0.0 isDeleted=false company=null clientStatus=null] [ id=7 name=Jack codeName=null salesTax=0.0 isDeleted=false company=null clientStatus=null]]
Enter into method [LookupServiceBean#getClientStatus]. Argument info: 1. Entrance timestamp: 1221394882070
Exit from method [LookupServiceBean#getClientStatus]. Time spent: 0 ms. Return value: [ id=1 name=null description=null isDeleted=false]
Enter into method [LookupServiceBean#getAllProjectStatuses]. Entrance timestamp: 1221394882070
Exit from method [LookupServiceBean#getAllProjectStatuses]. Time spent: 1 ms. Return value: [[ id=0 name=null description=test1 isDeleted=false] [ id=0 name=null description=test2 isDeleted=false]]
Enter into method [LookupServiceBean#getAllClientStatuses]. Entrance timestamp: 1221394882071
Exit from method [LookupServiceBean#getAllClientStatuses]. Time spent: 0 ms. Return value: [[ id=0 name=null description=test1 isDeleted=false] [ id=0 name=null description=test2 isDeleted=false]]
Enter into method [LookupServiceBean#getClientsForCompany]. Argument info: [ id=0 name=null passcode=null isDeleted=false]. Entrance timestamp: 1221394882071
Exit from method [LookupServiceBean#getClientsForCompany]. Time spent: 0 ms. Return value: [[ id=1 name=Jack codeName=null salesTax=0.0 isDeleted=false company=null clientStatus=null] [ id=7 name=Jack codeName=null salesTax=0.0 isDeleted=false company=null clientStatus=null]]
Enter into method [LookupServiceBean#getClientsForCompany]. Argument info: [ id=0 name=null passcode=null isDeleted=false]. Entrance timestamp: 1221394882071
Exit from method [LookupServiceBean#getClientsForCompany]. Time spent: 0 ms. Return value: [[ id=1 name=Jack codeName=null salesTax=0.0 isDeleted=false company=null clientStatus=null] [ id=7 name=Jack codeName=null salesTax=0.0 isDeleted=false company=null clientStatus=null]]
Enter into method [LookupServiceBean#searchClientsByName]. Argument info: name. Entrance timestamp: 1221394882071
Exit from method [LookupServiceBean#searchClientsByName]. Time spent: 0 ms. Return value: [[ id=1 name=Jack codeName=null salesTax=0.0 isDeleted=false company=null clientStatus=null] [ id=7 name=Jack codeName=null salesTax=0.0 isDeleted=false company=null clientStatus=null]]
Enter into method [LookupServiceBean#searchCompaniesByName]. Argument info: name. Entrance timestamp: 1221394882071
Exit from method [LookupServiceBean#searchCompaniesByName]. Time spent: 0 ms. Return value: [[ id=15 name=null passcode=null isDeleted=false] [ id=17 name=null passcode=null isDeleted=false]]
Enter into method [LookupServiceBean#getProjectStatus]. Argument info: 1. Entrance timestamp: 1221394882071
Exit from method [LookupServiceBean#getProjectStatus]. Time spent: 0 ms. Return value: [ id=1 name=null description=null isDeleted=false]
Enter into method [LookupServiceBean#searchProjects]. Argument info: com.topcoder.search.builder.filter.NullFilter@d0be7e. Entrance timestamp: 1221394882071
Exit from method [LookupServiceBean#searchProjects]. Time spent: 1 ms. Return value: [[ id=1 name=null description=null salesTax=0.0 client=null company=null childProjects=[]] [ id=7 name=null description=null salesTax=0.0 client=null company=null childProjects=[]]]
Enter into method [LookupServiceBean#searchCompaniesByName]. Argument info: name. Entrance timestamp: 1221394882072
Exit from method [LookupServiceBean#searchCompaniesByName]. Time spent: 0 ms. Return value: [[ id=15 name=null passcode=null isDeleted=false] [ id=17 name=null passcode=null isDeleted=false]]
Enter into method [LookupServiceBean#getClientsForCompany]. Argument info: [ id=0 name=null passcode=null isDeleted=false]. Entrance timestamp: 1221394882072
Exit from method [LookupServiceBean#getClientsForCompany]. Time spent: 0 ms. Return value: [[ id=1 name=Jack codeName=null salesTax=0.0 isDeleted=false company=null clientStatus=null] [ id=7 name=Jack codeName=null salesTax=0.0 isDeleted=false company=null clientStatus=null]]
Enter into method [LookupServiceBean#searchClients]. Argument info: com.topcoder.search.builder.filter.NullFilter@8a7f23. Entrance timestamp: 1221394882072
Exit from method [LookupServiceBean#searchClients]. Time spent: 0 ms. Return value: [[ id=1 name=Jack codeName=null salesTax=0.0 isDeleted=false company=null clientStatus=null] [ id=7 name=Jack codeName=null salesTax=0.0 isDeleted=false company=null clientStatus=null]]
Enter into method [LookupServiceBean#getProjectsForStatus]. Argument info: [ id=0 name=null description=null isDeleted=false]. Entrance timestamp: 1221394882072
Exit from method [LookupServiceBean#getProjectsForStatus]. Time spent: 0 ms. Return value: [[ id=1 name=null description=null salesTax=0.0 client=null company=null childProjects=[]] [ id=7 name=null description=null salesTax=0.0 client=null company=null childProjects=[]]]
Enter into method [LookupServiceBean#getProjectsForStatus]. Argument info: [ id=0 name=null description=null isDeleted=false]. Entrance timestamp: 1221394882072
Exit from method [LookupServiceBean#getProjectsForStatus]. Time spent: 0 ms. Return value: [[ id=1 name=null description=null salesTax=0.0 client=null company=null childProjects=[]] [ id=7 name=null description=null salesTax=0.0 client=null company=null childProjects=[]]]
Enter into method [LookupServiceBean#retrieveClient]. Argument info: 1. Entrance timestamp: 1221394882072
Exit from method [LookupServiceBean#retrieveClient]. Time spent: 0 ms. Return value: [ id=1 name=Jack codeName=null salesTax=0.0 isDeleted=false company=null clientStatus=null]
Enter into method [LookupServiceBean#retrieveAllClients]. Entrance timestamp: 1221394882072
Exit from method [LookupServiceBean#retrieveAllClients]. Time spent: 0 ms. Return value: [[ id=1 name=Jack codeName=null salesTax=0.0 isDeleted=false company=null clientStatus=null] [ id=7 name=Jack codeName=null salesTax=0.0 isDeleted=false company=null clientStatus=null]]
Enter into method [LookupServiceBean#getProjectStatus]. Argument info: 1. Entrance timestamp: 1221394882072
Exit from method [LookupServiceBean#getProjectStatus]. Time spent: 0 ms. Return value: [ id=1 name=null description=null isDeleted=false]
Enter into method [LookupServiceBean#getProjectsForCompany]. Argument info: [ id=0 name=null passcode=null isDeleted=false]. Entrance timestamp: 1221394882072
Exit from method [LookupServiceBean#getProjectsForCompany]. Time spent: 0 ms. Return value: [[ id=1 name=null description=null salesTax=0.0 client=null company=null childProjects=[]] [ id=7 name=null description=null salesTax=0.0 client=null company=null childProjects=[]]]
Enter into method [LookupServiceBean#searchProjects]. Argument info: com.topcoder.search.builder.filter.NullFilter@a0d422. Entrance timestamp: 1221394882072
Exit from method [LookupServiceBean#searchProjects]. Time spent: 0 ms. Return value: [[ id=1 name=null description=null salesTax=0.0 client=null company=null childProjects=[]] [ id=7 name=null description=null salesTax=0.0 client=null company=null childProjects=[]]]
Enter into method [LookupServiceBean#searchClientsByName]. Argument info: name. Entrance timestamp: 1221394882072
Exit from method [LookupServiceBean#searchClientsByName]. Time spent: 0 ms. Return value: [[ id=1 name=Jack codeName=null salesTax=0.0 isDeleted=false company=null clientStatus=null] [ id=7 name=Jack codeName=null salesTax=0.0 isDeleted=false company=null clientStatus=null]]
Enter into method [LookupServiceBean#retrieveAllClients]. Entrance timestamp: 1221394882072
Exit from method [LookupServiceBean#retrieveAllClients]. Time spent: 0 ms. Return value: [[ id=1 name=Jack codeName=null salesTax=0.0 isDeleted=false company=null clientStatus=null] [ id=7 name=Jack codeName=null salesTax=0.0 isDeleted=false company=null clientStatus=null]]
Enter into method [LookupServiceBean#retrieveAllClients]. Entrance timestamp: 1221394882072
Exit from method [LookupServiceBean#retrieveAllClients]. Time spent: 0 ms. Return value: [[ id=1 name=Jack codeName=null salesTax=0.0 isDeleted=false company=null clientStatus=null] [ id=7 name=Jack codeName=null salesTax=0.0 isDeleted=false company=null clientStatus=null]]
Enter into method [LookupServiceBean#getClientStatus]. Argument info: 1. Entrance timestamp: 1221394882072
Exit from method [LookupServiceBean#getClientStatus]. Time spent: 0 ms. Return value: [ id=1 name=null description=null isDeleted=false]
Enter into method [LookupServiceBean#getProjectStatus]. Argument info: 1. Entrance timestamp: 1221394882072
Exit from method [LookupServiceBean#getProjectStatus]. Time spent: 0 ms. Return value: [ id=1 name=null description=null isDeleted=false]
Enter into method [LookupServiceBean#retrieveAllClients]. Entrance timestamp: 1221394882072
Exit from method [LookupServiceBean#retrieveAllClients]. Time spent: 0 ms. Return value: [[ id=1 name=Jack codeName=null salesTax=0.0 isDeleted=false company=null clientStatus=null] [ id=7 name=Jack codeName=null salesTax=0.0 isDeleted=false company=null clientStatus=null]]
Enter into method [LookupServiceBean#getProjectsForCompany]. Argument info: [ id=0 name=null passcode=null isDeleted=false]. Entrance timestamp: 1221394882072
Exit from method [LookupServiceBean#getProjectsForCompany]. Time spent: 0 ms. Return value: [[ id=1 name=null description=null salesTax=0.0 client=null company=null childProjects=[]] [ id=7 name=null description=null salesTax=0.0 client=null company=null childProjects=[]]]
Enter into method [LookupServiceBean#getClientsForCompany]. Argument info: [ id=0 name=null passcode=null isDeleted=false]. Entrance timestamp: 1221394882073
Exit from method [LookupServiceBean#getClientsForCompany]. Time spent: 0 ms. Return value: [[ id=1 name=Jack codeName=null salesTax=0.0 isDeleted=false company=null clientStatus=null] [ id=7 name=Jack codeName=null salesTax=0.0 isDeleted=false company=null clientStatus=null]]
Enter into method [LookupServiceBean#getAllClientStatuses]. Entrance timestamp: 1221394882073
Exit from method [LookupServiceBean#getAllClientStatuses]. Time spent: 0 ms. Return value: [[ id=0 name=null description=test1 isDeleted=false] [ id=0 name=null description=test2 isDeleted=false]]
Enter into method [LookupServiceBean#searchClients]. Argument info: com.topcoder.search.builder.filter.NullFilter@c72e8f. Entrance timestamp: 1221394882073
Exit from method [LookupServiceBean#searchClients]. Time spent: 0 ms. Return value: [[ id=1 name=Jack codeName=null salesTax=0.0 isDeleted=false company=null clientStatus=null] [ id=7 name=Jack codeName=null salesTax=0.0 isDeleted=false company=null clientStatus=null]]
Enter into method [LookupServiceBean#getAllClientStatuses]. Entrance timestamp: 1221394882073
Exit from method [LookupServiceBean#getAllClientStatuses]. Time spent: 0 ms. Return value: [[ id=0 name=null description=test1 isDeleted=false] [ id=0 name=null description=test2 isDeleted=false]]
Enter into method [LookupServiceBean#retrieveProject]. Argument info: 1. Entrance timestamp: 1221394882073
Exit from method [LookupServiceBean#retrieveProject]. Time spent: 0 ms. Return value: [ id=1 name=null description=null salesTax=0.0 client=null company=null childProjects=[]]
Enter into method [LookupServiceBean#retrieveProjectsForClient]. Argument info: [ id=0 name=null codeName=null salesTax=0.0 isDeleted=false company=null clientStatus=null]. Entrance timestamp: 1221394882073
Exit from method [LookupServiceBean#retrieveProjectsForClient]. Time spent: 0 ms. Return value: [[ id=1 name=null description=null salesTax=0.0 client=null company=null childProjects=[]] [ id=7 name=null description=null salesTax=0.0 client=null company=null childProjects=[]]]
Enter into method [LookupServiceBean#retrieveCompany]. Argument info: 1. Entrance timestamp: 1221394882073
Exit from method [LookupServiceBean#retrieveCompany]. Time spent: 0 ms. Return value: [ id=1 name=null passcode=null isDeleted=false]
Enter into method [LookupServiceBean#getAllClientStatuses]. Entrance timestamp: 1221394882073
Exit from method [LookupServiceBean#getAllClientStatuses]. Time spent: 0 ms. Return value: [[ id=0 name=null description=test1 isDeleted=false] [ id=0 name=null description=test2 isDeleted=false]]
Enter into method [LookupServiceBean#searchClientsByName]. Argument info: name. Entrance timestamp: 1221394882073
Exit from method [LookupServiceBean#searchClientsByName]. Time spent: 0 ms. Return value: [[ id=1 name=Jack codeName=null salesTax=0.0 isDeleted=false company=null clientStatus=null] [ id=7 name=Jack codeName=null salesTax=0.0 isDeleted=false company=null clientStatus=null]]
Enter into method [LookupServiceBean#getProjectsForCompany]. Argument info: [ id=0 name=null passcode=null isDeleted=false]. Entrance timestamp: 1221394882073
Exit from method [LookupServiceBean#getProjectsForCompany]. Time spent: 0 ms. Return value: [[ id=1 name=null description=null salesTax=0.0 client=null company=null childProjects=[]] [ id=7 name=null description=null salesTax=0.0 client=null company=null childProjects=[]]]
Enter into method [LookupServiceBean#retrieveAllClients]. Entrance timestamp: 1221394882073
Exit from method [LookupServiceBean#retrieveAllClients]. Time spent: 0 ms. Return value: [[ id=1 name=Jack codeName=null salesTax=0.0 isDeleted=false company=null clientStatus=null] [ id=7 name=Jack codeName=null salesTax=0.0 isDeleted=false company=null clientStatus=null]]
Enter into method [LookupServiceBean#searchClients]. Argument info: com.topcoder.search.builder.filter.NullFilter@c1cd75. Entrance timestamp: 1221394882073
Exit from method [LookupServiceBean#searchClients]. Time spent: 0 ms. Return value: [[ id=1 name=Jack codeName=null salesTax=0.0 isDeleted=false company=null clientStatus=null] [ id=7 name=Jack codeName=null salesTax=0.0 isDeleted=false company=null clientStatus=null]]
Enter into method [LookupServiceBean#searchCompaniesByName]. Argument info: name. Entrance timestamp: 1221394882073
Exit from method [LookupServiceBean#searchCompaniesByName]. Time spent: 0 ms. Return value: [[ id=15 name=null passcode=null isDeleted=false] [ id=17 name=null passcode=null isDeleted=false]]
Enter into method [LookupServiceBean#searchCompanies]. Argument info: com.topcoder.search.builder.filter.NullFilter@197d96f. Entrance timestamp: 1221394882073
Exit from method [LookupServiceBean#searchCompanies]. Time spent: 0 ms. Return value: [[ id=15 name=null passcode=null isDeleted=false] [ id=17 name=null passcode=null isDeleted=false]]
Enter into method [LookupServiceBean#retrieveProjectsForClient]. Argument info: [ id=0 name=null codeName=null salesTax=0.0 isDeleted=false company=null clientStatus=null]. Entrance timestamp: 1221394882073
Exit from method [LookupServiceBean#retrieveProjectsForClient]. Time spent: 0 ms. Return value: [[ id=1 name=null description=null salesTax=0.0 client=null company=null childProjects=[]] [ id=7 name=null description=null salesTax=0.0 client=null company=null childProjects=[]]]
Enter into method [LookupServiceBean#retrieveClient]. Argument info: 1. Entrance timestamp: 1221394882073
Exit from method [LookupServiceBean#retrieveClient]. Time spent: 0 ms. Return value: [ id=1 name=Jack codeName=null salesTax=0.0 isDeleted=false company=null clientStatus=null]
Enter into method [LookupServiceBean#searchProjectsByName]. Argument info: name. Entrance timestamp: 1221394882073
Exit from method [LookupServiceBean#searchProjectsByName]. Time spent: 0 ms. Return value: [[ id=1 name=null description=null salesTax=0.0 client=null company=null childProjects=[]] [ id=7 name=null description=null salesTax=0.0 client=null company=null childProjects=[]]]
Enter into method [LookupServiceBean#searchProjects]. Argument info: com.topcoder.search.builder.filter.NullFilter@4424f9. Entrance timestamp: 1221394882073
Exit from method [LookupServiceBean#searchProjects]. Time spent: 0 ms. Return value: [[ id=1 name=null description=null salesTax=0.0 client=null company=null childProjects=[]] [ id=7 name=null description=null salesTax=0.0 client=null company=null childProjects=[]]]
Enter into method [LookupServiceBean#searchProjects]. Argument info: com.topcoder.search.builder.filter.NullFilter@1d78ffd. Entrance timestamp: 1221394882074
Exit from method [LookupServiceBean#searchProjects]. Time spent: 0 ms. Return value: [[ id=1 name=null description=null salesTax=0.0 client=null company=null childProjects=[]] [ id=7 name=null description=null salesTax=0.0 client=null company=null childProjects=[]]]
Enter into method [LookupServiceBean#retrieveProjectsForClient]. Argument info: [ id=0 name=null codeName=null salesTax=0.0 isDeleted=false company=null clientStatus=null]. Entrance timestamp: 1221394882074
Exit from method [LookupServiceBean#retrieveProjectsForClient]. Time spent: 0 ms. Return value: [[ id=1 name=null description=null salesTax=0.0 client=null company=null childProjects=[]] [ id=7 name=null description=null salesTax=0.0 client=null company=null childProjects=[]]]
Enter into method [LookupServiceBean#searchClientsByName]. Argument info: name. Entrance timestamp: 1221394882074
Exit from method [LookupServiceBean#searchClientsByName]. Time spent: 0 ms. Return value: [[ id=1 name=Jack codeName=null salesTax=0.0 isDeleted=false company=null clientStatus=null] [ id=7 name=Jack codeName=null salesTax=0.0 isDeleted=false company=null clientStatus=null]]
Enter into method [LookupServiceBean#searchClients]. Argument info: com.topcoder.search.builder.filter.NullFilter@12e49bc. Entrance timestamp: 1221394882074
Exit from method [LookupServiceBean#searchClients]. Time spent: 0 ms. Return value: [[ id=1 name=Jack codeName=null salesTax=0.0 isDeleted=false company=null clientStatus=null] [ id=7 name=Jack codeName=null salesTax=0.0 isDeleted=false company=null clientStatus=null]]
Enter into method [LookupServiceBean#searchProjectsByName]. Argument info: name. Entrance timestamp: 1221394882074
Exit from method [LookupServiceBean#searchProjectsByName]. Time spent: 0 ms. Return value: [[ id=1 name=null description=null salesTax=0.0 client=null company=null childProjects=[]] [ id=7 name=null description=null salesTax=0.0 client=null company=null childProjects=[]]]
Enter into method [LookupServiceBean#retrieveAllClients]. Entrance timestamp: 1221394882074
Exit from method [LookupServiceBean#retrieveAllClients]. Time spent: 0 ms. Return value: [[ id=1 name=Jack codeName=null salesTax=0.0 isDeleted=false company=null clientStatus=null] [ id=7 name=Jack codeName=null salesTax=0.0 isDeleted=false company=null clientStatus=null]]
Enter into method [LookupServiceBean#getProjectsForCompany]. Argument info: [ id=0 name=null passcode=null isDeleted=false]. Entrance timestamp: 1221394882074
Exit from method [LookupServiceBean#getProjectsForCompany]. Time spent: 0 ms. Return value: [[ id=1 name=null description=null salesTax=0.0 client=null company=null childProjects=[]] [ id=7 name=null description=null salesTax=0.0 client=null company=null childProjects=[]]]
Enter into method [LookupServiceBean#retrieveClient]. Argument info: 1. Entrance timestamp: 1221394882074
Exit from method [LookupServiceBean#retrieveClient]. Time spent: 0 ms. Return value: [ id=1 name=Jack codeName=null salesTax=0.0 isDeleted=false company=null clientStatus=null]
Enter into method [LookupServiceBean#retrieveAllCompanies]. Entrance timestamp: 1221394882074
Exit from method [LookupServiceBean#retrieveAllCompanies]. Time spent: 0 ms. Return value: [[ id=15 name=null passcode=null isDeleted=false] [ id=17 name=null passcode=null isDeleted=false]]
Enter into method [LookupServiceBean#getClientsForStatus]. Argument info: [ id=0 name=null description=null isDeleted=false]. Entrance timestamp: 1221394882074
Exit from method [LookupServiceBean#getClientsForStatus]. Time spent: 0 ms. Return value: [[ id=1 name=Jack codeName=null salesTax=0.0 isDeleted=false company=null clientStatus=null] [ id=7 name=Jack codeName=null salesTax=0.0 isDeleted=false company=null clientStatus=null]]
Enter into method [LookupServiceBean#searchClients]. Argument info: com.topcoder.search.builder.filter.NullFilter@1eaf91f. Entrance timestamp: 1221394882074
Exit from method [LookupServiceBean#searchClients]. Time spent: 0 ms. Return value: [[ id=1 name=Jack codeName=null salesTax=0.0 isDeleted=false company=null clientStatus=null] [ id=7 name=Jack codeName=null salesTax=0.0 isDeleted=false company=null clientStatus=null]]
Enter into method [LookupServiceBean#searchClientsByName]. Argument info: name. Entrance timestamp: 1221394882074
Exit from method [LookupServiceBean#searchClientsByName]. Time spent: 0 ms. Return value: [[ id=1 name=Jack codeName=null salesTax=0.0 isDeleted=false company=null clientStatus=null] [ id=7 name=Jack codeName=null salesTax=0.0 isDeleted=false company=null clientStatus=null]]
Enter into method [LookupServiceBean#getProjectsForStatus]. Argument info: [ id=0 name=null description=null isDeleted=false]. Entrance timestamp: 1221394882074
Exit from method [LookupServiceBean#getProjectsForStatus]. Time spent: 0 ms. Return value: [[ id=1 name=null description=null salesTax=0.0 client=null company=null childProjects=[]] [ id=7 name=null description=null salesTax=0.0 client=null company=null childProjects=[]]]
Enter into method [LookupServiceBean#retrieveProject]. Argument info: 1. Entrance timestamp: 1221394882074
Exit from method [LookupServiceBean#retrieveProject]. Time spent: 1 ms. Return value: [ id=1 name=null description=null salesTax=0.0 client=null company=null childProjects=[]]
Enter into method [LookupServiceBean#searchCompanies]. Argument info: com.topcoder.search.builder.filter.NullFilter@1899472. Entrance timestamp: 1221394882075
Exit from method [LookupServiceBean#searchCompanies]. Time spent: 0 ms. Return value: [[ id=15 name=null passcode=null isDeleted=false] [ id=17 name=null passcode=null isDeleted=false]]
Enter into method [LookupServiceBean#getProjectStatus]. Argument info: 1. Entrance timestamp: 1221394882075
Exit from method [LookupServiceBean#getProjectStatus]. Time spent: 0 ms. Return value: [ id=1 name=null description=null isDeleted=false]
Enter into method [LookupServiceBean#getAllProjectStatuses]. Entrance timestamp: 1221394882075
Exit from method [LookupServiceBean#getAllProjectStatuses]. Time spent: 0 ms. Return value: [[ id=0 name=null description=test1 isDeleted=false] [ id=0 name=null description=test2 isDeleted=false]]
Enter into method [LookupServiceBean#searchProjectsByName]. Argument info: name. Entrance timestamp: 1221394882075
Exit from method [LookupServiceBean#searchProjectsByName]. Time spent: 0 ms. Return value: [[ id=1 name=null description=null salesTax=0.0 client=null company=null childProjects=[]] [ id=7 name=null description=null salesTax=0.0 client=null company=null childProjects=[]]]
Enter into method [LookupServiceBean#getAllClientStatuses]. Entrance timestamp: 1221394882075
Exit from method [LookupServiceBean#getAllClientStatuses]. Time spent: 0 ms. Return value: [[ id=0 name=null description=test1 isDeleted=false] [ id=0 name=null description=test2 isDeleted=false]]
Enter into method [LookupServiceBean#getAllClientStatuses]. Entrance timestamp: 1221394882075
Exit from method [LookupServiceBean#getAllClientStatuses]. Time spent: 0 ms. Return value: [[ id=0 name=null description=test1 isDeleted=false] [ id=0 name=null description=test2 isDeleted=false]]
Enter into method [LookupServiceBean#getClientsForCompany]. Argument info: [ id=0 name=null passcode=null isDeleted=false]. Entrance timestamp: 1221394882075
Exit from method [LookupServiceBean#getClientsForCompany]. Time spent: 0 ms. Return value: [[ id=1 name=Jack codeName=null salesTax=0.0 isDeleted=false company=null clientStatus=null] [ id=7 name=Jack codeName=null salesTax=0.0 isDeleted=false company=null clientStatus=null]]
Enter into method [LookupServiceBean#searchCompaniesByName]. Argument info: name. Entrance timestamp: 1221394882075
Exit from method [LookupServiceBean#searchCompaniesByName]. Time spent: 0 ms. Return value: [[ id=15 name=null passcode=null isDeleted=false] [ id=17 name=null passcode=null isDeleted=false]]
Enter into method [LookupServiceBean#retrieveCompany]. Argument info: 1. Entrance timestamp: 1221394882075
Exit from method [LookupServiceBean#retrieveCompany]. Time spent: 0 ms. Return value: [ id=1 name=null passcode=null isDeleted=false]
Enter into method [LookupServiceBean#getAllClientStatuses]. Entrance timestamp: 1221394882075
Exit from method [LookupServiceBean#getAllClientStatuses]. Time spent: 0 ms. Return value: [[ id=0 name=null description=test1 isDeleted=false] [ id=0 name=null description=test2 isDeleted=false]]
Enter into method [LookupServiceBean#getProjectsForCompany]. Argument info: [ id=0 name=null passcode=null isDeleted=false]. Entrance timestamp: 1221394882075
Exit from method [LookupServiceBean#getProjectsForCompany]. Time spent: 0 ms. Return value: [[ id=1 name=null description=null salesTax=0.0 client=null company=null childProjects=[]] [ id=7 name=null description=null salesTax=0.0 client=null company=null childProjects=[]]]
Enter into method [LookupServiceBean#getAllClientStatuses]. Entrance timestamp: 1221394882075
Exit from method [LookupServiceBean#getAllClientStatuses]. Time spent: 0 ms. Return value: [[ id=0 name=null description=test1 isDeleted=false] [ id=0 name=null description=test2 isDeleted=false]]
Enter into method [LookupServiceBean#getAllClientStatuses]. Entrance timestamp: 1221394882075
Exit from method [LookupServiceBean#getAllClientStatuses]. Time spent: 0 ms. Return value: [[ id=0 name=null description=test1 isDeleted=false] [ id=0 name=null description=test2 isDeleted=false]]
Enter into method [LookupServiceBean#getAllProjectStatuses]. Entrance timestamp: 1221394882075
Exit from method [LookupServiceBean#getAllProjectStatuses]. Time spent: 0 ms. Return value: [[ id=0 name=null description=test1 isDeleted=false] [ id=0 name=null description=test2 isDeleted=false]]
Enter into method [LookupServiceBean#retrieveProject]. Argument info: 1. Entrance timestamp: 1221394882075
Exit from method [LookupServiceBean#retrieveProject]. Time spent: 1 ms. Return value: [ id=1 name=null description=null salesTax=0.0 client=null company=null childProjects=[]]
Enter into method [LookupServiceBean#getProjectsForCompany]. Argument info: [ id=0 name=null passcode=null isDeleted=false]. Entrance timestamp: 1221394882076
Exit from method [LookupServiceBean#getProjectsForCompany]. Time spent: 0 ms. Return value: [[ id=1 name=null description=null salesTax=0.0 client=null company=null childProjects=[]] [ id=7 name=null description=null salesTax=0.0 client=null company=null childProjects=[]]]
Enter into method [LookupServiceBean#retrieveProjectsForClient]. Argument info: [ id=0 name=null codeName=null salesTax=0.0 isDeleted=false company=null clientStatus=null]. Entrance timestamp: 1221394882076
Exit from method [LookupServiceBean#retrieveProjectsForClient]. Time spent: 0 ms. Return value: [[ id=1 name=null description=null salesTax=0.0 client=null company=null childProjects=[]] [ id=7 name=null description=null salesTax=0.0 client=null company=null childProjects=[]]]
Enter into method [LookupServiceBean#getClientsForCompany]. Argument info: [ id=0 name=null passcode=null isDeleted=false]. Entrance timestamp: 1221394882076
Exit from method [LookupServiceBean#getClientsForCompany]. Time spent: 0 ms. Return value: [[ id=1 name=Jack codeName=null salesTax=0.0 isDeleted=false company=null clientStatus=null] [ id=7 name=Jack codeName=null salesTax=0.0 isDeleted=false company=null clientStatus=null]]
Enter into method [LookupServiceBean#retrieveAllCompanies]. Entrance timestamp: 1221394882076
Exit from method [LookupServiceBean#retrieveAllCompanies]. Time spent: 0 ms. Return value: [[ id=15 name=null passcode=null isDeleted=false] [ id=17 name=null passcode=null isDeleted=false]]
Enter into method [LookupServiceBean#searchProjects]. Argument info: com.topcoder.search.builder.filter.NullFilter@170cd42. Entrance timestamp: 1221394882076
Exit from method [LookupServiceBean#searchProjects]. Time spent: 0 ms. Return value: [[ id=1 name=null description=null salesTax=0.0 client=null company=null childProjects=[]] [ id=7 name=null description=null salesTax=0.0 client=null company=null childProjects=[]]]
Enter into method [LookupServiceBean#searchClientsByName]. Argument info: name. Entrance timestamp: 1221394882076
Exit from method [LookupServiceBean#searchClientsByName]. Time spent: 0 ms. Return value: [[ id=1 name=Jack codeName=null salesTax=0.0 isDeleted=false company=null clientStatus=null] [ id=7 name=Jack codeName=null salesTax=0.0 isDeleted=false company=null clientStatus=null]]
Enter into method [LookupServiceBean#searchProjectsByName]. Argument info: name. Entrance timestamp: 1221394882076
Exit from method [LookupServiceBean#searchProjectsByName]. Time spent: 0 ms. Return value: [[ id=1 name=null description=null salesTax=0.0 client=null company=null childProjects=[]] [ id=7 name=null description=null salesTax=0.0 client=null company=null childProjects=[]]]
Enter into method [LookupServiceBean#searchProjects]. Argument info: com.topcoder.search.builder.filter.NullFilter@b3bc48. Entrance timestamp: 1221394882076
Exit from method [LookupServiceBean#searchProjects]. Time spent: 0 ms. Return value: [[ id=1 name=null description=null salesTax=0.0 client=null company=null childProjects=[]] [ id=7 name=null description=null salesTax=0.0 client=null company=null childProjects=[]]]
Enter into method [LookupServiceBean#searchCompaniesByName]. Argument info: name. Entrance timestamp: 1221394882076
Exit from method [LookupServiceBean#searchCompaniesByName]. Time spent: 0 ms. Return value: [[ id=15 name=null passcode=null isDeleted=false] [ id=17 name=null passcode=null isDeleted=false]]
Enter into method [LookupServiceBean#searchProjects]. Argument info: com.topcoder.search.builder.filter.NullFilter@e4b8a. Entrance timestamp: 1221394882076
Exit from method [LookupServiceBean#searchProjects]. Time spent: 0 ms. Return value: [[ id=1 name=null description=null salesTax=0.0 client=null company=null childProjects=[]] [ id=7 name=null description=null salesTax=0.0 client=null company=null childProjects=[]]]
Enter into method [LookupServiceBean#getProjectsForStatus]. Argument info: [ id=0 name=null description=null isDeleted=false]. Entrance timestamp: 1221394882076
Exit from method [LookupServiceBean#getProjectsForStatus]. Time spent: 0 ms. Return value: [[ id=1 name=null description=null salesTax=0.0 client=null company=null childProjects=[]] [ id=7 name=null description=null salesTax=0.0 client=null company=null childProjects=[]]]
Enter into method [LookupServiceBean#getAllProjectStatuses]. Entrance timestamp: 1221394882076
Exit from method [LookupServiceBean#getAllProjectStatuses]. Time spent: 0 ms. Return value: [[ id=0 name=null description=test1 isDeleted=false] [ id=0 name=null description=test2 isDeleted=false]]
Enter into method [LookupServiceBean#retrieveAllClients]. Entrance timestamp: 1221394882076
Exit from method [LookupServiceBean#retrieveAllClients]. Time spent: 0 ms. Return value: [[ id=1 name=Jack codeName=null salesTax=0.0 isDeleted=false company=null clientStatus=null] [ id=7 name=Jack codeName=null salesTax=0.0 isDeleted=false company=null clientStatus=null]]
Enter into method [LookupServiceBean#getProjectsForStatus]. Argument info: [ id=0 name=null description=null isDeleted=false]. Entrance timestamp: 1221394882076
Exit from method [LookupServiceBean#getProjectsForStatus]. Time spent: 0 ms. Return value: [[ id=1 name=null description=null salesTax=0.0 client=null company=null childProjects=[]] [ id=7 name=null description=null salesTax=0.0 client=null company=null childProjects=[]]]
Enter into method [LookupServiceBean#retrieveCompany]. Argument info: 1. Entrance timestamp: 1221394882076
Exit from method [LookupServiceBean#retrieveCompany]. Time spent: 0 ms. Return value: [ id=1 name=null passcode=null isDeleted=false]
Enter into method [LookupServiceBean#getAllClientStatuses]. Entrance timestamp: 1221394882076
Exit from method [LookupServiceBean#getAllClientStatuses]. Time spent: 0 ms. Return value: [[ id=0 name=null description=test1 isDeleted=false] [ id=0 name=null description=test2 isDeleted=false]]
Enter into method [LookupServiceBean#retrieveProject]. Argument info: 1. Entrance timestamp: 1221394882076
Exit from method [LookupServiceBean#retrieveProject]. Time spent: 0 ms. Return value: [ id=1 name=null description=null salesTax=0.0 client=null company=null childProjects=[]]
Enter into method [LookupServiceBean#retrieveCompany]. Argument info: 1. Entrance timestamp: 1221394882077
Exit from method [LookupServiceBean#retrieveCompany]. Time spent: 0 ms. Return value: [ id=1 name=null passcode=null isDeleted=false]
Enter into method [LookupServiceBean#getAllClientStatuses]. Entrance timestamp: 1221394882077
Exit from method [LookupServiceBean#getAllClientStatuses]. Time spent: 0 ms. Return value: [[ id=0 name=null description=test1 isDeleted=false] [ id=0 name=null description=test2 isDeleted=false]]
Enter into method [LookupServiceBean#getAllClientStatuses]. Entrance timestamp: 1221394882077
Exit from method [LookupServiceBean#getAllClientStatuses]. Time spent: 0 ms. Return value: [[ id=0 name=null description=test1 isDeleted=false] [ id=0 name=null description=test2 isDeleted=false]]
Enter into method [LookupServiceBean#getClientStatus]. Argument info: 1. Entrance timestamp: 1221394882077
Exit from method [LookupServiceBean#getClientStatus]. Time spent: 0 ms. Return value: [ id=1 name=null description=null isDeleted=false]
Enter into method [LookupServiceBean#retrieveProjectsForClient]. Argument info: [ id=0 name=null codeName=null salesTax=0.0 isDeleted=false company=null clientStatus=null]. Entrance timestamp: 1221394882077
Exit from method [LookupServiceBean#retrieveProjectsForClient]. Time spent: 0 ms. Return value: [[ id=1 name=null description=null salesTax=0.0 client=null company=null childProjects=[]] [ id=7 name=null description=null salesTax=0.0 client=null company=null childProjects=[]]]
Enter into method [LookupServiceBean#retrieveProjectsForClient]. Argument info: [ id=0 name=null codeName=null salesTax=0.0 isDeleted=false company=null clientStatus=null]. Entrance timestamp: 1221394882077
Exit from method [LookupServiceBean#retrieveProjectsForClient]. Time spent: 0 ms. Return value: [[ id=1 name=null description=null salesTax=0.0 client=null company=null childProjects=[]] [ id=7 name=null description=null salesTax=0.0 client=null company=null childProjects=[]]]
Enter into method [LookupServiceBean#getAllClientStatuses]. Entrance timestamp: 1221394882077
Exit from method [LookupServiceBean#getAllClientStatuses]. Time spent: 0 ms. Return value: [[ id=0 name=null description=test1 isDeleted=false] [ id=0 name=null description=test2 isDeleted=false]]
Enter into method [LookupServiceBean#searchCompaniesByName]. Argument info: name. Entrance timestamp: 1221394882077
Exit from method [LookupServiceBean#searchCompaniesByName]. Time spent: 0 ms. Return value: [[ id=15 name=null passcode=null isDeleted=false] [ id=17 name=null passcode=null isDeleted=false]]
Enter into method [LookupServiceBean#retrieveAllCompanies]. Entrance timestamp: 1221394882077
Exit from method [LookupServiceBean#retrieveAllCompanies]. Time spent: 0 ms. Return value: [[ id=15 name=null passcode=null isDeleted=false] [ id=17 name=null passcode=null isDeleted=false]]
Enter into method [LookupServiceBean#getClientsForStatus]. Argument info: [ id=0 name=null description=null isDeleted=false]. Entrance timestamp: 1221394882077
Exit from method [LookupServiceBean#getClientsForStatus]. Time spent: 0 ms. Return value: [[ id=1 name=Jack codeName=null salesTax=0.0 isDeleted=false company=null clientStatus=null] [ id=7 name=Jack codeName=null salesTax=0.0 isDeleted=false company=null clientStatus=null]]
Enter into method [LookupServiceBean#getClientsForStatus]. Argument info: [ id=0 name=null description=null isDeleted=false]. Entrance timestamp: 1221394882077
Exit from method [LookupServiceBean#getClientsForStatus]. Time spent: 0 ms. Return value: [[ id=1 name=Jack codeName=null salesTax=0.0 isDeleted=false company=null clientStatus=null] [ id=7 name=Jack codeName=null salesTax=0.0 isDeleted=false company=null clientStatus=null]]
Enter into method [LookupServiceBean#getClientStatus]. Argument info: 1. Entrance timestamp: 1221394882077
Exit from method [LookupServiceBean#getClientStatus]. Time spent: 0 ms. Return value: [ id=1 name=null description=null isDeleted=false]
Enter into method [LookupServiceBean#searchClients]. Argument info: com.topcoder.search.builder.filter.NullFilter@81876b. Entrance timestamp: 1221394882077
Exit from method [LookupServiceBean#searchClients]. Time spent: 0 ms. Return value: [[ id=1 name=Jack codeName=null salesTax=0.0 isDeleted=false company=null clientStatus=null] [ id=7 name=Jack codeName=null salesTax=0.0 isDeleted=false company=null clientStatus=null]]
Enter into method [LookupServiceBean#searchClientsByName]. Argument info: name. Entrance timestamp: 1221394882077
Exit from method [LookupServiceBean#searchClientsByName]. Time spent: 0 ms. Return value: [[ id=1 name=Jack codeName=null salesTax=0.0 isDeleted=false company=null clientStatus=null] [ id=7 name=Jack codeName=null salesTax=0.0 isDeleted=false company=null clientStatus=null]]
Enter into method [LookupServiceBean#searchClientsByName]. Argument info: name. Entrance timestamp: 1221394882077
Exit from method [LookupServiceBean#searchClientsByName]. Time spent: 0 ms. Return value: [[ id=1 name=Jack codeName=null salesTax=0.0 isDeleted=false company=null clientStatus=null] [ id=7 name=Jack codeName=null salesTax=0.0 isDeleted=false company=null clientStatus=null]]
Enter into method [LookupServiceBean#searchCompanies]. Argument info: com.topcoder.search.builder.filter.NullFilter@1e1ab17. Entrance timestamp: 1221394882077
Exit from method [LookupServiceBean#searchCompanies]. Time spent: 0 ms. Return value: [[ id=15 name=null passcode=null isDeleted=false] [ id=17 name=null passcode=null isDeleted=false]]
Enter into method [LookupServiceBean#getClientsForStatus]. Argument info: [ id=0 name=null description=null isDeleted=false]. Entrance timestamp: 1221394882077
Exit from method [LookupServiceBean#getClientsForStatus]. Time spent: 0 ms. Return value: [[ id=1 name=Jack codeName=null salesTax=0.0 isDeleted=false company=null clientStatus=null] [ id=7 name=Jack codeName=null salesTax=0.0 isDeleted=false company=null clientStatus=null]]
Enter into method [LookupServiceBean#getProjectStatus]. Argument info: 1. Entrance timestamp: 1221394882077
Exit from method [LookupServiceBean#getProjectStatus]. Time spent: 0 ms. Return value: [ id=1 name=null description=null isDeleted=false]
Enter into method [LookupServiceBean#retrieveCompany]. Argument info: 1. Entrance timestamp: 1221394882077
Exit from method [LookupServiceBean#retrieveCompany]. Time spent: 0 ms. Return value: [ id=1 name=null passcode=null isDeleted=false]
Enter into method [LookupServiceBean#retrieveAllClients]. Entrance timestamp: 1221394882077
Exit from method [LookupServiceBean#retrieveAllClients]. Time spent: 0 ms. Return value: [[ id=1 name=Jack codeName=null salesTax=0.0 isDeleted=false company=null clientStatus=null] [ id=7 name=Jack codeName=null salesTax=0.0 isDeleted=false company=null clientStatus=null]]
Enter into method [LookupServiceBean#getProjectStatus]. Argument info: 1. Entrance timestamp: 1221394882077
Exit from method [LookupServiceBean#getProjectStatus]. Time spent: 1 ms. Return value: [ id=1 name=null description=null isDeleted=false]
Enter into method [LookupServiceBean#getClientStatus]. Argument info: 1. Entrance timestamp: 1221394882078
Exit from method [LookupServiceBean#getClientStatus]. Time spent: 0 ms. Return value: [ id=1 name=null description=null isDeleted=false]
Enter into method [LookupServiceBean#retrieveProjectsForClient]. Argument info: [ id=0 name=null codeName=null salesTax=0.0 isDeleted=false company=null clientStatus=null]. Entrance timestamp: 1221394882078
Exit from method [LookupServiceBean#retrieveProjectsForClient]. Time spent: 0 ms. Return value: [[ id=1 name=null description=null salesTax=0.0 client=null company=null childProjects=[]] [ id=7 name=null description=null salesTax=0.0 client=null company=null childProjects=[]]]
Enter into method [LookupServiceBean#searchProjects]. Argument info: com.topcoder.search.builder.filter.NullFilter@a7a849. Entrance timestamp: 1221394882078
Exit from method [LookupServiceBean#searchProjects]. Time spent: 0 ms. Return value: [[ id=1 name=null description=null salesTax=0.0 client=null company=null childProjects=[]] [ id=7 name=null description=null salesTax=0.0 client=null company=null childProjects=[]]]
Enter into method [LookupServiceBean#retrieveClient]. Argument info: 1. Entrance timestamp: 1221394882078
Exit from method [LookupServiceBean#retrieveClient]. Time spent: 0 ms. Return value: [ id=1 name=Jack codeName=null salesTax=0.0 isDeleted=false company=null clientStatus=null]
Enter into method [LookupServiceBean#searchClients]. Argument info: com.topcoder.search.builder.filter.NullFilter@1195929. Entrance timestamp: 1221394882078
Exit from method [LookupServiceBean#searchClients]. Time spent: 0 ms. Return value: [[ id=1 name=Jack codeName=null salesTax=0.0 isDeleted=false company=null clientStatus=null] [ id=7 name=Jack codeName=null salesTax=0.0 isDeleted=false company=null clientStatus=null]]
Enter into method [LookupServiceBean#retrieveAllCompanies]. Entrance timestamp: 1221394882078
Exit from method [LookupServiceBean#retrieveAllCompanies]. Time spent: 0 ms. Return value: [[ id=15 name=null passcode=null isDeleted=false] [ id=17 name=null passcode=null isDeleted=false]]
Enter into method [LookupServiceBean#getClientsForCompany]. Argument info: [ id=0 name=null passcode=null isDeleted=false]. Entrance timestamp: 1221394882079
Exit from method [LookupServiceBean#getClientsForCompany]. Time spent: 0 ms. Return value: [[ id=1 name=Jack codeName=null salesTax=0.0 isDeleted=false company=null clientStatus=null] [ id=7 name=Jack codeName=null salesTax=0.0 isDeleted=false company=null clientStatus=null]]
Enter into method [LookupServiceBean#retrieveProjectsForClient]. Argument info: [ id=0 name=null codeName=null salesTax=0.0 isDeleted=false company=null clientStatus=null]. Entrance timestamp: 1221394882079
Exit from method [LookupServiceBean#retrieveProjectsForClient]. Time spent: 0 ms. Return value: [[ id=1 name=null description=null salesTax=0.0 client=null company=null childProjects=[]] [ id=7 name=null description=null salesTax=0.0 client=null company=null childProjects=[]]]
Enter into method [LookupServiceBean#retrieveProjectsForClient]. Argument info: [ id=0 name=null codeName=null salesTax=0.0 isDeleted=false company=null clientStatus=null]. Entrance timestamp: 1221394882079
Exit from method [LookupServiceBean#retrieveProjectsForClient]. Time spent: 0 ms. Return value: [[ id=1 name=null description=null salesTax=0.0 client=null company=null childProjects=[]] [ id=7 name=null description=null salesTax=0.0 client=null company=null childProjects=[]]]
Enter into method [LookupServiceBean#retrieveAllClients]. Entrance timestamp: 1221394882079
Exit from method [LookupServiceBean#retrieveAllClients]. Time spent: 0 ms. Return value: [[ id=1 name=Jack codeName=null salesTax=0.0 isDeleted=false company=null clientStatus=null] [ id=7 name=Jack codeName=null salesTax=0.0 isDeleted=false company=null clientStatus=null]]
Enter into method [LookupServiceBean#getClientStatus]. Argument info: 1. Entrance timestamp: 1221394882079
Exit from method [LookupServiceBean#getClientStatus]. Time spent: 0 ms. Return value: [ id=1 name=null description=null isDeleted=false]
Enter into method [LookupServiceBean#retrieveProjectsForClient]. Argument info: [ id=0 name=null codeName=null salesTax=0.0 isDeleted=false company=null clientStatus=null]. Entrance timestamp: 1221394882079
Exit from method [LookupServiceBean#retrieveProjectsForClient]. Time spent: 0 ms. Return value: [[ id=1 name=null description=null salesTax=0.0 client=null company=null childProjects=[]] [ id=7 name=null description=null salesTax=0.0 client=null company=null childProjects=[]]]
Enter into method [LookupServiceBean#searchCompanies]. Argument info: com.topcoder.search.builder.filter.NullFilter@12ccbba. Entrance timestamp: 1221394882079
Exit from method [LookupServiceBean#searchCompanies]. Time spent: 0 ms. Return value: [[ id=15 name=null passcode=null isDeleted=false] [ id=17 name=null passcode=null isDeleted=false]]
Enter into method [LookupServiceBean#retrieveProjectsForClient]. Argument info: [ id=0 name=null codeName=null salesTax=0.0 isDeleted=false company=null clientStatus=null]. Entrance timestamp: 1221394882079
Exit from method [LookupServiceBean#retrieveProjectsForClient]. Time spent: 0 ms. Return value: [[ id=1 name=null description=null salesTax=0.0 client=null company=null childProjects=[]] [ id=7 name=null description=null salesTax=0.0 client=null company=null childProjects=[]]]
Enter into method [LookupServiceBean#getProjectStatus]. Argument info: 1. Entrance timestamp: 1221394882079
Exit from method [LookupServiceBean#getProjectStatus]. Time spent: 0 ms. Return value: [ id=1 name=null description=null isDeleted=false]
Enter into method [LookupServiceBean#getProjectsForStatus]. Argument info: [ id=0 name=null description=null isDeleted=false]. Entrance timestamp: 1221394882079
Exit from method [LookupServiceBean#getProjectsForStatus]. Time spent: 0 ms. Return value: [[ id=1 name=null description=null salesTax=0.0 client=null company=null childProjects=[]] [ id=7 name=null description=null salesTax=0.0 client=null company=null childProjects=[]]]
Enter into method [LookupServiceBean#getProjectStatus]. Argument info: 1. Entrance timestamp: 1221394882079
Exit from method [LookupServiceBean#getProjectStatus]. Time spent: 0 ms. Return value: [ id=1 name=null description=null isDeleted=false]
Enter into method [LookupServiceBean#searchClientsByName]. Argument info: name. Entrance timestamp: 1221394882079
Exit from method [LookupServiceBean#searchClientsByName]. Time spent: 0 ms. Return value: [[ id=1 name=Jack codeName=null salesTax=0.0 isDeleted=false company=null clientStatus=null] [ id=7 name=Jack codeName=null salesTax=0.0 isDeleted=false company=null clientStatus=null]]
Enter into method [LookupServiceBean#getProjectsForStatus]. Argument info: [ id=0 name=null description=null isDeleted=false]. Entrance timestamp: 1221394882079
Exit from method [LookupServiceBean#getProjectsForStatus]. Time spent: 0 ms. Return value: [[ id=1 name=null description=null salesTax=0.0 client=null company=null childProjects=[]] [ id=7 name=null description=null salesTax=0.0 client=null company=null childProjects=[]]]
Enter into method [LookupServiceBean#getProjectsForCompany]. Argument info: [ id=0 name=null passcode=null isDeleted=false]. Entrance timestamp: 1221394882079
Exit from method [LookupServiceBean#getProjectsForCompany]. Time spent: 0 ms. Return value: [[ id=1 name=null description=null salesTax=0.0 client=null company=null childProjects=[]] [ id=7 name=null description=null salesTax=0.0 client=null company=null childProjects=[]]]
Enter into method [LookupServiceBean#getClientsForStatus]. Argument info: [ id=0 name=null description=null isDeleted=false]. Entrance timestamp: 1221394882079
Exit from method [LookupServiceBean#getClientsForStatus]. Time spent: 0 ms. Return value: [[ id=1 name=Jack codeName=null salesTax=0.0 isDeleted=false company=null clientStatus=null] [ id=7 name=Jack codeName=null salesTax=0.0 isDeleted=false company=null clientStatus=null]]
Enter into method [LookupServiceBean#retrieveAllClients]. Entrance timestamp: 1221394882079
Exit from method [LookupServiceBean#retrieveAllClients]. Time spent: 0 ms. Return value: [[ id=1 name=Jack codeName=null salesTax=0.0 isDeleted=false company=null clientStatus=null] [ id=7 name=Jack codeName=null salesTax=0.0 isDeleted=false company=null clientStatus=null]]
Enter into method [LookupServiceBean#getProjectStatus]. Argument info: 1. Entrance timestamp: 1221394882079
Exit from method [LookupServiceBean#getProjectStatus]. Time spent: 0 ms. Return value: [ id=1 name=null description=null isDeleted=false]
Enter into method [LookupServiceBean#searchClientsByName]. Argument info: name. Entrance timestamp: 1221394882079
Exit from method [LookupServiceBean#searchClientsByName]. Time spent: 1 ms. Return value: [[ id=1 name=Jack codeName=null salesTax=0.0 isDeleted=false company=null clientStatus=null] [ id=7 name=Jack codeName=null salesTax=0.0 isDeleted=false company=null clientStatus=null]]
Enter into method [LookupServiceBean#getClientsForCompany]. Argument info: [ id=0 name=null passcode=null isDeleted=false]. Entrance timestamp: 1221394882080
Exit from method [LookupServiceBean#getClientsForCompany]. Time spent: 0 ms. Return value: [[ id=1 name=Jack codeName=null salesTax=0.0 isDeleted=false company=null clientStatus=null] [ id=7 name=Jack codeName=null salesTax=0.0 isDeleted=false company=null clientStatus=null]]
Enter into method [LookupServiceBean#getAllClientStatuses]. Entrance timestamp: 1221394882080
Exit from method [LookupServiceBean#getAllClientStatuses]. Time spent: 0 ms. Return value: [[ id=0 name=null description=test1 isDeleted=false] [ id=0 name=null description=test2 isDeleted=false]]
Enter into method [LookupServiceBean#searchProjects]. Argument info: com.topcoder.search.builder.filter.NullFilter@1f35647. Entrance timestamp: 1221394882080
Exit from method [LookupServiceBean#searchProjects]. Time spent: 0 ms. Return value: [[ id=1 name=null description=null salesTax=0.0 client=null company=null childProjects=[]] [ id=7 name=null description=null salesTax=0.0 client=null company=null childProjects=[]]]
Enter into method [LookupServiceBean#retrieveCompany]. Argument info: 1. Entrance timestamp: 1221394882080
Exit from method [LookupServiceBean#retrieveCompany]. Time spent: 0 ms. Return value: [ id=1 name=null passcode=null isDeleted=false]
Enter into method [LookupServiceBean#getClientsForStatus]. Argument info: [ id=0 name=null description=null isDeleted=false]. Entrance timestamp: 1221394882080
Exit from method [LookupServiceBean#getClientsForStatus]. Time spent: 0 ms. Return value: [[ id=1 name=Jack codeName=null salesTax=0.0 isDeleted=false company=null clientStatus=null] [ id=7 name=Jack codeName=null salesTax=0.0 isDeleted=false company=null clientStatus=null]]
Enter into method [LookupServiceBean#getClientsForStatus]. Argument info: [ id=0 name=null description=null isDeleted=false]. Entrance timestamp: 1221394882080
Exit from method [LookupServiceBean#getClientsForStatus]. Time spent: 0 ms. Return value: [[ id=1 name=Jack codeName=null salesTax=0.0 isDeleted=false company=null clientStatus=null] [ id=7 name=Jack codeName=null salesTax=0.0 isDeleted=false company=null clientStatus=null]]
Enter into method [LookupServiceBean#getClientStatus]. Argument info: 1. Entrance timestamp: 1221394882080
Exit from method [LookupServiceBean#getClientStatus]. Time spent: 0 ms. Return value: [ id=1 name=null description=null isDeleted=false]
Enter into method [LookupServiceBean#retrieveProject]. Argument info: 1. Entrance timestamp: 1221394882080
Exit from method [LookupServiceBean#retrieveProject]. Time spent: 0 ms. Return value: [ id=1 name=null description=null salesTax=0.0 client=null company=null childProjects=[]]
Enter into method [LookupServiceBean#searchClients]. Argument info: com.topcoder.search.builder.filter.NullFilter@a58ee4. Entrance timestamp: 1221394882080
Exit from method [LookupServiceBean#searchClients]. Time spent: 0 ms. Return value: [[ id=1 name=Jack codeName=null salesTax=0.0 isDeleted=false company=null clientStatus=null] [ id=7 name=Jack codeName=null salesTax=0.0 isDeleted=false company=null clientStatus=null]]
Enter into method [LookupServiceBean#searchCompaniesByName]. Argument info: name. Entrance timestamp: 1221394882080
Exit from method [LookupServiceBean#searchCompaniesByName]. Time spent: 0 ms. Return value: [[ id=15 name=null passcode=null isDeleted=false] [ id=17 name=null passcode=null isDeleted=false]]
Enter into method [LookupServiceBean#searchProjects]. Argument info: com.topcoder.search.builder.filter.NullFilter@1482d87. Entrance timestamp: 1221394882080
Exit from method [LookupServiceBean#searchProjects]. Time spent: 0 ms. Return value: [[ id=1 name=null description=null salesTax=0.0 client=null company=null childProjects=[]] [ id=7 name=null description=null salesTax=0.0 client=null company=null childProjects=[]]]
Enter into method [LookupServiceBean#searchCompanies]. Argument info: com.topcoder.search.builder.filter.NullFilter@1a5342b. Entrance timestamp: 1221394882080
Exit from method [LookupServiceBean#searchCompanies]. Time spent: 0 ms. Return value: [[ id=15 name=null passcode=null isDeleted=false] [ id=17 name=null passcode=null isDeleted=false]]
Enter into method [LookupServiceBean#retrieveProjectsForClient]. Argument info: [ id=0 name=null codeName=null salesTax=0.0 isDeleted=false company=null clientStatus=null]. Entrance timestamp: 1221394882080
Exit from method [LookupServiceBean#retrieveProjectsForClient]. Time spent: 0 ms. Return value: [[ id=1 name=null description=null salesTax=0.0 client=null company=null childProjects=[]] [ id=7 name=null description=null salesTax=0.0 client=null company=null childProjects=[]]]
Enter into method [LookupServiceBean#retrieveClient]. Argument info: 1. Entrance timestamp: 1221394882080
Exit from method [LookupServiceBean#retrieveClient]. Time spent: 0 ms. Return value: [ id=1 name=Jack codeName=null salesTax=0.0 isDeleted=false company=null clientStatus=null]
Enter into method [LookupServiceBean#searchClients]. Argument info: com.topcoder.search.builder.filter.NullFilter@104109e. Entrance timestamp: 1221394882080
Exit from method [LookupServiceBean#searchClients]. Time spent: 0 ms. Return value: [[ id=1 name=Jack codeName=null salesTax=0.0 isDeleted=false company=null clientStatus=null] [ id=7 name=Jack codeName=null salesTax=0.0 isDeleted=false company=null clientStatus=null]]
Enter into method [LookupServiceBean#searchClients]. Argument info: com.topcoder.search.builder.filter.NullFilter@1defbbf. Entrance timestamp: 1221394882080
Exit from method [LookupServiceBean#searchClients]. Time spent: 0 ms. Return value: [[ id=1 name=Jack codeName=null salesTax=0.0 isDeleted=false company=null clientStatus=null] [ id=7 name=Jack codeName=null salesTax=0.0 isDeleted=false company=null clientStatus=null]]
Enter into method [LookupServiceBean#searchCompanies]. Argument info: com.topcoder.search.builder.filter.NullFilter@61bb9b. Entrance timestamp: 1221394882080
Exit from method [LookupServiceBean#searchCompanies]. Time spent: 0 ms. Return value: [[ id=15 name=null passcode=null isDeleted=false] [ id=17 name=null passcode=null isDeleted=false]]
Enter into method [LookupServiceBean#searchCompanies]. Argument info: com.topcoder.search.builder.filter.NullFilter@63f7c7. Entrance timestamp: 1221394882080
Exit from method [LookupServiceBean#searchCompanies]. Time spent: 1 ms. Return value: [[ id=15 name=null passcode=null isDeleted=false] [ id=17 name=null passcode=null isDeleted=false]]
Enter into method [LookupServiceBean#retrieveProjectsForClient]. Argument info: [ id=0 name=null codeName=null salesTax=0.0 isDeleted=false company=null clientStatus=null]. Entrance timestamp: 1221394882081
Exit from method [LookupServiceBean#retrieveProjectsForClient]. Time spent: 0 ms. Return value: [[ id=1 name=null description=null salesTax=0.0 client=null company=null childProjects=[]] [ id=7 name=null description=null salesTax=0.0 client=null company=null childProjects=[]]]
Enter into method [LookupServiceBean#retrieveProject]. Argument info: 1. Entrance timestamp: 1221394882081
Exit from method [LookupServiceBean#retrieveProject]. Time spent: 0 ms. Return value: [ id=1 name=null description=null salesTax=0.0 client=null company=null childProjects=[]]
Enter into method [LookupServiceBean#getProjectsForCompany]. Argument info: [ id=0 name=null passcode=null isDeleted=false]. Entrance timestamp: 1221394882081
Exit from method [LookupServiceBean#getProjectsForCompany]. Time spent: 0 ms. Return value: [[ id=1 name=null description=null salesTax=0.0 client=null company=null childProjects=[]] [ id=7 name=null description=null salesTax=0.0 client=null company=null childProjects=[]]]
Enter into method [LookupServiceBean#getProjectsForCompany]. Argument info: [ id=0 name=null passcode=null isDeleted=false]. Entrance timestamp: 1221394882081
Exit from method [LookupServiceBean#getProjectsForCompany]. Time spent: 0 ms. Return value: [[ id=1 name=null description=null salesTax=0.0 client=null company=null childProjects=[]] [ id=7 name=null description=null salesTax=0.0 client=null company=null childProjects=[]]]
Enter into method [LookupServiceBean#getProjectsForStatus]. Argument info: [ id=0 name=null description=null isDeleted=false]. Entrance timestamp: 1221394882081
Exit from method [LookupServiceBean#getProjectsForStatus]. Time spent: 0 ms. Return value: [[ id=1 name=null description=null salesTax=0.0 client=null company=null childProjects=[]] [ id=7 name=null description=null salesTax=0.0 client=null company=null childProjects=[]]]
Enter into method [LookupServiceBean#searchCompaniesByName]. Argument info: name. Entrance timestamp: 1221394882081
Exit from method [LookupServiceBean#searchCompaniesByName]. Time spent: 0 ms. Return value: [[ id=15 name=null passcode=null isDeleted=false] [ id=17 name=null passcode=null isDeleted=false]]
Enter into method [LookupServiceBean#searchCompaniesByName]. Argument info: name. Entrance timestamp: 1221394882081
Exit from method [LookupServiceBean#searchCompaniesByName]. Time spent: 0 ms. Return value: [[ id=15 name=null passcode=null isDeleted=false] [ id=17 name=null passcode=null isDeleted=false]]
Enter into method [LookupServiceBean#getAllProjectStatuses]. Entrance timestamp: 1221394882081
Exit from method [LookupServiceBean#getAllProjectStatuses]. Time spent: 0 ms. Return value: [[ id=0 name=null description=test1 isDeleted=false] [ id=0 name=null description=test2 isDeleted=false]]
Enter into method [LookupServiceBean#getAllProjectStatuses]. Entrance timestamp: 1221394882081
Exit from method [LookupServiceBean#getAllProjectStatuses]. Time spent: 0 ms. Return value: [[ id=0 name=null description=test1 isDeleted=false] [ id=0 name=null description=test2 isDeleted=false]]
Enter into method [LookupServiceBean#getClientStatus]. Argument info: 1. Entrance timestamp: 1221394882081
Exit from method [LookupServiceBean#getClientStatus]. Time spent: 0 ms. Return value: [ id=1 name=null description=null isDeleted=false]
Enter into method [LookupServiceBean#getProjectsForCompany]. Argument info: [ id=0 name=null passcode=null isDeleted=false]. Entrance timestamp: 1221394882081
Exit from method [LookupServiceBean#getProjectsForCompany]. Time spent: 0 ms. Return value: [[ id=1 name=null description=null salesTax=0.0 client=null company=null childProjects=[]] [ id=7 name=null description=null salesTax=0.0 client=null company=null childProjects=[]]]
Enter into method [LookupServiceBean#getProjectsForCompany]. Argument info: [ id=0 name=null passcode=null isDeleted=false]. Entrance timestamp: 1221394882081
Exit from method [LookupServiceBean#getProjectsForCompany]. Time spent: 0 ms. Return value: [[ id=1 name=null description=null salesTax=0.0 client=null company=null childProjects=[]] [ id=7 name=null description=null salesTax=0.0 client=null company=null childProjects=[]]]
Enter into method [LookupServiceBean#getClientsForCompany]. Argument info: [ id=0 name=null passcode=null isDeleted=false]. Entrance timestamp: 1221394882081
Exit from method [LookupServiceBean#getClientsForCompany]. Time spent: 0 ms. Return value: [[ id=1 name=Jack codeName=null salesTax=0.0 isDeleted=false company=null clientStatus=null] [ id=7 name=Jack codeName=null salesTax=0.0 isDeleted=false company=null clientStatus=null]]
Enter into method [LookupServiceBean#getClientsForStatus]. Argument info: [ id=0 name=null description=null isDeleted=false]. Entrance timestamp: 1221394882081
Exit from method [LookupServiceBean#getClientsForStatus]. Time spent: 0 ms. Return value: [[ id=1 name=Jack codeName=null salesTax=0.0 isDeleted=false company=null clientStatus=null] [ id=7 name=Jack codeName=null salesTax=0.0 isDeleted=false company=null clientStatus=null]]
Enter into method [LookupServiceBean#retrieveCompany]. Argument info: 1. Entrance timestamp: 1221394882081
Exit from method [LookupServiceBean#retrieveCompany]. Time spent: 0 ms. Return value: [ id=1 name=null passcode=null isDeleted=false]
Enter into method [LookupServiceBean#searchCompanies]. Argument info: com.topcoder.search.builder.filter.NullFilter@120626f. Entrance timestamp: 1221394882081
Exit from method [LookupServiceBean#searchCompanies]. Time spent: 0 ms. Return value: [[ id=15 name=null passcode=null isDeleted=false] [ id=17 name=null passcode=null isDeleted=false]]
Enter into method [LookupServiceBean#getClientsForStatus]. Argument info: [ id=0 name=null description=null isDeleted=false]. Entrance timestamp: 1221394882081
Exit from method [LookupServiceBean#getClientsForStatus]. Time spent: 1 ms. Return value: [[ id=1 name=Jack codeName=null salesTax=0.0 isDeleted=false company=null clientStatus=null] [ id=7 name=Jack codeName=null salesTax=0.0 isDeleted=false company=null clientStatus=null]]
Enter into method [LookupServiceBean#searchProjectsByName]. Argument info: name. Entrance timestamp: 1221394882082
Exit from method [LookupServiceBean#searchProjectsByName]. Time spent: 0 ms. Return value: [[ id=1 name=null description=null salesTax=0.0 client=null company=null childProjects=[]] [ id=7 name=null description=null salesTax=0.0 client=null company=null childProjects=[]]]
Enter into method [LookupServiceBean#getClientStatus]. Argument info: 1. Entrance timestamp: 1221394882082
Exit from method [LookupServiceBean#getClientStatus]. Time spent: 0 ms. Return value: [ id=1 name=null description=null isDeleted=false]
Enter into method [LookupServiceBean#searchProjects]. Argument info: com.topcoder.search.builder.filter.NullFilter@11e9947. Entrance timestamp: 1221394882082
Exit from method [LookupServiceBean#searchProjects]. Time spent: 0 ms. Return value: [[ id=1 name=null description=null salesTax=0.0 client=null company=null childProjects=[]] [ id=7 name=null description=null salesTax=0.0 client=null company=null childProjects=[]]]
Enter into method [LookupServiceBean#retrieveAllClients]. Entrance timestamp: 1221394882082
Exit from method [LookupServiceBean#retrieveAllClients]. Time spent: 0 ms. Return value: [[ id=1 name=Jack codeName=null salesTax=0.0 isDeleted=false company=null clientStatus=null] [ id=7 name=Jack codeName=null salesTax=0.0 isDeleted=false company=null clientStatus=null]]
Enter into method [LookupServiceBean#retrieveAllProjects]. Entrance timestamp: 1221394882082
Exit from method [LookupServiceBean#retrieveAllProjects]. Time spent: 0 ms. Return value: [[ id=1 name=null description=null salesTax=0.0 client=null company=null childProjects=[]] [ id=7 name=null description=null salesTax=0.0 client=null company=null childProjects=[]]]
Enter into method [LookupServiceBean#searchCompaniesByName]. Argument info: name. Entrance timestamp: 1221394882082
Exit from method [LookupServiceBean#searchCompaniesByName]. Time spent: 0 ms. Return value: [[ id=15 name=null passcode=null isDeleted=false] [ id=17 name=null passcode=null isDeleted=false]]
Enter into method [LookupServiceBean#getClientsForCompany]. Argument info: [ id=0 name=null passcode=null isDeleted=false]. Entrance timestamp: 1221394882082
Exit from method [LookupServiceBean#getClientsForCompany]. Time spent: 0 ms. Return value: [[ id=1 name=Jack codeName=null salesTax=0.0 isDeleted=false company=null clientStatus=null] [ id=7 name=Jack codeName=null salesTax=0.0 isDeleted=false company=null clientStatus=null]]
Enter into method [LookupServiceBean#retrieveProject]. Argument info: 1. Entrance timestamp: 1221394882082
Exit from method [LookupServiceBean#retrieveProject]. Time spent: 0 ms. Return value: [ id=1 name=null description=null salesTax=0.0 client=null company=null childProjects=[]]
Enter into method [LookupServiceBean#searchCompanies]. Argument info: com.topcoder.search.builder.filter.NullFilter@1e11d82. Entrance timestamp: 1221394882082
Exit from method [LookupServiceBean#searchCompanies]. Time spent: 0 ms. Return value: [[ id=15 name=null passcode=null isDeleted=false] [ id=17 name=null passcode=null isDeleted=false]]
Enter into method [LookupServiceBean#retrieveProject]. Argument info: 1. Entrance timestamp: 1221394882082
Exit from method [LookupServiceBean#retrieveProject]. Time spent: 0 ms. Return value: [ id=1 name=null description=null salesTax=0.0 client=null company=null childProjects=[]]
Enter into method [LookupServiceBean#retrieveAllCompanies]. Entrance timestamp: 1221394882082
Exit from method [LookupServiceBean#retrieveAllCompanies]. Time spent: 0 ms. Return value: [[ id=15 name=null passcode=null isDeleted=false] [ id=17 name=null passcode=null isDeleted=false]]
Enter into method [LookupServiceBean#retrieveAllClients]. Entrance timestamp: 1221394882082
Exit from method [LookupServiceBean#retrieveAllClients]. Time spent: 1 ms. Return value: [[ id=1 name=Jack codeName=null salesTax=0.0 isDeleted=false company=null clientStatus=null] [ id=7 name=Jack codeName=null salesTax=0.0 isDeleted=false company=null clientStatus=null]]
Enter into method [LookupServiceBean#retrieveProjectsForClient]. Argument info: [ id=0 name=null codeName=null salesTax=0.0 isDeleted=false company=null clientStatus=null]. Entrance timestamp: 1221394882083
Exit from method [LookupServiceBean#retrieveProjectsForClient]. Time spent: 0 ms. Return value: [[ id=1 name=null description=null salesTax=0.0 client=null company=null childProjects=[]] [ id=7 name=null description=null salesTax=0.0 client=null company=null childProjects=[]]]
Enter into method [LookupServiceBean#getAllClientStatuses]. Entrance timestamp: 1221394882083
Exit from method [LookupServiceBean#getAllClientStatuses]. Time spent: 0 ms. Return value: [[ id=0 name=null description=test1 isDeleted=false] [ id=0 name=null description=test2 isDeleted=false]]
Enter into method [LookupServiceBean#retrieveAllProjects]. Entrance timestamp: 1221394882083
Exit from method [LookupServiceBean#retrieveAllProjects]. Time spent: 0 ms. Return value: [[ id=1 name=null description=null salesTax=0.0 client=null company=null childProjects=[]] [ id=7 name=null description=null salesTax=0.0 client=null company=null childProjects=[]]]
Enter into method [LookupServiceBean#getProjectsForCompany]. Argument info: [ id=0 name=null passcode=null isDeleted=false]. Entrance timestamp: 1221394882083
Exit from method [LookupServiceBean#getProjectsForCompany]. Time spent: 0 ms. Return value: [[ id=1 name=null description=null salesTax=0.0 client=null company=null childProjects=[]] [ id=7 name=null description=null salesTax=0.0 client=null company=null childProjects=[]]]
Enter into method [LookupServiceBean#retrieveAllProjects]. Entrance timestamp: 1221394882083
Exit from method [LookupServiceBean#retrieveAllProjects]. Time spent: 0 ms. Return value: [[ id=1 name=null description=null salesTax=0.0 client=null company=null childProjects=[]] [ id=7 name=null description=null salesTax=0.0 client=null company=null childProjects=[]]]
Enter into method [LookupServiceBean#searchClientsByName]. Argument info: name. Entrance timestamp: 1221394882083
Exit from method [LookupServiceBean#searchClientsByName]. Time spent: 0 ms. Return value: [[ id=1 name=Jack codeName=null salesTax=0.0 isDeleted=false company=null clientStatus=null] [ id=7 name=Jack codeName=null salesTax=0.0 isDeleted=false company=null clientStatus=null]]
Enter into method [LookupServiceBean#getProjectsForStatus]. Argument info: [ id=0 name=null description=null isDeleted=false]. Entrance timestamp: 1221394882083
Exit from method [LookupServiceBean#getProjectsForStatus]. Time spent: 0 ms. Return value: [[ id=1 name=null description=null salesTax=0.0 client=null company=null childProjects=[]] [ id=7 name=null description=null salesTax=0.0 client=null company=null childProjects=[]]]
Enter into method [LookupServiceBean#retrieveCompany]. Argument info: 1. Entrance timestamp: 1221394882083
Exit from method [LookupServiceBean#retrieveCompany]. Time spent: 0 ms. Return value: [ id=1 name=null passcode=null isDeleted=false]
Enter into method [LookupServiceBean#retrieveClient]. Argument info: 1. Entrance timestamp: 1221394882083
Exit from method [LookupServiceBean#retrieveClient]. Time spent: 0 ms. Return value: [ id=1 name=Jack codeName=null salesTax=0.0 isDeleted=false company=null clientStatus=null]
Enter into method [LookupServiceBean#getProjectStatus]. Argument info: 1. Entrance timestamp: 1221394882083
Exit from method [LookupServiceBean#getProjectStatus]. Time spent: 0 ms. Return value: [ id=1 name=null description=null isDeleted=false]
Enter into method [LookupServiceBean#getClientsForCompany]. Argument info: [ id=0 name=null passcode=null isDeleted=false]. Entrance timestamp: 1221394882083
Exit from method [LookupServiceBean#getClientsForCompany]. Time spent: 0 ms. Return value: [[ id=1 name=Jack codeName=null salesTax=0.0 isDeleted=false company=null clientStatus=null] [ id=7 name=Jack codeName=null salesTax=0.0 isDeleted=false company=null clientStatus=null]]
Enter into method [LookupServiceBean#retrieveCompany]. Argument info: 1. Entrance timestamp: 1221394882083
Exit from method [LookupServiceBean#retrieveCompany]. Time spent: 0 ms. Return value: [ id=1 name=null passcode=null isDeleted=false]
Enter into method [LookupServiceBean#getClientStatus]. Argument info: 1. Entrance timestamp: 1221394882083
Exit from method [LookupServiceBean#getClientStatus]. Time spent: 0 ms. Return value: [ id=1 name=null description=null isDeleted=false]
Enter into method [LookupServiceBean#getProjectStatus]. Argument info: 1. Entrance timestamp: 1221394882083
Exit from method [LookupServiceBean#getProjectStatus]. Time spent: 0 ms. Return value: [ id=1 name=null description=null isDeleted=false]
Enter into method [LookupServiceBean#retrieveProject]. Argument info: 1. Entrance timestamp: 1221394882083
Exit from method [LookupServiceBean#retrieveProject]. Time spent: 0 ms. Return value: [ id=1 name=null description=null salesTax=0.0 client=null company=null childProjects=[]]
Enter into method [LookupServiceBean#searchClients]. Argument info: com.topcoder.search.builder.filter.NullFilter@586ac6. Entrance timestamp: 1221394882083
Exit from method [LookupServiceBean#searchClients]. Time spent: 0 ms. Return value: [[ id=1 name=Jack codeName=null salesTax=0.0 isDeleted=false company=null clientStatus=null] [ id=7 name=Jack codeName=null salesTax=0.0 isDeleted=false company=null clientStatus=null]]
Enter into method [LookupServiceBean#searchCompaniesByName]. Argument info: name. Entrance timestamp: 1221394882083
Exit from method [LookupServiceBean#searchCompaniesByName]. Time spent: 0 ms. Return value: [[ id=15 name=null passcode=null isDeleted=false] [ id=17 name=null passcode=null isDeleted=false]]
Enter into method [LookupServiceBean#getProjectsForCompany]. Argument info: [ id=0 name=null passcode=null isDeleted=false]. Entrance timestamp: 1221394882083
Exit from method [LookupServiceBean#getProjectsForCompany]. Time spent: 0 ms. Return value: [[ id=1 name=null description=null salesTax=0.0 client=null company=null childProjects=[]] [ id=7 name=null description=null salesTax=0.0 client=null company=null childProjects=[]]]
Enter into method [LookupServiceBean#retrieveCompany]. Argument info: 1. Entrance timestamp: 1221394882083
Exit from method [LookupServiceBean#retrieveCompany]. Time spent: 0 ms. Return value: [ id=1 name=null passcode=null isDeleted=false]
Enter into method [LookupServiceBean#retrieveAllProjects]. Entrance timestamp: 1221394882083
Exit from method [LookupServiceBean#retrieveAllProjects]. Time spent: 0 ms. Return value: [[ id=1 name=null description=null salesTax=0.0 client=null company=null childProjects=[]] [ id=7 name=null description=null salesTax=0.0 client=null company=null childProjects=[]]]
Enter into method [LookupServiceBean#searchCompaniesByName]. Argument info: name. Entrance timestamp: 1221394882084
Exit from method [LookupServiceBean#searchCompaniesByName]. Time spent: 0 ms. Return value: [[ id=15 name=null passcode=null isDeleted=false] [ id=17 name=null passcode=null isDeleted=false]]
Enter into method [LookupServiceBean#getClientsForCompany]. Argument info: [ id=0 name=null passcode=null isDeleted=false]. Entrance timestamp: 1221394882084
Exit from method [LookupServiceBean#getClientsForCompany]. Time spent: 0 ms. Return value: [[ id=1 name=Jack codeName=null salesTax=0.0 isDeleted=false company=null clientStatus=null] [ id=7 name=Jack codeName=null salesTax=0.0 isDeleted=false company=null clientStatus=null]]
Enter into method [LookupServiceBean#getProjectStatus]. Argument info: 1. Entrance timestamp: 1221394882084
Exit from method [LookupServiceBean#getProjectStatus]. Time spent: 0 ms. Return value: [ id=1 name=null description=null isDeleted=false]
Enter into method [LookupServiceBean#retrieveClient]. Argument info: 1. Entrance timestamp: 1221394882084
Exit from method [LookupServiceBean#retrieveClient]. Time spent: 0 ms. Return value: [ id=1 name=Jack codeName=null salesTax=0.0 isDeleted=false company=null clientStatus=null]
Enter into method [LookupServiceBean#searchCompaniesByName]. Argument info: name. Entrance timestamp: 1221394882084
Exit from method [LookupServiceBean#searchCompaniesByName]. Time spent: 0 ms. Return value: [[ id=15 name=null passcode=null isDeleted=false] [ id=17 name=null passcode=null isDeleted=false]]
Enter into method [LookupServiceBean#getAllClientStatuses]. Entrance timestamp: 1221394882084
Exit from method [LookupServiceBean#getAllClientStatuses]. Time spent: 0 ms. Return value: [[ id=0 name=null description=test1 isDeleted=false] [ id=0 name=null description=test2 isDeleted=false]]
Enter into method [LookupServiceBean#retrieveAllProjects]. Entrance timestamp: 1221394882084
Exit from method [LookupServiceBean#retrieveAllProjects]. Time spent: 0 ms. Return value: [[ id=1 name=null description=null salesTax=0.0 client=null company=null childProjects=[]] [ id=7 name=null description=null salesTax=0.0 client=null company=null childProjects=[]]]
Enter into method [LookupServiceBean#getAllProjectStatuses]. Entrance timestamp: 1221394882084
Exit from method [LookupServiceBean#getAllProjectStatuses]. Time spent: 0 ms. Return value: [[ id=0 name=null description=test1 isDeleted=false] [ id=0 name=null description=test2 isDeleted=false]]
Enter into method [LookupServiceBean#searchProjects]. Argument info: com.topcoder.search.builder.filter.NullFilter@ca1038. Entrance timestamp: 1221394882084
Exit from method [LookupServiceBean#searchProjects]. Time spent: 0 ms. Return value: [[ id=1 name=null description=null salesTax=0.0 client=null company=null childProjects=[]] [ id=7 name=null description=null salesTax=0.0 client=null company=null childProjects=[]]]
Enter into method [LookupServiceBean#retrieveAllClients]. Entrance timestamp: 1221394882084
Exit from method [LookupServiceBean#retrieveAllClients]. Time spent: 0 ms. Return value: [[ id=1 name=Jack codeName=null salesTax=0.0 isDeleted=false company=null clientStatus=null] [ id=7 name=Jack codeName=null salesTax=0.0 isDeleted=false company=null clientStatus=null]]
Enter into method [LookupServiceBean#retrieveAllCompanies]. Entrance timestamp: 1221394882084
Exit from method [LookupServiceBean#retrieveAllCompanies]. Time spent: 1 ms. Return value: [[ id=15 name=null passcode=null isDeleted=false] [ id=17 name=null passcode=null isDeleted=false]]
Enter into method [LookupServiceBean#retrieveAllClients]. Entrance timestamp: 1221394882085
Exit from method [LookupServiceBean#retrieveAllClients]. Time spent: 0 ms. Return value: [[ id=1 name=Jack codeName=null salesTax=0.0 isDeleted=false company=null clientStatus=null] [ id=7 name=Jack codeName=null salesTax=0.0 isDeleted=false company=null clientStatus=null]]
Enter into method [LookupServiceBean#getAllProjectStatuses]. Entrance timestamp: 1221394882085
Exit from method [LookupServiceBean#getAllProjectStatuses]. Time spent: 0 ms. Return value: [[ id=0 name=null description=test1 isDeleted=false] [ id=0 name=null description=test2 isDeleted=false]]
Enter into method [LookupServiceBean#searchProjects]. Argument info: com.topcoder.search.builder.filter.NullFilter@1eed10a. Entrance timestamp: 1221394882085
Exit from method [LookupServiceBean#searchProjects]. Time spent: 0 ms. Return value: [[ id=1 name=null description=null salesTax=0.0 client=null company=null childProjects=[]] [ id=7 name=null description=null salesTax=0.0 client=null company=null childProjects=[]]]
Enter into method [LookupServiceBean#searchCompanies]. Argument info: com.topcoder.search.builder.filter.NullFilter@1ddec9e. Entrance timestamp: 1221394882085
Exit from method [LookupServiceBean#searchCompanies]. Time spent: 0 ms. Return value: [[ id=15 name=null passcode=null isDeleted=false] [ id=17 name=null passcode=null isDeleted=false]]
Enter into method [LookupServiceBean#searchProjects]. Argument info: com.topcoder.search.builder.filter.NullFilter@d98863. Entrance timestamp: 1221394882085
Exit from method [LookupServiceBean#searchProjects]. Time spent: 0 ms. Return value: [[ id=1 name=null description=null salesTax=0.0 client=null company=null childProjects=[]] [ id=7 name=null description=null salesTax=0.0 client=null company=null childProjects=[]]]
Enter into method [LookupServiceBean#getProjectStatus]. Argument info: 1. Entrance timestamp: 1221394882085
Exit from method [LookupServiceBean#getProjectStatus]. Time spent: 0 ms. Return value: [ id=1 name=null description=null isDeleted=false]
Enter into method [LookupServiceBean#getClientsForStatus]. Argument info: [ id=0 name=null description=null isDeleted=false]. Entrance timestamp: 1221394882085
Exit from method [LookupServiceBean#getClientsForStatus]. Time spent: 0 ms. Return value: [[ id=1 name=Jack codeName=null salesTax=0.0 isDeleted=false company=null clientStatus=null] [ id=7 name=Jack codeName=null salesTax=0.0 isDeleted=false company=null clientStatus=null]]
Enter into method [LookupServiceBean#retrieveAllProjects]. Entrance timestamp: 1221394882085
Exit from method [LookupServiceBean#retrieveAllProjects]. Time spent: 0 ms. Return value: [[ id=1 name=null description=null salesTax=0.0 client=null company=null childProjects=[]] [ id=7 name=null description=null salesTax=0.0 client=null company=null childProjects=[]]]
Enter into method [LookupServiceBean#retrieveAllClients]. Entrance timestamp: 1221394882085
Exit from method [LookupServiceBean#retrieveAllClients]. Time spent: 0 ms. Return value: [[ id=1 name=Jack codeName=null salesTax=0.0 isDeleted=false company=null clientStatus=null] [ id=7 name=Jack codeName=null salesTax=0.0 isDeleted=false company=null clientStatus=null]]
Enter into method [LookupServiceBean#getClientsForCompany]. Argument info: [ id=0 name=null passcode=null isDeleted=false]. Entrance timestamp: 1221394882085
Exit from method [LookupServiceBean#getClientsForCompany]. Time spent: 0 ms. Return value: [[ id=1 name=Jack codeName=null salesTax=0.0 isDeleted=false company=null clientStatus=null] [ id=7 name=Jack codeName=null salesTax=0.0 isDeleted=false company=null clientStatus=null]]
Enter into method [LookupServiceBean#getClientsForStatus]. Argument info: [ id=0 name=null description=null isDeleted=false]. Entrance timestamp: 1221394882085
Exit from method [LookupServiceBean#getClientsForStatus]. Time spent: 0 ms. Return value: [[ id=1 name=Jack codeName=null salesTax=0.0 isDeleted=false company=null clientStatus=null] [ id=7 name=Jack codeName=null salesTax=0.0 isDeleted=false company=null clientStatus=null]]
Enter into method [LookupServiceBean#getClientsForStatus]. Argument info: [ id=0 name=null description=null isDeleted=false]. Entrance timestamp: 1221394882085
Exit from method [LookupServiceBean#getClientsForStatus]. Time spent: 0 ms. Return value: [[ id=1 name=Jack codeName=null salesTax=0.0 isDeleted=false company=null clientStatus=null] [ id=7 name=Jack codeName=null salesTax=0.0 isDeleted=false company=null clientStatus=null]]
Enter into method [LookupServiceBean#retrieveProject]. Argument info: 1. Entrance timestamp: 1221394882085
Exit from method [LookupServiceBean#retrieveProject]. Time spent: 0 ms. Return value: [ id=1 name=null description=null salesTax=0.0 client=null company=null childProjects=[]]
Enter into method [LookupServiceBean#searchProjects]. Argument info: com.topcoder.search.builder.filter.NullFilter@189471a. Entrance timestamp: 1221394882085
Exit from method [LookupServiceBean#searchProjects]. Time spent: 0 ms. Return value: [[ id=1 name=null description=null salesTax=0.0 client=null company=null childProjects=[]] [ id=7 name=null description=null salesTax=0.0 client=null company=null childProjects=[]]]
Enter into method [LookupServiceBean#getClientsForCompany]. Argument info: [ id=0 name=null passcode=null isDeleted=false]. Entrance timestamp: 1221394882086
Exit from method [LookupServiceBean#getClientsForCompany]. Time spent: 0 ms. Return value: [[ id=1 name=Jack codeName=null salesTax=0.0 isDeleted=false company=null clientStatus=null] [ id=7 name=Jack codeName=null salesTax=0.0 isDeleted=false company=null clientStatus=null]]
Enter into method [LookupServiceBean#searchCompaniesByName]. Argument info: name. Entrance timestamp: 1221394882086
Exit from method [LookupServiceBean#searchCompaniesByName]. Time spent: 0 ms. Return value: [[ id=15 name=null passcode=null isDeleted=false] [ id=17 name=null passcode=null isDeleted=false]]
Enter into method [LookupServiceBean#retrieveCompany]. Argument info: 1. Entrance timestamp: 1221394882086
Exit from method [LookupServiceBean#retrieveCompany]. Time spent: 0 ms. Return value: [ id=1 name=null passcode=null isDeleted=false]
Enter into method [LookupServiceBean#getProjectsForStatus]. Argument info: [ id=0 name=null description=null isDeleted=false]. Entrance timestamp: 1221394882086
Exit from method [LookupServiceBean#getProjectsForStatus]. Time spent: 0 ms. Return value: [[ id=1 name=null description=null salesTax=0.0 client=null company=null childProjects=[]] [ id=7 name=null description=null salesTax=0.0 client=null company=null childProjects=[]]]
Enter into method [LookupServiceBean#searchClientsByName]. Argument info: name. Entrance timestamp: 1221394882086
Exit from method [LookupServiceBean#searchClientsByName]. Time spent: 0 ms. Return value: [[ id=1 name=Jack codeName=null salesTax=0.0 isDeleted=false company=null clientStatus=null] [ id=7 name=Jack codeName=null salesTax=0.0 isDeleted=false company=null clientStatus=null]]
Enter into method [LookupServiceBean#searchCompaniesByName]. Argument info: name. Entrance timestamp: 1221394882086
Exit from method [LookupServiceBean#searchCompaniesByName]. Time spent: 0 ms. Return value: [[ id=15 name=null passcode=null isDeleted=false] [ id=17 name=null passcode=null isDeleted=false]]
Enter into method [LookupServiceBean#retrieveCompany]. Argument info: 1. Entrance timestamp: 1221394882086
Exit from method [LookupServiceBean#retrieveCompany]. Time spent: 0 ms. Return value: [ id=1 name=null passcode=null isDeleted=false]
Enter into method [LookupServiceBean#searchCompanies]. Argument info: com.topcoder.search.builder.filter.NullFilter@19b0701. Entrance timestamp: 1221394882086
Exit from method [LookupServiceBean#searchCompanies]. Time spent: 0 ms. Return value: [[ id=15 name=null passcode=null isDeleted=false] [ id=17 name=null passcode=null isDeleted=false]]
Enter into method [LookupServiceBean#retrieveCompany]. Argument info: 1. Entrance timestamp: 1221394882086
Exit from method [LookupServiceBean#retrieveCompany]. Time spent: 0 ms. Return value: [ id=1 name=null passcode=null isDeleted=false]
Enter into method [LookupServiceBean#retrieveAllCompanies]. Entrance timestamp: 1221394882086
Exit from method [LookupServiceBean#retrieveAllCompanies]. Time spent: 0 ms. Return value: [[ id=15 name=null passcode=null isDeleted=false] [ id=17 name=null passcode=null isDeleted=false]]
Enter into method [LookupServiceBean#searchClients]. Argument info: com.topcoder.search.builder.filter.NullFilter@e907ca. Entrance timestamp: 1221394882087
Exit from method [LookupServiceBean#searchClients]. Time spent: 0 ms. Return value: [[ id=1 name=Jack codeName=null salesTax=0.0 isDeleted=false company=null clientStatus=null] [ id=7 name=Jack codeName=null salesTax=0.0 isDeleted=false company=null clientStatus=null]]
Enter into method [LookupServiceBean#retrieveAllClients]. Entrance timestamp: 1221394882087
Exit from method [LookupServiceBean#retrieveAllClients]. Time spent: 0 ms. Return value: [[ id=1 name=Jack codeName=null salesTax=0.0 isDeleted=false company=null clientStatus=null] [ id=7 name=Jack codeName=null salesTax=0.0 isDeleted=false company=null clientStatus=null]]
Enter into method [LookupServiceBean#retrieveAllProjects]. Entrance timestamp: 1221394882087
Exit from method [LookupServiceBean#retrieveAllProjects]. Time spent: 0 ms. Return value: [[ id=1 name=null description=null salesTax=0.0 client=null company=null childProjects=[]] [ id=7 name=null description=null salesTax=0.0 client=null company=null childProjects=[]]]
Enter into method [LookupServiceBean#searchProjects]. Argument info: com.topcoder.search.builder.filter.NullFilter@fe99b6. Entrance timestamp: 1221394882087
Exit from method [LookupServiceBean#searchProjects]. Time spent: 0 ms. Return value: [[ id=1 name=null description=null salesTax=0.0 client=null company=null childProjects=[]] [ id=7 name=null description=null salesTax=0.0 client=null company=null childProjects=[]]]
Enter into method [LookupServiceBean#getAllClientStatuses]. Entrance timestamp: 1221394882087
Exit from method [LookupServiceBean#getAllClientStatuses]. Time spent: 0 ms. Return value: [[ id=0 name=null description=test1 isDeleted=false] [ id=0 name=null description=test2 isDeleted=false]]
Enter into method [LookupServiceBean#retrieveAllProjects]. Entrance timestamp: 1221394882087
Exit from method [LookupServiceBean#retrieveAllProjects]. Time spent: 0 ms. Return value: [[ id=1 name=null description=null salesTax=0.0 client=null company=null childProjects=[]] [ id=7 name=null description=null salesTax=0.0 client=null company=null childProjects=[]]]
Enter into method [LookupServiceBean#getAllProjectStatuses]. Entrance timestamp: 1221394882087
Exit from method [LookupServiceBean#getAllProjectStatuses]. Time spent: 0 ms. Return value: [[ id=0 name=null description=test1 isDeleted=false] [ id=0 name=null description=test2 isDeleted=false]]
Enter into method [LookupServiceBean#getClientStatus]. Argument info: 1. Entrance timestamp: 1221394882087
Exit from method [LookupServiceBean#getClientStatus]. Time spent: 0 ms. Return value: [ id=1 name=null description=null isDeleted=false]
Enter into method [LookupServiceBean#getClientStatus]. Argument info: 1. Entrance timestamp: 1221394882087
Exit from method [LookupServiceBean#getClientStatus]. Time spent: 0 ms. Return value: [ id=1 name=null description=null isDeleted=false]
Enter into method [LookupServiceBean#searchProjects]. Argument info: com.topcoder.search.builder.filter.NullFilter@11d8ca6. Entrance timestamp: 1221394882087
Exit from method [LookupServiceBean#searchProjects]. Time spent: 0 ms. Return value: [[ id=1 name=null description=null salesTax=0.0 client=null company=null childProjects=[]] [ id=7 name=null description=null salesTax=0.0 client=null company=null childProjects=[]]]
Enter into method [LookupServiceBean#searchProjectsByName]. Argument info: name. Entrance timestamp: 1221394882087
Exit from method [LookupServiceBean#searchProjectsByName]. Time spent: 0 ms. Return value: [[ id=1 name=null description=null salesTax=0.0 client=null company=null childProjects=[]] [ id=7 name=null description=null salesTax=0.0 client=null company=null childProjects=[]]]
Enter into method [LookupServiceBean#getAllProjectStatuses]. Entrance timestamp: 1221394882087
Exit from method [LookupServiceBean#getAllProjectStatuses]. Time spent: 0 ms. Return value: [[ id=0 name=null description=test1 isDeleted=false] [ id=0 name=null description=test2 isDeleted=false]]
Enter into method [LookupServiceBean#retrieveClient]. Argument info: 1. Entrance timestamp: 1221394882087
Exit from method [LookupServiceBean#retrieveClient]. Time spent: 0 ms. Return value: [ id=1 name=Jack codeName=null salesTax=0.0 isDeleted=false company=null clientStatus=null]
Enter into method [LookupServiceBean#retrieveAllClients]. Entrance timestamp: 1221394882087
Exit from method [LookupServiceBean#retrieveAllClients]. Time spent: 0 ms. Return value: [[ id=1 name=Jack codeName=null salesTax=0.0 isDeleted=false company=null clientStatus=null] [ id=7 name=Jack codeName=null salesTax=0.0 isDeleted=false company=null clientStatus=null]]
Enter into method [LookupServiceBean#searchCompaniesByName]. Argument info: name. Entrance timestamp: 1221394882087
Exit from method [LookupServiceBean#searchCompaniesByName]. Time spent: 0 ms. Return value: [[ id=15 name=null passcode=null isDeleted=false] [ id=17 name=null passcode=null isDeleted=false]]
Enter into method [LookupServiceBean#getAllClientStatuses]. Entrance timestamp: 1221394882087
Exit from method [LookupServiceBean#getAllClientStatuses]. Time spent: 0 ms. Return value: [[ id=0 name=null description=test1 isDeleted=false] [ id=0 name=null description=test2 isDeleted=false]]
Enter into method [LookupServiceBean#retrieveProject]. Argument info: 1. Entrance timestamp: 1221394882087
Exit from method [LookupServiceBean#retrieveProject]. Time spent: 0 ms. Return value: [ id=1 name=null description=null salesTax=0.0 client=null company=null childProjects=[]]
Enter into method [LookupServiceBean#getAllClientStatuses]. Entrance timestamp: 1221394882087
Exit from method [LookupServiceBean#getAllClientStatuses]. Time spent: 0 ms. Return value: [[ id=0 name=null description=test1 isDeleted=false] [ id=0 name=null description=test2 isDeleted=false]]
Enter into method [LookupServiceBean#retrieveCompany]. Argument info: 1. Entrance timestamp: 1221394882087
Exit from method [LookupServiceBean#retrieveCompany]. Time spent: 0 ms. Return value: [ id=1 name=null passcode=null isDeleted=false]
Enter into method [LookupServiceBean#getClientsForStatus]. Argument info: [ id=0 name=null description=null isDeleted=false]. Entrance timestamp: 1221394882087
Exit from method [LookupServiceBean#getClientsForStatus]. Time spent: 0 ms. Return value: [[ id=1 name=Jack codeName=null salesTax=0.0 isDeleted=false company=null clientStatus=null] [ id=7 name=Jack codeName=null salesTax=0.0 isDeleted=false company=null clientStatus=null]]
Enter into method [LookupServiceBean#searchCompaniesByName]. Argument info: name. Entrance timestamp: 1221394882088
Exit from method [LookupServiceBean#searchCompaniesByName]. Time spent: 0 ms. Return value: [[ id=15 name=null passcode=null isDeleted=false] [ id=17 name=null passcode=null isDeleted=false]]
Enter into method [LookupServiceBean#getProjectsForStatus]. Argument info: [ id=0 name=null description=null isDeleted=false]. Entrance timestamp: 1221394882088
Exit from method [LookupServiceBean#getProjectsForStatus]. Time spent: 0 ms. Return value: [[ id=1 name=null description=null salesTax=0.0 client=null company=null childProjects=[]] [ id=7 name=null description=null salesTax=0.0 client=null company=null childProjects=[]]]
Enter into method [LookupServiceBean#getAllClientStatuses]. Entrance timestamp: 1221394882088
Exit from method [LookupServiceBean#getAllClientStatuses]. Time spent: 0 ms. Return value: [[ id=0 name=null description=test1 isDeleted=false] [ id=0 name=null description=test2 isDeleted=false]]
Enter into method [LookupServiceBean#searchCompaniesByName]. Argument info: name. Entrance timestamp: 1221394882088
Exit from method [LookupServiceBean#searchCompaniesByName]. Time spent: 0 ms. Return value: [[ id=15 name=null passcode=null isDeleted=false] [ id=17 name=null passcode=null isDeleted=false]]
Enter into method [LookupServiceBean#getAllProjectStatuses]. Entrance timestamp: 1221394882088
Exit from method [LookupServiceBean#getAllProjectStatuses]. Time spent: 0 ms. Return value: [[ id=0 name=null description=test1 isDeleted=false] [ id=0 name=null description=test2 isDeleted=false]]
Enter into method [LookupServiceBean#searchProjectsByName]. Argument info: name. Entrance timestamp: 1221394882088
Exit from method [LookupServiceBean#searchProjectsByName]. Time spent: 0 ms. Return value: [[ id=1 name=null description=null salesTax=0.0 client=null company=null childProjects=[]] [ id=7 name=null description=null salesTax=0.0 client=null company=null childProjects=[]]]
Enter into method [LookupServiceBean#retrieveAllCompanies]. Entrance timestamp: 1221394882088
Exit from method [LookupServiceBean#retrieveAllCompanies]. Time spent: 0 ms. Return value: [[ id=15 name=null passcode=null isDeleted=false] [ id=17 name=null passcode=null isDeleted=false]]
Enter into method [LookupServiceBean#getProjectsForStatus]. Argument info: [ id=0 name=null description=null isDeleted=false]. Entrance timestamp: 1221394882088
Exit from method [LookupServiceBean#getProjectsForStatus]. Time spent: 0 ms. Return value: [[ id=1 name=null description=null salesTax=0.0 client=null company=null childProjects=[]] [ id=7 name=null description=null salesTax=0.0 client=null company=null childProjects=[]]]
Enter into method [LookupServiceBean#getClientStatus]. Argument info: 1. Entrance timestamp: 1221394882088
Exit from method [LookupServiceBean#getClientStatus]. Time spent: 0 ms. Return value: [ id=1 name=null description=null isDeleted=false]
Enter into method [LookupServiceBean#getClientsForCompany]. Argument info: [ id=0 name=null passcode=null isDeleted=false]. Entrance timestamp: 1221394882088
Exit from method [LookupServiceBean#getClientsForCompany]. Time spent: 0 ms. Return value: [[ id=1 name=Jack codeName=null salesTax=0.0 isDeleted=false company=null clientStatus=null] [ id=7 name=Jack codeName=null salesTax=0.0 isDeleted=false company=null clientStatus=null]]
Enter into method [LookupServiceBean#retrieveProject]. Argument info: 1. Entrance timestamp: 1221394882088
Exit from method [LookupServiceBean#retrieveProject]. Time spent: 0 ms. Return value: [ id=1 name=null description=null salesTax=0.0 client=null company=null childProjects=[]]
Enter into method [LookupServiceBean#getProjectStatus]. Argument info: 1. Entrance timestamp: 1221394882088
Exit from method [LookupServiceBean#getProjectStatus]. Time spent: 0 ms. Return value: [ id=1 name=null description=null isDeleted=false]
Enter into method [LookupServiceBean#searchCompaniesByName]. Argument info: name. Entrance timestamp: 1221394882088
Exit from method [LookupServiceBean#searchCompaniesByName]. Time spent: 0 ms. Return value: [[ id=15 name=null passcode=null isDeleted=false] [ id=17 name=null passcode=null isDeleted=false]]
Enter into method [LookupServiceBean#getClientStatus]. Argument info: 1. Entrance timestamp: 1221394882088
Exit from method [LookupServiceBean#getClientStatus]. Time spent: 0 ms. Return value: [ id=1 name=null description=null isDeleted=false]
Enter into method [LookupServiceBean#searchClientsByName]. Argument info: name. Entrance timestamp: 1221394882088
Exit from method [LookupServiceBean#searchClientsByName]. Time spent: 0 ms. Return value: [[ id=1 name=Jack codeName=null salesTax=0.0 isDeleted=false company=null clientStatus=null] [ id=7 name=Jack codeName=null salesTax=0.0 isDeleted=false company=null clientStatus=null]]
Enter into method [LookupServiceBean#searchClientsByName]. Argument info: name. Entrance timestamp: 1221394882088
Exit from method [LookupServiceBean#searchClientsByName]. Time spent: 0 ms. Return value: [[ id=1 name=Jack codeName=null salesTax=0.0 isDeleted=false company=null clientStatus=null] [ id=7 name=Jack codeName=null salesTax=0.0 isDeleted=false company=null clientStatus=null]]
Enter into method [LookupServiceBean#searchClientsByName]. Argument info: name. Entrance timestamp: 1221394882088
Exit from method [LookupServiceBean#searchClientsByName]. Time spent: 0 ms. Return value: [[ id=1 name=Jack codeName=null salesTax=0.0 isDeleted=false company=null clientStatus=null] [ id=7 name=Jack codeName=null salesTax=0.0 isDeleted=false company=null clientStatus=null]]
Enter into method [LookupServiceBean#searchProjectsByName]. Argument info: name. Entrance timestamp: 1221394882088
Exit from method [LookupServiceBean#searchProjectsByName]. Time spent: 0 ms. Return value: [[ id=1 name=null description=null salesTax=0.0 client=null company=null childProjects=[]] [ id=7 name=null description=null salesTax=0.0 client=null company=null childProjects=[]]]
Enter into method [LookupServiceBean#retrieveAllCompanies]. Entrance timestamp: 1221394882088
Exit from method [LookupServiceBean#retrieveAllCompanies]. Time spent: 0 ms. Return value: [[ id=15 name=null passcode=null isDeleted=false] [ id=17 name=null passcode=null isDeleted=false]]
Enter into method [LookupServiceBean#getClientsForStatus]. Argument info: [ id=0 name=null description=null isDeleted=false]. Entrance timestamp: 1221394882088
Exit from method [LookupServiceBean#getClientsForStatus]. Time spent: 1 ms. Return value: [[ id=1 name=Jack codeName=null salesTax=0.0 isDeleted=false company=null clientStatus=null] [ id=7 name=Jack codeName=null salesTax=0.0 isDeleted=false company=null clientStatus=null]]
Enter into method [LookupServiceBean#searchProjects]. Argument info: com.topcoder.search.builder.filter.NullFilter@fcfc67. Entrance timestamp: 1221394882089
Exit from method [LookupServiceBean#searchProjects]. Time spent: 0 ms. Return value: [[ id=1 name=null description=null salesTax=0.0 client=null company=null childProjects=[]] [ id=7 name=null description=null salesTax=0.0 client=null company=null childProjects=[]]]
Enter into method [LookupServiceBean#getProjectStatus]. Argument info: 1. Entrance timestamp: 1221394882089
Exit from method [LookupServiceBean#getProjectStatus]. Time spent: 0 ms. Return value: [ id=1 name=null description=null isDeleted=false]
Enter into method [LookupServiceBean#retrieveCompany]. Argument info: 1. Entrance timestamp: 1221394882089
Exit from method [LookupServiceBean#retrieveCompany]. Time spent: 0 ms. Return value: [ id=1 name=null passcode=null isDeleted=false]
Enter into method [LookupServiceBean#searchClients]. Argument info: com.topcoder.search.builder.filter.NullFilter@11edf1c. Entrance timestamp: 1221394882089
Exit from method [LookupServiceBean#searchClients]. Time spent: 0 ms. Return value: [[ id=1 name=Jack codeName=null salesTax=0.0 isDeleted=false company=null clientStatus=null] [ id=7 name=Jack codeName=null salesTax=0.0 isDeleted=false company=null clientStatus=null]]
Enter into method [LookupServiceBean#getClientStatus]. Argument info: 1. Entrance timestamp: 1221394882089
Exit from method [LookupServiceBean#getClientStatus]. Time spent: 0 ms. Return value: [ id=1 name=null description=null isDeleted=false]
Enter into method [LookupServiceBean#searchClientsByName]. Argument info: name. Entrance timestamp: 1221394882089
Exit from method [LookupServiceBean#searchClientsByName]. Time spent: 0 ms. Return value: [[ id=1 name=Jack codeName=null salesTax=0.0 isDeleted=false company=null clientStatus=null] [ id=7 name=Jack codeName=null salesTax=0.0 isDeleted=false company=null clientStatus=null]]
Enter into method [LookupServiceBean#getClientStatus]. Argument info: 1. Entrance timestamp: 1221394882089
Exit from method [LookupServiceBean#getClientStatus]. Time spent: 0 ms. Return value: [ id=1 name=null description=null isDeleted=false]
Enter into method [LookupServiceBean#getProjectsForStatus]. Argument info: [ id=0 name=null description=null isDeleted=false]. Entrance timestamp: 1221394882089
Exit from method [LookupServiceBean#getProjectsForStatus]. Time spent: 0 ms. Return value: [[ id=1 name=null description=null salesTax=0.0 client=null company=null childProjects=[]] [ id=7 name=null description=null salesTax=0.0 client=null company=null childProjects=[]]]
Enter into method [LookupServiceBean#retrieveAllProjects]. Entrance timestamp: 1221394882089
Exit from method [LookupServiceBean#retrieveAllProjects]. Time spent: 0 ms. Return value: [[ id=1 name=null description=null salesTax=0.0 client=null company=null childProjects=[]] [ id=7 name=null description=null salesTax=0.0 client=null company=null childProjects=[]]]
Enter into method [LookupServiceBean#searchProjectsByName]. Argument info: name. Entrance timestamp: 1221394882089
Exit from method [LookupServiceBean#searchProjectsByName]. Time spent: 0 ms. Return value: [[ id=1 name=null description=null salesTax=0.0 client=null company=null childProjects=[]] [ id=7 name=null description=null salesTax=0.0 client=null company=null childProjects=[]]]
Enter into method [LookupServiceBean#searchClientsByName]. Argument info: name. Entrance timestamp: 1221394882089
Exit from method [LookupServiceBean#searchClientsByName]. Time spent: 1 ms. Return value: [[ id=1 name=Jack codeName=null salesTax=0.0 isDeleted=false company=null clientStatus=null] [ id=7 name=Jack codeName=null salesTax=0.0 isDeleted=false company=null clientStatus=null]]
Enter into method [LookupServiceBean#searchClients]. Argument info: com.topcoder.search.builder.filter.NullFilter@1c9c8aa. Entrance timestamp: 1221394882090
Exit from method [LookupServiceBean#searchClients]. Time spent: 0 ms. Return value: [[ id=1 name=Jack codeName=null salesTax=0.0 isDeleted=false company=null clientStatus=null] [ id=7 name=Jack codeName=null salesTax=0.0 isDeleted=false company=null clientStatus=null]]
Enter into method [LookupServiceBean#getProjectStatus]. Argument info: 1. Entrance timestamp: 1221394882090
Exit from method [LookupServiceBean#getProjectStatus]. Time spent: 0 ms. Return value: [ id=1 name=null description=null isDeleted=false]
Enter into method [LookupServiceBean#getAllProjectStatuses]. Entrance timestamp: 1221394882090
Exit from method [LookupServiceBean#getAllProjectStatuses]. Time spent: 0 ms. Return value: [[ id=0 name=null description=test1 isDeleted=false] [ id=0 name=null description=test2 isDeleted=false]]
Enter into method [LookupServiceBean#retrieveProject]. Argument info: 1. Entrance timestamp: 1221394882090
Exit from method [LookupServiceBean#retrieveProject]. Time spent: 0 ms. Return value: [ id=1 name=null description=null salesTax=0.0 client=null company=null childProjects=[]]
Enter into method [LookupServiceBean#getClientsForStatus]. Argument info: [ id=0 name=null description=null isDeleted=false]. Entrance timestamp: 1221394882090
Exit from method [LookupServiceBean#getClientsForStatus]. Time spent: 0 ms. Return value: [[ id=1 name=Jack codeName=null salesTax=0.0 isDeleted=false company=null clientStatus=null] [ id=7 name=Jack codeName=null salesTax=0.0 isDeleted=false company=null clientStatus=null]]
Enter into method [LookupServiceBean#getClientsForStatus]. Argument info: [ id=0 name=null description=null isDeleted=false]. Entrance timestamp: 1221394882090
Exit from method [LookupServiceBean#getClientsForStatus]. Time spent: 0 ms. Return value: [[ id=1 name=Jack codeName=null salesTax=0.0 isDeleted=false company=null clientStatus=null] [ id=7 name=Jack codeName=null salesTax=0.0 isDeleted=false company=null clientStatus=null]]
Enter into method [LookupServiceBean#retrieveClient]. Argument info: 1. Entrance timestamp: 1221394882090
Exit from method [LookupServiceBean#retrieveClient]. Time spent: 0 ms. Return value: [ id=1 name=Jack codeName=null salesTax=0.0 isDeleted=false company=null clientStatus=null]
Enter into method [LookupServiceBean#retrieveClient]. Argument info: 1. Entrance timestamp: 1221394882090
Exit from method [LookupServiceBean#retrieveClient]. Time spent: 0 ms. Return value: [ id=1 name=Jack codeName=null salesTax=0.0 isDeleted=false company=null clientStatus=null]
Enter into method [LookupServiceBean#getProjectStatus]. Argument info: 1. Entrance timestamp: 1221394882090
Exit from method [LookupServiceBean#getProjectStatus]. Time spent: 0 ms. Return value: [ id=1 name=null description=null isDeleted=false]
Enter into method [LookupServiceBean#getClientStatus]. Argument info: 1. Entrance timestamp: 1221394882090
Exit from method [LookupServiceBean#getClientStatus]. Time spent: 0 ms. Return value: [ id=1 name=null description=null isDeleted=false]
Enter into method [LookupServiceBean#searchClientsByName]. Argument info: name. Entrance timestamp: 1221394882090
Exit from method [LookupServiceBean#searchClientsByName]. Time spent: 0 ms. Return value: [[ id=1 name=Jack codeName=null salesTax=0.0 isDeleted=false company=null clientStatus=null] [ id=7 name=Jack codeName=null salesTax=0.0 isDeleted=false company=null clientStatus=null]]
Enter into method [LookupServiceBean#retrieveAllProjects]. Entrance timestamp: 1221394882090
Exit from method [LookupServiceBean#retrieveAllProjects]. Time spent: 0 ms. Return value: [[ id=1 name=null description=null salesTax=0.0 client=null company=null childProjects=[]] [ id=7 name=null description=null salesTax=0.0 client=null company=null childProjects=[]]]
Enter into method [LookupServiceBean#retrieveProjectsForClient]. Argument info: [ id=0 name=null codeName=null salesTax=0.0 isDeleted=false company=null clientStatus=null]. Entrance timestamp: 1221394882090
Exit from method [LookupServiceBean#retrieveProjectsForClient]. Time spent: 0 ms. Return value: [[ id=1 name=null description=null salesTax=0.0 client=null company=null childProjects=[]] [ id=7 name=null description=null salesTax=0.0 client=null company=null childProjects=[]]]
Enter into method [LookupServiceBean#retrieveClient]. Argument info: 1. Entrance timestamp: 1221394882090
Exit from method [LookupServiceBean#retrieveClient]. Time spent: 0 ms. Return value: [ id=1 name=Jack codeName=null salesTax=0.0 isDeleted=false company=null clientStatus=null]
Enter into method [LookupServiceBean#getClientsForCompany]. Argument info: [ id=0 name=null passcode=null isDeleted=false]. Entrance timestamp: 1221394882090
Exit from method [LookupServiceBean#getClientsForCompany]. Time spent: 0 ms. Return value: [[ id=1 name=Jack codeName=null salesTax=0.0 isDeleted=false company=null clientStatus=null] [ id=7 name=Jack codeName=null salesTax=0.0 isDeleted=false company=null clientStatus=null]]
Enter into method [LookupServiceBean#searchCompanies]. Argument info: com.topcoder.search.builder.filter.NullFilter@953ad9. Entrance timestamp: 1221394882090
Exit from method [LookupServiceBean#searchCompanies]. Time spent: 0 ms. Return value: [[ id=15 name=null passcode=null isDeleted=false] [ id=17 name=null passcode=null isDeleted=false]]
Enter into method [LookupServiceBean#searchClients]. Argument info: com.topcoder.search.builder.filter.NullFilter@14a8824. Entrance timestamp: 1221394882090
Exit from method [LookupServiceBean#searchClients]. Time spent: 0 ms. Return value: [[ id=1 name=Jack codeName=null salesTax=0.0 isDeleted=false company=null clientStatus=null] [ id=7 name=Jack codeName=null salesTax=0.0 isDeleted=false company=null clientStatus=null]]
Enter into method [LookupServiceBean#getProjectsForCompany]. Argument info: [ id=0 name=null passcode=null isDeleted=false]. Entrance timestamp: 1221394882091
Exit from method [LookupServiceBean#getProjectsForCompany]. Time spent: 0 ms. Return value: [[ id=1 name=null description=null salesTax=0.0 client=null company=null childProjects=[]] [ id=7 name=null description=null salesTax=0.0 client=null company=null childProjects=[]]]
Enter into method [LookupServiceBean#getAllProjectStatuses]. Entrance timestamp: 1221394882091
Exit from method [LookupServiceBean#getAllProjectStatuses]. Time spent: 0 ms. Return value: [[ id=0 name=null description=test1 isDeleted=false] [ id=0 name=null description=test2 isDeleted=false]]
Enter into method [LookupServiceBean#getClientsForCompany]. Argument info: [ id=0 name=null passcode=null isDeleted=false]. Entrance timestamp: 1221394882091
Exit from method [LookupServiceBean#getClientsForCompany]. Time spent: 0 ms. Return value: [[ id=1 name=Jack codeName=null salesTax=0.0 isDeleted=false company=null clientStatus=null] [ id=7 name=Jack codeName=null salesTax=0.0 isDeleted=false company=null clientStatus=null]]
Enter into method [LookupServiceBean#searchProjects]. Argument info: com.topcoder.search.builder.filter.NullFilter@300388. Entrance timestamp: 1221394882091
Exit from method [LookupServiceBean#searchProjects]. Time spent: 0 ms. Return value: [[ id=1 name=null description=null salesTax=0.0 client=null company=null childProjects=[]] [ id=7 name=null description=null salesTax=0.0 client=null company=null childProjects=[]]]
Enter into method [LookupServiceBean#searchClientsByName]. Argument info: name. Entrance timestamp: 1221394882091
Exit from method [LookupServiceBean#searchClientsByName]. Time spent: 0 ms. Return value: [[ id=1 name=Jack codeName=null salesTax=0.0 isDeleted=false company=null clientStatus=null] [ id=7 name=Jack codeName=null salesTax=0.0 isDeleted=false company=null clientStatus=null]]
Enter into method [LookupServiceBean#retrieveAllCompanies]. Entrance timestamp: 1221394882091
Exit from method [LookupServiceBean#retrieveAllCompanies]. Time spent: 0 ms. Return value: [[ id=15 name=null passcode=null isDeleted=false] [ id=17 name=null passcode=null isDeleted=false]]
Enter into method [LookupServiceBean#searchClientsByName]. Argument info: name. Entrance timestamp: 1221394882091
Exit from method [LookupServiceBean#searchClientsByName]. Time spent: 0 ms. Return value: [[ id=1 name=Jack codeName=null salesTax=0.0 isDeleted=false company=null clientStatus=null] [ id=7 name=Jack codeName=null salesTax=0.0 isDeleted=false company=null clientStatus=null]]
Enter into method [LookupServiceBean#getProjectStatus]. Argument info: 1. Entrance timestamp: 1221394882091
Exit from method [LookupServiceBean#getProjectStatus]. Time spent: 0 ms. Return value: [ id=1 name=null description=null isDeleted=false]
Enter into method [LookupServiceBean#searchClients]. Argument info: com.topcoder.search.builder.filter.NullFilter@3801ec. Entrance timestamp: 1221394882091
Exit from method [LookupServiceBean#searchClients]. Time spent: 0 ms. Return value: [[ id=1 name=Jack codeName=null salesTax=0.0 isDeleted=false company=null clientStatus=null] [ id=7 name=Jack codeName=null salesTax=0.0 isDeleted=false company=null clientStatus=null]]
Enter into method [LookupServiceBean#retrieveAllCompanies]. Entrance timestamp: 1221394882091
Exit from method [LookupServiceBean#retrieveAllCompanies]. Time spent: 0 ms. Return value: [[ id=15 name=null passcode=null isDeleted=false] [ id=17 name=null passcode=null isDeleted=false]]
Enter into method [LookupServiceBean#getAllClientStatuses]. Entrance timestamp: 1221394882091
Exit from method [LookupServiceBean#getAllClientStatuses]. Time spent: 0 ms. Return value: [[ id=0 name=null description=test1 isDeleted=false] [ id=0 name=null description=test2 isDeleted=false]]
Enter into method [LookupServiceBean#getAllClientStatuses]. Entrance timestamp: 1221394882091
Exit from method [LookupServiceBean#getAllClientStatuses]. Time spent: 0 ms. Return value: [[ id=0 name=null description=test1 isDeleted=false] [ id=0 name=null description=test2 isDeleted=false]]
Enter into method [LookupServiceBean#retrieveClient]. Argument info: 1. Entrance timestamp: 1221394882091
Exit from method [LookupServiceBean#retrieveClient]. Time spent: 0 ms. Return value: [ id=1 name=Jack codeName=null salesTax=0.0 isDeleted=false company=null clientStatus=null]
Enter into method [LookupServiceBean#searchClients]. Argument info: com.topcoder.search.builder.filter.NullFilter@106636f. Entrance timestamp: 1221394882091
Exit from method [LookupServiceBean#searchClients]. Time spent: 0 ms. Return value: [[ id=1 name=Jack codeName=null salesTax=0.0 isDeleted=false company=null clientStatus=null] [ id=7 name=Jack codeName=null salesTax=0.0 isDeleted=false company=null clientStatus=null]]
Enter into method [LookupServiceBean#searchClients]. Argument info: com.topcoder.search.builder.filter.NullFilter@6a0df6. Entrance timestamp: 1221394882091
Exit from method [LookupServiceBean#searchClients]. Time spent: 0 ms. Return value: [[ id=1 name=Jack codeName=null salesTax=0.0 isDeleted=false company=null clientStatus=null] [ id=7 name=Jack codeName=null salesTax=0.0 isDeleted=false company=null clientStatus=null]]
Enter into method [LookupServiceBean#getAllClientStatuses]. Entrance timestamp: 1221394882091
Exit from method [LookupServiceBean#getAllClientStatuses]. Time spent: 0 ms. Return value: [[ id=0 name=null description=test1 isDeleted=false] [ id=0 name=null description=test2 isDeleted=false]]
Enter into method [LookupServiceBean#getClientsForStatus]. Argument info: [ id=0 name=null description=null isDeleted=false]. Entrance timestamp: 1221394882091
Exit from method [LookupServiceBean#getClientsForStatus]. Time spent: 0 ms. Return value: [[ id=1 name=Jack codeName=null salesTax=0.0 isDeleted=false company=null clientStatus=null] [ id=7 name=Jack codeName=null salesTax=0.0 isDeleted=false company=null clientStatus=null]]
Enter into method [LookupServiceBean#searchCompanies]. Argument info: com.topcoder.search.builder.filter.NullFilter@ba9dff. Entrance timestamp: 1221394882091
Exit from method [LookupServiceBean#searchCompanies]. Time spent: 0 ms. Return value: [[ id=15 name=null passcode=null isDeleted=false] [ id=17 name=null passcode=null isDeleted=false]]
Enter into method [LookupServiceBean#searchProjects]. Argument info: com.topcoder.search.builder.filter.NullFilter@1dafee2. Entrance timestamp: 1221394882091
Exit from method [LookupServiceBean#searchProjects]. Time spent: 1 ms. Return value: [[ id=1 name=null description=null salesTax=0.0 client=null company=null childProjects=[]] [ id=7 name=null description=null salesTax=0.0 client=null company=null childProjects=[]]]
Enter into method [LookupServiceBean#retrieveCompany]. Argument info: 1. Entrance timestamp: 1221394882092
Exit from method [LookupServiceBean#retrieveCompany]. Time spent: 0 ms. Return value: [ id=1 name=null passcode=null isDeleted=false]
Enter into method [LookupServiceBean#retrieveAllProjects]. Entrance timestamp: 1221394882092
Exit from method [LookupServiceBean#retrieveAllProjects]. Time spent: 0 ms. Return value: [[ id=1 name=null description=null salesTax=0.0 client=null company=null childProjects=[]] [ id=7 name=null description=null salesTax=0.0 client=null company=null childProjects=[]]]
Enter into method [LookupServiceBean#getProjectsForCompany]. Argument info: [ id=0 name=null passcode=null isDeleted=false]. Entrance timestamp: 1221394882092
Exit from method [LookupServiceBean#getProjectsForCompany]. Time spent: 0 ms. Return value: [[ id=1 name=null description=null salesTax=0.0 client=null company=null childProjects=[]] [ id=7 name=null description=null salesTax=0.0 client=null company=null childProjects=[]]]
Enter into method [LookupServiceBean#searchClientsByName]. Argument info: name. Entrance timestamp: 1221394882092
Exit from method [LookupServiceBean#searchClientsByName]. Time spent: 0 ms. Return value: [[ id=1 name=Jack codeName=null salesTax=0.0 isDeleted=false company=null clientStatus=null] [ id=7 name=Jack codeName=null salesTax=0.0 isDeleted=false company=null clientStatus=null]]
Enter into method [LookupServiceBean#searchCompaniesByName]. Argument info: name. Entrance timestamp: 1221394882092
Exit from method [LookupServiceBean#searchCompaniesByName]. Time spent: 0 ms. Return value: [[ id=15 name=null passcode=null isDeleted=false] [ id=17 name=null passcode=null isDeleted=false]]
Enter into method [LookupServiceBean#searchProjects]. Argument info: com.topcoder.search.builder.filter.NullFilter@93b096. Entrance timestamp: 1221394882092
Exit from method [LookupServiceBean#searchProjects]. Time spent: 0 ms. Return value: [[ id=1 name=null description=null salesTax=0.0 client=null company=null childProjects=[]] [ id=7 name=null description=null salesTax=0.0 client=null company=null childProjects=[]]]
Enter into method [LookupServiceBean#retrieveCompany]. Argument info: 1. Entrance timestamp: 1221394882092
Exit from method [LookupServiceBean#retrieveCompany]. Time spent: 0 ms. Return value: [ id=1 name=null passcode=null isDeleted=false]
Enter into method [LookupServiceBean#getClientsForStatus]. Argument info: [ id=0 name=null description=null isDeleted=false]. Entrance timestamp: 1221394882092
Exit from method [LookupServiceBean#getClientsForStatus]. Time spent: 0 ms. Return value: [[ id=1 name=Jack codeName=null salesTax=0.0 isDeleted=false company=null clientStatus=null] [ id=7 name=Jack codeName=null salesTax=0.0 isDeleted=false company=null clientStatus=null]]
Enter into method [LookupServiceBean#retrieveProject]. Argument info: 1. Entrance timestamp: 1221394882092
Exit from method [LookupServiceBean#retrieveProject]. Time spent: 0 ms. Return value: [ id=1 name=null description=null salesTax=0.0 client=null company=null childProjects=[]]
Enter into method [LookupServiceBean#getAllClientStatuses]. Entrance timestamp: 1221394882092
Exit from method [LookupServiceBean#getAllClientStatuses]. Time spent: 0 ms. Return value: [[ id=0 name=null description=test1 isDeleted=false] [ id=0 name=null description=test2 isDeleted=false]]
Enter into method [LookupServiceBean#getProjectsForCompany]. Argument info: [ id=0 name=null passcode=null isDeleted=false]. Entrance timestamp: 1221394882092
Exit from method [LookupServiceBean#getProjectsForCompany]. Time spent: 0 ms. Return value: [[ id=1 name=null description=null salesTax=0.0 client=null company=null childProjects=[]] [ id=7 name=null description=null salesTax=0.0 client=null company=null childProjects=[]]]
Enter into method [LookupServiceBean#searchClientsByName]. Argument info: name. Entrance timestamp: 1221394882092
Exit from method [LookupServiceBean#searchClientsByName]. Time spent: 0 ms. Return value: [[ id=1 name=Jack codeName=null salesTax=0.0 isDeleted=false company=null clientStatus=null] [ id=7 name=Jack codeName=null salesTax=0.0 isDeleted=false company=null clientStatus=null]]
Enter into method [LookupServiceBean#searchProjects]. Argument info: com.topcoder.search.builder.filter.NullFilter@2e68f9. Entrance timestamp: 1221394882092
Exit from method [LookupServiceBean#searchProjects]. Time spent: 1 ms. Return value: [[ id=1 name=null description=null salesTax=0.0 client=null company=null childProjects=[]] [ id=7 name=null description=null salesTax=0.0 client=null company=null childProjects=[]]]
Enter into method [LookupServiceBean#retrieveCompany]. Argument info: 1. Entrance timestamp: 1221394882093
Exit from method [LookupServiceBean#retrieveCompany]. Time spent: 0 ms. Return value: [ id=1 name=null passcode=null isDeleted=false]
Enter into method [LookupServiceBean#getClientsForCompany]. Argument info: [ id=0 name=null passcode=null isDeleted=false]. Entrance timestamp: 1221394882093
Exit from method [LookupServiceBean#getClientsForCompany]. Time spent: 0 ms. Return value: [[ id=1 name=Jack codeName=null salesTax=0.0 isDeleted=false company=null clientStatus=null] [ id=7 name=Jack codeName=null salesTax=0.0 isDeleted=false company=null clientStatus=null]]
Enter into method [LookupServiceBean#retrieveAllCompanies]. Entrance timestamp: 1221394882093
Exit from method [LookupServiceBean#retrieveAllCompanies]. Time spent: 0 ms. Return value: [[ id=15 name=null passcode=null isDeleted=false] [ id=17 name=null passcode=null isDeleted=false]]
Enter into method [LookupServiceBean#retrieveAllCompanies]. Entrance timestamp: 1221394882093
Exit from method [LookupServiceBean#retrieveAllCompanies]. Time spent: 0 ms. Return value: [[ id=15 name=null passcode=null isDeleted=false] [ id=17 name=null passcode=null isDeleted=false]]
Enter into method [LookupServiceBean#retrieveProjectsForClient]. Argument info: [ id=0 name=null codeName=null salesTax=0.0 isDeleted=false company=null clientStatus=null]. Entrance timestamp: 1221394882093
Exit from method [LookupServiceBean#retrieveProjectsForClient]. Time spent: 0 ms. Return value: [[ id=1 name=null description=null salesTax=0.0 client=null company=null childProjects=[]] [ id=7 name=null description=null salesTax=0.0 client=null company=null childProjects=[]]]
Enter into method [LookupServiceBean#getClientStatus]. Argument info: 1. Entrance timestamp: 1221394882093
Exit from method [LookupServiceBean#getClientStatus]. Time spent: 0 ms. Return value: [ id=1 name=null description=null isDeleted=false]
Enter into method [LookupServiceBean#getClientsForCompany]. Argument info: [ id=0 name=null passcode=null isDeleted=false]. Entrance timestamp: 1221394882093
Exit from method [LookupServiceBean#getClientsForCompany]. Time spent: 0 ms. Return value: [[ id=1 name=Jack codeName=null salesTax=0.0 isDeleted=false company=null clientStatus=null] [ id=7 name=Jack codeName=null salesTax=0.0 isDeleted=false company=null clientStatus=null]]
Enter into method [LookupServiceBean#getClientStatus]. Argument info: 1. Entrance timestamp: 1221394882093
Exit from method [LookupServiceBean#getClientStatus]. Time spent: 0 ms. Return value: [ id=1 name=null description=null isDeleted=false]
Enter into method [LookupServiceBean#retrieveAllCompanies]. Entrance timestamp: 1221394882094
Exit from method [LookupServiceBean#retrieveAllCompanies]. Time spent: 0 ms. Return value: [[ id=15 name=null passcode=null isDeleted=false] [ id=17 name=null passcode=null isDeleted=false]]
Enter into method [LookupServiceBean#getProjectsForStatus]. Argument info: [ id=0 name=null description=null isDeleted=false]. Entrance timestamp: 1221394882094
Exit from method [LookupServiceBean#getProjectsForStatus]. Time spent: 0 ms. Return value: [[ id=1 name=null description=null salesTax=0.0 client=null company=null childProjects=[]] [ id=7 name=null description=null salesTax=0.0 client=null company=null childProjects=[]]]
Enter into method [LookupServiceBean#getProjectsForCompany]. Argument info: [ id=0 name=null passcode=null isDeleted=false]. Entrance timestamp: 1221394882094
Exit from method [LookupServiceBean#getProjectsForCompany]. Time spent: 0 ms. Return value: [[ id=1 name=null description=null salesTax=0.0 client=null company=null childProjects=[]] [ id=7 name=null description=null salesTax=0.0 client=null company=null childProjects=[]]]
Enter into method [LookupServiceBean#searchClients]. Argument info: com.topcoder.search.builder.filter.NullFilter@edc3f0. Entrance timestamp: 1221394882094
Exit from method [LookupServiceBean#searchClients]. Time spent: 0 ms. Return value: [[ id=1 name=Jack codeName=null salesTax=0.0 isDeleted=false company=null clientStatus=null] [ id=7 name=Jack codeName=null salesTax=0.0 isDeleted=false company=null clientStatus=null]]
Enter into method [LookupServiceBean#getProjectsForStatus]. Argument info: [ id=0 name=null description=null isDeleted=false]. Entrance timestamp: 1221394882094
Exit from method [LookupServiceBean#getProjectsForStatus]. Time spent: 0 ms. Return value: [[ id=1 name=null description=null salesTax=0.0 client=null company=null childProjects=[]] [ id=7 name=null description=null salesTax=0.0 client=null company=null childProjects=[]]]
Enter into method [LookupServiceBean#searchCompaniesByName]. Argument info: name. Entrance timestamp: 1221394882094
Exit from method [LookupServiceBean#searchCompaniesByName]. Time spent: 0 ms. Return value: [[ id=15 name=null passcode=null isDeleted=false] [ id=17 name=null passcode=null isDeleted=false]]
Enter into method [LookupServiceBean#retrieveProjectsForClient]. Argument info: [ id=0 name=null codeName=null salesTax=0.0 isDeleted=false company=null clientStatus=null]. Entrance timestamp: 1221394882094
Exit from method [LookupServiceBean#retrieveProjectsForClient]. Time spent: 0 ms. Return value: [[ id=1 name=null description=null salesTax=0.0 client=null company=null childProjects=[]] [ id=7 name=null description=null salesTax=0.0 client=null company=null childProjects=[]]]
Enter into method [LookupServiceBean#searchCompaniesByName]. Argument info: name. Entrance timestamp: 1221394882094
Exit from method [LookupServiceBean#searchCompaniesByName]. Time spent: 0 ms. Return value: [[ id=15 name=null passcode=null isDeleted=false] [ id=17 name=null passcode=null isDeleted=false]]
Enter into method [LookupServiceBean#getClientStatus]. Argument info: 1. Entrance timestamp: 1221394882094
Exit from method [LookupServiceBean#getClientStatus]. Time spent: 0 ms. Return value: [ id=1 name=null description=null isDeleted=false]
Enter into method [LookupServiceBean#searchCompanies]. Argument info: com.topcoder.search.builder.filter.NullFilter@1dae5f1. Entrance timestamp: 1221394882094
Exit from method [LookupServiceBean#searchCompanies]. Time spent: 0 ms. Return value: [[ id=15 name=null passcode=null isDeleted=false] [ id=17 name=null passcode=null isDeleted=false]]
Enter into method [LookupServiceBean#getClientStatus]. Argument info: 1. Entrance timestamp: 1221394882094
Exit from method [LookupServiceBean#getClientStatus]. Time spent: 0 ms. Return value: [ id=1 name=null description=null isDeleted=false]
Enter into method [LookupServiceBean#retrieveClient]. Argument info: 1. Entrance timestamp: 1221394882094
Exit from method [LookupServiceBean#retrieveClient]. Time spent: 0 ms. Return value: [ id=1 name=Jack codeName=null salesTax=0.0 isDeleted=false company=null clientStatus=null]
Enter into method [LookupServiceBean#getClientsForCompany]. Argument info: [ id=0 name=null passcode=null isDeleted=false]. Entrance timestamp: 1221394882094
Exit from method [LookupServiceBean#getClientsForCompany]. Time spent: 0 ms. Return value: [[ id=1 name=Jack codeName=null salesTax=0.0 isDeleted=false company=null clientStatus=null] [ id=7 name=Jack codeName=null salesTax=0.0 isDeleted=false company=null clientStatus=null]]
Enter into method [LookupServiceBean#searchClients]. Argument info: com.topcoder.search.builder.filter.NullFilter@2e439a. Entrance timestamp: 1221394882094
Exit from method [LookupServiceBean#searchClients]. Time spent: 0 ms. Return value: [[ id=1 name=Jack codeName=null salesTax=0.0 isDeleted=false company=null clientStatus=null] [ id=7 name=Jack codeName=null salesTax=0.0 isDeleted=false company=null clientStatus=null]]
Enter into method [LookupServiceBean#searchCompanies]. Argument info: com.topcoder.search.builder.filter.NullFilter@158711a. Entrance timestamp: 1221394882094
Exit from method [LookupServiceBean#searchCompanies]. Time spent: 0 ms. Return value: [[ id=15 name=null passcode=null isDeleted=false] [ id=17 name=null passcode=null isDeleted=false]]
Enter into method [LookupServiceBean#searchClientsByName]. Argument info: name. Entrance timestamp: 1221394882094
Exit from method [LookupServiceBean#searchClientsByName]. Time spent: 0 ms. Return value: [[ id=1 name=Jack codeName=null salesTax=0.0 isDeleted=false company=null clientStatus=null] [ id=7 name=Jack codeName=null salesTax=0.0 isDeleted=false company=null clientStatus=null]]
Enter into method [LookupServiceBean#getAllClientStatuses]. Entrance timestamp: 1221394882094
Exit from method [LookupServiceBean#getAllClientStatuses]. Time spent: 1 ms. Return value: [[ id=0 name=null description=test1 isDeleted=false] [ id=0 name=null description=test2 isDeleted=false]]
Enter into method [LookupServiceBean#searchClientsByName]. Argument info: name. Entrance timestamp: 1221394882095
Exit from method [LookupServiceBean#searchClientsByName]. Time spent: 0 ms. Return value: [[ id=1 name=Jack codeName=null salesTax=0.0 isDeleted=false company=null clientStatus=null] [ id=7 name=Jack codeName=null salesTax=0.0 isDeleted=false company=null clientStatus=null]]
Enter into method [LookupServiceBean#retrieveAllProjects]. Entrance timestamp: 1221394882095
Exit from method [LookupServiceBean#retrieveAllProjects]. Time spent: 0 ms. Return value: [[ id=1 name=null description=null salesTax=0.0 client=null company=null childProjects=[]] [ id=7 name=null description=null salesTax=0.0 client=null company=null childProjects=[]]]
Enter into method [LookupServiceBean#retrieveCompany]. Argument info: 1. Entrance timestamp: 1221394882095
Exit from method [LookupServiceBean#retrieveCompany]. Time spent: 0 ms. Return value: [ id=1 name=null passcode=null isDeleted=false]
Enter into method [LookupServiceBean#searchClientsByName]. Argument info: name. Entrance timestamp: 1221394882095
Exit from method [LookupServiceBean#searchClientsByName]. Time spent: 0 ms. Return value: [[ id=1 name=Jack codeName=null salesTax=0.0 isDeleted=false company=null clientStatus=null] [ id=7 name=Jack codeName=null salesTax=0.0 isDeleted=false company=null clientStatus=null]]
Enter into method [LookupServiceBean#getProjectsForStatus]. Argument info: [ id=0 name=null description=null isDeleted=false]. Entrance timestamp: 1221394882095
Exit from method [LookupServiceBean#getProjectsForStatus]. Time spent: 0 ms. Return value: [[ id=1 name=null description=null salesTax=0.0 client=null company=null childProjects=[]] [ id=7 name=null description=null salesTax=0.0 client=null company=null childProjects=[]]]
Enter into method [LookupServiceBean#retrieveClient]. Argument info: 1. Entrance timestamp: 1221394882095
Exit from method [LookupServiceBean#retrieveClient]. Time spent: 0 ms. Return value: [ id=1 name=Jack codeName=null salesTax=0.0 isDeleted=false company=null clientStatus=null]
Enter into method [LookupServiceBean#searchCompanies]. Argument info: com.topcoder.search.builder.filter.NullFilter@169751d. Entrance timestamp: 1221394882095
Exit from method [LookupServiceBean#searchCompanies]. Time spent: 0 ms. Return value: [[ id=15 name=null passcode=null isDeleted=false] [ id=17 name=null passcode=null isDeleted=false]]
Enter into method [LookupServiceBean#searchProjects]. Argument info: com.topcoder.search.builder.filter.NullFilter@87ecac. Entrance timestamp: 1221394882095
Exit from method [LookupServiceBean#searchProjects]. Time spent: 0 ms. Return value: [[ id=1 name=null description=null salesTax=0.0 client=null company=null childProjects=[]] [ id=7 name=null description=null salesTax=0.0 client=null company=null childProjects=[]]]
Enter into method [LookupServiceBean#getClientsForStatus]. Argument info: [ id=0 name=null description=null isDeleted=false]. Entrance timestamp: 1221394882095
Exit from method [LookupServiceBean#getClientsForStatus]. Time spent: 0 ms. Return value: [[ id=1 name=Jack codeName=null salesTax=0.0 isDeleted=false company=null clientStatus=null] [ id=7 name=Jack codeName=null salesTax=0.0 isDeleted=false company=null clientStatus=null]]
Enter into method [LookupServiceBean#retrieveAllCompanies]. Entrance timestamp: 1221394882095
Exit from method [LookupServiceBean#retrieveAllCompanies]. Time spent: 0 ms. Return value: [[ id=15 name=null passcode=null isDeleted=false] [ id=17 name=null passcode=null isDeleted=false]]
Enter into method [LookupServiceBean#retrieveClient]. Argument info: 1. Entrance timestamp: 1221394882095
Exit from method [LookupServiceBean#retrieveClient]. Time spent: 0 ms. Return value: [ id=1 name=Jack codeName=null salesTax=0.0 isDeleted=false company=null clientStatus=null]
Enter into method [LookupServiceBean#retrieveClient]. Argument info: 1. Entrance timestamp: 1221394882095
Exit from method [LookupServiceBean#retrieveClient]. Time spent: 0 ms. Return value: [ id=1 name=Jack codeName=null salesTax=0.0 isDeleted=false company=null clientStatus=null]
Enter into method [LookupServiceBean#getAllProjectStatuses]. Entrance timestamp: 1221394882095
Exit from method [LookupServiceBean#getAllProjectStatuses]. Time spent: 0 ms. Return value: [[ id=0 name=null description=test1 isDeleted=false] [ id=0 name=null description=test2 isDeleted=false]]
Enter into method [LookupServiceBean#getProjectStatus]. Argument info: 1. Entrance timestamp: 1221394882095
Exit from method [LookupServiceBean#getProjectStatus]. Time spent: 0 ms. Return value: [ id=1 name=null description=null isDeleted=false]
Enter into method [LookupServiceBean#getProjectStatus]. Argument info: 1. Entrance timestamp: 1221394882095
Exit from method [LookupServiceBean#getProjectStatus]. Time spent: 0 ms. Return value: [ id=1 name=null description=null isDeleted=false]
Enter into method [LookupServiceBean#searchProjectsByName]. Argument info: name. Entrance timestamp: 1221394882095
Exit from method [LookupServiceBean#searchProjectsByName]. Time spent: 0 ms. Return value: [[ id=1 name=null description=null salesTax=0.0 client=null company=null childProjects=[]] [ id=7 name=null description=null salesTax=0.0 client=null company=null childProjects=[]]]
Enter into method [LookupServiceBean#retrieveClient]. Argument info: 1. Entrance timestamp: 1221394882095
Exit from method [LookupServiceBean#retrieveClient]. Time spent: 0 ms. Return value: [ id=1 name=Jack codeName=null salesTax=0.0 isDeleted=false company=null clientStatus=null]
Enter into method [LookupServiceBean#retrieveAllCompanies]. Entrance timestamp: 1221394882095
Exit from method [LookupServiceBean#retrieveAllCompanies]. Time spent: 0 ms. Return value: [[ id=15 name=null passcode=null isDeleted=false] [ id=17 name=null passcode=null isDeleted=false]]
Enter into method [LookupServiceBean#retrieveProjectsForClient]. Argument info: [ id=0 name=null codeName=null salesTax=0.0 isDeleted=false company=null clientStatus=null]. Entrance timestamp: 1221394882095
Exit from method [LookupServiceBean#retrieveProjectsForClient]. Time spent: 0 ms. Return value: [[ id=1 name=null description=null salesTax=0.0 client=null company=null childProjects=[]] [ id=7 name=null description=null salesTax=0.0 client=null company=null childProjects=[]]]
Enter into method [LookupServiceBean#getClientsForStatus]. Argument info: [ id=0 name=null description=null isDeleted=false]. Entrance timestamp: 1221394882096
Exit from method [LookupServiceBean#getClientsForStatus]. Time spent: 0 ms. Return value: [[ id=1 name=Jack codeName=null salesTax=0.0 isDeleted=false company=null clientStatus=null] [ id=7 name=Jack codeName=null salesTax=0.0 isDeleted=false company=null clientStatus=null]]
Enter into method [LookupServiceBean#retrieveCompany]. Argument info: 1. Entrance timestamp: 1221394882096
Exit from method [LookupServiceBean#retrieveCompany]. Time spent: 0 ms. Return value: [ id=1 name=null passcode=null isDeleted=false]
Enter into method [LookupServiceBean#getClientsForStatus]. Argument info: [ id=0 name=null description=null isDeleted=false]. Entrance timestamp: 1221394882096
Exit from method [LookupServiceBean#getClientsForStatus]. Time spent: 0 ms. Return value: [[ id=1 name=Jack codeName=null salesTax=0.0 isDeleted=false company=null clientStatus=null] [ id=7 name=Jack codeName=null salesTax=0.0 isDeleted=false company=null clientStatus=null]]
Enter into method [LookupServiceBean#getProjectsForCompany]. Argument info: [ id=0 name=null passcode=null isDeleted=false]. Entrance timestamp: 1221394882096
Exit from method [LookupServiceBean#getProjectsForCompany]. Time spent: 0 ms. Return value: [[ id=1 name=null description=null salesTax=0.0 client=null company=null childProjects=[]] [ id=7 name=null description=null salesTax=0.0 client=null company=null childProjects=[]]]
Enter into method [LookupServiceBean#retrieveCompany]. Argument info: 1. Entrance timestamp: 1221394882096
Exit from method [LookupServiceBean#retrieveCompany]. Time spent: 0 ms. Return value: [ id=1 name=null passcode=null isDeleted=false]
Enter into method [LookupServiceBean#searchClientsByName]. Argument info: name. Entrance timestamp: 1221394882096
Exit from method [LookupServiceBean#searchClientsByName]. Time spent: 0 ms. Return value: [[ id=1 name=Jack codeName=null salesTax=0.0 isDeleted=false company=null clientStatus=null] [ id=7 name=Jack codeName=null salesTax=0.0 isDeleted=false company=null clientStatus=null]]
Enter into method [LookupServiceBean#getProjectStatus]. Argument info: 1. Entrance timestamp: 1221394882096
Exit from method [LookupServiceBean#getProjectStatus]. Time spent: 0 ms. Return value: [ id=1 name=null description=null isDeleted=false]
Enter into method [LookupServiceBean#searchCompanies]. Argument info: com.topcoder.search.builder.filter.NullFilter@1c342bd. Entrance timestamp: 1221394882096
Exit from method [LookupServiceBean#searchCompanies]. Time spent: 0 ms. Return value: [[ id=15 name=null passcode=null isDeleted=false] [ id=17 name=null passcode=null isDeleted=false]]
Enter into method [LookupServiceBean#retrieveProjectsForClient]. Argument info: [ id=0 name=null codeName=null salesTax=0.0 isDeleted=false company=null clientStatus=null]. Entrance timestamp: 1221394882096
Exit from method [LookupServiceBean#retrieveProjectsForClient]. Time spent: 0 ms. Return value: [[ id=1 name=null description=null salesTax=0.0 client=null company=null childProjects=[]] [ id=7 name=null description=null salesTax=0.0 client=null company=null childProjects=[]]]
Enter into method [LookupServiceBean#retrieveProject]. Argument info: 1. Entrance timestamp: 1221394882096
Exit from method [LookupServiceBean#retrieveProject]. Time spent: 0 ms. Return value: [ id=1 name=null description=null salesTax=0.0 client=null company=null childProjects=[]]
Enter into method [LookupServiceBean#retrieveCompany]. Argument info: 1. Entrance timestamp: 1221394882096
Exit from method [LookupServiceBean#retrieveCompany]. Time spent: 0 ms. Return value: [ id=1 name=null passcode=null isDeleted=false]
Enter into method [LookupServiceBean#searchCompaniesByName]. Argument info: name. Entrance timestamp: 1221394882096
Exit from method [LookupServiceBean#searchCompaniesByName]. Time spent: 0 ms. Return value: [[ id=15 name=null passcode=null isDeleted=false] [ id=17 name=null passcode=null isDeleted=false]]
Enter into method [LookupServiceBean#getClientsForCompany]. Argument info: [ id=0 name=null passcode=null isDeleted=false]. Entrance timestamp: 1221394882096
Exit from method [LookupServiceBean#getClientsForCompany]. Time spent: 0 ms. Return value: [[ id=1 name=Jack codeName=null salesTax=0.0 isDeleted=false company=null clientStatus=null] [ id=7 name=Jack codeName=null salesTax=0.0 isDeleted=false company=null clientStatus=null]]
Enter into method [LookupServiceBean#searchProjectsByName]. Argument info: name. Entrance timestamp: 1221394882096
Exit from method [LookupServiceBean#searchProjectsByName]. Time spent: 0 ms. Return value: [[ id=1 name=null description=null salesTax=0.0 client=null company=null childProjects=[]] [ id=7 name=null description=null salesTax=0.0 client=null company=null childProjects=[]]]
Enter into method [LookupServiceBean#searchProjects]. Argument info: com.topcoder.search.builder.filter.NullFilter@52ac20. Entrance timestamp: 1221394882096
Exit from method [LookupServiceBean#searchProjects]. Time spent: 0 ms. Return value: [[ id=1 name=null description=null salesTax=0.0 client=null company=null childProjects=[]] [ id=7 name=null description=null salesTax=0.0 client=null company=null childProjects=[]]]
Enter into method [LookupServiceBean#getClientsForStatus]. Argument info: [ id=0 name=null description=null isDeleted=false]. Entrance timestamp: 1221394882096
Exit from method [LookupServiceBean#getClientsForStatus]. Time spent: 0 ms. Return value: [[ id=1 name=Jack codeName=null salesTax=0.0 isDeleted=false company=null clientStatus=null] [ id=7 name=Jack codeName=null salesTax=0.0 isDeleted=false company=null clientStatus=null]]
Enter into method [LookupServiceBean#getClientStatus]. Argument info: 1. Entrance timestamp: 1221394882096
Exit from method [LookupServiceBean#getClientStatus]. Time spent: 0 ms. Return value: [ id=1 name=null description=null isDeleted=false]
Enter into method [LookupServiceBean#searchClients]. Argument info: com.topcoder.search.builder.filter.NullFilter@1a282af. Entrance timestamp: 1221394882096
Exit from method [LookupServiceBean#searchClients]. Time spent: 0 ms. Return value: [[ id=1 name=Jack codeName=null salesTax=0.0 isDeleted=false company=null clientStatus=null] [ id=7 name=Jack codeName=null salesTax=0.0 isDeleted=false company=null clientStatus=null]]
Enter into method [LookupServiceBean#retrieveAllClients]. Entrance timestamp: 1221394882097
Exit from method [LookupServiceBean#retrieveAllClients]. Time spent: 0 ms. Return value: [[ id=1 name=Jack codeName=null salesTax=0.0 isDeleted=false company=null clientStatus=null] [ id=7 name=Jack codeName=null salesTax=0.0 isDeleted=false company=null clientStatus=null]]
Enter into method [LookupServiceBean#searchCompaniesByName]. Argument info: name. Entrance timestamp: 1221394882097
Exit from method [LookupServiceBean#searchCompaniesByName]. Time spent: 0 ms. Return value: [[ id=15 name=null passcode=null isDeleted=false] [ id=17 name=null passcode=null isDeleted=false]]
Enter into method [LookupServiceBean#retrieveAllProjects]. Entrance timestamp: 1221394882097
Exit from method [LookupServiceBean#retrieveAllProjects]. Time spent: 0 ms. Return value: [[ id=1 name=null description=null salesTax=0.0 client=null company=null childProjects=[]] [ id=7 name=null description=null salesTax=0.0 client=null company=null childProjects=[]]]
Enter into method [LookupServiceBean#retrieveAllProjects]. Entrance timestamp: 1221394882097
Exit from method [LookupServiceBean#retrieveAllProjects]. Time spent: 1 ms. Return value: [[ id=1 name=null description=null salesTax=0.0 client=null company=null childProjects=[]] [ id=7 name=null description=null salesTax=0.0 client=null company=null childProjects=[]]]
Enter into method [LookupServiceBean#searchClientsByName]. Argument info: name. Entrance timestamp: 1221394882098
Exit from method [LookupServiceBean#searchClientsByName]. Time spent: 0 ms. Return value: [[ id=1 name=Jack codeName=null salesTax=0.0 isDeleted=false company=null clientStatus=null] [ id=7 name=Jack codeName=null salesTax=0.0 isDeleted=false company=null clientStatus=null]]
Enter into method [LookupServiceBean#searchProjects]. Argument info: com.topcoder.search.builder.filter.NullFilter@31d908. Entrance timestamp: 1221394882098
Exit from method [LookupServiceBean#searchProjects]. Time spent: 0 ms. Return value: [[ id=1 name=null description=null salesTax=0.0 client=null company=null childProjects=[]] [ id=7 name=null description=null salesTax=0.0 client=null company=null childProjects=[]]]
Enter into method [LookupServiceBean#retrieveAllProjects]. Entrance timestamp: 1221394882098
Exit from method [LookupServiceBean#retrieveAllProjects]. Time spent: 0 ms. Return value: [[ id=1 name=null description=null salesTax=0.0 client=null company=null childProjects=[]] [ id=7 name=null description=null salesTax=0.0 client=null company=null childProjects=[]]]
Enter into method [LookupServiceBean#getProjectsForCompany]. Argument info: [ id=0 name=null passcode=null isDeleted=false]. Entrance timestamp: 1221394882098
Exit from method [LookupServiceBean#getProjectsForCompany]. Time spent: 0 ms. Return value: [[ id=1 name=null description=null salesTax=0.0 client=null company=null childProjects=[]] [ id=7 name=null description=null salesTax=0.0 client=null company=null childProjects=[]]]
Enter into method [LookupServiceBean#searchProjects]. Argument info: com.topcoder.search.builder.filter.NullFilter@9f9e5e. Entrance timestamp: 1221394882098
Exit from method [LookupServiceBean#searchProjects]. Time spent: 0 ms. Return value: [[ id=1 name=null description=null salesTax=0.0 client=null company=null childProjects=[]] [ id=7 name=null description=null salesTax=0.0 client=null company=null childProjects=[]]]
Enter into method [LookupServiceBean#getProjectsForStatus]. Argument info: [ id=0 name=null description=null isDeleted=false]. Entrance timestamp: 1221394882098
Exit from method [LookupServiceBean#getProjectsForStatus]. Time spent: 0 ms. Return value: [[ id=1 name=null description=null salesTax=0.0 client=null company=null childProjects=[]] [ id=7 name=null description=null salesTax=0.0 client=null company=null childProjects=[]]]
Enter into method [LookupServiceBean#retrieveCompany]. Argument info: 1. Entrance timestamp: 1221394882098
Exit from method [LookupServiceBean#retrieveCompany]. Time spent: 0 ms. Return value: [ id=1 name=null passcode=null isDeleted=false]
Enter into method [LookupServiceBean#searchCompanies]. Argument info: com.topcoder.search.builder.filter.NullFilter@15660ee. Entrance timestamp: 1221394882098
Exit from method [LookupServiceBean#searchCompanies]. Time spent: 0 ms. Return value: [[ id=15 name=null passcode=null isDeleted=false] [ id=17 name=null passcode=null isDeleted=false]]
Enter into method [LookupServiceBean#retrieveProjectsForClient]. Argument info: [ id=0 name=null codeName=null salesTax=0.0 isDeleted=false company=null clientStatus=null]. Entrance timestamp: 1221394882098
Exit from method [LookupServiceBean#retrieveProjectsForClient]. Time spent: 0 ms. Return value: [[ id=1 name=null description=null salesTax=0.0 client=null company=null childProjects=[]] [ id=7 name=null description=null salesTax=0.0 client=null company=null childProjects=[]]]
Enter into method [LookupServiceBean#retrieveProject]. Argument info: 1. Entrance timestamp: 1221394882098
Exit from method [LookupServiceBean#retrieveProject]. Time spent: 0 ms. Return value: [ id=1 name=null description=null salesTax=0.0 client=null company=null childProjects=[]]
Enter into method [LookupServiceBean#searchProjectsByName]. Argument info: name. Entrance timestamp: 1221394882098
Exit from method [LookupServiceBean#searchProjectsByName]. Time spent: 0 ms. Return value: [[ id=1 name=null description=null salesTax=0.0 client=null company=null childProjects=[]] [ id=7 name=null description=null salesTax=0.0 client=null company=null childProjects=[]]]
Enter into method [LookupServiceBean#getProjectsForCompany]. Argument info: [ id=0 name=null passcode=null isDeleted=false]. Entrance timestamp: 1221394882098
Exit from method [LookupServiceBean#getProjectsForCompany]. Time spent: 0 ms. Return value: [[ id=1 name=null description=null salesTax=0.0 client=null company=null childProjects=[]] [ id=7 name=null description=null salesTax=0.0 client=null company=null childProjects=[]]]
Enter into method [LookupServiceBean#getProjectsForCompany]. Argument info: [ id=0 name=null passcode=null isDeleted=false]. Entrance timestamp: 1221394882098
Exit from method [LookupServiceBean#getProjectsForCompany]. Time spent: 0 ms. Return value: [[ id=1 name=null description=null salesTax=0.0 client=null company=null childProjects=[]] [ id=7 name=null description=null salesTax=0.0 client=null company=null childProjects=[]]]
Enter into method [LookupServiceBean#searchProjectsByName]. Argument info: name. Entrance timestamp: 1221394882098
Exit from method [LookupServiceBean#searchProjectsByName]. Time spent: 0 ms. Return value: [[ id=1 name=null description=null salesTax=0.0 client=null company=null childProjects=[]] [ id=7 name=null description=null salesTax=0.0 client=null company=null childProjects=[]]]
Enter into method [LookupServiceBean#retrieveProject]. Argument info: 1. Entrance timestamp: 1221394882098
Exit from method [LookupServiceBean#retrieveProject]. Time spent: 0 ms. Return value: [ id=1 name=null description=null salesTax=0.0 client=null company=null childProjects=[]]
Enter into method [LookupServiceBean#searchClients]. Argument info: com.topcoder.search.builder.filter.NullFilter@1f5bf7c. Entrance timestamp: 1221394882099
Exit from method [LookupServiceBean#searchClients]. Time spent: 0 ms. Return value: [[ id=1 name=Jack codeName=null salesTax=0.0 isDeleted=false company=null clientStatus=null] [ id=7 name=Jack codeName=null salesTax=0.0 isDeleted=false company=null clientStatus=null]]
Enter into method [LookupServiceBean#getProjectsForCompany]. Argument info: [ id=0 name=null passcode=null isDeleted=false]. Entrance timestamp: 1221394882099
Exit from method [LookupServiceBean#getProjectsForCompany]. Time spent: 0 ms. Return value: [[ id=1 name=null description=null salesTax=0.0 client=null company=null childProjects=[]] [ id=7 name=null description=null salesTax=0.0 client=null company=null childProjects=[]]]
Enter into method [LookupServiceBean#retrieveCompany]. Argument info: 1. Entrance timestamp: 1221394882099
Exit from method [LookupServiceBean#retrieveCompany]. Time spent: 0 ms. Return value: [ id=1 name=null passcode=null isDeleted=false]
Enter into method [LookupServiceBean#retrieveAllClients]. Entrance timestamp: 1221394882099
Exit from method [LookupServiceBean#retrieveAllClients]. Time spent: 0 ms. Return value: [[ id=1 name=Jack codeName=null salesTax=0.0 isDeleted=false company=null clientStatus=null] [ id=7 name=Jack codeName=null salesTax=0.0 isDeleted=false company=null clientStatus=null]]
Enter into method [LookupServiceBean#retrieveProject]. Argument info: 1. Entrance timestamp: 1221394882099
Exit from method [LookupServiceBean#retrieveProject]. Time spent: 0 ms. Return value: [ id=1 name=null description=null salesTax=0.0 client=null company=null childProjects=[]]
Enter into method [LookupServiceBean#retrieveProject]. Argument info: 1. Entrance timestamp: 1221394882099
Exit from method [LookupServiceBean#retrieveProject]. Time spent: 0 ms. Return value: [ id=1 name=null description=null salesTax=0.0 client=null company=null childProjects=[]]
Enter into method [LookupServiceBean#searchProjects]. Argument info: com.topcoder.search.builder.filter.NullFilter@ee808a. Entrance timestamp: 1221394882099
Exit from method [LookupServiceBean#searchProjects]. Time spent: 0 ms. Return value: [[ id=1 name=null description=null salesTax=0.0 client=null company=null childProjects=[]] [ id=7 name=null description=null salesTax=0.0 client=null company=null childProjects=[]]]
Enter into method [LookupServiceBean#retrieveClient]. Argument info: 1. Entrance timestamp: 1221394882099
Exit from method [LookupServiceBean#retrieveClient]. Time spent: 0 ms. Return value: [ id=1 name=Jack codeName=null salesTax=0.0 isDeleted=false company=null clientStatus=null]
Enter into method [LookupServiceBean#retrieveCompany]. Argument info: 1. Entrance timestamp: 1221394882099
Exit from method [LookupServiceBean#retrieveCompany]. Time spent: 0 ms. Return value: [ id=1 name=null passcode=null isDeleted=false]
Enter into method [LookupServiceBean#getClientStatus]. Argument info: 1. Entrance timestamp: 1221394882099
Exit from method [LookupServiceBean#getClientStatus]. Time spent: 0 ms. Return value: [ id=1 name=null description=null isDeleted=false]
Enter into method [LookupServiceBean#getAllClientStatuses]. Entrance timestamp: 1221394882099
Exit from method [LookupServiceBean#getAllClientStatuses]. Time spent: 0 ms. Return value: [[ id=0 name=null description=test1 isDeleted=false] [ id=0 name=null description=test2 isDeleted=false]]
Enter into method [LookupServiceBean#retrieveProject]. Argument info: 1. Entrance timestamp: 1221394882099
Exit from method [LookupServiceBean#retrieveProject]. Time spent: 0 ms. Return value: [ id=1 name=null description=null salesTax=0.0 client=null company=null childProjects=[]]
Enter into method [LookupServiceBean#getClientsForStatus]. Argument info: [ id=0 name=null description=null isDeleted=false]. Entrance timestamp: 1221394882099
Exit from method [LookupServiceBean#getClientsForStatus]. Time spent: 0 ms. Return value: [[ id=1 name=Jack codeName=null salesTax=0.0 isDeleted=false company=null clientStatus=null] [ id=7 name=Jack codeName=null salesTax=0.0 isDeleted=false company=null clientStatus=null]]
Enter into method [LookupServiceBean#retrieveProject]. Argument info: 1. Entrance timestamp: 1221394882099
Exit from method [LookupServiceBean#retrieveProject]. Time spent: 0 ms. Return value: [ id=1 name=null description=null salesTax=0.0 client=null company=null childProjects=[]]
Enter into method [LookupServiceBean#searchCompaniesByName]. Argument info: name. Entrance timestamp: 1221394882099
Exit from method [LookupServiceBean#searchCompaniesByName]. Time spent: 0 ms. Return value: [[ id=15 name=null passcode=null isDeleted=false] [ id=17 name=null passcode=null isDeleted=false]]
Enter into method [LookupServiceBean#getProjectStatus]. Argument info: 1. Entrance timestamp: 1221394882099
Exit from method [LookupServiceBean#getProjectStatus]. Time spent: 0 ms. Return value: [ id=1 name=null description=null isDeleted=false]
Enter into method [LookupServiceBean#retrieveProject]. Argument info: 1. Entrance timestamp: 1221394882099
Exit from method [LookupServiceBean#retrieveProject]. Time spent: 0 ms. Return value: [ id=1 name=null description=null salesTax=0.0 client=null company=null childProjects=[]]
Enter into method [LookupServiceBean#searchProjectsByName]. Argument info: name. Entrance timestamp: 1221394882099
Exit from method [LookupServiceBean#searchProjectsByName]. Time spent: 0 ms. Return value: [[ id=1 name=null description=null salesTax=0.0 client=null company=null childProjects=[]] [ id=7 name=null description=null salesTax=0.0 client=null company=null childProjects=[]]]
Enter into method [LookupServiceBean#searchCompaniesByName]. Argument info: name. Entrance timestamp: 1221394882099
Exit from method [LookupServiceBean#searchCompaniesByName]. Time spent: 0 ms. Return value: [[ id=15 name=null passcode=null isDeleted=false] [ id=17 name=null passcode=null isDeleted=false]]
Enter into method [LookupServiceBean#getAllProjectStatuses]. Entrance timestamp: 1221394882099
Exit from method [LookupServiceBean#getAllProjectStatuses]. Time spent: 0 ms. Return value: [[ id=0 name=null description=test1 isDeleted=false] [ id=0 name=null description=test2 isDeleted=false]]
Enter into method [LookupServiceBean#getProjectStatus]. Argument info: 1. Entrance timestamp: 1221394882100
Exit from method [LookupServiceBean#getProjectStatus]. Time spent: 0 ms. Return value: [ id=1 name=null description=null isDeleted=false]
Enter into method [LookupServiceBean#searchProjectsByName]. Argument info: name. Entrance timestamp: 1221394882100
Exit from method [LookupServiceBean#searchProjectsByName]. Time spent: 0 ms. Return value: [[ id=1 name=null description=null salesTax=0.0 client=null company=null childProjects=[]] [ id=7 name=null description=null salesTax=0.0 client=null company=null childProjects=[]]]
Enter into method [LookupServiceBean#getProjectsForCompany]. Argument info: [ id=0 name=null passcode=null isDeleted=false]. Entrance timestamp: 1221394882100
Exit from method [LookupServiceBean#getProjectsForCompany]. Time spent: 0 ms. Return value: [[ id=1 name=null description=null salesTax=0.0 client=null company=null childProjects=[]] [ id=7 name=null description=null salesTax=0.0 client=null company=null childProjects=[]]]
Enter into method [LookupServiceBean#retrieveProjectsForClient]. Argument info: [ id=0 name=null codeName=null salesTax=0.0 isDeleted=false company=null clientStatus=null]. Entrance timestamp: 1221394882100
Exit from method [LookupServiceBean#retrieveProjectsForClient]. Time spent: 0 ms. Return value: [[ id=1 name=null description=null salesTax=0.0 client=null company=null childProjects=[]] [ id=7 name=null description=null salesTax=0.0 client=null company=null childProjects=[]]]
Enter into method [LookupServiceBean#retrieveClient]. Argument info: 1. Entrance timestamp: 1221394882100
Exit from method [LookupServiceBean#retrieveClient]. Time spent: 0 ms. Return value: [ id=1 name=Jack codeName=null salesTax=0.0 isDeleted=false company=null clientStatus=null]
Enter into method [LookupServiceBean#getClientsForStatus]. Argument info: [ id=0 name=null description=null isDeleted=false]. Entrance timestamp: 1221394882100
Exit from method [LookupServiceBean#getClientsForStatus]. Time spent: 0 ms. Return value: [[ id=1 name=Jack codeName=null salesTax=0.0 isDeleted=false company=null clientStatus=null] [ id=7 name=Jack codeName=null salesTax=0.0 isDeleted=false company=null clientStatus=null]]
Enter into method [LookupServiceBean#getClientsForStatus]. Argument info: [ id=0 name=null description=null isDeleted=false]. Entrance timestamp: 1221394882100
Exit from method [LookupServiceBean#getClientsForStatus]. Time spent: 0 ms. Return value: [[ id=1 name=Jack codeName=null salesTax=0.0 isDeleted=false company=null clientStatus=null] [ id=7 name=Jack codeName=null salesTax=0.0 isDeleted=false company=null clientStatus=null]]
Enter into method [LookupServiceBean#getClientsForCompany]. Argument info: [ id=0 name=null passcode=null isDeleted=false]. Entrance timestamp: 1221394882100
Exit from method [LookupServiceBean#getClientsForCompany]. Time spent: 0 ms. Return value: [[ id=1 name=Jack codeName=null salesTax=0.0 isDeleted=false company=null clientStatus=null] [ id=7 name=Jack codeName=null salesTax=0.0 isDeleted=false company=null clientStatus=null]]
Enter into method [LookupServiceBean#searchProjectsByName]. Argument info: name. Entrance timestamp: 1221394882100
Exit from method [LookupServiceBean#searchProjectsByName]. Time spent: 0 ms. Return value: [[ id=1 name=null description=null salesTax=0.0 client=null company=null childProjects=[]] [ id=7 name=null description=null salesTax=0.0 client=null company=null childProjects=[]]]
Enter into method [LookupServiceBean#searchClientsByName]. Argument info: name. Entrance timestamp: 1221394882100
Exit from method [LookupServiceBean#searchClientsByName]. Time spent: 0 ms. Return value: [[ id=1 name=Jack codeName=null salesTax=0.0 isDeleted=false company=null clientStatus=null] [ id=7 name=Jack codeName=null salesTax=0.0 isDeleted=false company=null clientStatus=null]]
Enter into method [LookupServiceBean#retrieveClient]. Argument info: 1. Entrance timestamp: 1221394882100
Exit from method [LookupServiceBean#retrieveClient]. Time spent: 0 ms. Return value: [ id=1 name=Jack codeName=null salesTax=0.0 isDeleted=false company=null clientStatus=null]
Enter into method [LookupServiceBean#searchCompanies]. Argument info: com.topcoder.search.builder.filter.NullFilter@390a74. Entrance timestamp: 1221394882100
Exit from method [LookupServiceBean#searchCompanies]. Time spent: 0 ms. Return value: [[ id=15 name=null passcode=null isDeleted=false] [ id=17 name=null passcode=null isDeleted=false]]
Enter into method [LookupServiceBean#retrieveClient]. Argument info: 1. Entrance timestamp: 1221394882100
Exit from method [LookupServiceBean#retrieveClient]. Time spent: 0 ms. Return value: [ id=1 name=Jack codeName=null salesTax=0.0 isDeleted=false company=null clientStatus=null]
Enter into method [LookupServiceBean#getProjectsForStatus]. Argument info: [ id=0 name=null description=null isDeleted=false]. Entrance timestamp: 1221394882100
Exit from method [LookupServiceBean#getProjectsForStatus]. Time spent: 0 ms. Return value: [[ id=1 name=null description=null salesTax=0.0 client=null company=null childProjects=[]] [ id=7 name=null description=null salesTax=0.0 client=null company=null childProjects=[]]]
Enter into method [LookupServiceBean#getAllProjectStatuses]. Entrance timestamp: 1221394882101
Exit from method [LookupServiceBean#getAllProjectStatuses]. Time spent: 0 ms. Return value: [[ id=0 name=null description=test1 isDeleted=false] [ id=0 name=null description=test2 isDeleted=false]]
Enter into method [LookupServiceBean#getClientsForCompany]. Argument info: [ id=0 name=null passcode=null isDeleted=false]. Entrance timestamp: 1221394882101
Exit from method [LookupServiceBean#getClientsForCompany]. Time spent: 0 ms. Return value: [[ id=1 name=Jack codeName=null salesTax=0.0 isDeleted=false company=null clientStatus=null] [ id=7 name=Jack codeName=null salesTax=0.0 isDeleted=false company=null clientStatus=null]]
Enter into method [LookupServiceBean#retrieveAllCompanies]. Entrance timestamp: 1221394882101
Exit from method [LookupServiceBean#retrieveAllCompanies]. Time spent: 0 ms. Return value: [[ id=15 name=null passcode=null isDeleted=false] [ id=17 name=null passcode=null isDeleted=false]]
Enter into method [LookupServiceBean#searchProjectsByName]. Argument info: name. Entrance timestamp: 1221394882101
Exit from method [LookupServiceBean#searchProjectsByName]. Time spent: 0 ms. Return value: [[ id=1 name=null description=null salesTax=0.0 client=null company=null childProjects=[]] [ id=7 name=null description=null salesTax=0.0 client=null company=null childProjects=[]]]
Enter into method [LookupServiceBean#retrieveAllClients]. Entrance timestamp: 1221394882101
Exit from method [LookupServiceBean#retrieveAllClients]. Time spent: 0 ms. Return value: [[ id=1 name=Jack codeName=null salesTax=0.0 isDeleted=false company=null clientStatus=null] [ id=7 name=Jack codeName=null salesTax=0.0 isDeleted=false company=null clientStatus=null]]
Enter into method [LookupServiceBean#retrieveProject]. Argument info: 1. Entrance timestamp: 1221394882101
Exit from method [LookupServiceBean#retrieveProject]. Time spent: 0 ms. Return value: [ id=1 name=null description=null salesTax=0.0 client=null company=null childProjects=[]]
Enter into method [LookupServiceBean#getProjectsForStatus]. Argument info: [ id=0 name=null description=null isDeleted=false]. Entrance timestamp: 1221394882101
Exit from method [LookupServiceBean#getProjectsForStatus]. Time spent: 0 ms. Return value: [[ id=1 name=null description=null salesTax=0.0 client=null company=null childProjects=[]] [ id=7 name=null description=null salesTax=0.0 client=null company=null childProjects=[]]]
Enter into method [LookupServiceBean#searchCompaniesByName]. Argument info: name. Entrance timestamp: 1221394882102
Exit from method [LookupServiceBean#searchCompaniesByName]. Time spent: 0 ms. Return value: [[ id=15 name=null passcode=null isDeleted=false] [ id=17 name=null passcode=null isDeleted=false]]
Enter into method [LookupServiceBean#searchClientsByName]. Argument info: name. Entrance timestamp: 1221394882102
Exit from method [LookupServiceBean#searchClientsByName]. Time spent: 0 ms. Return value: [[ id=1 name=Jack codeName=null salesTax=0.0 isDeleted=false company=null clientStatus=null] [ id=7 name=Jack codeName=null salesTax=0.0 isDeleted=false company=null clientStatus=null]]
Enter into method [LookupServiceBean#getAllClientStatuses]. Entrance timestamp: 1221394882102
Exit from method [LookupServiceBean#getAllClientStatuses]. Time spent: 0 ms. Return value: [[ id=0 name=null description=test1 isDeleted=false] [ id=0 name=null description=test2 isDeleted=false]]
Enter into method [LookupServiceBean#searchCompaniesByName]. Argument info: name. Entrance timestamp: 1221394882102
Exit from method [LookupServiceBean#searchCompaniesByName]. Time spent: 0 ms. Return value: [[ id=15 name=null passcode=null isDeleted=false] [ id=17 name=null passcode=null isDeleted=false]]
Enter into method [LookupServiceBean#getProjectsForCompany]. Argument info: [ id=0 name=null passcode=null isDeleted=false]. Entrance timestamp: 1221394882102
Exit from method [LookupServiceBean#getProjectsForCompany]. Time spent: 0 ms. Return value: [[ id=1 name=null description=null salesTax=0.0 client=null company=null childProjects=[]] [ id=7 name=null description=null salesTax=0.0 client=null company=null childProjects=[]]]
Enter into method [LookupServiceBean#searchProjects]. Argument info: com.topcoder.search.builder.filter.NullFilter@dd7f3b. Entrance timestamp: 1221394882102
Exit from method [LookupServiceBean#searchProjects]. Time spent: 0 ms. Return value: [[ id=1 name=null description=null salesTax=0.0 client=null company=null childProjects=[]] [ id=7 name=null description=null salesTax=0.0 client=null company=null childProjects=[]]]
Enter into method [LookupServiceBean#retrieveCompany]. Argument info: 1. Entrance timestamp: 1221394882102
Exit from method [LookupServiceBean#retrieveCompany]. Time spent: 0 ms. Return value: [ id=1 name=null passcode=null isDeleted=false]
Enter into method [LookupServiceBean#retrieveProjectsForClient]. Argument info: [ id=0 name=null codeName=null salesTax=0.0 isDeleted=false company=null clientStatus=null]. Entrance timestamp: 1221394882102
Exit from method [LookupServiceBean#retrieveProjectsForClient]. Time spent: 0 ms. Return value: [[ id=1 name=null description=null salesTax=0.0 client=null company=null childProjects=[]] [ id=7 name=null description=null salesTax=0.0 client=null company=null childProjects=[]]]
Enter into method [LookupServiceBean#retrieveProjectsForClient]. Argument info: [ id=0 name=null codeName=null salesTax=0.0 isDeleted=false company=null clientStatus=null]. Entrance timestamp: 1221394882102
Exit from method [LookupServiceBean#retrieveProjectsForClient]. Time spent: 0 ms. Return value: [[ id=1 name=null description=null salesTax=0.0 client=null company=null childProjects=[]] [ id=7 name=null description=null salesTax=0.0 client=null company=null childProjects=[]]]
Enter into method [LookupServiceBean#retrieveProject]. Argument info: 1. Entrance timestamp: 1221394882102
Exit from method [LookupServiceBean#retrieveProject]. Time spent: 0 ms. Return value: [ id=1 name=null description=null salesTax=0.0 client=null company=null childProjects=[]]
Enter into method [LookupServiceBean#searchProjectsByName]. Argument info: name. Entrance timestamp: 1221394882102
Exit from method [LookupServiceBean#searchProjectsByName]. Time spent: 0 ms. Return value: [[ id=1 name=null description=null salesTax=0.0 client=null company=null childProjects=[]] [ id=7 name=null description=null salesTax=0.0 client=null company=null childProjects=[]]]
Enter into method [LookupServiceBean#searchClients]. Argument info: com.topcoder.search.builder.filter.NullFilter@1cc138d. Entrance timestamp: 1221394882102
Exit from method [LookupServiceBean#searchClients]. Time spent: 0 ms. Return value: [[ id=1 name=Jack codeName=null salesTax=0.0 isDeleted=false company=null clientStatus=null] [ id=7 name=Jack codeName=null salesTax=0.0 isDeleted=false company=null clientStatus=null]]
Enter into method [LookupServiceBean#retrieveClient]. Argument info: 1. Entrance timestamp: 1221394882102
Exit from method [LookupServiceBean#retrieveClient]. Time spent: 0 ms. Return value: [ id=1 name=Jack codeName=null salesTax=0.0 isDeleted=false company=null clientStatus=null]
Enter into method [LookupServiceBean#getProjectsForCompany]. Argument info: [ id=0 name=null passcode=null isDeleted=false]. Entrance timestamp: 1221394882102
Exit from method [LookupServiceBean#getProjectsForCompany]. Time spent: 0 ms. Return value: [[ id=1 name=null description=null salesTax=0.0 client=null company=null childProjects=[]] [ id=7 name=null description=null salesTax=0.0 client=null company=null childProjects=[]]]
Enter into method [LookupServiceBean#retrieveAllClients]. Entrance timestamp: 1221394882102
Exit from method [LookupServiceBean#retrieveAllClients]. Time spent: 0 ms. Return value: [[ id=1 name=Jack codeName=null salesTax=0.0 isDeleted=false company=null clientStatus=null] [ id=7 name=Jack codeName=null salesTax=0.0 isDeleted=false company=null clientStatus=null]]
Enter into method [LookupServiceBean#searchCompaniesByName]. Argument info: name. Entrance timestamp: 1221394882103
Exit from method [LookupServiceBean#searchCompaniesByName]. Time spent: 0 ms. Return value: [[ id=15 name=null passcode=null isDeleted=false] [ id=17 name=null passcode=null isDeleted=false]]
Enter into method [LookupServiceBean#retrieveAllCompanies]. Entrance timestamp: 1221394882103
Exit from method [LookupServiceBean#retrieveAllCompanies]. Time spent: 0 ms. Return value: [[ id=15 name=null passcode=null isDeleted=false] [ id=17 name=null passcode=null isDeleted=false]]
Enter into method [LookupServiceBean#searchCompanies]. Argument info: com.topcoder.search.builder.filter.NullFilter@1179d43. Entrance timestamp: 1221394882103
Exit from method [LookupServiceBean#searchCompanies]. Time spent: 0 ms. Return value: [[ id=15 name=null passcode=null isDeleted=false] [ id=17 name=null passcode=null isDeleted=false]]
Enter into method [LookupServiceBean#searchClientsByName]. Argument info: name. Entrance timestamp: 1221394882103
Exit from method [LookupServiceBean#searchClientsByName]. Time spent: 0 ms. Return value: [[ id=1 name=Jack codeName=null salesTax=0.0 isDeleted=false company=null clientStatus=null] [ id=7 name=Jack codeName=null salesTax=0.0 isDeleted=false company=null clientStatus=null]]
Enter into method [LookupServiceBean#retrieveCompany]. Argument info: 1. Entrance timestamp: 1221394882103
Exit from method [LookupServiceBean#retrieveCompany]. Time spent: 0 ms. Return value: [ id=1 name=null passcode=null isDeleted=false]
Enter into method [LookupServiceBean#getAllClientStatuses]. Entrance timestamp: 1221394882103
Exit from method [LookupServiceBean#getAllClientStatuses]. Time spent: 0 ms. Return value: [[ id=0 name=null description=test1 isDeleted=false] [ id=0 name=null description=test2 isDeleted=false]]
Enter into method [LookupServiceBean#getAllClientStatuses]. Entrance timestamp: 1221394882103
Exit from method [LookupServiceBean#getAllClientStatuses]. Time spent: 0 ms. Return value: [[ id=0 name=null description=test1 isDeleted=false] [ id=0 name=null description=test2 isDeleted=false]]
Enter into method [LookupServiceBean#retrieveAllCompanies]. Entrance timestamp: 1221394882103
Exit from method [LookupServiceBean#retrieveAllCompanies]. Time spent: 0 ms. Return value: [[ id=15 name=null passcode=null isDeleted=false] [ id=17 name=null passcode=null isDeleted=false]]
Enter into method [LookupServiceBean#searchClients]. Argument info: com.topcoder.search.builder.filter.NullFilter@155bb17. Entrance timestamp: 1221394882103
Exit from method [LookupServiceBean#searchClients]. Time spent: 0 ms. Return value: [[ id=1 name=Jack codeName=null salesTax=0.0 isDeleted=false company=null clientStatus=null] [ id=7 name=Jack codeName=null salesTax=0.0 isDeleted=false company=null clientStatus=null]]
Enter into method [LookupServiceBean#searchClientsByName]. Argument info: name. Entrance timestamp: 1221394882103
Exit from method [LookupServiceBean#searchClientsByName]. Time spent: 0 ms. Return value: [[ id=1 name=Jack codeName=null salesTax=0.0 isDeleted=false company=null clientStatus=null] [ id=7 name=Jack codeName=null salesTax=0.0 isDeleted=false company=null clientStatus=null]]
Enter into method [LookupServiceBean#getProjectsForStatus]. Argument info: [ id=0 name=null description=null isDeleted=false]. Entrance timestamp: 1221394882103
Exit from method [LookupServiceBean#getProjectsForStatus]. Time spent: 0 ms. Return value: [[ id=1 name=null description=null salesTax=0.0 client=null company=null childProjects=[]] [ id=7 name=null description=null salesTax=0.0 client=null company=null childProjects=[]]]
Enter into method [LookupServiceBean#getAllProjectStatuses]. Entrance timestamp: 1221394882103
Exit from method [LookupServiceBean#getAllProjectStatuses]. Time spent: 0 ms. Return value: [[ id=0 name=null description=test1 isDeleted=false] [ id=0 name=null description=test2 isDeleted=false]]
Enter into method [LookupServiceBean#getProjectsForStatus]. Argument info: [ id=0 name=null description=null isDeleted=false]. Entrance timestamp: 1221394882103
Exit from method [LookupServiceBean#getProjectsForStatus]. Time spent: 0 ms. Return value: [[ id=1 name=null description=null salesTax=0.0 client=null company=null childProjects=[]] [ id=7 name=null description=null salesTax=0.0 client=null company=null childProjects=[]]]
Enter into method [LookupServiceBean#getClientsForStatus]. Argument info: [ id=0 name=null description=null isDeleted=false]. Entrance timestamp: 1221394882103
Exit from method [LookupServiceBean#getClientsForStatus]. Time spent: 0 ms. Return value: [[ id=1 name=Jack codeName=null salesTax=0.0 isDeleted=false company=null clientStatus=null] [ id=7 name=Jack codeName=null salesTax=0.0 isDeleted=false company=null clientStatus=null]]
Enter into method [LookupServiceBean#searchProjectsByName]. Argument info: name. Entrance timestamp: 1221394882103
Exit from method [LookupServiceBean#searchProjectsByName]. Time spent: 0 ms. Return value: [[ id=1 name=null description=null salesTax=0.0 client=null company=null childProjects=[]] [ id=7 name=null description=null salesTax=0.0 client=null company=null childProjects=[]]]
Enter into method [LookupServiceBean#searchCompaniesByName]. Argument info: name. Entrance timestamp: 1221394882103
Exit from method [LookupServiceBean#searchCompaniesByName]. Time spent: 0 ms. Return value: [[ id=15 name=null passcode=null isDeleted=false] [ id=17 name=null passcode=null isDeleted=false]]
Enter into method [LookupServiceBean#getProjectStatus]. Argument info: 1. Entrance timestamp: 1221394882103
Exit from method [LookupServiceBean#getProjectStatus]. Time spent: 0 ms. Return value: [ id=1 name=null description=null isDeleted=false]
Enter into method [LookupServiceBean#getAllClientStatuses]. Entrance timestamp: 1221394882103
Exit from method [LookupServiceBean#getAllClientStatuses]. Time spent: 0 ms. Return value: [[ id=0 name=null description=test1 isDeleted=false] [ id=0 name=null description=test2 isDeleted=false]]
Enter into method [LookupServiceBean#searchCompaniesByName]. Argument info: name. Entrance timestamp: 1221394882103
Exit from method [LookupServiceBean#searchCompaniesByName]. Time spent: 0 ms. Return value: [[ id=15 name=null passcode=null isDeleted=false] [ id=17 name=null passcode=null isDeleted=false]]
Enter into method [LookupServiceBean#searchClientsByName]. Argument info: name. Entrance timestamp: 1221394882103
Exit from method [LookupServiceBean#searchClientsByName]. Time spent: 0 ms. Return value: [[ id=1 name=Jack codeName=null salesTax=0.0 isDeleted=false company=null clientStatus=null] [ id=7 name=Jack codeName=null salesTax=0.0 isDeleted=false company=null clientStatus=null]]
Enter into method [LookupServiceBean#retrieveProject]. Argument info: 1. Entrance timestamp: 1221394882104
Exit from method [LookupServiceBean#retrieveProject]. Time spent: 0 ms. Return value: [ id=1 name=null description=null salesTax=0.0 client=null company=null childProjects=[]]
Enter into method [LookupServiceBean#retrieveAllProjects]. Entrance timestamp: 1221394882104
Exit from method [LookupServiceBean#retrieveAllProjects]. Time spent: 0 ms. Return value: [[ id=1 name=null description=null salesTax=0.0 client=null company=null childProjects=[]] [ id=7 name=null description=null salesTax=0.0 client=null company=null childProjects=[]]]
Enter into method [LookupServiceBean#getClientStatus]. Argument info: 1. Entrance timestamp: 1221394882104
Exit from method [LookupServiceBean#getClientStatus]. Time spent: 0 ms. Return value: [ id=1 name=null description=null isDeleted=false]
Enter into method [LookupServiceBean#retrieveAllCompanies]. Entrance timestamp: 1221394882104
Exit from method [LookupServiceBean#retrieveAllCompanies]. Time spent: 0 ms. Return value: [[ id=15 name=null passcode=null isDeleted=false] [ id=17 name=null passcode=null isDeleted=false]]
Enter into method [LookupServiceBean#searchProjects]. Argument info: com.topcoder.search.builder.filter.NullFilter@16e1f2f. Entrance timestamp: 1221394882104
Exit from method [LookupServiceBean#searchProjects]. Time spent: 0 ms. Return value: [[ id=1 name=null description=null salesTax=0.0 client=null company=null childProjects=[]] [ id=7 name=null description=null salesTax=0.0 client=null company=null childProjects=[]]]
Enter into method [LookupServiceBean#retrieveProject]. Argument info: 1. Entrance timestamp: 1221394882104
Exit from method [LookupServiceBean#retrieveProject]. Time spent: 0 ms. Return value: [ id=1 name=null description=null salesTax=0.0 client=null company=null childProjects=[]]
Enter into method [LookupServiceBean#getClientStatus]. Argument info: 1. Entrance timestamp: 1221394882104
Exit from method [LookupServiceBean#getClientStatus]. Time spent: 0 ms. Return value: [ id=1 name=null description=null isDeleted=false]
Enter into method [LookupServiceBean#searchCompanies]. Argument info: com.topcoder.search.builder.filter.NullFilter@c16f66. Entrance timestamp: 1221394882104
Exit from method [LookupServiceBean#searchCompanies]. Time spent: 0 ms. Return value: [[ id=15 name=null passcode=null isDeleted=false] [ id=17 name=null passcode=null isDeleted=false]]
Enter into method [LookupServiceBean#searchCompaniesByName]. Argument info: name. Entrance timestamp: 1221394882104
Exit from method [LookupServiceBean#searchCompaniesByName]. Time spent: 0 ms. Return value: [[ id=15 name=null passcode=null isDeleted=false] [ id=17 name=null passcode=null isDeleted=false]]
Enter into method [LookupServiceBean#getProjectStatus]. Argument info: 1. Entrance timestamp: 1221394882104
Exit from method [LookupServiceBean#getProjectStatus]. Time spent: 0 ms. Return value: [ id=1 name=null description=null isDeleted=false]
Enter into method [LookupServiceBean#retrieveAllCompanies]. Entrance timestamp: 1221394882104
Exit from method [LookupServiceBean#retrieveAllCompanies]. Time spent: 0 ms. Return value: [[ id=15 name=null passcode=null isDeleted=false] [ id=17 name=null passcode=null isDeleted=false]]
Enter into method [LookupServiceBean#retrieveAllCompanies]. Entrance timestamp: 1221394882104
Exit from method [LookupServiceBean#retrieveAllCompanies]. Time spent: 0 ms. Return value: [[ id=15 name=null passcode=null isDeleted=false] [ id=17 name=null passcode=null isDeleted=false]]
Enter into method [LookupServiceBean#getClientsForStatus]. Argument info: [ id=0 name=null description=null isDeleted=false]. Entrance timestamp: 1221394882104
Exit from method [LookupServiceBean#getClientsForStatus]. Time spent: 0 ms. Return value: [[ id=1 name=Jack codeName=null salesTax=0.0 isDeleted=false company=null clientStatus=null] [ id=7 name=Jack codeName=null salesTax=0.0 isDeleted=false company=null clientStatus=null]]
Enter into method [LookupServiceBean#getClientStatus]. Argument info: 1. Entrance timestamp: 1221394882104
Exit from method [LookupServiceBean#getClientStatus]. Time spent: 0 ms. Return value: [ id=1 name=null description=null isDeleted=false]
Enter into method [LookupServiceBean#searchCompaniesByName]. Argument info: name. Entrance timestamp: 1221394882104
Exit from method [LookupServiceBean#searchCompaniesByName]. Time spent: 0 ms. Return value: [[ id=15 name=null passcode=null isDeleted=false] [ id=17 name=null passcode=null isDeleted=false]]
Enter into method [LookupServiceBean#getClientsForStatus]. Argument info: [ id=0 name=null description=null isDeleted=false]. Entrance timestamp: 1221394882104
Exit from method [LookupServiceBean#getClientsForStatus]. Time spent: 0 ms. Return value: [[ id=1 name=Jack codeName=null salesTax=0.0 isDeleted=false company=null clientStatus=null] [ id=7 name=Jack codeName=null salesTax=0.0 isDeleted=false company=null clientStatus=null]]
Enter into method [LookupServiceBean#retrieveAllProjects]. Entrance timestamp: 1221394882104
Exit from method [LookupServiceBean#retrieveAllProjects]. Time spent: 0 ms. Return value: [[ id=1 name=null description=null salesTax=0.0 client=null company=null childProjects=[]] [ id=7 name=null description=null salesTax=0.0 client=null company=null childProjects=[]]]
Enter into method [LookupServiceBean#getClientsForCompany]. Argument info: [ id=0 name=null passcode=null isDeleted=false]. Entrance timestamp: 1221394882104
Exit from method [LookupServiceBean#getClientsForCompany]. Time spent: 0 ms. Return value: [[ id=1 name=Jack codeName=null salesTax=0.0 isDeleted=false company=null clientStatus=null] [ id=7 name=Jack codeName=null salesTax=0.0 isDeleted=false company=null clientStatus=null]]
Enter into method [LookupServiceBean#searchCompaniesByName]. Argument info: name. Entrance timestamp: 1221394882104
Exit from method [LookupServiceBean#searchCompaniesByName]. Time spent: 0 ms. Return value: [[ id=15 name=null passcode=null isDeleted=false] [ id=17 name=null passcode=null isDeleted=false]]
Enter into method [LookupServiceBean#retrieveAllProjects]. Entrance timestamp: 1221394882104
Exit from method [LookupServiceBean#retrieveAllProjects]. Time spent: 0 ms. Return value: [[ id=1 name=null description=null salesTax=0.0 client=null company=null childProjects=[]] [ id=7 name=null description=null salesTax=0.0 client=null company=null childProjects=[]]]
Enter into method [LookupServiceBean#getClientsForCompany]. Argument info: [ id=0 name=null passcode=null isDeleted=false]. Entrance timestamp: 1221394882104
Exit from method [LookupServiceBean#getClientsForCompany]. Time spent: 1 ms. Return value: [[ id=1 name=Jack codeName=null salesTax=0.0 isDeleted=false company=null clientStatus=null] [ id=7 name=Jack codeName=null salesTax=0.0 isDeleted=false company=null clientStatus=null]]
Enter into method [LookupServiceBean#retrieveCompany]. Argument info: 1. Entrance timestamp: 1221394882105
Exit from method [LookupServiceBean#retrieveCompany]. Time spent: 0 ms. Return value: [ id=1 name=null passcode=null isDeleted=false]
Enter into method [LookupServiceBean#getClientsForCompany]. Argument info: [ id=0 name=null passcode=null isDeleted=false]. Entrance timestamp: 1221394882105
Exit from method [LookupServiceBean#getClientsForCompany]. Time spent: 0 ms. Return value: [[ id=1 name=Jack codeName=null salesTax=0.0 isDeleted=false company=null clientStatus=null] [ id=7 name=Jack codeName=null salesTax=0.0 isDeleted=false company=null clientStatus=null]]
Enter into method [LookupServiceBean#getAllClientStatuses]. Entrance timestamp: 1221394882105
Exit from method [LookupServiceBean#getAllClientStatuses]. Time spent: 0 ms. Return value: [[ id=0 name=null description=test1 isDeleted=false] [ id=0 name=null description=test2 isDeleted=false]]
Enter into method [LookupServiceBean#retrieveAllProjects]. Entrance timestamp: 1221394882105
Exit from method [LookupServiceBean#retrieveAllProjects]. Time spent: 0 ms. Return value: [[ id=1 name=null description=null salesTax=0.0 client=null company=null childProjects=[]] [ id=7 name=null description=null salesTax=0.0 client=null company=null childProjects=[]]]
Enter into method [LookupServiceBean#retrieveAllCompanies]. Entrance timestamp: 1221394882105
Exit from method [LookupServiceBean#retrieveAllCompanies]. Time spent: 0 ms. Return value: [[ id=15 name=null passcode=null isDeleted=false] [ id=17 name=null passcode=null isDeleted=false]]
Enter into method [LookupServiceBean#searchProjects]. Argument info: com.topcoder.search.builder.filter.NullFilter@178b5d4. Entrance timestamp: 1221394882105
Exit from method [LookupServiceBean#searchProjects]. Time spent: 0 ms. Return value: [[ id=1 name=null description=null salesTax=0.0 client=null company=null childProjects=[]] [ id=7 name=null description=null salesTax=0.0 client=null company=null childProjects=[]]]
Enter into method [LookupServiceBean#retrieveProject]. Argument info: 1. Entrance timestamp: 1221394882105
Exit from method [LookupServiceBean#retrieveProject]. Time spent: 1 ms. Return value: [ id=1 name=null description=null salesTax=0.0 client=null company=null childProjects=[]]
Enter into method [LookupServiceBean#getClientsForCompany]. Argument info: [ id=0 name=null passcode=null isDeleted=false]. Entrance timestamp: 1221394882106
Exit from method [LookupServiceBean#getClientsForCompany]. Time spent: 0 ms. Return value: [[ id=1 name=Jack codeName=null salesTax=0.0 isDeleted=false company=null clientStatus=null] [ id=7 name=Jack codeName=null salesTax=0.0 isDeleted=false company=null clientStatus=null]]
Enter into method [LookupServiceBean#retrieveCompany]. Argument info: 1. Entrance timestamp: 1221394882106
Exit from method [LookupServiceBean#retrieveCompany]. Time spent: 0 ms. Return value: [ id=1 name=null passcode=null isDeleted=false]
Enter into method [LookupServiceBean#searchClientsByName]. Argument info: name. Entrance timestamp: 1221394882106
Exit from method [LookupServiceBean#searchClientsByName]. Time spent: 0 ms. Return value: [[ id=1 name=Jack codeName=null salesTax=0.0 isDeleted=false company=null clientStatus=null] [ id=7 name=Jack codeName=null salesTax=0.0 isDeleted=false company=null clientStatus=null]]
Enter into method [LookupServiceBean#searchProjectsByName]. Argument info: name. Entrance timestamp: 1221394882106
Exit from method [LookupServiceBean#searchProjectsByName]. Time spent: 0 ms. Return value: [[ id=1 name=null description=null salesTax=0.0 client=null company=null childProjects=[]] [ id=7 name=null description=null salesTax=0.0 client=null company=null childProjects=[]]]
Enter into method [LookupServiceBean#searchProjectsByName]. Argument info: name. Entrance timestamp: 1221394882106
Exit from method [LookupServiceBean#searchProjectsByName]. Time spent: 0 ms. Return value: [[ id=1 name=null description=null salesTax=0.0 client=null company=null childProjects=[]] [ id=7 name=null description=null salesTax=0.0 client=null company=null childProjects=[]]]
Enter into method [LookupServiceBean#searchClients]. Argument info: com.topcoder.search.builder.filter.NullFilter@1e994ed. Entrance timestamp: 1221394882106
Exit from method [LookupServiceBean#searchClients]. Time spent: 0 ms. Return value: [[ id=1 name=Jack codeName=null salesTax=0.0 isDeleted=false company=null clientStatus=null] [ id=7 name=Jack codeName=null salesTax=0.0 isDeleted=false company=null clientStatus=null]]
Enter into method [LookupServiceBean#getAllProjectStatuses]. Entrance timestamp: 1221394882106
Exit from method [LookupServiceBean#getAllProjectStatuses]. Time spent: 0 ms. Return value: [[ id=0 name=null description=test1 isDeleted=false] [ id=0 name=null description=test2 isDeleted=false]]
Enter into method [LookupServiceBean#getAllClientStatuses]. Entrance timestamp: 1221394882106
Exit from method [LookupServiceBean#getAllClientStatuses]. Time spent: 0 ms. Return value: [[ id=0 name=null description=test1 isDeleted=false] [ id=0 name=null description=test2 isDeleted=false]]
Enter into method [LookupServiceBean#retrieveCompany]. Argument info: 1. Entrance timestamp: 1221394882106
Exit from method [LookupServiceBean#retrieveCompany]. Time spent: 0 ms. Return value: [ id=1 name=null passcode=null isDeleted=false]
Enter into method [LookupServiceBean#getClientStatus]. Argument info: 1. Entrance timestamp: 1221394882106
Exit from method [LookupServiceBean#getClientStatus]. Time spent: 0 ms. Return value: [ id=1 name=null description=null isDeleted=false]
Enter into method [LookupServiceBean#retrieveClient]. Argument info: 1. Entrance timestamp: 1221394882106
Exit from method [LookupServiceBean#retrieveClient]. Time spent: 0 ms. Return value: [ id=1 name=Jack codeName=null salesTax=0.0 isDeleted=false company=null clientStatus=null]
Enter into method [LookupServiceBean#searchClientsByName]. Argument info: name. Entrance timestamp: 1221394882106
Exit from method [LookupServiceBean#searchClientsByName]. Time spent: 0 ms. Return value: [[ id=1 name=Jack codeName=null salesTax=0.0 isDeleted=false company=null clientStatus=null] [ id=7 name=Jack codeName=null salesTax=0.0 isDeleted=false company=null clientStatus=null]]
Enter into method [LookupServiceBean#getProjectsForCompany]. Argument info: [ id=0 name=null passcode=null isDeleted=false]. Entrance timestamp: 1221394882106
Exit from method [LookupServiceBean#getProjectsForCompany]. Time spent: 0 ms. Return value: [[ id=1 name=null description=null salesTax=0.0 client=null company=null childProjects=[]] [ id=7 name=null description=null salesTax=0.0 client=null company=null childProjects=[]]]
Enter into method [LookupServiceBean#searchCompaniesByName]. Argument info: name. Entrance timestamp: 1221394882106
Exit from method [LookupServiceBean#searchCompaniesByName]. Time spent: 0 ms. Return value: [[ id=15 name=null passcode=null isDeleted=false] [ id=17 name=null passcode=null isDeleted=false]]
Enter into method [LookupServiceBean#searchCompaniesByName]. Argument info: name. Entrance timestamp: 1221394882106
Exit from method [LookupServiceBean#searchCompaniesByName]. Time spent: 0 ms. Return value: [[ id=15 name=null passcode=null isDeleted=false] [ id=17 name=null passcode=null isDeleted=false]]
Enter into method [LookupServiceBean#getProjectsForCompany]. Argument info: [ id=0 name=null passcode=null isDeleted=false]. Entrance timestamp: 1221394882106
Exit from method [LookupServiceBean#getProjectsForCompany]. Time spent: 0 ms. Return value: [[ id=1 name=null description=null salesTax=0.0 client=null company=null childProjects=[]] [ id=7 name=null description=null salesTax=0.0 client=null company=null childProjects=[]]]
Enter into method [LookupServiceBean#retrieveAllClients]. Entrance timestamp: 1221394882106
Exit from method [LookupServiceBean#retrieveAllClients]. Time spent: 0 ms. Return value: [[ id=1 name=Jack codeName=null salesTax=0.0 isDeleted=false company=null clientStatus=null] [ id=7 name=Jack codeName=null salesTax=0.0 isDeleted=false company=null clientStatus=null]]
Enter into method [LookupServiceBean#getClientsForStatus]. Argument info: [ id=0 name=null description=null isDeleted=false]. Entrance timestamp: 1221394882106
Exit from method [LookupServiceBean#getClientsForStatus]. Time spent: 0 ms. Return value: [[ id=1 name=Jack codeName=null salesTax=0.0 isDeleted=false company=null clientStatus=null] [ id=7 name=Jack codeName=null salesTax=0.0 isDeleted=false company=null clientStatus=null]]
Enter into method [LookupServiceBean#searchCompaniesByName]. Argument info: name. Entrance timestamp: 1221394882106
Exit from method [LookupServiceBean#searchCompaniesByName]. Time spent: 0 ms. Return value: [[ id=15 name=null passcode=null isDeleted=false] [ id=17 name=null passcode=null isDeleted=false]]
Enter into method [LookupServiceBean#getProjectsForStatus]. Argument info: [ id=0 name=null description=null isDeleted=false]. Entrance timestamp: 1221394882107
Exit from method [LookupServiceBean#getProjectsForStatus]. Time spent: 0 ms. Return value: [[ id=1 name=null description=null salesTax=0.0 client=null company=null childProjects=[]] [ id=7 name=null description=null salesTax=0.0 client=null company=null childProjects=[]]]
Enter into method [LookupServiceBean#retrieveClient]. Argument info: 1. Entrance timestamp: 1221394882107
Exit from method [LookupServiceBean#retrieveClient]. Time spent: 0 ms. Return value: [ id=1 name=Jack codeName=null salesTax=0.0 isDeleted=false company=null clientStatus=null]
Enter into method [LookupServiceBean#getClientsForCompany]. Argument info: [ id=0 name=null passcode=null isDeleted=false]. Entrance timestamp: 1221394882107
Exit from method [LookupServiceBean#getClientsForCompany]. Time spent: 0 ms. Return value: [[ id=1 name=Jack codeName=null salesTax=0.0 isDeleted=false company=null clientStatus=null] [ id=7 name=Jack codeName=null salesTax=0.0 isDeleted=false company=null clientStatus=null]]
Enter into method [LookupServiceBean#getClientsForCompany]. Argument info: [ id=0 name=null passcode=null isDeleted=false]. Entrance timestamp: 1221394882107
Exit from method [LookupServiceBean#getClientsForCompany]. Time spent: 0 ms. Return value: [[ id=1 name=Jack codeName=null salesTax=0.0 isDeleted=false company=null clientStatus=null] [ id=7 name=Jack codeName=null salesTax=0.0 isDeleted=false company=null clientStatus=null]]
Enter into method [LookupServiceBean#getProjectStatus]. Argument info: 1. Entrance timestamp: 1221394882107
Exit from method [LookupServiceBean#getProjectStatus]. Time spent: 0 ms. Return value: [ id=1 name=null description=null isDeleted=false]
Enter into method [LookupServiceBean#getProjectStatus]. Argument info: 1. Entrance timestamp: 1221394882107
Exit from method [LookupServiceBean#getProjectStatus]. Time spent: 0 ms. Return value: [ id=1 name=null description=null isDeleted=false]
Enter into method [LookupServiceBean#searchClientsByName]. Argument info: name. Entrance timestamp: 1221394882107
Exit from method [LookupServiceBean#searchClientsByName]. Time spent: 0 ms. Return value: [[ id=1 name=Jack codeName=null salesTax=0.0 isDeleted=false company=null clientStatus=null] [ id=7 name=Jack codeName=null salesTax=0.0 isDeleted=false company=null clientStatus=null]]
Enter into method [LookupServiceBean#searchProjectsByName]. Argument info: name. Entrance timestamp: 1221394882107
Exit from method [LookupServiceBean#searchProjectsByName]. Time spent: 0 ms. Return value: [[ id=1 name=null description=null salesTax=0.0 client=null company=null childProjects=[]] [ id=7 name=null description=null salesTax=0.0 client=null company=null childProjects=[]]]
Enter into method [LookupServiceBean#searchClients]. Argument info: com.topcoder.search.builder.filter.NullFilter@30911c. Entrance timestamp: 1221394882107
Exit from method [LookupServiceBean#searchClients]. Time spent: 0 ms. Return value: [[ id=1 name=Jack codeName=null salesTax=0.0 isDeleted=false company=null clientStatus=null] [ id=7 name=Jack codeName=null salesTax=0.0 isDeleted=false company=null clientStatus=null]]
Enter into method [LookupServiceBean#searchProjects]. Argument info: com.topcoder.search.builder.filter.NullFilter@86c977. Entrance timestamp: 1221394882107
Exit from method [LookupServiceBean#searchProjects]. Time spent: 0 ms. Return value: [[ id=1 name=null description=null salesTax=0.0 client=null company=null childProjects=[]] [ id=7 name=null description=null salesTax=0.0 client=null company=null childProjects=[]]]
Enter into method [LookupServiceBean#getProjectStatus]. Argument info: 1. Entrance timestamp: 1221394882107
Exit from method [LookupServiceBean#getProjectStatus]. Time spent: 0 ms. Return value: [ id=1 name=null description=null isDeleted=false]
Enter into method [LookupServiceBean#getAllProjectStatuses]. Entrance timestamp: 1221394882107
Exit from method [LookupServiceBean#getAllProjectStatuses]. Time spent: 0 ms. Return value: [[ id=0 name=null description=test1 isDeleted=false] [ id=0 name=null description=test2 isDeleted=false]]
Enter into method [LookupServiceBean#searchProjects]. Argument info: com.topcoder.search.builder.filter.NullFilter@114ba77. Entrance timestamp: 1221394882107
Exit from method [LookupServiceBean#searchProjects]. Time spent: 0 ms. Return value: [[ id=1 name=null description=null salesTax=0.0 client=null company=null childProjects=[]] [ id=7 name=null description=null salesTax=0.0 client=null company=null childProjects=[]]]
Enter into method [LookupServiceBean#retrieveCompany]. Argument info: 1. Entrance timestamp: 1221394882107
Exit from method [LookupServiceBean#retrieveCompany]. Time spent: 0 ms. Return value: [ id=1 name=null passcode=null isDeleted=false]
Enter into method [LookupServiceBean#getClientsForStatus]. Argument info: [ id=0 name=null description=null isDeleted=false]. Entrance timestamp: 1221394882107
Exit from method [LookupServiceBean#getClientsForStatus]. Time spent: 0 ms. Return value: [[ id=1 name=Jack codeName=null salesTax=0.0 isDeleted=false company=null clientStatus=null] [ id=7 name=Jack codeName=null salesTax=0.0 isDeleted=false company=null clientStatus=null]]
Enter into method [LookupServiceBean#getClientStatus]. Argument info: 1. Entrance timestamp: 1221394882107
Exit from method [LookupServiceBean#getClientStatus]. Time spent: 0 ms. Return value: [ id=1 name=null description=null isDeleted=false]
Enter into method [LookupServiceBean#searchCompanies]. Argument info: com.topcoder.search.builder.filter.NullFilter@1ddfe0f. Entrance timestamp: 1221394882107
Exit from method [LookupServiceBean#searchCompanies]. Time spent: 0 ms. Return value: [[ id=15 name=null passcode=null isDeleted=false] [ id=17 name=null passcode=null isDeleted=false]]
Enter into method [LookupServiceBean#getProjectsForStatus]. Argument info: [ id=0 name=null description=null isDeleted=false]. Entrance timestamp: 1221394882107
Exit from method [LookupServiceBean#getProjectsForStatus]. Time spent: 0 ms. Return value: [[ id=1 name=null description=null salesTax=0.0 client=null company=null childProjects=[]] [ id=7 name=null description=null salesTax=0.0 client=null company=null childProjects=[]]]
Enter into method [LookupServiceBean#retrieveAllProjects]. Entrance timestamp: 1221394882107
Exit from method [LookupServiceBean#retrieveAllProjects]. Time spent: 0 ms. Return value: [[ id=1 name=null description=null salesTax=0.0 client=null company=null childProjects=[]] [ id=7 name=null description=null salesTax=0.0 client=null company=null childProjects=[]]]
Enter into method [LookupServiceBean#retrieveAllProjects]. Entrance timestamp: 1221394882107
Exit from method [LookupServiceBean#retrieveAllProjects]. Time spent: 1 ms. Return value: [[ id=1 name=null description=null salesTax=0.0 client=null company=null childProjects=[]] [ id=7 name=null description=null salesTax=0.0 client=null company=null childProjects=[]]]
Enter into method [LookupServiceBean#getAllProjectStatuses]. Entrance timestamp: 1221394882108
Exit from method [LookupServiceBean#getAllProjectStatuses]. Time spent: 0 ms. Return value: [[ id=0 name=null description=test1 isDeleted=false] [ id=0 name=null description=test2 isDeleted=false]]
Enter into method [LookupServiceBean#retrieveProjectsForClient]. Argument info: [ id=0 name=null codeName=null salesTax=0.0 isDeleted=false company=null clientStatus=null]. Entrance timestamp: 1221394882108
Exit from method [LookupServiceBean#retrieveProjectsForClient]. Time spent: 0 ms. Return value: [[ id=1 name=null description=null salesTax=0.0 client=null company=null childProjects=[]] [ id=7 name=null description=null salesTax=0.0 client=null company=null childProjects=[]]]
Enter into method [LookupServiceBean#getProjectsForCompany]. Argument info: [ id=0 name=null passcode=null isDeleted=false]. Entrance timestamp: 1221394882108
Exit from method [LookupServiceBean#getProjectsForCompany]. Time spent: 0 ms. Return value: [[ id=1 name=null description=null salesTax=0.0 client=null company=null childProjects=[]] [ id=7 name=null description=null salesTax=0.0 client=null company=null childProjects=[]]]
Enter into method [LookupServiceBean#searchProjectsByName]. Argument info: name. Entrance timestamp: 1221394882108
Exit from method [LookupServiceBean#searchProjectsByName]. Time spent: 0 ms. Return value: [[ id=1 name=null description=null salesTax=0.0 client=null company=null childProjects=[]] [ id=7 name=null description=null salesTax=0.0 client=null company=null childProjects=[]]]
Enter into method [LookupServiceBean#retrieveCompany]. Argument info: 1. Entrance timestamp: 1221394882108
Exit from method [LookupServiceBean#retrieveCompany]. Time spent: 0 ms. Return value: [ id=1 name=null passcode=null isDeleted=false]
Enter into method [LookupServiceBean#retrieveProject]. Argument info: 1. Entrance timestamp: 1221394882108
Exit from method [LookupServiceBean#retrieveProject]. Time spent: 0 ms. Return value: [ id=1 name=null description=null salesTax=0.0 client=null company=null childProjects=[]]
Enter into method [LookupServiceBean#getAllClientStatuses]. Entrance timestamp: 1221394882108
Exit from method [LookupServiceBean#getAllClientStatuses]. Time spent: 0 ms. Return value: [[ id=0 name=null description=test1 isDeleted=false] [ id=0 name=null description=test2 isDeleted=false]]
Enter into method [LookupServiceBean#retrieveAllProjects]. Entrance timestamp: 1221394882108
Exit from method [LookupServiceBean#retrieveAllProjects]. Time spent: 0 ms. Return value: [[ id=1 name=null description=null salesTax=0.0 client=null company=null childProjects=[]] [ id=7 name=null description=null salesTax=0.0 client=null company=null childProjects=[]]]
Enter into method [LookupServiceBean#getClientStatus]. Argument info: 1. Entrance timestamp: 1221394882108
Exit from method [LookupServiceBean#getClientStatus]. Time spent: 0 ms. Return value: [ id=1 name=null description=null isDeleted=false]
Enter into method [LookupServiceBean#retrieveClient]. Argument info: 1. Entrance timestamp: 1221394882108
Exit from method [LookupServiceBean#retrieveClient]. Time spent: 0 ms. Return value: [ id=1 name=Jack codeName=null salesTax=0.0 isDeleted=false company=null clientStatus=null]
Enter into method [LookupServiceBean#getAllProjectStatuses]. Entrance timestamp: 1221394882108
Exit from method [LookupServiceBean#getAllProjectStatuses]. Time spent: 0 ms. Return value: [[ id=0 name=null description=test1 isDeleted=false] [ id=0 name=null description=test2 isDeleted=false]]
Enter into method [LookupServiceBean#getAllClientStatuses]. Entrance timestamp: 1221394882108
Exit from method [LookupServiceBean#getAllClientStatuses]. Time spent: 0 ms. Return value: [[ id=0 name=null description=test1 isDeleted=false] [ id=0 name=null description=test2 isDeleted=false]]
Enter into method [LookupServiceBean#searchProjects]. Argument info: com.topcoder.search.builder.filter.NullFilter@152b5cd. Entrance timestamp: 1221394882108
Exit from method [LookupServiceBean#searchProjects]. Time spent: 0 ms. Return value: [[ id=1 name=null description=null salesTax=0.0 client=null company=null childProjects=[]] [ id=7 name=null description=null salesTax=0.0 client=null company=null childProjects=[]]]
Enter into method [LookupServiceBean#getProjectsForStatus]. Argument info: [ id=0 name=null description=null isDeleted=false]. Entrance timestamp: 1221394882108
Exit from method [LookupServiceBean#getProjectsForStatus]. Time spent: 0 ms. Return value: [[ id=1 name=null description=null salesTax=0.0 client=null company=null childProjects=[]] [ id=7 name=null description=null salesTax=0.0 client=null company=null childProjects=[]]]
Enter into method [LookupServiceBean#getClientsForStatus]. Argument info: [ id=0 name=null description=null isDeleted=false]. Entrance timestamp: 1221394882108
Exit from method [LookupServiceBean#getClientsForStatus]. Time spent: 1 ms. Return value: [[ id=1 name=Jack codeName=null salesTax=0.0 isDeleted=false company=null clientStatus=null] [ id=7 name=Jack codeName=null salesTax=0.0 isDeleted=false company=null clientStatus=null]]
Enter into method [LookupServiceBean#getAllClientStatuses]. Entrance timestamp: 1221394882109
Exit from method [LookupServiceBean#getAllClientStatuses]. Time spent: 0 ms. Return value: [[ id=0 name=null description=test1 isDeleted=false] [ id=0 name=null description=test2 isDeleted=false]]
Enter into method [LookupServiceBean#searchCompanies]. Argument info: com.topcoder.search.builder.filter.NullFilter@11dafa4. Entrance timestamp: 1221394882109
Exit from method [LookupServiceBean#searchCompanies]. Time spent: 0 ms. Return value: [[ id=15 name=null passcode=null isDeleted=false] [ id=17 name=null passcode=null isDeleted=false]]
Enter into method [LookupServiceBean#retrieveAllClients]. Entrance timestamp: 1221394882109
Exit from method [LookupServiceBean#retrieveAllClients]. Time spent: 0 ms. Return value: [[ id=1 name=Jack codeName=null salesTax=0.0 isDeleted=false company=null clientStatus=null] [ id=7 name=Jack codeName=null salesTax=0.0 isDeleted=false company=null clientStatus=null]]
Enter into method [LookupServiceBean#getProjectsForStatus]. Argument info: [ id=0 name=null description=null isDeleted=false]. Entrance timestamp: 1221394882109
Exit from method [LookupServiceBean#getProjectsForStatus]. Time spent: 0 ms. Return value: [[ id=1 name=null description=null salesTax=0.0 client=null company=null childProjects=[]] [ id=7 name=null description=null salesTax=0.0 client=null company=null childProjects=[]]]
Enter into method [LookupServiceBean#retrieveProjectsForClient]. Argument info: [ id=0 name=null codeName=null salesTax=0.0 isDeleted=false company=null clientStatus=null]. Entrance timestamp: 1221394882109
Exit from method [LookupServiceBean#retrieveProjectsForClient]. Time spent: 0 ms. Return value: [[ id=1 name=null description=null salesTax=0.0 client=null company=null childProjects=[]] [ id=7 name=null description=null salesTax=0.0 client=null company=null childProjects=[]]]
Enter into method [LookupServiceBean#searchProjectsByName]. Argument info: name. Entrance timestamp: 1221394882109
Exit from method [LookupServiceBean#searchProjectsByName]. Time spent: 0 ms. Return value: [[ id=1 name=null description=null salesTax=0.0 client=null company=null childProjects=[]] [ id=7 name=null description=null salesTax=0.0 client=null company=null childProjects=[]]]
Enter into method [LookupServiceBean#getClientsForCompany]. Argument info: [ id=0 name=null passcode=null isDeleted=false]. Entrance timestamp: 1221394882109
Exit from method [LookupServiceBean#getClientsForCompany]. Time spent: 0 ms. Return value: [[ id=1 name=Jack codeName=null salesTax=0.0 isDeleted=false company=null clientStatus=null] [ id=7 name=Jack codeName=null salesTax=0.0 isDeleted=false company=null clientStatus=null]]
Enter into method [LookupServiceBean#retrieveProject]. Argument info: 1. Entrance timestamp: 1221394882109
Exit from method [LookupServiceBean#retrieveProject]. Time spent: 0 ms. Return value: [ id=1 name=null description=null salesTax=0.0 client=null company=null childProjects=[]]
Enter into method [LookupServiceBean#getClientStatus]. Argument info: 1. Entrance timestamp: 1221394882109
Exit from method [LookupServiceBean#getClientStatus]. Time spent: 0 ms. Return value: [ id=1 name=null description=null isDeleted=false]
Enter into method [LookupServiceBean#searchProjects]. Argument info: com.topcoder.search.builder.filter.NullFilter@1f645e4. Entrance timestamp: 1221394882109
Exit from method [LookupServiceBean#searchProjects]. Time spent: 0 ms. Return value: [[ id=1 name=null description=null salesTax=0.0 client=null company=null childProjects=[]] [ id=7 name=null description=null salesTax=0.0 client=null company=null childProjects=[]]]
Enter into method [LookupServiceBean#searchCompanies]. Argument info: com.topcoder.search.builder.filter.NullFilter@1669976. Entrance timestamp: 1221394882109
Exit from method [LookupServiceBean#searchCompanies]. Time spent: 0 ms. Return value: [[ id=15 name=null passcode=null isDeleted=false] [ id=17 name=null passcode=null isDeleted=false]]
Enter into method [LookupServiceBean#searchProjects]. Argument info: com.topcoder.search.builder.filter.NullFilter@e53ece. Entrance timestamp: 1221394882109
Exit from method [LookupServiceBean#searchProjects]. Time spent: 0 ms. Return value: [[ id=1 name=null description=null salesTax=0.0 client=null company=null childProjects=[]] [ id=7 name=null description=null salesTax=0.0 client=null company=null childProjects=[]]]
Enter into method [LookupServiceBean#searchClientsByName]. Argument info: name. Entrance timestamp: 1221394882109
Exit from method [LookupServiceBean#searchClientsByName]. Time spent: 0 ms. Return value: [[ id=1 name=Jack codeName=null salesTax=0.0 isDeleted=false company=null clientStatus=null] [ id=7 name=Jack codeName=null salesTax=0.0 isDeleted=false company=null clientStatus=null]]
Enter into method [LookupServiceBean#getProjectStatus]. Argument info: 1. Entrance timestamp: 1221394882109
Exit from method [LookupServiceBean#getProjectStatus]. Time spent: 0 ms. Return value: [ id=1 name=null description=null isDeleted=false]
Enter into method [LookupServiceBean#searchClients]. Argument info: com.topcoder.search.builder.filter.NullFilter@7e4f0c. Entrance timestamp: 1221394882109
Exit from method [LookupServiceBean#searchClients]. Time spent: 0 ms. Return value: [[ id=1 name=Jack codeName=null salesTax=0.0 isDeleted=false company=null clientStatus=null] [ id=7 name=Jack codeName=null salesTax=0.0 isDeleted=false company=null clientStatus=null]]
Enter into method [LookupServiceBean#getClientStatus]. Argument info: 1. Entrance timestamp: 1221394882110
Exit from method [LookupServiceBean#getClientStatus]. Time spent: 0 ms. Return value: [ id=1 name=null description=null isDeleted=false]
Enter into method [LookupServiceBean#retrieveClient]. Argument info: 1. Entrance timestamp: 1221394882110
Exit from method [LookupServiceBean#retrieveClient]. Time spent: 0 ms. Return value: [ id=1 name=Jack codeName=null salesTax=0.0 isDeleted=false company=null clientStatus=null]
Enter into method [LookupServiceBean#getAllClientStatuses]. Entrance timestamp: 1221394882110
Exit from method [LookupServiceBean#getAllClientStatuses]. Time spent: 0 ms. Return value: [[ id=0 name=null description=test1 isDeleted=false] [ id=0 name=null description=test2 isDeleted=false]]
Enter into method [LookupServiceBean#retrieveClient]. Argument info: 1. Entrance timestamp: 1221394882110
Exit from method [LookupServiceBean#retrieveClient]. Time spent: 0 ms. Return value: [ id=1 name=Jack codeName=null salesTax=0.0 isDeleted=false company=null clientStatus=null]
Enter into method [LookupServiceBean#searchClientsByName]. Argument info: name. Entrance timestamp: 1221394882110
Exit from method [LookupServiceBean#searchClientsByName]. Time spent: 0 ms. Return value: [[ id=1 name=Jack codeName=null salesTax=0.0 isDeleted=false company=null clientStatus=null] [ id=7 name=Jack codeName=null salesTax=0.0 isDeleted=false company=null clientStatus=null]]
Enter into method [LookupServiceBean#getProjectsForCompany]. Argument info: [ id=0 name=null passcode=null isDeleted=false]. Entrance timestamp: 1221394882110
Exit from method [LookupServiceBean#getProjectsForCompany]. Time spent: 0 ms. Return value: [[ id=1 name=null description=null salesTax=0.0 client=null company=null childProjects=[]] [ id=7 name=null description=null salesTax=0.0 client=null company=null childProjects=[]]]
Enter into method [LookupServiceBean#retrieveProjectsForClient]. Argument info: [ id=0 name=null codeName=null salesTax=0.0 isDeleted=false company=null clientStatus=null]. Entrance timestamp: 1221394882110
Exit from method [LookupServiceBean#retrieveProjectsForClient]. Time spent: 0 ms. Return value: [[ id=1 name=null description=null salesTax=0.0 client=null company=null childProjects=[]] [ id=7 name=null description=null salesTax=0.0 client=null company=null childProjects=[]]]
Enter into method [LookupServiceBean#retrieveProjectsForClient]. Argument info: [ id=0 name=null codeName=null salesTax=0.0 isDeleted=false company=null clientStatus=null]. Entrance timestamp: 1221394882110
Exit from method [LookupServiceBean#retrieveProjectsForClient]. Time spent: 0 ms. Return value: [[ id=1 name=null description=null salesTax=0.0 client=null company=null childProjects=[]] [ id=7 name=null description=null salesTax=0.0 client=null company=null childProjects=[]]]
Enter into method [LookupServiceBean#retrieveProject]. Argument info: 1. Entrance timestamp: 1221394882110
Exit from method [LookupServiceBean#retrieveProject]. Time spent: 0 ms. Return value: [ id=1 name=null description=null salesTax=0.0 client=null company=null childProjects=[]]
Enter into method [LookupServiceBean#searchClientsByName]. Argument info: name. Entrance timestamp: 1221394882110
Exit from method [LookupServiceBean#searchClientsByName]. Time spent: 0 ms. Return value: [[ id=1 name=Jack codeName=null salesTax=0.0 isDeleted=false company=null clientStatus=null] [ id=7 name=Jack codeName=null salesTax=0.0 isDeleted=false company=null clientStatus=null]]
Enter into method [LookupServiceBean#getClientsForCompany]. Argument info: [ id=0 name=null passcode=null isDeleted=false]. Entrance timestamp: 1221394882110
Exit from method [LookupServiceBean#getClientsForCompany]. Time spent: 0 ms. Return value: [[ id=1 name=Jack codeName=null salesTax=0.0 isDeleted=false company=null clientStatus=null] [ id=7 name=Jack codeName=null salesTax=0.0 isDeleted=false company=null clientStatus=null]]
Enter into method [LookupServiceBean#getAllProjectStatuses]. Entrance timestamp: 1221394882110
Exit from method [LookupServiceBean#getAllProjectStatuses]. Time spent: 0 ms. Return value: [[ id=0 name=null description=test1 isDeleted=false] [ id=0 name=null description=test2 isDeleted=false]]
Enter into method [LookupServiceBean#searchClients]. Argument info: com.topcoder.search.builder.filter.NullFilter@77bad4. Entrance timestamp: 1221394882110
Exit from method [LookupServiceBean#searchClients]. Time spent: 0 ms. Return value: [[ id=1 name=Jack codeName=null salesTax=0.0 isDeleted=false company=null clientStatus=null] [ id=7 name=Jack codeName=null salesTax=0.0 isDeleted=false company=null clientStatus=null]]
Enter into method [LookupServiceBean#retrieveAllProjects]. Entrance timestamp: 1221394882110
Exit from method [LookupServiceBean#retrieveAllProjects]. Time spent: 0 ms. Return value: [[ id=1 name=null description=null salesTax=0.0 client=null company=null childProjects=[]] [ id=7 name=null description=null salesTax=0.0 client=null company=null childProjects=[]]]
Enter into method [LookupServiceBean#getClientsForStatus]. Argument info: [ id=0 name=null description=null isDeleted=false]. Entrance timestamp: 1221394882110
Exit from method [LookupServiceBean#getClientsForStatus]. Time spent: 0 ms. Return value: [[ id=1 name=Jack codeName=null salesTax=0.0 isDeleted=false company=null clientStatus=null] [ id=7 name=Jack codeName=null salesTax=0.0 isDeleted=false company=null clientStatus=null]]
Enter into method [LookupServiceBean#getProjectStatus]. Argument info: 1. Entrance timestamp: 1221394882110
Exit from method [LookupServiceBean#getProjectStatus]. Time spent: 1 ms. Return value: [ id=1 name=null description=null isDeleted=false]
Enter into method [LookupServiceBean#retrieveAllProjects]. Entrance timestamp: 1221394882111
Exit from method [LookupServiceBean#retrieveAllProjects]. Time spent: 0 ms. Return value: [[ id=1 name=null description=null salesTax=0.0 client=null company=null childProjects=[]] [ id=7 name=null description=null salesTax=0.0 client=null company=null childProjects=[]]]
Enter into method [LookupServiceBean#retrieveClient]. Argument info: 1. Entrance timestamp: 1221394882111
Exit from method [LookupServiceBean#retrieveClient]. Time spent: 0 ms. Return value: [ id=1 name=Jack codeName=null salesTax=0.0 isDeleted=false company=null clientStatus=null]
Enter into method [LookupServiceBean#retrieveAllClients]. Entrance timestamp: 1221394882111
Exit from method [LookupServiceBean#retrieveAllClients]. Time spent: 0 ms. Return value: [[ id=1 name=Jack codeName=null salesTax=0.0 isDeleted=false company=null clientStatus=null] [ id=7 name=Jack codeName=null salesTax=0.0 isDeleted=false company=null clientStatus=null]]
Enter into method [LookupServiceBean#getClientsForCompany]. Argument info: [ id=0 name=null passcode=null isDeleted=false]. Entrance timestamp: 1221394882111
Exit from method [LookupServiceBean#getClientsForCompany]. Time spent: 0 ms. Return value: [[ id=1 name=Jack codeName=null salesTax=0.0 isDeleted=false company=null clientStatus=null] [ id=7 name=Jack codeName=null salesTax=0.0 isDeleted=false company=null clientStatus=null]]
Enter into method [LookupServiceBean#retrieveAllProjects]. Entrance timestamp: 1221394882111
Exit from method [LookupServiceBean#retrieveAllProjects]. Time spent: 0 ms. Return value: [[ id=1 name=null description=null salesTax=0.0 client=null company=null childProjects=[]] [ id=7 name=null description=null salesTax=0.0 client=null company=null childProjects=[]]]
Enter into method [LookupServiceBean#getProjectsForCompany]. Argument info: [ id=0 name=null passcode=null isDeleted=false]. Entrance timestamp: 1221394882111
Exit from method [LookupServiceBean#getProjectsForCompany]. Time spent: 0 ms. Return value: [[ id=1 name=null description=null salesTax=0.0 client=null company=null childProjects=[]] [ id=7 name=null description=null salesTax=0.0 client=null company=null childProjects=[]]]
Enter into method [LookupServiceBean#retrieveAllCompanies]. Entrance timestamp: 1221394882111
Exit from method [LookupServiceBean#retrieveAllCompanies]. Time spent: 0 ms. Return value: [[ id=15 name=null passcode=null isDeleted=false] [ id=17 name=null passcode=null isDeleted=false]]
Enter into method [LookupServiceBean#getProjectsForStatus]. Argument info: [ id=0 name=null description=null isDeleted=false]. Entrance timestamp: 1221394882111
Exit from method [LookupServiceBean#getProjectsForStatus]. Time spent: 0 ms. Return value: [[ id=1 name=null description=null salesTax=0.0 client=null company=null childProjects=[]] [ id=7 name=null description=null salesTax=0.0 client=null company=null childProjects=[]]]
Enter into method [LookupServiceBean#searchClientsByName]. Argument info: name. Entrance timestamp: 1221394882111
Exit from method [LookupServiceBean#searchClientsByName]. Time spent: 0 ms. Return value: [[ id=1 name=Jack codeName=null salesTax=0.0 isDeleted=false company=null clientStatus=null] [ id=7 name=Jack codeName=null salesTax=0.0 isDeleted=false company=null clientStatus=null]]
Enter into method [LookupServiceBean#getProjectStatus]. Argument info: 1. Entrance timestamp: 1221394882111
Exit from method [LookupServiceBean#getProjectStatus]. Time spent: 0 ms. Return value: [ id=1 name=null description=null isDeleted=false]
Enter into method [LookupServiceBean#retrieveAllProjects]. Entrance timestamp: 1221394882111
Exit from method [LookupServiceBean#retrieveAllProjects]. Time spent: 0 ms. Return value: [[ id=1 name=null description=null salesTax=0.0 client=null company=null childProjects=[]] [ id=7 name=null description=null salesTax=0.0 client=null company=null childProjects=[]]]
Enter into method [LookupServiceBean#searchCompaniesByName]. Argument info: name. Entrance timestamp: 1221394882111
Exit from method [LookupServiceBean#searchCompaniesByName]. Time spent: 0 ms. Return value: [[ id=15 name=null passcode=null isDeleted=false] [ id=17 name=null passcode=null isDeleted=false]]
Enter into method [LookupServiceBean#searchClientsByName]. Argument info: name. Entrance timestamp: 1221394882111
Exit from method [LookupServiceBean#searchClientsByName]. Time spent: 0 ms. Return value: [[ id=1 name=Jack codeName=null salesTax=0.0 isDeleted=false company=null clientStatus=null] [ id=7 name=Jack codeName=null salesTax=0.0 isDeleted=false company=null clientStatus=null]]
Enter into method [LookupServiceBean#getClientsForStatus]. Argument info: [ id=0 name=null description=null isDeleted=false]. Entrance timestamp: 1221394882111
Exit from method [LookupServiceBean#getClientsForStatus]. Time spent: 0 ms. Return value: [[ id=1 name=Jack codeName=null salesTax=0.0 isDeleted=false company=null clientStatus=null] [ id=7 name=Jack codeName=null salesTax=0.0 isDeleted=false company=null clientStatus=null]]
Enter into method [LookupServiceBean#searchCompaniesByName]. Argument info: name. Entrance timestamp: 1221394882111
Exit from method [LookupServiceBean#searchCompaniesByName]. Time spent: 0 ms. Return value: [[ id=15 name=null passcode=null isDeleted=false] [ id=17 name=null passcode=null isDeleted=false]]
Enter into method [LookupServiceBean#getClientsForCompany]. Argument info: [ id=0 name=null passcode=null isDeleted=false]. Entrance timestamp: 1221394882111
Exit from method [LookupServiceBean#getClientsForCompany]. Time spent: 0 ms. Return value: [[ id=1 name=Jack codeName=null salesTax=0.0 isDeleted=false company=null clientStatus=null] [ id=7 name=Jack codeName=null salesTax=0.0 isDeleted=false company=null clientStatus=null]]
Enter into method [LookupServiceBean#getProjectStatus]. Argument info: 1. Entrance timestamp: 1221394882111
Exit from method [LookupServiceBean#getProjectStatus]. Time spent: 0 ms. Return value: [ id=1 name=null description=null isDeleted=false]
Enter into method [LookupServiceBean#getAllClientStatuses]. Entrance timestamp: 1221394882111
Exit from method [LookupServiceBean#getAllClientStatuses]. Time spent: 0 ms. Return value: [[ id=0 name=null description=test1 isDeleted=false] [ id=0 name=null description=test2 isDeleted=false]]
Enter into method [LookupServiceBean#getClientsForCompany]. Argument info: [ id=0 name=null passcode=null isDeleted=false]. Entrance timestamp: 1221394882111
Exit from method [LookupServiceBean#getClientsForCompany]. Time spent: 0 ms. Return value: [[ id=1 name=Jack codeName=null salesTax=0.0 isDeleted=false company=null clientStatus=null] [ id=7 name=Jack codeName=null salesTax=0.0 isDeleted=false company=null clientStatus=null]]
Enter into method [LookupServiceBean#searchCompanies]. Argument info: com.topcoder.search.builder.filter.NullFilter@8ad249. Entrance timestamp: 1221394882112
Exit from method [LookupServiceBean#searchCompanies]. Time spent: 0 ms. Return value: [[ id=15 name=null passcode=null isDeleted=false] [ id=17 name=null passcode=null isDeleted=false]]
Enter into method [LookupServiceBean#getClientsForStatus]. Argument info: [ id=0 name=null description=null isDeleted=false]. Entrance timestamp: 1221394882112
Exit from method [LookupServiceBean#getClientsForStatus]. Time spent: 0 ms. Return value: [[ id=1 name=Jack codeName=null salesTax=0.0 isDeleted=false company=null clientStatus=null] [ id=7 name=Jack codeName=null salesTax=0.0 isDeleted=false company=null clientStatus=null]]
Enter into method [LookupServiceBean#retrieveAllProjects]. Entrance timestamp: 1221394882112
Exit from method [LookupServiceBean#retrieveAllProjects]. Time spent: 0 ms. Return value: [[ id=1 name=null description=null salesTax=0.0 client=null company=null childProjects=[]] [ id=7 name=null description=null salesTax=0.0 client=null company=null childProjects=[]]]
Enter into method [LookupServiceBean#retrieveCompany]. Argument info: 1. Entrance timestamp: 1221394882112
Exit from method [LookupServiceBean#retrieveCompany]. Time spent: 0 ms. Return value: [ id=1 name=null passcode=null isDeleted=false]
Enter into method [LookupServiceBean#retrieveProjectsForClient]. Argument info: [ id=0 name=null codeName=null salesTax=0.0 isDeleted=false company=null clientStatus=null]. Entrance timestamp: 1221394882112
Exit from method [LookupServiceBean#retrieveProjectsForClient]. Time spent: 0 ms. Return value: [[ id=1 name=null description=null salesTax=0.0 client=null company=null childProjects=[]] [ id=7 name=null description=null salesTax=0.0 client=null company=null childProjects=[]]]
Enter into method [LookupServiceBean#getClientsForCompany]. Argument info: [ id=0 name=null passcode=null isDeleted=false]. Entrance timestamp: 1221394882112
Exit from method [LookupServiceBean#getClientsForCompany]. Time spent: 0 ms. Return value: [[ id=1 name=Jack codeName=null salesTax=0.0 isDeleted=false company=null clientStatus=null] [ id=7 name=Jack codeName=null salesTax=0.0 isDeleted=false company=null clientStatus=null]]
Enter into method [LookupServiceBean#retrieveAllProjects]. Entrance timestamp: 1221394882112
Exit from method [LookupServiceBean#retrieveAllProjects]. Time spent: 0 ms. Return value: [[ id=1 name=null description=null salesTax=0.0 client=null company=null childProjects=[]] [ id=7 name=null description=null salesTax=0.0 client=null company=null childProjects=[]]]
Enter into method [LookupServiceBean#searchClientsByName]. Argument info: name. Entrance timestamp: 1221394882112
Exit from method [LookupServiceBean#searchClientsByName]. Time spent: 0 ms. Return value: [[ id=1 name=Jack codeName=null salesTax=0.0 isDeleted=false company=null clientStatus=null] [ id=7 name=Jack codeName=null salesTax=0.0 isDeleted=false company=null clientStatus=null]]
Enter into method [LookupServiceBean#getAllProjectStatuses]. Entrance timestamp: 1221394882112
Exit from method [LookupServiceBean#getAllProjectStatuses]. Time spent: 0 ms. Return value: [[ id=0 name=null description=test1 isDeleted=false] [ id=0 name=null description=test2 isDeleted=false]]
Enter into method [LookupServiceBean#retrieveAllClients]. Entrance timestamp: 1221394882113
Exit from method [LookupServiceBean#retrieveAllClients]. Time spent: 0 ms. Return value: [[ id=1 name=Jack codeName=null salesTax=0.0 isDeleted=false company=null clientStatus=null] [ id=7 name=Jack codeName=null salesTax=0.0 isDeleted=false company=null clientStatus=null]]
Enter into method [LookupServiceBean#retrieveProjectsForClient]. Argument info: [ id=0 name=null codeName=null salesTax=0.0 isDeleted=false company=null clientStatus=null]. Entrance timestamp: 1221394882113
Exit from method [LookupServiceBean#retrieveProjectsForClient]. Time spent: 0 ms. Return value: [[ id=1 name=null description=null salesTax=0.0 client=null company=null childProjects=[]] [ id=7 name=null description=null salesTax=0.0 client=null company=null childProjects=[]]]
Enter into method [LookupServiceBean#searchProjects]. Argument info: com.topcoder.search.builder.filter.NullFilter@1f3bc07. Entrance timestamp: 1221394882113
Exit from method [LookupServiceBean#searchProjects]. Time spent: 0 ms. Return value: [[ id=1 name=null description=null salesTax=0.0 client=null company=null childProjects=[]] [ id=7 name=null description=null salesTax=0.0 client=null company=null childProjects=[]]]
Enter into method [LookupServiceBean#retrieveProjectsForClient]. Argument info: [ id=0 name=null codeName=null salesTax=0.0 isDeleted=false company=null clientStatus=null]. Entrance timestamp: 1221394882113
Exit from method [LookupServiceBean#retrieveProjectsForClient]. Time spent: 0 ms. Return value: [[ id=1 name=null description=null salesTax=0.0 client=null company=null childProjects=[]] [ id=7 name=null description=null salesTax=0.0 client=null company=null childProjects=[]]]
Enter into method [LookupServiceBean#getAllProjectStatuses]. Entrance timestamp: 1221394882113
Exit from method [LookupServiceBean#getAllProjectStatuses]. Time spent: 0 ms. Return value: [[ id=0 name=null description=test1 isDeleted=false] [ id=0 name=null description=test2 isDeleted=false]]
Enter into method [LookupServiceBean#searchClients]. Argument info: com.topcoder.search.builder.filter.NullFilter@bd7ff4. Entrance timestamp: 1221394882113
Exit from method [LookupServiceBean#searchClients]. Time spent: 0 ms. Return value: [[ id=1 name=Jack codeName=null salesTax=0.0 isDeleted=false company=null clientStatus=null] [ id=7 name=Jack codeName=null salesTax=0.0 isDeleted=false company=null clientStatus=null]]
Enter into method [LookupServiceBean#retrieveCompany]. Argument info: 1. Entrance timestamp: 1221394882113
Exit from method [LookupServiceBean#retrieveCompany]. Time spent: 0 ms. Return value: [ id=1 name=null passcode=null isDeleted=false]
Enter into method [LookupServiceBean#retrieveProject]. Argument info: 1. Entrance timestamp: 1221394882113
Exit from method [LookupServiceBean#retrieveProject]. Time spent: 0 ms. Return value: [ id=1 name=null description=null salesTax=0.0 client=null company=null childProjects=[]]
Enter into method [LookupServiceBean#retrieveProjectsForClient]. Argument info: [ id=0 name=null codeName=null salesTax=0.0 isDeleted=false company=null clientStatus=null]. Entrance timestamp: 1221394882113
Exit from method [LookupServiceBean#retrieveProjectsForClient]. Time spent: 0 ms. Return value: [[ id=1 name=null description=null salesTax=0.0 client=null company=null childProjects=[]] [ id=7 name=null description=null salesTax=0.0 client=null company=null childProjects=[]]]
Enter into method [LookupServiceBean#retrieveProjectsForClient]. Argument info: [ id=0 name=null codeName=null salesTax=0.0 isDeleted=false company=null clientStatus=null]. Entrance timestamp: 1221394882113
Exit from method [LookupServiceBean#retrieveProjectsForClient]. Time spent: 0 ms. Return value: [[ id=1 name=null description=null salesTax=0.0 client=null company=null childProjects=[]] [ id=7 name=null description=null salesTax=0.0 client=null company=null childProjects=[]]]
Enter into method [LookupServiceBean#searchProjectsByName]. Argument info: name. Entrance timestamp: 1221394882113
Exit from method [LookupServiceBean#searchProjectsByName]. Time spent: 0 ms. Return value: [[ id=1 name=null description=null salesTax=0.0 client=null company=null childProjects=[]] [ id=7 name=null description=null salesTax=0.0 client=null company=null childProjects=[]]]
Enter into method [LookupServiceBean#retrieveCompany]. Argument info: 1. Entrance timestamp: 1221394882113
Exit from method [LookupServiceBean#retrieveCompany]. Time spent: 0 ms. Return value: [ id=1 name=null passcode=null isDeleted=false]
Enter into method [LookupServiceBean#searchProjects]. Argument info: com.topcoder.search.builder.filter.NullFilter@11b8a4c. Entrance timestamp: 1221394882113
Exit from method [LookupServiceBean#searchProjects]. Time spent: 0 ms. Return value: [[ id=1 name=null description=null salesTax=0.0 client=null company=null childProjects=[]] [ id=7 name=null description=null salesTax=0.0 client=null company=null childProjects=[]]]
Enter into method [LookupServiceBean#retrieveProjectsForClient]. Argument info: [ id=0 name=null codeName=null salesTax=0.0 isDeleted=false company=null clientStatus=null]. Entrance timestamp: 1221394882113
Exit from method [LookupServiceBean#retrieveProjectsForClient]. Time spent: 0 ms. Return value: [[ id=1 name=null description=null salesTax=0.0 client=null company=null childProjects=[]] [ id=7 name=null description=null salesTax=0.0 client=null company=null childProjects=[]]]
Enter into method [LookupServiceBean#retrieveAllClients]. Entrance timestamp: 1221394882113
Exit from method [LookupServiceBean#retrieveAllClients]. Time spent: 0 ms. Return value: [[ id=1 name=Jack codeName=null salesTax=0.0 isDeleted=false company=null clientStatus=null] [ id=7 name=Jack codeName=null salesTax=0.0 isDeleted=false company=null clientStatus=null]]
Enter into method [LookupServiceBean#retrieveProjectsForClient]. Argument info: [ id=0 name=null codeName=null salesTax=0.0 isDeleted=false company=null clientStatus=null]. Entrance timestamp: 1221394882113
Exit from method [LookupServiceBean#retrieveProjectsForClient]. Time spent: 2 ms. Return value: [[ id=1 name=null description=null salesTax=0.0 client=null company=null childProjects=[]] [ id=7 name=null description=null salesTax=0.0 client=null company=null childProjects=[]]]
Enter into method [LookupServiceBean#retrieveProjectsForClient]. Argument info: [ id=0 name=null codeName=null salesTax=0.0 isDeleted=false company=null clientStatus=null]. Entrance timestamp: 1221394882115
Exit from method [LookupServiceBean#retrieveProjectsForClient]. Time spent: 0 ms. Return value: [[ id=1 name=null description=null salesTax=0.0 client=null company=null childProjects=[]] [ id=7 name=null description=null salesTax=0.0 client=null company=null childProjects=[]]]
Enter into method [LookupServiceBean#retrieveAllCompanies]. Entrance timestamp: 1221394882115
Exit from method [LookupServiceBean#retrieveAllCompanies]. Time spent: 0 ms. Return value: [[ id=15 name=null passcode=null isDeleted=false] [ id=17 name=null passcode=null isDeleted=false]]
Enter into method [LookupServiceBean#searchClientsByName]. Argument info: name. Entrance timestamp: 1221394882115
Exit from method [LookupServiceBean#searchClientsByName]. Time spent: 0 ms. Return value: [[ id=1 name=Jack codeName=null salesTax=0.0 isDeleted=false company=null clientStatus=null] [ id=7 name=Jack codeName=null salesTax=0.0 isDeleted=false company=null clientStatus=null]]
Enter into method [LookupServiceBean#searchClients]. Argument info: com.topcoder.search.builder.filter.NullFilter@114bc90. Entrance timestamp: 1221394882115
Exit from method [LookupServiceBean#searchClients]. Time spent: 1 ms. Return value: [[ id=1 name=Jack codeName=null salesTax=0.0 isDeleted=false company=null clientStatus=null] [ id=7 name=Jack codeName=null salesTax=0.0 isDeleted=false company=null clientStatus=null]]
Enter into method [LookupServiceBean#retrieveAllCompanies]. Entrance timestamp: 1221394882116
Exit from method [LookupServiceBean#retrieveAllCompanies]. Time spent: 0 ms. Return value: [[ id=15 name=null passcode=null isDeleted=false] [ id=17 name=null passcode=null isDeleted=false]]
Enter into method [LookupServiceBean#retrieveAllProjects]. Entrance timestamp: 1221394882116
Exit from method [LookupServiceBean#retrieveAllProjects]. Time spent: 0 ms. Return value: [[ id=1 name=null description=null salesTax=0.0 client=null company=null childProjects=[]] [ id=7 name=null description=null salesTax=0.0 client=null company=null childProjects=[]]]
Enter into method [LookupServiceBean#getProjectsForCompany]. Argument info: [ id=0 name=null passcode=null isDeleted=false]. Entrance timestamp: 1221394882116
Exit from method [LookupServiceBean#getProjectsForCompany]. Time spent: 0 ms. Return value: [[ id=1 name=null description=null salesTax=0.0 client=null company=null childProjects=[]] [ id=7 name=null description=null salesTax=0.0 client=null company=null childProjects=[]]]
Enter into method [LookupServiceBean#getClientStatus]. Argument info: 1. Entrance timestamp: 1221394882116
Exit from method [LookupServiceBean#getClientStatus]. Time spent: 0 ms. Return value: [ id=1 name=null description=null isDeleted=false]
Enter into method [LookupServiceBean#retrieveAllProjects]. Entrance timestamp: 1221394882116
Exit from method [LookupServiceBean#retrieveAllProjects]. Time spent: 0 ms. Return value: [[ id=1 name=null description=null salesTax=0.0 client=null company=null childProjects=[]] [ id=7 name=null description=null salesTax=0.0 client=null company=null childProjects=[]]]
Enter into method [LookupServiceBean#getAllProjectStatuses]. Entrance timestamp: 1221394882116
Exit from method [LookupServiceBean#getAllProjectStatuses]. Time spent: 0 ms. Return value: [[ id=0 name=null description=test1 isDeleted=false] [ id=0 name=null description=test2 isDeleted=false]]
Enter into method [LookupServiceBean#getClientStatus]. Argument info: 1. Entrance timestamp: 1221394882116
Exit from method [LookupServiceBean#getClientStatus]. Time spent: 0 ms. Return value: [ id=1 name=null description=null isDeleted=false]
Enter into method [LookupServiceBean#getAllProjectStatuses]. Entrance timestamp: 1221394882116
Exit from method [LookupServiceBean#getAllProjectStatuses]. Time spent: 0 ms. Return value: [[ id=0 name=null description=test1 isDeleted=false] [ id=0 name=null description=test2 isDeleted=false]]
Enter into method [LookupServiceBean#getProjectsForCompany]. Argument info: [ id=0 name=null passcode=null isDeleted=false]. Entrance timestamp: 1221394882116
Exit from method [LookupServiceBean#getProjectsForCompany]. Time spent: 0 ms. Return value: [[ id=1 name=null description=null salesTax=0.0 client=null company=null childProjects=[]] [ id=7 name=null description=null salesTax=0.0 client=null company=null childProjects=[]]]
Enter into method [LookupServiceBean#searchClients]. Argument info: com.topcoder.search.builder.filter.NullFilter@67d00a. Entrance timestamp: 1221394882116
Exit from method [LookupServiceBean#searchClients]. Time spent: 0 ms. Return value: [[ id=1 name=Jack codeName=null salesTax=0.0 isDeleted=false company=null clientStatus=null] [ id=7 name=Jack codeName=null salesTax=0.0 isDeleted=false company=null clientStatus=null]]
Enter into method [LookupServiceBean#retrieveAllClients]. Entrance timestamp: 1221394882116
Exit from method [LookupServiceBean#retrieveAllClients]. Time spent: 0 ms. Return value: [[ id=1 name=Jack codeName=null salesTax=0.0 isDeleted=false company=null clientStatus=null] [ id=7 name=Jack codeName=null salesTax=0.0 isDeleted=false company=null clientStatus=null]]
Enter into method [LookupServiceBean#getClientStatus]. Argument info: 1. Entrance timestamp: 1221394882116
Exit from method [LookupServiceBean#getClientStatus]. Time spent: 0 ms. Return value: [ id=1 name=null description=null isDeleted=false]
Enter into method [LookupServiceBean#getProjectsForStatus]. Argument info: [ id=0 name=null description=null isDeleted=false]. Entrance timestamp: 1221394882116
Exit from method [LookupServiceBean#getProjectsForStatus]. Time spent: 0 ms. Return value: [[ id=1 name=null description=null salesTax=0.0 client=null company=null childProjects=[]] [ id=7 name=null description=null salesTax=0.0 client=null company=null childProjects=[]]]
Enter into method [LookupServiceBean#searchClients]. Argument info: com.topcoder.search.builder.filter.NullFilter@18b618e. Entrance timestamp: 1221394882116
Exit from method [LookupServiceBean#searchClients]. Time spent: 0 ms. Return value: [[ id=1 name=Jack codeName=null salesTax=0.0 isDeleted=false company=null clientStatus=null] [ id=7 name=Jack codeName=null salesTax=0.0 isDeleted=false company=null clientStatus=null]]
Enter into method [LookupServiceBean#retrieveProjectsForClient]. Argument info: [ id=0 name=null codeName=null salesTax=0.0 isDeleted=false company=null clientStatus=null]. Entrance timestamp: 1221394882116
Exit from method [LookupServiceBean#retrieveProjectsForClient]. Time spent: 0 ms. Return value: [[ id=1 name=null description=null salesTax=0.0 client=null company=null childProjects=[]] [ id=7 name=null description=null salesTax=0.0 client=null company=null childProjects=[]]]
Enter into method [LookupServiceBean#getClientsForStatus]. Argument info: [ id=0 name=null description=null isDeleted=false]. Entrance timestamp: 1221394882116
Exit from method [LookupServiceBean#getClientsForStatus]. Time spent: 0 ms. Return value: [[ id=1 name=Jack codeName=null salesTax=0.0 isDeleted=false company=null clientStatus=null] [ id=7 name=Jack codeName=null salesTax=0.0 isDeleted=false company=null clientStatus=null]]
Enter into method [LookupServiceBean#searchClients]. Argument info: com.topcoder.search.builder.filter.NullFilter@1b1e2a3. Entrance timestamp: 1221394882116
Exit from method [LookupServiceBean#searchClients]. Time spent: 0 ms. Return value: [[ id=1 name=Jack codeName=null salesTax=0.0 isDeleted=false company=null clientStatus=null] [ id=7 name=Jack codeName=null salesTax=0.0 isDeleted=false company=null clientStatus=null]]
Enter into method [LookupServiceBean#getClientStatus]. Argument info: 1. Entrance timestamp: 1221394882117
Exit from method [LookupServiceBean#getClientStatus]. Time spent: 0 ms. Return value: [ id=1 name=null description=null isDeleted=false]
Enter into method [LookupServiceBean#getClientsForStatus]. Argument info: [ id=0 name=null description=null isDeleted=false]. Entrance timestamp: 1221394882117
Exit from method [LookupServiceBean#getClientsForStatus]. Time spent: 0 ms. Return value: [[ id=1 name=Jack codeName=null salesTax=0.0 isDeleted=false company=null clientStatus=null] [ id=7 name=Jack codeName=null salesTax=0.0 isDeleted=false company=null clientStatus=null]]
Enter into method [LookupServiceBean#getClientsForStatus]. Argument info: [ id=0 name=null description=null isDeleted=false]. Entrance timestamp: 1221394882117
Exit from method [LookupServiceBean#getClientsForStatus]. Time spent: 0 ms. Return value: [[ id=1 name=Jack codeName=null salesTax=0.0 isDeleted=false company=null clientStatus=null] [ id=7 name=Jack codeName=null salesTax=0.0 isDeleted=false company=null clientStatus=null]]
Enter into method [LookupServiceBean#searchClientsByName]. Argument info: name. Entrance timestamp: 1221394882117
Exit from method [LookupServiceBean#searchClientsByName]. Time spent: 0 ms. Return value: [[ id=1 name=Jack codeName=null salesTax=0.0 isDeleted=false company=null clientStatus=null] [ id=7 name=Jack codeName=null salesTax=0.0 isDeleted=false company=null clientStatus=null]]
Enter into method [LookupServiceBean#retrieveAllProjects]. Entrance timestamp: 1221394882117
Exit from method [LookupServiceBean#retrieveAllProjects]. Time spent: 0 ms. Return value: [[ id=1 name=null description=null salesTax=0.0 client=null company=null childProjects=[]] [ id=7 name=null description=null salesTax=0.0 client=null company=null childProjects=[]]]
Enter into method [LookupServiceBean#retrieveClient]. Argument info: 1. Entrance timestamp: 1221394882117
Exit from method [LookupServiceBean#retrieveClient]. Time spent: 0 ms. Return value: [ id=1 name=Jack codeName=null salesTax=0.0 isDeleted=false company=null clientStatus=null]
Enter into method [LookupServiceBean#searchClients]. Argument info: com.topcoder.search.builder.filter.NullFilter@19657e5. Entrance timestamp: 1221394882117
Exit from method [LookupServiceBean#searchClients]. Time spent: 0 ms. Return value: [[ id=1 name=Jack codeName=null salesTax=0.0 isDeleted=false company=null clientStatus=null] [ id=7 name=Jack codeName=null salesTax=0.0 isDeleted=false company=null clientStatus=null]]
Enter into method [LookupServiceBean#searchCompanies]. Argument info: com.topcoder.search.builder.filter.NullFilter@164bcd3. Entrance timestamp: 1221394882117
Exit from method [LookupServiceBean#searchCompanies]. Time spent: 0 ms. Return value: [[ id=15 name=null passcode=null isDeleted=false] [ id=17 name=null passcode=null isDeleted=false]]
Enter into method [LookupServiceBean#getProjectsForCompany]. Argument info: [ id=0 name=null passcode=null isDeleted=false]. Entrance timestamp: 1221394882117
Exit from method [LookupServiceBean#getProjectsForCompany]. Time spent: 0 ms. Return value: [[ id=1 name=null description=null salesTax=0.0 client=null company=null childProjects=[]] [ id=7 name=null description=null salesTax=0.0 client=null company=null childProjects=[]]]
Enter into method [LookupServiceBean#retrieveProjectsForClient]. Argument info: [ id=0 name=null codeName=null salesTax=0.0 isDeleted=false company=null clientStatus=null]. Entrance timestamp: 1221394882117
Exit from method [LookupServiceBean#retrieveProjectsForClient]. Time spent: 0 ms. Return value: [[ id=1 name=null description=null salesTax=0.0 client=null company=null childProjects=[]] [ id=7 name=null description=null salesTax=0.0 client=null company=null childProjects=[]]]
Enter into method [LookupServiceBean#getClientsForCompany]. Argument info: [ id=0 name=null passcode=null isDeleted=false]. Entrance timestamp: 1221394882118
Exit from method [LookupServiceBean#getClientsForCompany]. Time spent: 0 ms. Return value: [[ id=1 name=Jack codeName=null salesTax=0.0 isDeleted=false company=null clientStatus=null] [ id=7 name=Jack codeName=null salesTax=0.0 isDeleted=false company=null clientStatus=null]]
Enter into method [LookupServiceBean#retrieveProject]. Argument info: 1. Entrance timestamp: 1221394882118
Exit from method [LookupServiceBean#retrieveProject]. Time spent: 0 ms. Return value: [ id=1 name=null description=null salesTax=0.0 client=null company=null childProjects=[]]
Enter into method [LookupServiceBean#retrieveAllCompanies]. Entrance timestamp: 1221394882118
Exit from method [LookupServiceBean#retrieveAllCompanies]. Time spent: 0 ms. Return value: [[ id=15 name=null passcode=null isDeleted=false] [ id=17 name=null passcode=null isDeleted=false]]
Enter into method [LookupServiceBean#retrieveProjectsForClient]. Argument info: [ id=0 name=null codeName=null salesTax=0.0 isDeleted=false company=null clientStatus=null]. Entrance timestamp: 1221394882118
Exit from method [LookupServiceBean#retrieveProjectsForClient]. Time spent: 0 ms. Return value: [[ id=1 name=null description=null salesTax=0.0 client=null company=null childProjects=[]] [ id=7 name=null description=null salesTax=0.0 client=null company=null childProjects=[]]]
Enter into method [LookupServiceBean#getClientStatus]. Argument info: 1. Entrance timestamp: 1221394882118
Exit from method [LookupServiceBean#getClientStatus]. Time spent: 0 ms. Return value: [ id=1 name=null description=null isDeleted=false]
Enter into method [LookupServiceBean#getProjectStatus]. Argument info: 1. Entrance timestamp: 1221394882118
Exit from method [LookupServiceBean#getProjectStatus]. Time spent: 0 ms. Return value: [ id=1 name=null description=null isDeleted=false]
Enter into method [LookupServiceBean#retrieveAllCompanies]. Entrance timestamp: 1221394882118
Exit from method [LookupServiceBean#retrieveAllCompanies]. Time spent: 0 ms. Return value: [[ id=15 name=null passcode=null isDeleted=false] [ id=17 name=null passcode=null isDeleted=false]]
Enter into method [LookupServiceBean#retrieveAllProjects]. Entrance timestamp: 1221394882118
Exit from method [LookupServiceBean#retrieveAllProjects]. Time spent: 0 ms. Return value: [[ id=1 name=null description=null salesTax=0.0 client=null company=null childProjects=[]] [ id=7 name=null description=null salesTax=0.0 client=null company=null childProjects=[]]]
Enter into method [LookupServiceBean#searchProjects]. Argument info: com.topcoder.search.builder.filter.NullFilter@a8f5ad. Entrance timestamp: 1221394882118
Exit from method [LookupServiceBean#searchProjects]. Time spent: 0 ms. Return value: [[ id=1 name=null description=null salesTax=0.0 client=null company=null childProjects=[]] [ id=7 name=null description=null salesTax=0.0 client=null company=null childProjects=[]]]
Enter into method [LookupServiceBean#getClientsForCompany]. Argument info: [ id=0 name=null passcode=null isDeleted=false]. Entrance timestamp: 1221394882118
Exit from method [LookupServiceBean#getClientsForCompany]. Time spent: 0 ms. Return value: [[ id=1 name=Jack codeName=null salesTax=0.0 isDeleted=false company=null clientStatus=null] [ id=7 name=Jack codeName=null salesTax=0.0 isDeleted=false company=null clientStatus=null]]
Enter into method [LookupServiceBean#getProjectStatus]. Argument info: 1. Entrance timestamp: 1221394882118
Exit from method [LookupServiceBean#getProjectStatus]. Time spent: 0 ms. Return value: [ id=1 name=null description=null isDeleted=false]
Enter into method [LookupServiceBean#retrieveAllProjects]. Entrance timestamp: 1221394882118
Exit from method [LookupServiceBean#retrieveAllProjects]. Time spent: 0 ms. Return value: [[ id=1 name=null description=null salesTax=0.0 client=null company=null childProjects=[]] [ id=7 name=null description=null salesTax=0.0 client=null company=null childProjects=[]]]
Enter into method [LookupServiceBean#retrieveCompany]. Argument info: 1. Entrance timestamp: 1221394882118
Exit from method [LookupServiceBean#retrieveCompany]. Time spent: 0 ms. Return value: [ id=1 name=null passcode=null isDeleted=false]
Enter into method [LookupServiceBean#searchClientsByName]. Argument info: name. Entrance timestamp: 1221394882118
Exit from method [LookupServiceBean#searchClientsByName]. Time spent: 0 ms. Return value: [[ id=1 name=Jack codeName=null salesTax=0.0 isDeleted=false company=null clientStatus=null] [ id=7 name=Jack codeName=null salesTax=0.0 isDeleted=false company=null clientStatus=null]]
Enter into method [LookupServiceBean#getClientsForCompany]. Argument info: [ id=0 name=null passcode=null isDeleted=false]. Entrance timestamp: 1221394882118
Exit from method [LookupServiceBean#getClientsForCompany]. Time spent: 0 ms. Return value: [[ id=1 name=Jack codeName=null salesTax=0.0 isDeleted=false company=null clientStatus=null] [ id=7 name=Jack codeName=null salesTax=0.0 isDeleted=false company=null clientStatus=null]]
Enter into method [LookupServiceBean#getClientsForCompany]. Argument info: [ id=0 name=null passcode=null isDeleted=false]. Entrance timestamp: 1221394882118
Exit from method [LookupServiceBean#getClientsForCompany]. Time spent: 0 ms. Return value: [[ id=1 name=Jack codeName=null salesTax=0.0 isDeleted=false company=null clientStatus=null] [ id=7 name=Jack codeName=null salesTax=0.0 isDeleted=false company=null clientStatus=null]]
Enter into method [LookupServiceBean#getProjectsForCompany]. Argument info: [ id=0 name=null passcode=null isDeleted=false]. Entrance timestamp: 1221394882118
Exit from method [LookupServiceBean#getProjectsForCompany]. Time spent: 0 ms. Return value: [[ id=1 name=null description=null salesTax=0.0 client=null company=null childProjects=[]] [ id=7 name=null description=null salesTax=0.0 client=null company=null childProjects=[]]]
Enter into method [LookupServiceBean#getAllClientStatuses]. Entrance timestamp: 1221394882119
Exit from method [LookupServiceBean#getAllClientStatuses]. Time spent: 0 ms. Return value: [[ id=0 name=null description=test1 isDeleted=false] [ id=0 name=null description=test2 isDeleted=false]]
Enter into method [LookupServiceBean#getAllProjectStatuses]. Entrance timestamp: 1221394882119
Exit from method [LookupServiceBean#getAllProjectStatuses]. Time spent: 0 ms. Return value: [[ id=0 name=null description=test1 isDeleted=false] [ id=0 name=null description=test2 isDeleted=false]]
Enter into method [LookupServiceBean#getAllClientStatuses]. Entrance timestamp: 1221394882119
Exit from method [LookupServiceBean#getAllClientStatuses]. Time spent: 0 ms. Return value: [[ id=0 name=null description=test1 isDeleted=false] [ id=0 name=null description=test2 isDeleted=false]]
Enter into method [LookupServiceBean#searchCompanies]. Argument info: com.topcoder.search.builder.filter.NullFilter@993445. Entrance timestamp: 1221394882119
Exit from method [LookupServiceBean#searchCompanies]. Time spent: 0 ms. Return value: [[ id=15 name=null passcode=null isDeleted=false] [ id=17 name=null passcode=null isDeleted=false]]
Enter into method [LookupServiceBean#searchClients]. Argument info: com.topcoder.search.builder.filter.NullFilter@36be1e. Entrance timestamp: 1221394882119
Exit from method [LookupServiceBean#searchClients]. Time spent: 0 ms. Return value: [[ id=1 name=Jack codeName=null salesTax=0.0 isDeleted=false company=null clientStatus=null] [ id=7 name=Jack codeName=null salesTax=0.0 isDeleted=false company=null clientStatus=null]]
Enter into method [LookupServiceBean#searchProjectsByName]. Argument info: name. Entrance timestamp: 1221394882119
Exit from method [LookupServiceBean#searchProjectsByName]. Time spent: 0 ms. Return value: [[ id=1 name=null description=null salesTax=0.0 client=null company=null childProjects=[]] [ id=7 name=null description=null salesTax=0.0 client=null company=null childProjects=[]]]
Enter into method [LookupServiceBean#searchProjectsByName]. Argument info: name. Entrance timestamp: 1221394882119
Exit from method [LookupServiceBean#searchProjectsByName]. Time spent: 0 ms. Return value: [[ id=1 name=null description=null salesTax=0.0 client=null company=null childProjects=[]] [ id=7 name=null description=null salesTax=0.0 client=null company=null childProjects=[]]]
Enter into method [LookupServiceBean#retrieveAllProjects]. Entrance timestamp: 1221394882119
Exit from method [LookupServiceBean#retrieveAllProjects]. Time spent: 0 ms. Return value: [[ id=1 name=null description=null salesTax=0.0 client=null company=null childProjects=[]] [ id=7 name=null description=null salesTax=0.0 client=null company=null childProjects=[]]]
Enter into method [LookupServiceBean#retrieveProject]. Argument info: 1. Entrance timestamp: 1221394882119
Exit from method [LookupServiceBean#retrieveProject]. Time spent: 0 ms. Return value: [ id=1 name=null description=null salesTax=0.0 client=null company=null childProjects=[]]
Enter into method [LookupServiceBean#getAllProjectStatuses]. Entrance timestamp: 1221394882119
Exit from method [LookupServiceBean#getAllProjectStatuses]. Time spent: 0 ms. Return value: [[ id=0 name=null description=test1 isDeleted=false] [ id=0 name=null description=test2 isDeleted=false]]
Enter into method [LookupServiceBean#searchProjectsByName]. Argument info: name. Entrance timestamp: 1221394882119
Exit from method [LookupServiceBean#searchProjectsByName]. Time spent: 0 ms. Return value: [[ id=1 name=null description=null salesTax=0.0 client=null company=null childProjects=[]] [ id=7 name=null description=null salesTax=0.0 client=null company=null childProjects=[]]]
Enter into method [LookupServiceBean#getClientsForCompany]. Argument info: [ id=0 name=null passcode=null isDeleted=false]. Entrance timestamp: 1221394882119
Exit from method [LookupServiceBean#getClientsForCompany]. Time spent: 0 ms. Return value: [[ id=1 name=Jack codeName=null salesTax=0.0 isDeleted=false company=null clientStatus=null] [ id=7 name=Jack codeName=null salesTax=0.0 isDeleted=false company=null clientStatus=null]]
Enter into method [LookupServiceBean#retrieveProject]. Argument info: 1. Entrance timestamp: 1221394882119
Exit from method [LookupServiceBean#retrieveProject]. Time spent: 0 ms. Return value: [ id=1 name=null description=null salesTax=0.0 client=null company=null childProjects=[]]
Enter into method [LookupServiceBean#searchClientsByName]. Argument info: name. Entrance timestamp: 1221394882119
Exit from method [LookupServiceBean#searchClientsByName]. Time spent: 0 ms. Return value: [[ id=1 name=Jack codeName=null salesTax=0.0 isDeleted=false company=null clientStatus=null] [ id=7 name=Jack codeName=null salesTax=0.0 isDeleted=false company=null clientStatus=null]]
Enter into method [LookupServiceBean#retrieveProject]. Argument info: 1. Entrance timestamp: 1221394882119
Exit from method [LookupServiceBean#retrieveProject]. Time spent: 0 ms. Return value: [ id=1 name=null description=null salesTax=0.0 client=null company=null childProjects=[]]
Enter into method [LookupServiceBean#getAllProjectStatuses]. Entrance timestamp: 1221394882119
Exit from method [LookupServiceBean#getAllProjectStatuses]. Time spent: 0 ms. Return value: [[ id=0 name=null description=test1 isDeleted=false] [ id=0 name=null description=test2 isDeleted=false]]
Enter into method [LookupServiceBean#getProjectsForStatus]. Argument info: [ id=0 name=null description=null isDeleted=false]. Entrance timestamp: 1221394882119
Exit from method [LookupServiceBean#getProjectsForStatus]. Time spent: 0 ms. Return value: [[ id=1 name=null description=null salesTax=0.0 client=null company=null childProjects=[]] [ id=7 name=null description=null salesTax=0.0 client=null company=null childProjects=[]]]
Enter into method [LookupServiceBean#retrieveCompany]. Argument info: 1. Entrance timestamp: 1221394882119
Exit from method [LookupServiceBean#retrieveCompany]. Time spent: 0 ms. Return value: [ id=1 name=null passcode=null isDeleted=false]
Enter into method [LookupServiceBean#retrieveAllProjects]. Entrance timestamp: 1221394882119
Exit from method [LookupServiceBean#retrieveAllProjects]. Time spent: 0 ms. Return value: [[ id=1 name=null description=null salesTax=0.0 client=null company=null childProjects=[]] [ id=7 name=null description=null salesTax=0.0 client=null company=null childProjects=[]]]
Enter into method [LookupServiceBean#searchProjects]. Argument info: com.topcoder.search.builder.filter.NullFilter@1fbc274. Entrance timestamp: 1221394882119
Exit from method [LookupServiceBean#searchProjects]. Time spent: 0 ms. Return value: [[ id=1 name=null description=null salesTax=0.0 client=null company=null childProjects=[]] [ id=7 name=null description=null salesTax=0.0 client=null company=null childProjects=[]]]
Enter into method [LookupServiceBean#getProjectStatus]. Argument info: 1. Entrance timestamp: 1221394882120
Exit from method [LookupServiceBean#getProjectStatus]. Time spent: 0 ms. Return value: [ id=1 name=null description=null isDeleted=false]
Enter into method [LookupServiceBean#getClientStatus]. Argument info: 1. Entrance timestamp: 1221394882120
Exit from method [LookupServiceBean#getClientStatus]. Time spent: 0 ms. Return value: [ id=1 name=null description=null isDeleted=false]
Enter into method [LookupServiceBean#searchCompanies]. Argument info: com.topcoder.search.builder.filter.NullFilter@19b6541. Entrance timestamp: 1221394882120
Exit from method [LookupServiceBean#searchCompanies]. Time spent: 0 ms. Return value: [[ id=15 name=null passcode=null isDeleted=false] [ id=17 name=null passcode=null isDeleted=false]]
Enter into method [LookupServiceBean#retrieveAllCompanies]. Entrance timestamp: 1221394882120
Exit from method [LookupServiceBean#retrieveAllCompanies]. Time spent: 0 ms. Return value: [[ id=15 name=null passcode=null isDeleted=false] [ id=17 name=null passcode=null isDeleted=false]]
Enter into method [LookupServiceBean#getAllProjectStatuses]. Entrance timestamp: 1221394882120
Exit from method [LookupServiceBean#getAllProjectStatuses]. Time spent: 0 ms. Return value: [[ id=0 name=null description=test1 isDeleted=false] [ id=0 name=null description=test2 isDeleted=false]]
Enter into method [LookupServiceBean#getProjectsForCompany]. Argument info: [ id=0 name=null passcode=null isDeleted=false]. Entrance timestamp: 1221394882120
Exit from method [LookupServiceBean#getProjectsForCompany]. Time spent: 0 ms. Return value: [[ id=1 name=null description=null salesTax=0.0 client=null company=null childProjects=[]] [ id=7 name=null description=null salesTax=0.0 client=null company=null childProjects=[]]]
Enter into method [LookupServiceBean#retrieveAllClients]. Entrance timestamp: 1221394882120
Exit from method [LookupServiceBean#retrieveAllClients]. Time spent: 0 ms. Return value: [[ id=1 name=Jack codeName=null salesTax=0.0 isDeleted=false company=null clientStatus=null] [ id=7 name=Jack codeName=null salesTax=0.0 isDeleted=false company=null clientStatus=null]]
Enter into method [LookupServiceBean#searchCompanies]. Argument info: com.topcoder.search.builder.filter.NullFilter@114c598. Entrance timestamp: 1221394882120
Exit from method [LookupServiceBean#searchCompanies]. Time spent: 0 ms. Return value: [[ id=15 name=null passcode=null isDeleted=false] [ id=17 name=null passcode=null isDeleted=false]]
Enter into method [LookupServiceBean#searchClientsByName]. Argument info: name. Entrance timestamp: 1221394882120
Exit from method [LookupServiceBean#searchClientsByName]. Time spent: 0 ms. Return value: [[ id=1 name=Jack codeName=null salesTax=0.0 isDeleted=false company=null clientStatus=null] [ id=7 name=Jack codeName=null salesTax=0.0 isDeleted=false company=null clientStatus=null]]
Enter into method [LookupServiceBean#getAllClientStatuses]. Entrance timestamp: 1221394882120
Exit from method [LookupServiceBean#getAllClientStatuses]. Time spent: 0 ms. Return value: [[ id=0 name=null description=test1 isDeleted=false] [ id=0 name=null description=test2 isDeleted=false]]
Enter into method [LookupServiceBean#getClientsForCompany]. Argument info: [ id=0 name=null passcode=null isDeleted=false]. Entrance timestamp: 1221394882120
Exit from method [LookupServiceBean#getClientsForCompany]. Time spent: 0 ms. Return value: [[ id=1 name=Jack codeName=null salesTax=0.0 isDeleted=false company=null clientStatus=null] [ id=7 name=Jack codeName=null salesTax=0.0 isDeleted=false company=null clientStatus=null]]
Enter into method [LookupServiceBean#getClientsForCompany]. Argument info: [ id=0 name=null passcode=null isDeleted=false]. Entrance timestamp: 1221394882120
Exit from method [LookupServiceBean#getClientsForCompany]. Time spent: 0 ms. Return value: [[ id=1 name=Jack codeName=null salesTax=0.0 isDeleted=false company=null clientStatus=null] [ id=7 name=Jack codeName=null salesTax=0.0 isDeleted=false company=null clientStatus=null]]
Enter into method [LookupServiceBean#searchCompanies]. Argument info: com.topcoder.search.builder.filter.NullFilter@b89233. Entrance timestamp: 1221394882120
Exit from method [LookupServiceBean#searchCompanies]. Time spent: 0 ms. Return value: [[ id=15 name=null passcode=null isDeleted=false] [ id=17 name=null passcode=null isDeleted=false]]
Enter into method [LookupServiceBean#getAllProjectStatuses]. Entrance timestamp: 1221394882120
Exit from method [LookupServiceBean#getAllProjectStatuses]. Time spent: 0 ms. Return value: [[ id=0 name=null description=test1 isDeleted=false] [ id=0 name=null description=test2 isDeleted=false]]
Enter into method [LookupServiceBean#searchClients]. Argument info: com.topcoder.search.builder.filter.NullFilter@1867584. Entrance timestamp: 1221394882120
Exit from method [LookupServiceBean#searchClients]. Time spent: 0 ms. Return value: [[ id=1 name=Jack codeName=null salesTax=0.0 isDeleted=false company=null clientStatus=null] [ id=7 name=Jack codeName=null salesTax=0.0 isDeleted=false company=null clientStatus=null]]
Enter into method [LookupServiceBean#getProjectsForCompany]. Argument info: [ id=0 name=null passcode=null isDeleted=false]. Entrance timestamp: 1221394882120
Exit from method [LookupServiceBean#getProjectsForCompany]. Time spent: 0 ms. Return value: [[ id=1 name=null description=null salesTax=0.0 client=null company=null childProjects=[]] [ id=7 name=null description=null salesTax=0.0 client=null company=null childProjects=[]]]
Enter into method [LookupServiceBean#searchProjects]. Argument info: com.topcoder.search.builder.filter.NullFilter@8d4682. Entrance timestamp: 1221394882120
Exit from method [LookupServiceBean#searchProjects]. Time spent: 0 ms. Return value: [[ id=1 name=null description=null salesTax=0.0 client=null company=null childProjects=[]] [ id=7 name=null description=null salesTax=0.0 client=null company=null childProjects=[]]]
Enter into method [LookupServiceBean#searchCompanies]. Argument info: com.topcoder.search.builder.filter.NullFilter@1103b8f. Entrance timestamp: 1221394882120
Exit from method [LookupServiceBean#searchCompanies]. Time spent: 0 ms. Return value: [[ id=15 name=null passcode=null isDeleted=false] [ id=17 name=null passcode=null isDeleted=false]]
Enter into method [LookupServiceBean#getAllProjectStatuses]. Entrance timestamp: 1221394882120
Exit from method [LookupServiceBean#getAllProjectStatuses]. Time spent: 0 ms. Return value: [[ id=0 name=null description=test1 isDeleted=false] [ id=0 name=null description=test2 isDeleted=false]]
Enter into method [LookupServiceBean#searchCompaniesByName]. Argument info: name. Entrance timestamp: 1221394882120
Exit from method [LookupServiceBean#searchCompaniesByName]. Time spent: 0 ms. Return value: [[ id=15 name=null passcode=null isDeleted=false] [ id=17 name=null passcode=null isDeleted=false]]
Enter into method [LookupServiceBean#searchProjects]. Argument info: com.topcoder.search.builder.filter.NullFilter@b63623. Entrance timestamp: 1221394882120
Exit from method [LookupServiceBean#searchProjects]. Time spent: 1 ms. Return value: [[ id=1 name=null description=null salesTax=0.0 client=null company=null childProjects=[]] [ id=7 name=null description=null salesTax=0.0 client=null company=null childProjects=[]]]
Enter into method [LookupServiceBean#getProjectsForCompany]. Argument info: [ id=0 name=null passcode=null isDeleted=false]. Entrance timestamp: 1221394882121
Exit from method [LookupServiceBean#getProjectsForCompany]. Time spent: 0 ms. Return value: [[ id=1 name=null description=null salesTax=0.0 client=null company=null childProjects=[]] [ id=7 name=null description=null salesTax=0.0 client=null company=null childProjects=[]]]
Enter into method [LookupServiceBean#searchProjects]. Argument info: com.topcoder.search.builder.filter.NullFilter@9c71bf. Entrance timestamp: 1221394882121
Exit from method [LookupServiceBean#searchProjects]. Time spent: 0 ms. Return value: [[ id=1 name=null description=null salesTax=0.0 client=null company=null childProjects=[]] [ id=7 name=null description=null salesTax=0.0 client=null company=null childProjects=[]]]
Enter into method [LookupServiceBean#getClientsForStatus]. Argument info: [ id=0 name=null description=null isDeleted=false]. Entrance timestamp: 1221394882121
Exit from method [LookupServiceBean#getClientsForStatus]. Time spent: 0 ms. Return value: [[ id=1 name=Jack codeName=null salesTax=0.0 isDeleted=false company=null clientStatus=null] [ id=7 name=Jack codeName=null salesTax=0.0 isDeleted=false company=null clientStatus=null]]
Enter into method [LookupServiceBean#getProjectStatus]. Argument info: 1. Entrance timestamp: 1221394882121
Exit from method [LookupServiceBean#getProjectStatus]. Time spent: 0 ms. Return value: [ id=1 name=null description=null isDeleted=false]
Enter into method [LookupServiceBean#getAllProjectStatuses]. Entrance timestamp: 1221394882121
Exit from method [LookupServiceBean#getAllProjectStatuses]. Time spent: 0 ms. Return value: [[ id=0 name=null description=test1 isDeleted=false] [ id=0 name=null description=test2 isDeleted=false]]
Enter into method [LookupServiceBean#getProjectsForCompany]. Argument info: [ id=0 name=null passcode=null isDeleted=false]. Entrance timestamp: 1221394882121
Exit from method [LookupServiceBean#getProjectsForCompany]. Time spent: 0 ms. Return value: [[ id=1 name=null description=null salesTax=0.0 client=null company=null childProjects=[]] [ id=7 name=null description=null salesTax=0.0 client=null company=null childProjects=[]]]
Enter into method [LookupServiceBean#retrieveClient]. Argument info: 1. Entrance timestamp: 1221394882121
Exit from method [LookupServiceBean#retrieveClient]. Time spent: 0 ms. Return value: [ id=1 name=Jack codeName=null salesTax=0.0 isDeleted=false company=null clientStatus=null]
Enter into method [LookupServiceBean#retrieveAllCompanies]. Entrance timestamp: 1221394882122
Exit from method [LookupServiceBean#retrieveAllCompanies]. Time spent: 0 ms. Return value: [[ id=15 name=null passcode=null isDeleted=false] [ id=17 name=null passcode=null isDeleted=false]]
Enter into method [LookupServiceBean#retrieveProjectsForClient]. Argument info: [ id=0 name=null codeName=null salesTax=0.0 isDeleted=false company=null clientStatus=null]. Entrance timestamp: 1221394882122
Exit from method [LookupServiceBean#retrieveProjectsForClient]. Time spent: 0 ms. Return value: [[ id=1 name=null description=null salesTax=0.0 client=null company=null childProjects=[]] [ id=7 name=null description=null salesTax=0.0 client=null company=null childProjects=[]]]
Enter into method [LookupServiceBean#searchClientsByName]. Argument info: name. Entrance timestamp: 1221394882122
Exit from method [LookupServiceBean#searchClientsByName]. Time spent: 0 ms. Return value: [[ id=1 name=Jack codeName=null salesTax=0.0 isDeleted=false company=null clientStatus=null] [ id=7 name=Jack codeName=null salesTax=0.0 isDeleted=false company=null clientStatus=null]]
Enter into method [LookupServiceBean#retrieveProjectsForClient]. Argument info: [ id=0 name=null codeName=null salesTax=0.0 isDeleted=false company=null clientStatus=null]. Entrance timestamp: 1221394882122
Exit from method [LookupServiceBean#retrieveProjectsForClient]. Time spent: 0 ms. Return value: [[ id=1 name=null description=null salesTax=0.0 client=null company=null childProjects=[]] [ id=7 name=null description=null salesTax=0.0 client=null company=null childProjects=[]]]
Enter into method [LookupServiceBean#searchProjects]. Argument info: com.topcoder.search.builder.filter.NullFilter@efb3ef. Entrance timestamp: 1221394882122
Exit from method [LookupServiceBean#searchProjects]. Time spent: 0 ms. Return value: [[ id=1 name=null description=null salesTax=0.0 client=null company=null childProjects=[]] [ id=7 name=null description=null salesTax=0.0 client=null company=null childProjects=[]]]
Enter into method [LookupServiceBean#searchProjectsByName]. Argument info: name. Entrance timestamp: 1221394882122
Exit from method [LookupServiceBean#searchProjectsByName]. Time spent: 0 ms. Return value: [[ id=1 name=null description=null salesTax=0.0 client=null company=null childProjects=[]] [ id=7 name=null description=null salesTax=0.0 client=null company=null childProjects=[]]]
Enter into method [LookupServiceBean#retrieveAllClients]. Entrance timestamp: 1221394882122
Exit from method [LookupServiceBean#retrieveAllClients]. Time spent: 1 ms. Return value: [[ id=1 name=Jack codeName=null salesTax=0.0 isDeleted=false company=null clientStatus=null] [ id=7 name=Jack codeName=null salesTax=0.0 isDeleted=false company=null clientStatus=null]]
Enter into method [LookupServiceBean#searchClientsByName]. Argument info: name. Entrance timestamp: 1221394882123
Exit from method [LookupServiceBean#searchClientsByName]. Time spent: 0 ms. Return value: [[ id=1 name=Jack codeName=null salesTax=0.0 isDeleted=false company=null clientStatus=null] [ id=7 name=Jack codeName=null salesTax=0.0 isDeleted=false company=null clientStatus=null]]
Enter into method [LookupServiceBean#getClientsForStatus]. Argument info: [ id=0 name=null description=null isDeleted=false]. Entrance timestamp: 1221394882123
Exit from method [LookupServiceBean#getClientsForStatus]. Time spent: 0 ms. Return value: [[ id=1 name=Jack codeName=null salesTax=0.0 isDeleted=false company=null clientStatus=null] [ id=7 name=Jack codeName=null salesTax=0.0 isDeleted=false company=null clientStatus=null]]
Enter into method [LookupServiceBean#retrieveAllClients]. Entrance timestamp: 1221394882123
Exit from method [LookupServiceBean#retrieveAllClients]. Time spent: 0 ms. Return value: [[ id=1 name=Jack codeName=null salesTax=0.0 isDeleted=false company=null clientStatus=null] [ id=7 name=Jack codeName=null salesTax=0.0 isDeleted=false company=null clientStatus=null]]
Enter into method [LookupServiceBean#getClientsForCompany]. Argument info: [ id=0 name=null passcode=null isDeleted=false]. Entrance timestamp: 1221394882123
Exit from method [LookupServiceBean#getClientsForCompany]. Time spent: 0 ms. Return value: [[ id=1 name=Jack codeName=null salesTax=0.0 isDeleted=false company=null clientStatus=null] [ id=7 name=Jack codeName=null salesTax=0.0 isDeleted=false company=null clientStatus=null]]
Enter into method [LookupServiceBean#retrieveAllClients]. Entrance timestamp: 1221394882123
Exit from method [LookupServiceBean#retrieveAllClients]. Time spent: 0 ms. Return value: [[ id=1 name=Jack codeName=null salesTax=0.0 isDeleted=false company=null clientStatus=null] [ id=7 name=Jack codeName=null salesTax=0.0 isDeleted=false company=null clientStatus=null]]
Enter into method [LookupServiceBean#getProjectsForStatus]. Argument info: [ id=0 name=null description=null isDeleted=false]. Entrance timestamp: 1221394882124
Exit from method [LookupServiceBean#getProjectsForStatus]. Time spent: 0 ms. Return value: [[ id=1 name=null description=null salesTax=0.0 client=null company=null childProjects=[]] [ id=7 name=null description=null salesTax=0.0 client=null company=null childProjects=[]]]
Enter into method [LookupServiceBean#getProjectsForCompany]. Argument info: [ id=0 name=null passcode=null isDeleted=false]. Entrance timestamp: 1221394882124
Exit from method [LookupServiceBean#getProjectsForCompany]. Time spent: 0 ms. Return value: [[ id=1 name=null description=null salesTax=0.0 client=null company=null childProjects=[]] [ id=7 name=null description=null salesTax=0.0 client=null company=null childProjects=[]]]
Enter into method [LookupServiceBean#getProjectsForStatus]. Argument info: [ id=0 name=null description=null isDeleted=false]. Entrance timestamp: 1221394882124
Exit from method [LookupServiceBean#getProjectsForStatus]. Time spent: 0 ms. Return value: [[ id=1 name=null description=null salesTax=0.0 client=null company=null childProjects=[]] [ id=7 name=null description=null salesTax=0.0 client=null company=null childProjects=[]]]
Enter into method [LookupServiceBean#getClientsForCompany]. Argument info: [ id=0 name=null passcode=null isDeleted=false]. Entrance timestamp: 1221394882124
Exit from method [LookupServiceBean#getClientsForCompany]. Time spent: 0 ms. Return value: [[ id=1 name=Jack codeName=null salesTax=0.0 isDeleted=false company=null clientStatus=null] [ id=7 name=Jack codeName=null salesTax=0.0 isDeleted=false company=null clientStatus=null]]
Enter into method [LookupServiceBean#retrieveProjectsForClient]. Argument info: [ id=0 name=null codeName=null salesTax=0.0 isDeleted=false company=null clientStatus=null]. Entrance timestamp: 1221394882124
Exit from method [LookupServiceBean#retrieveProjectsForClient]. Time spent: 0 ms. Return value: [[ id=1 name=null description=null salesTax=0.0 client=null company=null childProjects=[]] [ id=7 name=null description=null salesTax=0.0 client=null company=null childProjects=[]]]
Enter into method [LookupServiceBean#searchCompaniesByName]. Argument info: name. Entrance timestamp: 1221394882124
Exit from method [LookupServiceBean#searchCompaniesByName]. Time spent: 0 ms. Return value: [[ id=15 name=null passcode=null isDeleted=false] [ id=17 name=null passcode=null isDeleted=false]]
Enter into method [LookupServiceBean#getAllClientStatuses]. Entrance timestamp: 1221394882124
Exit from method [LookupServiceBean#getAllClientStatuses]. Time spent: 0 ms. Return value: [[ id=0 name=null description=test1 isDeleted=false] [ id=0 name=null description=test2 isDeleted=false]]
Enter into method [LookupServiceBean#getClientsForStatus]. Argument info: [ id=0 name=null description=null isDeleted=false]. Entrance timestamp: 1221394882124
Exit from method [LookupServiceBean#getClientsForStatus]. Time spent: 0 ms. Return value: [[ id=1 name=Jack codeName=null salesTax=0.0 isDeleted=false company=null clientStatus=null] [ id=7 name=Jack codeName=null salesTax=0.0 isDeleted=false company=null clientStatus=null]]
Enter into method [LookupServiceBean#searchClients]. Argument info: com.topcoder.search.builder.filter.NullFilter@10e47c8. Entrance timestamp: 1221394882124
Exit from method [LookupServiceBean#searchClients]. Time spent: 0 ms. Return value: [[ id=1 name=Jack codeName=null salesTax=0.0 isDeleted=false company=null clientStatus=null] [ id=7 name=Jack codeName=null salesTax=0.0 isDeleted=false company=null clientStatus=null]]
Enter into method [LookupServiceBean#getAllClientStatuses]. Entrance timestamp: 1221394882124
Exit from method [LookupServiceBean#getAllClientStatuses]. Time spent: 0 ms. Return value: [[ id=0 name=null description=test1 isDeleted=false] [ id=0 name=null description=test2 isDeleted=false]]
Enter into method [LookupServiceBean#retrieveProjectsForClient]. Argument info: [ id=0 name=null codeName=null salesTax=0.0 isDeleted=false company=null clientStatus=null]. Entrance timestamp: 1221394882124
Exit from method [LookupServiceBean#retrieveProjectsForClient]. Time spent: 0 ms. Return value: [[ id=1 name=null description=null salesTax=0.0 client=null company=null childProjects=[]] [ id=7 name=null description=null salesTax=0.0 client=null company=null childProjects=[]]]
Enter into method [LookupServiceBean#getClientsForCompany]. Argument info: [ id=0 name=null passcode=null isDeleted=false]. Entrance timestamp: 1221394882124
Exit from method [LookupServiceBean#getClientsForCompany]. Time spent: 0 ms. Return value: [[ id=1 name=Jack codeName=null salesTax=0.0 isDeleted=false company=null clientStatus=null] [ id=7 name=Jack codeName=null salesTax=0.0 isDeleted=false company=null clientStatus=null]]
Enter into method [LookupServiceBean#searchClients]. Argument info: com.topcoder.search.builder.filter.NullFilter@8ad367. Entrance timestamp: 1221394882124
Exit from method [LookupServiceBean#searchClients]. Time spent: 0 ms. Return value: [[ id=1 name=Jack codeName=null salesTax=0.0 isDeleted=false company=null clientStatus=null] [ id=7 name=Jack codeName=null salesTax=0.0 isDeleted=false company=null clientStatus=null]]
Enter into method [LookupServiceBean#retrieveProject]. Argument info: 1. Entrance timestamp: 1221394882124
Exit from method [LookupServiceBean#retrieveProject]. Time spent: 0 ms. Return value: [ id=1 name=null description=null salesTax=0.0 client=null company=null childProjects=[]]
Enter into method [LookupServiceBean#getClientsForStatus]. Argument info: [ id=0 name=null description=null isDeleted=false]. Entrance timestamp: 1221394882124
Exit from method [LookupServiceBean#getClientsForStatus]. Time spent: 0 ms. Return value: [[ id=1 name=Jack codeName=null salesTax=0.0 isDeleted=false company=null clientStatus=null] [ id=7 name=Jack codeName=null salesTax=0.0 isDeleted=false company=null clientStatus=null]]
Enter into method [LookupServiceBean#searchCompanies]. Argument info: com.topcoder.search.builder.filter.NullFilter@3d3258. Entrance timestamp: 1221394882124
Exit from method [LookupServiceBean#searchCompanies]. Time spent: 0 ms. Return value: [[ id=15 name=null passcode=null isDeleted=false] [ id=17 name=null passcode=null isDeleted=false]]
Enter into method [LookupServiceBean#retrieveAllCompanies]. Entrance timestamp: 1221394882124
Exit from method [LookupServiceBean#retrieveAllCompanies]. Time spent: 0 ms. Return value: [[ id=15 name=null passcode=null isDeleted=false] [ id=17 name=null passcode=null isDeleted=false]]
Enter into method [LookupServiceBean#retrieveAllProjects]. Entrance timestamp: 1221394882124
Exit from method [LookupServiceBean#retrieveAllProjects]. Time spent: 0 ms. Return value: [[ id=1 name=null description=null salesTax=0.0 client=null company=null childProjects=[]] [ id=7 name=null description=null salesTax=0.0 client=null company=null childProjects=[]]]
Enter into method [LookupServiceBean#retrieveAllProjects]. Entrance timestamp: 1221394882125
Exit from method [LookupServiceBean#retrieveAllProjects]. Time spent: 0 ms. Return value: [[ id=1 name=null description=null salesTax=0.0 client=null company=null childProjects=[]] [ id=7 name=null description=null salesTax=0.0 client=null company=null childProjects=[]]]
Enter into method [LookupServiceBean#searchClients]. Argument info: com.topcoder.search.builder.filter.NullFilter@1b46c0d. Entrance timestamp: 1221394882125
Exit from method [LookupServiceBean#searchClients]. Time spent: 0 ms. Return value: [[ id=1 name=Jack codeName=null salesTax=0.0 isDeleted=false company=null clientStatus=null] [ id=7 name=Jack codeName=null salesTax=0.0 isDeleted=false company=null clientStatus=null]]
Enter into method [LookupServiceBean#retrieveAllClients]. Entrance timestamp: 1221394882125
Exit from method [LookupServiceBean#retrieveAllClients]. Time spent: 0 ms. Return value: [[ id=1 name=Jack codeName=null salesTax=0.0 isDeleted=false company=null clientStatus=null] [ id=7 name=Jack codeName=null salesTax=0.0 isDeleted=false company=null clientStatus=null]]
Enter into method [LookupServiceBean#retrieveCompany]. Argument info: 1. Entrance timestamp: 1221394882125
Exit from method [LookupServiceBean#retrieveCompany]. Time spent: 0 ms. Return value: [ id=1 name=null passcode=null isDeleted=false]
Enter into method [LookupServiceBean#getProjectStatus]. Argument info: 1. Entrance timestamp: 1221394882125
Exit from method [LookupServiceBean#getProjectStatus]. Time spent: 0 ms. Return value: [ id=1 name=null description=null isDeleted=false]
Enter into method [LookupServiceBean#getClientStatus]. Argument info: 1. Entrance timestamp: 1221394882125
Exit from method [LookupServiceBean#getClientStatus]. Time spent: 0 ms. Return value: [ id=1 name=null description=null isDeleted=false]
Enter into method [LookupServiceBean#getClientsForStatus]. Argument info: [ id=0 name=null description=null isDeleted=false]. Entrance timestamp: 1221394882125
Exit from method [LookupServiceBean#getClientsForStatus]. Time spent: 0 ms. Return value: [[ id=1 name=Jack codeName=null salesTax=0.0 isDeleted=false company=null clientStatus=null] [ id=7 name=Jack codeName=null salesTax=0.0 isDeleted=false company=null clientStatus=null]]
Enter into method [LookupServiceBean#retrieveAllProjects]. Entrance timestamp: 1221394882125
Exit from method [LookupServiceBean#retrieveAllProjects]. Time spent: 0 ms. Return value: [[ id=1 name=null description=null salesTax=0.0 client=null company=null childProjects=[]] [ id=7 name=null description=null salesTax=0.0 client=null company=null childProjects=[]]]
Enter into method [LookupServiceBean#retrieveAllClients]. Entrance timestamp: 1221394882125
Exit from method [LookupServiceBean#retrieveAllClients]. Time spent: 0 ms. Return value: [[ id=1 name=Jack codeName=null salesTax=0.0 isDeleted=false company=null clientStatus=null] [ id=7 name=Jack codeName=null salesTax=0.0 isDeleted=false company=null clientStatus=null]]
Enter into method [LookupServiceBean#searchClientsByName]. Argument info: name. Entrance timestamp: 1221394882125
Exit from method [LookupServiceBean#searchClientsByName]. Time spent: 0 ms. Return value: [[ id=1 name=Jack codeName=null salesTax=0.0 isDeleted=false company=null clientStatus=null] [ id=7 name=Jack codeName=null salesTax=0.0 isDeleted=false company=null clientStatus=null]]
Enter into method [LookupServiceBean#searchProjectsByName]. Argument info: name. Entrance timestamp: 1221394882125
Exit from method [LookupServiceBean#searchProjectsByName]. Time spent: 0 ms. Return value: [[ id=1 name=null description=null salesTax=0.0 client=null company=null childProjects=[]] [ id=7 name=null description=null salesTax=0.0 client=null company=null childProjects=[]]]
Enter into method [LookupServiceBean#getClientsForStatus]. Argument info: [ id=0 name=null description=null isDeleted=false]. Entrance timestamp: 1221394882125
Exit from method [LookupServiceBean#getClientsForStatus]. Time spent: 0 ms. Return value: [[ id=1 name=Jack codeName=null salesTax=0.0 isDeleted=false company=null clientStatus=null] [ id=7 name=Jack codeName=null salesTax=0.0 isDeleted=false company=null clientStatus=null]]
Enter into method [LookupServiceBean#retrieveAllClients]. Entrance timestamp: 1221394882125
Exit from method [LookupServiceBean#retrieveAllClients]. Time spent: 0 ms. Return value: [[ id=1 name=Jack codeName=null salesTax=0.0 isDeleted=false company=null clientStatus=null] [ id=7 name=Jack codeName=null salesTax=0.0 isDeleted=false company=null clientStatus=null]]
Enter into method [LookupServiceBean#getAllClientStatuses]. Entrance timestamp: 1221394882125
Exit from method [LookupServiceBean#getAllClientStatuses]. Time spent: 0 ms. Return value: [[ id=0 name=null description=test1 isDeleted=false] [ id=0 name=null description=test2 isDeleted=false]]
Enter into method [LookupServiceBean#getClientsForStatus]. Argument info: [ id=0 name=null description=null isDeleted=false]. Entrance timestamp: 1221394882125
Exit from method [LookupServiceBean#getClientsForStatus]. Time spent: 1 ms. Return value: [[ id=1 name=Jack codeName=null salesTax=0.0 isDeleted=false company=null clientStatus=null] [ id=7 name=Jack codeName=null salesTax=0.0 isDeleted=false company=null clientStatus=null]]
Enter into method [LookupServiceBean#retrieveProjectsForClient]. Argument info: [ id=0 name=null codeName=null salesTax=0.0 isDeleted=false company=null clientStatus=null]. Entrance timestamp: 1221394882126
Exit from method [LookupServiceBean#retrieveProjectsForClient]. Time spent: 0 ms. Return value: [[ id=1 name=null description=null salesTax=0.0 client=null company=null childProjects=[]] [ id=7 name=null description=null salesTax=0.0 client=null company=null childProjects=[]]]
Enter into method [LookupServiceBean#retrieveProjectsForClient]. Argument info: [ id=0 name=null codeName=null salesTax=0.0 isDeleted=false company=null clientStatus=null]. Entrance timestamp: 1221394882126
Exit from method [LookupServiceBean#retrieveProjectsForClient]. Time spent: 0 ms. Return value: [[ id=1 name=null description=null salesTax=0.0 client=null company=null childProjects=[]] [ id=7 name=null description=null salesTax=0.0 client=null company=null childProjects=[]]]
Enter into method [LookupServiceBean#retrieveProjectsForClient]. Argument info: [ id=0 name=null codeName=null salesTax=0.0 isDeleted=false company=null clientStatus=null]. Entrance timestamp: 1221394882126
Exit from method [LookupServiceBean#retrieveProjectsForClient]. Time spent: 0 ms. Return value: [[ id=1 name=null description=null salesTax=0.0 client=null company=null childProjects=[]] [ id=7 name=null description=null salesTax=0.0 client=null company=null childProjects=[]]]
Enter into method [LookupServiceBean#getClientsForStatus]. Argument info: [ id=0 name=null description=null isDeleted=false]. Entrance timestamp: 1221394882126
Exit from method [LookupServiceBean#getClientsForStatus]. Time spent: 0 ms. Return value: [[ id=1 name=Jack codeName=null salesTax=0.0 isDeleted=false company=null clientStatus=null] [ id=7 name=Jack codeName=null salesTax=0.0 isDeleted=false company=null clientStatus=null]]
Enter into method [LookupServiceBean#getProjectsForCompany]. Argument info: [ id=0 name=null passcode=null isDeleted=false]. Entrance timestamp: 1221394882126
Exit from method [LookupServiceBean#getProjectsForCompany]. Time spent: 0 ms. Return value: [[ id=1 name=null description=null salesTax=0.0 client=null company=null childProjects=[]] [ id=7 name=null description=null salesTax=0.0 client=null company=null childProjects=[]]]
Enter into method [LookupServiceBean#searchProjectsByName]. Argument info: name. Entrance timestamp: 1221394882126
Exit from method [LookupServiceBean#searchProjectsByName]. Time spent: 0 ms. Return value: [[ id=1 name=null description=null salesTax=0.0 client=null company=null childProjects=[]] [ id=7 name=null description=null salesTax=0.0 client=null company=null childProjects=[]]]
Enter into method [LookupServiceBean#retrieveProject]. Argument info: 1. Entrance timestamp: 1221394882126
Exit from method [LookupServiceBean#retrieveProject]. Time spent: 0 ms. Return value: [ id=1 name=null description=null salesTax=0.0 client=null company=null childProjects=[]]
Enter into method [LookupServiceBean#getAllProjectStatuses]. Entrance timestamp: 1221394882126
Exit from method [LookupServiceBean#getAllProjectStatuses]. Time spent: 0 ms. Return value: [[ id=0 name=null description=test1 isDeleted=false] [ id=0 name=null description=test2 isDeleted=false]]
Enter into method [LookupServiceBean#retrieveCompany]. Argument info: 1. Entrance timestamp: 1221394882127
Exit from method [LookupServiceBean#retrieveCompany]. Time spent: 0 ms. Return value: [ id=1 name=null passcode=null isDeleted=false]
Enter into method [LookupServiceBean#getProjectsForStatus]. Argument info: [ id=0 name=null description=null isDeleted=false]. Entrance timestamp: 1221394882127
Exit from method [LookupServiceBean#getProjectsForStatus]. Time spent: 0 ms. Return value: [[ id=1 name=null description=null salesTax=0.0 client=null company=null childProjects=[]] [ id=7 name=null description=null salesTax=0.0 client=null company=null childProjects=[]]]
Enter into method [LookupServiceBean#searchClients]. Argument info: com.topcoder.search.builder.filter.NullFilter@21dfe5. Entrance timestamp: 1221394882127
Exit from method [LookupServiceBean#searchClients]. Time spent: 0 ms. Return value: [[ id=1 name=Jack codeName=null salesTax=0.0 isDeleted=false company=null clientStatus=null] [ id=7 name=Jack codeName=null salesTax=0.0 isDeleted=false company=null clientStatus=null]]
Enter into method [LookupServiceBean#getClientsForStatus]. Argument info: [ id=0 name=null description=null isDeleted=false]. Entrance timestamp: 1221394882127
Exit from method [LookupServiceBean#getClientsForStatus]. Time spent: 0 ms. Return value: [[ id=1 name=Jack codeName=null salesTax=0.0 isDeleted=false company=null clientStatus=null] [ id=7 name=Jack codeName=null salesTax=0.0 isDeleted=false company=null clientStatus=null]]
Enter into method [LookupServiceBean#getClientsForCompany]. Argument info: [ id=0 name=null passcode=null isDeleted=false]. Entrance timestamp: 1221394882127
Exit from method [LookupServiceBean#getClientsForCompany]. Time spent: 0 ms. Return value: [[ id=1 name=Jack codeName=null salesTax=0.0 isDeleted=false company=null clientStatus=null] [ id=7 name=Jack codeName=null salesTax=0.0 isDeleted=false company=null clientStatus=null]]
Enter into method [LookupServiceBean#searchCompanies]. Argument info: com.topcoder.search.builder.filter.NullFilter@1f25d83. Entrance timestamp: 1221394882127
Exit from method [LookupServiceBean#searchCompanies]. Time spent: 0 ms. Return value: [[ id=15 name=null passcode=null isDeleted=false] [ id=17 name=null passcode=null isDeleted=false]]
Enter into method [LookupServiceBean#searchProjects]. Argument info: com.topcoder.search.builder.filter.NullFilter@d95b06. Entrance timestamp: 1221394882127
Exit from method [LookupServiceBean#searchProjects]. Time spent: 0 ms. Return value: [[ id=1 name=null description=null salesTax=0.0 client=null company=null childProjects=[]] [ id=7 name=null description=null salesTax=0.0 client=null company=null childProjects=[]]]
Enter into method [LookupServiceBean#retrieveAllCompanies]. Entrance timestamp: 1221394882127
Exit from method [LookupServiceBean#retrieveAllCompanies]. Time spent: 0 ms. Return value: [[ id=15 name=null passcode=null isDeleted=false] [ id=17 name=null passcode=null isDeleted=false]]
Enter into method [LookupServiceBean#retrieveCompany]. Argument info: 1. Entrance timestamp: 1221394882127
Exit from method [LookupServiceBean#retrieveCompany]. Time spent: 0 ms. Return value: [ id=1 name=null passcode=null isDeleted=false]
Enter into method [LookupServiceBean#searchProjects]. Argument info: com.topcoder.search.builder.filter.NullFilter@1e6e860. Entrance timestamp: 1221394882127
Exit from method [LookupServiceBean#searchProjects]. Time spent: 0 ms. Return value: [[ id=1 name=null description=null salesTax=0.0 client=null company=null childProjects=[]] [ id=7 name=null description=null salesTax=0.0 client=null company=null childProjects=[]]]
Enter into method [LookupServiceBean#retrieveAllCompanies]. Entrance timestamp: 1221394882127
Exit from method [LookupServiceBean#retrieveAllCompanies]. Time spent: 0 ms. Return value: [[ id=15 name=null passcode=null isDeleted=false] [ id=17 name=null passcode=null isDeleted=false]]
Enter into method [LookupServiceBean#searchClients]. Argument info: com.topcoder.search.builder.filter.NullFilter@a1fcba. Entrance timestamp: 1221394882127
Exit from method [LookupServiceBean#searchClients]. Time spent: 0 ms. Return value: [[ id=1 name=Jack codeName=null salesTax=0.0 isDeleted=false company=null clientStatus=null] [ id=7 name=Jack codeName=null salesTax=0.0 isDeleted=false company=null clientStatus=null]]
Enter into method [LookupServiceBean#getClientsForCompany]. Argument info: [ id=0 name=null passcode=null isDeleted=false]. Entrance timestamp: 1221394882127
Exit from method [LookupServiceBean#getClientsForCompany]. Time spent: 0 ms. Return value: [[ id=1 name=Jack codeName=null salesTax=0.0 isDeleted=false company=null clientStatus=null] [ id=7 name=Jack codeName=null salesTax=0.0 isDeleted=false company=null clientStatus=null]]
Enter into method [LookupServiceBean#getClientsForStatus]. Argument info: [ id=0 name=null description=null isDeleted=false]. Entrance timestamp: 1221394882127
Exit from method [LookupServiceBean#getClientsForStatus]. Time spent: 0 ms. Return value: [[ id=1 name=Jack codeName=null salesTax=0.0 isDeleted=false company=null clientStatus=null] [ id=7 name=Jack codeName=null salesTax=0.0 isDeleted=false company=null clientStatus=null]]
Enter into method [LookupServiceBean#retrieveAllProjects]. Entrance timestamp: 1221394882127
Exit from method [LookupServiceBean#retrieveAllProjects]. Time spent: 0 ms. Return value: [[ id=1 name=null description=null salesTax=0.0 client=null company=null childProjects=[]] [ id=7 name=null description=null salesTax=0.0 client=null company=null childProjects=[]]]
Enter into method [LookupServiceBean#retrieveAllClients]. Entrance timestamp: 1221394882127
Exit from method [LookupServiceBean#retrieveAllClients]. Time spent: 0 ms. Return value: [[ id=1 name=Jack codeName=null salesTax=0.0 isDeleted=false company=null clientStatus=null] [ id=7 name=Jack codeName=null salesTax=0.0 isDeleted=false company=null clientStatus=null]]
Enter into method [LookupServiceBean#searchCompaniesByName]. Argument info: name. Entrance timestamp: 1221394882127
Exit from method [LookupServiceBean#searchCompaniesByName]. Time spent: 0 ms. Return value: [[ id=15 name=null passcode=null isDeleted=false] [ id=17 name=null passcode=null isDeleted=false]]
Enter into method [LookupServiceBean#getAllProjectStatuses]. Entrance timestamp: 1221394882127
Exit from method [LookupServiceBean#getAllProjectStatuses]. Time spent: 0 ms. Return value: [[ id=0 name=null description=test1 isDeleted=false] [ id=0 name=null description=test2 isDeleted=false]]
Enter into method [LookupServiceBean#getClientStatus]. Argument info: 1. Entrance timestamp: 1221394882127
Exit from method [LookupServiceBean#getClientStatus]. Time spent: 0 ms. Return value: [ id=1 name=null description=null isDeleted=false]
Enter into method [LookupServiceBean#retrieveAllCompanies]. Entrance timestamp: 1221394882127
Exit from method [LookupServiceBean#retrieveAllCompanies]. Time spent: 1 ms. Return value: [[ id=15 name=null passcode=null isDeleted=false] [ id=17 name=null passcode=null isDeleted=false]]
Enter into method [LookupServiceBean#getClientStatus]. Argument info: 1. Entrance timestamp: 1221394882128
Exit from method [LookupServiceBean#getClientStatus]. Time spent: 0 ms. Return value: [ id=1 name=null description=null isDeleted=false]
Enter into method [LookupServiceBean#getClientStatus]. Argument info: 1. Entrance timestamp: 1221394882128
Exit from method [LookupServiceBean#getClientStatus]. Time spent: 0 ms. Return value: [ id=1 name=null description=null isDeleted=false]
Enter into method [LookupServiceBean#retrieveClient]. Argument info: 1. Entrance timestamp: 1221394882128
Exit from method [LookupServiceBean#retrieveClient]. Time spent: 0 ms. Return value: [ id=1 name=Jack codeName=null salesTax=0.0 isDeleted=false company=null clientStatus=null]
Enter into method [LookupServiceBean#retrieveProject]. Argument info: 1. Entrance timestamp: 1221394882128
Exit from method [LookupServiceBean#retrieveProject]. Time spent: 0 ms. Return value: [ id=1 name=null description=null salesTax=0.0 client=null company=null childProjects=[]]
Enter into method [LookupServiceBean#getProjectsForCompany]. Argument info: [ id=0 name=null passcode=null isDeleted=false]. Entrance timestamp: 1221394882128
Exit from method [LookupServiceBean#getProjectsForCompany]. Time spent: 0 ms. Return value: [[ id=1 name=null description=null salesTax=0.0 client=null company=null childProjects=[]] [ id=7 name=null description=null salesTax=0.0 client=null company=null childProjects=[]]]
Enter into method [LookupServiceBean#searchClients]. Argument info: com.topcoder.search.builder.filter.NullFilter@d74af3. Entrance timestamp: 1221394882128
Exit from method [LookupServiceBean#searchClients]. Time spent: 0 ms. Return value: [[ id=1 name=Jack codeName=null salesTax=0.0 isDeleted=false company=null clientStatus=null] [ id=7 name=Jack codeName=null salesTax=0.0 isDeleted=false company=null clientStatus=null]]
Enter into method [LookupServiceBean#getAllProjectStatuses]. Entrance timestamp: 1221394882128
Exit from method [LookupServiceBean#getAllProjectStatuses]. Time spent: 0 ms. Return value: [[ id=0 name=null description=test1 isDeleted=false] [ id=0 name=null description=test2 isDeleted=false]]
Enter into method [LookupServiceBean#retrieveClient]. Argument info: 1. Entrance timestamp: 1221394882128
Exit from method [LookupServiceBean#retrieveClient]. Time spent: 0 ms. Return value: [ id=1 name=Jack codeName=null salesTax=0.0 isDeleted=false company=null clientStatus=null]
Enter into method [LookupServiceBean#searchCompanies]. Argument info: com.topcoder.search.builder.filter.NullFilter@79bbda. Entrance timestamp: 1221394882128
Exit from method [LookupServiceBean#searchCompanies]. Time spent: 0 ms. Return value: [[ id=15 name=null passcode=null isDeleted=false] [ id=17 name=null passcode=null isDeleted=false]]
Enter into method [LookupServiceBean#retrieveProjectsForClient]. Argument info: [ id=0 name=null codeName=null salesTax=0.0 isDeleted=false company=null clientStatus=null]. Entrance timestamp: 1221394882128
Exit from method [LookupServiceBean#retrieveProjectsForClient]. Time spent: 0 ms. Return value: [[ id=1 name=null description=null salesTax=0.0 client=null company=null childProjects=[]] [ id=7 name=null description=null salesTax=0.0 client=null company=null childProjects=[]]]
Enter into method [LookupServiceBean#retrieveAllCompanies]. Entrance timestamp: 1221394882128
Exit from method [LookupServiceBean#retrieveAllCompanies]. Time spent: 0 ms. Return value: [[ id=15 name=null passcode=null isDeleted=false] [ id=17 name=null passcode=null isDeleted=false]]
Enter into method [LookupServiceBean#getAllProjectStatuses]. Entrance timestamp: 1221394882128
Exit from method [LookupServiceBean#getAllProjectStatuses]. Time spent: 0 ms. Return value: [[ id=0 name=null description=test1 isDeleted=false] [ id=0 name=null description=test2 isDeleted=false]]
Enter into method [LookupServiceBean#retrieveProject]. Argument info: 1. Entrance timestamp: 1221394882128
Exit from method [LookupServiceBean#retrieveProject]. Time spent: 0 ms. Return value: [ id=1 name=null description=null salesTax=0.0 client=null company=null childProjects=[]]
Enter into method [LookupServiceBean#getProjectsForStatus]. Argument info: [ id=0 name=null description=null isDeleted=false]. Entrance timestamp: 1221394882128
Exit from method [LookupServiceBean#getProjectsForStatus]. Time spent: 0 ms. Return value: [[ id=1 name=null description=null salesTax=0.0 client=null company=null childProjects=[]] [ id=7 name=null description=null salesTax=0.0 client=null company=null childProjects=[]]]
Enter into method [LookupServiceBean#searchClients]. Argument info: com.topcoder.search.builder.filter.NullFilter@1c16b1. Entrance timestamp: 1221394882128
Exit from method [LookupServiceBean#searchClients]. Time spent: 0 ms. Return value: [[ id=1 name=Jack codeName=null salesTax=0.0 isDeleted=false company=null clientStatus=null] [ id=7 name=Jack codeName=null salesTax=0.0 isDeleted=false company=null clientStatus=null]]
Enter into method [LookupServiceBean#retrieveClient]. Argument info: 1. Entrance timestamp: 1221394882128
Exit from method [LookupServiceBean#retrieveClient]. Time spent: 0 ms. Return value: [ id=1 name=Jack codeName=null salesTax=0.0 isDeleted=false company=null clientStatus=null]
Enter into method [LookupServiceBean#getProjectsForStatus]. Argument info: [ id=0 name=null description=null isDeleted=false]. Entrance timestamp: 1221394882128
Exit from method [LookupServiceBean#getProjectsForStatus]. Time spent: 0 ms. Return value: [[ id=1 name=null description=null salesTax=0.0 client=null company=null childProjects=[]] [ id=7 name=null description=null salesTax=0.0 client=null company=null childProjects=[]]]
Enter into method [LookupServiceBean#getProjectsForStatus]. Argument info: [ id=0 name=null description=null isDeleted=false]. Entrance timestamp: 1221394882128
Exit from method [LookupServiceBean#getProjectsForStatus]. Time spent: 0 ms. Return value: [[ id=1 name=null description=null salesTax=0.0 client=null company=null childProjects=[]] [ id=7 name=null description=null salesTax=0.0 client=null company=null childProjects=[]]]
Enter into method [LookupServiceBean#retrieveClient]. Argument info: 1. Entrance timestamp: 1221394882128
Exit from method [LookupServiceBean#retrieveClient]. Time spent: 0 ms. Return value: [ id=1 name=Jack codeName=null salesTax=0.0 isDeleted=false company=null clientStatus=null]
Enter into method [LookupServiceBean#getProjectsForStatus]. Argument info: [ id=0 name=null description=null isDeleted=false]. Entrance timestamp: 1221394882128
Exit from method [LookupServiceBean#getProjectsForStatus]. Time spent: 0 ms. Return value: [[ id=1 name=null description=null salesTax=0.0 client=null company=null childProjects=[]] [ id=7 name=null description=null salesTax=0.0 client=null company=null childProjects=[]]]
Enter into method [LookupServiceBean#getAllClientStatuses]. Entrance timestamp: 1221394882128
Exit from method [LookupServiceBean#getAllClientStatuses]. Time spent: 1 ms. Return value: [[ id=0 name=null description=test1 isDeleted=false] [ id=0 name=null description=test2 isDeleted=false]]
Enter into method [LookupServiceBean#getAllClientStatuses]. Entrance timestamp: 1221394882129
Exit from method [LookupServiceBean#getAllClientStatuses]. Time spent: 0 ms. Return value: [[ id=0 name=null description=test1 isDeleted=false] [ id=0 name=null description=test2 isDeleted=false]]
Enter into method [LookupServiceBean#searchClientsByName]. Argument info: name. Entrance timestamp: 1221394882129
Exit from method [LookupServiceBean#searchClientsByName]. Time spent: 0 ms. Return value: [[ id=1 name=Jack codeName=null salesTax=0.0 isDeleted=false company=null clientStatus=null] [ id=7 name=Jack codeName=null salesTax=0.0 isDeleted=false company=null clientStatus=null]]
Enter into method [LookupServiceBean#getProjectStatus]. Argument info: 1. Entrance timestamp: 1221394882129
Exit from method [LookupServiceBean#getProjectStatus]. Time spent: 0 ms. Return value: [ id=1 name=null description=null isDeleted=false]
Enter into method [LookupServiceBean#retrieveProject]. Argument info: 1. Entrance timestamp: 1221394882129
Exit from method [LookupServiceBean#retrieveProject]. Time spent: 0 ms. Return value: [ id=1 name=null description=null salesTax=0.0 client=null company=null childProjects=[]]
Enter into method [LookupServiceBean#searchClients]. Argument info: com.topcoder.search.builder.filter.NullFilter@15eba8. Entrance timestamp: 1221394882129
Exit from method [LookupServiceBean#searchClients]. Time spent: 0 ms. Return value: [[ id=1 name=Jack codeName=null salesTax=0.0 isDeleted=false company=null clientStatus=null] [ id=7 name=Jack codeName=null salesTax=0.0 isDeleted=false company=null clientStatus=null]]
Enter into method [LookupServiceBean#searchClients]. Argument info: com.topcoder.search.builder.filter.NullFilter@12270ff. Entrance timestamp: 1221394882129
Exit from method [LookupServiceBean#searchClients]. Time spent: 0 ms. Return value: [[ id=1 name=Jack codeName=null salesTax=0.0 isDeleted=false company=null clientStatus=null] [ id=7 name=Jack codeName=null salesTax=0.0 isDeleted=false company=null clientStatus=null]]
Enter into method [LookupServiceBean#retrieveCompany]. Argument info: 1. Entrance timestamp: 1221394882129
Exit from method [LookupServiceBean#retrieveCompany]. Time spent: 1 ms. Return value: [ id=1 name=null passcode=null isDeleted=false]
Enter into method [LookupServiceBean#searchProjectsByName]. Argument info: name. Entrance timestamp: 1221394882130
Exit from method [LookupServiceBean#searchProjectsByName]. Time spent: 0 ms. Return value: [[ id=1 name=null description=null salesTax=0.0 client=null company=null childProjects=[]] [ id=7 name=null description=null salesTax=0.0 client=null company=null childProjects=[]]]
Enter into method [LookupServiceBean#retrieveProject]. Argument info: 1. Entrance timestamp: 1221394882130
Exit from method [LookupServiceBean#retrieveProject]. Time spent: 0 ms. Return value: [ id=1 name=null description=null salesTax=0.0 client=null company=null childProjects=[]]
Enter into method [LookupServiceBean#getProjectsForStatus]. Argument info: [ id=0 name=null description=null isDeleted=false]. Entrance timestamp: 1221394882130
Exit from method [LookupServiceBean#getProjectsForStatus]. Time spent: 0 ms. Return value: [[ id=1 name=null description=null salesTax=0.0 client=null company=null childProjects=[]] [ id=7 name=null description=null salesTax=0.0 client=null company=null childProjects=[]]]
Enter into method [LookupServiceBean#retrieveProjectsForClient]. Argument info: [ id=0 name=null codeName=null salesTax=0.0 isDeleted=false company=null clientStatus=null]. Entrance timestamp: 1221394882130
Exit from method [LookupServiceBean#retrieveProjectsForClient]. Time spent: 1 ms. Return value: [[ id=1 name=null description=null salesTax=0.0 client=null company=null childProjects=[]] [ id=7 name=null description=null salesTax=0.0 client=null company=null childProjects=[]]]
Enter into method [LookupServiceBean#retrieveProject]. Argument info: 1. Entrance timestamp: 1221394882131
Exit from method [LookupServiceBean#retrieveProject]. Time spent: 0 ms. Return value: [ id=1 name=null description=null salesTax=0.0 client=null company=null childProjects=[]]
Enter into method [LookupServiceBean#retrieveAllProjects]. Entrance timestamp: 1221394882131
Exit from method [LookupServiceBean#retrieveAllProjects]. Time spent: 0 ms. Return value: [[ id=1 name=null description=null salesTax=0.0 client=null company=null childProjects=[]] [ id=7 name=null description=null salesTax=0.0 client=null company=null childProjects=[]]]
Enter into method [LookupServiceBean#searchCompaniesByName]. Argument info: name. Entrance timestamp: 1221394882131
Exit from method [LookupServiceBean#searchCompaniesByName]. Time spent: 0 ms. Return value: [[ id=15 name=null passcode=null isDeleted=false] [ id=17 name=null passcode=null isDeleted=false]]
Enter into method [LookupServiceBean#getAllProjectStatuses]. Entrance timestamp: 1221394882131
Exit from method [LookupServiceBean#getAllProjectStatuses]. Time spent: 0 ms. Return value: [[ id=0 name=null description=test1 isDeleted=false] [ id=0 name=null description=test2 isDeleted=false]]
Enter into method [LookupServiceBean#getProjectsForStatus]. Argument info: [ id=0 name=null description=null isDeleted=false]. Entrance timestamp: 1221394882131
Exit from method [LookupServiceBean#getProjectsForStatus]. Time spent: 0 ms. Return value: [[ id=1 name=null description=null salesTax=0.0 client=null company=null childProjects=[]] [ id=7 name=null description=null salesTax=0.0 client=null company=null childProjects=[]]]
Enter into method [LookupServiceBean#retrieveProject]. Argument info: 1. Entrance timestamp: 1221394882131
Exit from method [LookupServiceBean#retrieveProject]. Time spent: 0 ms. Return value: [ id=1 name=null description=null salesTax=0.0 client=null company=null childProjects=[]]
Enter into method [LookupServiceBean#getAllClientStatuses]. Entrance timestamp: 1221394882131
Exit from method [LookupServiceBean#getAllClientStatuses]. Time spent: 0 ms. Return value: [[ id=0 name=null description=test1 isDeleted=false] [ id=0 name=null description=test2 isDeleted=false]]
Enter into method [LookupServiceBean#getClientStatus]. Argument info: 1. Entrance timestamp: 1221394882131
Exit from method [LookupServiceBean#getClientStatus]. Time spent: 0 ms. Return value: [ id=1 name=null description=null isDeleted=false]
Enter into method [LookupServiceBean#retrieveAllClients]. Entrance timestamp: 1221394882131
Exit from method [LookupServiceBean#retrieveAllClients]. Time spent: 0 ms. Return value: [[ id=1 name=Jack codeName=null salesTax=0.0 isDeleted=false company=null clientStatus=null] [ id=7 name=Jack codeName=null salesTax=0.0 isDeleted=false company=null clientStatus=null]]
Enter into method [LookupServiceBean#searchCompaniesByName]. Argument info: name. Entrance timestamp: 1221394882131
Exit from method [LookupServiceBean#searchCompaniesByName]. Time spent: 0 ms. Return value: [[ id=15 name=null passcode=null isDeleted=false] [ id=17 name=null passcode=null isDeleted=false]]
Enter into method [LookupServiceBean#retrieveAllCompanies]. Entrance timestamp: 1221394882131
Exit from method [LookupServiceBean#retrieveAllCompanies]. Time spent: 0 ms. Return value: [[ id=15 name=null passcode=null isDeleted=false] [ id=17 name=null passcode=null isDeleted=false]]
Enter into method [LookupServiceBean#retrieveCompany]. Argument info: 1. Entrance timestamp: 1221394882131
Exit from method [LookupServiceBean#retrieveCompany]. Time spent: 0 ms. Return value: [ id=1 name=null passcode=null isDeleted=false]
Enter into method [LookupServiceBean#getClientsForStatus]. Argument info: [ id=0 name=null description=null isDeleted=false]. Entrance timestamp: 1221394882131
Exit from method [LookupServiceBean#getClientsForStatus]. Time spent: 0 ms. Return value: [[ id=1 name=Jack codeName=null salesTax=0.0 isDeleted=false company=null clientStatus=null] [ id=7 name=Jack codeName=null salesTax=0.0 isDeleted=false company=null clientStatus=null]]
Enter into method [LookupServiceBean#searchClients]. Argument info: com.topcoder.search.builder.filter.NullFilter@28a831. Entrance timestamp: 1221394882131
Exit from method [LookupServiceBean#searchClients]. Time spent: 0 ms. Return value: [[ id=1 name=Jack codeName=null salesTax=0.0 isDeleted=false company=null clientStatus=null] [ id=7 name=Jack codeName=null salesTax=0.0 isDeleted=false company=null clientStatus=null]]
Enter into method [LookupServiceBean#getClientsForStatus]. Argument info: [ id=0 name=null description=null isDeleted=false]. Entrance timestamp: 1221394882131
Exit from method [LookupServiceBean#getClientsForStatus]. Time spent: 0 ms. Return value: [[ id=1 name=Jack codeName=null salesTax=0.0 isDeleted=false company=null clientStatus=null] [ id=7 name=Jack codeName=null salesTax=0.0 isDeleted=false company=null clientStatus=null]]
Enter into method [LookupServiceBean#searchProjects]. Argument info: com.topcoder.search.builder.filter.NullFilter@13a5f6a. Entrance timestamp: 1221394882131
Exit from method [LookupServiceBean#searchProjects]. Time spent: 0 ms. Return value: [[ id=1 name=null description=null salesTax=0.0 client=null company=null childProjects=[]] [ id=7 name=null description=null salesTax=0.0 client=null company=null childProjects=[]]]
Enter into method [LookupServiceBean#retrieveProjectsForClient]. Argument info: [ id=0 name=null codeName=null salesTax=0.0 isDeleted=false company=null clientStatus=null]. Entrance timestamp: 1221394882131
Exit from method [LookupServiceBean#retrieveProjectsForClient]. Time spent: 0 ms. Return value: [[ id=1 name=null description=null salesTax=0.0 client=null company=null childProjects=[]] [ id=7 name=null description=null salesTax=0.0 client=null company=null childProjects=[]]]
Enter into method [LookupServiceBean#searchProjectsByName]. Argument info: name. Entrance timestamp: 1221394882131
Exit from method [LookupServiceBean#searchProjectsByName]. Time spent: 1 ms. Return value: [[ id=1 name=null description=null salesTax=0.0 client=null company=null childProjects=[]] [ id=7 name=null description=null salesTax=0.0 client=null company=null childProjects=[]]]
Enter into method [LookupServiceBean#retrieveProject]. Argument info: 1. Entrance timestamp: 1221394882132
Exit from method [LookupServiceBean#retrieveProject]. Time spent: 0 ms. Return value: [ id=1 name=null description=null salesTax=0.0 client=null company=null childProjects=[]]
Enter into method [LookupServiceBean#retrieveAllProjects]. Entrance timestamp: 1221394882132
Exit from method [LookupServiceBean#retrieveAllProjects]. Time spent: 0 ms. Return value: [[ id=1 name=null description=null salesTax=0.0 client=null company=null childProjects=[]] [ id=7 name=null description=null salesTax=0.0 client=null company=null childProjects=[]]]
Enter into method [LookupServiceBean#getAllProjectStatuses]. Entrance timestamp: 1221394882132
Exit from method [LookupServiceBean#getAllProjectStatuses]. Time spent: 0 ms. Return value: [[ id=0 name=null description=test1 isDeleted=false] [ id=0 name=null description=test2 isDeleted=false]]
Enter into method [LookupServiceBean#retrieveCompany]. Argument info: 1. Entrance timestamp: 1221394882132
Exit from method [LookupServiceBean#retrieveCompany]. Time spent: 0 ms. Return value: [ id=1 name=null passcode=null isDeleted=false]
Enter into method [LookupServiceBean#searchProjectsByName]. Argument info: name. Entrance timestamp: 1221394882132
Exit from method [LookupServiceBean#searchProjectsByName]. Time spent: 0 ms. Return value: [[ id=1 name=null description=null salesTax=0.0 client=null company=null childProjects=[]] [ id=7 name=null description=null salesTax=0.0 client=null company=null childProjects=[]]]
Enter into method [LookupServiceBean#retrieveClient]. Argument info: 1. Entrance timestamp: 1221394882132
Exit from method [LookupServiceBean#retrieveClient]. Time spent: 0 ms. Return value: [ id=1 name=Jack codeName=null salesTax=0.0 isDeleted=false company=null clientStatus=null]
Enter into method [LookupServiceBean#retrieveProjectsForClient]. Argument info: [ id=0 name=null codeName=null salesTax=0.0 isDeleted=false company=null clientStatus=null]. Entrance timestamp: 1221394882132
Exit from method [LookupServiceBean#retrieveProjectsForClient]. Time spent: 0 ms. Return value: [[ id=1 name=null description=null salesTax=0.0 client=null company=null childProjects=[]] [ id=7 name=null description=null salesTax=0.0 client=null company=null childProjects=[]]]
Enter into method [LookupServiceBean#getAllProjectStatuses]. Entrance timestamp: 1221394882132
Exit from method [LookupServiceBean#getAllProjectStatuses]. Time spent: 0 ms. Return value: [[ id=0 name=null description=test1 isDeleted=false] [ id=0 name=null description=test2 isDeleted=false]]
Enter into method [LookupServiceBean#getClientsForCompany]. Argument info: [ id=0 name=null passcode=null isDeleted=false]. Entrance timestamp: 1221394882132
Exit from method [LookupServiceBean#getClientsForCompany]. Time spent: 0 ms. Return value: [[ id=1 name=Jack codeName=null salesTax=0.0 isDeleted=false company=null clientStatus=null] [ id=7 name=Jack codeName=null salesTax=0.0 isDeleted=false company=null clientStatus=null]]
Enter into method [LookupServiceBean#searchCompaniesByName]. Argument info: name. Entrance timestamp: 1221394882132
Exit from method [LookupServiceBean#searchCompaniesByName]. Time spent: 0 ms. Return value: [[ id=15 name=null passcode=null isDeleted=false] [ id=17 name=null passcode=null isDeleted=false]]
The test testLookupServiceBean_Stress running 1000 times, took time: 70 ms
]]></system-out>
  <system-err><![CDATA[]]></system-err>
</testsuite>
