<?xml version="1.0" encoding="UTF-8" ?>
<testsuite errors="0" failures="0" hostname="IBM-3C31F3D567B" name="com.topcoder.service.studio.contest.AllTests" tests="497" time="96.625" timestamp="2008-04-11T14:16:26">
  <properties>
    <property name="java.vendor" value="Sun Microsystems Inc." />
    <property name="package" value="com.topcoder.service.studio.contest" />
    <property name="docpackage.jar" value="studio_contest_manager_docs.jar" />
    <property name="checkstyle.dir" value="D:/Topcoder/Java/lib/checkstyle-4.3" />
    <property name="sun.management.compiler" value="HotSpot Client Compiler" />
    <property name="verbose" value="no" />
    <property name="os.name" value="Windows XP" />
    <property name="sun.boot.class.path" value="D:\jdk1.5\jre\lib\rt.jar;D:\jdk1.5\jre\lib\i18n.jar;D:\jdk1.5\jre\lib\sunrsasign.jar;D:\jdk1.5\jre\lib\jsse.jar;D:\jdk1.5\jre\lib\jce.jar;D:\jdk1.5\jre\lib\charsets.jar;D:\jdk1.5\jre\classes" />
    <property name="docsdir" value="docs" />
    <property name="commons-collections-3.1.jar" value="D:/Topcoder/Java/lib/commons-collections-3.1.jar" />
    <property name="javadoc.jar" value="javadocs.jar" />
    <property name="design_submission.jar" value="Studio_Contest_Manager_1.0_design_submission.jar" />
    <property name="sun.desktop" value="windows" />
    <property name="component.tests.jar" value="build/dist/lib/tcs/studio_contest_manager_tests.jar" />
    <property name="object_formatter.jar" value="D:/Topcoder/Java/lib/tcs/object_formatter/1.0/object_formatter.jar" />
    <property name="hibernate-annotations.jar" value="D:/Topcoder/Java/lib/hibernate-annotations.jar" />
    <property name="java.vm.specification.vendor" value="Sun Microsystems Inc." />
    <property name="net.sourceforge.cobertura.datafile" value="D:\Topcoder\review\Studio_Contest_Manager_1.0_dev_dist\log\cobertura.ser" />
    <property name="ant.home" value="D:\Topcoder\Java\apache-ant-1.7.0\bin\.." />
    <property name="java.runtime.version" value="1.5.0_06-b05" />
    <property name="component_path" value="studio_contest_manager/1.0" />
    <property name="jboss-jaxrpc.jar" value="D:/Topcoder/Java/lib/jboss-jaxrpc.jar" />
    <property name="cobertura.dir" value="D:/Topcoder/Java/lib/cobertura-1.9" />
    <property name="user.name" value="IBM" />
    <property name="logging_wrapper.jar" value="D:/Topcoder/Java/lib/tcs/logging_wrapper/2.0/logging_wrapper.jar" />
    <property name="debug" value="off" />
    <property name="reports" value="reports" />
    <property name="testfiles" value="test_files" />
    <property name="dist_conf" value="build/dist/studio_contest_manager-1.0/conf" />
    <property name="component_version" value="1.0" />
    <property name="jalopy.dir" value="D:/Topcoder/Java/lib/jalopy-ant-0.1-1.5rc3" />
    <property name="user.language" value="zh" />
    <property name="cobertura.datafile" value="log/cobertura.ser" />
    <property name="sun.boot.library.path" value="D:\jdk1.5\jre\bin" />
    <property name="configuration_persistence.jar" value="D:/Topcoder/Java/lib/tcs/configuration_persistence.jar" />
    <property name="tcs_libdir" value="D:/Topcoder/Java/lib/tcs" />
    <property name="srcdir" value="src" />
    <property name="ant.project.name" value="Studio Contest Manager" />
    <property name="java.version" value="1.5.0_06" />
    <property name="user.timezone" value="" />
    <property name="dev_dist.jar" value="Studio_Contest_Manager_1.0_dev_dist.jar" />
    <property name="sun.arch.data.model" value="32" />
    <property name="ejb3-persistence.jar" value="D:/Topcoder/Java/lib/ejb3-persistence.jar" />
    <property name="build_lib" value="build/lib" />
    <property name="webdir" value="web" />
    <property name="java.endorsed.dirs" value="D:\jdk1.5\jre\lib\endorsed" />
    <property name="sun.cpu.isalist" value="pentium_pro+mmx pentium_pro pentium+mmx pentium i486 i386 i86" />
    <property name="packagedir" value="com/topcoder/service/studio/contest" />
    <property name="sun.jnu.encoding" value="GBK" />
    <property name="file.encoding.pkg" value="sun.io" />
    <property name="javassist.jar" value="D:/Topcoder/Java/lib/javassist.jar" />
    <property name="commons-logging-1.0.4.jar" value="D:/Topcoder/Java/lib/commons-logging-1.0.4.jar" />
    <property name="file.separator" value="\" />
    <property name="java.specification.name" value="Java Platform API Specification" />
    <property name="build_docsdir" value="build/docs" />
    <property name="dev_submission.jar" value="Studio_Contest_Manager_1.0_dev_submission.jar" />
    <property name="java.class.version" value="49.0" />
    <property name="db_connection_factory.jar" value="D:/Topcoder/Java/lib/tcs/db_connection_factory/1.1/db_connection_factory.jar" />
    <property name="build_testclassdir" value="build/testClasses" />
    <property name="user.country" value="CN" />
    <property name="java.home" value="D:\jdk1.5\jre" />
    <property name="java.vm.info" value="mixed mode" />
    <property name="jar_tcs_libdir" value="lib/tcs" />
    <property name="ant.file" value="D:\Topcoder\review\Studio_Contest_Manager_1.0_dev_dist\build.xml" />
    <property name="os.version" value="5.1" />
    <property name="build_distdir" value="build/dist" />
    <property name="dist_docpackage" value="build/doc_package" />
    <property name="build_tcsdistdir" value="build/dist/studio_contest_manager-1.0" />
    <property name="path.separator" value=";" />
    <property name="java.vm.version" value="1.5.0_06-b05" />
    <property name="testlogdir" value="log" />
    <property name="jboss-j2ee.jar" value="D:/Topcoder/Java/lib/jboss-j2ee.jar" />
    <property name="user.variant" value="" />
    <property name="ant.library.dir" value="D:\Topcoder\Java\apache-ant-1.7.0\lib" />
    <property name="javamain" value="src/java/main" />
    <property name="base_exception.jar" value="D:/Topcoder/Java/lib/tcs/base_exception/2.0/base_exception.jar" />
    <property name="dist_testfiles" value="build/dist/studio_contest_manager-1.0/test_files" />
    <property name="dist_javadocs" value="build/dist/studio_contest_manager-1.0/docs/javadocs" />
    <property name="dist_lib" value="build/dist/lib/tcs" />
    <property name="java.awt.printerjob" value="sun.awt.windows.WPrinterJob" />
    <property name="sun.io.unicode.encoding" value="UnicodeLittle" />
    <property name="awt.toolkit" value="sun.awt.windows.WToolkit" />
    <property name="component" value="Studio_Contest_Manager" />
    <property name="component.war" value="${dist_examples}/studio_contest_manager.war" />
    <property name="user.home" value="C:\Documents and Settings\IBM" />
    <property name="java.specification.vendor" value="Sun Microsystems Inc." />
    <property name="java.vendor.url" value="http://java.sun.com/" />
    <property name="java.library.path" value="D:\jdk1.5\jre\bin;.;C:\WINDOWS\system32;C:\WINDOWS;D:\Topcoder\Java\apache-ant-1.7.0\bin;D:\nant-0.85\bin;D:\NUnit-2.2.8\bin;D:\ADS\bin;D:\ActivePerl\bin\;D:\jdk1.5\bin;C:\Program Files\ThinkPad\Utilities;C:\WINDOWS\system32;C:\WINDOWS;C:\WINDOWS\System32\Wbem;C:\Program Files\Intel\Wireless\Bin\;C:\Program Files\ATI Technologies\ATI Control Panel;C:\WINDOWS\Downloaded Program Files;C:\IBMTOOLS\Python22;C:\Program Files\PC-Doctor for Windows\services;C:\Program Files\Intel\Wireless\Bin\;D:\Program Files\Microsoft SDK\Bin\.;D:\Program Files\Microsoft SDK\Bin\WinNT\.;C:\Program Files\Microsoft SQL Server\90\Tools\binn\;D:\F-Secure\SSHTRI~1;D:\oracle\ora92\bin;C:\Program Files\Oracle\jre\1.3.1\bin;C:\Program Files\Oracle\jre\1.1.8\bin;d:\php;d:\php\ext;C:\PROGRA~1\Tcl\bin;C:\Program Files\Gemplus\GemSafe Libraries\BIN;C:\Program Files\IBM\Informix\Client-SDK\bin;D:\Program Files\Microsoft Visual Studio\Common\Tools\WinNT;D:\Program Files\Microsoft Visual Studio\Common\MSDev98\Bin;D:\Program Files\Microsoft Visual Studio\Common\Tools;D:\Program Files\Microsoft Visual Studio\VC98\bin;D:\Program Files\Microsoft SDK\Bin\.;D:\Program Files\Microsoft SDK\Bin\WinNT\.;d:\php;d:\php\ext;d:\wave\bluepc\bin;d:\wave\bluepc\gnu\bin;c:/progra~1/tcl/bin" />
    <property name="build_javadocsdir" value="build/docs/javadocs" />
    <property name="configdir" value="conf" />
    <property name="java.vm.vendor" value="Sun Microsystems Inc." />
    <property name="java.runtime.name" value="Java(TM) 2 Runtime Environment, Standard Edition" />
    <property name="java.class.path" value="D:\Topcoder\review\Studio_Contest_Manager_1.0_dev_dist\build\instrumented;D:\Topcoder\review\Studio_Contest_Manager_1.0_dev_dist\build\testClasses;D:\Topcoder\review\Studio_Contest_Manager_1.0_dev_dist\build\classes;D:\Topcoder\Java\lib\tcs\base_exception\2.0\base_exception.jar;D:\Topcoder\Java\lib\tcs\logging_wrapper\2.0\logging_wrapper.jar;D:\Topcoder\Java\lib\tcs\object_formatter\1.0\object_formatter.jar;D:\Topcoder\Java\lib\tcs\typesafe_enum\1.1\typesafe_enum.jar;D:\Topcoder\Java\lib\tcs\configuration_manager\2.1.5\configuration_manager.jar;D:\Topcoder\Java\lib\tcs\configuration_api\1.0\configuration_api.jar;D:\Topcoder\Java\lib\tcs\db_connection_factory\1.1\db_connection_factory.jar;D:\Topcoder\Java\lib\tcs\configuration_persistence.jar;D:\Topcoder\Java\lib\jboss-ejb3x.jar;D:\Topcoder\Java\lib\jboss-j2ee.jar;D:\Topcoder\Java\lib\jboss-jaxrpc.jar;D:\Topcoder\Java\lib\ejb3-persistence.jar;D:\Topcoder\review\Studio_Contest_Manager_1.0_dev_dist\test_files\contest.jar;D:\Topcoder\review\Studio_Contest_Manager_1.0_dev_dist\test_files\project.jar;D:\Topcoder\Java\lib\junit-4.4.jar;D:\Topcoder\Java\lib\jboss-common-client.jar;D:\Topcoder\Java\lib\dom4j-1.6.1.jar;D:\Topcoder\Java\lib\hibernate-annotations.jar;D:\Topcoder\Java\lib\commons-logging-1.0.4.jar;D:\Topcoder\Java\lib\hibernate-commons-annotations.jar;D:\Topcoder\Java\lib\commons-collections-3.1.jar;D:\Topcoder\Java\lib\javassist.jar;D:\Topcoder\review\Studio_Contest_Manager_1.0_dev_dist\test_files\lib\hibernate-entitymanager.jar;D:\Topcoder\review\Studio_Contest_Manager_1.0_dev_dist\test_files\lib\hibernate3.jar;D:\Topcoder\review\Studio_Contest_Manager_1.0_dev_dist\test_files\lib\mysql-connector-java-3.0.11-stable-bin.jar;D:\Topcoder\review\Studio_Contest_Manager_1.0_dev_dist\test_files\lib\cglib-2.1.3.jar;D:\Topcoder\review\Studio_Contest_Manager_1.0_dev_dist\test_files\lib\asm.jar;D:\Topcoder\review\Studio_Contest_Manager_1.0_dev_dist\test_files\lib\antlr-2.7.6.jar;D:\Topcoder\review\Studio_Contest_Manager_1.0_dev_dist\test_files;D:\Topcoder\Java\lib\cobertura-1.9\cobertura.jar;D:\Topcoder\Java\lib\cobertura-1.9\lib\asm-2.2.1.jar;D:\Topcoder\Java\lib\cobertura-1.9\lib\asm-tree-2.2.1.jar;D:\Topcoder\Java\lib\cobertura-1.9\lib\jakarta-oro-2.0.8.jar;D:\Topcoder\Java\lib\cobertura-1.9\lib\log4j-1.2.9.jar;D:\Topcoder\review\Studio_Contest_Manager_1.0_dev_dist;D:\Topcoder\Java\apache-ant-1.7.0\lib\ant-launcher.jar;D:\Topcoder\Java\apache-ant-1.7.0\lib\ant.jar;D:\Topcoder\Java\apache-ant-1.7.0\lib\ant-junit.jar" />
    <property name="ant.version" value="Apache Ant version 1.7.0 compiled on December 13 2006" />
    <property name="jboss-ejb3x.jar" value="D:/Topcoder/Java/lib/jboss-ejb3x.jar" />
    <property name="configuration_manager.jar" value="D:/Topcoder/Java/lib/tcs/configuration_manager/2.1.5/configuration_manager.jar" />
    <property name="java.vm.specification.name" value="Java Virtual Machine Specification" />
    <property name="ext_libdir" value="D:/Topcoder/Java/lib" />
    <property name="builddir" value="build" />
    <property name="java.vm.specification.version" value="1.0" />
    <property name="jboss-common-client.jar" value="D:/Topcoder/Java/lib/jboss-common-client.jar" />
    <property name="component.dist.jar" value="build/dist/studio_contest_manager-1.0.jar" />
    <property name="junit.jar" value="D:/Topcoder/Java/lib/junit-4.4.jar" />
    <property name="sun.cpu.endian" value="little" />
    <property name="sun.os.patch.level" value="Service Pack 2" />
    <property name="log4j.jar" value="D:/Topcoder/Java/lib/log4j-1.2.14.jar" />
    <property name="java.io.tmpdir" value="C:\DOCUME~1\IBM\LOCALS~1\Temp\" />
    <property name="hibernate-commons-annotations.jar" value="D:/Topcoder/Java/lib/hibernate-commons-annotations.jar" />
    <property name="java.vendor.url.bug" value="http://java.sun.com/cgi-bin/bugreport.cgi" />
    <property name="build_targetclassdir" value="build/targetclasses" />
    <property name="build_classdir" value="build/classes" />
    <property name="javatests" value="src/java/tests" />
    <property name="javadocsdir" value="docs/javadocs" />
    <property name="java.awt.graphicsenv" value="sun.awt.Win32GraphicsEnvironment" />
    <property name="os.arch" value="x86" />
    <property name="instrumented.dir" value="build/instrumented" />
    <property name="build_webdir" value="build/web" />
    <property name="java.ext.dirs" value="D:\jdk1.5\jre\lib\ext" />
    <property name="typesafe_enum.jar" value="D:/Topcoder/Java/lib/tcs/typesafe_enum/1.1/typesafe_enum.jar" />
    <property name="dist_src" value="build/dist/studio_contest_manager-1.0/src" />
    <property name="user.dir" value="D:\Topcoder\review\Studio_Contest_Manager_1.0_dev_dist" />
    <property name="design_dist.jar" value="Studio_Contest_Manager_1.0_design_dist.jar" />
    <property name="javasrc" value="src/java" />
    <property name="jar_ext_libdir" value="lib" />
    <property name="line.separator" value="
" />
    <property name="java.vm.name" value="Java HotSpot(TM) Client VM" />
    <property name="distfilename" value="studio_contest_manager" />
    <property name="java_1_3_bootclasspath" value="c:\program files\JavaSoft\JRE\1.3.1\lib\rt.jar" />
    <property name="basedir" value="D:\Topcoder\review\Studio_Contest_Manager_1.0_dev_dist" />
    <property name="ant.java.version" value="1.5" />
    <property name="configuration_api.jar" value="D:/Topcoder/Java/lib/tcs/configuration_api/1.0/configuration_api.jar" />
    <property name="ant.core.lib" value="D:\Topcoder\Java\apache-ant-1.7.0\lib\ant.jar" />
    <property name="dom4j-1.6.1.jar" value="D:/Topcoder/Java/lib/dom4j-1.6.1.jar" />
    <property name="file.encoding" value="GBK" />
    <property name="ant.file.Studio Contest Manager" value="D:\Topcoder\review\Studio_Contest_Manager_1.0_dev_dist\build.xml" />
    <property name="dist_docs" value="build/dist/studio_contest_manager-1.0/docs" />
    <property name="component.jar" value="build/dist/lib/tcs/studio_contest_manager/1.0/studio_contest_manager.jar" />
    <property name="java.specification.version" value="1.5" />
  </properties>
  <testcase classname="com.topcoder.service.studio.contest.ContestConfigurationExceptionUnitTest" name="testCtorStr" time="0.032" />
  <testcase classname="com.topcoder.service.studio.contest.ContestConfigurationExceptionUnitTest" name="testCtorStr_Null" time="0.0" />
  <testcase classname="com.topcoder.service.studio.contest.ContestConfigurationExceptionUnitTest" name="testCtorStrExp" time="0.0" />
  <testcase classname="com.topcoder.service.studio.contest.ContestConfigurationExceptionUnitTest" name="testCtorStrExp_Null" time="0.0" />
  <testcase classname="com.topcoder.service.studio.contest.ContestConfigurationExceptionUnitTest" name="testCtorStrThrowable" time="0.0" />
  <testcase classname="com.topcoder.service.studio.contest.ContestConfigurationExceptionUnitTest" name="testCtorStrThrowable_Null" time="0.0" />
  <testcase classname="com.topcoder.service.studio.contest.ContestConfigurationExceptionUnitTest" name="testCtorStrThrowableExp" time="0.0" />
  <testcase classname="com.topcoder.service.studio.contest.ContestConfigurationExceptionUnitTest" name="testCtorStrThrowableExp_Null" time="0.0" />
  <testcase classname="com.topcoder.service.studio.contest.ContestManagementExceptionUnitTest" name="testCtorStr" time="0.0" />
  <testcase classname="com.topcoder.service.studio.contest.ContestManagementExceptionUnitTest" name="testCtorStr_Null" time="0.0" />
  <testcase classname="com.topcoder.service.studio.contest.ContestManagementExceptionUnitTest" name="testCtorStrExp" time="0.0" />
  <testcase classname="com.topcoder.service.studio.contest.ContestManagementExceptionUnitTest" name="testCtorStrExp_Null" time="0.0" />
  <testcase classname="com.topcoder.service.studio.contest.ContestManagementExceptionUnitTest" name="testCtorStrThrowable" time="0.0" />
  <testcase classname="com.topcoder.service.studio.contest.ContestManagementExceptionUnitTest" name="testCtorStrThrowable_Null" time="0.0" />
  <testcase classname="com.topcoder.service.studio.contest.ContestManagementExceptionUnitTest" name="testCtorStrThrowableExp" time="0.0" />
  <testcase classname="com.topcoder.service.studio.contest.ContestManagementExceptionUnitTest" name="testCtorStrThrowableExp_Null" time="0.0" />
  <testcase classname="com.topcoder.service.studio.contest.ContestStatusTransitionExceptionUnitTest" name="testCtorStr" time="0.0" />
  <testcase classname="com.topcoder.service.studio.contest.ContestStatusTransitionExceptionUnitTest" name="testCtorStr_Null" time="0.0" />
  <testcase classname="com.topcoder.service.studio.contest.ContestStatusTransitionExceptionUnitTest" name="testCtorStrExp" time="0.0" />
  <testcase classname="com.topcoder.service.studio.contest.ContestStatusTransitionExceptionUnitTest" name="testCtorStrExp_Null" time="0.0" />
  <testcase classname="com.topcoder.service.studio.contest.ContestStatusTransitionExceptionUnitTest" name="testCtorStrThrowable" time="0.016" />
  <testcase classname="com.topcoder.service.studio.contest.ContestStatusTransitionExceptionUnitTest" name="testCtorStrThrowable_Null" time="0.0" />
  <testcase classname="com.topcoder.service.studio.contest.ContestStatusTransitionExceptionUnitTest" name="testCtorStrThrowableExp" time="0.0" />
  <testcase classname="com.topcoder.service.studio.contest.ContestStatusTransitionExceptionUnitTest" name="testCtorStrThrowableExp_Null" time="0.0" />
  <testcase classname="com.topcoder.service.studio.contest.DocumentContentManagementExceptionUnitTest" name="testCtorStr" time="0.0" />
  <testcase classname="com.topcoder.service.studio.contest.DocumentContentManagementExceptionUnitTest" name="testCtorStr_Null" time="0.0" />
  <testcase classname="com.topcoder.service.studio.contest.DocumentContentManagementExceptionUnitTest" name="testCtorStrExp" time="0.0" />
  <testcase classname="com.topcoder.service.studio.contest.DocumentContentManagementExceptionUnitTest" name="testCtorStrExp_Null" time="0.0" />
  <testcase classname="com.topcoder.service.studio.contest.DocumentContentManagementExceptionUnitTest" name="testCtorStrThrowable" time="0.0" />
  <testcase classname="com.topcoder.service.studio.contest.DocumentContentManagementExceptionUnitTest" name="testCtorStrThrowable_Null" time="0.0" />
  <testcase classname="com.topcoder.service.studio.contest.DocumentContentManagementExceptionUnitTest" name="testCtorStrThrowableExp" time="0.0" />
  <testcase classname="com.topcoder.service.studio.contest.DocumentContentManagementExceptionUnitTest" name="testCtorStrThrowableExp_Null" time="0.0" />
  <testcase classname="com.topcoder.service.studio.contest.EntityAlreadyExistsExceptionUnitTest" name="testCtorStr" time="0.0" />
  <testcase classname="com.topcoder.service.studio.contest.EntityAlreadyExistsExceptionUnitTest" name="testCtorStr_Null" time="0.0" />
  <testcase classname="com.topcoder.service.studio.contest.EntityAlreadyExistsExceptionUnitTest" name="testCtorStrExp" time="0.0" />
  <testcase classname="com.topcoder.service.studio.contest.EntityAlreadyExistsExceptionUnitTest" name="testCtorStrExp_Null" time="0.0" />
  <testcase classname="com.topcoder.service.studio.contest.EntityAlreadyExistsExceptionUnitTest" name="testCtorStrThrowable" time="0.0" />
  <testcase classname="com.topcoder.service.studio.contest.EntityAlreadyExistsExceptionUnitTest" name="testCtorStrThrowable_Null" time="0.0" />
  <testcase classname="com.topcoder.service.studio.contest.EntityAlreadyExistsExceptionUnitTest" name="testCtorStrThrowableExp" time="0.0" />
  <testcase classname="com.topcoder.service.studio.contest.EntityAlreadyExistsExceptionUnitTest" name="testCtorStrThrowableExp_Null" time="0.0" />
  <testcase classname="com.topcoder.service.studio.contest.EntityNotFoundExceptionUnitTest" name="testCtorStr" time="0.0" />
  <testcase classname="com.topcoder.service.studio.contest.EntityNotFoundExceptionUnitTest" name="testCtorStr_Null" time="0.0" />
  <testcase classname="com.topcoder.service.studio.contest.EntityNotFoundExceptionUnitTest" name="testCtorStrExp" time="0.0" />
  <testcase classname="com.topcoder.service.studio.contest.EntityNotFoundExceptionUnitTest" name="testCtorStrExp_Null" time="0.0" />
  <testcase classname="com.topcoder.service.studio.contest.EntityNotFoundExceptionUnitTest" name="testCtorStrThrowable" time="0.0" />
  <testcase classname="com.topcoder.service.studio.contest.EntityNotFoundExceptionUnitTest" name="testCtorStrThrowable_Null" time="0.0" />
  <testcase classname="com.topcoder.service.studio.contest.EntityNotFoundExceptionUnitTest" name="testCtorStrThrowableExp" time="0.0" />
  <testcase classname="com.topcoder.service.studio.contest.EntityNotFoundExceptionUnitTest" name="testCtorStrThrowableExp_Null" time="0.0" />
  <testcase classname="com.topcoder.service.studio.contest.bean.ContestManagerBeanUnitTest" name="testCtor" time="0.031" />
  <testcase classname="com.topcoder.service.studio.contest.bean.ContestManagerBeanUnitTest" name="testInitialize" time="0.032" />
  <testcase classname="com.topcoder.service.studio.contest.bean.ContestManagerBeanUnitTest" name="testInitialize_Failure1" time="0.0" />
  <testcase classname="com.topcoder.service.studio.contest.bean.ContestManagerBeanUnitTest" name="testInitialize_Failure2" time="0.0" />
  <testcase classname="com.topcoder.service.studio.contest.bean.ContestManagerBeanUnitTest" name="testInitialize_Failure3" time="0.0" />
  <testcase classname="com.topcoder.service.studio.contest.bean.ContestManagerBeanUnitTest" name="testInitialize_Failure4" time="0.0" />
  <testcase classname="com.topcoder.service.studio.contest.bean.ContestManagerBeanUnitTest" name="testInitialize_Failure5" time="0.0" />
  <testcase classname="com.topcoder.service.studio.contest.bean.ContestManagerBeanUnitTest" name="testInitialize_Failure6" time="0.0" />
  <testcase classname="com.topcoder.service.studio.contest.bean.ContestManagerBeanUnitTest" name="testInitialize_Failure7" time="0.0" />
  <testcase classname="com.topcoder.service.studio.contest.bean.ContestManagerBeanUnitTest" name="testInitialize_Failure8" time="0.0" />
  <testcase classname="com.topcoder.service.studio.contest.bean.ContestManagerBeanUnitTest" name="testInitialize_Failure9" time="0.0" />
  <testcase classname="com.topcoder.service.studio.contest.bean.ContestManagerBeanUnitTest" name="testInitialize_Failure10" time="0.0" />
  <testcase classname="com.topcoder.service.studio.contest.bean.ContestManagerBeanUnitTest" name="testCreateContest" time="2.625" />
  <testcase classname="com.topcoder.service.studio.contest.bean.ContestManagerBeanUnitTest" name="testCreateContest_Failure1" time="0.0" />
  <testcase classname="com.topcoder.service.studio.contest.bean.ContestManagerBeanUnitTest" name="testCreateContest_Failure2" time="0.0" />
  <testcase classname="com.topcoder.service.studio.contest.bean.ContestManagerBeanUnitTest" name="testCreateContest_Failure3" time="0.016" />
  <testcase classname="com.topcoder.service.studio.contest.bean.ContestManagerBeanUnitTest" name="testCreateContest_Failure4" time="0.0" />
  <testcase classname="com.topcoder.service.studio.contest.bean.ContestManagerBeanUnitTest" name="testCreateContest_Failure5" time="0.015" />
  <testcase classname="com.topcoder.service.studio.contest.bean.ContestManagerBeanUnitTest" name="testGetContest" time="0.015" />
  <testcase classname="com.topcoder.service.studio.contest.bean.ContestManagerBeanUnitTest" name="testGetContest1" time="0.0" />
  <testcase classname="com.topcoder.service.studio.contest.bean.ContestManagerBeanUnitTest" name="testGetContest_Failure1" time="0.0" />
  <testcase classname="com.topcoder.service.studio.contest.bean.ContestManagerBeanUnitTest" name="testGetContest_Failure2" time="0.016" />
  <testcase classname="com.topcoder.service.studio.contest.bean.ContestManagerBeanUnitTest" name="testGetContestsForProject" time="0.313" />
  <testcase classname="com.topcoder.service.studio.contest.bean.ContestManagerBeanUnitTest" name="testGetContestsForProject_Failure1" time="0.015" />
  <testcase classname="com.topcoder.service.studio.contest.bean.ContestManagerBeanUnitTest" name="testGetClientForContest" time="0.0" />
  <testcase classname="com.topcoder.service.studio.contest.bean.ContestManagerBeanUnitTest" name="testGetClientForContest_Failure1" time="0.0" />
  <testcase classname="com.topcoder.service.studio.contest.bean.ContestManagerBeanUnitTest" name="testGetClientForContest_Failure2" time="0.0" />
  <testcase classname="com.topcoder.service.studio.contest.bean.ContestManagerBeanUnitTest" name="testGetClientForContest_Failure3" time="0.016" />
  <testcase classname="com.topcoder.service.studio.contest.bean.ContestManagerBeanUnitTest" name="testGetClientForContest_Failure4" time="0.0" />
  <testcase classname="com.topcoder.service.studio.contest.bean.ContestManagerBeanUnitTest" name="testGetClientForProject" time="0.015" />
  <testcase classname="com.topcoder.service.studio.contest.bean.ContestManagerBeanUnitTest" name="testGetClientForProject_Failure1" time="0.0" />
  <testcase classname="com.topcoder.service.studio.contest.bean.ContestManagerBeanUnitTest" name="testGetClientForProject_Failure2" time="0.016" />
  <testcase classname="com.topcoder.service.studio.contest.bean.ContestManagerBeanUnitTest" name="testGetClientForProject_Failure3" time="0.0" />
  <testcase classname="com.topcoder.service.studio.contest.bean.ContestManagerBeanUnitTest" name="testAddContestStatus" time="0.0" />
  <testcase classname="com.topcoder.service.studio.contest.bean.ContestManagerBeanUnitTest" name="testAddContestStatus_Failure1" time="0.0" />
  <testcase classname="com.topcoder.service.studio.contest.bean.ContestManagerBeanUnitTest" name="testAddContestStatus_Failure2" time="0.0" />
  <testcase classname="com.topcoder.service.studio.contest.bean.ContestManagerBeanUnitTest" name="testAddContestStatus_Failure3" time="0.0" />
  <testcase classname="com.topcoder.service.studio.contest.bean.ContestManagerBeanUnitTest" name="testAddContestStatus_Failure4" time="0.0" />
  <testcase classname="com.topcoder.service.studio.contest.bean.ContestManagerBeanUnitTest" name="testUpdateContestStatus" time="0.0" />
  <testcase classname="com.topcoder.service.studio.contest.bean.ContestManagerBeanUnitTest" name="testUpdateContestStatus_Failure1" time="0.0" />
  <testcase classname="com.topcoder.service.studio.contest.bean.ContestManagerBeanUnitTest" name="testUpdateContestStatus_Failure2" time="0.0" />
  <testcase classname="com.topcoder.service.studio.contest.bean.ContestManagerBeanUnitTest" name="testUpdateContestStatus_Failure3" time="0.0" />
  <testcase classname="com.topcoder.service.studio.contest.bean.ContestManagerBeanUnitTest" name="testUpdateContestStatus_Failure4" time="0.0" />
  <testcase classname="com.topcoder.service.studio.contest.bean.ContestManagerBeanUnitTest" name="testRemoveContestStatus" time="0.0" />
  <testcase classname="com.topcoder.service.studio.contest.bean.ContestManagerBeanUnitTest" name="testRemoveContestStatus1" time="0.016" />
  <testcase classname="com.topcoder.service.studio.contest.bean.ContestManagerBeanUnitTest" name="testRemoveContestStatus_Failure1" time="0.0" />
  <testcase classname="com.topcoder.service.studio.contest.bean.ContestManagerBeanUnitTest" name="testRemoveContestStatus_Failure2" time="0.0" />
  <testcase classname="com.topcoder.service.studio.contest.bean.ContestManagerBeanUnitTest" name="testRemoveContestStatus_Failure3" time="0.0" />
  <testcase classname="com.topcoder.service.studio.contest.bean.ContestManagerBeanUnitTest" name="testGetContestStatus" time="0.0" />
  <testcase classname="com.topcoder.service.studio.contest.bean.ContestManagerBeanUnitTest" name="testGetContestStatus_Failure1" time="0.0" />
  <testcase classname="com.topcoder.service.studio.contest.bean.ContestManagerBeanUnitTest" name="testGetContestStatus_Failure2" time="0.0" />
  <testcase classname="com.topcoder.service.studio.contest.bean.ContestManagerBeanUnitTest" name="testAddDocument" time="0.031" />
  <testcase classname="com.topcoder.service.studio.contest.bean.ContestManagerBeanUnitTest" name="testAddDocument_Failure1" time="0.016" />
  <testcase classname="com.topcoder.service.studio.contest.bean.ContestManagerBeanUnitTest" name="testAddDocument_Failure3" time="0.0" />
  <testcase classname="com.topcoder.service.studio.contest.bean.ContestManagerBeanUnitTest" name="testAddDocument_Failure4" time="0.0" />
  <testcase classname="com.topcoder.service.studio.contest.bean.ContestManagerBeanUnitTest" name="testAddDocument_Failure5" time="0.0" />
  <testcase classname="com.topcoder.service.studio.contest.bean.ContestManagerBeanUnitTest" name="testUpdateDocument" time="0.016" />
  <testcase classname="com.topcoder.service.studio.contest.bean.ContestManagerBeanUnitTest" name="testUpdateDocument_Failure1" time="0.0" />
  <testcase classname="com.topcoder.service.studio.contest.bean.ContestManagerBeanUnitTest" name="testUpdateDocument_Failure2" time="0.0" />
  <testcase classname="com.topcoder.service.studio.contest.bean.ContestManagerBeanUnitTest" name="testUpdateDocument_Failure3" time="0.0" />
  <testcase classname="com.topcoder.service.studio.contest.bean.ContestManagerBeanUnitTest" name="testUpdateDocument_Failure4" time="0.0" />
  <testcase classname="com.topcoder.service.studio.contest.bean.ContestManagerBeanUnitTest" name="testGetDocument" time="0.0" />
  <testcase classname="com.topcoder.service.studio.contest.bean.ContestManagerBeanUnitTest" name="testGetDocument_Failure1" time="0.0" />
  <testcase classname="com.topcoder.service.studio.contest.bean.ContestManagerBeanUnitTest" name="testGetDocument_Failure2" time="0.0" />
  <testcase classname="com.topcoder.service.studio.contest.bean.ContestManagerBeanUnitTest" name="testRemoveDocument" time="0.016" />
  <testcase classname="com.topcoder.service.studio.contest.bean.ContestManagerBeanUnitTest" name="testRemoveDocument1" time="0.0" />
  <testcase classname="com.topcoder.service.studio.contest.bean.ContestManagerBeanUnitTest" name="testRemoveDocument_Failure1" time="0.0" />
  <testcase classname="com.topcoder.service.studio.contest.bean.ContestManagerBeanUnitTest" name="testRemoveDocument_Failure2" time="0.0" />
  <testcase classname="com.topcoder.service.studio.contest.bean.ContestManagerBeanUnitTest" name="testRemoveDocument_Failure3" time="0.0" />
  <testcase classname="com.topcoder.service.studio.contest.bean.ContestManagerBeanUnitTest" name="testAddDocumentToContest" time="0.0" />
  <testcase classname="com.topcoder.service.studio.contest.bean.ContestManagerBeanUnitTest" name="testAddDocumentToContest_Failure1" time="0.0" />
  <testcase classname="com.topcoder.service.studio.contest.bean.ContestManagerBeanUnitTest" name="testAddDocumentToContest_Failure2" time="0.0" />
  <testcase classname="com.topcoder.service.studio.contest.bean.ContestManagerBeanUnitTest" name="testAddDocumentToContest_Failure3" time="0.0" />
  <testcase classname="com.topcoder.service.studio.contest.bean.ContestManagerBeanUnitTest" name="testAddDocumentToContest_Failure4" time="0.016" />
  <testcase classname="com.topcoder.service.studio.contest.bean.ContestManagerBeanUnitTest" name="testAddDocumentToContest_Failure5" time="0.0" />
  <testcase classname="com.topcoder.service.studio.contest.bean.ContestManagerBeanUnitTest" name="testRemoveDocumentFromContest" time="0.0" />
  <testcase classname="com.topcoder.service.studio.contest.bean.ContestManagerBeanUnitTest" name="testRemoveDocumentFromContest1" time="0.0" />
  <testcase classname="com.topcoder.service.studio.contest.bean.ContestManagerBeanUnitTest" name="testRemoveDocumentFromContest_Failure1" time="0.0" />
  <testcase classname="com.topcoder.service.studio.contest.bean.ContestManagerBeanUnitTest" name="testRemoveDocumentFromContest_Failure2" time="0.0" />
  <testcase classname="com.topcoder.service.studio.contest.bean.ContestManagerBeanUnitTest" name="testremoveDocumentFromContest_Failure3" time="0.0" />
  <testcase classname="com.topcoder.service.studio.contest.bean.ContestManagerBeanUnitTest" name="testremoveDocumentFromContest_Failure4" time="0.0" />
  <testcase classname="com.topcoder.service.studio.contest.bean.ContestManagerBeanUnitTest" name="testremoveDocumentFromContest_Failure5" time="0.0" />
  <testcase classname="com.topcoder.service.studio.contest.bean.ContestManagerBeanUnitTest2" name="testUpdateContestStatus" time="0.016" />
  <testcase classname="com.topcoder.service.studio.contest.bean.ContestManagerBeanUnitTest2" name="testUpdateContestStatus_Failure1" time="0.0" />
  <testcase classname="com.topcoder.service.studio.contest.bean.ContestManagerBeanUnitTest2" name="testUpdateContestStatus_Failure2" time="0.015" />
  <testcase classname="com.topcoder.service.studio.contest.bean.ContestManagerBeanUnitTest2" name="testUpdateContestStatus_Failure3" time="0.0" />
  <testcase classname="com.topcoder.service.studio.contest.bean.ContestManagerBeanUnitTest2" name="testUpdateContestStatus_Failure4" time="0.0" />
  <testcase classname="com.topcoder.service.studio.contest.bean.ContestManagerBeanUnitTest2" name="testAddContestChannel" time="0.0" />
  <testcase classname="com.topcoder.service.studio.contest.bean.ContestManagerBeanUnitTest2" name="testAddContestChannel_Failure1" time="0.0" />
  <testcase classname="com.topcoder.service.studio.contest.bean.ContestManagerBeanUnitTest2" name="testAddContestChannel_Failure3" time="0.0" />
  <testcase classname="com.topcoder.service.studio.contest.bean.ContestManagerBeanUnitTest2" name="testAddContestChannel_Failure4" time="0.0" />
  <testcase classname="com.topcoder.service.studio.contest.bean.ContestManagerBeanUnitTest2" name="testAddContestChannel_Failure5" time="0.0" />
  <testcase classname="com.topcoder.service.studio.contest.bean.ContestManagerBeanUnitTest2" name="testUpdateContestChannel" time="0.0" />
  <testcase classname="com.topcoder.service.studio.contest.bean.ContestManagerBeanUnitTest2" name="testUpdateContestChannel_Failure1" time="0.0" />
  <testcase classname="com.topcoder.service.studio.contest.bean.ContestManagerBeanUnitTest2" name="testUpdateContestChannel_Failure2" time="0.0" />
  <testcase classname="com.topcoder.service.studio.contest.bean.ContestManagerBeanUnitTest2" name="testUpdateContestChannel_Failure3" time="0.0" />
  <testcase classname="com.topcoder.service.studio.contest.bean.ContestManagerBeanUnitTest2" name="testUpdateContestChannel_Failure4" time="0.0" />
  <testcase classname="com.topcoder.service.studio.contest.bean.ContestManagerBeanUnitTest2" name="testGetContestChannel" time="0.0" />
  <testcase classname="com.topcoder.service.studio.contest.bean.ContestManagerBeanUnitTest2" name="testGetContestChannel_Failure1" time="0.0" />
  <testcase classname="com.topcoder.service.studio.contest.bean.ContestManagerBeanUnitTest2" name="testGetContestChannel_Failure2" time="0.016" />
  <testcase classname="com.topcoder.service.studio.contest.bean.ContestManagerBeanUnitTest2" name="testRemoveContestChannel" time="0.0" />
  <testcase classname="com.topcoder.service.studio.contest.bean.ContestManagerBeanUnitTest2" name="testRemoveContestChannel1" time="0.0" />
  <testcase classname="com.topcoder.service.studio.contest.bean.ContestManagerBeanUnitTest2" name="testRemoveContestChannel_Failure1" time="0.0" />
  <testcase classname="com.topcoder.service.studio.contest.bean.ContestManagerBeanUnitTest2" name="testRemoveContestChannel_Failure2" time="0.0" />
  <testcase classname="com.topcoder.service.studio.contest.bean.ContestManagerBeanUnitTest2" name="testRemoveContestChannel_Failure3" time="0.0" />
  <testcase classname="com.topcoder.service.studio.contest.bean.ContestManagerBeanUnitTest2" name="testAddConfig" time="0.0" />
  <testcase classname="com.topcoder.service.studio.contest.bean.ContestManagerBeanUnitTest2" name="testAddConfig_Failure2" time="0.0" />
  <testcase classname="com.topcoder.service.studio.contest.bean.ContestManagerBeanUnitTest2" name="testAddConfig_Failure3" time="0.0" />
  <testcase classname="com.topcoder.service.studio.contest.bean.ContestManagerBeanUnitTest2" name="testAddConfig_Failure4" time="0.0" />
  <testcase classname="com.topcoder.service.studio.contest.bean.ContestManagerBeanUnitTest2" name="testAddConfig_Failure5" time="0.0" />
  <testcase classname="com.topcoder.service.studio.contest.bean.ContestManagerBeanUnitTest2" name="testUpdateConfig" time="0.0" />
  <testcase classname="com.topcoder.service.studio.contest.bean.ContestManagerBeanUnitTest2" name="testUpdateConfig_Failure1" time="0.0" />
  <testcase classname="com.topcoder.service.studio.contest.bean.ContestManagerBeanUnitTest2" name="testUpdateConfig_Failure2" time="0.0" />
  <testcase classname="com.topcoder.service.studio.contest.bean.ContestManagerBeanUnitTest2" name="testUpdateConfig_Failure3" time="0.0" />
  <testcase classname="com.topcoder.service.studio.contest.bean.ContestManagerBeanUnitTest2" name="testUpdateConfig_Failure4" time="0.0" />
  <testcase classname="com.topcoder.service.studio.contest.bean.ContestManagerBeanUnitTest2" name="testGetConfig" time="0.0" />
  <testcase classname="com.topcoder.service.studio.contest.bean.ContestManagerBeanUnitTest2" name="testGetConfig_Failure1" time="0.015" />
  <testcase classname="com.topcoder.service.studio.contest.bean.ContestManagerBeanUnitTest2" name="testGetConfig_Failure2" time="0.0" />
  <testcase classname="com.topcoder.service.studio.contest.bean.ContestManagerBeanUnitTest2" name="testGetConfig_Failure3" time="0.0" />
  <testcase classname="com.topcoder.service.studio.contest.bean.ContestManagerBeanUnitTest2" name="testSaveDocumentContent" time="0.078" />
  <testcase classname="com.topcoder.service.studio.contest.bean.ContestManagerBeanUnitTest2" name="testSaveDocumentContent_Failure1" time="1.0" />
  <testcase classname="com.topcoder.service.studio.contest.bean.ContestManagerBeanUnitTest2" name="testSaveDocumentContent_Failure2" time="0.016" />
  <testcase classname="com.topcoder.service.studio.contest.bean.ContestManagerBeanUnitTest2" name="testSaveDocumentContent_Failure3" time="0.0" />
  <testcase classname="com.topcoder.service.studio.contest.bean.ContestManagerBeanUnitTest2" name="testSaveDocumentContent_Failure4" time="0.0" />
  <testcase classname="com.topcoder.service.studio.contest.bean.ContestManagerBeanUnitTest2" name="testSaveDocumentContent_Failure5" time="0.0" />
  <testcase classname="com.topcoder.service.studio.contest.bean.ContestManagerBeanUnitTest2" name="testSaveDocumentContent_Failure6" time="0.0" />
  <testcase classname="com.topcoder.service.studio.contest.bean.ContestManagerBeanUnitTest2" name="testGetAllContestStatuses" time="0.172" />
  <testcase classname="com.topcoder.service.studio.contest.bean.ContestManagerBeanUnitTest2" name="testGetAllContestStatuses_Failure1" time="0.0" />
  <testcase classname="com.topcoder.service.studio.contest.bean.ContestManagerBeanUnitTest2" name="testGetAllContestStatuses_Failure2" time="0.0" />
  <testcase classname="com.topcoder.service.studio.contest.bean.ContestManagerBeanUnitTest2" name="testGetAllContestStatuses_Failure3" time="0.0" />
  <testcase classname="com.topcoder.service.studio.contest.bean.ContestManagerBeanUnitTest2" name="testGetAllContestChannels" time="0.079" />
  <testcase classname="com.topcoder.service.studio.contest.bean.ContestManagerBeanUnitTest2" name="testGetAllContestChannels_Failure1" time="0.0" />
  <testcase classname="com.topcoder.service.studio.contest.bean.ContestManagerBeanUnitTest2" name="testGetAllContestChannels_Failure3" time="0.015" />
  <testcase classname="com.topcoder.service.studio.contest.bean.ContestManagerBeanUnitTest2" name="testGetAllStudioFileTypes" time="0.078" />
  <testcase classname="com.topcoder.service.studio.contest.bean.ContestManagerBeanUnitTest2" name="testGetAllStudioFileTypes_Failure1" time="0.0" />
  <testcase classname="com.topcoder.service.studio.contest.bean.ContestManagerBeanUnitTest2" name="testGetAllStudioFileTypes_Failure3" time="0.0" />
  <testcase classname="com.topcoder.service.studio.contest.bean.ContestManagerBeanUnitTest2" name="testAddContestTypeConfig" time="0.0" />
  <testcase classname="com.topcoder.service.studio.contest.bean.ContestManagerBeanUnitTest2" name="testAddContestTypeConfig_Failure1" time="0.0" />
  <testcase classname="com.topcoder.service.studio.contest.bean.ContestManagerBeanUnitTest2" name="testAddContestTypeConfig_Failure2" time="0.0" />
  <testcase classname="com.topcoder.service.studio.contest.bean.ContestManagerBeanUnitTest2" name="testAddContestTypeConfig_Failure3" time="0.0" />
  <testcase classname="com.topcoder.service.studio.contest.bean.ContestManagerBeanUnitTest2" name="testAddContestTypeConfig_Failure4" time="0.016" />
  <testcase classname="com.topcoder.service.studio.contest.bean.ContestManagerBeanUnitTest2" name="testUpdateContestTypeConfig" time="0.0" />
  <testcase classname="com.topcoder.service.studio.contest.bean.ContestManagerBeanUnitTest2" name="testUpdateContestTypeConfig_Failure1" time="0.0" />
  <testcase classname="com.topcoder.service.studio.contest.bean.ContestManagerBeanUnitTest2" name="testUpdateContestTypeConfig_Failure2" time="0.0" />
  <testcase classname="com.topcoder.service.studio.contest.bean.ContestManagerBeanUnitTest2" name="testUpdateContestTypeConfig_Failure3" time="0.015" />
  <testcase classname="com.topcoder.service.studio.contest.bean.ContestManagerBeanUnitTest2" name="testUpdateContestTypeConfig_Failure4" time="0.0" />
  <testcase classname="com.topcoder.service.studio.contest.bean.ContestManagerBeanUnitTest2" name="testGetContestTypeConfig" time="0.0" />
  <testcase classname="com.topcoder.service.studio.contest.bean.ContestManagerBeanUnitTest2" name="testGetContestTypeConfig_Failure1" time="0.0" />
  <testcase classname="com.topcoder.service.studio.contest.bean.ContestManagerBeanUnitTest2" name="testGetContestTypeConfig_Failure2" time="0.0" />
  <testcase classname="com.topcoder.service.studio.contest.bean.ContestManagerBeanUnitTest2" name="testAddPrizeToContest" time="0.016" />
  <testcase classname="com.topcoder.service.studio.contest.bean.ContestManagerBeanUnitTest2" name="testAddPrizeToContest_Failure1" time="0.0" />
  <testcase classname="com.topcoder.service.studio.contest.bean.ContestManagerBeanUnitTest2" name="testAddPrizeToContest_Failure2" time="0.0" />
  <testcase classname="com.topcoder.service.studio.contest.bean.ContestManagerBeanUnitTest2" name="testAddPrizeToContest_Failure3" time="0.0" />
  <testcase classname="com.topcoder.service.studio.contest.bean.ContestManagerBeanUnitTest2" name="testAddPrizeToContest_Failure4" time="0.0" />
  <testcase classname="com.topcoder.service.studio.contest.bean.ContestManagerBeanUnitTest2" name="testAddPrizeToContest_Failure5" time="0.0" />
  <testcase classname="com.topcoder.service.studio.contest.bean.ContestManagerBeanUnitTest2" name="testRemovePrizeFromContest" time="0.016" />
  <testcase classname="com.topcoder.service.studio.contest.bean.ContestManagerBeanUnitTest2" name="testRemovePrizeFromContest2" time="0.0" />
  <testcase classname="com.topcoder.service.studio.contest.bean.ContestManagerBeanUnitTest2" name="testRemovePrizeFromContest_Failure1" time="0.0" />
  <testcase classname="com.topcoder.service.studio.contest.bean.ContestManagerBeanUnitTest2" name="testRemovePrizeFromContest_Failure2" time="0.015" />
  <testcase classname="com.topcoder.service.studio.contest.bean.ContestManagerBeanUnitTest2" name="testRemovePrizeFromContest_Failure3" time="0.0" />
  <testcase classname="com.topcoder.service.studio.contest.bean.ContestManagerBeanUnitTest2" name="testRemovePrizeFromContest_Failure4" time="0.0" />
  <testcase classname="com.topcoder.service.studio.contest.bean.ContestManagerBeanUnitTest2" name="testRemovePrizeFromContest_Failure5" time="0.0" />
  <testcase classname="com.topcoder.service.studio.contest.bean.ContestManagerBeanUnitTest2" name="testGetContestPrizes" time="0.141" />
  <testcase classname="com.topcoder.service.studio.contest.bean.ContestManagerBeanUnitTest2" name="testUpdateContest" time="0.0" />
  <testcase classname="com.topcoder.service.studio.contest.bean.ContestManagerBeanUnitTest2" name="testUpdateContest1" time="0.0" />
  <testcase classname="com.topcoder.service.studio.contest.bean.ContestManagerBeanUnitTest2" name="testUpdateContest_Failure1" time="0.016" />
  <testcase classname="com.topcoder.service.studio.contest.bean.ContestManagerBeanUnitTest2" name="testUpdateContest_Failure2" time="0.0" />
  <testcase classname="com.topcoder.service.studio.contest.bean.ContestManagerBeanUnitTest2" name="testUpdateContest_Failure3" time="0.0" />
  <testcase classname="com.topcoder.service.studio.contest.bean.ContestManagerBeanUnitTest2" name="testUpdateContest_Failure4" time="0.0" />
  <testcase classname="com.topcoder.service.studio.contest.bean.ContestManagerBeanUnitTest2" name="testUpdateContest_Failure5" time="0.0" />
  <testcase classname="com.topcoder.service.studio.contest.bean.ContestManagerBeanUnitTest2" name="testUpdateContest_Failure6" time="0.0" />
  <testcase classname="com.topcoder.service.studio.contest.bean.ContestManagerBeanUnitTest2" name="testUpdateContest_Failure7" time="0.0" />
  <testcase classname="com.topcoder.service.studio.contest.bean.ContestManagerBeanUnitTest2" name="testUpdateContest_Failure8" time="0.0" />
  <testcase classname="com.topcoder.service.studio.contest.bean.ContestManagerBeanUnitTest2" name="testUpdateContest_Failure9" time="0.0" />
  <testcase classname="com.topcoder.service.studio.contest.bean.ContestManagerBeanUnitTest2" name="testUpdateContest_Failure10" time="0.0" />
  <testcase classname="com.topcoder.service.studio.contest.bean.ContestManagerBeanUnitTest2" name="testUpdateContest_Failure11" time="0.0" />
  <testcase classname="com.topcoder.service.studio.contest.bean.ContestManagerBeanUnitTest2" name="testUpdateContest_Failure12" time="0.0" />
  <testcase classname="com.topcoder.service.studio.contest.bean.ContestManagerBeanUnitTest2" name="testUpdateContestStatus_Failure5" time="0.0" />
  <testcase classname="com.topcoder.service.studio.contest.bean.ContestManagerBeanUnitTest2" name="testUpdateContestStatus_Failure6" time="0.0" />
  <testcase classname="com.topcoder.service.studio.contest.bean.ContestManagerBeanUnitTest3" name="testGetDocumentContent_Failure2" time="0.0" />
  <testcase classname="com.topcoder.service.studio.contest.bean.ContestManagerBeanUnitTest3" name="testExistDocumentContent2" time="0.062" />
  <testcase classname="com.topcoder.service.studio.contest.documentcontentmanagers.SocketDocumentContentManagerUnitTest" name="testSaveDocumentContent" time="1.016" />
  <testcase classname="com.topcoder.service.studio.contest.documentcontentmanagers.SocketDocumentContentManagerUnitTest" name="testExistDocumentContent2" time="1.578" />
  <testcase classname="com.topcoder.service.studio.contest.documentcontentmanagers.SocketDocumentContentManagerUnitTest" name="testCtorMap" time="0.047" />
  <testcase classname="com.topcoder.service.studio.contest.documentcontentmanagers.SocketDocumentContentManagerUnitTest" name="testCtorMap_Failure1" time="0.0" />
  <testcase classname="com.topcoder.service.studio.contest.documentcontentmanagers.SocketDocumentContentManagerUnitTest" name="testCtorMap_Failure2" time="0.016" />
  <testcase classname="com.topcoder.service.studio.contest.documentcontentmanagers.SocketDocumentContentManagerUnitTest" name="testCtorMap_Failure3" time="0.0" />
  <testcase classname="com.topcoder.service.studio.contest.documentcontentmanagers.SocketDocumentContentManagerUnitTest" name="testCtorMap_Failure4" time="0.0" />
  <testcase classname="com.topcoder.service.studio.contest.documentcontentmanagers.SocketDocumentContentManagerUnitTest" name="testCtorMap_Failure5" time="0.0" />
  <testcase classname="com.topcoder.service.studio.contest.documentcontentmanagers.SocketDocumentContentManagerUnitTest" name="testCtorMap_Failure6" time="0.0" />
  <testcase classname="com.topcoder.service.studio.contest.documentcontentmanagers.SocketDocumentContentManagerUnitTest" name="testCtorMap_Failure7" time="0.0" />
  <testcase classname="com.topcoder.service.studio.contest.documentcontentmanagers.SocketDocumentContentManagerUnitTest" name="testCtorMap_Failure8" time="0.0" />
  <testcase classname="com.topcoder.service.studio.contest.documentcontentmanagers.SocketDocumentContentManagerUnitTest" name="testCtorMap_Failure9" time="0.0" />
  <testcase classname="com.topcoder.service.studio.contest.documentcontentmanagers.SocketDocumentContentManagerUnitTest" name="testCtorMap_Failure10" time="0.0" />
  <testcase classname="com.topcoder.service.studio.contest.documentcontentmanagers.SocketDocumentContentManagerUnitTest" name="testCtorStringInt" time="0.0" />
  <testcase classname="com.topcoder.service.studio.contest.documentcontentmanagers.SocketDocumentContentManagerUnitTest" name="testCtorStringInt_Failure1" time="0.0" />
  <testcase classname="com.topcoder.service.studio.contest.documentcontentmanagers.SocketDocumentContentManagerUnitTest" name="testCtorStringInt_Failure2" time="0.0" />
  <testcase classname="com.topcoder.service.studio.contest.documentcontentmanagers.SocketDocumentContentManagerUnitTest" name="testCtorStringInt_Failure3" time="0.0" />
  <testcase classname="com.topcoder.service.studio.contest.documentcontentmanagers.SocketDocumentContentManagerUnitTest" name="testCtorStringInt_Failure4" time="0.0" />
  <testcase classname="com.topcoder.service.studio.contest.documentcontentmanagers.SocketDocumentContentManagerUnitTest" name="testSaveDocumentContent_Failure" time="1.047" />
  <testcase classname="com.topcoder.service.studio.contest.documentcontentmanagers.SocketDocumentContentManagerUnitTest" name="testSaveDocumentContest_Failure1" time="0.0" />
  <testcase classname="com.topcoder.service.studio.contest.documentcontentmanagers.SocketDocumentContentManagerUnitTest" name="testSaveDocumentContest_Failure2" time="0.015" />
  <testcase classname="com.topcoder.service.studio.contest.documentcontentmanagers.SocketDocumentContentManagerUnitTest" name="testSaveDocumentContest_Failure3" time="0.0" />
  <testcase classname="com.topcoder.service.studio.contest.documentcontentmanagers.SocketDocumentContentManagerUnitTest" name="testSaveDocumentContest_Failure4" time="1.078" />
  <testcase classname="com.topcoder.service.studio.contest.documentcontentmanagers.SocketDocumentContentManagerUnitTest" name="testSaveDocumentContest_Failure5" time="1.016" />
  <testcase classname="com.topcoder.service.studio.contest.documentcontentmanagers.SocketDocumentContentManagerUnitTest" name="testSaveDocumentContest_Failure6" time="1.125" />
  <testcase classname="com.topcoder.service.studio.contest.documentcontentmanagers.SocketDocumentContentManagerUnitTest" name="testSaveDocumentContest_Failure7" time="1.125" />
  <testcase classname="com.topcoder.service.studio.contest.documentcontentmanagers.SocketDocumentContentManagerUnitTest" name="testGetDocumentContent1" time="1.515" />
  <testcase classname="com.topcoder.service.studio.contest.documentcontentmanagers.SocketDocumentContentManagerUnitTest" name="testGetDocumentContent2" time="1.812" />
  <testcase classname="com.topcoder.service.studio.contest.documentcontentmanagers.SocketDocumentContentManagerUnitTest" name="testGetDocumentContent3" time="1.516" />
  <testcase classname="com.topcoder.service.studio.contest.documentcontentmanagers.SocketDocumentContentManagerUnitTest" name="testGetDocumentContest_Failure1" time="1.015" />
  <testcase classname="com.topcoder.service.studio.contest.documentcontentmanagers.SocketDocumentContentManagerUnitTest" name="testGetDocumentContest_Failure2" time="1.078" />
  <testcase classname="com.topcoder.service.studio.contest.documentcontentmanagers.SocketDocumentContentManagerUnitTest" name="testGetDocumentContest_Failure3" time="1.11" />
  <testcase classname="com.topcoder.service.studio.contest.documentcontentmanagers.SocketDocumentContentManagerUnitTest" name="testGetDocumentContest_Failure4" time="1.016" />
  <testcase classname="com.topcoder.service.studio.contest.documentcontentmanagers.SocketDocumentContentManagerUnitTest" name="testGetDocumentContest_Failure5" time="1.031" />
  <testcase classname="com.topcoder.service.studio.contest.documentcontentmanagers.SocketDocumentContentManagerUnitTest" name="testGetDocumentContest_Failure6" time="1.157" />
  <testcase classname="com.topcoder.service.studio.contest.documentcontentmanagers.SocketDocumentContentManagerUnitTest" name="testExistDocumentContent1" time="1.609" />
  <testcase classname="com.topcoder.service.studio.contest.documentcontentmanagers.SocketDocumentContentManagerUnitTest" name="testExistDocumentContest_Failure1" time="1.016" />
  <testcase classname="com.topcoder.service.studio.contest.documentcontentmanagers.SocketDocumentContentManagerUnitTest" name="testExistDocumentContest_Failure2" time="1.157" />
  <testcase classname="com.topcoder.service.studio.contest.documentcontentmanagers.SocketDocumentContentManagerUnitTest" name="testExistDocumentContest_Failure3" time="1.016" />
  <testcase classname="com.topcoder.service.studio.contest.documentcontentservers.InvalidRequestExceptionUnitTest" name="testCtorStr" time="0.0" />
  <testcase classname="com.topcoder.service.studio.contest.documentcontentservers.InvalidRequestExceptionUnitTest" name="testCtorStr_Null" time="0.016" />
  <testcase classname="com.topcoder.service.studio.contest.documentcontentservers.InvalidRequestExceptionUnitTest" name="testCtorStrExp" time="0.0" />
  <testcase classname="com.topcoder.service.studio.contest.documentcontentservers.InvalidRequestExceptionUnitTest" name="testCtorStrExp_Null" time="0.0" />
  <testcase classname="com.topcoder.service.studio.contest.documentcontentservers.InvalidRequestExceptionUnitTest" name="testCtorStrThrowable" time="0.0" />
  <testcase classname="com.topcoder.service.studio.contest.documentcontentservers.InvalidRequestExceptionUnitTest" name="testCtorStrThrowable_Null" time="0.0" />
  <testcase classname="com.topcoder.service.studio.contest.documentcontentservers.InvalidRequestExceptionUnitTest" name="testCtorStrThrowableExp" time="0.0" />
  <testcase classname="com.topcoder.service.studio.contest.documentcontentservers.InvalidRequestExceptionUnitTest" name="testCtorStrThrowableExp_Null" time="0.0" />
  <testcase classname="com.topcoder.service.studio.contest.documentcontentservers.SocketDocumentContentServerUnitTest" name="testCtor1" time="0.0" />
  <testcase classname="com.topcoder.service.studio.contest.documentcontentservers.SocketDocumentContentServerUnitTest" name="testCtor1_Failure" time="0.0" />
  <testcase classname="com.topcoder.service.studio.contest.documentcontentservers.SocketDocumentContentServerUnitTest" name="testCtor2" time="0.016" />
  <testcase classname="com.topcoder.service.studio.contest.documentcontentservers.SocketDocumentContentServerUnitTest" name="testCtor2_Failure1" time="0.0" />
  <testcase classname="com.topcoder.service.studio.contest.documentcontentservers.SocketDocumentContentServerUnitTest" name="testCtor2_Failure2" time="0.0" />
  <testcase classname="com.topcoder.service.studio.contest.documentcontentservers.SocketDocumentContentServerUnitTest" name="testCtor3" time="0.015" />
  <testcase classname="com.topcoder.service.studio.contest.documentcontentservers.SocketDocumentContentServerUnitTest" name="testCtor3_Failure1" time="0.0" />
  <testcase classname="com.topcoder.service.studio.contest.documentcontentservers.SocketDocumentContentServerUnitTest" name="testCtor3_Failure2" time="0.0" />
  <testcase classname="com.topcoder.service.studio.contest.documentcontentservers.SocketDocumentContentServerUnitTest" name="testCtor4" time="0.0" />
  <testcase classname="com.topcoder.service.studio.contest.documentcontentservers.SocketDocumentContentServerUnitTest" name="testCtor4_Failure1" time="0.0" />
  <testcase classname="com.topcoder.service.studio.contest.documentcontentservers.SocketDocumentContentServerUnitTest" name="testCtor4_Failure2" time="0.0" />
  <testcase classname="com.topcoder.service.studio.contest.documentcontentservers.SocketDocumentContentServerUnitTest" name="testCtor4_Failure3" time="0.015" />
  <testcase classname="com.topcoder.service.studio.contest.documentcontentservers.SocketDocumentContentServerUnitTest" name="testCtor5" time="0.0" />
  <testcase classname="com.topcoder.service.studio.contest.documentcontentservers.SocketDocumentContentServerUnitTest" name="testCtor5_Failure" time="0.0" />
  <testcase classname="com.topcoder.service.studio.contest.documentcontentservers.SocketDocumentContentServerUnitTest" name="testCtor6" time="0.0" />
  <testcase classname="com.topcoder.service.studio.contest.documentcontentservers.SocketDocumentContentServerUnitTest" name="testCtor6_Failure1" time="0.0" />
  <testcase classname="com.topcoder.service.studio.contest.documentcontentservers.SocketDocumentContentServerUnitTest" name="testCtor6_Failure2" time="0.0" />
  <testcase classname="com.topcoder.service.studio.contest.documentcontentservers.SocketDocumentContentServerUnitTest" name="testStart" time="1.016" />
  <testcase classname="com.topcoder.service.studio.contest.documentcontentservers.SocketDocumentContentServerUnitTest" name="testStart_Failure1" time="1.032" />
  <testcase classname="com.topcoder.service.studio.contest.documentcontentservers.SocketDocumentContentServerUnitTest" name="testStop" time="1.015" />
  <testcase classname="com.topcoder.service.studio.contest.documentcontentservers.SocketDocumentContentServerUnitTest" name="testIsRunning" time="1.0" />
  <testcase classname="com.topcoder.service.studio.contest.documentcontentservers.SocketDocumentContentServerUnitTest" name="testGetLastException" time="3.015" />
  <testcase classname="com.topcoder.service.studio.contest.documentcontentservers.SocketDocumentContentServerUnitTest" name="testWorkerThread_Failure1" time="2.047" />
  <testcase classname="com.topcoder.service.studio.contest.documentcontentservers.SocketDocumentContentServerUnitTest" name="testWorkerThread_Failure2" time="2.078" />
  <testcase classname="com.topcoder.service.studio.contest.documentcontentservers.SocketDocumentContentServerUnitTest" name="testWorkerThread_Failure3" time="2.015" />
  <testcase classname="com.topcoder.service.studio.contest.documentcontentservers.SocketDocumentContentServerUnitTest" name="testWorkerThread_SaveDocumentContent" time="2.016" />
  <testcase classname="com.topcoder.service.studio.contest.documentcontentservers.SocketDocumentContentServerUnitTest" name="testWorkerThread_SaveDocumentContent_Failure1" time="2.015" />
  <testcase classname="com.topcoder.service.studio.contest.documentcontentservers.SocketDocumentContentServerUnitTest" name="testWorkerThread_SaveDocumentContent_Failure2" time="2.016" />
  <testcase classname="com.topcoder.service.studio.contest.documentcontentservers.SocketDocumentContentServerUnitTest" name="testWorkerThread_GetDocumentContent" time="2.015" />
  <testcase classname="com.topcoder.service.studio.contest.documentcontentservers.SocketDocumentContentServerUnitTest" name="testWorkerThread_GetDocumentContent_UnExist" time="2.016" />
  <testcase classname="com.topcoder.service.studio.contest.documentcontentservers.SocketDocumentContentServerUnitTest" name="testWorkerThread_ExistDocumentContent_Exist" time="2.016" />
  <testcase classname="com.topcoder.service.studio.contest.documentcontentservers.SocketDocumentContentServerUnitTest" name="testWorkerThread_ExistDocumentContent_UnExist" time="2.015" />
  <testcase classname="com.topcoder.service.studio.contest.accuracytests.TestContestManagerBeanAccuracy" name="testCreateContest" time="1.282" />
  <testcase classname="com.topcoder.service.studio.contest.accuracytests.TestContestManagerBeanAccuracy" name="testGetClientForContest" time="0.89" />
  <testcase classname="com.topcoder.service.studio.contest.accuracytests.TestContestManagerBeanAccuracy" name="testGetClientForProject" time="0.688" />
  <testcase classname="com.topcoder.service.studio.contest.accuracytests.TestContestManagerBeanAccuracy" name="testAddContestStatus" time="0.687" />
  <testcase classname="com.topcoder.service.studio.contest.accuracytests.TestContestManagerBeanAccuracy" name="testAddDocument" time="0.735" />
  <testcase classname="com.topcoder.service.studio.contest.accuracytests.TestContestManagerBeanAccuracy" name="testUpdateDocument" time="0.671" />
  <testcase classname="com.topcoder.service.studio.contest.accuracytests.TestContestManagerBeanAccuracy" name="testAddDocumentToContest" time="1.344" />
  <testcase classname="com.topcoder.service.studio.contest.accuracytests.TestContestManagerBeanAccuracy" name="testAddContestChannel" time="0.703" />
  <testcase classname="com.topcoder.service.studio.contest.accuracytests.TestContestManagerBeanAccuracy" name="testUpdateContestChannel" time="0.859" />
  <testcase classname="com.topcoder.service.studio.contest.accuracytests.TestContestManagerBeanAccuracy" name="testAddConfig" time="0.672" />
  <testcase classname="com.topcoder.service.studio.contest.accuracytests.TestContestManagerBeanAccuracy" name="testSaveDocumentContent" time="4.765" />
  <testcase classname="com.topcoder.service.studio.contest.accuracytests.TestContestManagerBeanAccuracy" name="testGetAllContestChannels" time="0.86" />
  <testcase classname="com.topcoder.service.studio.contest.accuracytests.TestContestManagerBeanAccuracy" name="testGetAllStudioFileTypes" time="0.64" />
  <testcase classname="com.topcoder.service.studio.contest.accuracytests.TestContestManagerBeanAccuracy" name="testAddContestTypeConfig" time="0.594" />
  <testcase classname="com.topcoder.service.studio.contest.accuracytests.TestContestManagerBeanAccuracy" name="testAddPrizeToContest" time="0.828" />
  <testcase classname="com.topcoder.service.studio.contest.accuracytests.TestContestManagerBeanAccuracy" name="testRemovePrizeFromContest" time="0.89" />
  <testcase classname="com.topcoder.service.studio.contest.accuracytests.TestContestManagerBeanAccuracy" name="testGetContestPrizes" time="0.594" />
  <testcase classname="com.topcoder.service.studio.contest.accuracytests.TestContestManagerBeanAccuracy" name="testContestManagerBean" time="0.687" />
  <testcase classname="com.topcoder.service.studio.contest.accuracytests.TestContestManagerBeanAccuracy" name="testGetContest_1" time="0.344" />
  <testcase classname="com.topcoder.service.studio.contest.accuracytests.TestContestManagerBeanAccuracy" name="testGetContest_2" time="0.625" />
  <testcase classname="com.topcoder.service.studio.contest.accuracytests.TestContestManagerBeanAccuracy" name="testGetContestsForProject_1" time="0.641" />
  <testcase classname="com.topcoder.service.studio.contest.accuracytests.TestContestManagerBeanAccuracy" name="testGetContestsForProject_2" time="0.515" />
  <testcase classname="com.topcoder.service.studio.contest.accuracytests.TestContestManagerBeanAccuracy" name="testUpdateContest_1" time="0.578" />
  <testcase classname="com.topcoder.service.studio.contest.accuracytests.TestContestManagerBeanAccuracy" name="testUpdateContest_2" time="0.578" />
  <testcase classname="com.topcoder.service.studio.contest.accuracytests.TestContestManagerBeanAccuracy" name="testUpdateContest_3" time="0.735" />
  <testcase classname="com.topcoder.service.studio.contest.accuracytests.TestContestManagerBeanAccuracy" name="testUpdateContest_4" time="1.656" />
  <testcase classname="com.topcoder.service.studio.contest.accuracytests.TestContestManagerBeanAccuracy" name="testUpdateContestStatusLongLong" time="0.937" />
  <testcase classname="com.topcoder.service.studio.contest.accuracytests.TestContestManagerBeanAccuracy" name="testUpdateContestStatusContestStatus" time="0.656" />
  <testcase classname="com.topcoder.service.studio.contest.accuracytests.TestContestManagerBeanAccuracy" name="testRemoveContestStatus_1" time="0.594" />
  <testcase classname="com.topcoder.service.studio.contest.accuracytests.TestContestManagerBeanAccuracy" name="testRemoveContestStatus_2" time="0.484" />
  <testcase classname="com.topcoder.service.studio.contest.accuracytests.TestContestManagerBeanAccuracy" name="testGetContestStatus_1" time="0.297" />
  <testcase classname="com.topcoder.service.studio.contest.accuracytests.TestContestManagerBeanAccuracy" name="testGetContestStatus_2" time="0.421" />
  <testcase classname="com.topcoder.service.studio.contest.accuracytests.TestContestManagerBeanAccuracy" name="testGetDocument_1" time="0.406" />
  <testcase classname="com.topcoder.service.studio.contest.accuracytests.TestContestManagerBeanAccuracy" name="testGetDocument_2" time="0.625" />
  <testcase classname="com.topcoder.service.studio.contest.accuracytests.TestContestManagerBeanAccuracy" name="testRemoveDocument_1" time="0.375" />
  <testcase classname="com.topcoder.service.studio.contest.accuracytests.TestContestManagerBeanAccuracy" name="testRemoveDocument_2" time="0.891" />
  <testcase classname="com.topcoder.service.studio.contest.accuracytests.TestContestManagerBeanAccuracy" name="testRemoveDocumentFromContest_1" time="0.781" />
  <testcase classname="com.topcoder.service.studio.contest.accuracytests.TestContestManagerBeanAccuracy" name="testRemoveDocumentFromContest_2" time="0.844" />
  <testcase classname="com.topcoder.service.studio.contest.accuracytests.TestContestManagerBeanAccuracy" name="testRemoveContestChannel_1" time="0.359" />
  <testcase classname="com.topcoder.service.studio.contest.accuracytests.TestContestManagerBeanAccuracy" name="testRemoveContestChannel_2" time="0.484" />
  <testcase classname="com.topcoder.service.studio.contest.accuracytests.TestContestManagerBeanAccuracy" name="testGetContestChannel_1" time="0.328" />
  <testcase classname="com.topcoder.service.studio.contest.accuracytests.TestContestManagerBeanAccuracy" name="testGetContestChannel_2" time="0.438" />
  <testcase classname="com.topcoder.service.studio.contest.accuracytests.TestContestManagerBeanAccuracy" name="testGetDocumentContent" time="1.109" />
  <testcase classname="com.topcoder.service.studio.contest.accuracytests.TestContestManagerBeanAccuracy" name="testExistDocumentContent" time="0.656" />
  <testcase classname="com.topcoder.service.studio.contest.accuracytests.TestContestManagerBeanAccuracy" name="testGetAllContestStatuses_1" time="0.375" />
  <testcase classname="com.topcoder.service.studio.contest.accuracytests.TestContestManagerBeanAccuracy" name="testGetAllContestStatuses_2" time="0.422" />
  <testcase classname="com.topcoder.service.studio.contest.failuretests.ContestManagerBeanFailureTest" name="test_Initialize_Failure1_miss_unitName" time="0.0" />
  <testcase classname="com.topcoder.service.studio.contest.failuretests.ContestManagerBeanFailureTest" name="test_Initialize_Failure2_unitName_notString" time="0.0" />
  <testcase classname="com.topcoder.service.studio.contest.failuretests.ContestManagerBeanFailureTest" name="test_Initialize_Failure3_empty_unitName" time="0.0" />
  <testcase classname="com.topcoder.service.studio.contest.failuretests.ContestManagerBeanFailureTest" name="test_Initialize_Failure4_miss_activeContestStatusId" time="0.0" />
  <testcase classname="com.topcoder.service.studio.contest.failuretests.ContestManagerBeanFailureTest" name="test_Initialize_Failure5_activeContestStatusId_notLong" time="0.0" />
  <testcase classname="com.topcoder.service.studio.contest.failuretests.ContestManagerBeanFailureTest" name="test_Initialize_Failure6_miss_defaultDocumentPathId" time="0.0" />
  <testcase classname="com.topcoder.service.studio.contest.failuretests.ContestManagerBeanFailureTest" name="test_Initialize_Failure7_defaultDocumentPathId_notLong" time="0.0" />
  <testcase classname="com.topcoder.service.studio.contest.failuretests.ContestManagerBeanFailureTest" name="test_Initialize_Failure8_loggerName_empty" time="0.0" />
  <testcase classname="com.topcoder.service.studio.contest.failuretests.ContestManagerBeanFailureTest" name="test_Initialize_Failure9_miss_documentManagerClassName" time="0.0" />
  <testcase classname="com.topcoder.service.studio.contest.failuretests.ContestManagerBeanFailureTest" name="test_Initialize_Failure10_documentContentManagerClassName_type_wrong" time="0.015" />
  <testcase classname="com.topcoder.service.studio.contest.failuretests.ContestManagerBeanFailureTest" name="test_Initialize_Failure11_documentContentManagerClassName_ctor_wrong" time="0.0" />
  <testcase classname="com.topcoder.service.studio.contest.failuretests.ContestManagerBeanFailureTest" name="test_Initialize_Failure12_SocketDocumentContentManager_attr_miss" time="0.0" />
  <testcase classname="com.topcoder.service.studio.contest.failuretests.ContestManagerBeanFailureTest" name="test_CreateContest_Failure1_null" time="0.0" />
  <testcase classname="com.topcoder.service.studio.contest.failuretests.ContestManagerBeanFailureTest" name="test_CreateContest_Failure2_EntityAlreadyExistsException" time="0.313" />
  <testcase classname="com.topcoder.service.studio.contest.failuretests.ContestManagerBeanFailureTest" name="test_CreateContest_Failure3_EntityManagerClosed" time="0.015" />
  <testcase classname="com.topcoder.service.studio.contest.failuretests.ContestManagerBeanFailureTest" name="test_CreateContest_Failure4_PersistenceException" time="0.0" />
  <testcase classname="com.topcoder.service.studio.contest.failuretests.ContestManagerBeanFailureTest" name="test_CreateContest_Failure5_TransactionException" time="0.0" />
  <testcase classname="com.topcoder.service.studio.contest.failuretests.ContestManagerBeanFailureTest" name="test_GetContest_Failure1_EntityManagerClosed" time="0.0" />
  <testcase classname="com.topcoder.service.studio.contest.failuretests.ContestManagerBeanFailureTest" name="test_GetContest_Failure2_PersistenceException" time="0.0" />
  <testcase classname="com.topcoder.service.studio.contest.failuretests.ContestManagerBeanFailureTest" name="test_GetContestsForProject_Failure1_EMClosed" time="0.0" />
  <testcase classname="com.topcoder.service.studio.contest.failuretests.ContestManagerBeanFailureTest" name="test_GetContestsForProject_Failure2_PersistenceException" time="0.0" />
  <testcase classname="com.topcoder.service.studio.contest.failuretests.ContestManagerBeanFailureTest" name="test_updateContest_Failure1" time="0.0" />
  <testcase classname="com.topcoder.service.studio.contest.failuretests.ContestManagerBeanFailureTest" name="test_updateContest_Failure2" time="0.0" />
  <testcase classname="com.topcoder.service.studio.contest.failuretests.ContestManagerBeanFailureTest" name="test_updateContest_Failure3" time="0.0" />
  <testcase classname="com.topcoder.service.studio.contest.failuretests.ContestManagerBeanFailureTest" name="test_updateContest_Failure4" time="0.016" />
  <testcase classname="com.topcoder.service.studio.contest.failuretests.ContestManagerBeanFailureTest" name="test_GetClientForContest_Failure1" time="0.0" />
  <testcase classname="com.topcoder.service.studio.contest.failuretests.ContestManagerBeanFailureTest" name="test_GetClientForContest_Failure2" time="0.0" />
  <testcase classname="com.topcoder.service.studio.contest.failuretests.ContestManagerBeanFailureTest" name="test_GetClientForContest_Failure3" time="0.0" />
  <testcase classname="com.topcoder.service.studio.contest.failuretests.ContestManagerBeanFailureTest" name="test_GetClientForContest_Failure4" time="0.0" />
  <testcase classname="com.topcoder.service.studio.contest.failuretests.ContestManagerBeanFailureTest" name="test_GetClientForProject_Failure1" time="0.0" />
  <testcase classname="com.topcoder.service.studio.contest.failuretests.ContestManagerBeanFailureTest" name="test_GetClientForProject_Failure2" time="0.0" />
  <testcase classname="com.topcoder.service.studio.contest.failuretests.ContestManagerBeanFailureTest" name="test_GetClientForProject_Failure3" time="0.0" />
  <testcase classname="com.topcoder.service.studio.contest.failuretests.ContestManagerBeanFailureTest" name="test_AddContestStatus_Failure1" time="0.0" />
  <testcase classname="com.topcoder.service.studio.contest.failuretests.ContestManagerBeanFailureTest" name="test_AddContestStatus_Failure2" time="0.0" />
  <testcase classname="com.topcoder.service.studio.contest.failuretests.ContestManagerBeanFailureTest" name="test_AddContestStatus_Failure3" time="0.0" />
  <testcase classname="com.topcoder.service.studio.contest.failuretests.ContestManagerBeanFailureTest" name="test_AddContestStatus_Failure4" time="0.0" />
  <testcase classname="com.topcoder.service.studio.contest.failuretests.ContestManagerBeanFailureTest" name="test_UpdateContestStatus_Failure1" time="0.0" />
  <testcase classname="com.topcoder.service.studio.contest.failuretests.ContestManagerBeanFailureTest" name="test_UpdateContestStatus_Failure2" time="0.0" />
  <testcase classname="com.topcoder.service.studio.contest.failuretests.ContestManagerBeanFailureTest" name="test_UpdateContestStatus_Failure3" time="0.0" />
  <testcase classname="com.topcoder.service.studio.contest.failuretests.ContestManagerBeanFailureTest" name="test_UpdateContestStatus_Failure4" time="0.0" />
  <testcase classname="com.topcoder.service.studio.contest.failuretests.ContestManagerBeanFailureTest" name="test_RemoveContestStatus_Failure1" time="0.0" />
  <testcase classname="com.topcoder.service.studio.contest.failuretests.ContestManagerBeanFailureTest" name="test_RemoveContestStatus_Failure2" time="0.0" />
  <testcase classname="com.topcoder.service.studio.contest.failuretests.ContestManagerBeanFailureTest" name="test_RemoveContestStatus_Failure3" time="0.0" />
  <testcase classname="com.topcoder.service.studio.contest.failuretests.ContestManagerBeanFailureTest" name="test_GetContestStatus_Failure1" time="0.0" />
  <testcase classname="com.topcoder.service.studio.contest.failuretests.ContestManagerBeanFailureTest" name="test_GetContestStatus_Failure2" time="0.0" />
  <testcase classname="com.topcoder.service.studio.contest.failuretests.ContestManagerBeanFailureTest" name="test_AddDocument_Failure1" time="0.0" />
  <testcase classname="com.topcoder.service.studio.contest.failuretests.ContestManagerBeanFailureTest" name="test_AddDocument_Failure2" time="0.0" />
  <testcase classname="com.topcoder.service.studio.contest.failuretests.ContestManagerBeanFailureTest" name="test_AddDocument_Failure3" time="0.0" />
  <testcase classname="com.topcoder.service.studio.contest.failuretests.ContestManagerBeanFailureTest" name="test_AddDocument_Failure4" time="0.0" />
  <testcase classname="com.topcoder.service.studio.contest.failuretests.ContestManagerBeanFailureTest" name="test_UpdateDocument_Failure1" time="0.0" />
  <testcase classname="com.topcoder.service.studio.contest.failuretests.ContestManagerBeanFailureTest" name="test_UpdateDocument_Failure2" time="0.0" />
  <testcase classname="com.topcoder.service.studio.contest.failuretests.ContestManagerBeanFailureTest" name="test_UpdateDocument_Failure3" time="0.0" />
  <testcase classname="com.topcoder.service.studio.contest.failuretests.ContestManagerBeanFailureTest" name="test_UpdateDocument_Failure4" time="0.0" />
  <testcase classname="com.topcoder.service.studio.contest.failuretests.ContestManagerBeanFailureTest" name="test_GetDocument_Failure1" time="0.0" />
  <testcase classname="com.topcoder.service.studio.contest.failuretests.ContestManagerBeanFailureTest" name="test_GetDocument_Failure2" time="0.0" />
  <testcase classname="com.topcoder.service.studio.contest.failuretests.ContestManagerBeanFailureTest" name="test_RemoveDocument_Failure1" time="0.0" />
  <testcase classname="com.topcoder.service.studio.contest.failuretests.ContestManagerBeanFailureTest" name="test_RemoveDocument_Failure2" time="0.0" />
  <testcase classname="com.topcoder.service.studio.contest.failuretests.ContestManagerBeanFailureTest" name="test_RemoveDocument_Failure3" time="0.0" />
  <testcase classname="com.topcoder.service.studio.contest.failuretests.ContestManagerBeanFailureTest" name="test_AddDocumentToContest_Failure1" time="0.0" />
  <testcase classname="com.topcoder.service.studio.contest.failuretests.ContestManagerBeanFailureTest" name="test_AddDocumentToContest_Failure2" time="0.0" />
  <testcase classname="com.topcoder.service.studio.contest.failuretests.ContestManagerBeanFailureTest" name="test_AddDocumentToContest_Failure3" time="0.0" />
  <testcase classname="com.topcoder.service.studio.contest.failuretests.ContestManagerBeanFailureTest" name="test_AddDocumentToContest_Failure4" time="0.0" />
  <testcase classname="com.topcoder.service.studio.contest.failuretests.ContestManagerBeanFailureTest" name="test_AddDocumentToContest_Failure5" time="0.0" />
  <testcase classname="com.topcoder.service.studio.contest.failuretests.ContestManagerBeanFailureTest" name="test_RemoveDocumentFromContest_Failure1" time="0.0" />
  <testcase classname="com.topcoder.service.studio.contest.failuretests.ContestManagerBeanFailureTest" name="test_RemoveDocumentFromContest_Failure2" time="0.0" />
  <testcase classname="com.topcoder.service.studio.contest.failuretests.ContestManagerBeanFailureTest" name="test_removeDocumentFromContest_Failure3" time="0.0" />
  <testcase classname="com.topcoder.service.studio.contest.failuretests.ContestManagerBeanFailureTest" name="test_removeDocumentFromContest_Failure4" time="0.0" />
  <testcase classname="com.topcoder.service.studio.contest.failuretests.ContestManagerBeanFailureTest" name="test_removeDocumentFromContest_Failure5" time="0.0" />
  <testcase classname="com.topcoder.service.studio.contest.failuretests.ContestManagerBeanFailureTest" name="test_AddContestChannel_Failure1" time="0.0" />
  <testcase classname="com.topcoder.service.studio.contest.failuretests.ContestManagerBeanFailureTest" name="test_AddContestChannel_Failure3" time="0.0" />
  <testcase classname="com.topcoder.service.studio.contest.failuretests.ContestManagerBeanFailureTest" name="test_AddContestChannel_Failure4" time="0.0" />
  <testcase classname="com.topcoder.service.studio.contest.failuretests.ContestManagerBeanFailureTest" name="test_AddContestChannel_Failure5" time="0.0" />
  <testcase classname="com.topcoder.service.studio.contest.failuretests.ContestManagerBeanFailureTest" name="test_UpdateContestChannel_Failure1" time="0.0" />
  <testcase classname="com.topcoder.service.studio.contest.failuretests.ContestManagerBeanFailureTest" name="test_UpdateContestChannel_Failure2" time="0.0" />
  <testcase classname="com.topcoder.service.studio.contest.failuretests.ContestManagerBeanFailureTest" name="test_UpdateContestChannel_Failure3" time="0.0" />
  <testcase classname="com.topcoder.service.studio.contest.failuretests.ContestManagerBeanFailureTest" name="test_UpdateContestChannel_Failure4" time="0.0" />
  <testcase classname="com.topcoder.service.studio.contest.failuretests.ContestManagerBeanFailureTest" name="test_GetContestChannel_Failure1" time="0.0" />
  <testcase classname="com.topcoder.service.studio.contest.failuretests.ContestManagerBeanFailureTest" name="test_GetContestChannel_Failure2" time="0.0" />
  <testcase classname="com.topcoder.service.studio.contest.failuretests.ContestManagerBeanFailureTest" name="test_RemoveContestChannel_Failure1" time="0.0" />
  <testcase classname="com.topcoder.service.studio.contest.failuretests.ContestManagerBeanFailureTest" name="test_RemoveContestChannel_Failure2" time="0.0" />
  <testcase classname="com.topcoder.service.studio.contest.failuretests.ContestManagerBeanFailureTest" name="test_RemoveContestChannel_Failure3" time="0.0" />
  <testcase classname="com.topcoder.service.studio.contest.failuretests.ContestManagerBeanFailureTest" name="test_AddConfig_Failure1" time="0.0" />
  <testcase classname="com.topcoder.service.studio.contest.failuretests.ContestManagerBeanFailureTest" name="test_AddConfig_Failure2" time="0.0" />
  <testcase classname="com.topcoder.service.studio.contest.failuretests.ContestManagerBeanFailureTest" name="test_AddConfig_Failure3" time="0.0" />
  <testcase classname="com.topcoder.service.studio.contest.failuretests.ContestManagerBeanFailureTest" name="test_SaveDocumentContent_Failure1" time="1.0" />
  <testcase classname="com.topcoder.service.studio.contest.failuretests.ContestManagerBeanFailureTest" name="test_SaveDocumentContent_Failure2" time="0.0" />
  <testcase classname="com.topcoder.service.studio.contest.failuretests.ContestManagerBeanFailureTest" name="test_SaveDocumentContent_Failure3" time="0.0" />
  <testcase classname="com.topcoder.service.studio.contest.failuretests.ContestManagerBeanFailureTest" name="test_SaveDocumentContent_Failure4" time="0.016" />
  <testcase classname="com.topcoder.service.studio.contest.failuretests.ContestManagerBeanFailureTest" name="test_SaveDocumentContent_Failure5" time="0.0" />
  <testcase classname="com.topcoder.service.studio.contest.failuretests.ContestManagerBeanFailureTest" name="test_SaveDocumentContent_Failure6" time="0.0" />
  <testcase classname="com.topcoder.service.studio.contest.failuretests.ContestManagerBeanFailureTest" name="test_GetAllContestStatuses_Failure1" time="0.016" />
  <testcase classname="com.topcoder.service.studio.contest.failuretests.ContestManagerBeanFailureTest" name="test_GetAllContestStatuses_Failure2" time="0.0" />
  <testcase classname="com.topcoder.service.studio.contest.failuretests.ContestManagerBeanFailureTest" name="test_GetAllContestStatuses_Failure3" time="0.0" />
  <testcase classname="com.topcoder.service.studio.contest.failuretests.ContestManagerBeanFailureTest" name="test_GetAllContestChannels_Failure1" time="0.0" />
  <testcase classname="com.topcoder.service.studio.contest.failuretests.ContestManagerBeanFailureTest" name="test_GetAllContestChannels_Failure2" time="0.0" />
  <testcase classname="com.topcoder.service.studio.contest.failuretests.ContestManagerBeanFailureTest" name="test_GetAllStudioFileTypes_Failure1" time="0.0" />
  <testcase classname="com.topcoder.service.studio.contest.failuretests.ContestManagerBeanFailureTest" name="test_GetAllStudioFileTypes_Failure2" time="0.0" />
  <testcase classname="com.topcoder.service.studio.contest.failuretests.ContestManagerBeanFailureTest" name="test_AddPrizeToContest_Failure1" time="0.0" />
  <testcase classname="com.topcoder.service.studio.contest.failuretests.ContestManagerBeanFailureTest" name="test_AddPrizeToContest_Failure2" time="0.0" />
  <testcase classname="com.topcoder.service.studio.contest.failuretests.ContestManagerBeanFailureTest" name="test_AddPrizeToContest_Failure3" time="0.016" />
  <testcase classname="com.topcoder.service.studio.contest.failuretests.ContestManagerBeanFailureTest" name="test_AddPrizeToContest_Failure4" time="0.0" />
  <testcase classname="com.topcoder.service.studio.contest.failuretests.ContestManagerBeanFailureTest" name="test_AddPrizeToContest_Failure5" time="0.0" />
  <testcase classname="com.topcoder.service.studio.contest.failuretests.ContestManagerBeanFailureTest" name="test_RemovePrizeFromContest_Failure1" time="0.015" />
  <testcase classname="com.topcoder.service.studio.contest.failuretests.ContestManagerBeanFailureTest" name="test_RemovePrizeFromContest_Failure2" time="0.0" />
  <testcase classname="com.topcoder.service.studio.contest.failuretests.ContestManagerBeanFailureTest" name="test_RemovePrizeFromContest_Failure3" time="0.0" />
  <testcase classname="com.topcoder.service.studio.contest.failuretests.ContestManagerBeanFailureTest" name="test_RemovePrizeFromContest_Failure4" time="0.0" />
  <testcase classname="com.topcoder.service.studio.contest.failuretests.ContestManagerBeanFailureTest" name="test_RemovePrizeFromContest_Failure5" time="0.0" />
  <testcase classname="com.topcoder.service.studio.contest.failuretests.ContestManagerBeanFailureTest" name="test_GetContestPrizes_Failure" time="0.0" />
  <testcase classname="com.topcoder.service.studio.contest.failuretests.ContestManagerBeanFailureTest" name="test_GetDocumentContent_Failure1" time="0.0" />
  <testcase classname="com.topcoder.service.studio.contest.failuretests.ContestManagerBeanFailureTest" name="test_ExistDocumentContent_Failure" time="0.0" />
  <testcase classname="com.topcoder.service.studio.contest.failuretests.SocketDocumentContentManagerFailureTest" name="test_CtorMap_Failure1" time="0.0" />
  <testcase classname="com.topcoder.service.studio.contest.failuretests.SocketDocumentContentManagerFailureTest" name="test_CtorMap_Failure2" time="0.0" />
  <testcase classname="com.topcoder.service.studio.contest.failuretests.SocketDocumentContentManagerFailureTest" name="test_CtorMap_Failure3" time="0.016" />
  <testcase classname="com.topcoder.service.studio.contest.failuretests.SocketDocumentContentManagerFailureTest" name="test_CtorMap_Failure4" time="0.0" />
  <testcase classname="com.topcoder.service.studio.contest.failuretests.SocketDocumentContentManagerFailureTest" name="test_CtorMap_Failure5" time="0.0" />
  <testcase classname="com.topcoder.service.studio.contest.failuretests.SocketDocumentContentManagerFailureTest" name="test_CtorMap_Failure6" time="0.0" />
  <testcase classname="com.topcoder.service.studio.contest.failuretests.SocketDocumentContentManagerFailureTest" name="test_CtorMap_Failure7" time="0.0" />
  <testcase classname="com.topcoder.service.studio.contest.failuretests.SocketDocumentContentManagerFailureTest" name="test_CtorMap_Failure8" time="0.0" />
  <testcase classname="com.topcoder.service.studio.contest.failuretests.SocketDocumentContentManagerFailureTest" name="test_CtorMap_Failure9" time="0.0" />
  <testcase classname="com.topcoder.service.studio.contest.failuretests.SocketDocumentContentManagerFailureTest" name="test_CtorMap_Failure10" time="0.0" />
  <testcase classname="com.topcoder.service.studio.contest.failuretests.SocketDocumentContentManagerFailureTest" name="test_CtorStringInt_Failure1" time="0.0" />
  <testcase classname="com.topcoder.service.studio.contest.failuretests.SocketDocumentContentManagerFailureTest" name="test_CtorStringInt_Failure2" time="0.0" />
  <testcase classname="com.topcoder.service.studio.contest.failuretests.SocketDocumentContentManagerFailureTest" name="test_CtorStringInt_Failure3" time="0.0" />
  <testcase classname="com.topcoder.service.studio.contest.failuretests.SocketDocumentContentManagerFailureTest" name="test_CtorStringInt_Failure4" time="0.0" />
  <testcase classname="com.topcoder.service.studio.contest.failuretests.SocketDocumentContentManagerFailureTest" name="test_SaveDocumentContest_Failure1" time="0.0" />
  <testcase classname="com.topcoder.service.studio.contest.failuretests.SocketDocumentContentManagerFailureTest" name="test_SaveDocumentContest_Failure2" time="0.0" />
  <testcase classname="com.topcoder.service.studio.contest.failuretests.SocketDocumentContentManagerFailureTest" name="test_SaveDocumentContest_Failure3" time="0.0" />
  <testcase classname="com.topcoder.service.studio.contest.failuretests.SocketDocumentContentManagerFailureTest" name="test_GetDocumentContest_Failure_null" time="0.0" />
  <testcase classname="com.topcoder.service.studio.contest.failuretests.SocketDocumentContentManagerFailureTest" name="test_GetDocumentContest_Failure_empty" time="0.0" />
  <testcase classname="com.topcoder.service.studio.contest.failuretests.SocketDocumentContentManagerFailureTest" name="test_ExistDocumentContest_null" time="0.0" />
  <testcase classname="com.topcoder.service.studio.contest.failuretests.SocketDocumentContentManagerFailureTest" name="test_ExistDocumentContest_empty" time="0.0" />
  <testcase classname="com.topcoder.service.studio.contest.failuretests.SocketDocumentContentServerFailureTest" name="test_Ctor1_Failure" time="0.0" />
  <testcase classname="com.topcoder.service.studio.contest.failuretests.SocketDocumentContentServerFailureTest" name="test_Ctor2_Failure1" time="0.0" />
  <testcase classname="com.topcoder.service.studio.contest.failuretests.SocketDocumentContentServerFailureTest" name="test_Ctor2_Failure2" time="0.0" />
  <testcase classname="com.topcoder.service.studio.contest.failuretests.SocketDocumentContentServerFailureTest" name="test_Ctor3_Failure1" time="0.0" />
  <testcase classname="com.topcoder.service.studio.contest.failuretests.SocketDocumentContentServerFailureTest" name="test_Ctor3_Failure2" time="0.0" />
  <testcase classname="com.topcoder.service.studio.contest.failuretests.SocketDocumentContentServerFailureTest" name="test_Ctor4_Failure1" time="0.0" />
  <testcase classname="com.topcoder.service.studio.contest.failuretests.SocketDocumentContentServerFailureTest" name="test_Ctor4_Failure2" time="0.0" />
  <testcase classname="com.topcoder.service.studio.contest.failuretests.SocketDocumentContentServerFailureTest" name="test_Ctor4_Failure3" time="0.0" />
  <testcase classname="com.topcoder.service.studio.contest.failuretests.SocketDocumentContentServerFailureTest" name="test_Ctor5_Failure" time="0.0" />
  <testcase classname="com.topcoder.service.studio.contest.failuretests.SocketDocumentContentServerFailureTest" name="test_Ctor6_Failure1" time="0.0" />
  <testcase classname="com.topcoder.service.studio.contest.failuretests.SocketDocumentContentServerFailureTest" name="test_Ctor6_Failure2" time="0.016" />
  <testcase classname="com.topcoder.service.studio.contest.failuretests.SocketDocumentContentServerFailureTest" name="test_Start_Failure1" time="1.016" />
  <system-out><![CDATA[ERROR  getInitialContext, Could not obtain initial context
javax.naming.NoInitialContextException: Cannot instantiate class: org.jnp.interfaces.NamingContextFactory [Root exception is java.lang.ClassNotFoundException: org.jnp.interfaces.NamingContextFactory]
	at javax.naming.spi.NamingManager.getInitialContext(NamingManager.java:657)
	at javax.naming.InitialContext.getDefaultInitCtx(InitialContext.java:247)
	at javax.naming.InitialContext.init(InitialContext.java:223)
	at javax.naming.InitialContext.<init>(InitialContext.java:175)
	at org.hibernate.util.NamingHelper.getInitialContext(NamingHelper.java:28)
	at org.hibernate.impl.SessionFactoryObjectFactory.addInstance(SessionFactoryObjectFactory.java:89)
	at org.hibernate.impl.SessionFactoryImpl.<init>(SessionFactoryImpl.java:306)
	at org.hibernate.cfg.Configuration.buildSessionFactory(Configuration.java:1294)
	at org.hibernate.cfg.AnnotationConfiguration.buildSessionFactory(AnnotationConfiguration.java:915)
	at org.hibernate.ejb.Ejb3Configuration.buildEntityManagerFactory(Ejb3Configuration.java:730)
	at org.hibernate.ejb.HibernatePersistence.createEntityManagerFactory(HibernatePersistence.java:121)
	at javax.persistence.Persistence.createEntityManagerFactory(Persistence.java:51)
	at javax.persistence.Persistence.createEntityManagerFactory(Persistence.java:33)
	at com.topcoder.service.studio.contest.bean.MockEntityManager.<clinit>(MockEntityManager.java:34)
	at com.topcoder.service.studio.contest.bean.ContestManagerBeanUnitTest.initContext(ContestManagerBeanUnitTest.java:111)
	at com.topcoder.service.studio.contest.bean.ContestManagerBeanUnitTest.testCreateContest(ContestManagerBeanUnitTest.java:580)
	at sun.reflect.NativeMethodAccessorImpl.invoke0(Native Method)
	at sun.reflect.NativeMethodAccessorImpl.invoke(NativeMethodAccessorImpl.java:39)
	at sun.reflect.DelegatingMethodAccessorImpl.invoke(DelegatingMethodAccessorImpl.java:25)
	at java.lang.reflect.Method.invoke(Method.java:585)
	at junit.framework.TestCase.runTest(TestCase.java:168)
	at junit.framework.TestCase.runBare(TestCase.java:134)
	at junit.framework.TestResult$1.protect(TestResult.java:110)
	at junit.framework.TestResult.runProtected(TestResult.java:128)
	at junit.framework.TestResult.run(TestResult.java:113)
	at junit.framework.TestCase.run(TestCase.java:124)
	at junit.framework.TestSuite.runTest(TestSuite.java:232)
	at junit.framework.TestSuite.run(TestSuite.java:227)
	at junit.framework.TestSuite.runTest(TestSuite.java:232)
	at junit.framework.TestSuite.run(TestSuite.java:227)
	at junit.framework.TestSuite.runTest(TestSuite.java:232)
	at junit.framework.TestSuite.run(TestSuite.java:227)
	at org.apache.tools.ant.taskdefs.optional.junit.JUnitTestRunner.run(JUnitTestRunner.java:421)
	at org.apache.tools.ant.taskdefs.optional.junit.JUnitTestRunner.launch(JUnitTestRunner.java:912)
	at org.apache.tools.ant.taskdefs.optional.junit.JUnitTestRunner.main(JUnitTestRunner.java:766)
Caused by: java.lang.ClassNotFoundException: org.jnp.interfaces.NamingContextFactory
	at java.net.URLClassLoader$1.run(URLClassLoader.java:200)
	at java.security.AccessController.doPrivileged(Native Method)
	at java.net.URLClassLoader.findClass(URLClassLoader.java:188)
	at java.lang.ClassLoader.loadClass(ClassLoader.java:306)
	at sun.misc.Launcher$AppClassLoader.loadClass(Launcher.java:268)
	at java.lang.ClassLoader.loadClass(ClassLoader.java:251)
	at java.lang.ClassLoader.loadClassInternal(ClassLoader.java:319)
	at java.lang.Class.forName0(Native Method)
	at java.lang.Class.forName(Class.java:242)
	at com.sun.naming.internal.VersionHelper12.loadClass(VersionHelper12.java:42)
	at javax.naming.spi.NamingManager.getInitialContext(NamingManager.java:654)
	... 34 more
WARN   addInstance, Could not bind factory to JNDI
javax.naming.NoInitialContextException: Cannot instantiate class: org.jnp.interfaces.NamingContextFactory [Root exception is java.lang.ClassNotFoundException: org.jnp.interfaces.NamingContextFactory]
	at javax.naming.spi.NamingManager.getInitialContext(NamingManager.java:657)
	at javax.naming.InitialContext.getDefaultInitCtx(InitialContext.java:247)
	at javax.naming.InitialContext.init(InitialContext.java:223)
	at javax.naming.InitialContext.<init>(InitialContext.java:175)
	at org.hibernate.util.NamingHelper.getInitialContext(NamingHelper.java:28)
	at org.hibernate.impl.SessionFactoryObjectFactory.addInstance(SessionFactoryObjectFactory.java:89)
	at org.hibernate.impl.SessionFactoryImpl.<init>(SessionFactoryImpl.java:306)
	at org.hibernate.cfg.Configuration.buildSessionFactory(Configuration.java:1294)
	at org.hibernate.cfg.AnnotationConfiguration.buildSessionFactory(AnnotationConfiguration.java:915)
	at org.hibernate.ejb.Ejb3Configuration.buildEntityManagerFactory(Ejb3Configuration.java:730)
	at org.hibernate.ejb.HibernatePersistence.createEntityManagerFactory(HibernatePersistence.java:121)
	at javax.persistence.Persistence.createEntityManagerFactory(Persistence.java:51)
	at javax.persistence.Persistence.createEntityManagerFactory(Persistence.java:33)
	at com.topcoder.service.studio.contest.bean.MockEntityManager.<clinit>(MockEntityManager.java:34)
	at com.topcoder.service.studio.contest.bean.ContestManagerBeanUnitTest.initContext(ContestManagerBeanUnitTest.java:111)
	at com.topcoder.service.studio.contest.bean.ContestManagerBeanUnitTest.testCreateContest(ContestManagerBeanUnitTest.java:580)
	at sun.reflect.NativeMethodAccessorImpl.invoke0(Native Method)
	at sun.reflect.NativeMethodAccessorImpl.invoke(NativeMethodAccessorImpl.java:39)
	at sun.reflect.DelegatingMethodAccessorImpl.invoke(DelegatingMethodAccessorImpl.java:25)
	at java.lang.reflect.Method.invoke(Method.java:585)
	at junit.framework.TestCase.runTest(TestCase.java:168)
	at junit.framework.TestCase.runBare(TestCase.java:134)
	at junit.framework.TestResult$1.protect(TestResult.java:110)
	at junit.framework.TestResult.runProtected(TestResult.java:128)
	at junit.framework.TestResult.run(TestResult.java:113)
	at junit.framework.TestCase.run(TestCase.java:124)
	at junit.framework.TestSuite.runTest(TestSuite.java:232)
	at junit.framework.TestSuite.run(TestSuite.java:227)
	at junit.framework.TestSuite.runTest(TestSuite.java:232)
	at junit.framework.TestSuite.run(TestSuite.java:227)
	at junit.framework.TestSuite.runTest(TestSuite.java:232)
	at junit.framework.TestSuite.run(TestSuite.java:227)
	at org.apache.tools.ant.taskdefs.optional.junit.JUnitTestRunner.run(JUnitTestRunner.java:421)
	at org.apache.tools.ant.taskdefs.optional.junit.JUnitTestRunner.launch(JUnitTestRunner.java:912)
	at org.apache.tools.ant.taskdefs.optional.junit.JUnitTestRunner.main(JUnitTestRunner.java:766)
Caused by: java.lang.ClassNotFoundException: org.jnp.interfaces.NamingContextFactory
	at java.net.URLClassLoader$1.run(URLClassLoader.java:200)
	at java.security.AccessController.doPrivileged(Native Method)
	at java.net.URLClassLoader.findClass(URLClassLoader.java:188)
	at java.lang.ClassLoader.loadClass(ClassLoader.java:306)
	at sun.misc.Launcher$AppClassLoader.loadClass(Launcher.java:268)
	at java.lang.ClassLoader.loadClass(ClassLoader.java:251)
	at java.lang.ClassLoader.loadClassInternal(ClassLoader.java:319)
	at java.lang.Class.forName0(Native Method)
	at java.lang.Class.forName(Class.java:242)
	at com.sun.naming.internal.VersionHelper12.loadClass(VersionHelper12.java:42)
	at javax.naming.spi.NamingManager.getInitialContext(NamingManager.java:654)
	... 34 more
[Enter method: createContest()]
[param1: null]
Hibernate: select max(contest_id) from contest
[Exit method: createContest()]
[Enter method: getContest()]
[param1: 1]
[Exit method: getContest()]
[Enter method: createContest()]
[param1: null]
[Exit method: createContest()]
[Enter method: createContest()]
[param1: 2]
[Enter method: getContest()]
[param1: 2]
[Exit method: getContest()]
The contest already exist.
com.topcoder.service.studio.contest.EntityAlreadyExistsException: The contest already exist.
	at com.topcoder.service.studio.contest.bean.ContestManagerBean.createContest(ContestManagerBean.java:360)
	at com.topcoder.service.studio.contest.bean.ContestManagerBeanUnitTest.testCreateContest_Failure2(ContestManagerBeanUnitTest.java:631)
	at sun.reflect.NativeMethodAccessorImpl.invoke0(Native Method)
	at sun.reflect.NativeMethodAccessorImpl.invoke(NativeMethodAccessorImpl.java:39)
	at sun.reflect.DelegatingMethodAccessorImpl.invoke(DelegatingMethodAccessorImpl.java:25)
	at java.lang.reflect.Method.invoke(Method.java:585)
	at junit.framework.TestCase.runTest(TestCase.java:168)
	at junit.framework.TestCase.runBare(TestCase.java:134)
	at junit.framework.TestResult$1.protect(TestResult.java:110)
	at junit.framework.TestResult.runProtected(TestResult.java:128)
	at junit.framework.TestResult.run(TestResult.java:113)
	at junit.framework.TestCase.run(TestCase.java:124)
	at junit.framework.TestSuite.runTest(TestSuite.java:232)
	at junit.framework.TestSuite.run(TestSuite.java:227)
	at junit.framework.TestSuite.runTest(TestSuite.java:232)
	at junit.framework.TestSuite.run(TestSuite.java:227)
	at junit.framework.TestSuite.runTest(TestSuite.java:232)
	at junit.framework.TestSuite.run(TestSuite.java:227)
	at org.apache.tools.ant.taskdefs.optional.junit.JUnitTestRunner.run(JUnitTestRunner.java:421)
	at org.apache.tools.ant.taskdefs.optional.junit.JUnitTestRunner.launch(JUnitTestRunner.java:912)
	at org.apache.tools.ant.taskdefs.optional.junit.JUnitTestRunner.main(JUnitTestRunner.java:766)
[Exit method: createContest()]
[Enter method: createContest()]
[param1: null]
The EntityManager is closed.
com.topcoder.service.studio.contest.ContestManagementException: The EntityManager is closed.
	at com.topcoder.service.studio.contest.bean.ContestManagerBean.wrapContestManagementException(ContestManagerBean.java:2223)
	at com.topcoder.service.studio.contest.bean.ContestManagerBean.createContest(ContestManagerBean.java:373)
	at com.topcoder.service.studio.contest.bean.ContestManagerBeanUnitTest.testCreateContest_Failure3(ContestManagerBeanUnitTest.java:658)
	at sun.reflect.NativeMethodAccessorImpl.invoke0(Native Method)
	at sun.reflect.NativeMethodAccessorImpl.invoke(NativeMethodAccessorImpl.java:39)
	at sun.reflect.DelegatingMethodAccessorImpl.invoke(DelegatingMethodAccessorImpl.java:25)
	at java.lang.reflect.Method.invoke(Method.java:585)
	at junit.framework.TestCase.runTest(TestCase.java:168)
	at junit.framework.TestCase.runBare(TestCase.java:134)
	at junit.framework.TestResult$1.protect(TestResult.java:110)
	at junit.framework.TestResult.runProtected(TestResult.java:128)
	at junit.framework.TestResult.run(TestResult.java:113)
	at junit.framework.TestCase.run(TestCase.java:124)
	at junit.framework.TestSuite.runTest(TestSuite.java:232)
	at junit.framework.TestSuite.run(TestSuite.java:227)
	at junit.framework.TestSuite.runTest(TestSuite.java:232)
	at junit.framework.TestSuite.run(TestSuite.java:227)
	at junit.framework.TestSuite.runTest(TestSuite.java:232)
	at junit.framework.TestSuite.run(TestSuite.java:227)
	at org.apache.tools.ant.taskdefs.optional.junit.JUnitTestRunner.run(JUnitTestRunner.java:421)
	at org.apache.tools.ant.taskdefs.optional.junit.JUnitTestRunner.launch(JUnitTestRunner.java:912)
	at org.apache.tools.ant.taskdefs.optional.junit.JUnitTestRunner.main(JUnitTestRunner.java:766)
Caused by: java.lang.IllegalStateException: EntityManager is closed
	at org.hibernate.ejb.EntityManagerImpl.getSession(EntityManagerImpl.java:42)
	at org.hibernate.ejb.AbstractEntityManagerImpl.persist(AbstractEntityManagerImpl.java:213)
	at com.topcoder.service.studio.contest.bean.MockEntityManager.persist(MockEntityManager.java:77)
	at com.topcoder.service.studio.contest.bean.ContestManagerBean.createContest(ContestManagerBean.java:369)
	... 20 more
[Exit method: createContest()]
[Enter method: createContest()]
[param1: null]
There are errors while persisting the entity.
com.topcoder.service.studio.contest.ContestManagementException: There are errors while persisting the entity.
	at com.topcoder.service.studio.contest.bean.ContestManagerBean.wrapContestManagementException(ContestManagerBean.java:2223)
	at com.topcoder.service.studio.contest.bean.ContestManagerBean.createContest(ContestManagerBean.java:379)
	at com.topcoder.service.studio.contest.bean.ContestManagerBeanUnitTest.testCreateContest_Failure4(ContestManagerBeanUnitTest.java:685)
	at sun.reflect.NativeMethodAccessorImpl.invoke0(Native Method)
	at sun.reflect.NativeMethodAccessorImpl.invoke(NativeMethodAccessorImpl.java:39)
	at sun.reflect.DelegatingMethodAccessorImpl.invoke(DelegatingMethodAccessorImpl.java:25)
	at java.lang.reflect.Method.invoke(Method.java:585)
	at junit.framework.TestCase.runTest(TestCase.java:168)
	at junit.framework.TestCase.runBare(TestCase.java:134)
	at junit.framework.TestResult$1.protect(TestResult.java:110)
	at junit.framework.TestResult.runProtected(TestResult.java:128)
	at junit.framework.TestResult.run(TestResult.java:113)
	at junit.framework.TestCase.run(TestCase.java:124)
	at junit.framework.TestSuite.runTest(TestSuite.java:232)
	at junit.framework.TestSuite.run(TestSuite.java:227)
	at junit.framework.TestSuite.runTest(TestSuite.java:232)
	at junit.framework.TestSuite.run(TestSuite.java:227)
	at junit.framework.TestSuite.runTest(TestSuite.java:232)
	at junit.framework.TestSuite.run(TestSuite.java:227)
	at org.apache.tools.ant.taskdefs.optional.junit.JUnitTestRunner.run(JUnitTestRunner.java:421)
	at org.apache.tools.ant.taskdefs.optional.junit.JUnitTestRunner.launch(JUnitTestRunner.java:912)
	at org.apache.tools.ant.taskdefs.optional.junit.JUnitTestRunner.main(JUnitTestRunner.java:766)
Caused by: javax.persistence.PersistenceException
	at com.topcoder.service.studio.contest.bean.MockEntityManager.persist(MockEntityManager.java:70)
	at com.topcoder.service.studio.contest.bean.ContestManagerBean.createContest(ContestManagerBean.java:369)
	... 20 more
[Exit method: createContest()]
[Enter method: createContest()]
[param1: null]
This method is required to run in transaction.
com.topcoder.service.studio.contest.ContestManagementException: This method is required to run in transaction.
	at com.topcoder.service.studio.contest.bean.ContestManagerBean.wrapContestManagementException(ContestManagerBean.java:2223)
	at com.topcoder.service.studio.contest.bean.ContestManagerBean.createContest(ContestManagerBean.java:376)
	at com.topcoder.service.studio.contest.bean.ContestManagerBeanUnitTest.testCreateContest_Failure5(ContestManagerBeanUnitTest.java:712)
	at sun.reflect.NativeMethodAccessorImpl.invoke0(Native Method)
	at sun.reflect.NativeMethodAccessorImpl.invoke(NativeMethodAccessorImpl.java:39)
	at sun.reflect.DelegatingMethodAccessorImpl.invoke(DelegatingMethodAccessorImpl.java:25)
	at java.lang.reflect.Method.invoke(Method.java:585)
	at junit.framework.TestCase.runTest(TestCase.java:168)
	at junit.framework.TestCase.runBare(TestCase.java:134)
	at junit.framework.TestResult$1.protect(TestResult.java:110)
	at junit.framework.TestResult.runProtected(TestResult.java:128)
	at junit.framework.TestResult.run(TestResult.java:113)
	at junit.framework.TestCase.run(TestCase.java:124)
	at junit.framework.TestSuite.runTest(TestSuite.java:232)
	at junit.framework.TestSuite.run(TestSuite.java:227)
	at junit.framework.TestSuite.runTest(TestSuite.java:232)
	at junit.framework.TestSuite.run(TestSuite.java:227)
	at junit.framework.TestSuite.runTest(TestSuite.java:232)
	at junit.framework.TestSuite.run(TestSuite.java:227)
	at org.apache.tools.ant.taskdefs.optional.junit.JUnitTestRunner.run(JUnitTestRunner.java:421)
	at org.apache.tools.ant.taskdefs.optional.junit.JUnitTestRunner.launch(JUnitTestRunner.java:912)
	at org.apache.tools.ant.taskdefs.optional.junit.JUnitTestRunner.main(JUnitTestRunner.java:766)
Caused by: javax.persistence.TransactionRequiredException
	at com.topcoder.service.studio.contest.bean.MockEntityManager.persist(MockEntityManager.java:74)
	at com.topcoder.service.studio.contest.bean.ContestManagerBean.createContest(ContestManagerBean.java:369)
	... 20 more
[Exit method: createContest()]
[Enter method: getContest()]
[param1: 1,000]
Hibernate: /* load com.topcoder.service.studio.contest.Contest */ select contest0_.contest_id as contest1_18_0_, contest0_.contest_channel_id as contest2_18_0_, contest0_.name as name18_0_, contest0_.contest_type_id as contest4_18_0_, contest0_.project_id as project5_18_0_, contest0_.tc_direct_project_id as tc6_18_0_, contest0_.contest_status_id as contest7_18_0_, contest0_.forum_id as forum8_18_0_, contest0_.event_id as event9_18_0_, contest0_.start_time as start10_18_0_, contest0_.end_date as end11_18_0_, contest0_.winner_annoucement_deadline as winner12_18_0_, contest0_.creator_user_id as creator13_18_0_ from contest contest0_ where contest0_.contest_id=?
[Exit method: getContest()]
[Enter method: createContest()]
[param1: null]
[Exit method: createContest()]
[Enter method: getContest()]
[param1: 3]
[Exit method: getContest()]
[Enter method: getContest()]
[param1: 1,000]
The EntityManager is closed.
com.topcoder.service.studio.contest.ContestManagementException: The EntityManager is closed.
	at com.topcoder.service.studio.contest.bean.ContestManagerBean.wrapContestManagementException(ContestManagerBean.java:2223)
	at com.topcoder.service.studio.contest.bean.ContestManagerBean.getContest(ContestManagerBean.java:407)
	at com.topcoder.service.studio.contest.bean.ContestManagerBeanUnitTest.testGetContest_Failure1(ContestManagerBeanUnitTest.java:781)
	at sun.reflect.NativeMethodAccessorImpl.invoke0(Native Method)
	at sun.reflect.NativeMethodAccessorImpl.invoke(NativeMethodAccessorImpl.java:39)
	at sun.reflect.DelegatingMethodAccessorImpl.invoke(DelegatingMethodAccessorImpl.java:25)
	at java.lang.reflect.Method.invoke(Method.java:585)
	at junit.framework.TestCase.runTest(TestCase.java:168)
	at junit.framework.TestCase.runBare(TestCase.java:134)
	at junit.framework.TestResult$1.protect(TestResult.java:110)
	at junit.framework.TestResult.runProtected(TestResult.java:128)
	at junit.framework.TestResult.run(TestResult.java:113)
	at junit.framework.TestCase.run(TestCase.java:124)
	at junit.framework.TestSuite.runTest(TestSuite.java:232)
	at junit.framework.TestSuite.run(TestSuite.java:227)
	at junit.framework.TestSuite.runTest(TestSuite.java:232)
	at junit.framework.TestSuite.run(TestSuite.java:227)
	at junit.framework.TestSuite.runTest(TestSuite.java:232)
	at junit.framework.TestSuite.run(TestSuite.java:227)
	at org.apache.tools.ant.taskdefs.optional.junit.JUnitTestRunner.run(JUnitTestRunner.java:421)
	at org.apache.tools.ant.taskdefs.optional.junit.JUnitTestRunner.launch(JUnitTestRunner.java:912)
	at org.apache.tools.ant.taskdefs.optional.junit.JUnitTestRunner.main(JUnitTestRunner.java:766)
Caused by: java.lang.IllegalStateException: EntityManager is closed
	at org.hibernate.ejb.EntityManagerImpl.getSession(EntityManagerImpl.java:42)
	at org.hibernate.ejb.AbstractEntityManagerImpl.find(AbstractEntityManagerImpl.java:175)
	at com.topcoder.service.studio.contest.bean.MockEntityManager.find(MockEntityManager.java:136)
	at com.topcoder.service.studio.contest.bean.ContestManagerBean.getContest(ContestManagerBean.java:405)
	... 20 more
[Exit method: getContest()]
[Enter method: getContest()]
[param1: 1,000]
There are errors while persisting the entity.
com.topcoder.service.studio.contest.ContestManagementException: There are errors while persisting the entity.
	at com.topcoder.service.studio.contest.bean.ContestManagerBean.wrapContestManagementException(ContestManagerBean.java:2223)
	at com.topcoder.service.studio.contest.bean.ContestManagerBean.getContest(ContestManagerBean.java:410)
	at com.topcoder.service.studio.contest.bean.ContestManagerBeanUnitTest.testGetContest_Failure2(ContestManagerBeanUnitTest.java:806)
	at sun.reflect.NativeMethodAccessorImpl.invoke0(Native Method)
	at sun.reflect.NativeMethodAccessorImpl.invoke(NativeMethodAccessorImpl.java:39)
	at sun.reflect.DelegatingMethodAccessorImpl.invoke(DelegatingMethodAccessorImpl.java:25)
	at java.lang.reflect.Method.invoke(Method.java:585)
	at junit.framework.TestCase.runTest(TestCase.java:168)
	at junit.framework.TestCase.runBare(TestCase.java:134)
	at junit.framework.TestResult$1.protect(TestResult.java:110)
	at junit.framework.TestResult.runProtected(TestResult.java:128)
	at junit.framework.TestResult.run(TestResult.java:113)
	at junit.framework.TestCase.run(TestCase.java:124)
	at junit.framework.TestSuite.runTest(TestSuite.java:232)
	at junit.framework.TestSuite.run(TestSuite.java:227)
	at junit.framework.TestSuite.runTest(TestSuite.java:232)
	at junit.framework.TestSuite.run(TestSuite.java:227)
	at junit.framework.TestSuite.runTest(TestSuite.java:232)
	at junit.framework.TestSuite.run(TestSuite.java:227)
	at org.apache.tools.ant.taskdefs.optional.junit.JUnitTestRunner.run(JUnitTestRunner.java:421)
	at org.apache.tools.ant.taskdefs.optional.junit.JUnitTestRunner.launch(JUnitTestRunner.java:912)
	at org.apache.tools.ant.taskdefs.optional.junit.JUnitTestRunner.main(JUnitTestRunner.java:766)
Caused by: javax.persistence.PersistenceException
	at com.topcoder.service.studio.contest.bean.MockEntityManager.find(MockEntityManager.java:129)
	at com.topcoder.service.studio.contest.bean.ContestManagerBean.getContest(ContestManagerBean.java:405)
	... 20 more
[Exit method: getContest()]
[Enter method: getContestForProject()]
[param1: 1]
Hibernate: /* select c from Contest c where c.tcDirectProjectId = :tcDirectProjectId */ select contest0_.contest_id as contest1_18_, contest0_.contest_channel_id as contest2_18_, contest0_.name as name18_, contest0_.contest_type_id as contest4_18_, contest0_.project_id as project5_18_, contest0_.tc_direct_project_id as tc6_18_, contest0_.contest_status_id as contest7_18_, contest0_.forum_id as forum8_18_, contest0_.event_id as event9_18_, contest0_.start_time as start10_18_, contest0_.end_date as end11_18_, contest0_.winner_annoucement_deadline as winner12_18_, contest0_.creator_user_id as creator13_18_ from contest contest0_ where contest0_.tc_direct_project_id=?
[Exit method: getContestsForProject()]
[Enter method: getContestForProject()]
[param1: 1]
The EntityManager is closed.
com.topcoder.service.studio.contest.ContestManagementException: The EntityManager is closed.
	at com.topcoder.service.studio.contest.bean.ContestManagerBean.wrapContestManagementException(ContestManagerBean.java:2223)
	at com.topcoder.service.studio.contest.bean.ContestManagerBean.getContestsForProject(ContestManagerBean.java:452)
	at com.topcoder.service.studio.contest.bean.ContestManagerBeanUnitTest.testGetContestsForProject_Failure1(ContestManagerBeanUnitTest.java:850)
	at sun.reflect.NativeMethodAccessorImpl.invoke0(Native Method)
	at sun.reflect.NativeMethodAccessorImpl.invoke(NativeMethodAccessorImpl.java:39)
	at sun.reflect.DelegatingMethodAccessorImpl.invoke(DelegatingMethodAccessorImpl.java:25)
	at java.lang.reflect.Method.invoke(Method.java:585)
	at junit.framework.TestCase.runTest(TestCase.java:168)
	at junit.framework.TestCase.runBare(TestCase.java:134)
	at junit.framework.TestResult$1.protect(TestResult.java:110)
	at junit.framework.TestResult.runProtected(TestResult.java:128)
	at junit.framework.TestResult.run(TestResult.java:113)
	at junit.framework.TestCase.run(TestCase.java:124)
	at junit.framework.TestSuite.runTest(TestSuite.java:232)
	at junit.framework.TestSuite.run(TestSuite.java:227)
	at junit.framework.TestSuite.runTest(TestSuite.java:232)
	at junit.framework.TestSuite.run(TestSuite.java:227)
	at junit.framework.TestSuite.runTest(TestSuite.java:232)
	at junit.framework.TestSuite.run(TestSuite.java:227)
	at org.apache.tools.ant.taskdefs.optional.junit.JUnitTestRunner.run(JUnitTestRunner.java:421)
	at org.apache.tools.ant.taskdefs.optional.junit.JUnitTestRunner.launch(JUnitTestRunner.java:912)
	at org.apache.tools.ant.taskdefs.optional.junit.JUnitTestRunner.main(JUnitTestRunner.java:766)
Caused by: java.lang.IllegalStateException: EntityManager is closed
	at org.hibernate.ejb.EntityManagerImpl.getSession(EntityManagerImpl.java:42)
	at org.hibernate.ejb.AbstractEntityManagerImpl.createQuery(AbstractEntityManagerImpl.java:93)
	at com.topcoder.service.studio.contest.bean.MockEntityManager.createQuery(MockEntityManager.java:236)
	at com.topcoder.service.studio.contest.bean.ContestManagerBean.getContestsForProject(ContestManagerBean.java:438)
	... 20 more
[Exit method: getContestsForProject()]
Hibernate: select max(project_id) from tc_direct_project
[Enter method: createContest()]
[param1: null]
[Exit method: createContest()]
[Enter method: getClientForContest()]
[param1: 4]
[Exit method: getClientForContest()]
[Enter method: getClientForContest()]
[param1: 1]
The EntityManager is closed.
com.topcoder.service.studio.contest.ContestManagementException: The EntityManager is closed.
	at com.topcoder.service.studio.contest.bean.ContestManagerBean.wrapContestManagementException(ContestManagerBean.java:2223)
	at com.topcoder.service.studio.contest.bean.ContestManagerBean.getClientForContest(ContestManagerBean.java:706)
	at com.topcoder.service.studio.contest.bean.ContestManagerBeanUnitTest.testGetClientForContest_Failure1(ContestManagerBeanUnitTest.java:904)
	at sun.reflect.NativeMethodAccessorImpl.invoke0(Native Method)
	at sun.reflect.NativeMethodAccessorImpl.invoke(NativeMethodAccessorImpl.java:39)
	at sun.reflect.DelegatingMethodAccessorImpl.invoke(DelegatingMethodAccessorImpl.java:25)
	at java.lang.reflect.Method.invoke(Method.java:585)
	at junit.framework.TestCase.runTest(TestCase.java:168)
	at junit.framework.TestCase.runBare(TestCase.java:134)
	at junit.framework.TestResult$1.protect(TestResult.java:110)
	at junit.framework.TestResult.runProtected(TestResult.java:128)
	at junit.framework.TestResult.run(TestResult.java:113)
	at junit.framework.TestCase.run(TestCase.java:124)
	at junit.framework.TestSuite.runTest(TestSuite.java:232)
	at junit.framework.TestSuite.run(TestSuite.java:227)
	at junit.framework.TestSuite.runTest(TestSuite.java:232)
	at junit.framework.TestSuite.run(TestSuite.java:227)
	at junit.framework.TestSuite.runTest(TestSuite.java:232)
	at junit.framework.TestSuite.run(TestSuite.java:227)
	at org.apache.tools.ant.taskdefs.optional.junit.JUnitTestRunner.run(JUnitTestRunner.java:421)
	at org.apache.tools.ant.taskdefs.optional.junit.JUnitTestRunner.launch(JUnitTestRunner.java:912)
	at org.apache.tools.ant.taskdefs.optional.junit.JUnitTestRunner.main(JUnitTestRunner.java:766)
Caused by: java.lang.IllegalStateException: EntityManager is closed
	at org.hibernate.ejb.EntityManagerImpl.getSession(EntityManagerImpl.java:42)
	at org.hibernate.ejb.AbstractEntityManagerImpl.find(AbstractEntityManagerImpl.java:175)
	at com.topcoder.service.studio.contest.bean.MockEntityManager.find(MockEntityManager.java:136)
	at com.topcoder.service.studio.contest.bean.ContestManagerBean.getClientForContest(ContestManagerBean.java:690)
	... 20 more
[Exit method: getClientForContest()]
[Enter method: getClientForContest()]
[param1: 1]
There are errors while persisting the entity.
com.topcoder.service.studio.contest.ContestManagementException: There are errors while persisting the entity.
	at com.topcoder.service.studio.contest.bean.ContestManagerBean.wrapContestManagementException(ContestManagerBean.java:2223)
	at com.topcoder.service.studio.contest.bean.ContestManagerBean.getClientForContest(ContestManagerBean.java:709)
	at com.topcoder.service.studio.contest.bean.ContestManagerBeanUnitTest.testGetClientForContest_Failure2(ContestManagerBeanUnitTest.java:927)
	at sun.reflect.NativeMethodAccessorImpl.invoke0(Native Method)
	at sun.reflect.NativeMethodAccessorImpl.invoke(NativeMethodAccessorImpl.java:39)
	at sun.reflect.DelegatingMethodAccessorImpl.invoke(DelegatingMethodAccessorImpl.java:25)
	at java.lang.reflect.Method.invoke(Method.java:585)
	at junit.framework.TestCase.runTest(TestCase.java:168)
	at junit.framework.TestCase.runBare(TestCase.java:134)
	at junit.framework.TestResult$1.protect(TestResult.java:110)
	at junit.framework.TestResult.runProtected(TestResult.java:128)
	at junit.framework.TestResult.run(TestResult.java:113)
	at junit.framework.TestCase.run(TestCase.java:124)
	at junit.framework.TestSuite.runTest(TestSuite.java:232)
	at junit.framework.TestSuite.run(TestSuite.java:227)
	at junit.framework.TestSuite.runTest(TestSuite.java:232)
	at junit.framework.TestSuite.run(TestSuite.java:227)
	at junit.framework.TestSuite.runTest(TestSuite.java:232)
	at junit.framework.TestSuite.run(TestSuite.java:227)
	at org.apache.tools.ant.taskdefs.optional.junit.JUnitTestRunner.run(JUnitTestRunner.java:421)
	at org.apache.tools.ant.taskdefs.optional.junit.JUnitTestRunner.launch(JUnitTestRunner.java:912)
	at org.apache.tools.ant.taskdefs.optional.junit.JUnitTestRunner.main(JUnitTestRunner.java:766)
Caused by: javax.persistence.PersistenceException
	at com.topcoder.service.studio.contest.bean.MockEntityManager.find(MockEntityManager.java:129)
	at com.topcoder.service.studio.contest.bean.ContestManagerBean.getClientForContest(ContestManagerBean.java:690)
	... 20 more
[Exit method: getClientForContest()]
[Enter method: getClientForContest()]
[param1: 1]
Hibernate: /* load com.topcoder.service.studio.contest.Contest */ select contest0_.contest_id as contest1_18_0_, contest0_.contest_channel_id as contest2_18_0_, contest0_.name as name18_0_, contest0_.contest_type_id as contest4_18_0_, contest0_.project_id as project5_18_0_, contest0_.tc_direct_project_id as tc6_18_0_, contest0_.contest_status_id as contest7_18_0_, contest0_.forum_id as forum8_18_0_, contest0_.event_id as event9_18_0_, contest0_.start_time as start10_18_0_, contest0_.end_date as end11_18_0_, contest0_.winner_annoucement_deadline as winner12_18_0_, contest0_.creator_user_id as creator13_18_0_ from contest contest0_ where contest0_.contest_id=?
The contest with id '1' doesn't exist.
com.topcoder.service.studio.contest.EntityNotFoundException: The contest with id '1' doesn't exist.
	at com.topcoder.service.studio.contest.bean.ContestManagerBean.wrapEntityNotFoundException(ContestManagerBean.java:2186)
	at com.topcoder.service.studio.contest.bean.ContestManagerBean.getClientForContest(ContestManagerBean.java:693)
	at com.topcoder.service.studio.contest.bean.ContestManagerBeanUnitTest.testGetClientForContest_Failure3(ContestManagerBeanUnitTest.java:948)
	at sun.reflect.NativeMethodAccessorImpl.invoke0(Native Method)
	at sun.reflect.NativeMethodAccessorImpl.invoke(NativeMethodAccessorImpl.java:39)
	at sun.reflect.DelegatingMethodAccessorImpl.invoke(DelegatingMethodAccessorImpl.java:25)
	at java.lang.reflect.Method.invoke(Method.java:585)
	at junit.framework.TestCase.runTest(TestCase.java:168)
	at junit.framework.TestCase.runBare(TestCase.java:134)
	at junit.framework.TestResult$1.protect(TestResult.java:110)
	at junit.framework.TestResult.runProtected(TestResult.java:128)
	at junit.framework.TestResult.run(TestResult.java:113)
	at junit.framework.TestCase.run(TestCase.java:124)
	at junit.framework.TestSuite.runTest(TestSuite.java:232)
	at junit.framework.TestSuite.run(TestSuite.java:227)
	at junit.framework.TestSuite.runTest(TestSuite.java:232)
	at junit.framework.TestSuite.run(TestSuite.java:227)
	at junit.framework.TestSuite.runTest(TestSuite.java:232)
	at junit.framework.TestSuite.run(TestSuite.java:227)
	at org.apache.tools.ant.taskdefs.optional.junit.JUnitTestRunner.run(JUnitTestRunner.java:421)
	at org.apache.tools.ant.taskdefs.optional.junit.JUnitTestRunner.launch(JUnitTestRunner.java:912)
	at org.apache.tools.ant.taskdefs.optional.junit.JUnitTestRunner.main(JUnitTestRunner.java:766)
[Exit method: getClientForContest()]
[Enter method: createContest()]
[param1: null]
[Exit method: createContest()]
[Enter method: getClientForContest()]
[param1: 5]
Hibernate: /* load com.topcoder.service.project.Project */ select project0_.project_id as project1_16_0_, project0_.name as name16_0_, project0_.description as descript3_16_0_, project0_.user_id as user4_16_0_, project0_.create_date as create5_16_0_, project0_.modify_date as modify6_16_0_ from tc_direct_project project0_ where project0_.project_id=?
The project with id '1' doesn't exist.
com.topcoder.service.studio.contest.EntityNotFoundException: The project with id '1' doesn't exist.
	at com.topcoder.service.studio.contest.bean.ContestManagerBean.wrapEntityNotFoundException(ContestManagerBean.java:2186)
	at com.topcoder.service.studio.contest.bean.ContestManagerBean.getClientForContest(ContestManagerBean.java:700)
	at com.topcoder.service.studio.contest.bean.ContestManagerBeanUnitTest.testGetClientForContest_Failure4(ContestManagerBeanUnitTest.java:972)
	at sun.reflect.NativeMethodAccessorImpl.invoke0(Native Method)
	at sun.reflect.NativeMethodAccessorImpl.invoke(NativeMethodAccessorImpl.java:39)
	at sun.reflect.DelegatingMethodAccessorImpl.invoke(DelegatingMethodAccessorImpl.java:25)
	at java.lang.reflect.Method.invoke(Method.java:585)
	at junit.framework.TestCase.runTest(TestCase.java:168)
	at junit.framework.TestCase.runBare(TestCase.java:134)
	at junit.framework.TestResult$1.protect(TestResult.java:110)
	at junit.framework.TestResult.runProtected(TestResult.java:128)
	at junit.framework.TestResult.run(TestResult.java:113)
	at junit.framework.TestCase.run(TestCase.java:124)
	at junit.framework.TestSuite.runTest(TestSuite.java:232)
	at junit.framework.TestSuite.run(TestSuite.java:227)
	at junit.framework.TestSuite.runTest(TestSuite.java:232)
	at junit.framework.TestSuite.run(TestSuite.java:227)
	at junit.framework.TestSuite.runTest(TestSuite.java:232)
	at junit.framework.TestSuite.run(TestSuite.java:227)
	at org.apache.tools.ant.taskdefs.optional.junit.JUnitTestRunner.run(JUnitTestRunner.java:421)
	at org.apache.tools.ant.taskdefs.optional.junit.JUnitTestRunner.launch(JUnitTestRunner.java:912)
	at org.apache.tools.ant.taskdefs.optional.junit.JUnitTestRunner.main(JUnitTestRunner.java:766)
[Exit method: getClientForContest()]
[Enter method: getClientForProject()]
[param1: 2]
[Exit method: getClientForProject()]
[Enter method: getClientForProject()]
[param1: 1]
Hibernate: /* load com.topcoder.service.project.Project */ select project0_.project_id as project1_16_0_, project0_.name as name16_0_, project0_.description as descript3_16_0_, project0_.user_id as user4_16_0_, project0_.create_date as create5_16_0_, project0_.modify_date as modify6_16_0_ from tc_direct_project project0_ where project0_.project_id=?
The project with id '1' doesn't exist.
com.topcoder.service.studio.contest.EntityNotFoundException: The project with id '1' doesn't exist.
	at com.topcoder.service.studio.contest.bean.ContestManagerBean.wrapEntityNotFoundException(ContestManagerBean.java:2186)
	at com.topcoder.service.studio.contest.bean.ContestManagerBean.getClientForProject(ContestManagerBean.java:739)
	at com.topcoder.service.studio.contest.bean.ContestManagerBeanUnitTest.testGetClientForProject_Failure1(ContestManagerBeanUnitTest.java:1020)
	at sun.reflect.NativeMethodAccessorImpl.invoke0(Native Method)
	at sun.reflect.NativeMethodAccessorImpl.invoke(NativeMethodAccessorImpl.java:39)
	at sun.reflect.DelegatingMethodAccessorImpl.invoke(DelegatingMethodAccessorImpl.java:25)
	at java.lang.reflect.Method.invoke(Method.java:585)
	at junit.framework.TestCase.runTest(TestCase.java:168)
	at junit.framework.TestCase.runBare(TestCase.java:134)
	at junit.framework.TestResult$1.protect(TestResult.java:110)
	at junit.framework.TestResult.runProtected(TestResult.java:128)
	at junit.framework.TestResult.run(TestResult.java:113)
	at junit.framework.TestCase.run(TestCase.java:124)
	at junit.framework.TestSuite.runTest(TestSuite.java:232)
	at junit.framework.TestSuite.run(TestSuite.java:227)
	at junit.framework.TestSuite.runTest(TestSuite.java:232)
	at junit.framework.TestSuite.run(TestSuite.java:227)
	at junit.framework.TestSuite.runTest(TestSuite.java:232)
	at junit.framework.TestSuite.run(TestSuite.java:227)
	at org.apache.tools.ant.taskdefs.optional.junit.JUnitTestRunner.run(JUnitTestRunner.java:421)
	at org.apache.tools.ant.taskdefs.optional.junit.JUnitTestRunner.launch(JUnitTestRunner.java:912)
	at org.apache.tools.ant.taskdefs.optional.junit.JUnitTestRunner.main(JUnitTestRunner.java:766)
[Exit method: getClientForProject()]
[Enter method: getClientForProject()]
[param1: 3]
The EntityManager is closed.
com.topcoder.service.studio.contest.ContestManagementException: The EntityManager is closed.
	at com.topcoder.service.studio.contest.bean.ContestManagerBean.wrapContestManagementException(ContestManagerBean.java:2223)
	at com.topcoder.service.studio.contest.bean.ContestManagerBean.getClientForProject(ContestManagerBean.java:744)
	at com.topcoder.service.studio.contest.bean.ContestManagerBeanUnitTest.testGetClientForProject_Failure2(ContestManagerBeanUnitTest.java:1052)
	at sun.reflect.NativeMethodAccessorImpl.invoke0(Native Method)
	at sun.reflect.NativeMethodAccessorImpl.invoke(NativeMethodAccessorImpl.java:39)
	at sun.reflect.DelegatingMethodAccessorImpl.invoke(DelegatingMethodAccessorImpl.java:25)
	at java.lang.reflect.Method.invoke(Method.java:585)
	at junit.framework.TestCase.runTest(TestCase.java:168)
	at junit.framework.TestCase.runBare(TestCase.java:134)
	at junit.framework.TestResult$1.protect(TestResult.java:110)
	at junit.framework.TestResult.runProtected(TestResult.java:128)
	at junit.framework.TestResult.run(TestResult.java:113)
	at junit.framework.TestCase.run(TestCase.java:124)
	at junit.framework.TestSuite.runTest(TestSuite.java:232)
	at junit.framework.TestSuite.run(TestSuite.java:227)
	at junit.framework.TestSuite.runTest(TestSuite.java:232)
	at junit.framework.TestSuite.run(TestSuite.java:227)
	at junit.framework.TestSuite.runTest(TestSuite.java:232)
	at junit.framework.TestSuite.run(TestSuite.java:227)
	at org.apache.tools.ant.taskdefs.optional.junit.JUnitTestRunner.run(JUnitTestRunner.java:421)
	at org.apache.tools.ant.taskdefs.optional.junit.JUnitTestRunner.launch(JUnitTestRunner.java:912)
	at org.apache.tools.ant.taskdefs.optional.junit.JUnitTestRunner.main(JUnitTestRunner.java:766)
Caused by: java.lang.IllegalStateException: EntityManager is closed
	at org.hibernate.ejb.EntityManagerImpl.getSession(EntityManagerImpl.java:42)
	at org.hibernate.ejb.AbstractEntityManagerImpl.find(AbstractEntityManagerImpl.java:175)
	at com.topcoder.service.studio.contest.bean.MockEntityManager.find(MockEntityManager.java:136)
	at com.topcoder.service.studio.contest.bean.ContestManagerBean.getClientForProject(ContestManagerBean.java:736)
	... 20 more
[Exit method: getClientForProject()]
[Enter method: getClientForProject()]
[param1: 4]
There are errors while persisting the entity.
com.topcoder.service.studio.contest.ContestManagementException: There are errors while persisting the entity.
	at com.topcoder.service.studio.contest.bean.ContestManagerBean.wrapContestManagementException(ContestManagerBean.java:2223)
	at com.topcoder.service.studio.contest.bean.ContestManagerBean.getClientForProject(ContestManagerBean.java:747)
	at com.topcoder.service.studio.contest.bean.ContestManagerBeanUnitTest.testGetClientForProject_Failure3(ContestManagerBeanUnitTest.java:1084)
	at sun.reflect.NativeMethodAccessorImpl.invoke0(Native Method)
	at sun.reflect.NativeMethodAccessorImpl.invoke(NativeMethodAccessorImpl.java:39)
	at sun.reflect.DelegatingMethodAccessorImpl.invoke(DelegatingMethodAccessorImpl.java:25)
	at java.lang.reflect.Method.invoke(Method.java:585)
	at junit.framework.TestCase.runTest(TestCase.java:168)
	at junit.framework.TestCase.runBare(TestCase.java:134)
	at junit.framework.TestResult$1.protect(TestResult.java:110)
	at junit.framework.TestResult.runProtected(TestResult.java:128)
	at junit.framework.TestResult.run(TestResult.java:113)
	at junit.framework.TestCase.run(TestCase.java:124)
	at junit.framework.TestSuite.runTest(TestSuite.java:232)
	at junit.framework.TestSuite.run(TestSuite.java:227)
	at junit.framework.TestSuite.runTest(TestSuite.java:232)
	at junit.framework.TestSuite.run(TestSuite.java:227)
	at junit.framework.TestSuite.runTest(TestSuite.java:232)
	at junit.framework.TestSuite.run(TestSuite.java:227)
	at org.apache.tools.ant.taskdefs.optional.junit.JUnitTestRunner.run(JUnitTestRunner.java:421)
	at org.apache.tools.ant.taskdefs.optional.junit.JUnitTestRunner.launch(JUnitTestRunner.java:912)
	at org.apache.tools.ant.taskdefs.optional.junit.JUnitTestRunner.main(JUnitTestRunner.java:766)
Caused by: javax.persistence.PersistenceException
	at com.topcoder.service.studio.contest.bean.MockEntityManager.find(MockEntityManager.java:129)
	at com.topcoder.service.studio.contest.bean.ContestManagerBean.getClientForProject(ContestManagerBean.java:736)
	... 20 more
[Exit method: getClientForProject()]
[Enter method: addContestStatus()]
[param1: null]
Hibernate: select max(contest_status_id) from contest_status_lu
[Exit method: addContestStatus()]
[Enter method: getContestStatus()]
[param1: 1]
[Exit method: getContestStatus()]
[Enter method: addContestStatus()]
[param1: null]
[Exit method: addContestStatus()]
[Enter method: addContestStatus()]
[param1: 2]
[Enter method: getContestStatus()]
[param1: 2]
[Exit method: getContestStatus()]
The contest status already exists.
com.topcoder.service.studio.contest.EntityAlreadyExistsException: The contest status already exists.
	at com.topcoder.service.studio.contest.bean.ContestManagerBean.addContestStatus(ContestManagerBean.java:778)
	at com.topcoder.service.studio.contest.bean.ContestManagerBeanUnitTest.testAddContestStatus_Failure1(ContestManagerBeanUnitTest.java:1136)
	at sun.reflect.NativeMethodAccessorImpl.invoke0(Native Method)
	at sun.reflect.NativeMethodAccessorImpl.invoke(NativeMethodAccessorImpl.java:39)
	at sun.reflect.DelegatingMethodAccessorImpl.invoke(DelegatingMethodAccessorImpl.java:25)
	at java.lang.reflect.Method.invoke(Method.java:585)
	at junit.framework.TestCase.runTest(TestCase.java:168)
	at junit.framework.TestCase.runBare(TestCase.java:134)
	at junit.framework.TestResult$1.protect(TestResult.java:110)
	at junit.framework.TestResult.runProtected(TestResult.java:128)
	at junit.framework.TestResult.run(TestResult.java:113)
	at junit.framework.TestCase.run(TestCase.java:124)
	at junit.framework.TestSuite.runTest(TestSuite.java:232)
	at junit.framework.TestSuite.run(TestSuite.java:227)
	at junit.framework.TestSuite.runTest(TestSuite.java:232)
	at junit.framework.TestSuite.run(TestSuite.java:227)
	at junit.framework.TestSuite.runTest(TestSuite.java:232)
	at junit.framework.TestSuite.run(TestSuite.java:227)
	at org.apache.tools.ant.taskdefs.optional.junit.JUnitTestRunner.run(JUnitTestRunner.java:421)
	at org.apache.tools.ant.taskdefs.optional.junit.JUnitTestRunner.launch(JUnitTestRunner.java:912)
	at org.apache.tools.ant.taskdefs.optional.junit.JUnitTestRunner.main(JUnitTestRunner.java:766)
[Exit method: addContestStatus()]
[Enter method: addContestStatus()]
[param1: null]
The EntityManager is closed.
com.topcoder.service.studio.contest.ContestManagementException: The EntityManager is closed.
	at com.topcoder.service.studio.contest.bean.ContestManagerBean.wrapContestManagementException(ContestManagerBean.java:2223)
	at com.topcoder.service.studio.contest.bean.ContestManagerBean.addContestStatus(ContestManagerBean.java:792)
	at com.topcoder.service.studio.contest.bean.ContestManagerBeanUnitTest.testAddContestStatus_Failure2(ContestManagerBeanUnitTest.java:1163)
	at sun.reflect.NativeMethodAccessorImpl.invoke0(Native Method)
	at sun.reflect.NativeMethodAccessorImpl.invoke(NativeMethodAccessorImpl.java:39)
	at sun.reflect.DelegatingMethodAccessorImpl.invoke(DelegatingMethodAccessorImpl.java:25)
	at java.lang.reflect.Method.invoke(Method.java:585)
	at junit.framework.TestCase.runTest(TestCase.java:168)
	at junit.framework.TestCase.runBare(TestCase.java:134)
	at junit.framework.TestResult$1.protect(TestResult.java:110)
	at junit.framework.TestResult.runProtected(TestResult.java:128)
	at junit.framework.TestResult.run(TestResult.java:113)
	at junit.framework.TestCase.run(TestCase.java:124)
	at junit.framework.TestSuite.runTest(TestSuite.java:232)
	at junit.framework.TestSuite.run(TestSuite.java:227)
	at junit.framework.TestSuite.runTest(TestSuite.java:232)
	at junit.framework.TestSuite.run(TestSuite.java:227)
	at junit.framework.TestSuite.runTest(TestSuite.java:232)
	at junit.framework.TestSuite.run(TestSuite.java:227)
	at org.apache.tools.ant.taskdefs.optional.junit.JUnitTestRunner.run(JUnitTestRunner.java:421)
	at org.apache.tools.ant.taskdefs.optional.junit.JUnitTestRunner.launch(JUnitTestRunner.java:912)
	at org.apache.tools.ant.taskdefs.optional.junit.JUnitTestRunner.main(JUnitTestRunner.java:766)
Caused by: java.lang.IllegalStateException: EntityManager is closed
	at org.hibernate.ejb.EntityManagerImpl.getSession(EntityManagerImpl.java:42)
	at org.hibernate.ejb.AbstractEntityManagerImpl.persist(AbstractEntityManagerImpl.java:213)
	at com.topcoder.service.studio.contest.bean.MockEntityManager.persist(MockEntityManager.java:77)
	at com.topcoder.service.studio.contest.bean.ContestManagerBean.addContestStatus(ContestManagerBean.java:788)
	... 20 more
[Exit method: addContestStatus()]
[Enter method: addContestStatus()]
[param1: null]
This method is required to run in transaction.
com.topcoder.service.studio.contest.ContestManagementException: This method is required to run in transaction.
	at com.topcoder.service.studio.contest.bean.ContestManagerBean.wrapContestManagementException(ContestManagerBean.java:2223)
	at com.topcoder.service.studio.contest.bean.ContestManagerBean.addContestStatus(ContestManagerBean.java:795)
	at com.topcoder.service.studio.contest.bean.ContestManagerBeanUnitTest.testAddContestStatus_Failure3(ContestManagerBeanUnitTest.java:1191)
	at sun.reflect.NativeMethodAccessorImpl.invoke0(Native Method)
	at sun.reflect.NativeMethodAccessorImpl.invoke(NativeMethodAccessorImpl.java:39)
	at sun.reflect.DelegatingMethodAccessorImpl.invoke(DelegatingMethodAccessorImpl.java:25)
	at java.lang.reflect.Method.invoke(Method.java:585)
	at junit.framework.TestCase.runTest(TestCase.java:168)
	at junit.framework.TestCase.runBare(TestCase.java:134)
	at junit.framework.TestResult$1.protect(TestResult.java:110)
	at junit.framework.TestResult.runProtected(TestResult.java:128)
	at junit.framework.TestResult.run(TestResult.java:113)
	at junit.framework.TestCase.run(TestCase.java:124)
	at junit.framework.TestSuite.runTest(TestSuite.java:232)
	at junit.framework.TestSuite.run(TestSuite.java:227)
	at junit.framework.TestSuite.runTest(TestSuite.java:232)
	at junit.framework.TestSuite.run(TestSuite.java:227)
	at junit.framework.TestSuite.runTest(TestSuite.java:232)
	at junit.framework.TestSuite.run(TestSuite.java:227)
	at org.apache.tools.ant.taskdefs.optional.junit.JUnitTestRunner.run(JUnitTestRunner.java:421)
	at org.apache.tools.ant.taskdefs.optional.junit.JUnitTestRunner.launch(JUnitTestRunner.java:912)
	at org.apache.tools.ant.taskdefs.optional.junit.JUnitTestRunner.main(JUnitTestRunner.java:766)
Caused by: javax.persistence.TransactionRequiredException
	at com.topcoder.service.studio.contest.bean.MockEntityManager.persist(MockEntityManager.java:74)
	at com.topcoder.service.studio.contest.bean.ContestManagerBean.addContestStatus(ContestManagerBean.java:788)
	... 20 more
[Exit method: addContestStatus()]
[Enter method: addContestStatus()]
[param1: null]
There are errors while persisting the entity.
com.topcoder.service.studio.contest.ContestManagementException: There are errors while persisting the entity.
	at com.topcoder.service.studio.contest.bean.ContestManagerBean.wrapContestManagementException(ContestManagerBean.java:2223)
	at com.topcoder.service.studio.contest.bean.ContestManagerBean.addContestStatus(ContestManagerBean.java:798)
	at com.topcoder.service.studio.contest.bean.ContestManagerBeanUnitTest.testAddContestStatus_Failure4(ContestManagerBeanUnitTest.java:1219)
	at sun.reflect.NativeMethodAccessorImpl.invoke0(Native Method)
	at sun.reflect.NativeMethodAccessorImpl.invoke(NativeMethodAccessorImpl.java:39)
	at sun.reflect.DelegatingMethodAccessorImpl.invoke(DelegatingMethodAccessorImpl.java:25)
	at java.lang.reflect.Method.invoke(Method.java:585)
	at junit.framework.TestCase.runTest(TestCase.java:168)
	at junit.framework.TestCase.runBare(TestCase.java:134)
	at junit.framework.TestResult$1.protect(TestResult.java:110)
	at junit.framework.TestResult.runProtected(TestResult.java:128)
	at junit.framework.TestResult.run(TestResult.java:113)
	at junit.framework.TestCase.run(TestCase.java:124)
	at junit.framework.TestSuite.runTest(TestSuite.java:232)
	at junit.framework.TestSuite.run(TestSuite.java:227)
	at junit.framework.TestSuite.runTest(TestSuite.java:232)
	at junit.framework.TestSuite.run(TestSuite.java:227)
	at junit.framework.TestSuite.runTest(TestSuite.java:232)
	at junit.framework.TestSuite.run(TestSuite.java:227)
	at org.apache.tools.ant.taskdefs.optional.junit.JUnitTestRunner.run(JUnitTestRunner.java:421)
	at org.apache.tools.ant.taskdefs.optional.junit.JUnitTestRunner.launch(JUnitTestRunner.java:912)
	at org.apache.tools.ant.taskdefs.optional.junit.JUnitTestRunner.main(JUnitTestRunner.java:766)
Caused by: javax.persistence.PersistenceException
	at com.topcoder.service.studio.contest.bean.MockEntityManager.persist(MockEntityManager.java:70)
	at com.topcoder.service.studio.contest.bean.ContestManagerBean.addContestStatus(ContestManagerBean.java:788)
	... 20 more
[Exit method: addContestStatus()]
[Enter method: addContestStatus()]
[param1: null]
[Exit method: addContestStatus()]
[Enter method: updateContestStatus()]
[param1: 3]
[Exit method: UpdateContestStatus()]
[Enter method: getContestStatus()]
[param1: 3]
[Exit method: getContestStatus()]
[Enter method: updateContestStatus()]
[param1: null]
The contest status with id 'null' doesn't exist.
com.topcoder.service.studio.contest.EntityNotFoundException: The contest status with id 'null' doesn't exist.
	at com.topcoder.service.studio.contest.bean.ContestManagerBean.wrapEntityNotFoundException(ContestManagerBean.java:2186)
	at com.topcoder.service.studio.contest.bean.ContestManagerBean.updateContestStatus(ContestManagerBean.java:827)
	at com.topcoder.service.studio.contest.bean.ContestManagerBeanUnitTest.testUpdateContestStatus_Failure1(ContestManagerBeanUnitTest.java:1273)
	at sun.reflect.NativeMethodAccessorImpl.invoke0(Native Method)
	at sun.reflect.NativeMethodAccessorImpl.invoke(NativeMethodAccessorImpl.java:39)
	at sun.reflect.DelegatingMethodAccessorImpl.invoke(DelegatingMethodAccessorImpl.java:25)
	at java.lang.reflect.Method.invoke(Method.java:585)
	at junit.framework.TestCase.runTest(TestCase.java:168)
	at junit.framework.TestCase.runBare(TestCase.java:134)
	at junit.framework.TestResult$1.protect(TestResult.java:110)
	at junit.framework.TestResult.runProtected(TestResult.java:128)
	at junit.framework.TestResult.run(TestResult.java:113)
	at junit.framework.TestCase.run(TestCase.java:124)
	at junit.framework.TestSuite.runTest(TestSuite.java:232)
	at junit.framework.TestSuite.run(TestSuite.java:227)
	at junit.framework.TestSuite.runTest(TestSuite.java:232)
	at junit.framework.TestSuite.run(TestSuite.java:227)
	at junit.framework.TestSuite.runTest(TestSuite.java:232)
	at junit.framework.TestSuite.run(TestSuite.java:227)
	at org.apache.tools.ant.taskdefs.optional.junit.JUnitTestRunner.run(JUnitTestRunner.java:421)
	at org.apache.tools.ant.taskdefs.optional.junit.JUnitTestRunner.launch(JUnitTestRunner.java:912)
	at org.apache.tools.ant.taskdefs.optional.junit.JUnitTestRunner.main(JUnitTestRunner.java:766)
[Exit method: UpdateContestStatus()]
[Enter method: addContestStatus()]
[param1: null]
[Exit method: addContestStatus()]
[Enter method: updateContestStatus()]
[param1: 4]
The EntityManager is closed.
com.topcoder.service.studio.contest.ContestManagementException: The EntityManager is closed.
	at com.topcoder.service.studio.contest.bean.ContestManagerBean.wrapContestManagementException(ContestManagerBean.java:2223)
	at com.topcoder.service.studio.contest.bean.ContestManagerBean.updateContestStatus(ContestManagerBean.java:833)
	at com.topcoder.service.studio.contest.bean.ContestManagerBeanUnitTest.testUpdateContestStatus_Failure2(ContestManagerBeanUnitTest.java:1304)
	at sun.reflect.NativeMethodAccessorImpl.invoke0(Native Method)
	at sun.reflect.NativeMethodAccessorImpl.invoke(NativeMethodAccessorImpl.java:39)
	at sun.reflect.DelegatingMethodAccessorImpl.invoke(DelegatingMethodAccessorImpl.java:25)
	at java.lang.reflect.Method.invoke(Method.java:585)
	at junit.framework.TestCase.runTest(TestCase.java:168)
	at junit.framework.TestCase.runBare(TestCase.java:134)
	at junit.framework.TestResult$1.protect(TestResult.java:110)
	at junit.framework.TestResult.runProtected(TestResult.java:128)
	at junit.framework.TestResult.run(TestResult.java:113)
	at junit.framework.TestCase.run(TestCase.java:124)
	at junit.framework.TestSuite.runTest(TestSuite.java:232)
	at junit.framework.TestSuite.run(TestSuite.java:227)
	at junit.framework.TestSuite.runTest(TestSuite.java:232)
	at junit.framework.TestSuite.run(TestSuite.java:227)
	at junit.framework.TestSuite.runTest(TestSuite.java:232)
	at junit.framework.TestSuite.run(TestSuite.java:227)
	at org.apache.tools.ant.taskdefs.optional.junit.JUnitTestRunner.run(JUnitTestRunner.java:421)
	at org.apache.tools.ant.taskdefs.optional.junit.JUnitTestRunner.launch(JUnitTestRunner.java:912)
	at org.apache.tools.ant.taskdefs.optional.junit.JUnitTestRunner.main(JUnitTestRunner.java:766)
Caused by: java.lang.IllegalStateException: EntityManager is closed
	at org.hibernate.ejb.EntityManagerImpl.getSession(EntityManagerImpl.java:42)
	at org.hibernate.ejb.AbstractEntityManagerImpl.find(AbstractEntityManagerImpl.java:175)
	at com.topcoder.service.studio.contest.bean.MockEntityManager.find(MockEntityManager.java:136)
	at com.topcoder.service.studio.contest.bean.ContestManagerBean.updateContestStatus(ContestManagerBean.java:825)
	... 20 more
[Exit method: UpdateContestStatus()]
[Enter method: addContestStatus()]
[param1: null]
[Exit method: addContestStatus()]
[Enter method: updateContestStatus()]
[param1: 5]
This method is required to run in transaction.
com.topcoder.service.studio.contest.ContestManagementException: This method is required to run in transaction.
	at com.topcoder.service.studio.contest.bean.ContestManagerBean.wrapContestManagementException(ContestManagerBean.java:2223)
	at com.topcoder.service.studio.contest.bean.ContestManagerBean.updateContestStatus(ContestManagerBean.java:836)
	at com.topcoder.service.studio.contest.bean.ContestManagerBeanUnitTest.testUpdateContestStatus_Failure3(ContestManagerBeanUnitTest.java:1335)
	at sun.reflect.NativeMethodAccessorImpl.invoke0(Native Method)
	at sun.reflect.NativeMethodAccessorImpl.invoke(NativeMethodAccessorImpl.java:39)
	at sun.reflect.DelegatingMethodAccessorImpl.invoke(DelegatingMethodAccessorImpl.java:25)
	at java.lang.reflect.Method.invoke(Method.java:585)
	at junit.framework.TestCase.runTest(TestCase.java:168)
	at junit.framework.TestCase.runBare(TestCase.java:134)
	at junit.framework.TestResult$1.protect(TestResult.java:110)
	at junit.framework.TestResult.runProtected(TestResult.java:128)
	at junit.framework.TestResult.run(TestResult.java:113)
	at junit.framework.TestCase.run(TestCase.java:124)
	at junit.framework.TestSuite.runTest(TestSuite.java:232)
	at junit.framework.TestSuite.run(TestSuite.java:227)
	at junit.framework.TestSuite.runTest(TestSuite.java:232)
	at junit.framework.TestSuite.run(TestSuite.java:227)
	at junit.framework.TestSuite.runTest(TestSuite.java:232)
	at junit.framework.TestSuite.run(TestSuite.java:227)
	at org.apache.tools.ant.taskdefs.optional.junit.JUnitTestRunner.run(JUnitTestRunner.java:421)
	at org.apache.tools.ant.taskdefs.optional.junit.JUnitTestRunner.launch(JUnitTestRunner.java:912)
	at org.apache.tools.ant.taskdefs.optional.junit.JUnitTestRunner.main(JUnitTestRunner.java:766)
Caused by: javax.persistence.TransactionRequiredException
	at com.topcoder.service.studio.contest.bean.MockEntityManager.find(MockEntityManager.java:133)
	at com.topcoder.service.studio.contest.bean.ContestManagerBean.updateContestStatus(ContestManagerBean.java:825)
	... 20 more
[Exit method: UpdateContestStatus()]
[Enter method: addContestStatus()]
[param1: null]
[Exit method: addContestStatus()]
[Enter method: updateContestStatus()]
[param1: 6]
There are errors while persisting the entity.
com.topcoder.service.studio.contest.ContestManagementException: There are errors while persisting the entity.
	at com.topcoder.service.studio.contest.bean.ContestManagerBean.wrapContestManagementException(ContestManagerBean.java:2223)
	at com.topcoder.service.studio.contest.bean.ContestManagerBean.updateContestStatus(ContestManagerBean.java:839)
	at com.topcoder.service.studio.contest.bean.ContestManagerBeanUnitTest.testUpdateContestStatus_Failure4(ContestManagerBeanUnitTest.java:1366)
	at sun.reflect.NativeMethodAccessorImpl.invoke0(Native Method)
	at sun.reflect.NativeMethodAccessorImpl.invoke(NativeMethodAccessorImpl.java:39)
	at sun.reflect.DelegatingMethodAccessorImpl.invoke(DelegatingMethodAccessorImpl.java:25)
	at java.lang.reflect.Method.invoke(Method.java:585)
	at junit.framework.TestCase.runTest(TestCase.java:168)
	at junit.framework.TestCase.runBare(TestCase.java:134)
	at junit.framework.TestResult$1.protect(TestResult.java:110)
	at junit.framework.TestResult.runProtected(TestResult.java:128)
	at junit.framework.TestResult.run(TestResult.java:113)
	at junit.framework.TestCase.run(TestCase.java:124)
	at junit.framework.TestSuite.runTest(TestSuite.java:232)
	at junit.framework.TestSuite.run(TestSuite.java:227)
	at junit.framework.TestSuite.runTest(TestSuite.java:232)
	at junit.framework.TestSuite.run(TestSuite.java:227)
	at junit.framework.TestSuite.runTest(TestSuite.java:232)
	at junit.framework.TestSuite.run(TestSuite.java:227)
	at org.apache.tools.ant.taskdefs.optional.junit.JUnitTestRunner.run(JUnitTestRunner.java:421)
	at org.apache.tools.ant.taskdefs.optional.junit.JUnitTestRunner.launch(JUnitTestRunner.java:912)
	at org.apache.tools.ant.taskdefs.optional.junit.JUnitTestRunner.main(JUnitTestRunner.java:766)
Caused by: javax.persistence.PersistenceException
	at com.topcoder.service.studio.contest.bean.MockEntityManager.find(MockEntityManager.java:129)
	at com.topcoder.service.studio.contest.bean.ContestManagerBean.updateContestStatus(ContestManagerBean.java:825)
	... 20 more
[Exit method: UpdateContestStatus()]
[Enter method: removeContestStatus()]
[param1: 1,000]
Hibernate: /* load com.topcoder.service.studio.contest.ContestStatus */ select conteststa0_.contest_status_id as contest1_17_0_, conteststa0_.contest_status_desc as contest2_17_0_, conteststa0_.name as name17_0_ from contest_status_lu conteststa0_ where conteststa0_.contest_status_id=?
[Exit method: removeContestStatus()]
[Enter method: addContestStatus()]
[param1: null]
[Exit method: addContestStatus()]
[Enter method: removeContestStatus()]
[param1: 7]
[Exit method: removeContestStatus()]
[Enter method: removeContestStatus()]
[param1: 1]
The EntityManager is closed.
com.topcoder.service.studio.contest.ContestManagementException: The EntityManager is closed.
	at com.topcoder.service.studio.contest.bean.ContestManagerBean.wrapContestManagementException(ContestManagerBean.java:2223)
	at com.topcoder.service.studio.contest.bean.ContestManagerBean.removeContestStatus(ContestManagerBean.java:877)
	at com.topcoder.service.studio.contest.bean.ContestManagerBeanUnitTest.testRemoveContestStatus_Failure1(ContestManagerBeanUnitTest.java:1431)
	at sun.reflect.NativeMethodAccessorImpl.invoke0(Native Method)
	at sun.reflect.NativeMethodAccessorImpl.invoke(NativeMethodAccessorImpl.java:39)
	at sun.reflect.DelegatingMethodAccessorImpl.invoke(DelegatingMethodAccessorImpl.java:25)
	at java.lang.reflect.Method.invoke(Method.java:585)
	at junit.framework.TestCase.runTest(TestCase.java:168)
	at junit.framework.TestCase.runBare(TestCase.java:134)
	at junit.framework.TestResult$1.protect(TestResult.java:110)
	at junit.framework.TestResult.runProtected(TestResult.java:128)
	at junit.framework.TestResult.run(TestResult.java:113)
	at junit.framework.TestCase.run(TestCase.java:124)
	at junit.framework.TestSuite.runTest(TestSuite.java:232)
	at junit.framework.TestSuite.run(TestSuite.java:227)
	at junit.framework.TestSuite.runTest(TestSuite.java:232)
	at junit.framework.TestSuite.run(TestSuite.java:227)
	at junit.framework.TestSuite.runTest(TestSuite.java:232)
	at junit.framework.TestSuite.run(TestSuite.java:227)
	at org.apache.tools.ant.taskdefs.optional.junit.JUnitTestRunner.run(JUnitTestRunner.java:421)
	at org.apache.tools.ant.taskdefs.optional.junit.JUnitTestRunner.launch(JUnitTestRunner.java:912)
	at org.apache.tools.ant.taskdefs.optional.junit.JUnitTestRunner.main(JUnitTestRunner.java:766)
Caused by: java.lang.IllegalStateException: EntityManager is closed
	at org.hibernate.ejb.EntityManagerImpl.getSession(EntityManagerImpl.java:42)
	at org.hibernate.ejb.AbstractEntityManagerImpl.find(AbstractEntityManagerImpl.java:175)
	at com.topcoder.service.studio.contest.bean.MockEntityManager.find(MockEntityManager.java:136)
	at com.topcoder.service.studio.contest.bean.ContestManagerBean.removeContestStatus(ContestManagerBean.java:866)
	... 20 more
[Exit method: removeContestStatus()]
[Enter method: removeContestStatus()]
[param1: 1]
This method is required to run in transaction.
com.topcoder.service.studio.contest.ContestManagementException: This method is required to run in transaction.
	at com.topcoder.service.studio.contest.bean.ContestManagerBean.wrapContestManagementException(ContestManagerBean.java:2223)
	at com.topcoder.service.studio.contest.bean.ContestManagerBean.removeContestStatus(ContestManagerBean.java:880)
	at com.topcoder.service.studio.contest.bean.ContestManagerBeanUnitTest.testRemoveContestStatus_Failure2(ContestManagerBeanUnitTest.java:1455)
	at sun.reflect.NativeMethodAccessorImpl.invoke0(Native Method)
	at sun.reflect.NativeMethodAccessorImpl.invoke(NativeMethodAccessorImpl.java:39)
	at sun.reflect.DelegatingMethodAccessorImpl.invoke(DelegatingMethodAccessorImpl.java:25)
	at java.lang.reflect.Method.invoke(Method.java:585)
	at junit.framework.TestCase.runTest(TestCase.java:168)
	at junit.framework.TestCase.runBare(TestCase.java:134)
	at junit.framework.TestResult$1.protect(TestResult.java:110)
	at junit.framework.TestResult.runProtected(TestResult.java:128)
	at junit.framework.TestResult.run(TestResult.java:113)
	at junit.framework.TestCase.run(TestCase.java:124)
	at junit.framework.TestSuite.runTest(TestSuite.java:232)
	at junit.framework.TestSuite.run(TestSuite.java:227)
	at junit.framework.TestSuite.runTest(TestSuite.java:232)
	at junit.framework.TestSuite.run(TestSuite.java:227)
	at junit.framework.TestSuite.runTest(TestSuite.java:232)
	at junit.framework.TestSuite.run(TestSuite.java:227)
	at org.apache.tools.ant.taskdefs.optional.junit.JUnitTestRunner.run(JUnitTestRunner.java:421)
	at org.apache.tools.ant.taskdefs.optional.junit.JUnitTestRunner.launch(JUnitTestRunner.java:912)
	at org.apache.tools.ant.taskdefs.optional.junit.JUnitTestRunner.main(JUnitTestRunner.java:766)
Caused by: javax.persistence.TransactionRequiredException
	at com.topcoder.service.studio.contest.bean.MockEntityManager.find(MockEntityManager.java:133)
	at com.topcoder.service.studio.contest.bean.ContestManagerBean.removeContestStatus(ContestManagerBean.java:866)
	... 20 more
[Exit method: removeContestStatus()]
[Enter method: removeContestStatus()]
[param1: 1]
There are errors while persisting the entity.
com.topcoder.service.studio.contest.ContestManagementException: There are errors while persisting the entity.
	at com.topcoder.service.studio.contest.bean.ContestManagerBean.wrapContestManagementException(ContestManagerBean.java:2223)
	at com.topcoder.service.studio.contest.bean.ContestManagerBean.removeContestStatus(ContestManagerBean.java:883)
	at com.topcoder.service.studio.contest.bean.ContestManagerBeanUnitTest.testRemoveContestStatus_Failure3(ContestManagerBeanUnitTest.java:1479)
	at sun.reflect.NativeMethodAccessorImpl.invoke0(Native Method)
	at sun.reflect.NativeMethodAccessorImpl.invoke(NativeMethodAccessorImpl.java:39)
	at sun.reflect.DelegatingMethodAccessorImpl.invoke(DelegatingMethodAccessorImpl.java:25)
	at java.lang.reflect.Method.invoke(Method.java:585)
	at junit.framework.TestCase.runTest(TestCase.java:168)
	at junit.framework.TestCase.runBare(TestCase.java:134)
	at junit.framework.TestResult$1.protect(TestResult.java:110)
	at junit.framework.TestResult.runProtected(TestResult.java:128)
	at junit.framework.TestResult.run(TestResult.java:113)
	at junit.framework.TestCase.run(TestCase.java:124)
	at junit.framework.TestSuite.runTest(TestSuite.java:232)
	at junit.framework.TestSuite.run(TestSuite.java:227)
	at junit.framework.TestSuite.runTest(TestSuite.java:232)
	at junit.framework.TestSuite.run(TestSuite.java:227)
	at junit.framework.TestSuite.runTest(TestSuite.java:232)
	at junit.framework.TestSuite.run(TestSuite.java:227)
	at org.apache.tools.ant.taskdefs.optional.junit.JUnitTestRunner.run(JUnitTestRunner.java:421)
	at org.apache.tools.ant.taskdefs.optional.junit.JUnitTestRunner.launch(JUnitTestRunner.java:912)
	at org.apache.tools.ant.taskdefs.optional.junit.JUnitTestRunner.main(JUnitTestRunner.java:766)
Caused by: javax.persistence.PersistenceException
	at com.topcoder.service.studio.contest.bean.MockEntityManager.find(MockEntityManager.java:129)
	at com.topcoder.service.studio.contest.bean.ContestManagerBean.removeContestStatus(ContestManagerBean.java:866)
	... 20 more
[Exit method: removeContestStatus()]
[Enter method: addContestStatus()]
[param1: null]
[Exit method: addContestStatus()]
[Enter method: getContestStatus()]
[param1: 8]
[Exit method: getContestStatus()]
[Enter method: getContestStatus()]
[param1: 1]
The EntityManager is closed.
com.topcoder.service.studio.contest.ContestManagementException: The EntityManager is closed.
	at com.topcoder.service.studio.contest.bean.ContestManagerBean.wrapContestManagementException(ContestManagerBean.java:2223)
	at com.topcoder.service.studio.contest.bean.ContestManagerBean.getContestStatus(ContestManagerBean.java:914)
	at com.topcoder.service.studio.contest.bean.ContestManagerBeanUnitTest.testGetContestStatus_Failure1(ContestManagerBeanUnitTest.java:1528)
	at sun.reflect.NativeMethodAccessorImpl.invoke0(Native Method)
	at sun.reflect.NativeMethodAccessorImpl.invoke(NativeMethodAccessorImpl.java:39)
	at sun.reflect.DelegatingMethodAccessorImpl.invoke(DelegatingMethodAccessorImpl.java:25)
	at java.lang.reflect.Method.invoke(Method.java:585)
	at junit.framework.TestCase.runTest(TestCase.java:168)
	at junit.framework.TestCase.runBare(TestCase.java:134)
	at junit.framework.TestResult$1.protect(TestResult.java:110)
	at junit.framework.TestResult.runProtected(TestResult.java:128)
	at junit.framework.TestResult.run(TestResult.java:113)
	at junit.framework.TestCase.run(TestCase.java:124)
	at junit.framework.TestSuite.runTest(TestSuite.java:232)
	at junit.framework.TestSuite.run(TestSuite.java:227)
	at junit.framework.TestSuite.runTest(TestSuite.java:232)
	at junit.framework.TestSuite.run(TestSuite.java:227)
	at junit.framework.TestSuite.runTest(TestSuite.java:232)
	at junit.framework.TestSuite.run(TestSuite.java:227)
	at org.apache.tools.ant.taskdefs.optional.junit.JUnitTestRunner.run(JUnitTestRunner.java:421)
	at org.apache.tools.ant.taskdefs.optional.junit.JUnitTestRunner.launch(JUnitTestRunner.java:912)
	at org.apache.tools.ant.taskdefs.optional.junit.JUnitTestRunner.main(JUnitTestRunner.java:766)
Caused by: java.lang.IllegalStateException: EntityManager is closed
	at org.hibernate.ejb.EntityManagerImpl.getSession(EntityManagerImpl.java:42)
	at org.hibernate.ejb.AbstractEntityManagerImpl.find(AbstractEntityManagerImpl.java:175)
	at com.topcoder.service.studio.contest.bean.MockEntityManager.find(MockEntityManager.java:136)
	at com.topcoder.service.studio.contest.bean.ContestManagerBean.getContestStatus(ContestManagerBean.java:909)
	... 20 more
[Exit method: getContestStatus()]
[Enter method: getContestStatus()]
[param1: 1]
There are errors while persisting the entity.
com.topcoder.service.studio.contest.ContestManagementException: There are errors while persisting the entity.
	at com.topcoder.service.studio.contest.bean.ContestManagerBean.wrapContestManagementException(ContestManagerBean.java:2223)
	at com.topcoder.service.studio.contest.bean.ContestManagerBean.getContestStatus(ContestManagerBean.java:917)
	at com.topcoder.service.studio.contest.bean.ContestManagerBeanUnitTest.testGetContestStatus_Failure2(ContestManagerBeanUnitTest.java:1552)
	at sun.reflect.NativeMethodAccessorImpl.invoke0(Native Method)
	at sun.reflect.NativeMethodAccessorImpl.invoke(NativeMethodAccessorImpl.java:39)
	at sun.reflect.DelegatingMethodAccessorImpl.invoke(DelegatingMethodAccessorImpl.java:25)
	at java.lang.reflect.Method.invoke(Method.java:585)
	at junit.framework.TestCase.runTest(TestCase.java:168)
	at junit.framework.TestCase.runBare(TestCase.java:134)
	at junit.framework.TestResult$1.protect(TestResult.java:110)
	at junit.framework.TestResult.runProtected(TestResult.java:128)
	at junit.framework.TestResult.run(TestResult.java:113)
	at junit.framework.TestCase.run(TestCase.java:124)
	at junit.framework.TestSuite.runTest(TestSuite.java:232)
	at junit.framework.TestSuite.run(TestSuite.java:227)
	at junit.framework.TestSuite.runTest(TestSuite.java:232)
	at junit.framework.TestSuite.run(TestSuite.java:227)
	at junit.framework.TestSuite.runTest(TestSuite.java:232)
	at junit.framework.TestSuite.run(TestSuite.java:227)
	at org.apache.tools.ant.taskdefs.optional.junit.JUnitTestRunner.run(JUnitTestRunner.java:421)
	at org.apache.tools.ant.taskdefs.optional.junit.JUnitTestRunner.launch(JUnitTestRunner.java:912)
	at org.apache.tools.ant.taskdefs.optional.junit.JUnitTestRunner.main(JUnitTestRunner.java:766)
Caused by: javax.persistence.PersistenceException
	at com.topcoder.service.studio.contest.bean.MockEntityManager.find(MockEntityManager.java:129)
	at com.topcoder.service.studio.contest.bean.ContestManagerBean.getContestStatus(ContestManagerBean.java:909)
	... 20 more
[Exit method: getContestStatus()]
Hibernate: select max(path_id) from path
[Enter method: addDocument()]
[param1: null]
Hibernate: select max(document_id) from document
[Exit method: addDocument()]
[Enter method: addDocument()]
[param1: null]
[Exit method: addDocument()]
[Enter method: addDocument()]
[param1: 2]
The document already exists.
com.topcoder.service.studio.contest.EntityAlreadyExistsException: The document already exists.
	at com.topcoder.service.studio.contest.bean.ContestManagerBean.addDocument(ContestManagerBean.java:949)
	at com.topcoder.service.studio.contest.bean.ContestManagerBeanUnitTest.testAddDocument_Failure1(ContestManagerBeanUnitTest.java:1609)
	at sun.reflect.NativeMethodAccessorImpl.invoke0(Native Method)
	at sun.reflect.NativeMethodAccessorImpl.invoke(NativeMethodAccessorImpl.java:39)
	at sun.reflect.DelegatingMethodAccessorImpl.invoke(DelegatingMethodAccessorImpl.java:25)
	at java.lang.reflect.Method.invoke(Method.java:585)
	at junit.framework.TestCase.runTest(TestCase.java:168)
	at junit.framework.TestCase.runBare(TestCase.java:134)
	at junit.framework.TestResult$1.protect(TestResult.java:110)
	at junit.framework.TestResult.runProtected(TestResult.java:128)
	at junit.framework.TestResult.run(TestResult.java:113)
	at junit.framework.TestCase.run(TestCase.java:124)
	at junit.framework.TestSuite.runTest(TestSuite.java:232)
	at junit.framework.TestSuite.run(TestSuite.java:227)
	at junit.framework.TestSuite.runTest(TestSuite.java:232)
	at junit.framework.TestSuite.run(TestSuite.java:227)
	at junit.framework.TestSuite.runTest(TestSuite.java:232)
	at junit.framework.TestSuite.run(TestSuite.java:227)
	at org.apache.tools.ant.taskdefs.optional.junit.JUnitTestRunner.run(JUnitTestRunner.java:421)
	at org.apache.tools.ant.taskdefs.optional.junit.JUnitTestRunner.launch(JUnitTestRunner.java:912)
	at org.apache.tools.ant.taskdefs.optional.junit.JUnitTestRunner.main(JUnitTestRunner.java:766)
[Exit method: addDocument()]
[Enter method: addDocument()]
[param1: null]
The EntityManager is closed.
com.topcoder.service.studio.contest.ContestManagementException: The EntityManager is closed.
	at com.topcoder.service.studio.contest.bean.ContestManagerBean.wrapContestManagementException(ContestManagerBean.java:2223)
	at com.topcoder.service.studio.contest.bean.ContestManagerBean.addDocument(ContestManagerBean.java:977)
	at com.topcoder.service.studio.contest.bean.ContestManagerBeanUnitTest.testAddDocument_Failure3(ContestManagerBeanUnitTest.java:1637)
	at sun.reflect.NativeMethodAccessorImpl.invoke0(Native Method)
	at sun.reflect.NativeMethodAccessorImpl.invoke(NativeMethodAccessorImpl.java:39)
	at sun.reflect.DelegatingMethodAccessorImpl.invoke(DelegatingMethodAccessorImpl.java:25)
	at java.lang.reflect.Method.invoke(Method.java:585)
	at junit.framework.TestCase.runTest(TestCase.java:168)
	at junit.framework.TestCase.runBare(TestCase.java:134)
	at junit.framework.TestResult$1.protect(TestResult.java:110)
	at junit.framework.TestResult.runProtected(TestResult.java:128)
	at junit.framework.TestResult.run(TestResult.java:113)
	at junit.framework.TestCase.run(TestCase.java:124)
	at junit.framework.TestSuite.runTest(TestSuite.java:232)
	at junit.framework.TestSuite.run(TestSuite.java:227)
	at junit.framework.TestSuite.runTest(TestSuite.java:232)
	at junit.framework.TestSuite.run(TestSuite.java:227)
	at junit.framework.TestSuite.runTest(TestSuite.java:232)
	at junit.framework.TestSuite.run(TestSuite.java:227)
	at org.apache.tools.ant.taskdefs.optional.junit.JUnitTestRunner.run(JUnitTestRunner.java:421)
	at org.apache.tools.ant.taskdefs.optional.junit.JUnitTestRunner.launch(JUnitTestRunner.java:912)
	at org.apache.tools.ant.taskdefs.optional.junit.JUnitTestRunner.main(JUnitTestRunner.java:766)
Caused by: java.lang.IllegalStateException: EntityManager is closed
	at org.hibernate.ejb.EntityManagerImpl.getSession(EntityManagerImpl.java:42)
	at org.hibernate.ejb.AbstractEntityManagerImpl.find(AbstractEntityManagerImpl.java:175)
	at com.topcoder.service.studio.contest.bean.MockEntityManager.find(MockEntityManager.java:136)
	at com.topcoder.service.studio.contest.bean.ContestManagerBean.addDocument(ContestManagerBean.java:958)
	... 20 more
[Exit method: addDocument()]
[Enter method: addDocument()]
[param1: null]
This method is required to run in transaction.
com.topcoder.service.studio.contest.ContestManagementException: This method is required to run in transaction.
	at com.topcoder.service.studio.contest.bean.ContestManagerBean.wrapContestManagementException(ContestManagerBean.java:2223)
	at com.topcoder.service.studio.contest.bean.ContestManagerBean.addDocument(ContestManagerBean.java:980)
	at com.topcoder.service.studio.contest.bean.ContestManagerBeanUnitTest.testAddDocument_Failure4(ContestManagerBeanUnitTest.java:1665)
	at sun.reflect.NativeMethodAccessorImpl.invoke0(Native Method)
	at sun.reflect.NativeMethodAccessorImpl.invoke(NativeMethodAccessorImpl.java:39)
	at sun.reflect.DelegatingMethodAccessorImpl.invoke(DelegatingMethodAccessorImpl.java:25)
	at java.lang.reflect.Method.invoke(Method.java:585)
	at junit.framework.TestCase.runTest(TestCase.java:168)
	at junit.framework.TestCase.runBare(TestCase.java:134)
	at junit.framework.TestResult$1.protect(TestResult.java:110)
	at junit.framework.TestResult.runProtected(TestResult.java:128)
	at junit.framework.TestResult.run(TestResult.java:113)
	at junit.framework.TestCase.run(TestCase.java:124)
	at junit.framework.TestSuite.runTest(TestSuite.java:232)
	at junit.framework.TestSuite.run(TestSuite.java:227)
	at junit.framework.TestSuite.runTest(TestSuite.java:232)
	at junit.framework.TestSuite.run(TestSuite.java:227)
	at junit.framework.TestSuite.runTest(TestSuite.java:232)
	at junit.framework.TestSuite.run(TestSuite.java:227)
	at org.apache.tools.ant.taskdefs.optional.junit.JUnitTestRunner.run(JUnitTestRunner.java:421)
	at org.apache.tools.ant.taskdefs.optional.junit.JUnitTestRunner.launch(JUnitTestRunner.java:912)
	at org.apache.tools.ant.taskdefs.optional.junit.JUnitTestRunner.main(JUnitTestRunner.java:766)
Caused by: javax.persistence.TransactionRequiredException
	at com.topcoder.service.studio.contest.bean.MockEntityManager.find(MockEntityManager.java:133)
	at com.topcoder.service.studio.contest.bean.ContestManagerBean.addDocument(ContestManagerBean.java:958)
	... 20 more
[Exit method: addDocument()]
[Enter method: addDocument()]
[param1: null]
There are errors while persisting the entity.
com.topcoder.service.studio.contest.ContestManagementException: There are errors while persisting the entity.
	at com.topcoder.service.studio.contest.bean.ContestManagerBean.wrapContestManagementException(ContestManagerBean.java:2223)
	at com.topcoder.service.studio.contest.bean.ContestManagerBean.addDocument(ContestManagerBean.java:983)
	at com.topcoder.service.studio.contest.bean.ContestManagerBeanUnitTest.testAddDocument_Failure5(ContestManagerBeanUnitTest.java:1693)
	at sun.reflect.NativeMethodAccessorImpl.invoke0(Native Method)
	at sun.reflect.NativeMethodAccessorImpl.invoke(NativeMethodAccessorImpl.java:39)
	at sun.reflect.DelegatingMethodAccessorImpl.invoke(DelegatingMethodAccessorImpl.java:25)
	at java.lang.reflect.Method.invoke(Method.java:585)
	at junit.framework.TestCase.runTest(TestCase.java:168)
	at junit.framework.TestCase.runBare(TestCase.java:134)
	at junit.framework.TestResult$1.protect(TestResult.java:110)
	at junit.framework.TestResult.runProtected(TestResult.java:128)
	at junit.framework.TestResult.run(TestResult.java:113)
	at junit.framework.TestCase.run(TestCase.java:124)
	at junit.framework.TestSuite.runTest(TestSuite.java:232)
	at junit.framework.TestSuite.run(TestSuite.java:227)
	at junit.framework.TestSuite.runTest(TestSuite.java:232)
	at junit.framework.TestSuite.run(TestSuite.java:227)
	at junit.framework.TestSuite.runTest(TestSuite.java:232)
	at junit.framework.TestSuite.run(TestSuite.java:227)
	at org.apache.tools.ant.taskdefs.optional.junit.JUnitTestRunner.run(JUnitTestRunner.java:421)
	at org.apache.tools.ant.taskdefs.optional.junit.JUnitTestRunner.launch(JUnitTestRunner.java:912)
	at org.apache.tools.ant.taskdefs.optional.junit.JUnitTestRunner.main(JUnitTestRunner.java:766)
Caused by: javax.persistence.PersistenceException
	at com.topcoder.service.studio.contest.bean.MockEntityManager.find(MockEntityManager.java:129)
	at com.topcoder.service.studio.contest.bean.ContestManagerBean.addDocument(ContestManagerBean.java:958)
	... 20 more
[Exit method: addDocument()]
[Enter method: addDocument()]
[param1: null]
[Exit method: addDocument()]
[Enter method: updateDocument()]
[param1: 3]
[Exit method: updateDocument()]
[Enter method: getDocument()]
[param1: 3]
[Exit method: getDocument()]
[Enter method: updateDocument()]
[param1: null]
The document with id 'null' doesn't exist.
com.topcoder.service.studio.contest.EntityNotFoundException: The document with id 'null' doesn't exist.
	at com.topcoder.service.studio.contest.bean.ContestManagerBean.wrapEntityNotFoundException(ContestManagerBean.java:2186)
	at com.topcoder.service.studio.contest.bean.ContestManagerBean.updateDocument(ContestManagerBean.java:1012)
	at com.topcoder.service.studio.contest.bean.ContestManagerBeanUnitTest.testUpdateDocument_Failure1(ContestManagerBeanUnitTest.java:1776)
	at sun.reflect.NativeMethodAccessorImpl.invoke0(Native Method)
	at sun.reflect.NativeMethodAccessorImpl.invoke(NativeMethodAccessorImpl.java:39)
	at sun.reflect.DelegatingMethodAccessorImpl.invoke(DelegatingMethodAccessorImpl.java:25)
	at java.lang.reflect.Method.invoke(Method.java:585)
	at junit.framework.TestCase.runTest(TestCase.java:168)
	at junit.framework.TestCase.runBare(TestCase.java:134)
	at junit.framework.TestResult$1.protect(TestResult.java:110)
	at junit.framework.TestResult.runProtected(TestResult.java:128)
	at junit.framework.TestResult.run(TestResult.java:113)
	at junit.framework.TestCase.run(TestCase.java:124)
	at junit.framework.TestSuite.runTest(TestSuite.java:232)
	at junit.framework.TestSuite.run(TestSuite.java:227)
	at junit.framework.TestSuite.runTest(TestSuite.java:232)
	at junit.framework.TestSuite.run(TestSuite.java:227)
	at junit.framework.TestSuite.runTest(TestSuite.java:232)
	at junit.framework.TestSuite.run(TestSuite.java:227)
	at org.apache.tools.ant.taskdefs.optional.junit.JUnitTestRunner.run(JUnitTestRunner.java:421)
	at org.apache.tools.ant.taskdefs.optional.junit.JUnitTestRunner.launch(JUnitTestRunner.java:912)
	at org.apache.tools.ant.taskdefs.optional.junit.JUnitTestRunner.main(JUnitTestRunner.java:766)
[Exit method: updateDocument()]
[Enter method: addDocument()]
[param1: null]
Hibernate: /* load com.topcoder.service.studio.contest.FilePath */ select filepath0_.path_id as path1_9_0_, filepath0_.path as path9_0_, filepath0_.modify_date as modify3_9_0_ from path filepath0_ where filepath0_.path_id=?
The file path with specified defaultDocumentPathId doesn't exist.
com.topcoder.service.studio.contest.ContestManagementException: The file path with specified defaultDocumentPathId doesn't exist.
	at com.topcoder.service.studio.contest.bean.ContestManagerBean.wrapContestManagementException(ContestManagerBean.java:2204)
	at com.topcoder.service.studio.contest.bean.ContestManagerBean.addDocument(ContestManagerBean.java:962)
	at com.topcoder.service.studio.contest.bean.ContestManagerBeanUnitTest.testUpdateDocument_Failure2(ContestManagerBeanUnitTest.java:1806)
	at sun.reflect.NativeMethodAccessorImpl.invoke0(Native Method)
	at sun.reflect.NativeMethodAccessorImpl.invoke(NativeMethodAccessorImpl.java:39)
	at sun.reflect.DelegatingMethodAccessorImpl.invoke(DelegatingMethodAccessorImpl.java:25)
	at java.lang.reflect.Method.invoke(Method.java:585)
	at junit.framework.TestCase.runTest(TestCase.java:168)
	at junit.framework.TestCase.runBare(TestCase.java:134)
	at junit.framework.TestResult$1.protect(TestResult.java:110)
	at junit.framework.TestResult.runProtected(TestResult.java:128)
	at junit.framework.TestResult.run(TestResult.java:113)
	at junit.framework.TestCase.run(TestCase.java:124)
	at junit.framework.TestSuite.runTest(TestSuite.java:232)
	at junit.framework.TestSuite.run(TestSuite.java:227)
	at junit.framework.TestSuite.runTest(TestSuite.java:232)
	at junit.framework.TestSuite.run(TestSuite.java:227)
	at junit.framework.TestSuite.runTest(TestSuite.java:232)
	at junit.framework.TestSuite.run(TestSuite.java:227)
	at org.apache.tools.ant.taskdefs.optional.junit.JUnitTestRunner.run(JUnitTestRunner.java:421)
	at org.apache.tools.ant.taskdefs.optional.junit.JUnitTestRunner.launch(JUnitTestRunner.java:912)
	at org.apache.tools.ant.taskdefs.optional.junit.JUnitTestRunner.main(JUnitTestRunner.java:766)
[Exit method: addDocument()]
[Enter method: addDocument()]
[param1: null]
Hibernate: /* load com.topcoder.service.studio.contest.FilePath */ select filepath0_.path_id as path1_9_0_, filepath0_.path as path9_0_, filepath0_.modify_date as modify3_9_0_ from path filepath0_ where filepath0_.path_id=?
The file path with specified defaultDocumentPathId doesn't exist.
com.topcoder.service.studio.contest.ContestManagementException: The file path with specified defaultDocumentPathId doesn't exist.
	at com.topcoder.service.studio.contest.bean.ContestManagerBean.wrapContestManagementException(ContestManagerBean.java:2204)
	at com.topcoder.service.studio.contest.bean.ContestManagerBean.addDocument(ContestManagerBean.java:962)
	at com.topcoder.service.studio.contest.bean.ContestManagerBeanUnitTest.testUpdateDocument_Failure3(ContestManagerBeanUnitTest.java:1839)
	at sun.reflect.NativeMethodAccessorImpl.invoke0(Native Method)
	at sun.reflect.NativeMethodAccessorImpl.invoke(NativeMethodAccessorImpl.java:39)
	at sun.reflect.DelegatingMethodAccessorImpl.invoke(DelegatingMethodAccessorImpl.java:25)
	at java.lang.reflect.Method.invoke(Method.java:585)
	at junit.framework.TestCase.runTest(TestCase.java:168)
	at junit.framework.TestCase.runBare(TestCase.java:134)
	at junit.framework.TestResult$1.protect(TestResult.java:110)
	at junit.framework.TestResult.runProtected(TestResult.java:128)
	at junit.framework.TestResult.run(TestResult.java:113)
	at junit.framework.TestCase.run(TestCase.java:124)
	at junit.framework.TestSuite.runTest(TestSuite.java:232)
	at junit.framework.TestSuite.run(TestSuite.java:227)
	at junit.framework.TestSuite.runTest(TestSuite.java:232)
	at junit.framework.TestSuite.run(TestSuite.java:227)
	at junit.framework.TestSuite.runTest(TestSuite.java:232)
	at junit.framework.TestSuite.run(TestSuite.java:227)
	at org.apache.tools.ant.taskdefs.optional.junit.JUnitTestRunner.run(JUnitTestRunner.java:421)
	at org.apache.tools.ant.taskdefs.optional.junit.JUnitTestRunner.launch(JUnitTestRunner.java:912)
	at org.apache.tools.ant.taskdefs.optional.junit.JUnitTestRunner.main(JUnitTestRunner.java:766)
[Exit method: addDocument()]
[Enter method: addDocument()]
[param1: null]
Hibernate: /* load com.topcoder.service.studio.contest.FilePath */ select filepath0_.path_id as path1_9_0_, filepath0_.path as path9_0_, filepath0_.modify_date as modify3_9_0_ from path filepath0_ where filepath0_.path_id=?
The file path with specified defaultDocumentPathId doesn't exist.
com.topcoder.service.studio.contest.ContestManagementException: The file path with specified defaultDocumentPathId doesn't exist.
	at com.topcoder.service.studio.contest.bean.ContestManagerBean.wrapContestManagementException(ContestManagerBean.java:2204)
	at com.topcoder.service.studio.contest.bean.ContestManagerBean.addDocument(ContestManagerBean.java:962)
	at com.topcoder.service.studio.contest.bean.ContestManagerBeanUnitTest.testUpdateDocument_Failure4(ContestManagerBeanUnitTest.java:1873)
	at sun.reflect.NativeMethodAccessorImpl.invoke0(Native Method)
	at sun.reflect.NativeMethodAccessorImpl.invoke(NativeMethodAccessorImpl.java:39)
	at sun.reflect.DelegatingMethodAccessorImpl.invoke(DelegatingMethodAccessorImpl.java:25)
	at java.lang.reflect.Method.invoke(Method.java:585)
	at junit.framework.TestCase.runTest(TestCase.java:168)
	at junit.framework.TestCase.runBare(TestCase.java:134)
	at junit.framework.TestResult$1.protect(TestResult.java:110)
	at junit.framework.TestResult.runProtected(TestResult.java:128)
	at junit.framework.TestResult.run(TestResult.java:113)
	at junit.framework.TestCase.run(TestCase.java:124)
	at junit.framework.TestSuite.runTest(TestSuite.java:232)
	at junit.framework.TestSuite.run(TestSuite.java:227)
	at junit.framework.TestSuite.runTest(TestSuite.java:232)
	at junit.framework.TestSuite.run(TestSuite.java:227)
	at junit.framework.TestSuite.runTest(TestSuite.java:232)
	at junit.framework.TestSuite.run(TestSuite.java:227)
	at org.apache.tools.ant.taskdefs.optional.junit.JUnitTestRunner.run(JUnitTestRunner.java:421)
	at org.apache.tools.ant.taskdefs.optional.junit.JUnitTestRunner.launch(JUnitTestRunner.java:912)
	at org.apache.tools.ant.taskdefs.optional.junit.JUnitTestRunner.main(JUnitTestRunner.java:766)
[Exit method: addDocument()]
[Enter method: addDocument()]
[param1: null]
[Exit method: addDocument()]
[Enter method: getDocument()]
[param1: 4]
[Exit method: getDocument()]
[Enter method: getDocument()]
[param1: 1]
The EntityManager is closed.
com.topcoder.service.studio.contest.ContestManagementException: The EntityManager is closed.
	at com.topcoder.service.studio.contest.bean.ContestManagerBean.wrapContestManagementException(ContestManagerBean.java:2223)
	at com.topcoder.service.studio.contest.bean.ContestManagerBean.getDocument(ContestManagerBean.java:1054)
	at com.topcoder.service.studio.contest.bean.ContestManagerBeanUnitTest.testGetDocument_Failure1(ContestManagerBeanUnitTest.java:1949)
	at sun.reflect.NativeMethodAccessorImpl.invoke0(Native Method)
	at sun.reflect.NativeMethodAccessorImpl.invoke(NativeMethodAccessorImpl.java:39)
	at sun.reflect.DelegatingMethodAccessorImpl.invoke(DelegatingMethodAccessorImpl.java:25)
	at java.lang.reflect.Method.invoke(Method.java:585)
	at junit.framework.TestCase.runTest(TestCase.java:168)
	at junit.framework.TestCase.runBare(TestCase.java:134)
	at junit.framework.TestResult$1.protect(TestResult.java:110)
	at junit.framework.TestResult.runProtected(TestResult.java:128)
	at junit.framework.TestResult.run(TestResult.java:113)
	at junit.framework.TestCase.run(TestCase.java:124)
	at junit.framework.TestSuite.runTest(TestSuite.java:232)
	at junit.framework.TestSuite.run(TestSuite.java:227)
	at junit.framework.TestSuite.runTest(TestSuite.java:232)
	at junit.framework.TestSuite.run(TestSuite.java:227)
	at junit.framework.TestSuite.runTest(TestSuite.java:232)
	at junit.framework.TestSuite.run(TestSuite.java:227)
	at org.apache.tools.ant.taskdefs.optional.junit.JUnitTestRunner.run(JUnitTestRunner.java:421)
	at org.apache.tools.ant.taskdefs.optional.junit.JUnitTestRunner.launch(JUnitTestRunner.java:912)
	at org.apache.tools.ant.taskdefs.optional.junit.JUnitTestRunner.main(JUnitTestRunner.java:766)
Caused by: java.lang.IllegalStateException: EntityManager is closed
	at org.hibernate.ejb.EntityManagerImpl.getSession(EntityManagerImpl.java:42)
	at org.hibernate.ejb.AbstractEntityManagerImpl.find(AbstractEntityManagerImpl.java:175)
	at com.topcoder.service.studio.contest.bean.MockEntityManager.find(MockEntityManager.java:136)
	at com.topcoder.service.studio.contest.bean.ContestManagerBean.getDocument(ContestManagerBean.java:1050)
	... 20 more
[Exit method: getDocument()]
[Enter method: getDocument()]
[param1: 1]
There are errors while persisting the entity.
com.topcoder.service.studio.contest.ContestManagementException: There are errors while persisting the entity.
	at com.topcoder.service.studio.contest.bean.ContestManagerBean.wrapContestManagementException(ContestManagerBean.java:2223)
	at com.topcoder.service.studio.contest.bean.ContestManagerBean.getDocument(ContestManagerBean.java:1057)
	at com.topcoder.service.studio.contest.bean.ContestManagerBeanUnitTest.testGetDocument_Failure2(ContestManagerBeanUnitTest.java:1973)
	at sun.reflect.NativeMethodAccessorImpl.invoke0(Native Method)
	at sun.reflect.NativeMethodAccessorImpl.invoke(NativeMethodAccessorImpl.java:39)
	at sun.reflect.DelegatingMethodAccessorImpl.invoke(DelegatingMethodAccessorImpl.java:25)
	at java.lang.reflect.Method.invoke(Method.java:585)
	at junit.framework.TestCase.runTest(TestCase.java:168)
	at junit.framework.TestCase.runBare(TestCase.java:134)
	at junit.framework.TestResult$1.protect(TestResult.java:110)
	at junit.framework.TestResult.runProtected(TestResult.java:128)
	at junit.framework.TestResult.run(TestResult.java:113)
	at junit.framework.TestCase.run(TestCase.java:124)
	at junit.framework.TestSuite.runTest(TestSuite.java:232)
	at junit.framework.TestSuite.run(TestSuite.java:227)
	at junit.framework.TestSuite.runTest(TestSuite.java:232)
	at junit.framework.TestSuite.run(TestSuite.java:227)
	at junit.framework.TestSuite.runTest(TestSuite.java:232)
	at junit.framework.TestSuite.run(TestSuite.java:227)
	at org.apache.tools.ant.taskdefs.optional.junit.JUnitTestRunner.run(JUnitTestRunner.java:421)
	at org.apache.tools.ant.taskdefs.optional.junit.JUnitTestRunner.launch(JUnitTestRunner.java:912)
	at org.apache.tools.ant.taskdefs.optional.junit.JUnitTestRunner.main(JUnitTestRunner.java:766)
Caused by: javax.persistence.PersistenceException
	at com.topcoder.service.studio.contest.bean.MockEntityManager.find(MockEntityManager.java:129)
	at com.topcoder.service.studio.contest.bean.ContestManagerBean.getDocument(ContestManagerBean.java:1050)
	... 20 more
[Exit method: getDocument()]
[Enter method: removeDocument()]
[param1: 1,000]
Hibernate: /* load com.topcoder.service.studio.contest.Document */ select document0_.document_id as document1_23_0_, document0_.original_file_name as original2_23_0_, document0_.system_file_name as system3_23_0_, document0_.path_id as path4_23_0_, document0_.mime_type_id as mime5_23_0_, document0_.document_type_id as document6_23_0_, document0_.create_date as create7_23_0_ from document document0_ where document0_.document_id=?
[Exit method: removeDocument()]
[Enter method: addDocument()]
[param1: null]
[Exit method: addDocument()]
[Enter method: removeDocument()]
[param1: 5]
[Exit method: removeDocument()]
[Enter method: removeDocument()]
[param1: 1]
The EntityManager is closed.
com.topcoder.service.studio.contest.ContestManagementException: The EntityManager is closed.
	at com.topcoder.service.studio.contest.bean.ContestManagerBean.wrapContestManagementException(ContestManagerBean.java:2223)
	at com.topcoder.service.studio.contest.bean.ContestManagerBean.removeDocument(ContestManagerBean.java:1094)
	at com.topcoder.service.studio.contest.bean.ContestManagerBeanUnitTest.testRemoveDocument_Failure1(ContestManagerBeanUnitTest.java:2062)
	at sun.reflect.NativeMethodAccessorImpl.invoke0(Native Method)
	at sun.reflect.NativeMethodAccessorImpl.invoke(NativeMethodAccessorImpl.java:39)
	at sun.reflect.DelegatingMethodAccessorImpl.invoke(DelegatingMethodAccessorImpl.java:25)
	at java.lang.reflect.Method.invoke(Method.java:585)
	at junit.framework.TestCase.runTest(TestCase.java:168)
	at junit.framework.TestCase.runBare(TestCase.java:134)
	at junit.framework.TestResult$1.protect(TestResult.java:110)
	at junit.framework.TestResult.runProtected(TestResult.java:128)
	at junit.framework.TestResult.run(TestResult.java:113)
	at junit.framework.TestCase.run(TestCase.java:124)
	at junit.framework.TestSuite.runTest(TestSuite.java:232)
	at junit.framework.TestSuite.run(TestSuite.java:227)
	at junit.framework.TestSuite.runTest(TestSuite.java:232)
	at junit.framework.TestSuite.run(TestSuite.java:227)
	at junit.framework.TestSuite.runTest(TestSuite.java:232)
	at junit.framework.TestSuite.run(TestSuite.java:227)
	at org.apache.tools.ant.taskdefs.optional.junit.JUnitTestRunner.run(JUnitTestRunner.java:421)
	at org.apache.tools.ant.taskdefs.optional.junit.JUnitTestRunner.launch(JUnitTestRunner.java:912)
	at org.apache.tools.ant.taskdefs.optional.junit.JUnitTestRunner.main(JUnitTestRunner.java:766)
Caused by: java.lang.IllegalStateException: EntityManager is closed
	at org.hibernate.ejb.EntityManagerImpl.getSession(EntityManagerImpl.java:42)
	at org.hibernate.ejb.AbstractEntityManagerImpl.find(AbstractEntityManagerImpl.java:175)
	at com.topcoder.service.studio.contest.bean.MockEntityManager.find(MockEntityManager.java:136)
	at com.topcoder.service.studio.contest.bean.ContestManagerBean.removeDocument(ContestManagerBean.java:1084)
	... 20 more
[Exit method: removeDocument()]
[Enter method: removeDocument()]
[param1: 1]
This method is required to run in transaction.
com.topcoder.service.studio.contest.ContestManagementException: This method is required to run in transaction.
	at com.topcoder.service.studio.contest.bean.ContestManagerBean.wrapContestManagementException(ContestManagerBean.java:2223)
	at com.topcoder.service.studio.contest.bean.ContestManagerBean.removeDocument(ContestManagerBean.java:1097)
	at com.topcoder.service.studio.contest.bean.ContestManagerBeanUnitTest.testRemoveDocument_Failure2(ContestManagerBeanUnitTest.java:2086)
	at sun.reflect.NativeMethodAccessorImpl.invoke0(Native Method)
	at sun.reflect.NativeMethodAccessorImpl.invoke(NativeMethodAccessorImpl.java:39)
	at sun.reflect.DelegatingMethodAccessorImpl.invoke(DelegatingMethodAccessorImpl.java:25)
	at java.lang.reflect.Method.invoke(Method.java:585)
	at junit.framework.TestCase.runTest(TestCase.java:168)
	at junit.framework.TestCase.runBare(TestCase.java:134)
	at junit.framework.TestResult$1.protect(TestResult.java:110)
	at junit.framework.TestResult.runProtected(TestResult.java:128)
	at junit.framework.TestResult.run(TestResult.java:113)
	at junit.framework.TestCase.run(TestCase.java:124)
	at junit.framework.TestSuite.runTest(TestSuite.java:232)
	at junit.framework.TestSuite.run(TestSuite.java:227)
	at junit.framework.TestSuite.runTest(TestSuite.java:232)
	at junit.framework.TestSuite.run(TestSuite.java:227)
	at junit.framework.TestSuite.runTest(TestSuite.java:232)
	at junit.framework.TestSuite.run(TestSuite.java:227)
	at org.apache.tools.ant.taskdefs.optional.junit.JUnitTestRunner.run(JUnitTestRunner.java:421)
	at org.apache.tools.ant.taskdefs.optional.junit.JUnitTestRunner.launch(JUnitTestRunner.java:912)
	at org.apache.tools.ant.taskdefs.optional.junit.JUnitTestRunner.main(JUnitTestRunner.java:766)
Caused by: javax.persistence.TransactionRequiredException
	at com.topcoder.service.studio.contest.bean.MockEntityManager.find(MockEntityManager.java:133)
	at com.topcoder.service.studio.contest.bean.ContestManagerBean.removeDocument(ContestManagerBean.java:1084)
	... 20 more
[Exit method: removeDocument()]
[Enter method: removeDocument()]
[param1: 1]
There are errors while persisting the entity.
com.topcoder.service.studio.contest.ContestManagementException: There are errors while persisting the entity.
	at com.topcoder.service.studio.contest.bean.ContestManagerBean.wrapContestManagementException(ContestManagerBean.java:2223)
	at com.topcoder.service.studio.contest.bean.ContestManagerBean.removeDocument(ContestManagerBean.java:1100)
	at com.topcoder.service.studio.contest.bean.ContestManagerBeanUnitTest.testRemoveDocument_Failure3(ContestManagerBeanUnitTest.java:2110)
	at sun.reflect.NativeMethodAccessorImpl.invoke0(Native Method)
	at sun.reflect.NativeMethodAccessorImpl.invoke(NativeMethodAccessorImpl.java:39)
	at sun.reflect.DelegatingMethodAccessorImpl.invoke(DelegatingMethodAccessorImpl.java:25)
	at java.lang.reflect.Method.invoke(Method.java:585)
	at junit.framework.TestCase.runTest(TestCase.java:168)
	at junit.framework.TestCase.runBare(TestCase.java:134)
	at junit.framework.TestResult$1.protect(TestResult.java:110)
	at junit.framework.TestResult.runProtected(TestResult.java:128)
	at junit.framework.TestResult.run(TestResult.java:113)
	at junit.framework.TestCase.run(TestCase.java:124)
	at junit.framework.TestSuite.runTest(TestSuite.java:232)
	at junit.framework.TestSuite.run(TestSuite.java:227)
	at junit.framework.TestSuite.runTest(TestSuite.java:232)
	at junit.framework.TestSuite.run(TestSuite.java:227)
	at junit.framework.TestSuite.runTest(TestSuite.java:232)
	at junit.framework.TestSuite.run(TestSuite.java:227)
	at org.apache.tools.ant.taskdefs.optional.junit.JUnitTestRunner.run(JUnitTestRunner.java:421)
	at org.apache.tools.ant.taskdefs.optional.junit.JUnitTestRunner.launch(JUnitTestRunner.java:912)
	at org.apache.tools.ant.taskdefs.optional.junit.JUnitTestRunner.main(JUnitTestRunner.java:766)
Caused by: javax.persistence.PersistenceException
	at com.topcoder.service.studio.contest.bean.MockEntityManager.find(MockEntityManager.java:129)
	at com.topcoder.service.studio.contest.bean.ContestManagerBean.removeDocument(ContestManagerBean.java:1084)
	... 20 more
[Exit method: removeDocument()]
[Enter method: createContest()]
[param1: null]
[Exit method: createContest()]
[Enter method: addDocument()]
[param1: null]
[Exit method: addDocument()]
[Enter method: addDocumentToContest()]
[param1: 6, param2: 6]
[Exit method: addDocumentToContest()]
[Enter method: getContest()]
[param1: 6]
[Exit method: getContest()]
[Enter method: createContest()]
[param1: null]
[Exit method: createContest()]
[Enter method: addDocumentToContest()]
[param1: 1,000, param2: 7]
Hibernate: /* load com.topcoder.service.studio.contest.Document */ select document0_.document_id as document1_23_0_, document0_.original_file_name as original2_23_0_, document0_.system_file_name as system3_23_0_, document0_.path_id as path4_23_0_, document0_.mime_type_id as mime5_23_0_, document0_.document_type_id as document6_23_0_, document0_.create_date as create7_23_0_ from document document0_ where document0_.document_id=?
The document with id '1000' doesn't exist.
com.topcoder.service.studio.contest.EntityNotFoundException: The document with id '1000' doesn't exist.
	at com.topcoder.service.studio.contest.bean.ContestManagerBean.wrapEntityNotFoundException(ContestManagerBean.java:2186)
	at com.topcoder.service.studio.contest.bean.ContestManagerBean.addDocumentToContest(ContestManagerBean.java:1131)
	at com.topcoder.service.studio.contest.bean.ContestManagerBeanUnitTest.testAddDocumentToContest_Failure1(ContestManagerBeanUnitTest.java:2192)
	at sun.reflect.NativeMethodAccessorImpl.invoke0(Native Method)
	at sun.reflect.NativeMethodAccessorImpl.invoke(NativeMethodAccessorImpl.java:39)
	at sun.reflect.DelegatingMethodAccessorImpl.invoke(DelegatingMethodAccessorImpl.java:25)
	at java.lang.reflect.Method.invoke(Method.java:585)
	at junit.framework.TestCase.runTest(TestCase.java:168)
	at junit.framework.TestCase.runBare(TestCase.java:134)
	at junit.framework.TestResult$1.protect(TestResult.java:110)
	at junit.framework.TestResult.runProtected(TestResult.java:128)
	at junit.framework.TestResult.run(TestResult.java:113)
	at junit.framework.TestCase.run(TestCase.java:124)
	at junit.framework.TestSuite.runTest(TestSuite.java:232)
	at junit.framework.TestSuite.run(TestSuite.java:227)
	at junit.framework.TestSuite.runTest(TestSuite.java:232)
	at junit.framework.TestSuite.run(TestSuite.java:227)
	at junit.framework.TestSuite.runTest(TestSuite.java:232)
	at junit.framework.TestSuite.run(TestSuite.java:227)
	at org.apache.tools.ant.taskdefs.optional.junit.JUnitTestRunner.run(JUnitTestRunner.java:421)
	at org.apache.tools.ant.taskdefs.optional.junit.JUnitTestRunner.launch(JUnitTestRunner.java:912)
	at org.apache.tools.ant.taskdefs.optional.junit.JUnitTestRunner.main(JUnitTestRunner.java:766)
[Exit method: addDocumentToContest()]
[Enter method: addDocument()]
[param1: null]
[Exit method: addDocument()]
[Enter method: addDocumentToContest()]
[param1: 7, param2: 1,000]
Hibernate: /* load com.topcoder.service.studio.contest.Contest */ select contest0_.contest_id as contest1_18_0_, contest0_.contest_channel_id as contest2_18_0_, contest0_.name as name18_0_, contest0_.contest_type_id as contest4_18_0_, contest0_.project_id as project5_18_0_, contest0_.tc_direct_project_id as tc6_18_0_, contest0_.contest_status_id as contest7_18_0_, contest0_.forum_id as forum8_18_0_, contest0_.event_id as event9_18_0_, contest0_.start_time as start10_18_0_, contest0_.end_date as end11_18_0_, contest0_.winner_annoucement_deadline as winner12_18_0_, contest0_.creator_user_id as creator13_18_0_ from contest contest0_ where contest0_.contest_id=?
The contest with id '1000' doesn't exist.
com.topcoder.service.studio.contest.EntityNotFoundException: The contest with id '1000' doesn't exist.
	at com.topcoder.service.studio.contest.bean.ContestManagerBean.wrapEntityNotFoundException(ContestManagerBean.java:2186)
	at com.topcoder.service.studio.contest.bean.ContestManagerBean.addDocumentToContest(ContestManagerBean.java:1137)
	at com.topcoder.service.studio.contest.bean.ContestManagerBeanUnitTest.testAddDocumentToContest_Failure2(ContestManagerBeanUnitTest.java:2243)
	at sun.reflect.NativeMethodAccessorImpl.invoke0(Native Method)
	at sun.reflect.NativeMethodAccessorImpl.invoke(NativeMethodAccessorImpl.java:39)
	at sun.reflect.DelegatingMethodAccessorImpl.invoke(DelegatingMethodAccessorImpl.java:25)
	at java.lang.reflect.Method.invoke(Method.java:585)
	at junit.framework.TestCase.runTest(TestCase.java:168)
	at junit.framework.TestCase.runBare(TestCase.java:134)
	at junit.framework.TestResult$1.protect(TestResult.java:110)
	at junit.framework.TestResult.runProtected(TestResult.java:128)
	at junit.framework.TestResult.run(TestResult.java:113)
	at junit.framework.TestCase.run(TestCase.java:124)
	at junit.framework.TestSuite.runTest(TestSuite.java:232)
	at junit.framework.TestSuite.run(TestSuite.java:227)
	at junit.framework.TestSuite.runTest(TestSuite.java:232)
	at junit.framework.TestSuite.run(TestSuite.java:227)
	at junit.framework.TestSuite.runTest(TestSuite.java:232)
	at junit.framework.TestSuite.run(TestSuite.java:227)
	at org.apache.tools.ant.taskdefs.optional.junit.JUnitTestRunner.run(JUnitTestRunner.java:421)
	at org.apache.tools.ant.taskdefs.optional.junit.JUnitTestRunner.launch(JUnitTestRunner.java:912)
	at org.apache.tools.ant.taskdefs.optional.junit.JUnitTestRunner.main(JUnitTestRunner.java:766)
[Exit method: addDocumentToContest()]
[Enter method: addDocumentToContest()]
[param1: 1, param2: 1]
The EntityManager is closed.
com.topcoder.service.studio.contest.ContestManagementException: The EntityManager is closed.
	at com.topcoder.service.studio.contest.bean.ContestManagerBean.wrapContestManagementException(ContestManagerBean.java:2223)
	at com.topcoder.service.studio.contest.bean.ContestManagerBean.addDocumentToContest(ContestManagerBean.java:1145)
	at com.topcoder.service.studio.contest.bean.ContestManagerBeanUnitTest.testAddDocumentToContest_Failure3(ContestManagerBeanUnitTest.java:2266)
	at sun.reflect.NativeMethodAccessorImpl.invoke0(Native Method)
	at sun.reflect.NativeMethodAccessorImpl.invoke(NativeMethodAccessorImpl.java:39)
	at sun.reflect.DelegatingMethodAccessorImpl.invoke(DelegatingMethodAccessorImpl.java:25)
	at java.lang.reflect.Method.invoke(Method.java:585)
	at junit.framework.TestCase.runTest(TestCase.java:168)
	at junit.framework.TestCase.runBare(TestCase.java:134)
	at junit.framework.TestResult$1.protect(TestResult.java:110)
	at junit.framework.TestResult.runProtected(TestResult.java:128)
	at junit.framework.TestResult.run(TestResult.java:113)
	at junit.framework.TestCase.run(TestCase.java:124)
	at junit.framework.TestSuite.runTest(TestSuite.java:232)
	at junit.framework.TestSuite.run(TestSuite.java:227)
	at junit.framework.TestSuite.runTest(TestSuite.java:232)
	at junit.framework.TestSuite.run(TestSuite.java:227)
	at junit.framework.TestSuite.runTest(TestSuite.java:232)
	at junit.framework.TestSuite.run(TestSuite.java:227)
	at org.apache.tools.ant.taskdefs.optional.junit.JUnitTestRunner.run(JUnitTestRunner.java:421)
	at org.apache.tools.ant.taskdefs.optional.junit.JUnitTestRunner.launch(JUnitTestRunner.java:912)
	at org.apache.tools.ant.taskdefs.optional.junit.JUnitTestRunner.main(JUnitTestRunner.java:766)
Caused by: java.lang.IllegalStateException: EntityManager is closed
	at org.hibernate.ejb.EntityManagerImpl.getSession(EntityManagerImpl.java:42)
	at org.hibernate.ejb.AbstractEntityManagerImpl.find(AbstractEntityManagerImpl.java:175)
	at com.topcoder.service.studio.contest.bean.MockEntityManager.find(MockEntityManager.java:136)
	at com.topcoder.service.studio.contest.bean.ContestManagerBean.addDocumentToContest(ContestManagerBean.java:1128)
	... 20 more
[Exit method: addDocumentToContest()]
[Enter method: addDocumentToContest()]
[param1: 1, param2: 1]
This method is required to run in transaction.
com.topcoder.service.studio.contest.ContestManagementException: This method is required to run in transaction.
	at com.topcoder.service.studio.contest.bean.ContestManagerBean.wrapContestManagementException(ContestManagerBean.java:2223)
	at com.topcoder.service.studio.contest.bean.ContestManagerBean.addDocumentToContest(ContestManagerBean.java:1148)
	at com.topcoder.service.studio.contest.bean.ContestManagerBeanUnitTest.testAddDocumentToContest_Failure4(ContestManagerBeanUnitTest.java:2290)
	at sun.reflect.NativeMethodAccessorImpl.invoke0(Native Method)
	at sun.reflect.NativeMethodAccessorImpl.invoke(NativeMethodAccessorImpl.java:39)
	at sun.reflect.DelegatingMethodAccessorImpl.invoke(DelegatingMethodAccessorImpl.java:25)
	at java.lang.reflect.Method.invoke(Method.java:585)
	at junit.framework.TestCase.runTest(TestCase.java:168)
	at junit.framework.TestCase.runBare(TestCase.java:134)
	at junit.framework.TestResult$1.protect(TestResult.java:110)
	at junit.framework.TestResult.runProtected(TestResult.java:128)
	at junit.framework.TestResult.run(TestResult.java:113)
	at junit.framework.TestCase.run(TestCase.java:124)
	at junit.framework.TestSuite.runTest(TestSuite.java:232)
	at junit.framework.TestSuite.run(TestSuite.java:227)
	at junit.framework.TestSuite.runTest(TestSuite.java:232)
	at junit.framework.TestSuite.run(TestSuite.java:227)
	at junit.framework.TestSuite.runTest(TestSuite.java:232)
	at junit.framework.TestSuite.run(TestSuite.java:227)
	at org.apache.tools.ant.taskdefs.optional.junit.JUnitTestRunner.run(JUnitTestRunner.java:421)
	at org.apache.tools.ant.taskdefs.optional.junit.JUnitTestRunner.launch(JUnitTestRunner.java:912)
	at org.apache.tools.ant.taskdefs.optional.junit.JUnitTestRunner.main(JUnitTestRunner.java:766)
Caused by: javax.persistence.TransactionRequiredException
	at com.topcoder.service.studio.contest.bean.MockEntityManager.find(MockEntityManager.java:133)
	at com.topcoder.service.studio.contest.bean.ContestManagerBean.addDocumentToContest(ContestManagerBean.java:1128)
	... 20 more
[Exit method: addDocumentToContest()]
[Enter method: addDocumentToContest()]
[param1: 1, param2: 1]
There are errors while persisting the entity.
com.topcoder.service.studio.contest.ContestManagementException: There are errors while persisting the entity.
	at com.topcoder.service.studio.contest.bean.ContestManagerBean.wrapContestManagementException(ContestManagerBean.java:2223)
	at com.topcoder.service.studio.contest.bean.ContestManagerBean.addDocumentToContest(ContestManagerBean.java:1151)
	at com.topcoder.service.studio.contest.bean.ContestManagerBeanUnitTest.testAddDocumentToContest_Failure5(ContestManagerBeanUnitTest.java:2314)
	at sun.reflect.NativeMethodAccessorImpl.invoke0(Native Method)
	at sun.reflect.NativeMethodAccessorImpl.invoke(NativeMethodAccessorImpl.java:39)
	at sun.reflect.DelegatingMethodAccessorImpl.invoke(DelegatingMethodAccessorImpl.java:25)
	at java.lang.reflect.Method.invoke(Method.java:585)
	at junit.framework.TestCase.runTest(TestCase.java:168)
	at junit.framework.TestCase.runBare(TestCase.java:134)
	at junit.framework.TestResult$1.protect(TestResult.java:110)
	at junit.framework.TestResult.runProtected(TestResult.java:128)
	at junit.framework.TestResult.run(TestResult.java:113)
	at junit.framework.TestCase.run(TestCase.java:124)
	at junit.framework.TestSuite.runTest(TestSuite.java:232)
	at junit.framework.TestSuite.run(TestSuite.java:227)
	at junit.framework.TestSuite.runTest(TestSuite.java:232)
	at junit.framework.TestSuite.run(TestSuite.java:227)
	at junit.framework.TestSuite.runTest(TestSuite.java:232)
	at junit.framework.TestSuite.run(TestSuite.java:227)
	at org.apache.tools.ant.taskdefs.optional.junit.JUnitTestRunner.run(JUnitTestRunner.java:421)
	at org.apache.tools.ant.taskdefs.optional.junit.JUnitTestRunner.launch(JUnitTestRunner.java:912)
	at org.apache.tools.ant.taskdefs.optional.junit.JUnitTestRunner.main(JUnitTestRunner.java:766)
Caused by: javax.persistence.PersistenceException
	at com.topcoder.service.studio.contest.bean.MockEntityManager.find(MockEntityManager.java:129)
	at com.topcoder.service.studio.contest.bean.ContestManagerBean.addDocumentToContest(ContestManagerBean.java:1128)
	... 20 more
[Exit method: addDocumentToContest()]
[Enter method: createContest()]
[param1: null]
[Exit method: createContest()]
[Enter method: addDocument()]
[param1: null]
[Exit method: addDocument()]
[Enter method: addDocumentToContest()]
[param1: 8, param2: 8]
[Exit method: addDocumentToContest()]
[Enter method: removeDocumentFromContest()]
[param1: 8, param2: 8]
[Exit method: removeDocumentFromContest()]
[Enter method: createContest()]
[param1: null]
[Exit method: createContest()]
[Enter method: addDocument()]
[param1: null]
[Exit method: addDocument()]
[Enter method: removeDocumentFromContest()]
[param1: 9, param2: 9]
[Exit method: removeDocumentFromContest()]
[Enter method: createContest()]
[param1: null]
[Exit method: createContest()]
[Enter method: removeDocumentFromContest()]
[param1: 1,000, param2: 10]
Hibernate: /* load com.topcoder.service.studio.contest.Document */ select document0_.document_id as document1_23_0_, document0_.original_file_name as original2_23_0_, document0_.system_file_name as system3_23_0_, document0_.path_id as path4_23_0_, document0_.mime_type_id as mime5_23_0_, document0_.document_type_id as document6_23_0_, document0_.create_date as create7_23_0_ from document document0_ where document0_.document_id=?
The document with id '1000' doesn't exist.
com.topcoder.service.studio.contest.EntityNotFoundException: The document with id '1000' doesn't exist.
	at com.topcoder.service.studio.contest.bean.ContestManagerBean.wrapEntityNotFoundException(ContestManagerBean.java:2186)
	at com.topcoder.service.studio.contest.bean.ContestManagerBean.removeDocumentFromContest(ContestManagerBean.java:1184)
	at com.topcoder.service.studio.contest.bean.ContestManagerBeanUnitTest.testRemoveDocumentFromContest_Failure1(ContestManagerBeanUnitTest.java:2450)
	at sun.reflect.NativeMethodAccessorImpl.invoke0(Native Method)
	at sun.reflect.NativeMethodAccessorImpl.invoke(NativeMethodAccessorImpl.java:39)
	at sun.reflect.DelegatingMethodAccessorImpl.invoke(DelegatingMethodAccessorImpl.java:25)
	at java.lang.reflect.Method.invoke(Method.java:585)
	at junit.framework.TestCase.runTest(TestCase.java:168)
	at junit.framework.TestCase.runBare(TestCase.java:134)
	at junit.framework.TestResult$1.protect(TestResult.java:110)
	at junit.framework.TestResult.runProtected(TestResult.java:128)
	at junit.framework.TestResult.run(TestResult.java:113)
	at junit.framework.TestCase.run(TestCase.java:124)
	at junit.framework.TestSuite.runTest(TestSuite.java:232)
	at junit.framework.TestSuite.run(TestSuite.java:227)
	at junit.framework.TestSuite.runTest(TestSuite.java:232)
	at junit.framework.TestSuite.run(TestSuite.java:227)
	at junit.framework.TestSuite.runTest(TestSuite.java:232)
	at junit.framework.TestSuite.run(TestSuite.java:227)
	at org.apache.tools.ant.taskdefs.optional.junit.JUnitTestRunner.run(JUnitTestRunner.java:421)
	at org.apache.tools.ant.taskdefs.optional.junit.JUnitTestRunner.launch(JUnitTestRunner.java:912)
	at org.apache.tools.ant.taskdefs.optional.junit.JUnitTestRunner.main(JUnitTestRunner.java:766)
[Exit method: removeDocumentFromContest()]
[Enter method: addDocument()]
[param1: null]
[Exit method: addDocument()]
[Enter method: removeDocumentFromContest()]
[param1: 10, param2: 1,000]
Hibernate: /* load com.topcoder.service.studio.contest.Contest */ select contest0_.contest_id as contest1_18_0_, contest0_.contest_channel_id as contest2_18_0_, contest0_.name as name18_0_, contest0_.contest_type_id as contest4_18_0_, contest0_.project_id as project5_18_0_, contest0_.tc_direct_project_id as tc6_18_0_, contest0_.contest_status_id as contest7_18_0_, contest0_.forum_id as forum8_18_0_, contest0_.event_id as event9_18_0_, contest0_.start_time as start10_18_0_, contest0_.end_date as end11_18_0_, contest0_.winner_annoucement_deadline as winner12_18_0_, contest0_.creator_user_id as creator13_18_0_ from contest contest0_ where contest0_.contest_id=?
The contest with id '1000' doesn't exist.
com.topcoder.service.studio.contest.EntityNotFoundException: The contest with id '1000' doesn't exist.
	at com.topcoder.service.studio.contest.bean.ContestManagerBean.wrapEntityNotFoundException(ContestManagerBean.java:2186)
	at com.topcoder.service.studio.contest.bean.ContestManagerBean.removeDocumentFromContest(ContestManagerBean.java:1190)
	at com.topcoder.service.studio.contest.bean.ContestManagerBeanUnitTest.testRemoveDocumentFromContest_Failure2(ContestManagerBeanUnitTest.java:2502)
	at sun.reflect.NativeMethodAccessorImpl.invoke0(Native Method)
	at sun.reflect.NativeMethodAccessorImpl.invoke(NativeMethodAccessorImpl.java:39)
	at sun.reflect.DelegatingMethodAccessorImpl.invoke(DelegatingMethodAccessorImpl.java:25)
	at java.lang.reflect.Method.invoke(Method.java:585)
	at junit.framework.TestCase.runTest(TestCase.java:168)
	at junit.framework.TestCase.runBare(TestCase.java:134)
	at junit.framework.TestResult$1.protect(TestResult.java:110)
	at junit.framework.TestResult.runProtected(TestResult.java:128)
	at junit.framework.TestResult.run(TestResult.java:113)
	at junit.framework.TestCase.run(TestCase.java:124)
	at junit.framework.TestSuite.runTest(TestSuite.java:232)
	at junit.framework.TestSuite.run(TestSuite.java:227)
	at junit.framework.TestSuite.runTest(TestSuite.java:232)
	at junit.framework.TestSuite.run(TestSuite.java:227)
	at junit.framework.TestSuite.runTest(TestSuite.java:232)
	at junit.framework.TestSuite.run(TestSuite.java:227)
	at org.apache.tools.ant.taskdefs.optional.junit.JUnitTestRunner.run(JUnitTestRunner.java:421)
	at org.apache.tools.ant.taskdefs.optional.junit.JUnitTestRunner.launch(JUnitTestRunner.java:912)
	at org.apache.tools.ant.taskdefs.optional.junit.JUnitTestRunner.main(JUnitTestRunner.java:766)
[Exit method: removeDocumentFromContest()]
[Enter method: removeDocumentFromContest()]
[param1: 1, param2: 1]
The EntityManager is closed.
com.topcoder.service.studio.contest.ContestManagementException: The EntityManager is closed.
	at com.topcoder.service.studio.contest.bean.ContestManagerBean.wrapContestManagementException(ContestManagerBean.java:2223)
	at com.topcoder.service.studio.contest.bean.ContestManagerBean.removeDocumentFromContest(ContestManagerBean.java:1204)
	at com.topcoder.service.studio.contest.bean.ContestManagerBeanUnitTest.testremoveDocumentFromContest_Failure3(ContestManagerBeanUnitTest.java:2526)
	at sun.reflect.NativeMethodAccessorImpl.invoke0(Native Method)
	at sun.reflect.NativeMethodAccessorImpl.invoke(NativeMethodAccessorImpl.java:39)
	at sun.reflect.DelegatingMethodAccessorImpl.invoke(DelegatingMethodAccessorImpl.java:25)
	at java.lang.reflect.Method.invoke(Method.java:585)
	at junit.framework.TestCase.runTest(TestCase.java:168)
	at junit.framework.TestCase.runBare(TestCase.java:134)
	at junit.framework.TestResult$1.protect(TestResult.java:110)
	at junit.framework.TestResult.runProtected(TestResult.java:128)
	at junit.framework.TestResult.run(TestResult.java:113)
	at junit.framework.TestCase.run(TestCase.java:124)
	at junit.framework.TestSuite.runTest(TestSuite.java:232)
	at junit.framework.TestSuite.run(TestSuite.java:227)
	at junit.framework.TestSuite.runTest(TestSuite.java:232)
	at junit.framework.TestSuite.run(TestSuite.java:227)
	at junit.framework.TestSuite.runTest(TestSuite.java:232)
	at junit.framework.TestSuite.run(TestSuite.java:227)
	at org.apache.tools.ant.taskdefs.optional.junit.JUnitTestRunner.run(JUnitTestRunner.java:421)
	at org.apache.tools.ant.taskdefs.optional.junit.JUnitTestRunner.launch(JUnitTestRunner.java:912)
	at org.apache.tools.ant.taskdefs.optional.junit.JUnitTestRunner.main(JUnitTestRunner.java:766)
Caused by: java.lang.IllegalStateException: EntityManager is closed
	at org.hibernate.ejb.EntityManagerImpl.getSession(EntityManagerImpl.java:42)
	at org.hibernate.ejb.AbstractEntityManagerImpl.find(AbstractEntityManagerImpl.java:175)
	at com.topcoder.service.studio.contest.bean.MockEntityManager.find(MockEntityManager.java:136)
	at com.topcoder.service.studio.contest.bean.ContestManagerBean.removeDocumentFromContest(ContestManagerBean.java:1181)
	... 20 more
[Exit method: removeDocumentFromContest()]
[Enter method: removeDocumentFromContest()]
[param1: 1, param2: 1]
This method is required to run in transaction.
com.topcoder.service.studio.contest.ContestManagementException: This method is required to run in transaction.
	at com.topcoder.service.studio.contest.bean.ContestManagerBean.wrapContestManagementException(ContestManagerBean.java:2223)
	at com.topcoder.service.studio.contest.bean.ContestManagerBean.removeDocumentFromContest(ContestManagerBean.java:1207)
	at com.topcoder.service.studio.contest.bean.ContestManagerBeanUnitTest.testremoveDocumentFromContest_Failure4(ContestManagerBeanUnitTest.java:2551)
	at sun.reflect.NativeMethodAccessorImpl.invoke0(Native Method)
	at sun.reflect.NativeMethodAccessorImpl.invoke(NativeMethodAccessorImpl.java:39)
	at sun.reflect.DelegatingMethodAccessorImpl.invoke(DelegatingMethodAccessorImpl.java:25)
	at java.lang.reflect.Method.invoke(Method.java:585)
	at junit.framework.TestCase.runTest(TestCase.java:168)
	at junit.framework.TestCase.runBare(TestCase.java:134)
	at junit.framework.TestResult$1.protect(TestResult.java:110)
	at junit.framework.TestResult.runProtected(TestResult.java:128)
	at junit.framework.TestResult.run(TestResult.java:113)
	at junit.framework.TestCase.run(TestCase.java:124)
	at junit.framework.TestSuite.runTest(TestSuite.java:232)
	at junit.framework.TestSuite.run(TestSuite.java:227)
	at junit.framework.TestSuite.runTest(TestSuite.java:232)
	at junit.framework.TestSuite.run(TestSuite.java:227)
	at junit.framework.TestSuite.runTest(TestSuite.java:232)
	at junit.framework.TestSuite.run(TestSuite.java:227)
	at org.apache.tools.ant.taskdefs.optional.junit.JUnitTestRunner.run(JUnitTestRunner.java:421)
	at org.apache.tools.ant.taskdefs.optional.junit.JUnitTestRunner.launch(JUnitTestRunner.java:912)
	at org.apache.tools.ant.taskdefs.optional.junit.JUnitTestRunner.main(JUnitTestRunner.java:766)
Caused by: javax.persistence.TransactionRequiredException
	at com.topcoder.service.studio.contest.bean.MockEntityManager.find(MockEntityManager.java:133)
	at com.topcoder.service.studio.contest.bean.ContestManagerBean.removeDocumentFromContest(ContestManagerBean.java:1181)
	... 20 more
[Exit method: removeDocumentFromContest()]
[Enter method: removeDocumentFromContest()]
[param1: 1, param2: 1]
There are errors while persisting the entity.
com.topcoder.service.studio.contest.ContestManagementException: There are errors while persisting the entity.
	at com.topcoder.service.studio.contest.bean.ContestManagerBean.wrapContestManagementException(ContestManagerBean.java:2223)
	at com.topcoder.service.studio.contest.bean.ContestManagerBean.removeDocumentFromContest(ContestManagerBean.java:1210)
	at com.topcoder.service.studio.contest.bean.ContestManagerBeanUnitTest.testremoveDocumentFromContest_Failure5(ContestManagerBeanUnitTest.java:2576)
	at sun.reflect.NativeMethodAccessorImpl.invoke0(Native Method)
	at sun.reflect.NativeMethodAccessorImpl.invoke(NativeMethodAccessorImpl.java:39)
	at sun.reflect.DelegatingMethodAccessorImpl.invoke(DelegatingMethodAccessorImpl.java:25)
	at java.lang.reflect.Method.invoke(Method.java:585)
	at junit.framework.TestCase.runTest(TestCase.java:168)
	at junit.framework.TestCase.runBare(TestCase.java:134)
	at junit.framework.TestResult$1.protect(TestResult.java:110)
	at junit.framework.TestResult.runProtected(TestResult.java:128)
	at junit.framework.TestResult.run(TestResult.java:113)
	at junit.framework.TestCase.run(TestCase.java:124)
	at junit.framework.TestSuite.runTest(TestSuite.java:232)
	at junit.framework.TestSuite.run(TestSuite.java:227)
	at junit.framework.TestSuite.runTest(TestSuite.java:232)
	at junit.framework.TestSuite.run(TestSuite.java:227)
	at junit.framework.TestSuite.runTest(TestSuite.java:232)
	at junit.framework.TestSuite.run(TestSuite.java:227)
	at org.apache.tools.ant.taskdefs.optional.junit.JUnitTestRunner.run(JUnitTestRunner.java:421)
	at org.apache.tools.ant.taskdefs.optional.junit.JUnitTestRunner.launch(JUnitTestRunner.java:912)
	at org.apache.tools.ant.taskdefs.optional.junit.JUnitTestRunner.main(JUnitTestRunner.java:766)
Caused by: javax.persistence.PersistenceException
	at com.topcoder.service.studio.contest.bean.MockEntityManager.find(MockEntityManager.java:129)
	at com.topcoder.service.studio.contest.bean.ContestManagerBean.removeDocumentFromContest(ContestManagerBean.java:1181)
	... 20 more
[Exit method: removeDocumentFromContest()]
Hibernate: select max(contest_type_id) from contest_type_lu
[Enter method: createContest()]
[param1: null]
[Exit method: createContest()]
[Enter method: updateContestStatus()]
[param1: 11, param2: 9]
[Exit method: updateContestStatus()]
[Enter method: updateContestStatus()]
[param1: 100, param2: 100]
Hibernate: /* load com.topcoder.service.studio.contest.Contest */ select contest0_.contest_id as contest1_18_0_, contest0_.contest_channel_id as contest2_18_0_, contest0_.name as name18_0_, contest0_.contest_type_id as contest4_18_0_, contest0_.project_id as project5_18_0_, contest0_.tc_direct_project_id as tc6_18_0_, contest0_.contest_status_id as contest7_18_0_, contest0_.forum_id as forum8_18_0_, contest0_.event_id as event9_18_0_, contest0_.start_time as start10_18_0_, contest0_.end_date as end11_18_0_, contest0_.winner_annoucement_deadline as winner12_18_0_, contest0_.creator_user_id as creator13_18_0_ from contest contest0_ where contest0_.contest_id=?
The contest with id '100' doesn't exist.
com.topcoder.service.studio.contest.EntityNotFoundException: The contest with id '100' doesn't exist.
	at com.topcoder.service.studio.contest.bean.ContestManagerBean.wrapEntityNotFoundException(ContestManagerBean.java:2186)
	at com.topcoder.service.studio.contest.bean.ContestManagerBean.updateContestStatus(ContestManagerBean.java:621)
	at com.topcoder.service.studio.contest.bean.ContestManagerBeanUnitTest2.testUpdateContestStatus_Failure1(ContestManagerBeanUnitTest2.java:3352)
	at sun.reflect.NativeMethodAccessorImpl.invoke0(Native Method)
	at sun.reflect.NativeMethodAccessorImpl.invoke(NativeMethodAccessorImpl.java:39)
	at sun.reflect.DelegatingMethodAccessorImpl.invoke(DelegatingMethodAccessorImpl.java:25)
	at java.lang.reflect.Method.invoke(Method.java:585)
	at junit.framework.TestCase.runTest(TestCase.java:168)
	at junit.framework.TestCase.runBare(TestCase.java:134)
	at junit.framework.TestResult$1.protect(TestResult.java:110)
	at junit.framework.TestResult.runProtected(TestResult.java:128)
	at junit.framework.TestResult.run(TestResult.java:113)
	at junit.framework.TestCase.run(TestCase.java:124)
	at junit.framework.TestSuite.runTest(TestSuite.java:232)
	at junit.framework.TestSuite.run(TestSuite.java:227)
	at junit.framework.TestSuite.runTest(TestSuite.java:232)
	at junit.framework.TestSuite.run(TestSuite.java:227)
	at junit.framework.TestSuite.runTest(TestSuite.java:232)
	at junit.framework.TestSuite.run(TestSuite.java:227)
	at org.apache.tools.ant.taskdefs.optional.junit.JUnitTestRunner.run(JUnitTestRunner.java:421)
	at org.apache.tools.ant.taskdefs.optional.junit.JUnitTestRunner.launch(JUnitTestRunner.java:912)
	at org.apache.tools.ant.taskdefs.optional.junit.JUnitTestRunner.main(JUnitTestRunner.java:766)
[Exit method: updateContestStatus()]
[Enter method: createContest()]
[param1: null]
[Exit method: createContest()]
[Enter method: updateContestStatus()]
[param1: 12, param2: 100]
Hibernate: /* load com.topcoder.service.studio.contest.ContestStatus */ select conteststa0_.contest_status_id as contest1_17_0_, conteststa0_.contest_status_desc as contest2_17_0_, conteststa0_.name as name17_0_ from contest_status_lu conteststa0_ where conteststa0_.contest_status_id=?
The contest status with id '100' doesn't exist.
com.topcoder.service.studio.contest.EntityNotFoundException: The contest status with id '100' doesn't exist.
	at com.topcoder.service.studio.contest.bean.ContestManagerBean.wrapEntityNotFoundException(ContestManagerBean.java:2186)
	at com.topcoder.service.studio.contest.bean.ContestManagerBean.updateContestStatus(ContestManagerBean.java:628)
	at com.topcoder.service.studio.contest.bean.ContestManagerBeanUnitTest2.testUpdateContestStatus_Failure2(ContestManagerBeanUnitTest2.java:3373)
	at sun.reflect.NativeMethodAccessorImpl.invoke0(Native Method)
	at sun.reflect.NativeMethodAccessorImpl.invoke(NativeMethodAccessorImpl.java:39)
	at sun.reflect.DelegatingMethodAccessorImpl.invoke(DelegatingMethodAccessorImpl.java:25)
	at java.lang.reflect.Method.invoke(Method.java:585)
	at junit.framework.TestCase.runTest(TestCase.java:168)
	at junit.framework.TestCase.runBare(TestCase.java:134)
	at junit.framework.TestResult$1.protect(TestResult.java:110)
	at junit.framework.TestResult.runProtected(TestResult.java:128)
	at junit.framework.TestResult.run(TestResult.java:113)
	at junit.framework.TestCase.run(TestCase.java:124)
	at junit.framework.TestSuite.runTest(TestSuite.java:232)
	at junit.framework.TestSuite.run(TestSuite.java:227)
	at junit.framework.TestSuite.runTest(TestSuite.java:232)
	at junit.framework.TestSuite.run(TestSuite.java:227)
	at junit.framework.TestSuite.runTest(TestSuite.java:232)
	at junit.framework.TestSuite.run(TestSuite.java:227)
	at org.apache.tools.ant.taskdefs.optional.junit.JUnitTestRunner.run(JUnitTestRunner.java:421)
	at org.apache.tools.ant.taskdefs.optional.junit.JUnitTestRunner.launch(JUnitTestRunner.java:912)
	at org.apache.tools.ant.taskdefs.optional.junit.JUnitTestRunner.main(JUnitTestRunner.java:766)
[Exit method: updateContestStatus()]
[Enter method: createContest()]
[param1: null]
[Exit method: createContest()]
[Enter method: updateContestStatus()]
[param1: 13, param2: 12]
The contest's status can't be change to dest status.
com.topcoder.service.studio.contest.ContestStatusTransitionException: The contest's status can't be change to dest status.
	at com.topcoder.service.studio.contest.bean.ContestManagerBean.updateContestStatus(ContestManagerBean.java:645)
	at com.topcoder.service.studio.contest.bean.ContestManagerBeanUnitTest2.testUpdateContestStatus_Failure3(ContestManagerBeanUnitTest2.java:3412)
	at sun.reflect.NativeMethodAccessorImpl.invoke0(Native Method)
	at sun.reflect.NativeMethodAccessorImpl.invoke(NativeMethodAccessorImpl.java:39)
	at sun.reflect.DelegatingMethodAccessorImpl.invoke(DelegatingMethodAccessorImpl.java:25)
	at java.lang.reflect.Method.invoke(Method.java:585)
	at junit.framework.TestCase.runTest(TestCase.java:168)
	at junit.framework.TestCase.runBare(TestCase.java:134)
	at junit.framework.TestResult$1.protect(TestResult.java:110)
	at junit.framework.TestResult.runProtected(TestResult.java:128)
	at junit.framework.TestResult.run(TestResult.java:113)
	at junit.framework.TestCase.run(TestCase.java:124)
	at junit.framework.TestSuite.runTest(TestSuite.java:232)
	at junit.framework.TestSuite.run(TestSuite.java:227)
	at junit.framework.TestSuite.runTest(TestSuite.java:232)
	at junit.framework.TestSuite.run(TestSuite.java:227)
	at junit.framework.TestSuite.runTest(TestSuite.java:232)
	at junit.framework.TestSuite.run(TestSuite.java:227)
	at org.apache.tools.ant.taskdefs.optional.junit.JUnitTestRunner.run(JUnitTestRunner.java:421)
	at org.apache.tools.ant.taskdefs.optional.junit.JUnitTestRunner.launch(JUnitTestRunner.java:912)
	at org.apache.tools.ant.taskdefs.optional.junit.JUnitTestRunner.main(JUnitTestRunner.java:766)
[Exit method: updateContestStatus()]
[Enter method: createContest()]
[param1: null]
[Exit method: createContest()]
[Enter method: updateContestStatus()]
[param1: 14, param2: 14]
The EntityManager is closed.
com.topcoder.service.studio.contest.ContestManagementException: The EntityManager is closed.
	at com.topcoder.service.studio.contest.bean.ContestManagerBean.wrapContestManagementException(ContestManagerBean.java:2223)
	at com.topcoder.service.studio.contest.bean.ContestManagerBean.updateContestStatus(ContestManagerBean.java:657)
	at com.topcoder.service.studio.contest.bean.ContestManagerBeanUnitTest2.testUpdateContestStatus_Failure4(ContestManagerBeanUnitTest2.java:3454)
	at sun.reflect.NativeMethodAccessorImpl.invoke0(Native Method)
	at sun.reflect.NativeMethodAccessorImpl.invoke(NativeMethodAccessorImpl.java:39)
	at sun.reflect.DelegatingMethodAccessorImpl.invoke(DelegatingMethodAccessorImpl.java:25)
	at java.lang.reflect.Method.invoke(Method.java:585)
	at junit.framework.TestCase.runTest(TestCase.java:168)
	at junit.framework.TestCase.runBare(TestCase.java:134)
	at junit.framework.TestResult$1.protect(TestResult.java:110)
	at junit.framework.TestResult.runProtected(TestResult.java:128)
	at junit.framework.TestResult.run(TestResult.java:113)
	at junit.framework.TestCase.run(TestCase.java:124)
	at junit.framework.TestSuite.runTest(TestSuite.java:232)
	at junit.framework.TestSuite.run(TestSuite.java:227)
	at junit.framework.TestSuite.runTest(TestSuite.java:232)
	at junit.framework.TestSuite.run(TestSuite.java:227)
	at junit.framework.TestSuite.runTest(TestSuite.java:232)
	at junit.framework.TestSuite.run(TestSuite.java:227)
	at org.apache.tools.ant.taskdefs.optional.junit.JUnitTestRunner.run(JUnitTestRunner.java:421)
	at org.apache.tools.ant.taskdefs.optional.junit.JUnitTestRunner.launch(JUnitTestRunner.java:912)
	at org.apache.tools.ant.taskdefs.optional.junit.JUnitTestRunner.main(JUnitTestRunner.java:766)
Caused by: java.lang.IllegalStateException: EntityManager is closed
	at org.hibernate.ejb.EntityManagerImpl.getSession(EntityManagerImpl.java:42)
	at org.hibernate.ejb.AbstractEntityManagerImpl.find(AbstractEntityManagerImpl.java:175)
	at com.topcoder.service.studio.contest.bean.MockEntityManager.find(MockEntityManager.java:136)
	at com.topcoder.service.studio.contest.bean.ContestManagerBean.updateContestStatus(ContestManagerBean.java:618)
	... 20 more
[Exit method: updateContestStatus()]
Hibernate: select max(file_type_id) from file_type_lu
[Enter method: addContestChannel()]
[param1: null]
Hibernate: select max(contest_channel_id) from contest_channel_lu
[Exit method: addContestChannel()]
[Enter method: addContestChannel()]
[param1: null]
[Exit method: addContestChannel()]
[Enter method: addContestChannel()]
[param1: 2]
The contest channel with id '2' already exists.
com.topcoder.service.studio.contest.EntityAlreadyExistsException: The contest channel with id '2' already exists.
	at com.topcoder.service.studio.contest.bean.ContestManagerBean.addContestChannel(ContestManagerBean.java:1242)
	at com.topcoder.service.studio.contest.bean.ContestManagerBeanUnitTest2.testAddContestChannel_Failure1(ContestManagerBeanUnitTest2.java:229)
	at sun.reflect.NativeMethodAccessorImpl.invoke0(Native Method)
	at sun.reflect.NativeMethodAccessorImpl.invoke(NativeMethodAccessorImpl.java:39)
	at sun.reflect.DelegatingMethodAccessorImpl.invoke(DelegatingMethodAccessorImpl.java:25)
	at java.lang.reflect.Method.invoke(Method.java:585)
	at junit.framework.TestCase.runTest(TestCase.java:168)
	at junit.framework.TestCase.runBare(TestCase.java:134)
	at junit.framework.TestResult$1.protect(TestResult.java:110)
	at junit.framework.TestResult.runProtected(TestResult.java:128)
	at junit.framework.TestResult.run(TestResult.java:113)
	at junit.framework.TestCase.run(TestCase.java:124)
	at junit.framework.TestSuite.runTest(TestSuite.java:232)
	at junit.framework.TestSuite.run(TestSuite.java:227)
	at junit.framework.TestSuite.runTest(TestSuite.java:232)
	at junit.framework.TestSuite.run(TestSuite.java:227)
	at junit.framework.TestSuite.runTest(TestSuite.java:232)
	at junit.framework.TestSuite.run(TestSuite.java:227)
	at org.apache.tools.ant.taskdefs.optional.junit.JUnitTestRunner.run(JUnitTestRunner.java:421)
	at org.apache.tools.ant.taskdefs.optional.junit.JUnitTestRunner.launch(JUnitTestRunner.java:912)
	at org.apache.tools.ant.taskdefs.optional.junit.JUnitTestRunner.main(JUnitTestRunner.java:766)
[Exit method: addContestChannel()]
[Enter method: addContestChannel()]
[param1: null]
The EntityManager is closed.
com.topcoder.service.studio.contest.ContestManagementException: The EntityManager is closed.
	at com.topcoder.service.studio.contest.bean.ContestManagerBean.wrapContestManagementException(ContestManagerBean.java:2223)
	at com.topcoder.service.studio.contest.bean.ContestManagerBean.addContestChannel(ContestManagerBean.java:1255)
	at com.topcoder.service.studio.contest.bean.ContestManagerBeanUnitTest2.testAddContestChannel_Failure3(ContestManagerBeanUnitTest2.java:267)
	at sun.reflect.NativeMethodAccessorImpl.invoke0(Native Method)
	at sun.reflect.NativeMethodAccessorImpl.invoke(NativeMethodAccessorImpl.java:39)
	at sun.reflect.DelegatingMethodAccessorImpl.invoke(DelegatingMethodAccessorImpl.java:25)
	at java.lang.reflect.Method.invoke(Method.java:585)
	at junit.framework.TestCase.runTest(TestCase.java:168)
	at junit.framework.TestCase.runBare(TestCase.java:134)
	at junit.framework.TestResult$1.protect(TestResult.java:110)
	at junit.framework.TestResult.runProtected(TestResult.java:128)
	at junit.framework.TestResult.run(TestResult.java:113)
	at junit.framework.TestCase.run(TestCase.java:124)
	at junit.framework.TestSuite.runTest(TestSuite.java:232)
	at junit.framework.TestSuite.run(TestSuite.java:227)
	at junit.framework.TestSuite.runTest(TestSuite.java:232)
	at junit.framework.TestSuite.run(TestSuite.java:227)
	at junit.framework.TestSuite.runTest(TestSuite.java:232)
	at junit.framework.TestSuite.run(TestSuite.java:227)
	at org.apache.tools.ant.taskdefs.optional.junit.JUnitTestRunner.run(JUnitTestRunner.java:421)
	at org.apache.tools.ant.taskdefs.optional.junit.JUnitTestRunner.launch(JUnitTestRunner.java:912)
	at org.apache.tools.ant.taskdefs.optional.junit.JUnitTestRunner.main(JUnitTestRunner.java:766)
Caused by: java.lang.IllegalStateException: EntityManager is closed
	at org.hibernate.ejb.EntityManagerImpl.getSession(EntityManagerImpl.java:42)
	at org.hibernate.ejb.AbstractEntityManagerImpl.persist(AbstractEntityManagerImpl.java:213)
	at com.topcoder.service.studio.contest.bean.MockEntityManager.persist(MockEntityManager.java:77)
	at com.topcoder.service.studio.contest.bean.ContestManagerBean.addContestChannel(ContestManagerBean.java:1251)
	... 20 more
[Exit method: addContestChannel()]
[Enter method: addContestChannel()]
[param1: null]
This method is required to run in transaction.
com.topcoder.service.studio.contest.ContestManagementException: This method is required to run in transaction.
	at com.topcoder.service.studio.contest.bean.ContestManagerBean.wrapContestManagementException(ContestManagerBean.java:2223)
	at com.topcoder.service.studio.contest.bean.ContestManagerBean.addContestChannel(ContestManagerBean.java:1258)
	at com.topcoder.service.studio.contest.bean.ContestManagerBeanUnitTest2.testAddContestChannel_Failure4(ContestManagerBeanUnitTest2.java:306)
	at sun.reflect.NativeMethodAccessorImpl.invoke0(Native Method)
	at sun.reflect.NativeMethodAccessorImpl.invoke(NativeMethodAccessorImpl.java:39)
	at sun.reflect.DelegatingMethodAccessorImpl.invoke(DelegatingMethodAccessorImpl.java:25)
	at java.lang.reflect.Method.invoke(Method.java:585)
	at junit.framework.TestCase.runTest(TestCase.java:168)
	at junit.framework.TestCase.runBare(TestCase.java:134)
	at junit.framework.TestResult$1.protect(TestResult.java:110)
	at junit.framework.TestResult.runProtected(TestResult.java:128)
	at junit.framework.TestResult.run(TestResult.java:113)
	at junit.framework.TestCase.run(TestCase.java:124)
	at junit.framework.TestSuite.runTest(TestSuite.java:232)
	at junit.framework.TestSuite.run(TestSuite.java:227)
	at junit.framework.TestSuite.runTest(TestSuite.java:232)
	at junit.framework.TestSuite.run(TestSuite.java:227)
	at junit.framework.TestSuite.runTest(TestSuite.java:232)
	at junit.framework.TestSuite.run(TestSuite.java:227)
	at org.apache.tools.ant.taskdefs.optional.junit.JUnitTestRunner.run(JUnitTestRunner.java:421)
	at org.apache.tools.ant.taskdefs.optional.junit.JUnitTestRunner.launch(JUnitTestRunner.java:912)
	at org.apache.tools.ant.taskdefs.optional.junit.JUnitTestRunner.main(JUnitTestRunner.java:766)
Caused by: javax.persistence.TransactionRequiredException
	at com.topcoder.service.studio.contest.bean.MockEntityManager.persist(MockEntityManager.java:74)
	at com.topcoder.service.studio.contest.bean.ContestManagerBean.addContestChannel(ContestManagerBean.java:1251)
	... 20 more
[Exit method: addContestChannel()]
[Enter method: addContestChannel()]
[param1: null]
There are errors while persisting the entity.
com.topcoder.service.studio.contest.ContestManagementException: There are errors while persisting the entity.
	at com.topcoder.service.studio.contest.bean.ContestManagerBean.wrapContestManagementException(ContestManagerBean.java:2223)
	at com.topcoder.service.studio.contest.bean.ContestManagerBean.addContestChannel(ContestManagerBean.java:1261)
	at com.topcoder.service.studio.contest.bean.ContestManagerBeanUnitTest2.testAddContestChannel_Failure5(ContestManagerBeanUnitTest2.java:344)
	at sun.reflect.NativeMethodAccessorImpl.invoke0(Native Method)
	at sun.reflect.NativeMethodAccessorImpl.invoke(NativeMethodAccessorImpl.java:39)
	at sun.reflect.DelegatingMethodAccessorImpl.invoke(DelegatingMethodAccessorImpl.java:25)
	at java.lang.reflect.Method.invoke(Method.java:585)
	at junit.framework.TestCase.runTest(TestCase.java:168)
	at junit.framework.TestCase.runBare(TestCase.java:134)
	at junit.framework.TestResult$1.protect(TestResult.java:110)
	at junit.framework.TestResult.runProtected(TestResult.java:128)
	at junit.framework.TestResult.run(TestResult.java:113)
	at junit.framework.TestCase.run(TestCase.java:124)
	at junit.framework.TestSuite.runTest(TestSuite.java:232)
	at junit.framework.TestSuite.run(TestSuite.java:227)
	at junit.framework.TestSuite.runTest(TestSuite.java:232)
	at junit.framework.TestSuite.run(TestSuite.java:227)
	at junit.framework.TestSuite.runTest(TestSuite.java:232)
	at junit.framework.TestSuite.run(TestSuite.java:227)
	at org.apache.tools.ant.taskdefs.optional.junit.JUnitTestRunner.run(JUnitTestRunner.java:421)
	at org.apache.tools.ant.taskdefs.optional.junit.JUnitTestRunner.launch(JUnitTestRunner.java:912)
	at org.apache.tools.ant.taskdefs.optional.junit.JUnitTestRunner.main(JUnitTestRunner.java:766)
Caused by: javax.persistence.PersistenceException
	at com.topcoder.service.studio.contest.bean.MockEntityManager.persist(MockEntityManager.java:70)
	at com.topcoder.service.studio.contest.bean.ContestManagerBean.addContestChannel(ContestManagerBean.java:1251)
	... 20 more
[Exit method: addContestChannel()]
[Enter method: addContestChannel()]
[param1: null]
[Exit method: addContestChannel()]
[Enter method: updateContestChannel()]
[param1: 3]
[Exit method: updateContestChannel()]
[Enter method: getContestChannel()]
[param1: 3]
[Exit method: getContestChannel()]
[Enter method: updateContestChannel()]
[param1: null]
The contest channel with id 'null' doesn't exist.
com.topcoder.service.studio.contest.EntityNotFoundException: The contest channel with id 'null' doesn't exist.
	at com.topcoder.service.studio.contest.bean.ContestManagerBean.wrapEntityNotFoundException(ContestManagerBean.java:2186)
	at com.topcoder.service.studio.contest.bean.ContestManagerBean.updateContestChannel(ContestManagerBean.java:1290)
	at com.topcoder.service.studio.contest.bean.ContestManagerBeanUnitTest2.testUpdateContestChannel_Failure1(ContestManagerBeanUnitTest2.java:420)
	at sun.reflect.NativeMethodAccessorImpl.invoke0(Native Method)
	at sun.reflect.NativeMethodAccessorImpl.invoke(NativeMethodAccessorImpl.java:39)
	at sun.reflect.DelegatingMethodAccessorImpl.invoke(DelegatingMethodAccessorImpl.java:25)
	at java.lang.reflect.Method.invoke(Method.java:585)
	at junit.framework.TestCase.runTest(TestCase.java:168)
	at junit.framework.TestCase.runBare(TestCase.java:134)
	at junit.framework.TestResult$1.protect(TestResult.java:110)
	at junit.framework.TestResult.runProtected(TestResult.java:128)
	at junit.framework.TestResult.run(TestResult.java:113)
	at junit.framework.TestCase.run(TestCase.java:124)
	at junit.framework.TestSuite.runTest(TestSuite.java:232)
	at junit.framework.TestSuite.run(TestSuite.java:227)
	at junit.framework.TestSuite.runTest(TestSuite.java:232)
	at junit.framework.TestSuite.run(TestSuite.java:227)
	at junit.framework.TestSuite.runTest(TestSuite.java:232)
	at junit.framework.TestSuite.run(TestSuite.java:227)
	at org.apache.tools.ant.taskdefs.optional.junit.JUnitTestRunner.run(JUnitTestRunner.java:421)
	at org.apache.tools.ant.taskdefs.optional.junit.JUnitTestRunner.launch(JUnitTestRunner.java:912)
	at org.apache.tools.ant.taskdefs.optional.junit.JUnitTestRunner.main(JUnitTestRunner.java:766)
[Exit method: updateContestChannel()]
[Enter method: addContestChannel()]
[param1: null]
[Exit method: addContestChannel()]
[Enter method: updateContestChannel()]
[param1: 4]
The EntityManager is closed.
com.topcoder.service.studio.contest.ContestManagementException: The EntityManager is closed.
	at com.topcoder.service.studio.contest.bean.ContestManagerBean.wrapContestManagementException(ContestManagerBean.java:2223)
	at com.topcoder.service.studio.contest.bean.ContestManagerBean.updateContestChannel(ContestManagerBean.java:1296)
	at com.topcoder.service.studio.contest.bean.ContestManagerBeanUnitTest2.testUpdateContestChannel_Failure2(ContestManagerBeanUnitTest2.java:460)
	at sun.reflect.NativeMethodAccessorImpl.invoke0(Native Method)
	at sun.reflect.NativeMethodAccessorImpl.invoke(NativeMethodAccessorImpl.java:39)
	at sun.reflect.DelegatingMethodAccessorImpl.invoke(DelegatingMethodAccessorImpl.java:25)
	at java.lang.reflect.Method.invoke(Method.java:585)
	at junit.framework.TestCase.runTest(TestCase.java:168)
	at junit.framework.TestCase.runBare(TestCase.java:134)
	at junit.framework.TestResult$1.protect(TestResult.java:110)
	at junit.framework.TestResult.runProtected(TestResult.java:128)
	at junit.framework.TestResult.run(TestResult.java:113)
	at junit.framework.TestCase.run(TestCase.java:124)
	at junit.framework.TestSuite.runTest(TestSuite.java:232)
	at junit.framework.TestSuite.run(TestSuite.java:227)
	at junit.framework.TestSuite.runTest(TestSuite.java:232)
	at junit.framework.TestSuite.run(TestSuite.java:227)
	at junit.framework.TestSuite.runTest(TestSuite.java:232)
	at junit.framework.TestSuite.run(TestSuite.java:227)
	at org.apache.tools.ant.taskdefs.optional.junit.JUnitTestRunner.run(JUnitTestRunner.java:421)
	at org.apache.tools.ant.taskdefs.optional.junit.JUnitTestRunner.launch(JUnitTestRunner.java:912)
	at org.apache.tools.ant.taskdefs.optional.junit.JUnitTestRunner.main(JUnitTestRunner.java:766)
Caused by: java.lang.IllegalStateException: EntityManager is closed
	at org.hibernate.ejb.EntityManagerImpl.getSession(EntityManagerImpl.java:42)
	at org.hibernate.ejb.AbstractEntityManagerImpl.find(AbstractEntityManagerImpl.java:175)
	at com.topcoder.service.studio.contest.bean.MockEntityManager.find(MockEntityManager.java:136)
	at com.topcoder.service.studio.contest.bean.ContestManagerBean.updateContestChannel(ContestManagerBean.java:1288)
	... 20 more
[Exit method: updateContestChannel()]
[Enter method: addContestChannel()]
[param1: null]
[Exit method: addContestChannel()]
[Enter method: updateContestChannel()]
[param1: 5]
This method is required to run in transaction.
com.topcoder.service.studio.contest.ContestManagementException: This method is required to run in transaction.
	at com.topcoder.service.studio.contest.bean.ContestManagerBean.wrapContestManagementException(ContestManagerBean.java:2223)
	at com.topcoder.service.studio.contest.bean.ContestManagerBean.updateContestChannel(ContestManagerBean.java:1299)
	at com.topcoder.service.studio.contest.bean.ContestManagerBeanUnitTest2.testUpdateContestChannel_Failure3(ContestManagerBeanUnitTest2.java:500)
	at sun.reflect.NativeMethodAccessorImpl.invoke0(Native Method)
	at sun.reflect.NativeMethodAccessorImpl.invoke(NativeMethodAccessorImpl.java:39)
	at sun.reflect.DelegatingMethodAccessorImpl.invoke(DelegatingMethodAccessorImpl.java:25)
	at java.lang.reflect.Method.invoke(Method.java:585)
	at junit.framework.TestCase.runTest(TestCase.java:168)
	at junit.framework.TestCase.runBare(TestCase.java:134)
	at junit.framework.TestResult$1.protect(TestResult.java:110)
	at junit.framework.TestResult.runProtected(TestResult.java:128)
	at junit.framework.TestResult.run(TestResult.java:113)
	at junit.framework.TestCase.run(TestCase.java:124)
	at junit.framework.TestSuite.runTest(TestSuite.java:232)
	at junit.framework.TestSuite.run(TestSuite.java:227)
	at junit.framework.TestSuite.runTest(TestSuite.java:232)
	at junit.framework.TestSuite.run(TestSuite.java:227)
	at junit.framework.TestSuite.runTest(TestSuite.java:232)
	at junit.framework.TestSuite.run(TestSuite.java:227)
	at org.apache.tools.ant.taskdefs.optional.junit.JUnitTestRunner.run(JUnitTestRunner.java:421)
	at org.apache.tools.ant.taskdefs.optional.junit.JUnitTestRunner.launch(JUnitTestRunner.java:912)
	at org.apache.tools.ant.taskdefs.optional.junit.JUnitTestRunner.main(JUnitTestRunner.java:766)
Caused by: javax.persistence.TransactionRequiredException
	at com.topcoder.service.studio.contest.bean.MockEntityManager.find(MockEntityManager.java:133)
	at com.topcoder.service.studio.contest.bean.ContestManagerBean.updateContestChannel(ContestManagerBean.java:1288)
	... 20 more
[Exit method: updateContestChannel()]
[Enter method: addContestChannel()]
[param1: null]
[Exit method: addContestChannel()]
[Enter method: updateContestChannel()]
[param1: 6]
There are errors while persisting the entity.
com.topcoder.service.studio.contest.ContestManagementException: There are errors while persisting the entity.
	at com.topcoder.service.studio.contest.bean.ContestManagerBean.wrapContestManagementException(ContestManagerBean.java:2223)
	at com.topcoder.service.studio.contest.bean.ContestManagerBean.updateContestChannel(ContestManagerBean.java:1302)
	at com.topcoder.service.studio.contest.bean.ContestManagerBeanUnitTest2.testUpdateContestChannel_Failure4(ContestManagerBeanUnitTest2.java:539)
	at sun.reflect.NativeMethodAccessorImpl.invoke0(Native Method)
	at sun.reflect.NativeMethodAccessorImpl.invoke(NativeMethodAccessorImpl.java:39)
	at sun.reflect.DelegatingMethodAccessorImpl.invoke(DelegatingMethodAccessorImpl.java:25)
	at java.lang.reflect.Method.invoke(Method.java:585)
	at junit.framework.TestCase.runTest(TestCase.java:168)
	at junit.framework.TestCase.runBare(TestCase.java:134)
	at junit.framework.TestResult$1.protect(TestResult.java:110)
	at junit.framework.TestResult.runProtected(TestResult.java:128)
	at junit.framework.TestResult.run(TestResult.java:113)
	at junit.framework.TestCase.run(TestCase.java:124)
	at junit.framework.TestSuite.runTest(TestSuite.java:232)
	at junit.framework.TestSuite.run(TestSuite.java:227)
	at junit.framework.TestSuite.runTest(TestSuite.java:232)
	at junit.framework.TestSuite.run(TestSuite.java:227)
	at junit.framework.TestSuite.runTest(TestSuite.java:232)
	at junit.framework.TestSuite.run(TestSuite.java:227)
	at org.apache.tools.ant.taskdefs.optional.junit.JUnitTestRunner.run(JUnitTestRunner.java:421)
	at org.apache.tools.ant.taskdefs.optional.junit.JUnitTestRunner.launch(JUnitTestRunner.java:912)
	at org.apache.tools.ant.taskdefs.optional.junit.JUnitTestRunner.main(JUnitTestRunner.java:766)
Caused by: javax.persistence.PersistenceException
	at com.topcoder.service.studio.contest.bean.MockEntityManager.find(MockEntityManager.java:129)
	at com.topcoder.service.studio.contest.bean.ContestManagerBean.updateContestChannel(ContestManagerBean.java:1288)
	... 20 more
[Exit method: updateContestChannel()]
[Enter method: addContestChannel()]
[param1: null]
[Exit method: addContestChannel()]
[Enter method: getContestChannel()]
[param1: 7]
[Exit method: getContestChannel()]
[Enter method: getContestChannel()]
[param1: 1]
The EntityManager is closed.
com.topcoder.service.studio.contest.ContestManagementException: The EntityManager is closed.
	at com.topcoder.service.studio.contest.bean.ContestManagerBean.wrapContestManagementException(ContestManagerBean.java:2223)
	at com.topcoder.service.studio.contest.bean.ContestManagerBean.getContestChannel(ContestManagerBean.java:1378)
	at com.topcoder.service.studio.contest.bean.ContestManagerBeanUnitTest2.testGetContestChannel_Failure1(ContestManagerBeanUnitTest2.java:598)
	at sun.reflect.NativeMethodAccessorImpl.invoke0(Native Method)
	at sun.reflect.NativeMethodAccessorImpl.invoke(NativeMethodAccessorImpl.java:39)
	at sun.reflect.DelegatingMethodAccessorImpl.invoke(DelegatingMethodAccessorImpl.java:25)
	at java.lang.reflect.Method.invoke(Method.java:585)
	at junit.framework.TestCase.runTest(TestCase.java:168)
	at junit.framework.TestCase.runBare(TestCase.java:134)
	at junit.framework.TestResult$1.protect(TestResult.java:110)
	at junit.framework.TestResult.runProtected(TestResult.java:128)
	at junit.framework.TestResult.run(TestResult.java:113)
	at junit.framework.TestCase.run(TestCase.java:124)
	at junit.framework.TestSuite.runTest(TestSuite.java:232)
	at junit.framework.TestSuite.run(TestSuite.java:227)
	at junit.framework.TestSuite.runTest(TestSuite.java:232)
	at junit.framework.TestSuite.run(TestSuite.java:227)
	at junit.framework.TestSuite.runTest(TestSuite.java:232)
	at junit.framework.TestSuite.run(TestSuite.java:227)
	at org.apache.tools.ant.taskdefs.optional.junit.JUnitTestRunner.run(JUnitTestRunner.java:421)
	at org.apache.tools.ant.taskdefs.optional.junit.JUnitTestRunner.launch(JUnitTestRunner.java:912)
	at org.apache.tools.ant.taskdefs.optional.junit.JUnitTestRunner.main(JUnitTestRunner.java:766)
Caused by: java.lang.IllegalStateException: EntityManager is closed
	at org.hibernate.ejb.EntityManagerImpl.getSession(EntityManagerImpl.java:42)
	at org.hibernate.ejb.AbstractEntityManagerImpl.find(AbstractEntityManagerImpl.java:175)
	at com.topcoder.service.studio.contest.bean.MockEntityManager.find(MockEntityManager.java:136)
	at com.topcoder.service.studio.contest.bean.ContestManagerBean.getContestChannel(ContestManagerBean.java:1373)
	... 20 more
[Exit method: getContestChannel()]
[Enter method: getContestChannel()]
[param1: 1]
There are errors while persisting the entity.
com.topcoder.service.studio.contest.ContestManagementException: There are errors while persisting the entity.
	at com.topcoder.service.studio.contest.bean.ContestManagerBean.wrapContestManagementException(ContestManagerBean.java:2223)
	at com.topcoder.service.studio.contest.bean.ContestManagerBean.getContestChannel(ContestManagerBean.java:1381)
	at com.topcoder.service.studio.contest.bean.ContestManagerBeanUnitTest2.testGetContestChannel_Failure2(ContestManagerBeanUnitTest2.java:622)
	at sun.reflect.NativeMethodAccessorImpl.invoke0(Native Method)
	at sun.reflect.NativeMethodAccessorImpl.invoke(NativeMethodAccessorImpl.java:39)
	at sun.reflect.DelegatingMethodAccessorImpl.invoke(DelegatingMethodAccessorImpl.java:25)
	at java.lang.reflect.Method.invoke(Method.java:585)
	at junit.framework.TestCase.runTest(TestCase.java:168)
	at junit.framework.TestCase.runBare(TestCase.java:134)
	at junit.framework.TestResult$1.protect(TestResult.java:110)
	at junit.framework.TestResult.runProtected(TestResult.java:128)
	at junit.framework.TestResult.run(TestResult.java:113)
	at junit.framework.TestCase.run(TestCase.java:124)
	at junit.framework.TestSuite.runTest(TestSuite.java:232)
	at junit.framework.TestSuite.run(TestSuite.java:227)
	at junit.framework.TestSuite.runTest(TestSuite.java:232)
	at junit.framework.TestSuite.run(TestSuite.java:227)
	at junit.framework.TestSuite.runTest(TestSuite.java:232)
	at junit.framework.TestSuite.run(TestSuite.java:227)
	at org.apache.tools.ant.taskdefs.optional.junit.JUnitTestRunner.run(JUnitTestRunner.java:421)
	at org.apache.tools.ant.taskdefs.optional.junit.JUnitTestRunner.launch(JUnitTestRunner.java:912)
	at org.apache.tools.ant.taskdefs.optional.junit.JUnitTestRunner.main(JUnitTestRunner.java:766)
Caused by: javax.persistence.PersistenceException
	at com.topcoder.service.studio.contest.bean.MockEntityManager.find(MockEntityManager.java:129)
	at com.topcoder.service.studio.contest.bean.ContestManagerBean.getContestChannel(ContestManagerBean.java:1373)
	... 20 more
[Exit method: getContestChannel()]
[Enter method: removeContestChannel()]
[param1: 1,000]
Hibernate: /* load com.topcoder.service.studio.contest.ContestChannel */ select contestcha0_.contest_channel_id as contest1_15_0_, contestcha0_.channel_description as channel2_15_0_, contestcha0_.file_type_id as file3_15_0_, contestcha0_.channel_name as channel4_15_0_, contestcha0_.parent_channel as parent5_15_0_ from contest_channel_lu contestcha0_ where contestcha0_.contest_channel_id=?
[Exit method: removeContestChannel()]
[Enter method: addContestChannel()]
[param1: null]
[Exit method: addContestChannel()]
[Enter method: removeContestChannel()]
[param1: 8]
[Exit method: removeContestChannel()]
[Enter method: removeContestChannel()]
[param1: 1]
The EntityManager is closed.
com.topcoder.service.studio.contest.ContestManagementException: The EntityManager is closed.
	at com.topcoder.service.studio.contest.bean.ContestManagerBean.wrapContestManagementException(ContestManagerBean.java:2223)
	at com.topcoder.service.studio.contest.bean.ContestManagerBean.removeContestChannel(ContestManagerBean.java:1340)
	at com.topcoder.service.studio.contest.bean.ContestManagerBeanUnitTest2.testRemoveContestChannel_Failure1(ContestManagerBeanUnitTest2.java:697)
	at sun.reflect.NativeMethodAccessorImpl.invoke0(Native Method)
	at sun.reflect.NativeMethodAccessorImpl.invoke(NativeMethodAccessorImpl.java:39)
	at sun.reflect.DelegatingMethodAccessorImpl.invoke(DelegatingMethodAccessorImpl.java:25)
	at java.lang.reflect.Method.invoke(Method.java:585)
	at junit.framework.TestCase.runTest(TestCase.java:168)
	at junit.framework.TestCase.runBare(TestCase.java:134)
	at junit.framework.TestResult$1.protect(TestResult.java:110)
	at junit.framework.TestResult.runProtected(TestResult.java:128)
	at junit.framework.TestResult.run(TestResult.java:113)
	at junit.framework.TestCase.run(TestCase.java:124)
	at junit.framework.TestSuite.runTest(TestSuite.java:232)
	at junit.framework.TestSuite.run(TestSuite.java:227)
	at junit.framework.TestSuite.runTest(TestSuite.java:232)
	at junit.framework.TestSuite.run(TestSuite.java:227)
	at junit.framework.TestSuite.runTest(TestSuite.java:232)
	at junit.framework.TestSuite.run(TestSuite.java:227)
	at org.apache.tools.ant.taskdefs.optional.junit.JUnitTestRunner.run(JUnitTestRunner.java:421)
	at org.apache.tools.ant.taskdefs.optional.junit.JUnitTestRunner.launch(JUnitTestRunner.java:912)
	at org.apache.tools.ant.taskdefs.optional.junit.JUnitTestRunner.main(JUnitTestRunner.java:766)
Caused by: java.lang.IllegalStateException: EntityManager is closed
	at org.hibernate.ejb.EntityManagerImpl.getSession(EntityManagerImpl.java:42)
	at org.hibernate.ejb.AbstractEntityManagerImpl.find(AbstractEntityManagerImpl.java:175)
	at com.topcoder.service.studio.contest.bean.MockEntityManager.find(MockEntityManager.java:136)
	at com.topcoder.service.studio.contest.bean.ContestManagerBean.removeContestChannel(ContestManagerBean.java:1329)
	... 20 more
[Exit method: removeContestChannel()]
[Enter method: removeContestChannel()]
[param1: 1]
This method is required to run in transaction.
com.topcoder.service.studio.contest.ContestManagementException: This method is required to run in transaction.
	at com.topcoder.service.studio.contest.bean.ContestManagerBean.wrapContestManagementException(ContestManagerBean.java:2223)
	at com.topcoder.service.studio.contest.bean.ContestManagerBean.removeContestChannel(ContestManagerBean.java:1343)
	at com.topcoder.service.studio.contest.bean.ContestManagerBeanUnitTest2.testRemoveContestChannel_Failure2(ContestManagerBeanUnitTest2.java:721)
	at sun.reflect.NativeMethodAccessorImpl.invoke0(Native Method)
	at sun.reflect.NativeMethodAccessorImpl.invoke(NativeMethodAccessorImpl.java:39)
	at sun.reflect.DelegatingMethodAccessorImpl.invoke(DelegatingMethodAccessorImpl.java:25)
	at java.lang.reflect.Method.invoke(Method.java:585)
	at junit.framework.TestCase.runTest(TestCase.java:168)
	at junit.framework.TestCase.runBare(TestCase.java:134)
	at junit.framework.TestResult$1.protect(TestResult.java:110)
	at junit.framework.TestResult.runProtected(TestResult.java:128)
	at junit.framework.TestResult.run(TestResult.java:113)
	at junit.framework.TestCase.run(TestCase.java:124)
	at junit.framework.TestSuite.runTest(TestSuite.java:232)
	at junit.framework.TestSuite.run(TestSuite.java:227)
	at junit.framework.TestSuite.runTest(TestSuite.java:232)
	at junit.framework.TestSuite.run(TestSuite.java:227)
	at junit.framework.TestSuite.runTest(TestSuite.java:232)
	at junit.framework.TestSuite.run(TestSuite.java:227)
	at org.apache.tools.ant.taskdefs.optional.junit.JUnitTestRunner.run(JUnitTestRunner.java:421)
	at org.apache.tools.ant.taskdefs.optional.junit.JUnitTestRunner.launch(JUnitTestRunner.java:912)
	at org.apache.tools.ant.taskdefs.optional.junit.JUnitTestRunner.main(JUnitTestRunner.java:766)
Caused by: javax.persistence.TransactionRequiredException
	at com.topcoder.service.studio.contest.bean.MockEntityManager.find(MockEntityManager.java:133)
	at com.topcoder.service.studio.contest.bean.ContestManagerBean.removeContestChannel(ContestManagerBean.java:1329)
	... 20 more
[Exit method: removeContestChannel()]
[Enter method: removeContestChannel()]
[param1: 1]
There are errors while persisting the entity.
com.topcoder.service.studio.contest.ContestManagementException: There are errors while persisting the entity.
	at com.topcoder.service.studio.contest.bean.ContestManagerBean.wrapContestManagementException(ContestManagerBean.java:2223)
	at com.topcoder.service.studio.contest.bean.ContestManagerBean.removeContestChannel(ContestManagerBean.java:1346)
	at com.topcoder.service.studio.contest.bean.ContestManagerBeanUnitTest2.testRemoveContestChannel_Failure3(ContestManagerBeanUnitTest2.java:745)
	at sun.reflect.NativeMethodAccessorImpl.invoke0(Native Method)
	at sun.reflect.NativeMethodAccessorImpl.invoke(NativeMethodAccessorImpl.java:39)
	at sun.reflect.DelegatingMethodAccessorImpl.invoke(DelegatingMethodAccessorImpl.java:25)
	at java.lang.reflect.Method.invoke(Method.java:585)
	at junit.framework.TestCase.runTest(TestCase.java:168)
	at junit.framework.TestCase.runBare(TestCase.java:134)
	at junit.framework.TestResult$1.protect(TestResult.java:110)
	at junit.framework.TestResult.runProtected(TestResult.java:128)
	at junit.framework.TestResult.run(TestResult.java:113)
	at junit.framework.TestCase.run(TestCase.java:124)
	at junit.framework.TestSuite.runTest(TestSuite.java:232)
	at junit.framework.TestSuite.run(TestSuite.java:227)
	at junit.framework.TestSuite.runTest(TestSuite.java:232)
	at junit.framework.TestSuite.run(TestSuite.java:227)
	at junit.framework.TestSuite.runTest(TestSuite.java:232)
	at junit.framework.TestSuite.run(TestSuite.java:227)
	at org.apache.tools.ant.taskdefs.optional.junit.JUnitTestRunner.run(JUnitTestRunner.java:421)
	at org.apache.tools.ant.taskdefs.optional.junit.JUnitTestRunner.launch(JUnitTestRunner.java:912)
	at org.apache.tools.ant.taskdefs.optional.junit.JUnitTestRunner.main(JUnitTestRunner.java:766)
Caused by: javax.persistence.PersistenceException
	at com.topcoder.service.studio.contest.bean.MockEntityManager.find(MockEntityManager.java:129)
	at com.topcoder.service.studio.contest.bean.ContestManagerBean.removeContestChannel(ContestManagerBean.java:1329)
	... 20 more
[Exit method: removeContestChannel()]
[Enter method: addConfig()]
[param1: 0]
Hibernate: /* load com.topcoder.service.studio.contest.ContestConfig */ select contestcon0_.contest_config_id as contest1_14_0_, contestcon0_.contest_id as contest2_14_0_, contestcon0_.property_id as property3_14_0_, contestcon0_.property_value as property4_14_0_ from contest_config contestcon0_ where contestcon0_.contest_config_id=?
Hibernate: select max(contest_config_id) from contest_config
[Exit method: addConfig()]
[Enter method: getConfig()]
[param1: 1]
[Exit method: getConfig()]
[Enter method: addConfig()]
[param1: 0]
Hibernate: /* load com.topcoder.service.studio.contest.ContestConfig */ select contestcon0_.contest_config_id as contest1_14_0_, contestcon0_.contest_id as contest2_14_0_, contestcon0_.property_id as property3_14_0_, contestcon0_.property_value as property4_14_0_ from contest_config contestcon0_ where contestcon0_.contest_config_id=?
[Exit method: addConfig()]
[Enter method: addConfig()]
[param1: 2]
The contest config with id '2' already exists.
com.topcoder.service.studio.contest.EntityAlreadyExistsException: The contest config with id '2' already exists.
	at com.topcoder.service.studio.contest.bean.ContestManagerBean.addConfig(ContestManagerBean.java:1411)
	at com.topcoder.service.studio.contest.bean.ContestManagerBeanUnitTest2.testAddConfig_Failure2(ContestManagerBeanUnitTest2.java:801)
	at sun.reflect.NativeMethodAccessorImpl.invoke0(Native Method)
	at sun.reflect.NativeMethodAccessorImpl.invoke(NativeMethodAccessorImpl.java:39)
	at sun.reflect.DelegatingMethodAccessorImpl.invoke(DelegatingMethodAccessorImpl.java:25)
	at java.lang.reflect.Method.invoke(Method.java:585)
	at junit.framework.TestCase.runTest(TestCase.java:168)
	at junit.framework.TestCase.runBare(TestCase.java:134)
	at junit.framework.TestResult$1.protect(TestResult.java:110)
	at junit.framework.TestResult.runProtected(TestResult.java:128)
	at junit.framework.TestResult.run(TestResult.java:113)
	at junit.framework.TestCase.run(TestCase.java:124)
	at junit.framework.TestSuite.runTest(TestSuite.java:232)
	at junit.framework.TestSuite.run(TestSuite.java:227)
	at junit.framework.TestSuite.runTest(TestSuite.java:232)
	at junit.framework.TestSuite.run(TestSuite.java:227)
	at junit.framework.TestSuite.runTest(TestSuite.java:232)
	at junit.framework.TestSuite.run(TestSuite.java:227)
	at org.apache.tools.ant.taskdefs.optional.junit.JUnitTestRunner.run(JUnitTestRunner.java:421)
	at org.apache.tools.ant.taskdefs.optional.junit.JUnitTestRunner.launch(JUnitTestRunner.java:912)
	at org.apache.tools.ant.taskdefs.optional.junit.JUnitTestRunner.main(JUnitTestRunner.java:766)
[Exit method: addConfig()]
[Enter method: addConfig()]
[param1: 0]
The EntityManager is closed.
com.topcoder.service.studio.contest.ContestManagementException: The EntityManager is closed.
	at com.topcoder.service.studio.contest.bean.ContestManagerBean.wrapContestManagementException(ContestManagerBean.java:2223)
	at com.topcoder.service.studio.contest.bean.ContestManagerBean.addConfig(ContestManagerBean.java:1424)
	at com.topcoder.service.studio.contest.bean.ContestManagerBeanUnitTest2.testAddConfig_Failure3(ContestManagerBeanUnitTest2.java:831)
	at sun.reflect.NativeMethodAccessorImpl.invoke0(Native Method)
	at sun.reflect.NativeMethodAccessorImpl.invoke(NativeMethodAccessorImpl.java:39)
	at sun.reflect.DelegatingMethodAccessorImpl.invoke(DelegatingMethodAccessorImpl.java:25)
	at java.lang.reflect.Method.invoke(Method.java:585)
	at junit.framework.TestCase.runTest(TestCase.java:168)
	at junit.framework.TestCase.runBare(TestCase.java:134)
	at junit.framework.TestResult$1.protect(TestResult.java:110)
	at junit.framework.TestResult.runProtected(TestResult.java:128)
	at junit.framework.TestResult.run(TestResult.java:113)
	at junit.framework.TestCase.run(TestCase.java:124)
	at junit.framework.TestSuite.runTest(TestSuite.java:232)
	at junit.framework.TestSuite.run(TestSuite.java:227)
	at junit.framework.TestSuite.runTest(TestSuite.java:232)
	at junit.framework.TestSuite.run(TestSuite.java:227)
	at junit.framework.TestSuite.runTest(TestSuite.java:232)
	at junit.framework.TestSuite.run(TestSuite.java:227)
	at org.apache.tools.ant.taskdefs.optional.junit.JUnitTestRunner.run(JUnitTestRunner.java:421)
	at org.apache.tools.ant.taskdefs.optional.junit.JUnitTestRunner.launch(JUnitTestRunner.java:912)
	at org.apache.tools.ant.taskdefs.optional.junit.JUnitTestRunner.main(JUnitTestRunner.java:766)
Caused by: java.lang.IllegalStateException: EntityManager is closed
	at org.hibernate.ejb.EntityManagerImpl.getSession(EntityManagerImpl.java:42)
	at org.hibernate.ejb.AbstractEntityManagerImpl.find(AbstractEntityManagerImpl.java:175)
	at com.topcoder.service.studio.contest.bean.MockEntityManager.find(MockEntityManager.java:136)
	at com.topcoder.service.studio.contest.bean.ContestManagerBean.addConfig(ContestManagerBean.java:1410)
	... 20 more
[Exit method: addConfig()]
[Enter method: addConfig()]
[param1: 0]
This method is required to run in transaction.
com.topcoder.service.studio.contest.ContestManagementException: This method is required to run in transaction.
	at com.topcoder.service.studio.contest.bean.ContestManagerBean.wrapContestManagementException(ContestManagerBean.java:2223)
	at com.topcoder.service.studio.contest.bean.ContestManagerBean.addConfig(ContestManagerBean.java:1427)
	at com.topcoder.service.studio.contest.bean.ContestManagerBeanUnitTest2.testAddConfig_Failure4(ContestManagerBeanUnitTest2.java:861)
	at sun.reflect.NativeMethodAccessorImpl.invoke0(Native Method)
	at sun.reflect.NativeMethodAccessorImpl.invoke(NativeMethodAccessorImpl.java:39)
	at sun.reflect.DelegatingMethodAccessorImpl.invoke(DelegatingMethodAccessorImpl.java:25)
	at java.lang.reflect.Method.invoke(Method.java:585)
	at junit.framework.TestCase.runTest(TestCase.java:168)
	at junit.framework.TestCase.runBare(TestCase.java:134)
	at junit.framework.TestResult$1.protect(TestResult.java:110)
	at junit.framework.TestResult.runProtected(TestResult.java:128)
	at junit.framework.TestResult.run(TestResult.java:113)
	at junit.framework.TestCase.run(TestCase.java:124)
	at junit.framework.TestSuite.runTest(TestSuite.java:232)
	at junit.framework.TestSuite.run(TestSuite.java:227)
	at junit.framework.TestSuite.runTest(TestSuite.java:232)
	at junit.framework.TestSuite.run(TestSuite.java:227)
	at junit.framework.TestSuite.runTest(TestSuite.java:232)
	at junit.framework.TestSuite.run(TestSuite.java:227)
	at org.apache.tools.ant.taskdefs.optional.junit.JUnitTestRunner.run(JUnitTestRunner.java:421)
	at org.apache.tools.ant.taskdefs.optional.junit.JUnitTestRunner.launch(JUnitTestRunner.java:912)
	at org.apache.tools.ant.taskdefs.optional.junit.JUnitTestRunner.main(JUnitTestRunner.java:766)
Caused by: javax.persistence.TransactionRequiredException
	at com.topcoder.service.studio.contest.bean.MockEntityManager.find(MockEntityManager.java:133)
	at com.topcoder.service.studio.contest.bean.ContestManagerBean.addConfig(ContestManagerBean.java:1410)
	... 20 more
[Exit method: addConfig()]
[Enter method: addConfig()]
[param1: 0]
There are errors while persisting the entity.
com.topcoder.service.studio.contest.ContestManagementException: There are errors while persisting the entity.
	at com.topcoder.service.studio.contest.bean.ContestManagerBean.wrapContestManagementException(ContestManagerBean.java:2223)
	at com.topcoder.service.studio.contest.bean.ContestManagerBean.addConfig(ContestManagerBean.java:1430)
	at com.topcoder.service.studio.contest.bean.ContestManagerBeanUnitTest2.testAddConfig_Failure5(ContestManagerBeanUnitTest2.java:891)
	at sun.reflect.NativeMethodAccessorImpl.invoke0(Native Method)
	at sun.reflect.NativeMethodAccessorImpl.invoke(NativeMethodAccessorImpl.java:39)
	at sun.reflect.DelegatingMethodAccessorImpl.invoke(DelegatingMethodAccessorImpl.java:25)
	at java.lang.reflect.Method.invoke(Method.java:585)
	at junit.framework.TestCase.runTest(TestCase.java:168)
	at junit.framework.TestCase.runBare(TestCase.java:134)
	at junit.framework.TestResult$1.protect(TestResult.java:110)
	at junit.framework.TestResult.runProtected(TestResult.java:128)
	at junit.framework.TestResult.run(TestResult.java:113)
	at junit.framework.TestCase.run(TestCase.java:124)
	at junit.framework.TestSuite.runTest(TestSuite.java:232)
	at junit.framework.TestSuite.run(TestSuite.java:227)
	at junit.framework.TestSuite.runTest(TestSuite.java:232)
	at junit.framework.TestSuite.run(TestSuite.java:227)
	at junit.framework.TestSuite.runTest(TestSuite.java:232)
	at junit.framework.TestSuite.run(TestSuite.java:227)
	at org.apache.tools.ant.taskdefs.optional.junit.JUnitTestRunner.run(JUnitTestRunner.java:421)
	at org.apache.tools.ant.taskdefs.optional.junit.JUnitTestRunner.launch(JUnitTestRunner.java:912)
	at org.apache.tools.ant.taskdefs.optional.junit.JUnitTestRunner.main(JUnitTestRunner.java:766)
Caused by: javax.persistence.PersistenceException
	at com.topcoder.service.studio.contest.bean.MockEntityManager.find(MockEntityManager.java:129)
	at com.topcoder.service.studio.contest.bean.ContestManagerBean.addConfig(ContestManagerBean.java:1410)
	... 20 more
[Exit method: addConfig()]
[Enter method: addConfig()]
[param1: 0]
Hibernate: /* load com.topcoder.service.studio.contest.ContestConfig */ select contestcon0_.contest_config_id as contest1_14_0_, contestcon0_.contest_id as contest2_14_0_, contestcon0_.property_id as property3_14_0_, contestcon0_.property_value as property4_14_0_ from contest_config contestcon0_ where contestcon0_.contest_config_id=?
[Exit method: addConfig()]
[Enter method: updateConfig()]
[param1: 3]
[Exit method: updateConfig()]
[Enter method: getConfig()]
[param1: 3]
[Exit method: getConfig()]
[Enter method: updateConfig()]
[param1: 0]
The EntityManager is closed.
com.topcoder.service.studio.contest.ContestManagementException: The EntityManager is closed.
	at com.topcoder.service.studio.contest.bean.ContestManagerBean.wrapContestManagementException(ContestManagerBean.java:2223)
	at com.topcoder.service.studio.contest.bean.ContestManagerBean.updateConfig(ContestManagerBean.java:1464)
	at com.topcoder.service.studio.contest.bean.ContestManagerBeanUnitTest2.testUpdateConfig_Failure1(ContestManagerBeanUnitTest2.java:936)
	at sun.reflect.NativeMethodAccessorImpl.invoke0(Native Method)
	at sun.reflect.NativeMethodAccessorImpl.invoke(NativeMethodAccessorImpl.java:39)
	at sun.reflect.DelegatingMethodAccessorImpl.invoke(DelegatingMethodAccessorImpl.java:25)
	at java.lang.reflect.Method.invoke(Method.java:585)
	at junit.framework.TestCase.runTest(TestCase.java:168)
	at junit.framework.TestCase.runBare(TestCase.java:134)
	at junit.framework.TestResult$1.protect(TestResult.java:110)
	at junit.framework.TestResult.runProtected(TestResult.java:128)
	at junit.framework.TestResult.run(TestResult.java:113)
	at junit.framework.TestCase.run(TestCase.java:124)
	at junit.framework.TestSuite.runTest(TestSuite.java:232)
	at junit.framework.TestSuite.run(TestSuite.java:227)
	at junit.framework.TestSuite.runTest(TestSuite.java:232)
	at junit.framework.TestSuite.run(TestSuite.java:227)
	at junit.framework.TestSuite.runTest(TestSuite.java:232)
	at junit.framework.TestSuite.run(TestSuite.java:227)
	at org.apache.tools.ant.taskdefs.optional.junit.JUnitTestRunner.run(JUnitTestRunner.java:421)
	at org.apache.tools.ant.taskdefs.optional.junit.JUnitTestRunner.launch(JUnitTestRunner.java:912)
	at org.apache.tools.ant.taskdefs.optional.junit.JUnitTestRunner.main(JUnitTestRunner.java:766)
Caused by: java.lang.IllegalStateException: EntityManager is closed
	at org.hibernate.ejb.EntityManagerImpl.getSession(EntityManagerImpl.java:42)
	at org.hibernate.ejb.AbstractEntityManagerImpl.find(AbstractEntityManagerImpl.java:175)
	at com.topcoder.service.studio.contest.bean.MockEntityManager.find(MockEntityManager.java:136)
	at com.topcoder.service.studio.contest.bean.ContestManagerBean.updateConfig(ContestManagerBean.java:1457)
	... 20 more
[Exit method: updateConfig()]
[Enter method: updateConfig()]
[param1: 0]
There are errors while persisting the entity.
com.topcoder.service.studio.contest.ContestManagementException: There are errors while persisting the entity.
	at com.topcoder.service.studio.contest.bean.ContestManagerBean.wrapContestManagementException(ContestManagerBean.java:2223)
	at com.topcoder.service.studio.contest.bean.ContestManagerBean.updateConfig(ContestManagerBean.java:1470)
	at com.topcoder.service.studio.contest.bean.ContestManagerBeanUnitTest2.testUpdateConfig_Failure2(ContestManagerBeanUnitTest2.java:958)
	at sun.reflect.NativeMethodAccessorImpl.invoke0(Native Method)
	at sun.reflect.NativeMethodAccessorImpl.invoke(NativeMethodAccessorImpl.java:39)
	at sun.reflect.DelegatingMethodAccessorImpl.invoke(DelegatingMethodAccessorImpl.java:25)
	at java.lang.reflect.Method.invoke(Method.java:585)
	at junit.framework.TestCase.runTest(TestCase.java:168)
	at junit.framework.TestCase.runBare(TestCase.java:134)
	at junit.framework.TestResult$1.protect(TestResult.java:110)
	at junit.framework.TestResult.runProtected(TestResult.java:128)
	at junit.framework.TestResult.run(TestResult.java:113)
	at junit.framework.TestCase.run(TestCase.java:124)
	at junit.framework.TestSuite.runTest(TestSuite.java:232)
	at junit.framework.TestSuite.run(TestSuite.java:227)
	at junit.framework.TestSuite.runTest(TestSuite.java:232)
	at junit.framework.TestSuite.run(TestSuite.java:227)
	at junit.framework.TestSuite.runTest(TestSuite.java:232)
	at junit.framework.TestSuite.run(TestSuite.java:227)
	at org.apache.tools.ant.taskdefs.optional.junit.JUnitTestRunner.run(JUnitTestRunner.java:421)
	at org.apache.tools.ant.taskdefs.optional.junit.JUnitTestRunner.launch(JUnitTestRunner.java:912)
	at org.apache.tools.ant.taskdefs.optional.junit.JUnitTestRunner.main(JUnitTestRunner.java:766)
Caused by: javax.persistence.PersistenceException
	at com.topcoder.service.studio.contest.bean.MockEntityManager.find(MockEntityManager.java:129)
	at com.topcoder.service.studio.contest.bean.ContestManagerBean.updateConfig(ContestManagerBean.java:1457)
	... 20 more
[Exit method: updateConfig()]
[Enter method: updateConfig()]
[param1: 0]
This method is required to run in transaction.
com.topcoder.service.studio.contest.ContestManagementException: This method is required to run in transaction.
	at com.topcoder.service.studio.contest.bean.ContestManagerBean.wrapContestManagementException(ContestManagerBean.java:2223)
	at com.topcoder.service.studio.contest.bean.ContestManagerBean.updateConfig(ContestManagerBean.java:1467)
	at com.topcoder.service.studio.contest.bean.ContestManagerBeanUnitTest2.testUpdateConfig_Failure3(ContestManagerBeanUnitTest2.java:980)
	at sun.reflect.NativeMethodAccessorImpl.invoke0(Native Method)
	at sun.reflect.NativeMethodAccessorImpl.invoke(NativeMethodAccessorImpl.java:39)
	at sun.reflect.DelegatingMethodAccessorImpl.invoke(DelegatingMethodAccessorImpl.java:25)
	at java.lang.reflect.Method.invoke(Method.java:585)
	at junit.framework.TestCase.runTest(TestCase.java:168)
	at junit.framework.TestCase.runBare(TestCase.java:134)
	at junit.framework.TestResult$1.protect(TestResult.java:110)
	at junit.framework.TestResult.runProtected(TestResult.java:128)
	at junit.framework.TestResult.run(TestResult.java:113)
	at junit.framework.TestCase.run(TestCase.java:124)
	at junit.framework.TestSuite.runTest(TestSuite.java:232)
	at junit.framework.TestSuite.run(TestSuite.java:227)
	at junit.framework.TestSuite.runTest(TestSuite.java:232)
	at junit.framework.TestSuite.run(TestSuite.java:227)
	at junit.framework.TestSuite.runTest(TestSuite.java:232)
	at junit.framework.TestSuite.run(TestSuite.java:227)
	at org.apache.tools.ant.taskdefs.optional.junit.JUnitTestRunner.run(JUnitTestRunner.java:421)
	at org.apache.tools.ant.taskdefs.optional.junit.JUnitTestRunner.launch(JUnitTestRunner.java:912)
	at org.apache.tools.ant.taskdefs.optional.junit.JUnitTestRunner.main(JUnitTestRunner.java:766)
Caused by: javax.persistence.TransactionRequiredException
	at com.topcoder.service.studio.contest.bean.MockEntityManager.find(MockEntityManager.java:133)
	at com.topcoder.service.studio.contest.bean.ContestManagerBean.updateConfig(ContestManagerBean.java:1457)
	... 20 more
[Exit method: updateConfig()]
[Enter method: updateConfig()]
[param1: 1,000]
Hibernate: /* load com.topcoder.service.studio.contest.ContestConfig */ select contestcon0_.contest_config_id as contest1_14_0_, contestcon0_.contest_id as contest2_14_0_, contestcon0_.property_id as property3_14_0_, contestcon0_.property_value as property4_14_0_ from contest_config contestcon0_ where contestcon0_.contest_config_id=?
The contest config with id '1000' doesn't exist
com.topcoder.service.studio.contest.EntityNotFoundException: The contest config with id '1000' doesn't exist
	at com.topcoder.service.studio.contest.bean.ContestManagerBean.wrapEntityNotFoundException(ContestManagerBean.java:2186)
	at com.topcoder.service.studio.contest.bean.ContestManagerBean.updateConfig(ContestManagerBean.java:1458)
	at com.topcoder.service.studio.contest.bean.ContestManagerBeanUnitTest2.testUpdateConfig_Failure4(ContestManagerBeanUnitTest2.java:1002)
	at sun.reflect.NativeMethodAccessorImpl.invoke0(Native Method)
	at sun.reflect.NativeMethodAccessorImpl.invoke(NativeMethodAccessorImpl.java:39)
	at sun.reflect.DelegatingMethodAccessorImpl.invoke(DelegatingMethodAccessorImpl.java:25)
	at java.lang.reflect.Method.invoke(Method.java:585)
	at junit.framework.TestCase.runTest(TestCase.java:168)
	at junit.framework.TestCase.runBare(TestCase.java:134)
	at junit.framework.TestResult$1.protect(TestResult.java:110)
	at junit.framework.TestResult.runProtected(TestResult.java:128)
	at junit.framework.TestResult.run(TestResult.java:113)
	at junit.framework.TestCase.run(TestCase.java:124)
	at junit.framework.TestSuite.runTest(TestSuite.java:232)
	at junit.framework.TestSuite.run(TestSuite.java:227)
	at junit.framework.TestSuite.runTest(TestSuite.java:232)
	at junit.framework.TestSuite.run(TestSuite.java:227)
	at junit.framework.TestSuite.runTest(TestSuite.java:232)
	at junit.framework.TestSuite.run(TestSuite.java:227)
	at org.apache.tools.ant.taskdefs.optional.junit.JUnitTestRunner.run(JUnitTestRunner.java:421)
	at org.apache.tools.ant.taskdefs.optional.junit.JUnitTestRunner.launch(JUnitTestRunner.java:912)
	at org.apache.tools.ant.taskdefs.optional.junit.JUnitTestRunner.main(JUnitTestRunner.java:766)
[Exit method: updateConfig()]
[Enter method: addConfig()]
[param1: 0]
Hibernate: /* load com.topcoder.service.studio.contest.ContestConfig */ select contestcon0_.contest_config_id as contest1_14_0_, contestcon0_.contest_id as contest2_14_0_, contestcon0_.property_id as property3_14_0_, contestcon0_.property_value as property4_14_0_ from contest_config contestcon0_ where contestcon0_.contest_config_id=?
[Exit method: addConfig()]
[Enter method: getConfig()]
[param1: 4]
[Exit method: getConfig()]
[Enter method: addConfig()]
[param1: 0]
Hibernate: /* load com.topcoder.service.studio.contest.ContestConfig */ select contestcon0_.contest_config_id as contest1_14_0_, contestcon0_.contest_id as contest2_14_0_, contestcon0_.property_id as property3_14_0_, contestcon0_.property_value as property4_14_0_ from contest_config contestcon0_ where contestcon0_.contest_config_id=?
[Exit method: addConfig()]
[Enter method: getConfig()]
[param1: 5]
The EntityManager is closed.
com.topcoder.service.studio.contest.ContestManagementException: The EntityManager is closed.
	at com.topcoder.service.studio.contest.bean.ContestManagerBean.wrapContestManagementException(ContestManagerBean.java:2223)
	at com.topcoder.service.studio.contest.bean.ContestManagerBean.getConfig(ContestManagerBean.java:1502)
	at com.topcoder.service.studio.contest.bean.ContestManagerBeanUnitTest2.testGetConfig_Failure1(ContestManagerBeanUnitTest2.java:1044)
	at sun.reflect.NativeMethodAccessorImpl.invoke0(Native Method)
	at sun.reflect.NativeMethodAccessorImpl.invoke(NativeMethodAccessorImpl.java:39)
	at sun.reflect.DelegatingMethodAccessorImpl.invoke(DelegatingMethodAccessorImpl.java:25)
	at java.lang.reflect.Method.invoke(Method.java:585)
	at junit.framework.TestCase.runTest(TestCase.java:168)
	at junit.framework.TestCase.runBare(TestCase.java:134)
	at junit.framework.TestResult$1.protect(TestResult.java:110)
	at junit.framework.TestResult.runProtected(TestResult.java:128)
	at junit.framework.TestResult.run(TestResult.java:113)
	at junit.framework.TestCase.run(TestCase.java:124)
	at junit.framework.TestSuite.runTest(TestSuite.java:232)
	at junit.framework.TestSuite.run(TestSuite.java:227)
	at junit.framework.TestSuite.runTest(TestSuite.java:232)
	at junit.framework.TestSuite.run(TestSuite.java:227)
	at junit.framework.TestSuite.runTest(TestSuite.java:232)
	at junit.framework.TestSuite.run(TestSuite.java:227)
	at org.apache.tools.ant.taskdefs.optional.junit.JUnitTestRunner.run(JUnitTestRunner.java:421)
	at org.apache.tools.ant.taskdefs.optional.junit.JUnitTestRunner.launch(JUnitTestRunner.java:912)
	at org.apache.tools.ant.taskdefs.optional.junit.JUnitTestRunner.main(JUnitTestRunner.java:766)
Caused by: java.lang.IllegalStateException: EntityManager is closed
	at org.hibernate.ejb.EntityManagerImpl.getSession(EntityManagerImpl.java:42)
	at org.hibernate.ejb.AbstractEntityManagerImpl.find(AbstractEntityManagerImpl.java:175)
	at com.topcoder.service.studio.contest.bean.MockEntityManager.find(MockEntityManager.java:136)
	at com.topcoder.service.studio.contest.bean.ContestManagerBean.getConfig(ContestManagerBean.java:1497)
	... 20 more
[Exit method: getConfig()]
[Enter method: addConfig()]
[param1: 0]
Hibernate: /* load com.topcoder.service.studio.contest.ContestConfig */ select contestcon0_.contest_config_id as contest1_14_0_, contestcon0_.contest_id as contest2_14_0_, contestcon0_.property_id as property3_14_0_, contestcon0_.property_value as property4_14_0_ from contest_config contestcon0_ where contestcon0_.contest_config_id=?
[Exit method: addConfig()]
[Enter method: getConfig()]
[param1: 6]
There are errors while persisting the entity.
com.topcoder.service.studio.contest.ContestManagementException: There are errors while persisting the entity.
	at com.topcoder.service.studio.contest.bean.ContestManagerBean.wrapContestManagementException(ContestManagerBean.java:2223)
	at com.topcoder.service.studio.contest.bean.ContestManagerBean.getConfig(ContestManagerBean.java:1508)
	at com.topcoder.service.studio.contest.bean.ContestManagerBeanUnitTest2.testGetConfig_Failure2(ContestManagerBeanUnitTest2.java:1068)
	at sun.reflect.NativeMethodAccessorImpl.invoke0(Native Method)
	at sun.reflect.NativeMethodAccessorImpl.invoke(NativeMethodAccessorImpl.java:39)
	at sun.reflect.DelegatingMethodAccessorImpl.invoke(DelegatingMethodAccessorImpl.java:25)
	at java.lang.reflect.Method.invoke(Method.java:585)
	at junit.framework.TestCase.runTest(TestCase.java:168)
	at junit.framework.TestCase.runBare(TestCase.java:134)
	at junit.framework.TestResult$1.protect(TestResult.java:110)
	at junit.framework.TestResult.runProtected(TestResult.java:128)
	at junit.framework.TestResult.run(TestResult.java:113)
	at junit.framework.TestCase.run(TestCase.java:124)
	at junit.framework.TestSuite.runTest(TestSuite.java:232)
	at junit.framework.TestSuite.run(TestSuite.java:227)
	at junit.framework.TestSuite.runTest(TestSuite.java:232)
	at junit.framework.TestSuite.run(TestSuite.java:227)
	at junit.framework.TestSuite.runTest(TestSuite.java:232)
	at junit.framework.TestSuite.run(TestSuite.java:227)
	at org.apache.tools.ant.taskdefs.optional.junit.JUnitTestRunner.run(JUnitTestRunner.java:421)
	at org.apache.tools.ant.taskdefs.optional.junit.JUnitTestRunner.launch(JUnitTestRunner.java:912)
	at org.apache.tools.ant.taskdefs.optional.junit.JUnitTestRunner.main(JUnitTestRunner.java:766)
Caused by: javax.persistence.PersistenceException
	at com.topcoder.service.studio.contest.bean.MockEntityManager.find(MockEntityManager.java:129)
	at com.topcoder.service.studio.contest.bean.ContestManagerBean.getConfig(ContestManagerBean.java:1497)
	... 20 more
[Exit method: getConfig()]
[Enter method: addConfig()]
[param1: 0]
Hibernate: /* load com.topcoder.service.studio.contest.ContestConfig */ select contestcon0_.contest_config_id as contest1_14_0_, contestcon0_.contest_id as contest2_14_0_, contestcon0_.property_id as property3_14_0_, contestcon0_.property_value as property4_14_0_ from contest_config contestcon0_ where contestcon0_.contest_config_id=?
[Exit method: addConfig()]
[Enter method: getConfig()]
[param1: 7]
This method is required to run in transaction.
com.topcoder.service.studio.contest.ContestManagementException: This method is required to run in transaction.
	at com.topcoder.service.studio.contest.bean.ContestManagerBean.wrapContestManagementException(ContestManagerBean.java:2223)
	at com.topcoder.service.studio.contest.bean.ContestManagerBean.getConfig(ContestManagerBean.java:1505)
	at com.topcoder.service.studio.contest.bean.ContestManagerBeanUnitTest2.testGetConfig_Failure3(ContestManagerBeanUnitTest2.java:1093)
	at sun.reflect.NativeMethodAccessorImpl.invoke0(Native Method)
	at sun.reflect.NativeMethodAccessorImpl.invoke(NativeMethodAccessorImpl.java:39)
	at sun.reflect.DelegatingMethodAccessorImpl.invoke(DelegatingMethodAccessorImpl.java:25)
	at java.lang.reflect.Method.invoke(Method.java:585)
	at junit.framework.TestCase.runTest(TestCase.java:168)
	at junit.framework.TestCase.runBare(TestCase.java:134)
	at junit.framework.TestResult$1.protect(TestResult.java:110)
	at junit.framework.TestResult.runProtected(TestResult.java:128)
	at junit.framework.TestResult.run(TestResult.java:113)
	at junit.framework.TestCase.run(TestCase.java:124)
	at junit.framework.TestSuite.runTest(TestSuite.java:232)
	at junit.framework.TestSuite.run(TestSuite.java:227)
	at junit.framework.TestSuite.runTest(TestSuite.java:232)
	at junit.framework.TestSuite.run(TestSuite.java:227)
	at junit.framework.TestSuite.runTest(TestSuite.java:232)
	at junit.framework.TestSuite.run(TestSuite.java:227)
	at org.apache.tools.ant.taskdefs.optional.junit.JUnitTestRunner.run(JUnitTestRunner.java:421)
	at org.apache.tools.ant.taskdefs.optional.junit.JUnitTestRunner.launch(JUnitTestRunner.java:912)
	at org.apache.tools.ant.taskdefs.optional.junit.JUnitTestRunner.main(JUnitTestRunner.java:766)
Caused by: javax.persistence.TransactionRequiredException
	at com.topcoder.service.studio.contest.bean.MockEntityManager.find(MockEntityManager.java:133)
	at com.topcoder.service.studio.contest.bean.ContestManagerBean.getConfig(ContestManagerBean.java:1497)
	... 20 more
[Exit method: getConfig()]
[08-4-11 下午10:16: Enter method start()]
[08-4-11 下午10:16: Exit method Start()]
[Enter method: addDocument()]
[param1: null]
[Exit method: addDocument()]
[Enter method: saveDocumentContent()]
[param1: 11, param2: [B@149f041]
[Exit method: saveDocumentContent()]
[08-4-11 下午10:16: Enter method stop()]
[08-4-11 下午10:16: Exit method stop()]
[08-4-11 下午10:16: Enter method start()]
[08-4-11 下午10:16: Exit method Start()]
[Enter method: addDocument()]
[param1: null]
[Exit method: addDocument()]
[Enter method: saveDocumentContent()]
[Exit method: saveDocumentContent()]
[08-4-11 下午10:16: Enter method stop()]
[08-4-11 下午10:16: Exit method stop()]
[Enter method: saveDocumentContent()]
[param1: 100, param2: [B@42a6eb]
Hibernate: /* load com.topcoder.service.studio.contest.Document */ select document0_.document_id as document1_23_0_, document0_.original_file_name as original2_23_0_, document0_.system_file_name as system3_23_0_, document0_.path_id as path4_23_0_, document0_.mime_type_id as mime5_23_0_, document0_.document_type_id as document6_23_0_, document0_.create_date as create7_23_0_ from document document0_ where document0_.document_id=?
The document with id '100' doesn't exist.
com.topcoder.service.studio.contest.EntityNotFoundException: The document with id '100' doesn't exist.
	at com.topcoder.service.studio.contest.bean.ContestManagerBean.wrapEntityNotFoundException(ContestManagerBean.java:2186)
	at com.topcoder.service.studio.contest.bean.ContestManagerBean.saveDocumentContent(ContestManagerBean.java:1546)
	at com.topcoder.service.studio.contest.bean.ContestManagerBeanUnitTest2.testSaveDocumentContent_Failure2(ContestManagerBeanUnitTest2.java:1245)
	at sun.reflect.NativeMethodAccessorImpl.invoke0(Native Method)
	at sun.reflect.NativeMethodAccessorImpl.invoke(NativeMethodAccessorImpl.java:39)
	at sun.reflect.DelegatingMethodAccessorImpl.invoke(DelegatingMethodAccessorImpl.java:25)
	at java.lang.reflect.Method.invoke(Method.java:585)
	at junit.framework.TestCase.runTest(TestCase.java:168)
	at junit.framework.TestCase.runBare(TestCase.java:134)
	at junit.framework.TestResult$1.protect(TestResult.java:110)
	at junit.framework.TestResult.runProtected(TestResult.java:128)
	at junit.framework.TestResult.run(TestResult.java:113)
	at junit.framework.TestCase.run(TestCase.java:124)
	at junit.framework.TestSuite.runTest(TestSuite.java:232)
	at junit.framework.TestSuite.run(TestSuite.java:227)
	at junit.framework.TestSuite.runTest(TestSuite.java:232)
	at junit.framework.TestSuite.run(TestSuite.java:227)
	at junit.framework.TestSuite.runTest(TestSuite.java:232)
	at junit.framework.TestSuite.run(TestSuite.java:227)
	at org.apache.tools.ant.taskdefs.optional.junit.JUnitTestRunner.run(JUnitTestRunner.java:421)
	at org.apache.tools.ant.taskdefs.optional.junit.JUnitTestRunner.launch(JUnitTestRunner.java:912)
	at org.apache.tools.ant.taskdefs.optional.junit.JUnitTestRunner.main(JUnitTestRunner.java:766)
[Exit method: saveDocumentContent()]
[Enter method: addDocument()]
[param1: null]
Hibernate: /* load com.topcoder.service.studio.contest.FilePath */ select filepath0_.path_id as path1_9_0_, filepath0_.path as path9_0_, filepath0_.modify_date as modify3_9_0_ from path filepath0_ where filepath0_.path_id=?
The file path with specified defaultDocumentPathId doesn't exist.
com.topcoder.service.studio.contest.ContestManagementException: The file path with specified defaultDocumentPathId doesn't exist.
	at com.topcoder.service.studio.contest.bean.ContestManagerBean.wrapContestManagementException(ContestManagerBean.java:2204)
	at com.topcoder.service.studio.contest.bean.ContestManagerBean.addDocument(ContestManagerBean.java:962)
	at com.topcoder.service.studio.contest.bean.ContestManagerBeanUnitTest2.testSaveDocumentContent_Failure3(ContestManagerBeanUnitTest2.java:1275)
	at sun.reflect.NativeMethodAccessorImpl.invoke0(Native Method)
	at sun.reflect.NativeMethodAccessorImpl.invoke(NativeMethodAccessorImpl.java:39)
	at sun.reflect.DelegatingMethodAccessorImpl.invoke(DelegatingMethodAccessorImpl.java:25)
	at java.lang.reflect.Method.invoke(Method.java:585)
	at junit.framework.TestCase.runTest(TestCase.java:168)
	at junit.framework.TestCase.runBare(TestCase.java:134)
	at junit.framework.TestResult$1.protect(TestResult.java:110)
	at junit.framework.TestResult.runProtected(TestResult.java:128)
	at junit.framework.TestResult.run(TestResult.java:113)
	at junit.framework.TestCase.run(TestCase.java:124)
	at junit.framework.TestSuite.runTest(TestSuite.java:232)
	at junit.framework.TestSuite.run(TestSuite.java:227)
	at junit.framework.TestSuite.runTest(TestSuite.java:232)
	at junit.framework.TestSuite.run(TestSuite.java:227)
	at junit.framework.TestSuite.runTest(TestSuite.java:232)
	at junit.framework.TestSuite.run(TestSuite.java:227)
	at org.apache.tools.ant.taskdefs.optional.junit.JUnitTestRunner.run(JUnitTestRunner.java:421)
	at org.apache.tools.ant.taskdefs.optional.junit.JUnitTestRunner.launch(JUnitTestRunner.java:912)
	at org.apache.tools.ant.taskdefs.optional.junit.JUnitTestRunner.main(JUnitTestRunner.java:766)
[Exit method: addDocument()]
[Enter method: addDocument()]
[param1: null]
Hibernate: /* load com.topcoder.service.studio.contest.FilePath */ select filepath0_.path_id as path1_9_0_, filepath0_.path as path9_0_, filepath0_.modify_date as modify3_9_0_ from path filepath0_ where filepath0_.path_id=?
The file path with specified defaultDocumentPathId doesn't exist.
com.topcoder.service.studio.contest.ContestManagementException: The file path with specified defaultDocumentPathId doesn't exist.
	at com.topcoder.service.studio.contest.bean.ContestManagerBean.wrapContestManagementException(ContestManagerBean.java:2204)
	at com.topcoder.service.studio.contest.bean.ContestManagerBean.addDocument(ContestManagerBean.java:962)
	at com.topcoder.service.studio.contest.bean.ContestManagerBeanUnitTest2.testSaveDocumentContent_Failure4(ContestManagerBeanUnitTest2.java:1313)
	at sun.reflect.NativeMethodAccessorImpl.invoke0(Native Method)
	at sun.reflect.NativeMethodAccessorImpl.invoke(NativeMethodAccessorImpl.java:39)
	at sun.reflect.DelegatingMethodAccessorImpl.invoke(DelegatingMethodAccessorImpl.java:25)
	at java.lang.reflect.Method.invoke(Method.java:585)
	at junit.framework.TestCase.runTest(TestCase.java:168)
	at junit.framework.TestCase.runBare(TestCase.java:134)
	at junit.framework.TestResult$1.protect(TestResult.java:110)
	at junit.framework.TestResult.runProtected(TestResult.java:128)
	at junit.framework.TestResult.run(TestResult.java:113)
	at junit.framework.TestCase.run(TestCase.java:124)
	at junit.framework.TestSuite.runTest(TestSuite.java:232)
	at junit.framework.TestSuite.run(TestSuite.java:227)
	at junit.framework.TestSuite.runTest(TestSuite.java:232)
	at junit.framework.TestSuite.run(TestSuite.java:227)
	at junit.framework.TestSuite.runTest(TestSuite.java:232)
	at junit.framework.TestSuite.run(TestSuite.java:227)
	at org.apache.tools.ant.taskdefs.optional.junit.JUnitTestRunner.run(JUnitTestRunner.java:421)
	at org.apache.tools.ant.taskdefs.optional.junit.JUnitTestRunner.launch(JUnitTestRunner.java:912)
	at org.apache.tools.ant.taskdefs.optional.junit.JUnitTestRunner.main(JUnitTestRunner.java:766)
[Exit method: addDocument()]
[Enter method: addDocument()]
[param1: null]
Hibernate: /* load com.topcoder.service.studio.contest.FilePath */ select filepath0_.path_id as path1_9_0_, filepath0_.path as path9_0_, filepath0_.modify_date as modify3_9_0_ from path filepath0_ where filepath0_.path_id=?
The file path with specified defaultDocumentPathId doesn't exist.
com.topcoder.service.studio.contest.ContestManagementException: The file path with specified defaultDocumentPathId doesn't exist.
	at com.topcoder.service.studio.contest.bean.ContestManagerBean.wrapContestManagementException(ContestManagerBean.java:2204)
	at com.topcoder.service.studio.contest.bean.ContestManagerBean.addDocument(ContestManagerBean.java:962)
	at com.topcoder.service.studio.contest.bean.ContestManagerBeanUnitTest2.testSaveDocumentContent_Failure5(ContestManagerBeanUnitTest2.java:1351)
	at sun.reflect.NativeMethodAccessorImpl.invoke0(Native Method)
	at sun.reflect.NativeMethodAccessorImpl.invoke(NativeMethodAccessorImpl.java:39)
	at sun.reflect.DelegatingMethodAccessorImpl.invoke(DelegatingMethodAccessorImpl.java:25)
	at java.lang.reflect.Method.invoke(Method.java:585)
	at junit.framework.TestCase.runTest(TestCase.java:168)
	at junit.framework.TestCase.runBare(TestCase.java:134)
	at junit.framework.TestResult$1.protect(TestResult.java:110)
	at junit.framework.TestResult.runProtected(TestResult.java:128)
	at junit.framework.TestResult.run(TestResult.java:113)
	at junit.framework.TestCase.run(TestCase.java:124)
	at junit.framework.TestSuite.runTest(TestSuite.java:232)
	at junit.framework.TestSuite.run(TestSuite.java:227)
	at junit.framework.TestSuite.runTest(TestSuite.java:232)
	at junit.framework.TestSuite.run(TestSuite.java:227)
	at junit.framework.TestSuite.runTest(TestSuite.java:232)
	at junit.framework.TestSuite.run(TestSuite.java:227)
	at org.apache.tools.ant.taskdefs.optional.junit.JUnitTestRunner.run(JUnitTestRunner.java:421)
	at org.apache.tools.ant.taskdefs.optional.junit.JUnitTestRunner.launch(JUnitTestRunner.java:912)
	at org.apache.tools.ant.taskdefs.optional.junit.JUnitTestRunner.main(JUnitTestRunner.java:766)
[Exit method: addDocument()]
[Enter method: addDocument()]
[param1: null]
Hibernate: /* load com.topcoder.service.studio.contest.FilePath */ select filepath0_.path_id as path1_9_0_, filepath0_.path as path9_0_, filepath0_.modify_date as modify3_9_0_ from path filepath0_ where filepath0_.path_id=?
The file path with specified defaultDocumentPathId doesn't exist.
com.topcoder.service.studio.contest.ContestManagementException: The file path with specified defaultDocumentPathId doesn't exist.
	at com.topcoder.service.studio.contest.bean.ContestManagerBean.wrapContestManagementException(ContestManagerBean.java:2204)
	at com.topcoder.service.studio.contest.bean.ContestManagerBean.addDocument(ContestManagerBean.java:962)
	at com.topcoder.service.studio.contest.bean.ContestManagerBeanUnitTest2.testSaveDocumentContent_Failure6(ContestManagerBeanUnitTest2.java:1389)
	at sun.reflect.NativeMethodAccessorImpl.invoke0(Native Method)
	at sun.reflect.NativeMethodAccessorImpl.invoke(NativeMethodAccessorImpl.java:39)
	at sun.reflect.DelegatingMethodAccessorImpl.invoke(DelegatingMethodAccessorImpl.java:25)
	at java.lang.reflect.Method.invoke(Method.java:585)
	at junit.framework.TestCase.runTest(TestCase.java:168)
	at junit.framework.TestCase.runBare(TestCase.java:134)
	at junit.framework.TestResult$1.protect(TestResult.java:110)
	at junit.framework.TestResult.runProtected(TestResult.java:128)
	at junit.framework.TestResult.run(TestResult.java:113)
	at junit.framework.TestCase.run(TestCase.java:124)
	at junit.framework.TestSuite.runTest(TestSuite.java:232)
	at junit.framework.TestSuite.run(TestSuite.java:227)
	at junit.framework.TestSuite.runTest(TestSuite.java:232)
	at junit.framework.TestSuite.run(TestSuite.java:227)
	at junit.framework.TestSuite.runTest(TestSuite.java:232)
	at junit.framework.TestSuite.run(TestSuite.java:227)
	at org.apache.tools.ant.taskdefs.optional.junit.JUnitTestRunner.run(JUnitTestRunner.java:421)
	at org.apache.tools.ant.taskdefs.optional.junit.JUnitTestRunner.launch(JUnitTestRunner.java:912)
	at org.apache.tools.ant.taskdefs.optional.junit.JUnitTestRunner.main(JUnitTestRunner.java:766)
[Exit method: addDocument()]
[Enter method: addContestStatus()]
[param1: null]
[Exit method: addContestStatus()]
Hibernate: /* insert com.topcoder.service.studio.contest.ContestStatus */ insert into contest_status_lu (contest_status_desc, name, contest_status_id) values (?, ?, ?)
[Enter method: getAllContestSatuses()]
Hibernate: /* select s from ContestStatus s */ select conteststa0_.contest_status_id as contest1_17_, conteststa0_.contest_status_desc as contest2_17_, conteststa0_.name as name17_ from contest_status_lu conteststa0_
[Exit method: getAllContestSatuses()]
Hibernate: /* delete com.topcoder.service.studio.contest.ContestStatus */ delete from contest_status_lu where contest_status_id=?
[Enter method: getAllContestSatuses()]
The EntityManager is closed.
com.topcoder.service.studio.contest.ContestManagementException: The EntityManager is closed.
	at com.topcoder.service.studio.contest.bean.ContestManagerBean.wrapContestManagementException(ContestManagerBean.java:2223)
	at com.topcoder.service.studio.contest.bean.ContestManagerBean.getAllContestStatuses(ContestManagerBean.java:1715)
	at com.topcoder.service.studio.contest.bean.ContestManagerBeanUnitTest2.testGetAllContestStatuses_Failure1(ContestManagerBeanUnitTest2.java:1455)
	at sun.reflect.NativeMethodAccessorImpl.invoke0(Native Method)
	at sun.reflect.NativeMethodAccessorImpl.invoke(NativeMethodAccessorImpl.java:39)
	at sun.reflect.DelegatingMethodAccessorImpl.invoke(DelegatingMethodAccessorImpl.java:25)
	at java.lang.reflect.Method.invoke(Method.java:585)
	at junit.framework.TestCase.runTest(TestCase.java:168)
	at junit.framework.TestCase.runBare(TestCase.java:134)
	at junit.framework.TestResult$1.protect(TestResult.java:110)
	at junit.framework.TestResult.runProtected(TestResult.java:128)
	at junit.framework.TestResult.run(TestResult.java:113)
	at junit.framework.TestCase.run(TestCase.java:124)
	at junit.framework.TestSuite.runTest(TestSuite.java:232)
	at junit.framework.TestSuite.run(TestSuite.java:227)
	at junit.framework.TestSuite.runTest(TestSuite.java:232)
	at junit.framework.TestSuite.run(TestSuite.java:227)
	at junit.framework.TestSuite.runTest(TestSuite.java:232)
	at junit.framework.TestSuite.run(TestSuite.java:227)
	at org.apache.tools.ant.taskdefs.optional.junit.JUnitTestRunner.run(JUnitTestRunner.java:421)
	at org.apache.tools.ant.taskdefs.optional.junit.JUnitTestRunner.launch(JUnitTestRunner.java:912)
	at org.apache.tools.ant.taskdefs.optional.junit.JUnitTestRunner.main(JUnitTestRunner.java:766)
Caused by: java.lang.IllegalStateException: EntityManager is closed
	at org.hibernate.ejb.EntityManagerImpl.getSession(EntityManagerImpl.java:42)
	at org.hibernate.ejb.AbstractEntityManagerImpl.createQuery(AbstractEntityManagerImpl.java:93)
	at com.topcoder.service.studio.contest.bean.MockEntityManager.createQuery(MockEntityManager.java:236)
	at com.topcoder.service.studio.contest.bean.ContestManagerBean.getAllContestStatuses(ContestManagerBean.java:1703)
	... 20 more
[Exit method: getAllContestSatuses()]
[Enter method: getAllContestSatuses()]
There are errors while persisting the entity.
com.topcoder.service.studio.contest.ContestManagementException: There are errors while persisting the entity.
	at com.topcoder.service.studio.contest.bean.ContestManagerBean.wrapContestManagementException(ContestManagerBean.java:2223)
	at com.topcoder.service.studio.contest.bean.ContestManagerBean.getAllContestStatuses(ContestManagerBean.java:1718)
	at com.topcoder.service.studio.contest.bean.ContestManagerBeanUnitTest2.testGetAllContestStatuses_Failure2(ContestManagerBeanUnitTest2.java:1479)
	at sun.reflect.NativeMethodAccessorImpl.invoke0(Native Method)
	at sun.reflect.NativeMethodAccessorImpl.invoke(NativeMethodAccessorImpl.java:39)
	at sun.reflect.DelegatingMethodAccessorImpl.invoke(DelegatingMethodAccessorImpl.java:25)
	at java.lang.reflect.Method.invoke(Method.java:585)
	at junit.framework.TestCase.runTest(TestCase.java:168)
	at junit.framework.TestCase.runBare(TestCase.java:134)
	at junit.framework.TestResult$1.protect(TestResult.java:110)
	at junit.framework.TestResult.runProtected(TestResult.java:128)
	at junit.framework.TestResult.run(TestResult.java:113)
	at junit.framework.TestCase.run(TestCase.java:124)
	at junit.framework.TestSuite.runTest(TestSuite.java:232)
	at junit.framework.TestSuite.run(TestSuite.java:227)
	at junit.framework.TestSuite.runTest(TestSuite.java:232)
	at junit.framework.TestSuite.run(TestSuite.java:227)
	at junit.framework.TestSuite.runTest(TestSuite.java:232)
	at junit.framework.TestSuite.run(TestSuite.java:227)
	at org.apache.tools.ant.taskdefs.optional.junit.JUnitTestRunner.run(JUnitTestRunner.java:421)
	at org.apache.tools.ant.taskdefs.optional.junit.JUnitTestRunner.launch(JUnitTestRunner.java:912)
	at org.apache.tools.ant.taskdefs.optional.junit.JUnitTestRunner.main(JUnitTestRunner.java:766)
Caused by: javax.persistence.TransactionRequiredException
	at com.topcoder.service.studio.contest.bean.MockEntityManager.createQuery(MockEntityManager.java:233)
	at com.topcoder.service.studio.contest.bean.ContestManagerBean.getAllContestStatuses(ContestManagerBean.java:1703)
	... 20 more
[Exit method: getAllContestSatuses()]
[Enter method: getAllContestSatuses()]
There are errors while persisting the entity.
com.topcoder.service.studio.contest.ContestManagementException: There are errors while persisting the entity.
	at com.topcoder.service.studio.contest.bean.ContestManagerBean.wrapContestManagementException(ContestManagerBean.java:2223)
	at com.topcoder.service.studio.contest.bean.ContestManagerBean.getAllContestStatuses(ContestManagerBean.java:1718)
	at com.topcoder.service.studio.contest.bean.ContestManagerBeanUnitTest2.testGetAllContestStatuses_Failure3(ContestManagerBeanUnitTest2.java:1503)
	at sun.reflect.NativeMethodAccessorImpl.invoke0(Native Method)
	at sun.reflect.NativeMethodAccessorImpl.invoke(NativeMethodAccessorImpl.java:39)
	at sun.reflect.DelegatingMethodAccessorImpl.invoke(DelegatingMethodAccessorImpl.java:25)
	at java.lang.reflect.Method.invoke(Method.java:585)
	at junit.framework.TestCase.runTest(TestCase.java:168)
	at junit.framework.TestCase.runBare(TestCase.java:134)
	at junit.framework.TestResult$1.protect(TestResult.java:110)
	at junit.framework.TestResult.runProtected(TestResult.java:128)
	at junit.framework.TestResult.run(TestResult.java:113)
	at junit.framework.TestCase.run(TestCase.java:124)
	at junit.framework.TestSuite.runTest(TestSuite.java:232)
	at junit.framework.TestSuite.run(TestSuite.java:227)
	at junit.framework.TestSuite.runTest(TestSuite.java:232)
	at junit.framework.TestSuite.run(TestSuite.java:227)
	at junit.framework.TestSuite.runTest(TestSuite.java:232)
	at junit.framework.TestSuite.run(TestSuite.java:227)
	at org.apache.tools.ant.taskdefs.optional.junit.JUnitTestRunner.run(JUnitTestRunner.java:421)
	at org.apache.tools.ant.taskdefs.optional.junit.JUnitTestRunner.launch(JUnitTestRunner.java:912)
	at org.apache.tools.ant.taskdefs.optional.junit.JUnitTestRunner.main(JUnitTestRunner.java:766)
Caused by: javax.persistence.PersistenceException
	at com.topcoder.service.studio.contest.bean.MockEntityManager.createQuery(MockEntityManager.java:229)
	at com.topcoder.service.studio.contest.bean.ContestManagerBean.getAllContestStatuses(ContestManagerBean.java:1703)
	... 20 more
[Exit method: getAllContestSatuses()]
[Enter method: addContestChannel()]
[param1: null]
[Exit method: addContestChannel()]
Hibernate: /* insert com.topcoder.service.studio.contest.StudioFileType */ insert into file_type_lu (sort, image_file_ind, file_type_desc, extension, file_type_id) values (?, ?, ?, ?, ?)
Hibernate: /* insert com.topcoder.service.studio.contest.ContestChannel */ insert into contest_channel_lu (channel_description, file_type_id, channel_name, parent_channel, contest_channel_id) values (?, ?, ?, ?, ?)
[Enter method: getAllContestChannels()]
Hibernate: /* select s from ContestChannel s */ select contestcha0_.contest_channel_id as contest1_15_, contestcha0_.channel_description as channel2_15_, contestcha0_.file_type_id as file3_15_, contestcha0_.channel_name as channel4_15_, contestcha0_.parent_channel as parent5_15_ from contest_channel_lu contestcha0_
[Exit method: getAllContestChannels()]
Hibernate: /* delete com.topcoder.service.studio.contest.ContestChannel */ delete from contest_channel_lu where contest_channel_id=?
Hibernate: /* delete com.topcoder.service.studio.contest.StudioFileType */ delete from file_type_lu where file_type_id=?
[Enter method: getAllContestChannels()]
The EntityManager is closed.
com.topcoder.service.studio.contest.ContestManagementException: The EntityManager is closed.
	at com.topcoder.service.studio.contest.bean.ContestManagerBean.wrapContestManagementException(ContestManagerBean.java:2223)
	at com.topcoder.service.studio.contest.bean.ContestManagerBean.getAllContestChannels(ContestManagerBean.java:1754)
	at com.topcoder.service.studio.contest.bean.ContestManagerBeanUnitTest2.testGetAllContestChannels_Failure1(ContestManagerBeanUnitTest2.java:1567)
	at sun.reflect.NativeMethodAccessorImpl.invoke0(Native Method)
	at sun.reflect.NativeMethodAccessorImpl.invoke(NativeMethodAccessorImpl.java:39)
	at sun.reflect.DelegatingMethodAccessorImpl.invoke(DelegatingMethodAccessorImpl.java:25)
	at java.lang.reflect.Method.invoke(Method.java:585)
	at junit.framework.TestCase.runTest(TestCase.java:168)
	at junit.framework.TestCase.runBare(TestCase.java:134)
	at junit.framework.TestResult$1.protect(TestResult.java:110)
	at junit.framework.TestResult.runProtected(TestResult.java:128)
	at junit.framework.TestResult.run(TestResult.java:113)
	at junit.framework.TestCase.run(TestCase.java:124)
	at junit.framework.TestSuite.runTest(TestSuite.java:232)
	at junit.framework.TestSuite.run(TestSuite.java:227)
	at junit.framework.TestSuite.runTest(TestSuite.java:232)
	at junit.framework.TestSuite.run(TestSuite.java:227)
	at junit.framework.TestSuite.runTest(TestSuite.java:232)
	at junit.framework.TestSuite.run(TestSuite.java:227)
	at org.apache.tools.ant.taskdefs.optional.junit.JUnitTestRunner.run(JUnitTestRunner.java:421)
	at org.apache.tools.ant.taskdefs.optional.junit.JUnitTestRunner.launch(JUnitTestRunner.java:912)
	at org.apache.tools.ant.taskdefs.optional.junit.JUnitTestRunner.main(JUnitTestRunner.java:766)
Caused by: java.lang.IllegalStateException: EntityManager is closed
	at org.hibernate.ejb.EntityManagerImpl.getSession(EntityManagerImpl.java:42)
	at org.hibernate.ejb.AbstractEntityManagerImpl.createQuery(AbstractEntityManagerImpl.java:93)
	at com.topcoder.service.studio.contest.bean.MockEntityManager.createQuery(MockEntityManager.java:236)
	at com.topcoder.service.studio.contest.bean.ContestManagerBean.getAllContestChannels(ContestManagerBean.java:1742)
	... 20 more
[Exit method: getAllContestChannels()]
[Enter method: getAllContestChannels()]
There are errors while persisting the entity.
com.topcoder.service.studio.contest.ContestManagementException: There are errors while persisting the entity.
	at com.topcoder.service.studio.contest.bean.ContestManagerBean.wrapContestManagementException(ContestManagerBean.java:2223)
	at com.topcoder.service.studio.contest.bean.ContestManagerBean.getAllContestChannels(ContestManagerBean.java:1757)
	at com.topcoder.service.studio.contest.bean.ContestManagerBeanUnitTest2.testGetAllContestChannels_Failure3(ContestManagerBeanUnitTest2.java:1591)
	at sun.reflect.NativeMethodAccessorImpl.invoke0(Native Method)
	at sun.reflect.NativeMethodAccessorImpl.invoke(NativeMethodAccessorImpl.java:39)
	at sun.reflect.DelegatingMethodAccessorImpl.invoke(DelegatingMethodAccessorImpl.java:25)
	at java.lang.reflect.Method.invoke(Method.java:585)
	at junit.framework.TestCase.runTest(TestCase.java:168)
	at junit.framework.TestCase.runBare(TestCase.java:134)
	at junit.framework.TestResult$1.protect(TestResult.java:110)
	at junit.framework.TestResult.runProtected(TestResult.java:128)
	at junit.framework.TestResult.run(TestResult.java:113)
	at junit.framework.TestCase.run(TestCase.java:124)
	at junit.framework.TestSuite.runTest(TestSuite.java:232)
	at junit.framework.TestSuite.run(TestSuite.java:227)
	at junit.framework.TestSuite.runTest(TestSuite.java:232)
	at junit.framework.TestSuite.run(TestSuite.java:227)
	at junit.framework.TestSuite.runTest(TestSuite.java:232)
	at junit.framework.TestSuite.run(TestSuite.java:227)
	at org.apache.tools.ant.taskdefs.optional.junit.JUnitTestRunner.run(JUnitTestRunner.java:421)
	at org.apache.tools.ant.taskdefs.optional.junit.JUnitTestRunner.launch(JUnitTestRunner.java:912)
	at org.apache.tools.ant.taskdefs.optional.junit.JUnitTestRunner.main(JUnitTestRunner.java:766)
Caused by: javax.persistence.PersistenceException
	at com.topcoder.service.studio.contest.bean.MockEntityManager.createQuery(MockEntityManager.java:229)
	at com.topcoder.service.studio.contest.bean.ContestManagerBean.getAllContestChannels(ContestManagerBean.java:1742)
	... 20 more
[Exit method: getAllContestChannels()]
Hibernate: /* insert com.topcoder.service.studio.contest.StudioFileType */ insert into file_type_lu (sort, image_file_ind, file_type_desc, extension, file_type_id) values (?, ?, ?, ?, ?)
[Enter method: getAllStudioFileTypes()]
Hibernate: /* select s from StudioFileType s */ select studiofile0_.file_type_id as file1_25_, studiofile0_.sort as sort25_, studiofile0_.image_file_ind as image3_25_, studiofile0_.file_type_desc as file4_25_, studiofile0_.extension as extension25_ from file_type_lu studiofile0_
[Exit method: getAllStudioFileTypes()]
Hibernate: /* delete com.topcoder.service.studio.contest.StudioFileType */ delete from file_type_lu where file_type_id=?
[Enter method: getAllStudioFileTypes()]
The EntityManager is closed.
com.topcoder.service.studio.contest.ContestManagementException: The EntityManager is closed.
	at com.topcoder.service.studio.contest.bean.ContestManagerBean.wrapContestManagementException(ContestManagerBean.java:2223)
	at com.topcoder.service.studio.contest.bean.ContestManagerBean.getAllStudioFileTypes(ContestManagerBean.java:1793)
	at com.topcoder.service.studio.contest.bean.ContestManagerBeanUnitTest2.testGetAllStudioFileTypes_Failure1(ContestManagerBeanUnitTest2.java:1648)
	at sun.reflect.NativeMethodAccessorImpl.invoke0(Native Method)
	at sun.reflect.NativeMethodAccessorImpl.invoke(NativeMethodAccessorImpl.java:39)
	at sun.reflect.DelegatingMethodAccessorImpl.invoke(DelegatingMethodAccessorImpl.java:25)
	at java.lang.reflect.Method.invoke(Method.java:585)
	at junit.framework.TestCase.runTest(TestCase.java:168)
	at junit.framework.TestCase.runBare(TestCase.java:134)
	at junit.framework.TestResult$1.protect(TestResult.java:110)
	at junit.framework.TestResult.runProtected(TestResult.java:128)
	at junit.framework.TestResult.run(TestResult.java:113)
	at junit.framework.TestCase.run(TestCase.java:124)
	at junit.framework.TestSuite.runTest(TestSuite.java:232)
	at junit.framework.TestSuite.run(TestSuite.java:227)
	at junit.framework.TestSuite.runTest(TestSuite.java:232)
	at junit.framework.TestSuite.run(TestSuite.java:227)
	at junit.framework.TestSuite.runTest(TestSuite.java:232)
	at junit.framework.TestSuite.run(TestSuite.java:227)
	at org.apache.tools.ant.taskdefs.optional.junit.JUnitTestRunner.run(JUnitTestRunner.java:421)
	at org.apache.tools.ant.taskdefs.optional.junit.JUnitTestRunner.launch(JUnitTestRunner.java:912)
	at org.apache.tools.ant.taskdefs.optional.junit.JUnitTestRunner.main(JUnitTestRunner.java:766)
Caused by: java.lang.IllegalStateException: EntityManager is closed
	at org.hibernate.ejb.EntityManagerImpl.getSession(EntityManagerImpl.java:42)
	at org.hibernate.ejb.AbstractEntityManagerImpl.createQuery(AbstractEntityManagerImpl.java:93)
	at com.topcoder.service.studio.contest.bean.MockEntityManager.createQuery(MockEntityManager.java:236)
	at com.topcoder.service.studio.contest.bean.ContestManagerBean.getAllStudioFileTypes(ContestManagerBean.java:1781)
	... 20 more
[Exit method: getAllStudioFileTypes()]
[Enter method: getAllStudioFileTypes()]
There are errors while persisting the entity.
com.topcoder.service.studio.contest.ContestManagementException: There are errors while persisting the entity.
	at com.topcoder.service.studio.contest.bean.ContestManagerBean.wrapContestManagementException(ContestManagerBean.java:2223)
	at com.topcoder.service.studio.contest.bean.ContestManagerBean.getAllStudioFileTypes(ContestManagerBean.java:1796)
	at com.topcoder.service.studio.contest.bean.ContestManagerBeanUnitTest2.testGetAllStudioFileTypes_Failure3(ContestManagerBeanUnitTest2.java:1672)
	at sun.reflect.NativeMethodAccessorImpl.invoke0(Native Method)
	at sun.reflect.NativeMethodAccessorImpl.invoke(NativeMethodAccessorImpl.java:39)
	at sun.reflect.DelegatingMethodAccessorImpl.invoke(DelegatingMethodAccessorImpl.java:25)
	at java.lang.reflect.Method.invoke(Method.java:585)
	at junit.framework.TestCase.runTest(TestCase.java:168)
	at junit.framework.TestCase.runBare(TestCase.java:134)
	at junit.framework.TestResult$1.protect(TestResult.java:110)
	at junit.framework.TestResult.runProtected(TestResult.java:128)
	at junit.framework.TestResult.run(TestResult.java:113)
	at junit.framework.TestCase.run(TestCase.java:124)
	at junit.framework.TestSuite.runTest(TestSuite.java:232)
	at junit.framework.TestSuite.run(TestSuite.java:227)
	at junit.framework.TestSuite.runTest(TestSuite.java:232)
	at junit.framework.TestSuite.run(TestSuite.java:227)
	at junit.framework.TestSuite.runTest(TestSuite.java:232)
	at junit.framework.TestSuite.run(TestSuite.java:227)
	at org.apache.tools.ant.taskdefs.optional.junit.JUnitTestRunner.run(JUnitTestRunner.java:421)
	at org.apache.tools.ant.taskdefs.optional.junit.JUnitTestRunner.launch(JUnitTestRunner.java:912)
	at org.apache.tools.ant.taskdefs.optional.junit.JUnitTestRunner.main(JUnitTestRunner.java:766)
Caused by: javax.persistence.PersistenceException
	at com.topcoder.service.studio.contest.bean.MockEntityManager.createQuery(MockEntityManager.java:229)
	at com.topcoder.service.studio.contest.bean.ContestManagerBean.getAllStudioFileTypes(ContestManagerBean.java:1781)
	... 20 more
[Exit method: getAllStudioFileTypes()]
[Enter method: addContestTypeConfig()]
[param1: 0]
Hibernate: /* load com.topcoder.service.studio.contest.ContestTypeConfig */ select contesttyp0_.contest_type_config_id as contest1_5_0_, contesttyp0_.contest_type_id as contest2_5_0_, contesttyp0_.property_id as property3_5_0_, contesttyp0_.property_value as property4_5_0_, contesttyp0_.required as required5_0_ from contest_type_config contesttyp0_ where contesttyp0_.contest_type_config_id=?
Hibernate: select max(contest_type_config_id) from contest_type_config
[Exit method: addContestTypeConfig()]
[Enter method: getContestTypeConfig()]
[param1: 1]
[Exit method: getContestTypeConfig()]
[Enter method: addContestTypeConfig()]
[param1: 0]
The EntityManager is closed.
com.topcoder.service.studio.contest.ContestManagementException: The EntityManager is closed.
	at com.topcoder.service.studio.contest.bean.ContestManagerBean.wrapContestManagementException(ContestManagerBean.java:2223)
	at com.topcoder.service.studio.contest.bean.ContestManagerBean.addContestTypeConfig(ContestManagerBean.java:1841)
	at com.topcoder.service.studio.contest.bean.ContestManagerBeanUnitTest2.testAddContestTypeConfig_Failure1(ContestManagerBeanUnitTest2.java:1717)
	at sun.reflect.NativeMethodAccessorImpl.invoke0(Native Method)
	at sun.reflect.NativeMethodAccessorImpl.invoke(NativeMethodAccessorImpl.java:39)
	at sun.reflect.DelegatingMethodAccessorImpl.invoke(DelegatingMethodAccessorImpl.java:25)
	at java.lang.reflect.Method.invoke(Method.java:585)
	at junit.framework.TestCase.runTest(TestCase.java:168)
	at junit.framework.TestCase.runBare(TestCase.java:134)
	at junit.framework.TestResult$1.protect(TestResult.java:110)
	at junit.framework.TestResult.runProtected(TestResult.java:128)
	at junit.framework.TestResult.run(TestResult.java:113)
	at junit.framework.TestCase.run(TestCase.java:124)
	at junit.framework.TestSuite.runTest(TestSuite.java:232)
	at junit.framework.TestSuite.run(TestSuite.java:227)
	at junit.framework.TestSuite.runTest(TestSuite.java:232)
	at junit.framework.TestSuite.run(TestSuite.java:227)
	at junit.framework.TestSuite.runTest(TestSuite.java:232)
	at junit.framework.TestSuite.run(TestSuite.java:227)
	at org.apache.tools.ant.taskdefs.optional.junit.JUnitTestRunner.run(JUnitTestRunner.java:421)
	at org.apache.tools.ant.taskdefs.optional.junit.JUnitTestRunner.launch(JUnitTestRunner.java:912)
	at org.apache.tools.ant.taskdefs.optional.junit.JUnitTestRunner.main(JUnitTestRunner.java:766)
Caused by: java.lang.IllegalStateException: EntityManager is closed
	at org.hibernate.ejb.EntityManagerImpl.getSession(EntityManagerImpl.java:42)
	at org.hibernate.ejb.AbstractEntityManagerImpl.find(AbstractEntityManagerImpl.java:175)
	at com.topcoder.service.studio.contest.bean.MockEntityManager.find(MockEntityManager.java:136)
	at com.topcoder.service.studio.contest.bean.ContestManagerBean.addContestTypeConfig(ContestManagerBean.java:1825)
	... 20 more
[Exit method: addContestTypeConfig()]
[Enter method: addContestTypeConfig()]
[param1: 0]
There are errors while persisting the entity.
com.topcoder.service.studio.contest.ContestManagementException: There are errors while persisting the entity.
	at com.topcoder.service.studio.contest.bean.ContestManagerBean.wrapContestManagementException(ContestManagerBean.java:2223)
	at com.topcoder.service.studio.contest.bean.ContestManagerBean.addContestTypeConfig(ContestManagerBean.java:1847)
	at com.topcoder.service.studio.contest.bean.ContestManagerBeanUnitTest2.testAddContestTypeConfig_Failure2(ContestManagerBeanUnitTest2.java:1739)
	at sun.reflect.NativeMethodAccessorImpl.invoke0(Native Method)
	at sun.reflect.NativeMethodAccessorImpl.invoke(NativeMethodAccessorImpl.java:39)
	at sun.reflect.DelegatingMethodAccessorImpl.invoke(DelegatingMethodAccessorImpl.java:25)
	at java.lang.reflect.Method.invoke(Method.java:585)
	at junit.framework.TestCase.runTest(TestCase.java:168)
	at junit.framework.TestCase.runBare(TestCase.java:134)
	at junit.framework.TestResult$1.protect(TestResult.java:110)
	at junit.framework.TestResult.runProtected(TestResult.java:128)
	at junit.framework.TestResult.run(TestResult.java:113)
	at junit.framework.TestCase.run(TestCase.java:124)
	at junit.framework.TestSuite.runTest(TestSuite.java:232)
	at junit.framework.TestSuite.run(TestSuite.java:227)
	at junit.framework.TestSuite.runTest(TestSuite.java:232)
	at junit.framework.TestSuite.run(TestSuite.java:227)
	at junit.framework.TestSuite.runTest(TestSuite.java:232)
	at junit.framework.TestSuite.run(TestSuite.java:227)
	at org.apache.tools.ant.taskdefs.optional.junit.JUnitTestRunner.run(JUnitTestRunner.java:421)
	at org.apache.tools.ant.taskdefs.optional.junit.JUnitTestRunner.launch(JUnitTestRunner.java:912)
	at org.apache.tools.ant.taskdefs.optional.junit.JUnitTestRunner.main(JUnitTestRunner.java:766)
Caused by: javax.persistence.PersistenceException
	at com.topcoder.service.studio.contest.bean.MockEntityManager.find(MockEntityManager.java:129)
	at com.topcoder.service.studio.contest.bean.ContestManagerBean.addContestTypeConfig(ContestManagerBean.java:1825)
	... 20 more
[Exit method: addContestTypeConfig()]
[Enter method: addContestTypeConfig()]
[param1: 0]
This method is required to run in transaction.
com.topcoder.service.studio.contest.ContestManagementException: This method is required to run in transaction.
	at com.topcoder.service.studio.contest.bean.ContestManagerBean.wrapContestManagementException(ContestManagerBean.java:2223)
	at com.topcoder.service.studio.contest.bean.ContestManagerBean.addContestTypeConfig(ContestManagerBean.java:1844)
	at com.topcoder.service.studio.contest.bean.ContestManagerBeanUnitTest2.testAddContestTypeConfig_Failure3(ContestManagerBeanUnitTest2.java:1761)
	at sun.reflect.NativeMethodAccessorImpl.invoke0(Native Method)
	at sun.reflect.NativeMethodAccessorImpl.invoke(NativeMethodAccessorImpl.java:39)
	at sun.reflect.DelegatingMethodAccessorImpl.invoke(DelegatingMethodAccessorImpl.java:25)
	at java.lang.reflect.Method.invoke(Method.java:585)
	at junit.framework.TestCase.runTest(TestCase.java:168)
	at junit.framework.TestCase.runBare(TestCase.java:134)
	at junit.framework.TestResult$1.protect(TestResult.java:110)
	at junit.framework.TestResult.runProtected(TestResult.java:128)
	at junit.framework.TestResult.run(TestResult.java:113)
	at junit.framework.TestCase.run(TestCase.java:124)
	at junit.framework.TestSuite.runTest(TestSuite.java:232)
	at junit.framework.TestSuite.run(TestSuite.java:227)
	at junit.framework.TestSuite.runTest(TestSuite.java:232)
	at junit.framework.TestSuite.run(TestSuite.java:227)
	at junit.framework.TestSuite.runTest(TestSuite.java:232)
	at junit.framework.TestSuite.run(TestSuite.java:227)
	at org.apache.tools.ant.taskdefs.optional.junit.JUnitTestRunner.run(JUnitTestRunner.java:421)
	at org.apache.tools.ant.taskdefs.optional.junit.JUnitTestRunner.launch(JUnitTestRunner.java:912)
	at org.apache.tools.ant.taskdefs.optional.junit.JUnitTestRunner.main(JUnitTestRunner.java:766)
Caused by: javax.persistence.TransactionRequiredException
	at com.topcoder.service.studio.contest.bean.MockEntityManager.find(MockEntityManager.java:133)
	at com.topcoder.service.studio.contest.bean.ContestManagerBean.addContestTypeConfig(ContestManagerBean.java:1825)
	... 20 more
[Exit method: addContestTypeConfig()]
[Enter method: addContestTypeConfig()]
[param1: 0]
Hibernate: /* load com.topcoder.service.studio.contest.ContestTypeConfig */ select contesttyp0_.contest_type_config_id as contest1_5_0_, contesttyp0_.contest_type_id as contest2_5_0_, contesttyp0_.property_id as property3_5_0_, contesttyp0_.property_value as property4_5_0_, contesttyp0_.required as required5_0_ from contest_type_config contesttyp0_ where contesttyp0_.contest_type_config_id=?
[Exit method: addContestTypeConfig()]
[Enter method: addContestTypeConfig()]
[param1: 2]
The contest type config with id '2' already exists.
com.topcoder.service.studio.contest.EntityAlreadyExistsException: The contest type config with id '2' already exists.
	at com.topcoder.service.studio.contest.bean.ContestManagerBean.addContestTypeConfig(ContestManagerBean.java:1826)
	at com.topcoder.service.studio.contest.bean.ContestManagerBeanUnitTest2.testAddContestTypeConfig_Failure4(ContestManagerBeanUnitTest2.java:1788)
	at sun.reflect.NativeMethodAccessorImpl.invoke0(Native Method)
	at sun.reflect.NativeMethodAccessorImpl.invoke(NativeMethodAccessorImpl.java:39)
	at sun.reflect.DelegatingMethodAccessorImpl.invoke(DelegatingMethodAccessorImpl.java:25)
	at java.lang.reflect.Method.invoke(Method.java:585)
	at junit.framework.TestCase.runTest(TestCase.java:168)
	at junit.framework.TestCase.runBare(TestCase.java:134)
	at junit.framework.TestResult$1.protect(TestResult.java:110)
	at junit.framework.TestResult.runProtected(TestResult.java:128)
	at junit.framework.TestResult.run(TestResult.java:113)
	at junit.framework.TestCase.run(TestCase.java:124)
	at junit.framework.TestSuite.runTest(TestSuite.java:232)
	at junit.framework.TestSuite.run(TestSuite.java:227)
	at junit.framework.TestSuite.runTest(TestSuite.java:232)
	at junit.framework.TestSuite.run(TestSuite.java:227)
	at junit.framework.TestSuite.runTest(TestSuite.java:232)
	at junit.framework.TestSuite.run(TestSuite.java:227)
	at org.apache.tools.ant.taskdefs.optional.junit.JUnitTestRunner.run(JUnitTestRunner.java:421)
	at org.apache.tools.ant.taskdefs.optional.junit.JUnitTestRunner.launch(JUnitTestRunner.java:912)
	at org.apache.tools.ant.taskdefs.optional.junit.JUnitTestRunner.main(JUnitTestRunner.java:766)
[Exit method: addContestTypeConfig()]
[Enter method: addContestTypeConfig()]
[param1: 0]
Hibernate: /* load com.topcoder.service.studio.contest.ContestTypeConfig */ select contesttyp0_.contest_type_config_id as contest1_5_0_, contesttyp0_.contest_type_id as contest2_5_0_, contesttyp0_.property_id as property3_5_0_, contesttyp0_.property_value as property4_5_0_, contesttyp0_.required as required5_0_ from contest_type_config contesttyp0_ where contesttyp0_.contest_type_config_id=?
[Exit method: addContestTypeConfig()]
[Enter method: updateContestTypeConfig()]
[param1: 3]
[Exit method: updateContestTypeConfig()]
[Enter method: getContestTypeConfig()]
[param1: 3]
[Exit method: getContestTypeConfig()]
[Enter method: updateContestTypeConfig()]
[param1: 0]
The EntityManager is closed.
com.topcoder.service.studio.contest.ContestManagementException: The EntityManager is closed.
	at com.topcoder.service.studio.contest.bean.ContestManagerBean.wrapContestManagementException(ContestManagerBean.java:2223)
	at com.topcoder.service.studio.contest.bean.ContestManagerBean.updateContestTypeConfig(ContestManagerBean.java:1881)
	at com.topcoder.service.studio.contest.bean.ContestManagerBeanUnitTest2.testUpdateContestTypeConfig_Failure1(ContestManagerBeanUnitTest2.java:1836)
	at sun.reflect.NativeMethodAccessorImpl.invoke0(Native Method)
	at sun.reflect.NativeMethodAccessorImpl.invoke(NativeMethodAccessorImpl.java:39)
	at sun.reflect.DelegatingMethodAccessorImpl.invoke(DelegatingMethodAccessorImpl.java:25)
	at java.lang.reflect.Method.invoke(Method.java:585)
	at junit.framework.TestCase.runTest(TestCase.java:168)
	at junit.framework.TestCase.runBare(TestCase.java:134)
	at junit.framework.TestResult$1.protect(TestResult.java:110)
	at junit.framework.TestResult.runProtected(TestResult.java:128)
	at junit.framework.TestResult.run(TestResult.java:113)
	at junit.framework.TestCase.run(TestCase.java:124)
	at junit.framework.TestSuite.runTest(TestSuite.java:232)
	at junit.framework.TestSuite.run(TestSuite.java:227)
	at junit.framework.TestSuite.runTest(TestSuite.java:232)
	at junit.framework.TestSuite.run(TestSuite.java:227)
	at junit.framework.TestSuite.runTest(TestSuite.java:232)
	at junit.framework.TestSuite.run(TestSuite.java:227)
	at org.apache.tools.ant.taskdefs.optional.junit.JUnitTestRunner.run(JUnitTestRunner.java:421)
	at org.apache.tools.ant.taskdefs.optional.junit.JUnitTestRunner.launch(JUnitTestRunner.java:912)
	at org.apache.tools.ant.taskdefs.optional.junit.JUnitTestRunner.main(JUnitTestRunner.java:766)
Caused by: java.lang.IllegalStateException: EntityManager is closed
	at org.hibernate.ejb.EntityManagerImpl.getSession(EntityManagerImpl.java:42)
	at org.hibernate.ejb.AbstractEntityManagerImpl.find(AbstractEntityManagerImpl.java:175)
	at com.topcoder.service.studio.contest.bean.MockEntityManager.find(MockEntityManager.java:136)
	at com.topcoder.service.studio.contest.bean.ContestManagerBean.updateContestTypeConfig(ContestManagerBean.java:1873)
	... 20 more
[Exit method: updateContestTypeConfig()]
[Enter method: updateContestTypeConfig()]
[param1: 0]
There are errors while persisting the entity.
com.topcoder.service.studio.contest.ContestManagementException: There are errors while persisting the entity.
	at com.topcoder.service.studio.contest.bean.ContestManagerBean.wrapContestManagementException(ContestManagerBean.java:2223)
	at com.topcoder.service.studio.contest.bean.ContestManagerBean.updateContestTypeConfig(ContestManagerBean.java:1887)
	at com.topcoder.service.studio.contest.bean.ContestManagerBeanUnitTest2.testUpdateContestTypeConfig_Failure2(ContestManagerBeanUnitTest2.java:1858)
	at sun.reflect.NativeMethodAccessorImpl.invoke0(Native Method)
	at sun.reflect.NativeMethodAccessorImpl.invoke(NativeMethodAccessorImpl.java:39)
	at sun.reflect.DelegatingMethodAccessorImpl.invoke(DelegatingMethodAccessorImpl.java:25)
	at java.lang.reflect.Method.invoke(Method.java:585)
	at junit.framework.TestCase.runTest(TestCase.java:168)
	at junit.framework.TestCase.runBare(TestCase.java:134)
	at junit.framework.TestResult$1.protect(TestResult.java:110)
	at junit.framework.TestResult.runProtected(TestResult.java:128)
	at junit.framework.TestResult.run(TestResult.java:113)
	at junit.framework.TestCase.run(TestCase.java:124)
	at junit.framework.TestSuite.runTest(TestSuite.java:232)
	at junit.framework.TestSuite.run(TestSuite.java:227)
	at junit.framework.TestSuite.runTest(TestSuite.java:232)
	at junit.framework.TestSuite.run(TestSuite.java:227)
	at junit.framework.TestSuite.runTest(TestSuite.java:232)
	at junit.framework.TestSuite.run(TestSuite.java:227)
	at org.apache.tools.ant.taskdefs.optional.junit.JUnitTestRunner.run(JUnitTestRunner.java:421)
	at org.apache.tools.ant.taskdefs.optional.junit.JUnitTestRunner.launch(JUnitTestRunner.java:912)
	at org.apache.tools.ant.taskdefs.optional.junit.JUnitTestRunner.main(JUnitTestRunner.java:766)
Caused by: javax.persistence.PersistenceException
	at com.topcoder.service.studio.contest.bean.MockEntityManager.find(MockEntityManager.java:129)
	at com.topcoder.service.studio.contest.bean.ContestManagerBean.updateContestTypeConfig(ContestManagerBean.java:1873)
	... 20 more
[Exit method: updateContestTypeConfig()]
[Enter method: updateContestTypeConfig()]
[param1: 0]
This method is required to run in transaction.
com.topcoder.service.studio.contest.ContestManagementException: This method is required to run in transaction.
	at com.topcoder.service.studio.contest.bean.ContestManagerBean.wrapContestManagementException(ContestManagerBean.java:2223)
	at com.topcoder.service.studio.contest.bean.ContestManagerBean.updateContestTypeConfig(ContestManagerBean.java:1884)
	at com.topcoder.service.studio.contest.bean.ContestManagerBeanUnitTest2.testUpdateContestTypeConfig_Failure3(ContestManagerBeanUnitTest2.java:1880)
	at sun.reflect.NativeMethodAccessorImpl.invoke0(Native Method)
	at sun.reflect.NativeMethodAccessorImpl.invoke(NativeMethodAccessorImpl.java:39)
	at sun.reflect.DelegatingMethodAccessorImpl.invoke(DelegatingMethodAccessorImpl.java:25)
	at java.lang.reflect.Method.invoke(Method.java:585)
	at junit.framework.TestCase.runTest(TestCase.java:168)
	at junit.framework.TestCase.runBare(TestCase.java:134)
	at junit.framework.TestResult$1.protect(TestResult.java:110)
	at junit.framework.TestResult.runProtected(TestResult.java:128)
	at junit.framework.TestResult.run(TestResult.java:113)
	at junit.framework.TestCase.run(TestCase.java:124)
	at junit.framework.TestSuite.runTest(TestSuite.java:232)
	at junit.framework.TestSuite.run(TestSuite.java:227)
	at junit.framework.TestSuite.runTest(TestSuite.java:232)
	at junit.framework.TestSuite.run(TestSuite.java:227)
	at junit.framework.TestSuite.runTest(TestSuite.java:232)
	at junit.framework.TestSuite.run(TestSuite.java:227)
	at org.apache.tools.ant.taskdefs.optional.junit.JUnitTestRunner.run(JUnitTestRunner.java:421)
	at org.apache.tools.ant.taskdefs.optional.junit.JUnitTestRunner.launch(JUnitTestRunner.java:912)
	at org.apache.tools.ant.taskdefs.optional.junit.JUnitTestRunner.main(JUnitTestRunner.java:766)
Caused by: javax.persistence.TransactionRequiredException
	at com.topcoder.service.studio.contest.bean.MockEntityManager.find(MockEntityManager.java:133)
	at com.topcoder.service.studio.contest.bean.ContestManagerBean.updateContestTypeConfig(ContestManagerBean.java:1873)
	... 20 more
[Exit method: updateContestTypeConfig()]
[Enter method: updateContestTypeConfig()]
[param1: 1,000]
Hibernate: /* load com.topcoder.service.studio.contest.ContestTypeConfig */ select contesttyp0_.contest_type_config_id as contest1_5_0_, contesttyp0_.contest_type_id as contest2_5_0_, contesttyp0_.property_id as property3_5_0_, contesttyp0_.property_value as property4_5_0_, contesttyp0_.required as required5_0_ from contest_type_config contesttyp0_ where contesttyp0_.contest_type_config_id=?
The contest type config with id '1000' doesn't exist
com.topcoder.service.studio.contest.EntityNotFoundException: The contest type config with id '1000' doesn't exist
	at com.topcoder.service.studio.contest.bean.ContestManagerBean.wrapEntityNotFoundException(ContestManagerBean.java:2186)
	at com.topcoder.service.studio.contest.bean.ContestManagerBean.updateContestTypeConfig(ContestManagerBean.java:1874)
	at com.topcoder.service.studio.contest.bean.ContestManagerBeanUnitTest2.testUpdateContestTypeConfig_Failure4(ContestManagerBeanUnitTest2.java:1902)
	at sun.reflect.NativeMethodAccessorImpl.invoke0(Native Method)
	at sun.reflect.NativeMethodAccessorImpl.invoke(NativeMethodAccessorImpl.java:39)
	at sun.reflect.DelegatingMethodAccessorImpl.invoke(DelegatingMethodAccessorImpl.java:25)
	at java.lang.reflect.Method.invoke(Method.java:585)
	at junit.framework.TestCase.runTest(TestCase.java:168)
	at junit.framework.TestCase.runBare(TestCase.java:134)
	at junit.framework.TestResult$1.protect(TestResult.java:110)
	at junit.framework.TestResult.runProtected(TestResult.java:128)
	at junit.framework.TestResult.run(TestResult.java:113)
	at junit.framework.TestCase.run(TestCase.java:124)
	at junit.framework.TestSuite.runTest(TestSuite.java:232)
	at junit.framework.TestSuite.run(TestSuite.java:227)
	at junit.framework.TestSuite.runTest(TestSuite.java:232)
	at junit.framework.TestSuite.run(TestSuite.java:227)
	at junit.framework.TestSuite.runTest(TestSuite.java:232)
	at junit.framework.TestSuite.run(TestSuite.java:227)
	at org.apache.tools.ant.taskdefs.optional.junit.JUnitTestRunner.run(JUnitTestRunner.java:421)
	at org.apache.tools.ant.taskdefs.optional.junit.JUnitTestRunner.launch(JUnitTestRunner.java:912)
	at org.apache.tools.ant.taskdefs.optional.junit.JUnitTestRunner.main(JUnitTestRunner.java:766)
[Exit method: updateContestTypeConfig()]
[Enter method: addContestTypeConfig()]
[param1: 0]
Hibernate: /* load com.topcoder.service.studio.contest.ContestTypeConfig */ select contesttyp0_.contest_type_config_id as contest1_5_0_, contesttyp0_.contest_type_id as contest2_5_0_, contesttyp0_.property_id as property3_5_0_, contesttyp0_.property_value as property4_5_0_, contesttyp0_.required as required5_0_ from contest_type_config contesttyp0_ where contesttyp0_.contest_type_config_id=?
[Exit method: addContestTypeConfig()]
[Enter method: getContestTypeConfig()]
[param1: 4]
[Exit method: getContestTypeConfig()]
[Enter method: addContestTypeConfig()]
[param1: 0]
Hibernate: /* load com.topcoder.service.studio.contest.ContestTypeConfig */ select contesttyp0_.contest_type_config_id as contest1_5_0_, contesttyp0_.contest_type_id as contest2_5_0_, contesttyp0_.property_id as property3_5_0_, contesttyp0_.property_value as property4_5_0_, contesttyp0_.required as required5_0_ from contest_type_config contesttyp0_ where contesttyp0_.contest_type_config_id=?
[Exit method: addContestTypeConfig()]
[Enter method: getContestTypeConfig()]
[param1: 5]
The EntityManager is closed.
com.topcoder.service.studio.contest.ContestManagementException: The EntityManager is closed.
	at com.topcoder.service.studio.contest.bean.ContestManagerBean.wrapContestManagementException(ContestManagerBean.java:2223)
	at com.topcoder.service.studio.contest.bean.ContestManagerBean.getContestTypeConfig(ContestManagerBean.java:1919)
	at com.topcoder.service.studio.contest.bean.ContestManagerBeanUnitTest2.testGetContestTypeConfig_Failure1(ContestManagerBeanUnitTest2.java:1945)
	at sun.reflect.NativeMethodAccessorImpl.invoke0(Native Method)
	at sun.reflect.NativeMethodAccessorImpl.invoke(NativeMethodAccessorImpl.java:39)
	at sun.reflect.DelegatingMethodAccessorImpl.invoke(DelegatingMethodAccessorImpl.java:25)
	at java.lang.reflect.Method.invoke(Method.java:585)
	at junit.framework.TestCase.runTest(TestCase.java:168)
	at junit.framework.TestCase.runBare(TestCase.java:134)
	at junit.framework.TestResult$1.protect(TestResult.java:110)
	at junit.framework.TestResult.runProtected(TestResult.java:128)
	at junit.framework.TestResult.run(TestResult.java:113)
	at junit.framework.TestCase.run(TestCase.java:124)
	at junit.framework.TestSuite.runTest(TestSuite.java:232)
	at junit.framework.TestSuite.run(TestSuite.java:227)
	at junit.framework.TestSuite.runTest(TestSuite.java:232)
	at junit.framework.TestSuite.run(TestSuite.java:227)
	at junit.framework.TestSuite.runTest(TestSuite.java:232)
	at junit.framework.TestSuite.run(TestSuite.java:227)
	at org.apache.tools.ant.taskdefs.optional.junit.JUnitTestRunner.run(JUnitTestRunner.java:421)
	at org.apache.tools.ant.taskdefs.optional.junit.JUnitTestRunner.launch(JUnitTestRunner.java:912)
	at org.apache.tools.ant.taskdefs.optional.junit.JUnitTestRunner.main(JUnitTestRunner.java:766)
Caused by: java.lang.IllegalStateException: EntityManager is closed
	at org.hibernate.ejb.EntityManagerImpl.getSession(EntityManagerImpl.java:42)
	at org.hibernate.ejb.AbstractEntityManagerImpl.find(AbstractEntityManagerImpl.java:175)
	at com.topcoder.service.studio.contest.bean.MockEntityManager.find(MockEntityManager.java:136)
	at com.topcoder.service.studio.contest.bean.ContestManagerBean.getContestTypeConfig(ContestManagerBean.java:1914)
	... 20 more
[Exit method: getContestTypeConfig()]
[Enter method: addContestTypeConfig()]
[param1: 0]
Hibernate: /* load com.topcoder.service.studio.contest.ContestTypeConfig */ select contesttyp0_.contest_type_config_id as contest1_5_0_, contesttyp0_.contest_type_id as contest2_5_0_, contesttyp0_.property_id as property3_5_0_, contesttyp0_.property_value as property4_5_0_, contesttyp0_.required as required5_0_ from contest_type_config contesttyp0_ where contesttyp0_.contest_type_config_id=?
[Exit method: addContestTypeConfig()]
[Enter method: getContestTypeConfig()]
[param1: 6]
There are errors while persisting the entity.
com.topcoder.service.studio.contest.ContestManagementException: There are errors while persisting the entity.
	at com.topcoder.service.studio.contest.bean.ContestManagerBean.wrapContestManagementException(ContestManagerBean.java:2223)
	at com.topcoder.service.studio.contest.bean.ContestManagerBean.getContestTypeConfig(ContestManagerBean.java:1922)
	at com.topcoder.service.studio.contest.bean.ContestManagerBeanUnitTest2.testGetContestTypeConfig_Failure2(ContestManagerBeanUnitTest2.java:1969)
	at sun.reflect.NativeMethodAccessorImpl.invoke0(Native Method)
	at sun.reflect.NativeMethodAccessorImpl.invoke(NativeMethodAccessorImpl.java:39)
	at sun.reflect.DelegatingMethodAccessorImpl.invoke(DelegatingMethodAccessorImpl.java:25)
	at java.lang.reflect.Method.invoke(Method.java:585)
	at junit.framework.TestCase.runTest(TestCase.java:168)
	at junit.framework.TestCase.runBare(TestCase.java:134)
	at junit.framework.TestResult$1.protect(TestResult.java:110)
	at junit.framework.TestResult.runProtected(TestResult.java:128)
	at junit.framework.TestResult.run(TestResult.java:113)
	at junit.framework.TestCase.run(TestCase.java:124)
	at junit.framework.TestSuite.runTest(TestSuite.java:232)
	at junit.framework.TestSuite.run(TestSuite.java:227)
	at junit.framework.TestSuite.runTest(TestSuite.java:232)
	at junit.framework.TestSuite.run(TestSuite.java:227)
	at junit.framework.TestSuite.runTest(TestSuite.java:232)
	at junit.framework.TestSuite.run(TestSuite.java:227)
	at org.apache.tools.ant.taskdefs.optional.junit.JUnitTestRunner.run(JUnitTestRunner.java:421)
	at org.apache.tools.ant.taskdefs.optional.junit.JUnitTestRunner.launch(JUnitTestRunner.java:912)
	at org.apache.tools.ant.taskdefs.optional.junit.JUnitTestRunner.main(JUnitTestRunner.java:766)
Caused by: javax.persistence.PersistenceException
	at com.topcoder.service.studio.contest.bean.MockEntityManager.find(MockEntityManager.java:129)
	at com.topcoder.service.studio.contest.bean.ContestManagerBean.getContestTypeConfig(ContestManagerBean.java:1914)
	... 20 more
[Exit method: getContestTypeConfig()]
[Enter method: createContest()]
[param1: null]
[Exit method: createContest()]
Hibernate: select max(prize_type_id) from prize_type_lu
Hibernate: select max(prize_id) from prize
[Enter method: addPrizeToContest()]
[param1: 15, param2: 1]
[Exit method: addPrizeToContest()]
[Enter method: createContest()]
[param1: null]
[Exit method: createContest()]
[Enter method: addPrizeToContest()]
[param1: 16, param2: 1,000]
Hibernate: /* load com.topcoder.service.studio.submission.Prize */ select prize0_.prize_id as prize1_6_0_, prize0_.place as place6_0_, prize0_.amount as amount6_0_, prize0_.prize_type_id as prize4_6_0_, prize0_.create_date as create5_6_0_ from prize prize0_ where prize0_.prize_id=?
The prize with id '1000' doesn't exist.
com.topcoder.service.studio.contest.EntityNotFoundException: The prize with id '1000' doesn't exist.
	at com.topcoder.service.studio.contest.bean.ContestManagerBean.wrapEntityNotFoundException(ContestManagerBean.java:2186)
	at com.topcoder.service.studio.contest.bean.ContestManagerBean.addPrizeToContest(ContestManagerBean.java:1952)
	at com.topcoder.service.studio.contest.bean.ContestManagerBeanUnitTest2.testAddPrizeToContest_Failure1(ContestManagerBeanUnitTest2.java:2029)
	at sun.reflect.NativeMethodAccessorImpl.invoke0(Native Method)
	at sun.reflect.NativeMethodAccessorImpl.invoke(NativeMethodAccessorImpl.java:39)
	at sun.reflect.DelegatingMethodAccessorImpl.invoke(DelegatingMethodAccessorImpl.java:25)
	at java.lang.reflect.Method.invoke(Method.java:585)
	at junit.framework.TestCase.runTest(TestCase.java:168)
	at junit.framework.TestCase.runBare(TestCase.java:134)
	at junit.framework.TestResult$1.protect(TestResult.java:110)
	at junit.framework.TestResult.runProtected(TestResult.java:128)
	at junit.framework.TestResult.run(TestResult.java:113)
	at junit.framework.TestCase.run(TestCase.java:124)
	at junit.framework.TestSuite.runTest(TestSuite.java:232)
	at junit.framework.TestSuite.run(TestSuite.java:227)
	at junit.framework.TestSuite.runTest(TestSuite.java:232)
	at junit.framework.TestSuite.run(TestSuite.java:227)
	at junit.framework.TestSuite.runTest(TestSuite.java:232)
	at junit.framework.TestSuite.run(TestSuite.java:227)
	at org.apache.tools.ant.taskdefs.optional.junit.JUnitTestRunner.run(JUnitTestRunner.java:421)
	at org.apache.tools.ant.taskdefs.optional.junit.JUnitTestRunner.launch(JUnitTestRunner.java:912)
	at org.apache.tools.ant.taskdefs.optional.junit.JUnitTestRunner.main(JUnitTestRunner.java:766)
[Exit method: addPrizeToContest()]
[Enter method: addPrizeToContest()]
[param1: 100, param2: 2]
Hibernate: /* load com.topcoder.service.studio.contest.Contest */ select contest0_.contest_id as contest1_18_0_, contest0_.contest_channel_id as contest2_18_0_, contest0_.name as name18_0_, contest0_.contest_type_id as contest4_18_0_, contest0_.project_id as project5_18_0_, contest0_.tc_direct_project_id as tc6_18_0_, contest0_.contest_status_id as contest7_18_0_, contest0_.forum_id as forum8_18_0_, contest0_.event_id as event9_18_0_, contest0_.start_time as start10_18_0_, contest0_.end_date as end11_18_0_, contest0_.winner_annoucement_deadline as winner12_18_0_, contest0_.creator_user_id as creator13_18_0_ from contest contest0_ where contest0_.contest_id=?
The contest with id '100' doesn't exist.
com.topcoder.service.studio.contest.EntityNotFoundException: The contest with id '100' doesn't exist.
	at com.topcoder.service.studio.contest.bean.ContestManagerBean.wrapEntityNotFoundException(ContestManagerBean.java:2186)
	at com.topcoder.service.studio.contest.bean.ContestManagerBean.addPrizeToContest(ContestManagerBean.java:1958)
	at com.topcoder.service.studio.contest.bean.ContestManagerBeanUnitTest2.testAddPrizeToContest_Failure2(ContestManagerBeanUnitTest2.java:2065)
	at sun.reflect.NativeMethodAccessorImpl.invoke0(Native Method)
	at sun.reflect.NativeMethodAccessorImpl.invoke(NativeMethodAccessorImpl.java:39)
	at sun.reflect.DelegatingMethodAccessorImpl.invoke(DelegatingMethodAccessorImpl.java:25)
	at java.lang.reflect.Method.invoke(Method.java:585)
	at junit.framework.TestCase.runTest(TestCase.java:168)
	at junit.framework.TestCase.runBare(TestCase.java:134)
	at junit.framework.TestResult$1.protect(TestResult.java:110)
	at junit.framework.TestResult.runProtected(TestResult.java:128)
	at junit.framework.TestResult.run(TestResult.java:113)
	at junit.framework.TestCase.run(TestCase.java:124)
	at junit.framework.TestSuite.runTest(TestSuite.java:232)
	at junit.framework.TestSuite.run(TestSuite.java:227)
	at junit.framework.TestSuite.runTest(TestSuite.java:232)
	at junit.framework.TestSuite.run(TestSuite.java:227)
	at junit.framework.TestSuite.runTest(TestSuite.java:232)
	at junit.framework.TestSuite.run(TestSuite.java:227)
	at org.apache.tools.ant.taskdefs.optional.junit.JUnitTestRunner.run(JUnitTestRunner.java:421)
	at org.apache.tools.ant.taskdefs.optional.junit.JUnitTestRunner.launch(JUnitTestRunner.java:912)
	at org.apache.tools.ant.taskdefs.optional.junit.JUnitTestRunner.main(JUnitTestRunner.java:766)
[Exit method: addPrizeToContest()]
[Enter method: createContest()]
[param1: null]
[Exit method: createContest()]
[Enter method: addPrizeToContest()]
[param1: 17, param2: 3]
The EntityManager is closed.
com.topcoder.service.studio.contest.ContestManagementException: The EntityManager is closed.
	at com.topcoder.service.studio.contest.bean.ContestManagerBean.wrapContestManagementException(ContestManagerBean.java:2223)
	at com.topcoder.service.studio.contest.bean.ContestManagerBean.addPrizeToContest(ContestManagerBean.java:1964)
	at com.topcoder.service.studio.contest.bean.ContestManagerBeanUnitTest2.testAddPrizeToContest_Failure3(ContestManagerBeanUnitTest2.java:2105)
	at sun.reflect.NativeMethodAccessorImpl.invoke0(Native Method)
	at sun.reflect.NativeMethodAccessorImpl.invoke(NativeMethodAccessorImpl.java:39)
	at sun.reflect.DelegatingMethodAccessorImpl.invoke(DelegatingMethodAccessorImpl.java:25)
	at java.lang.reflect.Method.invoke(Method.java:585)
	at junit.framework.TestCase.runTest(TestCase.java:168)
	at junit.framework.TestCase.runBare(TestCase.java:134)
	at junit.framework.TestResult$1.protect(TestResult.java:110)
	at junit.framework.TestResult.runProtected(TestResult.java:128)
	at junit.framework.TestResult.run(TestResult.java:113)
	at junit.framework.TestCase.run(TestCase.java:124)
	at junit.framework.TestSuite.runTest(TestSuite.java:232)
	at junit.framework.TestSuite.run(TestSuite.java:227)
	at junit.framework.TestSuite.runTest(TestSuite.java:232)
	at junit.framework.TestSuite.run(TestSuite.java:227)
	at junit.framework.TestSuite.runTest(TestSuite.java:232)
	at junit.framework.TestSuite.run(TestSuite.java:227)
	at org.apache.tools.ant.taskdefs.optional.junit.JUnitTestRunner.run(JUnitTestRunner.java:421)
	at org.apache.tools.ant.taskdefs.optional.junit.JUnitTestRunner.launch(JUnitTestRunner.java:912)
	at org.apache.tools.ant.taskdefs.optional.junit.JUnitTestRunner.main(JUnitTestRunner.java:766)
Caused by: java.lang.IllegalStateException: EntityManager is closed
	at org.hibernate.ejb.EntityManagerImpl.getSession(EntityManagerImpl.java:42)
	at org.hibernate.ejb.AbstractEntityManagerImpl.find(AbstractEntityManagerImpl.java:175)
	at com.topcoder.service.studio.contest.bean.MockEntityManager.find(MockEntityManager.java:136)
	at com.topcoder.service.studio.contest.bean.ContestManagerBean.addPrizeToContest(ContestManagerBean.java:1949)
	... 20 more
[Exit method: addPrizeToContest()]
[Enter method: createContest()]
[param1: null]
[Exit method: createContest()]
[Enter method: addPrizeToContest()]
[param1: 18, param2: 4]
This method is required to run in transaction.
com.topcoder.service.studio.contest.ContestManagementException: This method is required to run in transaction.
	at com.topcoder.service.studio.contest.bean.ContestManagerBean.wrapContestManagementException(ContestManagerBean.java:2223)
	at com.topcoder.service.studio.contest.bean.ContestManagerBean.addPrizeToContest(ContestManagerBean.java:1967)
	at com.topcoder.service.studio.contest.bean.ContestManagerBeanUnitTest2.testAddPrizeToContest_Failure4(ContestManagerBeanUnitTest2.java:2146)
	at sun.reflect.NativeMethodAccessorImpl.invoke0(Native Method)
	at sun.reflect.NativeMethodAccessorImpl.invoke(NativeMethodAccessorImpl.java:39)
	at sun.reflect.DelegatingMethodAccessorImpl.invoke(DelegatingMethodAccessorImpl.java:25)
	at java.lang.reflect.Method.invoke(Method.java:585)
	at junit.framework.TestCase.runTest(TestCase.java:168)
	at junit.framework.TestCase.runBare(TestCase.java:134)
	at junit.framework.TestResult$1.protect(TestResult.java:110)
	at junit.framework.TestResult.runProtected(TestResult.java:128)
	at junit.framework.TestResult.run(TestResult.java:113)
	at junit.framework.TestCase.run(TestCase.java:124)
	at junit.framework.TestSuite.runTest(TestSuite.java:232)
	at junit.framework.TestSuite.run(TestSuite.java:227)
	at junit.framework.TestSuite.runTest(TestSuite.java:232)
	at junit.framework.TestSuite.run(TestSuite.java:227)
	at junit.framework.TestSuite.runTest(TestSuite.java:232)
	at junit.framework.TestSuite.run(TestSuite.java:227)
	at org.apache.tools.ant.taskdefs.optional.junit.JUnitTestRunner.run(JUnitTestRunner.java:421)
	at org.apache.tools.ant.taskdefs.optional.junit.JUnitTestRunner.launch(JUnitTestRunner.java:912)
	at org.apache.tools.ant.taskdefs.optional.junit.JUnitTestRunner.main(JUnitTestRunner.java:766)
Caused by: javax.persistence.TransactionRequiredException
	at com.topcoder.service.studio.contest.bean.MockEntityManager.find(MockEntityManager.java:133)
	at com.topcoder.service.studio.contest.bean.ContestManagerBean.addPrizeToContest(ContestManagerBean.java:1949)
	... 20 more
[Exit method: addPrizeToContest()]
[Enter method: createContest()]
[param1: null]
[Exit method: createContest()]
[Enter method: addPrizeToContest()]
[param1: 19, param2: 5]
There are errors while persisting the entity.
com.topcoder.service.studio.contest.ContestManagementException: There are errors while persisting the entity.
	at com.topcoder.service.studio.contest.bean.ContestManagerBean.wrapContestManagementException(ContestManagerBean.java:2223)
	at com.topcoder.service.studio.contest.bean.ContestManagerBean.addPrizeToContest(ContestManagerBean.java:1970)
	at com.topcoder.service.studio.contest.bean.ContestManagerBeanUnitTest2.testAddPrizeToContest_Failure5(ContestManagerBeanUnitTest2.java:2186)
	at sun.reflect.NativeMethodAccessorImpl.invoke0(Native Method)
	at sun.reflect.NativeMethodAccessorImpl.invoke(NativeMethodAccessorImpl.java:39)
	at sun.reflect.DelegatingMethodAccessorImpl.invoke(DelegatingMethodAccessorImpl.java:25)
	at java.lang.reflect.Method.invoke(Method.java:585)
	at junit.framework.TestCase.runTest(TestCase.java:168)
	at junit.framework.TestCase.runBare(TestCase.java:134)
	at junit.framework.TestResult$1.protect(TestResult.java:110)
	at junit.framework.TestResult.runProtected(TestResult.java:128)
	at junit.framework.TestResult.run(TestResult.java:113)
	at junit.framework.TestCase.run(TestCase.java:124)
	at junit.framework.TestSuite.runTest(TestSuite.java:232)
	at junit.framework.TestSuite.run(TestSuite.java:227)
	at junit.framework.TestSuite.runTest(TestSuite.java:232)
	at junit.framework.TestSuite.run(TestSuite.java:227)
	at junit.framework.TestSuite.runTest(TestSuite.java:232)
	at junit.framework.TestSuite.run(TestSuite.java:227)
	at org.apache.tools.ant.taskdefs.optional.junit.JUnitTestRunner.run(JUnitTestRunner.java:421)
	at org.apache.tools.ant.taskdefs.optional.junit.JUnitTestRunner.launch(JUnitTestRunner.java:912)
	at org.apache.tools.ant.taskdefs.optional.junit.JUnitTestRunner.main(JUnitTestRunner.java:766)
Caused by: javax.persistence.PersistenceException
	at com.topcoder.service.studio.contest.bean.MockEntityManager.find(MockEntityManager.java:129)
	at com.topcoder.service.studio.contest.bean.ContestManagerBean.addPrizeToContest(ContestManagerBean.java:1949)
	... 20 more
[Exit method: addPrizeToContest()]
[Enter method: createContest()]
[param1: null]
[Exit method: createContest()]
[Enter method: addPrizeToContest()]
[param1: 20, param2: 6]
[Exit method: addPrizeToContest()]
[Enter method: removePrizesFromContest()]
[param1: 20, param2: 6]
[Exit method: removePrizesFromContest()]
[Enter method: createContest()]
[param1: null]
[Exit method: createContest()]
[Enter method: removePrizesFromContest()]
[param1: 21, param2: 7]
[Exit method: removePrizesFromContest()]
[Enter method: createContest()]
[param1: null]
[Exit method: createContest()]
[Enter method: removePrizesFromContest()]
[param1: 22, param2: 1,000]
Hibernate: /* load com.topcoder.service.studio.submission.Prize */ select prize0_.prize_id as prize1_6_0_, prize0_.place as place6_0_, prize0_.amount as amount6_0_, prize0_.prize_type_id as prize4_6_0_, prize0_.create_date as create5_6_0_ from prize prize0_ where prize0_.prize_id=?
The prize with id '1000' doesn't exist.
com.topcoder.service.studio.contest.EntityNotFoundException: The prize with id '1000' doesn't exist.
	at com.topcoder.service.studio.contest.bean.ContestManagerBean.wrapEntityNotFoundException(ContestManagerBean.java:2186)
	at com.topcoder.service.studio.contest.bean.ContestManagerBean.removePrizeFromContest(ContestManagerBean.java:2003)
	at com.topcoder.service.studio.contest.bean.ContestManagerBeanUnitTest2.testRemovePrizeFromContest_Failure1(ContestManagerBeanUnitTest2.java:2285)
	at sun.reflect.NativeMethodAccessorImpl.invoke0(Native Method)
	at sun.reflect.NativeMethodAccessorImpl.invoke(NativeMethodAccessorImpl.java:39)
	at sun.reflect.DelegatingMethodAccessorImpl.invoke(DelegatingMethodAccessorImpl.java:25)
	at java.lang.reflect.Method.invoke(Method.java:585)
	at junit.framework.TestCase.runTest(TestCase.java:168)
	at junit.framework.TestCase.runBare(TestCase.java:134)
	at junit.framework.TestResult$1.protect(TestResult.java:110)
	at junit.framework.TestResult.runProtected(TestResult.java:128)
	at junit.framework.TestResult.run(TestResult.java:113)
	at junit.framework.TestCase.run(TestCase.java:124)
	at junit.framework.TestSuite.runTest(TestSuite.java:232)
	at junit.framework.TestSuite.run(TestSuite.java:227)
	at junit.framework.TestSuite.runTest(TestSuite.java:232)
	at junit.framework.TestSuite.run(TestSuite.java:227)
	at junit.framework.TestSuite.runTest(TestSuite.java:232)
	at junit.framework.TestSuite.run(TestSuite.java:227)
	at org.apache.tools.ant.taskdefs.optional.junit.JUnitTestRunner.run(JUnitTestRunner.java:421)
	at org.apache.tools.ant.taskdefs.optional.junit.JUnitTestRunner.launch(JUnitTestRunner.java:912)
	at org.apache.tools.ant.taskdefs.optional.junit.JUnitTestRunner.main(JUnitTestRunner.java:766)
[Exit method: removePrizesFromContest()]
[Enter method: removePrizesFromContest()]
[param1: 100, param2: 8]
Hibernate: /* load com.topcoder.service.studio.contest.Contest */ select contest0_.contest_id as contest1_18_0_, contest0_.contest_channel_id as contest2_18_0_, contest0_.name as name18_0_, contest0_.contest_type_id as contest4_18_0_, contest0_.project_id as project5_18_0_, contest0_.tc_direct_project_id as tc6_18_0_, contest0_.contest_status_id as contest7_18_0_, contest0_.forum_id as forum8_18_0_, contest0_.event_id as event9_18_0_, contest0_.start_time as start10_18_0_, contest0_.end_date as end11_18_0_, contest0_.winner_annoucement_deadline as winner12_18_0_, contest0_.creator_user_id as creator13_18_0_ from contest contest0_ where contest0_.contest_id=?
The contest with id '100' doesn't exist.
com.topcoder.service.studio.contest.EntityNotFoundException: The contest with id '100' doesn't exist.
	at com.topcoder.service.studio.contest.bean.ContestManagerBean.wrapEntityNotFoundException(ContestManagerBean.java:2186)
	at com.topcoder.service.studio.contest.bean.ContestManagerBean.removePrizeFromContest(ContestManagerBean.java:2009)
	at com.topcoder.service.studio.contest.bean.ContestManagerBeanUnitTest2.testRemovePrizeFromContest_Failure2(ContestManagerBeanUnitTest2.java:2321)
	at sun.reflect.NativeMethodAccessorImpl.invoke0(Native Method)
	at sun.reflect.NativeMethodAccessorImpl.invoke(NativeMethodAccessorImpl.java:39)
	at sun.reflect.DelegatingMethodAccessorImpl.invoke(DelegatingMethodAccessorImpl.java:25)
	at java.lang.reflect.Method.invoke(Method.java:585)
	at junit.framework.TestCase.runTest(TestCase.java:168)
	at junit.framework.TestCase.runBare(TestCase.java:134)
	at junit.framework.TestResult$1.protect(TestResult.java:110)
	at junit.framework.TestResult.runProtected(TestResult.java:128)
	at junit.framework.TestResult.run(TestResult.java:113)
	at junit.framework.TestCase.run(TestCase.java:124)
	at junit.framework.TestSuite.runTest(TestSuite.java:232)
	at junit.framework.TestSuite.run(TestSuite.java:227)
	at junit.framework.TestSuite.runTest(TestSuite.java:232)
	at junit.framework.TestSuite.run(TestSuite.java:227)
	at junit.framework.TestSuite.runTest(TestSuite.java:232)
	at junit.framework.TestSuite.run(TestSuite.java:227)
	at org.apache.tools.ant.taskdefs.optional.junit.JUnitTestRunner.run(JUnitTestRunner.java:421)
	at org.apache.tools.ant.taskdefs.optional.junit.JUnitTestRunner.launch(JUnitTestRunner.java:912)
	at org.apache.tools.ant.taskdefs.optional.junit.JUnitTestRunner.main(JUnitTestRunner.java:766)
[Exit method: removePrizesFromContest()]
[Enter method: createContest()]
[param1: null]
[Exit method: createContest()]
[Enter method: removePrizesFromContest()]
[param1: 23, param2: 9]
The EntityManager is closed.
com.topcoder.service.studio.contest.ContestManagementException: The EntityManager is closed.
	at com.topcoder.service.studio.contest.bean.ContestManagerBean.wrapContestManagementException(ContestManagerBean.java:2223)
	at com.topcoder.service.studio.contest.bean.ContestManagerBean.removePrizeFromContest(ContestManagerBean.java:2021)
	at com.topcoder.service.studio.contest.bean.ContestManagerBeanUnitTest2.testRemovePrizeFromContest_Failure3(ContestManagerBeanUnitTest2.java:2361)
	at sun.reflect.NativeMethodAccessorImpl.invoke0(Native Method)
	at sun.reflect.NativeMethodAccessorImpl.invoke(NativeMethodAccessorImpl.java:39)
	at sun.reflect.DelegatingMethodAccessorImpl.invoke(DelegatingMethodAccessorImpl.java:25)
	at java.lang.reflect.Method.invoke(Method.java:585)
	at junit.framework.TestCase.runTest(TestCase.java:168)
	at junit.framework.TestCase.runBare(TestCase.java:134)
	at junit.framework.TestResult$1.protect(TestResult.java:110)
	at junit.framework.TestResult.runProtected(TestResult.java:128)
	at junit.framework.TestResult.run(TestResult.java:113)
	at junit.framework.TestCase.run(TestCase.java:124)
	at junit.framework.TestSuite.runTest(TestSuite.java:232)
	at junit.framework.TestSuite.run(TestSuite.java:227)
	at junit.framework.TestSuite.runTest(TestSuite.java:232)
	at junit.framework.TestSuite.run(TestSuite.java:227)
	at junit.framework.TestSuite.runTest(TestSuite.java:232)
	at junit.framework.TestSuite.run(TestSuite.java:227)
	at org.apache.tools.ant.taskdefs.optional.junit.JUnitTestRunner.run(JUnitTestRunner.java:421)
	at org.apache.tools.ant.taskdefs.optional.junit.JUnitTestRunner.launch(JUnitTestRunner.java:912)
	at org.apache.tools.ant.taskdefs.optional.junit.JUnitTestRunner.main(JUnitTestRunner.java:766)
Caused by: java.lang.IllegalStateException: EntityManager is closed
	at org.hibernate.ejb.EntityManagerImpl.getSession(EntityManagerImpl.java:42)
	at org.hibernate.ejb.AbstractEntityManagerImpl.find(AbstractEntityManagerImpl.java:175)
	at com.topcoder.service.studio.contest.bean.MockEntityManager.find(MockEntityManager.java:136)
	at com.topcoder.service.studio.contest.bean.ContestManagerBean.removePrizeFromContest(ContestManagerBean.java:2000)
	... 20 more
[Exit method: removePrizesFromContest()]
[Enter method: createContest()]
[param1: null]
[Exit method: createContest()]
[Enter method: removePrizesFromContest()]
[param1: 24, param2: 10]
This method is required to run in transaction.
com.topcoder.service.studio.contest.ContestManagementException: This method is required to run in transaction.
	at com.topcoder.service.studio.contest.bean.ContestManagerBean.wrapContestManagementException(ContestManagerBean.java:2223)
	at com.topcoder.service.studio.contest.bean.ContestManagerBean.removePrizeFromContest(ContestManagerBean.java:2024)
	at com.topcoder.service.studio.contest.bean.ContestManagerBeanUnitTest2.testRemovePrizeFromContest_Failure4(ContestManagerBeanUnitTest2.java:2403)
	at sun.reflect.NativeMethodAccessorImpl.invoke0(Native Method)
	at sun.reflect.NativeMethodAccessorImpl.invoke(NativeMethodAccessorImpl.java:39)
	at sun.reflect.DelegatingMethodAccessorImpl.invoke(DelegatingMethodAccessorImpl.java:25)
	at java.lang.reflect.Method.invoke(Method.java:585)
	at junit.framework.TestCase.runTest(TestCase.java:168)
	at junit.framework.TestCase.runBare(TestCase.java:134)
	at junit.framework.TestResult$1.protect(TestResult.java:110)
	at junit.framework.TestResult.runProtected(TestResult.java:128)
	at junit.framework.TestResult.run(TestResult.java:113)
	at junit.framework.TestCase.run(TestCase.java:124)
	at junit.framework.TestSuite.runTest(TestSuite.java:232)
	at junit.framework.TestSuite.run(TestSuite.java:227)
	at junit.framework.TestSuite.runTest(TestSuite.java:232)
	at junit.framework.TestSuite.run(TestSuite.java:227)
	at junit.framework.TestSuite.runTest(TestSuite.java:232)
	at junit.framework.TestSuite.run(TestSuite.java:227)
	at org.apache.tools.ant.taskdefs.optional.junit.JUnitTestRunner.run(JUnitTestRunner.java:421)
	at org.apache.tools.ant.taskdefs.optional.junit.JUnitTestRunner.launch(JUnitTestRunner.java:912)
	at org.apache.tools.ant.taskdefs.optional.junit.JUnitTestRunner.main(JUnitTestRunner.java:766)
Caused by: javax.persistence.TransactionRequiredException
	at com.topcoder.service.studio.contest.bean.MockEntityManager.find(MockEntityManager.java:133)
	at com.topcoder.service.studio.contest.bean.ContestManagerBean.removePrizeFromContest(ContestManagerBean.java:2000)
	... 20 more
[Exit method: removePrizesFromContest()]
[Enter method: createContest()]
[param1: null]
[Exit method: createContest()]
[Enter method: removePrizesFromContest()]
[param1: 25, param2: 11]
There are errors while persisting the entity.
com.topcoder.service.studio.contest.ContestManagementException: There are errors while persisting the entity.
	at com.topcoder.service.studio.contest.bean.ContestManagerBean.wrapContestManagementException(ContestManagerBean.java:2223)
	at com.topcoder.service.studio.contest.bean.ContestManagerBean.removePrizeFromContest(ContestManagerBean.java:2027)
	at com.topcoder.service.studio.contest.bean.ContestManagerBeanUnitTest2.testRemovePrizeFromContest_Failure5(ContestManagerBeanUnitTest2.java:2444)
	at sun.reflect.NativeMethodAccessorImpl.invoke0(Native Method)
	at sun.reflect.NativeMethodAccessorImpl.invoke(NativeMethodAccessorImpl.java:39)
	at sun.reflect.DelegatingMethodAccessorImpl.invoke(DelegatingMethodAccessorImpl.java:25)
	at java.lang.reflect.Method.invoke(Method.java:585)
	at junit.framework.TestCase.runTest(TestCase.java:168)
	at junit.framework.TestCase.runBare(TestCase.java:134)
	at junit.framework.TestResult$1.protect(TestResult.java:110)
	at junit.framework.TestResult.runProtected(TestResult.java:128)
	at junit.framework.TestResult.run(TestResult.java:113)
	at junit.framework.TestCase.run(TestCase.java:124)
	at junit.framework.TestSuite.runTest(TestSuite.java:232)
	at junit.framework.TestSuite.run(TestSuite.java:227)
	at junit.framework.TestSuite.runTest(TestSuite.java:232)
	at junit.framework.TestSuite.run(TestSuite.java:227)
	at junit.framework.TestSuite.runTest(TestSuite.java:232)
	at junit.framework.TestSuite.run(TestSuite.java:227)
	at org.apache.tools.ant.taskdefs.optional.junit.JUnitTestRunner.run(JUnitTestRunner.java:421)
	at org.apache.tools.ant.taskdefs.optional.junit.JUnitTestRunner.launch(JUnitTestRunner.java:912)
	at org.apache.tools.ant.taskdefs.optional.junit.JUnitTestRunner.main(JUnitTestRunner.java:766)
Caused by: javax.persistence.PersistenceException
	at com.topcoder.service.studio.contest.bean.MockEntityManager.find(MockEntityManager.java:129)
	at com.topcoder.service.studio.contest.bean.ContestManagerBean.removePrizeFromContest(ContestManagerBean.java:2000)
	... 20 more
[Exit method: removePrizesFromContest()]
[Enter method: addPrizeToContest()]
[param1: 26, param2: 12]
[Exit method: addPrizeToContest()]
Hibernate: /* insert com.topcoder.service.studio.contest.StudioFileType */ insert into file_type_lu (sort, image_file_ind, file_type_desc, extension, file_type_id) values (?, ?, ?, ?, ?)
Hibernate: /* insert com.topcoder.service.studio.contest.ContestChannel */ insert into contest_channel_lu (channel_description, file_type_id, channel_name, parent_channel, contest_channel_id) values (?, ?, ?, ?, ?)
Hibernate: /* insert com.topcoder.service.studio.contest.ContestType */ insert into contest_type_lu (contest_type_desc, require_preview_file, require_preview_image, contest_type_id) values (?, ?, ?, ?)
Hibernate: /* insert com.topcoder.service.studio.contest.ContestStatus */ insert into contest_status_lu (contest_status_desc, name, contest_status_id) values (?, ?, ?)
Hibernate: /* insert com.topcoder.service.studio.contest.Contest */ insert into contest (contest_channel_id, name, contest_type_id, project_id, tc_direct_project_id, contest_status_id, forum_id, event_id, start_time, end_date, winner_annoucement_deadline, creator_user_id, contest_id) values (?, ?, ?, ?, ?, ?, ?, ?, ?, ?, ?, ?, ?)
Hibernate: /* insert com.topcoder.service.studio.submission.PrizeType */ insert into prize_type_lu (prize_type_desc, prize_type_id) values (?, ?)
Hibernate: /* insert com.topcoder.service.studio.submission.Prize */ insert into prize (place, amount, prize_type_id, create_date, prize_id) values (?, ?, ?, ?, ?)
Hibernate: /* insert collection row com.topcoder.service.studio.submission.Prize.contests */ insert into contest_prize_xref (prize_Id, contest_id) values (?, ?)
[Enter method: getContestPrizes()]
Hibernate: /* select p from Prize p where :contest member of p.contests */ select prize0_.prize_id as prize1_6_, prize0_.place as place6_, prize0_.amount as amount6_, prize0_.prize_type_id as prize4_6_, prize0_.create_date as create5_6_ from prize prize0_ where ? in (select contest2_.contest_id from contest_prize_xref contests1_, contest contest2_ where prize0_.prize_id=contests1_.prize_Id and contests1_.contest_id=contest2_.contest_id)
[Exit method: getContestPrizes()]
Hibernate: /* delete collection com.topcoder.service.studio.submission.Prize.contests */ delete from contest_prize_xref where prize_Id=?
Hibernate: /* delete com.topcoder.service.studio.submission.Prize */ delete from prize where prize_id=?
Hibernate: /* delete com.topcoder.service.studio.submission.PrizeType */ delete from prize_type_lu where prize_type_id=?
Hibernate: /* delete com.topcoder.service.studio.contest.Contest */ delete from contest where contest_id=?
Hibernate: /* delete com.topcoder.service.studio.contest.ContestStatus */ delete from contest_status_lu where contest_status_id=?
Hibernate: /* delete com.topcoder.service.studio.contest.ContestType */ delete from contest_type_lu where contest_type_id=?
Hibernate: /* delete com.topcoder.service.studio.contest.ContestChannel */ delete from contest_channel_lu where contest_channel_id=?
Hibernate: /* delete com.topcoder.service.studio.contest.StudioFileType */ delete from file_type_lu where file_type_id=?
[Enter method: updateContest()]
[Enter method: getContest()]
[param1: 27]
[Exit method: getContest()]
[Enter method: getContest()]
[param1: 27]
[Exit method: getContest()]
[Exit method: updateContest()]
[Enter method: getContest()]
[param1: 27]
[Exit method: getContest()]
[Enter method: updateContest()]
[Enter method: getContest()]
[param1: 28]
[Exit method: getContest()]
[Enter method: getContest()]
[param1: 28]
[Exit method: getContest()]
[Exit method: updateContest()]
[Enter method: getContest()]
[param1: 28]
[Exit method: getContest()]
[Enter method: updateContest()]
[Enter method: getContest()]
[param1: 1,000]
Hibernate: /* load com.topcoder.service.studio.contest.Contest */ select contest0_.contest_id as contest1_18_0_, contest0_.contest_channel_id as contest2_18_0_, contest0_.name as name18_0_, contest0_.contest_type_id as contest4_18_0_, contest0_.project_id as project5_18_0_, contest0_.tc_direct_project_id as tc6_18_0_, contest0_.contest_status_id as contest7_18_0_, contest0_.forum_id as forum8_18_0_, contest0_.event_id as event9_18_0_, contest0_.start_time as start10_18_0_, contest0_.end_date as end11_18_0_, contest0_.winner_annoucement_deadline as winner12_18_0_, contest0_.creator_user_id as creator13_18_0_ from contest contest0_ where contest0_.contest_id=?
[Exit method: getContest()]
The contest with id '1000' doesn't exist.
com.topcoder.service.studio.contest.EntityNotFoundException: The contest with id '1000' doesn't exist.
	at com.topcoder.service.studio.contest.bean.ContestManagerBean.wrapEntityNotFoundException(ContestManagerBean.java:2186)
	at com.topcoder.service.studio.contest.bean.ContestManagerBean.updateContest(ContestManagerBean.java:482)
	at com.topcoder.service.studio.contest.bean.ContestManagerBeanUnitTest2.testUpdateContest_Failure1(ContestManagerBeanUnitTest2.java:2663)
	at sun.reflect.NativeMethodAccessorImpl.invoke0(Native Method)
	at sun.reflect.NativeMethodAccessorImpl.invoke(NativeMethodAccessorImpl.java:39)
	at sun.reflect.DelegatingMethodAccessorImpl.invoke(DelegatingMethodAccessorImpl.java:25)
	at java.lang.reflect.Method.invoke(Method.java:585)
	at junit.framework.TestCase.runTest(TestCase.java:168)
	at junit.framework.TestCase.runBare(TestCase.java:134)
	at junit.framework.TestResult$1.protect(TestResult.java:110)
	at junit.framework.TestResult.runProtected(TestResult.java:128)
	at junit.framework.TestResult.run(TestResult.java:113)
	at junit.framework.TestCase.run(TestCase.java:124)
	at junit.framework.TestSuite.runTest(TestSuite.java:232)
	at junit.framework.TestSuite.run(TestSuite.java:227)
	at junit.framework.TestSuite.runTest(TestSuite.java:232)
	at junit.framework.TestSuite.run(TestSuite.java:227)
	at junit.framework.TestSuite.runTest(TestSuite.java:232)
	at junit.framework.TestSuite.run(TestSuite.java:227)
	at org.apache.tools.ant.taskdefs.optional.junit.JUnitTestRunner.run(JUnitTestRunner.java:421)
	at org.apache.tools.ant.taskdefs.optional.junit.JUnitTestRunner.launch(JUnitTestRunner.java:912)
	at org.apache.tools.ant.taskdefs.optional.junit.JUnitTestRunner.main(JUnitTestRunner.java:766)
[Exit method: updateContest()]
[Enter method: updateContest()]
[Enter method: getContest()]
[param1: 30]
[Exit method: getContest()]
[Enter method: getContest()]
[param1: 30]
[Exit method: getContest()]
The contest channel doesn't match.
com.topcoder.service.studio.contest.ContestManagementException: The contest channel doesn't match.
	at com.topcoder.service.studio.contest.bean.ContestManagerBean.wrapContestManagementException(ContestManagerBean.java:2204)
	at com.topcoder.service.studio.contest.bean.ContestManagerBean.updateContest(ContestManagerBean.java:497)
	at com.topcoder.service.studio.contest.bean.ContestManagerBeanUnitTest2.testUpdateContest_Failure2(ContestManagerBeanUnitTest2.java:2714)
	at sun.reflect.NativeMethodAccessorImpl.invoke0(Native Method)
	at sun.reflect.NativeMethodAccessorImpl.invoke(NativeMethodAccessorImpl.java:39)
	at sun.reflect.DelegatingMethodAccessorImpl.invoke(DelegatingMethodAccessorImpl.java:25)
	at java.lang.reflect.Method.invoke(Method.java:585)
	at junit.framework.TestCase.runTest(TestCase.java:168)
	at junit.framework.TestCase.runBare(TestCase.java:134)
	at junit.framework.TestResult$1.protect(TestResult.java:110)
	at junit.framework.TestResult.runProtected(TestResult.java:128)
	at junit.framework.TestResult.run(TestResult.java:113)
	at junit.framework.TestCase.run(TestCase.java:124)
	at junit.framework.TestSuite.runTest(TestSuite.java:232)
	at junit.framework.TestSuite.run(TestSuite.java:227)
	at junit.framework.TestSuite.runTest(TestSuite.java:232)
	at junit.framework.TestSuite.run(TestSuite.java:227)
	at junit.framework.TestSuite.runTest(TestSuite.java:232)
	at junit.framework.TestSuite.run(TestSuite.java:227)
	at org.apache.tools.ant.taskdefs.optional.junit.JUnitTestRunner.run(JUnitTestRunner.java:421)
	at org.apache.tools.ant.taskdefs.optional.junit.JUnitTestRunner.launch(JUnitTestRunner.java:912)
	at org.apache.tools.ant.taskdefs.optional.junit.JUnitTestRunner.main(JUnitTestRunner.java:766)
[Exit method: updateContest()]
[Enter method: updateContest()]
[Enter method: getContest()]
[param1: 31]
[Exit method: getContest()]
[Enter method: getContest()]
[param1: 31]
[Exit method: getContest()]
The contest type doesn't match.
com.topcoder.service.studio.contest.ContestManagementException: The contest type doesn't match.
	at com.topcoder.service.studio.contest.bean.ContestManagerBean.wrapContestManagementException(ContestManagerBean.java:2204)
	at com.topcoder.service.studio.contest.bean.ContestManagerBean.updateContest(ContestManagerBean.java:504)
	at com.topcoder.service.studio.contest.bean.ContestManagerBeanUnitTest2.testUpdateContest_Failure3(ContestManagerBeanUnitTest2.java:2765)
	at sun.reflect.NativeMethodAccessorImpl.invoke0(Native Method)
	at sun.reflect.NativeMethodAccessorImpl.invoke(NativeMethodAccessorImpl.java:39)
	at sun.reflect.DelegatingMethodAccessorImpl.invoke(DelegatingMethodAccessorImpl.java:25)
	at java.lang.reflect.Method.invoke(Method.java:585)
	at junit.framework.TestCase.runTest(TestCase.java:168)
	at junit.framework.TestCase.runBare(TestCase.java:134)
	at junit.framework.TestResult$1.protect(TestResult.java:110)
	at junit.framework.TestResult.runProtected(TestResult.java:128)
	at junit.framework.TestResult.run(TestResult.java:113)
	at junit.framework.TestCase.run(TestCase.java:124)
	at junit.framework.TestSuite.runTest(TestSuite.java:232)
	at junit.framework.TestSuite.run(TestSuite.java:227)
	at junit.framework.TestSuite.runTest(TestSuite.java:232)
	at junit.framework.TestSuite.run(TestSuite.java:227)
	at junit.framework.TestSuite.runTest(TestSuite.java:232)
	at junit.framework.TestSuite.run(TestSuite.java:227)
	at org.apache.tools.ant.taskdefs.optional.junit.JUnitTestRunner.run(JUnitTestRunner.java:421)
	at org.apache.tools.ant.taskdefs.optional.junit.JUnitTestRunner.launch(JUnitTestRunner.java:912)
	at org.apache.tools.ant.taskdefs.optional.junit.JUnitTestRunner.main(JUnitTestRunner.java:766)
[Exit method: updateContest()]
[Enter method: updateContest()]
[Enter method: getContest()]
[param1: 32]
[Exit method: getContest()]
[Enter method: getContest()]
[param1: 32]
[Exit method: getContest()]
The created user doesn't match.
com.topcoder.service.studio.contest.ContestManagementException: The created user doesn't match.
	at com.topcoder.service.studio.contest.bean.ContestManagerBean.wrapContestManagementException(ContestManagerBean.java:2204)
	at com.topcoder.service.studio.contest.bean.ContestManagerBean.updateContest(ContestManagerBean.java:509)
	at com.topcoder.service.studio.contest.bean.ContestManagerBeanUnitTest2.testUpdateContest_Failure4(ContestManagerBeanUnitTest2.java:2819)
	at sun.reflect.NativeMethodAccessorImpl.invoke0(Native Method)
	at sun.reflect.NativeMethodAccessorImpl.invoke(NativeMethodAccessorImpl.java:39)
	at sun.reflect.DelegatingMethodAccessorImpl.invoke(DelegatingMethodAccessorImpl.java:25)
	at java.lang.reflect.Method.invoke(Method.java:585)
	at junit.framework.TestCase.runTest(TestCase.java:168)
	at junit.framework.TestCase.runBare(TestCase.java:134)
	at junit.framework.TestResult$1.protect(TestResult.java:110)
	at junit.framework.TestResult.runProtected(TestResult.java:128)
	at junit.framework.TestResult.run(TestResult.java:113)
	at junit.framework.TestCase.run(TestCase.java:124)
	at junit.framework.TestSuite.runTest(TestSuite.java:232)
	at junit.framework.TestSuite.run(TestSuite.java:227)
	at junit.framework.TestSuite.runTest(TestSuite.java:232)
	at junit.framework.TestSuite.run(TestSuite.java:227)
	at junit.framework.TestSuite.runTest(TestSuite.java:232)
	at junit.framework.TestSuite.run(TestSuite.java:227)
	at org.apache.tools.ant.taskdefs.optional.junit.JUnitTestRunner.run(JUnitTestRunner.java:421)
	at org.apache.tools.ant.taskdefs.optional.junit.JUnitTestRunner.launch(JUnitTestRunner.java:912)
	at org.apache.tools.ant.taskdefs.optional.junit.JUnitTestRunner.main(JUnitTestRunner.java:766)
[Exit method: updateContest()]
[Enter method: updateContest()]
[Enter method: getContest()]
[param1: 33]
[Exit method: getContest()]
[Enter method: getContest()]
[param1: 33]
[Exit method: getContest()]
The event doesn't match.
com.topcoder.service.studio.contest.ContestManagementException: The event doesn't match.
	at com.topcoder.service.studio.contest.bean.ContestManagerBean.wrapContestManagementException(ContestManagerBean.java:2204)
	at com.topcoder.service.studio.contest.bean.ContestManagerBean.updateContest(ContestManagerBean.java:516)
	at com.topcoder.service.studio.contest.bean.ContestManagerBeanUnitTest2.testUpdateContest_Failure5(ContestManagerBeanUnitTest2.java:2874)
	at sun.reflect.NativeMethodAccessorImpl.invoke0(Native Method)
	at sun.reflect.NativeMethodAccessorImpl.invoke(NativeMethodAccessorImpl.java:39)
	at sun.reflect.DelegatingMethodAccessorImpl.invoke(DelegatingMethodAccessorImpl.java:25)
	at java.lang.reflect.Method.invoke(Method.java:585)
	at junit.framework.TestCase.runTest(TestCase.java:168)
	at junit.framework.TestCase.runBare(TestCase.java:134)
	at junit.framework.TestResult$1.protect(TestResult.java:110)
	at junit.framework.TestResult.runProtected(TestResult.java:128)
	at junit.framework.TestResult.run(TestResult.java:113)
	at junit.framework.TestCase.run(TestCase.java:124)
	at junit.framework.TestSuite.runTest(TestSuite.java:232)
	at junit.framework.TestSuite.run(TestSuite.java:227)
	at junit.framework.TestSuite.runTest(TestSuite.java:232)
	at junit.framework.TestSuite.run(TestSuite.java:227)
	at junit.framework.TestSuite.runTest(TestSuite.java:232)
	at junit.framework.TestSuite.run(TestSuite.java:227)
	at org.apache.tools.ant.taskdefs.optional.junit.JUnitTestRunner.run(JUnitTestRunner.java:421)
	at org.apache.tools.ant.taskdefs.optional.junit.JUnitTestRunner.launch(JUnitTestRunner.java:912)
	at org.apache.tools.ant.taskdefs.optional.junit.JUnitTestRunner.main(JUnitTestRunner.java:766)
[Exit method: updateContest()]
[Enter method: updateContest()]
[Enter method: getContest()]
[param1: 34]
[Exit method: getContest()]
[Enter method: getContest()]
[param1: 34]
[Exit method: getContest()]
The forum doesn't match.
com.topcoder.service.studio.contest.ContestManagementException: The forum doesn't match.
	at com.topcoder.service.studio.contest.bean.ContestManagerBean.wrapContestManagementException(ContestManagerBean.java:2204)
	at com.topcoder.service.studio.contest.bean.ContestManagerBean.updateContest(ContestManagerBean.java:523)
	at com.topcoder.service.studio.contest.bean.ContestManagerBeanUnitTest2.testUpdateContest_Failure6(ContestManagerBeanUnitTest2.java:2930)
	at sun.reflect.NativeMethodAccessorImpl.invoke0(Native Method)
	at sun.reflect.NativeMethodAccessorImpl.invoke(NativeMethodAccessorImpl.java:39)
	at sun.reflect.DelegatingMethodAccessorImpl.invoke(DelegatingMethodAccessorImpl.java:25)
	at java.lang.reflect.Method.invoke(Method.java:585)
	at junit.framework.TestCase.runTest(TestCase.java:168)
	at junit.framework.TestCase.runBare(TestCase.java:134)
	at junit.framework.TestResult$1.protect(TestResult.java:110)
	at junit.framework.TestResult.runProtected(TestResult.java:128)
	at junit.framework.TestResult.run(TestResult.java:113)
	at junit.framework.TestCase.run(TestCase.java:124)
	at junit.framework.TestSuite.runTest(TestSuite.java:232)
	at junit.framework.TestSuite.run(TestSuite.java:227)
	at junit.framework.TestSuite.runTest(TestSuite.java:232)
	at junit.framework.TestSuite.run(TestSuite.java:227)
	at junit.framework.TestSuite.runTest(TestSuite.java:232)
	at junit.framework.TestSuite.run(TestSuite.java:227)
	at org.apache.tools.ant.taskdefs.optional.junit.JUnitTestRunner.run(JUnitTestRunner.java:421)
	at org.apache.tools.ant.taskdefs.optional.junit.JUnitTestRunner.launch(JUnitTestRunner.java:912)
	at org.apache.tools.ant.taskdefs.optional.junit.JUnitTestRunner.main(JUnitTestRunner.java:766)
[Exit method: updateContest()]
[Enter method: updateContest()]
[Enter method: getContest()]
[param1: 35]
[Exit method: getContest()]
[Enter method: getContest()]
[param1: 35]
[Exit method: getContest()]
The name doesn't match.
com.topcoder.service.studio.contest.ContestManagementException: The name doesn't match.
	at com.topcoder.service.studio.contest.bean.ContestManagerBean.wrapContestManagementException(ContestManagerBean.java:2204)
	at com.topcoder.service.studio.contest.bean.ContestManagerBean.updateContest(ContestManagerBean.java:528)
	at com.topcoder.service.studio.contest.bean.ContestManagerBeanUnitTest2.testUpdateContest_Failure7(ContestManagerBeanUnitTest2.java:2987)
	at sun.reflect.NativeMethodAccessorImpl.invoke0(Native Method)
	at sun.reflect.NativeMethodAccessorImpl.invoke(NativeMethodAccessorImpl.java:39)
	at sun.reflect.DelegatingMethodAccessorImpl.invoke(DelegatingMethodAccessorImpl.java:25)
	at java.lang.reflect.Method.invoke(Method.java:585)
	at junit.framework.TestCase.runTest(TestCase.java:168)
	at junit.framework.TestCase.runBare(TestCase.java:134)
	at junit.framework.TestResult$1.protect(TestResult.java:110)
	at junit.framework.TestResult.runProtected(TestResult.java:128)
	at junit.framework.TestResult.run(TestResult.java:113)
	at junit.framework.TestCase.run(TestCase.java:124)
	at junit.framework.TestSuite.runTest(TestSuite.java:232)
	at junit.framework.TestSuite.run(TestSuite.java:227)
	at junit.framework.TestSuite.runTest(TestSuite.java:232)
	at junit.framework.TestSuite.run(TestSuite.java:227)
	at junit.framework.TestSuite.runTest(TestSuite.java:232)
	at junit.framework.TestSuite.run(TestSuite.java:227)
	at org.apache.tools.ant.taskdefs.optional.junit.JUnitTestRunner.run(JUnitTestRunner.java:421)
	at org.apache.tools.ant.taskdefs.optional.junit.JUnitTestRunner.launch(JUnitTestRunner.java:912)
	at org.apache.tools.ant.taskdefs.optional.junit.JUnitTestRunner.main(JUnitTestRunner.java:766)
[Exit method: updateContest()]
[Enter method: updateContest()]
[Enter method: getContest()]
[param1: 36]
[Exit method: getContest()]
[Enter method: getContest()]
[param1: 36]
[Exit method: getContest()]
The start date doesn't match.
com.topcoder.service.studio.contest.ContestManagementException: The start date doesn't match.
	at com.topcoder.service.studio.contest.bean.ContestManagerBean.wrapContestManagementException(ContestManagerBean.java:2204)
	at com.topcoder.service.studio.contest.bean.ContestManagerBean.updateContest(ContestManagerBean.java:540)
	at com.topcoder.service.studio.contest.bean.ContestManagerBeanUnitTest2.testUpdateContest_Failure8(ContestManagerBeanUnitTest2.java:3049)
	at sun.reflect.NativeMethodAccessorImpl.invoke0(Native Method)
	at sun.reflect.NativeMethodAccessorImpl.invoke(NativeMethodAccessorImpl.java:39)
	at sun.reflect.DelegatingMethodAccessorImpl.invoke(DelegatingMethodAccessorImpl.java:25)
	at java.lang.reflect.Method.invoke(Method.java:585)
	at junit.framework.TestCase.runTest(TestCase.java:168)
	at junit.framework.TestCase.runBare(TestCase.java:134)
	at junit.framework.TestResult$1.protect(TestResult.java:110)
	at junit.framework.TestResult.runProtected(TestResult.java:128)
	at junit.framework.TestResult.run(TestResult.java:113)
	at junit.framework.TestCase.run(TestCase.java:124)
	at junit.framework.TestSuite.runTest(TestSuite.java:232)
	at junit.framework.TestSuite.run(TestSuite.java:227)
	at junit.framework.TestSuite.runTest(TestSuite.java:232)
	at junit.framework.TestSuite.run(TestSuite.java:227)
	at junit.framework.TestSuite.runTest(TestSuite.java:232)
	at junit.framework.TestSuite.run(TestSuite.java:227)
	at org.apache.tools.ant.taskdefs.optional.junit.JUnitTestRunner.run(JUnitTestRunner.java:421)
	at org.apache.tools.ant.taskdefs.optional.junit.JUnitTestRunner.launch(JUnitTestRunner.java:912)
	at org.apache.tools.ant.taskdefs.optional.junit.JUnitTestRunner.main(JUnitTestRunner.java:766)
[Exit method: updateContest()]
[Enter method: updateContest()]
[Enter method: getContest()]
[param1: 37]
[Exit method: getContest()]
[Enter method: getContest()]
[param1: 37]
[Exit method: getContest()]
The status doesn't match.
com.topcoder.service.studio.contest.ContestManagementException: The status doesn't match.
	at com.topcoder.service.studio.contest.bean.ContestManagerBean.wrapContestManagementException(ContestManagerBean.java:2204)
	at com.topcoder.service.studio.contest.bean.ContestManagerBean.updateContest(ContestManagerBean.java:547)
	at com.topcoder.service.studio.contest.bean.ContestManagerBeanUnitTest2.testUpdateContest_Failure9(ContestManagerBeanUnitTest2.java:3109)
	at sun.reflect.NativeMethodAccessorImpl.invoke0(Native Method)
	at sun.reflect.NativeMethodAccessorImpl.invoke(NativeMethodAccessorImpl.java:39)
	at sun.reflect.DelegatingMethodAccessorImpl.invoke(DelegatingMethodAccessorImpl.java:25)
	at java.lang.reflect.Method.invoke(Method.java:585)
	at junit.framework.TestCase.runTest(TestCase.java:168)
	at junit.framework.TestCase.runBare(TestCase.java:134)
	at junit.framework.TestResult$1.protect(TestResult.java:110)
	at junit.framework.TestResult.runProtected(TestResult.java:128)
	at junit.framework.TestResult.run(TestResult.java:113)
	at junit.framework.TestCase.run(TestCase.java:124)
	at junit.framework.TestSuite.runTest(TestSuite.java:232)
	at junit.framework.TestSuite.run(TestSuite.java:227)
	at junit.framework.TestSuite.runTest(TestSuite.java:232)
	at junit.framework.TestSuite.run(TestSuite.java:227)
	at junit.framework.TestSuite.runTest(TestSuite.java:232)
	at junit.framework.TestSuite.run(TestSuite.java:227)
	at org.apache.tools.ant.taskdefs.optional.junit.JUnitTestRunner.run(JUnitTestRunner.java:421)
	at org.apache.tools.ant.taskdefs.optional.junit.JUnitTestRunner.launch(JUnitTestRunner.java:912)
	at org.apache.tools.ant.taskdefs.optional.junit.JUnitTestRunner.main(JUnitTestRunner.java:766)
[Exit method: updateContest()]
[Enter method: updateContest()]
[Enter method: getContest()]
[param1: 38]
[Exit method: getContest()]
[Enter method: getContest()]
[param1: 38]
[Exit method: getContest()]
The tcDirectProjectId doesn't match.
com.topcoder.service.studio.contest.ContestManagementException: The tcDirectProjectId doesn't match.
	at com.topcoder.service.studio.contest.bean.ContestManagerBean.wrapContestManagementException(ContestManagerBean.java:2204)
	at com.topcoder.service.studio.contest.bean.ContestManagerBean.updateContest(ContestManagerBean.java:555)
	at com.topcoder.service.studio.contest.bean.ContestManagerBeanUnitTest2.testUpdateContest_Failure10(ContestManagerBeanUnitTest2.java:3170)
	at sun.reflect.NativeMethodAccessorImpl.invoke0(Native Method)
	at sun.reflect.NativeMethodAccessorImpl.invoke(NativeMethodAccessorImpl.java:39)
	at sun.reflect.DelegatingMethodAccessorImpl.invoke(DelegatingMethodAccessorImpl.java:25)
	at java.lang.reflect.Method.invoke(Method.java:585)
	at junit.framework.TestCase.runTest(TestCase.java:168)
	at junit.framework.TestCase.runBare(TestCase.java:134)
	at junit.framework.TestResult$1.protect(TestResult.java:110)
	at junit.framework.TestResult.runProtected(TestResult.java:128)
	at junit.framework.TestResult.run(TestResult.java:113)
	at junit.framework.TestCase.run(TestCase.java:124)
	at junit.framework.TestSuite.runTest(TestSuite.java:232)
	at junit.framework.TestSuite.run(TestSuite.java:227)
	at junit.framework.TestSuite.runTest(TestSuite.java:232)
	at junit.framework.TestSuite.run(TestSuite.java:227)
	at junit.framework.TestSuite.runTest(TestSuite.java:232)
	at junit.framework.TestSuite.run(TestSuite.java:227)
	at org.apache.tools.ant.taskdefs.optional.junit.JUnitTestRunner.run(JUnitTestRunner.java:421)
	at org.apache.tools.ant.taskdefs.optional.junit.JUnitTestRunner.launch(JUnitTestRunner.java:912)
	at org.apache.tools.ant.taskdefs.optional.junit.JUnitTestRunner.main(JUnitTestRunner.java:766)
[Exit method: updateContest()]
[Enter method: updateContest()]
[Enter method: getContest()]
[param1: 39]
[Exit method: getContest()]
[Enter method: getContest()]
[param1: 39]
[Exit method: getContest()]
The WinnerAnnoucementDeadline doesn't match.
com.topcoder.service.studio.contest.ContestManagementException: The WinnerAnnoucementDeadline doesn't match.
	at com.topcoder.service.studio.contest.bean.ContestManagerBean.wrapContestManagementException(ContestManagerBean.java:2204)
	at com.topcoder.service.studio.contest.bean.ContestManagerBean.updateContest(ContestManagerBean.java:561)
	at com.topcoder.service.studio.contest.bean.ContestManagerBeanUnitTest2.testUpdateContest_Failure11(ContestManagerBeanUnitTest2.java:3235)
	at sun.reflect.NativeMethodAccessorImpl.invoke0(Native Method)
	at sun.reflect.NativeMethodAccessorImpl.invoke(NativeMethodAccessorImpl.java:39)
	at sun.reflect.DelegatingMethodAccessorImpl.invoke(DelegatingMethodAccessorImpl.java:25)
	at java.lang.reflect.Method.invoke(Method.java:585)
	at junit.framework.TestCase.runTest(TestCase.java:168)
	at junit.framework.TestCase.runBare(TestCase.java:134)
	at junit.framework.TestResult$1.protect(TestResult.java:110)
	at junit.framework.TestResult.runProtected(TestResult.java:128)
	at junit.framework.TestResult.run(TestResult.java:113)
	at junit.framework.TestCase.run(TestCase.java:124)
	at junit.framework.TestSuite.runTest(TestSuite.java:232)
	at junit.framework.TestSuite.run(TestSuite.java:227)
	at junit.framework.TestSuite.runTest(TestSuite.java:232)
	at junit.framework.TestSuite.run(TestSuite.java:227)
	at junit.framework.TestSuite.runTest(TestSuite.java:232)
	at junit.framework.TestSuite.run(TestSuite.java:227)
	at org.apache.tools.ant.taskdefs.optional.junit.JUnitTestRunner.run(JUnitTestRunner.java:421)
	at org.apache.tools.ant.taskdefs.optional.junit.JUnitTestRunner.launch(JUnitTestRunner.java:912)
	at org.apache.tools.ant.taskdefs.optional.junit.JUnitTestRunner.main(JUnitTestRunner.java:766)
[Exit method: updateContest()]
[Enter method: updateContest()]
[Enter method: getContest()]
[param1: 40]
[Exit method: getContest()]
[Enter method: getContest()]
[param1: 40]
[Exit method: getContest()]
The project doesn't match.
com.topcoder.service.studio.contest.ContestManagementException: The project doesn't match.
	at com.topcoder.service.studio.contest.bean.ContestManagerBean.wrapContestManagementException(ContestManagerBean.java:2204)
	at com.topcoder.service.studio.contest.bean.ContestManagerBean.updateContest(ContestManagerBean.java:533)
	at com.topcoder.service.studio.contest.bean.ContestManagerBeanUnitTest2.testUpdateContest_Failure12(ContestManagerBeanUnitTest2.java:3300)
	at sun.reflect.NativeMethodAccessorImpl.invoke0(Native Method)
	at sun.reflect.NativeMethodAccessorImpl.invoke(NativeMethodAccessorImpl.java:39)
	at sun.reflect.DelegatingMethodAccessorImpl.invoke(DelegatingMethodAccessorImpl.java:25)
	at java.lang.reflect.Method.invoke(Method.java:585)
	at junit.framework.TestCase.runTest(TestCase.java:168)
	at junit.framework.TestCase.runBare(TestCase.java:134)
	at junit.framework.TestResult$1.protect(TestResult.java:110)
	at junit.framework.TestResult.runProtected(TestResult.java:128)
	at junit.framework.TestResult.run(TestResult.java:113)
	at junit.framework.TestCase.run(TestCase.java:124)
	at junit.framework.TestSuite.runTest(TestSuite.java:232)
	at junit.framework.TestSuite.run(TestSuite.java:227)
	at junit.framework.TestSuite.runTest(TestSuite.java:232)
	at junit.framework.TestSuite.run(TestSuite.java:227)
	at junit.framework.TestSuite.runTest(TestSuite.java:232)
	at junit.framework.TestSuite.run(TestSuite.java:227)
	at org.apache.tools.ant.taskdefs.optional.junit.JUnitTestRunner.run(JUnitTestRunner.java:421)
	at org.apache.tools.ant.taskdefs.optional.junit.JUnitTestRunner.launch(JUnitTestRunner.java:912)
	at org.apache.tools.ant.taskdefs.optional.junit.JUnitTestRunner.main(JUnitTestRunner.java:766)
[Exit method: updateContest()]
[Enter method: createContest()]
[param1: null]
[Exit method: createContest()]
[Enter method: updateContestStatus()]
[param1: 41, param2: 32]
There are errors while persisting the entity.
com.topcoder.service.studio.contest.ContestManagementException: There are errors while persisting the entity.
	at com.topcoder.service.studio.contest.bean.ContestManagerBean.wrapContestManagementException(ContestManagerBean.java:2223)
	at com.topcoder.service.studio.contest.bean.ContestManagerBean.updateContestStatus(ContestManagerBean.java:663)
	at com.topcoder.service.studio.contest.bean.ContestManagerBeanUnitTest2.testUpdateContestStatus_Failure5(ContestManagerBeanUnitTest2.java:3496)
	at sun.reflect.NativeMethodAccessorImpl.invoke0(Native Method)
	at sun.reflect.NativeMethodAccessorImpl.invoke(NativeMethodAccessorImpl.java:39)
	at sun.reflect.DelegatingMethodAccessorImpl.invoke(DelegatingMethodAccessorImpl.java:25)
	at java.lang.reflect.Method.invoke(Method.java:585)
	at junit.framework.TestCase.runTest(TestCase.java:168)
	at junit.framework.TestCase.runBare(TestCase.java:134)
	at junit.framework.TestResult$1.protect(TestResult.java:110)
	at junit.framework.TestResult.runProtected(TestResult.java:128)
	at junit.framework.TestResult.run(TestResult.java:113)
	at junit.framework.TestCase.run(TestCase.java:124)
	at junit.framework.TestSuite.runTest(TestSuite.java:232)
	at junit.framework.TestSuite.run(TestSuite.java:227)
	at junit.framework.TestSuite.runTest(TestSuite.java:232)
	at junit.framework.TestSuite.run(TestSuite.java:227)
	at junit.framework.TestSuite.runTest(TestSuite.java:232)
	at junit.framework.TestSuite.run(TestSuite.java:227)
	at org.apache.tools.ant.taskdefs.optional.junit.JUnitTestRunner.run(JUnitTestRunner.java:421)
	at org.apache.tools.ant.taskdefs.optional.junit.JUnitTestRunner.launch(JUnitTestRunner.java:912)
	at org.apache.tools.ant.taskdefs.optional.junit.JUnitTestRunner.main(JUnitTestRunner.java:766)
Caused by: javax.persistence.PersistenceException
	at com.topcoder.service.studio.contest.bean.MockEntityManager.find(MockEntityManager.java:129)
	at com.topcoder.service.studio.contest.bean.ContestManagerBean.updateContestStatus(ContestManagerBean.java:618)
	... 20 more
[Exit method: updateContestStatus()]
[Enter method: createContest()]
[param1: null]
[Exit method: createContest()]
[Enter method: updateContestStatus()]
[param1: 42, param2: 34]
This method is required to run in transaction.
com.topcoder.service.studio.contest.ContestManagementException: This method is required to run in transaction.
	at com.topcoder.service.studio.contest.bean.ContestManagerBean.wrapContestManagementException(ContestManagerBean.java:2223)
	at com.topcoder.service.studio.contest.bean.ContestManagerBean.updateContestStatus(ContestManagerBean.java:660)
	at com.topcoder.service.studio.contest.bean.ContestManagerBeanUnitTest2.testUpdateContestStatus_Failure6(ContestManagerBeanUnitTest2.java:3538)
	at sun.reflect.NativeMethodAccessorImpl.invoke0(Native Method)
	at sun.reflect.NativeMethodAccessorImpl.invoke(NativeMethodAccessorImpl.java:39)
	at sun.reflect.DelegatingMethodAccessorImpl.invoke(DelegatingMethodAccessorImpl.java:25)
	at java.lang.reflect.Method.invoke(Method.java:585)
	at junit.framework.TestCase.runTest(TestCase.java:168)
	at junit.framework.TestCase.runBare(TestCase.java:134)
	at junit.framework.TestResult$1.protect(TestResult.java:110)
	at junit.framework.TestResult.runProtected(TestResult.java:128)
	at junit.framework.TestResult.run(TestResult.java:113)
	at junit.framework.TestCase.run(TestCase.java:124)
	at junit.framework.TestSuite.runTest(TestSuite.java:232)
	at junit.framework.TestSuite.run(TestSuite.java:227)
	at junit.framework.TestSuite.runTest(TestSuite.java:232)
	at junit.framework.TestSuite.run(TestSuite.java:227)
	at junit.framework.TestSuite.runTest(TestSuite.java:232)
	at junit.framework.TestSuite.run(TestSuite.java:227)
	at org.apache.tools.ant.taskdefs.optional.junit.JUnitTestRunner.run(JUnitTestRunner.java:421)
	at org.apache.tools.ant.taskdefs.optional.junit.JUnitTestRunner.launch(JUnitTestRunner.java:912)
	at org.apache.tools.ant.taskdefs.optional.junit.JUnitTestRunner.main(JUnitTestRunner.java:766)
Caused by: javax.persistence.TransactionRequiredException
	at com.topcoder.service.studio.contest.bean.MockEntityManager.find(MockEntityManager.java:133)
	at com.topcoder.service.studio.contest.bean.ContestManagerBean.updateContestStatus(ContestManagerBean.java:618)
	... 20 more
[Exit method: updateContestStatus()]
[Enter method: getDocumentContent()]
[param1: 100]
Hibernate: /* load com.topcoder.service.studio.contest.Document */ select document0_.document_id as document1_23_0_, document0_.original_file_name as original2_23_0_, document0_.system_file_name as system3_23_0_, document0_.path_id as path4_23_0_, document0_.mime_type_id as mime5_23_0_, document0_.document_type_id as document6_23_0_, document0_.create_date as create7_23_0_ from document document0_ where document0_.document_id=?
The document with id '100' doesn't exist.
com.topcoder.service.studio.contest.EntityNotFoundException: The document with id '100' doesn't exist.
	at com.topcoder.service.studio.contest.bean.ContestManagerBean.wrapEntityNotFoundException(ContestManagerBean.java:2186)
	at com.topcoder.service.studio.contest.bean.ContestManagerBean.getDocumentContent(ContestManagerBean.java:1595)
	at com.topcoder.service.studio.contest.bean.ContestManagerBeanUnitTest3.testGetDocumentContent_Failure2(ContestManagerBeanUnitTest3.java:184)
	at sun.reflect.NativeMethodAccessorImpl.invoke0(Native Method)
	at sun.reflect.NativeMethodAccessorImpl.invoke(NativeMethodAccessorImpl.java:39)
	at sun.reflect.DelegatingMethodAccessorImpl.invoke(DelegatingMethodAccessorImpl.java:25)
	at java.lang.reflect.Method.invoke(Method.java:585)
	at junit.framework.TestCase.runTest(TestCase.java:168)
	at junit.framework.TestCase.runBare(TestCase.java:134)
	at junit.framework.TestResult$1.protect(TestResult.java:110)
	at junit.framework.TestResult.runProtected(TestResult.java:128)
	at junit.framework.TestResult.run(TestResult.java:113)
	at junit.framework.TestCase.run(TestCase.java:124)
	at junit.framework.TestSuite.runTest(TestSuite.java:232)
	at junit.framework.TestSuite.run(TestSuite.java:227)
	at junit.framework.TestSuite.runTest(TestSuite.java:232)
	at junit.framework.TestSuite.run(TestSuite.java:227)
	at junit.framework.TestSuite.runTest(TestSuite.java:232)
	at junit.framework.TestSuite.run(TestSuite.java:227)
	at org.apache.tools.ant.taskdefs.optional.junit.JUnitTestRunner.run(JUnitTestRunner.java:421)
	at org.apache.tools.ant.taskdefs.optional.junit.JUnitTestRunner.launch(JUnitTestRunner.java:912)
	at org.apache.tools.ant.taskdefs.optional.junit.JUnitTestRunner.main(JUnitTestRunner.java:766)
[Exit method: getDocumentContent()]
[08-4-11 下午10:16: Enter method start()]
[08-4-11 下午10:16: Exit method Start()]
[Enter method: addDocument()]
[param1: null]
[Exit method: addDocument()]
[Enter method: existDocumentContent()]
[param1: 13]
There are errors in run().
com.topcoder.service.studio.contest.documentcontentservers.InvalidRequestException: Unrecognized request type: 0
	at com.topcoder.service.studio.contest.documentcontentservers.SocketDocumentContentServer$SocketDocumentContentWorker.processData(SocketDocumentContentServer.java:571)
	at com.topcoder.service.studio.contest.documentcontentservers.SocketDocumentContentServer$SocketDocumentContentWorker.run(SocketDocumentContentServer.java:442)
	at java.lang.Thread.run(Thread.java:595)
There are errors in run().
com.topcoder.service.studio.contest.documentcontentservers.InvalidRequestException: Unrecognized request type: 0
	at com.topcoder.service.studio.contest.documentcontentservers.SocketDocumentContentServer$SocketDocumentContentWorker.processData(SocketDocumentContentServer.java:571)
	at com.topcoder.service.studio.contest.documentcontentservers.SocketDocumentContentServer$SocketDocumentContentWorker.run(SocketDocumentContentServer.java:442)
	at java.lang.Thread.run(Thread.java:595)
There are errors in run().
com.topcoder.service.studio.contest.documentcontentservers.InvalidRequestException: Unrecognized request type: 0
	at com.topcoder.service.studio.contest.documentcontentservers.SocketDocumentContentServer$SocketDocumentContentWorker.processData(SocketDocumentContentServer.java:571)
	at com.topcoder.service.studio.contest.documentcontentservers.SocketDocumentContentServer$SocketDocumentContentWorker.run(SocketDocumentContentServer.java:442)
	at java.lang.Thread.run(Thread.java:595)
There are errors in run().
com.topcoder.service.studio.contest.documentcontentservers.InvalidRequestException: Unrecognized request type: 0
	at com.topcoder.service.studio.contest.documentcontentservers.SocketDocumentContentServer$SocketDocumentContentWorker.processData(SocketDocumentContentServer.java:571)
	at com.topcoder.service.studio.contest.documentcontentservers.SocketDocumentContentServer$SocketDocumentContentWorker.run(SocketDocumentContentServer.java:442)
	at java.lang.Thread.run(Thread.java:595)
There are errors in run().
com.topcoder.service.studio.contest.documentcontentservers.InvalidRequestException: Unrecognized request type: 0
	at com.topcoder.service.studio.contest.documentcontentservers.SocketDocumentContentServer$SocketDocumentContentWorker.processData(SocketDocumentContentServer.java:571)
	at com.topcoder.service.studio.contest.documentcontentservers.SocketDocumentContentServer$SocketDocumentContentWorker.run(SocketDocumentContentServer.java:442)
	at java.lang.Thread.run(Thread.java:595)
There are errors in run().
com.topcoder.service.studio.contest.documentcontentservers.InvalidRequestException: Unrecognized request type: 0
	at com.topcoder.service.studio.contest.documentcontentservers.SocketDocumentContentServer$SocketDocumentContentWorker.processData(SocketDocumentContentServer.java:571)
	at com.topcoder.service.studio.contest.documentcontentservers.SocketDocumentContentServer$SocketDocumentContentWorker.run(SocketDocumentContentServer.java:442)
	at java.lang.Thread.run(Thread.java:595)
There are errors in run().
com.topcoder.service.studio.contest.documentcontentservers.InvalidRequestException: Unrecognized request type: 0
	at com.topcoder.service.studio.contest.documentcontentservers.SocketDocumentContentServer$SocketDocumentContentWorker.processData(SocketDocumentContentServer.java:571)
	at com.topcoder.service.studio.contest.documentcontentservers.SocketDocumentContentServer$SocketDocumentContentWorker.run(SocketDocumentContentServer.java:442)
	at java.lang.Thread.run(Thread.java:595)
There are errors in run().
com.topcoder.service.studio.contest.documentcontentservers.InvalidRequestException: Unrecognized request type: 0
	at com.topcoder.service.studio.contest.documentcontentservers.SocketDocumentContentServer$SocketDocumentContentWorker.processData(SocketDocumentContentServer.java:571)
	at com.topcoder.service.studio.contest.documentcontentservers.SocketDocumentContentServer$SocketDocumentContentWorker.run(SocketDocumentContentServer.java:442)
	at java.lang.Thread.run(Thread.java:595)
There are errors in run().
com.topcoder.service.studio.contest.documentcontentservers.InvalidRequestException: Unrecognized request type: 0
	at com.topcoder.service.studio.contest.documentcontentservers.SocketDocumentContentServer$SocketDocumentContentWorker.processData(SocketDocumentContentServer.java:571)
	at com.topcoder.service.studio.contest.documentcontentservers.SocketDocumentContentServer$SocketDocumentContentWorker.run(SocketDocumentContentServer.java:442)
	at java.lang.Thread.run(Thread.java:595)
There are errors in run().
com.topcoder.service.studio.contest.documentcontentservers.InvalidRequestException: Unrecognized request type: 0
	at com.topcoder.service.studio.contest.documentcontentservers.SocketDocumentContentServer$SocketDocumentContentWorker.processData(SocketDocumentContentServer.java:571)
	at com.topcoder.service.studio.contest.documentcontentservers.SocketDocumentContentServer$SocketDocumentContentWorker.run(SocketDocumentContentServer.java:442)
	at java.lang.Thread.run(Thread.java:595)
There are errors in run().
com.topcoder.service.studio.contest.documentcontentservers.InvalidRequestException: Unrecognized request type: 0
	at com.topcoder.service.studio.contest.documentcontentservers.SocketDocumentContentServer$SocketDocumentContentWorker.processData(SocketDocumentContentServer.java:571)
	at com.topcoder.service.studio.contest.documentcontentservers.SocketDocumentContentServer$SocketDocumentContentWorker.run(SocketDocumentContentServer.java:442)
	at java.lang.Thread.run(Thread.java:595)
There are errors in run().
com.topcoder.service.studio.contest.documentcontentservers.InvalidRequestException: Unrecognized request type: 0
	at com.topcoder.service.studio.contest.documentcontentservers.SocketDocumentContentServer$SocketDocumentContentWorker.processData(SocketDocumentContentServer.java:571)
	at com.topcoder.service.studio.contest.documentcontentservers.SocketDocumentContentServer$SocketDocumentContentWorker.run(SocketDocumentContentServer.java:442)
	at java.lang.Thread.run(Thread.java:595)
There are errors in run().
com.topcoder.service.studio.contest.documentcontentservers.InvalidRequestException: Unrecognized request type: 0
	at com.topcoder.service.studio.contest.documentcontentservers.SocketDocumentContentServer$SocketDocumentContentWorker.processData(SocketDocumentContentServer.java:571)
	at com.topcoder.service.studio.contest.documentcontentservers.SocketDocumentContentServer$SocketDocumentContentWorker.run(SocketDocumentContentServer.java:442)
	at java.lang.Thread.run(Thread.java:595)
There are errors in run().
com.topcoder.service.studio.contest.documentcontentservers.InvalidRequestException: Unrecognized request type: 0
	at com.topcoder.service.studio.contest.documentcontentservers.SocketDocumentContentServer$SocketDocumentContentWorker.processData(SocketDocumentContentServer.java:571)
	at com.topcoder.service.studio.contest.documentcontentservers.SocketDocumentContentServer$SocketDocumentContentWorker.run(SocketDocumentContentServer.java:442)
	at java.lang.Thread.run(Thread.java:595)
There are errors in run().
com.topcoder.service.studio.contest.documentcontentservers.InvalidRequestException: Unrecognized request type: 0
	at com.topcoder.service.studio.contest.documentcontentservers.SocketDocumentContentServer$SocketDocumentContentWorker.processData(SocketDocumentContentServer.java:571)
	at com.topcoder.service.studio.contest.documentcontentservers.SocketDocumentContentServer$SocketDocumentContentWorker.run(SocketDocumentContentServer.java:442)
	at java.lang.Thread.run(Thread.java:595)
There are errors in run().
com.topcoder.service.studio.contest.documentcontentservers.InvalidRequestException: Unrecognized request type: 0
	at com.topcoder.service.studio.contest.documentcontentservers.SocketDocumentContentServer$SocketDocumentContentWorker.processData(SocketDocumentContentServer.java:571)
	at com.topcoder.service.studio.contest.documentcontentservers.SocketDocumentContentServer$SocketDocumentContentWorker.run(SocketDocumentContentServer.java:442)
	at java.lang.Thread.run(Thread.java:595)
There are errors in run().
com.topcoder.service.studio.contest.documentcontentservers.InvalidRequestException: Unrecognized request type: 0
	at com.topcoder.service.studio.contest.documentcontentservers.SocketDocumentContentServer$SocketDocumentContentWorker.processData(SocketDocumentContentServer.java:571)
	at com.topcoder.service.studio.contest.documentcontentservers.SocketDocumentContentServer$SocketDocumentContentWorker.run(SocketDocumentContentServer.java:442)
	at java.lang.Thread.run(Thread.java:595)
There are errors in run().
com.topcoder.service.studio.contest.documentcontentservers.InvalidRequestException: Unrecognized request type: 0
	at com.topcoder.service.studio.contest.documentcontentservers.SocketDocumentContentServer$SocketDocumentContentWorker.processData(SocketDocumentContentServer.java:571)
	at com.topcoder.service.studio.contest.documentcontentservers.SocketDocumentContentServer$SocketDocumentContentWorker.run(SocketDocumentContentServer.java:442)
	at java.lang.Thread.run(Thread.java:595)
There are errors in run().
com.topcoder.service.studio.contest.documentcontentservers.InvalidRequestException: Unrecognized request type: 0
	at com.topcoder.service.studio.contest.documentcontentservers.SocketDocumentContentServer$SocketDocumentContentWorker.processData(SocketDocumentContentServer.java:571)
	at com.topcoder.service.studio.contest.documentcontentservers.SocketDocumentContentServer$SocketDocumentContentWorker.run(SocketDocumentContentServer.java:442)
	at java.lang.Thread.run(Thread.java:595)
There are errors in run().
com.topcoder.service.studio.contest.documentcontentservers.InvalidRequestException: Unrecognized request type: 0
	at com.topcoder.service.studio.contest.documentcontentservers.SocketDocumentContentServer$SocketDocumentContentWorker.processData(SocketDocumentContentServer.java:571)
	at com.topcoder.service.studio.contest.documentcontentservers.SocketDocumentContentServer$SocketDocumentContentWorker.run(SocketDocumentContentServer.java:442)
	at java.lang.Thread.run(Thread.java:595)
There are errors in run().
com.topcoder.service.studio.contest.documentcontentservers.InvalidRequestException: Unrecognized request type: 0
	at com.topcoder.service.studio.contest.documentcontentservers.SocketDocumentContentServer$SocketDocumentContentWorker.processData(SocketDocumentContentServer.java:571)
	at com.topcoder.service.studio.contest.documentcontentservers.SocketDocumentContentServer$SocketDocumentContentWorker.run(SocketDocumentContentServer.java:442)
	at java.lang.Thread.run(Thread.java:595)
There are errors in run().
com.topcoder.service.studio.contest.documentcontentservers.InvalidRequestException: Unrecognized request type: 0
	at com.topcoder.service.studio.contest.documentcontentservers.SocketDocumentContentServer$SocketDocumentContentWorker.processData(SocketDocumentContentServer.java:571)
	at com.topcoder.service.studio.contest.documentcontentservers.SocketDocumentContentServer$SocketDocumentContentWorker.run(SocketDocumentContentServer.java:442)
	at java.lang.Thread.run(Thread.java:595)
There are errors in run().
com.topcoder.service.studio.contest.documentcontentservers.InvalidRequestException: Unrecognized request type: 0
	at com.topcoder.service.studio.contest.documentcontentservers.SocketDocumentContentServer$SocketDocumentContentWorker.processData(SocketDocumentContentServer.java:571)
	at com.topcoder.service.studio.contest.documentcontentservers.SocketDocumentContentServer$SocketDocumentContentWorker.run(SocketDocumentContentServer.java:442)
	at java.lang.Thread.run(Thread.java:595)
There are errors in run().
com.topcoder.service.studio.contest.documentcontentservers.InvalidRequestException: Unrecognized request type: 0
	at com.topcoder.service.studio.contest.documentcontentservers.SocketDocumentContentServer$SocketDocumentContentWorker.processData(SocketDocumentContentServer.java:571)
	at com.topcoder.service.studio.contest.documentcontentservers.SocketDocumentContentServer$SocketDocumentContentWorker.run(SocketDocumentContentServer.java:442)
	at java.lang.Thread.run(Thread.java:595)
There are errors in run().
com.topcoder.service.studio.contest.documentcontentservers.InvalidRequestException: Unrecognized request type: 0
	at com.topcoder.service.studio.contest.documentcontentservers.SocketDocumentContentServer$SocketDocumentContentWorker.processData(SocketDocumentContentServer.java:571)
	at com.topcoder.service.studio.contest.documentcontentservers.SocketDocumentContentServer$SocketDocumentContentWorker.run(SocketDocumentContentServer.java:442)
	at java.lang.Thread.run(Thread.java:595)
There are errors in run().
com.topcoder.service.studio.contest.documentcontentservers.InvalidRequestException: Unrecognized request type: 0
	at com.topcoder.service.studio.contest.documentcontentservers.SocketDocumentContentServer$SocketDocumentContentWorker.processData(SocketDocumentContentServer.java:571)
	at com.topcoder.service.studio.contest.documentcontentservers.SocketDocumentContentServer$SocketDocumentContentWorker.run(SocketDocumentContentServer.java:442)
	at java.lang.Thread.run(Thread.java:595)
There are errors in run().
com.topcoder.service.studio.contest.documentcontentservers.InvalidRequestException: Unrecognized request type: 0
	at com.topcoder.service.studio.contest.documentcontentservers.SocketDocumentContentServer$SocketDocumentContentWorker.processData(SocketDocumentContentServer.java:571)
	at com.topcoder.service.studio.contest.documentcontentservers.SocketDocumentContentServer$SocketDocumentContentWorker.run(SocketDocumentContentServer.java:442)
	at java.lang.Thread.run(Thread.java:595)
There are errors in run().
com.topcoder.service.studio.contest.documentcontentservers.InvalidRequestException: Unrecognized request type: 0
	at com.topcoder.service.studio.contest.documentcontentservers.SocketDocumentContentServer$SocketDocumentContentWorker.processData(SocketDocumentContentServer.java:571)
	at com.topcoder.service.studio.contest.documentcontentservers.SocketDocumentContentServer$SocketDocumentContentWorker.run(SocketDocumentContentServer.java:442)
	at java.lang.Thread.run(Thread.java:595)
There are errors in run().
com.topcoder.service.studio.contest.documentcontentservers.InvalidRequestException: Unrecognized request type: 0
	at com.topcoder.service.studio.contest.documentcontentservers.SocketDocumentContentServer$SocketDocumentContentWorker.processData(SocketDocumentContentServer.java:571)
	at com.topcoder.service.studio.contest.documentcontentservers.SocketDocumentContentServer$SocketDocumentContentWorker.run(SocketDocumentContentServer.java:442)
	at java.lang.Thread.run(Thread.java:595)
There are errors in run().
com.topcoder.service.studio.contest.documentcontentservers.InvalidRequestException: Unrecognized request type: 0
	at com.topcoder.service.studio.contest.documentcontentservers.SocketDocumentContentServer$SocketDocumentContentWorker.processData(SocketDocumentContentServer.java:571)
	at com.topcoder.service.studio.contest.documentcontentservers.SocketDocumentContentServer$SocketDocumentContentWorker.run(SocketDocumentContentServer.java:442)
	at java.lang.Thread.run(Thread.java:595)
There are errors in run().
com.topcoder.service.studio.contest.documentcontentservers.InvalidRequestException: Unrecognized request type: 0
	at com.topcoder.service.studio.contest.documentcontentservers.SocketDocumentContentServer$SocketDocumentContentWorker.processData(SocketDocumentContentServer.java:571)
	at com.topcoder.service.studio.contest.documentcontentservers.SocketDocumentContentServer$SocketDocumentContentWorker.run(SocketDocumentContentServer.java:442)
	at java.lang.Thread.run(Thread.java:595)
There are errors in run().
com.topcoder.service.studio.contest.documentcontentservers.InvalidRequestException: Unrecognized request type: 0
	at com.topcoder.service.studio.contest.documentcontentservers.SocketDocumentContentServer$SocketDocumentContentWorker.processData(SocketDocumentContentServer.java:571)
	at com.topcoder.service.studio.contest.documentcontentservers.SocketDocumentContentServer$SocketDocumentContentWorker.run(SocketDocumentContentServer.java:442)
	at java.lang.Thread.run(Thread.java:595)
There are errors in run().
com.topcoder.service.studio.contest.documentcontentservers.InvalidRequestException: Unrecognized request type: 0
	at com.topcoder.service.studio.contest.documentcontentservers.SocketDocumentContentServer$SocketDocumentContentWorker.processData(SocketDocumentContentServer.java:571)
	at com.topcoder.service.studio.contest.documentcontentservers.SocketDocumentContentServer$SocketDocumentContentWorker.run(SocketDocumentContentServer.java:442)
	at java.lang.Thread.run(Thread.java:595)
There are errors in run().
com.topcoder.service.studio.contest.documentcontentservers.InvalidRequestException: Unrecognized request type: 0
	at com.topcoder.service.studio.contest.documentcontentservers.SocketDocumentContentServer$SocketDocumentContentWorker.processData(SocketDocumentContentServer.java:571)
	at com.topcoder.service.studio.contest.documentcontentservers.SocketDocumentContentServer$SocketDocumentContentWorker.run(SocketDocumentContentServer.java:442)
	at java.lang.Thread.run(Thread.java:595)
There are errors in run().
com.topcoder.service.studio.contest.documentcontentservers.InvalidRequestException: Unrecognized request type: 0
	at com.topcoder.service.studio.contest.documentcontentservers.SocketDocumentContentServer$SocketDocumentContentWorker.processData(SocketDocumentContentServer.java:571)
	at com.topcoder.service.studio.contest.documentcontentservers.SocketDocumentContentServer$SocketDocumentContentWorker.run(SocketDocumentContentServer.java:442)
	at java.lang.Thread.run(Thread.java:595)
There are errors in run().
com.topcoder.service.studio.contest.documentcontentservers.InvalidRequestException: Unrecognized request type: 0
	at com.topcoder.service.studio.contest.documentcontentservers.SocketDocumentContentServer$SocketDocumentContentWorker.processData(SocketDocumentContentServer.java:571)
	at com.topcoder.service.studio.contest.documentcontentservers.SocketDocumentContentServer$SocketDocumentContentWorker.run(SocketDocumentContentServer.java:442)
	at java.lang.Thread.run(Thread.java:595)
There are errors in run().
com.topcoder.service.studio.contest.documentcontentservers.InvalidRequestException: Unrecognized request type: 0
	at com.topcoder.service.studio.contest.documentcontentservers.SocketDocumentContentServer$SocketDocumentContentWorker.processData(SocketDocumentContentServer.java:571)
	at com.topcoder.service.studio.contest.documentcontentservers.SocketDocumentContentServer$SocketDocumentContentWorker.run(SocketDocumentContentServer.java:442)
	at java.lang.Thread.run(Thread.java:595)
There are errors in run().
com.topcoder.service.studio.contest.documentcontentservers.InvalidRequestException: Unrecognized request type: 0
	at com.topcoder.service.studio.contest.documentcontentservers.SocketDocumentContentServer$SocketDocumentContentWorker.processData(SocketDocumentContentServer.java:571)
	at com.topcoder.service.studio.contest.documentcontentservers.SocketDocumentContentServer$SocketDocumentContentWorker.run(SocketDocumentContentServer.java:442)
	at java.lang.Thread.run(Thread.java:595)
There are errors in run().
com.topcoder.service.studio.contest.documentcontentservers.InvalidRequestException: Unrecognized request type: 0
	at com.topcoder.service.studio.contest.documentcontentservers.SocketDocumentContentServer$SocketDocumentContentWorker.processData(SocketDocumentContentServer.java:571)
	at com.topcoder.service.studio.contest.documentcontentservers.SocketDocumentContentServer$SocketDocumentContentWorker.run(SocketDocumentContentServer.java:442)
	at java.lang.Thread.run(Thread.java:595)
There are errors in run().
com.topcoder.service.studio.contest.documentcontentservers.InvalidRequestException: Unrecognized request type: 0
	at com.topcoder.service.studio.contest.documentcontentservers.SocketDocumentContentServer$SocketDocumentContentWorker.processData(SocketDocumentContentServer.java:571)
	at com.topcoder.service.studio.contest.documentcontentservers.SocketDocumentContentServer$SocketDocumentContentWorker.run(SocketDocumentContentServer.java:442)
	at java.lang.Thread.run(Thread.java:595)
There are errors in run().
com.topcoder.service.studio.contest.documentcontentservers.InvalidRequestException: Unrecognized request type: 0
	at com.topcoder.service.studio.contest.documentcontentservers.SocketDocumentContentServer$SocketDocumentContentWorker.processData(SocketDocumentContentServer.java:571)
	at com.topcoder.service.studio.contest.documentcontentservers.SocketDocumentContentServer$SocketDocumentContentWorker.run(SocketDocumentContentServer.java:442)
	at java.lang.Thread.run(Thread.java:595)
There are errors in run().
com.topcoder.service.studio.contest.documentcontentservers.InvalidRequestException: Unrecognized request type: 0
	at com.topcoder.service.studio.contest.documentcontentservers.SocketDocumentContentServer$SocketDocumentContentWorker.processData(SocketDocumentContentServer.java:571)
	at com.topcoder.service.studio.contest.documentcontentservers.SocketDocumentContentServer$SocketDocumentContentWorker.run(SocketDocumentContentServer.java:442)
	at java.lang.Thread.run(Thread.java:595)
There are errors in run().
com.topcoder.service.studio.contest.documentcontentservers.InvalidRequestException: Unrecognized request type: 0
	at com.topcoder.service.studio.contest.documentcontentservers.SocketDocumentContentServer$SocketDocumentContentWorker.processData(SocketDocumentContentServer.java:571)
	at com.topcoder.service.studio.contest.documentcontentservers.SocketDocumentContentServer$SocketDocumentContentWorker.run(SocketDocumentContentServer.java:442)
	at java.lang.Thread.run(Thread.java:595)
There are errors in run().
com.topcoder.service.studio.contest.documentcontentservers.InvalidRequestException: Unrecognized request type: 0
	at com.topcoder.service.studio.contest.documentcontentservers.SocketDocumentContentServer$SocketDocumentContentWorker.processData(SocketDocumentContentServer.java:571)
	at com.topcoder.service.studio.contest.documentcontentservers.SocketDocumentContentServer$SocketDocumentContentWorker.run(SocketDocumentContentServer.java:442)
	at java.lang.Thread.run(Thread.java:595)
There are errors in run().
com.topcoder.service.studio.contest.documentcontentservers.InvalidRequestException: Unrecognized request type: 0
	at com.topcoder.service.studio.contest.documentcontentservers.SocketDocumentContentServer$SocketDocumentContentWorker.processData(SocketDocumentContentServer.java:571)
	at com.topcoder.service.studio.contest.documentcontentservers.SocketDocumentContentServer$SocketDocumentContentWorker.run(SocketDocumentContentServer.java:442)
	at java.lang.Thread.run(Thread.java:595)
There are errors in run().
com.topcoder.service.studio.contest.documentcontentservers.InvalidRequestException: Unrecognized request type: 0
	at com.topcoder.service.studio.contest.documentcontentservers.SocketDocumentContentServer$SocketDocumentContentWorker.processData(SocketDocumentContentServer.java:571)
	at com.topcoder.service.studio.contest.documentcontentservers.SocketDocumentContentServer$SocketDocumentContentWorker.run(SocketDocumentContentServer.java:442)
	at java.lang.Thread.run(Thread.java:595)
There are errors in run().
com.topcoder.service.studio.contest.documentcontentservers.InvalidRequestException: Unrecognized request type: 0
	at com.topcoder.service.studio.contest.documentcontentservers.SocketDocumentContentServer$SocketDocumentContentWorker.processData(SocketDocumentContentServer.java:571)
	at com.topcoder.service.studio.contest.documentcontentservers.SocketDocumentContentServer$SocketDocumentContentWorker.run(SocketDocumentContentServer.java:442)
	at java.lang.Thread.run(Thread.java:595)
There are errors in run().
com.topcoder.service.studio.contest.documentcontentservers.InvalidRequestException: Unrecognized request type: 0
	at com.topcoder.service.studio.contest.documentcontentservers.SocketDocumentContentServer$SocketDocumentContentWorker.processData(SocketDocumentContentServer.java:571)
	at com.topcoder.service.studio.contest.documentcontentservers.SocketDocumentContentServer$SocketDocumentContentWorker.run(SocketDocumentContentServer.java:442)
	at java.lang.Thread.run(Thread.java:595)
There are errors in run().
com.topcoder.service.studio.contest.documentcontentservers.InvalidRequestException: Unrecognized request type: 0
	at com.topcoder.service.studio.contest.documentcontentservers.SocketDocumentContentServer$SocketDocumentContentWorker.processData(SocketDocumentContentServer.java:571)
	at com.topcoder.service.studio.contest.documentcontentservers.SocketDocumentContentServer$SocketDocumentContentWorker.run(SocketDocumentContentServer.java:442)
	at java.lang.Thread.run(Thread.java:595)
There are errors in run().
com.topcoder.service.studio.contest.documentcontentservers.InvalidRequestException: Unrecognized request type: 0
	at com.topcoder.service.studio.contest.documentcontentservers.SocketDocumentContentServer$SocketDocumentContentWorker.processData(SocketDocumentContentServer.java:571)
	at com.topcoder.service.studio.contest.documentcontentservers.SocketDocumentContentServer$SocketDocumentContentWorker.run(SocketDocumentContentServer.java:442)
	at java.lang.Thread.run(Thread.java:595)
There are errors in run().
com.topcoder.service.studio.contest.documentcontentservers.InvalidRequestException: Unrecognized request type: 0
	at com.topcoder.service.studio.contest.documentcontentservers.SocketDocumentContentServer$SocketDocumentContentWorker.processData(SocketDocumentContentServer.java:571)
	at com.topcoder.service.studio.contest.documentcontentservers.SocketDocumentContentServer$SocketDocumentContentWorker.run(SocketDocumentContentServer.java:442)
	at java.lang.Thread.run(Thread.java:595)
There are errors in run().
com.topcoder.service.studio.contest.documentcontentservers.InvalidRequestException: Unrecognized request type: 0
	at com.topcoder.service.studio.contest.documentcontentservers.SocketDocumentContentServer$SocketDocumentContentWorker.processData(SocketDocumentContentServer.java:571)
	at com.topcoder.service.studio.contest.documentcontentservers.SocketDocumentContentServer$SocketDocumentContentWorker.run(SocketDocumentContentServer.java:442)
	at java.lang.Thread.run(Thread.java:595)
There are errors in run().
com.topcoder.service.studio.contest.documentcontentservers.InvalidRequestException: Unrecognized request type: 0
	at com.topcoder.service.studio.contest.documentcontentservers.SocketDocumentContentServer$SocketDocumentContentWorker.processData(SocketDocumentContentServer.java:571)
	at com.topcoder.service.studio.contest.documentcontentservers.SocketDocumentContentServer$SocketDocumentContentWorker.run(SocketDocumentContentServer.java:442)
	at java.lang.Thread.run(Thread.java:595)
There are errors in run().
com.topcoder.service.studio.contest.documentcontentservers.InvalidRequestException: Unrecognized request type: 0
	at com.topcoder.service.studio.contest.documentcontentservers.SocketDocumentContentServer$SocketDocumentContentWorker.processData(SocketDocumentContentServer.java:571)
	at com.topcoder.service.studio.contest.documentcontentservers.SocketDocumentContentServer$SocketDocumentContentWorker.run(SocketDocumentContentServer.java:442)
	at java.lang.Thread.run(Thread.java:595)
There are errors in run().
com.topcoder.service.studio.contest.documentcontentservers.InvalidRequestException: Unrecognized request type: 0
	at com.topcoder.service.studio.contest.documentcontentservers.SocketDocumentContentServer$SocketDocumentContentWorker.processData(SocketDocumentContentServer.java:571)
	at com.topcoder.service.studio.contest.documentcontentservers.SocketDocumentContentServer$SocketDocumentContentWorker.run(SocketDocumentContentServer.java:442)
	at java.lang.Thread.run(Thread.java:595)
There are errors in run().
com.topcoder.service.studio.contest.documentcontentservers.InvalidRequestException: Unrecognized request type: 0
	at com.topcoder.service.studio.contest.documentcontentservers.SocketDocumentContentServer$SocketDocumentContentWorker.processData(SocketDocumentContentServer.java:571)
	at com.topcoder.service.studio.contest.documentcontentservers.SocketDocumentContentServer$SocketDocumentContentWorker.run(SocketDocumentContentServer.java:442)
	at java.lang.Thread.run(Thread.java:595)
There are errors in run().
com.topcoder.service.studio.contest.documentcontentservers.InvalidRequestException: Unrecognized request type: 0
	at com.topcoder.service.studio.contest.documentcontentservers.SocketDocumentContentServer$SocketDocumentContentWorker.processData(SocketDocumentContentServer.java:571)
	at com.topcoder.service.studio.contest.documentcontentservers.SocketDocumentContentServer$SocketDocumentContentWorker.run(SocketDocumentContentServer.java:442)
	at java.lang.Thread.run(Thread.java:595)
There are errors in run().
com.topcoder.service.studio.contest.documentcontentservers.InvalidRequestException: Unrecognized request type: 0
	at com.topcoder.service.studio.contest.documentcontentservers.SocketDocumentContentServer$SocketDocumentContentWorker.processData(SocketDocumentContentServer.java:571)
	at com.topcoder.service.studio.contest.documentcontentservers.SocketDocumentContentServer$SocketDocumentContentWorker.run(SocketDocumentContentServer.java:442)
	at java.lang.Thread.run(Thread.java:595)
There are errors in run().
com.topcoder.service.studio.contest.documentcontentservers.InvalidRequestException: Unrecognized request type: 0
	at com.topcoder.service.studio.contest.documentcontentservers.SocketDocumentContentServer$SocketDocumentContentWorker.processData(SocketDocumentContentServer.java:571)
	at com.topcoder.service.studio.contest.documentcontentservers.SocketDocumentContentServer$SocketDocumentContentWorker.run(SocketDocumentContentServer.java:442)
	at java.lang.Thread.run(Thread.java:595)
There are errors in run().
com.topcoder.service.studio.contest.documentcontentservers.InvalidRequestException: Unrecognized request type: 0
	at com.topcoder.service.studio.contest.documentcontentservers.SocketDocumentContentServer$SocketDocumentContentWorker.processData(SocketDocumentContentServer.java:571)
	at com.topcoder.service.studio.contest.documentcontentservers.SocketDocumentContentServer$SocketDocumentContentWorker.run(SocketDocumentContentServer.java:442)
	at java.lang.Thread.run(Thread.java:595)
There are errors in run().
com.topcoder.service.studio.contest.documentcontentservers.InvalidRequestException: Unrecognized request type: 0
	at com.topcoder.service.studio.contest.documentcontentservers.SocketDocumentContentServer$SocketDocumentContentWorker.processData(SocketDocumentContentServer.java:571)
	at com.topcoder.service.studio.contest.documentcontentservers.SocketDocumentContentServer$SocketDocumentContentWorker.run(SocketDocumentContentServer.java:442)
	at java.lang.Thread.run(Thread.java:595)
There are errors in run().
com.topcoder.service.studio.contest.documentcontentservers.InvalidRequestException: Unrecognized request type: 0
	at com.topcoder.service.studio.contest.documentcontentservers.SocketDocumentContentServer$SocketDocumentContentWorker.processData(SocketDocumentContentServer.java:571)
	at com.topcoder.service.studio.contest.documentcontentservers.SocketDocumentContentServer$SocketDocumentContentWorker.run(SocketDocumentContentServer.java:442)
	at java.lang.Thread.run(Thread.java:595)
There are errors in run().
com.topcoder.service.studio.contest.documentcontentservers.InvalidRequestException: Unrecognized request type: 0
	at com.topcoder.service.studio.contest.documentcontentservers.SocketDocumentContentServer$SocketDocumentContentWorker.processData(SocketDocumentContentServer.java:571)
	at com.topcoder.service.studio.contest.documentcontentservers.SocketDocumentContentServer$SocketDocumentContentWorker.run(SocketDocumentContentServer.java:442)
	at java.lang.Thread.run(Thread.java:595)
There are errors in run().
com.topcoder.service.studio.contest.documentcontentservers.InvalidRequestException: Unrecognized request type: 0
	at com.topcoder.service.studio.contest.documentcontentservers.SocketDocumentContentServer$SocketDocumentContentWorker.processData(SocketDocumentContentServer.java:571)
	at com.topcoder.service.studio.contest.documentcontentservers.SocketDocumentContentServer$SocketDocumentContentWorker.run(SocketDocumentContentServer.java:442)
	at java.lang.Thread.run(Thread.java:595)
There are errors in run().
com.topcoder.service.studio.contest.documentcontentservers.InvalidRequestException: Unrecognized request type: 0
	at com.topcoder.service.studio.contest.documentcontentservers.SocketDocumentContentServer$SocketDocumentContentWorker.processData(SocketDocumentContentServer.java:571)
	at com.topcoder.service.studio.contest.documentcontentservers.SocketDocumentContentServer$SocketDocumentContentWorker.run(SocketDocumentContentServer.java:442)
	at java.lang.Thread.run(Thread.java:595)
There are errors in run().
com.topcoder.service.studio.contest.documentcontentservers.InvalidRequestException: Unrecognized request type: 0
	at com.topcoder.service.studio.contest.documentcontentservers.SocketDocumentContentServer$SocketDocumentContentWorker.processData(SocketDocumentContentServer.java:571)
	at com.topcoder.service.studio.contest.documentcontentservers.SocketDocumentContentServer$SocketDocumentContentWorker.run(SocketDocumentContentServer.java:442)
	at java.lang.Thread.run(Thread.java:595)
There are errors in run().
com.topcoder.service.studio.contest.documentcontentservers.InvalidRequestException: Unrecognized request type: 0
	at com.topcoder.service.studio.contest.documentcontentservers.SocketDocumentContentServer$SocketDocumentContentWorker.processData(SocketDocumentContentServer.java:571)
	at com.topcoder.service.studio.contest.documentcontentservers.SocketDocumentContentServer$SocketDocumentContentWorker.run(SocketDocumentContentServer.java:442)
	at java.lang.Thread.run(Thread.java:595)
There are errors in run().
com.topcoder.service.studio.contest.documentcontentservers.InvalidRequestException: Unrecognized request type: 0
	at com.topcoder.service.studio.contest.documentcontentservers.SocketDocumentContentServer$SocketDocumentContentWorker.processData(SocketDocumentContentServer.java:571)
	at com.topcoder.service.studio.contest.documentcontentservers.SocketDocumentContentServer$SocketDocumentContentWorker.run(SocketDocumentContentServer.java:442)
	at java.lang.Thread.run(Thread.java:595)
There are errors in run().
com.topcoder.service.studio.contest.documentcontentservers.InvalidRequestException: Unrecognized request type: 0
	at com.topcoder.service.studio.contest.documentcontentservers.SocketDocumentContentServer$SocketDocumentContentWorker.processData(SocketDocumentContentServer.java:571)
	at com.topcoder.service.studio.contest.documentcontentservers.SocketDocumentContentServer$SocketDocumentContentWorker.run(SocketDocumentContentServer.java:442)
	at java.lang.Thread.run(Thread.java:595)
There are errors in run().
com.topcoder.service.studio.contest.documentcontentservers.InvalidRequestException: Unrecognized request type: 0
	at com.topcoder.service.studio.contest.documentcontentservers.SocketDocumentContentServer$SocketDocumentContentWorker.processData(SocketDocumentContentServer.java:571)
	at com.topcoder.service.studio.contest.documentcontentservers.SocketDocumentContentServer$SocketDocumentContentWorker.run(SocketDocumentContentServer.java:442)
	at java.lang.Thread.run(Thread.java:595)
There are errors in run().
com.topcoder.service.studio.contest.documentcontentservers.InvalidRequestException: Unrecognized request type: 0
	at com.topcoder.service.studio.contest.documentcontentservers.SocketDocumentContentServer$SocketDocumentContentWorker.processData(SocketDocumentContentServer.java:571)
	at com.topcoder.service.studio.contest.documentcontentservers.SocketDocumentContentServer$SocketDocumentContentWorker.run(SocketDocumentContentServer.java:442)
	at java.lang.Thread.run(Thread.java:595)
There are errors in run().
com.topcoder.service.studio.contest.documentcontentservers.InvalidRequestException: Unrecognized request type: 0
	at com.topcoder.service.studio.contest.documentcontentservers.SocketDocumentContentServer$SocketDocumentContentWorker.processData(SocketDocumentContentServer.java:571)
	at com.topcoder.service.studio.contest.documentcontentservers.SocketDocumentContentServer$SocketDocumentContentWorker.run(SocketDocumentContentServer.java:442)
	at java.lang.Thread.run(Thread.java:595)
There are errors in run().
com.topcoder.service.studio.contest.documentcontentservers.InvalidRequestException: Unrecognized request type: 0
	at com.topcoder.service.studio.contest.documentcontentservers.SocketDocumentContentServer$SocketDocumentContentWorker.processData(SocketDocumentContentServer.java:571)
	at com.topcoder.service.studio.contest.documentcontentservers.SocketDocumentContentServer$SocketDocumentContentWorker.run(SocketDocumentContentServer.java:442)
	at java.lang.Thread.run(Thread.java:595)
There are errors in run().
com.topcoder.service.studio.contest.documentcontentservers.InvalidRequestException: Unrecognized request type: 0
	at com.topcoder.service.studio.contest.documentcontentservers.SocketDocumentContentServer$SocketDocumentContentWorker.processData(SocketDocumentContentServer.java:571)
	at com.topcoder.service.studio.contest.documentcontentservers.SocketDocumentContentServer$SocketDocumentContentWorker.run(SocketDocumentContentServer.java:442)
	at java.lang.Thread.run(Thread.java:595)
There are errors in run().
com.topcoder.service.studio.contest.documentcontentservers.InvalidRequestException: Unrecognized request type: 0
	at com.topcoder.service.studio.contest.documentcontentservers.SocketDocumentContentServer$SocketDocumentContentWorker.processData(SocketDocumentContentServer.java:571)
	at com.topcoder.service.studio.contest.documentcontentservers.SocketDocumentContentServer$SocketDocumentContentWorker.run(SocketDocumentContentServer.java:442)
	at java.lang.Thread.run(Thread.java:595)
There are errors in run().
com.topcoder.service.studio.contest.documentcontentservers.InvalidRequestException: Unrecognized request type: 0
	at com.topcoder.service.studio.contest.documentcontentservers.SocketDocumentContentServer$SocketDocumentContentWorker.processData(SocketDocumentContentServer.java:571)
	at com.topcoder.service.studio.contest.documentcontentservers.SocketDocumentContentServer$SocketDocumentContentWorker.run(SocketDocumentContentServer.java:442)
	at java.lang.Thread.run(Thread.java:595)
There are errors in run().
com.topcoder.service.studio.contest.documentcontentservers.InvalidRequestException: Unrecognized request type: 0
	at com.topcoder.service.studio.contest.documentcontentservers.SocketDocumentContentServer$SocketDocumentContentWorker.processData(SocketDocumentContentServer.java:571)
	at com.topcoder.service.studio.contest.documentcontentservers.SocketDocumentContentServer$SocketDocumentContentWorker.run(SocketDocumentContentServer.java:442)
	at java.lang.Thread.run(Thread.java:595)
There are errors in run().
com.topcoder.service.studio.contest.documentcontentservers.InvalidRequestException: Unrecognized request type: 0
	at com.topcoder.service.studio.contest.documentcontentservers.SocketDocumentContentServer$SocketDocumentContentWorker.processData(SocketDocumentContentServer.java:571)
	at com.topcoder.service.studio.contest.documentcontentservers.SocketDocumentContentServer$SocketDocumentContentWorker.run(SocketDocumentContentServer.java:442)
	at java.lang.Thread.run(Thread.java:595)
There are errors in run().
com.topcoder.service.studio.contest.documentcontentservers.InvalidRequestException: Unrecognized request type: 0
	at com.topcoder.service.studio.contest.documentcontentservers.SocketDocumentContentServer$SocketDocumentContentWorker.processData(SocketDocumentContentServer.java:571)
	at com.topcoder.service.studio.contest.documentcontentservers.SocketDocumentContentServer$SocketDocumentContentWorker.run(SocketDocumentContentServer.java:442)
	at java.lang.Thread.run(Thread.java:595)
There are errors in run().
com.topcoder.service.studio.contest.documentcontentservers.InvalidRequestException: Unrecognized request type: 0
	at com.topcoder.service.studio.contest.documentcontentservers.SocketDocumentContentServer$SocketDocumentContentWorker.processData(SocketDocumentContentServer.java:571)
	at com.topcoder.service.studio.contest.documentcontentservers.SocketDocumentContentServer$SocketDocumentContentWorker.run(SocketDocumentContentServer.java:442)
	at java.lang.Thread.run(Thread.java:595)
There are errors in run().
com.topcoder.service.studio.contest.documentcontentservers.InvalidRequestException: Unrecognized request type: 0
	at com.topcoder.service.studio.contest.documentcontentservers.SocketDocumentContentServer$SocketDocumentContentWorker.processData(SocketDocumentContentServer.java:571)
	at com.topcoder.service.studio.contest.documentcontentservers.SocketDocumentContentServer$SocketDocumentContentWorker.run(SocketDocumentContentServer.java:442)
	at java.lang.Thread.run(Thread.java:595)
There are errors in run().
com.topcoder.service.studio.contest.documentcontentservers.InvalidRequestException: Unrecognized request type: 0
	at com.topcoder.service.studio.contest.documentcontentservers.SocketDocumentContentServer$SocketDocumentContentWorker.processData(SocketDocumentContentServer.java:571)
	at com.topcoder.service.studio.contest.documentcontentservers.SocketDocumentContentServer$SocketDocumentContentWorker.run(SocketDocumentContentServer.java:442)
	at java.lang.Thread.run(Thread.java:595)
There are errors in run().
com.topcoder.service.studio.contest.documentcontentservers.InvalidRequestException: Unrecognized request type: 0
	at com.topcoder.service.studio.contest.documentcontentservers.SocketDocumentContentServer$SocketDocumentContentWorker.processData(SocketDocumentContentServer.java:571)
	at com.topcoder.service.studio.contest.documentcontentservers.SocketDocumentContentServer$SocketDocumentContentWorker.run(SocketDocumentContentServer.java:442)
	at java.lang.Thread.run(Thread.java:595)
There are errors in run().
com.topcoder.service.studio.contest.documentcontentservers.InvalidRequestException: Unrecognized request type: 0
	at com.topcoder.service.studio.contest.documentcontentservers.SocketDocumentContentServer$SocketDocumentContentWorker.processData(SocketDocumentContentServer.java:571)
	at com.topcoder.service.studio.contest.documentcontentservers.SocketDocumentContentServer$SocketDocumentContentWorker.run(SocketDocumentContentServer.java:442)
	at java.lang.Thread.run(Thread.java:595)
There are errors in run().
com.topcoder.service.studio.contest.documentcontentservers.InvalidRequestException: Unrecognized request type: 0
	at com.topcoder.service.studio.contest.documentcontentservers.SocketDocumentContentServer$SocketDocumentContentWorker.processData(SocketDocumentContentServer.java:571)
	at com.topcoder.service.studio.contest.documentcontentservers.SocketDocumentContentServer$SocketDocumentContentWorker.run(SocketDocumentContentServer.java:442)
	at java.lang.Thread.run(Thread.java:595)
There are errors in run().
com.topcoder.service.studio.contest.documentcontentservers.InvalidRequestException: Unrecognized request type: 0
	at com.topcoder.service.studio.contest.documentcontentservers.SocketDocumentContentServer$SocketDocumentContentWorker.processData(SocketDocumentContentServer.java:571)
	at com.topcoder.service.studio.contest.documentcontentservers.SocketDocumentContentServer$SocketDocumentContentWorker.run(SocketDocumentContentServer.java:442)
	at java.lang.Thread.run(Thread.java:595)
There are errors in run().
com.topcoder.service.studio.contest.documentcontentservers.InvalidRequestException: Unrecognized request type: 0
	at com.topcoder.service.studio.contest.documentcontentservers.SocketDocumentContentServer$SocketDocumentContentWorker.processData(SocketDocumentContentServer.java:571)
	at com.topcoder.service.studio.contest.documentcontentservers.SocketDocumentContentServer$SocketDocumentContentWorker.run(SocketDocumentContentServer.java:442)
	at java.lang.Thread.run(Thread.java:595)
There are errors in run().
com.topcoder.service.studio.contest.documentcontentservers.InvalidRequestException: Unrecognized request type: 0
	at com.topcoder.service.studio.contest.documentcontentservers.SocketDocumentContentServer$SocketDocumentContentWorker.processData(SocketDocumentContentServer.java:571)
	at com.topcoder.service.studio.contest.documentcontentservers.SocketDocumentContentServer$SocketDocumentContentWorker.run(SocketDocumentContentServer.java:442)
	at java.lang.Thread.run(Thread.java:595)
There are errors in run().
com.topcoder.service.studio.contest.documentcontentservers.InvalidRequestException: Unrecognized request type: 0
	at com.topcoder.service.studio.contest.documentcontentservers.SocketDocumentContentServer$SocketDocumentContentWorker.processData(SocketDocumentContentServer.java:571)
	at com.topcoder.service.studio.contest.documentcontentservers.SocketDocumentContentServer$SocketDocumentContentWorker.run(SocketDocumentContentServer.java:442)
	at java.lang.Thread.run(Thread.java:595)
There are errors in run().
com.topcoder.service.studio.contest.documentcontentservers.InvalidRequestException: Unrecognized request type: 0
	at com.topcoder.service.studio.contest.documentcontentservers.SocketDocumentContentServer$SocketDocumentContentWorker.processData(SocketDocumentContentServer.java:571)
	at com.topcoder.service.studio.contest.documentcontentservers.SocketDocumentContentServer$SocketDocumentContentWorker.run(SocketDocumentContentServer.java:442)
	at java.lang.Thread.run(Thread.java:595)
There are errors in run().
com.topcoder.service.studio.contest.documentcontentservers.InvalidRequestException: Unrecognized request type: 0
	at com.topcoder.service.studio.contest.documentcontentservers.SocketDocumentContentServer$SocketDocumentContentWorker.processData(SocketDocumentContentServer.java:571)
	at com.topcoder.service.studio.contest.documentcontentservers.SocketDocumentContentServer$SocketDocumentContentWorker.run(SocketDocumentContentServer.java:442)
	at java.lang.Thread.run(Thread.java:595)
There are errors in run().
com.topcoder.service.studio.contest.documentcontentservers.InvalidRequestException: Unrecognized request type: 0
	at com.topcoder.service.studio.contest.documentcontentservers.SocketDocumentContentServer$SocketDocumentContentWorker.processData(SocketDocumentContentServer.java:571)
	at com.topcoder.service.studio.contest.documentcontentservers.SocketDocumentContentServer$SocketDocumentContentWorker.run(SocketDocumentContentServer.java:442)
	at java.lang.Thread.run(Thread.java:595)
There are errors in run().
com.topcoder.service.studio.contest.documentcontentservers.InvalidRequestException: Unrecognized request type: 0
	at com.topcoder.service.studio.contest.documentcontentservers.SocketDocumentContentServer$SocketDocumentContentWorker.processData(SocketDocumentContentServer.java:571)
	at com.topcoder.service.studio.contest.documentcontentservers.SocketDocumentContentServer$SocketDocumentContentWorker.run(SocketDocumentContentServer.java:442)
	at java.lang.Thread.run(Thread.java:595)
There are errors in run().
com.topcoder.service.studio.contest.documentcontentservers.InvalidRequestException: Unrecognized request type: 0
	at com.topcoder.service.studio.contest.documentcontentservers.SocketDocumentContentServer$SocketDocumentContentWorker.processData(SocketDocumentContentServer.java:571)
	at com.topcoder.service.studio.contest.documentcontentservers.SocketDocumentContentServer$SocketDocumentContentWorker.run(SocketDocumentContentServer.java:442)
	at java.lang.Thread.run(Thread.java:595)
There are errors in run().
com.topcoder.service.studio.contest.documentcontentservers.InvalidRequestException: Unrecognized request type: 0
	at com.topcoder.service.studio.contest.documentcontentservers.SocketDocumentContentServer$SocketDocumentContentWorker.processData(SocketDocumentContentServer.java:571)
	at com.topcoder.service.studio.contest.documentcontentservers.SocketDocumentContentServer$SocketDocumentContentWorker.run(SocketDocumentContentServer.java:442)
	at java.lang.Thread.run(Thread.java:595)
There are errors in run().
com.topcoder.service.studio.contest.documentcontentservers.InvalidRequestException: Unrecognized request type: 0
	at com.topcoder.service.studio.contest.documentcontentservers.SocketDocumentContentServer$SocketDocumentContentWorker.processData(SocketDocumentContentServer.java:571)
	at com.topcoder.service.studio.contest.documentcontentservers.SocketDocumentContentServer$SocketDocumentContentWorker.run(SocketDocumentContentServer.java:442)
	at java.lang.Thread.run(Thread.java:595)
There are errors in run().
com.topcoder.service.studio.contest.documentcontentservers.InvalidRequestException: Unrecognized request type: 0
	at com.topcoder.service.studio.contest.documentcontentservers.SocketDocumentContentServer$SocketDocumentContentWorker.processData(SocketDocumentContentServer.java:571)
	at com.topcoder.service.studio.contest.documentcontentservers.SocketDocumentContentServer$SocketDocumentContentWorker.run(SocketDocumentContentServer.java:442)
	at java.lang.Thread.run(Thread.java:595)
There are errors in run().
com.topcoder.service.studio.contest.documentcontentservers.InvalidRequestException: Unrecognized request type: 0
	at com.topcoder.service.studio.contest.documentcontentservers.SocketDocumentContentServer$SocketDocumentContentWorker.processData(SocketDocumentContentServer.java:571)
	at com.topcoder.service.studio.contest.documentcontentservers.SocketDocumentContentServer$SocketDocumentContentWorker.run(SocketDocumentContentServer.java:442)
	at java.lang.Thread.run(Thread.java:595)
There are errors in run().
com.topcoder.service.studio.contest.documentcontentservers.InvalidRequestException: Unrecognized request type: 0
	at com.topcoder.service.studio.contest.documentcontentservers.SocketDocumentContentServer$SocketDocumentContentWorker.processData(SocketDocumentContentServer.java:571)
	at com.topcoder.service.studio.contest.documentcontentservers.SocketDocumentContentServer$SocketDocumentContentWorker.run(SocketDocumentContentServer.java:442)
	at java.lang.Thread.run(Thread.java:595)
There are errors in run().
com.topcoder.service.studio.contest.documentcontentservers.InvalidRequestException: Unrecognized request type: 0
	at com.topcoder.service.studio.contest.documentcontentservers.SocketDocumentContentServer$SocketDocumentContentWorker.processData(SocketDocumentContentServer.java:571)
	at com.topcoder.service.studio.contest.documentcontentservers.SocketDocumentContentServer$SocketDocumentContentWorker.run(SocketDocumentContentServer.java:442)
	at java.lang.Thread.run(Thread.java:595)
There are errors in run().
com.topcoder.service.studio.contest.documentcontentservers.InvalidRequestException: Unrecognized request type: 0
	at com.topcoder.service.studio.contest.documentcontentservers.SocketDocumentContentServer$SocketDocumentContentWorker.processData(SocketDocumentContentServer.java:571)
	at com.topcoder.service.studio.contest.documentcontentservers.SocketDocumentContentServer$SocketDocumentContentWorker.run(SocketDocumentContentServer.java:442)
	at java.lang.Thread.run(Thread.java:595)
There are errors in run().
com.topcoder.service.studio.contest.documentcontentservers.InvalidRequestException: Unrecognized request type: 0
	at com.topcoder.service.studio.contest.documentcontentservers.SocketDocumentContentServer$SocketDocumentContentWorker.processData(SocketDocumentContentServer.java:571)
	at com.topcoder.service.studio.contest.documentcontentservers.SocketDocumentContentServer$SocketDocumentContentWorker.run(SocketDocumentContentServer.java:442)
	at java.lang.Thread.run(Thread.java:595)
There are errors in run().
com.topcoder.service.studio.contest.documentcontentservers.InvalidRequestException: Unrecognized request type: 0
	at com.topcoder.service.studio.contest.documentcontentservers.SocketDocumentContentServer$SocketDocumentContentWorker.processData(SocketDocumentContentServer.java:571)
	at com.topcoder.service.studio.contest.documentcontentservers.SocketDocumentContentServer$SocketDocumentContentWorker.run(SocketDocumentContentServer.java:442)
	at java.lang.Thread.run(Thread.java:595)
There are errors in run().
com.topcoder.service.studio.contest.documentcontentservers.InvalidRequestException: Unrecognized request type: 0
	at com.topcoder.service.studio.contest.documentcontentservers.SocketDocumentContentServer$SocketDocumentContentWorker.processData(SocketDocumentContentServer.java:571)
	at com.topcoder.service.studio.contest.documentcontentservers.SocketDocumentContentServer$SocketDocumentContentWorker.run(SocketDocumentContentServer.java:442)
	at java.lang.Thread.run(Thread.java:595)
There are errors in run().
com.topcoder.service.studio.contest.documentcontentservers.InvalidRequestException: Unrecognized request type: 0
	at com.topcoder.service.studio.contest.documentcontentservers.SocketDocumentContentServer$SocketDocumentContentWorker.processData(SocketDocumentContentServer.java:571)
	at com.topcoder.service.studio.contest.documentcontentservers.SocketDocumentContentServer$SocketDocumentContentWorker.run(SocketDocumentContentServer.java:442)
	at java.lang.Thread.run(Thread.java:595)
There are errors in run().
com.topcoder.service.studio.contest.documentcontentservers.InvalidRequestException: Unrecognized request type: 0
	at com.topcoder.service.studio.contest.documentcontentservers.SocketDocumentContentServer$SocketDocumentContentWorker.processData(SocketDocumentContentServer.java:571)
	at com.topcoder.service.studio.contest.documentcontentservers.SocketDocumentContentServer$SocketDocumentContentWorker.run(SocketDocumentContentServer.java:442)
	at java.lang.Thread.run(Thread.java:595)
There are errors in run().
com.topcoder.service.studio.contest.documentcontentservers.InvalidRequestException: Unrecognized request type: 0
	at com.topcoder.service.studio.contest.documentcontentservers.SocketDocumentContentServer$SocketDocumentContentWorker.processData(SocketDocumentContentServer.java:571)
	at com.topcoder.service.studio.contest.documentcontentservers.SocketDocumentContentServer$SocketDocumentContentWorker.run(SocketDocumentContentServer.java:442)
	at java.lang.Thread.run(Thread.java:595)
There are errors in run().
com.topcoder.service.studio.contest.documentcontentservers.InvalidRequestException: Unrecognized request type: 0
	at com.topcoder.service.studio.contest.documentcontentservers.SocketDocumentContentServer$SocketDocumentContentWorker.processData(SocketDocumentContentServer.java:571)
	at com.topcoder.service.studio.contest.documentcontentservers.SocketDocumentContentServer$SocketDocumentContentWorker.run(SocketDocumentContentServer.java:442)
	at java.lang.Thread.run(Thread.java:595)
There are errors in run().
com.topcoder.service.studio.contest.documentcontentservers.InvalidRequestException: Unrecognized request type: 0
	at com.topcoder.service.studio.contest.documentcontentservers.SocketDocumentContentServer$SocketDocumentContentWorker.processData(SocketDocumentContentServer.java:571)
	at com.topcoder.service.studio.contest.documentcontentservers.SocketDocumentContentServer$SocketDocumentContentWorker.run(SocketDocumentContentServer.java:442)
	at java.lang.Thread.run(Thread.java:595)
There are errors in run().
com.topcoder.service.studio.contest.documentcontentservers.InvalidRequestException: Unrecognized request type: 0
	at com.topcoder.service.studio.contest.documentcontentservers.SocketDocumentContentServer$SocketDocumentContentWorker.processData(SocketDocumentContentServer.java:571)
	at com.topcoder.service.studio.contest.documentcontentservers.SocketDocumentContentServer$SocketDocumentContentWorker.run(SocketDocumentContentServer.java:442)
	at java.lang.Thread.run(Thread.java:595)
There are errors in run().
com.topcoder.service.studio.contest.documentcontentservers.InvalidRequestException: Unrecognized request type: 0
	at com.topcoder.service.studio.contest.documentcontentservers.SocketDocumentContentServer$SocketDocumentContentWorker.processData(SocketDocumentContentServer.java:571)
	at com.topcoder.service.studio.contest.documentcontentservers.SocketDocumentContentServer$SocketDocumentContentWorker.run(SocketDocumentContentServer.java:442)
	at java.lang.Thread.run(Thread.java:595)
There are errors in run().
com.topcoder.service.studio.contest.documentcontentservers.InvalidRequestException: Unrecognized request type: 0
	at com.topcoder.service.studio.contest.documentcontentservers.SocketDocumentContentServer$SocketDocumentContentWorker.processData(SocketDocumentContentServer.java:571)
	at com.topcoder.service.studio.contest.documentcontentservers.SocketDocumentContentServer$SocketDocumentContentWorker.run(SocketDocumentContentServer.java:442)
	at java.lang.Thread.run(Thread.java:595)
There are errors in run().
com.topcoder.service.studio.contest.documentcontentservers.InvalidRequestException: Unrecognized request type: 0
	at com.topcoder.service.studio.contest.documentcontentservers.SocketDocumentContentServer$SocketDocumentContentWorker.processData(SocketDocumentContentServer.java:571)
	at com.topcoder.service.studio.contest.documentcontentservers.SocketDocumentContentServer$SocketDocumentContentWorker.run(SocketDocumentContentServer.java:442)
	at java.lang.Thread.run(Thread.java:595)
There are errors in run().
com.topcoder.service.studio.contest.documentcontentservers.InvalidRequestException: Unrecognized request type: 0
	at com.topcoder.service.studio.contest.documentcontentservers.SocketDocumentContentServer$SocketDocumentContentWorker.processData(SocketDocumentContentServer.java:571)
	at com.topcoder.service.studio.contest.documentcontentservers.SocketDocumentContentServer$SocketDocumentContentWorker.run(SocketDocumentContentServer.java:442)
	at java.lang.Thread.run(Thread.java:595)
There are errors in run().
com.topcoder.service.studio.contest.documentcontentservers.InvalidRequestException: Unrecognized request type: 0
	at com.topcoder.service.studio.contest.documentcontentservers.SocketDocumentContentServer$SocketDocumentContentWorker.processData(SocketDocumentContentServer.java:571)
	at com.topcoder.service.studio.contest.documentcontentservers.SocketDocumentContentServer$SocketDocumentContentWorker.run(SocketDocumentContentServer.java:442)
	at java.lang.Thread.run(Thread.java:595)
There are errors in run().
com.topcoder.service.studio.contest.documentcontentservers.InvalidRequestException: Unrecognized request type: 0
	at com.topcoder.service.studio.contest.documentcontentservers.SocketDocumentContentServer$SocketDocumentContentWorker.processData(SocketDocumentContentServer.java:571)
	at com.topcoder.service.studio.contest.documentcontentservers.SocketDocumentContentServer$SocketDocumentContentWorker.run(SocketDocumentContentServer.java:442)
	at java.lang.Thread.run(Thread.java:595)
There are errors in run().
com.topcoder.service.studio.contest.documentcontentservers.InvalidRequestException: Unrecognized request type: 0
	at com.topcoder.service.studio.contest.documentcontentservers.SocketDocumentContentServer$SocketDocumentContentWorker.processData(SocketDocumentContentServer.java:571)
	at com.topcoder.service.studio.contest.documentcontentservers.SocketDocumentContentServer$SocketDocumentContentWorker.run(SocketDocumentContentServer.java:442)
	at java.lang.Thread.run(Thread.java:595)
There are errors in run().
com.topcoder.service.studio.contest.documentcontentservers.InvalidRequestException: Unrecognized request type: 0
	at com.topcoder.service.studio.contest.documentcontentservers.SocketDocumentContentServer$SocketDocumentContentWorker.processData(SocketDocumentContentServer.java:571)
	at com.topcoder.service.studio.contest.documentcontentservers.SocketDocumentContentServer$SocketDocumentContentWorker.run(SocketDocumentContentServer.java:442)
	at java.lang.Thread.run(Thread.java:595)
There are errors in run().
com.topcoder.service.studio.contest.documentcontentservers.InvalidRequestException: Unrecognized request type: 0
	at com.topcoder.service.studio.contest.documentcontentservers.SocketDocumentContentServer$SocketDocumentContentWorker.processData(SocketDocumentContentServer.java:571)
	at com.topcoder.service.studio.contest.documentcontentservers.SocketDocumentContentServer$SocketDocumentContentWorker.run(SocketDocumentContentServer.java:442)
	at java.lang.Thread.run(Thread.java:595)
There are errors in run().
com.topcoder.service.studio.contest.documentcontentservers.InvalidRequestException: Unrecognized request type: 0
	at com.topcoder.service.studio.contest.documentcontentservers.SocketDocumentContentServer$SocketDocumentContentWorker.processData(SocketDocumentContentServer.java:571)
	at com.topcoder.service.studio.contest.documentcontentservers.SocketDocumentContentServer$SocketDocumentContentWorker.run(SocketDocumentContentServer.java:442)
	at java.lang.Thread.run(Thread.java:595)
There are errors in run().
com.topcoder.service.studio.contest.documentcontentservers.InvalidRequestException: Unrecognized request type: 0
	at com.topcoder.service.studio.contest.documentcontentservers.SocketDocumentContentServer$SocketDocumentContentWorker.processData(SocketDocumentContentServer.java:571)
	at com.topcoder.service.studio.contest.documentcontentservers.SocketDocumentContentServer$SocketDocumentContentWorker.run(SocketDocumentContentServer.java:442)
	at java.lang.Thread.run(Thread.java:595)
There are errors in run().
com.topcoder.service.studio.contest.documentcontentservers.InvalidRequestException: Unrecognized request type: 0
	at com.topcoder.service.studio.contest.documentcontentservers.SocketDocumentContentServer$SocketDocumentContentWorker.processData(SocketDocumentContentServer.java:571)
	at com.topcoder.service.studio.contest.documentcontentservers.SocketDocumentContentServer$SocketDocumentContentWorker.run(SocketDocumentContentServer.java:442)
	at java.lang.Thread.run(Thread.java:595)
There are errors in run().
com.topcoder.service.studio.contest.documentcontentservers.InvalidRequestException: Unrecognized request type: 0
	at com.topcoder.service.studio.contest.documentcontentservers.SocketDocumentContentServer$SocketDocumentContentWorker.processData(SocketDocumentContentServer.java:571)
	at com.topcoder.service.studio.contest.documentcontentservers.SocketDocumentContentServer$SocketDocumentContentWorker.run(SocketDocumentContentServer.java:442)
	at java.lang.Thread.run(Thread.java:595)
There are errors in run().
com.topcoder.service.studio.contest.documentcontentservers.InvalidRequestException: Unrecognized request type: 0
	at com.topcoder.service.studio.contest.documentcontentservers.SocketDocumentContentServer$SocketDocumentContentWorker.processData(SocketDocumentContentServer.java:571)
	at com.topcoder.service.studio.contest.documentcontentservers.SocketDocumentContentServer$SocketDocumentContentWorker.run(SocketDocumentContentServer.java:442)
	at java.lang.Thread.run(Thread.java:595)
There are errors in run().
com.topcoder.service.studio.contest.documentcontentservers.InvalidRequestException: Unrecognized request type: 0
	at com.topcoder.service.studio.contest.documentcontentservers.SocketDocumentContentServer$SocketDocumentContentWorker.processData(SocketDocumentContentServer.java:571)
	at com.topcoder.service.studio.contest.documentcontentservers.SocketDocumentContentServer$SocketDocumentContentWorker.run(SocketDocumentContentServer.java:442)
	at java.lang.Thread.run(Thread.java:595)
There are errors in run().
com.topcoder.service.studio.contest.documentcontentservers.InvalidRequestException: Unrecognized request type: 0
	at com.topcoder.service.studio.contest.documentcontentservers.SocketDocumentContentServer$SocketDocumentContentWorker.processData(SocketDocumentContentServer.java:571)
	at com.topcoder.service.studio.contest.documentcontentservers.SocketDocumentContentServer$SocketDocumentContentWorker.run(SocketDocumentContentServer.java:442)
	at java.lang.Thread.run(Thread.java:595)
There are errors in run().
com.topcoder.service.studio.contest.documentcontentservers.InvalidRequestException: Unrecognized request type: 0
	at com.topcoder.service.studio.contest.documentcontentservers.SocketDocumentContentServer$SocketDocumentContentWorker.processData(SocketDocumentContentServer.java:571)
	at com.topcoder.service.studio.contest.documentcontentservers.SocketDocumentContentServer$SocketDocumentContentWorker.run(SocketDocumentContentServer.java:442)
	at java.lang.Thread.run(Thread.java:595)
There are errors in run().
com.topcoder.service.studio.contest.documentcontentservers.InvalidRequestException: Unrecognized request type: 0
	at com.topcoder.service.studio.contest.documentcontentservers.SocketDocumentContentServer$SocketDocumentContentWorker.processData(SocketDocumentContentServer.java:571)
	at com.topcoder.service.studio.contest.documentcontentservers.SocketDocumentContentServer$SocketDocumentContentWorker.run(SocketDocumentContentServer.java:442)
	at java.lang.Thread.run(Thread.java:595)
There are errors in run().
com.topcoder.service.studio.contest.documentcontentservers.InvalidRequestException: Unrecognized request type: 0
	at com.topcoder.service.studio.contest.documentcontentservers.SocketDocumentContentServer$SocketDocumentContentWorker.processData(SocketDocumentContentServer.java:571)
	at com.topcoder.service.studio.contest.documentcontentservers.SocketDocumentContentServer$SocketDocumentContentWorker.run(SocketDocumentContentServer.java:442)
	at java.lang.Thread.run(Thread.java:595)
There are errors in run().
com.topcoder.service.studio.contest.documentcontentservers.InvalidRequestException: Unrecognized request type: 0
	at com.topcoder.service.studio.contest.documentcontentservers.SocketDocumentContentServer$SocketDocumentContentWorker.processData(SocketDocumentContentServer.java:571)
	at com.topcoder.service.studio.contest.documentcontentservers.SocketDocumentContentServer$SocketDocumentContentWorker.run(SocketDocumentContentServer.java:442)
	at java.lang.Thread.run(Thread.java:595)
There are errors in run().
com.topcoder.service.studio.contest.documentcontentservers.InvalidRequestException: Unrecognized request type: 0
	at com.topcoder.service.studio.contest.documentcontentservers.SocketDocumentContentServer$SocketDocumentContentWorker.processData(SocketDocumentContentServer.java:571)
	at com.topcoder.service.studio.contest.documentcontentservers.SocketDocumentContentServer$SocketDocumentContentWorker.run(SocketDocumentContentServer.java:442)
	at java.lang.Thread.run(Thread.java:595)
There are errors in run().
com.topcoder.service.studio.contest.documentcontentservers.InvalidRequestException: Unrecognized request type: 0
	at com.topcoder.service.studio.contest.documentcontentservers.SocketDocumentContentServer$SocketDocumentContentWorker.processData(SocketDocumentContentServer.java:571)
	at com.topcoder.service.studio.contest.documentcontentservers.SocketDocumentContentServer$SocketDocumentContentWorker.run(SocketDocumentContentServer.java:442)
	at java.lang.Thread.run(Thread.java:595)
There are errors in run().
com.topcoder.service.studio.contest.documentcontentservers.InvalidRequestException: Unrecognized request type: 0
	at com.topcoder.service.studio.contest.documentcontentservers.SocketDocumentContentServer$SocketDocumentContentWorker.processData(SocketDocumentContentServer.java:571)
	at com.topcoder.service.studio.contest.documentcontentservers.SocketDocumentContentServer$SocketDocumentContentWorker.run(SocketDocumentContentServer.java:442)
	at java.lang.Thread.run(Thread.java:595)
There are errors in run().
com.topcoder.service.studio.contest.documentcontentservers.InvalidRequestException: Unrecognized request type: 0
	at com.topcoder.service.studio.contest.documentcontentservers.SocketDocumentContentServer$SocketDocumentContentWorker.processData(SocketDocumentContentServer.java:571)
	at com.topcoder.service.studio.contest.documentcontentservers.SocketDocumentContentServer$SocketDocumentContentWorker.run(SocketDocumentContentServer.java:442)
	at java.lang.Thread.run(Thread.java:595)
There are errors in run().
com.topcoder.service.studio.contest.documentcontentservers.InvalidRequestException: Unrecognized request type: 0
	at com.topcoder.service.studio.contest.documentcontentservers.SocketDocumentContentServer$SocketDocumentContentWorker.processData(SocketDocumentContentServer.java:571)
	at com.topcoder.service.studio.contest.documentcontentservers.SocketDocumentContentServer$SocketDocumentContentWorker.run(SocketDocumentContentServer.java:442)
	at java.lang.Thread.run(Thread.java:595)
There are errors in run().
com.topcoder.service.studio.contest.documentcontentservers.InvalidRequestException: Unrecognized request type: 0
	at com.topcoder.service.studio.contest.documentcontentservers.SocketDocumentContentServer$SocketDocumentContentWorker.processData(SocketDocumentContentServer.java:571)
	at com.topcoder.service.studio.contest.documentcontentservers.SocketDocumentContentServer$SocketDocumentContentWorker.run(SocketDocumentContentServer.java:442)
	at java.lang.Thread.run(Thread.java:595)
There are errors in run().
com.topcoder.service.studio.contest.documentcontentservers.InvalidRequestException: Unrecognized request type: 0
	at com.topcoder.service.studio.contest.documentcontentservers.SocketDocumentContentServer$SocketDocumentContentWorker.processData(SocketDocumentContentServer.java:571)
	at com.topcoder.service.studio.contest.documentcontentservers.SocketDocumentContentServer$SocketDocumentContentWorker.run(SocketDocumentContentServer.java:442)
	at java.lang.Thread.run(Thread.java:595)
There are errors in run().
com.topcoder.service.studio.contest.documentcontentservers.InvalidRequestException: Unrecognized request type: 0
	at com.topcoder.service.studio.contest.documentcontentservers.SocketDocumentContentServer$SocketDocumentContentWorker.processData(SocketDocumentContentServer.java:571)
	at com.topcoder.service.studio.contest.documentcontentservers.SocketDocumentContentServer$SocketDocumentContentWorker.run(SocketDocumentContentServer.java:442)
	at java.lang.Thread.run(Thread.java:595)
There are errors in run().
com.topcoder.service.studio.contest.documentcontentservers.InvalidRequestException: Unrecognized request type: 0
	at com.topcoder.service.studio.contest.documentcontentservers.SocketDocumentContentServer$SocketDocumentContentWorker.processData(SocketDocumentContentServer.java:571)
	at com.topcoder.service.studio.contest.documentcontentservers.SocketDocumentContentServer$SocketDocumentContentWorker.run(SocketDocumentContentServer.java:442)
	at java.lang.Thread.run(Thread.java:595)
There are errors in run().
com.topcoder.service.studio.contest.documentcontentservers.InvalidRequestException: Unrecognized request type: 0
	at com.topcoder.service.studio.contest.documentcontentservers.SocketDocumentContentServer$SocketDocumentContentWorker.processData(SocketDocumentContentServer.java:571)
	at com.topcoder.service.studio.contest.documentcontentservers.SocketDocumentContentServer$SocketDocumentContentWorker.run(SocketDocumentContentServer.java:442)
	at java.lang.Thread.run(Thread.java:595)
There are errors in run().
com.topcoder.service.studio.contest.documentcontentservers.InvalidRequestException: Unrecognized request type: 0
	at com.topcoder.service.studio.contest.documentcontentservers.SocketDocumentContentServer$SocketDocumentContentWorker.processData(SocketDocumentContentServer.java:571)
	at com.topcoder.service.studio.contest.documentcontentservers.SocketDocumentContentServer$SocketDocumentContentWorker.run(SocketDocumentContentServer.java:442)
	at java.lang.Thread.run(Thread.java:595)
There are errors in run().
com.topcoder.service.studio.contest.documentcontentservers.InvalidRequestException: Unrecognized request type: 0
	at com.topcoder.service.studio.contest.documentcontentservers.SocketDocumentContentServer$SocketDocumentContentWorker.processData(SocketDocumentContentServer.java:571)
	at com.topcoder.service.studio.contest.documentcontentservers.SocketDocumentContentServer$SocketDocumentContentWorker.run(SocketDocumentContentServer.java:442)
	at java.lang.Thread.run(Thread.java:595)
There are errors in run().
com.topcoder.service.studio.contest.documentcontentservers.InvalidRequestException: Unrecognized request type: 0
	at com.topcoder.service.studio.contest.documentcontentservers.SocketDocumentContentServer$SocketDocumentContentWorker.processData(SocketDocumentContentServer.java:571)
	at com.topcoder.service.studio.contest.documentcontentservers.SocketDocumentContentServer$SocketDocumentContentWorker.run(SocketDocumentContentServer.java:442)
	at java.lang.Thread.run(Thread.java:595)
There are errors in run().
com.topcoder.service.studio.contest.documentcontentservers.InvalidRequestException: Unrecognized request type: 0
	at com.topcoder.service.studio.contest.documentcontentservers.SocketDocumentContentServer$SocketDocumentContentWorker.processData(SocketDocumentContentServer.java:571)
	at com.topcoder.service.studio.contest.documentcontentservers.SocketDocumentContentServer$SocketDocumentContentWorker.run(SocketDocumentContentServer.java:442)
	at java.lang.Thread.run(Thread.java:595)
There are errors in run().
com.topcoder.service.studio.contest.documentcontentservers.InvalidRequestException: Unrecognized request type: 0
	at com.topcoder.service.studio.contest.documentcontentservers.SocketDocumentContentServer$SocketDocumentContentWorker.processData(SocketDocumentContentServer.java:571)
	at com.topcoder.service.studio.contest.documentcontentservers.SocketDocumentContentServer$SocketDocumentContentWorker.run(SocketDocumentContentServer.java:442)
	at java.lang.Thread.run(Thread.java:595)
There are errors in run().
com.topcoder.service.studio.contest.documentcontentservers.InvalidRequestException: Unrecognized request type: 0
	at com.topcoder.service.studio.contest.documentcontentservers.SocketDocumentContentServer$SocketDocumentContentWorker.processData(SocketDocumentContentServer.java:571)
	at com.topcoder.service.studio.contest.documentcontentservers.SocketDocumentContentServer$SocketDocumentContentWorker.run(SocketDocumentContentServer.java:442)
	at java.lang.Thread.run(Thread.java:595)
There are errors in run().
com.topcoder.service.studio.contest.documentcontentservers.InvalidRequestException: Unrecognized request type: 0
	at com.topcoder.service.studio.contest.documentcontentservers.SocketDocumentContentServer$SocketDocumentContentWorker.processData(SocketDocumentContentServer.java:571)
	at com.topcoder.service.studio.contest.documentcontentservers.SocketDocumentContentServer$SocketDocumentContentWorker.run(SocketDocumentContentServer.java:442)
	at java.lang.Thread.run(Thread.java:595)
There are errors in run().
com.topcoder.service.studio.contest.documentcontentservers.InvalidRequestException: Unrecognized request type: 0
	at com.topcoder.service.studio.contest.documentcontentservers.SocketDocumentContentServer$SocketDocumentContentWorker.processData(SocketDocumentContentServer.java:571)
	at com.topcoder.service.studio.contest.documentcontentservers.SocketDocumentContentServer$SocketDocumentContentWorker.run(SocketDocumentContentServer.java:442)
	at java.lang.Thread.run(Thread.java:595)
There are errors in run().
com.topcoder.service.studio.contest.documentcontentservers.InvalidRequestException: Unrecognized request type: 0
	at com.topcoder.service.studio.contest.documentcontentservers.SocketDocumentContentServer$SocketDocumentContentWorker.processData(SocketDocumentContentServer.java:571)
	at com.topcoder.service.studio.contest.documentcontentservers.SocketDocumentContentServer$SocketDocumentContentWorker.run(SocketDocumentContentServer.java:442)
	at java.lang.Thread.run(Thread.java:595)
There are errors in run().
com.topcoder.service.studio.contest.documentcontentservers.InvalidRequestException: Unrecognized request type: 0
	at com.topcoder.service.studio.contest.documentcontentservers.SocketDocumentContentServer$SocketDocumentContentWorker.processData(SocketDocumentContentServer.java:571)
	at com.topcoder.service.studio.contest.documentcontentservers.SocketDocumentContentServer$SocketDocumentContentWorker.run(SocketDocumentContentServer.java:442)
	at java.lang.Thread.run(Thread.java:595)
There are errors in run().
com.topcoder.service.studio.contest.documentcontentservers.InvalidRequestException: Unrecognized request type: 0
	at com.topcoder.service.studio.contest.documentcontentservers.SocketDocumentContentServer$SocketDocumentContentWorker.processData(SocketDocumentContentServer.java:571)
	at com.topcoder.service.studio.contest.documentcontentservers.SocketDocumentContentServer$SocketDocumentContentWorker.run(SocketDocumentContentServer.java:442)
	at java.lang.Thread.run(Thread.java:595)
There are errors in run().
com.topcoder.service.studio.contest.documentcontentservers.InvalidRequestException: Unrecognized request type: 0
	at com.topcoder.service.studio.contest.documentcontentservers.SocketDocumentContentServer$SocketDocumentContentWorker.processData(SocketDocumentContentServer.java:571)
	at com.topcoder.service.studio.contest.documentcontentservers.SocketDocumentContentServer$SocketDocumentContentWorker.run(SocketDocumentContentServer.java:442)
	at java.lang.Thread.run(Thread.java:595)
There are errors in run().
com.topcoder.service.studio.contest.documentcontentservers.InvalidRequestException: Unrecognized request type: 0
	at com.topcoder.service.studio.contest.documentcontentservers.SocketDocumentContentServer$SocketDocumentContentWorker.processData(SocketDocumentContentServer.java:571)
	at com.topcoder.service.studio.contest.documentcontentservers.SocketDocumentContentServer$SocketDocumentContentWorker.run(SocketDocumentContentServer.java:442)
	at java.lang.Thread.run(Thread.java:595)
There are errors in run().
com.topcoder.service.studio.contest.documentcontentservers.InvalidRequestException: Unrecognized request type: 0
	at com.topcoder.service.studio.contest.documentcontentservers.SocketDocumentContentServer$SocketDocumentContentWorker.processData(SocketDocumentContentServer.java:571)
	at com.topcoder.service.studio.contest.documentcontentservers.SocketDocumentContentServer$SocketDocumentContentWorker.run(SocketDocumentContentServer.java:442)
	at java.lang.Thread.run(Thread.java:595)
There are errors in run().
com.topcoder.service.studio.contest.documentcontentservers.InvalidRequestException: Unrecognized request type: 0
	at com.topcoder.service.studio.contest.documentcontentservers.SocketDocumentContentServer$SocketDocumentContentWorker.processData(SocketDocumentContentServer.java:571)
	at com.topcoder.service.studio.contest.documentcontentservers.SocketDocumentContentServer$SocketDocumentContentWorker.run(SocketDocumentContentServer.java:442)
	at java.lang.Thread.run(Thread.java:595)
There are errors in run().
com.topcoder.service.studio.contest.documentcontentservers.InvalidRequestException: Unrecognized request type: 0
	at com.topcoder.service.studio.contest.documentcontentservers.SocketDocumentContentServer$SocketDocumentContentWorker.processData(SocketDocumentContentServer.java:571)
	at com.topcoder.service.studio.contest.documentcontentservers.SocketDocumentContentServer$SocketDocumentContentWorker.run(SocketDocumentContentServer.java:442)
	at java.lang.Thread.run(Thread.java:595)
There are errors in run().
com.topcoder.service.studio.contest.documentcontentservers.InvalidRequestException: Unrecognized request type: 0
	at com.topcoder.service.studio.contest.documentcontentservers.SocketDocumentContentServer$SocketDocumentContentWorker.processData(SocketDocumentContentServer.java:571)
	at com.topcoder.service.studio.contest.documentcontentservers.SocketDocumentContentServer$SocketDocumentContentWorker.run(SocketDocumentContentServer.java:442)
	at java.lang.Thread.run(Thread.java:595)
There are errors in run().
com.topcoder.service.studio.contest.documentcontentservers.InvalidRequestException: Unrecognized request type: 0
	at com.topcoder.service.studio.contest.documentcontentservers.SocketDocumentContentServer$SocketDocumentContentWorker.processData(SocketDocumentContentServer.java:571)
	at com.topcoder.service.studio.contest.documentcontentservers.SocketDocumentContentServer$SocketDocumentContentWorker.run(SocketDocumentContentServer.java:442)
	at java.lang.Thread.run(Thread.java:595)
There are errors in run().
com.topcoder.service.studio.contest.documentcontentservers.InvalidRequestException: Unrecognized request type: 0
	at com.topcoder.service.studio.contest.documentcontentservers.SocketDocumentContentServer$SocketDocumentContentWorker.processData(SocketDocumentContentServer.java:571)
	at com.topcoder.service.studio.contest.documentcontentservers.SocketDocumentContentServer$SocketDocumentContentWorker.run(SocketDocumentContentServer.java:442)
	at java.lang.Thread.run(Thread.java:595)
There are errors in run().
com.topcoder.service.studio.contest.documentcontentservers.InvalidRequestException: Unrecognized request type: 0
	at com.topcoder.service.studio.contest.documentcontentservers.SocketDocumentContentServer$SocketDocumentContentWorker.processData(SocketDocumentContentServer.java:571)
	at com.topcoder.service.studio.contest.documentcontentservers.SocketDocumentContentServer$SocketDocumentContentWorker.run(SocketDocumentContentServer.java:442)
	at java.lang.Thread.run(Thread.java:595)
There are errors in run().
com.topcoder.service.studio.contest.documentcontentservers.InvalidRequestException: Unrecognized request type: 0
	at com.topcoder.service.studio.contest.documentcontentservers.SocketDocumentContentServer$SocketDocumentContentWorker.processData(SocketDocumentContentServer.java:571)
	at com.topcoder.service.studio.contest.documentcontentservers.SocketDocumentContentServer$SocketDocumentContentWorker.run(SocketDocumentContentServer.java:442)
	at java.lang.Thread.run(Thread.java:595)
There are errors in run().
com.topcoder.service.studio.contest.documentcontentservers.InvalidRequestException: Unrecognized request type: 0
	at com.topcoder.service.studio.contest.documentcontentservers.SocketDocumentContentServer$SocketDocumentContentWorker.processData(SocketDocumentContentServer.java:571)
	at com.topcoder.service.studio.contest.documentcontentservers.SocketDocumentContentServer$SocketDocumentContentWorker.run(SocketDocumentContentServer.java:442)
	at java.lang.Thread.run(Thread.java:595)
There are errors in run().
com.topcoder.service.studio.contest.documentcontentservers.InvalidRequestException: Unrecognized request type: 0
	at com.topcoder.service.studio.contest.documentcontentservers.SocketDocumentContentServer$SocketDocumentContentWorker.processData(SocketDocumentContentServer.java:571)
	at com.topcoder.service.studio.contest.documentcontentservers.SocketDocumentContentServer$SocketDocumentContentWorker.run(SocketDocumentContentServer.java:442)
	at java.lang.Thread.run(Thread.java:595)
There are errors in run().
com.topcoder.service.studio.contest.documentcontentservers.InvalidRequestException: Unrecognized request type: 0
	at com.topcoder.service.studio.contest.documentcontentservers.SocketDocumentContentServer$SocketDocumentContentWorker.processData(SocketDocumentContentServer.java:571)
	at com.topcoder.service.studio.contest.documentcontentservers.SocketDocumentContentServer$SocketDocumentContentWorker.run(SocketDocumentContentServer.java:442)
	at java.lang.Thread.run(Thread.java:595)
There are errors in run().
com.topcoder.service.studio.contest.documentcontentservers.InvalidRequestException: Unrecognized request type: 0
	at com.topcoder.service.studio.contest.documentcontentservers.SocketDocumentContentServer$SocketDocumentContentWorker.processData(SocketDocumentContentServer.java:571)
	at com.topcoder.service.studio.contest.documentcontentservers.SocketDocumentContentServer$SocketDocumentContentWorker.run(SocketDocumentContentServer.java:442)
	at java.lang.Thread.run(Thread.java:595)
There are errors in run().
com.topcoder.service.studio.contest.documentcontentservers.InvalidRequestException: Unrecognized request type: 0
	at com.topcoder.service.studio.contest.documentcontentservers.SocketDocumentContentServer$SocketDocumentContentWorker.processData(SocketDocumentContentServer.java:571)
	at com.topcoder.service.studio.contest.documentcontentservers.SocketDocumentContentServer$SocketDocumentContentWorker.run(SocketDocumentContentServer.java:442)
	at java.lang.Thread.run(Thread.java:595)
There are errors in run().
com.topcoder.service.studio.contest.documentcontentservers.InvalidRequestException: Unrecognized request type: 0
	at com.topcoder.service.studio.contest.documentcontentservers.SocketDocumentContentServer$SocketDocumentContentWorker.processData(SocketDocumentContentServer.java:571)
	at com.topcoder.service.studio.contest.documentcontentservers.SocketDocumentContentServer$SocketDocumentContentWorker.run(SocketDocumentContentServer.java:442)
	at java.lang.Thread.run(Thread.java:595)
There are errors in run().
com.topcoder.service.studio.contest.documentcontentservers.InvalidRequestException: Unrecognized request type: 0
	at com.topcoder.service.studio.contest.documentcontentservers.SocketDocumentContentServer$SocketDocumentContentWorker.processData(SocketDocumentContentServer.java:571)
	at com.topcoder.service.studio.contest.documentcontentservers.SocketDocumentContentServer$SocketDocumentContentWorker.run(SocketDocumentContentServer.java:442)
	at java.lang.Thread.run(Thread.java:595)
There are errors in run().
com.topcoder.service.studio.contest.documentcontentservers.InvalidRequestException: Unrecognized request type: 0
	at com.topcoder.service.studio.contest.documentcontentservers.SocketDocumentContentServer$SocketDocumentContentWorker.processData(SocketDocumentContentServer.java:571)
	at com.topcoder.service.studio.contest.documentcontentservers.SocketDocumentContentServer$SocketDocumentContentWorker.run(SocketDocumentContentServer.java:442)
	at java.lang.Thread.run(Thread.java:595)
There are errors in run().
com.topcoder.service.studio.contest.documentcontentservers.InvalidRequestException: Unrecognized request type: 0
	at com.topcoder.service.studio.contest.documentcontentservers.SocketDocumentContentServer$SocketDocumentContentWorker.processData(SocketDocumentContentServer.java:571)
	at com.topcoder.service.studio.contest.documentcontentservers.SocketDocumentContentServer$SocketDocumentContentWorker.run(SocketDocumentContentServer.java:442)
	at java.lang.Thread.run(Thread.java:595)
There are errors in run().
com.topcoder.service.studio.contest.documentcontentservers.InvalidRequestException: Unrecognized request type: 0
	at com.topcoder.service.studio.contest.documentcontentservers.SocketDocumentContentServer$SocketDocumentContentWorker.processData(SocketDocumentContentServer.java:571)
	at com.topcoder.service.studio.contest.documentcontentservers.SocketDocumentContentServer$SocketDocumentContentWorker.run(SocketDocumentContentServer.java:442)
	at java.lang.Thread.run(Thread.java:595)
There are errors in run().
com.topcoder.service.studio.contest.documentcontentservers.InvalidRequestException: Unrecognized request type: 0
	at com.topcoder.service.studio.contest.documentcontentservers.SocketDocumentContentServer$SocketDocumentContentWorker.processData(SocketDocumentContentServer.java:571)
	at com.topcoder.service.studio.contest.documentcontentservers.SocketDocumentContentServer$SocketDocumentContentWorker.run(SocketDocumentContentServer.java:442)
	at java.lang.Thread.run(Thread.java:595)
There are errors in run().
com.topcoder.service.studio.contest.documentcontentservers.InvalidRequestException: Unrecognized request type: 0
	at com.topcoder.service.studio.contest.documentcontentservers.SocketDocumentContentServer$SocketDocumentContentWorker.processData(SocketDocumentContentServer.java:571)
	at com.topcoder.service.studio.contest.documentcontentservers.SocketDocumentContentServer$SocketDocumentContentWorker.run(SocketDocumentContentServer.java:442)
	at java.lang.Thread.run(Thread.java:595)
There are errors in run().
com.topcoder.service.studio.contest.documentcontentservers.InvalidRequestException: Unrecognized request type: 0
	at com.topcoder.service.studio.contest.documentcontentservers.SocketDocumentContentServer$SocketDocumentContentWorker.processData(SocketDocumentContentServer.java:571)
	at com.topcoder.service.studio.contest.documentcontentservers.SocketDocumentContentServer$SocketDocumentContentWorker.run(SocketDocumentContentServer.java:442)
	at java.lang.Thread.run(Thread.java:595)
There are errors in run().
com.topcoder.service.studio.contest.documentcontentservers.InvalidRequestException: Unrecognized request type: 0
	at com.topcoder.service.studio.contest.documentcontentservers.SocketDocumentContentServer$SocketDocumentContentWorker.processData(SocketDocumentContentServer.java:571)
	at com.topcoder.service.studio.contest.documentcontentservers.SocketDocumentContentServer$SocketDocumentContentWorker.run(SocketDocumentContentServer.java:442)
	at java.lang.Thread.run(Thread.java:595)
[Exit method: existDocumentContent()]
[08-4-11 下午10:16: Enter method stop()]
[08-4-11 下午10:16: Exit method stop()]
There are io errors while written the error message.
java.io.IOException: An established connection was aborted by the software in your host machine
	at sun.nio.ch.SocketDispatcher.write0(Native Method)
	at sun.nio.ch.SocketDispatcher.write(SocketDispatcher.java:33)
	at sun.nio.ch.IOUtil.writeFromNativeBuffer(IOUtil.java:104)
	at sun.nio.ch.IOUtil.write(IOUtil.java:75)
	at sun.nio.ch.SocketChannelImpl.write(SocketChannelImpl.java:302)
	at com.topcoder.service.studio.contest.documentcontentservers.SocketDocumentContentServer$SocketDocumentContentWorker.processException(SocketDocumentContentServer.java:498)
	at com.topcoder.service.studio.contest.documentcontentservers.SocketDocumentContentServer$SocketDocumentContentWorker.run(SocketDocumentContentServer.java:448)
	at java.lang.Thread.run(Thread.java:595)
[08-4-11 下午10:16: Enter method start()]
[08-4-11 下午10:16: Exit method Start()]
[08-4-11 下午10:16: Enter method stop()]
[08-4-11 下午10:16: Exit method stop()]
[08-4-11 下午10:16: Enter method start()]
[08-4-11 下午10:16: Exit method Start()]
There are errors in run().
com.topcoder.service.studio.contest.documentcontentservers.InvalidRequestException: Unrecognized request type: 0
	at com.topcoder.service.studio.contest.documentcontentservers.SocketDocumentContentServer$SocketDocumentContentWorker.processData(SocketDocumentContentServer.java:571)
	at com.topcoder.service.studio.contest.documentcontentservers.SocketDocumentContentServer$SocketDocumentContentWorker.run(SocketDocumentContentServer.java:442)
	at java.lang.Thread.run(Thread.java:595)
There are errors in run().
com.topcoder.service.studio.contest.documentcontentservers.InvalidRequestException: Unrecognized request type: 0
	at com.topcoder.service.studio.contest.documentcontentservers.SocketDocumentContentServer$SocketDocumentContentWorker.processData(SocketDocumentContentServer.java:571)
	at com.topcoder.service.studio.contest.documentcontentservers.SocketDocumentContentServer$SocketDocumentContentWorker.run(SocketDocumentContentServer.java:442)
	at java.lang.Thread.run(Thread.java:595)
There are errors in run().
com.topcoder.service.studio.contest.documentcontentservers.InvalidRequestException: Unrecognized request type: 0
	at com.topcoder.service.studio.contest.documentcontentservers.SocketDocumentContentServer$SocketDocumentContentWorker.processData(SocketDocumentContentServer.java:571)
	at com.topcoder.service.studio.contest.documentcontentservers.SocketDocumentContentServer$SocketDocumentContentWorker.run(SocketDocumentContentServer.java:442)
	at java.lang.Thread.run(Thread.java:595)
There are errors in run().
com.topcoder.service.studio.contest.documentcontentservers.InvalidRequestException: Unrecognized request type: 0
	at com.topcoder.service.studio.contest.documentcontentservers.SocketDocumentContentServer$SocketDocumentContentWorker.processData(SocketDocumentContentServer.java:571)
	at com.topcoder.service.studio.contest.documentcontentservers.SocketDocumentContentServer$SocketDocumentContentWorker.run(SocketDocumentContentServer.java:442)
	at java.lang.Thread.run(Thread.java:595)
There are errors in run().
com.topcoder.service.studio.contest.documentcontentservers.InvalidRequestException: Unrecognized request type: 0
	at com.topcoder.service.studio.contest.documentcontentservers.SocketDocumentContentServer$SocketDocumentContentWorker.processData(SocketDocumentContentServer.java:571)
	at com.topcoder.service.studio.contest.documentcontentservers.SocketDocumentContentServer$SocketDocumentContentWorker.run(SocketDocumentContentServer.java:442)
	at java.lang.Thread.run(Thread.java:595)
There are errors in run().
com.topcoder.service.studio.contest.documentcontentservers.InvalidRequestException: Unrecognized request type: 0
	at com.topcoder.service.studio.contest.documentcontentservers.SocketDocumentContentServer$SocketDocumentContentWorker.processData(SocketDocumentContentServer.java:571)
	at com.topcoder.service.studio.contest.documentcontentservers.SocketDocumentContentServer$SocketDocumentContentWorker.run(SocketDocumentContentServer.java:442)
	at java.lang.Thread.run(Thread.java:595)
There are errors in run().
com.topcoder.service.studio.contest.documentcontentservers.InvalidRequestException: Unrecognized request type: 0
	at com.topcoder.service.studio.contest.documentcontentservers.SocketDocumentContentServer$SocketDocumentContentWorker.processData(SocketDocumentContentServer.java:571)
	at com.topcoder.service.studio.contest.documentcontentservers.SocketDocumentContentServer$SocketDocumentContentWorker.run(SocketDocumentContentServer.java:442)
	at java.lang.Thread.run(Thread.java:595)
There are errors in run().
com.topcoder.service.studio.contest.documentcontentservers.InvalidRequestException: Unrecognized request type: 0
	at com.topcoder.service.studio.contest.documentcontentservers.SocketDocumentContentServer$SocketDocumentContentWorker.processData(SocketDocumentContentServer.java:571)
	at com.topcoder.service.studio.contest.documentcontentservers.SocketDocumentContentServer$SocketDocumentContentWorker.run(SocketDocumentContentServer.java:442)
	at java.lang.Thread.run(Thread.java:595)
There are errors in run().
com.topcoder.service.studio.contest.documentcontentservers.InvalidRequestException: Unrecognized request type: 0
	at com.topcoder.service.studio.contest.documentcontentservers.SocketDocumentContentServer$SocketDocumentContentWorker.processData(SocketDocumentContentServer.java:571)
	at com.topcoder.service.studio.contest.documentcontentservers.SocketDocumentContentServer$SocketDocumentContentWorker.run(SocketDocumentContentServer.java:442)
	at java.lang.Thread.run(Thread.java:595)
There are errors in run().
com.topcoder.service.studio.contest.documentcontentservers.InvalidRequestException: Unrecognized request type: 0
	at com.topcoder.service.studio.contest.documentcontentservers.SocketDocumentContentServer$SocketDocumentContentWorker.processData(SocketDocumentContentServer.java:571)
	at com.topcoder.service.studio.contest.documentcontentservers.SocketDocumentContentServer$SocketDocumentContentWorker.run(SocketDocumentContentServer.java:442)
	at java.lang.Thread.run(Thread.java:595)
There are errors in run().
com.topcoder.service.studio.contest.documentcontentservers.InvalidRequestException: Unrecognized request type: 0
	at com.topcoder.service.studio.contest.documentcontentservers.SocketDocumentContentServer$SocketDocumentContentWorker.processData(SocketDocumentContentServer.java:571)
	at com.topcoder.service.studio.contest.documentcontentservers.SocketDocumentContentServer$SocketDocumentContentWorker.run(SocketDocumentContentServer.java:442)
	at java.lang.Thread.run(Thread.java:595)
There are errors in run().
com.topcoder.service.studio.contest.documentcontentservers.InvalidRequestException: Unrecognized request type: 0
	at com.topcoder.service.studio.contest.documentcontentservers.SocketDocumentContentServer$SocketDocumentContentWorker.processData(SocketDocumentContentServer.java:571)
	at com.topcoder.service.studio.contest.documentcontentservers.SocketDocumentContentServer$SocketDocumentContentWorker.run(SocketDocumentContentServer.java:442)
	at java.lang.Thread.run(Thread.java:595)
There are errors in run().
com.topcoder.service.studio.contest.documentcontentservers.InvalidRequestException: Unrecognized request type: 0
	at com.topcoder.service.studio.contest.documentcontentservers.SocketDocumentContentServer$SocketDocumentContentWorker.processData(SocketDocumentContentServer.java:571)
	at com.topcoder.service.studio.contest.documentcontentservers.SocketDocumentContentServer$SocketDocumentContentWorker.run(SocketDocumentContentServer.java:442)
	at java.lang.Thread.run(Thread.java:595)
There are errors in run().
com.topcoder.service.studio.contest.documentcontentservers.InvalidRequestException: Unrecognized request type: 0
	at com.topcoder.service.studio.contest.documentcontentservers.SocketDocumentContentServer$SocketDocumentContentWorker.processData(SocketDocumentContentServer.java:571)
	at com.topcoder.service.studio.contest.documentcontentservers.SocketDocumentContentServer$SocketDocumentContentWorker.run(SocketDocumentContentServer.java:442)
	at java.lang.Thread.run(Thread.java:595)
There are errors in run().
com.topcoder.service.studio.contest.documentcontentservers.InvalidRequestException: Unrecognized request type: 0
	at com.topcoder.service.studio.contest.documentcontentservers.SocketDocumentContentServer$SocketDocumentContentWorker.processData(SocketDocumentContentServer.java:571)
	at com.topcoder.service.studio.contest.documentcontentservers.SocketDocumentContentServer$SocketDocumentContentWorker.run(SocketDocumentContentServer.java:442)
	at java.lang.Thread.run(Thread.java:595)
There are errors in run().
com.topcoder.service.studio.contest.documentcontentservers.InvalidRequestException: Unrecognized request type: 0
	at com.topcoder.service.studio.contest.documentcontentservers.SocketDocumentContentServer$SocketDocumentContentWorker.processData(SocketDocumentContentServer.java:571)
	at com.topcoder.service.studio.contest.documentcontentservers.SocketDocumentContentServer$SocketDocumentContentWorker.run(SocketDocumentContentServer.java:442)
	at java.lang.Thread.run(Thread.java:595)
There are errors in run().
com.topcoder.service.studio.contest.documentcontentservers.InvalidRequestException: Unrecognized request type: 0
	at com.topcoder.service.studio.contest.documentcontentservers.SocketDocumentContentServer$SocketDocumentContentWorker.processData(SocketDocumentContentServer.java:571)
	at com.topcoder.service.studio.contest.documentcontentservers.SocketDocumentContentServer$SocketDocumentContentWorker.run(SocketDocumentContentServer.java:442)
	at java.lang.Thread.run(Thread.java:595)
There are errors in run().
com.topcoder.service.studio.contest.documentcontentservers.InvalidRequestException: Unrecognized request type: 0
	at com.topcoder.service.studio.contest.documentcontentservers.SocketDocumentContentServer$SocketDocumentContentWorker.processData(SocketDocumentContentServer.java:571)
	at com.topcoder.service.studio.contest.documentcontentservers.SocketDocumentContentServer$SocketDocumentContentWorker.run(SocketDocumentContentServer.java:442)
	at java.lang.Thread.run(Thread.java:595)
There are errors in run().
com.topcoder.service.studio.contest.documentcontentservers.InvalidRequestException: Unrecognized request type: 0
	at com.topcoder.service.studio.contest.documentcontentservers.SocketDocumentContentServer$SocketDocumentContentWorker.processData(SocketDocumentContentServer.java:571)
	at com.topcoder.service.studio.contest.documentcontentservers.SocketDocumentContentServer$SocketDocumentContentWorker.run(SocketDocumentContentServer.java:442)
	at java.lang.Thread.run(Thread.java:595)
There are errors in run().
com.topcoder.service.studio.contest.documentcontentservers.InvalidRequestException: Unrecognized request type: 0
	at com.topcoder.service.studio.contest.documentcontentservers.SocketDocumentContentServer$SocketDocumentContentWorker.processData(SocketDocumentContentServer.java:571)
	at com.topcoder.service.studio.contest.documentcontentservers.SocketDocumentContentServer$SocketDocumentContentWorker.run(SocketDocumentContentServer.java:442)
	at java.lang.Thread.run(Thread.java:595)
There are errors in run().
com.topcoder.service.studio.contest.documentcontentservers.InvalidRequestException: Unrecognized request type: 0
	at com.topcoder.service.studio.contest.documentcontentservers.SocketDocumentContentServer$SocketDocumentContentWorker.processData(SocketDocumentContentServer.java:571)
	at com.topcoder.service.studio.contest.documentcontentservers.SocketDocumentContentServer$SocketDocumentContentWorker.run(SocketDocumentContentServer.java:442)
	at java.lang.Thread.run(Thread.java:595)
There are errors in run().
com.topcoder.service.studio.contest.documentcontentservers.InvalidRequestException: Unrecognized request type: 0
	at com.topcoder.service.studio.contest.documentcontentservers.SocketDocumentContentServer$SocketDocumentContentWorker.processData(SocketDocumentContentServer.java:571)
	at com.topcoder.service.studio.contest.documentcontentservers.SocketDocumentContentServer$SocketDocumentContentWorker.run(SocketDocumentContentServer.java:442)
	at java.lang.Thread.run(Thread.java:595)
There are errors in run().
com.topcoder.service.studio.contest.documentcontentservers.InvalidRequestException: Unrecognized request type: 0
	at com.topcoder.service.studio.contest.documentcontentservers.SocketDocumentContentServer$SocketDocumentContentWorker.processData(SocketDocumentContentServer.java:571)
	at com.topcoder.service.studio.contest.documentcontentservers.SocketDocumentContentServer$SocketDocumentContentWorker.run(SocketDocumentContentServer.java:442)
	at java.lang.Thread.run(Thread.java:595)
There are errors in run().
com.topcoder.service.studio.contest.documentcontentservers.InvalidRequestException: Unrecognized request type: 0
	at com.topcoder.service.studio.contest.documentcontentservers.SocketDocumentContentServer$SocketDocumentContentWorker.processData(SocketDocumentContentServer.java:571)
	at com.topcoder.service.studio.contest.documentcontentservers.SocketDocumentContentServer$SocketDocumentContentWorker.run(SocketDocumentContentServer.java:442)
	at java.lang.Thread.run(Thread.java:595)
There are errors in run().
com.topcoder.service.studio.contest.documentcontentservers.InvalidRequestException: Unrecognized request type: 0
	at com.topcoder.service.studio.contest.documentcontentservers.SocketDocumentContentServer$SocketDocumentContentWorker.processData(SocketDocumentContentServer.java:571)
	at com.topcoder.service.studio.contest.documentcontentservers.SocketDocumentContentServer$SocketDocumentContentWorker.run(SocketDocumentContentServer.java:442)
	at java.lang.Thread.run(Thread.java:595)
There are errors in run().
com.topcoder.service.studio.contest.documentcontentservers.InvalidRequestException: Unrecognized request type: 0
	at com.topcoder.service.studio.contest.documentcontentservers.SocketDocumentContentServer$SocketDocumentContentWorker.processData(SocketDocumentContentServer.java:571)
	at com.topcoder.service.studio.contest.documentcontentservers.SocketDocumentContentServer$SocketDocumentContentWorker.run(SocketDocumentContentServer.java:442)
	at java.lang.Thread.run(Thread.java:595)
There are errors in run().
com.topcoder.service.studio.contest.documentcontentservers.InvalidRequestException: Unrecognized request type: 0
	at com.topcoder.service.studio.contest.documentcontentservers.SocketDocumentContentServer$SocketDocumentContentWorker.processData(SocketDocumentContentServer.java:571)
	at com.topcoder.service.studio.contest.documentcontentservers.SocketDocumentContentServer$SocketDocumentContentWorker.run(SocketDocumentContentServer.java:442)
	at java.lang.Thread.run(Thread.java:595)
There are errors in run().
com.topcoder.service.studio.contest.documentcontentservers.InvalidRequestException: Unrecognized request type: 0
	at com.topcoder.service.studio.contest.documentcontentservers.SocketDocumentContentServer$SocketDocumentContentWorker.processData(SocketDocumentContentServer.java:571)
	at com.topcoder.service.studio.contest.documentcontentservers.SocketDocumentContentServer$SocketDocumentContentWorker.run(SocketDocumentContentServer.java:442)
	at java.lang.Thread.run(Thread.java:595)
There are errors in run().
com.topcoder.service.studio.contest.documentcontentservers.InvalidRequestException: Unrecognized request type: 0
	at com.topcoder.service.studio.contest.documentcontentservers.SocketDocumentContentServer$SocketDocumentContentWorker.processData(SocketDocumentContentServer.java:571)
	at com.topcoder.service.studio.contest.documentcontentservers.SocketDocumentContentServer$SocketDocumentContentWorker.run(SocketDocumentContentServer.java:442)
	at java.lang.Thread.run(Thread.java:595)
There are errors in run().
com.topcoder.service.studio.contest.documentcontentservers.InvalidRequestException: Unrecognized request type: 0
	at com.topcoder.service.studio.contest.documentcontentservers.SocketDocumentContentServer$SocketDocumentContentWorker.processData(SocketDocumentContentServer.java:571)
	at com.topcoder.service.studio.contest.documentcontentservers.SocketDocumentContentServer$SocketDocumentContentWorker.run(SocketDocumentContentServer.java:442)
	at java.lang.Thread.run(Thread.java:595)
There are errors in run().
com.topcoder.service.studio.contest.documentcontentservers.InvalidRequestException: Unrecognized request type: 0
	at com.topcoder.service.studio.contest.documentcontentservers.SocketDocumentContentServer$SocketDocumentContentWorker.processData(SocketDocumentContentServer.java:571)
	at com.topcoder.service.studio.contest.documentcontentservers.SocketDocumentContentServer$SocketDocumentContentWorker.run(SocketDocumentContentServer.java:442)
	at java.lang.Thread.run(Thread.java:595)
There are errors in run().
com.topcoder.service.studio.contest.documentcontentservers.InvalidRequestException: Unrecognized request type: 0
	at com.topcoder.service.studio.contest.documentcontentservers.SocketDocumentContentServer$SocketDocumentContentWorker.processData(SocketDocumentContentServer.java:571)
	at com.topcoder.service.studio.contest.documentcontentservers.SocketDocumentContentServer$SocketDocumentContentWorker.run(SocketDocumentContentServer.java:442)
	at java.lang.Thread.run(Thread.java:595)
There are errors in run().
com.topcoder.service.studio.contest.documentcontentservers.InvalidRequestException: Unrecognized request type: 0
	at com.topcoder.service.studio.contest.documentcontentservers.SocketDocumentContentServer$SocketDocumentContentWorker.processData(SocketDocumentContentServer.java:571)
	at com.topcoder.service.studio.contest.documentcontentservers.SocketDocumentContentServer$SocketDocumentContentWorker.run(SocketDocumentContentServer.java:442)
	at java.lang.Thread.run(Thread.java:595)
There are errors in run().
com.topcoder.service.studio.contest.documentcontentservers.InvalidRequestException: Unrecognized request type: 0
	at com.topcoder.service.studio.contest.documentcontentservers.SocketDocumentContentServer$SocketDocumentContentWorker.processData(SocketDocumentContentServer.java:571)
	at com.topcoder.service.studio.contest.documentcontentservers.SocketDocumentContentServer$SocketDocumentContentWorker.run(SocketDocumentContentServer.java:442)
	at java.lang.Thread.run(Thread.java:595)
There are errors in run().
com.topcoder.service.studio.contest.documentcontentservers.InvalidRequestException: Unrecognized request type: 0
	at com.topcoder.service.studio.contest.documentcontentservers.SocketDocumentContentServer$SocketDocumentContentWorker.processData(SocketDocumentContentServer.java:571)
	at com.topcoder.service.studio.contest.documentcontentservers.SocketDocumentContentServer$SocketDocumentContentWorker.run(SocketDocumentContentServer.java:442)
	at java.lang.Thread.run(Thread.java:595)
There are errors in run().
com.topcoder.service.studio.contest.documentcontentservers.InvalidRequestException: Unrecognized request type: 0
	at com.topcoder.service.studio.contest.documentcontentservers.SocketDocumentContentServer$SocketDocumentContentWorker.processData(SocketDocumentContentServer.java:571)
	at com.topcoder.service.studio.contest.documentcontentservers.SocketDocumentContentServer$SocketDocumentContentWorker.run(SocketDocumentContentServer.java:442)
	at java.lang.Thread.run(Thread.java:595)
There are errors in run().
com.topcoder.service.studio.contest.documentcontentservers.InvalidRequestException: Unrecognized request type: 0
	at com.topcoder.service.studio.contest.documentcontentservers.SocketDocumentContentServer$SocketDocumentContentWorker.processData(SocketDocumentContentServer.java:571)
	at com.topcoder.service.studio.contest.documentcontentservers.SocketDocumentContentServer$SocketDocumentContentWorker.run(SocketDocumentContentServer.java:442)
	at java.lang.Thread.run(Thread.java:595)
There are errors in run().
com.topcoder.service.studio.contest.documentcontentservers.InvalidRequestException: Unrecognized request type: 0
	at com.topcoder.service.studio.contest.documentcontentservers.SocketDocumentContentServer$SocketDocumentContentWorker.processData(SocketDocumentContentServer.java:571)
	at com.topcoder.service.studio.contest.documentcontentservers.SocketDocumentContentServer$SocketDocumentContentWorker.run(SocketDocumentContentServer.java:442)
	at java.lang.Thread.run(Thread.java:595)
There are errors in run().
com.topcoder.service.studio.contest.documentcontentservers.InvalidRequestException: Unrecognized request type: 0
	at com.topcoder.service.studio.contest.documentcontentservers.SocketDocumentContentServer$SocketDocumentContentWorker.processData(SocketDocumentContentServer.java:571)
	at com.topcoder.service.studio.contest.documentcontentservers.SocketDocumentContentServer$SocketDocumentContentWorker.run(SocketDocumentContentServer.java:442)
	at java.lang.Thread.run(Thread.java:595)
There are errors in run().
com.topcoder.service.studio.contest.documentcontentservers.InvalidRequestException: Unrecognized request type: 0
	at com.topcoder.service.studio.contest.documentcontentservers.SocketDocumentContentServer$SocketDocumentContentWorker.processData(SocketDocumentContentServer.java:571)
	at com.topcoder.service.studio.contest.documentcontentservers.SocketDocumentContentServer$SocketDocumentContentWorker.run(SocketDocumentContentServer.java:442)
	at java.lang.Thread.run(Thread.java:595)
There are errors in run().
com.topcoder.service.studio.contest.documentcontentservers.InvalidRequestException: Unrecognized request type: 0
	at com.topcoder.service.studio.contest.documentcontentservers.SocketDocumentContentServer$SocketDocumentContentWorker.processData(SocketDocumentContentServer.java:571)
	at com.topcoder.service.studio.contest.documentcontentservers.SocketDocumentContentServer$SocketDocumentContentWorker.run(SocketDocumentContentServer.java:442)
	at java.lang.Thread.run(Thread.java:595)
There are errors in run().
com.topcoder.service.studio.contest.documentcontentservers.InvalidRequestException: Unrecognized request type: 0
	at com.topcoder.service.studio.contest.documentcontentservers.SocketDocumentContentServer$SocketDocumentContentWorker.processData(SocketDocumentContentServer.java:571)
	at com.topcoder.service.studio.contest.documentcontentservers.SocketDocumentContentServer$SocketDocumentContentWorker.run(SocketDocumentContentServer.java:442)
	at java.lang.Thread.run(Thread.java:595)
There are errors in run().
com.topcoder.service.studio.contest.documentcontentservers.InvalidRequestException: Unrecognized request type: 0
	at com.topcoder.service.studio.contest.documentcontentservers.SocketDocumentContentServer$SocketDocumentContentWorker.processData(SocketDocumentContentServer.java:571)
	at com.topcoder.service.studio.contest.documentcontentservers.SocketDocumentContentServer$SocketDocumentContentWorker.run(SocketDocumentContentServer.java:442)
	at java.lang.Thread.run(Thread.java:595)
There are errors in run().
com.topcoder.service.studio.contest.documentcontentservers.InvalidRequestException: Unrecognized request type: 0
	at com.topcoder.service.studio.contest.documentcontentservers.SocketDocumentContentServer$SocketDocumentContentWorker.processData(SocketDocumentContentServer.java:571)
	at com.topcoder.service.studio.contest.documentcontentservers.SocketDocumentContentServer$SocketDocumentContentWorker.run(SocketDocumentContentServer.java:442)
	at java.lang.Thread.run(Thread.java:595)
There are errors in run().
com.topcoder.service.studio.contest.documentcontentservers.InvalidRequestException: Unrecognized request type: 0
	at com.topcoder.service.studio.contest.documentcontentservers.SocketDocumentContentServer$SocketDocumentContentWorker.processData(SocketDocumentContentServer.java:571)
	at com.topcoder.service.studio.contest.documentcontentservers.SocketDocumentContentServer$SocketDocumentContentWorker.run(SocketDocumentContentServer.java:442)
	at java.lang.Thread.run(Thread.java:595)
There are errors in run().
com.topcoder.service.studio.contest.documentcontentservers.InvalidRequestException: Unrecognized request type: 0
	at com.topcoder.service.studio.contest.documentcontentservers.SocketDocumentContentServer$SocketDocumentContentWorker.processData(SocketDocumentContentServer.java:571)
	at com.topcoder.service.studio.contest.documentcontentservers.SocketDocumentContentServer$SocketDocumentContentWorker.run(SocketDocumentContentServer.java:442)
	at java.lang.Thread.run(Thread.java:595)
There are errors in run().
com.topcoder.service.studio.contest.documentcontentservers.InvalidRequestException: Unrecognized request type: 0
	at com.topcoder.service.studio.contest.documentcontentservers.SocketDocumentContentServer$SocketDocumentContentWorker.processData(SocketDocumentContentServer.java:571)
	at com.topcoder.service.studio.contest.documentcontentservers.SocketDocumentContentServer$SocketDocumentContentWorker.run(SocketDocumentContentServer.java:442)
	at java.lang.Thread.run(Thread.java:595)
There are errors in run().
com.topcoder.service.studio.contest.documentcontentservers.InvalidRequestException: Unrecognized request type: 0
	at com.topcoder.service.studio.contest.documentcontentservers.SocketDocumentContentServer$SocketDocumentContentWorker.processData(SocketDocumentContentServer.java:571)
	at com.topcoder.service.studio.contest.documentcontentservers.SocketDocumentContentServer$SocketDocumentContentWorker.run(SocketDocumentContentServer.java:442)
	at java.lang.Thread.run(Thread.java:595)
There are errors in run().
com.topcoder.service.studio.contest.documentcontentservers.InvalidRequestException: Unrecognized request type: 0
	at com.topcoder.service.studio.contest.documentcontentservers.SocketDocumentContentServer$SocketDocumentContentWorker.processData(SocketDocumentContentServer.java:571)
	at com.topcoder.service.studio.contest.documentcontentservers.SocketDocumentContentServer$SocketDocumentContentWorker.run(SocketDocumentContentServer.java:442)
	at java.lang.Thread.run(Thread.java:595)
There are errors in run().
com.topcoder.service.studio.contest.documentcontentservers.InvalidRequestException: Unrecognized request type: 0
	at com.topcoder.service.studio.contest.documentcontentservers.SocketDocumentContentServer$SocketDocumentContentWorker.processData(SocketDocumentContentServer.java:571)
	at com.topcoder.service.studio.contest.documentcontentservers.SocketDocumentContentServer$SocketDocumentContentWorker.run(SocketDocumentContentServer.java:442)
	at java.lang.Thread.run(Thread.java:595)
There are errors in run().
com.topcoder.service.studio.contest.documentcontentservers.InvalidRequestException: Unrecognized request type: 0
	at com.topcoder.service.studio.contest.documentcontentservers.SocketDocumentContentServer$SocketDocumentContentWorker.processData(SocketDocumentContentServer.java:571)
	at com.topcoder.service.studio.contest.documentcontentservers.SocketDocumentContentServer$SocketDocumentContentWorker.run(SocketDocumentContentServer.java:442)
	at java.lang.Thread.run(Thread.java:595)
There are errors in run().
com.topcoder.service.studio.contest.documentcontentservers.InvalidRequestException: Unrecognized request type: 0
	at com.topcoder.service.studio.contest.documentcontentservers.SocketDocumentContentServer$SocketDocumentContentWorker.processData(SocketDocumentContentServer.java:571)
	at com.topcoder.service.studio.contest.documentcontentservers.SocketDocumentContentServer$SocketDocumentContentWorker.run(SocketDocumentContentServer.java:442)
	at java.lang.Thread.run(Thread.java:595)
There are errors in run().
com.topcoder.service.studio.contest.documentcontentservers.InvalidRequestException: Unrecognized request type: 0
	at com.topcoder.service.studio.contest.documentcontentservers.SocketDocumentContentServer$SocketDocumentContentWorker.processData(SocketDocumentContentServer.java:571)
	at com.topcoder.service.studio.contest.documentcontentservers.SocketDocumentContentServer$SocketDocumentContentWorker.run(SocketDocumentContentServer.java:442)
	at java.lang.Thread.run(Thread.java:595)
There are errors in run().
com.topcoder.service.studio.contest.documentcontentservers.InvalidRequestException: Unrecognized request type: 0
	at com.topcoder.service.studio.contest.documentcontentservers.SocketDocumentContentServer$SocketDocumentContentWorker.processData(SocketDocumentContentServer.java:571)
	at com.topcoder.service.studio.contest.documentcontentservers.SocketDocumentContentServer$SocketDocumentContentWorker.run(SocketDocumentContentServer.java:442)
	at java.lang.Thread.run(Thread.java:595)
There are errors in run().
com.topcoder.service.studio.contest.documentcontentservers.InvalidRequestException: Unrecognized request type: 0
	at com.topcoder.service.studio.contest.documentcontentservers.SocketDocumentContentServer$SocketDocumentContentWorker.processData(SocketDocumentContentServer.java:571)
	at com.topcoder.service.studio.contest.documentcontentservers.SocketDocumentContentServer$SocketDocumentContentWorker.run(SocketDocumentContentServer.java:442)
	at java.lang.Thread.run(Thread.java:595)
There are errors in run().
com.topcoder.service.studio.contest.documentcontentservers.InvalidRequestException: Unrecognized request type: 0
	at com.topcoder.service.studio.contest.documentcontentservers.SocketDocumentContentServer$SocketDocumentContentWorker.processData(SocketDocumentContentServer.java:571)
	at com.topcoder.service.studio.contest.documentcontentservers.SocketDocumentContentServer$SocketDocumentContentWorker.run(SocketDocumentContentServer.java:442)
	at java.lang.Thread.run(Thread.java:595)
There are errors in run().
com.topcoder.service.studio.contest.documentcontentservers.InvalidRequestException: Unrecognized request type: 0
	at com.topcoder.service.studio.contest.documentcontentservers.SocketDocumentContentServer$SocketDocumentContentWorker.processData(SocketDocumentContentServer.java:571)
	at com.topcoder.service.studio.contest.documentcontentservers.SocketDocumentContentServer$SocketDocumentContentWorker.run(SocketDocumentContentServer.java:442)
	at java.lang.Thread.run(Thread.java:595)
There are errors in run().
com.topcoder.service.studio.contest.documentcontentservers.InvalidRequestException: Unrecognized request type: 0
	at com.topcoder.service.studio.contest.documentcontentservers.SocketDocumentContentServer$SocketDocumentContentWorker.processData(SocketDocumentContentServer.java:571)
	at com.topcoder.service.studio.contest.documentcontentservers.SocketDocumentContentServer$SocketDocumentContentWorker.run(SocketDocumentContentServer.java:442)
	at java.lang.Thread.run(Thread.java:595)
There are errors in run().
com.topcoder.service.studio.contest.documentcontentservers.InvalidRequestException: Unrecognized request type: 0
	at com.topcoder.service.studio.contest.documentcontentservers.SocketDocumentContentServer$SocketDocumentContentWorker.processData(SocketDocumentContentServer.java:571)
	at com.topcoder.service.studio.contest.documentcontentservers.SocketDocumentContentServer$SocketDocumentContentWorker.run(SocketDocumentContentServer.java:442)
	at java.lang.Thread.run(Thread.java:595)
There are errors in run().
com.topcoder.service.studio.contest.documentcontentservers.InvalidRequestException: Unrecognized request type: 0
	at com.topcoder.service.studio.contest.documentcontentservers.SocketDocumentContentServer$SocketDocumentContentWorker.processData(SocketDocumentContentServer.java:571)
	at com.topcoder.service.studio.contest.documentcontentservers.SocketDocumentContentServer$SocketDocumentContentWorker.run(SocketDocumentContentServer.java:442)
	at java.lang.Thread.run(Thread.java:595)
There are errors in run().
com.topcoder.service.studio.contest.documentcontentservers.InvalidRequestException: Unrecognized request type: 0
	at com.topcoder.service.studio.contest.documentcontentservers.SocketDocumentContentServer$SocketDocumentContentWorker.processData(SocketDocumentContentServer.java:571)
	at com.topcoder.service.studio.contest.documentcontentservers.SocketDocumentContentServer$SocketDocumentContentWorker.run(SocketDocumentContentServer.java:442)
	at java.lang.Thread.run(Thread.java:595)
There are errors in run().
com.topcoder.service.studio.contest.documentcontentservers.InvalidRequestException: Unrecognized request type: 0
	at com.topcoder.service.studio.contest.documentcontentservers.SocketDocumentContentServer$SocketDocumentContentWorker.processData(SocketDocumentContentServer.java:571)
	at com.topcoder.service.studio.contest.documentcontentservers.SocketDocumentContentServer$SocketDocumentContentWorker.run(SocketDocumentContentServer.java:442)
	at java.lang.Thread.run(Thread.java:595)
There are errors in run().
com.topcoder.service.studio.contest.documentcontentservers.InvalidRequestException: Unrecognized request type: 0
	at com.topcoder.service.studio.contest.documentcontentservers.SocketDocumentContentServer$SocketDocumentContentWorker.processData(SocketDocumentContentServer.java:571)
	at com.topcoder.service.studio.contest.documentcontentservers.SocketDocumentContentServer$SocketDocumentContentWorker.run(SocketDocumentContentServer.java:442)
	at java.lang.Thread.run(Thread.java:595)
There are errors in run().
com.topcoder.service.studio.contest.documentcontentservers.InvalidRequestException: Unrecognized request type: 0
	at com.topcoder.service.studio.contest.documentcontentservers.SocketDocumentContentServer$SocketDocumentContentWorker.processData(SocketDocumentContentServer.java:571)
	at com.topcoder.service.studio.contest.documentcontentservers.SocketDocumentContentServer$SocketDocumentContentWorker.run(SocketDocumentContentServer.java:442)
	at java.lang.Thread.run(Thread.java:595)
There are errors in run().
com.topcoder.service.studio.contest.documentcontentservers.InvalidRequestException: Unrecognized request type: 0
	at com.topcoder.service.studio.contest.documentcontentservers.SocketDocumentContentServer$SocketDocumentContentWorker.processData(SocketDocumentContentServer.java:571)
	at com.topcoder.service.studio.contest.documentcontentservers.SocketDocumentContentServer$SocketDocumentContentWorker.run(SocketDocumentContentServer.java:442)
	at java.lang.Thread.run(Thread.java:595)
There are errors in run().
com.topcoder.service.studio.contest.documentcontentservers.InvalidRequestException: Unrecognized request type: 0
	at com.topcoder.service.studio.contest.documentcontentservers.SocketDocumentContentServer$SocketDocumentContentWorker.processData(SocketDocumentContentServer.java:571)
	at com.topcoder.service.studio.contest.documentcontentservers.SocketDocumentContentServer$SocketDocumentContentWorker.run(SocketDocumentContentServer.java:442)
	at java.lang.Thread.run(Thread.java:595)
There are errors in run().
com.topcoder.service.studio.contest.documentcontentservers.InvalidRequestException: Unrecognized request type: 0
	at com.topcoder.service.studio.contest.documentcontentservers.SocketDocumentContentServer$SocketDocumentContentWorker.processData(SocketDocumentContentServer.java:571)
	at com.topcoder.service.studio.contest.documentcontentservers.SocketDocumentContentServer$SocketDocumentContentWorker.run(SocketDocumentContentServer.java:442)
	at java.lang.Thread.run(Thread.java:595)
There are errors in run().
com.topcoder.service.studio.contest.documentcontentservers.InvalidRequestException: Unrecognized request type: 0
	at com.topcoder.service.studio.contest.documentcontentservers.SocketDocumentContentServer$SocketDocumentContentWorker.processData(SocketDocumentContentServer.java:571)
	at com.topcoder.service.studio.contest.documentcontentservers.SocketDocumentContentServer$SocketDocumentContentWorker.run(SocketDocumentContentServer.java:442)
	at java.lang.Thread.run(Thread.java:595)
There are errors in run().
com.topcoder.service.studio.contest.documentcontentservers.InvalidRequestException: Unrecognized request type: 0
	at com.topcoder.service.studio.contest.documentcontentservers.SocketDocumentContentServer$SocketDocumentContentWorker.processData(SocketDocumentContentServer.java:571)
	at com.topcoder.service.studio.contest.documentcontentservers.SocketDocumentContentServer$SocketDocumentContentWorker.run(SocketDocumentContentServer.java:442)
	at java.lang.Thread.run(Thread.java:595)
There are errors in run().
com.topcoder.service.studio.contest.documentcontentservers.InvalidRequestException: Unrecognized request type: 0
	at com.topcoder.service.studio.contest.documentcontentservers.SocketDocumentContentServer$SocketDocumentContentWorker.processData(SocketDocumentContentServer.java:571)
	at com.topcoder.service.studio.contest.documentcontentservers.SocketDocumentContentServer$SocketDocumentContentWorker.run(SocketDocumentContentServer.java:442)
	at java.lang.Thread.run(Thread.java:595)
There are errors in run().
com.topcoder.service.studio.contest.documentcontentservers.InvalidRequestException: Unrecognized request type: 0
	at com.topcoder.service.studio.contest.documentcontentservers.SocketDocumentContentServer$SocketDocumentContentWorker.processData(SocketDocumentContentServer.java:571)
	at com.topcoder.service.studio.contest.documentcontentservers.SocketDocumentContentServer$SocketDocumentContentWorker.run(SocketDocumentContentServer.java:442)
	at java.lang.Thread.run(Thread.java:595)
There are errors in run().
com.topcoder.service.studio.contest.documentcontentservers.InvalidRequestException: Unrecognized request type: 0
	at com.topcoder.service.studio.contest.documentcontentservers.SocketDocumentContentServer$SocketDocumentContentWorker.processData(SocketDocumentContentServer.java:571)
	at com.topcoder.service.studio.contest.documentcontentservers.SocketDocumentContentServer$SocketDocumentContentWorker.run(SocketDocumentContentServer.java:442)
	at java.lang.Thread.run(Thread.java:595)
There are errors in run().
com.topcoder.service.studio.contest.documentcontentservers.InvalidRequestException: Unrecognized request type: 0
	at com.topcoder.service.studio.contest.documentcontentservers.SocketDocumentContentServer$SocketDocumentContentWorker.processData(SocketDocumentContentServer.java:571)
	at com.topcoder.service.studio.contest.documentcontentservers.SocketDocumentContentServer$SocketDocumentContentWorker.run(SocketDocumentContentServer.java:442)
	at java.lang.Thread.run(Thread.java:595)
There are errors in run().
com.topcoder.service.studio.contest.documentcontentservers.InvalidRequestException: Unrecognized request type: 0
	at com.topcoder.service.studio.contest.documentcontentservers.SocketDocumentContentServer$SocketDocumentContentWorker.processData(SocketDocumentContentServer.java:571)
	at com.topcoder.service.studio.contest.documentcontentservers.SocketDocumentContentServer$SocketDocumentContentWorker.run(SocketDocumentContentServer.java:442)
	at java.lang.Thread.run(Thread.java:595)
There are errors in run().
com.topcoder.service.studio.contest.documentcontentservers.InvalidRequestException: Unrecognized request type: 0
	at com.topcoder.service.studio.contest.documentcontentservers.SocketDocumentContentServer$SocketDocumentContentWorker.processData(SocketDocumentContentServer.java:571)
	at com.topcoder.service.studio.contest.documentcontentservers.SocketDocumentContentServer$SocketDocumentContentWorker.run(SocketDocumentContentServer.java:442)
	at java.lang.Thread.run(Thread.java:595)
There are errors in run().
com.topcoder.service.studio.contest.documentcontentservers.InvalidRequestException: Unrecognized request type: 0
	at com.topcoder.service.studio.contest.documentcontentservers.SocketDocumentContentServer$SocketDocumentContentWorker.processData(SocketDocumentContentServer.java:571)
	at com.topcoder.service.studio.contest.documentcontentservers.SocketDocumentContentServer$SocketDocumentContentWorker.run(SocketDocumentContentServer.java:442)
	at java.lang.Thread.run(Thread.java:595)
There are errors in run().
com.topcoder.service.studio.contest.documentcontentservers.InvalidRequestException: Unrecognized request type: 0
	at com.topcoder.service.studio.contest.documentcontentservers.SocketDocumentContentServer$SocketDocumentContentWorker.processData(SocketDocumentContentServer.java:571)
	at com.topcoder.service.studio.contest.documentcontentservers.SocketDocumentContentServer$SocketDocumentContentWorker.run(SocketDocumentContentServer.java:442)
	at java.lang.Thread.run(Thread.java:595)
There are errors in run().
com.topcoder.service.studio.contest.documentcontentservers.InvalidRequestException: Unrecognized request type: 0
	at com.topcoder.service.studio.contest.documentcontentservers.SocketDocumentContentServer$SocketDocumentContentWorker.processData(SocketDocumentContentServer.java:571)
	at com.topcoder.service.studio.contest.documentcontentservers.SocketDocumentContentServer$SocketDocumentContentWorker.run(SocketDocumentContentServer.java:442)
	at java.lang.Thread.run(Thread.java:595)
There are errors in run().
com.topcoder.service.studio.contest.documentcontentservers.InvalidRequestException: Unrecognized request type: 0
	at com.topcoder.service.studio.contest.documentcontentservers.SocketDocumentContentServer$SocketDocumentContentWorker.processData(SocketDocumentContentServer.java:571)
	at com.topcoder.service.studio.contest.documentcontentservers.SocketDocumentContentServer$SocketDocumentContentWorker.run(SocketDocumentContentServer.java:442)
	at java.lang.Thread.run(Thread.java:595)
There are errors in run().
com.topcoder.service.studio.contest.documentcontentservers.InvalidRequestException: Unrecognized request type: 0
	at com.topcoder.service.studio.contest.documentcontentservers.SocketDocumentContentServer$SocketDocumentContentWorker.processData(SocketDocumentContentServer.java:571)
	at com.topcoder.service.studio.contest.documentcontentservers.SocketDocumentContentServer$SocketDocumentContentWorker.run(SocketDocumentContentServer.java:442)
	at java.lang.Thread.run(Thread.java:595)
There are errors in run().
com.topcoder.service.studio.contest.documentcontentservers.InvalidRequestException: Unrecognized request type: 0
	at com.topcoder.service.studio.contest.documentcontentservers.SocketDocumentContentServer$SocketDocumentContentWorker.processData(SocketDocumentContentServer.java:571)
	at com.topcoder.service.studio.contest.documentcontentservers.SocketDocumentContentServer$SocketDocumentContentWorker.run(SocketDocumentContentServer.java:442)
	at java.lang.Thread.run(Thread.java:595)
There are errors in run().
com.topcoder.service.studio.contest.documentcontentservers.InvalidRequestException: Unrecognized request type: 0
	at com.topcoder.service.studio.contest.documentcontentservers.SocketDocumentContentServer$SocketDocumentContentWorker.processData(SocketDocumentContentServer.java:571)
	at com.topcoder.service.studio.contest.documentcontentservers.SocketDocumentContentServer$SocketDocumentContentWorker.run(SocketDocumentContentServer.java:442)
	at java.lang.Thread.run(Thread.java:595)
There are errors in run().
com.topcoder.service.studio.contest.documentcontentservers.InvalidRequestException: Unrecognized request type: 0
	at com.topcoder.service.studio.contest.documentcontentservers.SocketDocumentContentServer$SocketDocumentContentWorker.processData(SocketDocumentContentServer.java:571)
	at com.topcoder.service.studio.contest.documentcontentservers.SocketDocumentContentServer$SocketDocumentContentWorker.run(SocketDocumentContentServer.java:442)
	at java.lang.Thread.run(Thread.java:595)
There are errors in run().
com.topcoder.service.studio.contest.documentcontentservers.InvalidRequestException: Unrecognized request type: 0
	at com.topcoder.service.studio.contest.documentcontentservers.SocketDocumentContentServer$SocketDocumentContentWorker.processData(SocketDocumentContentServer.java:571)
	at com.topcoder.service.studio.contest.documentcontentservers.SocketDocumentContentServer$SocketDocumentContentWorker.run(SocketDocumentContentServer.java:442)
	at java.lang.Thread.run(Thread.java:595)
There are errors in run().
com.topcoder.service.studio.contest.documentcontentservers.InvalidRequestException: Unrecognized request type: 0
	at com.topcoder.service.studio.contest.documentcontentservers.SocketDocumentContentServer$SocketDocumentContentWorker.processData(SocketDocumentContentServer.java:571)
	at com.topcoder.service.studio.contest.documentcontentservers.SocketDocumentContentServer$SocketDocumentContentWorker.run(SocketDocumentContentServer.java:442)
	at java.lang.Thread.run(Thread.java:595)
There are errors in run().
com.topcoder.service.studio.contest.documentcontentservers.InvalidRequestException: Unrecognized request type: 0
	at com.topcoder.service.studio.contest.documentcontentservers.SocketDocumentContentServer$SocketDocumentContentWorker.processData(SocketDocumentContentServer.java:571)
	at com.topcoder.service.studio.contest.documentcontentservers.SocketDocumentContentServer$SocketDocumentContentWorker.run(SocketDocumentContentServer.java:442)
	at java.lang.Thread.run(Thread.java:595)
There are errors in run().
com.topcoder.service.studio.contest.documentcontentservers.InvalidRequestException: Unrecognized request type: 0
	at com.topcoder.service.studio.contest.documentcontentservers.SocketDocumentContentServer$SocketDocumentContentWorker.processData(SocketDocumentContentServer.java:571)
	at com.topcoder.service.studio.contest.documentcontentservers.SocketDocumentContentServer$SocketDocumentContentWorker.run(SocketDocumentContentServer.java:442)
	at java.lang.Thread.run(Thread.java:595)
There are errors in run().
com.topcoder.service.studio.contest.documentcontentservers.InvalidRequestException: Unrecognized request type: 0
	at com.topcoder.service.studio.contest.documentcontentservers.SocketDocumentContentServer$SocketDocumentContentWorker.processData(SocketDocumentContentServer.java:571)
	at com.topcoder.service.studio.contest.documentcontentservers.SocketDocumentContentServer$SocketDocumentContentWorker.run(SocketDocumentContentServer.java:442)
	at java.lang.Thread.run(Thread.java:595)
There are errors in run().
com.topcoder.service.studio.contest.documentcontentservers.InvalidRequestException: Unrecognized request type: 0
	at com.topcoder.service.studio.contest.documentcontentservers.SocketDocumentContentServer$SocketDocumentContentWorker.processData(SocketDocumentContentServer.java:571)
	at com.topcoder.service.studio.contest.documentcontentservers.SocketDocumentContentServer$SocketDocumentContentWorker.run(SocketDocumentContentServer.java:442)
	at java.lang.Thread.run(Thread.java:595)
There are errors in run().
com.topcoder.service.studio.contest.documentcontentservers.InvalidRequestException: Unrecognized request type: 0
	at com.topcoder.service.studio.contest.documentcontentservers.SocketDocumentContentServer$SocketDocumentContentWorker.processData(SocketDocumentContentServer.java:571)
	at com.topcoder.service.studio.contest.documentcontentservers.SocketDocumentContentServer$SocketDocumentContentWorker.run(SocketDocumentContentServer.java:442)
	at java.lang.Thread.run(Thread.java:595)
There are errors in run().
com.topcoder.service.studio.contest.documentcontentservers.InvalidRequestException: Unrecognized request type: 0
	at com.topcoder.service.studio.contest.documentcontentservers.SocketDocumentContentServer$SocketDocumentContentWorker.processData(SocketDocumentContentServer.java:571)
	at com.topcoder.service.studio.contest.documentcontentservers.SocketDocumentContentServer$SocketDocumentContentWorker.run(SocketDocumentContentServer.java:442)
	at java.lang.Thread.run(Thread.java:595)
There are errors in run().
com.topcoder.service.studio.contest.documentcontentservers.InvalidRequestException: Unrecognized request type: 0
	at com.topcoder.service.studio.contest.documentcontentservers.SocketDocumentContentServer$SocketDocumentContentWorker.processData(SocketDocumentContentServer.java:571)
	at com.topcoder.service.studio.contest.documentcontentservers.SocketDocumentContentServer$SocketDocumentContentWorker.run(SocketDocumentContentServer.java:442)
	at java.lang.Thread.run(Thread.java:595)
There are errors in run().
com.topcoder.service.studio.contest.documentcontentservers.InvalidRequestException: Unrecognized request type: 0
	at com.topcoder.service.studio.contest.documentcontentservers.SocketDocumentContentServer$SocketDocumentContentWorker.processData(SocketDocumentContentServer.java:571)
	at com.topcoder.service.studio.contest.documentcontentservers.SocketDocumentContentServer$SocketDocumentContentWorker.run(SocketDocumentContentServer.java:442)
	at java.lang.Thread.run(Thread.java:595)
There are errors in run().
com.topcoder.service.studio.contest.documentcontentservers.InvalidRequestException: Unrecognized request type: 0
	at com.topcoder.service.studio.contest.documentcontentservers.SocketDocumentContentServer$SocketDocumentContentWorker.processData(SocketDocumentContentServer.java:571)
	at com.topcoder.service.studio.contest.documentcontentservers.SocketDocumentContentServer$SocketDocumentContentWorker.run(SocketDocumentContentServer.java:442)
	at java.lang.Thread.run(Thread.java:595)
There are errors in run().
com.topcoder.service.studio.contest.documentcontentservers.InvalidRequestException: Unrecognized request type: 0
	at com.topcoder.service.studio.contest.documentcontentservers.SocketDocumentContentServer$SocketDocumentContentWorker.processData(SocketDocumentContentServer.java:571)
	at com.topcoder.service.studio.contest.documentcontentservers.SocketDocumentContentServer$SocketDocumentContentWorker.run(SocketDocumentContentServer.java:442)
	at java.lang.Thread.run(Thread.java:595)
There are errors in run().
com.topcoder.service.studio.contest.documentcontentservers.InvalidRequestException: Unrecognized request type: 0
	at com.topcoder.service.studio.contest.documentcontentservers.SocketDocumentContentServer$SocketDocumentContentWorker.processData(SocketDocumentContentServer.java:571)
	at com.topcoder.service.studio.contest.documentcontentservers.SocketDocumentContentServer$SocketDocumentContentWorker.run(SocketDocumentContentServer.java:442)
	at java.lang.Thread.run(Thread.java:595)
There are errors in run().
com.topcoder.service.studio.contest.documentcontentservers.InvalidRequestException: Unrecognized request type: 0
	at com.topcoder.service.studio.contest.documentcontentservers.SocketDocumentContentServer$SocketDocumentContentWorker.processData(SocketDocumentContentServer.java:571)
	at com.topcoder.service.studio.contest.documentcontentservers.SocketDocumentContentServer$SocketDocumentContentWorker.run(SocketDocumentContentServer.java:442)
	at java.lang.Thread.run(Thread.java:595)
There are errors in run().
[08-4-11 下午10:16: Enter method stop()]
[08-4-11 下午10:16: Exit method stop()]
com.topcoder.service.studio.contest.documentcontentservers.InvalidRequestException: Unrecognized request type: 0
	at com.topcoder.service.studio.contest.documentcontentservers.SocketDocumentContentServer$SocketDocumentContentWorker.processData(SocketDocumentContentServer.java:571)
	at com.topcoder.service.studio.contest.documentcontentservers.SocketDocumentContentServer$SocketDocumentContentWorker.run(SocketDocumentContentServer.java:442)
	at java.lang.Thread.run(Thread.java:595)
There are io errors while written the error message.
java.io.IOException: An established connection was aborted by the software in your host machine
	at sun.nio.ch.SocketDispatcher.write0(Native Method)
	at sun.nio.ch.SocketDispatcher.write(SocketDispatcher.java:33)
	at sun.nio.ch.IOUtil.writeFromNativeBuffer(IOUtil.java:104)
	at sun.nio.ch.IOUtil.write(IOUtil.java:75)
	at sun.nio.ch.SocketChannelImpl.write(SocketChannelImpl.java:302)
	at com.topcoder.service.studio.contest.documentcontentservers.SocketDocumentContentServer$SocketDocumentContentWorker.processException(SocketDocumentContentServer.java:498)
	at com.topcoder.service.studio.contest.documentcontentservers.SocketDocumentContentServer$SocketDocumentContentWorker.run(SocketDocumentContentServer.java:448)
	at java.lang.Thread.run(Thread.java:595)
[08-4-11 下午10:16: Enter method stop()]
[08-4-11 下午10:16: Exit method stop()]
[08-4-11 下午10:16: Enter method stop()]
[08-4-11 下午10:16: Exit method stop()]
[08-4-11 下午10:16: Enter method stop()]
[08-4-11 下午10:16: Exit method stop()]
[08-4-11 下午10:16: Enter method stop()]
[08-4-11 下午10:16: Exit method stop()]
[08-4-11 下午10:16: Enter method stop()]
[08-4-11 下午10:16: Exit method stop()]
[08-4-11 下午10:16: Enter method stop()]
[08-4-11 下午10:16: Exit method stop()]
[08-4-11 下午10:16: Enter method stop()]
[08-4-11 下午10:16: Exit method stop()]
[08-4-11 下午10:16: Enter method stop()]
[08-4-11 下午10:16: Exit method stop()]
[08-4-11 下午10:16: Enter method stop()]
[08-4-11 下午10:16: Exit method stop()]
[08-4-11 下午10:16: Enter method stop()]
[08-4-11 下午10:16: Exit method stop()]
[08-4-11 下午10:16: Enter method stop()]
[08-4-11 下午10:16: Exit method stop()]
[08-4-11 下午10:16: Enter method stop()]
[08-4-11 下午10:16: Exit method stop()]
[08-4-11 下午10:16: Enter method stop()]
[08-4-11 下午10:16: Exit method stop()]
[08-4-11 下午10:16: Enter method stop()]
[08-4-11 下午10:16: Exit method stop()]
[08-4-11 下午10:16: Enter method stop()]
[08-4-11 下午10:16: Exit method stop()]
[08-4-11 下午10:16: Enter method stop()]
[08-4-11 下午10:16: Exit method stop()]
[08-4-11 下午10:16: Enter method start()]
[08-4-11 下午10:16: Exit method Start()]
There are errors in run().
java.io.FileNotFoundException: D:\Topcoder\review\Studio_Contest_Manager_1.0_dev_dist\test_files (Access is denied)
	at java.io.FileOutputStream.open(Native Method)
	at java.io.FileOutputStream.<init>(FileOutputStream.java:179)
	at java.io.FileOutputStream.<init>(FileOutputStream.java:70)
	at com.topcoder.service.studio.contest.documentcontentservers.SocketDocumentContentServer$SocketDocumentContentWorker.saveDocumentContent(SocketDocumentContentServer.java:615)
	at com.topcoder.service.studio.contest.documentcontentservers.SocketDocumentContentServer$SocketDocumentContentWorker.processData(SocketDocumentContentServer.java:564)
	at com.topcoder.service.studio.contest.documentcontentservers.SocketDocumentContentServer$SocketDocumentContentWorker.run(SocketDocumentContentServer.java:442)
	at java.lang.Thread.run(Thread.java:595)
There are errors in run().
com.topcoder.service.studio.contest.documentcontentservers.InvalidRequestException: Unrecognized request type: 0
	at com.topcoder.service.studio.contest.documentcontentservers.SocketDocumentContentServer$SocketDocumentContentWorker.processData(SocketDocumentContentServer.java:571)
	at com.topcoder.service.studio.contest.documentcontentservers.SocketDocumentContentServer$SocketDocumentContentWorker.run(SocketDocumentContentServer.java:442)
	at java.lang.Thread.run(Thread.java:595)
There are errors in run().
com.topcoder.service.studio.contest.documentcontentservers.InvalidRequestException: Unrecognized request type: 0
	at com.topcoder.service.studio.contest.documentcontentservers.SocketDocumentContentServer$SocketDocumentContentWorker.processData(SocketDocumentContentServer.java:571)
	at com.topcoder.service.studio.contest.documentcontentservers.SocketDocumentContentServer$SocketDocumentContentWorker.run(SocketDocumentContentServer.java:442)
	at java.lang.Thread.run(Thread.java:595)
There are errors in run().
com.topcoder.service.studio.contest.documentcontentservers.InvalidRequestException: Unrecognized request type: 0
	at com.topcoder.service.studio.contest.documentcontentservers.SocketDocumentContentServer$SocketDocumentContentWorker.processData(SocketDocumentContentServer.java:571)
	at com.topcoder.service.studio.contest.documentcontentservers.SocketDocumentContentServer$SocketDocumentContentWorker.run(SocketDocumentContentServer.java:442)
	at java.lang.Thread.run(Thread.java:595)
There are errors in run().
com.topcoder.service.studio.contest.documentcontentservers.InvalidRequestException: Unrecognized request type: 0
	at com.topcoder.service.studio.contest.documentcontentservers.SocketDocumentContentServer$SocketDocumentContentWorker.processData(SocketDocumentContentServer.java:571)
	at com.topcoder.service.studio.contest.documentcontentservers.SocketDocumentContentServer$SocketDocumentContentWorker.run(SocketDocumentContentServer.java:442)
	at java.lang.Thread.run(Thread.java:595)
There are errors in run().
com.topcoder.service.studio.contest.documentcontentservers.InvalidRequestException: Unrecognized request type: 0
	at com.topcoder.service.studio.contest.documentcontentservers.SocketDocumentContentServer$SocketDocumentContentWorker.processData(SocketDocumentContentServer.java:571)
	at com.topcoder.service.studio.contest.documentcontentservers.SocketDocumentContentServer$SocketDocumentContentWorker.run(SocketDocumentContentServer.java:442)
	at java.lang.Thread.run(Thread.java:595)
There are errors in run().
com.topcoder.service.studio.contest.documentcontentservers.InvalidRequestException: Unrecognized request type: 0
	at com.topcoder.service.studio.contest.documentcontentservers.SocketDocumentContentServer$SocketDocumentContentWorker.processData(SocketDocumentContentServer.java:571)
	at com.topcoder.service.studio.contest.documentcontentservers.SocketDocumentContentServer$SocketDocumentContentWorker.run(SocketDocumentContentServer.java:442)
	at java.lang.Thread.run(Thread.java:595)
There are errors in run().
com.topcoder.service.studio.contest.documentcontentservers.InvalidRequestException: Unrecognized request type: 0
	at com.topcoder.service.studio.contest.documentcontentservers.SocketDocumentContentServer$SocketDocumentContentWorker.processData(SocketDocumentContentServer.java:571)
	at com.topcoder.service.studio.contest.documentcontentservers.SocketDocumentContentServer$SocketDocumentContentWorker.run(SocketDocumentContentServer.java:442)
	at java.lang.Thread.run(Thread.java:595)
There are errors in run().
com.topcoder.service.studio.contest.documentcontentservers.InvalidRequestException: Unrecognized request type: 0
	at com.topcoder.service.studio.contest.documentcontentservers.SocketDocumentContentServer$SocketDocumentContentWorker.processData(SocketDocumentContentServer.java:571)
	at com.topcoder.service.studio.contest.documentcontentservers.SocketDocumentContentServer$SocketDocumentContentWorker.run(SocketDocumentContentServer.java:442)
	at java.lang.Thread.run(Thread.java:595)
There are errors in run().
com.topcoder.service.studio.contest.documentcontentservers.InvalidRequestException: Unrecognized request type: 0
	at com.topcoder.service.studio.contest.documentcontentservers.SocketDocumentContentServer$SocketDocumentContentWorker.processData(SocketDocumentContentServer.java:571)
	at com.topcoder.service.studio.contest.documentcontentservers.SocketDocumentContentServer$SocketDocumentContentWorker.run(SocketDocumentContentServer.java:442)
	at java.lang.Thread.run(Thread.java:595)
There are errors in run().
com.topcoder.service.studio.contest.documentcontentservers.InvalidRequestException: Unrecognized request type: 0
	at com.topcoder.service.studio.contest.documentcontentservers.SocketDocumentContentServer$SocketDocumentContentWorker.processData(SocketDocumentContentServer.java:571)
	at com.topcoder.service.studio.contest.documentcontentservers.SocketDocumentContentServer$SocketDocumentContentWorker.run(SocketDocumentContentServer.java:442)
	at java.lang.Thread.run(Thread.java:595)
There are errors in run().
com.topcoder.service.studio.contest.documentcontentservers.InvalidRequestException: Unrecognized request type: 0
	at com.topcoder.service.studio.contest.documentcontentservers.SocketDocumentContentServer$SocketDocumentContentWorker.processData(SocketDocumentContentServer.java:571)
	at com.topcoder.service.studio.contest.documentcontentservers.SocketDocumentContentServer$SocketDocumentContentWorker.run(SocketDocumentContentServer.java:442)
	at java.lang.Thread.run(Thread.java:595)
There are errors in run().
com.topcoder.service.studio.contest.documentcontentservers.InvalidRequestException: Unrecognized request type: 0
	at com.topcoder.service.studio.contest.documentcontentservers.SocketDocumentContentServer$SocketDocumentContentWorker.processData(SocketDocumentContentServer.java:571)
	at com.topcoder.service.studio.contest.documentcontentservers.SocketDocumentContentServer$SocketDocumentContentWorker.run(SocketDocumentContentServer.java:442)
	at java.lang.Thread.run(Thread.java:595)
There are errors in run().
com.topcoder.service.studio.contest.documentcontentservers.InvalidRequestException: Unrecognized request type: 0
	at com.topcoder.service.studio.contest.documentcontentservers.SocketDocumentContentServer$SocketDocumentContentWorker.processData(SocketDocumentContentServer.java:571)
	at com.topcoder.service.studio.contest.documentcontentservers.SocketDocumentContentServer$SocketDocumentContentWorker.run(SocketDocumentContentServer.java:442)
	at java.lang.Thread.run(Thread.java:595)
There are errors in run().
com.topcoder.service.studio.contest.documentcontentservers.InvalidRequestException: Unrecognized request type: 0
	at com.topcoder.service.studio.contest.documentcontentservers.SocketDocumentContentServer$SocketDocumentContentWorker.processData(SocketDocumentContentServer.java:571)
	at com.topcoder.service.studio.contest.documentcontentservers.SocketDocumentContentServer$SocketDocumentContentWorker.run(SocketDocumentContentServer.java:442)
	at java.lang.Thread.run(Thread.java:595)
There are errors in run().
com.topcoder.service.studio.contest.documentcontentservers.InvalidRequestException: Unrecognized request type: 0
	at com.topcoder.service.studio.contest.documentcontentservers.SocketDocumentContentServer$SocketDocumentContentWorker.processData(SocketDocumentContentServer.java:571)
	at com.topcoder.service.studio.contest.documentcontentservers.SocketDocumentContentServer$SocketDocumentContentWorker.run(SocketDocumentContentServer.java:442)
	at java.lang.Thread.run(Thread.java:595)
There are errors in run().
com.topcoder.service.studio.contest.documentcontentservers.InvalidRequestException: Unrecognized request type: 0
	at com.topcoder.service.studio.contest.documentcontentservers.SocketDocumentContentServer$SocketDocumentContentWorker.processData(SocketDocumentContentServer.java:571)
	at com.topcoder.service.studio.contest.documentcontentservers.SocketDocumentContentServer$SocketDocumentContentWorker.run(SocketDocumentContentServer.java:442)
	at java.lang.Thread.run(Thread.java:595)
There are errors in run().
com.topcoder.service.studio.contest.documentcontentservers.InvalidRequestException: Unrecognized request type: 0
	at com.topcoder.service.studio.contest.documentcontentservers.SocketDocumentContentServer$SocketDocumentContentWorker.processData(SocketDocumentContentServer.java:571)
	at com.topcoder.service.studio.contest.documentcontentservers.SocketDocumentContentServer$SocketDocumentContentWorker.run(SocketDocumentContentServer.java:442)
	at java.lang.Thread.run(Thread.java:595)
There are errors in run().
com.topcoder.service.studio.contest.documentcontentservers.InvalidRequestException: Unrecognized request type: 0
	at com.topcoder.service.studio.contest.documentcontentservers.SocketDocumentContentServer$SocketDocumentContentWorker.processData(SocketDocumentContentServer.java:571)
	at com.topcoder.service.studio.contest.documentcontentservers.SocketDocumentContentServer$SocketDocumentContentWorker.run(SocketDocumentContentServer.java:442)
	at java.lang.Thread.run(Thread.java:595)
There are errors in run().
com.topcoder.service.studio.contest.documentcontentservers.InvalidRequestException: Unrecognized request type: 0
	at com.topcoder.service.studio.contest.documentcontentservers.SocketDocumentContentServer$SocketDocumentContentWorker.processData(SocketDocumentContentServer.java:571)
	at com.topcoder.service.studio.contest.documentcontentservers.SocketDocumentContentServer$SocketDocumentContentWorker.run(SocketDocumentContentServer.java:442)
	at java.lang.Thread.run(Thread.java:595)
There are errors in run().
com.topcoder.service.studio.contest.documentcontentservers.InvalidRequestException: Unrecognized request type: 0
	at com.topcoder.service.studio.contest.documentcontentservers.SocketDocumentContentServer$SocketDocumentContentWorker.processData(SocketDocumentContentServer.java:571)
	at com.topcoder.service.studio.contest.documentcontentservers.SocketDocumentContentServer$SocketDocumentContentWorker.run(SocketDocumentContentServer.java:442)
	at java.lang.Thread.run(Thread.java:595)
There are errors in run().
com.topcoder.service.studio.contest.documentcontentservers.InvalidRequestException: Unrecognized request type: 0
	at com.topcoder.service.studio.contest.documentcontentservers.SocketDocumentContentServer$SocketDocumentContentWorker.processData(SocketDocumentContentServer.java:571)
	at com.topcoder.service.studio.contest.documentcontentservers.SocketDocumentContentServer$SocketDocumentContentWorker.run(SocketDocumentContentServer.java:442)
	at java.lang.Thread.run(Thread.java:595)
There are errors in run().
com.topcoder.service.studio.contest.documentcontentservers.InvalidRequestException: Unrecognized request type: 0
	at com.topcoder.service.studio.contest.documentcontentservers.SocketDocumentContentServer$SocketDocumentContentWorker.processData(SocketDocumentContentServer.java:571)
	at com.topcoder.service.studio.contest.documentcontentservers.SocketDocumentContentServer$SocketDocumentContentWorker.run(SocketDocumentContentServer.java:442)
	at java.lang.Thread.run(Thread.java:595)
There are errors in run().
com.topcoder.service.studio.contest.documentcontentservers.InvalidRequestException: Unrecognized request type: 0
	at com.topcoder.service.studio.contest.documentcontentservers.SocketDocumentContentServer$SocketDocumentContentWorker.processData(SocketDocumentContentServer.java:571)
	at com.topcoder.service.studio.contest.documentcontentservers.SocketDocumentContentServer$SocketDocumentContentWorker.run(SocketDocumentContentServer.java:442)
	at java.lang.Thread.run(Thread.java:595)
There are errors in run().
com.topcoder.service.studio.contest.documentcontentservers.InvalidRequestException: Unrecognized request type: 0
	at com.topcoder.service.studio.contest.documentcontentservers.SocketDocumentContentServer$SocketDocumentContentWorker.processData(SocketDocumentContentServer.java:571)
	at com.topcoder.service.studio.contest.documentcontentservers.SocketDocumentContentServer$SocketDocumentContentWorker.run(SocketDocumentContentServer.java:442)
	at java.lang.Thread.run(Thread.java:595)
There are errors in run().
com.topcoder.service.studio.contest.documentcontentservers.InvalidRequestException: Unrecognized request type: 0
	at com.topcoder.service.studio.contest.documentcontentservers.SocketDocumentContentServer$SocketDocumentContentWorker.processData(SocketDocumentContentServer.java:571)
	at com.topcoder.service.studio.contest.documentcontentservers.SocketDocumentContentServer$SocketDocumentContentWorker.run(SocketDocumentContentServer.java:442)
	at java.lang.Thread.run(Thread.java:595)
There are errors in run().
com.topcoder.service.studio.contest.documentcontentservers.InvalidRequestException: Unrecognized request type: 0
	at com.topcoder.service.studio.contest.documentcontentservers.SocketDocumentContentServer$SocketDocumentContentWorker.processData(SocketDocumentContentServer.java:571)
	at com.topcoder.service.studio.contest.documentcontentservers.SocketDocumentContentServer$SocketDocumentContentWorker.run(SocketDocumentContentServer.java:442)
	at java.lang.Thread.run(Thread.java:595)
There are errors in run().
com.topcoder.service.studio.contest.documentcontentservers.InvalidRequestException: Unrecognized request type: 0
	at com.topcoder.service.studio.contest.documentcontentservers.SocketDocumentContentServer$SocketDocumentContentWorker.processData(SocketDocumentContentServer.java:571)
	at com.topcoder.service.studio.contest.documentcontentservers.SocketDocumentContentServer$SocketDocumentContentWorker.run(SocketDocumentContentServer.java:442)
	at java.lang.Thread.run(Thread.java:595)
There are errors in run().
com.topcoder.service.studio.contest.documentcontentservers.InvalidRequestException: Unrecognized request type: 0
	at com.topcoder.service.studio.contest.documentcontentservers.SocketDocumentContentServer$SocketDocumentContentWorker.processData(SocketDocumentContentServer.java:571)
	at com.topcoder.service.studio.contest.documentcontentservers.SocketDocumentContentServer$SocketDocumentContentWorker.run(SocketDocumentContentServer.java:442)
	at java.lang.Thread.run(Thread.java:595)
There are errors in run().
com.topcoder.service.studio.contest.documentcontentservers.InvalidRequestException: Unrecognized request type: 0
	at com.topcoder.service.studio.contest.documentcontentservers.SocketDocumentContentServer$SocketDocumentContentWorker.processData(SocketDocumentContentServer.java:571)
	at com.topcoder.service.studio.contest.documentcontentservers.SocketDocumentContentServer$SocketDocumentContentWorker.run(SocketDocumentContentServer.java:442)
	at java.lang.Thread.run(Thread.java:595)
There are errors in run().
com.topcoder.service.studio.contest.documentcontentservers.InvalidRequestException: Unrecognized request type: 0
	at com.topcoder.service.studio.contest.documentcontentservers.SocketDocumentContentServer$SocketDocumentContentWorker.processData(SocketDocumentContentServer.java:571)
	at com.topcoder.service.studio.contest.documentcontentservers.SocketDocumentContentServer$SocketDocumentContentWorker.run(SocketDocumentContentServer.java:442)
	at java.lang.Thread.run(Thread.java:595)
There are errors in run().
com.topcoder.service.studio.contest.documentcontentservers.InvalidRequestException: Unrecognized request type: 0
	at com.topcoder.service.studio.contest.documentcontentservers.SocketDocumentContentServer$SocketDocumentContentWorker.processData(SocketDocumentContentServer.java:571)
	at com.topcoder.service.studio.contest.documentcontentservers.SocketDocumentContentServer$SocketDocumentContentWorker.run(SocketDocumentContentServer.java:442)
	at java.lang.Thread.run(Thread.java:595)
There are errors in run().
com.topcoder.service.studio.contest.documentcontentservers.InvalidRequestException: Unrecognized request type: 0
	at com.topcoder.service.studio.contest.documentcontentservers.SocketDocumentContentServer$SocketDocumentContentWorker.processData(SocketDocumentContentServer.java:571)
	at com.topcoder.service.studio.contest.documentcontentservers.SocketDocumentContentServer$SocketDocumentContentWorker.run(SocketDocumentContentServer.java:442)
	at java.lang.Thread.run(Thread.java:595)
There are errors in run().
com.topcoder.service.studio.contest.documentcontentservers.InvalidRequestException: Unrecognized request type: 0
	at com.topcoder.service.studio.contest.documentcontentservers.SocketDocumentContentServer$SocketDocumentContentWorker.processData(SocketDocumentContentServer.java:571)
	at com.topcoder.service.studio.contest.documentcontentservers.SocketDocumentContentServer$SocketDocumentContentWorker.run(SocketDocumentContentServer.java:442)
	at java.lang.Thread.run(Thread.java:595)
There are errors in run().
com.topcoder.service.studio.contest.documentcontentservers.InvalidRequestException: Unrecognized request type: 0
	at com.topcoder.service.studio.contest.documentcontentservers.SocketDocumentContentServer$SocketDocumentContentWorker.processData(SocketDocumentContentServer.java:571)
	at com.topcoder.service.studio.contest.documentcontentservers.SocketDocumentContentServer$SocketDocumentContentWorker.run(SocketDocumentContentServer.java:442)
	at java.lang.Thread.run(Thread.java:595)
There are errors in run().
com.topcoder.service.studio.contest.documentcontentservers.InvalidRequestException: Unrecognized request type: 0
	at com.topcoder.service.studio.contest.documentcontentservers.SocketDocumentContentServer$SocketDocumentContentWorker.processData(SocketDocumentContentServer.java:571)
	at com.topcoder.service.studio.contest.documentcontentservers.SocketDocumentContentServer$SocketDocumentContentWorker.run(SocketDocumentContentServer.java:442)
	at java.lang.Thread.run(Thread.java:595)
There are errors in run().
com.topcoder.service.studio.contest.documentcontentservers.InvalidRequestException: Unrecognized request type: 0
	at com.topcoder.service.studio.contest.documentcontentservers.SocketDocumentContentServer$SocketDocumentContentWorker.processData(SocketDocumentContentServer.java:571)
	at com.topcoder.service.studio.contest.documentcontentservers.SocketDocumentContentServer$SocketDocumentContentWorker.run(SocketDocumentContentServer.java:442)
	at java.lang.Thread.run(Thread.java:595)
There are errors in run().
com.topcoder.service.studio.contest.documentcontentservers.InvalidRequestException: Unrecognized request type: 0
	at com.topcoder.service.studio.contest.documentcontentservers.SocketDocumentContentServer$SocketDocumentContentWorker.processData(SocketDocumentContentServer.java:571)
	at com.topcoder.service.studio.contest.documentcontentservers.SocketDocumentContentServer$SocketDocumentContentWorker.run(SocketDocumentContentServer.java:442)
	at java.lang.Thread.run(Thread.java:595)
There are errors in run().
com.topcoder.service.studio.contest.documentcontentservers.InvalidRequestException: Unrecognized request type: 0
	at com.topcoder.service.studio.contest.documentcontentservers.SocketDocumentContentServer$SocketDocumentContentWorker.processData(SocketDocumentContentServer.java:571)
	at com.topcoder.service.studio.contest.documentcontentservers.SocketDocumentContentServer$SocketDocumentContentWorker.run(SocketDocumentContentServer.java:442)
	at java.lang.Thread.run(Thread.java:595)
There are errors in run().
com.topcoder.service.studio.contest.documentcontentservers.InvalidRequestException: Unrecognized request type: 0
	at com.topcoder.service.studio.contest.documentcontentservers.SocketDocumentContentServer$SocketDocumentContentWorker.processData(SocketDocumentContentServer.java:571)
	at com.topcoder.service.studio.contest.documentcontentservers.SocketDocumentContentServer$SocketDocumentContentWorker.run(SocketDocumentContentServer.java:442)
	at java.lang.Thread.run(Thread.java:595)
There are errors in run().
com.topcoder.service.studio.contest.documentcontentservers.InvalidRequestException: Unrecognized request type: 0
	at com.topcoder.service.studio.contest.documentcontentservers.SocketDocumentContentServer$SocketDocumentContentWorker.processData(SocketDocumentContentServer.java:571)
	at com.topcoder.service.studio.contest.documentcontentservers.SocketDocumentContentServer$SocketDocumentContentWorker.run(SocketDocumentContentServer.java:442)
	at java.lang.Thread.run(Thread.java:595)
There are errors in run().
com.topcoder.service.studio.contest.documentcontentservers.InvalidRequestException: Unrecognized request type: 0
	at com.topcoder.service.studio.contest.documentcontentservers.SocketDocumentContentServer$SocketDocumentContentWorker.processData(SocketDocumentContentServer.java:571)
	at com.topcoder.service.studio.contest.documentcontentservers.SocketDocumentContentServer$SocketDocumentContentWorker.run(SocketDocumentContentServer.java:442)
	at java.lang.Thread.run(Thread.java:595)
There are errors in run().
com.topcoder.service.studio.contest.documentcontentservers.InvalidRequestException: Unrecognized request type: 0
	at com.topcoder.service.studio.contest.documentcontentservers.SocketDocumentContentServer$SocketDocumentContentWorker.processData(SocketDocumentContentServer.java:571)
	at com.topcoder.service.studio.contest.documentcontentservers.SocketDocumentContentServer$SocketDocumentContentWorker.run(SocketDocumentContentServer.java:442)
	at java.lang.Thread.run(Thread.java:595)
There are errors in run().
com.topcoder.service.studio.contest.documentcontentservers.InvalidRequestException: Unrecognized request type: 0
	at com.topcoder.service.studio.contest.documentcontentservers.SocketDocumentContentServer$SocketDocumentContentWorker.processData(SocketDocumentContentServer.java:571)
	at com.topcoder.service.studio.contest.documentcontentservers.SocketDocumentContentServer$SocketDocumentContentWorker.run(SocketDocumentContentServer.java:442)
	at java.lang.Thread.run(Thread.java:595)
There are errors in run().
com.topcoder.service.studio.contest.documentcontentservers.InvalidRequestException: Unrecognized request type: 0
	at com.topcoder.service.studio.contest.documentcontentservers.SocketDocumentContentServer$SocketDocumentContentWorker.processData(SocketDocumentContentServer.java:571)
	at com.topcoder.service.studio.contest.documentcontentservers.SocketDocumentContentServer$SocketDocumentContentWorker.run(SocketDocumentContentServer.java:442)
	at java.lang.Thread.run(Thread.java:595)
There are errors in run().
com.topcoder.service.studio.contest.documentcontentservers.InvalidRequestException: Unrecognized request type: 0
	at com.topcoder.service.studio.contest.documentcontentservers.SocketDocumentContentServer$SocketDocumentContentWorker.processData(SocketDocumentContentServer.java:571)
	at com.topcoder.service.studio.contest.documentcontentservers.SocketDocumentContentServer$SocketDocumentContentWorker.run(SocketDocumentContentServer.java:442)
	at java.lang.Thread.run(Thread.java:595)
[08-4-11 下午10:16: Enter method stop()]
[08-4-11 下午10:16: Exit method stop()]
There are errors in run().
com.topcoder.service.studio.contest.documentcontentservers.InvalidRequestException: Unrecognized request type: 0
	at com.topcoder.service.studio.contest.documentcontentservers.SocketDocumentContentServer$SocketDocumentContentWorker.processData(SocketDocumentContentServer.java:571)
	at com.topcoder.service.studio.contest.documentcontentservers.SocketDocumentContentServer$SocketDocumentContentWorker.run(SocketDocumentContentServer.java:442)
	at java.lang.Thread.run(Thread.java:595)
There are io errors while written the error message.
java.io.IOException: An established connection was aborted by the software in your host machine
	at sun.nio.ch.SocketDispatcher.write0(Native Method)
	at sun.nio.ch.SocketDispatcher.write(SocketDispatcher.java:33)
	at sun.nio.ch.IOUtil.writeFromNativeBuffer(IOUtil.java:104)
	at sun.nio.ch.IOUtil.write(IOUtil.java:75)
	at sun.nio.ch.SocketChannelImpl.write(SocketChannelImpl.java:302)
	at com.topcoder.service.studio.contest.documentcontentservers.SocketDocumentContentServer$SocketDocumentContentWorker.processException(SocketDocumentContentServer.java:498)
	at com.topcoder.service.studio.contest.documentcontentservers.SocketDocumentContentServer$SocketDocumentContentWorker.run(SocketDocumentContentServer.java:448)
	at java.lang.Thread.run(Thread.java:595)
[08-4-11 下午10:16: Enter method stop()]
[08-4-11 下午10:16: Exit method stop()]
[08-4-11 下午10:16: Enter method stop()]
[08-4-11 下午10:16: Exit method stop()]
[08-4-11 下午10:16: Enter method stop()]
[08-4-11 下午10:16: Exit method stop()]
[08-4-11 下午10:16: Enter method stop()]
[08-4-11 下午10:16: Exit method stop()]
[08-4-11 下午10:16: Enter method stop()]
[08-4-11 下午10:16: Exit method stop()]
[08-4-11 下午10:16: Enter method stop()]
[08-4-11 下午10:16: Exit method stop()]
[08-4-11 下午10:16: Enter method stop()]
[08-4-11 下午10:16: Exit method stop()]
[08-4-11 下午10:16: Enter method start()]
[08-4-11 下午10:16: Exit method Start()]
[08-4-11 下午10:16: Enter method stop()]
[08-4-11 下午10:16: Exit method stop()]
[08-4-11 下午10:16: Enter method start()]
[08-4-11 下午10:16: Exit method Start()]
There are errors in run().
com.topcoder.service.studio.contest.documentcontentservers.InvalidRequestException: Unrecognized request type: 0
	at com.topcoder.service.studio.contest.documentcontentservers.SocketDocumentContentServer$SocketDocumentContentWorker.processData(SocketDocumentContentServer.java:571)
	at com.topcoder.service.studio.contest.documentcontentservers.SocketDocumentContentServer$SocketDocumentContentWorker.run(SocketDocumentContentServer.java:442)
	at java.lang.Thread.run(Thread.java:595)
There are errors in run().
com.topcoder.service.studio.contest.documentcontentservers.InvalidRequestException: Unrecognized request type: 0
	at com.topcoder.service.studio.contest.documentcontentservers.SocketDocumentContentServer$SocketDocumentContentWorker.processData(SocketDocumentContentServer.java:571)
	at com.topcoder.service.studio.contest.documentcontentservers.SocketDocumentContentServer$SocketDocumentContentWorker.run(SocketDocumentContentServer.java:442)
	at java.lang.Thread.run(Thread.java:595)
There are errors in run().
com.topcoder.service.studio.contest.documentcontentservers.InvalidRequestException: Unrecognized request type: 0
	at com.topcoder.service.studio.contest.documentcontentservers.SocketDocumentContentServer$SocketDocumentContentWorker.processData(SocketDocumentContentServer.java:571)
	at com.topcoder.service.studio.contest.documentcontentservers.SocketDocumentContentServer$SocketDocumentContentWorker.run(SocketDocumentContentServer.java:442)
	at java.lang.Thread.run(Thread.java:595)
There are errors in run().
com.topcoder.service.studio.contest.documentcontentservers.InvalidRequestException: Unrecognized request type: 0
	at com.topcoder.service.studio.contest.documentcontentservers.SocketDocumentContentServer$SocketDocumentContentWorker.processData(SocketDocumentContentServer.java:571)
	at com.topcoder.service.studio.contest.documentcontentservers.SocketDocumentContentServer$SocketDocumentContentWorker.run(SocketDocumentContentServer.java:442)
	at java.lang.Thread.run(Thread.java:595)
There are errors in run().
com.topcoder.service.studio.contest.documentcontentservers.InvalidRequestException: Unrecognized request type: 0
	at com.topcoder.service.studio.contest.documentcontentservers.SocketDocumentContentServer$SocketDocumentContentWorker.processData(SocketDocumentContentServer.java:571)
	at com.topcoder.service.studio.contest.documentcontentservers.SocketDocumentContentServer$SocketDocumentContentWorker.run(SocketDocumentContentServer.java:442)
	at java.lang.Thread.run(Thread.java:595)
There are errors in run().
com.topcoder.service.studio.contest.documentcontentservers.InvalidRequestException: Unrecognized request type: 0
	at com.topcoder.service.studio.contest.documentcontentservers.SocketDocumentContentServer$SocketDocumentContentWorker.processData(SocketDocumentContentServer.java:571)
	at com.topcoder.service.studio.contest.documentcontentservers.SocketDocumentContentServer$SocketDocumentContentWorker.run(SocketDocumentContentServer.java:442)
	at java.lang.Thread.run(Thread.java:595)
There are errors in run().
com.topcoder.service.studio.contest.documentcontentservers.InvalidRequestException: Unrecognized request type: 0
	at com.topcoder.service.studio.contest.documentcontentservers.SocketDocumentContentServer$SocketDocumentContentWorker.processData(SocketDocumentContentServer.java:571)
	at com.topcoder.service.studio.contest.documentcontentservers.SocketDocumentContentServer$SocketDocumentContentWorker.run(SocketDocumentContentServer.java:442)
	at java.lang.Thread.run(Thread.java:595)
There are errors in run().
com.topcoder.service.studio.contest.documentcontentservers.InvalidRequestException: Unrecognized request type: 0
	at com.topcoder.service.studio.contest.documentcontentservers.SocketDocumentContentServer$SocketDocumentContentWorker.processData(SocketDocumentContentServer.java:571)
	at com.topcoder.service.studio.contest.documentcontentservers.SocketDocumentContentServer$SocketDocumentContentWorker.run(SocketDocumentContentServer.java:442)
	at java.lang.Thread.run(Thread.java:595)
There are errors in run().
com.topcoder.service.studio.contest.documentcontentservers.InvalidRequestException: Unrecognized request type: 0
	at com.topcoder.service.studio.contest.documentcontentservers.SocketDocumentContentServer$SocketDocumentContentWorker.processData(SocketDocumentContentServer.java:571)
	at com.topcoder.service.studio.contest.documentcontentservers.SocketDocumentContentServer$SocketDocumentContentWorker.run(SocketDocumentContentServer.java:442)
	at java.lang.Thread.run(Thread.java:595)
There are errors in run().
com.topcoder.service.studio.contest.documentcontentservers.InvalidRequestException: Unrecognized request type: 0
	at com.topcoder.service.studio.contest.documentcontentservers.SocketDocumentContentServer$SocketDocumentContentWorker.processData(SocketDocumentContentServer.java:571)
	at com.topcoder.service.studio.contest.documentcontentservers.SocketDocumentContentServer$SocketDocumentContentWorker.run(SocketDocumentContentServer.java:442)
	at java.lang.Thread.run(Thread.java:595)
There are errors in run().
com.topcoder.service.studio.contest.documentcontentservers.InvalidRequestException: Unrecognized request type: 0
	at com.topcoder.service.studio.contest.documentcontentservers.SocketDocumentContentServer$SocketDocumentContentWorker.processData(SocketDocumentContentServer.java:571)
	at com.topcoder.service.studio.contest.documentcontentservers.SocketDocumentContentServer$SocketDocumentContentWorker.run(SocketDocumentContentServer.java:442)
	at java.lang.Thread.run(Thread.java:595)
There are errors in run().
com.topcoder.service.studio.contest.documentcontentservers.InvalidRequestException: Unrecognized request type: 0
	at com.topcoder.service.studio.contest.documentcontentservers.SocketDocumentContentServer$SocketDocumentContentWorker.processData(SocketDocumentContentServer.java:571)
	at com.topcoder.service.studio.contest.documentcontentservers.SocketDocumentContentServer$SocketDocumentContentWorker.run(SocketDocumentContentServer.java:442)
	at java.lang.Thread.run(Thread.java:595)
There are errors in run().
com.topcoder.service.studio.contest.documentcontentservers.InvalidRequestException: Unrecognized request type: 0
	at com.topcoder.service.studio.contest.documentcontentservers.SocketDocumentContentServer$SocketDocumentContentWorker.processData(SocketDocumentContentServer.java:571)
	at com.topcoder.service.studio.contest.documentcontentservers.SocketDocumentContentServer$SocketDocumentContentWorker.run(SocketDocumentContentServer.java:442)
	at java.lang.Thread.run(Thread.java:595)
There are errors in run().
com.topcoder.service.studio.contest.documentcontentservers.InvalidRequestException: Unrecognized request type: 0
	at com.topcoder.service.studio.contest.documentcontentservers.SocketDocumentContentServer$SocketDocumentContentWorker.processData(SocketDocumentContentServer.java:571)
	at com.topcoder.service.studio.contest.documentcontentservers.SocketDocumentContentServer$SocketDocumentContentWorker.run(SocketDocumentContentServer.java:442)
	at java.lang.Thread.run(Thread.java:595)
There are errors in run().
com.topcoder.service.studio.contest.documentcontentservers.InvalidRequestException: Unrecognized request type: 0
	at com.topcoder.service.studio.contest.documentcontentservers.SocketDocumentContentServer$SocketDocumentContentWorker.processData(SocketDocumentContentServer.java:571)
	at com.topcoder.service.studio.contest.documentcontentservers.SocketDocumentContentServer$SocketDocumentContentWorker.run(SocketDocumentContentServer.java:442)
	at java.lang.Thread.run(Thread.java:595)
There are errors in run().
com.topcoder.service.studio.contest.documentcontentservers.InvalidRequestException: Unrecognized request type: 0
	at com.topcoder.service.studio.contest.documentcontentservers.SocketDocumentContentServer$SocketDocumentContentWorker.processData(SocketDocumentContentServer.java:571)
	at com.topcoder.service.studio.contest.documentcontentservers.SocketDocumentContentServer$SocketDocumentContentWorker.run(SocketDocumentContentServer.java:442)
	at java.lang.Thread.run(Thread.java:595)
There are errors in run().
com.topcoder.service.studio.contest.documentcontentservers.InvalidRequestException: Unrecognized request type: 0
	at com.topcoder.service.studio.contest.documentcontentservers.SocketDocumentContentServer$SocketDocumentContentWorker.processData(SocketDocumentContentServer.java:571)
	at com.topcoder.service.studio.contest.documentcontentservers.SocketDocumentContentServer$SocketDocumentContentWorker.run(SocketDocumentContentServer.java:442)
	at java.lang.Thread.run(Thread.java:595)
There are errors in run().
com.topcoder.service.studio.contest.documentcontentservers.InvalidRequestException: Unrecognized request type: 0
	at com.topcoder.service.studio.contest.documentcontentservers.SocketDocumentContentServer$SocketDocumentContentWorker.processData(SocketDocumentContentServer.java:571)
	at com.topcoder.service.studio.contest.documentcontentservers.SocketDocumentContentServer$SocketDocumentContentWorker.run(SocketDocumentContentServer.java:442)
	at java.lang.Thread.run(Thread.java:595)
There are errors in run().
com.topcoder.service.studio.contest.documentcontentservers.InvalidRequestException: Unrecognized request type: 0
	at com.topcoder.service.studio.contest.documentcontentservers.SocketDocumentContentServer$SocketDocumentContentWorker.processData(SocketDocumentContentServer.java:571)
	at com.topcoder.service.studio.contest.documentcontentservers.SocketDocumentContentServer$SocketDocumentContentWorker.run(SocketDocumentContentServer.java:442)
	at java.lang.Thread.run(Thread.java:595)
There are errors in run().
com.topcoder.service.studio.contest.documentcontentservers.InvalidRequestException: Unrecognized request type: 0
	at com.topcoder.service.studio.contest.documentcontentservers.SocketDocumentContentServer$SocketDocumentContentWorker.processData(SocketDocumentContentServer.java:571)
	at com.topcoder.service.studio.contest.documentcontentservers.SocketDocumentContentServer$SocketDocumentContentWorker.run(SocketDocumentContentServer.java:442)
	at java.lang.Thread.run(Thread.java:595)
There are errors in run().
com.topcoder.service.studio.contest.documentcontentservers.InvalidRequestException: Unrecognized request type: 0
	at com.topcoder.service.studio.contest.documentcontentservers.SocketDocumentContentServer$SocketDocumentContentWorker.processData(SocketDocumentContentServer.java:571)
	at com.topcoder.service.studio.contest.documentcontentservers.SocketDocumentContentServer$SocketDocumentContentWorker.run(SocketDocumentContentServer.java:442)
	at java.lang.Thread.run(Thread.java:595)
There are errors in run().
com.topcoder.service.studio.contest.documentcontentservers.InvalidRequestException: Unrecognized request type: 0
	at com.topcoder.service.studio.contest.documentcontentservers.SocketDocumentContentServer$SocketDocumentContentWorker.processData(SocketDocumentContentServer.java:571)
	at com.topcoder.service.studio.contest.documentcontentservers.SocketDocumentContentServer$SocketDocumentContentWorker.run(SocketDocumentContentServer.java:442)
	at java.lang.Thread.run(Thread.java:595)
There are errors in run().
com.topcoder.service.studio.contest.documentcontentservers.InvalidRequestException: Unrecognized request type: 0
	at com.topcoder.service.studio.contest.documentcontentservers.SocketDocumentContentServer$SocketDocumentContentWorker.processData(SocketDocumentContentServer.java:571)
	at com.topcoder.service.studio.contest.documentcontentservers.SocketDocumentContentServer$SocketDocumentContentWorker.run(SocketDocumentContentServer.java:442)
	at java.lang.Thread.run(Thread.java:595)
There are errors in run().
com.topcoder.service.studio.contest.documentcontentservers.InvalidRequestException: Unrecognized request type: 0
	at com.topcoder.service.studio.contest.documentcontentservers.SocketDocumentContentServer$SocketDocumentContentWorker.processData(SocketDocumentContentServer.java:571)
	at com.topcoder.service.studio.contest.documentcontentservers.SocketDocumentContentServer$SocketDocumentContentWorker.run(SocketDocumentContentServer.java:442)
	at java.lang.Thread.run(Thread.java:595)
There are errors in run().
com.topcoder.service.studio.contest.documentcontentservers.InvalidRequestException: Unrecognized request type: 0
	at com.topcoder.service.studio.contest.documentcontentservers.SocketDocumentContentServer$SocketDocumentContentWorker.processData(SocketDocumentContentServer.java:571)
	at com.topcoder.service.studio.contest.documentcontentservers.SocketDocumentContentServer$SocketDocumentContentWorker.run(SocketDocumentContentServer.java:442)
	at java.lang.Thread.run(Thread.java:595)
There are errors in run().
com.topcoder.service.studio.contest.documentcontentservers.InvalidRequestException: Unrecognized request type: 0
	at com.topcoder.service.studio.contest.documentcontentservers.SocketDocumentContentServer$SocketDocumentContentWorker.processData(SocketDocumentContentServer.java:571)
	at com.topcoder.service.studio.contest.documentcontentservers.SocketDocumentContentServer$SocketDocumentContentWorker.run(SocketDocumentContentServer.java:442)
	at java.lang.Thread.run(Thread.java:595)
There are errors in run().
com.topcoder.service.studio.contest.documentcontentservers.InvalidRequestException: Unrecognized request type: 0
	at com.topcoder.service.studio.contest.documentcontentservers.SocketDocumentContentServer$SocketDocumentContentWorker.processData(SocketDocumentContentServer.java:571)
	at com.topcoder.service.studio.contest.documentcontentservers.SocketDocumentContentServer$SocketDocumentContentWorker.run(SocketDocumentContentServer.java:442)
	at java.lang.Thread.run(Thread.java:595)
There are errors in run().
com.topcoder.service.studio.contest.documentcontentservers.InvalidRequestException: Unrecognized request type: 0
	at com.topcoder.service.studio.contest.documentcontentservers.SocketDocumentContentServer$SocketDocumentContentWorker.processData(SocketDocumentContentServer.java:571)
	at com.topcoder.service.studio.contest.documentcontentservers.SocketDocumentContentServer$SocketDocumentContentWorker.run(SocketDocumentContentServer.java:442)
	at java.lang.Thread.run(Thread.java:595)
There are errors in run().
com.topcoder.service.studio.contest.documentcontentservers.InvalidRequestException: Unrecognized request type: 0
	at com.topcoder.service.studio.contest.documentcontentservers.SocketDocumentContentServer$SocketDocumentContentWorker.processData(SocketDocumentContentServer.java:571)
	at com.topcoder.service.studio.contest.documentcontentservers.SocketDocumentContentServer$SocketDocumentContentWorker.run(SocketDocumentContentServer.java:442)
	at java.lang.Thread.run(Thread.java:595)
There are errors in run().
com.topcoder.service.studio.contest.documentcontentservers.InvalidRequestException: Unrecognized request type: 0
	at com.topcoder.service.studio.contest.documentcontentservers.SocketDocumentContentServer$SocketDocumentContentWorker.processData(SocketDocumentContentServer.java:571)
	at com.topcoder.service.studio.contest.documentcontentservers.SocketDocumentContentServer$SocketDocumentContentWorker.run(SocketDocumentContentServer.java:442)
	at java.lang.Thread.run(Thread.java:595)
There are errors in run().
com.topcoder.service.studio.contest.documentcontentservers.InvalidRequestException: Unrecognized request type: 0
	at com.topcoder.service.studio.contest.documentcontentservers.SocketDocumentContentServer$SocketDocumentContentWorker.processData(SocketDocumentContentServer.java:571)
	at com.topcoder.service.studio.contest.documentcontentservers.SocketDocumentContentServer$SocketDocumentContentWorker.run(SocketDocumentContentServer.java:442)
	at java.lang.Thread.run(Thread.java:595)
There are errors in run().
com.topcoder.service.studio.contest.documentcontentservers.InvalidRequestException: Unrecognized request type: 0
	at com.topcoder.service.studio.contest.documentcontentservers.SocketDocumentContentServer$SocketDocumentContentWorker.processData(SocketDocumentContentServer.java:571)
	at com.topcoder.service.studio.contest.documentcontentservers.SocketDocumentContentServer$SocketDocumentContentWorker.run(SocketDocumentContentServer.java:442)
	at java.lang.Thread.run(Thread.java:595)
There are errors in run().
com.topcoder.service.studio.contest.documentcontentservers.InvalidRequestException: Unrecognized request type: 0
	at com.topcoder.service.studio.contest.documentcontentservers.SocketDocumentContentServer$SocketDocumentContentWorker.processData(SocketDocumentContentServer.java:571)
	at com.topcoder.service.studio.contest.documentcontentservers.SocketDocumentContentServer$SocketDocumentContentWorker.run(SocketDocumentContentServer.java:442)
	at java.lang.Thread.run(Thread.java:595)
There are errors in run().
com.topcoder.service.studio.contest.documentcontentservers.InvalidRequestException: Unrecognized request type: 0
	at com.topcoder.service.studio.contest.documentcontentservers.SocketDocumentContentServer$SocketDocumentContentWorker.processData(SocketDocumentContentServer.java:571)
	at com.topcoder.service.studio.contest.documentcontentservers.SocketDocumentContentServer$SocketDocumentContentWorker.run(SocketDocumentContentServer.java:442)
	at java.lang.Thread.run(Thread.java:595)
There are errors in run().
com.topcoder.service.studio.contest.documentcontentservers.InvalidRequestException: Unrecognized request type: 0
	at com.topcoder.service.studio.contest.documentcontentservers.SocketDocumentContentServer$SocketDocumentContentWorker.processData(SocketDocumentContentServer.java:571)
	at com.topcoder.service.studio.contest.documentcontentservers.SocketDocumentContentServer$SocketDocumentContentWorker.run(SocketDocumentContentServer.java:442)
	at java.lang.Thread.run(Thread.java:595)
There are errors in run().
com.topcoder.service.studio.contest.documentcontentservers.InvalidRequestException: Unrecognized request type: 0
	at com.topcoder.service.studio.contest.documentcontentservers.SocketDocumentContentServer$SocketDocumentContentWorker.processData(SocketDocumentContentServer.java:571)
	at com.topcoder.service.studio.contest.documentcontentservers.SocketDocumentContentServer$SocketDocumentContentWorker.run(SocketDocumentContentServer.java:442)
	at java.lang.Thread.run(Thread.java:595)
There are errors in run().
com.topcoder.service.studio.contest.documentcontentservers.InvalidRequestException: Unrecognized request type: 0
	at com.topcoder.service.studio.contest.documentcontentservers.SocketDocumentContentServer$SocketDocumentContentWorker.processData(SocketDocumentContentServer.java:571)
	at com.topcoder.service.studio.contest.documentcontentservers.SocketDocumentContentServer$SocketDocumentContentWorker.run(SocketDocumentContentServer.java:442)
	at java.lang.Thread.run(Thread.java:595)
There are errors in run().
com.topcoder.service.studio.contest.documentcontentservers.InvalidRequestException: Unrecognized request type: 0
	at com.topcoder.service.studio.contest.documentcontentservers.SocketDocumentContentServer$SocketDocumentContentWorker.processData(SocketDocumentContentServer.java:571)
	at com.topcoder.service.studio.contest.documentcontentservers.SocketDocumentContentServer$SocketDocumentContentWorker.run(SocketDocumentContentServer.java:442)
	at java.lang.Thread.run(Thread.java:595)
There are errors in run().
com.topcoder.service.studio.contest.documentcontentservers.InvalidRequestException: Unrecognized request type: 0
	at com.topcoder.service.studio.contest.documentcontentservers.SocketDocumentContentServer$SocketDocumentContentWorker.processData(SocketDocumentContentServer.java:571)
	at com.topcoder.service.studio.contest.documentcontentservers.SocketDocumentContentServer$SocketDocumentContentWorker.run(SocketDocumentContentServer.java:442)
	at java.lang.Thread.run(Thread.java:595)
There are errors in run().
com.topcoder.service.studio.contest.documentcontentservers.InvalidRequestException: Unrecognized request type: 0
	at com.topcoder.service.studio.contest.documentcontentservers.SocketDocumentContentServer$SocketDocumentContentWorker.processData(SocketDocumentContentServer.java:571)
	at com.topcoder.service.studio.contest.documentcontentservers.SocketDocumentContentServer$SocketDocumentContentWorker.run(SocketDocumentContentServer.java:442)
	at java.lang.Thread.run(Thread.java:595)
There are errors in run().
com.topcoder.service.studio.contest.documentcontentservers.InvalidRequestException: Unrecognized request type: 0
	at com.topcoder.service.studio.contest.documentcontentservers.SocketDocumentContentServer$SocketDocumentContentWorker.processData(SocketDocumentContentServer.java:571)
	at com.topcoder.service.studio.contest.documentcontentservers.SocketDocumentContentServer$SocketDocumentContentWorker.run(SocketDocumentContentServer.java:442)
	at java.lang.Thread.run(Thread.java:595)
There are errors in run().
com.topcoder.service.studio.contest.documentcontentservers.InvalidRequestException: Unrecognized request type: 0
	at com.topcoder.service.studio.contest.documentcontentservers.SocketDocumentContentServer$SocketDocumentContentWorker.processData(SocketDocumentContentServer.java:571)
	at com.topcoder.service.studio.contest.documentcontentservers.SocketDocumentContentServer$SocketDocumentContentWorker.run(SocketDocumentContentServer.java:442)
	at java.lang.Thread.run(Thread.java:595)
There are errors in run().
com.topcoder.service.studio.contest.documentcontentservers.InvalidRequestException: Unrecognized request type: 0
	at com.topcoder.service.studio.contest.documentcontentservers.SocketDocumentContentServer$SocketDocumentContentWorker.processData(SocketDocumentContentServer.java:571)
	at com.topcoder.service.studio.contest.documentcontentservers.SocketDocumentContentServer$SocketDocumentContentWorker.run(SocketDocumentContentServer.java:442)
	at java.lang.Thread.run(Thread.java:595)
There are errors in run().
com.topcoder.service.studio.contest.documentcontentservers.InvalidRequestException: Unrecognized request type: 0
	at com.topcoder.service.studio.contest.documentcontentservers.SocketDocumentContentServer$SocketDocumentContentWorker.processData(SocketDocumentContentServer.java:571)
	at com.topcoder.service.studio.contest.documentcontentservers.SocketDocumentContentServer$SocketDocumentContentWorker.run(SocketDocumentContentServer.java:442)
	at java.lang.Thread.run(Thread.java:595)
There are errors in run().
com.topcoder.service.studio.contest.documentcontentservers.InvalidRequestException: Unrecognized request type: 0
	at com.topcoder.service.studio.contest.documentcontentservers.SocketDocumentContentServer$SocketDocumentContentWorker.processData(SocketDocumentContentServer.java:571)
	at com.topcoder.service.studio.contest.documentcontentservers.SocketDocumentContentServer$SocketDocumentContentWorker.run(SocketDocumentContentServer.java:442)
	at java.lang.Thread.run(Thread.java:595)
There are errors in run().
com.topcoder.service.studio.contest.documentcontentservers.InvalidRequestException: Unrecognized request type: 0
	at com.topcoder.service.studio.contest.documentcontentservers.SocketDocumentContentServer$SocketDocumentContentWorker.processData(SocketDocumentContentServer.java:571)
	at com.topcoder.service.studio.contest.documentcontentservers.SocketDocumentContentServer$SocketDocumentContentWorker.run(SocketDocumentContentServer.java:442)
	at java.lang.Thread.run(Thread.java:595)
There are errors in run().
com.topcoder.service.studio.contest.documentcontentservers.InvalidRequestException: Unrecognized request type: 0
	at com.topcoder.service.studio.contest.documentcontentservers.SocketDocumentContentServer$SocketDocumentContentWorker.processData(SocketDocumentContentServer.java:571)
	at com.topcoder.service.studio.contest.documentcontentservers.SocketDocumentContentServer$SocketDocumentContentWorker.run(SocketDocumentContentServer.java:442)
	at java.lang.Thread.run(Thread.java:595)
There are errors in run().
com.topcoder.service.studio.contest.documentcontentservers.InvalidRequestException: Unrecognized request type: 0
	at com.topcoder.service.studio.contest.documentcontentservers.SocketDocumentContentServer$SocketDocumentContentWorker.processData(SocketDocumentContentServer.java:571)
	at com.topcoder.service.studio.contest.documentcontentservers.SocketDocumentContentServer$SocketDocumentContentWorker.run(SocketDocumentContentServer.java:442)
	at java.lang.Thread.run(Thread.java:595)
There are errors in run().
com.topcoder.service.studio.contest.documentcontentservers.InvalidRequestException: Unrecognized request type: 0
	at com.topcoder.service.studio.contest.documentcontentservers.SocketDocumentContentServer$SocketDocumentContentWorker.processData(SocketDocumentContentServer.java:571)
	at com.topcoder.service.studio.contest.documentcontentservers.SocketDocumentContentServer$SocketDocumentContentWorker.run(SocketDocumentContentServer.java:442)
	at java.lang.Thread.run(Thread.java:595)
There are errors in run().
com.topcoder.service.studio.contest.documentcontentservers.InvalidRequestException: Unrecognized request type: 0
	at com.topcoder.service.studio.contest.documentcontentservers.SocketDocumentContentServer$SocketDocumentContentWorker.processData(SocketDocumentContentServer.java:571)
	at com.topcoder.service.studio.contest.documentcontentservers.SocketDocumentContentServer$SocketDocumentContentWorker.run(SocketDocumentContentServer.java:442)
	at java.lang.Thread.run(Thread.java:595)
There are errors in run().
com.topcoder.service.studio.contest.documentcontentservers.InvalidRequestException: Unrecognized request type: 0
	at com.topcoder.service.studio.contest.documentcontentservers.SocketDocumentContentServer$SocketDocumentContentWorker.processData(SocketDocumentContentServer.java:571)
	at com.topcoder.service.studio.contest.documentcontentservers.SocketDocumentContentServer$SocketDocumentContentWorker.run(SocketDocumentContentServer.java:442)
	at java.lang.Thread.run(Thread.java:595)
There are errors in run().
com.topcoder.service.studio.contest.documentcontentservers.InvalidRequestException: Unrecognized request type: 0
	at com.topcoder.service.studio.contest.documentcontentservers.SocketDocumentContentServer$SocketDocumentContentWorker.processData(SocketDocumentContentServer.java:571)
	at com.topcoder.service.studio.contest.documentcontentservers.SocketDocumentContentServer$SocketDocumentContentWorker.run(SocketDocumentContentServer.java:442)
	at java.lang.Thread.run(Thread.java:595)
There are errors in run().
com.topcoder.service.studio.contest.documentcontentservers.InvalidRequestException: Unrecognized request type: 0
	at com.topcoder.service.studio.contest.documentcontentservers.SocketDocumentContentServer$SocketDocumentContentWorker.processData(SocketDocumentContentServer.java:571)
	at com.topcoder.service.studio.contest.documentcontentservers.SocketDocumentContentServer$SocketDocumentContentWorker.run(SocketDocumentContentServer.java:442)
	at java.lang.Thread.run(Thread.java:595)
There are errors in run().
com.topcoder.service.studio.contest.documentcontentservers.InvalidRequestException: Unrecognized request type: 0
	at com.topcoder.service.studio.contest.documentcontentservers.SocketDocumentContentServer$SocketDocumentContentWorker.processData(SocketDocumentContentServer.java:571)
	at com.topcoder.service.studio.contest.documentcontentservers.SocketDocumentContentServer$SocketDocumentContentWorker.run(SocketDocumentContentServer.java:442)
	at java.lang.Thread.run(Thread.java:595)
There are errors in run().
com.topcoder.service.studio.contest.documentcontentservers.InvalidRequestException: Unrecognized request type: 0
	at com.topcoder.service.studio.contest.documentcontentservers.SocketDocumentContentServer$SocketDocumentContentWorker.processData(SocketDocumentContentServer.java:571)
	at com.topcoder.service.studio.contest.documentcontentservers.SocketDocumentContentServer$SocketDocumentContentWorker.run(SocketDocumentContentServer.java:442)
	at java.lang.Thread.run(Thread.java:595)
There are errors in run().
com.topcoder.service.studio.contest.documentcontentservers.InvalidRequestException: Unrecognized request type: 0
	at com.topcoder.service.studio.contest.documentcontentservers.SocketDocumentContentServer$SocketDocumentContentWorker.processData(SocketDocumentContentServer.java:571)
	at com.topcoder.service.studio.contest.documentcontentservers.SocketDocumentContentServer$SocketDocumentContentWorker.run(SocketDocumentContentServer.java:442)
	at java.lang.Thread.run(Thread.java:595)
There are errors in run().
com.topcoder.service.studio.contest.documentcontentservers.InvalidRequestException: Unrecognized request type: 0
	at com.topcoder.service.studio.contest.documentcontentservers.SocketDocumentContentServer$SocketDocumentContentWorker.processData(SocketDocumentContentServer.java:571)
	at com.topcoder.service.studio.contest.documentcontentservers.SocketDocumentContentServer$SocketDocumentContentWorker.run(SocketDocumentContentServer.java:442)
	at java.lang.Thread.run(Thread.java:595)
There are errors in run().
com.topcoder.service.studio.contest.documentcontentservers.InvalidRequestException: Unrecognized request type: 0
	at com.topcoder.service.studio.contest.documentcontentservers.SocketDocumentContentServer$SocketDocumentContentWorker.processData(SocketDocumentContentServer.java:571)
	at com.topcoder.service.studio.contest.documentcontentservers.SocketDocumentContentServer$SocketDocumentContentWorker.run(SocketDocumentContentServer.java:442)
	at java.lang.Thread.run(Thread.java:595)
There are errors in run().
com.topcoder.service.studio.contest.documentcontentservers.InvalidRequestException: Unrecognized request type: 0
	at com.topcoder.service.studio.contest.documentcontentservers.SocketDocumentContentServer$SocketDocumentContentWorker.processData(SocketDocumentContentServer.java:571)
	at com.topcoder.service.studio.contest.documentcontentservers.SocketDocumentContentServer$SocketDocumentContentWorker.run(SocketDocumentContentServer.java:442)
	at java.lang.Thread.run(Thread.java:595)
There are errors in run().
com.topcoder.service.studio.contest.documentcontentservers.InvalidRequestException: Unrecognized request type: 0
	at com.topcoder.service.studio.contest.documentcontentservers.SocketDocumentContentServer$SocketDocumentContentWorker.processData(SocketDocumentContentServer.java:571)
	at com.topcoder.service.studio.contest.documentcontentservers.SocketDocumentContentServer$SocketDocumentContentWorker.run(SocketDocumentContentServer.java:442)
	at java.lang.Thread.run(Thread.java:595)
There are errors in run().
com.topcoder.service.studio.contest.documentcontentservers.InvalidRequestException: Unrecognized request type: 0
	at com.topcoder.service.studio.contest.documentcontentservers.SocketDocumentContentServer$SocketDocumentContentWorker.processData(SocketDocumentContentServer.java:571)
	at com.topcoder.service.studio.contest.documentcontentservers.SocketDocumentContentServer$SocketDocumentContentWorker.run(SocketDocumentContentServer.java:442)
	at java.lang.Thread.run(Thread.java:595)
There are errors in run().
com.topcoder.service.studio.contest.documentcontentservers.InvalidRequestException: Unrecognized request type: 0
	at com.topcoder.service.studio.contest.documentcontentservers.SocketDocumentContentServer$SocketDocumentContentWorker.processData(SocketDocumentContentServer.java:571)
	at com.topcoder.service.studio.contest.documentcontentservers.SocketDocumentContentServer$SocketDocumentContentWorker.run(SocketDocumentContentServer.java:442)
	at java.lang.Thread.run(Thread.java:595)
There are errors in run().
com.topcoder.service.studio.contest.documentcontentservers.InvalidRequestException: Unrecognized request type: 0
	at com.topcoder.service.studio.contest.documentcontentservers.SocketDocumentContentServer$SocketDocumentContentWorker.processData(SocketDocumentContentServer.java:571)
	at com.topcoder.service.studio.contest.documentcontentservers.SocketDocumentContentServer$SocketDocumentContentWorker.run(SocketDocumentContentServer.java:442)
	at java.lang.Thread.run(Thread.java:595)
There are errors in run().
com.topcoder.service.studio.contest.documentcontentservers.InvalidRequestException: Unrecognized request type: 0
	at com.topcoder.service.studio.contest.documentcontentservers.SocketDocumentContentServer$SocketDocumentContentWorker.processData(SocketDocumentContentServer.java:571)
	at com.topcoder.service.studio.contest.documentcontentservers.SocketDocumentContentServer$SocketDocumentContentWorker.run(SocketDocumentContentServer.java:442)
	at java.lang.Thread.run(Thread.java:595)
There are errors in run().
com.topcoder.service.studio.contest.documentcontentservers.InvalidRequestException: Unrecognized request type: 0
	at com.topcoder.service.studio.contest.documentcontentservers.SocketDocumentContentServer$SocketDocumentContentWorker.processData(SocketDocumentContentServer.java:571)
	at com.topcoder.service.studio.contest.documentcontentservers.SocketDocumentContentServer$SocketDocumentContentWorker.run(SocketDocumentContentServer.java:442)
	at java.lang.Thread.run(Thread.java:595)
There are errors in run().
com.topcoder.service.studio.contest.documentcontentservers.InvalidRequestException: Unrecognized request type: 0
	at com.topcoder.service.studio.contest.documentcontentservers.SocketDocumentContentServer$SocketDocumentContentWorker.processData(SocketDocumentContentServer.java:571)
	at com.topcoder.service.studio.contest.documentcontentservers.SocketDocumentContentServer$SocketDocumentContentWorker.run(SocketDocumentContentServer.java:442)
	at java.lang.Thread.run(Thread.java:595)
There are errors in run().
com.topcoder.service.studio.contest.documentcontentservers.InvalidRequestException: Unrecognized request type: 0
	at com.topcoder.service.studio.contest.documentcontentservers.SocketDocumentContentServer$SocketDocumentContentWorker.processData(SocketDocumentContentServer.java:571)
	at com.topcoder.service.studio.contest.documentcontentservers.SocketDocumentContentServer$SocketDocumentContentWorker.run(SocketDocumentContentServer.java:442)
	at java.lang.Thread.run(Thread.java:595)
There are errors in run().
com.topcoder.service.studio.contest.documentcontentservers.InvalidRequestException: Unrecognized request type: 0
	at com.topcoder.service.studio.contest.documentcontentservers.SocketDocumentContentServer$SocketDocumentContentWorker.processData(SocketDocumentContentServer.java:571)
	at com.topcoder.service.studio.contest.documentcontentservers.SocketDocumentContentServer$SocketDocumentContentWorker.run(SocketDocumentContentServer.java:442)
	at java.lang.Thread.run(Thread.java:595)
There are errors in run().
com.topcoder.service.studio.contest.documentcontentservers.InvalidRequestException: Unrecognized request type: 0
	at com.topcoder.service.studio.contest.documentcontentservers.SocketDocumentContentServer$SocketDocumentContentWorker.processData(SocketDocumentContentServer.java:571)
	at com.topcoder.service.studio.contest.documentcontentservers.SocketDocumentContentServer$SocketDocumentContentWorker.run(SocketDocumentContentServer.java:442)
	at java.lang.Thread.run(Thread.java:595)
There are errors in run().
com.topcoder.service.studio.contest.documentcontentservers.InvalidRequestException: Unrecognized request type: 0
	at com.topcoder.service.studio.contest.documentcontentservers.SocketDocumentContentServer$SocketDocumentContentWorker.processData(SocketDocumentContentServer.java:571)
	at com.topcoder.service.studio.contest.documentcontentservers.SocketDocumentContentServer$SocketDocumentContentWorker.run(SocketDocumentContentServer.java:442)
	at java.lang.Thread.run(Thread.java:595)
There are errors in run().
com.topcoder.service.studio.contest.documentcontentservers.InvalidRequestException: Unrecognized request type: 0
	at com.topcoder.service.studio.contest.documentcontentservers.SocketDocumentContentServer$SocketDocumentContentWorker.processData(SocketDocumentContentServer.java:571)
	at com.topcoder.service.studio.contest.documentcontentservers.SocketDocumentContentServer$SocketDocumentContentWorker.run(SocketDocumentContentServer.java:442)
	at java.lang.Thread.run(Thread.java:595)
There are errors in run().
com.topcoder.service.studio.contest.documentcontentservers.InvalidRequestException: Unrecognized request type: 0
	at com.topcoder.service.studio.contest.documentcontentservers.SocketDocumentContentServer$SocketDocumentContentWorker.processData(SocketDocumentContentServer.java:571)
	at com.topcoder.service.studio.contest.documentcontentservers.SocketDocumentContentServer$SocketDocumentContentWorker.run(SocketDocumentContentServer.java:442)
	at java.lang.Thread.run(Thread.java:595)
There are errors in run().
com.topcoder.service.studio.contest.documentcontentservers.InvalidRequestException: Unrecognized request type: 0
	at com.topcoder.service.studio.contest.documentcontentservers.SocketDocumentContentServer$SocketDocumentContentWorker.processData(SocketDocumentContentServer.java:571)
	at com.topcoder.service.studio.contest.documentcontentservers.SocketDocumentContentServer$SocketDocumentContentWorker.run(SocketDocumentContentServer.java:442)
	at java.lang.Thread.run(Thread.java:595)
There are errors in run().
com.topcoder.service.studio.contest.documentcontentservers.InvalidRequestException: Unrecognized request type: 0
	at com.topcoder.service.studio.contest.documentcontentservers.SocketDocumentContentServer$SocketDocumentContentWorker.processData(SocketDocumentContentServer.java:571)
	at com.topcoder.service.studio.contest.documentcontentservers.SocketDocumentContentServer$SocketDocumentContentWorker.run(SocketDocumentContentServer.java:442)
	at java.lang.Thread.run(Thread.java:595)
There are errors in run().
com.topcoder.service.studio.contest.documentcontentservers.InvalidRequestException: Unrecognized request type: 0
	at com.topcoder.service.studio.contest.documentcontentservers.SocketDocumentContentServer$SocketDocumentContentWorker.processData(SocketDocumentContentServer.java:571)
	at com.topcoder.service.studio.contest.documentcontentservers.SocketDocumentContentServer$SocketDocumentContentWorker.run(SocketDocumentContentServer.java:442)
	at java.lang.Thread.run(Thread.java:595)
There are errors in run().
com.topcoder.service.studio.contest.documentcontentservers.InvalidRequestException: Unrecognized request type: 0
	at com.topcoder.service.studio.contest.documentcontentservers.SocketDocumentContentServer$SocketDocumentContentWorker.processData(SocketDocumentContentServer.java:571)
	at com.topcoder.service.studio.contest.documentcontentservers.SocketDocumentContentServer$SocketDocumentContentWorker.run(SocketDocumentContentServer.java:442)
	at java.lang.Thread.run(Thread.java:595)
There are errors in run().
com.topcoder.service.studio.contest.documentcontentservers.InvalidRequestException: Unrecognized request type: 0
	at com.topcoder.service.studio.contest.documentcontentservers.SocketDocumentContentServer$SocketDocumentContentWorker.processData(SocketDocumentContentServer.java:571)
	at com.topcoder.service.studio.contest.documentcontentservers.SocketDocumentContentServer$SocketDocumentContentWorker.run(SocketDocumentContentServer.java:442)
	at java.lang.Thread.run(Thread.java:595)
There are errors in run().
com.topcoder.service.studio.contest.documentcontentservers.InvalidRequestException: Unrecognized request type: 0
	at com.topcoder.service.studio.contest.documentcontentservers.SocketDocumentContentServer$SocketDocumentContentWorker.processData(SocketDocumentContentServer.java:571)
	at com.topcoder.service.studio.contest.documentcontentservers.SocketDocumentContentServer$SocketDocumentContentWorker.run(SocketDocumentContentServer.java:442)
	at java.lang.Thread.run(Thread.java:595)
There are errors in run().
com.topcoder.service.studio.contest.documentcontentservers.InvalidRequestException: Unrecognized request type: 0
	at com.topcoder.service.studio.contest.documentcontentservers.SocketDocumentContentServer$SocketDocumentContentWorker.processData(SocketDocumentContentServer.java:571)
	at com.topcoder.service.studio.contest.documentcontentservers.SocketDocumentContentServer$SocketDocumentContentWorker.run(SocketDocumentContentServer.java:442)
	at java.lang.Thread.run(Thread.java:595)
There are errors in run().
com.topcoder.service.studio.contest.documentcontentservers.InvalidRequestException: Unrecognized request type: 0
	at com.topcoder.service.studio.contest.documentcontentservers.SocketDocumentContentServer$SocketDocumentContentWorker.processData(SocketDocumentContentServer.java:571)
	at com.topcoder.service.studio.contest.documentcontentservers.SocketDocumentContentServer$SocketDocumentContentWorker.run(SocketDocumentContentServer.java:442)
	at java.lang.Thread.run(Thread.java:595)
There are errors in run().
com.topcoder.service.studio.contest.documentcontentservers.InvalidRequestException: Unrecognized request type: 0
	at com.topcoder.service.studio.contest.documentcontentservers.SocketDocumentContentServer$SocketDocumentContentWorker.processData(SocketDocumentContentServer.java:571)
	at com.topcoder.service.studio.contest.documentcontentservers.SocketDocumentContentServer$SocketDocumentContentWorker.run(SocketDocumentContentServer.java:442)
	at java.lang.Thread.run(Thread.java:595)
There are errors in run().
com.topcoder.service.studio.contest.documentcontentservers.InvalidRequestException: Unrecognized request type: 0
	at com.topcoder.service.studio.contest.documentcontentservers.SocketDocumentContentServer$SocketDocumentContentWorker.processData(SocketDocumentContentServer.java:571)
	at com.topcoder.service.studio.contest.documentcontentservers.SocketDocumentContentServer$SocketDocumentContentWorker.run(SocketDocumentContentServer.java:442)
	at java.lang.Thread.run(Thread.java:595)
There are errors in run().
com.topcoder.service.studio.contest.documentcontentservers.InvalidRequestException: Unrecognized request type: 0
	at com.topcoder.service.studio.contest.documentcontentservers.SocketDocumentContentServer$SocketDocumentContentWorker.processData(SocketDocumentContentServer.java:571)
	at com.topcoder.service.studio.contest.documentcontentservers.SocketDocumentContentServer$SocketDocumentContentWorker.run(SocketDocumentContentServer.java:442)
	at java.lang.Thread.run(Thread.java:595)
There are errors in run().
com.topcoder.service.studio.contest.documentcontentservers.InvalidRequestException: Unrecognized request type: 0
	at com.topcoder.service.studio.contest.documentcontentservers.SocketDocumentContentServer$SocketDocumentContentWorker.processData(SocketDocumentContentServer.java:571)
	at com.topcoder.service.studio.contest.documentcontentservers.SocketDocumentContentServer$SocketDocumentContentWorker.run(SocketDocumentContentServer.java:442)
	at java.lang.Thread.run(Thread.java:595)
There are errors in run().
com.topcoder.service.studio.contest.documentcontentservers.InvalidRequestException: Unrecognized request type: 0
	at com.topcoder.service.studio.contest.documentcontentservers.SocketDocumentContentServer$SocketDocumentContentWorker.processData(SocketDocumentContentServer.java:571)
	at com.topcoder.service.studio.contest.documentcontentservers.SocketDocumentContentServer$SocketDocumentContentWorker.run(SocketDocumentContentServer.java:442)
	at java.lang.Thread.run(Thread.java:595)
There are errors in run().
com.topcoder.service.studio.contest.documentcontentservers.InvalidRequestException: Unrecognized request type: 0
	at com.topcoder.service.studio.contest.documentcontentservers.SocketDocumentContentServer$SocketDocumentContentWorker.processData(SocketDocumentContentServer.java:571)
	at com.topcoder.service.studio.contest.documentcontentservers.SocketDocumentContentServer$SocketDocumentContentWorker.run(SocketDocumentContentServer.java:442)
	at java.lang.Thread.run(Thread.java:595)
There are errors in run().
com.topcoder.service.studio.contest.documentcontentservers.InvalidRequestException: Unrecognized request type: 0
	at com.topcoder.service.studio.contest.documentcontentservers.SocketDocumentContentServer$SocketDocumentContentWorker.processData(SocketDocumentContentServer.java:571)
	at com.topcoder.service.studio.contest.documentcontentservers.SocketDocumentContentServer$SocketDocumentContentWorker.run(SocketDocumentContentServer.java:442)
	at java.lang.Thread.run(Thread.java:595)
There are errors in run().
com.topcoder.service.studio.contest.documentcontentservers.InvalidRequestException: Unrecognized request type: 0
	at com.topcoder.service.studio.contest.documentcontentservers.SocketDocumentContentServer$SocketDocumentContentWorker.processData(SocketDocumentContentServer.java:571)
	at com.topcoder.service.studio.contest.documentcontentservers.SocketDocumentContentServer$SocketDocumentContentWorker.run(SocketDocumentContentServer.java:442)
	at java.lang.Thread.run(Thread.java:595)
There are errors in run().
com.topcoder.service.studio.contest.documentcontentservers.InvalidRequestException: Unrecognized request type: 0
	at com.topcoder.service.studio.contest.documentcontentservers.SocketDocumentContentServer$SocketDocumentContentWorker.processData(SocketDocumentContentServer.java:571)
	at com.topcoder.service.studio.contest.documentcontentservers.SocketDocumentContentServer$SocketDocumentContentWorker.run(SocketDocumentContentServer.java:442)
	at java.lang.Thread.run(Thread.java:595)
There are errors in run().
com.topcoder.service.studio.contest.documentcontentservers.InvalidRequestException: Unrecognized request type: 0
	at com.topcoder.service.studio.contest.documentcontentservers.SocketDocumentContentServer$SocketDocumentContentWorker.processData(SocketDocumentContentServer.java:571)
	at com.topcoder.service.studio.contest.documentcontentservers.SocketDocumentContentServer$SocketDocumentContentWorker.run(SocketDocumentContentServer.java:442)
	at java.lang.Thread.run(Thread.java:595)
There are errors in run().
com.topcoder.service.studio.contest.documentcontentservers.InvalidRequestException: Unrecognized request type: 0
	at com.topcoder.service.studio.contest.documentcontentservers.SocketDocumentContentServer$SocketDocumentContentWorker.processData(SocketDocumentContentServer.java:571)
	at com.topcoder.service.studio.contest.documentcontentservers.SocketDocumentContentServer$SocketDocumentContentWorker.run(SocketDocumentContentServer.java:442)
	at java.lang.Thread.run(Thread.java:595)
There are errors in run().
com.topcoder.service.studio.contest.documentcontentservers.InvalidRequestException: Unrecognized request type: 0
	at com.topcoder.service.studio.contest.documentcontentservers.SocketDocumentContentServer$SocketDocumentContentWorker.processData(SocketDocumentContentServer.java:571)
	at com.topcoder.service.studio.contest.documentcontentservers.SocketDocumentContentServer$SocketDocumentContentWorker.run(SocketDocumentContentServer.java:442)
	at java.lang.Thread.run(Thread.java:595)
There are errors in run().
com.topcoder.service.studio.contest.documentcontentservers.InvalidRequestException: Unrecognized request type: 0
	at com.topcoder.service.studio.contest.documentcontentservers.SocketDocumentContentServer$SocketDocumentContentWorker.processData(SocketDocumentContentServer.java:571)
	at com.topcoder.service.studio.contest.documentcontentservers.SocketDocumentContentServer$SocketDocumentContentWorker.run(SocketDocumentContentServer.java:442)
	at java.lang.Thread.run(Thread.java:595)
There are errors in run().
com.topcoder.service.studio.contest.documentcontentservers.InvalidRequestException: Unrecognized request type: 0
	at com.topcoder.service.studio.contest.documentcontentservers.SocketDocumentContentServer$SocketDocumentContentWorker.processData(SocketDocumentContentServer.java:571)
	at com.topcoder.service.studio.contest.documentcontentservers.SocketDocumentContentServer$SocketDocumentContentWorker.run(SocketDocumentContentServer.java:442)
	at java.lang.Thread.run(Thread.java:595)
There are errors in run().
com.topcoder.service.studio.contest.documentcontentservers.InvalidRequestException: Unrecognized request type: 0
	at com.topcoder.service.studio.contest.documentcontentservers.SocketDocumentContentServer$SocketDocumentContentWorker.processData(SocketDocumentContentServer.java:571)
	at com.topcoder.service.studio.contest.documentcontentservers.SocketDocumentContentServer$SocketDocumentContentWorker.run(SocketDocumentContentServer.java:442)
	at java.lang.Thread.run(Thread.java:595)
There are errors in run().
com.topcoder.service.studio.contest.documentcontentservers.InvalidRequestException: Unrecognized request type: 0
	at com.topcoder.service.studio.contest.documentcontentservers.SocketDocumentContentServer$SocketDocumentContentWorker.processData(SocketDocumentContentServer.java:571)
	at com.topcoder.service.studio.contest.documentcontentservers.SocketDocumentContentServer$SocketDocumentContentWorker.run(SocketDocumentContentServer.java:442)
	at java.lang.Thread.run(Thread.java:595)
There are errors in run().
com.topcoder.service.studio.contest.documentcontentservers.InvalidRequestException: Unrecognized request type: 0
	at com.topcoder.service.studio.contest.documentcontentservers.SocketDocumentContentServer$SocketDocumentContentWorker.processData(SocketDocumentContentServer.java:571)
	at com.topcoder.service.studio.contest.documentcontentservers.SocketDocumentContentServer$SocketDocumentContentWorker.run(SocketDocumentContentServer.java:442)
	at java.lang.Thread.run(Thread.java:595)
There are errors in run().
com.topcoder.service.studio.contest.documentcontentservers.InvalidRequestException: Unrecognized request type: 0
	at com.topcoder.service.studio.contest.documentcontentservers.SocketDocumentContentServer$SocketDocumentContentWorker.processData(SocketDocumentContentServer.java:571)
	at com.topcoder.service.studio.contest.documentcontentservers.SocketDocumentContentServer$SocketDocumentContentWorker.run(SocketDocumentContentServer.java:442)
	at java.lang.Thread.run(Thread.java:595)
There are errors in run().
com.topcoder.service.studio.contest.documentcontentservers.InvalidRequestException: Unrecognized request type: 0
	at com.topcoder.service.studio.contest.documentcontentservers.SocketDocumentContentServer$SocketDocumentContentWorker.processData(SocketDocumentContentServer.java:571)
	at com.topcoder.service.studio.contest.documentcontentservers.SocketDocumentContentServer$SocketDocumentContentWorker.run(SocketDocumentContentServer.java:442)
	at java.lang.Thread.run(Thread.java:595)
There are errors in run().
com.topcoder.service.studio.contest.documentcontentservers.InvalidRequestException: Unrecognized request type: 0
	at com.topcoder.service.studio.contest.documentcontentservers.SocketDocumentContentServer$SocketDocumentContentWorker.processData(SocketDocumentContentServer.java:571)
	at com.topcoder.service.studio.contest.documentcontentservers.SocketDocumentContentServer$SocketDocumentContentWorker.run(SocketDocumentContentServer.java:442)
	at java.lang.Thread.run(Thread.java:595)
There are errors in run().
com.topcoder.service.studio.contest.documentcontentservers.InvalidRequestException: Unrecognized request type: 0
	at com.topcoder.service.studio.contest.documentcontentservers.SocketDocumentContentServer$SocketDocumentContentWorker.processData(SocketDocumentContentServer.java:571)
	at com.topcoder.service.studio.contest.documentcontentservers.SocketDocumentContentServer$SocketDocumentContentWorker.run(SocketDocumentContentServer.java:442)
	at java.lang.Thread.run(Thread.java:595)
There are errors in run().
com.topcoder.service.studio.contest.documentcontentservers.InvalidRequestException: Unrecognized request type: 0
	at com.topcoder.service.studio.contest.documentcontentservers.SocketDocumentContentServer$SocketDocumentContentWorker.processData(SocketDocumentContentServer.java:571)
	at com.topcoder.service.studio.contest.documentcontentservers.SocketDocumentContentServer$SocketDocumentContentWorker.run(SocketDocumentContentServer.java:442)
	at java.lang.Thread.run(Thread.java:595)
There are errors in run().
com.topcoder.service.studio.contest.documentcontentservers.InvalidRequestException: Unrecognized request type: 0
	at com.topcoder.service.studio.contest.documentcontentservers.SocketDocumentContentServer$SocketDocumentContentWorker.processData(SocketDocumentContentServer.java:571)
	at com.topcoder.service.studio.contest.documentcontentservers.SocketDocumentContentServer$SocketDocumentContentWorker.run(SocketDocumentContentServer.java:442)
	at java.lang.Thread.run(Thread.java:595)
There are errors in run().
com.topcoder.service.studio.contest.documentcontentservers.InvalidRequestException: Unrecognized request type: 0
	at com.topcoder.service.studio.contest.documentcontentservers.SocketDocumentContentServer$SocketDocumentContentWorker.processData(SocketDocumentContentServer.java:571)
	at com.topcoder.service.studio.contest.documentcontentservers.SocketDocumentContentServer$SocketDocumentContentWorker.run(SocketDocumentContentServer.java:442)
	at java.lang.Thread.run(Thread.java:595)
There are errors in run().
com.topcoder.service.studio.contest.documentcontentservers.InvalidRequestException: Unrecognized request type: 0
	at com.topcoder.service.studio.contest.documentcontentservers.SocketDocumentContentServer$SocketDocumentContentWorker.processData(SocketDocumentContentServer.java:571)
	at com.topcoder.service.studio.contest.documentcontentservers.SocketDocumentContentServer$SocketDocumentContentWorker.run(SocketDocumentContentServer.java:442)
	at java.lang.Thread.run(Thread.java:595)
There are errors in run().
com.topcoder.service.studio.contest.documentcontentservers.InvalidRequestException: Unrecognized request type: 0
	at com.topcoder.service.studio.contest.documentcontentservers.SocketDocumentContentServer$SocketDocumentContentWorker.processData(SocketDocumentContentServer.java:571)
	at com.topcoder.service.studio.contest.documentcontentservers.SocketDocumentContentServer$SocketDocumentContentWorker.run(SocketDocumentContentServer.java:442)
	at java.lang.Thread.run(Thread.java:595)
There are errors in run().
com.topcoder.service.studio.contest.documentcontentservers.InvalidRequestException: Unrecognized request type: 0
	at com.topcoder.service.studio.contest.documentcontentservers.SocketDocumentContentServer$SocketDocumentContentWorker.processData(SocketDocumentContentServer.java:571)
	at com.topcoder.service.studio.contest.documentcontentservers.SocketDocumentContentServer$SocketDocumentContentWorker.run(SocketDocumentContentServer.java:442)
	at java.lang.Thread.run(Thread.java:595)
There are errors in run().
com.topcoder.service.studio.contest.documentcontentservers.InvalidRequestException: Unrecognized request type: 0
	at com.topcoder.service.studio.contest.documentcontentservers.SocketDocumentContentServer$SocketDocumentContentWorker.processData(SocketDocumentContentServer.java:571)
	at com.topcoder.service.studio.contest.documentcontentservers.SocketDocumentContentServer$SocketDocumentContentWorker.run(SocketDocumentContentServer.java:442)
	at java.lang.Thread.run(Thread.java:595)
There are errors in run().
com.topcoder.service.studio.contest.documentcontentservers.InvalidRequestException: Unrecognized request type: 0
	at com.topcoder.service.studio.contest.documentcontentservers.SocketDocumentContentServer$SocketDocumentContentWorker.processData(SocketDocumentContentServer.java:571)
	at com.topcoder.service.studio.contest.documentcontentservers.SocketDocumentContentServer$SocketDocumentContentWorker.run(SocketDocumentContentServer.java:442)
	at java.lang.Thread.run(Thread.java:595)
There are errors in run().
com.topcoder.service.studio.contest.documentcontentservers.InvalidRequestException: Unrecognized request type: 0
	at com.topcoder.service.studio.contest.documentcontentservers.SocketDocumentContentServer$SocketDocumentContentWorker.processData(SocketDocumentContentServer.java:571)
	at com.topcoder.service.studio.contest.documentcontentservers.SocketDocumentContentServer$SocketDocumentContentWorker.run(SocketDocumentContentServer.java:442)
	at java.lang.Thread.run(Thread.java:595)
There are errors in run().
com.topcoder.service.studio.contest.documentcontentservers.InvalidRequestException: Unrecognized request type: 0
	at com.topcoder.service.studio.contest.documentcontentservers.SocketDocumentContentServer$SocketDocumentContentWorker.processData(SocketDocumentContentServer.java:571)
	at com.topcoder.service.studio.contest.documentcontentservers.SocketDocumentContentServer$SocketDocumentContentWorker.run(SocketDocumentContentServer.java:442)
	at java.lang.Thread.run(Thread.java:595)
There are errors in run().
com.topcoder.service.studio.contest.documentcontentservers.InvalidRequestException: Unrecognized request type: 0
	at com.topcoder.service.studio.contest.documentcontentservers.SocketDocumentContentServer$SocketDocumentContentWorker.processData(SocketDocumentContentServer.java:571)
	at com.topcoder.service.studio.contest.documentcontentservers.SocketDocumentContentServer$SocketDocumentContentWorker.run(SocketDocumentContentServer.java:442)
	at java.lang.Thread.run(Thread.java:595)
There are errors in run().
com.topcoder.service.studio.contest.documentcontentservers.InvalidRequestException: Unrecognized request type: 0
	at com.topcoder.service.studio.contest.documentcontentservers.SocketDocumentContentServer$SocketDocumentContentWorker.processData(SocketDocumentContentServer.java:571)
	at com.topcoder.service.studio.contest.documentcontentservers.SocketDocumentContentServer$SocketDocumentContentWorker.run(SocketDocumentContentServer.java:442)
	at java.lang.Thread.run(Thread.java:595)
There are errors in run().
com.topcoder.service.studio.contest.documentcontentservers.InvalidRequestException: Unrecognized request type: 0
	at com.topcoder.service.studio.contest.documentcontentservers.SocketDocumentContentServer$SocketDocumentContentWorker.processData(SocketDocumentContentServer.java:571)
	at com.topcoder.service.studio.contest.documentcontentservers.SocketDocumentContentServer$SocketDocumentContentWorker.run(SocketDocumentContentServer.java:442)
	at java.lang.Thread.run(Thread.java:595)
There are errors in run().
com.topcoder.service.studio.contest.documentcontentservers.InvalidRequestException: Unrecognized request type: 0
	at com.topcoder.service.studio.contest.documentcontentservers.SocketDocumentContentServer$SocketDocumentContentWorker.processData(SocketDocumentContentServer.java:571)
	at com.topcoder.service.studio.contest.documentcontentservers.SocketDocumentContentServer$SocketDocumentContentWorker.run(SocketDocumentContentServer.java:442)
	at java.lang.Thread.run(Thread.java:595)
There are errors in run().
com.topcoder.service.studio.contest.documentcontentservers.InvalidRequestException: Unrecognized request type: 0
	at com.topcoder.service.studio.contest.documentcontentservers.SocketDocumentContentServer$SocketDocumentContentWorker.processData(SocketDocumentContentServer.java:571)
	at com.topcoder.service.studio.contest.documentcontentservers.SocketDocumentContentServer$SocketDocumentContentWorker.run(SocketDocumentContentServer.java:442)
	at java.lang.Thread.run(Thread.java:595)
There are errors in run().
com.topcoder.service.studio.contest.documentcontentservers.InvalidRequestException: Unrecognized request type: 0
	at com.topcoder.service.studio.contest.documentcontentservers.SocketDocumentContentServer$SocketDocumentContentWorker.processData(SocketDocumentContentServer.java:571)
	at com.topcoder.service.studio.contest.documentcontentservers.SocketDocumentContentServer$SocketDocumentContentWorker.run(SocketDocumentContentServer.java:442)
	at java.lang.Thread.run(Thread.java:595)
There are errors in run().
com.topcoder.service.studio.contest.documentcontentservers.InvalidRequestException: Unrecognized request type: 0
	at com.topcoder.service.studio.contest.documentcontentservers.SocketDocumentContentServer$SocketDocumentContentWorker.processData(SocketDocumentContentServer.java:571)
	at com.topcoder.service.studio.contest.documentcontentservers.SocketDocumentContentServer$SocketDocumentContentWorker.run(SocketDocumentContentServer.java:442)
	at java.lang.Thread.run(Thread.java:595)
There are errors in run().
com.topcoder.service.studio.contest.documentcontentservers.InvalidRequestException: Unrecognized request type: 0
	at com.topcoder.service.studio.contest.documentcontentservers.SocketDocumentContentServer$SocketDocumentContentWorker.processData(SocketDocumentContentServer.java:571)
	at com.topcoder.service.studio.contest.documentcontentservers.SocketDocumentContentServer$SocketDocumentContentWorker.run(SocketDocumentContentServer.java:442)
	at java.lang.Thread.run(Thread.java:595)
There are errors in run().
com.topcoder.service.studio.contest.documentcontentservers.InvalidRequestException: Unrecognized request type: 0
	at com.topcoder.service.studio.contest.documentcontentservers.SocketDocumentContentServer$SocketDocumentContentWorker.processData(SocketDocumentContentServer.java:571)
	at com.topcoder.service.studio.contest.documentcontentservers.SocketDocumentContentServer$SocketDocumentContentWorker.run(SocketDocumentContentServer.java:442)
	at java.lang.Thread.run(Thread.java:595)
There are errors in run().
com.topcoder.service.studio.contest.documentcontentservers.InvalidRequestException: Unrecognized request type: 0
	at com.topcoder.service.studio.contest.documentcontentservers.SocketDocumentContentServer$SocketDocumentContentWorker.processData(SocketDocumentContentServer.java:571)
	at com.topcoder.service.studio.contest.documentcontentservers.SocketDocumentContentServer$SocketDocumentContentWorker.run(SocketDocumentContentServer.java:442)
	at java.lang.Thread.run(Thread.java:595)
There are errors in run().
com.topcoder.service.studio.contest.documentcontentservers.InvalidRequestException: Unrecognized request type: 0
	at com.topcoder.service.studio.contest.documentcontentservers.SocketDocumentContentServer$SocketDocumentContentWorker.processData(SocketDocumentContentServer.java:571)
	at com.topcoder.service.studio.contest.documentcontentservers.SocketDocumentContentServer$SocketDocumentContentWorker.run(SocketDocumentContentServer.java:442)
	at java.lang.Thread.run(Thread.java:595)
There are errors in run().
com.topcoder.service.studio.contest.documentcontentservers.InvalidRequestException: Unrecognized request type: 0
	at com.topcoder.service.studio.contest.documentcontentservers.SocketDocumentContentServer$SocketDocumentContentWorker.processData(SocketDocumentContentServer.java:571)
	at com.topcoder.service.studio.contest.documentcontentservers.SocketDocumentContentServer$SocketDocumentContentWorker.run(SocketDocumentContentServer.java:442)
	at java.lang.Thread.run(Thread.java:595)
There are errors in run().
com.topcoder.service.studio.contest.documentcontentservers.InvalidRequestException: Unrecognized request type: 0
	at com.topcoder.service.studio.contest.documentcontentservers.SocketDocumentContentServer$SocketDocumentContentWorker.processData(SocketDocumentContentServer.java:571)
	at com.topcoder.service.studio.contest.documentcontentservers.SocketDocumentContentServer$SocketDocumentContentWorker.run(SocketDocumentContentServer.java:442)
	at java.lang.Thread.run(Thread.java:595)
There are errors in run().
com.topcoder.service.studio.contest.documentcontentservers.InvalidRequestException: Unrecognized request type: 0
	at com.topcoder.service.studio.contest.documentcontentservers.SocketDocumentContentServer$SocketDocumentContentWorker.processData(SocketDocumentContentServer.java:571)
	at com.topcoder.service.studio.contest.documentcontentservers.SocketDocumentContentServer$SocketDocumentContentWorker.run(SocketDocumentContentServer.java:442)
	at java.lang.Thread.run(Thread.java:595)
There are errors in run().
com.topcoder.service.studio.contest.documentcontentservers.InvalidRequestException: Unrecognized request type: 0
	at com.topcoder.service.studio.contest.documentcontentservers.SocketDocumentContentServer$SocketDocumentContentWorker.processData(SocketDocumentContentServer.java:571)
	at com.topcoder.service.studio.contest.documentcontentservers.SocketDocumentContentServer$SocketDocumentContentWorker.run(SocketDocumentContentServer.java:442)
	at java.lang.Thread.run(Thread.java:595)
There are errors in run().
com.topcoder.service.studio.contest.documentcontentservers.InvalidRequestException: Unrecognized request type: 0
	at com.topcoder.service.studio.contest.documentcontentservers.SocketDocumentContentServer$SocketDocumentContentWorker.processData(SocketDocumentContentServer.java:571)
	at com.topcoder.service.studio.contest.documentcontentservers.SocketDocumentContentServer$SocketDocumentContentWorker.run(SocketDocumentContentServer.java:442)
	at java.lang.Thread.run(Thread.java:595)
There are errors in run().
com.topcoder.service.studio.contest.documentcontentservers.InvalidRequestException: Unrecognized request type: 0
	at com.topcoder.service.studio.contest.documentcontentservers.SocketDocumentContentServer$SocketDocumentContentWorker.processData(SocketDocumentContentServer.java:571)
	at com.topcoder.service.studio.contest.documentcontentservers.SocketDocumentContentServer$SocketDocumentContentWorker.run(SocketDocumentContentServer.java:442)
	at java.lang.Thread.run(Thread.java:595)
There are errors in run().
com.topcoder.service.studio.contest.documentcontentservers.InvalidRequestException: Unrecognized request type: 0
	at com.topcoder.service.studio.contest.documentcontentservers.SocketDocumentContentServer$SocketDocumentContentWorker.processData(SocketDocumentContentServer.java:571)
	at com.topcoder.service.studio.contest.documentcontentservers.SocketDocumentContentServer$SocketDocumentContentWorker.run(SocketDocumentContentServer.java:442)
	at java.lang.Thread.run(Thread.java:595)
There are errors in run().
com.topcoder.service.studio.contest.documentcontentservers.InvalidRequestException: Unrecognized request type: 0
	at com.topcoder.service.studio.contest.documentcontentservers.SocketDocumentContentServer$SocketDocumentContentWorker.processData(SocketDocumentContentServer.java:571)
	at com.topcoder.service.studio.contest.documentcontentservers.SocketDocumentContentServer$SocketDocumentContentWorker.run(SocketDocumentContentServer.java:442)
	at java.lang.Thread.run(Thread.java:595)
There are errors in run().
com.topcoder.service.studio.contest.documentcontentservers.InvalidRequestException: Unrecognized request type: 0
	at com.topcoder.service.studio.contest.documentcontentservers.SocketDocumentContentServer$SocketDocumentContentWorker.processData(SocketDocumentContentServer.java:571)
	at com.topcoder.service.studio.contest.documentcontentservers.SocketDocumentContentServer$SocketDocumentContentWorker.run(SocketDocumentContentServer.java:442)
	at java.lang.Thread.run(Thread.java:595)
There are errors in run().
com.topcoder.service.studio.contest.documentcontentservers.InvalidRequestException: Unrecognized request type: 0
	at com.topcoder.service.studio.contest.documentcontentservers.SocketDocumentContentServer$SocketDocumentContentWorker.processData(SocketDocumentContentServer.java:571)
	at com.topcoder.service.studio.contest.documentcontentservers.SocketDocumentContentServer$SocketDocumentContentWorker.run(SocketDocumentContentServer.java:442)
	at java.lang.Thread.run(Thread.java:595)
There are errors in run().
com.topcoder.service.studio.contest.documentcontentservers.InvalidRequestException: Unrecognized request type: 0
	at com.topcoder.service.studio.contest.documentcontentservers.SocketDocumentContentServer$SocketDocumentContentWorker.processData(SocketDocumentContentServer.java:571)
	at com.topcoder.service.studio.contest.documentcontentservers.SocketDocumentContentServer$SocketDocumentContentWorker.run(SocketDocumentContentServer.java:442)
	at java.lang.Thread.run(Thread.java:595)
There are errors in run().
com.topcoder.service.studio.contest.documentcontentservers.InvalidRequestException: Unrecognized request type: 0
	at com.topcoder.service.studio.contest.documentcontentservers.SocketDocumentContentServer$SocketDocumentContentWorker.processData(SocketDocumentContentServer.java:571)
	at com.topcoder.service.studio.contest.documentcontentservers.SocketDocumentContentServer$SocketDocumentContentWorker.run(SocketDocumentContentServer.java:442)
	at java.lang.Thread.run(Thread.java:595)
There are errors in run().
com.topcoder.service.studio.contest.documentcontentservers.InvalidRequestException: Unrecognized request type: 0
	at com.topcoder.service.studio.contest.documentcontentservers.SocketDocumentContentServer$SocketDocumentContentWorker.processData(SocketDocumentContentServer.java:571)
	at com.topcoder.service.studio.contest.documentcontentservers.SocketDocumentContentServer$SocketDocumentContentWorker.run(SocketDocumentContentServer.java:442)
	at java.lang.Thread.run(Thread.java:595)
There are errors in run().
com.topcoder.service.studio.contest.documentcontentservers.InvalidRequestException: Unrecognized request type: 0
	at com.topcoder.service.studio.contest.documentcontentservers.SocketDocumentContentServer$SocketDocumentContentWorker.processData(SocketDocumentContentServer.java:571)
	at com.topcoder.service.studio.contest.documentcontentservers.SocketDocumentContentServer$SocketDocumentContentWorker.run(SocketDocumentContentServer.java:442)
	at java.lang.Thread.run(Thread.java:595)
There are errors in run().
com.topcoder.service.studio.contest.documentcontentservers.InvalidRequestException: Unrecognized request type: 0
	at com.topcoder.service.studio.contest.documentcontentservers.SocketDocumentContentServer$SocketDocumentContentWorker.processData(SocketDocumentContentServer.java:571)
	at com.topcoder.service.studio.contest.documentcontentservers.SocketDocumentContentServer$SocketDocumentContentWorker.run(SocketDocumentContentServer.java:442)
	at java.lang.Thread.run(Thread.java:595)
There are errors in run().
com.topcoder.service.studio.contest.documentcontentservers.InvalidRequestException: Unrecognized request type: 0
	at com.topcoder.service.studio.contest.documentcontentservers.SocketDocumentContentServer$SocketDocumentContentWorker.processData(SocketDocumentContentServer.java:571)
	at com.topcoder.service.studio.contest.documentcontentservers.SocketDocumentContentServer$SocketDocumentContentWorker.run(SocketDocumentContentServer.java:442)
	at java.lang.Thread.run(Thread.java:595)
There are errors in run().
com.topcoder.service.studio.contest.documentcontentservers.InvalidRequestException: Unrecognized request type: 0
	at com.topcoder.service.studio.contest.documentcontentservers.SocketDocumentContentServer$SocketDocumentContentWorker.processData(SocketDocumentContentServer.java:571)
	at com.topcoder.service.studio.contest.documentcontentservers.SocketDocumentContentServer$SocketDocumentContentWorker.run(SocketDocumentContentServer.java:442)
	at java.lang.Thread.run(Thread.java:595)
There are errors in run().
com.topcoder.service.studio.contest.documentcontentservers.InvalidRequestException: Unrecognized request type: 0
	at com.topcoder.service.studio.contest.documentcontentservers.SocketDocumentContentServer$SocketDocumentContentWorker.processData(SocketDocumentContentServer.java:571)
	at com.topcoder.service.studio.contest.documentcontentservers.SocketDocumentContentServer$SocketDocumentContentWorker.run(SocketDocumentContentServer.java:442)
	at java.lang.Thread.run(Thread.java:595)
There are errors in run().
com.topcoder.service.studio.contest.documentcontentservers.InvalidRequestException: Unrecognized request type: 0
	at com.topcoder.service.studio.contest.documentcontentservers.SocketDocumentContentServer$SocketDocumentContentWorker.processData(SocketDocumentContentServer.java:571)
	at com.topcoder.service.studio.contest.documentcontentservers.SocketDocumentContentServer$SocketDocumentContentWorker.run(SocketDocumentContentServer.java:442)
	at java.lang.Thread.run(Thread.java:595)
There are errors in run().
com.topcoder.service.studio.contest.documentcontentservers.InvalidRequestException: Unrecognized request type: 0
	at com.topcoder.service.studio.contest.documentcontentservers.SocketDocumentContentServer$SocketDocumentContentWorker.processData(SocketDocumentContentServer.java:571)
	at com.topcoder.service.studio.contest.documentcontentservers.SocketDocumentContentServer$SocketDocumentContentWorker.run(SocketDocumentContentServer.java:442)
	at java.lang.Thread.run(Thread.java:595)
There are errors in run().
com.topcoder.service.studio.contest.documentcontentservers.InvalidRequestException: Unrecognized request type: 0
	at com.topcoder.service.studio.contest.documentcontentservers.SocketDocumentContentServer$SocketDocumentContentWorker.processData(SocketDocumentContentServer.java:571)
	at com.topcoder.service.studio.contest.documentcontentservers.SocketDocumentContentServer$SocketDocumentContentWorker.run(SocketDocumentContentServer.java:442)
	at java.lang.Thread.run(Thread.java:595)
There are errors in run().
com.topcoder.service.studio.contest.documentcontentservers.InvalidRequestException: Unrecognized request type: 0
	at com.topcoder.service.studio.contest.documentcontentservers.SocketDocumentContentServer$SocketDocumentContentWorker.processData(SocketDocumentContentServer.java:571)
	at com.topcoder.service.studio.contest.documentcontentservers.SocketDocumentContentServer$SocketDocumentContentWorker.run(SocketDocumentContentServer.java:442)
	at java.lang.Thread.run(Thread.java:595)
There are errors in run().
com.topcoder.service.studio.contest.documentcontentservers.InvalidRequestException: Unrecognized request type: 0
	at com.topcoder.service.studio.contest.documentcontentservers.SocketDocumentContentServer$SocketDocumentContentWorker.processData(SocketDocumentContentServer.java:571)
	at com.topcoder.service.studio.contest.documentcontentservers.SocketDocumentContentServer$SocketDocumentContentWorker.run(SocketDocumentContentServer.java:442)
	at java.lang.Thread.run(Thread.java:595)
There are errors in run().
com.topcoder.service.studio.contest.documentcontentservers.InvalidRequestException: Unrecognized request type: 0
	at com.topcoder.service.studio.contest.documentcontentservers.SocketDocumentContentServer$SocketDocumentContentWorker.processData(SocketDocumentContentServer.java:571)
	at com.topcoder.service.studio.contest.documentcontentservers.SocketDocumentContentServer$SocketDocumentContentWorker.run(SocketDocumentContentServer.java:442)
	at java.lang.Thread.run(Thread.java:595)
There are errors in run().
com.topcoder.service.studio.contest.documentcontentservers.InvalidRequestException: Unrecognized request type: 0
	at com.topcoder.service.studio.contest.documentcontentservers.SocketDocumentContentServer$SocketDocumentContentWorker.processData(SocketDocumentContentServer.java:571)
	at com.topcoder.service.studio.contest.documentcontentservers.SocketDocumentContentServer$SocketDocumentContentWorker.run(SocketDocumentContentServer.java:442)
	at java.lang.Thread.run(Thread.java:595)
There are errors in run().
com.topcoder.service.studio.contest.documentcontentservers.InvalidRequestException: Unrecognized request type: 0
	at com.topcoder.service.studio.contest.documentcontentservers.SocketDocumentContentServer$SocketDocumentContentWorker.processData(SocketDocumentContentServer.java:571)
	at com.topcoder.service.studio.contest.documentcontentservers.SocketDocumentContentServer$SocketDocumentContentWorker.run(SocketDocumentContentServer.java:442)
	at java.lang.Thread.run(Thread.java:595)
There are errors in run().
com.topcoder.service.studio.contest.documentcontentservers.InvalidRequestException: Unrecognized request type: 0
	at com.topcoder.service.studio.contest.documentcontentservers.SocketDocumentContentServer$SocketDocumentContentWorker.processData(SocketDocumentContentServer.java:571)
	at com.topcoder.service.studio.contest.documentcontentservers.SocketDocumentContentServer$SocketDocumentContentWorker.run(SocketDocumentContentServer.java:442)
	at java.lang.Thread.run(Thread.java:595)
There are errors in run().
com.topcoder.service.studio.contest.documentcontentservers.InvalidRequestException: Unrecognized request type: 0
	at com.topcoder.service.studio.contest.documentcontentservers.SocketDocumentContentServer$SocketDocumentContentWorker.processData(SocketDocumentContentServer.java:571)
	at com.topcoder.service.studio.contest.documentcontentservers.SocketDocumentContentServer$SocketDocumentContentWorker.run(SocketDocumentContentServer.java:442)
	at java.lang.Thread.run(Thread.java:595)
There are errors in run().
com.topcoder.service.studio.contest.documentcontentservers.InvalidRequestException: Unrecognized request type: 0
	at com.topcoder.service.studio.contest.documentcontentservers.SocketDocumentContentServer$SocketDocumentContentWorker.processData(SocketDocumentContentServer.java:571)
	at com.topcoder.service.studio.contest.documentcontentservers.SocketDocumentContentServer$SocketDocumentContentWorker.run(SocketDocumentContentServer.java:442)
	at java.lang.Thread.run(Thread.java:595)
There are errors in run().
com.topcoder.service.studio.contest.documentcontentservers.InvalidRequestException: Unrecognized request type: 0
	at com.topcoder.service.studio.contest.documentcontentservers.SocketDocumentContentServer$SocketDocumentContentWorker.processData(SocketDocumentContentServer.java:571)
	at com.topcoder.service.studio.contest.documentcontentservers.SocketDocumentContentServer$SocketDocumentContentWorker.run(SocketDocumentContentServer.java:442)
	at java.lang.Thread.run(Thread.java:595)
There are errors in run().
com.topcoder.service.studio.contest.documentcontentservers.InvalidRequestException: Unrecognized request type: 0
	at com.topcoder.service.studio.contest.documentcontentservers.SocketDocumentContentServer$SocketDocumentContentWorker.processData(SocketDocumentContentServer.java:571)
	at com.topcoder.service.studio.contest.documentcontentservers.SocketDocumentContentServer$SocketDocumentContentWorker.run(SocketDocumentContentServer.java:442)
	at java.lang.Thread.run(Thread.java:595)
There are errors in run().
com.topcoder.service.studio.contest.documentcontentservers.InvalidRequestException: Unrecognized request type: 0
	at com.topcoder.service.studio.contest.documentcontentservers.SocketDocumentContentServer$SocketDocumentContentWorker.processData(SocketDocumentContentServer.java:571)
	at com.topcoder.service.studio.contest.documentcontentservers.SocketDocumentContentServer$SocketDocumentContentWorker.run(SocketDocumentContentServer.java:442)
	at java.lang.Thread.run(Thread.java:595)
There are errors in run().
com.topcoder.service.studio.contest.documentcontentservers.InvalidRequestException: Unrecognized request type: 0
	at com.topcoder.service.studio.contest.documentcontentservers.SocketDocumentContentServer$SocketDocumentContentWorker.processData(SocketDocumentContentServer.java:571)
	at com.topcoder.service.studio.contest.documentcontentservers.SocketDocumentContentServer$SocketDocumentContentWorker.run(SocketDocumentContentServer.java:442)
	at java.lang.Thread.run(Thread.java:595)
There are errors in run().
com.topcoder.service.studio.contest.documentcontentservers.InvalidRequestException: Unrecognized request type: 0
	at com.topcoder.service.studio.contest.documentcontentservers.SocketDocumentContentServer$SocketDocumentContentWorker.processData(SocketDocumentContentServer.java:571)
	at com.topcoder.service.studio.contest.documentcontentservers.SocketDocumentContentServer$SocketDocumentContentWorker.run(SocketDocumentContentServer.java:442)
	at java.lang.Thread.run(Thread.java:595)
There are errors in run().
com.topcoder.service.studio.contest.documentcontentservers.InvalidRequestException: Unrecognized request type: 0
	at com.topcoder.service.studio.contest.documentcontentservers.SocketDocumentContentServer$SocketDocumentContentWorker.processData(SocketDocumentContentServer.java:571)
	at com.topcoder.service.studio.contest.documentcontentservers.SocketDocumentContentServer$SocketDocumentContentWorker.run(SocketDocumentContentServer.java:442)
	at java.lang.Thread.run(Thread.java:595)
There are errors in run().
com.topcoder.service.studio.contest.documentcontentservers.InvalidRequestException: Unrecognized request type: 0
	at com.topcoder.service.studio.contest.documentcontentservers.SocketDocumentContentServer$SocketDocumentContentWorker.processData(SocketDocumentContentServer.java:571)
	at com.topcoder.service.studio.contest.documentcontentservers.SocketDocumentContentServer$SocketDocumentContentWorker.run(SocketDocumentContentServer.java:442)
	at java.lang.Thread.run(Thread.java:595)
There are errors in run().
com.topcoder.service.studio.contest.documentcontentservers.InvalidRequestException: Unrecognized request type: 0
	at com.topcoder.service.studio.contest.documentcontentservers.SocketDocumentContentServer$SocketDocumentContentWorker.processData(SocketDocumentContentServer.java:571)
	at com.topcoder.service.studio.contest.documentcontentservers.SocketDocumentContentServer$SocketDocumentContentWorker.run(SocketDocumentContentServer.java:442)
	at java.lang.Thread.run(Thread.java:595)
There are errors in run().
com.topcoder.service.studio.contest.documentcontentservers.InvalidRequestException: Unrecognized request type: 0
	at com.topcoder.service.studio.contest.documentcontentservers.SocketDocumentContentServer$SocketDocumentContentWorker.processData(SocketDocumentContentServer.java:571)
	at com.topcoder.service.studio.contest.documentcontentservers.SocketDocumentContentServer$SocketDocumentContentWorker.run(SocketDocumentContentServer.java:442)
	at java.lang.Thread.run(Thread.java:595)
There are errors in run().
com.topcoder.service.studio.contest.documentcontentservers.InvalidRequestException: Unrecognized request type: 0
	at com.topcoder.service.studio.contest.documentcontentservers.SocketDocumentContentServer$SocketDocumentContentWorker.processData(SocketDocumentContentServer.java:571)
	at com.topcoder.service.studio.contest.documentcontentservers.SocketDocumentContentServer$SocketDocumentContentWorker.run(SocketDocumentContentServer.java:442)
	at java.lang.Thread.run(Thread.java:595)
There are errors in run().
com.topcoder.service.studio.contest.documentcontentservers.InvalidRequestException: Unrecognized request type: 0
	at com.topcoder.service.studio.contest.documentcontentservers.SocketDocumentContentServer$SocketDocumentContentWorker.processData(SocketDocumentContentServer.java:571)
	at com.topcoder.service.studio.contest.documentcontentservers.SocketDocumentContentServer$SocketDocumentContentWorker.run(SocketDocumentContentServer.java:442)
	at java.lang.Thread.run(Thread.java:595)
There are errors in run().
com.topcoder.service.studio.contest.documentcontentservers.InvalidRequestException: Unrecognized request type: 0
	at com.topcoder.service.studio.contest.documentcontentservers.SocketDocumentContentServer$SocketDocumentContentWorker.processData(SocketDocumentContentServer.java:571)
	at com.topcoder.service.studio.contest.documentcontentservers.SocketDocumentContentServer$SocketDocumentContentWorker.run(SocketDocumentContentServer.java:442)
	at java.lang.Thread.run(Thread.java:595)
There are errors in run().
com.topcoder.service.studio.contest.documentcontentservers.InvalidRequestException: Unrecognized request type: 0
	at com.topcoder.service.studio.contest.documentcontentservers.SocketDocumentContentServer$SocketDocumentContentWorker.processData(SocketDocumentContentServer.java:571)
	at com.topcoder.service.studio.contest.documentcontentservers.SocketDocumentContentServer$SocketDocumentContentWorker.run(SocketDocumentContentServer.java:442)
	at java.lang.Thread.run(Thread.java:595)
There are errors in run().
com.topcoder.service.studio.contest.documentcontentservers.InvalidRequestException: Unrecognized request type: 0
	at com.topcoder.service.studio.contest.documentcontentservers.SocketDocumentContentServer$SocketDocumentContentWorker.processData(SocketDocumentContentServer.java:571)
	at com.topcoder.service.studio.contest.documentcontentservers.SocketDocumentContentServer$SocketDocumentContentWorker.run(SocketDocumentContentServer.java:442)
	at java.lang.Thread.run(Thread.java:595)
There are errors in run().
com.topcoder.service.studio.contest.documentcontentservers.InvalidRequestException: Unrecognized request type: 0
	at com.topcoder.service.studio.contest.documentcontentservers.SocketDocumentContentServer$SocketDocumentContentWorker.processData(SocketDocumentContentServer.java:571)
	at com.topcoder.service.studio.contest.documentcontentservers.SocketDocumentContentServer$SocketDocumentContentWorker.run(SocketDocumentContentServer.java:442)
	at java.lang.Thread.run(Thread.java:595)
There are errors in run().
com.topcoder.service.studio.contest.documentcontentservers.InvalidRequestException: Unrecognized request type: 0
	at com.topcoder.service.studio.contest.documentcontentservers.SocketDocumentContentServer$SocketDocumentContentWorker.processData(SocketDocumentContentServer.java:571)
	at com.topcoder.service.studio.contest.documentcontentservers.SocketDocumentContentServer$SocketDocumentContentWorker.run(SocketDocumentContentServer.java:442)
	at java.lang.Thread.run(Thread.java:595)
There are errors in run().
com.topcoder.service.studio.contest.documentcontentservers.InvalidRequestException: Unrecognized request type: 0
	at com.topcoder.service.studio.contest.documentcontentservers.SocketDocumentContentServer$SocketDocumentContentWorker.processData(SocketDocumentContentServer.java:571)
	at com.topcoder.service.studio.contest.documentcontentservers.SocketDocumentContentServer$SocketDocumentContentWorker.run(SocketDocumentContentServer.java:442)
	at java.lang.Thread.run(Thread.java:595)
There are errors in run().
com.topcoder.service.studio.contest.documentcontentservers.InvalidRequestException: Unrecognized request type: 0
	at com.topcoder.service.studio.contest.documentcontentservers.SocketDocumentContentServer$SocketDocumentContentWorker.processData(SocketDocumentContentServer.java:571)
	at com.topcoder.service.studio.contest.documentcontentservers.SocketDocumentContentServer$SocketDocumentContentWorker.run(SocketDocumentContentServer.java:442)
	at java.lang.Thread.run(Thread.java:595)
There are errors in run().
com.topcoder.service.studio.contest.documentcontentservers.InvalidRequestException: Unrecognized request type: 0
	at com.topcoder.service.studio.contest.documentcontentservers.SocketDocumentContentServer$SocketDocumentContentWorker.processData(SocketDocumentContentServer.java:571)
	at com.topcoder.service.studio.contest.documentcontentservers.SocketDocumentContentServer$SocketDocumentContentWorker.run(SocketDocumentContentServer.java:442)
	at java.lang.Thread.run(Thread.java:595)
There are errors in run().
com.topcoder.service.studio.contest.documentcontentservers.InvalidRequestException: Unrecognized request type: 0
	at com.topcoder.service.studio.contest.documentcontentservers.SocketDocumentContentServer$SocketDocumentContentWorker.processData(SocketDocumentContentServer.java:571)
	at com.topcoder.service.studio.contest.documentcontentservers.SocketDocumentContentServer$SocketDocumentContentWorker.run(SocketDocumentContentServer.java:442)
	at java.lang.Thread.run(Thread.java:595)
[08-4-11 下午10:16: Enter method stop()]
[08-4-11 下午10:16: Exit method stop()]
There are io errors while written the error message.
java.io.IOException: An established connection was aborted by the software in your host machine
	at sun.nio.ch.SocketDispatcher.write0(Native Method)
	at sun.nio.ch.SocketDispatcher.write(SocketDispatcher.java:33)
	at sun.nio.ch.IOUtil.writeFromNativeBuffer(IOUtil.java:104)
	at sun.nio.ch.IOUtil.write(IOUtil.java:75)
	at sun.nio.ch.SocketChannelImpl.write(SocketChannelImpl.java:302)
	at com.topcoder.service.studio.contest.documentcontentservers.SocketDocumentContentServer$SocketDocumentContentWorker.processException(SocketDocumentContentServer.java:498)
	at com.topcoder.service.studio.contest.documentcontentservers.SocketDocumentContentServer$SocketDocumentContentWorker.run(SocketDocumentContentServer.java:448)
	at java.lang.Thread.run(Thread.java:595)
[08-4-11 下午10:16: Enter method start()]
[08-4-11 下午10:16: Exit method Start()]
[08-4-11 下午10:16: Enter method stop()]
[08-4-11 下午10:16: Exit method stop()]
[08-4-11 下午10:16: Enter method stop()]
[08-4-11 下午10:16: Exit method stop()]
[08-4-11 下午10:16: Enter method stop()]
[08-4-11 下午10:16: Exit method stop()]
[08-4-11 下午10:16: Enter method stop()]
[08-4-11 下午10:16: Exit method stop()]
[08-4-11 下午10:16: Enter method stop()]
[08-4-11 下午10:16: Exit method stop()]
[08-4-11 下午10:16: Enter method stop()]
[08-4-11 下午10:16: Exit method stop()]
[08-4-11 下午10:16: Enter method stop()]
[08-4-11 下午10:16: Exit method stop()]
[08-4-11 下午10:16: Enter method start()]
[08-4-11 下午10:16: Exit method Start()]
There are errors in run().
com.topcoder.service.studio.contest.documentcontentservers.InvalidRequestException: Unrecognized request type: 0
	at com.topcoder.service.studio.contest.documentcontentservers.SocketDocumentContentServer$SocketDocumentContentWorker.processData(SocketDocumentContentServer.java:571)
	at com.topcoder.service.studio.contest.documentcontentservers.SocketDocumentContentServer$SocketDocumentContentWorker.run(SocketDocumentContentServer.java:442)
	at java.lang.Thread.run(Thread.java:595)
There are errors in run().
com.topcoder.service.studio.contest.documentcontentservers.InvalidRequestException: Unrecognized request type: 0
	at com.topcoder.service.studio.contest.documentcontentservers.SocketDocumentContentServer$SocketDocumentContentWorker.processData(SocketDocumentContentServer.java:571)
	at com.topcoder.service.studio.contest.documentcontentservers.SocketDocumentContentServer$SocketDocumentContentWorker.run(SocketDocumentContentServer.java:442)
	at java.lang.Thread.run(Thread.java:595)
There are errors in run().
com.topcoder.service.studio.contest.documentcontentservers.InvalidRequestException: Unrecognized request type: 0
	at com.topcoder.service.studio.contest.documentcontentservers.SocketDocumentContentServer$SocketDocumentContentWorker.processData(SocketDocumentContentServer.java:571)
	at com.topcoder.service.studio.contest.documentcontentservers.SocketDocumentContentServer$SocketDocumentContentWorker.run(SocketDocumentContentServer.java:442)
	at java.lang.Thread.run(Thread.java:595)
There are errors in run().
com.topcoder.service.studio.contest.documentcontentservers.InvalidRequestException: Unrecognized request type: 0
	at com.topcoder.service.studio.contest.documentcontentservers.SocketDocumentContentServer$SocketDocumentContentWorker.processData(SocketDocumentContentServer.java:571)
	at com.topcoder.service.studio.contest.documentcontentservers.SocketDocumentContentServer$SocketDocumentContentWorker.run(SocketDocumentContentServer.java:442)
	at java.lang.Thread.run(Thread.java:595)
There are errors in run().
com.topcoder.service.studio.contest.documentcontentservers.InvalidRequestException: Unrecognized request type: 0
	at com.topcoder.service.studio.contest.documentcontentservers.SocketDocumentContentServer$SocketDocumentContentWorker.processData(SocketDocumentContentServer.java:571)
	at com.topcoder.service.studio.contest.documentcontentservers.SocketDocumentContentServer$SocketDocumentContentWorker.run(SocketDocumentContentServer.java:442)
	at java.lang.Thread.run(Thread.java:595)
There are errors in run().
com.topcoder.service.studio.contest.documentcontentservers.InvalidRequestException: Unrecognized request type: 0
	at com.topcoder.service.studio.contest.documentcontentservers.SocketDocumentContentServer$SocketDocumentContentWorker.processData(SocketDocumentContentServer.java:571)
	at com.topcoder.service.studio.contest.documentcontentservers.SocketDocumentContentServer$SocketDocumentContentWorker.run(SocketDocumentContentServer.java:442)
	at java.lang.Thread.run(Thread.java:595)
There are errors in run().
com.topcoder.service.studio.contest.documentcontentservers.InvalidRequestException: Unrecognized request type: 0
	at com.topcoder.service.studio.contest.documentcontentservers.SocketDocumentContentServer$SocketDocumentContentWorker.processData(SocketDocumentContentServer.java:571)
	at com.topcoder.service.studio.contest.documentcontentservers.SocketDocumentContentServer$SocketDocumentContentWorker.run(SocketDocumentContentServer.java:442)
	at java.lang.Thread.run(Thread.java:595)
There are errors in run().
com.topcoder.service.studio.contest.documentcontentservers.InvalidRequestException: Unrecognized request type: 0
	at com.topcoder.service.studio.contest.documentcontentservers.SocketDocumentContentServer$SocketDocumentContentWorker.processData(SocketDocumentContentServer.java:571)
	at com.topcoder.service.studio.contest.documentcontentservers.SocketDocumentContentServer$SocketDocumentContentWorker.run(SocketDocumentContentServer.java:442)
	at java.lang.Thread.run(Thread.java:595)
There are errors in run().
com.topcoder.service.studio.contest.documentcontentservers.InvalidRequestException: Unrecognized request type: 0
	at com.topcoder.service.studio.contest.documentcontentservers.SocketDocumentContentServer$SocketDocumentContentWorker.processData(SocketDocumentContentServer.java:571)
	at com.topcoder.service.studio.contest.documentcontentservers.SocketDocumentContentServer$SocketDocumentContentWorker.run(SocketDocumentContentServer.java:442)
	at java.lang.Thread.run(Thread.java:595)
There are errors in run().
com.topcoder.service.studio.contest.documentcontentservers.InvalidRequestException: Unrecognized request type: 0
	at com.topcoder.service.studio.contest.documentcontentservers.SocketDocumentContentServer$SocketDocumentContentWorker.processData(SocketDocumentContentServer.java:571)
	at com.topcoder.service.studio.contest.documentcontentservers.SocketDocumentContentServer$SocketDocumentContentWorker.run(SocketDocumentContentServer.java:442)
	at java.lang.Thread.run(Thread.java:595)
There are errors in run().
com.topcoder.service.studio.contest.documentcontentservers.InvalidRequestException: Unrecognized request type: 0
	at com.topcoder.service.studio.contest.documentcontentservers.SocketDocumentContentServer$SocketDocumentContentWorker.processData(SocketDocumentContentServer.java:571)
	at com.topcoder.service.studio.contest.documentcontentservers.SocketDocumentContentServer$SocketDocumentContentWorker.run(SocketDocumentContentServer.java:442)
	at java.lang.Thread.run(Thread.java:595)
There are errors in run().
com.topcoder.service.studio.contest.documentcontentservers.InvalidRequestException: Unrecognized request type: 0
	at com.topcoder.service.studio.contest.documentcontentservers.SocketDocumentContentServer$SocketDocumentContentWorker.processData(SocketDocumentContentServer.java:571)
	at com.topcoder.service.studio.contest.documentcontentservers.SocketDocumentContentServer$SocketDocumentContentWorker.run(SocketDocumentContentServer.java:442)
	at java.lang.Thread.run(Thread.java:595)
There are errors in run().
com.topcoder.service.studio.contest.documentcontentservers.InvalidRequestException: Unrecognized request type: 0
	at com.topcoder.service.studio.contest.documentcontentservers.SocketDocumentContentServer$SocketDocumentContentWorker.processData(SocketDocumentContentServer.java:571)
	at com.topcoder.service.studio.contest.documentcontentservers.SocketDocumentContentServer$SocketDocumentContentWorker.run(SocketDocumentContentServer.java:442)
	at java.lang.Thread.run(Thread.java:595)
There are errors in run().
com.topcoder.service.studio.contest.documentcontentservers.InvalidRequestException: Unrecognized request type: 0
	at com.topcoder.service.studio.contest.documentcontentservers.SocketDocumentContentServer$SocketDocumentContentWorker.processData(SocketDocumentContentServer.java:571)
	at com.topcoder.service.studio.contest.documentcontentservers.SocketDocumentContentServer$SocketDocumentContentWorker.run(SocketDocumentContentServer.java:442)
	at java.lang.Thread.run(Thread.java:595)
There are errors in run().
com.topcoder.service.studio.contest.documentcontentservers.InvalidRequestException: Unrecognized request type: 0
	at com.topcoder.service.studio.contest.documentcontentservers.SocketDocumentContentServer$SocketDocumentContentWorker.processData(SocketDocumentContentServer.java:571)
	at com.topcoder.service.studio.contest.documentcontentservers.SocketDocumentContentServer$SocketDocumentContentWorker.run(SocketDocumentContentServer.java:442)
	at java.lang.Thread.run(Thread.java:595)
There are errors in run().
com.topcoder.service.studio.contest.documentcontentservers.InvalidRequestException: Unrecognized request type: 0
	at com.topcoder.service.studio.contest.documentcontentservers.SocketDocumentContentServer$SocketDocumentContentWorker.processData(SocketDocumentContentServer.java:571)
	at com.topcoder.service.studio.contest.documentcontentservers.SocketDocumentContentServer$SocketDocumentContentWorker.run(SocketDocumentContentServer.java:442)
	at java.lang.Thread.run(Thread.java:595)
There are errors in run().
com.topcoder.service.studio.contest.documentcontentservers.InvalidRequestException: Unrecognized request type: 0
	at com.topcoder.service.studio.contest.documentcontentservers.SocketDocumentContentServer$SocketDocumentContentWorker.processData(SocketDocumentContentServer.java:571)
	at com.topcoder.service.studio.contest.documentcontentservers.SocketDocumentContentServer$SocketDocumentContentWorker.run(SocketDocumentContentServer.java:442)
	at java.lang.Thread.run(Thread.java:595)
There are errors in run().
com.topcoder.service.studio.contest.documentcontentservers.InvalidRequestException: Unrecognized request type: 0
	at com.topcoder.service.studio.contest.documentcontentservers.SocketDocumentContentServer$SocketDocumentContentWorker.processData(SocketDocumentContentServer.java:571)
	at com.topcoder.service.studio.contest.documentcontentservers.SocketDocumentContentServer$SocketDocumentContentWorker.run(SocketDocumentContentServer.java:442)
	at java.lang.Thread.run(Thread.java:595)
There are errors in run().
com.topcoder.service.studio.contest.documentcontentservers.InvalidRequestException: Unrecognized request type: 0
	at com.topcoder.service.studio.contest.documentcontentservers.SocketDocumentContentServer$SocketDocumentContentWorker.processData(SocketDocumentContentServer.java:571)
	at com.topcoder.service.studio.contest.documentcontentservers.SocketDocumentContentServer$SocketDocumentContentWorker.run(SocketDocumentContentServer.java:442)
	at java.lang.Thread.run(Thread.java:595)
There are errors in run().
com.topcoder.service.studio.contest.documentcontentservers.InvalidRequestException: Unrecognized request type: 0
	at com.topcoder.service.studio.contest.documentcontentservers.SocketDocumentContentServer$SocketDocumentContentWorker.processData(SocketDocumentContentServer.java:571)
	at com.topcoder.service.studio.contest.documentcontentservers.SocketDocumentContentServer$SocketDocumentContentWorker.run(SocketDocumentContentServer.java:442)
	at java.lang.Thread.run(Thread.java:595)
There are errors in run().
com.topcoder.service.studio.contest.documentcontentservers.InvalidRequestException: Unrecognized request type: 0
	at com.topcoder.service.studio.contest.documentcontentservers.SocketDocumentContentServer$SocketDocumentContentWorker.processData(SocketDocumentContentServer.java:571)
	at com.topcoder.service.studio.contest.documentcontentservers.SocketDocumentContentServer$SocketDocumentContentWorker.run(SocketDocumentContentServer.java:442)
	at java.lang.Thread.run(Thread.java:595)
There are errors in run().
com.topcoder.service.studio.contest.documentcontentservers.InvalidRequestException: Unrecognized request type: 0
	at com.topcoder.service.studio.contest.documentcontentservers.SocketDocumentContentServer$SocketDocumentContentWorker.processData(SocketDocumentContentServer.java:571)
	at com.topcoder.service.studio.contest.documentcontentservers.SocketDocumentContentServer$SocketDocumentContentWorker.run(SocketDocumentContentServer.java:442)
	at java.lang.Thread.run(Thread.java:595)
There are errors in run().
com.topcoder.service.studio.contest.documentcontentservers.InvalidRequestException: Unrecognized request type: 0
	at com.topcoder.service.studio.contest.documentcontentservers.SocketDocumentContentServer$SocketDocumentContentWorker.processData(SocketDocumentContentServer.java:571)
	at com.topcoder.service.studio.contest.documentcontentservers.SocketDocumentContentServer$SocketDocumentContentWorker.run(SocketDocumentContentServer.java:442)
	at java.lang.Thread.run(Thread.java:595)
There are errors in run().
com.topcoder.service.studio.contest.documentcontentservers.InvalidRequestException: Unrecognized request type: 0
	at com.topcoder.service.studio.contest.documentcontentservers.SocketDocumentContentServer$SocketDocumentContentWorker.processData(SocketDocumentContentServer.java:571)
	at com.topcoder.service.studio.contest.documentcontentservers.SocketDocumentContentServer$SocketDocumentContentWorker.run(SocketDocumentContentServer.java:442)
	at java.lang.Thread.run(Thread.java:595)
There are errors in run().
com.topcoder.service.studio.contest.documentcontentservers.InvalidRequestException: Unrecognized request type: 0
	at com.topcoder.service.studio.contest.documentcontentservers.SocketDocumentContentServer$SocketDocumentContentWorker.processData(SocketDocumentContentServer.java:571)
	at com.topcoder.service.studio.contest.documentcontentservers.SocketDocumentContentServer$SocketDocumentContentWorker.run(SocketDocumentContentServer.java:442)
	at java.lang.Thread.run(Thread.java:595)
There are errors in run().
com.topcoder.service.studio.contest.documentcontentservers.InvalidRequestException: Unrecognized request type: 0
	at com.topcoder.service.studio.contest.documentcontentservers.SocketDocumentContentServer$SocketDocumentContentWorker.processData(SocketDocumentContentServer.java:571)
	at com.topcoder.service.studio.contest.documentcontentservers.SocketDocumentContentServer$SocketDocumentContentWorker.run(SocketDocumentContentServer.java:442)
	at java.lang.Thread.run(Thread.java:595)
There are errors in run().
com.topcoder.service.studio.contest.documentcontentservers.InvalidRequestException: Unrecognized request type: 0
	at com.topcoder.service.studio.contest.documentcontentservers.SocketDocumentContentServer$SocketDocumentContentWorker.processData(SocketDocumentContentServer.java:571)
	at com.topcoder.service.studio.contest.documentcontentservers.SocketDocumentContentServer$SocketDocumentContentWorker.run(SocketDocumentContentServer.java:442)
	at java.lang.Thread.run(Thread.java:595)
There are errors in run().
com.topcoder.service.studio.contest.documentcontentservers.InvalidRequestException: Unrecognized request type: 0
	at com.topcoder.service.studio.contest.documentcontentservers.SocketDocumentContentServer$SocketDocumentContentWorker.processData(SocketDocumentContentServer.java:571)
	at com.topcoder.service.studio.contest.documentcontentservers.SocketDocumentContentServer$SocketDocumentContentWorker.run(SocketDocumentContentServer.java:442)
	at java.lang.Thread.run(Thread.java:595)
There are errors in run().
com.topcoder.service.studio.contest.documentcontentservers.InvalidRequestException: Unrecognized request type: 0
	at com.topcoder.service.studio.contest.documentcontentservers.SocketDocumentContentServer$SocketDocumentContentWorker.processData(SocketDocumentContentServer.java:571)
	at com.topcoder.service.studio.contest.documentcontentservers.SocketDocumentContentServer$SocketDocumentContentWorker.run(SocketDocumentContentServer.java:442)
	at java.lang.Thread.run(Thread.java:595)
There are errors in run().
com.topcoder.service.studio.contest.documentcontentservers.InvalidRequestException: Unrecognized request type: 0
	at com.topcoder.service.studio.contest.documentcontentservers.SocketDocumentContentServer$SocketDocumentContentWorker.processData(SocketDocumentContentServer.java:571)
	at com.topcoder.service.studio.contest.documentcontentservers.SocketDocumentContentServer$SocketDocumentContentWorker.run(SocketDocumentContentServer.java:442)
	at java.lang.Thread.run(Thread.java:595)
There are errors in run().
com.topcoder.service.studio.contest.documentcontentservers.InvalidRequestException: Unrecognized request type: 0
	at com.topcoder.service.studio.contest.documentcontentservers.SocketDocumentContentServer$SocketDocumentContentWorker.processData(SocketDocumentContentServer.java:571)
	at com.topcoder.service.studio.contest.documentcontentservers.SocketDocumentContentServer$SocketDocumentContentWorker.run(SocketDocumentContentServer.java:442)
	at java.lang.Thread.run(Thread.java:595)
There are errors in run().
com.topcoder.service.studio.contest.documentcontentservers.InvalidRequestException: Unrecognized request type: 0
	at com.topcoder.service.studio.contest.documentcontentservers.SocketDocumentContentServer$SocketDocumentContentWorker.processData(SocketDocumentContentServer.java:571)
	at com.topcoder.service.studio.contest.documentcontentservers.SocketDocumentContentServer$SocketDocumentContentWorker.run(SocketDocumentContentServer.java:442)
	at java.lang.Thread.run(Thread.java:595)
There are errors in run().
com.topcoder.service.studio.contest.documentcontentservers.InvalidRequestException: Unrecognized request type: 0
	at com.topcoder.service.studio.contest.documentcontentservers.SocketDocumentContentServer$SocketDocumentContentWorker.processData(SocketDocumentContentServer.java:571)
	at com.topcoder.service.studio.contest.documentcontentservers.SocketDocumentContentServer$SocketDocumentContentWorker.run(SocketDocumentContentServer.java:442)
	at java.lang.Thread.run(Thread.java:595)
There are errors in run().
com.topcoder.service.studio.contest.documentcontentservers.InvalidRequestException: Unrecognized request type: 0
	at com.topcoder.service.studio.contest.documentcontentservers.SocketDocumentContentServer$SocketDocumentContentWorker.processData(SocketDocumentContentServer.java:571)
	at com.topcoder.service.studio.contest.documentcontentservers.SocketDocumentContentServer$SocketDocumentContentWorker.run(SocketDocumentContentServer.java:442)
	at java.lang.Thread.run(Thread.java:595)
There are errors in run().
com.topcoder.service.studio.contest.documentcontentservers.InvalidRequestException: Unrecognized request type: 0
	at com.topcoder.service.studio.contest.documentcontentservers.SocketDocumentContentServer$SocketDocumentContentWorker.processData(SocketDocumentContentServer.java:571)
	at com.topcoder.service.studio.contest.documentcontentservers.SocketDocumentContentServer$SocketDocumentContentWorker.run(SocketDocumentContentServer.java:442)
	at java.lang.Thread.run(Thread.java:595)
There are errors in run().
com.topcoder.service.studio.contest.documentcontentservers.InvalidRequestException: Unrecognized request type: 0
	at com.topcoder.service.studio.contest.documentcontentservers.SocketDocumentContentServer$SocketDocumentContentWorker.processData(SocketDocumentContentServer.java:571)
	at com.topcoder.service.studio.contest.documentcontentservers.SocketDocumentContentServer$SocketDocumentContentWorker.run(SocketDocumentContentServer.java:442)
	at java.lang.Thread.run(Thread.java:595)
There are errors in run().
com.topcoder.service.studio.contest.documentcontentservers.InvalidRequestException: Unrecognized request type: 0
	at com.topcoder.service.studio.contest.documentcontentservers.SocketDocumentContentServer$SocketDocumentContentWorker.processData(SocketDocumentContentServer.java:571)
	at com.topcoder.service.studio.contest.documentcontentservers.SocketDocumentContentServer$SocketDocumentContentWorker.run(SocketDocumentContentServer.java:442)
	at java.lang.Thread.run(Thread.java:595)
There are errors in run().
com.topcoder.service.studio.contest.documentcontentservers.InvalidRequestException: Unrecognized request type: 0
	at com.topcoder.service.studio.contest.documentcontentservers.SocketDocumentContentServer$SocketDocumentContentWorker.processData(SocketDocumentContentServer.java:571)
	at com.topcoder.service.studio.contest.documentcontentservers.SocketDocumentContentServer$SocketDocumentContentWorker.run(SocketDocumentContentServer.java:442)
	at java.lang.Thread.run(Thread.java:595)
There are errors in run().
com.topcoder.service.studio.contest.documentcontentservers.InvalidRequestException: Unrecognized request type: 0
	at com.topcoder.service.studio.contest.documentcontentservers.SocketDocumentContentServer$SocketDocumentContentWorker.processData(SocketDocumentContentServer.java:571)
	at com.topcoder.service.studio.contest.documentcontentservers.SocketDocumentContentServer$SocketDocumentContentWorker.run(SocketDocumentContentServer.java:442)
	at java.lang.Thread.run(Thread.java:595)
There are errors in run().
com.topcoder.service.studio.contest.documentcontentservers.InvalidRequestException: Unrecognized request type: 0
	at com.topcoder.service.studio.contest.documentcontentservers.SocketDocumentContentServer$SocketDocumentContentWorker.processData(SocketDocumentContentServer.java:571)
	at com.topcoder.service.studio.contest.documentcontentservers.SocketDocumentContentServer$SocketDocumentContentWorker.run(SocketDocumentContentServer.java:442)
	at java.lang.Thread.run(Thread.java:595)
There are errors in run().
com.topcoder.service.studio.contest.documentcontentservers.InvalidRequestException: Unrecognized request type: 0
	at com.topcoder.service.studio.contest.documentcontentservers.SocketDocumentContentServer$SocketDocumentContentWorker.processData(SocketDocumentContentServer.java:571)
	at com.topcoder.service.studio.contest.documentcontentservers.SocketDocumentContentServer$SocketDocumentContentWorker.run(SocketDocumentContentServer.java:442)
	at java.lang.Thread.run(Thread.java:595)
There are errors in run().
com.topcoder.service.studio.contest.documentcontentservers.InvalidRequestException: Unrecognized request type: 0
	at com.topcoder.service.studio.contest.documentcontentservers.SocketDocumentContentServer$SocketDocumentContentWorker.processData(SocketDocumentContentServer.java:571)
	at com.topcoder.service.studio.contest.documentcontentservers.SocketDocumentContentServer$SocketDocumentContentWorker.run(SocketDocumentContentServer.java:442)
	at java.lang.Thread.run(Thread.java:595)
There are errors in run().
com.topcoder.service.studio.contest.documentcontentservers.InvalidRequestException: Unrecognized request type: 0
	at com.topcoder.service.studio.contest.documentcontentservers.SocketDocumentContentServer$SocketDocumentContentWorker.processData(SocketDocumentContentServer.java:571)
	at com.topcoder.service.studio.contest.documentcontentservers.SocketDocumentContentServer$SocketDocumentContentWorker.run(SocketDocumentContentServer.java:442)
	at java.lang.Thread.run(Thread.java:595)
There are errors in run().
com.topcoder.service.studio.contest.documentcontentservers.InvalidRequestException: Unrecognized request type: 0
	at com.topcoder.service.studio.contest.documentcontentservers.SocketDocumentContentServer$SocketDocumentContentWorker.processData(SocketDocumentContentServer.java:571)
	at com.topcoder.service.studio.contest.documentcontentservers.SocketDocumentContentServer$SocketDocumentContentWorker.run(SocketDocumentContentServer.java:442)
	at java.lang.Thread.run(Thread.java:595)
There are errors in run().
com.topcoder.service.studio.contest.documentcontentservers.InvalidRequestException: Unrecognized request type: 0
	at com.topcoder.service.studio.contest.documentcontentservers.SocketDocumentContentServer$SocketDocumentContentWorker.processData(SocketDocumentContentServer.java:571)
	at com.topcoder.service.studio.contest.documentcontentservers.SocketDocumentContentServer$SocketDocumentContentWorker.run(SocketDocumentContentServer.java:442)
	at java.lang.Thread.run(Thread.java:595)
There are errors in run().
com.topcoder.service.studio.contest.documentcontentservers.InvalidRequestException: Unrecognized request type: 0
	at com.topcoder.service.studio.contest.documentcontentservers.SocketDocumentContentServer$SocketDocumentContentWorker.processData(SocketDocumentContentServer.java:571)
	at com.topcoder.service.studio.contest.documentcontentservers.SocketDocumentContentServer$SocketDocumentContentWorker.run(SocketDocumentContentServer.java:442)
	at java.lang.Thread.run(Thread.java:595)
There are errors in run().
com.topcoder.service.studio.contest.documentcontentservers.InvalidRequestException: Unrecognized request type: 0
	at com.topcoder.service.studio.contest.documentcontentservers.SocketDocumentContentServer$SocketDocumentContentWorker.processData(SocketDocumentContentServer.java:571)
	at com.topcoder.service.studio.contest.documentcontentservers.SocketDocumentContentServer$SocketDocumentContentWorker.run(SocketDocumentContentServer.java:442)
	at java.lang.Thread.run(Thread.java:595)
There are errors in run().
com.topcoder.service.studio.contest.documentcontentservers.InvalidRequestException: Unrecognized request type: 0
	at com.topcoder.service.studio.contest.documentcontentservers.SocketDocumentContentServer$SocketDocumentContentWorker.processData(SocketDocumentContentServer.java:571)
	at com.topcoder.service.studio.contest.documentcontentservers.SocketDocumentContentServer$SocketDocumentContentWorker.run(SocketDocumentContentServer.java:442)
	at java.lang.Thread.run(Thread.java:595)
There are errors in run().
com.topcoder.service.studio.contest.documentcontentservers.InvalidRequestException: Unrecognized request type: 0
	at com.topcoder.service.studio.contest.documentcontentservers.SocketDocumentContentServer$SocketDocumentContentWorker.processData(SocketDocumentContentServer.java:571)
	at com.topcoder.service.studio.contest.documentcontentservers.SocketDocumentContentServer$SocketDocumentContentWorker.run(SocketDocumentContentServer.java:442)
	at java.lang.Thread.run(Thread.java:595)
There are errors in run().
com.topcoder.service.studio.contest.documentcontentservers.InvalidRequestException: Unrecognized request type: 0
	at com.topcoder.service.studio.contest.documentcontentservers.SocketDocumentContentServer$SocketDocumentContentWorker.processData(SocketDocumentContentServer.java:571)
	at com.topcoder.service.studio.contest.documentcontentservers.SocketDocumentContentServer$SocketDocumentContentWorker.run(SocketDocumentContentServer.java:442)
	at java.lang.Thread.run(Thread.java:595)
There are errors in run().
com.topcoder.service.studio.contest.documentcontentservers.InvalidRequestException: Unrecognized request type: 0
	at com.topcoder.service.studio.contest.documentcontentservers.SocketDocumentContentServer$SocketDocumentContentWorker.processData(SocketDocumentContentServer.java:571)
	at com.topcoder.service.studio.contest.documentcontentservers.SocketDocumentContentServer$SocketDocumentContentWorker.run(SocketDocumentContentServer.java:442)
	at java.lang.Thread.run(Thread.java:595)
There are errors in run().
com.topcoder.service.studio.contest.documentcontentservers.InvalidRequestException: Unrecognized request type: 0
	at com.topcoder.service.studio.contest.documentcontentservers.SocketDocumentContentServer$SocketDocumentContentWorker.processData(SocketDocumentContentServer.java:571)
	at com.topcoder.service.studio.contest.documentcontentservers.SocketDocumentContentServer$SocketDocumentContentWorker.run(SocketDocumentContentServer.java:442)
	at java.lang.Thread.run(Thread.java:595)
There are errors in run().
com.topcoder.service.studio.contest.documentcontentservers.InvalidRequestException: Unrecognized request type: 0
	at com.topcoder.service.studio.contest.documentcontentservers.SocketDocumentContentServer$SocketDocumentContentWorker.processData(SocketDocumentContentServer.java:571)
	at com.topcoder.service.studio.contest.documentcontentservers.SocketDocumentContentServer$SocketDocumentContentWorker.run(SocketDocumentContentServer.java:442)
	at java.lang.Thread.run(Thread.java:595)
There are errors in run().
com.topcoder.service.studio.contest.documentcontentservers.InvalidRequestException: Unrecognized request type: 0
	at com.topcoder.service.studio.contest.documentcontentservers.SocketDocumentContentServer$SocketDocumentContentWorker.processData(SocketDocumentContentServer.java:571)
	at com.topcoder.service.studio.contest.documentcontentservers.SocketDocumentContentServer$SocketDocumentContentWorker.run(SocketDocumentContentServer.java:442)
	at java.lang.Thread.run(Thread.java:595)
There are errors in run().
com.topcoder.service.studio.contest.documentcontentservers.InvalidRequestException: Unrecognized request type: 0
	at com.topcoder.service.studio.contest.documentcontentservers.SocketDocumentContentServer$SocketDocumentContentWorker.processData(SocketDocumentContentServer.java:571)
	at com.topcoder.service.studio.contest.documentcontentservers.SocketDocumentContentServer$SocketDocumentContentWorker.run(SocketDocumentContentServer.java:442)
	at java.lang.Thread.run(Thread.java:595)
There are errors in run().
com.topcoder.service.studio.contest.documentcontentservers.InvalidRequestException: Unrecognized request type: 0
	at com.topcoder.service.studio.contest.documentcontentservers.SocketDocumentContentServer$SocketDocumentContentWorker.processData(SocketDocumentContentServer.java:571)
	at com.topcoder.service.studio.contest.documentcontentservers.SocketDocumentContentServer$SocketDocumentContentWorker.run(SocketDocumentContentServer.java:442)
	at java.lang.Thread.run(Thread.java:595)
There are errors in run().
com.topcoder.service.studio.contest.documentcontentservers.InvalidRequestException: Unrecognized request type: 0
	at com.topcoder.service.studio.contest.documentcontentservers.SocketDocumentContentServer$SocketDocumentContentWorker.processData(SocketDocumentContentServer.java:571)
	at com.topcoder.service.studio.contest.documentcontentservers.SocketDocumentContentServer$SocketDocumentContentWorker.run(SocketDocumentContentServer.java:442)
	at java.lang.Thread.run(Thread.java:595)
There are errors in run().
com.topcoder.service.studio.contest.documentcontentservers.InvalidRequestException: Unrecognized request type: 0
	at com.topcoder.service.studio.contest.documentcontentservers.SocketDocumentContentServer$SocketDocumentContentWorker.processData(SocketDocumentContentServer.java:571)
	at com.topcoder.service.studio.contest.documentcontentservers.SocketDocumentContentServer$SocketDocumentContentWorker.run(SocketDocumentContentServer.java:442)
	at java.lang.Thread.run(Thread.java:595)
There are errors in run().
com.topcoder.service.studio.contest.documentcontentservers.InvalidRequestException: Unrecognized request type: 0
	at com.topcoder.service.studio.contest.documentcontentservers.SocketDocumentContentServer$SocketDocumentContentWorker.processData(SocketDocumentContentServer.java:571)
	at com.topcoder.service.studio.contest.documentcontentservers.SocketDocumentContentServer$SocketDocumentContentWorker.run(SocketDocumentContentServer.java:442)
	at java.lang.Thread.run(Thread.java:595)
There are errors in run().
com.topcoder.service.studio.contest.documentcontentservers.InvalidRequestException: Unrecognized request type: 0
	at com.topcoder.service.studio.contest.documentcontentservers.SocketDocumentContentServer$SocketDocumentContentWorker.processData(SocketDocumentContentServer.java:571)
	at com.topcoder.service.studio.contest.documentcontentservers.SocketDocumentContentServer$SocketDocumentContentWorker.run(SocketDocumentContentServer.java:442)
	at java.lang.Thread.run(Thread.java:595)
There are errors in run().
com.topcoder.service.studio.contest.documentcontentservers.InvalidRequestException: Unrecognized request type: 0
	at com.topcoder.service.studio.contest.documentcontentservers.SocketDocumentContentServer$SocketDocumentContentWorker.processData(SocketDocumentContentServer.java:571)
	at com.topcoder.service.studio.contest.documentcontentservers.SocketDocumentContentServer$SocketDocumentContentWorker.run(SocketDocumentContentServer.java:442)
	at java.lang.Thread.run(Thread.java:595)
There are errors in run().
com.topcoder.service.studio.contest.documentcontentservers.InvalidRequestException: Unrecognized request type: 0
	at com.topcoder.service.studio.contest.documentcontentservers.SocketDocumentContentServer$SocketDocumentContentWorker.processData(SocketDocumentContentServer.java:571)
	at com.topcoder.service.studio.contest.documentcontentservers.SocketDocumentContentServer$SocketDocumentContentWorker.run(SocketDocumentContentServer.java:442)
	at java.lang.Thread.run(Thread.java:595)
There are errors in run().
com.topcoder.service.studio.contest.documentcontentservers.InvalidRequestException: Unrecognized request type: 0
	at com.topcoder.service.studio.contest.documentcontentservers.SocketDocumentContentServer$SocketDocumentContentWorker.processData(SocketDocumentContentServer.java:571)
	at com.topcoder.service.studio.contest.documentcontentservers.SocketDocumentContentServer$SocketDocumentContentWorker.run(SocketDocumentContentServer.java:442)
	at java.lang.Thread.run(Thread.java:595)
There are errors in run().
com.topcoder.service.studio.contest.documentcontentservers.InvalidRequestException: Unrecognized request type: 0
	at com.topcoder.service.studio.contest.documentcontentservers.SocketDocumentContentServer$SocketDocumentContentWorker.processData(SocketDocumentContentServer.java:571)
	at com.topcoder.service.studio.contest.documentcontentservers.SocketDocumentContentServer$SocketDocumentContentWorker.run(SocketDocumentContentServer.java:442)
	at java.lang.Thread.run(Thread.java:595)
There are errors in run().
com.topcoder.service.studio.contest.documentcontentservers.InvalidRequestException: Unrecognized request type: 0
	at com.topcoder.service.studio.contest.documentcontentservers.SocketDocumentContentServer$SocketDocumentContentWorker.processData(SocketDocumentContentServer.java:571)
	at com.topcoder.service.studio.contest.documentcontentservers.SocketDocumentContentServer$SocketDocumentContentWorker.run(SocketDocumentContentServer.java:442)
	at java.lang.Thread.run(Thread.java:595)
There are errors in run().
com.topcoder.service.studio.contest.documentcontentservers.InvalidRequestException: Unrecognized request type: 0
	at com.topcoder.service.studio.contest.documentcontentservers.SocketDocumentContentServer$SocketDocumentContentWorker.processData(SocketDocumentContentServer.java:571)
	at com.topcoder.service.studio.contest.documentcontentservers.SocketDocumentContentServer$SocketDocumentContentWorker.run(SocketDocumentContentServer.java:442)
	at java.lang.Thread.run(Thread.java:595)
There are errors in run().
com.topcoder.service.studio.contest.documentcontentservers.InvalidRequestException: Unrecognized request type: 0
	at com.topcoder.service.studio.contest.documentcontentservers.SocketDocumentContentServer$SocketDocumentContentWorker.processData(SocketDocumentContentServer.java:571)
	at com.topcoder.service.studio.contest.documentcontentservers.SocketDocumentContentServer$SocketDocumentContentWorker.run(SocketDocumentContentServer.java:442)
	at java.lang.Thread.run(Thread.java:595)
There are errors in run().
com.topcoder.service.studio.contest.documentcontentservers.InvalidRequestException: Unrecognized request type: 0
	at com.topcoder.service.studio.contest.documentcontentservers.SocketDocumentContentServer$SocketDocumentContentWorker.processData(SocketDocumentContentServer.java:571)
	at com.topcoder.service.studio.contest.documentcontentservers.SocketDocumentContentServer$SocketDocumentContentWorker.run(SocketDocumentContentServer.java:442)
	at java.lang.Thread.run(Thread.java:595)
There are errors in run().
com.topcoder.service.studio.contest.documentcontentservers.InvalidRequestException: Unrecognized request type: 0
	at com.topcoder.service.studio.contest.documentcontentservers.SocketDocumentContentServer$SocketDocumentContentWorker.processData(SocketDocumentContentServer.java:571)
	at com.topcoder.service.studio.contest.documentcontentservers.SocketDocumentContentServer$SocketDocumentContentWorker.run(SocketDocumentContentServer.java:442)
	at java.lang.Thread.run(Thread.java:595)
There are errors in run().
com.topcoder.service.studio.contest.documentcontentservers.InvalidRequestException: Unrecognized request type: 0
	at com.topcoder.service.studio.contest.documentcontentservers.SocketDocumentContentServer$SocketDocumentContentWorker.processData(SocketDocumentContentServer.java:571)
	at com.topcoder.service.studio.contest.documentcontentservers.SocketDocumentContentServer$SocketDocumentContentWorker.run(SocketDocumentContentServer.java:442)
	at java.lang.Thread.run(Thread.java:595)
There are errors in run().
com.topcoder.service.studio.contest.documentcontentservers.InvalidRequestException: Unrecognized request type: 0
	at com.topcoder.service.studio.contest.documentcontentservers.SocketDocumentContentServer$SocketDocumentContentWorker.processData(SocketDocumentContentServer.java:571)
	at com.topcoder.service.studio.contest.documentcontentservers.SocketDocumentContentServer$SocketDocumentContentWorker.run(SocketDocumentContentServer.java:442)
	at java.lang.Thread.run(Thread.java:595)
There are errors in run().
com.topcoder.service.studio.contest.documentcontentservers.InvalidRequestException: Unrecognized request type: 0
	at com.topcoder.service.studio.contest.documentcontentservers.SocketDocumentContentServer$SocketDocumentContentWorker.processData(SocketDocumentContentServer.java:571)
	at com.topcoder.service.studio.contest.documentcontentservers.SocketDocumentContentServer$SocketDocumentContentWorker.run(SocketDocumentContentServer.java:442)
	at java.lang.Thread.run(Thread.java:595)
There are errors in run().
com.topcoder.service.studio.contest.documentcontentservers.InvalidRequestException: Unrecognized request type: 0
	at com.topcoder.service.studio.contest.documentcontentservers.SocketDocumentContentServer$SocketDocumentContentWorker.processData(SocketDocumentContentServer.java:571)
	at com.topcoder.service.studio.contest.documentcontentservers.SocketDocumentContentServer$SocketDocumentContentWorker.run(SocketDocumentContentServer.java:442)
	at java.lang.Thread.run(Thread.java:595)
There are errors in run().
com.topcoder.service.studio.contest.documentcontentservers.InvalidRequestException: Unrecognized request type: 0
	at com.topcoder.service.studio.contest.documentcontentservers.SocketDocumentContentServer$SocketDocumentContentWorker.processData(SocketDocumentContentServer.java:571)
	at com.topcoder.service.studio.contest.documentcontentservers.SocketDocumentContentServer$SocketDocumentContentWorker.run(SocketDocumentContentServer.java:442)
	at java.lang.Thread.run(Thread.java:595)
There are errors in run().
com.topcoder.service.studio.contest.documentcontentservers.InvalidRequestException: Unrecognized request type: 0
	at com.topcoder.service.studio.contest.documentcontentservers.SocketDocumentContentServer$SocketDocumentContentWorker.processData(SocketDocumentContentServer.java:571)
	at com.topcoder.service.studio.contest.documentcontentservers.SocketDocumentContentServer$SocketDocumentContentWorker.run(SocketDocumentContentServer.java:442)
	at java.lang.Thread.run(Thread.java:595)
There are errors in run().
com.topcoder.service.studio.contest.documentcontentservers.InvalidRequestException: Unrecognized request type: 0
	at com.topcoder.service.studio.contest.documentcontentservers.SocketDocumentContentServer$SocketDocumentContentWorker.processData(SocketDocumentContentServer.java:571)
	at com.topcoder.service.studio.contest.documentcontentservers.SocketDocumentContentServer$SocketDocumentContentWorker.run(SocketDocumentContentServer.java:442)
	at java.lang.Thread.run(Thread.java:595)
There are errors in run().
com.topcoder.service.studio.contest.documentcontentservers.InvalidRequestException: Unrecognized request type: 0
	at com.topcoder.service.studio.contest.documentcontentservers.SocketDocumentContentServer$SocketDocumentContentWorker.processData(SocketDocumentContentServer.java:571)
	at com.topcoder.service.studio.contest.documentcontentservers.SocketDocumentContentServer$SocketDocumentContentWorker.run(SocketDocumentContentServer.java:442)
	at java.lang.Thread.run(Thread.java:595)
There are errors in run().
com.topcoder.service.studio.contest.documentcontentservers.InvalidRequestException: Unrecognized request type: 0
	at com.topcoder.service.studio.contest.documentcontentservers.SocketDocumentContentServer$SocketDocumentContentWorker.processData(SocketDocumentContentServer.java:571)
	at com.topcoder.service.studio.contest.documentcontentservers.SocketDocumentContentServer$SocketDocumentContentWorker.run(SocketDocumentContentServer.java:442)
	at java.lang.Thread.run(Thread.java:595)
There are errors in run().
com.topcoder.service.studio.contest.documentcontentservers.InvalidRequestException: Unrecognized request type: 0
	at com.topcoder.service.studio.contest.documentcontentservers.SocketDocumentContentServer$SocketDocumentContentWorker.processData(SocketDocumentContentServer.java:571)
	at com.topcoder.service.studio.contest.documentcontentservers.SocketDocumentContentServer$SocketDocumentContentWorker.run(SocketDocumentContentServer.java:442)
	at java.lang.Thread.run(Thread.java:595)
There are errors in run().
com.topcoder.service.studio.contest.documentcontentservers.InvalidRequestException: Unrecognized request type: 0
	at com.topcoder.service.studio.contest.documentcontentservers.SocketDocumentContentServer$SocketDocumentContentWorker.processData(SocketDocumentContentServer.java:571)
	at com.topcoder.service.studio.contest.documentcontentservers.SocketDocumentContentServer$SocketDocumentContentWorker.run(SocketDocumentContentServer.java:442)
	at java.lang.Thread.run(Thread.java:595)
There are errors in run().
com.topcoder.service.studio.contest.documentcontentservers.InvalidRequestException: Unrecognized request type: 0
	at com.topcoder.service.studio.contest.documentcontentservers.SocketDocumentContentServer$SocketDocumentContentWorker.processData(SocketDocumentContentServer.java:571)
	at com.topcoder.service.studio.contest.documentcontentservers.SocketDocumentContentServer$SocketDocumentContentWorker.run(SocketDocumentContentServer.java:442)
	at java.lang.Thread.run(Thread.java:595)
There are errors in run().
com.topcoder.service.studio.contest.documentcontentservers.InvalidRequestException: Unrecognized request type: 0
	at com.topcoder.service.studio.contest.documentcontentservers.SocketDocumentContentServer$SocketDocumentContentWorker.processData(SocketDocumentContentServer.java:571)
	at com.topcoder.service.studio.contest.documentcontentservers.SocketDocumentContentServer$SocketDocumentContentWorker.run(SocketDocumentContentServer.java:442)
	at java.lang.Thread.run(Thread.java:595)
There are errors in run().
com.topcoder.service.studio.contest.documentcontentservers.InvalidRequestException: Unrecognized request type: 0
	at com.topcoder.service.studio.contest.documentcontentservers.SocketDocumentContentServer$SocketDocumentContentWorker.processData(SocketDocumentContentServer.java:571)
	at com.topcoder.service.studio.contest.documentcontentservers.SocketDocumentContentServer$SocketDocumentContentWorker.run(SocketDocumentContentServer.java:442)
	at java.lang.Thread.run(Thread.java:595)
There are errors in run().
com.topcoder.service.studio.contest.documentcontentservers.InvalidRequestException: Unrecognized request type: 0
	at com.topcoder.service.studio.contest.documentcontentservers.SocketDocumentContentServer$SocketDocumentContentWorker.processData(SocketDocumentContentServer.java:571)
	at com.topcoder.service.studio.contest.documentcontentservers.SocketDocumentContentServer$SocketDocumentContentWorker.run(SocketDocumentContentServer.java:442)
	at java.lang.Thread.run(Thread.java:595)
There are errors in run().
com.topcoder.service.studio.contest.documentcontentservers.InvalidRequestException: Unrecognized request type: 0
	at com.topcoder.service.studio.contest.documentcontentservers.SocketDocumentContentServer$SocketDocumentContentWorker.processData(SocketDocumentContentServer.java:571)
	at com.topcoder.service.studio.contest.documentcontentservers.SocketDocumentContentServer$SocketDocumentContentWorker.run(SocketDocumentContentServer.java:442)
	at java.lang.Thread.run(Thread.java:595)
There are errors in run().
com.topcoder.service.studio.contest.documentcontentservers.InvalidRequestException: Unrecognized request type: 0
	at com.topcoder.service.studio.contest.documentcontentservers.SocketDocumentContentServer$SocketDocumentContentWorker.processData(SocketDocumentContentServer.java:571)
	at com.topcoder.service.studio.contest.documentcontentservers.SocketDocumentContentServer$SocketDocumentContentWorker.run(SocketDocumentContentServer.java:442)
	at java.lang.Thread.run(Thread.java:595)
There are errors in run().
com.topcoder.service.studio.contest.documentcontentservers.InvalidRequestException: Unrecognized request type: 0
	at com.topcoder.service.studio.contest.documentcontentservers.SocketDocumentContentServer$SocketDocumentContentWorker.processData(SocketDocumentContentServer.java:571)
	at com.topcoder.service.studio.contest.documentcontentservers.SocketDocumentContentServer$SocketDocumentContentWorker.run(SocketDocumentContentServer.java:442)
	at java.lang.Thread.run(Thread.java:595)
There are errors in run().
com.topcoder.service.studio.contest.documentcontentservers.InvalidRequestException: Unrecognized request type: 0
	at com.topcoder.service.studio.contest.documentcontentservers.SocketDocumentContentServer$SocketDocumentContentWorker.processData(SocketDocumentContentServer.java:571)
	at com.topcoder.service.studio.contest.documentcontentservers.SocketDocumentContentServer$SocketDocumentContentWorker.run(SocketDocumentContentServer.java:442)
	at java.lang.Thread.run(Thread.java:595)
There are errors in run().
com.topcoder.service.studio.contest.documentcontentservers.InvalidRequestException: Unrecognized request type: 0
	at com.topcoder.service.studio.contest.documentcontentservers.SocketDocumentContentServer$SocketDocumentContentWorker.processData(SocketDocumentContentServer.java:571)
	at com.topcoder.service.studio.contest.documentcontentservers.SocketDocumentContentServer$SocketDocumentContentWorker.run(SocketDocumentContentServer.java:442)
	at java.lang.Thread.run(Thread.java:595)
There are errors in run().
com.topcoder.service.studio.contest.documentcontentservers.InvalidRequestException: Unrecognized request type: 0
	at com.topcoder.service.studio.contest.documentcontentservers.SocketDocumentContentServer$SocketDocumentContentWorker.processData(SocketDocumentContentServer.java:571)
	at com.topcoder.service.studio.contest.documentcontentservers.SocketDocumentContentServer$SocketDocumentContentWorker.run(SocketDocumentContentServer.java:442)
	at java.lang.Thread.run(Thread.java:595)
There are errors in run().
com.topcoder.service.studio.contest.documentcontentservers.InvalidRequestException: Unrecognized request type: 0
	at com.topcoder.service.studio.contest.documentcontentservers.SocketDocumentContentServer$SocketDocumentContentWorker.processData(SocketDocumentContentServer.java:571)
	at com.topcoder.service.studio.contest.documentcontentservers.SocketDocumentContentServer$SocketDocumentContentWorker.run(SocketDocumentContentServer.java:442)
	at java.lang.Thread.run(Thread.java:595)
There are errors in run().
com.topcoder.service.studio.contest.documentcontentservers.InvalidRequestException: Unrecognized request type: 0
	at com.topcoder.service.studio.contest.documentcontentservers.SocketDocumentContentServer$SocketDocumentContentWorker.processData(SocketDocumentContentServer.java:571)
	at com.topcoder.service.studio.contest.documentcontentservers.SocketDocumentContentServer$SocketDocumentContentWorker.run(SocketDocumentContentServer.java:442)
	at java.lang.Thread.run(Thread.java:595)
There are errors in run().
com.topcoder.service.studio.contest.documentcontentservers.InvalidRequestException: Unrecognized request type: 0
	at com.topcoder.service.studio.contest.documentcontentservers.SocketDocumentContentServer$SocketDocumentContentWorker.processData(SocketDocumentContentServer.java:571)
	at com.topcoder.service.studio.contest.documentcontentservers.SocketDocumentContentServer$SocketDocumentContentWorker.run(SocketDocumentContentServer.java:442)
	at java.lang.Thread.run(Thread.java:595)
There are errors in run().
com.topcoder.service.studio.contest.documentcontentservers.InvalidRequestException: Unrecognized request type: 0
	at com.topcoder.service.studio.contest.documentcontentservers.SocketDocumentContentServer$SocketDocumentContentWorker.processData(SocketDocumentContentServer.java:571)
	at com.topcoder.service.studio.contest.documentcontentservers.SocketDocumentContentServer$SocketDocumentContentWorker.run(SocketDocumentContentServer.java:442)
	at java.lang.Thread.run(Thread.java:595)
There are errors in run().
com.topcoder.service.studio.contest.documentcontentservers.InvalidRequestException: Unrecognized request type: 0
	at com.topcoder.service.studio.contest.documentcontentservers.SocketDocumentContentServer$SocketDocumentContentWorker.processData(SocketDocumentContentServer.java:571)
	at com.topcoder.service.studio.contest.documentcontentservers.SocketDocumentContentServer$SocketDocumentContentWorker.run(SocketDocumentContentServer.java:442)
	at java.lang.Thread.run(Thread.java:595)
There are errors in run().
com.topcoder.service.studio.contest.documentcontentservers.InvalidRequestException: Unrecognized request type: 0
	at com.topcoder.service.studio.contest.documentcontentservers.SocketDocumentContentServer$SocketDocumentContentWorker.processData(SocketDocumentContentServer.java:571)
	at com.topcoder.service.studio.contest.documentcontentservers.SocketDocumentContentServer$SocketDocumentContentWorker.run(SocketDocumentContentServer.java:442)
	at java.lang.Thread.run(Thread.java:595)
There are errors in run().
com.topcoder.service.studio.contest.documentcontentservers.InvalidRequestException: Unrecognized request type: 0
	at com.topcoder.service.studio.contest.documentcontentservers.SocketDocumentContentServer$SocketDocumentContentWorker.processData(SocketDocumentContentServer.java:571)
	at com.topcoder.service.studio.contest.documentcontentservers.SocketDocumentContentServer$SocketDocumentContentWorker.run(SocketDocumentContentServer.java:442)
	at java.lang.Thread.run(Thread.java:595)
There are errors in run().
com.topcoder.service.studio.contest.documentcontentservers.InvalidRequestException: Unrecognized request type: 0
	at com.topcoder.service.studio.contest.documentcontentservers.SocketDocumentContentServer$SocketDocumentContentWorker.processData(SocketDocumentContentServer.java:571)
	at com.topcoder.service.studio.contest.documentcontentservers.SocketDocumentContentServer$SocketDocumentContentWorker.run(SocketDocumentContentServer.java:442)
	at java.lang.Thread.run(Thread.java:595)
There are errors in run().
com.topcoder.service.studio.contest.documentcontentservers.InvalidRequestException: Unrecognized request type: 0
	at com.topcoder.service.studio.contest.documentcontentservers.SocketDocumentContentServer$SocketDocumentContentWorker.processData(SocketDocumentContentServer.java:571)
	at com.topcoder.service.studio.contest.documentcontentservers.SocketDocumentContentServer$SocketDocumentContentWorker.run(SocketDocumentContentServer.java:442)
	at java.lang.Thread.run(Thread.java:595)
There are errors in run().
com.topcoder.service.studio.contest.documentcontentservers.InvalidRequestException: Unrecognized request type: 0
	at com.topcoder.service.studio.contest.documentcontentservers.SocketDocumentContentServer$SocketDocumentContentWorker.processData(SocketDocumentContentServer.java:571)
	at com.topcoder.service.studio.contest.documentcontentservers.SocketDocumentContentServer$SocketDocumentContentWorker.run(SocketDocumentContentServer.java:442)
	at java.lang.Thread.run(Thread.java:595)
There are errors in run().
com.topcoder.service.studio.contest.documentcontentservers.InvalidRequestException: Unrecognized request type: 0
	at com.topcoder.service.studio.contest.documentcontentservers.SocketDocumentContentServer$SocketDocumentContentWorker.processData(SocketDocumentContentServer.java:571)
	at com.topcoder.service.studio.contest.documentcontentservers.SocketDocumentContentServer$SocketDocumentContentWorker.run(SocketDocumentContentServer.java:442)
	at java.lang.Thread.run(Thread.java:595)
There are errors in run().
com.topcoder.service.studio.contest.documentcontentservers.InvalidRequestException: Unrecognized request type: 0
	at com.topcoder.service.studio.contest.documentcontentservers.SocketDocumentContentServer$SocketDocumentContentWorker.processData(SocketDocumentContentServer.java:571)
	at com.topcoder.service.studio.contest.documentcontentservers.SocketDocumentContentServer$SocketDocumentContentWorker.run(SocketDocumentContentServer.java:442)
	at java.lang.Thread.run(Thread.java:595)
There are errors in run().
com.topcoder.service.studio.contest.documentcontentservers.InvalidRequestException: Unrecognized request type: 0
	at com.topcoder.service.studio.contest.documentcontentservers.SocketDocumentContentServer$SocketDocumentContentWorker.processData(SocketDocumentContentServer.java:571)
	at com.topcoder.service.studio.contest.documentcontentservers.SocketDocumentContentServer$SocketDocumentContentWorker.run(SocketDocumentContentServer.java:442)
	at java.lang.Thread.run(Thread.java:595)
There are errors in run().
com.topcoder.service.studio.contest.documentcontentservers.InvalidRequestException: Unrecognized request type: 0
	at com.topcoder.service.studio.contest.documentcontentservers.SocketDocumentContentServer$SocketDocumentContentWorker.processData(SocketDocumentContentServer.java:571)
	at com.topcoder.service.studio.contest.documentcontentservers.SocketDocumentContentServer$SocketDocumentContentWorker.run(SocketDocumentContentServer.java:442)
	at java.lang.Thread.run(Thread.java:595)
There are errors in run().
com.topcoder.service.studio.contest.documentcontentservers.InvalidRequestException: Unrecognized request type: 0
	at com.topcoder.service.studio.contest.documentcontentservers.SocketDocumentContentServer$SocketDocumentContentWorker.processData(SocketDocumentContentServer.java:571)
	at com.topcoder.service.studio.contest.documentcontentservers.SocketDocumentContentServer$SocketDocumentContentWorker.run(SocketDocumentContentServer.java:442)
	at java.lang.Thread.run(Thread.java:595)
There are errors in run().
com.topcoder.service.studio.contest.documentcontentservers.InvalidRequestException: Unrecognized request type: 0
	at com.topcoder.service.studio.contest.documentcontentservers.SocketDocumentContentServer$SocketDocumentContentWorker.processData(SocketDocumentContentServer.java:571)
	at com.topcoder.service.studio.contest.documentcontentservers.SocketDocumentContentServer$SocketDocumentContentWorker.run(SocketDocumentContentServer.java:442)
	at java.lang.Thread.run(Thread.java:595)
There are errors in run().
com.topcoder.service.studio.contest.documentcontentservers.InvalidRequestException: Unrecognized request type: 0
	at com.topcoder.service.studio.contest.documentcontentservers.SocketDocumentContentServer$SocketDocumentContentWorker.processData(SocketDocumentContentServer.java:571)
	at com.topcoder.service.studio.contest.documentcontentservers.SocketDocumentContentServer$SocketDocumentContentWorker.run(SocketDocumentContentServer.java:442)
	at java.lang.Thread.run(Thread.java:595)
There are errors in run().
com.topcoder.service.studio.contest.documentcontentservers.InvalidRequestException: Unrecognized request type: 0
	at com.topcoder.service.studio.contest.documentcontentservers.SocketDocumentContentServer$SocketDocumentContentWorker.processData(SocketDocumentContentServer.java:571)
	at com.topcoder.service.studio.contest.documentcontentservers.SocketDocumentContentServer$SocketDocumentContentWorker.run(SocketDocumentContentServer.java:442)
	at java.lang.Thread.run(Thread.java:595)
There are errors in run().
com.topcoder.service.studio.contest.documentcontentservers.InvalidRequestException: Unrecognized request type: 0
	at com.topcoder.service.studio.contest.documentcontentservers.SocketDocumentContentServer$SocketDocumentContentWorker.processData(SocketDocumentContentServer.java:571)
	at com.topcoder.service.studio.contest.documentcontentservers.SocketDocumentContentServer$SocketDocumentContentWorker.run(SocketDocumentContentServer.java:442)
	at java.lang.Thread.run(Thread.java:595)
There are errors in run().
com.topcoder.service.studio.contest.documentcontentservers.InvalidRequestException: Unrecognized request type: 0
	at com.topcoder.service.studio.contest.documentcontentservers.SocketDocumentContentServer$SocketDocumentContentWorker.processData(SocketDocumentContentServer.java:571)
	at com.topcoder.service.studio.contest.documentcontentservers.SocketDocumentContentServer$SocketDocumentContentWorker.run(SocketDocumentContentServer.java:442)
	at java.lang.Thread.run(Thread.java:595)
There are errors in run().
com.topcoder.service.studio.contest.documentcontentservers.InvalidRequestException: Unrecognized request type: 0
	at com.topcoder.service.studio.contest.documentcontentservers.SocketDocumentContentServer$SocketDocumentContentWorker.processData(SocketDocumentContentServer.java:571)
	at com.topcoder.service.studio.contest.documentcontentservers.SocketDocumentContentServer$SocketDocumentContentWorker.run(SocketDocumentContentServer.java:442)
	at java.lang.Thread.run(Thread.java:595)
There are errors in run().
com.topcoder.service.studio.contest.documentcontentservers.InvalidRequestException: Unrecognized request type: 0
	at com.topcoder.service.studio.contest.documentcontentservers.SocketDocumentContentServer$SocketDocumentContentWorker.processData(SocketDocumentContentServer.java:571)
	at com.topcoder.service.studio.contest.documentcontentservers.SocketDocumentContentServer$SocketDocumentContentWorker.run(SocketDocumentContentServer.java:442)
	at java.lang.Thread.run(Thread.java:595)
There are errors in run().
com.topcoder.service.studio.contest.documentcontentservers.InvalidRequestException: Unrecognized request type: 0
	at com.topcoder.service.studio.contest.documentcontentservers.SocketDocumentContentServer$SocketDocumentContentWorker.processData(SocketDocumentContentServer.java:571)
	at com.topcoder.service.studio.contest.documentcontentservers.SocketDocumentContentServer$SocketDocumentContentWorker.run(SocketDocumentContentServer.java:442)
	at java.lang.Thread.run(Thread.java:595)
There are errors in run().
com.topcoder.service.studio.contest.documentcontentservers.InvalidRequestException: Unrecognized request type: 0
	at com.topcoder.service.studio.contest.documentcontentservers.SocketDocumentContentServer$SocketDocumentContentWorker.processData(SocketDocumentContentServer.java:571)
	at com.topcoder.service.studio.contest.documentcontentservers.SocketDocumentContentServer$SocketDocumentContentWorker.run(SocketDocumentContentServer.java:442)
	at java.lang.Thread.run(Thread.java:595)
There are errors in run().
com.topcoder.service.studio.contest.documentcontentservers.InvalidRequestException: Unrecognized request type: 0
	at com.topcoder.service.studio.contest.documentcontentservers.SocketDocumentContentServer$SocketDocumentContentWorker.processData(SocketDocumentContentServer.java:571)
	at com.topcoder.service.studio.contest.documentcontentservers.SocketDocumentContentServer$SocketDocumentContentWorker.run(SocketDocumentContentServer.java:442)
	at java.lang.Thread.run(Thread.java:595)
There are errors in run().
com.topcoder.service.studio.contest.documentcontentservers.InvalidRequestException: Unrecognized request type: 0
	at com.topcoder.service.studio.contest.documentcontentservers.SocketDocumentContentServer$SocketDocumentContentWorker.processData(SocketDocumentContentServer.java:571)
	at com.topcoder.service.studio.contest.documentcontentservers.SocketDocumentContentServer$SocketDocumentContentWorker.run(SocketDocumentContentServer.java:442)
	at java.lang.Thread.run(Thread.java:595)
There are errors in run().
com.topcoder.service.studio.contest.documentcontentservers.InvalidRequestException: Unrecognized request type: 0
	at com.topcoder.service.studio.contest.documentcontentservers.SocketDocumentContentServer$SocketDocumentContentWorker.processData(SocketDocumentContentServer.java:571)
	at com.topcoder.service.studio.contest.documentcontentservers.SocketDocumentContentServer$SocketDocumentContentWorker.run(SocketDocumentContentServer.java:442)
	at java.lang.Thread.run(Thread.java:595)
There are errors in run().
com.topcoder.service.studio.contest.documentcontentservers.InvalidRequestException: Unrecognized request type: 0
	at com.topcoder.service.studio.contest.documentcontentservers.SocketDocumentContentServer$SocketDocumentContentWorker.processData(SocketDocumentContentServer.java:571)
	at com.topcoder.service.studio.contest.documentcontentservers.SocketDocumentContentServer$SocketDocumentContentWorker.run(SocketDocumentContentServer.java:442)
	at java.lang.Thread.run(Thread.java:595)
There are errors in run().
com.topcoder.service.studio.contest.documentcontentservers.InvalidRequestException: Unrecognized request type: 0
	at com.topcoder.service.studio.contest.documentcontentservers.SocketDocumentContentServer$SocketDocumentContentWorker.processData(SocketDocumentContentServer.java:571)
	at com.topcoder.service.studio.contest.documentcontentservers.SocketDocumentContentServer$SocketDocumentContentWorker.run(SocketDocumentContentServer.java:442)
	at java.lang.Thread.run(Thread.java:595)
There are errors in run().
com.topcoder.service.studio.contest.documentcontentservers.InvalidRequestException: Unrecognized request type: 0
	at com.topcoder.service.studio.contest.documentcontentservers.SocketDocumentContentServer$SocketDocumentContentWorker.processData(SocketDocumentContentServer.java:571)
	at com.topcoder.service.studio.contest.documentcontentservers.SocketDocumentContentServer$SocketDocumentContentWorker.run(SocketDocumentContentServer.java:442)
	at java.lang.Thread.run(Thread.java:595)
There are errors in run().
com.topcoder.service.studio.contest.documentcontentservers.InvalidRequestException: Unrecognized request type: 0
	at com.topcoder.service.studio.contest.documentcontentservers.SocketDocumentContentServer$SocketDocumentContentWorker.processData(SocketDocumentContentServer.java:571)
	at com.topcoder.service.studio.contest.documentcontentservers.SocketDocumentContentServer$SocketDocumentContentWorker.run(SocketDocumentContentServer.java:442)
	at java.lang.Thread.run(Thread.java:595)
There are errors in run().
com.topcoder.service.studio.contest.documentcontentservers.InvalidRequestException: Unrecognized request type: 0
	at com.topcoder.service.studio.contest.documentcontentservers.SocketDocumentContentServer$SocketDocumentContentWorker.processData(SocketDocumentContentServer.java:571)
	at com.topcoder.service.studio.contest.documentcontentservers.SocketDocumentContentServer$SocketDocumentContentWorker.run(SocketDocumentContentServer.java:442)
	at java.lang.Thread.run(Thread.java:595)
There are errors in run().
com.topcoder.service.studio.contest.documentcontentservers.InvalidRequestException: Unrecognized request type: 0
	at com.topcoder.service.studio.contest.documentcontentservers.SocketDocumentContentServer$SocketDocumentContentWorker.processData(SocketDocumentContentServer.java:571)
	at com.topcoder.service.studio.contest.documentcontentservers.SocketDocumentContentServer$SocketDocumentContentWorker.run(SocketDocumentContentServer.java:442)
	at java.lang.Thread.run(Thread.java:595)
There are errors in run().
com.topcoder.service.studio.contest.documentcontentservers.InvalidRequestException: Unrecognized request type: 0
	at com.topcoder.service.studio.contest.documentcontentservers.SocketDocumentContentServer$SocketDocumentContentWorker.processData(SocketDocumentContentServer.java:571)
	at com.topcoder.service.studio.contest.documentcontentservers.SocketDocumentContentServer$SocketDocumentContentWorker.run(SocketDocumentContentServer.java:442)
	at java.lang.Thread.run(Thread.java:595)
There are errors in run().
com.topcoder.service.studio.contest.documentcontentservers.InvalidRequestException: Unrecognized request type: 0
	at com.topcoder.service.studio.contest.documentcontentservers.SocketDocumentContentServer$SocketDocumentContentWorker.processData(SocketDocumentContentServer.java:571)
	at com.topcoder.service.studio.contest.documentcontentservers.SocketDocumentContentServer$SocketDocumentContentWorker.run(SocketDocumentContentServer.java:442)
	at java.lang.Thread.run(Thread.java:595)
There are errors in run().
com.topcoder.service.studio.contest.documentcontentservers.InvalidRequestException: Unrecognized request type: 0
	at com.topcoder.service.studio.contest.documentcontentservers.SocketDocumentContentServer$SocketDocumentContentWorker.processData(SocketDocumentContentServer.java:571)
	at com.topcoder.service.studio.contest.documentcontentservers.SocketDocumentContentServer$SocketDocumentContentWorker.run(SocketDocumentContentServer.java:442)
	at java.lang.Thread.run(Thread.java:595)
There are errors in run().
com.topcoder.service.studio.contest.documentcontentservers.InvalidRequestException: Unrecognized request type: 0
	at com.topcoder.service.studio.contest.documentcontentservers.SocketDocumentContentServer$SocketDocumentContentWorker.processData(SocketDocumentContentServer.java:571)
	at com.topcoder.service.studio.contest.documentcontentservers.SocketDocumentContentServer$SocketDocumentContentWorker.run(SocketDocumentContentServer.java:442)
	at java.lang.Thread.run(Thread.java:595)
There are errors in run().
com.topcoder.service.studio.contest.documentcontentservers.InvalidRequestException: Unrecognized request type: 0
	at com.topcoder.service.studio.contest.documentcontentservers.SocketDocumentContentServer$SocketDocumentContentWorker.processData(SocketDocumentContentServer.java:571)
	at com.topcoder.service.studio.contest.documentcontentservers.SocketDocumentContentServer$SocketDocumentContentWorker.run(SocketDocumentContentServer.java:442)
	at java.lang.Thread.run(Thread.java:595)
There are errors in run().
com.topcoder.service.studio.contest.documentcontentservers.InvalidRequestException: Unrecognized request type: 0
	at com.topcoder.service.studio.contest.documentcontentservers.SocketDocumentContentServer$SocketDocumentContentWorker.processData(SocketDocumentContentServer.java:571)
	at com.topcoder.service.studio.contest.documentcontentservers.SocketDocumentContentServer$SocketDocumentContentWorker.run(SocketDocumentContentServer.java:442)
	at java.lang.Thread.run(Thread.java:595)
There are errors in run().
com.topcoder.service.studio.contest.documentcontentservers.InvalidRequestException: Unrecognized request type: 0
	at com.topcoder.service.studio.contest.documentcontentservers.SocketDocumentContentServer$SocketDocumentContentWorker.processData(SocketDocumentContentServer.java:571)
	at com.topcoder.service.studio.contest.documentcontentservers.SocketDocumentContentServer$SocketDocumentContentWorker.run(SocketDocumentContentServer.java:442)
	at java.lang.Thread.run(Thread.java:595)
There are errors in run().
com.topcoder.service.studio.contest.documentcontentservers.InvalidRequestException: Unrecognized request type: 0
	at com.topcoder.service.studio.contest.documentcontentservers.SocketDocumentContentServer$SocketDocumentContentWorker.processData(SocketDocumentContentServer.java:571)
	at com.topcoder.service.studio.contest.documentcontentservers.SocketDocumentContentServer$SocketDocumentContentWorker.run(SocketDocumentContentServer.java:442)
	at java.lang.Thread.run(Thread.java:595)
There are errors in run().
com.topcoder.service.studio.contest.documentcontentservers.InvalidRequestException: Unrecognized request type: 0
	at com.topcoder.service.studio.contest.documentcontentservers.SocketDocumentContentServer$SocketDocumentContentWorker.processData(SocketDocumentContentServer.java:571)
	at com.topcoder.service.studio.contest.documentcontentservers.SocketDocumentContentServer$SocketDocumentContentWorker.run(SocketDocumentContentServer.java:442)
	at java.lang.Thread.run(Thread.java:595)
There are errors in run().
com.topcoder.service.studio.contest.documentcontentservers.InvalidRequestException: Unrecognized request type: 0
	at com.topcoder.service.studio.contest.documentcontentservers.SocketDocumentContentServer$SocketDocumentContentWorker.processData(SocketDocumentContentServer.java:571)
	at com.topcoder.service.studio.contest.documentcontentservers.SocketDocumentContentServer$SocketDocumentContentWorker.run(SocketDocumentContentServer.java:442)
	at java.lang.Thread.run(Thread.java:595)
There are errors in run().
com.topcoder.service.studio.contest.documentcontentservers.InvalidRequestException: Unrecognized request type: 0
	at com.topcoder.service.studio.contest.documentcontentservers.SocketDocumentContentServer$SocketDocumentContentWorker.processData(SocketDocumentContentServer.java:571)
	at com.topcoder.service.studio.contest.documentcontentservers.SocketDocumentContentServer$SocketDocumentContentWorker.run(SocketDocumentContentServer.java:442)
	at java.lang.Thread.run(Thread.java:595)
There are errors in run().
com.topcoder.service.studio.contest.documentcontentservers.InvalidRequestException: Unrecognized request type: 0
	at com.topcoder.service.studio.contest.documentcontentservers.SocketDocumentContentServer$SocketDocumentContentWorker.processData(SocketDocumentContentServer.java:571)
	at com.topcoder.service.studio.contest.documentcontentservers.SocketDocumentContentServer$SocketDocumentContentWorker.run(SocketDocumentContentServer.java:442)
	at java.lang.Thread.run(Thread.java:595)
There are errors in run().
com.topcoder.service.studio.contest.documentcontentservers.InvalidRequestException: Unrecognized request type: 0
	at com.topcoder.service.studio.contest.documentcontentservers.SocketDocumentContentServer$SocketDocumentContentWorker.processData(SocketDocumentContentServer.java:571)
	at com.topcoder.service.studio.contest.documentcontentservers.SocketDocumentContentServer$SocketDocumentContentWorker.run(SocketDocumentContentServer.java:442)
	at java.lang.Thread.run(Thread.java:595)
There are errors in run().
com.topcoder.service.studio.contest.documentcontentservers.InvalidRequestException: Unrecognized request type: 0
	at com.topcoder.service.studio.contest.documentcontentservers.SocketDocumentContentServer$SocketDocumentContentWorker.processData(SocketDocumentContentServer.java:571)
	at com.topcoder.service.studio.contest.documentcontentservers.SocketDocumentContentServer$SocketDocumentContentWorker.run(SocketDocumentContentServer.java:442)
	at java.lang.Thread.run(Thread.java:595)
There are errors in run().
com.topcoder.service.studio.contest.documentcontentservers.InvalidRequestException: Unrecognized request type: 0
	at com.topcoder.service.studio.contest.documentcontentservers.SocketDocumentContentServer$SocketDocumentContentWorker.processData(SocketDocumentContentServer.java:571)
	at com.topcoder.service.studio.contest.documentcontentservers.SocketDocumentContentServer$SocketDocumentContentWorker.run(SocketDocumentContentServer.java:442)
	at java.lang.Thread.run(Thread.java:595)
There are errors in run().
com.topcoder.service.studio.contest.documentcontentservers.InvalidRequestException: Unrecognized request type: 0
	at com.topcoder.service.studio.contest.documentcontentservers.SocketDocumentContentServer$SocketDocumentContentWorker.processData(SocketDocumentContentServer.java:571)
	at com.topcoder.service.studio.contest.documentcontentservers.SocketDocumentContentServer$SocketDocumentContentWorker.run(SocketDocumentContentServer.java:442)
	at java.lang.Thread.run(Thread.java:595)
There are errors in run().
com.topcoder.service.studio.contest.documentcontentservers.InvalidRequestException: Unrecognized request type: 0
	at com.topcoder.service.studio.contest.documentcontentservers.SocketDocumentContentServer$SocketDocumentContentWorker.processData(SocketDocumentContentServer.java:571)
	at com.topcoder.service.studio.contest.documentcontentservers.SocketDocumentContentServer$SocketDocumentContentWorker.run(SocketDocumentContentServer.java:442)
	at java.lang.Thread.run(Thread.java:595)
There are errors in run().
com.topcoder.service.studio.contest.documentcontentservers.InvalidRequestException: Unrecognized request type: 0
	at com.topcoder.service.studio.contest.documentcontentservers.SocketDocumentContentServer$SocketDocumentContentWorker.processData(SocketDocumentContentServer.java:571)
	at com.topcoder.service.studio.contest.documentcontentservers.SocketDocumentContentServer$SocketDocumentContentWorker.run(SocketDocumentContentServer.java:442)
	at java.lang.Thread.run(Thread.java:595)
There are errors in run().
com.topcoder.service.studio.contest.documentcontentservers.InvalidRequestException: Unrecognized request type: 0
	at com.topcoder.service.studio.contest.documentcontentservers.SocketDocumentContentServer$SocketDocumentContentWorker.processData(SocketDocumentContentServer.java:571)
	at com.topcoder.service.studio.contest.documentcontentservers.SocketDocumentContentServer$SocketDocumentContentWorker.run(SocketDocumentContentServer.java:442)
	at java.lang.Thread.run(Thread.java:595)
There are errors in run().
com.topcoder.service.studio.contest.documentcontentservers.InvalidRequestException: Unrecognized request type: 0
	at com.topcoder.service.studio.contest.documentcontentservers.SocketDocumentContentServer$SocketDocumentContentWorker.processData(SocketDocumentContentServer.java:571)
	at com.topcoder.service.studio.contest.documentcontentservers.SocketDocumentContentServer$SocketDocumentContentWorker.run(SocketDocumentContentServer.java:442)
	at java.lang.Thread.run(Thread.java:595)
There are errors in run().
com.topcoder.service.studio.contest.documentcontentservers.InvalidRequestException: Unrecognized request type: 0
	at com.topcoder.service.studio.contest.documentcontentservers.SocketDocumentContentServer$SocketDocumentContentWorker.processData(SocketDocumentContentServer.java:571)
	at com.topcoder.service.studio.contest.documentcontentservers.SocketDocumentContentServer$SocketDocumentContentWorker.run(SocketDocumentContentServer.java:442)
	at java.lang.Thread.run(Thread.java:595)
There are errors in run().
com.topcoder.service.studio.contest.documentcontentservers.InvalidRequestException: Unrecognized request type: 0
	at com.topcoder.service.studio.contest.documentcontentservers.SocketDocumentContentServer$SocketDocumentContentWorker.processData(SocketDocumentContentServer.java:571)
	at com.topcoder.service.studio.contest.documentcontentservers.SocketDocumentContentServer$SocketDocumentContentWorker.run(SocketDocumentContentServer.java:442)
	at java.lang.Thread.run(Thread.java:595)
There are errors in run().
com.topcoder.service.studio.contest.documentcontentservers.InvalidRequestException: Unrecognized request type: 0
	at com.topcoder.service.studio.contest.documentcontentservers.SocketDocumentContentServer$SocketDocumentContentWorker.processData(SocketDocumentContentServer.java:571)
	at com.topcoder.service.studio.contest.documentcontentservers.SocketDocumentContentServer$SocketDocumentContentWorker.run(SocketDocumentContentServer.java:442)
	at java.lang.Thread.run(Thread.java:595)
There are errors in run().
com.topcoder.service.studio.contest.documentcontentservers.InvalidRequestException: Unrecognized request type: 0
	at com.topcoder.service.studio.contest.documentcontentservers.SocketDocumentContentServer$SocketDocumentContentWorker.processData(SocketDocumentContentServer.java:571)
	at com.topcoder.service.studio.contest.documentcontentservers.SocketDocumentContentServer$SocketDocumentContentWorker.run(SocketDocumentContentServer.java:442)
	at java.lang.Thread.run(Thread.java:595)
There are errors in run().
com.topcoder.service.studio.contest.documentcontentservers.InvalidRequestException: Unrecognized request type: 0
	at com.topcoder.service.studio.contest.documentcontentservers.SocketDocumentContentServer$SocketDocumentContentWorker.processData(SocketDocumentContentServer.java:571)
	at com.topcoder.service.studio.contest.documentcontentservers.SocketDocumentContentServer$SocketDocumentContentWorker.run(SocketDocumentContentServer.java:442)
	at java.lang.Thread.run(Thread.java:595)
There are errors in run().
com.topcoder.service.studio.contest.documentcontentservers.InvalidRequestException: Unrecognized request type: 0
	at com.topcoder.service.studio.contest.documentcontentservers.SocketDocumentContentServer$SocketDocumentContentWorker.processData(SocketDocumentContentServer.java:571)
	at com.topcoder.service.studio.contest.documentcontentservers.SocketDocumentContentServer$SocketDocumentContentWorker.run(SocketDocumentContentServer.java:442)
	at java.lang.Thread.run(Thread.java:595)
There are errors in run().
com.topcoder.service.studio.contest.documentcontentservers.InvalidRequestException: Unrecognized request type: 0
	at com.topcoder.service.studio.contest.documentcontentservers.SocketDocumentContentServer$SocketDocumentContentWorker.processData(SocketDocumentContentServer.java:571)
	at com.topcoder.service.studio.contest.documentcontentservers.SocketDocumentContentServer$SocketDocumentContentWorker.run(SocketDocumentContentServer.java:442)
	at java.lang.Thread.run(Thread.java:595)
There are errors in run().
com.topcoder.service.studio.contest.documentcontentservers.InvalidRequestException: Unrecognized request type: 0
	at com.topcoder.service.studio.contest.documentcontentservers.SocketDocumentContentServer$SocketDocumentContentWorker.processData(SocketDocumentContentServer.java:571)
	at com.topcoder.service.studio.contest.documentcontentservers.SocketDocumentContentServer$SocketDocumentContentWorker.run(SocketDocumentContentServer.java:442)
	at java.lang.Thread.run(Thread.java:595)
There are errors in run().
com.topcoder.service.studio.contest.documentcontentservers.InvalidRequestException: Unrecognized request type: 0
	at com.topcoder.service.studio.contest.documentcontentservers.SocketDocumentContentServer$SocketDocumentContentWorker.processData(SocketDocumentContentServer.java:571)
	at com.topcoder.service.studio.contest.documentcontentservers.SocketDocumentContentServer$SocketDocumentContentWorker.run(SocketDocumentContentServer.java:442)
	at java.lang.Thread.run(Thread.java:595)
There are errors in run().
com.topcoder.service.studio.contest.documentcontentservers.InvalidRequestException: Unrecognized request type: 0
	at com.topcoder.service.studio.contest.documentcontentservers.SocketDocumentContentServer$SocketDocumentContentWorker.processData(SocketDocumentContentServer.java:571)
	at com.topcoder.service.studio.contest.documentcontentservers.SocketDocumentContentServer$SocketDocumentContentWorker.run(SocketDocumentContentServer.java:442)
	at java.lang.Thread.run(Thread.java:595)
There are errors in run().
com.topcoder.service.studio.contest.documentcontentservers.InvalidRequestException: Unrecognized request type: 0
	at com.topcoder.service.studio.contest.documentcontentservers.SocketDocumentContentServer$SocketDocumentContentWorker.processData(SocketDocumentContentServer.java:571)
	at com.topcoder.service.studio.contest.documentcontentservers.SocketDocumentContentServer$SocketDocumentContentWorker.run(SocketDocumentContentServer.java:442)
	at java.lang.Thread.run(Thread.java:595)
There are errors in run().
com.topcoder.service.studio.contest.documentcontentservers.InvalidRequestException: Unrecognized request type: 0
	at com.topcoder.service.studio.contest.documentcontentservers.SocketDocumentContentServer$SocketDocumentContentWorker.processData(SocketDocumentContentServer.java:571)
	at com.topcoder.service.studio.contest.documentcontentservers.SocketDocumentContentServer$SocketDocumentContentWorker.run(SocketDocumentContentServer.java:442)
	at java.lang.Thread.run(Thread.java:595)
There are errors in run().
com.topcoder.service.studio.contest.documentcontentservers.InvalidRequestException: Unrecognized request type: 0
	at com.topcoder.service.studio.contest.documentcontentservers.SocketDocumentContentServer$SocketDocumentContentWorker.processData(SocketDocumentContentServer.java:571)
	at com.topcoder.service.studio.contest.documentcontentservers.SocketDocumentContentServer$SocketDocumentContentWorker.run(SocketDocumentContentServer.java:442)
	at java.lang.Thread.run(Thread.java:595)
There are errors in run().
com.topcoder.service.studio.contest.documentcontentservers.InvalidRequestException: Unrecognized request type: 0
	at com.topcoder.service.studio.contest.documentcontentservers.SocketDocumentContentServer$SocketDocumentContentWorker.processData(SocketDocumentContentServer.java:571)
	at com.topcoder.service.studio.contest.documentcontentservers.SocketDocumentContentServer$SocketDocumentContentWorker.run(SocketDocumentContentServer.java:442)
	at java.lang.Thread.run(Thread.java:595)
There are errors in run().
com.topcoder.service.studio.contest.documentcontentservers.InvalidRequestException: Unrecognized request type: 0
	at com.topcoder.service.studio.contest.documentcontentservers.SocketDocumentContentServer$SocketDocumentContentWorker.processData(SocketDocumentContentServer.java:571)
	at com.topcoder.service.studio.contest.documentcontentservers.SocketDocumentContentServer$SocketDocumentContentWorker.run(SocketDocumentContentServer.java:442)
	at java.lang.Thread.run(Thread.java:595)
There are errors in run().
com.topcoder.service.studio.contest.documentcontentservers.InvalidRequestException: Unrecognized request type: 0
	at com.topcoder.service.studio.contest.documentcontentservers.SocketDocumentContentServer$SocketDocumentContentWorker.processData(SocketDocumentContentServer.java:571)
	at com.topcoder.service.studio.contest.documentcontentservers.SocketDocumentContentServer$SocketDocumentContentWorker.run(SocketDocumentContentServer.java:442)
	at java.lang.Thread.run(Thread.java:595)
There are errors in run().
com.topcoder.service.studio.contest.documentcontentservers.InvalidRequestException: Unrecognized request type: 0
	at com.topcoder.service.studio.contest.documentcontentservers.SocketDocumentContentServer$SocketDocumentContentWorker.processData(SocketDocumentContentServer.java:571)
	at com.topcoder.service.studio.contest.documentcontentservers.SocketDocumentContentServer$SocketDocumentContentWorker.run(SocketDocumentContentServer.java:442)
	at java.lang.Thread.run(Thread.java:595)
There are errors in run().
com.topcoder.service.studio.contest.documentcontentservers.InvalidRequestException: Unrecognized request type: 0
	at com.topcoder.service.studio.contest.documentcontentservers.SocketDocumentContentServer$SocketDocumentContentWorker.processData(SocketDocumentContentServer.java:571)
	at com.topcoder.service.studio.contest.documentcontentservers.SocketDocumentContentServer$SocketDocumentContentWorker.run(SocketDocumentContentServer.java:442)
	at java.lang.Thread.run(Thread.java:595)
There are errors in run().
com.topcoder.service.studio.contest.documentcontentservers.InvalidRequestException: Unrecognized request type: 0
	at com.topcoder.service.studio.contest.documentcontentservers.SocketDocumentContentServer$SocketDocumentContentWorker.processData(SocketDocumentContentServer.java:571)
	at com.topcoder.service.studio.contest.documentcontentservers.SocketDocumentContentServer$SocketDocumentContentWorker.run(SocketDocumentContentServer.java:442)
	at java.lang.Thread.run(Thread.java:595)
There are errors in run().
com.topcoder.service.studio.contest.documentcontentservers.InvalidRequestException: Unrecognized request type: 0
	at com.topcoder.service.studio.contest.documentcontentservers.SocketDocumentContentServer$SocketDocumentContentWorker.processData(SocketDocumentContentServer.java:571)
	at com.topcoder.service.studio.contest.documentcontentservers.SocketDocumentContentServer$SocketDocumentContentWorker.run(SocketDocumentContentServer.java:442)
	at java.lang.Thread.run(Thread.java:595)
There are errors in run().
com.topcoder.service.studio.contest.documentcontentservers.InvalidRequestException: Unrecognized request type: 0
	at com.topcoder.service.studio.contest.documentcontentservers.SocketDocumentContentServer$SocketDocumentContentWorker.processData(SocketDocumentContentServer.java:571)
	at com.topcoder.service.studio.contest.documentcontentservers.SocketDocumentContentServer$SocketDocumentContentWorker.run(SocketDocumentContentServer.java:442)
	at java.lang.Thread.run(Thread.java:595)
There are errors in run().
com.topcoder.service.studio.contest.documentcontentservers.InvalidRequestException: Unrecognized request type: 0
	at com.topcoder.service.studio.contest.documentcontentservers.SocketDocumentContentServer$SocketDocumentContentWorker.processData(SocketDocumentContentServer.java:571)
	at com.topcoder.service.studio.contest.documentcontentservers.SocketDocumentContentServer$SocketDocumentContentWorker.run(SocketDocumentContentServer.java:442)
	at java.lang.Thread.run(Thread.java:595)
There are errors in run().
com.topcoder.service.studio.contest.documentcontentservers.InvalidRequestException: Unrecognized request type: 0
	at com.topcoder.service.studio.contest.documentcontentservers.SocketDocumentContentServer$SocketDocumentContentWorker.processData(SocketDocumentContentServer.java:571)
	at com.topcoder.service.studio.contest.documentcontentservers.SocketDocumentContentServer$SocketDocumentContentWorker.run(SocketDocumentContentServer.java:442)
	at java.lang.Thread.run(Thread.java:595)
There are errors in run().
com.topcoder.service.studio.contest.documentcontentservers.InvalidRequestException: Unrecognized request type: 0
	at com.topcoder.service.studio.contest.documentcontentservers.SocketDocumentContentServer$SocketDocumentContentWorker.processData(SocketDocumentContentServer.java:571)
	at com.topcoder.service.studio.contest.documentcontentservers.SocketDocumentContentServer$SocketDocumentContentWorker.run(SocketDocumentContentServer.java:442)
	at java.lang.Thread.run(Thread.java:595)
There are errors in run().
com.topcoder.service.studio.contest.documentcontentservers.InvalidRequestException: Unrecognized request type: 0
	at com.topcoder.service.studio.contest.documentcontentservers.SocketDocumentContentServer$SocketDocumentContentWorker.processData(SocketDocumentContentServer.java:571)
	at com.topcoder.service.studio.contest.documentcontentservers.SocketDocumentContentServer$SocketDocumentContentWorker.run(SocketDocumentContentServer.java:442)
	at java.lang.Thread.run(Thread.java:595)
There are errors in run().
com.topcoder.service.studio.contest.documentcontentservers.InvalidRequestException: Unrecognized request type: 0
	at com.topcoder.service.studio.contest.documentcontentservers.SocketDocumentContentServer$SocketDocumentContentWorker.processData(SocketDocumentContentServer.java:571)
	at com.topcoder.service.studio.contest.documentcontentservers.SocketDocumentContentServer$SocketDocumentContentWorker.run(SocketDocumentContentServer.java:442)
	at java.lang.Thread.run(Thread.java:595)
There are errors in run().
com.topcoder.service.studio.contest.documentcontentservers.InvalidRequestException: Unrecognized request type: 0
	at com.topcoder.service.studio.contest.documentcontentservers.SocketDocumentContentServer$SocketDocumentContentWorker.processData(SocketDocumentContentServer.java:571)
	at com.topcoder.service.studio.contest.documentcontentservers.SocketDocumentContentServer$SocketDocumentContentWorker.run(SocketDocumentContentServer.java:442)
	at java.lang.Thread.run(Thread.java:595)
There are errors in run().
com.topcoder.service.studio.contest.documentcontentservers.InvalidRequestException: Unrecognized request type: 0
	at com.topcoder.service.studio.contest.documentcontentservers.SocketDocumentContentServer$SocketDocumentContentWorker.processData(SocketDocumentContentServer.java:571)
	at com.topcoder.service.studio.contest.documentcontentservers.SocketDocumentContentServer$SocketDocumentContentWorker.run(SocketDocumentContentServer.java:442)
	at java.lang.Thread.run(Thread.java:595)
There are errors in run().
com.topcoder.service.studio.contest.documentcontentservers.InvalidRequestException: Unrecognized request type: 0
	at com.topcoder.service.studio.contest.documentcontentservers.SocketDocumentContentServer$SocketDocumentContentWorker.processData(SocketDocumentContentServer.java:571)
	at com.topcoder.service.studio.contest.documentcontentservers.SocketDocumentContentServer$SocketDocumentContentWorker.run(SocketDocumentContentServer.java:442)
	at java.lang.Thread.run(Thread.java:595)
There are errors in run().
com.topcoder.service.studio.contest.documentcontentservers.InvalidRequestException: Unrecognized request type: 0
	at com.topcoder.service.studio.contest.documentcontentservers.SocketDocumentContentServer$SocketDocumentContentWorker.processData(SocketDocumentContentServer.java:571)
	at com.topcoder.service.studio.contest.documentcontentservers.SocketDocumentContentServer$SocketDocumentContentWorker.run(SocketDocumentContentServer.java:442)
	at java.lang.Thread.run(Thread.java:595)
There are errors in run().
com.topcoder.service.studio.contest.documentcontentservers.InvalidRequestException: Unrecognized request type: 0
	at com.topcoder.service.studio.contest.documentcontentservers.SocketDocumentContentServer$SocketDocumentContentWorker.processData(SocketDocumentContentServer.java:571)
	at com.topcoder.service.studio.contest.documentcontentservers.SocketDocumentContentServer$SocketDocumentContentWorker.run(SocketDocumentContentServer.java:442)
	at java.lang.Thread.run(Thread.java:595)
There are errors in run().
com.topcoder.service.studio.contest.documentcontentservers.InvalidRequestException: Unrecognized request type: 0
	at com.topcoder.service.studio.contest.documentcontentservers.SocketDocumentContentServer$SocketDocumentContentWorker.processData(SocketDocumentContentServer.java:571)
	at com.topcoder.service.studio.contest.documentcontentservers.SocketDocumentContentServer$SocketDocumentContentWorker.run(SocketDocumentContentServer.java:442)
	at java.lang.Thread.run(Thread.java:595)
There are errors in run().
com.topcoder.service.studio.contest.documentcontentservers.InvalidRequestException: Unrecognized request type: 0
	at com.topcoder.service.studio.contest.documentcontentservers.SocketDocumentContentServer$SocketDocumentContentWorker.processData(SocketDocumentContentServer.java:571)
	at com.topcoder.service.studio.contest.documentcontentservers.SocketDocumentContentServer$SocketDocumentContentWorker.run(SocketDocumentContentServer.java:442)
	at java.lang.Thread.run(Thread.java:595)
There are errors in run().
com.topcoder.service.studio.contest.documentcontentservers.InvalidRequestException: Unrecognized request type: 0
	at com.topcoder.service.studio.contest.documentcontentservers.SocketDocumentContentServer$SocketDocumentContentWorker.processData(SocketDocumentContentServer.java:571)
	at com.topcoder.service.studio.contest.documentcontentservers.SocketDocumentContentServer$SocketDocumentContentWorker.run(SocketDocumentContentServer.java:442)
	at java.lang.Thread.run(Thread.java:595)
There are errors in run().
com.topcoder.service.studio.contest.documentcontentservers.InvalidRequestException: Unrecognized request type: 0
	at com.topcoder.service.studio.contest.documentcontentservers.SocketDocumentContentServer$SocketDocumentContentWorker.processData(SocketDocumentContentServer.java:571)
	at com.topcoder.service.studio.contest.documentcontentservers.SocketDocumentContentServer$SocketDocumentContentWorker.run(SocketDocumentContentServer.java:442)
	at java.lang.Thread.run(Thread.java:595)
There are errors in run().
com.topcoder.service.studio.contest.documentcontentservers.InvalidRequestException: Unrecognized request type: 0
	at com.topcoder.service.studio.contest.documentcontentservers.SocketDocumentContentServer$SocketDocumentContentWorker.processData(SocketDocumentContentServer.java:571)
	at com.topcoder.service.studio.contest.documentcontentservers.SocketDocumentContentServer$SocketDocumentContentWorker.run(SocketDocumentContentServer.java:442)
	at java.lang.Thread.run(Thread.java:595)
There are errors in run().
com.topcoder.service.studio.contest.documentcontentservers.InvalidRequestException: Unrecognized request type: 0
	at com.topcoder.service.studio.contest.documentcontentservers.SocketDocumentContentServer$SocketDocumentContentWorker.processData(SocketDocumentContentServer.java:571)
	at com.topcoder.service.studio.contest.documentcontentservers.SocketDocumentContentServer$SocketDocumentContentWorker.run(SocketDocumentContentServer.java:442)
	at java.lang.Thread.run(Thread.java:595)
There are errors in run().
com.topcoder.service.studio.contest.documentcontentservers.InvalidRequestException: Unrecognized request type: 0
	at com.topcoder.service.studio.contest.documentcontentservers.SocketDocumentContentServer$SocketDocumentContentWorker.processData(SocketDocumentContentServer.java:571)
	at com.topcoder.service.studio.contest.documentcontentservers.SocketDocumentContentServer$SocketDocumentContentWorker.run(SocketDocumentContentServer.java:442)
	at java.lang.Thread.run(Thread.java:595)
There are errors in run().
com.topcoder.service.studio.contest.documentcontentservers.InvalidRequestException: Unrecognized request type: 0
	at com.topcoder.service.studio.contest.documentcontentservers.SocketDocumentContentServer$SocketDocumentContentWorker.processData(SocketDocumentContentServer.java:571)
	at com.topcoder.service.studio.contest.documentcontentservers.SocketDocumentContentServer$SocketDocumentContentWorker.run(SocketDocumentContentServer.java:442)
	at java.lang.Thread.run(Thread.java:595)
There are errors in run().
com.topcoder.service.studio.contest.documentcontentservers.InvalidRequestException: Unrecognized request type: 0
	at com.topcoder.service.studio.contest.documentcontentservers.SocketDocumentContentServer$SocketDocumentContentWorker.processData(SocketDocumentContentServer.java:571)
	at com.topcoder.service.studio.contest.documentcontentservers.SocketDocumentContentServer$SocketDocumentContentWorker.run(SocketDocumentContentServer.java:442)
	at java.lang.Thread.run(Thread.java:595)
There are errors in run().
com.topcoder.service.studio.contest.documentcontentservers.InvalidRequestException: Unrecognized request type: 0
	at com.topcoder.service.studio.contest.documentcontentservers.SocketDocumentContentServer$SocketDocumentContentWorker.processData(SocketDocumentContentServer.java:571)
	at com.topcoder.service.studio.contest.documentcontentservers.SocketDocumentContentServer$SocketDocumentContentWorker.run(SocketDocumentContentServer.java:442)
	at java.lang.Thread.run(Thread.java:595)
There are errors in run().
com.topcoder.service.studio.contest.documentcontentservers.InvalidRequestException: Unrecognized request type: 0
	at com.topcoder.service.studio.contest.documentcontentservers.SocketDocumentContentServer$SocketDocumentContentWorker.processData(SocketDocumentContentServer.java:571)
	at com.topcoder.service.studio.contest.documentcontentservers.SocketDocumentContentServer$SocketDocumentContentWorker.run(SocketDocumentContentServer.java:442)
	at java.lang.Thread.run(Thread.java:595)
There are errors in run().
com.topcoder.service.studio.contest.documentcontentservers.InvalidRequestException: Unrecognized request type: 0
	at com.topcoder.service.studio.contest.documentcontentservers.SocketDocumentContentServer$SocketDocumentContentWorker.processData(SocketDocumentContentServer.java:571)
	at com.topcoder.service.studio.contest.documentcontentservers.SocketDocumentContentServer$SocketDocumentContentWorker.run(SocketDocumentContentServer.java:442)
	at java.lang.Thread.run(Thread.java:595)
There are errors in run().
com.topcoder.service.studio.contest.documentcontentservers.InvalidRequestException: Unrecognized request type: 0
	at com.topcoder.service.studio.contest.documentcontentservers.SocketDocumentContentServer$SocketDocumentContentWorker.processData(SocketDocumentContentServer.java:571)
	at com.topcoder.service.studio.contest.documentcontentservers.SocketDocumentContentServer$SocketDocumentContentWorker.run(SocketDocumentContentServer.java:442)
	at java.lang.Thread.run(Thread.java:595)
There are errors in run().
com.topcoder.service.studio.contest.documentcontentservers.InvalidRequestException: Unrecognized request type: 0
	at com.topcoder.service.studio.contest.documentcontentservers.SocketDocumentContentServer$SocketDocumentContentWorker.processData(SocketDocumentContentServer.java:571)
	at com.topcoder.service.studio.contest.documentcontentservers.SocketDocumentContentServer$SocketDocumentContentWorker.run(SocketDocumentContentServer.java:442)
	at java.lang.Thread.run(Thread.java:595)
There are errors in run().
com.topcoder.service.studio.contest.documentcontentservers.InvalidRequestException: Unrecognized request type: 0
	at com.topcoder.service.studio.contest.documentcontentservers.SocketDocumentContentServer$SocketDocumentContentWorker.processData(SocketDocumentContentServer.java:571)
	at com.topcoder.service.studio.contest.documentcontentservers.SocketDocumentContentServer$SocketDocumentContentWorker.run(SocketDocumentContentServer.java:442)
	at java.lang.Thread.run(Thread.java:595)
There are errors in run().
com.topcoder.service.studio.contest.documentcontentservers.InvalidRequestException: Unrecognized request type: 0
	at com.topcoder.service.studio.contest.documentcontentservers.SocketDocumentContentServer$SocketDocumentContentWorker.processData(SocketDocumentContentServer.java:571)
	at com.topcoder.service.studio.contest.documentcontentservers.SocketDocumentContentServer$SocketDocumentContentWorker.run(SocketDocumentContentServer.java:442)
	at java.lang.Thread.run(Thread.java:595)
There are errors in run().
com.topcoder.service.studio.contest.documentcontentservers.InvalidRequestException: Unrecognized request type: 0
	at com.topcoder.service.studio.contest.documentcontentservers.SocketDocumentContentServer$SocketDocumentContentWorker.processData(SocketDocumentContentServer.java:571)
	at com.topcoder.service.studio.contest.documentcontentservers.SocketDocumentContentServer$SocketDocumentContentWorker.run(SocketDocumentContentServer.java:442)
	at java.lang.Thread.run(Thread.java:595)
There are errors in run().
com.topcoder.service.studio.contest.documentcontentservers.InvalidRequestException: Unrecognized request type: 0
	at com.topcoder.service.studio.contest.documentcontentservers.SocketDocumentContentServer$SocketDocumentContentWorker.processData(SocketDocumentContentServer.java:571)
	at com.topcoder.service.studio.contest.documentcontentservers.SocketDocumentContentServer$SocketDocumentContentWorker.run(SocketDocumentContentServer.java:442)
	at java.lang.Thread.run(Thread.java:595)
There are errors in run().
com.topcoder.service.studio.contest.documentcontentservers.InvalidRequestException: Unrecognized request type: 0
	at com.topcoder.service.studio.contest.documentcontentservers.SocketDocumentContentServer$SocketDocumentContentWorker.processData(SocketDocumentContentServer.java:571)
	at com.topcoder.service.studio.contest.documentcontentservers.SocketDocumentContentServer$SocketDocumentContentWorker.run(SocketDocumentContentServer.java:442)
	at java.lang.Thread.run(Thread.java:595)
There are errors in run().
com.topcoder.service.studio.contest.documentcontentservers.InvalidRequestException: Unrecognized request type: 0
	at com.topcoder.service.studio.contest.documentcontentservers.SocketDocumentContentServer$SocketDocumentContentWorker.processData(SocketDocumentContentServer.java:571)
	at com.topcoder.service.studio.contest.documentcontentservers.SocketDocumentContentServer$SocketDocumentContentWorker.run(SocketDocumentContentServer.java:442)
	at java.lang.Thread.run(Thread.java:595)
There are errors in run().
com.topcoder.service.studio.contest.documentcontentservers.InvalidRequestException: Unrecognized request type: 0
	at com.topcoder.service.studio.contest.documentcontentservers.SocketDocumentContentServer$SocketDocumentContentWorker.processData(SocketDocumentContentServer.java:571)
	at com.topcoder.service.studio.contest.documentcontentservers.SocketDocumentContentServer$SocketDocumentContentWorker.run(SocketDocumentContentServer.java:442)
	at java.lang.Thread.run(Thread.java:595)
There are errors in run().
com.topcoder.service.studio.contest.documentcontentservers.InvalidRequestException: Unrecognized request type: 0
	at com.topcoder.service.studio.contest.documentcontentservers.SocketDocumentContentServer$SocketDocumentContentWorker.processData(SocketDocumentContentServer.java:571)
	at com.topcoder.service.studio.contest.documentcontentservers.SocketDocumentContentServer$SocketDocumentContentWorker.run(SocketDocumentContentServer.java:442)
	at java.lang.Thread.run(Thread.java:595)
There are errors in run().
com.topcoder.service.studio.contest.documentcontentservers.InvalidRequestException: Unrecognized request type: 0
	at com.topcoder.service.studio.contest.documentcontentservers.SocketDocumentContentServer$SocketDocumentContentWorker.processData(SocketDocumentContentServer.java:571)
	at com.topcoder.service.studio.contest.documentcontentservers.SocketDocumentContentServer$SocketDocumentContentWorker.run(SocketDocumentContentServer.java:442)
	at java.lang.Thread.run(Thread.java:595)
There are errors in run().
com.topcoder.service.studio.contest.documentcontentservers.InvalidRequestException: Unrecognized request type: 0
	at com.topcoder.service.studio.contest.documentcontentservers.SocketDocumentContentServer$SocketDocumentContentWorker.processData(SocketDocumentContentServer.java:571)
	at com.topcoder.service.studio.contest.documentcontentservers.SocketDocumentContentServer$SocketDocumentContentWorker.run(SocketDocumentContentServer.java:442)
	at java.lang.Thread.run(Thread.java:595)
There are errors in run().
com.topcoder.service.studio.contest.documentcontentservers.InvalidRequestException: Unrecognized request type: 0
	at com.topcoder.service.studio.contest.documentcontentservers.SocketDocumentContentServer$SocketDocumentContentWorker.processData(SocketDocumentContentServer.java:571)
	at com.topcoder.service.studio.contest.documentcontentservers.SocketDocumentContentServer$SocketDocumentContentWorker.run(SocketDocumentContentServer.java:442)
	at java.lang.Thread.run(Thread.java:595)
There are errors in run().
com.topcoder.service.studio.contest.documentcontentservers.InvalidRequestException: Unrecognized request type: 0
	at com.topcoder.service.studio.contest.documentcontentservers.SocketDocumentContentServer$SocketDocumentContentWorker.processData(SocketDocumentContentServer.java:571)
	at com.topcoder.service.studio.contest.documentcontentservers.SocketDocumentContentServer$SocketDocumentContentWorker.run(SocketDocumentContentServer.java:442)
	at java.lang.Thread.run(Thread.java:595)
There are errors in run().
com.topcoder.service.studio.contest.documentcontentservers.InvalidRequestException: Unrecognized request type: 0
	at com.topcoder.service.studio.contest.documentcontentservers.SocketDocumentContentServer$SocketDocumentContentWorker.processData(SocketDocumentContentServer.java:571)
	at com.topcoder.service.studio.contest.documentcontentservers.SocketDocumentContentServer$SocketDocumentContentWorker.run(SocketDocumentContentServer.java:442)
	at java.lang.Thread.run(Thread.java:595)
There are errors in run().
com.topcoder.service.studio.contest.documentcontentservers.InvalidRequestException: Unrecognized request type: 0
	at com.topcoder.service.studio.contest.documentcontentservers.SocketDocumentContentServer$SocketDocumentContentWorker.processData(SocketDocumentContentServer.java:571)
	at com.topcoder.service.studio.contest.documentcontentservers.SocketDocumentContentServer$SocketDocumentContentWorker.run(SocketDocumentContentServer.java:442)
	at java.lang.Thread.run(Thread.java:595)
There are errors in run().
com.topcoder.service.studio.contest.documentcontentservers.InvalidRequestException: Unrecognized request type: 0
	at com.topcoder.service.studio.contest.documentcontentservers.SocketDocumentContentServer$SocketDocumentContentWorker.processData(SocketDocumentContentServer.java:571)
	at com.topcoder.service.studio.contest.documentcontentservers.SocketDocumentContentServer$SocketDocumentContentWorker.run(SocketDocumentContentServer.java:442)
	at java.lang.Thread.run(Thread.java:595)
There are errors in run().
com.topcoder.service.studio.contest.documentcontentservers.InvalidRequestException: Unrecognized request type: 0
	at com.topcoder.service.studio.contest.documentcontentservers.SocketDocumentContentServer$SocketDocumentContentWorker.processData(SocketDocumentContentServer.java:571)
	at com.topcoder.service.studio.contest.documentcontentservers.SocketDocumentContentServer$SocketDocumentContentWorker.run(SocketDocumentContentServer.java:442)
	at java.lang.Thread.run(Thread.java:595)
There are errors in run().
com.topcoder.service.studio.contest.documentcontentservers.InvalidRequestException: Unrecognized request type: 0
	at com.topcoder.service.studio.contest.documentcontentservers.SocketDocumentContentServer$SocketDocumentContentWorker.processData(SocketDocumentContentServer.java:571)
	at com.topcoder.service.studio.contest.documentcontentservers.SocketDocumentContentServer$SocketDocumentContentWorker.run(SocketDocumentContentServer.java:442)
	at java.lang.Thread.run(Thread.java:595)
There are errors in run().
com.topcoder.service.studio.contest.documentcontentservers.InvalidRequestException: Unrecognized request type: 0
	at com.topcoder.service.studio.contest.documentcontentservers.SocketDocumentContentServer$SocketDocumentContentWorker.processData(SocketDocumentContentServer.java:571)
	at com.topcoder.service.studio.contest.documentcontentservers.SocketDocumentContentServer$SocketDocumentContentWorker.run(SocketDocumentContentServer.java:442)
	at java.lang.Thread.run(Thread.java:595)
There are errors in run().
com.topcoder.service.studio.contest.documentcontentservers.InvalidRequestException: Unrecognized request type: 0
	at com.topcoder.service.studio.contest.documentcontentservers.SocketDocumentContentServer$SocketDocumentContentWorker.processData(SocketDocumentContentServer.java:571)
	at com.topcoder.service.studio.contest.documentcontentservers.SocketDocumentContentServer$SocketDocumentContentWorker.run(SocketDocumentContentServer.java:442)
	at java.lang.Thread.run(Thread.java:595)
[08-4-11 下午10:16: Enter method stop()]
[08-4-11 下午10:16: Exit method stop()]
There are errors in run().
com.topcoder.service.studio.contest.documentcontentservers.InvalidRequestException: Unrecognized request type: 0
	at com.topcoder.service.studio.contest.documentcontentservers.SocketDocumentContentServer$SocketDocumentContentWorker.processData(SocketDocumentContentServer.java:571)
	at com.topcoder.service.studio.contest.documentcontentservers.SocketDocumentContentServer$SocketDocumentContentWorker.run(SocketDocumentContentServer.java:442)
	at java.lang.Thread.run(Thread.java:595)
There are io errors while written the error message.
java.io.IOException: An established connection was aborted by the software in your host machine
	at sun.nio.ch.SocketDispatcher.write0(Native Method)
	at sun.nio.ch.SocketDispatcher.write(SocketDispatcher.java:33)
	at sun.nio.ch.IOUtil.writeFromNativeBuffer(IOUtil.java:104)
	at sun.nio.ch.IOUtil.write(IOUtil.java:75)
	at sun.nio.ch.SocketChannelImpl.write(SocketChannelImpl.java:302)
	at com.topcoder.service.studio.contest.documentcontentservers.SocketDocumentContentServer$SocketDocumentContentWorker.processException(SocketDocumentContentServer.java:498)
	at com.topcoder.service.studio.contest.documentcontentservers.SocketDocumentContentServer$SocketDocumentContentWorker.run(SocketDocumentContentServer.java:448)
	at java.lang.Thread.run(Thread.java:595)
[08-4-11 下午10:16: Enter method stop()]
[08-4-11 下午10:16: Exit method stop()]
[08-4-11 下午10:16: Enter method stop()]
[08-4-11 下午10:16: Exit method stop()]
[08-4-11 下午10:16: Enter method stop()]
[08-4-11 下午10:16: Exit method stop()]
[08-4-11 下午10:16: Enter method stop()]
[08-4-11 下午10:16: Exit method stop()]
[08-4-11 下午10:16: Enter method stop()]
[08-4-11 下午10:16: Exit method stop()]
[08-4-11 下午10:16: Enter method stop()]
[08-4-11 下午10:16: Exit method stop()]
[08-4-11 下午10:16: Enter method stop()]
[08-4-11 下午10:16: Exit method stop()]
[08-4-11 下午10:16: Enter method stop()]
[08-4-11 下午10:16: Exit method stop()]
[08-4-11 下午10:16: Enter method stop()]
[08-4-11 下午10:16: Exit method stop()]
[08-4-11 下午10:16: Enter method stop()]
[08-4-11 下午10:16: Exit method stop()]
[08-4-11 下午10:16: Enter method stop()]
[08-4-11 下午10:16: Exit method stop()]
[08-4-11 下午10:16: Enter method stop()]
[08-4-11 下午10:16: Exit method stop()]
[08-4-11 下午10:16: Enter method stop()]
[08-4-11 下午10:16: Exit method stop()]
[08-4-11 下午10:16: Enter method stop()]
[08-4-11 下午10:16: Exit method stop()]
[08-4-11 下午10:16: Enter method stop()]
[08-4-11 下午10:16: Exit method stop()]
[08-4-11 下午10:16: Enter method stop()]
[08-4-11 下午10:16: Exit method stop()]
[08-4-11 下午10:16: Enter method stop()]
[08-4-11 下午10:16: Exit method stop()]
[08-4-11 下午10:16: Enter method start()]
[08-4-11 下午10:16: Exit method Start()]
[08-4-11 下午10:16: Enter method start()]
[08-4-11 下午10:16: Exit method Start()]
[08-4-11 下午10:16: Enter method stop()]
[08-4-11 下午10:16: Exit method stop()]
[08-4-11 下午10:16: Enter method stop()]
[08-4-11 下午10:16: Exit method stop()]
[08-4-11 下午10:16: Enter method start()]
[08-4-11 下午10:16: Exit method Start()]
[08-4-11 下午10:16: Enter method start()]
There are errors in the start()
java.net.BindException: Address already in use: bind
	at sun.nio.ch.Net.bind(Native Method)
	at sun.nio.ch.ServerSocketChannelImpl.bind(ServerSocketChannelImpl.java:119)
	at sun.nio.ch.ServerSocketAdaptor.bind(ServerSocketAdaptor.java:59)
	at com.topcoder.service.studio.contest.documentcontentservers.SocketDocumentContentServer.start(SocketDocumentContentServer.java:256)
	at com.topcoder.service.studio.contest.documentcontentservers.SocketDocumentContentServerUnitTest.testStart_Failure1(SocketDocumentContentServerUnitTest.java:488)
	at sun.reflect.NativeMethodAccessorImpl.invoke0(Native Method)
	at sun.reflect.NativeMethodAccessorImpl.invoke(NativeMethodAccessorImpl.java:39)
	at sun.reflect.DelegatingMethodAccessorImpl.invoke(DelegatingMethodAccessorImpl.java:25)
	at java.lang.reflect.Method.invoke(Method.java:585)
	at junit.framework.TestCase.runTest(TestCase.java:168)
	at junit.framework.TestCase.runBare(TestCase.java:134)
	at junit.framework.TestResult$1.protect(TestResult.java:110)
	at junit.framework.TestResult.runProtected(TestResult.java:128)
	at junit.framework.TestResult.run(TestResult.java:113)
	at junit.framework.TestCase.run(TestCase.java:124)
	at junit.framework.TestSuite.runTest(TestSuite.java:232)
	at junit.framework.TestSuite.run(TestSuite.java:227)
	at junit.framework.TestSuite.runTest(TestSuite.java:232)
	at junit.framework.TestSuite.run(TestSuite.java:227)
	at junit.framework.TestSuite.runTest(TestSuite.java:232)
	at junit.framework.TestSuite.run(TestSuite.java:227)
	at org.apache.tools.ant.taskdefs.optional.junit.JUnitTestRunner.run(JUnitTestRunner.java:421)
	at org.apache.tools.ant.taskdefs.optional.junit.JUnitTestRunner.launch(JUnitTestRunner.java:912)
	at org.apache.tools.ant.taskdefs.optional.junit.JUnitTestRunner.main(JUnitTestRunner.java:766)
[08-4-11 下午10:16: Exit method Start()]
[08-4-11 下午10:16: Enter method stop()]
[08-4-11 下午10:16: Exit method stop()]
[08-4-11 下午10:16: Enter method stop()]
[08-4-11 下午10:16: Exit method stop()]
[08-4-11 下午10:17: Enter method stop()]
[08-4-11 下午10:17: Exit method stop()]
[08-4-11 下午10:17: Enter method start()]
[08-4-11 下午10:17: Exit method Start()]
[08-4-11 下午10:17: Enter method stop()]
[08-4-11 下午10:17: Exit method stop()]
[08-4-11 下午10:17: Enter method stop()]
[08-4-11 下午10:17: Exit method stop()]
[08-4-11 下午10:17: Enter method start()]
[08-4-11 下午10:17: Exit method Start()]
[08-4-11 下午10:17: Enter method stop()]
[08-4-11 下午10:17: Exit method stop()]
[08-4-11 下午10:17: Enter method stop()]
[08-4-11 下午10:17: Exit method stop()]
[08-4-11 下午10:17: Enter method start()]
[08-4-11 下午10:17: Exit method Start()]
There are errors in run().
com.topcoder.service.studio.contest.documentcontentservers.InvalidRequestException: Unrecognized request type: 0
	at com.topcoder.service.studio.contest.documentcontentservers.SocketDocumentContentServer$SocketDocumentContentWorker.processData(SocketDocumentContentServer.java:571)
	at com.topcoder.service.studio.contest.documentcontentservers.SocketDocumentContentServer$SocketDocumentContentWorker.run(SocketDocumentContentServer.java:442)
	at java.lang.Thread.run(Thread.java:595)
[08-4-11 下午10:17: Enter method stop()]
[08-4-11 下午10:17: Exit method stop()]
[08-4-11 下午10:17: Enter method start()]
[08-4-11 下午10:17: Exit method Start()]
There are errors in run().
com.topcoder.service.studio.contest.documentcontentservers.InvalidRequestException: There should be 2 bytes to indicates the path's length in bytes.
	at com.topcoder.service.studio.contest.documentcontentservers.SocketDocumentContentServer$SocketDocumentContentWorker.processData(SocketDocumentContentServer.java:538)
	at com.topcoder.service.studio.contest.documentcontentservers.SocketDocumentContentServer$SocketDocumentContentWorker.run(SocketDocumentContentServer.java:442)
	at java.lang.Thread.run(Thread.java:595)
[08-4-11 下午10:17: Enter method stop()]
[08-4-11 下午10:17: Exit method stop()]
[08-4-11 下午10:17: Enter method start()]
[08-4-11 下午10:17: Exit method Start()]
There are errors in run().
com.topcoder.service.studio.contest.documentcontentservers.InvalidRequestException: The path buffer length mismatch with the length flag.
	at com.topcoder.service.studio.contest.documentcontentservers.SocketDocumentContentServer$SocketDocumentContentWorker.processData(SocketDocumentContentServer.java:551)
	at com.topcoder.service.studio.contest.documentcontentservers.SocketDocumentContentServer$SocketDocumentContentWorker.run(SocketDocumentContentServer.java:442)
	at java.lang.Thread.run(Thread.java:595)
[08-4-11 下午10:17: Enter method stop()]
[08-4-11 下午10:17: Exit method stop()]
[08-4-11 下午10:17: Enter method start()]
[08-4-11 下午10:17: Exit method Start()]
There are errors in run().
com.topcoder.service.studio.contest.documentcontentservers.InvalidRequestException: There are additional bytes in the end.
	at com.topcoder.service.studio.contest.documentcontentservers.SocketDocumentContentServer$SocketDocumentContentWorker.checkEndingBytes(SocketDocumentContentServer.java:726)
	at com.topcoder.service.studio.contest.documentcontentservers.SocketDocumentContentServer$SocketDocumentContentWorker.saveDocumentContent(SocketDocumentContentServer.java:613)
	at com.topcoder.service.studio.contest.documentcontentservers.SocketDocumentContentServer$SocketDocumentContentWorker.processData(SocketDocumentContentServer.java:564)
	at com.topcoder.service.studio.contest.documentcontentservers.SocketDocumentContentServer$SocketDocumentContentWorker.run(SocketDocumentContentServer.java:442)
	at java.lang.Thread.run(Thread.java:595)
There are errors in run().
com.topcoder.service.studio.contest.documentcontentservers.InvalidRequestException: Unrecognized request type: 0
	at com.topcoder.service.studio.contest.documentcontentservers.SocketDocumentContentServer$SocketDocumentContentWorker.processData(SocketDocumentContentServer.java:571)
	at com.topcoder.service.studio.contest.documentcontentservers.SocketDocumentContentServer$SocketDocumentContentWorker.run(SocketDocumentContentServer.java:442)
	at java.lang.Thread.run(Thread.java:595)
There are errors in run().
com.topcoder.service.studio.contest.documentcontentservers.InvalidRequestException: Unrecognized request type: 0
	at com.topcoder.service.studio.contest.documentcontentservers.SocketDocumentContentServer$SocketDocumentContentWorker.processData(SocketDocumentContentServer.java:571)
	at com.topcoder.service.studio.contest.documentcontentservers.SocketDocumentContentServer$SocketDocumentContentWorker.run(SocketDocumentContentServer.java:442)
	at java.lang.Thread.run(Thread.java:595)
There are errors in run().
com.topcoder.service.studio.contest.documentcontentservers.InvalidRequestException: Unrecognized request type: 100
	at com.topcoder.service.studio.contest.documentcontentservers.SocketDocumentContentServer$SocketDocumentContentWorker.processData(SocketDocumentContentServer.java:571)
	at com.topcoder.service.studio.contest.documentcontentservers.SocketDocumentContentServer$SocketDocumentContentWorker.run(SocketDocumentContentServer.java:442)
	at java.lang.Thread.run(Thread.java:595)
[08-4-11 下午10:17: Enter method stop()]
[08-4-11 下午10:17: Exit method stop()]
[08-4-11 下午10:17: Enter method start()]
[08-4-11 下午10:17: Exit method Start()]
[08-4-11 下午10:17: Enter method stop()]
[08-4-11 下午10:17: Exit method stop()]
[08-4-11 下午10:17: Enter method start()]
[08-4-11 下午10:17: Exit method Start()]
There are errors in run().
com.topcoder.service.studio.contest.documentcontentservers.InvalidRequestException: There is no enough 4 bytes for indicating the content length.
	at com.topcoder.service.studio.contest.documentcontentservers.SocketDocumentContentServer$SocketDocumentContentWorker.saveDocumentContent(SocketDocumentContentServer.java:594)
	at com.topcoder.service.studio.contest.documentcontentservers.SocketDocumentContentServer$SocketDocumentContentWorker.processData(SocketDocumentContentServer.java:564)
	at com.topcoder.service.studio.contest.documentcontentservers.SocketDocumentContentServer$SocketDocumentContentWorker.run(SocketDocumentContentServer.java:442)
	at java.lang.Thread.run(Thread.java:595)
[08-4-11 下午10:17: Enter method stop()]
[08-4-11 下午10:17: Exit method stop()]
[08-4-11 下午10:17: Enter method start()]
[08-4-11 下午10:17: Exit method Start()]
There are errors in run().
com.topcoder.service.studio.contest.documentcontentservers.InvalidRequestException: The content has less bytes than the length flag.
	at com.topcoder.service.studio.contest.documentcontentservers.SocketDocumentContentServer$SocketDocumentContentWorker.saveDocumentContent(SocketDocumentContentServer.java:608)
	at com.topcoder.service.studio.contest.documentcontentservers.SocketDocumentContentServer$SocketDocumentContentWorker.processData(SocketDocumentContentServer.java:564)
	at com.topcoder.service.studio.contest.documentcontentservers.SocketDocumentContentServer$SocketDocumentContentWorker.run(SocketDocumentContentServer.java:442)
	at java.lang.Thread.run(Thread.java:595)
[08-4-11 下午10:17: Enter method stop()]
[08-4-11 下午10:17: Exit method stop()]
[08-4-11 下午10:17: Enter method start()]
[08-4-11 下午10:17: Exit method Start()]
[08-4-11 下午10:17: Enter method stop()]
[08-4-11 下午10:17: Exit method stop()]
[08-4-11 下午10:17: Enter method start()]
[08-4-11 下午10:17: Exit method Start()]
[08-4-11 下午10:17: Enter method stop()]
[08-4-11 下午10:17: Exit method stop()]
[08-4-11 下午10:17: Enter method start()]
[08-4-11 下午10:17: Exit method Start()]
[08-4-11 下午10:17: Enter method stop()]
[08-4-11 下午10:17: Exit method stop()]
[08-4-11 下午10:17: Enter method start()]
[08-4-11 下午10:17: Exit method Start()]
[08-4-11 下午10:17: Enter method stop()]
[08-4-11 下午10:17: Exit method stop()]
Can't call commit when autocommit=true
Can't call commit when autocommit=true
ERROR  getInitialContext, Could not obtain initial context
javax.naming.NoInitialContextException: Cannot instantiate class: org.jnp.interfaces.NamingContextFactory [Root exception is java.lang.ClassNotFoundException: org.jnp.interfaces.NamingContextFactory]
	at javax.naming.spi.NamingManager.getInitialContext(NamingManager.java:657)
	at javax.naming.InitialContext.getDefaultInitCtx(InitialContext.java:247)
	at javax.naming.InitialContext.init(InitialContext.java:223)
	at javax.naming.InitialContext.<init>(InitialContext.java:175)
	at org.hibernate.util.NamingHelper.getInitialContext(NamingHelper.java:28)
	at org.hibernate.impl.SessionFactoryObjectFactory.addInstance(SessionFactoryObjectFactory.java:89)
	at org.hibernate.impl.SessionFactoryImpl.<init>(SessionFactoryImpl.java:306)
	at org.hibernate.cfg.Configuration.buildSessionFactory(Configuration.java:1294)
	at org.hibernate.cfg.AnnotationConfiguration.buildSessionFactory(AnnotationConfiguration.java:915)
	at org.hibernate.ejb.Ejb3Configuration.buildEntityManagerFactory(Ejb3Configuration.java:730)
	at org.hibernate.ejb.HibernatePersistence.createEntityManagerFactory(HibernatePersistence.java:121)
	at javax.persistence.Persistence.createEntityManagerFactory(Persistence.java:51)
	at javax.persistence.Persistence.createEntityManagerFactory(Persistence.java:33)
	at com.topcoder.service.studio.contest.accuracytests.TestContestManagerBeanAccuracy.setUp(TestContestManagerBeanAccuracy.java:88)
	at junit.framework.TestCase.runBare(TestCase.java:132)
	at junit.framework.TestResult$1.protect(TestResult.java:110)
	at junit.framework.TestResult.runProtected(TestResult.java:128)
	at junit.framework.TestResult.run(TestResult.java:113)
	at junit.framework.TestCase.run(TestCase.java:124)
	at junit.framework.TestSuite.runTest(TestSuite.java:232)
	at junit.framework.TestSuite.run(TestSuite.java:227)
	at junit.framework.TestSuite.runTest(TestSuite.java:232)
	at junit.framework.TestSuite.run(TestSuite.java:227)
	at junit.framework.TestSuite.runTest(TestSuite.java:232)
	at junit.framework.TestSuite.run(TestSuite.java:227)
	at org.apache.tools.ant.taskdefs.optional.junit.JUnitTestRunner.run(JUnitTestRunner.java:421)
	at org.apache.tools.ant.taskdefs.optional.junit.JUnitTestRunner.launch(JUnitTestRunner.java:912)
	at org.apache.tools.ant.taskdefs.optional.junit.JUnitTestRunner.main(JUnitTestRunner.java:766)
Caused by: java.lang.ClassNotFoundException: org.jnp.interfaces.NamingContextFactory
	at java.net.URLClassLoader$1.run(URLClassLoader.java:200)
	at java.security.AccessController.doPrivileged(Native Method)
	at java.net.URLClassLoader.findClass(URLClassLoader.java:188)
	at java.lang.ClassLoader.loadClass(ClassLoader.java:306)
	at sun.misc.Launcher$AppClassLoader.loadClass(Launcher.java:268)
	at java.lang.ClassLoader.loadClass(ClassLoader.java:251)
	at java.lang.ClassLoader.loadClassInternal(ClassLoader.java:319)
	at java.lang.Class.forName0(Native Method)
	at java.lang.Class.forName(Class.java:242)
	at com.sun.naming.internal.VersionHelper12.loadClass(VersionHelper12.java:42)
	at javax.naming.spi.NamingManager.getInitialContext(NamingManager.java:654)
	... 27 more
WARN   addInstance, Could not bind factory to JNDI
javax.naming.NoInitialContextException: Cannot instantiate class: org.jnp.interfaces.NamingContextFactory [Root exception is java.lang.ClassNotFoundException: org.jnp.interfaces.NamingContextFactory]
	at javax.naming.spi.NamingManager.getInitialContext(NamingManager.java:657)
	at javax.naming.InitialContext.getDefaultInitCtx(InitialContext.java:247)
	at javax.naming.InitialContext.init(InitialContext.java:223)
	at javax.naming.InitialContext.<init>(InitialContext.java:175)
	at org.hibernate.util.NamingHelper.getInitialContext(NamingHelper.java:28)
	at org.hibernate.impl.SessionFactoryObjectFactory.addInstance(SessionFactoryObjectFactory.java:89)
	at org.hibernate.impl.SessionFactoryImpl.<init>(SessionFactoryImpl.java:306)
	at org.hibernate.cfg.Configuration.buildSessionFactory(Configuration.java:1294)
	at org.hibernate.cfg.AnnotationConfiguration.buildSessionFactory(AnnotationConfiguration.java:915)
	at org.hibernate.ejb.Ejb3Configuration.buildEntityManagerFactory(Ejb3Configuration.java:730)
	at org.hibernate.ejb.HibernatePersistence.createEntityManagerFactory(HibernatePersistence.java:121)
	at javax.persistence.Persistence.createEntityManagerFactory(Persistence.java:51)
	at javax.persistence.Persistence.createEntityManagerFactory(Persistence.java:33)
	at com.topcoder.service.studio.contest.accuracytests.TestContestManagerBeanAccuracy.setUp(TestContestManagerBeanAccuracy.java:88)
	at junit.framework.TestCase.runBare(TestCase.java:132)
	at junit.framework.TestResult$1.protect(TestResult.java:110)
	at junit.framework.TestResult.runProtected(TestResult.java:128)
	at junit.framework.TestResult.run(TestResult.java:113)
	at junit.framework.TestCase.run(TestCase.java:124)
	at junit.framework.TestSuite.runTest(TestSuite.java:232)
	at junit.framework.TestSuite.run(TestSuite.java:227)
	at junit.framework.TestSuite.runTest(TestSuite.java:232)
	at junit.framework.TestSuite.run(TestSuite.java:227)
	at junit.framework.TestSuite.runTest(TestSuite.java:232)
	at junit.framework.TestSuite.run(TestSuite.java:227)
	at org.apache.tools.ant.taskdefs.optional.junit.JUnitTestRunner.run(JUnitTestRunner.java:421)
	at org.apache.tools.ant.taskdefs.optional.junit.JUnitTestRunner.launch(JUnitTestRunner.java:912)
	at org.apache.tools.ant.taskdefs.optional.junit.JUnitTestRunner.main(JUnitTestRunner.java:766)
Caused by: java.lang.ClassNotFoundException: org.jnp.interfaces.NamingContextFactory
	at java.net.URLClassLoader$1.run(URLClassLoader.java:200)
	at java.security.AccessController.doPrivileged(Native Method)
	at java.net.URLClassLoader.findClass(URLClassLoader.java:188)
	at java.lang.ClassLoader.loadClass(ClassLoader.java:306)
	at sun.misc.Launcher$AppClassLoader.loadClass(Launcher.java:268)
	at java.lang.ClassLoader.loadClass(ClassLoader.java:251)
	at java.lang.ClassLoader.loadClassInternal(ClassLoader.java:319)
	at java.lang.Class.forName0(Native Method)
	at java.lang.Class.forName(Class.java:242)
	at com.sun.naming.internal.VersionHelper12.loadClass(VersionHelper12.java:42)
	at javax.naming.spi.NamingManager.getInitialContext(NamingManager.java:654)
	... 27 more
Hibernate: select max(file_type_id) from file_type_lu
Hibernate: select max(contest_channel_id) from contest_channel_lu
Hibernate: select max(contest_type_id) from contest_type_lu
Hibernate: select max(contest_status_id) from contest_status_lu
[Enter method: createContest()]
[param1: null]
Hibernate: select max(contest_id) from contest
[Exit method: createContest()]
Hibernate: /* insert com.topcoder.service.studio.contest.StudioFileType */ insert into file_type_lu (sort, image_file_ind, file_type_desc, extension, file_type_id) values (?, ?, ?, ?, ?)
Hibernate: /* insert com.topcoder.service.studio.contest.ContestChannel */ insert into contest_channel_lu (channel_description, file_type_id, channel_name, parent_channel, contest_channel_id) values (?, ?, ?, ?, ?)
Hibernate: /* insert com.topcoder.service.studio.contest.ContestType */ insert into contest_type_lu (contest_type_desc, require_preview_file, require_preview_image, contest_type_id) values (?, ?, ?, ?)
Hibernate: /* insert com.topcoder.service.studio.contest.ContestStatus */ insert into contest_status_lu (contest_status_desc, name, contest_status_id) values (?, ?, ?)
Hibernate: /* insert com.topcoder.service.studio.contest.Contest */ insert into contest (contest_channel_id, name, contest_type_id, project_id, tc_direct_project_id, contest_status_id, forum_id, event_id, start_time, end_date, winner_annoucement_deadline, creator_user_id, contest_id) values (?, ?, ?, ?, ?, ?, ?, ?, ?, ?, ?, ?, ?)
Can't call commit when autocommit=true
Can't call commit when autocommit=true
Can't call commit when autocommit=true
Can't call commit when autocommit=true
ERROR  getInitialContext, Could not obtain initial context
javax.naming.NoInitialContextException: Cannot instantiate class: org.jnp.interfaces.NamingContextFactory [Root exception is java.lang.ClassNotFoundException: org.jnp.interfaces.NamingContextFactory]
	at javax.naming.spi.NamingManager.getInitialContext(NamingManager.java:657)
	at javax.naming.InitialContext.getDefaultInitCtx(InitialContext.java:247)
	at javax.naming.InitialContext.init(InitialContext.java:223)
	at javax.naming.InitialContext.<init>(InitialContext.java:175)
	at org.hibernate.util.NamingHelper.getInitialContext(NamingHelper.java:28)
	at org.hibernate.impl.SessionFactoryObjectFactory.addInstance(SessionFactoryObjectFactory.java:89)
	at org.hibernate.impl.SessionFactoryImpl.<init>(SessionFactoryImpl.java:306)
	at org.hibernate.cfg.Configuration.buildSessionFactory(Configuration.java:1294)
	at org.hibernate.cfg.AnnotationConfiguration.buildSessionFactory(AnnotationConfiguration.java:915)
	at org.hibernate.ejb.Ejb3Configuration.buildEntityManagerFactory(Ejb3Configuration.java:730)
	at org.hibernate.ejb.HibernatePersistence.createEntityManagerFactory(HibernatePersistence.java:121)
	at javax.persistence.Persistence.createEntityManagerFactory(Persistence.java:51)
	at javax.persistence.Persistence.createEntityManagerFactory(Persistence.java:33)
	at com.topcoder.service.studio.contest.accuracytests.TestContestManagerBeanAccuracy.setUp(TestContestManagerBeanAccuracy.java:88)
	at junit.framework.TestCase.runBare(TestCase.java:132)
	at junit.framework.TestResult$1.protect(TestResult.java:110)
	at junit.framework.TestResult.runProtected(TestResult.java:128)
	at junit.framework.TestResult.run(TestResult.java:113)
	at junit.framework.TestCase.run(TestCase.java:124)
	at junit.framework.TestSuite.runTest(TestSuite.java:232)
	at junit.framework.TestSuite.run(TestSuite.java:227)
	at junit.framework.TestSuite.runTest(TestSuite.java:232)
	at junit.framework.TestSuite.run(TestSuite.java:227)
	at junit.framework.TestSuite.runTest(TestSuite.java:232)
	at junit.framework.TestSuite.run(TestSuite.java:227)
	at org.apache.tools.ant.taskdefs.optional.junit.JUnitTestRunner.run(JUnitTestRunner.java:421)
	at org.apache.tools.ant.taskdefs.optional.junit.JUnitTestRunner.launch(JUnitTestRunner.java:912)
	at org.apache.tools.ant.taskdefs.optional.junit.JUnitTestRunner.main(JUnitTestRunner.java:766)
Caused by: java.lang.ClassNotFoundException: org.jnp.interfaces.NamingContextFactory
	at java.net.URLClassLoader$1.run(URLClassLoader.java:200)
	at java.security.AccessController.doPrivileged(Native Method)
	at java.net.URLClassLoader.findClass(URLClassLoader.java:188)
	at java.lang.ClassLoader.loadClass(ClassLoader.java:306)
	at sun.misc.Launcher$AppClassLoader.loadClass(Launcher.java:268)
	at java.lang.ClassLoader.loadClass(ClassLoader.java:251)
	at java.lang.ClassLoader.loadClassInternal(ClassLoader.java:319)
	at java.lang.Class.forName0(Native Method)
	at java.lang.Class.forName(Class.java:242)
	at com.sun.naming.internal.VersionHelper12.loadClass(VersionHelper12.java:42)
	at javax.naming.spi.NamingManager.getInitialContext(NamingManager.java:654)
	... 27 more
WARN   addInstance, Could not bind factory to JNDI
javax.naming.NoInitialContextException: Cannot instantiate class: org.jnp.interfaces.NamingContextFactory [Root exception is java.lang.ClassNotFoundException: org.jnp.interfaces.NamingContextFactory]
	at javax.naming.spi.NamingManager.getInitialContext(NamingManager.java:657)
	at javax.naming.InitialContext.getDefaultInitCtx(InitialContext.java:247)
	at javax.naming.InitialContext.init(InitialContext.java:223)
	at javax.naming.InitialContext.<init>(InitialContext.java:175)
	at org.hibernate.util.NamingHelper.getInitialContext(NamingHelper.java:28)
	at org.hibernate.impl.SessionFactoryObjectFactory.addInstance(SessionFactoryObjectFactory.java:89)
	at org.hibernate.impl.SessionFactoryImpl.<init>(SessionFactoryImpl.java:306)
	at org.hibernate.cfg.Configuration.buildSessionFactory(Configuration.java:1294)
	at org.hibernate.cfg.AnnotationConfiguration.buildSessionFactory(AnnotationConfiguration.java:915)
	at org.hibernate.ejb.Ejb3Configuration.buildEntityManagerFactory(Ejb3Configuration.java:730)
	at org.hibernate.ejb.HibernatePersistence.createEntityManagerFactory(HibernatePersistence.java:121)
	at javax.persistence.Persistence.createEntityManagerFactory(Persistence.java:51)
	at javax.persistence.Persistence.createEntityManagerFactory(Persistence.java:33)
	at com.topcoder.service.studio.contest.accuracytests.TestContestManagerBeanAccuracy.setUp(TestContestManagerBeanAccuracy.java:88)
	at junit.framework.TestCase.runBare(TestCase.java:132)
	at junit.framework.TestResult$1.protect(TestResult.java:110)
	at junit.framework.TestResult.runProtected(TestResult.java:128)
	at junit.framework.TestResult.run(TestResult.java:113)
	at junit.framework.TestCase.run(TestCase.java:124)
	at junit.framework.TestSuite.runTest(TestSuite.java:232)
	at junit.framework.TestSuite.run(TestSuite.java:227)
	at junit.framework.TestSuite.runTest(TestSuite.java:232)
	at junit.framework.TestSuite.run(TestSuite.java:227)
	at junit.framework.TestSuite.runTest(TestSuite.java:232)
	at junit.framework.TestSuite.run(TestSuite.java:227)
	at org.apache.tools.ant.taskdefs.optional.junit.JUnitTestRunner.run(JUnitTestRunner.java:421)
	at org.apache.tools.ant.taskdefs.optional.junit.JUnitTestRunner.launch(JUnitTestRunner.java:912)
	at org.apache.tools.ant.taskdefs.optional.junit.JUnitTestRunner.main(JUnitTestRunner.java:766)
Caused by: java.lang.ClassNotFoundException: org.jnp.interfaces.NamingContextFactory
	at java.net.URLClassLoader$1.run(URLClassLoader.java:200)
	at java.security.AccessController.doPrivileged(Native Method)
	at java.net.URLClassLoader.findClass(URLClassLoader.java:188)
	at java.lang.ClassLoader.loadClass(ClassLoader.java:306)
	at sun.misc.Launcher$AppClassLoader.loadClass(Launcher.java:268)
	at java.lang.ClassLoader.loadClass(ClassLoader.java:251)
	at java.lang.ClassLoader.loadClassInternal(ClassLoader.java:319)
	at java.lang.Class.forName0(Native Method)
	at java.lang.Class.forName(Class.java:242)
	at com.sun.naming.internal.VersionHelper12.loadClass(VersionHelper12.java:42)
	at javax.naming.spi.NamingManager.getInitialContext(NamingManager.java:654)
	... 27 more
Hibernate: select max(file_type_id) from file_type_lu
Hibernate: select max(contest_channel_id) from contest_channel_lu
Hibernate: select max(contest_type_id) from contest_type_lu
Hibernate: select max(contest_status_id) from contest_status_lu
Hibernate: select max(contest_id) from contest
Hibernate: /* insert com.topcoder.service.studio.contest.StudioFileType */ insert into file_type_lu (sort, image_file_ind, file_type_desc, extension, file_type_id) values (?, ?, ?, ?, ?)
Hibernate: /* insert com.topcoder.service.studio.contest.ContestChannel */ insert into contest_channel_lu (channel_description, file_type_id, channel_name, parent_channel, contest_channel_id) values (?, ?, ?, ?, ?)
Hibernate: /* insert com.topcoder.service.studio.contest.ContestType */ insert into contest_type_lu (contest_type_desc, require_preview_file, require_preview_image, contest_type_id) values (?, ?, ?, ?)
Hibernate: /* insert com.topcoder.service.studio.contest.ContestStatus */ insert into contest_status_lu (contest_status_desc, name, contest_status_id) values (?, ?, ?)
Hibernate: /* insert com.topcoder.service.studio.contest.Contest */ insert into contest (contest_channel_id, name, contest_type_id, project_id, tc_direct_project_id, contest_status_id, forum_id, event_id, start_time, end_date, winner_annoucement_deadline, creator_user_id, contest_id) values (?, ?, ?, ?, ?, ?, ?, ?, ?, ?, ?, ?, ?)
[Enter method: getClientForContest()]
[param1: 1]
Hibernate: /* load com.topcoder.service.project.Project */ select project0_.project_id as project1_118_0_, project0_.name as name118_0_, project0_.description as descript3_118_0_, project0_.user_id as user4_118_0_, project0_.create_date as create5_118_0_, project0_.modify_date as modify6_118_0_ from tc_direct_project project0_ where project0_.project_id=?
[Exit method: getClientForContest()]
Can't call commit when autocommit=true
Can't call commit when autocommit=true
Can't call commit when autocommit=true
Can't call commit when autocommit=true
ERROR  getInitialContext, Could not obtain initial context
javax.naming.NoInitialContextException: Cannot instantiate class: org.jnp.interfaces.NamingContextFactory [Root exception is java.lang.ClassNotFoundException: org.jnp.interfaces.NamingContextFactory]
	at javax.naming.spi.NamingManager.getInitialContext(NamingManager.java:657)
	at javax.naming.InitialContext.getDefaultInitCtx(InitialContext.java:247)
	at javax.naming.InitialContext.init(InitialContext.java:223)
	at javax.naming.InitialContext.<init>(InitialContext.java:175)
	at org.hibernate.util.NamingHelper.getInitialContext(NamingHelper.java:28)
	at org.hibernate.impl.SessionFactoryObjectFactory.addInstance(SessionFactoryObjectFactory.java:89)
	at org.hibernate.impl.SessionFactoryImpl.<init>(SessionFactoryImpl.java:306)
	at org.hibernate.cfg.Configuration.buildSessionFactory(Configuration.java:1294)
	at org.hibernate.cfg.AnnotationConfiguration.buildSessionFactory(AnnotationConfiguration.java:915)
	at org.hibernate.ejb.Ejb3Configuration.buildEntityManagerFactory(Ejb3Configuration.java:730)
	at org.hibernate.ejb.HibernatePersistence.createEntityManagerFactory(HibernatePersistence.java:121)
	at javax.persistence.Persistence.createEntityManagerFactory(Persistence.java:51)
	at javax.persistence.Persistence.createEntityManagerFactory(Persistence.java:33)
	at com.topcoder.service.studio.contest.accuracytests.TestContestManagerBeanAccuracy.setUp(TestContestManagerBeanAccuracy.java:88)
	at junit.framework.TestCase.runBare(TestCase.java:132)
	at junit.framework.TestResult$1.protect(TestResult.java:110)
	at junit.framework.TestResult.runProtected(TestResult.java:128)
	at junit.framework.TestResult.run(TestResult.java:113)
	at junit.framework.TestCase.run(TestCase.java:124)
	at junit.framework.TestSuite.runTest(TestSuite.java:232)
	at junit.framework.TestSuite.run(TestSuite.java:227)
	at junit.framework.TestSuite.runTest(TestSuite.java:232)
	at junit.framework.TestSuite.run(TestSuite.java:227)
	at junit.framework.TestSuite.runTest(TestSuite.java:232)
	at junit.framework.TestSuite.run(TestSuite.java:227)
	at org.apache.tools.ant.taskdefs.optional.junit.JUnitTestRunner.run(JUnitTestRunner.java:421)
	at org.apache.tools.ant.taskdefs.optional.junit.JUnitTestRunner.launch(JUnitTestRunner.java:912)
	at org.apache.tools.ant.taskdefs.optional.junit.JUnitTestRunner.main(JUnitTestRunner.java:766)
Caused by: java.lang.ClassNotFoundException: org.jnp.interfaces.NamingContextFactory
	at java.net.URLClassLoader$1.run(URLClassLoader.java:200)
	at java.security.AccessController.doPrivileged(Native Method)
	at java.net.URLClassLoader.findClass(URLClassLoader.java:188)
	at java.lang.ClassLoader.loadClass(ClassLoader.java:306)
	at sun.misc.Launcher$AppClassLoader.loadClass(Launcher.java:268)
	at java.lang.ClassLoader.loadClass(ClassLoader.java:251)
	at java.lang.ClassLoader.loadClassInternal(ClassLoader.java:319)
	at java.lang.Class.forName0(Native Method)
	at java.lang.Class.forName(Class.java:242)
	at com.sun.naming.internal.VersionHelper12.loadClass(VersionHelper12.java:42)
	at javax.naming.spi.NamingManager.getInitialContext(NamingManager.java:654)
	... 27 more
WARN   addInstance, Could not bind factory to JNDI
javax.naming.NoInitialContextException: Cannot instantiate class: org.jnp.interfaces.NamingContextFactory [Root exception is java.lang.ClassNotFoundException: org.jnp.interfaces.NamingContextFactory]
	at javax.naming.spi.NamingManager.getInitialContext(NamingManager.java:657)
	at javax.naming.InitialContext.getDefaultInitCtx(InitialContext.java:247)
	at javax.naming.InitialContext.init(InitialContext.java:223)
	at javax.naming.InitialContext.<init>(InitialContext.java:175)
	at org.hibernate.util.NamingHelper.getInitialContext(NamingHelper.java:28)
	at org.hibernate.impl.SessionFactoryObjectFactory.addInstance(SessionFactoryObjectFactory.java:89)
	at org.hibernate.impl.SessionFactoryImpl.<init>(SessionFactoryImpl.java:306)
	at org.hibernate.cfg.Configuration.buildSessionFactory(Configuration.java:1294)
	at org.hibernate.cfg.AnnotationConfiguration.buildSessionFactory(AnnotationConfiguration.java:915)
	at org.hibernate.ejb.Ejb3Configuration.buildEntityManagerFactory(Ejb3Configuration.java:730)
	at org.hibernate.ejb.HibernatePersistence.createEntityManagerFactory(HibernatePersistence.java:121)
	at javax.persistence.Persistence.createEntityManagerFactory(Persistence.java:51)
	at javax.persistence.Persistence.createEntityManagerFactory(Persistence.java:33)
	at com.topcoder.service.studio.contest.accuracytests.TestContestManagerBeanAccuracy.setUp(TestContestManagerBeanAccuracy.java:88)
	at junit.framework.TestCase.runBare(TestCase.java:132)
	at junit.framework.TestResult$1.protect(TestResult.java:110)
	at junit.framework.TestResult.runProtected(TestResult.java:128)
	at junit.framework.TestResult.run(TestResult.java:113)
	at junit.framework.TestCase.run(TestCase.java:124)
	at junit.framework.TestSuite.runTest(TestSuite.java:232)
	at junit.framework.TestSuite.run(TestSuite.java:227)
	at junit.framework.TestSuite.runTest(TestSuite.java:232)
	at junit.framework.TestSuite.run(TestSuite.java:227)
	at junit.framework.TestSuite.runTest(TestSuite.java:232)
	at junit.framework.TestSuite.run(TestSuite.java:227)
	at org.apache.tools.ant.taskdefs.optional.junit.JUnitTestRunner.run(JUnitTestRunner.java:421)
	at org.apache.tools.ant.taskdefs.optional.junit.JUnitTestRunner.launch(JUnitTestRunner.java:912)
	at org.apache.tools.ant.taskdefs.optional.junit.JUnitTestRunner.main(JUnitTestRunner.java:766)
Caused by: java.lang.ClassNotFoundException: org.jnp.interfaces.NamingContextFactory
	at java.net.URLClassLoader$1.run(URLClassLoader.java:200)
	at java.security.AccessController.doPrivileged(Native Method)
	at java.net.URLClassLoader.findClass(URLClassLoader.java:188)
	at java.lang.ClassLoader.loadClass(ClassLoader.java:306)
	at sun.misc.Launcher$AppClassLoader.loadClass(Launcher.java:268)
	at java.lang.ClassLoader.loadClass(ClassLoader.java:251)
	at java.lang.ClassLoader.loadClassInternal(ClassLoader.java:319)
	at java.lang.Class.forName0(Native Method)
	at java.lang.Class.forName(Class.java:242)
	at com.sun.naming.internal.VersionHelper12.loadClass(VersionHelper12.java:42)
	at javax.naming.spi.NamingManager.getInitialContext(NamingManager.java:654)
	... 27 more
[Enter method: getClientForProject()]
[param1: 1]
Hibernate: /* load com.topcoder.service.project.Project */ select project0_.project_id as project1_169_0_, project0_.name as name169_0_, project0_.description as descript3_169_0_, project0_.user_id as user4_169_0_, project0_.create_date as create5_169_0_, project0_.modify_date as modify6_169_0_ from tc_direct_project project0_ where project0_.project_id=?
[Exit method: getClientForProject()]
Can't call commit when autocommit=true
Can't call commit when autocommit=true
Can't call commit when autocommit=true
Can't call commit when autocommit=true
ERROR  getInitialContext, Could not obtain initial context
javax.naming.NoInitialContextException: Cannot instantiate class: org.jnp.interfaces.NamingContextFactory [Root exception is java.lang.ClassNotFoundException: org.jnp.interfaces.NamingContextFactory]
	at javax.naming.spi.NamingManager.getInitialContext(NamingManager.java:657)
	at javax.naming.InitialContext.getDefaultInitCtx(InitialContext.java:247)
	at javax.naming.InitialContext.init(InitialContext.java:223)
	at javax.naming.InitialContext.<init>(InitialContext.java:175)
	at org.hibernate.util.NamingHelper.getInitialContext(NamingHelper.java:28)
	at org.hibernate.impl.SessionFactoryObjectFactory.addInstance(SessionFactoryObjectFactory.java:89)
	at org.hibernate.impl.SessionFactoryImpl.<init>(SessionFactoryImpl.java:306)
	at org.hibernate.cfg.Configuration.buildSessionFactory(Configuration.java:1294)
	at org.hibernate.cfg.AnnotationConfiguration.buildSessionFactory(AnnotationConfiguration.java:915)
	at org.hibernate.ejb.Ejb3Configuration.buildEntityManagerFactory(Ejb3Configuration.java:730)
	at org.hibernate.ejb.HibernatePersistence.createEntityManagerFactory(HibernatePersistence.java:121)
	at javax.persistence.Persistence.createEntityManagerFactory(Persistence.java:51)
	at javax.persistence.Persistence.createEntityManagerFactory(Persistence.java:33)
	at com.topcoder.service.studio.contest.accuracytests.TestContestManagerBeanAccuracy.setUp(TestContestManagerBeanAccuracy.java:88)
	at junit.framework.TestCase.runBare(TestCase.java:132)
	at junit.framework.TestResult$1.protect(TestResult.java:110)
	at junit.framework.TestResult.runProtected(TestResult.java:128)
	at junit.framework.TestResult.run(TestResult.java:113)
	at junit.framework.TestCase.run(TestCase.java:124)
	at junit.framework.TestSuite.runTest(TestSuite.java:232)
	at junit.framework.TestSuite.run(TestSuite.java:227)
	at junit.framework.TestSuite.runTest(TestSuite.java:232)
	at junit.framework.TestSuite.run(TestSuite.java:227)
	at junit.framework.TestSuite.runTest(TestSuite.java:232)
	at junit.framework.TestSuite.run(TestSuite.java:227)
	at org.apache.tools.ant.taskdefs.optional.junit.JUnitTestRunner.run(JUnitTestRunner.java:421)
	at org.apache.tools.ant.taskdefs.optional.junit.JUnitTestRunner.launch(JUnitTestRunner.java:912)
	at org.apache.tools.ant.taskdefs.optional.junit.JUnitTestRunner.main(JUnitTestRunner.java:766)
Caused by: java.lang.ClassNotFoundException: org.jnp.interfaces.NamingContextFactory
	at java.net.URLClassLoader$1.run(URLClassLoader.java:200)
	at java.security.AccessController.doPrivileged(Native Method)
	at java.net.URLClassLoader.findClass(URLClassLoader.java:188)
	at java.lang.ClassLoader.loadClass(ClassLoader.java:306)
	at sun.misc.Launcher$AppClassLoader.loadClass(Launcher.java:268)
	at java.lang.ClassLoader.loadClass(ClassLoader.java:251)
	at java.lang.ClassLoader.loadClassInternal(ClassLoader.java:319)
	at java.lang.Class.forName0(Native Method)
	at java.lang.Class.forName(Class.java:242)
	at com.sun.naming.internal.VersionHelper12.loadClass(VersionHelper12.java:42)
	at javax.naming.spi.NamingManager.getInitialContext(NamingManager.java:654)
	... 27 more
WARN   addInstance, Could not bind factory to JNDI
javax.naming.NoInitialContextException: Cannot instantiate class: org.jnp.interfaces.NamingContextFactory [Root exception is java.lang.ClassNotFoundException: org.jnp.interfaces.NamingContextFactory]
	at javax.naming.spi.NamingManager.getInitialContext(NamingManager.java:657)
	at javax.naming.InitialContext.getDefaultInitCtx(InitialContext.java:247)
	at javax.naming.InitialContext.init(InitialContext.java:223)
	at javax.naming.InitialContext.<init>(InitialContext.java:175)
	at org.hibernate.util.NamingHelper.getInitialContext(NamingHelper.java:28)
	at org.hibernate.impl.SessionFactoryObjectFactory.addInstance(SessionFactoryObjectFactory.java:89)
	at org.hibernate.impl.SessionFactoryImpl.<init>(SessionFactoryImpl.java:306)
	at org.hibernate.cfg.Configuration.buildSessionFactory(Configuration.java:1294)
	at org.hibernate.cfg.AnnotationConfiguration.buildSessionFactory(AnnotationConfiguration.java:915)
	at org.hibernate.ejb.Ejb3Configuration.buildEntityManagerFactory(Ejb3Configuration.java:730)
	at org.hibernate.ejb.HibernatePersistence.createEntityManagerFactory(HibernatePersistence.java:121)
	at javax.persistence.Persistence.createEntityManagerFactory(Persistence.java:51)
	at javax.persistence.Persistence.createEntityManagerFactory(Persistence.java:33)
	at com.topcoder.service.studio.contest.accuracytests.TestContestManagerBeanAccuracy.setUp(TestContestManagerBeanAccuracy.java:88)
	at junit.framework.TestCase.runBare(TestCase.java:132)
	at junit.framework.TestResult$1.protect(TestResult.java:110)
	at junit.framework.TestResult.runProtected(TestResult.java:128)
	at junit.framework.TestResult.run(TestResult.java:113)
	at junit.framework.TestCase.run(TestCase.java:124)
	at junit.framework.TestSuite.runTest(TestSuite.java:232)
	at junit.framework.TestSuite.run(TestSuite.java:227)
	at junit.framework.TestSuite.runTest(TestSuite.java:232)
	at junit.framework.TestSuite.run(TestSuite.java:227)
	at junit.framework.TestSuite.runTest(TestSuite.java:232)
	at junit.framework.TestSuite.run(TestSuite.java:227)
	at org.apache.tools.ant.taskdefs.optional.junit.JUnitTestRunner.run(JUnitTestRunner.java:421)
	at org.apache.tools.ant.taskdefs.optional.junit.JUnitTestRunner.launch(JUnitTestRunner.java:912)
	at org.apache.tools.ant.taskdefs.optional.junit.JUnitTestRunner.main(JUnitTestRunner.java:766)
Caused by: java.lang.ClassNotFoundException: org.jnp.interfaces.NamingContextFactory
	at java.net.URLClassLoader$1.run(URLClassLoader.java:200)
	at java.security.AccessController.doPrivileged(Native Method)
	at java.net.URLClassLoader.findClass(URLClassLoader.java:188)
	at java.lang.ClassLoader.loadClass(ClassLoader.java:306)
	at sun.misc.Launcher$AppClassLoader.loadClass(Launcher.java:268)
	at java.lang.ClassLoader.loadClass(ClassLoader.java:251)
	at java.lang.ClassLoader.loadClassInternal(ClassLoader.java:319)
	at java.lang.Class.forName0(Native Method)
	at java.lang.Class.forName(Class.java:242)
	at com.sun.naming.internal.VersionHelper12.loadClass(VersionHelper12.java:42)
	at javax.naming.spi.NamingManager.getInitialContext(NamingManager.java:654)
	... 27 more
[Enter method: addContestStatus()]
[param1: null]
Hibernate: select max(contest_status_id) from contest_status_lu
[Exit method: addContestStatus()]
Hibernate: /* insert com.topcoder.service.studio.contest.ContestStatus */ insert into contest_status_lu (contest_status_desc, name, contest_status_id) values (?, ?, ?)
Can't call commit when autocommit=true
Can't call commit when autocommit=true
Can't call commit when autocommit=true
Can't call commit when autocommit=true
ERROR  getInitialContext, Could not obtain initial context
javax.naming.NoInitialContextException: Cannot instantiate class: org.jnp.interfaces.NamingContextFactory [Root exception is java.lang.ClassNotFoundException: org.jnp.interfaces.NamingContextFactory]
	at javax.naming.spi.NamingManager.getInitialContext(NamingManager.java:657)
	at javax.naming.InitialContext.getDefaultInitCtx(InitialContext.java:247)
	at javax.naming.InitialContext.init(InitialContext.java:223)
	at javax.naming.InitialContext.<init>(InitialContext.java:175)
	at org.hibernate.util.NamingHelper.getInitialContext(NamingHelper.java:28)
	at org.hibernate.impl.SessionFactoryObjectFactory.addInstance(SessionFactoryObjectFactory.java:89)
	at org.hibernate.impl.SessionFactoryImpl.<init>(SessionFactoryImpl.java:306)
	at org.hibernate.cfg.Configuration.buildSessionFactory(Configuration.java:1294)
	at org.hibernate.cfg.AnnotationConfiguration.buildSessionFactory(AnnotationConfiguration.java:915)
	at org.hibernate.ejb.Ejb3Configuration.buildEntityManagerFactory(Ejb3Configuration.java:730)
	at org.hibernate.ejb.HibernatePersistence.createEntityManagerFactory(HibernatePersistence.java:121)
	at javax.persistence.Persistence.createEntityManagerFactory(Persistence.java:51)
	at javax.persistence.Persistence.createEntityManagerFactory(Persistence.java:33)
	at com.topcoder.service.studio.contest.accuracytests.TestContestManagerBeanAccuracy.setUp(TestContestManagerBeanAccuracy.java:88)
	at junit.framework.TestCase.runBare(TestCase.java:132)
	at junit.framework.TestResult$1.protect(TestResult.java:110)
	at junit.framework.TestResult.runProtected(TestResult.java:128)
	at junit.framework.TestResult.run(TestResult.java:113)
	at junit.framework.TestCase.run(TestCase.java:124)
	at junit.framework.TestSuite.runTest(TestSuite.java:232)
	at junit.framework.TestSuite.run(TestSuite.java:227)
	at junit.framework.TestSuite.runTest(TestSuite.java:232)
	at junit.framework.TestSuite.run(TestSuite.java:227)
	at junit.framework.TestSuite.runTest(TestSuite.java:232)
	at junit.framework.TestSuite.run(TestSuite.java:227)
	at org.apache.tools.ant.taskdefs.optional.junit.JUnitTestRunner.run(JUnitTestRunner.java:421)
	at org.apache.tools.ant.taskdefs.optional.junit.JUnitTestRunner.launch(JUnitTestRunner.java:912)
	at org.apache.tools.ant.taskdefs.optional.junit.JUnitTestRunner.main(JUnitTestRunner.java:766)
Caused by: java.lang.ClassNotFoundException: org.jnp.interfaces.NamingContextFactory
	at java.net.URLClassLoader$1.run(URLClassLoader.java:200)
	at java.security.AccessController.doPrivileged(Native Method)
	at java.net.URLClassLoader.findClass(URLClassLoader.java:188)
	at java.lang.ClassLoader.loadClass(ClassLoader.java:306)
	at sun.misc.Launcher$AppClassLoader.loadClass(Launcher.java:268)
	at java.lang.ClassLoader.loadClass(ClassLoader.java:251)
	at java.lang.ClassLoader.loadClassInternal(ClassLoader.java:319)
	at java.lang.Class.forName0(Native Method)
	at java.lang.Class.forName(Class.java:242)
	at com.sun.naming.internal.VersionHelper12.loadClass(VersionHelper12.java:42)
	at javax.naming.spi.NamingManager.getInitialContext(NamingManager.java:654)
	... 27 more
WARN   addInstance, Could not bind factory to JNDI
javax.naming.NoInitialContextException: Cannot instantiate class: org.jnp.interfaces.NamingContextFactory [Root exception is java.lang.ClassNotFoundException: org.jnp.interfaces.NamingContextFactory]
	at javax.naming.spi.NamingManager.getInitialContext(NamingManager.java:657)
	at javax.naming.InitialContext.getDefaultInitCtx(InitialContext.java:247)
	at javax.naming.InitialContext.init(InitialContext.java:223)
	at javax.naming.InitialContext.<init>(InitialContext.java:175)
	at org.hibernate.util.NamingHelper.getInitialContext(NamingHelper.java:28)
	at org.hibernate.impl.SessionFactoryObjectFactory.addInstance(SessionFactoryObjectFactory.java:89)
	at org.hibernate.impl.SessionFactoryImpl.<init>(SessionFactoryImpl.java:306)
	at org.hibernate.cfg.Configuration.buildSessionFactory(Configuration.java:1294)
	at org.hibernate.cfg.AnnotationConfiguration.buildSessionFactory(AnnotationConfiguration.java:915)
	at org.hibernate.ejb.Ejb3Configuration.buildEntityManagerFactory(Ejb3Configuration.java:730)
	at org.hibernate.ejb.HibernatePersistence.createEntityManagerFactory(HibernatePersistence.java:121)
	at javax.persistence.Persistence.createEntityManagerFactory(Persistence.java:51)
	at javax.persistence.Persistence.createEntityManagerFactory(Persistence.java:33)
	at com.topcoder.service.studio.contest.accuracytests.TestContestManagerBeanAccuracy.setUp(TestContestManagerBeanAccuracy.java:88)
	at junit.framework.TestCase.runBare(TestCase.java:132)
	at junit.framework.TestResult$1.protect(TestResult.java:110)
	at junit.framework.TestResult.runProtected(TestResult.java:128)
	at junit.framework.TestResult.run(TestResult.java:113)
	at junit.framework.TestCase.run(TestCase.java:124)
	at junit.framework.TestSuite.runTest(TestSuite.java:232)
	at junit.framework.TestSuite.run(TestSuite.java:227)
	at junit.framework.TestSuite.runTest(TestSuite.java:232)
	at junit.framework.TestSuite.run(TestSuite.java:227)
	at junit.framework.TestSuite.runTest(TestSuite.java:232)
	at junit.framework.TestSuite.run(TestSuite.java:227)
	at org.apache.tools.ant.taskdefs.optional.junit.JUnitTestRunner.run(JUnitTestRunner.java:421)
	at org.apache.tools.ant.taskdefs.optional.junit.JUnitTestRunner.launch(JUnitTestRunner.java:912)
	at org.apache.tools.ant.taskdefs.optional.junit.JUnitTestRunner.main(JUnitTestRunner.java:766)
Caused by: java.lang.ClassNotFoundException: org.jnp.interfaces.NamingContextFactory
	at java.net.URLClassLoader$1.run(URLClassLoader.java:200)
	at java.security.AccessController.doPrivileged(Native Method)
	at java.net.URLClassLoader.findClass(URLClassLoader.java:188)
	at java.lang.ClassLoader.loadClass(ClassLoader.java:306)
	at sun.misc.Launcher$AppClassLoader.loadClass(Launcher.java:268)
	at java.lang.ClassLoader.loadClass(ClassLoader.java:251)
	at java.lang.ClassLoader.loadClassInternal(ClassLoader.java:319)
	at java.lang.Class.forName0(Native Method)
	at java.lang.Class.forName(Class.java:242)
	at com.sun.naming.internal.VersionHelper12.loadClass(VersionHelper12.java:42)
	at javax.naming.spi.NamingManager.getInitialContext(NamingManager.java:654)
	... 27 more
Hibernate: select max(file_type_id) from file_type_lu
Hibernate: select max(mime_type_id) from mime_type_lu
Hibernate: select max(path_id) from path
Hibernate: select max(document_type_id) from document_type_lu
[Enter method: addDocument()]
[param1: null]
Hibernate: select max(document_id) from document
[Exit method: addDocument()]
Hibernate: /* insert com.topcoder.service.studio.contest.StudioFileType */ insert into file_type_lu (sort, image_file_ind, file_type_desc, extension, file_type_id) values (?, ?, ?, ?, ?)
Hibernate: /* insert com.topcoder.service.studio.contest.MimeType */ insert into mime_type_lu (mime_type_desc, file_type_id, mime_type_id) values (?, ?, ?)
Hibernate: /* insert com.topcoder.service.studio.contest.FilePath */ insert into path (path, modify_date, path_id) values (?, ?, ?)
Hibernate: /* insert com.topcoder.service.studio.contest.DocumentType */ insert into document_type_lu (document_type_desc, document_type_id) values (?, ?)
Hibernate: /* insert com.topcoder.service.studio.contest.Document */ insert into document (original_file_name, system_file_name, path_id, mime_type_id, document_type_id, create_date, document_id) values (?, ?, ?, ?, ?, ?, ?)
Can't call commit when autocommit=true
Can't call commit when autocommit=true
Can't call commit when autocommit=true
Can't call commit when autocommit=true
ERROR  getInitialContext, Could not obtain initial context
javax.naming.NoInitialContextException: Cannot instantiate class: org.jnp.interfaces.NamingContextFactory [Root exception is java.lang.ClassNotFoundException: org.jnp.interfaces.NamingContextFactory]
	at javax.naming.spi.NamingManager.getInitialContext(NamingManager.java:657)
	at javax.naming.InitialContext.getDefaultInitCtx(InitialContext.java:247)
	at javax.naming.InitialContext.init(InitialContext.java:223)
	at javax.naming.InitialContext.<init>(InitialContext.java:175)
	at org.hibernate.util.NamingHelper.getInitialContext(NamingHelper.java:28)
	at org.hibernate.impl.SessionFactoryObjectFactory.addInstance(SessionFactoryObjectFactory.java:89)
	at org.hibernate.impl.SessionFactoryImpl.<init>(SessionFactoryImpl.java:306)
	at org.hibernate.cfg.Configuration.buildSessionFactory(Configuration.java:1294)
	at org.hibernate.cfg.AnnotationConfiguration.buildSessionFactory(AnnotationConfiguration.java:915)
	at org.hibernate.ejb.Ejb3Configuration.buildEntityManagerFactory(Ejb3Configuration.java:730)
	at org.hibernate.ejb.HibernatePersistence.createEntityManagerFactory(HibernatePersistence.java:121)
	at javax.persistence.Persistence.createEntityManagerFactory(Persistence.java:51)
	at javax.persistence.Persistence.createEntityManagerFactory(Persistence.java:33)
	at com.topcoder.service.studio.contest.accuracytests.TestContestManagerBeanAccuracy.setUp(TestContestManagerBeanAccuracy.java:88)
	at junit.framework.TestCase.runBare(TestCase.java:132)
	at junit.framework.TestResult$1.protect(TestResult.java:110)
	at junit.framework.TestResult.runProtected(TestResult.java:128)
	at junit.framework.TestResult.run(TestResult.java:113)
	at junit.framework.TestCase.run(TestCase.java:124)
	at junit.framework.TestSuite.runTest(TestSuite.java:232)
	at junit.framework.TestSuite.run(TestSuite.java:227)
	at junit.framework.TestSuite.runTest(TestSuite.java:232)
	at junit.framework.TestSuite.run(TestSuite.java:227)
	at junit.framework.TestSuite.runTest(TestSuite.java:232)
	at junit.framework.TestSuite.run(TestSuite.java:227)
	at org.apache.tools.ant.taskdefs.optional.junit.JUnitTestRunner.run(JUnitTestRunner.java:421)
	at org.apache.tools.ant.taskdefs.optional.junit.JUnitTestRunner.launch(JUnitTestRunner.java:912)
	at org.apache.tools.ant.taskdefs.optional.junit.JUnitTestRunner.main(JUnitTestRunner.java:766)
Caused by: java.lang.ClassNotFoundException: org.jnp.interfaces.NamingContextFactory
	at java.net.URLClassLoader$1.run(URLClassLoader.java:200)
	at java.security.AccessController.doPrivileged(Native Method)
	at java.net.URLClassLoader.findClass(URLClassLoader.java:188)
	at java.lang.ClassLoader.loadClass(ClassLoader.java:306)
	at sun.misc.Launcher$AppClassLoader.loadClass(Launcher.java:268)
	at java.lang.ClassLoader.loadClass(ClassLoader.java:251)
	at java.lang.ClassLoader.loadClassInternal(ClassLoader.java:319)
	at java.lang.Class.forName0(Native Method)
	at java.lang.Class.forName(Class.java:242)
	at com.sun.naming.internal.VersionHelper12.loadClass(VersionHelper12.java:42)
	at javax.naming.spi.NamingManager.getInitialContext(NamingManager.java:654)
	... 27 more
WARN   addInstance, Could not bind factory to JNDI
javax.naming.NoInitialContextException: Cannot instantiate class: org.jnp.interfaces.NamingContextFactory [Root exception is java.lang.ClassNotFoundException: org.jnp.interfaces.NamingContextFactory]
	at javax.naming.spi.NamingManager.getInitialContext(NamingManager.java:657)
	at javax.naming.InitialContext.getDefaultInitCtx(InitialContext.java:247)
	at javax.naming.InitialContext.init(InitialContext.java:223)
	at javax.naming.InitialContext.<init>(InitialContext.java:175)
	at org.hibernate.util.NamingHelper.getInitialContext(NamingHelper.java:28)
	at org.hibernate.impl.SessionFactoryObjectFactory.addInstance(SessionFactoryObjectFactory.java:89)
	at org.hibernate.impl.SessionFactoryImpl.<init>(SessionFactoryImpl.java:306)
	at org.hibernate.cfg.Configuration.buildSessionFactory(Configuration.java:1294)
	at org.hibernate.cfg.AnnotationConfiguration.buildSessionFactory(AnnotationConfiguration.java:915)
	at org.hibernate.ejb.Ejb3Configuration.buildEntityManagerFactory(Ejb3Configuration.java:730)
	at org.hibernate.ejb.HibernatePersistence.createEntityManagerFactory(HibernatePersistence.java:121)
	at javax.persistence.Persistence.createEntityManagerFactory(Persistence.java:51)
	at javax.persistence.Persistence.createEntityManagerFactory(Persistence.java:33)
	at com.topcoder.service.studio.contest.accuracytests.TestContestManagerBeanAccuracy.setUp(TestContestManagerBeanAccuracy.java:88)
	at junit.framework.TestCase.runBare(TestCase.java:132)
	at junit.framework.TestResult$1.protect(TestResult.java:110)
	at junit.framework.TestResult.runProtected(TestResult.java:128)
	at junit.framework.TestResult.run(TestResult.java:113)
	at junit.framework.TestCase.run(TestCase.java:124)
	at junit.framework.TestSuite.runTest(TestSuite.java:232)
	at junit.framework.TestSuite.run(TestSuite.java:227)
	at junit.framework.TestSuite.runTest(TestSuite.java:232)
	at junit.framework.TestSuite.run(TestSuite.java:227)
	at junit.framework.TestSuite.runTest(TestSuite.java:232)
	at junit.framework.TestSuite.run(TestSuite.java:227)
	at org.apache.tools.ant.taskdefs.optional.junit.JUnitTestRunner.run(JUnitTestRunner.java:421)
	at org.apache.tools.ant.taskdefs.optional.junit.JUnitTestRunner.launch(JUnitTestRunner.java:912)
	at org.apache.tools.ant.taskdefs.optional.junit.JUnitTestRunner.main(JUnitTestRunner.java:766)
Caused by: java.lang.ClassNotFoundException: org.jnp.interfaces.NamingContextFactory
	at java.net.URLClassLoader$1.run(URLClassLoader.java:200)
	at java.security.AccessController.doPrivileged(Native Method)
	at java.net.URLClassLoader.findClass(URLClassLoader.java:188)
	at java.lang.ClassLoader.loadClass(ClassLoader.java:306)
	at sun.misc.Launcher$AppClassLoader.loadClass(Launcher.java:268)
	at java.lang.ClassLoader.loadClass(ClassLoader.java:251)
	at java.lang.ClassLoader.loadClassInternal(ClassLoader.java:319)
	at java.lang.Class.forName0(Native Method)
	at java.lang.Class.forName(Class.java:242)
	at com.sun.naming.internal.VersionHelper12.loadClass(VersionHelper12.java:42)
	at javax.naming.spi.NamingManager.getInitialContext(NamingManager.java:654)
	... 27 more
Hibernate: select max(file_type_id) from file_type_lu
Hibernate: select max(mime_type_id) from mime_type_lu
Hibernate: select max(path_id) from path
Hibernate: select max(document_type_id) from document_type_lu
Hibernate: select max(document_id) from document
Hibernate: /* insert com.topcoder.service.studio.contest.StudioFileType */ insert into file_type_lu (sort, image_file_ind, file_type_desc, extension, file_type_id) values (?, ?, ?, ?, ?)
Hibernate: /* insert com.topcoder.service.studio.contest.MimeType */ insert into mime_type_lu (mime_type_desc, file_type_id, mime_type_id) values (?, ?, ?)
Hibernate: /* insert com.topcoder.service.studio.contest.FilePath */ insert into path (path, modify_date, path_id) values (?, ?, ?)
Hibernate: /* insert com.topcoder.service.studio.contest.DocumentType */ insert into document_type_lu (document_type_desc, document_type_id) values (?, ?)
Hibernate: /* insert com.topcoder.service.studio.contest.Document */ insert into document (original_file_name, system_file_name, path_id, mime_type_id, document_type_id, create_date, document_id) values (?, ?, ?, ?, ?, ?, ?)
[Enter method: updateDocument()]
[param1: 1]
[Exit method: updateDocument()]
Hibernate: /* insert com.topcoder.service.studio.contest.StudioFileType */ insert into file_type_lu (sort, image_file_ind, file_type_desc, extension, file_type_id) values (?, ?, ?, ?, ?)
Hibernate: /* insert com.topcoder.service.studio.contest.MimeType */ insert into mime_type_lu (mime_type_desc, file_type_id, mime_type_id) values (?, ?, ?)
Hibernate: /* insert com.topcoder.service.studio.contest.FilePath */ insert into path (path, modify_date, path_id) values (?, ?, ?)
Hibernate: /* insert com.topcoder.service.studio.contest.DocumentType */ insert into document_type_lu (document_type_desc, document_type_id) values (?, ?)
Hibernate: /* update com.topcoder.service.studio.contest.Document */ update document set original_file_name=?, system_file_name=?, path_id=?, mime_type_id=?, document_type_id=?, create_date=? where document_id=?
Can't call commit when autocommit=true
Can't call commit when autocommit=true
Can't call commit when autocommit=true
Can't call commit when autocommit=true
ERROR  getInitialContext, Could not obtain initial context
javax.naming.NoInitialContextException: Cannot instantiate class: org.jnp.interfaces.NamingContextFactory [Root exception is java.lang.ClassNotFoundException: org.jnp.interfaces.NamingContextFactory]
	at javax.naming.spi.NamingManager.getInitialContext(NamingManager.java:657)
	at javax.naming.InitialContext.getDefaultInitCtx(InitialContext.java:247)
	at javax.naming.InitialContext.init(InitialContext.java:223)
	at javax.naming.InitialContext.<init>(InitialContext.java:175)
	at org.hibernate.util.NamingHelper.getInitialContext(NamingHelper.java:28)
	at org.hibernate.impl.SessionFactoryObjectFactory.addInstance(SessionFactoryObjectFactory.java:89)
	at org.hibernate.impl.SessionFactoryImpl.<init>(SessionFactoryImpl.java:306)
	at org.hibernate.cfg.Configuration.buildSessionFactory(Configuration.java:1294)
	at org.hibernate.cfg.AnnotationConfiguration.buildSessionFactory(AnnotationConfiguration.java:915)
	at org.hibernate.ejb.Ejb3Configuration.buildEntityManagerFactory(Ejb3Configuration.java:730)
	at org.hibernate.ejb.HibernatePersistence.createEntityManagerFactory(HibernatePersistence.java:121)
	at javax.persistence.Persistence.createEntityManagerFactory(Persistence.java:51)
	at javax.persistence.Persistence.createEntityManagerFactory(Persistence.java:33)
	at com.topcoder.service.studio.contest.accuracytests.TestContestManagerBeanAccuracy.setUp(TestContestManagerBeanAccuracy.java:88)
	at junit.framework.TestCase.runBare(TestCase.java:132)
	at junit.framework.TestResult$1.protect(TestResult.java:110)
	at junit.framework.TestResult.runProtected(TestResult.java:128)
	at junit.framework.TestResult.run(TestResult.java:113)
	at junit.framework.TestCase.run(TestCase.java:124)
	at junit.framework.TestSuite.runTest(TestSuite.java:232)
	at junit.framework.TestSuite.run(TestSuite.java:227)
	at junit.framework.TestSuite.runTest(TestSuite.java:232)
	at junit.framework.TestSuite.run(TestSuite.java:227)
	at junit.framework.TestSuite.runTest(TestSuite.java:232)
	at junit.framework.TestSuite.run(TestSuite.java:227)
	at org.apache.tools.ant.taskdefs.optional.junit.JUnitTestRunner.run(JUnitTestRunner.java:421)
	at org.apache.tools.ant.taskdefs.optional.junit.JUnitTestRunner.launch(JUnitTestRunner.java:912)
	at org.apache.tools.ant.taskdefs.optional.junit.JUnitTestRunner.main(JUnitTestRunner.java:766)
Caused by: java.lang.ClassNotFoundException: org.jnp.interfaces.NamingContextFactory
	at java.net.URLClassLoader$1.run(URLClassLoader.java:200)
	at java.security.AccessController.doPrivileged(Native Method)
	at java.net.URLClassLoader.findClass(URLClassLoader.java:188)
	at java.lang.ClassLoader.loadClass(ClassLoader.java:306)
	at sun.misc.Launcher$AppClassLoader.loadClass(Launcher.java:268)
	at java.lang.ClassLoader.loadClass(ClassLoader.java:251)
	at java.lang.ClassLoader.loadClassInternal(ClassLoader.java:319)
	at java.lang.Class.forName0(Native Method)
	at java.lang.Class.forName(Class.java:242)
	at com.sun.naming.internal.VersionHelper12.loadClass(VersionHelper12.java:42)
	at javax.naming.spi.NamingManager.getInitialContext(NamingManager.java:654)
	... 27 more
WARN   addInstance, Could not bind factory to JNDI
javax.naming.NoInitialContextException: Cannot instantiate class: org.jnp.interfaces.NamingContextFactory [Root exception is java.lang.ClassNotFoundException: org.jnp.interfaces.NamingContextFactory]
	at javax.naming.spi.NamingManager.getInitialContext(NamingManager.java:657)
	at javax.naming.InitialContext.getDefaultInitCtx(InitialContext.java:247)
	at javax.naming.InitialContext.init(InitialContext.java:223)
	at javax.naming.InitialContext.<init>(InitialContext.java:175)
	at org.hibernate.util.NamingHelper.getInitialContext(NamingHelper.java:28)
	at org.hibernate.impl.SessionFactoryObjectFactory.addInstance(SessionFactoryObjectFactory.java:89)
	at org.hibernate.impl.SessionFactoryImpl.<init>(SessionFactoryImpl.java:306)
	at org.hibernate.cfg.Configuration.buildSessionFactory(Configuration.java:1294)
	at org.hibernate.cfg.AnnotationConfiguration.buildSessionFactory(AnnotationConfiguration.java:915)
	at org.hibernate.ejb.Ejb3Configuration.buildEntityManagerFactory(Ejb3Configuration.java:730)
	at org.hibernate.ejb.HibernatePersistence.createEntityManagerFactory(HibernatePersistence.java:121)
	at javax.persistence.Persistence.createEntityManagerFactory(Persistence.java:51)
	at javax.persistence.Persistence.createEntityManagerFactory(Persistence.java:33)
	at com.topcoder.service.studio.contest.accuracytests.TestContestManagerBeanAccuracy.setUp(TestContestManagerBeanAccuracy.java:88)
	at junit.framework.TestCase.runBare(TestCase.java:132)
	at junit.framework.TestResult$1.protect(TestResult.java:110)
	at junit.framework.TestResult.runProtected(TestResult.java:128)
	at junit.framework.TestResult.run(TestResult.java:113)
	at junit.framework.TestCase.run(TestCase.java:124)
	at junit.framework.TestSuite.runTest(TestSuite.java:232)
	at junit.framework.TestSuite.run(TestSuite.java:227)
	at junit.framework.TestSuite.runTest(TestSuite.java:232)
	at junit.framework.TestSuite.run(TestSuite.java:227)
	at junit.framework.TestSuite.runTest(TestSuite.java:232)
	at junit.framework.TestSuite.run(TestSuite.java:227)
	at org.apache.tools.ant.taskdefs.optional.junit.JUnitTestRunner.run(JUnitTestRunner.java:421)
	at org.apache.tools.ant.taskdefs.optional.junit.JUnitTestRunner.launch(JUnitTestRunner.java:912)
	at org.apache.tools.ant.taskdefs.optional.junit.JUnitTestRunner.main(JUnitTestRunner.java:766)
Caused by: java.lang.ClassNotFoundException: org.jnp.interfaces.NamingContextFactory
	at java.net.URLClassLoader$1.run(URLClassLoader.java:200)
	at java.security.AccessController.doPrivileged(Native Method)
	at java.net.URLClassLoader.findClass(URLClassLoader.java:188)
	at java.lang.ClassLoader.loadClass(ClassLoader.java:306)
	at sun.misc.Launcher$AppClassLoader.loadClass(Launcher.java:268)
	at java.lang.ClassLoader.loadClass(ClassLoader.java:251)
	at java.lang.ClassLoader.loadClassInternal(ClassLoader.java:319)
	at java.lang.Class.forName0(Native Method)
	at java.lang.Class.forName(Class.java:242)
	at com.sun.naming.internal.VersionHelper12.loadClass(VersionHelper12.java:42)
	at javax.naming.spi.NamingManager.getInitialContext(NamingManager.java:654)
	... 27 more
Hibernate: select max(file_type_id) from file_type_lu
Hibernate: select max(contest_channel_id) from contest_channel_lu
Hibernate: select max(contest_type_id) from contest_type_lu
Hibernate: select max(contest_status_id) from contest_status_lu
Hibernate: select max(contest_id) from contest
Hibernate: /* insert com.topcoder.service.studio.contest.StudioFileType */ insert into file_type_lu (sort, image_file_ind, file_type_desc, extension, file_type_id) values (?, ?, ?, ?, ?)
Hibernate: /* insert com.topcoder.service.studio.contest.ContestChannel */ insert into contest_channel_lu (channel_description, file_type_id, channel_name, parent_channel, contest_channel_id) values (?, ?, ?, ?, ?)
Hibernate: /* insert com.topcoder.service.studio.contest.ContestType */ insert into contest_type_lu (contest_type_desc, require_preview_file, require_preview_image, contest_type_id) values (?, ?, ?, ?)
Hibernate: /* insert com.topcoder.service.studio.contest.ContestStatus */ insert into contest_status_lu (contest_status_desc, name, contest_status_id) values (?, ?, ?)
Hibernate: /* insert com.topcoder.service.studio.contest.Contest */ insert into contest (contest_channel_id, name, contest_type_id, project_id, tc_direct_project_id, contest_status_id, forum_id, event_id, start_time, end_date, winner_annoucement_deadline, creator_user_id, contest_id) values (?, ?, ?, ?, ?, ?, ?, ?, ?, ?, ?, ?, ?)
Hibernate: select max(mime_type_id) from mime_type_lu
Hibernate: select max(path_id) from path
Hibernate: select max(document_type_id) from document_type_lu
Hibernate: select max(document_id) from document
Hibernate: /* insert com.topcoder.service.studio.contest.StudioFileType */ insert into file_type_lu (sort, image_file_ind, file_type_desc, extension, file_type_id) values (?, ?, ?, ?, ?)
Hibernate: /* insert com.topcoder.service.studio.contest.MimeType */ insert into mime_type_lu (mime_type_desc, file_type_id, mime_type_id) values (?, ?, ?)
Hibernate: /* insert com.topcoder.service.studio.contest.FilePath */ insert into path (path, modify_date, path_id) values (?, ?, ?)
Hibernate: /* insert com.topcoder.service.studio.contest.DocumentType */ insert into document_type_lu (document_type_desc, document_type_id) values (?, ?)
Hibernate: /* insert com.topcoder.service.studio.contest.Document */ insert into document (original_file_name, system_file_name, path_id, mime_type_id, document_type_id, create_date, document_id) values (?, ?, ?, ?, ?, ?, ?)
[Enter method: addDocumentToContest()]
[param1: 1, param2: 1]
[Exit method: addDocumentToContest()]
Hibernate: /* insert collection row com.topcoder.service.studio.contest.Contest.documents */ insert into contest_document_xref (contest_id, document_id) values (?, ?)
Hibernate: /* insert collection row com.topcoder.service.studio.contest.Document.contests */ insert into contest_document_xref (document_id, contest_id) values (?, ?)
Can't call commit when autocommit=true
Can't call commit when autocommit=true
Can't call commit when autocommit=true
Can't call commit when autocommit=true
ERROR  getInitialContext, Could not obtain initial context
javax.naming.NoInitialContextException: Cannot instantiate class: org.jnp.interfaces.NamingContextFactory [Root exception is java.lang.ClassNotFoundException: org.jnp.interfaces.NamingContextFactory]
	at javax.naming.spi.NamingManager.getInitialContext(NamingManager.java:657)
	at javax.naming.InitialContext.getDefaultInitCtx(InitialContext.java:247)
	at javax.naming.InitialContext.init(InitialContext.java:223)
	at javax.naming.InitialContext.<init>(InitialContext.java:175)
	at org.hibernate.util.NamingHelper.getInitialContext(NamingHelper.java:28)
	at org.hibernate.impl.SessionFactoryObjectFactory.addInstance(SessionFactoryObjectFactory.java:89)
	at org.hibernate.impl.SessionFactoryImpl.<init>(SessionFactoryImpl.java:306)
	at org.hibernate.cfg.Configuration.buildSessionFactory(Configuration.java:1294)
	at org.hibernate.cfg.AnnotationConfiguration.buildSessionFactory(AnnotationConfiguration.java:915)
	at org.hibernate.ejb.Ejb3Configuration.buildEntityManagerFactory(Ejb3Configuration.java:730)
	at org.hibernate.ejb.HibernatePersistence.createEntityManagerFactory(HibernatePersistence.java:121)
	at javax.persistence.Persistence.createEntityManagerFactory(Persistence.java:51)
	at javax.persistence.Persistence.createEntityManagerFactory(Persistence.java:33)
	at com.topcoder.service.studio.contest.accuracytests.TestContestManagerBeanAccuracy.setUp(TestContestManagerBeanAccuracy.java:88)
	at junit.framework.TestCase.runBare(TestCase.java:132)
	at junit.framework.TestResult$1.protect(TestResult.java:110)
	at junit.framework.TestResult.runProtected(TestResult.java:128)
	at junit.framework.TestResult.run(TestResult.java:113)
	at junit.framework.TestCase.run(TestCase.java:124)
	at junit.framework.TestSuite.runTest(TestSuite.java:232)
	at junit.framework.TestSuite.run(TestSuite.java:227)
	at junit.framework.TestSuite.runTest(TestSuite.java:232)
	at junit.framework.TestSuite.run(TestSuite.java:227)
	at junit.framework.TestSuite.runTest(TestSuite.java:232)
	at junit.framework.TestSuite.run(TestSuite.java:227)
	at org.apache.tools.ant.taskdefs.optional.junit.JUnitTestRunner.run(JUnitTestRunner.java:421)
	at org.apache.tools.ant.taskdefs.optional.junit.JUnitTestRunner.launch(JUnitTestRunner.java:912)
	at org.apache.tools.ant.taskdefs.optional.junit.JUnitTestRunner.main(JUnitTestRunner.java:766)
Caused by: java.lang.ClassNotFoundException: org.jnp.interfaces.NamingContextFactory
	at java.net.URLClassLoader$1.run(URLClassLoader.java:200)
	at java.security.AccessController.doPrivileged(Native Method)
	at java.net.URLClassLoader.findClass(URLClassLoader.java:188)
	at java.lang.ClassLoader.loadClass(ClassLoader.java:306)
	at sun.misc.Launcher$AppClassLoader.loadClass(Launcher.java:268)
	at java.lang.ClassLoader.loadClass(ClassLoader.java:251)
	at java.lang.ClassLoader.loadClassInternal(ClassLoader.java:319)
	at java.lang.Class.forName0(Native Method)
	at java.lang.Class.forName(Class.java:242)
	at com.sun.naming.internal.VersionHelper12.loadClass(VersionHelper12.java:42)
	at javax.naming.spi.NamingManager.getInitialContext(NamingManager.java:654)
	... 27 more
WARN   addInstance, Could not bind factory to JNDI
javax.naming.NoInitialContextException: Cannot instantiate class: org.jnp.interfaces.NamingContextFactory [Root exception is java.lang.ClassNotFoundException: org.jnp.interfaces.NamingContextFactory]
	at javax.naming.spi.NamingManager.getInitialContext(NamingManager.java:657)
	at javax.naming.InitialContext.getDefaultInitCtx(InitialContext.java:247)
	at javax.naming.InitialContext.init(InitialContext.java:223)
	at javax.naming.InitialContext.<init>(InitialContext.java:175)
	at org.hibernate.util.NamingHelper.getInitialContext(NamingHelper.java:28)
	at org.hibernate.impl.SessionFactoryObjectFactory.addInstance(SessionFactoryObjectFactory.java:89)
	at org.hibernate.impl.SessionFactoryImpl.<init>(SessionFactoryImpl.java:306)
	at org.hibernate.cfg.Configuration.buildSessionFactory(Configuration.java:1294)
	at org.hibernate.cfg.AnnotationConfiguration.buildSessionFactory(AnnotationConfiguration.java:915)
	at org.hibernate.ejb.Ejb3Configuration.buildEntityManagerFactory(Ejb3Configuration.java:730)
	at org.hibernate.ejb.HibernatePersistence.createEntityManagerFactory(HibernatePersistence.java:121)
	at javax.persistence.Persistence.createEntityManagerFactory(Persistence.java:51)
	at javax.persistence.Persistence.createEntityManagerFactory(Persistence.java:33)
	at com.topcoder.service.studio.contest.accuracytests.TestContestManagerBeanAccuracy.setUp(TestContestManagerBeanAccuracy.java:88)
	at junit.framework.TestCase.runBare(TestCase.java:132)
	at junit.framework.TestResult$1.protect(TestResult.java:110)
	at junit.framework.TestResult.runProtected(TestResult.java:128)
	at junit.framework.TestResult.run(TestResult.java:113)
	at junit.framework.TestCase.run(TestCase.java:124)
	at junit.framework.TestSuite.runTest(TestSuite.java:232)
	at junit.framework.TestSuite.run(TestSuite.java:227)
	at junit.framework.TestSuite.runTest(TestSuite.java:232)
	at junit.framework.TestSuite.run(TestSuite.java:227)
	at junit.framework.TestSuite.runTest(TestSuite.java:232)
	at junit.framework.TestSuite.run(TestSuite.java:227)
	at org.apache.tools.ant.taskdefs.optional.junit.JUnitTestRunner.run(JUnitTestRunner.java:421)
	at org.apache.tools.ant.taskdefs.optional.junit.JUnitTestRunner.launch(JUnitTestRunner.java:912)
	at org.apache.tools.ant.taskdefs.optional.junit.JUnitTestRunner.main(JUnitTestRunner.java:766)
Caused by: java.lang.ClassNotFoundException: org.jnp.interfaces.NamingContextFactory
	at java.net.URLClassLoader$1.run(URLClassLoader.java:200)
	at java.security.AccessController.doPrivileged(Native Method)
	at java.net.URLClassLoader.findClass(URLClassLoader.java:188)
	at java.lang.ClassLoader.loadClass(ClassLoader.java:306)
	at sun.misc.Launcher$AppClassLoader.loadClass(Launcher.java:268)
	at java.lang.ClassLoader.loadClass(ClassLoader.java:251)
	at java.lang.ClassLoader.loadClassInternal(ClassLoader.java:319)
	at java.lang.Class.forName0(Native Method)
	at java.lang.Class.forName(Class.java:242)
	at com.sun.naming.internal.VersionHelper12.loadClass(VersionHelper12.java:42)
	at javax.naming.spi.NamingManager.getInitialContext(NamingManager.java:654)
	... 27 more
Hibernate: select max(file_type_id) from file_type_lu
[Enter method: addContestChannel()]
[param1: null]
Hibernate: select max(contest_channel_id) from contest_channel_lu
[Exit method: addContestChannel()]
Hibernate: /* insert com.topcoder.service.studio.contest.StudioFileType */ insert into file_type_lu (sort, image_file_ind, file_type_desc, extension, file_type_id) values (?, ?, ?, ?, ?)
Hibernate: /* insert com.topcoder.service.studio.contest.ContestChannel */ insert into contest_channel_lu (channel_description, file_type_id, channel_name, parent_channel, contest_channel_id) values (?, ?, ?, ?, ?)
Can't call commit when autocommit=true
Can't call commit when autocommit=true
Can't call commit when autocommit=true
Can't call commit when autocommit=true
ERROR  getInitialContext, Could not obtain initial context
javax.naming.NoInitialContextException: Cannot instantiate class: org.jnp.interfaces.NamingContextFactory [Root exception is java.lang.ClassNotFoundException: org.jnp.interfaces.NamingContextFactory]
	at javax.naming.spi.NamingManager.getInitialContext(NamingManager.java:657)
	at javax.naming.InitialContext.getDefaultInitCtx(InitialContext.java:247)
	at javax.naming.InitialContext.init(InitialContext.java:223)
	at javax.naming.InitialContext.<init>(InitialContext.java:175)
	at org.hibernate.util.NamingHelper.getInitialContext(NamingHelper.java:28)
	at org.hibernate.impl.SessionFactoryObjectFactory.addInstance(SessionFactoryObjectFactory.java:89)
	at org.hibernate.impl.SessionFactoryImpl.<init>(SessionFactoryImpl.java:306)
	at org.hibernate.cfg.Configuration.buildSessionFactory(Configuration.java:1294)
	at org.hibernate.cfg.AnnotationConfiguration.buildSessionFactory(AnnotationConfiguration.java:915)
	at org.hibernate.ejb.Ejb3Configuration.buildEntityManagerFactory(Ejb3Configuration.java:730)
	at org.hibernate.ejb.HibernatePersistence.createEntityManagerFactory(HibernatePersistence.java:121)
	at javax.persistence.Persistence.createEntityManagerFactory(Persistence.java:51)
	at javax.persistence.Persistence.createEntityManagerFactory(Persistence.java:33)
	at com.topcoder.service.studio.contest.accuracytests.TestContestManagerBeanAccuracy.setUp(TestContestManagerBeanAccuracy.java:88)
	at junit.framework.TestCase.runBare(TestCase.java:132)
	at junit.framework.TestResult$1.protect(TestResult.java:110)
	at junit.framework.TestResult.runProtected(TestResult.java:128)
	at junit.framework.TestResult.run(TestResult.java:113)
	at junit.framework.TestCase.run(TestCase.java:124)
	at junit.framework.TestSuite.runTest(TestSuite.java:232)
	at junit.framework.TestSuite.run(TestSuite.java:227)
	at junit.framework.TestSuite.runTest(TestSuite.java:232)
	at junit.framework.TestSuite.run(TestSuite.java:227)
	at junit.framework.TestSuite.runTest(TestSuite.java:232)
	at junit.framework.TestSuite.run(TestSuite.java:227)
	at org.apache.tools.ant.taskdefs.optional.junit.JUnitTestRunner.run(JUnitTestRunner.java:421)
	at org.apache.tools.ant.taskdefs.optional.junit.JUnitTestRunner.launch(JUnitTestRunner.java:912)
	at org.apache.tools.ant.taskdefs.optional.junit.JUnitTestRunner.main(JUnitTestRunner.java:766)
Caused by: java.lang.ClassNotFoundException: org.jnp.interfaces.NamingContextFactory
	at java.net.URLClassLoader$1.run(URLClassLoader.java:200)
	at java.security.AccessController.doPrivileged(Native Method)
	at java.net.URLClassLoader.findClass(URLClassLoader.java:188)
	at java.lang.ClassLoader.loadClass(ClassLoader.java:306)
	at sun.misc.Launcher$AppClassLoader.loadClass(Launcher.java:268)
	at java.lang.ClassLoader.loadClass(ClassLoader.java:251)
	at java.lang.ClassLoader.loadClassInternal(ClassLoader.java:319)
	at java.lang.Class.forName0(Native Method)
	at java.lang.Class.forName(Class.java:242)
	at com.sun.naming.internal.VersionHelper12.loadClass(VersionHelper12.java:42)
	at javax.naming.spi.NamingManager.getInitialContext(NamingManager.java:654)
	... 27 more
WARN   addInstance, Could not bind factory to JNDI
javax.naming.NoInitialContextException: Cannot instantiate class: org.jnp.interfaces.NamingContextFactory [Root exception is java.lang.ClassNotFoundException: org.jnp.interfaces.NamingContextFactory]
	at javax.naming.spi.NamingManager.getInitialContext(NamingManager.java:657)
	at javax.naming.InitialContext.getDefaultInitCtx(InitialContext.java:247)
	at javax.naming.InitialContext.init(InitialContext.java:223)
	at javax.naming.InitialContext.<init>(InitialContext.java:175)
	at org.hibernate.util.NamingHelper.getInitialContext(NamingHelper.java:28)
	at org.hibernate.impl.SessionFactoryObjectFactory.addInstance(SessionFactoryObjectFactory.java:89)
	at org.hibernate.impl.SessionFactoryImpl.<init>(SessionFactoryImpl.java:306)
	at org.hibernate.cfg.Configuration.buildSessionFactory(Configuration.java:1294)
	at org.hibernate.cfg.AnnotationConfiguration.buildSessionFactory(AnnotationConfiguration.java:915)
	at org.hibernate.ejb.Ejb3Configuration.buildEntityManagerFactory(Ejb3Configuration.java:730)
	at org.hibernate.ejb.HibernatePersistence.createEntityManagerFactory(HibernatePersistence.java:121)
	at javax.persistence.Persistence.createEntityManagerFactory(Persistence.java:51)
	at javax.persistence.Persistence.createEntityManagerFactory(Persistence.java:33)
	at com.topcoder.service.studio.contest.accuracytests.TestContestManagerBeanAccuracy.setUp(TestContestManagerBeanAccuracy.java:88)
	at junit.framework.TestCase.runBare(TestCase.java:132)
	at junit.framework.TestResult$1.protect(TestResult.java:110)
	at junit.framework.TestResult.runProtected(TestResult.java:128)
	at junit.framework.TestResult.run(TestResult.java:113)
	at junit.framework.TestCase.run(TestCase.java:124)
	at junit.framework.TestSuite.runTest(TestSuite.java:232)
	at junit.framework.TestSuite.run(TestSuite.java:227)
	at junit.framework.TestSuite.runTest(TestSuite.java:232)
	at junit.framework.TestSuite.run(TestSuite.java:227)
	at junit.framework.TestSuite.runTest(TestSuite.java:232)
	at junit.framework.TestSuite.run(TestSuite.java:227)
	at org.apache.tools.ant.taskdefs.optional.junit.JUnitTestRunner.run(JUnitTestRunner.java:421)
	at org.apache.tools.ant.taskdefs.optional.junit.JUnitTestRunner.launch(JUnitTestRunner.java:912)
	at org.apache.tools.ant.taskdefs.optional.junit.JUnitTestRunner.main(JUnitTestRunner.java:766)
Caused by: java.lang.ClassNotFoundException: org.jnp.interfaces.NamingContextFactory
	at java.net.URLClassLoader$1.run(URLClassLoader.java:200)
	at java.security.AccessController.doPrivileged(Native Method)
	at java.net.URLClassLoader.findClass(URLClassLoader.java:188)
	at java.lang.ClassLoader.loadClass(ClassLoader.java:306)
	at sun.misc.Launcher$AppClassLoader.loadClass(Launcher.java:268)
	at java.lang.ClassLoader.loadClass(ClassLoader.java:251)
	at java.lang.ClassLoader.loadClassInternal(ClassLoader.java:319)
	at java.lang.Class.forName0(Native Method)
	at java.lang.Class.forName(Class.java:242)
	at com.sun.naming.internal.VersionHelper12.loadClass(VersionHelper12.java:42)
	at javax.naming.spi.NamingManager.getInitialContext(NamingManager.java:654)
	... 27 more
Hibernate: select max(file_type_id) from file_type_lu
Hibernate: select max(contest_channel_id) from contest_channel_lu
Hibernate: /* insert com.topcoder.service.studio.contest.StudioFileType */ insert into file_type_lu (sort, image_file_ind, file_type_desc, extension, file_type_id) values (?, ?, ?, ?, ?)
Hibernate: /* insert com.topcoder.service.studio.contest.ContestChannel */ insert into contest_channel_lu (channel_description, file_type_id, channel_name, parent_channel, contest_channel_id) values (?, ?, ?, ?, ?)
[Enter method: updateContestChannel()]
[param1: 1]
[Exit method: updateContestChannel()]
Hibernate: /* insert com.topcoder.service.studio.contest.StudioFileType */ insert into file_type_lu (sort, image_file_ind, file_type_desc, extension, file_type_id) values (?, ?, ?, ?, ?)
Hibernate: /* update com.topcoder.service.studio.contest.ContestChannel */ update contest_channel_lu set channel_description=?, file_type_id=?, channel_name=?, parent_channel=? where contest_channel_id=?
Can't call commit when autocommit=true
Can't call commit when autocommit=true
Can't call commit when autocommit=true
Can't call commit when autocommit=true
ERROR  getInitialContext, Could not obtain initial context
javax.naming.NoInitialContextException: Cannot instantiate class: org.jnp.interfaces.NamingContextFactory [Root exception is java.lang.ClassNotFoundException: org.jnp.interfaces.NamingContextFactory]
	at javax.naming.spi.NamingManager.getInitialContext(NamingManager.java:657)
	at javax.naming.InitialContext.getDefaultInitCtx(InitialContext.java:247)
	at javax.naming.InitialContext.init(InitialContext.java:223)
	at javax.naming.InitialContext.<init>(InitialContext.java:175)
	at org.hibernate.util.NamingHelper.getInitialContext(NamingHelper.java:28)
	at org.hibernate.impl.SessionFactoryObjectFactory.addInstance(SessionFactoryObjectFactory.java:89)
	at org.hibernate.impl.SessionFactoryImpl.<init>(SessionFactoryImpl.java:306)
	at org.hibernate.cfg.Configuration.buildSessionFactory(Configuration.java:1294)
	at org.hibernate.cfg.AnnotationConfiguration.buildSessionFactory(AnnotationConfiguration.java:915)
	at org.hibernate.ejb.Ejb3Configuration.buildEntityManagerFactory(Ejb3Configuration.java:730)
	at org.hibernate.ejb.HibernatePersistence.createEntityManagerFactory(HibernatePersistence.java:121)
	at javax.persistence.Persistence.createEntityManagerFactory(Persistence.java:51)
	at javax.persistence.Persistence.createEntityManagerFactory(Persistence.java:33)
	at com.topcoder.service.studio.contest.accuracytests.TestContestManagerBeanAccuracy.setUp(TestContestManagerBeanAccuracy.java:88)
	at junit.framework.TestCase.runBare(TestCase.java:132)
	at junit.framework.TestResult$1.protect(TestResult.java:110)
	at junit.framework.TestResult.runProtected(TestResult.java:128)
	at junit.framework.TestResult.run(TestResult.java:113)
	at junit.framework.TestCase.run(TestCase.java:124)
	at junit.framework.TestSuite.runTest(TestSuite.java:232)
	at junit.framework.TestSuite.run(TestSuite.java:227)
	at junit.framework.TestSuite.runTest(TestSuite.java:232)
	at junit.framework.TestSuite.run(TestSuite.java:227)
	at junit.framework.TestSuite.runTest(TestSuite.java:232)
	at junit.framework.TestSuite.run(TestSuite.java:227)
	at org.apache.tools.ant.taskdefs.optional.junit.JUnitTestRunner.run(JUnitTestRunner.java:421)
	at org.apache.tools.ant.taskdefs.optional.junit.JUnitTestRunner.launch(JUnitTestRunner.java:912)
	at org.apache.tools.ant.taskdefs.optional.junit.JUnitTestRunner.main(JUnitTestRunner.java:766)
Caused by: java.lang.ClassNotFoundException: org.jnp.interfaces.NamingContextFactory
	at java.net.URLClassLoader$1.run(URLClassLoader.java:200)
	at java.security.AccessController.doPrivileged(Native Method)
	at java.net.URLClassLoader.findClass(URLClassLoader.java:188)
	at java.lang.ClassLoader.loadClass(ClassLoader.java:306)
	at sun.misc.Launcher$AppClassLoader.loadClass(Launcher.java:268)
	at java.lang.ClassLoader.loadClass(ClassLoader.java:251)
	at java.lang.ClassLoader.loadClassInternal(ClassLoader.java:319)
	at java.lang.Class.forName0(Native Method)
	at java.lang.Class.forName(Class.java:242)
	at com.sun.naming.internal.VersionHelper12.loadClass(VersionHelper12.java:42)
	at javax.naming.spi.NamingManager.getInitialContext(NamingManager.java:654)
	... 27 more
WARN   addInstance, Could not bind factory to JNDI
javax.naming.NoInitialContextException: Cannot instantiate class: org.jnp.interfaces.NamingContextFactory [Root exception is java.lang.ClassNotFoundException: org.jnp.interfaces.NamingContextFactory]
	at javax.naming.spi.NamingManager.getInitialContext(NamingManager.java:657)
	at javax.naming.InitialContext.getDefaultInitCtx(InitialContext.java:247)
	at javax.naming.InitialContext.init(InitialContext.java:223)
	at javax.naming.InitialContext.<init>(InitialContext.java:175)
	at org.hibernate.util.NamingHelper.getInitialContext(NamingHelper.java:28)
	at org.hibernate.impl.SessionFactoryObjectFactory.addInstance(SessionFactoryObjectFactory.java:89)
	at org.hibernate.impl.SessionFactoryImpl.<init>(SessionFactoryImpl.java:306)
	at org.hibernate.cfg.Configuration.buildSessionFactory(Configuration.java:1294)
	at org.hibernate.cfg.AnnotationConfiguration.buildSessionFactory(AnnotationConfiguration.java:915)
	at org.hibernate.ejb.Ejb3Configuration.buildEntityManagerFactory(Ejb3Configuration.java:730)
	at org.hibernate.ejb.HibernatePersistence.createEntityManagerFactory(HibernatePersistence.java:121)
	at javax.persistence.Persistence.createEntityManagerFactory(Persistence.java:51)
	at javax.persistence.Persistence.createEntityManagerFactory(Persistence.java:33)
	at com.topcoder.service.studio.contest.accuracytests.TestContestManagerBeanAccuracy.setUp(TestContestManagerBeanAccuracy.java:88)
	at junit.framework.TestCase.runBare(TestCase.java:132)
	at junit.framework.TestResult$1.protect(TestResult.java:110)
	at junit.framework.TestResult.runProtected(TestResult.java:128)
	at junit.framework.TestResult.run(TestResult.java:113)
	at junit.framework.TestCase.run(TestCase.java:124)
	at junit.framework.TestSuite.runTest(TestSuite.java:232)
	at junit.framework.TestSuite.run(TestSuite.java:227)
	at junit.framework.TestSuite.runTest(TestSuite.java:232)
	at junit.framework.TestSuite.run(TestSuite.java:227)
	at junit.framework.TestSuite.runTest(TestSuite.java:232)
	at junit.framework.TestSuite.run(TestSuite.java:227)
	at org.apache.tools.ant.taskdefs.optional.junit.JUnitTestRunner.run(JUnitTestRunner.java:421)
	at org.apache.tools.ant.taskdefs.optional.junit.JUnitTestRunner.launch(JUnitTestRunner.java:912)
	at org.apache.tools.ant.taskdefs.optional.junit.JUnitTestRunner.main(JUnitTestRunner.java:766)
Caused by: java.lang.ClassNotFoundException: org.jnp.interfaces.NamingContextFactory
	at java.net.URLClassLoader$1.run(URLClassLoader.java:200)
	at java.security.AccessController.doPrivileged(Native Method)
	at java.net.URLClassLoader.findClass(URLClassLoader.java:188)
	at java.lang.ClassLoader.loadClass(ClassLoader.java:306)
	at sun.misc.Launcher$AppClassLoader.loadClass(Launcher.java:268)
	at java.lang.ClassLoader.loadClass(ClassLoader.java:251)
	at java.lang.ClassLoader.loadClassInternal(ClassLoader.java:319)
	at java.lang.Class.forName0(Native Method)
	at java.lang.Class.forName(Class.java:242)
	at com.sun.naming.internal.VersionHelper12.loadClass(VersionHelper12.java:42)
	at javax.naming.spi.NamingManager.getInitialContext(NamingManager.java:654)
	... 27 more
Hibernate: select max(file_type_id) from file_type_lu
Hibernate: select max(contest_channel_id) from contest_channel_lu
Hibernate: select max(contest_type_id) from contest_type_lu
Hibernate: select max(contest_status_id) from contest_status_lu
Hibernate: select max(contest_id) from contest
Hibernate: /* insert com.topcoder.service.studio.contest.StudioFileType */ insert into file_type_lu (sort, image_file_ind, file_type_desc, extension, file_type_id) values (?, ?, ?, ?, ?)
Hibernate: /* insert com.topcoder.service.studio.contest.ContestChannel */ insert into contest_channel_lu (channel_description, file_type_id, channel_name, parent_channel, contest_channel_id) values (?, ?, ?, ?, ?)
Hibernate: /* insert com.topcoder.service.studio.contest.ContestType */ insert into contest_type_lu (contest_type_desc, require_preview_file, require_preview_image, contest_type_id) values (?, ?, ?, ?)
Hibernate: /* insert com.topcoder.service.studio.contest.ContestStatus */ insert into contest_status_lu (contest_status_desc, name, contest_status_id) values (?, ?, ?)
Hibernate: /* insert com.topcoder.service.studio.contest.Contest */ insert into contest (contest_channel_id, name, contest_type_id, project_id, tc_direct_project_id, contest_status_id, forum_id, event_id, start_time, end_date, winner_annoucement_deadline, creator_user_id, contest_id) values (?, ?, ?, ?, ?, ?, ?, ?, ?, ?, ?, ?, ?)
Hibernate: select max(property_id) from contest_property_lu
[Enter method: addConfig()]
[param1: 0]
Hibernate: /* load com.topcoder.service.studio.contest.ContestConfig */ select contestcon0_.contest_config_id as contest1_524_0_, contestcon0_.contest_id as contest2_524_0_, contestcon0_.property_id as property3_524_0_, contestcon0_.property_value as property4_524_0_ from contest_config contestcon0_ where contestcon0_.contest_config_id=?
Hibernate: select max(contest_config_id) from contest_config
[Exit method: addConfig()]
Hibernate: /* insert com.topcoder.service.studio.contest.ContestProperty */ insert into contest_property_lu (property_desc, property_id) values (?, ?)
Hibernate: /* insert com.topcoder.service.studio.contest.ContestConfig */ insert into contest_config (contest_id, property_id, property_value, contest_config_id) values (?, ?, ?, ?)
Can't call commit when autocommit=true
Can't call commit when autocommit=true
Can't call commit when autocommit=true
Can't call commit when autocommit=true
ERROR  getInitialContext, Could not obtain initial context
javax.naming.NoInitialContextException: Cannot instantiate class: org.jnp.interfaces.NamingContextFactory [Root exception is java.lang.ClassNotFoundException: org.jnp.interfaces.NamingContextFactory]
	at javax.naming.spi.NamingManager.getInitialContext(NamingManager.java:657)
	at javax.naming.InitialContext.getDefaultInitCtx(InitialContext.java:247)
	at javax.naming.InitialContext.init(InitialContext.java:223)
	at javax.naming.InitialContext.<init>(InitialContext.java:175)
	at org.hibernate.util.NamingHelper.getInitialContext(NamingHelper.java:28)
	at org.hibernate.impl.SessionFactoryObjectFactory.addInstance(SessionFactoryObjectFactory.java:89)
	at org.hibernate.impl.SessionFactoryImpl.<init>(SessionFactoryImpl.java:306)
	at org.hibernate.cfg.Configuration.buildSessionFactory(Configuration.java:1294)
	at org.hibernate.cfg.AnnotationConfiguration.buildSessionFactory(AnnotationConfiguration.java:915)
	at org.hibernate.ejb.Ejb3Configuration.buildEntityManagerFactory(Ejb3Configuration.java:730)
	at org.hibernate.ejb.HibernatePersistence.createEntityManagerFactory(HibernatePersistence.java:121)
	at javax.persistence.Persistence.createEntityManagerFactory(Persistence.java:51)
	at javax.persistence.Persistence.createEntityManagerFactory(Persistence.java:33)
	at com.topcoder.service.studio.contest.accuracytests.TestContestManagerBeanAccuracy.setUp(TestContestManagerBeanAccuracy.java:88)
	at junit.framework.TestCase.runBare(TestCase.java:132)
	at junit.framework.TestResult$1.protect(TestResult.java:110)
	at junit.framework.TestResult.runProtected(TestResult.java:128)
	at junit.framework.TestResult.run(TestResult.java:113)
	at junit.framework.TestCase.run(TestCase.java:124)
	at junit.framework.TestSuite.runTest(TestSuite.java:232)
	at junit.framework.TestSuite.run(TestSuite.java:227)
	at junit.framework.TestSuite.runTest(TestSuite.java:232)
	at junit.framework.TestSuite.run(TestSuite.java:227)
	at junit.framework.TestSuite.runTest(TestSuite.java:232)
	at junit.framework.TestSuite.run(TestSuite.java:227)
	at org.apache.tools.ant.taskdefs.optional.junit.JUnitTestRunner.run(JUnitTestRunner.java:421)
	at org.apache.tools.ant.taskdefs.optional.junit.JUnitTestRunner.launch(JUnitTestRunner.java:912)
	at org.apache.tools.ant.taskdefs.optional.junit.JUnitTestRunner.main(JUnitTestRunner.java:766)
Caused by: java.lang.ClassNotFoundException: org.jnp.interfaces.NamingContextFactory
	at java.net.URLClassLoader$1.run(URLClassLoader.java:200)
	at java.security.AccessController.doPrivileged(Native Method)
	at java.net.URLClassLoader.findClass(URLClassLoader.java:188)
	at java.lang.ClassLoader.loadClass(ClassLoader.java:306)
	at sun.misc.Launcher$AppClassLoader.loadClass(Launcher.java:268)
	at java.lang.ClassLoader.loadClass(ClassLoader.java:251)
	at java.lang.ClassLoader.loadClassInternal(ClassLoader.java:319)
	at java.lang.Class.forName0(Native Method)
	at java.lang.Class.forName(Class.java:242)
	at com.sun.naming.internal.VersionHelper12.loadClass(VersionHelper12.java:42)
	at javax.naming.spi.NamingManager.getInitialContext(NamingManager.java:654)
	... 27 more
WARN   addInstance, Could not bind factory to JNDI
javax.naming.NoInitialContextException: Cannot instantiate class: org.jnp.interfaces.NamingContextFactory [Root exception is java.lang.ClassNotFoundException: org.jnp.interfaces.NamingContextFactory]
	at javax.naming.spi.NamingManager.getInitialContext(NamingManager.java:657)
	at javax.naming.InitialContext.getDefaultInitCtx(InitialContext.java:247)
	at javax.naming.InitialContext.init(InitialContext.java:223)
	at javax.naming.InitialContext.<init>(InitialContext.java:175)
	at org.hibernate.util.NamingHelper.getInitialContext(NamingHelper.java:28)
	at org.hibernate.impl.SessionFactoryObjectFactory.addInstance(SessionFactoryObjectFactory.java:89)
	at org.hibernate.impl.SessionFactoryImpl.<init>(SessionFactoryImpl.java:306)
	at org.hibernate.cfg.Configuration.buildSessionFactory(Configuration.java:1294)
	at org.hibernate.cfg.AnnotationConfiguration.buildSessionFactory(AnnotationConfiguration.java:915)
	at org.hibernate.ejb.Ejb3Configuration.buildEntityManagerFactory(Ejb3Configuration.java:730)
	at org.hibernate.ejb.HibernatePersistence.createEntityManagerFactory(HibernatePersistence.java:121)
	at javax.persistence.Persistence.createEntityManagerFactory(Persistence.java:51)
	at javax.persistence.Persistence.createEntityManagerFactory(Persistence.java:33)
	at com.topcoder.service.studio.contest.accuracytests.TestContestManagerBeanAccuracy.setUp(TestContestManagerBeanAccuracy.java:88)
	at junit.framework.TestCase.runBare(TestCase.java:132)
	at junit.framework.TestResult$1.protect(TestResult.java:110)
	at junit.framework.TestResult.runProtected(TestResult.java:128)
	at junit.framework.TestResult.run(TestResult.java:113)
	at junit.framework.TestCase.run(TestCase.java:124)
	at junit.framework.TestSuite.runTest(TestSuite.java:232)
	at junit.framework.TestSuite.run(TestSuite.java:227)
	at junit.framework.TestSuite.runTest(TestSuite.java:232)
	at junit.framework.TestSuite.run(TestSuite.java:227)
	at junit.framework.TestSuite.runTest(TestSuite.java:232)
	at junit.framework.TestSuite.run(TestSuite.java:227)
	at org.apache.tools.ant.taskdefs.optional.junit.JUnitTestRunner.run(JUnitTestRunner.java:421)
	at org.apache.tools.ant.taskdefs.optional.junit.JUnitTestRunner.launch(JUnitTestRunner.java:912)
	at org.apache.tools.ant.taskdefs.optional.junit.JUnitTestRunner.main(JUnitTestRunner.java:766)
Caused by: java.lang.ClassNotFoundException: org.jnp.interfaces.NamingContextFactory
	at java.net.URLClassLoader$1.run(URLClassLoader.java:200)
	at java.security.AccessController.doPrivileged(Native Method)
	at java.net.URLClassLoader.findClass(URLClassLoader.java:188)
	at java.lang.ClassLoader.loadClass(ClassLoader.java:306)
	at sun.misc.Launcher$AppClassLoader.loadClass(Launcher.java:268)
	at java.lang.ClassLoader.loadClass(ClassLoader.java:251)
	at java.lang.ClassLoader.loadClassInternal(ClassLoader.java:319)
	at java.lang.Class.forName0(Native Method)
	at java.lang.Class.forName(Class.java:242)
	at com.sun.naming.internal.VersionHelper12.loadClass(VersionHelper12.java:42)
	at javax.naming.spi.NamingManager.getInitialContext(NamingManager.java:654)
	... 27 more
Hibernate: select max(file_type_id) from file_type_lu
Hibernate: select max(mime_type_id) from mime_type_lu
Hibernate: select max(path_id) from path
Hibernate: select max(document_type_id) from document_type_lu
Hibernate: select max(document_id) from document
Hibernate: /* insert com.topcoder.service.studio.contest.StudioFileType */ insert into file_type_lu (sort, image_file_ind, file_type_desc, extension, file_type_id) values (?, ?, ?, ?, ?)
Hibernate: /* insert com.topcoder.service.studio.contest.MimeType */ insert into mime_type_lu (mime_type_desc, file_type_id, mime_type_id) values (?, ?, ?)
Hibernate: /* insert com.topcoder.service.studio.contest.FilePath */ insert into path (path, modify_date, path_id) values (?, ?, ?)
Hibernate: /* insert com.topcoder.service.studio.contest.DocumentType */ insert into document_type_lu (document_type_desc, document_type_id) values (?, ?)
Hibernate: /* insert com.topcoder.service.studio.contest.Document */ insert into document (original_file_name, system_file_name, path_id, mime_type_id, document_type_id, create_date, document_id) values (?, ?, ?, ?, ?, ?, ?)
[08-4-11 下午10:17: Enter method start()]
[08-4-11 下午10:17: Exit method Start()]
[Enter method: saveDocumentContent()]
[param1: 1, param2: [B@cf70f]
[Exit method: saveDocumentContent()]
[08-4-11 下午10:17: Enter method stop()]
[08-4-11 下午10:17: Exit method stop()]
Can't call commit when autocommit=true
Can't call commit when autocommit=true
Can't call commit when autocommit=true
Can't call commit when autocommit=true
ERROR  getInitialContext, Could not obtain initial context
javax.naming.NoInitialContextException: Cannot instantiate class: org.jnp.interfaces.NamingContextFactory [Root exception is java.lang.ClassNotFoundException: org.jnp.interfaces.NamingContextFactory]
	at javax.naming.spi.NamingManager.getInitialContext(NamingManager.java:657)
	at javax.naming.InitialContext.getDefaultInitCtx(InitialContext.java:247)
	at javax.naming.InitialContext.init(InitialContext.java:223)
	at javax.naming.InitialContext.<init>(InitialContext.java:175)
	at org.hibernate.util.NamingHelper.getInitialContext(NamingHelper.java:28)
	at org.hibernate.impl.SessionFactoryObjectFactory.addInstance(SessionFactoryObjectFactory.java:89)
	at org.hibernate.impl.SessionFactoryImpl.<init>(SessionFactoryImpl.java:306)
	at org.hibernate.cfg.Configuration.buildSessionFactory(Configuration.java:1294)
	at org.hibernate.cfg.AnnotationConfiguration.buildSessionFactory(AnnotationConfiguration.java:915)
	at org.hibernate.ejb.Ejb3Configuration.buildEntityManagerFactory(Ejb3Configuration.java:730)
	at org.hibernate.ejb.HibernatePersistence.createEntityManagerFactory(HibernatePersistence.java:121)
	at javax.persistence.Persistence.createEntityManagerFactory(Persistence.java:51)
	at javax.persistence.Persistence.createEntityManagerFactory(Persistence.java:33)
	at com.topcoder.service.studio.contest.accuracytests.TestContestManagerBeanAccuracy.setUp(TestContestManagerBeanAccuracy.java:88)
	at junit.framework.TestCase.runBare(TestCase.java:132)
	at junit.framework.TestResult$1.protect(TestResult.java:110)
	at junit.framework.TestResult.runProtected(TestResult.java:128)
	at junit.framework.TestResult.run(TestResult.java:113)
	at junit.framework.TestCase.run(TestCase.java:124)
	at junit.framework.TestSuite.runTest(TestSuite.java:232)
	at junit.framework.TestSuite.run(TestSuite.java:227)
	at junit.framework.TestSuite.runTest(TestSuite.java:232)
	at junit.framework.TestSuite.run(TestSuite.java:227)
	at junit.framework.TestSuite.runTest(TestSuite.java:232)
	at junit.framework.TestSuite.run(TestSuite.java:227)
	at org.apache.tools.ant.taskdefs.optional.junit.JUnitTestRunner.run(JUnitTestRunner.java:421)
	at org.apache.tools.ant.taskdefs.optional.junit.JUnitTestRunner.launch(JUnitTestRunner.java:912)
	at org.apache.tools.ant.taskdefs.optional.junit.JUnitTestRunner.main(JUnitTestRunner.java:766)
Caused by: java.lang.ClassNotFoundException: org.jnp.interfaces.NamingContextFactory
	at java.net.URLClassLoader$1.run(URLClassLoader.java:200)
	at java.security.AccessController.doPrivileged(Native Method)
	at java.net.URLClassLoader.findClass(URLClassLoader.java:188)
	at java.lang.ClassLoader.loadClass(ClassLoader.java:306)
	at sun.misc.Launcher$AppClassLoader.loadClass(Launcher.java:268)
	at java.lang.ClassLoader.loadClass(ClassLoader.java:251)
	at java.lang.ClassLoader.loadClassInternal(ClassLoader.java:319)
	at java.lang.Class.forName0(Native Method)
	at java.lang.Class.forName(Class.java:242)
	at com.sun.naming.internal.VersionHelper12.loadClass(VersionHelper12.java:42)
	at javax.naming.spi.NamingManager.getInitialContext(NamingManager.java:654)
	... 27 more
WARN   addInstance, Could not bind factory to JNDI
javax.naming.NoInitialContextException: Cannot instantiate class: org.jnp.interfaces.NamingContextFactory [Root exception is java.lang.ClassNotFoundException: org.jnp.interfaces.NamingContextFactory]
	at javax.naming.spi.NamingManager.getInitialContext(NamingManager.java:657)
	at javax.naming.InitialContext.getDefaultInitCtx(InitialContext.java:247)
	at javax.naming.InitialContext.init(InitialContext.java:223)
	at javax.naming.InitialContext.<init>(InitialContext.java:175)
	at org.hibernate.util.NamingHelper.getInitialContext(NamingHelper.java:28)
	at org.hibernate.impl.SessionFactoryObjectFactory.addInstance(SessionFactoryObjectFactory.java:89)
	at org.hibernate.impl.SessionFactoryImpl.<init>(SessionFactoryImpl.java:306)
	at org.hibernate.cfg.Configuration.buildSessionFactory(Configuration.java:1294)
	at org.hibernate.cfg.AnnotationConfiguration.buildSessionFactory(AnnotationConfiguration.java:915)
	at org.hibernate.ejb.Ejb3Configuration.buildEntityManagerFactory(Ejb3Configuration.java:730)
	at org.hibernate.ejb.HibernatePersistence.createEntityManagerFactory(HibernatePersistence.java:121)
	at javax.persistence.Persistence.createEntityManagerFactory(Persistence.java:51)
	at javax.persistence.Persistence.createEntityManagerFactory(Persistence.java:33)
	at com.topcoder.service.studio.contest.accuracytests.TestContestManagerBeanAccuracy.setUp(TestContestManagerBeanAccuracy.java:88)
	at junit.framework.TestCase.runBare(TestCase.java:132)
	at junit.framework.TestResult$1.protect(TestResult.java:110)
	at junit.framework.TestResult.runProtected(TestResult.java:128)
	at junit.framework.TestResult.run(TestResult.java:113)
	at junit.framework.TestCase.run(TestCase.java:124)
	at junit.framework.TestSuite.runTest(TestSuite.java:232)
	at junit.framework.TestSuite.run(TestSuite.java:227)
	at junit.framework.TestSuite.runTest(TestSuite.java:232)
	at junit.framework.TestSuite.run(TestSuite.java:227)
	at junit.framework.TestSuite.runTest(TestSuite.java:232)
	at junit.framework.TestSuite.run(TestSuite.java:227)
	at org.apache.tools.ant.taskdefs.optional.junit.JUnitTestRunner.run(JUnitTestRunner.java:421)
	at org.apache.tools.ant.taskdefs.optional.junit.JUnitTestRunner.launch(JUnitTestRunner.java:912)
	at org.apache.tools.ant.taskdefs.optional.junit.JUnitTestRunner.main(JUnitTestRunner.java:766)
Caused by: java.lang.ClassNotFoundException: org.jnp.interfaces.NamingContextFactory
	at java.net.URLClassLoader$1.run(URLClassLoader.java:200)
	at java.security.AccessController.doPrivileged(Native Method)
	at java.net.URLClassLoader.findClass(URLClassLoader.java:188)
	at java.lang.ClassLoader.loadClass(ClassLoader.java:306)
	at sun.misc.Launcher$AppClassLoader.loadClass(Launcher.java:268)
	at java.lang.ClassLoader.loadClass(ClassLoader.java:251)
	at java.lang.ClassLoader.loadClassInternal(ClassLoader.java:319)
	at java.lang.Class.forName0(Native Method)
	at java.lang.Class.forName(Class.java:242)
	at com.sun.naming.internal.VersionHelper12.loadClass(VersionHelper12.java:42)
	at javax.naming.spi.NamingManager.getInitialContext(NamingManager.java:654)
	... 27 more
Hibernate: select max(file_type_id) from file_type_lu
Hibernate: select max(contest_channel_id) from contest_channel_lu
Hibernate: /* insert com.topcoder.service.studio.contest.StudioFileType */ insert into file_type_lu (sort, image_file_ind, file_type_desc, extension, file_type_id) values (?, ?, ?, ?, ?)
Hibernate: /* insert com.topcoder.service.studio.contest.ContestChannel */ insert into contest_channel_lu (channel_description, file_type_id, channel_name, parent_channel, contest_channel_id) values (?, ?, ?, ?, ?)
[Enter method: getAllContestChannels()]
Hibernate: /* select s from ContestChannel s */ select contestcha0_.contest_channel_id as contest1_627_, contestcha0_.channel_description as channel2_627_, contestcha0_.file_type_id as file3_627_, contestcha0_.channel_name as channel4_627_, contestcha0_.parent_channel as parent5_627_ from contest_channel_lu contestcha0_
[Exit method: getAllContestChannels()]
Can't call commit when autocommit=true
Can't call commit when autocommit=true
Can't call commit when autocommit=true
Can't call commit when autocommit=true
ERROR  getInitialContext, Could not obtain initial context
javax.naming.NoInitialContextException: Cannot instantiate class: org.jnp.interfaces.NamingContextFactory [Root exception is java.lang.ClassNotFoundException: org.jnp.interfaces.NamingContextFactory]
	at javax.naming.spi.NamingManager.getInitialContext(NamingManager.java:657)
	at javax.naming.InitialContext.getDefaultInitCtx(InitialContext.java:247)
	at javax.naming.InitialContext.init(InitialContext.java:223)
	at javax.naming.InitialContext.<init>(InitialContext.java:175)
	at org.hibernate.util.NamingHelper.getInitialContext(NamingHelper.java:28)
	at org.hibernate.impl.SessionFactoryObjectFactory.addInstance(SessionFactoryObjectFactory.java:89)
	at org.hibernate.impl.SessionFactoryImpl.<init>(SessionFactoryImpl.java:306)
	at org.hibernate.cfg.Configuration.buildSessionFactory(Configuration.java:1294)
	at org.hibernate.cfg.AnnotationConfiguration.buildSessionFactory(AnnotationConfiguration.java:915)
	at org.hibernate.ejb.Ejb3Configuration.buildEntityManagerFactory(Ejb3Configuration.java:730)
	at org.hibernate.ejb.HibernatePersistence.createEntityManagerFactory(HibernatePersistence.java:121)
	at javax.persistence.Persistence.createEntityManagerFactory(Persistence.java:51)
	at javax.persistence.Persistence.createEntityManagerFactory(Persistence.java:33)
	at com.topcoder.service.studio.contest.accuracytests.TestContestManagerBeanAccuracy.setUp(TestContestManagerBeanAccuracy.java:88)
	at junit.framework.TestCase.runBare(TestCase.java:132)
	at junit.framework.TestResult$1.protect(TestResult.java:110)
	at junit.framework.TestResult.runProtected(TestResult.java:128)
	at junit.framework.TestResult.run(TestResult.java:113)
	at junit.framework.TestCase.run(TestCase.java:124)
	at junit.framework.TestSuite.runTest(TestSuite.java:232)
	at junit.framework.TestSuite.run(TestSuite.java:227)
	at junit.framework.TestSuite.runTest(TestSuite.java:232)
	at junit.framework.TestSuite.run(TestSuite.java:227)
	at junit.framework.TestSuite.runTest(TestSuite.java:232)
	at junit.framework.TestSuite.run(TestSuite.java:227)
	at org.apache.tools.ant.taskdefs.optional.junit.JUnitTestRunner.run(JUnitTestRunner.java:421)
	at org.apache.tools.ant.taskdefs.optional.junit.JUnitTestRunner.launch(JUnitTestRunner.java:912)
	at org.apache.tools.ant.taskdefs.optional.junit.JUnitTestRunner.main(JUnitTestRunner.java:766)
Caused by: java.lang.ClassNotFoundException: org.jnp.interfaces.NamingContextFactory
	at java.net.URLClassLoader$1.run(URLClassLoader.java:200)
	at java.security.AccessController.doPrivileged(Native Method)
	at java.net.URLClassLoader.findClass(URLClassLoader.java:188)
	at java.lang.ClassLoader.loadClass(ClassLoader.java:306)
	at sun.misc.Launcher$AppClassLoader.loadClass(Launcher.java:268)
	at java.lang.ClassLoader.loadClass(ClassLoader.java:251)
	at java.lang.ClassLoader.loadClassInternal(ClassLoader.java:319)
	at java.lang.Class.forName0(Native Method)
	at java.lang.Class.forName(Class.java:242)
	at com.sun.naming.internal.VersionHelper12.loadClass(VersionHelper12.java:42)
	at javax.naming.spi.NamingManager.getInitialContext(NamingManager.java:654)
	... 27 more
WARN   addInstance, Could not bind factory to JNDI
javax.naming.NoInitialContextException: Cannot instantiate class: org.jnp.interfaces.NamingContextFactory [Root exception is java.lang.ClassNotFoundException: org.jnp.interfaces.NamingContextFactory]
	at javax.naming.spi.NamingManager.getInitialContext(NamingManager.java:657)
	at javax.naming.InitialContext.getDefaultInitCtx(InitialContext.java:247)
	at javax.naming.InitialContext.init(InitialContext.java:223)
	at javax.naming.InitialContext.<init>(InitialContext.java:175)
	at org.hibernate.util.NamingHelper.getInitialContext(NamingHelper.java:28)
	at org.hibernate.impl.SessionFactoryObjectFactory.addInstance(SessionFactoryObjectFactory.java:89)
	at org.hibernate.impl.SessionFactoryImpl.<init>(SessionFactoryImpl.java:306)
	at org.hibernate.cfg.Configuration.buildSessionFactory(Configuration.java:1294)
	at org.hibernate.cfg.AnnotationConfiguration.buildSessionFactory(AnnotationConfiguration.java:915)
	at org.hibernate.ejb.Ejb3Configuration.buildEntityManagerFactory(Ejb3Configuration.java:730)
	at org.hibernate.ejb.HibernatePersistence.createEntityManagerFactory(HibernatePersistence.java:121)
	at javax.persistence.Persistence.createEntityManagerFactory(Persistence.java:51)
	at javax.persistence.Persistence.createEntityManagerFactory(Persistence.java:33)
	at com.topcoder.service.studio.contest.accuracytests.TestContestManagerBeanAccuracy.setUp(TestContestManagerBeanAccuracy.java:88)
	at junit.framework.TestCase.runBare(TestCase.java:132)
	at junit.framework.TestResult$1.protect(TestResult.java:110)
	at junit.framework.TestResult.runProtected(TestResult.java:128)
	at junit.framework.TestResult.run(TestResult.java:113)
	at junit.framework.TestCase.run(TestCase.java:124)
	at junit.framework.TestSuite.runTest(TestSuite.java:232)
	at junit.framework.TestSuite.run(TestSuite.java:227)
	at junit.framework.TestSuite.runTest(TestSuite.java:232)
	at junit.framework.TestSuite.run(TestSuite.java:227)
	at junit.framework.TestSuite.runTest(TestSuite.java:232)
	at junit.framework.TestSuite.run(TestSuite.java:227)
	at org.apache.tools.ant.taskdefs.optional.junit.JUnitTestRunner.run(JUnitTestRunner.java:421)
	at org.apache.tools.ant.taskdefs.optional.junit.JUnitTestRunner.launch(JUnitTestRunner.java:912)
	at org.apache.tools.ant.taskdefs.optional.junit.JUnitTestRunner.main(JUnitTestRunner.java:766)
Caused by: java.lang.ClassNotFoundException: org.jnp.interfaces.NamingContextFactory
	at java.net.URLClassLoader$1.run(URLClassLoader.java:200)
	at java.security.AccessController.doPrivileged(Native Method)
	at java.net.URLClassLoader.findClass(URLClassLoader.java:188)
	at java.lang.ClassLoader.loadClass(ClassLoader.java:306)
	at sun.misc.Launcher$AppClassLoader.loadClass(Launcher.java:268)
	at java.lang.ClassLoader.loadClass(ClassLoader.java:251)
	at java.lang.ClassLoader.loadClassInternal(ClassLoader.java:319)
	at java.lang.Class.forName0(Native Method)
	at java.lang.Class.forName(Class.java:242)
	at com.sun.naming.internal.VersionHelper12.loadClass(VersionHelper12.java:42)
	at javax.naming.spi.NamingManager.getInitialContext(NamingManager.java:654)
	... 27 more
Hibernate: select max(file_type_id) from file_type_lu
Hibernate: select max(contest_channel_id) from contest_channel_lu
Hibernate: /* insert com.topcoder.service.studio.contest.StudioFileType */ insert into file_type_lu (sort, image_file_ind, file_type_desc, extension, file_type_id) values (?, ?, ?, ?, ?)
Hibernate: /* insert com.topcoder.service.studio.contest.ContestChannel */ insert into contest_channel_lu (channel_description, file_type_id, channel_name, parent_channel, contest_channel_id) values (?, ?, ?, ?, ?)
[Enter method: getAllStudioFileTypes()]
Hibernate: /* select s from StudioFileType s */ select studiofile0_.file_type_id as file1_688_, studiofile0_.sort as sort688_, studiofile0_.image_file_ind as image3_688_, studiofile0_.file_type_desc as file4_688_, studiofile0_.extension as extension688_ from file_type_lu studiofile0_
[Exit method: getAllStudioFileTypes()]
Can't call commit when autocommit=true
Can't call commit when autocommit=true
Can't call commit when autocommit=true
Can't call commit when autocommit=true
ERROR  getInitialContext, Could not obtain initial context
javax.naming.NoInitialContextException: Cannot instantiate class: org.jnp.interfaces.NamingContextFactory [Root exception is java.lang.ClassNotFoundException: org.jnp.interfaces.NamingContextFactory]
	at javax.naming.spi.NamingManager.getInitialContext(NamingManager.java:657)
	at javax.naming.InitialContext.getDefaultInitCtx(InitialContext.java:247)
	at javax.naming.InitialContext.init(InitialContext.java:223)
	at javax.naming.InitialContext.<init>(InitialContext.java:175)
	at org.hibernate.util.NamingHelper.getInitialContext(NamingHelper.java:28)
	at org.hibernate.impl.SessionFactoryObjectFactory.addInstance(SessionFactoryObjectFactory.java:89)
	at org.hibernate.impl.SessionFactoryImpl.<init>(SessionFactoryImpl.java:306)
	at org.hibernate.cfg.Configuration.buildSessionFactory(Configuration.java:1294)
	at org.hibernate.cfg.AnnotationConfiguration.buildSessionFactory(AnnotationConfiguration.java:915)
	at org.hibernate.ejb.Ejb3Configuration.buildEntityManagerFactory(Ejb3Configuration.java:730)
	at org.hibernate.ejb.HibernatePersistence.createEntityManagerFactory(HibernatePersistence.java:121)
	at javax.persistence.Persistence.createEntityManagerFactory(Persistence.java:51)
	at javax.persistence.Persistence.createEntityManagerFactory(Persistence.java:33)
	at com.topcoder.service.studio.contest.accuracytests.TestContestManagerBeanAccuracy.setUp(TestContestManagerBeanAccuracy.java:88)
	at junit.framework.TestCase.runBare(TestCase.java:132)
	at junit.framework.TestResult$1.protect(TestResult.java:110)
	at junit.framework.TestResult.runProtected(TestResult.java:128)
	at junit.framework.TestResult.run(TestResult.java:113)
	at junit.framework.TestCase.run(TestCase.java:124)
	at junit.framework.TestSuite.runTest(TestSuite.java:232)
	at junit.framework.TestSuite.run(TestSuite.java:227)
	at junit.framework.TestSuite.runTest(TestSuite.java:232)
	at junit.framework.TestSuite.run(TestSuite.java:227)
	at junit.framework.TestSuite.runTest(TestSuite.java:232)
	at junit.framework.TestSuite.run(TestSuite.java:227)
	at org.apache.tools.ant.taskdefs.optional.junit.JUnitTestRunner.run(JUnitTestRunner.java:421)
	at org.apache.tools.ant.taskdefs.optional.junit.JUnitTestRunner.launch(JUnitTestRunner.java:912)
	at org.apache.tools.ant.taskdefs.optional.junit.JUnitTestRunner.main(JUnitTestRunner.java:766)
Caused by: java.lang.ClassNotFoundException: org.jnp.interfaces.NamingContextFactory
	at java.net.URLClassLoader$1.run(URLClassLoader.java:200)
	at java.security.AccessController.doPrivileged(Native Method)
	at java.net.URLClassLoader.findClass(URLClassLoader.java:188)
	at java.lang.ClassLoader.loadClass(ClassLoader.java:306)
	at sun.misc.Launcher$AppClassLoader.loadClass(Launcher.java:268)
	at java.lang.ClassLoader.loadClass(ClassLoader.java:251)
	at java.lang.ClassLoader.loadClassInternal(ClassLoader.java:319)
	at java.lang.Class.forName0(Native Method)
	at java.lang.Class.forName(Class.java:242)
	at com.sun.naming.internal.VersionHelper12.loadClass(VersionHelper12.java:42)
	at javax.naming.spi.NamingManager.getInitialContext(NamingManager.java:654)
	... 27 more
WARN   addInstance, Could not bind factory to JNDI
javax.naming.NoInitialContextException: Cannot instantiate class: org.jnp.interfaces.NamingContextFactory [Root exception is java.lang.ClassNotFoundException: org.jnp.interfaces.NamingContextFactory]
	at javax.naming.spi.NamingManager.getInitialContext(NamingManager.java:657)
	at javax.naming.InitialContext.getDefaultInitCtx(InitialContext.java:247)
	at javax.naming.InitialContext.init(InitialContext.java:223)
	at javax.naming.InitialContext.<init>(InitialContext.java:175)
	at org.hibernate.util.NamingHelper.getInitialContext(NamingHelper.java:28)
	at org.hibernate.impl.SessionFactoryObjectFactory.addInstance(SessionFactoryObjectFactory.java:89)
	at org.hibernate.impl.SessionFactoryImpl.<init>(SessionFactoryImpl.java:306)
	at org.hibernate.cfg.Configuration.buildSessionFactory(Configuration.java:1294)
	at org.hibernate.cfg.AnnotationConfiguration.buildSessionFactory(AnnotationConfiguration.java:915)
	at org.hibernate.ejb.Ejb3Configuration.buildEntityManagerFactory(Ejb3Configuration.java:730)
	at org.hibernate.ejb.HibernatePersistence.createEntityManagerFactory(HibernatePersistence.java:121)
	at javax.persistence.Persistence.createEntityManagerFactory(Persistence.java:51)
	at javax.persistence.Persistence.createEntityManagerFactory(Persistence.java:33)
	at com.topcoder.service.studio.contest.accuracytests.TestContestManagerBeanAccuracy.setUp(TestContestManagerBeanAccuracy.java:88)
	at junit.framework.TestCase.runBare(TestCase.java:132)
	at junit.framework.TestResult$1.protect(TestResult.java:110)
	at junit.framework.TestResult.runProtected(TestResult.java:128)
	at junit.framework.TestResult.run(TestResult.java:113)
	at junit.framework.TestCase.run(TestCase.java:124)
	at junit.framework.TestSuite.runTest(TestSuite.java:232)
	at junit.framework.TestSuite.run(TestSuite.java:227)
	at junit.framework.TestSuite.runTest(TestSuite.java:232)
	at junit.framework.TestSuite.run(TestSuite.java:227)
	at junit.framework.TestSuite.runTest(TestSuite.java:232)
	at junit.framework.TestSuite.run(TestSuite.java:227)
	at org.apache.tools.ant.taskdefs.optional.junit.JUnitTestRunner.run(JUnitTestRunner.java:421)
	at org.apache.tools.ant.taskdefs.optional.junit.JUnitTestRunner.launch(JUnitTestRunner.java:912)
	at org.apache.tools.ant.taskdefs.optional.junit.JUnitTestRunner.main(JUnitTestRunner.java:766)
Caused by: java.lang.ClassNotFoundException: org.jnp.interfaces.NamingContextFactory
	at java.net.URLClassLoader$1.run(URLClassLoader.java:200)
	at java.security.AccessController.doPrivileged(Native Method)
	at java.net.URLClassLoader.findClass(URLClassLoader.java:188)
	at java.lang.ClassLoader.loadClass(ClassLoader.java:306)
	at sun.misc.Launcher$AppClassLoader.loadClass(Launcher.java:268)
	at java.lang.ClassLoader.loadClass(ClassLoader.java:251)
	at java.lang.ClassLoader.loadClassInternal(ClassLoader.java:319)
	at java.lang.Class.forName0(Native Method)
	at java.lang.Class.forName(Class.java:242)
	at com.sun.naming.internal.VersionHelper12.loadClass(VersionHelper12.java:42)
	at javax.naming.spi.NamingManager.getInitialContext(NamingManager.java:654)
	... 27 more
Hibernate: select max(contest_type_id) from contest_type_lu
Hibernate: select max(property_id) from contest_property_lu
[Enter method: addContestTypeConfig()]
[param1: 0]
Hibernate: /* load com.topcoder.service.studio.contest.ContestTypeConfig */ select contesttyp0_.contest_type_config_id as contest1_719_0_, contesttyp0_.contest_type_id as contest2_719_0_, contesttyp0_.property_id as property3_719_0_, contesttyp0_.property_value as property4_719_0_, contesttyp0_.required as required719_0_ from contest_type_config contesttyp0_ where contesttyp0_.contest_type_config_id=?
Hibernate: select max(contest_type_config_id) from contest_type_config
[Exit method: addContestTypeConfig()]
Hibernate: /* insert com.topcoder.service.studio.contest.ContestType */ insert into contest_type_lu (contest_type_desc, require_preview_file, require_preview_image, contest_type_id) values (?, ?, ?, ?)
Hibernate: /* insert com.topcoder.service.studio.contest.ContestProperty */ insert into contest_property_lu (property_desc, property_id) values (?, ?)
Hibernate: /* insert com.topcoder.service.studio.contest.ContestTypeConfig */ insert into contest_type_config (contest_type_id, property_id, property_value, required, contest_type_config_id) values (?, ?, ?, ?, ?)
Can't call commit when autocommit=true
Can't call commit when autocommit=true
Can't call commit when autocommit=true
Can't call commit when autocommit=true
ERROR  getInitialContext, Could not obtain initial context
javax.naming.NoInitialContextException: Cannot instantiate class: org.jnp.interfaces.NamingContextFactory [Root exception is java.lang.ClassNotFoundException: org.jnp.interfaces.NamingContextFactory]
	at javax.naming.spi.NamingManager.getInitialContext(NamingManager.java:657)
	at javax.naming.InitialContext.getDefaultInitCtx(InitialContext.java:247)
	at javax.naming.InitialContext.init(InitialContext.java:223)
	at javax.naming.InitialContext.<init>(InitialContext.java:175)
	at org.hibernate.util.NamingHelper.getInitialContext(NamingHelper.java:28)
	at org.hibernate.impl.SessionFactoryObjectFactory.addInstance(SessionFactoryObjectFactory.java:89)
	at org.hibernate.impl.SessionFactoryImpl.<init>(SessionFactoryImpl.java:306)
	at org.hibernate.cfg.Configuration.buildSessionFactory(Configuration.java:1294)
	at org.hibernate.cfg.AnnotationConfiguration.buildSessionFactory(AnnotationConfiguration.java:915)
	at org.hibernate.ejb.Ejb3Configuration.buildEntityManagerFactory(Ejb3Configuration.java:730)
	at org.hibernate.ejb.HibernatePersistence.createEntityManagerFactory(HibernatePersistence.java:121)
	at javax.persistence.Persistence.createEntityManagerFactory(Persistence.java:51)
	at javax.persistence.Persistence.createEntityManagerFactory(Persistence.java:33)
	at com.topcoder.service.studio.contest.accuracytests.TestContestManagerBeanAccuracy.setUp(TestContestManagerBeanAccuracy.java:88)
	at junit.framework.TestCase.runBare(TestCase.java:132)
	at junit.framework.TestResult$1.protect(TestResult.java:110)
	at junit.framework.TestResult.runProtected(TestResult.java:128)
	at junit.framework.TestResult.run(TestResult.java:113)
	at junit.framework.TestCase.run(TestCase.java:124)
	at junit.framework.TestSuite.runTest(TestSuite.java:232)
	at junit.framework.TestSuite.run(TestSuite.java:227)
	at junit.framework.TestSuite.runTest(TestSuite.java:232)
	at junit.framework.TestSuite.run(TestSuite.java:227)
	at junit.framework.TestSuite.runTest(TestSuite.java:232)
	at junit.framework.TestSuite.run(TestSuite.java:227)
	at org.apache.tools.ant.taskdefs.optional.junit.JUnitTestRunner.run(JUnitTestRunner.java:421)
	at org.apache.tools.ant.taskdefs.optional.junit.JUnitTestRunner.launch(JUnitTestRunner.java:912)
	at org.apache.tools.ant.taskdefs.optional.junit.JUnitTestRunner.main(JUnitTestRunner.java:766)
Caused by: java.lang.ClassNotFoundException: org.jnp.interfaces.NamingContextFactory
	at java.net.URLClassLoader$1.run(URLClassLoader.java:200)
	at java.security.AccessController.doPrivileged(Native Method)
	at java.net.URLClassLoader.findClass(URLClassLoader.java:188)
	at java.lang.ClassLoader.loadClass(ClassLoader.java:306)
	at sun.misc.Launcher$AppClassLoader.loadClass(Launcher.java:268)
	at java.lang.ClassLoader.loadClass(ClassLoader.java:251)
	at java.lang.ClassLoader.loadClassInternal(ClassLoader.java:319)
	at java.lang.Class.forName0(Native Method)
	at java.lang.Class.forName(Class.java:242)
	at com.sun.naming.internal.VersionHelper12.loadClass(VersionHelper12.java:42)
	at javax.naming.spi.NamingManager.getInitialContext(NamingManager.java:654)
	... 27 more
WARN   addInstance, Could not bind factory to JNDI
javax.naming.NoInitialContextException: Cannot instantiate class: org.jnp.interfaces.NamingContextFactory [Root exception is java.lang.ClassNotFoundException: org.jnp.interfaces.NamingContextFactory]
	at javax.naming.spi.NamingManager.getInitialContext(NamingManager.java:657)
	at javax.naming.InitialContext.getDefaultInitCtx(InitialContext.java:247)
	at javax.naming.InitialContext.init(InitialContext.java:223)
	at javax.naming.InitialContext.<init>(InitialContext.java:175)
	at org.hibernate.util.NamingHelper.getInitialContext(NamingHelper.java:28)
	at org.hibernate.impl.SessionFactoryObjectFactory.addInstance(SessionFactoryObjectFactory.java:89)
	at org.hibernate.impl.SessionFactoryImpl.<init>(SessionFactoryImpl.java:306)
	at org.hibernate.cfg.Configuration.buildSessionFactory(Configuration.java:1294)
	at org.hibernate.cfg.AnnotationConfiguration.buildSessionFactory(AnnotationConfiguration.java:915)
	at org.hibernate.ejb.Ejb3Configuration.buildEntityManagerFactory(Ejb3Configuration.java:730)
	at org.hibernate.ejb.HibernatePersistence.createEntityManagerFactory(HibernatePersistence.java:121)
	at javax.persistence.Persistence.createEntityManagerFactory(Persistence.java:51)
	at javax.persistence.Persistence.createEntityManagerFactory(Persistence.java:33)
	at com.topcoder.service.studio.contest.accuracytests.TestContestManagerBeanAccuracy.setUp(TestContestManagerBeanAccuracy.java:88)
	at junit.framework.TestCase.runBare(TestCase.java:132)
	at junit.framework.TestResult$1.protect(TestResult.java:110)
	at junit.framework.TestResult.runProtected(TestResult.java:128)
	at junit.framework.TestResult.run(TestResult.java:113)
	at junit.framework.TestCase.run(TestCase.java:124)
	at junit.framework.TestSuite.runTest(TestSuite.java:232)
	at junit.framework.TestSuite.run(TestSuite.java:227)
	at junit.framework.TestSuite.runTest(TestSuite.java:232)
	at junit.framework.TestSuite.run(TestSuite.java:227)
	at junit.framework.TestSuite.runTest(TestSuite.java:232)
	at junit.framework.TestSuite.run(TestSuite.java:227)
	at org.apache.tools.ant.taskdefs.optional.junit.JUnitTestRunner.run(JUnitTestRunner.java:421)
	at org.apache.tools.ant.taskdefs.optional.junit.JUnitTestRunner.launch(JUnitTestRunner.java:912)
	at org.apache.tools.ant.taskdefs.optional.junit.JUnitTestRunner.main(JUnitTestRunner.java:766)
Caused by: java.lang.ClassNotFoundException: org.jnp.interfaces.NamingContextFactory
	at java.net.URLClassLoader$1.run(URLClassLoader.java:200)
	at java.security.AccessController.doPrivileged(Native Method)
	at java.net.URLClassLoader.findClass(URLClassLoader.java:188)
	at java.lang.ClassLoader.loadClass(ClassLoader.java:306)
	at sun.misc.Launcher$AppClassLoader.loadClass(Launcher.java:268)
	at java.lang.ClassLoader.loadClass(ClassLoader.java:251)
	at java.lang.ClassLoader.loadClassInternal(ClassLoader.java:319)
	at java.lang.Class.forName0(Native Method)
	at java.lang.Class.forName(Class.java:242)
	at com.sun.naming.internal.VersionHelper12.loadClass(VersionHelper12.java:42)
	at javax.naming.spi.NamingManager.getInitialContext(NamingManager.java:654)
	... 27 more
Hibernate: select max(file_type_id) from file_type_lu
Hibernate: select max(contest_channel_id) from contest_channel_lu
Hibernate: select max(contest_type_id) from contest_type_lu
Hibernate: select max(contest_status_id) from contest_status_lu
Hibernate: select max(contest_id) from contest
Hibernate: /* insert com.topcoder.service.studio.contest.StudioFileType */ insert into file_type_lu (sort, image_file_ind, file_type_desc, extension, file_type_id) values (?, ?, ?, ?, ?)
Hibernate: /* insert com.topcoder.service.studio.contest.ContestChannel */ insert into contest_channel_lu (channel_description, file_type_id, channel_name, parent_channel, contest_channel_id) values (?, ?, ?, ?, ?)
Hibernate: /* insert com.topcoder.service.studio.contest.ContestType */ insert into contest_type_lu (contest_type_desc, require_preview_file, require_preview_image, contest_type_id) values (?, ?, ?, ?)
Hibernate: /* insert com.topcoder.service.studio.contest.ContestStatus */ insert into contest_status_lu (contest_status_desc, name, contest_status_id) values (?, ?, ?)
Hibernate: /* insert com.topcoder.service.studio.contest.Contest */ insert into contest (contest_channel_id, name, contest_type_id, project_id, tc_direct_project_id, contest_status_id, forum_id, event_id, start_time, end_date, winner_annoucement_deadline, creator_user_id, contest_id) values (?, ?, ?, ?, ?, ?, ?, ?, ?, ?, ?, ?, ?)
Hibernate: select max(prize_type_id) from prize_type_lu
Hibernate: select max(prize_id) from prize
Hibernate: /* insert com.topcoder.service.studio.submission.PrizeType */ insert into prize_type_lu (prize_type_desc, prize_type_id) values (?, ?)
Hibernate: /* insert com.topcoder.service.studio.submission.Prize */ insert into prize (place, amount, prize_type_id, create_date, prize_id) values (?, ?, ?, ?, ?)
[Enter method: addPrizeToContest()]
[param1: 1, param2: 1]
[Exit method: addPrizeToContest()]
Hibernate: /* insert collection row com.topcoder.service.studio.submission.Prize.contests */ insert into contest_prize_xref (prize_Id, contest_id) values (?, ?)
Can't call commit when autocommit=true
Can't call commit when autocommit=true
Can't call commit when autocommit=true
Can't call commit when autocommit=true
ERROR  getInitialContext, Could not obtain initial context
javax.naming.NoInitialContextException: Cannot instantiate class: org.jnp.interfaces.NamingContextFactory [Root exception is java.lang.ClassNotFoundException: org.jnp.interfaces.NamingContextFactory]
	at javax.naming.spi.NamingManager.getInitialContext(NamingManager.java:657)
	at javax.naming.InitialContext.getDefaultInitCtx(InitialContext.java:247)
	at javax.naming.InitialContext.init(InitialContext.java:223)
	at javax.naming.InitialContext.<init>(InitialContext.java:175)
	at org.hibernate.util.NamingHelper.getInitialContext(NamingHelper.java:28)
	at org.hibernate.impl.SessionFactoryObjectFactory.addInstance(SessionFactoryObjectFactory.java:89)
	at org.hibernate.impl.SessionFactoryImpl.<init>(SessionFactoryImpl.java:306)
	at org.hibernate.cfg.Configuration.buildSessionFactory(Configuration.java:1294)
	at org.hibernate.cfg.AnnotationConfiguration.buildSessionFactory(AnnotationConfiguration.java:915)
	at org.hibernate.ejb.Ejb3Configuration.buildEntityManagerFactory(Ejb3Configuration.java:730)
	at org.hibernate.ejb.HibernatePersistence.createEntityManagerFactory(HibernatePersistence.java:121)
	at javax.persistence.Persistence.createEntityManagerFactory(Persistence.java:51)
	at javax.persistence.Persistence.createEntityManagerFactory(Persistence.java:33)
	at com.topcoder.service.studio.contest.accuracytests.TestContestManagerBeanAccuracy.setUp(TestContestManagerBeanAccuracy.java:88)
	at junit.framework.TestCase.runBare(TestCase.java:132)
	at junit.framework.TestResult$1.protect(TestResult.java:110)
	at junit.framework.TestResult.runProtected(TestResult.java:128)
	at junit.framework.TestResult.run(TestResult.java:113)
	at junit.framework.TestCase.run(TestCase.java:124)
	at junit.framework.TestSuite.runTest(TestSuite.java:232)
	at junit.framework.TestSuite.run(TestSuite.java:227)
	at junit.framework.TestSuite.runTest(TestSuite.java:232)
	at junit.framework.TestSuite.run(TestSuite.java:227)
	at junit.framework.TestSuite.runTest(TestSuite.java:232)
	at junit.framework.TestSuite.run(TestSuite.java:227)
	at org.apache.tools.ant.taskdefs.optional.junit.JUnitTestRunner.run(JUnitTestRunner.java:421)
	at org.apache.tools.ant.taskdefs.optional.junit.JUnitTestRunner.launch(JUnitTestRunner.java:912)
	at org.apache.tools.ant.taskdefs.optional.junit.JUnitTestRunner.main(JUnitTestRunner.java:766)
Caused by: java.lang.ClassNotFoundException: org.jnp.interfaces.NamingContextFactory
	at java.net.URLClassLoader$1.run(URLClassLoader.java:200)
	at java.security.AccessController.doPrivileged(Native Method)
	at java.net.URLClassLoader.findClass(URLClassLoader.java:188)
	at java.lang.ClassLoader.loadClass(ClassLoader.java:306)
	at sun.misc.Launcher$AppClassLoader.loadClass(Launcher.java:268)
	at java.lang.ClassLoader.loadClass(ClassLoader.java:251)
	at java.lang.ClassLoader.loadClassInternal(ClassLoader.java:319)
	at java.lang.Class.forName0(Native Method)
	at java.lang.Class.forName(Class.java:242)
	at com.sun.naming.internal.VersionHelper12.loadClass(VersionHelper12.java:42)
	at javax.naming.spi.NamingManager.getInitialContext(NamingManager.java:654)
	... 27 more
WARN   addInstance, Could not bind factory to JNDI
javax.naming.NoInitialContextException: Cannot instantiate class: org.jnp.interfaces.NamingContextFactory [Root exception is java.lang.ClassNotFoundException: org.jnp.interfaces.NamingContextFactory]
	at javax.naming.spi.NamingManager.getInitialContext(NamingManager.java:657)
	at javax.naming.InitialContext.getDefaultInitCtx(InitialContext.java:247)
	at javax.naming.InitialContext.init(InitialContext.java:223)
	at javax.naming.InitialContext.<init>(InitialContext.java:175)
	at org.hibernate.util.NamingHelper.getInitialContext(NamingHelper.java:28)
	at org.hibernate.impl.SessionFactoryObjectFactory.addInstance(SessionFactoryObjectFactory.java:89)
	at org.hibernate.impl.SessionFactoryImpl.<init>(SessionFactoryImpl.java:306)
	at org.hibernate.cfg.Configuration.buildSessionFactory(Configuration.java:1294)
	at org.hibernate.cfg.AnnotationConfiguration.buildSessionFactory(AnnotationConfiguration.java:915)
	at org.hibernate.ejb.Ejb3Configuration.buildEntityManagerFactory(Ejb3Configuration.java:730)
	at org.hibernate.ejb.HibernatePersistence.createEntityManagerFactory(HibernatePersistence.java:121)
	at javax.persistence.Persistence.createEntityManagerFactory(Persistence.java:51)
	at javax.persistence.Persistence.createEntityManagerFactory(Persistence.java:33)
	at com.topcoder.service.studio.contest.accuracytests.TestContestManagerBeanAccuracy.setUp(TestContestManagerBeanAccuracy.java:88)
	at junit.framework.TestCase.runBare(TestCase.java:132)
	at junit.framework.TestResult$1.protect(TestResult.java:110)
	at junit.framework.TestResult.runProtected(TestResult.java:128)
	at junit.framework.TestResult.run(TestResult.java:113)
	at junit.framework.TestCase.run(TestCase.java:124)
	at junit.framework.TestSuite.runTest(TestSuite.java:232)
	at junit.framework.TestSuite.run(TestSuite.java:227)
	at junit.framework.TestSuite.runTest(TestSuite.java:232)
	at junit.framework.TestSuite.run(TestSuite.java:227)
	at junit.framework.TestSuite.runTest(TestSuite.java:232)
	at junit.framework.TestSuite.run(TestSuite.java:227)
	at org.apache.tools.ant.taskdefs.optional.junit.JUnitTestRunner.run(JUnitTestRunner.java:421)
	at org.apache.tools.ant.taskdefs.optional.junit.JUnitTestRunner.launch(JUnitTestRunner.java:912)
	at org.apache.tools.ant.taskdefs.optional.junit.JUnitTestRunner.main(JUnitTestRunner.java:766)
Caused by: java.lang.ClassNotFoundException: org.jnp.interfaces.NamingContextFactory
	at java.net.URLClassLoader$1.run(URLClassLoader.java:200)
	at java.security.AccessController.doPrivileged(Native Method)
	at java.net.URLClassLoader.findClass(URLClassLoader.java:188)
	at java.lang.ClassLoader.loadClass(ClassLoader.java:306)
	at sun.misc.Launcher$AppClassLoader.loadClass(Launcher.java:268)
	at java.lang.ClassLoader.loadClass(ClassLoader.java:251)
	at java.lang.ClassLoader.loadClassInternal(ClassLoader.java:319)
	at java.lang.Class.forName0(Native Method)
	at java.lang.Class.forName(Class.java:242)
	at com.sun.naming.internal.VersionHelper12.loadClass(VersionHelper12.java:42)
	at javax.naming.spi.NamingManager.getInitialContext(NamingManager.java:654)
	... 27 more
Hibernate: select max(file_type_id) from file_type_lu
Hibernate: select max(contest_channel_id) from contest_channel_lu
Hibernate: select max(contest_type_id) from contest_type_lu
Hibernate: select max(contest_status_id) from contest_status_lu
Hibernate: select max(contest_id) from contest
Hibernate: /* insert com.topcoder.service.studio.contest.StudioFileType */ insert into file_type_lu (sort, image_file_ind, file_type_desc, extension, file_type_id) values (?, ?, ?, ?, ?)
Hibernate: /* insert com.topcoder.service.studio.contest.ContestChannel */ insert into contest_channel_lu (channel_description, file_type_id, channel_name, parent_channel, contest_channel_id) values (?, ?, ?, ?, ?)
Hibernate: /* insert com.topcoder.service.studio.contest.ContestType */ insert into contest_type_lu (contest_type_desc, require_preview_file, require_preview_image, contest_type_id) values (?, ?, ?, ?)
Hibernate: /* insert com.topcoder.service.studio.contest.ContestStatus */ insert into contest_status_lu (contest_status_desc, name, contest_status_id) values (?, ?, ?)
Hibernate: /* insert com.topcoder.service.studio.contest.Contest */ insert into contest (contest_channel_id, name, contest_type_id, project_id, tc_direct_project_id, contest_status_id, forum_id, event_id, start_time, end_date, winner_annoucement_deadline, creator_user_id, contest_id) values (?, ?, ?, ?, ?, ?, ?, ?, ?, ?, ?, ?, ?)
Hibernate: select max(prize_type_id) from prize_type_lu
Hibernate: select max(prize_id) from prize
Hibernate: /* insert com.topcoder.service.studio.submission.PrizeType */ insert into prize_type_lu (prize_type_desc, prize_type_id) values (?, ?)
Hibernate: /* insert com.topcoder.service.studio.submission.Prize */ insert into prize (place, amount, prize_type_id, create_date, prize_id) values (?, ?, ?, ?, ?)
[Enter method: addPrizeToContest()]
[param1: 1, param2: 1]
[Exit method: addPrizeToContest()]
[Enter method: removePrizesFromContest()]
[param1: 1, param2: 1]
[Exit method: removePrizesFromContest()]
Can't call commit when autocommit=true
Can't call commit when autocommit=true
Can't call commit when autocommit=true
Can't call commit when autocommit=true
ERROR  getInitialContext, Could not obtain initial context
javax.naming.NoInitialContextException: Cannot instantiate class: org.jnp.interfaces.NamingContextFactory [Root exception is java.lang.ClassNotFoundException: org.jnp.interfaces.NamingContextFactory]
	at javax.naming.spi.NamingManager.getInitialContext(NamingManager.java:657)
	at javax.naming.InitialContext.getDefaultInitCtx(InitialContext.java:247)
	at javax.naming.InitialContext.init(InitialContext.java:223)
	at javax.naming.InitialContext.<init>(InitialContext.java:175)
	at org.hibernate.util.NamingHelper.getInitialContext(NamingHelper.java:28)
	at org.hibernate.impl.SessionFactoryObjectFactory.addInstance(SessionFactoryObjectFactory.java:89)
	at org.hibernate.impl.SessionFactoryImpl.<init>(SessionFactoryImpl.java:306)
	at org.hibernate.cfg.Configuration.buildSessionFactory(Configuration.java:1294)
	at org.hibernate.cfg.AnnotationConfiguration.buildSessionFactory(AnnotationConfiguration.java:915)
	at org.hibernate.ejb.Ejb3Configuration.buildEntityManagerFactory(Ejb3Configuration.java:730)
	at org.hibernate.ejb.HibernatePersistence.createEntityManagerFactory(HibernatePersistence.java:121)
	at javax.persistence.Persistence.createEntityManagerFactory(Persistence.java:51)
	at javax.persistence.Persistence.createEntityManagerFactory(Persistence.java:33)
	at com.topcoder.service.studio.contest.accuracytests.TestContestManagerBeanAccuracy.setUp(TestContestManagerBeanAccuracy.java:88)
	at junit.framework.TestCase.runBare(TestCase.java:132)
	at junit.framework.TestResult$1.protect(TestResult.java:110)
	at junit.framework.TestResult.runProtected(TestResult.java:128)
	at junit.framework.TestResult.run(TestResult.java:113)
	at junit.framework.TestCase.run(TestCase.java:124)
	at junit.framework.TestSuite.runTest(TestSuite.java:232)
	at junit.framework.TestSuite.run(TestSuite.java:227)
	at junit.framework.TestSuite.runTest(TestSuite.java:232)
	at junit.framework.TestSuite.run(TestSuite.java:227)
	at junit.framework.TestSuite.runTest(TestSuite.java:232)
	at junit.framework.TestSuite.run(TestSuite.java:227)
	at org.apache.tools.ant.taskdefs.optional.junit.JUnitTestRunner.run(JUnitTestRunner.java:421)
	at org.apache.tools.ant.taskdefs.optional.junit.JUnitTestRunner.launch(JUnitTestRunner.java:912)
	at org.apache.tools.ant.taskdefs.optional.junit.JUnitTestRunner.main(JUnitTestRunner.java:766)
Caused by: java.lang.ClassNotFoundException: org.jnp.interfaces.NamingContextFactory
	at java.net.URLClassLoader$1.run(URLClassLoader.java:200)
	at java.security.AccessController.doPrivileged(Native Method)
	at java.net.URLClassLoader.findClass(URLClassLoader.java:188)
	at java.lang.ClassLoader.loadClass(ClassLoader.java:306)
	at sun.misc.Launcher$AppClassLoader.loadClass(Launcher.java:268)
	at java.lang.ClassLoader.loadClass(ClassLoader.java:251)
	at java.lang.ClassLoader.loadClassInternal(ClassLoader.java:319)
	at java.lang.Class.forName0(Native Method)
	at java.lang.Class.forName(Class.java:242)
	at com.sun.naming.internal.VersionHelper12.loadClass(VersionHelper12.java:42)
	at javax.naming.spi.NamingManager.getInitialContext(NamingManager.java:654)
	... 27 more
WARN   addInstance, Could not bind factory to JNDI
javax.naming.NoInitialContextException: Cannot instantiate class: org.jnp.interfaces.NamingContextFactory [Root exception is java.lang.ClassNotFoundException: org.jnp.interfaces.NamingContextFactory]
	at javax.naming.spi.NamingManager.getInitialContext(NamingManager.java:657)
	at javax.naming.InitialContext.getDefaultInitCtx(InitialContext.java:247)
	at javax.naming.InitialContext.init(InitialContext.java:223)
	at javax.naming.InitialContext.<init>(InitialContext.java:175)
	at org.hibernate.util.NamingHelper.getInitialContext(NamingHelper.java:28)
	at org.hibernate.impl.SessionFactoryObjectFactory.addInstance(SessionFactoryObjectFactory.java:89)
	at org.hibernate.impl.SessionFactoryImpl.<init>(SessionFactoryImpl.java:306)
	at org.hibernate.cfg.Configuration.buildSessionFactory(Configuration.java:1294)
	at org.hibernate.cfg.AnnotationConfiguration.buildSessionFactory(AnnotationConfiguration.java:915)
	at org.hibernate.ejb.Ejb3Configuration.buildEntityManagerFactory(Ejb3Configuration.java:730)
	at org.hibernate.ejb.HibernatePersistence.createEntityManagerFactory(HibernatePersistence.java:121)
	at javax.persistence.Persistence.createEntityManagerFactory(Persistence.java:51)
	at javax.persistence.Persistence.createEntityManagerFactory(Persistence.java:33)
	at com.topcoder.service.studio.contest.accuracytests.TestContestManagerBeanAccuracy.setUp(TestContestManagerBeanAccuracy.java:88)
	at junit.framework.TestCase.runBare(TestCase.java:132)
	at junit.framework.TestResult$1.protect(TestResult.java:110)
	at junit.framework.TestResult.runProtected(TestResult.java:128)
	at junit.framework.TestResult.run(TestResult.java:113)
	at junit.framework.TestCase.run(TestCase.java:124)
	at junit.framework.TestSuite.runTest(TestSuite.java:232)
	at junit.framework.TestSuite.run(TestSuite.java:227)
	at junit.framework.TestSuite.runTest(TestSuite.java:232)
	at junit.framework.TestSuite.run(TestSuite.java:227)
	at junit.framework.TestSuite.runTest(TestSuite.java:232)
	at junit.framework.TestSuite.run(TestSuite.java:227)
	at org.apache.tools.ant.taskdefs.optional.junit.JUnitTestRunner.run(JUnitTestRunner.java:421)
	at org.apache.tools.ant.taskdefs.optional.junit.JUnitTestRunner.launch(JUnitTestRunner.java:912)
	at org.apache.tools.ant.taskdefs.optional.junit.JUnitTestRunner.main(JUnitTestRunner.java:766)
Caused by: java.lang.ClassNotFoundException: org.jnp.interfaces.NamingContextFactory
	at java.net.URLClassLoader$1.run(URLClassLoader.java:200)
	at java.security.AccessController.doPrivileged(Native Method)
	at java.net.URLClassLoader.findClass(URLClassLoader.java:188)
	at java.lang.ClassLoader.loadClass(ClassLoader.java:306)
	at sun.misc.Launcher$AppClassLoader.loadClass(Launcher.java:268)
	at java.lang.ClassLoader.loadClass(ClassLoader.java:251)
	at java.lang.ClassLoader.loadClassInternal(ClassLoader.java:319)
	at java.lang.Class.forName0(Native Method)
	at java.lang.Class.forName(Class.java:242)
	at com.sun.naming.internal.VersionHelper12.loadClass(VersionHelper12.java:42)
	at javax.naming.spi.NamingManager.getInitialContext(NamingManager.java:654)
	... 27 more
Hibernate: select max(file_type_id) from file_type_lu
Hibernate: select max(contest_channel_id) from contest_channel_lu
Hibernate: select max(contest_type_id) from contest_type_lu
Hibernate: select max(contest_status_id) from contest_status_lu
Hibernate: select max(contest_id) from contest
Hibernate: /* insert com.topcoder.service.studio.contest.StudioFileType */ insert into file_type_lu (sort, image_file_ind, file_type_desc, extension, file_type_id) values (?, ?, ?, ?, ?)
Hibernate: /* insert com.topcoder.service.studio.contest.ContestChannel */ insert into contest_channel_lu (channel_description, file_type_id, channel_name, parent_channel, contest_channel_id) values (?, ?, ?, ?, ?)
Hibernate: /* insert com.topcoder.service.studio.contest.ContestType */ insert into contest_type_lu (contest_type_desc, require_preview_file, require_preview_image, contest_type_id) values (?, ?, ?, ?)
Hibernate: /* insert com.topcoder.service.studio.contest.ContestStatus */ insert into contest_status_lu (contest_status_desc, name, contest_status_id) values (?, ?, ?)
Hibernate: /* insert com.topcoder.service.studio.contest.Contest */ insert into contest (contest_channel_id, name, contest_type_id, project_id, tc_direct_project_id, contest_status_id, forum_id, event_id, start_time, end_date, winner_annoucement_deadline, creator_user_id, contest_id) values (?, ?, ?, ?, ?, ?, ?, ?, ?, ?, ?, ?, ?)
[Enter method: getContestPrizes()]
Hibernate: /* select p from Prize p where :contest member of p.contests */ select prize0_.prize_id as prize1_873_, prize0_.place as place873_, prize0_.amount as amount873_, prize0_.prize_type_id as prize4_873_, prize0_.create_date as create5_873_ from prize prize0_ where ? in (select contest2_.contest_id from contest_prize_xref contests1_, contest contest2_ where prize0_.prize_id=contests1_.prize_Id and contests1_.contest_id=contest2_.contest_id)
[Exit method: getContestPrizes()]
Can't call commit when autocommit=true
Can't call commit when autocommit=true
Can't call commit when autocommit=true
Can't call commit when autocommit=true
ERROR  getInitialContext, Could not obtain initial context
javax.naming.NoInitialContextException: Cannot instantiate class: org.jnp.interfaces.NamingContextFactory [Root exception is java.lang.ClassNotFoundException: org.jnp.interfaces.NamingContextFactory]
	at javax.naming.spi.NamingManager.getInitialContext(NamingManager.java:657)
	at javax.naming.InitialContext.getDefaultInitCtx(InitialContext.java:247)
	at javax.naming.InitialContext.init(InitialContext.java:223)
	at javax.naming.InitialContext.<init>(InitialContext.java:175)
	at org.hibernate.util.NamingHelper.getInitialContext(NamingHelper.java:28)
	at org.hibernate.impl.SessionFactoryObjectFactory.addInstance(SessionFactoryObjectFactory.java:89)
	at org.hibernate.impl.SessionFactoryImpl.<init>(SessionFactoryImpl.java:306)
	at org.hibernate.cfg.Configuration.buildSessionFactory(Configuration.java:1294)
	at org.hibernate.cfg.AnnotationConfiguration.buildSessionFactory(AnnotationConfiguration.java:915)
	at org.hibernate.ejb.Ejb3Configuration.buildEntityManagerFactory(Ejb3Configuration.java:730)
	at org.hibernate.ejb.HibernatePersistence.createEntityManagerFactory(HibernatePersistence.java:121)
	at javax.persistence.Persistence.createEntityManagerFactory(Persistence.java:51)
	at javax.persistence.Persistence.createEntityManagerFactory(Persistence.java:33)
	at com.topcoder.service.studio.contest.accuracytests.TestContestManagerBeanAccuracy.setUp(TestContestManagerBeanAccuracy.java:88)
	at junit.framework.TestCase.runBare(TestCase.java:132)
	at junit.framework.TestResult$1.protect(TestResult.java:110)
	at junit.framework.TestResult.runProtected(TestResult.java:128)
	at junit.framework.TestResult.run(TestResult.java:113)
	at junit.framework.TestCase.run(TestCase.java:124)
	at junit.framework.TestSuite.runTest(TestSuite.java:232)
	at junit.framework.TestSuite.run(TestSuite.java:227)
	at junit.framework.TestSuite.runTest(TestSuite.java:232)
	at junit.framework.TestSuite.run(TestSuite.java:227)
	at junit.framework.TestSuite.runTest(TestSuite.java:232)
	at junit.framework.TestSuite.run(TestSuite.java:227)
	at org.apache.tools.ant.taskdefs.optional.junit.JUnitTestRunner.run(JUnitTestRunner.java:421)
	at org.apache.tools.ant.taskdefs.optional.junit.JUnitTestRunner.launch(JUnitTestRunner.java:912)
	at org.apache.tools.ant.taskdefs.optional.junit.JUnitTestRunner.main(JUnitTestRunner.java:766)
Caused by: java.lang.ClassNotFoundException: org.jnp.interfaces.NamingContextFactory
	at java.net.URLClassLoader$1.run(URLClassLoader.java:200)
	at java.security.AccessController.doPrivileged(Native Method)
	at java.net.URLClassLoader.findClass(URLClassLoader.java:188)
	at java.lang.ClassLoader.loadClass(ClassLoader.java:306)
	at sun.misc.Launcher$AppClassLoader.loadClass(Launcher.java:268)
	at java.lang.ClassLoader.loadClass(ClassLoader.java:251)
	at java.lang.ClassLoader.loadClassInternal(ClassLoader.java:319)
	at java.lang.Class.forName0(Native Method)
	at java.lang.Class.forName(Class.java:242)
	at com.sun.naming.internal.VersionHelper12.loadClass(VersionHelper12.java:42)
	at javax.naming.spi.NamingManager.getInitialContext(NamingManager.java:654)
	... 27 more
WARN   addInstance, Could not bind factory to JNDI
javax.naming.NoInitialContextException: Cannot instantiate class: org.jnp.interfaces.NamingContextFactory [Root exception is java.lang.ClassNotFoundException: org.jnp.interfaces.NamingContextFactory]
	at javax.naming.spi.NamingManager.getInitialContext(NamingManager.java:657)
	at javax.naming.InitialContext.getDefaultInitCtx(InitialContext.java:247)
	at javax.naming.InitialContext.init(InitialContext.java:223)
	at javax.naming.InitialContext.<init>(InitialContext.java:175)
	at org.hibernate.util.NamingHelper.getInitialContext(NamingHelper.java:28)
	at org.hibernate.impl.SessionFactoryObjectFactory.addInstance(SessionFactoryObjectFactory.java:89)
	at org.hibernate.impl.SessionFactoryImpl.<init>(SessionFactoryImpl.java:306)
	at org.hibernate.cfg.Configuration.buildSessionFactory(Configuration.java:1294)
	at org.hibernate.cfg.AnnotationConfiguration.buildSessionFactory(AnnotationConfiguration.java:915)
	at org.hibernate.ejb.Ejb3Configuration.buildEntityManagerFactory(Ejb3Configuration.java:730)
	at org.hibernate.ejb.HibernatePersistence.createEntityManagerFactory(HibernatePersistence.java:121)
	at javax.persistence.Persistence.createEntityManagerFactory(Persistence.java:51)
	at javax.persistence.Persistence.createEntityManagerFactory(Persistence.java:33)
	at com.topcoder.service.studio.contest.accuracytests.TestContestManagerBeanAccuracy.setUp(TestContestManagerBeanAccuracy.java:88)
	at junit.framework.TestCase.runBare(TestCase.java:132)
	at junit.framework.TestResult$1.protect(TestResult.java:110)
	at junit.framework.TestResult.runProtected(TestResult.java:128)
	at junit.framework.TestResult.run(TestResult.java:113)
	at junit.framework.TestCase.run(TestCase.java:124)
	at junit.framework.TestSuite.runTest(TestSuite.java:232)
	at junit.framework.TestSuite.run(TestSuite.java:227)
	at junit.framework.TestSuite.runTest(TestSuite.java:232)
	at junit.framework.TestSuite.run(TestSuite.java:227)
	at junit.framework.TestSuite.runTest(TestSuite.java:232)
	at junit.framework.TestSuite.run(TestSuite.java:227)
	at org.apache.tools.ant.taskdefs.optional.junit.JUnitTestRunner.run(JUnitTestRunner.java:421)
	at org.apache.tools.ant.taskdefs.optional.junit.JUnitTestRunner.launch(JUnitTestRunner.java:912)
	at org.apache.tools.ant.taskdefs.optional.junit.JUnitTestRunner.main(JUnitTestRunner.java:766)
Caused by: java.lang.ClassNotFoundException: org.jnp.interfaces.NamingContextFactory
	at java.net.URLClassLoader$1.run(URLClassLoader.java:200)
	at java.security.AccessController.doPrivileged(Native Method)
	at java.net.URLClassLoader.findClass(URLClassLoader.java:188)
	at java.lang.ClassLoader.loadClass(ClassLoader.java:306)
	at sun.misc.Launcher$AppClassLoader.loadClass(Launcher.java:268)
	at java.lang.ClassLoader.loadClass(ClassLoader.java:251)
	at java.lang.ClassLoader.loadClassInternal(ClassLoader.java:319)
	at java.lang.Class.forName0(Native Method)
	at java.lang.Class.forName(Class.java:242)
	at com.sun.naming.internal.VersionHelper12.loadClass(VersionHelper12.java:42)
	at javax.naming.spi.NamingManager.getInitialContext(NamingManager.java:654)
	... 27 more
Can't call commit when autocommit=true
Can't call commit when autocommit=true
Can't call commit when autocommit=true
Can't call commit when autocommit=true
ERROR  getInitialContext, Could not obtain initial context
javax.naming.NoInitialContextException: Cannot instantiate class: org.jnp.interfaces.NamingContextFactory [Root exception is java.lang.ClassNotFoundException: org.jnp.interfaces.NamingContextFactory]
	at javax.naming.spi.NamingManager.getInitialContext(NamingManager.java:657)
	at javax.naming.InitialContext.getDefaultInitCtx(InitialContext.java:247)
	at javax.naming.InitialContext.init(InitialContext.java:223)
	at javax.naming.InitialContext.<init>(InitialContext.java:175)
	at org.hibernate.util.NamingHelper.getInitialContext(NamingHelper.java:28)
	at org.hibernate.impl.SessionFactoryObjectFactory.addInstance(SessionFactoryObjectFactory.java:89)
	at org.hibernate.impl.SessionFactoryImpl.<init>(SessionFactoryImpl.java:306)
	at org.hibernate.cfg.Configuration.buildSessionFactory(Configuration.java:1294)
	at org.hibernate.cfg.AnnotationConfiguration.buildSessionFactory(AnnotationConfiguration.java:915)
	at org.hibernate.ejb.Ejb3Configuration.buildEntityManagerFactory(Ejb3Configuration.java:730)
	at org.hibernate.ejb.HibernatePersistence.createEntityManagerFactory(HibernatePersistence.java:121)
	at javax.persistence.Persistence.createEntityManagerFactory(Persistence.java:51)
	at javax.persistence.Persistence.createEntityManagerFactory(Persistence.java:33)
	at com.topcoder.service.studio.contest.accuracytests.TestContestManagerBeanAccuracy.setUp(TestContestManagerBeanAccuracy.java:88)
	at junit.framework.TestCase.runBare(TestCase.java:132)
	at junit.framework.TestResult$1.protect(TestResult.java:110)
	at junit.framework.TestResult.runProtected(TestResult.java:128)
	at junit.framework.TestResult.run(TestResult.java:113)
	at junit.framework.TestCase.run(TestCase.java:124)
	at junit.framework.TestSuite.runTest(TestSuite.java:232)
	at junit.framework.TestSuite.run(TestSuite.java:227)
	at junit.framework.TestSuite.runTest(TestSuite.java:232)
	at junit.framework.TestSuite.run(TestSuite.java:227)
	at junit.framework.TestSuite.runTest(TestSuite.java:232)
	at junit.framework.TestSuite.run(TestSuite.java:227)
	at org.apache.tools.ant.taskdefs.optional.junit.JUnitTestRunner.run(JUnitTestRunner.java:421)
	at org.apache.tools.ant.taskdefs.optional.junit.JUnitTestRunner.launch(JUnitTestRunner.java:912)
	at org.apache.tools.ant.taskdefs.optional.junit.JUnitTestRunner.main(JUnitTestRunner.java:766)
Caused by: java.lang.ClassNotFoundException: org.jnp.interfaces.NamingContextFactory
	at java.net.URLClassLoader$1.run(URLClassLoader.java:200)
	at java.security.AccessController.doPrivileged(Native Method)
	at java.net.URLClassLoader.findClass(URLClassLoader.java:188)
	at java.lang.ClassLoader.loadClass(ClassLoader.java:306)
	at sun.misc.Launcher$AppClassLoader.loadClass(Launcher.java:268)
	at java.lang.ClassLoader.loadClass(ClassLoader.java:251)
	at java.lang.ClassLoader.loadClassInternal(ClassLoader.java:319)
	at java.lang.Class.forName0(Native Method)
	at java.lang.Class.forName(Class.java:242)
	at com.sun.naming.internal.VersionHelper12.loadClass(VersionHelper12.java:42)
	at javax.naming.spi.NamingManager.getInitialContext(NamingManager.java:654)
	... 27 more
WARN   addInstance, Could not bind factory to JNDI
javax.naming.NoInitialContextException: Cannot instantiate class: org.jnp.interfaces.NamingContextFactory [Root exception is java.lang.ClassNotFoundException: org.jnp.interfaces.NamingContextFactory]
	at javax.naming.spi.NamingManager.getInitialContext(NamingManager.java:657)
	at javax.naming.InitialContext.getDefaultInitCtx(InitialContext.java:247)
	at javax.naming.InitialContext.init(InitialContext.java:223)
	at javax.naming.InitialContext.<init>(InitialContext.java:175)
	at org.hibernate.util.NamingHelper.getInitialContext(NamingHelper.java:28)
	at org.hibernate.impl.SessionFactoryObjectFactory.addInstance(SessionFactoryObjectFactory.java:89)
	at org.hibernate.impl.SessionFactoryImpl.<init>(SessionFactoryImpl.java:306)
	at org.hibernate.cfg.Configuration.buildSessionFactory(Configuration.java:1294)
	at org.hibernate.cfg.AnnotationConfiguration.buildSessionFactory(AnnotationConfiguration.java:915)
	at org.hibernate.ejb.Ejb3Configuration.buildEntityManagerFactory(Ejb3Configuration.java:730)
	at org.hibernate.ejb.HibernatePersistence.createEntityManagerFactory(HibernatePersistence.java:121)
	at javax.persistence.Persistence.createEntityManagerFactory(Persistence.java:51)
	at javax.persistence.Persistence.createEntityManagerFactory(Persistence.java:33)
	at com.topcoder.service.studio.contest.accuracytests.TestContestManagerBeanAccuracy.setUp(TestContestManagerBeanAccuracy.java:88)
	at junit.framework.TestCase.runBare(TestCase.java:132)
	at junit.framework.TestResult$1.protect(TestResult.java:110)
	at junit.framework.TestResult.runProtected(TestResult.java:128)
	at junit.framework.TestResult.run(TestResult.java:113)
	at junit.framework.TestCase.run(TestCase.java:124)
	at junit.framework.TestSuite.runTest(TestSuite.java:232)
	at junit.framework.TestSuite.run(TestSuite.java:227)
	at junit.framework.TestSuite.runTest(TestSuite.java:232)
	at junit.framework.TestSuite.run(TestSuite.java:227)
	at junit.framework.TestSuite.runTest(TestSuite.java:232)
	at junit.framework.TestSuite.run(TestSuite.java:227)
	at org.apache.tools.ant.taskdefs.optional.junit.JUnitTestRunner.run(JUnitTestRunner.java:421)
	at org.apache.tools.ant.taskdefs.optional.junit.JUnitTestRunner.launch(JUnitTestRunner.java:912)
	at org.apache.tools.ant.taskdefs.optional.junit.JUnitTestRunner.main(JUnitTestRunner.java:766)
Caused by: java.lang.ClassNotFoundException: org.jnp.interfaces.NamingContextFactory
	at java.net.URLClassLoader$1.run(URLClassLoader.java:200)
	at java.security.AccessController.doPrivileged(Native Method)
	at java.net.URLClassLoader.findClass(URLClassLoader.java:188)
	at java.lang.ClassLoader.loadClass(ClassLoader.java:306)
	at sun.misc.Launcher$AppClassLoader.loadClass(Launcher.java:268)
	at java.lang.ClassLoader.loadClass(ClassLoader.java:251)
	at java.lang.ClassLoader.loadClassInternal(ClassLoader.java:319)
	at java.lang.Class.forName0(Native Method)
	at java.lang.Class.forName(Class.java:242)
	at com.sun.naming.internal.VersionHelper12.loadClass(VersionHelper12.java:42)
	at javax.naming.spi.NamingManager.getInitialContext(NamingManager.java:654)
	... 27 more
[Enter method: getContest()]
[param1: 100]
Hibernate: /* load com.topcoder.service.studio.contest.Contest */ select contest0_.contest_id as contest1_987_0_, contest0_.contest_channel_id as contest2_987_0_, contest0_.name as name987_0_, contest0_.contest_type_id as contest4_987_0_, contest0_.project_id as project5_987_0_, contest0_.tc_direct_project_id as tc6_987_0_, contest0_.contest_status_id as contest7_987_0_, contest0_.forum_id as forum8_987_0_, contest0_.event_id as event9_987_0_, contest0_.start_time as start10_987_0_, contest0_.end_date as end11_987_0_, contest0_.winner_annoucement_deadline as winner12_987_0_, contest0_.creator_user_id as creator13_987_0_ from contest contest0_ where contest0_.contest_id=?
[Exit method: getContest()]
Can't call commit when autocommit=true
Can't call commit when autocommit=true
Can't call commit when autocommit=true
Can't call commit when autocommit=true
ERROR  getInitialContext, Could not obtain initial context
javax.naming.NoInitialContextException: Cannot instantiate class: org.jnp.interfaces.NamingContextFactory [Root exception is java.lang.ClassNotFoundException: org.jnp.interfaces.NamingContextFactory]
	at javax.naming.spi.NamingManager.getInitialContext(NamingManager.java:657)
	at javax.naming.InitialContext.getDefaultInitCtx(InitialContext.java:247)
	at javax.naming.InitialContext.init(InitialContext.java:223)
	at javax.naming.InitialContext.<init>(InitialContext.java:175)
	at org.hibernate.util.NamingHelper.getInitialContext(NamingHelper.java:28)
	at org.hibernate.impl.SessionFactoryObjectFactory.addInstance(SessionFactoryObjectFactory.java:89)
	at org.hibernate.impl.SessionFactoryImpl.<init>(SessionFactoryImpl.java:306)
	at org.hibernate.cfg.Configuration.buildSessionFactory(Configuration.java:1294)
	at org.hibernate.cfg.AnnotationConfiguration.buildSessionFactory(AnnotationConfiguration.java:915)
	at org.hibernate.ejb.Ejb3Configuration.buildEntityManagerFactory(Ejb3Configuration.java:730)
	at org.hibernate.ejb.HibernatePersistence.createEntityManagerFactory(HibernatePersistence.java:121)
	at javax.persistence.Persistence.createEntityManagerFactory(Persistence.java:51)
	at javax.persistence.Persistence.createEntityManagerFactory(Persistence.java:33)
	at com.topcoder.service.studio.contest.accuracytests.TestContestManagerBeanAccuracy.setUp(TestContestManagerBeanAccuracy.java:88)
	at junit.framework.TestCase.runBare(TestCase.java:132)
	at junit.framework.TestResult$1.protect(TestResult.java:110)
	at junit.framework.TestResult.runProtected(TestResult.java:128)
	at junit.framework.TestResult.run(TestResult.java:113)
	at junit.framework.TestCase.run(TestCase.java:124)
	at junit.framework.TestSuite.runTest(TestSuite.java:232)
	at junit.framework.TestSuite.run(TestSuite.java:227)
	at junit.framework.TestSuite.runTest(TestSuite.java:232)
	at junit.framework.TestSuite.run(TestSuite.java:227)
	at junit.framework.TestSuite.runTest(TestSuite.java:232)
	at junit.framework.TestSuite.run(TestSuite.java:227)
	at org.apache.tools.ant.taskdefs.optional.junit.JUnitTestRunner.run(JUnitTestRunner.java:421)
	at org.apache.tools.ant.taskdefs.optional.junit.JUnitTestRunner.launch(JUnitTestRunner.java:912)
	at org.apache.tools.ant.taskdefs.optional.junit.JUnitTestRunner.main(JUnitTestRunner.java:766)
Caused by: java.lang.ClassNotFoundException: org.jnp.interfaces.NamingContextFactory
	at java.net.URLClassLoader$1.run(URLClassLoader.java:200)
	at java.security.AccessController.doPrivileged(Native Method)
	at java.net.URLClassLoader.findClass(URLClassLoader.java:188)
	at java.lang.ClassLoader.loadClass(ClassLoader.java:306)
	at sun.misc.Launcher$AppClassLoader.loadClass(Launcher.java:268)
	at java.lang.ClassLoader.loadClass(ClassLoader.java:251)
	at java.lang.ClassLoader.loadClassInternal(ClassLoader.java:319)
	at java.lang.Class.forName0(Native Method)
	at java.lang.Class.forName(Class.java:242)
	at com.sun.naming.internal.VersionHelper12.loadClass(VersionHelper12.java:42)
	at javax.naming.spi.NamingManager.getInitialContext(NamingManager.java:654)
	... 27 more
WARN   addInstance, Could not bind factory to JNDI
javax.naming.NoInitialContextException: Cannot instantiate class: org.jnp.interfaces.NamingContextFactory [Root exception is java.lang.ClassNotFoundException: org.jnp.interfaces.NamingContextFactory]
	at javax.naming.spi.NamingManager.getInitialContext(NamingManager.java:657)
	at javax.naming.InitialContext.getDefaultInitCtx(InitialContext.java:247)
	at javax.naming.InitialContext.init(InitialContext.java:223)
	at javax.naming.InitialContext.<init>(InitialContext.java:175)
	at org.hibernate.util.NamingHelper.getInitialContext(NamingHelper.java:28)
	at org.hibernate.impl.SessionFactoryObjectFactory.addInstance(SessionFactoryObjectFactory.java:89)
	at org.hibernate.impl.SessionFactoryImpl.<init>(SessionFactoryImpl.java:306)
	at org.hibernate.cfg.Configuration.buildSessionFactory(Configuration.java:1294)
	at org.hibernate.cfg.AnnotationConfiguration.buildSessionFactory(AnnotationConfiguration.java:915)
	at org.hibernate.ejb.Ejb3Configuration.buildEntityManagerFactory(Ejb3Configuration.java:730)
	at org.hibernate.ejb.HibernatePersistence.createEntityManagerFactory(HibernatePersistence.java:121)
	at javax.persistence.Persistence.createEntityManagerFactory(Persistence.java:51)
	at javax.persistence.Persistence.createEntityManagerFactory(Persistence.java:33)
	at com.topcoder.service.studio.contest.accuracytests.TestContestManagerBeanAccuracy.setUp(TestContestManagerBeanAccuracy.java:88)
	at junit.framework.TestCase.runBare(TestCase.java:132)
	at junit.framework.TestResult$1.protect(TestResult.java:110)
	at junit.framework.TestResult.runProtected(TestResult.java:128)
	at junit.framework.TestResult.run(TestResult.java:113)
	at junit.framework.TestCase.run(TestCase.java:124)
	at junit.framework.TestSuite.runTest(TestSuite.java:232)
	at junit.framework.TestSuite.run(TestSuite.java:227)
	at junit.framework.TestSuite.runTest(TestSuite.java:232)
	at junit.framework.TestSuite.run(TestSuite.java:227)
	at junit.framework.TestSuite.runTest(TestSuite.java:232)
	at junit.framework.TestSuite.run(TestSuite.java:227)
	at org.apache.tools.ant.taskdefs.optional.junit.JUnitTestRunner.run(JUnitTestRunner.java:421)
	at org.apache.tools.ant.taskdefs.optional.junit.JUnitTestRunner.launch(JUnitTestRunner.java:912)
	at org.apache.tools.ant.taskdefs.optional.junit.JUnitTestRunner.main(JUnitTestRunner.java:766)
Caused by: java.lang.ClassNotFoundException: org.jnp.interfaces.NamingContextFactory
	at java.net.URLClassLoader$1.run(URLClassLoader.java:200)
	at java.security.AccessController.doPrivileged(Native Method)
	at java.net.URLClassLoader.findClass(URLClassLoader.java:188)
	at java.lang.ClassLoader.loadClass(ClassLoader.java:306)
	at sun.misc.Launcher$AppClassLoader.loadClass(Launcher.java:268)
	at java.lang.ClassLoader.loadClass(ClassLoader.java:251)
	at java.lang.ClassLoader.loadClassInternal(ClassLoader.java:319)
	at java.lang.Class.forName0(Native Method)
	at java.lang.Class.forName(Class.java:242)
	at com.sun.naming.internal.VersionHelper12.loadClass(VersionHelper12.java:42)
	at javax.naming.spi.NamingManager.getInitialContext(NamingManager.java:654)
	... 27 more
Hibernate: select max(file_type_id) from file_type_lu
Hibernate: select max(contest_channel_id) from contest_channel_lu
Hibernate: select max(contest_type_id) from contest_type_lu
Hibernate: select max(contest_status_id) from contest_status_lu
Hibernate: select max(contest_id) from contest
Hibernate: /* insert com.topcoder.service.studio.contest.StudioFileType */ insert into file_type_lu (sort, image_file_ind, file_type_desc, extension, file_type_id) values (?, ?, ?, ?, ?)
Hibernate: /* insert com.topcoder.service.studio.contest.ContestChannel */ insert into contest_channel_lu (channel_description, file_type_id, channel_name, parent_channel, contest_channel_id) values (?, ?, ?, ?, ?)
Hibernate: /* insert com.topcoder.service.studio.contest.ContestType */ insert into contest_type_lu (contest_type_desc, require_preview_file, require_preview_image, contest_type_id) values (?, ?, ?, ?)
Hibernate: /* insert com.topcoder.service.studio.contest.ContestStatus */ insert into contest_status_lu (contest_status_desc, name, contest_status_id) values (?, ?, ?)
Hibernate: /* insert com.topcoder.service.studio.contest.Contest */ insert into contest (contest_channel_id, name, contest_type_id, project_id, tc_direct_project_id, contest_status_id, forum_id, event_id, start_time, end_date, winner_annoucement_deadline, creator_user_id, contest_id) values (?, ?, ?, ?, ?, ?, ?, ?, ?, ?, ?, ?, ?)
[Enter method: getContest()]
[param1: 1]
[Exit method: getContest()]
Can't call commit when autocommit=true
Can't call commit when autocommit=true
Can't call commit when autocommit=true
Can't call commit when autocommit=true
ERROR  getInitialContext, Could not obtain initial context
javax.naming.NoInitialContextException: Cannot instantiate class: org.jnp.interfaces.NamingContextFactory [Root exception is java.lang.ClassNotFoundException: org.jnp.interfaces.NamingContextFactory]
	at javax.naming.spi.NamingManager.getInitialContext(NamingManager.java:657)
	at javax.naming.InitialContext.getDefaultInitCtx(InitialContext.java:247)
	at javax.naming.InitialContext.init(InitialContext.java:223)
	at javax.naming.InitialContext.<init>(InitialContext.java:175)
	at org.hibernate.util.NamingHelper.getInitialContext(NamingHelper.java:28)
	at org.hibernate.impl.SessionFactoryObjectFactory.addInstance(SessionFactoryObjectFactory.java:89)
	at org.hibernate.impl.SessionFactoryImpl.<init>(SessionFactoryImpl.java:306)
	at org.hibernate.cfg.Configuration.buildSessionFactory(Configuration.java:1294)
	at org.hibernate.cfg.AnnotationConfiguration.buildSessionFactory(AnnotationConfiguration.java:915)
	at org.hibernate.ejb.Ejb3Configuration.buildEntityManagerFactory(Ejb3Configuration.java:730)
	at org.hibernate.ejb.HibernatePersistence.createEntityManagerFactory(HibernatePersistence.java:121)
	at javax.persistence.Persistence.createEntityManagerFactory(Persistence.java:51)
	at javax.persistence.Persistence.createEntityManagerFactory(Persistence.java:33)
	at com.topcoder.service.studio.contest.accuracytests.TestContestManagerBeanAccuracy.setUp(TestContestManagerBeanAccuracy.java:88)
	at junit.framework.TestCase.runBare(TestCase.java:132)
	at junit.framework.TestResult$1.protect(TestResult.java:110)
	at junit.framework.TestResult.runProtected(TestResult.java:128)
	at junit.framework.TestResult.run(TestResult.java:113)
	at junit.framework.TestCase.run(TestCase.java:124)
	at junit.framework.TestSuite.runTest(TestSuite.java:232)
	at junit.framework.TestSuite.run(TestSuite.java:227)
	at junit.framework.TestSuite.runTest(TestSuite.java:232)
	at junit.framework.TestSuite.run(TestSuite.java:227)
	at junit.framework.TestSuite.runTest(TestSuite.java:232)
	at junit.framework.TestSuite.run(TestSuite.java:227)
	at org.apache.tools.ant.taskdefs.optional.junit.JUnitTestRunner.run(JUnitTestRunner.java:421)
	at org.apache.tools.ant.taskdefs.optional.junit.JUnitTestRunner.launch(JUnitTestRunner.java:912)
	at org.apache.tools.ant.taskdefs.optional.junit.JUnitTestRunner.main(JUnitTestRunner.java:766)
Caused by: java.lang.ClassNotFoundException: org.jnp.interfaces.NamingContextFactory
	at java.net.URLClassLoader$1.run(URLClassLoader.java:200)
	at java.security.AccessController.doPrivileged(Native Method)
	at java.net.URLClassLoader.findClass(URLClassLoader.java:188)
	at java.lang.ClassLoader.loadClass(ClassLoader.java:306)
	at sun.misc.Launcher$AppClassLoader.loadClass(Launcher.java:268)
	at java.lang.ClassLoader.loadClass(ClassLoader.java:251)
	at java.lang.ClassLoader.loadClassInternal(ClassLoader.java:319)
	at java.lang.Class.forName0(Native Method)
	at java.lang.Class.forName(Class.java:242)
	at com.sun.naming.internal.VersionHelper12.loadClass(VersionHelper12.java:42)
	at javax.naming.spi.NamingManager.getInitialContext(NamingManager.java:654)
	... 27 more
WARN   addInstance, Could not bind factory to JNDI
javax.naming.NoInitialContextException: Cannot instantiate class: org.jnp.interfaces.NamingContextFactory [Root exception is java.lang.ClassNotFoundException: org.jnp.interfaces.NamingContextFactory]
	at javax.naming.spi.NamingManager.getInitialContext(NamingManager.java:657)
	at javax.naming.InitialContext.getDefaultInitCtx(InitialContext.java:247)
	at javax.naming.InitialContext.init(InitialContext.java:223)
	at javax.naming.InitialContext.<init>(InitialContext.java:175)
	at org.hibernate.util.NamingHelper.getInitialContext(NamingHelper.java:28)
	at org.hibernate.impl.SessionFactoryObjectFactory.addInstance(SessionFactoryObjectFactory.java:89)
	at org.hibernate.impl.SessionFactoryImpl.<init>(SessionFactoryImpl.java:306)
	at org.hibernate.cfg.Configuration.buildSessionFactory(Configuration.java:1294)
	at org.hibernate.cfg.AnnotationConfiguration.buildSessionFactory(AnnotationConfiguration.java:915)
	at org.hibernate.ejb.Ejb3Configuration.buildEntityManagerFactory(Ejb3Configuration.java:730)
	at org.hibernate.ejb.HibernatePersistence.createEntityManagerFactory(HibernatePersistence.java:121)
	at javax.persistence.Persistence.createEntityManagerFactory(Persistence.java:51)
	at javax.persistence.Persistence.createEntityManagerFactory(Persistence.java:33)
	at com.topcoder.service.studio.contest.accuracytests.TestContestManagerBeanAccuracy.setUp(TestContestManagerBeanAccuracy.java:88)
	at junit.framework.TestCase.runBare(TestCase.java:132)
	at junit.framework.TestResult$1.protect(TestResult.java:110)
	at junit.framework.TestResult.runProtected(TestResult.java:128)
	at junit.framework.TestResult.run(TestResult.java:113)
	at junit.framework.TestCase.run(TestCase.java:124)
	at junit.framework.TestSuite.runTest(TestSuite.java:232)
	at junit.framework.TestSuite.run(TestSuite.java:227)
	at junit.framework.TestSuite.runTest(TestSuite.java:232)
	at junit.framework.TestSuite.run(TestSuite.java:227)
	at junit.framework.TestSuite.runTest(TestSuite.java:232)
	at junit.framework.TestSuite.run(TestSuite.java:227)
	at org.apache.tools.ant.taskdefs.optional.junit.JUnitTestRunner.run(JUnitTestRunner.java:421)
	at org.apache.tools.ant.taskdefs.optional.junit.JUnitTestRunner.launch(JUnitTestRunner.java:912)
	at org.apache.tools.ant.taskdefs.optional.junit.JUnitTestRunner.main(JUnitTestRunner.java:766)
Caused by: java.lang.ClassNotFoundException: org.jnp.interfaces.NamingContextFactory
	at java.net.URLClassLoader$1.run(URLClassLoader.java:200)
	at java.security.AccessController.doPrivileged(Native Method)
	at java.net.URLClassLoader.findClass(URLClassLoader.java:188)
	at java.lang.ClassLoader.loadClass(ClassLoader.java:306)
	at sun.misc.Launcher$AppClassLoader.loadClass(Launcher.java:268)
	at java.lang.ClassLoader.loadClass(ClassLoader.java:251)
	at java.lang.ClassLoader.loadClassInternal(ClassLoader.java:319)
	at java.lang.Class.forName0(Native Method)
	at java.lang.Class.forName(Class.java:242)
	at com.sun.naming.internal.VersionHelper12.loadClass(VersionHelper12.java:42)
	at javax.naming.spi.NamingManager.getInitialContext(NamingManager.java:654)
	... 27 more
Hibernate: select max(file_type_id) from file_type_lu
Hibernate: select max(contest_channel_id) from contest_channel_lu
Hibernate: select max(contest_type_id) from contest_type_lu
Hibernate: select max(contest_status_id) from contest_status_lu
Hibernate: select max(contest_id) from contest
Hibernate: /* insert com.topcoder.service.studio.contest.StudioFileType */ insert into file_type_lu (sort, image_file_ind, file_type_desc, extension, file_type_id) values (?, ?, ?, ?, ?)
Hibernate: /* insert com.topcoder.service.studio.contest.ContestChannel */ insert into contest_channel_lu (channel_description, file_type_id, channel_name, parent_channel, contest_channel_id) values (?, ?, ?, ?, ?)
Hibernate: /* insert com.topcoder.service.studio.contest.ContestType */ insert into contest_type_lu (contest_type_desc, require_preview_file, require_preview_image, contest_type_id) values (?, ?, ?, ?)
Hibernate: /* insert com.topcoder.service.studio.contest.ContestStatus */ insert into contest_status_lu (contest_status_desc, name, contest_status_id) values (?, ?, ?)
Hibernate: /* insert com.topcoder.service.studio.contest.Contest */ insert into contest (contest_channel_id, name, contest_type_id, project_id, tc_direct_project_id, contest_status_id, forum_id, event_id, start_time, end_date, winner_annoucement_deadline, creator_user_id, contest_id) values (?, ?, ?, ?, ?, ?, ?, ?, ?, ?, ?, ?, ?)
[Enter method: getContestForProject()]
[param1: 1]
Hibernate: /* select c from Contest c where c.tcDirectProjectId = :tcDirectProjectId */ select contest0_.contest_id as contest1_1089_, contest0_.contest_channel_id as contest2_1089_, contest0_.name as name1089_, contest0_.contest_type_id as contest4_1089_, contest0_.project_id as project5_1089_, contest0_.tc_direct_project_id as tc6_1089_, contest0_.contest_status_id as contest7_1089_, contest0_.forum_id as forum8_1089_, contest0_.event_id as event9_1089_, contest0_.start_time as start10_1089_, contest0_.end_date as end11_1089_, contest0_.winner_annoucement_deadline as winner12_1089_, contest0_.creator_user_id as creator13_1089_ from contest contest0_ where contest0_.tc_direct_project_id=?
[Exit method: getContestsForProject()]
Can't call commit when autocommit=true
Can't call commit when autocommit=true
Can't call commit when autocommit=true
Can't call commit when autocommit=true
ERROR  getInitialContext, Could not obtain initial context
javax.naming.NoInitialContextException: Cannot instantiate class: org.jnp.interfaces.NamingContextFactory [Root exception is java.lang.ClassNotFoundException: org.jnp.interfaces.NamingContextFactory]
	at javax.naming.spi.NamingManager.getInitialContext(NamingManager.java:657)
	at javax.naming.InitialContext.getDefaultInitCtx(InitialContext.java:247)
	at javax.naming.InitialContext.init(InitialContext.java:223)
	at javax.naming.InitialContext.<init>(InitialContext.java:175)
	at org.hibernate.util.NamingHelper.getInitialContext(NamingHelper.java:28)
	at org.hibernate.impl.SessionFactoryObjectFactory.addInstance(SessionFactoryObjectFactory.java:89)
	at org.hibernate.impl.SessionFactoryImpl.<init>(SessionFactoryImpl.java:306)
	at org.hibernate.cfg.Configuration.buildSessionFactory(Configuration.java:1294)
	at org.hibernate.cfg.AnnotationConfiguration.buildSessionFactory(AnnotationConfiguration.java:915)
	at org.hibernate.ejb.Ejb3Configuration.buildEntityManagerFactory(Ejb3Configuration.java:730)
	at org.hibernate.ejb.HibernatePersistence.createEntityManagerFactory(HibernatePersistence.java:121)
	at javax.persistence.Persistence.createEntityManagerFactory(Persistence.java:51)
	at javax.persistence.Persistence.createEntityManagerFactory(Persistence.java:33)
	at com.topcoder.service.studio.contest.accuracytests.TestContestManagerBeanAccuracy.setUp(TestContestManagerBeanAccuracy.java:88)
	at junit.framework.TestCase.runBare(TestCase.java:132)
	at junit.framework.TestResult$1.protect(TestResult.java:110)
	at junit.framework.TestResult.runProtected(TestResult.java:128)
	at junit.framework.TestResult.run(TestResult.java:113)
	at junit.framework.TestCase.run(TestCase.java:124)
	at junit.framework.TestSuite.runTest(TestSuite.java:232)
	at junit.framework.TestSuite.run(TestSuite.java:227)
	at junit.framework.TestSuite.runTest(TestSuite.java:232)
	at junit.framework.TestSuite.run(TestSuite.java:227)
	at junit.framework.TestSuite.runTest(TestSuite.java:232)
	at junit.framework.TestSuite.run(TestSuite.java:227)
	at org.apache.tools.ant.taskdefs.optional.junit.JUnitTestRunner.run(JUnitTestRunner.java:421)
	at org.apache.tools.ant.taskdefs.optional.junit.JUnitTestRunner.launch(JUnitTestRunner.java:912)
	at org.apache.tools.ant.taskdefs.optional.junit.JUnitTestRunner.main(JUnitTestRunner.java:766)
Caused by: java.lang.ClassNotFoundException: org.jnp.interfaces.NamingContextFactory
	at java.net.URLClassLoader$1.run(URLClassLoader.java:200)
	at java.security.AccessController.doPrivileged(Native Method)
	at java.net.URLClassLoader.findClass(URLClassLoader.java:188)
	at java.lang.ClassLoader.loadClass(ClassLoader.java:306)
	at sun.misc.Launcher$AppClassLoader.loadClass(Launcher.java:268)
	at java.lang.ClassLoader.loadClass(ClassLoader.java:251)
	at java.lang.ClassLoader.loadClassInternal(ClassLoader.java:319)
	at java.lang.Class.forName0(Native Method)
	at java.lang.Class.forName(Class.java:242)
	at com.sun.naming.internal.VersionHelper12.loadClass(VersionHelper12.java:42)
	at javax.naming.spi.NamingManager.getInitialContext(NamingManager.java:654)
	... 27 more
WARN   addInstance, Could not bind factory to JNDI
javax.naming.NoInitialContextException: Cannot instantiate class: org.jnp.interfaces.NamingContextFactory [Root exception is java.lang.ClassNotFoundException: org.jnp.interfaces.NamingContextFactory]
	at javax.naming.spi.NamingManager.getInitialContext(NamingManager.java:657)
	at javax.naming.InitialContext.getDefaultInitCtx(InitialContext.java:247)
	at javax.naming.InitialContext.init(InitialContext.java:223)
	at javax.naming.InitialContext.<init>(InitialContext.java:175)
	at org.hibernate.util.NamingHelper.getInitialContext(NamingHelper.java:28)
	at org.hibernate.impl.SessionFactoryObjectFactory.addInstance(SessionFactoryObjectFactory.java:89)
	at org.hibernate.impl.SessionFactoryImpl.<init>(SessionFactoryImpl.java:306)
	at org.hibernate.cfg.Configuration.buildSessionFactory(Configuration.java:1294)
	at org.hibernate.cfg.AnnotationConfiguration.buildSessionFactory(AnnotationConfiguration.java:915)
	at org.hibernate.ejb.Ejb3Configuration.buildEntityManagerFactory(Ejb3Configuration.java:730)
	at org.hibernate.ejb.HibernatePersistence.createEntityManagerFactory(HibernatePersistence.java:121)
	at javax.persistence.Persistence.createEntityManagerFactory(Persistence.java:51)
	at javax.persistence.Persistence.createEntityManagerFactory(Persistence.java:33)
	at com.topcoder.service.studio.contest.accuracytests.TestContestManagerBeanAccuracy.setUp(TestContestManagerBeanAccuracy.java:88)
	at junit.framework.TestCase.runBare(TestCase.java:132)
	at junit.framework.TestResult$1.protect(TestResult.java:110)
	at junit.framework.TestResult.runProtected(TestResult.java:128)
	at junit.framework.TestResult.run(TestResult.java:113)
	at junit.framework.TestCase.run(TestCase.java:124)
	at junit.framework.TestSuite.runTest(TestSuite.java:232)
	at junit.framework.TestSuite.run(TestSuite.java:227)
	at junit.framework.TestSuite.runTest(TestSuite.java:232)
	at junit.framework.TestSuite.run(TestSuite.java:227)
	at junit.framework.TestSuite.runTest(TestSuite.java:232)
	at junit.framework.TestSuite.run(TestSuite.java:227)
	at org.apache.tools.ant.taskdefs.optional.junit.JUnitTestRunner.run(JUnitTestRunner.java:421)
	at org.apache.tools.ant.taskdefs.optional.junit.JUnitTestRunner.launch(JUnitTestRunner.java:912)
	at org.apache.tools.ant.taskdefs.optional.junit.JUnitTestRunner.main(JUnitTestRunner.java:766)
Caused by: java.lang.ClassNotFoundException: org.jnp.interfaces.NamingContextFactory
	at java.net.URLClassLoader$1.run(URLClassLoader.java:200)
	at java.security.AccessController.doPrivileged(Native Method)
	at java.net.URLClassLoader.findClass(URLClassLoader.java:188)
	at java.lang.ClassLoader.loadClass(ClassLoader.java:306)
	at sun.misc.Launcher$AppClassLoader.loadClass(Launcher.java:268)
	at java.lang.ClassLoader.loadClass(ClassLoader.java:251)
	at java.lang.ClassLoader.loadClassInternal(ClassLoader.java:319)
	at java.lang.Class.forName0(Native Method)
	at java.lang.Class.forName(Class.java:242)
	at com.sun.naming.internal.VersionHelper12.loadClass(VersionHelper12.java:42)
	at javax.naming.spi.NamingManager.getInitialContext(NamingManager.java:654)
	... 27 more
[Enter method: getContestForProject()]
[param1: 1,000]
Hibernate: /* select c from Contest c where c.tcDirectProjectId = :tcDirectProjectId */ select contest0_.contest_id as contest1_1140_, contest0_.contest_channel_id as contest2_1140_, contest0_.name as name1140_, contest0_.contest_type_id as contest4_1140_, contest0_.project_id as project5_1140_, contest0_.tc_direct_project_id as tc6_1140_, contest0_.contest_status_id as contest7_1140_, contest0_.forum_id as forum8_1140_, contest0_.event_id as event9_1140_, contest0_.start_time as start10_1140_, contest0_.end_date as end11_1140_, contest0_.winner_annoucement_deadline as winner12_1140_, contest0_.creator_user_id as creator13_1140_ from contest contest0_ where contest0_.tc_direct_project_id=?
[Exit method: getContestsForProject()]
Can't call commit when autocommit=true
Can't call commit when autocommit=true
Can't call commit when autocommit=true
Can't call commit when autocommit=true
ERROR  getInitialContext, Could not obtain initial context
javax.naming.NoInitialContextException: Cannot instantiate class: org.jnp.interfaces.NamingContextFactory [Root exception is java.lang.ClassNotFoundException: org.jnp.interfaces.NamingContextFactory]
	at javax.naming.spi.NamingManager.getInitialContext(NamingManager.java:657)
	at javax.naming.InitialContext.getDefaultInitCtx(InitialContext.java:247)
	at javax.naming.InitialContext.init(InitialContext.java:223)
	at javax.naming.InitialContext.<init>(InitialContext.java:175)
	at org.hibernate.util.NamingHelper.getInitialContext(NamingHelper.java:28)
	at org.hibernate.impl.SessionFactoryObjectFactory.addInstance(SessionFactoryObjectFactory.java:89)
	at org.hibernate.impl.SessionFactoryImpl.<init>(SessionFactoryImpl.java:306)
	at org.hibernate.cfg.Configuration.buildSessionFactory(Configuration.java:1294)
	at org.hibernate.cfg.AnnotationConfiguration.buildSessionFactory(AnnotationConfiguration.java:915)
	at org.hibernate.ejb.Ejb3Configuration.buildEntityManagerFactory(Ejb3Configuration.java:730)
	at org.hibernate.ejb.HibernatePersistence.createEntityManagerFactory(HibernatePersistence.java:121)
	at javax.persistence.Persistence.createEntityManagerFactory(Persistence.java:51)
	at javax.persistence.Persistence.createEntityManagerFactory(Persistence.java:33)
	at com.topcoder.service.studio.contest.accuracytests.TestContestManagerBeanAccuracy.setUp(TestContestManagerBeanAccuracy.java:88)
	at junit.framework.TestCase.runBare(TestCase.java:132)
	at junit.framework.TestResult$1.protect(TestResult.java:110)
	at junit.framework.TestResult.runProtected(TestResult.java:128)
	at junit.framework.TestResult.run(TestResult.java:113)
	at junit.framework.TestCase.run(TestCase.java:124)
	at junit.framework.TestSuite.runTest(TestSuite.java:232)
	at junit.framework.TestSuite.run(TestSuite.java:227)
	at junit.framework.TestSuite.runTest(TestSuite.java:232)
	at junit.framework.TestSuite.run(TestSuite.java:227)
	at junit.framework.TestSuite.runTest(TestSuite.java:232)
	at junit.framework.TestSuite.run(TestSuite.java:227)
	at org.apache.tools.ant.taskdefs.optional.junit.JUnitTestRunner.run(JUnitTestRunner.java:421)
	at org.apache.tools.ant.taskdefs.optional.junit.JUnitTestRunner.launch(JUnitTestRunner.java:912)
	at org.apache.tools.ant.taskdefs.optional.junit.JUnitTestRunner.main(JUnitTestRunner.java:766)
Caused by: java.lang.ClassNotFoundException: org.jnp.interfaces.NamingContextFactory
	at java.net.URLClassLoader$1.run(URLClassLoader.java:200)
	at java.security.AccessController.doPrivileged(Native Method)
	at java.net.URLClassLoader.findClass(URLClassLoader.java:188)
	at java.lang.ClassLoader.loadClass(ClassLoader.java:306)
	at sun.misc.Launcher$AppClassLoader.loadClass(Launcher.java:268)
	at java.lang.ClassLoader.loadClass(ClassLoader.java:251)
	at java.lang.ClassLoader.loadClassInternal(ClassLoader.java:319)
	at java.lang.Class.forName0(Native Method)
	at java.lang.Class.forName(Class.java:242)
	at com.sun.naming.internal.VersionHelper12.loadClass(VersionHelper12.java:42)
	at javax.naming.spi.NamingManager.getInitialContext(NamingManager.java:654)
	... 27 more
WARN   addInstance, Could not bind factory to JNDI
javax.naming.NoInitialContextException: Cannot instantiate class: org.jnp.interfaces.NamingContextFactory [Root exception is java.lang.ClassNotFoundException: org.jnp.interfaces.NamingContextFactory]
	at javax.naming.spi.NamingManager.getInitialContext(NamingManager.java:657)
	at javax.naming.InitialContext.getDefaultInitCtx(InitialContext.java:247)
	at javax.naming.InitialContext.init(InitialContext.java:223)
	at javax.naming.InitialContext.<init>(InitialContext.java:175)
	at org.hibernate.util.NamingHelper.getInitialContext(NamingHelper.java:28)
	at org.hibernate.impl.SessionFactoryObjectFactory.addInstance(SessionFactoryObjectFactory.java:89)
	at org.hibernate.impl.SessionFactoryImpl.<init>(SessionFactoryImpl.java:306)
	at org.hibernate.cfg.Configuration.buildSessionFactory(Configuration.java:1294)
	at org.hibernate.cfg.AnnotationConfiguration.buildSessionFactory(AnnotationConfiguration.java:915)
	at org.hibernate.ejb.Ejb3Configuration.buildEntityManagerFactory(Ejb3Configuration.java:730)
	at org.hibernate.ejb.HibernatePersistence.createEntityManagerFactory(HibernatePersistence.java:121)
	at javax.persistence.Persistence.createEntityManagerFactory(Persistence.java:51)
	at javax.persistence.Persistence.createEntityManagerFactory(Persistence.java:33)
	at com.topcoder.service.studio.contest.accuracytests.TestContestManagerBeanAccuracy.setUp(TestContestManagerBeanAccuracy.java:88)
	at junit.framework.TestCase.runBare(TestCase.java:132)
	at junit.framework.TestResult$1.protect(TestResult.java:110)
	at junit.framework.TestResult.runProtected(TestResult.java:128)
	at junit.framework.TestResult.run(TestResult.java:113)
	at junit.framework.TestCase.run(TestCase.java:124)
	at junit.framework.TestSuite.runTest(TestSuite.java:232)
	at junit.framework.TestSuite.run(TestSuite.java:227)
	at junit.framework.TestSuite.runTest(TestSuite.java:232)
	at junit.framework.TestSuite.run(TestSuite.java:227)
	at junit.framework.TestSuite.runTest(TestSuite.java:232)
	at junit.framework.TestSuite.run(TestSuite.java:227)
	at org.apache.tools.ant.taskdefs.optional.junit.JUnitTestRunner.run(JUnitTestRunner.java:421)
	at org.apache.tools.ant.taskdefs.optional.junit.JUnitTestRunner.launch(JUnitTestRunner.java:912)
	at org.apache.tools.ant.taskdefs.optional.junit.JUnitTestRunner.main(JUnitTestRunner.java:766)
Caused by: java.lang.ClassNotFoundException: org.jnp.interfaces.NamingContextFactory
	at java.net.URLClassLoader$1.run(URLClassLoader.java:200)
	at java.security.AccessController.doPrivileged(Native Method)
	at java.net.URLClassLoader.findClass(URLClassLoader.java:188)
	at java.lang.ClassLoader.loadClass(ClassLoader.java:306)
	at sun.misc.Launcher$AppClassLoader.loadClass(Launcher.java:268)
	at java.lang.ClassLoader.loadClass(ClassLoader.java:251)
	at java.lang.ClassLoader.loadClassInternal(ClassLoader.java:319)
	at java.lang.Class.forName0(Native Method)
	at java.lang.Class.forName(Class.java:242)
	at com.sun.naming.internal.VersionHelper12.loadClass(VersionHelper12.java:42)
	at javax.naming.spi.NamingManager.getInitialContext(NamingManager.java:654)
	... 27 more
Hibernate: select max(file_type_id) from file_type_lu
Hibernate: select max(contest_channel_id) from contest_channel_lu
Hibernate: select max(contest_type_id) from contest_type_lu
Hibernate: select max(contest_status_id) from contest_status_lu
Hibernate: select max(contest_id) from contest
Hibernate: /* insert com.topcoder.service.studio.contest.StudioFileType */ insert into file_type_lu (sort, image_file_ind, file_type_desc, extension, file_type_id) values (?, ?, ?, ?, ?)
Hibernate: /* insert com.topcoder.service.studio.contest.ContestChannel */ insert into contest_channel_lu (channel_description, file_type_id, channel_name, parent_channel, contest_channel_id) values (?, ?, ?, ?, ?)
Hibernate: /* insert com.topcoder.service.studio.contest.ContestType */ insert into contest_type_lu (contest_type_desc, require_preview_file, require_preview_image, contest_type_id) values (?, ?, ?, ?)
Hibernate: /* insert com.topcoder.service.studio.contest.ContestStatus */ insert into contest_status_lu (contest_status_desc, name, contest_status_id) values (?, ?, ?)
Hibernate: /* insert com.topcoder.service.studio.contest.Contest */ insert into contest (contest_channel_id, name, contest_type_id, project_id, tc_direct_project_id, contest_status_id, forum_id, event_id, start_time, end_date, winner_annoucement_deadline, creator_user_id, contest_id) values (?, ?, ?, ?, ?, ?, ?, ?, ?, ?, ?, ?, ?)
[Enter method: updateContest()]
[Enter method: getContest()]
[param1: 1]
[Exit method: getContest()]
[Enter method: getContest()]
[param1: 1]
[Exit method: getContest()]
[Exit method: updateContest()]
[Enter method: getContest()]
[param1: 1]
[Exit method: getContest()]
Can't call commit when autocommit=true
Can't call commit when autocommit=true
Can't call commit when autocommit=true
Can't call commit when autocommit=true
ERROR  getInitialContext, Could not obtain initial context
javax.naming.NoInitialContextException: Cannot instantiate class: org.jnp.interfaces.NamingContextFactory [Root exception is java.lang.ClassNotFoundException: org.jnp.interfaces.NamingContextFactory]
	at javax.naming.spi.NamingManager.getInitialContext(NamingManager.java:657)
	at javax.naming.InitialContext.getDefaultInitCtx(InitialContext.java:247)
	at javax.naming.InitialContext.init(InitialContext.java:223)
	at javax.naming.InitialContext.<init>(InitialContext.java:175)
	at org.hibernate.util.NamingHelper.getInitialContext(NamingHelper.java:28)
	at org.hibernate.impl.SessionFactoryObjectFactory.addInstance(SessionFactoryObjectFactory.java:89)
	at org.hibernate.impl.SessionFactoryImpl.<init>(SessionFactoryImpl.java:306)
	at org.hibernate.cfg.Configuration.buildSessionFactory(Configuration.java:1294)
	at org.hibernate.cfg.AnnotationConfiguration.buildSessionFactory(AnnotationConfiguration.java:915)
	at org.hibernate.ejb.Ejb3Configuration.buildEntityManagerFactory(Ejb3Configuration.java:730)
	at org.hibernate.ejb.HibernatePersistence.createEntityManagerFactory(HibernatePersistence.java:121)
	at javax.persistence.Persistence.createEntityManagerFactory(Persistence.java:51)
	at javax.persistence.Persistence.createEntityManagerFactory(Persistence.java:33)
	at com.topcoder.service.studio.contest.accuracytests.TestContestManagerBeanAccuracy.setUp(TestContestManagerBeanAccuracy.java:88)
	at junit.framework.TestCase.runBare(TestCase.java:132)
	at junit.framework.TestResult$1.protect(TestResult.java:110)
	at junit.framework.TestResult.runProtected(TestResult.java:128)
	at junit.framework.TestResult.run(TestResult.java:113)
	at junit.framework.TestCase.run(TestCase.java:124)
	at junit.framework.TestSuite.runTest(TestSuite.java:232)
	at junit.framework.TestSuite.run(TestSuite.java:227)
	at junit.framework.TestSuite.runTest(TestSuite.java:232)
	at junit.framework.TestSuite.run(TestSuite.java:227)
	at junit.framework.TestSuite.runTest(TestSuite.java:232)
	at junit.framework.TestSuite.run(TestSuite.java:227)
	at org.apache.tools.ant.taskdefs.optional.junit.JUnitTestRunner.run(JUnitTestRunner.java:421)
	at org.apache.tools.ant.taskdefs.optional.junit.JUnitTestRunner.launch(JUnitTestRunner.java:912)
	at org.apache.tools.ant.taskdefs.optional.junit.JUnitTestRunner.main(JUnitTestRunner.java:766)
Caused by: java.lang.ClassNotFoundException: org.jnp.interfaces.NamingContextFactory
	at java.net.URLClassLoader$1.run(URLClassLoader.java:200)
	at java.security.AccessController.doPrivileged(Native Method)
	at java.net.URLClassLoader.findClass(URLClassLoader.java:188)
	at java.lang.ClassLoader.loadClass(ClassLoader.java:306)
	at sun.misc.Launcher$AppClassLoader.loadClass(Launcher.java:268)
	at java.lang.ClassLoader.loadClass(ClassLoader.java:251)
	at java.lang.ClassLoader.loadClassInternal(ClassLoader.java:319)
	at java.lang.Class.forName0(Native Method)
	at java.lang.Class.forName(Class.java:242)
	at com.sun.naming.internal.VersionHelper12.loadClass(VersionHelper12.java:42)
	at javax.naming.spi.NamingManager.getInitialContext(NamingManager.java:654)
	... 27 more
WARN   addInstance, Could not bind factory to JNDI
javax.naming.NoInitialContextException: Cannot instantiate class: org.jnp.interfaces.NamingContextFactory [Root exception is java.lang.ClassNotFoundException: org.jnp.interfaces.NamingContextFactory]
	at javax.naming.spi.NamingManager.getInitialContext(NamingManager.java:657)
	at javax.naming.InitialContext.getDefaultInitCtx(InitialContext.java:247)
	at javax.naming.InitialContext.init(InitialContext.java:223)
	at javax.naming.InitialContext.<init>(InitialContext.java:175)
	at org.hibernate.util.NamingHelper.getInitialContext(NamingHelper.java:28)
	at org.hibernate.impl.SessionFactoryObjectFactory.addInstance(SessionFactoryObjectFactory.java:89)
	at org.hibernate.impl.SessionFactoryImpl.<init>(SessionFactoryImpl.java:306)
	at org.hibernate.cfg.Configuration.buildSessionFactory(Configuration.java:1294)
	at org.hibernate.cfg.AnnotationConfiguration.buildSessionFactory(AnnotationConfiguration.java:915)
	at org.hibernate.ejb.Ejb3Configuration.buildEntityManagerFactory(Ejb3Configuration.java:730)
	at org.hibernate.ejb.HibernatePersistence.createEntityManagerFactory(HibernatePersistence.java:121)
	at javax.persistence.Persistence.createEntityManagerFactory(Persistence.java:51)
	at javax.persistence.Persistence.createEntityManagerFactory(Persistence.java:33)
	at com.topcoder.service.studio.contest.accuracytests.TestContestManagerBeanAccuracy.setUp(TestContestManagerBeanAccuracy.java:88)
	at junit.framework.TestCase.runBare(TestCase.java:132)
	at junit.framework.TestResult$1.protect(TestResult.java:110)
	at junit.framework.TestResult.runProtected(TestResult.java:128)
	at junit.framework.TestResult.run(TestResult.java:113)
	at junit.framework.TestCase.run(TestCase.java:124)
	at junit.framework.TestSuite.runTest(TestSuite.java:232)
	at junit.framework.TestSuite.run(TestSuite.java:227)
	at junit.framework.TestSuite.runTest(TestSuite.java:232)
	at junit.framework.TestSuite.run(TestSuite.java:227)
	at junit.framework.TestSuite.runTest(TestSuite.java:232)
	at junit.framework.TestSuite.run(TestSuite.java:227)
	at org.apache.tools.ant.taskdefs.optional.junit.JUnitTestRunner.run(JUnitTestRunner.java:421)
	at org.apache.tools.ant.taskdefs.optional.junit.JUnitTestRunner.launch(JUnitTestRunner.java:912)
	at org.apache.tools.ant.taskdefs.optional.junit.JUnitTestRunner.main(JUnitTestRunner.java:766)
Caused by: java.lang.ClassNotFoundException: org.jnp.interfaces.NamingContextFactory
	at java.net.URLClassLoader$1.run(URLClassLoader.java:200)
	at java.security.AccessController.doPrivileged(Native Method)
	at java.net.URLClassLoader.findClass(URLClassLoader.java:188)
	at java.lang.ClassLoader.loadClass(ClassLoader.java:306)
	at sun.misc.Launcher$AppClassLoader.loadClass(Launcher.java:268)
	at java.lang.ClassLoader.loadClass(ClassLoader.java:251)
	at java.lang.ClassLoader.loadClassInternal(ClassLoader.java:319)
	at java.lang.Class.forName0(Native Method)
	at java.lang.Class.forName(Class.java:242)
	at com.sun.naming.internal.VersionHelper12.loadClass(VersionHelper12.java:42)
	at javax.naming.spi.NamingManager.getInitialContext(NamingManager.java:654)
	... 27 more
Hibernate: select max(file_type_id) from file_type_lu
Hibernate: select max(contest_channel_id) from contest_channel_lu
Hibernate: select max(contest_type_id) from contest_type_lu
Hibernate: select max(contest_status_id) from contest_status_lu
Hibernate: select max(contest_id) from contest
Hibernate: /* insert com.topcoder.service.studio.contest.StudioFileType */ insert into file_type_lu (sort, image_file_ind, file_type_desc, extension, file_type_id) values (?, ?, ?, ?, ?)
Hibernate: /* insert com.topcoder.service.studio.contest.ContestChannel */ insert into contest_channel_lu (channel_description, file_type_id, channel_name, parent_channel, contest_channel_id) values (?, ?, ?, ?, ?)
Hibernate: /* insert com.topcoder.service.studio.contest.ContestType */ insert into contest_type_lu (contest_type_desc, require_preview_file, require_preview_image, contest_type_id) values (?, ?, ?, ?)
Hibernate: /* insert com.topcoder.service.studio.contest.ContestStatus */ insert into contest_status_lu (contest_status_desc, name, contest_status_id) values (?, ?, ?)
Hibernate: /* insert com.topcoder.service.studio.contest.Contest */ insert into contest (contest_channel_id, name, contest_type_id, project_id, tc_direct_project_id, contest_status_id, forum_id, event_id, start_time, end_date, winner_annoucement_deadline, creator_user_id, contest_id) values (?, ?, ?, ?, ?, ?, ?, ?, ?, ?, ?, ?, ?)
Hibernate: /* insert com.topcoder.service.studio.contest.StudioFileType */ insert into file_type_lu (sort, image_file_ind, file_type_desc, extension, file_type_id) values (?, ?, ?, ?, ?)
Hibernate: /* insert com.topcoder.service.studio.contest.ContestChannel */ insert into contest_channel_lu (channel_description, file_type_id, channel_name, parent_channel, contest_channel_id) values (?, ?, ?, ?, ?)
[Enter method: updateContest()]
[Enter method: getContest()]
[param1: 1]
[Exit method: getContest()]
[Enter method: getContest()]
[param1: 1]
[Exit method: getContest()]
[Exit method: updateContest()]
[Enter method: getContest()]
[param1: 1]
[Exit method: getContest()]
Can't call commit when autocommit=true
Can't call commit when autocommit=true
Can't call commit when autocommit=true
Can't call commit when autocommit=true
ERROR  getInitialContext, Could not obtain initial context
javax.naming.NoInitialContextException: Cannot instantiate class: org.jnp.interfaces.NamingContextFactory [Root exception is java.lang.ClassNotFoundException: org.jnp.interfaces.NamingContextFactory]
	at javax.naming.spi.NamingManager.getInitialContext(NamingManager.java:657)
	at javax.naming.InitialContext.getDefaultInitCtx(InitialContext.java:247)
	at javax.naming.InitialContext.init(InitialContext.java:223)
	at javax.naming.InitialContext.<init>(InitialContext.java:175)
	at org.hibernate.util.NamingHelper.getInitialContext(NamingHelper.java:28)
	at org.hibernate.impl.SessionFactoryObjectFactory.addInstance(SessionFactoryObjectFactory.java:89)
	at org.hibernate.impl.SessionFactoryImpl.<init>(SessionFactoryImpl.java:306)
	at org.hibernate.cfg.Configuration.buildSessionFactory(Configuration.java:1294)
	at org.hibernate.cfg.AnnotationConfiguration.buildSessionFactory(AnnotationConfiguration.java:915)
	at org.hibernate.ejb.Ejb3Configuration.buildEntityManagerFactory(Ejb3Configuration.java:730)
	at org.hibernate.ejb.HibernatePersistence.createEntityManagerFactory(HibernatePersistence.java:121)
	at javax.persistence.Persistence.createEntityManagerFactory(Persistence.java:51)
	at javax.persistence.Persistence.createEntityManagerFactory(Persistence.java:33)
	at com.topcoder.service.studio.contest.accuracytests.TestContestManagerBeanAccuracy.setUp(TestContestManagerBeanAccuracy.java:88)
	at junit.framework.TestCase.runBare(TestCase.java:132)
	at junit.framework.TestResult$1.protect(TestResult.java:110)
	at junit.framework.TestResult.runProtected(TestResult.java:128)
	at junit.framework.TestResult.run(TestResult.java:113)
	at junit.framework.TestCase.run(TestCase.java:124)
	at junit.framework.TestSuite.runTest(TestSuite.java:232)
	at junit.framework.TestSuite.run(TestSuite.java:227)
	at junit.framework.TestSuite.runTest(TestSuite.java:232)
	at junit.framework.TestSuite.run(TestSuite.java:227)
	at junit.framework.TestSuite.runTest(TestSuite.java:232)
	at junit.framework.TestSuite.run(TestSuite.java:227)
	at org.apache.tools.ant.taskdefs.optional.junit.JUnitTestRunner.run(JUnitTestRunner.java:421)
	at org.apache.tools.ant.taskdefs.optional.junit.JUnitTestRunner.launch(JUnitTestRunner.java:912)
	at org.apache.tools.ant.taskdefs.optional.junit.JUnitTestRunner.main(JUnitTestRunner.java:766)
Caused by: java.lang.ClassNotFoundException: org.jnp.interfaces.NamingContextFactory
	at java.net.URLClassLoader$1.run(URLClassLoader.java:200)
	at java.security.AccessController.doPrivileged(Native Method)
	at java.net.URLClassLoader.findClass(URLClassLoader.java:188)
	at java.lang.ClassLoader.loadClass(ClassLoader.java:306)
	at sun.misc.Launcher$AppClassLoader.loadClass(Launcher.java:268)
	at java.lang.ClassLoader.loadClass(ClassLoader.java:251)
	at java.lang.ClassLoader.loadClassInternal(ClassLoader.java:319)
	at java.lang.Class.forName0(Native Method)
	at java.lang.Class.forName(Class.java:242)
	at com.sun.naming.internal.VersionHelper12.loadClass(VersionHelper12.java:42)
	at javax.naming.spi.NamingManager.getInitialContext(NamingManager.java:654)
	... 27 more
WARN   addInstance, Could not bind factory to JNDI
javax.naming.NoInitialContextException: Cannot instantiate class: org.jnp.interfaces.NamingContextFactory [Root exception is java.lang.ClassNotFoundException: org.jnp.interfaces.NamingContextFactory]
	at javax.naming.spi.NamingManager.getInitialContext(NamingManager.java:657)
	at javax.naming.InitialContext.getDefaultInitCtx(InitialContext.java:247)
	at javax.naming.InitialContext.init(InitialContext.java:223)
	at javax.naming.InitialContext.<init>(InitialContext.java:175)
	at org.hibernate.util.NamingHelper.getInitialContext(NamingHelper.java:28)
	at org.hibernate.impl.SessionFactoryObjectFactory.addInstance(SessionFactoryObjectFactory.java:89)
	at org.hibernate.impl.SessionFactoryImpl.<init>(SessionFactoryImpl.java:306)
	at org.hibernate.cfg.Configuration.buildSessionFactory(Configuration.java:1294)
	at org.hibernate.cfg.AnnotationConfiguration.buildSessionFactory(AnnotationConfiguration.java:915)
	at org.hibernate.ejb.Ejb3Configuration.buildEntityManagerFactory(Ejb3Configuration.java:730)
	at org.hibernate.ejb.HibernatePersistence.createEntityManagerFactory(HibernatePersistence.java:121)
	at javax.persistence.Persistence.createEntityManagerFactory(Persistence.java:51)
	at javax.persistence.Persistence.createEntityManagerFactory(Persistence.java:33)
	at com.topcoder.service.studio.contest.accuracytests.TestContestManagerBeanAccuracy.setUp(TestContestManagerBeanAccuracy.java:88)
	at junit.framework.TestCase.runBare(TestCase.java:132)
	at junit.framework.TestResult$1.protect(TestResult.java:110)
	at junit.framework.TestResult.runProtected(TestResult.java:128)
	at junit.framework.TestResult.run(TestResult.java:113)
	at junit.framework.TestCase.run(TestCase.java:124)
	at junit.framework.TestSuite.runTest(TestSuite.java:232)
	at junit.framework.TestSuite.run(TestSuite.java:227)
	at junit.framework.TestSuite.runTest(TestSuite.java:232)
	at junit.framework.TestSuite.run(TestSuite.java:227)
	at junit.framework.TestSuite.runTest(TestSuite.java:232)
	at junit.framework.TestSuite.run(TestSuite.java:227)
	at org.apache.tools.ant.taskdefs.optional.junit.JUnitTestRunner.run(JUnitTestRunner.java:421)
	at org.apache.tools.ant.taskdefs.optional.junit.JUnitTestRunner.launch(JUnitTestRunner.java:912)
	at org.apache.tools.ant.taskdefs.optional.junit.JUnitTestRunner.main(JUnitTestRunner.java:766)
Caused by: java.lang.ClassNotFoundException: org.jnp.interfaces.NamingContextFactory
	at java.net.URLClassLoader$1.run(URLClassLoader.java:200)
	at java.security.AccessController.doPrivileged(Native Method)
	at java.net.URLClassLoader.findClass(URLClassLoader.java:188)
	at java.lang.ClassLoader.loadClass(ClassLoader.java:306)
	at sun.misc.Launcher$AppClassLoader.loadClass(Launcher.java:268)
	at java.lang.ClassLoader.loadClass(ClassLoader.java:251)
	at java.lang.ClassLoader.loadClassInternal(ClassLoader.java:319)
	at java.lang.Class.forName0(Native Method)
	at java.lang.Class.forName(Class.java:242)
	at com.sun.naming.internal.VersionHelper12.loadClass(VersionHelper12.java:42)
	at javax.naming.spi.NamingManager.getInitialContext(NamingManager.java:654)
	... 27 more
Hibernate: select max(file_type_id) from file_type_lu
Hibernate: select max(contest_channel_id) from contest_channel_lu
Hibernate: select max(contest_type_id) from contest_type_lu
Hibernate: select max(contest_status_id) from contest_status_lu
Hibernate: select max(contest_id) from contest
Hibernate: /* insert com.topcoder.service.studio.contest.StudioFileType */ insert into file_type_lu (sort, image_file_ind, file_type_desc, extension, file_type_id) values (?, ?, ?, ?, ?)
Hibernate: /* insert com.topcoder.service.studio.contest.ContestChannel */ insert into contest_channel_lu (channel_description, file_type_id, channel_name, parent_channel, contest_channel_id) values (?, ?, ?, ?, ?)
Hibernate: /* insert com.topcoder.service.studio.contest.ContestType */ insert into contest_type_lu (contest_type_desc, require_preview_file, require_preview_image, contest_type_id) values (?, ?, ?, ?)
Hibernate: /* insert com.topcoder.service.studio.contest.ContestStatus */ insert into contest_status_lu (contest_status_desc, name, contest_status_id) values (?, ?, ?)
Hibernate: /* insert com.topcoder.service.studio.contest.Contest */ insert into contest (contest_channel_id, name, contest_type_id, project_id, tc_direct_project_id, contest_status_id, forum_id, event_id, start_time, end_date, winner_annoucement_deadline, creator_user_id, contest_id) values (?, ?, ?, ?, ?, ?, ?, ?, ?, ?, ?, ?, ?)
Hibernate: /* insert com.topcoder.service.studio.contest.ContestStatus */ insert into contest_status_lu (contest_status_desc, name, contest_status_id) values (?, ?, ?)
[Enter method: updateContest()]
[Enter method: getContest()]
[param1: 1]
[Exit method: getContest()]
[Enter method: getContest()]
[param1: 1]
[Exit method: getContest()]
[Exit method: updateContest()]
[Enter method: getContest()]
[param1: 1]
[Exit method: getContest()]
Can't call commit when autocommit=true
Can't call commit when autocommit=true
Can't call commit when autocommit=true
Can't call commit when autocommit=true
ERROR  getInitialContext, Could not obtain initial context
javax.naming.NoInitialContextException: Cannot instantiate class: org.jnp.interfaces.NamingContextFactory [Root exception is java.lang.ClassNotFoundException: org.jnp.interfaces.NamingContextFactory]
	at javax.naming.spi.NamingManager.getInitialContext(NamingManager.java:657)
	at javax.naming.InitialContext.getDefaultInitCtx(InitialContext.java:247)
	at javax.naming.InitialContext.init(InitialContext.java:223)
	at javax.naming.InitialContext.<init>(InitialContext.java:175)
	at org.hibernate.util.NamingHelper.getInitialContext(NamingHelper.java:28)
	at org.hibernate.impl.SessionFactoryObjectFactory.addInstance(SessionFactoryObjectFactory.java:89)
	at org.hibernate.impl.SessionFactoryImpl.<init>(SessionFactoryImpl.java:306)
	at org.hibernate.cfg.Configuration.buildSessionFactory(Configuration.java:1294)
	at org.hibernate.cfg.AnnotationConfiguration.buildSessionFactory(AnnotationConfiguration.java:915)
	at org.hibernate.ejb.Ejb3Configuration.buildEntityManagerFactory(Ejb3Configuration.java:730)
	at org.hibernate.ejb.HibernatePersistence.createEntityManagerFactory(HibernatePersistence.java:121)
	at javax.persistence.Persistence.createEntityManagerFactory(Persistence.java:51)
	at javax.persistence.Persistence.createEntityManagerFactory(Persistence.java:33)
	at com.topcoder.service.studio.contest.accuracytests.TestContestManagerBeanAccuracy.setUp(TestContestManagerBeanAccuracy.java:88)
	at junit.framework.TestCase.runBare(TestCase.java:132)
	at junit.framework.TestResult$1.protect(TestResult.java:110)
	at junit.framework.TestResult.runProtected(TestResult.java:128)
	at junit.framework.TestResult.run(TestResult.java:113)
	at junit.framework.TestCase.run(TestCase.java:124)
	at junit.framework.TestSuite.runTest(TestSuite.java:232)
	at junit.framework.TestSuite.run(TestSuite.java:227)
	at junit.framework.TestSuite.runTest(TestSuite.java:232)
	at junit.framework.TestSuite.run(TestSuite.java:227)
	at junit.framework.TestSuite.runTest(TestSuite.java:232)
	at junit.framework.TestSuite.run(TestSuite.java:227)
	at org.apache.tools.ant.taskdefs.optional.junit.JUnitTestRunner.run(JUnitTestRunner.java:421)
	at org.apache.tools.ant.taskdefs.optional.junit.JUnitTestRunner.launch(JUnitTestRunner.java:912)
	at org.apache.tools.ant.taskdefs.optional.junit.JUnitTestRunner.main(JUnitTestRunner.java:766)
Caused by: java.lang.ClassNotFoundException: org.jnp.interfaces.NamingContextFactory
	at java.net.URLClassLoader$1.run(URLClassLoader.java:200)
	at java.security.AccessController.doPrivileged(Native Method)
	at java.net.URLClassLoader.findClass(URLClassLoader.java:188)
	at java.lang.ClassLoader.loadClass(ClassLoader.java:306)
	at sun.misc.Launcher$AppClassLoader.loadClass(Launcher.java:268)
	at java.lang.ClassLoader.loadClass(ClassLoader.java:251)
	at java.lang.ClassLoader.loadClassInternal(ClassLoader.java:319)
	at java.lang.Class.forName0(Native Method)
	at java.lang.Class.forName(Class.java:242)
	at com.sun.naming.internal.VersionHelper12.loadClass(VersionHelper12.java:42)
	at javax.naming.spi.NamingManager.getInitialContext(NamingManager.java:654)
	... 27 more
WARN   addInstance, Could not bind factory to JNDI
javax.naming.NoInitialContextException: Cannot instantiate class: org.jnp.interfaces.NamingContextFactory [Root exception is java.lang.ClassNotFoundException: org.jnp.interfaces.NamingContextFactory]
	at javax.naming.spi.NamingManager.getInitialContext(NamingManager.java:657)
	at javax.naming.InitialContext.getDefaultInitCtx(InitialContext.java:247)
	at javax.naming.InitialContext.init(InitialContext.java:223)
	at javax.naming.InitialContext.<init>(InitialContext.java:175)
	at org.hibernate.util.NamingHelper.getInitialContext(NamingHelper.java:28)
	at org.hibernate.impl.SessionFactoryObjectFactory.addInstance(SessionFactoryObjectFactory.java:89)
	at org.hibernate.impl.SessionFactoryImpl.<init>(SessionFactoryImpl.java:306)
	at org.hibernate.cfg.Configuration.buildSessionFactory(Configuration.java:1294)
	at org.hibernate.cfg.AnnotationConfiguration.buildSessionFactory(AnnotationConfiguration.java:915)
	at org.hibernate.ejb.Ejb3Configuration.buildEntityManagerFactory(Ejb3Configuration.java:730)
	at org.hibernate.ejb.HibernatePersistence.createEntityManagerFactory(HibernatePersistence.java:121)
	at javax.persistence.Persistence.createEntityManagerFactory(Persistence.java:51)
	at javax.persistence.Persistence.createEntityManagerFactory(Persistence.java:33)
	at com.topcoder.service.studio.contest.accuracytests.TestContestManagerBeanAccuracy.setUp(TestContestManagerBeanAccuracy.java:88)
	at junit.framework.TestCase.runBare(TestCase.java:132)
	at junit.framework.TestResult$1.protect(TestResult.java:110)
	at junit.framework.TestResult.runProtected(TestResult.java:128)
	at junit.framework.TestResult.run(TestResult.java:113)
	at junit.framework.TestCase.run(TestCase.java:124)
	at junit.framework.TestSuite.runTest(TestSuite.java:232)
	at junit.framework.TestSuite.run(TestSuite.java:227)
	at junit.framework.TestSuite.runTest(TestSuite.java:232)
	at junit.framework.TestSuite.run(TestSuite.java:227)
	at junit.framework.TestSuite.runTest(TestSuite.java:232)
	at junit.framework.TestSuite.run(TestSuite.java:227)
	at org.apache.tools.ant.taskdefs.optional.junit.JUnitTestRunner.run(JUnitTestRunner.java:421)
	at org.apache.tools.ant.taskdefs.optional.junit.JUnitTestRunner.launch(JUnitTestRunner.java:912)
	at org.apache.tools.ant.taskdefs.optional.junit.JUnitTestRunner.main(JUnitTestRunner.java:766)
Caused by: java.lang.ClassNotFoundException: org.jnp.interfaces.NamingContextFactory
	at java.net.URLClassLoader$1.run(URLClassLoader.java:200)
	at java.security.AccessController.doPrivileged(Native Method)
	at java.net.URLClassLoader.findClass(URLClassLoader.java:188)
	at java.lang.ClassLoader.loadClass(ClassLoader.java:306)
	at sun.misc.Launcher$AppClassLoader.loadClass(Launcher.java:268)
	at java.lang.ClassLoader.loadClass(ClassLoader.java:251)
	at java.lang.ClassLoader.loadClassInternal(ClassLoader.java:319)
	at java.lang.Class.forName0(Native Method)
	at java.lang.Class.forName(Class.java:242)
	at com.sun.naming.internal.VersionHelper12.loadClass(VersionHelper12.java:42)
	at javax.naming.spi.NamingManager.getInitialContext(NamingManager.java:654)
	... 27 more
Hibernate: select max(file_type_id) from file_type_lu
Hibernate: select max(contest_channel_id) from contest_channel_lu
Hibernate: select max(contest_type_id) from contest_type_lu
Hibernate: select max(contest_status_id) from contest_status_lu
Hibernate: select max(contest_id) from contest
Hibernate: /* insert com.topcoder.service.studio.contest.StudioFileType */ insert into file_type_lu (sort, image_file_ind, file_type_desc, extension, file_type_id) values (?, ?, ?, ?, ?)
Hibernate: /* insert com.topcoder.service.studio.contest.ContestChannel */ insert into contest_channel_lu (channel_description, file_type_id, channel_name, parent_channel, contest_channel_id) values (?, ?, ?, ?, ?)
Hibernate: /* insert com.topcoder.service.studio.contest.ContestType */ insert into contest_type_lu (contest_type_desc, require_preview_file, require_preview_image, contest_type_id) values (?, ?, ?, ?)
Hibernate: /* insert com.topcoder.service.studio.contest.ContestStatus */ insert into contest_status_lu (contest_status_desc, name, contest_status_id) values (?, ?, ?)
Hibernate: /* insert com.topcoder.service.studio.contest.Contest */ insert into contest (contest_channel_id, name, contest_type_id, project_id, tc_direct_project_id, contest_status_id, forum_id, event_id, start_time, end_date, winner_annoucement_deadline, creator_user_id, contest_id) values (?, ?, ?, ?, ?, ?, ?, ?, ?, ?, ?, ?, ?)
Hibernate: /* insert com.topcoder.service.studio.contest.ContestType */ insert into contest_type_lu (contest_type_desc, require_preview_file, require_preview_image, contest_type_id) values (?, ?, ?, ?)
[Enter method: updateContest()]
[Enter method: getContest()]
[param1: 1]
[Exit method: getContest()]
[Enter method: getContest()]
[param1: 1]
[Exit method: getContest()]
[Exit method: updateContest()]
[Enter method: getContest()]
[param1: 1]
[Exit method: getContest()]
Can't call commit when autocommit=true
Can't call commit when autocommit=true
Can't call commit when autocommit=true
Can't call commit when autocommit=true
ERROR  getInitialContext, Could not obtain initial context
javax.naming.NoInitialContextException: Cannot instantiate class: org.jnp.interfaces.NamingContextFactory [Root exception is java.lang.ClassNotFoundException: org.jnp.interfaces.NamingContextFactory]
	at javax.naming.spi.NamingManager.getInitialContext(NamingManager.java:657)
	at javax.naming.InitialContext.getDefaultInitCtx(InitialContext.java:247)
	at javax.naming.InitialContext.init(InitialContext.java:223)
	at javax.naming.InitialContext.<init>(InitialContext.java:175)
	at org.hibernate.util.NamingHelper.getInitialContext(NamingHelper.java:28)
	at org.hibernate.impl.SessionFactoryObjectFactory.addInstance(SessionFactoryObjectFactory.java:89)
	at org.hibernate.impl.SessionFactoryImpl.<init>(SessionFactoryImpl.java:306)
	at org.hibernate.cfg.Configuration.buildSessionFactory(Configuration.java:1294)
	at org.hibernate.cfg.AnnotationConfiguration.buildSessionFactory(AnnotationConfiguration.java:915)
	at org.hibernate.ejb.Ejb3Configuration.buildEntityManagerFactory(Ejb3Configuration.java:730)
	at org.hibernate.ejb.HibernatePersistence.createEntityManagerFactory(HibernatePersistence.java:121)
	at javax.persistence.Persistence.createEntityManagerFactory(Persistence.java:51)
	at javax.persistence.Persistence.createEntityManagerFactory(Persistence.java:33)
	at com.topcoder.service.studio.contest.accuracytests.TestContestManagerBeanAccuracy.setUp(TestContestManagerBeanAccuracy.java:88)
	at junit.framework.TestCase.runBare(TestCase.java:132)
	at junit.framework.TestResult$1.protect(TestResult.java:110)
	at junit.framework.TestResult.runProtected(TestResult.java:128)
	at junit.framework.TestResult.run(TestResult.java:113)
	at junit.framework.TestCase.run(TestCase.java:124)
	at junit.framework.TestSuite.runTest(TestSuite.java:232)
	at junit.framework.TestSuite.run(TestSuite.java:227)
	at junit.framework.TestSuite.runTest(TestSuite.java:232)
	at junit.framework.TestSuite.run(TestSuite.java:227)
	at junit.framework.TestSuite.runTest(TestSuite.java:232)
	at junit.framework.TestSuite.run(TestSuite.java:227)
	at org.apache.tools.ant.taskdefs.optional.junit.JUnitTestRunner.run(JUnitTestRunner.java:421)
	at org.apache.tools.ant.taskdefs.optional.junit.JUnitTestRunner.launch(JUnitTestRunner.java:912)
	at org.apache.tools.ant.taskdefs.optional.junit.JUnitTestRunner.main(JUnitTestRunner.java:766)
Caused by: java.lang.ClassNotFoundException: org.jnp.interfaces.NamingContextFactory
	at java.net.URLClassLoader$1.run(URLClassLoader.java:200)
	at java.security.AccessController.doPrivileged(Native Method)
	at java.net.URLClassLoader.findClass(URLClassLoader.java:188)
	at java.lang.ClassLoader.loadClass(ClassLoader.java:306)
	at sun.misc.Launcher$AppClassLoader.loadClass(Launcher.java:268)
	at java.lang.ClassLoader.loadClass(ClassLoader.java:251)
	at java.lang.ClassLoader.loadClassInternal(ClassLoader.java:319)
	at java.lang.Class.forName0(Native Method)
	at java.lang.Class.forName(Class.java:242)
	at com.sun.naming.internal.VersionHelper12.loadClass(VersionHelper12.java:42)
	at javax.naming.spi.NamingManager.getInitialContext(NamingManager.java:654)
	... 27 more
WARN   addInstance, Could not bind factory to JNDI
javax.naming.NoInitialContextException: Cannot instantiate class: org.jnp.interfaces.NamingContextFactory [Root exception is java.lang.ClassNotFoundException: org.jnp.interfaces.NamingContextFactory]
	at javax.naming.spi.NamingManager.getInitialContext(NamingManager.java:657)
	at javax.naming.InitialContext.getDefaultInitCtx(InitialContext.java:247)
	at javax.naming.InitialContext.init(InitialContext.java:223)
	at javax.naming.InitialContext.<init>(InitialContext.java:175)
	at org.hibernate.util.NamingHelper.getInitialContext(NamingHelper.java:28)
	at org.hibernate.impl.SessionFactoryObjectFactory.addInstance(SessionFactoryObjectFactory.java:89)
	at org.hibernate.impl.SessionFactoryImpl.<init>(SessionFactoryImpl.java:306)
	at org.hibernate.cfg.Configuration.buildSessionFactory(Configuration.java:1294)
	at org.hibernate.cfg.AnnotationConfiguration.buildSessionFactory(AnnotationConfiguration.java:915)
	at org.hibernate.ejb.Ejb3Configuration.buildEntityManagerFactory(Ejb3Configuration.java:730)
	at org.hibernate.ejb.HibernatePersistence.createEntityManagerFactory(HibernatePersistence.java:121)
	at javax.persistence.Persistence.createEntityManagerFactory(Persistence.java:51)
	at javax.persistence.Persistence.createEntityManagerFactory(Persistence.java:33)
	at com.topcoder.service.studio.contest.accuracytests.TestContestManagerBeanAccuracy.setUp(TestContestManagerBeanAccuracy.java:88)
	at junit.framework.TestCase.runBare(TestCase.java:132)
	at junit.framework.TestResult$1.protect(TestResult.java:110)
	at junit.framework.TestResult.runProtected(TestResult.java:128)
	at junit.framework.TestResult.run(TestResult.java:113)
	at junit.framework.TestCase.run(TestCase.java:124)
	at junit.framework.TestSuite.runTest(TestSuite.java:232)
	at junit.framework.TestSuite.run(TestSuite.java:227)
	at junit.framework.TestSuite.runTest(TestSuite.java:232)
	at junit.framework.TestSuite.run(TestSuite.java:227)
	at junit.framework.TestSuite.runTest(TestSuite.java:232)
	at junit.framework.TestSuite.run(TestSuite.java:227)
	at org.apache.tools.ant.taskdefs.optional.junit.JUnitTestRunner.run(JUnitTestRunner.java:421)
	at org.apache.tools.ant.taskdefs.optional.junit.JUnitTestRunner.launch(JUnitTestRunner.java:912)
	at org.apache.tools.ant.taskdefs.optional.junit.JUnitTestRunner.main(JUnitTestRunner.java:766)
Caused by: java.lang.ClassNotFoundException: org.jnp.interfaces.NamingContextFactory
	at java.net.URLClassLoader$1.run(URLClassLoader.java:200)
	at java.security.AccessController.doPrivileged(Native Method)
	at java.net.URLClassLoader.findClass(URLClassLoader.java:188)
	at java.lang.ClassLoader.loadClass(ClassLoader.java:306)
	at sun.misc.Launcher$AppClassLoader.loadClass(Launcher.java:268)
	at java.lang.ClassLoader.loadClass(ClassLoader.java:251)
	at java.lang.ClassLoader.loadClassInternal(ClassLoader.java:319)
	at java.lang.Class.forName0(Native Method)
	at java.lang.Class.forName(Class.java:242)
	at com.sun.naming.internal.VersionHelper12.loadClass(VersionHelper12.java:42)
	at javax.naming.spi.NamingManager.getInitialContext(NamingManager.java:654)
	... 27 more
Hibernate: select max(file_type_id) from file_type_lu
Hibernate: select max(contest_channel_id) from contest_channel_lu
Hibernate: select max(contest_type_id) from contest_type_lu
Hibernate: select max(contest_status_id) from contest_status_lu
Hibernate: select max(contest_id) from contest
Hibernate: /* insert com.topcoder.service.studio.contest.StudioFileType */ insert into file_type_lu (sort, image_file_ind, file_type_desc, extension, file_type_id) values (?, ?, ?, ?, ?)
Hibernate: /* insert com.topcoder.service.studio.contest.ContestChannel */ insert into contest_channel_lu (channel_description, file_type_id, channel_name, parent_channel, contest_channel_id) values (?, ?, ?, ?, ?)
Hibernate: /* insert com.topcoder.service.studio.contest.ContestType */ insert into contest_type_lu (contest_type_desc, require_preview_file, require_preview_image, contest_type_id) values (?, ?, ?, ?)
Hibernate: /* insert com.topcoder.service.studio.contest.ContestStatus */ insert into contest_status_lu (contest_status_desc, name, contest_status_id) values (?, ?, ?)
Hibernate: /* insert com.topcoder.service.studio.contest.Contest */ insert into contest (contest_channel_id, name, contest_type_id, project_id, tc_direct_project_id, contest_status_id, forum_id, event_id, start_time, end_date, winner_annoucement_deadline, creator_user_id, contest_id) values (?, ?, ?, ?, ?, ?, ?, ?, ?, ?, ?, ?, ?)
Hibernate: /* insert com.topcoder.service.studio.contest.ContestStatus */ insert into contest_status_lu (contest_status_desc, name, contest_status_id) values (?, ?, ?)
[Enter method: updateContestStatus()]
[param1: 1, param2: 2]
[Exit method: updateContestStatus()]
[Enter method: getContest()]
[param1: 1]
[Exit method: getContest()]
Can't call commit when autocommit=true
Can't call commit when autocommit=true
Can't call commit when autocommit=true
Can't call commit when autocommit=true
ERROR  getInitialContext, Could not obtain initial context
javax.naming.NoInitialContextException: Cannot instantiate class: org.jnp.interfaces.NamingContextFactory [Root exception is java.lang.ClassNotFoundException: org.jnp.interfaces.NamingContextFactory]
	at javax.naming.spi.NamingManager.getInitialContext(NamingManager.java:657)
	at javax.naming.InitialContext.getDefaultInitCtx(InitialContext.java:247)
	at javax.naming.InitialContext.init(InitialContext.java:223)
	at javax.naming.InitialContext.<init>(InitialContext.java:175)
	at org.hibernate.util.NamingHelper.getInitialContext(NamingHelper.java:28)
	at org.hibernate.impl.SessionFactoryObjectFactory.addInstance(SessionFactoryObjectFactory.java:89)
	at org.hibernate.impl.SessionFactoryImpl.<init>(SessionFactoryImpl.java:306)
	at org.hibernate.cfg.Configuration.buildSessionFactory(Configuration.java:1294)
	at org.hibernate.cfg.AnnotationConfiguration.buildSessionFactory(AnnotationConfiguration.java:915)
	at org.hibernate.ejb.Ejb3Configuration.buildEntityManagerFactory(Ejb3Configuration.java:730)
	at org.hibernate.ejb.HibernatePersistence.createEntityManagerFactory(HibernatePersistence.java:121)
	at javax.persistence.Persistence.createEntityManagerFactory(Persistence.java:51)
	at javax.persistence.Persistence.createEntityManagerFactory(Persistence.java:33)
	at com.topcoder.service.studio.contest.accuracytests.TestContestManagerBeanAccuracy.setUp(TestContestManagerBeanAccuracy.java:88)
	at junit.framework.TestCase.runBare(TestCase.java:132)
	at junit.framework.TestResult$1.protect(TestResult.java:110)
	at junit.framework.TestResult.runProtected(TestResult.java:128)
	at junit.framework.TestResult.run(TestResult.java:113)
	at junit.framework.TestCase.run(TestCase.java:124)
	at junit.framework.TestSuite.runTest(TestSuite.java:232)
	at junit.framework.TestSuite.run(TestSuite.java:227)
	at junit.framework.TestSuite.runTest(TestSuite.java:232)
	at junit.framework.TestSuite.run(TestSuite.java:227)
	at junit.framework.TestSuite.runTest(TestSuite.java:232)
	at junit.framework.TestSuite.run(TestSuite.java:227)
	at org.apache.tools.ant.taskdefs.optional.junit.JUnitTestRunner.run(JUnitTestRunner.java:421)
	at org.apache.tools.ant.taskdefs.optional.junit.JUnitTestRunner.launch(JUnitTestRunner.java:912)
	at org.apache.tools.ant.taskdefs.optional.junit.JUnitTestRunner.main(JUnitTestRunner.java:766)
Caused by: java.lang.ClassNotFoundException: org.jnp.interfaces.NamingContextFactory
	at java.net.URLClassLoader$1.run(URLClassLoader.java:200)
	at java.security.AccessController.doPrivileged(Native Method)
	at java.net.URLClassLoader.findClass(URLClassLoader.java:188)
	at java.lang.ClassLoader.loadClass(ClassLoader.java:306)
	at sun.misc.Launcher$AppClassLoader.loadClass(Launcher.java:268)
	at java.lang.ClassLoader.loadClass(ClassLoader.java:251)
	at java.lang.ClassLoader.loadClassInternal(ClassLoader.java:319)
	at java.lang.Class.forName0(Native Method)
	at java.lang.Class.forName(Class.java:242)
	at com.sun.naming.internal.VersionHelper12.loadClass(VersionHelper12.java:42)
	at javax.naming.spi.NamingManager.getInitialContext(NamingManager.java:654)
	... 27 more
WARN   addInstance, Could not bind factory to JNDI
javax.naming.NoInitialContextException: Cannot instantiate class: org.jnp.interfaces.NamingContextFactory [Root exception is java.lang.ClassNotFoundException: org.jnp.interfaces.NamingContextFactory]
	at javax.naming.spi.NamingManager.getInitialContext(NamingManager.java:657)
	at javax.naming.InitialContext.getDefaultInitCtx(InitialContext.java:247)
	at javax.naming.InitialContext.init(InitialContext.java:223)
	at javax.naming.InitialContext.<init>(InitialContext.java:175)
	at org.hibernate.util.NamingHelper.getInitialContext(NamingHelper.java:28)
	at org.hibernate.impl.SessionFactoryObjectFactory.addInstance(SessionFactoryObjectFactory.java:89)
	at org.hibernate.impl.SessionFactoryImpl.<init>(SessionFactoryImpl.java:306)
	at org.hibernate.cfg.Configuration.buildSessionFactory(Configuration.java:1294)
	at org.hibernate.cfg.AnnotationConfiguration.buildSessionFactory(AnnotationConfiguration.java:915)
	at org.hibernate.ejb.Ejb3Configuration.buildEntityManagerFactory(Ejb3Configuration.java:730)
	at org.hibernate.ejb.HibernatePersistence.createEntityManagerFactory(HibernatePersistence.java:121)
	at javax.persistence.Persistence.createEntityManagerFactory(Persistence.java:51)
	at javax.persistence.Persistence.createEntityManagerFactory(Persistence.java:33)
	at com.topcoder.service.studio.contest.accuracytests.TestContestManagerBeanAccuracy.setUp(TestContestManagerBeanAccuracy.java:88)
	at junit.framework.TestCase.runBare(TestCase.java:132)
	at junit.framework.TestResult$1.protect(TestResult.java:110)
	at junit.framework.TestResult.runProtected(TestResult.java:128)
	at junit.framework.TestResult.run(TestResult.java:113)
	at junit.framework.TestCase.run(TestCase.java:124)
	at junit.framework.TestSuite.runTest(TestSuite.java:232)
	at junit.framework.TestSuite.run(TestSuite.java:227)
	at junit.framework.TestSuite.runTest(TestSuite.java:232)
	at junit.framework.TestSuite.run(TestSuite.java:227)
	at junit.framework.TestSuite.runTest(TestSuite.java:232)
	at junit.framework.TestSuite.run(TestSuite.java:227)
	at org.apache.tools.ant.taskdefs.optional.junit.JUnitTestRunner.run(JUnitTestRunner.java:421)
	at org.apache.tools.ant.taskdefs.optional.junit.JUnitTestRunner.launch(JUnitTestRunner.java:912)
	at org.apache.tools.ant.taskdefs.optional.junit.JUnitTestRunner.main(JUnitTestRunner.java:766)
Caused by: java.lang.ClassNotFoundException: org.jnp.interfaces.NamingContextFactory
	at java.net.URLClassLoader$1.run(URLClassLoader.java:200)
	at java.security.AccessController.doPrivileged(Native Method)
	at java.net.URLClassLoader.findClass(URLClassLoader.java:188)
	at java.lang.ClassLoader.loadClass(ClassLoader.java:306)
	at sun.misc.Launcher$AppClassLoader.loadClass(Launcher.java:268)
	at java.lang.ClassLoader.loadClass(ClassLoader.java:251)
	at java.lang.ClassLoader.loadClassInternal(ClassLoader.java:319)
	at java.lang.Class.forName0(Native Method)
	at java.lang.Class.forName(Class.java:242)
	at com.sun.naming.internal.VersionHelper12.loadClass(VersionHelper12.java:42)
	at javax.naming.spi.NamingManager.getInitialContext(NamingManager.java:654)
	... 27 more
Hibernate: select max(contest_status_id) from contest_status_lu
Hibernate: /* insert com.topcoder.service.studio.contest.ContestStatus */ insert into contest_status_lu (contest_status_desc, name, contest_status_id) values (?, ?, ?)
[Enter method: updateContestStatus()]
[param1: 1]
[Exit method: UpdateContestStatus()]
Hibernate: /* update com.topcoder.service.studio.contest.ContestStatus */ update contest_status_lu set contest_status_desc=?, name=? where contest_status_id=?
Can't call commit when autocommit=true
Can't call commit when autocommit=true
Can't call commit when autocommit=true
Can't call commit when autocommit=true
ERROR  getInitialContext, Could not obtain initial context
javax.naming.NoInitialContextException: Cannot instantiate class: org.jnp.interfaces.NamingContextFactory [Root exception is java.lang.ClassNotFoundException: org.jnp.interfaces.NamingContextFactory]
	at javax.naming.spi.NamingManager.getInitialContext(NamingManager.java:657)
	at javax.naming.InitialContext.getDefaultInitCtx(InitialContext.java:247)
	at javax.naming.InitialContext.init(InitialContext.java:223)
	at javax.naming.InitialContext.<init>(InitialContext.java:175)
	at org.hibernate.util.NamingHelper.getInitialContext(NamingHelper.java:28)
	at org.hibernate.impl.SessionFactoryObjectFactory.addInstance(SessionFactoryObjectFactory.java:89)
	at org.hibernate.impl.SessionFactoryImpl.<init>(SessionFactoryImpl.java:306)
	at org.hibernate.cfg.Configuration.buildSessionFactory(Configuration.java:1294)
	at org.hibernate.cfg.AnnotationConfiguration.buildSessionFactory(AnnotationConfiguration.java:915)
	at org.hibernate.ejb.Ejb3Configuration.buildEntityManagerFactory(Ejb3Configuration.java:730)
	at org.hibernate.ejb.HibernatePersistence.createEntityManagerFactory(HibernatePersistence.java:121)
	at javax.persistence.Persistence.createEntityManagerFactory(Persistence.java:51)
	at javax.persistence.Persistence.createEntityManagerFactory(Persistence.java:33)
	at com.topcoder.service.studio.contest.accuracytests.TestContestManagerBeanAccuracy.setUp(TestContestManagerBeanAccuracy.java:88)
	at junit.framework.TestCase.runBare(TestCase.java:132)
	at junit.framework.TestResult$1.protect(TestResult.java:110)
	at junit.framework.TestResult.runProtected(TestResult.java:128)
	at junit.framework.TestResult.run(TestResult.java:113)
	at junit.framework.TestCase.run(TestCase.java:124)
	at junit.framework.TestSuite.runTest(TestSuite.java:232)
	at junit.framework.TestSuite.run(TestSuite.java:227)
	at junit.framework.TestSuite.runTest(TestSuite.java:232)
	at junit.framework.TestSuite.run(TestSuite.java:227)
	at junit.framework.TestSuite.runTest(TestSuite.java:232)
	at junit.framework.TestSuite.run(TestSuite.java:227)
	at org.apache.tools.ant.taskdefs.optional.junit.JUnitTestRunner.run(JUnitTestRunner.java:421)
	at org.apache.tools.ant.taskdefs.optional.junit.JUnitTestRunner.launch(JUnitTestRunner.java:912)
	at org.apache.tools.ant.taskdefs.optional.junit.JUnitTestRunner.main(JUnitTestRunner.java:766)
Caused by: java.lang.ClassNotFoundException: org.jnp.interfaces.NamingContextFactory
	at java.net.URLClassLoader$1.run(URLClassLoader.java:200)
	at java.security.AccessController.doPrivileged(Native Method)
	at java.net.URLClassLoader.findClass(URLClassLoader.java:188)
	at java.lang.ClassLoader.loadClass(ClassLoader.java:306)
	at sun.misc.Launcher$AppClassLoader.loadClass(Launcher.java:268)
	at java.lang.ClassLoader.loadClass(ClassLoader.java:251)
	at java.lang.ClassLoader.loadClassInternal(ClassLoader.java:319)
	at java.lang.Class.forName0(Native Method)
	at java.lang.Class.forName(Class.java:242)
	at com.sun.naming.internal.VersionHelper12.loadClass(VersionHelper12.java:42)
	at javax.naming.spi.NamingManager.getInitialContext(NamingManager.java:654)
	... 27 more
WARN   addInstance, Could not bind factory to JNDI
javax.naming.NoInitialContextException: Cannot instantiate class: org.jnp.interfaces.NamingContextFactory [Root exception is java.lang.ClassNotFoundException: org.jnp.interfaces.NamingContextFactory]
	at javax.naming.spi.NamingManager.getInitialContext(NamingManager.java:657)
	at javax.naming.InitialContext.getDefaultInitCtx(InitialContext.java:247)
	at javax.naming.InitialContext.init(InitialContext.java:223)
	at javax.naming.InitialContext.<init>(InitialContext.java:175)
	at org.hibernate.util.NamingHelper.getInitialContext(NamingHelper.java:28)
	at org.hibernate.impl.SessionFactoryObjectFactory.addInstance(SessionFactoryObjectFactory.java:89)
	at org.hibernate.impl.SessionFactoryImpl.<init>(SessionFactoryImpl.java:306)
	at org.hibernate.cfg.Configuration.buildSessionFactory(Configuration.java:1294)
	at org.hibernate.cfg.AnnotationConfiguration.buildSessionFactory(AnnotationConfiguration.java:915)
	at org.hibernate.ejb.Ejb3Configuration.buildEntityManagerFactory(Ejb3Configuration.java:730)
	at org.hibernate.ejb.HibernatePersistence.createEntityManagerFactory(HibernatePersistence.java:121)
	at javax.persistence.Persistence.createEntityManagerFactory(Persistence.java:51)
	at javax.persistence.Persistence.createEntityManagerFactory(Persistence.java:33)
	at com.topcoder.service.studio.contest.accuracytests.TestContestManagerBeanAccuracy.setUp(TestContestManagerBeanAccuracy.java:88)
	at junit.framework.TestCase.runBare(TestCase.java:132)
	at junit.framework.TestResult$1.protect(TestResult.java:110)
	at junit.framework.TestResult.runProtected(TestResult.java:128)
	at junit.framework.TestResult.run(TestResult.java:113)
	at junit.framework.TestCase.run(TestCase.java:124)
	at junit.framework.TestSuite.runTest(TestSuite.java:232)
	at junit.framework.TestSuite.run(TestSuite.java:227)
	at junit.framework.TestSuite.runTest(TestSuite.java:232)
	at junit.framework.TestSuite.run(TestSuite.java:227)
	at junit.framework.TestSuite.runTest(TestSuite.java:232)
	at junit.framework.TestSuite.run(TestSuite.java:227)
	at org.apache.tools.ant.taskdefs.optional.junit.JUnitTestRunner.run(JUnitTestRunner.java:421)
	at org.apache.tools.ant.taskdefs.optional.junit.JUnitTestRunner.launch(JUnitTestRunner.java:912)
	at org.apache.tools.ant.taskdefs.optional.junit.JUnitTestRunner.main(JUnitTestRunner.java:766)
Caused by: java.lang.ClassNotFoundException: org.jnp.interfaces.NamingContextFactory
	at java.net.URLClassLoader$1.run(URLClassLoader.java:200)
	at java.security.AccessController.doPrivileged(Native Method)
	at java.net.URLClassLoader.findClass(URLClassLoader.java:188)
	at java.lang.ClassLoader.loadClass(ClassLoader.java:306)
	at sun.misc.Launcher$AppClassLoader.loadClass(Launcher.java:268)
	at java.lang.ClassLoader.loadClass(ClassLoader.java:251)
	at java.lang.ClassLoader.loadClassInternal(ClassLoader.java:319)
	at java.lang.Class.forName0(Native Method)
	at java.lang.Class.forName(Class.java:242)
	at com.sun.naming.internal.VersionHelper12.loadClass(VersionHelper12.java:42)
	at javax.naming.spi.NamingManager.getInitialContext(NamingManager.java:654)
	... 27 more
[Enter method: removeContestStatus()]
[param1: 100]
Hibernate: /* load com.topcoder.service.studio.contest.ContestStatus */ select conteststa0_.contest_status_id as contest1_1496_0_, conteststa0_.contest_status_desc as contest2_1496_0_, conteststa0_.name as name1496_0_ from contest_status_lu conteststa0_ where conteststa0_.contest_status_id=?
[Exit method: removeContestStatus()]
Can't call commit when autocommit=true
Can't call commit when autocommit=true
Can't call commit when autocommit=true
Can't call commit when autocommit=true
ERROR  getInitialContext, Could not obtain initial context
javax.naming.NoInitialContextException: Cannot instantiate class: org.jnp.interfaces.NamingContextFactory [Root exception is java.lang.ClassNotFoundException: org.jnp.interfaces.NamingContextFactory]
	at javax.naming.spi.NamingManager.getInitialContext(NamingManager.java:657)
	at javax.naming.InitialContext.getDefaultInitCtx(InitialContext.java:247)
	at javax.naming.InitialContext.init(InitialContext.java:223)
	at javax.naming.InitialContext.<init>(InitialContext.java:175)
	at org.hibernate.util.NamingHelper.getInitialContext(NamingHelper.java:28)
	at org.hibernate.impl.SessionFactoryObjectFactory.addInstance(SessionFactoryObjectFactory.java:89)
	at org.hibernate.impl.SessionFactoryImpl.<init>(SessionFactoryImpl.java:306)
	at org.hibernate.cfg.Configuration.buildSessionFactory(Configuration.java:1294)
	at org.hibernate.cfg.AnnotationConfiguration.buildSessionFactory(AnnotationConfiguration.java:915)
	at org.hibernate.ejb.Ejb3Configuration.buildEntityManagerFactory(Ejb3Configuration.java:730)
	at org.hibernate.ejb.HibernatePersistence.createEntityManagerFactory(HibernatePersistence.java:121)
	at javax.persistence.Persistence.createEntityManagerFactory(Persistence.java:51)
	at javax.persistence.Persistence.createEntityManagerFactory(Persistence.java:33)
	at com.topcoder.service.studio.contest.accuracytests.TestContestManagerBeanAccuracy.setUp(TestContestManagerBeanAccuracy.java:88)
	at junit.framework.TestCase.runBare(TestCase.java:132)
	at junit.framework.TestResult$1.protect(TestResult.java:110)
	at junit.framework.TestResult.runProtected(TestResult.java:128)
	at junit.framework.TestResult.run(TestResult.java:113)
	at junit.framework.TestCase.run(TestCase.java:124)
	at junit.framework.TestSuite.runTest(TestSuite.java:232)
	at junit.framework.TestSuite.run(TestSuite.java:227)
	at junit.framework.TestSuite.runTest(TestSuite.java:232)
	at junit.framework.TestSuite.run(TestSuite.java:227)
	at junit.framework.TestSuite.runTest(TestSuite.java:232)
	at junit.framework.TestSuite.run(TestSuite.java:227)
	at org.apache.tools.ant.taskdefs.optional.junit.JUnitTestRunner.run(JUnitTestRunner.java:421)
	at org.apache.tools.ant.taskdefs.optional.junit.JUnitTestRunner.launch(JUnitTestRunner.java:912)
	at org.apache.tools.ant.taskdefs.optional.junit.JUnitTestRunner.main(JUnitTestRunner.java:766)
Caused by: java.lang.ClassNotFoundException: org.jnp.interfaces.NamingContextFactory
	at java.net.URLClassLoader$1.run(URLClassLoader.java:200)
	at java.security.AccessController.doPrivileged(Native Method)
	at java.net.URLClassLoader.findClass(URLClassLoader.java:188)
	at java.lang.ClassLoader.loadClass(ClassLoader.java:306)
	at sun.misc.Launcher$AppClassLoader.loadClass(Launcher.java:268)
	at java.lang.ClassLoader.loadClass(ClassLoader.java:251)
	at java.lang.ClassLoader.loadClassInternal(ClassLoader.java:319)
	at java.lang.Class.forName0(Native Method)
	at java.lang.Class.forName(Class.java:242)
	at com.sun.naming.internal.VersionHelper12.loadClass(VersionHelper12.java:42)
	at javax.naming.spi.NamingManager.getInitialContext(NamingManager.java:654)
	... 27 more
WARN   addInstance, Could not bind factory to JNDI
javax.naming.NoInitialContextException: Cannot instantiate class: org.jnp.interfaces.NamingContextFactory [Root exception is java.lang.ClassNotFoundException: org.jnp.interfaces.NamingContextFactory]
	at javax.naming.spi.NamingManager.getInitialContext(NamingManager.java:657)
	at javax.naming.InitialContext.getDefaultInitCtx(InitialContext.java:247)
	at javax.naming.InitialContext.init(InitialContext.java:223)
	at javax.naming.InitialContext.<init>(InitialContext.java:175)
	at org.hibernate.util.NamingHelper.getInitialContext(NamingHelper.java:28)
	at org.hibernate.impl.SessionFactoryObjectFactory.addInstance(SessionFactoryObjectFactory.java:89)
	at org.hibernate.impl.SessionFactoryImpl.<init>(SessionFactoryImpl.java:306)
	at org.hibernate.cfg.Configuration.buildSessionFactory(Configuration.java:1294)
	at org.hibernate.cfg.AnnotationConfiguration.buildSessionFactory(AnnotationConfiguration.java:915)
	at org.hibernate.ejb.Ejb3Configuration.buildEntityManagerFactory(Ejb3Configuration.java:730)
	at org.hibernate.ejb.HibernatePersistence.createEntityManagerFactory(HibernatePersistence.java:121)
	at javax.persistence.Persistence.createEntityManagerFactory(Persistence.java:51)
	at javax.persistence.Persistence.createEntityManagerFactory(Persistence.java:33)
	at com.topcoder.service.studio.contest.accuracytests.TestContestManagerBeanAccuracy.setUp(TestContestManagerBeanAccuracy.java:88)
	at junit.framework.TestCase.runBare(TestCase.java:132)
	at junit.framework.TestResult$1.protect(TestResult.java:110)
	at junit.framework.TestResult.runProtected(TestResult.java:128)
	at junit.framework.TestResult.run(TestResult.java:113)
	at junit.framework.TestCase.run(TestCase.java:124)
	at junit.framework.TestSuite.runTest(TestSuite.java:232)
	at junit.framework.TestSuite.run(TestSuite.java:227)
	at junit.framework.TestSuite.runTest(TestSuite.java:232)
	at junit.framework.TestSuite.run(TestSuite.java:227)
	at junit.framework.TestSuite.runTest(TestSuite.java:232)
	at junit.framework.TestSuite.run(TestSuite.java:227)
	at org.apache.tools.ant.taskdefs.optional.junit.JUnitTestRunner.run(JUnitTestRunner.java:421)
	at org.apache.tools.ant.taskdefs.optional.junit.JUnitTestRunner.launch(JUnitTestRunner.java:912)
	at org.apache.tools.ant.taskdefs.optional.junit.JUnitTestRunner.main(JUnitTestRunner.java:766)
Caused by: java.lang.ClassNotFoundException: org.jnp.interfaces.NamingContextFactory
	at java.net.URLClassLoader$1.run(URLClassLoader.java:200)
	at java.security.AccessController.doPrivileged(Native Method)
	at java.net.URLClassLoader.findClass(URLClassLoader.java:188)
	at java.lang.ClassLoader.loadClass(ClassLoader.java:306)
	at sun.misc.Launcher$AppClassLoader.loadClass(Launcher.java:268)
	at java.lang.ClassLoader.loadClass(ClassLoader.java:251)
	at java.lang.ClassLoader.loadClassInternal(ClassLoader.java:319)
	at java.lang.Class.forName0(Native Method)
	at java.lang.Class.forName(Class.java:242)
	at com.sun.naming.internal.VersionHelper12.loadClass(VersionHelper12.java:42)
	at javax.naming.spi.NamingManager.getInitialContext(NamingManager.java:654)
	... 27 more
Hibernate: select max(contest_status_id) from contest_status_lu
Hibernate: /* insert com.topcoder.service.studio.contest.ContestStatus */ insert into contest_status_lu (contest_status_desc, name, contest_status_id) values (?, ?, ?)
[Enter method: removeContestStatus()]
[param1: 1]
[Exit method: removeContestStatus()]
Hibernate: /* delete com.topcoder.service.studio.contest.ContestStatus */ delete from contest_status_lu where contest_status_id=?
Can't call commit when autocommit=true
Can't call commit when autocommit=true
Can't call commit when autocommit=true
Can't call commit when autocommit=true
ERROR  getInitialContext, Could not obtain initial context
javax.naming.NoInitialContextException: Cannot instantiate class: org.jnp.interfaces.NamingContextFactory [Root exception is java.lang.ClassNotFoundException: org.jnp.interfaces.NamingContextFactory]
	at javax.naming.spi.NamingManager.getInitialContext(NamingManager.java:657)
	at javax.naming.InitialContext.getDefaultInitCtx(InitialContext.java:247)
	at javax.naming.InitialContext.init(InitialContext.java:223)
	at javax.naming.InitialContext.<init>(InitialContext.java:175)
	at org.hibernate.util.NamingHelper.getInitialContext(NamingHelper.java:28)
	at org.hibernate.impl.SessionFactoryObjectFactory.addInstance(SessionFactoryObjectFactory.java:89)
	at org.hibernate.impl.SessionFactoryImpl.<init>(SessionFactoryImpl.java:306)
	at org.hibernate.cfg.Configuration.buildSessionFactory(Configuration.java:1294)
	at org.hibernate.cfg.AnnotationConfiguration.buildSessionFactory(AnnotationConfiguration.java:915)
	at org.hibernate.ejb.Ejb3Configuration.buildEntityManagerFactory(Ejb3Configuration.java:730)
	at org.hibernate.ejb.HibernatePersistence.createEntityManagerFactory(HibernatePersistence.java:121)
	at javax.persistence.Persistence.createEntityManagerFactory(Persistence.java:51)
	at javax.persistence.Persistence.createEntityManagerFactory(Persistence.java:33)
	at com.topcoder.service.studio.contest.accuracytests.TestContestManagerBeanAccuracy.setUp(TestContestManagerBeanAccuracy.java:88)
	at junit.framework.TestCase.runBare(TestCase.java:132)
	at junit.framework.TestResult$1.protect(TestResult.java:110)
	at junit.framework.TestResult.runProtected(TestResult.java:128)
	at junit.framework.TestResult.run(TestResult.java:113)
	at junit.framework.TestCase.run(TestCase.java:124)
	at junit.framework.TestSuite.runTest(TestSuite.java:232)
	at junit.framework.TestSuite.run(TestSuite.java:227)
	at junit.framework.TestSuite.runTest(TestSuite.java:232)
	at junit.framework.TestSuite.run(TestSuite.java:227)
	at junit.framework.TestSuite.runTest(TestSuite.java:232)
	at junit.framework.TestSuite.run(TestSuite.java:227)
	at org.apache.tools.ant.taskdefs.optional.junit.JUnitTestRunner.run(JUnitTestRunner.java:421)
	at org.apache.tools.ant.taskdefs.optional.junit.JUnitTestRunner.launch(JUnitTestRunner.java:912)
	at org.apache.tools.ant.taskdefs.optional.junit.JUnitTestRunner.main(JUnitTestRunner.java:766)
Caused by: java.lang.ClassNotFoundException: org.jnp.interfaces.NamingContextFactory
	at java.net.URLClassLoader$1.run(URLClassLoader.java:200)
	at java.security.AccessController.doPrivileged(Native Method)
	at java.net.URLClassLoader.findClass(URLClassLoader.java:188)
	at java.lang.ClassLoader.loadClass(ClassLoader.java:306)
	at sun.misc.Launcher$AppClassLoader.loadClass(Launcher.java:268)
	at java.lang.ClassLoader.loadClass(ClassLoader.java:251)
	at java.lang.ClassLoader.loadClassInternal(ClassLoader.java:319)
	at java.lang.Class.forName0(Native Method)
	at java.lang.Class.forName(Class.java:242)
	at com.sun.naming.internal.VersionHelper12.loadClass(VersionHelper12.java:42)
	at javax.naming.spi.NamingManager.getInitialContext(NamingManager.java:654)
	... 27 more
WARN   addInstance, Could not bind factory to JNDI
javax.naming.NoInitialContextException: Cannot instantiate class: org.jnp.interfaces.NamingContextFactory [Root exception is java.lang.ClassNotFoundException: org.jnp.interfaces.NamingContextFactory]
	at javax.naming.spi.NamingManager.getInitialContext(NamingManager.java:657)
	at javax.naming.InitialContext.getDefaultInitCtx(InitialContext.java:247)
	at javax.naming.InitialContext.init(InitialContext.java:223)
	at javax.naming.InitialContext.<init>(InitialContext.java:175)
	at org.hibernate.util.NamingHelper.getInitialContext(NamingHelper.java:28)
	at org.hibernate.impl.SessionFactoryObjectFactory.addInstance(SessionFactoryObjectFactory.java:89)
	at org.hibernate.impl.SessionFactoryImpl.<init>(SessionFactoryImpl.java:306)
	at org.hibernate.cfg.Configuration.buildSessionFactory(Configuration.java:1294)
	at org.hibernate.cfg.AnnotationConfiguration.buildSessionFactory(AnnotationConfiguration.java:915)
	at org.hibernate.ejb.Ejb3Configuration.buildEntityManagerFactory(Ejb3Configuration.java:730)
	at org.hibernate.ejb.HibernatePersistence.createEntityManagerFactory(HibernatePersistence.java:121)
	at javax.persistence.Persistence.createEntityManagerFactory(Persistence.java:51)
	at javax.persistence.Persistence.createEntityManagerFactory(Persistence.java:33)
	at com.topcoder.service.studio.contest.accuracytests.TestContestManagerBeanAccuracy.setUp(TestContestManagerBeanAccuracy.java:88)
	at junit.framework.TestCase.runBare(TestCase.java:132)
	at junit.framework.TestResult$1.protect(TestResult.java:110)
	at junit.framework.TestResult.runProtected(TestResult.java:128)
	at junit.framework.TestResult.run(TestResult.java:113)
	at junit.framework.TestCase.run(TestCase.java:124)
	at junit.framework.TestSuite.runTest(TestSuite.java:232)
	at junit.framework.TestSuite.run(TestSuite.java:227)
	at junit.framework.TestSuite.runTest(TestSuite.java:232)
	at junit.framework.TestSuite.run(TestSuite.java:227)
	at junit.framework.TestSuite.runTest(TestSuite.java:232)
	at junit.framework.TestSuite.run(TestSuite.java:227)
	at org.apache.tools.ant.taskdefs.optional.junit.JUnitTestRunner.run(JUnitTestRunner.java:421)
	at org.apache.tools.ant.taskdefs.optional.junit.JUnitTestRunner.launch(JUnitTestRunner.java:912)
	at org.apache.tools.ant.taskdefs.optional.junit.JUnitTestRunner.main(JUnitTestRunner.java:766)
Caused by: java.lang.ClassNotFoundException: org.jnp.interfaces.NamingContextFactory
	at java.net.URLClassLoader$1.run(URLClassLoader.java:200)
	at java.security.AccessController.doPrivileged(Native Method)
	at java.net.URLClassLoader.findClass(URLClassLoader.java:188)
	at java.lang.ClassLoader.loadClass(ClassLoader.java:306)
	at sun.misc.Launcher$AppClassLoader.loadClass(Launcher.java:268)
	at java.lang.ClassLoader.loadClass(ClassLoader.java:251)
	at java.lang.ClassLoader.loadClassInternal(ClassLoader.java:319)
	at java.lang.Class.forName0(Native Method)
	at java.lang.Class.forName(Class.java:242)
	at com.sun.naming.internal.VersionHelper12.loadClass(VersionHelper12.java:42)
	at javax.naming.spi.NamingManager.getInitialContext(NamingManager.java:654)
	... 27 more
[Enter method: getContestStatus()]
[param1: 11,111]
Hibernate: /* load com.topcoder.service.studio.contest.ContestStatus */ select conteststa0_.contest_status_id as contest1_1598_0_, conteststa0_.contest_status_desc as contest2_1598_0_, conteststa0_.name as name1598_0_ from contest_status_lu conteststa0_ where conteststa0_.contest_status_id=?
[Exit method: getContestStatus()]
Can't call commit when autocommit=true
Can't call commit when autocommit=true
Can't call commit when autocommit=true
Can't call commit when autocommit=true
ERROR  getInitialContext, Could not obtain initial context
javax.naming.NoInitialContextException: Cannot instantiate class: org.jnp.interfaces.NamingContextFactory [Root exception is java.lang.ClassNotFoundException: org.jnp.interfaces.NamingContextFactory]
	at javax.naming.spi.NamingManager.getInitialContext(NamingManager.java:657)
	at javax.naming.InitialContext.getDefaultInitCtx(InitialContext.java:247)
	at javax.naming.InitialContext.init(InitialContext.java:223)
	at javax.naming.InitialContext.<init>(InitialContext.java:175)
	at org.hibernate.util.NamingHelper.getInitialContext(NamingHelper.java:28)
	at org.hibernate.impl.SessionFactoryObjectFactory.addInstance(SessionFactoryObjectFactory.java:89)
	at org.hibernate.impl.SessionFactoryImpl.<init>(SessionFactoryImpl.java:306)
	at org.hibernate.cfg.Configuration.buildSessionFactory(Configuration.java:1294)
	at org.hibernate.cfg.AnnotationConfiguration.buildSessionFactory(AnnotationConfiguration.java:915)
	at org.hibernate.ejb.Ejb3Configuration.buildEntityManagerFactory(Ejb3Configuration.java:730)
	at org.hibernate.ejb.HibernatePersistence.createEntityManagerFactory(HibernatePersistence.java:121)
	at javax.persistence.Persistence.createEntityManagerFactory(Persistence.java:51)
	at javax.persistence.Persistence.createEntityManagerFactory(Persistence.java:33)
	at com.topcoder.service.studio.contest.accuracytests.TestContestManagerBeanAccuracy.setUp(TestContestManagerBeanAccuracy.java:88)
	at junit.framework.TestCase.runBare(TestCase.java:132)
	at junit.framework.TestResult$1.protect(TestResult.java:110)
	at junit.framework.TestResult.runProtected(TestResult.java:128)
	at junit.framework.TestResult.run(TestResult.java:113)
	at junit.framework.TestCase.run(TestCase.java:124)
	at junit.framework.TestSuite.runTest(TestSuite.java:232)
	at junit.framework.TestSuite.run(TestSuite.java:227)
	at junit.framework.TestSuite.runTest(TestSuite.java:232)
	at junit.framework.TestSuite.run(TestSuite.java:227)
	at junit.framework.TestSuite.runTest(TestSuite.java:232)
	at junit.framework.TestSuite.run(TestSuite.java:227)
	at org.apache.tools.ant.taskdefs.optional.junit.JUnitTestRunner.run(JUnitTestRunner.java:421)
	at org.apache.tools.ant.taskdefs.optional.junit.JUnitTestRunner.launch(JUnitTestRunner.java:912)
	at org.apache.tools.ant.taskdefs.optional.junit.JUnitTestRunner.main(JUnitTestRunner.java:766)
Caused by: java.lang.ClassNotFoundException: org.jnp.interfaces.NamingContextFactory
	at java.net.URLClassLoader$1.run(URLClassLoader.java:200)
	at java.security.AccessController.doPrivileged(Native Method)
	at java.net.URLClassLoader.findClass(URLClassLoader.java:188)
	at java.lang.ClassLoader.loadClass(ClassLoader.java:306)
	at sun.misc.Launcher$AppClassLoader.loadClass(Launcher.java:268)
	at java.lang.ClassLoader.loadClass(ClassLoader.java:251)
	at java.lang.ClassLoader.loadClassInternal(ClassLoader.java:319)
	at java.lang.Class.forName0(Native Method)
	at java.lang.Class.forName(Class.java:242)
	at com.sun.naming.internal.VersionHelper12.loadClass(VersionHelper12.java:42)
	at javax.naming.spi.NamingManager.getInitialContext(NamingManager.java:654)
	... 27 more
WARN   addInstance, Could not bind factory to JNDI
javax.naming.NoInitialContextException: Cannot instantiate class: org.jnp.interfaces.NamingContextFactory [Root exception is java.lang.ClassNotFoundException: org.jnp.interfaces.NamingContextFactory]
	at javax.naming.spi.NamingManager.getInitialContext(NamingManager.java:657)
	at javax.naming.InitialContext.getDefaultInitCtx(InitialContext.java:247)
	at javax.naming.InitialContext.init(InitialContext.java:223)
	at javax.naming.InitialContext.<init>(InitialContext.java:175)
	at org.hibernate.util.NamingHelper.getInitialContext(NamingHelper.java:28)
	at org.hibernate.impl.SessionFactoryObjectFactory.addInstance(SessionFactoryObjectFactory.java:89)
	at org.hibernate.impl.SessionFactoryImpl.<init>(SessionFactoryImpl.java:306)
	at org.hibernate.cfg.Configuration.buildSessionFactory(Configuration.java:1294)
	at org.hibernate.cfg.AnnotationConfiguration.buildSessionFactory(AnnotationConfiguration.java:915)
	at org.hibernate.ejb.Ejb3Configuration.buildEntityManagerFactory(Ejb3Configuration.java:730)
	at org.hibernate.ejb.HibernatePersistence.createEntityManagerFactory(HibernatePersistence.java:121)
	at javax.persistence.Persistence.createEntityManagerFactory(Persistence.java:51)
	at javax.persistence.Persistence.createEntityManagerFactory(Persistence.java:33)
	at com.topcoder.service.studio.contest.accuracytests.TestContestManagerBeanAccuracy.setUp(TestContestManagerBeanAccuracy.java:88)
	at junit.framework.TestCase.runBare(TestCase.java:132)
	at junit.framework.TestResult$1.protect(TestResult.java:110)
	at junit.framework.TestResult.runProtected(TestResult.java:128)
	at junit.framework.TestResult.run(TestResult.java:113)
	at junit.framework.TestCase.run(TestCase.java:124)
	at junit.framework.TestSuite.runTest(TestSuite.java:232)
	at junit.framework.TestSuite.run(TestSuite.java:227)
	at junit.framework.TestSuite.runTest(TestSuite.java:232)
	at junit.framework.TestSuite.run(TestSuite.java:227)
	at junit.framework.TestSuite.runTest(TestSuite.java:232)
	at junit.framework.TestSuite.run(TestSuite.java:227)
	at org.apache.tools.ant.taskdefs.optional.junit.JUnitTestRunner.run(JUnitTestRunner.java:421)
	at org.apache.tools.ant.taskdefs.optional.junit.JUnitTestRunner.launch(JUnitTestRunner.java:912)
	at org.apache.tools.ant.taskdefs.optional.junit.JUnitTestRunner.main(JUnitTestRunner.java:766)
Caused by: java.lang.ClassNotFoundException: org.jnp.interfaces.NamingContextFactory
	at java.net.URLClassLoader$1.run(URLClassLoader.java:200)
	at java.security.AccessController.doPrivileged(Native Method)
	at java.net.URLClassLoader.findClass(URLClassLoader.java:188)
	at java.lang.ClassLoader.loadClass(ClassLoader.java:306)
	at sun.misc.Launcher$AppClassLoader.loadClass(Launcher.java:268)
	at java.lang.ClassLoader.loadClass(ClassLoader.java:251)
	at java.lang.ClassLoader.loadClassInternal(ClassLoader.java:319)
	at java.lang.Class.forName0(Native Method)
	at java.lang.Class.forName(Class.java:242)
	at com.sun.naming.internal.VersionHelper12.loadClass(VersionHelper12.java:42)
	at javax.naming.spi.NamingManager.getInitialContext(NamingManager.java:654)
	... 27 more
Hibernate: select max(contest_status_id) from contest_status_lu
Hibernate: /* insert com.topcoder.service.studio.contest.ContestStatus */ insert into contest_status_lu (contest_status_desc, name, contest_status_id) values (?, ?, ?)
[Enter method: getContestStatus()]
[param1: 1]
[Exit method: getContestStatus()]
Can't call commit when autocommit=true
Can't call commit when autocommit=true
Can't call commit when autocommit=true
Can't call commit when autocommit=true
ERROR  getInitialContext, Could not obtain initial context
javax.naming.NoInitialContextException: Cannot instantiate class: org.jnp.interfaces.NamingContextFactory [Root exception is java.lang.ClassNotFoundException: org.jnp.interfaces.NamingContextFactory]
	at javax.naming.spi.NamingManager.getInitialContext(NamingManager.java:657)
	at javax.naming.InitialContext.getDefaultInitCtx(InitialContext.java:247)
	at javax.naming.InitialContext.init(InitialContext.java:223)
	at javax.naming.InitialContext.<init>(InitialContext.java:175)
	at org.hibernate.util.NamingHelper.getInitialContext(NamingHelper.java:28)
	at org.hibernate.impl.SessionFactoryObjectFactory.addInstance(SessionFactoryObjectFactory.java:89)
	at org.hibernate.impl.SessionFactoryImpl.<init>(SessionFactoryImpl.java:306)
	at org.hibernate.cfg.Configuration.buildSessionFactory(Configuration.java:1294)
	at org.hibernate.cfg.AnnotationConfiguration.buildSessionFactory(AnnotationConfiguration.java:915)
	at org.hibernate.ejb.Ejb3Configuration.buildEntityManagerFactory(Ejb3Configuration.java:730)
	at org.hibernate.ejb.HibernatePersistence.createEntityManagerFactory(HibernatePersistence.java:121)
	at javax.persistence.Persistence.createEntityManagerFactory(Persistence.java:51)
	at javax.persistence.Persistence.createEntityManagerFactory(Persistence.java:33)
	at com.topcoder.service.studio.contest.accuracytests.TestContestManagerBeanAccuracy.setUp(TestContestManagerBeanAccuracy.java:88)
	at junit.framework.TestCase.runBare(TestCase.java:132)
	at junit.framework.TestResult$1.protect(TestResult.java:110)
	at junit.framework.TestResult.runProtected(TestResult.java:128)
	at junit.framework.TestResult.run(TestResult.java:113)
	at junit.framework.TestCase.run(TestCase.java:124)
	at junit.framework.TestSuite.runTest(TestSuite.java:232)
	at junit.framework.TestSuite.run(TestSuite.java:227)
	at junit.framework.TestSuite.runTest(TestSuite.java:232)
	at junit.framework.TestSuite.run(TestSuite.java:227)
	at junit.framework.TestSuite.runTest(TestSuite.java:232)
	at junit.framework.TestSuite.run(TestSuite.java:227)
	at org.apache.tools.ant.taskdefs.optional.junit.JUnitTestRunner.run(JUnitTestRunner.java:421)
	at org.apache.tools.ant.taskdefs.optional.junit.JUnitTestRunner.launch(JUnitTestRunner.java:912)
	at org.apache.tools.ant.taskdefs.optional.junit.JUnitTestRunner.main(JUnitTestRunner.java:766)
Caused by: java.lang.ClassNotFoundException: org.jnp.interfaces.NamingContextFactory
	at java.net.URLClassLoader$1.run(URLClassLoader.java:200)
	at java.security.AccessController.doPrivileged(Native Method)
	at java.net.URLClassLoader.findClass(URLClassLoader.java:188)
	at java.lang.ClassLoader.loadClass(ClassLoader.java:306)
	at sun.misc.Launcher$AppClassLoader.loadClass(Launcher.java:268)
	at java.lang.ClassLoader.loadClass(ClassLoader.java:251)
	at java.lang.ClassLoader.loadClassInternal(ClassLoader.java:319)
	at java.lang.Class.forName0(Native Method)
	at java.lang.Class.forName(Class.java:242)
	at com.sun.naming.internal.VersionHelper12.loadClass(VersionHelper12.java:42)
	at javax.naming.spi.NamingManager.getInitialContext(NamingManager.java:654)
	... 27 more
WARN   addInstance, Could not bind factory to JNDI
javax.naming.NoInitialContextException: Cannot instantiate class: org.jnp.interfaces.NamingContextFactory [Root exception is java.lang.ClassNotFoundException: org.jnp.interfaces.NamingContextFactory]
	at javax.naming.spi.NamingManager.getInitialContext(NamingManager.java:657)
	at javax.naming.InitialContext.getDefaultInitCtx(InitialContext.java:247)
	at javax.naming.InitialContext.init(InitialContext.java:223)
	at javax.naming.InitialContext.<init>(InitialContext.java:175)
	at org.hibernate.util.NamingHelper.getInitialContext(NamingHelper.java:28)
	at org.hibernate.impl.SessionFactoryObjectFactory.addInstance(SessionFactoryObjectFactory.java:89)
	at org.hibernate.impl.SessionFactoryImpl.<init>(SessionFactoryImpl.java:306)
	at org.hibernate.cfg.Configuration.buildSessionFactory(Configuration.java:1294)
	at org.hibernate.cfg.AnnotationConfiguration.buildSessionFactory(AnnotationConfiguration.java:915)
	at org.hibernate.ejb.Ejb3Configuration.buildEntityManagerFactory(Ejb3Configuration.java:730)
	at org.hibernate.ejb.HibernatePersistence.createEntityManagerFactory(HibernatePersistence.java:121)
	at javax.persistence.Persistence.createEntityManagerFactory(Persistence.java:51)
	at javax.persistence.Persistence.createEntityManagerFactory(Persistence.java:33)
	at com.topcoder.service.studio.contest.accuracytests.TestContestManagerBeanAccuracy.setUp(TestContestManagerBeanAccuracy.java:88)
	at junit.framework.TestCase.runBare(TestCase.java:132)
	at junit.framework.TestResult$1.protect(TestResult.java:110)
	at junit.framework.TestResult.runProtected(TestResult.java:128)
	at junit.framework.TestResult.run(TestResult.java:113)
	at junit.framework.TestCase.run(TestCase.java:124)
	at junit.framework.TestSuite.runTest(TestSuite.java:232)
	at junit.framework.TestSuite.run(TestSuite.java:227)
	at junit.framework.TestSuite.runTest(TestSuite.java:232)
	at junit.framework.TestSuite.run(TestSuite.java:227)
	at junit.framework.TestSuite.runTest(TestSuite.java:232)
	at junit.framework.TestSuite.run(TestSuite.java:227)
	at org.apache.tools.ant.taskdefs.optional.junit.JUnitTestRunner.run(JUnitTestRunner.java:421)
	at org.apache.tools.ant.taskdefs.optional.junit.JUnitTestRunner.launch(JUnitTestRunner.java:912)
	at org.apache.tools.ant.taskdefs.optional.junit.JUnitTestRunner.main(JUnitTestRunner.java:766)
Caused by: java.lang.ClassNotFoundException: org.jnp.interfaces.NamingContextFactory
	at java.net.URLClassLoader$1.run(URLClassLoader.java:200)
	at java.security.AccessController.doPrivileged(Native Method)
	at java.net.URLClassLoader.findClass(URLClassLoader.java:188)
	at java.lang.ClassLoader.loadClass(ClassLoader.java:306)
	at sun.misc.Launcher$AppClassLoader.loadClass(Launcher.java:268)
	at java.lang.ClassLoader.loadClass(ClassLoader.java:251)
	at java.lang.ClassLoader.loadClassInternal(ClassLoader.java:319)
	at java.lang.Class.forName0(Native Method)
	at java.lang.Class.forName(Class.java:242)
	at com.sun.naming.internal.VersionHelper12.loadClass(VersionHelper12.java:42)
	at javax.naming.spi.NamingManager.getInitialContext(NamingManager.java:654)
	... 27 more
[Enter method: getDocument()]
[param1: 1]
Hibernate: /* load com.topcoder.service.studio.contest.Document */ select document0_.document_id as document1_1706_0_, document0_.original_file_name as original2_1706_0_, document0_.system_file_name as system3_1706_0_, document0_.path_id as path4_1706_0_, document0_.mime_type_id as mime5_1706_0_, document0_.document_type_id as document6_1706_0_, document0_.create_date as create7_1706_0_ from document document0_ where document0_.document_id=?
[Exit method: getDocument()]
Can't call commit when autocommit=true
Can't call commit when autocommit=true
Can't call commit when autocommit=true
Can't call commit when autocommit=true
ERROR  getInitialContext, Could not obtain initial context
javax.naming.NoInitialContextException: Cannot instantiate class: org.jnp.interfaces.NamingContextFactory [Root exception is java.lang.ClassNotFoundException: org.jnp.interfaces.NamingContextFactory]
	at javax.naming.spi.NamingManager.getInitialContext(NamingManager.java:657)
	at javax.naming.InitialContext.getDefaultInitCtx(InitialContext.java:247)
	at javax.naming.InitialContext.init(InitialContext.java:223)
	at javax.naming.InitialContext.<init>(InitialContext.java:175)
	at org.hibernate.util.NamingHelper.getInitialContext(NamingHelper.java:28)
	at org.hibernate.impl.SessionFactoryObjectFactory.addInstance(SessionFactoryObjectFactory.java:89)
	at org.hibernate.impl.SessionFactoryImpl.<init>(SessionFactoryImpl.java:306)
	at org.hibernate.cfg.Configuration.buildSessionFactory(Configuration.java:1294)
	at org.hibernate.cfg.AnnotationConfiguration.buildSessionFactory(AnnotationConfiguration.java:915)
	at org.hibernate.ejb.Ejb3Configuration.buildEntityManagerFactory(Ejb3Configuration.java:730)
	at org.hibernate.ejb.HibernatePersistence.createEntityManagerFactory(HibernatePersistence.java:121)
	at javax.persistence.Persistence.createEntityManagerFactory(Persistence.java:51)
	at javax.persistence.Persistence.createEntityManagerFactory(Persistence.java:33)
	at com.topcoder.service.studio.contest.accuracytests.TestContestManagerBeanAccuracy.setUp(TestContestManagerBeanAccuracy.java:88)
	at junit.framework.TestCase.runBare(TestCase.java:132)
	at junit.framework.TestResult$1.protect(TestResult.java:110)
	at junit.framework.TestResult.runProtected(TestResult.java:128)
	at junit.framework.TestResult.run(TestResult.java:113)
	at junit.framework.TestCase.run(TestCase.java:124)
	at junit.framework.TestSuite.runTest(TestSuite.java:232)
	at junit.framework.TestSuite.run(TestSuite.java:227)
	at junit.framework.TestSuite.runTest(TestSuite.java:232)
	at junit.framework.TestSuite.run(TestSuite.java:227)
	at junit.framework.TestSuite.runTest(TestSuite.java:232)
	at junit.framework.TestSuite.run(TestSuite.java:227)
	at org.apache.tools.ant.taskdefs.optional.junit.JUnitTestRunner.run(JUnitTestRunner.java:421)
	at org.apache.tools.ant.taskdefs.optional.junit.JUnitTestRunner.launch(JUnitTestRunner.java:912)
	at org.apache.tools.ant.taskdefs.optional.junit.JUnitTestRunner.main(JUnitTestRunner.java:766)
Caused by: java.lang.ClassNotFoundException: org.jnp.interfaces.NamingContextFactory
	at java.net.URLClassLoader$1.run(URLClassLoader.java:200)
	at java.security.AccessController.doPrivileged(Native Method)
	at java.net.URLClassLoader.findClass(URLClassLoader.java:188)
	at java.lang.ClassLoader.loadClass(ClassLoader.java:306)
	at sun.misc.Launcher$AppClassLoader.loadClass(Launcher.java:268)
	at java.lang.ClassLoader.loadClass(ClassLoader.java:251)
	at java.lang.ClassLoader.loadClassInternal(ClassLoader.java:319)
	at java.lang.Class.forName0(Native Method)
	at java.lang.Class.forName(Class.java:242)
	at com.sun.naming.internal.VersionHelper12.loadClass(VersionHelper12.java:42)
	at javax.naming.spi.NamingManager.getInitialContext(NamingManager.java:654)
	... 27 more
WARN   addInstance, Could not bind factory to JNDI
javax.naming.NoInitialContextException: Cannot instantiate class: org.jnp.interfaces.NamingContextFactory [Root exception is java.lang.ClassNotFoundException: org.jnp.interfaces.NamingContextFactory]
	at javax.naming.spi.NamingManager.getInitialContext(NamingManager.java:657)
	at javax.naming.InitialContext.getDefaultInitCtx(InitialContext.java:247)
	at javax.naming.InitialContext.init(InitialContext.java:223)
	at javax.naming.InitialContext.<init>(InitialContext.java:175)
	at org.hibernate.util.NamingHelper.getInitialContext(NamingHelper.java:28)
	at org.hibernate.impl.SessionFactoryObjectFactory.addInstance(SessionFactoryObjectFactory.java:89)
	at org.hibernate.impl.SessionFactoryImpl.<init>(SessionFactoryImpl.java:306)
	at org.hibernate.cfg.Configuration.buildSessionFactory(Configuration.java:1294)
	at org.hibernate.cfg.AnnotationConfiguration.buildSessionFactory(AnnotationConfiguration.java:915)
	at org.hibernate.ejb.Ejb3Configuration.buildEntityManagerFactory(Ejb3Configuration.java:730)
	at org.hibernate.ejb.HibernatePersistence.createEntityManagerFactory(HibernatePersistence.java:121)
	at javax.persistence.Persistence.createEntityManagerFactory(Persistence.java:51)
	at javax.persistence.Persistence.createEntityManagerFactory(Persistence.java:33)
	at com.topcoder.service.studio.contest.accuracytests.TestContestManagerBeanAccuracy.setUp(TestContestManagerBeanAccuracy.java:88)
	at junit.framework.TestCase.runBare(TestCase.java:132)
	at junit.framework.TestResult$1.protect(TestResult.java:110)
	at junit.framework.TestResult.runProtected(TestResult.java:128)
	at junit.framework.TestResult.run(TestResult.java:113)
	at junit.framework.TestCase.run(TestCase.java:124)
	at junit.framework.TestSuite.runTest(TestSuite.java:232)
	at junit.framework.TestSuite.run(TestSuite.java:227)
	at junit.framework.TestSuite.runTest(TestSuite.java:232)
	at junit.framework.TestSuite.run(TestSuite.java:227)
	at junit.framework.TestSuite.runTest(TestSuite.java:232)
	at junit.framework.TestSuite.run(TestSuite.java:227)
	at org.apache.tools.ant.taskdefs.optional.junit.JUnitTestRunner.run(JUnitTestRunner.java:421)
	at org.apache.tools.ant.taskdefs.optional.junit.JUnitTestRunner.launch(JUnitTestRunner.java:912)
	at org.apache.tools.ant.taskdefs.optional.junit.JUnitTestRunner.main(JUnitTestRunner.java:766)
Caused by: java.lang.ClassNotFoundException: org.jnp.interfaces.NamingContextFactory
	at java.net.URLClassLoader$1.run(URLClassLoader.java:200)
	at java.security.AccessController.doPrivileged(Native Method)
	at java.net.URLClassLoader.findClass(URLClassLoader.java:188)
	at java.lang.ClassLoader.loadClass(ClassLoader.java:306)
	at sun.misc.Launcher$AppClassLoader.loadClass(Launcher.java:268)
	at java.lang.ClassLoader.loadClass(ClassLoader.java:251)
	at java.lang.ClassLoader.loadClassInternal(ClassLoader.java:319)
	at java.lang.Class.forName0(Native Method)
	at java.lang.Class.forName(Class.java:242)
	at com.sun.naming.internal.VersionHelper12.loadClass(VersionHelper12.java:42)
	at javax.naming.spi.NamingManager.getInitialContext(NamingManager.java:654)
	... 27 more
Hibernate: select max(file_type_id) from file_type_lu
Hibernate: select max(mime_type_id) from mime_type_lu
Hibernate: select max(path_id) from path
Hibernate: select max(document_type_id) from document_type_lu
Hibernate: select max(document_id) from document
Hibernate: /* insert com.topcoder.service.studio.contest.StudioFileType */ insert into file_type_lu (sort, image_file_ind, file_type_desc, extension, file_type_id) values (?, ?, ?, ?, ?)
Hibernate: /* insert com.topcoder.service.studio.contest.MimeType */ insert into mime_type_lu (mime_type_desc, file_type_id, mime_type_id) values (?, ?, ?)
Hibernate: /* insert com.topcoder.service.studio.contest.FilePath */ insert into path (path, modify_date, path_id) values (?, ?, ?)
Hibernate: /* insert com.topcoder.service.studio.contest.DocumentType */ insert into document_type_lu (document_type_desc, document_type_id) values (?, ?)
Hibernate: /* insert com.topcoder.service.studio.contest.Document */ insert into document (original_file_name, system_file_name, path_id, mime_type_id, document_type_id, create_date, document_id) values (?, ?, ?, ?, ?, ?, ?)
[Enter method: getDocument()]
[param1: 1]
[Exit method: getDocument()]
Can't call commit when autocommit=true
Can't call commit when autocommit=true
Can't call commit when autocommit=true
Can't call commit when autocommit=true
ERROR  getInitialContext, Could not obtain initial context
javax.naming.NoInitialContextException: Cannot instantiate class: org.jnp.interfaces.NamingContextFactory [Root exception is java.lang.ClassNotFoundException: org.jnp.interfaces.NamingContextFactory]
	at javax.naming.spi.NamingManager.getInitialContext(NamingManager.java:657)
	at javax.naming.InitialContext.getDefaultInitCtx(InitialContext.java:247)
	at javax.naming.InitialContext.init(InitialContext.java:223)
	at javax.naming.InitialContext.<init>(InitialContext.java:175)
	at org.hibernate.util.NamingHelper.getInitialContext(NamingHelper.java:28)
	at org.hibernate.impl.SessionFactoryObjectFactory.addInstance(SessionFactoryObjectFactory.java:89)
	at org.hibernate.impl.SessionFactoryImpl.<init>(SessionFactoryImpl.java:306)
	at org.hibernate.cfg.Configuration.buildSessionFactory(Configuration.java:1294)
	at org.hibernate.cfg.AnnotationConfiguration.buildSessionFactory(AnnotationConfiguration.java:915)
	at org.hibernate.ejb.Ejb3Configuration.buildEntityManagerFactory(Ejb3Configuration.java:730)
	at org.hibernate.ejb.HibernatePersistence.createEntityManagerFactory(HibernatePersistence.java:121)
	at javax.persistence.Persistence.createEntityManagerFactory(Persistence.java:51)
	at javax.persistence.Persistence.createEntityManagerFactory(Persistence.java:33)
	at com.topcoder.service.studio.contest.accuracytests.TestContestManagerBeanAccuracy.setUp(TestContestManagerBeanAccuracy.java:88)
	at junit.framework.TestCase.runBare(TestCase.java:132)
	at junit.framework.TestResult$1.protect(TestResult.java:110)
	at junit.framework.TestResult.runProtected(TestResult.java:128)
	at junit.framework.TestResult.run(TestResult.java:113)
	at junit.framework.TestCase.run(TestCase.java:124)
	at junit.framework.TestSuite.runTest(TestSuite.java:232)
	at junit.framework.TestSuite.run(TestSuite.java:227)
	at junit.framework.TestSuite.runTest(TestSuite.java:232)
	at junit.framework.TestSuite.run(TestSuite.java:227)
	at junit.framework.TestSuite.runTest(TestSuite.java:232)
	at junit.framework.TestSuite.run(TestSuite.java:227)
	at org.apache.tools.ant.taskdefs.optional.junit.JUnitTestRunner.run(JUnitTestRunner.java:421)
	at org.apache.tools.ant.taskdefs.optional.junit.JUnitTestRunner.launch(JUnitTestRunner.java:912)
	at org.apache.tools.ant.taskdefs.optional.junit.JUnitTestRunner.main(JUnitTestRunner.java:766)
Caused by: java.lang.ClassNotFoundException: org.jnp.interfaces.NamingContextFactory
	at java.net.URLClassLoader$1.run(URLClassLoader.java:200)
	at java.security.AccessController.doPrivileged(Native Method)
	at java.net.URLClassLoader.findClass(URLClassLoader.java:188)
	at java.lang.ClassLoader.loadClass(ClassLoader.java:306)
	at sun.misc.Launcher$AppClassLoader.loadClass(Launcher.java:268)
	at java.lang.ClassLoader.loadClass(ClassLoader.java:251)
	at java.lang.ClassLoader.loadClassInternal(ClassLoader.java:319)
	at java.lang.Class.forName0(Native Method)
	at java.lang.Class.forName(Class.java:242)
	at com.sun.naming.internal.VersionHelper12.loadClass(VersionHelper12.java:42)
	at javax.naming.spi.NamingManager.getInitialContext(NamingManager.java:654)
	... 27 more
WARN   addInstance, Could not bind factory to JNDI
javax.naming.NoInitialContextException: Cannot instantiate class: org.jnp.interfaces.NamingContextFactory [Root exception is java.lang.ClassNotFoundException: org.jnp.interfaces.NamingContextFactory]
	at javax.naming.spi.NamingManager.getInitialContext(NamingManager.java:657)
	at javax.naming.InitialContext.getDefaultInitCtx(InitialContext.java:247)
	at javax.naming.InitialContext.init(InitialContext.java:223)
	at javax.naming.InitialContext.<init>(InitialContext.java:175)
	at org.hibernate.util.NamingHelper.getInitialContext(NamingHelper.java:28)
	at org.hibernate.impl.SessionFactoryObjectFactory.addInstance(SessionFactoryObjectFactory.java:89)
	at org.hibernate.impl.SessionFactoryImpl.<init>(SessionFactoryImpl.java:306)
	at org.hibernate.cfg.Configuration.buildSessionFactory(Configuration.java:1294)
	at org.hibernate.cfg.AnnotationConfiguration.buildSessionFactory(AnnotationConfiguration.java:915)
	at org.hibernate.ejb.Ejb3Configuration.buildEntityManagerFactory(Ejb3Configuration.java:730)
	at org.hibernate.ejb.HibernatePersistence.createEntityManagerFactory(HibernatePersistence.java:121)
	at javax.persistence.Persistence.createEntityManagerFactory(Persistence.java:51)
	at javax.persistence.Persistence.createEntityManagerFactory(Persistence.java:33)
	at com.topcoder.service.studio.contest.accuracytests.TestContestManagerBeanAccuracy.setUp(TestContestManagerBeanAccuracy.java:88)
	at junit.framework.TestCase.runBare(TestCase.java:132)
	at junit.framework.TestResult$1.protect(TestResult.java:110)
	at junit.framework.TestResult.runProtected(TestResult.java:128)
	at junit.framework.TestResult.run(TestResult.java:113)
	at junit.framework.TestCase.run(TestCase.java:124)
	at junit.framework.TestSuite.runTest(TestSuite.java:232)
	at junit.framework.TestSuite.run(TestSuite.java:227)
	at junit.framework.TestSuite.runTest(TestSuite.java:232)
	at junit.framework.TestSuite.run(TestSuite.java:227)
	at junit.framework.TestSuite.runTest(TestSuite.java:232)
	at junit.framework.TestSuite.run(TestSuite.java:227)
	at org.apache.tools.ant.taskdefs.optional.junit.JUnitTestRunner.run(JUnitTestRunner.java:421)
	at org.apache.tools.ant.taskdefs.optional.junit.JUnitTestRunner.launch(JUnitTestRunner.java:912)
	at org.apache.tools.ant.taskdefs.optional.junit.JUnitTestRunner.main(JUnitTestRunner.java:766)
Caused by: java.lang.ClassNotFoundException: org.jnp.interfaces.NamingContextFactory
	at java.net.URLClassLoader$1.run(URLClassLoader.java:200)
	at java.security.AccessController.doPrivileged(Native Method)
	at java.net.URLClassLoader.findClass(URLClassLoader.java:188)
	at java.lang.ClassLoader.loadClass(ClassLoader.java:306)
	at sun.misc.Launcher$AppClassLoader.loadClass(Launcher.java:268)
	at java.lang.ClassLoader.loadClass(ClassLoader.java:251)
	at java.lang.ClassLoader.loadClassInternal(ClassLoader.java:319)
	at java.lang.Class.forName0(Native Method)
	at java.lang.Class.forName(Class.java:242)
	at com.sun.naming.internal.VersionHelper12.loadClass(VersionHelper12.java:42)
	at javax.naming.spi.NamingManager.getInitialContext(NamingManager.java:654)
	... 27 more
[Enter method: removeDocument()]
[param1: 1]
Hibernate: /* load com.topcoder.service.studio.contest.Document */ select document0_.document_id as document1_1808_0_, document0_.original_file_name as original2_1808_0_, document0_.system_file_name as system3_1808_0_, document0_.path_id as path4_1808_0_, document0_.mime_type_id as mime5_1808_0_, document0_.document_type_id as document6_1808_0_, document0_.create_date as create7_1808_0_ from document document0_ where document0_.document_id=?
[Exit method: removeDocument()]
Can't call commit when autocommit=true
Can't call commit when autocommit=true
Can't call commit when autocommit=true
Can't call commit when autocommit=true
ERROR  getInitialContext, Could not obtain initial context
javax.naming.NoInitialContextException: Cannot instantiate class: org.jnp.interfaces.NamingContextFactory [Root exception is java.lang.ClassNotFoundException: org.jnp.interfaces.NamingContextFactory]
	at javax.naming.spi.NamingManager.getInitialContext(NamingManager.java:657)
	at javax.naming.InitialContext.getDefaultInitCtx(InitialContext.java:247)
	at javax.naming.InitialContext.init(InitialContext.java:223)
	at javax.naming.InitialContext.<init>(InitialContext.java:175)
	at org.hibernate.util.NamingHelper.getInitialContext(NamingHelper.java:28)
	at org.hibernate.impl.SessionFactoryObjectFactory.addInstance(SessionFactoryObjectFactory.java:89)
	at org.hibernate.impl.SessionFactoryImpl.<init>(SessionFactoryImpl.java:306)
	at org.hibernate.cfg.Configuration.buildSessionFactory(Configuration.java:1294)
	at org.hibernate.cfg.AnnotationConfiguration.buildSessionFactory(AnnotationConfiguration.java:915)
	at org.hibernate.ejb.Ejb3Configuration.buildEntityManagerFactory(Ejb3Configuration.java:730)
	at org.hibernate.ejb.HibernatePersistence.createEntityManagerFactory(HibernatePersistence.java:121)
	at javax.persistence.Persistence.createEntityManagerFactory(Persistence.java:51)
	at javax.persistence.Persistence.createEntityManagerFactory(Persistence.java:33)
	at com.topcoder.service.studio.contest.accuracytests.TestContestManagerBeanAccuracy.setUp(TestContestManagerBeanAccuracy.java:88)
	at junit.framework.TestCase.runBare(TestCase.java:132)
	at junit.framework.TestResult$1.protect(TestResult.java:110)
	at junit.framework.TestResult.runProtected(TestResult.java:128)
	at junit.framework.TestResult.run(TestResult.java:113)
	at junit.framework.TestCase.run(TestCase.java:124)
	at junit.framework.TestSuite.runTest(TestSuite.java:232)
	at junit.framework.TestSuite.run(TestSuite.java:227)
	at junit.framework.TestSuite.runTest(TestSuite.java:232)
	at junit.framework.TestSuite.run(TestSuite.java:227)
	at junit.framework.TestSuite.runTest(TestSuite.java:232)
	at junit.framework.TestSuite.run(TestSuite.java:227)
	at org.apache.tools.ant.taskdefs.optional.junit.JUnitTestRunner.run(JUnitTestRunner.java:421)
	at org.apache.tools.ant.taskdefs.optional.junit.JUnitTestRunner.launch(JUnitTestRunner.java:912)
	at org.apache.tools.ant.taskdefs.optional.junit.JUnitTestRunner.main(JUnitTestRunner.java:766)
Caused by: java.lang.ClassNotFoundException: org.jnp.interfaces.NamingContextFactory
	at java.net.URLClassLoader$1.run(URLClassLoader.java:200)
	at java.security.AccessController.doPrivileged(Native Method)
	at java.net.URLClassLoader.findClass(URLClassLoader.java:188)
	at java.lang.ClassLoader.loadClass(ClassLoader.java:306)
	at sun.misc.Launcher$AppClassLoader.loadClass(Launcher.java:268)
	at java.lang.ClassLoader.loadClass(ClassLoader.java:251)
	at java.lang.ClassLoader.loadClassInternal(ClassLoader.java:319)
	at java.lang.Class.forName0(Native Method)
	at java.lang.Class.forName(Class.java:242)
	at com.sun.naming.internal.VersionHelper12.loadClass(VersionHelper12.java:42)
	at javax.naming.spi.NamingManager.getInitialContext(NamingManager.java:654)
	... 27 more
WARN   addInstance, Could not bind factory to JNDI
javax.naming.NoInitialContextException: Cannot instantiate class: org.jnp.interfaces.NamingContextFactory [Root exception is java.lang.ClassNotFoundException: org.jnp.interfaces.NamingContextFactory]
	at javax.naming.spi.NamingManager.getInitialContext(NamingManager.java:657)
	at javax.naming.InitialContext.getDefaultInitCtx(InitialContext.java:247)
	at javax.naming.InitialContext.init(InitialContext.java:223)
	at javax.naming.InitialContext.<init>(InitialContext.java:175)
	at org.hibernate.util.NamingHelper.getInitialContext(NamingHelper.java:28)
	at org.hibernate.impl.SessionFactoryObjectFactory.addInstance(SessionFactoryObjectFactory.java:89)
	at org.hibernate.impl.SessionFactoryImpl.<init>(SessionFactoryImpl.java:306)
	at org.hibernate.cfg.Configuration.buildSessionFactory(Configuration.java:1294)
	at org.hibernate.cfg.AnnotationConfiguration.buildSessionFactory(AnnotationConfiguration.java:915)
	at org.hibernate.ejb.Ejb3Configuration.buildEntityManagerFactory(Ejb3Configuration.java:730)
	at org.hibernate.ejb.HibernatePersistence.createEntityManagerFactory(HibernatePersistence.java:121)
	at javax.persistence.Persistence.createEntityManagerFactory(Persistence.java:51)
	at javax.persistence.Persistence.createEntityManagerFactory(Persistence.java:33)
	at com.topcoder.service.studio.contest.accuracytests.TestContestManagerBeanAccuracy.setUp(TestContestManagerBeanAccuracy.java:88)
	at junit.framework.TestCase.runBare(TestCase.java:132)
	at junit.framework.TestResult$1.protect(TestResult.java:110)
	at junit.framework.TestResult.runProtected(TestResult.java:128)
	at junit.framework.TestResult.run(TestResult.java:113)
	at junit.framework.TestCase.run(TestCase.java:124)
	at junit.framework.TestSuite.runTest(TestSuite.java:232)
	at junit.framework.TestSuite.run(TestSuite.java:227)
	at junit.framework.TestSuite.runTest(TestSuite.java:232)
	at junit.framework.TestSuite.run(TestSuite.java:227)
	at junit.framework.TestSuite.runTest(TestSuite.java:232)
	at junit.framework.TestSuite.run(TestSuite.java:227)
	at org.apache.tools.ant.taskdefs.optional.junit.JUnitTestRunner.run(JUnitTestRunner.java:421)
	at org.apache.tools.ant.taskdefs.optional.junit.JUnitTestRunner.launch(JUnitTestRunner.java:912)
	at org.apache.tools.ant.taskdefs.optional.junit.JUnitTestRunner.main(JUnitTestRunner.java:766)
Caused by: java.lang.ClassNotFoundException: org.jnp.interfaces.NamingContextFactory
	at java.net.URLClassLoader$1.run(URLClassLoader.java:200)
	at java.security.AccessController.doPrivileged(Native Method)
	at java.net.URLClassLoader.findClass(URLClassLoader.java:188)
	at java.lang.ClassLoader.loadClass(ClassLoader.java:306)
	at sun.misc.Launcher$AppClassLoader.loadClass(Launcher.java:268)
	at java.lang.ClassLoader.loadClass(ClassLoader.java:251)
	at java.lang.ClassLoader.loadClassInternal(ClassLoader.java:319)
	at java.lang.Class.forName0(Native Method)
	at java.lang.Class.forName(Class.java:242)
	at com.sun.naming.internal.VersionHelper12.loadClass(VersionHelper12.java:42)
	at javax.naming.spi.NamingManager.getInitialContext(NamingManager.java:654)
	... 27 more
Hibernate: select max(file_type_id) from file_type_lu
Hibernate: select max(mime_type_id) from mime_type_lu
Hibernate: select max(path_id) from path
Hibernate: select max(document_type_id) from document_type_lu
Hibernate: select max(document_id) from document
Hibernate: /* insert com.topcoder.service.studio.contest.StudioFileType */ insert into file_type_lu (sort, image_file_ind, file_type_desc, extension, file_type_id) values (?, ?, ?, ?, ?)
Hibernate: /* insert com.topcoder.service.studio.contest.MimeType */ insert into mime_type_lu (mime_type_desc, file_type_id, mime_type_id) values (?, ?, ?)
Hibernate: /* insert com.topcoder.service.studio.contest.FilePath */ insert into path (path, modify_date, path_id) values (?, ?, ?)
Hibernate: /* insert com.topcoder.service.studio.contest.DocumentType */ insert into document_type_lu (document_type_desc, document_type_id) values (?, ?)
Hibernate: /* insert com.topcoder.service.studio.contest.Document */ insert into document (original_file_name, system_file_name, path_id, mime_type_id, document_type_id, create_date, document_id) values (?, ?, ?, ?, ?, ?, ?)
[Enter method: removeDocument()]
[param1: 1]
[Exit method: removeDocument()]
Hibernate: /* delete com.topcoder.service.studio.contest.Document */ delete from document where document_id=?
Can't call commit when autocommit=true
Can't call commit when autocommit=true
Can't call commit when autocommit=true
Can't call commit when autocommit=true
ERROR  getInitialContext, Could not obtain initial context
javax.naming.NoInitialContextException: Cannot instantiate class: org.jnp.interfaces.NamingContextFactory [Root exception is java.lang.ClassNotFoundException: org.jnp.interfaces.NamingContextFactory]
	at javax.naming.spi.NamingManager.getInitialContext(NamingManager.java:657)
	at javax.naming.InitialContext.getDefaultInitCtx(InitialContext.java:247)
	at javax.naming.InitialContext.init(InitialContext.java:223)
	at javax.naming.InitialContext.<init>(InitialContext.java:175)
	at org.hibernate.util.NamingHelper.getInitialContext(NamingHelper.java:28)
	at org.hibernate.impl.SessionFactoryObjectFactory.addInstance(SessionFactoryObjectFactory.java:89)
	at org.hibernate.impl.SessionFactoryImpl.<init>(SessionFactoryImpl.java:306)
	at org.hibernate.cfg.Configuration.buildSessionFactory(Configuration.java:1294)
	at org.hibernate.cfg.AnnotationConfiguration.buildSessionFactory(AnnotationConfiguration.java:915)
	at org.hibernate.ejb.Ejb3Configuration.buildEntityManagerFactory(Ejb3Configuration.java:730)
	at org.hibernate.ejb.HibernatePersistence.createEntityManagerFactory(HibernatePersistence.java:121)
	at javax.persistence.Persistence.createEntityManagerFactory(Persistence.java:51)
	at javax.persistence.Persistence.createEntityManagerFactory(Persistence.java:33)
	at com.topcoder.service.studio.contest.accuracytests.TestContestManagerBeanAccuracy.setUp(TestContestManagerBeanAccuracy.java:88)
	at junit.framework.TestCase.runBare(TestCase.java:132)
	at junit.framework.TestResult$1.protect(TestResult.java:110)
	at junit.framework.TestResult.runProtected(TestResult.java:128)
	at junit.framework.TestResult.run(TestResult.java:113)
	at junit.framework.TestCase.run(TestCase.java:124)
	at junit.framework.TestSuite.runTest(TestSuite.java:232)
	at junit.framework.TestSuite.run(TestSuite.java:227)
	at junit.framework.TestSuite.runTest(TestSuite.java:232)
	at junit.framework.TestSuite.run(TestSuite.java:227)
	at junit.framework.TestSuite.runTest(TestSuite.java:232)
	at junit.framework.TestSuite.run(TestSuite.java:227)
	at org.apache.tools.ant.taskdefs.optional.junit.JUnitTestRunner.run(JUnitTestRunner.java:421)
	at org.apache.tools.ant.taskdefs.optional.junit.JUnitTestRunner.launch(JUnitTestRunner.java:912)
	at org.apache.tools.ant.taskdefs.optional.junit.JUnitTestRunner.main(JUnitTestRunner.java:766)
Caused by: java.lang.ClassNotFoundException: org.jnp.interfaces.NamingContextFactory
	at java.net.URLClassLoader$1.run(URLClassLoader.java:200)
	at java.security.AccessController.doPrivileged(Native Method)
	at java.net.URLClassLoader.findClass(URLClassLoader.java:188)
	at java.lang.ClassLoader.loadClass(ClassLoader.java:306)
	at sun.misc.Launcher$AppClassLoader.loadClass(Launcher.java:268)
	at java.lang.ClassLoader.loadClass(ClassLoader.java:251)
	at java.lang.ClassLoader.loadClassInternal(ClassLoader.java:319)
	at java.lang.Class.forName0(Native Method)
	at java.lang.Class.forName(Class.java:242)
	at com.sun.naming.internal.VersionHelper12.loadClass(VersionHelper12.java:42)
	at javax.naming.spi.NamingManager.getInitialContext(NamingManager.java:654)
	... 27 more
WARN   addInstance, Could not bind factory to JNDI
javax.naming.NoInitialContextException: Cannot instantiate class: org.jnp.interfaces.NamingContextFactory [Root exception is java.lang.ClassNotFoundException: org.jnp.interfaces.NamingContextFactory]
	at javax.naming.spi.NamingManager.getInitialContext(NamingManager.java:657)
	at javax.naming.InitialContext.getDefaultInitCtx(InitialContext.java:247)
	at javax.naming.InitialContext.init(InitialContext.java:223)
	at javax.naming.InitialContext.<init>(InitialContext.java:175)
	at org.hibernate.util.NamingHelper.getInitialContext(NamingHelper.java:28)
	at org.hibernate.impl.SessionFactoryObjectFactory.addInstance(SessionFactoryObjectFactory.java:89)
	at org.hibernate.impl.SessionFactoryImpl.<init>(SessionFactoryImpl.java:306)
	at org.hibernate.cfg.Configuration.buildSessionFactory(Configuration.java:1294)
	at org.hibernate.cfg.AnnotationConfiguration.buildSessionFactory(AnnotationConfiguration.java:915)
	at org.hibernate.ejb.Ejb3Configuration.buildEntityManagerFactory(Ejb3Configuration.java:730)
	at org.hibernate.ejb.HibernatePersistence.createEntityManagerFactory(HibernatePersistence.java:121)
	at javax.persistence.Persistence.createEntityManagerFactory(Persistence.java:51)
	at javax.persistence.Persistence.createEntityManagerFactory(Persistence.java:33)
	at com.topcoder.service.studio.contest.accuracytests.TestContestManagerBeanAccuracy.setUp(TestContestManagerBeanAccuracy.java:88)
	at junit.framework.TestCase.runBare(TestCase.java:132)
	at junit.framework.TestResult$1.protect(TestResult.java:110)
	at junit.framework.TestResult.runProtected(TestResult.java:128)
	at junit.framework.TestResult.run(TestResult.java:113)
	at junit.framework.TestCase.run(TestCase.java:124)
	at junit.framework.TestSuite.runTest(TestSuite.java:232)
	at junit.framework.TestSuite.run(TestSuite.java:227)
	at junit.framework.TestSuite.runTest(TestSuite.java:232)
	at junit.framework.TestSuite.run(TestSuite.java:227)
	at junit.framework.TestSuite.runTest(TestSuite.java:232)
	at junit.framework.TestSuite.run(TestSuite.java:227)
	at org.apache.tools.ant.taskdefs.optional.junit.JUnitTestRunner.run(JUnitTestRunner.java:421)
	at org.apache.tools.ant.taskdefs.optional.junit.JUnitTestRunner.launch(JUnitTestRunner.java:912)
	at org.apache.tools.ant.taskdefs.optional.junit.JUnitTestRunner.main(JUnitTestRunner.java:766)
Caused by: java.lang.ClassNotFoundException: org.jnp.interfaces.NamingContextFactory
	at java.net.URLClassLoader$1.run(URLClassLoader.java:200)
	at java.security.AccessController.doPrivileged(Native Method)
	at java.net.URLClassLoader.findClass(URLClassLoader.java:188)
	at java.lang.ClassLoader.loadClass(ClassLoader.java:306)
	at sun.misc.Launcher$AppClassLoader.loadClass(Launcher.java:268)
	at java.lang.ClassLoader.loadClass(ClassLoader.java:251)
	at java.lang.ClassLoader.loadClassInternal(ClassLoader.java:319)
	at java.lang.Class.forName0(Native Method)
	at java.lang.Class.forName(Class.java:242)
	at com.sun.naming.internal.VersionHelper12.loadClass(VersionHelper12.java:42)
	at javax.naming.spi.NamingManager.getInitialContext(NamingManager.java:654)
	... 27 more
Hibernate: select max(file_type_id) from file_type_lu
Hibernate: select max(mime_type_id) from mime_type_lu
Hibernate: select max(path_id) from path
Hibernate: select max(document_type_id) from document_type_lu
Hibernate: select max(document_id) from document
Hibernate: /* insert com.topcoder.service.studio.contest.StudioFileType */ insert into file_type_lu (sort, image_file_ind, file_type_desc, extension, file_type_id) values (?, ?, ?, ?, ?)
Hibernate: /* insert com.topcoder.service.studio.contest.MimeType */ insert into mime_type_lu (mime_type_desc, file_type_id, mime_type_id) values (?, ?, ?)
Hibernate: /* insert com.topcoder.service.studio.contest.FilePath */ insert into path (path, modify_date, path_id) values (?, ?, ?)
Hibernate: /* insert com.topcoder.service.studio.contest.DocumentType */ insert into document_type_lu (document_type_desc, document_type_id) values (?, ?)
Hibernate: /* insert com.topcoder.service.studio.contest.Document */ insert into document (original_file_name, system_file_name, path_id, mime_type_id, document_type_id, create_date, document_id) values (?, ?, ?, ?, ?, ?, ?)
Hibernate: select max(contest_channel_id) from contest_channel_lu
Hibernate: select max(contest_type_id) from contest_type_lu
Hibernate: select max(contest_status_id) from contest_status_lu
Hibernate: select max(contest_id) from contest
Hibernate: /* insert com.topcoder.service.studio.contest.StudioFileType */ insert into file_type_lu (sort, image_file_ind, file_type_desc, extension, file_type_id) values (?, ?, ?, ?, ?)
Hibernate: /* insert com.topcoder.service.studio.contest.ContestChannel */ insert into contest_channel_lu (channel_description, file_type_id, channel_name, parent_channel, contest_channel_id) values (?, ?, ?, ?, ?)
Hibernate: /* insert com.topcoder.service.studio.contest.ContestType */ insert into contest_type_lu (contest_type_desc, require_preview_file, require_preview_image, contest_type_id) values (?, ?, ?, ?)
Hibernate: /* insert com.topcoder.service.studio.contest.ContestStatus */ insert into contest_status_lu (contest_status_desc, name, contest_status_id) values (?, ?, ?)
Hibernate: /* insert com.topcoder.service.studio.contest.Contest */ insert into contest (contest_channel_id, name, contest_type_id, project_id, tc_direct_project_id, contest_status_id, forum_id, event_id, start_time, end_date, winner_annoucement_deadline, creator_user_id, contest_id) values (?, ?, ?, ?, ?, ?, ?, ?, ?, ?, ?, ?, ?)
[Enter method: removeDocumentFromContest()]
[param1: 1, param2: 1]
[Exit method: removeDocumentFromContest()]
Can't call commit when autocommit=true
Can't call commit when autocommit=true
Can't call commit when autocommit=true
Can't call commit when autocommit=true
ERROR  getInitialContext, Could not obtain initial context
javax.naming.NoInitialContextException: Cannot instantiate class: org.jnp.interfaces.NamingContextFactory [Root exception is java.lang.ClassNotFoundException: org.jnp.interfaces.NamingContextFactory]
	at javax.naming.spi.NamingManager.getInitialContext(NamingManager.java:657)
	at javax.naming.InitialContext.getDefaultInitCtx(InitialContext.java:247)
	at javax.naming.InitialContext.init(InitialContext.java:223)
	at javax.naming.InitialContext.<init>(InitialContext.java:175)
	at org.hibernate.util.NamingHelper.getInitialContext(NamingHelper.java:28)
	at org.hibernate.impl.SessionFactoryObjectFactory.addInstance(SessionFactoryObjectFactory.java:89)
	at org.hibernate.impl.SessionFactoryImpl.<init>(SessionFactoryImpl.java:306)
	at org.hibernate.cfg.Configuration.buildSessionFactory(Configuration.java:1294)
	at org.hibernate.cfg.AnnotationConfiguration.buildSessionFactory(AnnotationConfiguration.java:915)
	at org.hibernate.ejb.Ejb3Configuration.buildEntityManagerFactory(Ejb3Configuration.java:730)
	at org.hibernate.ejb.HibernatePersistence.createEntityManagerFactory(HibernatePersistence.java:121)
	at javax.persistence.Persistence.createEntityManagerFactory(Persistence.java:51)
	at javax.persistence.Persistence.createEntityManagerFactory(Persistence.java:33)
	at com.topcoder.service.studio.contest.accuracytests.TestContestManagerBeanAccuracy.setUp(TestContestManagerBeanAccuracy.java:88)
	at junit.framework.TestCase.runBare(TestCase.java:132)
	at junit.framework.TestResult$1.protect(TestResult.java:110)
	at junit.framework.TestResult.runProtected(TestResult.java:128)
	at junit.framework.TestResult.run(TestResult.java:113)
	at junit.framework.TestCase.run(TestCase.java:124)
	at junit.framework.TestSuite.runTest(TestSuite.java:232)
	at junit.framework.TestSuite.run(TestSuite.java:227)
	at junit.framework.TestSuite.runTest(TestSuite.java:232)
	at junit.framework.TestSuite.run(TestSuite.java:227)
	at junit.framework.TestSuite.runTest(TestSuite.java:232)
	at junit.framework.TestSuite.run(TestSuite.java:227)
	at org.apache.tools.ant.taskdefs.optional.junit.JUnitTestRunner.run(JUnitTestRunner.java:421)
	at org.apache.tools.ant.taskdefs.optional.junit.JUnitTestRunner.launch(JUnitTestRunner.java:912)
	at org.apache.tools.ant.taskdefs.optional.junit.JUnitTestRunner.main(JUnitTestRunner.java:766)
Caused by: java.lang.ClassNotFoundException: org.jnp.interfaces.NamingContextFactory
	at java.net.URLClassLoader$1.run(URLClassLoader.java:200)
	at java.security.AccessController.doPrivileged(Native Method)
	at java.net.URLClassLoader.findClass(URLClassLoader.java:188)
	at java.lang.ClassLoader.loadClass(ClassLoader.java:306)
	at sun.misc.Launcher$AppClassLoader.loadClass(Launcher.java:268)
	at java.lang.ClassLoader.loadClass(ClassLoader.java:251)
	at java.lang.ClassLoader.loadClassInternal(ClassLoader.java:319)
	at java.lang.Class.forName0(Native Method)
	at java.lang.Class.forName(Class.java:242)
	at com.sun.naming.internal.VersionHelper12.loadClass(VersionHelper12.java:42)
	at javax.naming.spi.NamingManager.getInitialContext(NamingManager.java:654)
	... 27 more
WARN   addInstance, Could not bind factory to JNDI
javax.naming.NoInitialContextException: Cannot instantiate class: org.jnp.interfaces.NamingContextFactory [Root exception is java.lang.ClassNotFoundException: org.jnp.interfaces.NamingContextFactory]
	at javax.naming.spi.NamingManager.getInitialContext(NamingManager.java:657)
	at javax.naming.InitialContext.getDefaultInitCtx(InitialContext.java:247)
	at javax.naming.InitialContext.init(InitialContext.java:223)
	at javax.naming.InitialContext.<init>(InitialContext.java:175)
	at org.hibernate.util.NamingHelper.getInitialContext(NamingHelper.java:28)
	at org.hibernate.impl.SessionFactoryObjectFactory.addInstance(SessionFactoryObjectFactory.java:89)
	at org.hibernate.impl.SessionFactoryImpl.<init>(SessionFactoryImpl.java:306)
	at org.hibernate.cfg.Configuration.buildSessionFactory(Configuration.java:1294)
	at org.hibernate.cfg.AnnotationConfiguration.buildSessionFactory(AnnotationConfiguration.java:915)
	at org.hibernate.ejb.Ejb3Configuration.buildEntityManagerFactory(Ejb3Configuration.java:730)
	at org.hibernate.ejb.HibernatePersistence.createEntityManagerFactory(HibernatePersistence.java:121)
	at javax.persistence.Persistence.createEntityManagerFactory(Persistence.java:51)
	at javax.persistence.Persistence.createEntityManagerFactory(Persistence.java:33)
	at com.topcoder.service.studio.contest.accuracytests.TestContestManagerBeanAccuracy.setUp(TestContestManagerBeanAccuracy.java:88)
	at junit.framework.TestCase.runBare(TestCase.java:132)
	at junit.framework.TestResult$1.protect(TestResult.java:110)
	at junit.framework.TestResult.runProtected(TestResult.java:128)
	at junit.framework.TestResult.run(TestResult.java:113)
	at junit.framework.TestCase.run(TestCase.java:124)
	at junit.framework.TestSuite.runTest(TestSuite.java:232)
	at junit.framework.TestSuite.run(TestSuite.java:227)
	at junit.framework.TestSuite.runTest(TestSuite.java:232)
	at junit.framework.TestSuite.run(TestSuite.java:227)
	at junit.framework.TestSuite.runTest(TestSuite.java:232)
	at junit.framework.TestSuite.run(TestSuite.java:227)
	at org.apache.tools.ant.taskdefs.optional.junit.JUnitTestRunner.run(JUnitTestRunner.java:421)
	at org.apache.tools.ant.taskdefs.optional.junit.JUnitTestRunner.launch(JUnitTestRunner.java:912)
	at org.apache.tools.ant.taskdefs.optional.junit.JUnitTestRunner.main(JUnitTestRunner.java:766)
Caused by: java.lang.ClassNotFoundException: org.jnp.interfaces.NamingContextFactory
	at java.net.URLClassLoader$1.run(URLClassLoader.java:200)
	at java.security.AccessController.doPrivileged(Native Method)
	at java.net.URLClassLoader.findClass(URLClassLoader.java:188)
	at java.lang.ClassLoader.loadClass(ClassLoader.java:306)
	at sun.misc.Launcher$AppClassLoader.loadClass(Launcher.java:268)
	at java.lang.ClassLoader.loadClass(ClassLoader.java:251)
	at java.lang.ClassLoader.loadClassInternal(ClassLoader.java:319)
	at java.lang.Class.forName0(Native Method)
	at java.lang.Class.forName(Class.java:242)
	at com.sun.naming.internal.VersionHelper12.loadClass(VersionHelper12.java:42)
	at javax.naming.spi.NamingManager.getInitialContext(NamingManager.java:654)
	... 27 more
Hibernate: select max(file_type_id) from file_type_lu
Hibernate: select max(mime_type_id) from mime_type_lu
Hibernate: select max(path_id) from path
Hibernate: select max(document_type_id) from document_type_lu
Hibernate: select max(document_id) from document
Hibernate: /* insert com.topcoder.service.studio.contest.StudioFileType */ insert into file_type_lu (sort, image_file_ind, file_type_desc, extension, file_type_id) values (?, ?, ?, ?, ?)
Hibernate: /* insert com.topcoder.service.studio.contest.MimeType */ insert into mime_type_lu (mime_type_desc, file_type_id, mime_type_id) values (?, ?, ?)
Hibernate: /* insert com.topcoder.service.studio.contest.FilePath */ insert into path (path, modify_date, path_id) values (?, ?, ?)
Hibernate: /* insert com.topcoder.service.studio.contest.DocumentType */ insert into document_type_lu (document_type_desc, document_type_id) values (?, ?)
Hibernate: /* insert com.topcoder.service.studio.contest.Document */ insert into document (original_file_name, system_file_name, path_id, mime_type_id, document_type_id, create_date, document_id) values (?, ?, ?, ?, ?, ?, ?)
Hibernate: select max(contest_channel_id) from contest_channel_lu
Hibernate: select max(contest_type_id) from contest_type_lu
Hibernate: select max(contest_status_id) from contest_status_lu
Hibernate: select max(contest_id) from contest
Hibernate: /* insert com.topcoder.service.studio.contest.StudioFileType */ insert into file_type_lu (sort, image_file_ind, file_type_desc, extension, file_type_id) values (?, ?, ?, ?, ?)
Hibernate: /* insert com.topcoder.service.studio.contest.ContestChannel */ insert into contest_channel_lu (channel_description, file_type_id, channel_name, parent_channel, contest_channel_id) values (?, ?, ?, ?, ?)
Hibernate: /* insert com.topcoder.service.studio.contest.ContestType */ insert into contest_type_lu (contest_type_desc, require_preview_file, require_preview_image, contest_type_id) values (?, ?, ?, ?)
Hibernate: /* insert com.topcoder.service.studio.contest.ContestStatus */ insert into contest_status_lu (contest_status_desc, name, contest_status_id) values (?, ?, ?)
Hibernate: /* insert com.topcoder.service.studio.contest.Contest */ insert into contest (contest_channel_id, name, contest_type_id, project_id, tc_direct_project_id, contest_status_id, forum_id, event_id, start_time, end_date, winner_annoucement_deadline, creator_user_id, contest_id) values (?, ?, ?, ?, ?, ?, ?, ?, ?, ?, ?, ?, ?)
[Enter method: addDocumentToContest()]
[param1: 1, param2: 1]
[Exit method: addDocumentToContest()]
[Enter method: removeDocumentFromContest()]
[param1: 1, param2: 1]
[Exit method: removeDocumentFromContest()]
Can't call commit when autocommit=true
Can't call commit when autocommit=true
Can't call commit when autocommit=true
Can't call commit when autocommit=true
ERROR  getInitialContext, Could not obtain initial context
javax.naming.NoInitialContextException: Cannot instantiate class: org.jnp.interfaces.NamingContextFactory [Root exception is java.lang.ClassNotFoundException: org.jnp.interfaces.NamingContextFactory]
	at javax.naming.spi.NamingManager.getInitialContext(NamingManager.java:657)
	at javax.naming.InitialContext.getDefaultInitCtx(InitialContext.java:247)
	at javax.naming.InitialContext.init(InitialContext.java:223)
	at javax.naming.InitialContext.<init>(InitialContext.java:175)
	at org.hibernate.util.NamingHelper.getInitialContext(NamingHelper.java:28)
	at org.hibernate.impl.SessionFactoryObjectFactory.addInstance(SessionFactoryObjectFactory.java:89)
	at org.hibernate.impl.SessionFactoryImpl.<init>(SessionFactoryImpl.java:306)
	at org.hibernate.cfg.Configuration.buildSessionFactory(Configuration.java:1294)
	at org.hibernate.cfg.AnnotationConfiguration.buildSessionFactory(AnnotationConfiguration.java:915)
	at org.hibernate.ejb.Ejb3Configuration.buildEntityManagerFactory(Ejb3Configuration.java:730)
	at org.hibernate.ejb.HibernatePersistence.createEntityManagerFactory(HibernatePersistence.java:121)
	at javax.persistence.Persistence.createEntityManagerFactory(Persistence.java:51)
	at javax.persistence.Persistence.createEntityManagerFactory(Persistence.java:33)
	at com.topcoder.service.studio.contest.accuracytests.TestContestManagerBeanAccuracy.setUp(TestContestManagerBeanAccuracy.java:88)
	at junit.framework.TestCase.runBare(TestCase.java:132)
	at junit.framework.TestResult$1.protect(TestResult.java:110)
	at junit.framework.TestResult.runProtected(TestResult.java:128)
	at junit.framework.TestResult.run(TestResult.java:113)
	at junit.framework.TestCase.run(TestCase.java:124)
	at junit.framework.TestSuite.runTest(TestSuite.java:232)
	at junit.framework.TestSuite.run(TestSuite.java:227)
	at junit.framework.TestSuite.runTest(TestSuite.java:232)
	at junit.framework.TestSuite.run(TestSuite.java:227)
	at junit.framework.TestSuite.runTest(TestSuite.java:232)
	at junit.framework.TestSuite.run(TestSuite.java:227)
	at org.apache.tools.ant.taskdefs.optional.junit.JUnitTestRunner.run(JUnitTestRunner.java:421)
	at org.apache.tools.ant.taskdefs.optional.junit.JUnitTestRunner.launch(JUnitTestRunner.java:912)
	at org.apache.tools.ant.taskdefs.optional.junit.JUnitTestRunner.main(JUnitTestRunner.java:766)
Caused by: java.lang.ClassNotFoundException: org.jnp.interfaces.NamingContextFactory
	at java.net.URLClassLoader$1.run(URLClassLoader.java:200)
	at java.security.AccessController.doPrivileged(Native Method)
	at java.net.URLClassLoader.findClass(URLClassLoader.java:188)
	at java.lang.ClassLoader.loadClass(ClassLoader.java:306)
	at sun.misc.Launcher$AppClassLoader.loadClass(Launcher.java:268)
	at java.lang.ClassLoader.loadClass(ClassLoader.java:251)
	at java.lang.ClassLoader.loadClassInternal(ClassLoader.java:319)
	at java.lang.Class.forName0(Native Method)
	at java.lang.Class.forName(Class.java:242)
	at com.sun.naming.internal.VersionHelper12.loadClass(VersionHelper12.java:42)
	at javax.naming.spi.NamingManager.getInitialContext(NamingManager.java:654)
	... 27 more
WARN   addInstance, Could not bind factory to JNDI
javax.naming.NoInitialContextException: Cannot instantiate class: org.jnp.interfaces.NamingContextFactory [Root exception is java.lang.ClassNotFoundException: org.jnp.interfaces.NamingContextFactory]
	at javax.naming.spi.NamingManager.getInitialContext(NamingManager.java:657)
	at javax.naming.InitialContext.getDefaultInitCtx(InitialContext.java:247)
	at javax.naming.InitialContext.init(InitialContext.java:223)
	at javax.naming.InitialContext.<init>(InitialContext.java:175)
	at org.hibernate.util.NamingHelper.getInitialContext(NamingHelper.java:28)
	at org.hibernate.impl.SessionFactoryObjectFactory.addInstance(SessionFactoryObjectFactory.java:89)
	at org.hibernate.impl.SessionFactoryImpl.<init>(SessionFactoryImpl.java:306)
	at org.hibernate.cfg.Configuration.buildSessionFactory(Configuration.java:1294)
	at org.hibernate.cfg.AnnotationConfiguration.buildSessionFactory(AnnotationConfiguration.java:915)
	at org.hibernate.ejb.Ejb3Configuration.buildEntityManagerFactory(Ejb3Configuration.java:730)
	at org.hibernate.ejb.HibernatePersistence.createEntityManagerFactory(HibernatePersistence.java:121)
	at javax.persistence.Persistence.createEntityManagerFactory(Persistence.java:51)
	at javax.persistence.Persistence.createEntityManagerFactory(Persistence.java:33)
	at com.topcoder.service.studio.contest.accuracytests.TestContestManagerBeanAccuracy.setUp(TestContestManagerBeanAccuracy.java:88)
	at junit.framework.TestCase.runBare(TestCase.java:132)
	at junit.framework.TestResult$1.protect(TestResult.java:110)
	at junit.framework.TestResult.runProtected(TestResult.java:128)
	at junit.framework.TestResult.run(TestResult.java:113)
	at junit.framework.TestCase.run(TestCase.java:124)
	at junit.framework.TestSuite.runTest(TestSuite.java:232)
	at junit.framework.TestSuite.run(TestSuite.java:227)
	at junit.framework.TestSuite.runTest(TestSuite.java:232)
	at junit.framework.TestSuite.run(TestSuite.java:227)
	at junit.framework.TestSuite.runTest(TestSuite.java:232)
	at junit.framework.TestSuite.run(TestSuite.java:227)
	at org.apache.tools.ant.taskdefs.optional.junit.JUnitTestRunner.run(JUnitTestRunner.java:421)
	at org.apache.tools.ant.taskdefs.optional.junit.JUnitTestRunner.launch(JUnitTestRunner.java:912)
	at org.apache.tools.ant.taskdefs.optional.junit.JUnitTestRunner.main(JUnitTestRunner.java:766)
Caused by: java.lang.ClassNotFoundException: org.jnp.interfaces.NamingContextFactory
	at java.net.URLClassLoader$1.run(URLClassLoader.java:200)
	at java.security.AccessController.doPrivileged(Native Method)
	at java.net.URLClassLoader.findClass(URLClassLoader.java:188)
	at java.lang.ClassLoader.loadClass(ClassLoader.java:306)
	at sun.misc.Launcher$AppClassLoader.loadClass(Launcher.java:268)
	at java.lang.ClassLoader.loadClass(ClassLoader.java:251)
	at java.lang.ClassLoader.loadClassInternal(ClassLoader.java:319)
	at java.lang.Class.forName0(Native Method)
	at java.lang.Class.forName(Class.java:242)
	at com.sun.naming.internal.VersionHelper12.loadClass(VersionHelper12.java:42)
	at javax.naming.spi.NamingManager.getInitialContext(NamingManager.java:654)
	... 27 more
[Enter method: removeContestChannel()]
[param1: 1]
Hibernate: /* load com.topcoder.service.studio.contest.ContestChannel */ select contestcha0_.contest_channel_id as contest1_2004_0_, contestcha0_.channel_description as channel2_2004_0_, contestcha0_.file_type_id as file3_2004_0_, contestcha0_.channel_name as channel4_2004_0_, contestcha0_.parent_channel as parent5_2004_0_ from contest_channel_lu contestcha0_ where contestcha0_.contest_channel_id=?
[Exit method: removeContestChannel()]
Can't call commit when autocommit=true
Can't call commit when autocommit=true
Can't call commit when autocommit=true
Can't call commit when autocommit=true
ERROR  getInitialContext, Could not obtain initial context
javax.naming.NoInitialContextException: Cannot instantiate class: org.jnp.interfaces.NamingContextFactory [Root exception is java.lang.ClassNotFoundException: org.jnp.interfaces.NamingContextFactory]
	at javax.naming.spi.NamingManager.getInitialContext(NamingManager.java:657)
	at javax.naming.InitialContext.getDefaultInitCtx(InitialContext.java:247)
	at javax.naming.InitialContext.init(InitialContext.java:223)
	at javax.naming.InitialContext.<init>(InitialContext.java:175)
	at org.hibernate.util.NamingHelper.getInitialContext(NamingHelper.java:28)
	at org.hibernate.impl.SessionFactoryObjectFactory.addInstance(SessionFactoryObjectFactory.java:89)
	at org.hibernate.impl.SessionFactoryImpl.<init>(SessionFactoryImpl.java:306)
	at org.hibernate.cfg.Configuration.buildSessionFactory(Configuration.java:1294)
	at org.hibernate.cfg.AnnotationConfiguration.buildSessionFactory(AnnotationConfiguration.java:915)
	at org.hibernate.ejb.Ejb3Configuration.buildEntityManagerFactory(Ejb3Configuration.java:730)
	at org.hibernate.ejb.HibernatePersistence.createEntityManagerFactory(HibernatePersistence.java:121)
	at javax.persistence.Persistence.createEntityManagerFactory(Persistence.java:51)
	at javax.persistence.Persistence.createEntityManagerFactory(Persistence.java:33)
	at com.topcoder.service.studio.contest.accuracytests.TestContestManagerBeanAccuracy.setUp(TestContestManagerBeanAccuracy.java:88)
	at junit.framework.TestCase.runBare(TestCase.java:132)
	at junit.framework.TestResult$1.protect(TestResult.java:110)
	at junit.framework.TestResult.runProtected(TestResult.java:128)
	at junit.framework.TestResult.run(TestResult.java:113)
	at junit.framework.TestCase.run(TestCase.java:124)
	at junit.framework.TestSuite.runTest(TestSuite.java:232)
	at junit.framework.TestSuite.run(TestSuite.java:227)
	at junit.framework.TestSuite.runTest(TestSuite.java:232)
	at junit.framework.TestSuite.run(TestSuite.java:227)
	at junit.framework.TestSuite.runTest(TestSuite.java:232)
	at junit.framework.TestSuite.run(TestSuite.java:227)
	at org.apache.tools.ant.taskdefs.optional.junit.JUnitTestRunner.run(JUnitTestRunner.java:421)
	at org.apache.tools.ant.taskdefs.optional.junit.JUnitTestRunner.launch(JUnitTestRunner.java:912)
	at org.apache.tools.ant.taskdefs.optional.junit.JUnitTestRunner.main(JUnitTestRunner.java:766)
Caused by: java.lang.ClassNotFoundException: org.jnp.interfaces.NamingContextFactory
	at java.net.URLClassLoader$1.run(URLClassLoader.java:200)
	at java.security.AccessController.doPrivileged(Native Method)
	at java.net.URLClassLoader.findClass(URLClassLoader.java:188)
	at java.lang.ClassLoader.loadClass(ClassLoader.java:306)
	at sun.misc.Launcher$AppClassLoader.loadClass(Launcher.java:268)
	at java.lang.ClassLoader.loadClass(ClassLoader.java:251)
	at java.lang.ClassLoader.loadClassInternal(ClassLoader.java:319)
	at java.lang.Class.forName0(Native Method)
	at java.lang.Class.forName(Class.java:242)
	at com.sun.naming.internal.VersionHelper12.loadClass(VersionHelper12.java:42)
	at javax.naming.spi.NamingManager.getInitialContext(NamingManager.java:654)
	... 27 more
WARN   addInstance, Could not bind factory to JNDI
javax.naming.NoInitialContextException: Cannot instantiate class: org.jnp.interfaces.NamingContextFactory [Root exception is java.lang.ClassNotFoundException: org.jnp.interfaces.NamingContextFactory]
	at javax.naming.spi.NamingManager.getInitialContext(NamingManager.java:657)
	at javax.naming.InitialContext.getDefaultInitCtx(InitialContext.java:247)
	at javax.naming.InitialContext.init(InitialContext.java:223)
	at javax.naming.InitialContext.<init>(InitialContext.java:175)
	at org.hibernate.util.NamingHelper.getInitialContext(NamingHelper.java:28)
	at org.hibernate.impl.SessionFactoryObjectFactory.addInstance(SessionFactoryObjectFactory.java:89)
	at org.hibernate.impl.SessionFactoryImpl.<init>(SessionFactoryImpl.java:306)
	at org.hibernate.cfg.Configuration.buildSessionFactory(Configuration.java:1294)
	at org.hibernate.cfg.AnnotationConfiguration.buildSessionFactory(AnnotationConfiguration.java:915)
	at org.hibernate.ejb.Ejb3Configuration.buildEntityManagerFactory(Ejb3Configuration.java:730)
	at org.hibernate.ejb.HibernatePersistence.createEntityManagerFactory(HibernatePersistence.java:121)
	at javax.persistence.Persistence.createEntityManagerFactory(Persistence.java:51)
	at javax.persistence.Persistence.createEntityManagerFactory(Persistence.java:33)
	at com.topcoder.service.studio.contest.accuracytests.TestContestManagerBeanAccuracy.setUp(TestContestManagerBeanAccuracy.java:88)
	at junit.framework.TestCase.runBare(TestCase.java:132)
	at junit.framework.TestResult$1.protect(TestResult.java:110)
	at junit.framework.TestResult.runProtected(TestResult.java:128)
	at junit.framework.TestResult.run(TestResult.java:113)
	at junit.framework.TestCase.run(TestCase.java:124)
	at junit.framework.TestSuite.runTest(TestSuite.java:232)
	at junit.framework.TestSuite.run(TestSuite.java:227)
	at junit.framework.TestSuite.runTest(TestSuite.java:232)
	at junit.framework.TestSuite.run(TestSuite.java:227)
	at junit.framework.TestSuite.runTest(TestSuite.java:232)
	at junit.framework.TestSuite.run(TestSuite.java:227)
	at org.apache.tools.ant.taskdefs.optional.junit.JUnitTestRunner.run(JUnitTestRunner.java:421)
	at org.apache.tools.ant.taskdefs.optional.junit.JUnitTestRunner.launch(JUnitTestRunner.java:912)
	at org.apache.tools.ant.taskdefs.optional.junit.JUnitTestRunner.main(JUnitTestRunner.java:766)
Caused by: java.lang.ClassNotFoundException: org.jnp.interfaces.NamingContextFactory
	at java.net.URLClassLoader$1.run(URLClassLoader.java:200)
	at java.security.AccessController.doPrivileged(Native Method)
	at java.net.URLClassLoader.findClass(URLClassLoader.java:188)
	at java.lang.ClassLoader.loadClass(ClassLoader.java:306)
	at sun.misc.Launcher$AppClassLoader.loadClass(Launcher.java:268)
	at java.lang.ClassLoader.loadClass(ClassLoader.java:251)
	at java.lang.ClassLoader.loadClassInternal(ClassLoader.java:319)
	at java.lang.Class.forName0(Native Method)
	at java.lang.Class.forName(Class.java:242)
	at com.sun.naming.internal.VersionHelper12.loadClass(VersionHelper12.java:42)
	at javax.naming.spi.NamingManager.getInitialContext(NamingManager.java:654)
	... 27 more
Hibernate: select max(file_type_id) from file_type_lu
Hibernate: select max(contest_channel_id) from contest_channel_lu
Hibernate: /* insert com.topcoder.service.studio.contest.StudioFileType */ insert into file_type_lu (sort, image_file_ind, file_type_desc, extension, file_type_id) values (?, ?, ?, ?, ?)
Hibernate: /* insert com.topcoder.service.studio.contest.ContestChannel */ insert into contest_channel_lu (channel_description, file_type_id, channel_name, parent_channel, contest_channel_id) values (?, ?, ?, ?, ?)
[Enter method: removeContestChannel()]
[param1: 1]
[Exit method: removeContestChannel()]
Hibernate: /* delete com.topcoder.service.studio.contest.ContestChannel */ delete from contest_channel_lu where contest_channel_id=?
Can't call commit when autocommit=true
Can't call commit when autocommit=true
Can't call commit when autocommit=true
Can't call commit when autocommit=true
ERROR  getInitialContext, Could not obtain initial context
javax.naming.NoInitialContextException: Cannot instantiate class: org.jnp.interfaces.NamingContextFactory [Root exception is java.lang.ClassNotFoundException: org.jnp.interfaces.NamingContextFactory]
	at javax.naming.spi.NamingManager.getInitialContext(NamingManager.java:657)
	at javax.naming.InitialContext.getDefaultInitCtx(InitialContext.java:247)
	at javax.naming.InitialContext.init(InitialContext.java:223)
	at javax.naming.InitialContext.<init>(InitialContext.java:175)
	at org.hibernate.util.NamingHelper.getInitialContext(NamingHelper.java:28)
	at org.hibernate.impl.SessionFactoryObjectFactory.addInstance(SessionFactoryObjectFactory.java:89)
	at org.hibernate.impl.SessionFactoryImpl.<init>(SessionFactoryImpl.java:306)
	at org.hibernate.cfg.Configuration.buildSessionFactory(Configuration.java:1294)
	at org.hibernate.cfg.AnnotationConfiguration.buildSessionFactory(AnnotationConfiguration.java:915)
	at org.hibernate.ejb.Ejb3Configuration.buildEntityManagerFactory(Ejb3Configuration.java:730)
	at org.hibernate.ejb.HibernatePersistence.createEntityManagerFactory(HibernatePersistence.java:121)
	at javax.persistence.Persistence.createEntityManagerFactory(Persistence.java:51)
	at javax.persistence.Persistence.createEntityManagerFactory(Persistence.java:33)
	at com.topcoder.service.studio.contest.accuracytests.TestContestManagerBeanAccuracy.setUp(TestContestManagerBeanAccuracy.java:88)
	at junit.framework.TestCase.runBare(TestCase.java:132)
	at junit.framework.TestResult$1.protect(TestResult.java:110)
	at junit.framework.TestResult.runProtected(TestResult.java:128)
	at junit.framework.TestResult.run(TestResult.java:113)
	at junit.framework.TestCase.run(TestCase.java:124)
	at junit.framework.TestSuite.runTest(TestSuite.java:232)
	at junit.framework.TestSuite.run(TestSuite.java:227)
	at junit.framework.TestSuite.runTest(TestSuite.java:232)
	at junit.framework.TestSuite.run(TestSuite.java:227)
	at junit.framework.TestSuite.runTest(TestSuite.java:232)
	at junit.framework.TestSuite.run(TestSuite.java:227)
	at org.apache.tools.ant.taskdefs.optional.junit.JUnitTestRunner.run(JUnitTestRunner.java:421)
	at org.apache.tools.ant.taskdefs.optional.junit.JUnitTestRunner.launch(JUnitTestRunner.java:912)
	at org.apache.tools.ant.taskdefs.optional.junit.JUnitTestRunner.main(JUnitTestRunner.java:766)
Caused by: java.lang.ClassNotFoundException: org.jnp.interfaces.NamingContextFactory
	at java.net.URLClassLoader$1.run(URLClassLoader.java:200)
	at java.security.AccessController.doPrivileged(Native Method)
	at java.net.URLClassLoader.findClass(URLClassLoader.java:188)
	at java.lang.ClassLoader.loadClass(ClassLoader.java:306)
	at sun.misc.Launcher$AppClassLoader.loadClass(Launcher.java:268)
	at java.lang.ClassLoader.loadClass(ClassLoader.java:251)
	at java.lang.ClassLoader.loadClassInternal(ClassLoader.java:319)
	at java.lang.Class.forName0(Native Method)
	at java.lang.Class.forName(Class.java:242)
	at com.sun.naming.internal.VersionHelper12.loadClass(VersionHelper12.java:42)
	at javax.naming.spi.NamingManager.getInitialContext(NamingManager.java:654)
	... 27 more
WARN   addInstance, Could not bind factory to JNDI
javax.naming.NoInitialContextException: Cannot instantiate class: org.jnp.interfaces.NamingContextFactory [Root exception is java.lang.ClassNotFoundException: org.jnp.interfaces.NamingContextFactory]
	at javax.naming.spi.NamingManager.getInitialContext(NamingManager.java:657)
	at javax.naming.InitialContext.getDefaultInitCtx(InitialContext.java:247)
	at javax.naming.InitialContext.init(InitialContext.java:223)
	at javax.naming.InitialContext.<init>(InitialContext.java:175)
	at org.hibernate.util.NamingHelper.getInitialContext(NamingHelper.java:28)
	at org.hibernate.impl.SessionFactoryObjectFactory.addInstance(SessionFactoryObjectFactory.java:89)
	at org.hibernate.impl.SessionFactoryImpl.<init>(SessionFactoryImpl.java:306)
	at org.hibernate.cfg.Configuration.buildSessionFactory(Configuration.java:1294)
	at org.hibernate.cfg.AnnotationConfiguration.buildSessionFactory(AnnotationConfiguration.java:915)
	at org.hibernate.ejb.Ejb3Configuration.buildEntityManagerFactory(Ejb3Configuration.java:730)
	at org.hibernate.ejb.HibernatePersistence.createEntityManagerFactory(HibernatePersistence.java:121)
	at javax.persistence.Persistence.createEntityManagerFactory(Persistence.java:51)
	at javax.persistence.Persistence.createEntityManagerFactory(Persistence.java:33)
	at com.topcoder.service.studio.contest.accuracytests.TestContestManagerBeanAccuracy.setUp(TestContestManagerBeanAccuracy.java:88)
	at junit.framework.TestCase.runBare(TestCase.java:132)
	at junit.framework.TestResult$1.protect(TestResult.java:110)
	at junit.framework.TestResult.runProtected(TestResult.java:128)
	at junit.framework.TestResult.run(TestResult.java:113)
	at junit.framework.TestCase.run(TestCase.java:124)
	at junit.framework.TestSuite.runTest(TestSuite.java:232)
	at junit.framework.TestSuite.run(TestSuite.java:227)
	at junit.framework.TestSuite.runTest(TestSuite.java:232)
	at junit.framework.TestSuite.run(TestSuite.java:227)
	at junit.framework.TestSuite.runTest(TestSuite.java:232)
	at junit.framework.TestSuite.run(TestSuite.java:227)
	at org.apache.tools.ant.taskdefs.optional.junit.JUnitTestRunner.run(JUnitTestRunner.java:421)
	at org.apache.tools.ant.taskdefs.optional.junit.JUnitTestRunner.launch(JUnitTestRunner.java:912)
	at org.apache.tools.ant.taskdefs.optional.junit.JUnitTestRunner.main(JUnitTestRunner.java:766)
Caused by: java.lang.ClassNotFoundException: org.jnp.interfaces.NamingContextFactory
	at java.net.URLClassLoader$1.run(URLClassLoader.java:200)
	at java.security.AccessController.doPrivileged(Native Method)
	at java.net.URLClassLoader.findClass(URLClassLoader.java:188)
	at java.lang.ClassLoader.loadClass(ClassLoader.java:306)
	at sun.misc.Launcher$AppClassLoader.loadClass(Launcher.java:268)
	at java.lang.ClassLoader.loadClass(ClassLoader.java:251)
	at java.lang.ClassLoader.loadClassInternal(ClassLoader.java:319)
	at java.lang.Class.forName0(Native Method)
	at java.lang.Class.forName(Class.java:242)
	at com.sun.naming.internal.VersionHelper12.loadClass(VersionHelper12.java:42)
	at javax.naming.spi.NamingManager.getInitialContext(NamingManager.java:654)
	... 27 more
[Enter method: getContestChannel()]
[param1: 1]
Hibernate: /* load com.topcoder.service.studio.contest.ContestChannel */ select contestcha0_.contest_channel_id as contest1_2106_0_, contestcha0_.channel_description as channel2_2106_0_, contestcha0_.file_type_id as file3_2106_0_, contestcha0_.channel_name as channel4_2106_0_, contestcha0_.parent_channel as parent5_2106_0_ from contest_channel_lu contestcha0_ where contestcha0_.contest_channel_id=?
[Exit method: getContestChannel()]
Can't call commit when autocommit=true
Can't call commit when autocommit=true
Can't call commit when autocommit=true
Can't call commit when autocommit=true
ERROR  getInitialContext, Could not obtain initial context
javax.naming.NoInitialContextException: Cannot instantiate class: org.jnp.interfaces.NamingContextFactory [Root exception is java.lang.ClassNotFoundException: org.jnp.interfaces.NamingContextFactory]
	at javax.naming.spi.NamingManager.getInitialContext(NamingManager.java:657)
	at javax.naming.InitialContext.getDefaultInitCtx(InitialContext.java:247)
	at javax.naming.InitialContext.init(InitialContext.java:223)
	at javax.naming.InitialContext.<init>(InitialContext.java:175)
	at org.hibernate.util.NamingHelper.getInitialContext(NamingHelper.java:28)
	at org.hibernate.impl.SessionFactoryObjectFactory.addInstance(SessionFactoryObjectFactory.java:89)
	at org.hibernate.impl.SessionFactoryImpl.<init>(SessionFactoryImpl.java:306)
	at org.hibernate.cfg.Configuration.buildSessionFactory(Configuration.java:1294)
	at org.hibernate.cfg.AnnotationConfiguration.buildSessionFactory(AnnotationConfiguration.java:915)
	at org.hibernate.ejb.Ejb3Configuration.buildEntityManagerFactory(Ejb3Configuration.java:730)
	at org.hibernate.ejb.HibernatePersistence.createEntityManagerFactory(HibernatePersistence.java:121)
	at javax.persistence.Persistence.createEntityManagerFactory(Persistence.java:51)
	at javax.persistence.Persistence.createEntityManagerFactory(Persistence.java:33)
	at com.topcoder.service.studio.contest.accuracytests.TestContestManagerBeanAccuracy.setUp(TestContestManagerBeanAccuracy.java:88)
	at junit.framework.TestCase.runBare(TestCase.java:132)
	at junit.framework.TestResult$1.protect(TestResult.java:110)
	at junit.framework.TestResult.runProtected(TestResult.java:128)
	at junit.framework.TestResult.run(TestResult.java:113)
	at junit.framework.TestCase.run(TestCase.java:124)
	at junit.framework.TestSuite.runTest(TestSuite.java:232)
	at junit.framework.TestSuite.run(TestSuite.java:227)
	at junit.framework.TestSuite.runTest(TestSuite.java:232)
	at junit.framework.TestSuite.run(TestSuite.java:227)
	at junit.framework.TestSuite.runTest(TestSuite.java:232)
	at junit.framework.TestSuite.run(TestSuite.java:227)
	at org.apache.tools.ant.taskdefs.optional.junit.JUnitTestRunner.run(JUnitTestRunner.java:421)
	at org.apache.tools.ant.taskdefs.optional.junit.JUnitTestRunner.launch(JUnitTestRunner.java:912)
	at org.apache.tools.ant.taskdefs.optional.junit.JUnitTestRunner.main(JUnitTestRunner.java:766)
Caused by: java.lang.ClassNotFoundException: org.jnp.interfaces.NamingContextFactory
	at java.net.URLClassLoader$1.run(URLClassLoader.java:200)
	at java.security.AccessController.doPrivileged(Native Method)
	at java.net.URLClassLoader.findClass(URLClassLoader.java:188)
	at java.lang.ClassLoader.loadClass(ClassLoader.java:306)
	at sun.misc.Launcher$AppClassLoader.loadClass(Launcher.java:268)
	at java.lang.ClassLoader.loadClass(ClassLoader.java:251)
	at java.lang.ClassLoader.loadClassInternal(ClassLoader.java:319)
	at java.lang.Class.forName0(Native Method)
	at java.lang.Class.forName(Class.java:242)
	at com.sun.naming.internal.VersionHelper12.loadClass(VersionHelper12.java:42)
	at javax.naming.spi.NamingManager.getInitialContext(NamingManager.java:654)
	... 27 more
WARN   addInstance, Could not bind factory to JNDI
javax.naming.NoInitialContextException: Cannot instantiate class: org.jnp.interfaces.NamingContextFactory [Root exception is java.lang.ClassNotFoundException: org.jnp.interfaces.NamingContextFactory]
	at javax.naming.spi.NamingManager.getInitialContext(NamingManager.java:657)
	at javax.naming.InitialContext.getDefaultInitCtx(InitialContext.java:247)
	at javax.naming.InitialContext.init(InitialContext.java:223)
	at javax.naming.InitialContext.<init>(InitialContext.java:175)
	at org.hibernate.util.NamingHelper.getInitialContext(NamingHelper.java:28)
	at org.hibernate.impl.SessionFactoryObjectFactory.addInstance(SessionFactoryObjectFactory.java:89)
	at org.hibernate.impl.SessionFactoryImpl.<init>(SessionFactoryImpl.java:306)
	at org.hibernate.cfg.Configuration.buildSessionFactory(Configuration.java:1294)
	at org.hibernate.cfg.AnnotationConfiguration.buildSessionFactory(AnnotationConfiguration.java:915)
	at org.hibernate.ejb.Ejb3Configuration.buildEntityManagerFactory(Ejb3Configuration.java:730)
	at org.hibernate.ejb.HibernatePersistence.createEntityManagerFactory(HibernatePersistence.java:121)
	at javax.persistence.Persistence.createEntityManagerFactory(Persistence.java:51)
	at javax.persistence.Persistence.createEntityManagerFactory(Persistence.java:33)
	at com.topcoder.service.studio.contest.accuracytests.TestContestManagerBeanAccuracy.setUp(TestContestManagerBeanAccuracy.java:88)
	at junit.framework.TestCase.runBare(TestCase.java:132)
	at junit.framework.TestResult$1.protect(TestResult.java:110)
	at junit.framework.TestResult.runProtected(TestResult.java:128)
	at junit.framework.TestResult.run(TestResult.java:113)
	at junit.framework.TestCase.run(TestCase.java:124)
	at junit.framework.TestSuite.runTest(TestSuite.java:232)
	at junit.framework.TestSuite.run(TestSuite.java:227)
	at junit.framework.TestSuite.runTest(TestSuite.java:232)
	at junit.framework.TestSuite.run(TestSuite.java:227)
	at junit.framework.TestSuite.runTest(TestSuite.java:232)
	at junit.framework.TestSuite.run(TestSuite.java:227)
	at org.apache.tools.ant.taskdefs.optional.junit.JUnitTestRunner.run(JUnitTestRunner.java:421)
	at org.apache.tools.ant.taskdefs.optional.junit.JUnitTestRunner.launch(JUnitTestRunner.java:912)
	at org.apache.tools.ant.taskdefs.optional.junit.JUnitTestRunner.main(JUnitTestRunner.java:766)
Caused by: java.lang.ClassNotFoundException: org.jnp.interfaces.NamingContextFactory
	at java.net.URLClassLoader$1.run(URLClassLoader.java:200)
	at java.security.AccessController.doPrivileged(Native Method)
	at java.net.URLClassLoader.findClass(URLClassLoader.java:188)
	at java.lang.ClassLoader.loadClass(ClassLoader.java:306)
	at sun.misc.Launcher$AppClassLoader.loadClass(Launcher.java:268)
	at java.lang.ClassLoader.loadClass(ClassLoader.java:251)
	at java.lang.ClassLoader.loadClassInternal(ClassLoader.java:319)
	at java.lang.Class.forName0(Native Method)
	at java.lang.Class.forName(Class.java:242)
	at com.sun.naming.internal.VersionHelper12.loadClass(VersionHelper12.java:42)
	at javax.naming.spi.NamingManager.getInitialContext(NamingManager.java:654)
	... 27 more
Hibernate: select max(file_type_id) from file_type_lu
Hibernate: select max(contest_channel_id) from contest_channel_lu
Hibernate: /* insert com.topcoder.service.studio.contest.StudioFileType */ insert into file_type_lu (sort, image_file_ind, file_type_desc, extension, file_type_id) values (?, ?, ?, ?, ?)
Hibernate: /* insert com.topcoder.service.studio.contest.ContestChannel */ insert into contest_channel_lu (channel_description, file_type_id, channel_name, parent_channel, contest_channel_id) values (?, ?, ?, ?, ?)
[Enter method: getContestChannel()]
[param1: 1]
[Exit method: getContestChannel()]
Can't call commit when autocommit=true
Can't call commit when autocommit=true
Can't call commit when autocommit=true
Can't call commit when autocommit=true
ERROR  getInitialContext, Could not obtain initial context
javax.naming.NoInitialContextException: Cannot instantiate class: org.jnp.interfaces.NamingContextFactory [Root exception is java.lang.ClassNotFoundException: org.jnp.interfaces.NamingContextFactory]
	at javax.naming.spi.NamingManager.getInitialContext(NamingManager.java:657)
	at javax.naming.InitialContext.getDefaultInitCtx(InitialContext.java:247)
	at javax.naming.InitialContext.init(InitialContext.java:223)
	at javax.naming.InitialContext.<init>(InitialContext.java:175)
	at org.hibernate.util.NamingHelper.getInitialContext(NamingHelper.java:28)
	at org.hibernate.impl.SessionFactoryObjectFactory.addInstance(SessionFactoryObjectFactory.java:89)
	at org.hibernate.impl.SessionFactoryImpl.<init>(SessionFactoryImpl.java:306)
	at org.hibernate.cfg.Configuration.buildSessionFactory(Configuration.java:1294)
	at org.hibernate.cfg.AnnotationConfiguration.buildSessionFactory(AnnotationConfiguration.java:915)
	at org.hibernate.ejb.Ejb3Configuration.buildEntityManagerFactory(Ejb3Configuration.java:730)
	at org.hibernate.ejb.HibernatePersistence.createEntityManagerFactory(HibernatePersistence.java:121)
	at javax.persistence.Persistence.createEntityManagerFactory(Persistence.java:51)
	at javax.persistence.Persistence.createEntityManagerFactory(Persistence.java:33)
	at com.topcoder.service.studio.contest.accuracytests.TestContestManagerBeanAccuracy.setUp(TestContestManagerBeanAccuracy.java:88)
	at junit.framework.TestCase.runBare(TestCase.java:132)
	at junit.framework.TestResult$1.protect(TestResult.java:110)
	at junit.framework.TestResult.runProtected(TestResult.java:128)
	at junit.framework.TestResult.run(TestResult.java:113)
	at junit.framework.TestCase.run(TestCase.java:124)
	at junit.framework.TestSuite.runTest(TestSuite.java:232)
	at junit.framework.TestSuite.run(TestSuite.java:227)
	at junit.framework.TestSuite.runTest(TestSuite.java:232)
	at junit.framework.TestSuite.run(TestSuite.java:227)
	at junit.framework.TestSuite.runTest(TestSuite.java:232)
	at junit.framework.TestSuite.run(TestSuite.java:227)
	at org.apache.tools.ant.taskdefs.optional.junit.JUnitTestRunner.run(JUnitTestRunner.java:421)
	at org.apache.tools.ant.taskdefs.optional.junit.JUnitTestRunner.launch(JUnitTestRunner.java:912)
	at org.apache.tools.ant.taskdefs.optional.junit.JUnitTestRunner.main(JUnitTestRunner.java:766)
Caused by: java.lang.ClassNotFoundException: org.jnp.interfaces.NamingContextFactory
	at java.net.URLClassLoader$1.run(URLClassLoader.java:200)
	at java.security.AccessController.doPrivileged(Native Method)
	at java.net.URLClassLoader.findClass(URLClassLoader.java:188)
	at java.lang.ClassLoader.loadClass(ClassLoader.java:306)
	at sun.misc.Launcher$AppClassLoader.loadClass(Launcher.java:268)
	at java.lang.ClassLoader.loadClass(ClassLoader.java:251)
	at java.lang.ClassLoader.loadClassInternal(ClassLoader.java:319)
	at java.lang.Class.forName0(Native Method)
	at java.lang.Class.forName(Class.java:242)
	at com.sun.naming.internal.VersionHelper12.loadClass(VersionHelper12.java:42)
	at javax.naming.spi.NamingManager.getInitialContext(NamingManager.java:654)
	... 27 more
WARN   addInstance, Could not bind factory to JNDI
javax.naming.NoInitialContextException: Cannot instantiate class: org.jnp.interfaces.NamingContextFactory [Root exception is java.lang.ClassNotFoundException: org.jnp.interfaces.NamingContextFactory]
	at javax.naming.spi.NamingManager.getInitialContext(NamingManager.java:657)
	at javax.naming.InitialContext.getDefaultInitCtx(InitialContext.java:247)
	at javax.naming.InitialContext.init(InitialContext.java:223)
	at javax.naming.InitialContext.<init>(InitialContext.java:175)
	at org.hibernate.util.NamingHelper.getInitialContext(NamingHelper.java:28)
	at org.hibernate.impl.SessionFactoryObjectFactory.addInstance(SessionFactoryObjectFactory.java:89)
	at org.hibernate.impl.SessionFactoryImpl.<init>(SessionFactoryImpl.java:306)
	at org.hibernate.cfg.Configuration.buildSessionFactory(Configuration.java:1294)
	at org.hibernate.cfg.AnnotationConfiguration.buildSessionFactory(AnnotationConfiguration.java:915)
	at org.hibernate.ejb.Ejb3Configuration.buildEntityManagerFactory(Ejb3Configuration.java:730)
	at org.hibernate.ejb.HibernatePersistence.createEntityManagerFactory(HibernatePersistence.java:121)
	at javax.persistence.Persistence.createEntityManagerFactory(Persistence.java:51)
	at javax.persistence.Persistence.createEntityManagerFactory(Persistence.java:33)
	at com.topcoder.service.studio.contest.accuracytests.TestContestManagerBeanAccuracy.setUp(TestContestManagerBeanAccuracy.java:88)
	at junit.framework.TestCase.runBare(TestCase.java:132)
	at junit.framework.TestResult$1.protect(TestResult.java:110)
	at junit.framework.TestResult.runProtected(TestResult.java:128)
	at junit.framework.TestResult.run(TestResult.java:113)
	at junit.framework.TestCase.run(TestCase.java:124)
	at junit.framework.TestSuite.runTest(TestSuite.java:232)
	at junit.framework.TestSuite.run(TestSuite.java:227)
	at junit.framework.TestSuite.runTest(TestSuite.java:232)
	at junit.framework.TestSuite.run(TestSuite.java:227)
	at junit.framework.TestSuite.runTest(TestSuite.java:232)
	at junit.framework.TestSuite.run(TestSuite.java:227)
	at org.apache.tools.ant.taskdefs.optional.junit.JUnitTestRunner.run(JUnitTestRunner.java:421)
	at org.apache.tools.ant.taskdefs.optional.junit.JUnitTestRunner.launch(JUnitTestRunner.java:912)
	at org.apache.tools.ant.taskdefs.optional.junit.JUnitTestRunner.main(JUnitTestRunner.java:766)
Caused by: java.lang.ClassNotFoundException: org.jnp.interfaces.NamingContextFactory
	at java.net.URLClassLoader$1.run(URLClassLoader.java:200)
	at java.security.AccessController.doPrivileged(Native Method)
	at java.net.URLClassLoader.findClass(URLClassLoader.java:188)
	at java.lang.ClassLoader.loadClass(ClassLoader.java:306)
	at sun.misc.Launcher$AppClassLoader.loadClass(Launcher.java:268)
	at java.lang.ClassLoader.loadClass(ClassLoader.java:251)
	at java.lang.ClassLoader.loadClassInternal(ClassLoader.java:319)
	at java.lang.Class.forName0(Native Method)
	at java.lang.Class.forName(Class.java:242)
	at com.sun.naming.internal.VersionHelper12.loadClass(VersionHelper12.java:42)
	at javax.naming.spi.NamingManager.getInitialContext(NamingManager.java:654)
	... 27 more
Hibernate: select max(file_type_id) from file_type_lu
Hibernate: select max(mime_type_id) from mime_type_lu
Hibernate: select max(path_id) from path
Hibernate: select max(document_type_id) from document_type_lu
Hibernate: select max(document_id) from document
Hibernate: /* insert com.topcoder.service.studio.contest.StudioFileType */ insert into file_type_lu (sort, image_file_ind, file_type_desc, extension, file_type_id) values (?, ?, ?, ?, ?)
Hibernate: /* insert com.topcoder.service.studio.contest.MimeType */ insert into mime_type_lu (mime_type_desc, file_type_id, mime_type_id) values (?, ?, ?)
Hibernate: /* insert com.topcoder.service.studio.contest.FilePath */ insert into path (path, modify_date, path_id) values (?, ?, ?)
Hibernate: /* insert com.topcoder.service.studio.contest.DocumentType */ insert into document_type_lu (document_type_desc, document_type_id) values (?, ?)
Hibernate: /* insert com.topcoder.service.studio.contest.Document */ insert into document (original_file_name, system_file_name, path_id, mime_type_id, document_type_id, create_date, document_id) values (?, ?, ?, ?, ?, ?, ?)
[08-4-11 下午10:17: Enter method start()]
[08-4-11 下午10:17: Exit method Start()]
[Enter method: getDocumentContent()]
[param1: 1]
There are errors in run().
com.topcoder.service.studio.contest.documentcontentservers.InvalidRequestException: Unrecognized request type: 0
	at com.topcoder.service.studio.contest.documentcontentservers.SocketDocumentContentServer$SocketDocumentContentWorker.processData(SocketDocumentContentServer.java:571)
	at com.topcoder.service.studio.contest.documentcontentservers.SocketDocumentContentServer$SocketDocumentContentWorker.run(SocketDocumentContentServer.java:442)
	at java.lang.Thread.run(Thread.java:595)
There are errors in run().
com.topcoder.service.studio.contest.documentcontentservers.InvalidRequestException: Unrecognized request type: 0
	at com.topcoder.service.studio.contest.documentcontentservers.SocketDocumentContentServer$SocketDocumentContentWorker.processData(SocketDocumentContentServer.java:571)
	at com.topcoder.service.studio.contest.documentcontentservers.SocketDocumentContentServer$SocketDocumentContentWorker.run(SocketDocumentContentServer.java:442)
	at java.lang.Thread.run(Thread.java:595)
There are errors in run().
com.topcoder.service.studio.contest.documentcontentservers.InvalidRequestException: Unrecognized request type: 0
	at com.topcoder.service.studio.contest.documentcontentservers.SocketDocumentContentServer$SocketDocumentContentWorker.processData(SocketDocumentContentServer.java:571)
	at com.topcoder.service.studio.contest.documentcontentservers.SocketDocumentContentServer$SocketDocumentContentWorker.run(SocketDocumentContentServer.java:442)
	at java.lang.Thread.run(Thread.java:595)
There are errors in run().
com.topcoder.service.studio.contest.documentcontentservers.InvalidRequestException: Unrecognized request type: 0
	at com.topcoder.service.studio.contest.documentcontentservers.SocketDocumentContentServer$SocketDocumentContentWorker.processData(SocketDocumentContentServer.java:571)
	at com.topcoder.service.studio.contest.documentcontentservers.SocketDocumentContentServer$SocketDocumentContentWorker.run(SocketDocumentContentServer.java:442)
	at java.lang.Thread.run(Thread.java:595)
There are errors in run().
com.topcoder.service.studio.contest.documentcontentservers.InvalidRequestException: Unrecognized request type: 0
	at com.topcoder.service.studio.contest.documentcontentservers.SocketDocumentContentServer$SocketDocumentContentWorker.processData(SocketDocumentContentServer.java:571)
	at com.topcoder.service.studio.contest.documentcontentservers.SocketDocumentContentServer$SocketDocumentContentWorker.run(SocketDocumentContentServer.java:442)
	at java.lang.Thread.run(Thread.java:595)
There are errors in run().
com.topcoder.service.studio.contest.documentcontentservers.InvalidRequestException: Unrecognized request type: 0
	at com.topcoder.service.studio.contest.documentcontentservers.SocketDocumentContentServer$SocketDocumentContentWorker.processData(SocketDocumentContentServer.java:571)
	at com.topcoder.service.studio.contest.documentcontentservers.SocketDocumentContentServer$SocketDocumentContentWorker.run(SocketDocumentContentServer.java:442)
	at java.lang.Thread.run(Thread.java:595)
There are errors in run().
com.topcoder.service.studio.contest.documentcontentservers.InvalidRequestException: Unrecognized request type: 0
	at com.topcoder.service.studio.contest.documentcontentservers.SocketDocumentContentServer$SocketDocumentContentWorker.processData(SocketDocumentContentServer.java:571)
	at com.topcoder.service.studio.contest.documentcontentservers.SocketDocumentContentServer$SocketDocumentContentWorker.run(SocketDocumentContentServer.java:442)
	at java.lang.Thread.run(Thread.java:595)
There are errors in run().
com.topcoder.service.studio.contest.documentcontentservers.InvalidRequestException: Unrecognized request type: 0
	at com.topcoder.service.studio.contest.documentcontentservers.SocketDocumentContentServer$SocketDocumentContentWorker.processData(SocketDocumentContentServer.java:571)
	at com.topcoder.service.studio.contest.documentcontentservers.SocketDocumentContentServer$SocketDocumentContentWorker.run(SocketDocumentContentServer.java:442)
	at java.lang.Thread.run(Thread.java:595)
There are errors in run().
com.topcoder.service.studio.contest.documentcontentservers.InvalidRequestException: Unrecognized request type: 0
	at com.topcoder.service.studio.contest.documentcontentservers.SocketDocumentContentServer$SocketDocumentContentWorker.processData(SocketDocumentContentServer.java:571)
	at com.topcoder.service.studio.contest.documentcontentservers.SocketDocumentContentServer$SocketDocumentContentWorker.run(SocketDocumentContentServer.java:442)
	at java.lang.Thread.run(Thread.java:595)
There are errors in run().
com.topcoder.service.studio.contest.documentcontentservers.InvalidRequestException: Unrecognized request type: 0
	at com.topcoder.service.studio.contest.documentcontentservers.SocketDocumentContentServer$SocketDocumentContentWorker.processData(SocketDocumentContentServer.java:571)
	at com.topcoder.service.studio.contest.documentcontentservers.SocketDocumentContentServer$SocketDocumentContentWorker.run(SocketDocumentContentServer.java:442)
	at java.lang.Thread.run(Thread.java:595)
There are errors in run().
com.topcoder.service.studio.contest.documentcontentservers.InvalidRequestException: Unrecognized request type: 0
	at com.topcoder.service.studio.contest.documentcontentservers.SocketDocumentContentServer$SocketDocumentContentWorker.processData(SocketDocumentContentServer.java:571)
	at com.topcoder.service.studio.contest.documentcontentservers.SocketDocumentContentServer$SocketDocumentContentWorker.run(SocketDocumentContentServer.java:442)
	at java.lang.Thread.run(Thread.java:595)
There are errors in run().
com.topcoder.service.studio.contest.documentcontentservers.InvalidRequestException: Unrecognized request type: 0
	at com.topcoder.service.studio.contest.documentcontentservers.SocketDocumentContentServer$SocketDocumentContentWorker.processData(SocketDocumentContentServer.java:571)
	at com.topcoder.service.studio.contest.documentcontentservers.SocketDocumentContentServer$SocketDocumentContentWorker.run(SocketDocumentContentServer.java:442)
	at java.lang.Thread.run(Thread.java:595)
There are errors in run().
com.topcoder.service.studio.contest.documentcontentservers.InvalidRequestException: Unrecognized request type: 0
	at com.topcoder.service.studio.contest.documentcontentservers.SocketDocumentContentServer$SocketDocumentContentWorker.processData(SocketDocumentContentServer.java:571)
	at com.topcoder.service.studio.contest.documentcontentservers.SocketDocumentContentServer$SocketDocumentContentWorker.run(SocketDocumentContentServer.java:442)
	at java.lang.Thread.run(Thread.java:595)
There are errors in run().
com.topcoder.service.studio.contest.documentcontentservers.InvalidRequestException: Unrecognized request type: 0
	at com.topcoder.service.studio.contest.documentcontentservers.SocketDocumentContentServer$SocketDocumentContentWorker.processData(SocketDocumentContentServer.java:571)
	at com.topcoder.service.studio.contest.documentcontentservers.SocketDocumentContentServer$SocketDocumentContentWorker.run(SocketDocumentContentServer.java:442)
	at java.lang.Thread.run(Thread.java:595)
There are errors in run().
com.topcoder.service.studio.contest.documentcontentservers.InvalidRequestException: Unrecognized request type: 0
	at com.topcoder.service.studio.contest.documentcontentservers.SocketDocumentContentServer$SocketDocumentContentWorker.processData(SocketDocumentContentServer.java:571)
	at com.topcoder.service.studio.contest.documentcontentservers.SocketDocumentContentServer$SocketDocumentContentWorker.run(SocketDocumentContentServer.java:442)
	at java.lang.Thread.run(Thread.java:595)
There are errors in run().
com.topcoder.service.studio.contest.documentcontentservers.InvalidRequestException: Unrecognized request type: 0
	at com.topcoder.service.studio.contest.documentcontentservers.SocketDocumentContentServer$SocketDocumentContentWorker.processData(SocketDocumentContentServer.java:571)
	at com.topcoder.service.studio.contest.documentcontentservers.SocketDocumentContentServer$SocketDocumentContentWorker.run(SocketDocumentContentServer.java:442)
	at java.lang.Thread.run(Thread.java:595)
There are errors in run().
com.topcoder.service.studio.contest.documentcontentservers.InvalidRequestException: Unrecognized request type: 0
	at com.topcoder.service.studio.contest.documentcontentservers.SocketDocumentContentServer$SocketDocumentContentWorker.processData(SocketDocumentContentServer.java:571)
	at com.topcoder.service.studio.contest.documentcontentservers.SocketDocumentContentServer$SocketDocumentContentWorker.run(SocketDocumentContentServer.java:442)
	at java.lang.Thread.run(Thread.java:595)
There are errors in run().
com.topcoder.service.studio.contest.documentcontentservers.InvalidRequestException: Unrecognized request type: 0
	at com.topcoder.service.studio.contest.documentcontentservers.SocketDocumentContentServer$SocketDocumentContentWorker.processData(SocketDocumentContentServer.java:571)
	at com.topcoder.service.studio.contest.documentcontentservers.SocketDocumentContentServer$SocketDocumentContentWorker.run(SocketDocumentContentServer.java:442)
	at java.lang.Thread.run(Thread.java:595)
There are errors in run().
com.topcoder.service.studio.contest.documentcontentservers.InvalidRequestException: Unrecognized request type: 0
	at com.topcoder.service.studio.contest.documentcontentservers.SocketDocumentContentServer$SocketDocumentContentWorker.processData(SocketDocumentContentServer.java:571)
	at com.topcoder.service.studio.contest.documentcontentservers.SocketDocumentContentServer$SocketDocumentContentWorker.run(SocketDocumentContentServer.java:442)
	at java.lang.Thread.run(Thread.java:595)
There are errors in run().
com.topcoder.service.studio.contest.documentcontentservers.InvalidRequestException: Unrecognized request type: 0
	at com.topcoder.service.studio.contest.documentcontentservers.SocketDocumentContentServer$SocketDocumentContentWorker.processData(SocketDocumentContentServer.java:571)
	at com.topcoder.service.studio.contest.documentcontentservers.SocketDocumentContentServer$SocketDocumentContentWorker.run(SocketDocumentContentServer.java:442)
	at java.lang.Thread.run(Thread.java:595)
There are errors in run().
com.topcoder.service.studio.contest.documentcontentservers.InvalidRequestException: Unrecognized request type: 0
	at com.topcoder.service.studio.contest.documentcontentservers.SocketDocumentContentServer$SocketDocumentContentWorker.processData(SocketDocumentContentServer.java:571)
	at com.topcoder.service.studio.contest.documentcontentservers.SocketDocumentContentServer$SocketDocumentContentWorker.run(SocketDocumentContentServer.java:442)
	at java.lang.Thread.run(Thread.java:595)
There are errors in run().
com.topcoder.service.studio.contest.documentcontentservers.InvalidRequestException: Unrecognized request type: 0
	at com.topcoder.service.studio.contest.documentcontentservers.SocketDocumentContentServer$SocketDocumentContentWorker.processData(SocketDocumentContentServer.java:571)
	at com.topcoder.service.studio.contest.documentcontentservers.SocketDocumentContentServer$SocketDocumentContentWorker.run(SocketDocumentContentServer.java:442)
	at java.lang.Thread.run(Thread.java:595)
There are errors in run().
com.topcoder.service.studio.contest.documentcontentservers.InvalidRequestException: Unrecognized request type: 0
	at com.topcoder.service.studio.contest.documentcontentservers.SocketDocumentContentServer$SocketDocumentContentWorker.processData(SocketDocumentContentServer.java:571)
	at com.topcoder.service.studio.contest.documentcontentservers.SocketDocumentContentServer$SocketDocumentContentWorker.run(SocketDocumentContentServer.java:442)
	at java.lang.Thread.run(Thread.java:595)
There are errors in run().
com.topcoder.service.studio.contest.documentcontentservers.InvalidRequestException: Unrecognized request type: 0
	at com.topcoder.service.studio.contest.documentcontentservers.SocketDocumentContentServer$SocketDocumentContentWorker.processData(SocketDocumentContentServer.java:571)
	at com.topcoder.service.studio.contest.documentcontentservers.SocketDocumentContentServer$SocketDocumentContentWorker.run(SocketDocumentContentServer.java:442)
	at java.lang.Thread.run(Thread.java:595)
There are errors in run().
com.topcoder.service.studio.contest.documentcontentservers.InvalidRequestException: Unrecognized request type: 0
	at com.topcoder.service.studio.contest.documentcontentservers.SocketDocumentContentServer$SocketDocumentContentWorker.processData(SocketDocumentContentServer.java:571)
	at com.topcoder.service.studio.contest.documentcontentservers.SocketDocumentContentServer$SocketDocumentContentWorker.run(SocketDocumentContentServer.java:442)
	at java.lang.Thread.run(Thread.java:595)
There are errors in run().
com.topcoder.service.studio.contest.documentcontentservers.InvalidRequestException: Unrecognized request type: 0
	at com.topcoder.service.studio.contest.documentcontentservers.SocketDocumentContentServer$SocketDocumentContentWorker.processData(SocketDocumentContentServer.java:571)
	at com.topcoder.service.studio.contest.documentcontentservers.SocketDocumentContentServer$SocketDocumentContentWorker.run(SocketDocumentContentServer.java:442)
	at java.lang.Thread.run(Thread.java:595)
There are errors in run().
com.topcoder.service.studio.contest.documentcontentservers.InvalidRequestException: Unrecognized request type: 0
	at com.topcoder.service.studio.contest.documentcontentservers.SocketDocumentContentServer$SocketDocumentContentWorker.processData(SocketDocumentContentServer.java:571)
	at com.topcoder.service.studio.contest.documentcontentservers.SocketDocumentContentServer$SocketDocumentContentWorker.run(SocketDocumentContentServer.java:442)
	at java.lang.Thread.run(Thread.java:595)
There are errors in run().
com.topcoder.service.studio.contest.documentcontentservers.InvalidRequestException: Unrecognized request type: 0
	at com.topcoder.service.studio.contest.documentcontentservers.SocketDocumentContentServer$SocketDocumentContentWorker.processData(SocketDocumentContentServer.java:571)
	at com.topcoder.service.studio.contest.documentcontentservers.SocketDocumentContentServer$SocketDocumentContentWorker.run(SocketDocumentContentServer.java:442)
	at java.lang.Thread.run(Thread.java:595)
There are errors in run().
com.topcoder.service.studio.contest.documentcontentservers.InvalidRequestException: Unrecognized request type: 0
	at com.topcoder.service.studio.contest.documentcontentservers.SocketDocumentContentServer$SocketDocumentContentWorker.processData(SocketDocumentContentServer.java:571)
	at com.topcoder.service.studio.contest.documentcontentservers.SocketDocumentContentServer$SocketDocumentContentWorker.run(SocketDocumentContentServer.java:442)
	at java.lang.Thread.run(Thread.java:595)
There are errors in run().
com.topcoder.service.studio.contest.documentcontentservers.InvalidRequestException: Unrecognized request type: 0
	at com.topcoder.service.studio.contest.documentcontentservers.SocketDocumentContentServer$SocketDocumentContentWorker.processData(SocketDocumentContentServer.java:571)
	at com.topcoder.service.studio.contest.documentcontentservers.SocketDocumentContentServer$SocketDocumentContentWorker.run(SocketDocumentContentServer.java:442)
	at java.lang.Thread.run(Thread.java:595)
There are errors in run().
com.topcoder.service.studio.contest.documentcontentservers.InvalidRequestException: Unrecognized request type: 0
	at com.topcoder.service.studio.contest.documentcontentservers.SocketDocumentContentServer$SocketDocumentContentWorker.processData(SocketDocumentContentServer.java:571)
	at com.topcoder.service.studio.contest.documentcontentservers.SocketDocumentContentServer$SocketDocumentContentWorker.run(SocketDocumentContentServer.java:442)
	at java.lang.Thread.run(Thread.java:595)
There are errors in run().
com.topcoder.service.studio.contest.documentcontentservers.InvalidRequestException: Unrecognized request type: 0
	at com.topcoder.service.studio.contest.documentcontentservers.SocketDocumentContentServer$SocketDocumentContentWorker.processData(SocketDocumentContentServer.java:571)
	at com.topcoder.service.studio.contest.documentcontentservers.SocketDocumentContentServer$SocketDocumentContentWorker.run(SocketDocumentContentServer.java:442)
	at java.lang.Thread.run(Thread.java:595)
There are errors in run().
com.topcoder.service.studio.contest.documentcontentservers.InvalidRequestException: Unrecognized request type: 0
	at com.topcoder.service.studio.contest.documentcontentservers.SocketDocumentContentServer$SocketDocumentContentWorker.processData(SocketDocumentContentServer.java:571)
	at com.topcoder.service.studio.contest.documentcontentservers.SocketDocumentContentServer$SocketDocumentContentWorker.run(SocketDocumentContentServer.java:442)
	at java.lang.Thread.run(Thread.java:595)
There are errors in run().
com.topcoder.service.studio.contest.documentcontentservers.InvalidRequestException: Unrecognized request type: 0
	at com.topcoder.service.studio.contest.documentcontentservers.SocketDocumentContentServer$SocketDocumentContentWorker.processData(SocketDocumentContentServer.java:571)
	at com.topcoder.service.studio.contest.documentcontentservers.SocketDocumentContentServer$SocketDocumentContentWorker.run(SocketDocumentContentServer.java:442)
	at java.lang.Thread.run(Thread.java:595)
There are errors in run().
com.topcoder.service.studio.contest.documentcontentservers.InvalidRequestException: Unrecognized request type: 0
	at com.topcoder.service.studio.contest.documentcontentservers.SocketDocumentContentServer$SocketDocumentContentWorker.processData(SocketDocumentContentServer.java:571)
	at com.topcoder.service.studio.contest.documentcontentservers.SocketDocumentContentServer$SocketDocumentContentWorker.run(SocketDocumentContentServer.java:442)
	at java.lang.Thread.run(Thread.java:595)
There are errors in run().
com.topcoder.service.studio.contest.documentcontentservers.InvalidRequestException: Unrecognized request type: 0
	at com.topcoder.service.studio.contest.documentcontentservers.SocketDocumentContentServer$SocketDocumentContentWorker.processData(SocketDocumentContentServer.java:571)
	at com.topcoder.service.studio.contest.documentcontentservers.SocketDocumentContentServer$SocketDocumentContentWorker.run(SocketDocumentContentServer.java:442)
	at java.lang.Thread.run(Thread.java:595)
There are errors in run().
com.topcoder.service.studio.contest.documentcontentservers.InvalidRequestException: Unrecognized request type: 0
	at com.topcoder.service.studio.contest.documentcontentservers.SocketDocumentContentServer$SocketDocumentContentWorker.processData(SocketDocumentContentServer.java:571)
	at com.topcoder.service.studio.contest.documentcontentservers.SocketDocumentContentServer$SocketDocumentContentWorker.run(SocketDocumentContentServer.java:442)
	at java.lang.Thread.run(Thread.java:595)
There are errors in run().
com.topcoder.service.studio.contest.documentcontentservers.InvalidRequestException: Unrecognized request type: 0
	at com.topcoder.service.studio.contest.documentcontentservers.SocketDocumentContentServer$SocketDocumentContentWorker.processData(SocketDocumentContentServer.java:571)
	at com.topcoder.service.studio.contest.documentcontentservers.SocketDocumentContentServer$SocketDocumentContentWorker.run(SocketDocumentContentServer.java:442)
	at java.lang.Thread.run(Thread.java:595)
There are errors in run().
com.topcoder.service.studio.contest.documentcontentservers.InvalidRequestException: Unrecognized request type: 0
	at com.topcoder.service.studio.contest.documentcontentservers.SocketDocumentContentServer$SocketDocumentContentWorker.processData(SocketDocumentContentServer.java:571)
	at com.topcoder.service.studio.contest.documentcontentservers.SocketDocumentContentServer$SocketDocumentContentWorker.run(SocketDocumentContentServer.java:442)
	at java.lang.Thread.run(Thread.java:595)
There are errors in run().
com.topcoder.service.studio.contest.documentcontentservers.InvalidRequestException: Unrecognized request type: 0
	at com.topcoder.service.studio.contest.documentcontentservers.SocketDocumentContentServer$SocketDocumentContentWorker.processData(SocketDocumentContentServer.java:571)
	at com.topcoder.service.studio.contest.documentcontentservers.SocketDocumentContentServer$SocketDocumentContentWorker.run(SocketDocumentContentServer.java:442)
	at java.lang.Thread.run(Thread.java:595)
There are errors in run().
com.topcoder.service.studio.contest.documentcontentservers.InvalidRequestException: Unrecognized request type: 0
	at com.topcoder.service.studio.contest.documentcontentservers.SocketDocumentContentServer$SocketDocumentContentWorker.processData(SocketDocumentContentServer.java:571)
	at com.topcoder.service.studio.contest.documentcontentservers.SocketDocumentContentServer$SocketDocumentContentWorker.run(SocketDocumentContentServer.java:442)
	at java.lang.Thread.run(Thread.java:595)
There are errors in run().
com.topcoder.service.studio.contest.documentcontentservers.InvalidRequestException: Unrecognized request type: 0
	at com.topcoder.service.studio.contest.documentcontentservers.SocketDocumentContentServer$SocketDocumentContentWorker.processData(SocketDocumentContentServer.java:571)
	at com.topcoder.service.studio.contest.documentcontentservers.SocketDocumentContentServer$SocketDocumentContentWorker.run(SocketDocumentContentServer.java:442)
	at java.lang.Thread.run(Thread.java:595)
There are errors in run().
com.topcoder.service.studio.contest.documentcontentservers.InvalidRequestException: Unrecognized request type: 0
	at com.topcoder.service.studio.contest.documentcontentservers.SocketDocumentContentServer$SocketDocumentContentWorker.processData(SocketDocumentContentServer.java:571)
	at com.topcoder.service.studio.contest.documentcontentservers.SocketDocumentContentServer$SocketDocumentContentWorker.run(SocketDocumentContentServer.java:442)
	at java.lang.Thread.run(Thread.java:595)
There are errors in run().
com.topcoder.service.studio.contest.documentcontentservers.InvalidRequestException: Unrecognized request type: 0
	at com.topcoder.service.studio.contest.documentcontentservers.SocketDocumentContentServer$SocketDocumentContentWorker.processData(SocketDocumentContentServer.java:571)
	at com.topcoder.service.studio.contest.documentcontentservers.SocketDocumentContentServer$SocketDocumentContentWorker.run(SocketDocumentContentServer.java:442)
	at java.lang.Thread.run(Thread.java:595)
There are errors in run().
com.topcoder.service.studio.contest.documentcontentservers.InvalidRequestException: Unrecognized request type: 0
	at com.topcoder.service.studio.contest.documentcontentservers.SocketDocumentContentServer$SocketDocumentContentWorker.processData(SocketDocumentContentServer.java:571)
	at com.topcoder.service.studio.contest.documentcontentservers.SocketDocumentContentServer$SocketDocumentContentWorker.run(SocketDocumentContentServer.java:442)
	at java.lang.Thread.run(Thread.java:595)
There are errors in run().
com.topcoder.service.studio.contest.documentcontentservers.InvalidRequestException: Unrecognized request type: 0
	at com.topcoder.service.studio.contest.documentcontentservers.SocketDocumentContentServer$SocketDocumentContentWorker.processData(SocketDocumentContentServer.java:571)
	at com.topcoder.service.studio.contest.documentcontentservers.SocketDocumentContentServer$SocketDocumentContentWorker.run(SocketDocumentContentServer.java:442)
	at java.lang.Thread.run(Thread.java:595)
There are errors in run().
com.topcoder.service.studio.contest.documentcontentservers.InvalidRequestException: Unrecognized request type: 0
	at com.topcoder.service.studio.contest.documentcontentservers.SocketDocumentContentServer$SocketDocumentContentWorker.processData(SocketDocumentContentServer.java:571)
	at com.topcoder.service.studio.contest.documentcontentservers.SocketDocumentContentServer$SocketDocumentContentWorker.run(SocketDocumentContentServer.java:442)
	at java.lang.Thread.run(Thread.java:595)
There are errors in run().
com.topcoder.service.studio.contest.documentcontentservers.InvalidRequestException: Unrecognized request type: 0
	at com.topcoder.service.studio.contest.documentcontentservers.SocketDocumentContentServer$SocketDocumentContentWorker.processData(SocketDocumentContentServer.java:571)
	at com.topcoder.service.studio.contest.documentcontentservers.SocketDocumentContentServer$SocketDocumentContentWorker.run(SocketDocumentContentServer.java:442)
	at java.lang.Thread.run(Thread.java:595)
There are errors in run().
com.topcoder.service.studio.contest.documentcontentservers.InvalidRequestException: Unrecognized request type: 0
	at com.topcoder.service.studio.contest.documentcontentservers.SocketDocumentContentServer$SocketDocumentContentWorker.processData(SocketDocumentContentServer.java:571)
	at com.topcoder.service.studio.contest.documentcontentservers.SocketDocumentContentServer$SocketDocumentContentWorker.run(SocketDocumentContentServer.java:442)
	at java.lang.Thread.run(Thread.java:595)
There are errors in run().
com.topcoder.service.studio.contest.documentcontentservers.InvalidRequestException: Unrecognized request type: 0
	at com.topcoder.service.studio.contest.documentcontentservers.SocketDocumentContentServer$SocketDocumentContentWorker.processData(SocketDocumentContentServer.java:571)
	at com.topcoder.service.studio.contest.documentcontentservers.SocketDocumentContentServer$SocketDocumentContentWorker.run(SocketDocumentContentServer.java:442)
	at java.lang.Thread.run(Thread.java:595)
There are errors in run().
com.topcoder.service.studio.contest.documentcontentservers.InvalidRequestException: Unrecognized request type: 0
	at com.topcoder.service.studio.contest.documentcontentservers.SocketDocumentContentServer$SocketDocumentContentWorker.processData(SocketDocumentContentServer.java:571)
	at com.topcoder.service.studio.contest.documentcontentservers.SocketDocumentContentServer$SocketDocumentContentWorker.run(SocketDocumentContentServer.java:442)
	at java.lang.Thread.run(Thread.java:595)
There are errors in run().
com.topcoder.service.studio.contest.documentcontentservers.InvalidRequestException: Unrecognized request type: 0
	at com.topcoder.service.studio.contest.documentcontentservers.SocketDocumentContentServer$SocketDocumentContentWorker.processData(SocketDocumentContentServer.java:571)
	at com.topcoder.service.studio.contest.documentcontentservers.SocketDocumentContentServer$SocketDocumentContentWorker.run(SocketDocumentContentServer.java:442)
	at java.lang.Thread.run(Thread.java:595)
There are errors in run().
com.topcoder.service.studio.contest.documentcontentservers.InvalidRequestException: Unrecognized request type: 0
	at com.topcoder.service.studio.contest.documentcontentservers.SocketDocumentContentServer$SocketDocumentContentWorker.processData(SocketDocumentContentServer.java:571)
	at com.topcoder.service.studio.contest.documentcontentservers.SocketDocumentContentServer$SocketDocumentContentWorker.run(SocketDocumentContentServer.java:442)
	at java.lang.Thread.run(Thread.java:595)
There are errors in run().
com.topcoder.service.studio.contest.documentcontentservers.InvalidRequestException: Unrecognized request type: 0
	at com.topcoder.service.studio.contest.documentcontentservers.SocketDocumentContentServer$SocketDocumentContentWorker.processData(SocketDocumentContentServer.java:571)
	at com.topcoder.service.studio.contest.documentcontentservers.SocketDocumentContentServer$SocketDocumentContentWorker.run(SocketDocumentContentServer.java:442)
	at java.lang.Thread.run(Thread.java:595)
There are errors in run().
com.topcoder.service.studio.contest.documentcontentservers.InvalidRequestException: Unrecognized request type: 0
	at com.topcoder.service.studio.contest.documentcontentservers.SocketDocumentContentServer$SocketDocumentContentWorker.processData(SocketDocumentContentServer.java:571)
	at com.topcoder.service.studio.contest.documentcontentservers.SocketDocumentContentServer$SocketDocumentContentWorker.run(SocketDocumentContentServer.java:442)
	at java.lang.Thread.run(Thread.java:595)
There are errors in run().
com.topcoder.service.studio.contest.documentcontentservers.InvalidRequestException: Unrecognized request type: 0
	at com.topcoder.service.studio.contest.documentcontentservers.SocketDocumentContentServer$SocketDocumentContentWorker.processData(SocketDocumentContentServer.java:571)
	at com.topcoder.service.studio.contest.documentcontentservers.SocketDocumentContentServer$SocketDocumentContentWorker.run(SocketDocumentContentServer.java:442)
	at java.lang.Thread.run(Thread.java:595)
There are errors in run().
com.topcoder.service.studio.contest.documentcontentservers.InvalidRequestException: Unrecognized request type: 0
	at com.topcoder.service.studio.contest.documentcontentservers.SocketDocumentContentServer$SocketDocumentContentWorker.processData(SocketDocumentContentServer.java:571)
	at com.topcoder.service.studio.contest.documentcontentservers.SocketDocumentContentServer$SocketDocumentContentWorker.run(SocketDocumentContentServer.java:442)
	at java.lang.Thread.run(Thread.java:595)
There are errors in run().
com.topcoder.service.studio.contest.documentcontentservers.InvalidRequestException: Unrecognized request type: 0
	at com.topcoder.service.studio.contest.documentcontentservers.SocketDocumentContentServer$SocketDocumentContentWorker.processData(SocketDocumentContentServer.java:571)
	at com.topcoder.service.studio.contest.documentcontentservers.SocketDocumentContentServer$SocketDocumentContentWorker.run(SocketDocumentContentServer.java:442)
	at java.lang.Thread.run(Thread.java:595)
There are errors in run().
com.topcoder.service.studio.contest.documentcontentservers.InvalidRequestException: Unrecognized request type: 0
	at com.topcoder.service.studio.contest.documentcontentservers.SocketDocumentContentServer$SocketDocumentContentWorker.processData(SocketDocumentContentServer.java:571)
	at com.topcoder.service.studio.contest.documentcontentservers.SocketDocumentContentServer$SocketDocumentContentWorker.run(SocketDocumentContentServer.java:442)
	at java.lang.Thread.run(Thread.java:595)
There are errors in run().
com.topcoder.service.studio.contest.documentcontentservers.InvalidRequestException: Unrecognized request type: 0
	at com.topcoder.service.studio.contest.documentcontentservers.SocketDocumentContentServer$SocketDocumentContentWorker.processData(SocketDocumentContentServer.java:571)
	at com.topcoder.service.studio.contest.documentcontentservers.SocketDocumentContentServer$SocketDocumentContentWorker.run(SocketDocumentContentServer.java:442)
	at java.lang.Thread.run(Thread.java:595)
There are errors in run().
com.topcoder.service.studio.contest.documentcontentservers.InvalidRequestException: Unrecognized request type: 0
	at com.topcoder.service.studio.contest.documentcontentservers.SocketDocumentContentServer$SocketDocumentContentWorker.processData(SocketDocumentContentServer.java:571)
	at com.topcoder.service.studio.contest.documentcontentservers.SocketDocumentContentServer$SocketDocumentContentWorker.run(SocketDocumentContentServer.java:442)
	at java.lang.Thread.run(Thread.java:595)
There are errors in run().
com.topcoder.service.studio.contest.documentcontentservers.InvalidRequestException: Unrecognized request type: 0
	at com.topcoder.service.studio.contest.documentcontentservers.SocketDocumentContentServer$SocketDocumentContentWorker.processData(SocketDocumentContentServer.java:571)
	at com.topcoder.service.studio.contest.documentcontentservers.SocketDocumentContentServer$SocketDocumentContentWorker.run(SocketDocumentContentServer.java:442)
	at java.lang.Thread.run(Thread.java:595)
There are errors in run().
com.topcoder.service.studio.contest.documentcontentservers.InvalidRequestException: Unrecognized request type: 0
	at com.topcoder.service.studio.contest.documentcontentservers.SocketDocumentContentServer$SocketDocumentContentWorker.processData(SocketDocumentContentServer.java:571)
	at com.topcoder.service.studio.contest.documentcontentservers.SocketDocumentContentServer$SocketDocumentContentWorker.run(SocketDocumentContentServer.java:442)
	at java.lang.Thread.run(Thread.java:595)
There are errors in run().
com.topcoder.service.studio.contest.documentcontentservers.InvalidRequestException: Unrecognized request type: 0
	at com.topcoder.service.studio.contest.documentcontentservers.SocketDocumentContentServer$SocketDocumentContentWorker.processData(SocketDocumentContentServer.java:571)
	at com.topcoder.service.studio.contest.documentcontentservers.SocketDocumentContentServer$SocketDocumentContentWorker.run(SocketDocumentContentServer.java:442)
	at java.lang.Thread.run(Thread.java:595)
There are errors in run().
com.topcoder.service.studio.contest.documentcontentservers.InvalidRequestException: Unrecognized request type: 0
	at com.topcoder.service.studio.contest.documentcontentservers.SocketDocumentContentServer$SocketDocumentContentWorker.processData(SocketDocumentContentServer.java:571)
	at com.topcoder.service.studio.contest.documentcontentservers.SocketDocumentContentServer$SocketDocumentContentWorker.run(SocketDocumentContentServer.java:442)
	at java.lang.Thread.run(Thread.java:595)
There are errors in run().
com.topcoder.service.studio.contest.documentcontentservers.InvalidRequestException: Unrecognized request type: 0
	at com.topcoder.service.studio.contest.documentcontentservers.SocketDocumentContentServer$SocketDocumentContentWorker.processData(SocketDocumentContentServer.java:571)
	at com.topcoder.service.studio.contest.documentcontentservers.SocketDocumentContentServer$SocketDocumentContentWorker.run(SocketDocumentContentServer.java:442)
	at java.lang.Thread.run(Thread.java:595)
There are errors in run().
com.topcoder.service.studio.contest.documentcontentservers.InvalidRequestException: Unrecognized request type: 0
	at com.topcoder.service.studio.contest.documentcontentservers.SocketDocumentContentServer$SocketDocumentContentWorker.processData(SocketDocumentContentServer.java:571)
	at com.topcoder.service.studio.contest.documentcontentservers.SocketDocumentContentServer$SocketDocumentContentWorker.run(SocketDocumentContentServer.java:442)
	at java.lang.Thread.run(Thread.java:595)
There are errors in run().
com.topcoder.service.studio.contest.documentcontentservers.InvalidRequestException: Unrecognized request type: 0
	at com.topcoder.service.studio.contest.documentcontentservers.SocketDocumentContentServer$SocketDocumentContentWorker.processData(SocketDocumentContentServer.java:571)
	at com.topcoder.service.studio.contest.documentcontentservers.SocketDocumentContentServer$SocketDocumentContentWorker.run(SocketDocumentContentServer.java:442)
	at java.lang.Thread.run(Thread.java:595)
There are errors in run().
com.topcoder.service.studio.contest.documentcontentservers.InvalidRequestException: Unrecognized request type: 0
	at com.topcoder.service.studio.contest.documentcontentservers.SocketDocumentContentServer$SocketDocumentContentWorker.processData(SocketDocumentContentServer.java:571)
	at com.topcoder.service.studio.contest.documentcontentservers.SocketDocumentContentServer$SocketDocumentContentWorker.run(SocketDocumentContentServer.java:442)
	at java.lang.Thread.run(Thread.java:595)
There are errors in run().
com.topcoder.service.studio.contest.documentcontentservers.InvalidRequestException: Unrecognized request type: 0
	at com.topcoder.service.studio.contest.documentcontentservers.SocketDocumentContentServer$SocketDocumentContentWorker.processData(SocketDocumentContentServer.java:571)
	at com.topcoder.service.studio.contest.documentcontentservers.SocketDocumentContentServer$SocketDocumentContentWorker.run(SocketDocumentContentServer.java:442)
	at java.lang.Thread.run(Thread.java:595)
There are errors in run().
com.topcoder.service.studio.contest.documentcontentservers.InvalidRequestException: Unrecognized request type: 0
	at com.topcoder.service.studio.contest.documentcontentservers.SocketDocumentContentServer$SocketDocumentContentWorker.processData(SocketDocumentContentServer.java:571)
	at com.topcoder.service.studio.contest.documentcontentservers.SocketDocumentContentServer$SocketDocumentContentWorker.run(SocketDocumentContentServer.java:442)
	at java.lang.Thread.run(Thread.java:595)
There are errors in run().
com.topcoder.service.studio.contest.documentcontentservers.InvalidRequestException: Unrecognized request type: 0
	at com.topcoder.service.studio.contest.documentcontentservers.SocketDocumentContentServer$SocketDocumentContentWorker.processData(SocketDocumentContentServer.java:571)
	at com.topcoder.service.studio.contest.documentcontentservers.SocketDocumentContentServer$SocketDocumentContentWorker.run(SocketDocumentContentServer.java:442)
	at java.lang.Thread.run(Thread.java:595)
There are errors in run().
com.topcoder.service.studio.contest.documentcontentservers.InvalidRequestException: Unrecognized request type: 0
	at com.topcoder.service.studio.contest.documentcontentservers.SocketDocumentContentServer$SocketDocumentContentWorker.processData(SocketDocumentContentServer.java:571)
	at com.topcoder.service.studio.contest.documentcontentservers.SocketDocumentContentServer$SocketDocumentContentWorker.run(SocketDocumentContentServer.java:442)
	at java.lang.Thread.run(Thread.java:595)
There are errors in run().
com.topcoder.service.studio.contest.documentcontentservers.InvalidRequestException: Unrecognized request type: 0
	at com.topcoder.service.studio.contest.documentcontentservers.SocketDocumentContentServer$SocketDocumentContentWorker.processData(SocketDocumentContentServer.java:571)
	at com.topcoder.service.studio.contest.documentcontentservers.SocketDocumentContentServer$SocketDocumentContentWorker.run(SocketDocumentContentServer.java:442)
	at java.lang.Thread.run(Thread.java:595)
There are errors in run().
com.topcoder.service.studio.contest.documentcontentservers.InvalidRequestException: Unrecognized request type: 0
	at com.topcoder.service.studio.contest.documentcontentservers.SocketDocumentContentServer$SocketDocumentContentWorker.processData(SocketDocumentContentServer.java:571)
	at com.topcoder.service.studio.contest.documentcontentservers.SocketDocumentContentServer$SocketDocumentContentWorker.run(SocketDocumentContentServer.java:442)
	at java.lang.Thread.run(Thread.java:595)
There are errors in run().
com.topcoder.service.studio.contest.documentcontentservers.InvalidRequestException: Unrecognized request type: 0
	at com.topcoder.service.studio.contest.documentcontentservers.SocketDocumentContentServer$SocketDocumentContentWorker.processData(SocketDocumentContentServer.java:571)
	at com.topcoder.service.studio.contest.documentcontentservers.SocketDocumentContentServer$SocketDocumentContentWorker.run(SocketDocumentContentServer.java:442)
	at java.lang.Thread.run(Thread.java:595)
There are errors in run().
com.topcoder.service.studio.contest.documentcontentservers.InvalidRequestException: Unrecognized request type: 0
	at com.topcoder.service.studio.contest.documentcontentservers.SocketDocumentContentServer$SocketDocumentContentWorker.processData(SocketDocumentContentServer.java:571)
	at com.topcoder.service.studio.contest.documentcontentservers.SocketDocumentContentServer$SocketDocumentContentWorker.run(SocketDocumentContentServer.java:442)
	at java.lang.Thread.run(Thread.java:595)
There are errors in run().
com.topcoder.service.studio.contest.documentcontentservers.InvalidRequestException: Unrecognized request type: 0
	at com.topcoder.service.studio.contest.documentcontentservers.SocketDocumentContentServer$SocketDocumentContentWorker.processData(SocketDocumentContentServer.java:571)
	at com.topcoder.service.studio.contest.documentcontentservers.SocketDocumentContentServer$SocketDocumentContentWorker.run(SocketDocumentContentServer.java:442)
	at java.lang.Thread.run(Thread.java:595)
There are errors in run().
com.topcoder.service.studio.contest.documentcontentservers.InvalidRequestException: Unrecognized request type: 0
	at com.topcoder.service.studio.contest.documentcontentservers.SocketDocumentContentServer$SocketDocumentContentWorker.processData(SocketDocumentContentServer.java:571)
	at com.topcoder.service.studio.contest.documentcontentservers.SocketDocumentContentServer$SocketDocumentContentWorker.run(SocketDocumentContentServer.java:442)
	at java.lang.Thread.run(Thread.java:595)
There are errors in run().
com.topcoder.service.studio.contest.documentcontentservers.InvalidRequestException: Unrecognized request type: 0
	at com.topcoder.service.studio.contest.documentcontentservers.SocketDocumentContentServer$SocketDocumentContentWorker.processData(SocketDocumentContentServer.java:571)
	at com.topcoder.service.studio.contest.documentcontentservers.SocketDocumentContentServer$SocketDocumentContentWorker.run(SocketDocumentContentServer.java:442)
	at java.lang.Thread.run(Thread.java:595)
There are errors in run().
com.topcoder.service.studio.contest.documentcontentservers.InvalidRequestException: Unrecognized request type: 0
	at com.topcoder.service.studio.contest.documentcontentservers.SocketDocumentContentServer$SocketDocumentContentWorker.processData(SocketDocumentContentServer.java:571)
	at com.topcoder.service.studio.contest.documentcontentservers.SocketDocumentContentServer$SocketDocumentContentWorker.run(SocketDocumentContentServer.java:442)
	at java.lang.Thread.run(Thread.java:595)
There are errors in run().
com.topcoder.service.studio.contest.documentcontentservers.InvalidRequestException: Unrecognized request type: 0
	at com.topcoder.service.studio.contest.documentcontentservers.SocketDocumentContentServer$SocketDocumentContentWorker.processData(SocketDocumentContentServer.java:571)
	at com.topcoder.service.studio.contest.documentcontentservers.SocketDocumentContentServer$SocketDocumentContentWorker.run(SocketDocumentContentServer.java:442)
	at java.lang.Thread.run(Thread.java:595)
There are errors in run().
com.topcoder.service.studio.contest.documentcontentservers.InvalidRequestException: Unrecognized request type: 0
	at com.topcoder.service.studio.contest.documentcontentservers.SocketDocumentContentServer$SocketDocumentContentWorker.processData(SocketDocumentContentServer.java:571)
	at com.topcoder.service.studio.contest.documentcontentservers.SocketDocumentContentServer$SocketDocumentContentWorker.run(SocketDocumentContentServer.java:442)
	at java.lang.Thread.run(Thread.java:595)
There are errors in run().
com.topcoder.service.studio.contest.documentcontentservers.InvalidRequestException: Unrecognized request type: 0
	at com.topcoder.service.studio.contest.documentcontentservers.SocketDocumentContentServer$SocketDocumentContentWorker.processData(SocketDocumentContentServer.java:571)
	at com.topcoder.service.studio.contest.documentcontentservers.SocketDocumentContentServer$SocketDocumentContentWorker.run(SocketDocumentContentServer.java:442)
	at java.lang.Thread.run(Thread.java:595)
There are errors in run().
com.topcoder.service.studio.contest.documentcontentservers.InvalidRequestException: Unrecognized request type: 0
	at com.topcoder.service.studio.contest.documentcontentservers.SocketDocumentContentServer$SocketDocumentContentWorker.processData(SocketDocumentContentServer.java:571)
	at com.topcoder.service.studio.contest.documentcontentservers.SocketDocumentContentServer$SocketDocumentContentWorker.run(SocketDocumentContentServer.java:442)
	at java.lang.Thread.run(Thread.java:595)
There are errors in run().
com.topcoder.service.studio.contest.documentcontentservers.InvalidRequestException: Unrecognized request type: 0
	at com.topcoder.service.studio.contest.documentcontentservers.SocketDocumentContentServer$SocketDocumentContentWorker.processData(SocketDocumentContentServer.java:571)
	at com.topcoder.service.studio.contest.documentcontentservers.SocketDocumentContentServer$SocketDocumentContentWorker.run(SocketDocumentContentServer.java:442)
	at java.lang.Thread.run(Thread.java:595)
There are errors in run().
com.topcoder.service.studio.contest.documentcontentservers.InvalidRequestException: Unrecognized request type: 0
	at com.topcoder.service.studio.contest.documentcontentservers.SocketDocumentContentServer$SocketDocumentContentWorker.processData(SocketDocumentContentServer.java:571)
	at com.topcoder.service.studio.contest.documentcontentservers.SocketDocumentContentServer$SocketDocumentContentWorker.run(SocketDocumentContentServer.java:442)
	at java.lang.Thread.run(Thread.java:595)
There are errors in run().
com.topcoder.service.studio.contest.documentcontentservers.InvalidRequestException: Unrecognized request type: 0
	at com.topcoder.service.studio.contest.documentcontentservers.SocketDocumentContentServer$SocketDocumentContentWorker.processData(SocketDocumentContentServer.java:571)
	at com.topcoder.service.studio.contest.documentcontentservers.SocketDocumentContentServer$SocketDocumentContentWorker.run(SocketDocumentContentServer.java:442)
	at java.lang.Thread.run(Thread.java:595)
There are errors in run().
com.topcoder.service.studio.contest.documentcontentservers.InvalidRequestException: Unrecognized request type: 0
	at com.topcoder.service.studio.contest.documentcontentservers.SocketDocumentContentServer$SocketDocumentContentWorker.processData(SocketDocumentContentServer.java:571)
	at com.topcoder.service.studio.contest.documentcontentservers.SocketDocumentContentServer$SocketDocumentContentWorker.run(SocketDocumentContentServer.java:442)
	at java.lang.Thread.run(Thread.java:595)
There are errors in run().
com.topcoder.service.studio.contest.documentcontentservers.InvalidRequestException: Unrecognized request type: 0
	at com.topcoder.service.studio.contest.documentcontentservers.SocketDocumentContentServer$SocketDocumentContentWorker.processData(SocketDocumentContentServer.java:571)
	at com.topcoder.service.studio.contest.documentcontentservers.SocketDocumentContentServer$SocketDocumentContentWorker.run(SocketDocumentContentServer.java:442)
	at java.lang.Thread.run(Thread.java:595)
There are errors in run().
com.topcoder.service.studio.contest.documentcontentservers.InvalidRequestException: Unrecognized request type: 0
	at com.topcoder.service.studio.contest.documentcontentservers.SocketDocumentContentServer$SocketDocumentContentWorker.processData(SocketDocumentContentServer.java:571)
	at com.topcoder.service.studio.contest.documentcontentservers.SocketDocumentContentServer$SocketDocumentContentWorker.run(SocketDocumentContentServer.java:442)
	at java.lang.Thread.run(Thread.java:595)
There are errors in run().
com.topcoder.service.studio.contest.documentcontentservers.InvalidRequestException: Unrecognized request type: 0
	at com.topcoder.service.studio.contest.documentcontentservers.SocketDocumentContentServer$SocketDocumentContentWorker.processData(SocketDocumentContentServer.java:571)
	at com.topcoder.service.studio.contest.documentcontentservers.SocketDocumentContentServer$SocketDocumentContentWorker.run(SocketDocumentContentServer.java:442)
	at java.lang.Thread.run(Thread.java:595)
There are errors in run().
com.topcoder.service.studio.contest.documentcontentservers.InvalidRequestException: Unrecognized request type: 0
	at com.topcoder.service.studio.contest.documentcontentservers.SocketDocumentContentServer$SocketDocumentContentWorker.processData(SocketDocumentContentServer.java:571)
	at com.topcoder.service.studio.contest.documentcontentservers.SocketDocumentContentServer$SocketDocumentContentWorker.run(SocketDocumentContentServer.java:442)
	at java.lang.Thread.run(Thread.java:595)
There are errors in run().
com.topcoder.service.studio.contest.documentcontentservers.InvalidRequestException: Unrecognized request type: 0
	at com.topcoder.service.studio.contest.documentcontentservers.SocketDocumentContentServer$SocketDocumentContentWorker.processData(SocketDocumentContentServer.java:571)
	at com.topcoder.service.studio.contest.documentcontentservers.SocketDocumentContentServer$SocketDocumentContentWorker.run(SocketDocumentContentServer.java:442)
	at java.lang.Thread.run(Thread.java:595)
There are errors in run().
com.topcoder.service.studio.contest.documentcontentservers.InvalidRequestException: Unrecognized request type: 0
	at com.topcoder.service.studio.contest.documentcontentservers.SocketDocumentContentServer$SocketDocumentContentWorker.processData(SocketDocumentContentServer.java:571)
	at com.topcoder.service.studio.contest.documentcontentservers.SocketDocumentContentServer$SocketDocumentContentWorker.run(SocketDocumentContentServer.java:442)
	at java.lang.Thread.run(Thread.java:595)
There are errors in run().
com.topcoder.service.studio.contest.documentcontentservers.InvalidRequestException: Unrecognized request type: 0
	at com.topcoder.service.studio.contest.documentcontentservers.SocketDocumentContentServer$SocketDocumentContentWorker.processData(SocketDocumentContentServer.java:571)
	at com.topcoder.service.studio.contest.documentcontentservers.SocketDocumentContentServer$SocketDocumentContentWorker.run(SocketDocumentContentServer.java:442)
	at java.lang.Thread.run(Thread.java:595)
There are errors in run().
com.topcoder.service.studio.contest.documentcontentservers.InvalidRequestException: Unrecognized request type: 0
	at com.topcoder.service.studio.contest.documentcontentservers.SocketDocumentContentServer$SocketDocumentContentWorker.processData(SocketDocumentContentServer.java:571)
	at com.topcoder.service.studio.contest.documentcontentservers.SocketDocumentContentServer$SocketDocumentContentWorker.run(SocketDocumentContentServer.java:442)
	at java.lang.Thread.run(Thread.java:595)
There are errors in run().
com.topcoder.service.studio.contest.documentcontentservers.InvalidRequestException: Unrecognized request type: 0
	at com.topcoder.service.studio.contest.documentcontentservers.SocketDocumentContentServer$SocketDocumentContentWorker.processData(SocketDocumentContentServer.java:571)
	at com.topcoder.service.studio.contest.documentcontentservers.SocketDocumentContentServer$SocketDocumentContentWorker.run(SocketDocumentContentServer.java:442)
	at java.lang.Thread.run(Thread.java:595)
There are errors in run().
com.topcoder.service.studio.contest.documentcontentservers.InvalidRequestException: Unrecognized request type: 0
	at com.topcoder.service.studio.contest.documentcontentservers.SocketDocumentContentServer$SocketDocumentContentWorker.processData(SocketDocumentContentServer.java:571)
	at com.topcoder.service.studio.contest.documentcontentservers.SocketDocumentContentServer$SocketDocumentContentWorker.run(SocketDocumentContentServer.java:442)
	at java.lang.Thread.run(Thread.java:595)
There are errors in run().
com.topcoder.service.studio.contest.documentcontentservers.InvalidRequestException: Unrecognized request type: 0
	at com.topcoder.service.studio.contest.documentcontentservers.SocketDocumentContentServer$SocketDocumentContentWorker.processData(SocketDocumentContentServer.java:571)
	at com.topcoder.service.studio.contest.documentcontentservers.SocketDocumentContentServer$SocketDocumentContentWorker.run(SocketDocumentContentServer.java:442)
	at java.lang.Thread.run(Thread.java:595)
There are errors in run().
com.topcoder.service.studio.contest.documentcontentservers.InvalidRequestException: Unrecognized request type: 0
	at com.topcoder.service.studio.contest.documentcontentservers.SocketDocumentContentServer$SocketDocumentContentWorker.processData(SocketDocumentContentServer.java:571)
	at com.topcoder.service.studio.contest.documentcontentservers.SocketDocumentContentServer$SocketDocumentContentWorker.run(SocketDocumentContentServer.java:442)
	at java.lang.Thread.run(Thread.java:595)
There are errors in run().
com.topcoder.service.studio.contest.documentcontentservers.InvalidRequestException: Unrecognized request type: 0
	at com.topcoder.service.studio.contest.documentcontentservers.SocketDocumentContentServer$SocketDocumentContentWorker.processData(SocketDocumentContentServer.java:571)
	at com.topcoder.service.studio.contest.documentcontentservers.SocketDocumentContentServer$SocketDocumentContentWorker.run(SocketDocumentContentServer.java:442)
	at java.lang.Thread.run(Thread.java:595)
There are errors in run().
com.topcoder.service.studio.contest.documentcontentservers.InvalidRequestException: Unrecognized request type: 0
	at com.topcoder.service.studio.contest.documentcontentservers.SocketDocumentContentServer$SocketDocumentContentWorker.processData(SocketDocumentContentServer.java:571)
	at com.topcoder.service.studio.contest.documentcontentservers.SocketDocumentContentServer$SocketDocumentContentWorker.run(SocketDocumentContentServer.java:442)
	at java.lang.Thread.run(Thread.java:595)
There are errors in run().
com.topcoder.service.studio.contest.documentcontentservers.InvalidRequestException: Unrecognized request type: 0
	at com.topcoder.service.studio.contest.documentcontentservers.SocketDocumentContentServer$SocketDocumentContentWorker.processData(SocketDocumentContentServer.java:571)
	at com.topcoder.service.studio.contest.documentcontentservers.SocketDocumentContentServer$SocketDocumentContentWorker.run(SocketDocumentContentServer.java:442)
	at java.lang.Thread.run(Thread.java:595)
There are errors in run().
com.topcoder.service.studio.contest.documentcontentservers.InvalidRequestException: Unrecognized request type: 0
	at com.topcoder.service.studio.contest.documentcontentservers.SocketDocumentContentServer$SocketDocumentContentWorker.processData(SocketDocumentContentServer.java:571)
	at com.topcoder.service.studio.contest.documentcontentservers.SocketDocumentContentServer$SocketDocumentContentWorker.run(SocketDocumentContentServer.java:442)
	at java.lang.Thread.run(Thread.java:595)
There are errors in run().
com.topcoder.service.studio.contest.documentcontentservers.InvalidRequestException: Unrecognized request type: 0
	at com.topcoder.service.studio.contest.documentcontentservers.SocketDocumentContentServer$SocketDocumentContentWorker.processData(SocketDocumentContentServer.java:571)
	at com.topcoder.service.studio.contest.documentcontentservers.SocketDocumentContentServer$SocketDocumentContentWorker.run(SocketDocumentContentServer.java:442)
	at java.lang.Thread.run(Thread.java:595)
There are errors in run().
com.topcoder.service.studio.contest.documentcontentservers.InvalidRequestException: Unrecognized request type: 0
	at com.topcoder.service.studio.contest.documentcontentservers.SocketDocumentContentServer$SocketDocumentContentWorker.processData(SocketDocumentContentServer.java:571)
	at com.topcoder.service.studio.contest.documentcontentservers.SocketDocumentContentServer$SocketDocumentContentWorker.run(SocketDocumentContentServer.java:442)
	at java.lang.Thread.run(Thread.java:595)
There are errors in run().
com.topcoder.service.studio.contest.documentcontentservers.InvalidRequestException: Unrecognized request type: 0
	at com.topcoder.service.studio.contest.documentcontentservers.SocketDocumentContentServer$SocketDocumentContentWorker.processData(SocketDocumentContentServer.java:571)
	at com.topcoder.service.studio.contest.documentcontentservers.SocketDocumentContentServer$SocketDocumentContentWorker.run(SocketDocumentContentServer.java:442)
	at java.lang.Thread.run(Thread.java:595)
There are errors in run().
com.topcoder.service.studio.contest.documentcontentservers.InvalidRequestException: Unrecognized request type: 0
	at com.topcoder.service.studio.contest.documentcontentservers.SocketDocumentContentServer$SocketDocumentContentWorker.processData(SocketDocumentContentServer.java:571)
	at com.topcoder.service.studio.contest.documentcontentservers.SocketDocumentContentServer$SocketDocumentContentWorker.run(SocketDocumentContentServer.java:442)
	at java.lang.Thread.run(Thread.java:595)
There are errors in run().
com.topcoder.service.studio.contest.documentcontentservers.InvalidRequestException: Unrecognized request type: 0
	at com.topcoder.service.studio.contest.documentcontentservers.SocketDocumentContentServer$SocketDocumentContentWorker.processData(SocketDocumentContentServer.java:571)
	at com.topcoder.service.studio.contest.documentcontentservers.SocketDocumentContentServer$SocketDocumentContentWorker.run(SocketDocumentContentServer.java:442)
	at java.lang.Thread.run(Thread.java:595)
There are errors in run().
com.topcoder.service.studio.contest.documentcontentservers.InvalidRequestException: Unrecognized request type: 0
	at com.topcoder.service.studio.contest.documentcontentservers.SocketDocumentContentServer$SocketDocumentContentWorker.processData(SocketDocumentContentServer.java:571)
	at com.topcoder.service.studio.contest.documentcontentservers.SocketDocumentContentServer$SocketDocumentContentWorker.run(SocketDocumentContentServer.java:442)
	at java.lang.Thread.run(Thread.java:595)
There are errors in run().
com.topcoder.service.studio.contest.documentcontentservers.InvalidRequestException: Unrecognized request type: 0
	at com.topcoder.service.studio.contest.documentcontentservers.SocketDocumentContentServer$SocketDocumentContentWorker.processData(SocketDocumentContentServer.java:571)
	at com.topcoder.service.studio.contest.documentcontentservers.SocketDocumentContentServer$SocketDocumentContentWorker.run(SocketDocumentContentServer.java:442)
	at java.lang.Thread.run(Thread.java:595)
There are errors in run().
com.topcoder.service.studio.contest.documentcontentservers.InvalidRequestException: Unrecognized request type: 0
	at com.topcoder.service.studio.contest.documentcontentservers.SocketDocumentContentServer$SocketDocumentContentWorker.processData(SocketDocumentContentServer.java:571)
	at com.topcoder.service.studio.contest.documentcontentservers.SocketDocumentContentServer$SocketDocumentContentWorker.run(SocketDocumentContentServer.java:442)
	at java.lang.Thread.run(Thread.java:595)
There are errors in run().
com.topcoder.service.studio.contest.documentcontentservers.InvalidRequestException: Unrecognized request type: 0
	at com.topcoder.service.studio.contest.documentcontentservers.SocketDocumentContentServer$SocketDocumentContentWorker.processData(SocketDocumentContentServer.java:571)
	at com.topcoder.service.studio.contest.documentcontentservers.SocketDocumentContentServer$SocketDocumentContentWorker.run(SocketDocumentContentServer.java:442)
	at java.lang.Thread.run(Thread.java:595)
There are errors in run().
com.topcoder.service.studio.contest.documentcontentservers.InvalidRequestException: Unrecognized request type: 0
	at com.topcoder.service.studio.contest.documentcontentservers.SocketDocumentContentServer$SocketDocumentContentWorker.processData(SocketDocumentContentServer.java:571)
	at com.topcoder.service.studio.contest.documentcontentservers.SocketDocumentContentServer$SocketDocumentContentWorker.run(SocketDocumentContentServer.java:442)
	at java.lang.Thread.run(Thread.java:595)
There are errors in run().
com.topcoder.service.studio.contest.documentcontentservers.InvalidRequestException: Unrecognized request type: 0
	at com.topcoder.service.studio.contest.documentcontentservers.SocketDocumentContentServer$SocketDocumentContentWorker.processData(SocketDocumentContentServer.java:571)
	at com.topcoder.service.studio.contest.documentcontentservers.SocketDocumentContentServer$SocketDocumentContentWorker.run(SocketDocumentContentServer.java:442)
	at java.lang.Thread.run(Thread.java:595)
There are errors in run().
com.topcoder.service.studio.contest.documentcontentservers.InvalidRequestException: Unrecognized request type: 0
	at com.topcoder.service.studio.contest.documentcontentservers.SocketDocumentContentServer$SocketDocumentContentWorker.processData(SocketDocumentContentServer.java:571)
	at com.topcoder.service.studio.contest.documentcontentservers.SocketDocumentContentServer$SocketDocumentContentWorker.run(SocketDocumentContentServer.java:442)
	at java.lang.Thread.run(Thread.java:595)
There are errors in run().
com.topcoder.service.studio.contest.documentcontentservers.InvalidRequestException: Unrecognized request type: 0
	at com.topcoder.service.studio.contest.documentcontentservers.SocketDocumentContentServer$SocketDocumentContentWorker.processData(SocketDocumentContentServer.java:571)
	at com.topcoder.service.studio.contest.documentcontentservers.SocketDocumentContentServer$SocketDocumentContentWorker.run(SocketDocumentContentServer.java:442)
	at java.lang.Thread.run(Thread.java:595)
There are errors in run().
com.topcoder.service.studio.contest.documentcontentservers.InvalidRequestException: Unrecognized request type: 0
	at com.topcoder.service.studio.contest.documentcontentservers.SocketDocumentContentServer$SocketDocumentContentWorker.processData(SocketDocumentContentServer.java:571)
	at com.topcoder.service.studio.contest.documentcontentservers.SocketDocumentContentServer$SocketDocumentContentWorker.run(SocketDocumentContentServer.java:442)
	at java.lang.Thread.run(Thread.java:595)
There are errors in run().
com.topcoder.service.studio.contest.documentcontentservers.InvalidRequestException: Unrecognized request type: 0
	at com.topcoder.service.studio.contest.documentcontentservers.SocketDocumentContentServer$SocketDocumentContentWorker.processData(SocketDocumentContentServer.java:571)
	at com.topcoder.service.studio.contest.documentcontentservers.SocketDocumentContentServer$SocketDocumentContentWorker.run(SocketDocumentContentServer.java:442)
	at java.lang.Thread.run(Thread.java:595)
There are errors in run().
com.topcoder.service.studio.contest.documentcontentservers.InvalidRequestException: Unrecognized request type: 0
	at com.topcoder.service.studio.contest.documentcontentservers.SocketDocumentContentServer$SocketDocumentContentWorker.processData(SocketDocumentContentServer.java:571)
	at com.topcoder.service.studio.contest.documentcontentservers.SocketDocumentContentServer$SocketDocumentContentWorker.run(SocketDocumentContentServer.java:442)
	at java.lang.Thread.run(Thread.java:595)
There are errors in run().
com.topcoder.service.studio.contest.documentcontentservers.InvalidRequestException: Unrecognized request type: 0
	at com.topcoder.service.studio.contest.documentcontentservers.SocketDocumentContentServer$SocketDocumentContentWorker.processData(SocketDocumentContentServer.java:571)
	at com.topcoder.service.studio.contest.documentcontentservers.SocketDocumentContentServer$SocketDocumentContentWorker.run(SocketDocumentContentServer.java:442)
	at java.lang.Thread.run(Thread.java:595)
There are errors in run().
com.topcoder.service.studio.contest.documentcontentservers.InvalidRequestException: Unrecognized request type: 0
	at com.topcoder.service.studio.contest.documentcontentservers.SocketDocumentContentServer$SocketDocumentContentWorker.processData(SocketDocumentContentServer.java:571)
	at com.topcoder.service.studio.contest.documentcontentservers.SocketDocumentContentServer$SocketDocumentContentWorker.run(SocketDocumentContentServer.java:442)
	at java.lang.Thread.run(Thread.java:595)
There are errors in run().
com.topcoder.service.studio.contest.documentcontentservers.InvalidRequestException: Unrecognized request type: 0
	at com.topcoder.service.studio.contest.documentcontentservers.SocketDocumentContentServer$SocketDocumentContentWorker.processData(SocketDocumentContentServer.java:571)
	at com.topcoder.service.studio.contest.documentcontentservers.SocketDocumentContentServer$SocketDocumentContentWorker.run(SocketDocumentContentServer.java:442)
	at java.lang.Thread.run(Thread.java:595)
There are errors in run().
com.topcoder.service.studio.contest.documentcontentservers.InvalidRequestException: Unrecognized request type: 0
	at com.topcoder.service.studio.contest.documentcontentservers.SocketDocumentContentServer$SocketDocumentContentWorker.processData(SocketDocumentContentServer.java:571)
	at com.topcoder.service.studio.contest.documentcontentservers.SocketDocumentContentServer$SocketDocumentContentWorker.run(SocketDocumentContentServer.java:442)
	at java.lang.Thread.run(Thread.java:595)
There are errors in run().
com.topcoder.service.studio.contest.documentcontentservers.InvalidRequestException: Unrecognized request type: 0
	at com.topcoder.service.studio.contest.documentcontentservers.SocketDocumentContentServer$SocketDocumentContentWorker.processData(SocketDocumentContentServer.java:571)
	at com.topcoder.service.studio.contest.documentcontentservers.SocketDocumentContentServer$SocketDocumentContentWorker.run(SocketDocumentContentServer.java:442)
	at java.lang.Thread.run(Thread.java:595)
There are errors in run().
com.topcoder.service.studio.contest.documentcontentservers.InvalidRequestException: Unrecognized request type: 0
	at com.topcoder.service.studio.contest.documentcontentservers.SocketDocumentContentServer$SocketDocumentContentWorker.processData(SocketDocumentContentServer.java:571)
	at com.topcoder.service.studio.contest.documentcontentservers.SocketDocumentContentServer$SocketDocumentContentWorker.run(SocketDocumentContentServer.java:442)
	at java.lang.Thread.run(Thread.java:595)
There are errors in run().
com.topcoder.service.studio.contest.documentcontentservers.InvalidRequestException: Unrecognized request type: 0
	at com.topcoder.service.studio.contest.documentcontentservers.SocketDocumentContentServer$SocketDocumentContentWorker.processData(SocketDocumentContentServer.java:571)
	at com.topcoder.service.studio.contest.documentcontentservers.SocketDocumentContentServer$SocketDocumentContentWorker.run(SocketDocumentContentServer.java:442)
	at java.lang.Thread.run(Thread.java:595)
There are errors in run().
com.topcoder.service.studio.contest.documentcontentservers.InvalidRequestException: Unrecognized request type: 0
	at com.topcoder.service.studio.contest.documentcontentservers.SocketDocumentContentServer$SocketDocumentContentWorker.processData(SocketDocumentContentServer.java:571)
	at com.topcoder.service.studio.contest.documentcontentservers.SocketDocumentContentServer$SocketDocumentContentWorker.run(SocketDocumentContentServer.java:442)
	at java.lang.Thread.run(Thread.java:595)
There are errors in run().
com.topcoder.service.studio.contest.documentcontentservers.InvalidRequestException: Unrecognized request type: 0
	at com.topcoder.service.studio.contest.documentcontentservers.SocketDocumentContentServer$SocketDocumentContentWorker.processData(SocketDocumentContentServer.java:571)
	at com.topcoder.service.studio.contest.documentcontentservers.SocketDocumentContentServer$SocketDocumentContentWorker.run(SocketDocumentContentServer.java:442)
	at java.lang.Thread.run(Thread.java:595)
There are errors in run().
com.topcoder.service.studio.contest.documentcontentservers.InvalidRequestException: Unrecognized request type: 0
	at com.topcoder.service.studio.contest.documentcontentservers.SocketDocumentContentServer$SocketDocumentContentWorker.processData(SocketDocumentContentServer.java:571)
	at com.topcoder.service.studio.contest.documentcontentservers.SocketDocumentContentServer$SocketDocumentContentWorker.run(SocketDocumentContentServer.java:442)
	at java.lang.Thread.run(Thread.java:595)
There are errors in run().
com.topcoder.service.studio.contest.documentcontentservers.InvalidRequestException: Unrecognized request type: 0
	at com.topcoder.service.studio.contest.documentcontentservers.SocketDocumentContentServer$SocketDocumentContentWorker.processData(SocketDocumentContentServer.java:571)
	at com.topcoder.service.studio.contest.documentcontentservers.SocketDocumentContentServer$SocketDocumentContentWorker.run(SocketDocumentContentServer.java:442)
	at java.lang.Thread.run(Thread.java:595)
There are errors in run().
com.topcoder.service.studio.contest.documentcontentservers.InvalidRequestException: Unrecognized request type: 0
	at com.topcoder.service.studio.contest.documentcontentservers.SocketDocumentContentServer$SocketDocumentContentWorker.processData(SocketDocumentContentServer.java:571)
	at com.topcoder.service.studio.contest.documentcontentservers.SocketDocumentContentServer$SocketDocumentContentWorker.run(SocketDocumentContentServer.java:442)
	at java.lang.Thread.run(Thread.java:595)
There are errors in run().
com.topcoder.service.studio.contest.documentcontentservers.InvalidRequestException: Unrecognized request type: 0
	at com.topcoder.service.studio.contest.documentcontentservers.SocketDocumentContentServer$SocketDocumentContentWorker.processData(SocketDocumentContentServer.java:571)
	at com.topcoder.service.studio.contest.documentcontentservers.SocketDocumentContentServer$SocketDocumentContentWorker.run(SocketDocumentContentServer.java:442)
	at java.lang.Thread.run(Thread.java:595)
There are errors in run().
com.topcoder.service.studio.contest.documentcontentservers.InvalidRequestException: Unrecognized request type: 0
	at com.topcoder.service.studio.contest.documentcontentservers.SocketDocumentContentServer$SocketDocumentContentWorker.processData(SocketDocumentContentServer.java:571)
	at com.topcoder.service.studio.contest.documentcontentservers.SocketDocumentContentServer$SocketDocumentContentWorker.run(SocketDocumentContentServer.java:442)
	at java.lang.Thread.run(Thread.java:595)
There are errors in run().
com.topcoder.service.studio.contest.documentcontentservers.InvalidRequestException: Unrecognized request type: 0
	at com.topcoder.service.studio.contest.documentcontentservers.SocketDocumentContentServer$SocketDocumentContentWorker.processData(SocketDocumentContentServer.java:571)
	at com.topcoder.service.studio.contest.documentcontentservers.SocketDocumentContentServer$SocketDocumentContentWorker.run(SocketDocumentContentServer.java:442)
	at java.lang.Thread.run(Thread.java:595)
There are errors in run().
com.topcoder.service.studio.contest.documentcontentservers.InvalidRequestException: Unrecognized request type: 0
	at com.topcoder.service.studio.contest.documentcontentservers.SocketDocumentContentServer$SocketDocumentContentWorker.processData(SocketDocumentContentServer.java:571)
	at com.topcoder.service.studio.contest.documentcontentservers.SocketDocumentContentServer$SocketDocumentContentWorker.run(SocketDocumentContentServer.java:442)
	at java.lang.Thread.run(Thread.java:595)
There are errors in run().
com.topcoder.service.studio.contest.documentcontentservers.InvalidRequestException: Unrecognized request type: 0
	at com.topcoder.service.studio.contest.documentcontentservers.SocketDocumentContentServer$SocketDocumentContentWorker.processData(SocketDocumentContentServer.java:571)
	at com.topcoder.service.studio.contest.documentcontentservers.SocketDocumentContentServer$SocketDocumentContentWorker.run(SocketDocumentContentServer.java:442)
	at java.lang.Thread.run(Thread.java:595)
There are errors in run().
com.topcoder.service.studio.contest.documentcontentservers.InvalidRequestException: Unrecognized request type: 0
	at com.topcoder.service.studio.contest.documentcontentservers.SocketDocumentContentServer$SocketDocumentContentWorker.processData(SocketDocumentContentServer.java:571)
	at com.topcoder.service.studio.contest.documentcontentservers.SocketDocumentContentServer$SocketDocumentContentWorker.run(SocketDocumentContentServer.java:442)
	at java.lang.Thread.run(Thread.java:595)
There are errors in run().
com.topcoder.service.studio.contest.documentcontentservers.InvalidRequestException: Unrecognized request type: 0
	at com.topcoder.service.studio.contest.documentcontentservers.SocketDocumentContentServer$SocketDocumentContentWorker.processData(SocketDocumentContentServer.java:571)
	at com.topcoder.service.studio.contest.documentcontentservers.SocketDocumentContentServer$SocketDocumentContentWorker.run(SocketDocumentContentServer.java:442)
	at java.lang.Thread.run(Thread.java:595)
There are errors in run().
com.topcoder.service.studio.contest.documentcontentservers.InvalidRequestException: Unrecognized request type: 0
	at com.topcoder.service.studio.contest.documentcontentservers.SocketDocumentContentServer$SocketDocumentContentWorker.processData(SocketDocumentContentServer.java:571)
	at com.topcoder.service.studio.contest.documentcontentservers.SocketDocumentContentServer$SocketDocumentContentWorker.run(SocketDocumentContentServer.java:442)
	at java.lang.Thread.run(Thread.java:595)
There are errors in run().
com.topcoder.service.studio.contest.documentcontentservers.InvalidRequestException: Unrecognized request type: 0
	at com.topcoder.service.studio.contest.documentcontentservers.SocketDocumentContentServer$SocketDocumentContentWorker.processData(SocketDocumentContentServer.java:571)
	at com.topcoder.service.studio.contest.documentcontentservers.SocketDocumentContentServer$SocketDocumentContentWorker.run(SocketDocumentContentServer.java:442)
	at java.lang.Thread.run(Thread.java:595)
There are errors in run().
com.topcoder.service.studio.contest.documentcontentservers.InvalidRequestException: Unrecognized request type: 0
	at com.topcoder.service.studio.contest.documentcontentservers.SocketDocumentContentServer$SocketDocumentContentWorker.processData(SocketDocumentContentServer.java:571)
	at com.topcoder.service.studio.contest.documentcontentservers.SocketDocumentContentServer$SocketDocumentContentWorker.run(SocketDocumentContentServer.java:442)
	at java.lang.Thread.run(Thread.java:595)
There are errors in run().
com.topcoder.service.studio.contest.documentcontentservers.InvalidRequestException: Unrecognized request type: 0
	at com.topcoder.service.studio.contest.documentcontentservers.SocketDocumentContentServer$SocketDocumentContentWorker.processData(SocketDocumentContentServer.java:571)
	at com.topcoder.service.studio.contest.documentcontentservers.SocketDocumentContentServer$SocketDocumentContentWorker.run(SocketDocumentContentServer.java:442)
	at java.lang.Thread.run(Thread.java:595)
There are errors in run().
com.topcoder.service.studio.contest.documentcontentservers.InvalidRequestException: Unrecognized request type: 0
	at com.topcoder.service.studio.contest.documentcontentservers.SocketDocumentContentServer$SocketDocumentContentWorker.processData(SocketDocumentContentServer.java:571)
	at com.topcoder.service.studio.contest.documentcontentservers.SocketDocumentContentServer$SocketDocumentContentWorker.run(SocketDocumentContentServer.java:442)
	at java.lang.Thread.run(Thread.java:595)
There are errors in run().
com.topcoder.service.studio.contest.documentcontentservers.InvalidRequestException: Unrecognized request type: 0
	at com.topcoder.service.studio.contest.documentcontentservers.SocketDocumentContentServer$SocketDocumentContentWorker.processData(SocketDocumentContentServer.java:571)
	at com.topcoder.service.studio.contest.documentcontentservers.SocketDocumentContentServer$SocketDocumentContentWorker.run(SocketDocumentContentServer.java:442)
	at java.lang.Thread.run(Thread.java:595)
There are errors in run().
com.topcoder.service.studio.contest.documentcontentservers.InvalidRequestException: Unrecognized request type: 0
	at com.topcoder.service.studio.contest.documentcontentservers.SocketDocumentContentServer$SocketDocumentContentWorker.processData(SocketDocumentContentServer.java:571)
	at com.topcoder.service.studio.contest.documentcontentservers.SocketDocumentContentServer$SocketDocumentContentWorker.run(SocketDocumentContentServer.java:442)
	at java.lang.Thread.run(Thread.java:595)
There are errors in run().
com.topcoder.service.studio.contest.documentcontentservers.InvalidRequestException: Unrecognized request type: 0
	at com.topcoder.service.studio.contest.documentcontentservers.SocketDocumentContentServer$SocketDocumentContentWorker.processData(SocketDocumentContentServer.java:571)
	at com.topcoder.service.studio.contest.documentcontentservers.SocketDocumentContentServer$SocketDocumentContentWorker.run(SocketDocumentContentServer.java:442)
	at java.lang.Thread.run(Thread.java:595)
There are errors in run().
com.topcoder.service.studio.contest.documentcontentservers.InvalidRequestException: Unrecognized request type: 0
	at com.topcoder.service.studio.contest.documentcontentservers.SocketDocumentContentServer$SocketDocumentContentWorker.processData(SocketDocumentContentServer.java:571)
	at com.topcoder.service.studio.contest.documentcontentservers.SocketDocumentContentServer$SocketDocumentContentWorker.run(SocketDocumentContentServer.java:442)
	at java.lang.Thread.run(Thread.java:595)
There are errors in run().
com.topcoder.service.studio.contest.documentcontentservers.InvalidRequestException: Unrecognized request type: 0
	at com.topcoder.service.studio.contest.documentcontentservers.SocketDocumentContentServer$SocketDocumentContentWorker.processData(SocketDocumentContentServer.java:571)
	at com.topcoder.service.studio.contest.documentcontentservers.SocketDocumentContentServer$SocketDocumentContentWorker.run(SocketDocumentContentServer.java:442)
	at java.lang.Thread.run(Thread.java:595)
There are errors in run().
com.topcoder.service.studio.contest.documentcontentservers.InvalidRequestException: Unrecognized request type: 0
	at com.topcoder.service.studio.contest.documentcontentservers.SocketDocumentContentServer$SocketDocumentContentWorker.processData(SocketDocumentContentServer.java:571)
	at com.topcoder.service.studio.contest.documentcontentservers.SocketDocumentContentServer$SocketDocumentContentWorker.run(SocketDocumentContentServer.java:442)
	at java.lang.Thread.run(Thread.java:595)
There are errors in run().
com.topcoder.service.studio.contest.documentcontentservers.InvalidRequestException: Unrecognized request type: 0
	at com.topcoder.service.studio.contest.documentcontentservers.SocketDocumentContentServer$SocketDocumentContentWorker.processData(SocketDocumentContentServer.java:571)
	at com.topcoder.service.studio.contest.documentcontentservers.SocketDocumentContentServer$SocketDocumentContentWorker.run(SocketDocumentContentServer.java:442)
	at java.lang.Thread.run(Thread.java:595)
There are errors in run().
com.topcoder.service.studio.contest.documentcontentservers.InvalidRequestException: Unrecognized request type: 0
	at com.topcoder.service.studio.contest.documentcontentservers.SocketDocumentContentServer$SocketDocumentContentWorker.processData(SocketDocumentContentServer.java:571)
	at com.topcoder.service.studio.contest.documentcontentservers.SocketDocumentContentServer$SocketDocumentContentWorker.run(SocketDocumentContentServer.java:442)
	at java.lang.Thread.run(Thread.java:595)
There are errors in run().
com.topcoder.service.studio.contest.documentcontentservers.InvalidRequestException: Unrecognized request type: 0
	at com.topcoder.service.studio.contest.documentcontentservers.SocketDocumentContentServer$SocketDocumentContentWorker.processData(SocketDocumentContentServer.java:571)
	at com.topcoder.service.studio.contest.documentcontentservers.SocketDocumentContentServer$SocketDocumentContentWorker.run(SocketDocumentContentServer.java:442)
	at java.lang.Thread.run(Thread.java:595)
There are errors in run().
com.topcoder.service.studio.contest.documentcontentservers.InvalidRequestException: Unrecognized request type: 0
	at com.topcoder.service.studio.contest.documentcontentservers.SocketDocumentContentServer$SocketDocumentContentWorker.processData(SocketDocumentContentServer.java:571)
	at com.topcoder.service.studio.contest.documentcontentservers.SocketDocumentContentServer$SocketDocumentContentWorker.run(SocketDocumentContentServer.java:442)
	at java.lang.Thread.run(Thread.java:595)
There are errors in run().
com.topcoder.service.studio.contest.documentcontentservers.InvalidRequestException: Unrecognized request type: 0
	at com.topcoder.service.studio.contest.documentcontentservers.SocketDocumentContentServer$SocketDocumentContentWorker.processData(SocketDocumentContentServer.java:571)
	at com.topcoder.service.studio.contest.documentcontentservers.SocketDocumentContentServer$SocketDocumentContentWorker.run(SocketDocumentContentServer.java:442)
	at java.lang.Thread.run(Thread.java:595)
There are errors in run().
com.topcoder.service.studio.contest.documentcontentservers.InvalidRequestException: Unrecognized request type: 0
	at com.topcoder.service.studio.contest.documentcontentservers.SocketDocumentContentServer$SocketDocumentContentWorker.processData(SocketDocumentContentServer.java:571)
	at com.topcoder.service.studio.contest.documentcontentservers.SocketDocumentContentServer$SocketDocumentContentWorker.run(SocketDocumentContentServer.java:442)
	at java.lang.Thread.run(Thread.java:595)
There are errors in run().
com.topcoder.service.studio.contest.documentcontentservers.InvalidRequestException: Unrecognized request type: 0
	at com.topcoder.service.studio.contest.documentcontentservers.SocketDocumentContentServer$SocketDocumentContentWorker.processData(SocketDocumentContentServer.java:571)
	at com.topcoder.service.studio.contest.documentcontentservers.SocketDocumentContentServer$SocketDocumentContentWorker.run(SocketDocumentContentServer.java:442)
	at java.lang.Thread.run(Thread.java:595)
There are errors in run().
com.topcoder.service.studio.contest.documentcontentservers.InvalidRequestException: Unrecognized request type: 0
	at com.topcoder.service.studio.contest.documentcontentservers.SocketDocumentContentServer$SocketDocumentContentWorker.processData(SocketDocumentContentServer.java:571)
	at com.topcoder.service.studio.contest.documentcontentservers.SocketDocumentContentServer$SocketDocumentContentWorker.run(SocketDocumentContentServer.java:442)
	at java.lang.Thread.run(Thread.java:595)
There are errors in run().
com.topcoder.service.studio.contest.documentcontentservers.InvalidRequestException: Unrecognized request type: 0
	at com.topcoder.service.studio.contest.documentcontentservers.SocketDocumentContentServer$SocketDocumentContentWorker.processData(SocketDocumentContentServer.java:571)
	at com.topcoder.service.studio.contest.documentcontentservers.SocketDocumentContentServer$SocketDocumentContentWorker.run(SocketDocumentContentServer.java:442)
	at java.lang.Thread.run(Thread.java:595)
There are errors in run().
com.topcoder.service.studio.contest.documentcontentservers.InvalidRequestException: Unrecognized request type: 0
	at com.topcoder.service.studio.contest.documentcontentservers.SocketDocumentContentServer$SocketDocumentContentWorker.processData(SocketDocumentContentServer.java:571)
	at com.topcoder.service.studio.contest.documentcontentservers.SocketDocumentContentServer$SocketDocumentContentWorker.run(SocketDocumentContentServer.java:442)
	at java.lang.Thread.run(Thread.java:595)
There are errors in run().
com.topcoder.service.studio.contest.documentcontentservers.InvalidRequestException: Unrecognized request type: 0
	at com.topcoder.service.studio.contest.documentcontentservers.SocketDocumentContentServer$SocketDocumentContentWorker.processData(SocketDocumentContentServer.java:571)
	at com.topcoder.service.studio.contest.documentcontentservers.SocketDocumentContentServer$SocketDocumentContentWorker.run(SocketDocumentContentServer.java:442)
	at java.lang.Thread.run(Thread.java:595)
There are errors in run().
com.topcoder.service.studio.contest.documentcontentservers.InvalidRequestException: Unrecognized request type: 0
	at com.topcoder.service.studio.contest.documentcontentservers.SocketDocumentContentServer$SocketDocumentContentWorker.processData(SocketDocumentContentServer.java:571)
	at com.topcoder.service.studio.contest.documentcontentservers.SocketDocumentContentServer$SocketDocumentContentWorker.run(SocketDocumentContentServer.java:442)
	at java.lang.Thread.run(Thread.java:595)
There are errors in run().
com.topcoder.service.studio.contest.documentcontentservers.InvalidRequestException: Unrecognized request type: 0
	at com.topcoder.service.studio.contest.documentcontentservers.SocketDocumentContentServer$SocketDocumentContentWorker.processData(SocketDocumentContentServer.java:571)
	at com.topcoder.service.studio.contest.documentcontentservers.SocketDocumentContentServer$SocketDocumentContentWorker.run(SocketDocumentContentServer.java:442)
	at java.lang.Thread.run(Thread.java:595)
There are errors in run().
com.topcoder.service.studio.contest.documentcontentservers.InvalidRequestException: Unrecognized request type: 0
	at com.topcoder.service.studio.contest.documentcontentservers.SocketDocumentContentServer$SocketDocumentContentWorker.processData(SocketDocumentContentServer.java:571)
	at com.topcoder.service.studio.contest.documentcontentservers.SocketDocumentContentServer$SocketDocumentContentWorker.run(SocketDocumentContentServer.java:442)
	at java.lang.Thread.run(Thread.java:595)
There are errors in run().
com.topcoder.service.studio.contest.documentcontentservers.InvalidRequestException: Unrecognized request type: 0
	at com.topcoder.service.studio.contest.documentcontentservers.SocketDocumentContentServer$SocketDocumentContentWorker.processData(SocketDocumentContentServer.java:571)
	at com.topcoder.service.studio.contest.documentcontentservers.SocketDocumentContentServer$SocketDocumentContentWorker.run(SocketDocumentContentServer.java:442)
	at java.lang.Thread.run(Thread.java:595)
There are errors in run().
com.topcoder.service.studio.contest.documentcontentservers.InvalidRequestException: Unrecognized request type: 0
	at com.topcoder.service.studio.contest.documentcontentservers.SocketDocumentContentServer$SocketDocumentContentWorker.processData(SocketDocumentContentServer.java:571)
	at com.topcoder.service.studio.contest.documentcontentservers.SocketDocumentContentServer$SocketDocumentContentWorker.run(SocketDocumentContentServer.java:442)
	at java.lang.Thread.run(Thread.java:595)
There are errors in run().
com.topcoder.service.studio.contest.documentcontentservers.InvalidRequestException: Unrecognized request type: 0
	at com.topcoder.service.studio.contest.documentcontentservers.SocketDocumentContentServer$SocketDocumentContentWorker.processData(SocketDocumentContentServer.java:571)
	at com.topcoder.service.studio.contest.documentcontentservers.SocketDocumentContentServer$SocketDocumentContentWorker.run(SocketDocumentContentServer.java:442)
	at java.lang.Thread.run(Thread.java:595)
There are errors in run().
com.topcoder.service.studio.contest.documentcontentservers.InvalidRequestException: Unrecognized request type: 0
	at com.topcoder.service.studio.contest.documentcontentservers.SocketDocumentContentServer$SocketDocumentContentWorker.processData(SocketDocumentContentServer.java:571)
	at com.topcoder.service.studio.contest.documentcontentservers.SocketDocumentContentServer$SocketDocumentContentWorker.run(SocketDocumentContentServer.java:442)
	at java.lang.Thread.run(Thread.java:595)
There are errors in run().
com.topcoder.service.studio.contest.documentcontentservers.InvalidRequestException: Unrecognized request type: 0
	at com.topcoder.service.studio.contest.documentcontentservers.SocketDocumentContentServer$SocketDocumentContentWorker.processData(SocketDocumentContentServer.java:571)
	at com.topcoder.service.studio.contest.documentcontentservers.SocketDocumentContentServer$SocketDocumentContentWorker.run(SocketDocumentContentServer.java:442)
	at java.lang.Thread.run(Thread.java:595)
There are errors in run().
com.topcoder.service.studio.contest.documentcontentservers.InvalidRequestException: Unrecognized request type: 0
	at com.topcoder.service.studio.contest.documentcontentservers.SocketDocumentContentServer$SocketDocumentContentWorker.processData(SocketDocumentContentServer.java:571)
	at com.topcoder.service.studio.contest.documentcontentservers.SocketDocumentContentServer$SocketDocumentContentWorker.run(SocketDocumentContentServer.java:442)
	at java.lang.Thread.run(Thread.java:595)
There are errors in run().
com.topcoder.service.studio.contest.documentcontentservers.InvalidRequestException: Unrecognized request type: 0
	at com.topcoder.service.studio.contest.documentcontentservers.SocketDocumentContentServer$SocketDocumentContentWorker.processData(SocketDocumentContentServer.java:571)
	at com.topcoder.service.studio.contest.documentcontentservers.SocketDocumentContentServer$SocketDocumentContentWorker.run(SocketDocumentContentServer.java:442)
	at java.lang.Thread.run(Thread.java:595)
There are errors in run().
com.topcoder.service.studio.contest.documentcontentservers.InvalidRequestException: Unrecognized request type: 0
	at com.topcoder.service.studio.contest.documentcontentservers.SocketDocumentContentServer$SocketDocumentContentWorker.processData(SocketDocumentContentServer.java:571)
	at com.topcoder.service.studio.contest.documentcontentservers.SocketDocumentContentServer$SocketDocumentContentWorker.run(SocketDocumentContentServer.java:442)
	at java.lang.Thread.run(Thread.java:595)
There are errors in run().
com.topcoder.service.studio.contest.documentcontentservers.InvalidRequestException: Unrecognized request type: 0
	at com.topcoder.service.studio.contest.documentcontentservers.SocketDocumentContentServer$SocketDocumentContentWorker.processData(SocketDocumentContentServer.java:571)
	at com.topcoder.service.studio.contest.documentcontentservers.SocketDocumentContentServer$SocketDocumentContentWorker.run(SocketDocumentContentServer.java:442)
	at java.lang.Thread.run(Thread.java:595)
There are errors in run().
com.topcoder.service.studio.contest.documentcontentservers.InvalidRequestException: Unrecognized request type: 0
	at com.topcoder.service.studio.contest.documentcontentservers.SocketDocumentContentServer$SocketDocumentContentWorker.processData(SocketDocumentContentServer.java:571)
	at com.topcoder.service.studio.contest.documentcontentservers.SocketDocumentContentServer$SocketDocumentContentWorker.run(SocketDocumentContentServer.java:442)
	at java.lang.Thread.run(Thread.java:595)
There are errors in run().
com.topcoder.service.studio.contest.documentcontentservers.InvalidRequestException: Unrecognized request type: 0
	at com.topcoder.service.studio.contest.documentcontentservers.SocketDocumentContentServer$SocketDocumentContentWorker.processData(SocketDocumentContentServer.java:571)
	at com.topcoder.service.studio.contest.documentcontentservers.SocketDocumentContentServer$SocketDocumentContentWorker.run(SocketDocumentContentServer.java:442)
	at java.lang.Thread.run(Thread.java:595)
There are errors in run().
com.topcoder.service.studio.contest.documentcontentservers.InvalidRequestException: Unrecognized request type: 0
	at com.topcoder.service.studio.contest.documentcontentservers.SocketDocumentContentServer$SocketDocumentContentWorker.processData(SocketDocumentContentServer.java:571)
	at com.topcoder.service.studio.contest.documentcontentservers.SocketDocumentContentServer$SocketDocumentContentWorker.run(SocketDocumentContentServer.java:442)
	at java.lang.Thread.run(Thread.java:595)
There are errors in run().
com.topcoder.service.studio.contest.documentcontentservers.InvalidRequestException: Unrecognized request type: 0
	at com.topcoder.service.studio.contest.documentcontentservers.SocketDocumentContentServer$SocketDocumentContentWorker.processData(SocketDocumentContentServer.java:571)
	at com.topcoder.service.studio.contest.documentcontentservers.SocketDocumentContentServer$SocketDocumentContentWorker.run(SocketDocumentContentServer.java:442)
	at java.lang.Thread.run(Thread.java:595)
There are errors in run().
com.topcoder.service.studio.contest.documentcontentservers.InvalidRequestException: Unrecognized request type: 0
	at com.topcoder.service.studio.contest.documentcontentservers.SocketDocumentContentServer$SocketDocumentContentWorker.processData(SocketDocumentContentServer.java:571)
	at com.topcoder.service.studio.contest.documentcontentservers.SocketDocumentContentServer$SocketDocumentContentWorker.run(SocketDocumentContentServer.java:442)
	at java.lang.Thread.run(Thread.java:595)
There are errors in run().
com.topcoder.service.studio.contest.documentcontentservers.InvalidRequestException: Unrecognized request type: 0
	at com.topcoder.service.studio.contest.documentcontentservers.SocketDocumentContentServer$SocketDocumentContentWorker.processData(SocketDocumentContentServer.java:571)
	at com.topcoder.service.studio.contest.documentcontentservers.SocketDocumentContentServer$SocketDocumentContentWorker.run(SocketDocumentContentServer.java:442)
	at java.lang.Thread.run(Thread.java:595)
There are errors in run().
com.topcoder.service.studio.contest.documentcontentservers.InvalidRequestException: Unrecognized request type: 0
	at com.topcoder.service.studio.contest.documentcontentservers.SocketDocumentContentServer$SocketDocumentContentWorker.processData(SocketDocumentContentServer.java:571)
	at com.topcoder.service.studio.contest.documentcontentservers.SocketDocumentContentServer$SocketDocumentContentWorker.run(SocketDocumentContentServer.java:442)
	at java.lang.Thread.run(Thread.java:595)
There are errors in run().
com.topcoder.service.studio.contest.documentcontentservers.InvalidRequestException: Unrecognized request type: 0
	at com.topcoder.service.studio.contest.documentcontentservers.SocketDocumentContentServer$SocketDocumentContentWorker.processData(SocketDocumentContentServer.java:571)
	at com.topcoder.service.studio.contest.documentcontentservers.SocketDocumentContentServer$SocketDocumentContentWorker.run(SocketDocumentContentServer.java:442)
	at java.lang.Thread.run(Thread.java:595)
There are errors in run().
com.topcoder.service.studio.contest.documentcontentservers.InvalidRequestException: Unrecognized request type: 0
	at com.topcoder.service.studio.contest.documentcontentservers.SocketDocumentContentServer$SocketDocumentContentWorker.processData(SocketDocumentContentServer.java:571)
	at com.topcoder.service.studio.contest.documentcontentservers.SocketDocumentContentServer$SocketDocumentContentWorker.run(SocketDocumentContentServer.java:442)
	at java.lang.Thread.run(Thread.java:595)
There are errors in run().
com.topcoder.service.studio.contest.documentcontentservers.InvalidRequestException: Unrecognized request type: 0
	at com.topcoder.service.studio.contest.documentcontentservers.SocketDocumentContentServer$SocketDocumentContentWorker.processData(SocketDocumentContentServer.java:571)
	at com.topcoder.service.studio.contest.documentcontentservers.SocketDocumentContentServer$SocketDocumentContentWorker.run(SocketDocumentContentServer.java:442)
	at java.lang.Thread.run(Thread.java:595)
There are errors in run().
com.topcoder.service.studio.contest.documentcontentservers.InvalidRequestException: Unrecognized request type: 0
	at com.topcoder.service.studio.contest.documentcontentservers.SocketDocumentContentServer$SocketDocumentContentWorker.processData(SocketDocumentContentServer.java:571)
	at com.topcoder.service.studio.contest.documentcontentservers.SocketDocumentContentServer$SocketDocumentContentWorker.run(SocketDocumentContentServer.java:442)
	at java.lang.Thread.run(Thread.java:595)
There are errors in run().
com.topcoder.service.studio.contest.documentcontentservers.InvalidRequestException: Unrecognized request type: 0
	at com.topcoder.service.studio.contest.documentcontentservers.SocketDocumentContentServer$SocketDocumentContentWorker.processData(SocketDocumentContentServer.java:571)
	at com.topcoder.service.studio.contest.documentcontentservers.SocketDocumentContentServer$SocketDocumentContentWorker.run(SocketDocumentContentServer.java:442)
	at java.lang.Thread.run(Thread.java:595)
There are errors in run().
com.topcoder.service.studio.contest.documentcontentservers.InvalidRequestException: Unrecognized request type: 0
	at com.topcoder.service.studio.contest.documentcontentservers.SocketDocumentContentServer$SocketDocumentContentWorker.processData(SocketDocumentContentServer.java:571)
	at com.topcoder.service.studio.contest.documentcontentservers.SocketDocumentContentServer$SocketDocumentContentWorker.run(SocketDocumentContentServer.java:442)
	at java.lang.Thread.run(Thread.java:595)
There are errors in run().
com.topcoder.service.studio.contest.documentcontentservers.InvalidRequestException: Unrecognized request type: 0
	at com.topcoder.service.studio.contest.documentcontentservers.SocketDocumentContentServer$SocketDocumentContentWorker.processData(SocketDocumentContentServer.java:571)
	at com.topcoder.service.studio.contest.documentcontentservers.SocketDocumentContentServer$SocketDocumentContentWorker.run(SocketDocumentContentServer.java:442)
	at java.lang.Thread.run(Thread.java:595)
There are errors in run().
com.topcoder.service.studio.contest.documentcontentservers.InvalidRequestException: Unrecognized request type: 0
	at com.topcoder.service.studio.contest.documentcontentservers.SocketDocumentContentServer$SocketDocumentContentWorker.processData(SocketDocumentContentServer.java:571)
	at com.topcoder.service.studio.contest.documentcontentservers.SocketDocumentContentServer$SocketDocumentContentWorker.run(SocketDocumentContentServer.java:442)
	at java.lang.Thread.run(Thread.java:595)
There are errors in run().
com.topcoder.service.studio.contest.documentcontentservers.InvalidRequestException: Unrecognized request type: 0
	at com.topcoder.service.studio.contest.documentcontentservers.SocketDocumentContentServer$SocketDocumentContentWorker.processData(SocketDocumentContentServer.java:571)
	at com.topcoder.service.studio.contest.documentcontentservers.SocketDocumentContentServer$SocketDocumentContentWorker.run(SocketDocumentContentServer.java:442)
	at java.lang.Thread.run(Thread.java:595)
There are errors in run().
com.topcoder.service.studio.contest.documentcontentservers.InvalidRequestException: Unrecognized request type: 0
	at com.topcoder.service.studio.contest.documentcontentservers.SocketDocumentContentServer$SocketDocumentContentWorker.processData(SocketDocumentContentServer.java:571)
	at com.topcoder.service.studio.contest.documentcontentservers.SocketDocumentContentServer$SocketDocumentContentWorker.run(SocketDocumentContentServer.java:442)
	at java.lang.Thread.run(Thread.java:595)
There are errors in run().
com.topcoder.service.studio.contest.documentcontentservers.InvalidRequestException: Unrecognized request type: 0
	at com.topcoder.service.studio.contest.documentcontentservers.SocketDocumentContentServer$SocketDocumentContentWorker.processData(SocketDocumentContentServer.java:571)
	at com.topcoder.service.studio.contest.documentcontentservers.SocketDocumentContentServer$SocketDocumentContentWorker.run(SocketDocumentContentServer.java:442)
	at java.lang.Thread.run(Thread.java:595)
There are errors in run().
com.topcoder.service.studio.contest.documentcontentservers.InvalidRequestException: Unrecognized request type: 0
	at com.topcoder.service.studio.contest.documentcontentservers.SocketDocumentContentServer$SocketDocumentContentWorker.processData(SocketDocumentContentServer.java:571)
	at com.topcoder.service.studio.contest.documentcontentservers.SocketDocumentContentServer$SocketDocumentContentWorker.run(SocketDocumentContentServer.java:442)
	at java.lang.Thread.run(Thread.java:595)
There are errors in run().
com.topcoder.service.studio.contest.documentcontentservers.InvalidRequestException: Unrecognized request type: 0
	at com.topcoder.service.studio.contest.documentcontentservers.SocketDocumentContentServer$SocketDocumentContentWorker.processData(SocketDocumentContentServer.java:571)
	at com.topcoder.service.studio.contest.documentcontentservers.SocketDocumentContentServer$SocketDocumentContentWorker.run(SocketDocumentContentServer.java:442)
	at java.lang.Thread.run(Thread.java:595)
There are errors in run().
com.topcoder.service.studio.contest.documentcontentservers.InvalidRequestException: Unrecognized request type: 0
	at com.topcoder.service.studio.contest.documentcontentservers.SocketDocumentContentServer$SocketDocumentContentWorker.processData(SocketDocumentContentServer.java:571)
	at com.topcoder.service.studio.contest.documentcontentservers.SocketDocumentContentServer$SocketDocumentContentWorker.run(SocketDocumentContentServer.java:442)
	at java.lang.Thread.run(Thread.java:595)
There are errors in run().
com.topcoder.service.studio.contest.documentcontentservers.InvalidRequestException: Unrecognized request type: 0
	at com.topcoder.service.studio.contest.documentcontentservers.SocketDocumentContentServer$SocketDocumentContentWorker.processData(SocketDocumentContentServer.java:571)
	at com.topcoder.service.studio.contest.documentcontentservers.SocketDocumentContentServer$SocketDocumentContentWorker.run(SocketDocumentContentServer.java:442)
	at java.lang.Thread.run(Thread.java:595)
There are errors in run().
com.topcoder.service.studio.contest.documentcontentservers.InvalidRequestException: Unrecognized request type: 0
	at com.topcoder.service.studio.contest.documentcontentservers.SocketDocumentContentServer$SocketDocumentContentWorker.processData(SocketDocumentContentServer.java:571)
	at com.topcoder.service.studio.contest.documentcontentservers.SocketDocumentContentServer$SocketDocumentContentWorker.run(SocketDocumentContentServer.java:442)
	at java.lang.Thread.run(Thread.java:595)
There are errors in run().
com.topcoder.service.studio.contest.documentcontentservers.InvalidRequestException: Unrecognized request type: 0
	at com.topcoder.service.studio.contest.documentcontentservers.SocketDocumentContentServer$SocketDocumentContentWorker.processData(SocketDocumentContentServer.java:571)
	at com.topcoder.service.studio.contest.documentcontentservers.SocketDocumentContentServer$SocketDocumentContentWorker.run(SocketDocumentContentServer.java:442)
	at java.lang.Thread.run(Thread.java:595)
There are errors in run().
com.topcoder.service.studio.contest.documentcontentservers.InvalidRequestException: Unrecognized request type: 0
	at com.topcoder.service.studio.contest.documentcontentservers.SocketDocumentContentServer$SocketDocumentContentWorker.processData(SocketDocumentContentServer.java:571)
	at com.topcoder.service.studio.contest.documentcontentservers.SocketDocumentContentServer$SocketDocumentContentWorker.run(SocketDocumentContentServer.java:442)
	at java.lang.Thread.run(Thread.java:595)
There are errors in run().
com.topcoder.service.studio.contest.documentcontentservers.InvalidRequestException: Unrecognized request type: 0
	at com.topcoder.service.studio.contest.documentcontentservers.SocketDocumentContentServer$SocketDocumentContentWorker.processData(SocketDocumentContentServer.java:571)
	at com.topcoder.service.studio.contest.documentcontentservers.SocketDocumentContentServer$SocketDocumentContentWorker.run(SocketDocumentContentServer.java:442)
	at java.lang.Thread.run(Thread.java:595)
There are errors in run().
com.topcoder.service.studio.contest.documentcontentservers.InvalidRequestException: Unrecognized request type: 0
	at com.topcoder.service.studio.contest.documentcontentservers.SocketDocumentContentServer$SocketDocumentContentWorker.processData(SocketDocumentContentServer.java:571)
	at com.topcoder.service.studio.contest.documentcontentservers.SocketDocumentContentServer$SocketDocumentContentWorker.run(SocketDocumentContentServer.java:442)
	at java.lang.Thread.run(Thread.java:595)
There are errors in run().
com.topcoder.service.studio.contest.documentcontentservers.InvalidRequestException: Unrecognized request type: 0
	at com.topcoder.service.studio.contest.documentcontentservers.SocketDocumentContentServer$SocketDocumentContentWorker.processData(SocketDocumentContentServer.java:571)
	at com.topcoder.service.studio.contest.documentcontentservers.SocketDocumentContentServer$SocketDocumentContentWorker.run(SocketDocumentContentServer.java:442)
	at java.lang.Thread.run(Thread.java:595)
There are errors in run().
com.topcoder.service.studio.contest.documentcontentservers.InvalidRequestException: Unrecognized request type: 0
	at com.topcoder.service.studio.contest.documentcontentservers.SocketDocumentContentServer$SocketDocumentContentWorker.processData(SocketDocumentContentServer.java:571)
	at com.topcoder.service.studio.contest.documentcontentservers.SocketDocumentContentServer$SocketDocumentContentWorker.run(SocketDocumentContentServer.java:442)
	at java.lang.Thread.run(Thread.java:595)
There are errors in run().
com.topcoder.service.studio.contest.documentcontentservers.InvalidRequestException: Unrecognized request type: 0
	at com.topcoder.service.studio.contest.documentcontentservers.SocketDocumentContentServer$SocketDocumentContentWorker.processData(SocketDocumentContentServer.java:571)
	at com.topcoder.service.studio.contest.documentcontentservers.SocketDocumentContentServer$SocketDocumentContentWorker.run(SocketDocumentContentServer.java:442)
	at java.lang.Thread.run(Thread.java:595)
There are errors in run().
com.topcoder.service.studio.contest.documentcontentservers.InvalidRequestException: Unrecognized request type: 0
	at com.topcoder.service.studio.contest.documentcontentservers.SocketDocumentContentServer$SocketDocumentContentWorker.processData(SocketDocumentContentServer.java:571)
	at com.topcoder.service.studio.contest.documentcontentservers.SocketDocumentContentServer$SocketDocumentContentWorker.run(SocketDocumentContentServer.java:442)
	at java.lang.Thread.run(Thread.java:595)
There are errors in run().
com.topcoder.service.studio.contest.documentcontentservers.InvalidRequestException: Unrecognized request type: 0
	at com.topcoder.service.studio.contest.documentcontentservers.SocketDocumentContentServer$SocketDocumentContentWorker.processData(SocketDocumentContentServer.java:571)
	at com.topcoder.service.studio.contest.documentcontentservers.SocketDocumentContentServer$SocketDocumentContentWorker.run(SocketDocumentContentServer.java:442)
	at java.lang.Thread.run(Thread.java:595)
There are errors in run().
com.topcoder.service.studio.contest.documentcontentservers.InvalidRequestException: Unrecognized request type: 0
	at com.topcoder.service.studio.contest.documentcontentservers.SocketDocumentContentServer$SocketDocumentContentWorker.processData(SocketDocumentContentServer.java:571)
	at com.topcoder.service.studio.contest.documentcontentservers.SocketDocumentContentServer$SocketDocumentContentWorker.run(SocketDocumentContentServer.java:442)
	at java.lang.Thread.run(Thread.java:595)
There are errors in run().
com.topcoder.service.studio.contest.documentcontentservers.InvalidRequestException: Unrecognized request type: 0
	at com.topcoder.service.studio.contest.documentcontentservers.SocketDocumentContentServer$SocketDocumentContentWorker.processData(SocketDocumentContentServer.java:571)
	at com.topcoder.service.studio.contest.documentcontentservers.SocketDocumentContentServer$SocketDocumentContentWorker.run(SocketDocumentContentServer.java:442)
	at java.lang.Thread.run(Thread.java:595)
There are errors in run().
com.topcoder.service.studio.contest.documentcontentservers.InvalidRequestException: Unrecognized request type: 0
	at com.topcoder.service.studio.contest.documentcontentservers.SocketDocumentContentServer$SocketDocumentContentWorker.processData(SocketDocumentContentServer.java:571)
	at com.topcoder.service.studio.contest.documentcontentservers.SocketDocumentContentServer$SocketDocumentContentWorker.run(SocketDocumentContentServer.java:442)
	at java.lang.Thread.run(Thread.java:595)
There are errors in run().
com.topcoder.service.studio.contest.documentcontentservers.InvalidRequestException: Unrecognized request type: 0
	at com.topcoder.service.studio.contest.documentcontentservers.SocketDocumentContentServer$SocketDocumentContentWorker.processData(SocketDocumentContentServer.java:571)
	at com.topcoder.service.studio.contest.documentcontentservers.SocketDocumentContentServer$SocketDocumentContentWorker.run(SocketDocumentContentServer.java:442)
	at java.lang.Thread.run(Thread.java:595)
There are errors in run().
com.topcoder.service.studio.contest.documentcontentservers.InvalidRequestException: Unrecognized request type: 0
	at com.topcoder.service.studio.contest.documentcontentservers.SocketDocumentContentServer$SocketDocumentContentWorker.processData(SocketDocumentContentServer.java:571)
	at com.topcoder.service.studio.contest.documentcontentservers.SocketDocumentContentServer$SocketDocumentContentWorker.run(SocketDocumentContentServer.java:442)
	at java.lang.Thread.run(Thread.java:595)
There are errors in run().
com.topcoder.service.studio.contest.documentcontentservers.InvalidRequestException: Unrecognized request type: 0
	at com.topcoder.service.studio.contest.documentcontentservers.SocketDocumentContentServer$SocketDocumentContentWorker.processData(SocketDocumentContentServer.java:571)
	at com.topcoder.service.studio.contest.documentcontentservers.SocketDocumentContentServer$SocketDocumentContentWorker.run(SocketDocumentContentServer.java:442)
	at java.lang.Thread.run(Thread.java:595)
There are errors in run().
com.topcoder.service.studio.contest.documentcontentservers.InvalidRequestException: Unrecognized request type: 0
	at com.topcoder.service.studio.contest.documentcontentservers.SocketDocumentContentServer$SocketDocumentContentWorker.processData(SocketDocumentContentServer.java:571)
	at com.topcoder.service.studio.contest.documentcontentservers.SocketDocumentContentServer$SocketDocumentContentWorker.run(SocketDocumentContentServer.java:442)
	at java.lang.Thread.run(Thread.java:595)
There are errors in run().
com.topcoder.service.studio.contest.documentcontentservers.InvalidRequestException: Unrecognized request type: 0
	at com.topcoder.service.studio.contest.documentcontentservers.SocketDocumentContentServer$SocketDocumentContentWorker.processData(SocketDocumentContentServer.java:571)
	at com.topcoder.service.studio.contest.documentcontentservers.SocketDocumentContentServer$SocketDocumentContentWorker.run(SocketDocumentContentServer.java:442)
	at java.lang.Thread.run(Thread.java:595)
There are errors in run().
com.topcoder.service.studio.contest.documentcontentservers.InvalidRequestException: Unrecognized request type: 0
	at com.topcoder.service.studio.contest.documentcontentservers.SocketDocumentContentServer$SocketDocumentContentWorker.processData(SocketDocumentContentServer.java:571)
	at com.topcoder.service.studio.contest.documentcontentservers.SocketDocumentContentServer$SocketDocumentContentWorker.run(SocketDocumentContentServer.java:442)
	at java.lang.Thread.run(Thread.java:595)
There are errors in run().
com.topcoder.service.studio.contest.documentcontentservers.InvalidRequestException: Unrecognized request type: 0
	at com.topcoder.service.studio.contest.documentcontentservers.SocketDocumentContentServer$SocketDocumentContentWorker.processData(SocketDocumentContentServer.java:571)
	at com.topcoder.service.studio.contest.documentcontentservers.SocketDocumentContentServer$SocketDocumentContentWorker.run(SocketDocumentContentServer.java:442)
	at java.lang.Thread.run(Thread.java:595)
There are errors in run().
com.topcoder.service.studio.contest.documentcontentservers.InvalidRequestException: Unrecognized request type: 0
	at com.topcoder.service.studio.contest.documentcontentservers.SocketDocumentContentServer$SocketDocumentContentWorker.processData(SocketDocumentContentServer.java:571)
	at com.topcoder.service.studio.contest.documentcontentservers.SocketDocumentContentServer$SocketDocumentContentWorker.run(SocketDocumentContentServer.java:442)
	at java.lang.Thread.run(Thread.java:595)
There are errors in run().
com.topcoder.service.studio.contest.documentcontentservers.InvalidRequestException: Unrecognized request type: 0
	at com.topcoder.service.studio.contest.documentcontentservers.SocketDocumentContentServer$SocketDocumentContentWorker.processData(SocketDocumentContentServer.java:571)
	at com.topcoder.service.studio.contest.documentcontentservers.SocketDocumentContentServer$SocketDocumentContentWorker.run(SocketDocumentContentServer.java:442)
	at java.lang.Thread.run(Thread.java:595)
There are errors in run().
com.topcoder.service.studio.contest.documentcontentservers.InvalidRequestException: Unrecognized request type: 0
	at com.topcoder.service.studio.contest.documentcontentservers.SocketDocumentContentServer$SocketDocumentContentWorker.processData(SocketDocumentContentServer.java:571)
	at com.topcoder.service.studio.contest.documentcontentservers.SocketDocumentContentServer$SocketDocumentContentWorker.run(SocketDocumentContentServer.java:442)
	at java.lang.Thread.run(Thread.java:595)
There are errors in run().
com.topcoder.service.studio.contest.documentcontentservers.InvalidRequestException: Unrecognized request type: 0
	at com.topcoder.service.studio.contest.documentcontentservers.SocketDocumentContentServer$SocketDocumentContentWorker.processData(SocketDocumentContentServer.java:571)
	at com.topcoder.service.studio.contest.documentcontentservers.SocketDocumentContentServer$SocketDocumentContentWorker.run(SocketDocumentContentServer.java:442)
	at java.lang.Thread.run(Thread.java:595)
There are errors in run().
com.topcoder.service.studio.contest.documentcontentservers.InvalidRequestException: Unrecognized request type: 0
	at com.topcoder.service.studio.contest.documentcontentservers.SocketDocumentContentServer$SocketDocumentContentWorker.processData(SocketDocumentContentServer.java:571)
	at com.topcoder.service.studio.contest.documentcontentservers.SocketDocumentContentServer$SocketDocumentContentWorker.run(SocketDocumentContentServer.java:442)
	at java.lang.Thread.run(Thread.java:595)
There are errors in run().
com.topcoder.service.studio.contest.documentcontentservers.InvalidRequestException: Unrecognized request type: 0
	at com.topcoder.service.studio.contest.documentcontentservers.SocketDocumentContentServer$SocketDocumentContentWorker.processData(SocketDocumentContentServer.java:571)
	at com.topcoder.service.studio.contest.documentcontentservers.SocketDocumentContentServer$SocketDocumentContentWorker.run(SocketDocumentContentServer.java:442)
	at java.lang.Thread.run(Thread.java:595)
There are errors in run().
com.topcoder.service.studio.contest.documentcontentservers.InvalidRequestException: Unrecognized request type: 0
	at com.topcoder.service.studio.contest.documentcontentservers.SocketDocumentContentServer$SocketDocumentContentWorker.processData(SocketDocumentContentServer.java:571)
	at com.topcoder.service.studio.contest.documentcontentservers.SocketDocumentContentServer$SocketDocumentContentWorker.run(SocketDocumentContentServer.java:442)
	at java.lang.Thread.run(Thread.java:595)
There are errors in run().
com.topcoder.service.studio.contest.documentcontentservers.InvalidRequestException: Unrecognized request type: 0
	at com.topcoder.service.studio.contest.documentcontentservers.SocketDocumentContentServer$SocketDocumentContentWorker.processData(SocketDocumentContentServer.java:571)
	at com.topcoder.service.studio.contest.documentcontentservers.SocketDocumentContentServer$SocketDocumentContentWorker.run(SocketDocumentContentServer.java:442)
	at java.lang.Thread.run(Thread.java:595)
There are errors in run().
com.topcoder.service.studio.contest.documentcontentservers.InvalidRequestException: Unrecognized request type: 0
	at com.topcoder.service.studio.contest.documentcontentservers.SocketDocumentContentServer$SocketDocumentContentWorker.processData(SocketDocumentContentServer.java:571)
	at com.topcoder.service.studio.contest.documentcontentservers.SocketDocumentContentServer$SocketDocumentContentWorker.run(SocketDocumentContentServer.java:442)
	at java.lang.Thread.run(Thread.java:595)
There are errors in run().
com.topcoder.service.studio.contest.documentcontentservers.InvalidRequestException: Unrecognized request type: 0
	at com.topcoder.service.studio.contest.documentcontentservers.SocketDocumentContentServer$SocketDocumentContentWorker.processData(SocketDocumentContentServer.java:571)
	at com.topcoder.service.studio.contest.documentcontentservers.SocketDocumentContentServer$SocketDocumentContentWorker.run(SocketDocumentContentServer.java:442)
	at java.lang.Thread.run(Thread.java:595)
There are errors in run().
com.topcoder.service.studio.contest.documentcontentservers.InvalidRequestException: Unrecognized request type: 0
	at com.topcoder.service.studio.contest.documentcontentservers.SocketDocumentContentServer$SocketDocumentContentWorker.processData(SocketDocumentContentServer.java:571)
	at com.topcoder.service.studio.contest.documentcontentservers.SocketDocumentContentServer$SocketDocumentContentWorker.run(SocketDocumentContentServer.java:442)
	at java.lang.Thread.run(Thread.java:595)
There are errors in run().
com.topcoder.service.studio.contest.documentcontentservers.InvalidRequestException: Unrecognized request type: 0
	at com.topcoder.service.studio.contest.documentcontentservers.SocketDocumentContentServer$SocketDocumentContentWorker.processData(SocketDocumentContentServer.java:571)
	at com.topcoder.service.studio.contest.documentcontentservers.SocketDocumentContentServer$SocketDocumentContentWorker.run(SocketDocumentContentServer.java:442)
	at java.lang.Thread.run(Thread.java:595)
There are errors in run().
com.topcoder.service.studio.contest.documentcontentservers.InvalidRequestException: Unrecognized request type: 0
	at com.topcoder.service.studio.contest.documentcontentservers.SocketDocumentContentServer$SocketDocumentContentWorker.processData(SocketDocumentContentServer.java:571)
	at com.topcoder.service.studio.contest.documentcontentservers.SocketDocumentContentServer$SocketDocumentContentWorker.run(SocketDocumentContentServer.java:442)
	at java.lang.Thread.run(Thread.java:595)
There are errors in run().
com.topcoder.service.studio.contest.documentcontentservers.InvalidRequestException: Unrecognized request type: 0
	at com.topcoder.service.studio.contest.documentcontentservers.SocketDocumentContentServer$SocketDocumentContentWorker.processData(SocketDocumentContentServer.java:571)
	at com.topcoder.service.studio.contest.documentcontentservers.SocketDocumentContentServer$SocketDocumentContentWorker.run(SocketDocumentContentServer.java:442)
	at java.lang.Thread.run(Thread.java:595)
There are errors in run().
com.topcoder.service.studio.contest.documentcontentservers.InvalidRequestException: Unrecognized request type: 0
	at com.topcoder.service.studio.contest.documentcontentservers.SocketDocumentContentServer$SocketDocumentContentWorker.processData(SocketDocumentContentServer.java:571)
	at com.topcoder.service.studio.contest.documentcontentservers.SocketDocumentContentServer$SocketDocumentContentWorker.run(SocketDocumentContentServer.java:442)
	at java.lang.Thread.run(Thread.java:595)
There are errors in run().
com.topcoder.service.studio.contest.documentcontentservers.InvalidRequestException: Unrecognized request type: 0
	at com.topcoder.service.studio.contest.documentcontentservers.SocketDocumentContentServer$SocketDocumentContentWorker.processData(SocketDocumentContentServer.java:571)
	at com.topcoder.service.studio.contest.documentcontentservers.SocketDocumentContentServer$SocketDocumentContentWorker.run(SocketDocumentContentServer.java:442)
	at java.lang.Thread.run(Thread.java:595)
There are errors in run().
com.topcoder.service.studio.contest.documentcontentservers.InvalidRequestException: Unrecognized request type: 0
	at com.topcoder.service.studio.contest.documentcontentservers.SocketDocumentContentServer$SocketDocumentContentWorker.processData(SocketDocumentContentServer.java:571)
	at com.topcoder.service.studio.contest.documentcontentservers.SocketDocumentContentServer$SocketDocumentContentWorker.run(SocketDocumentContentServer.java:442)
	at java.lang.Thread.run(Thread.java:595)
There are errors in run().
com.topcoder.service.studio.contest.documentcontentservers.InvalidRequestException: Unrecognized request type: 0
	at com.topcoder.service.studio.contest.documentcontentservers.SocketDocumentContentServer$SocketDocumentContentWorker.processData(SocketDocumentContentServer.java:571)
	at com.topcoder.service.studio.contest.documentcontentservers.SocketDocumentContentServer$SocketDocumentContentWorker.run(SocketDocumentContentServer.java:442)
	at java.lang.Thread.run(Thread.java:595)
There are errors in run().
com.topcoder.service.studio.contest.documentcontentservers.InvalidRequestException: Unrecognized request type: 0
	at com.topcoder.service.studio.contest.documentcontentservers.SocketDocumentContentServer$SocketDocumentContentWorker.processData(SocketDocumentContentServer.java:571)
	at com.topcoder.service.studio.contest.documentcontentservers.SocketDocumentContentServer$SocketDocumentContentWorker.run(SocketDocumentContentServer.java:442)
	at java.lang.Thread.run(Thread.java:595)
There are errors in run().
com.topcoder.service.studio.contest.documentcontentservers.InvalidRequestException: Unrecognized request type: 0
	at com.topcoder.service.studio.contest.documentcontentservers.SocketDocumentContentServer$SocketDocumentContentWorker.processData(SocketDocumentContentServer.java:571)
	at com.topcoder.service.studio.contest.documentcontentservers.SocketDocumentContentServer$SocketDocumentContentWorker.run(SocketDocumentContentServer.java:442)
	at java.lang.Thread.run(Thread.java:595)
There are errors in run().
com.topcoder.service.studio.contest.documentcontentservers.InvalidRequestException: Unrecognized request type: 0
	at com.topcoder.service.studio.contest.documentcontentservers.SocketDocumentContentServer$SocketDocumentContentWorker.processData(SocketDocumentContentServer.java:571)
	at com.topcoder.service.studio.contest.documentcontentservers.SocketDocumentContentServer$SocketDocumentContentWorker.run(SocketDocumentContentServer.java:442)
	at java.lang.Thread.run(Thread.java:595)
There are errors in run().
com.topcoder.service.studio.contest.documentcontentservers.InvalidRequestException: Unrecognized request type: 0
	at com.topcoder.service.studio.contest.documentcontentservers.SocketDocumentContentServer$SocketDocumentContentWorker.processData(SocketDocumentContentServer.java:571)
	at com.topcoder.service.studio.contest.documentcontentservers.SocketDocumentContentServer$SocketDocumentContentWorker.run(SocketDocumentContentServer.java:442)
	at java.lang.Thread.run(Thread.java:595)
There are errors in run().
com.topcoder.service.studio.contest.documentcontentservers.InvalidRequestException: Unrecognized request type: 0
	at com.topcoder.service.studio.contest.documentcontentservers.SocketDocumentContentServer$SocketDocumentContentWorker.processData(SocketDocumentContentServer.java:571)
	at com.topcoder.service.studio.contest.documentcontentservers.SocketDocumentContentServer$SocketDocumentContentWorker.run(SocketDocumentContentServer.java:442)
	at java.lang.Thread.run(Thread.java:595)
There are errors in run().
com.topcoder.service.studio.contest.documentcontentservers.InvalidRequestException: Unrecognized request type: 0
	at com.topcoder.service.studio.contest.documentcontentservers.SocketDocumentContentServer$SocketDocumentContentWorker.processData(SocketDocumentContentServer.java:571)
	at com.topcoder.service.studio.contest.documentcontentservers.SocketDocumentContentServer$SocketDocumentContentWorker.run(SocketDocumentContentServer.java:442)
	at java.lang.Thread.run(Thread.java:595)
There are errors in run().
com.topcoder.service.studio.contest.documentcontentservers.InvalidRequestException: Unrecognized request type: 0
	at com.topcoder.service.studio.contest.documentcontentservers.SocketDocumentContentServer$SocketDocumentContentWorker.processData(SocketDocumentContentServer.java:571)
	at com.topcoder.service.studio.contest.documentcontentservers.SocketDocumentContentServer$SocketDocumentContentWorker.run(SocketDocumentContentServer.java:442)
	at java.lang.Thread.run(Thread.java:595)
There are errors in run().
com.topcoder.service.studio.contest.documentcontentservers.InvalidRequestException: Unrecognized request type: 0
	at com.topcoder.service.studio.contest.documentcontentservers.SocketDocumentContentServer$SocketDocumentContentWorker.processData(SocketDocumentContentServer.java:571)
	at com.topcoder.service.studio.contest.documentcontentservers.SocketDocumentContentServer$SocketDocumentContentWorker.run(SocketDocumentContentServer.java:442)
	at java.lang.Thread.run(Thread.java:595)
There are errors in run().
com.topcoder.service.studio.contest.documentcontentservers.InvalidRequestException: Unrecognized request type: 0
	at com.topcoder.service.studio.contest.documentcontentservers.SocketDocumentContentServer$SocketDocumentContentWorker.processData(SocketDocumentContentServer.java:571)
	at com.topcoder.service.studio.contest.documentcontentservers.SocketDocumentContentServer$SocketDocumentContentWorker.run(SocketDocumentContentServer.java:442)
	at java.lang.Thread.run(Thread.java:595)
There are errors in run().
com.topcoder.service.studio.contest.documentcontentservers.InvalidRequestException: Unrecognized request type: 0
	at com.topcoder.service.studio.contest.documentcontentservers.SocketDocumentContentServer$SocketDocumentContentWorker.processData(SocketDocumentContentServer.java:571)
	at com.topcoder.service.studio.contest.documentcontentservers.SocketDocumentContentServer$SocketDocumentContentWorker.run(SocketDocumentContentServer.java:442)
	at java.lang.Thread.run(Thread.java:595)
There are errors in run().
com.topcoder.service.studio.contest.documentcontentservers.InvalidRequestException: Unrecognized request type: 0
	at com.topcoder.service.studio.contest.documentcontentservers.SocketDocumentContentServer$SocketDocumentContentWorker.processData(SocketDocumentContentServer.java:571)
	at com.topcoder.service.studio.contest.documentcontentservers.SocketDocumentContentServer$SocketDocumentContentWorker.run(SocketDocumentContentServer.java:442)
	at java.lang.Thread.run(Thread.java:595)
There are errors in run().
com.topcoder.service.studio.contest.documentcontentservers.InvalidRequestException: Unrecognized request type: 0
	at com.topcoder.service.studio.contest.documentcontentservers.SocketDocumentContentServer$SocketDocumentContentWorker.processData(SocketDocumentContentServer.java:571)
	at com.topcoder.service.studio.contest.documentcontentservers.SocketDocumentContentServer$SocketDocumentContentWorker.run(SocketDocumentContentServer.java:442)
	at java.lang.Thread.run(Thread.java:595)
There are errors in run().
com.topcoder.service.studio.contest.documentcontentservers.InvalidRequestException: Unrecognized request type: 0
	at com.topcoder.service.studio.contest.documentcontentservers.SocketDocumentContentServer$SocketDocumentContentWorker.processData(SocketDocumentContentServer.java:571)
	at com.topcoder.service.studio.contest.documentcontentservers.SocketDocumentContentServer$SocketDocumentContentWorker.run(SocketDocumentContentServer.java:442)
	at java.lang.Thread.run(Thread.java:595)
There are errors in run().
com.topcoder.service.studio.contest.documentcontentservers.InvalidRequestException: Unrecognized request type: 0
	at com.topcoder.service.studio.contest.documentcontentservers.SocketDocumentContentServer$SocketDocumentContentWorker.processData(SocketDocumentContentServer.java:571)
	at com.topcoder.service.studio.contest.documentcontentservers.SocketDocumentContentServer$SocketDocumentContentWorker.run(SocketDocumentContentServer.java:442)
	at java.lang.Thread.run(Thread.java:595)
There are errors in run().
com.topcoder.service.studio.contest.documentcontentservers.InvalidRequestException: Unrecognized request type: 0
	at com.topcoder.service.studio.contest.documentcontentservers.SocketDocumentContentServer$SocketDocumentContentWorker.processData(SocketDocumentContentServer.java:571)
	at com.topcoder.service.studio.contest.documentcontentservers.SocketDocumentContentServer$SocketDocumentContentWorker.run(SocketDocumentContentServer.java:442)
	at java.lang.Thread.run(Thread.java:595)
There are errors in run().
com.topcoder.service.studio.contest.documentcontentservers.InvalidRequestException: Unrecognized request type: 0
	at com.topcoder.service.studio.contest.documentcontentservers.SocketDocumentContentServer$SocketDocumentContentWorker.processData(SocketDocumentContentServer.java:571)
	at com.topcoder.service.studio.contest.documentcontentservers.SocketDocumentContentServer$SocketDocumentContentWorker.run(SocketDocumentContentServer.java:442)
	at java.lang.Thread.run(Thread.java:595)
There are errors in run().
com.topcoder.service.studio.contest.documentcontentservers.InvalidRequestException: Unrecognized request type: 0
	at com.topcoder.service.studio.contest.documentcontentservers.SocketDocumentContentServer$SocketDocumentContentWorker.processData(SocketDocumentContentServer.java:571)
	at com.topcoder.service.studio.contest.documentcontentservers.SocketDocumentContentServer$SocketDocumentContentWorker.run(SocketDocumentContentServer.java:442)
	at java.lang.Thread.run(Thread.java:595)
There are errors in run().
com.topcoder.service.studio.contest.documentcontentservers.InvalidRequestException: Unrecognized request type: 0
	at com.topcoder.service.studio.contest.documentcontentservers.SocketDocumentContentServer$SocketDocumentContentWorker.processData(SocketDocumentContentServer.java:571)
	at com.topcoder.service.studio.contest.documentcontentservers.SocketDocumentContentServer$SocketDocumentContentWorker.run(SocketDocumentContentServer.java:442)
	at java.lang.Thread.run(Thread.java:595)
There are errors in run().
com.topcoder.service.studio.contest.documentcontentservers.InvalidRequestException: Unrecognized request type: 0
	at com.topcoder.service.studio.contest.documentcontentservers.SocketDocumentContentServer$SocketDocumentContentWorker.processData(SocketDocumentContentServer.java:571)
	at com.topcoder.service.studio.contest.documentcontentservers.SocketDocumentContentServer$SocketDocumentContentWorker.run(SocketDocumentContentServer.java:442)
	at java.lang.Thread.run(Thread.java:595)
There are errors in run().
com.topcoder.service.studio.contest.documentcontentservers.InvalidRequestException: Unrecognized request type: 0
	at com.topcoder.service.studio.contest.documentcontentservers.SocketDocumentContentServer$SocketDocumentContentWorker.processData(SocketDocumentContentServer.java:571)
	at com.topcoder.service.studio.contest.documentcontentservers.SocketDocumentContentServer$SocketDocumentContentWorker.run(SocketDocumentContentServer.java:442)
	at java.lang.Thread.run(Thread.java:595)
There are errors in run().
com.topcoder.service.studio.contest.documentcontentservers.InvalidRequestException: Unrecognized request type: 0
	at com.topcoder.service.studio.contest.documentcontentservers.SocketDocumentContentServer$SocketDocumentContentWorker.processData(SocketDocumentContentServer.java:571)
	at com.topcoder.service.studio.contest.documentcontentservers.SocketDocumentContentServer$SocketDocumentContentWorker.run(SocketDocumentContentServer.java:442)
	at java.lang.Thread.run(Thread.java:595)
There are errors in run().
com.topcoder.service.studio.contest.documentcontentservers.InvalidRequestException: Unrecognized request type: 0
	at com.topcoder.service.studio.contest.documentcontentservers.SocketDocumentContentServer$SocketDocumentContentWorker.processData(SocketDocumentContentServer.java:571)
	at com.topcoder.service.studio.contest.documentcontentservers.SocketDocumentContentServer$SocketDocumentContentWorker.run(SocketDocumentContentServer.java:442)
	at java.lang.Thread.run(Thread.java:595)
There are errors in run().
com.topcoder.service.studio.contest.documentcontentservers.InvalidRequestException: Unrecognized request type: 0
	at com.topcoder.service.studio.contest.documentcontentservers.SocketDocumentContentServer$SocketDocumentContentWorker.processData(SocketDocumentContentServer.java:571)
	at com.topcoder.service.studio.contest.documentcontentservers.SocketDocumentContentServer$SocketDocumentContentWorker.run(SocketDocumentContentServer.java:442)
	at java.lang.Thread.run(Thread.java:595)
There are errors in run().
com.topcoder.service.studio.contest.documentcontentservers.InvalidRequestException: Unrecognized request type: 0
	at com.topcoder.service.studio.contest.documentcontentservers.SocketDocumentContentServer$SocketDocumentContentWorker.processData(SocketDocumentContentServer.java:571)
	at com.topcoder.service.studio.contest.documentcontentservers.SocketDocumentContentServer$SocketDocumentContentWorker.run(SocketDocumentContentServer.java:442)
	at java.lang.Thread.run(Thread.java:595)
There are errors in run().
com.topcoder.service.studio.contest.documentcontentservers.InvalidRequestException: Unrecognized request type: 0
	at com.topcoder.service.studio.contest.documentcontentservers.SocketDocumentContentServer$SocketDocumentContentWorker.processData(SocketDocumentContentServer.java:571)
	at com.topcoder.service.studio.contest.documentcontentservers.SocketDocumentContentServer$SocketDocumentContentWorker.run(SocketDocumentContentServer.java:442)
	at java.lang.Thread.run(Thread.java:595)
There are errors in run().
com.topcoder.service.studio.contest.documentcontentservers.InvalidRequestException: Unrecognized request type: 0
	at com.topcoder.service.studio.contest.documentcontentservers.SocketDocumentContentServer$SocketDocumentContentWorker.processData(SocketDocumentContentServer.java:571)
	at com.topcoder.service.studio.contest.documentcontentservers.SocketDocumentContentServer$SocketDocumentContentWorker.run(SocketDocumentContentServer.java:442)
	at java.lang.Thread.run(Thread.java:595)
There are errors in run().
com.topcoder.service.studio.contest.documentcontentservers.InvalidRequestException: Unrecognized request type: 0
	at com.topcoder.service.studio.contest.documentcontentservers.SocketDocumentContentServer$SocketDocumentContentWorker.processData(SocketDocumentContentServer.java:571)
	at com.topcoder.service.studio.contest.documentcontentservers.SocketDocumentContentServer$SocketDocumentContentWorker.run(SocketDocumentContentServer.java:442)
	at java.lang.Thread.run(Thread.java:595)
There are errors in run().
com.topcoder.service.studio.contest.documentcontentservers.InvalidRequestException: Unrecognized request type: 0
	at com.topcoder.service.studio.contest.documentcontentservers.SocketDocumentContentServer$SocketDocumentContentWorker.processData(SocketDocumentContentServer.java:571)
	at com.topcoder.service.studio.contest.documentcontentservers.SocketDocumentContentServer$SocketDocumentContentWorker.run(SocketDocumentContentServer.java:442)
	at java.lang.Thread.run(Thread.java:595)
There are errors in run().
com.topcoder.service.studio.contest.documentcontentservers.InvalidRequestException: Unrecognized request type: 0
	at com.topcoder.service.studio.contest.documentcontentservers.SocketDocumentContentServer$SocketDocumentContentWorker.processData(SocketDocumentContentServer.java:571)
	at com.topcoder.service.studio.contest.documentcontentservers.SocketDocumentContentServer$SocketDocumentContentWorker.run(SocketDocumentContentServer.java:442)
	at java.lang.Thread.run(Thread.java:595)
There are errors in run().
com.topcoder.service.studio.contest.documentcontentservers.InvalidRequestException: Unrecognized request type: 0
	at com.topcoder.service.studio.contest.documentcontentservers.SocketDocumentContentServer$SocketDocumentContentWorker.processData(SocketDocumentContentServer.java:571)
	at com.topcoder.service.studio.contest.documentcontentservers.SocketDocumentContentServer$SocketDocumentContentWorker.run(SocketDocumentContentServer.java:442)
	at java.lang.Thread.run(Thread.java:595)
There are errors in run().
com.topcoder.service.studio.contest.documentcontentservers.InvalidRequestException: Unrecognized request type: 0
	at com.topcoder.service.studio.contest.documentcontentservers.SocketDocumentContentServer$SocketDocumentContentWorker.processData(SocketDocumentContentServer.java:571)
	at com.topcoder.service.studio.contest.documentcontentservers.SocketDocumentContentServer$SocketDocumentContentWorker.run(SocketDocumentContentServer.java:442)
	at java.lang.Thread.run(Thread.java:595)
There are errors in run().
com.topcoder.service.studio.contest.documentcontentservers.InvalidRequestException: Unrecognized request type: 0
	at com.topcoder.service.studio.contest.documentcontentservers.SocketDocumentContentServer$SocketDocumentContentWorker.processData(SocketDocumentContentServer.java:571)
	at com.topcoder.service.studio.contest.documentcontentservers.SocketDocumentContentServer$SocketDocumentContentWorker.run(SocketDocumentContentServer.java:442)
	at java.lang.Thread.run(Thread.java:595)
There are errors in run().
com.topcoder.service.studio.contest.documentcontentservers.InvalidRequestException: Unrecognized request type: 0
	at com.topcoder.service.studio.contest.documentcontentservers.SocketDocumentContentServer$SocketDocumentContentWorker.processData(SocketDocumentContentServer.java:571)
	at com.topcoder.service.studio.contest.documentcontentservers.SocketDocumentContentServer$SocketDocumentContentWorker.run(SocketDocumentContentServer.java:442)
	at java.lang.Thread.run(Thread.java:595)
There are errors in run().
com.topcoder.service.studio.contest.documentcontentservers.InvalidRequestException: Unrecognized request type: 0
	at com.topcoder.service.studio.contest.documentcontentservers.SocketDocumentContentServer$SocketDocumentContentWorker.processData(SocketDocumentContentServer.java:571)
	at com.topcoder.service.studio.contest.documentcontentservers.SocketDocumentContentServer$SocketDocumentContentWorker.run(SocketDocumentContentServer.java:442)
	at java.lang.Thread.run(Thread.java:595)
There are errors in run().
com.topcoder.service.studio.contest.documentcontentservers.InvalidRequestException: Unrecognized request type: 0
	at com.topcoder.service.studio.contest.documentcontentservers.SocketDocumentContentServer$SocketDocumentContentWorker.processData(SocketDocumentContentServer.java:571)
	at com.topcoder.service.studio.contest.documentcontentservers.SocketDocumentContentServer$SocketDocumentContentWorker.run(SocketDocumentContentServer.java:442)
	at java.lang.Thread.run(Thread.java:595)
There are errors in run().
com.topcoder.service.studio.contest.documentcontentservers.InvalidRequestException: Unrecognized request type: 0
	at com.topcoder.service.studio.contest.documentcontentservers.SocketDocumentContentServer$SocketDocumentContentWorker.processData(SocketDocumentContentServer.java:571)
	at com.topcoder.service.studio.contest.documentcontentservers.SocketDocumentContentServer$SocketDocumentContentWorker.run(SocketDocumentContentServer.java:442)
	at java.lang.Thread.run(Thread.java:595)
There are errors in run().
com.topcoder.service.studio.contest.documentcontentservers.InvalidRequestException: Unrecognized request type: 0
	at com.topcoder.service.studio.contest.documentcontentservers.SocketDocumentContentServer$SocketDocumentContentWorker.processData(SocketDocumentContentServer.java:571)
	at com.topcoder.service.studio.contest.documentcontentservers.SocketDocumentContentServer$SocketDocumentContentWorker.run(SocketDocumentContentServer.java:442)
	at java.lang.Thread.run(Thread.java:595)
There are errors in run().
com.topcoder.service.studio.contest.documentcontentservers.InvalidRequestException: Unrecognized request type: 0
	at com.topcoder.service.studio.contest.documentcontentservers.SocketDocumentContentServer$SocketDocumentContentWorker.processData(SocketDocumentContentServer.java:571)
	at com.topcoder.service.studio.contest.documentcontentservers.SocketDocumentContentServer$SocketDocumentContentWorker.run(SocketDocumentContentServer.java:442)
	at java.lang.Thread.run(Thread.java:595)
There are errors in run().
com.topcoder.service.studio.contest.documentcontentservers.InvalidRequestException: Unrecognized request type: 0
	at com.topcoder.service.studio.contest.documentcontentservers.SocketDocumentContentServer$SocketDocumentContentWorker.processData(SocketDocumentContentServer.java:571)
	at com.topcoder.service.studio.contest.documentcontentservers.SocketDocumentContentServer$SocketDocumentContentWorker.run(SocketDocumentContentServer.java:442)
	at java.lang.Thread.run(Thread.java:595)
There are errors in run().
com.topcoder.service.studio.contest.documentcontentservers.InvalidRequestException: Unrecognized request type: 0
	at com.topcoder.service.studio.contest.documentcontentservers.SocketDocumentContentServer$SocketDocumentContentWorker.processData(SocketDocumentContentServer.java:571)
	at com.topcoder.service.studio.contest.documentcontentservers.SocketDocumentContentServer$SocketDocumentContentWorker.run(SocketDocumentContentServer.java:442)
	at java.lang.Thread.run(Thread.java:595)
There are errors in run().
com.topcoder.service.studio.contest.documentcontentservers.InvalidRequestException: Unrecognized request type: 0
	at com.topcoder.service.studio.contest.documentcontentservers.SocketDocumentContentServer$SocketDocumentContentWorker.processData(SocketDocumentContentServer.java:571)
	at com.topcoder.service.studio.contest.documentcontentservers.SocketDocumentContentServer$SocketDocumentContentWorker.run(SocketDocumentContentServer.java:442)
	at java.lang.Thread.run(Thread.java:595)
There are errors in run().
com.topcoder.service.studio.contest.documentcontentservers.InvalidRequestException: Unrecognized request type: 0
	at com.topcoder.service.studio.contest.documentcontentservers.SocketDocumentContentServer$SocketDocumentContentWorker.processData(SocketDocumentContentServer.java:571)
	at com.topcoder.service.studio.contest.documentcontentservers.SocketDocumentContentServer$SocketDocumentContentWorker.run(SocketDocumentContentServer.java:442)
	at java.lang.Thread.run(Thread.java:595)
There are errors in run().
com.topcoder.service.studio.contest.documentcontentservers.InvalidRequestException: Unrecognized request type: 0
	at com.topcoder.service.studio.contest.documentcontentservers.SocketDocumentContentServer$SocketDocumentContentWorker.processData(SocketDocumentContentServer.java:571)
	at com.topcoder.service.studio.contest.documentcontentservers.SocketDocumentContentServer$SocketDocumentContentWorker.run(SocketDocumentContentServer.java:442)
	at java.lang.Thread.run(Thread.java:595)
There are errors in run().
com.topcoder.service.studio.contest.documentcontentservers.InvalidRequestException: Unrecognized request type: 0
	at com.topcoder.service.studio.contest.documentcontentservers.SocketDocumentContentServer$SocketDocumentContentWorker.processData(SocketDocumentContentServer.java:571)
	at com.topcoder.service.studio.contest.documentcontentservers.SocketDocumentContentServer$SocketDocumentContentWorker.run(SocketDocumentContentServer.java:442)
	at java.lang.Thread.run(Thread.java:595)
There are errors in run().
com.topcoder.service.studio.contest.documentcontentservers.InvalidRequestException: Unrecognized request type: 0
	at com.topcoder.service.studio.contest.documentcontentservers.SocketDocumentContentServer$SocketDocumentContentWorker.processData(SocketDocumentContentServer.java:571)
	at com.topcoder.service.studio.contest.documentcontentservers.SocketDocumentContentServer$SocketDocumentContentWorker.run(SocketDocumentContentServer.java:442)
	at java.lang.Thread.run(Thread.java:595)
There are errors in run().
com.topcoder.service.studio.contest.documentcontentservers.InvalidRequestException: Unrecognized request type: 0
	at com.topcoder.service.studio.contest.documentcontentservers.SocketDocumentContentServer$SocketDocumentContentWorker.processData(SocketDocumentContentServer.java:571)
	at com.topcoder.service.studio.contest.documentcontentservers.SocketDocumentContentServer$SocketDocumentContentWorker.run(SocketDocumentContentServer.java:442)
	at java.lang.Thread.run(Thread.java:595)
There are errors in run().
com.topcoder.service.studio.contest.documentcontentservers.InvalidRequestException: Unrecognized request type: 0
	at com.topcoder.service.studio.contest.documentcontentservers.SocketDocumentContentServer$SocketDocumentContentWorker.processData(SocketDocumentContentServer.java:571)
	at com.topcoder.service.studio.contest.documentcontentservers.SocketDocumentContentServer$SocketDocumentContentWorker.run(SocketDocumentContentServer.java:442)
	at java.lang.Thread.run(Thread.java:595)
There are errors in run().
com.topcoder.service.studio.contest.documentcontentservers.InvalidRequestException: Unrecognized request type: 0
	at com.topcoder.service.studio.contest.documentcontentservers.SocketDocumentContentServer$SocketDocumentContentWorker.processData(SocketDocumentContentServer.java:571)
	at com.topcoder.service.studio.contest.documentcontentservers.SocketDocumentContentServer$SocketDocumentContentWorker.run(SocketDocumentContentServer.java:442)
	at java.lang.Thread.run(Thread.java:595)
There are errors in run().
com.topcoder.service.studio.contest.documentcontentservers.InvalidRequestException: Unrecognized request type: 0
	at com.topcoder.service.studio.contest.documentcontentservers.SocketDocumentContentServer$SocketDocumentContentWorker.processData(SocketDocumentContentServer.java:571)
	at com.topcoder.service.studio.contest.documentcontentservers.SocketDocumentContentServer$SocketDocumentContentWorker.run(SocketDocumentContentServer.java:442)
	at java.lang.Thread.run(Thread.java:595)
There are errors in run().
com.topcoder.service.studio.contest.documentcontentservers.InvalidRequestException: Unrecognized request type: 0
	at com.topcoder.service.studio.contest.documentcontentservers.SocketDocumentContentServer$SocketDocumentContentWorker.processData(SocketDocumentContentServer.java:571)
	at com.topcoder.service.studio.contest.documentcontentservers.SocketDocumentContentServer$SocketDocumentContentWorker.run(SocketDocumentContentServer.java:442)
	at java.lang.Thread.run(Thread.java:595)
There are errors in run().
com.topcoder.service.studio.contest.documentcontentservers.InvalidRequestException: Unrecognized request type: 0
	at com.topcoder.service.studio.contest.documentcontentservers.SocketDocumentContentServer$SocketDocumentContentWorker.processData(SocketDocumentContentServer.java:571)
	at com.topcoder.service.studio.contest.documentcontentservers.SocketDocumentContentServer$SocketDocumentContentWorker.run(SocketDocumentContentServer.java:442)
	at java.lang.Thread.run(Thread.java:595)
There are errors in run().
com.topcoder.service.studio.contest.documentcontentservers.InvalidRequestException: Unrecognized request type: 0
	at com.topcoder.service.studio.contest.documentcontentservers.SocketDocumentContentServer$SocketDocumentContentWorker.processData(SocketDocumentContentServer.java:571)
	at com.topcoder.service.studio.contest.documentcontentservers.SocketDocumentContentServer$SocketDocumentContentWorker.run(SocketDocumentContentServer.java:442)
	at java.lang.Thread.run(Thread.java:595)
There are errors in run().
com.topcoder.service.studio.contest.documentcontentservers.InvalidRequestException: Unrecognized request type: 0
	at com.topcoder.service.studio.contest.documentcontentservers.SocketDocumentContentServer$SocketDocumentContentWorker.processData(SocketDocumentContentServer.java:571)
	at com.topcoder.service.studio.contest.documentcontentservers.SocketDocumentContentServer$SocketDocumentContentWorker.run(SocketDocumentContentServer.java:442)
	at java.lang.Thread.run(Thread.java:595)
There are errors in run().
com.topcoder.service.studio.contest.documentcontentservers.InvalidRequestException: Unrecognized request type: 0
	at com.topcoder.service.studio.contest.documentcontentservers.SocketDocumentContentServer$SocketDocumentContentWorker.processData(SocketDocumentContentServer.java:571)
	at com.topcoder.service.studio.contest.documentcontentservers.SocketDocumentContentServer$SocketDocumentContentWorker.run(SocketDocumentContentServer.java:442)
	at java.lang.Thread.run(Thread.java:595)
There are errors in run().
com.topcoder.service.studio.contest.documentcontentservers.InvalidRequestException: Unrecognized request type: 0
	at com.topcoder.service.studio.contest.documentcontentservers.SocketDocumentContentServer$SocketDocumentContentWorker.processData(SocketDocumentContentServer.java:571)
	at com.topcoder.service.studio.contest.documentcontentservers.SocketDocumentContentServer$SocketDocumentContentWorker.run(SocketDocumentContentServer.java:442)
	at java.lang.Thread.run(Thread.java:595)
There are errors in run().
com.topcoder.service.studio.contest.documentcontentservers.InvalidRequestException: Unrecognized request type: 0
	at com.topcoder.service.studio.contest.documentcontentservers.SocketDocumentContentServer$SocketDocumentContentWorker.processData(SocketDocumentContentServer.java:571)
	at com.topcoder.service.studio.contest.documentcontentservers.SocketDocumentContentServer$SocketDocumentContentWorker.run(SocketDocumentContentServer.java:442)
	at java.lang.Thread.run(Thread.java:595)
There are errors in run().
com.topcoder.service.studio.contest.documentcontentservers.InvalidRequestException: Unrecognized request type: 0
	at com.topcoder.service.studio.contest.documentcontentservers.SocketDocumentContentServer$SocketDocumentContentWorker.processData(SocketDocumentContentServer.java:571)
	at com.topcoder.service.studio.contest.documentcontentservers.SocketDocumentContentServer$SocketDocumentContentWorker.run(SocketDocumentContentServer.java:442)
	at java.lang.Thread.run(Thread.java:595)
There are errors in run().
com.topcoder.service.studio.contest.documentcontentservers.InvalidRequestException: Unrecognized request type: 0
	at com.topcoder.service.studio.contest.documentcontentservers.SocketDocumentContentServer$SocketDocumentContentWorker.processData(SocketDocumentContentServer.java:571)
	at com.topcoder.service.studio.contest.documentcontentservers.SocketDocumentContentServer$SocketDocumentContentWorker.run(SocketDocumentContentServer.java:442)
	at java.lang.Thread.run(Thread.java:595)
There are errors in run().
com.topcoder.service.studio.contest.documentcontentservers.InvalidRequestException: Unrecognized request type: 0
	at com.topcoder.service.studio.contest.documentcontentservers.SocketDocumentContentServer$SocketDocumentContentWorker.processData(SocketDocumentContentServer.java:571)
	at com.topcoder.service.studio.contest.documentcontentservers.SocketDocumentContentServer$SocketDocumentContentWorker.run(SocketDocumentContentServer.java:442)
	at java.lang.Thread.run(Thread.java:595)
There are errors in run().
com.topcoder.service.studio.contest.documentcontentservers.InvalidRequestException: Unrecognized request type: 0
	at com.topcoder.service.studio.contest.documentcontentservers.SocketDocumentContentServer$SocketDocumentContentWorker.processData(SocketDocumentContentServer.java:571)
	at com.topcoder.service.studio.contest.documentcontentservers.SocketDocumentContentServer$SocketDocumentContentWorker.run(SocketDocumentContentServer.java:442)
	at java.lang.Thread.run(Thread.java:595)
There are errors in run().
com.topcoder.service.studio.contest.documentcontentservers.InvalidRequestException: Unrecognized request type: 0
	at com.topcoder.service.studio.contest.documentcontentservers.SocketDocumentContentServer$SocketDocumentContentWorker.processData(SocketDocumentContentServer.java:571)
	at com.topcoder.service.studio.contest.documentcontentservers.SocketDocumentContentServer$SocketDocumentContentWorker.run(SocketDocumentContentServer.java:442)
	at java.lang.Thread.run(Thread.java:595)
There are errors in run().
com.topcoder.service.studio.contest.documentcontentservers.InvalidRequestException: Unrecognized request type: 0
	at com.topcoder.service.studio.contest.documentcontentservers.SocketDocumentContentServer$SocketDocumentContentWorker.processData(SocketDocumentContentServer.java:571)
	at com.topcoder.service.studio.contest.documentcontentservers.SocketDocumentContentServer$SocketDocumentContentWorker.run(SocketDocumentContentServer.java:442)
	at java.lang.Thread.run(Thread.java:595)
There are errors in run().
com.topcoder.service.studio.contest.documentcontentservers.InvalidRequestException: Unrecognized request type: 0
	at com.topcoder.service.studio.contest.documentcontentservers.SocketDocumentContentServer$SocketDocumentContentWorker.processData(SocketDocumentContentServer.java:571)
	at com.topcoder.service.studio.contest.documentcontentservers.SocketDocumentContentServer$SocketDocumentContentWorker.run(SocketDocumentContentServer.java:442)
	at java.lang.Thread.run(Thread.java:595)
There are errors in run().
com.topcoder.service.studio.contest.documentcontentservers.InvalidRequestException: Unrecognized request type: 0
	at com.topcoder.service.studio.contest.documentcontentservers.SocketDocumentContentServer$SocketDocumentContentWorker.processData(SocketDocumentContentServer.java:571)
	at com.topcoder.service.studio.contest.documentcontentservers.SocketDocumentContentServer$SocketDocumentContentWorker.run(SocketDocumentContentServer.java:442)
	at java.lang.Thread.run(Thread.java:595)
There are errors in run().
com.topcoder.service.studio.contest.documentcontentservers.InvalidRequestException: Unrecognized request type: 0
	at com.topcoder.service.studio.contest.documentcontentservers.SocketDocumentContentServer$SocketDocumentContentWorker.processData(SocketDocumentContentServer.java:571)
	at com.topcoder.service.studio.contest.documentcontentservers.SocketDocumentContentServer$SocketDocumentContentWorker.run(SocketDocumentContentServer.java:442)
	at java.lang.Thread.run(Thread.java:595)
There are errors in run().
com.topcoder.service.studio.contest.documentcontentservers.InvalidRequestException: Unrecognized request type: 0
	at com.topcoder.service.studio.contest.documentcontentservers.SocketDocumentContentServer$SocketDocumentContentWorker.processData(SocketDocumentContentServer.java:571)
	at com.topcoder.service.studio.contest.documentcontentservers.SocketDocumentContentServer$SocketDocumentContentWorker.run(SocketDocumentContentServer.java:442)
	at java.lang.Thread.run(Thread.java:595)
There are errors in run().
com.topcoder.service.studio.contest.documentcontentservers.InvalidRequestException: Unrecognized request type: 0
	at com.topcoder.service.studio.contest.documentcontentservers.SocketDocumentContentServer$SocketDocumentContentWorker.processData(SocketDocumentContentServer.java:571)
	at com.topcoder.service.studio.contest.documentcontentservers.SocketDocumentContentServer$SocketDocumentContentWorker.run(SocketDocumentContentServer.java:442)
	at java.lang.Thread.run(Thread.java:595)
There are errors in run().
com.topcoder.service.studio.contest.documentcontentservers.InvalidRequestException: Unrecognized request type: 0
	at com.topcoder.service.studio.contest.documentcontentservers.SocketDocumentContentServer$SocketDocumentContentWorker.processData(SocketDocumentContentServer.java:571)
	at com.topcoder.service.studio.contest.documentcontentservers.SocketDocumentContentServer$SocketDocumentContentWorker.run(SocketDocumentContentServer.java:442)
	at java.lang.Thread.run(Thread.java:595)
There are errors in run().
com.topcoder.service.studio.contest.documentcontentservers.InvalidRequestException: Unrecognized request type: 0
	at com.topcoder.service.studio.contest.documentcontentservers.SocketDocumentContentServer$SocketDocumentContentWorker.processData(SocketDocumentContentServer.java:571)
	at com.topcoder.service.studio.contest.documentcontentservers.SocketDocumentContentServer$SocketDocumentContentWorker.run(SocketDocumentContentServer.java:442)
	at java.lang.Thread.run(Thread.java:595)
There are errors in run().
com.topcoder.service.studio.contest.documentcontentservers.InvalidRequestException: Unrecognized request type: 0
	at com.topcoder.service.studio.contest.documentcontentservers.SocketDocumentContentServer$SocketDocumentContentWorker.processData(SocketDocumentContentServer.java:571)
	at com.topcoder.service.studio.contest.documentcontentservers.SocketDocumentContentServer$SocketDocumentContentWorker.run(SocketDocumentContentServer.java:442)
	at java.lang.Thread.run(Thread.java:595)
There are errors in run().
com.topcoder.service.studio.contest.documentcontentservers.InvalidRequestException: Unrecognized request type: 0
	at com.topcoder.service.studio.contest.documentcontentservers.SocketDocumentContentServer$SocketDocumentContentWorker.processData(SocketDocumentContentServer.java:571)
	at com.topcoder.service.studio.contest.documentcontentservers.SocketDocumentContentServer$SocketDocumentContentWorker.run(SocketDocumentContentServer.java:442)
	at java.lang.Thread.run(Thread.java:595)
There are errors in run().
com.topcoder.service.studio.contest.documentcontentservers.InvalidRequestException: Unrecognized request type: 0
	at com.topcoder.service.studio.contest.documentcontentservers.SocketDocumentContentServer$SocketDocumentContentWorker.processData(SocketDocumentContentServer.java:571)
	at com.topcoder.service.studio.contest.documentcontentservers.SocketDocumentContentServer$SocketDocumentContentWorker.run(SocketDocumentContentServer.java:442)
	at java.lang.Thread.run(Thread.java:595)
There are errors in run().
com.topcoder.service.studio.contest.documentcontentservers.InvalidRequestException: Unrecognized request type: 0
	at com.topcoder.service.studio.contest.documentcontentservers.SocketDocumentContentServer$SocketDocumentContentWorker.processData(SocketDocumentContentServer.java:571)
	at com.topcoder.service.studio.contest.documentcontentservers.SocketDocumentContentServer$SocketDocumentContentWorker.run(SocketDocumentContentServer.java:442)
	at java.lang.Thread.run(Thread.java:595)
There are errors in run().
com.topcoder.service.studio.contest.documentcontentservers.InvalidRequestException: Unrecognized request type: 0
	at com.topcoder.service.studio.contest.documentcontentservers.SocketDocumentContentServer$SocketDocumentContentWorker.processData(SocketDocumentContentServer.java:571)
	at com.topcoder.service.studio.contest.documentcontentservers.SocketDocumentContentServer$SocketDocumentContentWorker.run(SocketDocumentContentServer.java:442)
	at java.lang.Thread.run(Thread.java:595)
There are errors in run().
com.topcoder.service.studio.contest.documentcontentservers.InvalidRequestException: Unrecognized request type: 0
	at com.topcoder.service.studio.contest.documentcontentservers.SocketDocumentContentServer$SocketDocumentContentWorker.processData(SocketDocumentContentServer.java:571)
	at com.topcoder.service.studio.contest.documentcontentservers.SocketDocumentContentServer$SocketDocumentContentWorker.run(SocketDocumentContentServer.java:442)
	at java.lang.Thread.run(Thread.java:595)
There are errors in run().
com.topcoder.service.studio.contest.documentcontentservers.InvalidRequestException: Unrecognized request type: 0
	at com.topcoder.service.studio.contest.documentcontentservers.SocketDocumentContentServer$SocketDocumentContentWorker.processData(SocketDocumentContentServer.java:571)
	at com.topcoder.service.studio.contest.documentcontentservers.SocketDocumentContentServer$SocketDocumentContentWorker.run(SocketDocumentContentServer.java:442)
	at java.lang.Thread.run(Thread.java:595)
There are errors in run().
com.topcoder.service.studio.contest.documentcontentservers.InvalidRequestException: Unrecognized request type: 0
	at com.topcoder.service.studio.contest.documentcontentservers.SocketDocumentContentServer$SocketDocumentContentWorker.processData(SocketDocumentContentServer.java:571)
	at com.topcoder.service.studio.contest.documentcontentservers.SocketDocumentContentServer$SocketDocumentContentWorker.run(SocketDocumentContentServer.java:442)
	at java.lang.Thread.run(Thread.java:595)
There are errors in run().
com.topcoder.service.studio.contest.documentcontentservers.InvalidRequestException: Unrecognized request type: 0
	at com.topcoder.service.studio.contest.documentcontentservers.SocketDocumentContentServer$SocketDocumentContentWorker.processData(SocketDocumentContentServer.java:571)
	at com.topcoder.service.studio.contest.documentcontentservers.SocketDocumentContentServer$SocketDocumentContentWorker.run(SocketDocumentContentServer.java:442)
	at java.lang.Thread.run(Thread.java:595)
There are errors in run().
com.topcoder.service.studio.contest.documentcontentservers.InvalidRequestException: Unrecognized request type: 0
	at com.topcoder.service.studio.contest.documentcontentservers.SocketDocumentContentServer$SocketDocumentContentWorker.processData(SocketDocumentContentServer.java:571)
	at com.topcoder.service.studio.contest.documentcontentservers.SocketDocumentContentServer$SocketDocumentContentWorker.run(SocketDocumentContentServer.java:442)
	at java.lang.Thread.run(Thread.java:595)
There are errors in run().
com.topcoder.service.studio.contest.documentcontentservers.InvalidRequestException: Unrecognized request type: 0
	at com.topcoder.service.studio.contest.documentcontentservers.SocketDocumentContentServer$SocketDocumentContentWorker.processData(SocketDocumentContentServer.java:571)
	at com.topcoder.service.studio.contest.documentcontentservers.SocketDocumentContentServer$SocketDocumentContentWorker.run(SocketDocumentContentServer.java:442)
	at java.lang.Thread.run(Thread.java:595)
There are errors in run().
com.topcoder.service.studio.contest.documentcontentservers.InvalidRequestException: Unrecognized request type: 0
	at com.topcoder.service.studio.contest.documentcontentservers.SocketDocumentContentServer$SocketDocumentContentWorker.processData(SocketDocumentContentServer.java:571)
	at com.topcoder.service.studio.contest.documentcontentservers.SocketDocumentContentServer$SocketDocumentContentWorker.run(SocketDocumentContentServer.java:442)
	at java.lang.Thread.run(Thread.java:595)
There are errors in run().
com.topcoder.service.studio.contest.documentcontentservers.InvalidRequestException: Unrecognized request type: 0
	at com.topcoder.service.studio.contest.documentcontentservers.SocketDocumentContentServer$SocketDocumentContentWorker.processData(SocketDocumentContentServer.java:571)
	at com.topcoder.service.studio.contest.documentcontentservers.SocketDocumentContentServer$SocketDocumentContentWorker.run(SocketDocumentContentServer.java:442)
	at java.lang.Thread.run(Thread.java:595)
There are errors in run().
com.topcoder.service.studio.contest.documentcontentservers.InvalidRequestException: Unrecognized request type: 0
	at com.topcoder.service.studio.contest.documentcontentservers.SocketDocumentContentServer$SocketDocumentContentWorker.processData(SocketDocumentContentServer.java:571)
	at com.topcoder.service.studio.contest.documentcontentservers.SocketDocumentContentServer$SocketDocumentContentWorker.run(SocketDocumentContentServer.java:442)
	at java.lang.Thread.run(Thread.java:595)
There are errors in run().
com.topcoder.service.studio.contest.documentcontentservers.InvalidRequestException: Unrecognized request type: 0
	at com.topcoder.service.studio.contest.documentcontentservers.SocketDocumentContentServer$SocketDocumentContentWorker.processData(SocketDocumentContentServer.java:571)
	at com.topcoder.service.studio.contest.documentcontentservers.SocketDocumentContentServer$SocketDocumentContentWorker.run(SocketDocumentContentServer.java:442)
	at java.lang.Thread.run(Thread.java:595)
There are errors in run().
com.topcoder.service.studio.contest.documentcontentservers.InvalidRequestException: Unrecognized request type: 0
	at com.topcoder.service.studio.contest.documentcontentservers.SocketDocumentContentServer$SocketDocumentContentWorker.processData(SocketDocumentContentServer.java:571)
	at com.topcoder.service.studio.contest.documentcontentservers.SocketDocumentContentServer$SocketDocumentContentWorker.run(SocketDocumentContentServer.java:442)
	at java.lang.Thread.run(Thread.java:595)
There are errors in run().
com.topcoder.service.studio.contest.documentcontentservers.InvalidRequestException: Unrecognized request type: 0
	at com.topcoder.service.studio.contest.documentcontentservers.SocketDocumentContentServer$SocketDocumentContentWorker.processData(SocketDocumentContentServer.java:571)
	at com.topcoder.service.studio.contest.documentcontentservers.SocketDocumentContentServer$SocketDocumentContentWorker.run(SocketDocumentContentServer.java:442)
	at java.lang.Thread.run(Thread.java:595)
There are errors in run().
com.topcoder.service.studio.contest.documentcontentservers.InvalidRequestException: Unrecognized request type: 0
	at com.topcoder.service.studio.contest.documentcontentservers.SocketDocumentContentServer$SocketDocumentContentWorker.processData(SocketDocumentContentServer.java:571)
	at com.topcoder.service.studio.contest.documentcontentservers.SocketDocumentContentServer$SocketDocumentContentWorker.run(SocketDocumentContentServer.java:442)
	at java.lang.Thread.run(Thread.java:595)
There are errors in run().
com.topcoder.service.studio.contest.documentcontentservers.InvalidRequestException: Unrecognized request type: 0
	at com.topcoder.service.studio.contest.documentcontentservers.SocketDocumentContentServer$SocketDocumentContentWorker.processData(SocketDocumentContentServer.java:571)
	at com.topcoder.service.studio.contest.documentcontentservers.SocketDocumentContentServer$SocketDocumentContentWorker.run(SocketDocumentContentServer.java:442)
	at java.lang.Thread.run(Thread.java:595)
There are errors in run().
com.topcoder.service.studio.contest.documentcontentservers.InvalidRequestException: Unrecognized request type: 0
	at com.topcoder.service.studio.contest.documentcontentservers.SocketDocumentContentServer$SocketDocumentContentWorker.processData(SocketDocumentContentServer.java:571)
	at com.topcoder.service.studio.contest.documentcontentservers.SocketDocumentContentServer$SocketDocumentContentWorker.run(SocketDocumentContentServer.java:442)
	at java.lang.Thread.run(Thread.java:595)
There are errors in run().
com.topcoder.service.studio.contest.documentcontentservers.InvalidRequestException: Unrecognized request type: 0
	at com.topcoder.service.studio.contest.documentcontentservers.SocketDocumentContentServer$SocketDocumentContentWorker.processData(SocketDocumentContentServer.java:571)
	at com.topcoder.service.studio.contest.documentcontentservers.SocketDocumentContentServer$SocketDocumentContentWorker.run(SocketDocumentContentServer.java:442)
	at java.lang.Thread.run(Thread.java:595)
There are errors in run().
com.topcoder.service.studio.contest.documentcontentservers.InvalidRequestException: Unrecognized request type: 0
	at com.topcoder.service.studio.contest.documentcontentservers.SocketDocumentContentServer$SocketDocumentContentWorker.processData(SocketDocumentContentServer.java:571)
	at com.topcoder.service.studio.contest.documentcontentservers.SocketDocumentContentServer$SocketDocumentContentWorker.run(SocketDocumentContentServer.java:442)
	at java.lang.Thread.run(Thread.java:595)
There are errors in run().
com.topcoder.service.studio.contest.documentcontentservers.InvalidRequestException: Unrecognized request type: 0
	at com.topcoder.service.studio.contest.documentcontentservers.SocketDocumentContentServer$SocketDocumentContentWorker.processData(SocketDocumentContentServer.java:571)
	at com.topcoder.service.studio.contest.documentcontentservers.SocketDocumentContentServer$SocketDocumentContentWorker.run(SocketDocumentContentServer.java:442)
	at java.lang.Thread.run(Thread.java:595)
There are errors in run().
com.topcoder.service.studio.contest.documentcontentservers.InvalidRequestException: Unrecognized request type: 0
	at com.topcoder.service.studio.contest.documentcontentservers.SocketDocumentContentServer$SocketDocumentContentWorker.processData(SocketDocumentContentServer.java:571)
	at com.topcoder.service.studio.contest.documentcontentservers.SocketDocumentContentServer$SocketDocumentContentWorker.run(SocketDocumentContentServer.java:442)
	at java.lang.Thread.run(Thread.java:595)
There are errors in run().
com.topcoder.service.studio.contest.documentcontentservers.InvalidRequestException: Unrecognized request type: 0
	at com.topcoder.service.studio.contest.documentcontentservers.SocketDocumentContentServer$SocketDocumentContentWorker.processData(SocketDocumentContentServer.java:571)
	at com.topcoder.service.studio.contest.documentcontentservers.SocketDocumentContentServer$SocketDocumentContentWorker.run(SocketDocumentContentServer.java:442)
	at java.lang.Thread.run(Thread.java:595)
There are errors in run().
com.topcoder.service.studio.contest.documentcontentservers.InvalidRequestException: Unrecognized request type: 0
	at com.topcoder.service.studio.contest.documentcontentservers.SocketDocumentContentServer$SocketDocumentContentWorker.processData(SocketDocumentContentServer.java:571)
	at com.topcoder.service.studio.contest.documentcontentservers.SocketDocumentContentServer$SocketDocumentContentWorker.run(SocketDocumentContentServer.java:442)
	at java.lang.Thread.run(Thread.java:595)
There are errors in run().
com.topcoder.service.studio.contest.documentcontentservers.InvalidRequestException: Unrecognized request type: 0
	at com.topcoder.service.studio.contest.documentcontentservers.SocketDocumentContentServer$SocketDocumentContentWorker.processData(SocketDocumentContentServer.java:571)
	at com.topcoder.service.studio.contest.documentcontentservers.SocketDocumentContentServer$SocketDocumentContentWorker.run(SocketDocumentContentServer.java:442)
	at java.lang.Thread.run(Thread.java:595)
There are errors in run().
com.topcoder.service.studio.contest.documentcontentservers.InvalidRequestException: Unrecognized request type: 0
	at com.topcoder.service.studio.contest.documentcontentservers.SocketDocumentContentServer$SocketDocumentContentWorker.processData(SocketDocumentContentServer.java:571)
	at com.topcoder.service.studio.contest.documentcontentservers.SocketDocumentContentServer$SocketDocumentContentWorker.run(SocketDocumentContentServer.java:442)
	at java.lang.Thread.run(Thread.java:595)
There are errors in run().
com.topcoder.service.studio.contest.documentcontentservers.InvalidRequestException: Unrecognized request type: 0
	at com.topcoder.service.studio.contest.documentcontentservers.SocketDocumentContentServer$SocketDocumentContentWorker.processData(SocketDocumentContentServer.java:571)
	at com.topcoder.service.studio.contest.documentcontentservers.SocketDocumentContentServer$SocketDocumentContentWorker.run(SocketDocumentContentServer.java:442)
	at java.lang.Thread.run(Thread.java:595)
There are errors in run().
com.topcoder.service.studio.contest.documentcontentservers.InvalidRequestException: Unrecognized request type: 0
	at com.topcoder.service.studio.contest.documentcontentservers.SocketDocumentContentServer$SocketDocumentContentWorker.processData(SocketDocumentContentServer.java:571)
	at com.topcoder.service.studio.contest.documentcontentservers.SocketDocumentContentServer$SocketDocumentContentWorker.run(SocketDocumentContentServer.java:442)
	at java.lang.Thread.run(Thread.java:595)
There are errors in run().
com.topcoder.service.studio.contest.documentcontentservers.InvalidRequestException: Unrecognized request type: 0
	at com.topcoder.service.studio.contest.documentcontentservers.SocketDocumentContentServer$SocketDocumentContentWorker.processData(SocketDocumentContentServer.java:571)
	at com.topcoder.service.studio.contest.documentcontentservers.SocketDocumentContentServer$SocketDocumentContentWorker.run(SocketDocumentContentServer.java:442)
	at java.lang.Thread.run(Thread.java:595)
There are errors in run().
com.topcoder.service.studio.contest.documentcontentservers.InvalidRequestException: Unrecognized request type: 0
	at com.topcoder.service.studio.contest.documentcontentservers.SocketDocumentContentServer$SocketDocumentContentWorker.processData(SocketDocumentContentServer.java:571)
	at com.topcoder.service.studio.contest.documentcontentservers.SocketDocumentContentServer$SocketDocumentContentWorker.run(SocketDocumentContentServer.java:442)
	at java.lang.Thread.run(Thread.java:595)
There are errors in run().
com.topcoder.service.studio.contest.documentcontentservers.InvalidRequestException: Unrecognized request type: 0
	at com.topcoder.service.studio.contest.documentcontentservers.SocketDocumentContentServer$SocketDocumentContentWorker.processData(SocketDocumentContentServer.java:571)
	at com.topcoder.service.studio.contest.documentcontentservers.SocketDocumentContentServer$SocketDocumentContentWorker.run(SocketDocumentContentServer.java:442)
	at java.lang.Thread.run(Thread.java:595)
There are errors in run().
com.topcoder.service.studio.contest.documentcontentservers.InvalidRequestException: Unrecognized request type: 0
	at com.topcoder.service.studio.contest.documentcontentservers.SocketDocumentContentServer$SocketDocumentContentWorker.processData(SocketDocumentContentServer.java:571)
	at com.topcoder.service.studio.contest.documentcontentservers.SocketDocumentContentServer$SocketDocumentContentWorker.run(SocketDocumentContentServer.java:442)
	at java.lang.Thread.run(Thread.java:595)
There are errors in run().
com.topcoder.service.studio.contest.documentcontentservers.InvalidRequestException: Unrecognized request type: 0
	at com.topcoder.service.studio.contest.documentcontentservers.SocketDocumentContentServer$SocketDocumentContentWorker.processData(SocketDocumentContentServer.java:571)
	at com.topcoder.service.studio.contest.documentcontentservers.SocketDocumentContentServer$SocketDocumentContentWorker.run(SocketDocumentContentServer.java:442)
	at java.lang.Thread.run(Thread.java:595)
There are errors in run().
com.topcoder.service.studio.contest.documentcontentservers.InvalidRequestException: Unrecognized request type: 0
	at com.topcoder.service.studio.contest.documentcontentservers.SocketDocumentContentServer$SocketDocumentContentWorker.processData(SocketDocumentContentServer.java:571)
	at com.topcoder.service.studio.contest.documentcontentservers.SocketDocumentContentServer$SocketDocumentContentWorker.run(SocketDocumentContentServer.java:442)
	at java.lang.Thread.run(Thread.java:595)
There are errors in run().
com.topcoder.service.studio.contest.documentcontentservers.InvalidRequestException: Unrecognized request type: 0
	at com.topcoder.service.studio.contest.documentcontentservers.SocketDocumentContentServer$SocketDocumentContentWorker.processData(SocketDocumentContentServer.java:571)
	at com.topcoder.service.studio.contest.documentcontentservers.SocketDocumentContentServer$SocketDocumentContentWorker.run(SocketDocumentContentServer.java:442)
	at java.lang.Thread.run(Thread.java:595)
There are errors in run().
com.topcoder.service.studio.contest.documentcontentservers.InvalidRequestException: Unrecognized request type: 0
	at com.topcoder.service.studio.contest.documentcontentservers.SocketDocumentContentServer$SocketDocumentContentWorker.processData(SocketDocumentContentServer.java:571)
	at com.topcoder.service.studio.contest.documentcontentservers.SocketDocumentContentServer$SocketDocumentContentWorker.run(SocketDocumentContentServer.java:442)
	at java.lang.Thread.run(Thread.java:595)
There are errors in run().
com.topcoder.service.studio.contest.documentcontentservers.InvalidRequestException: Unrecognized request type: 0
	at com.topcoder.service.studio.contest.documentcontentservers.SocketDocumentContentServer$SocketDocumentContentWorker.processData(SocketDocumentContentServer.java:571)
	at com.topcoder.service.studio.contest.documentcontentservers.SocketDocumentContentServer$SocketDocumentContentWorker.run(SocketDocumentContentServer.java:442)
	at java.lang.Thread.run(Thread.java:595)
There are errors in run().
com.topcoder.service.studio.contest.documentcontentservers.InvalidRequestException: Unrecognized request type: 0
	at com.topcoder.service.studio.contest.documentcontentservers.SocketDocumentContentServer$SocketDocumentContentWorker.processData(SocketDocumentContentServer.java:571)
	at com.topcoder.service.studio.contest.documentcontentservers.SocketDocumentContentServer$SocketDocumentContentWorker.run(SocketDocumentContentServer.java:442)
	at java.lang.Thread.run(Thread.java:595)
There are errors in run().
com.topcoder.service.studio.contest.documentcontentservers.InvalidRequestException: Unrecognized request type: 0
	at com.topcoder.service.studio.contest.documentcontentservers.SocketDocumentContentServer$SocketDocumentContentWorker.processData(SocketDocumentContentServer.java:571)
	at com.topcoder.service.studio.contest.documentcontentservers.SocketDocumentContentServer$SocketDocumentContentWorker.run(SocketDocumentContentServer.java:442)
	at java.lang.Thread.run(Thread.java:595)
There are errors in run().
com.topcoder.service.studio.contest.documentcontentservers.InvalidRequestException: Unrecognized request type: 0
	at com.topcoder.service.studio.contest.documentcontentservers.SocketDocumentContentServer$SocketDocumentContentWorker.processData(SocketDocumentContentServer.java:571)
	at com.topcoder.service.studio.contest.documentcontentservers.SocketDocumentContentServer$SocketDocumentContentWorker.run(SocketDocumentContentServer.java:442)
	at java.lang.Thread.run(Thread.java:595)
There are errors in run().
com.topcoder.service.studio.contest.documentcontentservers.InvalidRequestException: Unrecognized request type: 0
	at com.topcoder.service.studio.contest.documentcontentservers.SocketDocumentContentServer$SocketDocumentContentWorker.processData(SocketDocumentContentServer.java:571)
	at com.topcoder.service.studio.contest.documentcontentservers.SocketDocumentContentServer$SocketDocumentContentWorker.run(SocketDocumentContentServer.java:442)
	at java.lang.Thread.run(Thread.java:595)
There are errors in run().
com.topcoder.service.studio.contest.documentcontentservers.InvalidRequestException: Unrecognized request type: 0
	at com.topcoder.service.studio.contest.documentcontentservers.SocketDocumentContentServer$SocketDocumentContentWorker.processData(SocketDocumentContentServer.java:571)
	at com.topcoder.service.studio.contest.documentcontentservers.SocketDocumentContentServer$SocketDocumentContentWorker.run(SocketDocumentContentServer.java:442)
	at java.lang.Thread.run(Thread.java:595)
There are errors in run().
com.topcoder.service.studio.contest.documentcontentservers.InvalidRequestException: Unrecognized request type: 0
	at com.topcoder.service.studio.contest.documentcontentservers.SocketDocumentContentServer$SocketDocumentContentWorker.processData(SocketDocumentContentServer.java:571)
	at com.topcoder.service.studio.contest.documentcontentservers.SocketDocumentContentServer$SocketDocumentContentWorker.run(SocketDocumentContentServer.java:442)
	at java.lang.Thread.run(Thread.java:595)
There are errors in run().
com.topcoder.service.studio.contest.documentcontentservers.InvalidRequestException: Unrecognized request type: 0
	at com.topcoder.service.studio.contest.documentcontentservers.SocketDocumentContentServer$SocketDocumentContentWorker.processData(SocketDocumentContentServer.java:571)
	at com.topcoder.service.studio.contest.documentcontentservers.SocketDocumentContentServer$SocketDocumentContentWorker.run(SocketDocumentContentServer.java:442)
	at java.lang.Thread.run(Thread.java:595)
There are errors in run().
com.topcoder.service.studio.contest.documentcontentservers.InvalidRequestException: Unrecognized request type: 0
	at com.topcoder.service.studio.contest.documentcontentservers.SocketDocumentContentServer$SocketDocumentContentWorker.processData(SocketDocumentContentServer.java:571)
	at com.topcoder.service.studio.contest.documentcontentservers.SocketDocumentContentServer$SocketDocumentContentWorker.run(SocketDocumentContentServer.java:442)
	at java.lang.Thread.run(Thread.java:595)
There are errors in run().
com.topcoder.service.studio.contest.documentcontentservers.InvalidRequestException: Unrecognized request type: 0
	at com.topcoder.service.studio.contest.documentcontentservers.SocketDocumentContentServer$SocketDocumentContentWorker.processData(SocketDocumentContentServer.java:571)
	at com.topcoder.service.studio.contest.documentcontentservers.SocketDocumentContentServer$SocketDocumentContentWorker.run(SocketDocumentContentServer.java:442)
	at java.lang.Thread.run(Thread.java:595)
There are errors in run().
com.topcoder.service.studio.contest.documentcontentservers.InvalidRequestException: Unrecognized request type: 0
	at com.topcoder.service.studio.contest.documentcontentservers.SocketDocumentContentServer$SocketDocumentContentWorker.processData(SocketDocumentContentServer.java:571)
	at com.topcoder.service.studio.contest.documentcontentservers.SocketDocumentContentServer$SocketDocumentContentWorker.run(SocketDocumentContentServer.java:442)
	at java.lang.Thread.run(Thread.java:595)
There are errors in run().
com.topcoder.service.studio.contest.documentcontentservers.InvalidRequestException: Unrecognized request type: 0
	at com.topcoder.service.studio.contest.documentcontentservers.SocketDocumentContentServer$SocketDocumentContentWorker.processData(SocketDocumentContentServer.java:571)
	at com.topcoder.service.studio.contest.documentcontentservers.SocketDocumentContentServer$SocketDocumentContentWorker.run(SocketDocumentContentServer.java:442)
	at java.lang.Thread.run(Thread.java:595)
There are errors in run().
com.topcoder.service.studio.contest.documentcontentservers.InvalidRequestException: Unrecognized request type: 0
	at com.topcoder.service.studio.contest.documentcontentservers.SocketDocumentContentServer$SocketDocumentContentWorker.processData(SocketDocumentContentServer.java:571)
	at com.topcoder.service.studio.contest.documentcontentservers.SocketDocumentContentServer$SocketDocumentContentWorker.run(SocketDocumentContentServer.java:442)
	at java.lang.Thread.run(Thread.java:595)
There are errors in run().
com.topcoder.service.studio.contest.documentcontentservers.InvalidRequestException: Unrecognized request type: 0
	at com.topcoder.service.studio.contest.documentcontentservers.SocketDocumentContentServer$SocketDocumentContentWorker.processData(SocketDocumentContentServer.java:571)
	at com.topcoder.service.studio.contest.documentcontentservers.SocketDocumentContentServer$SocketDocumentContentWorker.run(SocketDocumentContentServer.java:442)
	at java.lang.Thread.run(Thread.java:595)
There are errors in run().
com.topcoder.service.studio.contest.documentcontentservers.InvalidRequestException: Unrecognized request type: 0
	at com.topcoder.service.studio.contest.documentcontentservers.SocketDocumentContentServer$SocketDocumentContentWorker.processData(SocketDocumentContentServer.java:571)
	at com.topcoder.service.studio.contest.documentcontentservers.SocketDocumentContentServer$SocketDocumentContentWorker.run(SocketDocumentContentServer.java:442)
	at java.lang.Thread.run(Thread.java:595)
There are errors in run().
com.topcoder.service.studio.contest.documentcontentservers.InvalidRequestException: Unrecognized request type: 0
	at com.topcoder.service.studio.contest.documentcontentservers.SocketDocumentContentServer$SocketDocumentContentWorker.processData(SocketDocumentContentServer.java:571)
	at com.topcoder.service.studio.contest.documentcontentservers.SocketDocumentContentServer$SocketDocumentContentWorker.run(SocketDocumentContentServer.java:442)
	at java.lang.Thread.run(Thread.java:595)
There are errors in run().
com.topcoder.service.studio.contest.documentcontentservers.InvalidRequestException: Unrecognized request type: 0
	at com.topcoder.service.studio.contest.documentcontentservers.SocketDocumentContentServer$SocketDocumentContentWorker.processData(SocketDocumentContentServer.java:571)
	at com.topcoder.service.studio.contest.documentcontentservers.SocketDocumentContentServer$SocketDocumentContentWorker.run(SocketDocumentContentServer.java:442)
	at java.lang.Thread.run(Thread.java:595)
There are errors in run().
com.topcoder.service.studio.contest.documentcontentservers.InvalidRequestException: Unrecognized request type: 0
	at com.topcoder.service.studio.contest.documentcontentservers.SocketDocumentContentServer$SocketDocumentContentWorker.processData(SocketDocumentContentServer.java:571)
	at com.topcoder.service.studio.contest.documentcontentservers.SocketDocumentContentServer$SocketDocumentContentWorker.run(SocketDocumentContentServer.java:442)
	at java.lang.Thread.run(Thread.java:595)
There are errors in run().
com.topcoder.service.studio.contest.documentcontentservers.InvalidRequestException: Unrecognized request type: 0
	at com.topcoder.service.studio.contest.documentcontentservers.SocketDocumentContentServer$SocketDocumentContentWorker.processData(SocketDocumentContentServer.java:571)
	at com.topcoder.service.studio.contest.documentcontentservers.SocketDocumentContentServer$SocketDocumentContentWorker.run(SocketDocumentContentServer.java:442)
	at java.lang.Thread.run(Thread.java:595)
There are errors in run().
com.topcoder.service.studio.contest.documentcontentservers.InvalidRequestException: Unrecognized request type: 0
	at com.topcoder.service.studio.contest.documentcontentservers.SocketDocumentContentServer$SocketDocumentContentWorker.processData(SocketDocumentContentServer.java:571)
	at com.topcoder.service.studio.contest.documentcontentservers.SocketDocumentContentServer$SocketDocumentContentWorker.run(SocketDocumentContentServer.java:442)
	at java.lang.Thread.run(Thread.java:595)
There are errors in run().
com.topcoder.service.studio.contest.documentcontentservers.InvalidRequestException: Unrecognized request type: 0
	at com.topcoder.service.studio.contest.documentcontentservers.SocketDocumentContentServer$SocketDocumentContentWorker.processData(SocketDocumentContentServer.java:571)
	at com.topcoder.service.studio.contest.documentcontentservers.SocketDocumentContentServer$SocketDocumentContentWorker.run(SocketDocumentContentServer.java:442)
	at java.lang.Thread.run(Thread.java:595)
There are errors in run().
com.topcoder.service.studio.contest.documentcontentservers.InvalidRequestException: Unrecognized request type: 0
	at com.topcoder.service.studio.contest.documentcontentservers.SocketDocumentContentServer$SocketDocumentContentWorker.processData(SocketDocumentContentServer.java:571)
	at com.topcoder.service.studio.contest.documentcontentservers.SocketDocumentContentServer$SocketDocumentContentWorker.run(SocketDocumentContentServer.java:442)
	at java.lang.Thread.run(Thread.java:595)
There are errors in run().
com.topcoder.service.studio.contest.documentcontentservers.InvalidRequestException: Unrecognized request type: 0
	at com.topcoder.service.studio.contest.documentcontentservers.SocketDocumentContentServer$SocketDocumentContentWorker.processData(SocketDocumentContentServer.java:571)
	at com.topcoder.service.studio.contest.documentcontentservers.SocketDocumentContentServer$SocketDocumentContentWorker.run(SocketDocumentContentServer.java:442)
	at java.lang.Thread.run(Thread.java:595)
There are errors in run().
com.topcoder.service.studio.contest.documentcontentservers.InvalidRequestException: Unrecognized request type: 0
	at com.topcoder.service.studio.contest.documentcontentservers.SocketDocumentContentServer$SocketDocumentContentWorker.processData(SocketDocumentContentServer.java:571)
	at com.topcoder.service.studio.contest.documentcontentservers.SocketDocumentContentServer$SocketDocumentContentWorker.run(SocketDocumentContentServer.java:442)
	at java.lang.Thread.run(Thread.java:595)
There are errors in run().
com.topcoder.service.studio.contest.documentcontentservers.InvalidRequestException: Unrecognized request type: 0
	at com.topcoder.service.studio.contest.documentcontentservers.SocketDocumentContentServer$SocketDocumentContentWorker.processData(SocketDocumentContentServer.java:571)
	at com.topcoder.service.studio.contest.documentcontentservers.SocketDocumentContentServer$SocketDocumentContentWorker.run(SocketDocumentContentServer.java:442)
	at java.lang.Thread.run(Thread.java:595)
There are errors in run().
com.topcoder.service.studio.contest.documentcontentservers.InvalidRequestException: Unrecognized request type: 0
	at com.topcoder.service.studio.contest.documentcontentservers.SocketDocumentContentServer$SocketDocumentContentWorker.processData(SocketDocumentContentServer.java:571)
	at com.topcoder.service.studio.contest.documentcontentservers.SocketDocumentContentServer$SocketDocumentContentWorker.run(SocketDocumentContentServer.java:442)
	at java.lang.Thread.run(Thread.java:595)
There are errors in run().
com.topcoder.service.studio.contest.documentcontentservers.InvalidRequestException: Unrecognized request type: 0
	at com.topcoder.service.studio.contest.documentcontentservers.SocketDocumentContentServer$SocketDocumentContentWorker.processData(SocketDocumentContentServer.java:571)
	at com.topcoder.service.studio.contest.documentcontentservers.SocketDocumentContentServer$SocketDocumentContentWorker.run(SocketDocumentContentServer.java:442)
	at java.lang.Thread.run(Thread.java:595)
There are errors in run().
com.topcoder.service.studio.contest.documentcontentservers.InvalidRequestException: Unrecognized request type: 0
	at com.topcoder.service.studio.contest.documentcontentservers.SocketDocumentContentServer$SocketDocumentContentWorker.processData(SocketDocumentContentServer.java:571)
	at com.topcoder.service.studio.contest.documentcontentservers.SocketDocumentContentServer$SocketDocumentContentWorker.run(SocketDocumentContentServer.java:442)
	at java.lang.Thread.run(Thread.java:595)
There are errors in run().
com.topcoder.service.studio.contest.documentcontentservers.InvalidRequestException: Unrecognized request type: 0
	at com.topcoder.service.studio.contest.documentcontentservers.SocketDocumentContentServer$SocketDocumentContentWorker.processData(SocketDocumentContentServer.java:571)
	at com.topcoder.service.studio.contest.documentcontentservers.SocketDocumentContentServer$SocketDocumentContentWorker.run(SocketDocumentContentServer.java:442)
	at java.lang.Thread.run(Thread.java:595)
There are errors in run().
com.topcoder.service.studio.contest.documentcontentservers.InvalidRequestException: Unrecognized request type: 0
	at com.topcoder.service.studio.contest.documentcontentservers.SocketDocumentContentServer$SocketDocumentContentWorker.processData(SocketDocumentContentServer.java:571)
	at com.topcoder.service.studio.contest.documentcontentservers.SocketDocumentContentServer$SocketDocumentContentWorker.run(SocketDocumentContentServer.java:442)
	at java.lang.Thread.run(Thread.java:595)
There are errors in run().
com.topcoder.service.studio.contest.documentcontentservers.InvalidRequestException: Unrecognized request type: 0
	at com.topcoder.service.studio.contest.documentcontentservers.SocketDocumentContentServer$SocketDocumentContentWorker.processData(SocketDocumentContentServer.java:571)
	at com.topcoder.service.studio.contest.documentcontentservers.SocketDocumentContentServer$SocketDocumentContentWorker.run(SocketDocumentContentServer.java:442)
	at java.lang.Thread.run(Thread.java:595)
There are errors in run().
com.topcoder.service.studio.contest.documentcontentservers.InvalidRequestException: Unrecognized request type: 0
	at com.topcoder.service.studio.contest.documentcontentservers.SocketDocumentContentServer$SocketDocumentContentWorker.processData(SocketDocumentContentServer.java:571)
	at com.topcoder.service.studio.contest.documentcontentservers.SocketDocumentContentServer$SocketDocumentContentWorker.run(SocketDocumentContentServer.java:442)
	at java.lang.Thread.run(Thread.java:595)
There are errors in run().
com.topcoder.service.studio.contest.documentcontentservers.InvalidRequestException: Unrecognized request type: 0
	at com.topcoder.service.studio.contest.documentcontentservers.SocketDocumentContentServer$SocketDocumentContentWorker.processData(SocketDocumentContentServer.java:571)
	at com.topcoder.service.studio.contest.documentcontentservers.SocketDocumentContentServer$SocketDocumentContentWorker.run(SocketDocumentContentServer.java:442)
	at java.lang.Thread.run(Thread.java:595)
There are errors in run().
com.topcoder.service.studio.contest.documentcontentservers.InvalidRequestException: Unrecognized request type: 0
	at com.topcoder.service.studio.contest.documentcontentservers.SocketDocumentContentServer$SocketDocumentContentWorker.processData(SocketDocumentContentServer.java:571)
	at com.topcoder.service.studio.contest.documentcontentservers.SocketDocumentContentServer$SocketDocumentContentWorker.run(SocketDocumentContentServer.java:442)
	at java.lang.Thread.run(Thread.java:595)
There are errors in run().
com.topcoder.service.studio.contest.documentcontentservers.InvalidRequestException: Unrecognized request type: 0
	at com.topcoder.service.studio.contest.documentcontentservers.SocketDocumentContentServer$SocketDocumentContentWorker.processData(SocketDocumentContentServer.java:571)
	at com.topcoder.service.studio.contest.documentcontentservers.SocketDocumentContentServer$SocketDocumentContentWorker.run(SocketDocumentContentServer.java:442)
	at java.lang.Thread.run(Thread.java:595)
There are errors in run().
com.topcoder.service.studio.contest.documentcontentservers.InvalidRequestException: Unrecognized request type: 0
	at com.topcoder.service.studio.contest.documentcontentservers.SocketDocumentContentServer$SocketDocumentContentWorker.processData(SocketDocumentContentServer.java:571)
	at com.topcoder.service.studio.contest.documentcontentservers.SocketDocumentContentServer$SocketDocumentContentWorker.run(SocketDocumentContentServer.java:442)
	at java.lang.Thread.run(Thread.java:595)
There are errors in run().
com.topcoder.service.studio.contest.documentcontentservers.InvalidRequestException: Unrecognized request type: 0
	at com.topcoder.service.studio.contest.documentcontentservers.SocketDocumentContentServer$SocketDocumentContentWorker.processData(SocketDocumentContentServer.java:571)
	at com.topcoder.service.studio.contest.documentcontentservers.SocketDocumentContentServer$SocketDocumentContentWorker.run(SocketDocumentContentServer.java:442)
	at java.lang.Thread.run(Thread.java:595)
There are errors in run().
com.topcoder.service.studio.contest.documentcontentservers.InvalidRequestException: Unrecognized request type: 0
	at com.topcoder.service.studio.contest.documentcontentservers.SocketDocumentContentServer$SocketDocumentContentWorker.processData(SocketDocumentContentServer.java:571)
	at com.topcoder.service.studio.contest.documentcontentservers.SocketDocumentContentServer$SocketDocumentContentWorker.run(SocketDocumentContentServer.java:442)
	at java.lang.Thread.run(Thread.java:595)
There are errors in run().
com.topcoder.service.studio.contest.documentcontentservers.InvalidRequestException: Unrecognized request type: 0
	at com.topcoder.service.studio.contest.documentcontentservers.SocketDocumentContentServer$SocketDocumentContentWorker.processData(SocketDocumentContentServer.java:571)
	at com.topcoder.service.studio.contest.documentcontentservers.SocketDocumentContentServer$SocketDocumentContentWorker.run(SocketDocumentContentServer.java:442)
	at java.lang.Thread.run(Thread.java:595)
There are errors in run().
com.topcoder.service.studio.contest.documentcontentservers.InvalidRequestException: Unrecognized request type: 0
	at com.topcoder.service.studio.contest.documentcontentservers.SocketDocumentContentServer$SocketDocumentContentWorker.processData(SocketDocumentContentServer.java:571)
	at com.topcoder.service.studio.contest.documentcontentservers.SocketDocumentContentServer$SocketDocumentContentWorker.run(SocketDocumentContentServer.java:442)
	at java.lang.Thread.run(Thread.java:595)
There are errors in run().
com.topcoder.service.studio.contest.documentcontentservers.InvalidRequestException: Unrecognized request type: 0
	at com.topcoder.service.studio.contest.documentcontentservers.SocketDocumentContentServer$SocketDocumentContentWorker.processData(SocketDocumentContentServer.java:571)
	at com.topcoder.service.studio.contest.documentcontentservers.SocketDocumentContentServer$SocketDocumentContentWorker.run(SocketDocumentContentServer.java:442)
	at java.lang.Thread.run(Thread.java:595)
There are errors in run().
com.topcoder.service.studio.contest.documentcontentservers.InvalidRequestException: Unrecognized request type: 0
	at com.topcoder.service.studio.contest.documentcontentservers.SocketDocumentContentServer$SocketDocumentContentWorker.processData(SocketDocumentContentServer.java:571)
	at com.topcoder.service.studio.contest.documentcontentservers.SocketDocumentContentServer$SocketDocumentContentWorker.run(SocketDocumentContentServer.java:442)
	at java.lang.Thread.run(Thread.java:595)
There are errors in run().
com.topcoder.service.studio.contest.documentcontentservers.InvalidRequestException: Unrecognized request type: 0
	at com.topcoder.service.studio.contest.documentcontentservers.SocketDocumentContentServer$SocketDocumentContentWorker.processData(SocketDocumentContentServer.java:571)
	at com.topcoder.service.studio.contest.documentcontentservers.SocketDocumentContentServer$SocketDocumentContentWorker.run(SocketDocumentContentServer.java:442)
	at java.lang.Thread.run(Thread.java:595)
There are errors in run().
com.topcoder.service.studio.contest.documentcontentservers.InvalidRequestException: Unrecognized request type: 0
	at com.topcoder.service.studio.contest.documentcontentservers.SocketDocumentContentServer$SocketDocumentContentWorker.processData(SocketDocumentContentServer.java:571)
	at com.topcoder.service.studio.contest.documentcontentservers.SocketDocumentContentServer$SocketDocumentContentWorker.run(SocketDocumentContentServer.java:442)
	at java.lang.Thread.run(Thread.java:595)
There are errors in run().
com.topcoder.service.studio.contest.documentcontentservers.InvalidRequestException: Unrecognized request type: 0
	at com.topcoder.service.studio.contest.documentcontentservers.SocketDocumentContentServer$SocketDocumentContentWorker.processData(SocketDocumentContentServer.java:571)
	at com.topcoder.service.studio.contest.documentcontentservers.SocketDocumentContentServer$SocketDocumentContentWorker.run(SocketDocumentContentServer.java:442)
	at java.lang.Thread.run(Thread.java:595)
There are errors in run().
com.topcoder.service.studio.contest.documentcontentservers.InvalidRequestException: Unrecognized request type: 0
	at com.topcoder.service.studio.contest.documentcontentservers.SocketDocumentContentServer$SocketDocumentContentWorker.processData(SocketDocumentContentServer.java:571)
	at com.topcoder.service.studio.contest.documentcontentservers.SocketDocumentContentServer$SocketDocumentContentWorker.run(SocketDocumentContentServer.java:442)
	at java.lang.Thread.run(Thread.java:595)
There are errors in run().
com.topcoder.service.studio.contest.documentcontentservers.InvalidRequestException: Unrecognized request type: 0
	at com.topcoder.service.studio.contest.documentcontentservers.SocketDocumentContentServer$SocketDocumentContentWorker.processData(SocketDocumentContentServer.java:571)
	at com.topcoder.service.studio.contest.documentcontentservers.SocketDocumentContentServer$SocketDocumentContentWorker.run(SocketDocumentContentServer.java:442)
	at java.lang.Thread.run(Thread.java:595)
There are errors in run().
com.topcoder.service.studio.contest.documentcontentservers.InvalidRequestException: Unrecognized request type: 0
	at com.topcoder.service.studio.contest.documentcontentservers.SocketDocumentContentServer$SocketDocumentContentWorker.processData(SocketDocumentContentServer.java:571)
	at com.topcoder.service.studio.contest.documentcontentservers.SocketDocumentContentServer$SocketDocumentContentWorker.run(SocketDocumentContentServer.java:442)
	at java.lang.Thread.run(Thread.java:595)
There are errors in run().
com.topcoder.service.studio.contest.documentcontentservers.InvalidRequestException: Unrecognized request type: 0
	at com.topcoder.service.studio.contest.documentcontentservers.SocketDocumentContentServer$SocketDocumentContentWorker.processData(SocketDocumentContentServer.java:571)
	at com.topcoder.service.studio.contest.documentcontentservers.SocketDocumentContentServer$SocketDocumentContentWorker.run(SocketDocumentContentServer.java:442)
	at java.lang.Thread.run(Thread.java:595)
There are errors in run().
com.topcoder.service.studio.contest.documentcontentservers.InvalidRequestException: Unrecognized request type: 0
	at com.topcoder.service.studio.contest.documentcontentservers.SocketDocumentContentServer$SocketDocumentContentWorker.processData(SocketDocumentContentServer.java:571)
	at com.topcoder.service.studio.contest.documentcontentservers.SocketDocumentContentServer$SocketDocumentContentWorker.run(SocketDocumentContentServer.java:442)
	at java.lang.Thread.run(Thread.java:595)
There are errors in run().
com.topcoder.service.studio.contest.documentcontentservers.InvalidRequestException: Unrecognized request type: 0
	at com.topcoder.service.studio.contest.documentcontentservers.SocketDocumentContentServer$SocketDocumentContentWorker.processData(SocketDocumentContentServer.java:571)
	at com.topcoder.service.studio.contest.documentcontentservers.SocketDocumentContentServer$SocketDocumentContentWorker.run(SocketDocumentContentServer.java:442)
	at java.lang.Thread.run(Thread.java:595)
There are errors in run().
com.topcoder.service.studio.contest.documentcontentservers.InvalidRequestException: Unrecognized request type: 0
	at com.topcoder.service.studio.contest.documentcontentservers.SocketDocumentContentServer$SocketDocumentContentWorker.processData(SocketDocumentContentServer.java:571)
	at com.topcoder.service.studio.contest.documentcontentservers.SocketDocumentContentServer$SocketDocumentContentWorker.run(SocketDocumentContentServer.java:442)
	at java.lang.Thread.run(Thread.java:595)
There are errors in run().
com.topcoder.service.studio.contest.documentcontentservers.InvalidRequestException: Unrecognized request type: 0
	at com.topcoder.service.studio.contest.documentcontentservers.SocketDocumentContentServer$SocketDocumentContentWorker.processData(SocketDocumentContentServer.java:571)
	at com.topcoder.service.studio.contest.documentcontentservers.SocketDocumentContentServer$SocketDocumentContentWorker.run(SocketDocumentContentServer.java:442)
	at java.lang.Thread.run(Thread.java:595)
There are errors in run().
com.topcoder.service.studio.contest.documentcontentservers.InvalidRequestException: Unrecognized request type: 0
	at com.topcoder.service.studio.contest.documentcontentservers.SocketDocumentContentServer$SocketDocumentContentWorker.processData(SocketDocumentContentServer.java:571)
	at com.topcoder.service.studio.contest.documentcontentservers.SocketDocumentContentServer$SocketDocumentContentWorker.run(SocketDocumentContentServer.java:442)
	at java.lang.Thread.run(Thread.java:595)
There are errors in run().
com.topcoder.service.studio.contest.documentcontentservers.InvalidRequestException: Unrecognized request type: 0
	at com.topcoder.service.studio.contest.documentcontentservers.SocketDocumentContentServer$SocketDocumentContentWorker.processData(SocketDocumentContentServer.java:571)
	at com.topcoder.service.studio.contest.documentcontentservers.SocketDocumentContentServer$SocketDocumentContentWorker.run(SocketDocumentContentServer.java:442)
	at java.lang.Thread.run(Thread.java:595)
There are errors in run().
com.topcoder.service.studio.contest.documentcontentservers.InvalidRequestException: Unrecognized request type: 0
	at com.topcoder.service.studio.contest.documentcontentservers.SocketDocumentContentServer$SocketDocumentContentWorker.processData(SocketDocumentContentServer.java:571)
	at com.topcoder.service.studio.contest.documentcontentservers.SocketDocumentContentServer$SocketDocumentContentWorker.run(SocketDocumentContentServer.java:442)
	at java.lang.Thread.run(Thread.java:595)
There are errors in run().
com.topcoder.service.studio.contest.documentcontentservers.InvalidRequestException: Unrecognized request type: 0
	at com.topcoder.service.studio.contest.documentcontentservers.SocketDocumentContentServer$SocketDocumentContentWorker.processData(SocketDocumentContentServer.java:571)
	at com.topcoder.service.studio.contest.documentcontentservers.SocketDocumentContentServer$SocketDocumentContentWorker.run(SocketDocumentContentServer.java:442)
	at java.lang.Thread.run(Thread.java:595)
There are errors in run().
com.topcoder.service.studio.contest.documentcontentservers.InvalidRequestException: Unrecognized request type: 0
	at com.topcoder.service.studio.contest.documentcontentservers.SocketDocumentContentServer$SocketDocumentContentWorker.processData(SocketDocumentContentServer.java:571)
	at com.topcoder.service.studio.contest.documentcontentservers.SocketDocumentContentServer$SocketDocumentContentWorker.run(SocketDocumentContentServer.java:442)
	at java.lang.Thread.run(Thread.java:595)
There are errors in run().
com.topcoder.service.studio.contest.documentcontentservers.InvalidRequestException: Unrecognized request type: 0
	at com.topcoder.service.studio.contest.documentcontentservers.SocketDocumentContentServer$SocketDocumentContentWorker.processData(SocketDocumentContentServer.java:571)
	at com.topcoder.service.studio.contest.documentcontentservers.SocketDocumentContentServer$SocketDocumentContentWorker.run(SocketDocumentContentServer.java:442)
	at java.lang.Thread.run(Thread.java:595)
There are errors in run().
com.topcoder.service.studio.contest.documentcontentservers.InvalidRequestException: Unrecognized request type: 0
	at com.topcoder.service.studio.contest.documentcontentservers.SocketDocumentContentServer$SocketDocumentContentWorker.processData(SocketDocumentContentServer.java:571)
	at com.topcoder.service.studio.contest.documentcontentservers.SocketDocumentContentServer$SocketDocumentContentWorker.run(SocketDocumentContentServer.java:442)
	at java.lang.Thread.run(Thread.java:595)
There are errors in run().
com.topcoder.service.studio.contest.documentcontentservers.InvalidRequestException: Unrecognized request type: 0
	at com.topcoder.service.studio.contest.documentcontentservers.SocketDocumentContentServer$SocketDocumentContentWorker.processData(SocketDocumentContentServer.java:571)
	at com.topcoder.service.studio.contest.documentcontentservers.SocketDocumentContentServer$SocketDocumentContentWorker.run(SocketDocumentContentServer.java:442)
	at java.lang.Thread.run(Thread.java:595)
There are errors in run().
com.topcoder.service.studio.contest.documentcontentservers.InvalidRequestException: Unrecognized request type: 0
	at com.topcoder.service.studio.contest.documentcontentservers.SocketDocumentContentServer$SocketDocumentContentWorker.processData(SocketDocumentContentServer.java:571)
	at com.topcoder.service.studio.contest.documentcontentservers.SocketDocumentContentServer$SocketDocumentContentWorker.run(SocketDocumentContentServer.java:442)
	at java.lang.Thread.run(Thread.java:595)
There are errors in run().
com.topcoder.service.studio.contest.documentcontentservers.InvalidRequestException: Unrecognized request type: 0
	at com.topcoder.service.studio.contest.documentcontentservers.SocketDocumentContentServer$SocketDocumentContentWorker.processData(SocketDocumentContentServer.java:571)
	at com.topcoder.service.studio.contest.documentcontentservers.SocketDocumentContentServer$SocketDocumentContentWorker.run(SocketDocumentContentServer.java:442)
	at java.lang.Thread.run(Thread.java:595)
There are errors in run().
com.topcoder.service.studio.contest.documentcontentservers.InvalidRequestException: Unrecognized request type: 0
	at com.topcoder.service.studio.contest.documentcontentservers.SocketDocumentContentServer$SocketDocumentContentWorker.processData(SocketDocumentContentServer.java:571)
	at com.topcoder.service.studio.contest.documentcontentservers.SocketDocumentContentServer$SocketDocumentContentWorker.run(SocketDocumentContentServer.java:442)
	at java.lang.Thread.run(Thread.java:595)
There are errors in run().
com.topcoder.service.studio.contest.documentcontentservers.InvalidRequestException: Unrecognized request type: 0
	at com.topcoder.service.studio.contest.documentcontentservers.SocketDocumentContentServer$SocketDocumentContentWorker.processData(SocketDocumentContentServer.java:571)
	at com.topcoder.service.studio.contest.documentcontentservers.SocketDocumentContentServer$SocketDocumentContentWorker.run(SocketDocumentContentServer.java:442)
	at java.lang.Thread.run(Thread.java:595)
There are errors in run().
com.topcoder.service.studio.contest.documentcontentservers.InvalidRequestException: Unrecognized request type: 0
	at com.topcoder.service.studio.contest.documentcontentservers.SocketDocumentContentServer$SocketDocumentContentWorker.processData(SocketDocumentContentServer.java:571)
	at com.topcoder.service.studio.contest.documentcontentservers.SocketDocumentContentServer$SocketDocumentContentWorker.run(SocketDocumentContentServer.java:442)
	at java.lang.Thread.run(Thread.java:595)
There are errors in run().
com.topcoder.service.studio.contest.documentcontentservers.InvalidRequestException: Unrecognized request type: 0
	at com.topcoder.service.studio.contest.documentcontentservers.SocketDocumentContentServer$SocketDocumentContentWorker.processData(SocketDocumentContentServer.java:571)
	at com.topcoder.service.studio.contest.documentcontentservers.SocketDocumentContentServer$SocketDocumentContentWorker.run(SocketDocumentContentServer.java:442)
	at java.lang.Thread.run(Thread.java:595)
There are errors in run().
com.topcoder.service.studio.contest.documentcontentservers.InvalidRequestException: Unrecognized request type: 0
	at com.topcoder.service.studio.contest.documentcontentservers.SocketDocumentContentServer$SocketDocumentContentWorker.processData(SocketDocumentContentServer.java:571)
	at com.topcoder.service.studio.contest.documentcontentservers.SocketDocumentContentServer$SocketDocumentContentWorker.run(SocketDocumentContentServer.java:442)
	at java.lang.Thread.run(Thread.java:595)
There are errors in run().
com.topcoder.service.studio.contest.documentcontentservers.InvalidRequestException: Unrecognized request type: 0
	at com.topcoder.service.studio.contest.documentcontentservers.SocketDocumentContentServer$SocketDocumentContentWorker.processData(SocketDocumentContentServer.java:571)
	at com.topcoder.service.studio.contest.documentcontentservers.SocketDocumentContentServer$SocketDocumentContentWorker.run(SocketDocumentContentServer.java:442)
	at java.lang.Thread.run(Thread.java:595)
There are errors in run().
com.topcoder.service.studio.contest.documentcontentservers.InvalidRequestException: Unrecognized request type: 0
	at com.topcoder.service.studio.contest.documentcontentservers.SocketDocumentContentServer$SocketDocumentContentWorker.processData(SocketDocumentContentServer.java:571)
	at com.topcoder.service.studio.contest.documentcontentservers.SocketDocumentContentServer$SocketDocumentContentWorker.run(SocketDocumentContentServer.java:442)
	at java.lang.Thread.run(Thread.java:595)
There are errors in run().
com.topcoder.service.studio.contest.documentcontentservers.InvalidRequestException: Unrecognized request type: 0
	at com.topcoder.service.studio.contest.documentcontentservers.SocketDocumentContentServer$SocketDocumentContentWorker.processData(SocketDocumentContentServer.java:571)
	at com.topcoder.service.studio.contest.documentcontentservers.SocketDocumentContentServer$SocketDocumentContentWorker.run(SocketDocumentContentServer.java:442)
	at java.lang.Thread.run(Thread.java:595)
There are errors in run().
com.topcoder.service.studio.contest.documentcontentservers.InvalidRequestException: Unrecognized request type: 0
	at com.topcoder.service.studio.contest.documentcontentservers.SocketDocumentContentServer$SocketDocumentContentWorker.processData(SocketDocumentContentServer.java:571)
	at com.topcoder.service.studio.contest.documentcontentservers.SocketDocumentContentServer$SocketDocumentContentWorker.run(SocketDocumentContentServer.java:442)
	at java.lang.Thread.run(Thread.java:595)
There are errors in run().
com.topcoder.service.studio.contest.documentcontentservers.InvalidRequestException: Unrecognized request type: 0
	at com.topcoder.service.studio.contest.documentcontentservers.SocketDocumentContentServer$SocketDocumentContentWorker.processData(SocketDocumentContentServer.java:571)
	at com.topcoder.service.studio.contest.documentcontentservers.SocketDocumentContentServer$SocketDocumentContentWorker.run(SocketDocumentContentServer.java:442)
	at java.lang.Thread.run(Thread.java:595)
There are errors in run().
com.topcoder.service.studio.contest.documentcontentservers.InvalidRequestException: Unrecognized request type: 0
	at com.topcoder.service.studio.contest.documentcontentservers.SocketDocumentContentServer$SocketDocumentContentWorker.processData(SocketDocumentContentServer.java:571)
	at com.topcoder.service.studio.contest.documentcontentservers.SocketDocumentContentServer$SocketDocumentContentWorker.run(SocketDocumentContentServer.java:442)
	at java.lang.Thread.run(Thread.java:595)
There are errors in run().
com.topcoder.service.studio.contest.documentcontentservers.InvalidRequestException: Unrecognized request type: 0
	at com.topcoder.service.studio.contest.documentcontentservers.SocketDocumentContentServer$SocketDocumentContentWorker.processData(SocketDocumentContentServer.java:571)
	at com.topcoder.service.studio.contest.documentcontentservers.SocketDocumentContentServer$SocketDocumentContentWorker.run(SocketDocumentContentServer.java:442)
	at java.lang.Thread.run(Thread.java:595)
There are errors in run().
com.topcoder.service.studio.contest.documentcontentservers.InvalidRequestException: Unrecognized request type: 0
	at com.topcoder.service.studio.contest.documentcontentservers.SocketDocumentContentServer$SocketDocumentContentWorker.processData(SocketDocumentContentServer.java:571)
	at com.topcoder.service.studio.contest.documentcontentservers.SocketDocumentContentServer$SocketDocumentContentWorker.run(SocketDocumentContentServer.java:442)
	at java.lang.Thread.run(Thread.java:595)
There are errors in run().
com.topcoder.service.studio.contest.documentcontentservers.InvalidRequestException: Unrecognized request type: 0
	at com.topcoder.service.studio.contest.documentcontentservers.SocketDocumentContentServer$SocketDocumentContentWorker.processData(SocketDocumentContentServer.java:571)
	at com.topcoder.service.studio.contest.documentcontentservers.SocketDocumentContentServer$SocketDocumentContentWorker.run(SocketDocumentContentServer.java:442)
	at java.lang.Thread.run(Thread.java:595)
There are errors in run().
com.topcoder.service.studio.contest.documentcontentservers.InvalidRequestException: Unrecognized request type: 0
	at com.topcoder.service.studio.contest.documentcontentservers.SocketDocumentContentServer$SocketDocumentContentWorker.processData(SocketDocumentContentServer.java:571)
	at com.topcoder.service.studio.contest.documentcontentservers.SocketDocumentContentServer$SocketDocumentContentWorker.run(SocketDocumentContentServer.java:442)
	at java.lang.Thread.run(Thread.java:595)
There are errors in run().
com.topcoder.service.studio.contest.documentcontentservers.InvalidRequestException: Unrecognized request type: 0
	at com.topcoder.service.studio.contest.documentcontentservers.SocketDocumentContentServer$SocketDocumentContentWorker.processData(SocketDocumentContentServer.java:571)
	at com.topcoder.service.studio.contest.documentcontentservers.SocketDocumentContentServer$SocketDocumentContentWorker.run(SocketDocumentContentServer.java:442)
	at java.lang.Thread.run(Thread.java:595)
There are errors in run().
com.topcoder.service.studio.contest.documentcontentservers.InvalidRequestException: Unrecognized request type: 0
	at com.topcoder.service.studio.contest.documentcontentservers.SocketDocumentContentServer$SocketDocumentContentWorker.processData(SocketDocumentContentServer.java:571)
	at com.topcoder.service.studio.contest.documentcontentservers.SocketDocumentContentServer$SocketDocumentContentWorker.run(SocketDocumentContentServer.java:442)
	at java.lang.Thread.run(Thread.java:595)
There are errors in run().
com.topcoder.service.studio.contest.documentcontentservers.InvalidRequestException: Unrecognized request type: 0
	at com.topcoder.service.studio.contest.documentcontentservers.SocketDocumentContentServer$SocketDocumentContentWorker.processData(SocketDocumentContentServer.java:571)
	at com.topcoder.service.studio.contest.documentcontentservers.SocketDocumentContentServer$SocketDocumentContentWorker.run(SocketDocumentContentServer.java:442)
	at java.lang.Thread.run(Thread.java:595)
There are errors in run().
com.topcoder.service.studio.contest.documentcontentservers.InvalidRequestException: Unrecognized request type: 0
	at com.topcoder.service.studio.contest.documentcontentservers.SocketDocumentContentServer$SocketDocumentContentWorker.processData(SocketDocumentContentServer.java:571)
	at com.topcoder.service.studio.contest.documentcontentservers.SocketDocumentContentServer$SocketDocumentContentWorker.run(SocketDocumentContentServer.java:442)
	at java.lang.Thread.run(Thread.java:595)
There are errors in run().
com.topcoder.service.studio.contest.documentcontentservers.InvalidRequestException: Unrecognized request type: 0
	at com.topcoder.service.studio.contest.documentcontentservers.SocketDocumentContentServer$SocketDocumentContentWorker.processData(SocketDocumentContentServer.java:571)
	at com.topcoder.service.studio.contest.documentcontentservers.SocketDocumentContentServer$SocketDocumentContentWorker.run(SocketDocumentContentServer.java:442)
	at java.lang.Thread.run(Thread.java:595)
There are errors in run().
com.topcoder.service.studio.contest.documentcontentservers.InvalidRequestException: Unrecognized request type: 0
	at com.topcoder.service.studio.contest.documentcontentservers.SocketDocumentContentServer$SocketDocumentContentWorker.processData(SocketDocumentContentServer.java:571)
	at com.topcoder.service.studio.contest.documentcontentservers.SocketDocumentContentServer$SocketDocumentContentWorker.run(SocketDocumentContentServer.java:442)
	at java.lang.Thread.run(Thread.java:595)
There are errors in run().
com.topcoder.service.studio.contest.documentcontentservers.InvalidRequestException: Unrecognized request type: 0
	at com.topcoder.service.studio.contest.documentcontentservers.SocketDocumentContentServer$SocketDocumentContentWorker.processData(SocketDocumentContentServer.java:571)
	at com.topcoder.service.studio.contest.documentcontentservers.SocketDocumentContentServer$SocketDocumentContentWorker.run(SocketDocumentContentServer.java:442)
	at java.lang.Thread.run(Thread.java:595)
There are errors in run().
com.topcoder.service.studio.contest.documentcontentservers.InvalidRequestException: Unrecognized request type: 0
	at com.topcoder.service.studio.contest.documentcontentservers.SocketDocumentContentServer$SocketDocumentContentWorker.processData(SocketDocumentContentServer.java:571)
	at com.topcoder.service.studio.contest.documentcontentservers.SocketDocumentContentServer$SocketDocumentContentWorker.run(SocketDocumentContentServer.java:442)
	at java.lang.Thread.run(Thread.java:595)
There are errors in run().
com.topcoder.service.studio.contest.documentcontentservers.InvalidRequestException: Unrecognized request type: 0
	at com.topcoder.service.studio.contest.documentcontentservers.SocketDocumentContentServer$SocketDocumentContentWorker.processData(SocketDocumentContentServer.java:571)
	at com.topcoder.service.studio.contest.documentcontentservers.SocketDocumentContentServer$SocketDocumentContentWorker.run(SocketDocumentContentServer.java:442)
	at java.lang.Thread.run(Thread.java:595)
There are errors in run().
com.topcoder.service.studio.contest.documentcontentservers.InvalidRequestException: Unrecognized request type: 0
	at com.topcoder.service.studio.contest.documentcontentservers.SocketDocumentContentServer$SocketDocumentContentWorker.processData(SocketDocumentContentServer.java:571)
	at com.topcoder.service.studio.contest.documentcontentservers.SocketDocumentContentServer$SocketDocumentContentWorker.run(SocketDocumentContentServer.java:442)
	at java.lang.Thread.run(Thread.java:595)
There are errors in run().
com.topcoder.service.studio.contest.documentcontentservers.InvalidRequestException: Unrecognized request type: 0
	at com.topcoder.service.studio.contest.documentcontentservers.SocketDocumentContentServer$SocketDocumentContentWorker.processData(SocketDocumentContentServer.java:571)
	at com.topcoder.service.studio.contest.documentcontentservers.SocketDocumentContentServer$SocketDocumentContentWorker.run(SocketDocumentContentServer.java:442)
	at java.lang.Thread.run(Thread.java:595)
There are errors in run().
com.topcoder.service.studio.contest.documentcontentservers.InvalidRequestException: Unrecognized request type: 0
	at com.topcoder.service.studio.contest.documentcontentservers.SocketDocumentContentServer$SocketDocumentContentWorker.processData(SocketDocumentContentServer.java:571)
	at com.topcoder.service.studio.contest.documentcontentservers.SocketDocumentContentServer$SocketDocumentContentWorker.run(SocketDocumentContentServer.java:442)
	at java.lang.Thread.run(Thread.java:595)
There are errors in run().
com.topcoder.service.studio.contest.documentcontentservers.InvalidRequestException: Unrecognized request type: 0
	at com.topcoder.service.studio.contest.documentcontentservers.SocketDocumentContentServer$SocketDocumentContentWorker.processData(SocketDocumentContentServer.java:571)
	at com.topcoder.service.studio.contest.documentcontentservers.SocketDocumentContentServer$SocketDocumentContentWorker.run(SocketDocumentContentServer.java:442)
	at java.lang.Thread.run(Thread.java:595)
There are errors in run().
com.topcoder.service.studio.contest.documentcontentservers.InvalidRequestException: Unrecognized request type: 0
	at com.topcoder.service.studio.contest.documentcontentservers.SocketDocumentContentServer$SocketDocumentContentWorker.processData(SocketDocumentContentServer.java:571)
	at com.topcoder.service.studio.contest.documentcontentservers.SocketDocumentContentServer$SocketDocumentContentWorker.run(SocketDocumentContentServer.java:442)
	at java.lang.Thread.run(Thread.java:595)
There are errors in run().
com.topcoder.service.studio.contest.documentcontentservers.InvalidRequestException: Unrecognized request type: 0
	at com.topcoder.service.studio.contest.documentcontentservers.SocketDocumentContentServer$SocketDocumentContentWorker.processData(SocketDocumentContentServer.java:571)
	at com.topcoder.service.studio.contest.documentcontentservers.SocketDocumentContentServer$SocketDocumentContentWorker.run(SocketDocumentContentServer.java:442)
	at java.lang.Thread.run(Thread.java:595)
There are errors in run().
com.topcoder.service.studio.contest.documentcontentservers.InvalidRequestException: Unrecognized request type: 0
	at com.topcoder.service.studio.contest.documentcontentservers.SocketDocumentContentServer$SocketDocumentContentWorker.processData(SocketDocumentContentServer.java:571)
	at com.topcoder.service.studio.contest.documentcontentservers.SocketDocumentContentServer$SocketDocumentContentWorker.run(SocketDocumentContentServer.java:442)
	at java.lang.Thread.run(Thread.java:595)
There are errors in run().
com.topcoder.service.studio.contest.documentcontentservers.InvalidRequestException: Unrecognized request type: 0
	at com.topcoder.service.studio.contest.documentcontentservers.SocketDocumentContentServer$SocketDocumentContentWorker.processData(SocketDocumentContentServer.java:571)
	at com.topcoder.service.studio.contest.documentcontentservers.SocketDocumentContentServer$SocketDocumentContentWorker.run(SocketDocumentContentServer.java:442)
	at java.lang.Thread.run(Thread.java:595)
There are errors in run().
com.topcoder.service.studio.contest.documentcontentservers.InvalidRequestException: Unrecognized request type: 0
	at com.topcoder.service.studio.contest.documentcontentservers.SocketDocumentContentServer$SocketDocumentContentWorker.processData(SocketDocumentContentServer.java:571)
	at com.topcoder.service.studio.contest.documentcontentservers.SocketDocumentContentServer$SocketDocumentContentWorker.run(SocketDocumentContentServer.java:442)
	at java.lang.Thread.run(Thread.java:595)
There are errors in run().
com.topcoder.service.studio.contest.documentcontentservers.InvalidRequestException: Unrecognized request type: 0
	at com.topcoder.service.studio.contest.documentcontentservers.SocketDocumentContentServer$SocketDocumentContentWorker.processData(SocketDocumentContentServer.java:571)
	at com.topcoder.service.studio.contest.documentcontentservers.SocketDocumentContentServer$SocketDocumentContentWorker.run(SocketDocumentContentServer.java:442)
	at java.lang.Thread.run(Thread.java:595)
There are errors in run().
com.topcoder.service.studio.contest.documentcontentservers.InvalidRequestException: Unrecognized request type: 0
	at com.topcoder.service.studio.contest.documentcontentservers.SocketDocumentContentServer$SocketDocumentContentWorker.processData(SocketDocumentContentServer.java:571)
	at com.topcoder.service.studio.contest.documentcontentservers.SocketDocumentContentServer$SocketDocumentContentWorker.run(SocketDocumentContentServer.java:442)
	at java.lang.Thread.run(Thread.java:595)
There are errors in run().
com.topcoder.service.studio.contest.documentcontentservers.InvalidRequestException: Unrecognized request type: 0
	at com.topcoder.service.studio.contest.documentcontentservers.SocketDocumentContentServer$SocketDocumentContentWorker.processData(SocketDocumentContentServer.java:571)
	at com.topcoder.service.studio.contest.documentcontentservers.SocketDocumentContentServer$SocketDocumentContentWorker.run(SocketDocumentContentServer.java:442)
	at java.lang.Thread.run(Thread.java:595)
There are errors in run().
com.topcoder.service.studio.contest.documentcontentservers.InvalidRequestException: Unrecognized request type: 0
	at com.topcoder.service.studio.contest.documentcontentservers.SocketDocumentContentServer$SocketDocumentContentWorker.processData(SocketDocumentContentServer.java:571)
	at com.topcoder.service.studio.contest.documentcontentservers.SocketDocumentContentServer$SocketDocumentContentWorker.run(SocketDocumentContentServer.java:442)
	at java.lang.Thread.run(Thread.java:595)
There are errors in run().
com.topcoder.service.studio.contest.documentcontentservers.InvalidRequestException: Unrecognized request type: 0
	at com.topcoder.service.studio.contest.documentcontentservers.SocketDocumentContentServer$SocketDocumentContentWorker.processData(SocketDocumentContentServer.java:571)
	at com.topcoder.service.studio.contest.documentcontentservers.SocketDocumentContentServer$SocketDocumentContentWorker.run(SocketDocumentContentServer.java:442)
	at java.lang.Thread.run(Thread.java:595)
There are errors in run().
com.topcoder.service.studio.contest.documentcontentservers.InvalidRequestException: Unrecognized request type: 0
	at com.topcoder.service.studio.contest.documentcontentservers.SocketDocumentContentServer$SocketDocumentContentWorker.processData(SocketDocumentContentServer.java:571)
	at com.topcoder.service.studio.contest.documentcontentservers.SocketDocumentContentServer$SocketDocumentContentWorker.run(SocketDocumentContentServer.java:442)
	at java.lang.Thread.run(Thread.java:595)
There are errors in run().
com.topcoder.service.studio.contest.documentcontentservers.InvalidRequestException: Unrecognized request type: 0
	at com.topcoder.service.studio.contest.documentcontentservers.SocketDocumentContentServer$SocketDocumentContentWorker.processData(SocketDocumentContentServer.java:571)
	at com.topcoder.service.studio.contest.documentcontentservers.SocketDocumentContentServer$SocketDocumentContentWorker.run(SocketDocumentContentServer.java:442)
	at java.lang.Thread.run(Thread.java:595)
There are errors in run().
com.topcoder.service.studio.contest.documentcontentservers.InvalidRequestException: Unrecognized request type: 0
	at com.topcoder.service.studio.contest.documentcontentservers.SocketDocumentContentServer$SocketDocumentContentWorker.processData(SocketDocumentContentServer.java:571)
	at com.topcoder.service.studio.contest.documentcontentservers.SocketDocumentContentServer$SocketDocumentContentWorker.run(SocketDocumentContentServer.java:442)
	at java.lang.Thread.run(Thread.java:595)
There are errors in run().
com.topcoder.service.studio.contest.documentcontentservers.InvalidRequestException: Unrecognized request type: 0
	at com.topcoder.service.studio.contest.documentcontentservers.SocketDocumentContentServer$SocketDocumentContentWorker.processData(SocketDocumentContentServer.java:571)
	at com.topcoder.service.studio.contest.documentcontentservers.SocketDocumentContentServer$SocketDocumentContentWorker.run(SocketDocumentContentServer.java:442)
	at java.lang.Thread.run(Thread.java:595)
There are errors in run().
com.topcoder.service.studio.contest.documentcontentservers.InvalidRequestException: Unrecognized request type: 0
	at com.topcoder.service.studio.contest.documentcontentservers.SocketDocumentContentServer$SocketDocumentContentWorker.processData(SocketDocumentContentServer.java:571)
	at com.topcoder.service.studio.contest.documentcontentservers.SocketDocumentContentServer$SocketDocumentContentWorker.run(SocketDocumentContentServer.java:442)
	at java.lang.Thread.run(Thread.java:595)
There are errors in run().
com.topcoder.service.studio.contest.documentcontentservers.InvalidRequestException: Unrecognized request type: 0
	at com.topcoder.service.studio.contest.documentcontentservers.SocketDocumentContentServer$SocketDocumentContentWorker.processData(SocketDocumentContentServer.java:571)
	at com.topcoder.service.studio.contest.documentcontentservers.SocketDocumentContentServer$SocketDocumentContentWorker.run(SocketDocumentContentServer.java:442)
	at java.lang.Thread.run(Thread.java:595)
There are errors in run().
com.topcoder.service.studio.contest.documentcontentservers.InvalidRequestException: Unrecognized request type: 0
	at com.topcoder.service.studio.contest.documentcontentservers.SocketDocumentContentServer$SocketDocumentContentWorker.processData(SocketDocumentContentServer.java:571)
	at com.topcoder.service.studio.contest.documentcontentservers.SocketDocumentContentServer$SocketDocumentContentWorker.run(SocketDocumentContentServer.java:442)
	at java.lang.Thread.run(Thread.java:595)
There are errors in run().
com.topcoder.service.studio.contest.documentcontentservers.InvalidRequestException: Unrecognized request type: 0
	at com.topcoder.service.studio.contest.documentcontentservers.SocketDocumentContentServer$SocketDocumentContentWorker.processData(SocketDocumentContentServer.java:571)
	at com.topcoder.service.studio.contest.documentcontentservers.SocketDocumentContentServer$SocketDocumentContentWorker.run(SocketDocumentContentServer.java:442)
	at java.lang.Thread.run(Thread.java:595)
There are errors in run().
com.topcoder.service.studio.contest.documentcontentservers.InvalidRequestException: Unrecognized request type: 0
	at com.topcoder.service.studio.contest.documentcontentservers.SocketDocumentContentServer$SocketDocumentContentWorker.processData(SocketDocumentContentServer.java:571)
	at com.topcoder.service.studio.contest.documentcontentservers.SocketDocumentContentServer$SocketDocumentContentWorker.run(SocketDocumentContentServer.java:442)
	at java.lang.Thread.run(Thread.java:595)
There are errors in run().
com.topcoder.service.studio.contest.documentcontentservers.InvalidRequestException: Unrecognized request type: 0
	at com.topcoder.service.studio.contest.documentcontentservers.SocketDocumentContentServer$SocketDocumentContentWorker.processData(SocketDocumentContentServer.java:571)
	at com.topcoder.service.studio.contest.documentcontentservers.SocketDocumentContentServer$SocketDocumentContentWorker.run(SocketDocumentContentServer.java:442)
	at java.lang.Thread.run(Thread.java:595)
There are errors in run().
com.topcoder.service.studio.contest.documentcontentservers.InvalidRequestException: Unrecognized request type: 0
	at com.topcoder.service.studio.contest.documentcontentservers.SocketDocumentContentServer$SocketDocumentContentWorker.processData(SocketDocumentContentServer.java:571)
	at com.topcoder.service.studio.contest.documentcontentservers.SocketDocumentContentServer$SocketDocumentContentWorker.run(SocketDocumentContentServer.java:442)
	at java.lang.Thread.run(Thread.java:595)
There are errors in run().
com.topcoder.service.studio.contest.documentcontentservers.InvalidRequestException: Unrecognized request type: 0
	at com.topcoder.service.studio.contest.documentcontentservers.SocketDocumentContentServer$SocketDocumentContentWorker.processData(SocketDocumentContentServer.java:571)
	at com.topcoder.service.studio.contest.documentcontentservers.SocketDocumentContentServer$SocketDocumentContentWorker.run(SocketDocumentContentServer.java:442)
	at java.lang.Thread.run(Thread.java:595)
There are errors in run().
com.topcoder.service.studio.contest.documentcontentservers.InvalidRequestException: Unrecognized request type: 0
	at com.topcoder.service.studio.contest.documentcontentservers.SocketDocumentContentServer$SocketDocumentContentWorker.processData(SocketDocumentContentServer.java:571)
	at com.topcoder.service.studio.contest.documentcontentservers.SocketDocumentContentServer$SocketDocumentContentWorker.run(SocketDocumentContentServer.java:442)
	at java.lang.Thread.run(Thread.java:595)
There are errors in run().
com.topcoder.service.studio.contest.documentcontentservers.InvalidRequestException: Unrecognized request type: 0
	at com.topcoder.service.studio.contest.documentcontentservers.SocketDocumentContentServer$SocketDocumentContentWorker.processData(SocketDocumentContentServer.java:571)
	at com.topcoder.service.studio.contest.documentcontentservers.SocketDocumentContentServer$SocketDocumentContentWorker.run(SocketDocumentContentServer.java:442)
	at java.lang.Thread.run(Thread.java:595)
There are errors in run().
com.topcoder.service.studio.contest.documentcontentservers.InvalidRequestException: Unrecognized request type: 0
	at com.topcoder.service.studio.contest.documentcontentservers.SocketDocumentContentServer$SocketDocumentContentWorker.processData(SocketDocumentContentServer.java:571)
	at com.topcoder.service.studio.contest.documentcontentservers.SocketDocumentContentServer$SocketDocumentContentWorker.run(SocketDocumentContentServer.java:442)
	at java.lang.Thread.run(Thread.java:595)
There are errors in run().
com.topcoder.service.studio.contest.documentcontentservers.InvalidRequestException: Unrecognized request type: 0
	at com.topcoder.service.studio.contest.documentcontentservers.SocketDocumentContentServer$SocketDocumentContentWorker.processData(SocketDocumentContentServer.java:571)
	at com.topcoder.service.studio.contest.documentcontentservers.SocketDocumentContentServer$SocketDocumentContentWorker.run(SocketDocumentContentServer.java:442)
	at java.lang.Thread.run(Thread.java:595)
There are errors in run().
com.topcoder.service.studio.contest.documentcontentservers.InvalidRequestException: Unrecognized request type: 0
	at com.topcoder.service.studio.contest.documentcontentservers.SocketDocumentContentServer$SocketDocumentContentWorker.processData(SocketDocumentContentServer.java:571)
	at com.topcoder.service.studio.contest.documentcontentservers.SocketDocumentContentServer$SocketDocumentContentWorker.run(SocketDocumentContentServer.java:442)
	at java.lang.Thread.run(Thread.java:595)
There are errors in run().
com.topcoder.service.studio.contest.documentcontentservers.InvalidRequestException: Unrecognized request type: 0
	at com.topcoder.service.studio.contest.documentcontentservers.SocketDocumentContentServer$SocketDocumentContentWorker.processData(SocketDocumentContentServer.java:571)
	at com.topcoder.service.studio.contest.documentcontentservers.SocketDocumentContentServer$SocketDocumentContentWorker.run(SocketDocumentContentServer.java:442)
	at java.lang.Thread.run(Thread.java:595)
There are errors in run().
com.topcoder.service.studio.contest.documentcontentservers.InvalidRequestException: Unrecognized request type: 0
	at com.topcoder.service.studio.contest.documentcontentservers.SocketDocumentContentServer$SocketDocumentContentWorker.processData(SocketDocumentContentServer.java:571)
	at com.topcoder.service.studio.contest.documentcontentservers.SocketDocumentContentServer$SocketDocumentContentWorker.run(SocketDocumentContentServer.java:442)
	at java.lang.Thread.run(Thread.java:595)
There are errors in run().
com.topcoder.service.studio.contest.documentcontentservers.InvalidRequestException: Unrecognized request type: 0
	at com.topcoder.service.studio.contest.documentcontentservers.SocketDocumentContentServer$SocketDocumentContentWorker.processData(SocketDocumentContentServer.java:571)
	at com.topcoder.service.studio.contest.documentcontentservers.SocketDocumentContentServer$SocketDocumentContentWorker.run(SocketDocumentContentServer.java:442)
	at java.lang.Thread.run(Thread.java:595)
There are errors in run().
com.topcoder.service.studio.contest.documentcontentservers.InvalidRequestException: Unrecognized request type: 0
	at com.topcoder.service.studio.contest.documentcontentservers.SocketDocumentContentServer$SocketDocumentContentWorker.processData(SocketDocumentContentServer.java:571)
	at com.topcoder.service.studio.contest.documentcontentservers.SocketDocumentContentServer$SocketDocumentContentWorker.run(SocketDocumentContentServer.java:442)
	at java.lang.Thread.run(Thread.java:595)
There are errors in run().
com.topcoder.service.studio.contest.documentcontentservers.InvalidRequestException: Unrecognized request type: 0
	at com.topcoder.service.studio.contest.documentcontentservers.SocketDocumentContentServer$SocketDocumentContentWorker.processData(SocketDocumentContentServer.java:571)
	at com.topcoder.service.studio.contest.documentcontentservers.SocketDocumentContentServer$SocketDocumentContentWorker.run(SocketDocumentContentServer.java:442)
	at java.lang.Thread.run(Thread.java:595)
There are errors in run().
com.topcoder.service.studio.contest.documentcontentservers.InvalidRequestException: Unrecognized request type: 0
	at com.topcoder.service.studio.contest.documentcontentservers.SocketDocumentContentServer$SocketDocumentContentWorker.processData(SocketDocumentContentServer.java:571)
	at com.topcoder.service.studio.contest.documentcontentservers.SocketDocumentContentServer$SocketDocumentContentWorker.run(SocketDocumentContentServer.java:442)
	at java.lang.Thread.run(Thread.java:595)
There are errors in run().
com.topcoder.service.studio.contest.documentcontentservers.InvalidRequestException: Unrecognized request type: 0
	at com.topcoder.service.studio.contest.documentcontentservers.SocketDocumentContentServer$SocketDocumentContentWorker.processData(SocketDocumentContentServer.java:571)
	at com.topcoder.service.studio.contest.documentcontentservers.SocketDocumentContentServer$SocketDocumentContentWorker.run(SocketDocumentContentServer.java:442)
	at java.lang.Thread.run(Thread.java:595)
There are errors in run().
com.topcoder.service.studio.contest.documentcontentservers.InvalidRequestException: Unrecognized request type: 0
	at com.topcoder.service.studio.contest.documentcontentservers.SocketDocumentContentServer$SocketDocumentContentWorker.processData(SocketDocumentContentServer.java:571)
	at com.topcoder.service.studio.contest.documentcontentservers.SocketDocumentContentServer$SocketDocumentContentWorker.run(SocketDocumentContentServer.java:442)
	at java.lang.Thread.run(Thread.java:595)
There are errors in run().
com.topcoder.service.studio.contest.documentcontentservers.InvalidRequestException: Unrecognized request type: 0
	at com.topcoder.service.studio.contest.documentcontentservers.SocketDocumentContentServer$SocketDocumentContentWorker.processData(SocketDocumentContentServer.java:571)
	at com.topcoder.service.studio.contest.documentcontentservers.SocketDocumentContentServer$SocketDocumentContentWorker.run(SocketDocumentContentServer.java:442)
	at java.lang.Thread.run(Thread.java:595)
There are errors in run().
com.topcoder.service.studio.contest.documentcontentservers.InvalidRequestException: Unrecognized request type: 0
	at com.topcoder.service.studio.contest.documentcontentservers.SocketDocumentContentServer$SocketDocumentContentWorker.processData(SocketDocumentContentServer.java:571)
	at com.topcoder.service.studio.contest.documentcontentservers.SocketDocumentContentServer$SocketDocumentContentWorker.run(SocketDocumentContentServer.java:442)
	at java.lang.Thread.run(Thread.java:595)
There are errors in run().
com.topcoder.service.studio.contest.documentcontentservers.InvalidRequestException: Unrecognized request type: 0
	at com.topcoder.service.studio.contest.documentcontentservers.SocketDocumentContentServer$SocketDocumentContentWorker.processData(SocketDocumentContentServer.java:571)
	at com.topcoder.service.studio.contest.documentcontentservers.SocketDocumentContentServer$SocketDocumentContentWorker.run(SocketDocumentContentServer.java:442)
	at java.lang.Thread.run(Thread.java:595)
There are errors in run().
com.topcoder.service.studio.contest.documentcontentservers.InvalidRequestException: Unrecognized request type: 0
	at com.topcoder.service.studio.contest.documentcontentservers.SocketDocumentContentServer$SocketDocumentContentWorker.processData(SocketDocumentContentServer.java:571)
	at com.topcoder.service.studio.contest.documentcontentservers.SocketDocumentContentServer$SocketDocumentContentWorker.run(SocketDocumentContentServer.java:442)
	at java.lang.Thread.run(Thread.java:595)
There are errors in run().
com.topcoder.service.studio.contest.documentcontentservers.InvalidRequestException: Unrecognized request type: 0
	at com.topcoder.service.studio.contest.documentcontentservers.SocketDocumentContentServer$SocketDocumentContentWorker.processData(SocketDocumentContentServer.java:571)
	at com.topcoder.service.studio.contest.documentcontentservers.SocketDocumentContentServer$SocketDocumentContentWorker.run(SocketDocumentContentServer.java:442)
	at java.lang.Thread.run(Thread.java:595)
There are errors in run().
com.topcoder.service.studio.contest.documentcontentservers.InvalidRequestException: Unrecognized request type: 0
	at com.topcoder.service.studio.contest.documentcontentservers.SocketDocumentContentServer$SocketDocumentContentWorker.processData(SocketDocumentContentServer.java:571)
	at com.topcoder.service.studio.contest.documentcontentservers.SocketDocumentContentServer$SocketDocumentContentWorker.run(SocketDocumentContentServer.java:442)
	at java.lang.Thread.run(Thread.java:595)
There are errors in run().
com.topcoder.service.studio.contest.documentcontentservers.InvalidRequestException: Unrecognized request type: 0
	at com.topcoder.service.studio.contest.documentcontentservers.SocketDocumentContentServer$SocketDocumentContentWorker.processData(SocketDocumentContentServer.java:571)
	at com.topcoder.service.studio.contest.documentcontentservers.SocketDocumentContentServer$SocketDocumentContentWorker.run(SocketDocumentContentServer.java:442)
	at java.lang.Thread.run(Thread.java:595)
There are errors in run().
com.topcoder.service.studio.contest.documentcontentservers.InvalidRequestException: Unrecognized request type: 0
	at com.topcoder.service.studio.contest.documentcontentservers.SocketDocumentContentServer$SocketDocumentContentWorker.processData(SocketDocumentContentServer.java:571)
	at com.topcoder.service.studio.contest.documentcontentservers.SocketDocumentContentServer$SocketDocumentContentWorker.run(SocketDocumentContentServer.java:442)
	at java.lang.Thread.run(Thread.java:595)
There are errors in run().
com.topcoder.service.studio.contest.documentcontentservers.InvalidRequestException: Unrecognized request type: 0
	at com.topcoder.service.studio.contest.documentcontentservers.SocketDocumentContentServer$SocketDocumentContentWorker.processData(SocketDocumentContentServer.java:571)
	at com.topcoder.service.studio.contest.documentcontentservers.SocketDocumentContentServer$SocketDocumentContentWorker.run(SocketDocumentContentServer.java:442)
	at java.lang.Thread.run(Thread.java:595)
There are errors in run().
com.topcoder.service.studio.contest.documentcontentservers.InvalidRequestException: Unrecognized request type: 0
	at com.topcoder.service.studio.contest.documentcontentservers.SocketDocumentContentServer$SocketDocumentContentWorker.processData(SocketDocumentContentServer.java:571)
	at com.topcoder.service.studio.contest.documentcontentservers.SocketDocumentContentServer$SocketDocumentContentWorker.run(SocketDocumentContentServer.java:442)
	at java.lang.Thread.run(Thread.java:595)
There are errors in run().
com.topcoder.service.studio.contest.documentcontentservers.InvalidRequestException: Unrecognized request type: 0
	at com.topcoder.service.studio.contest.documentcontentservers.SocketDocumentContentServer$SocketDocumentContentWorker.processData(SocketDocumentContentServer.java:571)
	at com.topcoder.service.studio.contest.documentcontentservers.SocketDocumentContentServer$SocketDocumentContentWorker.run(SocketDocumentContentServer.java:442)
	at java.lang.Thread.run(Thread.java:595)
There are errors in run().
com.topcoder.service.studio.contest.documentcontentservers.InvalidRequestException: Unrecognized request type: 0
	at com.topcoder.service.studio.contest.documentcontentservers.SocketDocumentContentServer$SocketDocumentContentWorker.processData(SocketDocumentContentServer.java:571)
	at com.topcoder.service.studio.contest.documentcontentservers.SocketDocumentContentServer$SocketDocumentContentWorker.run(SocketDocumentContentServer.java:442)
	at java.lang.Thread.run(Thread.java:595)
There are errors in run().
com.topcoder.service.studio.contest.documentcontentservers.InvalidRequestException: Unrecognized request type: 0
	at com.topcoder.service.studio.contest.documentcontentservers.SocketDocumentContentServer$SocketDocumentContentWorker.processData(SocketDocumentContentServer.java:571)
	at com.topcoder.service.studio.contest.documentcontentservers.SocketDocumentContentServer$SocketDocumentContentWorker.run(SocketDocumentContentServer.java:442)
	at java.lang.Thread.run(Thread.java:595)
There are errors in run().
com.topcoder.service.studio.contest.documentcontentservers.InvalidRequestException: Unrecognized request type: 0
	at com.topcoder.service.studio.contest.documentcontentservers.SocketDocumentContentServer$SocketDocumentContentWorker.processData(SocketDocumentContentServer.java:571)
	at com.topcoder.service.studio.contest.documentcontentservers.SocketDocumentContentServer$SocketDocumentContentWorker.run(SocketDocumentContentServer.java:442)
	at java.lang.Thread.run(Thread.java:595)
There are errors in run().
com.topcoder.service.studio.contest.documentcontentservers.InvalidRequestException: Unrecognized request type: 0
	at com.topcoder.service.studio.contest.documentcontentservers.SocketDocumentContentServer$SocketDocumentContentWorker.processData(SocketDocumentContentServer.java:571)
	at com.topcoder.service.studio.contest.documentcontentservers.SocketDocumentContentServer$SocketDocumentContentWorker.run(SocketDocumentContentServer.java:442)
	at java.lang.Thread.run(Thread.java:595)
There are errors in run().
com.topcoder.service.studio.contest.documentcontentservers.InvalidRequestException: Unrecognized request type: 0
	at com.topcoder.service.studio.contest.documentcontentservers.SocketDocumentContentServer$SocketDocumentContentWorker.processData(SocketDocumentContentServer.java:571)
	at com.topcoder.service.studio.contest.documentcontentservers.SocketDocumentContentServer$SocketDocumentContentWorker.run(SocketDocumentContentServer.java:442)
	at java.lang.Thread.run(Thread.java:595)
There are errors in run().
com.topcoder.service.studio.contest.documentcontentservers.InvalidRequestException: Unrecognized request type: 0
	at com.topcoder.service.studio.contest.documentcontentservers.SocketDocumentContentServer$SocketDocumentContentWorker.processData(SocketDocumentContentServer.java:571)
	at com.topcoder.service.studio.contest.documentcontentservers.SocketDocumentContentServer$SocketDocumentContentWorker.run(SocketDocumentContentServer.java:442)
	at java.lang.Thread.run(Thread.java:595)
There are errors in run().
com.topcoder.service.studio.contest.documentcontentservers.InvalidRequestException: Unrecognized request type: 0
	at com.topcoder.service.studio.contest.documentcontentservers.SocketDocumentContentServer$SocketDocumentContentWorker.processData(SocketDocumentContentServer.java:571)
	at com.topcoder.service.studio.contest.documentcontentservers.SocketDocumentContentServer$SocketDocumentContentWorker.run(SocketDocumentContentServer.java:442)
	at java.lang.Thread.run(Thread.java:595)
There are errors in run().
com.topcoder.service.studio.contest.documentcontentservers.InvalidRequestException: Unrecognized request type: 0
	at com.topcoder.service.studio.contest.documentcontentservers.SocketDocumentContentServer$SocketDocumentContentWorker.processData(SocketDocumentContentServer.java:571)
	at com.topcoder.service.studio.contest.documentcontentservers.SocketDocumentContentServer$SocketDocumentContentWorker.run(SocketDocumentContentServer.java:442)
	at java.lang.Thread.run(Thread.java:595)
There are errors in run().
com.topcoder.service.studio.contest.documentcontentservers.InvalidRequestException: Unrecognized request type: 0
	at com.topcoder.service.studio.contest.documentcontentservers.SocketDocumentContentServer$SocketDocumentContentWorker.processData(SocketDocumentContentServer.java:571)
	at com.topcoder.service.studio.contest.documentcontentservers.SocketDocumentContentServer$SocketDocumentContentWorker.run(SocketDocumentContentServer.java:442)
	at java.lang.Thread.run(Thread.java:595)
There are errors in run().
com.topcoder.service.studio.contest.documentcontentservers.InvalidRequestException: Unrecognized request type: 0
	at com.topcoder.service.studio.contest.documentcontentservers.SocketDocumentContentServer$SocketDocumentContentWorker.processData(SocketDocumentContentServer.java:571)
	at com.topcoder.service.studio.contest.documentcontentservers.SocketDocumentContentServer$SocketDocumentContentWorker.run(SocketDocumentContentServer.java:442)
	at java.lang.Thread.run(Thread.java:595)
There are errors in run().
com.topcoder.service.studio.contest.documentcontentservers.InvalidRequestException: Unrecognized request type: 0
	at com.topcoder.service.studio.contest.documentcontentservers.SocketDocumentContentServer$SocketDocumentContentWorker.processData(SocketDocumentContentServer.java:571)
	at com.topcoder.service.studio.contest.documentcontentservers.SocketDocumentContentServer$SocketDocumentContentWorker.run(SocketDocumentContentServer.java:442)
	at java.lang.Thread.run(Thread.java:595)
There are errors in run().
com.topcoder.service.studio.contest.documentcontentservers.InvalidRequestException: Unrecognized request type: 0
	at com.topcoder.service.studio.contest.documentcontentservers.SocketDocumentContentServer$SocketDocumentContentWorker.processData(SocketDocumentContentServer.java:571)
	at com.topcoder.service.studio.contest.documentcontentservers.SocketDocumentContentServer$SocketDocumentContentWorker.run(SocketDocumentContentServer.java:442)
	at java.lang.Thread.run(Thread.java:595)
There are errors in run().
com.topcoder.service.studio.contest.documentcontentservers.InvalidRequestException: Unrecognized request type: 0
	at com.topcoder.service.studio.contest.documentcontentservers.SocketDocumentContentServer$SocketDocumentContentWorker.processData(SocketDocumentContentServer.java:571)
	at com.topcoder.service.studio.contest.documentcontentservers.SocketDocumentContentServer$SocketDocumentContentWorker.run(SocketDocumentContentServer.java:442)
	at java.lang.Thread.run(Thread.java:595)
There are errors in run().
com.topcoder.service.studio.contest.documentcontentservers.InvalidRequestException: Unrecognized request type: 0
	at com.topcoder.service.studio.contest.documentcontentservers.SocketDocumentContentServer$SocketDocumentContentWorker.processData(SocketDocumentContentServer.java:571)
	at com.topcoder.service.studio.contest.documentcontentservers.SocketDocumentContentServer$SocketDocumentContentWorker.run(SocketDocumentContentServer.java:442)
	at java.lang.Thread.run(Thread.java:595)
There are errors in run().
com.topcoder.service.studio.contest.documentcontentservers.InvalidRequestException: Unrecognized request type: 0
	at com.topcoder.service.studio.contest.documentcontentservers.SocketDocumentContentServer$SocketDocumentContentWorker.processData(SocketDocumentContentServer.java:571)
	at com.topcoder.service.studio.contest.documentcontentservers.SocketDocumentContentServer$SocketDocumentContentWorker.run(SocketDocumentContentServer.java:442)
	at java.lang.Thread.run(Thread.java:595)
There are errors in run().
com.topcoder.service.studio.contest.documentcontentservers.InvalidRequestException: Unrecognized request type: 0
	at com.topcoder.service.studio.contest.documentcontentservers.SocketDocumentContentServer$SocketDocumentContentWorker.processData(SocketDocumentContentServer.java:571)
	at com.topcoder.service.studio.contest.documentcontentservers.SocketDocumentContentServer$SocketDocumentContentWorker.run(SocketDocumentContentServer.java:442)
	at java.lang.Thread.run(Thread.java:595)
There are errors in run().
com.topcoder.service.studio.contest.documentcontentservers.InvalidRequestException: Unrecognized request type: 0
	at com.topcoder.service.studio.contest.documentcontentservers.SocketDocumentContentServer$SocketDocumentContentWorker.processData(SocketDocumentContentServer.java:571)
	at com.topcoder.service.studio.contest.documentcontentservers.SocketDocumentContentServer$SocketDocumentContentWorker.run(SocketDocumentContentServer.java:442)
	at java.lang.Thread.run(Thread.java:595)
There are errors in run().
com.topcoder.service.studio.contest.documentcontentservers.InvalidRequestException: Unrecognized request type: 0
	at com.topcoder.service.studio.contest.documentcontentservers.SocketDocumentContentServer$SocketDocumentContentWorker.processData(SocketDocumentContentServer.java:571)
	at com.topcoder.service.studio.contest.documentcontentservers.SocketDocumentContentServer$SocketDocumentContentWorker.run(SocketDocumentContentServer.java:442)
	at java.lang.Thread.run(Thread.java:595)
There are errors in run().
com.topcoder.service.studio.contest.documentcontentservers.InvalidRequestException: Unrecognized request type: 0
	at com.topcoder.service.studio.contest.documentcontentservers.SocketDocumentContentServer$SocketDocumentContentWorker.processData(SocketDocumentContentServer.java:571)
	at com.topcoder.service.studio.contest.documentcontentservers.SocketDocumentContentServer$SocketDocumentContentWorker.run(SocketDocumentContentServer.java:442)
	at java.lang.Thread.run(Thread.java:595)
There are errors in run().
com.topcoder.service.studio.contest.documentcontentservers.InvalidRequestException: Unrecognized request type: 0
	at com.topcoder.service.studio.contest.documentcontentservers.SocketDocumentContentServer$SocketDocumentContentWorker.processData(SocketDocumentContentServer.java:571)
	at com.topcoder.service.studio.contest.documentcontentservers.SocketDocumentContentServer$SocketDocumentContentWorker.run(SocketDocumentContentServer.java:442)
	at java.lang.Thread.run(Thread.java:595)
There are errors in run().
com.topcoder.service.studio.contest.documentcontentservers.InvalidRequestException: Unrecognized request type: 0
	at com.topcoder.service.studio.contest.documentcontentservers.SocketDocumentContentServer$SocketDocumentContentWorker.processData(SocketDocumentContentServer.java:571)
	at com.topcoder.service.studio.contest.documentcontentservers.SocketDocumentContentServer$SocketDocumentContentWorker.run(SocketDocumentContentServer.java:442)
	at java.lang.Thread.run(Thread.java:595)
There are errors in run().
com.topcoder.service.studio.contest.documentcontentservers.InvalidRequestException: Unrecognized request type: 0
	at com.topcoder.service.studio.contest.documentcontentservers.SocketDocumentContentServer$SocketDocumentContentWorker.processData(SocketDocumentContentServer.java:571)
	at com.topcoder.service.studio.contest.documentcontentservers.SocketDocumentContentServer$SocketDocumentContentWorker.run(SocketDocumentContentServer.java:442)
	at java.lang.Thread.run(Thread.java:595)
There are errors in run().
com.topcoder.service.studio.contest.documentcontentservers.InvalidRequestException: Unrecognized request type: 0
	at com.topcoder.service.studio.contest.documentcontentservers.SocketDocumentContentServer$SocketDocumentContentWorker.processData(SocketDocumentContentServer.java:571)
	at com.topcoder.service.studio.contest.documentcontentservers.SocketDocumentContentServer$SocketDocumentContentWorker.run(SocketDocumentContentServer.java:442)
	at java.lang.Thread.run(Thread.java:595)
There are errors in run().
com.topcoder.service.studio.contest.documentcontentservers.InvalidRequestException: Unrecognized request type: 0
	at com.topcoder.service.studio.contest.documentcontentservers.SocketDocumentContentServer$SocketDocumentContentWorker.processData(SocketDocumentContentServer.java:571)
	at com.topcoder.service.studio.contest.documentcontentservers.SocketDocumentContentServer$SocketDocumentContentWorker.run(SocketDocumentContentServer.java:442)
	at java.lang.Thread.run(Thread.java:595)
There are errors in run().
com.topcoder.service.studio.contest.documentcontentservers.InvalidRequestException: Unrecognized request type: 0
	at com.topcoder.service.studio.contest.documentcontentservers.SocketDocumentContentServer$SocketDocumentContentWorker.processData(SocketDocumentContentServer.java:571)
	at com.topcoder.service.studio.contest.documentcontentservers.SocketDocumentContentServer$SocketDocumentContentWorker.run(SocketDocumentContentServer.java:442)
	at java.lang.Thread.run(Thread.java:595)
There are errors in run().
com.topcoder.service.studio.contest.documentcontentservers.InvalidRequestException: Unrecognized request type: 0
	at com.topcoder.service.studio.contest.documentcontentservers.SocketDocumentContentServer$SocketDocumentContentWorker.processData(SocketDocumentContentServer.java:571)
	at com.topcoder.service.studio.contest.documentcontentservers.SocketDocumentContentServer$SocketDocumentContentWorker.run(SocketDocumentContentServer.java:442)
	at java.lang.Thread.run(Thread.java:595)
There are errors in run().
com.topcoder.service.studio.contest.documentcontentservers.InvalidRequestException: Unrecognized request type: 0
	at com.topcoder.service.studio.contest.documentcontentservers.SocketDocumentContentServer$SocketDocumentContentWorker.processData(SocketDocumentContentServer.java:571)
	at com.topcoder.service.studio.contest.documentcontentservers.SocketDocumentContentServer$SocketDocumentContentWorker.run(SocketDocumentContentServer.java:442)
	at java.lang.Thread.run(Thread.java:595)
There are errors in run().
com.topcoder.service.studio.contest.documentcontentservers.InvalidRequestException: Unrecognized request type: 0
	at com.topcoder.service.studio.contest.documentcontentservers.SocketDocumentContentServer$SocketDocumentContentWorker.processData(SocketDocumentContentServer.java:571)
	at com.topcoder.service.studio.contest.documentcontentservers.SocketDocumentContentServer$SocketDocumentContentWorker.run(SocketDocumentContentServer.java:442)
	at java.lang.Thread.run(Thread.java:595)
There are errors in run().
com.topcoder.service.studio.contest.documentcontentservers.InvalidRequestException: Unrecognized request type: 0
	at com.topcoder.service.studio.contest.documentcontentservers.SocketDocumentContentServer$SocketDocumentContentWorker.processData(SocketDocumentContentServer.java:571)
	at com.topcoder.service.studio.contest.documentcontentservers.SocketDocumentContentServer$SocketDocumentContentWorker.run(SocketDocumentContentServer.java:442)
	at java.lang.Thread.run(Thread.java:595)
There are errors in run().
com.topcoder.service.studio.contest.documentcontentservers.InvalidRequestException: Unrecognized request type: 0
	at com.topcoder.service.studio.contest.documentcontentservers.SocketDocumentContentServer$SocketDocumentContentWorker.processData(SocketDocumentContentServer.java:571)
	at com.topcoder.service.studio.contest.documentcontentservers.SocketDocumentContentServer$SocketDocumentContentWorker.run(SocketDocumentContentServer.java:442)
	at java.lang.Thread.run(Thread.java:595)
There are errors in run().
com.topcoder.service.studio.contest.documentcontentservers.InvalidRequestException: Unrecognized request type: 0
	at com.topcoder.service.studio.contest.documentcontentservers.SocketDocumentContentServer$SocketDocumentContentWorker.processData(SocketDocumentContentServer.java:571)
	at com.topcoder.service.studio.contest.documentcontentservers.SocketDocumentContentServer$SocketDocumentContentWorker.run(SocketDocumentContentServer.java:442)
	at java.lang.Thread.run(Thread.java:595)
There are errors in run().
com.topcoder.service.studio.contest.documentcontentservers.InvalidRequestException: Unrecognized request type: 0
	at com.topcoder.service.studio.contest.documentcontentservers.SocketDocumentContentServer$SocketDocumentContentWorker.processData(SocketDocumentContentServer.java:571)
	at com.topcoder.service.studio.contest.documentcontentservers.SocketDocumentContentServer$SocketDocumentContentWorker.run(SocketDocumentContentServer.java:442)
	at java.lang.Thread.run(Thread.java:595)
There are errors in run().
com.topcoder.service.studio.contest.documentcontentservers.InvalidRequestException: Unrecognized request type: 0
	at com.topcoder.service.studio.contest.documentcontentservers.SocketDocumentContentServer$SocketDocumentContentWorker.processData(SocketDocumentContentServer.java:571)
	at com.topcoder.service.studio.contest.documentcontentservers.SocketDocumentContentServer$SocketDocumentContentWorker.run(SocketDocumentContentServer.java:442)
	at java.lang.Thread.run(Thread.java:595)
There are errors in run().
com.topcoder.service.studio.contest.documentcontentservers.InvalidRequestException: Unrecognized request type: 0
	at com.topcoder.service.studio.contest.documentcontentservers.SocketDocumentContentServer$SocketDocumentContentWorker.processData(SocketDocumentContentServer.java:571)
	at com.topcoder.service.studio.contest.documentcontentservers.SocketDocumentContentServer$SocketDocumentContentWorker.run(SocketDocumentContentServer.java:442)
	at java.lang.Thread.run(Thread.java:595)
There are errors in run().
com.topcoder.service.studio.contest.documentcontentservers.InvalidRequestException: Unrecognized request type: 0
	at com.topcoder.service.studio.contest.documentcontentservers.SocketDocumentContentServer$SocketDocumentContentWorker.processData(SocketDocumentContentServer.java:571)
	at com.topcoder.service.studio.contest.documentcontentservers.SocketDocumentContentServer$SocketDocumentContentWorker.run(SocketDocumentContentServer.java:442)
	at java.lang.Thread.run(Thread.java:595)
There are errors in run().
com.topcoder.service.studio.contest.documentcontentservers.InvalidRequestException: Unrecognized request type: 0
	at com.topcoder.service.studio.contest.documentcontentservers.SocketDocumentContentServer$SocketDocumentContentWorker.processData(SocketDocumentContentServer.java:571)
	at com.topcoder.service.studio.contest.documentcontentservers.SocketDocumentContentServer$SocketDocumentContentWorker.run(SocketDocumentContentServer.java:442)
	at java.lang.Thread.run(Thread.java:595)
There are errors in run().
com.topcoder.service.studio.contest.documentcontentservers.InvalidRequestException: Unrecognized request type: 0
	at com.topcoder.service.studio.contest.documentcontentservers.SocketDocumentContentServer$SocketDocumentContentWorker.processData(SocketDocumentContentServer.java:571)
	at com.topcoder.service.studio.contest.documentcontentservers.SocketDocumentContentServer$SocketDocumentContentWorker.run(SocketDocumentContentServer.java:442)
	at java.lang.Thread.run(Thread.java:595)
There are errors in run().
com.topcoder.service.studio.contest.documentcontentservers.InvalidRequestException: Unrecognized request type: 0
	at com.topcoder.service.studio.contest.documentcontentservers.SocketDocumentContentServer$SocketDocumentContentWorker.processData(SocketDocumentContentServer.java:571)
	at com.topcoder.service.studio.contest.documentcontentservers.SocketDocumentContentServer$SocketDocumentContentWorker.run(SocketDocumentContentServer.java:442)
	at java.lang.Thread.run(Thread.java:595)
There are errors in run().
com.topcoder.service.studio.contest.documentcontentservers.InvalidRequestException: Unrecognized request type: 0
	at com.topcoder.service.studio.contest.documentcontentservers.SocketDocumentContentServer$SocketDocumentContentWorker.processData(SocketDocumentContentServer.java:571)
	at com.topcoder.service.studio.contest.documentcontentservers.SocketDocumentContentServer$SocketDocumentContentWorker.run(SocketDocumentContentServer.java:442)
	at java.lang.Thread.run(Thread.java:595)
There are errors in run().
com.topcoder.service.studio.contest.documentcontentservers.InvalidRequestException: Unrecognized request type: 0
	at com.topcoder.service.studio.contest.documentcontentservers.SocketDocumentContentServer$SocketDocumentContentWorker.processData(SocketDocumentContentServer.java:571)
	at com.topcoder.service.studio.contest.documentcontentservers.SocketDocumentContentServer$SocketDocumentContentWorker.run(SocketDocumentContentServer.java:442)
	at java.lang.Thread.run(Thread.java:595)
There are errors in run().
com.topcoder.service.studio.contest.documentcontentservers.InvalidRequestException: Unrecognized request type: 0
	at com.topcoder.service.studio.contest.documentcontentservers.SocketDocumentContentServer$SocketDocumentContentWorker.processData(SocketDocumentContentServer.java:571)
	at com.topcoder.service.studio.contest.documentcontentservers.SocketDocumentContentServer$SocketDocumentContentWorker.run(SocketDocumentContentServer.java:442)
	at java.lang.Thread.run(Thread.java:595)
There are errors in run().
com.topcoder.service.studio.contest.documentcontentservers.InvalidRequestException: Unrecognized request type: 0
	at com.topcoder.service.studio.contest.documentcontentservers.SocketDocumentContentServer$SocketDocumentContentWorker.processData(SocketDocumentContentServer.java:571)
	at com.topcoder.service.studio.contest.documentcontentservers.SocketDocumentContentServer$SocketDocumentContentWorker.run(SocketDocumentContentServer.java:442)
	at java.lang.Thread.run(Thread.java:595)
There are errors in run().
com.topcoder.service.studio.contest.documentcontentservers.InvalidRequestException: Unrecognized request type: 0
	at com.topcoder.service.studio.contest.documentcontentservers.SocketDocumentContentServer$SocketDocumentContentWorker.processData(SocketDocumentContentServer.java:571)
	at com.topcoder.service.studio.contest.documentcontentservers.SocketDocumentContentServer$SocketDocumentContentWorker.run(SocketDocumentContentServer.java:442)
	at java.lang.Thread.run(Thread.java:595)
There are errors in run().
com.topcoder.service.studio.contest.documentcontentservers.InvalidRequestException: Unrecognized request type: 0
	at com.topcoder.service.studio.contest.documentcontentservers.SocketDocumentContentServer$SocketDocumentContentWorker.processData(SocketDocumentContentServer.java:571)
	at com.topcoder.service.studio.contest.documentcontentservers.SocketDocumentContentServer$SocketDocumentContentWorker.run(SocketDocumentContentServer.java:442)
	at java.lang.Thread.run(Thread.java:595)
There are errors in run().
com.topcoder.service.studio.contest.documentcontentservers.InvalidRequestException: Unrecognized request type: 0
	at com.topcoder.service.studio.contest.documentcontentservers.SocketDocumentContentServer$SocketDocumentContentWorker.processData(SocketDocumentContentServer.java:571)
	at com.topcoder.service.studio.contest.documentcontentservers.SocketDocumentContentServer$SocketDocumentContentWorker.run(SocketDocumentContentServer.java:442)
	at java.lang.Thread.run(Thread.java:595)
There are errors in run().
com.topcoder.service.studio.contest.documentcontentservers.InvalidRequestException: Unrecognized request type: 0
	at com.topcoder.service.studio.contest.documentcontentservers.SocketDocumentContentServer$SocketDocumentContentWorker.processData(SocketDocumentContentServer.java:571)
	at com.topcoder.service.studio.contest.documentcontentservers.SocketDocumentContentServer$SocketDocumentContentWorker.run(SocketDocumentContentServer.java:442)
	at java.lang.Thread.run(Thread.java:595)
There are errors in run().
com.topcoder.service.studio.contest.documentcontentservers.InvalidRequestException: Unrecognized request type: 0
	at com.topcoder.service.studio.contest.documentcontentservers.SocketDocumentContentServer$SocketDocumentContentWorker.processData(SocketDocumentContentServer.java:571)
	at com.topcoder.service.studio.contest.documentcontentservers.SocketDocumentContentServer$SocketDocumentContentWorker.run(SocketDocumentContentServer.java:442)
	at java.lang.Thread.run(Thread.java:595)
There are errors in run().
com.topcoder.service.studio.contest.documentcontentservers.InvalidRequestException: Unrecognized request type: 0
	at com.topcoder.service.studio.contest.documentcontentservers.SocketDocumentContentServer$SocketDocumentContentWorker.processData(SocketDocumentContentServer.java:571)
	at com.topcoder.service.studio.contest.documentcontentservers.SocketDocumentContentServer$SocketDocumentContentWorker.run(SocketDocumentContentServer.java:442)
	at java.lang.Thread.run(Thread.java:595)
There are errors in run().
com.topcoder.service.studio.contest.documentcontentservers.InvalidRequestException: Unrecognized request type: 0
	at com.topcoder.service.studio.contest.documentcontentservers.SocketDocumentContentServer$SocketDocumentContentWorker.processData(SocketDocumentContentServer.java:571)
	at com.topcoder.service.studio.contest.documentcontentservers.SocketDocumentContentServer$SocketDocumentContentWorker.run(SocketDocumentContentServer.java:442)
	at java.lang.Thread.run(Thread.java:595)
There are errors in run().
com.topcoder.service.studio.contest.documentcontentservers.InvalidRequestException: Unrecognized request type: 0
	at com.topcoder.service.studio.contest.documentcontentservers.SocketDocumentContentServer$SocketDocumentContentWorker.processData(SocketDocumentContentServer.java:571)
	at com.topcoder.service.studio.contest.documentcontentservers.SocketDocumentContentServer$SocketDocumentContentWorker.run(SocketDocumentContentServer.java:442)
	at java.lang.Thread.run(Thread.java:595)
There are errors in run().
com.topcoder.service.studio.contest.documentcontentservers.InvalidRequestException: Unrecognized request type: 0
	at com.topcoder.service.studio.contest.documentcontentservers.SocketDocumentContentServer$SocketDocumentContentWorker.processData(SocketDocumentContentServer.java:571)
	at com.topcoder.service.studio.contest.documentcontentservers.SocketDocumentContentServer$SocketDocumentContentWorker.run(SocketDocumentContentServer.java:442)
	at java.lang.Thread.run(Thread.java:595)
There are errors in run().
com.topcoder.service.studio.contest.documentcontentservers.InvalidRequestException: Unrecognized request type: 0
	at com.topcoder.service.studio.contest.documentcontentservers.SocketDocumentContentServer$SocketDocumentContentWorker.processData(SocketDocumentContentServer.java:571)
	at com.topcoder.service.studio.contest.documentcontentservers.SocketDocumentContentServer$SocketDocumentContentWorker.run(SocketDocumentContentServer.java:442)
	at java.lang.Thread.run(Thread.java:595)
There are errors in run().
com.topcoder.service.studio.contest.documentcontentservers.InvalidRequestException: Unrecognized request type: 0
	at com.topcoder.service.studio.contest.documentcontentservers.SocketDocumentContentServer$SocketDocumentContentWorker.processData(SocketDocumentContentServer.java:571)
	at com.topcoder.service.studio.contest.documentcontentservers.SocketDocumentContentServer$SocketDocumentContentWorker.run(SocketDocumentContentServer.java:442)
	at java.lang.Thread.run(Thread.java:595)
There are errors in run().
com.topcoder.service.studio.contest.documentcontentservers.InvalidRequestException: Unrecognized request type: 0
	at com.topcoder.service.studio.contest.documentcontentservers.SocketDocumentContentServer$SocketDocumentContentWorker.processData(SocketDocumentContentServer.java:571)
	at com.topcoder.service.studio.contest.documentcontentservers.SocketDocumentContentServer$SocketDocumentContentWorker.run(SocketDocumentContentServer.java:442)
	at java.lang.Thread.run(Thread.java:595)
There are errors in run().
com.topcoder.service.studio.contest.documentcontentservers.InvalidRequestException: Unrecognized request type: 0
	at com.topcoder.service.studio.contest.documentcontentservers.SocketDocumentContentServer$SocketDocumentContentWorker.processData(SocketDocumentContentServer.java:571)
	at com.topcoder.service.studio.contest.documentcontentservers.SocketDocumentContentServer$SocketDocumentContentWorker.run(SocketDocumentContentServer.java:442)
	at java.lang.Thread.run(Thread.java:595)
There are errors in run().
com.topcoder.service.studio.contest.documentcontentservers.InvalidRequestException: Unrecognized request type: 0
	at com.topcoder.service.studio.contest.documentcontentservers.SocketDocumentContentServer$SocketDocumentContentWorker.processData(SocketDocumentContentServer.java:571)
	at com.topcoder.service.studio.contest.documentcontentservers.SocketDocumentContentServer$SocketDocumentContentWorker.run(SocketDocumentContentServer.java:442)
	at java.lang.Thread.run(Thread.java:595)
There are errors in run().
com.topcoder.service.studio.contest.documentcontentservers.InvalidRequestException: Unrecognized request type: 0
	at com.topcoder.service.studio.contest.documentcontentservers.SocketDocumentContentServer$SocketDocumentContentWorker.processData(SocketDocumentContentServer.java:571)
	at com.topcoder.service.studio.contest.documentcontentservers.SocketDocumentContentServer$SocketDocumentContentWorker.run(SocketDocumentContentServer.java:442)
	at java.lang.Thread.run(Thread.java:595)
There are errors in run().
com.topcoder.service.studio.contest.documentcontentservers.InvalidRequestException: Unrecognized request type: 0
	at com.topcoder.service.studio.contest.documentcontentservers.SocketDocumentContentServer$SocketDocumentContentWorker.processData(SocketDocumentContentServer.java:571)
	at com.topcoder.service.studio.contest.documentcontentservers.SocketDocumentContentServer$SocketDocumentContentWorker.run(SocketDocumentContentServer.java:442)
	at java.lang.Thread.run(Thread.java:595)
There are errors in run().
com.topcoder.service.studio.contest.documentcontentservers.InvalidRequestException: Unrecognized request type: 0
	at com.topcoder.service.studio.contest.documentcontentservers.SocketDocumentContentServer$SocketDocumentContentWorker.processData(SocketDocumentContentServer.java:571)
	at com.topcoder.service.studio.contest.documentcontentservers.SocketDocumentContentServer$SocketDocumentContentWorker.run(SocketDocumentContentServer.java:442)
	at java.lang.Thread.run(Thread.java:595)
There are errors in run().
com.topcoder.service.studio.contest.documentcontentservers.InvalidRequestException: Unrecognized request type: 0
	at com.topcoder.service.studio.contest.documentcontentservers.SocketDocumentContentServer$SocketDocumentContentWorker.processData(SocketDocumentContentServer.java:571)
	at com.topcoder.service.studio.contest.documentcontentservers.SocketDocumentContentServer$SocketDocumentContentWorker.run(SocketDocumentContentServer.java:442)
	at java.lang.Thread.run(Thread.java:595)
There are errors in run().
com.topcoder.service.studio.contest.documentcontentservers.InvalidRequestException: Unrecognized request type: 0
	at com.topcoder.service.studio.contest.documentcontentservers.SocketDocumentContentServer$SocketDocumentContentWorker.processData(SocketDocumentContentServer.java:571)
	at com.topcoder.service.studio.contest.documentcontentservers.SocketDocumentContentServer$SocketDocumentContentWorker.run(SocketDocumentContentServer.java:442)
	at java.lang.Thread.run(Thread.java:595)
There are errors in run().
com.topcoder.service.studio.contest.documentcontentservers.InvalidRequestException: Unrecognized request type: 0
	at com.topcoder.service.studio.contest.documentcontentservers.SocketDocumentContentServer$SocketDocumentContentWorker.processData(SocketDocumentContentServer.java:571)
	at com.topcoder.service.studio.contest.documentcontentservers.SocketDocumentContentServer$SocketDocumentContentWorker.run(SocketDocumentContentServer.java:442)
	at java.lang.Thread.run(Thread.java:595)
There are errors in run().
com.topcoder.service.studio.contest.documentcontentservers.InvalidRequestException: Unrecognized request type: 0
	at com.topcoder.service.studio.contest.documentcontentservers.SocketDocumentContentServer$SocketDocumentContentWorker.processData(SocketDocumentContentServer.java:571)
	at com.topcoder.service.studio.contest.documentcontentservers.SocketDocumentContentServer$SocketDocumentContentWorker.run(SocketDocumentContentServer.java:442)
	at java.lang.Thread.run(Thread.java:595)
There are errors in run().
com.topcoder.service.studio.contest.documentcontentservers.InvalidRequestException: Unrecognized request type: 0
	at com.topcoder.service.studio.contest.documentcontentservers.SocketDocumentContentServer$SocketDocumentContentWorker.processData(SocketDocumentContentServer.java:571)
	at com.topcoder.service.studio.contest.documentcontentservers.SocketDocumentContentServer$SocketDocumentContentWorker.run(SocketDocumentContentServer.java:442)
	at java.lang.Thread.run(Thread.java:595)
There are errors in run().
com.topcoder.service.studio.contest.documentcontentservers.InvalidRequestException: Unrecognized request type: 0
	at com.topcoder.service.studio.contest.documentcontentservers.SocketDocumentContentServer$SocketDocumentContentWorker.processData(SocketDocumentContentServer.java:571)
	at com.topcoder.service.studio.contest.documentcontentservers.SocketDocumentContentServer$SocketDocumentContentWorker.run(SocketDocumentContentServer.java:442)
	at java.lang.Thread.run(Thread.java:595)
There are errors in run().
com.topcoder.service.studio.contest.documentcontentservers.InvalidRequestException: Unrecognized request type: 0
	at com.topcoder.service.studio.contest.documentcontentservers.SocketDocumentContentServer$SocketDocumentContentWorker.processData(SocketDocumentContentServer.java:571)
	at com.topcoder.service.studio.contest.documentcontentservers.SocketDocumentContentServer$SocketDocumentContentWorker.run(SocketDocumentContentServer.java:442)
	at java.lang.Thread.run(Thread.java:595)
There are errors in run().
com.topcoder.service.studio.contest.documentcontentservers.InvalidRequestException: Unrecognized request type: 0
	at com.topcoder.service.studio.contest.documentcontentservers.SocketDocumentContentServer$SocketDocumentContentWorker.processData(SocketDocumentContentServer.java:571)
	at com.topcoder.service.studio.contest.documentcontentservers.SocketDocumentContentServer$SocketDocumentContentWorker.run(SocketDocumentContentServer.java:442)
	at java.lang.Thread.run(Thread.java:595)
There are errors in run().
com.topcoder.service.studio.contest.documentcontentservers.InvalidRequestException: Unrecognized request type: 0
	at com.topcoder.service.studio.contest.documentcontentservers.SocketDocumentContentServer$SocketDocumentContentWorker.processData(SocketDocumentContentServer.java:571)
	at com.topcoder.service.studio.contest.documentcontentservers.SocketDocumentContentServer$SocketDocumentContentWorker.run(SocketDocumentContentServer.java:442)
	at java.lang.Thread.run(Thread.java:595)
There are errors in run().
com.topcoder.service.studio.contest.documentcontentservers.InvalidRequestException: Unrecognized request type: 0
	at com.topcoder.service.studio.contest.documentcontentservers.SocketDocumentContentServer$SocketDocumentContentWorker.processData(SocketDocumentContentServer.java:571)
	at com.topcoder.service.studio.contest.documentcontentservers.SocketDocumentContentServer$SocketDocumentContentWorker.run(SocketDocumentContentServer.java:442)
	at java.lang.Thread.run(Thread.java:595)
There are errors in run().
com.topcoder.service.studio.contest.documentcontentservers.InvalidRequestException: Unrecognized request type: 0
	at com.topcoder.service.studio.contest.documentcontentservers.SocketDocumentContentServer$SocketDocumentContentWorker.processData(SocketDocumentContentServer.java:571)
	at com.topcoder.service.studio.contest.documentcontentservers.SocketDocumentContentServer$SocketDocumentContentWorker.run(SocketDocumentContentServer.java:442)
	at java.lang.Thread.run(Thread.java:595)
There are errors in run().
com.topcoder.service.studio.contest.documentcontentservers.InvalidRequestException: Unrecognized request type: 0
	at com.topcoder.service.studio.contest.documentcontentservers.SocketDocumentContentServer$SocketDocumentContentWorker.processData(SocketDocumentContentServer.java:571)
	at com.topcoder.service.studio.contest.documentcontentservers.SocketDocumentContentServer$SocketDocumentContentWorker.run(SocketDocumentContentServer.java:442)
	at java.lang.Thread.run(Thread.java:595)
There are errors in run().
com.topcoder.service.studio.contest.documentcontentservers.InvalidRequestException: Unrecognized request type: 0
	at com.topcoder.service.studio.contest.documentcontentservers.SocketDocumentContentServer$SocketDocumentContentWorker.processData(SocketDocumentContentServer.java:571)
	at com.topcoder.service.studio.contest.documentcontentservers.SocketDocumentContentServer$SocketDocumentContentWorker.run(SocketDocumentContentServer.java:442)
	at java.lang.Thread.run(Thread.java:595)
There are errors in run().
com.topcoder.service.studio.contest.documentcontentservers.InvalidRequestException: Unrecognized request type: 0
	at com.topcoder.service.studio.contest.documentcontentservers.SocketDocumentContentServer$SocketDocumentContentWorker.processData(SocketDocumentContentServer.java:571)
	at com.topcoder.service.studio.contest.documentcontentservers.SocketDocumentContentServer$SocketDocumentContentWorker.run(SocketDocumentContentServer.java:442)
	at java.lang.Thread.run(Thread.java:595)
There are errors in run().
com.topcoder.service.studio.contest.documentcontentservers.InvalidRequestException: Unrecognized request type: 0
	at com.topcoder.service.studio.contest.documentcontentservers.SocketDocumentContentServer$SocketDocumentContentWorker.processData(SocketDocumentContentServer.java:571)
	at com.topcoder.service.studio.contest.documentcontentservers.SocketDocumentContentServer$SocketDocumentContentWorker.run(SocketDocumentContentServer.java:442)
	at java.lang.Thread.run(Thread.java:595)
There are errors in run().
com.topcoder.service.studio.contest.documentcontentservers.InvalidRequestException: Unrecognized request type: 0
	at com.topcoder.service.studio.contest.documentcontentservers.SocketDocumentContentServer$SocketDocumentContentWorker.processData(SocketDocumentContentServer.java:571)
	at com.topcoder.service.studio.contest.documentcontentservers.SocketDocumentContentServer$SocketDocumentContentWorker.run(SocketDocumentContentServer.java:442)
	at java.lang.Thread.run(Thread.java:595)
There are errors in run().
com.topcoder.service.studio.contest.documentcontentservers.InvalidRequestException: Unrecognized request type: 0
	at com.topcoder.service.studio.contest.documentcontentservers.SocketDocumentContentServer$SocketDocumentContentWorker.processData(SocketDocumentContentServer.java:571)
	at com.topcoder.service.studio.contest.documentcontentservers.SocketDocumentContentServer$SocketDocumentContentWorker.run(SocketDocumentContentServer.java:442)
	at java.lang.Thread.run(Thread.java:595)
There are errors in run().
com.topcoder.service.studio.contest.documentcontentservers.InvalidRequestException: Unrecognized request type: 0
	at com.topcoder.service.studio.contest.documentcontentservers.SocketDocumentContentServer$SocketDocumentContentWorker.processData(SocketDocumentContentServer.java:571)
	at com.topcoder.service.studio.contest.documentcontentservers.SocketDocumentContentServer$SocketDocumentContentWorker.run(SocketDocumentContentServer.java:442)
	at java.lang.Thread.run(Thread.java:595)
There are errors in run().
com.topcoder.service.studio.contest.documentcontentservers.InvalidRequestException: Unrecognized request type: 0
	at com.topcoder.service.studio.contest.documentcontentservers.SocketDocumentContentServer$SocketDocumentContentWorker.processData(SocketDocumentContentServer.java:571)
	at com.topcoder.service.studio.contest.documentcontentservers.SocketDocumentContentServer$SocketDocumentContentWorker.run(SocketDocumentContentServer.java:442)
	at java.lang.Thread.run(Thread.java:595)
There are errors in run().
com.topcoder.service.studio.contest.documentcontentservers.InvalidRequestException: Unrecognized request type: 0
	at com.topcoder.service.studio.contest.documentcontentservers.SocketDocumentContentServer$SocketDocumentContentWorker.processData(SocketDocumentContentServer.java:571)
	at com.topcoder.service.studio.contest.documentcontentservers.SocketDocumentContentServer$SocketDocumentContentWorker.run(SocketDocumentContentServer.java:442)
	at java.lang.Thread.run(Thread.java:595)
There are errors in run().
com.topcoder.service.studio.contest.documentcontentservers.InvalidRequestException: Unrecognized request type: 0
	at com.topcoder.service.studio.contest.documentcontentservers.SocketDocumentContentServer$SocketDocumentContentWorker.processData(SocketDocumentContentServer.java:571)
	at com.topcoder.service.studio.contest.documentcontentservers.SocketDocumentContentServer$SocketDocumentContentWorker.run(SocketDocumentContentServer.java:442)
	at java.lang.Thread.run(Thread.java:595)
There are errors in run().
com.topcoder.service.studio.contest.documentcontentservers.InvalidRequestException: Unrecognized request type: 0
	at com.topcoder.service.studio.contest.documentcontentservers.SocketDocumentContentServer$SocketDocumentContentWorker.processData(SocketDocumentContentServer.java:571)
	at com.topcoder.service.studio.contest.documentcontentservers.SocketDocumentContentServer$SocketDocumentContentWorker.run(SocketDocumentContentServer.java:442)
	at java.lang.Thread.run(Thread.java:595)
There are errors in run().
com.topcoder.service.studio.contest.documentcontentservers.InvalidRequestException: Unrecognized request type: 0
	at com.topcoder.service.studio.contest.documentcontentservers.SocketDocumentContentServer$SocketDocumentContentWorker.processData(SocketDocumentContentServer.java:571)
	at com.topcoder.service.studio.contest.documentcontentservers.SocketDocumentContentServer$SocketDocumentContentWorker.run(SocketDocumentContentServer.java:442)
	at java.lang.Thread.run(Thread.java:595)
There are errors in run().
com.topcoder.service.studio.contest.documentcontentservers.InvalidRequestException: Unrecognized request type: 0
	at com.topcoder.service.studio.contest.documentcontentservers.SocketDocumentContentServer$SocketDocumentContentWorker.processData(SocketDocumentContentServer.java:571)
	at com.topcoder.service.studio.contest.documentcontentservers.SocketDocumentContentServer$SocketDocumentContentWorker.run(SocketDocumentContentServer.java:442)
	at java.lang.Thread.run(Thread.java:595)
There are errors in run().
com.topcoder.service.studio.contest.documentcontentservers.InvalidRequestException: Unrecognized request type: 0
	at com.topcoder.service.studio.contest.documentcontentservers.SocketDocumentContentServer$SocketDocumentContentWorker.processData(SocketDocumentContentServer.java:571)
	at com.topcoder.service.studio.contest.documentcontentservers.SocketDocumentContentServer$SocketDocumentContentWorker.run(SocketDocumentContentServer.java:442)
	at java.lang.Thread.run(Thread.java:595)
There are errors in run().
com.topcoder.service.studio.contest.documentcontentservers.InvalidRequestException: Unrecognized request type: 0
	at com.topcoder.service.studio.contest.documentcontentservers.SocketDocumentContentServer$SocketDocumentContentWorker.processData(SocketDocumentContentServer.java:571)
	at com.topcoder.service.studio.contest.documentcontentservers.SocketDocumentContentServer$SocketDocumentContentWorker.run(SocketDocumentContentServer.java:442)
	at java.lang.Thread.run(Thread.java:595)
There are errors in run().
com.topcoder.service.studio.contest.documentcontentservers.InvalidRequestException: Unrecognized request type: 0
	at com.topcoder.service.studio.contest.documentcontentservers.SocketDocumentContentServer$SocketDocumentContentWorker.processData(SocketDocumentContentServer.java:571)
	at com.topcoder.service.studio.contest.documentcontentservers.SocketDocumentContentServer$SocketDocumentContentWorker.run(SocketDocumentContentServer.java:442)
	at java.lang.Thread.run(Thread.java:595)
There are errors in run().
com.topcoder.service.studio.contest.documentcontentservers.InvalidRequestException: Unrecognized request type: 0
	at com.topcoder.service.studio.contest.documentcontentservers.SocketDocumentContentServer$SocketDocumentContentWorker.processData(SocketDocumentContentServer.java:571)
	at com.topcoder.service.studio.contest.documentcontentservers.SocketDocumentContentServer$SocketDocumentContentWorker.run(SocketDocumentContentServer.java:442)
	at java.lang.Thread.run(Thread.java:595)
There are errors in run().
com.topcoder.service.studio.contest.documentcontentservers.InvalidRequestException: Unrecognized request type: 0
	at com.topcoder.service.studio.contest.documentcontentservers.SocketDocumentContentServer$SocketDocumentContentWorker.processData(SocketDocumentContentServer.java:571)
	at com.topcoder.service.studio.contest.documentcontentservers.SocketDocumentContentServer$SocketDocumentContentWorker.run(SocketDocumentContentServer.java:442)
	at java.lang.Thread.run(Thread.java:595)
There are errors in run().
com.topcoder.service.studio.contest.documentcontentservers.InvalidRequestException: Unrecognized request type: 0
	at com.topcoder.service.studio.contest.documentcontentservers.SocketDocumentContentServer$SocketDocumentContentWorker.processData(SocketDocumentContentServer.java:571)
	at com.topcoder.service.studio.contest.documentcontentservers.SocketDocumentContentServer$SocketDocumentContentWorker.run(SocketDocumentContentServer.java:442)
	at java.lang.Thread.run(Thread.java:595)
There are errors in run().
com.topcoder.service.studio.contest.documentcontentservers.InvalidRequestException: Unrecognized request type: 0
	at com.topcoder.service.studio.contest.documentcontentservers.SocketDocumentContentServer$SocketDocumentContentWorker.processData(SocketDocumentContentServer.java:571)
	at com.topcoder.service.studio.contest.documentcontentservers.SocketDocumentContentServer$SocketDocumentContentWorker.run(SocketDocumentContentServer.java:442)
	at java.lang.Thread.run(Thread.java:595)
There are errors in run().
com.topcoder.service.studio.contest.documentcontentservers.InvalidRequestException: Unrecognized request type: 0
	at com.topcoder.service.studio.contest.documentcontentservers.SocketDocumentContentServer$SocketDocumentContentWorker.processData(SocketDocumentContentServer.java:571)
	at com.topcoder.service.studio.contest.documentcontentservers.SocketDocumentContentServer$SocketDocumentContentWorker.run(SocketDocumentContentServer.java:442)
	at java.lang.Thread.run(Thread.java:595)
There are errors in run().
com.topcoder.service.studio.contest.documentcontentservers.InvalidRequestException: Unrecognized request type: 0
	at com.topcoder.service.studio.contest.documentcontentservers.SocketDocumentContentServer$SocketDocumentContentWorker.processData(SocketDocumentContentServer.java:571)
	at com.topcoder.service.studio.contest.documentcontentservers.SocketDocumentContentServer$SocketDocumentContentWorker.run(SocketDocumentContentServer.java:442)
	at java.lang.Thread.run(Thread.java:595)
There are errors in run().
com.topcoder.service.studio.contest.documentcontentservers.InvalidRequestException: Unrecognized request type: 0
	at com.topcoder.service.studio.contest.documentcontentservers.SocketDocumentContentServer$SocketDocumentContentWorker.processData(SocketDocumentContentServer.java:571)
	at com.topcoder.service.studio.contest.documentcontentservers.SocketDocumentContentServer$SocketDocumentContentWorker.run(SocketDocumentContentServer.java:442)
	at java.lang.Thread.run(Thread.java:595)
There are errors in run().
com.topcoder.service.studio.contest.documentcontentservers.InvalidRequestException: Unrecognized request type: 0
	at com.topcoder.service.studio.contest.documentcontentservers.SocketDocumentContentServer$SocketDocumentContentWorker.processData(SocketDocumentContentServer.java:571)
	at com.topcoder.service.studio.contest.documentcontentservers.SocketDocumentContentServer$SocketDocumentContentWorker.run(SocketDocumentContentServer.java:442)
	at java.lang.Thread.run(Thread.java:595)
There are errors in run().
com.topcoder.service.studio.contest.documentcontentservers.InvalidRequestException: Unrecognized request type: 0
	at com.topcoder.service.studio.contest.documentcontentservers.SocketDocumentContentServer$SocketDocumentContentWorker.processData(SocketDocumentContentServer.java:571)
	at com.topcoder.service.studio.contest.documentcontentservers.SocketDocumentContentServer$SocketDocumentContentWorker.run(SocketDocumentContentServer.java:442)
	at java.lang.Thread.run(Thread.java:595)
There are errors in run().
com.topcoder.service.studio.contest.documentcontentservers.InvalidRequestException: Unrecognized request type: 0
	at com.topcoder.service.studio.contest.documentcontentservers.SocketDocumentContentServer$SocketDocumentContentWorker.processData(SocketDocumentContentServer.java:571)
	at com.topcoder.service.studio.contest.documentcontentservers.SocketDocumentContentServer$SocketDocumentContentWorker.run(SocketDocumentContentServer.java:442)
	at java.lang.Thread.run(Thread.java:595)
There are errors in run().
com.topcoder.service.studio.contest.documentcontentservers.InvalidRequestException: Unrecognized request type: 0
	at com.topcoder.service.studio.contest.documentcontentservers.SocketDocumentContentServer$SocketDocumentContentWorker.processData(SocketDocumentContentServer.java:571)
	at com.topcoder.service.studio.contest.documentcontentservers.SocketDocumentContentServer$SocketDocumentContentWorker.run(SocketDocumentContentServer.java:442)
	at java.lang.Thread.run(Thread.java:595)
There are errors in run().
com.topcoder.service.studio.contest.documentcontentservers.InvalidRequestException: Unrecognized request type: 0
	at com.topcoder.service.studio.contest.documentcontentservers.SocketDocumentContentServer$SocketDocumentContentWorker.processData(SocketDocumentContentServer.java:571)
	at com.topcoder.service.studio.contest.documentcontentservers.SocketDocumentContentServer$SocketDocumentContentWorker.run(SocketDocumentContentServer.java:442)
	at java.lang.Thread.run(Thread.java:595)
There are errors in run().
com.topcoder.service.studio.contest.documentcontentservers.InvalidRequestException: Unrecognized request type: 0
	at com.topcoder.service.studio.contest.documentcontentservers.SocketDocumentContentServer$SocketDocumentContentWorker.processData(SocketDocumentContentServer.java:571)
	at com.topcoder.service.studio.contest.documentcontentservers.SocketDocumentContentServer$SocketDocumentContentWorker.run(SocketDocumentContentServer.java:442)
	at java.lang.Thread.run(Thread.java:595)
There are errors in run().
com.topcoder.service.studio.contest.documentcontentservers.InvalidRequestException: Unrecognized request type: 0
	at com.topcoder.service.studio.contest.documentcontentservers.SocketDocumentContentServer$SocketDocumentContentWorker.processData(SocketDocumentContentServer.java:571)
	at com.topcoder.service.studio.contest.documentcontentservers.SocketDocumentContentServer$SocketDocumentContentWorker.run(SocketDocumentContentServer.java:442)
	at java.lang.Thread.run(Thread.java:595)
There are errors in run().
com.topcoder.service.studio.contest.documentcontentservers.InvalidRequestException: Unrecognized request type: 0
	at com.topcoder.service.studio.contest.documentcontentservers.SocketDocumentContentServer$SocketDocumentContentWorker.processData(SocketDocumentContentServer.java:571)
	at com.topcoder.service.studio.contest.documentcontentservers.SocketDocumentContentServer$SocketDocumentContentWorker.run(SocketDocumentContentServer.java:442)
	at java.lang.Thread.run(Thread.java:595)
There are errors in run().
com.topcoder.service.studio.contest.documentcontentservers.InvalidRequestException: Unrecognized request type: 0
	at com.topcoder.service.studio.contest.documentcontentservers.SocketDocumentContentServer$SocketDocumentContentWorker.processData(SocketDocumentContentServer.java:571)
	at com.topcoder.service.studio.contest.documentcontentservers.SocketDocumentContentServer$SocketDocumentContentWorker.run(SocketDocumentContentServer.java:442)
	at java.lang.Thread.run(Thread.java:595)
There are errors in run().
com.topcoder.service.studio.contest.documentcontentservers.InvalidRequestException: Unrecognized request type: 0
	at com.topcoder.service.studio.contest.documentcontentservers.SocketDocumentContentServer$SocketDocumentContentWorker.processData(SocketDocumentContentServer.java:571)
	at com.topcoder.service.studio.contest.documentcontentservers.SocketDocumentContentServer$SocketDocumentContentWorker.run(SocketDocumentContentServer.java:442)
	at java.lang.Thread.run(Thread.java:595)
There are errors in run().
com.topcoder.service.studio.contest.documentcontentservers.InvalidRequestException: Unrecognized request type: 0
	at com.topcoder.service.studio.contest.documentcontentservers.SocketDocumentContentServer$SocketDocumentContentWorker.processData(SocketDocumentContentServer.java:571)
	at com.topcoder.service.studio.contest.documentcontentservers.SocketDocumentContentServer$SocketDocumentContentWorker.run(SocketDocumentContentServer.java:442)
	at java.lang.Thread.run(Thread.java:595)
There are errors in run().
com.topcoder.service.studio.contest.documentcontentservers.InvalidRequestException: Unrecognized request type: 0
	at com.topcoder.service.studio.contest.documentcontentservers.SocketDocumentContentServer$SocketDocumentContentWorker.processData(SocketDocumentContentServer.java:571)
	at com.topcoder.service.studio.contest.documentcontentservers.SocketDocumentContentServer$SocketDocumentContentWorker.run(SocketDocumentContentServer.java:442)
	at java.lang.Thread.run(Thread.java:595)
There are errors in run().
com.topcoder.service.studio.contest.documentcontentservers.InvalidRequestException: Unrecognized request type: 0
	at com.topcoder.service.studio.contest.documentcontentservers.SocketDocumentContentServer$SocketDocumentContentWorker.processData(SocketDocumentContentServer.java:571)
	at com.topcoder.service.studio.contest.documentcontentservers.SocketDocumentContentServer$SocketDocumentContentWorker.run(SocketDocumentContentServer.java:442)
	at java.lang.Thread.run(Thread.java:595)
There are errors in run().
com.topcoder.service.studio.contest.documentcontentservers.InvalidRequestException: Unrecognized request type: 0
	at com.topcoder.service.studio.contest.documentcontentservers.SocketDocumentContentServer$SocketDocumentContentWorker.processData(SocketDocumentContentServer.java:571)
	at com.topcoder.service.studio.contest.documentcontentservers.SocketDocumentContentServer$SocketDocumentContentWorker.run(SocketDocumentContentServer.java:442)
	at java.lang.Thread.run(Thread.java:595)
There are errors in run().
com.topcoder.service.studio.contest.documentcontentservers.InvalidRequestException: Unrecognized request type: 0
	at com.topcoder.service.studio.contest.documentcontentservers.SocketDocumentContentServer$SocketDocumentContentWorker.processData(SocketDocumentContentServer.java:571)
	at com.topcoder.service.studio.contest.documentcontentservers.SocketDocumentContentServer$SocketDocumentContentWorker.run(SocketDocumentContentServer.java:442)
	at java.lang.Thread.run(Thread.java:595)
There are errors in run().
com.topcoder.service.studio.contest.documentcontentservers.InvalidRequestException: Unrecognized request type: 0
	at com.topcoder.service.studio.contest.documentcontentservers.SocketDocumentContentServer$SocketDocumentContentWorker.processData(SocketDocumentContentServer.java:571)
	at com.topcoder.service.studio.contest.documentcontentservers.SocketDocumentContentServer$SocketDocumentContentWorker.run(SocketDocumentContentServer.java:442)
	at java.lang.Thread.run(Thread.java:595)
There are errors in run().
com.topcoder.service.studio.contest.documentcontentservers.InvalidRequestException: Unrecognized request type: 0
	at com.topcoder.service.studio.contest.documentcontentservers.SocketDocumentContentServer$SocketDocumentContentWorker.processData(SocketDocumentContentServer.java:571)
	at com.topcoder.service.studio.contest.documentcontentservers.SocketDocumentContentServer$SocketDocumentContentWorker.run(SocketDocumentContentServer.java:442)
	at java.lang.Thread.run(Thread.java:595)
There are errors in run().
com.topcoder.service.studio.contest.documentcontentservers.InvalidRequestException: Unrecognized request type: 0
	at com.topcoder.service.studio.contest.documentcontentservers.SocketDocumentContentServer$SocketDocumentContentWorker.processData(SocketDocumentContentServer.java:571)
	at com.topcoder.service.studio.contest.documentcontentservers.SocketDocumentContentServer$SocketDocumentContentWorker.run(SocketDocumentContentServer.java:442)
	at java.lang.Thread.run(Thread.java:595)
There are errors in run().
com.topcoder.service.studio.contest.documentcontentservers.InvalidRequestException: Unrecognized request type: 0
	at com.topcoder.service.studio.contest.documentcontentservers.SocketDocumentContentServer$SocketDocumentContentWorker.processData(SocketDocumentContentServer.java:571)
	at com.topcoder.service.studio.contest.documentcontentservers.SocketDocumentContentServer$SocketDocumentContentWorker.run(SocketDocumentContentServer.java:442)
	at java.lang.Thread.run(Thread.java:595)
There are errors in run().
com.topcoder.service.studio.contest.documentcontentservers.InvalidRequestException: Unrecognized request type: 0
	at com.topcoder.service.studio.contest.documentcontentservers.SocketDocumentContentServer$SocketDocumentContentWorker.processData(SocketDocumentContentServer.java:571)
	at com.topcoder.service.studio.contest.documentcontentservers.SocketDocumentContentServer$SocketDocumentContentWorker.run(SocketDocumentContentServer.java:442)
	at java.lang.Thread.run(Thread.java:595)
There are errors in run().
com.topcoder.service.studio.contest.documentcontentservers.InvalidRequestException: Unrecognized request type: 0
	at com.topcoder.service.studio.contest.documentcontentservers.SocketDocumentContentServer$SocketDocumentContentWorker.processData(SocketDocumentContentServer.java:571)
	at com.topcoder.service.studio.contest.documentcontentservers.SocketDocumentContentServer$SocketDocumentContentWorker.run(SocketDocumentContentServer.java:442)
	at java.lang.Thread.run(Thread.java:595)
There are errors in run().
com.topcoder.service.studio.contest.documentcontentservers.InvalidRequestException: Unrecognized request type: 0
	at com.topcoder.service.studio.contest.documentcontentservers.SocketDocumentContentServer$SocketDocumentContentWorker.processData(SocketDocumentContentServer.java:571)
	at com.topcoder.service.studio.contest.documentcontentservers.SocketDocumentContentServer$SocketDocumentContentWorker.run(SocketDocumentContentServer.java:442)
	at java.lang.Thread.run(Thread.java:595)
There are errors in run().
com.topcoder.service.studio.contest.documentcontentservers.InvalidRequestException: Unrecognized request type: 0
	at com.topcoder.service.studio.contest.documentcontentservers.SocketDocumentContentServer$SocketDocumentContentWorker.processData(SocketDocumentContentServer.java:571)
	at com.topcoder.service.studio.contest.documentcontentservers.SocketDocumentContentServer$SocketDocumentContentWorker.run(SocketDocumentContentServer.java:442)
	at java.lang.Thread.run(Thread.java:595)
There are errors in run().
com.topcoder.service.studio.contest.documentcontentservers.InvalidRequestException: Unrecognized request type: 0
	at com.topcoder.service.studio.contest.documentcontentservers.SocketDocumentContentServer$SocketDocumentContentWorker.processData(SocketDocumentContentServer.java:571)
	at com.topcoder.service.studio.contest.documentcontentservers.SocketDocumentContentServer$SocketDocumentContentWorker.run(SocketDocumentContentServer.java:442)
	at java.lang.Thread.run(Thread.java:595)
There are errors in run().
com.topcoder.service.studio.contest.documentcontentservers.InvalidRequestException: Unrecognized request type: 0
	at com.topcoder.service.studio.contest.documentcontentservers.SocketDocumentContentServer$SocketDocumentContentWorker.processData(SocketDocumentContentServer.java:571)
	at com.topcoder.service.studio.contest.documentcontentservers.SocketDocumentContentServer$SocketDocumentContentWorker.run(SocketDocumentContentServer.java:442)
	at java.lang.Thread.run(Thread.java:595)
There are errors in run().
com.topcoder.service.studio.contest.documentcontentservers.InvalidRequestException: Unrecognized request type: 0
	at com.topcoder.service.studio.contest.documentcontentservers.SocketDocumentContentServer$SocketDocumentContentWorker.processData(SocketDocumentContentServer.java:571)
	at com.topcoder.service.studio.contest.documentcontentservers.SocketDocumentContentServer$SocketDocumentContentWorker.run(SocketDocumentContentServer.java:442)
	at java.lang.Thread.run(Thread.java:595)
There are errors in run().
com.topcoder.service.studio.contest.documentcontentservers.InvalidRequestException: Unrecognized request type: 0
	at com.topcoder.service.studio.contest.documentcontentservers.SocketDocumentContentServer$SocketDocumentContentWorker.processData(SocketDocumentContentServer.java:571)
	at com.topcoder.service.studio.contest.documentcontentservers.SocketDocumentContentServer$SocketDocumentContentWorker.run(SocketDocumentContentServer.java:442)
	at java.lang.Thread.run(Thread.java:595)
There are errors in run().
com.topcoder.service.studio.contest.documentcontentservers.InvalidRequestException: Unrecognized request type: 0
	at com.topcoder.service.studio.contest.documentcontentservers.SocketDocumentContentServer$SocketDocumentContentWorker.processData(SocketDocumentContentServer.java:571)
	at com.topcoder.service.studio.contest.documentcontentservers.SocketDocumentContentServer$SocketDocumentContentWorker.run(SocketDocumentContentServer.java:442)
	at java.lang.Thread.run(Thread.java:595)
There are errors in run().
com.topcoder.service.studio.contest.documentcontentservers.InvalidRequestException: Unrecognized request type: 0
	at com.topcoder.service.studio.contest.documentcontentservers.SocketDocumentContentServer$SocketDocumentContentWorker.processData(SocketDocumentContentServer.java:571)
	at com.topcoder.service.studio.contest.documentcontentservers.SocketDocumentContentServer$SocketDocumentContentWorker.run(SocketDocumentContentServer.java:442)
	at java.lang.Thread.run(Thread.java:595)
There are errors in run().
com.topcoder.service.studio.contest.documentcontentservers.InvalidRequestException: Unrecognized request type: 0
	at com.topcoder.service.studio.contest.documentcontentservers.SocketDocumentContentServer$SocketDocumentContentWorker.processData(SocketDocumentContentServer.java:571)
	at com.topcoder.service.studio.contest.documentcontentservers.SocketDocumentContentServer$SocketDocumentContentWorker.run(SocketDocumentContentServer.java:442)
	at java.lang.Thread.run(Thread.java:595)
There are errors in run().
com.topcoder.service.studio.contest.documentcontentservers.InvalidRequestException: Unrecognized request type: 0
	at com.topcoder.service.studio.contest.documentcontentservers.SocketDocumentContentServer$SocketDocumentContentWorker.processData(SocketDocumentContentServer.java:571)
	at com.topcoder.service.studio.contest.documentcontentservers.SocketDocumentContentServer$SocketDocumentContentWorker.run(SocketDocumentContentServer.java:442)
	at java.lang.Thread.run(Thread.java:595)
There are errors in run().
com.topcoder.service.studio.contest.documentcontentservers.InvalidRequestException: Unrecognized request type: 0
	at com.topcoder.service.studio.contest.documentcontentservers.SocketDocumentContentServer$SocketDocumentContentWorker.processData(SocketDocumentContentServer.java:571)
	at com.topcoder.service.studio.contest.documentcontentservers.SocketDocumentContentServer$SocketDocumentContentWorker.run(SocketDocumentContentServer.java:442)
	at java.lang.Thread.run(Thread.java:595)
There are errors in run().
com.topcoder.service.studio.contest.documentcontentservers.InvalidRequestException: Unrecognized request type: 0
	at com.topcoder.service.studio.contest.documentcontentservers.SocketDocumentContentServer$SocketDocumentContentWorker.processData(SocketDocumentContentServer.java:571)
	at com.topcoder.service.studio.contest.documentcontentservers.SocketDocumentContentServer$SocketDocumentContentWorker.run(SocketDocumentContentServer.java:442)
	at java.lang.Thread.run(Thread.java:595)
There are errors in run().
com.topcoder.service.studio.contest.documentcontentservers.InvalidRequestException: Unrecognized request type: 0
	at com.topcoder.service.studio.contest.documentcontentservers.SocketDocumentContentServer$SocketDocumentContentWorker.processData(SocketDocumentContentServer.java:571)
	at com.topcoder.service.studio.contest.documentcontentservers.SocketDocumentContentServer$SocketDocumentContentWorker.run(SocketDocumentContentServer.java:442)
	at java.lang.Thread.run(Thread.java:595)
There are errors in run().
com.topcoder.service.studio.contest.documentcontentservers.InvalidRequestException: Unrecognized request type: 0
	at com.topcoder.service.studio.contest.documentcontentservers.SocketDocumentContentServer$SocketDocumentContentWorker.processData(SocketDocumentContentServer.java:571)
	at com.topcoder.service.studio.contest.documentcontentservers.SocketDocumentContentServer$SocketDocumentContentWorker.run(SocketDocumentContentServer.java:442)
	at java.lang.Thread.run(Thread.java:595)
There are errors in run().
com.topcoder.service.studio.contest.documentcontentservers.InvalidRequestException: Unrecognized request type: 0
	at com.topcoder.service.studio.contest.documentcontentservers.SocketDocumentContentServer$SocketDocumentContentWorker.processData(SocketDocumentContentServer.java:571)
	at com.topcoder.service.studio.contest.documentcontentservers.SocketDocumentContentServer$SocketDocumentContentWorker.run(SocketDocumentContentServer.java:442)
	at java.lang.Thread.run(Thread.java:595)
There are errors in run().
com.topcoder.service.studio.contest.documentcontentservers.InvalidRequestException: Unrecognized request type: 0
	at com.topcoder.service.studio.contest.documentcontentservers.SocketDocumentContentServer$SocketDocumentContentWorker.processData(SocketDocumentContentServer.java:571)
	at com.topcoder.service.studio.contest.documentcontentservers.SocketDocumentContentServer$SocketDocumentContentWorker.run(SocketDocumentContentServer.java:442)
	at java.lang.Thread.run(Thread.java:595)
There are errors in run().
com.topcoder.service.studio.contest.documentcontentservers.InvalidRequestException: Unrecognized request type: 0
	at com.topcoder.service.studio.contest.documentcontentservers.SocketDocumentContentServer$SocketDocumentContentWorker.processData(SocketDocumentContentServer.java:571)
	at com.topcoder.service.studio.contest.documentcontentservers.SocketDocumentContentServer$SocketDocumentContentWorker.run(SocketDocumentContentServer.java:442)
	at java.lang.Thread.run(Thread.java:595)
There are errors in run().
com.topcoder.service.studio.contest.documentcontentservers.InvalidRequestException: Unrecognized request type: 0
	at com.topcoder.service.studio.contest.documentcontentservers.SocketDocumentContentServer$SocketDocumentContentWorker.processData(SocketDocumentContentServer.java:571)
	at com.topcoder.service.studio.contest.documentcontentservers.SocketDocumentContentServer$SocketDocumentContentWorker.run(SocketDocumentContentServer.java:442)
	at java.lang.Thread.run(Thread.java:595)
There are errors in run().
com.topcoder.service.studio.contest.documentcontentservers.InvalidRequestException: Unrecognized request type: 0
	at com.topcoder.service.studio.contest.documentcontentservers.SocketDocumentContentServer$SocketDocumentContentWorker.processData(SocketDocumentContentServer.java:571)
	at com.topcoder.service.studio.contest.documentcontentservers.SocketDocumentContentServer$SocketDocumentContentWorker.run(SocketDocumentContentServer.java:442)
	at java.lang.Thread.run(Thread.java:595)
There are errors in run().
com.topcoder.service.studio.contest.documentcontentservers.InvalidRequestException: Unrecognized request type: 0
	at com.topcoder.service.studio.contest.documentcontentservers.SocketDocumentContentServer$SocketDocumentContentWorker.processData(SocketDocumentContentServer.java:571)
	at com.topcoder.service.studio.contest.documentcontentservers.SocketDocumentContentServer$SocketDocumentContentWorker.run(SocketDocumentContentServer.java:442)
	at java.lang.Thread.run(Thread.java:595)
There are errors in run().
com.topcoder.service.studio.contest.documentcontentservers.InvalidRequestException: Unrecognized request type: 0
	at com.topcoder.service.studio.contest.documentcontentservers.SocketDocumentContentServer$SocketDocumentContentWorker.processData(SocketDocumentContentServer.java:571)
	at com.topcoder.service.studio.contest.documentcontentservers.SocketDocumentContentServer$SocketDocumentContentWorker.run(SocketDocumentContentServer.java:442)
	at java.lang.Thread.run(Thread.java:595)
There are errors in run().
com.topcoder.service.studio.contest.documentcontentservers.InvalidRequestException: Unrecognized request type: 0
	at com.topcoder.service.studio.contest.documentcontentservers.SocketDocumentContentServer$SocketDocumentContentWorker.processData(SocketDocumentContentServer.java:571)
	at com.topcoder.service.studio.contest.documentcontentservers.SocketDocumentContentServer$SocketDocumentContentWorker.run(SocketDocumentContentServer.java:442)
	at java.lang.Thread.run(Thread.java:595)
There are errors in run().
com.topcoder.service.studio.contest.documentcontentservers.InvalidRequestException: Unrecognized request type: 0
	at com.topcoder.service.studio.contest.documentcontentservers.SocketDocumentContentServer$SocketDocumentContentWorker.processData(SocketDocumentContentServer.java:571)
	at com.topcoder.service.studio.contest.documentcontentservers.SocketDocumentContentServer$SocketDocumentContentWorker.run(SocketDocumentContentServer.java:442)
	at java.lang.Thread.run(Thread.java:595)
There are errors in run().
com.topcoder.service.studio.contest.documentcontentservers.InvalidRequestException: Unrecognized request type: 0
	at com.topcoder.service.studio.contest.documentcontentservers.SocketDocumentContentServer$SocketDocumentContentWorker.processData(SocketDocumentContentServer.java:571)
	at com.topcoder.service.studio.contest.documentcontentservers.SocketDocumentContentServer$SocketDocumentContentWorker.run(SocketDocumentContentServer.java:442)
	at java.lang.Thread.run(Thread.java:595)
There are errors in run().
com.topcoder.service.studio.contest.documentcontentservers.InvalidRequestException: Unrecognized request type: 0
	at com.topcoder.service.studio.contest.documentcontentservers.SocketDocumentContentServer$SocketDocumentContentWorker.processData(SocketDocumentContentServer.java:571)
	at com.topcoder.service.studio.contest.documentcontentservers.SocketDocumentContentServer$SocketDocumentContentWorker.run(SocketDocumentContentServer.java:442)
	at java.lang.Thread.run(Thread.java:595)
There are errors in run().
com.topcoder.service.studio.contest.documentcontentservers.InvalidRequestException: Unrecognized request type: 0
	at com.topcoder.service.studio.contest.documentcontentservers.SocketDocumentContentServer$SocketDocumentContentWorker.processData(SocketDocumentContentServer.java:571)
	at com.topcoder.service.studio.contest.documentcontentservers.SocketDocumentContentServer$SocketDocumentContentWorker.run(SocketDocumentContentServer.java:442)
	at java.lang.Thread.run(Thread.java:595)
[Exit method: getDocumentContent()]
[08-4-11 下午10:17: Enter method stop()]
[08-4-11 下午10:17: Exit method stop()]
There are errors in run().
com.topcoder.service.studio.contest.documentcontentservers.InvalidRequestException: Unrecognized request type: 0
	at com.topcoder.service.studio.contest.documentcontentservers.SocketDocumentContentServer$SocketDocumentContentWorker.processData(SocketDocumentContentServer.java:571)
	at com.topcoder.service.studio.contest.documentcontentservers.SocketDocumentContentServer$SocketDocumentContentWorker.run(SocketDocumentContentServer.java:442)
	at java.lang.Thread.run(Thread.java:595)
There are io errors while written the error message.
java.io.IOException: An established connection was aborted by the software in your host machine
	at sun.nio.ch.SocketDispatcher.write0(Native Method)
	at sun.nio.ch.SocketDispatcher.write(SocketDispatcher.java:33)
	at sun.nio.ch.IOUtil.writeFromNativeBuffer(IOUtil.java:104)
	at sun.nio.ch.IOUtil.write(IOUtil.java:75)
	at sun.nio.ch.SocketChannelImpl.write(SocketChannelImpl.java:302)
	at com.topcoder.service.studio.contest.documentcontentservers.SocketDocumentContentServer$SocketDocumentContentWorker.processException(SocketDocumentContentServer.java:498)
	at com.topcoder.service.studio.contest.documentcontentservers.SocketDocumentContentServer$SocketDocumentContentWorker.run(SocketDocumentContentServer.java:448)
	at java.lang.Thread.run(Thread.java:595)
Can't call commit when autocommit=true
Can't call commit when autocommit=true
Can't call commit when autocommit=true
Can't call commit when autocommit=true
ERROR  getInitialContext, Could not obtain initial context
javax.naming.NoInitialContextException: Cannot instantiate class: org.jnp.interfaces.NamingContextFactory [Root exception is java.lang.ClassNotFoundException: org.jnp.interfaces.NamingContextFactory]
	at javax.naming.spi.NamingManager.getInitialContext(NamingManager.java:657)
	at javax.naming.InitialContext.getDefaultInitCtx(InitialContext.java:247)
	at javax.naming.InitialContext.init(InitialContext.java:223)
	at javax.naming.InitialContext.<init>(InitialContext.java:175)
	at org.hibernate.util.NamingHelper.getInitialContext(NamingHelper.java:28)
	at org.hibernate.impl.SessionFactoryObjectFactory.addInstance(SessionFactoryObjectFactory.java:89)
	at org.hibernate.impl.SessionFactoryImpl.<init>(SessionFactoryImpl.java:306)
	at org.hibernate.cfg.Configuration.buildSessionFactory(Configuration.java:1294)
	at org.hibernate.cfg.AnnotationConfiguration.buildSessionFactory(AnnotationConfiguration.java:915)
	at org.hibernate.ejb.Ejb3Configuration.buildEntityManagerFactory(Ejb3Configuration.java:730)
	at org.hibernate.ejb.HibernatePersistence.createEntityManagerFactory(HibernatePersistence.java:121)
	at javax.persistence.Persistence.createEntityManagerFactory(Persistence.java:51)
	at javax.persistence.Persistence.createEntityManagerFactory(Persistence.java:33)
	at com.topcoder.service.studio.contest.accuracytests.TestContestManagerBeanAccuracy.setUp(TestContestManagerBeanAccuracy.java:88)
	at junit.framework.TestCase.runBare(TestCase.java:132)
	at junit.framework.TestResult$1.protect(TestResult.java:110)
	at junit.framework.TestResult.runProtected(TestResult.java:128)
	at junit.framework.TestResult.run(TestResult.java:113)
	at junit.framework.TestCase.run(TestCase.java:124)
	at junit.framework.TestSuite.runTest(TestSuite.java:232)
	at junit.framework.TestSuite.run(TestSuite.java:227)
	at junit.framework.TestSuite.runTest(TestSuite.java:232)
	at junit.framework.TestSuite.run(TestSuite.java:227)
	at junit.framework.TestSuite.runTest(TestSuite.java:232)
	at junit.framework.TestSuite.run(TestSuite.java:227)
	at org.apache.tools.ant.taskdefs.optional.junit.JUnitTestRunner.run(JUnitTestRunner.java:421)
	at org.apache.tools.ant.taskdefs.optional.junit.JUnitTestRunner.launch(JUnitTestRunner.java:912)
	at org.apache.tools.ant.taskdefs.optional.junit.JUnitTestRunner.main(JUnitTestRunner.java:766)
Caused by: java.lang.ClassNotFoundException: org.jnp.interfaces.NamingContextFactory
	at java.net.URLClassLoader$1.run(URLClassLoader.java:200)
	at java.security.AccessController.doPrivileged(Native Method)
	at java.net.URLClassLoader.findClass(URLClassLoader.java:188)
	at java.lang.ClassLoader.loadClass(ClassLoader.java:306)
	at sun.misc.Launcher$AppClassLoader.loadClass(Launcher.java:268)
	at java.lang.ClassLoader.loadClass(ClassLoader.java:251)
	at java.lang.ClassLoader.loadClassInternal(ClassLoader.java:319)
	at java.lang.Class.forName0(Native Method)
	at java.lang.Class.forName(Class.java:242)
	at com.sun.naming.internal.VersionHelper12.loadClass(VersionHelper12.java:42)
	at javax.naming.spi.NamingManager.getInitialContext(NamingManager.java:654)
	... 27 more
WARN   addInstance, Could not bind factory to JNDI
javax.naming.NoInitialContextException: Cannot instantiate class: org.jnp.interfaces.NamingContextFactory [Root exception is java.lang.ClassNotFoundException: org.jnp.interfaces.NamingContextFactory]
	at javax.naming.spi.NamingManager.getInitialContext(NamingManager.java:657)
	at javax.naming.InitialContext.getDefaultInitCtx(InitialContext.java:247)
	at javax.naming.InitialContext.init(InitialContext.java:223)
	at javax.naming.InitialContext.<init>(InitialContext.java:175)
	at org.hibernate.util.NamingHelper.getInitialContext(NamingHelper.java:28)
	at org.hibernate.impl.SessionFactoryObjectFactory.addInstance(SessionFactoryObjectFactory.java:89)
	at org.hibernate.impl.SessionFactoryImpl.<init>(SessionFactoryImpl.java:306)
	at org.hibernate.cfg.Configuration.buildSessionFactory(Configuration.java:1294)
	at org.hibernate.cfg.AnnotationConfiguration.buildSessionFactory(AnnotationConfiguration.java:915)
	at org.hibernate.ejb.Ejb3Configuration.buildEntityManagerFactory(Ejb3Configuration.java:730)
	at org.hibernate.ejb.HibernatePersistence.createEntityManagerFactory(HibernatePersistence.java:121)
	at javax.persistence.Persistence.createEntityManagerFactory(Persistence.java:51)
	at javax.persistence.Persistence.createEntityManagerFactory(Persistence.java:33)
	at com.topcoder.service.studio.contest.accuracytests.TestContestManagerBeanAccuracy.setUp(TestContestManagerBeanAccuracy.java:88)
	at junit.framework.TestCase.runBare(TestCase.java:132)
	at junit.framework.TestResult$1.protect(TestResult.java:110)
	at junit.framework.TestResult.runProtected(TestResult.java:128)
	at junit.framework.TestResult.run(TestResult.java:113)
	at junit.framework.TestCase.run(TestCase.java:124)
	at junit.framework.TestSuite.runTest(TestSuite.java:232)
	at junit.framework.TestSuite.run(TestSuite.java:227)
	at junit.framework.TestSuite.runTest(TestSuite.java:232)
	at junit.framework.TestSuite.run(TestSuite.java:227)
	at junit.framework.TestSuite.runTest(TestSuite.java:232)
	at junit.framework.TestSuite.run(TestSuite.java:227)
	at org.apache.tools.ant.taskdefs.optional.junit.JUnitTestRunner.run(JUnitTestRunner.java:421)
	at org.apache.tools.ant.taskdefs.optional.junit.JUnitTestRunner.launch(JUnitTestRunner.java:912)
	at org.apache.tools.ant.taskdefs.optional.junit.JUnitTestRunner.main(JUnitTestRunner.java:766)
Caused by: java.lang.ClassNotFoundException: org.jnp.interfaces.NamingContextFactory
	at java.net.URLClassLoader$1.run(URLClassLoader.java:200)
	at java.security.AccessController.doPrivileged(Native Method)
	at java.net.URLClassLoader.findClass(URLClassLoader.java:188)
	at java.lang.ClassLoader.loadClass(ClassLoader.java:306)
	at sun.misc.Launcher$AppClassLoader.loadClass(Launcher.java:268)
	at java.lang.ClassLoader.loadClass(ClassLoader.java:251)
	at java.lang.ClassLoader.loadClassInternal(ClassLoader.java:319)
	at java.lang.Class.forName0(Native Method)
	at java.lang.Class.forName(Class.java:242)
	at com.sun.naming.internal.VersionHelper12.loadClass(VersionHelper12.java:42)
	at javax.naming.spi.NamingManager.getInitialContext(NamingManager.java:654)
	... 27 more
Hibernate: select max(file_type_id) from file_type_lu
Hibernate: select max(mime_type_id) from mime_type_lu
Hibernate: select max(path_id) from path
Hibernate: select max(document_type_id) from document_type_lu
Hibernate: select max(document_id) from document
Hibernate: /* insert com.topcoder.service.studio.contest.StudioFileType */ insert into file_type_lu (sort, image_file_ind, file_type_desc, extension, file_type_id) values (?, ?, ?, ?, ?)
Hibernate: /* insert com.topcoder.service.studio.contest.MimeType */ insert into mime_type_lu (mime_type_desc, file_type_id, mime_type_id) values (?, ?, ?)
Hibernate: /* insert com.topcoder.service.studio.contest.FilePath */ insert into path (path, modify_date, path_id) values (?, ?, ?)
Hibernate: /* insert com.topcoder.service.studio.contest.DocumentType */ insert into document_type_lu (document_type_desc, document_type_id) values (?, ?)
Hibernate: /* insert com.topcoder.service.studio.contest.Document */ insert into document (original_file_name, system_file_name, path_id, mime_type_id, document_type_id, create_date, document_id) values (?, ?, ?, ?, ?, ?, ?)
[08-4-11 下午10:17: Enter method start()]
[08-4-11 下午10:17: Exit method Start()]
[Enter method: existDocumentContent()]
[param1: 1]
[Exit method: existDocumentContent()]
[08-4-11 下午10:17: Enter method stop()]
[08-4-11 下午10:17: Exit method stop()]
Can't call commit when autocommit=true
Can't call commit when autocommit=true
Can't call commit when autocommit=true
Can't call commit when autocommit=true
ERROR  getInitialContext, Could not obtain initial context
javax.naming.NoInitialContextException: Cannot instantiate class: org.jnp.interfaces.NamingContextFactory [Root exception is java.lang.ClassNotFoundException: org.jnp.interfaces.NamingContextFactory]
	at javax.naming.spi.NamingManager.getInitialContext(NamingManager.java:657)
	at javax.naming.InitialContext.getDefaultInitCtx(InitialContext.java:247)
	at javax.naming.InitialContext.init(InitialContext.java:223)
	at javax.naming.InitialContext.<init>(InitialContext.java:175)
	at org.hibernate.util.NamingHelper.getInitialContext(NamingHelper.java:28)
	at org.hibernate.impl.SessionFactoryObjectFactory.addInstance(SessionFactoryObjectFactory.java:89)
	at org.hibernate.impl.SessionFactoryImpl.<init>(SessionFactoryImpl.java:306)
	at org.hibernate.cfg.Configuration.buildSessionFactory(Configuration.java:1294)
	at org.hibernate.cfg.AnnotationConfiguration.buildSessionFactory(AnnotationConfiguration.java:915)
	at org.hibernate.ejb.Ejb3Configuration.buildEntityManagerFactory(Ejb3Configuration.java:730)
	at org.hibernate.ejb.HibernatePersistence.createEntityManagerFactory(HibernatePersistence.java:121)
	at javax.persistence.Persistence.createEntityManagerFactory(Persistence.java:51)
	at javax.persistence.Persistence.createEntityManagerFactory(Persistence.java:33)
	at com.topcoder.service.studio.contest.accuracytests.TestContestManagerBeanAccuracy.setUp(TestContestManagerBeanAccuracy.java:88)
	at junit.framework.TestCase.runBare(TestCase.java:132)
	at junit.framework.TestResult$1.protect(TestResult.java:110)
	at junit.framework.TestResult.runProtected(TestResult.java:128)
	at junit.framework.TestResult.run(TestResult.java:113)
	at junit.framework.TestCase.run(TestCase.java:124)
	at junit.framework.TestSuite.runTest(TestSuite.java:232)
	at junit.framework.TestSuite.run(TestSuite.java:227)
	at junit.framework.TestSuite.runTest(TestSuite.java:232)
	at junit.framework.TestSuite.run(TestSuite.java:227)
	at junit.framework.TestSuite.runTest(TestSuite.java:232)
	at junit.framework.TestSuite.run(TestSuite.java:227)
	at org.apache.tools.ant.taskdefs.optional.junit.JUnitTestRunner.run(JUnitTestRunner.java:421)
	at org.apache.tools.ant.taskdefs.optional.junit.JUnitTestRunner.launch(JUnitTestRunner.java:912)
	at org.apache.tools.ant.taskdefs.optional.junit.JUnitTestRunner.main(JUnitTestRunner.java:766)
Caused by: java.lang.ClassNotFoundException: org.jnp.interfaces.NamingContextFactory
	at java.net.URLClassLoader$1.run(URLClassLoader.java:200)
	at java.security.AccessController.doPrivileged(Native Method)
	at java.net.URLClassLoader.findClass(URLClassLoader.java:188)
	at java.lang.ClassLoader.loadClass(ClassLoader.java:306)
	at sun.misc.Launcher$AppClassLoader.loadClass(Launcher.java:268)
	at java.lang.ClassLoader.loadClass(ClassLoader.java:251)
	at java.lang.ClassLoader.loadClassInternal(ClassLoader.java:319)
	at java.lang.Class.forName0(Native Method)
	at java.lang.Class.forName(Class.java:242)
	at com.sun.naming.internal.VersionHelper12.loadClass(VersionHelper12.java:42)
	at javax.naming.spi.NamingManager.getInitialContext(NamingManager.java:654)
	... 27 more
WARN   addInstance, Could not bind factory to JNDI
javax.naming.NoInitialContextException: Cannot instantiate class: org.jnp.interfaces.NamingContextFactory [Root exception is java.lang.ClassNotFoundException: org.jnp.interfaces.NamingContextFactory]
	at javax.naming.spi.NamingManager.getInitialContext(NamingManager.java:657)
	at javax.naming.InitialContext.getDefaultInitCtx(InitialContext.java:247)
	at javax.naming.InitialContext.init(InitialContext.java:223)
	at javax.naming.InitialContext.<init>(InitialContext.java:175)
	at org.hibernate.util.NamingHelper.getInitialContext(NamingHelper.java:28)
	at org.hibernate.impl.SessionFactoryObjectFactory.addInstance(SessionFactoryObjectFactory.java:89)
	at org.hibernate.impl.SessionFactoryImpl.<init>(SessionFactoryImpl.java:306)
	at org.hibernate.cfg.Configuration.buildSessionFactory(Configuration.java:1294)
	at org.hibernate.cfg.AnnotationConfiguration.buildSessionFactory(AnnotationConfiguration.java:915)
	at org.hibernate.ejb.Ejb3Configuration.buildEntityManagerFactory(Ejb3Configuration.java:730)
	at org.hibernate.ejb.HibernatePersistence.createEntityManagerFactory(HibernatePersistence.java:121)
	at javax.persistence.Persistence.createEntityManagerFactory(Persistence.java:51)
	at javax.persistence.Persistence.createEntityManagerFactory(Persistence.java:33)
	at com.topcoder.service.studio.contest.accuracytests.TestContestManagerBeanAccuracy.setUp(TestContestManagerBeanAccuracy.java:88)
	at junit.framework.TestCase.runBare(TestCase.java:132)
	at junit.framework.TestResult$1.protect(TestResult.java:110)
	at junit.framework.TestResult.runProtected(TestResult.java:128)
	at junit.framework.TestResult.run(TestResult.java:113)
	at junit.framework.TestCase.run(TestCase.java:124)
	at junit.framework.TestSuite.runTest(TestSuite.java:232)
	at junit.framework.TestSuite.run(TestSuite.java:227)
	at junit.framework.TestSuite.runTest(TestSuite.java:232)
	at junit.framework.TestSuite.run(TestSuite.java:227)
	at junit.framework.TestSuite.runTest(TestSuite.java:232)
	at junit.framework.TestSuite.run(TestSuite.java:227)
	at org.apache.tools.ant.taskdefs.optional.junit.JUnitTestRunner.run(JUnitTestRunner.java:421)
	at org.apache.tools.ant.taskdefs.optional.junit.JUnitTestRunner.launch(JUnitTestRunner.java:912)
	at org.apache.tools.ant.taskdefs.optional.junit.JUnitTestRunner.main(JUnitTestRunner.java:766)
Caused by: java.lang.ClassNotFoundException: org.jnp.interfaces.NamingContextFactory
	at java.net.URLClassLoader$1.run(URLClassLoader.java:200)
	at java.security.AccessController.doPrivileged(Native Method)
	at java.net.URLClassLoader.findClass(URLClassLoader.java:188)
	at java.lang.ClassLoader.loadClass(ClassLoader.java:306)
	at sun.misc.Launcher$AppClassLoader.loadClass(Launcher.java:268)
	at java.lang.ClassLoader.loadClass(ClassLoader.java:251)
	at java.lang.ClassLoader.loadClassInternal(ClassLoader.java:319)
	at java.lang.Class.forName0(Native Method)
	at java.lang.Class.forName(Class.java:242)
	at com.sun.naming.internal.VersionHelper12.loadClass(VersionHelper12.java:42)
	at javax.naming.spi.NamingManager.getInitialContext(NamingManager.java:654)
	... 27 more
[Enter method: getAllContestSatuses()]
Hibernate: /* select s from ContestStatus s */ select conteststa0_.contest_status_id as contest1_2312_, conteststa0_.contest_status_desc as contest2_2312_, conteststa0_.name as name2312_ from contest_status_lu conteststa0_
[Exit method: getAllContestSatuses()]
Can't call commit when autocommit=true
Can't call commit when autocommit=true
Can't call commit when autocommit=true
Can't call commit when autocommit=true
ERROR  getInitialContext, Could not obtain initial context
javax.naming.NoInitialContextException: Cannot instantiate class: org.jnp.interfaces.NamingContextFactory [Root exception is java.lang.ClassNotFoundException: org.jnp.interfaces.NamingContextFactory]
	at javax.naming.spi.NamingManager.getInitialContext(NamingManager.java:657)
	at javax.naming.InitialContext.getDefaultInitCtx(InitialContext.java:247)
	at javax.naming.InitialContext.init(InitialContext.java:223)
	at javax.naming.InitialContext.<init>(InitialContext.java:175)
	at org.hibernate.util.NamingHelper.getInitialContext(NamingHelper.java:28)
	at org.hibernate.impl.SessionFactoryObjectFactory.addInstance(SessionFactoryObjectFactory.java:89)
	at org.hibernate.impl.SessionFactoryImpl.<init>(SessionFactoryImpl.java:306)
	at org.hibernate.cfg.Configuration.buildSessionFactory(Configuration.java:1294)
	at org.hibernate.cfg.AnnotationConfiguration.buildSessionFactory(AnnotationConfiguration.java:915)
	at org.hibernate.ejb.Ejb3Configuration.buildEntityManagerFactory(Ejb3Configuration.java:730)
	at org.hibernate.ejb.HibernatePersistence.createEntityManagerFactory(HibernatePersistence.java:121)
	at javax.persistence.Persistence.createEntityManagerFactory(Persistence.java:51)
	at javax.persistence.Persistence.createEntityManagerFactory(Persistence.java:33)
	at com.topcoder.service.studio.contest.accuracytests.TestContestManagerBeanAccuracy.setUp(TestContestManagerBeanAccuracy.java:88)
	at junit.framework.TestCase.runBare(TestCase.java:132)
	at junit.framework.TestResult$1.protect(TestResult.java:110)
	at junit.framework.TestResult.runProtected(TestResult.java:128)
	at junit.framework.TestResult.run(TestResult.java:113)
	at junit.framework.TestCase.run(TestCase.java:124)
	at junit.framework.TestSuite.runTest(TestSuite.java:232)
	at junit.framework.TestSuite.run(TestSuite.java:227)
	at junit.framework.TestSuite.runTest(TestSuite.java:232)
	at junit.framework.TestSuite.run(TestSuite.java:227)
	at junit.framework.TestSuite.runTest(TestSuite.java:232)
	at junit.framework.TestSuite.run(TestSuite.java:227)
	at org.apache.tools.ant.taskdefs.optional.junit.JUnitTestRunner.run(JUnitTestRunner.java:421)
	at org.apache.tools.ant.taskdefs.optional.junit.JUnitTestRunner.launch(JUnitTestRunner.java:912)
	at org.apache.tools.ant.taskdefs.optional.junit.JUnitTestRunner.main(JUnitTestRunner.java:766)
Caused by: java.lang.ClassNotFoundException: org.jnp.interfaces.NamingContextFactory
	at java.net.URLClassLoader$1.run(URLClassLoader.java:200)
	at java.security.AccessController.doPrivileged(Native Method)
	at java.net.URLClassLoader.findClass(URLClassLoader.java:188)
	at java.lang.ClassLoader.loadClass(ClassLoader.java:306)
	at sun.misc.Launcher$AppClassLoader.loadClass(Launcher.java:268)
	at java.lang.ClassLoader.loadClass(ClassLoader.java:251)
	at java.lang.ClassLoader.loadClassInternal(ClassLoader.java:319)
	at java.lang.Class.forName0(Native Method)
	at java.lang.Class.forName(Class.java:242)
	at com.sun.naming.internal.VersionHelper12.loadClass(VersionHelper12.java:42)
	at javax.naming.spi.NamingManager.getInitialContext(NamingManager.java:654)
	... 27 more
WARN   addInstance, Could not bind factory to JNDI
javax.naming.NoInitialContextException: Cannot instantiate class: org.jnp.interfaces.NamingContextFactory [Root exception is java.lang.ClassNotFoundException: org.jnp.interfaces.NamingContextFactory]
	at javax.naming.spi.NamingManager.getInitialContext(NamingManager.java:657)
	at javax.naming.InitialContext.getDefaultInitCtx(InitialContext.java:247)
	at javax.naming.InitialContext.init(InitialContext.java:223)
	at javax.naming.InitialContext.<init>(InitialContext.java:175)
	at org.hibernate.util.NamingHelper.getInitialContext(NamingHelper.java:28)
	at org.hibernate.impl.SessionFactoryObjectFactory.addInstance(SessionFactoryObjectFactory.java:89)
	at org.hibernate.impl.SessionFactoryImpl.<init>(SessionFactoryImpl.java:306)
	at org.hibernate.cfg.Configuration.buildSessionFactory(Configuration.java:1294)
	at org.hibernate.cfg.AnnotationConfiguration.buildSessionFactory(AnnotationConfiguration.java:915)
	at org.hibernate.ejb.Ejb3Configuration.buildEntityManagerFactory(Ejb3Configuration.java:730)
	at org.hibernate.ejb.HibernatePersistence.createEntityManagerFactory(HibernatePersistence.java:121)
	at javax.persistence.Persistence.createEntityManagerFactory(Persistence.java:51)
	at javax.persistence.Persistence.createEntityManagerFactory(Persistence.java:33)
	at com.topcoder.service.studio.contest.accuracytests.TestContestManagerBeanAccuracy.setUp(TestContestManagerBeanAccuracy.java:88)
	at junit.framework.TestCase.runBare(TestCase.java:132)
	at junit.framework.TestResult$1.protect(TestResult.java:110)
	at junit.framework.TestResult.runProtected(TestResult.java:128)
	at junit.framework.TestResult.run(TestResult.java:113)
	at junit.framework.TestCase.run(TestCase.java:124)
	at junit.framework.TestSuite.runTest(TestSuite.java:232)
	at junit.framework.TestSuite.run(TestSuite.java:227)
	at junit.framework.TestSuite.runTest(TestSuite.java:232)
	at junit.framework.TestSuite.run(TestSuite.java:227)
	at junit.framework.TestSuite.runTest(TestSuite.java:232)
	at junit.framework.TestSuite.run(TestSuite.java:227)
	at org.apache.tools.ant.taskdefs.optional.junit.JUnitTestRunner.run(JUnitTestRunner.java:421)
	at org.apache.tools.ant.taskdefs.optional.junit.JUnitTestRunner.launch(JUnitTestRunner.java:912)
	at org.apache.tools.ant.taskdefs.optional.junit.JUnitTestRunner.main(JUnitTestRunner.java:766)
Caused by: java.lang.ClassNotFoundException: org.jnp.interfaces.NamingContextFactory
	at java.net.URLClassLoader$1.run(URLClassLoader.java:200)
	at java.security.AccessController.doPrivileged(Native Method)
	at java.net.URLClassLoader.findClass(URLClassLoader.java:188)
	at java.lang.ClassLoader.loadClass(ClassLoader.java:306)
	at sun.misc.Launcher$AppClassLoader.loadClass(Launcher.java:268)
	at java.lang.ClassLoader.loadClass(ClassLoader.java:251)
	at java.lang.ClassLoader.loadClassInternal(ClassLoader.java:319)
	at java.lang.Class.forName0(Native Method)
	at java.lang.Class.forName(Class.java:242)
	at com.sun.naming.internal.VersionHelper12.loadClass(VersionHelper12.java:42)
	at javax.naming.spi.NamingManager.getInitialContext(NamingManager.java:654)
	... 27 more
Hibernate: select max(contest_status_id) from contest_status_lu
Hibernate: /* insert com.topcoder.service.studio.contest.ContestStatus */ insert into contest_status_lu (contest_status_desc, name, contest_status_id) values (?, ?, ?)
[Enter method: getAllContestSatuses()]
Hibernate: /* select s from ContestStatus s */ select conteststa0_.contest_status_id as contest1_2363_, conteststa0_.contest_status_desc as contest2_2363_, conteststa0_.name as name2363_ from contest_status_lu conteststa0_
[Exit method: getAllContestSatuses()]
Can't call commit when autocommit=true
Can't call commit when autocommit=true
ERROR  getInitialContext, Could not obtain initial context
javax.naming.NoInitialContextException: Cannot instantiate class: org.jnp.interfaces.NamingContextFactory [Root exception is java.lang.ClassNotFoundException: org.jnp.interfaces.NamingContextFactory]
	at javax.naming.spi.NamingManager.getInitialContext(NamingManager.java:657)
	at javax.naming.InitialContext.getDefaultInitCtx(InitialContext.java:247)
	at javax.naming.InitialContext.init(InitialContext.java:223)
	at javax.naming.InitialContext.<init>(InitialContext.java:175)
	at org.hibernate.util.NamingHelper.getInitialContext(NamingHelper.java:28)
	at org.hibernate.impl.SessionFactoryObjectFactory.addInstance(SessionFactoryObjectFactory.java:89)
	at org.hibernate.impl.SessionFactoryImpl.<init>(SessionFactoryImpl.java:306)
	at org.hibernate.cfg.Configuration.buildSessionFactory(Configuration.java:1294)
	at org.hibernate.cfg.AnnotationConfiguration.buildSessionFactory(AnnotationConfiguration.java:915)
	at org.hibernate.ejb.Ejb3Configuration.buildEntityManagerFactory(Ejb3Configuration.java:730)
	at org.hibernate.ejb.HibernatePersistence.createEntityManagerFactory(HibernatePersistence.java:121)
	at javax.persistence.Persistence.createEntityManagerFactory(Persistence.java:51)
	at javax.persistence.Persistence.createEntityManagerFactory(Persistence.java:33)
	at com.topcoder.service.studio.contest.failuretests.mock.MockEntityManager.<clinit>(MockEntityManager.java:28)
	at com.topcoder.service.studio.contest.failuretests.ContestManagerBeanFailureTest.initContext(ContestManagerBeanFailureTest.java:127)
	at com.topcoder.service.studio.contest.failuretests.ContestManagerBeanFailureTest.test_CreateContest_Failure2_EntityAlreadyExistsException(ContestManagerBeanFailureTest.java:611)
	at sun.reflect.NativeMethodAccessorImpl.invoke0(Native Method)
	at sun.reflect.NativeMethodAccessorImpl.invoke(NativeMethodAccessorImpl.java:39)
	at sun.reflect.DelegatingMethodAccessorImpl.invoke(DelegatingMethodAccessorImpl.java:25)
	at java.lang.reflect.Method.invoke(Method.java:585)
	at junit.framework.TestCase.runTest(TestCase.java:168)
	at junit.framework.TestCase.runBare(TestCase.java:134)
	at junit.framework.TestResult$1.protect(TestResult.java:110)
	at junit.framework.TestResult.runProtected(TestResult.java:128)
	at junit.framework.TestResult.run(TestResult.java:113)
	at junit.framework.TestCase.run(TestCase.java:124)
	at junit.framework.TestSuite.runTest(TestSuite.java:232)
	at junit.framework.TestSuite.run(TestSuite.java:227)
	at junit.framework.TestSuite.runTest(TestSuite.java:232)
	at junit.framework.TestSuite.run(TestSuite.java:227)
	at junit.framework.TestSuite.runTest(TestSuite.java:232)
	at junit.framework.TestSuite.run(TestSuite.java:227)
	at org.apache.tools.ant.taskdefs.optional.junit.JUnitTestRunner.run(JUnitTestRunner.java:421)
	at org.apache.tools.ant.taskdefs.optional.junit.JUnitTestRunner.launch(JUnitTestRunner.java:912)
	at org.apache.tools.ant.taskdefs.optional.junit.JUnitTestRunner.main(JUnitTestRunner.java:766)
Caused by: java.lang.ClassNotFoundException: org.jnp.interfaces.NamingContextFactory
	at java.net.URLClassLoader$1.run(URLClassLoader.java:200)
	at java.security.AccessController.doPrivileged(Native Method)
	at java.net.URLClassLoader.findClass(URLClassLoader.java:188)
	at java.lang.ClassLoader.loadClass(ClassLoader.java:306)
	at sun.misc.Launcher$AppClassLoader.loadClass(Launcher.java:268)
	at java.lang.ClassLoader.loadClass(ClassLoader.java:251)
	at java.lang.ClassLoader.loadClassInternal(ClassLoader.java:319)
	at java.lang.Class.forName0(Native Method)
	at java.lang.Class.forName(Class.java:242)
	at com.sun.naming.internal.VersionHelper12.loadClass(VersionHelper12.java:42)
	at javax.naming.spi.NamingManager.getInitialContext(NamingManager.java:654)
	... 34 more
WARN   addInstance, Could not bind factory to JNDI
javax.naming.NoInitialContextException: Cannot instantiate class: org.jnp.interfaces.NamingContextFactory [Root exception is java.lang.ClassNotFoundException: org.jnp.interfaces.NamingContextFactory]
	at javax.naming.spi.NamingManager.getInitialContext(NamingManager.java:657)
	at javax.naming.InitialContext.getDefaultInitCtx(InitialContext.java:247)
	at javax.naming.InitialContext.init(InitialContext.java:223)
	at javax.naming.InitialContext.<init>(InitialContext.java:175)
	at org.hibernate.util.NamingHelper.getInitialContext(NamingHelper.java:28)
	at org.hibernate.impl.SessionFactoryObjectFactory.addInstance(SessionFactoryObjectFactory.java:89)
	at org.hibernate.impl.SessionFactoryImpl.<init>(SessionFactoryImpl.java:306)
	at org.hibernate.cfg.Configuration.buildSessionFactory(Configuration.java:1294)
	at org.hibernate.cfg.AnnotationConfiguration.buildSessionFactory(AnnotationConfiguration.java:915)
	at org.hibernate.ejb.Ejb3Configuration.buildEntityManagerFactory(Ejb3Configuration.java:730)
	at org.hibernate.ejb.HibernatePersistence.createEntityManagerFactory(HibernatePersistence.java:121)
	at javax.persistence.Persistence.createEntityManagerFactory(Persistence.java:51)
	at javax.persistence.Persistence.createEntityManagerFactory(Persistence.java:33)
	at com.topcoder.service.studio.contest.failuretests.mock.MockEntityManager.<clinit>(MockEntityManager.java:28)
	at com.topcoder.service.studio.contest.failuretests.ContestManagerBeanFailureTest.initContext(ContestManagerBeanFailureTest.java:127)
	at com.topcoder.service.studio.contest.failuretests.ContestManagerBeanFailureTest.test_CreateContest_Failure2_EntityAlreadyExistsException(ContestManagerBeanFailureTest.java:611)
	at sun.reflect.NativeMethodAccessorImpl.invoke0(Native Method)
	at sun.reflect.NativeMethodAccessorImpl.invoke(NativeMethodAccessorImpl.java:39)
	at sun.reflect.DelegatingMethodAccessorImpl.invoke(DelegatingMethodAccessorImpl.java:25)
	at java.lang.reflect.Method.invoke(Method.java:585)
	at junit.framework.TestCase.runTest(TestCase.java:168)
	at junit.framework.TestCase.runBare(TestCase.java:134)
	at junit.framework.TestResult$1.protect(TestResult.java:110)
	at junit.framework.TestResult.runProtected(TestResult.java:128)
	at junit.framework.TestResult.run(TestResult.java:113)
	at junit.framework.TestCase.run(TestCase.java:124)
	at junit.framework.TestSuite.runTest(TestSuite.java:232)
	at junit.framework.TestSuite.run(TestSuite.java:227)
	at junit.framework.TestSuite.runTest(TestSuite.java:232)
	at junit.framework.TestSuite.run(TestSuite.java:227)
	at junit.framework.TestSuite.runTest(TestSuite.java:232)
	at junit.framework.TestSuite.run(TestSuite.java:227)
	at org.apache.tools.ant.taskdefs.optional.junit.JUnitTestRunner.run(JUnitTestRunner.java:421)
	at org.apache.tools.ant.taskdefs.optional.junit.JUnitTestRunner.launch(JUnitTestRunner.java:912)
	at org.apache.tools.ant.taskdefs.optional.junit.JUnitTestRunner.main(JUnitTestRunner.java:766)
Caused by: java.lang.ClassNotFoundException: org.jnp.interfaces.NamingContextFactory
	at java.net.URLClassLoader$1.run(URLClassLoader.java:200)
	at java.security.AccessController.doPrivileged(Native Method)
	at java.net.URLClassLoader.findClass(URLClassLoader.java:188)
	at java.lang.ClassLoader.loadClass(ClassLoader.java:306)
	at sun.misc.Launcher$AppClassLoader.loadClass(Launcher.java:268)
	at java.lang.ClassLoader.loadClass(ClassLoader.java:251)
	at java.lang.ClassLoader.loadClassInternal(ClassLoader.java:319)
	at java.lang.Class.forName0(Native Method)
	at java.lang.Class.forName(Class.java:242)
	at com.sun.naming.internal.VersionHelper12.loadClass(VersionHelper12.java:42)
	at javax.naming.spi.NamingManager.getInitialContext(NamingManager.java:654)
	... 34 more
[Enter method: createContest()]
[param1: null]
Hibernate: select max(contest_id) from contest
[Exit method: createContest()]
[Enter method: createContest()]
[param1: 1]
[Enter method: getContest()]
[param1: 1]
[Exit method: getContest()]
The contest already exist.
com.topcoder.service.studio.contest.EntityAlreadyExistsException: The contest already exist.
	at com.topcoder.service.studio.contest.bean.ContestManagerBean.createContest(ContestManagerBean.java:360)
	at com.topcoder.service.studio.contest.failuretests.ContestManagerBeanFailureTest.test_CreateContest_Failure2_EntityAlreadyExistsException(ContestManagerBeanFailureTest.java:618)
	at sun.reflect.NativeMethodAccessorImpl.invoke0(Native Method)
	at sun.reflect.NativeMethodAccessorImpl.invoke(NativeMethodAccessorImpl.java:39)
	at sun.reflect.DelegatingMethodAccessorImpl.invoke(DelegatingMethodAccessorImpl.java:25)
	at java.lang.reflect.Method.invoke(Method.java:585)
	at junit.framework.TestCase.runTest(TestCase.java:168)
	at junit.framework.TestCase.runBare(TestCase.java:134)
	at junit.framework.TestResult$1.protect(TestResult.java:110)
	at junit.framework.TestResult.runProtected(TestResult.java:128)
	at junit.framework.TestResult.run(TestResult.java:113)
	at junit.framework.TestCase.run(TestCase.java:124)
	at junit.framework.TestSuite.runTest(TestSuite.java:232)
	at junit.framework.TestSuite.run(TestSuite.java:227)
	at junit.framework.TestSuite.runTest(TestSuite.java:232)
	at junit.framework.TestSuite.run(TestSuite.java:227)
	at junit.framework.TestSuite.runTest(TestSuite.java:232)
	at junit.framework.TestSuite.run(TestSuite.java:227)
	at org.apache.tools.ant.taskdefs.optional.junit.JUnitTestRunner.run(JUnitTestRunner.java:421)
	at org.apache.tools.ant.taskdefs.optional.junit.JUnitTestRunner.launch(JUnitTestRunner.java:912)
	at org.apache.tools.ant.taskdefs.optional.junit.JUnitTestRunner.main(JUnitTestRunner.java:766)
[Exit method: createContest()]
[Enter method: createContest()]
[param1: null]
The EntityManager is closed.
com.topcoder.service.studio.contest.ContestManagementException: The EntityManager is closed.
	at com.topcoder.service.studio.contest.bean.ContestManagerBean.wrapContestManagementException(ContestManagerBean.java:2223)
	at com.topcoder.service.studio.contest.bean.ContestManagerBean.createContest(ContestManagerBean.java:373)
	at com.topcoder.service.studio.contest.failuretests.ContestManagerBeanFailureTest.test_CreateContest_Failure3_EntityManagerClosed(ContestManagerBeanFailureTest.java:645)
	at sun.reflect.NativeMethodAccessorImpl.invoke0(Native Method)
	at sun.reflect.NativeMethodAccessorImpl.invoke(NativeMethodAccessorImpl.java:39)
	at sun.reflect.DelegatingMethodAccessorImpl.invoke(DelegatingMethodAccessorImpl.java:25)
	at java.lang.reflect.Method.invoke(Method.java:585)
	at junit.framework.TestCase.runTest(TestCase.java:168)
	at junit.framework.TestCase.runBare(TestCase.java:134)
	at junit.framework.TestResult$1.protect(TestResult.java:110)
	at junit.framework.TestResult.runProtected(TestResult.java:128)
	at junit.framework.TestResult.run(TestResult.java:113)
	at junit.framework.TestCase.run(TestCase.java:124)
	at junit.framework.TestSuite.runTest(TestSuite.java:232)
	at junit.framework.TestSuite.run(TestSuite.java:227)
	at junit.framework.TestSuite.runTest(TestSuite.java:232)
	at junit.framework.TestSuite.run(TestSuite.java:227)
	at junit.framework.TestSuite.runTest(TestSuite.java:232)
	at junit.framework.TestSuite.run(TestSuite.java:227)
	at org.apache.tools.ant.taskdefs.optional.junit.JUnitTestRunner.run(JUnitTestRunner.java:421)
	at org.apache.tools.ant.taskdefs.optional.junit.JUnitTestRunner.launch(JUnitTestRunner.java:912)
	at org.apache.tools.ant.taskdefs.optional.junit.JUnitTestRunner.main(JUnitTestRunner.java:766)
Caused by: java.lang.IllegalStateException: EntityManager is closed
	at org.hibernate.ejb.EntityManagerImpl.getSession(EntityManagerImpl.java:42)
	at org.hibernate.ejb.AbstractEntityManagerImpl.persist(AbstractEntityManagerImpl.java:213)
	at com.topcoder.service.studio.contest.failuretests.mock.MockEntityManager.persist(MockEntityManager.java:80)
	at com.topcoder.service.studio.contest.bean.ContestManagerBean.createContest(ContestManagerBean.java:369)
	... 20 more
[Exit method: createContest()]
[Enter method: createContest()]
[param1: null]
There are errors while persisting the entity.
com.topcoder.service.studio.contest.ContestManagementException: There are errors while persisting the entity.
	at com.topcoder.service.studio.contest.bean.ContestManagerBean.wrapContestManagementException(ContestManagerBean.java:2223)
	at com.topcoder.service.studio.contest.bean.ContestManagerBean.createContest(ContestManagerBean.java:379)
	at com.topcoder.service.studio.contest.failuretests.ContestManagerBeanFailureTest.test_CreateContest_Failure4_PersistenceException(ContestManagerBeanFailureTest.java:672)
	at sun.reflect.NativeMethodAccessorImpl.invoke0(Native Method)
	at sun.reflect.NativeMethodAccessorImpl.invoke(NativeMethodAccessorImpl.java:39)
	at sun.reflect.DelegatingMethodAccessorImpl.invoke(DelegatingMethodAccessorImpl.java:25)
	at java.lang.reflect.Method.invoke(Method.java:585)
	at junit.framework.TestCase.runTest(TestCase.java:168)
	at junit.framework.TestCase.runBare(TestCase.java:134)
	at junit.framework.TestResult$1.protect(TestResult.java:110)
	at junit.framework.TestResult.runProtected(TestResult.java:128)
	at junit.framework.TestResult.run(TestResult.java:113)
	at junit.framework.TestCase.run(TestCase.java:124)
	at junit.framework.TestSuite.runTest(TestSuite.java:232)
	at junit.framework.TestSuite.run(TestSuite.java:227)
	at junit.framework.TestSuite.runTest(TestSuite.java:232)
	at junit.framework.TestSuite.run(TestSuite.java:227)
	at junit.framework.TestSuite.runTest(TestSuite.java:232)
	at junit.framework.TestSuite.run(TestSuite.java:227)
	at org.apache.tools.ant.taskdefs.optional.junit.JUnitTestRunner.run(JUnitTestRunner.java:421)
	at org.apache.tools.ant.taskdefs.optional.junit.JUnitTestRunner.launch(JUnitTestRunner.java:912)
	at org.apache.tools.ant.taskdefs.optional.junit.JUnitTestRunner.main(JUnitTestRunner.java:766)
Caused by: javax.persistence.PersistenceException
	at com.topcoder.service.studio.contest.failuretests.mock.MockEntityManager.persist(MockEntityManager.java:73)
	at com.topcoder.service.studio.contest.bean.ContestManagerBean.createContest(ContestManagerBean.java:369)
	... 20 more
[Exit method: createContest()]
[Enter method: createContest()]
[param1: null]
This method is required to run in transaction.
com.topcoder.service.studio.contest.ContestManagementException: This method is required to run in transaction.
	at com.topcoder.service.studio.contest.bean.ContestManagerBean.wrapContestManagementException(ContestManagerBean.java:2223)
	at com.topcoder.service.studio.contest.bean.ContestManagerBean.createContest(ContestManagerBean.java:376)
	at com.topcoder.service.studio.contest.failuretests.ContestManagerBeanFailureTest.test_CreateContest_Failure5_TransactionException(ContestManagerBeanFailureTest.java:699)
	at sun.reflect.NativeMethodAccessorImpl.invoke0(Native Method)
	at sun.reflect.NativeMethodAccessorImpl.invoke(NativeMethodAccessorImpl.java:39)
	at sun.reflect.DelegatingMethodAccessorImpl.invoke(DelegatingMethodAccessorImpl.java:25)
	at java.lang.reflect.Method.invoke(Method.java:585)
	at junit.framework.TestCase.runTest(TestCase.java:168)
	at junit.framework.TestCase.runBare(TestCase.java:134)
	at junit.framework.TestResult$1.protect(TestResult.java:110)
	at junit.framework.TestResult.runProtected(TestResult.java:128)
	at junit.framework.TestResult.run(TestResult.java:113)
	at junit.framework.TestCase.run(TestCase.java:124)
	at junit.framework.TestSuite.runTest(TestSuite.java:232)
	at junit.framework.TestSuite.run(TestSuite.java:227)
	at junit.framework.TestSuite.runTest(TestSuite.java:232)
	at junit.framework.TestSuite.run(TestSuite.java:227)
	at junit.framework.TestSuite.runTest(TestSuite.java:232)
	at junit.framework.TestSuite.run(TestSuite.java:227)
	at org.apache.tools.ant.taskdefs.optional.junit.JUnitTestRunner.run(JUnitTestRunner.java:421)
	at org.apache.tools.ant.taskdefs.optional.junit.JUnitTestRunner.launch(JUnitTestRunner.java:912)
	at org.apache.tools.ant.taskdefs.optional.junit.JUnitTestRunner.main(JUnitTestRunner.java:766)
Caused by: javax.persistence.TransactionRequiredException
	at com.topcoder.service.studio.contest.failuretests.mock.MockEntityManager.persist(MockEntityManager.java:77)
	at com.topcoder.service.studio.contest.bean.ContestManagerBean.createContest(ContestManagerBean.java:369)
	... 20 more
[Exit method: createContest()]
[Enter method: getContest()]
[param1: 1,000]
The EntityManager is closed.
com.topcoder.service.studio.contest.ContestManagementException: The EntityManager is closed.
	at com.topcoder.service.studio.contest.bean.ContestManagerBean.wrapContestManagementException(ContestManagerBean.java:2223)
	at com.topcoder.service.studio.contest.bean.ContestManagerBean.getContest(ContestManagerBean.java:407)
	at com.topcoder.service.studio.contest.failuretests.ContestManagerBeanFailureTest.test_GetContest_Failure1_EntityManagerClosed(ContestManagerBeanFailureTest.java:725)
	at sun.reflect.NativeMethodAccessorImpl.invoke0(Native Method)
	at sun.reflect.NativeMethodAccessorImpl.invoke(NativeMethodAccessorImpl.java:39)
	at sun.reflect.DelegatingMethodAccessorImpl.invoke(DelegatingMethodAccessorImpl.java:25)
	at java.lang.reflect.Method.invoke(Method.java:585)
	at junit.framework.TestCase.runTest(TestCase.java:168)
	at junit.framework.TestCase.runBare(TestCase.java:134)
	at junit.framework.TestResult$1.protect(TestResult.java:110)
	at junit.framework.TestResult.runProtected(TestResult.java:128)
	at junit.framework.TestResult.run(TestResult.java:113)
	at junit.framework.TestCase.run(TestCase.java:124)
	at junit.framework.TestSuite.runTest(TestSuite.java:232)
	at junit.framework.TestSuite.run(TestSuite.java:227)
	at junit.framework.TestSuite.runTest(TestSuite.java:232)
	at junit.framework.TestSuite.run(TestSuite.java:227)
	at junit.framework.TestSuite.runTest(TestSuite.java:232)
	at junit.framework.TestSuite.run(TestSuite.java:227)
	at org.apache.tools.ant.taskdefs.optional.junit.JUnitTestRunner.run(JUnitTestRunner.java:421)
	at org.apache.tools.ant.taskdefs.optional.junit.JUnitTestRunner.launch(JUnitTestRunner.java:912)
	at org.apache.tools.ant.taskdefs.optional.junit.JUnitTestRunner.main(JUnitTestRunner.java:766)
Caused by: java.lang.IllegalStateException: EntityManager is closed
	at org.hibernate.ejb.EntityManagerImpl.getSession(EntityManagerImpl.java:42)
	at org.hibernate.ejb.AbstractEntityManagerImpl.find(AbstractEntityManagerImpl.java:175)
	at com.topcoder.service.studio.contest.failuretests.mock.MockEntityManager.find(MockEntityManager.java:134)
	at com.topcoder.service.studio.contest.bean.ContestManagerBean.getContest(ContestManagerBean.java:405)
	... 20 more
[Exit method: getContest()]
[Enter method: getContest()]
[param1: 1,000]
There are errors while persisting the entity.
com.topcoder.service.studio.contest.ContestManagementException: There are errors while persisting the entity.
	at com.topcoder.service.studio.contest.bean.ContestManagerBean.wrapContestManagementException(ContestManagerBean.java:2223)
	at com.topcoder.service.studio.contest.bean.ContestManagerBean.getContest(ContestManagerBean.java:410)
	at com.topcoder.service.studio.contest.failuretests.ContestManagerBeanFailureTest.test_GetContest_Failure2_PersistenceException(ContestManagerBeanFailureTest.java:749)
	at sun.reflect.NativeMethodAccessorImpl.invoke0(Native Method)
	at sun.reflect.NativeMethodAccessorImpl.invoke(NativeMethodAccessorImpl.java:39)
	at sun.reflect.DelegatingMethodAccessorImpl.invoke(DelegatingMethodAccessorImpl.java:25)
	at java.lang.reflect.Method.invoke(Method.java:585)
	at junit.framework.TestCase.runTest(TestCase.java:168)
	at junit.framework.TestCase.runBare(TestCase.java:134)
	at junit.framework.TestResult$1.protect(TestResult.java:110)
	at junit.framework.TestResult.runProtected(TestResult.java:128)
	at junit.framework.TestResult.run(TestResult.java:113)
	at junit.framework.TestCase.run(TestCase.java:124)
	at junit.framework.TestSuite.runTest(TestSuite.java:232)
	at junit.framework.TestSuite.run(TestSuite.java:227)
	at junit.framework.TestSuite.runTest(TestSuite.java:232)
	at junit.framework.TestSuite.run(TestSuite.java:227)
	at junit.framework.TestSuite.runTest(TestSuite.java:232)
	at junit.framework.TestSuite.run(TestSuite.java:227)
	at org.apache.tools.ant.taskdefs.optional.junit.JUnitTestRunner.run(JUnitTestRunner.java:421)
	at org.apache.tools.ant.taskdefs.optional.junit.JUnitTestRunner.launch(JUnitTestRunner.java:912)
	at org.apache.tools.ant.taskdefs.optional.junit.JUnitTestRunner.main(JUnitTestRunner.java:766)
Caused by: javax.persistence.PersistenceException
	at com.topcoder.service.studio.contest.failuretests.mock.MockEntityManager.find(MockEntityManager.java:127)
	at com.topcoder.service.studio.contest.bean.ContestManagerBean.getContest(ContestManagerBean.java:405)
	... 20 more
[Exit method: getContest()]
[Enter method: getContestForProject()]
[param1: 1]
The EntityManager is closed.
com.topcoder.service.studio.contest.ContestManagementException: The EntityManager is closed.
	at com.topcoder.service.studio.contest.bean.ContestManagerBean.wrapContestManagementException(ContestManagerBean.java:2223)
	at com.topcoder.service.studio.contest.bean.ContestManagerBean.getContestsForProject(ContestManagerBean.java:452)
	at com.topcoder.service.studio.contest.failuretests.ContestManagerBeanFailureTest.test_GetContestsForProject_Failure1_EMClosed(ContestManagerBeanFailureTest.java:773)
	at sun.reflect.NativeMethodAccessorImpl.invoke0(Native Method)
	at sun.reflect.NativeMethodAccessorImpl.invoke(NativeMethodAccessorImpl.java:39)
	at sun.reflect.DelegatingMethodAccessorImpl.invoke(DelegatingMethodAccessorImpl.java:25)
	at java.lang.reflect.Method.invoke(Method.java:585)
	at junit.framework.TestCase.runTest(TestCase.java:168)
	at junit.framework.TestCase.runBare(TestCase.java:134)
	at junit.framework.TestResult$1.protect(TestResult.java:110)
	at junit.framework.TestResult.runProtected(TestResult.java:128)
	at junit.framework.TestResult.run(TestResult.java:113)
	at junit.framework.TestCase.run(TestCase.java:124)
	at junit.framework.TestSuite.runTest(TestSuite.java:232)
	at junit.framework.TestSuite.run(TestSuite.java:227)
	at junit.framework.TestSuite.runTest(TestSuite.java:232)
	at junit.framework.TestSuite.run(TestSuite.java:227)
	at junit.framework.TestSuite.runTest(TestSuite.java:232)
	at junit.framework.TestSuite.run(TestSuite.java:227)
	at org.apache.tools.ant.taskdefs.optional.junit.JUnitTestRunner.run(JUnitTestRunner.java:421)
	at org.apache.tools.ant.taskdefs.optional.junit.JUnitTestRunner.launch(JUnitTestRunner.java:912)
	at org.apache.tools.ant.taskdefs.optional.junit.JUnitTestRunner.main(JUnitTestRunner.java:766)
Caused by: java.lang.IllegalStateException: EntityManager is closed
	at org.hibernate.ejb.EntityManagerImpl.getSession(EntityManagerImpl.java:42)
	at org.hibernate.ejb.AbstractEntityManagerImpl.createQuery(AbstractEntityManagerImpl.java:93)
	at com.topcoder.service.studio.contest.failuretests.mock.MockEntityManager.createQuery(MockEntityManager.java:243)
	at com.topcoder.service.studio.contest.bean.ContestManagerBean.getContestsForProject(ContestManagerBean.java:438)
	... 20 more
[Exit method: getContestsForProject()]
[Enter method: getContestForProject()]
[param1: 1]
There are errors while persisting the entity.
com.topcoder.service.studio.contest.ContestManagementException: There are errors while persisting the entity.
	at com.topcoder.service.studio.contest.bean.ContestManagerBean.wrapContestManagementException(ContestManagerBean.java:2223)
	at com.topcoder.service.studio.contest.bean.ContestManagerBean.getContestsForProject(ContestManagerBean.java:455)
	at com.topcoder.service.studio.contest.failuretests.ContestManagerBeanFailureTest.test_GetContestsForProject_Failure2_PersistenceException(ContestManagerBeanFailureTest.java:797)
	at sun.reflect.NativeMethodAccessorImpl.invoke0(Native Method)
	at sun.reflect.NativeMethodAccessorImpl.invoke(NativeMethodAccessorImpl.java:39)
	at sun.reflect.DelegatingMethodAccessorImpl.invoke(DelegatingMethodAccessorImpl.java:25)
	at java.lang.reflect.Method.invoke(Method.java:585)
	at junit.framework.TestCase.runTest(TestCase.java:168)
	at junit.framework.TestCase.runBare(TestCase.java:134)
	at junit.framework.TestResult$1.protect(TestResult.java:110)
	at junit.framework.TestResult.runProtected(TestResult.java:128)
	at junit.framework.TestResult.run(TestResult.java:113)
	at junit.framework.TestCase.run(TestCase.java:124)
	at junit.framework.TestSuite.runTest(TestSuite.java:232)
	at junit.framework.TestSuite.run(TestSuite.java:227)
	at junit.framework.TestSuite.runTest(TestSuite.java:232)
	at junit.framework.TestSuite.run(TestSuite.java:227)
	at junit.framework.TestSuite.runTest(TestSuite.java:232)
	at junit.framework.TestSuite.run(TestSuite.java:227)
	at org.apache.tools.ant.taskdefs.optional.junit.JUnitTestRunner.run(JUnitTestRunner.java:421)
	at org.apache.tools.ant.taskdefs.optional.junit.JUnitTestRunner.launch(JUnitTestRunner.java:912)
	at org.apache.tools.ant.taskdefs.optional.junit.JUnitTestRunner.main(JUnitTestRunner.java:766)
Caused by: javax.persistence.PersistenceException
	at com.topcoder.service.studio.contest.failuretests.mock.MockEntityManager.createQuery(MockEntityManager.java:236)
	at com.topcoder.service.studio.contest.bean.ContestManagerBean.getContestsForProject(ContestManagerBean.java:438)
	... 20 more
[Exit method: getContestsForProject()]
[Enter method: updateContest()]
The contest with id 'null' doesn't exist.
com.topcoder.service.studio.contest.EntityNotFoundException: The contest with id 'null' doesn't exist.
	at com.topcoder.service.studio.contest.bean.ContestManagerBean.wrapEntityNotFoundException(ContestManagerBean.java:2186)
	at com.topcoder.service.studio.contest.bean.ContestManagerBean.updateContest(ContestManagerBean.java:482)
	at com.topcoder.service.studio.contest.failuretests.ContestManagerBeanFailureTest.test_updateContest_Failure1(ContestManagerBeanFailureTest.java:820)
	at sun.reflect.NativeMethodAccessorImpl.invoke0(Native Method)
	at sun.reflect.NativeMethodAccessorImpl.invoke(NativeMethodAccessorImpl.java:39)
	at sun.reflect.DelegatingMethodAccessorImpl.invoke(DelegatingMethodAccessorImpl.java:25)
	at java.lang.reflect.Method.invoke(Method.java:585)
	at junit.framework.TestCase.runTest(TestCase.java:168)
	at junit.framework.TestCase.runBare(TestCase.java:134)
	at junit.framework.TestResult$1.protect(TestResult.java:110)
	at junit.framework.TestResult.runProtected(TestResult.java:128)
	at junit.framework.TestResult.run(TestResult.java:113)
	at junit.framework.TestCase.run(TestCase.java:124)
	at junit.framework.TestSuite.runTest(TestSuite.java:232)
	at junit.framework.TestSuite.run(TestSuite.java:227)
	at junit.framework.TestSuite.runTest(TestSuite.java:232)
	at junit.framework.TestSuite.run(TestSuite.java:227)
	at junit.framework.TestSuite.runTest(TestSuite.java:232)
	at junit.framework.TestSuite.run(TestSuite.java:227)
	at org.apache.tools.ant.taskdefs.optional.junit.JUnitTestRunner.run(JUnitTestRunner.java:421)
	at org.apache.tools.ant.taskdefs.optional.junit.JUnitTestRunner.launch(JUnitTestRunner.java:912)
	at org.apache.tools.ant.taskdefs.optional.junit.JUnitTestRunner.main(JUnitTestRunner.java:766)
[Exit method: updateContest()]
[Enter method: createContest()]
[param1: null]
[Exit method: createContest()]
[Enter method: updateContest()]
[Enter method: getContest()]
[param1: 2]
The EntityManager is closed.
com.topcoder.service.studio.contest.ContestManagementException: The EntityManager is closed.
	at com.topcoder.service.studio.contest.bean.ContestManagerBean.wrapContestManagementException(ContestManagerBean.java:2223)
	at com.topcoder.service.studio.contest.bean.ContestManagerBean.getContest(ContestManagerBean.java:407)
	at com.topcoder.service.studio.contest.bean.ContestManagerBean.updateContest(ContestManagerBean.java:481)
	at com.topcoder.service.studio.contest.failuretests.ContestManagerBeanFailureTest.test_updateContest_Failure2(ContestManagerBeanFailureTest.java:849)
	at sun.reflect.NativeMethodAccessorImpl.invoke0(Native Method)
	at sun.reflect.NativeMethodAccessorImpl.invoke(NativeMethodAccessorImpl.java:39)
	at sun.reflect.DelegatingMethodAccessorImpl.invoke(DelegatingMethodAccessorImpl.java:25)
	at java.lang.reflect.Method.invoke(Method.java:585)
	at junit.framework.TestCase.runTest(TestCase.java:168)
	at junit.framework.TestCase.runBare(TestCase.java:134)
	at junit.framework.TestResult$1.protect(TestResult.java:110)
	at junit.framework.TestResult.runProtected(TestResult.java:128)
	at junit.framework.TestResult.run(TestResult.java:113)
	at junit.framework.TestCase.run(TestCase.java:124)
	at junit.framework.TestSuite.runTest(TestSuite.java:232)
	at junit.framework.TestSuite.run(TestSuite.java:227)
	at junit.framework.TestSuite.runTest(TestSuite.java:232)
	at junit.framework.TestSuite.run(TestSuite.java:227)
	at junit.framework.TestSuite.runTest(TestSuite.java:232)
	at junit.framework.TestSuite.run(TestSuite.java:227)
	at org.apache.tools.ant.taskdefs.optional.junit.JUnitTestRunner.run(JUnitTestRunner.java:421)
	at org.apache.tools.ant.taskdefs.optional.junit.JUnitTestRunner.launch(JUnitTestRunner.java:912)
	at org.apache.tools.ant.taskdefs.optional.junit.JUnitTestRunner.main(JUnitTestRunner.java:766)
Caused by: java.lang.IllegalStateException: EntityManager is closed
	at org.hibernate.ejb.EntityManagerImpl.getSession(EntityManagerImpl.java:42)
	at org.hibernate.ejb.AbstractEntityManagerImpl.find(AbstractEntityManagerImpl.java:175)
	at com.topcoder.service.studio.contest.failuretests.mock.MockEntityManager.find(MockEntityManager.java:134)
	at com.topcoder.service.studio.contest.bean.ContestManagerBean.getContest(ContestManagerBean.java:405)
	... 21 more
[Exit method: getContest()]
[Exit method: updateContest()]
[Enter method: createContest()]
[param1: null]
[Exit method: createContest()]
[Enter method: updateContest()]
[Enter method: getContest()]
[param1: 3]
There are errors while persisting the entity.
com.topcoder.service.studio.contest.ContestManagementException: There are errors while persisting the entity.
	at com.topcoder.service.studio.contest.bean.ContestManagerBean.wrapContestManagementException(ContestManagerBean.java:2223)
	at com.topcoder.service.studio.contest.bean.ContestManagerBean.getContest(ContestManagerBean.java:410)
	at com.topcoder.service.studio.contest.bean.ContestManagerBean.updateContest(ContestManagerBean.java:481)
	at com.topcoder.service.studio.contest.failuretests.ContestManagerBeanFailureTest.test_updateContest_Failure3(ContestManagerBeanFailureTest.java:878)
	at sun.reflect.NativeMethodAccessorImpl.invoke0(Native Method)
	at sun.reflect.NativeMethodAccessorImpl.invoke(NativeMethodAccessorImpl.java:39)
	at sun.reflect.DelegatingMethodAccessorImpl.invoke(DelegatingMethodAccessorImpl.java:25)
	at java.lang.reflect.Method.invoke(Method.java:585)
	at junit.framework.TestCase.runTest(TestCase.java:168)
	at junit.framework.TestCase.runBare(TestCase.java:134)
	at junit.framework.TestResult$1.protect(TestResult.java:110)
	at junit.framework.TestResult.runProtected(TestResult.java:128)
	at junit.framework.TestResult.run(TestResult.java:113)
	at junit.framework.TestCase.run(TestCase.java:124)
	at junit.framework.TestSuite.runTest(TestSuite.java:232)
	at junit.framework.TestSuite.run(TestSuite.java:227)
	at junit.framework.TestSuite.runTest(TestSuite.java:232)
	at junit.framework.TestSuite.run(TestSuite.java:227)
	at junit.framework.TestSuite.runTest(TestSuite.java:232)
	at junit.framework.TestSuite.run(TestSuite.java:227)
	at org.apache.tools.ant.taskdefs.optional.junit.JUnitTestRunner.run(JUnitTestRunner.java:421)
	at org.apache.tools.ant.taskdefs.optional.junit.JUnitTestRunner.launch(JUnitTestRunner.java:912)
	at org.apache.tools.ant.taskdefs.optional.junit.JUnitTestRunner.main(JUnitTestRunner.java:766)
Caused by: javax.persistence.TransactionRequiredException
	at com.topcoder.service.studio.contest.failuretests.mock.MockEntityManager.find(MockEntityManager.java:131)
	at com.topcoder.service.studio.contest.bean.ContestManagerBean.getContest(ContestManagerBean.java:405)
	... 21 more
[Exit method: getContest()]
[Exit method: updateContest()]
[Enter method: createContest()]
[param1: null]
[Exit method: createContest()]
[Enter method: updateContest()]
[Enter method: getContest()]
[param1: 4]
There are errors while persisting the entity.
com.topcoder.service.studio.contest.ContestManagementException: There are errors while persisting the entity.
	at com.topcoder.service.studio.contest.bean.ContestManagerBean.wrapContestManagementException(ContestManagerBean.java:2223)
	at com.topcoder.service.studio.contest.bean.ContestManagerBean.getContest(ContestManagerBean.java:410)
	at com.topcoder.service.studio.contest.bean.ContestManagerBean.updateContest(ContestManagerBean.java:481)
	at com.topcoder.service.studio.contest.failuretests.ContestManagerBeanFailureTest.test_updateContest_Failure4(ContestManagerBeanFailureTest.java:907)
	at sun.reflect.NativeMethodAccessorImpl.invoke0(Native Method)
	at sun.reflect.NativeMethodAccessorImpl.invoke(NativeMethodAccessorImpl.java:39)
	at sun.reflect.DelegatingMethodAccessorImpl.invoke(DelegatingMethodAccessorImpl.java:25)
	at java.lang.reflect.Method.invoke(Method.java:585)
	at junit.framework.TestCase.runTest(TestCase.java:168)
	at junit.framework.TestCase.runBare(TestCase.java:134)
	at junit.framework.TestResult$1.protect(TestResult.java:110)
	at junit.framework.TestResult.runProtected(TestResult.java:128)
	at junit.framework.TestResult.run(TestResult.java:113)
	at junit.framework.TestCase.run(TestCase.java:124)
	at junit.framework.TestSuite.runTest(TestSuite.java:232)
	at junit.framework.TestSuite.run(TestSuite.java:227)
	at junit.framework.TestSuite.runTest(TestSuite.java:232)
	at junit.framework.TestSuite.run(TestSuite.java:227)
	at junit.framework.TestSuite.runTest(TestSuite.java:232)
	at junit.framework.TestSuite.run(TestSuite.java:227)
	at org.apache.tools.ant.taskdefs.optional.junit.JUnitTestRunner.run(JUnitTestRunner.java:421)
	at org.apache.tools.ant.taskdefs.optional.junit.JUnitTestRunner.launch(JUnitTestRunner.java:912)
	at org.apache.tools.ant.taskdefs.optional.junit.JUnitTestRunner.main(JUnitTestRunner.java:766)
Caused by: javax.persistence.PersistenceException
	at com.topcoder.service.studio.contest.failuretests.mock.MockEntityManager.find(MockEntityManager.java:127)
	at com.topcoder.service.studio.contest.bean.ContestManagerBean.getContest(ContestManagerBean.java:405)
	... 21 more
[Exit method: getContest()]
[Exit method: updateContest()]
[Enter method: getClientForContest()]
[param1: 1]
The EntityManager is closed.
com.topcoder.service.studio.contest.ContestManagementException: The EntityManager is closed.
	at com.topcoder.service.studio.contest.bean.ContestManagerBean.wrapContestManagementException(ContestManagerBean.java:2223)
	at com.topcoder.service.studio.contest.bean.ContestManagerBean.getClientForContest(ContestManagerBean.java:706)
	at com.topcoder.service.studio.contest.failuretests.ContestManagerBeanFailureTest.test_GetClientForContest_Failure1(ContestManagerBeanFailureTest.java:932)
	at sun.reflect.NativeMethodAccessorImpl.invoke0(Native Method)
	at sun.reflect.NativeMethodAccessorImpl.invoke(NativeMethodAccessorImpl.java:39)
	at sun.reflect.DelegatingMethodAccessorImpl.invoke(DelegatingMethodAccessorImpl.java:25)
	at java.lang.reflect.Method.invoke(Method.java:585)
	at junit.framework.TestCase.runTest(TestCase.java:168)
	at junit.framework.TestCase.runBare(TestCase.java:134)
	at junit.framework.TestResult$1.protect(TestResult.java:110)
	at junit.framework.TestResult.runProtected(TestResult.java:128)
	at junit.framework.TestResult.run(TestResult.java:113)
	at junit.framework.TestCase.run(TestCase.java:124)
	at junit.framework.TestSuite.runTest(TestSuite.java:232)
	at junit.framework.TestSuite.run(TestSuite.java:227)
	at junit.framework.TestSuite.runTest(TestSuite.java:232)
	at junit.framework.TestSuite.run(TestSuite.java:227)
	at junit.framework.TestSuite.runTest(TestSuite.java:232)
	at junit.framework.TestSuite.run(TestSuite.java:227)
	at org.apache.tools.ant.taskdefs.optional.junit.JUnitTestRunner.run(JUnitTestRunner.java:421)
	at org.apache.tools.ant.taskdefs.optional.junit.JUnitTestRunner.launch(JUnitTestRunner.java:912)
	at org.apache.tools.ant.taskdefs.optional.junit.JUnitTestRunner.main(JUnitTestRunner.java:766)
Caused by: java.lang.IllegalStateException: EntityManager is closed
	at org.hibernate.ejb.EntityManagerImpl.getSession(EntityManagerImpl.java:42)
	at org.hibernate.ejb.AbstractEntityManagerImpl.find(AbstractEntityManagerImpl.java:175)
	at com.topcoder.service.studio.contest.failuretests.mock.MockEntityManager.find(MockEntityManager.java:134)
	at com.topcoder.service.studio.contest.bean.ContestManagerBean.getClientForContest(ContestManagerBean.java:690)
	... 20 more
[Exit method: getClientForContest()]
[Enter method: getClientForContest()]
[param1: 1]
There are errors while persisting the entity.
com.topcoder.service.studio.contest.ContestManagementException: There are errors while persisting the entity.
	at com.topcoder.service.studio.contest.bean.ContestManagerBean.wrapContestManagementException(ContestManagerBean.java:2223)
	at com.topcoder.service.studio.contest.bean.ContestManagerBean.getClientForContest(ContestManagerBean.java:709)
	at com.topcoder.service.studio.contest.failuretests.ContestManagerBeanFailureTest.test_GetClientForContest_Failure2(ContestManagerBeanFailureTest.java:955)
	at sun.reflect.NativeMethodAccessorImpl.invoke0(Native Method)
	at sun.reflect.NativeMethodAccessorImpl.invoke(NativeMethodAccessorImpl.java:39)
	at sun.reflect.DelegatingMethodAccessorImpl.invoke(DelegatingMethodAccessorImpl.java:25)
	at java.lang.reflect.Method.invoke(Method.java:585)
	at junit.framework.TestCase.runTest(TestCase.java:168)
	at junit.framework.TestCase.runBare(TestCase.java:134)
	at junit.framework.TestResult$1.protect(TestResult.java:110)
	at junit.framework.TestResult.runProtected(TestResult.java:128)
	at junit.framework.TestResult.run(TestResult.java:113)
	at junit.framework.TestCase.run(TestCase.java:124)
	at junit.framework.TestSuite.runTest(TestSuite.java:232)
	at junit.framework.TestSuite.run(TestSuite.java:227)
	at junit.framework.TestSuite.runTest(TestSuite.java:232)
	at junit.framework.TestSuite.run(TestSuite.java:227)
	at junit.framework.TestSuite.runTest(TestSuite.java:232)
	at junit.framework.TestSuite.run(TestSuite.java:227)
	at org.apache.tools.ant.taskdefs.optional.junit.JUnitTestRunner.run(JUnitTestRunner.java:421)
	at org.apache.tools.ant.taskdefs.optional.junit.JUnitTestRunner.launch(JUnitTestRunner.java:912)
	at org.apache.tools.ant.taskdefs.optional.junit.JUnitTestRunner.main(JUnitTestRunner.java:766)
Caused by: javax.persistence.PersistenceException
	at com.topcoder.service.studio.contest.failuretests.mock.MockEntityManager.find(MockEntityManager.java:127)
	at com.topcoder.service.studio.contest.bean.ContestManagerBean.getClientForContest(ContestManagerBean.java:690)
	... 20 more
[Exit method: getClientForContest()]
[Enter method: getClientForContest()]
[param1: 1]
Hibernate: /* load com.topcoder.service.studio.contest.Contest */ select contest0_.contest_id as contest1_2415_0_, contest0_.contest_channel_id as contest2_2415_0_, contest0_.name as name2415_0_, contest0_.contest_type_id as contest4_2415_0_, contest0_.project_id as project5_2415_0_, contest0_.tc_direct_project_id as tc6_2415_0_, contest0_.contest_status_id as contest7_2415_0_, contest0_.forum_id as forum8_2415_0_, contest0_.event_id as event9_2415_0_, contest0_.start_time as start10_2415_0_, contest0_.end_date as end11_2415_0_, contest0_.winner_annoucement_deadline as winner12_2415_0_, contest0_.creator_user_id as creator13_2415_0_ from contest contest0_ where contest0_.contest_id=?
The contest with id '1' doesn't exist.
com.topcoder.service.studio.contest.EntityNotFoundException: The contest with id '1' doesn't exist.
	at com.topcoder.service.studio.contest.bean.ContestManagerBean.wrapEntityNotFoundException(ContestManagerBean.java:2186)
	at com.topcoder.service.studio.contest.bean.ContestManagerBean.getClientForContest(ContestManagerBean.java:693)
	at com.topcoder.service.studio.contest.failuretests.ContestManagerBeanFailureTest.test_GetClientForContest_Failure3(ContestManagerBeanFailureTest.java:976)
	at sun.reflect.NativeMethodAccessorImpl.invoke0(Native Method)
	at sun.reflect.NativeMethodAccessorImpl.invoke(NativeMethodAccessorImpl.java:39)
	at sun.reflect.DelegatingMethodAccessorImpl.invoke(DelegatingMethodAccessorImpl.java:25)
	at java.lang.reflect.Method.invoke(Method.java:585)
	at junit.framework.TestCase.runTest(TestCase.java:168)
	at junit.framework.TestCase.runBare(TestCase.java:134)
	at junit.framework.TestResult$1.protect(TestResult.java:110)
	at junit.framework.TestResult.runProtected(TestResult.java:128)
	at junit.framework.TestResult.run(TestResult.java:113)
	at junit.framework.TestCase.run(TestCase.java:124)
	at junit.framework.TestSuite.runTest(TestSuite.java:232)
	at junit.framework.TestSuite.run(TestSuite.java:227)
	at junit.framework.TestSuite.runTest(TestSuite.java:232)
	at junit.framework.TestSuite.run(TestSuite.java:227)
	at junit.framework.TestSuite.runTest(TestSuite.java:232)
	at junit.framework.TestSuite.run(TestSuite.java:227)
	at org.apache.tools.ant.taskdefs.optional.junit.JUnitTestRunner.run(JUnitTestRunner.java:421)
	at org.apache.tools.ant.taskdefs.optional.junit.JUnitTestRunner.launch(JUnitTestRunner.java:912)
	at org.apache.tools.ant.taskdefs.optional.junit.JUnitTestRunner.main(JUnitTestRunner.java:766)
[Exit method: getClientForContest()]
[Enter method: createContest()]
[param1: null]
[Exit method: createContest()]
[Enter method: getClientForContest()]
[param1: 5]
Hibernate: /* load com.topcoder.service.project.Project */ select project0_.project_id as project1_2413_0_, project0_.name as name2413_0_, project0_.description as descript3_2413_0_, project0_.user_id as user4_2413_0_, project0_.create_date as create5_2413_0_, project0_.modify_date as modify6_2413_0_ from tc_direct_project project0_ where project0_.project_id=?
The project with id '1' doesn't exist.
com.topcoder.service.studio.contest.EntityNotFoundException: The project with id '1' doesn't exist.
	at com.topcoder.service.studio.contest.bean.ContestManagerBean.wrapEntityNotFoundException(ContestManagerBean.java:2186)
	at com.topcoder.service.studio.contest.bean.ContestManagerBean.getClientForContest(ContestManagerBean.java:700)
	at com.topcoder.service.studio.contest.failuretests.ContestManagerBeanFailureTest.test_GetClientForContest_Failure4(ContestManagerBeanFailureTest.java:1000)
	at sun.reflect.NativeMethodAccessorImpl.invoke0(Native Method)
	at sun.reflect.NativeMethodAccessorImpl.invoke(NativeMethodAccessorImpl.java:39)
	at sun.reflect.DelegatingMethodAccessorImpl.invoke(DelegatingMethodAccessorImpl.java:25)
	at java.lang.reflect.Method.invoke(Method.java:585)
	at junit.framework.TestCase.runTest(TestCase.java:168)
	at junit.framework.TestCase.runBare(TestCase.java:134)
	at junit.framework.TestResult$1.protect(TestResult.java:110)
	at junit.framework.TestResult.runProtected(TestResult.java:128)
	at junit.framework.TestResult.run(TestResult.java:113)
	at junit.framework.TestCase.run(TestCase.java:124)
	at junit.framework.TestSuite.runTest(TestSuite.java:232)
	at junit.framework.TestSuite.run(TestSuite.java:227)
	at junit.framework.TestSuite.runTest(TestSuite.java:232)
	at junit.framework.TestSuite.run(TestSuite.java:227)
	at junit.framework.TestSuite.runTest(TestSuite.java:232)
	at junit.framework.TestSuite.run(TestSuite.java:227)
	at org.apache.tools.ant.taskdefs.optional.junit.JUnitTestRunner.run(JUnitTestRunner.java:421)
	at org.apache.tools.ant.taskdefs.optional.junit.JUnitTestRunner.launch(JUnitTestRunner.java:912)
	at org.apache.tools.ant.taskdefs.optional.junit.JUnitTestRunner.main(JUnitTestRunner.java:766)
[Exit method: getClientForContest()]
[Enter method: getClientForProject()]
[param1: 999]
Hibernate: /* load com.topcoder.service.project.Project */ select project0_.project_id as project1_2413_0_, project0_.name as name2413_0_, project0_.description as descript3_2413_0_, project0_.user_id as user4_2413_0_, project0_.create_date as create5_2413_0_, project0_.modify_date as modify6_2413_0_ from tc_direct_project project0_ where project0_.project_id=?
The project with id '999' doesn't exist.
com.topcoder.service.studio.contest.EntityNotFoundException: The project with id '999' doesn't exist.
	at com.topcoder.service.studio.contest.bean.ContestManagerBean.wrapEntityNotFoundException(ContestManagerBean.java:2186)
	at com.topcoder.service.studio.contest.bean.ContestManagerBean.getClientForProject(ContestManagerBean.java:739)
	at com.topcoder.service.studio.contest.failuretests.ContestManagerBeanFailureTest.test_GetClientForProject_Failure1(ContestManagerBeanFailureTest.java:1021)
	at sun.reflect.NativeMethodAccessorImpl.invoke0(Native Method)
	at sun.reflect.NativeMethodAccessorImpl.invoke(NativeMethodAccessorImpl.java:39)
	at sun.reflect.DelegatingMethodAccessorImpl.invoke(DelegatingMethodAccessorImpl.java:25)
	at java.lang.reflect.Method.invoke(Method.java:585)
	at junit.framework.TestCase.runTest(TestCase.java:168)
	at junit.framework.TestCase.runBare(TestCase.java:134)
	at junit.framework.TestResult$1.protect(TestResult.java:110)
	at junit.framework.TestResult.runProtected(TestResult.java:128)
	at junit.framework.TestResult.run(TestResult.java:113)
	at junit.framework.TestCase.run(TestCase.java:124)
	at junit.framework.TestSuite.runTest(TestSuite.java:232)
	at junit.framework.TestSuite.run(TestSuite.java:227)
	at junit.framework.TestSuite.runTest(TestSuite.java:232)
	at junit.framework.TestSuite.run(TestSuite.java:227)
	at junit.framework.TestSuite.runTest(TestSuite.java:232)
	at junit.framework.TestSuite.run(TestSuite.java:227)
	at org.apache.tools.ant.taskdefs.optional.junit.JUnitTestRunner.run(JUnitTestRunner.java:421)
	at org.apache.tools.ant.taskdefs.optional.junit.JUnitTestRunner.launch(JUnitTestRunner.java:912)
	at org.apache.tools.ant.taskdefs.optional.junit.JUnitTestRunner.main(JUnitTestRunner.java:766)
[Exit method: getClientForProject()]
Hibernate: select max(project_id) from tc_direct_project
[Enter method: getClientForProject()]
[param1: 1]
The EntityManager is closed.
com.topcoder.service.studio.contest.ContestManagementException: The EntityManager is closed.
	at com.topcoder.service.studio.contest.bean.ContestManagerBean.wrapContestManagementException(ContestManagerBean.java:2223)
	at com.topcoder.service.studio.contest.bean.ContestManagerBean.getClientForProject(ContestManagerBean.java:744)
	at com.topcoder.service.studio.contest.failuretests.ContestManagerBeanFailureTest.test_GetClientForProject_Failure2(ContestManagerBeanFailureTest.java:1053)
	at sun.reflect.NativeMethodAccessorImpl.invoke0(Native Method)
	at sun.reflect.NativeMethodAccessorImpl.invoke(NativeMethodAccessorImpl.java:39)
	at sun.reflect.DelegatingMethodAccessorImpl.invoke(DelegatingMethodAccessorImpl.java:25)
	at java.lang.reflect.Method.invoke(Method.java:585)
	at junit.framework.TestCase.runTest(TestCase.java:168)
	at junit.framework.TestCase.runBare(TestCase.java:134)
	at junit.framework.TestResult$1.protect(TestResult.java:110)
	at junit.framework.TestResult.runProtected(TestResult.java:128)
	at junit.framework.TestResult.run(TestResult.java:113)
	at junit.framework.TestCase.run(TestCase.java:124)
	at junit.framework.TestSuite.runTest(TestSuite.java:232)
	at junit.framework.TestSuite.run(TestSuite.java:227)
	at junit.framework.TestSuite.runTest(TestSuite.java:232)
	at junit.framework.TestSuite.run(TestSuite.java:227)
	at junit.framework.TestSuite.runTest(TestSuite.java:232)
	at junit.framework.TestSuite.run(TestSuite.java:227)
	at org.apache.tools.ant.taskdefs.optional.junit.JUnitTestRunner.run(JUnitTestRunner.java:421)
	at org.apache.tools.ant.taskdefs.optional.junit.JUnitTestRunner.launch(JUnitTestRunner.java:912)
	at org.apache.tools.ant.taskdefs.optional.junit.JUnitTestRunner.main(JUnitTestRunner.java:766)
Caused by: java.lang.IllegalStateException: EntityManager is closed
	at org.hibernate.ejb.EntityManagerImpl.getSession(EntityManagerImpl.java:42)
	at org.hibernate.ejb.AbstractEntityManagerImpl.find(AbstractEntityManagerImpl.java:175)
	at com.topcoder.service.studio.contest.failuretests.mock.MockEntityManager.find(MockEntityManager.java:134)
	at com.topcoder.service.studio.contest.bean.ContestManagerBean.getClientForProject(ContestManagerBean.java:736)
	... 20 more
[Exit method: getClientForProject()]
[Enter method: getClientForProject()]
[param1: 2]
There are errors while persisting the entity.
com.topcoder.service.studio.contest.ContestManagementException: There are errors while persisting the entity.
	at com.topcoder.service.studio.contest.bean.ContestManagerBean.wrapContestManagementException(ContestManagerBean.java:2223)
	at com.topcoder.service.studio.contest.bean.ContestManagerBean.getClientForProject(ContestManagerBean.java:747)
	at com.topcoder.service.studio.contest.failuretests.ContestManagerBeanFailureTest.test_GetClientForProject_Failure3(ContestManagerBeanFailureTest.java:1085)
	at sun.reflect.NativeMethodAccessorImpl.invoke0(Native Method)
	at sun.reflect.NativeMethodAccessorImpl.invoke(NativeMethodAccessorImpl.java:39)
	at sun.reflect.DelegatingMethodAccessorImpl.invoke(DelegatingMethodAccessorImpl.java:25)
	at java.lang.reflect.Method.invoke(Method.java:585)
	at junit.framework.TestCase.runTest(TestCase.java:168)
	at junit.framework.TestCase.runBare(TestCase.java:134)
	at junit.framework.TestResult$1.protect(TestResult.java:110)
	at junit.framework.TestResult.runProtected(TestResult.java:128)
	at junit.framework.TestResult.run(TestResult.java:113)
	at junit.framework.TestCase.run(TestCase.java:124)
	at junit.framework.TestSuite.runTest(TestSuite.java:232)
	at junit.framework.TestSuite.run(TestSuite.java:227)
	at junit.framework.TestSuite.runTest(TestSuite.java:232)
	at junit.framework.TestSuite.run(TestSuite.java:227)
	at junit.framework.TestSuite.runTest(TestSuite.java:232)
	at junit.framework.TestSuite.run(TestSuite.java:227)
	at org.apache.tools.ant.taskdefs.optional.junit.JUnitTestRunner.run(JUnitTestRunner.java:421)
	at org.apache.tools.ant.taskdefs.optional.junit.JUnitTestRunner.launch(JUnitTestRunner.java:912)
	at org.apache.tools.ant.taskdefs.optional.junit.JUnitTestRunner.main(JUnitTestRunner.java:766)
Caused by: javax.persistence.PersistenceException
	at com.topcoder.service.studio.contest.failuretests.mock.MockEntityManager.find(MockEntityManager.java:127)
	at com.topcoder.service.studio.contest.bean.ContestManagerBean.getClientForProject(ContestManagerBean.java:736)
	... 20 more
[Exit method: getClientForProject()]
[Enter method: addContestStatus()]
[param1: null]
Hibernate: select max(contest_status_id) from contest_status_lu
[Exit method: addContestStatus()]
[Enter method: addContestStatus()]
[param1: 1]
[Enter method: getContestStatus()]
[param1: 1]
[Exit method: getContestStatus()]
The contest status already exists.
com.topcoder.service.studio.contest.EntityAlreadyExistsException: The contest status already exists.
	at com.topcoder.service.studio.contest.bean.ContestManagerBean.addContestStatus(ContestManagerBean.java:778)
	at com.topcoder.service.studio.contest.failuretests.ContestManagerBeanFailureTest.test_AddContestStatus_Failure1(ContestManagerBeanFailureTest.java:1112)
	at sun.reflect.NativeMethodAccessorImpl.invoke0(Native Method)
	at sun.reflect.NativeMethodAccessorImpl.invoke(NativeMethodAccessorImpl.java:39)
	at sun.reflect.DelegatingMethodAccessorImpl.invoke(DelegatingMethodAccessorImpl.java:25)
	at java.lang.reflect.Method.invoke(Method.java:585)
	at junit.framework.TestCase.runTest(TestCase.java:168)
	at junit.framework.TestCase.runBare(TestCase.java:134)
	at junit.framework.TestResult$1.protect(TestResult.java:110)
	at junit.framework.TestResult.runProtected(TestResult.java:128)
	at junit.framework.TestResult.run(TestResult.java:113)
	at junit.framework.TestCase.run(TestCase.java:124)
	at junit.framework.TestSuite.runTest(TestSuite.java:232)
	at junit.framework.TestSuite.run(TestSuite.java:227)
	at junit.framework.TestSuite.runTest(TestSuite.java:232)
	at junit.framework.TestSuite.run(TestSuite.java:227)
	at junit.framework.TestSuite.runTest(TestSuite.java:232)
	at junit.framework.TestSuite.run(TestSuite.java:227)
	at org.apache.tools.ant.taskdefs.optional.junit.JUnitTestRunner.run(JUnitTestRunner.java:421)
	at org.apache.tools.ant.taskdefs.optional.junit.JUnitTestRunner.launch(JUnitTestRunner.java:912)
	at org.apache.tools.ant.taskdefs.optional.junit.JUnitTestRunner.main(JUnitTestRunner.java:766)
[Exit method: addContestStatus()]
[Enter method: addContestStatus()]
[param1: null]
The EntityManager is closed.
com.topcoder.service.studio.contest.ContestManagementException: The EntityManager is closed.
	at com.topcoder.service.studio.contest.bean.ContestManagerBean.wrapContestManagementException(ContestManagerBean.java:2223)
	at com.topcoder.service.studio.contest.bean.ContestManagerBean.addContestStatus(ContestManagerBean.java:792)
	at com.topcoder.service.studio.contest.failuretests.ContestManagerBeanFailureTest.test_AddContestStatus_Failure2(ContestManagerBeanFailureTest.java:1139)
	at sun.reflect.NativeMethodAccessorImpl.invoke0(Native Method)
	at sun.reflect.NativeMethodAccessorImpl.invoke(NativeMethodAccessorImpl.java:39)
	at sun.reflect.DelegatingMethodAccessorImpl.invoke(DelegatingMethodAccessorImpl.java:25)
	at java.lang.reflect.Method.invoke(Method.java:585)
	at junit.framework.TestCase.runTest(TestCase.java:168)
	at junit.framework.TestCase.runBare(TestCase.java:134)
	at junit.framework.TestResult$1.protect(TestResult.java:110)
	at junit.framework.TestResult.runProtected(TestResult.java:128)
	at junit.framework.TestResult.run(TestResult.java:113)
	at junit.framework.TestCase.run(TestCase.java:124)
	at junit.framework.TestSuite.runTest(TestSuite.java:232)
	at junit.framework.TestSuite.run(TestSuite.java:227)
	at junit.framework.TestSuite.runTest(TestSuite.java:232)
	at junit.framework.TestSuite.run(TestSuite.java:227)
	at junit.framework.TestSuite.runTest(TestSuite.java:232)
	at junit.framework.TestSuite.run(TestSuite.java:227)
	at org.apache.tools.ant.taskdefs.optional.junit.JUnitTestRunner.run(JUnitTestRunner.java:421)
	at org.apache.tools.ant.taskdefs.optional.junit.JUnitTestRunner.launch(JUnitTestRunner.java:912)
	at org.apache.tools.ant.taskdefs.optional.junit.JUnitTestRunner.main(JUnitTestRunner.java:766)
Caused by: java.lang.IllegalStateException: EntityManager is closed
	at org.hibernate.ejb.EntityManagerImpl.getSession(EntityManagerImpl.java:42)
	at org.hibernate.ejb.AbstractEntityManagerImpl.persist(AbstractEntityManagerImpl.java:213)
	at com.topcoder.service.studio.contest.failuretests.mock.MockEntityManager.persist(MockEntityManager.java:80)
	at com.topcoder.service.studio.contest.bean.ContestManagerBean.addContestStatus(ContestManagerBean.java:788)
	... 20 more
[Exit method: addContestStatus()]
[Enter method: addContestStatus()]
[param1: null]
This method is required to run in transaction.
com.topcoder.service.studio.contest.ContestManagementException: This method is required to run in transaction.
	at com.topcoder.service.studio.contest.bean.ContestManagerBean.wrapContestManagementException(ContestManagerBean.java:2223)
	at com.topcoder.service.studio.contest.bean.ContestManagerBean.addContestStatus(ContestManagerBean.java:795)
	at com.topcoder.service.studio.contest.failuretests.ContestManagerBeanFailureTest.test_AddContestStatus_Failure3(ContestManagerBeanFailureTest.java:1167)
	at sun.reflect.NativeMethodAccessorImpl.invoke0(Native Method)
	at sun.reflect.NativeMethodAccessorImpl.invoke(NativeMethodAccessorImpl.java:39)
	at sun.reflect.DelegatingMethodAccessorImpl.invoke(DelegatingMethodAccessorImpl.java:25)
	at java.lang.reflect.Method.invoke(Method.java:585)
	at junit.framework.TestCase.runTest(TestCase.java:168)
	at junit.framework.TestCase.runBare(TestCase.java:134)
	at junit.framework.TestResult$1.protect(TestResult.java:110)
	at junit.framework.TestResult.runProtected(TestResult.java:128)
	at junit.framework.TestResult.run(TestResult.java:113)
	at junit.framework.TestCase.run(TestCase.java:124)
	at junit.framework.TestSuite.runTest(TestSuite.java:232)
	at junit.framework.TestSuite.run(TestSuite.java:227)
	at junit.framework.TestSuite.runTest(TestSuite.java:232)
	at junit.framework.TestSuite.run(TestSuite.java:227)
	at junit.framework.TestSuite.runTest(TestSuite.java:232)
	at junit.framework.TestSuite.run(TestSuite.java:227)
	at org.apache.tools.ant.taskdefs.optional.junit.JUnitTestRunner.run(JUnitTestRunner.java:421)
	at org.apache.tools.ant.taskdefs.optional.junit.JUnitTestRunner.launch(JUnitTestRunner.java:912)
	at org.apache.tools.ant.taskdefs.optional.junit.JUnitTestRunner.main(JUnitTestRunner.java:766)
Caused by: javax.persistence.TransactionRequiredException
	at com.topcoder.service.studio.contest.failuretests.mock.MockEntityManager.persist(MockEntityManager.java:77)
	at com.topcoder.service.studio.contest.bean.ContestManagerBean.addContestStatus(ContestManagerBean.java:788)
	... 20 more
[Exit method: addContestStatus()]
[Enter method: addContestStatus()]
[param1: null]
There are errors while persisting the entity.
com.topcoder.service.studio.contest.ContestManagementException: There are errors while persisting the entity.
	at com.topcoder.service.studio.contest.bean.ContestManagerBean.wrapContestManagementException(ContestManagerBean.java:2223)
	at com.topcoder.service.studio.contest.bean.ContestManagerBean.addContestStatus(ContestManagerBean.java:798)
	at com.topcoder.service.studio.contest.failuretests.ContestManagerBeanFailureTest.test_AddContestStatus_Failure4(ContestManagerBeanFailureTest.java:1195)
	at sun.reflect.NativeMethodAccessorImpl.invoke0(Native Method)
	at sun.reflect.NativeMethodAccessorImpl.invoke(NativeMethodAccessorImpl.java:39)
	at sun.reflect.DelegatingMethodAccessorImpl.invoke(DelegatingMethodAccessorImpl.java:25)
	at java.lang.reflect.Method.invoke(Method.java:585)
	at junit.framework.TestCase.runTest(TestCase.java:168)
	at junit.framework.TestCase.runBare(TestCase.java:134)
	at junit.framework.TestResult$1.protect(TestResult.java:110)
	at junit.framework.TestResult.runProtected(TestResult.java:128)
	at junit.framework.TestResult.run(TestResult.java:113)
	at junit.framework.TestCase.run(TestCase.java:124)
	at junit.framework.TestSuite.runTest(TestSuite.java:232)
	at junit.framework.TestSuite.run(TestSuite.java:227)
	at junit.framework.TestSuite.runTest(TestSuite.java:232)
	at junit.framework.TestSuite.run(TestSuite.java:227)
	at junit.framework.TestSuite.runTest(TestSuite.java:232)
	at junit.framework.TestSuite.run(TestSuite.java:227)
	at org.apache.tools.ant.taskdefs.optional.junit.JUnitTestRunner.run(JUnitTestRunner.java:421)
	at org.apache.tools.ant.taskdefs.optional.junit.JUnitTestRunner.launch(JUnitTestRunner.java:912)
	at org.apache.tools.ant.taskdefs.optional.junit.JUnitTestRunner.main(JUnitTestRunner.java:766)
Caused by: javax.persistence.PersistenceException
	at com.topcoder.service.studio.contest.failuretests.mock.MockEntityManager.persist(MockEntityManager.java:73)
	at com.topcoder.service.studio.contest.bean.ContestManagerBean.addContestStatus(ContestManagerBean.java:788)
	... 20 more
[Exit method: addContestStatus()]
[Enter method: updateContestStatus()]
[param1: null]
The contest status with id 'null' doesn't exist.
com.topcoder.service.studio.contest.EntityNotFoundException: The contest status with id 'null' doesn't exist.
	at com.topcoder.service.studio.contest.bean.ContestManagerBean.wrapEntityNotFoundException(ContestManagerBean.java:2186)
	at com.topcoder.service.studio.contest.bean.ContestManagerBean.updateContestStatus(ContestManagerBean.java:827)
	at com.topcoder.service.studio.contest.failuretests.ContestManagerBeanFailureTest.test_UpdateContestStatus_Failure1(ContestManagerBeanFailureTest.java:1221)
	at sun.reflect.NativeMethodAccessorImpl.invoke0(Native Method)
	at sun.reflect.NativeMethodAccessorImpl.invoke(NativeMethodAccessorImpl.java:39)
	at sun.reflect.DelegatingMethodAccessorImpl.invoke(DelegatingMethodAccessorImpl.java:25)
	at java.lang.reflect.Method.invoke(Method.java:585)
	at junit.framework.TestCase.runTest(TestCase.java:168)
	at junit.framework.TestCase.runBare(TestCase.java:134)
	at junit.framework.TestResult$1.protect(TestResult.java:110)
	at junit.framework.TestResult.runProtected(TestResult.java:128)
	at junit.framework.TestResult.run(TestResult.java:113)
	at junit.framework.TestCase.run(TestCase.java:124)
	at junit.framework.TestSuite.runTest(TestSuite.java:232)
	at junit.framework.TestSuite.run(TestSuite.java:227)
	at junit.framework.TestSuite.runTest(TestSuite.java:232)
	at junit.framework.TestSuite.run(TestSuite.java:227)
	at junit.framework.TestSuite.runTest(TestSuite.java:232)
	at junit.framework.TestSuite.run(TestSuite.java:227)
	at org.apache.tools.ant.taskdefs.optional.junit.JUnitTestRunner.run(JUnitTestRunner.java:421)
	at org.apache.tools.ant.taskdefs.optional.junit.JUnitTestRunner.launch(JUnitTestRunner.java:912)
	at org.apache.tools.ant.taskdefs.optional.junit.JUnitTestRunner.main(JUnitTestRunner.java:766)
[Exit method: UpdateContestStatus()]
[Enter method: addContestStatus()]
[param1: null]
[Exit method: addContestStatus()]
[Enter method: updateContestStatus()]
[param1: 2]
The EntityManager is closed.
com.topcoder.service.studio.contest.ContestManagementException: The EntityManager is closed.
	at com.topcoder.service.studio.contest.bean.ContestManagerBean.wrapContestManagementException(ContestManagerBean.java:2223)
	at com.topcoder.service.studio.contest.bean.ContestManagerBean.updateContestStatus(ContestManagerBean.java:833)
	at com.topcoder.service.studio.contest.failuretests.ContestManagerBeanFailureTest.test_UpdateContestStatus_Failure2(ContestManagerBeanFailureTest.java:1252)
	at sun.reflect.NativeMethodAccessorImpl.invoke0(Native Method)
	at sun.reflect.NativeMethodAccessorImpl.invoke(NativeMethodAccessorImpl.java:39)
	at sun.reflect.DelegatingMethodAccessorImpl.invoke(DelegatingMethodAccessorImpl.java:25)
	at java.lang.reflect.Method.invoke(Method.java:585)
	at junit.framework.TestCase.runTest(TestCase.java:168)
	at junit.framework.TestCase.runBare(TestCase.java:134)
	at junit.framework.TestResult$1.protect(TestResult.java:110)
	at junit.framework.TestResult.runProtected(TestResult.java:128)
	at junit.framework.TestResult.run(TestResult.java:113)
	at junit.framework.TestCase.run(TestCase.java:124)
	at junit.framework.TestSuite.runTest(TestSuite.java:232)
	at junit.framework.TestSuite.run(TestSuite.java:227)
	at junit.framework.TestSuite.runTest(TestSuite.java:232)
	at junit.framework.TestSuite.run(TestSuite.java:227)
	at junit.framework.TestSuite.runTest(TestSuite.java:232)
	at junit.framework.TestSuite.run(TestSuite.java:227)
	at org.apache.tools.ant.taskdefs.optional.junit.JUnitTestRunner.run(JUnitTestRunner.java:421)
	at org.apache.tools.ant.taskdefs.optional.junit.JUnitTestRunner.launch(JUnitTestRunner.java:912)
	at org.apache.tools.ant.taskdefs.optional.junit.JUnitTestRunner.main(JUnitTestRunner.java:766)
Caused by: java.lang.IllegalStateException: EntityManager is closed
	at org.hibernate.ejb.EntityManagerImpl.getSession(EntityManagerImpl.java:42)
	at org.hibernate.ejb.AbstractEntityManagerImpl.find(AbstractEntityManagerImpl.java:175)
	at com.topcoder.service.studio.contest.failuretests.mock.MockEntityManager.find(MockEntityManager.java:134)
	at com.topcoder.service.studio.contest.bean.ContestManagerBean.updateContestStatus(ContestManagerBean.java:825)
	... 20 more
[Exit method: UpdateContestStatus()]
[Enter method: addContestStatus()]
[param1: null]
[Exit method: addContestStatus()]
[Enter method: updateContestStatus()]
[param1: 3]
This method is required to run in transaction.
com.topcoder.service.studio.contest.ContestManagementException: This method is required to run in transaction.
	at com.topcoder.service.studio.contest.bean.ContestManagerBean.wrapContestManagementException(ContestManagerBean.java:2223)
	at com.topcoder.service.studio.contest.bean.ContestManagerBean.updateContestStatus(ContestManagerBean.java:836)
	at com.topcoder.service.studio.contest.failuretests.ContestManagerBeanFailureTest.test_UpdateContestStatus_Failure3(ContestManagerBeanFailureTest.java:1283)
	at sun.reflect.NativeMethodAccessorImpl.invoke0(Native Method)
	at sun.reflect.NativeMethodAccessorImpl.invoke(NativeMethodAccessorImpl.java:39)
	at sun.reflect.DelegatingMethodAccessorImpl.invoke(DelegatingMethodAccessorImpl.java:25)
	at java.lang.reflect.Method.invoke(Method.java:585)
	at junit.framework.TestCase.runTest(TestCase.java:168)
	at junit.framework.TestCase.runBare(TestCase.java:134)
	at junit.framework.TestResult$1.protect(TestResult.java:110)
	at junit.framework.TestResult.runProtected(TestResult.java:128)
	at junit.framework.TestResult.run(TestResult.java:113)
	at junit.framework.TestCase.run(TestCase.java:124)
	at junit.framework.TestSuite.runTest(TestSuite.java:232)
	at junit.framework.TestSuite.run(TestSuite.java:227)
	at junit.framework.TestSuite.runTest(TestSuite.java:232)
	at junit.framework.TestSuite.run(TestSuite.java:227)
	at junit.framework.TestSuite.runTest(TestSuite.java:232)
	at junit.framework.TestSuite.run(TestSuite.java:227)
	at org.apache.tools.ant.taskdefs.optional.junit.JUnitTestRunner.run(JUnitTestRunner.java:421)
	at org.apache.tools.ant.taskdefs.optional.junit.JUnitTestRunner.launch(JUnitTestRunner.java:912)
	at org.apache.tools.ant.taskdefs.optional.junit.JUnitTestRunner.main(JUnitTestRunner.java:766)
Caused by: javax.persistence.TransactionRequiredException
	at com.topcoder.service.studio.contest.failuretests.mock.MockEntityManager.find(MockEntityManager.java:131)
	at com.topcoder.service.studio.contest.bean.ContestManagerBean.updateContestStatus(ContestManagerBean.java:825)
	... 20 more
[Exit method: UpdateContestStatus()]
[Enter method: addContestStatus()]
[param1: null]
[Exit method: addContestStatus()]
[Enter method: updateContestStatus()]
[param1: 4]
There are errors while persisting the entity.
com.topcoder.service.studio.contest.ContestManagementException: There are errors while persisting the entity.
	at com.topcoder.service.studio.contest.bean.ContestManagerBean.wrapContestManagementException(ContestManagerBean.java:2223)
	at com.topcoder.service.studio.contest.bean.ContestManagerBean.updateContestStatus(ContestManagerBean.java:839)
	at com.topcoder.service.studio.contest.failuretests.ContestManagerBeanFailureTest.test_UpdateContestStatus_Failure4(ContestManagerBeanFailureTest.java:1314)
	at sun.reflect.NativeMethodAccessorImpl.invoke0(Native Method)
	at sun.reflect.NativeMethodAccessorImpl.invoke(NativeMethodAccessorImpl.java:39)
	at sun.reflect.DelegatingMethodAccessorImpl.invoke(DelegatingMethodAccessorImpl.java:25)
	at java.lang.reflect.Method.invoke(Method.java:585)
	at junit.framework.TestCase.runTest(TestCase.java:168)
	at junit.framework.TestCase.runBare(TestCase.java:134)
	at junit.framework.TestResult$1.protect(TestResult.java:110)
	at junit.framework.TestResult.runProtected(TestResult.java:128)
	at junit.framework.TestResult.run(TestResult.java:113)
	at junit.framework.TestCase.run(TestCase.java:124)
	at junit.framework.TestSuite.runTest(TestSuite.java:232)
	at junit.framework.TestSuite.run(TestSuite.java:227)
	at junit.framework.TestSuite.runTest(TestSuite.java:232)
	at junit.framework.TestSuite.run(TestSuite.java:227)
	at junit.framework.TestSuite.runTest(TestSuite.java:232)
	at junit.framework.TestSuite.run(TestSuite.java:227)
	at org.apache.tools.ant.taskdefs.optional.junit.JUnitTestRunner.run(JUnitTestRunner.java:421)
	at org.apache.tools.ant.taskdefs.optional.junit.JUnitTestRunner.launch(JUnitTestRunner.java:912)
	at org.apache.tools.ant.taskdefs.optional.junit.JUnitTestRunner.main(JUnitTestRunner.java:766)
Caused by: javax.persistence.PersistenceException
	at com.topcoder.service.studio.contest.failuretests.mock.MockEntityManager.find(MockEntityManager.java:127)
	at com.topcoder.service.studio.contest.bean.ContestManagerBean.updateContestStatus(ContestManagerBean.java:825)
	... 20 more
[Exit method: UpdateContestStatus()]
[Enter method: removeContestStatus()]
[param1: 1]
The EntityManager is closed.
com.topcoder.service.studio.contest.ContestManagementException: The EntityManager is closed.
	at com.topcoder.service.studio.contest.bean.ContestManagerBean.wrapContestManagementException(ContestManagerBean.java:2223)
	at com.topcoder.service.studio.contest.bean.ContestManagerBean.removeContestStatus(ContestManagerBean.java:877)
	at com.topcoder.service.studio.contest.failuretests.ContestManagerBeanFailureTest.test_RemoveContestStatus_Failure1(ContestManagerBeanFailureTest.java:1338)
	at sun.reflect.NativeMethodAccessorImpl.invoke0(Native Method)
	at sun.reflect.NativeMethodAccessorImpl.invoke(NativeMethodAccessorImpl.java:39)
	at sun.reflect.DelegatingMethodAccessorImpl.invoke(DelegatingMethodAccessorImpl.java:25)
	at java.lang.reflect.Method.invoke(Method.java:585)
	at junit.framework.TestCase.runTest(TestCase.java:168)
	at junit.framework.TestCase.runBare(TestCase.java:134)
	at junit.framework.TestResult$1.protect(TestResult.java:110)
	at junit.framework.TestResult.runProtected(TestResult.java:128)
	at junit.framework.TestResult.run(TestResult.java:113)
	at junit.framework.TestCase.run(TestCase.java:124)
	at junit.framework.TestSuite.runTest(TestSuite.java:232)
	at junit.framework.TestSuite.run(TestSuite.java:227)
	at junit.framework.TestSuite.runTest(TestSuite.java:232)
	at junit.framework.TestSuite.run(TestSuite.java:227)
	at junit.framework.TestSuite.runTest(TestSuite.java:232)
	at junit.framework.TestSuite.run(TestSuite.java:227)
	at org.apache.tools.ant.taskdefs.optional.junit.JUnitTestRunner.run(JUnitTestRunner.java:421)
	at org.apache.tools.ant.taskdefs.optional.junit.JUnitTestRunner.launch(JUnitTestRunner.java:912)
	at org.apache.tools.ant.taskdefs.optional.junit.JUnitTestRunner.main(JUnitTestRunner.java:766)
Caused by: java.lang.IllegalStateException: EntityManager is closed
	at org.hibernate.ejb.EntityManagerImpl.getSession(EntityManagerImpl.java:42)
	at org.hibernate.ejb.AbstractEntityManagerImpl.find(AbstractEntityManagerImpl.java:175)
	at com.topcoder.service.studio.contest.failuretests.mock.MockEntityManager.find(MockEntityManager.java:134)
	at com.topcoder.service.studio.contest.bean.ContestManagerBean.removeContestStatus(ContestManagerBean.java:866)
	... 20 more
[Exit method: removeContestStatus()]
[Enter method: removeContestStatus()]
[param1: 1]
This method is required to run in transaction.
com.topcoder.service.studio.contest.ContestManagementException: This method is required to run in transaction.
	at com.topcoder.service.studio.contest.bean.ContestManagerBean.wrapContestManagementException(ContestManagerBean.java:2223)
	at com.topcoder.service.studio.contest.bean.ContestManagerBean.removeContestStatus(ContestManagerBean.java:880)
	at com.topcoder.service.studio.contest.failuretests.ContestManagerBeanFailureTest.test_RemoveContestStatus_Failure2(ContestManagerBeanFailureTest.java:1362)
	at sun.reflect.NativeMethodAccessorImpl.invoke0(Native Method)
	at sun.reflect.NativeMethodAccessorImpl.invoke(NativeMethodAccessorImpl.java:39)
	at sun.reflect.DelegatingMethodAccessorImpl.invoke(DelegatingMethodAccessorImpl.java:25)
	at java.lang.reflect.Method.invoke(Method.java:585)
	at junit.framework.TestCase.runTest(TestCase.java:168)
	at junit.framework.TestCase.runBare(TestCase.java:134)
	at junit.framework.TestResult$1.protect(TestResult.java:110)
	at junit.framework.TestResult.runProtected(TestResult.java:128)
	at junit.framework.TestResult.run(TestResult.java:113)
	at junit.framework.TestCase.run(TestCase.java:124)
	at junit.framework.TestSuite.runTest(TestSuite.java:232)
	at junit.framework.TestSuite.run(TestSuite.java:227)
	at junit.framework.TestSuite.runTest(TestSuite.java:232)
	at junit.framework.TestSuite.run(TestSuite.java:227)
	at junit.framework.TestSuite.runTest(TestSuite.java:232)
	at junit.framework.TestSuite.run(TestSuite.java:227)
	at org.apache.tools.ant.taskdefs.optional.junit.JUnitTestRunner.run(JUnitTestRunner.java:421)
	at org.apache.tools.ant.taskdefs.optional.junit.JUnitTestRunner.launch(JUnitTestRunner.java:912)
	at org.apache.tools.ant.taskdefs.optional.junit.JUnitTestRunner.main(JUnitTestRunner.java:766)
Caused by: javax.persistence.TransactionRequiredException
	at com.topcoder.service.studio.contest.failuretests.mock.MockEntityManager.find(MockEntityManager.java:131)
	at com.topcoder.service.studio.contest.bean.ContestManagerBean.removeContestStatus(ContestManagerBean.java:866)
	... 20 more
[Exit method: removeContestStatus()]
[Enter method: removeContestStatus()]
[param1: 1]
There are errors while persisting the entity.
com.topcoder.service.studio.contest.ContestManagementException: There are errors while persisting the entity.
	at com.topcoder.service.studio.contest.bean.ContestManagerBean.wrapContestManagementException(ContestManagerBean.java:2223)
	at com.topcoder.service.studio.contest.bean.ContestManagerBean.removeContestStatus(ContestManagerBean.java:883)
	at com.topcoder.service.studio.contest.failuretests.ContestManagerBeanFailureTest.test_RemoveContestStatus_Failure3(ContestManagerBeanFailureTest.java:1386)
	at sun.reflect.NativeMethodAccessorImpl.invoke0(Native Method)
	at sun.reflect.NativeMethodAccessorImpl.invoke(NativeMethodAccessorImpl.java:39)
	at sun.reflect.DelegatingMethodAccessorImpl.invoke(DelegatingMethodAccessorImpl.java:25)
	at java.lang.reflect.Method.invoke(Method.java:585)
	at junit.framework.TestCase.runTest(TestCase.java:168)
	at junit.framework.TestCase.runBare(TestCase.java:134)
	at junit.framework.TestResult$1.protect(TestResult.java:110)
	at junit.framework.TestResult.runProtected(TestResult.java:128)
	at junit.framework.TestResult.run(TestResult.java:113)
	at junit.framework.TestCase.run(TestCase.java:124)
	at junit.framework.TestSuite.runTest(TestSuite.java:232)
	at junit.framework.TestSuite.run(TestSuite.java:227)
	at junit.framework.TestSuite.runTest(TestSuite.java:232)
	at junit.framework.TestSuite.run(TestSuite.java:227)
	at junit.framework.TestSuite.runTest(TestSuite.java:232)
	at junit.framework.TestSuite.run(TestSuite.java:227)
	at org.apache.tools.ant.taskdefs.optional.junit.JUnitTestRunner.run(JUnitTestRunner.java:421)
	at org.apache.tools.ant.taskdefs.optional.junit.JUnitTestRunner.launch(JUnitTestRunner.java:912)
	at org.apache.tools.ant.taskdefs.optional.junit.JUnitTestRunner.main(JUnitTestRunner.java:766)
Caused by: javax.persistence.PersistenceException
	at com.topcoder.service.studio.contest.failuretests.mock.MockEntityManager.find(MockEntityManager.java:127)
	at com.topcoder.service.studio.contest.bean.ContestManagerBean.removeContestStatus(ContestManagerBean.java:866)
	... 20 more
[Exit method: removeContestStatus()]
[Enter method: getContestStatus()]
[param1: 1]
The EntityManager is closed.
com.topcoder.service.studio.contest.ContestManagementException: The EntityManager is closed.
	at com.topcoder.service.studio.contest.bean.ContestManagerBean.wrapContestManagementException(ContestManagerBean.java:2223)
	at com.topcoder.service.studio.contest.bean.ContestManagerBean.getContestStatus(ContestManagerBean.java:914)
	at com.topcoder.service.studio.contest.failuretests.ContestManagerBeanFailureTest.test_GetContestStatus_Failure1(ContestManagerBeanFailureTest.java:1410)
	at sun.reflect.NativeMethodAccessorImpl.invoke0(Native Method)
	at sun.reflect.NativeMethodAccessorImpl.invoke(NativeMethodAccessorImpl.java:39)
	at sun.reflect.DelegatingMethodAccessorImpl.invoke(DelegatingMethodAccessorImpl.java:25)
	at java.lang.reflect.Method.invoke(Method.java:585)
	at junit.framework.TestCase.runTest(TestCase.java:168)
	at junit.framework.TestCase.runBare(TestCase.java:134)
	at junit.framework.TestResult$1.protect(TestResult.java:110)
	at junit.framework.TestResult.runProtected(TestResult.java:128)
	at junit.framework.TestResult.run(TestResult.java:113)
	at junit.framework.TestCase.run(TestCase.java:124)
	at junit.framework.TestSuite.runTest(TestSuite.java:232)
	at junit.framework.TestSuite.run(TestSuite.java:227)
	at junit.framework.TestSuite.runTest(TestSuite.java:232)
	at junit.framework.TestSuite.run(TestSuite.java:227)
	at junit.framework.TestSuite.runTest(TestSuite.java:232)
	at junit.framework.TestSuite.run(TestSuite.java:227)
	at org.apache.tools.ant.taskdefs.optional.junit.JUnitTestRunner.run(JUnitTestRunner.java:421)
	at org.apache.tools.ant.taskdefs.optional.junit.JUnitTestRunner.launch(JUnitTestRunner.java:912)
	at org.apache.tools.ant.taskdefs.optional.junit.JUnitTestRunner.main(JUnitTestRunner.java:766)
Caused by: java.lang.IllegalStateException: EntityManager is closed
	at org.hibernate.ejb.EntityManagerImpl.getSession(EntityManagerImpl.java:42)
	at org.hibernate.ejb.AbstractEntityManagerImpl.find(AbstractEntityManagerImpl.java:175)
	at com.topcoder.service.studio.contest.failuretests.mock.MockEntityManager.find(MockEntityManager.java:134)
	at com.topcoder.service.studio.contest.bean.ContestManagerBean.getContestStatus(ContestManagerBean.java:909)
	... 20 more
[Exit method: getContestStatus()]
[Enter method: getContestStatus()]
[param1: 1]
There are errors while persisting the entity.
com.topcoder.service.studio.contest.ContestManagementException: There are errors while persisting the entity.
	at com.topcoder.service.studio.contest.bean.ContestManagerBean.wrapContestManagementException(ContestManagerBean.java:2223)
	at com.topcoder.service.studio.contest.bean.ContestManagerBean.getContestStatus(ContestManagerBean.java:917)
	at com.topcoder.service.studio.contest.failuretests.ContestManagerBeanFailureTest.test_GetContestStatus_Failure2(ContestManagerBeanFailureTest.java:1434)
	at sun.reflect.NativeMethodAccessorImpl.invoke0(Native Method)
	at sun.reflect.NativeMethodAccessorImpl.invoke(NativeMethodAccessorImpl.java:39)
	at sun.reflect.DelegatingMethodAccessorImpl.invoke(DelegatingMethodAccessorImpl.java:25)
	at java.lang.reflect.Method.invoke(Method.java:585)
	at junit.framework.TestCase.runTest(TestCase.java:168)
	at junit.framework.TestCase.runBare(TestCase.java:134)
	at junit.framework.TestResult$1.protect(TestResult.java:110)
	at junit.framework.TestResult.runProtected(TestResult.java:128)
	at junit.framework.TestResult.run(TestResult.java:113)
	at junit.framework.TestCase.run(TestCase.java:124)
	at junit.framework.TestSuite.runTest(TestSuite.java:232)
	at junit.framework.TestSuite.run(TestSuite.java:227)
	at junit.framework.TestSuite.runTest(TestSuite.java:232)
	at junit.framework.TestSuite.run(TestSuite.java:227)
	at junit.framework.TestSuite.runTest(TestSuite.java:232)
	at junit.framework.TestSuite.run(TestSuite.java:227)
	at org.apache.tools.ant.taskdefs.optional.junit.JUnitTestRunner.run(JUnitTestRunner.java:421)
	at org.apache.tools.ant.taskdefs.optional.junit.JUnitTestRunner.launch(JUnitTestRunner.java:912)
	at org.apache.tools.ant.taskdefs.optional.junit.JUnitTestRunner.main(JUnitTestRunner.java:766)
Caused by: javax.persistence.PersistenceException
	at com.topcoder.service.studio.contest.failuretests.mock.MockEntityManager.find(MockEntityManager.java:127)
	at com.topcoder.service.studio.contest.bean.ContestManagerBean.getContestStatus(ContestManagerBean.java:909)
	... 20 more
[Exit method: getContestStatus()]
Hibernate: select max(path_id) from path
[Enter method: addDocument()]
[param1: null]
Hibernate: select max(document_id) from document
[Exit method: addDocument()]
[Enter method: addDocument()]
[param1: 1]
The document already exists.
com.topcoder.service.studio.contest.EntityAlreadyExistsException: The document already exists.
	at com.topcoder.service.studio.contest.bean.ContestManagerBean.addDocument(ContestManagerBean.java:949)
	at com.topcoder.service.studio.contest.failuretests.ContestManagerBeanFailureTest.test_AddDocument_Failure1(ContestManagerBeanFailureTest.java:1466)
	at sun.reflect.NativeMethodAccessorImpl.invoke0(Native Method)
	at sun.reflect.NativeMethodAccessorImpl.invoke(NativeMethodAccessorImpl.java:39)
	at sun.reflect.DelegatingMethodAccessorImpl.invoke(DelegatingMethodAccessorImpl.java:25)
	at java.lang.reflect.Method.invoke(Method.java:585)
	at junit.framework.TestCase.runTest(TestCase.java:168)
	at junit.framework.TestCase.runBare(TestCase.java:134)
	at junit.framework.TestResult$1.protect(TestResult.java:110)
	at junit.framework.TestResult.runProtected(TestResult.java:128)
	at junit.framework.TestResult.run(TestResult.java:113)
	at junit.framework.TestCase.run(TestCase.java:124)
	at junit.framework.TestSuite.runTest(TestSuite.java:232)
	at junit.framework.TestSuite.run(TestSuite.java:227)
	at junit.framework.TestSuite.runTest(TestSuite.java:232)
	at junit.framework.TestSuite.run(TestSuite.java:227)
	at junit.framework.TestSuite.runTest(TestSuite.java:232)
	at junit.framework.TestSuite.run(TestSuite.java:227)
	at org.apache.tools.ant.taskdefs.optional.junit.JUnitTestRunner.run(JUnitTestRunner.java:421)
	at org.apache.tools.ant.taskdefs.optional.junit.JUnitTestRunner.launch(JUnitTestRunner.java:912)
	at org.apache.tools.ant.taskdefs.optional.junit.JUnitTestRunner.main(JUnitTestRunner.java:766)
[Exit method: addDocument()]
[Enter method: addDocument()]
[param1: null]
The EntityManager is closed.
com.topcoder.service.studio.contest.ContestManagementException: The EntityManager is closed.
	at com.topcoder.service.studio.contest.bean.ContestManagerBean.wrapContestManagementException(ContestManagerBean.java:2223)
	at com.topcoder.service.studio.contest.bean.ContestManagerBean.addDocument(ContestManagerBean.java:977)
	at com.topcoder.service.studio.contest.failuretests.ContestManagerBeanFailureTest.test_AddDocument_Failure2(ContestManagerBeanFailureTest.java:1493)
	at sun.reflect.NativeMethodAccessorImpl.invoke0(Native Method)
	at sun.reflect.NativeMethodAccessorImpl.invoke(NativeMethodAccessorImpl.java:39)
	at sun.reflect.DelegatingMethodAccessorImpl.invoke(DelegatingMethodAccessorImpl.java:25)
	at java.lang.reflect.Method.invoke(Method.java:585)
	at junit.framework.TestCase.runTest(TestCase.java:168)
	at junit.framework.TestCase.runBare(TestCase.java:134)
	at junit.framework.TestResult$1.protect(TestResult.java:110)
	at junit.framework.TestResult.runProtected(TestResult.java:128)
	at junit.framework.TestResult.run(TestResult.java:113)
	at junit.framework.TestCase.run(TestCase.java:124)
	at junit.framework.TestSuite.runTest(TestSuite.java:232)
	at junit.framework.TestSuite.run(TestSuite.java:227)
	at junit.framework.TestSuite.runTest(TestSuite.java:232)
	at junit.framework.TestSuite.run(TestSuite.java:227)
	at junit.framework.TestSuite.runTest(TestSuite.java:232)
	at junit.framework.TestSuite.run(TestSuite.java:227)
	at org.apache.tools.ant.taskdefs.optional.junit.JUnitTestRunner.run(JUnitTestRunner.java:421)
	at org.apache.tools.ant.taskdefs.optional.junit.JUnitTestRunner.launch(JUnitTestRunner.java:912)
	at org.apache.tools.ant.taskdefs.optional.junit.JUnitTestRunner.main(JUnitTestRunner.java:766)
Caused by: java.lang.IllegalStateException: EntityManager is closed
	at org.hibernate.ejb.EntityManagerImpl.getSession(EntityManagerImpl.java:42)
	at org.hibernate.ejb.AbstractEntityManagerImpl.find(AbstractEntityManagerImpl.java:175)
	at com.topcoder.service.studio.contest.failuretests.mock.MockEntityManager.find(MockEntityManager.java:134)
	at com.topcoder.service.studio.contest.bean.ContestManagerBean.addDocument(ContestManagerBean.java:958)
	... 20 more
[Exit method: addDocument()]
[Enter method: addDocument()]
[param1: null]
This method is required to run in transaction.
com.topcoder.service.studio.contest.ContestManagementException: This method is required to run in transaction.
	at com.topcoder.service.studio.contest.bean.ContestManagerBean.wrapContestManagementException(ContestManagerBean.java:2223)
	at com.topcoder.service.studio.contest.bean.ContestManagerBean.addDocument(ContestManagerBean.java:980)
	at com.topcoder.service.studio.contest.failuretests.ContestManagerBeanFailureTest.test_AddDocument_Failure3(ContestManagerBeanFailureTest.java:1520)
	at sun.reflect.NativeMethodAccessorImpl.invoke0(Native Method)
	at sun.reflect.NativeMethodAccessorImpl.invoke(NativeMethodAccessorImpl.java:39)
	at sun.reflect.DelegatingMethodAccessorImpl.invoke(DelegatingMethodAccessorImpl.java:25)
	at java.lang.reflect.Method.invoke(Method.java:585)
	at junit.framework.TestCase.runTest(TestCase.java:168)
	at junit.framework.TestCase.runBare(TestCase.java:134)
	at junit.framework.TestResult$1.protect(TestResult.java:110)
	at junit.framework.TestResult.runProtected(TestResult.java:128)
	at junit.framework.TestResult.run(TestResult.java:113)
	at junit.framework.TestCase.run(TestCase.java:124)
	at junit.framework.TestSuite.runTest(TestSuite.java:232)
	at junit.framework.TestSuite.run(TestSuite.java:227)
	at junit.framework.TestSuite.runTest(TestSuite.java:232)
	at junit.framework.TestSuite.run(TestSuite.java:227)
	at junit.framework.TestSuite.runTest(TestSuite.java:232)
	at junit.framework.TestSuite.run(TestSuite.java:227)
	at org.apache.tools.ant.taskdefs.optional.junit.JUnitTestRunner.run(JUnitTestRunner.java:421)
	at org.apache.tools.ant.taskdefs.optional.junit.JUnitTestRunner.launch(JUnitTestRunner.java:912)
	at org.apache.tools.ant.taskdefs.optional.junit.JUnitTestRunner.main(JUnitTestRunner.java:766)
Caused by: javax.persistence.TransactionRequiredException
	at com.topcoder.service.studio.contest.failuretests.mock.MockEntityManager.find(MockEntityManager.java:131)
	at com.topcoder.service.studio.contest.bean.ContestManagerBean.addDocument(ContestManagerBean.java:958)
	... 20 more
[Exit method: addDocument()]
[Enter method: addDocument()]
[param1: null]
There are errors while persisting the entity.
com.topcoder.service.studio.contest.ContestManagementException: There are errors while persisting the entity.
	at com.topcoder.service.studio.contest.bean.ContestManagerBean.wrapContestManagementException(ContestManagerBean.java:2223)
	at com.topcoder.service.studio.contest.bean.ContestManagerBean.addDocument(ContestManagerBean.java:983)
	at com.topcoder.service.studio.contest.failuretests.ContestManagerBeanFailureTest.test_AddDocument_Failure4(ContestManagerBeanFailureTest.java:1547)
	at sun.reflect.NativeMethodAccessorImpl.invoke0(Native Method)
	at sun.reflect.NativeMethodAccessorImpl.invoke(NativeMethodAccessorImpl.java:39)
	at sun.reflect.DelegatingMethodAccessorImpl.invoke(DelegatingMethodAccessorImpl.java:25)
	at java.lang.reflect.Method.invoke(Method.java:585)
	at junit.framework.TestCase.runTest(TestCase.java:168)
	at junit.framework.TestCase.runBare(TestCase.java:134)
	at junit.framework.TestResult$1.protect(TestResult.java:110)
	at junit.framework.TestResult.runProtected(TestResult.java:128)
	at junit.framework.TestResult.run(TestResult.java:113)
	at junit.framework.TestCase.run(TestCase.java:124)
	at junit.framework.TestSuite.runTest(TestSuite.java:232)
	at junit.framework.TestSuite.run(TestSuite.java:227)
	at junit.framework.TestSuite.runTest(TestSuite.java:232)
	at junit.framework.TestSuite.run(TestSuite.java:227)
	at junit.framework.TestSuite.runTest(TestSuite.java:232)
	at junit.framework.TestSuite.run(TestSuite.java:227)
	at org.apache.tools.ant.taskdefs.optional.junit.JUnitTestRunner.run(JUnitTestRunner.java:421)
	at org.apache.tools.ant.taskdefs.optional.junit.JUnitTestRunner.launch(JUnitTestRunner.java:912)
	at org.apache.tools.ant.taskdefs.optional.junit.JUnitTestRunner.main(JUnitTestRunner.java:766)
Caused by: javax.persistence.PersistenceException
	at com.topcoder.service.studio.contest.failuretests.mock.MockEntityManager.find(MockEntityManager.java:127)
	at com.topcoder.service.studio.contest.bean.ContestManagerBean.addDocument(ContestManagerBean.java:958)
	... 20 more
[Exit method: addDocument()]
[Enter method: updateDocument()]
[param1: null]
The document with id 'null' doesn't exist.
com.topcoder.service.studio.contest.EntityNotFoundException: The document with id 'null' doesn't exist.
	at com.topcoder.service.studio.contest.bean.ContestManagerBean.wrapEntityNotFoundException(ContestManagerBean.java:2186)
	at com.topcoder.service.studio.contest.bean.ContestManagerBean.updateDocument(ContestManagerBean.java:1012)
	at com.topcoder.service.studio.contest.failuretests.ContestManagerBeanFailureTest.test_UpdateDocument_Failure1(ContestManagerBeanFailureTest.java:1577)
	at sun.reflect.NativeMethodAccessorImpl.invoke0(Native Method)
	at sun.reflect.NativeMethodAccessorImpl.invoke(NativeMethodAccessorImpl.java:39)
	at sun.reflect.DelegatingMethodAccessorImpl.invoke(DelegatingMethodAccessorImpl.java:25)
	at java.lang.reflect.Method.invoke(Method.java:585)
	at junit.framework.TestCase.runTest(TestCase.java:168)
	at junit.framework.TestCase.runBare(TestCase.java:134)
	at junit.framework.TestResult$1.protect(TestResult.java:110)
	at junit.framework.TestResult.runProtected(TestResult.java:128)
	at junit.framework.TestResult.run(TestResult.java:113)
	at junit.framework.TestCase.run(TestCase.java:124)
	at junit.framework.TestSuite.runTest(TestSuite.java:232)
	at junit.framework.TestSuite.run(TestSuite.java:227)
	at junit.framework.TestSuite.runTest(TestSuite.java:232)
	at junit.framework.TestSuite.run(TestSuite.java:227)
	at junit.framework.TestSuite.runTest(TestSuite.java:232)
	at junit.framework.TestSuite.run(TestSuite.java:227)
	at org.apache.tools.ant.taskdefs.optional.junit.JUnitTestRunner.run(JUnitTestRunner.java:421)
	at org.apache.tools.ant.taskdefs.optional.junit.JUnitTestRunner.launch(JUnitTestRunner.java:912)
	at org.apache.tools.ant.taskdefs.optional.junit.JUnitTestRunner.main(JUnitTestRunner.java:766)
[Exit method: updateDocument()]
[Enter method: addDocument()]
[param1: null]
Hibernate: /* load com.topcoder.service.studio.contest.FilePath */ select filepath0_.path_id as path1_2406_0_, filepath0_.path as path2406_0_, filepath0_.modify_date as modify3_2406_0_ from path filepath0_ where filepath0_.path_id=?
The file path with specified defaultDocumentPathId doesn't exist.
com.topcoder.service.studio.contest.ContestManagementException: The file path with specified defaultDocumentPathId doesn't exist.
	at com.topcoder.service.studio.contest.bean.ContestManagerBean.wrapContestManagementException(ContestManagerBean.java:2204)
	at com.topcoder.service.studio.contest.bean.ContestManagerBean.addDocument(ContestManagerBean.java:962)
	at com.topcoder.service.studio.contest.failuretests.ContestManagerBeanFailureTest.test_UpdateDocument_Failure2(ContestManagerBeanFailureTest.java:1607)
	at sun.reflect.NativeMethodAccessorImpl.invoke0(Native Method)
	at sun.reflect.NativeMethodAccessorImpl.invoke(NativeMethodAccessorImpl.java:39)
	at sun.reflect.DelegatingMethodAccessorImpl.invoke(DelegatingMethodAccessorImpl.java:25)
	at java.lang.reflect.Method.invoke(Method.java:585)
	at junit.framework.TestCase.runTest(TestCase.java:168)
	at junit.framework.TestCase.runBare(TestCase.java:134)
	at junit.framework.TestResult$1.protect(TestResult.java:110)
	at junit.framework.TestResult.runProtected(TestResult.java:128)
	at junit.framework.TestResult.run(TestResult.java:113)
	at junit.framework.TestCase.run(TestCase.java:124)
	at junit.framework.TestSuite.runTest(TestSuite.java:232)
	at junit.framework.TestSuite.run(TestSuite.java:227)
	at junit.framework.TestSuite.runTest(TestSuite.java:232)
	at junit.framework.TestSuite.run(TestSuite.java:227)
	at junit.framework.TestSuite.runTest(TestSuite.java:232)
	at junit.framework.TestSuite.run(TestSuite.java:227)
	at org.apache.tools.ant.taskdefs.optional.junit.JUnitTestRunner.run(JUnitTestRunner.java:421)
	at org.apache.tools.ant.taskdefs.optional.junit.JUnitTestRunner.launch(JUnitTestRunner.java:912)
	at org.apache.tools.ant.taskdefs.optional.junit.JUnitTestRunner.main(JUnitTestRunner.java:766)
[Exit method: addDocument()]
[Enter method: addDocument()]
[param1: null]
Hibernate: /* load com.topcoder.service.studio.contest.FilePath */ select filepath0_.path_id as path1_2406_0_, filepath0_.path as path2406_0_, filepath0_.modify_date as modify3_2406_0_ from path filepath0_ where filepath0_.path_id=?
The file path with specified defaultDocumentPathId doesn't exist.
com.topcoder.service.studio.contest.ContestManagementException: The file path with specified defaultDocumentPathId doesn't exist.
	at com.topcoder.service.studio.contest.bean.ContestManagerBean.wrapContestManagementException(ContestManagerBean.java:2204)
	at com.topcoder.service.studio.contest.bean.ContestManagerBean.addDocument(ContestManagerBean.java:962)
	at com.topcoder.service.studio.contest.failuretests.ContestManagerBeanFailureTest.test_UpdateDocument_Failure3(ContestManagerBeanFailureTest.java:1640)
	at sun.reflect.NativeMethodAccessorImpl.invoke0(Native Method)
	at sun.reflect.NativeMethodAccessorImpl.invoke(NativeMethodAccessorImpl.java:39)
	at sun.reflect.DelegatingMethodAccessorImpl.invoke(DelegatingMethodAccessorImpl.java:25)
	at java.lang.reflect.Method.invoke(Method.java:585)
	at junit.framework.TestCase.runTest(TestCase.java:168)
	at junit.framework.TestCase.runBare(TestCase.java:134)
	at junit.framework.TestResult$1.protect(TestResult.java:110)
	at junit.framework.TestResult.runProtected(TestResult.java:128)
	at junit.framework.TestResult.run(TestResult.java:113)
	at junit.framework.TestCase.run(TestCase.java:124)
	at junit.framework.TestSuite.runTest(TestSuite.java:232)
	at junit.framework.TestSuite.run(TestSuite.java:227)
	at junit.framework.TestSuite.runTest(TestSuite.java:232)
	at junit.framework.TestSuite.run(TestSuite.java:227)
	at junit.framework.TestSuite.runTest(TestSuite.java:232)
	at junit.framework.TestSuite.run(TestSuite.java:227)
	at org.apache.tools.ant.taskdefs.optional.junit.JUnitTestRunner.run(JUnitTestRunner.java:421)
	at org.apache.tools.ant.taskdefs.optional.junit.JUnitTestRunner.launch(JUnitTestRunner.java:912)
	at org.apache.tools.ant.taskdefs.optional.junit.JUnitTestRunner.main(JUnitTestRunner.java:766)
[Exit method: addDocument()]
[Enter method: addDocument()]
[param1: null]
Hibernate: /* load com.topcoder.service.studio.contest.FilePath */ select filepath0_.path_id as path1_2406_0_, filepath0_.path as path2406_0_, filepath0_.modify_date as modify3_2406_0_ from path filepath0_ where filepath0_.path_id=?
The file path with specified defaultDocumentPathId doesn't exist.
com.topcoder.service.studio.contest.ContestManagementException: The file path with specified defaultDocumentPathId doesn't exist.
	at com.topcoder.service.studio.contest.bean.ContestManagerBean.wrapContestManagementException(ContestManagerBean.java:2204)
	at com.topcoder.service.studio.contest.bean.ContestManagerBean.addDocument(ContestManagerBean.java:962)
	at com.topcoder.service.studio.contest.failuretests.ContestManagerBeanFailureTest.test_UpdateDocument_Failure4(ContestManagerBeanFailureTest.java:1674)
	at sun.reflect.NativeMethodAccessorImpl.invoke0(Native Method)
	at sun.reflect.NativeMethodAccessorImpl.invoke(NativeMethodAccessorImpl.java:39)
	at sun.reflect.DelegatingMethodAccessorImpl.invoke(DelegatingMethodAccessorImpl.java:25)
	at java.lang.reflect.Method.invoke(Method.java:585)
	at junit.framework.TestCase.runTest(TestCase.java:168)
	at junit.framework.TestCase.runBare(TestCase.java:134)
	at junit.framework.TestResult$1.protect(TestResult.java:110)
	at junit.framework.TestResult.runProtected(TestResult.java:128)
	at junit.framework.TestResult.run(TestResult.java:113)
	at junit.framework.TestCase.run(TestCase.java:124)
	at junit.framework.TestSuite.runTest(TestSuite.java:232)
	at junit.framework.TestSuite.run(TestSuite.java:227)
	at junit.framework.TestSuite.runTest(TestSuite.java:232)
	at junit.framework.TestSuite.run(TestSuite.java:227)
	at junit.framework.TestSuite.runTest(TestSuite.java:232)
	at junit.framework.TestSuite.run(TestSuite.java:227)
	at org.apache.tools.ant.taskdefs.optional.junit.JUnitTestRunner.run(JUnitTestRunner.java:421)
	at org.apache.tools.ant.taskdefs.optional.junit.JUnitTestRunner.launch(JUnitTestRunner.java:912)
	at org.apache.tools.ant.taskdefs.optional.junit.JUnitTestRunner.main(JUnitTestRunner.java:766)
[Exit method: addDocument()]
[Enter method: getDocument()]
[param1: 1]
The EntityManager is closed.
com.topcoder.service.studio.contest.ContestManagementException: The EntityManager is closed.
	at com.topcoder.service.studio.contest.bean.ContestManagerBean.wrapContestManagementException(ContestManagerBean.java:2223)
	at com.topcoder.service.studio.contest.bean.ContestManagerBean.getDocument(ContestManagerBean.java:1054)
	at com.topcoder.service.studio.contest.failuretests.ContestManagerBeanFailureTest.test_GetDocument_Failure1(ContestManagerBeanFailureTest.java:1701)
	at sun.reflect.NativeMethodAccessorImpl.invoke0(Native Method)
	at sun.reflect.NativeMethodAccessorImpl.invoke(NativeMethodAccessorImpl.java:39)
	at sun.reflect.DelegatingMethodAccessorImpl.invoke(DelegatingMethodAccessorImpl.java:25)
	at java.lang.reflect.Method.invoke(Method.java:585)
	at junit.framework.TestCase.runTest(TestCase.java:168)
	at junit.framework.TestCase.runBare(TestCase.java:134)
	at junit.framework.TestResult$1.protect(TestResult.java:110)
	at junit.framework.TestResult.runProtected(TestResult.java:128)
	at junit.framework.TestResult.run(TestResult.java:113)
	at junit.framework.TestCase.run(TestCase.java:124)
	at junit.framework.TestSuite.runTest(TestSuite.java:232)
	at junit.framework.TestSuite.run(TestSuite.java:227)
	at junit.framework.TestSuite.runTest(TestSuite.java:232)
	at junit.framework.TestSuite.run(TestSuite.java:227)
	at junit.framework.TestSuite.runTest(TestSuite.java:232)
	at junit.framework.TestSuite.run(TestSuite.java:227)
	at org.apache.tools.ant.taskdefs.optional.junit.JUnitTestRunner.run(JUnitTestRunner.java:421)
	at org.apache.tools.ant.taskdefs.optional.junit.JUnitTestRunner.launch(JUnitTestRunner.java:912)
	at org.apache.tools.ant.taskdefs.optional.junit.JUnitTestRunner.main(JUnitTestRunner.java:766)
Caused by: java.lang.IllegalStateException: EntityManager is closed
	at org.hibernate.ejb.EntityManagerImpl.getSession(EntityManagerImpl.java:42)
	at org.hibernate.ejb.AbstractEntityManagerImpl.find(AbstractEntityManagerImpl.java:175)
	at com.topcoder.service.studio.contest.failuretests.mock.MockEntityManager.find(MockEntityManager.java:134)
	at com.topcoder.service.studio.contest.bean.ContestManagerBean.getDocument(ContestManagerBean.java:1050)
	... 20 more
[Exit method: getDocument()]
[Enter method: getDocument()]
[param1: 1]
There are errors while persisting the entity.
com.topcoder.service.studio.contest.ContestManagementException: There are errors while persisting the entity.
	at com.topcoder.service.studio.contest.bean.ContestManagerBean.wrapContestManagementException(ContestManagerBean.java:2223)
	at com.topcoder.service.studio.contest.bean.ContestManagerBean.getDocument(ContestManagerBean.java:1057)
	at com.topcoder.service.studio.contest.failuretests.ContestManagerBeanFailureTest.test_GetDocument_Failure2(ContestManagerBeanFailureTest.java:1725)
	at sun.reflect.NativeMethodAccessorImpl.invoke0(Native Method)
	at sun.reflect.NativeMethodAccessorImpl.invoke(NativeMethodAccessorImpl.java:39)
	at sun.reflect.DelegatingMethodAccessorImpl.invoke(DelegatingMethodAccessorImpl.java:25)
	at java.lang.reflect.Method.invoke(Method.java:585)
	at junit.framework.TestCase.runTest(TestCase.java:168)
	at junit.framework.TestCase.runBare(TestCase.java:134)
	at junit.framework.TestResult$1.protect(TestResult.java:110)
	at junit.framework.TestResult.runProtected(TestResult.java:128)
	at junit.framework.TestResult.run(TestResult.java:113)
	at junit.framework.TestCase.run(TestCase.java:124)
	at junit.framework.TestSuite.runTest(TestSuite.java:232)
	at junit.framework.TestSuite.run(TestSuite.java:227)
	at junit.framework.TestSuite.runTest(TestSuite.java:232)
	at junit.framework.TestSuite.run(TestSuite.java:227)
	at junit.framework.TestSuite.runTest(TestSuite.java:232)
	at junit.framework.TestSuite.run(TestSuite.java:227)
	at org.apache.tools.ant.taskdefs.optional.junit.JUnitTestRunner.run(JUnitTestRunner.java:421)
	at org.apache.tools.ant.taskdefs.optional.junit.JUnitTestRunner.launch(JUnitTestRunner.java:912)
	at org.apache.tools.ant.taskdefs.optional.junit.JUnitTestRunner.main(JUnitTestRunner.java:766)
Caused by: javax.persistence.PersistenceException
	at com.topcoder.service.studio.contest.failuretests.mock.MockEntityManager.find(MockEntityManager.java:127)
	at com.topcoder.service.studio.contest.bean.ContestManagerBean.getDocument(ContestManagerBean.java:1050)
	... 20 more
[Exit method: getDocument()]
[Enter method: removeDocument()]
[param1: 1]
The EntityManager is closed.
com.topcoder.service.studio.contest.ContestManagementException: The EntityManager is closed.
	at com.topcoder.service.studio.contest.bean.ContestManagerBean.wrapContestManagementException(ContestManagerBean.java:2223)
	at com.topcoder.service.studio.contest.bean.ContestManagerBean.removeDocument(ContestManagerBean.java:1094)
	at com.topcoder.service.studio.contest.failuretests.ContestManagerBeanFailureTest.test_RemoveDocument_Failure1(ContestManagerBeanFailureTest.java:1749)
	at sun.reflect.NativeMethodAccessorImpl.invoke0(Native Method)
	at sun.reflect.NativeMethodAccessorImpl.invoke(NativeMethodAccessorImpl.java:39)
	at sun.reflect.DelegatingMethodAccessorImpl.invoke(DelegatingMethodAccessorImpl.java:25)
	at java.lang.reflect.Method.invoke(Method.java:585)
	at junit.framework.TestCase.runTest(TestCase.java:168)
	at junit.framework.TestCase.runBare(TestCase.java:134)
	at junit.framework.TestResult$1.protect(TestResult.java:110)
	at junit.framework.TestResult.runProtected(TestResult.java:128)
	at junit.framework.TestResult.run(TestResult.java:113)
	at junit.framework.TestCase.run(TestCase.java:124)
	at junit.framework.TestSuite.runTest(TestSuite.java:232)
	at junit.framework.TestSuite.run(TestSuite.java:227)
	at junit.framework.TestSuite.runTest(TestSuite.java:232)
	at junit.framework.TestSuite.run(TestSuite.java:227)
	at junit.framework.TestSuite.runTest(TestSuite.java:232)
	at junit.framework.TestSuite.run(TestSuite.java:227)
	at org.apache.tools.ant.taskdefs.optional.junit.JUnitTestRunner.run(JUnitTestRunner.java:421)
	at org.apache.tools.ant.taskdefs.optional.junit.JUnitTestRunner.launch(JUnitTestRunner.java:912)
	at org.apache.tools.ant.taskdefs.optional.junit.JUnitTestRunner.main(JUnitTestRunner.java:766)
Caused by: java.lang.IllegalStateException: EntityManager is closed
	at org.hibernate.ejb.EntityManagerImpl.getSession(EntityManagerImpl.java:42)
	at org.hibernate.ejb.AbstractEntityManagerImpl.find(AbstractEntityManagerImpl.java:175)
	at com.topcoder.service.studio.contest.failuretests.mock.MockEntityManager.find(MockEntityManager.java:134)
	at com.topcoder.service.studio.contest.bean.ContestManagerBean.removeDocument(ContestManagerBean.java:1084)
	... 20 more
[Exit method: removeDocument()]
[Enter method: removeDocument()]
[param1: 1]
This method is required to run in transaction.
com.topcoder.service.studio.contest.ContestManagementException: This method is required to run in transaction.
	at com.topcoder.service.studio.contest.bean.ContestManagerBean.wrapContestManagementException(ContestManagerBean.java:2223)
	at com.topcoder.service.studio.contest.bean.ContestManagerBean.removeDocument(ContestManagerBean.java:1097)
	at com.topcoder.service.studio.contest.failuretests.ContestManagerBeanFailureTest.test_RemoveDocument_Failure2(ContestManagerBeanFailureTest.java:1773)
	at sun.reflect.NativeMethodAccessorImpl.invoke0(Native Method)
	at sun.reflect.NativeMethodAccessorImpl.invoke(NativeMethodAccessorImpl.java:39)
	at sun.reflect.DelegatingMethodAccessorImpl.invoke(DelegatingMethodAccessorImpl.java:25)
	at java.lang.reflect.Method.invoke(Method.java:585)
	at junit.framework.TestCase.runTest(TestCase.java:168)
	at junit.framework.TestCase.runBare(TestCase.java:134)
	at junit.framework.TestResult$1.protect(TestResult.java:110)
	at junit.framework.TestResult.runProtected(TestResult.java:128)
	at junit.framework.TestResult.run(TestResult.java:113)
	at junit.framework.TestCase.run(TestCase.java:124)
	at junit.framework.TestSuite.runTest(TestSuite.java:232)
	at junit.framework.TestSuite.run(TestSuite.java:227)
	at junit.framework.TestSuite.runTest(TestSuite.java:232)
	at junit.framework.TestSuite.run(TestSuite.java:227)
	at junit.framework.TestSuite.runTest(TestSuite.java:232)
	at junit.framework.TestSuite.run(TestSuite.java:227)
	at org.apache.tools.ant.taskdefs.optional.junit.JUnitTestRunner.run(JUnitTestRunner.java:421)
	at org.apache.tools.ant.taskdefs.optional.junit.JUnitTestRunner.launch(JUnitTestRunner.java:912)
	at org.apache.tools.ant.taskdefs.optional.junit.JUnitTestRunner.main(JUnitTestRunner.java:766)
Caused by: javax.persistence.TransactionRequiredException
	at com.topcoder.service.studio.contest.failuretests.mock.MockEntityManager.find(MockEntityManager.java:131)
	at com.topcoder.service.studio.contest.bean.ContestManagerBean.removeDocument(ContestManagerBean.java:1084)
	... 20 more
[Exit method: removeDocument()]
[Enter method: removeDocument()]
[param1: 1]
There are errors while persisting the entity.
com.topcoder.service.studio.contest.ContestManagementException: There are errors while persisting the entity.
	at com.topcoder.service.studio.contest.bean.ContestManagerBean.wrapContestManagementException(ContestManagerBean.java:2223)
	at com.topcoder.service.studio.contest.bean.ContestManagerBean.removeDocument(ContestManagerBean.java:1100)
	at com.topcoder.service.studio.contest.failuretests.ContestManagerBeanFailureTest.test_RemoveDocument_Failure3(ContestManagerBeanFailureTest.java:1797)
	at sun.reflect.NativeMethodAccessorImpl.invoke0(Native Method)
	at sun.reflect.NativeMethodAccessorImpl.invoke(NativeMethodAccessorImpl.java:39)
	at sun.reflect.DelegatingMethodAccessorImpl.invoke(DelegatingMethodAccessorImpl.java:25)
	at java.lang.reflect.Method.invoke(Method.java:585)
	at junit.framework.TestCase.runTest(TestCase.java:168)
	at junit.framework.TestCase.runBare(TestCase.java:134)
	at junit.framework.TestResult$1.protect(TestResult.java:110)
	at junit.framework.TestResult.runProtected(TestResult.java:128)
	at junit.framework.TestResult.run(TestResult.java:113)
	at junit.framework.TestCase.run(TestCase.java:124)
	at junit.framework.TestSuite.runTest(TestSuite.java:232)
	at junit.framework.TestSuite.run(TestSuite.java:227)
	at junit.framework.TestSuite.runTest(TestSuite.java:232)
	at junit.framework.TestSuite.run(TestSuite.java:227)
	at junit.framework.TestSuite.runTest(TestSuite.java:232)
	at junit.framework.TestSuite.run(TestSuite.java:227)
	at org.apache.tools.ant.taskdefs.optional.junit.JUnitTestRunner.run(JUnitTestRunner.java:421)
	at org.apache.tools.ant.taskdefs.optional.junit.JUnitTestRunner.launch(JUnitTestRunner.java:912)
	at org.apache.tools.ant.taskdefs.optional.junit.JUnitTestRunner.main(JUnitTestRunner.java:766)
Caused by: javax.persistence.PersistenceException
	at com.topcoder.service.studio.contest.failuretests.mock.MockEntityManager.find(MockEntityManager.java:127)
	at com.topcoder.service.studio.contest.bean.ContestManagerBean.removeDocument(ContestManagerBean.java:1084)
	... 20 more
[Exit method: removeDocument()]
[Enter method: createContest()]
[param1: null]
[Exit method: createContest()]
[Enter method: addDocumentToContest()]
[param1: 1,000, param2: 6]
Hibernate: /* load com.topcoder.service.studio.contest.Document */ select document0_.document_id as document1_2420_0_, document0_.original_file_name as original2_2420_0_, document0_.system_file_name as system3_2420_0_, document0_.path_id as path4_2420_0_, document0_.mime_type_id as mime5_2420_0_, document0_.document_type_id as document6_2420_0_, document0_.create_date as create7_2420_0_ from document document0_ where document0_.document_id=?
The document with id '1000' doesn't exist.
com.topcoder.service.studio.contest.EntityNotFoundException: The document with id '1000' doesn't exist.
	at com.topcoder.service.studio.contest.bean.ContestManagerBean.wrapEntityNotFoundException(ContestManagerBean.java:2186)
	at com.topcoder.service.studio.contest.bean.ContestManagerBean.addDocumentToContest(ContestManagerBean.java:1131)
	at com.topcoder.service.studio.contest.failuretests.ContestManagerBeanFailureTest.test_AddDocumentToContest_Failure1(ContestManagerBeanFailureTest.java:1823)
	at sun.reflect.NativeMethodAccessorImpl.invoke0(Native Method)
	at sun.reflect.NativeMethodAccessorImpl.invoke(NativeMethodAccessorImpl.java:39)
	at sun.reflect.DelegatingMethodAccessorImpl.invoke(DelegatingMethodAccessorImpl.java:25)
	at java.lang.reflect.Method.invoke(Method.java:585)
	at junit.framework.TestCase.runTest(TestCase.java:168)
	at junit.framework.TestCase.runBare(TestCase.java:134)
	at junit.framework.TestResult$1.protect(TestResult.java:110)
	at junit.framework.TestResult.runProtected(TestResult.java:128)
	at junit.framework.TestResult.run(TestResult.java:113)
	at junit.framework.TestCase.run(TestCase.java:124)
	at junit.framework.TestSuite.runTest(TestSuite.java:232)
	at junit.framework.TestSuite.run(TestSuite.java:227)
	at junit.framework.TestSuite.runTest(TestSuite.java:232)
	at junit.framework.TestSuite.run(TestSuite.java:227)
	at junit.framework.TestSuite.runTest(TestSuite.java:232)
	at junit.framework.TestSuite.run(TestSuite.java:227)
	at org.apache.tools.ant.taskdefs.optional.junit.JUnitTestRunner.run(JUnitTestRunner.java:421)
	at org.apache.tools.ant.taskdefs.optional.junit.JUnitTestRunner.launch(JUnitTestRunner.java:912)
	at org.apache.tools.ant.taskdefs.optional.junit.JUnitTestRunner.main(JUnitTestRunner.java:766)
[Exit method: addDocumentToContest()]
[Enter method: addDocument()]
[param1: null]
[Exit method: addDocument()]
[Enter method: addDocumentToContest()]
[param1: 2, param2: 1,000]
Hibernate: /* load com.topcoder.service.studio.contest.Contest */ select contest0_.contest_id as contest1_2415_0_, contest0_.contest_channel_id as contest2_2415_0_, contest0_.name as name2415_0_, contest0_.contest_type_id as contest4_2415_0_, contest0_.project_id as project5_2415_0_, contest0_.tc_direct_project_id as tc6_2415_0_, contest0_.contest_status_id as contest7_2415_0_, contest0_.forum_id as forum8_2415_0_, contest0_.event_id as event9_2415_0_, contest0_.start_time as start10_2415_0_, contest0_.end_date as end11_2415_0_, contest0_.winner_annoucement_deadline as winner12_2415_0_, contest0_.creator_user_id as creator13_2415_0_ from contest contest0_ where contest0_.contest_id=?
The contest with id '1000' doesn't exist.
com.topcoder.service.studio.contest.EntityNotFoundException: The contest with id '1000' doesn't exist.
	at com.topcoder.service.studio.contest.bean.ContestManagerBean.wrapEntityNotFoundException(ContestManagerBean.java:2186)
	at com.topcoder.service.studio.contest.bean.ContestManagerBean.addDocumentToContest(ContestManagerBean.java:1137)
	at com.topcoder.service.studio.contest.failuretests.ContestManagerBeanFailureTest.test_AddDocumentToContest_Failure2(ContestManagerBeanFailureTest.java:1872)
	at sun.reflect.NativeMethodAccessorImpl.invoke0(Native Method)
	at sun.reflect.NativeMethodAccessorImpl.invoke(NativeMethodAccessorImpl.java:39)
	at sun.reflect.DelegatingMethodAccessorImpl.invoke(DelegatingMethodAccessorImpl.java:25)
	at java.lang.reflect.Method.invoke(Method.java:585)
	at junit.framework.TestCase.runTest(TestCase.java:168)
	at junit.framework.TestCase.runBare(TestCase.java:134)
	at junit.framework.TestResult$1.protect(TestResult.java:110)
	at junit.framework.TestResult.runProtected(TestResult.java:128)
	at junit.framework.TestResult.run(TestResult.java:113)
	at junit.framework.TestCase.run(TestCase.java:124)
	at junit.framework.TestSuite.runTest(TestSuite.java:232)
	at junit.framework.TestSuite.run(TestSuite.java:227)
	at junit.framework.TestSuite.runTest(TestSuite.java:232)
	at junit.framework.TestSuite.run(TestSuite.java:227)
	at junit.framework.TestSuite.runTest(TestSuite.java:232)
	at junit.framework.TestSuite.run(TestSuite.java:227)
	at org.apache.tools.ant.taskdefs.optional.junit.JUnitTestRunner.run(JUnitTestRunner.java:421)
	at org.apache.tools.ant.taskdefs.optional.junit.JUnitTestRunner.launch(JUnitTestRunner.java:912)
	at org.apache.tools.ant.taskdefs.optional.junit.JUnitTestRunner.main(JUnitTestRunner.java:766)
[Exit method: addDocumentToContest()]
[Enter method: addDocumentToContest()]
[param1: 1, param2: 1]
The EntityManager is closed.
com.topcoder.service.studio.contest.ContestManagementException: The EntityManager is closed.
	at com.topcoder.service.studio.contest.bean.ContestManagerBean.wrapContestManagementException(ContestManagerBean.java:2223)
	at com.topcoder.service.studio.contest.bean.ContestManagerBean.addDocumentToContest(ContestManagerBean.java:1145)
	at com.topcoder.service.studio.contest.failuretests.ContestManagerBeanFailureTest.test_AddDocumentToContest_Failure3(ContestManagerBeanFailureTest.java:1895)
	at sun.reflect.NativeMethodAccessorImpl.invoke0(Native Method)
	at sun.reflect.NativeMethodAccessorImpl.invoke(NativeMethodAccessorImpl.java:39)
	at sun.reflect.DelegatingMethodAccessorImpl.invoke(DelegatingMethodAccessorImpl.java:25)
	at java.lang.reflect.Method.invoke(Method.java:585)
	at junit.framework.TestCase.runTest(TestCase.java:168)
	at junit.framework.TestCase.runBare(TestCase.java:134)
	at junit.framework.TestResult$1.protect(TestResult.java:110)
	at junit.framework.TestResult.runProtected(TestResult.java:128)
	at junit.framework.TestResult.run(TestResult.java:113)
	at junit.framework.TestCase.run(TestCase.java:124)
	at junit.framework.TestSuite.runTest(TestSuite.java:232)
	at junit.framework.TestSuite.run(TestSuite.java:227)
	at junit.framework.TestSuite.runTest(TestSuite.java:232)
	at junit.framework.TestSuite.run(TestSuite.java:227)
	at junit.framework.TestSuite.runTest(TestSuite.java:232)
	at junit.framework.TestSuite.run(TestSuite.java:227)
	at org.apache.tools.ant.taskdefs.optional.junit.JUnitTestRunner.run(JUnitTestRunner.java:421)
	at org.apache.tools.ant.taskdefs.optional.junit.JUnitTestRunner.launch(JUnitTestRunner.java:912)
	at org.apache.tools.ant.taskdefs.optional.junit.JUnitTestRunner.main(JUnitTestRunner.java:766)
Caused by: java.lang.IllegalStateException: EntityManager is closed
	at org.hibernate.ejb.EntityManagerImpl.getSession(EntityManagerImpl.java:42)
	at org.hibernate.ejb.AbstractEntityManagerImpl.find(AbstractEntityManagerImpl.java:175)
	at com.topcoder.service.studio.contest.failuretests.mock.MockEntityManager.find(MockEntityManager.java:134)
	at com.topcoder.service.studio.contest.bean.ContestManagerBean.addDocumentToContest(ContestManagerBean.java:1128)
	... 20 more
[Exit method: addDocumentToContest()]
[Enter method: addDocumentToContest()]
[param1: 1, param2: 1]
This method is required to run in transaction.
com.topcoder.service.studio.contest.ContestManagementException: This method is required to run in transaction.
	at com.topcoder.service.studio.contest.bean.ContestManagerBean.wrapContestManagementException(ContestManagerBean.java:2223)
	at com.topcoder.service.studio.contest.bean.ContestManagerBean.addDocumentToContest(ContestManagerBean.java:1148)
	at com.topcoder.service.studio.contest.failuretests.ContestManagerBeanFailureTest.test_AddDocumentToContest_Failure4(ContestManagerBeanFailureTest.java:1919)
	at sun.reflect.NativeMethodAccessorImpl.invoke0(Native Method)
	at sun.reflect.NativeMethodAccessorImpl.invoke(NativeMethodAccessorImpl.java:39)
	at sun.reflect.DelegatingMethodAccessorImpl.invoke(DelegatingMethodAccessorImpl.java:25)
	at java.lang.reflect.Method.invoke(Method.java:585)
	at junit.framework.TestCase.runTest(TestCase.java:168)
	at junit.framework.TestCase.runBare(TestCase.java:134)
	at junit.framework.TestResult$1.protect(TestResult.java:110)
	at junit.framework.TestResult.runProtected(TestResult.java:128)
	at junit.framework.TestResult.run(TestResult.java:113)
	at junit.framework.TestCase.run(TestCase.java:124)
	at junit.framework.TestSuite.runTest(TestSuite.java:232)
	at junit.framework.TestSuite.run(TestSuite.java:227)
	at junit.framework.TestSuite.runTest(TestSuite.java:232)
	at junit.framework.TestSuite.run(TestSuite.java:227)
	at junit.framework.TestSuite.runTest(TestSuite.java:232)
	at junit.framework.TestSuite.run(TestSuite.java:227)
	at org.apache.tools.ant.taskdefs.optional.junit.JUnitTestRunner.run(JUnitTestRunner.java:421)
	at org.apache.tools.ant.taskdefs.optional.junit.JUnitTestRunner.launch(JUnitTestRunner.java:912)
	at org.apache.tools.ant.taskdefs.optional.junit.JUnitTestRunner.main(JUnitTestRunner.java:766)
Caused by: javax.persistence.TransactionRequiredException
	at com.topcoder.service.studio.contest.failuretests.mock.MockEntityManager.find(MockEntityManager.java:131)
	at com.topcoder.service.studio.contest.bean.ContestManagerBean.addDocumentToContest(ContestManagerBean.java:1128)
	... 20 more
[Exit method: addDocumentToContest()]
[Enter method: addDocumentToContest()]
[param1: 1, param2: 1]
There are errors while persisting the entity.
com.topcoder.service.studio.contest.ContestManagementException: There are errors while persisting the entity.
	at com.topcoder.service.studio.contest.bean.ContestManagerBean.wrapContestManagementException(ContestManagerBean.java:2223)
	at com.topcoder.service.studio.contest.bean.ContestManagerBean.addDocumentToContest(ContestManagerBean.java:1151)
	at com.topcoder.service.studio.contest.failuretests.ContestManagerBeanFailureTest.test_AddDocumentToContest_Failure5(ContestManagerBeanFailureTest.java:1943)
	at sun.reflect.NativeMethodAccessorImpl.invoke0(Native Method)
	at sun.reflect.NativeMethodAccessorImpl.invoke(NativeMethodAccessorImpl.java:39)
	at sun.reflect.DelegatingMethodAccessorImpl.invoke(DelegatingMethodAccessorImpl.java:25)
	at java.lang.reflect.Method.invoke(Method.java:585)
	at junit.framework.TestCase.runTest(TestCase.java:168)
	at junit.framework.TestCase.runBare(TestCase.java:134)
	at junit.framework.TestResult$1.protect(TestResult.java:110)
	at junit.framework.TestResult.runProtected(TestResult.java:128)
	at junit.framework.TestResult.run(TestResult.java:113)
	at junit.framework.TestCase.run(TestCase.java:124)
	at junit.framework.TestSuite.runTest(TestSuite.java:232)
	at junit.framework.TestSuite.run(TestSuite.java:227)
	at junit.framework.TestSuite.runTest(TestSuite.java:232)
	at junit.framework.TestSuite.run(TestSuite.java:227)
	at junit.framework.TestSuite.runTest(TestSuite.java:232)
	at junit.framework.TestSuite.run(TestSuite.java:227)
	at org.apache.tools.ant.taskdefs.optional.junit.JUnitTestRunner.run(JUnitTestRunner.java:421)
	at org.apache.tools.ant.taskdefs.optional.junit.JUnitTestRunner.launch(JUnitTestRunner.java:912)
	at org.apache.tools.ant.taskdefs.optional.junit.JUnitTestRunner.main(JUnitTestRunner.java:766)
Caused by: javax.persistence.PersistenceException
	at com.topcoder.service.studio.contest.failuretests.mock.MockEntityManager.find(MockEntityManager.java:127)
	at com.topcoder.service.studio.contest.bean.ContestManagerBean.addDocumentToContest(ContestManagerBean.java:1128)
	... 20 more
[Exit method: addDocumentToContest()]
[Enter method: createContest()]
[param1: null]
[Exit method: createContest()]
[Enter method: removeDocumentFromContest()]
[param1: 1,000, param2: 7]
Hibernate: /* load com.topcoder.service.studio.contest.Document */ select document0_.document_id as document1_2420_0_, document0_.original_file_name as original2_2420_0_, document0_.system_file_name as system3_2420_0_, document0_.path_id as path4_2420_0_, document0_.mime_type_id as mime5_2420_0_, document0_.document_type_id as document6_2420_0_, document0_.create_date as create7_2420_0_ from document document0_ where document0_.document_id=?
The document with id '1000' doesn't exist.
com.topcoder.service.studio.contest.EntityNotFoundException: The document with id '1000' doesn't exist.
	at com.topcoder.service.studio.contest.bean.ContestManagerBean.wrapEntityNotFoundException(ContestManagerBean.java:2186)
	at com.topcoder.service.studio.contest.bean.ContestManagerBean.removeDocumentFromContest(ContestManagerBean.java:1184)
	at com.topcoder.service.studio.contest.failuretests.ContestManagerBeanFailureTest.test_RemoveDocumentFromContest_Failure1(ContestManagerBeanFailureTest.java:1969)
	at sun.reflect.NativeMethodAccessorImpl.invoke0(Native Method)
	at sun.reflect.NativeMethodAccessorImpl.invoke(NativeMethodAccessorImpl.java:39)
	at sun.reflect.DelegatingMethodAccessorImpl.invoke(DelegatingMethodAccessorImpl.java:25)
	at java.lang.reflect.Method.invoke(Method.java:585)
	at junit.framework.TestCase.runTest(TestCase.java:168)
	at junit.framework.TestCase.runBare(TestCase.java:134)
	at junit.framework.TestResult$1.protect(TestResult.java:110)
	at junit.framework.TestResult.runProtected(TestResult.java:128)
	at junit.framework.TestResult.run(TestResult.java:113)
	at junit.framework.TestCase.run(TestCase.java:124)
	at junit.framework.TestSuite.runTest(TestSuite.java:232)
	at junit.framework.TestSuite.run(TestSuite.java:227)
	at junit.framework.TestSuite.runTest(TestSuite.java:232)
	at junit.framework.TestSuite.run(TestSuite.java:227)
	at junit.framework.TestSuite.runTest(TestSuite.java:232)
	at junit.framework.TestSuite.run(TestSuite.java:227)
	at org.apache.tools.ant.taskdefs.optional.junit.JUnitTestRunner.run(JUnitTestRunner.java:421)
	at org.apache.tools.ant.taskdefs.optional.junit.JUnitTestRunner.launch(JUnitTestRunner.java:912)
	at org.apache.tools.ant.taskdefs.optional.junit.JUnitTestRunner.main(JUnitTestRunner.java:766)
[Exit method: removeDocumentFromContest()]
[Enter method: addDocument()]
[param1: null]
[Exit method: addDocument()]
[Enter method: removeDocumentFromContest()]
[param1: 3, param2: 1,000]
Hibernate: /* load com.topcoder.service.studio.contest.Contest */ select contest0_.contest_id as contest1_2415_0_, contest0_.contest_channel_id as contest2_2415_0_, contest0_.name as name2415_0_, contest0_.contest_type_id as contest4_2415_0_, contest0_.project_id as project5_2415_0_, contest0_.tc_direct_project_id as tc6_2415_0_, contest0_.contest_status_id as contest7_2415_0_, contest0_.forum_id as forum8_2415_0_, contest0_.event_id as event9_2415_0_, contest0_.start_time as start10_2415_0_, contest0_.end_date as end11_2415_0_, contest0_.winner_annoucement_deadline as winner12_2415_0_, contest0_.creator_user_id as creator13_2415_0_ from contest contest0_ where contest0_.contest_id=?
The contest with id '1000' doesn't exist.
com.topcoder.service.studio.contest.EntityNotFoundException: The contest with id '1000' doesn't exist.
	at com.topcoder.service.studio.contest.bean.ContestManagerBean.wrapEntityNotFoundException(ContestManagerBean.java:2186)
	at com.topcoder.service.studio.contest.bean.ContestManagerBean.removeDocumentFromContest(ContestManagerBean.java:1190)
	at com.topcoder.service.studio.contest.failuretests.ContestManagerBeanFailureTest.test_RemoveDocumentFromContest_Failure2(ContestManagerBeanFailureTest.java:2018)
	at sun.reflect.NativeMethodAccessorImpl.invoke0(Native Method)
	at sun.reflect.NativeMethodAccessorImpl.invoke(NativeMethodAccessorImpl.java:39)
	at sun.reflect.DelegatingMethodAccessorImpl.invoke(DelegatingMethodAccessorImpl.java:25)
	at java.lang.reflect.Method.invoke(Method.java:585)
	at junit.framework.TestCase.runTest(TestCase.java:168)
	at junit.framework.TestCase.runBare(TestCase.java:134)
	at junit.framework.TestResult$1.protect(TestResult.java:110)
	at junit.framework.TestResult.runProtected(TestResult.java:128)
	at junit.framework.TestResult.run(TestResult.java:113)
	at junit.framework.TestCase.run(TestCase.java:124)
	at junit.framework.TestSuite.runTest(TestSuite.java:232)
	at junit.framework.TestSuite.run(TestSuite.java:227)
	at junit.framework.TestSuite.runTest(TestSuite.java:232)
	at junit.framework.TestSuite.run(TestSuite.java:227)
	at junit.framework.TestSuite.runTest(TestSuite.java:232)
	at junit.framework.TestSuite.run(TestSuite.java:227)
	at org.apache.tools.ant.taskdefs.optional.junit.JUnitTestRunner.run(JUnitTestRunner.java:421)
	at org.apache.tools.ant.taskdefs.optional.junit.JUnitTestRunner.launch(JUnitTestRunner.java:912)
	at org.apache.tools.ant.taskdefs.optional.junit.JUnitTestRunner.main(JUnitTestRunner.java:766)
[Exit method: removeDocumentFromContest()]
[Enter method: removeDocumentFromContest()]
[param1: 1, param2: 1]
The EntityManager is closed.
com.topcoder.service.studio.contest.ContestManagementException: The EntityManager is closed.
	at com.topcoder.service.studio.contest.bean.ContestManagerBean.wrapContestManagementException(ContestManagerBean.java:2223)
	at com.topcoder.service.studio.contest.bean.ContestManagerBean.removeDocumentFromContest(ContestManagerBean.java:1204)
	at com.topcoder.service.studio.contest.failuretests.ContestManagerBeanFailureTest.test_removeDocumentFromContest_Failure3(ContestManagerBeanFailureTest.java:2041)
	at sun.reflect.NativeMethodAccessorImpl.invoke0(Native Method)
	at sun.reflect.NativeMethodAccessorImpl.invoke(NativeMethodAccessorImpl.java:39)
	at sun.reflect.DelegatingMethodAccessorImpl.invoke(DelegatingMethodAccessorImpl.java:25)
	at java.lang.reflect.Method.invoke(Method.java:585)
	at junit.framework.TestCase.runTest(TestCase.java:168)
	at junit.framework.TestCase.runBare(TestCase.java:134)
	at junit.framework.TestResult$1.protect(TestResult.java:110)
	at junit.framework.TestResult.runProtected(TestResult.java:128)
	at junit.framework.TestResult.run(TestResult.java:113)
	at junit.framework.TestCase.run(TestCase.java:124)
	at junit.framework.TestSuite.runTest(TestSuite.java:232)
	at junit.framework.TestSuite.run(TestSuite.java:227)
	at junit.framework.TestSuite.runTest(TestSuite.java:232)
	at junit.framework.TestSuite.run(TestSuite.java:227)
	at junit.framework.TestSuite.runTest(TestSuite.java:232)
	at junit.framework.TestSuite.run(TestSuite.java:227)
	at org.apache.tools.ant.taskdefs.optional.junit.JUnitTestRunner.run(JUnitTestRunner.java:421)
	at org.apache.tools.ant.taskdefs.optional.junit.JUnitTestRunner.launch(JUnitTestRunner.java:912)
	at org.apache.tools.ant.taskdefs.optional.junit.JUnitTestRunner.main(JUnitTestRunner.java:766)
Caused by: java.lang.IllegalStateException: EntityManager is closed
	at org.hibernate.ejb.EntityManagerImpl.getSession(EntityManagerImpl.java:42)
	at org.hibernate.ejb.AbstractEntityManagerImpl.find(AbstractEntityManagerImpl.java:175)
	at com.topcoder.service.studio.contest.failuretests.mock.MockEntityManager.find(MockEntityManager.java:134)
	at com.topcoder.service.studio.contest.bean.ContestManagerBean.removeDocumentFromContest(ContestManagerBean.java:1181)
	... 20 more
[Exit method: removeDocumentFromContest()]
[Enter method: removeDocumentFromContest()]
[param1: 1, param2: 1]
This method is required to run in transaction.
com.topcoder.service.studio.contest.ContestManagementException: This method is required to run in transaction.
	at com.topcoder.service.studio.contest.bean.ContestManagerBean.wrapContestManagementException(ContestManagerBean.java:2223)
	at com.topcoder.service.studio.contest.bean.ContestManagerBean.removeDocumentFromContest(ContestManagerBean.java:1207)
	at com.topcoder.service.studio.contest.failuretests.ContestManagerBeanFailureTest.test_removeDocumentFromContest_Failure4(ContestManagerBeanFailureTest.java:2065)
	at sun.reflect.NativeMethodAccessorImpl.invoke0(Native Method)
	at sun.reflect.NativeMethodAccessorImpl.invoke(NativeMethodAccessorImpl.java:39)
	at sun.reflect.DelegatingMethodAccessorImpl.invoke(DelegatingMethodAccessorImpl.java:25)
	at java.lang.reflect.Method.invoke(Method.java:585)
	at junit.framework.TestCase.runTest(TestCase.java:168)
	at junit.framework.TestCase.runBare(TestCase.java:134)
	at junit.framework.TestResult$1.protect(TestResult.java:110)
	at junit.framework.TestResult.runProtected(TestResult.java:128)
	at junit.framework.TestResult.run(TestResult.java:113)
	at junit.framework.TestCase.run(TestCase.java:124)
	at junit.framework.TestSuite.runTest(TestSuite.java:232)
	at junit.framework.TestSuite.run(TestSuite.java:227)
	at junit.framework.TestSuite.runTest(TestSuite.java:232)
	at junit.framework.TestSuite.run(TestSuite.java:227)
	at junit.framework.TestSuite.runTest(TestSuite.java:232)
	at junit.framework.TestSuite.run(TestSuite.java:227)
	at org.apache.tools.ant.taskdefs.optional.junit.JUnitTestRunner.run(JUnitTestRunner.java:421)
	at org.apache.tools.ant.taskdefs.optional.junit.JUnitTestRunner.launch(JUnitTestRunner.java:912)
	at org.apache.tools.ant.taskdefs.optional.junit.JUnitTestRunner.main(JUnitTestRunner.java:766)
Caused by: javax.persistence.TransactionRequiredException
	at com.topcoder.service.studio.contest.failuretests.mock.MockEntityManager.find(MockEntityManager.java:131)
	at com.topcoder.service.studio.contest.bean.ContestManagerBean.removeDocumentFromContest(ContestManagerBean.java:1181)
	... 20 more
[Exit method: removeDocumentFromContest()]
[Enter method: removeDocumentFromContest()]
[param1: 1, param2: 1]
There are errors while persisting the entity.
com.topcoder.service.studio.contest.ContestManagementException: There are errors while persisting the entity.
	at com.topcoder.service.studio.contest.bean.ContestManagerBean.wrapContestManagementException(ContestManagerBean.java:2223)
	at com.topcoder.service.studio.contest.bean.ContestManagerBean.removeDocumentFromContest(ContestManagerBean.java:1210)
	at com.topcoder.service.studio.contest.failuretests.ContestManagerBeanFailureTest.test_removeDocumentFromContest_Failure5(ContestManagerBeanFailureTest.java:2089)
	at sun.reflect.NativeMethodAccessorImpl.invoke0(Native Method)
	at sun.reflect.NativeMethodAccessorImpl.invoke(NativeMethodAccessorImpl.java:39)
	at sun.reflect.DelegatingMethodAccessorImpl.invoke(DelegatingMethodAccessorImpl.java:25)
	at java.lang.reflect.Method.invoke(Method.java:585)
	at junit.framework.TestCase.runTest(TestCase.java:168)
	at junit.framework.TestCase.runBare(TestCase.java:134)
	at junit.framework.TestResult$1.protect(TestResult.java:110)
	at junit.framework.TestResult.runProtected(TestResult.java:128)
	at junit.framework.TestResult.run(TestResult.java:113)
	at junit.framework.TestCase.run(TestCase.java:124)
	at junit.framework.TestSuite.runTest(TestSuite.java:232)
	at junit.framework.TestSuite.run(TestSuite.java:227)
	at junit.framework.TestSuite.runTest(TestSuite.java:232)
	at junit.framework.TestSuite.run(TestSuite.java:227)
	at junit.framework.TestSuite.runTest(TestSuite.java:232)
	at junit.framework.TestSuite.run(TestSuite.java:227)
	at org.apache.tools.ant.taskdefs.optional.junit.JUnitTestRunner.run(JUnitTestRunner.java:421)
	at org.apache.tools.ant.taskdefs.optional.junit.JUnitTestRunner.launch(JUnitTestRunner.java:912)
	at org.apache.tools.ant.taskdefs.optional.junit.JUnitTestRunner.main(JUnitTestRunner.java:766)
Caused by: javax.persistence.PersistenceException
	at com.topcoder.service.studio.contest.failuretests.mock.MockEntityManager.find(MockEntityManager.java:127)
	at com.topcoder.service.studio.contest.bean.ContestManagerBean.removeDocumentFromContest(ContestManagerBean.java:1181)
	... 20 more
[Exit method: removeDocumentFromContest()]
Hibernate: select max(file_type_id) from file_type_lu
[Enter method: addContestChannel()]
[param1: null]
Hibernate: select max(contest_channel_id) from contest_channel_lu
[Exit method: addContestChannel()]
[Enter method: addContestChannel()]
[param1: 1]
The contest channel with id '1' already exists.
com.topcoder.service.studio.contest.EntityAlreadyExistsException: The contest channel with id '1' already exists.
	at com.topcoder.service.studio.contest.bean.ContestManagerBean.addContestChannel(ContestManagerBean.java:1242)
	at com.topcoder.service.studio.contest.failuretests.ContestManagerBeanFailureTest.test_AddContestChannel_Failure1(ContestManagerBeanFailureTest.java:2127)
	at sun.reflect.NativeMethodAccessorImpl.invoke0(Native Method)
	at sun.reflect.NativeMethodAccessorImpl.invoke(NativeMethodAccessorImpl.java:39)
	at sun.reflect.DelegatingMethodAccessorImpl.invoke(DelegatingMethodAccessorImpl.java:25)
	at java.lang.reflect.Method.invoke(Method.java:585)
	at junit.framework.TestCase.runTest(TestCase.java:168)
	at junit.framework.TestCase.runBare(TestCase.java:134)
	at junit.framework.TestResult$1.protect(TestResult.java:110)
	at junit.framework.TestResult.runProtected(TestResult.java:128)
	at junit.framework.TestResult.run(TestResult.java:113)
	at junit.framework.TestCase.run(TestCase.java:124)
	at junit.framework.TestSuite.runTest(TestSuite.java:232)
	at junit.framework.TestSuite.run(TestSuite.java:227)
	at junit.framework.TestSuite.runTest(TestSuite.java:232)
	at junit.framework.TestSuite.run(TestSuite.java:227)
	at junit.framework.TestSuite.runTest(TestSuite.java:232)
	at junit.framework.TestSuite.run(TestSuite.java:227)
	at org.apache.tools.ant.taskdefs.optional.junit.JUnitTestRunner.run(JUnitTestRunner.java:421)
	at org.apache.tools.ant.taskdefs.optional.junit.JUnitTestRunner.launch(JUnitTestRunner.java:912)
	at org.apache.tools.ant.taskdefs.optional.junit.JUnitTestRunner.main(JUnitTestRunner.java:766)
[Exit method: addContestChannel()]
[Enter method: addContestChannel()]
[param1: null]
The EntityManager is closed.
com.topcoder.service.studio.contest.ContestManagementException: The EntityManager is closed.
	at com.topcoder.service.studio.contest.bean.ContestManagerBean.wrapContestManagementException(ContestManagerBean.java:2223)
	at com.topcoder.service.studio.contest.bean.ContestManagerBean.addContestChannel(ContestManagerBean.java:1255)
	at com.topcoder.service.studio.contest.failuretests.ContestManagerBeanFailureTest.test_AddContestChannel_Failure3(ContestManagerBeanFailureTest.java:2164)
	at sun.reflect.NativeMethodAccessorImpl.invoke0(Native Method)
	at sun.reflect.NativeMethodAccessorImpl.invoke(NativeMethodAccessorImpl.java:39)
	at sun.reflect.DelegatingMethodAccessorImpl.invoke(DelegatingMethodAccessorImpl.java:25)
	at java.lang.reflect.Method.invoke(Method.java:585)
	at junit.framework.TestCase.runTest(TestCase.java:168)
	at junit.framework.TestCase.runBare(TestCase.java:134)
	at junit.framework.TestResult$1.protect(TestResult.java:110)
	at junit.framework.TestResult.runProtected(TestResult.java:128)
	at junit.framework.TestResult.run(TestResult.java:113)
	at junit.framework.TestCase.run(TestCase.java:124)
	at junit.framework.TestSuite.runTest(TestSuite.java:232)
	at junit.framework.TestSuite.run(TestSuite.java:227)
	at junit.framework.TestSuite.runTest(TestSuite.java:232)
	at junit.framework.TestSuite.run(TestSuite.java:227)
	at junit.framework.TestSuite.runTest(TestSuite.java:232)
	at junit.framework.TestSuite.run(TestSuite.java:227)
	at org.apache.tools.ant.taskdefs.optional.junit.JUnitTestRunner.run(JUnitTestRunner.java:421)
	at org.apache.tools.ant.taskdefs.optional.junit.JUnitTestRunner.launch(JUnitTestRunner.java:912)
	at org.apache.tools.ant.taskdefs.optional.junit.JUnitTestRunner.main(JUnitTestRunner.java:766)
Caused by: java.lang.IllegalStateException: EntityManager is closed
	at org.hibernate.ejb.EntityManagerImpl.getSession(EntityManagerImpl.java:42)
	at org.hibernate.ejb.AbstractEntityManagerImpl.persist(AbstractEntityManagerImpl.java:213)
	at com.topcoder.service.studio.contest.failuretests.mock.MockEntityManager.persist(MockEntityManager.java:80)
	at com.topcoder.service.studio.contest.bean.ContestManagerBean.addContestChannel(ContestManagerBean.java:1251)
	... 20 more
[Exit method: addContestChannel()]
[Enter method: addContestChannel()]
[param1: null]
This method is required to run in transaction.
com.topcoder.service.studio.contest.ContestManagementException: This method is required to run in transaction.
	at com.topcoder.service.studio.contest.bean.ContestManagerBean.wrapContestManagementException(ContestManagerBean.java:2223)
	at com.topcoder.service.studio.contest.bean.ContestManagerBean.addContestChannel(ContestManagerBean.java:1258)
	at com.topcoder.service.studio.contest.failuretests.ContestManagerBeanFailureTest.test_AddContestChannel_Failure4(ContestManagerBeanFailureTest.java:2202)
	at sun.reflect.NativeMethodAccessorImpl.invoke0(Native Method)
	at sun.reflect.NativeMethodAccessorImpl.invoke(NativeMethodAccessorImpl.java:39)
	at sun.reflect.DelegatingMethodAccessorImpl.invoke(DelegatingMethodAccessorImpl.java:25)
	at java.lang.reflect.Method.invoke(Method.java:585)
	at junit.framework.TestCase.runTest(TestCase.java:168)
	at junit.framework.TestCase.runBare(TestCase.java:134)
	at junit.framework.TestResult$1.protect(TestResult.java:110)
	at junit.framework.TestResult.runProtected(TestResult.java:128)
	at junit.framework.TestResult.run(TestResult.java:113)
	at junit.framework.TestCase.run(TestCase.java:124)
	at junit.framework.TestSuite.runTest(TestSuite.java:232)
	at junit.framework.TestSuite.run(TestSuite.java:227)
	at junit.framework.TestSuite.runTest(TestSuite.java:232)
	at junit.framework.TestSuite.run(TestSuite.java:227)
	at junit.framework.TestSuite.runTest(TestSuite.java:232)
	at junit.framework.TestSuite.run(TestSuite.java:227)
	at org.apache.tools.ant.taskdefs.optional.junit.JUnitTestRunner.run(JUnitTestRunner.java:421)
	at org.apache.tools.ant.taskdefs.optional.junit.JUnitTestRunner.launch(JUnitTestRunner.java:912)
	at org.apache.tools.ant.taskdefs.optional.junit.JUnitTestRunner.main(JUnitTestRunner.java:766)
Caused by: javax.persistence.TransactionRequiredException
	at com.topcoder.service.studio.contest.failuretests.mock.MockEntityManager.persist(MockEntityManager.java:77)
	at com.topcoder.service.studio.contest.bean.ContestManagerBean.addContestChannel(ContestManagerBean.java:1251)
	... 20 more
[Exit method: addContestChannel()]
[Enter method: addContestChannel()]
[param1: null]
There are errors while persisting the entity.
com.topcoder.service.studio.contest.ContestManagementException: There are errors while persisting the entity.
	at com.topcoder.service.studio.contest.bean.ContestManagerBean.wrapContestManagementException(ContestManagerBean.java:2223)
	at com.topcoder.service.studio.contest.bean.ContestManagerBean.addContestChannel(ContestManagerBean.java:1261)
	at com.topcoder.service.studio.contest.failuretests.ContestManagerBeanFailureTest.test_AddContestChannel_Failure5(ContestManagerBeanFailureTest.java:2239)
	at sun.reflect.NativeMethodAccessorImpl.invoke0(Native Method)
	at sun.reflect.NativeMethodAccessorImpl.invoke(NativeMethodAccessorImpl.java:39)
	at sun.reflect.DelegatingMethodAccessorImpl.invoke(DelegatingMethodAccessorImpl.java:25)
	at java.lang.reflect.Method.invoke(Method.java:585)
	at junit.framework.TestCase.runTest(TestCase.java:168)
	at junit.framework.TestCase.runBare(TestCase.java:134)
	at junit.framework.TestResult$1.protect(TestResult.java:110)
	at junit.framework.TestResult.runProtected(TestResult.java:128)
	at junit.framework.TestResult.run(TestResult.java:113)
	at junit.framework.TestCase.run(TestCase.java:124)
	at junit.framework.TestSuite.runTest(TestSuite.java:232)
	at junit.framework.TestSuite.run(TestSuite.java:227)
	at junit.framework.TestSuite.runTest(TestSuite.java:232)
	at junit.framework.TestSuite.run(TestSuite.java:227)
	at junit.framework.TestSuite.runTest(TestSuite.java:232)
	at junit.framework.TestSuite.run(TestSuite.java:227)
	at org.apache.tools.ant.taskdefs.optional.junit.JUnitTestRunner.run(JUnitTestRunner.java:421)
	at org.apache.tools.ant.taskdefs.optional.junit.JUnitTestRunner.launch(JUnitTestRunner.java:912)
	at org.apache.tools.ant.taskdefs.optional.junit.JUnitTestRunner.main(JUnitTestRunner.java:766)
Caused by: javax.persistence.PersistenceException
	at com.topcoder.service.studio.contest.failuretests.mock.MockEntityManager.persist(MockEntityManager.java:73)
	at com.topcoder.service.studio.contest.bean.ContestManagerBean.addContestChannel(ContestManagerBean.java:1251)
	... 20 more
[Exit method: addContestChannel()]
[Enter method: updateContestChannel()]
[param1: null]
The contest channel with id 'null' doesn't exist.
com.topcoder.service.studio.contest.EntityNotFoundException: The contest channel with id 'null' doesn't exist.
	at com.topcoder.service.studio.contest.bean.ContestManagerBean.wrapEntityNotFoundException(ContestManagerBean.java:2186)
	at com.topcoder.service.studio.contest.bean.ContestManagerBean.updateContestChannel(ContestManagerBean.java:1290)
	at com.topcoder.service.studio.contest.failuretests.ContestManagerBeanFailureTest.test_UpdateContestChannel_Failure1(ContestManagerBeanFailureTest.java:2276)
	at sun.reflect.NativeMethodAccessorImpl.invoke0(Native Method)
	at sun.reflect.NativeMethodAccessorImpl.invoke(NativeMethodAccessorImpl.java:39)
	at sun.reflect.DelegatingMethodAccessorImpl.invoke(DelegatingMethodAccessorImpl.java:25)
	at java.lang.reflect.Method.invoke(Method.java:585)
	at junit.framework.TestCase.runTest(TestCase.java:168)
	at junit.framework.TestCase.runBare(TestCase.java:134)
	at junit.framework.TestResult$1.protect(TestResult.java:110)
	at junit.framework.TestResult.runProtected(TestResult.java:128)
	at junit.framework.TestResult.run(TestResult.java:113)
	at junit.framework.TestCase.run(TestCase.java:124)
	at junit.framework.TestSuite.runTest(TestSuite.java:232)
	at junit.framework.TestSuite.run(TestSuite.java:227)
	at junit.framework.TestSuite.runTest(TestSuite.java:232)
	at junit.framework.TestSuite.run(TestSuite.java:227)
	at junit.framework.TestSuite.runTest(TestSuite.java:232)
	at junit.framework.TestSuite.run(TestSuite.java:227)
	at org.apache.tools.ant.taskdefs.optional.junit.JUnitTestRunner.run(JUnitTestRunner.java:421)
	at org.apache.tools.ant.taskdefs.optional.junit.JUnitTestRunner.launch(JUnitTestRunner.java:912)
	at org.apache.tools.ant.taskdefs.optional.junit.JUnitTestRunner.main(JUnitTestRunner.java:766)
[Exit method: updateContestChannel()]
[Enter method: addContestChannel()]
[param1: null]
[Exit method: addContestChannel()]
[Enter method: updateContestChannel()]
[param1: 2]
The EntityManager is closed.
com.topcoder.service.studio.contest.ContestManagementException: The EntityManager is closed.
	at com.topcoder.service.studio.contest.bean.ContestManagerBean.wrapContestManagementException(ContestManagerBean.java:2223)
	at com.topcoder.service.studio.contest.bean.ContestManagerBean.updateContestChannel(ContestManagerBean.java:1296)
	at com.topcoder.service.studio.contest.failuretests.ContestManagerBeanFailureTest.test_UpdateContestChannel_Failure2(ContestManagerBeanFailureTest.java:2316)
	at sun.reflect.NativeMethodAccessorImpl.invoke0(Native Method)
	at sun.reflect.NativeMethodAccessorImpl.invoke(NativeMethodAccessorImpl.java:39)
	at sun.reflect.DelegatingMethodAccessorImpl.invoke(DelegatingMethodAccessorImpl.java:25)
	at java.lang.reflect.Method.invoke(Method.java:585)
	at junit.framework.TestCase.runTest(TestCase.java:168)
	at junit.framework.TestCase.runBare(TestCase.java:134)
	at junit.framework.TestResult$1.protect(TestResult.java:110)
	at junit.framework.TestResult.runProtected(TestResult.java:128)
	at junit.framework.TestResult.run(TestResult.java:113)
	at junit.framework.TestCase.run(TestCase.java:124)
	at junit.framework.TestSuite.runTest(TestSuite.java:232)
	at junit.framework.TestSuite.run(TestSuite.java:227)
	at junit.framework.TestSuite.runTest(TestSuite.java:232)
	at junit.framework.TestSuite.run(TestSuite.java:227)
	at junit.framework.TestSuite.runTest(TestSuite.java:232)
	at junit.framework.TestSuite.run(TestSuite.java:227)
	at org.apache.tools.ant.taskdefs.optional.junit.JUnitTestRunner.run(JUnitTestRunner.java:421)
	at org.apache.tools.ant.taskdefs.optional.junit.JUnitTestRunner.launch(JUnitTestRunner.java:912)
	at org.apache.tools.ant.taskdefs.optional.junit.JUnitTestRunner.main(JUnitTestRunner.java:766)
Caused by: java.lang.IllegalStateException: EntityManager is closed
	at org.hibernate.ejb.EntityManagerImpl.getSession(EntityManagerImpl.java:42)
	at org.hibernate.ejb.AbstractEntityManagerImpl.find(AbstractEntityManagerImpl.java:175)
	at com.topcoder.service.studio.contest.failuretests.mock.MockEntityManager.find(MockEntityManager.java:134)
	at com.topcoder.service.studio.contest.bean.ContestManagerBean.updateContestChannel(ContestManagerBean.java:1288)
	... 20 more
[Exit method: updateContestChannel()]
[Enter method: addContestChannel()]
[param1: null]
[Exit method: addContestChannel()]
[Enter method: updateContestChannel()]
[param1: 3]
This method is required to run in transaction.
com.topcoder.service.studio.contest.ContestManagementException: This method is required to run in transaction.
	at com.topcoder.service.studio.contest.bean.ContestManagerBean.wrapContestManagementException(ContestManagerBean.java:2223)
	at com.topcoder.service.studio.contest.bean.ContestManagerBean.updateContestChannel(ContestManagerBean.java:1299)
	at com.topcoder.service.studio.contest.failuretests.ContestManagerBeanFailureTest.test_UpdateContestChannel_Failure3(ContestManagerBeanFailureTest.java:2356)
	at sun.reflect.NativeMethodAccessorImpl.invoke0(Native Method)
	at sun.reflect.NativeMethodAccessorImpl.invoke(NativeMethodAccessorImpl.java:39)
	at sun.reflect.DelegatingMethodAccessorImpl.invoke(DelegatingMethodAccessorImpl.java:25)
	at java.lang.reflect.Method.invoke(Method.java:585)
	at junit.framework.TestCase.runTest(TestCase.java:168)
	at junit.framework.TestCase.runBare(TestCase.java:134)
	at junit.framework.TestResult$1.protect(TestResult.java:110)
	at junit.framework.TestResult.runProtected(TestResult.java:128)
	at junit.framework.TestResult.run(TestResult.java:113)
	at junit.framework.TestCase.run(TestCase.java:124)
	at junit.framework.TestSuite.runTest(TestSuite.java:232)
	at junit.framework.TestSuite.run(TestSuite.java:227)
	at junit.framework.TestSuite.runTest(TestSuite.java:232)
	at junit.framework.TestSuite.run(TestSuite.java:227)
	at junit.framework.TestSuite.runTest(TestSuite.java:232)
	at junit.framework.TestSuite.run(TestSuite.java:227)
	at org.apache.tools.ant.taskdefs.optional.junit.JUnitTestRunner.run(JUnitTestRunner.java:421)
	at org.apache.tools.ant.taskdefs.optional.junit.JUnitTestRunner.launch(JUnitTestRunner.java:912)
	at org.apache.tools.ant.taskdefs.optional.junit.JUnitTestRunner.main(JUnitTestRunner.java:766)
Caused by: javax.persistence.TransactionRequiredException
	at com.topcoder.service.studio.contest.failuretests.mock.MockEntityManager.find(MockEntityManager.java:131)
	at com.topcoder.service.studio.contest.bean.ContestManagerBean.updateContestChannel(ContestManagerBean.java:1288)
	... 20 more
[Exit method: updateContestChannel()]
[Enter method: addContestChannel()]
[param1: null]
[Exit method: addContestChannel()]
[Enter method: updateContestChannel()]
[param1: 4]
There are errors while persisting the entity.
com.topcoder.service.studio.contest.ContestManagementException: There are errors while persisting the entity.
	at com.topcoder.service.studio.contest.bean.ContestManagerBean.wrapContestManagementException(ContestManagerBean.java:2223)
	at com.topcoder.service.studio.contest.bean.ContestManagerBean.updateContestChannel(ContestManagerBean.java:1302)
	at com.topcoder.service.studio.contest.failuretests.ContestManagerBeanFailureTest.test_UpdateContestChannel_Failure4(ContestManagerBeanFailureTest.java:2395)
	at sun.reflect.NativeMethodAccessorImpl.invoke0(Native Method)
	at sun.reflect.NativeMethodAccessorImpl.invoke(NativeMethodAccessorImpl.java:39)
	at sun.reflect.DelegatingMethodAccessorImpl.invoke(DelegatingMethodAccessorImpl.java:25)
	at java.lang.reflect.Method.invoke(Method.java:585)
	at junit.framework.TestCase.runTest(TestCase.java:168)
	at junit.framework.TestCase.runBare(TestCase.java:134)
	at junit.framework.TestResult$1.protect(TestResult.java:110)
	at junit.framework.TestResult.runProtected(TestResult.java:128)
	at junit.framework.TestResult.run(TestResult.java:113)
	at junit.framework.TestCase.run(TestCase.java:124)
	at junit.framework.TestSuite.runTest(TestSuite.java:232)
	at junit.framework.TestSuite.run(TestSuite.java:227)
	at junit.framework.TestSuite.runTest(TestSuite.java:232)
	at junit.framework.TestSuite.run(TestSuite.java:227)
	at junit.framework.TestSuite.runTest(TestSuite.java:232)
	at junit.framework.TestSuite.run(TestSuite.java:227)
	at org.apache.tools.ant.taskdefs.optional.junit.JUnitTestRunner.run(JUnitTestRunner.java:421)
	at org.apache.tools.ant.taskdefs.optional.junit.JUnitTestRunner.launch(JUnitTestRunner.java:912)
	at org.apache.tools.ant.taskdefs.optional.junit.JUnitTestRunner.main(JUnitTestRunner.java:766)
Caused by: javax.persistence.PersistenceException
	at com.topcoder.service.studio.contest.failuretests.mock.MockEntityManager.find(MockEntityManager.java:127)
	at com.topcoder.service.studio.contest.bean.ContestManagerBean.updateContestChannel(ContestManagerBean.java:1288)
	... 20 more
[Exit method: updateContestChannel()]
[Enter method: getContestChannel()]
[param1: 1]
The EntityManager is closed.
com.topcoder.service.studio.contest.ContestManagementException: The EntityManager is closed.
	at com.topcoder.service.studio.contest.bean.ContestManagerBean.wrapContestManagementException(ContestManagerBean.java:2223)
	at com.topcoder.service.studio.contest.bean.ContestManagerBean.getContestChannel(ContestManagerBean.java:1378)
	at com.topcoder.service.studio.contest.failuretests.ContestManagerBeanFailureTest.test_GetContestChannel_Failure1(ContestManagerBeanFailureTest.java:2419)
	at sun.reflect.NativeMethodAccessorImpl.invoke0(Native Method)
	at sun.reflect.NativeMethodAccessorImpl.invoke(NativeMethodAccessorImpl.java:39)
	at sun.reflect.DelegatingMethodAccessorImpl.invoke(DelegatingMethodAccessorImpl.java:25)
	at java.lang.reflect.Method.invoke(Method.java:585)
	at junit.framework.TestCase.runTest(TestCase.java:168)
	at junit.framework.TestCase.runBare(TestCase.java:134)
	at junit.framework.TestResult$1.protect(TestResult.java:110)
	at junit.framework.TestResult.runProtected(TestResult.java:128)
	at junit.framework.TestResult.run(TestResult.java:113)
	at junit.framework.TestCase.run(TestCase.java:124)
	at junit.framework.TestSuite.runTest(TestSuite.java:232)
	at junit.framework.TestSuite.run(TestSuite.java:227)
	at junit.framework.TestSuite.runTest(TestSuite.java:232)
	at junit.framework.TestSuite.run(TestSuite.java:227)
	at junit.framework.TestSuite.runTest(TestSuite.java:232)
	at junit.framework.TestSuite.run(TestSuite.java:227)
	at org.apache.tools.ant.taskdefs.optional.junit.JUnitTestRunner.run(JUnitTestRunner.java:421)
	at org.apache.tools.ant.taskdefs.optional.junit.JUnitTestRunner.launch(JUnitTestRunner.java:912)
	at org.apache.tools.ant.taskdefs.optional.junit.JUnitTestRunner.main(JUnitTestRunner.java:766)
Caused by: java.lang.IllegalStateException: EntityManager is closed
	at org.hibernate.ejb.EntityManagerImpl.getSession(EntityManagerImpl.java:42)
	at org.hibernate.ejb.AbstractEntityManagerImpl.find(AbstractEntityManagerImpl.java:175)
	at com.topcoder.service.studio.contest.failuretests.mock.MockEntityManager.find(MockEntityManager.java:134)
	at com.topcoder.service.studio.contest.bean.ContestManagerBean.getContestChannel(ContestManagerBean.java:1373)
	... 20 more
[Exit method: getContestChannel()]
[Enter method: getContestChannel()]
[param1: 1]
There are errors while persisting the entity.
com.topcoder.service.studio.contest.ContestManagementException: There are errors while persisting the entity.
	at com.topcoder.service.studio.contest.bean.ContestManagerBean.wrapContestManagementException(ContestManagerBean.java:2223)
	at com.topcoder.service.studio.contest.bean.ContestManagerBean.getContestChannel(ContestManagerBean.java:1381)
	at com.topcoder.service.studio.contest.failuretests.ContestManagerBeanFailureTest.test_GetContestChannel_Failure2(ContestManagerBeanFailureTest.java:2443)
	at sun.reflect.NativeMethodAccessorImpl.invoke0(Native Method)
	at sun.reflect.NativeMethodAccessorImpl.invoke(NativeMethodAccessorImpl.java:39)
	at sun.reflect.DelegatingMethodAccessorImpl.invoke(DelegatingMethodAccessorImpl.java:25)
	at java.lang.reflect.Method.invoke(Method.java:585)
	at junit.framework.TestCase.runTest(TestCase.java:168)
	at junit.framework.TestCase.runBare(TestCase.java:134)
	at junit.framework.TestResult$1.protect(TestResult.java:110)
	at junit.framework.TestResult.runProtected(TestResult.java:128)
	at junit.framework.TestResult.run(TestResult.java:113)
	at junit.framework.TestCase.run(TestCase.java:124)
	at junit.framework.TestSuite.runTest(TestSuite.java:232)
	at junit.framework.TestSuite.run(TestSuite.java:227)
	at junit.framework.TestSuite.runTest(TestSuite.java:232)
	at junit.framework.TestSuite.run(TestSuite.java:227)
	at junit.framework.TestSuite.runTest(TestSuite.java:232)
	at junit.framework.TestSuite.run(TestSuite.java:227)
	at org.apache.tools.ant.taskdefs.optional.junit.JUnitTestRunner.run(JUnitTestRunner.java:421)
	at org.apache.tools.ant.taskdefs.optional.junit.JUnitTestRunner.launch(JUnitTestRunner.java:912)
	at org.apache.tools.ant.taskdefs.optional.junit.JUnitTestRunner.main(JUnitTestRunner.java:766)
Caused by: javax.persistence.PersistenceException
	at com.topcoder.service.studio.contest.failuretests.mock.MockEntityManager.find(MockEntityManager.java:127)
	at com.topcoder.service.studio.contest.bean.ContestManagerBean.getContestChannel(ContestManagerBean.java:1373)
	... 20 more
[Exit method: getContestChannel()]
[Enter method: removeContestChannel()]
[param1: 1]
The EntityManager is closed.
com.topcoder.service.studio.contest.ContestManagementException: The EntityManager is closed.
	at com.topcoder.service.studio.contest.bean.ContestManagerBean.wrapContestManagementException(ContestManagerBean.java:2223)
	at com.topcoder.service.studio.contest.bean.ContestManagerBean.removeContestChannel(ContestManagerBean.java:1340)
	at com.topcoder.service.studio.contest.failuretests.ContestManagerBeanFailureTest.test_RemoveContestChannel_Failure1(ContestManagerBeanFailureTest.java:2467)
	at sun.reflect.NativeMethodAccessorImpl.invoke0(Native Method)
	at sun.reflect.NativeMethodAccessorImpl.invoke(NativeMethodAccessorImpl.java:39)
	at sun.reflect.DelegatingMethodAccessorImpl.invoke(DelegatingMethodAccessorImpl.java:25)
	at java.lang.reflect.Method.invoke(Method.java:585)
	at junit.framework.TestCase.runTest(TestCase.java:168)
	at junit.framework.TestCase.runBare(TestCase.java:134)
	at junit.framework.TestResult$1.protect(TestResult.java:110)
	at junit.framework.TestResult.runProtected(TestResult.java:128)
	at junit.framework.TestResult.run(TestResult.java:113)
	at junit.framework.TestCase.run(TestCase.java:124)
	at junit.framework.TestSuite.runTest(TestSuite.java:232)
	at junit.framework.TestSuite.run(TestSuite.java:227)
	at junit.framework.TestSuite.runTest(TestSuite.java:232)
	at junit.framework.TestSuite.run(TestSuite.java:227)
	at junit.framework.TestSuite.runTest(TestSuite.java:232)
	at junit.framework.TestSuite.run(TestSuite.java:227)
	at org.apache.tools.ant.taskdefs.optional.junit.JUnitTestRunner.run(JUnitTestRunner.java:421)
	at org.apache.tools.ant.taskdefs.optional.junit.JUnitTestRunner.launch(JUnitTestRunner.java:912)
	at org.apache.tools.ant.taskdefs.optional.junit.JUnitTestRunner.main(JUnitTestRunner.java:766)
Caused by: java.lang.IllegalStateException: EntityManager is closed
	at org.hibernate.ejb.EntityManagerImpl.getSession(EntityManagerImpl.java:42)
	at org.hibernate.ejb.AbstractEntityManagerImpl.find(AbstractEntityManagerImpl.java:175)
	at com.topcoder.service.studio.contest.failuretests.mock.MockEntityManager.find(MockEntityManager.java:134)
	at com.topcoder.service.studio.contest.bean.ContestManagerBean.removeContestChannel(ContestManagerBean.java:1329)
	... 20 more
[Exit method: removeContestChannel()]
[Enter method: removeContestChannel()]
[param1: 1]
This method is required to run in transaction.
com.topcoder.service.studio.contest.ContestManagementException: This method is required to run in transaction.
	at com.topcoder.service.studio.contest.bean.ContestManagerBean.wrapContestManagementException(ContestManagerBean.java:2223)
	at com.topcoder.service.studio.contest.bean.ContestManagerBean.removeContestChannel(ContestManagerBean.java:1343)
	at com.topcoder.service.studio.contest.failuretests.ContestManagerBeanFailureTest.test_RemoveContestChannel_Failure2(ContestManagerBeanFailureTest.java:2491)
	at sun.reflect.NativeMethodAccessorImpl.invoke0(Native Method)
	at sun.reflect.NativeMethodAccessorImpl.invoke(NativeMethodAccessorImpl.java:39)
	at sun.reflect.DelegatingMethodAccessorImpl.invoke(DelegatingMethodAccessorImpl.java:25)
	at java.lang.reflect.Method.invoke(Method.java:585)
	at junit.framework.TestCase.runTest(TestCase.java:168)
	at junit.framework.TestCase.runBare(TestCase.java:134)
	at junit.framework.TestResult$1.protect(TestResult.java:110)
	at junit.framework.TestResult.runProtected(TestResult.java:128)
	at junit.framework.TestResult.run(TestResult.java:113)
	at junit.framework.TestCase.run(TestCase.java:124)
	at junit.framework.TestSuite.runTest(TestSuite.java:232)
	at junit.framework.TestSuite.run(TestSuite.java:227)
	at junit.framework.TestSuite.runTest(TestSuite.java:232)
	at junit.framework.TestSuite.run(TestSuite.java:227)
	at junit.framework.TestSuite.runTest(TestSuite.java:232)
	at junit.framework.TestSuite.run(TestSuite.java:227)
	at org.apache.tools.ant.taskdefs.optional.junit.JUnitTestRunner.run(JUnitTestRunner.java:421)
	at org.apache.tools.ant.taskdefs.optional.junit.JUnitTestRunner.launch(JUnitTestRunner.java:912)
	at org.apache.tools.ant.taskdefs.optional.junit.JUnitTestRunner.main(JUnitTestRunner.java:766)
Caused by: javax.persistence.TransactionRequiredException
	at com.topcoder.service.studio.contest.failuretests.mock.MockEntityManager.find(MockEntityManager.java:131)
	at com.topcoder.service.studio.contest.bean.ContestManagerBean.removeContestChannel(ContestManagerBean.java:1329)
	... 20 more
[Exit method: removeContestChannel()]
[Enter method: removeContestChannel()]
[param1: 1]
There are errors while persisting the entity.
com.topcoder.service.studio.contest.ContestManagementException: There are errors while persisting the entity.
	at com.topcoder.service.studio.contest.bean.ContestManagerBean.wrapContestManagementException(ContestManagerBean.java:2223)
	at com.topcoder.service.studio.contest.bean.ContestManagerBean.removeContestChannel(ContestManagerBean.java:1346)
	at com.topcoder.service.studio.contest.failuretests.ContestManagerBeanFailureTest.test_RemoveContestChannel_Failure3(ContestManagerBeanFailureTest.java:2515)
	at sun.reflect.NativeMethodAccessorImpl.invoke0(Native Method)
	at sun.reflect.NativeMethodAccessorImpl.invoke(NativeMethodAccessorImpl.java:39)
	at sun.reflect.DelegatingMethodAccessorImpl.invoke(DelegatingMethodAccessorImpl.java:25)
	at java.lang.reflect.Method.invoke(Method.java:585)
	at junit.framework.TestCase.runTest(TestCase.java:168)
	at junit.framework.TestCase.runBare(TestCase.java:134)
	at junit.framework.TestResult$1.protect(TestResult.java:110)
	at junit.framework.TestResult.runProtected(TestResult.java:128)
	at junit.framework.TestResult.run(TestResult.java:113)
	at junit.framework.TestCase.run(TestCase.java:124)
	at junit.framework.TestSuite.runTest(TestSuite.java:232)
	at junit.framework.TestSuite.run(TestSuite.java:227)
	at junit.framework.TestSuite.runTest(TestSuite.java:232)
	at junit.framework.TestSuite.run(TestSuite.java:227)
	at junit.framework.TestSuite.runTest(TestSuite.java:232)
	at junit.framework.TestSuite.run(TestSuite.java:227)
	at org.apache.tools.ant.taskdefs.optional.junit.JUnitTestRunner.run(JUnitTestRunner.java:421)
	at org.apache.tools.ant.taskdefs.optional.junit.JUnitTestRunner.launch(JUnitTestRunner.java:912)
	at org.apache.tools.ant.taskdefs.optional.junit.JUnitTestRunner.main(JUnitTestRunner.java:766)
Caused by: javax.persistence.PersistenceException
	at com.topcoder.service.studio.contest.failuretests.mock.MockEntityManager.find(MockEntityManager.java:127)
	at com.topcoder.service.studio.contest.bean.ContestManagerBean.removeContestChannel(ContestManagerBean.java:1329)
	... 20 more
[Exit method: removeContestChannel()]
[Enter method: addConfig()]
[param1: 0]
The EntityManager is closed.
com.topcoder.service.studio.contest.ContestManagementException: The EntityManager is closed.
	at com.topcoder.service.studio.contest.bean.ContestManagerBean.wrapContestManagementException(ContestManagerBean.java:2223)
	at com.topcoder.service.studio.contest.bean.ContestManagerBean.addConfig(ContestManagerBean.java:1424)
	at com.topcoder.service.studio.contest.failuretests.ContestManagerBeanFailureTest.test_AddConfig_Failure1(ContestManagerBeanFailureTest.java:2544)
	at sun.reflect.NativeMethodAccessorImpl.invoke0(Native Method)
	at sun.reflect.NativeMethodAccessorImpl.invoke(NativeMethodAccessorImpl.java:39)
	at sun.reflect.DelegatingMethodAccessorImpl.invoke(DelegatingMethodAccessorImpl.java:25)
	at java.lang.reflect.Method.invoke(Method.java:585)
	at junit.framework.TestCase.runTest(TestCase.java:168)
	at junit.framework.TestCase.runBare(TestCase.java:134)
	at junit.framework.TestResult$1.protect(TestResult.java:110)
	at junit.framework.TestResult.runProtected(TestResult.java:128)
	at junit.framework.TestResult.run(TestResult.java:113)
	at junit.framework.TestCase.run(TestCase.java:124)
	at junit.framework.TestSuite.runTest(TestSuite.java:232)
	at junit.framework.TestSuite.run(TestSuite.java:227)
	at junit.framework.TestSuite.runTest(TestSuite.java:232)
	at junit.framework.TestSuite.run(TestSuite.java:227)
	at junit.framework.TestSuite.runTest(TestSuite.java:232)
	at junit.framework.TestSuite.run(TestSuite.java:227)
	at org.apache.tools.ant.taskdefs.optional.junit.JUnitTestRunner.run(JUnitTestRunner.java:421)
	at org.apache.tools.ant.taskdefs.optional.junit.JUnitTestRunner.launch(JUnitTestRunner.java:912)
	at org.apache.tools.ant.taskdefs.optional.junit.JUnitTestRunner.main(JUnitTestRunner.java:766)
Caused by: java.lang.IllegalStateException: EntityManager is closed
	at org.hibernate.ejb.EntityManagerImpl.getSession(EntityManagerImpl.java:42)
	at org.hibernate.ejb.AbstractEntityManagerImpl.find(AbstractEntityManagerImpl.java:175)
	at com.topcoder.service.studio.contest.failuretests.mock.MockEntityManager.find(MockEntityManager.java:134)
	at com.topcoder.service.studio.contest.bean.ContestManagerBean.addConfig(ContestManagerBean.java:1410)
	... 20 more
[Exit method: addConfig()]
[Enter method: addConfig()]
[param1: 0]
This method is required to run in transaction.
com.topcoder.service.studio.contest.ContestManagementException: This method is required to run in transaction.
	at com.topcoder.service.studio.contest.bean.ContestManagerBean.wrapContestManagementException(ContestManagerBean.java:2223)
	at com.topcoder.service.studio.contest.bean.ContestManagerBean.addConfig(ContestManagerBean.java:1427)
	at com.topcoder.service.studio.contest.failuretests.ContestManagerBeanFailureTest.test_AddConfig_Failure2(ContestManagerBeanFailureTest.java:2573)
	at sun.reflect.NativeMethodAccessorImpl.invoke0(Native Method)
	at sun.reflect.NativeMethodAccessorImpl.invoke(NativeMethodAccessorImpl.java:39)
	at sun.reflect.DelegatingMethodAccessorImpl.invoke(DelegatingMethodAccessorImpl.java:25)
	at java.lang.reflect.Method.invoke(Method.java:585)
	at junit.framework.TestCase.runTest(TestCase.java:168)
	at junit.framework.TestCase.runBare(TestCase.java:134)
	at junit.framework.TestResult$1.protect(TestResult.java:110)
	at junit.framework.TestResult.runProtected(TestResult.java:128)
	at junit.framework.TestResult.run(TestResult.java:113)
	at junit.framework.TestCase.run(TestCase.java:124)
	at junit.framework.TestSuite.runTest(TestSuite.java:232)
	at junit.framework.TestSuite.run(TestSuite.java:227)
	at junit.framework.TestSuite.runTest(TestSuite.java:232)
	at junit.framework.TestSuite.run(TestSuite.java:227)
	at junit.framework.TestSuite.runTest(TestSuite.java:232)
	at junit.framework.TestSuite.run(TestSuite.java:227)
	at org.apache.tools.ant.taskdefs.optional.junit.JUnitTestRunner.run(JUnitTestRunner.java:421)
	at org.apache.tools.ant.taskdefs.optional.junit.JUnitTestRunner.launch(JUnitTestRunner.java:912)
	at org.apache.tools.ant.taskdefs.optional.junit.JUnitTestRunner.main(JUnitTestRunner.java:766)
Caused by: javax.persistence.TransactionRequiredException
	at com.topcoder.service.studio.contest.failuretests.mock.MockEntityManager.find(MockEntityManager.java:131)
	at com.topcoder.service.studio.contest.bean.ContestManagerBean.addConfig(ContestManagerBean.java:1410)
	... 20 more
[Exit method: addConfig()]
[Enter method: addConfig()]
[param1: 0]
There are errors while persisting the entity.
com.topcoder.service.studio.contest.ContestManagementException: There are errors while persisting the entity.
	at com.topcoder.service.studio.contest.bean.ContestManagerBean.wrapContestManagementException(ContestManagerBean.java:2223)
	at com.topcoder.service.studio.contest.bean.ContestManagerBean.addConfig(ContestManagerBean.java:1430)
	at com.topcoder.service.studio.contest.failuretests.ContestManagerBeanFailureTest.test_AddConfig_Failure3(ContestManagerBeanFailureTest.java:2602)
	at sun.reflect.NativeMethodAccessorImpl.invoke0(Native Method)
	at sun.reflect.NativeMethodAccessorImpl.invoke(NativeMethodAccessorImpl.java:39)
	at sun.reflect.DelegatingMethodAccessorImpl.invoke(DelegatingMethodAccessorImpl.java:25)
	at java.lang.reflect.Method.invoke(Method.java:585)
	at junit.framework.TestCase.runTest(TestCase.java:168)
	at junit.framework.TestCase.runBare(TestCase.java:134)
	at junit.framework.TestResult$1.protect(TestResult.java:110)
	at junit.framework.TestResult.runProtected(TestResult.java:128)
	at junit.framework.TestResult.run(TestResult.java:113)
	at junit.framework.TestCase.run(TestCase.java:124)
	at junit.framework.TestSuite.runTest(TestSuite.java:232)
	at junit.framework.TestSuite.run(TestSuite.java:227)
	at junit.framework.TestSuite.runTest(TestSuite.java:232)
	at junit.framework.TestSuite.run(TestSuite.java:227)
	at junit.framework.TestSuite.runTest(TestSuite.java:232)
	at junit.framework.TestSuite.run(TestSuite.java:227)
	at org.apache.tools.ant.taskdefs.optional.junit.JUnitTestRunner.run(JUnitTestRunner.java:421)
	at org.apache.tools.ant.taskdefs.optional.junit.JUnitTestRunner.launch(JUnitTestRunner.java:912)
	at org.apache.tools.ant.taskdefs.optional.junit.JUnitTestRunner.main(JUnitTestRunner.java:766)
Caused by: javax.persistence.PersistenceException
	at com.topcoder.service.studio.contest.failuretests.mock.MockEntityManager.find(MockEntityManager.java:127)
	at com.topcoder.service.studio.contest.bean.ContestManagerBean.addConfig(ContestManagerBean.java:1410)
	... 20 more
[Exit method: addConfig()]
[08-4-11 下午10:18: Enter method start()]
[08-4-11 下午10:18: Exit method Start()]
[Enter method: addDocument()]
[param1: null]
[Exit method: addDocument()]
[Enter method: saveDocumentContent()]
[Exit method: saveDocumentContent()]
[08-4-11 下午10:18: Enter method stop()]
[08-4-11 下午10:18: Exit method stop()]
[Enter method: saveDocumentContent()]
[param1: 100, param2: [B@1144f66]
Hibernate: /* load com.topcoder.service.studio.contest.Document */ select document0_.document_id as document1_2420_0_, document0_.original_file_name as original2_2420_0_, document0_.system_file_name as system3_2420_0_, document0_.path_id as path4_2420_0_, document0_.mime_type_id as mime5_2420_0_, document0_.document_type_id as document6_2420_0_, document0_.create_date as create7_2420_0_ from document document0_ where document0_.document_id=?
The document with id '100' doesn't exist.
com.topcoder.service.studio.contest.EntityNotFoundException: The document with id '100' doesn't exist.
	at com.topcoder.service.studio.contest.bean.ContestManagerBean.wrapEntityNotFoundException(ContestManagerBean.java:2186)
	at com.topcoder.service.studio.contest.bean.ContestManagerBean.saveDocumentContent(ContestManagerBean.java:1546)
	at com.topcoder.service.studio.contest.failuretests.ContestManagerBeanFailureTest.test_SaveDocumentContent_Failure2(ContestManagerBeanFailureTest.java:2690)
	at sun.reflect.NativeMethodAccessorImpl.invoke0(Native Method)
	at sun.reflect.NativeMethodAccessorImpl.invoke(NativeMethodAccessorImpl.java:39)
	at sun.reflect.DelegatingMethodAccessorImpl.invoke(DelegatingMethodAccessorImpl.java:25)
	at java.lang.reflect.Method.invoke(Method.java:585)
	at junit.framework.TestCase.runTest(TestCase.java:168)
	at junit.framework.TestCase.runBare(TestCase.java:134)
	at junit.framework.TestResult$1.protect(TestResult.java:110)
	at junit.framework.TestResult.runProtected(TestResult.java:128)
	at junit.framework.TestResult.run(TestResult.java:113)
	at junit.framework.TestCase.run(TestCase.java:124)
	at junit.framework.TestSuite.runTest(TestSuite.java:232)
	at junit.framework.TestSuite.run(TestSuite.java:227)
	at junit.framework.TestSuite.runTest(TestSuite.java:232)
	at junit.framework.TestSuite.run(TestSuite.java:227)
	at junit.framework.TestSuite.runTest(TestSuite.java:232)
	at junit.framework.TestSuite.run(TestSuite.java:227)
	at org.apache.tools.ant.taskdefs.optional.junit.JUnitTestRunner.run(JUnitTestRunner.java:421)
	at org.apache.tools.ant.taskdefs.optional.junit.JUnitTestRunner.launch(JUnitTestRunner.java:912)
	at org.apache.tools.ant.taskdefs.optional.junit.JUnitTestRunner.main(JUnitTestRunner.java:766)
[Exit method: saveDocumentContent()]
[Enter method: addDocument()]
[param1: null]
Hibernate: /* load com.topcoder.service.studio.contest.FilePath */ select filepath0_.path_id as path1_2406_0_, filepath0_.path as path2406_0_, filepath0_.modify_date as modify3_2406_0_ from path filepath0_ where filepath0_.path_id=?
The file path with specified defaultDocumentPathId doesn't exist.
com.topcoder.service.studio.contest.ContestManagementException: The file path with specified defaultDocumentPathId doesn't exist.
	at com.topcoder.service.studio.contest.bean.ContestManagerBean.wrapContestManagementException(ContestManagerBean.java:2204)
	at com.topcoder.service.studio.contest.bean.ContestManagerBean.addDocument(ContestManagerBean.java:962)
	at com.topcoder.service.studio.contest.failuretests.ContestManagerBeanFailureTest.test_SaveDocumentContent_Failure3(ContestManagerBeanFailureTest.java:2720)
	at sun.reflect.NativeMethodAccessorImpl.invoke0(Native Method)
	at sun.reflect.NativeMethodAccessorImpl.invoke(NativeMethodAccessorImpl.java:39)
	at sun.reflect.DelegatingMethodAccessorImpl.invoke(DelegatingMethodAccessorImpl.java:25)
	at java.lang.reflect.Method.invoke(Method.java:585)
	at junit.framework.TestCase.runTest(TestCase.java:168)
	at junit.framework.TestCase.runBare(TestCase.java:134)
	at junit.framework.TestResult$1.protect(TestResult.java:110)
	at junit.framework.TestResult.runProtected(TestResult.java:128)
	at junit.framework.TestResult.run(TestResult.java:113)
	at junit.framework.TestCase.run(TestCase.java:124)
	at junit.framework.TestSuite.runTest(TestSuite.java:232)
	at junit.framework.TestSuite.run(TestSuite.java:227)
	at junit.framework.TestSuite.runTest(TestSuite.java:232)
	at junit.framework.TestSuite.run(TestSuite.java:227)
	at junit.framework.TestSuite.runTest(TestSuite.java:232)
	at junit.framework.TestSuite.run(TestSuite.java:227)
	at org.apache.tools.ant.taskdefs.optional.junit.JUnitTestRunner.run(JUnitTestRunner.java:421)
	at org.apache.tools.ant.taskdefs.optional.junit.JUnitTestRunner.launch(JUnitTestRunner.java:912)
	at org.apache.tools.ant.taskdefs.optional.junit.JUnitTestRunner.main(JUnitTestRunner.java:766)
[Exit method: addDocument()]
[Enter method: addDocument()]
[param1: null]
Hibernate: /* load com.topcoder.service.studio.contest.FilePath */ select filepath0_.path_id as path1_2406_0_, filepath0_.path as path2406_0_, filepath0_.modify_date as modify3_2406_0_ from path filepath0_ where filepath0_.path_id=?
The file path with specified defaultDocumentPathId doesn't exist.
com.topcoder.service.studio.contest.ContestManagementException: The file path with specified defaultDocumentPathId doesn't exist.
	at com.topcoder.service.studio.contest.bean.ContestManagerBean.wrapContestManagementException(ContestManagerBean.java:2204)
	at com.topcoder.service.studio.contest.bean.ContestManagerBean.addDocument(ContestManagerBean.java:962)
	at com.topcoder.service.studio.contest.failuretests.ContestManagerBeanFailureTest.test_SaveDocumentContent_Failure4(ContestManagerBeanFailureTest.java:2758)
	at sun.reflect.NativeMethodAccessorImpl.invoke0(Native Method)
	at sun.reflect.NativeMethodAccessorImpl.invoke(NativeMethodAccessorImpl.java:39)
	at sun.reflect.DelegatingMethodAccessorImpl.invoke(DelegatingMethodAccessorImpl.java:25)
	at java.lang.reflect.Method.invoke(Method.java:585)
	at junit.framework.TestCase.runTest(TestCase.java:168)
	at junit.framework.TestCase.runBare(TestCase.java:134)
	at junit.framework.TestResult$1.protect(TestResult.java:110)
	at junit.framework.TestResult.runProtected(TestResult.java:128)
	at junit.framework.TestResult.run(TestResult.java:113)
	at junit.framework.TestCase.run(TestCase.java:124)
	at junit.framework.TestSuite.runTest(TestSuite.java:232)
	at junit.framework.TestSuite.run(TestSuite.java:227)
	at junit.framework.TestSuite.runTest(TestSuite.java:232)
	at junit.framework.TestSuite.run(TestSuite.java:227)
	at junit.framework.TestSuite.runTest(TestSuite.java:232)
	at junit.framework.TestSuite.run(TestSuite.java:227)
	at org.apache.tools.ant.taskdefs.optional.junit.JUnitTestRunner.run(JUnitTestRunner.java:421)
	at org.apache.tools.ant.taskdefs.optional.junit.JUnitTestRunner.launch(JUnitTestRunner.java:912)
	at org.apache.tools.ant.taskdefs.optional.junit.JUnitTestRunner.main(JUnitTestRunner.java:766)
[Exit method: addDocument()]
[Enter method: addDocument()]
[param1: null]
Hibernate: /* load com.topcoder.service.studio.contest.FilePath */ select filepath0_.path_id as path1_2406_0_, filepath0_.path as path2406_0_, filepath0_.modify_date as modify3_2406_0_ from path filepath0_ where filepath0_.path_id=?
The file path with specified defaultDocumentPathId doesn't exist.
com.topcoder.service.studio.contest.ContestManagementException: The file path with specified defaultDocumentPathId doesn't exist.
	at com.topcoder.service.studio.contest.bean.ContestManagerBean.wrapContestManagementException(ContestManagerBean.java:2204)
	at com.topcoder.service.studio.contest.bean.ContestManagerBean.addDocument(ContestManagerBean.java:962)
	at com.topcoder.service.studio.contest.failuretests.ContestManagerBeanFailureTest.test_SaveDocumentContent_Failure5(ContestManagerBeanFailureTest.java:2796)
	at sun.reflect.NativeMethodAccessorImpl.invoke0(Native Method)
	at sun.reflect.NativeMethodAccessorImpl.invoke(NativeMethodAccessorImpl.java:39)
	at sun.reflect.DelegatingMethodAccessorImpl.invoke(DelegatingMethodAccessorImpl.java:25)
	at java.lang.reflect.Method.invoke(Method.java:585)
	at junit.framework.TestCase.runTest(TestCase.java:168)
	at junit.framework.TestCase.runBare(TestCase.java:134)
	at junit.framework.TestResult$1.protect(TestResult.java:110)
	at junit.framework.TestResult.runProtected(TestResult.java:128)
	at junit.framework.TestResult.run(TestResult.java:113)
	at junit.framework.TestCase.run(TestCase.java:124)
	at junit.framework.TestSuite.runTest(TestSuite.java:232)
	at junit.framework.TestSuite.run(TestSuite.java:227)
	at junit.framework.TestSuite.runTest(TestSuite.java:232)
	at junit.framework.TestSuite.run(TestSuite.java:227)
	at junit.framework.TestSuite.runTest(TestSuite.java:232)
	at junit.framework.TestSuite.run(TestSuite.java:227)
	at org.apache.tools.ant.taskdefs.optional.junit.JUnitTestRunner.run(JUnitTestRunner.java:421)
	at org.apache.tools.ant.taskdefs.optional.junit.JUnitTestRunner.launch(JUnitTestRunner.java:912)
	at org.apache.tools.ant.taskdefs.optional.junit.JUnitTestRunner.main(JUnitTestRunner.java:766)
[Exit method: addDocument()]
[Enter method: addDocument()]
[param1: null]
Hibernate: /* load com.topcoder.service.studio.contest.FilePath */ select filepath0_.path_id as path1_2406_0_, filepath0_.path as path2406_0_, filepath0_.modify_date as modify3_2406_0_ from path filepath0_ where filepath0_.path_id=?
The file path with specified defaultDocumentPathId doesn't exist.
com.topcoder.service.studio.contest.ContestManagementException: The file path with specified defaultDocumentPathId doesn't exist.
	at com.topcoder.service.studio.contest.bean.ContestManagerBean.wrapContestManagementException(ContestManagerBean.java:2204)
	at com.topcoder.service.studio.contest.bean.ContestManagerBean.addDocument(ContestManagerBean.java:962)
	at com.topcoder.service.studio.contest.failuretests.ContestManagerBeanFailureTest.test_SaveDocumentContent_Failure6(ContestManagerBeanFailureTest.java:2834)
	at sun.reflect.NativeMethodAccessorImpl.invoke0(Native Method)
	at sun.reflect.NativeMethodAccessorImpl.invoke(NativeMethodAccessorImpl.java:39)
	at sun.reflect.DelegatingMethodAccessorImpl.invoke(DelegatingMethodAccessorImpl.java:25)
	at java.lang.reflect.Method.invoke(Method.java:585)
	at junit.framework.TestCase.runTest(TestCase.java:168)
	at junit.framework.TestCase.runBare(TestCase.java:134)
	at junit.framework.TestResult$1.protect(TestResult.java:110)
	at junit.framework.TestResult.runProtected(TestResult.java:128)
	at junit.framework.TestResult.run(TestResult.java:113)
	at junit.framework.TestCase.run(TestCase.java:124)
	at junit.framework.TestSuite.runTest(TestSuite.java:232)
	at junit.framework.TestSuite.run(TestSuite.java:227)
	at junit.framework.TestSuite.runTest(TestSuite.java:232)
	at junit.framework.TestSuite.run(TestSuite.java:227)
	at junit.framework.TestSuite.runTest(TestSuite.java:232)
	at junit.framework.TestSuite.run(TestSuite.java:227)
	at org.apache.tools.ant.taskdefs.optional.junit.JUnitTestRunner.run(JUnitTestRunner.java:421)
	at org.apache.tools.ant.taskdefs.optional.junit.JUnitTestRunner.launch(JUnitTestRunner.java:912)
	at org.apache.tools.ant.taskdefs.optional.junit.JUnitTestRunner.main(JUnitTestRunner.java:766)
[Exit method: addDocument()]
[Enter method: getAllContestSatuses()]
The EntityManager is closed.
com.topcoder.service.studio.contest.ContestManagementException: The EntityManager is closed.
	at com.topcoder.service.studio.contest.bean.ContestManagerBean.wrapContestManagementException(ContestManagerBean.java:2223)
	at com.topcoder.service.studio.contest.bean.ContestManagerBean.getAllContestStatuses(ContestManagerBean.java:1715)
	at com.topcoder.service.studio.contest.failuretests.ContestManagerBeanFailureTest.test_GetAllContestStatuses_Failure1(ContestManagerBeanFailureTest.java:2864)
	at sun.reflect.NativeMethodAccessorImpl.invoke0(Native Method)
	at sun.reflect.NativeMethodAccessorImpl.invoke(NativeMethodAccessorImpl.java:39)
	at sun.reflect.DelegatingMethodAccessorImpl.invoke(DelegatingMethodAccessorImpl.java:25)
	at java.lang.reflect.Method.invoke(Method.java:585)
	at junit.framework.TestCase.runTest(TestCase.java:168)
	at junit.framework.TestCase.runBare(TestCase.java:134)
	at junit.framework.TestResult$1.protect(TestResult.java:110)
	at junit.framework.TestResult.runProtected(TestResult.java:128)
	at junit.framework.TestResult.run(TestResult.java:113)
	at junit.framework.TestCase.run(TestCase.java:124)
	at junit.framework.TestSuite.runTest(TestSuite.java:232)
	at junit.framework.TestSuite.run(TestSuite.java:227)
	at junit.framework.TestSuite.runTest(TestSuite.java:232)
	at junit.framework.TestSuite.run(TestSuite.java:227)
	at junit.framework.TestSuite.runTest(TestSuite.java:232)
	at junit.framework.TestSuite.run(TestSuite.java:227)
	at org.apache.tools.ant.taskdefs.optional.junit.JUnitTestRunner.run(JUnitTestRunner.java:421)
	at org.apache.tools.ant.taskdefs.optional.junit.JUnitTestRunner.launch(JUnitTestRunner.java:912)
	at org.apache.tools.ant.taskdefs.optional.junit.JUnitTestRunner.main(JUnitTestRunner.java:766)
Caused by: java.lang.IllegalStateException: EntityManager is closed
	at org.hibernate.ejb.EntityManagerImpl.getSession(EntityManagerImpl.java:42)
	at org.hibernate.ejb.AbstractEntityManagerImpl.createQuery(AbstractEntityManagerImpl.java:93)
	at com.topcoder.service.studio.contest.failuretests.mock.MockEntityManager.createQuery(MockEntityManager.java:243)
	at com.topcoder.service.studio.contest.bean.ContestManagerBean.getAllContestStatuses(ContestManagerBean.java:1703)
	... 20 more
[Exit method: getAllContestSatuses()]
[Enter method: getAllContestSatuses()]
There are errors while persisting the entity.
com.topcoder.service.studio.contest.ContestManagementException: There are errors while persisting the entity.
	at com.topcoder.service.studio.contest.bean.ContestManagerBean.wrapContestManagementException(ContestManagerBean.java:2223)
	at com.topcoder.service.studio.contest.bean.ContestManagerBean.getAllContestStatuses(ContestManagerBean.java:1718)
	at com.topcoder.service.studio.contest.failuretests.ContestManagerBeanFailureTest.test_GetAllContestStatuses_Failure2(ContestManagerBeanFailureTest.java:2888)
	at sun.reflect.NativeMethodAccessorImpl.invoke0(Native Method)
	at sun.reflect.NativeMethodAccessorImpl.invoke(NativeMethodAccessorImpl.java:39)
	at sun.reflect.DelegatingMethodAccessorImpl.invoke(DelegatingMethodAccessorImpl.java:25)
	at java.lang.reflect.Method.invoke(Method.java:585)
	at junit.framework.TestCase.runTest(TestCase.java:168)
	at junit.framework.TestCase.runBare(TestCase.java:134)
	at junit.framework.TestResult$1.protect(TestResult.java:110)
	at junit.framework.TestResult.runProtected(TestResult.java:128)
	at junit.framework.TestResult.run(TestResult.java:113)
	at junit.framework.TestCase.run(TestCase.java:124)
	at junit.framework.TestSuite.runTest(TestSuite.java:232)
	at junit.framework.TestSuite.run(TestSuite.java:227)
	at junit.framework.TestSuite.runTest(TestSuite.java:232)
	at junit.framework.TestSuite.run(TestSuite.java:227)
	at junit.framework.TestSuite.runTest(TestSuite.java:232)
	at junit.framework.TestSuite.run(TestSuite.java:227)
	at org.apache.tools.ant.taskdefs.optional.junit.JUnitTestRunner.run(JUnitTestRunner.java:421)
	at org.apache.tools.ant.taskdefs.optional.junit.JUnitTestRunner.launch(JUnitTestRunner.java:912)
	at org.apache.tools.ant.taskdefs.optional.junit.JUnitTestRunner.main(JUnitTestRunner.java:766)
Caused by: javax.persistence.TransactionRequiredException
	at com.topcoder.service.studio.contest.failuretests.mock.MockEntityManager.createQuery(MockEntityManager.java:240)
	at com.topcoder.service.studio.contest.bean.ContestManagerBean.getAllContestStatuses(ContestManagerBean.java:1703)
	... 20 more
[Exit method: getAllContestSatuses()]
[Enter method: getAllContestSatuses()]
There are errors while persisting the entity.
com.topcoder.service.studio.contest.ContestManagementException: There are errors while persisting the entity.
	at com.topcoder.service.studio.contest.bean.ContestManagerBean.wrapContestManagementException(ContestManagerBean.java:2223)
	at com.topcoder.service.studio.contest.bean.ContestManagerBean.getAllContestStatuses(ContestManagerBean.java:1718)
	at com.topcoder.service.studio.contest.failuretests.ContestManagerBeanFailureTest.test_GetAllContestStatuses_Failure3(ContestManagerBeanFailureTest.java:2912)
	at sun.reflect.NativeMethodAccessorImpl.invoke0(Native Method)
	at sun.reflect.NativeMethodAccessorImpl.invoke(NativeMethodAccessorImpl.java:39)
	at sun.reflect.DelegatingMethodAccessorImpl.invoke(DelegatingMethodAccessorImpl.java:25)
	at java.lang.reflect.Method.invoke(Method.java:585)
	at junit.framework.TestCase.runTest(TestCase.java:168)
	at junit.framework.TestCase.runBare(TestCase.java:134)
	at junit.framework.TestResult$1.protect(TestResult.java:110)
	at junit.framework.TestResult.runProtected(TestResult.java:128)
	at junit.framework.TestResult.run(TestResult.java:113)
	at junit.framework.TestCase.run(TestCase.java:124)
	at junit.framework.TestSuite.runTest(TestSuite.java:232)
	at junit.framework.TestSuite.run(TestSuite.java:227)
	at junit.framework.TestSuite.runTest(TestSuite.java:232)
	at junit.framework.TestSuite.run(TestSuite.java:227)
	at junit.framework.TestSuite.runTest(TestSuite.java:232)
	at junit.framework.TestSuite.run(TestSuite.java:227)
	at org.apache.tools.ant.taskdefs.optional.junit.JUnitTestRunner.run(JUnitTestRunner.java:421)
	at org.apache.tools.ant.taskdefs.optional.junit.JUnitTestRunner.launch(JUnitTestRunner.java:912)
	at org.apache.tools.ant.taskdefs.optional.junit.JUnitTestRunner.main(JUnitTestRunner.java:766)
Caused by: javax.persistence.PersistenceException
	at com.topcoder.service.studio.contest.failuretests.mock.MockEntityManager.createQuery(MockEntityManager.java:236)
	at com.topcoder.service.studio.contest.bean.ContestManagerBean.getAllContestStatuses(ContestManagerBean.java:1703)
	... 20 more
[Exit method: getAllContestSatuses()]
[Enter method: getAllContestChannels()]
The EntityManager is closed.
com.topcoder.service.studio.contest.ContestManagementException: The EntityManager is closed.
	at com.topcoder.service.studio.contest.bean.ContestManagerBean.wrapContestManagementException(ContestManagerBean.java:2223)
	at com.topcoder.service.studio.contest.bean.ContestManagerBean.getAllContestChannels(ContestManagerBean.java:1754)
	at com.topcoder.service.studio.contest.failuretests.ContestManagerBeanFailureTest.test_GetAllContestChannels_Failure1(ContestManagerBeanFailureTest.java:2936)
	at sun.reflect.NativeMethodAccessorImpl.invoke0(Native Method)
	at sun.reflect.NativeMethodAccessorImpl.invoke(NativeMethodAccessorImpl.java:39)
	at sun.reflect.DelegatingMethodAccessorImpl.invoke(DelegatingMethodAccessorImpl.java:25)
	at java.lang.reflect.Method.invoke(Method.java:585)
	at junit.framework.TestCase.runTest(TestCase.java:168)
	at junit.framework.TestCase.runBare(TestCase.java:134)
	at junit.framework.TestResult$1.protect(TestResult.java:110)
	at junit.framework.TestResult.runProtected(TestResult.java:128)
	at junit.framework.TestResult.run(TestResult.java:113)
	at junit.framework.TestCase.run(TestCase.java:124)
	at junit.framework.TestSuite.runTest(TestSuite.java:232)
	at junit.framework.TestSuite.run(TestSuite.java:227)
	at junit.framework.TestSuite.runTest(TestSuite.java:232)
	at junit.framework.TestSuite.run(TestSuite.java:227)
	at junit.framework.TestSuite.runTest(TestSuite.java:232)
	at junit.framework.TestSuite.run(TestSuite.java:227)
	at org.apache.tools.ant.taskdefs.optional.junit.JUnitTestRunner.run(JUnitTestRunner.java:421)
	at org.apache.tools.ant.taskdefs.optional.junit.JUnitTestRunner.launch(JUnitTestRunner.java:912)
	at org.apache.tools.ant.taskdefs.optional.junit.JUnitTestRunner.main(JUnitTestRunner.java:766)
Caused by: java.lang.IllegalStateException: EntityManager is closed
	at org.hibernate.ejb.EntityManagerImpl.getSession(EntityManagerImpl.java:42)
	at org.hibernate.ejb.AbstractEntityManagerImpl.createQuery(AbstractEntityManagerImpl.java:93)
	at com.topcoder.service.studio.contest.failuretests.mock.MockEntityManager.createQuery(MockEntityManager.java:243)
	at com.topcoder.service.studio.contest.bean.ContestManagerBean.getAllContestChannels(ContestManagerBean.java:1742)
	... 20 more
[Exit method: getAllContestChannels()]
[Enter method: getAllContestChannels()]
There are errors while persisting the entity.
com.topcoder.service.studio.contest.ContestManagementException: There are errors while persisting the entity.
	at com.topcoder.service.studio.contest.bean.ContestManagerBean.wrapContestManagementException(ContestManagerBean.java:2223)
	at com.topcoder.service.studio.contest.bean.ContestManagerBean.getAllContestChannels(ContestManagerBean.java:1757)
	at com.topcoder.service.studio.contest.failuretests.ContestManagerBeanFailureTest.test_GetAllContestChannels_Failure2(ContestManagerBeanFailureTest.java:2960)
	at sun.reflect.NativeMethodAccessorImpl.invoke0(Native Method)
	at sun.reflect.NativeMethodAccessorImpl.invoke(NativeMethodAccessorImpl.java:39)
	at sun.reflect.DelegatingMethodAccessorImpl.invoke(DelegatingMethodAccessorImpl.java:25)
	at java.lang.reflect.Method.invoke(Method.java:585)
	at junit.framework.TestCase.runTest(TestCase.java:168)
	at junit.framework.TestCase.runBare(TestCase.java:134)
	at junit.framework.TestResult$1.protect(TestResult.java:110)
	at junit.framework.TestResult.runProtected(TestResult.java:128)
	at junit.framework.TestResult.run(TestResult.java:113)
	at junit.framework.TestCase.run(TestCase.java:124)
	at junit.framework.TestSuite.runTest(TestSuite.java:232)
	at junit.framework.TestSuite.run(TestSuite.java:227)
	at junit.framework.TestSuite.runTest(TestSuite.java:232)
	at junit.framework.TestSuite.run(TestSuite.java:227)
	at junit.framework.TestSuite.runTest(TestSuite.java:232)
	at junit.framework.TestSuite.run(TestSuite.java:227)
	at org.apache.tools.ant.taskdefs.optional.junit.JUnitTestRunner.run(JUnitTestRunner.java:421)
	at org.apache.tools.ant.taskdefs.optional.junit.JUnitTestRunner.launch(JUnitTestRunner.java:912)
	at org.apache.tools.ant.taskdefs.optional.junit.JUnitTestRunner.main(JUnitTestRunner.java:766)
Caused by: javax.persistence.PersistenceException
	at com.topcoder.service.studio.contest.failuretests.mock.MockEntityManager.createQuery(MockEntityManager.java:236)
	at com.topcoder.service.studio.contest.bean.ContestManagerBean.getAllContestChannels(ContestManagerBean.java:1742)
	... 20 more
[Exit method: getAllContestChannels()]
[Enter method: getAllStudioFileTypes()]
The EntityManager is closed.
com.topcoder.service.studio.contest.ContestManagementException: The EntityManager is closed.
	at com.topcoder.service.studio.contest.bean.ContestManagerBean.wrapContestManagementException(ContestManagerBean.java:2223)
	at com.topcoder.service.studio.contest.bean.ContestManagerBean.getAllStudioFileTypes(ContestManagerBean.java:1793)
	at com.topcoder.service.studio.contest.failuretests.ContestManagerBeanFailureTest.test_GetAllStudioFileTypes_Failure1(ContestManagerBeanFailureTest.java:2984)
	at sun.reflect.NativeMethodAccessorImpl.invoke0(Native Method)
	at sun.reflect.NativeMethodAccessorImpl.invoke(NativeMethodAccessorImpl.java:39)
	at sun.reflect.DelegatingMethodAccessorImpl.invoke(DelegatingMethodAccessorImpl.java:25)
	at java.lang.reflect.Method.invoke(Method.java:585)
	at junit.framework.TestCase.runTest(TestCase.java:168)
	at junit.framework.TestCase.runBare(TestCase.java:134)
	at junit.framework.TestResult$1.protect(TestResult.java:110)
	at junit.framework.TestResult.runProtected(TestResult.java:128)
	at junit.framework.TestResult.run(TestResult.java:113)
	at junit.framework.TestCase.run(TestCase.java:124)
	at junit.framework.TestSuite.runTest(TestSuite.java:232)
	at junit.framework.TestSuite.run(TestSuite.java:227)
	at junit.framework.TestSuite.runTest(TestSuite.java:232)
	at junit.framework.TestSuite.run(TestSuite.java:227)
	at junit.framework.TestSuite.runTest(TestSuite.java:232)
	at junit.framework.TestSuite.run(TestSuite.java:227)
	at org.apache.tools.ant.taskdefs.optional.junit.JUnitTestRunner.run(JUnitTestRunner.java:421)
	at org.apache.tools.ant.taskdefs.optional.junit.JUnitTestRunner.launch(JUnitTestRunner.java:912)
	at org.apache.tools.ant.taskdefs.optional.junit.JUnitTestRunner.main(JUnitTestRunner.java:766)
Caused by: java.lang.IllegalStateException: EntityManager is closed
	at org.hibernate.ejb.EntityManagerImpl.getSession(EntityManagerImpl.java:42)
	at org.hibernate.ejb.AbstractEntityManagerImpl.createQuery(AbstractEntityManagerImpl.java:93)
	at com.topcoder.service.studio.contest.failuretests.mock.MockEntityManager.createQuery(MockEntityManager.java:243)
	at com.topcoder.service.studio.contest.bean.ContestManagerBean.getAllStudioFileTypes(ContestManagerBean.java:1781)
	... 20 more
[Exit method: getAllStudioFileTypes()]
[Enter method: getAllStudioFileTypes()]
There are errors while persisting the entity.
com.topcoder.service.studio.contest.ContestManagementException: There are errors while persisting the entity.
	at com.topcoder.service.studio.contest.bean.ContestManagerBean.wrapContestManagementException(ContestManagerBean.java:2223)
	at com.topcoder.service.studio.contest.bean.ContestManagerBean.getAllStudioFileTypes(ContestManagerBean.java:1796)
	at com.topcoder.service.studio.contest.failuretests.ContestManagerBeanFailureTest.test_GetAllStudioFileTypes_Failure2(ContestManagerBeanFailureTest.java:3008)
	at sun.reflect.NativeMethodAccessorImpl.invoke0(Native Method)
	at sun.reflect.NativeMethodAccessorImpl.invoke(NativeMethodAccessorImpl.java:39)
	at sun.reflect.DelegatingMethodAccessorImpl.invoke(DelegatingMethodAccessorImpl.java:25)
	at java.lang.reflect.Method.invoke(Method.java:585)
	at junit.framework.TestCase.runTest(TestCase.java:168)
	at junit.framework.TestCase.runBare(TestCase.java:134)
	at junit.framework.TestResult$1.protect(TestResult.java:110)
	at junit.framework.TestResult.runProtected(TestResult.java:128)
	at junit.framework.TestResult.run(TestResult.java:113)
	at junit.framework.TestCase.run(TestCase.java:124)
	at junit.framework.TestSuite.runTest(TestSuite.java:232)
	at junit.framework.TestSuite.run(TestSuite.java:227)
	at junit.framework.TestSuite.runTest(TestSuite.java:232)
	at junit.framework.TestSuite.run(TestSuite.java:227)
	at junit.framework.TestSuite.runTest(TestSuite.java:232)
	at junit.framework.TestSuite.run(TestSuite.java:227)
	at org.apache.tools.ant.taskdefs.optional.junit.JUnitTestRunner.run(JUnitTestRunner.java:421)
	at org.apache.tools.ant.taskdefs.optional.junit.JUnitTestRunner.launch(JUnitTestRunner.java:912)
	at org.apache.tools.ant.taskdefs.optional.junit.JUnitTestRunner.main(JUnitTestRunner.java:766)
Caused by: javax.persistence.PersistenceException
	at com.topcoder.service.studio.contest.failuretests.mock.MockEntityManager.createQuery(MockEntityManager.java:236)
	at com.topcoder.service.studio.contest.bean.ContestManagerBean.getAllStudioFileTypes(ContestManagerBean.java:1781)
	... 20 more
[Exit method: getAllStudioFileTypes()]
[Enter method: createContest()]
[param1: null]
[Exit method: createContest()]
[Enter method: addPrizeToContest()]
[param1: 8, param2: 1,000]
Hibernate: /* load com.topcoder.service.studio.submission.Prize */ select prize0_.prize_id as prize1_2403_0_, prize0_.place as place2403_0_, prize0_.amount as amount2403_0_, prize0_.prize_type_id as prize4_2403_0_, prize0_.create_date as create5_2403_0_ from prize prize0_ where prize0_.prize_id=?
The prize with id '1000' doesn't exist.
com.topcoder.service.studio.contest.EntityNotFoundException: The prize with id '1000' doesn't exist.
	at com.topcoder.service.studio.contest.bean.ContestManagerBean.wrapEntityNotFoundException(ContestManagerBean.java:2186)
	at com.topcoder.service.studio.contest.bean.ContestManagerBean.addPrizeToContest(ContestManagerBean.java:1952)
	at com.topcoder.service.studio.contest.failuretests.ContestManagerBeanFailureTest.test_AddPrizeToContest_Failure1(ContestManagerBeanFailureTest.java:3034)
	at sun.reflect.NativeMethodAccessorImpl.invoke0(Native Method)
	at sun.reflect.NativeMethodAccessorImpl.invoke(NativeMethodAccessorImpl.java:39)
	at sun.reflect.DelegatingMethodAccessorImpl.invoke(DelegatingMethodAccessorImpl.java:25)
	at java.lang.reflect.Method.invoke(Method.java:585)
	at junit.framework.TestCase.runTest(TestCase.java:168)
	at junit.framework.TestCase.runBare(TestCase.java:134)
	at junit.framework.TestResult$1.protect(TestResult.java:110)
	at junit.framework.TestResult.runProtected(TestResult.java:128)
	at junit.framework.TestResult.run(TestResult.java:113)
	at junit.framework.TestCase.run(TestCase.java:124)
	at junit.framework.TestSuite.runTest(TestSuite.java:232)
	at junit.framework.TestSuite.run(TestSuite.java:227)
	at junit.framework.TestSuite.runTest(TestSuite.java:232)
	at junit.framework.TestSuite.run(TestSuite.java:227)
	at junit.framework.TestSuite.runTest(TestSuite.java:232)
	at junit.framework.TestSuite.run(TestSuite.java:227)
	at org.apache.tools.ant.taskdefs.optional.junit.JUnitTestRunner.run(JUnitTestRunner.java:421)
	at org.apache.tools.ant.taskdefs.optional.junit.JUnitTestRunner.launch(JUnitTestRunner.java:912)
	at org.apache.tools.ant.taskdefs.optional.junit.JUnitTestRunner.main(JUnitTestRunner.java:766)
[Exit method: addPrizeToContest()]
Hibernate: select max(prize_type_id) from prize_type_lu
Hibernate: select max(prize_id) from prize
[Enter method: addPrizeToContest()]
[param1: 100, param2: 1]
Hibernate: /* load com.topcoder.service.studio.contest.Contest */ select contest0_.contest_id as contest1_2415_0_, contest0_.contest_channel_id as contest2_2415_0_, contest0_.name as name2415_0_, contest0_.contest_type_id as contest4_2415_0_, contest0_.project_id as project5_2415_0_, contest0_.tc_direct_project_id as tc6_2415_0_, contest0_.contest_status_id as contest7_2415_0_, contest0_.forum_id as forum8_2415_0_, contest0_.event_id as event9_2415_0_, contest0_.start_time as start10_2415_0_, contest0_.end_date as end11_2415_0_, contest0_.winner_annoucement_deadline as winner12_2415_0_, contest0_.creator_user_id as creator13_2415_0_ from contest contest0_ where contest0_.contest_id=?
The contest with id '100' doesn't exist.
com.topcoder.service.studio.contest.EntityNotFoundException: The contest with id '100' doesn't exist.
	at com.topcoder.service.studio.contest.bean.ContestManagerBean.wrapEntityNotFoundException(ContestManagerBean.java:2186)
	at com.topcoder.service.studio.contest.bean.ContestManagerBean.addPrizeToContest(ContestManagerBean.java:1958)
	at com.topcoder.service.studio.contest.failuretests.ContestManagerBeanFailureTest.test_AddPrizeToContest_Failure2(ContestManagerBeanFailureTest.java:3069)
	at sun.reflect.NativeMethodAccessorImpl.invoke0(Native Method)
	at sun.reflect.NativeMethodAccessorImpl.invoke(NativeMethodAccessorImpl.java:39)
	at sun.reflect.DelegatingMethodAccessorImpl.invoke(DelegatingMethodAccessorImpl.java:25)
	at java.lang.reflect.Method.invoke(Method.java:585)
	at junit.framework.TestCase.runTest(TestCase.java:168)
	at junit.framework.TestCase.runBare(TestCase.java:134)
	at junit.framework.TestResult$1.protect(TestResult.java:110)
	at junit.framework.TestResult.runProtected(TestResult.java:128)
	at junit.framework.TestResult.run(TestResult.java:113)
	at junit.framework.TestCase.run(TestCase.java:124)
	at junit.framework.TestSuite.runTest(TestSuite.java:232)
	at junit.framework.TestSuite.run(TestSuite.java:227)
	at junit.framework.TestSuite.runTest(TestSuite.java:232)
	at junit.framework.TestSuite.run(TestSuite.java:227)
	at junit.framework.TestSuite.runTest(TestSuite.java:232)
	at junit.framework.TestSuite.run(TestSuite.java:227)
	at org.apache.tools.ant.taskdefs.optional.junit.JUnitTestRunner.run(JUnitTestRunner.java:421)
	at org.apache.tools.ant.taskdefs.optional.junit.JUnitTestRunner.launch(JUnitTestRunner.java:912)
	at org.apache.tools.ant.taskdefs.optional.junit.JUnitTestRunner.main(JUnitTestRunner.java:766)
[Exit method: addPrizeToContest()]
[Enter method: createContest()]
[param1: null]
[Exit method: createContest()]
[Enter method: addPrizeToContest()]
[param1: 9, param2: 2]
The EntityManager is closed.
com.topcoder.service.studio.contest.ContestManagementException: The EntityManager is closed.
	at com.topcoder.service.studio.contest.bean.ContestManagerBean.wrapContestManagementException(ContestManagerBean.java:2223)
	at com.topcoder.service.studio.contest.bean.ContestManagerBean.addPrizeToContest(ContestManagerBean.java:1964)
	at com.topcoder.service.studio.contest.failuretests.ContestManagerBeanFailureTest.test_AddPrizeToContest_Failure3(ContestManagerBeanFailureTest.java:3108)
	at sun.reflect.NativeMethodAccessorImpl.invoke0(Native Method)
	at sun.reflect.NativeMethodAccessorImpl.invoke(NativeMethodAccessorImpl.java:39)
	at sun.reflect.DelegatingMethodAccessorImpl.invoke(DelegatingMethodAccessorImpl.java:25)
	at java.lang.reflect.Method.invoke(Method.java:585)
	at junit.framework.TestCase.runTest(TestCase.java:168)
	at junit.framework.TestCase.runBare(TestCase.java:134)
	at junit.framework.TestResult$1.protect(TestResult.java:110)
	at junit.framework.TestResult.runProtected(TestResult.java:128)
	at junit.framework.TestResult.run(TestResult.java:113)
	at junit.framework.TestCase.run(TestCase.java:124)
	at junit.framework.TestSuite.runTest(TestSuite.java:232)
	at junit.framework.TestSuite.run(TestSuite.java:227)
	at junit.framework.TestSuite.runTest(TestSuite.java:232)
	at junit.framework.TestSuite.run(TestSuite.java:227)
	at junit.framework.TestSuite.runTest(TestSuite.java:232)
	at junit.framework.TestSuite.run(TestSuite.java:227)
	at org.apache.tools.ant.taskdefs.optional.junit.JUnitTestRunner.run(JUnitTestRunner.java:421)
	at org.apache.tools.ant.taskdefs.optional.junit.JUnitTestRunner.launch(JUnitTestRunner.java:912)
	at org.apache.tools.ant.taskdefs.optional.junit.JUnitTestRunner.main(JUnitTestRunner.java:766)
Caused by: java.lang.IllegalStateException: EntityManager is closed
	at org.hibernate.ejb.EntityManagerImpl.getSession(EntityManagerImpl.java:42)
	at org.hibernate.ejb.AbstractEntityManagerImpl.find(AbstractEntityManagerImpl.java:175)
	at com.topcoder.service.studio.contest.failuretests.mock.MockEntityManager.find(MockEntityManager.java:134)
	at com.topcoder.service.studio.contest.bean.ContestManagerBean.addPrizeToContest(ContestManagerBean.java:1949)
	... 20 more
[Exit method: addPrizeToContest()]
[Enter method: createContest()]
[param1: null]
[Exit method: createContest()]
[Enter method: addPrizeToContest()]
[param1: 10, param2: 3]
This method is required to run in transaction.
com.topcoder.service.studio.contest.ContestManagementException: This method is required to run in transaction.
	at com.topcoder.service.studio.contest.bean.ContestManagerBean.wrapContestManagementException(ContestManagerBean.java:2223)
	at com.topcoder.service.studio.contest.bean.ContestManagerBean.addPrizeToContest(ContestManagerBean.java:1967)
	at com.topcoder.service.studio.contest.failuretests.ContestManagerBeanFailureTest.test_AddPrizeToContest_Failure4(ContestManagerBeanFailureTest.java:3148)
	at sun.reflect.NativeMethodAccessorImpl.invoke0(Native Method)
	at sun.reflect.NativeMethodAccessorImpl.invoke(NativeMethodAccessorImpl.java:39)
	at sun.reflect.DelegatingMethodAccessorImpl.invoke(DelegatingMethodAccessorImpl.java:25)
	at java.lang.reflect.Method.invoke(Method.java:585)
	at junit.framework.TestCase.runTest(TestCase.java:168)
	at junit.framework.TestCase.runBare(TestCase.java:134)
	at junit.framework.TestResult$1.protect(TestResult.java:110)
	at junit.framework.TestResult.runProtected(TestResult.java:128)
	at junit.framework.TestResult.run(TestResult.java:113)
	at junit.framework.TestCase.run(TestCase.java:124)
	at junit.framework.TestSuite.runTest(TestSuite.java:232)
	at junit.framework.TestSuite.run(TestSuite.java:227)
	at junit.framework.TestSuite.runTest(TestSuite.java:232)
	at junit.framework.TestSuite.run(TestSuite.java:227)
	at junit.framework.TestSuite.runTest(TestSuite.java:232)
	at junit.framework.TestSuite.run(TestSuite.java:227)
	at org.apache.tools.ant.taskdefs.optional.junit.JUnitTestRunner.run(JUnitTestRunner.java:421)
	at org.apache.tools.ant.taskdefs.optional.junit.JUnitTestRunner.launch(JUnitTestRunner.java:912)
	at org.apache.tools.ant.taskdefs.optional.junit.JUnitTestRunner.main(JUnitTestRunner.java:766)
Caused by: javax.persistence.TransactionRequiredException
	at com.topcoder.service.studio.contest.failuretests.mock.MockEntityManager.find(MockEntityManager.java:131)
	at com.topcoder.service.studio.contest.bean.ContestManagerBean.addPrizeToContest(ContestManagerBean.java:1949)
	... 20 more
[Exit method: addPrizeToContest()]
[Enter method: createContest()]
[param1: null]
[Exit method: createContest()]
[Enter method: addPrizeToContest()]
[param1: 11, param2: 4]
There are errors while persisting the entity.
com.topcoder.service.studio.contest.ContestManagementException: There are errors while persisting the entity.
	at com.topcoder.service.studio.contest.bean.ContestManagerBean.wrapContestManagementException(ContestManagerBean.java:2223)
	at com.topcoder.service.studio.contest.bean.ContestManagerBean.addPrizeToContest(ContestManagerBean.java:1970)
	at com.topcoder.service.studio.contest.failuretests.ContestManagerBeanFailureTest.test_AddPrizeToContest_Failure5(ContestManagerBeanFailureTest.java:3187)
	at sun.reflect.NativeMethodAccessorImpl.invoke0(Native Method)
	at sun.reflect.NativeMethodAccessorImpl.invoke(NativeMethodAccessorImpl.java:39)
	at sun.reflect.DelegatingMethodAccessorImpl.invoke(DelegatingMethodAccessorImpl.java:25)
	at java.lang.reflect.Method.invoke(Method.java:585)
	at junit.framework.TestCase.runTest(TestCase.java:168)
	at junit.framework.TestCase.runBare(TestCase.java:134)
	at junit.framework.TestResult$1.protect(TestResult.java:110)
	at junit.framework.TestResult.runProtected(TestResult.java:128)
	at junit.framework.TestResult.run(TestResult.java:113)
	at junit.framework.TestCase.run(TestCase.java:124)
	at junit.framework.TestSuite.runTest(TestSuite.java:232)
	at junit.framework.TestSuite.run(TestSuite.java:227)
	at junit.framework.TestSuite.runTest(TestSuite.java:232)
	at junit.framework.TestSuite.run(TestSuite.java:227)
	at junit.framework.TestSuite.runTest(TestSuite.java:232)
	at junit.framework.TestSuite.run(TestSuite.java:227)
	at org.apache.tools.ant.taskdefs.optional.junit.JUnitTestRunner.run(JUnitTestRunner.java:421)
	at org.apache.tools.ant.taskdefs.optional.junit.JUnitTestRunner.launch(JUnitTestRunner.java:912)
	at org.apache.tools.ant.taskdefs.optional.junit.JUnitTestRunner.main(JUnitTestRunner.java:766)
Caused by: javax.persistence.PersistenceException
	at com.topcoder.service.studio.contest.failuretests.mock.MockEntityManager.find(MockEntityManager.java:127)
	at com.topcoder.service.studio.contest.bean.ContestManagerBean.addPrizeToContest(ContestManagerBean.java:1949)
	... 20 more
[Exit method: addPrizeToContest()]
[Enter method: createContest()]
[param1: null]
[Exit method: createContest()]
[Enter method: removePrizesFromContest()]
[param1: 12, param2: 1,000]
Hibernate: /* load com.topcoder.service.studio.submission.Prize */ select prize0_.prize_id as prize1_2403_0_, prize0_.place as place2403_0_, prize0_.amount as amount2403_0_, prize0_.prize_type_id as prize4_2403_0_, prize0_.create_date as create5_2403_0_ from prize prize0_ where prize0_.prize_id=?
The prize with id '1000' doesn't exist.
com.topcoder.service.studio.contest.EntityNotFoundException: The prize with id '1000' doesn't exist.
	at com.topcoder.service.studio.contest.bean.ContestManagerBean.wrapEntityNotFoundException(ContestManagerBean.java:2186)
	at com.topcoder.service.studio.contest.bean.ContestManagerBean.removePrizeFromContest(ContestManagerBean.java:2003)
	at com.topcoder.service.studio.contest.failuretests.ContestManagerBeanFailureTest.test_RemovePrizeFromContest_Failure1(ContestManagerBeanFailureTest.java:3214)
	at sun.reflect.NativeMethodAccessorImpl.invoke0(Native Method)
	at sun.reflect.NativeMethodAccessorImpl.invoke(NativeMethodAccessorImpl.java:39)
	at sun.reflect.DelegatingMethodAccessorImpl.invoke(DelegatingMethodAccessorImpl.java:25)
	at java.lang.reflect.Method.invoke(Method.java:585)
	at junit.framework.TestCase.runTest(TestCase.java:168)
	at junit.framework.TestCase.runBare(TestCase.java:134)
	at junit.framework.TestResult$1.protect(TestResult.java:110)
	at junit.framework.TestResult.runProtected(TestResult.java:128)
	at junit.framework.TestResult.run(TestResult.java:113)
	at junit.framework.TestCase.run(TestCase.java:124)
	at junit.framework.TestSuite.runTest(TestSuite.java:232)
	at junit.framework.TestSuite.run(TestSuite.java:227)
	at junit.framework.TestSuite.runTest(TestSuite.java:232)
	at junit.framework.TestSuite.run(TestSuite.java:227)
	at junit.framework.TestSuite.runTest(TestSuite.java:232)
	at junit.framework.TestSuite.run(TestSuite.java:227)
	at org.apache.tools.ant.taskdefs.optional.junit.JUnitTestRunner.run(JUnitTestRunner.java:421)
	at org.apache.tools.ant.taskdefs.optional.junit.JUnitTestRunner.launch(JUnitTestRunner.java:912)
	at org.apache.tools.ant.taskdefs.optional.junit.JUnitTestRunner.main(JUnitTestRunner.java:766)
[Exit method: removePrizesFromContest()]
[Enter method: removePrizesFromContest()]
[param1: 100, param2: 5]
Hibernate: /* load com.topcoder.service.studio.contest.Contest */ select contest0_.contest_id as contest1_2415_0_, contest0_.contest_channel_id as contest2_2415_0_, contest0_.name as name2415_0_, contest0_.contest_type_id as contest4_2415_0_, contest0_.project_id as project5_2415_0_, contest0_.tc_direct_project_id as tc6_2415_0_, contest0_.contest_status_id as contest7_2415_0_, contest0_.forum_id as forum8_2415_0_, contest0_.event_id as event9_2415_0_, contest0_.start_time as start10_2415_0_, contest0_.end_date as end11_2415_0_, contest0_.winner_annoucement_deadline as winner12_2415_0_, contest0_.creator_user_id as creator13_2415_0_ from contest contest0_ where contest0_.contest_id=?
The contest with id '100' doesn't exist.
com.topcoder.service.studio.contest.EntityNotFoundException: The contest with id '100' doesn't exist.
	at com.topcoder.service.studio.contest.bean.ContestManagerBean.wrapEntityNotFoundException(ContestManagerBean.java:2186)
	at com.topcoder.service.studio.contest.bean.ContestManagerBean.removePrizeFromContest(ContestManagerBean.java:2009)
	at com.topcoder.service.studio.contest.failuretests.ContestManagerBeanFailureTest.test_RemovePrizeFromContest_Failure2(ContestManagerBeanFailureTest.java:3249)
	at sun.reflect.NativeMethodAccessorImpl.invoke0(Native Method)
	at sun.reflect.NativeMethodAccessorImpl.invoke(NativeMethodAccessorImpl.java:39)
	at sun.reflect.DelegatingMethodAccessorImpl.invoke(DelegatingMethodAccessorImpl.java:25)
	at java.lang.reflect.Method.invoke(Method.java:585)
	at junit.framework.TestCase.runTest(TestCase.java:168)
	at junit.framework.TestCase.runBare(TestCase.java:134)
	at junit.framework.TestResult$1.protect(TestResult.java:110)
	at junit.framework.TestResult.runProtected(TestResult.java:128)
	at junit.framework.TestResult.run(TestResult.java:113)
	at junit.framework.TestCase.run(TestCase.java:124)
	at junit.framework.TestSuite.runTest(TestSuite.java:232)
	at junit.framework.TestSuite.run(TestSuite.java:227)
	at junit.framework.TestSuite.runTest(TestSuite.java:232)
	at junit.framework.TestSuite.run(TestSuite.java:227)
	at junit.framework.TestSuite.runTest(TestSuite.java:232)
	at junit.framework.TestSuite.run(TestSuite.java:227)
	at org.apache.tools.ant.taskdefs.optional.junit.JUnitTestRunner.run(JUnitTestRunner.java:421)
	at org.apache.tools.ant.taskdefs.optional.junit.JUnitTestRunner.launch(JUnitTestRunner.java:912)
	at org.apache.tools.ant.taskdefs.optional.junit.JUnitTestRunner.main(JUnitTestRunner.java:766)
[Exit method: removePrizesFromContest()]
[Enter method: createContest()]
[param1: null]
[Exit method: createContest()]
[Enter method: removePrizesFromContest()]
[param1: 13, param2: 6]
The EntityManager is closed.
com.topcoder.service.studio.contest.ContestManagementException: The EntityManager is closed.
	at com.topcoder.service.studio.contest.bean.ContestManagerBean.wrapContestManagementException(ContestManagerBean.java:2223)
	at com.topcoder.service.studio.contest.bean.ContestManagerBean.removePrizeFromContest(ContestManagerBean.java:2021)
	at com.topcoder.service.studio.contest.failuretests.ContestManagerBeanFailureTest.test_RemovePrizeFromContest_Failure3(ContestManagerBeanFailureTest.java:3288)
	at sun.reflect.NativeMethodAccessorImpl.invoke0(Native Method)
	at sun.reflect.NativeMethodAccessorImpl.invoke(NativeMethodAccessorImpl.java:39)
	at sun.reflect.DelegatingMethodAccessorImpl.invoke(DelegatingMethodAccessorImpl.java:25)
	at java.lang.reflect.Method.invoke(Method.java:585)
	at junit.framework.TestCase.runTest(TestCase.java:168)
	at junit.framework.TestCase.runBare(TestCase.java:134)
	at junit.framework.TestResult$1.protect(TestResult.java:110)
	at junit.framework.TestResult.runProtected(TestResult.java:128)
	at junit.framework.TestResult.run(TestResult.java:113)
	at junit.framework.TestCase.run(TestCase.java:124)
	at junit.framework.TestSuite.runTest(TestSuite.java:232)
	at junit.framework.TestSuite.run(TestSuite.java:227)
	at junit.framework.TestSuite.runTest(TestSuite.java:232)
	at junit.framework.TestSuite.run(TestSuite.java:227)
	at junit.framework.TestSuite.runTest(TestSuite.java:232)
	at junit.framework.TestSuite.run(TestSuite.java:227)
	at org.apache.tools.ant.taskdefs.optional.junit.JUnitTestRunner.run(JUnitTestRunner.java:421)
	at org.apache.tools.ant.taskdefs.optional.junit.JUnitTestRunner.launch(JUnitTestRunner.java:912)
	at org.apache.tools.ant.taskdefs.optional.junit.JUnitTestRunner.main(JUnitTestRunner.java:766)
Caused by: java.lang.IllegalStateException: EntityManager is closed
	at org.hibernate.ejb.EntityManagerImpl.getSession(EntityManagerImpl.java:42)
	at org.hibernate.ejb.AbstractEntityManagerImpl.find(AbstractEntityManagerImpl.java:175)
	at com.topcoder.service.studio.contest.failuretests.mock.MockEntityManager.find(MockEntityManager.java:134)
	at com.topcoder.service.studio.contest.bean.ContestManagerBean.removePrizeFromContest(ContestManagerBean.java:2000)
	... 20 more
[Exit method: removePrizesFromContest()]
[Enter method: createContest()]
[param1: null]
[Exit method: createContest()]
[Enter method: removePrizesFromContest()]
[param1: 14, param2: 7]
This method is required to run in transaction.
com.topcoder.service.studio.contest.ContestManagementException: This method is required to run in transaction.
	at com.topcoder.service.studio.contest.bean.ContestManagerBean.wrapContestManagementException(ContestManagerBean.java:2223)
	at com.topcoder.service.studio.contest.bean.ContestManagerBean.removePrizeFromContest(ContestManagerBean.java:2024)
	at com.topcoder.service.studio.contest.failuretests.ContestManagerBeanFailureTest.test_RemovePrizeFromContest_Failure4(ContestManagerBeanFailureTest.java:3328)
	at sun.reflect.NativeMethodAccessorImpl.invoke0(Native Method)
	at sun.reflect.NativeMethodAccessorImpl.invoke(NativeMethodAccessorImpl.java:39)
	at sun.reflect.DelegatingMethodAccessorImpl.invoke(DelegatingMethodAccessorImpl.java:25)
	at java.lang.reflect.Method.invoke(Method.java:585)
	at junit.framework.TestCase.runTest(TestCase.java:168)
	at junit.framework.TestCase.runBare(TestCase.java:134)
	at junit.framework.TestResult$1.protect(TestResult.java:110)
	at junit.framework.TestResult.runProtected(TestResult.java:128)
	at junit.framework.TestResult.run(TestResult.java:113)
	at junit.framework.TestCase.run(TestCase.java:124)
	at junit.framework.TestSuite.runTest(TestSuite.java:232)
	at junit.framework.TestSuite.run(TestSuite.java:227)
	at junit.framework.TestSuite.runTest(TestSuite.java:232)
	at junit.framework.TestSuite.run(TestSuite.java:227)
	at junit.framework.TestSuite.runTest(TestSuite.java:232)
	at junit.framework.TestSuite.run(TestSuite.java:227)
	at org.apache.tools.ant.taskdefs.optional.junit.JUnitTestRunner.run(JUnitTestRunner.java:421)
	at org.apache.tools.ant.taskdefs.optional.junit.JUnitTestRunner.launch(JUnitTestRunner.java:912)
	at org.apache.tools.ant.taskdefs.optional.junit.JUnitTestRunner.main(JUnitTestRunner.java:766)
Caused by: javax.persistence.TransactionRequiredException
	at com.topcoder.service.studio.contest.failuretests.mock.MockEntityManager.find(MockEntityManager.java:131)
	at com.topcoder.service.studio.contest.bean.ContestManagerBean.removePrizeFromContest(ContestManagerBean.java:2000)
	... 20 more
[Exit method: removePrizesFromContest()]
[Enter method: createContest()]
[param1: null]
[Exit method: createContest()]
[Enter method: removePrizesFromContest()]
[param1: 15, param2: 8]
There are errors while persisting the entity.
com.topcoder.service.studio.contest.ContestManagementException: There are errors while persisting the entity.
	at com.topcoder.service.studio.contest.bean.ContestManagerBean.wrapContestManagementException(ContestManagerBean.java:2223)
	at com.topcoder.service.studio.contest.bean.ContestManagerBean.removePrizeFromContest(ContestManagerBean.java:2027)
	at com.topcoder.service.studio.contest.failuretests.ContestManagerBeanFailureTest.test_RemovePrizeFromContest_Failure5(ContestManagerBeanFailureTest.java:3367)
	at sun.reflect.NativeMethodAccessorImpl.invoke0(Native Method)
	at sun.reflect.NativeMethodAccessorImpl.invoke(NativeMethodAccessorImpl.java:39)
	at sun.reflect.DelegatingMethodAccessorImpl.invoke(DelegatingMethodAccessorImpl.java:25)
	at java.lang.reflect.Method.invoke(Method.java:585)
	at junit.framework.TestCase.runTest(TestCase.java:168)
	at junit.framework.TestCase.runBare(TestCase.java:134)
	at junit.framework.TestResult$1.protect(TestResult.java:110)
	at junit.framework.TestResult.runProtected(TestResult.java:128)
	at junit.framework.TestResult.run(TestResult.java:113)
	at junit.framework.TestCase.run(TestCase.java:124)
	at junit.framework.TestSuite.runTest(TestSuite.java:232)
	at junit.framework.TestSuite.run(TestSuite.java:227)
	at junit.framework.TestSuite.runTest(TestSuite.java:232)
	at junit.framework.TestSuite.run(TestSuite.java:227)
	at junit.framework.TestSuite.runTest(TestSuite.java:232)
	at junit.framework.TestSuite.run(TestSuite.java:227)
	at org.apache.tools.ant.taskdefs.optional.junit.JUnitTestRunner.run(JUnitTestRunner.java:421)
	at org.apache.tools.ant.taskdefs.optional.junit.JUnitTestRunner.launch(JUnitTestRunner.java:912)
	at org.apache.tools.ant.taskdefs.optional.junit.JUnitTestRunner.main(JUnitTestRunner.java:766)
Caused by: javax.persistence.PersistenceException
	at com.topcoder.service.studio.contest.failuretests.mock.MockEntityManager.find(MockEntityManager.java:127)
	at com.topcoder.service.studio.contest.bean.ContestManagerBean.removePrizeFromContest(ContestManagerBean.java:2000)
	... 20 more
[Exit method: removePrizesFromContest()]
[Enter method: getDocumentContent()]
[param1: 100]
Hibernate: /* load com.topcoder.service.studio.contest.Document */ select document0_.document_id as document1_2420_0_, document0_.original_file_name as original2_2420_0_, document0_.system_file_name as system3_2420_0_, document0_.path_id as path4_2420_0_, document0_.mime_type_id as mime5_2420_0_, document0_.document_type_id as document6_2420_0_, document0_.create_date as create7_2420_0_ from document document0_ where document0_.document_id=?
The document with id '100' doesn't exist.
com.topcoder.service.studio.contest.EntityNotFoundException: The document with id '100' doesn't exist.
	at com.topcoder.service.studio.contest.bean.ContestManagerBean.wrapEntityNotFoundException(ContestManagerBean.java:2186)
	at com.topcoder.service.studio.contest.bean.ContestManagerBean.getDocumentContent(ContestManagerBean.java:1595)
	at com.topcoder.service.studio.contest.failuretests.ContestManagerBeanFailureTest.test_GetDocumentContent_Failure1(ContestManagerBeanFailureTest.java:3407)
	at sun.reflect.NativeMethodAccessorImpl.invoke0(Native Method)
	at sun.reflect.NativeMethodAccessorImpl.invoke(NativeMethodAccessorImpl.java:39)
	at sun.reflect.DelegatingMethodAccessorImpl.invoke(DelegatingMethodAccessorImpl.java:25)
	at java.lang.reflect.Method.invoke(Method.java:585)
	at junit.framework.TestCase.runTest(TestCase.java:168)
	at junit.framework.TestCase.runBare(TestCase.java:134)
	at junit.framework.TestResult$1.protect(TestResult.java:110)
	at junit.framework.TestResult.runProtected(TestResult.java:128)
	at junit.framework.TestResult.run(TestResult.java:113)
	at junit.framework.TestCase.run(TestCase.java:124)
	at junit.framework.TestSuite.runTest(TestSuite.java:232)
	at junit.framework.TestSuite.run(TestSuite.java:227)
	at junit.framework.TestSuite.runTest(TestSuite.java:232)
	at junit.framework.TestSuite.run(TestSuite.java:227)
	at junit.framework.TestSuite.runTest(TestSuite.java:232)
	at junit.framework.TestSuite.run(TestSuite.java:227)
	at org.apache.tools.ant.taskdefs.optional.junit.JUnitTestRunner.run(JUnitTestRunner.java:421)
	at org.apache.tools.ant.taskdefs.optional.junit.JUnitTestRunner.launch(JUnitTestRunner.java:912)
	at org.apache.tools.ant.taskdefs.optional.junit.JUnitTestRunner.main(JUnitTestRunner.java:766)
[Exit method: getDocumentContent()]
[Enter method: existDocumentContent()]
[param1: 100]
Hibernate: /* load com.topcoder.service.studio.contest.Document */ select document0_.document_id as document1_2420_0_, document0_.original_file_name as original2_2420_0_, document0_.system_file_name as system3_2420_0_, document0_.path_id as path4_2420_0_, document0_.mime_type_id as mime5_2420_0_, document0_.document_type_id as document6_2420_0_, document0_.create_date as create7_2420_0_ from document document0_ where document0_.document_id=?
The document with id '100' doesn't exist.
com.topcoder.service.studio.contest.EntityNotFoundException: The document with id '100' doesn't exist.
	at com.topcoder.service.studio.contest.bean.ContestManagerBean.wrapEntityNotFoundException(ContestManagerBean.java:2186)
	at com.topcoder.service.studio.contest.bean.ContestManagerBean.existDocumentContent(ContestManagerBean.java:1663)
	at com.topcoder.service.studio.contest.failuretests.ContestManagerBeanFailureTest.test_ExistDocumentContent_Failure(ContestManagerBeanFailureTest.java:3430)
	at sun.reflect.NativeMethodAccessorImpl.invoke0(Native Method)
	at sun.reflect.NativeMethodAccessorImpl.invoke(NativeMethodAccessorImpl.java:39)
	at sun.reflect.DelegatingMethodAccessorImpl.invoke(DelegatingMethodAccessorImpl.java:25)
	at java.lang.reflect.Method.invoke(Method.java:585)
	at junit.framework.TestCase.runTest(TestCase.java:168)
	at junit.framework.TestCase.runBare(TestCase.java:134)
	at junit.framework.TestResult$1.protect(TestResult.java:110)
	at junit.framework.TestResult.runProtected(TestResult.java:128)
	at junit.framework.TestResult.run(TestResult.java:113)
	at junit.framework.TestCase.run(TestCase.java:124)
	at junit.framework.TestSuite.runTest(TestSuite.java:232)
	at junit.framework.TestSuite.run(TestSuite.java:227)
	at junit.framework.TestSuite.runTest(TestSuite.java:232)
	at junit.framework.TestSuite.run(TestSuite.java:227)
	at junit.framework.TestSuite.runTest(TestSuite.java:232)
	at junit.framework.TestSuite.run(TestSuite.java:227)
	at org.apache.tools.ant.taskdefs.optional.junit.JUnitTestRunner.run(JUnitTestRunner.java:421)
	at org.apache.tools.ant.taskdefs.optional.junit.JUnitTestRunner.launch(JUnitTestRunner.java:912)
	at org.apache.tools.ant.taskdefs.optional.junit.JUnitTestRunner.main(JUnitTestRunner.java:766)
[Exit method: existDocumentContent()]
[08-4-11 下午10:18: Enter method stop()]
[08-4-11 下午10:18: Exit method stop()]
[08-4-11 下午10:18: Enter method stop()]
[08-4-11 下午10:18: Exit method stop()]
[08-4-11 下午10:18: Enter method stop()]
[08-4-11 下午10:18: Exit method stop()]
[08-4-11 下午10:18: Enter method stop()]
[08-4-11 下午10:18: Exit method stop()]
[08-4-11 下午10:18: Enter method stop()]
[08-4-11 下午10:18: Exit method stop()]
[08-4-11 下午10:18: Enter method stop()]
[08-4-11 下午10:18: Exit method stop()]
[08-4-11 下午10:18: Enter method stop()]
[08-4-11 下午10:18: Exit method stop()]
[08-4-11 下午10:18: Enter method stop()]
[08-4-11 下午10:18: Exit method stop()]
[08-4-11 下午10:18: Enter method stop()]
[08-4-11 下午10:18: Exit method stop()]
[08-4-11 下午10:18: Enter method stop()]
[08-4-11 下午10:18: Exit method stop()]
[08-4-11 下午10:18: Enter method stop()]
[08-4-11 下午10:18: Exit method stop()]
[08-4-11 下午10:18: Enter method stop()]
[08-4-11 下午10:18: Exit method stop()]
[08-4-11 下午10:18: Enter method stop()]
[08-4-11 下午10:18: Exit method stop()]
[08-4-11 下午10:18: Enter method stop()]
[08-4-11 下午10:18: Exit method stop()]
[08-4-11 下午10:18: Enter method stop()]
[08-4-11 下午10:18: Exit method stop()]
[08-4-11 下午10:18: Enter method stop()]
[08-4-11 下午10:18: Exit method stop()]
[08-4-11 下午10:18: Enter method stop()]
[08-4-11 下午10:18: Exit method stop()]
[08-4-11 下午10:18: Enter method stop()]
[08-4-11 下午10:18: Exit method stop()]
[08-4-11 下午10:18: Enter method stop()]
[08-4-11 下午10:18: Exit method stop()]
[08-4-11 下午10:18: Enter method stop()]
[08-4-11 下午10:18: Exit method stop()]
[08-4-11 下午10:18: Enter method stop()]
[08-4-11 下午10:18: Exit method stop()]
[08-4-11 下午10:18: Enter method stop()]
[08-4-11 下午10:18: Exit method stop()]
[08-4-11 下午10:18: Enter method stop()]
[08-4-11 下午10:18: Exit method stop()]
[08-4-11 下午10:18: Enter method stop()]
[08-4-11 下午10:18: Exit method stop()]
[08-4-11 下午10:18: Enter method stop()]
[08-4-11 下午10:18: Exit method stop()]
[08-4-11 下午10:18: Enter method stop()]
[08-4-11 下午10:18: Exit method stop()]
[08-4-11 下午10:18: Enter method stop()]
[08-4-11 下午10:18: Exit method stop()]
[08-4-11 下午10:18: Enter method stop()]
[08-4-11 下午10:18: Exit method stop()]
[08-4-11 下午10:18: Enter method stop()]
[08-4-11 下午10:18: Exit method stop()]
[08-4-11 下午10:18: Enter method stop()]
[08-4-11 下午10:18: Exit method stop()]
[08-4-11 下午10:18: Enter method stop()]
[08-4-11 下午10:18: Exit method stop()]
[08-4-11 下午10:18: Enter method stop()]
[08-4-11 下午10:18: Exit method stop()]
[08-4-11 下午10:18: Enter method start()]
[08-4-11 下午10:18: Exit method Start()]
[08-4-11 下午10:18: Enter method start()]
There are errors in the start()
java.net.BindException: Address already in use: bind
	at sun.nio.ch.Net.bind(Native Method)
	at sun.nio.ch.ServerSocketChannelImpl.bind(ServerSocketChannelImpl.java:119)
	at sun.nio.ch.ServerSocketAdaptor.bind(ServerSocketAdaptor.java:59)
	at com.topcoder.service.studio.contest.documentcontentservers.SocketDocumentContentServer.start(SocketDocumentContentServer.java:256)
	at com.topcoder.service.studio.contest.failuretests.SocketDocumentContentServerFailureTest.test_Start_Failure1(SocketDocumentContentServerFailureTest.java:288)
	at sun.reflect.NativeMethodAccessorImpl.invoke0(Native Method)
	at sun.reflect.NativeMethodAccessorImpl.invoke(NativeMethodAccessorImpl.java:39)
	at sun.reflect.DelegatingMethodAccessorImpl.invoke(DelegatingMethodAccessorImpl.java:25)
	at java.lang.reflect.Method.invoke(Method.java:585)
	at junit.framework.TestCase.runTest(TestCase.java:168)
	at junit.framework.TestCase.runBare(TestCase.java:134)
	at junit.framework.TestResult$1.protect(TestResult.java:110)
	at junit.framework.TestResult.runProtected(TestResult.java:128)
	at junit.framework.TestResult.run(TestResult.java:113)
	at junit.framework.TestCase.run(TestCase.java:124)
	at junit.framework.TestSuite.runTest(TestSuite.java:232)
	at junit.framework.TestSuite.run(TestSuite.java:227)
	at junit.framework.TestSuite.runTest(TestSuite.java:232)
	at junit.framework.TestSuite.run(TestSuite.java:227)
	at junit.framework.TestSuite.runTest(TestSuite.java:232)
	at junit.framework.TestSuite.run(TestSuite.java:227)
	at org.apache.tools.ant.taskdefs.optional.junit.JUnitTestRunner.run(JUnitTestRunner.java:421)
	at org.apache.tools.ant.taskdefs.optional.junit.JUnitTestRunner.launch(JUnitTestRunner.java:912)
	at org.apache.tools.ant.taskdefs.optional.junit.JUnitTestRunner.main(JUnitTestRunner.java:766)
[08-4-11 下午10:18: Exit method Start()]
[08-4-11 下午10:18: Enter method stop()]
[08-4-11 下午10:18: Exit method stop()]
[08-4-11 下午10:18: Enter method stop()]
[08-4-11 下午10:18: Exit method stop()]
]]></system-out>
  <system-err><![CDATA[com.topcoder.util.config.ConfigManagerException: can not locate com/topcoder/util/config/ConfigManager.properties
	at com.topcoder.util.config.ConfigManager.getURL(ConfigManager.java:211)
	at com.topcoder.util.config.ConfigManager.getInstance(ConfigManager.java:248)
	at com.topcoder.service.studio.contest.accuracytests.DBUtil.getDBConnectionFactory(DBUtil.java:77)
	at com.topcoder.service.studio.contest.accuracytests.DBUtil.clearDatabase(DBUtil.java:62)
	at com.topcoder.service.studio.contest.accuracytests.TestContestManagerBeanAccuracy.setUp(TestContestManagerBeanAccuracy.java:70)
	at junit.framework.TestCase.runBare(TestCase.java:132)
	at junit.framework.TestResult$1.protect(TestResult.java:110)
	at junit.framework.TestResult.runProtected(TestResult.java:128)
	at junit.framework.TestResult.run(TestResult.java:113)
	at junit.framework.TestCase.run(TestCase.java:124)
	at junit.framework.TestSuite.runTest(TestSuite.java:232)
	at junit.framework.TestSuite.run(TestSuite.java:227)
	at junit.framework.TestSuite.runTest(TestSuite.java:232)
	at junit.framework.TestSuite.run(TestSuite.java:227)
	at junit.framework.TestSuite.runTest(TestSuite.java:232)
	at junit.framework.TestSuite.run(TestSuite.java:227)
	at org.apache.tools.ant.taskdefs.optional.junit.JUnitTestRunner.run(JUnitTestRunner.java:421)
	at org.apache.tools.ant.taskdefs.optional.junit.JUnitTestRunner.launch(JUnitTestRunner.java:912)
	at org.apache.tools.ant.taskdefs.optional.junit.JUnitTestRunner.main(JUnitTestRunner.java:766)
]]></system-err>
</testsuite>
