<?xml version="1.0" encoding="UTF-8" ?>
<testsuite name="com.topcoder.management.review.data.AllTests" tests="525" failures="0" errors="0" time="1.016">
  <properties>
    <property name="java.vendor" value="Sun Microsystems Inc."></property>
    <property name="package" value="com.topcoder.management.review.data"></property>
    <property name="docpackage.jar" value="review_data_structure_docs.jar"></property>
    <property name="verbose" value="no"></property>
    <property name="os.name" value="Windows XP"></property>
    <property name="sun.boot.class.path" value="C:\j2sdk1.4.2\jre\lib\rt.jar;C:\j2sdk1.4.2\jre\lib\i18n.jar;C:\j2sdk1.4.2\jre\lib\sunrsasign.jar;C:\j2sdk1.4.2\jre\lib\jsse.jar;C:\j2sdk1.4.2\jre\lib\jce.jar;C:\j2sdk1.4.2\jre\lib\charsets.jar;C:\j2sdk1.4.2\jre\classes"></property>
    <property name="docsdir" value="docs"></property>
    <property name="javadoc.jar" value="javadocs.jar"></property>
    <property name="design_submission.jar" value="Review_Data_Structure_1.0_design_submission.jar"></property>
    <property name="component.tests.jar" value="build/dist/lib/tcs/review_data_structure_tests.jar"></property>
    <property name="sun.java2d.fontpath" value=""></property>
    <property name="java.vm.specification.vendor" value="Sun Microsystems Inc."></property>
    <property name="ant.home" value="D:\ant\bin\.."></property>
    <property name="java.runtime.version" value="1.4.2_04-b05"></property>
    <property name="component_path" value="review_data_structure/1.0"></property>
    <property name="user.name" value="tcwk"></property>
    <property name="debug" value="off"></property>
    <property name="reports" value="reports"></property>
    <property name="testfiles" value="test_files"></property>
    <property name="dist_conf" value="build/dist/review_data_structure-1.0/conf"></property>
    <property name="component_version" value="1.0"></property>
    <property name="user.language" value="zh"></property>
    <property name="sun.boot.library.path" value="C:\j2sdk1.4.2\jre\bin"></property>
    <property name="tcs_libdir" value="lib/tcs"></property>
    <property name="srcdir" value="src"></property>
    <property name="ant.project.name" value="Review Data Structure"></property>
    <property name="java.version" value="1.4.2_04"></property>
    <property name="user.timezone" value=""></property>
    <property name="dev_dist.jar" value="Review_Data_Structure_1.0_dev_dist.jar"></property>
    <property name="sun.arch.data.model" value="32"></property>
    <property name="build_lib" value="build/lib"></property>
    <property name="webdir" value="web"></property>
    <property name="java.endorsed.dirs" value="C:\j2sdk1.4.2\jre\lib\endorsed"></property>
    <property name="sun.cpu.isalist" value="pentium i486 i386"></property>
    <property name="packagedir" value="com/topcoder/management/review/data"></property>
    <property name="file.encoding.pkg" value="sun.io"></property>
    <property name="file.separator" value="\"></property>
    <property name="java.specification.name" value="Java Platform API Specification"></property>
    <property name="build_docsdir" value="build/docs"></property>
    <property name="dev_submission.jar" value="Review_Data_Structure_1.0_dev_submission.jar"></property>
    <property name="java.class.version" value="48.0"></property>
    <property name="ant.file.Review Data Structure" value="E:\eclipse\workspace\FinalDataStructure\build.xml"></property>
    <property name="build_testclassdir" value="build/testClasses"></property>
    <property name="user.country" value="CN"></property>
    <property name="java.home" value="C:\j2sdk1.4.2\jre"></property>
    <property name="java.vm.info" value="mixed mode"></property>
    <property name="jar_tcs_libdir" value="lib/tcs"></property>
    <property name="ant.file" value="E:\eclipse\workspace\FinalDataStructure\build.xml"></property>
    <property name="os.version" value="5.1"></property>
    <property name="build_distdir" value="build/dist"></property>
    <property name="dist_docpackage" value="build/doc_package"></property>
    <property name="build_tcsdistdir" value="build/dist/review_data_structure-1.0"></property>
    <property name="path.separator" value=";"></property>
    <property name="java.vm.version" value="1.4.2_04-b05"></property>
    <property name="testlogdir" value="log"></property>
    <property name="java.util.prefs.PreferencesFactory" value="java.util.prefs.WindowsPreferencesFactory"></property>
    <property name="user.variant" value=""></property>
    <property name="ant.library.dir" value="D:\ant\lib"></property>
    <property name="javamain" value="src/java/main"></property>
    <property name="dist_lib" value="build/dist/lib/tcs"></property>
    <property name="dist_testfiles" value="build/dist/review_data_structure-1.0/test_files"></property>
    <property name="dist_javadocs" value="build/dist/review_data_structure-1.0/docs/javadocs"></property>
    <property name="java.awt.printerjob" value="sun.awt.windows.WPrinterJob"></property>
    <property name="sun.io.unicode.encoding" value="UnicodeLittle"></property>
    <property name="component" value="Review_Data_Structure"></property>
    <property name="awt.toolkit" value="sun.awt.windows.WToolkit"></property>
    <property name="component.war" value="${dist_examples}/review_data_structure.war"></property>
    <property name="user.home" value="C:\Documents and Settings\tcwk"></property>
    <property name="java.specification.vendor" value="Sun Microsystems Inc."></property>
    <property name="java.library.path" value="C:\j2sdk1.4.2\jre\bin;.;C:\WINDOWS\system32;C:\WINDOWS;C:\Program Files\Microsoft DirectX 9.0 SDK (June 2005)\Utilities\Bin\x86;D:\ant\bin;C:\j2sdk1.4.2\jre\bin;C:\mysql\bin;C:\Program Files\ThinkPad\Utilities;C:\WINDOWS\system32;C:\WINDOWS;C:\WINDOWS\System32\Wbem;C:\Program Files\Intel\Wireless\Bin\;C:\Program Files\ATI Technologies\ATI Control Panel;C:\Program Files\PC-Doctor for Windows\;C:\WINDOWS\Downloaded Program Files;C:\IBMTOOLS\Python22;C:\Program Files\Microsoft SQL Server\90\Tools\binn\;C:\Program Files\IDM Computer Solutions\UltraEdit-32;C:\Program Files\SSH Communications Security\SSH Secure Shell"></property>
    <property name="java.vendor.url" value="http://java.sun.com/"></property>
    <property name="build_javadocsdir" value="build/docs/javadocs"></property>
    <property name="configdir" value="conf"></property>
    <property name="java.vm.vendor" value="Sun Microsystems Inc."></property>
    <property name="java.runtime.name" value="Java(TM) 2 Runtime Environment, Standard Edition"></property>
    <property name="ant.version" value="Apache Ant version 1.6.1 compiled on February 12 2004"></property>
    <property name="java.class.path" value="E:\eclipse\workspace\FinalDataStructure\build\testClasses;E:\eclipse\workspace\FinalDataStructure\build\classes;E:\eclipse\workspace\tcs\lib\junit.jar;D:\ant\lib\junit.jar;D:\ant\lib\ant-launcher.jar;D:\ant\lib\ant.jar;D:\ant\lib\ant-junit.jar"></property>
    <property name="java.vm.specification.name" value="Java Virtual Machine Specification"></property>
    <property name="ext_libdir" value="lib"></property>
    <property name="builddir" value="build"></property>
    <property name="java.vm.specification.version" value="1.0"></property>
    <property name="component.dist.jar" value="build/dist/review_data_structure-1.0.jar"></property>
    <property name="sun.os.patch.level" value="Service Pack 2"></property>
    <property name="sun.cpu.endian" value="little"></property>
    <property name="java.io.tmpdir" value="C:\DOCUME~1\tcwk\LOCALS~1\Temp\"></property>
    <property name="java.vendor.url.bug" value="http://java.sun.com/cgi-bin/bugreport.cgi"></property>
    <property name="build_targetclassdir" value="build/targetclasses"></property>
    <property name="javatests" value="src/java/tests"></property>
    <property name="build_classdir" value="build/classes"></property>
    <property name="javadocsdir" value="docs/javadocs"></property>
    <property name="java.awt.graphicsenv" value="sun.awt.Win32GraphicsEnvironment"></property>
    <property name="os.arch" value="x86"></property>
    <property name="build_webdir" value="build/web"></property>
    <property name="java.ext.dirs" value="C:\j2sdk1.4.2\jre\lib\ext"></property>
    <property name="dist_src" value="build/dist/review_data_structure-1.0/src"></property>
    <property name="user.dir" value="E:\eclipse\workspace\FinalDataStructure"></property>
    <property name="design_dist.jar" value="Review_Data_Structure_1.0_design_dist.jar"></property>
    <property name="jar_ext_libdir" value="lib"></property>
    <property name="javasrc" value="src/java"></property>
    <property name="line.separator" value="
"></property>
    <property name="java.vm.name" value="Java HotSpot(TM) Client VM"></property>
    <property name="distfilename" value="review_data_structure"></property>
    <property name="java_1_3_bootclasspath" value="c:\program files\JavaSoft\JRE\1.3.1\lib\rt.jar"></property>
    <property name="basedir" value="E:\eclipse\workspace\FinalDataStructure"></property>
    <property name="ant.java.version" value="1.4"></property>
    <property name="file.encoding" value="GBK"></property>
    <property name="dist_docs" value="build/dist/review_data_structure-1.0/docs"></property>
    <property name="component.jar" value="build/dist/lib/tcs/review_data_structure/1.0/review_data_structure.jar"></property>
    <property name="java.specification.version" value="1.4"></property>
  </properties>
  <testcase name="testCtorWithInvalidArgument1" classname="com.topcoder.management.review.data.failuretests.CommentFailureTests" time="0.0"></testcase>
  <testcase name="testCtorWithInvalidArgument2" classname="com.topcoder.management.review.data.failuretests.CommentFailureTests" time="0.0"></testcase>
  <testcase name="testCtorWithInvalidArgument3" classname="com.topcoder.management.review.data.failuretests.CommentFailureTests" time="0.0"></testcase>
  <testcase name="testCtorWithInvalidArgument4" classname="com.topcoder.management.review.data.failuretests.CommentFailureTests" time="0.0"></testcase>
  <testcase name="testCtorWithInvalidArgument5" classname="com.topcoder.management.review.data.failuretests.CommentFailureTests" time="0.0"></testcase>
  <testcase name="testCtorWithInvalidArgument6" classname="com.topcoder.management.review.data.failuretests.CommentFailureTests" time="0.0"></testcase>
  <testcase name="testCtorWithInvalidArgument7" classname="com.topcoder.management.review.data.failuretests.CommentFailureTests" time="0.0"></testcase>
  <testcase name="testCtorWithInvalidArgument8" classname="com.topcoder.management.review.data.failuretests.CommentFailureTests" time="0.0"></testcase>
  <testcase name="testCtorWithInvalidArgument9" classname="com.topcoder.management.review.data.failuretests.CommentFailureTests" time="0.0"></testcase>
  <testcase name="testCtorWithInvalidArgument10" classname="com.topcoder.management.review.data.failuretests.CommentFailureTests" time="0.0"></testcase>
  <testcase name="testCtorWithInvalidArgument11" classname="com.topcoder.management.review.data.failuretests.CommentFailureTests" time="0.0"></testcase>
  <testcase name="testCtorWithInvalidArgument12" classname="com.topcoder.management.review.data.failuretests.CommentFailureTests" time="0.0"></testcase>
  <testcase name="testCtorWithInvalidArgument13" classname="com.topcoder.management.review.data.failuretests.CommentFailureTests" time="0.0"></testcase>
  <testcase name="testsetIdWithInvalidId" classname="com.topcoder.management.review.data.failuretests.CommentFailureTests" time="0.0"></testcase>
  <testcase name="testsetAuthorWithInvalidauthor" classname="com.topcoder.management.review.data.failuretests.CommentFailureTests" time="0.0"></testcase>
  <testcase name="testsetIdWithInvalidId" classname="com.topcoder.management.review.data.failuretests.CommentTypeFailureTests" time="0.0"></testcase>
  <testcase name="testctorWithInvalidArgument1" classname="com.topcoder.management.review.data.failuretests.CommentTypeFailureTests" time="0.0"></testcase>
  <testcase name="testctorWithInvalidArgument2" classname="com.topcoder.management.review.data.failuretests.CommentTypeFailureTests" time="0.0"></testcase>
  <testcase name="testctorWithInvalidArgument3" classname="com.topcoder.management.review.data.failuretests.CommentTypeFailureTests" time="0.0"></testcase>
  <testcase name="testsetIdWithInvalidId" classname="com.topcoder.management.review.data.failuretests.ItemFailureTests" time="0.0"></testcase>
  <testcase name="testctorWithInvalidParam1" classname="com.topcoder.management.review.data.failuretests.ItemFailureTests" time="0.0"></testcase>
  <testcase name="testctorWithInvalidParam2" classname="com.topcoder.management.review.data.failuretests.ItemFailureTests" time="0.0"></testcase>
  <testcase name="testctorWithInvalidParam3" classname="com.topcoder.management.review.data.failuretests.ItemFailureTests" time="0.0"></testcase>
  <testcase name="testctorWithInvalidParam4" classname="com.topcoder.management.review.data.failuretests.ItemFailureTests" time="0.0"></testcase>
  <testcase name="testctorWithInvalidParam5" classname="com.topcoder.management.review.data.failuretests.ItemFailureTests" time="0.0"></testcase>
  <testcase name="testctorWithInvalidParam6" classname="com.topcoder.management.review.data.failuretests.ItemFailureTests" time="0.0"></testcase>
  <testcase name="testsetQuestionWithInvalidId" classname="com.topcoder.management.review.data.failuretests.ItemFailureTests" time="0.0"></testcase>
  <testcase name="testsetDocumentWithInvalidValue" classname="com.topcoder.management.review.data.failuretests.ItemFailureTests" time="0.0"></testcase>
  <testcase name="testaddCommentWithInvalidParam" classname="com.topcoder.management.review.data.failuretests.ItemFailureTests" time="0.0"></testcase>
  <testcase name="testaddCommentsWithInvalidParam1" classname="com.topcoder.management.review.data.failuretests.ItemFailureTests" time="0.0"></testcase>
  <testcase name="testaddCommentsWithInvalidParam2" classname="com.topcoder.management.review.data.failuretests.ItemFailureTests" time="0.0"></testcase>
  <testcase name="testremoveCommentWithInvalidParam" classname="com.topcoder.management.review.data.failuretests.ItemFailureTests" time="0.0"></testcase>
  <testcase name="testremoveCommentsWithInvalidParam1" classname="com.topcoder.management.review.data.failuretests.ItemFailureTests" time="0.0"></testcase>
  <testcase name="testremoveCommentsWithInvalidParam2" classname="com.topcoder.management.review.data.failuretests.ItemFailureTests" time="0.0"></testcase>
  <testcase name="testremoveCommentWithInvalidId" classname="com.topcoder.management.review.data.failuretests.ItemFailureTests" time="0.0"></testcase>
  <testcase name="testgetCommentWithInvalidindex1" classname="com.topcoder.management.review.data.failuretests.ItemFailureTests" time="0.0"></testcase>
  <testcase name="testgetCommentWithInvalidindex2" classname="com.topcoder.management.review.data.failuretests.ItemFailureTests" time="0.0"></testcase>
  <testcase name="testctorForInvalidParam1" classname="com.topcoder.management.review.data.failuretests.ReviewEditorFailureTests" time="0.0"></testcase>
  <testcase name="testctorForInvalidParam2" classname="com.topcoder.management.review.data.failuretests.ReviewEditorFailureTests" time="0.0"></testcase>
  <testcase name="testctorForInvalidParam3" classname="com.topcoder.management.review.data.failuretests.ReviewEditorFailureTests" time="0.0"></testcase>
  <testcase name="testsetIdForInvalidId" classname="com.topcoder.management.review.data.failuretests.ReviewEditorFailureTests" time="0.0"></testcase>
  <testcase name="testsetAuthorForInvalidId" classname="com.topcoder.management.review.data.failuretests.ReviewEditorFailureTests" time="0.0"></testcase>
  <testcase name="testsetSubmissionForInvalidId" classname="com.topcoder.management.review.data.failuretests.ReviewEditorFailureTests" time="0.0"></testcase>
  <testcase name="testsetScorecardForInvalidId" classname="com.topcoder.management.review.data.failuretests.ReviewEditorFailureTests" time="0.0"></testcase>
  <testcase name="testsetScoreForInvalidId1" classname="com.topcoder.management.review.data.failuretests.ReviewEditorFailureTests" time="0.0"></testcase>
  <testcase name="testsetScoreForInvalidId2" classname="com.topcoder.management.review.data.failuretests.ReviewEditorFailureTests" time="0.0"></testcase>
  <testcase name="testsetScoreForInvalidId3" classname="com.topcoder.management.review.data.failuretests.ReviewEditorFailureTests" time="0.0"></testcase>
  <testcase name="testaddItemForNull" classname="com.topcoder.management.review.data.failuretests.ReviewEditorFailureTests" time="0.016"></testcase>
  <testcase name="testaddItemsFornull" classname="com.topcoder.management.review.data.failuretests.ReviewEditorFailureTests" time="0.0"></testcase>
  <testcase name="testaddItemsForInvalidContainsNull" classname="com.topcoder.management.review.data.failuretests.ReviewEditorFailureTests" time="0.0"></testcase>
  <testcase name="testremoveItemForNull" classname="com.topcoder.management.review.data.failuretests.ReviewEditorFailureTests" time="0.0"></testcase>
  <testcase name="testremoveItemsFornull" classname="com.topcoder.management.review.data.failuretests.ReviewEditorFailureTests" time="0.0"></testcase>
  <testcase name="testremoveItemsForInvalidContainsNull" classname="com.topcoder.management.review.data.failuretests.ReviewEditorFailureTests" time="0.0"></testcase>
  <testcase name="testaddCommentForNull" classname="com.topcoder.management.review.data.failuretests.ReviewEditorFailureTests" time="0.0"></testcase>
  <testcase name="testaddCommentsFornull" classname="com.topcoder.management.review.data.failuretests.ReviewEditorFailureTests" time="0.0"></testcase>
  <testcase name="testaddCommentsForInvalidContainsNull" classname="com.topcoder.management.review.data.failuretests.ReviewEditorFailureTests" time="0.0"></testcase>
  <testcase name="testremoveCommentForNull" classname="com.topcoder.management.review.data.failuretests.ReviewEditorFailureTests" time="0.0"></testcase>
  <testcase name="testremoveCommentsFornull" classname="com.topcoder.management.review.data.failuretests.ReviewEditorFailureTests" time="0.0"></testcase>
  <testcase name="testremoveCommentsForInvalidContainsNull" classname="com.topcoder.management.review.data.failuretests.ReviewEditorFailureTests" time="0.0"></testcase>
  <testcase name="testsetIdWithInvalidId" classname="com.topcoder.management.review.data.failuretests.ReviewFailureTests" time="0.0"></testcase>
  <testcase name="testctorWithInvalidParam1" classname="com.topcoder.management.review.data.failuretests.ReviewFailureTests" time="0.0"></testcase>
  <testcase name="testctorWithInvalidParam2" classname="com.topcoder.management.review.data.failuretests.ReviewFailureTests" time="0.0"></testcase>
  <testcase name="testctorWithInvalidParam3" classname="com.topcoder.management.review.data.failuretests.ReviewFailureTests" time="0.0"></testcase>
  <testcase name="testctorWithInvalidParam4" classname="com.topcoder.management.review.data.failuretests.ReviewFailureTests" time="0.0"></testcase>
  <testcase name="testctorWithInvalidParam5" classname="com.topcoder.management.review.data.failuretests.ReviewFailureTests" time="0.0"></testcase>
  <testcase name="testctorWithInvalidParam6" classname="com.topcoder.management.review.data.failuretests.ReviewFailureTests" time="0.0"></testcase>
  <testcase name="testremoveCommentWithInvalidId" classname="com.topcoder.management.review.data.failuretests.ReviewFailureTests" time="0.0"></testcase>
  <testcase name="testctorWithInvalidParam7" classname="com.topcoder.management.review.data.failuretests.ReviewFailureTests" time="0.0"></testcase>
  <testcase name="testctorWithInvalidParam8" classname="com.topcoder.management.review.data.failuretests.ReviewFailureTests" time="0.0"></testcase>
  <testcase name="testctorWithInvalidParam9" classname="com.topcoder.management.review.data.failuretests.ReviewFailureTests" time="0.0"></testcase>
  <testcase name="testctorWithInvalidParam10" classname="com.topcoder.management.review.data.failuretests.ReviewFailureTests" time="0.0"></testcase>
  <testcase name="testctorWithInvalidParam11" classname="com.topcoder.management.review.data.failuretests.ReviewFailureTests" time="0.0"></testcase>
  <testcase name="testctorWithInvalidParam12" classname="com.topcoder.management.review.data.failuretests.ReviewFailureTests" time="0.0"></testcase>
  <testcase name="testsetAuthorWithInvalidAuthor" classname="com.topcoder.management.review.data.failuretests.ReviewFailureTests" time="0.0"></testcase>
  <testcase name="testsetSubmissionWithInvalidSubmission" classname="com.topcoder.management.review.data.failuretests.ReviewFailureTests" time="0.0"></testcase>
  <testcase name="testsetScorecardWithInvalidScorecard" classname="com.topcoder.management.review.data.failuretests.ReviewFailureTests" time="0.0"></testcase>
  <testcase name="testsetScoreForInvalidFloat1" classname="com.topcoder.management.review.data.failuretests.ReviewFailureTests" time="0.0"></testcase>
  <testcase name="testsetScoreForInvalidFloat2" classname="com.topcoder.management.review.data.failuretests.ReviewFailureTests" time="0.0"></testcase>
  <testcase name="testsetScoreForInvalidFloat3" classname="com.topcoder.management.review.data.failuretests.ReviewFailureTests" time="0.0"></testcase>
  <testcase name="testaddItemWithNull" classname="com.topcoder.management.review.data.failuretests.ReviewFailureTests" time="0.0"></testcase>
  <testcase name="testaddItemsWithNull" classname="com.topcoder.management.review.data.failuretests.ReviewFailureTests" time="0.0"></testcase>
  <testcase name="testaddItemsWithcontainsNull" classname="com.topcoder.management.review.data.failuretests.ReviewFailureTests" time="0.0"></testcase>
  <testcase name="testremoveItemWithNull" classname="com.topcoder.management.review.data.failuretests.ReviewFailureTests" time="0.0"></testcase>
  <testcase name="testremoveItemsWithNull" classname="com.topcoder.management.review.data.failuretests.ReviewFailureTests" time="0.0"></testcase>
  <testcase name="testremoveItemsWithcontainsNull" classname="com.topcoder.management.review.data.failuretests.ReviewFailureTests" time="0.0"></testcase>
  <testcase name="testremoveItemWithInvalidId" classname="com.topcoder.management.review.data.failuretests.ReviewFailureTests" time="0.0"></testcase>
  <testcase name="testremoveItemWithInvalidIndex1" classname="com.topcoder.management.review.data.failuretests.ReviewFailureTests" time="0.0"></testcase>
  <testcase name="testremoveItemWithInvalidIndex2" classname="com.topcoder.management.review.data.failuretests.ReviewFailureTests" time="0.0"></testcase>
  <testcase name="testaddCommentWithNull" classname="com.topcoder.management.review.data.failuretests.ReviewFailureTests" time="0.0"></testcase>
  <testcase name="testaddCommentsWithNull" classname="com.topcoder.management.review.data.failuretests.ReviewFailureTests" time="0.0"></testcase>
  <testcase name="testaddCommentsWithcontainsNull" classname="com.topcoder.management.review.data.failuretests.ReviewFailureTests" time="0.0"></testcase>
  <testcase name="testremoveCommentWithNull" classname="com.topcoder.management.review.data.failuretests.ReviewFailureTests" time="0.0"></testcase>
  <testcase name="testremoveCommentsWithNull" classname="com.topcoder.management.review.data.failuretests.ReviewFailureTests" time="0.0"></testcase>
  <testcase name="testremoveCommentsWithcontainsNull" classname="com.topcoder.management.review.data.failuretests.ReviewFailureTests" time="0.0"></testcase>
  <testcase name="testremoveCommentWithInvalidIndex1" classname="com.topcoder.management.review.data.failuretests.ReviewFailureTests" time="0.0"></testcase>
  <testcase name="testremoveCommentWithInvalidIndex2" classname="com.topcoder.management.review.data.failuretests.ReviewFailureTests" time="0.0"></testcase>
  <testcase name="testAddComment" classname="com.topcoder.management.review.data.stresstests.ItemStressTest" time="0.062"></testcase>
  <testcase name="testAddComments" classname="com.topcoder.management.review.data.stresstests.ItemStressTest" time="0.203"></testcase>
  <testcase name="testRemoveComment" classname="com.topcoder.management.review.data.stresstests.ItemStressTest" time="0.0"></testcase>
  <testcase name="testRemoveCommentById" classname="com.topcoder.management.review.data.stresstests.ItemStressTest" time="0.031"></testcase>
  <testcase name="testGetAllComments" classname="com.topcoder.management.review.data.stresstests.ItemStressTest" time="0.032"></testcase>
  <testcase name="testGetComment" classname="com.topcoder.management.review.data.stresstests.ItemStressTest" time="0.015"></testcase>
  <testcase name="testAddComment" classname="com.topcoder.management.review.data.stresstests.ReviewEditorStressTest" time="0.047"></testcase>
  <testcase name="testAddComments" classname="com.topcoder.management.review.data.stresstests.ReviewEditorStressTest" time="0.219"></testcase>
  <testcase name="testRemoveComment" classname="com.topcoder.management.review.data.stresstests.ReviewEditorStressTest" time="0.031"></testcase>
  <testcase name="testAddItem" classname="com.topcoder.management.review.data.stresstests.ReviewEditorStressTest" time="0.047"></testcase>
  <testcase name="testAddItems" classname="com.topcoder.management.review.data.stresstests.ReviewEditorStressTest" time="0.172"></testcase>
  <testcase name="testRemoveItem" classname="com.topcoder.management.review.data.stresstests.ReviewEditorStressTest" time="0.047"></testcase>
  <testcase name="testCommentTypeCtor1" classname="com.topcoder.management.review.data.accuracytests.CommentTypeAccuracyTest" time="0.0"></testcase>
  <testcase name="testCommentTypeCtor2" classname="com.topcoder.management.review.data.accuracytests.CommentTypeAccuracyTest" time="0.0"></testcase>
  <testcase name="testCommentTypeCtor3" classname="com.topcoder.management.review.data.accuracytests.CommentTypeAccuracyTest" time="0.0"></testcase>
  <testcase name="testMethod_getId" classname="com.topcoder.management.review.data.accuracytests.CommentTypeAccuracyTest" time="0.0"></testcase>
  <testcase name="testMethod_setId" classname="com.topcoder.management.review.data.accuracytests.CommentTypeAccuracyTest" time="0.0"></testcase>
  <testcase name="testMethod_resetId" classname="com.topcoder.management.review.data.accuracytests.CommentTypeAccuracyTest" time="0.0"></testcase>
  <testcase name="testMethod_getName" classname="com.topcoder.management.review.data.accuracytests.CommentTypeAccuracyTest" time="0.0"></testcase>
  <testcase name="testMethod_setName" classname="com.topcoder.management.review.data.accuracytests.CommentTypeAccuracyTest" time="0.0"></testcase>
  <testcase name="testMethod_resetName" classname="com.topcoder.management.review.data.accuracytests.CommentTypeAccuracyTest" time="0.0"></testcase>
  <testcase name="testMethod_getId" classname="com.topcoder.management.review.data.accuracytests.CommentAccuracyTest" time="0.0"></testcase>
  <testcase name="testMethod_setId" classname="com.topcoder.management.review.data.accuracytests.CommentAccuracyTest" time="0.0"></testcase>
  <testcase name="testMethod_resetId" classname="com.topcoder.management.review.data.accuracytests.CommentAccuracyTest" time="0.0"></testcase>
  <testcase name="testCommentCtor1" classname="com.topcoder.management.review.data.accuracytests.CommentAccuracyTest" time="0.0"></testcase>
  <testcase name="testCommentCtor2" classname="com.topcoder.management.review.data.accuracytests.CommentAccuracyTest" time="0.0"></testcase>
  <testcase name="testCommentCtor3" classname="com.topcoder.management.review.data.accuracytests.CommentAccuracyTest" time="0.0"></testcase>
  <testcase name="testCommentCtor4" classname="com.topcoder.management.review.data.accuracytests.CommentAccuracyTest" time="0.0"></testcase>
  <testcase name="testCommentCtor5" classname="com.topcoder.management.review.data.accuracytests.CommentAccuracyTest" time="0.0"></testcase>
  <testcase name="testCommentCtor6" classname="com.topcoder.management.review.data.accuracytests.CommentAccuracyTest" time="0.0"></testcase>
  <testcase name="testMethod_getAuthor" classname="com.topcoder.management.review.data.accuracytests.CommentAccuracyTest" time="0.0"></testcase>
  <testcase name="testMethod_setAuthor" classname="com.topcoder.management.review.data.accuracytests.CommentAccuracyTest" time="0.0"></testcase>
  <testcase name="testMethod_resetAuthor" classname="com.topcoder.management.review.data.accuracytests.CommentAccuracyTest" time="0.0"></testcase>
  <testcase name="testMethod_getComment" classname="com.topcoder.management.review.data.accuracytests.CommentAccuracyTest" time="0.0"></testcase>
  <testcase name="testMethod_setComment" classname="com.topcoder.management.review.data.accuracytests.CommentAccuracyTest" time="0.0"></testcase>
  <testcase name="testMethod_resetComment" classname="com.topcoder.management.review.data.accuracytests.CommentAccuracyTest" time="0.0"></testcase>
  <testcase name="testMethod_getCommentType" classname="com.topcoder.management.review.data.accuracytests.CommentAccuracyTest" time="0.0"></testcase>
  <testcase name="testMethod_setCommentType" classname="com.topcoder.management.review.data.accuracytests.CommentAccuracyTest" time="0.0"></testcase>
  <testcase name="testMethod_resetCommentType" classname="com.topcoder.management.review.data.accuracytests.CommentAccuracyTest" time="0.0"></testcase>
  <testcase name="testMethod_getExtraInfo" classname="com.topcoder.management.review.data.accuracytests.CommentAccuracyTest" time="0.0"></testcase>
  <testcase name="testMethod_setExtraInfo" classname="com.topcoder.management.review.data.accuracytests.CommentAccuracyTest" time="0.0"></testcase>
  <testcase name="testMethod_resetExtraInfo" classname="com.topcoder.management.review.data.accuracytests.CommentAccuracyTest" time="0.0"></testcase>
  <testcase name="testMethod_getId" classname="com.topcoder.management.review.data.accuracytests.ItemAccuracyTest" time="0.0"></testcase>
  <testcase name="testMethod_setId" classname="com.topcoder.management.review.data.accuracytests.ItemAccuracyTest" time="0.0"></testcase>
  <testcase name="testMethod_resetId" classname="com.topcoder.management.review.data.accuracytests.ItemAccuracyTest" time="0.0"></testcase>
  <testcase name="testMethod_getComment" classname="com.topcoder.management.review.data.accuracytests.ItemAccuracyTest" time="0.0"></testcase>
  <testcase name="testItemCtor1" classname="com.topcoder.management.review.data.accuracytests.ItemAccuracyTest" time="0.0"></testcase>
  <testcase name="testItemCtor2" classname="com.topcoder.management.review.data.accuracytests.ItemAccuracyTest" time="0.0"></testcase>
  <testcase name="testItemCtor3" classname="com.topcoder.management.review.data.accuracytests.ItemAccuracyTest" time="0.0"></testcase>
  <testcase name="testItemCtor4" classname="com.topcoder.management.review.data.accuracytests.ItemAccuracyTest" time="0.0"></testcase>
  <testcase name="testMethod_getAnswer" classname="com.topcoder.management.review.data.accuracytests.ItemAccuracyTest" time="0.0"></testcase>
  <testcase name="testMethod_setAnswer" classname="com.topcoder.management.review.data.accuracytests.ItemAccuracyTest" time="0.0"></testcase>
  <testcase name="testMethod_resetAnswer" classname="com.topcoder.management.review.data.accuracytests.ItemAccuracyTest" time="0.0"></testcase>
  <testcase name="testMethod_getQuestion" classname="com.topcoder.management.review.data.accuracytests.ItemAccuracyTest" time="0.0"></testcase>
  <testcase name="testMethod_setQuestion" classname="com.topcoder.management.review.data.accuracytests.ItemAccuracyTest" time="0.0"></testcase>
  <testcase name="testMethod_resetQuestion" classname="com.topcoder.management.review.data.accuracytests.ItemAccuracyTest" time="0.0"></testcase>
  <testcase name="testMethod_getDocument" classname="com.topcoder.management.review.data.accuracytests.ItemAccuracyTest" time="0.0"></testcase>
  <testcase name="testMethod_setDocument" classname="com.topcoder.management.review.data.accuracytests.ItemAccuracyTest" time="0.0"></testcase>
  <testcase name="testMethod_resetDocument" classname="com.topcoder.management.review.data.accuracytests.ItemAccuracyTest" time="0.0"></testcase>
  <testcase name="testMethod_addComment" classname="com.topcoder.management.review.data.accuracytests.ItemAccuracyTest" time="0.0"></testcase>
  <testcase name="testMethod_addComments" classname="com.topcoder.management.review.data.accuracytests.ItemAccuracyTest" time="0.0"></testcase>
  <testcase name="testMethod_clearComments" classname="com.topcoder.management.review.data.accuracytests.ItemAccuracyTest" time="0.0"></testcase>
  <testcase name="testMethod_getAllComments" classname="com.topcoder.management.review.data.accuracytests.ItemAccuracyTest" time="0.0"></testcase>
  <testcase name="testMethod_removeComment1" classname="com.topcoder.management.review.data.accuracytests.ItemAccuracyTest" time="0.0"></testcase>
  <testcase name="testMethod_removeComment2" classname="com.topcoder.management.review.data.accuracytests.ItemAccuracyTest" time="0.0"></testcase>
  <testcase name="testMethod_removeComments" classname="com.topcoder.management.review.data.accuracytests.ItemAccuracyTest" time="0.0"></testcase>
  <testcase name="testMethod_getNumberOfComments" classname="com.topcoder.management.review.data.accuracytests.ItemAccuracyTest" time="0.0"></testcase>
  <testcase name="testMethod_getId" classname="com.topcoder.management.review.data.accuracytests.ReviewAccuracyTest" time="0.0"></testcase>
  <testcase name="testMethod_setId" classname="com.topcoder.management.review.data.accuracytests.ReviewAccuracyTest" time="0.0"></testcase>
  <testcase name="testMethod_resetId" classname="com.topcoder.management.review.data.accuracytests.ReviewAccuracyTest" time="0.0"></testcase>
  <testcase name="testMethod_getAuthor" classname="com.topcoder.management.review.data.accuracytests.ReviewAccuracyTest" time="0.0"></testcase>
  <testcase name="testMethod_setAuthor" classname="com.topcoder.management.review.data.accuracytests.ReviewAccuracyTest" time="0.0"></testcase>
  <testcase name="testMethod_resetAuthor" classname="com.topcoder.management.review.data.accuracytests.ReviewAccuracyTest" time="0.0"></testcase>
  <testcase name="testMethod_addComment" classname="com.topcoder.management.review.data.accuracytests.ReviewAccuracyTest" time="0.0"></testcase>
  <testcase name="testMethod_addComments" classname="com.topcoder.management.review.data.accuracytests.ReviewAccuracyTest" time="0.0"></testcase>
  <testcase name="testMethod_clearComments" classname="com.topcoder.management.review.data.accuracytests.ReviewAccuracyTest" time="0.0"></testcase>
  <testcase name="testMethod_getAllComments" classname="com.topcoder.management.review.data.accuracytests.ReviewAccuracyTest" time="0.0"></testcase>
  <testcase name="testMethod_removeComment1" classname="com.topcoder.management.review.data.accuracytests.ReviewAccuracyTest" time="0.0"></testcase>
  <testcase name="testMethod_removeComment2" classname="com.topcoder.management.review.data.accuracytests.ReviewAccuracyTest" time="0.0"></testcase>
  <testcase name="testMethod_removeComments" classname="com.topcoder.management.review.data.accuracytests.ReviewAccuracyTest" time="0.0"></testcase>
  <testcase name="testMethod_getNumberOfComments" classname="com.topcoder.management.review.data.accuracytests.ReviewAccuracyTest" time="0.0"></testcase>
  <testcase name="testReviewCtor1" classname="com.topcoder.management.review.data.accuracytests.ReviewAccuracyTest" time="0.0"></testcase>
  <testcase name="testReviewCtor2" classname="com.topcoder.management.review.data.accuracytests.ReviewAccuracyTest" time="0.0"></testcase>
  <testcase name="testReviewCtor3" classname="com.topcoder.management.review.data.accuracytests.ReviewAccuracyTest" time="0.0"></testcase>
  <testcase name="testReviewCtor4" classname="com.topcoder.management.review.data.accuracytests.ReviewAccuracyTest" time="0.0"></testcase>
  <testcase name="testReviewCtor5" classname="com.topcoder.management.review.data.accuracytests.ReviewAccuracyTest" time="0.0"></testcase>
  <testcase name="testMethod_getCreationTimestamp" classname="com.topcoder.management.review.data.accuracytests.ReviewAccuracyTest" time="0.0"></testcase>
  <testcase name="testMethod_setCreationTimestamp" classname="com.topcoder.management.review.data.accuracytests.ReviewAccuracyTest" time="0.0"></testcase>
  <testcase name="testMethod_getModificationTimestamp" classname="com.topcoder.management.review.data.accuracytests.ReviewAccuracyTest" time="0.0"></testcase>
  <testcase name="testMethod_setModificationTimestamp" classname="com.topcoder.management.review.data.accuracytests.ReviewAccuracyTest" time="0.0"></testcase>
  <testcase name="testMethod_isCommitted" classname="com.topcoder.management.review.data.accuracytests.ReviewAccuracyTest" time="0.0"></testcase>
  <testcase name="testMethod_setCommitted" classname="com.topcoder.management.review.data.accuracytests.ReviewAccuracyTest" time="0.0"></testcase>
  <testcase name="testMethod_resetCommitted" classname="com.topcoder.management.review.data.accuracytests.ReviewAccuracyTest" time="0.0"></testcase>
  <testcase name="testMethod_getScore" classname="com.topcoder.management.review.data.accuracytests.ReviewAccuracyTest" time="0.0"></testcase>
  <testcase name="testMethod_setScore" classname="com.topcoder.management.review.data.accuracytests.ReviewAccuracyTest" time="0.0"></testcase>
  <testcase name="testMethod_resetScore" classname="com.topcoder.management.review.data.accuracytests.ReviewAccuracyTest" time="0.0"></testcase>
  <testcase name="testMethod_getScorecard" classname="com.topcoder.management.review.data.accuracytests.ReviewAccuracyTest" time="0.0"></testcase>
  <testcase name="testMethod_setScorecard" classname="com.topcoder.management.review.data.accuracytests.ReviewAccuracyTest" time="0.0"></testcase>
  <testcase name="testMethod_resetScorecard" classname="com.topcoder.management.review.data.accuracytests.ReviewAccuracyTest" time="0.0"></testcase>
  <testcase name="testMethod_getSubmission" classname="com.topcoder.management.review.data.accuracytests.ReviewAccuracyTest" time="0.015"></testcase>
  <testcase name="testMethod_setSubmission" classname="com.topcoder.management.review.data.accuracytests.ReviewAccuracyTest" time="0.0"></testcase>
  <testcase name="testMethod_resetSubmission" classname="com.topcoder.management.review.data.accuracytests.ReviewAccuracyTest" time="0.0"></testcase>
  <testcase name="testMethod_getCreationUser" classname="com.topcoder.management.review.data.accuracytests.ReviewAccuracyTest" time="0.0"></testcase>
  <testcase name="testMethod_setCreationUser" classname="com.topcoder.management.review.data.accuracytests.ReviewAccuracyTest" time="0.0"></testcase>
  <testcase name="testMethod_getModificationUser" classname="com.topcoder.management.review.data.accuracytests.ReviewAccuracyTest" time="0.0"></testcase>
  <testcase name="testMethod_setModificationUser" classname="com.topcoder.management.review.data.accuracytests.ReviewAccuracyTest" time="0.0"></testcase>
  <testcase name="testMethod_addItem" classname="com.topcoder.management.review.data.accuracytests.ReviewAccuracyTest" time="0.0"></testcase>
  <testcase name="testMethod_addItems" classname="com.topcoder.management.review.data.accuracytests.ReviewAccuracyTest" time="0.0"></testcase>
  <testcase name="testMethod_removeItem1" classname="com.topcoder.management.review.data.accuracytests.ReviewAccuracyTest" time="0.0"></testcase>
  <testcase name="testMethod_removeItem2" classname="com.topcoder.management.review.data.accuracytests.ReviewAccuracyTest" time="0.0"></testcase>
  <testcase name="testMethod_removeItems" classname="com.topcoder.management.review.data.accuracytests.ReviewAccuracyTest" time="0.0"></testcase>
  <testcase name="testMethod_clearItems" classname="com.topcoder.management.review.data.accuracytests.ReviewAccuracyTest" time="0.0"></testcase>
  <testcase name="testMethod_getAllItems" classname="com.topcoder.management.review.data.accuracytests.ReviewAccuracyTest" time="0.0"></testcase>
  <testcase name="testMethod_getNumberOfItems" classname="com.topcoder.management.review.data.accuracytests.ReviewAccuracyTest" time="0.0"></testcase>
  <testcase name="testMethod_setId" classname="com.topcoder.management.review.data.accuracytests.ReviewEditorAccuracyTest" time="0.0"></testcase>
  <testcase name="testMethod_resetId" classname="com.topcoder.management.review.data.accuracytests.ReviewEditorAccuracyTest" time="0.0"></testcase>
  <testcase name="testMethod_setAuthor" classname="com.topcoder.management.review.data.accuracytests.ReviewEditorAccuracyTest" time="0.0"></testcase>
  <testcase name="testMethod_resetAuthor" classname="com.topcoder.management.review.data.accuracytests.ReviewEditorAccuracyTest" time="0.0"></testcase>
  <testcase name="testMethod_addComment" classname="com.topcoder.management.review.data.accuracytests.ReviewEditorAccuracyTest" time="0.0"></testcase>
  <testcase name="testMethod_addComments" classname="com.topcoder.management.review.data.accuracytests.ReviewEditorAccuracyTest" time="0.0"></testcase>
  <testcase name="testMethod_clearComments" classname="com.topcoder.management.review.data.accuracytests.ReviewEditorAccuracyTest" time="0.0"></testcase>
  <testcase name="testMethod_removeComments" classname="com.topcoder.management.review.data.accuracytests.ReviewEditorAccuracyTest" time="0.0"></testcase>
  <testcase name="testMethod_setCommitted" classname="com.topcoder.management.review.data.accuracytests.ReviewEditorAccuracyTest" time="0.0"></testcase>
  <testcase name="testMethod_resetCommitted" classname="com.topcoder.management.review.data.accuracytests.ReviewEditorAccuracyTest" time="0.0"></testcase>
  <testcase name="testMethod_setScore" classname="com.topcoder.management.review.data.accuracytests.ReviewEditorAccuracyTest" time="0.0"></testcase>
  <testcase name="testMethod_resetScore" classname="com.topcoder.management.review.data.accuracytests.ReviewEditorAccuracyTest" time="0.0"></testcase>
  <testcase name="testMethod_setScorecard" classname="com.topcoder.management.review.data.accuracytests.ReviewEditorAccuracyTest" time="0.0"></testcase>
  <testcase name="testMethod_resetScorecard" classname="com.topcoder.management.review.data.accuracytests.ReviewEditorAccuracyTest" time="0.0"></testcase>
  <testcase name="testMethod_setSubmission" classname="com.topcoder.management.review.data.accuracytests.ReviewEditorAccuracyTest" time="0.0"></testcase>
  <testcase name="testMethod_resetSubmission" classname="com.topcoder.management.review.data.accuracytests.ReviewEditorAccuracyTest" time="0.0"></testcase>
  <testcase name="testMethod_addItem" classname="com.topcoder.management.review.data.accuracytests.ReviewEditorAccuracyTest" time="0.0"></testcase>
  <testcase name="testMethod_addItems" classname="com.topcoder.management.review.data.accuracytests.ReviewEditorAccuracyTest" time="0.0"></testcase>
  <testcase name="testMethod_removeItems" classname="com.topcoder.management.review.data.accuracytests.ReviewEditorAccuracyTest" time="0.0"></testcase>
  <testcase name="testMethod_clearItems" classname="com.topcoder.management.review.data.accuracytests.ReviewEditorAccuracyTest" time="0.0"></testcase>
  <testcase name="testReviewEditorCtor1" classname="com.topcoder.management.review.data.accuracytests.ReviewEditorAccuracyTest" time="0.0"></testcase>
  <testcase name="testReviewEditorCtor2" classname="com.topcoder.management.review.data.accuracytests.ReviewEditorAccuracyTest" time="0.0"></testcase>
  <testcase name="testMethod_getReview" classname="com.topcoder.management.review.data.accuracytests.ReviewEditorAccuracyTest" time="0.0"></testcase>
  <testcase name="testMethod_getUser" classname="com.topcoder.management.review.data.accuracytests.ReviewEditorAccuracyTest" time="0.0"></testcase>
  <testcase name="testMethod_removeComment" classname="com.topcoder.management.review.data.accuracytests.ReviewEditorAccuracyTest" time="0.0"></testcase>
  <testcase name="testMethod_removeItem" classname="com.topcoder.management.review.data.accuracytests.ReviewEditorAccuracyTest" time="0.0"></testcase>
  <testcase name="testImplements" classname="com.topcoder.management.review.data.CommentTypeUnitTests" time="0.0"></testcase>
  <testcase name="testConstructorWithNoArgu" classname="com.topcoder.management.review.data.CommentTypeUnitTests" time="0.0"></testcase>
  <testcase name="testConstructorWithNegativeId" classname="com.topcoder.management.review.data.CommentTypeUnitTests" time="0.0"></testcase>
  <testcase name="testConstructorWithZeroId" classname="com.topcoder.management.review.data.CommentTypeUnitTests" time="0.0"></testcase>
  <testcase name="testConstructorWithPositiveId" classname="com.topcoder.management.review.data.CommentTypeUnitTests" time="0.0"></testcase>
  <testcase name="testConstructorWithNegativeIdAndNonNullName" classname="com.topcoder.management.review.data.CommentTypeUnitTests" time="0.0"></testcase>
  <testcase name="testConstructorWithZeroIdAndNonNullName" classname="com.topcoder.management.review.data.CommentTypeUnitTests" time="0.0"></testcase>
  <testcase name="testConstructorWithPositiveIdAndNullName" classname="com.topcoder.management.review.data.CommentTypeUnitTests" time="0.0"></testcase>
  <testcase name="testConstructorWithPositiveIdAndNonNullName" classname="com.topcoder.management.review.data.CommentTypeUnitTests" time="0.0"></testcase>
  <testcase name="testSetIdWithNegativeId" classname="com.topcoder.management.review.data.CommentTypeUnitTests" time="0.0"></testcase>
  <testcase name="testSetIdWithZeroId" classname="com.topcoder.management.review.data.CommentTypeUnitTests" time="0.0"></testcase>
  <testcase name="testSetIdWithPositiveId" classname="com.topcoder.management.review.data.CommentTypeUnitTests" time="0.0"></testcase>
  <testcase name="testGetId" classname="com.topcoder.management.review.data.CommentTypeUnitTests" time="0.0"></testcase>
  <testcase name="testResetId" classname="com.topcoder.management.review.data.CommentTypeUnitTests" time="0.0"></testcase>
  <testcase name="testSetName" classname="com.topcoder.management.review.data.CommentTypeUnitTests" time="0.0"></testcase>
  <testcase name="testGetName" classname="com.topcoder.management.review.data.CommentTypeUnitTests" time="0.0"></testcase>
  <testcase name="testResetName" classname="com.topcoder.management.review.data.CommentTypeUnitTests" time="0.0"></testcase>
  <testcase name="testGetComment" classname="com.topcoder.management.review.data.CommentUnitTests" time="0.0"></testcase>
  <testcase name="testImplements" classname="com.topcoder.management.review.data.CommentUnitTests" time="0.0"></testcase>
  <testcase name="testConstructorWithNoArgu" classname="com.topcoder.management.review.data.CommentUnitTests" time="0.0"></testcase>
  <testcase name="testConstructorWithNegativeId" classname="com.topcoder.management.review.data.CommentUnitTests" time="0.0"></testcase>
  <testcase name="testConstructorWithZeroId" classname="com.topcoder.management.review.data.CommentUnitTests" time="0.0"></testcase>
  <testcase name="testConstructorWithPositiveId" classname="com.topcoder.management.review.data.CommentUnitTests" time="0.0"></testcase>
  <testcase name="testSetIdWithNegativeId" classname="com.topcoder.management.review.data.CommentUnitTests" time="0.0"></testcase>
  <testcase name="testSetIdWithZeroId" classname="com.topcoder.management.review.data.CommentUnitTests" time="0.0"></testcase>
  <testcase name="testSetIdWithPositiveId" classname="com.topcoder.management.review.data.CommentUnitTests" time="0.0"></testcase>
  <testcase name="testGetId" classname="com.topcoder.management.review.data.CommentUnitTests" time="0.0"></testcase>
  <testcase name="testResetId" classname="com.topcoder.management.review.data.CommentUnitTests" time="0.0"></testcase>
  <testcase name="testConstructorWithNegativeIdAndPositiveAuthor" classname="com.topcoder.management.review.data.CommentUnitTests" time="0.0"></testcase>
  <testcase name="testConstructorWithZeroIdAndPositiveAuthor" classname="com.topcoder.management.review.data.CommentUnitTests" time="0.0"></testcase>
  <testcase name="testConstructorWithNegativeAuthorAndPositiveId" classname="com.topcoder.management.review.data.CommentUnitTests" time="0.0"></testcase>
  <testcase name="testConstructorWithZeroAuthorAndPositiveId" classname="com.topcoder.management.review.data.CommentUnitTests" time="0.0"></testcase>
  <testcase name="testConstructorWithPositiveIdAndAuthor" classname="com.topcoder.management.review.data.CommentUnitTests" time="0.0"></testcase>
  <testcase name="testConstructorWithNegativeIdAndNonNullComment" classname="com.topcoder.management.review.data.CommentUnitTests" time="0.0"></testcase>
  <testcase name="testConstructorWithZeroIdAndNonNullComment" classname="com.topcoder.management.review.data.CommentUnitTests" time="0.0"></testcase>
  <testcase name="testConstructorWithNegativeAuthorAndNonNullComment" classname="com.topcoder.management.review.data.CommentUnitTests" time="0.0"></testcase>
  <testcase name="testConstructorWithZeroAuthorAndNonNullComment" classname="com.topcoder.management.review.data.CommentUnitTests" time="0.0"></testcase>
  <testcase name="testConstructorWithPositiveIdAuthorAndNullComment" classname="com.topcoder.management.review.data.CommentUnitTests" time="0.0"></testcase>
  <testcase name="testConstructorWithPositiveIdAuthorAndNonNullComment" classname="com.topcoder.management.review.data.CommentUnitTests" time="0.0"></testcase>
  <testcase name="testConstructorWithNegativeIdAndNonNullCommentType" classname="com.topcoder.management.review.data.CommentUnitTests" time="0.0"></testcase>
  <testcase name="testConstructorWithZeroIdAndNonNullCommentType" classname="com.topcoder.management.review.data.CommentUnitTests" time="0.0"></testcase>
  <testcase name="testConstructorWithNegativeAuthorAndNonNullCommentType" classname="com.topcoder.management.review.data.CommentUnitTests" time="0.0"></testcase>
  <testcase name="testConstructorWithZeroAuthorAndNonNullCommentType" classname="com.topcoder.management.review.data.CommentUnitTests" time="0.0"></testcase>
  <testcase name="testConstructorWithPositiveIdAuthorAndNullCommentType" classname="com.topcoder.management.review.data.CommentUnitTests" time="0.0"></testcase>
  <testcase name="testConstructorWithPositiveIdAuthorAndNonNullCommentType" classname="com.topcoder.management.review.data.CommentUnitTests" time="0.0"></testcase>
  <testcase name="testConstructorWithNegativeIdAndOtherValidArgus" classname="com.topcoder.management.review.data.CommentUnitTests" time="0.0"></testcase>
  <testcase name="testConstructorWithZeroIdAndOtherValidArgus" classname="com.topcoder.management.review.data.CommentUnitTests" time="0.0"></testcase>
  <testcase name="testConstructorWithNegativeAuthorAndOtherValidArgus" classname="com.topcoder.management.review.data.CommentUnitTests" time="0.0"></testcase>
  <testcase name="testConstructorWithZeroAuthorAndOtherValidArgus" classname="com.topcoder.management.review.data.CommentUnitTests" time="0.0"></testcase>
  <testcase name="testConstructorWithNullCommentAndOtherValidArgus" classname="com.topcoder.management.review.data.CommentUnitTests" time="0.0"></testcase>
  <testcase name="testConstructorWithNullCommentTypeAndOtherValidArgus" classname="com.topcoder.management.review.data.CommentUnitTests" time="0.0"></testcase>
  <testcase name="testConstructorWithValidArgus" classname="com.topcoder.management.review.data.CommentUnitTests" time="0.0"></testcase>
  <testcase name="testSetAuthorWithNegativeAuthor" classname="com.topcoder.management.review.data.CommentUnitTests" time="0.0"></testcase>
  <testcase name="testSetAuthorWithZeroAuthor" classname="com.topcoder.management.review.data.CommentUnitTests" time="0.0"></testcase>
  <testcase name="testSetAuthorWithPositiveAuthor" classname="com.topcoder.management.review.data.CommentUnitTests" time="0.0"></testcase>
  <testcase name="testGetAuthor" classname="com.topcoder.management.review.data.CommentUnitTests" time="0.0"></testcase>
  <testcase name="testResetAuthor" classname="com.topcoder.management.review.data.CommentUnitTests" time="0.0"></testcase>
  <testcase name="testSetCommentType" classname="com.topcoder.management.review.data.CommentUnitTests" time="0.0"></testcase>
  <testcase name="testGetCommentType" classname="com.topcoder.management.review.data.CommentUnitTests" time="0.0"></testcase>
  <testcase name="testResetCommentType" classname="com.topcoder.management.review.data.CommentUnitTests" time="0.0"></testcase>
  <testcase name="testSetComment" classname="com.topcoder.management.review.data.CommentUnitTests" time="0.0"></testcase>
  <testcase name="testResetComment" classname="com.topcoder.management.review.data.CommentUnitTests" time="0.0"></testcase>
  <testcase name="testSetExtraInfo" classname="com.topcoder.management.review.data.CommentUnitTests" time="0.0"></testcase>
  <testcase name="testGetExtraInfo" classname="com.topcoder.management.review.data.CommentUnitTests" time="0.0"></testcase>
  <testcase name="testResetExtraInfo" classname="com.topcoder.management.review.data.CommentUnitTests" time="0.0"></testcase>
  <testcase name="testGetAllComments" classname="com.topcoder.management.review.data.ItemUnitTests" time="0.0"></testcase>
  <testcase name="testImplements" classname="com.topcoder.management.review.data.ItemUnitTests" time="0.0"></testcase>
  <testcase name="testConstructorWithNoArgu" classname="com.topcoder.management.review.data.ItemUnitTests" time="0.0"></testcase>
  <testcase name="testConstructorWithNegativeId" classname="com.topcoder.management.review.data.ItemUnitTests" time="0.0"></testcase>
  <testcase name="testConstructorWithZeroId" classname="com.topcoder.management.review.data.ItemUnitTests" time="0.0"></testcase>
  <testcase name="testConstructorWithPositiveId" classname="com.topcoder.management.review.data.ItemUnitTests" time="0.0"></testcase>
  <testcase name="testSetIdWithNegativeId" classname="com.topcoder.management.review.data.ItemUnitTests" time="0.0"></testcase>
  <testcase name="testSetIdWithZeroId" classname="com.topcoder.management.review.data.ItemUnitTests" time="0.0"></testcase>
  <testcase name="testSetIdWithPositiveId" classname="com.topcoder.management.review.data.ItemUnitTests" time="0.0"></testcase>
  <testcase name="testGetId" classname="com.topcoder.management.review.data.ItemUnitTests" time="0.0"></testcase>
  <testcase name="testResetId" classname="com.topcoder.management.review.data.ItemUnitTests" time="0.0"></testcase>
  <testcase name="testConstructorWithNegativeIdAndPositiveQuestion" classname="com.topcoder.management.review.data.ItemUnitTests" time="0.0"></testcase>
  <testcase name="testConstructorWithZeroIdAndPositiveQuestion" classname="com.topcoder.management.review.data.ItemUnitTests" time="0.0"></testcase>
  <testcase name="testConstructorWithNegativeQuestionAndPositiveId" classname="com.topcoder.management.review.data.ItemUnitTests" time="0.0"></testcase>
  <testcase name="testConstructorWithZeroQuestionAndPositiveId" classname="com.topcoder.management.review.data.ItemUnitTests" time="0.0"></testcase>
  <testcase name="testConstructorWithPositiveQuestionAndId" classname="com.topcoder.management.review.data.ItemUnitTests" time="0.0"></testcase>
  <testcase name="testConstructorWithNegativeIdAndNonNullAnswer" classname="com.topcoder.management.review.data.ItemUnitTests" time="0.0"></testcase>
  <testcase name="testConstructorWithZeroIdAndNonNullAnswer" classname="com.topcoder.management.review.data.ItemUnitTests" time="0.0"></testcase>
  <testcase name="testConstructorWithNegativeQuestionAndNonNullAnswer" classname="com.topcoder.management.review.data.ItemUnitTests" time="0.0"></testcase>
  <testcase name="testConstructorWithZeroQuestionAndNonNullAnswer" classname="com.topcoder.management.review.data.ItemUnitTests" time="0.0"></testcase>
  <testcase name="testConstructorWithNullAnswer" classname="com.topcoder.management.review.data.ItemUnitTests" time="0.0"></testcase>
  <testcase name="testConstructorWithPositiveQuestionIdAndNonNullAnswer" classname="com.topcoder.management.review.data.ItemUnitTests" time="0.0"></testcase>
  <testcase name="testSetQuestionWithNegativeQuestion" classname="com.topcoder.management.review.data.ItemUnitTests" time="0.0"></testcase>
  <testcase name="testSetQuestionWithZeroQuestion" classname="com.topcoder.management.review.data.ItemUnitTests" time="0.0"></testcase>
  <testcase name="testSetQuestionWithPositiveQuestion" classname="com.topcoder.management.review.data.ItemUnitTests" time="0.0"></testcase>
  <testcase name="testGetQuestion" classname="com.topcoder.management.review.data.ItemUnitTests" time="0.0"></testcase>
  <testcase name="testResetQuestion" classname="com.topcoder.management.review.data.ItemUnitTests" time="0.0"></testcase>
  <testcase name="testSetAnswer" classname="com.topcoder.management.review.data.ItemUnitTests" time="0.0"></testcase>
  <testcase name="testGetAnswer" classname="com.topcoder.management.review.data.ItemUnitTests" time="0.016"></testcase>
  <testcase name="testResetAnswer" classname="com.topcoder.management.review.data.ItemUnitTests" time="0.0"></testcase>
  <testcase name="testSetDocumentWithNegativeDocument" classname="com.topcoder.management.review.data.ItemUnitTests" time="0.0"></testcase>
  <testcase name="testSetDocumentWithZeroDocument" classname="com.topcoder.management.review.data.ItemUnitTests" time="0.0"></testcase>
  <testcase name="testSetDocumentWithValidArgu" classname="com.topcoder.management.review.data.ItemUnitTests" time="0.0"></testcase>
  <testcase name="testGetDocument" classname="com.topcoder.management.review.data.ItemUnitTests" time="0.0"></testcase>
  <testcase name="testResetDocument" classname="com.topcoder.management.review.data.ItemUnitTests" time="0.0"></testcase>
  <testcase name="testAddCommentWithNullComment" classname="com.topcoder.management.review.data.ItemUnitTests" time="0.0"></testcase>
  <testcase name="testAddCommentWithExistentComment" classname="com.topcoder.management.review.data.ItemUnitTests" time="0.0"></testcase>
  <testcase name="testAddCommentWithInexistentComment" classname="com.topcoder.management.review.data.ItemUnitTests" time="0.0"></testcase>
  <testcase name="testAddCommentsWithNullComments" classname="com.topcoder.management.review.data.ItemUnitTests" time="0.0"></testcase>
  <testcase name="testAddCommentsWithInvalidComments" classname="com.topcoder.management.review.data.ItemUnitTests" time="0.0"></testcase>
  <testcase name="testAddCommentsWithValidComments" classname="com.topcoder.management.review.data.ItemUnitTests" time="0.0"></testcase>
  <testcase name="testRemoveCommentWithNullComment" classname="com.topcoder.management.review.data.ItemUnitTests" time="0.0"></testcase>
  <testcase name="testRemoveCommentWithInexistentComment" classname="com.topcoder.management.review.data.ItemUnitTests" time="0.0"></testcase>
  <testcase name="testRemoveCommentWithExistentComment" classname="com.topcoder.management.review.data.ItemUnitTests" time="0.0"></testcase>
  <testcase name="testRemoveCommentsWithNullComments" classname="com.topcoder.management.review.data.ItemUnitTests" time="0.0"></testcase>
  <testcase name="testRemoveCommentsWithInvalidComments" classname="com.topcoder.management.review.data.ItemUnitTests" time="0.0"></testcase>
  <testcase name="testRemoveCommentsWithValidComments" classname="com.topcoder.management.review.data.ItemUnitTests" time="0.0"></testcase>
  <testcase name="testRemoveCommentWithZeroId" classname="com.topcoder.management.review.data.ItemUnitTests" time="0.0"></testcase>
  <testcase name="testRemoveCommentWithNegativeId" classname="com.topcoder.management.review.data.ItemUnitTests" time="0.0"></testcase>
  <testcase name="testRemoveCommentWithExistentId" classname="com.topcoder.management.review.data.ItemUnitTests" time="0.0"></testcase>
  <testcase name="testRemoveCommentWithInexistentId" classname="com.topcoder.management.review.data.ItemUnitTests" time="0.0"></testcase>
  <testcase name="testClearComments" classname="com.topcoder.management.review.data.ItemUnitTests" time="0.0"></testcase>
  <testcase name="testGetCommentWithNegativeIndex" classname="com.topcoder.management.review.data.ItemUnitTests" time="0.0"></testcase>
  <testcase name="testGetCommentWithTooBigIndex" classname="com.topcoder.management.review.data.ItemUnitTests" time="0.0"></testcase>
  <testcase name="testGetCommentWithValidIndex" classname="com.topcoder.management.review.data.ItemUnitTests" time="0.0"></testcase>
  <testcase name="testGetNumberOfComments" classname="com.topcoder.management.review.data.ItemUnitTests" time="0.0"></testcase>
  <testcase name="testGetAllComments" classname="com.topcoder.management.review.data.ReviewUnitTests" time="0.0"></testcase>
  <testcase name="testImplements" classname="com.topcoder.management.review.data.ReviewUnitTests" time="0.0"></testcase>
  <testcase name="testConstructorWithNoArgu" classname="com.topcoder.management.review.data.ReviewUnitTests" time="0.0"></testcase>
  <testcase name="testConstructorWithPositiveId" classname="com.topcoder.management.review.data.ReviewUnitTests" time="0.0"></testcase>
  <testcase name="testSetIdWithNegativeId" classname="com.topcoder.management.review.data.ReviewUnitTests" time="0.0"></testcase>
  <testcase name="testSetIdWithZeroId" classname="com.topcoder.management.review.data.ReviewUnitTests" time="0.0"></testcase>
  <testcase name="testSetIdWithPositiveId" classname="com.topcoder.management.review.data.ReviewUnitTests" time="0.0"></testcase>
  <testcase name="testGetId" classname="com.topcoder.management.review.data.ReviewUnitTests" time="0.0"></testcase>
  <testcase name="testResetId" classname="com.topcoder.management.review.data.ReviewUnitTests" time="0.0"></testcase>
  <testcase name="testSetAuthorWithNegativeAuthor" classname="com.topcoder.management.review.data.ReviewUnitTests" time="0.0"></testcase>
  <testcase name="testSetAuthorWithZeroAuthor" classname="com.topcoder.management.review.data.ReviewUnitTests" time="0.0"></testcase>
  <testcase name="testSetAuthorWithPositiveAuthor" classname="com.topcoder.management.review.data.ReviewUnitTests" time="0.0"></testcase>
  <testcase name="testGetAuthor" classname="com.topcoder.management.review.data.ReviewUnitTests" time="0.0"></testcase>
  <testcase name="testResetAuthor" classname="com.topcoder.management.review.data.ReviewUnitTests" time="0.0"></testcase>
  <testcase name="testAddCommentWithNullComment" classname="com.topcoder.management.review.data.ReviewUnitTests" time="0.0"></testcase>
  <testcase name="testAddCommentWithExistentComment" classname="com.topcoder.management.review.data.ReviewUnitTests" time="0.0"></testcase>
  <testcase name="testAddCommentWithInexistentComment" classname="com.topcoder.management.review.data.ReviewUnitTests" time="0.0"></testcase>
  <testcase name="testAddCommentsWithNullComments" classname="com.topcoder.management.review.data.ReviewUnitTests" time="0.0"></testcase>
  <testcase name="testAddCommentsWithInvalidComments" classname="com.topcoder.management.review.data.ReviewUnitTests" time="0.0"></testcase>
  <testcase name="testAddCommentsWithValidComments" classname="com.topcoder.management.review.data.ReviewUnitTests" time="0.0"></testcase>
  <testcase name="testRemoveCommentWithNullComment" classname="com.topcoder.management.review.data.ReviewUnitTests" time="0.0"></testcase>
  <testcase name="testRemoveCommentWithInexistentComment" classname="com.topcoder.management.review.data.ReviewUnitTests" time="0.0"></testcase>
  <testcase name="testRemoveCommentWithExistentComment" classname="com.topcoder.management.review.data.ReviewUnitTests" time="0.0"></testcase>
  <testcase name="testRemoveCommentsWithNullComments" classname="com.topcoder.management.review.data.ReviewUnitTests" time="0.0"></testcase>
  <testcase name="testRemoveCommentsWithInvalidComments" classname="com.topcoder.management.review.data.ReviewUnitTests" time="0.0"></testcase>
  <testcase name="testRemoveCommentsWithValidComments" classname="com.topcoder.management.review.data.ReviewUnitTests" time="0.0"></testcase>
  <testcase name="testRemoveCommentWithZeroId" classname="com.topcoder.management.review.data.ReviewUnitTests" time="0.0"></testcase>
  <testcase name="testRemoveCommentWithNegativeId" classname="com.topcoder.management.review.data.ReviewUnitTests" time="0.0"></testcase>
  <testcase name="testRemoveCommentWithExistentId" classname="com.topcoder.management.review.data.ReviewUnitTests" time="0.0"></testcase>
  <testcase name="testRemoveCommentWithInexistentId" classname="com.topcoder.management.review.data.ReviewUnitTests" time="0.0"></testcase>
  <testcase name="testClearComments" classname="com.topcoder.management.review.data.ReviewUnitTests" time="0.0"></testcase>
  <testcase name="testGetCommentWithNegativeIndex" classname="com.topcoder.management.review.data.ReviewUnitTests" time="0.0"></testcase>
  <testcase name="testGetCommentWithTooBigIndex" classname="com.topcoder.management.review.data.ReviewUnitTests" time="0.0"></testcase>
  <testcase name="testGetCommentWithValidIndex" classname="com.topcoder.management.review.data.ReviewUnitTests" time="0.0"></testcase>
  <testcase name="testGetNumberOfComments" classname="com.topcoder.management.review.data.ReviewUnitTests" time="0.0"></testcase>
  <testcase name="testConstructorWithNegativeId1" classname="com.topcoder.management.review.data.ReviewUnitTests" time="0.0"></testcase>
  <testcase name="testConstructorWithZeroId1" classname="com.topcoder.management.review.data.ReviewUnitTests" time="0.0"></testcase>
  <testcase name="testConstructorWithNegativeIdAndNonNullUser" classname="com.topcoder.management.review.data.ReviewUnitTests" time="0.0"></testcase>
  <testcase name="testConstructorWithZeroIdAndNonNullUser" classname="com.topcoder.management.review.data.ReviewUnitTests" time="0.0"></testcase>
  <testcase name="testConstructorWithPositiveIdAndNullUser" classname="com.topcoder.management.review.data.ReviewUnitTests" time="0.0"></testcase>
  <testcase name="testConstructorWithPositiveIdAndNonNullUser" classname="com.topcoder.management.review.data.ReviewUnitTests" time="0.0"></testcase>
  <testcase name="testConstructorWithNegativeId2" classname="com.topcoder.management.review.data.ReviewUnitTests" time="0.0"></testcase>
  <testcase name="testConstructorWithZeroId2" classname="com.topcoder.management.review.data.ReviewUnitTests" time="0.0"></testcase>
  <testcase name="testConstructorWithNegativeAuthor1" classname="com.topcoder.management.review.data.ReviewUnitTests" time="0.0"></testcase>
  <testcase name="testConstructorWithZeroAuthor1" classname="com.topcoder.management.review.data.ReviewUnitTests" time="0.0"></testcase>
  <testcase name="testConstructorWithNegativeSubmission1" classname="com.topcoder.management.review.data.ReviewUnitTests" time="0.0"></testcase>
  <testcase name="testConstructorWithZeroSubmission1" classname="com.topcoder.management.review.data.ReviewUnitTests" time="0.0"></testcase>
  <testcase name="testConstructorWithNegativeScorecard1" classname="com.topcoder.management.review.data.ReviewUnitTests" time="0.0"></testcase>
  <testcase name="testConstructorWithZeroScorecard1" classname="com.topcoder.management.review.data.ReviewUnitTests" time="0.0"></testcase>
  <testcase name="testConstructorWithPositiveLongs" classname="com.topcoder.management.review.data.ReviewUnitTests" time="0.0"></testcase>
  <testcase name="testConstructorWithNegativeId3" classname="com.topcoder.management.review.data.ReviewUnitTests" time="0.0"></testcase>
  <testcase name="testConstructorWithZeroId3" classname="com.topcoder.management.review.data.ReviewUnitTests" time="0.0"></testcase>
  <testcase name="testConstructorWithNegativeAuthor2" classname="com.topcoder.management.review.data.ReviewUnitTests" time="0.0"></testcase>
  <testcase name="testConstructorWithZeroAuthor2" classname="com.topcoder.management.review.data.ReviewUnitTests" time="0.0"></testcase>
  <testcase name="testConstructorWithNegativeSubmission2" classname="com.topcoder.management.review.data.ReviewUnitTests" time="0.0"></testcase>
  <testcase name="testConstructorWithZeroSubmission2" classname="com.topcoder.management.review.data.ReviewUnitTests" time="0.0"></testcase>
  <testcase name="testConstructorWithNegativeScorecard2" classname="com.topcoder.management.review.data.ReviewUnitTests" time="0.0"></testcase>
  <testcase name="testConstructorWithZeroScorecard2" classname="com.topcoder.management.review.data.ReviewUnitTests" time="0.0"></testcase>
  <testcase name="testConstructorWithNullUser" classname="com.topcoder.management.review.data.ReviewUnitTests" time="0.0"></testcase>
  <testcase name="testConstructorWithPositiveLongsAndNonNullUser" classname="com.topcoder.management.review.data.ReviewUnitTests" time="0.0"></testcase>
  <testcase name="testSetSubmissionWithNegativeSubmission" classname="com.topcoder.management.review.data.ReviewUnitTests" time="0.0"></testcase>
  <testcase name="testSetSubmissionWithZeroSubmission" classname="com.topcoder.management.review.data.ReviewUnitTests" time="0.0"></testcase>
  <testcase name="testSetSubmissionWithPositiveSubmission" classname="com.topcoder.management.review.data.ReviewUnitTests" time="0.0"></testcase>
  <testcase name="testGetSubmission" classname="com.topcoder.management.review.data.ReviewUnitTests" time="0.0"></testcase>
  <testcase name="testResetSubmission" classname="com.topcoder.management.review.data.ReviewUnitTests" time="0.0"></testcase>
  <testcase name="testSetScorecardWithNegativeScorecard" classname="com.topcoder.management.review.data.ReviewUnitTests" time="0.0"></testcase>
  <testcase name="testSetScorecardWithZeroScorecard" classname="com.topcoder.management.review.data.ReviewUnitTests" time="0.0"></testcase>
  <testcase name="testSetScorecardWithPositiveScorecard" classname="com.topcoder.management.review.data.ReviewUnitTests" time="0.0"></testcase>
  <testcase name="testGetScorecard" classname="com.topcoder.management.review.data.ReviewUnitTests" time="0.0"></testcase>
  <testcase name="testResetScorecard" classname="com.topcoder.management.review.data.ReviewUnitTests" time="0.0"></testcase>
  <testcase name="testSetCommitted" classname="com.topcoder.management.review.data.ReviewUnitTests" time="0.0"></testcase>
  <testcase name="testIsCommitted" classname="com.topcoder.management.review.data.ReviewUnitTests" time="0.0"></testcase>
  <testcase name="testResetCommitted" classname="com.topcoder.management.review.data.ReviewUnitTests" time="0.0"></testcase>
  <testcase name="testSetScoreWithNegativeScore" classname="com.topcoder.management.review.data.ReviewUnitTests" time="0.0"></testcase>
  <testcase name="testSetScoreWithInfinityScore" classname="com.topcoder.management.review.data.ReviewUnitTests" time="0.0"></testcase>
  <testcase name="testSetScoreWithNaNScore" classname="com.topcoder.management.review.data.ReviewUnitTests" time="0.0"></testcase>
  <testcase name="testSetScoreWithValidScore" classname="com.topcoder.management.review.data.ReviewUnitTests" time="0.0"></testcase>
  <testcase name="testGetScore" classname="com.topcoder.management.review.data.ReviewUnitTests" time="0.0"></testcase>
  <testcase name="testResetScore" classname="com.topcoder.management.review.data.ReviewUnitTests" time="0.0"></testcase>
  <testcase name="testAddItemWithNullItem" classname="com.topcoder.management.review.data.ReviewUnitTests" time="0.0"></testcase>
  <testcase name="testAddItemWithExistentItem" classname="com.topcoder.management.review.data.ReviewUnitTests" time="0.0"></testcase>
  <testcase name="testAddItemWithInexistentItem" classname="com.topcoder.management.review.data.ReviewUnitTests" time="0.0"></testcase>
  <testcase name="testAddItemsWithNullItems" classname="com.topcoder.management.review.data.ReviewUnitTests" time="0.0"></testcase>
  <testcase name="testAddItemsWithInvalidItems" classname="com.topcoder.management.review.data.ReviewUnitTests" time="0.0"></testcase>
  <testcase name="testAddItemsWithValidItems" classname="com.topcoder.management.review.data.ReviewUnitTests" time="0.0"></testcase>
  <testcase name="testRemoveItemWithNullItem" classname="com.topcoder.management.review.data.ReviewUnitTests" time="0.0"></testcase>
  <testcase name="testRemoveItemWithInexistentItem" classname="com.topcoder.management.review.data.ReviewUnitTests" time="0.0"></testcase>
  <testcase name="testRemoveItemWithExistentItem" classname="com.topcoder.management.review.data.ReviewUnitTests" time="0.0"></testcase>
  <testcase name="testRemoveItemsWithNullItems" classname="com.topcoder.management.review.data.ReviewUnitTests" time="0.0"></testcase>
  <testcase name="testRemoveItemsWithInvalidItems" classname="com.topcoder.management.review.data.ReviewUnitTests" time="0.0"></testcase>
  <testcase name="testRemoveItemsWithValidItems" classname="com.topcoder.management.review.data.ReviewUnitTests" time="0.0"></testcase>
  <testcase name="testRemoveItemWithZeroId" classname="com.topcoder.management.review.data.ReviewUnitTests" time="0.0"></testcase>
  <testcase name="testRemoveItemWithNegativeId" classname="com.topcoder.management.review.data.ReviewUnitTests" time="0.0"></testcase>
  <testcase name="testRemoveItemWithExistentId" classname="com.topcoder.management.review.data.ReviewUnitTests" time="0.0"></testcase>
  <testcase name="testRemoveItemWithInexistentId" classname="com.topcoder.management.review.data.ReviewUnitTests" time="0.0"></testcase>
  <testcase name="testClearItems" classname="com.topcoder.management.review.data.ReviewUnitTests" time="0.0"></testcase>
  <testcase name="testGetItemWithNegativeIndex" classname="com.topcoder.management.review.data.ReviewUnitTests" time="0.0"></testcase>
  <testcase name="testGetItemWithTooBigIndex" classname="com.topcoder.management.review.data.ReviewUnitTests" time="0.0"></testcase>
  <testcase name="testGetItemWithValidIndex" classname="com.topcoder.management.review.data.ReviewUnitTests" time="0.0"></testcase>
  <testcase name="testGetAllItems" classname="com.topcoder.management.review.data.ReviewUnitTests" time="0.0"></testcase>
  <testcase name="testGetNumberOfItems" classname="com.topcoder.management.review.data.ReviewUnitTests" time="0.0"></testcase>
  <testcase name="testSetCreationUser" classname="com.topcoder.management.review.data.ReviewUnitTests" time="0.0"></testcase>
  <testcase name="testGetCreationUser" classname="com.topcoder.management.review.data.ReviewUnitTests" time="0.0"></testcase>
  <testcase name="testSetCreationTimestamp" classname="com.topcoder.management.review.data.ReviewUnitTests" time="0.0"></testcase>
  <testcase name="testGetCreationTimestamp" classname="com.topcoder.management.review.data.ReviewUnitTests" time="0.0"></testcase>
  <testcase name="testSetModificationUser" classname="com.topcoder.management.review.data.ReviewUnitTests" time="0.0"></testcase>
  <testcase name="testGetModificationUser" classname="com.topcoder.management.review.data.ReviewUnitTests" time="0.0"></testcase>
  <testcase name="testSetModificationTimestamp" classname="com.topcoder.management.review.data.ReviewUnitTests" time="0.0"></testcase>
  <testcase name="testGetModificationTimestamp" classname="com.topcoder.management.review.data.ReviewUnitTests" time="0.0"></testcase>
  <testcase name="testImplements" classname="com.topcoder.management.review.data.ReviewEditorUnitTests" time="0.0"></testcase>
  <testcase name="testSetIdWithNegativeId" classname="com.topcoder.management.review.data.ReviewEditorUnitTests" time="0.0"></testcase>
  <testcase name="testSetIdWithZeroId" classname="com.topcoder.management.review.data.ReviewEditorUnitTests" time="0.0"></testcase>
  <testcase name="testSetIdWithPositiveId" classname="com.topcoder.management.review.data.ReviewEditorUnitTests" time="0.0"></testcase>
  <testcase name="testResetId" classname="com.topcoder.management.review.data.ReviewEditorUnitTests" time="0.0"></testcase>
  <testcase name="testSetAuthorWithNegativeAuthor" classname="com.topcoder.management.review.data.ReviewEditorUnitTests" time="0.0"></testcase>
  <testcase name="testSetAuthorWithZeroAuthor" classname="com.topcoder.management.review.data.ReviewEditorUnitTests" time="0.0"></testcase>
  <testcase name="testSetAuthorWithPositiveAuthor" classname="com.topcoder.management.review.data.ReviewEditorUnitTests" time="0.0"></testcase>
  <testcase name="testResetAuthor" classname="com.topcoder.management.review.data.ReviewEditorUnitTests" time="0.0"></testcase>
  <testcase name="testAddCommentWithNullComment" classname="com.topcoder.management.review.data.ReviewEditorUnitTests" time="0.0"></testcase>
  <testcase name="testAddCommentWithExistentComment" classname="com.topcoder.management.review.data.ReviewEditorUnitTests" time="0.0"></testcase>
  <testcase name="testAddCommentWithInexistentComment" classname="com.topcoder.management.review.data.ReviewEditorUnitTests" time="0.0"></testcase>
  <testcase name="testAddCommentsWithNullComments" classname="com.topcoder.management.review.data.ReviewEditorUnitTests" time="0.0"></testcase>
  <testcase name="testAddCommentsWithInvalidComments" classname="com.topcoder.management.review.data.ReviewEditorUnitTests" time="0.0"></testcase>
  <testcase name="testAddCommentsWithValidComments" classname="com.topcoder.management.review.data.ReviewEditorUnitTests" time="0.0"></testcase>
  <testcase name="testRemoveCommentWithNullComment" classname="com.topcoder.management.review.data.ReviewEditorUnitTests" time="0.0"></testcase>
  <testcase name="testRemoveCommentWithInexistentComment" classname="com.topcoder.management.review.data.ReviewEditorUnitTests" time="0.0"></testcase>
  <testcase name="testRemoveCommentWithExistentComment" classname="com.topcoder.management.review.data.ReviewEditorUnitTests" time="0.0"></testcase>
  <testcase name="testRemoveCommentsWithNullComments" classname="com.topcoder.management.review.data.ReviewEditorUnitTests" time="0.0"></testcase>
  <testcase name="testRemoveCommentsWithInvalidComments" classname="com.topcoder.management.review.data.ReviewEditorUnitTests" time="0.0"></testcase>
  <testcase name="testRemoveCommentsWithValidComments" classname="com.topcoder.management.review.data.ReviewEditorUnitTests" time="0.0"></testcase>
  <testcase name="testClearComments" classname="com.topcoder.management.review.data.ReviewEditorUnitTests" time="0.0"></testcase>
  <testcase name="testConstructorWithNullUser" classname="com.topcoder.management.review.data.ReviewEditorUnitTests" time="0.0"></testcase>
  <testcase name="testSetSubmissionWithNegativeSubmission" classname="com.topcoder.management.review.data.ReviewEditorUnitTests" time="0.0"></testcase>
  <testcase name="testSetSubmissionWithZeroSubmission" classname="com.topcoder.management.review.data.ReviewEditorUnitTests" time="0.0"></testcase>
  <testcase name="testSetSubmissionWithPositiveSubmission" classname="com.topcoder.management.review.data.ReviewEditorUnitTests" time="0.0"></testcase>
  <testcase name="testResetSubmission" classname="com.topcoder.management.review.data.ReviewEditorUnitTests" time="0.0"></testcase>
  <testcase name="testSetScorecardWithNegativeScorecard" classname="com.topcoder.management.review.data.ReviewEditorUnitTests" time="0.0"></testcase>
  <testcase name="testSetScorecardWithZeroScorecard" classname="com.topcoder.management.review.data.ReviewEditorUnitTests" time="0.0"></testcase>
  <testcase name="testSetScorecardWithPositiveScorecard" classname="com.topcoder.management.review.data.ReviewEditorUnitTests" time="0.0"></testcase>
  <testcase name="testResetScorecard" classname="com.topcoder.management.review.data.ReviewEditorUnitTests" time="0.0"></testcase>
  <testcase name="testSetCommitted" classname="com.topcoder.management.review.data.ReviewEditorUnitTests" time="0.0"></testcase>
  <testcase name="testResetCommitted" classname="com.topcoder.management.review.data.ReviewEditorUnitTests" time="0.0"></testcase>
  <testcase name="testSetScoreWithNegativeScore" classname="com.topcoder.management.review.data.ReviewEditorUnitTests" time="0.0"></testcase>
  <testcase name="testSetScoreWithInfinityScore" classname="com.topcoder.management.review.data.ReviewEditorUnitTests" time="0.0"></testcase>
  <testcase name="testSetScoreWithNaNScore" classname="com.topcoder.management.review.data.ReviewEditorUnitTests" time="0.0"></testcase>
  <testcase name="testSetScoreWithValidScore" classname="com.topcoder.management.review.data.ReviewEditorUnitTests" time="0.0"></testcase>
  <testcase name="testResetScore" classname="com.topcoder.management.review.data.ReviewEditorUnitTests" time="0.0"></testcase>
  <testcase name="testAddItemWithNullItem" classname="com.topcoder.management.review.data.ReviewEditorUnitTests" time="0.0"></testcase>
  <testcase name="testAddItemWithExistentItem" classname="com.topcoder.management.review.data.ReviewEditorUnitTests" time="0.0"></testcase>
  <testcase name="testAddItemWithInexistentItem" classname="com.topcoder.management.review.data.ReviewEditorUnitTests" time="0.0"></testcase>
  <testcase name="testAddItemsWithNullItems" classname="com.topcoder.management.review.data.ReviewEditorUnitTests" time="0.0"></testcase>
  <testcase name="testAddItemsWithInvalidItems" classname="com.topcoder.management.review.data.ReviewEditorUnitTests" time="0.0"></testcase>
  <testcase name="testAddItemsWithValidItems" classname="com.topcoder.management.review.data.ReviewEditorUnitTests" time="0.0"></testcase>
  <testcase name="testRemoveItemWithNullItem" classname="com.topcoder.management.review.data.ReviewEditorUnitTests" time="0.0"></testcase>
  <testcase name="testRemoveItemWithInexistentItem" classname="com.topcoder.management.review.data.ReviewEditorUnitTests" time="0.0"></testcase>
  <testcase name="testRemoveItemWithExistentItem" classname="com.topcoder.management.review.data.ReviewEditorUnitTests" time="0.0"></testcase>
  <testcase name="testRemoveItemsWithNullItems" classname="com.topcoder.management.review.data.ReviewEditorUnitTests" time="0.0"></testcase>
  <testcase name="testRemoveItemsWithInvalidItems" classname="com.topcoder.management.review.data.ReviewEditorUnitTests" time="0.0"></testcase>
  <testcase name="testRemoveItemsWithValidItems" classname="com.topcoder.management.review.data.ReviewEditorUnitTests" time="0.0"></testcase>
  <testcase name="testClearItems" classname="com.topcoder.management.review.data.ReviewEditorUnitTests" time="0.0"></testcase>
  <testcase name="testConstructorWithNonNullUser" classname="com.topcoder.management.review.data.ReviewEditorUnitTests" time="0.0"></testcase>
  <testcase name="testConstructorWithNullUserAndNonNullReview" classname="com.topcoder.management.review.data.ReviewEditorUnitTests" time="0.0"></testcase>
  <testcase name="testConstructorWithNullReviewAndNonNullUser" classname="com.topcoder.management.review.data.ReviewEditorUnitTests" time="0.0"></testcase>
  <testcase name="testConstructorWithValidUserAndReview" classname="com.topcoder.management.review.data.ReviewEditorUnitTests" time="0.0"></testcase>
  <testcase name="testGetReview" classname="com.topcoder.management.review.data.ReviewEditorUnitTests" time="0.0"></testcase>
  <testcase name="testGetUser" classname="com.topcoder.management.review.data.ReviewEditorUnitTests" time="0.0"></testcase>
  <testcase name="testCreatingAndUsingReviewHierarchy" classname="com.topcoder.management.review.data.DemoTests" time="0.031"></testcase>
  <testcase name="testUsingReviewEditor" classname="com.topcoder.management.review.data.DemoTests" time="0.0"></testcase>
  <system-out><![CDATA[Item.addComment for 1000 times will take 47 ms
Item.addComments for 1000 times will take 187 ms
Item.removeComment for 1000 times will take 0 ms
Item.removeComment by id for 1000 times will take 15 ms
Item.getAllComments for 1000 times will take 16 ms
Item.getComment for 1000 times will take 0 ms
ReviewEditor.addComment for 1000 times will take 31 ms
ReviewEditor.addComments for 1000 times will take 188 ms
ReviewEditor.removeComment for 1000 times will take 0 ms
ReviewEditor.addItem for 1000 times will take 31 ms
ReviewEditor.addItems for 1000 times will take 141 ms
ReviewEditor.removeItem for 1000 times will take 0 ms
]]></system-out>
  <system-err><![CDATA[]]></system-err>
</testsuite>
