<?xml version="1.0" encoding="UTF-8" ?>
<testsuite name="com.orpheus.auction.persistence.AllTests" tests="415" failures="0" errors="0" time="54.891">
  <properties>
    <property name="object_factory.path" value="object_factory/2.0.1"></property>
    <property name="file.encoding.pkg" value="sun.io"></property>
    <property name="compression_utility.jar.name" value="compression_utility.jar"></property>
    <property name="dist_testfiles" value="build/dist/auction_persistence-1.0/test_files"></property>
    <property name="java.home" value="D:\Software\Java\j2sdk1.4.2\jre"></property>
    <property name="servlet1.4.jar" value="D:/lib/servlet-api.jar"></property>
    <property name="cactus.home.tomcat5x" value="D:/Software/Servers/AppServers/jakarta-tomcat-5.0.28"></property>
    <property name="dist_javadocs" value="build/dist/auction_persistence-1.0/docs/javadocs"></property>
    <property name="debug" value="off"></property>
    <property name="build_distdir" value="build/dist"></property>
    <property name="distfilename" value="auction_persistence"></property>
    <property name="component.dist.jar" value="build/dist/auction_persistence-1.0.jar"></property>
    <property name="java.endorsed.dirs" value="D:\Software\Java\j2sdk1.4.2\jre\lib\endorsed"></property>
    <property name="object_factory.jar" value="D:/lib/tcs/object_factory/2.0.1/object_factory.jar"></property>
    <property name="sqljdbc.jar" value="D:/lib/jdbc/sqljdbc.jar"></property>
    <property name="mail.jar" value="D:/lib/mail.jar"></property>
    <property name="sun.os.patch.level" value="Service Pack 2"></property>
    <property name="design_dist.jar" value="Auction_Persistence_1.0_design_dist.jar"></property>
    <property name="javadocsdir" value="docs/javadocs"></property>
    <property name="java.vendor.url" value="http://java.sun.com/"></property>
    <property name="java.version" value="1.4.2_09"></property>
    <property name="j2ee.jar" value="D:/lib/jboss-j2ee.jar"></property>
    <property name="mockejb.jar" value="D:/lib/mockejb.jar"></property>
    <property name="cactus.home.tomcat4x" value="D:/Software/Servers/AppServers/jakarta-tomcat-4.1.31"></property>
    <property name="cactus.jar" value="D:/lib/cactus-1.7.1.jar"></property>
    <property name="java.vendor.url.bug" value="http://java.sun.com/cgi-bin/bugreport.cgi"></property>
    <property name="commons.logging.jar" value="D:/lib/apache/commons/commons-logging-1.0.4.jar"></property>
    <property name="dist_src" value="build/dist/auction_persistence-1.0/src"></property>
    <property name="user.name" value="Zhang Guiqiang"></property>
    <property name="packagedir" value="com/orpheus/auction/persistence"></property>
    <property name="sun.io.unicode.encoding" value="UnicodeLittle"></property>
    <property name="component_version" value="1.0"></property>
    <property name="java.runtime.name" value="Java(TM) 2 Runtime Environment, Standard Edition"></property>
    <property name="reports" value="reports"></property>
    <property name="build_webdir" value="build/web"></property>
    <property name="component.jar" value="build/dist/lib/tcs/auction_persistence/1.0/auction_persistence.jar"></property>
    <property name="java.specification.name" value="Java Platform API Specification"></property>
    <property name="javamain" value="src/java/main"></property>
    <property name="build_lib" value="build/lib"></property>
    <property name="user.timezone" value=""></property>
    <property name="path.separator" value=";"></property>
    <property name="srcdir" value="src"></property>
    <property name="file.encoding" value="GBK"></property>
    <property name="activation.jar" value="D:/lib/activation.jar"></property>
    <property name="servlet.jar" value="D:/lib/servlet.jar"></property>
    <property name="ant.file" value="D:\TopCoder\Auction_Persistence\Final\build.xml"></property>
    <property name="simple_cache.jar.name" value="simple_cache.jar"></property>
    <property name="javasrc" value="src/java"></property>
    <property name="simple_cache.path" value="simple_cache/2.0"></property>
    <property name="jdbc_informix.jar" value="D:/lib/IBM/Informix_JDBC_Driver/lib/ifxjdbc.jar"></property>
    <property name="component.tests.jar" value="build/dist/lib/tcs/auction_persistence_tests.jar"></property>
    <property name="java.io.tmpdir" value="C:\DOCUME~1\ZHANGG~1\LOCALS~1\Temp\"></property>
    <property name="user.language" value="zh"></property>
    <property name="base_exception.path" value="base_exception/1.0"></property>
    <property name="line.separator" value="
"></property>
    <property name="verbose" value="no"></property>
    <property name="memory_usage.version" value="1.0"></property>
    <property name="jar_ext_libdir" value="lib"></property>
    <property name="memory_usage.jar.name" value="memory_usage.jar"></property>
    <property name="java.vm.info" value="mixed mode"></property>
    <property name="component_path" value="auction_persistence/1.0"></property>
    <property name="java.util.prefs.PreferencesFactory" value="java.util.prefs.WindowsPreferencesFactory"></property>
    <property name="java.vm.specification.name" value="Java Virtual Machine Specification"></property>
    <property name="junitejb.jar" value="D:/lib/junitejb.jar"></property>
    <property name="builddir" value="build"></property>
    <property name="memory_usage.path" value="memory_usage/1.0"></property>
    <property name="dist_conf" value="build/dist/auction_persistence-1.0/conf"></property>
    <property name="ant.file.Auction Persistence" value="D:\TopCoder\Auction_Persistence\Final\build.xml"></property>
    <property name="object_factory.version" value="2.0.1"></property>
    <property name="java.awt.printerjob" value="sun.awt.windows.WPrinterJob"></property>
    <property name="configmanager.path" value="configuration_manager/2.1.5"></property>
    <property name="checkstyle.jar" value="D:/lib/checkstyle-all-4.1.jar"></property>
    <property name="dist_lib" value="build/dist/lib/tcs"></property>
    <property name="jtds.jar" value="D:/lib/jdbc/jtds-1.2.jar"></property>
    <property name="base_exception.version" value="1.0"></property>
    <property name="junit.jar" value="D:/lib/junit.jar"></property>
    <property name="configdir" value="conf"></property>
    <property name="build_tcsdistdir" value="build/dist/auction_persistence-1.0"></property>
    <property name="ant.version" value="Apache Ant version 1.6.5 compiled on June 2 2005"></property>
    <property name="dist_docs" value="build/dist/auction_persistence-1.0/docs"></property>
    <property name="testlogdir" value="log"></property>
    <property name="os.name" value="Windows XP"></property>
    <property name="java.specification.vendor" value="Sun Microsystems Inc."></property>
    <property name="java.vm.name" value="Java HotSpot(TM) Client VM"></property>
    <property name="configmanager.jar" value="D:/lib/tcs/configuration_manager/2.1.5/configuration_manager.jar"></property>
    <property name="java.library.path" value="D:\Software\Java\j2sdk1.4.2\jre\bin;.;C:\WINDOWS\system32;C:\WINDOWS;D:\Software\Ruby\bin;D:\Software\Tools\mksscripts\src;D:\Software\Tools\MKS\IntegrityClient\bin;D:\Software\Perl\bin\;C:\Program Files\ThinkPad\Utilities;C:\WINDOWS\system32;C:\WINDOWS;C:\WINDOWS\System32\Wbem;C:\Program Files\Intel\Wireless\Bin\;C:\Program Files\ATI Technologies\ATI Control Panel;D:\Software\Java\j2sdk1.4.2\bin;D:\Software\Java\apache-ant-1.6.5\bin;C:\Program Files\Microsoft SQL Server\90\Tools\binn\;C:\Program Files\ThinkPad\ConnectUtilities;C:\tbs\bin;D:\Software\Tools\nant-0.85\bin;C:\WINDOWS\Microsoft.NET\Framework\v1.1.4322;D:\Software\Servers\Databases\MySQL5\bin;D:\Software\Tools\cygwin\bin"></property>
    <property name="docpackage.jar" value="auction_persistence_docs.jar"></property>
    <property name="compression_utility.path" value="compression_utility/2.0.1"></property>
    <property name="ant.java.version" value="1.4"></property>
    <property name="commons.httpclient.jar" value="D:/lib/apache/commons/commons-httpclient-2.0.2.jar"></property>
    <property name="basedir" value="D:\TopCoder\Auction_Persistence\Final"></property>
    <property name="java.class.version" value="48.0"></property>
    <property name="compression_utility.version" value="2.0.1"></property>
    <property name="base_exception.jar.name" value="base_exception.jar"></property>
    <property name="ant.home" value="D:\Software\Java\apache-ant-1.6.5"></property>
    <property name="component.war" value="${dist_examples}/auction_persistence.war"></property>
    <property name="configmanager.jar.name" value="configuration_manager.jar"></property>
    <property name="hibernate3.jar" value="D:/lib/hibernate3.jar"></property>
    <property name="jsp1.4.jar" value="D:/lib/jsp-api.jar"></property>
    <property name="jbossall-client.jar" value="D:/lib/jbossall-client.jar"></property>
    <property name="log4j.jar" value="D:/lib/log4j-1.2.13.jar"></property>
    <property name="sun.boot.library.path" value="D:\Software\Java\j2sdk1.4.2\jre\bin"></property>
    <property name="ext_libdir" value="D:/lib"></property>
    <property name="cactus.port" value="9999"></property>
    <property name="java.awt.graphicsenv" value="sun.awt.Win32GraphicsEnvironment"></property>
    <property name="user.variant" value=""></property>
    <property name="jar_tcs_libdir" value="lib/tcs"></property>
    <property name="xerces1.4.4.jar" value="D:/lib/xerces/1.4.4/xerces.jar"></property>
    <property name="build_targetclassdir" value="build/targetclasses"></property>
    <property name="docsdir" value="docs"></property>
    <property name="dev_dist.jar" value="Auction_Persistence_1.0_dev_dist.jar"></property>
    <property name="commons.collections.jar" value="D:/lib/apache/commons/commons-collections-3.1.jar"></property>
    <property name="ant.project.name" value="Auction Persistence"></property>
    <property name="java.vm.specification.version" value="1.0"></property>
    <property name="db_connection_factory.version" value="1.0"></property>
    <property name="db_connection_factory.jar.name" value="db_connection_factory.jar"></property>
    <property name="awt.toolkit" value="sun.awt.windows.WToolkit"></property>
    <property name="webdir" value="web"></property>
    <property name="sun.cpu.isalist" value="pentium i486 i386"></property>
    <property name="build_javadocsdir" value="build/docs/javadocs"></property>
    <property name="memory_usage.jar" value="D:/lib/tcs/memory_usage/1.0/memory_usage.jar"></property>
    <property name="java.ext.dirs" value="D:\Software\Java\j2sdk1.4.2\jre\lib\ext"></property>
    <property name="os.version" value="5.1"></property>
    <property name="user.home" value="C:\Documents and Settings\Zhang Guiqiang"></property>
    <property name="javadoc.jar" value="javadocs.jar"></property>
    <property name="build_classdir" value="build/classes"></property>
    <property name="object_factory.jar.name" value="object_factory.jar"></property>
    <property name="java.vm.vendor" value="Sun Microsystems Inc."></property>
    <property name="build_testclassdir" value="build/testClasses"></property>
    <property name="package" value="com.orpheus.auction.persistence"></property>
    <property name="base_exception.jar" value="D:/lib/tcs/base_exception/1.0/base_exception.jar"></property>
    <property name="user.dir" value="D:\TopCoder\Auction_Persistence\Final"></property>
    <property name="configmanager.version" value="2.1.5"></property>
    <property name="simple_cache.version" value="2.0"></property>
    <property name="compression_utility.jar" value="D:/lib/tcs/compression_utility/2.0.1/compression_utility.jar"></property>
    <property name="sun.cpu.endian" value="little"></property>
    <property name="jdbc_mysql.jar" value="D:/lib/jdbc/mysql-connector-java-3.1.12-bin.jar"></property>
    <property name="dist_docpackage" value="build/doc_package"></property>
    <property name="java.vm.version" value="1.4.2_09-b05"></property>
    <property name="java.class.path" value="D:\TopCoder\Auction_Persistence\Final\build\testClasses;D:\TopCoder\Auction_Persistence\Final\build\classes;D:\lib\junit.jar;D:\lib\tcs\configuration_manager\2.1.5\configuration_manager.jar;D:\lib\tcs\object_factory\2.0.1\object_factory.jar;D:\lib\tcs\simple_cache\2.0\simple_cache.jar;D:\lib\tcs\db_connection_factory\1.0\db_connection_factory.jar;D:\lib\tcs\base_exception\1.0\base_exception.jar;D:\lib\tcs\compression_utility\2.0.1\compression_utility.jar;D:\lib\tcs\memory_usage\1.0\memory_usage.jar;D:\TopCoder\Auction_Persistence\Final\test_files\mock.jar;D:\lib\j2ee.jar;D:\lib\cglib-2.1.3.jar;D:\lib\asm.jar;D:\lib\jakarta-oro-2.0.8.jar;D:\lib\jbossall-client.jar;D:\lib\apache\commons\commons-logging-1.0.4.jar;D:\lib\jdbc\jtds-1.2.jar;D:\lib\jdbc\sqljdbc.jar;D:\lib\mock\mockrunner-ejb.jar;D:\lib\junitejb.jar;D:\lib\mockejb.jar;D:\TopCoder\Auction_Persistence\Final\conf;D:\TopCoder\Auction_Persistence\Final\test_files;D:\Software\Java\apache-ant-1.6.5\lib\junit.jar;D:\Software\Java\apache-ant-1.6.5\lib\ant-launcher.jar;D:\Software\Java\apache-ant-1.6.5\lib\ant.jar;D:\Software\Java\apache-ant-1.6.5\lib\ant-junit.jar"></property>
    <property name="dev_submission.jar" value="Auction_Persistence_1.0_dev_submission.jar"></property>
    <property name="ant.library.dir" value="D:\Software\Java\apache-ant-1.6.5\lib"></property>
    <property name="os.arch" value="x86"></property>
    <property name="db_connection_factory.path" value="db_connection_factory/1.0"></property>
    <property name="java.vm.specification.vendor" value="Sun Microsystems Inc."></property>
    <property name="file.separator" value="\"></property>
    <property name="java.runtime.version" value="1.4.2_09-b05"></property>
    <property name="sun.boot.class.path" value="D:\Software\Java\j2sdk1.4.2\jre\lib\rt.jar;D:\Software\Java\j2sdk1.4.2\jre\lib\i18n.jar;D:\Software\Java\j2sdk1.4.2\jre\lib\sunrsasign.jar;D:\Software\Java\j2sdk1.4.2\jre\lib\jsse.jar;D:\Software\Java\j2sdk1.4.2\jre\lib\jce.jar;D:\Software\Java\j2sdk1.4.2\jre\lib\charsets.jar;D:\Software\Java\j2sdk1.4.2\jre\classes"></property>
    <property name="build_docsdir" value="build/docs"></property>
    <property name="dom4j.jar" value="D:/lib/dom4j-1.6.1.jar"></property>
    <property name="design_submission.jar" value="Auction_Persistence_1.0_design_submission.jar"></property>
    <property name="sun.java2d.fontpath" value=""></property>
    <property name="user.country" value="CN"></property>
    <property name="tcs_libdir" value="D:/lib/tcs"></property>
    <property name="component" value="Auction_Persistence"></property>
    <property name="simple_cache.jar" value="D:/lib/tcs/simple_cache/2.0/simple_cache.jar"></property>
    <property name="java_1_3_bootclasspath" value="D:/TopCoder/JavaSoft/JRE/1.3.1_18/lib/rt.jar"></property>
    <property name="java.vendor" value="Sun Microsystems Inc."></property>
    <property name="jta.jar" value="D:/lib/jta.jar"></property>
    <property name="db_connection_factory.jar" value="D:/lib/tcs/db_connection_factory/1.0/db_connection_factory.jar"></property>
    <property name="java.specification.version" value="1.4"></property>
    <property name="testfiles" value="test_files"></property>
    <property name="sun.arch.data.model" value="32"></property>
    <property name="javatests" value="src/java/tests"></property>
  </properties>
  <testcase name="testGetAuctionDAOFailure1" classname="com.orpheus.auction.persistence.failuretests.AuctionDAOFactoryFailureTest" time="0.031"></testcase>
  <testcase name="testGetAuctionDAOFailure2" classname="com.orpheus.auction.persistence.failuretests.AuctionDAOFactoryFailureTest" time="0.032"></testcase>
  <testcase name="testGetAuctionDAOFailure3" classname="com.orpheus.auction.persistence.failuretests.AuctionDAOFactoryFailureTest" time="0.015"></testcase>
  <testcase name="testGetAuctionDAOFailure4" classname="com.orpheus.auction.persistence.failuretests.AuctionDAOFactoryFailureTest" time="0.016"></testcase>
  <testcase name="testGetAuctionDAOFailure5" classname="com.orpheus.auction.persistence.failuretests.AuctionDAOFactoryFailureTest" time="0.031"></testcase>
  <testcase name="testGetAuctionDAOFailure6" classname="com.orpheus.auction.persistence.failuretests.AuctionDAOFactoryFailureTest" time="0.016"></testcase>
  <testcase name="testGetAuctionDAOFailure7" classname="com.orpheus.auction.persistence.failuretests.AuctionDAOFactoryFailureTest" time="0.0"></testcase>
  <testcase name="testGetAuctionDAOFailure8" classname="com.orpheus.auction.persistence.failuretests.AuctionDAOFactoryFailureTest" time="0.015"></testcase>
  <testcase name="testGetAuctionDAOFailure9" classname="com.orpheus.auction.persistence.failuretests.AuctionDAOFactoryFailureTest" time="0.016"></testcase>
  <testcase name="testGetAuctionDAOFailure10" classname="com.orpheus.auction.persistence.failuretests.AuctionDAOFactoryFailureTest" time="0.016"></testcase>
  <testcase name="testGetAuctionDAOFailure11" classname="com.orpheus.auction.persistence.failuretests.AuctionDAOFactoryFailureTest" time="0.046"></testcase>
  <testcase name="testGetAuctionDAOFailure12" classname="com.orpheus.auction.persistence.failuretests.AuctionDAOFactoryFailureTest" time="0.016"></testcase>
  <testcase name="testCustomAuctionPersistence_NullParam" classname="com.orpheus.auction.persistence.failuretests.CustomAuctionPersistenceFailureTest" time="0.203"></testcase>
  <testcase name="testCustomAuctionPersistence_TrimmedEmptyParam" classname="com.orpheus.auction.persistence.failuretests.CustomAuctionPersistenceFailureTest" time="0.094"></testcase>
  <testcase name="testCustomAuctionPersistence_EmptyParam" classname="com.orpheus.auction.persistence.failuretests.CustomAuctionPersistenceFailureTest" time="0.094"></testcase>
  <testcase name="testCustomAuctionPersistence1" classname="com.orpheus.auction.persistence.failuretests.CustomAuctionPersistenceFailureTest" time="0.093"></testcase>
  <testcase name="testCustomAuctionPersistence2" classname="com.orpheus.auction.persistence.failuretests.CustomAuctionPersistenceFailureTest" time="0.063"></testcase>
  <testcase name="testCustomAuctionPersistence3" classname="com.orpheus.auction.persistence.failuretests.CustomAuctionPersistenceFailureTest" time="0.141"></testcase>
  <testcase name="testCustomAuctionPersistence4" classname="com.orpheus.auction.persistence.failuretests.CustomAuctionPersistenceFailureTest" time="0.093"></testcase>
  <testcase name="testCustomAuctionPersistence5" classname="com.orpheus.auction.persistence.failuretests.CustomAuctionPersistenceFailureTest" time="0.078"></testcase>
  <testcase name="testCustomAuctionPersistence6" classname="com.orpheus.auction.persistence.failuretests.CustomAuctionPersistenceFailureTest" time="0.094"></testcase>
  <testcase name="testCustomAuctionPersistence7" classname="com.orpheus.auction.persistence.failuretests.CustomAuctionPersistenceFailureTest" time="0.078"></testcase>
  <testcase name="testCustomAuctionPersistence8" classname="com.orpheus.auction.persistence.failuretests.CustomAuctionPersistenceFailureTest" time="0.094"></testcase>
  <testcase name="testCustomAuctionPersistence9" classname="com.orpheus.auction.persistence.failuretests.CustomAuctionPersistenceFailureTest" time="0.109"></testcase>
  <testcase name="testCustomAuctionPersistence10" classname="com.orpheus.auction.persistence.failuretests.CustomAuctionPersistenceFailureTest" time="0.11"></testcase>
  <testcase name="testCustomAuctionPersistence11" classname="com.orpheus.auction.persistence.failuretests.CustomAuctionPersistenceFailureTest" time="0.094"></testcase>
  <testcase name="testCustomAuctionPersistence12" classname="com.orpheus.auction.persistence.failuretests.CustomAuctionPersistenceFailureTest" time="0.093"></testcase>
  <testcase name="testCustomAuctionPersistence13" classname="com.orpheus.auction.persistence.failuretests.CustomAuctionPersistenceFailureTest" time="0.094"></testcase>
  <testcase name="testCustomAuctionPersistence14" classname="com.orpheus.auction.persistence.failuretests.CustomAuctionPersistenceFailureTest" time="0.063"></testcase>
  <testcase name="testCustomAuctionPersistence15" classname="com.orpheus.auction.persistence.failuretests.CustomAuctionPersistenceFailureTest" time="0.078"></testcase>
  <testcase name="testCustomAuctionPersistence16" classname="com.orpheus.auction.persistence.failuretests.CustomAuctionPersistenceFailureTest" time="0.093"></testcase>
  <testcase name="testCustomAuctionPersistence17" classname="com.orpheus.auction.persistence.failuretests.CustomAuctionPersistenceFailureTest" time="0.079"></testcase>
  <testcase name="testCreateAution_NullParam" classname="com.orpheus.auction.persistence.failuretests.CustomAuctionPersistenceFailureTest" time="0.109"></testcase>
  <testcase name="testCreateAution_InvalidEntry" classname="com.orpheus.auction.persistence.failuretests.CustomAuctionPersistenceFailureTest" time="0.125"></testcase>
  <testcase name="testCreateAution_DuplicatedEntry" classname="com.orpheus.auction.persistence.failuretests.CustomAuctionPersistenceFailureTest" time="0.109"></testcase>
  <testcase name="testUpdateAuction_NullParam" classname="com.orpheus.auction.persistence.failuretests.CustomAuctionPersistenceFailureTest" time="0.047"></testcase>
  <testcase name="testUpdateAuction_InvalidEntry" classname="com.orpheus.auction.persistence.failuretests.CustomAuctionPersistenceFailureTest" time="0.078"></testcase>
  <testcase name="testUpdateBids_NullParam" classname="com.orpheus.auction.persistence.failuretests.CustomAuctionPersistenceFailureTest" time="0.063"></testcase>
  <testcase name="testUpdateBids_ContainsNull" classname="com.orpheus.auction.persistence.failuretests.CustomAuctionPersistenceFailureTest" time="0.109"></testcase>
  <testcase name="testFindAuctionsByDate_IAE" classname="com.orpheus.auction.persistence.failuretests.CustomAuctionPersistenceFailureTest" time="1.063"></testcase>
  <testcase name="testCtor_IAE" classname="com.orpheus.auction.persistence.failuretests.CustomBidFailureTest" time="0.0"></testcase>
  <testcase name="testLocalCustomAuctionPersistence1" classname="com.orpheus.auction.persistence.failuretests.LocalCustomAuctionPersistenceFailureTest" time="0.015"></testcase>
  <testcase name="testLocalCustomAuctionPersistence2" classname="com.orpheus.auction.persistence.failuretests.LocalCustomAuctionPersistenceFailureTest" time="0.016"></testcase>
  <testcase name="testLocalCustomAuctionPersistence3" classname="com.orpheus.auction.persistence.failuretests.LocalCustomAuctionPersistenceFailureTest" time="0.047"></testcase>
  <testcase name="testLocalCustomAuctionPersistence4" classname="com.orpheus.auction.persistence.failuretests.LocalCustomAuctionPersistenceFailureTest" time="0.0"></testcase>
  <testcase name="testLocalCustomAuctionPersistence5" classname="com.orpheus.auction.persistence.failuretests.LocalCustomAuctionPersistenceFailureTest" time="0.437"></testcase>
  <testcase name="testRemoteCustomAuctionPersistence1" classname="com.orpheus.auction.persistence.failuretests.RemoteCustomAuctionPersistenceFailureTest" time="0.016"></testcase>
  <testcase name="testRemoteCustomAuctionPersistence2" classname="com.orpheus.auction.persistence.failuretests.RemoteCustomAuctionPersistenceFailureTest" time="0.016"></testcase>
  <testcase name="testRemoteCustomAuctionPersistence3" classname="com.orpheus.auction.persistence.failuretests.RemoteCustomAuctionPersistenceFailureTest" time="0.015"></testcase>
  <testcase name="testRemoteCustomAuctionPersistence4" classname="com.orpheus.auction.persistence.failuretests.RemoteCustomAuctionPersistenceFailureTest" time="0.016"></testcase>
  <testcase name="testRemoteCustomAuctionPersistence5" classname="com.orpheus.auction.persistence.failuretests.RemoteCustomAuctionPersistenceFailureTest" time="0.015"></testcase>
  <testcase name="testUpdateAuction_NullParam" classname="com.orpheus.auction.persistence.failuretests.AuctionBeanFailureTest" time="0.016"></testcase>
  <testcase name="testUpdateBids_NullParam" classname="com.orpheus.auction.persistence.failuretests.AuctionBeanFailureTest" time="0.0"></testcase>
  <testcase name="testUpdateBids_ContainsNull" classname="com.orpheus.auction.persistence.failuretests.AuctionBeanFailureTest" time="0.0"></testcase>
  <testcase name="testCreateAuction_NullParam" classname="com.orpheus.auction.persistence.failuretests.AuctionBeanFailureTest" time="0.0"></testcase>
  <testcase name="testAssembleAuctionFailure" classname="com.orpheus.auction.persistence.failuretests.DefaultAuctionTranslatorFailureTest" time="0.0"></testcase>
  <testcase name="testAssembleAuctionDTOFailure" classname="com.orpheus.auction.persistence.failuretests.DefaultAuctionTranslatorFailureTest" time="0.0"></testcase>
  <testcase name="testAssembleAuctionDTOFailure2" classname="com.orpheus.auction.persistence.failuretests.DefaultAuctionTranslatorFailureTest" time="0.0"></testcase>
  <testcase name="testAssembleBidFailure" classname="com.orpheus.auction.persistence.failuretests.DefaultAuctionTranslatorFailureTest" time="0.0"></testcase>
  <testcase name="testAssembleBidDTOFailure" classname="com.orpheus.auction.persistence.failuretests.DefaultAuctionTranslatorFailureTest" time="0.0"></testcase>
  <testcase name="testAssembleBidDTOFailure2" classname="com.orpheus.auction.persistence.failuretests.DefaultAuctionTranslatorFailureTest" time="0.016"></testcase>
  <testcase name="testSQLServerAuctionDAO_NullParam" classname="com.orpheus.auction.persistence.failuretests.SQLServerAuctionDAOFailureTest" time="0.984"></testcase>
  <testcase name="testSQLServerAuctionDAO_EmptyParam" classname="com.orpheus.auction.persistence.failuretests.SQLServerAuctionDAOFailureTest" time="0.094"></testcase>
  <testcase name="testSQLServerAuctionDAO_TrimmedEmptyParam" classname="com.orpheus.auction.persistence.failuretests.SQLServerAuctionDAOFailureTest" time="0.094"></testcase>
  <testcase name="testSQLServerAuctionDAO1" classname="com.orpheus.auction.persistence.failuretests.SQLServerAuctionDAOFailureTest" time="0.062"></testcase>
  <testcase name="testSQLServerAuctionDAO2" classname="com.orpheus.auction.persistence.failuretests.SQLServerAuctionDAOFailureTest" time="0.078"></testcase>
  <testcase name="testSQLServerAuctionDAO3" classname="com.orpheus.auction.persistence.failuretests.SQLServerAuctionDAOFailureTest" time="0.078"></testcase>
  <testcase name="testSQLServerAuctionDAO4" classname="com.orpheus.auction.persistence.failuretests.SQLServerAuctionDAOFailureTest" time="0.078"></testcase>
  <testcase name="testSQLServerAuctionDAO5" classname="com.orpheus.auction.persistence.failuretests.SQLServerAuctionDAOFailureTest" time="0.11"></testcase>
  <testcase name="testSQLServerAuctionDAO6" classname="com.orpheus.auction.persistence.failuretests.SQLServerAuctionDAOFailureTest" time="0.078"></testcase>
  <testcase name="testSQLServerAuctionDAO7" classname="com.orpheus.auction.persistence.failuretests.SQLServerAuctionDAOFailureTest" time="0.094"></testcase>
  <testcase name="testSQLServerAuctionDAO8" classname="com.orpheus.auction.persistence.failuretests.SQLServerAuctionDAOFailureTest" time="0.062"></testcase>
  <testcase name="testSQLServerAuctionDAO9" classname="com.orpheus.auction.persistence.failuretests.SQLServerAuctionDAOFailureTest" time="0.094"></testcase>
  <testcase name="testSQLServerAuctionDAO10" classname="com.orpheus.auction.persistence.failuretests.SQLServerAuctionDAOFailureTest" time="0.062"></testcase>
  <testcase name="testSQLServerAuctionDAO11" classname="com.orpheus.auction.persistence.failuretests.SQLServerAuctionDAOFailureTest" time="0.079"></testcase>
  <testcase name="testSQLServerAuctionDAO12" classname="com.orpheus.auction.persistence.failuretests.SQLServerAuctionDAOFailureTest" time="0.078"></testcase>
  <testcase name="testSQLServerAuctionDAO13" classname="com.orpheus.auction.persistence.failuretests.SQLServerAuctionDAOFailureTest" time="0.093"></testcase>
  <testcase name="testSQLServerAuctionDAO14" classname="com.orpheus.auction.persistence.failuretests.SQLServerAuctionDAOFailureTest" time="0.063"></testcase>
  <testcase name="testSQLServerAuctionDAO15" classname="com.orpheus.auction.persistence.failuretests.SQLServerAuctionDAOFailureTest" time="0.094"></testcase>
  <testcase name="testCreateAuction1" classname="com.orpheus.auction.persistence.failuretests.SQLServerAuctionDAOFailureTest" time="0.062"></testcase>
  <testcase name="testCreateAuction2" classname="com.orpheus.auction.persistence.failuretests.SQLServerAuctionDAOFailureTest" time="0.11"></testcase>
  <testcase name="testCreateAuction3" classname="com.orpheus.auction.persistence.failuretests.SQLServerAuctionDAOFailureTest" time="0.046"></testcase>
  <testcase name="testCreateAuction4" classname="com.orpheus.auction.persistence.failuretests.SQLServerAuctionDAOFailureTest" time="0.094"></testcase>
  <testcase name="testCreateAuction5" classname="com.orpheus.auction.persistence.failuretests.SQLServerAuctionDAOFailureTest" time="0.063"></testcase>
  <testcase name="testCreateAuction6" classname="com.orpheus.auction.persistence.failuretests.SQLServerAuctionDAOFailureTest" time="0.156"></testcase>
  <testcase name="testCreateAuction7" classname="com.orpheus.auction.persistence.failuretests.SQLServerAuctionDAOFailureTest" time="0.078"></testcase>
  <testcase name="testCreateAuction8" classname="com.orpheus.auction.persistence.failuretests.SQLServerAuctionDAOFailureTest" time="0.109"></testcase>
  <testcase name="testCreateAuction9" classname="com.orpheus.auction.persistence.failuretests.SQLServerAuctionDAOFailureTest" time="0.063"></testcase>
  <testcase name="testGetAuction1" classname="com.orpheus.auction.persistence.failuretests.SQLServerAuctionDAOFailureTest" time="0.891"></testcase>
  <testcase name="testUpdateAuction1" classname="com.orpheus.auction.persistence.failuretests.SQLServerAuctionDAOFailureTest" time="0.14"></testcase>
  <testcase name="testUpdateAuction2" classname="com.orpheus.auction.persistence.failuretests.SQLServerAuctionDAOFailureTest" time="0.063"></testcase>
  <testcase name="testUpdateAuction3" classname="com.orpheus.auction.persistence.failuretests.SQLServerAuctionDAOFailureTest" time="0.093"></testcase>
  <testcase name="testUpdateAuction4" classname="com.orpheus.auction.persistence.failuretests.SQLServerAuctionDAOFailureTest" time="0.063"></testcase>
  <testcase name="testUpdateAuction5" classname="com.orpheus.auction.persistence.failuretests.SQLServerAuctionDAOFailureTest" time="0.094"></testcase>
  <testcase name="testUpdateAuction6" classname="com.orpheus.auction.persistence.failuretests.SQLServerAuctionDAOFailureTest" time="0.062"></testcase>
  <testcase name="testUpdateAuction7" classname="com.orpheus.auction.persistence.failuretests.SQLServerAuctionDAOFailureTest" time="0.078"></testcase>
  <testcase name="testUpdateAuction8" classname="com.orpheus.auction.persistence.failuretests.SQLServerAuctionDAOFailureTest" time="0.063"></testcase>
  <testcase name="testUpdateAuction9" classname="com.orpheus.auction.persistence.failuretests.SQLServerAuctionDAOFailureTest" time="0.109"></testcase>
  <testcase name="testUpdateBids1" classname="com.orpheus.auction.persistence.failuretests.SQLServerAuctionDAOFailureTest" time="0.063"></testcase>
  <testcase name="testUpdateBids2" classname="com.orpheus.auction.persistence.failuretests.SQLServerAuctionDAOFailureTest" time="0.125"></testcase>
  <testcase name="testUpdateBids3" classname="com.orpheus.auction.persistence.failuretests.SQLServerAuctionDAOFailureTest" time="0.078"></testcase>
  <testcase name="testUpdateBids4" classname="com.orpheus.auction.persistence.failuretests.SQLServerAuctionDAOFailureTest" time="0.094"></testcase>
  <testcase name="testUpdateBids5" classname="com.orpheus.auction.persistence.failuretests.SQLServerAuctionDAOFailureTest" time="0.078"></testcase>
  <testcase name="testUpdateBids6" classname="com.orpheus.auction.persistence.failuretests.SQLServerAuctionDAOFailureTest" time="0.109"></testcase>
  <testcase name="testDeleteAuction_NotExistAuctionId" classname="com.orpheus.auction.persistence.failuretests.SQLServerAuctionDAOFailureTest" time="0.125"></testcase>
  <testcase name="testAssembleBid" classname="com.orpheus.auction.persistence.accuracytests.DefaultAuctionTranslatorAccTests" time="0.047"></testcase>
  <testcase name="testAssembleBidDTO" classname="com.orpheus.auction.persistence.accuracytests.DefaultAuctionTranslatorAccTests" time="0.0"></testcase>
  <testcase name="testAssembleAuction" classname="com.orpheus.auction.persistence.accuracytests.DefaultAuctionTranslatorAccTests" time="0.0"></testcase>
  <testcase name="testAssembleAuctionDTO" classname="com.orpheus.auction.persistence.accuracytests.DefaultAuctionTranslatorAccTests" time="0.0"></testcase>
  <testcase name="testCreateAuction" classname="com.orpheus.auction.persistence.accuracytests.LocalCustomAuctionPersistenceAccTests" time="0.656"></testcase>
  <testcase name="testUpdateAuction" classname="com.orpheus.auction.persistence.accuracytests.LocalCustomAuctionPersistenceAccTests" time="0.141"></testcase>
  <testcase name="testUpdateBids" classname="com.orpheus.auction.persistence.accuracytests.LocalCustomAuctionPersistenceAccTests" time="0.125"></testcase>
  <testcase name="testDeleteAuction" classname="com.orpheus.auction.persistence.accuracytests.LocalCustomAuctionPersistenceAccTests" time="0.078"></testcase>
  <testcase name="testFindAuctionsByDate" classname="com.orpheus.auction.persistence.accuracytests.LocalCustomAuctionPersistenceAccTests" time="0.141"></testcase>
  <testcase name="testFindAuctionsByBidder" classname="com.orpheus.auction.persistence.accuracytests.LocalCustomAuctionPersistenceAccTests" time="0.109"></testcase>
  <testcase name="testCreateAuction" classname="com.orpheus.auction.persistence.accuracytests.RemoteCustomAuctionPersistenceAccTests" time="0.531"></testcase>
  <testcase name="testUpdateAuction" classname="com.orpheus.auction.persistence.accuracytests.RemoteCustomAuctionPersistenceAccTests" time="0.297"></testcase>
  <testcase name="testUpdateBids" classname="com.orpheus.auction.persistence.accuracytests.RemoteCustomAuctionPersistenceAccTests" time="0.344"></testcase>
  <testcase name="testDeleteAuction" classname="com.orpheus.auction.persistence.accuracytests.RemoteCustomAuctionPersistenceAccTests" time="0.39"></testcase>
  <testcase name="testFindAuctionsByDate" classname="com.orpheus.auction.persistence.accuracytests.RemoteCustomAuctionPersistenceAccTests" time="0.266"></testcase>
  <testcase name="testFindAuctionsByBidder" classname="com.orpheus.auction.persistence.accuracytests.RemoteCustomAuctionPersistenceAccTests" time="0.188"></testcase>
  <testcase name="testCreateAuction" classname="com.orpheus.auction.persistence.accuracytests.SQLServerAuctionDAOAccTests" time="0.046"></testcase>
  <testcase name="testUpdateAuction" classname="com.orpheus.auction.persistence.accuracytests.SQLServerAuctionDAOAccTests" time="0.063"></testcase>
  <testcase name="testUpdateBids" classname="com.orpheus.auction.persistence.accuracytests.SQLServerAuctionDAOAccTests" time="0.078"></testcase>
  <testcase name="testDeleteAuction" classname="com.orpheus.auction.persistence.accuracytests.SQLServerAuctionDAOAccTests" time="0.094"></testcase>
  <testcase name="testFindAuctionsByDate" classname="com.orpheus.auction.persistence.accuracytests.SQLServerAuctionDAOAccTests" time="0.062"></testcase>
  <testcase name="testFindAuctionsByBidder" classname="com.orpheus.auction.persistence.accuracytests.SQLServerAuctionDAOAccTests" time="0.328"></testcase>
  <testcase name="testGetAuction" classname="com.orpheus.auction.persistence.accuracytests.SQLServerAuctionDAOAccTests" time="0.25"></testcase>
  <testcase name="testPersistenceException1" classname="com.orpheus.auction.persistence.PersistenceExceptionUnitTest" time="0.0"></testcase>
  <testcase name="testPersistenceException2" classname="com.orpheus.auction.persistence.PersistenceExceptionUnitTest" time="0.0"></testcase>
  <testcase name="testPersistenceExceptionInheritance1" classname="com.orpheus.auction.persistence.PersistenceExceptionUnitTest" time="0.0"></testcase>
  <testcase name="testPersistenceExceptionInheritance2" classname="com.orpheus.auction.persistence.PersistenceExceptionUnitTest" time="0.0"></testcase>
  <testcase name="testDuplicateEntryException" classname="com.orpheus.auction.persistence.DuplicateEntryExceptionUnitTest" time="0.0"></testcase>
  <testcase name="testDuplicateEntryExceptionInheritance" classname="com.orpheus.auction.persistence.DuplicateEntryExceptionUnitTest" time="0.0"></testcase>
  <testcase name="testInvalidEntryException" classname="com.orpheus.auction.persistence.InvalidEntryExceptionUnitTest" time="0.0"></testcase>
  <testcase name="testInvalidEntryExceptionInheritance" classname="com.orpheus.auction.persistence.InvalidEntryExceptionUnitTest" time="0.0"></testcase>
  <testcase name="testEntryNotFoundException" classname="com.orpheus.auction.persistence.EntryNotFoundExceptionUnitTest" time="0.0"></testcase>
  <testcase name="testEntryNotFoundExceptionInheritance" classname="com.orpheus.auction.persistence.EntryNotFoundExceptionUnitTest" time="0.0"></testcase>
  <testcase name="testTranslationException1" classname="com.orpheus.auction.persistence.TranslationExceptionUnitTest" time="0.016"></testcase>
  <testcase name="testTranslationException2" classname="com.orpheus.auction.persistence.TranslationExceptionUnitTest" time="0.0"></testcase>
  <testcase name="testTranslationExceptionInheritance1" classname="com.orpheus.auction.persistence.TranslationExceptionUnitTest" time="0.0"></testcase>
  <testcase name="testTranslationExceptionInheritance2" classname="com.orpheus.auction.persistence.TranslationExceptionUnitTest" time="0.0"></testcase>
  <testcase name="testObjectInstantiationException1" classname="com.orpheus.auction.persistence.ObjectInstantiationExceptionUnitTest" time="0.0"></testcase>
  <testcase name="testObjectInstantiationException2" classname="com.orpheus.auction.persistence.ObjectInstantiationExceptionUnitTest" time="0.0"></testcase>
  <testcase name="testObjectInstantiationExceptionInheritance1" classname="com.orpheus.auction.persistence.ObjectInstantiationExceptionUnitTest" time="0.0"></testcase>
  <testcase name="testObjectInstantiationExceptionInheritance2" classname="com.orpheus.auction.persistence.ObjectInstantiationExceptionUnitTest" time="0.0"></testcase>
  <testcase name="testGetAuctionDAO_Accuracy1" classname="com.orpheus.auction.persistence.AuctionDAOFactoryUnitTest" time="0.047"></testcase>
  <testcase name="testGetAuctionDAO_Accuracy2" classname="com.orpheus.auction.persistence.AuctionDAOFactoryUnitTest" time="0.062"></testcase>
  <testcase name="testCustomBid_NullTimestamp" classname="com.orpheus.auction.persistence.CustomBidUnitTest" time="0.0"></testcase>
  <testcase name="testCustomBid_Accuracy" classname="com.orpheus.auction.persistence.CustomBidUnitTest" time="0.0"></testcase>
  <testcase name="testGetID_Accuracy1" classname="com.orpheus.auction.persistence.CustomBidUnitTest" time="0.0"></testcase>
  <testcase name="testGetID_Accuracy2" classname="com.orpheus.auction.persistence.CustomBidUnitTest" time="0.0"></testcase>
  <testcase name="testGetImageId_Accuracy" classname="com.orpheus.auction.persistence.CustomBidUnitTest" time="0.0"></testcase>
  <testcase name="testSetID_Accuracy" classname="com.orpheus.auction.persistence.CustomBidUnitTest" time="0.0"></testcase>
  <testcase name="testGetBidderId_Accuracy" classname="com.orpheus.auction.persistence.CustomBidUnitTest" time="0.0"></testcase>
  <testcase name="testGetEffectiveAmount_Accuracy1" classname="com.orpheus.auction.persistence.CustomBidUnitTest" time="0.0"></testcase>
  <testcase name="testGetEffectiveAmount_Accuracy2" classname="com.orpheus.auction.persistence.CustomBidUnitTest" time="0.0"></testcase>
  <testcase name="testSetEffectiveAmount_Accuracy" classname="com.orpheus.auction.persistence.CustomBidUnitTest" time="0.0"></testcase>
  <testcase name="testGetMaxAmount_Accuracy" classname="com.orpheus.auction.persistence.CustomBidUnitTest" time="0.0"></testcase>
  <testcase name="testGetTimestamp_Accuracy" classname="com.orpheus.auction.persistence.CustomBidUnitTest" time="0.0"></testcase>
  <testcase name="testDeleteAuction_NotExistAuctionId" classname="com.orpheus.auction.persistence.LocalCustomAuctionPersistenceUnitTest" time="0.375"></testcase>
  <testcase name="testLocalCustomAuctionPersistence_Accuracy" classname="com.orpheus.auction.persistence.LocalCustomAuctionPersistenceUnitTest" time="0.141"></testcase>
  <testcase name="testEjbCreateAuction_NullID" classname="com.orpheus.auction.persistence.LocalCustomAuctionPersistenceUnitTest" time="0.453"></testcase>
  <testcase name="testEjbCreateAuction_InvalidAuctionId" classname="com.orpheus.auction.persistence.LocalCustomAuctionPersistenceUnitTest" time="0.063"></testcase>
  <testcase name="testEjbCreateAuction_InvalidBidderid" classname="com.orpheus.auction.persistence.LocalCustomAuctionPersistenceUnitTest" time="0.14"></testcase>
  <testcase name="testEjbCreateAuction_ExistAuction" classname="com.orpheus.auction.persistence.LocalCustomAuctionPersistenceUnitTest" time="0.641"></testcase>
  <testcase name="testEjbCreateAuction_Accuracy" classname="com.orpheus.auction.persistence.LocalCustomAuctionPersistenceUnitTest" time="0.312"></testcase>
  <testcase name="testEjbGetAuction_NotExistAuction" classname="com.orpheus.auction.persistence.LocalCustomAuctionPersistenceUnitTest" time="0.157"></testcase>
  <testcase name="testEjbGetAuction_Accuracy" classname="com.orpheus.auction.persistence.LocalCustomAuctionPersistenceUnitTest" time="0.281"></testcase>
  <testcase name="testEjbUpdateAuction_NullID" classname="com.orpheus.auction.persistence.LocalCustomAuctionPersistenceUnitTest" time="0.062"></testcase>
  <testcase name="testEjbUpdateAuction_InvalidBidderid" classname="com.orpheus.auction.persistence.LocalCustomAuctionPersistenceUnitTest" time="0.141"></testcase>
  <testcase name="testEjbUpdateAuction_NotExistAuction" classname="com.orpheus.auction.persistence.LocalCustomAuctionPersistenceUnitTest" time="0.125"></testcase>
  <testcase name="testEjbUpdateAuction_Accuracy1" classname="com.orpheus.auction.persistence.LocalCustomAuctionPersistenceUnitTest" time="0.453"></testcase>
  <testcase name="testEjbUpdateAuction_Accuracy2" classname="com.orpheus.auction.persistence.LocalCustomAuctionPersistenceUnitTest" time="0.406"></testcase>
  <testcase name="testEjbUpdateBids_NotExistAuction" classname="com.orpheus.auction.persistence.LocalCustomAuctionPersistenceUnitTest" time="0.172"></testcase>
  <testcase name="testEjbUpdateBids_InvalidBidderid" classname="com.orpheus.auction.persistence.LocalCustomAuctionPersistenceUnitTest" time="0.141"></testcase>
  <testcase name="testEjbUpdateBids_Accuracy1" classname="com.orpheus.auction.persistence.LocalCustomAuctionPersistenceUnitTest" time="0.328"></testcase>
  <testcase name="testEjbUpdateBids_Accuracy2" classname="com.orpheus.auction.persistence.LocalCustomAuctionPersistenceUnitTest" time="0.453"></testcase>
  <testcase name="testDeleteAuction_Accuracy" classname="com.orpheus.auction.persistence.LocalCustomAuctionPersistenceUnitTest" time="0.25"></testcase>
  <testcase name="testEjbFindAuctionsByDate_Accuracy1" classname="com.orpheus.auction.persistence.LocalCustomAuctionPersistenceUnitTest" time="0.36"></testcase>
  <testcase name="testEjbFindAuctionsByDate_Accuracy2" classname="com.orpheus.auction.persistence.LocalCustomAuctionPersistenceUnitTest" time="0.312"></testcase>
  <testcase name="testEjbFindAuctionsByDate_Accuracy3" classname="com.orpheus.auction.persistence.LocalCustomAuctionPersistenceUnitTest" time="0.547"></testcase>
  <testcase name="testEjbFindAuctionsByDate_Accuracy4" classname="com.orpheus.auction.persistence.LocalCustomAuctionPersistenceUnitTest" time="0.391"></testcase>
  <testcase name="testEjbFindAuctionsByBidder_Accuracy1" classname="com.orpheus.auction.persistence.LocalCustomAuctionPersistenceUnitTest" time="0.39"></testcase>
  <testcase name="testEjbFindAuctionsByBidder_Accuracy2" classname="com.orpheus.auction.persistence.LocalCustomAuctionPersistenceUnitTest" time="0.328"></testcase>
  <testcase name="testCustomAuctionPersistence_Accuracy" classname="com.orpheus.auction.persistence.LocalCustomAuctionPersistenceUnitTest" time="0.141"></testcase>
  <testcase name="testCreateAuction_NullAuction" classname="com.orpheus.auction.persistence.LocalCustomAuctionPersistenceUnitTest" time="0.125"></testcase>
  <testcase name="testCreateAuction_NullID" classname="com.orpheus.auction.persistence.LocalCustomAuctionPersistenceUnitTest" time="0.109"></testcase>
  <testcase name="testCreateAuction_InvalidAuctionId" classname="com.orpheus.auction.persistence.LocalCustomAuctionPersistenceUnitTest" time="0.157"></testcase>
  <testcase name="testCreateAuction_ExistAuction" classname="com.orpheus.auction.persistence.LocalCustomAuctionPersistenceUnitTest" time="0.265"></testcase>
  <testcase name="testCreateAuction_Accuracy" classname="com.orpheus.auction.persistence.LocalCustomAuctionPersistenceUnitTest" time="0.313"></testcase>
  <testcase name="testGetAuction_NotExistAuction" classname="com.orpheus.auction.persistence.LocalCustomAuctionPersistenceUnitTest" time="0.093"></testcase>
  <testcase name="testGetAuction_Accuracy" classname="com.orpheus.auction.persistence.LocalCustomAuctionPersistenceUnitTest" time="0.188"></testcase>
  <testcase name="testUpdateAuction_NullAuction" classname="com.orpheus.auction.persistence.LocalCustomAuctionPersistenceUnitTest" time="0.047"></testcase>
  <testcase name="testUpdateAuction_NullID" classname="com.orpheus.auction.persistence.LocalCustomAuctionPersistenceUnitTest" time="0.109"></testcase>
  <testcase name="testUpdateAuction_NotExistAuction" classname="com.orpheus.auction.persistence.LocalCustomAuctionPersistenceUnitTest" time="0.11"></testcase>
  <testcase name="testUpdateAuction_Accuracy" classname="com.orpheus.auction.persistence.LocalCustomAuctionPersistenceUnitTest" time="0.109"></testcase>
  <testcase name="testUpdateBids_NullBids" classname="com.orpheus.auction.persistence.LocalCustomAuctionPersistenceUnitTest" time="0.062"></testcase>
  <testcase name="testUpdateBids_ContainNullBid" classname="com.orpheus.auction.persistence.LocalCustomAuctionPersistenceUnitTest" time="0.047"></testcase>
  <testcase name="testUpdateBids_NotExistAuction" classname="com.orpheus.auction.persistence.LocalCustomAuctionPersistenceUnitTest" time="0.063"></testcase>
  <testcase name="testUpdateBids_Accuracy" classname="com.orpheus.auction.persistence.LocalCustomAuctionPersistenceUnitTest" time="0.25"></testcase>
  <testcase name="testFindAuctionsByDate_Accuracy1" classname="com.orpheus.auction.persistence.LocalCustomAuctionPersistenceUnitTest" time="0.344"></testcase>
  <testcase name="testFindAuctionsByDate_Accuracy2" classname="com.orpheus.auction.persistence.LocalCustomAuctionPersistenceUnitTest" time="0.281"></testcase>
  <testcase name="testFindAuctionsByDate_Accuracy3" classname="com.orpheus.auction.persistence.LocalCustomAuctionPersistenceUnitTest" time="0.39"></testcase>
  <testcase name="testFindAuctionsByDate_Accuracy4" classname="com.orpheus.auction.persistence.LocalCustomAuctionPersistenceUnitTest" time="0.454"></testcase>
  <testcase name="testFindAuctionsByBidder_Accuracy1" classname="com.orpheus.auction.persistence.LocalCustomAuctionPersistenceUnitTest" time="0.406"></testcase>
  <testcase name="testFindAuctionsByBidder_Accuracy2" classname="com.orpheus.auction.persistence.LocalCustomAuctionPersistenceUnitTest" time="0.547"></testcase>
  <testcase name="testDeleteAuction_NotExistAuctionId" classname="com.orpheus.auction.persistence.RemoteCustomAuctionPersistenceUnitTest" time="0.265"></testcase>
  <testcase name="testEjbCreateAuction_NullID" classname="com.orpheus.auction.persistence.RemoteCustomAuctionPersistenceUnitTest" time="0.266"></testcase>
  <testcase name="testEjbCreateAuction_InvalidAuctionId" classname="com.orpheus.auction.persistence.RemoteCustomAuctionPersistenceUnitTest" time="0.187"></testcase>
  <testcase name="testEjbCreateAuction_InvalidBidderid" classname="com.orpheus.auction.persistence.RemoteCustomAuctionPersistenceUnitTest" time="0.25"></testcase>
  <testcase name="testEjbCreateAuction_ExistAuction" classname="com.orpheus.auction.persistence.RemoteCustomAuctionPersistenceUnitTest" time="0.735"></testcase>
  <testcase name="testEjbCreateAuction_Accuracy" classname="com.orpheus.auction.persistence.RemoteCustomAuctionPersistenceUnitTest" time="0.89"></testcase>
  <testcase name="testEjbGetAuction_NotExistAuction" classname="com.orpheus.auction.persistence.RemoteCustomAuctionPersistenceUnitTest" time="0.516"></testcase>
  <testcase name="testEjbGetAuction_Accuracy" classname="com.orpheus.auction.persistence.RemoteCustomAuctionPersistenceUnitTest" time="0.531"></testcase>
  <testcase name="testEjbUpdateAuction_NullID" classname="com.orpheus.auction.persistence.RemoteCustomAuctionPersistenceUnitTest" time="0.11"></testcase>
  <testcase name="testEjbUpdateAuction_InvalidBidderid" classname="com.orpheus.auction.persistence.RemoteCustomAuctionPersistenceUnitTest" time="0.062"></testcase>
  <testcase name="testEjbUpdateAuction_NotExistAuction" classname="com.orpheus.auction.persistence.RemoteCustomAuctionPersistenceUnitTest" time="0.063"></testcase>
  <testcase name="testEjbUpdateAuction_Accuracy1" classname="com.orpheus.auction.persistence.RemoteCustomAuctionPersistenceUnitTest" time="0.125"></testcase>
  <testcase name="testEjbUpdateAuction_Accuracy2" classname="com.orpheus.auction.persistence.RemoteCustomAuctionPersistenceUnitTest" time="0.093"></testcase>
  <testcase name="testEjbUpdateBids_NotExistAuction" classname="com.orpheus.auction.persistence.RemoteCustomAuctionPersistenceUnitTest" time="0.063"></testcase>
  <testcase name="testEjbUpdateBids_InvalidBidderid" classname="com.orpheus.auction.persistence.RemoteCustomAuctionPersistenceUnitTest" time="0.062"></testcase>
  <testcase name="testEjbUpdateBids_Accuracy1" classname="com.orpheus.auction.persistence.RemoteCustomAuctionPersistenceUnitTest" time="0.11"></testcase>
  <testcase name="testEjbUpdateBids_Accuracy2" classname="com.orpheus.auction.persistence.RemoteCustomAuctionPersistenceUnitTest" time="0.078"></testcase>
  <testcase name="testDeleteAuction_Accuracy" classname="com.orpheus.auction.persistence.RemoteCustomAuctionPersistenceUnitTest" time="0.078"></testcase>
  <testcase name="testEjbFindAuctionsByDate_Accuracy1" classname="com.orpheus.auction.persistence.RemoteCustomAuctionPersistenceUnitTest" time="0.125"></testcase>
  <testcase name="testEjbFindAuctionsByDate_Accuracy2" classname="com.orpheus.auction.persistence.RemoteCustomAuctionPersistenceUnitTest" time="0.141"></testcase>
  <testcase name="testEjbFindAuctionsByDate_Accuracy3" classname="com.orpheus.auction.persistence.RemoteCustomAuctionPersistenceUnitTest" time="0.125"></testcase>
  <testcase name="testEjbFindAuctionsByDate_Accuracy4" classname="com.orpheus.auction.persistence.RemoteCustomAuctionPersistenceUnitTest" time="0.125"></testcase>
  <testcase name="testEjbFindAuctionsByBidder_Accuracy1" classname="com.orpheus.auction.persistence.RemoteCustomAuctionPersistenceUnitTest" time="0.156"></testcase>
  <testcase name="testEjbFindAuctionsByBidder_Accuracy2" classname="com.orpheus.auction.persistence.RemoteCustomAuctionPersistenceUnitTest" time="0.141"></testcase>
  <testcase name="testRemoteCustomAuctionPersistence_Accuracy" classname="com.orpheus.auction.persistence.RemoteCustomAuctionPersistenceUnitTest" time="0.046"></testcase>
  <testcase name="testCustomAuctionPersistence_Accuracy" classname="com.orpheus.auction.persistence.RemoteCustomAuctionPersistenceUnitTest" time="0.047"></testcase>
  <testcase name="testCreateAuction_NullAuction" classname="com.orpheus.auction.persistence.RemoteCustomAuctionPersistenceUnitTest" time="0.032"></testcase>
  <testcase name="testCreateAuction_NullID" classname="com.orpheus.auction.persistence.RemoteCustomAuctionPersistenceUnitTest" time="0.062"></testcase>
  <testcase name="testCreateAuction_InvalidAuctionId" classname="com.orpheus.auction.persistence.RemoteCustomAuctionPersistenceUnitTest" time="0.047"></testcase>
  <testcase name="testCreateAuction_ExistAuction" classname="com.orpheus.auction.persistence.RemoteCustomAuctionPersistenceUnitTest" time="0.078"></testcase>
  <testcase name="testCreateAuction_Accuracy" classname="com.orpheus.auction.persistence.RemoteCustomAuctionPersistenceUnitTest" time="0.063"></testcase>
  <testcase name="testGetAuction_NotExistAuction" classname="com.orpheus.auction.persistence.RemoteCustomAuctionPersistenceUnitTest" time="0.046"></testcase>
  <testcase name="testGetAuction_Accuracy" classname="com.orpheus.auction.persistence.RemoteCustomAuctionPersistenceUnitTest" time="0.063"></testcase>
  <testcase name="testUpdateAuction_NullAuction" classname="com.orpheus.auction.persistence.RemoteCustomAuctionPersistenceUnitTest" time="0.047"></testcase>
  <testcase name="testUpdateAuction_NullID" classname="com.orpheus.auction.persistence.RemoteCustomAuctionPersistenceUnitTest" time="0.047"></testcase>
  <testcase name="testUpdateAuction_NotExistAuction" classname="com.orpheus.auction.persistence.RemoteCustomAuctionPersistenceUnitTest" time="0.062"></testcase>
  <testcase name="testUpdateAuction_Accuracy" classname="com.orpheus.auction.persistence.RemoteCustomAuctionPersistenceUnitTest" time="0.094"></testcase>
  <testcase name="testUpdateBids_NullBids" classname="com.orpheus.auction.persistence.RemoteCustomAuctionPersistenceUnitTest" time="0.062"></testcase>
  <testcase name="testUpdateBids_ContainNullBid" classname="com.orpheus.auction.persistence.RemoteCustomAuctionPersistenceUnitTest" time="0.047"></testcase>
  <testcase name="testUpdateBids_NotExistAuction" classname="com.orpheus.auction.persistence.RemoteCustomAuctionPersistenceUnitTest" time="0.047"></testcase>
  <testcase name="testUpdateBids_Accuracy" classname="com.orpheus.auction.persistence.RemoteCustomAuctionPersistenceUnitTest" time="0.094"></testcase>
  <testcase name="testFindAuctionsByDate_Accuracy1" classname="com.orpheus.auction.persistence.RemoteCustomAuctionPersistenceUnitTest" time="0.234"></testcase>
  <testcase name="testFindAuctionsByDate_Accuracy2" classname="com.orpheus.auction.persistence.RemoteCustomAuctionPersistenceUnitTest" time="0.141"></testcase>
  <testcase name="testFindAuctionsByDate_Accuracy3" classname="com.orpheus.auction.persistence.RemoteCustomAuctionPersistenceUnitTest" time="0.156"></testcase>
  <testcase name="testFindAuctionsByDate_Accuracy4" classname="com.orpheus.auction.persistence.RemoteCustomAuctionPersistenceUnitTest" time="0.344"></testcase>
  <testcase name="testFindAuctionsByBidder_Accuracy1" classname="com.orpheus.auction.persistence.RemoteCustomAuctionPersistenceUnitTest" time="0.172"></testcase>
  <testcase name="testFindAuctionsByBidder_Accuracy2" classname="com.orpheus.auction.persistence.RemoteCustomAuctionPersistenceUnitTest" time="0.234"></testcase>
  <testcase name="testValidateNotNull_NullObject" classname="com.orpheus.auction.persistence.AuctionPersistenceHelperUnitTest" time="0.016"></testcase>
  <testcase name="testValidateNotNull_Accuracy" classname="com.orpheus.auction.persistence.AuctionPersistenceHelperUnitTest" time="0.015"></testcase>
  <testcase name="testValidateString_NullString" classname="com.orpheus.auction.persistence.AuctionPersistenceHelperUnitTest" time="0.0"></testcase>
  <testcase name="testValidateString_EmptyString" classname="com.orpheus.auction.persistence.AuctionPersistenceHelperUnitTest" time="0.016"></testcase>
  <testcase name="testValidateString_Accuracy" classname="com.orpheus.auction.persistence.AuctionPersistenceHelperUnitTest" time="0.016"></testcase>
  <testcase name="testValidateNotNegative_Negative" classname="com.orpheus.auction.persistence.AuctionPersistenceHelperUnitTest" time="0.0"></testcase>
  <testcase name="testValidateNotNegative_Zero" classname="com.orpheus.auction.persistence.AuctionPersistenceHelperUnitTest" time="0.015"></testcase>
  <testcase name="testValidateNotNegative_Accuracy" classname="com.orpheus.auction.persistence.AuctionPersistenceHelperUnitTest" time="0.016"></testcase>
  <testcase name="testValidateCollection_NullArray" classname="com.orpheus.auction.persistence.AuctionPersistenceHelperUnitTest" time="0.0"></testcase>
  <testcase name="testValidateCollection_NullElement" classname="com.orpheus.auction.persistence.AuctionPersistenceHelperUnitTest" time="0.016"></testcase>
  <testcase name="testValidateCollection_Accuracy" classname="com.orpheus.auction.persistence.AuctionPersistenceHelperUnitTest" time="0.015"></testcase>
  <testcase name="testValidateAuctionDTO_NullAuction" classname="com.orpheus.auction.persistence.AuctionPersistenceHelperUnitTest" time="0.0"></testcase>
  <testcase name="testValidateAuctionDTO_NegativeMinimumBid" classname="com.orpheus.auction.persistence.AuctionPersistenceHelperUnitTest" time="0.016"></testcase>
  <testcase name="testValidateAuctionDTO_NegativeItemCount" classname="com.orpheus.auction.persistence.AuctionPersistenceHelperUnitTest" time="0.015"></testcase>
  <testcase name="testValidateAuctionDTO_NullBids" classname="com.orpheus.auction.persistence.AuctionPersistenceHelperUnitTest" time="0.016"></testcase>
  <testcase name="testValidateAuctionDTO_NullBidElements" classname="com.orpheus.auction.persistence.AuctionPersistenceHelperUnitTest" time="0.0"></testcase>
  <testcase name="testValidateAuctionDTO_NegativeImageId" classname="com.orpheus.auction.persistence.AuctionPersistenceHelperUnitTest" time="0.016"></testcase>
  <testcase name="testValidateAuctionDTO_NegativeMaxAmount" classname="com.orpheus.auction.persistence.AuctionPersistenceHelperUnitTest" time="0.015"></testcase>
  <testcase name="testValidateAuctionDTO_NegativEffectiveAmount" classname="com.orpheus.auction.persistence.AuctionPersistenceHelperUnitTest" time="0.0"></testcase>
  <testcase name="testValidateAuctionDTO_Accuracy" classname="com.orpheus.auction.persistence.AuctionPersistenceHelperUnitTest" time="0.016"></testcase>
  <testcase name="testValidateBidDTOCollection_NullBids" classname="com.orpheus.auction.persistence.AuctionPersistenceHelperUnitTest" time="0.016"></testcase>
  <testcase name="testValidateBidDTOCollection_ContainNullBid" classname="com.orpheus.auction.persistence.AuctionPersistenceHelperUnitTest" time="0.015"></testcase>
  <testcase name="testValidateBidDTOCollection_NegativeImageId" classname="com.orpheus.auction.persistence.AuctionPersistenceHelperUnitTest" time="0.016"></testcase>
  <testcase name="testValidateBidDTOCollection_NegativeMaxAmount" classname="com.orpheus.auction.persistence.AuctionPersistenceHelperUnitTest" time="0.062"></testcase>
  <testcase name="testValidateBidDTOCollection_NegativEffectiveAmount" classname="com.orpheus.auction.persistence.AuctionPersistenceHelperUnitTest" time="0.016"></testcase>
  <testcase name="testValidateBidDTOCollection_Accuracy" classname="com.orpheus.auction.persistence.AuctionPersistenceHelperUnitTest" time="0.016"></testcase>
  <testcase name="testValidateBidDTO_NullBid" classname="com.orpheus.auction.persistence.AuctionPersistenceHelperUnitTest" time="0.015"></testcase>
  <testcase name="testValidateBidDTO_NegativeImageId" classname="com.orpheus.auction.persistence.AuctionPersistenceHelperUnitTest" time="0.0"></testcase>
  <testcase name="testValidateBidDTO_NegativeMaxAmount" classname="com.orpheus.auction.persistence.AuctionPersistenceHelperUnitTest" time="0.016"></testcase>
  <testcase name="testValidateBidDTO_NegativEffectiveAmount" classname="com.orpheus.auction.persistence.AuctionPersistenceHelperUnitTest" time="0.015"></testcase>
  <testcase name="testValidateBidDTO_Accuracy" classname="com.orpheus.auction.persistence.AuctionPersistenceHelperUnitTest" time="0.016"></testcase>
  <testcase name="testValidateTwoDate_BebinAfterEnd" classname="com.orpheus.auction.persistence.AuctionPersistenceHelperUnitTest" time="0.016"></testcase>
  <testcase name="testValidateTwoDate_Accuracy" classname="com.orpheus.auction.persistence.AuctionPersistenceHelperUnitTest" time="0.0"></testcase>
  <testcase name="testCreateObjectFactory_NotCorrect" classname="com.orpheus.auction.persistence.AuctionPersistenceHelperUnitTest" time="0.015"></testcase>
  <testcase name="testCreateObjectFactory_Accuracy" classname="com.orpheus.auction.persistence.AuctionPersistenceHelperUnitTest" time="0.016"></testcase>
  <testcase name="testSetID_Accuracy" classname="com.orpheus.auction.persistence.ejb.AuctionDTOUnitTest" time="0.0"></testcase>
  <testcase name="testAuctionDTO_Accuracy" classname="com.orpheus.auction.persistence.ejb.AuctionDTOUnitTest" time="0.0"></testcase>
  <testcase name="testGetID_Accuracy" classname="com.orpheus.auction.persistence.ejb.AuctionDTOUnitTest" time="0.0"></testcase>
  <testcase name="testGetSummary_Accuracy" classname="com.orpheus.auction.persistence.ejb.AuctionDTOUnitTest" time="0.0"></testcase>
  <testcase name="testSetSummary_Accuracy" classname="com.orpheus.auction.persistence.ejb.AuctionDTOUnitTest" time="0.0"></testcase>
  <testcase name="testGetDescription_Accuracy" classname="com.orpheus.auction.persistence.ejb.AuctionDTOUnitTest" time="0.0"></testcase>
  <testcase name="testSetDescriptionAccuracy" classname="com.orpheus.auction.persistence.ejb.AuctionDTOUnitTest" time="0.0"></testcase>
  <testcase name="testGetItemCount_Accuracy" classname="com.orpheus.auction.persistence.ejb.AuctionDTOUnitTest" time="0.0"></testcase>
  <testcase name="testSetItemCount_Accuracy" classname="com.orpheus.auction.persistence.ejb.AuctionDTOUnitTest" time="0.0"></testcase>
  <testcase name="testGetMinimumBid_Accuracy" classname="com.orpheus.auction.persistence.ejb.AuctionDTOUnitTest" time="0.0"></testcase>
  <testcase name="testSetMinimumBid_Accuracy" classname="com.orpheus.auction.persistence.ejb.AuctionDTOUnitTest" time="0.0"></testcase>
  <testcase name="testGetStartDate_Accuracy" classname="com.orpheus.auction.persistence.ejb.AuctionDTOUnitTest" time="0.0"></testcase>
  <testcase name="testSetStartDate_Accuracy" classname="com.orpheus.auction.persistence.ejb.AuctionDTOUnitTest" time="0.0"></testcase>
  <testcase name="testGetEndDate_Accuracy" classname="com.orpheus.auction.persistence.ejb.AuctionDTOUnitTest" time="0.0"></testcase>
  <testcase name="testSetEndDate_Accuracy" classname="com.orpheus.auction.persistence.ejb.AuctionDTOUnitTest" time="0.0"></testcase>
  <testcase name="testGetBids_Accuracy" classname="com.orpheus.auction.persistence.ejb.AuctionDTOUnitTest" time="0.0"></testcase>
  <testcase name="testSetBids_Accuracy" classname="com.orpheus.auction.persistence.ejb.AuctionDTOUnitTest" time="0.0"></testcase>
  <testcase name="testGetID_Accuracy1" classname="com.orpheus.auction.persistence.ejb.BidDTOUnitTest" time="0.0"></testcase>
  <testcase name="testGetID_Accuracy2" classname="com.orpheus.auction.persistence.ejb.BidDTOUnitTest" time="0.0"></testcase>
  <testcase name="testSetID_Accuracy" classname="com.orpheus.auction.persistence.ejb.BidDTOUnitTest" time="0.0"></testcase>
  <testcase name="testGetEffectiveAmount_Accuracy1" classname="com.orpheus.auction.persistence.ejb.BidDTOUnitTest" time="0.0"></testcase>
  <testcase name="testGetEffectiveAmount_Accuracy2" classname="com.orpheus.auction.persistence.ejb.BidDTOUnitTest" time="0.0"></testcase>
  <testcase name="testSetEffectiveAmount_Accuracy" classname="com.orpheus.auction.persistence.ejb.BidDTOUnitTest" time="0.0"></testcase>
  <testcase name="testBidDTO_Accuracy" classname="com.orpheus.auction.persistence.ejb.BidDTOUnitTest" time="0.0"></testcase>
  <testcase name="testGetImageId_Accuracy1" classname="com.orpheus.auction.persistence.ejb.BidDTOUnitTest" time="0.0"></testcase>
  <testcase name="testGetImageId_Accuracy2" classname="com.orpheus.auction.persistence.ejb.BidDTOUnitTest" time="0.0"></testcase>
  <testcase name="testSetImageId_Accuracy" classname="com.orpheus.auction.persistence.ejb.BidDTOUnitTest" time="0.0"></testcase>
  <testcase name="testGetBidderId_Accuracy1" classname="com.orpheus.auction.persistence.ejb.BidDTOUnitTest" time="0.0"></testcase>
  <testcase name="testGetBidderId_Accuracy2" classname="com.orpheus.auction.persistence.ejb.BidDTOUnitTest" time="0.0"></testcase>
  <testcase name="testSetBidderId_Accuracy" classname="com.orpheus.auction.persistence.ejb.BidDTOUnitTest" time="0.0"></testcase>
  <testcase name="testGetMaxAmount_Accuracy1" classname="com.orpheus.auction.persistence.ejb.BidDTOUnitTest" time="0.0"></testcase>
  <testcase name="testGetMaxAmount_Accuracy2" classname="com.orpheus.auction.persistence.ejb.BidDTOUnitTest" time="0.0"></testcase>
  <testcase name="testSetMaxAmount_Accuracy" classname="com.orpheus.auction.persistence.ejb.BidDTOUnitTest" time="0.0"></testcase>
  <testcase name="testGetTimestamp_Accuracy1" classname="com.orpheus.auction.persistence.ejb.BidDTOUnitTest" time="0.0"></testcase>
  <testcase name="testGetTimestamp_Accuracy2" classname="com.orpheus.auction.persistence.ejb.BidDTOUnitTest" time="0.0"></testcase>
  <testcase name="testSetTimestamp_Accuracy" classname="com.orpheus.auction.persistence.ejb.BidDTOUnitTest" time="0.0"></testcase>
  <testcase name="testDeleteAuction_Accuracy" classname="com.orpheus.auction.persistence.ejb.AuctionBeanUnitTest" time="0.062"></testcase>
  <testcase name="testCreateAuction_NullAuction" classname="com.orpheus.auction.persistence.ejb.AuctionBeanUnitTest" time="0.016"></testcase>
  <testcase name="testCreateAuction_Accuracy" classname="com.orpheus.auction.persistence.ejb.AuctionBeanUnitTest" time="0.0"></testcase>
  <testcase name="testGetAuction_Accuracy" classname="com.orpheus.auction.persistence.ejb.AuctionBeanUnitTest" time="0.016"></testcase>
  <testcase name="testUpdateAuction_NullAuction" classname="com.orpheus.auction.persistence.ejb.AuctionBeanUnitTest" time="0.015"></testcase>
  <testcase name="testUpdateAuction_Accuracy" classname="com.orpheus.auction.persistence.ejb.AuctionBeanUnitTest" time="0.016"></testcase>
  <testcase name="testUpdateBids_NullBids" classname="com.orpheus.auction.persistence.ejb.AuctionBeanUnitTest" time="0.016"></testcase>
  <testcase name="testUpdateBids_ContainNullBid" classname="com.orpheus.auction.persistence.ejb.AuctionBeanUnitTest" time="0.0"></testcase>
  <testcase name="testUpdateBids_Accuracy" classname="com.orpheus.auction.persistence.ejb.AuctionBeanUnitTest" time="0.078"></testcase>
  <testcase name="testAuctionBean_Accuracy" classname="com.orpheus.auction.persistence.ejb.AuctionBeanUnitTest" time="0.0"></testcase>
  <testcase name="testEjbCreate_Accuracy" classname="com.orpheus.auction.persistence.ejb.AuctionBeanUnitTest" time="0.015"></testcase>
  <testcase name="testEjbRemove_Accuracy" classname="com.orpheus.auction.persistence.ejb.AuctionBeanUnitTest" time="0.016"></testcase>
  <testcase name="testEjbActivate_Accuracy" classname="com.orpheus.auction.persistence.ejb.AuctionBeanUnitTest" time="0.016"></testcase>
  <testcase name="testEjbPassivate_Accuracy" classname="com.orpheus.auction.persistence.ejb.AuctionBeanUnitTest" time="0.0"></testcase>
  <testcase name="testSetSessionContext_Accuracy" classname="com.orpheus.auction.persistence.ejb.AuctionBeanUnitTest" time="0.015"></testcase>
  <testcase name="testCreateAuction_PersistenceException" classname="com.orpheus.auction.persistence.ejb.AuctionBeanUnitTest" time="0.031"></testcase>
  <testcase name="testGetAuction_PersistenceException" classname="com.orpheus.auction.persistence.ejb.AuctionBeanUnitTest" time="0.0"></testcase>
  <testcase name="testUpdateAuction_PersistenceException" classname="com.orpheus.auction.persistence.ejb.AuctionBeanUnitTest" time="0.094"></testcase>
  <testcase name="testUpdateBids_PersistenceException" classname="com.orpheus.auction.persistence.ejb.AuctionBeanUnitTest" time="0.0"></testcase>
  <testcase name="testDeleteAuction_PersistenceException" classname="com.orpheus.auction.persistence.ejb.AuctionBeanUnitTest" time="0.016"></testcase>
  <testcase name="testFindAuctionsByDate_PersistenceException" classname="com.orpheus.auction.persistence.ejb.AuctionBeanUnitTest" time="0.015"></testcase>
  <testcase name="testFindAuctionsByDate_Accuracy" classname="com.orpheus.auction.persistence.ejb.AuctionBeanUnitTest" time="0.0"></testcase>
  <testcase name="testFindAuctionsByBidder_PersistenceException" classname="com.orpheus.auction.persistence.ejb.AuctionBeanUnitTest" time="0.016"></testcase>
  <testcase name="testFindAuctionsByBidder_Accuracy" classname="com.orpheus.auction.persistence.ejb.AuctionBeanUnitTest" time="0.016"></testcase>
  <testcase name="testDeleteAuction_NotExistAuctionId" classname="com.orpheus.auction.persistence.impl.SQLServerAuctionDAOUnitTest" time="0.093"></testcase>
  <testcase name="testDeleteAuction_Accuracy" classname="com.orpheus.auction.persistence.impl.SQLServerAuctionDAOUnitTest" time="0.157"></testcase>
  <testcase name="testCreateAuction_NullAuction" classname="com.orpheus.auction.persistence.impl.SQLServerAuctionDAOUnitTest" time="0.047"></testcase>
  <testcase name="testCreateAuction_NullID" classname="com.orpheus.auction.persistence.impl.SQLServerAuctionDAOUnitTest" time="0.031"></testcase>
  <testcase name="testCreateAuction_InvalidAuctionId" classname="com.orpheus.auction.persistence.impl.SQLServerAuctionDAOUnitTest" time="0.094"></testcase>
  <testcase name="testCreateAuction_ExistAuction" classname="com.orpheus.auction.persistence.impl.SQLServerAuctionDAOUnitTest" time="0.046"></testcase>
  <testcase name="testCreateAuction_Accuracy" classname="com.orpheus.auction.persistence.impl.SQLServerAuctionDAOUnitTest" time="0.063"></testcase>
  <testcase name="testGetAuction_NotExistAuction" classname="com.orpheus.auction.persistence.impl.SQLServerAuctionDAOUnitTest" time="0.047"></testcase>
  <testcase name="testGetAuction_Accuracy" classname="com.orpheus.auction.persistence.impl.SQLServerAuctionDAOUnitTest" time="0.094"></testcase>
  <testcase name="testUpdateAuction_NullAuction" classname="com.orpheus.auction.persistence.impl.SQLServerAuctionDAOUnitTest" time="0.046"></testcase>
  <testcase name="testUpdateAuction_NullID" classname="com.orpheus.auction.persistence.impl.SQLServerAuctionDAOUnitTest" time="0.047"></testcase>
  <testcase name="testUpdateAuction_NotExistAuction" classname="com.orpheus.auction.persistence.impl.SQLServerAuctionDAOUnitTest" time="0.11"></testcase>
  <testcase name="testUpdateBids_NullBids" classname="com.orpheus.auction.persistence.impl.SQLServerAuctionDAOUnitTest" time="0.047"></testcase>
  <testcase name="testUpdateBids_ContainNullBid" classname="com.orpheus.auction.persistence.impl.SQLServerAuctionDAOUnitTest" time="0.031"></testcase>
  <testcase name="testUpdateBids_NotExistAuction" classname="com.orpheus.auction.persistence.impl.SQLServerAuctionDAOUnitTest" time="0.047"></testcase>
  <testcase name="testFindAuctionsByDate_Accuracy1" classname="com.orpheus.auction.persistence.impl.SQLServerAuctionDAOUnitTest" time="0.14"></testcase>
  <testcase name="testFindAuctionsByDate_Accuracy2" classname="com.orpheus.auction.persistence.impl.SQLServerAuctionDAOUnitTest" time="0.141"></testcase>
  <testcase name="testFindAuctionsByDate_Accuracy3" classname="com.orpheus.auction.persistence.impl.SQLServerAuctionDAOUnitTest" time="0.172"></testcase>
  <testcase name="testFindAuctionsByDate_Accuracy4" classname="com.orpheus.auction.persistence.impl.SQLServerAuctionDAOUnitTest" time="0.156"></testcase>
  <testcase name="testFindAuctionsByBidder_Accuracy1" classname="com.orpheus.auction.persistence.impl.SQLServerAuctionDAOUnitTest" time="0.141"></testcase>
  <testcase name="testFindAuctionsByBidder_Accuracy2" classname="com.orpheus.auction.persistence.impl.SQLServerAuctionDAOUnitTest" time="0.156"></testcase>
  <testcase name="testSQLServerAuctionDAO_NullNamespace" classname="com.orpheus.auction.persistence.impl.SQLServerAuctionDAOUnitTest" time="0.031"></testcase>
  <testcase name="testSQLServerAuctionDAO_EmptyNamespace" classname="com.orpheus.auction.persistence.impl.SQLServerAuctionDAOUnitTest" time="0.047"></testcase>
  <testcase name="testSQLServerAuctionDAO_Accuracy" classname="com.orpheus.auction.persistence.impl.SQLServerAuctionDAOUnitTest" time="0.031"></testcase>
  <testcase name="testCreateAuction_NegativeMinimumBid" classname="com.orpheus.auction.persistence.impl.SQLServerAuctionDAOUnitTest" time="0.047"></testcase>
  <testcase name="testCreateAuction_NegativeItemCount" classname="com.orpheus.auction.persistence.impl.SQLServerAuctionDAOUnitTest" time="0.031"></testcase>
  <testcase name="testCreateAuction_NullBids" classname="com.orpheus.auction.persistence.impl.SQLServerAuctionDAOUnitTest" time="0.047"></testcase>
  <testcase name="testCreateAuction_NullBidElements" classname="com.orpheus.auction.persistence.impl.SQLServerAuctionDAOUnitTest" time="0.032"></testcase>
  <testcase name="testCreateAuction_NegativeImageId" classname="com.orpheus.auction.persistence.impl.SQLServerAuctionDAOUnitTest" time="0.093"></testcase>
  <testcase name="testCreateAuction_NegativeMaxAmount" classname="com.orpheus.auction.persistence.impl.SQLServerAuctionDAOUnitTest" time="0.047"></testcase>
  <testcase name="testCreateAuction_NegativEffectiveAmount" classname="com.orpheus.auction.persistence.impl.SQLServerAuctionDAOUnitTest" time="0.031"></testcase>
  <testcase name="testCreateAuction_InvalidBidderid" classname="com.orpheus.auction.persistence.impl.SQLServerAuctionDAOUnitTest" time="0.047"></testcase>
  <testcase name="testUpdateAuction_NegativeMinimumBid" classname="com.orpheus.auction.persistence.impl.SQLServerAuctionDAOUnitTest" time="0.047"></testcase>
  <testcase name="testUpdateAuction_NegativeItemCount" classname="com.orpheus.auction.persistence.impl.SQLServerAuctionDAOUnitTest" time="0.031"></testcase>
  <testcase name="testUpdateAuction_NullBids" classname="com.orpheus.auction.persistence.impl.SQLServerAuctionDAOUnitTest" time="0.047"></testcase>
  <testcase name="testUpdateAuction_NullBidElements" classname="com.orpheus.auction.persistence.impl.SQLServerAuctionDAOUnitTest" time="0.047"></testcase>
  <testcase name="testUpdateAuction_NegativeImageId" classname="com.orpheus.auction.persistence.impl.SQLServerAuctionDAOUnitTest" time="0.031"></testcase>
  <testcase name="testUpdateAuction_NegativeMaxAmount" classname="com.orpheus.auction.persistence.impl.SQLServerAuctionDAOUnitTest" time="0.032"></testcase>
  <testcase name="testUpdateAuction_NegativEffectiveAmount" classname="com.orpheus.auction.persistence.impl.SQLServerAuctionDAOUnitTest" time="0.047"></testcase>
  <testcase name="testUpdateAuction_InvalidBidderid" classname="com.orpheus.auction.persistence.impl.SQLServerAuctionDAOUnitTest" time="0.078"></testcase>
  <testcase name="testUpdateAuction_Accuracy1" classname="com.orpheus.auction.persistence.impl.SQLServerAuctionDAOUnitTest" time="0.156"></testcase>
  <testcase name="testUpdateAuction_Accuracy2" classname="com.orpheus.auction.persistence.impl.SQLServerAuctionDAOUnitTest" time="0.125"></testcase>
  <testcase name="testUpdateBids_NegativeImageId" classname="com.orpheus.auction.persistence.impl.SQLServerAuctionDAOUnitTest" time="0.031"></testcase>
  <testcase name="testUpdateBids_NegativeMaxAmount" classname="com.orpheus.auction.persistence.impl.SQLServerAuctionDAOUnitTest" time="0.031"></testcase>
  <testcase name="testUpdateBids_NegativEffectiveAmount" classname="com.orpheus.auction.persistence.impl.SQLServerAuctionDAOUnitTest" time="0.047"></testcase>
  <testcase name="testUpdateBids_InvalidBidderid" classname="com.orpheus.auction.persistence.impl.SQLServerAuctionDAOUnitTest" time="0.047"></testcase>
  <testcase name="testUpdateBids_Accuracy1" classname="com.orpheus.auction.persistence.impl.SQLServerAuctionDAOUnitTest" time="0.11"></testcase>
  <testcase name="testUpdateBids_Accuracy2" classname="com.orpheus.auction.persistence.impl.SQLServerAuctionDAOUnitTest" time="0.093"></testcase>
  <testcase name="testDefaultAuctionTranslator_Accuracy" classname="com.orpheus.auction.persistence.impl.DefaultAuctionTranslatorUnitTest" time="0.0"></testcase>
  <testcase name="testAssembleAuction_NullBid" classname="com.orpheus.auction.persistence.impl.DefaultAuctionTranslatorUnitTest" time="0.0"></testcase>
  <testcase name="testAssembleAuction_Accuracy" classname="com.orpheus.auction.persistence.impl.DefaultAuctionTranslatorUnitTest" time="0.0"></testcase>
  <testcase name="testAssembleAuctionDTO_NullBid" classname="com.orpheus.auction.persistence.impl.DefaultAuctionTranslatorUnitTest" time="0.0"></testcase>
  <testcase name="testAssembleAuctionDTO_ContainNoCustomBidBid" classname="com.orpheus.auction.persistence.impl.DefaultAuctionTranslatorUnitTest" time="0.032"></testcase>
  <testcase name="testAssembleAuctionDTO_Accuracy" classname="com.orpheus.auction.persistence.impl.DefaultAuctionTranslatorUnitTest" time="0.0"></testcase>
  <testcase name="testAssembleBid_NullBidDTO" classname="com.orpheus.auction.persistence.impl.DefaultAuctionTranslatorUnitTest" time="0.0"></testcase>
  <testcase name="testAssembleBid_Accuracy" classname="com.orpheus.auction.persistence.impl.DefaultAuctionTranslatorUnitTest" time="0.0"></testcase>
  <testcase name="testAssembleBidDTO_NullBid" classname="com.orpheus.auction.persistence.impl.DefaultAuctionTranslatorUnitTest" time="0.0"></testcase>
  <testcase name="testAssembleBidDTO_Accuracy" classname="com.orpheus.auction.persistence.impl.DefaultAuctionTranslatorUnitTest" time="0.0"></testcase>
  <testcase name="testTypicalAuctionClient_Usage" classname="com.orpheus.auction.persistence.DemoTest" time="0.25"></testcase>
  <testcase name="testCreateAuction" classname="com.orpheus.auction.persistence.stresstests.SQLServerAuctionDAOTest" time="2.734"></testcase>
  <testcase name="testUpdateAuction" classname="com.orpheus.auction.persistence.stresstests.SQLServerAuctionDAOTest" time="1.641"></testcase>
  <testcase name="testUpdateBids" classname="com.orpheus.auction.persistence.stresstests.SQLServerAuctionDAOTest" time="6.078"></testcase>
  <testcase name="testDeleteAuction" classname="com.orpheus.auction.persistence.stresstests.SQLServerAuctionDAOTest" time="3.734"></testcase>
  <testcase name="testFindAuctionsByDate" classname="com.orpheus.auction.persistence.stresstests.SQLServerAuctionDAOTest" time="0.906"></testcase>
  <testcase name="testFindAuctionsByBidder" classname="com.orpheus.auction.persistence.stresstests.SQLServerAuctionDAOTest" time="1.11"></testcase>
  <testcase name="testGetAuction" classname="com.orpheus.auction.persistence.stresstests.SQLServerAuctionDAOTest" time="0.109"></testcase>
  <system-out><![CDATA[Running createAuction for 100 times takes 2344ms.
Running updateAuction for 100 times takes 1485ms.
Running updateBids for 100 times takes 5937ms.
Running deleteAuction for 100 times takes 1672ms.
Running findAuctionsByDate for 100 times takes 797ms.
Running findAuctionsByBidder for 100 times takes 921ms.
Running getAuction for 100 times takes 0ms.
]]></system-out>
  <system-err><![CDATA[]]></system-err>
</testsuite>
