<?xml version="1.0" encoding="UTF-8" ?>
<testsuite name="com.orpheus.auction.persistence.AllTests" tests="415" failures="0" errors="218" time="8.172">
  <properties>
    <property name="object_factory.path" value="object_factory/2.0.1"></property>
    <property name="file.encoding.pkg" value="sun.io"></property>
    <property name="compression_utility.jar.name" value="compression_utility.jar"></property>
    <property name="dist_testfiles" value="build/dist/auction_persistence-1.0/test_files"></property>
    <property name="java.home" value="C:\Program Files\Java\j2sdk1.4.2_13\jre"></property>
    <property name="cactus.home.tomcat5x" value="C:/Program Files/Apache Software Foundation/Tomcat 5.0"></property>
    <property name="dist_javadocs" value="build/dist/auction_persistence-1.0/docs/javadocs"></property>
    <property name="debug" value="off"></property>
    <property name="build_distdir" value="build/dist"></property>
    <property name="distfilename" value="auction_persistence"></property>
    <property name="component.dist.jar" value="build/dist/auction_persistence-1.0.jar"></property>
    <property name="java.endorsed.dirs" value="C:\Program Files\Java\j2sdk1.4.2_13\jre\lib\endorsed"></property>
    <property name="object_factory.jar" value="../tcs/lib/tcs/object_factory/2.0.1/object_factory.jar"></property>
    <property name="sun.os.patch.level" value="Service Pack 2"></property>
    <property name="design_dist.jar" value="Auction_Persistence_1.0_design_dist.jar"></property>
    <property name="javadocsdir" value="docs/javadocs"></property>
    <property name="java.vendor.url" value="http://java.sun.com/"></property>
    <property name="java.version" value="1.4.2_13"></property>
    <property name="j2ee.jar" value="../tcs/lib/third_party/j2ee.jar"></property>
    <property name="mockejb.jar" value="../tcs/lib/third_party/mockejb/0.6-beta2/mockejb.jar"></property>
    <property name="java.vendor.url.bug" value="http://java.sun.com/cgi-bin/bugreport.cgi"></property>
    <property name="dist_src" value="build/dist/auction_persistence-1.0/src"></property>
    <property name="mockrunner-ejb.jar" value="../tcs/lib/third_party/mockrunner/0.3.7/lib/mockrunner-ejb.jar"></property>
    <property name="client" value="cronos"></property>
    <property name="user.name" value="jbollinger"></property>
    <property name="packagedir" value="com/orpheus/auction/persistence"></property>
    <property name="sun.io.unicode.encoding" value="UnicodeLittle"></property>
    <property name="component_version" value="1.0"></property>
    <property name="java.runtime.name" value="Java(TM) 2 Runtime Environment, Standard Edition"></property>
    <property name="reports" value="reports"></property>
    <property name="build_webdir" value="build/web"></property>
    <property name="component.jar" value="build/dist/lib/tcs/auction_persistence/1.0/auction_persistence.jar"></property>
    <property name="java.specification.name" value="Java Platform API Specification"></property>
    <property name="javamain" value="src/java/main"></property>
    <property name="build_lib" value="build/lib"></property>
    <property name="user.timezone" value=""></property>
    <property name="path.separator" value=";"></property>
    <property name="srcdir" value="src"></property>
    <property name="file.encoding" value="Cp1252"></property>
    <property name="ant.file" value="C:\Data\components\Auction Persistence\build.xml"></property>
    <property name="simple_cache.jar.name" value="simple_cache.jar"></property>
    <property name="javasrc" value="src/java"></property>
    <property name="simple_cache.path" value="simple_cache/2.0"></property>
    <property name="component.tests.jar" value="build/dist/lib/tcs/auction_persistence_tests.jar"></property>
    <property name="java.io.tmpdir" value="C:\DOCUME~1\JBOLLI~1\LOCALS~1\Temp\"></property>
    <property name="user.language" value="en"></property>
    <property name="base_exception.path" value="base_exception/1.0"></property>
    <property name="line.separator" value="
"></property>
    <property name="verbose" value="no"></property>
    <property name="memory_usage.version" value="1.0"></property>
    <property name="jar_ext_libdir" value="lib"></property>
    <property name="auction_framework.jar.name" value="auction_framework.jar"></property>
    <property name="memory_usage.jar.name" value="memory_usage.jar"></property>
    <property name="xerces.jar" value="../tcs/lib/third_party/xerces/1.4.4/xerces.jar"></property>
    <property name="java.vm.info" value="mixed mode"></property>
    <property name="component_path" value="auction_persistence/1.0"></property>
    <property name="java.util.prefs.PreferencesFactory" value="java.util.prefs.WindowsPreferencesFactory"></property>
    <property name="java.vm.specification.name" value="Java Virtual Machine Specification"></property>
    <property name="junitejb.jar" value="../tcs/lib/third_party/junitejb/1.0-beta2/junitejb.jar"></property>
    <property name="builddir" value="build"></property>
    <property name="auction_framework.jar" value="../tcs/lib/tcs/auction_framework/1.0/auction_framework.jar"></property>
    <property name="memory_usage.path" value="memory_usage/1.0"></property>
    <property name="dist_conf" value="build/dist/auction_persistence-1.0/conf"></property>
    <property name="ant.file.Auction Persistence" value="C:\Data\components\Auction Persistence\build.xml"></property>
    <property name="object_factory.version" value="2.0.1"></property>
    <property name="java.awt.printerjob" value="sun.awt.windows.WPrinterJob"></property>
    <property name="configmanager.path" value="configuration_manager/2.1.5"></property>
    <property name="dist_lib" value="build/dist/lib/tcs"></property>
    <property name="base_exception.version" value="1.0"></property>
    <property name="junit.jar" value="../tcs/lib/third_party/junit/3.8.2/junit.jar"></property>
    <property name="configdir" value="conf"></property>
    <property name="build_tcsdistdir" value="build/dist/auction_persistence-1.0"></property>
    <property name="ant.version" value="Apache Ant version 1.6.5 compiled on June 2 2005"></property>
    <property name="dist_docs" value="build/dist/auction_persistence-1.0/docs"></property>
    <property name="testlogdir" value="log"></property>
    <property name="custom_libdir" value="../tcs/lib/cronos/components"></property>
    <property name="os.name" value="Windows XP"></property>
    <property name="java.specification.vendor" value="Sun Microsystems Inc."></property>
    <property name="java.vm.name" value="Java HotSpot(TM) Client VM"></property>
    <property name="configmanager.jar" value="../tcs/lib/tcs/configuration_manager/2.1.5/configuration_manager.jar"></property>
    <property name="java.library.path" value="C:\Program Files\Java\j2sdk1.4.2_13\jre\bin;.;C:\WINDOWS\system32;C:\WINDOWS;C:\Program Files\Microsoft Platform SDK\Bin;C:\Program Files\Microsoft Platform SDK\Bin\WinNT;c:\Program Files\Java\j2sdk1.4.2_13\bin;c:\Program Files\Java\j2sdk1.4.2_13\bin;C:\WINDOWS\system32;C:\WINDOWS;C:\WINDOWS\System32\Wbem;C:\Program Files\Wave Systems Corp\Dell Preboot Manager\Access Client\v5\;C:\Program Files\Microsoft SQL Server\80\Tools\Binn\;c:\Program Files\Vim\vim70;C:\Program Files\Java\sun-sdk_1.5.0_9ee\jdk\bin;c:\Program Files\Java\apache-ant-1.6.5\bin;\Program Files\dotNet\nant-0.85;C:\Program Files\MySQL\MySQL Server 5.0\bin;c:\Program Files\PuTTY;c:\Program Files\Local;c:\Program Files\Microsoft Visual Studio .NET 2003\Vc7\bin;c:\Program Files\Microsoft Visual Studio .NET 2003\Common7\IDE;c:\bin;c:\usr\local\wbin"></property>
    <property name="docpackage.jar" value="auction_persistence_docs.jar"></property>
    <property name="compression_utility.path" value="compression_utility/2.0.1"></property>
    <property name="ant.java.version" value="1.4"></property>
    <property name="basedir" value="C:\Data\components\Auction Persistence"></property>
    <property name="java.class.version" value="48.0"></property>
    <property name="compression_utility.version" value="2.0.1"></property>
    <property name="base_exception.jar.name" value="base_exception.jar"></property>
    <property name="ant.home" value="c:\Program Files\Java\apache-ant-1.6.5"></property>
    <property name="component.war" value="${dist_examples}/auction_persistence.war"></property>
    <property name="configmanager.jar.name" value="configuration_manager.jar"></property>
    <property name="sun.boot.library.path" value="C:\Program Files\Java\j2sdk1.4.2_13\jre\bin"></property>
    <property name="ext_libdir" value="../tcs/lib/third_party"></property>
    <property name="cactus.port" value="8080"></property>
    <property name="java.awt.graphicsenv" value="sun.awt.Win32GraphicsEnvironment"></property>
    <property name="user.variant" value=""></property>
    <property name="auction_framework.version" value="1.0"></property>
    <property name="jar_tcs_libdir" value="lib/tcs"></property>
    <property name="build_targetclassdir" value="build/targetclasses"></property>
    <property name="docsdir" value="docs"></property>
    <property name="dev_dist.jar" value="Auction_Persistence_1.0_dev_dist.jar"></property>
    <property name="ant.project.name" value="Auction Persistence"></property>
    <property name="java.vm.specification.version" value="1.0"></property>
    <property name="db_connection_factory.version" value="1.0"></property>
    <property name="db_connection_factory.jar.name" value="db_connection_factory.jar"></property>
    <property name="awt.toolkit" value="sun.awt.windows.WToolkit"></property>
    <property name="webdir" value="web"></property>
    <property name="sun.cpu.isalist" value="pentium i486 i386"></property>
    <property name="build_javadocsdir" value="build/docs/javadocs"></property>
    <property name="memory_usage.jar" value="../tcs/lib/tcs/memory_usage/1.0/memory_usage.jar"></property>
    <property name="java.ext.dirs" value="C:\Program Files\Java\j2sdk1.4.2_13\jre\lib\ext"></property>
    <property name="os.version" value="5.1"></property>
    <property name="user.home" value="C:\Documents and Settings\jbollinger"></property>
    <property name="javadoc.jar" value="javadocs.jar"></property>
    <property name="build_classdir" value="build/classes"></property>
    <property name="object_factory.jar.name" value="object_factory.jar"></property>
    <property name="java.vm.vendor" value="Sun Microsystems Inc."></property>
    <property name="auction_framework.path" value="auction_framework/1.0"></property>
    <property name="build_testclassdir" value="build/testClasses"></property>
    <property name="package" value="com.orpheus.auction.persistence"></property>
    <property name="base_exception.jar" value="../tcs/lib/tcs/base_exception/1.0/base_exception.jar"></property>
    <property name="user.dir" value="C:\Data\components\Auction Persistence"></property>
    <property name="configmanager.version" value="2.1.5"></property>
    <property name="simple_cache.version" value="2.0"></property>
    <property name="compression_utility.jar" value="../tcs/lib/tcs/compression_utility/2.0.1/compression_utility.jar"></property>
    <property name="sun.cpu.endian" value="little"></property>
    <property name="dist_docpackage" value="build/doc_package"></property>
    <property name="java.vm.version" value="1.4.2_13-b06"></property>
    <property name="java.class.path" value="C:\Data\components\Auction Persistence\build\testClasses;C:\Data\components\Auction Persistence\build\classes;C:\Data\components\tcs\lib\tcs\configuration_manager\2.1.5\configuration_manager.jar;C:\Data\components\tcs\lib\tcs\auction_framework\1.0\auction_framework.jar;C:\Data\components\tcs\lib\tcs\object_factory\2.0.1\object_factory.jar;C:\Data\components\tcs\lib\tcs\simple_cache\2.0\simple_cache.jar;C:\Data\components\tcs\lib\tcs\db_connection_factory\1.0\db_connection_factory.jar;C:\Data\components\tcs\lib\tcs\base_exception\1.0\base_exception.jar;C:\Data\components\tcs\lib\tcs\compression_utility\2.0.1\compression_utility.jar;C:\Data\components\tcs\lib\tcs\memory_usage\1.0\memory_usage.jar;C:\Data\components\tcs\lib\third_party\j2ee.jar;C:\Data\components\tcs\lib\third_party\junit\3.8.2\junit.jar;C:\Data\components\tcs\lib\third_party\mockrunner\0.3.7\lib\mockrunner-ejb.jar;C:\Data\components\tcs\lib\third_party\junitejb\1.0-beta2\junitejb.jar;C:\Data\components\tcs\lib\third_party\mockejb\0.6-beta2\mockejb.jar;C:\Data\components\Auction Persistence\conf;C:\Data\components\Auction Persistence\test_files;C:\Program Files\Java\apache-ant-1.6.5\lib\junit-3.8.2.jar;C:\Program Files\Java\apache-ant-1.6.5\lib\ant-launcher.jar;C:\Program Files\Java\apache-ant-1.6.5\lib\ant.jar;C:\Program Files\Java\apache-ant-1.6.5\lib\ant-junit.jar"></property>
    <property name="dev_submission.jar" value="Auction_Persistence_1.0_dev_submission.jar"></property>
    <property name="ant.library.dir" value="C:\Program Files\Java\apache-ant-1.6.5\lib"></property>
    <property name="os.arch" value="x86"></property>
    <property name="db_connection_factory.path" value="db_connection_factory/1.0"></property>
    <property name="lib_base" value="../tcs"></property>
    <property name="java.vm.specification.vendor" value="Sun Microsystems Inc."></property>
    <property name="file.separator" value="\"></property>
    <property name="java.runtime.version" value="1.4.2_13-b06"></property>
    <property name="build_docsdir" value="build/docs"></property>
    <property name="sun.boot.class.path" value="C:\Program Files\Java\j2sdk1.4.2_13\jre\lib\rt.jar;C:\Program Files\Java\j2sdk1.4.2_13\jre\lib\i18n.jar;C:\Program Files\Java\j2sdk1.4.2_13\jre\lib\sunrsasign.jar;C:\Program Files\Java\j2sdk1.4.2_13\jre\lib\jsse.jar;C:\Program Files\Java\j2sdk1.4.2_13\jre\lib\jce.jar;C:\Program Files\Java\j2sdk1.4.2_13\jre\lib\charsets.jar;C:\Program Files\Java\j2sdk1.4.2_13\jre\classes"></property>
    <property name="design_submission.jar" value="Auction_Persistence_1.0_design_submission.jar"></property>
    <property name="sun.java2d.fontpath" value=""></property>
    <property name="user.country" value="US"></property>
    <property name="tcs_libdir" value="../tcs/lib/tcs"></property>
    <property name="component" value="Auction_Persistence"></property>
    <property name="simple_cache.jar" value="../tcs/lib/tcs/simple_cache/2.0/simple_cache.jar"></property>
    <property name="java_1_3_bootclasspath" value="C:/Program Files/Java/jdk1.3.1_19/jre/lib/rt.jar"></property>
    <property name="java.vendor" value="Sun Microsystems Inc."></property>
    <property name="db_connection_factory.jar" value="../tcs/lib/tcs/db_connection_factory/1.0/db_connection_factory.jar"></property>
    <property name="java.specification.version" value="1.4"></property>
    <property name="testfiles" value="test_files"></property>
    <property name="sun.arch.data.model" value="32"></property>
    <property name="javatests" value="src/java/tests"></property>
  </properties>
  <testcase name="testGetAuctionDAOFailure1" classname="com.orpheus.auction.persistence.failuretests.AuctionDAOFactoryFailureTest" time="0.031"></testcase>
  <testcase name="testGetAuctionDAOFailure2" classname="com.orpheus.auction.persistence.failuretests.AuctionDAOFactoryFailureTest" time="0.015"></testcase>
  <testcase name="testGetAuctionDAOFailure3" classname="com.orpheus.auction.persistence.failuretests.AuctionDAOFactoryFailureTest" time="0.016"></testcase>
  <testcase name="testGetAuctionDAOFailure4" classname="com.orpheus.auction.persistence.failuretests.AuctionDAOFactoryFailureTest" time="0.016"></testcase>
  <testcase name="testGetAuctionDAOFailure5" classname="com.orpheus.auction.persistence.failuretests.AuctionDAOFactoryFailureTest" time="0.0"></testcase>
  <testcase name="testGetAuctionDAOFailure6" classname="com.orpheus.auction.persistence.failuretests.AuctionDAOFactoryFailureTest" time="0.015"></testcase>
  <testcase name="testGetAuctionDAOFailure7" classname="com.orpheus.auction.persistence.failuretests.AuctionDAOFactoryFailureTest" time="0.016"></testcase>
  <testcase name="testGetAuctionDAOFailure8" classname="com.orpheus.auction.persistence.failuretests.AuctionDAOFactoryFailureTest" time="0.016"></testcase>
  <testcase name="testGetAuctionDAOFailure9" classname="com.orpheus.auction.persistence.failuretests.AuctionDAOFactoryFailureTest" time="0.015"></testcase>
  <testcase name="testGetAuctionDAOFailure10" classname="com.orpheus.auction.persistence.failuretests.AuctionDAOFactoryFailureTest" time="0.031"></testcase>
  <testcase name="testGetAuctionDAOFailure11" classname="com.orpheus.auction.persistence.failuretests.AuctionDAOFactoryFailureTest" time="0.016"></testcase>
  <testcase name="testGetAuctionDAOFailure12" classname="com.orpheus.auction.persistence.failuretests.AuctionDAOFactoryFailureTest" time="0.047"></testcase>
  <testcase name="testCustomAuctionPersistence_NullParam" classname="com.orpheus.auction.persistence.failuretests.CustomAuctionPersistenceFailureTest" time="0.172">
    <error message="parameter namespace is null" type="java.lang.NullPointerException">java.lang.NullPointerException: parameter namespace is null
	at com.topcoder.util.config.DefaultConfigManager.getPropertyObject(DefaultConfigManager.java:423)
	at com.topcoder.util.config.DefaultConfigManager.getString(DefaultConfigManager.java:449)
	at com.orpheus.auction.persistence.AuctionPersistenceHelper.getStringPropertyValue(AuctionPersistenceHelper.java:245)
	at com.orpheus.auction.persistence.CustomAuctionPersistence.&lt;init&gt;(CustomAuctionPersistence.java:98)
	at com.orpheus.auction.persistence.failuretests.DummyCustomAuctionPersistence.&lt;init&gt;(DummyCustomAuctionPersistence.java:39)
	at com.orpheus.auction.persistence.failuretests.CustomAuctionPersistenceFailureTest.testCustomAuctionPersistence_NullParam(CustomAuctionPersistenceFailureTest.java:74)
</error>
  </testcase>
  <testcase name="testCustomAuctionPersistence_TrimmedEmptyParam" classname="com.orpheus.auction.persistence.failuretests.CustomAuctionPersistenceFailureTest" time="0.078">
    <error message="The namespace with the name of    doesn&apos;t exist., caused by    is unknown" type="com.orpheus.auction.persistence.ObjectInstantiationException">com.orpheus.auction.persistence.ObjectInstantiationException: The namespace with the name of    doesn&apos;t exist., caused by    is unknown
	at com.orpheus.auction.persistence.AuctionPersistenceHelper.getStringPropertyValue(AuctionPersistenceHelper.java:263)
	at com.orpheus.auction.persistence.CustomAuctionPersistence.&lt;init&gt;(CustomAuctionPersistence.java:98)
	at com.orpheus.auction.persistence.failuretests.DummyCustomAuctionPersistence.&lt;init&gt;(DummyCustomAuctionPersistence.java:39)
	at com.orpheus.auction.persistence.failuretests.CustomAuctionPersistenceFailureTest.testCustomAuctionPersistence_TrimmedEmptyParam(CustomAuctionPersistenceFailureTest.java:92)
Caused by: com.topcoder.util.config.UnknownNamespaceException:    is unknown
	at com.topcoder.util.config.DefaultConfigManager.getPropertyObject(DefaultConfigManager.java:429)
	at com.topcoder.util.config.DefaultConfigManager.getString(DefaultConfigManager.java:449)
	at com.orpheus.auction.persistence.AuctionPersistenceHelper.getStringPropertyValue(AuctionPersistenceHelper.java:245)
	... 22 more
Caused by:com.topcoder.util.config.UnknownNamespaceException:    is unknown
	at com.topcoder.util.config.DefaultConfigManager.getPropertyObject(DefaultConfigManager.java:429)
	at com.topcoder.util.config.DefaultConfigManager.getString(DefaultConfigManager.java:449)
	at com.orpheus.auction.persistence.AuctionPersistenceHelper.getStringPropertyValue(AuctionPersistenceHelper.java:245)
	at com.orpheus.auction.persistence.CustomAuctionPersistence.&lt;init&gt;(CustomAuctionPersistence.java:98)
	at com.orpheus.auction.persistence.failuretests.DummyCustomAuctionPersistence.&lt;init&gt;(DummyCustomAuctionPersistence.java:39)
	at com.orpheus.auction.persistence.failuretests.CustomAuctionPersistenceFailureTest.testCustomAuctionPersistence_TrimmedEmptyParam(CustomAuctionPersistenceFailureTest.java:92)
</error>
  </testcase>
  <testcase name="testCustomAuctionPersistence_EmptyParam" classname="com.orpheus.auction.persistence.failuretests.CustomAuctionPersistenceFailureTest" time="0.094">
    <error message="The namespace with the name of  doesn&apos;t exist., caused by  is unknown" type="com.orpheus.auction.persistence.ObjectInstantiationException">com.orpheus.auction.persistence.ObjectInstantiationException: The namespace with the name of  doesn&apos;t exist., caused by  is unknown
	at com.orpheus.auction.persistence.AuctionPersistenceHelper.getStringPropertyValue(AuctionPersistenceHelper.java:263)
	at com.orpheus.auction.persistence.CustomAuctionPersistence.&lt;init&gt;(CustomAuctionPersistence.java:98)
	at com.orpheus.auction.persistence.failuretests.DummyCustomAuctionPersistence.&lt;init&gt;(DummyCustomAuctionPersistence.java:39)
	at com.orpheus.auction.persistence.failuretests.CustomAuctionPersistenceFailureTest.testCustomAuctionPersistence_EmptyParam(CustomAuctionPersistenceFailureTest.java:110)
Caused by: com.topcoder.util.config.UnknownNamespaceException:  is unknown
	at com.topcoder.util.config.DefaultConfigManager.getPropertyObject(DefaultConfigManager.java:429)
	at com.topcoder.util.config.DefaultConfigManager.getString(DefaultConfigManager.java:449)
	at com.orpheus.auction.persistence.AuctionPersistenceHelper.getStringPropertyValue(AuctionPersistenceHelper.java:245)
	... 22 more
Caused by:com.topcoder.util.config.UnknownNamespaceException:  is unknown
	at com.topcoder.util.config.DefaultConfigManager.getPropertyObject(DefaultConfigManager.java:429)
	at com.topcoder.util.config.DefaultConfigManager.getString(DefaultConfigManager.java:449)
	at com.orpheus.auction.persistence.AuctionPersistenceHelper.getStringPropertyValue(AuctionPersistenceHelper.java:245)
	at com.orpheus.auction.persistence.CustomAuctionPersistence.&lt;init&gt;(CustomAuctionPersistence.java:98)
	at com.orpheus.auction.persistence.failuretests.DummyCustomAuctionPersistence.&lt;init&gt;(DummyCustomAuctionPersistence.java:39)
	at com.orpheus.auction.persistence.failuretests.CustomAuctionPersistenceFailureTest.testCustomAuctionPersistence_EmptyParam(CustomAuctionPersistenceFailureTest.java:110)
</error>
  </testcase>
  <testcase name="testCustomAuctionPersistence1" classname="com.orpheus.auction.persistence.failuretests.CustomAuctionPersistenceFailureTest" time="0.078"></testcase>
  <testcase name="testCustomAuctionPersistence2" classname="com.orpheus.auction.persistence.failuretests.CustomAuctionPersistenceFailureTest" time="0.078"></testcase>
  <testcase name="testCustomAuctionPersistence3" classname="com.orpheus.auction.persistence.failuretests.CustomAuctionPersistenceFailureTest" time="0.078"></testcase>
  <testcase name="testCustomAuctionPersistence4" classname="com.orpheus.auction.persistence.failuretests.CustomAuctionPersistenceFailureTest" time="0.063"></testcase>
  <testcase name="testCustomAuctionPersistence5" classname="com.orpheus.auction.persistence.failuretests.CustomAuctionPersistenceFailureTest" time="0.078"></testcase>
  <testcase name="testCustomAuctionPersistence6" classname="com.orpheus.auction.persistence.failuretests.CustomAuctionPersistenceFailureTest" time="0.047"></testcase>
  <testcase name="testCustomAuctionPersistence7" classname="com.orpheus.auction.persistence.failuretests.CustomAuctionPersistenceFailureTest" time="0.078"></testcase>
  <testcase name="testCustomAuctionPersistence8" classname="com.orpheus.auction.persistence.failuretests.CustomAuctionPersistenceFailureTest" time="0.062"></testcase>
  <testcase name="testCustomAuctionPersistence9" classname="com.orpheus.auction.persistence.failuretests.CustomAuctionPersistenceFailureTest" time="0.078"></testcase>
  <testcase name="testCustomAuctionPersistence10" classname="com.orpheus.auction.persistence.failuretests.CustomAuctionPersistenceFailureTest" time="0.063"></testcase>
  <testcase name="testCustomAuctionPersistence11" classname="com.orpheus.auction.persistence.failuretests.CustomAuctionPersistenceFailureTest" time="0.062"></testcase>
  <testcase name="testCustomAuctionPersistence12" classname="com.orpheus.auction.persistence.failuretests.CustomAuctionPersistenceFailureTest" time="0.063"></testcase>
  <testcase name="testCustomAuctionPersistence13" classname="com.orpheus.auction.persistence.failuretests.CustomAuctionPersistenceFailureTest" time="0.078"></testcase>
  <testcase name="testCustomAuctionPersistence14" classname="com.orpheus.auction.persistence.failuretests.CustomAuctionPersistenceFailureTest" time="0.062"></testcase>
  <testcase name="testCustomAuctionPersistence15" classname="com.orpheus.auction.persistence.failuretests.CustomAuctionPersistenceFailureTest" time="0.079"></testcase>
  <testcase name="testCustomAuctionPersistence16" classname="com.orpheus.auction.persistence.failuretests.CustomAuctionPersistenceFailureTest" time="0.062"></testcase>
  <testcase name="testCustomAuctionPersistence17" classname="com.orpheus.auction.persistence.failuretests.CustomAuctionPersistenceFailureTest" time="0.063"></testcase>
  <testcase name="testCreateAution_NullParam" classname="com.orpheus.auction.persistence.failuretests.CustomAuctionPersistenceFailureTest" time="0.062"></testcase>
  <testcase name="testCreateAution_InvalidEntry" classname="com.orpheus.auction.persistence.failuretests.CustomAuctionPersistenceFailureTest" time="0.078"></testcase>
  <testcase name="testCreateAution_DuplicatedEntry" classname="com.orpheus.auction.persistence.failuretests.CustomAuctionPersistenceFailureTest" time="0.078"></testcase>
  <testcase name="testUpdateAuction_NullParam" classname="com.orpheus.auction.persistence.failuretests.CustomAuctionPersistenceFailureTest" time="0.047"></testcase>
  <testcase name="testUpdateAuction_InvalidEntry" classname="com.orpheus.auction.persistence.failuretests.CustomAuctionPersistenceFailureTest" time="0.063"></testcase>
  <testcase name="testUpdateBids_NullParam" classname="com.orpheus.auction.persistence.failuretests.CustomAuctionPersistenceFailureTest" time="0.062"></testcase>
  <testcase name="testUpdateBids_ContainsNull" classname="com.orpheus.auction.persistence.failuretests.CustomAuctionPersistenceFailureTest" time="0.063"></testcase>
  <testcase name="testFindAuctionsByDate_IAE" classname="com.orpheus.auction.persistence.failuretests.CustomAuctionPersistenceFailureTest" time="1.062"></testcase>
  <testcase name="testCtor_IAE" classname="com.orpheus.auction.persistence.failuretests.CustomBidFailureTest" time="0.0"></testcase>
  <testcase name="testLocalCustomAuctionPersistence1" classname="com.orpheus.auction.persistence.failuretests.LocalCustomAuctionPersistenceFailureTest" time="0.063"></testcase>
  <testcase name="testLocalCustomAuctionPersistence2" classname="com.orpheus.auction.persistence.failuretests.LocalCustomAuctionPersistenceFailureTest" time="0.015"></testcase>
  <testcase name="testLocalCustomAuctionPersistence3" classname="com.orpheus.auction.persistence.failuretests.LocalCustomAuctionPersistenceFailureTest" time="0.032"></testcase>
  <testcase name="testLocalCustomAuctionPersistence4" classname="com.orpheus.auction.persistence.failuretests.LocalCustomAuctionPersistenceFailureTest" time="0.015"></testcase>
  <testcase name="testLocalCustomAuctionPersistence5" classname="com.orpheus.auction.persistence.failuretests.LocalCustomAuctionPersistenceFailureTest" time="0.063"></testcase>
  <testcase name="testRemoteCustomAuctionPersistence1" classname="com.orpheus.auction.persistence.failuretests.RemoteCustomAuctionPersistenceFailureTest" time="0.047"></testcase>
  <testcase name="testRemoteCustomAuctionPersistence2" classname="com.orpheus.auction.persistence.failuretests.RemoteCustomAuctionPersistenceFailureTest" time="0.031"></testcase>
  <testcase name="testRemoteCustomAuctionPersistence3" classname="com.orpheus.auction.persistence.failuretests.RemoteCustomAuctionPersistenceFailureTest" time="0.016"></testcase>
  <testcase name="testRemoteCustomAuctionPersistence4" classname="com.orpheus.auction.persistence.failuretests.RemoteCustomAuctionPersistenceFailureTest" time="0.046"></testcase>
  <testcase name="testRemoteCustomAuctionPersistence5" classname="com.orpheus.auction.persistence.failuretests.RemoteCustomAuctionPersistenceFailureTest" time="0.032"></testcase>
  <testcase name="testUpdateAuction_NullParam" classname="com.orpheus.auction.persistence.failuretests.AuctionBeanFailureTest" time="0.0"></testcase>
  <testcase name="testUpdateBids_NullParam" classname="com.orpheus.auction.persistence.failuretests.AuctionBeanFailureTest" time="0.0"></testcase>
  <testcase name="testUpdateBids_ContainsNull" classname="com.orpheus.auction.persistence.failuretests.AuctionBeanFailureTest" time="0.0"></testcase>
  <testcase name="testCreateAuction_NullParam" classname="com.orpheus.auction.persistence.failuretests.AuctionBeanFailureTest" time="0.0"></testcase>
  <testcase name="testAssembleAuctionFailure" classname="com.orpheus.auction.persistence.failuretests.DefaultAuctionTranslatorFailureTest" time="0.0"></testcase>
  <testcase name="testAssembleAuctionDTOFailure" classname="com.orpheus.auction.persistence.failuretests.DefaultAuctionTranslatorFailureTest" time="0.0"></testcase>
  <testcase name="testAssembleAuctionDTOFailure2" classname="com.orpheus.auction.persistence.failuretests.DefaultAuctionTranslatorFailureTest" time="0.0"></testcase>
  <testcase name="testAssembleBidFailure" classname="com.orpheus.auction.persistence.failuretests.DefaultAuctionTranslatorFailureTest" time="0.0"></testcase>
  <testcase name="testAssembleBidDTOFailure" classname="com.orpheus.auction.persistence.failuretests.DefaultAuctionTranslatorFailureTest" time="0.0"></testcase>
  <testcase name="testAssembleBidDTOFailure2" classname="com.orpheus.auction.persistence.failuretests.DefaultAuctionTranslatorFailureTest" time="0.0"></testcase>
  <testcase name="testSQLServerAuctionDAO_NullParam" classname="com.orpheus.auction.persistence.failuretests.SQLServerAuctionDAOFailureTest" time="0.172">
    <error message="The com.topcoder.db.connectionfactory.DBConnectionFactory instance can&apos;t be created successfully., caused by The object can not be initialized., caused by null" type="com.orpheus.auction.persistence.ObjectInstantiationException">com.orpheus.auction.persistence.ObjectInstantiationException: The com.topcoder.db.connectionfactory.DBConnectionFactory instance can&apos;t be created successfully., caused by The object can not be initialized., caused by null
	at com.orpheus.auction.persistence.AuctionPersistenceHelper.createObject(AuctionPersistenceHelper.java:223)
	at com.orpheus.auction.persistence.impl.SQLServerAuctionDAO.&lt;init&gt;(SQLServerAuctionDAO.java:151)
	at com.orpheus.auction.persistence.failuretests.SQLServerAuctionDAOFailureTest.setUp(SQLServerAuctionDAOFailureTest.java:45)
Caused by: com.topcoder.util.objectfactory.InvalidClassSpecificationException: The object can not be initialized., caused by null
	at com.topcoder.util.objectfactory.ObjectFactory.createObjectByReflection(ObjectFactory.java:623)
	at com.topcoder.util.objectfactory.ObjectFactory.createComplexSpecification(ObjectFactory.java:586)
	at com.topcoder.util.objectfactory.ObjectFactory.getObjectBySpecification(ObjectFactory.java:390)
	at com.topcoder.util.objectfactory.ObjectFactory.createObject(ObjectFactory.java:333)
	at com.topcoder.util.objectfactory.ObjectFactory.createObject(ObjectFactory.java:112)
	at com.orpheus.auction.persistence.AuctionPersistenceHelper.createObject(AuctionPersistenceHelper.java:215)
	... 16 more
Caused by: java.lang.reflect.InvocationTargetException
	at java.lang.reflect.Constructor.newInstance(Constructor.java:274)
	at com.topcoder.util.objectfactory.ObjectFactory.createObjectByReflection(ObjectFactory.java:611)
	... 21 more
Caused by: com.topcoder.db.connectionfactory.ConfigurationException: Unexpected errors- , caused by null
	at com.topcoder.db.connectionfactory.DBConnectionFactoryImpl.&lt;init&gt;(DBConnectionFactoryImpl.java:211)
	... 26 more
Caused by: java.lang.reflect.InvocationTargetException
	at java.lang.reflect.Constructor.newInstance(Constructor.java:274)
	at com.topcoder.db.connectionfactory.DBConnectionFactoryImpl.&lt;init&gt;(DBConnectionFactoryImpl.java:190)
	... 26 more
Caused by: java.lang.ClassNotFoundException: The class name com.microsoft.sqlserver.jdbc.SQLServerDriver is invalid.
	at com.topcoder.db.connectionfactory.producers.JDBCConnectionProducer.&lt;init&gt;(JDBCConnectionProducer.java:236)
	... 31 more
Caused by: java.lang.ClassNotFoundException: com.microsoft.sqlserver.jdbc.SQLServerDriver
	at java.net.URLClassLoader$1.run(URLClassLoader.java:199)
	at java.security.AccessController.doPrivileged(Native Method)
	at java.net.URLClassLoader.findClass(URLClassLoader.java:187)
	at java.lang.ClassLoader.loadClass(ClassLoader.java:289)
	at sun.misc.Launcher$AppClassLoader.loadClass(Launcher.java:274)
	at java.lang.ClassLoader.loadClass(ClassLoader.java:235)
	at java.lang.ClassLoader.loadClassInternal(ClassLoader.java:302)
	at java.lang.Class.forName0(Native Method)
	at java.lang.Class.forName(Class.java:141)
	at com.topcoder.db.connectionfactory.producers.JDBCConnectionProducer.&lt;init&gt;(JDBCConnectionProducer.java:234)
	... 31 more
Caused by:com.topcoder.util.objectfactory.InvalidClassSpecificationException: The object can not be initialized., caused by null
	at com.topcoder.util.objectfactory.ObjectFactory.createObjectByReflection(ObjectFactory.java:623)
	at com.topcoder.util.objectfactory.ObjectFactory.createComplexSpecification(ObjectFactory.java:586)
	at com.topcoder.util.objectfactory.ObjectFactory.getObjectBySpecification(ObjectFactory.java:390)
	at com.topcoder.util.objectfactory.ObjectFactory.createObject(ObjectFactory.java:333)
	at com.topcoder.util.objectfactory.ObjectFactory.createObject(ObjectFactory.java:112)
	at com.orpheus.auction.persistence.AuctionPersistenceHelper.createObject(AuctionPersistenceHelper.java:215)
	at com.orpheus.auction.persistence.impl.SQLServerAuctionDAO.&lt;init&gt;(SQLServerAuctionDAO.java:151)
	at com.orpheus.auction.persistence.failuretests.SQLServerAuctionDAOFailureTest.setUp(SQLServerAuctionDAOFailureTest.java:45)
Caused by: java.lang.reflect.InvocationTargetException
	at java.lang.reflect.Constructor.newInstance(Constructor.java:274)
	at com.topcoder.util.objectfactory.ObjectFactory.createObjectByReflection(ObjectFactory.java:611)
	... 21 more
Caused by: com.topcoder.db.connectionfactory.ConfigurationException: Unexpected errors- , caused by null
	at com.topcoder.db.connectionfactory.DBConnectionFactoryImpl.&lt;init&gt;(DBConnectionFactoryImpl.java:211)
	... 26 more
Caused by: java.lang.reflect.InvocationTargetException
	at java.lang.reflect.Constructor.newInstance(Constructor.java:274)
	at com.topcoder.db.connectionfactory.DBConnectionFactoryImpl.&lt;init&gt;(DBConnectionFactoryImpl.java:190)
	... 26 more
Caused by: java.lang.ClassNotFoundException: The class name com.microsoft.sqlserver.jdbc.SQLServerDriver is invalid.
	at com.topcoder.db.connectionfactory.producers.JDBCConnectionProducer.&lt;init&gt;(JDBCConnectionProducer.java:236)
	... 31 more
Caused by: java.lang.ClassNotFoundException: com.microsoft.sqlserver.jdbc.SQLServerDriver
	at java.net.URLClassLoader$1.run(URLClassLoader.java:199)
	at java.security.AccessController.doPrivileged(Native Method)
	at java.net.URLClassLoader.findClass(URLClassLoader.java:187)
	at java.lang.ClassLoader.loadClass(ClassLoader.java:289)
	at sun.misc.Launcher$AppClassLoader.loadClass(Launcher.java:274)
	at java.lang.ClassLoader.loadClass(ClassLoader.java:235)
	at java.lang.ClassLoader.loadClassInternal(ClassLoader.java:302)
	at java.lang.Class.forName0(Native Method)
	at java.lang.Class.forName(Class.java:141)
	at com.topcoder.db.connectionfactory.producers.JDBCConnectionProducer.&lt;init&gt;(JDBCConnectionProducer.java:234)
	... 31 more
Caused by:java.lang.reflect.InvocationTargetException
	at java.lang.reflect.Constructor.newInstance(Constructor.java:274)
	at com.topcoder.util.objectfactory.ObjectFactory.createObjectByReflection(ObjectFactory.java:611)
	at com.topcoder.util.objectfactory.ObjectFactory.createComplexSpecification(ObjectFactory.java:586)
	at com.topcoder.util.objectfactory.ObjectFactory.getObjectBySpecification(ObjectFactory.java:390)
	at com.topcoder.util.objectfactory.ObjectFactory.createObject(ObjectFactory.java:333)
	at com.topcoder.util.objectfactory.ObjectFactory.createObject(ObjectFactory.java:112)
	at com.orpheus.auction.persistence.AuctionPersistenceHelper.createObject(AuctionPersistenceHelper.java:215)
	at com.orpheus.auction.persistence.impl.SQLServerAuctionDAO.&lt;init&gt;(SQLServerAuctionDAO.java:151)
	at com.orpheus.auction.persistence.failuretests.SQLServerAuctionDAOFailureTest.setUp(SQLServerAuctionDAOFailureTest.java:45)
Caused by: com.topcoder.db.connectionfactory.ConfigurationException: Unexpected errors- , caused by null
	at com.topcoder.db.connectionfactory.DBConnectionFactoryImpl.&lt;init&gt;(DBConnectionFactoryImpl.java:211)
	... 26 more
Caused by: java.lang.reflect.InvocationTargetException
	at java.lang.reflect.Constructor.newInstance(Constructor.java:274)
	at com.topcoder.db.connectionfactory.DBConnectionFactoryImpl.&lt;init&gt;(DBConnectionFactoryImpl.java:190)
	... 26 more
Caused by: java.lang.ClassNotFoundException: The class name com.microsoft.sqlserver.jdbc.SQLServerDriver is invalid.
	at com.topcoder.db.connectionfactory.producers.JDBCConnectionProducer.&lt;init&gt;(JDBCConnectionProducer.java:236)
	... 31 more
Caused by: java.lang.ClassNotFoundException: com.microsoft.sqlserver.jdbc.SQLServerDriver
	at java.net.URLClassLoader$1.run(URLClassLoader.java:199)
	at java.security.AccessController.doPrivileged(Native Method)
	at java.net.URLClassLoader.findClass(URLClassLoader.java:187)
	at java.lang.ClassLoader.loadClass(ClassLoader.java:289)
	at sun.misc.Launcher$AppClassLoader.loadClass(Launcher.java:274)
	at java.lang.ClassLoader.loadClass(ClassLoader.java:235)
	at java.lang.ClassLoader.loadClassInternal(ClassLoader.java:302)
	at java.lang.Class.forName0(Native Method)
	at java.lang.Class.forName(Class.java:141)
	at com.topcoder.db.connectionfactory.producers.JDBCConnectionProducer.&lt;init&gt;(JDBCConnectionProducer.java:234)
	... 31 more
</error>
  </testcase>
  <testcase name="testSQLServerAuctionDAO_EmptyParam" classname="com.orpheus.auction.persistence.failuretests.SQLServerAuctionDAOFailureTest" time="0.125">
    <error message="The com.topcoder.db.connectionfactory.DBConnectionFactory instance can&apos;t be created successfully., caused by The object can not be initialized., caused by null" type="com.orpheus.auction.persistence.ObjectInstantiationException">com.orpheus.auction.persistence.ObjectInstantiationException: The com.topcoder.db.connectionfactory.DBConnectionFactory instance can&apos;t be created successfully., caused by The object can not be initialized., caused by null
	at com.orpheus.auction.persistence.AuctionPersistenceHelper.createObject(AuctionPersistenceHelper.java:223)
	at com.orpheus.auction.persistence.impl.SQLServerAuctionDAO.&lt;init&gt;(SQLServerAuctionDAO.java:151)
	at com.orpheus.auction.persistence.failuretests.SQLServerAuctionDAOFailureTest.setUp(SQLServerAuctionDAOFailureTest.java:45)
Caused by: com.topcoder.util.objectfactory.InvalidClassSpecificationException: The object can not be initialized., caused by null
	at com.topcoder.util.objectfactory.ObjectFactory.createObjectByReflection(ObjectFactory.java:623)
	at com.topcoder.util.objectfactory.ObjectFactory.createComplexSpecification(ObjectFactory.java:586)
	at com.topcoder.util.objectfactory.ObjectFactory.getObjectBySpecification(ObjectFactory.java:390)
	at com.topcoder.util.objectfactory.ObjectFactory.createObject(ObjectFactory.java:333)
	at com.topcoder.util.objectfactory.ObjectFactory.createObject(ObjectFactory.java:112)
	at com.orpheus.auction.persistence.AuctionPersistenceHelper.createObject(AuctionPersistenceHelper.java:215)
	... 16 more
Caused by: java.lang.reflect.InvocationTargetException
	at java.lang.reflect.Constructor.newInstance(Constructor.java:274)
	at com.topcoder.util.objectfactory.ObjectFactory.createObjectByReflection(ObjectFactory.java:611)
	... 21 more
Caused by: com.topcoder.db.connectionfactory.ConfigurationException: Unexpected errors- , caused by null
	at com.topcoder.db.connectionfactory.DBConnectionFactoryImpl.&lt;init&gt;(DBConnectionFactoryImpl.java:211)
	... 26 more
Caused by: java.lang.reflect.InvocationTargetException
	at java.lang.reflect.Constructor.newInstance(Constructor.java:274)
	at com.topcoder.db.connectionfactory.DBConnectionFactoryImpl.&lt;init&gt;(DBConnectionFactoryImpl.java:190)
	... 26 more
Caused by: java.lang.ClassNotFoundException: The class name com.microsoft.sqlserver.jdbc.SQLServerDriver is invalid.
	at com.topcoder.db.connectionfactory.producers.JDBCConnectionProducer.&lt;init&gt;(JDBCConnectionProducer.java:236)
	... 31 more
Caused by: java.lang.ClassNotFoundException: com.microsoft.sqlserver.jdbc.SQLServerDriver
	at java.net.URLClassLoader$1.run(URLClassLoader.java:199)
	at java.security.AccessController.doPrivileged(Native Method)
	at java.net.URLClassLoader.findClass(URLClassLoader.java:187)
	at java.lang.ClassLoader.loadClass(ClassLoader.java:289)
	at sun.misc.Launcher$AppClassLoader.loadClass(Launcher.java:274)
	at java.lang.ClassLoader.loadClass(ClassLoader.java:235)
	at java.lang.ClassLoader.loadClassInternal(ClassLoader.java:302)
	at java.lang.Class.forName0(Native Method)
	at java.lang.Class.forName(Class.java:141)
	at com.topcoder.db.connectionfactory.producers.JDBCConnectionProducer.&lt;init&gt;(JDBCConnectionProducer.java:234)
	... 31 more
Caused by:com.topcoder.util.objectfactory.InvalidClassSpecificationException: The object can not be initialized., caused by null
	at com.topcoder.util.objectfactory.ObjectFactory.createObjectByReflection(ObjectFactory.java:623)
	at com.topcoder.util.objectfactory.ObjectFactory.createComplexSpecification(ObjectFactory.java:586)
	at com.topcoder.util.objectfactory.ObjectFactory.getObjectBySpecification(ObjectFactory.java:390)
	at com.topcoder.util.objectfactory.ObjectFactory.createObject(ObjectFactory.java:333)
	at com.topcoder.util.objectfactory.ObjectFactory.createObject(ObjectFactory.java:112)
	at com.orpheus.auction.persistence.AuctionPersistenceHelper.createObject(AuctionPersistenceHelper.java:215)
	at com.orpheus.auction.persistence.impl.SQLServerAuctionDAO.&lt;init&gt;(SQLServerAuctionDAO.java:151)
	at com.orpheus.auction.persistence.failuretests.SQLServerAuctionDAOFailureTest.setUp(SQLServerAuctionDAOFailureTest.java:45)
Caused by: java.lang.reflect.InvocationTargetException
	at java.lang.reflect.Constructor.newInstance(Constructor.java:274)
	at com.topcoder.util.objectfactory.ObjectFactory.createObjectByReflection(ObjectFactory.java:611)
	... 21 more
Caused by: com.topcoder.db.connectionfactory.ConfigurationException: Unexpected errors- , caused by null
	at com.topcoder.db.connectionfactory.DBConnectionFactoryImpl.&lt;init&gt;(DBConnectionFactoryImpl.java:211)
	... 26 more
Caused by: java.lang.reflect.InvocationTargetException
	at java.lang.reflect.Constructor.newInstance(Constructor.java:274)
	at com.topcoder.db.connectionfactory.DBConnectionFactoryImpl.&lt;init&gt;(DBConnectionFactoryImpl.java:190)
	... 26 more
Caused by: java.lang.ClassNotFoundException: The class name com.microsoft.sqlserver.jdbc.SQLServerDriver is invalid.
	at com.topcoder.db.connectionfactory.producers.JDBCConnectionProducer.&lt;init&gt;(JDBCConnectionProducer.java:236)
	... 31 more
Caused by: java.lang.ClassNotFoundException: com.microsoft.sqlserver.jdbc.SQLServerDriver
	at java.net.URLClassLoader$1.run(URLClassLoader.java:199)
	at java.security.AccessController.doPrivileged(Native Method)
	at java.net.URLClassLoader.findClass(URLClassLoader.java:187)
	at java.lang.ClassLoader.loadClass(ClassLoader.java:289)
	at sun.misc.Launcher$AppClassLoader.loadClass(Launcher.java:274)
	at java.lang.ClassLoader.loadClass(ClassLoader.java:235)
	at java.lang.ClassLoader.loadClassInternal(ClassLoader.java:302)
	at java.lang.Class.forName0(Native Method)
	at java.lang.Class.forName(Class.java:141)
	at com.topcoder.db.connectionfactory.producers.JDBCConnectionProducer.&lt;init&gt;(JDBCConnectionProducer.java:234)
	... 31 more
Caused by:java.lang.reflect.InvocationTargetException
	at java.lang.reflect.Constructor.newInstance(Constructor.java:274)
	at com.topcoder.util.objectfactory.ObjectFactory.createObjectByReflection(ObjectFactory.java:611)
	at com.topcoder.util.objectfactory.ObjectFactory.createComplexSpecification(ObjectFactory.java:586)
	at com.topcoder.util.objectfactory.ObjectFactory.getObjectBySpecification(ObjectFactory.java:390)
	at com.topcoder.util.objectfactory.ObjectFactory.createObject(ObjectFactory.java:333)
	at com.topcoder.util.objectfactory.ObjectFactory.createObject(ObjectFactory.java:112)
	at com.orpheus.auction.persistence.AuctionPersistenceHelper.createObject(AuctionPersistenceHelper.java:215)
	at com.orpheus.auction.persistence.impl.SQLServerAuctionDAO.&lt;init&gt;(SQLServerAuctionDAO.java:151)
	at com.orpheus.auction.persistence.failuretests.SQLServerAuctionDAOFailureTest.setUp(SQLServerAuctionDAOFailureTest.java:45)
Caused by: com.topcoder.db.connectionfactory.ConfigurationException: Unexpected errors- , caused by null
	at com.topcoder.db.connectionfactory.DBConnectionFactoryImpl.&lt;init&gt;(DBConnectionFactoryImpl.java:211)
	... 26 more
Caused by: java.lang.reflect.InvocationTargetException
	at java.lang.reflect.Constructor.newInstance(Constructor.java:274)
	at com.topcoder.db.connectionfactory.DBConnectionFactoryImpl.&lt;init&gt;(DBConnectionFactoryImpl.java:190)
	... 26 more
Caused by: java.lang.ClassNotFoundException: The class name com.microsoft.sqlserver.jdbc.SQLServerDriver is invalid.
	at com.topcoder.db.connectionfactory.producers.JDBCConnectionProducer.&lt;init&gt;(JDBCConnectionProducer.java:236)
	... 31 more
Caused by: java.lang.ClassNotFoundException: com.microsoft.sqlserver.jdbc.SQLServerDriver
	at java.net.URLClassLoader$1.run(URLClassLoader.java:199)
	at java.security.AccessController.doPrivileged(Native Method)
	at java.net.URLClassLoader.findClass(URLClassLoader.java:187)
	at java.lang.ClassLoader.loadClass(ClassLoader.java:289)
	at sun.misc.Launcher$AppClassLoader.loadClass(Launcher.java:274)
	at java.lang.ClassLoader.loadClass(ClassLoader.java:235)
	at java.lang.ClassLoader.loadClassInternal(ClassLoader.java:302)
	at java.lang.Class.forName0(Native Method)
	at java.lang.Class.forName(Class.java:141)
	at com.topcoder.db.connectionfactory.producers.JDBCConnectionProducer.&lt;init&gt;(JDBCConnectionProducer.java:234)
	... 31 more
</error>
  </testcase>
  <testcase name="testSQLServerAuctionDAO_TrimmedEmptyParam" classname="com.orpheus.auction.persistence.failuretests.SQLServerAuctionDAOFailureTest" time="0.078">
    <error message="The com.topcoder.db.connectionfactory.DBConnectionFactory instance can&apos;t be created successfully., caused by The object can not be initialized., caused by null" type="com.orpheus.auction.persistence.ObjectInstantiationException">com.orpheus.auction.persistence.ObjectInstantiationException: The com.topcoder.db.connectionfactory.DBConnectionFactory instance can&apos;t be created successfully., caused by The object can not be initialized., caused by null
	at com.orpheus.auction.persistence.AuctionPersistenceHelper.createObject(AuctionPersistenceHelper.java:223)
	at com.orpheus.auction.persistence.impl.SQLServerAuctionDAO.&lt;init&gt;(SQLServerAuctionDAO.java:151)
	at com.orpheus.auction.persistence.failuretests.SQLServerAuctionDAOFailureTest.setUp(SQLServerAuctionDAOFailureTest.java:45)
Caused by: com.topcoder.util.objectfactory.InvalidClassSpecificationException: The object can not be initialized., caused by null
	at com.topcoder.util.objectfactory.ObjectFactory.createObjectByReflection(ObjectFactory.java:623)
	at com.topcoder.util.objectfactory.ObjectFactory.createComplexSpecification(ObjectFactory.java:586)
	at com.topcoder.util.objectfactory.ObjectFactory.getObjectBySpecification(ObjectFactory.java:390)
	at com.topcoder.util.objectfactory.ObjectFactory.createObject(ObjectFactory.java:333)
	at com.topcoder.util.objectfactory.ObjectFactory.createObject(ObjectFactory.java:112)
	at com.orpheus.auction.persistence.AuctionPersistenceHelper.createObject(AuctionPersistenceHelper.java:215)
	... 16 more
Caused by: java.lang.reflect.InvocationTargetException
	at java.lang.reflect.Constructor.newInstance(Constructor.java:274)
	at com.topcoder.util.objectfactory.ObjectFactory.createObjectByReflection(ObjectFactory.java:611)
	... 21 more
Caused by: com.topcoder.db.connectionfactory.ConfigurationException: Unexpected errors- , caused by null
	at com.topcoder.db.connectionfactory.DBConnectionFactoryImpl.&lt;init&gt;(DBConnectionFactoryImpl.java:211)
	... 26 more
Caused by: java.lang.reflect.InvocationTargetException
	at java.lang.reflect.Constructor.newInstance(Constructor.java:274)
	at com.topcoder.db.connectionfactory.DBConnectionFactoryImpl.&lt;init&gt;(DBConnectionFactoryImpl.java:190)
	... 26 more
Caused by: java.lang.ClassNotFoundException: The class name com.microsoft.sqlserver.jdbc.SQLServerDriver is invalid.
	at com.topcoder.db.connectionfactory.producers.JDBCConnectionProducer.&lt;init&gt;(JDBCConnectionProducer.java:236)
	... 31 more
Caused by: java.lang.ClassNotFoundException: com.microsoft.sqlserver.jdbc.SQLServerDriver
	at java.net.URLClassLoader$1.run(URLClassLoader.java:199)
	at java.security.AccessController.doPrivileged(Native Method)
	at java.net.URLClassLoader.findClass(URLClassLoader.java:187)
	at java.lang.ClassLoader.loadClass(ClassLoader.java:289)
	at sun.misc.Launcher$AppClassLoader.loadClass(Launcher.java:274)
	at java.lang.ClassLoader.loadClass(ClassLoader.java:235)
	at java.lang.ClassLoader.loadClassInternal(ClassLoader.java:302)
	at java.lang.Class.forName0(Native Method)
	at java.lang.Class.forName(Class.java:141)
	at com.topcoder.db.connectionfactory.producers.JDBCConnectionProducer.&lt;init&gt;(JDBCConnectionProducer.java:234)
	... 31 more
Caused by:com.topcoder.util.objectfactory.InvalidClassSpecificationException: The object can not be initialized., caused by null
	at com.topcoder.util.objectfactory.ObjectFactory.createObjectByReflection(ObjectFactory.java:623)
	at com.topcoder.util.objectfactory.ObjectFactory.createComplexSpecification(ObjectFactory.java:586)
	at com.topcoder.util.objectfactory.ObjectFactory.getObjectBySpecification(ObjectFactory.java:390)
	at com.topcoder.util.objectfactory.ObjectFactory.createObject(ObjectFactory.java:333)
	at com.topcoder.util.objectfactory.ObjectFactory.createObject(ObjectFactory.java:112)
	at com.orpheus.auction.persistence.AuctionPersistenceHelper.createObject(AuctionPersistenceHelper.java:215)
	at com.orpheus.auction.persistence.impl.SQLServerAuctionDAO.&lt;init&gt;(SQLServerAuctionDAO.java:151)
	at com.orpheus.auction.persistence.failuretests.SQLServerAuctionDAOFailureTest.setUp(SQLServerAuctionDAOFailureTest.java:45)
Caused by: java.lang.reflect.InvocationTargetException
	at java.lang.reflect.Constructor.newInstance(Constructor.java:274)
	at com.topcoder.util.objectfactory.ObjectFactory.createObjectByReflection(ObjectFactory.java:611)
	... 21 more
Caused by: com.topcoder.db.connectionfactory.ConfigurationException: Unexpected errors- , caused by null
	at com.topcoder.db.connectionfactory.DBConnectionFactoryImpl.&lt;init&gt;(DBConnectionFactoryImpl.java:211)
	... 26 more
Caused by: java.lang.reflect.InvocationTargetException
	at java.lang.reflect.Constructor.newInstance(Constructor.java:274)
	at com.topcoder.db.connectionfactory.DBConnectionFactoryImpl.&lt;init&gt;(DBConnectionFactoryImpl.java:190)
	... 26 more
Caused by: java.lang.ClassNotFoundException: The class name com.microsoft.sqlserver.jdbc.SQLServerDriver is invalid.
	at com.topcoder.db.connectionfactory.producers.JDBCConnectionProducer.&lt;init&gt;(JDBCConnectionProducer.java:236)
	... 31 more
Caused by: java.lang.ClassNotFoundException: com.microsoft.sqlserver.jdbc.SQLServerDriver
	at java.net.URLClassLoader$1.run(URLClassLoader.java:199)
	at java.security.AccessController.doPrivileged(Native Method)
	at java.net.URLClassLoader.findClass(URLClassLoader.java:187)
	at java.lang.ClassLoader.loadClass(ClassLoader.java:289)
	at sun.misc.Launcher$AppClassLoader.loadClass(Launcher.java:274)
	at java.lang.ClassLoader.loadClass(ClassLoader.java:235)
	at java.lang.ClassLoader.loadClassInternal(ClassLoader.java:302)
	at java.lang.Class.forName0(Native Method)
	at java.lang.Class.forName(Class.java:141)
	at com.topcoder.db.connectionfactory.producers.JDBCConnectionProducer.&lt;init&gt;(JDBCConnectionProducer.java:234)
	... 31 more
Caused by:java.lang.reflect.InvocationTargetException
	at java.lang.reflect.Constructor.newInstance(Constructor.java:274)
	at com.topcoder.util.objectfactory.ObjectFactory.createObjectByReflection(ObjectFactory.java:611)
	at com.topcoder.util.objectfactory.ObjectFactory.createComplexSpecification(ObjectFactory.java:586)
	at com.topcoder.util.objectfactory.ObjectFactory.getObjectBySpecification(ObjectFactory.java:390)
	at com.topcoder.util.objectfactory.ObjectFactory.createObject(ObjectFactory.java:333)
	at com.topcoder.util.objectfactory.ObjectFactory.createObject(ObjectFactory.java:112)
	at com.orpheus.auction.persistence.AuctionPersistenceHelper.createObject(AuctionPersistenceHelper.java:215)
	at com.orpheus.auction.persistence.impl.SQLServerAuctionDAO.&lt;init&gt;(SQLServerAuctionDAO.java:151)
	at com.orpheus.auction.persistence.failuretests.SQLServerAuctionDAOFailureTest.setUp(SQLServerAuctionDAOFailureTest.java:45)
Caused by: com.topcoder.db.connectionfactory.ConfigurationException: Unexpected errors- , caused by null
	at com.topcoder.db.connectionfactory.DBConnectionFactoryImpl.&lt;init&gt;(DBConnectionFactoryImpl.java:211)
	... 26 more
Caused by: java.lang.reflect.InvocationTargetException
	at java.lang.reflect.Constructor.newInstance(Constructor.java:274)
	at com.topcoder.db.connectionfactory.DBConnectionFactoryImpl.&lt;init&gt;(DBConnectionFactoryImpl.java:190)
	... 26 more
Caused by: java.lang.ClassNotFoundException: The class name com.microsoft.sqlserver.jdbc.SQLServerDriver is invalid.
	at com.topcoder.db.connectionfactory.producers.JDBCConnectionProducer.&lt;init&gt;(JDBCConnectionProducer.java:236)
	... 31 more
Caused by: java.lang.ClassNotFoundException: com.microsoft.sqlserver.jdbc.SQLServerDriver
	at java.net.URLClassLoader$1.run(URLClassLoader.java:199)
	at java.security.AccessController.doPrivileged(Native Method)
	at java.net.URLClassLoader.findClass(URLClassLoader.java:187)
	at java.lang.ClassLoader.loadClass(ClassLoader.java:289)
	at sun.misc.Launcher$AppClassLoader.loadClass(Launcher.java:274)
	at java.lang.ClassLoader.loadClass(ClassLoader.java:235)
	at java.lang.ClassLoader.loadClassInternal(ClassLoader.java:302)
	at java.lang.Class.forName0(Native Method)
	at java.lang.Class.forName(Class.java:141)
	at com.topcoder.db.connectionfactory.producers.JDBCConnectionProducer.&lt;init&gt;(JDBCConnectionProducer.java:234)
	... 31 more
</error>
  </testcase>
  <testcase name="testSQLServerAuctionDAO1" classname="com.orpheus.auction.persistence.failuretests.SQLServerAuctionDAOFailureTest" time="0.062">
    <error message="The com.topcoder.db.connectionfactory.DBConnectionFactory instance can&apos;t be created successfully., caused by The object can not be initialized., caused by null" type="com.orpheus.auction.persistence.ObjectInstantiationException">com.orpheus.auction.persistence.ObjectInstantiationException: The com.topcoder.db.connectionfactory.DBConnectionFactory instance can&apos;t be created successfully., caused by The object can not be initialized., caused by null
	at com.orpheus.auction.persistence.AuctionPersistenceHelper.createObject(AuctionPersistenceHelper.java:223)
	at com.orpheus.auction.persistence.impl.SQLServerAuctionDAO.&lt;init&gt;(SQLServerAuctionDAO.java:151)
	at com.orpheus.auction.persistence.failuretests.SQLServerAuctionDAOFailureTest.setUp(SQLServerAuctionDAOFailureTest.java:45)
Caused by: com.topcoder.util.objectfactory.InvalidClassSpecificationException: The object can not be initialized., caused by null
	at com.topcoder.util.objectfactory.ObjectFactory.createObjectByReflection(ObjectFactory.java:623)
	at com.topcoder.util.objectfactory.ObjectFactory.createComplexSpecification(ObjectFactory.java:586)
	at com.topcoder.util.objectfactory.ObjectFactory.getObjectBySpecification(ObjectFactory.java:390)
	at com.topcoder.util.objectfactory.ObjectFactory.createObject(ObjectFactory.java:333)
	at com.topcoder.util.objectfactory.ObjectFactory.createObject(ObjectFactory.java:112)
	at com.orpheus.auction.persistence.AuctionPersistenceHelper.createObject(AuctionPersistenceHelper.java:215)
	... 16 more
Caused by: java.lang.reflect.InvocationTargetException
	at java.lang.reflect.Constructor.newInstance(Constructor.java:274)
	at com.topcoder.util.objectfactory.ObjectFactory.createObjectByReflection(ObjectFactory.java:611)
	... 21 more
Caused by: com.topcoder.db.connectionfactory.ConfigurationException: Unexpected errors- , caused by null
	at com.topcoder.db.connectionfactory.DBConnectionFactoryImpl.&lt;init&gt;(DBConnectionFactoryImpl.java:211)
	... 26 more
Caused by: java.lang.reflect.InvocationTargetException
	at java.lang.reflect.Constructor.newInstance(Constructor.java:274)
	at com.topcoder.db.connectionfactory.DBConnectionFactoryImpl.&lt;init&gt;(DBConnectionFactoryImpl.java:190)
	... 26 more
Caused by: java.lang.ClassNotFoundException: The class name com.microsoft.sqlserver.jdbc.SQLServerDriver is invalid.
	at com.topcoder.db.connectionfactory.producers.JDBCConnectionProducer.&lt;init&gt;(JDBCConnectionProducer.java:236)
	... 31 more
Caused by: java.lang.ClassNotFoundException: com.microsoft.sqlserver.jdbc.SQLServerDriver
	at java.net.URLClassLoader$1.run(URLClassLoader.java:199)
	at java.security.AccessController.doPrivileged(Native Method)
	at java.net.URLClassLoader.findClass(URLClassLoader.java:187)
	at java.lang.ClassLoader.loadClass(ClassLoader.java:289)
	at sun.misc.Launcher$AppClassLoader.loadClass(Launcher.java:274)
	at java.lang.ClassLoader.loadClass(ClassLoader.java:235)
	at java.lang.ClassLoader.loadClassInternal(ClassLoader.java:302)
	at java.lang.Class.forName0(Native Method)
	at java.lang.Class.forName(Class.java:141)
	at com.topcoder.db.connectionfactory.producers.JDBCConnectionProducer.&lt;init&gt;(JDBCConnectionProducer.java:234)
	... 31 more
Caused by:com.topcoder.util.objectfactory.InvalidClassSpecificationException: The object can not be initialized., caused by null
	at com.topcoder.util.objectfactory.ObjectFactory.createObjectByReflection(ObjectFactory.java:623)
	at com.topcoder.util.objectfactory.ObjectFactory.createComplexSpecification(ObjectFactory.java:586)
	at com.topcoder.util.objectfactory.ObjectFactory.getObjectBySpecification(ObjectFactory.java:390)
	at com.topcoder.util.objectfactory.ObjectFactory.createObject(ObjectFactory.java:333)
	at com.topcoder.util.objectfactory.ObjectFactory.createObject(ObjectFactory.java:112)
	at com.orpheus.auction.persistence.AuctionPersistenceHelper.createObject(AuctionPersistenceHelper.java:215)
	at com.orpheus.auction.persistence.impl.SQLServerAuctionDAO.&lt;init&gt;(SQLServerAuctionDAO.java:151)
	at com.orpheus.auction.persistence.failuretests.SQLServerAuctionDAOFailureTest.setUp(SQLServerAuctionDAOFailureTest.java:45)
Caused by: java.lang.reflect.InvocationTargetException
	at java.lang.reflect.Constructor.newInstance(Constructor.java:274)
	at com.topcoder.util.objectfactory.ObjectFactory.createObjectByReflection(ObjectFactory.java:611)
	... 21 more
Caused by: com.topcoder.db.connectionfactory.ConfigurationException: Unexpected errors- , caused by null
	at com.topcoder.db.connectionfactory.DBConnectionFactoryImpl.&lt;init&gt;(DBConnectionFactoryImpl.java:211)
	... 26 more
Caused by: java.lang.reflect.InvocationTargetException
	at java.lang.reflect.Constructor.newInstance(Constructor.java:274)
	at com.topcoder.db.connectionfactory.DBConnectionFactoryImpl.&lt;init&gt;(DBConnectionFactoryImpl.java:190)
	... 26 more
Caused by: java.lang.ClassNotFoundException: The class name com.microsoft.sqlserver.jdbc.SQLServerDriver is invalid.
	at com.topcoder.db.connectionfactory.producers.JDBCConnectionProducer.&lt;init&gt;(JDBCConnectionProducer.java:236)
	... 31 more
Caused by: java.lang.ClassNotFoundException: com.microsoft.sqlserver.jdbc.SQLServerDriver
	at java.net.URLClassLoader$1.run(URLClassLoader.java:199)
	at java.security.AccessController.doPrivileged(Native Method)
	at java.net.URLClassLoader.findClass(URLClassLoader.java:187)
	at java.lang.ClassLoader.loadClass(ClassLoader.java:289)
	at sun.misc.Launcher$AppClassLoader.loadClass(Launcher.java:274)
	at java.lang.ClassLoader.loadClass(ClassLoader.java:235)
	at java.lang.ClassLoader.loadClassInternal(ClassLoader.java:302)
	at java.lang.Class.forName0(Native Method)
	at java.lang.Class.forName(Class.java:141)
	at com.topcoder.db.connectionfactory.producers.JDBCConnectionProducer.&lt;init&gt;(JDBCConnectionProducer.java:234)
	... 31 more
Caused by:java.lang.reflect.InvocationTargetException
	at java.lang.reflect.Constructor.newInstance(Constructor.java:274)
	at com.topcoder.util.objectfactory.ObjectFactory.createObjectByReflection(ObjectFactory.java:611)
	at com.topcoder.util.objectfactory.ObjectFactory.createComplexSpecification(ObjectFactory.java:586)
	at com.topcoder.util.objectfactory.ObjectFactory.getObjectBySpecification(ObjectFactory.java:390)
	at com.topcoder.util.objectfactory.ObjectFactory.createObject(ObjectFactory.java:333)
	at com.topcoder.util.objectfactory.ObjectFactory.createObject(ObjectFactory.java:112)
	at com.orpheus.auction.persistence.AuctionPersistenceHelper.createObject(AuctionPersistenceHelper.java:215)
	at com.orpheus.auction.persistence.impl.SQLServerAuctionDAO.&lt;init&gt;(SQLServerAuctionDAO.java:151)
	at com.orpheus.auction.persistence.failuretests.SQLServerAuctionDAOFailureTest.setUp(SQLServerAuctionDAOFailureTest.java:45)
Caused by: com.topcoder.db.connectionfactory.ConfigurationException: Unexpected errors- , caused by null
	at com.topcoder.db.connectionfactory.DBConnectionFactoryImpl.&lt;init&gt;(DBConnectionFactoryImpl.java:211)
	... 26 more
Caused by: java.lang.reflect.InvocationTargetException
	at java.lang.reflect.Constructor.newInstance(Constructor.java:274)
	at com.topcoder.db.connectionfactory.DBConnectionFactoryImpl.&lt;init&gt;(DBConnectionFactoryImpl.java:190)
	... 26 more
Caused by: java.lang.ClassNotFoundException: The class name com.microsoft.sqlserver.jdbc.SQLServerDriver is invalid.
	at com.topcoder.db.connectionfactory.producers.JDBCConnectionProducer.&lt;init&gt;(JDBCConnectionProducer.java:236)
	... 31 more
Caused by: java.lang.ClassNotFoundException: com.microsoft.sqlserver.jdbc.SQLServerDriver
	at java.net.URLClassLoader$1.run(URLClassLoader.java:199)
	at java.security.AccessController.doPrivileged(Native Method)
	at java.net.URLClassLoader.findClass(URLClassLoader.java:187)
	at java.lang.ClassLoader.loadClass(ClassLoader.java:289)
	at sun.misc.Launcher$AppClassLoader.loadClass(Launcher.java:274)
	at java.lang.ClassLoader.loadClass(ClassLoader.java:235)
	at java.lang.ClassLoader.loadClassInternal(ClassLoader.java:302)
	at java.lang.Class.forName0(Native Method)
	at java.lang.Class.forName(Class.java:141)
	at com.topcoder.db.connectionfactory.producers.JDBCConnectionProducer.&lt;init&gt;(JDBCConnectionProducer.java:234)
	... 31 more
</error>
  </testcase>
  <testcase name="testSQLServerAuctionDAO2" classname="com.orpheus.auction.persistence.failuretests.SQLServerAuctionDAOFailureTest" time="0.063">
    <error message="The com.topcoder.db.connectionfactory.DBConnectionFactory instance can&apos;t be created successfully., caused by The object can not be initialized., caused by null" type="com.orpheus.auction.persistence.ObjectInstantiationException">com.orpheus.auction.persistence.ObjectInstantiationException: The com.topcoder.db.connectionfactory.DBConnectionFactory instance can&apos;t be created successfully., caused by The object can not be initialized., caused by null
	at com.orpheus.auction.persistence.AuctionPersistenceHelper.createObject(AuctionPersistenceHelper.java:223)
	at com.orpheus.auction.persistence.impl.SQLServerAuctionDAO.&lt;init&gt;(SQLServerAuctionDAO.java:151)
	at com.orpheus.auction.persistence.failuretests.SQLServerAuctionDAOFailureTest.setUp(SQLServerAuctionDAOFailureTest.java:45)
Caused by: com.topcoder.util.objectfactory.InvalidClassSpecificationException: The object can not be initialized., caused by null
	at com.topcoder.util.objectfactory.ObjectFactory.createObjectByReflection(ObjectFactory.java:623)
	at com.topcoder.util.objectfactory.ObjectFactory.createComplexSpecification(ObjectFactory.java:586)
	at com.topcoder.util.objectfactory.ObjectFactory.getObjectBySpecification(ObjectFactory.java:390)
	at com.topcoder.util.objectfactory.ObjectFactory.createObject(ObjectFactory.java:333)
	at com.topcoder.util.objectfactory.ObjectFactory.createObject(ObjectFactory.java:112)
	at com.orpheus.auction.persistence.AuctionPersistenceHelper.createObject(AuctionPersistenceHelper.java:215)
	... 16 more
Caused by: java.lang.reflect.InvocationTargetException
	at java.lang.reflect.Constructor.newInstance(Constructor.java:274)
	at com.topcoder.util.objectfactory.ObjectFactory.createObjectByReflection(ObjectFactory.java:611)
	... 21 more
Caused by: com.topcoder.db.connectionfactory.ConfigurationException: Unexpected errors- , caused by null
	at com.topcoder.db.connectionfactory.DBConnectionFactoryImpl.&lt;init&gt;(DBConnectionFactoryImpl.java:211)
	... 26 more
Caused by: java.lang.reflect.InvocationTargetException
	at java.lang.reflect.Constructor.newInstance(Constructor.java:274)
	at com.topcoder.db.connectionfactory.DBConnectionFactoryImpl.&lt;init&gt;(DBConnectionFactoryImpl.java:190)
	... 26 more
Caused by: java.lang.ClassNotFoundException: The class name com.microsoft.sqlserver.jdbc.SQLServerDriver is invalid.
	at com.topcoder.db.connectionfactory.producers.JDBCConnectionProducer.&lt;init&gt;(JDBCConnectionProducer.java:236)
	... 31 more
Caused by: java.lang.ClassNotFoundException: com.microsoft.sqlserver.jdbc.SQLServerDriver
	at java.net.URLClassLoader$1.run(URLClassLoader.java:199)
	at java.security.AccessController.doPrivileged(Native Method)
	at java.net.URLClassLoader.findClass(URLClassLoader.java:187)
	at java.lang.ClassLoader.loadClass(ClassLoader.java:289)
	at sun.misc.Launcher$AppClassLoader.loadClass(Launcher.java:274)
	at java.lang.ClassLoader.loadClass(ClassLoader.java:235)
	at java.lang.ClassLoader.loadClassInternal(ClassLoader.java:302)
	at java.lang.Class.forName0(Native Method)
	at java.lang.Class.forName(Class.java:141)
	at com.topcoder.db.connectionfactory.producers.JDBCConnectionProducer.&lt;init&gt;(JDBCConnectionProducer.java:234)
	... 31 more
Caused by:com.topcoder.util.objectfactory.InvalidClassSpecificationException: The object can not be initialized., caused by null
	at com.topcoder.util.objectfactory.ObjectFactory.createObjectByReflection(ObjectFactory.java:623)
	at com.topcoder.util.objectfactory.ObjectFactory.createComplexSpecification(ObjectFactory.java:586)
	at com.topcoder.util.objectfactory.ObjectFactory.getObjectBySpecification(ObjectFactory.java:390)
	at com.topcoder.util.objectfactory.ObjectFactory.createObject(ObjectFactory.java:333)
	at com.topcoder.util.objectfactory.ObjectFactory.createObject(ObjectFactory.java:112)
	at com.orpheus.auction.persistence.AuctionPersistenceHelper.createObject(AuctionPersistenceHelper.java:215)
	at com.orpheus.auction.persistence.impl.SQLServerAuctionDAO.&lt;init&gt;(SQLServerAuctionDAO.java:151)
	at com.orpheus.auction.persistence.failuretests.SQLServerAuctionDAOFailureTest.setUp(SQLServerAuctionDAOFailureTest.java:45)
Caused by: java.lang.reflect.InvocationTargetException
	at java.lang.reflect.Constructor.newInstance(Constructor.java:274)
	at com.topcoder.util.objectfactory.ObjectFactory.createObjectByReflection(ObjectFactory.java:611)
	... 21 more
Caused by: com.topcoder.db.connectionfactory.ConfigurationException: Unexpected errors- , caused by null
	at com.topcoder.db.connectionfactory.DBConnectionFactoryImpl.&lt;init&gt;(DBConnectionFactoryImpl.java:211)
	... 26 more
Caused by: java.lang.reflect.InvocationTargetException
	at java.lang.reflect.Constructor.newInstance(Constructor.java:274)
	at com.topcoder.db.connectionfactory.DBConnectionFactoryImpl.&lt;init&gt;(DBConnectionFactoryImpl.java:190)
	... 26 more
Caused by: java.lang.ClassNotFoundException: The class name com.microsoft.sqlserver.jdbc.SQLServerDriver is invalid.
	at com.topcoder.db.connectionfactory.producers.JDBCConnectionProducer.&lt;init&gt;(JDBCConnectionProducer.java:236)
	... 31 more
Caused by: java.lang.ClassNotFoundException: com.microsoft.sqlserver.jdbc.SQLServerDriver
	at java.net.URLClassLoader$1.run(URLClassLoader.java:199)
	at java.security.AccessController.doPrivileged(Native Method)
	at java.net.URLClassLoader.findClass(URLClassLoader.java:187)
	at java.lang.ClassLoader.loadClass(ClassLoader.java:289)
	at sun.misc.Launcher$AppClassLoader.loadClass(Launcher.java:274)
	at java.lang.ClassLoader.loadClass(ClassLoader.java:235)
	at java.lang.ClassLoader.loadClassInternal(ClassLoader.java:302)
	at java.lang.Class.forName0(Native Method)
	at java.lang.Class.forName(Class.java:141)
	at com.topcoder.db.connectionfactory.producers.JDBCConnectionProducer.&lt;init&gt;(JDBCConnectionProducer.java:234)
	... 31 more
Caused by:java.lang.reflect.InvocationTargetException
	at java.lang.reflect.Constructor.newInstance(Constructor.java:274)
	at com.topcoder.util.objectfactory.ObjectFactory.createObjectByReflection(ObjectFactory.java:611)
	at com.topcoder.util.objectfactory.ObjectFactory.createComplexSpecification(ObjectFactory.java:586)
	at com.topcoder.util.objectfactory.ObjectFactory.getObjectBySpecification(ObjectFactory.java:390)
	at com.topcoder.util.objectfactory.ObjectFactory.createObject(ObjectFactory.java:333)
	at com.topcoder.util.objectfactory.ObjectFactory.createObject(ObjectFactory.java:112)
	at com.orpheus.auction.persistence.AuctionPersistenceHelper.createObject(AuctionPersistenceHelper.java:215)
	at com.orpheus.auction.persistence.impl.SQLServerAuctionDAO.&lt;init&gt;(SQLServerAuctionDAO.java:151)
	at com.orpheus.auction.persistence.failuretests.SQLServerAuctionDAOFailureTest.setUp(SQLServerAuctionDAOFailureTest.java:45)
Caused by: com.topcoder.db.connectionfactory.ConfigurationException: Unexpected errors- , caused by null
	at com.topcoder.db.connectionfactory.DBConnectionFactoryImpl.&lt;init&gt;(DBConnectionFactoryImpl.java:211)
	... 26 more
Caused by: java.lang.reflect.InvocationTargetException
	at java.lang.reflect.Constructor.newInstance(Constructor.java:274)
	at com.topcoder.db.connectionfactory.DBConnectionFactoryImpl.&lt;init&gt;(DBConnectionFactoryImpl.java:190)
	... 26 more
Caused by: java.lang.ClassNotFoundException: The class name com.microsoft.sqlserver.jdbc.SQLServerDriver is invalid.
	at com.topcoder.db.connectionfactory.producers.JDBCConnectionProducer.&lt;init&gt;(JDBCConnectionProducer.java:236)
	... 31 more
Caused by: java.lang.ClassNotFoundException: com.microsoft.sqlserver.jdbc.SQLServerDriver
	at java.net.URLClassLoader$1.run(URLClassLoader.java:199)
	at java.security.AccessController.doPrivileged(Native Method)
	at java.net.URLClassLoader.findClass(URLClassLoader.java:187)
	at java.lang.ClassLoader.loadClass(ClassLoader.java:289)
	at sun.misc.Launcher$AppClassLoader.loadClass(Launcher.java:274)
	at java.lang.ClassLoader.loadClass(ClassLoader.java:235)
	at java.lang.ClassLoader.loadClassInternal(ClassLoader.java:302)
	at java.lang.Class.forName0(Native Method)
	at java.lang.Class.forName(Class.java:141)
	at com.topcoder.db.connectionfactory.producers.JDBCConnectionProducer.&lt;init&gt;(JDBCConnectionProducer.java:234)
	... 31 more
</error>
  </testcase>
  <testcase name="testSQLServerAuctionDAO3" classname="com.orpheus.auction.persistence.failuretests.SQLServerAuctionDAOFailureTest" time="0.062">
    <error message="The com.topcoder.db.connectionfactory.DBConnectionFactory instance can&apos;t be created successfully., caused by The object can not be initialized., caused by null" type="com.orpheus.auction.persistence.ObjectInstantiationException">com.orpheus.auction.persistence.ObjectInstantiationException: The com.topcoder.db.connectionfactory.DBConnectionFactory instance can&apos;t be created successfully., caused by The object can not be initialized., caused by null
	at com.orpheus.auction.persistence.AuctionPersistenceHelper.createObject(AuctionPersistenceHelper.java:223)
	at com.orpheus.auction.persistence.impl.SQLServerAuctionDAO.&lt;init&gt;(SQLServerAuctionDAO.java:151)
	at com.orpheus.auction.persistence.failuretests.SQLServerAuctionDAOFailureTest.setUp(SQLServerAuctionDAOFailureTest.java:45)
Caused by: com.topcoder.util.objectfactory.InvalidClassSpecificationException: The object can not be initialized., caused by null
	at com.topcoder.util.objectfactory.ObjectFactory.createObjectByReflection(ObjectFactory.java:623)
	at com.topcoder.util.objectfactory.ObjectFactory.createComplexSpecification(ObjectFactory.java:586)
	at com.topcoder.util.objectfactory.ObjectFactory.getObjectBySpecification(ObjectFactory.java:390)
	at com.topcoder.util.objectfactory.ObjectFactory.createObject(ObjectFactory.java:333)
	at com.topcoder.util.objectfactory.ObjectFactory.createObject(ObjectFactory.java:112)
	at com.orpheus.auction.persistence.AuctionPersistenceHelper.createObject(AuctionPersistenceHelper.java:215)
	... 16 more
Caused by: java.lang.reflect.InvocationTargetException
	at java.lang.reflect.Constructor.newInstance(Constructor.java:274)
	at com.topcoder.util.objectfactory.ObjectFactory.createObjectByReflection(ObjectFactory.java:611)
	... 21 more
Caused by: com.topcoder.db.connectionfactory.ConfigurationException: Unexpected errors- , caused by null
	at com.topcoder.db.connectionfactory.DBConnectionFactoryImpl.&lt;init&gt;(DBConnectionFactoryImpl.java:211)
	... 26 more
Caused by: java.lang.reflect.InvocationTargetException
	at java.lang.reflect.Constructor.newInstance(Constructor.java:274)
	at com.topcoder.db.connectionfactory.DBConnectionFactoryImpl.&lt;init&gt;(DBConnectionFactoryImpl.java:190)
	... 26 more
Caused by: java.lang.ClassNotFoundException: The class name com.microsoft.sqlserver.jdbc.SQLServerDriver is invalid.
	at com.topcoder.db.connectionfactory.producers.JDBCConnectionProducer.&lt;init&gt;(JDBCConnectionProducer.java:236)
	... 31 more
Caused by: java.lang.ClassNotFoundException: com.microsoft.sqlserver.jdbc.SQLServerDriver
	at java.net.URLClassLoader$1.run(URLClassLoader.java:199)
	at java.security.AccessController.doPrivileged(Native Method)
	at java.net.URLClassLoader.findClass(URLClassLoader.java:187)
	at java.lang.ClassLoader.loadClass(ClassLoader.java:289)
	at sun.misc.Launcher$AppClassLoader.loadClass(Launcher.java:274)
	at java.lang.ClassLoader.loadClass(ClassLoader.java:235)
	at java.lang.ClassLoader.loadClassInternal(ClassLoader.java:302)
	at java.lang.Class.forName0(Native Method)
	at java.lang.Class.forName(Class.java:141)
	at com.topcoder.db.connectionfactory.producers.JDBCConnectionProducer.&lt;init&gt;(JDBCConnectionProducer.java:234)
	... 31 more
Caused by:com.topcoder.util.objectfactory.InvalidClassSpecificationException: The object can not be initialized., caused by null
	at com.topcoder.util.objectfactory.ObjectFactory.createObjectByReflection(ObjectFactory.java:623)
	at com.topcoder.util.objectfactory.ObjectFactory.createComplexSpecification(ObjectFactory.java:586)
	at com.topcoder.util.objectfactory.ObjectFactory.getObjectBySpecification(ObjectFactory.java:390)
	at com.topcoder.util.objectfactory.ObjectFactory.createObject(ObjectFactory.java:333)
	at com.topcoder.util.objectfactory.ObjectFactory.createObject(ObjectFactory.java:112)
	at com.orpheus.auction.persistence.AuctionPersistenceHelper.createObject(AuctionPersistenceHelper.java:215)
	at com.orpheus.auction.persistence.impl.SQLServerAuctionDAO.&lt;init&gt;(SQLServerAuctionDAO.java:151)
	at com.orpheus.auction.persistence.failuretests.SQLServerAuctionDAOFailureTest.setUp(SQLServerAuctionDAOFailureTest.java:45)
Caused by: java.lang.reflect.InvocationTargetException
	at java.lang.reflect.Constructor.newInstance(Constructor.java:274)
	at com.topcoder.util.objectfactory.ObjectFactory.createObjectByReflection(ObjectFactory.java:611)
	... 21 more
Caused by: com.topcoder.db.connectionfactory.ConfigurationException: Unexpected errors- , caused by null
	at com.topcoder.db.connectionfactory.DBConnectionFactoryImpl.&lt;init&gt;(DBConnectionFactoryImpl.java:211)
	... 26 more
Caused by: java.lang.reflect.InvocationTargetException
	at java.lang.reflect.Constructor.newInstance(Constructor.java:274)
	at com.topcoder.db.connectionfactory.DBConnectionFactoryImpl.&lt;init&gt;(DBConnectionFactoryImpl.java:190)
	... 26 more
Caused by: java.lang.ClassNotFoundException: The class name com.microsoft.sqlserver.jdbc.SQLServerDriver is invalid.
	at com.topcoder.db.connectionfactory.producers.JDBCConnectionProducer.&lt;init&gt;(JDBCConnectionProducer.java:236)
	... 31 more
Caused by: java.lang.ClassNotFoundException: com.microsoft.sqlserver.jdbc.SQLServerDriver
	at java.net.URLClassLoader$1.run(URLClassLoader.java:199)
	at java.security.AccessController.doPrivileged(Native Method)
	at java.net.URLClassLoader.findClass(URLClassLoader.java:187)
	at java.lang.ClassLoader.loadClass(ClassLoader.java:289)
	at sun.misc.Launcher$AppClassLoader.loadClass(Launcher.java:274)
	at java.lang.ClassLoader.loadClass(ClassLoader.java:235)
	at java.lang.ClassLoader.loadClassInternal(ClassLoader.java:302)
	at java.lang.Class.forName0(Native Method)
	at java.lang.Class.forName(Class.java:141)
	at com.topcoder.db.connectionfactory.producers.JDBCConnectionProducer.&lt;init&gt;(JDBCConnectionProducer.java:234)
	... 31 more
Caused by:java.lang.reflect.InvocationTargetException
	at java.lang.reflect.Constructor.newInstance(Constructor.java:274)
	at com.topcoder.util.objectfactory.ObjectFactory.createObjectByReflection(ObjectFactory.java:611)
	at com.topcoder.util.objectfactory.ObjectFactory.createComplexSpecification(ObjectFactory.java:586)
	at com.topcoder.util.objectfactory.ObjectFactory.getObjectBySpecification(ObjectFactory.java:390)
	at com.topcoder.util.objectfactory.ObjectFactory.createObject(ObjectFactory.java:333)
	at com.topcoder.util.objectfactory.ObjectFactory.createObject(ObjectFactory.java:112)
	at com.orpheus.auction.persistence.AuctionPersistenceHelper.createObject(AuctionPersistenceHelper.java:215)
	at com.orpheus.auction.persistence.impl.SQLServerAuctionDAO.&lt;init&gt;(SQLServerAuctionDAO.java:151)
	at com.orpheus.auction.persistence.failuretests.SQLServerAuctionDAOFailureTest.setUp(SQLServerAuctionDAOFailureTest.java:45)
Caused by: com.topcoder.db.connectionfactory.ConfigurationException: Unexpected errors- , caused by null
	at com.topcoder.db.connectionfactory.DBConnectionFactoryImpl.&lt;init&gt;(DBConnectionFactoryImpl.java:211)
	... 26 more
Caused by: java.lang.reflect.InvocationTargetException
	at java.lang.reflect.Constructor.newInstance(Constructor.java:274)
	at com.topcoder.db.connectionfactory.DBConnectionFactoryImpl.&lt;init&gt;(DBConnectionFactoryImpl.java:190)
	... 26 more
Caused by: java.lang.ClassNotFoundException: The class name com.microsoft.sqlserver.jdbc.SQLServerDriver is invalid.
	at com.topcoder.db.connectionfactory.producers.JDBCConnectionProducer.&lt;init&gt;(JDBCConnectionProducer.java:236)
	... 31 more
Caused by: java.lang.ClassNotFoundException: com.microsoft.sqlserver.jdbc.SQLServerDriver
	at java.net.URLClassLoader$1.run(URLClassLoader.java:199)
	at java.security.AccessController.doPrivileged(Native Method)
	at java.net.URLClassLoader.findClass(URLClassLoader.java:187)
	at java.lang.ClassLoader.loadClass(ClassLoader.java:289)
	at sun.misc.Launcher$AppClassLoader.loadClass(Launcher.java:274)
	at java.lang.ClassLoader.loadClass(ClassLoader.java:235)
	at java.lang.ClassLoader.loadClassInternal(ClassLoader.java:302)
	at java.lang.Class.forName0(Native Method)
	at java.lang.Class.forName(Class.java:141)
	at com.topcoder.db.connectionfactory.producers.JDBCConnectionProducer.&lt;init&gt;(JDBCConnectionProducer.java:234)
	... 31 more
</error>
  </testcase>
  <testcase name="testSQLServerAuctionDAO4" classname="com.orpheus.auction.persistence.failuretests.SQLServerAuctionDAOFailureTest" time="0.047">
    <error message="The com.topcoder.db.connectionfactory.DBConnectionFactory instance can&apos;t be created successfully., caused by The object can not be initialized., caused by null" type="com.orpheus.auction.persistence.ObjectInstantiationException">com.orpheus.auction.persistence.ObjectInstantiationException: The com.topcoder.db.connectionfactory.DBConnectionFactory instance can&apos;t be created successfully., caused by The object can not be initialized., caused by null
	at com.orpheus.auction.persistence.AuctionPersistenceHelper.createObject(AuctionPersistenceHelper.java:223)
	at com.orpheus.auction.persistence.impl.SQLServerAuctionDAO.&lt;init&gt;(SQLServerAuctionDAO.java:151)
	at com.orpheus.auction.persistence.failuretests.SQLServerAuctionDAOFailureTest.setUp(SQLServerAuctionDAOFailureTest.java:45)
Caused by: com.topcoder.util.objectfactory.InvalidClassSpecificationException: The object can not be initialized., caused by null
	at com.topcoder.util.objectfactory.ObjectFactory.createObjectByReflection(ObjectFactory.java:623)
	at com.topcoder.util.objectfactory.ObjectFactory.createComplexSpecification(ObjectFactory.java:586)
	at com.topcoder.util.objectfactory.ObjectFactory.getObjectBySpecification(ObjectFactory.java:390)
	at com.topcoder.util.objectfactory.ObjectFactory.createObject(ObjectFactory.java:333)
	at com.topcoder.util.objectfactory.ObjectFactory.createObject(ObjectFactory.java:112)
	at com.orpheus.auction.persistence.AuctionPersistenceHelper.createObject(AuctionPersistenceHelper.java:215)
	... 16 more
Caused by: java.lang.reflect.InvocationTargetException
	at java.lang.reflect.Constructor.newInstance(Constructor.java:274)
	at com.topcoder.util.objectfactory.ObjectFactory.createObjectByReflection(ObjectFactory.java:611)
	... 21 more
Caused by: com.topcoder.db.connectionfactory.ConfigurationException: Unexpected errors- , caused by null
	at com.topcoder.db.connectionfactory.DBConnectionFactoryImpl.&lt;init&gt;(DBConnectionFactoryImpl.java:211)
	... 26 more
Caused by: java.lang.reflect.InvocationTargetException
	at java.lang.reflect.Constructor.newInstance(Constructor.java:274)
	at com.topcoder.db.connectionfactory.DBConnectionFactoryImpl.&lt;init&gt;(DBConnectionFactoryImpl.java:190)
	... 26 more
Caused by: java.lang.ClassNotFoundException: The class name com.microsoft.sqlserver.jdbc.SQLServerDriver is invalid.
	at com.topcoder.db.connectionfactory.producers.JDBCConnectionProducer.&lt;init&gt;(JDBCConnectionProducer.java:236)
	... 31 more
Caused by: java.lang.ClassNotFoundException: com.microsoft.sqlserver.jdbc.SQLServerDriver
	at java.net.URLClassLoader$1.run(URLClassLoader.java:199)
	at java.security.AccessController.doPrivileged(Native Method)
	at java.net.URLClassLoader.findClass(URLClassLoader.java:187)
	at java.lang.ClassLoader.loadClass(ClassLoader.java:289)
	at sun.misc.Launcher$AppClassLoader.loadClass(Launcher.java:274)
	at java.lang.ClassLoader.loadClass(ClassLoader.java:235)
	at java.lang.ClassLoader.loadClassInternal(ClassLoader.java:302)
	at java.lang.Class.forName0(Native Method)
	at java.lang.Class.forName(Class.java:141)
	at com.topcoder.db.connectionfactory.producers.JDBCConnectionProducer.&lt;init&gt;(JDBCConnectionProducer.java:234)
	... 31 more
Caused by:com.topcoder.util.objectfactory.InvalidClassSpecificationException: The object can not be initialized., caused by null
	at com.topcoder.util.objectfactory.ObjectFactory.createObjectByReflection(ObjectFactory.java:623)
	at com.topcoder.util.objectfactory.ObjectFactory.createComplexSpecification(ObjectFactory.java:586)
	at com.topcoder.util.objectfactory.ObjectFactory.getObjectBySpecification(ObjectFactory.java:390)
	at com.topcoder.util.objectfactory.ObjectFactory.createObject(ObjectFactory.java:333)
	at com.topcoder.util.objectfactory.ObjectFactory.createObject(ObjectFactory.java:112)
	at com.orpheus.auction.persistence.AuctionPersistenceHelper.createObject(AuctionPersistenceHelper.java:215)
	at com.orpheus.auction.persistence.impl.SQLServerAuctionDAO.&lt;init&gt;(SQLServerAuctionDAO.java:151)
	at com.orpheus.auction.persistence.failuretests.SQLServerAuctionDAOFailureTest.setUp(SQLServerAuctionDAOFailureTest.java:45)
Caused by: java.lang.reflect.InvocationTargetException
	at java.lang.reflect.Constructor.newInstance(Constructor.java:274)
	at com.topcoder.util.objectfactory.ObjectFactory.createObjectByReflection(ObjectFactory.java:611)
	... 21 more
Caused by: com.topcoder.db.connectionfactory.ConfigurationException: Unexpected errors- , caused by null
	at com.topcoder.db.connectionfactory.DBConnectionFactoryImpl.&lt;init&gt;(DBConnectionFactoryImpl.java:211)
	... 26 more
Caused by: java.lang.reflect.InvocationTargetException
	at java.lang.reflect.Constructor.newInstance(Constructor.java:274)
	at com.topcoder.db.connectionfactory.DBConnectionFactoryImpl.&lt;init&gt;(DBConnectionFactoryImpl.java:190)
	... 26 more
Caused by: java.lang.ClassNotFoundException: The class name com.microsoft.sqlserver.jdbc.SQLServerDriver is invalid.
	at com.topcoder.db.connectionfactory.producers.JDBCConnectionProducer.&lt;init&gt;(JDBCConnectionProducer.java:236)
	... 31 more
Caused by: java.lang.ClassNotFoundException: com.microsoft.sqlserver.jdbc.SQLServerDriver
	at java.net.URLClassLoader$1.run(URLClassLoader.java:199)
	at java.security.AccessController.doPrivileged(Native Method)
	at java.net.URLClassLoader.findClass(URLClassLoader.java:187)
	at java.lang.ClassLoader.loadClass(ClassLoader.java:289)
	at sun.misc.Launcher$AppClassLoader.loadClass(Launcher.java:274)
	at java.lang.ClassLoader.loadClass(ClassLoader.java:235)
	at java.lang.ClassLoader.loadClassInternal(ClassLoader.java:302)
	at java.lang.Class.forName0(Native Method)
	at java.lang.Class.forName(Class.java:141)
	at com.topcoder.db.connectionfactory.producers.JDBCConnectionProducer.&lt;init&gt;(JDBCConnectionProducer.java:234)
	... 31 more
Caused by:java.lang.reflect.InvocationTargetException
	at java.lang.reflect.Constructor.newInstance(Constructor.java:274)
	at com.topcoder.util.objectfactory.ObjectFactory.createObjectByReflection(ObjectFactory.java:611)
	at com.topcoder.util.objectfactory.ObjectFactory.createComplexSpecification(ObjectFactory.java:586)
	at com.topcoder.util.objectfactory.ObjectFactory.getObjectBySpecification(ObjectFactory.java:390)
	at com.topcoder.util.objectfactory.ObjectFactory.createObject(ObjectFactory.java:333)
	at com.topcoder.util.objectfactory.ObjectFactory.createObject(ObjectFactory.java:112)
	at com.orpheus.auction.persistence.AuctionPersistenceHelper.createObject(AuctionPersistenceHelper.java:215)
	at com.orpheus.auction.persistence.impl.SQLServerAuctionDAO.&lt;init&gt;(SQLServerAuctionDAO.java:151)
	at com.orpheus.auction.persistence.failuretests.SQLServerAuctionDAOFailureTest.setUp(SQLServerAuctionDAOFailureTest.java:45)
Caused by: com.topcoder.db.connectionfactory.ConfigurationException: Unexpected errors- , caused by null
	at com.topcoder.db.connectionfactory.DBConnectionFactoryImpl.&lt;init&gt;(DBConnectionFactoryImpl.java:211)
	... 26 more
Caused by: java.lang.reflect.InvocationTargetException
	at java.lang.reflect.Constructor.newInstance(Constructor.java:274)
	at com.topcoder.db.connectionfactory.DBConnectionFactoryImpl.&lt;init&gt;(DBConnectionFactoryImpl.java:190)
	... 26 more
Caused by: java.lang.ClassNotFoundException: The class name com.microsoft.sqlserver.jdbc.SQLServerDriver is invalid.
	at com.topcoder.db.connectionfactory.producers.JDBCConnectionProducer.&lt;init&gt;(JDBCConnectionProducer.java:236)
	... 31 more
Caused by: java.lang.ClassNotFoundException: com.microsoft.sqlserver.jdbc.SQLServerDriver
	at java.net.URLClassLoader$1.run(URLClassLoader.java:199)
	at java.security.AccessController.doPrivileged(Native Method)
	at java.net.URLClassLoader.findClass(URLClassLoader.java:187)
	at java.lang.ClassLoader.loadClass(ClassLoader.java:289)
	at sun.misc.Launcher$AppClassLoader.loadClass(Launcher.java:274)
	at java.lang.ClassLoader.loadClass(ClassLoader.java:235)
	at java.lang.ClassLoader.loadClassInternal(ClassLoader.java:302)
	at java.lang.Class.forName0(Native Method)
	at java.lang.Class.forName(Class.java:141)
	at com.topcoder.db.connectionfactory.producers.JDBCConnectionProducer.&lt;init&gt;(JDBCConnectionProducer.java:234)
	... 31 more
</error>
  </testcase>
  <testcase name="testSQLServerAuctionDAO5" classname="com.orpheus.auction.persistence.failuretests.SQLServerAuctionDAOFailureTest" time="0.063">
    <error message="The com.topcoder.db.connectionfactory.DBConnectionFactory instance can&apos;t be created successfully., caused by The object can not be initialized., caused by null" type="com.orpheus.auction.persistence.ObjectInstantiationException">com.orpheus.auction.persistence.ObjectInstantiationException: The com.topcoder.db.connectionfactory.DBConnectionFactory instance can&apos;t be created successfully., caused by The object can not be initialized., caused by null
	at com.orpheus.auction.persistence.AuctionPersistenceHelper.createObject(AuctionPersistenceHelper.java:223)
	at com.orpheus.auction.persistence.impl.SQLServerAuctionDAO.&lt;init&gt;(SQLServerAuctionDAO.java:151)
	at com.orpheus.auction.persistence.failuretests.SQLServerAuctionDAOFailureTest.setUp(SQLServerAuctionDAOFailureTest.java:45)
Caused by: com.topcoder.util.objectfactory.InvalidClassSpecificationException: The object can not be initialized., caused by null
	at com.topcoder.util.objectfactory.ObjectFactory.createObjectByReflection(ObjectFactory.java:623)
	at com.topcoder.util.objectfactory.ObjectFactory.createComplexSpecification(ObjectFactory.java:586)
	at com.topcoder.util.objectfactory.ObjectFactory.getObjectBySpecification(ObjectFactory.java:390)
	at com.topcoder.util.objectfactory.ObjectFactory.createObject(ObjectFactory.java:333)
	at com.topcoder.util.objectfactory.ObjectFactory.createObject(ObjectFactory.java:112)
	at com.orpheus.auction.persistence.AuctionPersistenceHelper.createObject(AuctionPersistenceHelper.java:215)
	... 16 more
Caused by: java.lang.reflect.InvocationTargetException
	at java.lang.reflect.Constructor.newInstance(Constructor.java:274)
	at com.topcoder.util.objectfactory.ObjectFactory.createObjectByReflection(ObjectFactory.java:611)
	... 21 more
Caused by: com.topcoder.db.connectionfactory.ConfigurationException: Unexpected errors- , caused by null
	at com.topcoder.db.connectionfactory.DBConnectionFactoryImpl.&lt;init&gt;(DBConnectionFactoryImpl.java:211)
	... 26 more
Caused by: java.lang.reflect.InvocationTargetException
	at java.lang.reflect.Constructor.newInstance(Constructor.java:274)
	at com.topcoder.db.connectionfactory.DBConnectionFactoryImpl.&lt;init&gt;(DBConnectionFactoryImpl.java:190)
	... 26 more
Caused by: java.lang.ClassNotFoundException: The class name com.microsoft.sqlserver.jdbc.SQLServerDriver is invalid.
	at com.topcoder.db.connectionfactory.producers.JDBCConnectionProducer.&lt;init&gt;(JDBCConnectionProducer.java:236)
	... 31 more
Caused by: java.lang.ClassNotFoundException: com.microsoft.sqlserver.jdbc.SQLServerDriver
	at java.net.URLClassLoader$1.run(URLClassLoader.java:199)
	at java.security.AccessController.doPrivileged(Native Method)
	at java.net.URLClassLoader.findClass(URLClassLoader.java:187)
	at java.lang.ClassLoader.loadClass(ClassLoader.java:289)
	at sun.misc.Launcher$AppClassLoader.loadClass(Launcher.java:274)
	at java.lang.ClassLoader.loadClass(ClassLoader.java:235)
	at java.lang.ClassLoader.loadClassInternal(ClassLoader.java:302)
	at java.lang.Class.forName0(Native Method)
	at java.lang.Class.forName(Class.java:141)
	at com.topcoder.db.connectionfactory.producers.JDBCConnectionProducer.&lt;init&gt;(JDBCConnectionProducer.java:234)
	... 31 more
Caused by:com.topcoder.util.objectfactory.InvalidClassSpecificationException: The object can not be initialized., caused by null
	at com.topcoder.util.objectfactory.ObjectFactory.createObjectByReflection(ObjectFactory.java:623)
	at com.topcoder.util.objectfactory.ObjectFactory.createComplexSpecification(ObjectFactory.java:586)
	at com.topcoder.util.objectfactory.ObjectFactory.getObjectBySpecification(ObjectFactory.java:390)
	at com.topcoder.util.objectfactory.ObjectFactory.createObject(ObjectFactory.java:333)
	at com.topcoder.util.objectfactory.ObjectFactory.createObject(ObjectFactory.java:112)
	at com.orpheus.auction.persistence.AuctionPersistenceHelper.createObject(AuctionPersistenceHelper.java:215)
	at com.orpheus.auction.persistence.impl.SQLServerAuctionDAO.&lt;init&gt;(SQLServerAuctionDAO.java:151)
	at com.orpheus.auction.persistence.failuretests.SQLServerAuctionDAOFailureTest.setUp(SQLServerAuctionDAOFailureTest.java:45)
Caused by: java.lang.reflect.InvocationTargetException
	at java.lang.reflect.Constructor.newInstance(Constructor.java:274)
	at com.topcoder.util.objectfactory.ObjectFactory.createObjectByReflection(ObjectFactory.java:611)
	... 21 more
Caused by: com.topcoder.db.connectionfactory.ConfigurationException: Unexpected errors- , caused by null
	at com.topcoder.db.connectionfactory.DBConnectionFactoryImpl.&lt;init&gt;(DBConnectionFactoryImpl.java:211)
	... 26 more
Caused by: java.lang.reflect.InvocationTargetException
	at java.lang.reflect.Constructor.newInstance(Constructor.java:274)
	at com.topcoder.db.connectionfactory.DBConnectionFactoryImpl.&lt;init&gt;(DBConnectionFactoryImpl.java:190)
	... 26 more
Caused by: java.lang.ClassNotFoundException: The class name com.microsoft.sqlserver.jdbc.SQLServerDriver is invalid.
	at com.topcoder.db.connectionfactory.producers.JDBCConnectionProducer.&lt;init&gt;(JDBCConnectionProducer.java:236)
	... 31 more
Caused by: java.lang.ClassNotFoundException: com.microsoft.sqlserver.jdbc.SQLServerDriver
	at java.net.URLClassLoader$1.run(URLClassLoader.java:199)
	at java.security.AccessController.doPrivileged(Native Method)
	at java.net.URLClassLoader.findClass(URLClassLoader.java:187)
	at java.lang.ClassLoader.loadClass(ClassLoader.java:289)
	at sun.misc.Launcher$AppClassLoader.loadClass(Launcher.java:274)
	at java.lang.ClassLoader.loadClass(ClassLoader.java:235)
	at java.lang.ClassLoader.loadClassInternal(ClassLoader.java:302)
	at java.lang.Class.forName0(Native Method)
	at java.lang.Class.forName(Class.java:141)
	at com.topcoder.db.connectionfactory.producers.JDBCConnectionProducer.&lt;init&gt;(JDBCConnectionProducer.java:234)
	... 31 more
Caused by:java.lang.reflect.InvocationTargetException
	at java.lang.reflect.Constructor.newInstance(Constructor.java:274)
	at com.topcoder.util.objectfactory.ObjectFactory.createObjectByReflection(ObjectFactory.java:611)
	at com.topcoder.util.objectfactory.ObjectFactory.createComplexSpecification(ObjectFactory.java:586)
	at com.topcoder.util.objectfactory.ObjectFactory.getObjectBySpecification(ObjectFactory.java:390)
	at com.topcoder.util.objectfactory.ObjectFactory.createObject(ObjectFactory.java:333)
	at com.topcoder.util.objectfactory.ObjectFactory.createObject(ObjectFactory.java:112)
	at com.orpheus.auction.persistence.AuctionPersistenceHelper.createObject(AuctionPersistenceHelper.java:215)
	at com.orpheus.auction.persistence.impl.SQLServerAuctionDAO.&lt;init&gt;(SQLServerAuctionDAO.java:151)
	at com.orpheus.auction.persistence.failuretests.SQLServerAuctionDAOFailureTest.setUp(SQLServerAuctionDAOFailureTest.java:45)
Caused by: com.topcoder.db.connectionfactory.ConfigurationException: Unexpected errors- , caused by null
	at com.topcoder.db.connectionfactory.DBConnectionFactoryImpl.&lt;init&gt;(DBConnectionFactoryImpl.java:211)
	... 26 more
Caused by: java.lang.reflect.InvocationTargetException
	at java.lang.reflect.Constructor.newInstance(Constructor.java:274)
	at com.topcoder.db.connectionfactory.DBConnectionFactoryImpl.&lt;init&gt;(DBConnectionFactoryImpl.java:190)
	... 26 more
Caused by: java.lang.ClassNotFoundException: The class name com.microsoft.sqlserver.jdbc.SQLServerDriver is invalid.
	at com.topcoder.db.connectionfactory.producers.JDBCConnectionProducer.&lt;init&gt;(JDBCConnectionProducer.java:236)
	... 31 more
Caused by: java.lang.ClassNotFoundException: com.microsoft.sqlserver.jdbc.SQLServerDriver
	at java.net.URLClassLoader$1.run(URLClassLoader.java:199)
	at java.security.AccessController.doPrivileged(Native Method)
	at java.net.URLClassLoader.findClass(URLClassLoader.java:187)
	at java.lang.ClassLoader.loadClass(ClassLoader.java:289)
	at sun.misc.Launcher$AppClassLoader.loadClass(Launcher.java:274)
	at java.lang.ClassLoader.loadClass(ClassLoader.java:235)
	at java.lang.ClassLoader.loadClassInternal(ClassLoader.java:302)
	at java.lang.Class.forName0(Native Method)
	at java.lang.Class.forName(Class.java:141)
	at com.topcoder.db.connectionfactory.producers.JDBCConnectionProducer.&lt;init&gt;(JDBCConnectionProducer.java:234)
	... 31 more
</error>
  </testcase>
  <testcase name="testSQLServerAuctionDAO6" classname="com.orpheus.auction.persistence.failuretests.SQLServerAuctionDAOFailureTest" time="0.062">
    <error message="The com.topcoder.db.connectionfactory.DBConnectionFactory instance can&apos;t be created successfully., caused by The object can not be initialized., caused by null" type="com.orpheus.auction.persistence.ObjectInstantiationException">com.orpheus.auction.persistence.ObjectInstantiationException: The com.topcoder.db.connectionfactory.DBConnectionFactory instance can&apos;t be created successfully., caused by The object can not be initialized., caused by null
	at com.orpheus.auction.persistence.AuctionPersistenceHelper.createObject(AuctionPersistenceHelper.java:223)
	at com.orpheus.auction.persistence.impl.SQLServerAuctionDAO.&lt;init&gt;(SQLServerAuctionDAO.java:151)
	at com.orpheus.auction.persistence.failuretests.SQLServerAuctionDAOFailureTest.setUp(SQLServerAuctionDAOFailureTest.java:45)
Caused by: com.topcoder.util.objectfactory.InvalidClassSpecificationException: The object can not be initialized., caused by null
	at com.topcoder.util.objectfactory.ObjectFactory.createObjectByReflection(ObjectFactory.java:623)
	at com.topcoder.util.objectfactory.ObjectFactory.createComplexSpecification(ObjectFactory.java:586)
	at com.topcoder.util.objectfactory.ObjectFactory.getObjectBySpecification(ObjectFactory.java:390)
	at com.topcoder.util.objectfactory.ObjectFactory.createObject(ObjectFactory.java:333)
	at com.topcoder.util.objectfactory.ObjectFactory.createObject(ObjectFactory.java:112)
	at com.orpheus.auction.persistence.AuctionPersistenceHelper.createObject(AuctionPersistenceHelper.java:215)
	... 16 more
Caused by: java.lang.reflect.InvocationTargetException
	at java.lang.reflect.Constructor.newInstance(Constructor.java:274)
	at com.topcoder.util.objectfactory.ObjectFactory.createObjectByReflection(ObjectFactory.java:611)
	... 21 more
Caused by: com.topcoder.db.connectionfactory.ConfigurationException: Unexpected errors- , caused by null
	at com.topcoder.db.connectionfactory.DBConnectionFactoryImpl.&lt;init&gt;(DBConnectionFactoryImpl.java:211)
	... 26 more
Caused by: java.lang.reflect.InvocationTargetException
	at java.lang.reflect.Constructor.newInstance(Constructor.java:274)
	at com.topcoder.db.connectionfactory.DBConnectionFactoryImpl.&lt;init&gt;(DBConnectionFactoryImpl.java:190)
	... 26 more
Caused by: java.lang.ClassNotFoundException: The class name com.microsoft.sqlserver.jdbc.SQLServerDriver is invalid.
	at com.topcoder.db.connectionfactory.producers.JDBCConnectionProducer.&lt;init&gt;(JDBCConnectionProducer.java:236)
	... 31 more
Caused by: java.lang.ClassNotFoundException: com.microsoft.sqlserver.jdbc.SQLServerDriver
	at java.net.URLClassLoader$1.run(URLClassLoader.java:199)
	at java.security.AccessController.doPrivileged(Native Method)
	at java.net.URLClassLoader.findClass(URLClassLoader.java:187)
	at java.lang.ClassLoader.loadClass(ClassLoader.java:289)
	at sun.misc.Launcher$AppClassLoader.loadClass(Launcher.java:274)
	at java.lang.ClassLoader.loadClass(ClassLoader.java:235)
	at java.lang.ClassLoader.loadClassInternal(ClassLoader.java:302)
	at java.lang.Class.forName0(Native Method)
	at java.lang.Class.forName(Class.java:141)
	at com.topcoder.db.connectionfactory.producers.JDBCConnectionProducer.&lt;init&gt;(JDBCConnectionProducer.java:234)
	... 31 more
Caused by:com.topcoder.util.objectfactory.InvalidClassSpecificationException: The object can not be initialized., caused by null
	at com.topcoder.util.objectfactory.ObjectFactory.createObjectByReflection(ObjectFactory.java:623)
	at com.topcoder.util.objectfactory.ObjectFactory.createComplexSpecification(ObjectFactory.java:586)
	at com.topcoder.util.objectfactory.ObjectFactory.getObjectBySpecification(ObjectFactory.java:390)
	at com.topcoder.util.objectfactory.ObjectFactory.createObject(ObjectFactory.java:333)
	at com.topcoder.util.objectfactory.ObjectFactory.createObject(ObjectFactory.java:112)
	at com.orpheus.auction.persistence.AuctionPersistenceHelper.createObject(AuctionPersistenceHelper.java:215)
	at com.orpheus.auction.persistence.impl.SQLServerAuctionDAO.&lt;init&gt;(SQLServerAuctionDAO.java:151)
	at com.orpheus.auction.persistence.failuretests.SQLServerAuctionDAOFailureTest.setUp(SQLServerAuctionDAOFailureTest.java:45)
Caused by: java.lang.reflect.InvocationTargetException
	at java.lang.reflect.Constructor.newInstance(Constructor.java:274)
	at com.topcoder.util.objectfactory.ObjectFactory.createObjectByReflection(ObjectFactory.java:611)
	... 21 more
Caused by: com.topcoder.db.connectionfactory.ConfigurationException: Unexpected errors- , caused by null
	at com.topcoder.db.connectionfactory.DBConnectionFactoryImpl.&lt;init&gt;(DBConnectionFactoryImpl.java:211)
	... 26 more
Caused by: java.lang.reflect.InvocationTargetException
	at java.lang.reflect.Constructor.newInstance(Constructor.java:274)
	at com.topcoder.db.connectionfactory.DBConnectionFactoryImpl.&lt;init&gt;(DBConnectionFactoryImpl.java:190)
	... 26 more
Caused by: java.lang.ClassNotFoundException: The class name com.microsoft.sqlserver.jdbc.SQLServerDriver is invalid.
	at com.topcoder.db.connectionfactory.producers.JDBCConnectionProducer.&lt;init&gt;(JDBCConnectionProducer.java:236)
	... 31 more
Caused by: java.lang.ClassNotFoundException: com.microsoft.sqlserver.jdbc.SQLServerDriver
	at java.net.URLClassLoader$1.run(URLClassLoader.java:199)
	at java.security.AccessController.doPrivileged(Native Method)
	at java.net.URLClassLoader.findClass(URLClassLoader.java:187)
	at java.lang.ClassLoader.loadClass(ClassLoader.java:289)
	at sun.misc.Launcher$AppClassLoader.loadClass(Launcher.java:274)
	at java.lang.ClassLoader.loadClass(ClassLoader.java:235)
	at java.lang.ClassLoader.loadClassInternal(ClassLoader.java:302)
	at java.lang.Class.forName0(Native Method)
	at java.lang.Class.forName(Class.java:141)
	at com.topcoder.db.connectionfactory.producers.JDBCConnectionProducer.&lt;init&gt;(JDBCConnectionProducer.java:234)
	... 31 more
Caused by:java.lang.reflect.InvocationTargetException
	at java.lang.reflect.Constructor.newInstance(Constructor.java:274)
	at com.topcoder.util.objectfactory.ObjectFactory.createObjectByReflection(ObjectFactory.java:611)
	at com.topcoder.util.objectfactory.ObjectFactory.createComplexSpecification(ObjectFactory.java:586)
	at com.topcoder.util.objectfactory.ObjectFactory.getObjectBySpecification(ObjectFactory.java:390)
	at com.topcoder.util.objectfactory.ObjectFactory.createObject(ObjectFactory.java:333)
	at com.topcoder.util.objectfactory.ObjectFactory.createObject(ObjectFactory.java:112)
	at com.orpheus.auction.persistence.AuctionPersistenceHelper.createObject(AuctionPersistenceHelper.java:215)
	at com.orpheus.auction.persistence.impl.SQLServerAuctionDAO.&lt;init&gt;(SQLServerAuctionDAO.java:151)
	at com.orpheus.auction.persistence.failuretests.SQLServerAuctionDAOFailureTest.setUp(SQLServerAuctionDAOFailureTest.java:45)
Caused by: com.topcoder.db.connectionfactory.ConfigurationException: Unexpected errors- , caused by null
	at com.topcoder.db.connectionfactory.DBConnectionFactoryImpl.&lt;init&gt;(DBConnectionFactoryImpl.java:211)
	... 26 more
Caused by: java.lang.reflect.InvocationTargetException
	at java.lang.reflect.Constructor.newInstance(Constructor.java:274)
	at com.topcoder.db.connectionfactory.DBConnectionFactoryImpl.&lt;init&gt;(DBConnectionFactoryImpl.java:190)
	... 26 more
Caused by: java.lang.ClassNotFoundException: The class name com.microsoft.sqlserver.jdbc.SQLServerDriver is invalid.
	at com.topcoder.db.connectionfactory.producers.JDBCConnectionProducer.&lt;init&gt;(JDBCConnectionProducer.java:236)
	... 31 more
Caused by: java.lang.ClassNotFoundException: com.microsoft.sqlserver.jdbc.SQLServerDriver
	at java.net.URLClassLoader$1.run(URLClassLoader.java:199)
	at java.security.AccessController.doPrivileged(Native Method)
	at java.net.URLClassLoader.findClass(URLClassLoader.java:187)
	at java.lang.ClassLoader.loadClass(ClassLoader.java:289)
	at sun.misc.Launcher$AppClassLoader.loadClass(Launcher.java:274)
	at java.lang.ClassLoader.loadClass(ClassLoader.java:235)
	at java.lang.ClassLoader.loadClassInternal(ClassLoader.java:302)
	at java.lang.Class.forName0(Native Method)
	at java.lang.Class.forName(Class.java:141)
	at com.topcoder.db.connectionfactory.producers.JDBCConnectionProducer.&lt;init&gt;(JDBCConnectionProducer.java:234)
	... 31 more
</error>
  </testcase>
  <testcase name="testSQLServerAuctionDAO7" classname="com.orpheus.auction.persistence.failuretests.SQLServerAuctionDAOFailureTest" time="0.063">
    <error message="The com.topcoder.db.connectionfactory.DBConnectionFactory instance can&apos;t be created successfully., caused by The object can not be initialized., caused by null" type="com.orpheus.auction.persistence.ObjectInstantiationException">com.orpheus.auction.persistence.ObjectInstantiationException: The com.topcoder.db.connectionfactory.DBConnectionFactory instance can&apos;t be created successfully., caused by The object can not be initialized., caused by null
	at com.orpheus.auction.persistence.AuctionPersistenceHelper.createObject(AuctionPersistenceHelper.java:223)
	at com.orpheus.auction.persistence.impl.SQLServerAuctionDAO.&lt;init&gt;(SQLServerAuctionDAO.java:151)
	at com.orpheus.auction.persistence.failuretests.SQLServerAuctionDAOFailureTest.setUp(SQLServerAuctionDAOFailureTest.java:45)
Caused by: com.topcoder.util.objectfactory.InvalidClassSpecificationException: The object can not be initialized., caused by null
	at com.topcoder.util.objectfactory.ObjectFactory.createObjectByReflection(ObjectFactory.java:623)
	at com.topcoder.util.objectfactory.ObjectFactory.createComplexSpecification(ObjectFactory.java:586)
	at com.topcoder.util.objectfactory.ObjectFactory.getObjectBySpecification(ObjectFactory.java:390)
	at com.topcoder.util.objectfactory.ObjectFactory.createObject(ObjectFactory.java:333)
	at com.topcoder.util.objectfactory.ObjectFactory.createObject(ObjectFactory.java:112)
	at com.orpheus.auction.persistence.AuctionPersistenceHelper.createObject(AuctionPersistenceHelper.java:215)
	... 16 more
Caused by: java.lang.reflect.InvocationTargetException
	at java.lang.reflect.Constructor.newInstance(Constructor.java:274)
	at com.topcoder.util.objectfactory.ObjectFactory.createObjectByReflection(ObjectFactory.java:611)
	... 21 more
Caused by: com.topcoder.db.connectionfactory.ConfigurationException: Unexpected errors- , caused by null
	at com.topcoder.db.connectionfactory.DBConnectionFactoryImpl.&lt;init&gt;(DBConnectionFactoryImpl.java:211)
	... 26 more
Caused by: java.lang.reflect.InvocationTargetException
	at java.lang.reflect.Constructor.newInstance(Constructor.java:274)
	at com.topcoder.db.connectionfactory.DBConnectionFactoryImpl.&lt;init&gt;(DBConnectionFactoryImpl.java:190)
	... 26 more
Caused by: java.lang.ClassNotFoundException: The class name com.microsoft.sqlserver.jdbc.SQLServerDriver is invalid.
	at com.topcoder.db.connectionfactory.producers.JDBCConnectionProducer.&lt;init&gt;(JDBCConnectionProducer.java:236)
	... 31 more
Caused by: java.lang.ClassNotFoundException: com.microsoft.sqlserver.jdbc.SQLServerDriver
	at java.net.URLClassLoader$1.run(URLClassLoader.java:199)
	at java.security.AccessController.doPrivileged(Native Method)
	at java.net.URLClassLoader.findClass(URLClassLoader.java:187)
	at java.lang.ClassLoader.loadClass(ClassLoader.java:289)
	at sun.misc.Launcher$AppClassLoader.loadClass(Launcher.java:274)
	at java.lang.ClassLoader.loadClass(ClassLoader.java:235)
	at java.lang.ClassLoader.loadClassInternal(ClassLoader.java:302)
	at java.lang.Class.forName0(Native Method)
	at java.lang.Class.forName(Class.java:141)
	at com.topcoder.db.connectionfactory.producers.JDBCConnectionProducer.&lt;init&gt;(JDBCConnectionProducer.java:234)
	... 31 more
Caused by:com.topcoder.util.objectfactory.InvalidClassSpecificationException: The object can not be initialized., caused by null
	at com.topcoder.util.objectfactory.ObjectFactory.createObjectByReflection(ObjectFactory.java:623)
	at com.topcoder.util.objectfactory.ObjectFactory.createComplexSpecification(ObjectFactory.java:586)
	at com.topcoder.util.objectfactory.ObjectFactory.getObjectBySpecification(ObjectFactory.java:390)
	at com.topcoder.util.objectfactory.ObjectFactory.createObject(ObjectFactory.java:333)
	at com.topcoder.util.objectfactory.ObjectFactory.createObject(ObjectFactory.java:112)
	at com.orpheus.auction.persistence.AuctionPersistenceHelper.createObject(AuctionPersistenceHelper.java:215)
	at com.orpheus.auction.persistence.impl.SQLServerAuctionDAO.&lt;init&gt;(SQLServerAuctionDAO.java:151)
	at com.orpheus.auction.persistence.failuretests.SQLServerAuctionDAOFailureTest.setUp(SQLServerAuctionDAOFailureTest.java:45)
Caused by: java.lang.reflect.InvocationTargetException
	at java.lang.reflect.Constructor.newInstance(Constructor.java:274)
	at com.topcoder.util.objectfactory.ObjectFactory.createObjectByReflection(ObjectFactory.java:611)
	... 21 more
Caused by: com.topcoder.db.connectionfactory.ConfigurationException: Unexpected errors- , caused by null
	at com.topcoder.db.connectionfactory.DBConnectionFactoryImpl.&lt;init&gt;(DBConnectionFactoryImpl.java:211)
	... 26 more
Caused by: java.lang.reflect.InvocationTargetException
	at java.lang.reflect.Constructor.newInstance(Constructor.java:274)
	at com.topcoder.db.connectionfactory.DBConnectionFactoryImpl.&lt;init&gt;(DBConnectionFactoryImpl.java:190)
	... 26 more
Caused by: java.lang.ClassNotFoundException: The class name com.microsoft.sqlserver.jdbc.SQLServerDriver is invalid.
	at com.topcoder.db.connectionfactory.producers.JDBCConnectionProducer.&lt;init&gt;(JDBCConnectionProducer.java:236)
	... 31 more
Caused by: java.lang.ClassNotFoundException: com.microsoft.sqlserver.jdbc.SQLServerDriver
	at java.net.URLClassLoader$1.run(URLClassLoader.java:199)
	at java.security.AccessController.doPrivileged(Native Method)
	at java.net.URLClassLoader.findClass(URLClassLoader.java:187)
	at java.lang.ClassLoader.loadClass(ClassLoader.java:289)
	at sun.misc.Launcher$AppClassLoader.loadClass(Launcher.java:274)
	at java.lang.ClassLoader.loadClass(ClassLoader.java:235)
	at java.lang.ClassLoader.loadClassInternal(ClassLoader.java:302)
	at java.lang.Class.forName0(Native Method)
	at java.lang.Class.forName(Class.java:141)
	at com.topcoder.db.connectionfactory.producers.JDBCConnectionProducer.&lt;init&gt;(JDBCConnectionProducer.java:234)
	... 31 more
Caused by:java.lang.reflect.InvocationTargetException
	at java.lang.reflect.Constructor.newInstance(Constructor.java:274)
	at com.topcoder.util.objectfactory.ObjectFactory.createObjectByReflection(ObjectFactory.java:611)
	at com.topcoder.util.objectfactory.ObjectFactory.createComplexSpecification(ObjectFactory.java:586)
	at com.topcoder.util.objectfactory.ObjectFactory.getObjectBySpecification(ObjectFactory.java:390)
	at com.topcoder.util.objectfactory.ObjectFactory.createObject(ObjectFactory.java:333)
	at com.topcoder.util.objectfactory.ObjectFactory.createObject(ObjectFactory.java:112)
	at com.orpheus.auction.persistence.AuctionPersistenceHelper.createObject(AuctionPersistenceHelper.java:215)
	at com.orpheus.auction.persistence.impl.SQLServerAuctionDAO.&lt;init&gt;(SQLServerAuctionDAO.java:151)
	at com.orpheus.auction.persistence.failuretests.SQLServerAuctionDAOFailureTest.setUp(SQLServerAuctionDAOFailureTest.java:45)
Caused by: com.topcoder.db.connectionfactory.ConfigurationException: Unexpected errors- , caused by null
	at com.topcoder.db.connectionfactory.DBConnectionFactoryImpl.&lt;init&gt;(DBConnectionFactoryImpl.java:211)
	... 26 more
Caused by: java.lang.reflect.InvocationTargetException
	at java.lang.reflect.Constructor.newInstance(Constructor.java:274)
	at com.topcoder.db.connectionfactory.DBConnectionFactoryImpl.&lt;init&gt;(DBConnectionFactoryImpl.java:190)
	... 26 more
Caused by: java.lang.ClassNotFoundException: The class name com.microsoft.sqlserver.jdbc.SQLServerDriver is invalid.
	at com.topcoder.db.connectionfactory.producers.JDBCConnectionProducer.&lt;init&gt;(JDBCConnectionProducer.java:236)
	... 31 more
Caused by: java.lang.ClassNotFoundException: com.microsoft.sqlserver.jdbc.SQLServerDriver
	at java.net.URLClassLoader$1.run(URLClassLoader.java:199)
	at java.security.AccessController.doPrivileged(Native Method)
	at java.net.URLClassLoader.findClass(URLClassLoader.java:187)
	at java.lang.ClassLoader.loadClass(ClassLoader.java:289)
	at sun.misc.Launcher$AppClassLoader.loadClass(Launcher.java:274)
	at java.lang.ClassLoader.loadClass(ClassLoader.java:235)
	at java.lang.ClassLoader.loadClassInternal(ClassLoader.java:302)
	at java.lang.Class.forName0(Native Method)
	at java.lang.Class.forName(Class.java:141)
	at com.topcoder.db.connectionfactory.producers.JDBCConnectionProducer.&lt;init&gt;(JDBCConnectionProducer.java:234)
	... 31 more
</error>
  </testcase>
  <testcase name="testSQLServerAuctionDAO8" classname="com.orpheus.auction.persistence.failuretests.SQLServerAuctionDAOFailureTest" time="0.062">
    <error message="The com.topcoder.db.connectionfactory.DBConnectionFactory instance can&apos;t be created successfully., caused by The object can not be initialized., caused by null" type="com.orpheus.auction.persistence.ObjectInstantiationException">com.orpheus.auction.persistence.ObjectInstantiationException: The com.topcoder.db.connectionfactory.DBConnectionFactory instance can&apos;t be created successfully., caused by The object can not be initialized., caused by null
	at com.orpheus.auction.persistence.AuctionPersistenceHelper.createObject(AuctionPersistenceHelper.java:223)
	at com.orpheus.auction.persistence.impl.SQLServerAuctionDAO.&lt;init&gt;(SQLServerAuctionDAO.java:151)
	at com.orpheus.auction.persistence.failuretests.SQLServerAuctionDAOFailureTest.setUp(SQLServerAuctionDAOFailureTest.java:45)
Caused by: com.topcoder.util.objectfactory.InvalidClassSpecificationException: The object can not be initialized., caused by null
	at com.topcoder.util.objectfactory.ObjectFactory.createObjectByReflection(ObjectFactory.java:623)
	at com.topcoder.util.objectfactory.ObjectFactory.createComplexSpecification(ObjectFactory.java:586)
	at com.topcoder.util.objectfactory.ObjectFactory.getObjectBySpecification(ObjectFactory.java:390)
	at com.topcoder.util.objectfactory.ObjectFactory.createObject(ObjectFactory.java:333)
	at com.topcoder.util.objectfactory.ObjectFactory.createObject(ObjectFactory.java:112)
	at com.orpheus.auction.persistence.AuctionPersistenceHelper.createObject(AuctionPersistenceHelper.java:215)
	... 16 more
Caused by: java.lang.reflect.InvocationTargetException
	at java.lang.reflect.Constructor.newInstance(Constructor.java:274)
	at com.topcoder.util.objectfactory.ObjectFactory.createObjectByReflection(ObjectFactory.java:611)
	... 21 more
Caused by: com.topcoder.db.connectionfactory.ConfigurationException: Unexpected errors- , caused by null
	at com.topcoder.db.connectionfactory.DBConnectionFactoryImpl.&lt;init&gt;(DBConnectionFactoryImpl.java:211)
	... 26 more
Caused by: java.lang.reflect.InvocationTargetException
	at java.lang.reflect.Constructor.newInstance(Constructor.java:274)
	at com.topcoder.db.connectionfactory.DBConnectionFactoryImpl.&lt;init&gt;(DBConnectionFactoryImpl.java:190)
	... 26 more
Caused by: java.lang.ClassNotFoundException: The class name com.microsoft.sqlserver.jdbc.SQLServerDriver is invalid.
	at com.topcoder.db.connectionfactory.producers.JDBCConnectionProducer.&lt;init&gt;(JDBCConnectionProducer.java:236)
	... 31 more
Caused by: java.lang.ClassNotFoundException: com.microsoft.sqlserver.jdbc.SQLServerDriver
	at java.net.URLClassLoader$1.run(URLClassLoader.java:199)
	at java.security.AccessController.doPrivileged(Native Method)
	at java.net.URLClassLoader.findClass(URLClassLoader.java:187)
	at java.lang.ClassLoader.loadClass(ClassLoader.java:289)
	at sun.misc.Launcher$AppClassLoader.loadClass(Launcher.java:274)
	at java.lang.ClassLoader.loadClass(ClassLoader.java:235)
	at java.lang.ClassLoader.loadClassInternal(ClassLoader.java:302)
	at java.lang.Class.forName0(Native Method)
	at java.lang.Class.forName(Class.java:141)
	at com.topcoder.db.connectionfactory.producers.JDBCConnectionProducer.&lt;init&gt;(JDBCConnectionProducer.java:234)
	... 31 more
Caused by:com.topcoder.util.objectfactory.InvalidClassSpecificationException: The object can not be initialized., caused by null
	at com.topcoder.util.objectfactory.ObjectFactory.createObjectByReflection(ObjectFactory.java:623)
	at com.topcoder.util.objectfactory.ObjectFactory.createComplexSpecification(ObjectFactory.java:586)
	at com.topcoder.util.objectfactory.ObjectFactory.getObjectBySpecification(ObjectFactory.java:390)
	at com.topcoder.util.objectfactory.ObjectFactory.createObject(ObjectFactory.java:333)
	at com.topcoder.util.objectfactory.ObjectFactory.createObject(ObjectFactory.java:112)
	at com.orpheus.auction.persistence.AuctionPersistenceHelper.createObject(AuctionPersistenceHelper.java:215)
	at com.orpheus.auction.persistence.impl.SQLServerAuctionDAO.&lt;init&gt;(SQLServerAuctionDAO.java:151)
	at com.orpheus.auction.persistence.failuretests.SQLServerAuctionDAOFailureTest.setUp(SQLServerAuctionDAOFailureTest.java:45)
Caused by: java.lang.reflect.InvocationTargetException
	at java.lang.reflect.Constructor.newInstance(Constructor.java:274)
	at com.topcoder.util.objectfactory.ObjectFactory.createObjectByReflection(ObjectFactory.java:611)
	... 21 more
Caused by: com.topcoder.db.connectionfactory.ConfigurationException: Unexpected errors- , caused by null
	at com.topcoder.db.connectionfactory.DBConnectionFactoryImpl.&lt;init&gt;(DBConnectionFactoryImpl.java:211)
	... 26 more
Caused by: java.lang.reflect.InvocationTargetException
	at java.lang.reflect.Constructor.newInstance(Constructor.java:274)
	at com.topcoder.db.connectionfactory.DBConnectionFactoryImpl.&lt;init&gt;(DBConnectionFactoryImpl.java:190)
	... 26 more
Caused by: java.lang.ClassNotFoundException: The class name com.microsoft.sqlserver.jdbc.SQLServerDriver is invalid.
	at com.topcoder.db.connectionfactory.producers.JDBCConnectionProducer.&lt;init&gt;(JDBCConnectionProducer.java:236)
	... 31 more
Caused by: java.lang.ClassNotFoundException: com.microsoft.sqlserver.jdbc.SQLServerDriver
	at java.net.URLClassLoader$1.run(URLClassLoader.java:199)
	at java.security.AccessController.doPrivileged(Native Method)
	at java.net.URLClassLoader.findClass(URLClassLoader.java:187)
	at java.lang.ClassLoader.loadClass(ClassLoader.java:289)
	at sun.misc.Launcher$AppClassLoader.loadClass(Launcher.java:274)
	at java.lang.ClassLoader.loadClass(ClassLoader.java:235)
	at java.lang.ClassLoader.loadClassInternal(ClassLoader.java:302)
	at java.lang.Class.forName0(Native Method)
	at java.lang.Class.forName(Class.java:141)
	at com.topcoder.db.connectionfactory.producers.JDBCConnectionProducer.&lt;init&gt;(JDBCConnectionProducer.java:234)
	... 31 more
Caused by:java.lang.reflect.InvocationTargetException
	at java.lang.reflect.Constructor.newInstance(Constructor.java:274)
	at com.topcoder.util.objectfactory.ObjectFactory.createObjectByReflection(ObjectFactory.java:611)
	at com.topcoder.util.objectfactory.ObjectFactory.createComplexSpecification(ObjectFactory.java:586)
	at com.topcoder.util.objectfactory.ObjectFactory.getObjectBySpecification(ObjectFactory.java:390)
	at com.topcoder.util.objectfactory.ObjectFactory.createObject(ObjectFactory.java:333)
	at com.topcoder.util.objectfactory.ObjectFactory.createObject(ObjectFactory.java:112)
	at com.orpheus.auction.persistence.AuctionPersistenceHelper.createObject(AuctionPersistenceHelper.java:215)
	at com.orpheus.auction.persistence.impl.SQLServerAuctionDAO.&lt;init&gt;(SQLServerAuctionDAO.java:151)
	at com.orpheus.auction.persistence.failuretests.SQLServerAuctionDAOFailureTest.setUp(SQLServerAuctionDAOFailureTest.java:45)
Caused by: com.topcoder.db.connectionfactory.ConfigurationException: Unexpected errors- , caused by null
	at com.topcoder.db.connectionfactory.DBConnectionFactoryImpl.&lt;init&gt;(DBConnectionFactoryImpl.java:211)
	... 26 more
Caused by: java.lang.reflect.InvocationTargetException
	at java.lang.reflect.Constructor.newInstance(Constructor.java:274)
	at com.topcoder.db.connectionfactory.DBConnectionFactoryImpl.&lt;init&gt;(DBConnectionFactoryImpl.java:190)
	... 26 more
Caused by: java.lang.ClassNotFoundException: The class name com.microsoft.sqlserver.jdbc.SQLServerDriver is invalid.
	at com.topcoder.db.connectionfactory.producers.JDBCConnectionProducer.&lt;init&gt;(JDBCConnectionProducer.java:236)
	... 31 more
Caused by: java.lang.ClassNotFoundException: com.microsoft.sqlserver.jdbc.SQLServerDriver
	at java.net.URLClassLoader$1.run(URLClassLoader.java:199)
	at java.security.AccessController.doPrivileged(Native Method)
	at java.net.URLClassLoader.findClass(URLClassLoader.java:187)
	at java.lang.ClassLoader.loadClass(ClassLoader.java:289)
	at sun.misc.Launcher$AppClassLoader.loadClass(Launcher.java:274)
	at java.lang.ClassLoader.loadClass(ClassLoader.java:235)
	at java.lang.ClassLoader.loadClassInternal(ClassLoader.java:302)
	at java.lang.Class.forName0(Native Method)
	at java.lang.Class.forName(Class.java:141)
	at com.topcoder.db.connectionfactory.producers.JDBCConnectionProducer.&lt;init&gt;(JDBCConnectionProducer.java:234)
	... 31 more
</error>
  </testcase>
  <testcase name="testSQLServerAuctionDAO9" classname="com.orpheus.auction.persistence.failuretests.SQLServerAuctionDAOFailureTest" time="0.047">
    <error message="The com.topcoder.db.connectionfactory.DBConnectionFactory instance can&apos;t be created successfully., caused by The object can not be initialized., caused by null" type="com.orpheus.auction.persistence.ObjectInstantiationException">com.orpheus.auction.persistence.ObjectInstantiationException: The com.topcoder.db.connectionfactory.DBConnectionFactory instance can&apos;t be created successfully., caused by The object can not be initialized., caused by null
	at com.orpheus.auction.persistence.AuctionPersistenceHelper.createObject(AuctionPersistenceHelper.java:223)
	at com.orpheus.auction.persistence.impl.SQLServerAuctionDAO.&lt;init&gt;(SQLServerAuctionDAO.java:151)
	at com.orpheus.auction.persistence.failuretests.SQLServerAuctionDAOFailureTest.setUp(SQLServerAuctionDAOFailureTest.java:45)
Caused by: com.topcoder.util.objectfactory.InvalidClassSpecificationException: The object can not be initialized., caused by null
	at com.topcoder.util.objectfactory.ObjectFactory.createObjectByReflection(ObjectFactory.java:623)
	at com.topcoder.util.objectfactory.ObjectFactory.createComplexSpecification(ObjectFactory.java:586)
	at com.topcoder.util.objectfactory.ObjectFactory.getObjectBySpecification(ObjectFactory.java:390)
	at com.topcoder.util.objectfactory.ObjectFactory.createObject(ObjectFactory.java:333)
	at com.topcoder.util.objectfactory.ObjectFactory.createObject(ObjectFactory.java:112)
	at com.orpheus.auction.persistence.AuctionPersistenceHelper.createObject(AuctionPersistenceHelper.java:215)
	... 16 more
Caused by: java.lang.reflect.InvocationTargetException
	at java.lang.reflect.Constructor.newInstance(Constructor.java:274)
	at com.topcoder.util.objectfactory.ObjectFactory.createObjectByReflection(ObjectFactory.java:611)
	... 21 more
Caused by: com.topcoder.db.connectionfactory.ConfigurationException: Unexpected errors- , caused by null
	at com.topcoder.db.connectionfactory.DBConnectionFactoryImpl.&lt;init&gt;(DBConnectionFactoryImpl.java:211)
	... 26 more
Caused by: java.lang.reflect.InvocationTargetException
	at java.lang.reflect.Constructor.newInstance(Constructor.java:274)
	at com.topcoder.db.connectionfactory.DBConnectionFactoryImpl.&lt;init&gt;(DBConnectionFactoryImpl.java:190)
	... 26 more
Caused by: java.lang.ClassNotFoundException: The class name com.microsoft.sqlserver.jdbc.SQLServerDriver is invalid.
	at com.topcoder.db.connectionfactory.producers.JDBCConnectionProducer.&lt;init&gt;(JDBCConnectionProducer.java:236)
	... 31 more
Caused by: java.lang.ClassNotFoundException: com.microsoft.sqlserver.jdbc.SQLServerDriver
	at java.net.URLClassLoader$1.run(URLClassLoader.java:199)
	at java.security.AccessController.doPrivileged(Native Method)
	at java.net.URLClassLoader.findClass(URLClassLoader.java:187)
	at java.lang.ClassLoader.loadClass(ClassLoader.java:289)
	at sun.misc.Launcher$AppClassLoader.loadClass(Launcher.java:274)
	at java.lang.ClassLoader.loadClass(ClassLoader.java:235)
	at java.lang.ClassLoader.loadClassInternal(ClassLoader.java:302)
	at java.lang.Class.forName0(Native Method)
	at java.lang.Class.forName(Class.java:141)
	at com.topcoder.db.connectionfactory.producers.JDBCConnectionProducer.&lt;init&gt;(JDBCConnectionProducer.java:234)
	... 31 more
Caused by:com.topcoder.util.objectfactory.InvalidClassSpecificationException: The object can not be initialized., caused by null
	at com.topcoder.util.objectfactory.ObjectFactory.createObjectByReflection(ObjectFactory.java:623)
	at com.topcoder.util.objectfactory.ObjectFactory.createComplexSpecification(ObjectFactory.java:586)
	at com.topcoder.util.objectfactory.ObjectFactory.getObjectBySpecification(ObjectFactory.java:390)
	at com.topcoder.util.objectfactory.ObjectFactory.createObject(ObjectFactory.java:333)
	at com.topcoder.util.objectfactory.ObjectFactory.createObject(ObjectFactory.java:112)
	at com.orpheus.auction.persistence.AuctionPersistenceHelper.createObject(AuctionPersistenceHelper.java:215)
	at com.orpheus.auction.persistence.impl.SQLServerAuctionDAO.&lt;init&gt;(SQLServerAuctionDAO.java:151)
	at com.orpheus.auction.persistence.failuretests.SQLServerAuctionDAOFailureTest.setUp(SQLServerAuctionDAOFailureTest.java:45)
Caused by: java.lang.reflect.InvocationTargetException
	at java.lang.reflect.Constructor.newInstance(Constructor.java:274)
	at com.topcoder.util.objectfactory.ObjectFactory.createObjectByReflection(ObjectFactory.java:611)
	... 21 more
Caused by: com.topcoder.db.connectionfactory.ConfigurationException: Unexpected errors- , caused by null
	at com.topcoder.db.connectionfactory.DBConnectionFactoryImpl.&lt;init&gt;(DBConnectionFactoryImpl.java:211)
	... 26 more
Caused by: java.lang.reflect.InvocationTargetException
	at java.lang.reflect.Constructor.newInstance(Constructor.java:274)
	at com.topcoder.db.connectionfactory.DBConnectionFactoryImpl.&lt;init&gt;(DBConnectionFactoryImpl.java:190)
	... 26 more
Caused by: java.lang.ClassNotFoundException: The class name com.microsoft.sqlserver.jdbc.SQLServerDriver is invalid.
	at com.topcoder.db.connectionfactory.producers.JDBCConnectionProducer.&lt;init&gt;(JDBCConnectionProducer.java:236)
	... 31 more
Caused by: java.lang.ClassNotFoundException: com.microsoft.sqlserver.jdbc.SQLServerDriver
	at java.net.URLClassLoader$1.run(URLClassLoader.java:199)
	at java.security.AccessController.doPrivileged(Native Method)
	at java.net.URLClassLoader.findClass(URLClassLoader.java:187)
	at java.lang.ClassLoader.loadClass(ClassLoader.java:289)
	at sun.misc.Launcher$AppClassLoader.loadClass(Launcher.java:274)
	at java.lang.ClassLoader.loadClass(ClassLoader.java:235)
	at java.lang.ClassLoader.loadClassInternal(ClassLoader.java:302)
	at java.lang.Class.forName0(Native Method)
	at java.lang.Class.forName(Class.java:141)
	at com.topcoder.db.connectionfactory.producers.JDBCConnectionProducer.&lt;init&gt;(JDBCConnectionProducer.java:234)
	... 31 more
Caused by:java.lang.reflect.InvocationTargetException
	at java.lang.reflect.Constructor.newInstance(Constructor.java:274)
	at com.topcoder.util.objectfactory.ObjectFactory.createObjectByReflection(ObjectFactory.java:611)
	at com.topcoder.util.objectfactory.ObjectFactory.createComplexSpecification(ObjectFactory.java:586)
	at com.topcoder.util.objectfactory.ObjectFactory.getObjectBySpecification(ObjectFactory.java:390)
	at com.topcoder.util.objectfactory.ObjectFactory.createObject(ObjectFactory.java:333)
	at com.topcoder.util.objectfactory.ObjectFactory.createObject(ObjectFactory.java:112)
	at com.orpheus.auction.persistence.AuctionPersistenceHelper.createObject(AuctionPersistenceHelper.java:215)
	at com.orpheus.auction.persistence.impl.SQLServerAuctionDAO.&lt;init&gt;(SQLServerAuctionDAO.java:151)
	at com.orpheus.auction.persistence.failuretests.SQLServerAuctionDAOFailureTest.setUp(SQLServerAuctionDAOFailureTest.java:45)
Caused by: com.topcoder.db.connectionfactory.ConfigurationException: Unexpected errors- , caused by null
	at com.topcoder.db.connectionfactory.DBConnectionFactoryImpl.&lt;init&gt;(DBConnectionFactoryImpl.java:211)
	... 26 more
Caused by: java.lang.reflect.InvocationTargetException
	at java.lang.reflect.Constructor.newInstance(Constructor.java:274)
	at com.topcoder.db.connectionfactory.DBConnectionFactoryImpl.&lt;init&gt;(DBConnectionFactoryImpl.java:190)
	... 26 more
Caused by: java.lang.ClassNotFoundException: The class name com.microsoft.sqlserver.jdbc.SQLServerDriver is invalid.
	at com.topcoder.db.connectionfactory.producers.JDBCConnectionProducer.&lt;init&gt;(JDBCConnectionProducer.java:236)
	... 31 more
Caused by: java.lang.ClassNotFoundException: com.microsoft.sqlserver.jdbc.SQLServerDriver
	at java.net.URLClassLoader$1.run(URLClassLoader.java:199)
	at java.security.AccessController.doPrivileged(Native Method)
	at java.net.URLClassLoader.findClass(URLClassLoader.java:187)
	at java.lang.ClassLoader.loadClass(ClassLoader.java:289)
	at sun.misc.Launcher$AppClassLoader.loadClass(Launcher.java:274)
	at java.lang.ClassLoader.loadClass(ClassLoader.java:235)
	at java.lang.ClassLoader.loadClassInternal(ClassLoader.java:302)
	at java.lang.Class.forName0(Native Method)
	at java.lang.Class.forName(Class.java:141)
	at com.topcoder.db.connectionfactory.producers.JDBCConnectionProducer.&lt;init&gt;(JDBCConnectionProducer.java:234)
	... 31 more
</error>
  </testcase>
  <testcase name="testSQLServerAuctionDAO10" classname="com.orpheus.auction.persistence.failuretests.SQLServerAuctionDAOFailureTest" time="0.062">
    <error message="The com.topcoder.db.connectionfactory.DBConnectionFactory instance can&apos;t be created successfully., caused by The object can not be initialized., caused by null" type="com.orpheus.auction.persistence.ObjectInstantiationException">com.orpheus.auction.persistence.ObjectInstantiationException: The com.topcoder.db.connectionfactory.DBConnectionFactory instance can&apos;t be created successfully., caused by The object can not be initialized., caused by null
	at com.orpheus.auction.persistence.AuctionPersistenceHelper.createObject(AuctionPersistenceHelper.java:223)
	at com.orpheus.auction.persistence.impl.SQLServerAuctionDAO.&lt;init&gt;(SQLServerAuctionDAO.java:151)
	at com.orpheus.auction.persistence.failuretests.SQLServerAuctionDAOFailureTest.setUp(SQLServerAuctionDAOFailureTest.java:45)
Caused by: com.topcoder.util.objectfactory.InvalidClassSpecificationException: The object can not be initialized., caused by null
	at com.topcoder.util.objectfactory.ObjectFactory.createObjectByReflection(ObjectFactory.java:623)
	at com.topcoder.util.objectfactory.ObjectFactory.createComplexSpecification(ObjectFactory.java:586)
	at com.topcoder.util.objectfactory.ObjectFactory.getObjectBySpecification(ObjectFactory.java:390)
	at com.topcoder.util.objectfactory.ObjectFactory.createObject(ObjectFactory.java:333)
	at com.topcoder.util.objectfactory.ObjectFactory.createObject(ObjectFactory.java:112)
	at com.orpheus.auction.persistence.AuctionPersistenceHelper.createObject(AuctionPersistenceHelper.java:215)
	... 16 more
Caused by: java.lang.reflect.InvocationTargetException
	at java.lang.reflect.Constructor.newInstance(Constructor.java:274)
	at com.topcoder.util.objectfactory.ObjectFactory.createObjectByReflection(ObjectFactory.java:611)
	... 21 more
Caused by: com.topcoder.db.connectionfactory.ConfigurationException: Unexpected errors- , caused by null
	at com.topcoder.db.connectionfactory.DBConnectionFactoryImpl.&lt;init&gt;(DBConnectionFactoryImpl.java:211)
	... 26 more
Caused by: java.lang.reflect.InvocationTargetException
	at java.lang.reflect.Constructor.newInstance(Constructor.java:274)
	at com.topcoder.db.connectionfactory.DBConnectionFactoryImpl.&lt;init&gt;(DBConnectionFactoryImpl.java:190)
	... 26 more
Caused by: java.lang.ClassNotFoundException: The class name com.microsoft.sqlserver.jdbc.SQLServerDriver is invalid.
	at com.topcoder.db.connectionfactory.producers.JDBCConnectionProducer.&lt;init&gt;(JDBCConnectionProducer.java:236)
	... 31 more
Caused by: java.lang.ClassNotFoundException: com.microsoft.sqlserver.jdbc.SQLServerDriver
	at java.net.URLClassLoader$1.run(URLClassLoader.java:199)
	at java.security.AccessController.doPrivileged(Native Method)
	at java.net.URLClassLoader.findClass(URLClassLoader.java:187)
	at java.lang.ClassLoader.loadClass(ClassLoader.java:289)
	at sun.misc.Launcher$AppClassLoader.loadClass(Launcher.java:274)
	at java.lang.ClassLoader.loadClass(ClassLoader.java:235)
	at java.lang.ClassLoader.loadClassInternal(ClassLoader.java:302)
	at java.lang.Class.forName0(Native Method)
	at java.lang.Class.forName(Class.java:141)
	at com.topcoder.db.connectionfactory.producers.JDBCConnectionProducer.&lt;init&gt;(JDBCConnectionProducer.java:234)
	... 31 more
Caused by:com.topcoder.util.objectfactory.InvalidClassSpecificationException: The object can not be initialized., caused by null
	at com.topcoder.util.objectfactory.ObjectFactory.createObjectByReflection(ObjectFactory.java:623)
	at com.topcoder.util.objectfactory.ObjectFactory.createComplexSpecification(ObjectFactory.java:586)
	at com.topcoder.util.objectfactory.ObjectFactory.getObjectBySpecification(ObjectFactory.java:390)
	at com.topcoder.util.objectfactory.ObjectFactory.createObject(ObjectFactory.java:333)
	at com.topcoder.util.objectfactory.ObjectFactory.createObject(ObjectFactory.java:112)
	at com.orpheus.auction.persistence.AuctionPersistenceHelper.createObject(AuctionPersistenceHelper.java:215)
	at com.orpheus.auction.persistence.impl.SQLServerAuctionDAO.&lt;init&gt;(SQLServerAuctionDAO.java:151)
	at com.orpheus.auction.persistence.failuretests.SQLServerAuctionDAOFailureTest.setUp(SQLServerAuctionDAOFailureTest.java:45)
Caused by: java.lang.reflect.InvocationTargetException
	at java.lang.reflect.Constructor.newInstance(Constructor.java:274)
	at com.topcoder.util.objectfactory.ObjectFactory.createObjectByReflection(ObjectFactory.java:611)
	... 21 more
Caused by: com.topcoder.db.connectionfactory.ConfigurationException: Unexpected errors- , caused by null
	at com.topcoder.db.connectionfactory.DBConnectionFactoryImpl.&lt;init&gt;(DBConnectionFactoryImpl.java:211)
	... 26 more
Caused by: java.lang.reflect.InvocationTargetException
	at java.lang.reflect.Constructor.newInstance(Constructor.java:274)
	at com.topcoder.db.connectionfactory.DBConnectionFactoryImpl.&lt;init&gt;(DBConnectionFactoryImpl.java:190)
	... 26 more
Caused by: java.lang.ClassNotFoundException: The class name com.microsoft.sqlserver.jdbc.SQLServerDriver is invalid.
	at com.topcoder.db.connectionfactory.producers.JDBCConnectionProducer.&lt;init&gt;(JDBCConnectionProducer.java:236)
	... 31 more
Caused by: java.lang.ClassNotFoundException: com.microsoft.sqlserver.jdbc.SQLServerDriver
	at java.net.URLClassLoader$1.run(URLClassLoader.java:199)
	at java.security.AccessController.doPrivileged(Native Method)
	at java.net.URLClassLoader.findClass(URLClassLoader.java:187)
	at java.lang.ClassLoader.loadClass(ClassLoader.java:289)
	at sun.misc.Launcher$AppClassLoader.loadClass(Launcher.java:274)
	at java.lang.ClassLoader.loadClass(ClassLoader.java:235)
	at java.lang.ClassLoader.loadClassInternal(ClassLoader.java:302)
	at java.lang.Class.forName0(Native Method)
	at java.lang.Class.forName(Class.java:141)
	at com.topcoder.db.connectionfactory.producers.JDBCConnectionProducer.&lt;init&gt;(JDBCConnectionProducer.java:234)
	... 31 more
Caused by:java.lang.reflect.InvocationTargetException
	at java.lang.reflect.Constructor.newInstance(Constructor.java:274)
	at com.topcoder.util.objectfactory.ObjectFactory.createObjectByReflection(ObjectFactory.java:611)
	at com.topcoder.util.objectfactory.ObjectFactory.createComplexSpecification(ObjectFactory.java:586)
	at com.topcoder.util.objectfactory.ObjectFactory.getObjectBySpecification(ObjectFactory.java:390)
	at com.topcoder.util.objectfactory.ObjectFactory.createObject(ObjectFactory.java:333)
	at com.topcoder.util.objectfactory.ObjectFactory.createObject(ObjectFactory.java:112)
	at com.orpheus.auction.persistence.AuctionPersistenceHelper.createObject(AuctionPersistenceHelper.java:215)
	at com.orpheus.auction.persistence.impl.SQLServerAuctionDAO.&lt;init&gt;(SQLServerAuctionDAO.java:151)
	at com.orpheus.auction.persistence.failuretests.SQLServerAuctionDAOFailureTest.setUp(SQLServerAuctionDAOFailureTest.java:45)
Caused by: com.topcoder.db.connectionfactory.ConfigurationException: Unexpected errors- , caused by null
	at com.topcoder.db.connectionfactory.DBConnectionFactoryImpl.&lt;init&gt;(DBConnectionFactoryImpl.java:211)
	... 26 more
Caused by: java.lang.reflect.InvocationTargetException
	at java.lang.reflect.Constructor.newInstance(Constructor.java:274)
	at com.topcoder.db.connectionfactory.DBConnectionFactoryImpl.&lt;init&gt;(DBConnectionFactoryImpl.java:190)
	... 26 more
Caused by: java.lang.ClassNotFoundException: The class name com.microsoft.sqlserver.jdbc.SQLServerDriver is invalid.
	at com.topcoder.db.connectionfactory.producers.JDBCConnectionProducer.&lt;init&gt;(JDBCConnectionProducer.java:236)
	... 31 more
Caused by: java.lang.ClassNotFoundException: com.microsoft.sqlserver.jdbc.SQLServerDriver
	at java.net.URLClassLoader$1.run(URLClassLoader.java:199)
	at java.security.AccessController.doPrivileged(Native Method)
	at java.net.URLClassLoader.findClass(URLClassLoader.java:187)
	at java.lang.ClassLoader.loadClass(ClassLoader.java:289)
	at sun.misc.Launcher$AppClassLoader.loadClass(Launcher.java:274)
	at java.lang.ClassLoader.loadClass(ClassLoader.java:235)
	at java.lang.ClassLoader.loadClassInternal(ClassLoader.java:302)
	at java.lang.Class.forName0(Native Method)
	at java.lang.Class.forName(Class.java:141)
	at com.topcoder.db.connectionfactory.producers.JDBCConnectionProducer.&lt;init&gt;(JDBCConnectionProducer.java:234)
	... 31 more
</error>
  </testcase>
  <testcase name="testSQLServerAuctionDAO11" classname="com.orpheus.auction.persistence.failuretests.SQLServerAuctionDAOFailureTest" time="0.047">
    <error message="The com.topcoder.db.connectionfactory.DBConnectionFactory instance can&apos;t be created successfully., caused by The object can not be initialized., caused by null" type="com.orpheus.auction.persistence.ObjectInstantiationException">com.orpheus.auction.persistence.ObjectInstantiationException: The com.topcoder.db.connectionfactory.DBConnectionFactory instance can&apos;t be created successfully., caused by The object can not be initialized., caused by null
	at com.orpheus.auction.persistence.AuctionPersistenceHelper.createObject(AuctionPersistenceHelper.java:223)
	at com.orpheus.auction.persistence.impl.SQLServerAuctionDAO.&lt;init&gt;(SQLServerAuctionDAO.java:151)
	at com.orpheus.auction.persistence.failuretests.SQLServerAuctionDAOFailureTest.setUp(SQLServerAuctionDAOFailureTest.java:45)
Caused by: com.topcoder.util.objectfactory.InvalidClassSpecificationException: The object can not be initialized., caused by null
	at com.topcoder.util.objectfactory.ObjectFactory.createObjectByReflection(ObjectFactory.java:623)
	at com.topcoder.util.objectfactory.ObjectFactory.createComplexSpecification(ObjectFactory.java:586)
	at com.topcoder.util.objectfactory.ObjectFactory.getObjectBySpecification(ObjectFactory.java:390)
	at com.topcoder.util.objectfactory.ObjectFactory.createObject(ObjectFactory.java:333)
	at com.topcoder.util.objectfactory.ObjectFactory.createObject(ObjectFactory.java:112)
	at com.orpheus.auction.persistence.AuctionPersistenceHelper.createObject(AuctionPersistenceHelper.java:215)
	... 16 more
Caused by: java.lang.reflect.InvocationTargetException
	at java.lang.reflect.Constructor.newInstance(Constructor.java:274)
	at com.topcoder.util.objectfactory.ObjectFactory.createObjectByReflection(ObjectFactory.java:611)
	... 21 more
Caused by: com.topcoder.db.connectionfactory.ConfigurationException: Unexpected errors- , caused by null
	at com.topcoder.db.connectionfactory.DBConnectionFactoryImpl.&lt;init&gt;(DBConnectionFactoryImpl.java:211)
	... 26 more
Caused by: java.lang.reflect.InvocationTargetException
	at java.lang.reflect.Constructor.newInstance(Constructor.java:274)
	at com.topcoder.db.connectionfactory.DBConnectionFactoryImpl.&lt;init&gt;(DBConnectionFactoryImpl.java:190)
	... 26 more
Caused by: java.lang.ClassNotFoundException: The class name com.microsoft.sqlserver.jdbc.SQLServerDriver is invalid.
	at com.topcoder.db.connectionfactory.producers.JDBCConnectionProducer.&lt;init&gt;(JDBCConnectionProducer.java:236)
	... 31 more
Caused by: java.lang.ClassNotFoundException: com.microsoft.sqlserver.jdbc.SQLServerDriver
	at java.net.URLClassLoader$1.run(URLClassLoader.java:199)
	at java.security.AccessController.doPrivileged(Native Method)
	at java.net.URLClassLoader.findClass(URLClassLoader.java:187)
	at java.lang.ClassLoader.loadClass(ClassLoader.java:289)
	at sun.misc.Launcher$AppClassLoader.loadClass(Launcher.java:274)
	at java.lang.ClassLoader.loadClass(ClassLoader.java:235)
	at java.lang.ClassLoader.loadClassInternal(ClassLoader.java:302)
	at java.lang.Class.forName0(Native Method)
	at java.lang.Class.forName(Class.java:141)
	at com.topcoder.db.connectionfactory.producers.JDBCConnectionProducer.&lt;init&gt;(JDBCConnectionProducer.java:234)
	... 31 more
Caused by:com.topcoder.util.objectfactory.InvalidClassSpecificationException: The object can not be initialized., caused by null
	at com.topcoder.util.objectfactory.ObjectFactory.createObjectByReflection(ObjectFactory.java:623)
	at com.topcoder.util.objectfactory.ObjectFactory.createComplexSpecification(ObjectFactory.java:586)
	at com.topcoder.util.objectfactory.ObjectFactory.getObjectBySpecification(ObjectFactory.java:390)
	at com.topcoder.util.objectfactory.ObjectFactory.createObject(ObjectFactory.java:333)
	at com.topcoder.util.objectfactory.ObjectFactory.createObject(ObjectFactory.java:112)
	at com.orpheus.auction.persistence.AuctionPersistenceHelper.createObject(AuctionPersistenceHelper.java:215)
	at com.orpheus.auction.persistence.impl.SQLServerAuctionDAO.&lt;init&gt;(SQLServerAuctionDAO.java:151)
	at com.orpheus.auction.persistence.failuretests.SQLServerAuctionDAOFailureTest.setUp(SQLServerAuctionDAOFailureTest.java:45)
Caused by: java.lang.reflect.InvocationTargetException
	at java.lang.reflect.Constructor.newInstance(Constructor.java:274)
	at com.topcoder.util.objectfactory.ObjectFactory.createObjectByReflection(ObjectFactory.java:611)
	... 21 more
Caused by: com.topcoder.db.connectionfactory.ConfigurationException: Unexpected errors- , caused by null
	at com.topcoder.db.connectionfactory.DBConnectionFactoryImpl.&lt;init&gt;(DBConnectionFactoryImpl.java:211)
	... 26 more
Caused by: java.lang.reflect.InvocationTargetException
	at java.lang.reflect.Constructor.newInstance(Constructor.java:274)
	at com.topcoder.db.connectionfactory.DBConnectionFactoryImpl.&lt;init&gt;(DBConnectionFactoryImpl.java:190)
	... 26 more
Caused by: java.lang.ClassNotFoundException: The class name com.microsoft.sqlserver.jdbc.SQLServerDriver is invalid.
	at com.topcoder.db.connectionfactory.producers.JDBCConnectionProducer.&lt;init&gt;(JDBCConnectionProducer.java:236)
	... 31 more
Caused by: java.lang.ClassNotFoundException: com.microsoft.sqlserver.jdbc.SQLServerDriver
	at java.net.URLClassLoader$1.run(URLClassLoader.java:199)
	at java.security.AccessController.doPrivileged(Native Method)
	at java.net.URLClassLoader.findClass(URLClassLoader.java:187)
	at java.lang.ClassLoader.loadClass(ClassLoader.java:289)
	at sun.misc.Launcher$AppClassLoader.loadClass(Launcher.java:274)
	at java.lang.ClassLoader.loadClass(ClassLoader.java:235)
	at java.lang.ClassLoader.loadClassInternal(ClassLoader.java:302)
	at java.lang.Class.forName0(Native Method)
	at java.lang.Class.forName(Class.java:141)
	at com.topcoder.db.connectionfactory.producers.JDBCConnectionProducer.&lt;init&gt;(JDBCConnectionProducer.java:234)
	... 31 more
Caused by:java.lang.reflect.InvocationTargetException
	at java.lang.reflect.Constructor.newInstance(Constructor.java:274)
	at com.topcoder.util.objectfactory.ObjectFactory.createObjectByReflection(ObjectFactory.java:611)
	at com.topcoder.util.objectfactory.ObjectFactory.createComplexSpecification(ObjectFactory.java:586)
	at com.topcoder.util.objectfactory.ObjectFactory.getObjectBySpecification(ObjectFactory.java:390)
	at com.topcoder.util.objectfactory.ObjectFactory.createObject(ObjectFactory.java:333)
	at com.topcoder.util.objectfactory.ObjectFactory.createObject(ObjectFactory.java:112)
	at com.orpheus.auction.persistence.AuctionPersistenceHelper.createObject(AuctionPersistenceHelper.java:215)
	at com.orpheus.auction.persistence.impl.SQLServerAuctionDAO.&lt;init&gt;(SQLServerAuctionDAO.java:151)
	at com.orpheus.auction.persistence.failuretests.SQLServerAuctionDAOFailureTest.setUp(SQLServerAuctionDAOFailureTest.java:45)
Caused by: com.topcoder.db.connectionfactory.ConfigurationException: Unexpected errors- , caused by null
	at com.topcoder.db.connectionfactory.DBConnectionFactoryImpl.&lt;init&gt;(DBConnectionFactoryImpl.java:211)
	... 26 more
Caused by: java.lang.reflect.InvocationTargetException
	at java.lang.reflect.Constructor.newInstance(Constructor.java:274)
	at com.topcoder.db.connectionfactory.DBConnectionFactoryImpl.&lt;init&gt;(DBConnectionFactoryImpl.java:190)
	... 26 more
Caused by: java.lang.ClassNotFoundException: The class name com.microsoft.sqlserver.jdbc.SQLServerDriver is invalid.
	at com.topcoder.db.connectionfactory.producers.JDBCConnectionProducer.&lt;init&gt;(JDBCConnectionProducer.java:236)
	... 31 more
Caused by: java.lang.ClassNotFoundException: com.microsoft.sqlserver.jdbc.SQLServerDriver
	at java.net.URLClassLoader$1.run(URLClassLoader.java:199)
	at java.security.AccessController.doPrivileged(Native Method)
	at java.net.URLClassLoader.findClass(URLClassLoader.java:187)
	at java.lang.ClassLoader.loadClass(ClassLoader.java:289)
	at sun.misc.Launcher$AppClassLoader.loadClass(Launcher.java:274)
	at java.lang.ClassLoader.loadClass(ClassLoader.java:235)
	at java.lang.ClassLoader.loadClassInternal(ClassLoader.java:302)
	at java.lang.Class.forName0(Native Method)
	at java.lang.Class.forName(Class.java:141)
	at com.topcoder.db.connectionfactory.producers.JDBCConnectionProducer.&lt;init&gt;(JDBCConnectionProducer.java:234)
	... 31 more
</error>
  </testcase>
  <testcase name="testSQLServerAuctionDAO12" classname="com.orpheus.auction.persistence.failuretests.SQLServerAuctionDAOFailureTest" time="0.063">
    <error message="The com.topcoder.db.connectionfactory.DBConnectionFactory instance can&apos;t be created successfully., caused by The object can not be initialized., caused by null" type="com.orpheus.auction.persistence.ObjectInstantiationException">com.orpheus.auction.persistence.ObjectInstantiationException: The com.topcoder.db.connectionfactory.DBConnectionFactory instance can&apos;t be created successfully., caused by The object can not be initialized., caused by null
	at com.orpheus.auction.persistence.AuctionPersistenceHelper.createObject(AuctionPersistenceHelper.java:223)
	at com.orpheus.auction.persistence.impl.SQLServerAuctionDAO.&lt;init&gt;(SQLServerAuctionDAO.java:151)
	at com.orpheus.auction.persistence.failuretests.SQLServerAuctionDAOFailureTest.setUp(SQLServerAuctionDAOFailureTest.java:45)
Caused by: com.topcoder.util.objectfactory.InvalidClassSpecificationException: The object can not be initialized., caused by null
	at com.topcoder.util.objectfactory.ObjectFactory.createObjectByReflection(ObjectFactory.java:623)
	at com.topcoder.util.objectfactory.ObjectFactory.createComplexSpecification(ObjectFactory.java:586)
	at com.topcoder.util.objectfactory.ObjectFactory.getObjectBySpecification(ObjectFactory.java:390)
	at com.topcoder.util.objectfactory.ObjectFactory.createObject(ObjectFactory.java:333)
	at com.topcoder.util.objectfactory.ObjectFactory.createObject(ObjectFactory.java:112)
	at com.orpheus.auction.persistence.AuctionPersistenceHelper.createObject(AuctionPersistenceHelper.java:215)
	... 16 more
Caused by: java.lang.reflect.InvocationTargetException
	at java.lang.reflect.Constructor.newInstance(Constructor.java:274)
	at com.topcoder.util.objectfactory.ObjectFactory.createObjectByReflection(ObjectFactory.java:611)
	... 21 more
Caused by: com.topcoder.db.connectionfactory.ConfigurationException: Unexpected errors- , caused by null
	at com.topcoder.db.connectionfactory.DBConnectionFactoryImpl.&lt;init&gt;(DBConnectionFactoryImpl.java:211)
	... 26 more
Caused by: java.lang.reflect.InvocationTargetException
	at java.lang.reflect.Constructor.newInstance(Constructor.java:274)
	at com.topcoder.db.connectionfactory.DBConnectionFactoryImpl.&lt;init&gt;(DBConnectionFactoryImpl.java:190)
	... 26 more
Caused by: java.lang.ClassNotFoundException: The class name com.microsoft.sqlserver.jdbc.SQLServerDriver is invalid.
	at com.topcoder.db.connectionfactory.producers.JDBCConnectionProducer.&lt;init&gt;(JDBCConnectionProducer.java:236)
	... 31 more
Caused by: java.lang.ClassNotFoundException: com.microsoft.sqlserver.jdbc.SQLServerDriver
	at java.net.URLClassLoader$1.run(URLClassLoader.java:199)
	at java.security.AccessController.doPrivileged(Native Method)
	at java.net.URLClassLoader.findClass(URLClassLoader.java:187)
	at java.lang.ClassLoader.loadClass(ClassLoader.java:289)
	at sun.misc.Launcher$AppClassLoader.loadClass(Launcher.java:274)
	at java.lang.ClassLoader.loadClass(ClassLoader.java:235)
	at java.lang.ClassLoader.loadClassInternal(ClassLoader.java:302)
	at java.lang.Class.forName0(Native Method)
	at java.lang.Class.forName(Class.java:141)
	at com.topcoder.db.connectionfactory.producers.JDBCConnectionProducer.&lt;init&gt;(JDBCConnectionProducer.java:234)
	... 31 more
Caused by:com.topcoder.util.objectfactory.InvalidClassSpecificationException: The object can not be initialized., caused by null
	at com.topcoder.util.objectfactory.ObjectFactory.createObjectByReflection(ObjectFactory.java:623)
	at com.topcoder.util.objectfactory.ObjectFactory.createComplexSpecification(ObjectFactory.java:586)
	at com.topcoder.util.objectfactory.ObjectFactory.getObjectBySpecification(ObjectFactory.java:390)
	at com.topcoder.util.objectfactory.ObjectFactory.createObject(ObjectFactory.java:333)
	at com.topcoder.util.objectfactory.ObjectFactory.createObject(ObjectFactory.java:112)
	at com.orpheus.auction.persistence.AuctionPersistenceHelper.createObject(AuctionPersistenceHelper.java:215)
	at com.orpheus.auction.persistence.impl.SQLServerAuctionDAO.&lt;init&gt;(SQLServerAuctionDAO.java:151)
	at com.orpheus.auction.persistence.failuretests.SQLServerAuctionDAOFailureTest.setUp(SQLServerAuctionDAOFailureTest.java:45)
Caused by: java.lang.reflect.InvocationTargetException
	at java.lang.reflect.Constructor.newInstance(Constructor.java:274)
	at com.topcoder.util.objectfactory.ObjectFactory.createObjectByReflection(ObjectFactory.java:611)
	... 21 more
Caused by: com.topcoder.db.connectionfactory.ConfigurationException: Unexpected errors- , caused by null
	at com.topcoder.db.connectionfactory.DBConnectionFactoryImpl.&lt;init&gt;(DBConnectionFactoryImpl.java:211)
	... 26 more
Caused by: java.lang.reflect.InvocationTargetException
	at java.lang.reflect.Constructor.newInstance(Constructor.java:274)
	at com.topcoder.db.connectionfactory.DBConnectionFactoryImpl.&lt;init&gt;(DBConnectionFactoryImpl.java:190)
	... 26 more
Caused by: java.lang.ClassNotFoundException: The class name com.microsoft.sqlserver.jdbc.SQLServerDriver is invalid.
	at com.topcoder.db.connectionfactory.producers.JDBCConnectionProducer.&lt;init&gt;(JDBCConnectionProducer.java:236)
	... 31 more
Caused by: java.lang.ClassNotFoundException: com.microsoft.sqlserver.jdbc.SQLServerDriver
	at java.net.URLClassLoader$1.run(URLClassLoader.java:199)
	at java.security.AccessController.doPrivileged(Native Method)
	at java.net.URLClassLoader.findClass(URLClassLoader.java:187)
	at java.lang.ClassLoader.loadClass(ClassLoader.java:289)
	at sun.misc.Launcher$AppClassLoader.loadClass(Launcher.java:274)
	at java.lang.ClassLoader.loadClass(ClassLoader.java:235)
	at java.lang.ClassLoader.loadClassInternal(ClassLoader.java:302)
	at java.lang.Class.forName0(Native Method)
	at java.lang.Class.forName(Class.java:141)
	at com.topcoder.db.connectionfactory.producers.JDBCConnectionProducer.&lt;init&gt;(JDBCConnectionProducer.java:234)
	... 31 more
Caused by:java.lang.reflect.InvocationTargetException
	at java.lang.reflect.Constructor.newInstance(Constructor.java:274)
	at com.topcoder.util.objectfactory.ObjectFactory.createObjectByReflection(ObjectFactory.java:611)
	at com.topcoder.util.objectfactory.ObjectFactory.createComplexSpecification(ObjectFactory.java:586)
	at com.topcoder.util.objectfactory.ObjectFactory.getObjectBySpecification(ObjectFactory.java:390)
	at com.topcoder.util.objectfactory.ObjectFactory.createObject(ObjectFactory.java:333)
	at com.topcoder.util.objectfactory.ObjectFactory.createObject(ObjectFactory.java:112)
	at com.orpheus.auction.persistence.AuctionPersistenceHelper.createObject(AuctionPersistenceHelper.java:215)
	at com.orpheus.auction.persistence.impl.SQLServerAuctionDAO.&lt;init&gt;(SQLServerAuctionDAO.java:151)
	at com.orpheus.auction.persistence.failuretests.SQLServerAuctionDAOFailureTest.setUp(SQLServerAuctionDAOFailureTest.java:45)
Caused by: com.topcoder.db.connectionfactory.ConfigurationException: Unexpected errors- , caused by null
	at com.topcoder.db.connectionfactory.DBConnectionFactoryImpl.&lt;init&gt;(DBConnectionFactoryImpl.java:211)
	... 26 more
Caused by: java.lang.reflect.InvocationTargetException
	at java.lang.reflect.Constructor.newInstance(Constructor.java:274)
	at com.topcoder.db.connectionfactory.DBConnectionFactoryImpl.&lt;init&gt;(DBConnectionFactoryImpl.java:190)
	... 26 more
Caused by: java.lang.ClassNotFoundException: The class name com.microsoft.sqlserver.jdbc.SQLServerDriver is invalid.
	at com.topcoder.db.connectionfactory.producers.JDBCConnectionProducer.&lt;init&gt;(JDBCConnectionProducer.java:236)
	... 31 more
Caused by: java.lang.ClassNotFoundException: com.microsoft.sqlserver.jdbc.SQLServerDriver
	at java.net.URLClassLoader$1.run(URLClassLoader.java:199)
	at java.security.AccessController.doPrivileged(Native Method)
	at java.net.URLClassLoader.findClass(URLClassLoader.java:187)
	at java.lang.ClassLoader.loadClass(ClassLoader.java:289)
	at sun.misc.Launcher$AppClassLoader.loadClass(Launcher.java:274)
	at java.lang.ClassLoader.loadClass(ClassLoader.java:235)
	at java.lang.ClassLoader.loadClassInternal(ClassLoader.java:302)
	at java.lang.Class.forName0(Native Method)
	at java.lang.Class.forName(Class.java:141)
	at com.topcoder.db.connectionfactory.producers.JDBCConnectionProducer.&lt;init&gt;(JDBCConnectionProducer.java:234)
	... 31 more
</error>
  </testcase>
  <testcase name="testSQLServerAuctionDAO13" classname="com.orpheus.auction.persistence.failuretests.SQLServerAuctionDAOFailureTest" time="0.047">
    <error message="The com.topcoder.db.connectionfactory.DBConnectionFactory instance can&apos;t be created successfully., caused by The object can not be initialized., caused by null" type="com.orpheus.auction.persistence.ObjectInstantiationException">com.orpheus.auction.persistence.ObjectInstantiationException: The com.topcoder.db.connectionfactory.DBConnectionFactory instance can&apos;t be created successfully., caused by The object can not be initialized., caused by null
	at com.orpheus.auction.persistence.AuctionPersistenceHelper.createObject(AuctionPersistenceHelper.java:223)
	at com.orpheus.auction.persistence.impl.SQLServerAuctionDAO.&lt;init&gt;(SQLServerAuctionDAO.java:151)
	at com.orpheus.auction.persistence.failuretests.SQLServerAuctionDAOFailureTest.setUp(SQLServerAuctionDAOFailureTest.java:45)
Caused by: com.topcoder.util.objectfactory.InvalidClassSpecificationException: The object can not be initialized., caused by null
	at com.topcoder.util.objectfactory.ObjectFactory.createObjectByReflection(ObjectFactory.java:623)
	at com.topcoder.util.objectfactory.ObjectFactory.createComplexSpecification(ObjectFactory.java:586)
	at com.topcoder.util.objectfactory.ObjectFactory.getObjectBySpecification(ObjectFactory.java:390)
	at com.topcoder.util.objectfactory.ObjectFactory.createObject(ObjectFactory.java:333)
	at com.topcoder.util.objectfactory.ObjectFactory.createObject(ObjectFactory.java:112)
	at com.orpheus.auction.persistence.AuctionPersistenceHelper.createObject(AuctionPersistenceHelper.java:215)
	... 16 more
Caused by: java.lang.reflect.InvocationTargetException
	at java.lang.reflect.Constructor.newInstance(Constructor.java:274)
	at com.topcoder.util.objectfactory.ObjectFactory.createObjectByReflection(ObjectFactory.java:611)
	... 21 more
Caused by: com.topcoder.db.connectionfactory.ConfigurationException: Unexpected errors- , caused by null
	at com.topcoder.db.connectionfactory.DBConnectionFactoryImpl.&lt;init&gt;(DBConnectionFactoryImpl.java:211)
	... 26 more
Caused by: java.lang.reflect.InvocationTargetException
	at java.lang.reflect.Constructor.newInstance(Constructor.java:274)
	at com.topcoder.db.connectionfactory.DBConnectionFactoryImpl.&lt;init&gt;(DBConnectionFactoryImpl.java:190)
	... 26 more
Caused by: java.lang.ClassNotFoundException: The class name com.microsoft.sqlserver.jdbc.SQLServerDriver is invalid.
	at com.topcoder.db.connectionfactory.producers.JDBCConnectionProducer.&lt;init&gt;(JDBCConnectionProducer.java:236)
	... 31 more
Caused by: java.lang.ClassNotFoundException: com.microsoft.sqlserver.jdbc.SQLServerDriver
	at java.net.URLClassLoader$1.run(URLClassLoader.java:199)
	at java.security.AccessController.doPrivileged(Native Method)
	at java.net.URLClassLoader.findClass(URLClassLoader.java:187)
	at java.lang.ClassLoader.loadClass(ClassLoader.java:289)
	at sun.misc.Launcher$AppClassLoader.loadClass(Launcher.java:274)
	at java.lang.ClassLoader.loadClass(ClassLoader.java:235)
	at java.lang.ClassLoader.loadClassInternal(ClassLoader.java:302)
	at java.lang.Class.forName0(Native Method)
	at java.lang.Class.forName(Class.java:141)
	at com.topcoder.db.connectionfactory.producers.JDBCConnectionProducer.&lt;init&gt;(JDBCConnectionProducer.java:234)
	... 31 more
Caused by:com.topcoder.util.objectfactory.InvalidClassSpecificationException: The object can not be initialized., caused by null
	at com.topcoder.util.objectfactory.ObjectFactory.createObjectByReflection(ObjectFactory.java:623)
	at com.topcoder.util.objectfactory.ObjectFactory.createComplexSpecification(ObjectFactory.java:586)
	at com.topcoder.util.objectfactory.ObjectFactory.getObjectBySpecification(ObjectFactory.java:390)
	at com.topcoder.util.objectfactory.ObjectFactory.createObject(ObjectFactory.java:333)
	at com.topcoder.util.objectfactory.ObjectFactory.createObject(ObjectFactory.java:112)
	at com.orpheus.auction.persistence.AuctionPersistenceHelper.createObject(AuctionPersistenceHelper.java:215)
	at com.orpheus.auction.persistence.impl.SQLServerAuctionDAO.&lt;init&gt;(SQLServerAuctionDAO.java:151)
	at com.orpheus.auction.persistence.failuretests.SQLServerAuctionDAOFailureTest.setUp(SQLServerAuctionDAOFailureTest.java:45)
Caused by: java.lang.reflect.InvocationTargetException
	at java.lang.reflect.Constructor.newInstance(Constructor.java:274)
	at com.topcoder.util.objectfactory.ObjectFactory.createObjectByReflection(ObjectFactory.java:611)
	... 21 more
Caused by: com.topcoder.db.connectionfactory.ConfigurationException: Unexpected errors- , caused by null
	at com.topcoder.db.connectionfactory.DBConnectionFactoryImpl.&lt;init&gt;(DBConnectionFactoryImpl.java:211)
	... 26 more
Caused by: java.lang.reflect.InvocationTargetException
	at java.lang.reflect.Constructor.newInstance(Constructor.java:274)
	at com.topcoder.db.connectionfactory.DBConnectionFactoryImpl.&lt;init&gt;(DBConnectionFactoryImpl.java:190)
	... 26 more
Caused by: java.lang.ClassNotFoundException: The class name com.microsoft.sqlserver.jdbc.SQLServerDriver is invalid.
	at com.topcoder.db.connectionfactory.producers.JDBCConnectionProducer.&lt;init&gt;(JDBCConnectionProducer.java:236)
	... 31 more
Caused by: java.lang.ClassNotFoundException: com.microsoft.sqlserver.jdbc.SQLServerDriver
	at java.net.URLClassLoader$1.run(URLClassLoader.java:199)
	at java.security.AccessController.doPrivileged(Native Method)
	at java.net.URLClassLoader.findClass(URLClassLoader.java:187)
	at java.lang.ClassLoader.loadClass(ClassLoader.java:289)
	at sun.misc.Launcher$AppClassLoader.loadClass(Launcher.java:274)
	at java.lang.ClassLoader.loadClass(ClassLoader.java:235)
	at java.lang.ClassLoader.loadClassInternal(ClassLoader.java:302)
	at java.lang.Class.forName0(Native Method)
	at java.lang.Class.forName(Class.java:141)
	at com.topcoder.db.connectionfactory.producers.JDBCConnectionProducer.&lt;init&gt;(JDBCConnectionProducer.java:234)
	... 31 more
Caused by:java.lang.reflect.InvocationTargetException
	at java.lang.reflect.Constructor.newInstance(Constructor.java:274)
	at com.topcoder.util.objectfactory.ObjectFactory.createObjectByReflection(ObjectFactory.java:611)
	at com.topcoder.util.objectfactory.ObjectFactory.createComplexSpecification(ObjectFactory.java:586)
	at com.topcoder.util.objectfactory.ObjectFactory.getObjectBySpecification(ObjectFactory.java:390)
	at com.topcoder.util.objectfactory.ObjectFactory.createObject(ObjectFactory.java:333)
	at com.topcoder.util.objectfactory.ObjectFactory.createObject(ObjectFactory.java:112)
	at com.orpheus.auction.persistence.AuctionPersistenceHelper.createObject(AuctionPersistenceHelper.java:215)
	at com.orpheus.auction.persistence.impl.SQLServerAuctionDAO.&lt;init&gt;(SQLServerAuctionDAO.java:151)
	at com.orpheus.auction.persistence.failuretests.SQLServerAuctionDAOFailureTest.setUp(SQLServerAuctionDAOFailureTest.java:45)
Caused by: com.topcoder.db.connectionfactory.ConfigurationException: Unexpected errors- , caused by null
	at com.topcoder.db.connectionfactory.DBConnectionFactoryImpl.&lt;init&gt;(DBConnectionFactoryImpl.java:211)
	... 26 more
Caused by: java.lang.reflect.InvocationTargetException
	at java.lang.reflect.Constructor.newInstance(Constructor.java:274)
	at com.topcoder.db.connectionfactory.DBConnectionFactoryImpl.&lt;init&gt;(DBConnectionFactoryImpl.java:190)
	... 26 more
Caused by: java.lang.ClassNotFoundException: The class name com.microsoft.sqlserver.jdbc.SQLServerDriver is invalid.
	at com.topcoder.db.connectionfactory.producers.JDBCConnectionProducer.&lt;init&gt;(JDBCConnectionProducer.java:236)
	... 31 more
Caused by: java.lang.ClassNotFoundException: com.microsoft.sqlserver.jdbc.SQLServerDriver
	at java.net.URLClassLoader$1.run(URLClassLoader.java:199)
	at java.security.AccessController.doPrivileged(Native Method)
	at java.net.URLClassLoader.findClass(URLClassLoader.java:187)
	at java.lang.ClassLoader.loadClass(ClassLoader.java:289)
	at sun.misc.Launcher$AppClassLoader.loadClass(Launcher.java:274)
	at java.lang.ClassLoader.loadClass(ClassLoader.java:235)
	at java.lang.ClassLoader.loadClassInternal(ClassLoader.java:302)
	at java.lang.Class.forName0(Native Method)
	at java.lang.Class.forName(Class.java:141)
	at com.topcoder.db.connectionfactory.producers.JDBCConnectionProducer.&lt;init&gt;(JDBCConnectionProducer.java:234)
	... 31 more
</error>
  </testcase>
  <testcase name="testSQLServerAuctionDAO14" classname="com.orpheus.auction.persistence.failuretests.SQLServerAuctionDAOFailureTest" time="0.078">
    <error message="The com.topcoder.db.connectionfactory.DBConnectionFactory instance can&apos;t be created successfully., caused by The object can not be initialized., caused by null" type="com.orpheus.auction.persistence.ObjectInstantiationException">com.orpheus.auction.persistence.ObjectInstantiationException: The com.topcoder.db.connectionfactory.DBConnectionFactory instance can&apos;t be created successfully., caused by The object can not be initialized., caused by null
	at com.orpheus.auction.persistence.AuctionPersistenceHelper.createObject(AuctionPersistenceHelper.java:223)
	at com.orpheus.auction.persistence.impl.SQLServerAuctionDAO.&lt;init&gt;(SQLServerAuctionDAO.java:151)
	at com.orpheus.auction.persistence.failuretests.SQLServerAuctionDAOFailureTest.setUp(SQLServerAuctionDAOFailureTest.java:45)
Caused by: com.topcoder.util.objectfactory.InvalidClassSpecificationException: The object can not be initialized., caused by null
	at com.topcoder.util.objectfactory.ObjectFactory.createObjectByReflection(ObjectFactory.java:623)
	at com.topcoder.util.objectfactory.ObjectFactory.createComplexSpecification(ObjectFactory.java:586)
	at com.topcoder.util.objectfactory.ObjectFactory.getObjectBySpecification(ObjectFactory.java:390)
	at com.topcoder.util.objectfactory.ObjectFactory.createObject(ObjectFactory.java:333)
	at com.topcoder.util.objectfactory.ObjectFactory.createObject(ObjectFactory.java:112)
	at com.orpheus.auction.persistence.AuctionPersistenceHelper.createObject(AuctionPersistenceHelper.java:215)
	... 16 more
Caused by: java.lang.reflect.InvocationTargetException
	at java.lang.reflect.Constructor.newInstance(Constructor.java:274)
	at com.topcoder.util.objectfactory.ObjectFactory.createObjectByReflection(ObjectFactory.java:611)
	... 21 more
Caused by: com.topcoder.db.connectionfactory.ConfigurationException: Unexpected errors- , caused by null
	at com.topcoder.db.connectionfactory.DBConnectionFactoryImpl.&lt;init&gt;(DBConnectionFactoryImpl.java:211)
	... 25 more
Caused by: java.lang.reflect.InvocationTargetException
	at java.lang.reflect.Constructor.newInstance(Constructor.java:274)
	at com.topcoder.db.connectionfactory.DBConnectionFactoryImpl.&lt;init&gt;(DBConnectionFactoryImpl.java:190)
	... 25 more
Caused by: java.lang.ClassNotFoundException: The class name com.microsoft.sqlserver.jdbc.SQLServerDriver is invalid.
	at com.topcoder.db.connectionfactory.producers.JDBCConnectionProducer.&lt;init&gt;(JDBCConnectionProducer.java:236)
	... 29 more
Caused by: java.lang.ClassNotFoundException: com.microsoft.sqlserver.jdbc.SQLServerDriver
	at java.net.URLClassLoader$1.run(URLClassLoader.java:199)
	at java.security.AccessController.doPrivileged(Native Method)
	at java.net.URLClassLoader.findClass(URLClassLoader.java:187)
	at java.lang.ClassLoader.loadClass(ClassLoader.java:289)
	at sun.misc.Launcher$AppClassLoader.loadClass(Launcher.java:274)
	at java.lang.ClassLoader.loadClass(ClassLoader.java:235)
	at java.lang.ClassLoader.loadClassInternal(ClassLoader.java:302)
	at java.lang.Class.forName0(Native Method)
	at java.lang.Class.forName(Class.java:141)
	at com.topcoder.db.connectionfactory.producers.JDBCConnectionProducer.&lt;init&gt;(JDBCConnectionProducer.java:234)
	... 29 more
Caused by:com.topcoder.util.objectfactory.InvalidClassSpecificationException: The object can not be initialized., caused by null
	at com.topcoder.util.objectfactory.ObjectFactory.createObjectByReflection(ObjectFactory.java:623)
	at com.topcoder.util.objectfactory.ObjectFactory.createComplexSpecification(ObjectFactory.java:586)
	at com.topcoder.util.objectfactory.ObjectFactory.getObjectBySpecification(ObjectFactory.java:390)
	at com.topcoder.util.objectfactory.ObjectFactory.createObject(ObjectFactory.java:333)
	at com.topcoder.util.objectfactory.ObjectFactory.createObject(ObjectFactory.java:112)
	at com.orpheus.auction.persistence.AuctionPersistenceHelper.createObject(AuctionPersistenceHelper.java:215)
	at com.orpheus.auction.persistence.impl.SQLServerAuctionDAO.&lt;init&gt;(SQLServerAuctionDAO.java:151)
	at com.orpheus.auction.persistence.failuretests.SQLServerAuctionDAOFailureTest.setUp(SQLServerAuctionDAOFailureTest.java:45)
Caused by: java.lang.reflect.InvocationTargetException
	at java.lang.reflect.Constructor.newInstance(Constructor.java:274)
	at com.topcoder.util.objectfactory.ObjectFactory.createObjectByReflection(ObjectFactory.java:611)
	... 21 more
Caused by: com.topcoder.db.connectionfactory.ConfigurationException: Unexpected errors- , caused by null
	at com.topcoder.db.connectionfactory.DBConnectionFactoryImpl.&lt;init&gt;(DBConnectionFactoryImpl.java:211)
	... 25 more
Caused by: java.lang.reflect.InvocationTargetException
	at java.lang.reflect.Constructor.newInstance(Constructor.java:274)
	at com.topcoder.db.connectionfactory.DBConnectionFactoryImpl.&lt;init&gt;(DBConnectionFactoryImpl.java:190)
	... 25 more
Caused by: java.lang.ClassNotFoundException: The class name com.microsoft.sqlserver.jdbc.SQLServerDriver is invalid.
	at com.topcoder.db.connectionfactory.producers.JDBCConnectionProducer.&lt;init&gt;(JDBCConnectionProducer.java:236)
	... 29 more
Caused by: java.lang.ClassNotFoundException: com.microsoft.sqlserver.jdbc.SQLServerDriver
	at java.net.URLClassLoader$1.run(URLClassLoader.java:199)
	at java.security.AccessController.doPrivileged(Native Method)
	at java.net.URLClassLoader.findClass(URLClassLoader.java:187)
	at java.lang.ClassLoader.loadClass(ClassLoader.java:289)
	at sun.misc.Launcher$AppClassLoader.loadClass(Launcher.java:274)
	at java.lang.ClassLoader.loadClass(ClassLoader.java:235)
	at java.lang.ClassLoader.loadClassInternal(ClassLoader.java:302)
	at java.lang.Class.forName0(Native Method)
	at java.lang.Class.forName(Class.java:141)
	at com.topcoder.db.connectionfactory.producers.JDBCConnectionProducer.&lt;init&gt;(JDBCConnectionProducer.java:234)
	... 29 more
Caused by:java.lang.reflect.InvocationTargetException
	at java.lang.reflect.Constructor.newInstance(Constructor.java:274)
	at com.topcoder.util.objectfactory.ObjectFactory.createObjectByReflection(ObjectFactory.java:611)
	at com.topcoder.util.objectfactory.ObjectFactory.createComplexSpecification(ObjectFactory.java:586)
	at com.topcoder.util.objectfactory.ObjectFactory.getObjectBySpecification(ObjectFactory.java:390)
	at com.topcoder.util.objectfactory.ObjectFactory.createObject(ObjectFactory.java:333)
	at com.topcoder.util.objectfactory.ObjectFactory.createObject(ObjectFactory.java:112)
	at com.orpheus.auction.persistence.AuctionPersistenceHelper.createObject(AuctionPersistenceHelper.java:215)
	at com.orpheus.auction.persistence.impl.SQLServerAuctionDAO.&lt;init&gt;(SQLServerAuctionDAO.java:151)
	at com.orpheus.auction.persistence.failuretests.SQLServerAuctionDAOFailureTest.setUp(SQLServerAuctionDAOFailureTest.java:45)
Caused by: com.topcoder.db.connectionfactory.ConfigurationException: Unexpected errors- , caused by null
	at com.topcoder.db.connectionfactory.DBConnectionFactoryImpl.&lt;init&gt;(DBConnectionFactoryImpl.java:211)
	... 25 more
Caused by: java.lang.reflect.InvocationTargetException
	at java.lang.reflect.Constructor.newInstance(Constructor.java:274)
	at com.topcoder.db.connectionfactory.DBConnectionFactoryImpl.&lt;init&gt;(DBConnectionFactoryImpl.java:190)
	... 25 more
Caused by: java.lang.ClassNotFoundException: The class name com.microsoft.sqlserver.jdbc.SQLServerDriver is invalid.
	at com.topcoder.db.connectionfactory.producers.JDBCConnectionProducer.&lt;init&gt;(JDBCConnectionProducer.java:236)
	... 29 more
Caused by: java.lang.ClassNotFoundException: com.microsoft.sqlserver.jdbc.SQLServerDriver
	at java.net.URLClassLoader$1.run(URLClassLoader.java:199)
	at java.security.AccessController.doPrivileged(Native Method)
	at java.net.URLClassLoader.findClass(URLClassLoader.java:187)
	at java.lang.ClassLoader.loadClass(ClassLoader.java:289)
	at sun.misc.Launcher$AppClassLoader.loadClass(Launcher.java:274)
	at java.lang.ClassLoader.loadClass(ClassLoader.java:235)
	at java.lang.ClassLoader.loadClassInternal(ClassLoader.java:302)
	at java.lang.Class.forName0(Native Method)
	at java.lang.Class.forName(Class.java:141)
	at com.topcoder.db.connectionfactory.producers.JDBCConnectionProducer.&lt;init&gt;(JDBCConnectionProducer.java:234)
	... 29 more
</error>
  </testcase>
  <testcase name="testSQLServerAuctionDAO15" classname="com.orpheus.auction.persistence.failuretests.SQLServerAuctionDAOFailureTest" time="0.062">
    <error message="The com.topcoder.db.connectionfactory.DBConnectionFactory instance can&apos;t be created successfully., caused by The object can not be initialized., caused by null" type="com.orpheus.auction.persistence.ObjectInstantiationException">com.orpheus.auction.persistence.ObjectInstantiationException: The com.topcoder.db.connectionfactory.DBConnectionFactory instance can&apos;t be created successfully., caused by The object can not be initialized., caused by null
	at com.orpheus.auction.persistence.AuctionPersistenceHelper.createObject(AuctionPersistenceHelper.java:223)
	at com.orpheus.auction.persistence.impl.SQLServerAuctionDAO.&lt;init&gt;(SQLServerAuctionDAO.java:151)
	at com.orpheus.auction.persistence.failuretests.SQLServerAuctionDAOFailureTest.setUp(SQLServerAuctionDAOFailureTest.java:45)
Caused by: com.topcoder.util.objectfactory.InvalidClassSpecificationException: The object can not be initialized., caused by null
	at com.topcoder.util.objectfactory.ObjectFactory.createObjectByReflection(ObjectFactory.java:623)
	at com.topcoder.util.objectfactory.ObjectFactory.createComplexSpecification(ObjectFactory.java:586)
	at com.topcoder.util.objectfactory.ObjectFactory.getObjectBySpecification(ObjectFactory.java:390)
	at com.topcoder.util.objectfactory.ObjectFactory.createObject(ObjectFactory.java:333)
	at com.topcoder.util.objectfactory.ObjectFactory.createObject(ObjectFactory.java:112)
	at com.orpheus.auction.persistence.AuctionPersistenceHelper.createObject(AuctionPersistenceHelper.java:215)
	... 16 more
Caused by: java.lang.reflect.InvocationTargetException
	at java.lang.reflect.Constructor.newInstance(Constructor.java:274)
	at com.topcoder.util.objectfactory.ObjectFactory.createObjectByReflection(ObjectFactory.java:611)
	... 21 more
Caused by: com.topcoder.db.connectionfactory.ConfigurationException: Unexpected errors- , caused by null
	at com.topcoder.db.connectionfactory.DBConnectionFactoryImpl.&lt;init&gt;(DBConnectionFactoryImpl.java:211)
	... 25 more
Caused by: java.lang.reflect.InvocationTargetException
	at java.lang.reflect.Constructor.newInstance(Constructor.java:274)
	at com.topcoder.db.connectionfactory.DBConnectionFactoryImpl.&lt;init&gt;(DBConnectionFactoryImpl.java:190)
	... 25 more
Caused by: java.lang.ClassNotFoundException: The class name com.microsoft.sqlserver.jdbc.SQLServerDriver is invalid.
	at com.topcoder.db.connectionfactory.producers.JDBCConnectionProducer.&lt;init&gt;(JDBCConnectionProducer.java:236)
	... 29 more
Caused by: java.lang.ClassNotFoundException: com.microsoft.sqlserver.jdbc.SQLServerDriver
	at java.net.URLClassLoader$1.run(URLClassLoader.java:199)
	at java.security.AccessController.doPrivileged(Native Method)
	at java.net.URLClassLoader.findClass(URLClassLoader.java:187)
	at java.lang.ClassLoader.loadClass(ClassLoader.java:289)
	at sun.misc.Launcher$AppClassLoader.loadClass(Launcher.java:274)
	at java.lang.ClassLoader.loadClass(ClassLoader.java:235)
	at java.lang.ClassLoader.loadClassInternal(ClassLoader.java:302)
	at java.lang.Class.forName0(Native Method)
	at java.lang.Class.forName(Class.java:141)
	at com.topcoder.db.connectionfactory.producers.JDBCConnectionProducer.&lt;init&gt;(JDBCConnectionProducer.java:234)
	... 29 more
Caused by:com.topcoder.util.objectfactory.InvalidClassSpecificationException: The object can not be initialized., caused by null
	at com.topcoder.util.objectfactory.ObjectFactory.createObjectByReflection(ObjectFactory.java:623)
	at com.topcoder.util.objectfactory.ObjectFactory.createComplexSpecification(ObjectFactory.java:586)
	at com.topcoder.util.objectfactory.ObjectFactory.getObjectBySpecification(ObjectFactory.java:390)
	at com.topcoder.util.objectfactory.ObjectFactory.createObject(ObjectFactory.java:333)
	at com.topcoder.util.objectfactory.ObjectFactory.createObject(ObjectFactory.java:112)
	at com.orpheus.auction.persistence.AuctionPersistenceHelper.createObject(AuctionPersistenceHelper.java:215)
	at com.orpheus.auction.persistence.impl.SQLServerAuctionDAO.&lt;init&gt;(SQLServerAuctionDAO.java:151)
	at com.orpheus.auction.persistence.failuretests.SQLServerAuctionDAOFailureTest.setUp(SQLServerAuctionDAOFailureTest.java:45)
Caused by: java.lang.reflect.InvocationTargetException
	at java.lang.reflect.Constructor.newInstance(Constructor.java:274)
	at com.topcoder.util.objectfactory.ObjectFactory.createObjectByReflection(ObjectFactory.java:611)
	... 21 more
Caused by: com.topcoder.db.connectionfactory.ConfigurationException: Unexpected errors- , caused by null
	at com.topcoder.db.connectionfactory.DBConnectionFactoryImpl.&lt;init&gt;(DBConnectionFactoryImpl.java:211)
	... 25 more
Caused by: java.lang.reflect.InvocationTargetException
	at java.lang.reflect.Constructor.newInstance(Constructor.java:274)
	at com.topcoder.db.connectionfactory.DBConnectionFactoryImpl.&lt;init&gt;(DBConnectionFactoryImpl.java:190)
	... 25 more
Caused by: java.lang.ClassNotFoundException: The class name com.microsoft.sqlserver.jdbc.SQLServerDriver is invalid.
	at com.topcoder.db.connectionfactory.producers.JDBCConnectionProducer.&lt;init&gt;(JDBCConnectionProducer.java:236)
	... 29 more
Caused by: java.lang.ClassNotFoundException: com.microsoft.sqlserver.jdbc.SQLServerDriver
	at java.net.URLClassLoader$1.run(URLClassLoader.java:199)
	at java.security.AccessController.doPrivileged(Native Method)
	at java.net.URLClassLoader.findClass(URLClassLoader.java:187)
	at java.lang.ClassLoader.loadClass(ClassLoader.java:289)
	at sun.misc.Launcher$AppClassLoader.loadClass(Launcher.java:274)
	at java.lang.ClassLoader.loadClass(ClassLoader.java:235)
	at java.lang.ClassLoader.loadClassInternal(ClassLoader.java:302)
	at java.lang.Class.forName0(Native Method)
	at java.lang.Class.forName(Class.java:141)
	at com.topcoder.db.connectionfactory.producers.JDBCConnectionProducer.&lt;init&gt;(JDBCConnectionProducer.java:234)
	... 29 more
Caused by:java.lang.reflect.InvocationTargetException
	at java.lang.reflect.Constructor.newInstance(Constructor.java:274)
	at com.topcoder.util.objectfactory.ObjectFactory.createObjectByReflection(ObjectFactory.java:611)
	at com.topcoder.util.objectfactory.ObjectFactory.createComplexSpecification(ObjectFactory.java:586)
	at com.topcoder.util.objectfactory.ObjectFactory.getObjectBySpecification(ObjectFactory.java:390)
	at com.topcoder.util.objectfactory.ObjectFactory.createObject(ObjectFactory.java:333)
	at com.topcoder.util.objectfactory.ObjectFactory.createObject(ObjectFactory.java:112)
	at com.orpheus.auction.persistence.AuctionPersistenceHelper.createObject(AuctionPersistenceHelper.java:215)
	at com.orpheus.auction.persistence.impl.SQLServerAuctionDAO.&lt;init&gt;(SQLServerAuctionDAO.java:151)
	at com.orpheus.auction.persistence.failuretests.SQLServerAuctionDAOFailureTest.setUp(SQLServerAuctionDAOFailureTest.java:45)
Caused by: com.topcoder.db.connectionfactory.ConfigurationException: Unexpected errors- , caused by null
	at com.topcoder.db.connectionfactory.DBConnectionFactoryImpl.&lt;init&gt;(DBConnectionFactoryImpl.java:211)
	... 25 more
Caused by: java.lang.reflect.InvocationTargetException
	at java.lang.reflect.Constructor.newInstance(Constructor.java:274)
	at com.topcoder.db.connectionfactory.DBConnectionFactoryImpl.&lt;init&gt;(DBConnectionFactoryImpl.java:190)
	... 25 more
Caused by: java.lang.ClassNotFoundException: The class name com.microsoft.sqlserver.jdbc.SQLServerDriver is invalid.
	at com.topcoder.db.connectionfactory.producers.JDBCConnectionProducer.&lt;init&gt;(JDBCConnectionProducer.java:236)
	... 29 more
Caused by: java.lang.ClassNotFoundException: com.microsoft.sqlserver.jdbc.SQLServerDriver
	at java.net.URLClassLoader$1.run(URLClassLoader.java:199)
	at java.security.AccessController.doPrivileged(Native Method)
	at java.net.URLClassLoader.findClass(URLClassLoader.java:187)
	at java.lang.ClassLoader.loadClass(ClassLoader.java:289)
	at sun.misc.Launcher$AppClassLoader.loadClass(Launcher.java:274)
	at java.lang.ClassLoader.loadClass(ClassLoader.java:235)
	at java.lang.ClassLoader.loadClassInternal(ClassLoader.java:302)
	at java.lang.Class.forName0(Native Method)
	at java.lang.Class.forName(Class.java:141)
	at com.topcoder.db.connectionfactory.producers.JDBCConnectionProducer.&lt;init&gt;(JDBCConnectionProducer.java:234)
	... 29 more
</error>
  </testcase>
  <testcase name="testCreateAuction1" classname="com.orpheus.auction.persistence.failuretests.SQLServerAuctionDAOFailureTest" time="0.063">
    <error message="The com.topcoder.db.connectionfactory.DBConnectionFactory instance can&apos;t be created successfully., caused by The object can not be initialized., caused by null" type="com.orpheus.auction.persistence.ObjectInstantiationException">com.orpheus.auction.persistence.ObjectInstantiationException: The com.topcoder.db.connectionfactory.DBConnectionFactory instance can&apos;t be created successfully., caused by The object can not be initialized., caused by null
	at com.orpheus.auction.persistence.AuctionPersistenceHelper.createObject(AuctionPersistenceHelper.java:223)
	at com.orpheus.auction.persistence.impl.SQLServerAuctionDAO.&lt;init&gt;(SQLServerAuctionDAO.java:151)
	at com.orpheus.auction.persistence.failuretests.SQLServerAuctionDAOFailureTest.setUp(SQLServerAuctionDAOFailureTest.java:45)
Caused by: com.topcoder.util.objectfactory.InvalidClassSpecificationException: The object can not be initialized., caused by null
	at com.topcoder.util.objectfactory.ObjectFactory.createObjectByReflection(ObjectFactory.java:623)
	at com.topcoder.util.objectfactory.ObjectFactory.createComplexSpecification(ObjectFactory.java:586)
	at com.topcoder.util.objectfactory.ObjectFactory.getObjectBySpecification(ObjectFactory.java:390)
	at com.topcoder.util.objectfactory.ObjectFactory.createObject(ObjectFactory.java:333)
	at com.topcoder.util.objectfactory.ObjectFactory.createObject(ObjectFactory.java:112)
	at com.orpheus.auction.persistence.AuctionPersistenceHelper.createObject(AuctionPersistenceHelper.java:215)
	... 16 more
Caused by: java.lang.reflect.InvocationTargetException
	at java.lang.reflect.Constructor.newInstance(Constructor.java:274)
	at com.topcoder.util.objectfactory.ObjectFactory.createObjectByReflection(ObjectFactory.java:611)
	... 21 more
Caused by: com.topcoder.db.connectionfactory.ConfigurationException: Unexpected errors- , caused by null
	at com.topcoder.db.connectionfactory.DBConnectionFactoryImpl.&lt;init&gt;(DBConnectionFactoryImpl.java:211)
	... 25 more
Caused by: java.lang.reflect.InvocationTargetException
	at java.lang.reflect.Constructor.newInstance(Constructor.java:274)
	at com.topcoder.db.connectionfactory.DBConnectionFactoryImpl.&lt;init&gt;(DBConnectionFactoryImpl.java:190)
	... 25 more
Caused by: java.lang.ClassNotFoundException: The class name com.microsoft.sqlserver.jdbc.SQLServerDriver is invalid.
	at com.topcoder.db.connectionfactory.producers.JDBCConnectionProducer.&lt;init&gt;(JDBCConnectionProducer.java:236)
	... 29 more
Caused by: java.lang.ClassNotFoundException: com.microsoft.sqlserver.jdbc.SQLServerDriver
	at java.net.URLClassLoader$1.run(URLClassLoader.java:199)
	at java.security.AccessController.doPrivileged(Native Method)
	at java.net.URLClassLoader.findClass(URLClassLoader.java:187)
	at java.lang.ClassLoader.loadClass(ClassLoader.java:289)
	at sun.misc.Launcher$AppClassLoader.loadClass(Launcher.java:274)
	at java.lang.ClassLoader.loadClass(ClassLoader.java:235)
	at java.lang.ClassLoader.loadClassInternal(ClassLoader.java:302)
	at java.lang.Class.forName0(Native Method)
	at java.lang.Class.forName(Class.java:141)
	at com.topcoder.db.connectionfactory.producers.JDBCConnectionProducer.&lt;init&gt;(JDBCConnectionProducer.java:234)
	... 29 more
Caused by:com.topcoder.util.objectfactory.InvalidClassSpecificationException: The object can not be initialized., caused by null
	at com.topcoder.util.objectfactory.ObjectFactory.createObjectByReflection(ObjectFactory.java:623)
	at com.topcoder.util.objectfactory.ObjectFactory.createComplexSpecification(ObjectFactory.java:586)
	at com.topcoder.util.objectfactory.ObjectFactory.getObjectBySpecification(ObjectFactory.java:390)
	at com.topcoder.util.objectfactory.ObjectFactory.createObject(ObjectFactory.java:333)
	at com.topcoder.util.objectfactory.ObjectFactory.createObject(ObjectFactory.java:112)
	at com.orpheus.auction.persistence.AuctionPersistenceHelper.createObject(AuctionPersistenceHelper.java:215)
	at com.orpheus.auction.persistence.impl.SQLServerAuctionDAO.&lt;init&gt;(SQLServerAuctionDAO.java:151)
	at com.orpheus.auction.persistence.failuretests.SQLServerAuctionDAOFailureTest.setUp(SQLServerAuctionDAOFailureTest.java:45)
Caused by: java.lang.reflect.InvocationTargetException
	at java.lang.reflect.Constructor.newInstance(Constructor.java:274)
	at com.topcoder.util.objectfactory.ObjectFactory.createObjectByReflection(ObjectFactory.java:611)
	... 21 more
Caused by: com.topcoder.db.connectionfactory.ConfigurationException: Unexpected errors- , caused by null
	at com.topcoder.db.connectionfactory.DBConnectionFactoryImpl.&lt;init&gt;(DBConnectionFactoryImpl.java:211)
	... 25 more
Caused by: java.lang.reflect.InvocationTargetException
	at java.lang.reflect.Constructor.newInstance(Constructor.java:274)
	at com.topcoder.db.connectionfactory.DBConnectionFactoryImpl.&lt;init&gt;(DBConnectionFactoryImpl.java:190)
	... 25 more
Caused by: java.lang.ClassNotFoundException: The class name com.microsoft.sqlserver.jdbc.SQLServerDriver is invalid.
	at com.topcoder.db.connectionfactory.producers.JDBCConnectionProducer.&lt;init&gt;(JDBCConnectionProducer.java:236)
	... 29 more
Caused by: java.lang.ClassNotFoundException: com.microsoft.sqlserver.jdbc.SQLServerDriver
	at java.net.URLClassLoader$1.run(URLClassLoader.java:199)
	at java.security.AccessController.doPrivileged(Native Method)
	at java.net.URLClassLoader.findClass(URLClassLoader.java:187)
	at java.lang.ClassLoader.loadClass(ClassLoader.java:289)
	at sun.misc.Launcher$AppClassLoader.loadClass(Launcher.java:274)
	at java.lang.ClassLoader.loadClass(ClassLoader.java:235)
	at java.lang.ClassLoader.loadClassInternal(ClassLoader.java:302)
	at java.lang.Class.forName0(Native Method)
	at java.lang.Class.forName(Class.java:141)
	at com.topcoder.db.connectionfactory.producers.JDBCConnectionProducer.&lt;init&gt;(JDBCConnectionProducer.java:234)
	... 29 more
Caused by:java.lang.reflect.InvocationTargetException
	at java.lang.reflect.Constructor.newInstance(Constructor.java:274)
	at com.topcoder.util.objectfactory.ObjectFactory.createObjectByReflection(ObjectFactory.java:611)
	at com.topcoder.util.objectfactory.ObjectFactory.createComplexSpecification(ObjectFactory.java:586)
	at com.topcoder.util.objectfactory.ObjectFactory.getObjectBySpecification(ObjectFactory.java:390)
	at com.topcoder.util.objectfactory.ObjectFactory.createObject(ObjectFactory.java:333)
	at com.topcoder.util.objectfactory.ObjectFactory.createObject(ObjectFactory.java:112)
	at com.orpheus.auction.persistence.AuctionPersistenceHelper.createObject(AuctionPersistenceHelper.java:215)
	at com.orpheus.auction.persistence.impl.SQLServerAuctionDAO.&lt;init&gt;(SQLServerAuctionDAO.java:151)
	at com.orpheus.auction.persistence.failuretests.SQLServerAuctionDAOFailureTest.setUp(SQLServerAuctionDAOFailureTest.java:45)
Caused by: com.topcoder.db.connectionfactory.ConfigurationException: Unexpected errors- , caused by null
	at com.topcoder.db.connectionfactory.DBConnectionFactoryImpl.&lt;init&gt;(DBConnectionFactoryImpl.java:211)
	... 25 more
Caused by: java.lang.reflect.InvocationTargetException
	at java.lang.reflect.Constructor.newInstance(Constructor.java:274)
	at com.topcoder.db.connectionfactory.DBConnectionFactoryImpl.&lt;init&gt;(DBConnectionFactoryImpl.java:190)
	... 25 more
Caused by: java.lang.ClassNotFoundException: The class name com.microsoft.sqlserver.jdbc.SQLServerDriver is invalid.
	at com.topcoder.db.connectionfactory.producers.JDBCConnectionProducer.&lt;init&gt;(JDBCConnectionProducer.java:236)
	... 29 more
Caused by: java.lang.ClassNotFoundException: com.microsoft.sqlserver.jdbc.SQLServerDriver
	at java.net.URLClassLoader$1.run(URLClassLoader.java:199)
	at java.security.AccessController.doPrivileged(Native Method)
	at java.net.URLClassLoader.findClass(URLClassLoader.java:187)
	at java.lang.ClassLoader.loadClass(ClassLoader.java:289)
	at sun.misc.Launcher$AppClassLoader.loadClass(Launcher.java:274)
	at java.lang.ClassLoader.loadClass(ClassLoader.java:235)
	at java.lang.ClassLoader.loadClassInternal(ClassLoader.java:302)
	at java.lang.Class.forName0(Native Method)
	at java.lang.Class.forName(Class.java:141)
	at com.topcoder.db.connectionfactory.producers.JDBCConnectionProducer.&lt;init&gt;(JDBCConnectionProducer.java:234)
	... 29 more
</error>
  </testcase>
  <testcase name="testCreateAuction2" classname="com.orpheus.auction.persistence.failuretests.SQLServerAuctionDAOFailureTest" time="0.047">
    <error message="The com.topcoder.db.connectionfactory.DBConnectionFactory instance can&apos;t be created successfully., caused by The object can not be initialized., caused by null" type="com.orpheus.auction.persistence.ObjectInstantiationException">com.orpheus.auction.persistence.ObjectInstantiationException: The com.topcoder.db.connectionfactory.DBConnectionFactory instance can&apos;t be created successfully., caused by The object can not be initialized., caused by null
	at com.orpheus.auction.persistence.AuctionPersistenceHelper.createObject(AuctionPersistenceHelper.java:223)
	at com.orpheus.auction.persistence.impl.SQLServerAuctionDAO.&lt;init&gt;(SQLServerAuctionDAO.java:151)
	at com.orpheus.auction.persistence.failuretests.SQLServerAuctionDAOFailureTest.setUp(SQLServerAuctionDAOFailureTest.java:45)
Caused by: com.topcoder.util.objectfactory.InvalidClassSpecificationException: The object can not be initialized., caused by null
	at com.topcoder.util.objectfactory.ObjectFactory.createObjectByReflection(ObjectFactory.java:623)
	at com.topcoder.util.objectfactory.ObjectFactory.createComplexSpecification(ObjectFactory.java:586)
	at com.topcoder.util.objectfactory.ObjectFactory.getObjectBySpecification(ObjectFactory.java:390)
	at com.topcoder.util.objectfactory.ObjectFactory.createObject(ObjectFactory.java:333)
	at com.topcoder.util.objectfactory.ObjectFactory.createObject(ObjectFactory.java:112)
	at com.orpheus.auction.persistence.AuctionPersistenceHelper.createObject(AuctionPersistenceHelper.java:215)
	... 16 more
Caused by: java.lang.reflect.InvocationTargetException
	at java.lang.reflect.Constructor.newInstance(Constructor.java:274)
	at com.topcoder.util.objectfactory.ObjectFactory.createObjectByReflection(ObjectFactory.java:611)
	... 21 more
Caused by: com.topcoder.db.connectionfactory.ConfigurationException: Unexpected errors- , caused by null
	at com.topcoder.db.connectionfactory.DBConnectionFactoryImpl.&lt;init&gt;(DBConnectionFactoryImpl.java:211)
	... 25 more
Caused by: java.lang.reflect.InvocationTargetException
	at java.lang.reflect.Constructor.newInstance(Constructor.java:274)
	at com.topcoder.db.connectionfactory.DBConnectionFactoryImpl.&lt;init&gt;(DBConnectionFactoryImpl.java:190)
	... 25 more
Caused by: java.lang.ClassNotFoundException: The class name com.microsoft.sqlserver.jdbc.SQLServerDriver is invalid.
	at com.topcoder.db.connectionfactory.producers.JDBCConnectionProducer.&lt;init&gt;(JDBCConnectionProducer.java:236)
	... 29 more
Caused by: java.lang.ClassNotFoundException: com.microsoft.sqlserver.jdbc.SQLServerDriver
	at java.net.URLClassLoader$1.run(URLClassLoader.java:199)
	at java.security.AccessController.doPrivileged(Native Method)
	at java.net.URLClassLoader.findClass(URLClassLoader.java:187)
	at java.lang.ClassLoader.loadClass(ClassLoader.java:289)
	at sun.misc.Launcher$AppClassLoader.loadClass(Launcher.java:274)
	at java.lang.ClassLoader.loadClass(ClassLoader.java:235)
	at java.lang.ClassLoader.loadClassInternal(ClassLoader.java:302)
	at java.lang.Class.forName0(Native Method)
	at java.lang.Class.forName(Class.java:141)
	at com.topcoder.db.connectionfactory.producers.JDBCConnectionProducer.&lt;init&gt;(JDBCConnectionProducer.java:234)
	... 29 more
Caused by:com.topcoder.util.objectfactory.InvalidClassSpecificationException: The object can not be initialized., caused by null
	at com.topcoder.util.objectfactory.ObjectFactory.createObjectByReflection(ObjectFactory.java:623)
	at com.topcoder.util.objectfactory.ObjectFactory.createComplexSpecification(ObjectFactory.java:586)
	at com.topcoder.util.objectfactory.ObjectFactory.getObjectBySpecification(ObjectFactory.java:390)
	at com.topcoder.util.objectfactory.ObjectFactory.createObject(ObjectFactory.java:333)
	at com.topcoder.util.objectfactory.ObjectFactory.createObject(ObjectFactory.java:112)
	at com.orpheus.auction.persistence.AuctionPersistenceHelper.createObject(AuctionPersistenceHelper.java:215)
	at com.orpheus.auction.persistence.impl.SQLServerAuctionDAO.&lt;init&gt;(SQLServerAuctionDAO.java:151)
	at com.orpheus.auction.persistence.failuretests.SQLServerAuctionDAOFailureTest.setUp(SQLServerAuctionDAOFailureTest.java:45)
Caused by: java.lang.reflect.InvocationTargetException
	at java.lang.reflect.Constructor.newInstance(Constructor.java:274)
	at com.topcoder.util.objectfactory.ObjectFactory.createObjectByReflection(ObjectFactory.java:611)
	... 21 more
Caused by: com.topcoder.db.connectionfactory.ConfigurationException: Unexpected errors- , caused by null
	at com.topcoder.db.connectionfactory.DBConnectionFactoryImpl.&lt;init&gt;(DBConnectionFactoryImpl.java:211)
	... 25 more
Caused by: java.lang.reflect.InvocationTargetException
	at java.lang.reflect.Constructor.newInstance(Constructor.java:274)
	at com.topcoder.db.connectionfactory.DBConnectionFactoryImpl.&lt;init&gt;(DBConnectionFactoryImpl.java:190)
	... 25 more
Caused by: java.lang.ClassNotFoundException: The class name com.microsoft.sqlserver.jdbc.SQLServerDriver is invalid.
	at com.topcoder.db.connectionfactory.producers.JDBCConnectionProducer.&lt;init&gt;(JDBCConnectionProducer.java:236)
	... 29 more
Caused by: java.lang.ClassNotFoundException: com.microsoft.sqlserver.jdbc.SQLServerDriver
	at java.net.URLClassLoader$1.run(URLClassLoader.java:199)
	at java.security.AccessController.doPrivileged(Native Method)
	at java.net.URLClassLoader.findClass(URLClassLoader.java:187)
	at java.lang.ClassLoader.loadClass(ClassLoader.java:289)
	at sun.misc.Launcher$AppClassLoader.loadClass(Launcher.java:274)
	at java.lang.ClassLoader.loadClass(ClassLoader.java:235)
	at java.lang.ClassLoader.loadClassInternal(ClassLoader.java:302)
	at java.lang.Class.forName0(Native Method)
	at java.lang.Class.forName(Class.java:141)
	at com.topcoder.db.connectionfactory.producers.JDBCConnectionProducer.&lt;init&gt;(JDBCConnectionProducer.java:234)
	... 29 more
Caused by:java.lang.reflect.InvocationTargetException
	at java.lang.reflect.Constructor.newInstance(Constructor.java:274)
	at com.topcoder.util.objectfactory.ObjectFactory.createObjectByReflection(ObjectFactory.java:611)
	at com.topcoder.util.objectfactory.ObjectFactory.createComplexSpecification(ObjectFactory.java:586)
	at com.topcoder.util.objectfactory.ObjectFactory.getObjectBySpecification(ObjectFactory.java:390)
	at com.topcoder.util.objectfactory.ObjectFactory.createObject(ObjectFactory.java:333)
	at com.topcoder.util.objectfactory.ObjectFactory.createObject(ObjectFactory.java:112)
	at com.orpheus.auction.persistence.AuctionPersistenceHelper.createObject(AuctionPersistenceHelper.java:215)
	at com.orpheus.auction.persistence.impl.SQLServerAuctionDAO.&lt;init&gt;(SQLServerAuctionDAO.java:151)
	at com.orpheus.auction.persistence.failuretests.SQLServerAuctionDAOFailureTest.setUp(SQLServerAuctionDAOFailureTest.java:45)
Caused by: com.topcoder.db.connectionfactory.ConfigurationException: Unexpected errors- , caused by null
	at com.topcoder.db.connectionfactory.DBConnectionFactoryImpl.&lt;init&gt;(DBConnectionFactoryImpl.java:211)
	... 25 more
Caused by: java.lang.reflect.InvocationTargetException
	at java.lang.reflect.Constructor.newInstance(Constructor.java:274)
	at com.topcoder.db.connectionfactory.DBConnectionFactoryImpl.&lt;init&gt;(DBConnectionFactoryImpl.java:190)
	... 25 more
Caused by: java.lang.ClassNotFoundException: The class name com.microsoft.sqlserver.jdbc.SQLServerDriver is invalid.
	at com.topcoder.db.connectionfactory.producers.JDBCConnectionProducer.&lt;init&gt;(JDBCConnectionProducer.java:236)
	... 29 more
Caused by: java.lang.ClassNotFoundException: com.microsoft.sqlserver.jdbc.SQLServerDriver
	at java.net.URLClassLoader$1.run(URLClassLoader.java:199)
	at java.security.AccessController.doPrivileged(Native Method)
	at java.net.URLClassLoader.findClass(URLClassLoader.java:187)
	at java.lang.ClassLoader.loadClass(ClassLoader.java:289)
	at sun.misc.Launcher$AppClassLoader.loadClass(Launcher.java:274)
	at java.lang.ClassLoader.loadClass(ClassLoader.java:235)
	at java.lang.ClassLoader.loadClassInternal(ClassLoader.java:302)
	at java.lang.Class.forName0(Native Method)
	at java.lang.Class.forName(Class.java:141)
	at com.topcoder.db.connectionfactory.producers.JDBCConnectionProducer.&lt;init&gt;(JDBCConnectionProducer.java:234)
	... 29 more
</error>
  </testcase>
  <testcase name="testCreateAuction3" classname="com.orpheus.auction.persistence.failuretests.SQLServerAuctionDAOFailureTest" time="0.078">
    <error message="The com.topcoder.db.connectionfactory.DBConnectionFactory instance can&apos;t be created successfully., caused by The object can not be initialized., caused by null" type="com.orpheus.auction.persistence.ObjectInstantiationException">com.orpheus.auction.persistence.ObjectInstantiationException: The com.topcoder.db.connectionfactory.DBConnectionFactory instance can&apos;t be created successfully., caused by The object can not be initialized., caused by null
	at com.orpheus.auction.persistence.AuctionPersistenceHelper.createObject(AuctionPersistenceHelper.java:223)
	at com.orpheus.auction.persistence.impl.SQLServerAuctionDAO.&lt;init&gt;(SQLServerAuctionDAO.java:151)
	at com.orpheus.auction.persistence.failuretests.SQLServerAuctionDAOFailureTest.setUp(SQLServerAuctionDAOFailureTest.java:45)
Caused by: com.topcoder.util.objectfactory.InvalidClassSpecificationException: The object can not be initialized., caused by null
	at com.topcoder.util.objectfactory.ObjectFactory.createObjectByReflection(ObjectFactory.java:623)
	at com.topcoder.util.objectfactory.ObjectFactory.createComplexSpecification(ObjectFactory.java:586)
	at com.topcoder.util.objectfactory.ObjectFactory.getObjectBySpecification(ObjectFactory.java:390)
	at com.topcoder.util.objectfactory.ObjectFactory.createObject(ObjectFactory.java:333)
	at com.topcoder.util.objectfactory.ObjectFactory.createObject(ObjectFactory.java:112)
	at com.orpheus.auction.persistence.AuctionPersistenceHelper.createObject(AuctionPersistenceHelper.java:215)
	... 16 more
Caused by: java.lang.reflect.InvocationTargetException
	at java.lang.reflect.Constructor.newInstance(Constructor.java:274)
	at com.topcoder.util.objectfactory.ObjectFactory.createObjectByReflection(ObjectFactory.java:611)
	... 21 more
Caused by: com.topcoder.db.connectionfactory.ConfigurationException: Unexpected errors- , caused by null
	at com.topcoder.db.connectionfactory.DBConnectionFactoryImpl.&lt;init&gt;(DBConnectionFactoryImpl.java:211)
	... 25 more
Caused by: java.lang.reflect.InvocationTargetException
	at java.lang.reflect.Constructor.newInstance(Constructor.java:274)
	at com.topcoder.db.connectionfactory.DBConnectionFactoryImpl.&lt;init&gt;(DBConnectionFactoryImpl.java:190)
	... 25 more
Caused by: java.lang.ClassNotFoundException: The class name com.microsoft.sqlserver.jdbc.SQLServerDriver is invalid.
	at com.topcoder.db.connectionfactory.producers.JDBCConnectionProducer.&lt;init&gt;(JDBCConnectionProducer.java:236)
	... 29 more
Caused by: java.lang.ClassNotFoundException: com.microsoft.sqlserver.jdbc.SQLServerDriver
	at java.net.URLClassLoader$1.run(URLClassLoader.java:199)
	at java.security.AccessController.doPrivileged(Native Method)
	at java.net.URLClassLoader.findClass(URLClassLoader.java:187)
	at java.lang.ClassLoader.loadClass(ClassLoader.java:289)
	at sun.misc.Launcher$AppClassLoader.loadClass(Launcher.java:274)
	at java.lang.ClassLoader.loadClass(ClassLoader.java:235)
	at java.lang.ClassLoader.loadClassInternal(ClassLoader.java:302)
	at java.lang.Class.forName0(Native Method)
	at java.lang.Class.forName(Class.java:141)
	at com.topcoder.db.connectionfactory.producers.JDBCConnectionProducer.&lt;init&gt;(JDBCConnectionProducer.java:234)
	... 29 more
Caused by:com.topcoder.util.objectfactory.InvalidClassSpecificationException: The object can not be initialized., caused by null
	at com.topcoder.util.objectfactory.ObjectFactory.createObjectByReflection(ObjectFactory.java:623)
	at com.topcoder.util.objectfactory.ObjectFactory.createComplexSpecification(ObjectFactory.java:586)
	at com.topcoder.util.objectfactory.ObjectFactory.getObjectBySpecification(ObjectFactory.java:390)
	at com.topcoder.util.objectfactory.ObjectFactory.createObject(ObjectFactory.java:333)
	at com.topcoder.util.objectfactory.ObjectFactory.createObject(ObjectFactory.java:112)
	at com.orpheus.auction.persistence.AuctionPersistenceHelper.createObject(AuctionPersistenceHelper.java:215)
	at com.orpheus.auction.persistence.impl.SQLServerAuctionDAO.&lt;init&gt;(SQLServerAuctionDAO.java:151)
	at com.orpheus.auction.persistence.failuretests.SQLServerAuctionDAOFailureTest.setUp(SQLServerAuctionDAOFailureTest.java:45)
Caused by: java.lang.reflect.InvocationTargetException
	at java.lang.reflect.Constructor.newInstance(Constructor.java:274)
	at com.topcoder.util.objectfactory.ObjectFactory.createObjectByReflection(ObjectFactory.java:611)
	... 21 more
Caused by: com.topcoder.db.connectionfactory.ConfigurationException: Unexpected errors- , caused by null
	at com.topcoder.db.connectionfactory.DBConnectionFactoryImpl.&lt;init&gt;(DBConnectionFactoryImpl.java:211)
	... 25 more
Caused by: java.lang.reflect.InvocationTargetException
	at java.lang.reflect.Constructor.newInstance(Constructor.java:274)
	at com.topcoder.db.connectionfactory.DBConnectionFactoryImpl.&lt;init&gt;(DBConnectionFactoryImpl.java:190)
	... 25 more
Caused by: java.lang.ClassNotFoundException: The class name com.microsoft.sqlserver.jdbc.SQLServerDriver is invalid.
	at com.topcoder.db.connectionfactory.producers.JDBCConnectionProducer.&lt;init&gt;(JDBCConnectionProducer.java:236)
	... 29 more
Caused by: java.lang.ClassNotFoundException: com.microsoft.sqlserver.jdbc.SQLServerDriver
	at java.net.URLClassLoader$1.run(URLClassLoader.java:199)
	at java.security.AccessController.doPrivileged(Native Method)
	at java.net.URLClassLoader.findClass(URLClassLoader.java:187)
	at java.lang.ClassLoader.loadClass(ClassLoader.java:289)
	at sun.misc.Launcher$AppClassLoader.loadClass(Launcher.java:274)
	at java.lang.ClassLoader.loadClass(ClassLoader.java:235)
	at java.lang.ClassLoader.loadClassInternal(ClassLoader.java:302)
	at java.lang.Class.forName0(Native Method)
	at java.lang.Class.forName(Class.java:141)
	at com.topcoder.db.connectionfactory.producers.JDBCConnectionProducer.&lt;init&gt;(JDBCConnectionProducer.java:234)
	... 29 more
Caused by:java.lang.reflect.InvocationTargetException
	at java.lang.reflect.Constructor.newInstance(Constructor.java:274)
	at com.topcoder.util.objectfactory.ObjectFactory.createObjectByReflection(ObjectFactory.java:611)
	at com.topcoder.util.objectfactory.ObjectFactory.createComplexSpecification(ObjectFactory.java:586)
	at com.topcoder.util.objectfactory.ObjectFactory.getObjectBySpecification(ObjectFactory.java:390)
	at com.topcoder.util.objectfactory.ObjectFactory.createObject(ObjectFactory.java:333)
	at com.topcoder.util.objectfactory.ObjectFactory.createObject(ObjectFactory.java:112)
	at com.orpheus.auction.persistence.AuctionPersistenceHelper.createObject(AuctionPersistenceHelper.java:215)
	at com.orpheus.auction.persistence.impl.SQLServerAuctionDAO.&lt;init&gt;(SQLServerAuctionDAO.java:151)
	at com.orpheus.auction.persistence.failuretests.SQLServerAuctionDAOFailureTest.setUp(SQLServerAuctionDAOFailureTest.java:45)
Caused by: com.topcoder.db.connectionfactory.ConfigurationException: Unexpected errors- , caused by null
	at com.topcoder.db.connectionfactory.DBConnectionFactoryImpl.&lt;init&gt;(DBConnectionFactoryImpl.java:211)
	... 25 more
Caused by: java.lang.reflect.InvocationTargetException
	at java.lang.reflect.Constructor.newInstance(Constructor.java:274)
	at com.topcoder.db.connectionfactory.DBConnectionFactoryImpl.&lt;init&gt;(DBConnectionFactoryImpl.java:190)
	... 25 more
Caused by: java.lang.ClassNotFoundException: The class name com.microsoft.sqlserver.jdbc.SQLServerDriver is invalid.
	at com.topcoder.db.connectionfactory.producers.JDBCConnectionProducer.&lt;init&gt;(JDBCConnectionProducer.java:236)
	... 29 more
Caused by: java.lang.ClassNotFoundException: com.microsoft.sqlserver.jdbc.SQLServerDriver
	at java.net.URLClassLoader$1.run(URLClassLoader.java:199)
	at java.security.AccessController.doPrivileged(Native Method)
	at java.net.URLClassLoader.findClass(URLClassLoader.java:187)
	at java.lang.ClassLoader.loadClass(ClassLoader.java:289)
	at sun.misc.Launcher$AppClassLoader.loadClass(Launcher.java:274)
	at java.lang.ClassLoader.loadClass(ClassLoader.java:235)
	at java.lang.ClassLoader.loadClassInternal(ClassLoader.java:302)
	at java.lang.Class.forName0(Native Method)
	at java.lang.Class.forName(Class.java:141)
	at com.topcoder.db.connectionfactory.producers.JDBCConnectionProducer.&lt;init&gt;(JDBCConnectionProducer.java:234)
	... 29 more
</error>
  </testcase>
  <testcase name="testCreateAuction4" classname="com.orpheus.auction.persistence.failuretests.SQLServerAuctionDAOFailureTest" time="0.047">
    <error message="The com.topcoder.db.connectionfactory.DBConnectionFactory instance can&apos;t be created successfully., caused by The object can not be initialized., caused by null" type="com.orpheus.auction.persistence.ObjectInstantiationException">com.orpheus.auction.persistence.ObjectInstantiationException: The com.topcoder.db.connectionfactory.DBConnectionFactory instance can&apos;t be created successfully., caused by The object can not be initialized., caused by null
	at com.orpheus.auction.persistence.AuctionPersistenceHelper.createObject(AuctionPersistenceHelper.java:223)
	at com.orpheus.auction.persistence.impl.SQLServerAuctionDAO.&lt;init&gt;(SQLServerAuctionDAO.java:151)
	at com.orpheus.auction.persistence.failuretests.SQLServerAuctionDAOFailureTest.setUp(SQLServerAuctionDAOFailureTest.java:45)
Caused by: com.topcoder.util.objectfactory.InvalidClassSpecificationException: The object can not be initialized., caused by null
	at com.topcoder.util.objectfactory.ObjectFactory.createObjectByReflection(ObjectFactory.java:623)
	at com.topcoder.util.objectfactory.ObjectFactory.createComplexSpecification(ObjectFactory.java:586)
	at com.topcoder.util.objectfactory.ObjectFactory.getObjectBySpecification(ObjectFactory.java:390)
	at com.topcoder.util.objectfactory.ObjectFactory.createObject(ObjectFactory.java:333)
	at com.topcoder.util.objectfactory.ObjectFactory.createObject(ObjectFactory.java:112)
	at com.orpheus.auction.persistence.AuctionPersistenceHelper.createObject(AuctionPersistenceHelper.java:215)
	... 16 more
Caused by: java.lang.reflect.InvocationTargetException
	at java.lang.reflect.Constructor.newInstance(Constructor.java:274)
	at com.topcoder.util.objectfactory.ObjectFactory.createObjectByReflection(ObjectFactory.java:611)
	... 21 more
Caused by: com.topcoder.db.connectionfactory.ConfigurationException: Unexpected errors- , caused by null
	at com.topcoder.db.connectionfactory.DBConnectionFactoryImpl.&lt;init&gt;(DBConnectionFactoryImpl.java:211)
	... 25 more
Caused by: java.lang.reflect.InvocationTargetException
	at java.lang.reflect.Constructor.newInstance(Constructor.java:274)
	at com.topcoder.db.connectionfactory.DBConnectionFactoryImpl.&lt;init&gt;(DBConnectionFactoryImpl.java:190)
	... 25 more
Caused by: java.lang.ClassNotFoundException: The class name com.microsoft.sqlserver.jdbc.SQLServerDriver is invalid.
	at com.topcoder.db.connectionfactory.producers.JDBCConnectionProducer.&lt;init&gt;(JDBCConnectionProducer.java:236)
	... 29 more
Caused by: java.lang.ClassNotFoundException: com.microsoft.sqlserver.jdbc.SQLServerDriver
	at java.net.URLClassLoader$1.run(URLClassLoader.java:199)
	at java.security.AccessController.doPrivileged(Native Method)
	at java.net.URLClassLoader.findClass(URLClassLoader.java:187)
	at java.lang.ClassLoader.loadClass(ClassLoader.java:289)
	at sun.misc.Launcher$AppClassLoader.loadClass(Launcher.java:274)
	at java.lang.ClassLoader.loadClass(ClassLoader.java:235)
	at java.lang.ClassLoader.loadClassInternal(ClassLoader.java:302)
	at java.lang.Class.forName0(Native Method)
	at java.lang.Class.forName(Class.java:141)
	at com.topcoder.db.connectionfactory.producers.JDBCConnectionProducer.&lt;init&gt;(JDBCConnectionProducer.java:234)
	... 29 more
Caused by:com.topcoder.util.objectfactory.InvalidClassSpecificationException: The object can not be initialized., caused by null
	at com.topcoder.util.objectfactory.ObjectFactory.createObjectByReflection(ObjectFactory.java:623)
	at com.topcoder.util.objectfactory.ObjectFactory.createComplexSpecification(ObjectFactory.java:586)
	at com.topcoder.util.objectfactory.ObjectFactory.getObjectBySpecification(ObjectFactory.java:390)
	at com.topcoder.util.objectfactory.ObjectFactory.createObject(ObjectFactory.java:333)
	at com.topcoder.util.objectfactory.ObjectFactory.createObject(ObjectFactory.java:112)
	at com.orpheus.auction.persistence.AuctionPersistenceHelper.createObject(AuctionPersistenceHelper.java:215)
	at com.orpheus.auction.persistence.impl.SQLServerAuctionDAO.&lt;init&gt;(SQLServerAuctionDAO.java:151)
	at com.orpheus.auction.persistence.failuretests.SQLServerAuctionDAOFailureTest.setUp(SQLServerAuctionDAOFailureTest.java:45)
Caused by: java.lang.reflect.InvocationTargetException
	at java.lang.reflect.Constructor.newInstance(Constructor.java:274)
	at com.topcoder.util.objectfactory.ObjectFactory.createObjectByReflection(ObjectFactory.java:611)
	... 21 more
Caused by: com.topcoder.db.connectionfactory.ConfigurationException: Unexpected errors- , caused by null
	at com.topcoder.db.connectionfactory.DBConnectionFactoryImpl.&lt;init&gt;(DBConnectionFactoryImpl.java:211)
	... 25 more
Caused by: java.lang.reflect.InvocationTargetException
	at java.lang.reflect.Constructor.newInstance(Constructor.java:274)
	at com.topcoder.db.connectionfactory.DBConnectionFactoryImpl.&lt;init&gt;(DBConnectionFactoryImpl.java:190)
	... 25 more
Caused by: java.lang.ClassNotFoundException: The class name com.microsoft.sqlserver.jdbc.SQLServerDriver is invalid.
	at com.topcoder.db.connectionfactory.producers.JDBCConnectionProducer.&lt;init&gt;(JDBCConnectionProducer.java:236)
	... 29 more
Caused by: java.lang.ClassNotFoundException: com.microsoft.sqlserver.jdbc.SQLServerDriver
	at java.net.URLClassLoader$1.run(URLClassLoader.java:199)
	at java.security.AccessController.doPrivileged(Native Method)
	at java.net.URLClassLoader.findClass(URLClassLoader.java:187)
	at java.lang.ClassLoader.loadClass(ClassLoader.java:289)
	at sun.misc.Launcher$AppClassLoader.loadClass(Launcher.java:274)
	at java.lang.ClassLoader.loadClass(ClassLoader.java:235)
	at java.lang.ClassLoader.loadClassInternal(ClassLoader.java:302)
	at java.lang.Class.forName0(Native Method)
	at java.lang.Class.forName(Class.java:141)
	at com.topcoder.db.connectionfactory.producers.JDBCConnectionProducer.&lt;init&gt;(JDBCConnectionProducer.java:234)
	... 29 more
Caused by:java.lang.reflect.InvocationTargetException
	at java.lang.reflect.Constructor.newInstance(Constructor.java:274)
	at com.topcoder.util.objectfactory.ObjectFactory.createObjectByReflection(ObjectFactory.java:611)
	at com.topcoder.util.objectfactory.ObjectFactory.createComplexSpecification(ObjectFactory.java:586)
	at com.topcoder.util.objectfactory.ObjectFactory.getObjectBySpecification(ObjectFactory.java:390)
	at com.topcoder.util.objectfactory.ObjectFactory.createObject(ObjectFactory.java:333)
	at com.topcoder.util.objectfactory.ObjectFactory.createObject(ObjectFactory.java:112)
	at com.orpheus.auction.persistence.AuctionPersistenceHelper.createObject(AuctionPersistenceHelper.java:215)
	at com.orpheus.auction.persistence.impl.SQLServerAuctionDAO.&lt;init&gt;(SQLServerAuctionDAO.java:151)
	at com.orpheus.auction.persistence.failuretests.SQLServerAuctionDAOFailureTest.setUp(SQLServerAuctionDAOFailureTest.java:45)
Caused by: com.topcoder.db.connectionfactory.ConfigurationException: Unexpected errors- , caused by null
	at com.topcoder.db.connectionfactory.DBConnectionFactoryImpl.&lt;init&gt;(DBConnectionFactoryImpl.java:211)
	... 25 more
Caused by: java.lang.reflect.InvocationTargetException
	at java.lang.reflect.Constructor.newInstance(Constructor.java:274)
	at com.topcoder.db.connectionfactory.DBConnectionFactoryImpl.&lt;init&gt;(DBConnectionFactoryImpl.java:190)
	... 25 more
Caused by: java.lang.ClassNotFoundException: The class name com.microsoft.sqlserver.jdbc.SQLServerDriver is invalid.
	at com.topcoder.db.connectionfactory.producers.JDBCConnectionProducer.&lt;init&gt;(JDBCConnectionProducer.java:236)
	... 29 more
Caused by: java.lang.ClassNotFoundException: com.microsoft.sqlserver.jdbc.SQLServerDriver
	at java.net.URLClassLoader$1.run(URLClassLoader.java:199)
	at java.security.AccessController.doPrivileged(Native Method)
	at java.net.URLClassLoader.findClass(URLClassLoader.java:187)
	at java.lang.ClassLoader.loadClass(ClassLoader.java:289)
	at sun.misc.Launcher$AppClassLoader.loadClass(Launcher.java:274)
	at java.lang.ClassLoader.loadClass(ClassLoader.java:235)
	at java.lang.ClassLoader.loadClassInternal(ClassLoader.java:302)
	at java.lang.Class.forName0(Native Method)
	at java.lang.Class.forName(Class.java:141)
	at com.topcoder.db.connectionfactory.producers.JDBCConnectionProducer.&lt;init&gt;(JDBCConnectionProducer.java:234)
	... 29 more
</error>
  </testcase>
  <testcase name="testCreateAuction5" classname="com.orpheus.auction.persistence.failuretests.SQLServerAuctionDAOFailureTest" time="0.062">
    <error message="The com.topcoder.db.connectionfactory.DBConnectionFactory instance can&apos;t be created successfully., caused by The object can not be initialized., caused by null" type="com.orpheus.auction.persistence.ObjectInstantiationException">com.orpheus.auction.persistence.ObjectInstantiationException: The com.topcoder.db.connectionfactory.DBConnectionFactory instance can&apos;t be created successfully., caused by The object can not be initialized., caused by null
	at com.orpheus.auction.persistence.AuctionPersistenceHelper.createObject(AuctionPersistenceHelper.java:223)
	at com.orpheus.auction.persistence.impl.SQLServerAuctionDAO.&lt;init&gt;(SQLServerAuctionDAO.java:151)
	at com.orpheus.auction.persistence.failuretests.SQLServerAuctionDAOFailureTest.setUp(SQLServerAuctionDAOFailureTest.java:45)
Caused by: com.topcoder.util.objectfactory.InvalidClassSpecificationException: The object can not be initialized., caused by null
	at com.topcoder.util.objectfactory.ObjectFactory.createObjectByReflection(ObjectFactory.java:623)
	at com.topcoder.util.objectfactory.ObjectFactory.createComplexSpecification(ObjectFactory.java:586)
	at com.topcoder.util.objectfactory.ObjectFactory.getObjectBySpecification(ObjectFactory.java:390)
	at com.topcoder.util.objectfactory.ObjectFactory.createObject(ObjectFactory.java:333)
	at com.topcoder.util.objectfactory.ObjectFactory.createObject(ObjectFactory.java:112)
	at com.orpheus.auction.persistence.AuctionPersistenceHelper.createObject(AuctionPersistenceHelper.java:215)
	... 16 more
Caused by: java.lang.reflect.InvocationTargetException
	at java.lang.reflect.Constructor.newInstance(Constructor.java:274)
	at com.topcoder.util.objectfactory.ObjectFactory.createObjectByReflection(ObjectFactory.java:611)
	... 21 more
Caused by: com.topcoder.db.connectionfactory.ConfigurationException: Unexpected errors- , caused by null
	at com.topcoder.db.connectionfactory.DBConnectionFactoryImpl.&lt;init&gt;(DBConnectionFactoryImpl.java:211)
	... 25 more
Caused by: java.lang.reflect.InvocationTargetException
	at java.lang.reflect.Constructor.newInstance(Constructor.java:274)
	at com.topcoder.db.connectionfactory.DBConnectionFactoryImpl.&lt;init&gt;(DBConnectionFactoryImpl.java:190)
	... 25 more
Caused by: java.lang.ClassNotFoundException: The class name com.microsoft.sqlserver.jdbc.SQLServerDriver is invalid.
	at com.topcoder.db.connectionfactory.producers.JDBCConnectionProducer.&lt;init&gt;(JDBCConnectionProducer.java:236)
	... 29 more
Caused by: java.lang.ClassNotFoundException: com.microsoft.sqlserver.jdbc.SQLServerDriver
	at java.net.URLClassLoader$1.run(URLClassLoader.java:199)
	at java.security.AccessController.doPrivileged(Native Method)
	at java.net.URLClassLoader.findClass(URLClassLoader.java:187)
	at java.lang.ClassLoader.loadClass(ClassLoader.java:289)
	at sun.misc.Launcher$AppClassLoader.loadClass(Launcher.java:274)
	at java.lang.ClassLoader.loadClass(ClassLoader.java:235)
	at java.lang.ClassLoader.loadClassInternal(ClassLoader.java:302)
	at java.lang.Class.forName0(Native Method)
	at java.lang.Class.forName(Class.java:141)
	at com.topcoder.db.connectionfactory.producers.JDBCConnectionProducer.&lt;init&gt;(JDBCConnectionProducer.java:234)
	... 29 more
Caused by:com.topcoder.util.objectfactory.InvalidClassSpecificationException: The object can not be initialized., caused by null
	at com.topcoder.util.objectfactory.ObjectFactory.createObjectByReflection(ObjectFactory.java:623)
	at com.topcoder.util.objectfactory.ObjectFactory.createComplexSpecification(ObjectFactory.java:586)
	at com.topcoder.util.objectfactory.ObjectFactory.getObjectBySpecification(ObjectFactory.java:390)
	at com.topcoder.util.objectfactory.ObjectFactory.createObject(ObjectFactory.java:333)
	at com.topcoder.util.objectfactory.ObjectFactory.createObject(ObjectFactory.java:112)
	at com.orpheus.auction.persistence.AuctionPersistenceHelper.createObject(AuctionPersistenceHelper.java:215)
	at com.orpheus.auction.persistence.impl.SQLServerAuctionDAO.&lt;init&gt;(SQLServerAuctionDAO.java:151)
	at com.orpheus.auction.persistence.failuretests.SQLServerAuctionDAOFailureTest.setUp(SQLServerAuctionDAOFailureTest.java:45)
Caused by: java.lang.reflect.InvocationTargetException
	at java.lang.reflect.Constructor.newInstance(Constructor.java:274)
	at com.topcoder.util.objectfactory.ObjectFactory.createObjectByReflection(ObjectFactory.java:611)
	... 21 more
Caused by: com.topcoder.db.connectionfactory.ConfigurationException: Unexpected errors- , caused by null
	at com.topcoder.db.connectionfactory.DBConnectionFactoryImpl.&lt;init&gt;(DBConnectionFactoryImpl.java:211)
	... 25 more
Caused by: java.lang.reflect.InvocationTargetException
	at java.lang.reflect.Constructor.newInstance(Constructor.java:274)
	at com.topcoder.db.connectionfactory.DBConnectionFactoryImpl.&lt;init&gt;(DBConnectionFactoryImpl.java:190)
	... 25 more
Caused by: java.lang.ClassNotFoundException: The class name com.microsoft.sqlserver.jdbc.SQLServerDriver is invalid.
	at com.topcoder.db.connectionfactory.producers.JDBCConnectionProducer.&lt;init&gt;(JDBCConnectionProducer.java:236)
	... 29 more
Caused by: java.lang.ClassNotFoundException: com.microsoft.sqlserver.jdbc.SQLServerDriver
	at java.net.URLClassLoader$1.run(URLClassLoader.java:199)
	at java.security.AccessController.doPrivileged(Native Method)
	at java.net.URLClassLoader.findClass(URLClassLoader.java:187)
	at java.lang.ClassLoader.loadClass(ClassLoader.java:289)
	at sun.misc.Launcher$AppClassLoader.loadClass(Launcher.java:274)
	at java.lang.ClassLoader.loadClass(ClassLoader.java:235)
	at java.lang.ClassLoader.loadClassInternal(ClassLoader.java:302)
	at java.lang.Class.forName0(Native Method)
	at java.lang.Class.forName(Class.java:141)
	at com.topcoder.db.connectionfactory.producers.JDBCConnectionProducer.&lt;init&gt;(JDBCConnectionProducer.java:234)
	... 29 more
Caused by:java.lang.reflect.InvocationTargetException
	at java.lang.reflect.Constructor.newInstance(Constructor.java:274)
	at com.topcoder.util.objectfactory.ObjectFactory.createObjectByReflection(ObjectFactory.java:611)
	at com.topcoder.util.objectfactory.ObjectFactory.createComplexSpecification(ObjectFactory.java:586)
	at com.topcoder.util.objectfactory.ObjectFactory.getObjectBySpecification(ObjectFactory.java:390)
	at com.topcoder.util.objectfactory.ObjectFactory.createObject(ObjectFactory.java:333)
	at com.topcoder.util.objectfactory.ObjectFactory.createObject(ObjectFactory.java:112)
	at com.orpheus.auction.persistence.AuctionPersistenceHelper.createObject(AuctionPersistenceHelper.java:215)
	at com.orpheus.auction.persistence.impl.SQLServerAuctionDAO.&lt;init&gt;(SQLServerAuctionDAO.java:151)
	at com.orpheus.auction.persistence.failuretests.SQLServerAuctionDAOFailureTest.setUp(SQLServerAuctionDAOFailureTest.java:45)
Caused by: com.topcoder.db.connectionfactory.ConfigurationException: Unexpected errors- , caused by null
	at com.topcoder.db.connectionfactory.DBConnectionFactoryImpl.&lt;init&gt;(DBConnectionFactoryImpl.java:211)
	... 25 more
Caused by: java.lang.reflect.InvocationTargetException
	at java.lang.reflect.Constructor.newInstance(Constructor.java:274)
	at com.topcoder.db.connectionfactory.DBConnectionFactoryImpl.&lt;init&gt;(DBConnectionFactoryImpl.java:190)
	... 25 more
Caused by: java.lang.ClassNotFoundException: The class name com.microsoft.sqlserver.jdbc.SQLServerDriver is invalid.
	at com.topcoder.db.connectionfactory.producers.JDBCConnectionProducer.&lt;init&gt;(JDBCConnectionProducer.java:236)
	... 29 more
Caused by: java.lang.ClassNotFoundException: com.microsoft.sqlserver.jdbc.SQLServerDriver
	at java.net.URLClassLoader$1.run(URLClassLoader.java:199)
	at java.security.AccessController.doPrivileged(Native Method)
	at java.net.URLClassLoader.findClass(URLClassLoader.java:187)
	at java.lang.ClassLoader.loadClass(ClassLoader.java:289)
	at sun.misc.Launcher$AppClassLoader.loadClass(Launcher.java:274)
	at java.lang.ClassLoader.loadClass(ClassLoader.java:235)
	at java.lang.ClassLoader.loadClassInternal(ClassLoader.java:302)
	at java.lang.Class.forName0(Native Method)
	at java.lang.Class.forName(Class.java:141)
	at com.topcoder.db.connectionfactory.producers.JDBCConnectionProducer.&lt;init&gt;(JDBCConnectionProducer.java:234)
	... 29 more
</error>
  </testcase>
  <testcase name="testCreateAuction6" classname="com.orpheus.auction.persistence.failuretests.SQLServerAuctionDAOFailureTest" time="0.047">
    <error message="The com.topcoder.db.connectionfactory.DBConnectionFactory instance can&apos;t be created successfully., caused by The object can not be initialized., caused by null" type="com.orpheus.auction.persistence.ObjectInstantiationException">com.orpheus.auction.persistence.ObjectInstantiationException: The com.topcoder.db.connectionfactory.DBConnectionFactory instance can&apos;t be created successfully., caused by The object can not be initialized., caused by null
	at com.orpheus.auction.persistence.AuctionPersistenceHelper.createObject(AuctionPersistenceHelper.java:223)
	at com.orpheus.auction.persistence.impl.SQLServerAuctionDAO.&lt;init&gt;(SQLServerAuctionDAO.java:151)
	at com.orpheus.auction.persistence.failuretests.SQLServerAuctionDAOFailureTest.setUp(SQLServerAuctionDAOFailureTest.java:45)
Caused by: com.topcoder.util.objectfactory.InvalidClassSpecificationException: The object can not be initialized., caused by null
	at com.topcoder.util.objectfactory.ObjectFactory.createObjectByReflection(ObjectFactory.java:623)
	at com.topcoder.util.objectfactory.ObjectFactory.createComplexSpecification(ObjectFactory.java:586)
	at com.topcoder.util.objectfactory.ObjectFactory.getObjectBySpecification(ObjectFactory.java:390)
	at com.topcoder.util.objectfactory.ObjectFactory.createObject(ObjectFactory.java:333)
	at com.topcoder.util.objectfactory.ObjectFactory.createObject(ObjectFactory.java:112)
	at com.orpheus.auction.persistence.AuctionPersistenceHelper.createObject(AuctionPersistenceHelper.java:215)
	... 16 more
Caused by: java.lang.reflect.InvocationTargetException
	at java.lang.reflect.Constructor.newInstance(Constructor.java:274)
	at com.topcoder.util.objectfactory.ObjectFactory.createObjectByReflection(ObjectFactory.java:611)
	... 21 more
Caused by: com.topcoder.db.connectionfactory.ConfigurationException: Unexpected errors- , caused by null
	at com.topcoder.db.connectionfactory.DBConnectionFactoryImpl.&lt;init&gt;(DBConnectionFactoryImpl.java:211)
	... 25 more
Caused by: java.lang.reflect.InvocationTargetException
	at java.lang.reflect.Constructor.newInstance(Constructor.java:274)
	at com.topcoder.db.connectionfactory.DBConnectionFactoryImpl.&lt;init&gt;(DBConnectionFactoryImpl.java:190)
	... 25 more
Caused by: java.lang.ClassNotFoundException: The class name com.microsoft.sqlserver.jdbc.SQLServerDriver is invalid.
	at com.topcoder.db.connectionfactory.producers.JDBCConnectionProducer.&lt;init&gt;(JDBCConnectionProducer.java:236)
	... 29 more
Caused by: java.lang.ClassNotFoundException: com.microsoft.sqlserver.jdbc.SQLServerDriver
	at java.net.URLClassLoader$1.run(URLClassLoader.java:199)
	at java.security.AccessController.doPrivileged(Native Method)
	at java.net.URLClassLoader.findClass(URLClassLoader.java:187)
	at java.lang.ClassLoader.loadClass(ClassLoader.java:289)
	at sun.misc.Launcher$AppClassLoader.loadClass(Launcher.java:274)
	at java.lang.ClassLoader.loadClass(ClassLoader.java:235)
	at java.lang.ClassLoader.loadClassInternal(ClassLoader.java:302)
	at java.lang.Class.forName0(Native Method)
	at java.lang.Class.forName(Class.java:141)
	at com.topcoder.db.connectionfactory.producers.JDBCConnectionProducer.&lt;init&gt;(JDBCConnectionProducer.java:234)
	... 29 more
Caused by:com.topcoder.util.objectfactory.InvalidClassSpecificationException: The object can not be initialized., caused by null
	at com.topcoder.util.objectfactory.ObjectFactory.createObjectByReflection(ObjectFactory.java:623)
	at com.topcoder.util.objectfactory.ObjectFactory.createComplexSpecification(ObjectFactory.java:586)
	at com.topcoder.util.objectfactory.ObjectFactory.getObjectBySpecification(ObjectFactory.java:390)
	at com.topcoder.util.objectfactory.ObjectFactory.createObject(ObjectFactory.java:333)
	at com.topcoder.util.objectfactory.ObjectFactory.createObject(ObjectFactory.java:112)
	at com.orpheus.auction.persistence.AuctionPersistenceHelper.createObject(AuctionPersistenceHelper.java:215)
	at com.orpheus.auction.persistence.impl.SQLServerAuctionDAO.&lt;init&gt;(SQLServerAuctionDAO.java:151)
	at com.orpheus.auction.persistence.failuretests.SQLServerAuctionDAOFailureTest.setUp(SQLServerAuctionDAOFailureTest.java:45)
Caused by: java.lang.reflect.InvocationTargetException
	at java.lang.reflect.Constructor.newInstance(Constructor.java:274)
	at com.topcoder.util.objectfactory.ObjectFactory.createObjectByReflection(ObjectFactory.java:611)
	... 21 more
Caused by: com.topcoder.db.connectionfactory.ConfigurationException: Unexpected errors- , caused by null
	at com.topcoder.db.connectionfactory.DBConnectionFactoryImpl.&lt;init&gt;(DBConnectionFactoryImpl.java:211)
	... 25 more
Caused by: java.lang.reflect.InvocationTargetException
	at java.lang.reflect.Constructor.newInstance(Constructor.java:274)
	at com.topcoder.db.connectionfactory.DBConnectionFactoryImpl.&lt;init&gt;(DBConnectionFactoryImpl.java:190)
	... 25 more
Caused by: java.lang.ClassNotFoundException: The class name com.microsoft.sqlserver.jdbc.SQLServerDriver is invalid.
	at com.topcoder.db.connectionfactory.producers.JDBCConnectionProducer.&lt;init&gt;(JDBCConnectionProducer.java:236)
	... 29 more
Caused by: java.lang.ClassNotFoundException: com.microsoft.sqlserver.jdbc.SQLServerDriver
	at java.net.URLClassLoader$1.run(URLClassLoader.java:199)
	at java.security.AccessController.doPrivileged(Native Method)
	at java.net.URLClassLoader.findClass(URLClassLoader.java:187)
	at java.lang.ClassLoader.loadClass(ClassLoader.java:289)
	at sun.misc.Launcher$AppClassLoader.loadClass(Launcher.java:274)
	at java.lang.ClassLoader.loadClass(ClassLoader.java:235)
	at java.lang.ClassLoader.loadClassInternal(ClassLoader.java:302)
	at java.lang.Class.forName0(Native Method)
	at java.lang.Class.forName(Class.java:141)
	at com.topcoder.db.connectionfactory.producers.JDBCConnectionProducer.&lt;init&gt;(JDBCConnectionProducer.java:234)
	... 29 more
Caused by:java.lang.reflect.InvocationTargetException
	at java.lang.reflect.Constructor.newInstance(Constructor.java:274)
	at com.topcoder.util.objectfactory.ObjectFactory.createObjectByReflection(ObjectFactory.java:611)
	at com.topcoder.util.objectfactory.ObjectFactory.createComplexSpecification(ObjectFactory.java:586)
	at com.topcoder.util.objectfactory.ObjectFactory.getObjectBySpecification(ObjectFactory.java:390)
	at com.topcoder.util.objectfactory.ObjectFactory.createObject(ObjectFactory.java:333)
	at com.topcoder.util.objectfactory.ObjectFactory.createObject(ObjectFactory.java:112)
	at com.orpheus.auction.persistence.AuctionPersistenceHelper.createObject(AuctionPersistenceHelper.java:215)
	at com.orpheus.auction.persistence.impl.SQLServerAuctionDAO.&lt;init&gt;(SQLServerAuctionDAO.java:151)
	at com.orpheus.auction.persistence.failuretests.SQLServerAuctionDAOFailureTest.setUp(SQLServerAuctionDAOFailureTest.java:45)
Caused by: com.topcoder.db.connectionfactory.ConfigurationException: Unexpected errors- , caused by null
	at com.topcoder.db.connectionfactory.DBConnectionFactoryImpl.&lt;init&gt;(DBConnectionFactoryImpl.java:211)
	... 25 more
Caused by: java.lang.reflect.InvocationTargetException
	at java.lang.reflect.Constructor.newInstance(Constructor.java:274)
	at com.topcoder.db.connectionfactory.DBConnectionFactoryImpl.&lt;init&gt;(DBConnectionFactoryImpl.java:190)
	... 25 more
Caused by: java.lang.ClassNotFoundException: The class name com.microsoft.sqlserver.jdbc.SQLServerDriver is invalid.
	at com.topcoder.db.connectionfactory.producers.JDBCConnectionProducer.&lt;init&gt;(JDBCConnectionProducer.java:236)
	... 29 more
Caused by: java.lang.ClassNotFoundException: com.microsoft.sqlserver.jdbc.SQLServerDriver
	at java.net.URLClassLoader$1.run(URLClassLoader.java:199)
	at java.security.AccessController.doPrivileged(Native Method)
	at java.net.URLClassLoader.findClass(URLClassLoader.java:187)
	at java.lang.ClassLoader.loadClass(ClassLoader.java:289)
	at sun.misc.Launcher$AppClassLoader.loadClass(Launcher.java:274)
	at java.lang.ClassLoader.loadClass(ClassLoader.java:235)
	at java.lang.ClassLoader.loadClassInternal(ClassLoader.java:302)
	at java.lang.Class.forName0(Native Method)
	at java.lang.Class.forName(Class.java:141)
	at com.topcoder.db.connectionfactory.producers.JDBCConnectionProducer.&lt;init&gt;(JDBCConnectionProducer.java:234)
	... 29 more
</error>
  </testcase>
  <testcase name="testCreateAuction7" classname="com.orpheus.auction.persistence.failuretests.SQLServerAuctionDAOFailureTest" time="0.063">
    <error message="The com.topcoder.db.connectionfactory.DBConnectionFactory instance can&apos;t be created successfully., caused by The object can not be initialized., caused by null" type="com.orpheus.auction.persistence.ObjectInstantiationException">com.orpheus.auction.persistence.ObjectInstantiationException: The com.topcoder.db.connectionfactory.DBConnectionFactory instance can&apos;t be created successfully., caused by The object can not be initialized., caused by null
	at com.orpheus.auction.persistence.AuctionPersistenceHelper.createObject(AuctionPersistenceHelper.java:223)
	at com.orpheus.auction.persistence.impl.SQLServerAuctionDAO.&lt;init&gt;(SQLServerAuctionDAO.java:151)
	at com.orpheus.auction.persistence.failuretests.SQLServerAuctionDAOFailureTest.setUp(SQLServerAuctionDAOFailureTest.java:45)
Caused by: com.topcoder.util.objectfactory.InvalidClassSpecificationException: The object can not be initialized., caused by null
	at com.topcoder.util.objectfactory.ObjectFactory.createObjectByReflection(ObjectFactory.java:623)
	at com.topcoder.util.objectfactory.ObjectFactory.createComplexSpecification(ObjectFactory.java:586)
	at com.topcoder.util.objectfactory.ObjectFactory.getObjectBySpecification(ObjectFactory.java:390)
	at com.topcoder.util.objectfactory.ObjectFactory.createObject(ObjectFactory.java:333)
	at com.topcoder.util.objectfactory.ObjectFactory.createObject(ObjectFactory.java:112)
	at com.orpheus.auction.persistence.AuctionPersistenceHelper.createObject(AuctionPersistenceHelper.java:215)
	... 16 more
Caused by: java.lang.reflect.InvocationTargetException
	at java.lang.reflect.Constructor.newInstance(Constructor.java:274)
	at com.topcoder.util.objectfactory.ObjectFactory.createObjectByReflection(ObjectFactory.java:611)
	... 21 more
Caused by: com.topcoder.db.connectionfactory.ConfigurationException: Unexpected errors- , caused by null
	at com.topcoder.db.connectionfactory.DBConnectionFactoryImpl.&lt;init&gt;(DBConnectionFactoryImpl.java:211)
	... 25 more
Caused by: java.lang.reflect.InvocationTargetException
	at java.lang.reflect.Constructor.newInstance(Constructor.java:274)
	at com.topcoder.db.connectionfactory.DBConnectionFactoryImpl.&lt;init&gt;(DBConnectionFactoryImpl.java:190)
	... 25 more
Caused by: java.lang.ClassNotFoundException: The class name com.microsoft.sqlserver.jdbc.SQLServerDriver is invalid.
	at com.topcoder.db.connectionfactory.producers.JDBCConnectionProducer.&lt;init&gt;(JDBCConnectionProducer.java:236)
	... 29 more
Caused by: java.lang.ClassNotFoundException: com.microsoft.sqlserver.jdbc.SQLServerDriver
	at java.net.URLClassLoader$1.run(URLClassLoader.java:199)
	at java.security.AccessController.doPrivileged(Native Method)
	at java.net.URLClassLoader.findClass(URLClassLoader.java:187)
	at java.lang.ClassLoader.loadClass(ClassLoader.java:289)
	at sun.misc.Launcher$AppClassLoader.loadClass(Launcher.java:274)
	at java.lang.ClassLoader.loadClass(ClassLoader.java:235)
	at java.lang.ClassLoader.loadClassInternal(ClassLoader.java:302)
	at java.lang.Class.forName0(Native Method)
	at java.lang.Class.forName(Class.java:141)
	at com.topcoder.db.connectionfactory.producers.JDBCConnectionProducer.&lt;init&gt;(JDBCConnectionProducer.java:234)
	... 29 more
Caused by:com.topcoder.util.objectfactory.InvalidClassSpecificationException: The object can not be initialized., caused by null
	at com.topcoder.util.objectfactory.ObjectFactory.createObjectByReflection(ObjectFactory.java:623)
	at com.topcoder.util.objectfactory.ObjectFactory.createComplexSpecification(ObjectFactory.java:586)
	at com.topcoder.util.objectfactory.ObjectFactory.getObjectBySpecification(ObjectFactory.java:390)
	at com.topcoder.util.objectfactory.ObjectFactory.createObject(ObjectFactory.java:333)
	at com.topcoder.util.objectfactory.ObjectFactory.createObject(ObjectFactory.java:112)
	at com.orpheus.auction.persistence.AuctionPersistenceHelper.createObject(AuctionPersistenceHelper.java:215)
	at com.orpheus.auction.persistence.impl.SQLServerAuctionDAO.&lt;init&gt;(SQLServerAuctionDAO.java:151)
	at com.orpheus.auction.persistence.failuretests.SQLServerAuctionDAOFailureTest.setUp(SQLServerAuctionDAOFailureTest.java:45)
Caused by: java.lang.reflect.InvocationTargetException
	at java.lang.reflect.Constructor.newInstance(Constructor.java:274)
	at com.topcoder.util.objectfactory.ObjectFactory.createObjectByReflection(ObjectFactory.java:611)
	... 21 more
Caused by: com.topcoder.db.connectionfactory.ConfigurationException: Unexpected errors- , caused by null
	at com.topcoder.db.connectionfactory.DBConnectionFactoryImpl.&lt;init&gt;(DBConnectionFactoryImpl.java:211)
	... 25 more
Caused by: java.lang.reflect.InvocationTargetException
	at java.lang.reflect.Constructor.newInstance(Constructor.java:274)
	at com.topcoder.db.connectionfactory.DBConnectionFactoryImpl.&lt;init&gt;(DBConnectionFactoryImpl.java:190)
	... 25 more
Caused by: java.lang.ClassNotFoundException: The class name com.microsoft.sqlserver.jdbc.SQLServerDriver is invalid.
	at com.topcoder.db.connectionfactory.producers.JDBCConnectionProducer.&lt;init&gt;(JDBCConnectionProducer.java:236)
	... 29 more
Caused by: java.lang.ClassNotFoundException: com.microsoft.sqlserver.jdbc.SQLServerDriver
	at java.net.URLClassLoader$1.run(URLClassLoader.java:199)
	at java.security.AccessController.doPrivileged(Native Method)
	at java.net.URLClassLoader.findClass(URLClassLoader.java:187)
	at java.lang.ClassLoader.loadClass(ClassLoader.java:289)
	at sun.misc.Launcher$AppClassLoader.loadClass(Launcher.java:274)
	at java.lang.ClassLoader.loadClass(ClassLoader.java:235)
	at java.lang.ClassLoader.loadClassInternal(ClassLoader.java:302)
	at java.lang.Class.forName0(Native Method)
	at java.lang.Class.forName(Class.java:141)
	at com.topcoder.db.connectionfactory.producers.JDBCConnectionProducer.&lt;init&gt;(JDBCConnectionProducer.java:234)
	... 29 more
Caused by:java.lang.reflect.InvocationTargetException
	at java.lang.reflect.Constructor.newInstance(Constructor.java:274)
	at com.topcoder.util.objectfactory.ObjectFactory.createObjectByReflection(ObjectFactory.java:611)
	at com.topcoder.util.objectfactory.ObjectFactory.createComplexSpecification(ObjectFactory.java:586)
	at com.topcoder.util.objectfactory.ObjectFactory.getObjectBySpecification(ObjectFactory.java:390)
	at com.topcoder.util.objectfactory.ObjectFactory.createObject(ObjectFactory.java:333)
	at com.topcoder.util.objectfactory.ObjectFactory.createObject(ObjectFactory.java:112)
	at com.orpheus.auction.persistence.AuctionPersistenceHelper.createObject(AuctionPersistenceHelper.java:215)
	at com.orpheus.auction.persistence.impl.SQLServerAuctionDAO.&lt;init&gt;(SQLServerAuctionDAO.java:151)
	at com.orpheus.auction.persistence.failuretests.SQLServerAuctionDAOFailureTest.setUp(SQLServerAuctionDAOFailureTest.java:45)
Caused by: com.topcoder.db.connectionfactory.ConfigurationException: Unexpected errors- , caused by null
	at com.topcoder.db.connectionfactory.DBConnectionFactoryImpl.&lt;init&gt;(DBConnectionFactoryImpl.java:211)
	... 25 more
Caused by: java.lang.reflect.InvocationTargetException
	at java.lang.reflect.Constructor.newInstance(Constructor.java:274)
	at com.topcoder.db.connectionfactory.DBConnectionFactoryImpl.&lt;init&gt;(DBConnectionFactoryImpl.java:190)
	... 25 more
Caused by: java.lang.ClassNotFoundException: The class name com.microsoft.sqlserver.jdbc.SQLServerDriver is invalid.
	at com.topcoder.db.connectionfactory.producers.JDBCConnectionProducer.&lt;init&gt;(JDBCConnectionProducer.java:236)
	... 29 more
Caused by: java.lang.ClassNotFoundException: com.microsoft.sqlserver.jdbc.SQLServerDriver
	at java.net.URLClassLoader$1.run(URLClassLoader.java:199)
	at java.security.AccessController.doPrivileged(Native Method)
	at java.net.URLClassLoader.findClass(URLClassLoader.java:187)
	at java.lang.ClassLoader.loadClass(ClassLoader.java:289)
	at sun.misc.Launcher$AppClassLoader.loadClass(Launcher.java:274)
	at java.lang.ClassLoader.loadClass(ClassLoader.java:235)
	at java.lang.ClassLoader.loadClassInternal(ClassLoader.java:302)
	at java.lang.Class.forName0(Native Method)
	at java.lang.Class.forName(Class.java:141)
	at com.topcoder.db.connectionfactory.producers.JDBCConnectionProducer.&lt;init&gt;(JDBCConnectionProducer.java:234)
	... 29 more
</error>
  </testcase>
  <testcase name="testCreateAuction8" classname="com.orpheus.auction.persistence.failuretests.SQLServerAuctionDAOFailureTest" time="0.046">
    <error message="The com.topcoder.db.connectionfactory.DBConnectionFactory instance can&apos;t be created successfully., caused by The object can not be initialized., caused by null" type="com.orpheus.auction.persistence.ObjectInstantiationException">com.orpheus.auction.persistence.ObjectInstantiationException: The com.topcoder.db.connectionfactory.DBConnectionFactory instance can&apos;t be created successfully., caused by The object can not be initialized., caused by null
	at com.orpheus.auction.persistence.AuctionPersistenceHelper.createObject(AuctionPersistenceHelper.java:223)
	at com.orpheus.auction.persistence.impl.SQLServerAuctionDAO.&lt;init&gt;(SQLServerAuctionDAO.java:151)
	at com.orpheus.auction.persistence.failuretests.SQLServerAuctionDAOFailureTest.setUp(SQLServerAuctionDAOFailureTest.java:45)
Caused by: com.topcoder.util.objectfactory.InvalidClassSpecificationException: The object can not be initialized., caused by null
	at com.topcoder.util.objectfactory.ObjectFactory.createObjectByReflection(ObjectFactory.java:623)
	at com.topcoder.util.objectfactory.ObjectFactory.createComplexSpecification(ObjectFactory.java:586)
	at com.topcoder.util.objectfactory.ObjectFactory.getObjectBySpecification(ObjectFactory.java:390)
	at com.topcoder.util.objectfactory.ObjectFactory.createObject(ObjectFactory.java:333)
	at com.topcoder.util.objectfactory.ObjectFactory.createObject(ObjectFactory.java:112)
	at com.orpheus.auction.persistence.AuctionPersistenceHelper.createObject(AuctionPersistenceHelper.java:215)
	... 16 more
Caused by: java.lang.reflect.InvocationTargetException
	at java.lang.reflect.Constructor.newInstance(Constructor.java:274)
	at com.topcoder.util.objectfactory.ObjectFactory.createObjectByReflection(ObjectFactory.java:611)
	... 21 more
Caused by: com.topcoder.db.connectionfactory.ConfigurationException: Unexpected errors- , caused by null
	at com.topcoder.db.connectionfactory.DBConnectionFactoryImpl.&lt;init&gt;(DBConnectionFactoryImpl.java:211)
	... 25 more
Caused by: java.lang.reflect.InvocationTargetException
	at java.lang.reflect.Constructor.newInstance(Constructor.java:274)
	at com.topcoder.db.connectionfactory.DBConnectionFactoryImpl.&lt;init&gt;(DBConnectionFactoryImpl.java:190)
	... 25 more
Caused by: java.lang.ClassNotFoundException: The class name com.microsoft.sqlserver.jdbc.SQLServerDriver is invalid.
	at com.topcoder.db.connectionfactory.producers.JDBCConnectionProducer.&lt;init&gt;(JDBCConnectionProducer.java:236)
	... 29 more
Caused by: java.lang.ClassNotFoundException: com.microsoft.sqlserver.jdbc.SQLServerDriver
	at java.net.URLClassLoader$1.run(URLClassLoader.java:199)
	at java.security.AccessController.doPrivileged(Native Method)
	at java.net.URLClassLoader.findClass(URLClassLoader.java:187)
	at java.lang.ClassLoader.loadClass(ClassLoader.java:289)
	at sun.misc.Launcher$AppClassLoader.loadClass(Launcher.java:274)
	at java.lang.ClassLoader.loadClass(ClassLoader.java:235)
	at java.lang.ClassLoader.loadClassInternal(ClassLoader.java:302)
	at java.lang.Class.forName0(Native Method)
	at java.lang.Class.forName(Class.java:141)
	at com.topcoder.db.connectionfactory.producers.JDBCConnectionProducer.&lt;init&gt;(JDBCConnectionProducer.java:234)
	... 29 more
Caused by:com.topcoder.util.objectfactory.InvalidClassSpecificationException: The object can not be initialized., caused by null
	at com.topcoder.util.objectfactory.ObjectFactory.createObjectByReflection(ObjectFactory.java:623)
	at com.topcoder.util.objectfactory.ObjectFactory.createComplexSpecification(ObjectFactory.java:586)
	at com.topcoder.util.objectfactory.ObjectFactory.getObjectBySpecification(ObjectFactory.java:390)
	at com.topcoder.util.objectfactory.ObjectFactory.createObject(ObjectFactory.java:333)
	at com.topcoder.util.objectfactory.ObjectFactory.createObject(ObjectFactory.java:112)
	at com.orpheus.auction.persistence.AuctionPersistenceHelper.createObject(AuctionPersistenceHelper.java:215)
	at com.orpheus.auction.persistence.impl.SQLServerAuctionDAO.&lt;init&gt;(SQLServerAuctionDAO.java:151)
	at com.orpheus.auction.persistence.failuretests.SQLServerAuctionDAOFailureTest.setUp(SQLServerAuctionDAOFailureTest.java:45)
Caused by: java.lang.reflect.InvocationTargetException
	at java.lang.reflect.Constructor.newInstance(Constructor.java:274)
	at com.topcoder.util.objectfactory.ObjectFactory.createObjectByReflection(ObjectFactory.java:611)
	... 21 more
Caused by: com.topcoder.db.connectionfactory.ConfigurationException: Unexpected errors- , caused by null
	at com.topcoder.db.connectionfactory.DBConnectionFactoryImpl.&lt;init&gt;(DBConnectionFactoryImpl.java:211)
	... 25 more
Caused by: java.lang.reflect.InvocationTargetException
	at java.lang.reflect.Constructor.newInstance(Constructor.java:274)
	at com.topcoder.db.connectionfactory.DBConnectionFactoryImpl.&lt;init&gt;(DBConnectionFactoryImpl.java:190)
	... 25 more
Caused by: java.lang.ClassNotFoundException: The class name com.microsoft.sqlserver.jdbc.SQLServerDriver is invalid.
	at com.topcoder.db.connectionfactory.producers.JDBCConnectionProducer.&lt;init&gt;(JDBCConnectionProducer.java:236)
	... 29 more
Caused by: java.lang.ClassNotFoundException: com.microsoft.sqlserver.jdbc.SQLServerDriver
	at java.net.URLClassLoader$1.run(URLClassLoader.java:199)
	at java.security.AccessController.doPrivileged(Native Method)
	at java.net.URLClassLoader.findClass(URLClassLoader.java:187)
	at java.lang.ClassLoader.loadClass(ClassLoader.java:289)
	at sun.misc.Launcher$AppClassLoader.loadClass(Launcher.java:274)
	at java.lang.ClassLoader.loadClass(ClassLoader.java:235)
	at java.lang.ClassLoader.loadClassInternal(ClassLoader.java:302)
	at java.lang.Class.forName0(Native Method)
	at java.lang.Class.forName(Class.java:141)
	at com.topcoder.db.connectionfactory.producers.JDBCConnectionProducer.&lt;init&gt;(JDBCConnectionProducer.java:234)
	... 29 more
Caused by:java.lang.reflect.InvocationTargetException
	at java.lang.reflect.Constructor.newInstance(Constructor.java:274)
	at com.topcoder.util.objectfactory.ObjectFactory.createObjectByReflection(ObjectFactory.java:611)
	at com.topcoder.util.objectfactory.ObjectFactory.createComplexSpecification(ObjectFactory.java:586)
	at com.topcoder.util.objectfactory.ObjectFactory.getObjectBySpecification(ObjectFactory.java:390)
	at com.topcoder.util.objectfactory.ObjectFactory.createObject(ObjectFactory.java:333)
	at com.topcoder.util.objectfactory.ObjectFactory.createObject(ObjectFactory.java:112)
	at com.orpheus.auction.persistence.AuctionPersistenceHelper.createObject(AuctionPersistenceHelper.java:215)
	at com.orpheus.auction.persistence.impl.SQLServerAuctionDAO.&lt;init&gt;(SQLServerAuctionDAO.java:151)
	at com.orpheus.auction.persistence.failuretests.SQLServerAuctionDAOFailureTest.setUp(SQLServerAuctionDAOFailureTest.java:45)
Caused by: com.topcoder.db.connectionfactory.ConfigurationException: Unexpected errors- , caused by null
	at com.topcoder.db.connectionfactory.DBConnectionFactoryImpl.&lt;init&gt;(DBConnectionFactoryImpl.java:211)
	... 25 more
Caused by: java.lang.reflect.InvocationTargetException
	at java.lang.reflect.Constructor.newInstance(Constructor.java:274)
	at com.topcoder.db.connectionfactory.DBConnectionFactoryImpl.&lt;init&gt;(DBConnectionFactoryImpl.java:190)
	... 25 more
Caused by: java.lang.ClassNotFoundException: The class name com.microsoft.sqlserver.jdbc.SQLServerDriver is invalid.
	at com.topcoder.db.connectionfactory.producers.JDBCConnectionProducer.&lt;init&gt;(JDBCConnectionProducer.java:236)
	... 29 more
Caused by: java.lang.ClassNotFoundException: com.microsoft.sqlserver.jdbc.SQLServerDriver
	at java.net.URLClassLoader$1.run(URLClassLoader.java:199)
	at java.security.AccessController.doPrivileged(Native Method)
	at java.net.URLClassLoader.findClass(URLClassLoader.java:187)
	at java.lang.ClassLoader.loadClass(ClassLoader.java:289)
	at sun.misc.Launcher$AppClassLoader.loadClass(Launcher.java:274)
	at java.lang.ClassLoader.loadClass(ClassLoader.java:235)
	at java.lang.ClassLoader.loadClassInternal(ClassLoader.java:302)
	at java.lang.Class.forName0(Native Method)
	at java.lang.Class.forName(Class.java:141)
	at com.topcoder.db.connectionfactory.producers.JDBCConnectionProducer.&lt;init&gt;(JDBCConnectionProducer.java:234)
	... 29 more
</error>
  </testcase>
  <testcase name="testCreateAuction9" classname="com.orpheus.auction.persistence.failuretests.SQLServerAuctionDAOFailureTest" time="0.063">
    <error message="The com.topcoder.db.connectionfactory.DBConnectionFactory instance can&apos;t be created successfully., caused by The object can not be initialized., caused by null" type="com.orpheus.auction.persistence.ObjectInstantiationException">com.orpheus.auction.persistence.ObjectInstantiationException: The com.topcoder.db.connectionfactory.DBConnectionFactory instance can&apos;t be created successfully., caused by The object can not be initialized., caused by null
	at com.orpheus.auction.persistence.AuctionPersistenceHelper.createObject(AuctionPersistenceHelper.java:223)
	at com.orpheus.auction.persistence.impl.SQLServerAuctionDAO.&lt;init&gt;(SQLServerAuctionDAO.java:151)
	at com.orpheus.auction.persistence.failuretests.SQLServerAuctionDAOFailureTest.setUp(SQLServerAuctionDAOFailureTest.java:45)
Caused by: com.topcoder.util.objectfactory.InvalidClassSpecificationException: The object can not be initialized., caused by null
	at com.topcoder.util.objectfactory.ObjectFactory.createObjectByReflection(ObjectFactory.java:623)
	at com.topcoder.util.objectfactory.ObjectFactory.createComplexSpecification(ObjectFactory.java:586)
	at com.topcoder.util.objectfactory.ObjectFactory.getObjectBySpecification(ObjectFactory.java:390)
	at com.topcoder.util.objectfactory.ObjectFactory.createObject(ObjectFactory.java:333)
	at com.topcoder.util.objectfactory.ObjectFactory.createObject(ObjectFactory.java:112)
	at com.orpheus.auction.persistence.AuctionPersistenceHelper.createObject(AuctionPersistenceHelper.java:215)
	... 16 more
Caused by: java.lang.reflect.InvocationTargetException
	at java.lang.reflect.Constructor.newInstance(Constructor.java:274)
	at com.topcoder.util.objectfactory.ObjectFactory.createObjectByReflection(ObjectFactory.java:611)
	... 21 more
Caused by: com.topcoder.db.connectionfactory.ConfigurationException: Unexpected errors- , caused by null
	at com.topcoder.db.connectionfactory.DBConnectionFactoryImpl.&lt;init&gt;(DBConnectionFactoryImpl.java:211)
	... 25 more
Caused by: java.lang.reflect.InvocationTargetException
	at java.lang.reflect.Constructor.newInstance(Constructor.java:274)
	at com.topcoder.db.connectionfactory.DBConnectionFactoryImpl.&lt;init&gt;(DBConnectionFactoryImpl.java:190)
	... 25 more
Caused by: java.lang.ClassNotFoundException: The class name com.microsoft.sqlserver.jdbc.SQLServerDriver is invalid.
	at com.topcoder.db.connectionfactory.producers.JDBCConnectionProducer.&lt;init&gt;(JDBCConnectionProducer.java:236)
	... 29 more
Caused by: java.lang.ClassNotFoundException: com.microsoft.sqlserver.jdbc.SQLServerDriver
	at java.net.URLClassLoader$1.run(URLClassLoader.java:199)
	at java.security.AccessController.doPrivileged(Native Method)
	at java.net.URLClassLoader.findClass(URLClassLoader.java:187)
	at java.lang.ClassLoader.loadClass(ClassLoader.java:289)
	at sun.misc.Launcher$AppClassLoader.loadClass(Launcher.java:274)
	at java.lang.ClassLoader.loadClass(ClassLoader.java:235)
	at java.lang.ClassLoader.loadClassInternal(ClassLoader.java:302)
	at java.lang.Class.forName0(Native Method)
	at java.lang.Class.forName(Class.java:141)
	at com.topcoder.db.connectionfactory.producers.JDBCConnectionProducer.&lt;init&gt;(JDBCConnectionProducer.java:234)
	... 29 more
Caused by:com.topcoder.util.objectfactory.InvalidClassSpecificationException: The object can not be initialized., caused by null
	at com.topcoder.util.objectfactory.ObjectFactory.createObjectByReflection(ObjectFactory.java:623)
	at com.topcoder.util.objectfactory.ObjectFactory.createComplexSpecification(ObjectFactory.java:586)
	at com.topcoder.util.objectfactory.ObjectFactory.getObjectBySpecification(ObjectFactory.java:390)
	at com.topcoder.util.objectfactory.ObjectFactory.createObject(ObjectFactory.java:333)
	at com.topcoder.util.objectfactory.ObjectFactory.createObject(ObjectFactory.java:112)
	at com.orpheus.auction.persistence.AuctionPersistenceHelper.createObject(AuctionPersistenceHelper.java:215)
	at com.orpheus.auction.persistence.impl.SQLServerAuctionDAO.&lt;init&gt;(SQLServerAuctionDAO.java:151)
	at com.orpheus.auction.persistence.failuretests.SQLServerAuctionDAOFailureTest.setUp(SQLServerAuctionDAOFailureTest.java:45)
Caused by: java.lang.reflect.InvocationTargetException
	at java.lang.reflect.Constructor.newInstance(Constructor.java:274)
	at com.topcoder.util.objectfactory.ObjectFactory.createObjectByReflection(ObjectFactory.java:611)
	... 21 more
Caused by: com.topcoder.db.connectionfactory.ConfigurationException: Unexpected errors- , caused by null
	at com.topcoder.db.connectionfactory.DBConnectionFactoryImpl.&lt;init&gt;(DBConnectionFactoryImpl.java:211)
	... 25 more
Caused by: java.lang.reflect.InvocationTargetException
	at java.lang.reflect.Constructor.newInstance(Constructor.java:274)
	at com.topcoder.db.connectionfactory.DBConnectionFactoryImpl.&lt;init&gt;(DBConnectionFactoryImpl.java:190)
	... 25 more
Caused by: java.lang.ClassNotFoundException: The class name com.microsoft.sqlserver.jdbc.SQLServerDriver is invalid.
	at com.topcoder.db.connectionfactory.producers.JDBCConnectionProducer.&lt;init&gt;(JDBCConnectionProducer.java:236)
	... 29 more
Caused by: java.lang.ClassNotFoundException: com.microsoft.sqlserver.jdbc.SQLServerDriver
	at java.net.URLClassLoader$1.run(URLClassLoader.java:199)
	at java.security.AccessController.doPrivileged(Native Method)
	at java.net.URLClassLoader.findClass(URLClassLoader.java:187)
	at java.lang.ClassLoader.loadClass(ClassLoader.java:289)
	at sun.misc.Launcher$AppClassLoader.loadClass(Launcher.java:274)
	at java.lang.ClassLoader.loadClass(ClassLoader.java:235)
	at java.lang.ClassLoader.loadClassInternal(ClassLoader.java:302)
	at java.lang.Class.forName0(Native Method)
	at java.lang.Class.forName(Class.java:141)
	at com.topcoder.db.connectionfactory.producers.JDBCConnectionProducer.&lt;init&gt;(JDBCConnectionProducer.java:234)
	... 29 more
Caused by:java.lang.reflect.InvocationTargetException
	at java.lang.reflect.Constructor.newInstance(Constructor.java:274)
	at com.topcoder.util.objectfactory.ObjectFactory.createObjectByReflection(ObjectFactory.java:611)
	at com.topcoder.util.objectfactory.ObjectFactory.createComplexSpecification(ObjectFactory.java:586)
	at com.topcoder.util.objectfactory.ObjectFactory.getObjectBySpecification(ObjectFactory.java:390)
	at com.topcoder.util.objectfactory.ObjectFactory.createObject(ObjectFactory.java:333)
	at com.topcoder.util.objectfactory.ObjectFactory.createObject(ObjectFactory.java:112)
	at com.orpheus.auction.persistence.AuctionPersistenceHelper.createObject(AuctionPersistenceHelper.java:215)
	at com.orpheus.auction.persistence.impl.SQLServerAuctionDAO.&lt;init&gt;(SQLServerAuctionDAO.java:151)
	at com.orpheus.auction.persistence.failuretests.SQLServerAuctionDAOFailureTest.setUp(SQLServerAuctionDAOFailureTest.java:45)
Caused by: com.topcoder.db.connectionfactory.ConfigurationException: Unexpected errors- , caused by null
	at com.topcoder.db.connectionfactory.DBConnectionFactoryImpl.&lt;init&gt;(DBConnectionFactoryImpl.java:211)
	... 25 more
Caused by: java.lang.reflect.InvocationTargetException
	at java.lang.reflect.Constructor.newInstance(Constructor.java:274)
	at com.topcoder.db.connectionfactory.DBConnectionFactoryImpl.&lt;init&gt;(DBConnectionFactoryImpl.java:190)
	... 25 more
Caused by: java.lang.ClassNotFoundException: The class name com.microsoft.sqlserver.jdbc.SQLServerDriver is invalid.
	at com.topcoder.db.connectionfactory.producers.JDBCConnectionProducer.&lt;init&gt;(JDBCConnectionProducer.java:236)
	... 29 more
Caused by: java.lang.ClassNotFoundException: com.microsoft.sqlserver.jdbc.SQLServerDriver
	at java.net.URLClassLoader$1.run(URLClassLoader.java:199)
	at java.security.AccessController.doPrivileged(Native Method)
	at java.net.URLClassLoader.findClass(URLClassLoader.java:187)
	at java.lang.ClassLoader.loadClass(ClassLoader.java:289)
	at sun.misc.Launcher$AppClassLoader.loadClass(Launcher.java:274)
	at java.lang.ClassLoader.loadClass(ClassLoader.java:235)
	at java.lang.ClassLoader.loadClassInternal(ClassLoader.java:302)
	at java.lang.Class.forName0(Native Method)
	at java.lang.Class.forName(Class.java:141)
	at com.topcoder.db.connectionfactory.producers.JDBCConnectionProducer.&lt;init&gt;(JDBCConnectionProducer.java:234)
	... 29 more
</error>
  </testcase>
  <testcase name="testGetAuction1" classname="com.orpheus.auction.persistence.failuretests.SQLServerAuctionDAOFailureTest" time="0.047">
    <error message="The com.topcoder.db.connectionfactory.DBConnectionFactory instance can&apos;t be created successfully., caused by The object can not be initialized., caused by null" type="com.orpheus.auction.persistence.ObjectInstantiationException">com.orpheus.auction.persistence.ObjectInstantiationException: The com.topcoder.db.connectionfactory.DBConnectionFactory instance can&apos;t be created successfully., caused by The object can not be initialized., caused by null
	at com.orpheus.auction.persistence.AuctionPersistenceHelper.createObject(AuctionPersistenceHelper.java:223)
	at com.orpheus.auction.persistence.impl.SQLServerAuctionDAO.&lt;init&gt;(SQLServerAuctionDAO.java:151)
	at com.orpheus.auction.persistence.failuretests.SQLServerAuctionDAOFailureTest.setUp(SQLServerAuctionDAOFailureTest.java:45)
Caused by: com.topcoder.util.objectfactory.InvalidClassSpecificationException: The object can not be initialized., caused by null
	at com.topcoder.util.objectfactory.ObjectFactory.createObjectByReflection(ObjectFactory.java:623)
	at com.topcoder.util.objectfactory.ObjectFactory.createComplexSpecification(ObjectFactory.java:586)
	at com.topcoder.util.objectfactory.ObjectFactory.getObjectBySpecification(ObjectFactory.java:390)
	at com.topcoder.util.objectfactory.ObjectFactory.createObject(ObjectFactory.java:333)
	at com.topcoder.util.objectfactory.ObjectFactory.createObject(ObjectFactory.java:112)
	at com.orpheus.auction.persistence.AuctionPersistenceHelper.createObject(AuctionPersistenceHelper.java:215)
	... 16 more
Caused by: java.lang.reflect.InvocationTargetException
	at java.lang.reflect.Constructor.newInstance(Constructor.java:274)
	at com.topcoder.util.objectfactory.ObjectFactory.createObjectByReflection(ObjectFactory.java:611)
	... 21 more
Caused by: com.topcoder.db.connectionfactory.ConfigurationException: Unexpected errors- , caused by null
	at com.topcoder.db.connectionfactory.DBConnectionFactoryImpl.&lt;init&gt;(DBConnectionFactoryImpl.java:211)
	... 25 more
Caused by: java.lang.reflect.InvocationTargetException
	at java.lang.reflect.Constructor.newInstance(Constructor.java:274)
	at com.topcoder.db.connectionfactory.DBConnectionFactoryImpl.&lt;init&gt;(DBConnectionFactoryImpl.java:190)
	... 25 more
Caused by: java.lang.ClassNotFoundException: The class name com.microsoft.sqlserver.jdbc.SQLServerDriver is invalid.
	at com.topcoder.db.connectionfactory.producers.JDBCConnectionProducer.&lt;init&gt;(JDBCConnectionProducer.java:236)
	... 29 more
Caused by: java.lang.ClassNotFoundException: com.microsoft.sqlserver.jdbc.SQLServerDriver
	at java.net.URLClassLoader$1.run(URLClassLoader.java:199)
	at java.security.AccessController.doPrivileged(Native Method)
	at java.net.URLClassLoader.findClass(URLClassLoader.java:187)
	at java.lang.ClassLoader.loadClass(ClassLoader.java:289)
	at sun.misc.Launcher$AppClassLoader.loadClass(Launcher.java:274)
	at java.lang.ClassLoader.loadClass(ClassLoader.java:235)
	at java.lang.ClassLoader.loadClassInternal(ClassLoader.java:302)
	at java.lang.Class.forName0(Native Method)
	at java.lang.Class.forName(Class.java:141)
	at com.topcoder.db.connectionfactory.producers.JDBCConnectionProducer.&lt;init&gt;(JDBCConnectionProducer.java:234)
	... 29 more
Caused by:com.topcoder.util.objectfactory.InvalidClassSpecificationException: The object can not be initialized., caused by null
	at com.topcoder.util.objectfactory.ObjectFactory.createObjectByReflection(ObjectFactory.java:623)
	at com.topcoder.util.objectfactory.ObjectFactory.createComplexSpecification(ObjectFactory.java:586)
	at com.topcoder.util.objectfactory.ObjectFactory.getObjectBySpecification(ObjectFactory.java:390)
	at com.topcoder.util.objectfactory.ObjectFactory.createObject(ObjectFactory.java:333)
	at com.topcoder.util.objectfactory.ObjectFactory.createObject(ObjectFactory.java:112)
	at com.orpheus.auction.persistence.AuctionPersistenceHelper.createObject(AuctionPersistenceHelper.java:215)
	at com.orpheus.auction.persistence.impl.SQLServerAuctionDAO.&lt;init&gt;(SQLServerAuctionDAO.java:151)
	at com.orpheus.auction.persistence.failuretests.SQLServerAuctionDAOFailureTest.setUp(SQLServerAuctionDAOFailureTest.java:45)
Caused by: java.lang.reflect.InvocationTargetException
	at java.lang.reflect.Constructor.newInstance(Constructor.java:274)
	at com.topcoder.util.objectfactory.ObjectFactory.createObjectByReflection(ObjectFactory.java:611)
	... 21 more
Caused by: com.topcoder.db.connectionfactory.ConfigurationException: Unexpected errors- , caused by null
	at com.topcoder.db.connectionfactory.DBConnectionFactoryImpl.&lt;init&gt;(DBConnectionFactoryImpl.java:211)
	... 25 more
Caused by: java.lang.reflect.InvocationTargetException
	at java.lang.reflect.Constructor.newInstance(Constructor.java:274)
	at com.topcoder.db.connectionfactory.DBConnectionFactoryImpl.&lt;init&gt;(DBConnectionFactoryImpl.java:190)
	... 25 more
Caused by: java.lang.ClassNotFoundException: The class name com.microsoft.sqlserver.jdbc.SQLServerDriver is invalid.
	at com.topcoder.db.connectionfactory.producers.JDBCConnectionProducer.&lt;init&gt;(JDBCConnectionProducer.java:236)
	... 29 more
Caused by: java.lang.ClassNotFoundException: com.microsoft.sqlserver.jdbc.SQLServerDriver
	at java.net.URLClassLoader$1.run(URLClassLoader.java:199)
	at java.security.AccessController.doPrivileged(Native Method)
	at java.net.URLClassLoader.findClass(URLClassLoader.java:187)
	at java.lang.ClassLoader.loadClass(ClassLoader.java:289)
	at sun.misc.Launcher$AppClassLoader.loadClass(Launcher.java:274)
	at java.lang.ClassLoader.loadClass(ClassLoader.java:235)
	at java.lang.ClassLoader.loadClassInternal(ClassLoader.java:302)
	at java.lang.Class.forName0(Native Method)
	at java.lang.Class.forName(Class.java:141)
	at com.topcoder.db.connectionfactory.producers.JDBCConnectionProducer.&lt;init&gt;(JDBCConnectionProducer.java:234)
	... 29 more
Caused by:java.lang.reflect.InvocationTargetException
	at java.lang.reflect.Constructor.newInstance(Constructor.java:274)
	at com.topcoder.util.objectfactory.ObjectFactory.createObjectByReflection(ObjectFactory.java:611)
	at com.topcoder.util.objectfactory.ObjectFactory.createComplexSpecification(ObjectFactory.java:586)
	at com.topcoder.util.objectfactory.ObjectFactory.getObjectBySpecification(ObjectFactory.java:390)
	at com.topcoder.util.objectfactory.ObjectFactory.createObject(ObjectFactory.java:333)
	at com.topcoder.util.objectfactory.ObjectFactory.createObject(ObjectFactory.java:112)
	at com.orpheus.auction.persistence.AuctionPersistenceHelper.createObject(AuctionPersistenceHelper.java:215)
	at com.orpheus.auction.persistence.impl.SQLServerAuctionDAO.&lt;init&gt;(SQLServerAuctionDAO.java:151)
	at com.orpheus.auction.persistence.failuretests.SQLServerAuctionDAOFailureTest.setUp(SQLServerAuctionDAOFailureTest.java:45)
Caused by: com.topcoder.db.connectionfactory.ConfigurationException: Unexpected errors- , caused by null
	at com.topcoder.db.connectionfactory.DBConnectionFactoryImpl.&lt;init&gt;(DBConnectionFactoryImpl.java:211)
	... 25 more
Caused by: java.lang.reflect.InvocationTargetException
	at java.lang.reflect.Constructor.newInstance(Constructor.java:274)
	at com.topcoder.db.connectionfactory.DBConnectionFactoryImpl.&lt;init&gt;(DBConnectionFactoryImpl.java:190)
	... 25 more
Caused by: java.lang.ClassNotFoundException: The class name com.microsoft.sqlserver.jdbc.SQLServerDriver is invalid.
	at com.topcoder.db.connectionfactory.producers.JDBCConnectionProducer.&lt;init&gt;(JDBCConnectionProducer.java:236)
	... 29 more
Caused by: java.lang.ClassNotFoundException: com.microsoft.sqlserver.jdbc.SQLServerDriver
	at java.net.URLClassLoader$1.run(URLClassLoader.java:199)
	at java.security.AccessController.doPrivileged(Native Method)
	at java.net.URLClassLoader.findClass(URLClassLoader.java:187)
	at java.lang.ClassLoader.loadClass(ClassLoader.java:289)
	at sun.misc.Launcher$AppClassLoader.loadClass(Launcher.java:274)
	at java.lang.ClassLoader.loadClass(ClassLoader.java:235)
	at java.lang.ClassLoader.loadClassInternal(ClassLoader.java:302)
	at java.lang.Class.forName0(Native Method)
	at java.lang.Class.forName(Class.java:141)
	at com.topcoder.db.connectionfactory.producers.JDBCConnectionProducer.&lt;init&gt;(JDBCConnectionProducer.java:234)
	... 29 more
</error>
  </testcase>
  <testcase name="testUpdateAuction1" classname="com.orpheus.auction.persistence.failuretests.SQLServerAuctionDAOFailureTest" time="0.078">
    <error message="The com.topcoder.db.connectionfactory.DBConnectionFactory instance can&apos;t be created successfully., caused by The object can not be initialized., caused by null" type="com.orpheus.auction.persistence.ObjectInstantiationException">com.orpheus.auction.persistence.ObjectInstantiationException: The com.topcoder.db.connectionfactory.DBConnectionFactory instance can&apos;t be created successfully., caused by The object can not be initialized., caused by null
	at com.orpheus.auction.persistence.AuctionPersistenceHelper.createObject(AuctionPersistenceHelper.java:223)
	at com.orpheus.auction.persistence.impl.SQLServerAuctionDAO.&lt;init&gt;(SQLServerAuctionDAO.java:151)
	at com.orpheus.auction.persistence.failuretests.SQLServerAuctionDAOFailureTest.setUp(SQLServerAuctionDAOFailureTest.java:45)
Caused by: com.topcoder.util.objectfactory.InvalidClassSpecificationException: The object can not be initialized., caused by null
	at com.topcoder.util.objectfactory.ObjectFactory.createObjectByReflection(ObjectFactory.java:623)
	at com.topcoder.util.objectfactory.ObjectFactory.createComplexSpecification(ObjectFactory.java:586)
	at com.topcoder.util.objectfactory.ObjectFactory.getObjectBySpecification(ObjectFactory.java:390)
	at com.topcoder.util.objectfactory.ObjectFactory.createObject(ObjectFactory.java:333)
	at com.topcoder.util.objectfactory.ObjectFactory.createObject(ObjectFactory.java:112)
	at com.orpheus.auction.persistence.AuctionPersistenceHelper.createObject(AuctionPersistenceHelper.java:215)
	... 16 more
Caused by: java.lang.reflect.InvocationTargetException
	at java.lang.reflect.Constructor.newInstance(Constructor.java:274)
	at com.topcoder.util.objectfactory.ObjectFactory.createObjectByReflection(ObjectFactory.java:611)
	... 21 more
Caused by: com.topcoder.db.connectionfactory.ConfigurationException: Unexpected errors- , caused by null
	at com.topcoder.db.connectionfactory.DBConnectionFactoryImpl.&lt;init&gt;(DBConnectionFactoryImpl.java:211)
	... 25 more
Caused by: java.lang.reflect.InvocationTargetException
	at java.lang.reflect.Constructor.newInstance(Constructor.java:274)
	at com.topcoder.db.connectionfactory.DBConnectionFactoryImpl.&lt;init&gt;(DBConnectionFactoryImpl.java:190)
	... 25 more
Caused by: java.lang.ClassNotFoundException: The class name com.microsoft.sqlserver.jdbc.SQLServerDriver is invalid.
	at com.topcoder.db.connectionfactory.producers.JDBCConnectionProducer.&lt;init&gt;(JDBCConnectionProducer.java:236)
	... 29 more
Caused by: java.lang.ClassNotFoundException: com.microsoft.sqlserver.jdbc.SQLServerDriver
	at java.net.URLClassLoader$1.run(URLClassLoader.java:199)
	at java.security.AccessController.doPrivileged(Native Method)
	at java.net.URLClassLoader.findClass(URLClassLoader.java:187)
	at java.lang.ClassLoader.loadClass(ClassLoader.java:289)
	at sun.misc.Launcher$AppClassLoader.loadClass(Launcher.java:274)
	at java.lang.ClassLoader.loadClass(ClassLoader.java:235)
	at java.lang.ClassLoader.loadClassInternal(ClassLoader.java:302)
	at java.lang.Class.forName0(Native Method)
	at java.lang.Class.forName(Class.java:141)
	at com.topcoder.db.connectionfactory.producers.JDBCConnectionProducer.&lt;init&gt;(JDBCConnectionProducer.java:234)
	... 29 more
Caused by:com.topcoder.util.objectfactory.InvalidClassSpecificationException: The object can not be initialized., caused by null
	at com.topcoder.util.objectfactory.ObjectFactory.createObjectByReflection(ObjectFactory.java:623)
	at com.topcoder.util.objectfactory.ObjectFactory.createComplexSpecification(ObjectFactory.java:586)
	at com.topcoder.util.objectfactory.ObjectFactory.getObjectBySpecification(ObjectFactory.java:390)
	at com.topcoder.util.objectfactory.ObjectFactory.createObject(ObjectFactory.java:333)
	at com.topcoder.util.objectfactory.ObjectFactory.createObject(ObjectFactory.java:112)
	at com.orpheus.auction.persistence.AuctionPersistenceHelper.createObject(AuctionPersistenceHelper.java:215)
	at com.orpheus.auction.persistence.impl.SQLServerAuctionDAO.&lt;init&gt;(SQLServerAuctionDAO.java:151)
	at com.orpheus.auction.persistence.failuretests.SQLServerAuctionDAOFailureTest.setUp(SQLServerAuctionDAOFailureTest.java:45)
Caused by: java.lang.reflect.InvocationTargetException
	at java.lang.reflect.Constructor.newInstance(Constructor.java:274)
	at com.topcoder.util.objectfactory.ObjectFactory.createObjectByReflection(ObjectFactory.java:611)
	... 21 more
Caused by: com.topcoder.db.connectionfactory.ConfigurationException: Unexpected errors- , caused by null
	at com.topcoder.db.connectionfactory.DBConnectionFactoryImpl.&lt;init&gt;(DBConnectionFactoryImpl.java:211)
	... 25 more
Caused by: java.lang.reflect.InvocationTargetException
	at java.lang.reflect.Constructor.newInstance(Constructor.java:274)
	at com.topcoder.db.connectionfactory.DBConnectionFactoryImpl.&lt;init&gt;(DBConnectionFactoryImpl.java:190)
	... 25 more
Caused by: java.lang.ClassNotFoundException: The class name com.microsoft.sqlserver.jdbc.SQLServerDriver is invalid.
	at com.topcoder.db.connectionfactory.producers.JDBCConnectionProducer.&lt;init&gt;(JDBCConnectionProducer.java:236)
	... 29 more
Caused by: java.lang.ClassNotFoundException: com.microsoft.sqlserver.jdbc.SQLServerDriver
	at java.net.URLClassLoader$1.run(URLClassLoader.java:199)
	at java.security.AccessController.doPrivileged(Native Method)
	at java.net.URLClassLoader.findClass(URLClassLoader.java:187)
	at java.lang.ClassLoader.loadClass(ClassLoader.java:289)
	at sun.misc.Launcher$AppClassLoader.loadClass(Launcher.java:274)
	at java.lang.ClassLoader.loadClass(ClassLoader.java:235)
	at java.lang.ClassLoader.loadClassInternal(ClassLoader.java:302)
	at java.lang.Class.forName0(Native Method)
	at java.lang.Class.forName(Class.java:141)
	at com.topcoder.db.connectionfactory.producers.JDBCConnectionProducer.&lt;init&gt;(JDBCConnectionProducer.java:234)
	... 29 more
Caused by:java.lang.reflect.InvocationTargetException
	at java.lang.reflect.Constructor.newInstance(Constructor.java:274)
	at com.topcoder.util.objectfactory.ObjectFactory.createObjectByReflection(ObjectFactory.java:611)
	at com.topcoder.util.objectfactory.ObjectFactory.createComplexSpecification(ObjectFactory.java:586)
	at com.topcoder.util.objectfactory.ObjectFactory.getObjectBySpecification(ObjectFactory.java:390)
	at com.topcoder.util.objectfactory.ObjectFactory.createObject(ObjectFactory.java:333)
	at com.topcoder.util.objectfactory.ObjectFactory.createObject(ObjectFactory.java:112)
	at com.orpheus.auction.persistence.AuctionPersistenceHelper.createObject(AuctionPersistenceHelper.java:215)
	at com.orpheus.auction.persistence.impl.SQLServerAuctionDAO.&lt;init&gt;(SQLServerAuctionDAO.java:151)
	at com.orpheus.auction.persistence.failuretests.SQLServerAuctionDAOFailureTest.setUp(SQLServerAuctionDAOFailureTest.java:45)
Caused by: com.topcoder.db.connectionfactory.ConfigurationException: Unexpected errors- , caused by null
	at com.topcoder.db.connectionfactory.DBConnectionFactoryImpl.&lt;init&gt;(DBConnectionFactoryImpl.java:211)
	... 25 more
Caused by: java.lang.reflect.InvocationTargetException
	at java.lang.reflect.Constructor.newInstance(Constructor.java:274)
	at com.topcoder.db.connectionfactory.DBConnectionFactoryImpl.&lt;init&gt;(DBConnectionFactoryImpl.java:190)
	... 25 more
Caused by: java.lang.ClassNotFoundException: The class name com.microsoft.sqlserver.jdbc.SQLServerDriver is invalid.
	at com.topcoder.db.connectionfactory.producers.JDBCConnectionProducer.&lt;init&gt;(JDBCConnectionProducer.java:236)
	... 29 more
Caused by: java.lang.ClassNotFoundException: com.microsoft.sqlserver.jdbc.SQLServerDriver
	at java.net.URLClassLoader$1.run(URLClassLoader.java:199)
	at java.security.AccessController.doPrivileged(Native Method)
	at java.net.URLClassLoader.findClass(URLClassLoader.java:187)
	at java.lang.ClassLoader.loadClass(ClassLoader.java:289)
	at sun.misc.Launcher$AppClassLoader.loadClass(Launcher.java:274)
	at java.lang.ClassLoader.loadClass(ClassLoader.java:235)
	at java.lang.ClassLoader.loadClassInternal(ClassLoader.java:302)
	at java.lang.Class.forName0(Native Method)
	at java.lang.Class.forName(Class.java:141)
	at com.topcoder.db.connectionfactory.producers.JDBCConnectionProducer.&lt;init&gt;(JDBCConnectionProducer.java:234)
	... 29 more
</error>
  </testcase>
  <testcase name="testUpdateAuction2" classname="com.orpheus.auction.persistence.failuretests.SQLServerAuctionDAOFailureTest" time="0.047">
    <error message="The com.topcoder.db.connectionfactory.DBConnectionFactory instance can&apos;t be created successfully., caused by The object can not be initialized., caused by null" type="com.orpheus.auction.persistence.ObjectInstantiationException">com.orpheus.auction.persistence.ObjectInstantiationException: The com.topcoder.db.connectionfactory.DBConnectionFactory instance can&apos;t be created successfully., caused by The object can not be initialized., caused by null
	at com.orpheus.auction.persistence.AuctionPersistenceHelper.createObject(AuctionPersistenceHelper.java:223)
	at com.orpheus.auction.persistence.impl.SQLServerAuctionDAO.&lt;init&gt;(SQLServerAuctionDAO.java:151)
	at com.orpheus.auction.persistence.failuretests.SQLServerAuctionDAOFailureTest.setUp(SQLServerAuctionDAOFailureTest.java:45)
Caused by: com.topcoder.util.objectfactory.InvalidClassSpecificationException: The object can not be initialized., caused by null
	at com.topcoder.util.objectfactory.ObjectFactory.createObjectByReflection(ObjectFactory.java:623)
	at com.topcoder.util.objectfactory.ObjectFactory.createComplexSpecification(ObjectFactory.java:586)
	at com.topcoder.util.objectfactory.ObjectFactory.getObjectBySpecification(ObjectFactory.java:390)
	at com.topcoder.util.objectfactory.ObjectFactory.createObject(ObjectFactory.java:333)
	at com.topcoder.util.objectfactory.ObjectFactory.createObject(ObjectFactory.java:112)
	at com.orpheus.auction.persistence.AuctionPersistenceHelper.createObject(AuctionPersistenceHelper.java:215)
	... 16 more
Caused by: java.lang.reflect.InvocationTargetException
	at java.lang.reflect.Constructor.newInstance(Constructor.java:274)
	at com.topcoder.util.objectfactory.ObjectFactory.createObjectByReflection(ObjectFactory.java:611)
	... 21 more
Caused by: com.topcoder.db.connectionfactory.ConfigurationException: Unexpected errors- , caused by null
	at com.topcoder.db.connectionfactory.DBConnectionFactoryImpl.&lt;init&gt;(DBConnectionFactoryImpl.java:211)
	... 25 more
Caused by: java.lang.reflect.InvocationTargetException
	at java.lang.reflect.Constructor.newInstance(Constructor.java:274)
	at com.topcoder.db.connectionfactory.DBConnectionFactoryImpl.&lt;init&gt;(DBConnectionFactoryImpl.java:190)
	... 25 more
Caused by: java.lang.ClassNotFoundException: The class name com.microsoft.sqlserver.jdbc.SQLServerDriver is invalid.
	at com.topcoder.db.connectionfactory.producers.JDBCConnectionProducer.&lt;init&gt;(JDBCConnectionProducer.java:236)
	... 29 more
Caused by: java.lang.ClassNotFoundException: com.microsoft.sqlserver.jdbc.SQLServerDriver
	at java.net.URLClassLoader$1.run(URLClassLoader.java:199)
	at java.security.AccessController.doPrivileged(Native Method)
	at java.net.URLClassLoader.findClass(URLClassLoader.java:187)
	at java.lang.ClassLoader.loadClass(ClassLoader.java:289)
	at sun.misc.Launcher$AppClassLoader.loadClass(Launcher.java:274)
	at java.lang.ClassLoader.loadClass(ClassLoader.java:235)
	at java.lang.ClassLoader.loadClassInternal(ClassLoader.java:302)
	at java.lang.Class.forName0(Native Method)
	at java.lang.Class.forName(Class.java:141)
	at com.topcoder.db.connectionfactory.producers.JDBCConnectionProducer.&lt;init&gt;(JDBCConnectionProducer.java:234)
	... 29 more
Caused by:com.topcoder.util.objectfactory.InvalidClassSpecificationException: The object can not be initialized., caused by null
	at com.topcoder.util.objectfactory.ObjectFactory.createObjectByReflection(ObjectFactory.java:623)
	at com.topcoder.util.objectfactory.ObjectFactory.createComplexSpecification(ObjectFactory.java:586)
	at com.topcoder.util.objectfactory.ObjectFactory.getObjectBySpecification(ObjectFactory.java:390)
	at com.topcoder.util.objectfactory.ObjectFactory.createObject(ObjectFactory.java:333)
	at com.topcoder.util.objectfactory.ObjectFactory.createObject(ObjectFactory.java:112)
	at com.orpheus.auction.persistence.AuctionPersistenceHelper.createObject(AuctionPersistenceHelper.java:215)
	at com.orpheus.auction.persistence.impl.SQLServerAuctionDAO.&lt;init&gt;(SQLServerAuctionDAO.java:151)
	at com.orpheus.auction.persistence.failuretests.SQLServerAuctionDAOFailureTest.setUp(SQLServerAuctionDAOFailureTest.java:45)
Caused by: java.lang.reflect.InvocationTargetException
	at java.lang.reflect.Constructor.newInstance(Constructor.java:274)
	at com.topcoder.util.objectfactory.ObjectFactory.createObjectByReflection(ObjectFactory.java:611)
	... 21 more
Caused by: com.topcoder.db.connectionfactory.ConfigurationException: Unexpected errors- , caused by null
	at com.topcoder.db.connectionfactory.DBConnectionFactoryImpl.&lt;init&gt;(DBConnectionFactoryImpl.java:211)
	... 25 more
Caused by: java.lang.reflect.InvocationTargetException
	at java.lang.reflect.Constructor.newInstance(Constructor.java:274)
	at com.topcoder.db.connectionfactory.DBConnectionFactoryImpl.&lt;init&gt;(DBConnectionFactoryImpl.java:190)
	... 25 more
Caused by: java.lang.ClassNotFoundException: The class name com.microsoft.sqlserver.jdbc.SQLServerDriver is invalid.
	at com.topcoder.db.connectionfactory.producers.JDBCConnectionProducer.&lt;init&gt;(JDBCConnectionProducer.java:236)
	... 29 more
Caused by: java.lang.ClassNotFoundException: com.microsoft.sqlserver.jdbc.SQLServerDriver
	at java.net.URLClassLoader$1.run(URLClassLoader.java:199)
	at java.security.AccessController.doPrivileged(Native Method)
	at java.net.URLClassLoader.findClass(URLClassLoader.java:187)
	at java.lang.ClassLoader.loadClass(ClassLoader.java:289)
	at sun.misc.Launcher$AppClassLoader.loadClass(Launcher.java:274)
	at java.lang.ClassLoader.loadClass(ClassLoader.java:235)
	at java.lang.ClassLoader.loadClassInternal(ClassLoader.java:302)
	at java.lang.Class.forName0(Native Method)
	at java.lang.Class.forName(Class.java:141)
	at com.topcoder.db.connectionfactory.producers.JDBCConnectionProducer.&lt;init&gt;(JDBCConnectionProducer.java:234)
	... 29 more
Caused by:java.lang.reflect.InvocationTargetException
	at java.lang.reflect.Constructor.newInstance(Constructor.java:274)
	at com.topcoder.util.objectfactory.ObjectFactory.createObjectByReflection(ObjectFactory.java:611)
	at com.topcoder.util.objectfactory.ObjectFactory.createComplexSpecification(ObjectFactory.java:586)
	at com.topcoder.util.objectfactory.ObjectFactory.getObjectBySpecification(ObjectFactory.java:390)
	at com.topcoder.util.objectfactory.ObjectFactory.createObject(ObjectFactory.java:333)
	at com.topcoder.util.objectfactory.ObjectFactory.createObject(ObjectFactory.java:112)
	at com.orpheus.auction.persistence.AuctionPersistenceHelper.createObject(AuctionPersistenceHelper.java:215)
	at com.orpheus.auction.persistence.impl.SQLServerAuctionDAO.&lt;init&gt;(SQLServerAuctionDAO.java:151)
	at com.orpheus.auction.persistence.failuretests.SQLServerAuctionDAOFailureTest.setUp(SQLServerAuctionDAOFailureTest.java:45)
Caused by: com.topcoder.db.connectionfactory.ConfigurationException: Unexpected errors- , caused by null
	at com.topcoder.db.connectionfactory.DBConnectionFactoryImpl.&lt;init&gt;(DBConnectionFactoryImpl.java:211)
	... 25 more
Caused by: java.lang.reflect.InvocationTargetException
	at java.lang.reflect.Constructor.newInstance(Constructor.java:274)
	at com.topcoder.db.connectionfactory.DBConnectionFactoryImpl.&lt;init&gt;(DBConnectionFactoryImpl.java:190)
	... 25 more
Caused by: java.lang.ClassNotFoundException: The class name com.microsoft.sqlserver.jdbc.SQLServerDriver is invalid.
	at com.topcoder.db.connectionfactory.producers.JDBCConnectionProducer.&lt;init&gt;(JDBCConnectionProducer.java:236)
	... 29 more
Caused by: java.lang.ClassNotFoundException: com.microsoft.sqlserver.jdbc.SQLServerDriver
	at java.net.URLClassLoader$1.run(URLClassLoader.java:199)
	at java.security.AccessController.doPrivileged(Native Method)
	at java.net.URLClassLoader.findClass(URLClassLoader.java:187)
	at java.lang.ClassLoader.loadClass(ClassLoader.java:289)
	at sun.misc.Launcher$AppClassLoader.loadClass(Launcher.java:274)
	at java.lang.ClassLoader.loadClass(ClassLoader.java:235)
	at java.lang.ClassLoader.loadClassInternal(ClassLoader.java:302)
	at java.lang.Class.forName0(Native Method)
	at java.lang.Class.forName(Class.java:141)
	at com.topcoder.db.connectionfactory.producers.JDBCConnectionProducer.&lt;init&gt;(JDBCConnectionProducer.java:234)
	... 29 more
</error>
  </testcase>
  <testcase name="testUpdateAuction3" classname="com.orpheus.auction.persistence.failuretests.SQLServerAuctionDAOFailureTest" time="0.062">
    <error message="The com.topcoder.db.connectionfactory.DBConnectionFactory instance can&apos;t be created successfully., caused by The object can not be initialized., caused by null" type="com.orpheus.auction.persistence.ObjectInstantiationException">com.orpheus.auction.persistence.ObjectInstantiationException: The com.topcoder.db.connectionfactory.DBConnectionFactory instance can&apos;t be created successfully., caused by The object can not be initialized., caused by null
	at com.orpheus.auction.persistence.AuctionPersistenceHelper.createObject(AuctionPersistenceHelper.java:223)
	at com.orpheus.auction.persistence.impl.SQLServerAuctionDAO.&lt;init&gt;(SQLServerAuctionDAO.java:151)
	at com.orpheus.auction.persistence.failuretests.SQLServerAuctionDAOFailureTest.setUp(SQLServerAuctionDAOFailureTest.java:45)
Caused by: com.topcoder.util.objectfactory.InvalidClassSpecificationException: The object can not be initialized., caused by null
	at com.topcoder.util.objectfactory.ObjectFactory.createObjectByReflection(ObjectFactory.java:623)
	at com.topcoder.util.objectfactory.ObjectFactory.createComplexSpecification(ObjectFactory.java:586)
	at com.topcoder.util.objectfactory.ObjectFactory.getObjectBySpecification(ObjectFactory.java:390)
	at com.topcoder.util.objectfactory.ObjectFactory.createObject(ObjectFactory.java:333)
	at com.topcoder.util.objectfactory.ObjectFactory.createObject(ObjectFactory.java:112)
	at com.orpheus.auction.persistence.AuctionPersistenceHelper.createObject(AuctionPersistenceHelper.java:215)
	... 16 more
Caused by: java.lang.reflect.InvocationTargetException
	at java.lang.reflect.Constructor.newInstance(Constructor.java:274)
	at com.topcoder.util.objectfactory.ObjectFactory.createObjectByReflection(ObjectFactory.java:611)
	... 21 more
Caused by: com.topcoder.db.connectionfactory.ConfigurationException: Unexpected errors- , caused by null
	at com.topcoder.db.connectionfactory.DBConnectionFactoryImpl.&lt;init&gt;(DBConnectionFactoryImpl.java:211)
	... 25 more
Caused by: java.lang.reflect.InvocationTargetException
	at java.lang.reflect.Constructor.newInstance(Constructor.java:274)
	at com.topcoder.db.connectionfactory.DBConnectionFactoryImpl.&lt;init&gt;(DBConnectionFactoryImpl.java:190)
	... 25 more
Caused by: java.lang.ClassNotFoundException: The class name com.microsoft.sqlserver.jdbc.SQLServerDriver is invalid.
	at com.topcoder.db.connectionfactory.producers.JDBCConnectionProducer.&lt;init&gt;(JDBCConnectionProducer.java:236)
	... 29 more
Caused by: java.lang.ClassNotFoundException: com.microsoft.sqlserver.jdbc.SQLServerDriver
	at java.net.URLClassLoader$1.run(URLClassLoader.java:199)
	at java.security.AccessController.doPrivileged(Native Method)
	at java.net.URLClassLoader.findClass(URLClassLoader.java:187)
	at java.lang.ClassLoader.loadClass(ClassLoader.java:289)
	at sun.misc.Launcher$AppClassLoader.loadClass(Launcher.java:274)
	at java.lang.ClassLoader.loadClass(ClassLoader.java:235)
	at java.lang.ClassLoader.loadClassInternal(ClassLoader.java:302)
	at java.lang.Class.forName0(Native Method)
	at java.lang.Class.forName(Class.java:141)
	at com.topcoder.db.connectionfactory.producers.JDBCConnectionProducer.&lt;init&gt;(JDBCConnectionProducer.java:234)
	... 29 more
Caused by:com.topcoder.util.objectfactory.InvalidClassSpecificationException: The object can not be initialized., caused by null
	at com.topcoder.util.objectfactory.ObjectFactory.createObjectByReflection(ObjectFactory.java:623)
	at com.topcoder.util.objectfactory.ObjectFactory.createComplexSpecification(ObjectFactory.java:586)
	at com.topcoder.util.objectfactory.ObjectFactory.getObjectBySpecification(ObjectFactory.java:390)
	at com.topcoder.util.objectfactory.ObjectFactory.createObject(ObjectFactory.java:333)
	at com.topcoder.util.objectfactory.ObjectFactory.createObject(ObjectFactory.java:112)
	at com.orpheus.auction.persistence.AuctionPersistenceHelper.createObject(AuctionPersistenceHelper.java:215)
	at com.orpheus.auction.persistence.impl.SQLServerAuctionDAO.&lt;init&gt;(SQLServerAuctionDAO.java:151)
	at com.orpheus.auction.persistence.failuretests.SQLServerAuctionDAOFailureTest.setUp(SQLServerAuctionDAOFailureTest.java:45)
Caused by: java.lang.reflect.InvocationTargetException
	at java.lang.reflect.Constructor.newInstance(Constructor.java:274)
	at com.topcoder.util.objectfactory.ObjectFactory.createObjectByReflection(ObjectFactory.java:611)
	... 21 more
Caused by: com.topcoder.db.connectionfactory.ConfigurationException: Unexpected errors- , caused by null
	at com.topcoder.db.connectionfactory.DBConnectionFactoryImpl.&lt;init&gt;(DBConnectionFactoryImpl.java:211)
	... 25 more
Caused by: java.lang.reflect.InvocationTargetException
	at java.lang.reflect.Constructor.newInstance(Constructor.java:274)
	at com.topcoder.db.connectionfactory.DBConnectionFactoryImpl.&lt;init&gt;(DBConnectionFactoryImpl.java:190)
	... 25 more
Caused by: java.lang.ClassNotFoundException: The class name com.microsoft.sqlserver.jdbc.SQLServerDriver is invalid.
	at com.topcoder.db.connectionfactory.producers.JDBCConnectionProducer.&lt;init&gt;(JDBCConnectionProducer.java:236)
	... 29 more
Caused by: java.lang.ClassNotFoundException: com.microsoft.sqlserver.jdbc.SQLServerDriver
	at java.net.URLClassLoader$1.run(URLClassLoader.java:199)
	at java.security.AccessController.doPrivileged(Native Method)
	at java.net.URLClassLoader.findClass(URLClassLoader.java:187)
	at java.lang.ClassLoader.loadClass(ClassLoader.java:289)
	at sun.misc.Launcher$AppClassLoader.loadClass(Launcher.java:274)
	at java.lang.ClassLoader.loadClass(ClassLoader.java:235)
	at java.lang.ClassLoader.loadClassInternal(ClassLoader.java:302)
	at java.lang.Class.forName0(Native Method)
	at java.lang.Class.forName(Class.java:141)
	at com.topcoder.db.connectionfactory.producers.JDBCConnectionProducer.&lt;init&gt;(JDBCConnectionProducer.java:234)
	... 29 more
Caused by:java.lang.reflect.InvocationTargetException
	at java.lang.reflect.Constructor.newInstance(Constructor.java:274)
	at com.topcoder.util.objectfactory.ObjectFactory.createObjectByReflection(ObjectFactory.java:611)
	at com.topcoder.util.objectfactory.ObjectFactory.createComplexSpecification(ObjectFactory.java:586)
	at com.topcoder.util.objectfactory.ObjectFactory.getObjectBySpecification(ObjectFactory.java:390)
	at com.topcoder.util.objectfactory.ObjectFactory.createObject(ObjectFactory.java:333)
	at com.topcoder.util.objectfactory.ObjectFactory.createObject(ObjectFactory.java:112)
	at com.orpheus.auction.persistence.AuctionPersistenceHelper.createObject(AuctionPersistenceHelper.java:215)
	at com.orpheus.auction.persistence.impl.SQLServerAuctionDAO.&lt;init&gt;(SQLServerAuctionDAO.java:151)
	at com.orpheus.auction.persistence.failuretests.SQLServerAuctionDAOFailureTest.setUp(SQLServerAuctionDAOFailureTest.java:45)
Caused by: com.topcoder.db.connectionfactory.ConfigurationException: Unexpected errors- , caused by null
	at com.topcoder.db.connectionfactory.DBConnectionFactoryImpl.&lt;init&gt;(DBConnectionFactoryImpl.java:211)
	... 25 more
Caused by: java.lang.reflect.InvocationTargetException
	at java.lang.reflect.Constructor.newInstance(Constructor.java:274)
	at com.topcoder.db.connectionfactory.DBConnectionFactoryImpl.&lt;init&gt;(DBConnectionFactoryImpl.java:190)
	... 25 more
Caused by: java.lang.ClassNotFoundException: The class name com.microsoft.sqlserver.jdbc.SQLServerDriver is invalid.
	at com.topcoder.db.connectionfactory.producers.JDBCConnectionProducer.&lt;init&gt;(JDBCConnectionProducer.java:236)
	... 29 more
Caused by: java.lang.ClassNotFoundException: com.microsoft.sqlserver.jdbc.SQLServerDriver
	at java.net.URLClassLoader$1.run(URLClassLoader.java:199)
	at java.security.AccessController.doPrivileged(Native Method)
	at java.net.URLClassLoader.findClass(URLClassLoader.java:187)
	at java.lang.ClassLoader.loadClass(ClassLoader.java:289)
	at sun.misc.Launcher$AppClassLoader.loadClass(Launcher.java:274)
	at java.lang.ClassLoader.loadClass(ClassLoader.java:235)
	at java.lang.ClassLoader.loadClassInternal(ClassLoader.java:302)
	at java.lang.Class.forName0(Native Method)
	at java.lang.Class.forName(Class.java:141)
	at com.topcoder.db.connectionfactory.producers.JDBCConnectionProducer.&lt;init&gt;(JDBCConnectionProducer.java:234)
	... 29 more
</error>
  </testcase>
  <testcase name="testUpdateAuction4" classname="com.orpheus.auction.persistence.failuretests.SQLServerAuctionDAOFailureTest" time="0.047">
    <error message="The com.topcoder.db.connectionfactory.DBConnectionFactory instance can&apos;t be created successfully., caused by The object can not be initialized., caused by null" type="com.orpheus.auction.persistence.ObjectInstantiationException">com.orpheus.auction.persistence.ObjectInstantiationException: The com.topcoder.db.connectionfactory.DBConnectionFactory instance can&apos;t be created successfully., caused by The object can not be initialized., caused by null
	at com.orpheus.auction.persistence.AuctionPersistenceHelper.createObject(AuctionPersistenceHelper.java:223)
	at com.orpheus.auction.persistence.impl.SQLServerAuctionDAO.&lt;init&gt;(SQLServerAuctionDAO.java:151)
	at com.orpheus.auction.persistence.failuretests.SQLServerAuctionDAOFailureTest.setUp(SQLServerAuctionDAOFailureTest.java:45)
Caused by: com.topcoder.util.objectfactory.InvalidClassSpecificationException: The object can not be initialized., caused by null
	at com.topcoder.util.objectfactory.ObjectFactory.createObjectByReflection(ObjectFactory.java:623)
	at com.topcoder.util.objectfactory.ObjectFactory.createComplexSpecification(ObjectFactory.java:586)
	at com.topcoder.util.objectfactory.ObjectFactory.getObjectBySpecification(ObjectFactory.java:390)
	at com.topcoder.util.objectfactory.ObjectFactory.createObject(ObjectFactory.java:333)
	at com.topcoder.util.objectfactory.ObjectFactory.createObject(ObjectFactory.java:112)
	at com.orpheus.auction.persistence.AuctionPersistenceHelper.createObject(AuctionPersistenceHelper.java:215)
	... 16 more
Caused by: java.lang.reflect.InvocationTargetException
	at java.lang.reflect.Constructor.newInstance(Constructor.java:274)
	at com.topcoder.util.objectfactory.ObjectFactory.createObjectByReflection(ObjectFactory.java:611)
	... 21 more
Caused by: com.topcoder.db.connectionfactory.ConfigurationException: Unexpected errors- , caused by null
	at com.topcoder.db.connectionfactory.DBConnectionFactoryImpl.&lt;init&gt;(DBConnectionFactoryImpl.java:211)
	... 25 more
Caused by: java.lang.reflect.InvocationTargetException
	at java.lang.reflect.Constructor.newInstance(Constructor.java:274)
	at com.topcoder.db.connectionfactory.DBConnectionFactoryImpl.&lt;init&gt;(DBConnectionFactoryImpl.java:190)
	... 25 more
Caused by: java.lang.ClassNotFoundException: The class name com.microsoft.sqlserver.jdbc.SQLServerDriver is invalid.
	at com.topcoder.db.connectionfactory.producers.JDBCConnectionProducer.&lt;init&gt;(JDBCConnectionProducer.java:236)
	... 29 more
Caused by: java.lang.ClassNotFoundException: com.microsoft.sqlserver.jdbc.SQLServerDriver
	at java.net.URLClassLoader$1.run(URLClassLoader.java:199)
	at java.security.AccessController.doPrivileged(Native Method)
	at java.net.URLClassLoader.findClass(URLClassLoader.java:187)
	at java.lang.ClassLoader.loadClass(ClassLoader.java:289)
	at sun.misc.Launcher$AppClassLoader.loadClass(Launcher.java:274)
	at java.lang.ClassLoader.loadClass(ClassLoader.java:235)
	at java.lang.ClassLoader.loadClassInternal(ClassLoader.java:302)
	at java.lang.Class.forName0(Native Method)
	at java.lang.Class.forName(Class.java:141)
	at com.topcoder.db.connectionfactory.producers.JDBCConnectionProducer.&lt;init&gt;(JDBCConnectionProducer.java:234)
	... 29 more
Caused by:com.topcoder.util.objectfactory.InvalidClassSpecificationException: The object can not be initialized., caused by null
	at com.topcoder.util.objectfactory.ObjectFactory.createObjectByReflection(ObjectFactory.java:623)
	at com.topcoder.util.objectfactory.ObjectFactory.createComplexSpecification(ObjectFactory.java:586)
	at com.topcoder.util.objectfactory.ObjectFactory.getObjectBySpecification(ObjectFactory.java:390)
	at com.topcoder.util.objectfactory.ObjectFactory.createObject(ObjectFactory.java:333)
	at com.topcoder.util.objectfactory.ObjectFactory.createObject(ObjectFactory.java:112)
	at com.orpheus.auction.persistence.AuctionPersistenceHelper.createObject(AuctionPersistenceHelper.java:215)
	at com.orpheus.auction.persistence.impl.SQLServerAuctionDAO.&lt;init&gt;(SQLServerAuctionDAO.java:151)
	at com.orpheus.auction.persistence.failuretests.SQLServerAuctionDAOFailureTest.setUp(SQLServerAuctionDAOFailureTest.java:45)
Caused by: java.lang.reflect.InvocationTargetException
	at java.lang.reflect.Constructor.newInstance(Constructor.java:274)
	at com.topcoder.util.objectfactory.ObjectFactory.createObjectByReflection(ObjectFactory.java:611)
	... 21 more
Caused by: com.topcoder.db.connectionfactory.ConfigurationException: Unexpected errors- , caused by null
	at com.topcoder.db.connectionfactory.DBConnectionFactoryImpl.&lt;init&gt;(DBConnectionFactoryImpl.java:211)
	... 25 more
Caused by: java.lang.reflect.InvocationTargetException
	at java.lang.reflect.Constructor.newInstance(Constructor.java:274)
	at com.topcoder.db.connectionfactory.DBConnectionFactoryImpl.&lt;init&gt;(DBConnectionFactoryImpl.java:190)
	... 25 more
Caused by: java.lang.ClassNotFoundException: The class name com.microsoft.sqlserver.jdbc.SQLServerDriver is invalid.
	at com.topcoder.db.connectionfactory.producers.JDBCConnectionProducer.&lt;init&gt;(JDBCConnectionProducer.java:236)
	... 29 more
Caused by: java.lang.ClassNotFoundException: com.microsoft.sqlserver.jdbc.SQLServerDriver
	at java.net.URLClassLoader$1.run(URLClassLoader.java:199)
	at java.security.AccessController.doPrivileged(Native Method)
	at java.net.URLClassLoader.findClass(URLClassLoader.java:187)
	at java.lang.ClassLoader.loadClass(ClassLoader.java:289)
	at sun.misc.Launcher$AppClassLoader.loadClass(Launcher.java:274)
	at java.lang.ClassLoader.loadClass(ClassLoader.java:235)
	at java.lang.ClassLoader.loadClassInternal(ClassLoader.java:302)
	at java.lang.Class.forName0(Native Method)
	at java.lang.Class.forName(Class.java:141)
	at com.topcoder.db.connectionfactory.producers.JDBCConnectionProducer.&lt;init&gt;(JDBCConnectionProducer.java:234)
	... 29 more
Caused by:java.lang.reflect.InvocationTargetException
	at java.lang.reflect.Constructor.newInstance(Constructor.java:274)
	at com.topcoder.util.objectfactory.ObjectFactory.createObjectByReflection(ObjectFactory.java:611)
	at com.topcoder.util.objectfactory.ObjectFactory.createComplexSpecification(ObjectFactory.java:586)
	at com.topcoder.util.objectfactory.ObjectFactory.getObjectBySpecification(ObjectFactory.java:390)
	at com.topcoder.util.objectfactory.ObjectFactory.createObject(ObjectFactory.java:333)
	at com.topcoder.util.objectfactory.ObjectFactory.createObject(ObjectFactory.java:112)
	at com.orpheus.auction.persistence.AuctionPersistenceHelper.createObject(AuctionPersistenceHelper.java:215)
	at com.orpheus.auction.persistence.impl.SQLServerAuctionDAO.&lt;init&gt;(SQLServerAuctionDAO.java:151)
	at com.orpheus.auction.persistence.failuretests.SQLServerAuctionDAOFailureTest.setUp(SQLServerAuctionDAOFailureTest.java:45)
Caused by: com.topcoder.db.connectionfactory.ConfigurationException: Unexpected errors- , caused by null
	at com.topcoder.db.connectionfactory.DBConnectionFactoryImpl.&lt;init&gt;(DBConnectionFactoryImpl.java:211)
	... 25 more
Caused by: java.lang.reflect.InvocationTargetException
	at java.lang.reflect.Constructor.newInstance(Constructor.java:274)
	at com.topcoder.db.connectionfactory.DBConnectionFactoryImpl.&lt;init&gt;(DBConnectionFactoryImpl.java:190)
	... 25 more
Caused by: java.lang.ClassNotFoundException: The class name com.microsoft.sqlserver.jdbc.SQLServerDriver is invalid.
	at com.topcoder.db.connectionfactory.producers.JDBCConnectionProducer.&lt;init&gt;(JDBCConnectionProducer.java:236)
	... 29 more
Caused by: java.lang.ClassNotFoundException: com.microsoft.sqlserver.jdbc.SQLServerDriver
	at java.net.URLClassLoader$1.run(URLClassLoader.java:199)
	at java.security.AccessController.doPrivileged(Native Method)
	at java.net.URLClassLoader.findClass(URLClassLoader.java:187)
	at java.lang.ClassLoader.loadClass(ClassLoader.java:289)
	at sun.misc.Launcher$AppClassLoader.loadClass(Launcher.java:274)
	at java.lang.ClassLoader.loadClass(ClassLoader.java:235)
	at java.lang.ClassLoader.loadClassInternal(ClassLoader.java:302)
	at java.lang.Class.forName0(Native Method)
	at java.lang.Class.forName(Class.java:141)
	at com.topcoder.db.connectionfactory.producers.JDBCConnectionProducer.&lt;init&gt;(JDBCConnectionProducer.java:234)
	... 29 more
</error>
  </testcase>
  <testcase name="testUpdateAuction5" classname="com.orpheus.auction.persistence.failuretests.SQLServerAuctionDAOFailureTest" time="0.063">
    <error message="The com.topcoder.db.connectionfactory.DBConnectionFactory instance can&apos;t be created successfully., caused by The object can not be initialized., caused by null" type="com.orpheus.auction.persistence.ObjectInstantiationException">com.orpheus.auction.persistence.ObjectInstantiationException: The com.topcoder.db.connectionfactory.DBConnectionFactory instance can&apos;t be created successfully., caused by The object can not be initialized., caused by null
	at com.orpheus.auction.persistence.AuctionPersistenceHelper.createObject(AuctionPersistenceHelper.java:223)
	at com.orpheus.auction.persistence.impl.SQLServerAuctionDAO.&lt;init&gt;(SQLServerAuctionDAO.java:151)
	at com.orpheus.auction.persistence.failuretests.SQLServerAuctionDAOFailureTest.setUp(SQLServerAuctionDAOFailureTest.java:45)
Caused by: com.topcoder.util.objectfactory.InvalidClassSpecificationException: The object can not be initialized., caused by null
	at com.topcoder.util.objectfactory.ObjectFactory.createObjectByReflection(ObjectFactory.java:623)
	at com.topcoder.util.objectfactory.ObjectFactory.createComplexSpecification(ObjectFactory.java:586)
	at com.topcoder.util.objectfactory.ObjectFactory.getObjectBySpecification(ObjectFactory.java:390)
	at com.topcoder.util.objectfactory.ObjectFactory.createObject(ObjectFactory.java:333)
	at com.topcoder.util.objectfactory.ObjectFactory.createObject(ObjectFactory.java:112)
	at com.orpheus.auction.persistence.AuctionPersistenceHelper.createObject(AuctionPersistenceHelper.java:215)
	... 16 more
Caused by: java.lang.reflect.InvocationTargetException
	at java.lang.reflect.Constructor.newInstance(Constructor.java:274)
	at com.topcoder.util.objectfactory.ObjectFactory.createObjectByReflection(ObjectFactory.java:611)
	... 21 more
Caused by: com.topcoder.db.connectionfactory.ConfigurationException: Unexpected errors- , caused by null
	at com.topcoder.db.connectionfactory.DBConnectionFactoryImpl.&lt;init&gt;(DBConnectionFactoryImpl.java:211)
	... 25 more
Caused by: java.lang.reflect.InvocationTargetException
	at java.lang.reflect.Constructor.newInstance(Constructor.java:274)
	at com.topcoder.db.connectionfactory.DBConnectionFactoryImpl.&lt;init&gt;(DBConnectionFactoryImpl.java:190)
	... 25 more
Caused by: java.lang.ClassNotFoundException: The class name com.microsoft.sqlserver.jdbc.SQLServerDriver is invalid.
	at com.topcoder.db.connectionfactory.producers.JDBCConnectionProducer.&lt;init&gt;(JDBCConnectionProducer.java:236)
	... 29 more
Caused by: java.lang.ClassNotFoundException: com.microsoft.sqlserver.jdbc.SQLServerDriver
	at java.net.URLClassLoader$1.run(URLClassLoader.java:199)
	at java.security.AccessController.doPrivileged(Native Method)
	at java.net.URLClassLoader.findClass(URLClassLoader.java:187)
	at java.lang.ClassLoader.loadClass(ClassLoader.java:289)
	at sun.misc.Launcher$AppClassLoader.loadClass(Launcher.java:274)
	at java.lang.ClassLoader.loadClass(ClassLoader.java:235)
	at java.lang.ClassLoader.loadClassInternal(ClassLoader.java:302)
	at java.lang.Class.forName0(Native Method)
	at java.lang.Class.forName(Class.java:141)
	at com.topcoder.db.connectionfactory.producers.JDBCConnectionProducer.&lt;init&gt;(JDBCConnectionProducer.java:234)
	... 29 more
Caused by:com.topcoder.util.objectfactory.InvalidClassSpecificationException: The object can not be initialized., caused by null
	at com.topcoder.util.objectfactory.ObjectFactory.createObjectByReflection(ObjectFactory.java:623)
	at com.topcoder.util.objectfactory.ObjectFactory.createComplexSpecification(ObjectFactory.java:586)
	at com.topcoder.util.objectfactory.ObjectFactory.getObjectBySpecification(ObjectFactory.java:390)
	at com.topcoder.util.objectfactory.ObjectFactory.createObject(ObjectFactory.java:333)
	at com.topcoder.util.objectfactory.ObjectFactory.createObject(ObjectFactory.java:112)
	at com.orpheus.auction.persistence.AuctionPersistenceHelper.createObject(AuctionPersistenceHelper.java:215)
	at com.orpheus.auction.persistence.impl.SQLServerAuctionDAO.&lt;init&gt;(SQLServerAuctionDAO.java:151)
	at com.orpheus.auction.persistence.failuretests.SQLServerAuctionDAOFailureTest.setUp(SQLServerAuctionDAOFailureTest.java:45)
Caused by: java.lang.reflect.InvocationTargetException
	at java.lang.reflect.Constructor.newInstance(Constructor.java:274)
	at com.topcoder.util.objectfactory.ObjectFactory.createObjectByReflection(ObjectFactory.java:611)
	... 21 more
Caused by: com.topcoder.db.connectionfactory.ConfigurationException: Unexpected errors- , caused by null
	at com.topcoder.db.connectionfactory.DBConnectionFactoryImpl.&lt;init&gt;(DBConnectionFactoryImpl.java:211)
	... 25 more
Caused by: java.lang.reflect.InvocationTargetException
	at java.lang.reflect.Constructor.newInstance(Constructor.java:274)
	at com.topcoder.db.connectionfactory.DBConnectionFactoryImpl.&lt;init&gt;(DBConnectionFactoryImpl.java:190)
	... 25 more
Caused by: java.lang.ClassNotFoundException: The class name com.microsoft.sqlserver.jdbc.SQLServerDriver is invalid.
	at com.topcoder.db.connectionfactory.producers.JDBCConnectionProducer.&lt;init&gt;(JDBCConnectionProducer.java:236)
	... 29 more
Caused by: java.lang.ClassNotFoundException: com.microsoft.sqlserver.jdbc.SQLServerDriver
	at java.net.URLClassLoader$1.run(URLClassLoader.java:199)
	at java.security.AccessController.doPrivileged(Native Method)
	at java.net.URLClassLoader.findClass(URLClassLoader.java:187)
	at java.lang.ClassLoader.loadClass(ClassLoader.java:289)
	at sun.misc.Launcher$AppClassLoader.loadClass(Launcher.java:274)
	at java.lang.ClassLoader.loadClass(ClassLoader.java:235)
	at java.lang.ClassLoader.loadClassInternal(ClassLoader.java:302)
	at java.lang.Class.forName0(Native Method)
	at java.lang.Class.forName(Class.java:141)
	at com.topcoder.db.connectionfactory.producers.JDBCConnectionProducer.&lt;init&gt;(JDBCConnectionProducer.java:234)
	... 29 more
Caused by:java.lang.reflect.InvocationTargetException
	at java.lang.reflect.Constructor.newInstance(Constructor.java:274)
	at com.topcoder.util.objectfactory.ObjectFactory.createObjectByReflection(ObjectFactory.java:611)
	at com.topcoder.util.objectfactory.ObjectFactory.createComplexSpecification(ObjectFactory.java:586)
	at com.topcoder.util.objectfactory.ObjectFactory.getObjectBySpecification(ObjectFactory.java:390)
	at com.topcoder.util.objectfactory.ObjectFactory.createObject(ObjectFactory.java:333)
	at com.topcoder.util.objectfactory.ObjectFactory.createObject(ObjectFactory.java:112)
	at com.orpheus.auction.persistence.AuctionPersistenceHelper.createObject(AuctionPersistenceHelper.java:215)
	at com.orpheus.auction.persistence.impl.SQLServerAuctionDAO.&lt;init&gt;(SQLServerAuctionDAO.java:151)
	at com.orpheus.auction.persistence.failuretests.SQLServerAuctionDAOFailureTest.setUp(SQLServerAuctionDAOFailureTest.java:45)
Caused by: com.topcoder.db.connectionfactory.ConfigurationException: Unexpected errors- , caused by null
	at com.topcoder.db.connectionfactory.DBConnectionFactoryImpl.&lt;init&gt;(DBConnectionFactoryImpl.java:211)
	... 25 more
Caused by: java.lang.reflect.InvocationTargetException
	at java.lang.reflect.Constructor.newInstance(Constructor.java:274)
	at com.topcoder.db.connectionfactory.DBConnectionFactoryImpl.&lt;init&gt;(DBConnectionFactoryImpl.java:190)
	... 25 more
Caused by: java.lang.ClassNotFoundException: The class name com.microsoft.sqlserver.jdbc.SQLServerDriver is invalid.
	at com.topcoder.db.connectionfactory.producers.JDBCConnectionProducer.&lt;init&gt;(JDBCConnectionProducer.java:236)
	... 29 more
Caused by: java.lang.ClassNotFoundException: com.microsoft.sqlserver.jdbc.SQLServerDriver
	at java.net.URLClassLoader$1.run(URLClassLoader.java:199)
	at java.security.AccessController.doPrivileged(Native Method)
	at java.net.URLClassLoader.findClass(URLClassLoader.java:187)
	at java.lang.ClassLoader.loadClass(ClassLoader.java:289)
	at sun.misc.Launcher$AppClassLoader.loadClass(Launcher.java:274)
	at java.lang.ClassLoader.loadClass(ClassLoader.java:235)
	at java.lang.ClassLoader.loadClassInternal(ClassLoader.java:302)
	at java.lang.Class.forName0(Native Method)
	at java.lang.Class.forName(Class.java:141)
	at com.topcoder.db.connectionfactory.producers.JDBCConnectionProducer.&lt;init&gt;(JDBCConnectionProducer.java:234)
	... 29 more
</error>
  </testcase>
  <testcase name="testUpdateAuction6" classname="com.orpheus.auction.persistence.failuretests.SQLServerAuctionDAOFailureTest" time="0.062">
    <error message="The com.topcoder.db.connectionfactory.DBConnectionFactory instance can&apos;t be created successfully., caused by The object can not be initialized., caused by null" type="com.orpheus.auction.persistence.ObjectInstantiationException">com.orpheus.auction.persistence.ObjectInstantiationException: The com.topcoder.db.connectionfactory.DBConnectionFactory instance can&apos;t be created successfully., caused by The object can not be initialized., caused by null
	at com.orpheus.auction.persistence.AuctionPersistenceHelper.createObject(AuctionPersistenceHelper.java:223)
	at com.orpheus.auction.persistence.impl.SQLServerAuctionDAO.&lt;init&gt;(SQLServerAuctionDAO.java:151)
	at com.orpheus.auction.persistence.failuretests.SQLServerAuctionDAOFailureTest.setUp(SQLServerAuctionDAOFailureTest.java:45)
Caused by: com.topcoder.util.objectfactory.InvalidClassSpecificationException: The object can not be initialized., caused by null
	at com.topcoder.util.objectfactory.ObjectFactory.createObjectByReflection(ObjectFactory.java:623)
	at com.topcoder.util.objectfactory.ObjectFactory.createComplexSpecification(ObjectFactory.java:586)
	at com.topcoder.util.objectfactory.ObjectFactory.getObjectBySpecification(ObjectFactory.java:390)
	at com.topcoder.util.objectfactory.ObjectFactory.createObject(ObjectFactory.java:333)
	at com.topcoder.util.objectfactory.ObjectFactory.createObject(ObjectFactory.java:112)
	at com.orpheus.auction.persistence.AuctionPersistenceHelper.createObject(AuctionPersistenceHelper.java:215)
	... 16 more
Caused by: java.lang.reflect.InvocationTargetException
	at java.lang.reflect.Constructor.newInstance(Constructor.java:274)
	at com.topcoder.util.objectfactory.ObjectFactory.createObjectByReflection(ObjectFactory.java:611)
	... 21 more
Caused by: com.topcoder.db.connectionfactory.ConfigurationException: Unexpected errors- , caused by null
	at com.topcoder.db.connectionfactory.DBConnectionFactoryImpl.&lt;init&gt;(DBConnectionFactoryImpl.java:211)
	... 25 more
Caused by: java.lang.reflect.InvocationTargetException
	at java.lang.reflect.Constructor.newInstance(Constructor.java:274)
	at com.topcoder.db.connectionfactory.DBConnectionFactoryImpl.&lt;init&gt;(DBConnectionFactoryImpl.java:190)
	... 25 more
Caused by: java.lang.ClassNotFoundException: The class name com.microsoft.sqlserver.jdbc.SQLServerDriver is invalid.
	at com.topcoder.db.connectionfactory.producers.JDBCConnectionProducer.&lt;init&gt;(JDBCConnectionProducer.java:236)
	... 29 more
Caused by: java.lang.ClassNotFoundException: com.microsoft.sqlserver.jdbc.SQLServerDriver
	at java.net.URLClassLoader$1.run(URLClassLoader.java:199)
	at java.security.AccessController.doPrivileged(Native Method)
	at java.net.URLClassLoader.findClass(URLClassLoader.java:187)
	at java.lang.ClassLoader.loadClass(ClassLoader.java:289)
	at sun.misc.Launcher$AppClassLoader.loadClass(Launcher.java:274)
	at java.lang.ClassLoader.loadClass(ClassLoader.java:235)
	at java.lang.ClassLoader.loadClassInternal(ClassLoader.java:302)
	at java.lang.Class.forName0(Native Method)
	at java.lang.Class.forName(Class.java:141)
	at com.topcoder.db.connectionfactory.producers.JDBCConnectionProducer.&lt;init&gt;(JDBCConnectionProducer.java:234)
	... 29 more
Caused by:com.topcoder.util.objectfactory.InvalidClassSpecificationException: The object can not be initialized., caused by null
	at com.topcoder.util.objectfactory.ObjectFactory.createObjectByReflection(ObjectFactory.java:623)
	at com.topcoder.util.objectfactory.ObjectFactory.createComplexSpecification(ObjectFactory.java:586)
	at com.topcoder.util.objectfactory.ObjectFactory.getObjectBySpecification(ObjectFactory.java:390)
	at com.topcoder.util.objectfactory.ObjectFactory.createObject(ObjectFactory.java:333)
	at com.topcoder.util.objectfactory.ObjectFactory.createObject(ObjectFactory.java:112)
	at com.orpheus.auction.persistence.AuctionPersistenceHelper.createObject(AuctionPersistenceHelper.java:215)
	at com.orpheus.auction.persistence.impl.SQLServerAuctionDAO.&lt;init&gt;(SQLServerAuctionDAO.java:151)
	at com.orpheus.auction.persistence.failuretests.SQLServerAuctionDAOFailureTest.setUp(SQLServerAuctionDAOFailureTest.java:45)
Caused by: java.lang.reflect.InvocationTargetException
	at java.lang.reflect.Constructor.newInstance(Constructor.java:274)
	at com.topcoder.util.objectfactory.ObjectFactory.createObjectByReflection(ObjectFactory.java:611)
	... 21 more
Caused by: com.topcoder.db.connectionfactory.ConfigurationException: Unexpected errors- , caused by null
	at com.topcoder.db.connectionfactory.DBConnectionFactoryImpl.&lt;init&gt;(DBConnectionFactoryImpl.java:211)
	... 25 more
Caused by: java.lang.reflect.InvocationTargetException
	at java.lang.reflect.Constructor.newInstance(Constructor.java:274)
	at com.topcoder.db.connectionfactory.DBConnectionFactoryImpl.&lt;init&gt;(DBConnectionFactoryImpl.java:190)
	... 25 more
Caused by: java.lang.ClassNotFoundException: The class name com.microsoft.sqlserver.jdbc.SQLServerDriver is invalid.
	at com.topcoder.db.connectionfactory.producers.JDBCConnectionProducer.&lt;init&gt;(JDBCConnectionProducer.java:236)
	... 29 more
Caused by: java.lang.ClassNotFoundException: com.microsoft.sqlserver.jdbc.SQLServerDriver
	at java.net.URLClassLoader$1.run(URLClassLoader.java:199)
	at java.security.AccessController.doPrivileged(Native Method)
	at java.net.URLClassLoader.findClass(URLClassLoader.java:187)
	at java.lang.ClassLoader.loadClass(ClassLoader.java:289)
	at sun.misc.Launcher$AppClassLoader.loadClass(Launcher.java:274)
	at java.lang.ClassLoader.loadClass(ClassLoader.java:235)
	at java.lang.ClassLoader.loadClassInternal(ClassLoader.java:302)
	at java.lang.Class.forName0(Native Method)
	at java.lang.Class.forName(Class.java:141)
	at com.topcoder.db.connectionfactory.producers.JDBCConnectionProducer.&lt;init&gt;(JDBCConnectionProducer.java:234)
	... 29 more
Caused by:java.lang.reflect.InvocationTargetException
	at java.lang.reflect.Constructor.newInstance(Constructor.java:274)
	at com.topcoder.util.objectfactory.ObjectFactory.createObjectByReflection(ObjectFactory.java:611)
	at com.topcoder.util.objectfactory.ObjectFactory.createComplexSpecification(ObjectFactory.java:586)
	at com.topcoder.util.objectfactory.ObjectFactory.getObjectBySpecification(ObjectFactory.java:390)
	at com.topcoder.util.objectfactory.ObjectFactory.createObject(ObjectFactory.java:333)
	at com.topcoder.util.objectfactory.ObjectFactory.createObject(ObjectFactory.java:112)
	at com.orpheus.auction.persistence.AuctionPersistenceHelper.createObject(AuctionPersistenceHelper.java:215)
	at com.orpheus.auction.persistence.impl.SQLServerAuctionDAO.&lt;init&gt;(SQLServerAuctionDAO.java:151)
	at com.orpheus.auction.persistence.failuretests.SQLServerAuctionDAOFailureTest.setUp(SQLServerAuctionDAOFailureTest.java:45)
Caused by: com.topcoder.db.connectionfactory.ConfigurationException: Unexpected errors- , caused by null
	at com.topcoder.db.connectionfactory.DBConnectionFactoryImpl.&lt;init&gt;(DBConnectionFactoryImpl.java:211)
	... 25 more
Caused by: java.lang.reflect.InvocationTargetException
	at java.lang.reflect.Constructor.newInstance(Constructor.java:274)
	at com.topcoder.db.connectionfactory.DBConnectionFactoryImpl.&lt;init&gt;(DBConnectionFactoryImpl.java:190)
	... 25 more
Caused by: java.lang.ClassNotFoundException: The class name com.microsoft.sqlserver.jdbc.SQLServerDriver is invalid.
	at com.topcoder.db.connectionfactory.producers.JDBCConnectionProducer.&lt;init&gt;(JDBCConnectionProducer.java:236)
	... 29 more
Caused by: java.lang.ClassNotFoundException: com.microsoft.sqlserver.jdbc.SQLServerDriver
	at java.net.URLClassLoader$1.run(URLClassLoader.java:199)
	at java.security.AccessController.doPrivileged(Native Method)
	at java.net.URLClassLoader.findClass(URLClassLoader.java:187)
	at java.lang.ClassLoader.loadClass(ClassLoader.java:289)
	at sun.misc.Launcher$AppClassLoader.loadClass(Launcher.java:274)
	at java.lang.ClassLoader.loadClass(ClassLoader.java:235)
	at java.lang.ClassLoader.loadClassInternal(ClassLoader.java:302)
	at java.lang.Class.forName0(Native Method)
	at java.lang.Class.forName(Class.java:141)
	at com.topcoder.db.connectionfactory.producers.JDBCConnectionProducer.&lt;init&gt;(JDBCConnectionProducer.java:234)
	... 29 more
</error>
  </testcase>
  <testcase name="testUpdateAuction7" classname="com.orpheus.auction.persistence.failuretests.SQLServerAuctionDAOFailureTest" time="0.047">
    <error message="The com.topcoder.db.connectionfactory.DBConnectionFactory instance can&apos;t be created successfully., caused by The object can not be initialized., caused by null" type="com.orpheus.auction.persistence.ObjectInstantiationException">com.orpheus.auction.persistence.ObjectInstantiationException: The com.topcoder.db.connectionfactory.DBConnectionFactory instance can&apos;t be created successfully., caused by The object can not be initialized., caused by null
	at com.orpheus.auction.persistence.AuctionPersistenceHelper.createObject(AuctionPersistenceHelper.java:223)
	at com.orpheus.auction.persistence.impl.SQLServerAuctionDAO.&lt;init&gt;(SQLServerAuctionDAO.java:151)
	at com.orpheus.auction.persistence.failuretests.SQLServerAuctionDAOFailureTest.setUp(SQLServerAuctionDAOFailureTest.java:45)
Caused by: com.topcoder.util.objectfactory.InvalidClassSpecificationException: The object can not be initialized., caused by null
	at com.topcoder.util.objectfactory.ObjectFactory.createObjectByReflection(ObjectFactory.java:623)
	at com.topcoder.util.objectfactory.ObjectFactory.createComplexSpecification(ObjectFactory.java:586)
	at com.topcoder.util.objectfactory.ObjectFactory.getObjectBySpecification(ObjectFactory.java:390)
	at com.topcoder.util.objectfactory.ObjectFactory.createObject(ObjectFactory.java:333)
	at com.topcoder.util.objectfactory.ObjectFactory.createObject(ObjectFactory.java:112)
	at com.orpheus.auction.persistence.AuctionPersistenceHelper.createObject(AuctionPersistenceHelper.java:215)
	... 16 more
Caused by: java.lang.reflect.InvocationTargetException
	at java.lang.reflect.Constructor.newInstance(Constructor.java:274)
	at com.topcoder.util.objectfactory.ObjectFactory.createObjectByReflection(ObjectFactory.java:611)
	... 21 more
Caused by: com.topcoder.db.connectionfactory.ConfigurationException: Unexpected errors- , caused by null
	at com.topcoder.db.connectionfactory.DBConnectionFactoryImpl.&lt;init&gt;(DBConnectionFactoryImpl.java:211)
	... 25 more
Caused by: java.lang.reflect.InvocationTargetException
	at java.lang.reflect.Constructor.newInstance(Constructor.java:274)
	at com.topcoder.db.connectionfactory.DBConnectionFactoryImpl.&lt;init&gt;(DBConnectionFactoryImpl.java:190)
	... 25 more
Caused by: java.lang.ClassNotFoundException: The class name com.microsoft.sqlserver.jdbc.SQLServerDriver is invalid.
	at com.topcoder.db.connectionfactory.producers.JDBCConnectionProducer.&lt;init&gt;(JDBCConnectionProducer.java:236)
	... 29 more
Caused by: java.lang.ClassNotFoundException: com.microsoft.sqlserver.jdbc.SQLServerDriver
	at java.net.URLClassLoader$1.run(URLClassLoader.java:199)
	at java.security.AccessController.doPrivileged(Native Method)
	at java.net.URLClassLoader.findClass(URLClassLoader.java:187)
	at java.lang.ClassLoader.loadClass(ClassLoader.java:289)
	at sun.misc.Launcher$AppClassLoader.loadClass(Launcher.java:274)
	at java.lang.ClassLoader.loadClass(ClassLoader.java:235)
	at java.lang.ClassLoader.loadClassInternal(ClassLoader.java:302)
	at java.lang.Class.forName0(Native Method)
	at java.lang.Class.forName(Class.java:141)
	at com.topcoder.db.connectionfactory.producers.JDBCConnectionProducer.&lt;init&gt;(JDBCConnectionProducer.java:234)
	... 29 more
Caused by:com.topcoder.util.objectfactory.InvalidClassSpecificationException: The object can not be initialized., caused by null
	at com.topcoder.util.objectfactory.ObjectFactory.createObjectByReflection(ObjectFactory.java:623)
	at com.topcoder.util.objectfactory.ObjectFactory.createComplexSpecification(ObjectFactory.java:586)
	at com.topcoder.util.objectfactory.ObjectFactory.getObjectBySpecification(ObjectFactory.java:390)
	at com.topcoder.util.objectfactory.ObjectFactory.createObject(ObjectFactory.java:333)
	at com.topcoder.util.objectfactory.ObjectFactory.createObject(ObjectFactory.java:112)
	at com.orpheus.auction.persistence.AuctionPersistenceHelper.createObject(AuctionPersistenceHelper.java:215)
	at com.orpheus.auction.persistence.impl.SQLServerAuctionDAO.&lt;init&gt;(SQLServerAuctionDAO.java:151)
	at com.orpheus.auction.persistence.failuretests.SQLServerAuctionDAOFailureTest.setUp(SQLServerAuctionDAOFailureTest.java:45)
Caused by: java.lang.reflect.InvocationTargetException
	at java.lang.reflect.Constructor.newInstance(Constructor.java:274)
	at com.topcoder.util.objectfactory.ObjectFactory.createObjectByReflection(ObjectFactory.java:611)
	... 21 more
Caused by: com.topcoder.db.connectionfactory.ConfigurationException: Unexpected errors- , caused by null
	at com.topcoder.db.connectionfactory.DBConnectionFactoryImpl.&lt;init&gt;(DBConnectionFactoryImpl.java:211)
	... 25 more
Caused by: java.lang.reflect.InvocationTargetException
	at java.lang.reflect.Constructor.newInstance(Constructor.java:274)
	at com.topcoder.db.connectionfactory.DBConnectionFactoryImpl.&lt;init&gt;(DBConnectionFactoryImpl.java:190)
	... 25 more
Caused by: java.lang.ClassNotFoundException: The class name com.microsoft.sqlserver.jdbc.SQLServerDriver is invalid.
	at com.topcoder.db.connectionfactory.producers.JDBCConnectionProducer.&lt;init&gt;(JDBCConnectionProducer.java:236)
	... 29 more
Caused by: java.lang.ClassNotFoundException: com.microsoft.sqlserver.jdbc.SQLServerDriver
	at java.net.URLClassLoader$1.run(URLClassLoader.java:199)
	at java.security.AccessController.doPrivileged(Native Method)
	at java.net.URLClassLoader.findClass(URLClassLoader.java:187)
	at java.lang.ClassLoader.loadClass(ClassLoader.java:289)
	at sun.misc.Launcher$AppClassLoader.loadClass(Launcher.java:274)
	at java.lang.ClassLoader.loadClass(ClassLoader.java:235)
	at java.lang.ClassLoader.loadClassInternal(ClassLoader.java:302)
	at java.lang.Class.forName0(Native Method)
	at java.lang.Class.forName(Class.java:141)
	at com.topcoder.db.connectionfactory.producers.JDBCConnectionProducer.&lt;init&gt;(JDBCConnectionProducer.java:234)
	... 29 more
Caused by:java.lang.reflect.InvocationTargetException
	at java.lang.reflect.Constructor.newInstance(Constructor.java:274)
	at com.topcoder.util.objectfactory.ObjectFactory.createObjectByReflection(ObjectFactory.java:611)
	at com.topcoder.util.objectfactory.ObjectFactory.createComplexSpecification(ObjectFactory.java:586)
	at com.topcoder.util.objectfactory.ObjectFactory.getObjectBySpecification(ObjectFactory.java:390)
	at com.topcoder.util.objectfactory.ObjectFactory.createObject(ObjectFactory.java:333)
	at com.topcoder.util.objectfactory.ObjectFactory.createObject(ObjectFactory.java:112)
	at com.orpheus.auction.persistence.AuctionPersistenceHelper.createObject(AuctionPersistenceHelper.java:215)
	at com.orpheus.auction.persistence.impl.SQLServerAuctionDAO.&lt;init&gt;(SQLServerAuctionDAO.java:151)
	at com.orpheus.auction.persistence.failuretests.SQLServerAuctionDAOFailureTest.setUp(SQLServerAuctionDAOFailureTest.java:45)
Caused by: com.topcoder.db.connectionfactory.ConfigurationException: Unexpected errors- , caused by null
	at com.topcoder.db.connectionfactory.DBConnectionFactoryImpl.&lt;init&gt;(DBConnectionFactoryImpl.java:211)
	... 25 more
Caused by: java.lang.reflect.InvocationTargetException
	at java.lang.reflect.Constructor.newInstance(Constructor.java:274)
	at com.topcoder.db.connectionfactory.DBConnectionFactoryImpl.&lt;init&gt;(DBConnectionFactoryImpl.java:190)
	... 25 more
Caused by: java.lang.ClassNotFoundException: The class name com.microsoft.sqlserver.jdbc.SQLServerDriver is invalid.
	at com.topcoder.db.connectionfactory.producers.JDBCConnectionProducer.&lt;init&gt;(JDBCConnectionProducer.java:236)
	... 29 more
Caused by: java.lang.ClassNotFoundException: com.microsoft.sqlserver.jdbc.SQLServerDriver
	at java.net.URLClassLoader$1.run(URLClassLoader.java:199)
	at java.security.AccessController.doPrivileged(Native Method)
	at java.net.URLClassLoader.findClass(URLClassLoader.java:187)
	at java.lang.ClassLoader.loadClass(ClassLoader.java:289)
	at sun.misc.Launcher$AppClassLoader.loadClass(Launcher.java:274)
	at java.lang.ClassLoader.loadClass(ClassLoader.java:235)
	at java.lang.ClassLoader.loadClassInternal(ClassLoader.java:302)
	at java.lang.Class.forName0(Native Method)
	at java.lang.Class.forName(Class.java:141)
	at com.topcoder.db.connectionfactory.producers.JDBCConnectionProducer.&lt;init&gt;(JDBCConnectionProducer.java:234)
	... 29 more
</error>
  </testcase>
  <testcase name="testUpdateAuction8" classname="com.orpheus.auction.persistence.failuretests.SQLServerAuctionDAOFailureTest" time="0.078">
    <error message="The com.topcoder.db.connectionfactory.DBConnectionFactory instance can&apos;t be created successfully., caused by The object can not be initialized., caused by null" type="com.orpheus.auction.persistence.ObjectInstantiationException">com.orpheus.auction.persistence.ObjectInstantiationException: The com.topcoder.db.connectionfactory.DBConnectionFactory instance can&apos;t be created successfully., caused by The object can not be initialized., caused by null
	at com.orpheus.auction.persistence.AuctionPersistenceHelper.createObject(AuctionPersistenceHelper.java:223)
	at com.orpheus.auction.persistence.impl.SQLServerAuctionDAO.&lt;init&gt;(SQLServerAuctionDAO.java:151)
	at com.orpheus.auction.persistence.failuretests.SQLServerAuctionDAOFailureTest.setUp(SQLServerAuctionDAOFailureTest.java:45)
Caused by: com.topcoder.util.objectfactory.InvalidClassSpecificationException: The object can not be initialized., caused by null
	at com.topcoder.util.objectfactory.ObjectFactory.createObjectByReflection(ObjectFactory.java:623)
	at com.topcoder.util.objectfactory.ObjectFactory.createComplexSpecification(ObjectFactory.java:586)
	at com.topcoder.util.objectfactory.ObjectFactory.getObjectBySpecification(ObjectFactory.java:390)
	at com.topcoder.util.objectfactory.ObjectFactory.createObject(ObjectFactory.java:333)
	at com.topcoder.util.objectfactory.ObjectFactory.createObject(ObjectFactory.java:112)
	at com.orpheus.auction.persistence.AuctionPersistenceHelper.createObject(AuctionPersistenceHelper.java:215)
	... 16 more
Caused by: java.lang.reflect.InvocationTargetException
	at java.lang.reflect.Constructor.newInstance(Constructor.java:274)
	at com.topcoder.util.objectfactory.ObjectFactory.createObjectByReflection(ObjectFactory.java:611)
	... 21 more
Caused by: com.topcoder.db.connectionfactory.ConfigurationException: Unexpected errors- , caused by null
	at com.topcoder.db.connectionfactory.DBConnectionFactoryImpl.&lt;init&gt;(DBConnectionFactoryImpl.java:211)
	... 25 more
Caused by: java.lang.reflect.InvocationTargetException
	at java.lang.reflect.Constructor.newInstance(Constructor.java:274)
	at com.topcoder.db.connectionfactory.DBConnectionFactoryImpl.&lt;init&gt;(DBConnectionFactoryImpl.java:190)
	... 25 more
Caused by: java.lang.ClassNotFoundException: The class name com.microsoft.sqlserver.jdbc.SQLServerDriver is invalid.
	at com.topcoder.db.connectionfactory.producers.JDBCConnectionProducer.&lt;init&gt;(JDBCConnectionProducer.java:236)
	... 29 more
Caused by: java.lang.ClassNotFoundException: com.microsoft.sqlserver.jdbc.SQLServerDriver
	at java.net.URLClassLoader$1.run(URLClassLoader.java:199)
	at java.security.AccessController.doPrivileged(Native Method)
	at java.net.URLClassLoader.findClass(URLClassLoader.java:187)
	at java.lang.ClassLoader.loadClass(ClassLoader.java:289)
	at sun.misc.Launcher$AppClassLoader.loadClass(Launcher.java:274)
	at java.lang.ClassLoader.loadClass(ClassLoader.java:235)
	at java.lang.ClassLoader.loadClassInternal(ClassLoader.java:302)
	at java.lang.Class.forName0(Native Method)
	at java.lang.Class.forName(Class.java:141)
	at com.topcoder.db.connectionfactory.producers.JDBCConnectionProducer.&lt;init&gt;(JDBCConnectionProducer.java:234)
	... 29 more
Caused by:com.topcoder.util.objectfactory.InvalidClassSpecificationException: The object can not be initialized., caused by null
	at com.topcoder.util.objectfactory.ObjectFactory.createObjectByReflection(ObjectFactory.java:623)
	at com.topcoder.util.objectfactory.ObjectFactory.createComplexSpecification(ObjectFactory.java:586)
	at com.topcoder.util.objectfactory.ObjectFactory.getObjectBySpecification(ObjectFactory.java:390)
	at com.topcoder.util.objectfactory.ObjectFactory.createObject(ObjectFactory.java:333)
	at com.topcoder.util.objectfactory.ObjectFactory.createObject(ObjectFactory.java:112)
	at com.orpheus.auction.persistence.AuctionPersistenceHelper.createObject(AuctionPersistenceHelper.java:215)
	at com.orpheus.auction.persistence.impl.SQLServerAuctionDAO.&lt;init&gt;(SQLServerAuctionDAO.java:151)
	at com.orpheus.auction.persistence.failuretests.SQLServerAuctionDAOFailureTest.setUp(SQLServerAuctionDAOFailureTest.java:45)
Caused by: java.lang.reflect.InvocationTargetException
	at java.lang.reflect.Constructor.newInstance(Constructor.java:274)
	at com.topcoder.util.objectfactory.ObjectFactory.createObjectByReflection(ObjectFactory.java:611)
	... 21 more
Caused by: com.topcoder.db.connectionfactory.ConfigurationException: Unexpected errors- , caused by null
	at com.topcoder.db.connectionfactory.DBConnectionFactoryImpl.&lt;init&gt;(DBConnectionFactoryImpl.java:211)
	... 25 more
Caused by: java.lang.reflect.InvocationTargetException
	at java.lang.reflect.Constructor.newInstance(Constructor.java:274)
	at com.topcoder.db.connectionfactory.DBConnectionFactoryImpl.&lt;init&gt;(DBConnectionFactoryImpl.java:190)
	... 25 more
Caused by: java.lang.ClassNotFoundException: The class name com.microsoft.sqlserver.jdbc.SQLServerDriver is invalid.
	at com.topcoder.db.connectionfactory.producers.JDBCConnectionProducer.&lt;init&gt;(JDBCConnectionProducer.java:236)
	... 29 more
Caused by: java.lang.ClassNotFoundException: com.microsoft.sqlserver.jdbc.SQLServerDriver
	at java.net.URLClassLoader$1.run(URLClassLoader.java:199)
	at java.security.AccessController.doPrivileged(Native Method)
	at java.net.URLClassLoader.findClass(URLClassLoader.java:187)
	at java.lang.ClassLoader.loadClass(ClassLoader.java:289)
	at sun.misc.Launcher$AppClassLoader.loadClass(Launcher.java:274)
	at java.lang.ClassLoader.loadClass(ClassLoader.java:235)
	at java.lang.ClassLoader.loadClassInternal(ClassLoader.java:302)
	at java.lang.Class.forName0(Native Method)
	at java.lang.Class.forName(Class.java:141)
	at com.topcoder.db.connectionfactory.producers.JDBCConnectionProducer.&lt;init&gt;(JDBCConnectionProducer.java:234)
	... 29 more
Caused by:java.lang.reflect.InvocationTargetException
	at java.lang.reflect.Constructor.newInstance(Constructor.java:274)
	at com.topcoder.util.objectfactory.ObjectFactory.createObjectByReflection(ObjectFactory.java:611)
	at com.topcoder.util.objectfactory.ObjectFactory.createComplexSpecification(ObjectFactory.java:586)
	at com.topcoder.util.objectfactory.ObjectFactory.getObjectBySpecification(ObjectFactory.java:390)
	at com.topcoder.util.objectfactory.ObjectFactory.createObject(ObjectFactory.java:333)
	at com.topcoder.util.objectfactory.ObjectFactory.createObject(ObjectFactory.java:112)
	at com.orpheus.auction.persistence.AuctionPersistenceHelper.createObject(AuctionPersistenceHelper.java:215)
	at com.orpheus.auction.persistence.impl.SQLServerAuctionDAO.&lt;init&gt;(SQLServerAuctionDAO.java:151)
	at com.orpheus.auction.persistence.failuretests.SQLServerAuctionDAOFailureTest.setUp(SQLServerAuctionDAOFailureTest.java:45)
Caused by: com.topcoder.db.connectionfactory.ConfigurationException: Unexpected errors- , caused by null
	at com.topcoder.db.connectionfactory.DBConnectionFactoryImpl.&lt;init&gt;(DBConnectionFactoryImpl.java:211)
	... 25 more
Caused by: java.lang.reflect.InvocationTargetException
	at java.lang.reflect.Constructor.newInstance(Constructor.java:274)
	at com.topcoder.db.connectionfactory.DBConnectionFactoryImpl.&lt;init&gt;(DBConnectionFactoryImpl.java:190)
	... 25 more
Caused by: java.lang.ClassNotFoundException: The class name com.microsoft.sqlserver.jdbc.SQLServerDriver is invalid.
	at com.topcoder.db.connectionfactory.producers.JDBCConnectionProducer.&lt;init&gt;(JDBCConnectionProducer.java:236)
	... 29 more
Caused by: java.lang.ClassNotFoundException: com.microsoft.sqlserver.jdbc.SQLServerDriver
	at java.net.URLClassLoader$1.run(URLClassLoader.java:199)
	at java.security.AccessController.doPrivileged(Native Method)
	at java.net.URLClassLoader.findClass(URLClassLoader.java:187)
	at java.lang.ClassLoader.loadClass(ClassLoader.java:289)
	at sun.misc.Launcher$AppClassLoader.loadClass(Launcher.java:274)
	at java.lang.ClassLoader.loadClass(ClassLoader.java:235)
	at java.lang.ClassLoader.loadClassInternal(ClassLoader.java:302)
	at java.lang.Class.forName0(Native Method)
	at java.lang.Class.forName(Class.java:141)
	at com.topcoder.db.connectionfactory.producers.JDBCConnectionProducer.&lt;init&gt;(JDBCConnectionProducer.java:234)
	... 29 more
</error>
  </testcase>
  <testcase name="testUpdateAuction9" classname="com.orpheus.auction.persistence.failuretests.SQLServerAuctionDAOFailureTest" time="0.094">
    <error message="The com.topcoder.db.connectionfactory.DBConnectionFactory instance can&apos;t be created successfully., caused by The object can not be initialized., caused by null" type="com.orpheus.auction.persistence.ObjectInstantiationException">com.orpheus.auction.persistence.ObjectInstantiationException: The com.topcoder.db.connectionfactory.DBConnectionFactory instance can&apos;t be created successfully., caused by The object can not be initialized., caused by null
	at com.orpheus.auction.persistence.AuctionPersistenceHelper.createObject(AuctionPersistenceHelper.java:223)
	at com.orpheus.auction.persistence.impl.SQLServerAuctionDAO.&lt;init&gt;(SQLServerAuctionDAO.java:151)
	at com.orpheus.auction.persistence.failuretests.SQLServerAuctionDAOFailureTest.setUp(SQLServerAuctionDAOFailureTest.java:45)
Caused by: com.topcoder.util.objectfactory.InvalidClassSpecificationException: The object can not be initialized., caused by null
	at com.topcoder.util.objectfactory.ObjectFactory.createObjectByReflection(ObjectFactory.java:623)
	at com.topcoder.util.objectfactory.ObjectFactory.createComplexSpecification(ObjectFactory.java:586)
	at com.topcoder.util.objectfactory.ObjectFactory.getObjectBySpecification(ObjectFactory.java:390)
	at com.topcoder.util.objectfactory.ObjectFactory.createObject(ObjectFactory.java:333)
	at com.topcoder.util.objectfactory.ObjectFactory.createObject(ObjectFactory.java:112)
	at com.orpheus.auction.persistence.AuctionPersistenceHelper.createObject(AuctionPersistenceHelper.java:215)
	... 16 more
Caused by: java.lang.reflect.InvocationTargetException
	at java.lang.reflect.Constructor.newInstance(Constructor.java:274)
	at com.topcoder.util.objectfactory.ObjectFactory.createObjectByReflection(ObjectFactory.java:611)
	... 21 more
Caused by: com.topcoder.db.connectionfactory.ConfigurationException: Unexpected errors- , caused by null
	at com.topcoder.db.connectionfactory.DBConnectionFactoryImpl.&lt;init&gt;(DBConnectionFactoryImpl.java:211)
	... 25 more
Caused by: java.lang.reflect.InvocationTargetException
	at java.lang.reflect.Constructor.newInstance(Constructor.java:274)
	at com.topcoder.db.connectionfactory.DBConnectionFactoryImpl.&lt;init&gt;(DBConnectionFactoryImpl.java:190)
	... 25 more
Caused by: java.lang.ClassNotFoundException: The class name com.microsoft.sqlserver.jdbc.SQLServerDriver is invalid.
	at com.topcoder.db.connectionfactory.producers.JDBCConnectionProducer.&lt;init&gt;(JDBCConnectionProducer.java:236)
	... 29 more
Caused by: java.lang.ClassNotFoundException: com.microsoft.sqlserver.jdbc.SQLServerDriver
	at java.net.URLClassLoader$1.run(URLClassLoader.java:199)
	at java.security.AccessController.doPrivileged(Native Method)
	at java.net.URLClassLoader.findClass(URLClassLoader.java:187)
	at java.lang.ClassLoader.loadClass(ClassLoader.java:289)
	at sun.misc.Launcher$AppClassLoader.loadClass(Launcher.java:274)
	at java.lang.ClassLoader.loadClass(ClassLoader.java:235)
	at java.lang.ClassLoader.loadClassInternal(ClassLoader.java:302)
	at java.lang.Class.forName0(Native Method)
	at java.lang.Class.forName(Class.java:141)
	at com.topcoder.db.connectionfactory.producers.JDBCConnectionProducer.&lt;init&gt;(JDBCConnectionProducer.java:234)
	... 29 more
Caused by:com.topcoder.util.objectfactory.InvalidClassSpecificationException: The object can not be initialized., caused by null
	at com.topcoder.util.objectfactory.ObjectFactory.createObjectByReflection(ObjectFactory.java:623)
	at com.topcoder.util.objectfactory.ObjectFactory.createComplexSpecification(ObjectFactory.java:586)
	at com.topcoder.util.objectfactory.ObjectFactory.getObjectBySpecification(ObjectFactory.java:390)
	at com.topcoder.util.objectfactory.ObjectFactory.createObject(ObjectFactory.java:333)
	at com.topcoder.util.objectfactory.ObjectFactory.createObject(ObjectFactory.java:112)
	at com.orpheus.auction.persistence.AuctionPersistenceHelper.createObject(AuctionPersistenceHelper.java:215)
	at com.orpheus.auction.persistence.impl.SQLServerAuctionDAO.&lt;init&gt;(SQLServerAuctionDAO.java:151)
	at com.orpheus.auction.persistence.failuretests.SQLServerAuctionDAOFailureTest.setUp(SQLServerAuctionDAOFailureTest.java:45)
Caused by: java.lang.reflect.InvocationTargetException
	at java.lang.reflect.Constructor.newInstance(Constructor.java:274)
	at com.topcoder.util.objectfactory.ObjectFactory.createObjectByReflection(ObjectFactory.java:611)
	... 21 more
Caused by: com.topcoder.db.connectionfactory.ConfigurationException: Unexpected errors- , caused by null
	at com.topcoder.db.connectionfactory.DBConnectionFactoryImpl.&lt;init&gt;(DBConnectionFactoryImpl.java:211)
	... 25 more
Caused by: java.lang.reflect.InvocationTargetException
	at java.lang.reflect.Constructor.newInstance(Constructor.java:274)
	at com.topcoder.db.connectionfactory.DBConnectionFactoryImpl.&lt;init&gt;(DBConnectionFactoryImpl.java:190)
	... 25 more
Caused by: java.lang.ClassNotFoundException: The class name com.microsoft.sqlserver.jdbc.SQLServerDriver is invalid.
	at com.topcoder.db.connectionfactory.producers.JDBCConnectionProducer.&lt;init&gt;(JDBCConnectionProducer.java:236)
	... 29 more
Caused by: java.lang.ClassNotFoundException: com.microsoft.sqlserver.jdbc.SQLServerDriver
	at java.net.URLClassLoader$1.run(URLClassLoader.java:199)
	at java.security.AccessController.doPrivileged(Native Method)
	at java.net.URLClassLoader.findClass(URLClassLoader.java:187)
	at java.lang.ClassLoader.loadClass(ClassLoader.java:289)
	at sun.misc.Launcher$AppClassLoader.loadClass(Launcher.java:274)
	at java.lang.ClassLoader.loadClass(ClassLoader.java:235)
	at java.lang.ClassLoader.loadClassInternal(ClassLoader.java:302)
	at java.lang.Class.forName0(Native Method)
	at java.lang.Class.forName(Class.java:141)
	at com.topcoder.db.connectionfactory.producers.JDBCConnectionProducer.&lt;init&gt;(JDBCConnectionProducer.java:234)
	... 29 more
Caused by:java.lang.reflect.InvocationTargetException
	at java.lang.reflect.Constructor.newInstance(Constructor.java:274)
	at com.topcoder.util.objectfactory.ObjectFactory.createObjectByReflection(ObjectFactory.java:611)
	at com.topcoder.util.objectfactory.ObjectFactory.createComplexSpecification(ObjectFactory.java:586)
	at com.topcoder.util.objectfactory.ObjectFactory.getObjectBySpecification(ObjectFactory.java:390)
	at com.topcoder.util.objectfactory.ObjectFactory.createObject(ObjectFactory.java:333)
	at com.topcoder.util.objectfactory.ObjectFactory.createObject(ObjectFactory.java:112)
	at com.orpheus.auction.persistence.AuctionPersistenceHelper.createObject(AuctionPersistenceHelper.java:215)
	at com.orpheus.auction.persistence.impl.SQLServerAuctionDAO.&lt;init&gt;(SQLServerAuctionDAO.java:151)
	at com.orpheus.auction.persistence.failuretests.SQLServerAuctionDAOFailureTest.setUp(SQLServerAuctionDAOFailureTest.java:45)
Caused by: com.topcoder.db.connectionfactory.ConfigurationException: Unexpected errors- , caused by null
	at com.topcoder.db.connectionfactory.DBConnectionFactoryImpl.&lt;init&gt;(DBConnectionFactoryImpl.java:211)
	... 25 more
Caused by: java.lang.reflect.InvocationTargetException
	at java.lang.reflect.Constructor.newInstance(Constructor.java:274)
	at com.topcoder.db.connectionfactory.DBConnectionFactoryImpl.&lt;init&gt;(DBConnectionFactoryImpl.java:190)
	... 25 more
Caused by: java.lang.ClassNotFoundException: The class name com.microsoft.sqlserver.jdbc.SQLServerDriver is invalid.
	at com.topcoder.db.connectionfactory.producers.JDBCConnectionProducer.&lt;init&gt;(JDBCConnectionProducer.java:236)
	... 29 more
Caused by: java.lang.ClassNotFoundException: com.microsoft.sqlserver.jdbc.SQLServerDriver
	at java.net.URLClassLoader$1.run(URLClassLoader.java:199)
	at java.security.AccessController.doPrivileged(Native Method)
	at java.net.URLClassLoader.findClass(URLClassLoader.java:187)
	at java.lang.ClassLoader.loadClass(ClassLoader.java:289)
	at sun.misc.Launcher$AppClassLoader.loadClass(Launcher.java:274)
	at java.lang.ClassLoader.loadClass(ClassLoader.java:235)
	at java.lang.ClassLoader.loadClassInternal(ClassLoader.java:302)
	at java.lang.Class.forName0(Native Method)
	at java.lang.Class.forName(Class.java:141)
	at com.topcoder.db.connectionfactory.producers.JDBCConnectionProducer.&lt;init&gt;(JDBCConnectionProducer.java:234)
	... 29 more
</error>
  </testcase>
  <testcase name="testUpdateBids1" classname="com.orpheus.auction.persistence.failuretests.SQLServerAuctionDAOFailureTest" time="0.047">
    <error message="The com.topcoder.db.connectionfactory.DBConnectionFactory instance can&apos;t be created successfully., caused by The object can not be initialized., caused by null" type="com.orpheus.auction.persistence.ObjectInstantiationException">com.orpheus.auction.persistence.ObjectInstantiationException: The com.topcoder.db.connectionfactory.DBConnectionFactory instance can&apos;t be created successfully., caused by The object can not be initialized., caused by null
	at com.orpheus.auction.persistence.AuctionPersistenceHelper.createObject(AuctionPersistenceHelper.java:223)
	at com.orpheus.auction.persistence.impl.SQLServerAuctionDAO.&lt;init&gt;(SQLServerAuctionDAO.java:151)
	at com.orpheus.auction.persistence.failuretests.SQLServerAuctionDAOFailureTest.setUp(SQLServerAuctionDAOFailureTest.java:45)
Caused by: com.topcoder.util.objectfactory.InvalidClassSpecificationException: The object can not be initialized., caused by null
	at com.topcoder.util.objectfactory.ObjectFactory.createObjectByReflection(ObjectFactory.java:623)
	at com.topcoder.util.objectfactory.ObjectFactory.createComplexSpecification(ObjectFactory.java:586)
	at com.topcoder.util.objectfactory.ObjectFactory.getObjectBySpecification(ObjectFactory.java:390)
	at com.topcoder.util.objectfactory.ObjectFactory.createObject(ObjectFactory.java:333)
	at com.topcoder.util.objectfactory.ObjectFactory.createObject(ObjectFactory.java:112)
	at com.orpheus.auction.persistence.AuctionPersistenceHelper.createObject(AuctionPersistenceHelper.java:215)
	... 16 more
Caused by: java.lang.reflect.InvocationTargetException
	at java.lang.reflect.Constructor.newInstance(Constructor.java:274)
	at com.topcoder.util.objectfactory.ObjectFactory.createObjectByReflection(ObjectFactory.java:611)
	... 21 more
Caused by: com.topcoder.db.connectionfactory.ConfigurationException: Unexpected errors- , caused by null
	at com.topcoder.db.connectionfactory.DBConnectionFactoryImpl.&lt;init&gt;(DBConnectionFactoryImpl.java:211)
	... 25 more
Caused by: java.lang.reflect.InvocationTargetException
	at java.lang.reflect.Constructor.newInstance(Constructor.java:274)
	at com.topcoder.db.connectionfactory.DBConnectionFactoryImpl.&lt;init&gt;(DBConnectionFactoryImpl.java:190)
	... 25 more
Caused by: java.lang.ClassNotFoundException: The class name com.microsoft.sqlserver.jdbc.SQLServerDriver is invalid.
	at com.topcoder.db.connectionfactory.producers.JDBCConnectionProducer.&lt;init&gt;(JDBCConnectionProducer.java:236)
	... 29 more
Caused by: java.lang.ClassNotFoundException: com.microsoft.sqlserver.jdbc.SQLServerDriver
	at java.net.URLClassLoader$1.run(URLClassLoader.java:199)
	at java.security.AccessController.doPrivileged(Native Method)
	at java.net.URLClassLoader.findClass(URLClassLoader.java:187)
	at java.lang.ClassLoader.loadClass(ClassLoader.java:289)
	at sun.misc.Launcher$AppClassLoader.loadClass(Launcher.java:274)
	at java.lang.ClassLoader.loadClass(ClassLoader.java:235)
	at java.lang.ClassLoader.loadClassInternal(ClassLoader.java:302)
	at java.lang.Class.forName0(Native Method)
	at java.lang.Class.forName(Class.java:141)
	at com.topcoder.db.connectionfactory.producers.JDBCConnectionProducer.&lt;init&gt;(JDBCConnectionProducer.java:234)
	... 29 more
Caused by:com.topcoder.util.objectfactory.InvalidClassSpecificationException: The object can not be initialized., caused by null
	at com.topcoder.util.objectfactory.ObjectFactory.createObjectByReflection(ObjectFactory.java:623)
	at com.topcoder.util.objectfactory.ObjectFactory.createComplexSpecification(ObjectFactory.java:586)
	at com.topcoder.util.objectfactory.ObjectFactory.getObjectBySpecification(ObjectFactory.java:390)
	at com.topcoder.util.objectfactory.ObjectFactory.createObject(ObjectFactory.java:333)
	at com.topcoder.util.objectfactory.ObjectFactory.createObject(ObjectFactory.java:112)
	at com.orpheus.auction.persistence.AuctionPersistenceHelper.createObject(AuctionPersistenceHelper.java:215)
	at com.orpheus.auction.persistence.impl.SQLServerAuctionDAO.&lt;init&gt;(SQLServerAuctionDAO.java:151)
	at com.orpheus.auction.persistence.failuretests.SQLServerAuctionDAOFailureTest.setUp(SQLServerAuctionDAOFailureTest.java:45)
Caused by: java.lang.reflect.InvocationTargetException
	at java.lang.reflect.Constructor.newInstance(Constructor.java:274)
	at com.topcoder.util.objectfactory.ObjectFactory.createObjectByReflection(ObjectFactory.java:611)
	... 21 more
Caused by: com.topcoder.db.connectionfactory.ConfigurationException: Unexpected errors- , caused by null
	at com.topcoder.db.connectionfactory.DBConnectionFactoryImpl.&lt;init&gt;(DBConnectionFactoryImpl.java:211)
	... 25 more
Caused by: java.lang.reflect.InvocationTargetException
	at java.lang.reflect.Constructor.newInstance(Constructor.java:274)
	at com.topcoder.db.connectionfactory.DBConnectionFactoryImpl.&lt;init&gt;(DBConnectionFactoryImpl.java:190)
	... 25 more
Caused by: java.lang.ClassNotFoundException: The class name com.microsoft.sqlserver.jdbc.SQLServerDriver is invalid.
	at com.topcoder.db.connectionfactory.producers.JDBCConnectionProducer.&lt;init&gt;(JDBCConnectionProducer.java:236)
	... 29 more
Caused by: java.lang.ClassNotFoundException: com.microsoft.sqlserver.jdbc.SQLServerDriver
	at java.net.URLClassLoader$1.run(URLClassLoader.java:199)
	at java.security.AccessController.doPrivileged(Native Method)
	at java.net.URLClassLoader.findClass(URLClassLoader.java:187)
	at java.lang.ClassLoader.loadClass(ClassLoader.java:289)
	at sun.misc.Launcher$AppClassLoader.loadClass(Launcher.java:274)
	at java.lang.ClassLoader.loadClass(ClassLoader.java:235)
	at java.lang.ClassLoader.loadClassInternal(ClassLoader.java:302)
	at java.lang.Class.forName0(Native Method)
	at java.lang.Class.forName(Class.java:141)
	at com.topcoder.db.connectionfactory.producers.JDBCConnectionProducer.&lt;init&gt;(JDBCConnectionProducer.java:234)
	... 29 more
Caused by:java.lang.reflect.InvocationTargetException
	at java.lang.reflect.Constructor.newInstance(Constructor.java:274)
	at com.topcoder.util.objectfactory.ObjectFactory.createObjectByReflection(ObjectFactory.java:611)
	at com.topcoder.util.objectfactory.ObjectFactory.createComplexSpecification(ObjectFactory.java:586)
	at com.topcoder.util.objectfactory.ObjectFactory.getObjectBySpecification(ObjectFactory.java:390)
	at com.topcoder.util.objectfactory.ObjectFactory.createObject(ObjectFactory.java:333)
	at com.topcoder.util.objectfactory.ObjectFactory.createObject(ObjectFactory.java:112)
	at com.orpheus.auction.persistence.AuctionPersistenceHelper.createObject(AuctionPersistenceHelper.java:215)
	at com.orpheus.auction.persistence.impl.SQLServerAuctionDAO.&lt;init&gt;(SQLServerAuctionDAO.java:151)
	at com.orpheus.auction.persistence.failuretests.SQLServerAuctionDAOFailureTest.setUp(SQLServerAuctionDAOFailureTest.java:45)
Caused by: com.topcoder.db.connectionfactory.ConfigurationException: Unexpected errors- , caused by null
	at com.topcoder.db.connectionfactory.DBConnectionFactoryImpl.&lt;init&gt;(DBConnectionFactoryImpl.java:211)
	... 25 more
Caused by: java.lang.reflect.InvocationTargetException
	at java.lang.reflect.Constructor.newInstance(Constructor.java:274)
	at com.topcoder.db.connectionfactory.DBConnectionFactoryImpl.&lt;init&gt;(DBConnectionFactoryImpl.java:190)
	... 25 more
Caused by: java.lang.ClassNotFoundException: The class name com.microsoft.sqlserver.jdbc.SQLServerDriver is invalid.
	at com.topcoder.db.connectionfactory.producers.JDBCConnectionProducer.&lt;init&gt;(JDBCConnectionProducer.java:236)
	... 29 more
Caused by: java.lang.ClassNotFoundException: com.microsoft.sqlserver.jdbc.SQLServerDriver
	at java.net.URLClassLoader$1.run(URLClassLoader.java:199)
	at java.security.AccessController.doPrivileged(Native Method)
	at java.net.URLClassLoader.findClass(URLClassLoader.java:187)
	at java.lang.ClassLoader.loadClass(ClassLoader.java:289)
	at sun.misc.Launcher$AppClassLoader.loadClass(Launcher.java:274)
	at java.lang.ClassLoader.loadClass(ClassLoader.java:235)
	at java.lang.ClassLoader.loadClassInternal(ClassLoader.java:302)
	at java.lang.Class.forName0(Native Method)
	at java.lang.Class.forName(Class.java:141)
	at com.topcoder.db.connectionfactory.producers.JDBCConnectionProducer.&lt;init&gt;(JDBCConnectionProducer.java:234)
	... 29 more
</error>
  </testcase>
  <testcase name="testUpdateBids2" classname="com.orpheus.auction.persistence.failuretests.SQLServerAuctionDAOFailureTest" time="0.062">
    <error message="The com.topcoder.db.connectionfactory.DBConnectionFactory instance can&apos;t be created successfully., caused by The object can not be initialized., caused by null" type="com.orpheus.auction.persistence.ObjectInstantiationException">com.orpheus.auction.persistence.ObjectInstantiationException: The com.topcoder.db.connectionfactory.DBConnectionFactory instance can&apos;t be created successfully., caused by The object can not be initialized., caused by null
	at com.orpheus.auction.persistence.AuctionPersistenceHelper.createObject(AuctionPersistenceHelper.java:223)
	at com.orpheus.auction.persistence.impl.SQLServerAuctionDAO.&lt;init&gt;(SQLServerAuctionDAO.java:151)
	at com.orpheus.auction.persistence.failuretests.SQLServerAuctionDAOFailureTest.setUp(SQLServerAuctionDAOFailureTest.java:45)
Caused by: com.topcoder.util.objectfactory.InvalidClassSpecificationException: The object can not be initialized., caused by null
	at com.topcoder.util.objectfactory.ObjectFactory.createObjectByReflection(ObjectFactory.java:623)
	at com.topcoder.util.objectfactory.ObjectFactory.createComplexSpecification(ObjectFactory.java:586)
	at com.topcoder.util.objectfactory.ObjectFactory.getObjectBySpecification(ObjectFactory.java:390)
	at com.topcoder.util.objectfactory.ObjectFactory.createObject(ObjectFactory.java:333)
	at com.topcoder.util.objectfactory.ObjectFactory.createObject(ObjectFactory.java:112)
	at com.orpheus.auction.persistence.AuctionPersistenceHelper.createObject(AuctionPersistenceHelper.java:215)
	... 16 more
Caused by: java.lang.reflect.InvocationTargetException
	at java.lang.reflect.Constructor.newInstance(Constructor.java:274)
	at com.topcoder.util.objectfactory.ObjectFactory.createObjectByReflection(ObjectFactory.java:611)
	... 21 more
Caused by: com.topcoder.db.connectionfactory.ConfigurationException: Unexpected errors- , caused by null
	at com.topcoder.db.connectionfactory.DBConnectionFactoryImpl.&lt;init&gt;(DBConnectionFactoryImpl.java:211)
	... 25 more
Caused by: java.lang.reflect.InvocationTargetException
	at java.lang.reflect.Constructor.newInstance(Constructor.java:274)
	at com.topcoder.db.connectionfactory.DBConnectionFactoryImpl.&lt;init&gt;(DBConnectionFactoryImpl.java:190)
	... 25 more
Caused by: java.lang.ClassNotFoundException: The class name com.microsoft.sqlserver.jdbc.SQLServerDriver is invalid.
	at com.topcoder.db.connectionfactory.producers.JDBCConnectionProducer.&lt;init&gt;(JDBCConnectionProducer.java:236)
	... 29 more
Caused by: java.lang.ClassNotFoundException: com.microsoft.sqlserver.jdbc.SQLServerDriver
	at java.net.URLClassLoader$1.run(URLClassLoader.java:199)
	at java.security.AccessController.doPrivileged(Native Method)
	at java.net.URLClassLoader.findClass(URLClassLoader.java:187)
	at java.lang.ClassLoader.loadClass(ClassLoader.java:289)
	at sun.misc.Launcher$AppClassLoader.loadClass(Launcher.java:274)
	at java.lang.ClassLoader.loadClass(ClassLoader.java:235)
	at java.lang.ClassLoader.loadClassInternal(ClassLoader.java:302)
	at java.lang.Class.forName0(Native Method)
	at java.lang.Class.forName(Class.java:141)
	at com.topcoder.db.connectionfactory.producers.JDBCConnectionProducer.&lt;init&gt;(JDBCConnectionProducer.java:234)
	... 29 more
Caused by:com.topcoder.util.objectfactory.InvalidClassSpecificationException: The object can not be initialized., caused by null
	at com.topcoder.util.objectfactory.ObjectFactory.createObjectByReflection(ObjectFactory.java:623)
	at com.topcoder.util.objectfactory.ObjectFactory.createComplexSpecification(ObjectFactory.java:586)
	at com.topcoder.util.objectfactory.ObjectFactory.getObjectBySpecification(ObjectFactory.java:390)
	at com.topcoder.util.objectfactory.ObjectFactory.createObject(ObjectFactory.java:333)
	at com.topcoder.util.objectfactory.ObjectFactory.createObject(ObjectFactory.java:112)
	at com.orpheus.auction.persistence.AuctionPersistenceHelper.createObject(AuctionPersistenceHelper.java:215)
	at com.orpheus.auction.persistence.impl.SQLServerAuctionDAO.&lt;init&gt;(SQLServerAuctionDAO.java:151)
	at com.orpheus.auction.persistence.failuretests.SQLServerAuctionDAOFailureTest.setUp(SQLServerAuctionDAOFailureTest.java:45)
Caused by: java.lang.reflect.InvocationTargetException
	at java.lang.reflect.Constructor.newInstance(Constructor.java:274)
	at com.topcoder.util.objectfactory.ObjectFactory.createObjectByReflection(ObjectFactory.java:611)
	... 21 more
Caused by: com.topcoder.db.connectionfactory.ConfigurationException: Unexpected errors- , caused by null
	at com.topcoder.db.connectionfactory.DBConnectionFactoryImpl.&lt;init&gt;(DBConnectionFactoryImpl.java:211)
	... 25 more
Caused by: java.lang.reflect.InvocationTargetException
	at java.lang.reflect.Constructor.newInstance(Constructor.java:274)
	at com.topcoder.db.connectionfactory.DBConnectionFactoryImpl.&lt;init&gt;(DBConnectionFactoryImpl.java:190)
	... 25 more
Caused by: java.lang.ClassNotFoundException: The class name com.microsoft.sqlserver.jdbc.SQLServerDriver is invalid.
	at com.topcoder.db.connectionfactory.producers.JDBCConnectionProducer.&lt;init&gt;(JDBCConnectionProducer.java:236)
	... 29 more
Caused by: java.lang.ClassNotFoundException: com.microsoft.sqlserver.jdbc.SQLServerDriver
	at java.net.URLClassLoader$1.run(URLClassLoader.java:199)
	at java.security.AccessController.doPrivileged(Native Method)
	at java.net.URLClassLoader.findClass(URLClassLoader.java:187)
	at java.lang.ClassLoader.loadClass(ClassLoader.java:289)
	at sun.misc.Launcher$AppClassLoader.loadClass(Launcher.java:274)
	at java.lang.ClassLoader.loadClass(ClassLoader.java:235)
	at java.lang.ClassLoader.loadClassInternal(ClassLoader.java:302)
	at java.lang.Class.forName0(Native Method)
	at java.lang.Class.forName(Class.java:141)
	at com.topcoder.db.connectionfactory.producers.JDBCConnectionProducer.&lt;init&gt;(JDBCConnectionProducer.java:234)
	... 29 more
Caused by:java.lang.reflect.InvocationTargetException
	at java.lang.reflect.Constructor.newInstance(Constructor.java:274)
	at com.topcoder.util.objectfactory.ObjectFactory.createObjectByReflection(ObjectFactory.java:611)
	at com.topcoder.util.objectfactory.ObjectFactory.createComplexSpecification(ObjectFactory.java:586)
	at com.topcoder.util.objectfactory.ObjectFactory.getObjectBySpecification(ObjectFactory.java:390)
	at com.topcoder.util.objectfactory.ObjectFactory.createObject(ObjectFactory.java:333)
	at com.topcoder.util.objectfactory.ObjectFactory.createObject(ObjectFactory.java:112)
	at com.orpheus.auction.persistence.AuctionPersistenceHelper.createObject(AuctionPersistenceHelper.java:215)
	at com.orpheus.auction.persistence.impl.SQLServerAuctionDAO.&lt;init&gt;(SQLServerAuctionDAO.java:151)
	at com.orpheus.auction.persistence.failuretests.SQLServerAuctionDAOFailureTest.setUp(SQLServerAuctionDAOFailureTest.java:45)
Caused by: com.topcoder.db.connectionfactory.ConfigurationException: Unexpected errors- , caused by null
	at com.topcoder.db.connectionfactory.DBConnectionFactoryImpl.&lt;init&gt;(DBConnectionFactoryImpl.java:211)
	... 25 more
Caused by: java.lang.reflect.InvocationTargetException
	at java.lang.reflect.Constructor.newInstance(Constructor.java:274)
	at com.topcoder.db.connectionfactory.DBConnectionFactoryImpl.&lt;init&gt;(DBConnectionFactoryImpl.java:190)
	... 25 more
Caused by: java.lang.ClassNotFoundException: The class name com.microsoft.sqlserver.jdbc.SQLServerDriver is invalid.
	at com.topcoder.db.connectionfactory.producers.JDBCConnectionProducer.&lt;init&gt;(JDBCConnectionProducer.java:236)
	... 29 more
Caused by: java.lang.ClassNotFoundException: com.microsoft.sqlserver.jdbc.SQLServerDriver
	at java.net.URLClassLoader$1.run(URLClassLoader.java:199)
	at java.security.AccessController.doPrivileged(Native Method)
	at java.net.URLClassLoader.findClass(URLClassLoader.java:187)
	at java.lang.ClassLoader.loadClass(ClassLoader.java:289)
	at sun.misc.Launcher$AppClassLoader.loadClass(Launcher.java:274)
	at java.lang.ClassLoader.loadClass(ClassLoader.java:235)
	at java.lang.ClassLoader.loadClassInternal(ClassLoader.java:302)
	at java.lang.Class.forName0(Native Method)
	at java.lang.Class.forName(Class.java:141)
	at com.topcoder.db.connectionfactory.producers.JDBCConnectionProducer.&lt;init&gt;(JDBCConnectionProducer.java:234)
	... 29 more
</error>
  </testcase>
  <testcase name="testUpdateBids3" classname="com.orpheus.auction.persistence.failuretests.SQLServerAuctionDAOFailureTest" time="0.047">
    <error message="The com.topcoder.db.connectionfactory.DBConnectionFactory instance can&apos;t be created successfully., caused by The object can not be initialized., caused by null" type="com.orpheus.auction.persistence.ObjectInstantiationException">com.orpheus.auction.persistence.ObjectInstantiationException: The com.topcoder.db.connectionfactory.DBConnectionFactory instance can&apos;t be created successfully., caused by The object can not be initialized., caused by null
	at com.orpheus.auction.persistence.AuctionPersistenceHelper.createObject(AuctionPersistenceHelper.java:223)
	at com.orpheus.auction.persistence.impl.SQLServerAuctionDAO.&lt;init&gt;(SQLServerAuctionDAO.java:151)
	at com.orpheus.auction.persistence.failuretests.SQLServerAuctionDAOFailureTest.setUp(SQLServerAuctionDAOFailureTest.java:45)
Caused by: com.topcoder.util.objectfactory.InvalidClassSpecificationException: The object can not be initialized., caused by null
	at com.topcoder.util.objectfactory.ObjectFactory.createObjectByReflection(ObjectFactory.java:623)
	at com.topcoder.util.objectfactory.ObjectFactory.createComplexSpecification(ObjectFactory.java:586)
	at com.topcoder.util.objectfactory.ObjectFactory.getObjectBySpecification(ObjectFactory.java:390)
	at com.topcoder.util.objectfactory.ObjectFactory.createObject(ObjectFactory.java:333)
	at com.topcoder.util.objectfactory.ObjectFactory.createObject(ObjectFactory.java:112)
	at com.orpheus.auction.persistence.AuctionPersistenceHelper.createObject(AuctionPersistenceHelper.java:215)
	... 16 more
Caused by: java.lang.reflect.InvocationTargetException
	at java.lang.reflect.Constructor.newInstance(Constructor.java:274)
	at com.topcoder.util.objectfactory.ObjectFactory.createObjectByReflection(ObjectFactory.java:611)
	... 21 more
Caused by: com.topcoder.db.connectionfactory.ConfigurationException: Unexpected errors- , caused by null
	at com.topcoder.db.connectionfactory.DBConnectionFactoryImpl.&lt;init&gt;(DBConnectionFactoryImpl.java:211)
	... 25 more
Caused by: java.lang.reflect.InvocationTargetException
	at java.lang.reflect.Constructor.newInstance(Constructor.java:274)
	at com.topcoder.db.connectionfactory.DBConnectionFactoryImpl.&lt;init&gt;(DBConnectionFactoryImpl.java:190)
	... 25 more
Caused by: java.lang.ClassNotFoundException: The class name com.microsoft.sqlserver.jdbc.SQLServerDriver is invalid.
	at com.topcoder.db.connectionfactory.producers.JDBCConnectionProducer.&lt;init&gt;(JDBCConnectionProducer.java:236)
	... 29 more
Caused by: java.lang.ClassNotFoundException: com.microsoft.sqlserver.jdbc.SQLServerDriver
	at java.net.URLClassLoader$1.run(URLClassLoader.java:199)
	at java.security.AccessController.doPrivileged(Native Method)
	at java.net.URLClassLoader.findClass(URLClassLoader.java:187)
	at java.lang.ClassLoader.loadClass(ClassLoader.java:289)
	at sun.misc.Launcher$AppClassLoader.loadClass(Launcher.java:274)
	at java.lang.ClassLoader.loadClass(ClassLoader.java:235)
	at java.lang.ClassLoader.loadClassInternal(ClassLoader.java:302)
	at java.lang.Class.forName0(Native Method)
	at java.lang.Class.forName(Class.java:141)
	at com.topcoder.db.connectionfactory.producers.JDBCConnectionProducer.&lt;init&gt;(JDBCConnectionProducer.java:234)
	... 29 more
Caused by:com.topcoder.util.objectfactory.InvalidClassSpecificationException: The object can not be initialized., caused by null
	at com.topcoder.util.objectfactory.ObjectFactory.createObjectByReflection(ObjectFactory.java:623)
	at com.topcoder.util.objectfactory.ObjectFactory.createComplexSpecification(ObjectFactory.java:586)
	at com.topcoder.util.objectfactory.ObjectFactory.getObjectBySpecification(ObjectFactory.java:390)
	at com.topcoder.util.objectfactory.ObjectFactory.createObject(ObjectFactory.java:333)
	at com.topcoder.util.objectfactory.ObjectFactory.createObject(ObjectFactory.java:112)
	at com.orpheus.auction.persistence.AuctionPersistenceHelper.createObject(AuctionPersistenceHelper.java:215)
	at com.orpheus.auction.persistence.impl.SQLServerAuctionDAO.&lt;init&gt;(SQLServerAuctionDAO.java:151)
	at com.orpheus.auction.persistence.failuretests.SQLServerAuctionDAOFailureTest.setUp(SQLServerAuctionDAOFailureTest.java:45)
Caused by: java.lang.reflect.InvocationTargetException
	at java.lang.reflect.Constructor.newInstance(Constructor.java:274)
	at com.topcoder.util.objectfactory.ObjectFactory.createObjectByReflection(ObjectFactory.java:611)
	... 21 more
Caused by: com.topcoder.db.connectionfactory.ConfigurationException: Unexpected errors- , caused by null
	at com.topcoder.db.connectionfactory.DBConnectionFactoryImpl.&lt;init&gt;(DBConnectionFactoryImpl.java:211)
	... 25 more
Caused by: java.lang.reflect.InvocationTargetException
	at java.lang.reflect.Constructor.newInstance(Constructor.java:274)
	at com.topcoder.db.connectionfactory.DBConnectionFactoryImpl.&lt;init&gt;(DBConnectionFactoryImpl.java:190)
	... 25 more
Caused by: java.lang.ClassNotFoundException: The class name com.microsoft.sqlserver.jdbc.SQLServerDriver is invalid.
	at com.topcoder.db.connectionfactory.producers.JDBCConnectionProducer.&lt;init&gt;(JDBCConnectionProducer.java:236)
	... 29 more
Caused by: java.lang.ClassNotFoundException: com.microsoft.sqlserver.jdbc.SQLServerDriver
	at java.net.URLClassLoader$1.run(URLClassLoader.java:199)
	at java.security.AccessController.doPrivileged(Native Method)
	at java.net.URLClassLoader.findClass(URLClassLoader.java:187)
	at java.lang.ClassLoader.loadClass(ClassLoader.java:289)
	at sun.misc.Launcher$AppClassLoader.loadClass(Launcher.java:274)
	at java.lang.ClassLoader.loadClass(ClassLoader.java:235)
	at java.lang.ClassLoader.loadClassInternal(ClassLoader.java:302)
	at java.lang.Class.forName0(Native Method)
	at java.lang.Class.forName(Class.java:141)
	at com.topcoder.db.connectionfactory.producers.JDBCConnectionProducer.&lt;init&gt;(JDBCConnectionProducer.java:234)
	... 29 more
Caused by:java.lang.reflect.InvocationTargetException
	at java.lang.reflect.Constructor.newInstance(Constructor.java:274)
	at com.topcoder.util.objectfactory.ObjectFactory.createObjectByReflection(ObjectFactory.java:611)
	at com.topcoder.util.objectfactory.ObjectFactory.createComplexSpecification(ObjectFactory.java:586)
	at com.topcoder.util.objectfactory.ObjectFactory.getObjectBySpecification(ObjectFactory.java:390)
	at com.topcoder.util.objectfactory.ObjectFactory.createObject(ObjectFactory.java:333)
	at com.topcoder.util.objectfactory.ObjectFactory.createObject(ObjectFactory.java:112)
	at com.orpheus.auction.persistence.AuctionPersistenceHelper.createObject(AuctionPersistenceHelper.java:215)
	at com.orpheus.auction.persistence.impl.SQLServerAuctionDAO.&lt;init&gt;(SQLServerAuctionDAO.java:151)
	at com.orpheus.auction.persistence.failuretests.SQLServerAuctionDAOFailureTest.setUp(SQLServerAuctionDAOFailureTest.java:45)
Caused by: com.topcoder.db.connectionfactory.ConfigurationException: Unexpected errors- , caused by null
	at com.topcoder.db.connectionfactory.DBConnectionFactoryImpl.&lt;init&gt;(DBConnectionFactoryImpl.java:211)
	... 25 more
Caused by: java.lang.reflect.InvocationTargetException
	at java.lang.reflect.Constructor.newInstance(Constructor.java:274)
	at com.topcoder.db.connectionfactory.DBConnectionFactoryImpl.&lt;init&gt;(DBConnectionFactoryImpl.java:190)
	... 25 more
Caused by: java.lang.ClassNotFoundException: The class name com.microsoft.sqlserver.jdbc.SQLServerDriver is invalid.
	at com.topcoder.db.connectionfactory.producers.JDBCConnectionProducer.&lt;init&gt;(JDBCConnectionProducer.java:236)
	... 29 more
Caused by: java.lang.ClassNotFoundException: com.microsoft.sqlserver.jdbc.SQLServerDriver
	at java.net.URLClassLoader$1.run(URLClassLoader.java:199)
	at java.security.AccessController.doPrivileged(Native Method)
	at java.net.URLClassLoader.findClass(URLClassLoader.java:187)
	at java.lang.ClassLoader.loadClass(ClassLoader.java:289)
	at sun.misc.Launcher$AppClassLoader.loadClass(Launcher.java:274)
	at java.lang.ClassLoader.loadClass(ClassLoader.java:235)
	at java.lang.ClassLoader.loadClassInternal(ClassLoader.java:302)
	at java.lang.Class.forName0(Native Method)
	at java.lang.Class.forName(Class.java:141)
	at com.topcoder.db.connectionfactory.producers.JDBCConnectionProducer.&lt;init&gt;(JDBCConnectionProducer.java:234)
	... 29 more
</error>
  </testcase>
  <testcase name="testUpdateBids4" classname="com.orpheus.auction.persistence.failuretests.SQLServerAuctionDAOFailureTest" time="0.078">
    <error message="The com.topcoder.db.connectionfactory.DBConnectionFactory instance can&apos;t be created successfully., caused by The object can not be initialized., caused by null" type="com.orpheus.auction.persistence.ObjectInstantiationException">com.orpheus.auction.persistence.ObjectInstantiationException: The com.topcoder.db.connectionfactory.DBConnectionFactory instance can&apos;t be created successfully., caused by The object can not be initialized., caused by null
	at com.orpheus.auction.persistence.AuctionPersistenceHelper.createObject(AuctionPersistenceHelper.java:223)
	at com.orpheus.auction.persistence.impl.SQLServerAuctionDAO.&lt;init&gt;(SQLServerAuctionDAO.java:151)
	at com.orpheus.auction.persistence.failuretests.SQLServerAuctionDAOFailureTest.setUp(SQLServerAuctionDAOFailureTest.java:45)
Caused by: com.topcoder.util.objectfactory.InvalidClassSpecificationException: The object can not be initialized., caused by null
	at com.topcoder.util.objectfactory.ObjectFactory.createObjectByReflection(ObjectFactory.java:623)
	at com.topcoder.util.objectfactory.ObjectFactory.createComplexSpecification(ObjectFactory.java:586)
	at com.topcoder.util.objectfactory.ObjectFactory.getObjectBySpecification(ObjectFactory.java:390)
	at com.topcoder.util.objectfactory.ObjectFactory.createObject(ObjectFactory.java:333)
	at com.topcoder.util.objectfactory.ObjectFactory.createObject(ObjectFactory.java:112)
	at com.orpheus.auction.persistence.AuctionPersistenceHelper.createObject(AuctionPersistenceHelper.java:215)
	... 16 more
Caused by: java.lang.reflect.InvocationTargetException
	at java.lang.reflect.Constructor.newInstance(Constructor.java:274)
	at com.topcoder.util.objectfactory.ObjectFactory.createObjectByReflection(ObjectFactory.java:611)
	... 21 more
Caused by: com.topcoder.db.connectionfactory.ConfigurationException: Unexpected errors- , caused by null
	at com.topcoder.db.connectionfactory.DBConnectionFactoryImpl.&lt;init&gt;(DBConnectionFactoryImpl.java:211)
	... 25 more
Caused by: java.lang.reflect.InvocationTargetException
	at java.lang.reflect.Constructor.newInstance(Constructor.java:274)
	at com.topcoder.db.connectionfactory.DBConnectionFactoryImpl.&lt;init&gt;(DBConnectionFactoryImpl.java:190)
	... 25 more
Caused by: java.lang.ClassNotFoundException: The class name com.microsoft.sqlserver.jdbc.SQLServerDriver is invalid.
	at com.topcoder.db.connectionfactory.producers.JDBCConnectionProducer.&lt;init&gt;(JDBCConnectionProducer.java:236)
	... 29 more
Caused by: java.lang.ClassNotFoundException: com.microsoft.sqlserver.jdbc.SQLServerDriver
	at java.net.URLClassLoader$1.run(URLClassLoader.java:199)
	at java.security.AccessController.doPrivileged(Native Method)
	at java.net.URLClassLoader.findClass(URLClassLoader.java:187)
	at java.lang.ClassLoader.loadClass(ClassLoader.java:289)
	at sun.misc.Launcher$AppClassLoader.loadClass(Launcher.java:274)
	at java.lang.ClassLoader.loadClass(ClassLoader.java:235)
	at java.lang.ClassLoader.loadClassInternal(ClassLoader.java:302)
	at java.lang.Class.forName0(Native Method)
	at java.lang.Class.forName(Class.java:141)
	at com.topcoder.db.connectionfactory.producers.JDBCConnectionProducer.&lt;init&gt;(JDBCConnectionProducer.java:234)
	... 29 more
Caused by:com.topcoder.util.objectfactory.InvalidClassSpecificationException: The object can not be initialized., caused by null
	at com.topcoder.util.objectfactory.ObjectFactory.createObjectByReflection(ObjectFactory.java:623)
	at com.topcoder.util.objectfactory.ObjectFactory.createComplexSpecification(ObjectFactory.java:586)
	at com.topcoder.util.objectfactory.ObjectFactory.getObjectBySpecification(ObjectFactory.java:390)
	at com.topcoder.util.objectfactory.ObjectFactory.createObject(ObjectFactory.java:333)
	at com.topcoder.util.objectfactory.ObjectFactory.createObject(ObjectFactory.java:112)
	at com.orpheus.auction.persistence.AuctionPersistenceHelper.createObject(AuctionPersistenceHelper.java:215)
	at com.orpheus.auction.persistence.impl.SQLServerAuctionDAO.&lt;init&gt;(SQLServerAuctionDAO.java:151)
	at com.orpheus.auction.persistence.failuretests.SQLServerAuctionDAOFailureTest.setUp(SQLServerAuctionDAOFailureTest.java:45)
Caused by: java.lang.reflect.InvocationTargetException
	at java.lang.reflect.Constructor.newInstance(Constructor.java:274)
	at com.topcoder.util.objectfactory.ObjectFactory.createObjectByReflection(ObjectFactory.java:611)
	... 21 more
Caused by: com.topcoder.db.connectionfactory.ConfigurationException: Unexpected errors- , caused by null
	at com.topcoder.db.connectionfactory.DBConnectionFactoryImpl.&lt;init&gt;(DBConnectionFactoryImpl.java:211)
	... 25 more
Caused by: java.lang.reflect.InvocationTargetException
	at java.lang.reflect.Constructor.newInstance(Constructor.java:274)
	at com.topcoder.db.connectionfactory.DBConnectionFactoryImpl.&lt;init&gt;(DBConnectionFactoryImpl.java:190)
	... 25 more
Caused by: java.lang.ClassNotFoundException: The class name com.microsoft.sqlserver.jdbc.SQLServerDriver is invalid.
	at com.topcoder.db.connectionfactory.producers.JDBCConnectionProducer.&lt;init&gt;(JDBCConnectionProducer.java:236)
	... 29 more
Caused by: java.lang.ClassNotFoundException: com.microsoft.sqlserver.jdbc.SQLServerDriver
	at java.net.URLClassLoader$1.run(URLClassLoader.java:199)
	at java.security.AccessController.doPrivileged(Native Method)
	at java.net.URLClassLoader.findClass(URLClassLoader.java:187)
	at java.lang.ClassLoader.loadClass(ClassLoader.java:289)
	at sun.misc.Launcher$AppClassLoader.loadClass(Launcher.java:274)
	at java.lang.ClassLoader.loadClass(ClassLoader.java:235)
	at java.lang.ClassLoader.loadClassInternal(ClassLoader.java:302)
	at java.lang.Class.forName0(Native Method)
	at java.lang.Class.forName(Class.java:141)
	at com.topcoder.db.connectionfactory.producers.JDBCConnectionProducer.&lt;init&gt;(JDBCConnectionProducer.java:234)
	... 29 more
Caused by:java.lang.reflect.InvocationTargetException
	at java.lang.reflect.Constructor.newInstance(Constructor.java:274)
	at com.topcoder.util.objectfactory.ObjectFactory.createObjectByReflection(ObjectFactory.java:611)
	at com.topcoder.util.objectfactory.ObjectFactory.createComplexSpecification(ObjectFactory.java:586)
	at com.topcoder.util.objectfactory.ObjectFactory.getObjectBySpecification(ObjectFactory.java:390)
	at com.topcoder.util.objectfactory.ObjectFactory.createObject(ObjectFactory.java:333)
	at com.topcoder.util.objectfactory.ObjectFactory.createObject(ObjectFactory.java:112)
	at com.orpheus.auction.persistence.AuctionPersistenceHelper.createObject(AuctionPersistenceHelper.java:215)
	at com.orpheus.auction.persistence.impl.SQLServerAuctionDAO.&lt;init&gt;(SQLServerAuctionDAO.java:151)
	at com.orpheus.auction.persistence.failuretests.SQLServerAuctionDAOFailureTest.setUp(SQLServerAuctionDAOFailureTest.java:45)
Caused by: com.topcoder.db.connectionfactory.ConfigurationException: Unexpected errors- , caused by null
	at com.topcoder.db.connectionfactory.DBConnectionFactoryImpl.&lt;init&gt;(DBConnectionFactoryImpl.java:211)
	... 25 more
Caused by: java.lang.reflect.InvocationTargetException
	at java.lang.reflect.Constructor.newInstance(Constructor.java:274)
	at com.topcoder.db.connectionfactory.DBConnectionFactoryImpl.&lt;init&gt;(DBConnectionFactoryImpl.java:190)
	... 25 more
Caused by: java.lang.ClassNotFoundException: The class name com.microsoft.sqlserver.jdbc.SQLServerDriver is invalid.
	at com.topcoder.db.connectionfactory.producers.JDBCConnectionProducer.&lt;init&gt;(JDBCConnectionProducer.java:236)
	... 29 more
Caused by: java.lang.ClassNotFoundException: com.microsoft.sqlserver.jdbc.SQLServerDriver
	at java.net.URLClassLoader$1.run(URLClassLoader.java:199)
	at java.security.AccessController.doPrivileged(Native Method)
	at java.net.URLClassLoader.findClass(URLClassLoader.java:187)
	at java.lang.ClassLoader.loadClass(ClassLoader.java:289)
	at sun.misc.Launcher$AppClassLoader.loadClass(Launcher.java:274)
	at java.lang.ClassLoader.loadClass(ClassLoader.java:235)
	at java.lang.ClassLoader.loadClassInternal(ClassLoader.java:302)
	at java.lang.Class.forName0(Native Method)
	at java.lang.Class.forName(Class.java:141)
	at com.topcoder.db.connectionfactory.producers.JDBCConnectionProducer.&lt;init&gt;(JDBCConnectionProducer.java:234)
	... 29 more
</error>
  </testcase>
  <testcase name="testUpdateBids5" classname="com.orpheus.auction.persistence.failuretests.SQLServerAuctionDAOFailureTest" time="0.047">
    <error message="The com.topcoder.db.connectionfactory.DBConnectionFactory instance can&apos;t be created successfully., caused by The object can not be initialized., caused by null" type="com.orpheus.auction.persistence.ObjectInstantiationException">com.orpheus.auction.persistence.ObjectInstantiationException: The com.topcoder.db.connectionfactory.DBConnectionFactory instance can&apos;t be created successfully., caused by The object can not be initialized., caused by null
	at com.orpheus.auction.persistence.AuctionPersistenceHelper.createObject(AuctionPersistenceHelper.java:223)
	at com.orpheus.auction.persistence.impl.SQLServerAuctionDAO.&lt;init&gt;(SQLServerAuctionDAO.java:151)
	at com.orpheus.auction.persistence.failuretests.SQLServerAuctionDAOFailureTest.setUp(SQLServerAuctionDAOFailureTest.java:45)
Caused by: com.topcoder.util.objectfactory.InvalidClassSpecificationException: The object can not be initialized., caused by null
	at com.topcoder.util.objectfactory.ObjectFactory.createObjectByReflection(ObjectFactory.java:623)
	at com.topcoder.util.objectfactory.ObjectFactory.createComplexSpecification(ObjectFactory.java:586)
	at com.topcoder.util.objectfactory.ObjectFactory.getObjectBySpecification(ObjectFactory.java:390)
	at com.topcoder.util.objectfactory.ObjectFactory.createObject(ObjectFactory.java:333)
	at com.topcoder.util.objectfactory.ObjectFactory.createObject(ObjectFactory.java:112)
	at com.orpheus.auction.persistence.AuctionPersistenceHelper.createObject(AuctionPersistenceHelper.java:215)
	... 16 more
Caused by: java.lang.reflect.InvocationTargetException
	at java.lang.reflect.Constructor.newInstance(Constructor.java:274)
	at com.topcoder.util.objectfactory.ObjectFactory.createObjectByReflection(ObjectFactory.java:611)
	... 21 more
Caused by: com.topcoder.db.connectionfactory.ConfigurationException: Unexpected errors- , caused by null
	at com.topcoder.db.connectionfactory.DBConnectionFactoryImpl.&lt;init&gt;(DBConnectionFactoryImpl.java:211)
	... 25 more
Caused by: java.lang.reflect.InvocationTargetException
	at java.lang.reflect.Constructor.newInstance(Constructor.java:274)
	at com.topcoder.db.connectionfactory.DBConnectionFactoryImpl.&lt;init&gt;(DBConnectionFactoryImpl.java:190)
	... 25 more
Caused by: java.lang.ClassNotFoundException: The class name com.microsoft.sqlserver.jdbc.SQLServerDriver is invalid.
	at com.topcoder.db.connectionfactory.producers.JDBCConnectionProducer.&lt;init&gt;(JDBCConnectionProducer.java:236)
	... 29 more
Caused by: java.lang.ClassNotFoundException: com.microsoft.sqlserver.jdbc.SQLServerDriver
	at java.net.URLClassLoader$1.run(URLClassLoader.java:199)
	at java.security.AccessController.doPrivileged(Native Method)
	at java.net.URLClassLoader.findClass(URLClassLoader.java:187)
	at java.lang.ClassLoader.loadClass(ClassLoader.java:289)
	at sun.misc.Launcher$AppClassLoader.loadClass(Launcher.java:274)
	at java.lang.ClassLoader.loadClass(ClassLoader.java:235)
	at java.lang.ClassLoader.loadClassInternal(ClassLoader.java:302)
	at java.lang.Class.forName0(Native Method)
	at java.lang.Class.forName(Class.java:141)
	at com.topcoder.db.connectionfactory.producers.JDBCConnectionProducer.&lt;init&gt;(JDBCConnectionProducer.java:234)
	... 29 more
Caused by:com.topcoder.util.objectfactory.InvalidClassSpecificationException: The object can not be initialized., caused by null
	at com.topcoder.util.objectfactory.ObjectFactory.createObjectByReflection(ObjectFactory.java:623)
	at com.topcoder.util.objectfactory.ObjectFactory.createComplexSpecification(ObjectFactory.java:586)
	at com.topcoder.util.objectfactory.ObjectFactory.getObjectBySpecification(ObjectFactory.java:390)
	at com.topcoder.util.objectfactory.ObjectFactory.createObject(ObjectFactory.java:333)
	at com.topcoder.util.objectfactory.ObjectFactory.createObject(ObjectFactory.java:112)
	at com.orpheus.auction.persistence.AuctionPersistenceHelper.createObject(AuctionPersistenceHelper.java:215)
	at com.orpheus.auction.persistence.impl.SQLServerAuctionDAO.&lt;init&gt;(SQLServerAuctionDAO.java:151)
	at com.orpheus.auction.persistence.failuretests.SQLServerAuctionDAOFailureTest.setUp(SQLServerAuctionDAOFailureTest.java:45)
Caused by: java.lang.reflect.InvocationTargetException
	at java.lang.reflect.Constructor.newInstance(Constructor.java:274)
	at com.topcoder.util.objectfactory.ObjectFactory.createObjectByReflection(ObjectFactory.java:611)
	... 21 more
Caused by: com.topcoder.db.connectionfactory.ConfigurationException: Unexpected errors- , caused by null
	at com.topcoder.db.connectionfactory.DBConnectionFactoryImpl.&lt;init&gt;(DBConnectionFactoryImpl.java:211)
	... 25 more
Caused by: java.lang.reflect.InvocationTargetException
	at java.lang.reflect.Constructor.newInstance(Constructor.java:274)
	at com.topcoder.db.connectionfactory.DBConnectionFactoryImpl.&lt;init&gt;(DBConnectionFactoryImpl.java:190)
	... 25 more
Caused by: java.lang.ClassNotFoundException: The class name com.microsoft.sqlserver.jdbc.SQLServerDriver is invalid.
	at com.topcoder.db.connectionfactory.producers.JDBCConnectionProducer.&lt;init&gt;(JDBCConnectionProducer.java:236)
	... 29 more
Caused by: java.lang.ClassNotFoundException: com.microsoft.sqlserver.jdbc.SQLServerDriver
	at java.net.URLClassLoader$1.run(URLClassLoader.java:199)
	at java.security.AccessController.doPrivileged(Native Method)
	at java.net.URLClassLoader.findClass(URLClassLoader.java:187)
	at java.lang.ClassLoader.loadClass(ClassLoader.java:289)
	at sun.misc.Launcher$AppClassLoader.loadClass(Launcher.java:274)
	at java.lang.ClassLoader.loadClass(ClassLoader.java:235)
	at java.lang.ClassLoader.loadClassInternal(ClassLoader.java:302)
	at java.lang.Class.forName0(Native Method)
	at java.lang.Class.forName(Class.java:141)
	at com.topcoder.db.connectionfactory.producers.JDBCConnectionProducer.&lt;init&gt;(JDBCConnectionProducer.java:234)
	... 29 more
Caused by:java.lang.reflect.InvocationTargetException
	at java.lang.reflect.Constructor.newInstance(Constructor.java:274)
	at com.topcoder.util.objectfactory.ObjectFactory.createObjectByReflection(ObjectFactory.java:611)
	at com.topcoder.util.objectfactory.ObjectFactory.createComplexSpecification(ObjectFactory.java:586)
	at com.topcoder.util.objectfactory.ObjectFactory.getObjectBySpecification(ObjectFactory.java:390)
	at com.topcoder.util.objectfactory.ObjectFactory.createObject(ObjectFactory.java:333)
	at com.topcoder.util.objectfactory.ObjectFactory.createObject(ObjectFactory.java:112)
	at com.orpheus.auction.persistence.AuctionPersistenceHelper.createObject(AuctionPersistenceHelper.java:215)
	at com.orpheus.auction.persistence.impl.SQLServerAuctionDAO.&lt;init&gt;(SQLServerAuctionDAO.java:151)
	at com.orpheus.auction.persistence.failuretests.SQLServerAuctionDAOFailureTest.setUp(SQLServerAuctionDAOFailureTest.java:45)
Caused by: com.topcoder.db.connectionfactory.ConfigurationException: Unexpected errors- , caused by null
	at com.topcoder.db.connectionfactory.DBConnectionFactoryImpl.&lt;init&gt;(DBConnectionFactoryImpl.java:211)
	... 25 more
Caused by: java.lang.reflect.InvocationTargetException
	at java.lang.reflect.Constructor.newInstance(Constructor.java:274)
	at com.topcoder.db.connectionfactory.DBConnectionFactoryImpl.&lt;init&gt;(DBConnectionFactoryImpl.java:190)
	... 25 more
Caused by: java.lang.ClassNotFoundException: The class name com.microsoft.sqlserver.jdbc.SQLServerDriver is invalid.
	at com.topcoder.db.connectionfactory.producers.JDBCConnectionProducer.&lt;init&gt;(JDBCConnectionProducer.java:236)
	... 29 more
Caused by: java.lang.ClassNotFoundException: com.microsoft.sqlserver.jdbc.SQLServerDriver
	at java.net.URLClassLoader$1.run(URLClassLoader.java:199)
	at java.security.AccessController.doPrivileged(Native Method)
	at java.net.URLClassLoader.findClass(URLClassLoader.java:187)
	at java.lang.ClassLoader.loadClass(ClassLoader.java:289)
	at sun.misc.Launcher$AppClassLoader.loadClass(Launcher.java:274)
	at java.lang.ClassLoader.loadClass(ClassLoader.java:235)
	at java.lang.ClassLoader.loadClassInternal(ClassLoader.java:302)
	at java.lang.Class.forName0(Native Method)
	at java.lang.Class.forName(Class.java:141)
	at com.topcoder.db.connectionfactory.producers.JDBCConnectionProducer.&lt;init&gt;(JDBCConnectionProducer.java:234)
	... 29 more
</error>
  </testcase>
  <testcase name="testUpdateBids6" classname="com.orpheus.auction.persistence.failuretests.SQLServerAuctionDAOFailureTest" time="0.063">
    <error message="The com.topcoder.db.connectionfactory.DBConnectionFactory instance can&apos;t be created successfully., caused by The object can not be initialized., caused by null" type="com.orpheus.auction.persistence.ObjectInstantiationException">com.orpheus.auction.persistence.ObjectInstantiationException: The com.topcoder.db.connectionfactory.DBConnectionFactory instance can&apos;t be created successfully., caused by The object can not be initialized., caused by null
	at com.orpheus.auction.persistence.AuctionPersistenceHelper.createObject(AuctionPersistenceHelper.java:223)
	at com.orpheus.auction.persistence.impl.SQLServerAuctionDAO.&lt;init&gt;(SQLServerAuctionDAO.java:151)
	at com.orpheus.auction.persistence.failuretests.SQLServerAuctionDAOFailureTest.setUp(SQLServerAuctionDAOFailureTest.java:45)
Caused by: com.topcoder.util.objectfactory.InvalidClassSpecificationException: The object can not be initialized., caused by null
	at com.topcoder.util.objectfactory.ObjectFactory.createObjectByReflection(ObjectFactory.java:623)
	at com.topcoder.util.objectfactory.ObjectFactory.createComplexSpecification(ObjectFactory.java:586)
	at com.topcoder.util.objectfactory.ObjectFactory.getObjectBySpecification(ObjectFactory.java:390)
	at com.topcoder.util.objectfactory.ObjectFactory.createObject(ObjectFactory.java:333)
	at com.topcoder.util.objectfactory.ObjectFactory.createObject(ObjectFactory.java:112)
	at com.orpheus.auction.persistence.AuctionPersistenceHelper.createObject(AuctionPersistenceHelper.java:215)
	... 16 more
Caused by: java.lang.reflect.InvocationTargetException
	at java.lang.reflect.Constructor.newInstance(Constructor.java:274)
	at com.topcoder.util.objectfactory.ObjectFactory.createObjectByReflection(ObjectFactory.java:611)
	... 21 more
Caused by: com.topcoder.db.connectionfactory.ConfigurationException: Unexpected errors- , caused by null
	at com.topcoder.db.connectionfactory.DBConnectionFactoryImpl.&lt;init&gt;(DBConnectionFactoryImpl.java:211)
	... 25 more
Caused by: java.lang.reflect.InvocationTargetException
	at java.lang.reflect.Constructor.newInstance(Constructor.java:274)
	at com.topcoder.db.connectionfactory.DBConnectionFactoryImpl.&lt;init&gt;(DBConnectionFactoryImpl.java:190)
	... 25 more
Caused by: java.lang.ClassNotFoundException: The class name com.microsoft.sqlserver.jdbc.SQLServerDriver is invalid.
	at com.topcoder.db.connectionfactory.producers.JDBCConnectionProducer.&lt;init&gt;(JDBCConnectionProducer.java:236)
	... 29 more
Caused by: java.lang.ClassNotFoundException: com.microsoft.sqlserver.jdbc.SQLServerDriver
	at java.net.URLClassLoader$1.run(URLClassLoader.java:199)
	at java.security.AccessController.doPrivileged(Native Method)
	at java.net.URLClassLoader.findClass(URLClassLoader.java:187)
	at java.lang.ClassLoader.loadClass(ClassLoader.java:289)
	at sun.misc.Launcher$AppClassLoader.loadClass(Launcher.java:274)
	at java.lang.ClassLoader.loadClass(ClassLoader.java:235)
	at java.lang.ClassLoader.loadClassInternal(ClassLoader.java:302)
	at java.lang.Class.forName0(Native Method)
	at java.lang.Class.forName(Class.java:141)
	at com.topcoder.db.connectionfactory.producers.JDBCConnectionProducer.&lt;init&gt;(JDBCConnectionProducer.java:234)
	... 29 more
Caused by:com.topcoder.util.objectfactory.InvalidClassSpecificationException: The object can not be initialized., caused by null
	at com.topcoder.util.objectfactory.ObjectFactory.createObjectByReflection(ObjectFactory.java:623)
	at com.topcoder.util.objectfactory.ObjectFactory.createComplexSpecification(ObjectFactory.java:586)
	at com.topcoder.util.objectfactory.ObjectFactory.getObjectBySpecification(ObjectFactory.java:390)
	at com.topcoder.util.objectfactory.ObjectFactory.createObject(ObjectFactory.java:333)
	at com.topcoder.util.objectfactory.ObjectFactory.createObject(ObjectFactory.java:112)
	at com.orpheus.auction.persistence.AuctionPersistenceHelper.createObject(AuctionPersistenceHelper.java:215)
	at com.orpheus.auction.persistence.impl.SQLServerAuctionDAO.&lt;init&gt;(SQLServerAuctionDAO.java:151)
	at com.orpheus.auction.persistence.failuretests.SQLServerAuctionDAOFailureTest.setUp(SQLServerAuctionDAOFailureTest.java:45)
Caused by: java.lang.reflect.InvocationTargetException
	at java.lang.reflect.Constructor.newInstance(Constructor.java:274)
	at com.topcoder.util.objectfactory.ObjectFactory.createObjectByReflection(ObjectFactory.java:611)
	... 21 more
Caused by: com.topcoder.db.connectionfactory.ConfigurationException: Unexpected errors- , caused by null
	at com.topcoder.db.connectionfactory.DBConnectionFactoryImpl.&lt;init&gt;(DBConnectionFactoryImpl.java:211)
	... 25 more
Caused by: java.lang.reflect.InvocationTargetException
	at java.lang.reflect.Constructor.newInstance(Constructor.java:274)
	at com.topcoder.db.connectionfactory.DBConnectionFactoryImpl.&lt;init&gt;(DBConnectionFactoryImpl.java:190)
	... 25 more
Caused by: java.lang.ClassNotFoundException: The class name com.microsoft.sqlserver.jdbc.SQLServerDriver is invalid.
	at com.topcoder.db.connectionfactory.producers.JDBCConnectionProducer.&lt;init&gt;(JDBCConnectionProducer.java:236)
	... 29 more
Caused by: java.lang.ClassNotFoundException: com.microsoft.sqlserver.jdbc.SQLServerDriver
	at java.net.URLClassLoader$1.run(URLClassLoader.java:199)
	at java.security.AccessController.doPrivileged(Native Method)
	at java.net.URLClassLoader.findClass(URLClassLoader.java:187)
	at java.lang.ClassLoader.loadClass(ClassLoader.java:289)
	at sun.misc.Launcher$AppClassLoader.loadClass(Launcher.java:274)
	at java.lang.ClassLoader.loadClass(ClassLoader.java:235)
	at java.lang.ClassLoader.loadClassInternal(ClassLoader.java:302)
	at java.lang.Class.forName0(Native Method)
	at java.lang.Class.forName(Class.java:141)
	at com.topcoder.db.connectionfactory.producers.JDBCConnectionProducer.&lt;init&gt;(JDBCConnectionProducer.java:234)
	... 29 more
Caused by:java.lang.reflect.InvocationTargetException
	at java.lang.reflect.Constructor.newInstance(Constructor.java:274)
	at com.topcoder.util.objectfactory.ObjectFactory.createObjectByReflection(ObjectFactory.java:611)
	at com.topcoder.util.objectfactory.ObjectFactory.createComplexSpecification(ObjectFactory.java:586)
	at com.topcoder.util.objectfactory.ObjectFactory.getObjectBySpecification(ObjectFactory.java:390)
	at com.topcoder.util.objectfactory.ObjectFactory.createObject(ObjectFactory.java:333)
	at com.topcoder.util.objectfactory.ObjectFactory.createObject(ObjectFactory.java:112)
	at com.orpheus.auction.persistence.AuctionPersistenceHelper.createObject(AuctionPersistenceHelper.java:215)
	at com.orpheus.auction.persistence.impl.SQLServerAuctionDAO.&lt;init&gt;(SQLServerAuctionDAO.java:151)
	at com.orpheus.auction.persistence.failuretests.SQLServerAuctionDAOFailureTest.setUp(SQLServerAuctionDAOFailureTest.java:45)
Caused by: com.topcoder.db.connectionfactory.ConfigurationException: Unexpected errors- , caused by null
	at com.topcoder.db.connectionfactory.DBConnectionFactoryImpl.&lt;init&gt;(DBConnectionFactoryImpl.java:211)
	... 25 more
Caused by: java.lang.reflect.InvocationTargetException
	at java.lang.reflect.Constructor.newInstance(Constructor.java:274)
	at com.topcoder.db.connectionfactory.DBConnectionFactoryImpl.&lt;init&gt;(DBConnectionFactoryImpl.java:190)
	... 25 more
Caused by: java.lang.ClassNotFoundException: The class name com.microsoft.sqlserver.jdbc.SQLServerDriver is invalid.
	at com.topcoder.db.connectionfactory.producers.JDBCConnectionProducer.&lt;init&gt;(JDBCConnectionProducer.java:236)
	... 29 more
Caused by: java.lang.ClassNotFoundException: com.microsoft.sqlserver.jdbc.SQLServerDriver
	at java.net.URLClassLoader$1.run(URLClassLoader.java:199)
	at java.security.AccessController.doPrivileged(Native Method)
	at java.net.URLClassLoader.findClass(URLClassLoader.java:187)
	at java.lang.ClassLoader.loadClass(ClassLoader.java:289)
	at sun.misc.Launcher$AppClassLoader.loadClass(Launcher.java:274)
	at java.lang.ClassLoader.loadClass(ClassLoader.java:235)
	at java.lang.ClassLoader.loadClassInternal(ClassLoader.java:302)
	at java.lang.Class.forName0(Native Method)
	at java.lang.Class.forName(Class.java:141)
	at com.topcoder.db.connectionfactory.producers.JDBCConnectionProducer.&lt;init&gt;(JDBCConnectionProducer.java:234)
	... 29 more
</error>
  </testcase>
  <testcase name="testDeleteAuction_NotExistAuctionId" classname="com.orpheus.auction.persistence.failuretests.SQLServerAuctionDAOFailureTest" time="0.047">
    <error message="The com.topcoder.db.connectionfactory.DBConnectionFactory instance can&apos;t be created successfully., caused by The object can not be initialized., caused by null" type="com.orpheus.auction.persistence.ObjectInstantiationException">com.orpheus.auction.persistence.ObjectInstantiationException: The com.topcoder.db.connectionfactory.DBConnectionFactory instance can&apos;t be created successfully., caused by The object can not be initialized., caused by null
	at com.orpheus.auction.persistence.AuctionPersistenceHelper.createObject(AuctionPersistenceHelper.java:223)
	at com.orpheus.auction.persistence.impl.SQLServerAuctionDAO.&lt;init&gt;(SQLServerAuctionDAO.java:151)
	at com.orpheus.auction.persistence.failuretests.SQLServerAuctionDAOFailureTest.setUp(SQLServerAuctionDAOFailureTest.java:45)
Caused by: com.topcoder.util.objectfactory.InvalidClassSpecificationException: The object can not be initialized., caused by null
	at com.topcoder.util.objectfactory.ObjectFactory.createObjectByReflection(ObjectFactory.java:623)
	at com.topcoder.util.objectfactory.ObjectFactory.createComplexSpecification(ObjectFactory.java:586)
	at com.topcoder.util.objectfactory.ObjectFactory.getObjectBySpecification(ObjectFactory.java:390)
	at com.topcoder.util.objectfactory.ObjectFactory.createObject(ObjectFactory.java:333)
	at com.topcoder.util.objectfactory.ObjectFactory.createObject(ObjectFactory.java:112)
	at com.orpheus.auction.persistence.AuctionPersistenceHelper.createObject(AuctionPersistenceHelper.java:215)
	... 16 more
Caused by: java.lang.reflect.InvocationTargetException
	at java.lang.reflect.Constructor.newInstance(Constructor.java:274)
	at com.topcoder.util.objectfactory.ObjectFactory.createObjectByReflection(ObjectFactory.java:611)
	... 21 more
Caused by: com.topcoder.db.connectionfactory.ConfigurationException: Unexpected errors- , caused by null
	at com.topcoder.db.connectionfactory.DBConnectionFactoryImpl.&lt;init&gt;(DBConnectionFactoryImpl.java:211)
	... 25 more
Caused by: java.lang.reflect.InvocationTargetException
	at java.lang.reflect.Constructor.newInstance(Constructor.java:274)
	at com.topcoder.db.connectionfactory.DBConnectionFactoryImpl.&lt;init&gt;(DBConnectionFactoryImpl.java:190)
	... 25 more
Caused by: java.lang.ClassNotFoundException: The class name com.microsoft.sqlserver.jdbc.SQLServerDriver is invalid.
	at com.topcoder.db.connectionfactory.producers.JDBCConnectionProducer.&lt;init&gt;(JDBCConnectionProducer.java:236)
	... 29 more
Caused by: java.lang.ClassNotFoundException: com.microsoft.sqlserver.jdbc.SQLServerDriver
	at java.net.URLClassLoader$1.run(URLClassLoader.java:199)
	at java.security.AccessController.doPrivileged(Native Method)
	at java.net.URLClassLoader.findClass(URLClassLoader.java:187)
	at java.lang.ClassLoader.loadClass(ClassLoader.java:289)
	at sun.misc.Launcher$AppClassLoader.loadClass(Launcher.java:274)
	at java.lang.ClassLoader.loadClass(ClassLoader.java:235)
	at java.lang.ClassLoader.loadClassInternal(ClassLoader.java:302)
	at java.lang.Class.forName0(Native Method)
	at java.lang.Class.forName(Class.java:141)
	at com.topcoder.db.connectionfactory.producers.JDBCConnectionProducer.&lt;init&gt;(JDBCConnectionProducer.java:234)
	... 29 more
Caused by:com.topcoder.util.objectfactory.InvalidClassSpecificationException: The object can not be initialized., caused by null
	at com.topcoder.util.objectfactory.ObjectFactory.createObjectByReflection(ObjectFactory.java:623)
	at com.topcoder.util.objectfactory.ObjectFactory.createComplexSpecification(ObjectFactory.java:586)
	at com.topcoder.util.objectfactory.ObjectFactory.getObjectBySpecification(ObjectFactory.java:390)
	at com.topcoder.util.objectfactory.ObjectFactory.createObject(ObjectFactory.java:333)
	at com.topcoder.util.objectfactory.ObjectFactory.createObject(ObjectFactory.java:112)
	at com.orpheus.auction.persistence.AuctionPersistenceHelper.createObject(AuctionPersistenceHelper.java:215)
	at com.orpheus.auction.persistence.impl.SQLServerAuctionDAO.&lt;init&gt;(SQLServerAuctionDAO.java:151)
	at com.orpheus.auction.persistence.failuretests.SQLServerAuctionDAOFailureTest.setUp(SQLServerAuctionDAOFailureTest.java:45)
Caused by: java.lang.reflect.InvocationTargetException
	at java.lang.reflect.Constructor.newInstance(Constructor.java:274)
	at com.topcoder.util.objectfactory.ObjectFactory.createObjectByReflection(ObjectFactory.java:611)
	... 21 more
Caused by: com.topcoder.db.connectionfactory.ConfigurationException: Unexpected errors- , caused by null
	at com.topcoder.db.connectionfactory.DBConnectionFactoryImpl.&lt;init&gt;(DBConnectionFactoryImpl.java:211)
	... 25 more
Caused by: java.lang.reflect.InvocationTargetException
	at java.lang.reflect.Constructor.newInstance(Constructor.java:274)
	at com.topcoder.db.connectionfactory.DBConnectionFactoryImpl.&lt;init&gt;(DBConnectionFactoryImpl.java:190)
	... 25 more
Caused by: java.lang.ClassNotFoundException: The class name com.microsoft.sqlserver.jdbc.SQLServerDriver is invalid.
	at com.topcoder.db.connectionfactory.producers.JDBCConnectionProducer.&lt;init&gt;(JDBCConnectionProducer.java:236)
	... 29 more
Caused by: java.lang.ClassNotFoundException: com.microsoft.sqlserver.jdbc.SQLServerDriver
	at java.net.URLClassLoader$1.run(URLClassLoader.java:199)
	at java.security.AccessController.doPrivileged(Native Method)
	at java.net.URLClassLoader.findClass(URLClassLoader.java:187)
	at java.lang.ClassLoader.loadClass(ClassLoader.java:289)
	at sun.misc.Launcher$AppClassLoader.loadClass(Launcher.java:274)
	at java.lang.ClassLoader.loadClass(ClassLoader.java:235)
	at java.lang.ClassLoader.loadClassInternal(ClassLoader.java:302)
	at java.lang.Class.forName0(Native Method)
	at java.lang.Class.forName(Class.java:141)
	at com.topcoder.db.connectionfactory.producers.JDBCConnectionProducer.&lt;init&gt;(JDBCConnectionProducer.java:234)
	... 29 more
Caused by:java.lang.reflect.InvocationTargetException
	at java.lang.reflect.Constructor.newInstance(Constructor.java:274)
	at com.topcoder.util.objectfactory.ObjectFactory.createObjectByReflection(ObjectFactory.java:611)
	at com.topcoder.util.objectfactory.ObjectFactory.createComplexSpecification(ObjectFactory.java:586)
	at com.topcoder.util.objectfactory.ObjectFactory.getObjectBySpecification(ObjectFactory.java:390)
	at com.topcoder.util.objectfactory.ObjectFactory.createObject(ObjectFactory.java:333)
	at com.topcoder.util.objectfactory.ObjectFactory.createObject(ObjectFactory.java:112)
	at com.orpheus.auction.persistence.AuctionPersistenceHelper.createObject(AuctionPersistenceHelper.java:215)
	at com.orpheus.auction.persistence.impl.SQLServerAuctionDAO.&lt;init&gt;(SQLServerAuctionDAO.java:151)
	at com.orpheus.auction.persistence.failuretests.SQLServerAuctionDAOFailureTest.setUp(SQLServerAuctionDAOFailureTest.java:45)
Caused by: com.topcoder.db.connectionfactory.ConfigurationException: Unexpected errors- , caused by null
	at com.topcoder.db.connectionfactory.DBConnectionFactoryImpl.&lt;init&gt;(DBConnectionFactoryImpl.java:211)
	... 25 more
Caused by: java.lang.reflect.InvocationTargetException
	at java.lang.reflect.Constructor.newInstance(Constructor.java:274)
	at com.topcoder.db.connectionfactory.DBConnectionFactoryImpl.&lt;init&gt;(DBConnectionFactoryImpl.java:190)
	... 25 more
Caused by: java.lang.ClassNotFoundException: The class name com.microsoft.sqlserver.jdbc.SQLServerDriver is invalid.
	at com.topcoder.db.connectionfactory.producers.JDBCConnectionProducer.&lt;init&gt;(JDBCConnectionProducer.java:236)
	... 29 more
Caused by: java.lang.ClassNotFoundException: com.microsoft.sqlserver.jdbc.SQLServerDriver
	at java.net.URLClassLoader$1.run(URLClassLoader.java:199)
	at java.security.AccessController.doPrivileged(Native Method)
	at java.net.URLClassLoader.findClass(URLClassLoader.java:187)
	at java.lang.ClassLoader.loadClass(ClassLoader.java:289)
	at sun.misc.Launcher$AppClassLoader.loadClass(Launcher.java:274)
	at java.lang.ClassLoader.loadClass(ClassLoader.java:235)
	at java.lang.ClassLoader.loadClassInternal(ClassLoader.java:302)
	at java.lang.Class.forName0(Native Method)
	at java.lang.Class.forName(Class.java:141)
	at com.topcoder.db.connectionfactory.producers.JDBCConnectionProducer.&lt;init&gt;(JDBCConnectionProducer.java:234)
	... 29 more
</error>
  </testcase>
  <testcase name="testAssembleBid" classname="com.orpheus.auction.persistence.accuracytests.DefaultAuctionTranslatorAccTests" time="0.0"></testcase>
  <testcase name="testAssembleBidDTO" classname="com.orpheus.auction.persistence.accuracytests.DefaultAuctionTranslatorAccTests" time="0.0"></testcase>
  <testcase name="testAssembleAuction" classname="com.orpheus.auction.persistence.accuracytests.DefaultAuctionTranslatorAccTests" time="0.015"></testcase>
  <testcase name="testAssembleAuctionDTO" classname="com.orpheus.auction.persistence.accuracytests.DefaultAuctionTranslatorAccTests" time="0.0"></testcase>
  <testcase name="testCreateAuction" classname="com.orpheus.auction.persistence.accuracytests.LocalCustomAuctionPersistenceAccTests" time="0.031">
    <error message="Unexpected errors- , caused by null" type="com.topcoder.db.connectionfactory.ConfigurationException">com.topcoder.db.connectionfactory.ConfigurationException: Unexpected errors- , caused by null
	at com.topcoder.db.connectionfactory.DBConnectionFactoryImpl.&lt;init&gt;(DBConnectionFactoryImpl.java:211)
	at com.orpheus.auction.persistence.accuracytests.TestHelper.getConnection(TestHelper.java:186)
	at com.orpheus.auction.persistence.accuracytests.LocalCustomAuctionPersistenceAccTests.setUp(LocalCustomAuctionPersistenceAccTests.java:89)
Caused by: java.lang.reflect.InvocationTargetException
	at java.lang.reflect.Constructor.newInstance(Constructor.java:274)
	at com.topcoder.db.connectionfactory.DBConnectionFactoryImpl.&lt;init&gt;(DBConnectionFactoryImpl.java:190)
	... 16 more
Caused by: java.lang.ClassNotFoundException: The class name com.microsoft.sqlserver.jdbc.SQLServerDriver is invalid.
	at com.topcoder.db.connectionfactory.producers.JDBCConnectionProducer.&lt;init&gt;(JDBCConnectionProducer.java:236)
	... 20 more
Caused by: java.lang.ClassNotFoundException: com.microsoft.sqlserver.jdbc.SQLServerDriver
	at java.net.URLClassLoader$1.run(URLClassLoader.java:199)
	at java.security.AccessController.doPrivileged(Native Method)
	at java.net.URLClassLoader.findClass(URLClassLoader.java:187)
	at java.lang.ClassLoader.loadClass(ClassLoader.java:289)
	at sun.misc.Launcher$AppClassLoader.loadClass(Launcher.java:274)
	at java.lang.ClassLoader.loadClass(ClassLoader.java:235)
	at java.lang.ClassLoader.loadClassInternal(ClassLoader.java:302)
	at java.lang.Class.forName0(Native Method)
	at java.lang.Class.forName(Class.java:141)
	at com.topcoder.db.connectionfactory.producers.JDBCConnectionProducer.&lt;init&gt;(JDBCConnectionProducer.java:234)
	... 20 more
Caused by:java.lang.reflect.InvocationTargetException
	at java.lang.reflect.Constructor.newInstance(Constructor.java:274)
	at com.topcoder.db.connectionfactory.DBConnectionFactoryImpl.&lt;init&gt;(DBConnectionFactoryImpl.java:190)
	at com.orpheus.auction.persistence.accuracytests.TestHelper.getConnection(TestHelper.java:186)
	at com.orpheus.auction.persistence.accuracytests.LocalCustomAuctionPersistenceAccTests.setUp(LocalCustomAuctionPersistenceAccTests.java:89)
Caused by: java.lang.ClassNotFoundException: The class name com.microsoft.sqlserver.jdbc.SQLServerDriver is invalid.
	at com.topcoder.db.connectionfactory.producers.JDBCConnectionProducer.&lt;init&gt;(JDBCConnectionProducer.java:236)
	... 20 more
Caused by: java.lang.ClassNotFoundException: com.microsoft.sqlserver.jdbc.SQLServerDriver
	at java.net.URLClassLoader$1.run(URLClassLoader.java:199)
	at java.security.AccessController.doPrivileged(Native Method)
	at java.net.URLClassLoader.findClass(URLClassLoader.java:187)
	at java.lang.ClassLoader.loadClass(ClassLoader.java:289)
	at sun.misc.Launcher$AppClassLoader.loadClass(Launcher.java:274)
	at java.lang.ClassLoader.loadClass(ClassLoader.java:235)
	at java.lang.ClassLoader.loadClassInternal(ClassLoader.java:302)
	at java.lang.Class.forName0(Native Method)
	at java.lang.Class.forName(Class.java:141)
	at com.topcoder.db.connectionfactory.producers.JDBCConnectionProducer.&lt;init&gt;(JDBCConnectionProducer.java:234)
	... 20 more
</error>
  </testcase>
  <testcase name="testUpdateAuction" classname="com.orpheus.auction.persistence.accuracytests.LocalCustomAuctionPersistenceAccTests" time="0.0">
    <error message="Unexpected errors- , caused by null" type="com.topcoder.db.connectionfactory.ConfigurationException">com.topcoder.db.connectionfactory.ConfigurationException: Unexpected errors- , caused by null
	at com.topcoder.db.connectionfactory.DBConnectionFactoryImpl.&lt;init&gt;(DBConnectionFactoryImpl.java:211)
	at com.orpheus.auction.persistence.accuracytests.TestHelper.getConnection(TestHelper.java:186)
	at com.orpheus.auction.persistence.accuracytests.LocalCustomAuctionPersistenceAccTests.setUp(LocalCustomAuctionPersistenceAccTests.java:89)
Caused by: java.lang.reflect.InvocationTargetException
	at java.lang.reflect.Constructor.newInstance(Constructor.java:274)
	at com.topcoder.db.connectionfactory.DBConnectionFactoryImpl.&lt;init&gt;(DBConnectionFactoryImpl.java:190)
	... 16 more
Caused by: java.lang.ClassNotFoundException: The class name com.microsoft.sqlserver.jdbc.SQLServerDriver is invalid.
	at com.topcoder.db.connectionfactory.producers.JDBCConnectionProducer.&lt;init&gt;(JDBCConnectionProducer.java:236)
	... 20 more
Caused by: java.lang.ClassNotFoundException: com.microsoft.sqlserver.jdbc.SQLServerDriver
	at java.net.URLClassLoader$1.run(URLClassLoader.java:199)
	at java.security.AccessController.doPrivileged(Native Method)
	at java.net.URLClassLoader.findClass(URLClassLoader.java:187)
	at java.lang.ClassLoader.loadClass(ClassLoader.java:289)
	at sun.misc.Launcher$AppClassLoader.loadClass(Launcher.java:274)
	at java.lang.ClassLoader.loadClass(ClassLoader.java:235)
	at java.lang.ClassLoader.loadClassInternal(ClassLoader.java:302)
	at java.lang.Class.forName0(Native Method)
	at java.lang.Class.forName(Class.java:141)
	at com.topcoder.db.connectionfactory.producers.JDBCConnectionProducer.&lt;init&gt;(JDBCConnectionProducer.java:234)
	... 20 more
Caused by:java.lang.reflect.InvocationTargetException
	at java.lang.reflect.Constructor.newInstance(Constructor.java:274)
	at com.topcoder.db.connectionfactory.DBConnectionFactoryImpl.&lt;init&gt;(DBConnectionFactoryImpl.java:190)
	at com.orpheus.auction.persistence.accuracytests.TestHelper.getConnection(TestHelper.java:186)
	at com.orpheus.auction.persistence.accuracytests.LocalCustomAuctionPersistenceAccTests.setUp(LocalCustomAuctionPersistenceAccTests.java:89)
Caused by: java.lang.ClassNotFoundException: The class name com.microsoft.sqlserver.jdbc.SQLServerDriver is invalid.
	at com.topcoder.db.connectionfactory.producers.JDBCConnectionProducer.&lt;init&gt;(JDBCConnectionProducer.java:236)
	... 20 more
Caused by: java.lang.ClassNotFoundException: com.microsoft.sqlserver.jdbc.SQLServerDriver
	at java.net.URLClassLoader$1.run(URLClassLoader.java:199)
	at java.security.AccessController.doPrivileged(Native Method)
	at java.net.URLClassLoader.findClass(URLClassLoader.java:187)
	at java.lang.ClassLoader.loadClass(ClassLoader.java:289)
	at sun.misc.Launcher$AppClassLoader.loadClass(Launcher.java:274)
	at java.lang.ClassLoader.loadClass(ClassLoader.java:235)
	at java.lang.ClassLoader.loadClassInternal(ClassLoader.java:302)
	at java.lang.Class.forName0(Native Method)
	at java.lang.Class.forName(Class.java:141)
	at com.topcoder.db.connectionfactory.producers.JDBCConnectionProducer.&lt;init&gt;(JDBCConnectionProducer.java:234)
	... 20 more
</error>
  </testcase>
  <testcase name="testUpdateBids" classname="com.orpheus.auction.persistence.accuracytests.LocalCustomAuctionPersistenceAccTests" time="0.016">
    <error message="Unexpected errors- , caused by null" type="com.topcoder.db.connectionfactory.ConfigurationException">com.topcoder.db.connectionfactory.ConfigurationException: Unexpected errors- , caused by null
	at com.topcoder.db.connectionfactory.DBConnectionFactoryImpl.&lt;init&gt;(DBConnectionFactoryImpl.java:211)
	at com.orpheus.auction.persistence.accuracytests.TestHelper.getConnection(TestHelper.java:186)
	at com.orpheus.auction.persistence.accuracytests.LocalCustomAuctionPersistenceAccTests.setUp(LocalCustomAuctionPersistenceAccTests.java:89)
Caused by: java.lang.reflect.InvocationTargetException
	at java.lang.reflect.Constructor.newInstance(Constructor.java:274)
	at com.topcoder.db.connectionfactory.DBConnectionFactoryImpl.&lt;init&gt;(DBConnectionFactoryImpl.java:190)
	... 16 more
Caused by: java.lang.ClassNotFoundException: The class name com.microsoft.sqlserver.jdbc.SQLServerDriver is invalid.
	at com.topcoder.db.connectionfactory.producers.JDBCConnectionProducer.&lt;init&gt;(JDBCConnectionProducer.java:236)
	... 20 more
Caused by: java.lang.ClassNotFoundException: com.microsoft.sqlserver.jdbc.SQLServerDriver
	at java.net.URLClassLoader$1.run(URLClassLoader.java:199)
	at java.security.AccessController.doPrivileged(Native Method)
	at java.net.URLClassLoader.findClass(URLClassLoader.java:187)
	at java.lang.ClassLoader.loadClass(ClassLoader.java:289)
	at sun.misc.Launcher$AppClassLoader.loadClass(Launcher.java:274)
	at java.lang.ClassLoader.loadClass(ClassLoader.java:235)
	at java.lang.ClassLoader.loadClassInternal(ClassLoader.java:302)
	at java.lang.Class.forName0(Native Method)
	at java.lang.Class.forName(Class.java:141)
	at com.topcoder.db.connectionfactory.producers.JDBCConnectionProducer.&lt;init&gt;(JDBCConnectionProducer.java:234)
	... 20 more
Caused by:java.lang.reflect.InvocationTargetException
	at java.lang.reflect.Constructor.newInstance(Constructor.java:274)
	at com.topcoder.db.connectionfactory.DBConnectionFactoryImpl.&lt;init&gt;(DBConnectionFactoryImpl.java:190)
	at com.orpheus.auction.persistence.accuracytests.TestHelper.getConnection(TestHelper.java:186)
	at com.orpheus.auction.persistence.accuracytests.LocalCustomAuctionPersistenceAccTests.setUp(LocalCustomAuctionPersistenceAccTests.java:89)
Caused by: java.lang.ClassNotFoundException: The class name com.microsoft.sqlserver.jdbc.SQLServerDriver is invalid.
	at com.topcoder.db.connectionfactory.producers.JDBCConnectionProducer.&lt;init&gt;(JDBCConnectionProducer.java:236)
	... 20 more
Caused by: java.lang.ClassNotFoundException: com.microsoft.sqlserver.jdbc.SQLServerDriver
	at java.net.URLClassLoader$1.run(URLClassLoader.java:199)
	at java.security.AccessController.doPrivileged(Native Method)
	at java.net.URLClassLoader.findClass(URLClassLoader.java:187)
	at java.lang.ClassLoader.loadClass(ClassLoader.java:289)
	at sun.misc.Launcher$AppClassLoader.loadClass(Launcher.java:274)
	at java.lang.ClassLoader.loadClass(ClassLoader.java:235)
	at java.lang.ClassLoader.loadClassInternal(ClassLoader.java:302)
	at java.lang.Class.forName0(Native Method)
	at java.lang.Class.forName(Class.java:141)
	at com.topcoder.db.connectionfactory.producers.JDBCConnectionProducer.&lt;init&gt;(JDBCConnectionProducer.java:234)
	... 20 more
</error>
  </testcase>
  <testcase name="testDeleteAuction" classname="com.orpheus.auction.persistence.accuracytests.LocalCustomAuctionPersistenceAccTests" time="0.016">
    <error message="Unexpected errors- , caused by null" type="com.topcoder.db.connectionfactory.ConfigurationException">com.topcoder.db.connectionfactory.ConfigurationException: Unexpected errors- , caused by null
	at com.topcoder.db.connectionfactory.DBConnectionFactoryImpl.&lt;init&gt;(DBConnectionFactoryImpl.java:211)
	at com.orpheus.auction.persistence.accuracytests.TestHelper.getConnection(TestHelper.java:186)
	at com.orpheus.auction.persistence.accuracytests.LocalCustomAuctionPersistenceAccTests.setUp(LocalCustomAuctionPersistenceAccTests.java:89)
Caused by: java.lang.reflect.InvocationTargetException
	at java.lang.reflect.Constructor.newInstance(Constructor.java:274)
	at com.topcoder.db.connectionfactory.DBConnectionFactoryImpl.&lt;init&gt;(DBConnectionFactoryImpl.java:190)
	... 16 more
Caused by: java.lang.ClassNotFoundException: The class name com.microsoft.sqlserver.jdbc.SQLServerDriver is invalid.
	at com.topcoder.db.connectionfactory.producers.JDBCConnectionProducer.&lt;init&gt;(JDBCConnectionProducer.java:236)
	... 20 more
Caused by: java.lang.ClassNotFoundException: com.microsoft.sqlserver.jdbc.SQLServerDriver
	at java.net.URLClassLoader$1.run(URLClassLoader.java:199)
	at java.security.AccessController.doPrivileged(Native Method)
	at java.net.URLClassLoader.findClass(URLClassLoader.java:187)
	at java.lang.ClassLoader.loadClass(ClassLoader.java:289)
	at sun.misc.Launcher$AppClassLoader.loadClass(Launcher.java:274)
	at java.lang.ClassLoader.loadClass(ClassLoader.java:235)
	at java.lang.ClassLoader.loadClassInternal(ClassLoader.java:302)
	at java.lang.Class.forName0(Native Method)
	at java.lang.Class.forName(Class.java:141)
	at com.topcoder.db.connectionfactory.producers.JDBCConnectionProducer.&lt;init&gt;(JDBCConnectionProducer.java:234)
	... 20 more
Caused by:java.lang.reflect.InvocationTargetException
	at java.lang.reflect.Constructor.newInstance(Constructor.java:274)
	at com.topcoder.db.connectionfactory.DBConnectionFactoryImpl.&lt;init&gt;(DBConnectionFactoryImpl.java:190)
	at com.orpheus.auction.persistence.accuracytests.TestHelper.getConnection(TestHelper.java:186)
	at com.orpheus.auction.persistence.accuracytests.LocalCustomAuctionPersistenceAccTests.setUp(LocalCustomAuctionPersistenceAccTests.java:89)
Caused by: java.lang.ClassNotFoundException: The class name com.microsoft.sqlserver.jdbc.SQLServerDriver is invalid.
	at com.topcoder.db.connectionfactory.producers.JDBCConnectionProducer.&lt;init&gt;(JDBCConnectionProducer.java:236)
	... 20 more
Caused by: java.lang.ClassNotFoundException: com.microsoft.sqlserver.jdbc.SQLServerDriver
	at java.net.URLClassLoader$1.run(URLClassLoader.java:199)
	at java.security.AccessController.doPrivileged(Native Method)
	at java.net.URLClassLoader.findClass(URLClassLoader.java:187)
	at java.lang.ClassLoader.loadClass(ClassLoader.java:289)
	at sun.misc.Launcher$AppClassLoader.loadClass(Launcher.java:274)
	at java.lang.ClassLoader.loadClass(ClassLoader.java:235)
	at java.lang.ClassLoader.loadClassInternal(ClassLoader.java:302)
	at java.lang.Class.forName0(Native Method)
	at java.lang.Class.forName(Class.java:141)
	at com.topcoder.db.connectionfactory.producers.JDBCConnectionProducer.&lt;init&gt;(JDBCConnectionProducer.java:234)
	... 20 more
</error>
  </testcase>
  <testcase name="testFindAuctionsByDate" classname="com.orpheus.auction.persistence.accuracytests.LocalCustomAuctionPersistenceAccTests" time="0.015">
    <error message="Unexpected errors- , caused by null" type="com.topcoder.db.connectionfactory.ConfigurationException">com.topcoder.db.connectionfactory.ConfigurationException: Unexpected errors- , caused by null
	at com.topcoder.db.connectionfactory.DBConnectionFactoryImpl.&lt;init&gt;(DBConnectionFactoryImpl.java:211)
	at com.orpheus.auction.persistence.accuracytests.TestHelper.getConnection(TestHelper.java:186)
	at com.orpheus.auction.persistence.accuracytests.LocalCustomAuctionPersistenceAccTests.setUp(LocalCustomAuctionPersistenceAccTests.java:89)
Caused by: java.lang.reflect.InvocationTargetException
	at java.lang.reflect.Constructor.newInstance(Constructor.java:274)
	at com.topcoder.db.connectionfactory.DBConnectionFactoryImpl.&lt;init&gt;(DBConnectionFactoryImpl.java:190)
	... 16 more
Caused by: java.lang.ClassNotFoundException: The class name com.microsoft.sqlserver.jdbc.SQLServerDriver is invalid.
	at com.topcoder.db.connectionfactory.producers.JDBCConnectionProducer.&lt;init&gt;(JDBCConnectionProducer.java:236)
	... 20 more
Caused by: java.lang.ClassNotFoundException: com.microsoft.sqlserver.jdbc.SQLServerDriver
	at java.net.URLClassLoader$1.run(URLClassLoader.java:199)
	at java.security.AccessController.doPrivileged(Native Method)
	at java.net.URLClassLoader.findClass(URLClassLoader.java:187)
	at java.lang.ClassLoader.loadClass(ClassLoader.java:289)
	at sun.misc.Launcher$AppClassLoader.loadClass(Launcher.java:274)
	at java.lang.ClassLoader.loadClass(ClassLoader.java:235)
	at java.lang.ClassLoader.loadClassInternal(ClassLoader.java:302)
	at java.lang.Class.forName0(Native Method)
	at java.lang.Class.forName(Class.java:141)
	at com.topcoder.db.connectionfactory.producers.JDBCConnectionProducer.&lt;init&gt;(JDBCConnectionProducer.java:234)
	... 20 more
Caused by:java.lang.reflect.InvocationTargetException
	at java.lang.reflect.Constructor.newInstance(Constructor.java:274)
	at com.topcoder.db.connectionfactory.DBConnectionFactoryImpl.&lt;init&gt;(DBConnectionFactoryImpl.java:190)
	at com.orpheus.auction.persistence.accuracytests.TestHelper.getConnection(TestHelper.java:186)
	at com.orpheus.auction.persistence.accuracytests.LocalCustomAuctionPersistenceAccTests.setUp(LocalCustomAuctionPersistenceAccTests.java:89)
Caused by: java.lang.ClassNotFoundException: The class name com.microsoft.sqlserver.jdbc.SQLServerDriver is invalid.
	at com.topcoder.db.connectionfactory.producers.JDBCConnectionProducer.&lt;init&gt;(JDBCConnectionProducer.java:236)
	... 20 more
Caused by: java.lang.ClassNotFoundException: com.microsoft.sqlserver.jdbc.SQLServerDriver
	at java.net.URLClassLoader$1.run(URLClassLoader.java:199)
	at java.security.AccessController.doPrivileged(Native Method)
	at java.net.URLClassLoader.findClass(URLClassLoader.java:187)
	at java.lang.ClassLoader.loadClass(ClassLoader.java:289)
	at sun.misc.Launcher$AppClassLoader.loadClass(Launcher.java:274)
	at java.lang.ClassLoader.loadClass(ClassLoader.java:235)
	at java.lang.ClassLoader.loadClassInternal(ClassLoader.java:302)
	at java.lang.Class.forName0(Native Method)
	at java.lang.Class.forName(Class.java:141)
	at com.topcoder.db.connectionfactory.producers.JDBCConnectionProducer.&lt;init&gt;(JDBCConnectionProducer.java:234)
	... 20 more
</error>
  </testcase>
  <testcase name="testFindAuctionsByBidder" classname="com.orpheus.auction.persistence.accuracytests.LocalCustomAuctionPersistenceAccTests" time="0.0">
    <error message="Unexpected errors- , caused by null" type="com.topcoder.db.connectionfactory.ConfigurationException">com.topcoder.db.connectionfactory.ConfigurationException: Unexpected errors- , caused by null
	at com.topcoder.db.connectionfactory.DBConnectionFactoryImpl.&lt;init&gt;(DBConnectionFactoryImpl.java:211)
	at com.orpheus.auction.persistence.accuracytests.TestHelper.getConnection(TestHelper.java:186)
	at com.orpheus.auction.persistence.accuracytests.LocalCustomAuctionPersistenceAccTests.setUp(LocalCustomAuctionPersistenceAccTests.java:89)
Caused by: java.lang.reflect.InvocationTargetException
	at java.lang.reflect.Constructor.newInstance(Constructor.java:274)
	at com.topcoder.db.connectionfactory.DBConnectionFactoryImpl.&lt;init&gt;(DBConnectionFactoryImpl.java:190)
	... 16 more
Caused by: java.lang.ClassNotFoundException: The class name com.microsoft.sqlserver.jdbc.SQLServerDriver is invalid.
	at com.topcoder.db.connectionfactory.producers.JDBCConnectionProducer.&lt;init&gt;(JDBCConnectionProducer.java:236)
	... 20 more
Caused by: java.lang.ClassNotFoundException: com.microsoft.sqlserver.jdbc.SQLServerDriver
	at java.net.URLClassLoader$1.run(URLClassLoader.java:199)
	at java.security.AccessController.doPrivileged(Native Method)
	at java.net.URLClassLoader.findClass(URLClassLoader.java:187)
	at java.lang.ClassLoader.loadClass(ClassLoader.java:289)
	at sun.misc.Launcher$AppClassLoader.loadClass(Launcher.java:274)
	at java.lang.ClassLoader.loadClass(ClassLoader.java:235)
	at java.lang.ClassLoader.loadClassInternal(ClassLoader.java:302)
	at java.lang.Class.forName0(Native Method)
	at java.lang.Class.forName(Class.java:141)
	at com.topcoder.db.connectionfactory.producers.JDBCConnectionProducer.&lt;init&gt;(JDBCConnectionProducer.java:234)
	... 20 more
Caused by:java.lang.reflect.InvocationTargetException
	at java.lang.reflect.Constructor.newInstance(Constructor.java:274)
	at com.topcoder.db.connectionfactory.DBConnectionFactoryImpl.&lt;init&gt;(DBConnectionFactoryImpl.java:190)
	at com.orpheus.auction.persistence.accuracytests.TestHelper.getConnection(TestHelper.java:186)
	at com.orpheus.auction.persistence.accuracytests.LocalCustomAuctionPersistenceAccTests.setUp(LocalCustomAuctionPersistenceAccTests.java:89)
Caused by: java.lang.ClassNotFoundException: The class name com.microsoft.sqlserver.jdbc.SQLServerDriver is invalid.
	at com.topcoder.db.connectionfactory.producers.JDBCConnectionProducer.&lt;init&gt;(JDBCConnectionProducer.java:236)
	... 20 more
Caused by: java.lang.ClassNotFoundException: com.microsoft.sqlserver.jdbc.SQLServerDriver
	at java.net.URLClassLoader$1.run(URLClassLoader.java:199)
	at java.security.AccessController.doPrivileged(Native Method)
	at java.net.URLClassLoader.findClass(URLClassLoader.java:187)
	at java.lang.ClassLoader.loadClass(ClassLoader.java:289)
	at sun.misc.Launcher$AppClassLoader.loadClass(Launcher.java:274)
	at java.lang.ClassLoader.loadClass(ClassLoader.java:235)
	at java.lang.ClassLoader.loadClassInternal(ClassLoader.java:302)
	at java.lang.Class.forName0(Native Method)
	at java.lang.Class.forName(Class.java:141)
	at com.topcoder.db.connectionfactory.producers.JDBCConnectionProducer.&lt;init&gt;(JDBCConnectionProducer.java:234)
	... 20 more
</error>
  </testcase>
  <testcase name="testCreateAuction" classname="com.orpheus.auction.persistence.accuracytests.RemoteCustomAuctionPersistenceAccTests" time="0.032">
    <error message="Unexpected errors- , caused by null" type="com.topcoder.db.connectionfactory.ConfigurationException">com.topcoder.db.connectionfactory.ConfigurationException: Unexpected errors- , caused by null
	at com.topcoder.db.connectionfactory.DBConnectionFactoryImpl.&lt;init&gt;(DBConnectionFactoryImpl.java:211)
	at com.orpheus.auction.persistence.accuracytests.TestHelper.getConnection(TestHelper.java:186)
	at com.orpheus.auction.persistence.accuracytests.RemoteCustomAuctionPersistenceAccTests.setUp(RemoteCustomAuctionPersistenceAccTests.java:82)
Caused by: java.lang.reflect.InvocationTargetException
	at java.lang.reflect.Constructor.newInstance(Constructor.java:274)
	at com.topcoder.db.connectionfactory.DBConnectionFactoryImpl.&lt;init&gt;(DBConnectionFactoryImpl.java:190)
	... 16 more
Caused by: java.lang.ClassNotFoundException: The class name com.microsoft.sqlserver.jdbc.SQLServerDriver is invalid.
	at com.topcoder.db.connectionfactory.producers.JDBCConnectionProducer.&lt;init&gt;(JDBCConnectionProducer.java:236)
	... 20 more
Caused by: java.lang.ClassNotFoundException: com.microsoft.sqlserver.jdbc.SQLServerDriver
	at java.net.URLClassLoader$1.run(URLClassLoader.java:199)
	at java.security.AccessController.doPrivileged(Native Method)
	at java.net.URLClassLoader.findClass(URLClassLoader.java:187)
	at java.lang.ClassLoader.loadClass(ClassLoader.java:289)
	at sun.misc.Launcher$AppClassLoader.loadClass(Launcher.java:274)
	at java.lang.ClassLoader.loadClass(ClassLoader.java:235)
	at java.lang.ClassLoader.loadClassInternal(ClassLoader.java:302)
	at java.lang.Class.forName0(Native Method)
	at java.lang.Class.forName(Class.java:141)
	at com.topcoder.db.connectionfactory.producers.JDBCConnectionProducer.&lt;init&gt;(JDBCConnectionProducer.java:234)
	... 20 more
Caused by:java.lang.reflect.InvocationTargetException
	at java.lang.reflect.Constructor.newInstance(Constructor.java:274)
	at com.topcoder.db.connectionfactory.DBConnectionFactoryImpl.&lt;init&gt;(DBConnectionFactoryImpl.java:190)
	at com.orpheus.auction.persistence.accuracytests.TestHelper.getConnection(TestHelper.java:186)
	at com.orpheus.auction.persistence.accuracytests.RemoteCustomAuctionPersistenceAccTests.setUp(RemoteCustomAuctionPersistenceAccTests.java:82)
Caused by: java.lang.ClassNotFoundException: The class name com.microsoft.sqlserver.jdbc.SQLServerDriver is invalid.
	at com.topcoder.db.connectionfactory.producers.JDBCConnectionProducer.&lt;init&gt;(JDBCConnectionProducer.java:236)
	... 20 more
Caused by: java.lang.ClassNotFoundException: com.microsoft.sqlserver.jdbc.SQLServerDriver
	at java.net.URLClassLoader$1.run(URLClassLoader.java:199)
	at java.security.AccessController.doPrivileged(Native Method)
	at java.net.URLClassLoader.findClass(URLClassLoader.java:187)
	at java.lang.ClassLoader.loadClass(ClassLoader.java:289)
	at sun.misc.Launcher$AppClassLoader.loadClass(Launcher.java:274)
	at java.lang.ClassLoader.loadClass(ClassLoader.java:235)
	at java.lang.ClassLoader.loadClassInternal(ClassLoader.java:302)
	at java.lang.Class.forName0(Native Method)
	at java.lang.Class.forName(Class.java:141)
	at com.topcoder.db.connectionfactory.producers.JDBCConnectionProducer.&lt;init&gt;(JDBCConnectionProducer.java:234)
	... 20 more
</error>
  </testcase>
  <testcase name="testUpdateAuction" classname="com.orpheus.auction.persistence.accuracytests.RemoteCustomAuctionPersistenceAccTests" time="0.015">
    <error message="Unexpected errors- , caused by null" type="com.topcoder.db.connectionfactory.ConfigurationException">com.topcoder.db.connectionfactory.ConfigurationException: Unexpected errors- , caused by null
	at com.topcoder.db.connectionfactory.DBConnectionFactoryImpl.&lt;init&gt;(DBConnectionFactoryImpl.java:211)
	at com.orpheus.auction.persistence.accuracytests.TestHelper.getConnection(TestHelper.java:186)
	at com.orpheus.auction.persistence.accuracytests.RemoteCustomAuctionPersistenceAccTests.setUp(RemoteCustomAuctionPersistenceAccTests.java:82)
Caused by: java.lang.reflect.InvocationTargetException
	at java.lang.reflect.Constructor.newInstance(Constructor.java:274)
	at com.topcoder.db.connectionfactory.DBConnectionFactoryImpl.&lt;init&gt;(DBConnectionFactoryImpl.java:190)
	... 16 more
Caused by: java.lang.ClassNotFoundException: The class name com.microsoft.sqlserver.jdbc.SQLServerDriver is invalid.
	at com.topcoder.db.connectionfactory.producers.JDBCConnectionProducer.&lt;init&gt;(JDBCConnectionProducer.java:236)
	... 20 more
Caused by: java.lang.ClassNotFoundException: com.microsoft.sqlserver.jdbc.SQLServerDriver
	at java.net.URLClassLoader$1.run(URLClassLoader.java:199)
	at java.security.AccessController.doPrivileged(Native Method)
	at java.net.URLClassLoader.findClass(URLClassLoader.java:187)
	at java.lang.ClassLoader.loadClass(ClassLoader.java:289)
	at sun.misc.Launcher$AppClassLoader.loadClass(Launcher.java:274)
	at java.lang.ClassLoader.loadClass(ClassLoader.java:235)
	at java.lang.ClassLoader.loadClassInternal(ClassLoader.java:302)
	at java.lang.Class.forName0(Native Method)
	at java.lang.Class.forName(Class.java:141)
	at com.topcoder.db.connectionfactory.producers.JDBCConnectionProducer.&lt;init&gt;(JDBCConnectionProducer.java:234)
	... 20 more
Caused by:java.lang.reflect.InvocationTargetException
	at java.lang.reflect.Constructor.newInstance(Constructor.java:274)
	at com.topcoder.db.connectionfactory.DBConnectionFactoryImpl.&lt;init&gt;(DBConnectionFactoryImpl.java:190)
	at com.orpheus.auction.persistence.accuracytests.TestHelper.getConnection(TestHelper.java:186)
	at com.orpheus.auction.persistence.accuracytests.RemoteCustomAuctionPersistenceAccTests.setUp(RemoteCustomAuctionPersistenceAccTests.java:82)
Caused by: java.lang.ClassNotFoundException: The class name com.microsoft.sqlserver.jdbc.SQLServerDriver is invalid.
	at com.topcoder.db.connectionfactory.producers.JDBCConnectionProducer.&lt;init&gt;(JDBCConnectionProducer.java:236)
	... 20 more
Caused by: java.lang.ClassNotFoundException: com.microsoft.sqlserver.jdbc.SQLServerDriver
	at java.net.URLClassLoader$1.run(URLClassLoader.java:199)
	at java.security.AccessController.doPrivileged(Native Method)
	at java.net.URLClassLoader.findClass(URLClassLoader.java:187)
	at java.lang.ClassLoader.loadClass(ClassLoader.java:289)
	at sun.misc.Launcher$AppClassLoader.loadClass(Launcher.java:274)
	at java.lang.ClassLoader.loadClass(ClassLoader.java:235)
	at java.lang.ClassLoader.loadClassInternal(ClassLoader.java:302)
	at java.lang.Class.forName0(Native Method)
	at java.lang.Class.forName(Class.java:141)
	at com.topcoder.db.connectionfactory.producers.JDBCConnectionProducer.&lt;init&gt;(JDBCConnectionProducer.java:234)
	... 20 more
</error>
  </testcase>
  <testcase name="testUpdateBids" classname="com.orpheus.auction.persistence.accuracytests.RemoteCustomAuctionPersistenceAccTests" time="0.016">
    <error message="Unexpected errors- , caused by null" type="com.topcoder.db.connectionfactory.ConfigurationException">com.topcoder.db.connectionfactory.ConfigurationException: Unexpected errors- , caused by null
	at com.topcoder.db.connectionfactory.DBConnectionFactoryImpl.&lt;init&gt;(DBConnectionFactoryImpl.java:211)
	at com.orpheus.auction.persistence.accuracytests.TestHelper.getConnection(TestHelper.java:186)
	at com.orpheus.auction.persistence.accuracytests.RemoteCustomAuctionPersistenceAccTests.setUp(RemoteCustomAuctionPersistenceAccTests.java:82)
Caused by: java.lang.reflect.InvocationTargetException
	at java.lang.reflect.Constructor.newInstance(Constructor.java:274)
	at com.topcoder.db.connectionfactory.DBConnectionFactoryImpl.&lt;init&gt;(DBConnectionFactoryImpl.java:190)
	... 16 more
Caused by: java.lang.ClassNotFoundException: The class name com.microsoft.sqlserver.jdbc.SQLServerDriver is invalid.
	at com.topcoder.db.connectionfactory.producers.JDBCConnectionProducer.&lt;init&gt;(JDBCConnectionProducer.java:236)
	... 20 more
Caused by: java.lang.ClassNotFoundException: com.microsoft.sqlserver.jdbc.SQLServerDriver
	at java.net.URLClassLoader$1.run(URLClassLoader.java:199)
	at java.security.AccessController.doPrivileged(Native Method)
	at java.net.URLClassLoader.findClass(URLClassLoader.java:187)
	at java.lang.ClassLoader.loadClass(ClassLoader.java:289)
	at sun.misc.Launcher$AppClassLoader.loadClass(Launcher.java:274)
	at java.lang.ClassLoader.loadClass(ClassLoader.java:235)
	at java.lang.ClassLoader.loadClassInternal(ClassLoader.java:302)
	at java.lang.Class.forName0(Native Method)
	at java.lang.Class.forName(Class.java:141)
	at com.topcoder.db.connectionfactory.producers.JDBCConnectionProducer.&lt;init&gt;(JDBCConnectionProducer.java:234)
	... 20 more
Caused by:java.lang.reflect.InvocationTargetException
	at java.lang.reflect.Constructor.newInstance(Constructor.java:274)
	at com.topcoder.db.connectionfactory.DBConnectionFactoryImpl.&lt;init&gt;(DBConnectionFactoryImpl.java:190)
	at com.orpheus.auction.persistence.accuracytests.TestHelper.getConnection(TestHelper.java:186)
	at com.orpheus.auction.persistence.accuracytests.RemoteCustomAuctionPersistenceAccTests.setUp(RemoteCustomAuctionPersistenceAccTests.java:82)
Caused by: java.lang.ClassNotFoundException: The class name com.microsoft.sqlserver.jdbc.SQLServerDriver is invalid.
	at com.topcoder.db.connectionfactory.producers.JDBCConnectionProducer.&lt;init&gt;(JDBCConnectionProducer.java:236)
	... 20 more
Caused by: java.lang.ClassNotFoundException: com.microsoft.sqlserver.jdbc.SQLServerDriver
	at java.net.URLClassLoader$1.run(URLClassLoader.java:199)
	at java.security.AccessController.doPrivileged(Native Method)
	at java.net.URLClassLoader.findClass(URLClassLoader.java:187)
	at java.lang.ClassLoader.loadClass(ClassLoader.java:289)
	at sun.misc.Launcher$AppClassLoader.loadClass(Launcher.java:274)
	at java.lang.ClassLoader.loadClass(ClassLoader.java:235)
	at java.lang.ClassLoader.loadClassInternal(ClassLoader.java:302)
	at java.lang.Class.forName0(Native Method)
	at java.lang.Class.forName(Class.java:141)
	at com.topcoder.db.connectionfactory.producers.JDBCConnectionProducer.&lt;init&gt;(JDBCConnectionProducer.java:234)
	... 20 more
</error>
  </testcase>
  <testcase name="testDeleteAuction" classname="com.orpheus.auction.persistence.accuracytests.RemoteCustomAuctionPersistenceAccTests" time="0.015">
    <error message="Unexpected errors- , caused by null" type="com.topcoder.db.connectionfactory.ConfigurationException">com.topcoder.db.connectionfactory.ConfigurationException: Unexpected errors- , caused by null
	at com.topcoder.db.connectionfactory.DBConnectionFactoryImpl.&lt;init&gt;(DBConnectionFactoryImpl.java:211)
	at com.orpheus.auction.persistence.accuracytests.TestHelper.getConnection(TestHelper.java:186)
	at com.orpheus.auction.persistence.accuracytests.RemoteCustomAuctionPersistenceAccTests.setUp(RemoteCustomAuctionPersistenceAccTests.java:82)
Caused by: java.lang.reflect.InvocationTargetException
	at java.lang.reflect.Constructor.newInstance(Constructor.java:274)
	at com.topcoder.db.connectionfactory.DBConnectionFactoryImpl.&lt;init&gt;(DBConnectionFactoryImpl.java:190)
	... 16 more
Caused by: java.lang.ClassNotFoundException: The class name com.microsoft.sqlserver.jdbc.SQLServerDriver is invalid.
	at com.topcoder.db.connectionfactory.producers.JDBCConnectionProducer.&lt;init&gt;(JDBCConnectionProducer.java:236)
	... 20 more
Caused by: java.lang.ClassNotFoundException: com.microsoft.sqlserver.jdbc.SQLServerDriver
	at java.net.URLClassLoader$1.run(URLClassLoader.java:199)
	at java.security.AccessController.doPrivileged(Native Method)
	at java.net.URLClassLoader.findClass(URLClassLoader.java:187)
	at java.lang.ClassLoader.loadClass(ClassLoader.java:289)
	at sun.misc.Launcher$AppClassLoader.loadClass(Launcher.java:274)
	at java.lang.ClassLoader.loadClass(ClassLoader.java:235)
	at java.lang.ClassLoader.loadClassInternal(ClassLoader.java:302)
	at java.lang.Class.forName0(Native Method)
	at java.lang.Class.forName(Class.java:141)
	at com.topcoder.db.connectionfactory.producers.JDBCConnectionProducer.&lt;init&gt;(JDBCConnectionProducer.java:234)
	... 20 more
Caused by:java.lang.reflect.InvocationTargetException
	at java.lang.reflect.Constructor.newInstance(Constructor.java:274)
	at com.topcoder.db.connectionfactory.DBConnectionFactoryImpl.&lt;init&gt;(DBConnectionFactoryImpl.java:190)
	at com.orpheus.auction.persistence.accuracytests.TestHelper.getConnection(TestHelper.java:186)
	at com.orpheus.auction.persistence.accuracytests.RemoteCustomAuctionPersistenceAccTests.setUp(RemoteCustomAuctionPersistenceAccTests.java:82)
Caused by: java.lang.ClassNotFoundException: The class name com.microsoft.sqlserver.jdbc.SQLServerDriver is invalid.
	at com.topcoder.db.connectionfactory.producers.JDBCConnectionProducer.&lt;init&gt;(JDBCConnectionProducer.java:236)
	... 20 more
Caused by: java.lang.ClassNotFoundException: com.microsoft.sqlserver.jdbc.SQLServerDriver
	at java.net.URLClassLoader$1.run(URLClassLoader.java:199)
	at java.security.AccessController.doPrivileged(Native Method)
	at java.net.URLClassLoader.findClass(URLClassLoader.java:187)
	at java.lang.ClassLoader.loadClass(ClassLoader.java:289)
	at sun.misc.Launcher$AppClassLoader.loadClass(Launcher.java:274)
	at java.lang.ClassLoader.loadClass(ClassLoader.java:235)
	at java.lang.ClassLoader.loadClassInternal(ClassLoader.java:302)
	at java.lang.Class.forName0(Native Method)
	at java.lang.Class.forName(Class.java:141)
	at com.topcoder.db.connectionfactory.producers.JDBCConnectionProducer.&lt;init&gt;(JDBCConnectionProducer.java:234)
	... 20 more
</error>
  </testcase>
  <testcase name="testFindAuctionsByDate" classname="com.orpheus.auction.persistence.accuracytests.RemoteCustomAuctionPersistenceAccTests" time="0.0">
    <error message="Unexpected errors- , caused by null" type="com.topcoder.db.connectionfactory.ConfigurationException">com.topcoder.db.connectionfactory.ConfigurationException: Unexpected errors- , caused by null
	at com.topcoder.db.connectionfactory.DBConnectionFactoryImpl.&lt;init&gt;(DBConnectionFactoryImpl.java:211)
	at com.orpheus.auction.persistence.accuracytests.TestHelper.getConnection(TestHelper.java:186)
	at com.orpheus.auction.persistence.accuracytests.RemoteCustomAuctionPersistenceAccTests.setUp(RemoteCustomAuctionPersistenceAccTests.java:82)
Caused by: java.lang.reflect.InvocationTargetException
	at java.lang.reflect.Constructor.newInstance(Constructor.java:274)
	at com.topcoder.db.connectionfactory.DBConnectionFactoryImpl.&lt;init&gt;(DBConnectionFactoryImpl.java:190)
	... 16 more
Caused by: java.lang.ClassNotFoundException: The class name com.microsoft.sqlserver.jdbc.SQLServerDriver is invalid.
	at com.topcoder.db.connectionfactory.producers.JDBCConnectionProducer.&lt;init&gt;(JDBCConnectionProducer.java:236)
	... 20 more
Caused by: java.lang.ClassNotFoundException: com.microsoft.sqlserver.jdbc.SQLServerDriver
	at java.net.URLClassLoader$1.run(URLClassLoader.java:199)
	at java.security.AccessController.doPrivileged(Native Method)
	at java.net.URLClassLoader.findClass(URLClassLoader.java:187)
	at java.lang.ClassLoader.loadClass(ClassLoader.java:289)
	at sun.misc.Launcher$AppClassLoader.loadClass(Launcher.java:274)
	at java.lang.ClassLoader.loadClass(ClassLoader.java:235)
	at java.lang.ClassLoader.loadClassInternal(ClassLoader.java:302)
	at java.lang.Class.forName0(Native Method)
	at java.lang.Class.forName(Class.java:141)
	at com.topcoder.db.connectionfactory.producers.JDBCConnectionProducer.&lt;init&gt;(JDBCConnectionProducer.java:234)
	... 20 more
Caused by:java.lang.reflect.InvocationTargetException
	at java.lang.reflect.Constructor.newInstance(Constructor.java:274)
	at com.topcoder.db.connectionfactory.DBConnectionFactoryImpl.&lt;init&gt;(DBConnectionFactoryImpl.java:190)
	at com.orpheus.auction.persistence.accuracytests.TestHelper.getConnection(TestHelper.java:186)
	at com.orpheus.auction.persistence.accuracytests.RemoteCustomAuctionPersistenceAccTests.setUp(RemoteCustomAuctionPersistenceAccTests.java:82)
Caused by: java.lang.ClassNotFoundException: The class name com.microsoft.sqlserver.jdbc.SQLServerDriver is invalid.
	at com.topcoder.db.connectionfactory.producers.JDBCConnectionProducer.&lt;init&gt;(JDBCConnectionProducer.java:236)
	... 20 more
Caused by: java.lang.ClassNotFoundException: com.microsoft.sqlserver.jdbc.SQLServerDriver
	at java.net.URLClassLoader$1.run(URLClassLoader.java:199)
	at java.security.AccessController.doPrivileged(Native Method)
	at java.net.URLClassLoader.findClass(URLClassLoader.java:187)
	at java.lang.ClassLoader.loadClass(ClassLoader.java:289)
	at sun.misc.Launcher$AppClassLoader.loadClass(Launcher.java:274)
	at java.lang.ClassLoader.loadClass(ClassLoader.java:235)
	at java.lang.ClassLoader.loadClassInternal(ClassLoader.java:302)
	at java.lang.Class.forName0(Native Method)
	at java.lang.Class.forName(Class.java:141)
	at com.topcoder.db.connectionfactory.producers.JDBCConnectionProducer.&lt;init&gt;(JDBCConnectionProducer.java:234)
	... 20 more
</error>
  </testcase>
  <testcase name="testFindAuctionsByBidder" classname="com.orpheus.auction.persistence.accuracytests.RemoteCustomAuctionPersistenceAccTests" time="0.016">
    <error message="Unexpected errors- , caused by null" type="com.topcoder.db.connectionfactory.ConfigurationException">com.topcoder.db.connectionfactory.ConfigurationException: Unexpected errors- , caused by null
	at com.topcoder.db.connectionfactory.DBConnectionFactoryImpl.&lt;init&gt;(DBConnectionFactoryImpl.java:211)
	at com.orpheus.auction.persistence.accuracytests.TestHelper.getConnection(TestHelper.java:186)
	at com.orpheus.auction.persistence.accuracytests.RemoteCustomAuctionPersistenceAccTests.setUp(RemoteCustomAuctionPersistenceAccTests.java:82)
Caused by: java.lang.reflect.InvocationTargetException
	at java.lang.reflect.Constructor.newInstance(Constructor.java:274)
	at com.topcoder.db.connectionfactory.DBConnectionFactoryImpl.&lt;init&gt;(DBConnectionFactoryImpl.java:190)
	... 16 more
Caused by: java.lang.ClassNotFoundException: The class name com.microsoft.sqlserver.jdbc.SQLServerDriver is invalid.
	at com.topcoder.db.connectionfactory.producers.JDBCConnectionProducer.&lt;init&gt;(JDBCConnectionProducer.java:236)
	... 20 more
Caused by: java.lang.ClassNotFoundException: com.microsoft.sqlserver.jdbc.SQLServerDriver
	at java.net.URLClassLoader$1.run(URLClassLoader.java:199)
	at java.security.AccessController.doPrivileged(Native Method)
	at java.net.URLClassLoader.findClass(URLClassLoader.java:187)
	at java.lang.ClassLoader.loadClass(ClassLoader.java:289)
	at sun.misc.Launcher$AppClassLoader.loadClass(Launcher.java:274)
	at java.lang.ClassLoader.loadClass(ClassLoader.java:235)
	at java.lang.ClassLoader.loadClassInternal(ClassLoader.java:302)
	at java.lang.Class.forName0(Native Method)
	at java.lang.Class.forName(Class.java:141)
	at com.topcoder.db.connectionfactory.producers.JDBCConnectionProducer.&lt;init&gt;(JDBCConnectionProducer.java:234)
	... 20 more
Caused by:java.lang.reflect.InvocationTargetException
	at java.lang.reflect.Constructor.newInstance(Constructor.java:274)
	at com.topcoder.db.connectionfactory.DBConnectionFactoryImpl.&lt;init&gt;(DBConnectionFactoryImpl.java:190)
	at com.orpheus.auction.persistence.accuracytests.TestHelper.getConnection(TestHelper.java:186)
	at com.orpheus.auction.persistence.accuracytests.RemoteCustomAuctionPersistenceAccTests.setUp(RemoteCustomAuctionPersistenceAccTests.java:82)
Caused by: java.lang.ClassNotFoundException: The class name com.microsoft.sqlserver.jdbc.SQLServerDriver is invalid.
	at com.topcoder.db.connectionfactory.producers.JDBCConnectionProducer.&lt;init&gt;(JDBCConnectionProducer.java:236)
	... 20 more
Caused by: java.lang.ClassNotFoundException: com.microsoft.sqlserver.jdbc.SQLServerDriver
	at java.net.URLClassLoader$1.run(URLClassLoader.java:199)
	at java.security.AccessController.doPrivileged(Native Method)
	at java.net.URLClassLoader.findClass(URLClassLoader.java:187)
	at java.lang.ClassLoader.loadClass(ClassLoader.java:289)
	at sun.misc.Launcher$AppClassLoader.loadClass(Launcher.java:274)
	at java.lang.ClassLoader.loadClass(ClassLoader.java:235)
	at java.lang.ClassLoader.loadClassInternal(ClassLoader.java:302)
	at java.lang.Class.forName0(Native Method)
	at java.lang.Class.forName(Class.java:141)
	at com.topcoder.db.connectionfactory.producers.JDBCConnectionProducer.&lt;init&gt;(JDBCConnectionProducer.java:234)
	... 20 more
</error>
  </testcase>
  <testcase name="testCreateAuction" classname="com.orpheus.auction.persistence.accuracytests.SQLServerAuctionDAOAccTests" time="0.016">
    <error message="Unexpected errors- , caused by null" type="com.topcoder.db.connectionfactory.ConfigurationException">com.topcoder.db.connectionfactory.ConfigurationException: Unexpected errors- , caused by null
	at com.topcoder.db.connectionfactory.DBConnectionFactoryImpl.&lt;init&gt;(DBConnectionFactoryImpl.java:211)
	at com.orpheus.auction.persistence.accuracytests.TestHelper.getConnection(TestHelper.java:186)
	at com.orpheus.auction.persistence.accuracytests.SQLServerAuctionDAOAccTests.setUp(SQLServerAuctionDAOAccTests.java:58)
Caused by: java.lang.reflect.InvocationTargetException
	at java.lang.reflect.Constructor.newInstance(Constructor.java:274)
	at com.topcoder.db.connectionfactory.DBConnectionFactoryImpl.&lt;init&gt;(DBConnectionFactoryImpl.java:190)
	... 16 more
Caused by: java.lang.ClassNotFoundException: The class name com.microsoft.sqlserver.jdbc.SQLServerDriver is invalid.
	at com.topcoder.db.connectionfactory.producers.JDBCConnectionProducer.&lt;init&gt;(JDBCConnectionProducer.java:236)
	... 20 more
Caused by: java.lang.ClassNotFoundException: com.microsoft.sqlserver.jdbc.SQLServerDriver
	at java.net.URLClassLoader$1.run(URLClassLoader.java:199)
	at java.security.AccessController.doPrivileged(Native Method)
	at java.net.URLClassLoader.findClass(URLClassLoader.java:187)
	at java.lang.ClassLoader.loadClass(ClassLoader.java:289)
	at sun.misc.Launcher$AppClassLoader.loadClass(Launcher.java:274)
	at java.lang.ClassLoader.loadClass(ClassLoader.java:235)
	at java.lang.ClassLoader.loadClassInternal(ClassLoader.java:302)
	at java.lang.Class.forName0(Native Method)
	at java.lang.Class.forName(Class.java:141)
	at com.topcoder.db.connectionfactory.producers.JDBCConnectionProducer.&lt;init&gt;(JDBCConnectionProducer.java:234)
	... 20 more
Caused by:java.lang.reflect.InvocationTargetException
	at java.lang.reflect.Constructor.newInstance(Constructor.java:274)
	at com.topcoder.db.connectionfactory.DBConnectionFactoryImpl.&lt;init&gt;(DBConnectionFactoryImpl.java:190)
	at com.orpheus.auction.persistence.accuracytests.TestHelper.getConnection(TestHelper.java:186)
	at com.orpheus.auction.persistence.accuracytests.SQLServerAuctionDAOAccTests.setUp(SQLServerAuctionDAOAccTests.java:58)
Caused by: java.lang.ClassNotFoundException: The class name com.microsoft.sqlserver.jdbc.SQLServerDriver is invalid.
	at com.topcoder.db.connectionfactory.producers.JDBCConnectionProducer.&lt;init&gt;(JDBCConnectionProducer.java:236)
	... 20 more
Caused by: java.lang.ClassNotFoundException: com.microsoft.sqlserver.jdbc.SQLServerDriver
	at java.net.URLClassLoader$1.run(URLClassLoader.java:199)
	at java.security.AccessController.doPrivileged(Native Method)
	at java.net.URLClassLoader.findClass(URLClassLoader.java:187)
	at java.lang.ClassLoader.loadClass(ClassLoader.java:289)
	at sun.misc.Launcher$AppClassLoader.loadClass(Launcher.java:274)
	at java.lang.ClassLoader.loadClass(ClassLoader.java:235)
	at java.lang.ClassLoader.loadClassInternal(ClassLoader.java:302)
	at java.lang.Class.forName0(Native Method)
	at java.lang.Class.forName(Class.java:141)
	at com.topcoder.db.connectionfactory.producers.JDBCConnectionProducer.&lt;init&gt;(JDBCConnectionProducer.java:234)
	... 20 more
</error>
  </testcase>
  <testcase name="testUpdateAuction" classname="com.orpheus.auction.persistence.accuracytests.SQLServerAuctionDAOAccTests" time="0.015">
    <error message="Unexpected errors- , caused by null" type="com.topcoder.db.connectionfactory.ConfigurationException">com.topcoder.db.connectionfactory.ConfigurationException: Unexpected errors- , caused by null
	at com.topcoder.db.connectionfactory.DBConnectionFactoryImpl.&lt;init&gt;(DBConnectionFactoryImpl.java:211)
	at com.orpheus.auction.persistence.accuracytests.TestHelper.getConnection(TestHelper.java:186)
	at com.orpheus.auction.persistence.accuracytests.SQLServerAuctionDAOAccTests.setUp(SQLServerAuctionDAOAccTests.java:58)
Caused by: java.lang.reflect.InvocationTargetException
	at java.lang.reflect.Constructor.newInstance(Constructor.java:274)
	at com.topcoder.db.connectionfactory.DBConnectionFactoryImpl.&lt;init&gt;(DBConnectionFactoryImpl.java:190)
	... 16 more
Caused by: java.lang.ClassNotFoundException: The class name com.microsoft.sqlserver.jdbc.SQLServerDriver is invalid.
	at com.topcoder.db.connectionfactory.producers.JDBCConnectionProducer.&lt;init&gt;(JDBCConnectionProducer.java:236)
	... 20 more
Caused by: java.lang.ClassNotFoundException: com.microsoft.sqlserver.jdbc.SQLServerDriver
	at java.net.URLClassLoader$1.run(URLClassLoader.java:199)
	at java.security.AccessController.doPrivileged(Native Method)
	at java.net.URLClassLoader.findClass(URLClassLoader.java:187)
	at java.lang.ClassLoader.loadClass(ClassLoader.java:289)
	at sun.misc.Launcher$AppClassLoader.loadClass(Launcher.java:274)
	at java.lang.ClassLoader.loadClass(ClassLoader.java:235)
	at java.lang.ClassLoader.loadClassInternal(ClassLoader.java:302)
	at java.lang.Class.forName0(Native Method)
	at java.lang.Class.forName(Class.java:141)
	at com.topcoder.db.connectionfactory.producers.JDBCConnectionProducer.&lt;init&gt;(JDBCConnectionProducer.java:234)
	... 20 more
Caused by:java.lang.reflect.InvocationTargetException
	at java.lang.reflect.Constructor.newInstance(Constructor.java:274)
	at com.topcoder.db.connectionfactory.DBConnectionFactoryImpl.&lt;init&gt;(DBConnectionFactoryImpl.java:190)
	at com.orpheus.auction.persistence.accuracytests.TestHelper.getConnection(TestHelper.java:186)
	at com.orpheus.auction.persistence.accuracytests.SQLServerAuctionDAOAccTests.setUp(SQLServerAuctionDAOAccTests.java:58)
Caused by: java.lang.ClassNotFoundException: The class name com.microsoft.sqlserver.jdbc.SQLServerDriver is invalid.
	at com.topcoder.db.connectionfactory.producers.JDBCConnectionProducer.&lt;init&gt;(JDBCConnectionProducer.java:236)
	... 20 more
Caused by: java.lang.ClassNotFoundException: com.microsoft.sqlserver.jdbc.SQLServerDriver
	at java.net.URLClassLoader$1.run(URLClassLoader.java:199)
	at java.security.AccessController.doPrivileged(Native Method)
	at java.net.URLClassLoader.findClass(URLClassLoader.java:187)
	at java.lang.ClassLoader.loadClass(ClassLoader.java:289)
	at sun.misc.Launcher$AppClassLoader.loadClass(Launcher.java:274)
	at java.lang.ClassLoader.loadClass(ClassLoader.java:235)
	at java.lang.ClassLoader.loadClassInternal(ClassLoader.java:302)
	at java.lang.Class.forName0(Native Method)
	at java.lang.Class.forName(Class.java:141)
	at com.topcoder.db.connectionfactory.producers.JDBCConnectionProducer.&lt;init&gt;(JDBCConnectionProducer.java:234)
	... 20 more
</error>
  </testcase>
  <testcase name="testUpdateBids" classname="com.orpheus.auction.persistence.accuracytests.SQLServerAuctionDAOAccTests" time="0.0">
    <error message="Unexpected errors- , caused by null" type="com.topcoder.db.connectionfactory.ConfigurationException">com.topcoder.db.connectionfactory.ConfigurationException: Unexpected errors- , caused by null
	at com.topcoder.db.connectionfactory.DBConnectionFactoryImpl.&lt;init&gt;(DBConnectionFactoryImpl.java:211)
	at com.orpheus.auction.persistence.accuracytests.TestHelper.getConnection(TestHelper.java:186)
	at com.orpheus.auction.persistence.accuracytests.SQLServerAuctionDAOAccTests.setUp(SQLServerAuctionDAOAccTests.java:58)
Caused by: java.lang.reflect.InvocationTargetException
	at java.lang.reflect.Constructor.newInstance(Constructor.java:274)
	at com.topcoder.db.connectionfactory.DBConnectionFactoryImpl.&lt;init&gt;(DBConnectionFactoryImpl.java:190)
	... 16 more
Caused by: java.lang.ClassNotFoundException: The class name com.microsoft.sqlserver.jdbc.SQLServerDriver is invalid.
	at com.topcoder.db.connectionfactory.producers.JDBCConnectionProducer.&lt;init&gt;(JDBCConnectionProducer.java:236)
	... 20 more
Caused by: java.lang.ClassNotFoundException: com.microsoft.sqlserver.jdbc.SQLServerDriver
	at java.net.URLClassLoader$1.run(URLClassLoader.java:199)
	at java.security.AccessController.doPrivileged(Native Method)
	at java.net.URLClassLoader.findClass(URLClassLoader.java:187)
	at java.lang.ClassLoader.loadClass(ClassLoader.java:289)
	at sun.misc.Launcher$AppClassLoader.loadClass(Launcher.java:274)
	at java.lang.ClassLoader.loadClass(ClassLoader.java:235)
	at java.lang.ClassLoader.loadClassInternal(ClassLoader.java:302)
	at java.lang.Class.forName0(Native Method)
	at java.lang.Class.forName(Class.java:141)
	at com.topcoder.db.connectionfactory.producers.JDBCConnectionProducer.&lt;init&gt;(JDBCConnectionProducer.java:234)
	... 20 more
Caused by:java.lang.reflect.InvocationTargetException
	at java.lang.reflect.Constructor.newInstance(Constructor.java:274)
	at com.topcoder.db.connectionfactory.DBConnectionFactoryImpl.&lt;init&gt;(DBConnectionFactoryImpl.java:190)
	at com.orpheus.auction.persistence.accuracytests.TestHelper.getConnection(TestHelper.java:186)
	at com.orpheus.auction.persistence.accuracytests.SQLServerAuctionDAOAccTests.setUp(SQLServerAuctionDAOAccTests.java:58)
Caused by: java.lang.ClassNotFoundException: The class name com.microsoft.sqlserver.jdbc.SQLServerDriver is invalid.
	at com.topcoder.db.connectionfactory.producers.JDBCConnectionProducer.&lt;init&gt;(JDBCConnectionProducer.java:236)
	... 20 more
Caused by: java.lang.ClassNotFoundException: com.microsoft.sqlserver.jdbc.SQLServerDriver
	at java.net.URLClassLoader$1.run(URLClassLoader.java:199)
	at java.security.AccessController.doPrivileged(Native Method)
	at java.net.URLClassLoader.findClass(URLClassLoader.java:187)
	at java.lang.ClassLoader.loadClass(ClassLoader.java:289)
	at sun.misc.Launcher$AppClassLoader.loadClass(Launcher.java:274)
	at java.lang.ClassLoader.loadClass(ClassLoader.java:235)
	at java.lang.ClassLoader.loadClassInternal(ClassLoader.java:302)
	at java.lang.Class.forName0(Native Method)
	at java.lang.Class.forName(Class.java:141)
	at com.topcoder.db.connectionfactory.producers.JDBCConnectionProducer.&lt;init&gt;(JDBCConnectionProducer.java:234)
	... 20 more
</error>
  </testcase>
  <testcase name="testDeleteAuction" classname="com.orpheus.auction.persistence.accuracytests.SQLServerAuctionDAOAccTests" time="0.016">
    <error message="Unexpected errors- , caused by null" type="com.topcoder.db.connectionfactory.ConfigurationException">com.topcoder.db.connectionfactory.ConfigurationException: Unexpected errors- , caused by null
	at com.topcoder.db.connectionfactory.DBConnectionFactoryImpl.&lt;init&gt;(DBConnectionFactoryImpl.java:211)
	at com.orpheus.auction.persistence.accuracytests.TestHelper.getConnection(TestHelper.java:186)
	at com.orpheus.auction.persistence.accuracytests.SQLServerAuctionDAOAccTests.setUp(SQLServerAuctionDAOAccTests.java:58)
Caused by: java.lang.reflect.InvocationTargetException
	at java.lang.reflect.Constructor.newInstance(Constructor.java:274)
	at com.topcoder.db.connectionfactory.DBConnectionFactoryImpl.&lt;init&gt;(DBConnectionFactoryImpl.java:190)
	... 16 more
Caused by: java.lang.ClassNotFoundException: The class name com.microsoft.sqlserver.jdbc.SQLServerDriver is invalid.
	at com.topcoder.db.connectionfactory.producers.JDBCConnectionProducer.&lt;init&gt;(JDBCConnectionProducer.java:236)
	... 20 more
Caused by: java.lang.ClassNotFoundException: com.microsoft.sqlserver.jdbc.SQLServerDriver
	at java.net.URLClassLoader$1.run(URLClassLoader.java:199)
	at java.security.AccessController.doPrivileged(Native Method)
	at java.net.URLClassLoader.findClass(URLClassLoader.java:187)
	at java.lang.ClassLoader.loadClass(ClassLoader.java:289)
	at sun.misc.Launcher$AppClassLoader.loadClass(Launcher.java:274)
	at java.lang.ClassLoader.loadClass(ClassLoader.java:235)
	at java.lang.ClassLoader.loadClassInternal(ClassLoader.java:302)
	at java.lang.Class.forName0(Native Method)
	at java.lang.Class.forName(Class.java:141)
	at com.topcoder.db.connectionfactory.producers.JDBCConnectionProducer.&lt;init&gt;(JDBCConnectionProducer.java:234)
	... 20 more
Caused by:java.lang.reflect.InvocationTargetException
	at java.lang.reflect.Constructor.newInstance(Constructor.java:274)
	at com.topcoder.db.connectionfactory.DBConnectionFactoryImpl.&lt;init&gt;(DBConnectionFactoryImpl.java:190)
	at com.orpheus.auction.persistence.accuracytests.TestHelper.getConnection(TestHelper.java:186)
	at com.orpheus.auction.persistence.accuracytests.SQLServerAuctionDAOAccTests.setUp(SQLServerAuctionDAOAccTests.java:58)
Caused by: java.lang.ClassNotFoundException: The class name com.microsoft.sqlserver.jdbc.SQLServerDriver is invalid.
	at com.topcoder.db.connectionfactory.producers.JDBCConnectionProducer.&lt;init&gt;(JDBCConnectionProducer.java:236)
	... 20 more
Caused by: java.lang.ClassNotFoundException: com.microsoft.sqlserver.jdbc.SQLServerDriver
	at java.net.URLClassLoader$1.run(URLClassLoader.java:199)
	at java.security.AccessController.doPrivileged(Native Method)
	at java.net.URLClassLoader.findClass(URLClassLoader.java:187)
	at java.lang.ClassLoader.loadClass(ClassLoader.java:289)
	at sun.misc.Launcher$AppClassLoader.loadClass(Launcher.java:274)
	at java.lang.ClassLoader.loadClass(ClassLoader.java:235)
	at java.lang.ClassLoader.loadClassInternal(ClassLoader.java:302)
	at java.lang.Class.forName0(Native Method)
	at java.lang.Class.forName(Class.java:141)
	at com.topcoder.db.connectionfactory.producers.JDBCConnectionProducer.&lt;init&gt;(JDBCConnectionProducer.java:234)
	... 20 more
</error>
  </testcase>
  <testcase name="testFindAuctionsByDate" classname="com.orpheus.auction.persistence.accuracytests.SQLServerAuctionDAOAccTests" time="0.016">
    <error message="Unexpected errors- , caused by null" type="com.topcoder.db.connectionfactory.ConfigurationException">com.topcoder.db.connectionfactory.ConfigurationException: Unexpected errors- , caused by null
	at com.topcoder.db.connectionfactory.DBConnectionFactoryImpl.&lt;init&gt;(DBConnectionFactoryImpl.java:211)
	at com.orpheus.auction.persistence.accuracytests.TestHelper.getConnection(TestHelper.java:186)
	at com.orpheus.auction.persistence.accuracytests.SQLServerAuctionDAOAccTests.setUp(SQLServerAuctionDAOAccTests.java:58)
Caused by: java.lang.reflect.InvocationTargetException
	at java.lang.reflect.Constructor.newInstance(Constructor.java:274)
	at com.topcoder.db.connectionfactory.DBConnectionFactoryImpl.&lt;init&gt;(DBConnectionFactoryImpl.java:190)
	... 16 more
Caused by: java.lang.ClassNotFoundException: The class name com.microsoft.sqlserver.jdbc.SQLServerDriver is invalid.
	at com.topcoder.db.connectionfactory.producers.JDBCConnectionProducer.&lt;init&gt;(JDBCConnectionProducer.java:236)
	... 20 more
Caused by: java.lang.ClassNotFoundException: com.microsoft.sqlserver.jdbc.SQLServerDriver
	at java.net.URLClassLoader$1.run(URLClassLoader.java:199)
	at java.security.AccessController.doPrivileged(Native Method)
	at java.net.URLClassLoader.findClass(URLClassLoader.java:187)
	at java.lang.ClassLoader.loadClass(ClassLoader.java:289)
	at sun.misc.Launcher$AppClassLoader.loadClass(Launcher.java:274)
	at java.lang.ClassLoader.loadClass(ClassLoader.java:235)
	at java.lang.ClassLoader.loadClassInternal(ClassLoader.java:302)
	at java.lang.Class.forName0(Native Method)
	at java.lang.Class.forName(Class.java:141)
	at com.topcoder.db.connectionfactory.producers.JDBCConnectionProducer.&lt;init&gt;(JDBCConnectionProducer.java:234)
	... 20 more
Caused by:java.lang.reflect.InvocationTargetException
	at java.lang.reflect.Constructor.newInstance(Constructor.java:274)
	at com.topcoder.db.connectionfactory.DBConnectionFactoryImpl.&lt;init&gt;(DBConnectionFactoryImpl.java:190)
	at com.orpheus.auction.persistence.accuracytests.TestHelper.getConnection(TestHelper.java:186)
	at com.orpheus.auction.persistence.accuracytests.SQLServerAuctionDAOAccTests.setUp(SQLServerAuctionDAOAccTests.java:58)
Caused by: java.lang.ClassNotFoundException: The class name com.microsoft.sqlserver.jdbc.SQLServerDriver is invalid.
	at com.topcoder.db.connectionfactory.producers.JDBCConnectionProducer.&lt;init&gt;(JDBCConnectionProducer.java:236)
	... 20 more
Caused by: java.lang.ClassNotFoundException: com.microsoft.sqlserver.jdbc.SQLServerDriver
	at java.net.URLClassLoader$1.run(URLClassLoader.java:199)
	at java.security.AccessController.doPrivileged(Native Method)
	at java.net.URLClassLoader.findClass(URLClassLoader.java:187)
	at java.lang.ClassLoader.loadClass(ClassLoader.java:289)
	at sun.misc.Launcher$AppClassLoader.loadClass(Launcher.java:274)
	at java.lang.ClassLoader.loadClass(ClassLoader.java:235)
	at java.lang.ClassLoader.loadClassInternal(ClassLoader.java:302)
	at java.lang.Class.forName0(Native Method)
	at java.lang.Class.forName(Class.java:141)
	at com.topcoder.db.connectionfactory.producers.JDBCConnectionProducer.&lt;init&gt;(JDBCConnectionProducer.java:234)
	... 20 more
</error>
  </testcase>
  <testcase name="testFindAuctionsByBidder" classname="com.orpheus.auction.persistence.accuracytests.SQLServerAuctionDAOAccTests" time="0.015">
    <error message="Unexpected errors- , caused by null" type="com.topcoder.db.connectionfactory.ConfigurationException">com.topcoder.db.connectionfactory.ConfigurationException: Unexpected errors- , caused by null
	at com.topcoder.db.connectionfactory.DBConnectionFactoryImpl.&lt;init&gt;(DBConnectionFactoryImpl.java:211)
	at com.orpheus.auction.persistence.accuracytests.TestHelper.getConnection(TestHelper.java:186)
	at com.orpheus.auction.persistence.accuracytests.SQLServerAuctionDAOAccTests.setUp(SQLServerAuctionDAOAccTests.java:58)
Caused by: java.lang.reflect.InvocationTargetException
	at java.lang.reflect.Constructor.newInstance(Constructor.java:274)
	at com.topcoder.db.connectionfactory.DBConnectionFactoryImpl.&lt;init&gt;(DBConnectionFactoryImpl.java:190)
	... 16 more
Caused by: java.lang.ClassNotFoundException: The class name com.microsoft.sqlserver.jdbc.SQLServerDriver is invalid.
	at com.topcoder.db.connectionfactory.producers.JDBCConnectionProducer.&lt;init&gt;(JDBCConnectionProducer.java:236)
	... 20 more
Caused by: java.lang.ClassNotFoundException: com.microsoft.sqlserver.jdbc.SQLServerDriver
	at java.net.URLClassLoader$1.run(URLClassLoader.java:199)
	at java.security.AccessController.doPrivileged(Native Method)
	at java.net.URLClassLoader.findClass(URLClassLoader.java:187)
	at java.lang.ClassLoader.loadClass(ClassLoader.java:289)
	at sun.misc.Launcher$AppClassLoader.loadClass(Launcher.java:274)
	at java.lang.ClassLoader.loadClass(ClassLoader.java:235)
	at java.lang.ClassLoader.loadClassInternal(ClassLoader.java:302)
	at java.lang.Class.forName0(Native Method)
	at java.lang.Class.forName(Class.java:141)
	at com.topcoder.db.connectionfactory.producers.JDBCConnectionProducer.&lt;init&gt;(JDBCConnectionProducer.java:234)
	... 20 more
Caused by:java.lang.reflect.InvocationTargetException
	at java.lang.reflect.Constructor.newInstance(Constructor.java:274)
	at com.topcoder.db.connectionfactory.DBConnectionFactoryImpl.&lt;init&gt;(DBConnectionFactoryImpl.java:190)
	at com.orpheus.auction.persistence.accuracytests.TestHelper.getConnection(TestHelper.java:186)
	at com.orpheus.auction.persistence.accuracytests.SQLServerAuctionDAOAccTests.setUp(SQLServerAuctionDAOAccTests.java:58)
Caused by: java.lang.ClassNotFoundException: The class name com.microsoft.sqlserver.jdbc.SQLServerDriver is invalid.
	at com.topcoder.db.connectionfactory.producers.JDBCConnectionProducer.&lt;init&gt;(JDBCConnectionProducer.java:236)
	... 20 more
Caused by: java.lang.ClassNotFoundException: com.microsoft.sqlserver.jdbc.SQLServerDriver
	at java.net.URLClassLoader$1.run(URLClassLoader.java:199)
	at java.security.AccessController.doPrivileged(Native Method)
	at java.net.URLClassLoader.findClass(URLClassLoader.java:187)
	at java.lang.ClassLoader.loadClass(ClassLoader.java:289)
	at sun.misc.Launcher$AppClassLoader.loadClass(Launcher.java:274)
	at java.lang.ClassLoader.loadClass(ClassLoader.java:235)
	at java.lang.ClassLoader.loadClassInternal(ClassLoader.java:302)
	at java.lang.Class.forName0(Native Method)
	at java.lang.Class.forName(Class.java:141)
	at com.topcoder.db.connectionfactory.producers.JDBCConnectionProducer.&lt;init&gt;(JDBCConnectionProducer.java:234)
	... 20 more
</error>
  </testcase>
  <testcase name="testGetAuction" classname="com.orpheus.auction.persistence.accuracytests.SQLServerAuctionDAOAccTests" time="0.0">
    <error message="Unexpected errors- , caused by null" type="com.topcoder.db.connectionfactory.ConfigurationException">com.topcoder.db.connectionfactory.ConfigurationException: Unexpected errors- , caused by null
	at com.topcoder.db.connectionfactory.DBConnectionFactoryImpl.&lt;init&gt;(DBConnectionFactoryImpl.java:211)
	at com.orpheus.auction.persistence.accuracytests.TestHelper.getConnection(TestHelper.java:186)
	at com.orpheus.auction.persistence.accuracytests.SQLServerAuctionDAOAccTests.setUp(SQLServerAuctionDAOAccTests.java:58)
Caused by: java.lang.reflect.InvocationTargetException
	at java.lang.reflect.Constructor.newInstance(Constructor.java:274)
	at com.topcoder.db.connectionfactory.DBConnectionFactoryImpl.&lt;init&gt;(DBConnectionFactoryImpl.java:190)
	... 16 more
Caused by: java.lang.ClassNotFoundException: The class name com.microsoft.sqlserver.jdbc.SQLServerDriver is invalid.
	at com.topcoder.db.connectionfactory.producers.JDBCConnectionProducer.&lt;init&gt;(JDBCConnectionProducer.java:236)
	... 20 more
Caused by: java.lang.ClassNotFoundException: com.microsoft.sqlserver.jdbc.SQLServerDriver
	at java.net.URLClassLoader$1.run(URLClassLoader.java:199)
	at java.security.AccessController.doPrivileged(Native Method)
	at java.net.URLClassLoader.findClass(URLClassLoader.java:187)
	at java.lang.ClassLoader.loadClass(ClassLoader.java:289)
	at sun.misc.Launcher$AppClassLoader.loadClass(Launcher.java:274)
	at java.lang.ClassLoader.loadClass(ClassLoader.java:235)
	at java.lang.ClassLoader.loadClassInternal(ClassLoader.java:302)
	at java.lang.Class.forName0(Native Method)
	at java.lang.Class.forName(Class.java:141)
	at com.topcoder.db.connectionfactory.producers.JDBCConnectionProducer.&lt;init&gt;(JDBCConnectionProducer.java:234)
	... 20 more
Caused by:java.lang.reflect.InvocationTargetException
	at java.lang.reflect.Constructor.newInstance(Constructor.java:274)
	at com.topcoder.db.connectionfactory.DBConnectionFactoryImpl.&lt;init&gt;(DBConnectionFactoryImpl.java:190)
	at com.orpheus.auction.persistence.accuracytests.TestHelper.getConnection(TestHelper.java:186)
	at com.orpheus.auction.persistence.accuracytests.SQLServerAuctionDAOAccTests.setUp(SQLServerAuctionDAOAccTests.java:58)
Caused by: java.lang.ClassNotFoundException: The class name com.microsoft.sqlserver.jdbc.SQLServerDriver is invalid.
	at com.topcoder.db.connectionfactory.producers.JDBCConnectionProducer.&lt;init&gt;(JDBCConnectionProducer.java:236)
	... 20 more
Caused by: java.lang.ClassNotFoundException: com.microsoft.sqlserver.jdbc.SQLServerDriver
	at java.net.URLClassLoader$1.run(URLClassLoader.java:199)
	at java.security.AccessController.doPrivileged(Native Method)
	at java.net.URLClassLoader.findClass(URLClassLoader.java:187)
	at java.lang.ClassLoader.loadClass(ClassLoader.java:289)
	at sun.misc.Launcher$AppClassLoader.loadClass(Launcher.java:274)
	at java.lang.ClassLoader.loadClass(ClassLoader.java:235)
	at java.lang.ClassLoader.loadClassInternal(ClassLoader.java:302)
	at java.lang.Class.forName0(Native Method)
	at java.lang.Class.forName(Class.java:141)
	at com.topcoder.db.connectionfactory.producers.JDBCConnectionProducer.&lt;init&gt;(JDBCConnectionProducer.java:234)
	... 20 more
</error>
  </testcase>
  <testcase name="testPersistenceException1" classname="com.orpheus.auction.persistence.PersistenceExceptionUnitTest" time="0.0"></testcase>
  <testcase name="testPersistenceException2" classname="com.orpheus.auction.persistence.PersistenceExceptionUnitTest" time="0.0"></testcase>
  <testcase name="testPersistenceExceptionInheritance1" classname="com.orpheus.auction.persistence.PersistenceExceptionUnitTest" time="0.0"></testcase>
  <testcase name="testPersistenceExceptionInheritance2" classname="com.orpheus.auction.persistence.PersistenceExceptionUnitTest" time="0.0"></testcase>
  <testcase name="testDuplicateEntryException" classname="com.orpheus.auction.persistence.DuplicateEntryExceptionUnitTest" time="0.0"></testcase>
  <testcase name="testDuplicateEntryExceptionInheritance" classname="com.orpheus.auction.persistence.DuplicateEntryExceptionUnitTest" time="0.0"></testcase>
  <testcase name="testInvalidEntryException" classname="com.orpheus.auction.persistence.InvalidEntryExceptionUnitTest" time="0.0"></testcase>
  <testcase name="testInvalidEntryExceptionInheritance" classname="com.orpheus.auction.persistence.InvalidEntryExceptionUnitTest" time="0.0"></testcase>
  <testcase name="testEntryNotFoundException" classname="com.orpheus.auction.persistence.EntryNotFoundExceptionUnitTest" time="0.0"></testcase>
  <testcase name="testEntryNotFoundExceptionInheritance" classname="com.orpheus.auction.persistence.EntryNotFoundExceptionUnitTest" time="0.0"></testcase>
  <testcase name="testTranslationException1" classname="com.orpheus.auction.persistence.TranslationExceptionUnitTest" time="0.0"></testcase>
  <testcase name="testTranslationException2" classname="com.orpheus.auction.persistence.TranslationExceptionUnitTest" time="0.0"></testcase>
  <testcase name="testTranslationExceptionInheritance1" classname="com.orpheus.auction.persistence.TranslationExceptionUnitTest" time="0.0"></testcase>
  <testcase name="testTranslationExceptionInheritance2" classname="com.orpheus.auction.persistence.TranslationExceptionUnitTest" time="0.016"></testcase>
  <testcase name="testObjectInstantiationException1" classname="com.orpheus.auction.persistence.ObjectInstantiationExceptionUnitTest" time="0.0"></testcase>
  <testcase name="testObjectInstantiationException2" classname="com.orpheus.auction.persistence.ObjectInstantiationExceptionUnitTest" time="0.0"></testcase>
  <testcase name="testObjectInstantiationExceptionInheritance1" classname="com.orpheus.auction.persistence.ObjectInstantiationExceptionUnitTest" time="0.0"></testcase>
  <testcase name="testObjectInstantiationExceptionInheritance2" classname="com.orpheus.auction.persistence.ObjectInstantiationExceptionUnitTest" time="0.0"></testcase>
  <testcase name="testGetAuctionDAO_Accuracy1" classname="com.orpheus.auction.persistence.AuctionDAOFactoryUnitTest" time="0.031">
    <error message="The com.orpheus.auction.persistence.AuctionDAO instance can&apos;t be created successfully., caused by The object can not be initialized., caused by null" type="com.orpheus.auction.persistence.ObjectInstantiationException">com.orpheus.auction.persistence.ObjectInstantiationException: The com.orpheus.auction.persistence.AuctionDAO instance can&apos;t be created successfully., caused by The object can not be initialized., caused by null
	at com.orpheus.auction.persistence.AuctionPersistenceHelper.createObject(AuctionPersistenceHelper.java:223)
	at com.orpheus.auction.persistence.AuctionDAOFactory.getAuctionDAO(AuctionDAOFactory.java:85)
	at com.orpheus.auction.persistence.AuctionDAOFactoryUnitTest.testGetAuctionDAO_Accuracy1(AuctionDAOFactoryUnitTest.java:47)
Caused by: com.topcoder.util.objectfactory.InvalidClassSpecificationException: The object can not be initialized., caused by null
	at com.topcoder.util.objectfactory.ObjectFactory.createObjectByReflection(ObjectFactory.java:623)
	at com.topcoder.util.objectfactory.ObjectFactory.createComplexSpecification(ObjectFactory.java:586)
	at com.topcoder.util.objectfactory.ObjectFactory.getObjectBySpecification(ObjectFactory.java:390)
	at com.topcoder.util.objectfactory.ObjectFactory.createObject(ObjectFactory.java:333)
	at com.topcoder.util.objectfactory.ObjectFactory.createObject(ObjectFactory.java:112)
	at com.orpheus.auction.persistence.AuctionPersistenceHelper.createObject(AuctionPersistenceHelper.java:215)
	... 21 more
Caused by: java.lang.reflect.InvocationTargetException
	at java.lang.reflect.Constructor.newInstance(Constructor.java:274)
	at com.topcoder.util.objectfactory.ObjectFactory.createObjectByReflection(ObjectFactory.java:611)
	... 26 more
Caused by: com.orpheus.auction.persistence.ObjectInstantiationException: The com.topcoder.db.connectionfactory.DBConnectionFactory instance can&apos;t be created successfully., caused by The object can not be initialized., caused by null
	at com.orpheus.auction.persistence.AuctionPersistenceHelper.createObject(AuctionPersistenceHelper.java:223)
	at com.orpheus.auction.persistence.impl.SQLServerAuctionDAO.&lt;init&gt;(SQLServerAuctionDAO.java:151)
	... 31 more
Caused by: com.topcoder.util.objectfactory.InvalidClassSpecificationException: The object can not be initialized., caused by null
	at com.topcoder.util.objectfactory.ObjectFactory.createObjectByReflection(ObjectFactory.java:623)
	at com.topcoder.util.objectfactory.ObjectFactory.createComplexSpecification(ObjectFactory.java:586)
	at com.topcoder.util.objectfactory.ObjectFactory.getObjectBySpecification(ObjectFactory.java:390)
	at com.topcoder.util.objectfactory.ObjectFactory.createObject(ObjectFactory.java:333)
	at com.topcoder.util.objectfactory.ObjectFactory.createObject(ObjectFactory.java:112)
	at com.orpheus.auction.persistence.AuctionPersistenceHelper.createObject(AuctionPersistenceHelper.java:215)
	... 32 more
Caused by: java.lang.reflect.InvocationTargetException
	at java.lang.reflect.Constructor.newInstance(Constructor.java:274)
	at com.topcoder.util.objectfactory.ObjectFactory.createObjectByReflection(ObjectFactory.java:611)
	... 37 more
Caused by: com.topcoder.db.connectionfactory.ConfigurationException: Unexpected errors- , caused by null
	at com.topcoder.db.connectionfactory.DBConnectionFactoryImpl.&lt;init&gt;(DBConnectionFactoryImpl.java:211)
	... 41 more
Caused by: java.lang.reflect.InvocationTargetException
	at java.lang.reflect.Constructor.newInstance(Constructor.java:274)
	at com.topcoder.db.connectionfactory.DBConnectionFactoryImpl.&lt;init&gt;(DBConnectionFactoryImpl.java:190)
	... 41 more
Caused by: java.lang.ClassNotFoundException: The class name com.microsoft.sqlserver.jdbc.SQLServerDriver is invalid.
	at com.topcoder.db.connectionfactory.producers.JDBCConnectionProducer.&lt;init&gt;(JDBCConnectionProducer.java:236)
	... 45 more
Caused by: java.lang.ClassNotFoundException: com.microsoft.sqlserver.jdbc.SQLServerDriver
	at java.net.URLClassLoader$1.run(URLClassLoader.java:199)
	at java.security.AccessController.doPrivileged(Native Method)
	at java.net.URLClassLoader.findClass(URLClassLoader.java:187)
	at java.lang.ClassLoader.loadClass(ClassLoader.java:289)
	at sun.misc.Launcher$AppClassLoader.loadClass(Launcher.java:274)
	at java.lang.ClassLoader.loadClass(ClassLoader.java:235)
	at java.lang.ClassLoader.loadClassInternal(ClassLoader.java:302)
	at java.lang.Class.forName0(Native Method)
	at java.lang.Class.forName(Class.java:141)
	at com.topcoder.db.connectionfactory.producers.JDBCConnectionProducer.&lt;init&gt;(JDBCConnectionProducer.java:234)
	... 45 more
Caused by:com.topcoder.util.objectfactory.InvalidClassSpecificationException: The object can not be initialized., caused by null
	at com.topcoder.util.objectfactory.ObjectFactory.createObjectByReflection(ObjectFactory.java:623)
	at com.topcoder.util.objectfactory.ObjectFactory.createComplexSpecification(ObjectFactory.java:586)
	at com.topcoder.util.objectfactory.ObjectFactory.getObjectBySpecification(ObjectFactory.java:390)
	at com.topcoder.util.objectfactory.ObjectFactory.createObject(ObjectFactory.java:333)
	at com.topcoder.util.objectfactory.ObjectFactory.createObject(ObjectFactory.java:112)
	at com.orpheus.auction.persistence.AuctionPersistenceHelper.createObject(AuctionPersistenceHelper.java:215)
	at com.orpheus.auction.persistence.AuctionDAOFactory.getAuctionDAO(AuctionDAOFactory.java:85)
	at com.orpheus.auction.persistence.AuctionDAOFactoryUnitTest.testGetAuctionDAO_Accuracy1(AuctionDAOFactoryUnitTest.java:47)
Caused by: java.lang.reflect.InvocationTargetException
	at java.lang.reflect.Constructor.newInstance(Constructor.java:274)
	at com.topcoder.util.objectfactory.ObjectFactory.createObjectByReflection(ObjectFactory.java:611)
	... 26 more
Caused by: com.orpheus.auction.persistence.ObjectInstantiationException: The com.topcoder.db.connectionfactory.DBConnectionFactory instance can&apos;t be created successfully., caused by The object can not be initialized., caused by null
	at com.orpheus.auction.persistence.AuctionPersistenceHelper.createObject(AuctionPersistenceHelper.java:223)
	at com.orpheus.auction.persistence.impl.SQLServerAuctionDAO.&lt;init&gt;(SQLServerAuctionDAO.java:151)
	... 31 more
Caused by: com.topcoder.util.objectfactory.InvalidClassSpecificationException: The object can not be initialized., caused by null
	at com.topcoder.util.objectfactory.ObjectFactory.createObjectByReflection(ObjectFactory.java:623)
	at com.topcoder.util.objectfactory.ObjectFactory.createComplexSpecification(ObjectFactory.java:586)
	at com.topcoder.util.objectfactory.ObjectFactory.getObjectBySpecification(ObjectFactory.java:390)
	at com.topcoder.util.objectfactory.ObjectFactory.createObject(ObjectFactory.java:333)
	at com.topcoder.util.objectfactory.ObjectFactory.createObject(ObjectFactory.java:112)
	at com.orpheus.auction.persistence.AuctionPersistenceHelper.createObject(AuctionPersistenceHelper.java:215)
	... 32 more
Caused by: java.lang.reflect.InvocationTargetException
	at java.lang.reflect.Constructor.newInstance(Constructor.java:274)
	at com.topcoder.util.objectfactory.ObjectFactory.createObjectByReflection(ObjectFactory.java:611)
	... 37 more
Caused by: com.topcoder.db.connectionfactory.ConfigurationException: Unexpected errors- , caused by null
	at com.topcoder.db.connectionfactory.DBConnectionFactoryImpl.&lt;init&gt;(DBConnectionFactoryImpl.java:211)
	... 41 more
Caused by: java.lang.reflect.InvocationTargetException
	at java.lang.reflect.Constructor.newInstance(Constructor.java:274)
	at com.topcoder.db.connectionfactory.DBConnectionFactoryImpl.&lt;init&gt;(DBConnectionFactoryImpl.java:190)
	... 41 more
Caused by: java.lang.ClassNotFoundException: The class name com.microsoft.sqlserver.jdbc.SQLServerDriver is invalid.
	at com.topcoder.db.connectionfactory.producers.JDBCConnectionProducer.&lt;init&gt;(JDBCConnectionProducer.java:236)
	... 45 more
Caused by: java.lang.ClassNotFoundException: com.microsoft.sqlserver.jdbc.SQLServerDriver
	at java.net.URLClassLoader$1.run(URLClassLoader.java:199)
	at java.security.AccessController.doPrivileged(Native Method)
	at java.net.URLClassLoader.findClass(URLClassLoader.java:187)
	at java.lang.ClassLoader.loadClass(ClassLoader.java:289)
	at sun.misc.Launcher$AppClassLoader.loadClass(Launcher.java:274)
	at java.lang.ClassLoader.loadClass(ClassLoader.java:235)
	at java.lang.ClassLoader.loadClassInternal(ClassLoader.java:302)
	at java.lang.Class.forName0(Native Method)
	at java.lang.Class.forName(Class.java:141)
	at com.topcoder.db.connectionfactory.producers.JDBCConnectionProducer.&lt;init&gt;(JDBCConnectionProducer.java:234)
	... 45 more
Caused by:java.lang.reflect.InvocationTargetException
	at java.lang.reflect.Constructor.newInstance(Constructor.java:274)
	at com.topcoder.util.objectfactory.ObjectFactory.createObjectByReflection(ObjectFactory.java:611)
	at com.topcoder.util.objectfactory.ObjectFactory.createComplexSpecification(ObjectFactory.java:586)
	at com.topcoder.util.objectfactory.ObjectFactory.getObjectBySpecification(ObjectFactory.java:390)
	at com.topcoder.util.objectfactory.ObjectFactory.createObject(ObjectFactory.java:333)
	at com.topcoder.util.objectfactory.ObjectFactory.createObject(ObjectFactory.java:112)
	at com.orpheus.auction.persistence.AuctionPersistenceHelper.createObject(AuctionPersistenceHelper.java:215)
	at com.orpheus.auction.persistence.AuctionDAOFactory.getAuctionDAO(AuctionDAOFactory.java:85)
	at com.orpheus.auction.persistence.AuctionDAOFactoryUnitTest.testGetAuctionDAO_Accuracy1(AuctionDAOFactoryUnitTest.java:47)
Caused by: com.orpheus.auction.persistence.ObjectInstantiationException: The com.topcoder.db.connectionfactory.DBConnectionFactory instance can&apos;t be created successfully., caused by The object can not be initialized., caused by null
	at com.orpheus.auction.persistence.AuctionPersistenceHelper.createObject(AuctionPersistenceHelper.java:223)
	at com.orpheus.auction.persistence.impl.SQLServerAuctionDAO.&lt;init&gt;(SQLServerAuctionDAO.java:151)
	... 31 more
Caused by: com.topcoder.util.objectfactory.InvalidClassSpecificationException: The object can not be initialized., caused by null
	at com.topcoder.util.objectfactory.ObjectFactory.createObjectByReflection(ObjectFactory.java:623)
	at com.topcoder.util.objectfactory.ObjectFactory.createComplexSpecification(ObjectFactory.java:586)
	at com.topcoder.util.objectfactory.ObjectFactory.getObjectBySpecification(ObjectFactory.java:390)
	at com.topcoder.util.objectfactory.ObjectFactory.createObject(ObjectFactory.java:333)
	at com.topcoder.util.objectfactory.ObjectFactory.createObject(ObjectFactory.java:112)
	at com.orpheus.auction.persistence.AuctionPersistenceHelper.createObject(AuctionPersistenceHelper.java:215)
	... 32 more
Caused by: java.lang.reflect.InvocationTargetException
	at java.lang.reflect.Constructor.newInstance(Constructor.java:274)
	at com.topcoder.util.objectfactory.ObjectFactory.createObjectByReflection(ObjectFactory.java:611)
	... 37 more
Caused by: com.topcoder.db.connectionfactory.ConfigurationException: Unexpected errors- , caused by null
	at com.topcoder.db.connectionfactory.DBConnectionFactoryImpl.&lt;init&gt;(DBConnectionFactoryImpl.java:211)
	... 41 more
Caused by: java.lang.reflect.InvocationTargetException
	at java.lang.reflect.Constructor.newInstance(Constructor.java:274)
	at com.topcoder.db.connectionfactory.DBConnectionFactoryImpl.&lt;init&gt;(DBConnectionFactoryImpl.java:190)
	... 41 more
Caused by: java.lang.ClassNotFoundException: The class name com.microsoft.sqlserver.jdbc.SQLServerDriver is invalid.
	at com.topcoder.db.connectionfactory.producers.JDBCConnectionProducer.&lt;init&gt;(JDBCConnectionProducer.java:236)
	... 45 more
Caused by: java.lang.ClassNotFoundException: com.microsoft.sqlserver.jdbc.SQLServerDriver
	at java.net.URLClassLoader$1.run(URLClassLoader.java:199)
	at java.security.AccessController.doPrivileged(Native Method)
	at java.net.URLClassLoader.findClass(URLClassLoader.java:187)
	at java.lang.ClassLoader.loadClass(ClassLoader.java:289)
	at sun.misc.Launcher$AppClassLoader.loadClass(Launcher.java:274)
	at java.lang.ClassLoader.loadClass(ClassLoader.java:235)
	at java.lang.ClassLoader.loadClassInternal(ClassLoader.java:302)
	at java.lang.Class.forName0(Native Method)
	at java.lang.Class.forName(Class.java:141)
	at com.topcoder.db.connectionfactory.producers.JDBCConnectionProducer.&lt;init&gt;(JDBCConnectionProducer.java:234)
	... 45 more
</error>
  </testcase>
  <testcase name="testGetAuctionDAO_Accuracy2" classname="com.orpheus.auction.persistence.AuctionDAOFactoryUnitTest" time="0.016">
    <error message="The com.orpheus.auction.persistence.AuctionDAO instance can&apos;t be created successfully., caused by The object can not be initialized., caused by null" type="com.orpheus.auction.persistence.ObjectInstantiationException">com.orpheus.auction.persistence.ObjectInstantiationException: The com.orpheus.auction.persistence.AuctionDAO instance can&apos;t be created successfully., caused by The object can not be initialized., caused by null
	at com.orpheus.auction.persistence.AuctionPersistenceHelper.createObject(AuctionPersistenceHelper.java:223)
	at com.orpheus.auction.persistence.AuctionDAOFactory.getAuctionDAO(AuctionDAOFactory.java:85)
	at com.orpheus.auction.persistence.AuctionDAOFactoryUnitTest.testGetAuctionDAO_Accuracy2(AuctionDAOFactoryUnitTest.java:57)
Caused by: com.topcoder.util.objectfactory.InvalidClassSpecificationException: The object can not be initialized., caused by null
	at com.topcoder.util.objectfactory.ObjectFactory.createObjectByReflection(ObjectFactory.java:623)
	at com.topcoder.util.objectfactory.ObjectFactory.createComplexSpecification(ObjectFactory.java:586)
	at com.topcoder.util.objectfactory.ObjectFactory.getObjectBySpecification(ObjectFactory.java:390)
	at com.topcoder.util.objectfactory.ObjectFactory.createObject(ObjectFactory.java:333)
	at com.topcoder.util.objectfactory.ObjectFactory.createObject(ObjectFactory.java:112)
	at com.orpheus.auction.persistence.AuctionPersistenceHelper.createObject(AuctionPersistenceHelper.java:215)
	... 21 more
Caused by: java.lang.reflect.InvocationTargetException
	at java.lang.reflect.Constructor.newInstance(Constructor.java:274)
	at com.topcoder.util.objectfactory.ObjectFactory.createObjectByReflection(ObjectFactory.java:611)
	... 26 more
Caused by: com.orpheus.auction.persistence.ObjectInstantiationException: The com.topcoder.db.connectionfactory.DBConnectionFactory instance can&apos;t be created successfully., caused by The object can not be initialized., caused by null
	at com.orpheus.auction.persistence.AuctionPersistenceHelper.createObject(AuctionPersistenceHelper.java:223)
	at com.orpheus.auction.persistence.impl.SQLServerAuctionDAO.&lt;init&gt;(SQLServerAuctionDAO.java:151)
	... 31 more
Caused by: com.topcoder.util.objectfactory.InvalidClassSpecificationException: The object can not be initialized., caused by null
	at com.topcoder.util.objectfactory.ObjectFactory.createObjectByReflection(ObjectFactory.java:623)
	at com.topcoder.util.objectfactory.ObjectFactory.createComplexSpecification(ObjectFactory.java:586)
	at com.topcoder.util.objectfactory.ObjectFactory.getObjectBySpecification(ObjectFactory.java:390)
	at com.topcoder.util.objectfactory.ObjectFactory.createObject(ObjectFactory.java:333)
	at com.topcoder.util.objectfactory.ObjectFactory.createObject(ObjectFactory.java:112)
	at com.orpheus.auction.persistence.AuctionPersistenceHelper.createObject(AuctionPersistenceHelper.java:215)
	... 32 more
Caused by: java.lang.reflect.InvocationTargetException
	at java.lang.reflect.Constructor.newInstance(Constructor.java:274)
	at com.topcoder.util.objectfactory.ObjectFactory.createObjectByReflection(ObjectFactory.java:611)
	... 37 more
Caused by: com.topcoder.db.connectionfactory.ConfigurationException: Unexpected errors- , caused by null
	at com.topcoder.db.connectionfactory.DBConnectionFactoryImpl.&lt;init&gt;(DBConnectionFactoryImpl.java:211)
	... 41 more
Caused by: java.lang.reflect.InvocationTargetException
	at java.lang.reflect.Constructor.newInstance(Constructor.java:274)
	at com.topcoder.db.connectionfactory.DBConnectionFactoryImpl.&lt;init&gt;(DBConnectionFactoryImpl.java:190)
	... 41 more
Caused by: java.lang.ClassNotFoundException: The class name com.microsoft.sqlserver.jdbc.SQLServerDriver is invalid.
	at com.topcoder.db.connectionfactory.producers.JDBCConnectionProducer.&lt;init&gt;(JDBCConnectionProducer.java:236)
	... 45 more
Caused by: java.lang.ClassNotFoundException: com.microsoft.sqlserver.jdbc.SQLServerDriver
	at java.net.URLClassLoader$1.run(URLClassLoader.java:199)
	at java.security.AccessController.doPrivileged(Native Method)
	at java.net.URLClassLoader.findClass(URLClassLoader.java:187)
	at java.lang.ClassLoader.loadClass(ClassLoader.java:289)
	at sun.misc.Launcher$AppClassLoader.loadClass(Launcher.java:274)
	at java.lang.ClassLoader.loadClass(ClassLoader.java:235)
	at java.lang.ClassLoader.loadClassInternal(ClassLoader.java:302)
	at java.lang.Class.forName0(Native Method)
	at java.lang.Class.forName(Class.java:141)
	at com.topcoder.db.connectionfactory.producers.JDBCConnectionProducer.&lt;init&gt;(JDBCConnectionProducer.java:234)
	... 45 more
Caused by:com.topcoder.util.objectfactory.InvalidClassSpecificationException: The object can not be initialized., caused by null
	at com.topcoder.util.objectfactory.ObjectFactory.createObjectByReflection(ObjectFactory.java:623)
	at com.topcoder.util.objectfactory.ObjectFactory.createComplexSpecification(ObjectFactory.java:586)
	at com.topcoder.util.objectfactory.ObjectFactory.getObjectBySpecification(ObjectFactory.java:390)
	at com.topcoder.util.objectfactory.ObjectFactory.createObject(ObjectFactory.java:333)
	at com.topcoder.util.objectfactory.ObjectFactory.createObject(ObjectFactory.java:112)
	at com.orpheus.auction.persistence.AuctionPersistenceHelper.createObject(AuctionPersistenceHelper.java:215)
	at com.orpheus.auction.persistence.AuctionDAOFactory.getAuctionDAO(AuctionDAOFactory.java:85)
	at com.orpheus.auction.persistence.AuctionDAOFactoryUnitTest.testGetAuctionDAO_Accuracy2(AuctionDAOFactoryUnitTest.java:57)
Caused by: java.lang.reflect.InvocationTargetException
	at java.lang.reflect.Constructor.newInstance(Constructor.java:274)
	at com.topcoder.util.objectfactory.ObjectFactory.createObjectByReflection(ObjectFactory.java:611)
	... 26 more
Caused by: com.orpheus.auction.persistence.ObjectInstantiationException: The com.topcoder.db.connectionfactory.DBConnectionFactory instance can&apos;t be created successfully., caused by The object can not be initialized., caused by null
	at com.orpheus.auction.persistence.AuctionPersistenceHelper.createObject(AuctionPersistenceHelper.java:223)
	at com.orpheus.auction.persistence.impl.SQLServerAuctionDAO.&lt;init&gt;(SQLServerAuctionDAO.java:151)
	... 31 more
Caused by: com.topcoder.util.objectfactory.InvalidClassSpecificationException: The object can not be initialized., caused by null
	at com.topcoder.util.objectfactory.ObjectFactory.createObjectByReflection(ObjectFactory.java:623)
	at com.topcoder.util.objectfactory.ObjectFactory.createComplexSpecification(ObjectFactory.java:586)
	at com.topcoder.util.objectfactory.ObjectFactory.getObjectBySpecification(ObjectFactory.java:390)
	at com.topcoder.util.objectfactory.ObjectFactory.createObject(ObjectFactory.java:333)
	at com.topcoder.util.objectfactory.ObjectFactory.createObject(ObjectFactory.java:112)
	at com.orpheus.auction.persistence.AuctionPersistenceHelper.createObject(AuctionPersistenceHelper.java:215)
	... 32 more
Caused by: java.lang.reflect.InvocationTargetException
	at java.lang.reflect.Constructor.newInstance(Constructor.java:274)
	at com.topcoder.util.objectfactory.ObjectFactory.createObjectByReflection(ObjectFactory.java:611)
	... 37 more
Caused by: com.topcoder.db.connectionfactory.ConfigurationException: Unexpected errors- , caused by null
	at com.topcoder.db.connectionfactory.DBConnectionFactoryImpl.&lt;init&gt;(DBConnectionFactoryImpl.java:211)
	... 41 more
Caused by: java.lang.reflect.InvocationTargetException
	at java.lang.reflect.Constructor.newInstance(Constructor.java:274)
	at com.topcoder.db.connectionfactory.DBConnectionFactoryImpl.&lt;init&gt;(DBConnectionFactoryImpl.java:190)
	... 41 more
Caused by: java.lang.ClassNotFoundException: The class name com.microsoft.sqlserver.jdbc.SQLServerDriver is invalid.
	at com.topcoder.db.connectionfactory.producers.JDBCConnectionProducer.&lt;init&gt;(JDBCConnectionProducer.java:236)
	... 45 more
Caused by: java.lang.ClassNotFoundException: com.microsoft.sqlserver.jdbc.SQLServerDriver
	at java.net.URLClassLoader$1.run(URLClassLoader.java:199)
	at java.security.AccessController.doPrivileged(Native Method)
	at java.net.URLClassLoader.findClass(URLClassLoader.java:187)
	at java.lang.ClassLoader.loadClass(ClassLoader.java:289)
	at sun.misc.Launcher$AppClassLoader.loadClass(Launcher.java:274)
	at java.lang.ClassLoader.loadClass(ClassLoader.java:235)
	at java.lang.ClassLoader.loadClassInternal(ClassLoader.java:302)
	at java.lang.Class.forName0(Native Method)
	at java.lang.Class.forName(Class.java:141)
	at com.topcoder.db.connectionfactory.producers.JDBCConnectionProducer.&lt;init&gt;(JDBCConnectionProducer.java:234)
	... 45 more
Caused by:java.lang.reflect.InvocationTargetException
	at java.lang.reflect.Constructor.newInstance(Constructor.java:274)
	at com.topcoder.util.objectfactory.ObjectFactory.createObjectByReflection(ObjectFactory.java:611)
	at com.topcoder.util.objectfactory.ObjectFactory.createComplexSpecification(ObjectFactory.java:586)
	at com.topcoder.util.objectfactory.ObjectFactory.getObjectBySpecification(ObjectFactory.java:390)
	at com.topcoder.util.objectfactory.ObjectFactory.createObject(ObjectFactory.java:333)
	at com.topcoder.util.objectfactory.ObjectFactory.createObject(ObjectFactory.java:112)
	at com.orpheus.auction.persistence.AuctionPersistenceHelper.createObject(AuctionPersistenceHelper.java:215)
	at com.orpheus.auction.persistence.AuctionDAOFactory.getAuctionDAO(AuctionDAOFactory.java:85)
	at com.orpheus.auction.persistence.AuctionDAOFactoryUnitTest.testGetAuctionDAO_Accuracy2(AuctionDAOFactoryUnitTest.java:57)
Caused by: com.orpheus.auction.persistence.ObjectInstantiationException: The com.topcoder.db.connectionfactory.DBConnectionFactory instance can&apos;t be created successfully., caused by The object can not be initialized., caused by null
	at com.orpheus.auction.persistence.AuctionPersistenceHelper.createObject(AuctionPersistenceHelper.java:223)
	at com.orpheus.auction.persistence.impl.SQLServerAuctionDAO.&lt;init&gt;(SQLServerAuctionDAO.java:151)
	... 31 more
Caused by: com.topcoder.util.objectfactory.InvalidClassSpecificationException: The object can not be initialized., caused by null
	at com.topcoder.util.objectfactory.ObjectFactory.createObjectByReflection(ObjectFactory.java:623)
	at com.topcoder.util.objectfactory.ObjectFactory.createComplexSpecification(ObjectFactory.java:586)
	at com.topcoder.util.objectfactory.ObjectFactory.getObjectBySpecification(ObjectFactory.java:390)
	at com.topcoder.util.objectfactory.ObjectFactory.createObject(ObjectFactory.java:333)
	at com.topcoder.util.objectfactory.ObjectFactory.createObject(ObjectFactory.java:112)
	at com.orpheus.auction.persistence.AuctionPersistenceHelper.createObject(AuctionPersistenceHelper.java:215)
	... 32 more
Caused by: java.lang.reflect.InvocationTargetException
	at java.lang.reflect.Constructor.newInstance(Constructor.java:274)
	at com.topcoder.util.objectfactory.ObjectFactory.createObjectByReflection(ObjectFactory.java:611)
	... 37 more
Caused by: com.topcoder.db.connectionfactory.ConfigurationException: Unexpected errors- , caused by null
	at com.topcoder.db.connectionfactory.DBConnectionFactoryImpl.&lt;init&gt;(DBConnectionFactoryImpl.java:211)
	... 41 more
Caused by: java.lang.reflect.InvocationTargetException
	at java.lang.reflect.Constructor.newInstance(Constructor.java:274)
	at com.topcoder.db.connectionfactory.DBConnectionFactoryImpl.&lt;init&gt;(DBConnectionFactoryImpl.java:190)
	... 41 more
Caused by: java.lang.ClassNotFoundException: The class name com.microsoft.sqlserver.jdbc.SQLServerDriver is invalid.
	at com.topcoder.db.connectionfactory.producers.JDBCConnectionProducer.&lt;init&gt;(JDBCConnectionProducer.java:236)
	... 45 more
Caused by: java.lang.ClassNotFoundException: com.microsoft.sqlserver.jdbc.SQLServerDriver
	at java.net.URLClassLoader$1.run(URLClassLoader.java:199)
	at java.security.AccessController.doPrivileged(Native Method)
	at java.net.URLClassLoader.findClass(URLClassLoader.java:187)
	at java.lang.ClassLoader.loadClass(ClassLoader.java:289)
	at sun.misc.Launcher$AppClassLoader.loadClass(Launcher.java:274)
	at java.lang.ClassLoader.loadClass(ClassLoader.java:235)
	at java.lang.ClassLoader.loadClassInternal(ClassLoader.java:302)
	at java.lang.Class.forName0(Native Method)
	at java.lang.Class.forName(Class.java:141)
	at com.topcoder.db.connectionfactory.producers.JDBCConnectionProducer.&lt;init&gt;(JDBCConnectionProducer.java:234)
	... 45 more
</error>
  </testcase>
  <testcase name="testCustomBid_NullTimestamp" classname="com.orpheus.auction.persistence.CustomBidUnitTest" time="0.0"></testcase>
  <testcase name="testCustomBid_Accuracy" classname="com.orpheus.auction.persistence.CustomBidUnitTest" time="0.0"></testcase>
  <testcase name="testGetID_Accuracy1" classname="com.orpheus.auction.persistence.CustomBidUnitTest" time="0.0"></testcase>
  <testcase name="testGetID_Accuracy2" classname="com.orpheus.auction.persistence.CustomBidUnitTest" time="0.0"></testcase>
  <testcase name="testGetImageId_Accuracy" classname="com.orpheus.auction.persistence.CustomBidUnitTest" time="0.0"></testcase>
  <testcase name="testSetID_Accuracy" classname="com.orpheus.auction.persistence.CustomBidUnitTest" time="0.015"></testcase>
  <testcase name="testGetBidderId_Accuracy" classname="com.orpheus.auction.persistence.CustomBidUnitTest" time="0.0"></testcase>
  <testcase name="testGetEffectiveAmount_Accuracy1" classname="com.orpheus.auction.persistence.CustomBidUnitTest" time="0.0"></testcase>
  <testcase name="testGetEffectiveAmount_Accuracy2" classname="com.orpheus.auction.persistence.CustomBidUnitTest" time="0.0"></testcase>
  <testcase name="testSetEffectiveAmount_Accuracy" classname="com.orpheus.auction.persistence.CustomBidUnitTest" time="0.0"></testcase>
  <testcase name="testGetMaxAmount_Accuracy" classname="com.orpheus.auction.persistence.CustomBidUnitTest" time="0.0"></testcase>
  <testcase name="testGetTimestamp_Accuracy" classname="com.orpheus.auction.persistence.CustomBidUnitTest" time="0.0"></testcase>
  <testcase name="testDeleteAuction_NotExistAuctionId" classname="com.orpheus.auction.persistence.LocalCustomAuctionPersistenceUnitTest" time="0.0">
    <error message="Cannot instantiate class: org.jnp.interfaces.NamingContextFactory" type="javax.naming.NoInitialContextException">javax.naming.NoInitialContextException: Cannot instantiate class: org.jnp.interfaces.NamingContextFactory [Root exception is java.lang.ClassNotFoundException: org.jnp.interfaces.NamingContextFactory]
	at javax.naming.spi.NamingManager.getInitialContext(NamingManager.java:652)
	at javax.naming.InitialContext.getDefaultInitCtx(InitialContext.java:243)
	at javax.naming.InitialContext.init(InitialContext.java:219)
	at javax.naming.InitialContext.&lt;init&gt;(InitialContext.java:195)
	at com.orpheus.auction.persistence.CustomAuctionPersistenceTestCase.getEJBTestRunner(CustomAuctionPersistenceTestCase.java:708)
	at com.orpheus.auction.persistence.CustomAuctionPersistenceTestCase.runBare(CustomAuctionPersistenceTestCase.java:669)
	at net.sourceforge.junitejb.EJBTestCase.run(EJBTestCase.java:95)
Caused by: java.lang.ClassNotFoundException: org.jnp.interfaces.NamingContextFactory
	at java.net.URLClassLoader$1.run(URLClassLoader.java:199)
	at java.security.AccessController.doPrivileged(Native Method)
	at java.net.URLClassLoader.findClass(URLClassLoader.java:187)
	at java.lang.ClassLoader.loadClass(ClassLoader.java:289)
	at sun.misc.Launcher$AppClassLoader.loadClass(Launcher.java:274)
	at java.lang.ClassLoader.loadClass(ClassLoader.java:235)
	at java.lang.ClassLoader.loadClassInternal(ClassLoader.java:302)
	at java.lang.Class.forName0(Native Method)
	at java.lang.Class.forName(Class.java:219)
	at com.sun.naming.internal.VersionHelper12.loadClass(VersionHelper12.java:42)
	at javax.naming.spi.NamingManager.getInitialContext(NamingManager.java:649)
	... 19 more
</error>
  </testcase>
  <testcase name="testLocalCustomAuctionPersistence_Accuracy" classname="com.orpheus.auction.persistence.LocalCustomAuctionPersistenceUnitTest" time="0.0">
    <error message="Cannot instantiate class: org.jnp.interfaces.NamingContextFactory" type="javax.naming.NoInitialContextException">javax.naming.NoInitialContextException: Cannot instantiate class: org.jnp.interfaces.NamingContextFactory [Root exception is java.lang.ClassNotFoundException: org.jnp.interfaces.NamingContextFactory]
	at javax.naming.spi.NamingManager.getInitialContext(NamingManager.java:652)
	at javax.naming.InitialContext.getDefaultInitCtx(InitialContext.java:243)
	at javax.naming.InitialContext.init(InitialContext.java:219)
	at javax.naming.InitialContext.&lt;init&gt;(InitialContext.java:195)
	at com.orpheus.auction.persistence.CustomAuctionPersistenceTestCase.getEJBTestRunner(CustomAuctionPersistenceTestCase.java:708)
	at com.orpheus.auction.persistence.CustomAuctionPersistenceTestCase.runBare(CustomAuctionPersistenceTestCase.java:669)
	at net.sourceforge.junitejb.EJBTestCase.run(EJBTestCase.java:95)
Caused by: java.lang.ClassNotFoundException: org.jnp.interfaces.NamingContextFactory
	at java.net.URLClassLoader$1.run(URLClassLoader.java:199)
	at java.security.AccessController.doPrivileged(Native Method)
	at java.net.URLClassLoader.findClass(URLClassLoader.java:187)
	at java.lang.ClassLoader.loadClass(ClassLoader.java:289)
	at sun.misc.Launcher$AppClassLoader.loadClass(Launcher.java:274)
	at java.lang.ClassLoader.loadClass(ClassLoader.java:235)
	at java.lang.ClassLoader.loadClassInternal(ClassLoader.java:302)
	at java.lang.Class.forName0(Native Method)
	at java.lang.Class.forName(Class.java:219)
	at com.sun.naming.internal.VersionHelper12.loadClass(VersionHelper12.java:42)
	at javax.naming.spi.NamingManager.getInitialContext(NamingManager.java:649)
	... 19 more
</error>
  </testcase>
  <testcase name="testEjbCreateAuction_NullID" classname="com.orpheus.auction.persistence.LocalCustomAuctionPersistenceUnitTest" time="0.0">
    <error message="Cannot instantiate class: org.jnp.interfaces.NamingContextFactory" type="javax.naming.NoInitialContextException">javax.naming.NoInitialContextException: Cannot instantiate class: org.jnp.interfaces.NamingContextFactory [Root exception is java.lang.ClassNotFoundException: org.jnp.interfaces.NamingContextFactory]
	at javax.naming.spi.NamingManager.getInitialContext(NamingManager.java:652)
	at javax.naming.InitialContext.getDefaultInitCtx(InitialContext.java:243)
	at javax.naming.InitialContext.init(InitialContext.java:219)
	at javax.naming.InitialContext.&lt;init&gt;(InitialContext.java:195)
	at com.orpheus.auction.persistence.CustomAuctionPersistenceTestCase.getEJBTestRunner(CustomAuctionPersistenceTestCase.java:708)
	at com.orpheus.auction.persistence.CustomAuctionPersistenceTestCase.runBare(CustomAuctionPersistenceTestCase.java:669)
	at net.sourceforge.junitejb.EJBTestCase.run(EJBTestCase.java:95)
Caused by: java.lang.ClassNotFoundException: org.jnp.interfaces.NamingContextFactory
	at java.net.URLClassLoader$1.run(URLClassLoader.java:199)
	at java.security.AccessController.doPrivileged(Native Method)
	at java.net.URLClassLoader.findClass(URLClassLoader.java:187)
	at java.lang.ClassLoader.loadClass(ClassLoader.java:289)
	at sun.misc.Launcher$AppClassLoader.loadClass(Launcher.java:274)
	at java.lang.ClassLoader.loadClass(ClassLoader.java:235)
	at java.lang.ClassLoader.loadClassInternal(ClassLoader.java:302)
	at java.lang.Class.forName0(Native Method)
	at java.lang.Class.forName(Class.java:219)
	at com.sun.naming.internal.VersionHelper12.loadClass(VersionHelper12.java:42)
	at javax.naming.spi.NamingManager.getInitialContext(NamingManager.java:649)
	... 19 more
</error>
  </testcase>
  <testcase name="testEjbCreateAuction_InvalidAuctionId" classname="com.orpheus.auction.persistence.LocalCustomAuctionPersistenceUnitTest" time="0.0">
    <error message="Cannot instantiate class: org.jnp.interfaces.NamingContextFactory" type="javax.naming.NoInitialContextException">javax.naming.NoInitialContextException: Cannot instantiate class: org.jnp.interfaces.NamingContextFactory [Root exception is java.lang.ClassNotFoundException: org.jnp.interfaces.NamingContextFactory]
	at javax.naming.spi.NamingManager.getInitialContext(NamingManager.java:652)
	at javax.naming.InitialContext.getDefaultInitCtx(InitialContext.java:243)
	at javax.naming.InitialContext.init(InitialContext.java:219)
	at javax.naming.InitialContext.&lt;init&gt;(InitialContext.java:195)
	at com.orpheus.auction.persistence.CustomAuctionPersistenceTestCase.getEJBTestRunner(CustomAuctionPersistenceTestCase.java:708)
	at com.orpheus.auction.persistence.CustomAuctionPersistenceTestCase.runBare(CustomAuctionPersistenceTestCase.java:669)
	at net.sourceforge.junitejb.EJBTestCase.run(EJBTestCase.java:95)
Caused by: java.lang.ClassNotFoundException: org.jnp.interfaces.NamingContextFactory
	at java.net.URLClassLoader$1.run(URLClassLoader.java:199)
	at java.security.AccessController.doPrivileged(Native Method)
	at java.net.URLClassLoader.findClass(URLClassLoader.java:187)
	at java.lang.ClassLoader.loadClass(ClassLoader.java:289)
	at sun.misc.Launcher$AppClassLoader.loadClass(Launcher.java:274)
	at java.lang.ClassLoader.loadClass(ClassLoader.java:235)
	at java.lang.ClassLoader.loadClassInternal(ClassLoader.java:302)
	at java.lang.Class.forName0(Native Method)
	at java.lang.Class.forName(Class.java:219)
	at com.sun.naming.internal.VersionHelper12.loadClass(VersionHelper12.java:42)
	at javax.naming.spi.NamingManager.getInitialContext(NamingManager.java:649)
	... 19 more
</error>
  </testcase>
  <testcase name="testEjbCreateAuction_InvalidBidderid" classname="com.orpheus.auction.persistence.LocalCustomAuctionPersistenceUnitTest" time="0.0">
    <error message="Cannot instantiate class: org.jnp.interfaces.NamingContextFactory" type="javax.naming.NoInitialContextException">javax.naming.NoInitialContextException: Cannot instantiate class: org.jnp.interfaces.NamingContextFactory [Root exception is java.lang.ClassNotFoundException: org.jnp.interfaces.NamingContextFactory]
	at javax.naming.spi.NamingManager.getInitialContext(NamingManager.java:652)
	at javax.naming.InitialContext.getDefaultInitCtx(InitialContext.java:243)
	at javax.naming.InitialContext.init(InitialContext.java:219)
	at javax.naming.InitialContext.&lt;init&gt;(InitialContext.java:195)
	at com.orpheus.auction.persistence.CustomAuctionPersistenceTestCase.getEJBTestRunner(CustomAuctionPersistenceTestCase.java:708)
	at com.orpheus.auction.persistence.CustomAuctionPersistenceTestCase.runBare(CustomAuctionPersistenceTestCase.java:669)
	at net.sourceforge.junitejb.EJBTestCase.run(EJBTestCase.java:95)
Caused by: java.lang.ClassNotFoundException: org.jnp.interfaces.NamingContextFactory
	at java.net.URLClassLoader$1.run(URLClassLoader.java:199)
	at java.security.AccessController.doPrivileged(Native Method)
	at java.net.URLClassLoader.findClass(URLClassLoader.java:187)
	at java.lang.ClassLoader.loadClass(ClassLoader.java:289)
	at sun.misc.Launcher$AppClassLoader.loadClass(Launcher.java:274)
	at java.lang.ClassLoader.loadClass(ClassLoader.java:235)
	at java.lang.ClassLoader.loadClassInternal(ClassLoader.java:302)
	at java.lang.Class.forName0(Native Method)
	at java.lang.Class.forName(Class.java:219)
	at com.sun.naming.internal.VersionHelper12.loadClass(VersionHelper12.java:42)
	at javax.naming.spi.NamingManager.getInitialContext(NamingManager.java:649)
	... 19 more
</error>
  </testcase>
  <testcase name="testEjbCreateAuction_ExistAuction" classname="com.orpheus.auction.persistence.LocalCustomAuctionPersistenceUnitTest" time="0.0">
    <error message="Cannot instantiate class: org.jnp.interfaces.NamingContextFactory" type="javax.naming.NoInitialContextException">javax.naming.NoInitialContextException: Cannot instantiate class: org.jnp.interfaces.NamingContextFactory [Root exception is java.lang.ClassNotFoundException: org.jnp.interfaces.NamingContextFactory]
	at javax.naming.spi.NamingManager.getInitialContext(NamingManager.java:652)
	at javax.naming.InitialContext.getDefaultInitCtx(InitialContext.java:243)
	at javax.naming.InitialContext.init(InitialContext.java:219)
	at javax.naming.InitialContext.&lt;init&gt;(InitialContext.java:195)
	at com.orpheus.auction.persistence.CustomAuctionPersistenceTestCase.getEJBTestRunner(CustomAuctionPersistenceTestCase.java:708)
	at com.orpheus.auction.persistence.CustomAuctionPersistenceTestCase.runBare(CustomAuctionPersistenceTestCase.java:669)
	at net.sourceforge.junitejb.EJBTestCase.run(EJBTestCase.java:95)
Caused by: java.lang.ClassNotFoundException: org.jnp.interfaces.NamingContextFactory
	at java.net.URLClassLoader$1.run(URLClassLoader.java:199)
	at java.security.AccessController.doPrivileged(Native Method)
	at java.net.URLClassLoader.findClass(URLClassLoader.java:187)
	at java.lang.ClassLoader.loadClass(ClassLoader.java:289)
	at sun.misc.Launcher$AppClassLoader.loadClass(Launcher.java:274)
	at java.lang.ClassLoader.loadClass(ClassLoader.java:235)
	at java.lang.ClassLoader.loadClassInternal(ClassLoader.java:302)
	at java.lang.Class.forName0(Native Method)
	at java.lang.Class.forName(Class.java:219)
	at com.sun.naming.internal.VersionHelper12.loadClass(VersionHelper12.java:42)
	at javax.naming.spi.NamingManager.getInitialContext(NamingManager.java:649)
	... 19 more
</error>
  </testcase>
  <testcase name="testEjbCreateAuction_Accuracy" classname="com.orpheus.auction.persistence.LocalCustomAuctionPersistenceUnitTest" time="0.0">
    <error message="Cannot instantiate class: org.jnp.interfaces.NamingContextFactory" type="javax.naming.NoInitialContextException">javax.naming.NoInitialContextException: Cannot instantiate class: org.jnp.interfaces.NamingContextFactory [Root exception is java.lang.ClassNotFoundException: org.jnp.interfaces.NamingContextFactory]
	at javax.naming.spi.NamingManager.getInitialContext(NamingManager.java:652)
	at javax.naming.InitialContext.getDefaultInitCtx(InitialContext.java:243)
	at javax.naming.InitialContext.init(InitialContext.java:219)
	at javax.naming.InitialContext.&lt;init&gt;(InitialContext.java:195)
	at com.orpheus.auction.persistence.CustomAuctionPersistenceTestCase.getEJBTestRunner(CustomAuctionPersistenceTestCase.java:708)
	at com.orpheus.auction.persistence.CustomAuctionPersistenceTestCase.runBare(CustomAuctionPersistenceTestCase.java:669)
	at net.sourceforge.junitejb.EJBTestCase.run(EJBTestCase.java:95)
Caused by: java.lang.ClassNotFoundException: org.jnp.interfaces.NamingContextFactory
	at java.net.URLClassLoader$1.run(URLClassLoader.java:199)
	at java.security.AccessController.doPrivileged(Native Method)
	at java.net.URLClassLoader.findClass(URLClassLoader.java:187)
	at java.lang.ClassLoader.loadClass(ClassLoader.java:289)
	at sun.misc.Launcher$AppClassLoader.loadClass(Launcher.java:274)
	at java.lang.ClassLoader.loadClass(ClassLoader.java:235)
	at java.lang.ClassLoader.loadClassInternal(ClassLoader.java:302)
	at java.lang.Class.forName0(Native Method)
	at java.lang.Class.forName(Class.java:219)
	at com.sun.naming.internal.VersionHelper12.loadClass(VersionHelper12.java:42)
	at javax.naming.spi.NamingManager.getInitialContext(NamingManager.java:649)
	... 19 more
</error>
  </testcase>
  <testcase name="testEjbGetAuction_NotExistAuction" classname="com.orpheus.auction.persistence.LocalCustomAuctionPersistenceUnitTest" time="0.0">
    <error message="Cannot instantiate class: org.jnp.interfaces.NamingContextFactory" type="javax.naming.NoInitialContextException">javax.naming.NoInitialContextException: Cannot instantiate class: org.jnp.interfaces.NamingContextFactory [Root exception is java.lang.ClassNotFoundException: org.jnp.interfaces.NamingContextFactory]
	at javax.naming.spi.NamingManager.getInitialContext(NamingManager.java:652)
	at javax.naming.InitialContext.getDefaultInitCtx(InitialContext.java:243)
	at javax.naming.InitialContext.init(InitialContext.java:219)
	at javax.naming.InitialContext.&lt;init&gt;(InitialContext.java:195)
	at com.orpheus.auction.persistence.CustomAuctionPersistenceTestCase.getEJBTestRunner(CustomAuctionPersistenceTestCase.java:708)
	at com.orpheus.auction.persistence.CustomAuctionPersistenceTestCase.runBare(CustomAuctionPersistenceTestCase.java:669)
	at net.sourceforge.junitejb.EJBTestCase.run(EJBTestCase.java:95)
Caused by: java.lang.ClassNotFoundException: org.jnp.interfaces.NamingContextFactory
	at java.net.URLClassLoader$1.run(URLClassLoader.java:199)
	at java.security.AccessController.doPrivileged(Native Method)
	at java.net.URLClassLoader.findClass(URLClassLoader.java:187)
	at java.lang.ClassLoader.loadClass(ClassLoader.java:289)
	at sun.misc.Launcher$AppClassLoader.loadClass(Launcher.java:274)
	at java.lang.ClassLoader.loadClass(ClassLoader.java:235)
	at java.lang.ClassLoader.loadClassInternal(ClassLoader.java:302)
	at java.lang.Class.forName0(Native Method)
	at java.lang.Class.forName(Class.java:219)
	at com.sun.naming.internal.VersionHelper12.loadClass(VersionHelper12.java:42)
	at javax.naming.spi.NamingManager.getInitialContext(NamingManager.java:649)
	... 19 more
</error>
  </testcase>
  <testcase name="testEjbGetAuction_Accuracy" classname="com.orpheus.auction.persistence.LocalCustomAuctionPersistenceUnitTest" time="0.0">
    <error message="Cannot instantiate class: org.jnp.interfaces.NamingContextFactory" type="javax.naming.NoInitialContextException">javax.naming.NoInitialContextException: Cannot instantiate class: org.jnp.interfaces.NamingContextFactory [Root exception is java.lang.ClassNotFoundException: org.jnp.interfaces.NamingContextFactory]
	at javax.naming.spi.NamingManager.getInitialContext(NamingManager.java:652)
	at javax.naming.InitialContext.getDefaultInitCtx(InitialContext.java:243)
	at javax.naming.InitialContext.init(InitialContext.java:219)
	at javax.naming.InitialContext.&lt;init&gt;(InitialContext.java:195)
	at com.orpheus.auction.persistence.CustomAuctionPersistenceTestCase.getEJBTestRunner(CustomAuctionPersistenceTestCase.java:708)
	at com.orpheus.auction.persistence.CustomAuctionPersistenceTestCase.runBare(CustomAuctionPersistenceTestCase.java:669)
	at net.sourceforge.junitejb.EJBTestCase.run(EJBTestCase.java:95)
Caused by: java.lang.ClassNotFoundException: org.jnp.interfaces.NamingContextFactory
	at java.net.URLClassLoader$1.run(URLClassLoader.java:199)
	at java.security.AccessController.doPrivileged(Native Method)
	at java.net.URLClassLoader.findClass(URLClassLoader.java:187)
	at java.lang.ClassLoader.loadClass(ClassLoader.java:289)
	at sun.misc.Launcher$AppClassLoader.loadClass(Launcher.java:274)
	at java.lang.ClassLoader.loadClass(ClassLoader.java:235)
	at java.lang.ClassLoader.loadClassInternal(ClassLoader.java:302)
	at java.lang.Class.forName0(Native Method)
	at java.lang.Class.forName(Class.java:219)
	at com.sun.naming.internal.VersionHelper12.loadClass(VersionHelper12.java:42)
	at javax.naming.spi.NamingManager.getInitialContext(NamingManager.java:649)
	... 19 more
</error>
  </testcase>
  <testcase name="testEjbUpdateAuction_NullID" classname="com.orpheus.auction.persistence.LocalCustomAuctionPersistenceUnitTest" time="0.0">
    <error message="Cannot instantiate class: org.jnp.interfaces.NamingContextFactory" type="javax.naming.NoInitialContextException">javax.naming.NoInitialContextException: Cannot instantiate class: org.jnp.interfaces.NamingContextFactory [Root exception is java.lang.ClassNotFoundException: org.jnp.interfaces.NamingContextFactory]
	at javax.naming.spi.NamingManager.getInitialContext(NamingManager.java:652)
	at javax.naming.InitialContext.getDefaultInitCtx(InitialContext.java:243)
	at javax.naming.InitialContext.init(InitialContext.java:219)
	at javax.naming.InitialContext.&lt;init&gt;(InitialContext.java:195)
	at com.orpheus.auction.persistence.CustomAuctionPersistenceTestCase.getEJBTestRunner(CustomAuctionPersistenceTestCase.java:708)
	at com.orpheus.auction.persistence.CustomAuctionPersistenceTestCase.runBare(CustomAuctionPersistenceTestCase.java:669)
	at net.sourceforge.junitejb.EJBTestCase.run(EJBTestCase.java:95)
Caused by: java.lang.ClassNotFoundException: org.jnp.interfaces.NamingContextFactory
	at java.net.URLClassLoader$1.run(URLClassLoader.java:199)
	at java.security.AccessController.doPrivileged(Native Method)
	at java.net.URLClassLoader.findClass(URLClassLoader.java:187)
	at java.lang.ClassLoader.loadClass(ClassLoader.java:289)
	at sun.misc.Launcher$AppClassLoader.loadClass(Launcher.java:274)
	at java.lang.ClassLoader.loadClass(ClassLoader.java:235)
	at java.lang.ClassLoader.loadClassInternal(ClassLoader.java:302)
	at java.lang.Class.forName0(Native Method)
	at java.lang.Class.forName(Class.java:219)
	at com.sun.naming.internal.VersionHelper12.loadClass(VersionHelper12.java:42)
	at javax.naming.spi.NamingManager.getInitialContext(NamingManager.java:649)
	... 19 more
</error>
  </testcase>
  <testcase name="testEjbUpdateAuction_InvalidBidderid" classname="com.orpheus.auction.persistence.LocalCustomAuctionPersistenceUnitTest" time="0.0">
    <error message="Cannot instantiate class: org.jnp.interfaces.NamingContextFactory" type="javax.naming.NoInitialContextException">javax.naming.NoInitialContextException: Cannot instantiate class: org.jnp.interfaces.NamingContextFactory [Root exception is java.lang.ClassNotFoundException: org.jnp.interfaces.NamingContextFactory]
	at javax.naming.spi.NamingManager.getInitialContext(NamingManager.java:652)
	at javax.naming.InitialContext.getDefaultInitCtx(InitialContext.java:243)
	at javax.naming.InitialContext.init(InitialContext.java:219)
	at javax.naming.InitialContext.&lt;init&gt;(InitialContext.java:195)
	at com.orpheus.auction.persistence.CustomAuctionPersistenceTestCase.getEJBTestRunner(CustomAuctionPersistenceTestCase.java:708)
	at com.orpheus.auction.persistence.CustomAuctionPersistenceTestCase.runBare(CustomAuctionPersistenceTestCase.java:669)
	at net.sourceforge.junitejb.EJBTestCase.run(EJBTestCase.java:95)
Caused by: java.lang.ClassNotFoundException: org.jnp.interfaces.NamingContextFactory
	at java.net.URLClassLoader$1.run(URLClassLoader.java:199)
	at java.security.AccessController.doPrivileged(Native Method)
	at java.net.URLClassLoader.findClass(URLClassLoader.java:187)
	at java.lang.ClassLoader.loadClass(ClassLoader.java:289)
	at sun.misc.Launcher$AppClassLoader.loadClass(Launcher.java:274)
	at java.lang.ClassLoader.loadClass(ClassLoader.java:235)
	at java.lang.ClassLoader.loadClassInternal(ClassLoader.java:302)
	at java.lang.Class.forName0(Native Method)
	at java.lang.Class.forName(Class.java:219)
	at com.sun.naming.internal.VersionHelper12.loadClass(VersionHelper12.java:42)
	at javax.naming.spi.NamingManager.getInitialContext(NamingManager.java:649)
	... 19 more
</error>
  </testcase>
  <testcase name="testEjbUpdateAuction_NotExistAuction" classname="com.orpheus.auction.persistence.LocalCustomAuctionPersistenceUnitTest" time="0.0">
    <error message="Cannot instantiate class: org.jnp.interfaces.NamingContextFactory" type="javax.naming.NoInitialContextException">javax.naming.NoInitialContextException: Cannot instantiate class: org.jnp.interfaces.NamingContextFactory [Root exception is java.lang.ClassNotFoundException: org.jnp.interfaces.NamingContextFactory]
	at javax.naming.spi.NamingManager.getInitialContext(NamingManager.java:652)
	at javax.naming.InitialContext.getDefaultInitCtx(InitialContext.java:243)
	at javax.naming.InitialContext.init(InitialContext.java:219)
	at javax.naming.InitialContext.&lt;init&gt;(InitialContext.java:195)
	at com.orpheus.auction.persistence.CustomAuctionPersistenceTestCase.getEJBTestRunner(CustomAuctionPersistenceTestCase.java:708)
	at com.orpheus.auction.persistence.CustomAuctionPersistenceTestCase.runBare(CustomAuctionPersistenceTestCase.java:669)
	at net.sourceforge.junitejb.EJBTestCase.run(EJBTestCase.java:95)
Caused by: java.lang.ClassNotFoundException: org.jnp.interfaces.NamingContextFactory
	at java.net.URLClassLoader$1.run(URLClassLoader.java:199)
	at java.security.AccessController.doPrivileged(Native Method)
	at java.net.URLClassLoader.findClass(URLClassLoader.java:187)
	at java.lang.ClassLoader.loadClass(ClassLoader.java:289)
	at sun.misc.Launcher$AppClassLoader.loadClass(Launcher.java:274)
	at java.lang.ClassLoader.loadClass(ClassLoader.java:235)
	at java.lang.ClassLoader.loadClassInternal(ClassLoader.java:302)
	at java.lang.Class.forName0(Native Method)
	at java.lang.Class.forName(Class.java:219)
	at com.sun.naming.internal.VersionHelper12.loadClass(VersionHelper12.java:42)
	at javax.naming.spi.NamingManager.getInitialContext(NamingManager.java:649)
	... 19 more
</error>
  </testcase>
  <testcase name="testEjbUpdateAuction_Accuracy1" classname="com.orpheus.auction.persistence.LocalCustomAuctionPersistenceUnitTest" time="0.0">
    <error message="Cannot instantiate class: org.jnp.interfaces.NamingContextFactory" type="javax.naming.NoInitialContextException">javax.naming.NoInitialContextException: Cannot instantiate class: org.jnp.interfaces.NamingContextFactory [Root exception is java.lang.ClassNotFoundException: org.jnp.interfaces.NamingContextFactory]
	at javax.naming.spi.NamingManager.getInitialContext(NamingManager.java:652)
	at javax.naming.InitialContext.getDefaultInitCtx(InitialContext.java:243)
	at javax.naming.InitialContext.init(InitialContext.java:219)
	at javax.naming.InitialContext.&lt;init&gt;(InitialContext.java:195)
	at com.orpheus.auction.persistence.CustomAuctionPersistenceTestCase.getEJBTestRunner(CustomAuctionPersistenceTestCase.java:708)
	at com.orpheus.auction.persistence.CustomAuctionPersistenceTestCase.runBare(CustomAuctionPersistenceTestCase.java:669)
	at net.sourceforge.junitejb.EJBTestCase.run(EJBTestCase.java:95)
Caused by: java.lang.ClassNotFoundException: org.jnp.interfaces.NamingContextFactory
	at java.net.URLClassLoader$1.run(URLClassLoader.java:199)
	at java.security.AccessController.doPrivileged(Native Method)
	at java.net.URLClassLoader.findClass(URLClassLoader.java:187)
	at java.lang.ClassLoader.loadClass(ClassLoader.java:289)
	at sun.misc.Launcher$AppClassLoader.loadClass(Launcher.java:274)
	at java.lang.ClassLoader.loadClass(ClassLoader.java:235)
	at java.lang.ClassLoader.loadClassInternal(ClassLoader.java:302)
	at java.lang.Class.forName0(Native Method)
	at java.lang.Class.forName(Class.java:219)
	at com.sun.naming.internal.VersionHelper12.loadClass(VersionHelper12.java:42)
	at javax.naming.spi.NamingManager.getInitialContext(NamingManager.java:649)
	... 19 more
</error>
  </testcase>
  <testcase name="testEjbUpdateAuction_Accuracy2" classname="com.orpheus.auction.persistence.LocalCustomAuctionPersistenceUnitTest" time="0.016">
    <error message="Cannot instantiate class: org.jnp.interfaces.NamingContextFactory" type="javax.naming.NoInitialContextException">javax.naming.NoInitialContextException: Cannot instantiate class: org.jnp.interfaces.NamingContextFactory [Root exception is java.lang.ClassNotFoundException: org.jnp.interfaces.NamingContextFactory]
	at javax.naming.spi.NamingManager.getInitialContext(NamingManager.java:652)
	at javax.naming.InitialContext.getDefaultInitCtx(InitialContext.java:243)
	at javax.naming.InitialContext.init(InitialContext.java:219)
	at javax.naming.InitialContext.&lt;init&gt;(InitialContext.java:195)
	at com.orpheus.auction.persistence.CustomAuctionPersistenceTestCase.getEJBTestRunner(CustomAuctionPersistenceTestCase.java:708)
	at com.orpheus.auction.persistence.CustomAuctionPersistenceTestCase.runBare(CustomAuctionPersistenceTestCase.java:669)
	at net.sourceforge.junitejb.EJBTestCase.run(EJBTestCase.java:95)
Caused by: java.lang.ClassNotFoundException: org.jnp.interfaces.NamingContextFactory
	at java.net.URLClassLoader$1.run(URLClassLoader.java:199)
	at java.security.AccessController.doPrivileged(Native Method)
	at java.net.URLClassLoader.findClass(URLClassLoader.java:187)
	at java.lang.ClassLoader.loadClass(ClassLoader.java:289)
	at sun.misc.Launcher$AppClassLoader.loadClass(Launcher.java:274)
	at java.lang.ClassLoader.loadClass(ClassLoader.java:235)
	at java.lang.ClassLoader.loadClassInternal(ClassLoader.java:302)
	at java.lang.Class.forName0(Native Method)
	at java.lang.Class.forName(Class.java:219)
	at com.sun.naming.internal.VersionHelper12.loadClass(VersionHelper12.java:42)
	at javax.naming.spi.NamingManager.getInitialContext(NamingManager.java:649)
	... 19 more
</error>
  </testcase>
  <testcase name="testEjbUpdateBids_NotExistAuction" classname="com.orpheus.auction.persistence.LocalCustomAuctionPersistenceUnitTest" time="0.0">
    <error message="Cannot instantiate class: org.jnp.interfaces.NamingContextFactory" type="javax.naming.NoInitialContextException">javax.naming.NoInitialContextException: Cannot instantiate class: org.jnp.interfaces.NamingContextFactory [Root exception is java.lang.ClassNotFoundException: org.jnp.interfaces.NamingContextFactory]
	at javax.naming.spi.NamingManager.getInitialContext(NamingManager.java:652)
	at javax.naming.InitialContext.getDefaultInitCtx(InitialContext.java:243)
	at javax.naming.InitialContext.init(InitialContext.java:219)
	at javax.naming.InitialContext.&lt;init&gt;(InitialContext.java:195)
	at com.orpheus.auction.persistence.CustomAuctionPersistenceTestCase.getEJBTestRunner(CustomAuctionPersistenceTestCase.java:708)
	at com.orpheus.auction.persistence.CustomAuctionPersistenceTestCase.runBare(CustomAuctionPersistenceTestCase.java:669)
	at net.sourceforge.junitejb.EJBTestCase.run(EJBTestCase.java:95)
Caused by: java.lang.ClassNotFoundException: org.jnp.interfaces.NamingContextFactory
	at java.net.URLClassLoader$1.run(URLClassLoader.java:199)
	at java.security.AccessController.doPrivileged(Native Method)
	at java.net.URLClassLoader.findClass(URLClassLoader.java:187)
	at java.lang.ClassLoader.loadClass(ClassLoader.java:289)
	at sun.misc.Launcher$AppClassLoader.loadClass(Launcher.java:274)
	at java.lang.ClassLoader.loadClass(ClassLoader.java:235)
	at java.lang.ClassLoader.loadClassInternal(ClassLoader.java:302)
	at java.lang.Class.forName0(Native Method)
	at java.lang.Class.forName(Class.java:219)
	at com.sun.naming.internal.VersionHelper12.loadClass(VersionHelper12.java:42)
	at javax.naming.spi.NamingManager.getInitialContext(NamingManager.java:649)
	... 19 more
</error>
  </testcase>
  <testcase name="testEjbUpdateBids_InvalidBidderid" classname="com.orpheus.auction.persistence.LocalCustomAuctionPersistenceUnitTest" time="0.0">
    <error message="Cannot instantiate class: org.jnp.interfaces.NamingContextFactory" type="javax.naming.NoInitialContextException">javax.naming.NoInitialContextException: Cannot instantiate class: org.jnp.interfaces.NamingContextFactory [Root exception is java.lang.ClassNotFoundException: org.jnp.interfaces.NamingContextFactory]
	at javax.naming.spi.NamingManager.getInitialContext(NamingManager.java:652)
	at javax.naming.InitialContext.getDefaultInitCtx(InitialContext.java:243)
	at javax.naming.InitialContext.init(InitialContext.java:219)
	at javax.naming.InitialContext.&lt;init&gt;(InitialContext.java:195)
	at com.orpheus.auction.persistence.CustomAuctionPersistenceTestCase.getEJBTestRunner(CustomAuctionPersistenceTestCase.java:708)
	at com.orpheus.auction.persistence.CustomAuctionPersistenceTestCase.runBare(CustomAuctionPersistenceTestCase.java:669)
	at net.sourceforge.junitejb.EJBTestCase.run(EJBTestCase.java:95)
Caused by: java.lang.ClassNotFoundException: org.jnp.interfaces.NamingContextFactory
	at java.net.URLClassLoader$1.run(URLClassLoader.java:199)
	at java.security.AccessController.doPrivileged(Native Method)
	at java.net.URLClassLoader.findClass(URLClassLoader.java:187)
	at java.lang.ClassLoader.loadClass(ClassLoader.java:289)
	at sun.misc.Launcher$AppClassLoader.loadClass(Launcher.java:274)
	at java.lang.ClassLoader.loadClass(ClassLoader.java:235)
	at java.lang.ClassLoader.loadClassInternal(ClassLoader.java:302)
	at java.lang.Class.forName0(Native Method)
	at java.lang.Class.forName(Class.java:219)
	at com.sun.naming.internal.VersionHelper12.loadClass(VersionHelper12.java:42)
	at javax.naming.spi.NamingManager.getInitialContext(NamingManager.java:649)
	... 19 more
</error>
  </testcase>
  <testcase name="testEjbUpdateBids_Accuracy1" classname="com.orpheus.auction.persistence.LocalCustomAuctionPersistenceUnitTest" time="0.0">
    <error message="Cannot instantiate class: org.jnp.interfaces.NamingContextFactory" type="javax.naming.NoInitialContextException">javax.naming.NoInitialContextException: Cannot instantiate class: org.jnp.interfaces.NamingContextFactory [Root exception is java.lang.ClassNotFoundException: org.jnp.interfaces.NamingContextFactory]
	at javax.naming.spi.NamingManager.getInitialContext(NamingManager.java:652)
	at javax.naming.InitialContext.getDefaultInitCtx(InitialContext.java:243)
	at javax.naming.InitialContext.init(InitialContext.java:219)
	at javax.naming.InitialContext.&lt;init&gt;(InitialContext.java:195)
	at com.orpheus.auction.persistence.CustomAuctionPersistenceTestCase.getEJBTestRunner(CustomAuctionPersistenceTestCase.java:708)
	at com.orpheus.auction.persistence.CustomAuctionPersistenceTestCase.runBare(CustomAuctionPersistenceTestCase.java:669)
	at net.sourceforge.junitejb.EJBTestCase.run(EJBTestCase.java:95)
Caused by: java.lang.ClassNotFoundException: org.jnp.interfaces.NamingContextFactory
	at java.net.URLClassLoader$1.run(URLClassLoader.java:199)
	at java.security.AccessController.doPrivileged(Native Method)
	at java.net.URLClassLoader.findClass(URLClassLoader.java:187)
	at java.lang.ClassLoader.loadClass(ClassLoader.java:289)
	at sun.misc.Launcher$AppClassLoader.loadClass(Launcher.java:274)
	at java.lang.ClassLoader.loadClass(ClassLoader.java:235)
	at java.lang.ClassLoader.loadClassInternal(ClassLoader.java:302)
	at java.lang.Class.forName0(Native Method)
	at java.lang.Class.forName(Class.java:219)
	at com.sun.naming.internal.VersionHelper12.loadClass(VersionHelper12.java:42)
	at javax.naming.spi.NamingManager.getInitialContext(NamingManager.java:649)
	... 19 more
</error>
  </testcase>
  <testcase name="testEjbUpdateBids_Accuracy2" classname="com.orpheus.auction.persistence.LocalCustomAuctionPersistenceUnitTest" time="0.0">
    <error message="Cannot instantiate class: org.jnp.interfaces.NamingContextFactory" type="javax.naming.NoInitialContextException">javax.naming.NoInitialContextException: Cannot instantiate class: org.jnp.interfaces.NamingContextFactory [Root exception is java.lang.ClassNotFoundException: org.jnp.interfaces.NamingContextFactory]
	at javax.naming.spi.NamingManager.getInitialContext(NamingManager.java:652)
	at javax.naming.InitialContext.getDefaultInitCtx(InitialContext.java:243)
	at javax.naming.InitialContext.init(InitialContext.java:219)
	at javax.naming.InitialContext.&lt;init&gt;(InitialContext.java:195)
	at com.orpheus.auction.persistence.CustomAuctionPersistenceTestCase.getEJBTestRunner(CustomAuctionPersistenceTestCase.java:708)
	at com.orpheus.auction.persistence.CustomAuctionPersistenceTestCase.runBare(CustomAuctionPersistenceTestCase.java:669)
	at net.sourceforge.junitejb.EJBTestCase.run(EJBTestCase.java:95)
Caused by: java.lang.ClassNotFoundException: org.jnp.interfaces.NamingContextFactory
	at java.net.URLClassLoader$1.run(URLClassLoader.java:199)
	at java.security.AccessController.doPrivileged(Native Method)
	at java.net.URLClassLoader.findClass(URLClassLoader.java:187)
	at java.lang.ClassLoader.loadClass(ClassLoader.java:289)
	at sun.misc.Launcher$AppClassLoader.loadClass(Launcher.java:274)
	at java.lang.ClassLoader.loadClass(ClassLoader.java:235)
	at java.lang.ClassLoader.loadClassInternal(ClassLoader.java:302)
	at java.lang.Class.forName0(Native Method)
	at java.lang.Class.forName(Class.java:219)
	at com.sun.naming.internal.VersionHelper12.loadClass(VersionHelper12.java:42)
	at javax.naming.spi.NamingManager.getInitialContext(NamingManager.java:649)
	... 19 more
</error>
  </testcase>
  <testcase name="testDeleteAuction_Accuracy" classname="com.orpheus.auction.persistence.LocalCustomAuctionPersistenceUnitTest" time="0.0">
    <error message="Cannot instantiate class: org.jnp.interfaces.NamingContextFactory" type="javax.naming.NoInitialContextException">javax.naming.NoInitialContextException: Cannot instantiate class: org.jnp.interfaces.NamingContextFactory [Root exception is java.lang.ClassNotFoundException: org.jnp.interfaces.NamingContextFactory]
	at javax.naming.spi.NamingManager.getInitialContext(NamingManager.java:652)
	at javax.naming.InitialContext.getDefaultInitCtx(InitialContext.java:243)
	at javax.naming.InitialContext.init(InitialContext.java:219)
	at javax.naming.InitialContext.&lt;init&gt;(InitialContext.java:195)
	at com.orpheus.auction.persistence.CustomAuctionPersistenceTestCase.getEJBTestRunner(CustomAuctionPersistenceTestCase.java:708)
	at com.orpheus.auction.persistence.CustomAuctionPersistenceTestCase.runBare(CustomAuctionPersistenceTestCase.java:669)
	at net.sourceforge.junitejb.EJBTestCase.run(EJBTestCase.java:95)
Caused by: java.lang.ClassNotFoundException: org.jnp.interfaces.NamingContextFactory
	at java.net.URLClassLoader$1.run(URLClassLoader.java:199)
	at java.security.AccessController.doPrivileged(Native Method)
	at java.net.URLClassLoader.findClass(URLClassLoader.java:187)
	at java.lang.ClassLoader.loadClass(ClassLoader.java:289)
	at sun.misc.Launcher$AppClassLoader.loadClass(Launcher.java:274)
	at java.lang.ClassLoader.loadClass(ClassLoader.java:235)
	at java.lang.ClassLoader.loadClassInternal(ClassLoader.java:302)
	at java.lang.Class.forName0(Native Method)
	at java.lang.Class.forName(Class.java:219)
	at com.sun.naming.internal.VersionHelper12.loadClass(VersionHelper12.java:42)
	at javax.naming.spi.NamingManager.getInitialContext(NamingManager.java:649)
	... 19 more
</error>
  </testcase>
  <testcase name="testEjbFindAuctionsByDate_Accuracy1" classname="com.orpheus.auction.persistence.LocalCustomAuctionPersistenceUnitTest" time="0.0">
    <error message="Cannot instantiate class: org.jnp.interfaces.NamingContextFactory" type="javax.naming.NoInitialContextException">javax.naming.NoInitialContextException: Cannot instantiate class: org.jnp.interfaces.NamingContextFactory [Root exception is java.lang.ClassNotFoundException: org.jnp.interfaces.NamingContextFactory]
	at javax.naming.spi.NamingManager.getInitialContext(NamingManager.java:652)
	at javax.naming.InitialContext.getDefaultInitCtx(InitialContext.java:243)
	at javax.naming.InitialContext.init(InitialContext.java:219)
	at javax.naming.InitialContext.&lt;init&gt;(InitialContext.java:195)
	at com.orpheus.auction.persistence.CustomAuctionPersistenceTestCase.getEJBTestRunner(CustomAuctionPersistenceTestCase.java:708)
	at com.orpheus.auction.persistence.CustomAuctionPersistenceTestCase.runBare(CustomAuctionPersistenceTestCase.java:669)
	at net.sourceforge.junitejb.EJBTestCase.run(EJBTestCase.java:95)
Caused by: java.lang.ClassNotFoundException: org.jnp.interfaces.NamingContextFactory
	at java.net.URLClassLoader$1.run(URLClassLoader.java:199)
	at java.security.AccessController.doPrivileged(Native Method)
	at java.net.URLClassLoader.findClass(URLClassLoader.java:187)
	at java.lang.ClassLoader.loadClass(ClassLoader.java:289)
	at sun.misc.Launcher$AppClassLoader.loadClass(Launcher.java:274)
	at java.lang.ClassLoader.loadClass(ClassLoader.java:235)
	at java.lang.ClassLoader.loadClassInternal(ClassLoader.java:302)
	at java.lang.Class.forName0(Native Method)
	at java.lang.Class.forName(Class.java:219)
	at com.sun.naming.internal.VersionHelper12.loadClass(VersionHelper12.java:42)
	at javax.naming.spi.NamingManager.getInitialContext(NamingManager.java:649)
	... 19 more
</error>
  </testcase>
  <testcase name="testEjbFindAuctionsByDate_Accuracy2" classname="com.orpheus.auction.persistence.LocalCustomAuctionPersistenceUnitTest" time="0.0">
    <error message="Cannot instantiate class: org.jnp.interfaces.NamingContextFactory" type="javax.naming.NoInitialContextException">javax.naming.NoInitialContextException: Cannot instantiate class: org.jnp.interfaces.NamingContextFactory [Root exception is java.lang.ClassNotFoundException: org.jnp.interfaces.NamingContextFactory]
	at javax.naming.spi.NamingManager.getInitialContext(NamingManager.java:652)
	at javax.naming.InitialContext.getDefaultInitCtx(InitialContext.java:243)
	at javax.naming.InitialContext.init(InitialContext.java:219)
	at javax.naming.InitialContext.&lt;init&gt;(InitialContext.java:195)
	at com.orpheus.auction.persistence.CustomAuctionPersistenceTestCase.getEJBTestRunner(CustomAuctionPersistenceTestCase.java:708)
	at com.orpheus.auction.persistence.CustomAuctionPersistenceTestCase.runBare(CustomAuctionPersistenceTestCase.java:669)
	at net.sourceforge.junitejb.EJBTestCase.run(EJBTestCase.java:95)
Caused by: java.lang.ClassNotFoundException: org.jnp.interfaces.NamingContextFactory
	at java.net.URLClassLoader$1.run(URLClassLoader.java:199)
	at java.security.AccessController.doPrivileged(Native Method)
	at java.net.URLClassLoader.findClass(URLClassLoader.java:187)
	at java.lang.ClassLoader.loadClass(ClassLoader.java:289)
	at sun.misc.Launcher$AppClassLoader.loadClass(Launcher.java:274)
	at java.lang.ClassLoader.loadClass(ClassLoader.java:235)
	at java.lang.ClassLoader.loadClassInternal(ClassLoader.java:302)
	at java.lang.Class.forName0(Native Method)
	at java.lang.Class.forName(Class.java:219)
	at com.sun.naming.internal.VersionHelper12.loadClass(VersionHelper12.java:42)
	at javax.naming.spi.NamingManager.getInitialContext(NamingManager.java:649)
	... 19 more
</error>
  </testcase>
  <testcase name="testEjbFindAuctionsByDate_Accuracy3" classname="com.orpheus.auction.persistence.LocalCustomAuctionPersistenceUnitTest" time="0.0">
    <error message="Cannot instantiate class: org.jnp.interfaces.NamingContextFactory" type="javax.naming.NoInitialContextException">javax.naming.NoInitialContextException: Cannot instantiate class: org.jnp.interfaces.NamingContextFactory [Root exception is java.lang.ClassNotFoundException: org.jnp.interfaces.NamingContextFactory]
	at javax.naming.spi.NamingManager.getInitialContext(NamingManager.java:652)
	at javax.naming.InitialContext.getDefaultInitCtx(InitialContext.java:243)
	at javax.naming.InitialContext.init(InitialContext.java:219)
	at javax.naming.InitialContext.&lt;init&gt;(InitialContext.java:195)
	at com.orpheus.auction.persistence.CustomAuctionPersistenceTestCase.getEJBTestRunner(CustomAuctionPersistenceTestCase.java:708)
	at com.orpheus.auction.persistence.CustomAuctionPersistenceTestCase.runBare(CustomAuctionPersistenceTestCase.java:669)
	at net.sourceforge.junitejb.EJBTestCase.run(EJBTestCase.java:95)
Caused by: java.lang.ClassNotFoundException: org.jnp.interfaces.NamingContextFactory
	at java.net.URLClassLoader$1.run(URLClassLoader.java:199)
	at java.security.AccessController.doPrivileged(Native Method)
	at java.net.URLClassLoader.findClass(URLClassLoader.java:187)
	at java.lang.ClassLoader.loadClass(ClassLoader.java:289)
	at sun.misc.Launcher$AppClassLoader.loadClass(Launcher.java:274)
	at java.lang.ClassLoader.loadClass(ClassLoader.java:235)
	at java.lang.ClassLoader.loadClassInternal(ClassLoader.java:302)
	at java.lang.Class.forName0(Native Method)
	at java.lang.Class.forName(Class.java:219)
	at com.sun.naming.internal.VersionHelper12.loadClass(VersionHelper12.java:42)
	at javax.naming.spi.NamingManager.getInitialContext(NamingManager.java:649)
	... 19 more
</error>
  </testcase>
  <testcase name="testEjbFindAuctionsByDate_Accuracy4" classname="com.orpheus.auction.persistence.LocalCustomAuctionPersistenceUnitTest" time="0.0">
    <error message="Cannot instantiate class: org.jnp.interfaces.NamingContextFactory" type="javax.naming.NoInitialContextException">javax.naming.NoInitialContextException: Cannot instantiate class: org.jnp.interfaces.NamingContextFactory [Root exception is java.lang.ClassNotFoundException: org.jnp.interfaces.NamingContextFactory]
	at javax.naming.spi.NamingManager.getInitialContext(NamingManager.java:652)
	at javax.naming.InitialContext.getDefaultInitCtx(InitialContext.java:243)
	at javax.naming.InitialContext.init(InitialContext.java:219)
	at javax.naming.InitialContext.&lt;init&gt;(InitialContext.java:195)
	at com.orpheus.auction.persistence.CustomAuctionPersistenceTestCase.getEJBTestRunner(CustomAuctionPersistenceTestCase.java:708)
	at com.orpheus.auction.persistence.CustomAuctionPersistenceTestCase.runBare(CustomAuctionPersistenceTestCase.java:669)
	at net.sourceforge.junitejb.EJBTestCase.run(EJBTestCase.java:95)
Caused by: java.lang.ClassNotFoundException: org.jnp.interfaces.NamingContextFactory
	at java.net.URLClassLoader$1.run(URLClassLoader.java:199)
	at java.security.AccessController.doPrivileged(Native Method)
	at java.net.URLClassLoader.findClass(URLClassLoader.java:187)
	at java.lang.ClassLoader.loadClass(ClassLoader.java:289)
	at sun.misc.Launcher$AppClassLoader.loadClass(Launcher.java:274)
	at java.lang.ClassLoader.loadClass(ClassLoader.java:235)
	at java.lang.ClassLoader.loadClassInternal(ClassLoader.java:302)
	at java.lang.Class.forName0(Native Method)
	at java.lang.Class.forName(Class.java:219)
	at com.sun.naming.internal.VersionHelper12.loadClass(VersionHelper12.java:42)
	at javax.naming.spi.NamingManager.getInitialContext(NamingManager.java:649)
	... 19 more
</error>
  </testcase>
  <testcase name="testEjbFindAuctionsByBidder_Accuracy1" classname="com.orpheus.auction.persistence.LocalCustomAuctionPersistenceUnitTest" time="0.0">
    <error message="Cannot instantiate class: org.jnp.interfaces.NamingContextFactory" type="javax.naming.NoInitialContextException">javax.naming.NoInitialContextException: Cannot instantiate class: org.jnp.interfaces.NamingContextFactory [Root exception is java.lang.ClassNotFoundException: org.jnp.interfaces.NamingContextFactory]
	at javax.naming.spi.NamingManager.getInitialContext(NamingManager.java:652)
	at javax.naming.InitialContext.getDefaultInitCtx(InitialContext.java:243)
	at javax.naming.InitialContext.init(InitialContext.java:219)
	at javax.naming.InitialContext.&lt;init&gt;(InitialContext.java:195)
	at com.orpheus.auction.persistence.CustomAuctionPersistenceTestCase.getEJBTestRunner(CustomAuctionPersistenceTestCase.java:708)
	at com.orpheus.auction.persistence.CustomAuctionPersistenceTestCase.runBare(CustomAuctionPersistenceTestCase.java:669)
	at net.sourceforge.junitejb.EJBTestCase.run(EJBTestCase.java:95)
Caused by: java.lang.ClassNotFoundException: org.jnp.interfaces.NamingContextFactory
	at java.net.URLClassLoader$1.run(URLClassLoader.java:199)
	at java.security.AccessController.doPrivileged(Native Method)
	at java.net.URLClassLoader.findClass(URLClassLoader.java:187)
	at java.lang.ClassLoader.loadClass(ClassLoader.java:289)
	at sun.misc.Launcher$AppClassLoader.loadClass(Launcher.java:274)
	at java.lang.ClassLoader.loadClass(ClassLoader.java:235)
	at java.lang.ClassLoader.loadClassInternal(ClassLoader.java:302)
	at java.lang.Class.forName0(Native Method)
	at java.lang.Class.forName(Class.java:219)
	at com.sun.naming.internal.VersionHelper12.loadClass(VersionHelper12.java:42)
	at javax.naming.spi.NamingManager.getInitialContext(NamingManager.java:649)
	... 19 more
</error>
  </testcase>
  <testcase name="testEjbFindAuctionsByBidder_Accuracy2" classname="com.orpheus.auction.persistence.LocalCustomAuctionPersistenceUnitTest" time="0.0">
    <error message="Cannot instantiate class: org.jnp.interfaces.NamingContextFactory" type="javax.naming.NoInitialContextException">javax.naming.NoInitialContextException: Cannot instantiate class: org.jnp.interfaces.NamingContextFactory [Root exception is java.lang.ClassNotFoundException: org.jnp.interfaces.NamingContextFactory]
	at javax.naming.spi.NamingManager.getInitialContext(NamingManager.java:652)
	at javax.naming.InitialContext.getDefaultInitCtx(InitialContext.java:243)
	at javax.naming.InitialContext.init(InitialContext.java:219)
	at javax.naming.InitialContext.&lt;init&gt;(InitialContext.java:195)
	at com.orpheus.auction.persistence.CustomAuctionPersistenceTestCase.getEJBTestRunner(CustomAuctionPersistenceTestCase.java:708)
	at com.orpheus.auction.persistence.CustomAuctionPersistenceTestCase.runBare(CustomAuctionPersistenceTestCase.java:669)
	at net.sourceforge.junitejb.EJBTestCase.run(EJBTestCase.java:95)
Caused by: java.lang.ClassNotFoundException: org.jnp.interfaces.NamingContextFactory
	at java.net.URLClassLoader$1.run(URLClassLoader.java:199)
	at java.security.AccessController.doPrivileged(Native Method)
	at java.net.URLClassLoader.findClass(URLClassLoader.java:187)
	at java.lang.ClassLoader.loadClass(ClassLoader.java:289)
	at sun.misc.Launcher$AppClassLoader.loadClass(Launcher.java:274)
	at java.lang.ClassLoader.loadClass(ClassLoader.java:235)
	at java.lang.ClassLoader.loadClassInternal(ClassLoader.java:302)
	at java.lang.Class.forName0(Native Method)
	at java.lang.Class.forName(Class.java:219)
	at com.sun.naming.internal.VersionHelper12.loadClass(VersionHelper12.java:42)
	at javax.naming.spi.NamingManager.getInitialContext(NamingManager.java:649)
	... 19 more
</error>
  </testcase>
  <testcase name="testCustomAuctionPersistence_Accuracy" classname="com.orpheus.auction.persistence.LocalCustomAuctionPersistenceUnitTest" time="0.0">
    <error message="Cannot instantiate class: org.jnp.interfaces.NamingContextFactory" type="javax.naming.NoInitialContextException">javax.naming.NoInitialContextException: Cannot instantiate class: org.jnp.interfaces.NamingContextFactory [Root exception is java.lang.ClassNotFoundException: org.jnp.interfaces.NamingContextFactory]
	at javax.naming.spi.NamingManager.getInitialContext(NamingManager.java:652)
	at javax.naming.InitialContext.getDefaultInitCtx(InitialContext.java:243)
	at javax.naming.InitialContext.init(InitialContext.java:219)
	at javax.naming.InitialContext.&lt;init&gt;(InitialContext.java:195)
	at com.orpheus.auction.persistence.CustomAuctionPersistenceTestCase.getEJBTestRunner(CustomAuctionPersistenceTestCase.java:708)
	at com.orpheus.auction.persistence.CustomAuctionPersistenceTestCase.runBare(CustomAuctionPersistenceTestCase.java:669)
	at net.sourceforge.junitejb.EJBTestCase.run(EJBTestCase.java:95)
Caused by: java.lang.ClassNotFoundException: org.jnp.interfaces.NamingContextFactory
	at java.net.URLClassLoader$1.run(URLClassLoader.java:199)
	at java.security.AccessController.doPrivileged(Native Method)
	at java.net.URLClassLoader.findClass(URLClassLoader.java:187)
	at java.lang.ClassLoader.loadClass(ClassLoader.java:289)
	at sun.misc.Launcher$AppClassLoader.loadClass(Launcher.java:274)
	at java.lang.ClassLoader.loadClass(ClassLoader.java:235)
	at java.lang.ClassLoader.loadClassInternal(ClassLoader.java:302)
	at java.lang.Class.forName0(Native Method)
	at java.lang.Class.forName(Class.java:219)
	at com.sun.naming.internal.VersionHelper12.loadClass(VersionHelper12.java:42)
	at javax.naming.spi.NamingManager.getInitialContext(NamingManager.java:649)
	... 19 more
</error>
  </testcase>
  <testcase name="testCreateAuction_NullAuction" classname="com.orpheus.auction.persistence.LocalCustomAuctionPersistenceUnitTest" time="0.0">
    <error message="Cannot instantiate class: org.jnp.interfaces.NamingContextFactory" type="javax.naming.NoInitialContextException">javax.naming.NoInitialContextException: Cannot instantiate class: org.jnp.interfaces.NamingContextFactory [Root exception is java.lang.ClassNotFoundException: org.jnp.interfaces.NamingContextFactory]
	at javax.naming.spi.NamingManager.getInitialContext(NamingManager.java:652)
	at javax.naming.InitialContext.getDefaultInitCtx(InitialContext.java:243)
	at javax.naming.InitialContext.init(InitialContext.java:219)
	at javax.naming.InitialContext.&lt;init&gt;(InitialContext.java:195)
	at com.orpheus.auction.persistence.CustomAuctionPersistenceTestCase.getEJBTestRunner(CustomAuctionPersistenceTestCase.java:708)
	at com.orpheus.auction.persistence.CustomAuctionPersistenceTestCase.runBare(CustomAuctionPersistenceTestCase.java:669)
	at net.sourceforge.junitejb.EJBTestCase.run(EJBTestCase.java:95)
Caused by: java.lang.ClassNotFoundException: org.jnp.interfaces.NamingContextFactory
	at java.net.URLClassLoader$1.run(URLClassLoader.java:199)
	at java.security.AccessController.doPrivileged(Native Method)
	at java.net.URLClassLoader.findClass(URLClassLoader.java:187)
	at java.lang.ClassLoader.loadClass(ClassLoader.java:289)
	at sun.misc.Launcher$AppClassLoader.loadClass(Launcher.java:274)
	at java.lang.ClassLoader.loadClass(ClassLoader.java:235)
	at java.lang.ClassLoader.loadClassInternal(ClassLoader.java:302)
	at java.lang.Class.forName0(Native Method)
	at java.lang.Class.forName(Class.java:219)
	at com.sun.naming.internal.VersionHelper12.loadClass(VersionHelper12.java:42)
	at javax.naming.spi.NamingManager.getInitialContext(NamingManager.java:649)
	... 19 more
</error>
  </testcase>
  <testcase name="testCreateAuction_NullID" classname="com.orpheus.auction.persistence.LocalCustomAuctionPersistenceUnitTest" time="0.016">
    <error message="Cannot instantiate class: org.jnp.interfaces.NamingContextFactory" type="javax.naming.NoInitialContextException">javax.naming.NoInitialContextException: Cannot instantiate class: org.jnp.interfaces.NamingContextFactory [Root exception is java.lang.ClassNotFoundException: org.jnp.interfaces.NamingContextFactory]
	at javax.naming.spi.NamingManager.getInitialContext(NamingManager.java:652)
	at javax.naming.InitialContext.getDefaultInitCtx(InitialContext.java:243)
	at javax.naming.InitialContext.init(InitialContext.java:219)
	at javax.naming.InitialContext.&lt;init&gt;(InitialContext.java:195)
	at com.orpheus.auction.persistence.CustomAuctionPersistenceTestCase.getEJBTestRunner(CustomAuctionPersistenceTestCase.java:708)
	at com.orpheus.auction.persistence.CustomAuctionPersistenceTestCase.runBare(CustomAuctionPersistenceTestCase.java:669)
	at net.sourceforge.junitejb.EJBTestCase.run(EJBTestCase.java:95)
Caused by: java.lang.ClassNotFoundException: org.jnp.interfaces.NamingContextFactory
	at java.net.URLClassLoader$1.run(URLClassLoader.java:199)
	at java.security.AccessController.doPrivileged(Native Method)
	at java.net.URLClassLoader.findClass(URLClassLoader.java:187)
	at java.lang.ClassLoader.loadClass(ClassLoader.java:289)
	at sun.misc.Launcher$AppClassLoader.loadClass(Launcher.java:274)
	at java.lang.ClassLoader.loadClass(ClassLoader.java:235)
	at java.lang.ClassLoader.loadClassInternal(ClassLoader.java:302)
	at java.lang.Class.forName0(Native Method)
	at java.lang.Class.forName(Class.java:219)
	at com.sun.naming.internal.VersionHelper12.loadClass(VersionHelper12.java:42)
	at javax.naming.spi.NamingManager.getInitialContext(NamingManager.java:649)
	... 19 more
</error>
  </testcase>
  <testcase name="testCreateAuction_InvalidAuctionId" classname="com.orpheus.auction.persistence.LocalCustomAuctionPersistenceUnitTest" time="0.0">
    <error message="Cannot instantiate class: org.jnp.interfaces.NamingContextFactory" type="javax.naming.NoInitialContextException">javax.naming.NoInitialContextException: Cannot instantiate class: org.jnp.interfaces.NamingContextFactory [Root exception is java.lang.ClassNotFoundException: org.jnp.interfaces.NamingContextFactory]
	at javax.naming.spi.NamingManager.getInitialContext(NamingManager.java:652)
	at javax.naming.InitialContext.getDefaultInitCtx(InitialContext.java:243)
	at javax.naming.InitialContext.init(InitialContext.java:219)
	at javax.naming.InitialContext.&lt;init&gt;(InitialContext.java:195)
	at com.orpheus.auction.persistence.CustomAuctionPersistenceTestCase.getEJBTestRunner(CustomAuctionPersistenceTestCase.java:708)
	at com.orpheus.auction.persistence.CustomAuctionPersistenceTestCase.runBare(CustomAuctionPersistenceTestCase.java:669)
	at net.sourceforge.junitejb.EJBTestCase.run(EJBTestCase.java:95)
Caused by: java.lang.ClassNotFoundException: org.jnp.interfaces.NamingContextFactory
	at java.net.URLClassLoader$1.run(URLClassLoader.java:199)
	at java.security.AccessController.doPrivileged(Native Method)
	at java.net.URLClassLoader.findClass(URLClassLoader.java:187)
	at java.lang.ClassLoader.loadClass(ClassLoader.java:289)
	at sun.misc.Launcher$AppClassLoader.loadClass(Launcher.java:274)
	at java.lang.ClassLoader.loadClass(ClassLoader.java:235)
	at java.lang.ClassLoader.loadClassInternal(ClassLoader.java:302)
	at java.lang.Class.forName0(Native Method)
	at java.lang.Class.forName(Class.java:219)
	at com.sun.naming.internal.VersionHelper12.loadClass(VersionHelper12.java:42)
	at javax.naming.spi.NamingManager.getInitialContext(NamingManager.java:649)
	... 19 more
</error>
  </testcase>
  <testcase name="testCreateAuction_ExistAuction" classname="com.orpheus.auction.persistence.LocalCustomAuctionPersistenceUnitTest" time="0.0">
    <error message="Cannot instantiate class: org.jnp.interfaces.NamingContextFactory" type="javax.naming.NoInitialContextException">javax.naming.NoInitialContextException: Cannot instantiate class: org.jnp.interfaces.NamingContextFactory [Root exception is java.lang.ClassNotFoundException: org.jnp.interfaces.NamingContextFactory]
	at javax.naming.spi.NamingManager.getInitialContext(NamingManager.java:652)
	at javax.naming.InitialContext.getDefaultInitCtx(InitialContext.java:243)
	at javax.naming.InitialContext.init(InitialContext.java:219)
	at javax.naming.InitialContext.&lt;init&gt;(InitialContext.java:195)
	at com.orpheus.auction.persistence.CustomAuctionPersistenceTestCase.getEJBTestRunner(CustomAuctionPersistenceTestCase.java:708)
	at com.orpheus.auction.persistence.CustomAuctionPersistenceTestCase.runBare(CustomAuctionPersistenceTestCase.java:669)
	at net.sourceforge.junitejb.EJBTestCase.run(EJBTestCase.java:95)
Caused by: java.lang.ClassNotFoundException: org.jnp.interfaces.NamingContextFactory
	at java.net.URLClassLoader$1.run(URLClassLoader.java:199)
	at java.security.AccessController.doPrivileged(Native Method)
	at java.net.URLClassLoader.findClass(URLClassLoader.java:187)
	at java.lang.ClassLoader.loadClass(ClassLoader.java:289)
	at sun.misc.Launcher$AppClassLoader.loadClass(Launcher.java:274)
	at java.lang.ClassLoader.loadClass(ClassLoader.java:235)
	at java.lang.ClassLoader.loadClassInternal(ClassLoader.java:302)
	at java.lang.Class.forName0(Native Method)
	at java.lang.Class.forName(Class.java:219)
	at com.sun.naming.internal.VersionHelper12.loadClass(VersionHelper12.java:42)
	at javax.naming.spi.NamingManager.getInitialContext(NamingManager.java:649)
	... 19 more
</error>
  </testcase>
  <testcase name="testCreateAuction_Accuracy" classname="com.orpheus.auction.persistence.LocalCustomAuctionPersistenceUnitTest" time="0.0">
    <error message="Cannot instantiate class: org.jnp.interfaces.NamingContextFactory" type="javax.naming.NoInitialContextException">javax.naming.NoInitialContextException: Cannot instantiate class: org.jnp.interfaces.NamingContextFactory [Root exception is java.lang.ClassNotFoundException: org.jnp.interfaces.NamingContextFactory]
	at javax.naming.spi.NamingManager.getInitialContext(NamingManager.java:652)
	at javax.naming.InitialContext.getDefaultInitCtx(InitialContext.java:243)
	at javax.naming.InitialContext.init(InitialContext.java:219)
	at javax.naming.InitialContext.&lt;init&gt;(InitialContext.java:195)
	at com.orpheus.auction.persistence.CustomAuctionPersistenceTestCase.getEJBTestRunner(CustomAuctionPersistenceTestCase.java:708)
	at com.orpheus.auction.persistence.CustomAuctionPersistenceTestCase.runBare(CustomAuctionPersistenceTestCase.java:669)
	at net.sourceforge.junitejb.EJBTestCase.run(EJBTestCase.java:95)
Caused by: java.lang.ClassNotFoundException: org.jnp.interfaces.NamingContextFactory
	at java.net.URLClassLoader$1.run(URLClassLoader.java:199)
	at java.security.AccessController.doPrivileged(Native Method)
	at java.net.URLClassLoader.findClass(URLClassLoader.java:187)
	at java.lang.ClassLoader.loadClass(ClassLoader.java:289)
	at sun.misc.Launcher$AppClassLoader.loadClass(Launcher.java:274)
	at java.lang.ClassLoader.loadClass(ClassLoader.java:235)
	at java.lang.ClassLoader.loadClassInternal(ClassLoader.java:302)
	at java.lang.Class.forName0(Native Method)
	at java.lang.Class.forName(Class.java:219)
	at com.sun.naming.internal.VersionHelper12.loadClass(VersionHelper12.java:42)
	at javax.naming.spi.NamingManager.getInitialContext(NamingManager.java:649)
	... 19 more
</error>
  </testcase>
  <testcase name="testGetAuction_NotExistAuction" classname="com.orpheus.auction.persistence.LocalCustomAuctionPersistenceUnitTest" time="0.0">
    <error message="Cannot instantiate class: org.jnp.interfaces.NamingContextFactory" type="javax.naming.NoInitialContextException">javax.naming.NoInitialContextException: Cannot instantiate class: org.jnp.interfaces.NamingContextFactory [Root exception is java.lang.ClassNotFoundException: org.jnp.interfaces.NamingContextFactory]
	at javax.naming.spi.NamingManager.getInitialContext(NamingManager.java:652)
	at javax.naming.InitialContext.getDefaultInitCtx(InitialContext.java:243)
	at javax.naming.InitialContext.init(InitialContext.java:219)
	at javax.naming.InitialContext.&lt;init&gt;(InitialContext.java:195)
	at com.orpheus.auction.persistence.CustomAuctionPersistenceTestCase.getEJBTestRunner(CustomAuctionPersistenceTestCase.java:708)
	at com.orpheus.auction.persistence.CustomAuctionPersistenceTestCase.runBare(CustomAuctionPersistenceTestCase.java:669)
	at net.sourceforge.junitejb.EJBTestCase.run(EJBTestCase.java:95)
Caused by: java.lang.ClassNotFoundException: org.jnp.interfaces.NamingContextFactory
	at java.net.URLClassLoader$1.run(URLClassLoader.java:199)
	at java.security.AccessController.doPrivileged(Native Method)
	at java.net.URLClassLoader.findClass(URLClassLoader.java:187)
	at java.lang.ClassLoader.loadClass(ClassLoader.java:289)
	at sun.misc.Launcher$AppClassLoader.loadClass(Launcher.java:274)
	at java.lang.ClassLoader.loadClass(ClassLoader.java:235)
	at java.lang.ClassLoader.loadClassInternal(ClassLoader.java:302)
	at java.lang.Class.forName0(Native Method)
	at java.lang.Class.forName(Class.java:219)
	at com.sun.naming.internal.VersionHelper12.loadClass(VersionHelper12.java:42)
	at javax.naming.spi.NamingManager.getInitialContext(NamingManager.java:649)
	... 19 more
</error>
  </testcase>
  <testcase name="testGetAuction_Accuracy" classname="com.orpheus.auction.persistence.LocalCustomAuctionPersistenceUnitTest" time="0.0">
    <error message="Cannot instantiate class: org.jnp.interfaces.NamingContextFactory" type="javax.naming.NoInitialContextException">javax.naming.NoInitialContextException: Cannot instantiate class: org.jnp.interfaces.NamingContextFactory [Root exception is java.lang.ClassNotFoundException: org.jnp.interfaces.NamingContextFactory]
	at javax.naming.spi.NamingManager.getInitialContext(NamingManager.java:652)
	at javax.naming.InitialContext.getDefaultInitCtx(InitialContext.java:243)
	at javax.naming.InitialContext.init(InitialContext.java:219)
	at javax.naming.InitialContext.&lt;init&gt;(InitialContext.java:195)
	at com.orpheus.auction.persistence.CustomAuctionPersistenceTestCase.getEJBTestRunner(CustomAuctionPersistenceTestCase.java:708)
	at com.orpheus.auction.persistence.CustomAuctionPersistenceTestCase.runBare(CustomAuctionPersistenceTestCase.java:669)
	at net.sourceforge.junitejb.EJBTestCase.run(EJBTestCase.java:95)
Caused by: java.lang.ClassNotFoundException: org.jnp.interfaces.NamingContextFactory
	at java.net.URLClassLoader$1.run(URLClassLoader.java:199)
	at java.security.AccessController.doPrivileged(Native Method)
	at java.net.URLClassLoader.findClass(URLClassLoader.java:187)
	at java.lang.ClassLoader.loadClass(ClassLoader.java:289)
	at sun.misc.Launcher$AppClassLoader.loadClass(Launcher.java:274)
	at java.lang.ClassLoader.loadClass(ClassLoader.java:235)
	at java.lang.ClassLoader.loadClassInternal(ClassLoader.java:302)
	at java.lang.Class.forName0(Native Method)
	at java.lang.Class.forName(Class.java:219)
	at com.sun.naming.internal.VersionHelper12.loadClass(VersionHelper12.java:42)
	at javax.naming.spi.NamingManager.getInitialContext(NamingManager.java:649)
	... 19 more
</error>
  </testcase>
  <testcase name="testUpdateAuction_NullAuction" classname="com.orpheus.auction.persistence.LocalCustomAuctionPersistenceUnitTest" time="0.0">
    <error message="Cannot instantiate class: org.jnp.interfaces.NamingContextFactory" type="javax.naming.NoInitialContextException">javax.naming.NoInitialContextException: Cannot instantiate class: org.jnp.interfaces.NamingContextFactory [Root exception is java.lang.ClassNotFoundException: org.jnp.interfaces.NamingContextFactory]
	at javax.naming.spi.NamingManager.getInitialContext(NamingManager.java:652)
	at javax.naming.InitialContext.getDefaultInitCtx(InitialContext.java:243)
	at javax.naming.InitialContext.init(InitialContext.java:219)
	at javax.naming.InitialContext.&lt;init&gt;(InitialContext.java:195)
	at com.orpheus.auction.persistence.CustomAuctionPersistenceTestCase.getEJBTestRunner(CustomAuctionPersistenceTestCase.java:708)
	at com.orpheus.auction.persistence.CustomAuctionPersistenceTestCase.runBare(CustomAuctionPersistenceTestCase.java:669)
	at net.sourceforge.junitejb.EJBTestCase.run(EJBTestCase.java:95)
Caused by: java.lang.ClassNotFoundException: org.jnp.interfaces.NamingContextFactory
	at java.net.URLClassLoader$1.run(URLClassLoader.java:199)
	at java.security.AccessController.doPrivileged(Native Method)
	at java.net.URLClassLoader.findClass(URLClassLoader.java:187)
	at java.lang.ClassLoader.loadClass(ClassLoader.java:289)
	at sun.misc.Launcher$AppClassLoader.loadClass(Launcher.java:274)
	at java.lang.ClassLoader.loadClass(ClassLoader.java:235)
	at java.lang.ClassLoader.loadClassInternal(ClassLoader.java:302)
	at java.lang.Class.forName0(Native Method)
	at java.lang.Class.forName(Class.java:219)
	at com.sun.naming.internal.VersionHelper12.loadClass(VersionHelper12.java:42)
	at javax.naming.spi.NamingManager.getInitialContext(NamingManager.java:649)
	... 19 more
</error>
  </testcase>
  <testcase name="testUpdateAuction_NullID" classname="com.orpheus.auction.persistence.LocalCustomAuctionPersistenceUnitTest" time="0.0">
    <error message="Cannot instantiate class: org.jnp.interfaces.NamingContextFactory" type="javax.naming.NoInitialContextException">javax.naming.NoInitialContextException: Cannot instantiate class: org.jnp.interfaces.NamingContextFactory [Root exception is java.lang.ClassNotFoundException: org.jnp.interfaces.NamingContextFactory]
	at javax.naming.spi.NamingManager.getInitialContext(NamingManager.java:652)
	at javax.naming.InitialContext.getDefaultInitCtx(InitialContext.java:243)
	at javax.naming.InitialContext.init(InitialContext.java:219)
	at javax.naming.InitialContext.&lt;init&gt;(InitialContext.java:195)
	at com.orpheus.auction.persistence.CustomAuctionPersistenceTestCase.getEJBTestRunner(CustomAuctionPersistenceTestCase.java:708)
	at com.orpheus.auction.persistence.CustomAuctionPersistenceTestCase.runBare(CustomAuctionPersistenceTestCase.java:669)
	at net.sourceforge.junitejb.EJBTestCase.run(EJBTestCase.java:95)
Caused by: java.lang.ClassNotFoundException: org.jnp.interfaces.NamingContextFactory
	at java.net.URLClassLoader$1.run(URLClassLoader.java:199)
	at java.security.AccessController.doPrivileged(Native Method)
	at java.net.URLClassLoader.findClass(URLClassLoader.java:187)
	at java.lang.ClassLoader.loadClass(ClassLoader.java:289)
	at sun.misc.Launcher$AppClassLoader.loadClass(Launcher.java:274)
	at java.lang.ClassLoader.loadClass(ClassLoader.java:235)
	at java.lang.ClassLoader.loadClassInternal(ClassLoader.java:302)
	at java.lang.Class.forName0(Native Method)
	at java.lang.Class.forName(Class.java:219)
	at com.sun.naming.internal.VersionHelper12.loadClass(VersionHelper12.java:42)
	at javax.naming.spi.NamingManager.getInitialContext(NamingManager.java:649)
	... 19 more
</error>
  </testcase>
  <testcase name="testUpdateAuction_NotExistAuction" classname="com.orpheus.auction.persistence.LocalCustomAuctionPersistenceUnitTest" time="0.0">
    <error message="Cannot instantiate class: org.jnp.interfaces.NamingContextFactory" type="javax.naming.NoInitialContextException">javax.naming.NoInitialContextException: Cannot instantiate class: org.jnp.interfaces.NamingContextFactory [Root exception is java.lang.ClassNotFoundException: org.jnp.interfaces.NamingContextFactory]
	at javax.naming.spi.NamingManager.getInitialContext(NamingManager.java:652)
	at javax.naming.InitialContext.getDefaultInitCtx(InitialContext.java:243)
	at javax.naming.InitialContext.init(InitialContext.java:219)
	at javax.naming.InitialContext.&lt;init&gt;(InitialContext.java:195)
	at com.orpheus.auction.persistence.CustomAuctionPersistenceTestCase.getEJBTestRunner(CustomAuctionPersistenceTestCase.java:708)
	at com.orpheus.auction.persistence.CustomAuctionPersistenceTestCase.runBare(CustomAuctionPersistenceTestCase.java:669)
	at net.sourceforge.junitejb.EJBTestCase.run(EJBTestCase.java:95)
Caused by: java.lang.ClassNotFoundException: org.jnp.interfaces.NamingContextFactory
	at java.net.URLClassLoader$1.run(URLClassLoader.java:199)
	at java.security.AccessController.doPrivileged(Native Method)
	at java.net.URLClassLoader.findClass(URLClassLoader.java:187)
	at java.lang.ClassLoader.loadClass(ClassLoader.java:289)
	at sun.misc.Launcher$AppClassLoader.loadClass(Launcher.java:274)
	at java.lang.ClassLoader.loadClass(ClassLoader.java:235)
	at java.lang.ClassLoader.loadClassInternal(ClassLoader.java:302)
	at java.lang.Class.forName0(Native Method)
	at java.lang.Class.forName(Class.java:219)
	at com.sun.naming.internal.VersionHelper12.loadClass(VersionHelper12.java:42)
	at javax.naming.spi.NamingManager.getInitialContext(NamingManager.java:649)
	... 19 more
</error>
  </testcase>
  <testcase name="testUpdateAuction_Accuracy" classname="com.orpheus.auction.persistence.LocalCustomAuctionPersistenceUnitTest" time="0.0">
    <error message="Cannot instantiate class: org.jnp.interfaces.NamingContextFactory" type="javax.naming.NoInitialContextException">javax.naming.NoInitialContextException: Cannot instantiate class: org.jnp.interfaces.NamingContextFactory [Root exception is java.lang.ClassNotFoundException: org.jnp.interfaces.NamingContextFactory]
	at javax.naming.spi.NamingManager.getInitialContext(NamingManager.java:652)
	at javax.naming.InitialContext.getDefaultInitCtx(InitialContext.java:243)
	at javax.naming.InitialContext.init(InitialContext.java:219)
	at javax.naming.InitialContext.&lt;init&gt;(InitialContext.java:195)
	at com.orpheus.auction.persistence.CustomAuctionPersistenceTestCase.getEJBTestRunner(CustomAuctionPersistenceTestCase.java:708)
	at com.orpheus.auction.persistence.CustomAuctionPersistenceTestCase.runBare(CustomAuctionPersistenceTestCase.java:669)
	at net.sourceforge.junitejb.EJBTestCase.run(EJBTestCase.java:95)
Caused by: java.lang.ClassNotFoundException: org.jnp.interfaces.NamingContextFactory
	at java.net.URLClassLoader$1.run(URLClassLoader.java:199)
	at java.security.AccessController.doPrivileged(Native Method)
	at java.net.URLClassLoader.findClass(URLClassLoader.java:187)
	at java.lang.ClassLoader.loadClass(ClassLoader.java:289)
	at sun.misc.Launcher$AppClassLoader.loadClass(Launcher.java:274)
	at java.lang.ClassLoader.loadClass(ClassLoader.java:235)
	at java.lang.ClassLoader.loadClassInternal(ClassLoader.java:302)
	at java.lang.Class.forName0(Native Method)
	at java.lang.Class.forName(Class.java:219)
	at com.sun.naming.internal.VersionHelper12.loadClass(VersionHelper12.java:42)
	at javax.naming.spi.NamingManager.getInitialContext(NamingManager.java:649)
	... 19 more
</error>
  </testcase>
  <testcase name="testUpdateBids_NullBids" classname="com.orpheus.auction.persistence.LocalCustomAuctionPersistenceUnitTest" time="0.0">
    <error message="Cannot instantiate class: org.jnp.interfaces.NamingContextFactory" type="javax.naming.NoInitialContextException">javax.naming.NoInitialContextException: Cannot instantiate class: org.jnp.interfaces.NamingContextFactory [Root exception is java.lang.ClassNotFoundException: org.jnp.interfaces.NamingContextFactory]
	at javax.naming.spi.NamingManager.getInitialContext(NamingManager.java:652)
	at javax.naming.InitialContext.getDefaultInitCtx(InitialContext.java:243)
	at javax.naming.InitialContext.init(InitialContext.java:219)
	at javax.naming.InitialContext.&lt;init&gt;(InitialContext.java:195)
	at com.orpheus.auction.persistence.CustomAuctionPersistenceTestCase.getEJBTestRunner(CustomAuctionPersistenceTestCase.java:708)
	at com.orpheus.auction.persistence.CustomAuctionPersistenceTestCase.runBare(CustomAuctionPersistenceTestCase.java:669)
	at net.sourceforge.junitejb.EJBTestCase.run(EJBTestCase.java:95)
Caused by: java.lang.ClassNotFoundException: org.jnp.interfaces.NamingContextFactory
	at java.net.URLClassLoader$1.run(URLClassLoader.java:199)
	at java.security.AccessController.doPrivileged(Native Method)
	at java.net.URLClassLoader.findClass(URLClassLoader.java:187)
	at java.lang.ClassLoader.loadClass(ClassLoader.java:289)
	at sun.misc.Launcher$AppClassLoader.loadClass(Launcher.java:274)
	at java.lang.ClassLoader.loadClass(ClassLoader.java:235)
	at java.lang.ClassLoader.loadClassInternal(ClassLoader.java:302)
	at java.lang.Class.forName0(Native Method)
	at java.lang.Class.forName(Class.java:219)
	at com.sun.naming.internal.VersionHelper12.loadClass(VersionHelper12.java:42)
	at javax.naming.spi.NamingManager.getInitialContext(NamingManager.java:649)
	... 19 more
</error>
  </testcase>
  <testcase name="testUpdateBids_ContainNullBid" classname="com.orpheus.auction.persistence.LocalCustomAuctionPersistenceUnitTest" time="0.0">
    <error message="Cannot instantiate class: org.jnp.interfaces.NamingContextFactory" type="javax.naming.NoInitialContextException">javax.naming.NoInitialContextException: Cannot instantiate class: org.jnp.interfaces.NamingContextFactory [Root exception is java.lang.ClassNotFoundException: org.jnp.interfaces.NamingContextFactory]
	at javax.naming.spi.NamingManager.getInitialContext(NamingManager.java:652)
	at javax.naming.InitialContext.getDefaultInitCtx(InitialContext.java:243)
	at javax.naming.InitialContext.init(InitialContext.java:219)
	at javax.naming.InitialContext.&lt;init&gt;(InitialContext.java:195)
	at com.orpheus.auction.persistence.CustomAuctionPersistenceTestCase.getEJBTestRunner(CustomAuctionPersistenceTestCase.java:708)
	at com.orpheus.auction.persistence.CustomAuctionPersistenceTestCase.runBare(CustomAuctionPersistenceTestCase.java:669)
	at net.sourceforge.junitejb.EJBTestCase.run(EJBTestCase.java:95)
Caused by: java.lang.ClassNotFoundException: org.jnp.interfaces.NamingContextFactory
	at java.net.URLClassLoader$1.run(URLClassLoader.java:199)
	at java.security.AccessController.doPrivileged(Native Method)
	at java.net.URLClassLoader.findClass(URLClassLoader.java:187)
	at java.lang.ClassLoader.loadClass(ClassLoader.java:289)
	at sun.misc.Launcher$AppClassLoader.loadClass(Launcher.java:274)
	at java.lang.ClassLoader.loadClass(ClassLoader.java:235)
	at java.lang.ClassLoader.loadClassInternal(ClassLoader.java:302)
	at java.lang.Class.forName0(Native Method)
	at java.lang.Class.forName(Class.java:219)
	at com.sun.naming.internal.VersionHelper12.loadClass(VersionHelper12.java:42)
	at javax.naming.spi.NamingManager.getInitialContext(NamingManager.java:649)
	... 19 more
</error>
  </testcase>
  <testcase name="testUpdateBids_NotExistAuction" classname="com.orpheus.auction.persistence.LocalCustomAuctionPersistenceUnitTest" time="0.0">
    <error message="Cannot instantiate class: org.jnp.interfaces.NamingContextFactory" type="javax.naming.NoInitialContextException">javax.naming.NoInitialContextException: Cannot instantiate class: org.jnp.interfaces.NamingContextFactory [Root exception is java.lang.ClassNotFoundException: org.jnp.interfaces.NamingContextFactory]
	at javax.naming.spi.NamingManager.getInitialContext(NamingManager.java:652)
	at javax.naming.InitialContext.getDefaultInitCtx(InitialContext.java:243)
	at javax.naming.InitialContext.init(InitialContext.java:219)
	at javax.naming.InitialContext.&lt;init&gt;(InitialContext.java:195)
	at com.orpheus.auction.persistence.CustomAuctionPersistenceTestCase.getEJBTestRunner(CustomAuctionPersistenceTestCase.java:708)
	at com.orpheus.auction.persistence.CustomAuctionPersistenceTestCase.runBare(CustomAuctionPersistenceTestCase.java:669)
	at net.sourceforge.junitejb.EJBTestCase.run(EJBTestCase.java:95)
Caused by: java.lang.ClassNotFoundException: org.jnp.interfaces.NamingContextFactory
	at java.net.URLClassLoader$1.run(URLClassLoader.java:199)
	at java.security.AccessController.doPrivileged(Native Method)
	at java.net.URLClassLoader.findClass(URLClassLoader.java:187)
	at java.lang.ClassLoader.loadClass(ClassLoader.java:289)
	at sun.misc.Launcher$AppClassLoader.loadClass(Launcher.java:274)
	at java.lang.ClassLoader.loadClass(ClassLoader.java:235)
	at java.lang.ClassLoader.loadClassInternal(ClassLoader.java:302)
	at java.lang.Class.forName0(Native Method)
	at java.lang.Class.forName(Class.java:219)
	at com.sun.naming.internal.VersionHelper12.loadClass(VersionHelper12.java:42)
	at javax.naming.spi.NamingManager.getInitialContext(NamingManager.java:649)
	... 19 more
</error>
  </testcase>
  <testcase name="testUpdateBids_Accuracy" classname="com.orpheus.auction.persistence.LocalCustomAuctionPersistenceUnitTest" time="0.0">
    <error message="Cannot instantiate class: org.jnp.interfaces.NamingContextFactory" type="javax.naming.NoInitialContextException">javax.naming.NoInitialContextException: Cannot instantiate class: org.jnp.interfaces.NamingContextFactory [Root exception is java.lang.ClassNotFoundException: org.jnp.interfaces.NamingContextFactory]
	at javax.naming.spi.NamingManager.getInitialContext(NamingManager.java:652)
	at javax.naming.InitialContext.getDefaultInitCtx(InitialContext.java:243)
	at javax.naming.InitialContext.init(InitialContext.java:219)
	at javax.naming.InitialContext.&lt;init&gt;(InitialContext.java:195)
	at com.orpheus.auction.persistence.CustomAuctionPersistenceTestCase.getEJBTestRunner(CustomAuctionPersistenceTestCase.java:708)
	at com.orpheus.auction.persistence.CustomAuctionPersistenceTestCase.runBare(CustomAuctionPersistenceTestCase.java:669)
	at net.sourceforge.junitejb.EJBTestCase.run(EJBTestCase.java:95)
Caused by: java.lang.ClassNotFoundException: org.jnp.interfaces.NamingContextFactory
	at java.net.URLClassLoader$1.run(URLClassLoader.java:199)
	at java.security.AccessController.doPrivileged(Native Method)
	at java.net.URLClassLoader.findClass(URLClassLoader.java:187)
	at java.lang.ClassLoader.loadClass(ClassLoader.java:289)
	at sun.misc.Launcher$AppClassLoader.loadClass(Launcher.java:274)
	at java.lang.ClassLoader.loadClass(ClassLoader.java:235)
	at java.lang.ClassLoader.loadClassInternal(ClassLoader.java:302)
	at java.lang.Class.forName0(Native Method)
	at java.lang.Class.forName(Class.java:219)
	at com.sun.naming.internal.VersionHelper12.loadClass(VersionHelper12.java:42)
	at javax.naming.spi.NamingManager.getInitialContext(NamingManager.java:649)
	... 19 more
</error>
  </testcase>
  <testcase name="testFindAuctionsByDate_Accuracy1" classname="com.orpheus.auction.persistence.LocalCustomAuctionPersistenceUnitTest" time="0.0">
    <error message="Cannot instantiate class: org.jnp.interfaces.NamingContextFactory" type="javax.naming.NoInitialContextException">javax.naming.NoInitialContextException: Cannot instantiate class: org.jnp.interfaces.NamingContextFactory [Root exception is java.lang.ClassNotFoundException: org.jnp.interfaces.NamingContextFactory]
	at javax.naming.spi.NamingManager.getInitialContext(NamingManager.java:652)
	at javax.naming.InitialContext.getDefaultInitCtx(InitialContext.java:243)
	at javax.naming.InitialContext.init(InitialContext.java:219)
	at javax.naming.InitialContext.&lt;init&gt;(InitialContext.java:195)
	at com.orpheus.auction.persistence.CustomAuctionPersistenceTestCase.getEJBTestRunner(CustomAuctionPersistenceTestCase.java:708)
	at com.orpheus.auction.persistence.CustomAuctionPersistenceTestCase.runBare(CustomAuctionPersistenceTestCase.java:669)
	at net.sourceforge.junitejb.EJBTestCase.run(EJBTestCase.java:95)
Caused by: java.lang.ClassNotFoundException: org.jnp.interfaces.NamingContextFactory
	at java.net.URLClassLoader$1.run(URLClassLoader.java:199)
	at java.security.AccessController.doPrivileged(Native Method)
	at java.net.URLClassLoader.findClass(URLClassLoader.java:187)
	at java.lang.ClassLoader.loadClass(ClassLoader.java:289)
	at sun.misc.Launcher$AppClassLoader.loadClass(Launcher.java:274)
	at java.lang.ClassLoader.loadClass(ClassLoader.java:235)
	at java.lang.ClassLoader.loadClassInternal(ClassLoader.java:302)
	at java.lang.Class.forName0(Native Method)
	at java.lang.Class.forName(Class.java:219)
	at com.sun.naming.internal.VersionHelper12.loadClass(VersionHelper12.java:42)
	at javax.naming.spi.NamingManager.getInitialContext(NamingManager.java:649)
	... 19 more
</error>
  </testcase>
  <testcase name="testFindAuctionsByDate_Accuracy2" classname="com.orpheus.auction.persistence.LocalCustomAuctionPersistenceUnitTest" time="0.015">
    <error message="Cannot instantiate class: org.jnp.interfaces.NamingContextFactory" type="javax.naming.NoInitialContextException">javax.naming.NoInitialContextException: Cannot instantiate class: org.jnp.interfaces.NamingContextFactory [Root exception is java.lang.ClassNotFoundException: org.jnp.interfaces.NamingContextFactory]
	at javax.naming.spi.NamingManager.getInitialContext(NamingManager.java:652)
	at javax.naming.InitialContext.getDefaultInitCtx(InitialContext.java:243)
	at javax.naming.InitialContext.init(InitialContext.java:219)
	at javax.naming.InitialContext.&lt;init&gt;(InitialContext.java:195)
	at com.orpheus.auction.persistence.CustomAuctionPersistenceTestCase.getEJBTestRunner(CustomAuctionPersistenceTestCase.java:708)
	at com.orpheus.auction.persistence.CustomAuctionPersistenceTestCase.runBare(CustomAuctionPersistenceTestCase.java:669)
	at net.sourceforge.junitejb.EJBTestCase.run(EJBTestCase.java:95)
Caused by: java.lang.ClassNotFoundException: org.jnp.interfaces.NamingContextFactory
	at java.net.URLClassLoader$1.run(URLClassLoader.java:199)
	at java.security.AccessController.doPrivileged(Native Method)
	at java.net.URLClassLoader.findClass(URLClassLoader.java:187)
	at java.lang.ClassLoader.loadClass(ClassLoader.java:289)
	at sun.misc.Launcher$AppClassLoader.loadClass(Launcher.java:274)
	at java.lang.ClassLoader.loadClass(ClassLoader.java:235)
	at java.lang.ClassLoader.loadClassInternal(ClassLoader.java:302)
	at java.lang.Class.forName0(Native Method)
	at java.lang.Class.forName(Class.java:219)
	at com.sun.naming.internal.VersionHelper12.loadClass(VersionHelper12.java:42)
	at javax.naming.spi.NamingManager.getInitialContext(NamingManager.java:649)
	... 19 more
</error>
  </testcase>
  <testcase name="testFindAuctionsByDate_Accuracy3" classname="com.orpheus.auction.persistence.LocalCustomAuctionPersistenceUnitTest" time="0.0">
    <error message="Cannot instantiate class: org.jnp.interfaces.NamingContextFactory" type="javax.naming.NoInitialContextException">javax.naming.NoInitialContextException: Cannot instantiate class: org.jnp.interfaces.NamingContextFactory [Root exception is java.lang.ClassNotFoundException: org.jnp.interfaces.NamingContextFactory]
	at javax.naming.spi.NamingManager.getInitialContext(NamingManager.java:652)
	at javax.naming.InitialContext.getDefaultInitCtx(InitialContext.java:243)
	at javax.naming.InitialContext.init(InitialContext.java:219)
	at javax.naming.InitialContext.&lt;init&gt;(InitialContext.java:195)
	at com.orpheus.auction.persistence.CustomAuctionPersistenceTestCase.getEJBTestRunner(CustomAuctionPersistenceTestCase.java:708)
	at com.orpheus.auction.persistence.CustomAuctionPersistenceTestCase.runBare(CustomAuctionPersistenceTestCase.java:669)
	at net.sourceforge.junitejb.EJBTestCase.run(EJBTestCase.java:95)
Caused by: java.lang.ClassNotFoundException: org.jnp.interfaces.NamingContextFactory
	at java.net.URLClassLoader$1.run(URLClassLoader.java:199)
	at java.security.AccessController.doPrivileged(Native Method)
	at java.net.URLClassLoader.findClass(URLClassLoader.java:187)
	at java.lang.ClassLoader.loadClass(ClassLoader.java:289)
	at sun.misc.Launcher$AppClassLoader.loadClass(Launcher.java:274)
	at java.lang.ClassLoader.loadClass(ClassLoader.java:235)
	at java.lang.ClassLoader.loadClassInternal(ClassLoader.java:302)
	at java.lang.Class.forName0(Native Method)
	at java.lang.Class.forName(Class.java:219)
	at com.sun.naming.internal.VersionHelper12.loadClass(VersionHelper12.java:42)
	at javax.naming.spi.NamingManager.getInitialContext(NamingManager.java:649)
	... 19 more
</error>
  </testcase>
  <testcase name="testFindAuctionsByDate_Accuracy4" classname="com.orpheus.auction.persistence.LocalCustomAuctionPersistenceUnitTest" time="0.0">
    <error message="Cannot instantiate class: org.jnp.interfaces.NamingContextFactory" type="javax.naming.NoInitialContextException">javax.naming.NoInitialContextException: Cannot instantiate class: org.jnp.interfaces.NamingContextFactory [Root exception is java.lang.ClassNotFoundException: org.jnp.interfaces.NamingContextFactory]
	at javax.naming.spi.NamingManager.getInitialContext(NamingManager.java:652)
	at javax.naming.InitialContext.getDefaultInitCtx(InitialContext.java:243)
	at javax.naming.InitialContext.init(InitialContext.java:219)
	at javax.naming.InitialContext.&lt;init&gt;(InitialContext.java:195)
	at com.orpheus.auction.persistence.CustomAuctionPersistenceTestCase.getEJBTestRunner(CustomAuctionPersistenceTestCase.java:708)
	at com.orpheus.auction.persistence.CustomAuctionPersistenceTestCase.runBare(CustomAuctionPersistenceTestCase.java:669)
	at net.sourceforge.junitejb.EJBTestCase.run(EJBTestCase.java:95)
Caused by: java.lang.ClassNotFoundException: org.jnp.interfaces.NamingContextFactory
	at java.net.URLClassLoader$1.run(URLClassLoader.java:199)
	at java.security.AccessController.doPrivileged(Native Method)
	at java.net.URLClassLoader.findClass(URLClassLoader.java:187)
	at java.lang.ClassLoader.loadClass(ClassLoader.java:289)
	at sun.misc.Launcher$AppClassLoader.loadClass(Launcher.java:274)
	at java.lang.ClassLoader.loadClass(ClassLoader.java:235)
	at java.lang.ClassLoader.loadClassInternal(ClassLoader.java:302)
	at java.lang.Class.forName0(Native Method)
	at java.lang.Class.forName(Class.java:219)
	at com.sun.naming.internal.VersionHelper12.loadClass(VersionHelper12.java:42)
	at javax.naming.spi.NamingManager.getInitialContext(NamingManager.java:649)
	... 19 more
</error>
  </testcase>
  <testcase name="testFindAuctionsByBidder_Accuracy1" classname="com.orpheus.auction.persistence.LocalCustomAuctionPersistenceUnitTest" time="0.0">
    <error message="Cannot instantiate class: org.jnp.interfaces.NamingContextFactory" type="javax.naming.NoInitialContextException">javax.naming.NoInitialContextException: Cannot instantiate class: org.jnp.interfaces.NamingContextFactory [Root exception is java.lang.ClassNotFoundException: org.jnp.interfaces.NamingContextFactory]
	at javax.naming.spi.NamingManager.getInitialContext(NamingManager.java:652)
	at javax.naming.InitialContext.getDefaultInitCtx(InitialContext.java:243)
	at javax.naming.InitialContext.init(InitialContext.java:219)
	at javax.naming.InitialContext.&lt;init&gt;(InitialContext.java:195)
	at com.orpheus.auction.persistence.CustomAuctionPersistenceTestCase.getEJBTestRunner(CustomAuctionPersistenceTestCase.java:708)
	at com.orpheus.auction.persistence.CustomAuctionPersistenceTestCase.runBare(CustomAuctionPersistenceTestCase.java:669)
	at net.sourceforge.junitejb.EJBTestCase.run(EJBTestCase.java:95)
Caused by: java.lang.ClassNotFoundException: org.jnp.interfaces.NamingContextFactory
	at java.net.URLClassLoader$1.run(URLClassLoader.java:199)
	at java.security.AccessController.doPrivileged(Native Method)
	at java.net.URLClassLoader.findClass(URLClassLoader.java:187)
	at java.lang.ClassLoader.loadClass(ClassLoader.java:289)
	at sun.misc.Launcher$AppClassLoader.loadClass(Launcher.java:274)
	at java.lang.ClassLoader.loadClass(ClassLoader.java:235)
	at java.lang.ClassLoader.loadClassInternal(ClassLoader.java:302)
	at java.lang.Class.forName0(Native Method)
	at java.lang.Class.forName(Class.java:219)
	at com.sun.naming.internal.VersionHelper12.loadClass(VersionHelper12.java:42)
	at javax.naming.spi.NamingManager.getInitialContext(NamingManager.java:649)
	... 19 more
</error>
  </testcase>
  <testcase name="testFindAuctionsByBidder_Accuracy2" classname="com.orpheus.auction.persistence.LocalCustomAuctionPersistenceUnitTest" time="0.0">
    <error message="Cannot instantiate class: org.jnp.interfaces.NamingContextFactory" type="javax.naming.NoInitialContextException">javax.naming.NoInitialContextException: Cannot instantiate class: org.jnp.interfaces.NamingContextFactory [Root exception is java.lang.ClassNotFoundException: org.jnp.interfaces.NamingContextFactory]
	at javax.naming.spi.NamingManager.getInitialContext(NamingManager.java:652)
	at javax.naming.InitialContext.getDefaultInitCtx(InitialContext.java:243)
	at javax.naming.InitialContext.init(InitialContext.java:219)
	at javax.naming.InitialContext.&lt;init&gt;(InitialContext.java:195)
	at com.orpheus.auction.persistence.CustomAuctionPersistenceTestCase.getEJBTestRunner(CustomAuctionPersistenceTestCase.java:708)
	at com.orpheus.auction.persistence.CustomAuctionPersistenceTestCase.runBare(CustomAuctionPersistenceTestCase.java:669)
	at net.sourceforge.junitejb.EJBTestCase.run(EJBTestCase.java:95)
Caused by: java.lang.ClassNotFoundException: org.jnp.interfaces.NamingContextFactory
	at java.net.URLClassLoader$1.run(URLClassLoader.java:199)
	at java.security.AccessController.doPrivileged(Native Method)
	at java.net.URLClassLoader.findClass(URLClassLoader.java:187)
	at java.lang.ClassLoader.loadClass(ClassLoader.java:289)
	at sun.misc.Launcher$AppClassLoader.loadClass(Launcher.java:274)
	at java.lang.ClassLoader.loadClass(ClassLoader.java:235)
	at java.lang.ClassLoader.loadClassInternal(ClassLoader.java:302)
	at java.lang.Class.forName0(Native Method)
	at java.lang.Class.forName(Class.java:219)
	at com.sun.naming.internal.VersionHelper12.loadClass(VersionHelper12.java:42)
	at javax.naming.spi.NamingManager.getInitialContext(NamingManager.java:649)
	... 19 more
</error>
  </testcase>
  <testcase name="testDeleteAuction_NotExistAuctionId" classname="com.orpheus.auction.persistence.RemoteCustomAuctionPersistenceUnitTest" time="0.0">
    <error message="Cannot instantiate class: org.jnp.interfaces.NamingContextFactory" type="javax.naming.NoInitialContextException">javax.naming.NoInitialContextException: Cannot instantiate class: org.jnp.interfaces.NamingContextFactory [Root exception is java.lang.ClassNotFoundException: org.jnp.interfaces.NamingContextFactory]
	at javax.naming.spi.NamingManager.getInitialContext(NamingManager.java:652)
	at javax.naming.InitialContext.getDefaultInitCtx(InitialContext.java:243)
	at javax.naming.InitialContext.init(InitialContext.java:219)
	at javax.naming.InitialContext.&lt;init&gt;(InitialContext.java:195)
	at com.orpheus.auction.persistence.CustomAuctionPersistenceTestCase.getEJBTestRunner(CustomAuctionPersistenceTestCase.java:708)
	at com.orpheus.auction.persistence.CustomAuctionPersistenceTestCase.runBare(CustomAuctionPersistenceTestCase.java:669)
	at net.sourceforge.junitejb.EJBTestCase.run(EJBTestCase.java:95)
Caused by: java.lang.ClassNotFoundException: org.jnp.interfaces.NamingContextFactory
	at java.net.URLClassLoader$1.run(URLClassLoader.java:199)
	at java.security.AccessController.doPrivileged(Native Method)
	at java.net.URLClassLoader.findClass(URLClassLoader.java:187)
	at java.lang.ClassLoader.loadClass(ClassLoader.java:289)
	at sun.misc.Launcher$AppClassLoader.loadClass(Launcher.java:274)
	at java.lang.ClassLoader.loadClass(ClassLoader.java:235)
	at java.lang.ClassLoader.loadClassInternal(ClassLoader.java:302)
	at java.lang.Class.forName0(Native Method)
	at java.lang.Class.forName(Class.java:219)
	at com.sun.naming.internal.VersionHelper12.loadClass(VersionHelper12.java:42)
	at javax.naming.spi.NamingManager.getInitialContext(NamingManager.java:649)
	... 19 more
</error>
  </testcase>
  <testcase name="testEjbCreateAuction_NullID" classname="com.orpheus.auction.persistence.RemoteCustomAuctionPersistenceUnitTest" time="0.0">
    <error message="Cannot instantiate class: org.jnp.interfaces.NamingContextFactory" type="javax.naming.NoInitialContextException">javax.naming.NoInitialContextException: Cannot instantiate class: org.jnp.interfaces.NamingContextFactory [Root exception is java.lang.ClassNotFoundException: org.jnp.interfaces.NamingContextFactory]
	at javax.naming.spi.NamingManager.getInitialContext(NamingManager.java:652)
	at javax.naming.InitialContext.getDefaultInitCtx(InitialContext.java:243)
	at javax.naming.InitialContext.init(InitialContext.java:219)
	at javax.naming.InitialContext.&lt;init&gt;(InitialContext.java:195)
	at com.orpheus.auction.persistence.CustomAuctionPersistenceTestCase.getEJBTestRunner(CustomAuctionPersistenceTestCase.java:708)
	at com.orpheus.auction.persistence.CustomAuctionPersistenceTestCase.runBare(CustomAuctionPersistenceTestCase.java:669)
	at net.sourceforge.junitejb.EJBTestCase.run(EJBTestCase.java:95)
Caused by: java.lang.ClassNotFoundException: org.jnp.interfaces.NamingContextFactory
	at java.net.URLClassLoader$1.run(URLClassLoader.java:199)
	at java.security.AccessController.doPrivileged(Native Method)
	at java.net.URLClassLoader.findClass(URLClassLoader.java:187)
	at java.lang.ClassLoader.loadClass(ClassLoader.java:289)
	at sun.misc.Launcher$AppClassLoader.loadClass(Launcher.java:274)
	at java.lang.ClassLoader.loadClass(ClassLoader.java:235)
	at java.lang.ClassLoader.loadClassInternal(ClassLoader.java:302)
	at java.lang.Class.forName0(Native Method)
	at java.lang.Class.forName(Class.java:219)
	at com.sun.naming.internal.VersionHelper12.loadClass(VersionHelper12.java:42)
	at javax.naming.spi.NamingManager.getInitialContext(NamingManager.java:649)
	... 19 more
</error>
  </testcase>
  <testcase name="testEjbCreateAuction_InvalidAuctionId" classname="com.orpheus.auction.persistence.RemoteCustomAuctionPersistenceUnitTest" time="0.0">
    <error message="Cannot instantiate class: org.jnp.interfaces.NamingContextFactory" type="javax.naming.NoInitialContextException">javax.naming.NoInitialContextException: Cannot instantiate class: org.jnp.interfaces.NamingContextFactory [Root exception is java.lang.ClassNotFoundException: org.jnp.interfaces.NamingContextFactory]
	at javax.naming.spi.NamingManager.getInitialContext(NamingManager.java:652)
	at javax.naming.InitialContext.getDefaultInitCtx(InitialContext.java:243)
	at javax.naming.InitialContext.init(InitialContext.java:219)
	at javax.naming.InitialContext.&lt;init&gt;(InitialContext.java:195)
	at com.orpheus.auction.persistence.CustomAuctionPersistenceTestCase.getEJBTestRunner(CustomAuctionPersistenceTestCase.java:708)
	at com.orpheus.auction.persistence.CustomAuctionPersistenceTestCase.runBare(CustomAuctionPersistenceTestCase.java:669)
	at net.sourceforge.junitejb.EJBTestCase.run(EJBTestCase.java:95)
Caused by: java.lang.ClassNotFoundException: org.jnp.interfaces.NamingContextFactory
	at java.net.URLClassLoader$1.run(URLClassLoader.java:199)
	at java.security.AccessController.doPrivileged(Native Method)
	at java.net.URLClassLoader.findClass(URLClassLoader.java:187)
	at java.lang.ClassLoader.loadClass(ClassLoader.java:289)
	at sun.misc.Launcher$AppClassLoader.loadClass(Launcher.java:274)
	at java.lang.ClassLoader.loadClass(ClassLoader.java:235)
	at java.lang.ClassLoader.loadClassInternal(ClassLoader.java:302)
	at java.lang.Class.forName0(Native Method)
	at java.lang.Class.forName(Class.java:219)
	at com.sun.naming.internal.VersionHelper12.loadClass(VersionHelper12.java:42)
	at javax.naming.spi.NamingManager.getInitialContext(NamingManager.java:649)
	... 19 more
</error>
  </testcase>
  <testcase name="testEjbCreateAuction_InvalidBidderid" classname="com.orpheus.auction.persistence.RemoteCustomAuctionPersistenceUnitTest" time="0.0">
    <error message="Cannot instantiate class: org.jnp.interfaces.NamingContextFactory" type="javax.naming.NoInitialContextException">javax.naming.NoInitialContextException: Cannot instantiate class: org.jnp.interfaces.NamingContextFactory [Root exception is java.lang.ClassNotFoundException: org.jnp.interfaces.NamingContextFactory]
	at javax.naming.spi.NamingManager.getInitialContext(NamingManager.java:652)
	at javax.naming.InitialContext.getDefaultInitCtx(InitialContext.java:243)
	at javax.naming.InitialContext.init(InitialContext.java:219)
	at javax.naming.InitialContext.&lt;init&gt;(InitialContext.java:195)
	at com.orpheus.auction.persistence.CustomAuctionPersistenceTestCase.getEJBTestRunner(CustomAuctionPersistenceTestCase.java:708)
	at com.orpheus.auction.persistence.CustomAuctionPersistenceTestCase.runBare(CustomAuctionPersistenceTestCase.java:669)
	at net.sourceforge.junitejb.EJBTestCase.run(EJBTestCase.java:95)
Caused by: java.lang.ClassNotFoundException: org.jnp.interfaces.NamingContextFactory
	at java.net.URLClassLoader$1.run(URLClassLoader.java:199)
	at java.security.AccessController.doPrivileged(Native Method)
	at java.net.URLClassLoader.findClass(URLClassLoader.java:187)
	at java.lang.ClassLoader.loadClass(ClassLoader.java:289)
	at sun.misc.Launcher$AppClassLoader.loadClass(Launcher.java:274)
	at java.lang.ClassLoader.loadClass(ClassLoader.java:235)
	at java.lang.ClassLoader.loadClassInternal(ClassLoader.java:302)
	at java.lang.Class.forName0(Native Method)
	at java.lang.Class.forName(Class.java:219)
	at com.sun.naming.internal.VersionHelper12.loadClass(VersionHelper12.java:42)
	at javax.naming.spi.NamingManager.getInitialContext(NamingManager.java:649)
	... 19 more
</error>
  </testcase>
  <testcase name="testEjbCreateAuction_ExistAuction" classname="com.orpheus.auction.persistence.RemoteCustomAuctionPersistenceUnitTest" time="0.0">
    <error message="Cannot instantiate class: org.jnp.interfaces.NamingContextFactory" type="javax.naming.NoInitialContextException">javax.naming.NoInitialContextException: Cannot instantiate class: org.jnp.interfaces.NamingContextFactory [Root exception is java.lang.ClassNotFoundException: org.jnp.interfaces.NamingContextFactory]
	at javax.naming.spi.NamingManager.getInitialContext(NamingManager.java:652)
	at javax.naming.InitialContext.getDefaultInitCtx(InitialContext.java:243)
	at javax.naming.InitialContext.init(InitialContext.java:219)
	at javax.naming.InitialContext.&lt;init&gt;(InitialContext.java:195)
	at com.orpheus.auction.persistence.CustomAuctionPersistenceTestCase.getEJBTestRunner(CustomAuctionPersistenceTestCase.java:708)
	at com.orpheus.auction.persistence.CustomAuctionPersistenceTestCase.runBare(CustomAuctionPersistenceTestCase.java:669)
	at net.sourceforge.junitejb.EJBTestCase.run(EJBTestCase.java:95)
Caused by: java.lang.ClassNotFoundException: org.jnp.interfaces.NamingContextFactory
	at java.net.URLClassLoader$1.run(URLClassLoader.java:199)
	at java.security.AccessController.doPrivileged(Native Method)
	at java.net.URLClassLoader.findClass(URLClassLoader.java:187)
	at java.lang.ClassLoader.loadClass(ClassLoader.java:289)
	at sun.misc.Launcher$AppClassLoader.loadClass(Launcher.java:274)
	at java.lang.ClassLoader.loadClass(ClassLoader.java:235)
	at java.lang.ClassLoader.loadClassInternal(ClassLoader.java:302)
	at java.lang.Class.forName0(Native Method)
	at java.lang.Class.forName(Class.java:219)
	at com.sun.naming.internal.VersionHelper12.loadClass(VersionHelper12.java:42)
	at javax.naming.spi.NamingManager.getInitialContext(NamingManager.java:649)
	... 19 more
</error>
  </testcase>
  <testcase name="testEjbCreateAuction_Accuracy" classname="com.orpheus.auction.persistence.RemoteCustomAuctionPersistenceUnitTest" time="0.0">
    <error message="Cannot instantiate class: org.jnp.interfaces.NamingContextFactory" type="javax.naming.NoInitialContextException">javax.naming.NoInitialContextException: Cannot instantiate class: org.jnp.interfaces.NamingContextFactory [Root exception is java.lang.ClassNotFoundException: org.jnp.interfaces.NamingContextFactory]
	at javax.naming.spi.NamingManager.getInitialContext(NamingManager.java:652)
	at javax.naming.InitialContext.getDefaultInitCtx(InitialContext.java:243)
	at javax.naming.InitialContext.init(InitialContext.java:219)
	at javax.naming.InitialContext.&lt;init&gt;(InitialContext.java:195)
	at com.orpheus.auction.persistence.CustomAuctionPersistenceTestCase.getEJBTestRunner(CustomAuctionPersistenceTestCase.java:708)
	at com.orpheus.auction.persistence.CustomAuctionPersistenceTestCase.runBare(CustomAuctionPersistenceTestCase.java:669)
	at net.sourceforge.junitejb.EJBTestCase.run(EJBTestCase.java:95)
Caused by: java.lang.ClassNotFoundException: org.jnp.interfaces.NamingContextFactory
	at java.net.URLClassLoader$1.run(URLClassLoader.java:199)
	at java.security.AccessController.doPrivileged(Native Method)
	at java.net.URLClassLoader.findClass(URLClassLoader.java:187)
	at java.lang.ClassLoader.loadClass(ClassLoader.java:289)
	at sun.misc.Launcher$AppClassLoader.loadClass(Launcher.java:274)
	at java.lang.ClassLoader.loadClass(ClassLoader.java:235)
	at java.lang.ClassLoader.loadClassInternal(ClassLoader.java:302)
	at java.lang.Class.forName0(Native Method)
	at java.lang.Class.forName(Class.java:219)
	at com.sun.naming.internal.VersionHelper12.loadClass(VersionHelper12.java:42)
	at javax.naming.spi.NamingManager.getInitialContext(NamingManager.java:649)
	... 19 more
</error>
  </testcase>
  <testcase name="testEjbGetAuction_NotExistAuction" classname="com.orpheus.auction.persistence.RemoteCustomAuctionPersistenceUnitTest" time="0.0">
    <error message="Cannot instantiate class: org.jnp.interfaces.NamingContextFactory" type="javax.naming.NoInitialContextException">javax.naming.NoInitialContextException: Cannot instantiate class: org.jnp.interfaces.NamingContextFactory [Root exception is java.lang.ClassNotFoundException: org.jnp.interfaces.NamingContextFactory]
	at javax.naming.spi.NamingManager.getInitialContext(NamingManager.java:652)
	at javax.naming.InitialContext.getDefaultInitCtx(InitialContext.java:243)
	at javax.naming.InitialContext.init(InitialContext.java:219)
	at javax.naming.InitialContext.&lt;init&gt;(InitialContext.java:195)
	at com.orpheus.auction.persistence.CustomAuctionPersistenceTestCase.getEJBTestRunner(CustomAuctionPersistenceTestCase.java:708)
	at com.orpheus.auction.persistence.CustomAuctionPersistenceTestCase.runBare(CustomAuctionPersistenceTestCase.java:669)
	at net.sourceforge.junitejb.EJBTestCase.run(EJBTestCase.java:95)
Caused by: java.lang.ClassNotFoundException: org.jnp.interfaces.NamingContextFactory
	at java.net.URLClassLoader$1.run(URLClassLoader.java:199)
	at java.security.AccessController.doPrivileged(Native Method)
	at java.net.URLClassLoader.findClass(URLClassLoader.java:187)
	at java.lang.ClassLoader.loadClass(ClassLoader.java:289)
	at sun.misc.Launcher$AppClassLoader.loadClass(Launcher.java:274)
	at java.lang.ClassLoader.loadClass(ClassLoader.java:235)
	at java.lang.ClassLoader.loadClassInternal(ClassLoader.java:302)
	at java.lang.Class.forName0(Native Method)
	at java.lang.Class.forName(Class.java:219)
	at com.sun.naming.internal.VersionHelper12.loadClass(VersionHelper12.java:42)
	at javax.naming.spi.NamingManager.getInitialContext(NamingManager.java:649)
	... 19 more
</error>
  </testcase>
  <testcase name="testEjbGetAuction_Accuracy" classname="com.orpheus.auction.persistence.RemoteCustomAuctionPersistenceUnitTest" time="0.0">
    <error message="Cannot instantiate class: org.jnp.interfaces.NamingContextFactory" type="javax.naming.NoInitialContextException">javax.naming.NoInitialContextException: Cannot instantiate class: org.jnp.interfaces.NamingContextFactory [Root exception is java.lang.ClassNotFoundException: org.jnp.interfaces.NamingContextFactory]
	at javax.naming.spi.NamingManager.getInitialContext(NamingManager.java:652)
	at javax.naming.InitialContext.getDefaultInitCtx(InitialContext.java:243)
	at javax.naming.InitialContext.init(InitialContext.java:219)
	at javax.naming.InitialContext.&lt;init&gt;(InitialContext.java:195)
	at com.orpheus.auction.persistence.CustomAuctionPersistenceTestCase.getEJBTestRunner(CustomAuctionPersistenceTestCase.java:708)
	at com.orpheus.auction.persistence.CustomAuctionPersistenceTestCase.runBare(CustomAuctionPersistenceTestCase.java:669)
	at net.sourceforge.junitejb.EJBTestCase.run(EJBTestCase.java:95)
Caused by: java.lang.ClassNotFoundException: org.jnp.interfaces.NamingContextFactory
	at java.net.URLClassLoader$1.run(URLClassLoader.java:199)
	at java.security.AccessController.doPrivileged(Native Method)
	at java.net.URLClassLoader.findClass(URLClassLoader.java:187)
	at java.lang.ClassLoader.loadClass(ClassLoader.java:289)
	at sun.misc.Launcher$AppClassLoader.loadClass(Launcher.java:274)
	at java.lang.ClassLoader.loadClass(ClassLoader.java:235)
	at java.lang.ClassLoader.loadClassInternal(ClassLoader.java:302)
	at java.lang.Class.forName0(Native Method)
	at java.lang.Class.forName(Class.java:219)
	at com.sun.naming.internal.VersionHelper12.loadClass(VersionHelper12.java:42)
	at javax.naming.spi.NamingManager.getInitialContext(NamingManager.java:649)
	... 19 more
</error>
  </testcase>
  <testcase name="testEjbUpdateAuction_NullID" classname="com.orpheus.auction.persistence.RemoteCustomAuctionPersistenceUnitTest" time="0.016">
    <error message="Cannot instantiate class: org.jnp.interfaces.NamingContextFactory" type="javax.naming.NoInitialContextException">javax.naming.NoInitialContextException: Cannot instantiate class: org.jnp.interfaces.NamingContextFactory [Root exception is java.lang.ClassNotFoundException: org.jnp.interfaces.NamingContextFactory]
	at javax.naming.spi.NamingManager.getInitialContext(NamingManager.java:652)
	at javax.naming.InitialContext.getDefaultInitCtx(InitialContext.java:243)
	at javax.naming.InitialContext.init(InitialContext.java:219)
	at javax.naming.InitialContext.&lt;init&gt;(InitialContext.java:195)
	at com.orpheus.auction.persistence.CustomAuctionPersistenceTestCase.getEJBTestRunner(CustomAuctionPersistenceTestCase.java:708)
	at com.orpheus.auction.persistence.CustomAuctionPersistenceTestCase.runBare(CustomAuctionPersistenceTestCase.java:669)
	at net.sourceforge.junitejb.EJBTestCase.run(EJBTestCase.java:95)
Caused by: java.lang.ClassNotFoundException: org.jnp.interfaces.NamingContextFactory
	at java.net.URLClassLoader$1.run(URLClassLoader.java:199)
	at java.security.AccessController.doPrivileged(Native Method)
	at java.net.URLClassLoader.findClass(URLClassLoader.java:187)
	at java.lang.ClassLoader.loadClass(ClassLoader.java:289)
	at sun.misc.Launcher$AppClassLoader.loadClass(Launcher.java:274)
	at java.lang.ClassLoader.loadClass(ClassLoader.java:235)
	at java.lang.ClassLoader.loadClassInternal(ClassLoader.java:302)
	at java.lang.Class.forName0(Native Method)
	at java.lang.Class.forName(Class.java:219)
	at com.sun.naming.internal.VersionHelper12.loadClass(VersionHelper12.java:42)
	at javax.naming.spi.NamingManager.getInitialContext(NamingManager.java:649)
	... 19 more
</error>
  </testcase>
  <testcase name="testEjbUpdateAuction_InvalidBidderid" classname="com.orpheus.auction.persistence.RemoteCustomAuctionPersistenceUnitTest" time="0.0">
    <error message="Cannot instantiate class: org.jnp.interfaces.NamingContextFactory" type="javax.naming.NoInitialContextException">javax.naming.NoInitialContextException: Cannot instantiate class: org.jnp.interfaces.NamingContextFactory [Root exception is java.lang.ClassNotFoundException: org.jnp.interfaces.NamingContextFactory]
	at javax.naming.spi.NamingManager.getInitialContext(NamingManager.java:652)
	at javax.naming.InitialContext.getDefaultInitCtx(InitialContext.java:243)
	at javax.naming.InitialContext.init(InitialContext.java:219)
	at javax.naming.InitialContext.&lt;init&gt;(InitialContext.java:195)
	at com.orpheus.auction.persistence.CustomAuctionPersistenceTestCase.getEJBTestRunner(CustomAuctionPersistenceTestCase.java:708)
	at com.orpheus.auction.persistence.CustomAuctionPersistenceTestCase.runBare(CustomAuctionPersistenceTestCase.java:669)
	at net.sourceforge.junitejb.EJBTestCase.run(EJBTestCase.java:95)
Caused by: java.lang.ClassNotFoundException: org.jnp.interfaces.NamingContextFactory
	at java.net.URLClassLoader$1.run(URLClassLoader.java:199)
	at java.security.AccessController.doPrivileged(Native Method)
	at java.net.URLClassLoader.findClass(URLClassLoader.java:187)
	at java.lang.ClassLoader.loadClass(ClassLoader.java:289)
	at sun.misc.Launcher$AppClassLoader.loadClass(Launcher.java:274)
	at java.lang.ClassLoader.loadClass(ClassLoader.java:235)
	at java.lang.ClassLoader.loadClassInternal(ClassLoader.java:302)
	at java.lang.Class.forName0(Native Method)
	at java.lang.Class.forName(Class.java:219)
	at com.sun.naming.internal.VersionHelper12.loadClass(VersionHelper12.java:42)
	at javax.naming.spi.NamingManager.getInitialContext(NamingManager.java:649)
	... 19 more
</error>
  </testcase>
  <testcase name="testEjbUpdateAuction_NotExistAuction" classname="com.orpheus.auction.persistence.RemoteCustomAuctionPersistenceUnitTest" time="0.0">
    <error message="Cannot instantiate class: org.jnp.interfaces.NamingContextFactory" type="javax.naming.NoInitialContextException">javax.naming.NoInitialContextException: Cannot instantiate class: org.jnp.interfaces.NamingContextFactory [Root exception is java.lang.ClassNotFoundException: org.jnp.interfaces.NamingContextFactory]
	at javax.naming.spi.NamingManager.getInitialContext(NamingManager.java:652)
	at javax.naming.InitialContext.getDefaultInitCtx(InitialContext.java:243)
	at javax.naming.InitialContext.init(InitialContext.java:219)
	at javax.naming.InitialContext.&lt;init&gt;(InitialContext.java:195)
	at com.orpheus.auction.persistence.CustomAuctionPersistenceTestCase.getEJBTestRunner(CustomAuctionPersistenceTestCase.java:708)
	at com.orpheus.auction.persistence.CustomAuctionPersistenceTestCase.runBare(CustomAuctionPersistenceTestCase.java:669)
	at net.sourceforge.junitejb.EJBTestCase.run(EJBTestCase.java:95)
Caused by: java.lang.ClassNotFoundException: org.jnp.interfaces.NamingContextFactory
	at java.net.URLClassLoader$1.run(URLClassLoader.java:199)
	at java.security.AccessController.doPrivileged(Native Method)
	at java.net.URLClassLoader.findClass(URLClassLoader.java:187)
	at java.lang.ClassLoader.loadClass(ClassLoader.java:289)
	at sun.misc.Launcher$AppClassLoader.loadClass(Launcher.java:274)
	at java.lang.ClassLoader.loadClass(ClassLoader.java:235)
	at java.lang.ClassLoader.loadClassInternal(ClassLoader.java:302)
	at java.lang.Class.forName0(Native Method)
	at java.lang.Class.forName(Class.java:219)
	at com.sun.naming.internal.VersionHelper12.loadClass(VersionHelper12.java:42)
	at javax.naming.spi.NamingManager.getInitialContext(NamingManager.java:649)
	... 19 more
</error>
  </testcase>
  <testcase name="testEjbUpdateAuction_Accuracy1" classname="com.orpheus.auction.persistence.RemoteCustomAuctionPersistenceUnitTest" time="0.0">
    <error message="Cannot instantiate class: org.jnp.interfaces.NamingContextFactory" type="javax.naming.NoInitialContextException">javax.naming.NoInitialContextException: Cannot instantiate class: org.jnp.interfaces.NamingContextFactory [Root exception is java.lang.ClassNotFoundException: org.jnp.interfaces.NamingContextFactory]
	at javax.naming.spi.NamingManager.getInitialContext(NamingManager.java:652)
	at javax.naming.InitialContext.getDefaultInitCtx(InitialContext.java:243)
	at javax.naming.InitialContext.init(InitialContext.java:219)
	at javax.naming.InitialContext.&lt;init&gt;(InitialContext.java:195)
	at com.orpheus.auction.persistence.CustomAuctionPersistenceTestCase.getEJBTestRunner(CustomAuctionPersistenceTestCase.java:708)
	at com.orpheus.auction.persistence.CustomAuctionPersistenceTestCase.runBare(CustomAuctionPersistenceTestCase.java:669)
	at net.sourceforge.junitejb.EJBTestCase.run(EJBTestCase.java:95)
Caused by: java.lang.ClassNotFoundException: org.jnp.interfaces.NamingContextFactory
	at java.net.URLClassLoader$1.run(URLClassLoader.java:199)
	at java.security.AccessController.doPrivileged(Native Method)
	at java.net.URLClassLoader.findClass(URLClassLoader.java:187)
	at java.lang.ClassLoader.loadClass(ClassLoader.java:289)
	at sun.misc.Launcher$AppClassLoader.loadClass(Launcher.java:274)
	at java.lang.ClassLoader.loadClass(ClassLoader.java:235)
	at java.lang.ClassLoader.loadClassInternal(ClassLoader.java:302)
	at java.lang.Class.forName0(Native Method)
	at java.lang.Class.forName(Class.java:219)
	at com.sun.naming.internal.VersionHelper12.loadClass(VersionHelper12.java:42)
	at javax.naming.spi.NamingManager.getInitialContext(NamingManager.java:649)
	... 19 more
</error>
  </testcase>
  <testcase name="testEjbUpdateAuction_Accuracy2" classname="com.orpheus.auction.persistence.RemoteCustomAuctionPersistenceUnitTest" time="0.0">
    <error message="Cannot instantiate class: org.jnp.interfaces.NamingContextFactory" type="javax.naming.NoInitialContextException">javax.naming.NoInitialContextException: Cannot instantiate class: org.jnp.interfaces.NamingContextFactory [Root exception is java.lang.ClassNotFoundException: org.jnp.interfaces.NamingContextFactory]
	at javax.naming.spi.NamingManager.getInitialContext(NamingManager.java:652)
	at javax.naming.InitialContext.getDefaultInitCtx(InitialContext.java:243)
	at javax.naming.InitialContext.init(InitialContext.java:219)
	at javax.naming.InitialContext.&lt;init&gt;(InitialContext.java:195)
	at com.orpheus.auction.persistence.CustomAuctionPersistenceTestCase.getEJBTestRunner(CustomAuctionPersistenceTestCase.java:708)
	at com.orpheus.auction.persistence.CustomAuctionPersistenceTestCase.runBare(CustomAuctionPersistenceTestCase.java:669)
	at net.sourceforge.junitejb.EJBTestCase.run(EJBTestCase.java:95)
Caused by: java.lang.ClassNotFoundException: org.jnp.interfaces.NamingContextFactory
	at java.net.URLClassLoader$1.run(URLClassLoader.java:199)
	at java.security.AccessController.doPrivileged(Native Method)
	at java.net.URLClassLoader.findClass(URLClassLoader.java:187)
	at java.lang.ClassLoader.loadClass(ClassLoader.java:289)
	at sun.misc.Launcher$AppClassLoader.loadClass(Launcher.java:274)
	at java.lang.ClassLoader.loadClass(ClassLoader.java:235)
	at java.lang.ClassLoader.loadClassInternal(ClassLoader.java:302)
	at java.lang.Class.forName0(Native Method)
	at java.lang.Class.forName(Class.java:219)
	at com.sun.naming.internal.VersionHelper12.loadClass(VersionHelper12.java:42)
	at javax.naming.spi.NamingManager.getInitialContext(NamingManager.java:649)
	... 19 more
</error>
  </testcase>
  <testcase name="testEjbUpdateBids_NotExistAuction" classname="com.orpheus.auction.persistence.RemoteCustomAuctionPersistenceUnitTest" time="0.0">
    <error message="Cannot instantiate class: org.jnp.interfaces.NamingContextFactory" type="javax.naming.NoInitialContextException">javax.naming.NoInitialContextException: Cannot instantiate class: org.jnp.interfaces.NamingContextFactory [Root exception is java.lang.ClassNotFoundException: org.jnp.interfaces.NamingContextFactory]
	at javax.naming.spi.NamingManager.getInitialContext(NamingManager.java:652)
	at javax.naming.InitialContext.getDefaultInitCtx(InitialContext.java:243)
	at javax.naming.InitialContext.init(InitialContext.java:219)
	at javax.naming.InitialContext.&lt;init&gt;(InitialContext.java:195)
	at com.orpheus.auction.persistence.CustomAuctionPersistenceTestCase.getEJBTestRunner(CustomAuctionPersistenceTestCase.java:708)
	at com.orpheus.auction.persistence.CustomAuctionPersistenceTestCase.runBare(CustomAuctionPersistenceTestCase.java:669)
	at net.sourceforge.junitejb.EJBTestCase.run(EJBTestCase.java:95)
Caused by: java.lang.ClassNotFoundException: org.jnp.interfaces.NamingContextFactory
	at java.net.URLClassLoader$1.run(URLClassLoader.java:199)
	at java.security.AccessController.doPrivileged(Native Method)
	at java.net.URLClassLoader.findClass(URLClassLoader.java:187)
	at java.lang.ClassLoader.loadClass(ClassLoader.java:289)
	at sun.misc.Launcher$AppClassLoader.loadClass(Launcher.java:274)
	at java.lang.ClassLoader.loadClass(ClassLoader.java:235)
	at java.lang.ClassLoader.loadClassInternal(ClassLoader.java:302)
	at java.lang.Class.forName0(Native Method)
	at java.lang.Class.forName(Class.java:219)
	at com.sun.naming.internal.VersionHelper12.loadClass(VersionHelper12.java:42)
	at javax.naming.spi.NamingManager.getInitialContext(NamingManager.java:649)
	... 19 more
</error>
  </testcase>
  <testcase name="testEjbUpdateBids_InvalidBidderid" classname="com.orpheus.auction.persistence.RemoteCustomAuctionPersistenceUnitTest" time="0.0">
    <error message="Cannot instantiate class: org.jnp.interfaces.NamingContextFactory" type="javax.naming.NoInitialContextException">javax.naming.NoInitialContextException: Cannot instantiate class: org.jnp.interfaces.NamingContextFactory [Root exception is java.lang.ClassNotFoundException: org.jnp.interfaces.NamingContextFactory]
	at javax.naming.spi.NamingManager.getInitialContext(NamingManager.java:652)
	at javax.naming.InitialContext.getDefaultInitCtx(InitialContext.java:243)
	at javax.naming.InitialContext.init(InitialContext.java:219)
	at javax.naming.InitialContext.&lt;init&gt;(InitialContext.java:195)
	at com.orpheus.auction.persistence.CustomAuctionPersistenceTestCase.getEJBTestRunner(CustomAuctionPersistenceTestCase.java:708)
	at com.orpheus.auction.persistence.CustomAuctionPersistenceTestCase.runBare(CustomAuctionPersistenceTestCase.java:669)
	at net.sourceforge.junitejb.EJBTestCase.run(EJBTestCase.java:95)
Caused by: java.lang.ClassNotFoundException: org.jnp.interfaces.NamingContextFactory
	at java.net.URLClassLoader$1.run(URLClassLoader.java:199)
	at java.security.AccessController.doPrivileged(Native Method)
	at java.net.URLClassLoader.findClass(URLClassLoader.java:187)
	at java.lang.ClassLoader.loadClass(ClassLoader.java:289)
	at sun.misc.Launcher$AppClassLoader.loadClass(Launcher.java:274)
	at java.lang.ClassLoader.loadClass(ClassLoader.java:235)
	at java.lang.ClassLoader.loadClassInternal(ClassLoader.java:302)
	at java.lang.Class.forName0(Native Method)
	at java.lang.Class.forName(Class.java:219)
	at com.sun.naming.internal.VersionHelper12.loadClass(VersionHelper12.java:42)
	at javax.naming.spi.NamingManager.getInitialContext(NamingManager.java:649)
	... 19 more
</error>
  </testcase>
  <testcase name="testEjbUpdateBids_Accuracy1" classname="com.orpheus.auction.persistence.RemoteCustomAuctionPersistenceUnitTest" time="0.0">
    <error message="Cannot instantiate class: org.jnp.interfaces.NamingContextFactory" type="javax.naming.NoInitialContextException">javax.naming.NoInitialContextException: Cannot instantiate class: org.jnp.interfaces.NamingContextFactory [Root exception is java.lang.ClassNotFoundException: org.jnp.interfaces.NamingContextFactory]
	at javax.naming.spi.NamingManager.getInitialContext(NamingManager.java:652)
	at javax.naming.InitialContext.getDefaultInitCtx(InitialContext.java:243)
	at javax.naming.InitialContext.init(InitialContext.java:219)
	at javax.naming.InitialContext.&lt;init&gt;(InitialContext.java:195)
	at com.orpheus.auction.persistence.CustomAuctionPersistenceTestCase.getEJBTestRunner(CustomAuctionPersistenceTestCase.java:708)
	at com.orpheus.auction.persistence.CustomAuctionPersistenceTestCase.runBare(CustomAuctionPersistenceTestCase.java:669)
	at net.sourceforge.junitejb.EJBTestCase.run(EJBTestCase.java:95)
Caused by: java.lang.ClassNotFoundException: org.jnp.interfaces.NamingContextFactory
	at java.net.URLClassLoader$1.run(URLClassLoader.java:199)
	at java.security.AccessController.doPrivileged(Native Method)
	at java.net.URLClassLoader.findClass(URLClassLoader.java:187)
	at java.lang.ClassLoader.loadClass(ClassLoader.java:289)
	at sun.misc.Launcher$AppClassLoader.loadClass(Launcher.java:274)
	at java.lang.ClassLoader.loadClass(ClassLoader.java:235)
	at java.lang.ClassLoader.loadClassInternal(ClassLoader.java:302)
	at java.lang.Class.forName0(Native Method)
	at java.lang.Class.forName(Class.java:219)
	at com.sun.naming.internal.VersionHelper12.loadClass(VersionHelper12.java:42)
	at javax.naming.spi.NamingManager.getInitialContext(NamingManager.java:649)
	... 19 more
</error>
  </testcase>
  <testcase name="testEjbUpdateBids_Accuracy2" classname="com.orpheus.auction.persistence.RemoteCustomAuctionPersistenceUnitTest" time="0.0">
    <error message="Cannot instantiate class: org.jnp.interfaces.NamingContextFactory" type="javax.naming.NoInitialContextException">javax.naming.NoInitialContextException: Cannot instantiate class: org.jnp.interfaces.NamingContextFactory [Root exception is java.lang.ClassNotFoundException: org.jnp.interfaces.NamingContextFactory]
	at javax.naming.spi.NamingManager.getInitialContext(NamingManager.java:652)
	at javax.naming.InitialContext.getDefaultInitCtx(InitialContext.java:243)
	at javax.naming.InitialContext.init(InitialContext.java:219)
	at javax.naming.InitialContext.&lt;init&gt;(InitialContext.java:195)
	at com.orpheus.auction.persistence.CustomAuctionPersistenceTestCase.getEJBTestRunner(CustomAuctionPersistenceTestCase.java:708)
	at com.orpheus.auction.persistence.CustomAuctionPersistenceTestCase.runBare(CustomAuctionPersistenceTestCase.java:669)
	at net.sourceforge.junitejb.EJBTestCase.run(EJBTestCase.java:95)
Caused by: java.lang.ClassNotFoundException: org.jnp.interfaces.NamingContextFactory
	at java.net.URLClassLoader$1.run(URLClassLoader.java:199)
	at java.security.AccessController.doPrivileged(Native Method)
	at java.net.URLClassLoader.findClass(URLClassLoader.java:187)
	at java.lang.ClassLoader.loadClass(ClassLoader.java:289)
	at sun.misc.Launcher$AppClassLoader.loadClass(Launcher.java:274)
	at java.lang.ClassLoader.loadClass(ClassLoader.java:235)
	at java.lang.ClassLoader.loadClassInternal(ClassLoader.java:302)
	at java.lang.Class.forName0(Native Method)
	at java.lang.Class.forName(Class.java:219)
	at com.sun.naming.internal.VersionHelper12.loadClass(VersionHelper12.java:42)
	at javax.naming.spi.NamingManager.getInitialContext(NamingManager.java:649)
	... 19 more
</error>
  </testcase>
  <testcase name="testDeleteAuction_Accuracy" classname="com.orpheus.auction.persistence.RemoteCustomAuctionPersistenceUnitTest" time="0.0">
    <error message="Cannot instantiate class: org.jnp.interfaces.NamingContextFactory" type="javax.naming.NoInitialContextException">javax.naming.NoInitialContextException: Cannot instantiate class: org.jnp.interfaces.NamingContextFactory [Root exception is java.lang.ClassNotFoundException: org.jnp.interfaces.NamingContextFactory]
	at javax.naming.spi.NamingManager.getInitialContext(NamingManager.java:652)
	at javax.naming.InitialContext.getDefaultInitCtx(InitialContext.java:243)
	at javax.naming.InitialContext.init(InitialContext.java:219)
	at javax.naming.InitialContext.&lt;init&gt;(InitialContext.java:195)
	at com.orpheus.auction.persistence.CustomAuctionPersistenceTestCase.getEJBTestRunner(CustomAuctionPersistenceTestCase.java:708)
	at com.orpheus.auction.persistence.CustomAuctionPersistenceTestCase.runBare(CustomAuctionPersistenceTestCase.java:669)
	at net.sourceforge.junitejb.EJBTestCase.run(EJBTestCase.java:95)
Caused by: java.lang.ClassNotFoundException: org.jnp.interfaces.NamingContextFactory
	at java.net.URLClassLoader$1.run(URLClassLoader.java:199)
	at java.security.AccessController.doPrivileged(Native Method)
	at java.net.URLClassLoader.findClass(URLClassLoader.java:187)
	at java.lang.ClassLoader.loadClass(ClassLoader.java:289)
	at sun.misc.Launcher$AppClassLoader.loadClass(Launcher.java:274)
	at java.lang.ClassLoader.loadClass(ClassLoader.java:235)
	at java.lang.ClassLoader.loadClassInternal(ClassLoader.java:302)
	at java.lang.Class.forName0(Native Method)
	at java.lang.Class.forName(Class.java:219)
	at com.sun.naming.internal.VersionHelper12.loadClass(VersionHelper12.java:42)
	at javax.naming.spi.NamingManager.getInitialContext(NamingManager.java:649)
	... 19 more
</error>
  </testcase>
  <testcase name="testEjbFindAuctionsByDate_Accuracy1" classname="com.orpheus.auction.persistence.RemoteCustomAuctionPersistenceUnitTest" time="0.0">
    <error message="Cannot instantiate class: org.jnp.interfaces.NamingContextFactory" type="javax.naming.NoInitialContextException">javax.naming.NoInitialContextException: Cannot instantiate class: org.jnp.interfaces.NamingContextFactory [Root exception is java.lang.ClassNotFoundException: org.jnp.interfaces.NamingContextFactory]
	at javax.naming.spi.NamingManager.getInitialContext(NamingManager.java:652)
	at javax.naming.InitialContext.getDefaultInitCtx(InitialContext.java:243)
	at javax.naming.InitialContext.init(InitialContext.java:219)
	at javax.naming.InitialContext.&lt;init&gt;(InitialContext.java:195)
	at com.orpheus.auction.persistence.CustomAuctionPersistenceTestCase.getEJBTestRunner(CustomAuctionPersistenceTestCase.java:708)
	at com.orpheus.auction.persistence.CustomAuctionPersistenceTestCase.runBare(CustomAuctionPersistenceTestCase.java:669)
	at net.sourceforge.junitejb.EJBTestCase.run(EJBTestCase.java:95)
Caused by: java.lang.ClassNotFoundException: org.jnp.interfaces.NamingContextFactory
	at java.net.URLClassLoader$1.run(URLClassLoader.java:199)
	at java.security.AccessController.doPrivileged(Native Method)
	at java.net.URLClassLoader.findClass(URLClassLoader.java:187)
	at java.lang.ClassLoader.loadClass(ClassLoader.java:289)
	at sun.misc.Launcher$AppClassLoader.loadClass(Launcher.java:274)
	at java.lang.ClassLoader.loadClass(ClassLoader.java:235)
	at java.lang.ClassLoader.loadClassInternal(ClassLoader.java:302)
	at java.lang.Class.forName0(Native Method)
	at java.lang.Class.forName(Class.java:219)
	at com.sun.naming.internal.VersionHelper12.loadClass(VersionHelper12.java:42)
	at javax.naming.spi.NamingManager.getInitialContext(NamingManager.java:649)
	... 19 more
</error>
  </testcase>
  <testcase name="testEjbFindAuctionsByDate_Accuracy2" classname="com.orpheus.auction.persistence.RemoteCustomAuctionPersistenceUnitTest" time="0.0">
    <error message="Cannot instantiate class: org.jnp.interfaces.NamingContextFactory" type="javax.naming.NoInitialContextException">javax.naming.NoInitialContextException: Cannot instantiate class: org.jnp.interfaces.NamingContextFactory [Root exception is java.lang.ClassNotFoundException: org.jnp.interfaces.NamingContextFactory]
	at javax.naming.spi.NamingManager.getInitialContext(NamingManager.java:652)
	at javax.naming.InitialContext.getDefaultInitCtx(InitialContext.java:243)
	at javax.naming.InitialContext.init(InitialContext.java:219)
	at javax.naming.InitialContext.&lt;init&gt;(InitialContext.java:195)
	at com.orpheus.auction.persistence.CustomAuctionPersistenceTestCase.getEJBTestRunner(CustomAuctionPersistenceTestCase.java:708)
	at com.orpheus.auction.persistence.CustomAuctionPersistenceTestCase.runBare(CustomAuctionPersistenceTestCase.java:669)
	at net.sourceforge.junitejb.EJBTestCase.run(EJBTestCase.java:95)
Caused by: java.lang.ClassNotFoundException: org.jnp.interfaces.NamingContextFactory
	at java.net.URLClassLoader$1.run(URLClassLoader.java:199)
	at java.security.AccessController.doPrivileged(Native Method)
	at java.net.URLClassLoader.findClass(URLClassLoader.java:187)
	at java.lang.ClassLoader.loadClass(ClassLoader.java:289)
	at sun.misc.Launcher$AppClassLoader.loadClass(Launcher.java:274)
	at java.lang.ClassLoader.loadClass(ClassLoader.java:235)
	at java.lang.ClassLoader.loadClassInternal(ClassLoader.java:302)
	at java.lang.Class.forName0(Native Method)
	at java.lang.Class.forName(Class.java:219)
	at com.sun.naming.internal.VersionHelper12.loadClass(VersionHelper12.java:42)
	at javax.naming.spi.NamingManager.getInitialContext(NamingManager.java:649)
	... 19 more
</error>
  </testcase>
  <testcase name="testEjbFindAuctionsByDate_Accuracy3" classname="com.orpheus.auction.persistence.RemoteCustomAuctionPersistenceUnitTest" time="0.0">
    <error message="Cannot instantiate class: org.jnp.interfaces.NamingContextFactory" type="javax.naming.NoInitialContextException">javax.naming.NoInitialContextException: Cannot instantiate class: org.jnp.interfaces.NamingContextFactory [Root exception is java.lang.ClassNotFoundException: org.jnp.interfaces.NamingContextFactory]
	at javax.naming.spi.NamingManager.getInitialContext(NamingManager.java:652)
	at javax.naming.InitialContext.getDefaultInitCtx(InitialContext.java:243)
	at javax.naming.InitialContext.init(InitialContext.java:219)
	at javax.naming.InitialContext.&lt;init&gt;(InitialContext.java:195)
	at com.orpheus.auction.persistence.CustomAuctionPersistenceTestCase.getEJBTestRunner(CustomAuctionPersistenceTestCase.java:708)
	at com.orpheus.auction.persistence.CustomAuctionPersistenceTestCase.runBare(CustomAuctionPersistenceTestCase.java:669)
	at net.sourceforge.junitejb.EJBTestCase.run(EJBTestCase.java:95)
Caused by: java.lang.ClassNotFoundException: org.jnp.interfaces.NamingContextFactory
	at java.net.URLClassLoader$1.run(URLClassLoader.java:199)
	at java.security.AccessController.doPrivileged(Native Method)
	at java.net.URLClassLoader.findClass(URLClassLoader.java:187)
	at java.lang.ClassLoader.loadClass(ClassLoader.java:289)
	at sun.misc.Launcher$AppClassLoader.loadClass(Launcher.java:274)
	at java.lang.ClassLoader.loadClass(ClassLoader.java:235)
	at java.lang.ClassLoader.loadClassInternal(ClassLoader.java:302)
	at java.lang.Class.forName0(Native Method)
	at java.lang.Class.forName(Class.java:219)
	at com.sun.naming.internal.VersionHelper12.loadClass(VersionHelper12.java:42)
	at javax.naming.spi.NamingManager.getInitialContext(NamingManager.java:649)
	... 19 more
</error>
  </testcase>
  <testcase name="testEjbFindAuctionsByDate_Accuracy4" classname="com.orpheus.auction.persistence.RemoteCustomAuctionPersistenceUnitTest" time="0.0">
    <error message="Cannot instantiate class: org.jnp.interfaces.NamingContextFactory" type="javax.naming.NoInitialContextException">javax.naming.NoInitialContextException: Cannot instantiate class: org.jnp.interfaces.NamingContextFactory [Root exception is java.lang.ClassNotFoundException: org.jnp.interfaces.NamingContextFactory]
	at javax.naming.spi.NamingManager.getInitialContext(NamingManager.java:652)
	at javax.naming.InitialContext.getDefaultInitCtx(InitialContext.java:243)
	at javax.naming.InitialContext.init(InitialContext.java:219)
	at javax.naming.InitialContext.&lt;init&gt;(InitialContext.java:195)
	at com.orpheus.auction.persistence.CustomAuctionPersistenceTestCase.getEJBTestRunner(CustomAuctionPersistenceTestCase.java:708)
	at com.orpheus.auction.persistence.CustomAuctionPersistenceTestCase.runBare(CustomAuctionPersistenceTestCase.java:669)
	at net.sourceforge.junitejb.EJBTestCase.run(EJBTestCase.java:95)
Caused by: java.lang.ClassNotFoundException: org.jnp.interfaces.NamingContextFactory
	at java.net.URLClassLoader$1.run(URLClassLoader.java:199)
	at java.security.AccessController.doPrivileged(Native Method)
	at java.net.URLClassLoader.findClass(URLClassLoader.java:187)
	at java.lang.ClassLoader.loadClass(ClassLoader.java:289)
	at sun.misc.Launcher$AppClassLoader.loadClass(Launcher.java:274)
	at java.lang.ClassLoader.loadClass(ClassLoader.java:235)
	at java.lang.ClassLoader.loadClassInternal(ClassLoader.java:302)
	at java.lang.Class.forName0(Native Method)
	at java.lang.Class.forName(Class.java:219)
	at com.sun.naming.internal.VersionHelper12.loadClass(VersionHelper12.java:42)
	at javax.naming.spi.NamingManager.getInitialContext(NamingManager.java:649)
	... 19 more
</error>
  </testcase>
  <testcase name="testEjbFindAuctionsByBidder_Accuracy1" classname="com.orpheus.auction.persistence.RemoteCustomAuctionPersistenceUnitTest" time="0.0">
    <error message="Cannot instantiate class: org.jnp.interfaces.NamingContextFactory" type="javax.naming.NoInitialContextException">javax.naming.NoInitialContextException: Cannot instantiate class: org.jnp.interfaces.NamingContextFactory [Root exception is java.lang.ClassNotFoundException: org.jnp.interfaces.NamingContextFactory]
	at javax.naming.spi.NamingManager.getInitialContext(NamingManager.java:652)
	at javax.naming.InitialContext.getDefaultInitCtx(InitialContext.java:243)
	at javax.naming.InitialContext.init(InitialContext.java:219)
	at javax.naming.InitialContext.&lt;init&gt;(InitialContext.java:195)
	at com.orpheus.auction.persistence.CustomAuctionPersistenceTestCase.getEJBTestRunner(CustomAuctionPersistenceTestCase.java:708)
	at com.orpheus.auction.persistence.CustomAuctionPersistenceTestCase.runBare(CustomAuctionPersistenceTestCase.java:669)
	at net.sourceforge.junitejb.EJBTestCase.run(EJBTestCase.java:95)
Caused by: java.lang.ClassNotFoundException: org.jnp.interfaces.NamingContextFactory
	at java.net.URLClassLoader$1.run(URLClassLoader.java:199)
	at java.security.AccessController.doPrivileged(Native Method)
	at java.net.URLClassLoader.findClass(URLClassLoader.java:187)
	at java.lang.ClassLoader.loadClass(ClassLoader.java:289)
	at sun.misc.Launcher$AppClassLoader.loadClass(Launcher.java:274)
	at java.lang.ClassLoader.loadClass(ClassLoader.java:235)
	at java.lang.ClassLoader.loadClassInternal(ClassLoader.java:302)
	at java.lang.Class.forName0(Native Method)
	at java.lang.Class.forName(Class.java:219)
	at com.sun.naming.internal.VersionHelper12.loadClass(VersionHelper12.java:42)
	at javax.naming.spi.NamingManager.getInitialContext(NamingManager.java:649)
	... 19 more
</error>
  </testcase>
  <testcase name="testEjbFindAuctionsByBidder_Accuracy2" classname="com.orpheus.auction.persistence.RemoteCustomAuctionPersistenceUnitTest" time="0.015">
    <error message="Cannot instantiate class: org.jnp.interfaces.NamingContextFactory" type="javax.naming.NoInitialContextException">javax.naming.NoInitialContextException: Cannot instantiate class: org.jnp.interfaces.NamingContextFactory [Root exception is java.lang.ClassNotFoundException: org.jnp.interfaces.NamingContextFactory]
	at javax.naming.spi.NamingManager.getInitialContext(NamingManager.java:652)
	at javax.naming.InitialContext.getDefaultInitCtx(InitialContext.java:243)
	at javax.naming.InitialContext.init(InitialContext.java:219)
	at javax.naming.InitialContext.&lt;init&gt;(InitialContext.java:195)
	at com.orpheus.auction.persistence.CustomAuctionPersistenceTestCase.getEJBTestRunner(CustomAuctionPersistenceTestCase.java:708)
	at com.orpheus.auction.persistence.CustomAuctionPersistenceTestCase.runBare(CustomAuctionPersistenceTestCase.java:669)
	at net.sourceforge.junitejb.EJBTestCase.run(EJBTestCase.java:95)
Caused by: java.lang.ClassNotFoundException: org.jnp.interfaces.NamingContextFactory
	at java.net.URLClassLoader$1.run(URLClassLoader.java:199)
	at java.security.AccessController.doPrivileged(Native Method)
	at java.net.URLClassLoader.findClass(URLClassLoader.java:187)
	at java.lang.ClassLoader.loadClass(ClassLoader.java:289)
	at sun.misc.Launcher$AppClassLoader.loadClass(Launcher.java:274)
	at java.lang.ClassLoader.loadClass(ClassLoader.java:235)
	at java.lang.ClassLoader.loadClassInternal(ClassLoader.java:302)
	at java.lang.Class.forName0(Native Method)
	at java.lang.Class.forName(Class.java:219)
	at com.sun.naming.internal.VersionHelper12.loadClass(VersionHelper12.java:42)
	at javax.naming.spi.NamingManager.getInitialContext(NamingManager.java:649)
	... 19 more
</error>
  </testcase>
  <testcase name="testRemoteCustomAuctionPersistence_Accuracy" classname="com.orpheus.auction.persistence.RemoteCustomAuctionPersistenceUnitTest" time="0.0">
    <error message="Cannot instantiate class: org.jnp.interfaces.NamingContextFactory" type="javax.naming.NoInitialContextException">javax.naming.NoInitialContextException: Cannot instantiate class: org.jnp.interfaces.NamingContextFactory [Root exception is java.lang.ClassNotFoundException: org.jnp.interfaces.NamingContextFactory]
	at javax.naming.spi.NamingManager.getInitialContext(NamingManager.java:652)
	at javax.naming.InitialContext.getDefaultInitCtx(InitialContext.java:243)
	at javax.naming.InitialContext.init(InitialContext.java:219)
	at javax.naming.InitialContext.&lt;init&gt;(InitialContext.java:195)
	at com.orpheus.auction.persistence.CustomAuctionPersistenceTestCase.getEJBTestRunner(CustomAuctionPersistenceTestCase.java:708)
	at com.orpheus.auction.persistence.CustomAuctionPersistenceTestCase.runBare(CustomAuctionPersistenceTestCase.java:669)
	at net.sourceforge.junitejb.EJBTestCase.run(EJBTestCase.java:95)
Caused by: java.lang.ClassNotFoundException: org.jnp.interfaces.NamingContextFactory
	at java.net.URLClassLoader$1.run(URLClassLoader.java:199)
	at java.security.AccessController.doPrivileged(Native Method)
	at java.net.URLClassLoader.findClass(URLClassLoader.java:187)
	at java.lang.ClassLoader.loadClass(ClassLoader.java:289)
	at sun.misc.Launcher$AppClassLoader.loadClass(Launcher.java:274)
	at java.lang.ClassLoader.loadClass(ClassLoader.java:235)
	at java.lang.ClassLoader.loadClassInternal(ClassLoader.java:302)
	at java.lang.Class.forName0(Native Method)
	at java.lang.Class.forName(Class.java:219)
	at com.sun.naming.internal.VersionHelper12.loadClass(VersionHelper12.java:42)
	at javax.naming.spi.NamingManager.getInitialContext(NamingManager.java:649)
	... 19 more
</error>
  </testcase>
  <testcase name="testCustomAuctionPersistence_Accuracy" classname="com.orpheus.auction.persistence.RemoteCustomAuctionPersistenceUnitTest" time="0.0">
    <error message="Cannot instantiate class: org.jnp.interfaces.NamingContextFactory" type="javax.naming.NoInitialContextException">javax.naming.NoInitialContextException: Cannot instantiate class: org.jnp.interfaces.NamingContextFactory [Root exception is java.lang.ClassNotFoundException: org.jnp.interfaces.NamingContextFactory]
	at javax.naming.spi.NamingManager.getInitialContext(NamingManager.java:652)
	at javax.naming.InitialContext.getDefaultInitCtx(InitialContext.java:243)
	at javax.naming.InitialContext.init(InitialContext.java:219)
	at javax.naming.InitialContext.&lt;init&gt;(InitialContext.java:195)
	at com.orpheus.auction.persistence.CustomAuctionPersistenceTestCase.getEJBTestRunner(CustomAuctionPersistenceTestCase.java:708)
	at com.orpheus.auction.persistence.CustomAuctionPersistenceTestCase.runBare(CustomAuctionPersistenceTestCase.java:669)
	at net.sourceforge.junitejb.EJBTestCase.run(EJBTestCase.java:95)
Caused by: java.lang.ClassNotFoundException: org.jnp.interfaces.NamingContextFactory
	at java.net.URLClassLoader$1.run(URLClassLoader.java:199)
	at java.security.AccessController.doPrivileged(Native Method)
	at java.net.URLClassLoader.findClass(URLClassLoader.java:187)
	at java.lang.ClassLoader.loadClass(ClassLoader.java:289)
	at sun.misc.Launcher$AppClassLoader.loadClass(Launcher.java:274)
	at java.lang.ClassLoader.loadClass(ClassLoader.java:235)
	at java.lang.ClassLoader.loadClassInternal(ClassLoader.java:302)
	at java.lang.Class.forName0(Native Method)
	at java.lang.Class.forName(Class.java:219)
	at com.sun.naming.internal.VersionHelper12.loadClass(VersionHelper12.java:42)
	at javax.naming.spi.NamingManager.getInitialContext(NamingManager.java:649)
	... 19 more
</error>
  </testcase>
  <testcase name="testCreateAuction_NullAuction" classname="com.orpheus.auction.persistence.RemoteCustomAuctionPersistenceUnitTest" time="0.0">
    <error message="Cannot instantiate class: org.jnp.interfaces.NamingContextFactory" type="javax.naming.NoInitialContextException">javax.naming.NoInitialContextException: Cannot instantiate class: org.jnp.interfaces.NamingContextFactory [Root exception is java.lang.ClassNotFoundException: org.jnp.interfaces.NamingContextFactory]
	at javax.naming.spi.NamingManager.getInitialContext(NamingManager.java:652)
	at javax.naming.InitialContext.getDefaultInitCtx(InitialContext.java:243)
	at javax.naming.InitialContext.init(InitialContext.java:219)
	at javax.naming.InitialContext.&lt;init&gt;(InitialContext.java:195)
	at com.orpheus.auction.persistence.CustomAuctionPersistenceTestCase.getEJBTestRunner(CustomAuctionPersistenceTestCase.java:708)
	at com.orpheus.auction.persistence.CustomAuctionPersistenceTestCase.runBare(CustomAuctionPersistenceTestCase.java:669)
	at net.sourceforge.junitejb.EJBTestCase.run(EJBTestCase.java:95)
Caused by: java.lang.ClassNotFoundException: org.jnp.interfaces.NamingContextFactory
	at java.net.URLClassLoader$1.run(URLClassLoader.java:199)
	at java.security.AccessController.doPrivileged(Native Method)
	at java.net.URLClassLoader.findClass(URLClassLoader.java:187)
	at java.lang.ClassLoader.loadClass(ClassLoader.java:289)
	at sun.misc.Launcher$AppClassLoader.loadClass(Launcher.java:274)
	at java.lang.ClassLoader.loadClass(ClassLoader.java:235)
	at java.lang.ClassLoader.loadClassInternal(ClassLoader.java:302)
	at java.lang.Class.forName0(Native Method)
	at java.lang.Class.forName(Class.java:219)
	at com.sun.naming.internal.VersionHelper12.loadClass(VersionHelper12.java:42)
	at javax.naming.spi.NamingManager.getInitialContext(NamingManager.java:649)
	... 19 more
</error>
  </testcase>
  <testcase name="testCreateAuction_NullID" classname="com.orpheus.auction.persistence.RemoteCustomAuctionPersistenceUnitTest" time="0.0">
    <error message="Cannot instantiate class: org.jnp.interfaces.NamingContextFactory" type="javax.naming.NoInitialContextException">javax.naming.NoInitialContextException: Cannot instantiate class: org.jnp.interfaces.NamingContextFactory [Root exception is java.lang.ClassNotFoundException: org.jnp.interfaces.NamingContextFactory]
	at javax.naming.spi.NamingManager.getInitialContext(NamingManager.java:652)
	at javax.naming.InitialContext.getDefaultInitCtx(InitialContext.java:243)
	at javax.naming.InitialContext.init(InitialContext.java:219)
	at javax.naming.InitialContext.&lt;init&gt;(InitialContext.java:195)
	at com.orpheus.auction.persistence.CustomAuctionPersistenceTestCase.getEJBTestRunner(CustomAuctionPersistenceTestCase.java:708)
	at com.orpheus.auction.persistence.CustomAuctionPersistenceTestCase.runBare(CustomAuctionPersistenceTestCase.java:669)
	at net.sourceforge.junitejb.EJBTestCase.run(EJBTestCase.java:95)
Caused by: java.lang.ClassNotFoundException: org.jnp.interfaces.NamingContextFactory
	at java.net.URLClassLoader$1.run(URLClassLoader.java:199)
	at java.security.AccessController.doPrivileged(Native Method)
	at java.net.URLClassLoader.findClass(URLClassLoader.java:187)
	at java.lang.ClassLoader.loadClass(ClassLoader.java:289)
	at sun.misc.Launcher$AppClassLoader.loadClass(Launcher.java:274)
	at java.lang.ClassLoader.loadClass(ClassLoader.java:235)
	at java.lang.ClassLoader.loadClassInternal(ClassLoader.java:302)
	at java.lang.Class.forName0(Native Method)
	at java.lang.Class.forName(Class.java:219)
	at com.sun.naming.internal.VersionHelper12.loadClass(VersionHelper12.java:42)
	at javax.naming.spi.NamingManager.getInitialContext(NamingManager.java:649)
	... 19 more
</error>
  </testcase>
  <testcase name="testCreateAuction_InvalidAuctionId" classname="com.orpheus.auction.persistence.RemoteCustomAuctionPersistenceUnitTest" time="0.0">
    <error message="Cannot instantiate class: org.jnp.interfaces.NamingContextFactory" type="javax.naming.NoInitialContextException">javax.naming.NoInitialContextException: Cannot instantiate class: org.jnp.interfaces.NamingContextFactory [Root exception is java.lang.ClassNotFoundException: org.jnp.interfaces.NamingContextFactory]
	at javax.naming.spi.NamingManager.getInitialContext(NamingManager.java:652)
	at javax.naming.InitialContext.getDefaultInitCtx(InitialContext.java:243)
	at javax.naming.InitialContext.init(InitialContext.java:219)
	at javax.naming.InitialContext.&lt;init&gt;(InitialContext.java:195)
	at com.orpheus.auction.persistence.CustomAuctionPersistenceTestCase.getEJBTestRunner(CustomAuctionPersistenceTestCase.java:708)
	at com.orpheus.auction.persistence.CustomAuctionPersistenceTestCase.runBare(CustomAuctionPersistenceTestCase.java:669)
	at net.sourceforge.junitejb.EJBTestCase.run(EJBTestCase.java:95)
Caused by: java.lang.ClassNotFoundException: org.jnp.interfaces.NamingContextFactory
	at java.net.URLClassLoader$1.run(URLClassLoader.java:199)
	at java.security.AccessController.doPrivileged(Native Method)
	at java.net.URLClassLoader.findClass(URLClassLoader.java:187)
	at java.lang.ClassLoader.loadClass(ClassLoader.java:289)
	at sun.misc.Launcher$AppClassLoader.loadClass(Launcher.java:274)
	at java.lang.ClassLoader.loadClass(ClassLoader.java:235)
	at java.lang.ClassLoader.loadClassInternal(ClassLoader.java:302)
	at java.lang.Class.forName0(Native Method)
	at java.lang.Class.forName(Class.java:219)
	at com.sun.naming.internal.VersionHelper12.loadClass(VersionHelper12.java:42)
	at javax.naming.spi.NamingManager.getInitialContext(NamingManager.java:649)
	... 19 more
</error>
  </testcase>
  <testcase name="testCreateAuction_ExistAuction" classname="com.orpheus.auction.persistence.RemoteCustomAuctionPersistenceUnitTest" time="0.0">
    <error message="Cannot instantiate class: org.jnp.interfaces.NamingContextFactory" type="javax.naming.NoInitialContextException">javax.naming.NoInitialContextException: Cannot instantiate class: org.jnp.interfaces.NamingContextFactory [Root exception is java.lang.ClassNotFoundException: org.jnp.interfaces.NamingContextFactory]
	at javax.naming.spi.NamingManager.getInitialContext(NamingManager.java:652)
	at javax.naming.InitialContext.getDefaultInitCtx(InitialContext.java:243)
	at javax.naming.InitialContext.init(InitialContext.java:219)
	at javax.naming.InitialContext.&lt;init&gt;(InitialContext.java:195)
	at com.orpheus.auction.persistence.CustomAuctionPersistenceTestCase.getEJBTestRunner(CustomAuctionPersistenceTestCase.java:708)
	at com.orpheus.auction.persistence.CustomAuctionPersistenceTestCase.runBare(CustomAuctionPersistenceTestCase.java:669)
	at net.sourceforge.junitejb.EJBTestCase.run(EJBTestCase.java:95)
Caused by: java.lang.ClassNotFoundException: org.jnp.interfaces.NamingContextFactory
	at java.net.URLClassLoader$1.run(URLClassLoader.java:199)
	at java.security.AccessController.doPrivileged(Native Method)
	at java.net.URLClassLoader.findClass(URLClassLoader.java:187)
	at java.lang.ClassLoader.loadClass(ClassLoader.java:289)
	at sun.misc.Launcher$AppClassLoader.loadClass(Launcher.java:274)
	at java.lang.ClassLoader.loadClass(ClassLoader.java:235)
	at java.lang.ClassLoader.loadClassInternal(ClassLoader.java:302)
	at java.lang.Class.forName0(Native Method)
	at java.lang.Class.forName(Class.java:219)
	at com.sun.naming.internal.VersionHelper12.loadClass(VersionHelper12.java:42)
	at javax.naming.spi.NamingManager.getInitialContext(NamingManager.java:649)
	... 19 more
</error>
  </testcase>
  <testcase name="testCreateAuction_Accuracy" classname="com.orpheus.auction.persistence.RemoteCustomAuctionPersistenceUnitTest" time="0.0">
    <error message="Cannot instantiate class: org.jnp.interfaces.NamingContextFactory" type="javax.naming.NoInitialContextException">javax.naming.NoInitialContextException: Cannot instantiate class: org.jnp.interfaces.NamingContextFactory [Root exception is java.lang.ClassNotFoundException: org.jnp.interfaces.NamingContextFactory]
	at javax.naming.spi.NamingManager.getInitialContext(NamingManager.java:652)
	at javax.naming.InitialContext.getDefaultInitCtx(InitialContext.java:243)
	at javax.naming.InitialContext.init(InitialContext.java:219)
	at javax.naming.InitialContext.&lt;init&gt;(InitialContext.java:195)
	at com.orpheus.auction.persistence.CustomAuctionPersistenceTestCase.getEJBTestRunner(CustomAuctionPersistenceTestCase.java:708)
	at com.orpheus.auction.persistence.CustomAuctionPersistenceTestCase.runBare(CustomAuctionPersistenceTestCase.java:669)
	at net.sourceforge.junitejb.EJBTestCase.run(EJBTestCase.java:95)
Caused by: java.lang.ClassNotFoundException: org.jnp.interfaces.NamingContextFactory
	at java.net.URLClassLoader$1.run(URLClassLoader.java:199)
	at java.security.AccessController.doPrivileged(Native Method)
	at java.net.URLClassLoader.findClass(URLClassLoader.java:187)
	at java.lang.ClassLoader.loadClass(ClassLoader.java:289)
	at sun.misc.Launcher$AppClassLoader.loadClass(Launcher.java:274)
	at java.lang.ClassLoader.loadClass(ClassLoader.java:235)
	at java.lang.ClassLoader.loadClassInternal(ClassLoader.java:302)
	at java.lang.Class.forName0(Native Method)
	at java.lang.Class.forName(Class.java:219)
	at com.sun.naming.internal.VersionHelper12.loadClass(VersionHelper12.java:42)
	at javax.naming.spi.NamingManager.getInitialContext(NamingManager.java:649)
	... 19 more
</error>
  </testcase>
  <testcase name="testGetAuction_NotExistAuction" classname="com.orpheus.auction.persistence.RemoteCustomAuctionPersistenceUnitTest" time="0.0">
    <error message="Cannot instantiate class: org.jnp.interfaces.NamingContextFactory" type="javax.naming.NoInitialContextException">javax.naming.NoInitialContextException: Cannot instantiate class: org.jnp.interfaces.NamingContextFactory [Root exception is java.lang.ClassNotFoundException: org.jnp.interfaces.NamingContextFactory]
	at javax.naming.spi.NamingManager.getInitialContext(NamingManager.java:652)
	at javax.naming.InitialContext.getDefaultInitCtx(InitialContext.java:243)
	at javax.naming.InitialContext.init(InitialContext.java:219)
	at javax.naming.InitialContext.&lt;init&gt;(InitialContext.java:195)
	at com.orpheus.auction.persistence.CustomAuctionPersistenceTestCase.getEJBTestRunner(CustomAuctionPersistenceTestCase.java:708)
	at com.orpheus.auction.persistence.CustomAuctionPersistenceTestCase.runBare(CustomAuctionPersistenceTestCase.java:669)
	at net.sourceforge.junitejb.EJBTestCase.run(EJBTestCase.java:95)
Caused by: java.lang.ClassNotFoundException: org.jnp.interfaces.NamingContextFactory
	at java.net.URLClassLoader$1.run(URLClassLoader.java:199)
	at java.security.AccessController.doPrivileged(Native Method)
	at java.net.URLClassLoader.findClass(URLClassLoader.java:187)
	at java.lang.ClassLoader.loadClass(ClassLoader.java:289)
	at sun.misc.Launcher$AppClassLoader.loadClass(Launcher.java:274)
	at java.lang.ClassLoader.loadClass(ClassLoader.java:235)
	at java.lang.ClassLoader.loadClassInternal(ClassLoader.java:302)
	at java.lang.Class.forName0(Native Method)
	at java.lang.Class.forName(Class.java:219)
	at com.sun.naming.internal.VersionHelper12.loadClass(VersionHelper12.java:42)
	at javax.naming.spi.NamingManager.getInitialContext(NamingManager.java:649)
	... 19 more
</error>
  </testcase>
  <testcase name="testGetAuction_Accuracy" classname="com.orpheus.auction.persistence.RemoteCustomAuctionPersistenceUnitTest" time="0.0">
    <error message="Cannot instantiate class: org.jnp.interfaces.NamingContextFactory" type="javax.naming.NoInitialContextException">javax.naming.NoInitialContextException: Cannot instantiate class: org.jnp.interfaces.NamingContextFactory [Root exception is java.lang.ClassNotFoundException: org.jnp.interfaces.NamingContextFactory]
	at javax.naming.spi.NamingManager.getInitialContext(NamingManager.java:652)
	at javax.naming.InitialContext.getDefaultInitCtx(InitialContext.java:243)
	at javax.naming.InitialContext.init(InitialContext.java:219)
	at javax.naming.InitialContext.&lt;init&gt;(InitialContext.java:195)
	at com.orpheus.auction.persistence.CustomAuctionPersistenceTestCase.getEJBTestRunner(CustomAuctionPersistenceTestCase.java:708)
	at com.orpheus.auction.persistence.CustomAuctionPersistenceTestCase.runBare(CustomAuctionPersistenceTestCase.java:669)
	at net.sourceforge.junitejb.EJBTestCase.run(EJBTestCase.java:95)
Caused by: java.lang.ClassNotFoundException: org.jnp.interfaces.NamingContextFactory
	at java.net.URLClassLoader$1.run(URLClassLoader.java:199)
	at java.security.AccessController.doPrivileged(Native Method)
	at java.net.URLClassLoader.findClass(URLClassLoader.java:187)
	at java.lang.ClassLoader.loadClass(ClassLoader.java:289)
	at sun.misc.Launcher$AppClassLoader.loadClass(Launcher.java:274)
	at java.lang.ClassLoader.loadClass(ClassLoader.java:235)
	at java.lang.ClassLoader.loadClassInternal(ClassLoader.java:302)
	at java.lang.Class.forName0(Native Method)
	at java.lang.Class.forName(Class.java:219)
	at com.sun.naming.internal.VersionHelper12.loadClass(VersionHelper12.java:42)
	at javax.naming.spi.NamingManager.getInitialContext(NamingManager.java:649)
	... 19 more
</error>
  </testcase>
  <testcase name="testUpdateAuction_NullAuction" classname="com.orpheus.auction.persistence.RemoteCustomAuctionPersistenceUnitTest" time="0.0">
    <error message="Cannot instantiate class: org.jnp.interfaces.NamingContextFactory" type="javax.naming.NoInitialContextException">javax.naming.NoInitialContextException: Cannot instantiate class: org.jnp.interfaces.NamingContextFactory [Root exception is java.lang.ClassNotFoundException: org.jnp.interfaces.NamingContextFactory]
	at javax.naming.spi.NamingManager.getInitialContext(NamingManager.java:652)
	at javax.naming.InitialContext.getDefaultInitCtx(InitialContext.java:243)
	at javax.naming.InitialContext.init(InitialContext.java:219)
	at javax.naming.InitialContext.&lt;init&gt;(InitialContext.java:195)
	at com.orpheus.auction.persistence.CustomAuctionPersistenceTestCase.getEJBTestRunner(CustomAuctionPersistenceTestCase.java:708)
	at com.orpheus.auction.persistence.CustomAuctionPersistenceTestCase.runBare(CustomAuctionPersistenceTestCase.java:669)
	at net.sourceforge.junitejb.EJBTestCase.run(EJBTestCase.java:95)
Caused by: java.lang.ClassNotFoundException: org.jnp.interfaces.NamingContextFactory
	at java.net.URLClassLoader$1.run(URLClassLoader.java:199)
	at java.security.AccessController.doPrivileged(Native Method)
	at java.net.URLClassLoader.findClass(URLClassLoader.java:187)
	at java.lang.ClassLoader.loadClass(ClassLoader.java:289)
	at sun.misc.Launcher$AppClassLoader.loadClass(Launcher.java:274)
	at java.lang.ClassLoader.loadClass(ClassLoader.java:235)
	at java.lang.ClassLoader.loadClassInternal(ClassLoader.java:302)
	at java.lang.Class.forName0(Native Method)
	at java.lang.Class.forName(Class.java:219)
	at com.sun.naming.internal.VersionHelper12.loadClass(VersionHelper12.java:42)
	at javax.naming.spi.NamingManager.getInitialContext(NamingManager.java:649)
	... 19 more
</error>
  </testcase>
  <testcase name="testUpdateAuction_NullID" classname="com.orpheus.auction.persistence.RemoteCustomAuctionPersistenceUnitTest" time="0.0">
    <error message="Cannot instantiate class: org.jnp.interfaces.NamingContextFactory" type="javax.naming.NoInitialContextException">javax.naming.NoInitialContextException: Cannot instantiate class: org.jnp.interfaces.NamingContextFactory [Root exception is java.lang.ClassNotFoundException: org.jnp.interfaces.NamingContextFactory]
	at javax.naming.spi.NamingManager.getInitialContext(NamingManager.java:652)
	at javax.naming.InitialContext.getDefaultInitCtx(InitialContext.java:243)
	at javax.naming.InitialContext.init(InitialContext.java:219)
	at javax.naming.InitialContext.&lt;init&gt;(InitialContext.java:195)
	at com.orpheus.auction.persistence.CustomAuctionPersistenceTestCase.getEJBTestRunner(CustomAuctionPersistenceTestCase.java:708)
	at com.orpheus.auction.persistence.CustomAuctionPersistenceTestCase.runBare(CustomAuctionPersistenceTestCase.java:669)
	at net.sourceforge.junitejb.EJBTestCase.run(EJBTestCase.java:95)
Caused by: java.lang.ClassNotFoundException: org.jnp.interfaces.NamingContextFactory
	at java.net.URLClassLoader$1.run(URLClassLoader.java:199)
	at java.security.AccessController.doPrivileged(Native Method)
	at java.net.URLClassLoader.findClass(URLClassLoader.java:187)
	at java.lang.ClassLoader.loadClass(ClassLoader.java:289)
	at sun.misc.Launcher$AppClassLoader.loadClass(Launcher.java:274)
	at java.lang.ClassLoader.loadClass(ClassLoader.java:235)
	at java.lang.ClassLoader.loadClassInternal(ClassLoader.java:302)
	at java.lang.Class.forName0(Native Method)
	at java.lang.Class.forName(Class.java:219)
	at com.sun.naming.internal.VersionHelper12.loadClass(VersionHelper12.java:42)
	at javax.naming.spi.NamingManager.getInitialContext(NamingManager.java:649)
	... 19 more
</error>
  </testcase>
  <testcase name="testUpdateAuction_NotExistAuction" classname="com.orpheus.auction.persistence.RemoteCustomAuctionPersistenceUnitTest" time="0.0">
    <error message="Cannot instantiate class: org.jnp.interfaces.NamingContextFactory" type="javax.naming.NoInitialContextException">javax.naming.NoInitialContextException: Cannot instantiate class: org.jnp.interfaces.NamingContextFactory [Root exception is java.lang.ClassNotFoundException: org.jnp.interfaces.NamingContextFactory]
	at javax.naming.spi.NamingManager.getInitialContext(NamingManager.java:652)
	at javax.naming.InitialContext.getDefaultInitCtx(InitialContext.java:243)
	at javax.naming.InitialContext.init(InitialContext.java:219)
	at javax.naming.InitialContext.&lt;init&gt;(InitialContext.java:195)
	at com.orpheus.auction.persistence.CustomAuctionPersistenceTestCase.getEJBTestRunner(CustomAuctionPersistenceTestCase.java:708)
	at com.orpheus.auction.persistence.CustomAuctionPersistenceTestCase.runBare(CustomAuctionPersistenceTestCase.java:669)
	at net.sourceforge.junitejb.EJBTestCase.run(EJBTestCase.java:95)
Caused by: java.lang.ClassNotFoundException: org.jnp.interfaces.NamingContextFactory
	at java.net.URLClassLoader$1.run(URLClassLoader.java:199)
	at java.security.AccessController.doPrivileged(Native Method)
	at java.net.URLClassLoader.findClass(URLClassLoader.java:187)
	at java.lang.ClassLoader.loadClass(ClassLoader.java:289)
	at sun.misc.Launcher$AppClassLoader.loadClass(Launcher.java:274)
	at java.lang.ClassLoader.loadClass(ClassLoader.java:235)
	at java.lang.ClassLoader.loadClassInternal(ClassLoader.java:302)
	at java.lang.Class.forName0(Native Method)
	at java.lang.Class.forName(Class.java:219)
	at com.sun.naming.internal.VersionHelper12.loadClass(VersionHelper12.java:42)
	at javax.naming.spi.NamingManager.getInitialContext(NamingManager.java:649)
	... 19 more
</error>
  </testcase>
  <testcase name="testUpdateAuction_Accuracy" classname="com.orpheus.auction.persistence.RemoteCustomAuctionPersistenceUnitTest" time="0.016">
    <error message="Cannot instantiate class: org.jnp.interfaces.NamingContextFactory" type="javax.naming.NoInitialContextException">javax.naming.NoInitialContextException: Cannot instantiate class: org.jnp.interfaces.NamingContextFactory [Root exception is java.lang.ClassNotFoundException: org.jnp.interfaces.NamingContextFactory]
	at javax.naming.spi.NamingManager.getInitialContext(NamingManager.java:652)
	at javax.naming.InitialContext.getDefaultInitCtx(InitialContext.java:243)
	at javax.naming.InitialContext.init(InitialContext.java:219)
	at javax.naming.InitialContext.&lt;init&gt;(InitialContext.java:195)
	at com.orpheus.auction.persistence.CustomAuctionPersistenceTestCase.getEJBTestRunner(CustomAuctionPersistenceTestCase.java:708)
	at com.orpheus.auction.persistence.CustomAuctionPersistenceTestCase.runBare(CustomAuctionPersistenceTestCase.java:669)
	at net.sourceforge.junitejb.EJBTestCase.run(EJBTestCase.java:95)
Caused by: java.lang.ClassNotFoundException: org.jnp.interfaces.NamingContextFactory
	at java.net.URLClassLoader$1.run(URLClassLoader.java:199)
	at java.security.AccessController.doPrivileged(Native Method)
	at java.net.URLClassLoader.findClass(URLClassLoader.java:187)
	at java.lang.ClassLoader.loadClass(ClassLoader.java:289)
	at sun.misc.Launcher$AppClassLoader.loadClass(Launcher.java:274)
	at java.lang.ClassLoader.loadClass(ClassLoader.java:235)
	at java.lang.ClassLoader.loadClassInternal(ClassLoader.java:302)
	at java.lang.Class.forName0(Native Method)
	at java.lang.Class.forName(Class.java:219)
	at com.sun.naming.internal.VersionHelper12.loadClass(VersionHelper12.java:42)
	at javax.naming.spi.NamingManager.getInitialContext(NamingManager.java:649)
	... 19 more
</error>
  </testcase>
  <testcase name="testUpdateBids_NullBids" classname="com.orpheus.auction.persistence.RemoteCustomAuctionPersistenceUnitTest" time="0.016">
    <error message="Cannot instantiate class: org.jnp.interfaces.NamingContextFactory" type="javax.naming.NoInitialContextException">javax.naming.NoInitialContextException: Cannot instantiate class: org.jnp.interfaces.NamingContextFactory [Root exception is java.lang.ClassNotFoundException: org.jnp.interfaces.NamingContextFactory]
	at javax.naming.spi.NamingManager.getInitialContext(NamingManager.java:652)
	at javax.naming.InitialContext.getDefaultInitCtx(InitialContext.java:243)
	at javax.naming.InitialContext.init(InitialContext.java:219)
	at javax.naming.InitialContext.&lt;init&gt;(InitialContext.java:195)
	at com.orpheus.auction.persistence.CustomAuctionPersistenceTestCase.getEJBTestRunner(CustomAuctionPersistenceTestCase.java:708)
	at com.orpheus.auction.persistence.CustomAuctionPersistenceTestCase.runBare(CustomAuctionPersistenceTestCase.java:669)
	at net.sourceforge.junitejb.EJBTestCase.run(EJBTestCase.java:95)
Caused by: java.lang.ClassNotFoundException: org.jnp.interfaces.NamingContextFactory
	at java.net.URLClassLoader$1.run(URLClassLoader.java:199)
	at java.security.AccessController.doPrivileged(Native Method)
	at java.net.URLClassLoader.findClass(URLClassLoader.java:187)
	at java.lang.ClassLoader.loadClass(ClassLoader.java:289)
	at sun.misc.Launcher$AppClassLoader.loadClass(Launcher.java:274)
	at java.lang.ClassLoader.loadClass(ClassLoader.java:235)
	at java.lang.ClassLoader.loadClassInternal(ClassLoader.java:302)
	at java.lang.Class.forName0(Native Method)
	at java.lang.Class.forName(Class.java:219)
	at com.sun.naming.internal.VersionHelper12.loadClass(VersionHelper12.java:42)
	at javax.naming.spi.NamingManager.getInitialContext(NamingManager.java:649)
	... 19 more
</error>
  </testcase>
  <testcase name="testUpdateBids_ContainNullBid" classname="com.orpheus.auction.persistence.RemoteCustomAuctionPersistenceUnitTest" time="0.0">
    <error message="Cannot instantiate class: org.jnp.interfaces.NamingContextFactory" type="javax.naming.NoInitialContextException">javax.naming.NoInitialContextException: Cannot instantiate class: org.jnp.interfaces.NamingContextFactory [Root exception is java.lang.ClassNotFoundException: org.jnp.interfaces.NamingContextFactory]
	at javax.naming.spi.NamingManager.getInitialContext(NamingManager.java:652)
	at javax.naming.InitialContext.getDefaultInitCtx(InitialContext.java:243)
	at javax.naming.InitialContext.init(InitialContext.java:219)
	at javax.naming.InitialContext.&lt;init&gt;(InitialContext.java:195)
	at com.orpheus.auction.persistence.CustomAuctionPersistenceTestCase.getEJBTestRunner(CustomAuctionPersistenceTestCase.java:708)
	at com.orpheus.auction.persistence.CustomAuctionPersistenceTestCase.runBare(CustomAuctionPersistenceTestCase.java:669)
	at net.sourceforge.junitejb.EJBTestCase.run(EJBTestCase.java:95)
Caused by: java.lang.ClassNotFoundException: org.jnp.interfaces.NamingContextFactory
	at java.net.URLClassLoader$1.run(URLClassLoader.java:199)
	at java.security.AccessController.doPrivileged(Native Method)
	at java.net.URLClassLoader.findClass(URLClassLoader.java:187)
	at java.lang.ClassLoader.loadClass(ClassLoader.java:289)
	at sun.misc.Launcher$AppClassLoader.loadClass(Launcher.java:274)
	at java.lang.ClassLoader.loadClass(ClassLoader.java:235)
	at java.lang.ClassLoader.loadClassInternal(ClassLoader.java:302)
	at java.lang.Class.forName0(Native Method)
	at java.lang.Class.forName(Class.java:219)
	at com.sun.naming.internal.VersionHelper12.loadClass(VersionHelper12.java:42)
	at javax.naming.spi.NamingManager.getInitialContext(NamingManager.java:649)
	... 19 more
</error>
  </testcase>
  <testcase name="testUpdateBids_NotExistAuction" classname="com.orpheus.auction.persistence.RemoteCustomAuctionPersistenceUnitTest" time="0.0">
    <error message="Cannot instantiate class: org.jnp.interfaces.NamingContextFactory" type="javax.naming.NoInitialContextException">javax.naming.NoInitialContextException: Cannot instantiate class: org.jnp.interfaces.NamingContextFactory [Root exception is java.lang.ClassNotFoundException: org.jnp.interfaces.NamingContextFactory]
	at javax.naming.spi.NamingManager.getInitialContext(NamingManager.java:652)
	at javax.naming.InitialContext.getDefaultInitCtx(InitialContext.java:243)
	at javax.naming.InitialContext.init(InitialContext.java:219)
	at javax.naming.InitialContext.&lt;init&gt;(InitialContext.java:195)
	at com.orpheus.auction.persistence.CustomAuctionPersistenceTestCase.getEJBTestRunner(CustomAuctionPersistenceTestCase.java:708)
	at com.orpheus.auction.persistence.CustomAuctionPersistenceTestCase.runBare(CustomAuctionPersistenceTestCase.java:669)
	at net.sourceforge.junitejb.EJBTestCase.run(EJBTestCase.java:95)
Caused by: java.lang.ClassNotFoundException: org.jnp.interfaces.NamingContextFactory
	at java.net.URLClassLoader$1.run(URLClassLoader.java:199)
	at java.security.AccessController.doPrivileged(Native Method)
	at java.net.URLClassLoader.findClass(URLClassLoader.java:187)
	at java.lang.ClassLoader.loadClass(ClassLoader.java:289)
	at sun.misc.Launcher$AppClassLoader.loadClass(Launcher.java:274)
	at java.lang.ClassLoader.loadClass(ClassLoader.java:235)
	at java.lang.ClassLoader.loadClassInternal(ClassLoader.java:302)
	at java.lang.Class.forName0(Native Method)
	at java.lang.Class.forName(Class.java:219)
	at com.sun.naming.internal.VersionHelper12.loadClass(VersionHelper12.java:42)
	at javax.naming.spi.NamingManager.getInitialContext(NamingManager.java:649)
	... 19 more
</error>
  </testcase>
  <testcase name="testUpdateBids_Accuracy" classname="com.orpheus.auction.persistence.RemoteCustomAuctionPersistenceUnitTest" time="0.0">
    <error message="Cannot instantiate class: org.jnp.interfaces.NamingContextFactory" type="javax.naming.NoInitialContextException">javax.naming.NoInitialContextException: Cannot instantiate class: org.jnp.interfaces.NamingContextFactory [Root exception is java.lang.ClassNotFoundException: org.jnp.interfaces.NamingContextFactory]
	at javax.naming.spi.NamingManager.getInitialContext(NamingManager.java:652)
	at javax.naming.InitialContext.getDefaultInitCtx(InitialContext.java:243)
	at javax.naming.InitialContext.init(InitialContext.java:219)
	at javax.naming.InitialContext.&lt;init&gt;(InitialContext.java:195)
	at com.orpheus.auction.persistence.CustomAuctionPersistenceTestCase.getEJBTestRunner(CustomAuctionPersistenceTestCase.java:708)
	at com.orpheus.auction.persistence.CustomAuctionPersistenceTestCase.runBare(CustomAuctionPersistenceTestCase.java:669)
	at net.sourceforge.junitejb.EJBTestCase.run(EJBTestCase.java:95)
Caused by: java.lang.ClassNotFoundException: org.jnp.interfaces.NamingContextFactory
	at java.net.URLClassLoader$1.run(URLClassLoader.java:199)
	at java.security.AccessController.doPrivileged(Native Method)
	at java.net.URLClassLoader.findClass(URLClassLoader.java:187)
	at java.lang.ClassLoader.loadClass(ClassLoader.java:289)
	at sun.misc.Launcher$AppClassLoader.loadClass(Launcher.java:274)
	at java.lang.ClassLoader.loadClass(ClassLoader.java:235)
	at java.lang.ClassLoader.loadClassInternal(ClassLoader.java:302)
	at java.lang.Class.forName0(Native Method)
	at java.lang.Class.forName(Class.java:219)
	at com.sun.naming.internal.VersionHelper12.loadClass(VersionHelper12.java:42)
	at javax.naming.spi.NamingManager.getInitialContext(NamingManager.java:649)
	... 19 more
</error>
  </testcase>
  <testcase name="testFindAuctionsByDate_Accuracy1" classname="com.orpheus.auction.persistence.RemoteCustomAuctionPersistenceUnitTest" time="0.0">
    <error message="Cannot instantiate class: org.jnp.interfaces.NamingContextFactory" type="javax.naming.NoInitialContextException">javax.naming.NoInitialContextException: Cannot instantiate class: org.jnp.interfaces.NamingContextFactory [Root exception is java.lang.ClassNotFoundException: org.jnp.interfaces.NamingContextFactory]
	at javax.naming.spi.NamingManager.getInitialContext(NamingManager.java:652)
	at javax.naming.InitialContext.getDefaultInitCtx(InitialContext.java:243)
	at javax.naming.InitialContext.init(InitialContext.java:219)
	at javax.naming.InitialContext.&lt;init&gt;(InitialContext.java:195)
	at com.orpheus.auction.persistence.CustomAuctionPersistenceTestCase.getEJBTestRunner(CustomAuctionPersistenceTestCase.java:708)
	at com.orpheus.auction.persistence.CustomAuctionPersistenceTestCase.runBare(CustomAuctionPersistenceTestCase.java:669)
	at net.sourceforge.junitejb.EJBTestCase.run(EJBTestCase.java:95)
Caused by: java.lang.ClassNotFoundException: org.jnp.interfaces.NamingContextFactory
	at java.net.URLClassLoader$1.run(URLClassLoader.java:199)
	at java.security.AccessController.doPrivileged(Native Method)
	at java.net.URLClassLoader.findClass(URLClassLoader.java:187)
	at java.lang.ClassLoader.loadClass(ClassLoader.java:289)
	at sun.misc.Launcher$AppClassLoader.loadClass(Launcher.java:274)
	at java.lang.ClassLoader.loadClass(ClassLoader.java:235)
	at java.lang.ClassLoader.loadClassInternal(ClassLoader.java:302)
	at java.lang.Class.forName0(Native Method)
	at java.lang.Class.forName(Class.java:219)
	at com.sun.naming.internal.VersionHelper12.loadClass(VersionHelper12.java:42)
	at javax.naming.spi.NamingManager.getInitialContext(NamingManager.java:649)
	... 19 more
</error>
  </testcase>
  <testcase name="testFindAuctionsByDate_Accuracy2" classname="com.orpheus.auction.persistence.RemoteCustomAuctionPersistenceUnitTest" time="0.0">
    <error message="Cannot instantiate class: org.jnp.interfaces.NamingContextFactory" type="javax.naming.NoInitialContextException">javax.naming.NoInitialContextException: Cannot instantiate class: org.jnp.interfaces.NamingContextFactory [Root exception is java.lang.ClassNotFoundException: org.jnp.interfaces.NamingContextFactory]
	at javax.naming.spi.NamingManager.getInitialContext(NamingManager.java:652)
	at javax.naming.InitialContext.getDefaultInitCtx(InitialContext.java:243)
	at javax.naming.InitialContext.init(InitialContext.java:219)
	at javax.naming.InitialContext.&lt;init&gt;(InitialContext.java:195)
	at com.orpheus.auction.persistence.CustomAuctionPersistenceTestCase.getEJBTestRunner(CustomAuctionPersistenceTestCase.java:708)
	at com.orpheus.auction.persistence.CustomAuctionPersistenceTestCase.runBare(CustomAuctionPersistenceTestCase.java:669)
	at net.sourceforge.junitejb.EJBTestCase.run(EJBTestCase.java:95)
Caused by: java.lang.ClassNotFoundException: org.jnp.interfaces.NamingContextFactory
	at java.net.URLClassLoader$1.run(URLClassLoader.java:199)
	at java.security.AccessController.doPrivileged(Native Method)
	at java.net.URLClassLoader.findClass(URLClassLoader.java:187)
	at java.lang.ClassLoader.loadClass(ClassLoader.java:289)
	at sun.misc.Launcher$AppClassLoader.loadClass(Launcher.java:274)
	at java.lang.ClassLoader.loadClass(ClassLoader.java:235)
	at java.lang.ClassLoader.loadClassInternal(ClassLoader.java:302)
	at java.lang.Class.forName0(Native Method)
	at java.lang.Class.forName(Class.java:219)
	at com.sun.naming.internal.VersionHelper12.loadClass(VersionHelper12.java:42)
	at javax.naming.spi.NamingManager.getInitialContext(NamingManager.java:649)
	... 19 more
</error>
  </testcase>
  <testcase name="testFindAuctionsByDate_Accuracy3" classname="com.orpheus.auction.persistence.RemoteCustomAuctionPersistenceUnitTest" time="0.0">
    <error message="Cannot instantiate class: org.jnp.interfaces.NamingContextFactory" type="javax.naming.NoInitialContextException">javax.naming.NoInitialContextException: Cannot instantiate class: org.jnp.interfaces.NamingContextFactory [Root exception is java.lang.ClassNotFoundException: org.jnp.interfaces.NamingContextFactory]
	at javax.naming.spi.NamingManager.getInitialContext(NamingManager.java:652)
	at javax.naming.InitialContext.getDefaultInitCtx(InitialContext.java:243)
	at javax.naming.InitialContext.init(InitialContext.java:219)
	at javax.naming.InitialContext.&lt;init&gt;(InitialContext.java:195)
	at com.orpheus.auction.persistence.CustomAuctionPersistenceTestCase.getEJBTestRunner(CustomAuctionPersistenceTestCase.java:708)
	at com.orpheus.auction.persistence.CustomAuctionPersistenceTestCase.runBare(CustomAuctionPersistenceTestCase.java:669)
	at net.sourceforge.junitejb.EJBTestCase.run(EJBTestCase.java:95)
Caused by: java.lang.ClassNotFoundException: org.jnp.interfaces.NamingContextFactory
	at java.net.URLClassLoader$1.run(URLClassLoader.java:199)
	at java.security.AccessController.doPrivileged(Native Method)
	at java.net.URLClassLoader.findClass(URLClassLoader.java:187)
	at java.lang.ClassLoader.loadClass(ClassLoader.java:289)
	at sun.misc.Launcher$AppClassLoader.loadClass(Launcher.java:274)
	at java.lang.ClassLoader.loadClass(ClassLoader.java:235)
	at java.lang.ClassLoader.loadClassInternal(ClassLoader.java:302)
	at java.lang.Class.forName0(Native Method)
	at java.lang.Class.forName(Class.java:219)
	at com.sun.naming.internal.VersionHelper12.loadClass(VersionHelper12.java:42)
	at javax.naming.spi.NamingManager.getInitialContext(NamingManager.java:649)
	... 19 more
</error>
  </testcase>
  <testcase name="testFindAuctionsByDate_Accuracy4" classname="com.orpheus.auction.persistence.RemoteCustomAuctionPersistenceUnitTest" time="0.0">
    <error message="Cannot instantiate class: org.jnp.interfaces.NamingContextFactory" type="javax.naming.NoInitialContextException">javax.naming.NoInitialContextException: Cannot instantiate class: org.jnp.interfaces.NamingContextFactory [Root exception is java.lang.ClassNotFoundException: org.jnp.interfaces.NamingContextFactory]
	at javax.naming.spi.NamingManager.getInitialContext(NamingManager.java:652)
	at javax.naming.InitialContext.getDefaultInitCtx(InitialContext.java:243)
	at javax.naming.InitialContext.init(InitialContext.java:219)
	at javax.naming.InitialContext.&lt;init&gt;(InitialContext.java:195)
	at com.orpheus.auction.persistence.CustomAuctionPersistenceTestCase.getEJBTestRunner(CustomAuctionPersistenceTestCase.java:708)
	at com.orpheus.auction.persistence.CustomAuctionPersistenceTestCase.runBare(CustomAuctionPersistenceTestCase.java:669)
	at net.sourceforge.junitejb.EJBTestCase.run(EJBTestCase.java:95)
Caused by: java.lang.ClassNotFoundException: org.jnp.interfaces.NamingContextFactory
	at java.net.URLClassLoader$1.run(URLClassLoader.java:199)
	at java.security.AccessController.doPrivileged(Native Method)
	at java.net.URLClassLoader.findClass(URLClassLoader.java:187)
	at java.lang.ClassLoader.loadClass(ClassLoader.java:289)
	at sun.misc.Launcher$AppClassLoader.loadClass(Launcher.java:274)
	at java.lang.ClassLoader.loadClass(ClassLoader.java:235)
	at java.lang.ClassLoader.loadClassInternal(ClassLoader.java:302)
	at java.lang.Class.forName0(Native Method)
	at java.lang.Class.forName(Class.java:219)
	at com.sun.naming.internal.VersionHelper12.loadClass(VersionHelper12.java:42)
	at javax.naming.spi.NamingManager.getInitialContext(NamingManager.java:649)
	... 19 more
</error>
  </testcase>
  <testcase name="testFindAuctionsByBidder_Accuracy1" classname="com.orpheus.auction.persistence.RemoteCustomAuctionPersistenceUnitTest" time="0.0">
    <error message="Cannot instantiate class: org.jnp.interfaces.NamingContextFactory" type="javax.naming.NoInitialContextException">javax.naming.NoInitialContextException: Cannot instantiate class: org.jnp.interfaces.NamingContextFactory [Root exception is java.lang.ClassNotFoundException: org.jnp.interfaces.NamingContextFactory]
	at javax.naming.spi.NamingManager.getInitialContext(NamingManager.java:652)
	at javax.naming.InitialContext.getDefaultInitCtx(InitialContext.java:243)
	at javax.naming.InitialContext.init(InitialContext.java:219)
	at javax.naming.InitialContext.&lt;init&gt;(InitialContext.java:195)
	at com.orpheus.auction.persistence.CustomAuctionPersistenceTestCase.getEJBTestRunner(CustomAuctionPersistenceTestCase.java:708)
	at com.orpheus.auction.persistence.CustomAuctionPersistenceTestCase.runBare(CustomAuctionPersistenceTestCase.java:669)
	at net.sourceforge.junitejb.EJBTestCase.run(EJBTestCase.java:95)
Caused by: java.lang.ClassNotFoundException: org.jnp.interfaces.NamingContextFactory
	at java.net.URLClassLoader$1.run(URLClassLoader.java:199)
	at java.security.AccessController.doPrivileged(Native Method)
	at java.net.URLClassLoader.findClass(URLClassLoader.java:187)
	at java.lang.ClassLoader.loadClass(ClassLoader.java:289)
	at sun.misc.Launcher$AppClassLoader.loadClass(Launcher.java:274)
	at java.lang.ClassLoader.loadClass(ClassLoader.java:235)
	at java.lang.ClassLoader.loadClassInternal(ClassLoader.java:302)
	at java.lang.Class.forName0(Native Method)
	at java.lang.Class.forName(Class.java:219)
	at com.sun.naming.internal.VersionHelper12.loadClass(VersionHelper12.java:42)
	at javax.naming.spi.NamingManager.getInitialContext(NamingManager.java:649)
	... 19 more
</error>
  </testcase>
  <testcase name="testFindAuctionsByBidder_Accuracy2" classname="com.orpheus.auction.persistence.RemoteCustomAuctionPersistenceUnitTest" time="0.015">
    <error message="Cannot instantiate class: org.jnp.interfaces.NamingContextFactory" type="javax.naming.NoInitialContextException">javax.naming.NoInitialContextException: Cannot instantiate class: org.jnp.interfaces.NamingContextFactory [Root exception is java.lang.ClassNotFoundException: org.jnp.interfaces.NamingContextFactory]
	at javax.naming.spi.NamingManager.getInitialContext(NamingManager.java:652)
	at javax.naming.InitialContext.getDefaultInitCtx(InitialContext.java:243)
	at javax.naming.InitialContext.init(InitialContext.java:219)
	at javax.naming.InitialContext.&lt;init&gt;(InitialContext.java:195)
	at com.orpheus.auction.persistence.CustomAuctionPersistenceTestCase.getEJBTestRunner(CustomAuctionPersistenceTestCase.java:708)
	at com.orpheus.auction.persistence.CustomAuctionPersistenceTestCase.runBare(CustomAuctionPersistenceTestCase.java:669)
	at net.sourceforge.junitejb.EJBTestCase.run(EJBTestCase.java:95)
Caused by: java.lang.ClassNotFoundException: org.jnp.interfaces.NamingContextFactory
	at java.net.URLClassLoader$1.run(URLClassLoader.java:199)
	at java.security.AccessController.doPrivileged(Native Method)
	at java.net.URLClassLoader.findClass(URLClassLoader.java:187)
	at java.lang.ClassLoader.loadClass(ClassLoader.java:289)
	at sun.misc.Launcher$AppClassLoader.loadClass(Launcher.java:274)
	at java.lang.ClassLoader.loadClass(ClassLoader.java:235)
	at java.lang.ClassLoader.loadClassInternal(ClassLoader.java:302)
	at java.lang.Class.forName0(Native Method)
	at java.lang.Class.forName(Class.java:219)
	at com.sun.naming.internal.VersionHelper12.loadClass(VersionHelper12.java:42)
	at javax.naming.spi.NamingManager.getInitialContext(NamingManager.java:649)
	... 19 more
</error>
  </testcase>
  <testcase name="testValidateNotNull_NullObject" classname="com.orpheus.auction.persistence.AuctionPersistenceHelperUnitTest" time="0.0"></testcase>
  <testcase name="testValidateNotNull_Accuracy" classname="com.orpheus.auction.persistence.AuctionPersistenceHelperUnitTest" time="0.032"></testcase>
  <testcase name="testValidateString_NullString" classname="com.orpheus.auction.persistence.AuctionPersistenceHelperUnitTest" time="0.015"></testcase>
  <testcase name="testValidateString_EmptyString" classname="com.orpheus.auction.persistence.AuctionPersistenceHelperUnitTest" time="0.0"></testcase>
  <testcase name="testValidateString_Accuracy" classname="com.orpheus.auction.persistence.AuctionPersistenceHelperUnitTest" time="0.016"></testcase>
  <testcase name="testValidateNotNegative_Negative" classname="com.orpheus.auction.persistence.AuctionPersistenceHelperUnitTest" time="0.0"></testcase>
  <testcase name="testValidateNotNegative_Zero" classname="com.orpheus.auction.persistence.AuctionPersistenceHelperUnitTest" time="0.015"></testcase>
  <testcase name="testValidateNotNegative_Accuracy" classname="com.orpheus.auction.persistence.AuctionPersistenceHelperUnitTest" time="0.016"></testcase>
  <testcase name="testValidateCollection_NullArray" classname="com.orpheus.auction.persistence.AuctionPersistenceHelperUnitTest" time="0.0"></testcase>
  <testcase name="testValidateCollection_NullElement" classname="com.orpheus.auction.persistence.AuctionPersistenceHelperUnitTest" time="0.016"></testcase>
  <testcase name="testValidateCollection_Accuracy" classname="com.orpheus.auction.persistence.AuctionPersistenceHelperUnitTest" time="0.0"></testcase>
  <testcase name="testValidateAuctionDTO_NullAuction" classname="com.orpheus.auction.persistence.AuctionPersistenceHelperUnitTest" time="0.015"></testcase>
  <testcase name="testValidateAuctionDTO_NegativeMinimumBid" classname="com.orpheus.auction.persistence.AuctionPersistenceHelperUnitTest" time="0.0"></testcase>
  <testcase name="testValidateAuctionDTO_NegativeItemCount" classname="com.orpheus.auction.persistence.AuctionPersistenceHelperUnitTest" time="0.016"></testcase>
  <testcase name="testValidateAuctionDTO_NullBids" classname="com.orpheus.auction.persistence.AuctionPersistenceHelperUnitTest" time="0.016"></testcase>
  <testcase name="testValidateAuctionDTO_NullBidElements" classname="com.orpheus.auction.persistence.AuctionPersistenceHelperUnitTest" time="0.0"></testcase>
  <testcase name="testValidateAuctionDTO_NegativeImageId" classname="com.orpheus.auction.persistence.AuctionPersistenceHelperUnitTest" time="0.015"></testcase>
  <testcase name="testValidateAuctionDTO_NegativeMaxAmount" classname="com.orpheus.auction.persistence.AuctionPersistenceHelperUnitTest" time="0.0"></testcase>
  <testcase name="testValidateAuctionDTO_NegativEffectiveAmount" classname="com.orpheus.auction.persistence.AuctionPersistenceHelperUnitTest" time="0.016"></testcase>
  <testcase name="testValidateAuctionDTO_Accuracy" classname="com.orpheus.auction.persistence.AuctionPersistenceHelperUnitTest" time="0.0"></testcase>
  <testcase name="testValidateBidDTOCollection_NullBids" classname="com.orpheus.auction.persistence.AuctionPersistenceHelperUnitTest" time="0.015"></testcase>
  <testcase name="testValidateBidDTOCollection_ContainNullBid" classname="com.orpheus.auction.persistence.AuctionPersistenceHelperUnitTest" time="0.016"></testcase>
  <testcase name="testValidateBidDTOCollection_NegativeImageId" classname="com.orpheus.auction.persistence.AuctionPersistenceHelperUnitTest" time="0.0"></testcase>
  <testcase name="testValidateBidDTOCollection_NegativeMaxAmount" classname="com.orpheus.auction.persistence.AuctionPersistenceHelperUnitTest" time="0.016"></testcase>
  <testcase name="testValidateBidDTOCollection_NegativEffectiveAmount" classname="com.orpheus.auction.persistence.AuctionPersistenceHelperUnitTest" time="0.0"></testcase>
  <testcase name="testValidateBidDTOCollection_Accuracy" classname="com.orpheus.auction.persistence.AuctionPersistenceHelperUnitTest" time="0.015"></testcase>
  <testcase name="testValidateBidDTO_NullBid" classname="com.orpheus.auction.persistence.AuctionPersistenceHelperUnitTest" time="0.0"></testcase>
  <testcase name="testValidateBidDTO_NegativeImageId" classname="com.orpheus.auction.persistence.AuctionPersistenceHelperUnitTest" time="0.016"></testcase>
  <testcase name="testValidateBidDTO_NegativeMaxAmount" classname="com.orpheus.auction.persistence.AuctionPersistenceHelperUnitTest" time="0.016"></testcase>
  <testcase name="testValidateBidDTO_NegativEffectiveAmount" classname="com.orpheus.auction.persistence.AuctionPersistenceHelperUnitTest" time="0.0"></testcase>
  <testcase name="testValidateBidDTO_Accuracy" classname="com.orpheus.auction.persistence.AuctionPersistenceHelperUnitTest" time="0.015"></testcase>
  <testcase name="testValidateTwoDate_BebinAfterEnd" classname="com.orpheus.auction.persistence.AuctionPersistenceHelperUnitTest" time="0.0"></testcase>
  <testcase name="testValidateTwoDate_Accuracy" classname="com.orpheus.auction.persistence.AuctionPersistenceHelperUnitTest" time="0.016"></testcase>
  <testcase name="testCreateObjectFactory_NotCorrect" classname="com.orpheus.auction.persistence.AuctionPersistenceHelperUnitTest" time="0.0"></testcase>
  <testcase name="testCreateObjectFactory_Accuracy" classname="com.orpheus.auction.persistence.AuctionPersistenceHelperUnitTest" time="0.015"></testcase>
  <testcase name="testSetID_Accuracy" classname="com.orpheus.auction.persistence.ejb.AuctionDTOUnitTest" time="0.0"></testcase>
  <testcase name="testAuctionDTO_Accuracy" classname="com.orpheus.auction.persistence.ejb.AuctionDTOUnitTest" time="0.0"></testcase>
  <testcase name="testGetID_Accuracy" classname="com.orpheus.auction.persistence.ejb.AuctionDTOUnitTest" time="0.0"></testcase>
  <testcase name="testGetSummary_Accuracy" classname="com.orpheus.auction.persistence.ejb.AuctionDTOUnitTest" time="0.0"></testcase>
  <testcase name="testSetSummary_Accuracy" classname="com.orpheus.auction.persistence.ejb.AuctionDTOUnitTest" time="0.0"></testcase>
  <testcase name="testGetDescription_Accuracy" classname="com.orpheus.auction.persistence.ejb.AuctionDTOUnitTest" time="0.0"></testcase>
  <testcase name="testSetDescriptionAccuracy" classname="com.orpheus.auction.persistence.ejb.AuctionDTOUnitTest" time="0.0"></testcase>
  <testcase name="testGetItemCount_Accuracy" classname="com.orpheus.auction.persistence.ejb.AuctionDTOUnitTest" time="0.0"></testcase>
  <testcase name="testSetItemCount_Accuracy" classname="com.orpheus.auction.persistence.ejb.AuctionDTOUnitTest" time="0.0"></testcase>
  <testcase name="testGetMinimumBid_Accuracy" classname="com.orpheus.auction.persistence.ejb.AuctionDTOUnitTest" time="0.0"></testcase>
  <testcase name="testSetMinimumBid_Accuracy" classname="com.orpheus.auction.persistence.ejb.AuctionDTOUnitTest" time="0.0"></testcase>
  <testcase name="testGetStartDate_Accuracy" classname="com.orpheus.auction.persistence.ejb.AuctionDTOUnitTest" time="0.0"></testcase>
  <testcase name="testSetStartDate_Accuracy" classname="com.orpheus.auction.persistence.ejb.AuctionDTOUnitTest" time="0.0"></testcase>
  <testcase name="testGetEndDate_Accuracy" classname="com.orpheus.auction.persistence.ejb.AuctionDTOUnitTest" time="0.0"></testcase>
  <testcase name="testSetEndDate_Accuracy" classname="com.orpheus.auction.persistence.ejb.AuctionDTOUnitTest" time="0.0"></testcase>
  <testcase name="testGetBids_Accuracy" classname="com.orpheus.auction.persistence.ejb.AuctionDTOUnitTest" time="0.0"></testcase>
  <testcase name="testSetBids_Accuracy" classname="com.orpheus.auction.persistence.ejb.AuctionDTOUnitTest" time="0.0"></testcase>
  <testcase name="testGetID_Accuracy1" classname="com.orpheus.auction.persistence.ejb.BidDTOUnitTest" time="0.0"></testcase>
  <testcase name="testGetID_Accuracy2" classname="com.orpheus.auction.persistence.ejb.BidDTOUnitTest" time="0.0"></testcase>
  <testcase name="testSetID_Accuracy" classname="com.orpheus.auction.persistence.ejb.BidDTOUnitTest" time="0.0"></testcase>
  <testcase name="testGetEffectiveAmount_Accuracy1" classname="com.orpheus.auction.persistence.ejb.BidDTOUnitTest" time="0.0"></testcase>
  <testcase name="testGetEffectiveAmount_Accuracy2" classname="com.orpheus.auction.persistence.ejb.BidDTOUnitTest" time="0.0"></testcase>
  <testcase name="testSetEffectiveAmount_Accuracy" classname="com.orpheus.auction.persistence.ejb.BidDTOUnitTest" time="0.0"></testcase>
  <testcase name="testBidDTO_Accuracy" classname="com.orpheus.auction.persistence.ejb.BidDTOUnitTest" time="0.0"></testcase>
  <testcase name="testGetImageId_Accuracy1" classname="com.orpheus.auction.persistence.ejb.BidDTOUnitTest" time="0.0"></testcase>
  <testcase name="testGetImageId_Accuracy2" classname="com.orpheus.auction.persistence.ejb.BidDTOUnitTest" time="0.0"></testcase>
  <testcase name="testSetImageId_Accuracy" classname="com.orpheus.auction.persistence.ejb.BidDTOUnitTest" time="0.0"></testcase>
  <testcase name="testGetBidderId_Accuracy1" classname="com.orpheus.auction.persistence.ejb.BidDTOUnitTest" time="0.0"></testcase>
  <testcase name="testGetBidderId_Accuracy2" classname="com.orpheus.auction.persistence.ejb.BidDTOUnitTest" time="0.0"></testcase>
  <testcase name="testSetBidderId_Accuracy" classname="com.orpheus.auction.persistence.ejb.BidDTOUnitTest" time="0.0"></testcase>
  <testcase name="testGetMaxAmount_Accuracy1" classname="com.orpheus.auction.persistence.ejb.BidDTOUnitTest" time="0.0"></testcase>
  <testcase name="testGetMaxAmount_Accuracy2" classname="com.orpheus.auction.persistence.ejb.BidDTOUnitTest" time="0.0"></testcase>
  <testcase name="testSetMaxAmount_Accuracy" classname="com.orpheus.auction.persistence.ejb.BidDTOUnitTest" time="0.0"></testcase>
  <testcase name="testGetTimestamp_Accuracy1" classname="com.orpheus.auction.persistence.ejb.BidDTOUnitTest" time="0.0"></testcase>
  <testcase name="testGetTimestamp_Accuracy2" classname="com.orpheus.auction.persistence.ejb.BidDTOUnitTest" time="0.0"></testcase>
  <testcase name="testSetTimestamp_Accuracy" classname="com.orpheus.auction.persistence.ejb.BidDTOUnitTest" time="0.0"></testcase>
  <testcase name="testDeleteAuction_Accuracy" classname="com.orpheus.auction.persistence.ejb.AuctionBeanUnitTest" time="0.016"></testcase>
  <testcase name="testCreateAuction_NullAuction" classname="com.orpheus.auction.persistence.ejb.AuctionBeanUnitTest" time="0.016"></testcase>
  <testcase name="testCreateAuction_Accuracy" classname="com.orpheus.auction.persistence.ejb.AuctionBeanUnitTest" time="0.0"></testcase>
  <testcase name="testGetAuction_Accuracy" classname="com.orpheus.auction.persistence.ejb.AuctionBeanUnitTest" time="0.015"></testcase>
  <testcase name="testUpdateAuction_NullAuction" classname="com.orpheus.auction.persistence.ejb.AuctionBeanUnitTest" time="0.0"></testcase>
  <testcase name="testUpdateAuction_Accuracy" classname="com.orpheus.auction.persistence.ejb.AuctionBeanUnitTest" time="0.016"></testcase>
  <testcase name="testUpdateBids_NullBids" classname="com.orpheus.auction.persistence.ejb.AuctionBeanUnitTest" time="0.031"></testcase>
  <testcase name="testUpdateBids_ContainNullBid" classname="com.orpheus.auction.persistence.ejb.AuctionBeanUnitTest" time="0.0"></testcase>
  <testcase name="testUpdateBids_Accuracy" classname="com.orpheus.auction.persistence.ejb.AuctionBeanUnitTest" time="0.016"></testcase>
  <testcase name="testAuctionBean_Accuracy" classname="com.orpheus.auction.persistence.ejb.AuctionBeanUnitTest" time="0.0"></testcase>
  <testcase name="testEjbCreate_Accuracy" classname="com.orpheus.auction.persistence.ejb.AuctionBeanUnitTest" time="0.015"></testcase>
  <testcase name="testEjbRemove_Accuracy" classname="com.orpheus.auction.persistence.ejb.AuctionBeanUnitTest" time="0.016"></testcase>
  <testcase name="testEjbActivate_Accuracy" classname="com.orpheus.auction.persistence.ejb.AuctionBeanUnitTest" time="0.0"></testcase>
  <testcase name="testEjbPassivate_Accuracy" classname="com.orpheus.auction.persistence.ejb.AuctionBeanUnitTest" time="0.016"></testcase>
  <testcase name="testSetSessionContext_Accuracy" classname="com.orpheus.auction.persistence.ejb.AuctionBeanUnitTest" time="0.0"></testcase>
  <testcase name="testCreateAuction_PersistenceException" classname="com.orpheus.auction.persistence.ejb.AuctionBeanUnitTest" time="0.015"></testcase>
  <testcase name="testGetAuction_PersistenceException" classname="com.orpheus.auction.persistence.ejb.AuctionBeanUnitTest" time="0.0"></testcase>
  <testcase name="testUpdateAuction_PersistenceException" classname="com.orpheus.auction.persistence.ejb.AuctionBeanUnitTest" time="0.016"></testcase>
  <testcase name="testUpdateBids_PersistenceException" classname="com.orpheus.auction.persistence.ejb.AuctionBeanUnitTest" time="0.0"></testcase>
  <testcase name="testDeleteAuction_PersistenceException" classname="com.orpheus.auction.persistence.ejb.AuctionBeanUnitTest" time="0.016"></testcase>
  <testcase name="testFindAuctionsByDate_PersistenceException" classname="com.orpheus.auction.persistence.ejb.AuctionBeanUnitTest" time="0.015"></testcase>
  <testcase name="testFindAuctionsByDate_Accuracy" classname="com.orpheus.auction.persistence.ejb.AuctionBeanUnitTest" time="0.0"></testcase>
  <testcase name="testFindAuctionsByBidder_PersistenceException" classname="com.orpheus.auction.persistence.ejb.AuctionBeanUnitTest" time="0.016"></testcase>
  <testcase name="testFindAuctionsByBidder_Accuracy" classname="com.orpheus.auction.persistence.ejb.AuctionBeanUnitTest" time="0.0"></testcase>
  <testcase name="testDeleteAuction_NotExistAuctionId" classname="com.orpheus.auction.persistence.impl.SQLServerAuctionDAOUnitTest" time="0.015">
    <error message="Unexpected errors- , caused by null" type="com.topcoder.db.connectionfactory.ConfigurationException">com.topcoder.db.connectionfactory.ConfigurationException: Unexpected errors- , caused by null
	at com.topcoder.db.connectionfactory.DBConnectionFactoryImpl.&lt;init&gt;(DBConnectionFactoryImpl.java:211)
	at com.orpheus.auction.persistence.UnitTestHelper.getConnection(UnitTestHelper.java:178)
	at com.orpheus.auction.persistence.impl.SQLServerAuctionDAOUnitTest.setUp(SQLServerAuctionDAOUnitTest.java:47)
Caused by: java.lang.reflect.InvocationTargetException
	at java.lang.reflect.Constructor.newInstance(Constructor.java:274)
	at com.topcoder.db.connectionfactory.DBConnectionFactoryImpl.&lt;init&gt;(DBConnectionFactoryImpl.java:190)
	... 16 more
Caused by: java.lang.ClassNotFoundException: The class name com.microsoft.sqlserver.jdbc.SQLServerDriver is invalid.
	at com.topcoder.db.connectionfactory.producers.JDBCConnectionProducer.&lt;init&gt;(JDBCConnectionProducer.java:236)
	... 20 more
Caused by: java.lang.ClassNotFoundException: com.microsoft.sqlserver.jdbc.SQLServerDriver
	at java.net.URLClassLoader$1.run(URLClassLoader.java:199)
	at java.security.AccessController.doPrivileged(Native Method)
	at java.net.URLClassLoader.findClass(URLClassLoader.java:187)
	at java.lang.ClassLoader.loadClass(ClassLoader.java:289)
	at sun.misc.Launcher$AppClassLoader.loadClass(Launcher.java:274)
	at java.lang.ClassLoader.loadClass(ClassLoader.java:235)
	at java.lang.ClassLoader.loadClassInternal(ClassLoader.java:302)
	at java.lang.Class.forName0(Native Method)
	at java.lang.Class.forName(Class.java:141)
	at com.topcoder.db.connectionfactory.producers.JDBCConnectionProducer.&lt;init&gt;(JDBCConnectionProducer.java:234)
	... 20 more
Caused by:java.lang.reflect.InvocationTargetException
	at java.lang.reflect.Constructor.newInstance(Constructor.java:274)
	at com.topcoder.db.connectionfactory.DBConnectionFactoryImpl.&lt;init&gt;(DBConnectionFactoryImpl.java:190)
	at com.orpheus.auction.persistence.UnitTestHelper.getConnection(UnitTestHelper.java:178)
	at com.orpheus.auction.persistence.impl.SQLServerAuctionDAOUnitTest.setUp(SQLServerAuctionDAOUnitTest.java:47)
Caused by: java.lang.ClassNotFoundException: The class name com.microsoft.sqlserver.jdbc.SQLServerDriver is invalid.
	at com.topcoder.db.connectionfactory.producers.JDBCConnectionProducer.&lt;init&gt;(JDBCConnectionProducer.java:236)
	... 20 more
Caused by: java.lang.ClassNotFoundException: com.microsoft.sqlserver.jdbc.SQLServerDriver
	at java.net.URLClassLoader$1.run(URLClassLoader.java:199)
	at java.security.AccessController.doPrivileged(Native Method)
	at java.net.URLClassLoader.findClass(URLClassLoader.java:187)
	at java.lang.ClassLoader.loadClass(ClassLoader.java:289)
	at sun.misc.Launcher$AppClassLoader.loadClass(Launcher.java:274)
	at java.lang.ClassLoader.loadClass(ClassLoader.java:235)
	at java.lang.ClassLoader.loadClassInternal(ClassLoader.java:302)
	at java.lang.Class.forName0(Native Method)
	at java.lang.Class.forName(Class.java:141)
	at com.topcoder.db.connectionfactory.producers.JDBCConnectionProducer.&lt;init&gt;(JDBCConnectionProducer.java:234)
	... 20 more
</error>
  </testcase>
  <testcase name="testDeleteAuction_Accuracy" classname="com.orpheus.auction.persistence.impl.SQLServerAuctionDAOUnitTest" time="0.016">
    <error message="Unexpected errors- , caused by null" type="com.topcoder.db.connectionfactory.ConfigurationException">com.topcoder.db.connectionfactory.ConfigurationException: Unexpected errors- , caused by null
	at com.topcoder.db.connectionfactory.DBConnectionFactoryImpl.&lt;init&gt;(DBConnectionFactoryImpl.java:211)
	at com.orpheus.auction.persistence.UnitTestHelper.getConnection(UnitTestHelper.java:178)
	at com.orpheus.auction.persistence.impl.SQLServerAuctionDAOUnitTest.setUp(SQLServerAuctionDAOUnitTest.java:47)
Caused by: java.lang.reflect.InvocationTargetException
	at java.lang.reflect.Constructor.newInstance(Constructor.java:274)
	at com.topcoder.db.connectionfactory.DBConnectionFactoryImpl.&lt;init&gt;(DBConnectionFactoryImpl.java:190)
	... 16 more
Caused by: java.lang.ClassNotFoundException: The class name com.microsoft.sqlserver.jdbc.SQLServerDriver is invalid.
	at com.topcoder.db.connectionfactory.producers.JDBCConnectionProducer.&lt;init&gt;(JDBCConnectionProducer.java:236)
	... 20 more
Caused by: java.lang.ClassNotFoundException: com.microsoft.sqlserver.jdbc.SQLServerDriver
	at java.net.URLClassLoader$1.run(URLClassLoader.java:199)
	at java.security.AccessController.doPrivileged(Native Method)
	at java.net.URLClassLoader.findClass(URLClassLoader.java:187)
	at java.lang.ClassLoader.loadClass(ClassLoader.java:289)
	at sun.misc.Launcher$AppClassLoader.loadClass(Launcher.java:274)
	at java.lang.ClassLoader.loadClass(ClassLoader.java:235)
	at java.lang.ClassLoader.loadClassInternal(ClassLoader.java:302)
	at java.lang.Class.forName0(Native Method)
	at java.lang.Class.forName(Class.java:141)
	at com.topcoder.db.connectionfactory.producers.JDBCConnectionProducer.&lt;init&gt;(JDBCConnectionProducer.java:234)
	... 20 more
Caused by:java.lang.reflect.InvocationTargetException
	at java.lang.reflect.Constructor.newInstance(Constructor.java:274)
	at com.topcoder.db.connectionfactory.DBConnectionFactoryImpl.&lt;init&gt;(DBConnectionFactoryImpl.java:190)
	at com.orpheus.auction.persistence.UnitTestHelper.getConnection(UnitTestHelper.java:178)
	at com.orpheus.auction.persistence.impl.SQLServerAuctionDAOUnitTest.setUp(SQLServerAuctionDAOUnitTest.java:47)
Caused by: java.lang.ClassNotFoundException: The class name com.microsoft.sqlserver.jdbc.SQLServerDriver is invalid.
	at com.topcoder.db.connectionfactory.producers.JDBCConnectionProducer.&lt;init&gt;(JDBCConnectionProducer.java:236)
	... 20 more
Caused by: java.lang.ClassNotFoundException: com.microsoft.sqlserver.jdbc.SQLServerDriver
	at java.net.URLClassLoader$1.run(URLClassLoader.java:199)
	at java.security.AccessController.doPrivileged(Native Method)
	at java.net.URLClassLoader.findClass(URLClassLoader.java:187)
	at java.lang.ClassLoader.loadClass(ClassLoader.java:289)
	at sun.misc.Launcher$AppClassLoader.loadClass(Launcher.java:274)
	at java.lang.ClassLoader.loadClass(ClassLoader.java:235)
	at java.lang.ClassLoader.loadClassInternal(ClassLoader.java:302)
	at java.lang.Class.forName0(Native Method)
	at java.lang.Class.forName(Class.java:141)
	at com.topcoder.db.connectionfactory.producers.JDBCConnectionProducer.&lt;init&gt;(JDBCConnectionProducer.java:234)
	... 20 more
</error>
  </testcase>
  <testcase name="testCreateAuction_NullAuction" classname="com.orpheus.auction.persistence.impl.SQLServerAuctionDAOUnitTest" time="0.0">
    <error message="Unexpected errors- , caused by null" type="com.topcoder.db.connectionfactory.ConfigurationException">com.topcoder.db.connectionfactory.ConfigurationException: Unexpected errors- , caused by null
	at com.topcoder.db.connectionfactory.DBConnectionFactoryImpl.&lt;init&gt;(DBConnectionFactoryImpl.java:211)
	at com.orpheus.auction.persistence.UnitTestHelper.getConnection(UnitTestHelper.java:178)
	at com.orpheus.auction.persistence.impl.SQLServerAuctionDAOUnitTest.setUp(SQLServerAuctionDAOUnitTest.java:47)
Caused by: java.lang.reflect.InvocationTargetException
	at java.lang.reflect.Constructor.newInstance(Constructor.java:274)
	at com.topcoder.db.connectionfactory.DBConnectionFactoryImpl.&lt;init&gt;(DBConnectionFactoryImpl.java:190)
	... 16 more
Caused by: java.lang.ClassNotFoundException: The class name com.microsoft.sqlserver.jdbc.SQLServerDriver is invalid.
	at com.topcoder.db.connectionfactory.producers.JDBCConnectionProducer.&lt;init&gt;(JDBCConnectionProducer.java:236)
	... 20 more
Caused by: java.lang.ClassNotFoundException: com.microsoft.sqlserver.jdbc.SQLServerDriver
	at java.net.URLClassLoader$1.run(URLClassLoader.java:199)
	at java.security.AccessController.doPrivileged(Native Method)
	at java.net.URLClassLoader.findClass(URLClassLoader.java:187)
	at java.lang.ClassLoader.loadClass(ClassLoader.java:289)
	at sun.misc.Launcher$AppClassLoader.loadClass(Launcher.java:274)
	at java.lang.ClassLoader.loadClass(ClassLoader.java:235)
	at java.lang.ClassLoader.loadClassInternal(ClassLoader.java:302)
	at java.lang.Class.forName0(Native Method)
	at java.lang.Class.forName(Class.java:141)
	at com.topcoder.db.connectionfactory.producers.JDBCConnectionProducer.&lt;init&gt;(JDBCConnectionProducer.java:234)
	... 20 more
Caused by:java.lang.reflect.InvocationTargetException
	at java.lang.reflect.Constructor.newInstance(Constructor.java:274)
	at com.topcoder.db.connectionfactory.DBConnectionFactoryImpl.&lt;init&gt;(DBConnectionFactoryImpl.java:190)
	at com.orpheus.auction.persistence.UnitTestHelper.getConnection(UnitTestHelper.java:178)
	at com.orpheus.auction.persistence.impl.SQLServerAuctionDAOUnitTest.setUp(SQLServerAuctionDAOUnitTest.java:47)
Caused by: java.lang.ClassNotFoundException: The class name com.microsoft.sqlserver.jdbc.SQLServerDriver is invalid.
	at com.topcoder.db.connectionfactory.producers.JDBCConnectionProducer.&lt;init&gt;(JDBCConnectionProducer.java:236)
	... 20 more
Caused by: java.lang.ClassNotFoundException: com.microsoft.sqlserver.jdbc.SQLServerDriver
	at java.net.URLClassLoader$1.run(URLClassLoader.java:199)
	at java.security.AccessController.doPrivileged(Native Method)
	at java.net.URLClassLoader.findClass(URLClassLoader.java:187)
	at java.lang.ClassLoader.loadClass(ClassLoader.java:289)
	at sun.misc.Launcher$AppClassLoader.loadClass(Launcher.java:274)
	at java.lang.ClassLoader.loadClass(ClassLoader.java:235)
	at java.lang.ClassLoader.loadClassInternal(ClassLoader.java:302)
	at java.lang.Class.forName0(Native Method)
	at java.lang.Class.forName(Class.java:141)
	at com.topcoder.db.connectionfactory.producers.JDBCConnectionProducer.&lt;init&gt;(JDBCConnectionProducer.java:234)
	... 20 more
</error>
  </testcase>
  <testcase name="testCreateAuction_NullID" classname="com.orpheus.auction.persistence.impl.SQLServerAuctionDAOUnitTest" time="0.016">
    <error message="Unexpected errors- , caused by null" type="com.topcoder.db.connectionfactory.ConfigurationException">com.topcoder.db.connectionfactory.ConfigurationException: Unexpected errors- , caused by null
	at com.topcoder.db.connectionfactory.DBConnectionFactoryImpl.&lt;init&gt;(DBConnectionFactoryImpl.java:211)
	at com.orpheus.auction.persistence.UnitTestHelper.getConnection(UnitTestHelper.java:178)
	at com.orpheus.auction.persistence.impl.SQLServerAuctionDAOUnitTest.setUp(SQLServerAuctionDAOUnitTest.java:47)
Caused by: java.lang.reflect.InvocationTargetException
	at java.lang.reflect.Constructor.newInstance(Constructor.java:274)
	at com.topcoder.db.connectionfactory.DBConnectionFactoryImpl.&lt;init&gt;(DBConnectionFactoryImpl.java:190)
	... 16 more
Caused by: java.lang.ClassNotFoundException: The class name com.microsoft.sqlserver.jdbc.SQLServerDriver is invalid.
	at com.topcoder.db.connectionfactory.producers.JDBCConnectionProducer.&lt;init&gt;(JDBCConnectionProducer.java:236)
	... 20 more
Caused by: java.lang.ClassNotFoundException: com.microsoft.sqlserver.jdbc.SQLServerDriver
	at java.net.URLClassLoader$1.run(URLClassLoader.java:199)
	at java.security.AccessController.doPrivileged(Native Method)
	at java.net.URLClassLoader.findClass(URLClassLoader.java:187)
	at java.lang.ClassLoader.loadClass(ClassLoader.java:289)
	at sun.misc.Launcher$AppClassLoader.loadClass(Launcher.java:274)
	at java.lang.ClassLoader.loadClass(ClassLoader.java:235)
	at java.lang.ClassLoader.loadClassInternal(ClassLoader.java:302)
	at java.lang.Class.forName0(Native Method)
	at java.lang.Class.forName(Class.java:141)
	at com.topcoder.db.connectionfactory.producers.JDBCConnectionProducer.&lt;init&gt;(JDBCConnectionProducer.java:234)
	... 20 more
Caused by:java.lang.reflect.InvocationTargetException
	at java.lang.reflect.Constructor.newInstance(Constructor.java:274)
	at com.topcoder.db.connectionfactory.DBConnectionFactoryImpl.&lt;init&gt;(DBConnectionFactoryImpl.java:190)
	at com.orpheus.auction.persistence.UnitTestHelper.getConnection(UnitTestHelper.java:178)
	at com.orpheus.auction.persistence.impl.SQLServerAuctionDAOUnitTest.setUp(SQLServerAuctionDAOUnitTest.java:47)
Caused by: java.lang.ClassNotFoundException: The class name com.microsoft.sqlserver.jdbc.SQLServerDriver is invalid.
	at com.topcoder.db.connectionfactory.producers.JDBCConnectionProducer.&lt;init&gt;(JDBCConnectionProducer.java:236)
	... 20 more
Caused by: java.lang.ClassNotFoundException: com.microsoft.sqlserver.jdbc.SQLServerDriver
	at java.net.URLClassLoader$1.run(URLClassLoader.java:199)
	at java.security.AccessController.doPrivileged(Native Method)
	at java.net.URLClassLoader.findClass(URLClassLoader.java:187)
	at java.lang.ClassLoader.loadClass(ClassLoader.java:289)
	at sun.misc.Launcher$AppClassLoader.loadClass(Launcher.java:274)
	at java.lang.ClassLoader.loadClass(ClassLoader.java:235)
	at java.lang.ClassLoader.loadClassInternal(ClassLoader.java:302)
	at java.lang.Class.forName0(Native Method)
	at java.lang.Class.forName(Class.java:141)
	at com.topcoder.db.connectionfactory.producers.JDBCConnectionProducer.&lt;init&gt;(JDBCConnectionProducer.java:234)
	... 20 more
</error>
  </testcase>
  <testcase name="testCreateAuction_InvalidAuctionId" classname="com.orpheus.auction.persistence.impl.SQLServerAuctionDAOUnitTest" time="0.015">
    <error message="Unexpected errors- , caused by null" type="com.topcoder.db.connectionfactory.ConfigurationException">com.topcoder.db.connectionfactory.ConfigurationException: Unexpected errors- , caused by null
	at com.topcoder.db.connectionfactory.DBConnectionFactoryImpl.&lt;init&gt;(DBConnectionFactoryImpl.java:211)
	at com.orpheus.auction.persistence.UnitTestHelper.getConnection(UnitTestHelper.java:178)
	at com.orpheus.auction.persistence.impl.SQLServerAuctionDAOUnitTest.setUp(SQLServerAuctionDAOUnitTest.java:47)
Caused by: java.lang.reflect.InvocationTargetException
	at java.lang.reflect.Constructor.newInstance(Constructor.java:274)
	at com.topcoder.db.connectionfactory.DBConnectionFactoryImpl.&lt;init&gt;(DBConnectionFactoryImpl.java:190)
	... 16 more
Caused by: java.lang.ClassNotFoundException: The class name com.microsoft.sqlserver.jdbc.SQLServerDriver is invalid.
	at com.topcoder.db.connectionfactory.producers.JDBCConnectionProducer.&lt;init&gt;(JDBCConnectionProducer.java:236)
	... 20 more
Caused by: java.lang.ClassNotFoundException: com.microsoft.sqlserver.jdbc.SQLServerDriver
	at java.net.URLClassLoader$1.run(URLClassLoader.java:199)
	at java.security.AccessController.doPrivileged(Native Method)
	at java.net.URLClassLoader.findClass(URLClassLoader.java:187)
	at java.lang.ClassLoader.loadClass(ClassLoader.java:289)
	at sun.misc.Launcher$AppClassLoader.loadClass(Launcher.java:274)
	at java.lang.ClassLoader.loadClass(ClassLoader.java:235)
	at java.lang.ClassLoader.loadClassInternal(ClassLoader.java:302)
	at java.lang.Class.forName0(Native Method)
	at java.lang.Class.forName(Class.java:141)
	at com.topcoder.db.connectionfactory.producers.JDBCConnectionProducer.&lt;init&gt;(JDBCConnectionProducer.java:234)
	... 20 more
Caused by:java.lang.reflect.InvocationTargetException
	at java.lang.reflect.Constructor.newInstance(Constructor.java:274)
	at com.topcoder.db.connectionfactory.DBConnectionFactoryImpl.&lt;init&gt;(DBConnectionFactoryImpl.java:190)
	at com.orpheus.auction.persistence.UnitTestHelper.getConnection(UnitTestHelper.java:178)
	at com.orpheus.auction.persistence.impl.SQLServerAuctionDAOUnitTest.setUp(SQLServerAuctionDAOUnitTest.java:47)
Caused by: java.lang.ClassNotFoundException: The class name com.microsoft.sqlserver.jdbc.SQLServerDriver is invalid.
	at com.topcoder.db.connectionfactory.producers.JDBCConnectionProducer.&lt;init&gt;(JDBCConnectionProducer.java:236)
	... 20 more
Caused by: java.lang.ClassNotFoundException: com.microsoft.sqlserver.jdbc.SQLServerDriver
	at java.net.URLClassLoader$1.run(URLClassLoader.java:199)
	at java.security.AccessController.doPrivileged(Native Method)
	at java.net.URLClassLoader.findClass(URLClassLoader.java:187)
	at java.lang.ClassLoader.loadClass(ClassLoader.java:289)
	at sun.misc.Launcher$AppClassLoader.loadClass(Launcher.java:274)
	at java.lang.ClassLoader.loadClass(ClassLoader.java:235)
	at java.lang.ClassLoader.loadClassInternal(ClassLoader.java:302)
	at java.lang.Class.forName0(Native Method)
	at java.lang.Class.forName(Class.java:141)
	at com.topcoder.db.connectionfactory.producers.JDBCConnectionProducer.&lt;init&gt;(JDBCConnectionProducer.java:234)
	... 20 more
</error>
  </testcase>
  <testcase name="testCreateAuction_ExistAuction" classname="com.orpheus.auction.persistence.impl.SQLServerAuctionDAOUnitTest" time="0.016">
    <error message="Unexpected errors- , caused by null" type="com.topcoder.db.connectionfactory.ConfigurationException">com.topcoder.db.connectionfactory.ConfigurationException: Unexpected errors- , caused by null
	at com.topcoder.db.connectionfactory.DBConnectionFactoryImpl.&lt;init&gt;(DBConnectionFactoryImpl.java:211)
	at com.orpheus.auction.persistence.UnitTestHelper.getConnection(UnitTestHelper.java:178)
	at com.orpheus.auction.persistence.impl.SQLServerAuctionDAOUnitTest.setUp(SQLServerAuctionDAOUnitTest.java:47)
Caused by: java.lang.reflect.InvocationTargetException
	at java.lang.reflect.Constructor.newInstance(Constructor.java:274)
	at com.topcoder.db.connectionfactory.DBConnectionFactoryImpl.&lt;init&gt;(DBConnectionFactoryImpl.java:190)
	... 16 more
Caused by: java.lang.ClassNotFoundException: The class name com.microsoft.sqlserver.jdbc.SQLServerDriver is invalid.
	at com.topcoder.db.connectionfactory.producers.JDBCConnectionProducer.&lt;init&gt;(JDBCConnectionProducer.java:236)
	... 20 more
Caused by: java.lang.ClassNotFoundException: com.microsoft.sqlserver.jdbc.SQLServerDriver
	at java.net.URLClassLoader$1.run(URLClassLoader.java:199)
	at java.security.AccessController.doPrivileged(Native Method)
	at java.net.URLClassLoader.findClass(URLClassLoader.java:187)
	at java.lang.ClassLoader.loadClass(ClassLoader.java:289)
	at sun.misc.Launcher$AppClassLoader.loadClass(Launcher.java:274)
	at java.lang.ClassLoader.loadClass(ClassLoader.java:235)
	at java.lang.ClassLoader.loadClassInternal(ClassLoader.java:302)
	at java.lang.Class.forName0(Native Method)
	at java.lang.Class.forName(Class.java:141)
	at com.topcoder.db.connectionfactory.producers.JDBCConnectionProducer.&lt;init&gt;(JDBCConnectionProducer.java:234)
	... 20 more
Caused by:java.lang.reflect.InvocationTargetException
	at java.lang.reflect.Constructor.newInstance(Constructor.java:274)
	at com.topcoder.db.connectionfactory.DBConnectionFactoryImpl.&lt;init&gt;(DBConnectionFactoryImpl.java:190)
	at com.orpheus.auction.persistence.UnitTestHelper.getConnection(UnitTestHelper.java:178)
	at com.orpheus.auction.persistence.impl.SQLServerAuctionDAOUnitTest.setUp(SQLServerAuctionDAOUnitTest.java:47)
Caused by: java.lang.ClassNotFoundException: The class name com.microsoft.sqlserver.jdbc.SQLServerDriver is invalid.
	at com.topcoder.db.connectionfactory.producers.JDBCConnectionProducer.&lt;init&gt;(JDBCConnectionProducer.java:236)
	... 20 more
Caused by: java.lang.ClassNotFoundException: com.microsoft.sqlserver.jdbc.SQLServerDriver
	at java.net.URLClassLoader$1.run(URLClassLoader.java:199)
	at java.security.AccessController.doPrivileged(Native Method)
	at java.net.URLClassLoader.findClass(URLClassLoader.java:187)
	at java.lang.ClassLoader.loadClass(ClassLoader.java:289)
	at sun.misc.Launcher$AppClassLoader.loadClass(Launcher.java:274)
	at java.lang.ClassLoader.loadClass(ClassLoader.java:235)
	at java.lang.ClassLoader.loadClassInternal(ClassLoader.java:302)
	at java.lang.Class.forName0(Native Method)
	at java.lang.Class.forName(Class.java:141)
	at com.topcoder.db.connectionfactory.producers.JDBCConnectionProducer.&lt;init&gt;(JDBCConnectionProducer.java:234)
	... 20 more
</error>
  </testcase>
  <testcase name="testCreateAuction_Accuracy" classname="com.orpheus.auction.persistence.impl.SQLServerAuctionDAOUnitTest" time="0.0">
    <error message="Unexpected errors- , caused by null" type="com.topcoder.db.connectionfactory.ConfigurationException">com.topcoder.db.connectionfactory.ConfigurationException: Unexpected errors- , caused by null
	at com.topcoder.db.connectionfactory.DBConnectionFactoryImpl.&lt;init&gt;(DBConnectionFactoryImpl.java:211)
	at com.orpheus.auction.persistence.UnitTestHelper.getConnection(UnitTestHelper.java:178)
	at com.orpheus.auction.persistence.impl.SQLServerAuctionDAOUnitTest.setUp(SQLServerAuctionDAOUnitTest.java:47)
Caused by: java.lang.reflect.InvocationTargetException
	at java.lang.reflect.Constructor.newInstance(Constructor.java:274)
	at com.topcoder.db.connectionfactory.DBConnectionFactoryImpl.&lt;init&gt;(DBConnectionFactoryImpl.java:190)
	... 16 more
Caused by: java.lang.ClassNotFoundException: The class name com.microsoft.sqlserver.jdbc.SQLServerDriver is invalid.
	at com.topcoder.db.connectionfactory.producers.JDBCConnectionProducer.&lt;init&gt;(JDBCConnectionProducer.java:236)
	... 20 more
Caused by: java.lang.ClassNotFoundException: com.microsoft.sqlserver.jdbc.SQLServerDriver
	at java.net.URLClassLoader$1.run(URLClassLoader.java:199)
	at java.security.AccessController.doPrivileged(Native Method)
	at java.net.URLClassLoader.findClass(URLClassLoader.java:187)
	at java.lang.ClassLoader.loadClass(ClassLoader.java:289)
	at sun.misc.Launcher$AppClassLoader.loadClass(Launcher.java:274)
	at java.lang.ClassLoader.loadClass(ClassLoader.java:235)
	at java.lang.ClassLoader.loadClassInternal(ClassLoader.java:302)
	at java.lang.Class.forName0(Native Method)
	at java.lang.Class.forName(Class.java:141)
	at com.topcoder.db.connectionfactory.producers.JDBCConnectionProducer.&lt;init&gt;(JDBCConnectionProducer.java:234)
	... 20 more
Caused by:java.lang.reflect.InvocationTargetException
	at java.lang.reflect.Constructor.newInstance(Constructor.java:274)
	at com.topcoder.db.connectionfactory.DBConnectionFactoryImpl.&lt;init&gt;(DBConnectionFactoryImpl.java:190)
	at com.orpheus.auction.persistence.UnitTestHelper.getConnection(UnitTestHelper.java:178)
	at com.orpheus.auction.persistence.impl.SQLServerAuctionDAOUnitTest.setUp(SQLServerAuctionDAOUnitTest.java:47)
Caused by: java.lang.ClassNotFoundException: The class name com.microsoft.sqlserver.jdbc.SQLServerDriver is invalid.
	at com.topcoder.db.connectionfactory.producers.JDBCConnectionProducer.&lt;init&gt;(JDBCConnectionProducer.java:236)
	... 20 more
Caused by: java.lang.ClassNotFoundException: com.microsoft.sqlserver.jdbc.SQLServerDriver
	at java.net.URLClassLoader$1.run(URLClassLoader.java:199)
	at java.security.AccessController.doPrivileged(Native Method)
	at java.net.URLClassLoader.findClass(URLClassLoader.java:187)
	at java.lang.ClassLoader.loadClass(ClassLoader.java:289)
	at sun.misc.Launcher$AppClassLoader.loadClass(Launcher.java:274)
	at java.lang.ClassLoader.loadClass(ClassLoader.java:235)
	at java.lang.ClassLoader.loadClassInternal(ClassLoader.java:302)
	at java.lang.Class.forName0(Native Method)
	at java.lang.Class.forName(Class.java:141)
	at com.topcoder.db.connectionfactory.producers.JDBCConnectionProducer.&lt;init&gt;(JDBCConnectionProducer.java:234)
	... 20 more
</error>
  </testcase>
  <testcase name="testGetAuction_NotExistAuction" classname="com.orpheus.auction.persistence.impl.SQLServerAuctionDAOUnitTest" time="0.016">
    <error message="Unexpected errors- , caused by null" type="com.topcoder.db.connectionfactory.ConfigurationException">com.topcoder.db.connectionfactory.ConfigurationException: Unexpected errors- , caused by null
	at com.topcoder.db.connectionfactory.DBConnectionFactoryImpl.&lt;init&gt;(DBConnectionFactoryImpl.java:211)
	at com.orpheus.auction.persistence.UnitTestHelper.getConnection(UnitTestHelper.java:178)
	at com.orpheus.auction.persistence.impl.SQLServerAuctionDAOUnitTest.setUp(SQLServerAuctionDAOUnitTest.java:47)
Caused by: java.lang.reflect.InvocationTargetException
	at java.lang.reflect.Constructor.newInstance(Constructor.java:274)
	at com.topcoder.db.connectionfactory.DBConnectionFactoryImpl.&lt;init&gt;(DBConnectionFactoryImpl.java:190)
	... 16 more
Caused by: java.lang.ClassNotFoundException: The class name com.microsoft.sqlserver.jdbc.SQLServerDriver is invalid.
	at com.topcoder.db.connectionfactory.producers.JDBCConnectionProducer.&lt;init&gt;(JDBCConnectionProducer.java:236)
	... 20 more
Caused by: java.lang.ClassNotFoundException: com.microsoft.sqlserver.jdbc.SQLServerDriver
	at java.net.URLClassLoader$1.run(URLClassLoader.java:199)
	at java.security.AccessController.doPrivileged(Native Method)
	at java.net.URLClassLoader.findClass(URLClassLoader.java:187)
	at java.lang.ClassLoader.loadClass(ClassLoader.java:289)
	at sun.misc.Launcher$AppClassLoader.loadClass(Launcher.java:274)
	at java.lang.ClassLoader.loadClass(ClassLoader.java:235)
	at java.lang.ClassLoader.loadClassInternal(ClassLoader.java:302)
	at java.lang.Class.forName0(Native Method)
	at java.lang.Class.forName(Class.java:141)
	at com.topcoder.db.connectionfactory.producers.JDBCConnectionProducer.&lt;init&gt;(JDBCConnectionProducer.java:234)
	... 20 more
Caused by:java.lang.reflect.InvocationTargetException
	at java.lang.reflect.Constructor.newInstance(Constructor.java:274)
	at com.topcoder.db.connectionfactory.DBConnectionFactoryImpl.&lt;init&gt;(DBConnectionFactoryImpl.java:190)
	at com.orpheus.auction.persistence.UnitTestHelper.getConnection(UnitTestHelper.java:178)
	at com.orpheus.auction.persistence.impl.SQLServerAuctionDAOUnitTest.setUp(SQLServerAuctionDAOUnitTest.java:47)
Caused by: java.lang.ClassNotFoundException: The class name com.microsoft.sqlserver.jdbc.SQLServerDriver is invalid.
	at com.topcoder.db.connectionfactory.producers.JDBCConnectionProducer.&lt;init&gt;(JDBCConnectionProducer.java:236)
	... 20 more
Caused by: java.lang.ClassNotFoundException: com.microsoft.sqlserver.jdbc.SQLServerDriver
	at java.net.URLClassLoader$1.run(URLClassLoader.java:199)
	at java.security.AccessController.doPrivileged(Native Method)
	at java.net.URLClassLoader.findClass(URLClassLoader.java:187)
	at java.lang.ClassLoader.loadClass(ClassLoader.java:289)
	at sun.misc.Launcher$AppClassLoader.loadClass(Launcher.java:274)
	at java.lang.ClassLoader.loadClass(ClassLoader.java:235)
	at java.lang.ClassLoader.loadClassInternal(ClassLoader.java:302)
	at java.lang.Class.forName0(Native Method)
	at java.lang.Class.forName(Class.java:141)
	at com.topcoder.db.connectionfactory.producers.JDBCConnectionProducer.&lt;init&gt;(JDBCConnectionProducer.java:234)
	... 20 more
</error>
  </testcase>
  <testcase name="testGetAuction_Accuracy" classname="com.orpheus.auction.persistence.impl.SQLServerAuctionDAOUnitTest" time="0.015">
    <error message="Unexpected errors- , caused by null" type="com.topcoder.db.connectionfactory.ConfigurationException">com.topcoder.db.connectionfactory.ConfigurationException: Unexpected errors- , caused by null
	at com.topcoder.db.connectionfactory.DBConnectionFactoryImpl.&lt;init&gt;(DBConnectionFactoryImpl.java:211)
	at com.orpheus.auction.persistence.UnitTestHelper.getConnection(UnitTestHelper.java:178)
	at com.orpheus.auction.persistence.impl.SQLServerAuctionDAOUnitTest.setUp(SQLServerAuctionDAOUnitTest.java:47)
Caused by: java.lang.reflect.InvocationTargetException
	at java.lang.reflect.Constructor.newInstance(Constructor.java:274)
	at com.topcoder.db.connectionfactory.DBConnectionFactoryImpl.&lt;init&gt;(DBConnectionFactoryImpl.java:190)
	... 16 more
Caused by: java.lang.ClassNotFoundException: The class name com.microsoft.sqlserver.jdbc.SQLServerDriver is invalid.
	at com.topcoder.db.connectionfactory.producers.JDBCConnectionProducer.&lt;init&gt;(JDBCConnectionProducer.java:236)
	... 20 more
Caused by: java.lang.ClassNotFoundException: com.microsoft.sqlserver.jdbc.SQLServerDriver
	at java.net.URLClassLoader$1.run(URLClassLoader.java:199)
	at java.security.AccessController.doPrivileged(Native Method)
	at java.net.URLClassLoader.findClass(URLClassLoader.java:187)
	at java.lang.ClassLoader.loadClass(ClassLoader.java:289)
	at sun.misc.Launcher$AppClassLoader.loadClass(Launcher.java:274)
	at java.lang.ClassLoader.loadClass(ClassLoader.java:235)
	at java.lang.ClassLoader.loadClassInternal(ClassLoader.java:302)
	at java.lang.Class.forName0(Native Method)
	at java.lang.Class.forName(Class.java:141)
	at com.topcoder.db.connectionfactory.producers.JDBCConnectionProducer.&lt;init&gt;(JDBCConnectionProducer.java:234)
	... 20 more
Caused by:java.lang.reflect.InvocationTargetException
	at java.lang.reflect.Constructor.newInstance(Constructor.java:274)
	at com.topcoder.db.connectionfactory.DBConnectionFactoryImpl.&lt;init&gt;(DBConnectionFactoryImpl.java:190)
	at com.orpheus.auction.persistence.UnitTestHelper.getConnection(UnitTestHelper.java:178)
	at com.orpheus.auction.persistence.impl.SQLServerAuctionDAOUnitTest.setUp(SQLServerAuctionDAOUnitTest.java:47)
Caused by: java.lang.ClassNotFoundException: The class name com.microsoft.sqlserver.jdbc.SQLServerDriver is invalid.
	at com.topcoder.db.connectionfactory.producers.JDBCConnectionProducer.&lt;init&gt;(JDBCConnectionProducer.java:236)
	... 20 more
Caused by: java.lang.ClassNotFoundException: com.microsoft.sqlserver.jdbc.SQLServerDriver
	at java.net.URLClassLoader$1.run(URLClassLoader.java:199)
	at java.security.AccessController.doPrivileged(Native Method)
	at java.net.URLClassLoader.findClass(URLClassLoader.java:187)
	at java.lang.ClassLoader.loadClass(ClassLoader.java:289)
	at sun.misc.Launcher$AppClassLoader.loadClass(Launcher.java:274)
	at java.lang.ClassLoader.loadClass(ClassLoader.java:235)
	at java.lang.ClassLoader.loadClassInternal(ClassLoader.java:302)
	at java.lang.Class.forName0(Native Method)
	at java.lang.Class.forName(Class.java:141)
	at com.topcoder.db.connectionfactory.producers.JDBCConnectionProducer.&lt;init&gt;(JDBCConnectionProducer.java:234)
	... 20 more
</error>
  </testcase>
  <testcase name="testUpdateAuction_NullAuction" classname="com.orpheus.auction.persistence.impl.SQLServerAuctionDAOUnitTest" time="0.0">
    <error message="Unexpected errors- , caused by null" type="com.topcoder.db.connectionfactory.ConfigurationException">com.topcoder.db.connectionfactory.ConfigurationException: Unexpected errors- , caused by null
	at com.topcoder.db.connectionfactory.DBConnectionFactoryImpl.&lt;init&gt;(DBConnectionFactoryImpl.java:211)
	at com.orpheus.auction.persistence.UnitTestHelper.getConnection(UnitTestHelper.java:178)
	at com.orpheus.auction.persistence.impl.SQLServerAuctionDAOUnitTest.setUp(SQLServerAuctionDAOUnitTest.java:47)
Caused by: java.lang.reflect.InvocationTargetException
	at java.lang.reflect.Constructor.newInstance(Constructor.java:274)
	at com.topcoder.db.connectionfactory.DBConnectionFactoryImpl.&lt;init&gt;(DBConnectionFactoryImpl.java:190)
	... 16 more
Caused by: java.lang.ClassNotFoundException: The class name com.microsoft.sqlserver.jdbc.SQLServerDriver is invalid.
	at com.topcoder.db.connectionfactory.producers.JDBCConnectionProducer.&lt;init&gt;(JDBCConnectionProducer.java:236)
	... 20 more
Caused by: java.lang.ClassNotFoundException: com.microsoft.sqlserver.jdbc.SQLServerDriver
	at java.net.URLClassLoader$1.run(URLClassLoader.java:199)
	at java.security.AccessController.doPrivileged(Native Method)
	at java.net.URLClassLoader.findClass(URLClassLoader.java:187)
	at java.lang.ClassLoader.loadClass(ClassLoader.java:289)
	at sun.misc.Launcher$AppClassLoader.loadClass(Launcher.java:274)
	at java.lang.ClassLoader.loadClass(ClassLoader.java:235)
	at java.lang.ClassLoader.loadClassInternal(ClassLoader.java:302)
	at java.lang.Class.forName0(Native Method)
	at java.lang.Class.forName(Class.java:141)
	at com.topcoder.db.connectionfactory.producers.JDBCConnectionProducer.&lt;init&gt;(JDBCConnectionProducer.java:234)
	... 20 more
Caused by:java.lang.reflect.InvocationTargetException
	at java.lang.reflect.Constructor.newInstance(Constructor.java:274)
	at com.topcoder.db.connectionfactory.DBConnectionFactoryImpl.&lt;init&gt;(DBConnectionFactoryImpl.java:190)
	at com.orpheus.auction.persistence.UnitTestHelper.getConnection(UnitTestHelper.java:178)
	at com.orpheus.auction.persistence.impl.SQLServerAuctionDAOUnitTest.setUp(SQLServerAuctionDAOUnitTest.java:47)
Caused by: java.lang.ClassNotFoundException: The class name com.microsoft.sqlserver.jdbc.SQLServerDriver is invalid.
	at com.topcoder.db.connectionfactory.producers.JDBCConnectionProducer.&lt;init&gt;(JDBCConnectionProducer.java:236)
	... 20 more
Caused by: java.lang.ClassNotFoundException: com.microsoft.sqlserver.jdbc.SQLServerDriver
	at java.net.URLClassLoader$1.run(URLClassLoader.java:199)
	at java.security.AccessController.doPrivileged(Native Method)
	at java.net.URLClassLoader.findClass(URLClassLoader.java:187)
	at java.lang.ClassLoader.loadClass(ClassLoader.java:289)
	at sun.misc.Launcher$AppClassLoader.loadClass(Launcher.java:274)
	at java.lang.ClassLoader.loadClass(ClassLoader.java:235)
	at java.lang.ClassLoader.loadClassInternal(ClassLoader.java:302)
	at java.lang.Class.forName0(Native Method)
	at java.lang.Class.forName(Class.java:141)
	at com.topcoder.db.connectionfactory.producers.JDBCConnectionProducer.&lt;init&gt;(JDBCConnectionProducer.java:234)
	... 20 more
</error>
  </testcase>
  <testcase name="testUpdateAuction_NullID" classname="com.orpheus.auction.persistence.impl.SQLServerAuctionDAOUnitTest" time="0.016">
    <error message="Unexpected errors- , caused by null" type="com.topcoder.db.connectionfactory.ConfigurationException">com.topcoder.db.connectionfactory.ConfigurationException: Unexpected errors- , caused by null
	at com.topcoder.db.connectionfactory.DBConnectionFactoryImpl.&lt;init&gt;(DBConnectionFactoryImpl.java:211)
	at com.orpheus.auction.persistence.UnitTestHelper.getConnection(UnitTestHelper.java:178)
	at com.orpheus.auction.persistence.impl.SQLServerAuctionDAOUnitTest.setUp(SQLServerAuctionDAOUnitTest.java:47)
Caused by: java.lang.reflect.InvocationTargetException
	at java.lang.reflect.Constructor.newInstance(Constructor.java:274)
	at com.topcoder.db.connectionfactory.DBConnectionFactoryImpl.&lt;init&gt;(DBConnectionFactoryImpl.java:190)
	... 16 more
Caused by: java.lang.ClassNotFoundException: The class name com.microsoft.sqlserver.jdbc.SQLServerDriver is invalid.
	at com.topcoder.db.connectionfactory.producers.JDBCConnectionProducer.&lt;init&gt;(JDBCConnectionProducer.java:236)
	... 20 more
Caused by: java.lang.ClassNotFoundException: com.microsoft.sqlserver.jdbc.SQLServerDriver
	at java.net.URLClassLoader$1.run(URLClassLoader.java:199)
	at java.security.AccessController.doPrivileged(Native Method)
	at java.net.URLClassLoader.findClass(URLClassLoader.java:187)
	at java.lang.ClassLoader.loadClass(ClassLoader.java:289)
	at sun.misc.Launcher$AppClassLoader.loadClass(Launcher.java:274)
	at java.lang.ClassLoader.loadClass(ClassLoader.java:235)
	at java.lang.ClassLoader.loadClassInternal(ClassLoader.java:302)
	at java.lang.Class.forName0(Native Method)
	at java.lang.Class.forName(Class.java:141)
	at com.topcoder.db.connectionfactory.producers.JDBCConnectionProducer.&lt;init&gt;(JDBCConnectionProducer.java:234)
	... 20 more
Caused by:java.lang.reflect.InvocationTargetException
	at java.lang.reflect.Constructor.newInstance(Constructor.java:274)
	at com.topcoder.db.connectionfactory.DBConnectionFactoryImpl.&lt;init&gt;(DBConnectionFactoryImpl.java:190)
	at com.orpheus.auction.persistence.UnitTestHelper.getConnection(UnitTestHelper.java:178)
	at com.orpheus.auction.persistence.impl.SQLServerAuctionDAOUnitTest.setUp(SQLServerAuctionDAOUnitTest.java:47)
Caused by: java.lang.ClassNotFoundException: The class name com.microsoft.sqlserver.jdbc.SQLServerDriver is invalid.
	at com.topcoder.db.connectionfactory.producers.JDBCConnectionProducer.&lt;init&gt;(JDBCConnectionProducer.java:236)
	... 20 more
Caused by: java.lang.ClassNotFoundException: com.microsoft.sqlserver.jdbc.SQLServerDriver
	at java.net.URLClassLoader$1.run(URLClassLoader.java:199)
	at java.security.AccessController.doPrivileged(Native Method)
	at java.net.URLClassLoader.findClass(URLClassLoader.java:187)
	at java.lang.ClassLoader.loadClass(ClassLoader.java:289)
	at sun.misc.Launcher$AppClassLoader.loadClass(Launcher.java:274)
	at java.lang.ClassLoader.loadClass(ClassLoader.java:235)
	at java.lang.ClassLoader.loadClassInternal(ClassLoader.java:302)
	at java.lang.Class.forName0(Native Method)
	at java.lang.Class.forName(Class.java:141)
	at com.topcoder.db.connectionfactory.producers.JDBCConnectionProducer.&lt;init&gt;(JDBCConnectionProducer.java:234)
	... 20 more
</error>
  </testcase>
  <testcase name="testUpdateAuction_NotExistAuction" classname="com.orpheus.auction.persistence.impl.SQLServerAuctionDAOUnitTest" time="0.015">
    <error message="Unexpected errors- , caused by null" type="com.topcoder.db.connectionfactory.ConfigurationException">com.topcoder.db.connectionfactory.ConfigurationException: Unexpected errors- , caused by null
	at com.topcoder.db.connectionfactory.DBConnectionFactoryImpl.&lt;init&gt;(DBConnectionFactoryImpl.java:211)
	at com.orpheus.auction.persistence.UnitTestHelper.getConnection(UnitTestHelper.java:178)
	at com.orpheus.auction.persistence.impl.SQLServerAuctionDAOUnitTest.setUp(SQLServerAuctionDAOUnitTest.java:47)
Caused by: java.lang.reflect.InvocationTargetException
	at java.lang.reflect.Constructor.newInstance(Constructor.java:274)
	at com.topcoder.db.connectionfactory.DBConnectionFactoryImpl.&lt;init&gt;(DBConnectionFactoryImpl.java:190)
	... 16 more
Caused by: java.lang.ClassNotFoundException: The class name com.microsoft.sqlserver.jdbc.SQLServerDriver is invalid.
	at com.topcoder.db.connectionfactory.producers.JDBCConnectionProducer.&lt;init&gt;(JDBCConnectionProducer.java:236)
	... 20 more
Caused by: java.lang.ClassNotFoundException: com.microsoft.sqlserver.jdbc.SQLServerDriver
	at java.net.URLClassLoader$1.run(URLClassLoader.java:199)
	at java.security.AccessController.doPrivileged(Native Method)
	at java.net.URLClassLoader.findClass(URLClassLoader.java:187)
	at java.lang.ClassLoader.loadClass(ClassLoader.java:289)
	at sun.misc.Launcher$AppClassLoader.loadClass(Launcher.java:274)
	at java.lang.ClassLoader.loadClass(ClassLoader.java:235)
	at java.lang.ClassLoader.loadClassInternal(ClassLoader.java:302)
	at java.lang.Class.forName0(Native Method)
	at java.lang.Class.forName(Class.java:141)
	at com.topcoder.db.connectionfactory.producers.JDBCConnectionProducer.&lt;init&gt;(JDBCConnectionProducer.java:234)
	... 20 more
Caused by:java.lang.reflect.InvocationTargetException
	at java.lang.reflect.Constructor.newInstance(Constructor.java:274)
	at com.topcoder.db.connectionfactory.DBConnectionFactoryImpl.&lt;init&gt;(DBConnectionFactoryImpl.java:190)
	at com.orpheus.auction.persistence.UnitTestHelper.getConnection(UnitTestHelper.java:178)
	at com.orpheus.auction.persistence.impl.SQLServerAuctionDAOUnitTest.setUp(SQLServerAuctionDAOUnitTest.java:47)
Caused by: java.lang.ClassNotFoundException: The class name com.microsoft.sqlserver.jdbc.SQLServerDriver is invalid.
	at com.topcoder.db.connectionfactory.producers.JDBCConnectionProducer.&lt;init&gt;(JDBCConnectionProducer.java:236)
	... 20 more
Caused by: java.lang.ClassNotFoundException: com.microsoft.sqlserver.jdbc.SQLServerDriver
	at java.net.URLClassLoader$1.run(URLClassLoader.java:199)
	at java.security.AccessController.doPrivileged(Native Method)
	at java.net.URLClassLoader.findClass(URLClassLoader.java:187)
	at java.lang.ClassLoader.loadClass(ClassLoader.java:289)
	at sun.misc.Launcher$AppClassLoader.loadClass(Launcher.java:274)
	at java.lang.ClassLoader.loadClass(ClassLoader.java:235)
	at java.lang.ClassLoader.loadClassInternal(ClassLoader.java:302)
	at java.lang.Class.forName0(Native Method)
	at java.lang.Class.forName(Class.java:141)
	at com.topcoder.db.connectionfactory.producers.JDBCConnectionProducer.&lt;init&gt;(JDBCConnectionProducer.java:234)
	... 20 more
</error>
  </testcase>
  <testcase name="testUpdateBids_NullBids" classname="com.orpheus.auction.persistence.impl.SQLServerAuctionDAOUnitTest" time="0.016">
    <error message="Unexpected errors- , caused by null" type="com.topcoder.db.connectionfactory.ConfigurationException">com.topcoder.db.connectionfactory.ConfigurationException: Unexpected errors- , caused by null
	at com.topcoder.db.connectionfactory.DBConnectionFactoryImpl.&lt;init&gt;(DBConnectionFactoryImpl.java:211)
	at com.orpheus.auction.persistence.UnitTestHelper.getConnection(UnitTestHelper.java:178)
	at com.orpheus.auction.persistence.impl.SQLServerAuctionDAOUnitTest.setUp(SQLServerAuctionDAOUnitTest.java:47)
Caused by: java.lang.reflect.InvocationTargetException
	at java.lang.reflect.Constructor.newInstance(Constructor.java:274)
	at com.topcoder.db.connectionfactory.DBConnectionFactoryImpl.&lt;init&gt;(DBConnectionFactoryImpl.java:190)
	... 16 more
Caused by: java.lang.ClassNotFoundException: The class name com.microsoft.sqlserver.jdbc.SQLServerDriver is invalid.
	at com.topcoder.db.connectionfactory.producers.JDBCConnectionProducer.&lt;init&gt;(JDBCConnectionProducer.java:236)
	... 20 more
Caused by: java.lang.ClassNotFoundException: com.microsoft.sqlserver.jdbc.SQLServerDriver
	at java.net.URLClassLoader$1.run(URLClassLoader.java:199)
	at java.security.AccessController.doPrivileged(Native Method)
	at java.net.URLClassLoader.findClass(URLClassLoader.java:187)
	at java.lang.ClassLoader.loadClass(ClassLoader.java:289)
	at sun.misc.Launcher$AppClassLoader.loadClass(Launcher.java:274)
	at java.lang.ClassLoader.loadClass(ClassLoader.java:235)
	at java.lang.ClassLoader.loadClassInternal(ClassLoader.java:302)
	at java.lang.Class.forName0(Native Method)
	at java.lang.Class.forName(Class.java:141)
	at com.topcoder.db.connectionfactory.producers.JDBCConnectionProducer.&lt;init&gt;(JDBCConnectionProducer.java:234)
	... 20 more
Caused by:java.lang.reflect.InvocationTargetException
	at java.lang.reflect.Constructor.newInstance(Constructor.java:274)
	at com.topcoder.db.connectionfactory.DBConnectionFactoryImpl.&lt;init&gt;(DBConnectionFactoryImpl.java:190)
	at com.orpheus.auction.persistence.UnitTestHelper.getConnection(UnitTestHelper.java:178)
	at com.orpheus.auction.persistence.impl.SQLServerAuctionDAOUnitTest.setUp(SQLServerAuctionDAOUnitTest.java:47)
Caused by: java.lang.ClassNotFoundException: The class name com.microsoft.sqlserver.jdbc.SQLServerDriver is invalid.
	at com.topcoder.db.connectionfactory.producers.JDBCConnectionProducer.&lt;init&gt;(JDBCConnectionProducer.java:236)
	... 20 more
Caused by: java.lang.ClassNotFoundException: com.microsoft.sqlserver.jdbc.SQLServerDriver
	at java.net.URLClassLoader$1.run(URLClassLoader.java:199)
	at java.security.AccessController.doPrivileged(Native Method)
	at java.net.URLClassLoader.findClass(URLClassLoader.java:187)
	at java.lang.ClassLoader.loadClass(ClassLoader.java:289)
	at sun.misc.Launcher$AppClassLoader.loadClass(Launcher.java:274)
	at java.lang.ClassLoader.loadClass(ClassLoader.java:235)
	at java.lang.ClassLoader.loadClassInternal(ClassLoader.java:302)
	at java.lang.Class.forName0(Native Method)
	at java.lang.Class.forName(Class.java:141)
	at com.topcoder.db.connectionfactory.producers.JDBCConnectionProducer.&lt;init&gt;(JDBCConnectionProducer.java:234)
	... 20 more
</error>
  </testcase>
  <testcase name="testUpdateBids_ContainNullBid" classname="com.orpheus.auction.persistence.impl.SQLServerAuctionDAOUnitTest" time="0.0">
    <error message="Unexpected errors- , caused by null" type="com.topcoder.db.connectionfactory.ConfigurationException">com.topcoder.db.connectionfactory.ConfigurationException: Unexpected errors- , caused by null
	at com.topcoder.db.connectionfactory.DBConnectionFactoryImpl.&lt;init&gt;(DBConnectionFactoryImpl.java:211)
	at com.orpheus.auction.persistence.UnitTestHelper.getConnection(UnitTestHelper.java:178)
	at com.orpheus.auction.persistence.impl.SQLServerAuctionDAOUnitTest.setUp(SQLServerAuctionDAOUnitTest.java:47)
Caused by: java.lang.reflect.InvocationTargetException
	at java.lang.reflect.Constructor.newInstance(Constructor.java:274)
	at com.topcoder.db.connectionfactory.DBConnectionFactoryImpl.&lt;init&gt;(DBConnectionFactoryImpl.java:190)
	... 16 more
Caused by: java.lang.ClassNotFoundException: The class name com.microsoft.sqlserver.jdbc.SQLServerDriver is invalid.
	at com.topcoder.db.connectionfactory.producers.JDBCConnectionProducer.&lt;init&gt;(JDBCConnectionProducer.java:236)
	... 20 more
Caused by: java.lang.ClassNotFoundException: com.microsoft.sqlserver.jdbc.SQLServerDriver
	at java.net.URLClassLoader$1.run(URLClassLoader.java:199)
	at java.security.AccessController.doPrivileged(Native Method)
	at java.net.URLClassLoader.findClass(URLClassLoader.java:187)
	at java.lang.ClassLoader.loadClass(ClassLoader.java:289)
	at sun.misc.Launcher$AppClassLoader.loadClass(Launcher.java:274)
	at java.lang.ClassLoader.loadClass(ClassLoader.java:235)
	at java.lang.ClassLoader.loadClassInternal(ClassLoader.java:302)
	at java.lang.Class.forName0(Native Method)
	at java.lang.Class.forName(Class.java:141)
	at com.topcoder.db.connectionfactory.producers.JDBCConnectionProducer.&lt;init&gt;(JDBCConnectionProducer.java:234)
	... 20 more
Caused by:java.lang.reflect.InvocationTargetException
	at java.lang.reflect.Constructor.newInstance(Constructor.java:274)
	at com.topcoder.db.connectionfactory.DBConnectionFactoryImpl.&lt;init&gt;(DBConnectionFactoryImpl.java:190)
	at com.orpheus.auction.persistence.UnitTestHelper.getConnection(UnitTestHelper.java:178)
	at com.orpheus.auction.persistence.impl.SQLServerAuctionDAOUnitTest.setUp(SQLServerAuctionDAOUnitTest.java:47)
Caused by: java.lang.ClassNotFoundException: The class name com.microsoft.sqlserver.jdbc.SQLServerDriver is invalid.
	at com.topcoder.db.connectionfactory.producers.JDBCConnectionProducer.&lt;init&gt;(JDBCConnectionProducer.java:236)
	... 20 more
Caused by: java.lang.ClassNotFoundException: com.microsoft.sqlserver.jdbc.SQLServerDriver
	at java.net.URLClassLoader$1.run(URLClassLoader.java:199)
	at java.security.AccessController.doPrivileged(Native Method)
	at java.net.URLClassLoader.findClass(URLClassLoader.java:187)
	at java.lang.ClassLoader.loadClass(ClassLoader.java:289)
	at sun.misc.Launcher$AppClassLoader.loadClass(Launcher.java:274)
	at java.lang.ClassLoader.loadClass(ClassLoader.java:235)
	at java.lang.ClassLoader.loadClassInternal(ClassLoader.java:302)
	at java.lang.Class.forName0(Native Method)
	at java.lang.Class.forName(Class.java:141)
	at com.topcoder.db.connectionfactory.producers.JDBCConnectionProducer.&lt;init&gt;(JDBCConnectionProducer.java:234)
	... 20 more
</error>
  </testcase>
  <testcase name="testUpdateBids_NotExistAuction" classname="com.orpheus.auction.persistence.impl.SQLServerAuctionDAOUnitTest" time="0.016">
    <error message="Unexpected errors- , caused by null" type="com.topcoder.db.connectionfactory.ConfigurationException">com.topcoder.db.connectionfactory.ConfigurationException: Unexpected errors- , caused by null
	at com.topcoder.db.connectionfactory.DBConnectionFactoryImpl.&lt;init&gt;(DBConnectionFactoryImpl.java:211)
	at com.orpheus.auction.persistence.UnitTestHelper.getConnection(UnitTestHelper.java:178)
	at com.orpheus.auction.persistence.impl.SQLServerAuctionDAOUnitTest.setUp(SQLServerAuctionDAOUnitTest.java:47)
Caused by: java.lang.reflect.InvocationTargetException
	at java.lang.reflect.Constructor.newInstance(Constructor.java:274)
	at com.topcoder.db.connectionfactory.DBConnectionFactoryImpl.&lt;init&gt;(DBConnectionFactoryImpl.java:190)
	... 16 more
Caused by: java.lang.ClassNotFoundException: The class name com.microsoft.sqlserver.jdbc.SQLServerDriver is invalid.
	at com.topcoder.db.connectionfactory.producers.JDBCConnectionProducer.&lt;init&gt;(JDBCConnectionProducer.java:236)
	... 20 more
Caused by: java.lang.ClassNotFoundException: com.microsoft.sqlserver.jdbc.SQLServerDriver
	at java.net.URLClassLoader$1.run(URLClassLoader.java:199)
	at java.security.AccessController.doPrivileged(Native Method)
	at java.net.URLClassLoader.findClass(URLClassLoader.java:187)
	at java.lang.ClassLoader.loadClass(ClassLoader.java:289)
	at sun.misc.Launcher$AppClassLoader.loadClass(Launcher.java:274)
	at java.lang.ClassLoader.loadClass(ClassLoader.java:235)
	at java.lang.ClassLoader.loadClassInternal(ClassLoader.java:302)
	at java.lang.Class.forName0(Native Method)
	at java.lang.Class.forName(Class.java:141)
	at com.topcoder.db.connectionfactory.producers.JDBCConnectionProducer.&lt;init&gt;(JDBCConnectionProducer.java:234)
	... 20 more
Caused by:java.lang.reflect.InvocationTargetException
	at java.lang.reflect.Constructor.newInstance(Constructor.java:274)
	at com.topcoder.db.connectionfactory.DBConnectionFactoryImpl.&lt;init&gt;(DBConnectionFactoryImpl.java:190)
	at com.orpheus.auction.persistence.UnitTestHelper.getConnection(UnitTestHelper.java:178)
	at com.orpheus.auction.persistence.impl.SQLServerAuctionDAOUnitTest.setUp(SQLServerAuctionDAOUnitTest.java:47)
Caused by: java.lang.ClassNotFoundException: The class name com.microsoft.sqlserver.jdbc.SQLServerDriver is invalid.
	at com.topcoder.db.connectionfactory.producers.JDBCConnectionProducer.&lt;init&gt;(JDBCConnectionProducer.java:236)
	... 20 more
Caused by: java.lang.ClassNotFoundException: com.microsoft.sqlserver.jdbc.SQLServerDriver
	at java.net.URLClassLoader$1.run(URLClassLoader.java:199)
	at java.security.AccessController.doPrivileged(Native Method)
	at java.net.URLClassLoader.findClass(URLClassLoader.java:187)
	at java.lang.ClassLoader.loadClass(ClassLoader.java:289)
	at sun.misc.Launcher$AppClassLoader.loadClass(Launcher.java:274)
	at java.lang.ClassLoader.loadClass(ClassLoader.java:235)
	at java.lang.ClassLoader.loadClassInternal(ClassLoader.java:302)
	at java.lang.Class.forName0(Native Method)
	at java.lang.Class.forName(Class.java:141)
	at com.topcoder.db.connectionfactory.producers.JDBCConnectionProducer.&lt;init&gt;(JDBCConnectionProducer.java:234)
	... 20 more
</error>
  </testcase>
  <testcase name="testFindAuctionsByDate_Accuracy1" classname="com.orpheus.auction.persistence.impl.SQLServerAuctionDAOUnitTest" time="0.015">
    <error message="Unexpected errors- , caused by null" type="com.topcoder.db.connectionfactory.ConfigurationException">com.topcoder.db.connectionfactory.ConfigurationException: Unexpected errors- , caused by null
	at com.topcoder.db.connectionfactory.DBConnectionFactoryImpl.&lt;init&gt;(DBConnectionFactoryImpl.java:211)
	at com.orpheus.auction.persistence.UnitTestHelper.getConnection(UnitTestHelper.java:178)
	at com.orpheus.auction.persistence.impl.SQLServerAuctionDAOUnitTest.setUp(SQLServerAuctionDAOUnitTest.java:47)
Caused by: java.lang.reflect.InvocationTargetException
	at java.lang.reflect.Constructor.newInstance(Constructor.java:274)
	at com.topcoder.db.connectionfactory.DBConnectionFactoryImpl.&lt;init&gt;(DBConnectionFactoryImpl.java:190)
	... 16 more
Caused by: java.lang.ClassNotFoundException: The class name com.microsoft.sqlserver.jdbc.SQLServerDriver is invalid.
	at com.topcoder.db.connectionfactory.producers.JDBCConnectionProducer.&lt;init&gt;(JDBCConnectionProducer.java:236)
	... 20 more
Caused by: java.lang.ClassNotFoundException: com.microsoft.sqlserver.jdbc.SQLServerDriver
	at java.net.URLClassLoader$1.run(URLClassLoader.java:199)
	at java.security.AccessController.doPrivileged(Native Method)
	at java.net.URLClassLoader.findClass(URLClassLoader.java:187)
	at java.lang.ClassLoader.loadClass(ClassLoader.java:289)
	at sun.misc.Launcher$AppClassLoader.loadClass(Launcher.java:274)
	at java.lang.ClassLoader.loadClass(ClassLoader.java:235)
	at java.lang.ClassLoader.loadClassInternal(ClassLoader.java:302)
	at java.lang.Class.forName0(Native Method)
	at java.lang.Class.forName(Class.java:141)
	at com.topcoder.db.connectionfactory.producers.JDBCConnectionProducer.&lt;init&gt;(JDBCConnectionProducer.java:234)
	... 20 more
Caused by:java.lang.reflect.InvocationTargetException
	at java.lang.reflect.Constructor.newInstance(Constructor.java:274)
	at com.topcoder.db.connectionfactory.DBConnectionFactoryImpl.&lt;init&gt;(DBConnectionFactoryImpl.java:190)
	at com.orpheus.auction.persistence.UnitTestHelper.getConnection(UnitTestHelper.java:178)
	at com.orpheus.auction.persistence.impl.SQLServerAuctionDAOUnitTest.setUp(SQLServerAuctionDAOUnitTest.java:47)
Caused by: java.lang.ClassNotFoundException: The class name com.microsoft.sqlserver.jdbc.SQLServerDriver is invalid.
	at com.topcoder.db.connectionfactory.producers.JDBCConnectionProducer.&lt;init&gt;(JDBCConnectionProducer.java:236)
	... 20 more
Caused by: java.lang.ClassNotFoundException: com.microsoft.sqlserver.jdbc.SQLServerDriver
	at java.net.URLClassLoader$1.run(URLClassLoader.java:199)
	at java.security.AccessController.doPrivileged(Native Method)
	at java.net.URLClassLoader.findClass(URLClassLoader.java:187)
	at java.lang.ClassLoader.loadClass(ClassLoader.java:289)
	at sun.misc.Launcher$AppClassLoader.loadClass(Launcher.java:274)
	at java.lang.ClassLoader.loadClass(ClassLoader.java:235)
	at java.lang.ClassLoader.loadClassInternal(ClassLoader.java:302)
	at java.lang.Class.forName0(Native Method)
	at java.lang.Class.forName(Class.java:141)
	at com.topcoder.db.connectionfactory.producers.JDBCConnectionProducer.&lt;init&gt;(JDBCConnectionProducer.java:234)
	... 20 more
</error>
  </testcase>
  <testcase name="testFindAuctionsByDate_Accuracy2" classname="com.orpheus.auction.persistence.impl.SQLServerAuctionDAOUnitTest" time="0.016">
    <error message="Unexpected errors- , caused by null" type="com.topcoder.db.connectionfactory.ConfigurationException">com.topcoder.db.connectionfactory.ConfigurationException: Unexpected errors- , caused by null
	at com.topcoder.db.connectionfactory.DBConnectionFactoryImpl.&lt;init&gt;(DBConnectionFactoryImpl.java:211)
	at com.orpheus.auction.persistence.UnitTestHelper.getConnection(UnitTestHelper.java:178)
	at com.orpheus.auction.persistence.impl.SQLServerAuctionDAOUnitTest.setUp(SQLServerAuctionDAOUnitTest.java:47)
Caused by: java.lang.reflect.InvocationTargetException
	at java.lang.reflect.Constructor.newInstance(Constructor.java:274)
	at com.topcoder.db.connectionfactory.DBConnectionFactoryImpl.&lt;init&gt;(DBConnectionFactoryImpl.java:190)
	... 16 more
Caused by: java.lang.ClassNotFoundException: The class name com.microsoft.sqlserver.jdbc.SQLServerDriver is invalid.
	at com.topcoder.db.connectionfactory.producers.JDBCConnectionProducer.&lt;init&gt;(JDBCConnectionProducer.java:236)
	... 20 more
Caused by: java.lang.ClassNotFoundException: com.microsoft.sqlserver.jdbc.SQLServerDriver
	at java.net.URLClassLoader$1.run(URLClassLoader.java:199)
	at java.security.AccessController.doPrivileged(Native Method)
	at java.net.URLClassLoader.findClass(URLClassLoader.java:187)
	at java.lang.ClassLoader.loadClass(ClassLoader.java:289)
	at sun.misc.Launcher$AppClassLoader.loadClass(Launcher.java:274)
	at java.lang.ClassLoader.loadClass(ClassLoader.java:235)
	at java.lang.ClassLoader.loadClassInternal(ClassLoader.java:302)
	at java.lang.Class.forName0(Native Method)
	at java.lang.Class.forName(Class.java:141)
	at com.topcoder.db.connectionfactory.producers.JDBCConnectionProducer.&lt;init&gt;(JDBCConnectionProducer.java:234)
	... 20 more
Caused by:java.lang.reflect.InvocationTargetException
	at java.lang.reflect.Constructor.newInstance(Constructor.java:274)
	at com.topcoder.db.connectionfactory.DBConnectionFactoryImpl.&lt;init&gt;(DBConnectionFactoryImpl.java:190)
	at com.orpheus.auction.persistence.UnitTestHelper.getConnection(UnitTestHelper.java:178)
	at com.orpheus.auction.persistence.impl.SQLServerAuctionDAOUnitTest.setUp(SQLServerAuctionDAOUnitTest.java:47)
Caused by: java.lang.ClassNotFoundException: The class name com.microsoft.sqlserver.jdbc.SQLServerDriver is invalid.
	at com.topcoder.db.connectionfactory.producers.JDBCConnectionProducer.&lt;init&gt;(JDBCConnectionProducer.java:236)
	... 20 more
Caused by: java.lang.ClassNotFoundException: com.microsoft.sqlserver.jdbc.SQLServerDriver
	at java.net.URLClassLoader$1.run(URLClassLoader.java:199)
	at java.security.AccessController.doPrivileged(Native Method)
	at java.net.URLClassLoader.findClass(URLClassLoader.java:187)
	at java.lang.ClassLoader.loadClass(ClassLoader.java:289)
	at sun.misc.Launcher$AppClassLoader.loadClass(Launcher.java:274)
	at java.lang.ClassLoader.loadClass(ClassLoader.java:235)
	at java.lang.ClassLoader.loadClassInternal(ClassLoader.java:302)
	at java.lang.Class.forName0(Native Method)
	at java.lang.Class.forName(Class.java:141)
	at com.topcoder.db.connectionfactory.producers.JDBCConnectionProducer.&lt;init&gt;(JDBCConnectionProducer.java:234)
	... 20 more
</error>
  </testcase>
  <testcase name="testFindAuctionsByDate_Accuracy3" classname="com.orpheus.auction.persistence.impl.SQLServerAuctionDAOUnitTest" time="0.0">
    <error message="Unexpected errors- , caused by null" type="com.topcoder.db.connectionfactory.ConfigurationException">com.topcoder.db.connectionfactory.ConfigurationException: Unexpected errors- , caused by null
	at com.topcoder.db.connectionfactory.DBConnectionFactoryImpl.&lt;init&gt;(DBConnectionFactoryImpl.java:211)
	at com.orpheus.auction.persistence.UnitTestHelper.getConnection(UnitTestHelper.java:178)
	at com.orpheus.auction.persistence.impl.SQLServerAuctionDAOUnitTest.setUp(SQLServerAuctionDAOUnitTest.java:47)
Caused by: java.lang.reflect.InvocationTargetException
	at java.lang.reflect.Constructor.newInstance(Constructor.java:274)
	at com.topcoder.db.connectionfactory.DBConnectionFactoryImpl.&lt;init&gt;(DBConnectionFactoryImpl.java:190)
	... 16 more
Caused by: java.lang.ClassNotFoundException: The class name com.microsoft.sqlserver.jdbc.SQLServerDriver is invalid.
	at com.topcoder.db.connectionfactory.producers.JDBCConnectionProducer.&lt;init&gt;(JDBCConnectionProducer.java:236)
	... 20 more
Caused by: java.lang.ClassNotFoundException: com.microsoft.sqlserver.jdbc.SQLServerDriver
	at java.net.URLClassLoader$1.run(URLClassLoader.java:199)
	at java.security.AccessController.doPrivileged(Native Method)
	at java.net.URLClassLoader.findClass(URLClassLoader.java:187)
	at java.lang.ClassLoader.loadClass(ClassLoader.java:289)
	at sun.misc.Launcher$AppClassLoader.loadClass(Launcher.java:274)
	at java.lang.ClassLoader.loadClass(ClassLoader.java:235)
	at java.lang.ClassLoader.loadClassInternal(ClassLoader.java:302)
	at java.lang.Class.forName0(Native Method)
	at java.lang.Class.forName(Class.java:141)
	at com.topcoder.db.connectionfactory.producers.JDBCConnectionProducer.&lt;init&gt;(JDBCConnectionProducer.java:234)
	... 20 more
Caused by:java.lang.reflect.InvocationTargetException
	at java.lang.reflect.Constructor.newInstance(Constructor.java:274)
	at com.topcoder.db.connectionfactory.DBConnectionFactoryImpl.&lt;init&gt;(DBConnectionFactoryImpl.java:190)
	at com.orpheus.auction.persistence.UnitTestHelper.getConnection(UnitTestHelper.java:178)
	at com.orpheus.auction.persistence.impl.SQLServerAuctionDAOUnitTest.setUp(SQLServerAuctionDAOUnitTest.java:47)
Caused by: java.lang.ClassNotFoundException: The class name com.microsoft.sqlserver.jdbc.SQLServerDriver is invalid.
	at com.topcoder.db.connectionfactory.producers.JDBCConnectionProducer.&lt;init&gt;(JDBCConnectionProducer.java:236)
	... 20 more
Caused by: java.lang.ClassNotFoundException: com.microsoft.sqlserver.jdbc.SQLServerDriver
	at java.net.URLClassLoader$1.run(URLClassLoader.java:199)
	at java.security.AccessController.doPrivileged(Native Method)
	at java.net.URLClassLoader.findClass(URLClassLoader.java:187)
	at java.lang.ClassLoader.loadClass(ClassLoader.java:289)
	at sun.misc.Launcher$AppClassLoader.loadClass(Launcher.java:274)
	at java.lang.ClassLoader.loadClass(ClassLoader.java:235)
	at java.lang.ClassLoader.loadClassInternal(ClassLoader.java:302)
	at java.lang.Class.forName0(Native Method)
	at java.lang.Class.forName(Class.java:141)
	at com.topcoder.db.connectionfactory.producers.JDBCConnectionProducer.&lt;init&gt;(JDBCConnectionProducer.java:234)
	... 20 more
</error>
  </testcase>
  <testcase name="testFindAuctionsByDate_Accuracy4" classname="com.orpheus.auction.persistence.impl.SQLServerAuctionDAOUnitTest" time="0.031">
    <error message="Unexpected errors- , caused by null" type="com.topcoder.db.connectionfactory.ConfigurationException">com.topcoder.db.connectionfactory.ConfigurationException: Unexpected errors- , caused by null
	at com.topcoder.db.connectionfactory.DBConnectionFactoryImpl.&lt;init&gt;(DBConnectionFactoryImpl.java:211)
	at com.orpheus.auction.persistence.UnitTestHelper.getConnection(UnitTestHelper.java:178)
	at com.orpheus.auction.persistence.impl.SQLServerAuctionDAOUnitTest.setUp(SQLServerAuctionDAOUnitTest.java:47)
Caused by: java.lang.reflect.InvocationTargetException
	at java.lang.reflect.Constructor.newInstance(Constructor.java:274)
	at com.topcoder.db.connectionfactory.DBConnectionFactoryImpl.&lt;init&gt;(DBConnectionFactoryImpl.java:190)
	... 16 more
Caused by: java.lang.ClassNotFoundException: The class name com.microsoft.sqlserver.jdbc.SQLServerDriver is invalid.
	at com.topcoder.db.connectionfactory.producers.JDBCConnectionProducer.&lt;init&gt;(JDBCConnectionProducer.java:236)
	... 20 more
Caused by: java.lang.ClassNotFoundException: com.microsoft.sqlserver.jdbc.SQLServerDriver
	at java.net.URLClassLoader$1.run(URLClassLoader.java:199)
	at java.security.AccessController.doPrivileged(Native Method)
	at java.net.URLClassLoader.findClass(URLClassLoader.java:187)
	at java.lang.ClassLoader.loadClass(ClassLoader.java:289)
	at sun.misc.Launcher$AppClassLoader.loadClass(Launcher.java:274)
	at java.lang.ClassLoader.loadClass(ClassLoader.java:235)
	at java.lang.ClassLoader.loadClassInternal(ClassLoader.java:302)
	at java.lang.Class.forName0(Native Method)
	at java.lang.Class.forName(Class.java:141)
	at com.topcoder.db.connectionfactory.producers.JDBCConnectionProducer.&lt;init&gt;(JDBCConnectionProducer.java:234)
	... 20 more
Caused by:java.lang.reflect.InvocationTargetException
	at java.lang.reflect.Constructor.newInstance(Constructor.java:274)
	at com.topcoder.db.connectionfactory.DBConnectionFactoryImpl.&lt;init&gt;(DBConnectionFactoryImpl.java:190)
	at com.orpheus.auction.persistence.UnitTestHelper.getConnection(UnitTestHelper.java:178)
	at com.orpheus.auction.persistence.impl.SQLServerAuctionDAOUnitTest.setUp(SQLServerAuctionDAOUnitTest.java:47)
Caused by: java.lang.ClassNotFoundException: The class name com.microsoft.sqlserver.jdbc.SQLServerDriver is invalid.
	at com.topcoder.db.connectionfactory.producers.JDBCConnectionProducer.&lt;init&gt;(JDBCConnectionProducer.java:236)
	... 20 more
Caused by: java.lang.ClassNotFoundException: com.microsoft.sqlserver.jdbc.SQLServerDriver
	at java.net.URLClassLoader$1.run(URLClassLoader.java:199)
	at java.security.AccessController.doPrivileged(Native Method)
	at java.net.URLClassLoader.findClass(URLClassLoader.java:187)
	at java.lang.ClassLoader.loadClass(ClassLoader.java:289)
	at sun.misc.Launcher$AppClassLoader.loadClass(Launcher.java:274)
	at java.lang.ClassLoader.loadClass(ClassLoader.java:235)
	at java.lang.ClassLoader.loadClassInternal(ClassLoader.java:302)
	at java.lang.Class.forName0(Native Method)
	at java.lang.Class.forName(Class.java:141)
	at com.topcoder.db.connectionfactory.producers.JDBCConnectionProducer.&lt;init&gt;(JDBCConnectionProducer.java:234)
	... 20 more
</error>
  </testcase>
  <testcase name="testFindAuctionsByBidder_Accuracy1" classname="com.orpheus.auction.persistence.impl.SQLServerAuctionDAOUnitTest" time="0.016">
    <error message="Unexpected errors- , caused by null" type="com.topcoder.db.connectionfactory.ConfigurationException">com.topcoder.db.connectionfactory.ConfigurationException: Unexpected errors- , caused by null
	at com.topcoder.db.connectionfactory.DBConnectionFactoryImpl.&lt;init&gt;(DBConnectionFactoryImpl.java:211)
	at com.orpheus.auction.persistence.UnitTestHelper.getConnection(UnitTestHelper.java:178)
	at com.orpheus.auction.persistence.impl.SQLServerAuctionDAOUnitTest.setUp(SQLServerAuctionDAOUnitTest.java:47)
Caused by: java.lang.reflect.InvocationTargetException
	at java.lang.reflect.Constructor.newInstance(Constructor.java:274)
	at com.topcoder.db.connectionfactory.DBConnectionFactoryImpl.&lt;init&gt;(DBConnectionFactoryImpl.java:190)
	... 16 more
Caused by: java.lang.ClassNotFoundException: The class name com.microsoft.sqlserver.jdbc.SQLServerDriver is invalid.
	at com.topcoder.db.connectionfactory.producers.JDBCConnectionProducer.&lt;init&gt;(JDBCConnectionProducer.java:236)
	... 20 more
Caused by: java.lang.ClassNotFoundException: com.microsoft.sqlserver.jdbc.SQLServerDriver
	at java.net.URLClassLoader$1.run(URLClassLoader.java:199)
	at java.security.AccessController.doPrivileged(Native Method)
	at java.net.URLClassLoader.findClass(URLClassLoader.java:187)
	at java.lang.ClassLoader.loadClass(ClassLoader.java:289)
	at sun.misc.Launcher$AppClassLoader.loadClass(Launcher.java:274)
	at java.lang.ClassLoader.loadClass(ClassLoader.java:235)
	at java.lang.ClassLoader.loadClassInternal(ClassLoader.java:302)
	at java.lang.Class.forName0(Native Method)
	at java.lang.Class.forName(Class.java:141)
	at com.topcoder.db.connectionfactory.producers.JDBCConnectionProducer.&lt;init&gt;(JDBCConnectionProducer.java:234)
	... 20 more
Caused by:java.lang.reflect.InvocationTargetException
	at java.lang.reflect.Constructor.newInstance(Constructor.java:274)
	at com.topcoder.db.connectionfactory.DBConnectionFactoryImpl.&lt;init&gt;(DBConnectionFactoryImpl.java:190)
	at com.orpheus.auction.persistence.UnitTestHelper.getConnection(UnitTestHelper.java:178)
	at com.orpheus.auction.persistence.impl.SQLServerAuctionDAOUnitTest.setUp(SQLServerAuctionDAOUnitTest.java:47)
Caused by: java.lang.ClassNotFoundException: The class name com.microsoft.sqlserver.jdbc.SQLServerDriver is invalid.
	at com.topcoder.db.connectionfactory.producers.JDBCConnectionProducer.&lt;init&gt;(JDBCConnectionProducer.java:236)
	... 20 more
Caused by: java.lang.ClassNotFoundException: com.microsoft.sqlserver.jdbc.SQLServerDriver
	at java.net.URLClassLoader$1.run(URLClassLoader.java:199)
	at java.security.AccessController.doPrivileged(Native Method)
	at java.net.URLClassLoader.findClass(URLClassLoader.java:187)
	at java.lang.ClassLoader.loadClass(ClassLoader.java:289)
	at sun.misc.Launcher$AppClassLoader.loadClass(Launcher.java:274)
	at java.lang.ClassLoader.loadClass(ClassLoader.java:235)
	at java.lang.ClassLoader.loadClassInternal(ClassLoader.java:302)
	at java.lang.Class.forName0(Native Method)
	at java.lang.Class.forName(Class.java:141)
	at com.topcoder.db.connectionfactory.producers.JDBCConnectionProducer.&lt;init&gt;(JDBCConnectionProducer.java:234)
	... 20 more
</error>
  </testcase>
  <testcase name="testFindAuctionsByBidder_Accuracy2" classname="com.orpheus.auction.persistence.impl.SQLServerAuctionDAOUnitTest" time="0.015">
    <error message="Unexpected errors- , caused by null" type="com.topcoder.db.connectionfactory.ConfigurationException">com.topcoder.db.connectionfactory.ConfigurationException: Unexpected errors- , caused by null
	at com.topcoder.db.connectionfactory.DBConnectionFactoryImpl.&lt;init&gt;(DBConnectionFactoryImpl.java:211)
	at com.orpheus.auction.persistence.UnitTestHelper.getConnection(UnitTestHelper.java:178)
	at com.orpheus.auction.persistence.impl.SQLServerAuctionDAOUnitTest.setUp(SQLServerAuctionDAOUnitTest.java:47)
Caused by: java.lang.reflect.InvocationTargetException
	at java.lang.reflect.Constructor.newInstance(Constructor.java:274)
	at com.topcoder.db.connectionfactory.DBConnectionFactoryImpl.&lt;init&gt;(DBConnectionFactoryImpl.java:190)
	... 16 more
Caused by: java.lang.ClassNotFoundException: The class name com.microsoft.sqlserver.jdbc.SQLServerDriver is invalid.
	at com.topcoder.db.connectionfactory.producers.JDBCConnectionProducer.&lt;init&gt;(JDBCConnectionProducer.java:236)
	... 20 more
Caused by: java.lang.ClassNotFoundException: com.microsoft.sqlserver.jdbc.SQLServerDriver
	at java.net.URLClassLoader$1.run(URLClassLoader.java:199)
	at java.security.AccessController.doPrivileged(Native Method)
	at java.net.URLClassLoader.findClass(URLClassLoader.java:187)
	at java.lang.ClassLoader.loadClass(ClassLoader.java:289)
	at sun.misc.Launcher$AppClassLoader.loadClass(Launcher.java:274)
	at java.lang.ClassLoader.loadClass(ClassLoader.java:235)
	at java.lang.ClassLoader.loadClassInternal(ClassLoader.java:302)
	at java.lang.Class.forName0(Native Method)
	at java.lang.Class.forName(Class.java:141)
	at com.topcoder.db.connectionfactory.producers.JDBCConnectionProducer.&lt;init&gt;(JDBCConnectionProducer.java:234)
	... 20 more
Caused by:java.lang.reflect.InvocationTargetException
	at java.lang.reflect.Constructor.newInstance(Constructor.java:274)
	at com.topcoder.db.connectionfactory.DBConnectionFactoryImpl.&lt;init&gt;(DBConnectionFactoryImpl.java:190)
	at com.orpheus.auction.persistence.UnitTestHelper.getConnection(UnitTestHelper.java:178)
	at com.orpheus.auction.persistence.impl.SQLServerAuctionDAOUnitTest.setUp(SQLServerAuctionDAOUnitTest.java:47)
Caused by: java.lang.ClassNotFoundException: The class name com.microsoft.sqlserver.jdbc.SQLServerDriver is invalid.
	at com.topcoder.db.connectionfactory.producers.JDBCConnectionProducer.&lt;init&gt;(JDBCConnectionProducer.java:236)
	... 20 more
Caused by: java.lang.ClassNotFoundException: com.microsoft.sqlserver.jdbc.SQLServerDriver
	at java.net.URLClassLoader$1.run(URLClassLoader.java:199)
	at java.security.AccessController.doPrivileged(Native Method)
	at java.net.URLClassLoader.findClass(URLClassLoader.java:187)
	at java.lang.ClassLoader.loadClass(ClassLoader.java:289)
	at sun.misc.Launcher$AppClassLoader.loadClass(Launcher.java:274)
	at java.lang.ClassLoader.loadClass(ClassLoader.java:235)
	at java.lang.ClassLoader.loadClassInternal(ClassLoader.java:302)
	at java.lang.Class.forName0(Native Method)
	at java.lang.Class.forName(Class.java:141)
	at com.topcoder.db.connectionfactory.producers.JDBCConnectionProducer.&lt;init&gt;(JDBCConnectionProducer.java:234)
	... 20 more
</error>
  </testcase>
  <testcase name="testSQLServerAuctionDAO_NullNamespace" classname="com.orpheus.auction.persistence.impl.SQLServerAuctionDAOUnitTest" time="0.016">
    <error message="Unexpected errors- , caused by null" type="com.topcoder.db.connectionfactory.ConfigurationException">com.topcoder.db.connectionfactory.ConfigurationException: Unexpected errors- , caused by null
	at com.topcoder.db.connectionfactory.DBConnectionFactoryImpl.&lt;init&gt;(DBConnectionFactoryImpl.java:211)
	at com.orpheus.auction.persistence.UnitTestHelper.getConnection(UnitTestHelper.java:178)
	at com.orpheus.auction.persistence.impl.SQLServerAuctionDAOUnitTest.setUp(SQLServerAuctionDAOUnitTest.java:47)
Caused by: java.lang.reflect.InvocationTargetException
	at java.lang.reflect.Constructor.newInstance(Constructor.java:274)
	at com.topcoder.db.connectionfactory.DBConnectionFactoryImpl.&lt;init&gt;(DBConnectionFactoryImpl.java:190)
	... 16 more
Caused by: java.lang.ClassNotFoundException: The class name com.microsoft.sqlserver.jdbc.SQLServerDriver is invalid.
	at com.topcoder.db.connectionfactory.producers.JDBCConnectionProducer.&lt;init&gt;(JDBCConnectionProducer.java:236)
	... 20 more
Caused by: java.lang.ClassNotFoundException: com.microsoft.sqlserver.jdbc.SQLServerDriver
	at java.net.URLClassLoader$1.run(URLClassLoader.java:199)
	at java.security.AccessController.doPrivileged(Native Method)
	at java.net.URLClassLoader.findClass(URLClassLoader.java:187)
	at java.lang.ClassLoader.loadClass(ClassLoader.java:289)
	at sun.misc.Launcher$AppClassLoader.loadClass(Launcher.java:274)
	at java.lang.ClassLoader.loadClass(ClassLoader.java:235)
	at java.lang.ClassLoader.loadClassInternal(ClassLoader.java:302)
	at java.lang.Class.forName0(Native Method)
	at java.lang.Class.forName(Class.java:141)
	at com.topcoder.db.connectionfactory.producers.JDBCConnectionProducer.&lt;init&gt;(JDBCConnectionProducer.java:234)
	... 20 more
Caused by:java.lang.reflect.InvocationTargetException
	at java.lang.reflect.Constructor.newInstance(Constructor.java:274)
	at com.topcoder.db.connectionfactory.DBConnectionFactoryImpl.&lt;init&gt;(DBConnectionFactoryImpl.java:190)
	at com.orpheus.auction.persistence.UnitTestHelper.getConnection(UnitTestHelper.java:178)
	at com.orpheus.auction.persistence.impl.SQLServerAuctionDAOUnitTest.setUp(SQLServerAuctionDAOUnitTest.java:47)
Caused by: java.lang.ClassNotFoundException: The class name com.microsoft.sqlserver.jdbc.SQLServerDriver is invalid.
	at com.topcoder.db.connectionfactory.producers.JDBCConnectionProducer.&lt;init&gt;(JDBCConnectionProducer.java:236)
	... 20 more
Caused by: java.lang.ClassNotFoundException: com.microsoft.sqlserver.jdbc.SQLServerDriver
	at java.net.URLClassLoader$1.run(URLClassLoader.java:199)
	at java.security.AccessController.doPrivileged(Native Method)
	at java.net.URLClassLoader.findClass(URLClassLoader.java:187)
	at java.lang.ClassLoader.loadClass(ClassLoader.java:289)
	at sun.misc.Launcher$AppClassLoader.loadClass(Launcher.java:274)
	at java.lang.ClassLoader.loadClass(ClassLoader.java:235)
	at java.lang.ClassLoader.loadClassInternal(ClassLoader.java:302)
	at java.lang.Class.forName0(Native Method)
	at java.lang.Class.forName(Class.java:141)
	at com.topcoder.db.connectionfactory.producers.JDBCConnectionProducer.&lt;init&gt;(JDBCConnectionProducer.java:234)
	... 20 more
</error>
  </testcase>
  <testcase name="testSQLServerAuctionDAO_EmptyNamespace" classname="com.orpheus.auction.persistence.impl.SQLServerAuctionDAOUnitTest" time="0.0">
    <error message="Unexpected errors- , caused by null" type="com.topcoder.db.connectionfactory.ConfigurationException">com.topcoder.db.connectionfactory.ConfigurationException: Unexpected errors- , caused by null
	at com.topcoder.db.connectionfactory.DBConnectionFactoryImpl.&lt;init&gt;(DBConnectionFactoryImpl.java:211)
	at com.orpheus.auction.persistence.UnitTestHelper.getConnection(UnitTestHelper.java:178)
	at com.orpheus.auction.persistence.impl.SQLServerAuctionDAOUnitTest.setUp(SQLServerAuctionDAOUnitTest.java:47)
Caused by: java.lang.reflect.InvocationTargetException
	at java.lang.reflect.Constructor.newInstance(Constructor.java:274)
	at com.topcoder.db.connectionfactory.DBConnectionFactoryImpl.&lt;init&gt;(DBConnectionFactoryImpl.java:190)
	... 16 more
Caused by: java.lang.ClassNotFoundException: The class name com.microsoft.sqlserver.jdbc.SQLServerDriver is invalid.
	at com.topcoder.db.connectionfactory.producers.JDBCConnectionProducer.&lt;init&gt;(JDBCConnectionProducer.java:236)
	... 20 more
Caused by: java.lang.ClassNotFoundException: com.microsoft.sqlserver.jdbc.SQLServerDriver
	at java.net.URLClassLoader$1.run(URLClassLoader.java:199)
	at java.security.AccessController.doPrivileged(Native Method)
	at java.net.URLClassLoader.findClass(URLClassLoader.java:187)
	at java.lang.ClassLoader.loadClass(ClassLoader.java:289)
	at sun.misc.Launcher$AppClassLoader.loadClass(Launcher.java:274)
	at java.lang.ClassLoader.loadClass(ClassLoader.java:235)
	at java.lang.ClassLoader.loadClassInternal(ClassLoader.java:302)
	at java.lang.Class.forName0(Native Method)
	at java.lang.Class.forName(Class.java:141)
	at com.topcoder.db.connectionfactory.producers.JDBCConnectionProducer.&lt;init&gt;(JDBCConnectionProducer.java:234)
	... 20 more
Caused by:java.lang.reflect.InvocationTargetException
	at java.lang.reflect.Constructor.newInstance(Constructor.java:274)
	at com.topcoder.db.connectionfactory.DBConnectionFactoryImpl.&lt;init&gt;(DBConnectionFactoryImpl.java:190)
	at com.orpheus.auction.persistence.UnitTestHelper.getConnection(UnitTestHelper.java:178)
	at com.orpheus.auction.persistence.impl.SQLServerAuctionDAOUnitTest.setUp(SQLServerAuctionDAOUnitTest.java:47)
Caused by: java.lang.ClassNotFoundException: The class name com.microsoft.sqlserver.jdbc.SQLServerDriver is invalid.
	at com.topcoder.db.connectionfactory.producers.JDBCConnectionProducer.&lt;init&gt;(JDBCConnectionProducer.java:236)
	... 20 more
Caused by: java.lang.ClassNotFoundException: com.microsoft.sqlserver.jdbc.SQLServerDriver
	at java.net.URLClassLoader$1.run(URLClassLoader.java:199)
	at java.security.AccessController.doPrivileged(Native Method)
	at java.net.URLClassLoader.findClass(URLClassLoader.java:187)
	at java.lang.ClassLoader.loadClass(ClassLoader.java:289)
	at sun.misc.Launcher$AppClassLoader.loadClass(Launcher.java:274)
	at java.lang.ClassLoader.loadClass(ClassLoader.java:235)
	at java.lang.ClassLoader.loadClassInternal(ClassLoader.java:302)
	at java.lang.Class.forName0(Native Method)
	at java.lang.Class.forName(Class.java:141)
	at com.topcoder.db.connectionfactory.producers.JDBCConnectionProducer.&lt;init&gt;(JDBCConnectionProducer.java:234)
	... 20 more
</error>
  </testcase>
  <testcase name="testSQLServerAuctionDAO_Accuracy" classname="com.orpheus.auction.persistence.impl.SQLServerAuctionDAOUnitTest" time="0.016">
    <error message="Unexpected errors- , caused by null" type="com.topcoder.db.connectionfactory.ConfigurationException">com.topcoder.db.connectionfactory.ConfigurationException: Unexpected errors- , caused by null
	at com.topcoder.db.connectionfactory.DBConnectionFactoryImpl.&lt;init&gt;(DBConnectionFactoryImpl.java:211)
	at com.orpheus.auction.persistence.UnitTestHelper.getConnection(UnitTestHelper.java:178)
	at com.orpheus.auction.persistence.impl.SQLServerAuctionDAOUnitTest.setUp(SQLServerAuctionDAOUnitTest.java:47)
Caused by: java.lang.reflect.InvocationTargetException
	at java.lang.reflect.Constructor.newInstance(Constructor.java:274)
	at com.topcoder.db.connectionfactory.DBConnectionFactoryImpl.&lt;init&gt;(DBConnectionFactoryImpl.java:190)
	... 16 more
Caused by: java.lang.ClassNotFoundException: The class name com.microsoft.sqlserver.jdbc.SQLServerDriver is invalid.
	at com.topcoder.db.connectionfactory.producers.JDBCConnectionProducer.&lt;init&gt;(JDBCConnectionProducer.java:236)
	... 20 more
Caused by: java.lang.ClassNotFoundException: com.microsoft.sqlserver.jdbc.SQLServerDriver
	at java.net.URLClassLoader$1.run(URLClassLoader.java:199)
	at java.security.AccessController.doPrivileged(Native Method)
	at java.net.URLClassLoader.findClass(URLClassLoader.java:187)
	at java.lang.ClassLoader.loadClass(ClassLoader.java:289)
	at sun.misc.Launcher$AppClassLoader.loadClass(Launcher.java:274)
	at java.lang.ClassLoader.loadClass(ClassLoader.java:235)
	at java.lang.ClassLoader.loadClassInternal(ClassLoader.java:302)
	at java.lang.Class.forName0(Native Method)
	at java.lang.Class.forName(Class.java:141)
	at com.topcoder.db.connectionfactory.producers.JDBCConnectionProducer.&lt;init&gt;(JDBCConnectionProducer.java:234)
	... 20 more
Caused by:java.lang.reflect.InvocationTargetException
	at java.lang.reflect.Constructor.newInstance(Constructor.java:274)
	at com.topcoder.db.connectionfactory.DBConnectionFactoryImpl.&lt;init&gt;(DBConnectionFactoryImpl.java:190)
	at com.orpheus.auction.persistence.UnitTestHelper.getConnection(UnitTestHelper.java:178)
	at com.orpheus.auction.persistence.impl.SQLServerAuctionDAOUnitTest.setUp(SQLServerAuctionDAOUnitTest.java:47)
Caused by: java.lang.ClassNotFoundException: The class name com.microsoft.sqlserver.jdbc.SQLServerDriver is invalid.
	at com.topcoder.db.connectionfactory.producers.JDBCConnectionProducer.&lt;init&gt;(JDBCConnectionProducer.java:236)
	... 20 more
Caused by: java.lang.ClassNotFoundException: com.microsoft.sqlserver.jdbc.SQLServerDriver
	at java.net.URLClassLoader$1.run(URLClassLoader.java:199)
	at java.security.AccessController.doPrivileged(Native Method)
	at java.net.URLClassLoader.findClass(URLClassLoader.java:187)
	at java.lang.ClassLoader.loadClass(ClassLoader.java:289)
	at sun.misc.Launcher$AppClassLoader.loadClass(Launcher.java:274)
	at java.lang.ClassLoader.loadClass(ClassLoader.java:235)
	at java.lang.ClassLoader.loadClassInternal(ClassLoader.java:302)
	at java.lang.Class.forName0(Native Method)
	at java.lang.Class.forName(Class.java:141)
	at com.topcoder.db.connectionfactory.producers.JDBCConnectionProducer.&lt;init&gt;(JDBCConnectionProducer.java:234)
	... 20 more
</error>
  </testcase>
  <testcase name="testCreateAuction_NegativeMinimumBid" classname="com.orpheus.auction.persistence.impl.SQLServerAuctionDAOUnitTest" time="0.015">
    <error message="Unexpected errors- , caused by null" type="com.topcoder.db.connectionfactory.ConfigurationException">com.topcoder.db.connectionfactory.ConfigurationException: Unexpected errors- , caused by null
	at com.topcoder.db.connectionfactory.DBConnectionFactoryImpl.&lt;init&gt;(DBConnectionFactoryImpl.java:211)
	at com.orpheus.auction.persistence.UnitTestHelper.getConnection(UnitTestHelper.java:178)
	at com.orpheus.auction.persistence.impl.SQLServerAuctionDAOUnitTest.setUp(SQLServerAuctionDAOUnitTest.java:47)
Caused by: java.lang.reflect.InvocationTargetException
	at java.lang.reflect.Constructor.newInstance(Constructor.java:274)
	at com.topcoder.db.connectionfactory.DBConnectionFactoryImpl.&lt;init&gt;(DBConnectionFactoryImpl.java:190)
	... 16 more
Caused by: java.lang.ClassNotFoundException: The class name com.microsoft.sqlserver.jdbc.SQLServerDriver is invalid.
	at com.topcoder.db.connectionfactory.producers.JDBCConnectionProducer.&lt;init&gt;(JDBCConnectionProducer.java:236)
	... 20 more
Caused by: java.lang.ClassNotFoundException: com.microsoft.sqlserver.jdbc.SQLServerDriver
	at java.net.URLClassLoader$1.run(URLClassLoader.java:199)
	at java.security.AccessController.doPrivileged(Native Method)
	at java.net.URLClassLoader.findClass(URLClassLoader.java:187)
	at java.lang.ClassLoader.loadClass(ClassLoader.java:289)
	at sun.misc.Launcher$AppClassLoader.loadClass(Launcher.java:274)
	at java.lang.ClassLoader.loadClass(ClassLoader.java:235)
	at java.lang.ClassLoader.loadClassInternal(ClassLoader.java:302)
	at java.lang.Class.forName0(Native Method)
	at java.lang.Class.forName(Class.java:141)
	at com.topcoder.db.connectionfactory.producers.JDBCConnectionProducer.&lt;init&gt;(JDBCConnectionProducer.java:234)
	... 20 more
Caused by:java.lang.reflect.InvocationTargetException
	at java.lang.reflect.Constructor.newInstance(Constructor.java:274)
	at com.topcoder.db.connectionfactory.DBConnectionFactoryImpl.&lt;init&gt;(DBConnectionFactoryImpl.java:190)
	at com.orpheus.auction.persistence.UnitTestHelper.getConnection(UnitTestHelper.java:178)
	at com.orpheus.auction.persistence.impl.SQLServerAuctionDAOUnitTest.setUp(SQLServerAuctionDAOUnitTest.java:47)
Caused by: java.lang.ClassNotFoundException: The class name com.microsoft.sqlserver.jdbc.SQLServerDriver is invalid.
	at com.topcoder.db.connectionfactory.producers.JDBCConnectionProducer.&lt;init&gt;(JDBCConnectionProducer.java:236)
	... 20 more
Caused by: java.lang.ClassNotFoundException: com.microsoft.sqlserver.jdbc.SQLServerDriver
	at java.net.URLClassLoader$1.run(URLClassLoader.java:199)
	at java.security.AccessController.doPrivileged(Native Method)
	at java.net.URLClassLoader.findClass(URLClassLoader.java:187)
	at java.lang.ClassLoader.loadClass(ClassLoader.java:289)
	at sun.misc.Launcher$AppClassLoader.loadClass(Launcher.java:274)
	at java.lang.ClassLoader.loadClass(ClassLoader.java:235)
	at java.lang.ClassLoader.loadClassInternal(ClassLoader.java:302)
	at java.lang.Class.forName0(Native Method)
	at java.lang.Class.forName(Class.java:141)
	at com.topcoder.db.connectionfactory.producers.JDBCConnectionProducer.&lt;init&gt;(JDBCConnectionProducer.java:234)
	... 20 more
</error>
  </testcase>
  <testcase name="testCreateAuction_NegativeItemCount" classname="com.orpheus.auction.persistence.impl.SQLServerAuctionDAOUnitTest" time="0.0">
    <error message="Unexpected errors- , caused by null" type="com.topcoder.db.connectionfactory.ConfigurationException">com.topcoder.db.connectionfactory.ConfigurationException: Unexpected errors- , caused by null
	at com.topcoder.db.connectionfactory.DBConnectionFactoryImpl.&lt;init&gt;(DBConnectionFactoryImpl.java:211)
	at com.orpheus.auction.persistence.UnitTestHelper.getConnection(UnitTestHelper.java:178)
	at com.orpheus.auction.persistence.impl.SQLServerAuctionDAOUnitTest.setUp(SQLServerAuctionDAOUnitTest.java:47)
Caused by: java.lang.reflect.InvocationTargetException
	at java.lang.reflect.Constructor.newInstance(Constructor.java:274)
	at com.topcoder.db.connectionfactory.DBConnectionFactoryImpl.&lt;init&gt;(DBConnectionFactoryImpl.java:190)
	... 16 more
Caused by: java.lang.ClassNotFoundException: The class name com.microsoft.sqlserver.jdbc.SQLServerDriver is invalid.
	at com.topcoder.db.connectionfactory.producers.JDBCConnectionProducer.&lt;init&gt;(JDBCConnectionProducer.java:236)
	... 20 more
Caused by: java.lang.ClassNotFoundException: com.microsoft.sqlserver.jdbc.SQLServerDriver
	at java.net.URLClassLoader$1.run(URLClassLoader.java:199)
	at java.security.AccessController.doPrivileged(Native Method)
	at java.net.URLClassLoader.findClass(URLClassLoader.java:187)
	at java.lang.ClassLoader.loadClass(ClassLoader.java:289)
	at sun.misc.Launcher$AppClassLoader.loadClass(Launcher.java:274)
	at java.lang.ClassLoader.loadClass(ClassLoader.java:235)
	at java.lang.ClassLoader.loadClassInternal(ClassLoader.java:302)
	at java.lang.Class.forName0(Native Method)
	at java.lang.Class.forName(Class.java:141)
	at com.topcoder.db.connectionfactory.producers.JDBCConnectionProducer.&lt;init&gt;(JDBCConnectionProducer.java:234)
	... 20 more
Caused by:java.lang.reflect.InvocationTargetException
	at java.lang.reflect.Constructor.newInstance(Constructor.java:274)
	at com.topcoder.db.connectionfactory.DBConnectionFactoryImpl.&lt;init&gt;(DBConnectionFactoryImpl.java:190)
	at com.orpheus.auction.persistence.UnitTestHelper.getConnection(UnitTestHelper.java:178)
	at com.orpheus.auction.persistence.impl.SQLServerAuctionDAOUnitTest.setUp(SQLServerAuctionDAOUnitTest.java:47)
Caused by: java.lang.ClassNotFoundException: The class name com.microsoft.sqlserver.jdbc.SQLServerDriver is invalid.
	at com.topcoder.db.connectionfactory.producers.JDBCConnectionProducer.&lt;init&gt;(JDBCConnectionProducer.java:236)
	... 20 more
Caused by: java.lang.ClassNotFoundException: com.microsoft.sqlserver.jdbc.SQLServerDriver
	at java.net.URLClassLoader$1.run(URLClassLoader.java:199)
	at java.security.AccessController.doPrivileged(Native Method)
	at java.net.URLClassLoader.findClass(URLClassLoader.java:187)
	at java.lang.ClassLoader.loadClass(ClassLoader.java:289)
	at sun.misc.Launcher$AppClassLoader.loadClass(Launcher.java:274)
	at java.lang.ClassLoader.loadClass(ClassLoader.java:235)
	at java.lang.ClassLoader.loadClassInternal(ClassLoader.java:302)
	at java.lang.Class.forName0(Native Method)
	at java.lang.Class.forName(Class.java:141)
	at com.topcoder.db.connectionfactory.producers.JDBCConnectionProducer.&lt;init&gt;(JDBCConnectionProducer.java:234)
	... 20 more
</error>
  </testcase>
  <testcase name="testCreateAuction_NullBids" classname="com.orpheus.auction.persistence.impl.SQLServerAuctionDAOUnitTest" time="0.016">
    <error message="Unexpected errors- , caused by null" type="com.topcoder.db.connectionfactory.ConfigurationException">com.topcoder.db.connectionfactory.ConfigurationException: Unexpected errors- , caused by null
	at com.topcoder.db.connectionfactory.DBConnectionFactoryImpl.&lt;init&gt;(DBConnectionFactoryImpl.java:211)
	at com.orpheus.auction.persistence.UnitTestHelper.getConnection(UnitTestHelper.java:178)
	at com.orpheus.auction.persistence.impl.SQLServerAuctionDAOUnitTest.setUp(SQLServerAuctionDAOUnitTest.java:47)
Caused by: java.lang.reflect.InvocationTargetException
	at java.lang.reflect.Constructor.newInstance(Constructor.java:274)
	at com.topcoder.db.connectionfactory.DBConnectionFactoryImpl.&lt;init&gt;(DBConnectionFactoryImpl.java:190)
	... 16 more
Caused by: java.lang.ClassNotFoundException: The class name com.microsoft.sqlserver.jdbc.SQLServerDriver is invalid.
	at com.topcoder.db.connectionfactory.producers.JDBCConnectionProducer.&lt;init&gt;(JDBCConnectionProducer.java:236)
	... 20 more
Caused by: java.lang.ClassNotFoundException: com.microsoft.sqlserver.jdbc.SQLServerDriver
	at java.net.URLClassLoader$1.run(URLClassLoader.java:199)
	at java.security.AccessController.doPrivileged(Native Method)
	at java.net.URLClassLoader.findClass(URLClassLoader.java:187)
	at java.lang.ClassLoader.loadClass(ClassLoader.java:289)
	at sun.misc.Launcher$AppClassLoader.loadClass(Launcher.java:274)
	at java.lang.ClassLoader.loadClass(ClassLoader.java:235)
	at java.lang.ClassLoader.loadClassInternal(ClassLoader.java:302)
	at java.lang.Class.forName0(Native Method)
	at java.lang.Class.forName(Class.java:141)
	at com.topcoder.db.connectionfactory.producers.JDBCConnectionProducer.&lt;init&gt;(JDBCConnectionProducer.java:234)
	... 20 more
Caused by:java.lang.reflect.InvocationTargetException
	at java.lang.reflect.Constructor.newInstance(Constructor.java:274)
	at com.topcoder.db.connectionfactory.DBConnectionFactoryImpl.&lt;init&gt;(DBConnectionFactoryImpl.java:190)
	at com.orpheus.auction.persistence.UnitTestHelper.getConnection(UnitTestHelper.java:178)
	at com.orpheus.auction.persistence.impl.SQLServerAuctionDAOUnitTest.setUp(SQLServerAuctionDAOUnitTest.java:47)
Caused by: java.lang.ClassNotFoundException: The class name com.microsoft.sqlserver.jdbc.SQLServerDriver is invalid.
	at com.topcoder.db.connectionfactory.producers.JDBCConnectionProducer.&lt;init&gt;(JDBCConnectionProducer.java:236)
	... 20 more
Caused by: java.lang.ClassNotFoundException: com.microsoft.sqlserver.jdbc.SQLServerDriver
	at java.net.URLClassLoader$1.run(URLClassLoader.java:199)
	at java.security.AccessController.doPrivileged(Native Method)
	at java.net.URLClassLoader.findClass(URLClassLoader.java:187)
	at java.lang.ClassLoader.loadClass(ClassLoader.java:289)
	at sun.misc.Launcher$AppClassLoader.loadClass(Launcher.java:274)
	at java.lang.ClassLoader.loadClass(ClassLoader.java:235)
	at java.lang.ClassLoader.loadClassInternal(ClassLoader.java:302)
	at java.lang.Class.forName0(Native Method)
	at java.lang.Class.forName(Class.java:141)
	at com.topcoder.db.connectionfactory.producers.JDBCConnectionProducer.&lt;init&gt;(JDBCConnectionProducer.java:234)
	... 20 more
</error>
  </testcase>
  <testcase name="testCreateAuction_NullBidElements" classname="com.orpheus.auction.persistence.impl.SQLServerAuctionDAOUnitTest" time="0.016">
    <error message="Unexpected errors- , caused by null" type="com.topcoder.db.connectionfactory.ConfigurationException">com.topcoder.db.connectionfactory.ConfigurationException: Unexpected errors- , caused by null
	at com.topcoder.db.connectionfactory.DBConnectionFactoryImpl.&lt;init&gt;(DBConnectionFactoryImpl.java:211)
	at com.orpheus.auction.persistence.UnitTestHelper.getConnection(UnitTestHelper.java:178)
	at com.orpheus.auction.persistence.impl.SQLServerAuctionDAOUnitTest.setUp(SQLServerAuctionDAOUnitTest.java:47)
Caused by: java.lang.reflect.InvocationTargetException
	at java.lang.reflect.Constructor.newInstance(Constructor.java:274)
	at com.topcoder.db.connectionfactory.DBConnectionFactoryImpl.&lt;init&gt;(DBConnectionFactoryImpl.java:190)
	... 16 more
Caused by: java.lang.ClassNotFoundException: The class name com.microsoft.sqlserver.jdbc.SQLServerDriver is invalid.
	at com.topcoder.db.connectionfactory.producers.JDBCConnectionProducer.&lt;init&gt;(JDBCConnectionProducer.java:236)
	... 20 more
Caused by: java.lang.ClassNotFoundException: com.microsoft.sqlserver.jdbc.SQLServerDriver
	at java.net.URLClassLoader$1.run(URLClassLoader.java:199)
	at java.security.AccessController.doPrivileged(Native Method)
	at java.net.URLClassLoader.findClass(URLClassLoader.java:187)
	at java.lang.ClassLoader.loadClass(ClassLoader.java:289)
	at sun.misc.Launcher$AppClassLoader.loadClass(Launcher.java:274)
	at java.lang.ClassLoader.loadClass(ClassLoader.java:235)
	at java.lang.ClassLoader.loadClassInternal(ClassLoader.java:302)
	at java.lang.Class.forName0(Native Method)
	at java.lang.Class.forName(Class.java:141)
	at com.topcoder.db.connectionfactory.producers.JDBCConnectionProducer.&lt;init&gt;(JDBCConnectionProducer.java:234)
	... 20 more
Caused by:java.lang.reflect.InvocationTargetException
	at java.lang.reflect.Constructor.newInstance(Constructor.java:274)
	at com.topcoder.db.connectionfactory.DBConnectionFactoryImpl.&lt;init&gt;(DBConnectionFactoryImpl.java:190)
	at com.orpheus.auction.persistence.UnitTestHelper.getConnection(UnitTestHelper.java:178)
	at com.orpheus.auction.persistence.impl.SQLServerAuctionDAOUnitTest.setUp(SQLServerAuctionDAOUnitTest.java:47)
Caused by: java.lang.ClassNotFoundException: The class name com.microsoft.sqlserver.jdbc.SQLServerDriver is invalid.
	at com.topcoder.db.connectionfactory.producers.JDBCConnectionProducer.&lt;init&gt;(JDBCConnectionProducer.java:236)
	... 20 more
Caused by: java.lang.ClassNotFoundException: com.microsoft.sqlserver.jdbc.SQLServerDriver
	at java.net.URLClassLoader$1.run(URLClassLoader.java:199)
	at java.security.AccessController.doPrivileged(Native Method)
	at java.net.URLClassLoader.findClass(URLClassLoader.java:187)
	at java.lang.ClassLoader.loadClass(ClassLoader.java:289)
	at sun.misc.Launcher$AppClassLoader.loadClass(Launcher.java:274)
	at java.lang.ClassLoader.loadClass(ClassLoader.java:235)
	at java.lang.ClassLoader.loadClassInternal(ClassLoader.java:302)
	at java.lang.Class.forName0(Native Method)
	at java.lang.Class.forName(Class.java:141)
	at com.topcoder.db.connectionfactory.producers.JDBCConnectionProducer.&lt;init&gt;(JDBCConnectionProducer.java:234)
	... 20 more
</error>
  </testcase>
  <testcase name="testCreateAuction_NegativeImageId" classname="com.orpheus.auction.persistence.impl.SQLServerAuctionDAOUnitTest" time="0.015">
    <error message="Unexpected errors- , caused by null" type="com.topcoder.db.connectionfactory.ConfigurationException">com.topcoder.db.connectionfactory.ConfigurationException: Unexpected errors- , caused by null
	at com.topcoder.db.connectionfactory.DBConnectionFactoryImpl.&lt;init&gt;(DBConnectionFactoryImpl.java:211)
	at com.orpheus.auction.persistence.UnitTestHelper.getConnection(UnitTestHelper.java:178)
	at com.orpheus.auction.persistence.impl.SQLServerAuctionDAOUnitTest.setUp(SQLServerAuctionDAOUnitTest.java:47)
Caused by: java.lang.reflect.InvocationTargetException
	at java.lang.reflect.Constructor.newInstance(Constructor.java:274)
	at com.topcoder.db.connectionfactory.DBConnectionFactoryImpl.&lt;init&gt;(DBConnectionFactoryImpl.java:190)
	... 16 more
Caused by: java.lang.ClassNotFoundException: The class name com.microsoft.sqlserver.jdbc.SQLServerDriver is invalid.
	at com.topcoder.db.connectionfactory.producers.JDBCConnectionProducer.&lt;init&gt;(JDBCConnectionProducer.java:236)
	... 20 more
Caused by: java.lang.ClassNotFoundException: com.microsoft.sqlserver.jdbc.SQLServerDriver
	at java.net.URLClassLoader$1.run(URLClassLoader.java:199)
	at java.security.AccessController.doPrivileged(Native Method)
	at java.net.URLClassLoader.findClass(URLClassLoader.java:187)
	at java.lang.ClassLoader.loadClass(ClassLoader.java:289)
	at sun.misc.Launcher$AppClassLoader.loadClass(Launcher.java:274)
	at java.lang.ClassLoader.loadClass(ClassLoader.java:235)
	at java.lang.ClassLoader.loadClassInternal(ClassLoader.java:302)
	at java.lang.Class.forName0(Native Method)
	at java.lang.Class.forName(Class.java:141)
	at com.topcoder.db.connectionfactory.producers.JDBCConnectionProducer.&lt;init&gt;(JDBCConnectionProducer.java:234)
	... 20 more
Caused by:java.lang.reflect.InvocationTargetException
	at java.lang.reflect.Constructor.newInstance(Constructor.java:274)
	at com.topcoder.db.connectionfactory.DBConnectionFactoryImpl.&lt;init&gt;(DBConnectionFactoryImpl.java:190)
	at com.orpheus.auction.persistence.UnitTestHelper.getConnection(UnitTestHelper.java:178)
	at com.orpheus.auction.persistence.impl.SQLServerAuctionDAOUnitTest.setUp(SQLServerAuctionDAOUnitTest.java:47)
Caused by: java.lang.ClassNotFoundException: The class name com.microsoft.sqlserver.jdbc.SQLServerDriver is invalid.
	at com.topcoder.db.connectionfactory.producers.JDBCConnectionProducer.&lt;init&gt;(JDBCConnectionProducer.java:236)
	... 20 more
Caused by: java.lang.ClassNotFoundException: com.microsoft.sqlserver.jdbc.SQLServerDriver
	at java.net.URLClassLoader$1.run(URLClassLoader.java:199)
	at java.security.AccessController.doPrivileged(Native Method)
	at java.net.URLClassLoader.findClass(URLClassLoader.java:187)
	at java.lang.ClassLoader.loadClass(ClassLoader.java:289)
	at sun.misc.Launcher$AppClassLoader.loadClass(Launcher.java:274)
	at java.lang.ClassLoader.loadClass(ClassLoader.java:235)
	at java.lang.ClassLoader.loadClassInternal(ClassLoader.java:302)
	at java.lang.Class.forName0(Native Method)
	at java.lang.Class.forName(Class.java:141)
	at com.topcoder.db.connectionfactory.producers.JDBCConnectionProducer.&lt;init&gt;(JDBCConnectionProducer.java:234)
	... 20 more
</error>
  </testcase>
  <testcase name="testCreateAuction_NegativeMaxAmount" classname="com.orpheus.auction.persistence.impl.SQLServerAuctionDAOUnitTest" time="0.0">
    <error message="Unexpected errors- , caused by null" type="com.topcoder.db.connectionfactory.ConfigurationException">com.topcoder.db.connectionfactory.ConfigurationException: Unexpected errors- , caused by null
	at com.topcoder.db.connectionfactory.DBConnectionFactoryImpl.&lt;init&gt;(DBConnectionFactoryImpl.java:211)
	at com.orpheus.auction.persistence.UnitTestHelper.getConnection(UnitTestHelper.java:178)
	at com.orpheus.auction.persistence.impl.SQLServerAuctionDAOUnitTest.setUp(SQLServerAuctionDAOUnitTest.java:47)
Caused by: java.lang.reflect.InvocationTargetException
	at java.lang.reflect.Constructor.newInstance(Constructor.java:274)
	at com.topcoder.db.connectionfactory.DBConnectionFactoryImpl.&lt;init&gt;(DBConnectionFactoryImpl.java:190)
	... 16 more
Caused by: java.lang.ClassNotFoundException: The class name com.microsoft.sqlserver.jdbc.SQLServerDriver is invalid.
	at com.topcoder.db.connectionfactory.producers.JDBCConnectionProducer.&lt;init&gt;(JDBCConnectionProducer.java:236)
	... 20 more
Caused by: java.lang.ClassNotFoundException: com.microsoft.sqlserver.jdbc.SQLServerDriver
	at java.net.URLClassLoader$1.run(URLClassLoader.java:199)
	at java.security.AccessController.doPrivileged(Native Method)
	at java.net.URLClassLoader.findClass(URLClassLoader.java:187)
	at java.lang.ClassLoader.loadClass(ClassLoader.java:289)
	at sun.misc.Launcher$AppClassLoader.loadClass(Launcher.java:274)
	at java.lang.ClassLoader.loadClass(ClassLoader.java:235)
	at java.lang.ClassLoader.loadClassInternal(ClassLoader.java:302)
	at java.lang.Class.forName0(Native Method)
	at java.lang.Class.forName(Class.java:141)
	at com.topcoder.db.connectionfactory.producers.JDBCConnectionProducer.&lt;init&gt;(JDBCConnectionProducer.java:234)
	... 20 more
Caused by:java.lang.reflect.InvocationTargetException
	at java.lang.reflect.Constructor.newInstance(Constructor.java:274)
	at com.topcoder.db.connectionfactory.DBConnectionFactoryImpl.&lt;init&gt;(DBConnectionFactoryImpl.java:190)
	at com.orpheus.auction.persistence.UnitTestHelper.getConnection(UnitTestHelper.java:178)
	at com.orpheus.auction.persistence.impl.SQLServerAuctionDAOUnitTest.setUp(SQLServerAuctionDAOUnitTest.java:47)
Caused by: java.lang.ClassNotFoundException: The class name com.microsoft.sqlserver.jdbc.SQLServerDriver is invalid.
	at com.topcoder.db.connectionfactory.producers.JDBCConnectionProducer.&lt;init&gt;(JDBCConnectionProducer.java:236)
	... 20 more
Caused by: java.lang.ClassNotFoundException: com.microsoft.sqlserver.jdbc.SQLServerDriver
	at java.net.URLClassLoader$1.run(URLClassLoader.java:199)
	at java.security.AccessController.doPrivileged(Native Method)
	at java.net.URLClassLoader.findClass(URLClassLoader.java:187)
	at java.lang.ClassLoader.loadClass(ClassLoader.java:289)
	at sun.misc.Launcher$AppClassLoader.loadClass(Launcher.java:274)
	at java.lang.ClassLoader.loadClass(ClassLoader.java:235)
	at java.lang.ClassLoader.loadClassInternal(ClassLoader.java:302)
	at java.lang.Class.forName0(Native Method)
	at java.lang.Class.forName(Class.java:141)
	at com.topcoder.db.connectionfactory.producers.JDBCConnectionProducer.&lt;init&gt;(JDBCConnectionProducer.java:234)
	... 20 more
</error>
  </testcase>
  <testcase name="testCreateAuction_NegativEffectiveAmount" classname="com.orpheus.auction.persistence.impl.SQLServerAuctionDAOUnitTest" time="0.016">
    <error message="Unexpected errors- , caused by null" type="com.topcoder.db.connectionfactory.ConfigurationException">com.topcoder.db.connectionfactory.ConfigurationException: Unexpected errors- , caused by null
	at com.topcoder.db.connectionfactory.DBConnectionFactoryImpl.&lt;init&gt;(DBConnectionFactoryImpl.java:211)
	at com.orpheus.auction.persistence.UnitTestHelper.getConnection(UnitTestHelper.java:178)
	at com.orpheus.auction.persistence.impl.SQLServerAuctionDAOUnitTest.setUp(SQLServerAuctionDAOUnitTest.java:47)
Caused by: java.lang.reflect.InvocationTargetException
	at java.lang.reflect.Constructor.newInstance(Constructor.java:274)
	at com.topcoder.db.connectionfactory.DBConnectionFactoryImpl.&lt;init&gt;(DBConnectionFactoryImpl.java:190)
	... 16 more
Caused by: java.lang.ClassNotFoundException: The class name com.microsoft.sqlserver.jdbc.SQLServerDriver is invalid.
	at com.topcoder.db.connectionfactory.producers.JDBCConnectionProducer.&lt;init&gt;(JDBCConnectionProducer.java:236)
	... 20 more
Caused by: java.lang.ClassNotFoundException: com.microsoft.sqlserver.jdbc.SQLServerDriver
	at java.net.URLClassLoader$1.run(URLClassLoader.java:199)
	at java.security.AccessController.doPrivileged(Native Method)
	at java.net.URLClassLoader.findClass(URLClassLoader.java:187)
	at java.lang.ClassLoader.loadClass(ClassLoader.java:289)
	at sun.misc.Launcher$AppClassLoader.loadClass(Launcher.java:274)
	at java.lang.ClassLoader.loadClass(ClassLoader.java:235)
	at java.lang.ClassLoader.loadClassInternal(ClassLoader.java:302)
	at java.lang.Class.forName0(Native Method)
	at java.lang.Class.forName(Class.java:141)
	at com.topcoder.db.connectionfactory.producers.JDBCConnectionProducer.&lt;init&gt;(JDBCConnectionProducer.java:234)
	... 20 more
Caused by:java.lang.reflect.InvocationTargetException
	at java.lang.reflect.Constructor.newInstance(Constructor.java:274)
	at com.topcoder.db.connectionfactory.DBConnectionFactoryImpl.&lt;init&gt;(DBConnectionFactoryImpl.java:190)
	at com.orpheus.auction.persistence.UnitTestHelper.getConnection(UnitTestHelper.java:178)
	at com.orpheus.auction.persistence.impl.SQLServerAuctionDAOUnitTest.setUp(SQLServerAuctionDAOUnitTest.java:47)
Caused by: java.lang.ClassNotFoundException: The class name com.microsoft.sqlserver.jdbc.SQLServerDriver is invalid.
	at com.topcoder.db.connectionfactory.producers.JDBCConnectionProducer.&lt;init&gt;(JDBCConnectionProducer.java:236)
	... 20 more
Caused by: java.lang.ClassNotFoundException: com.microsoft.sqlserver.jdbc.SQLServerDriver
	at java.net.URLClassLoader$1.run(URLClassLoader.java:199)
	at java.security.AccessController.doPrivileged(Native Method)
	at java.net.URLClassLoader.findClass(URLClassLoader.java:187)
	at java.lang.ClassLoader.loadClass(ClassLoader.java:289)
	at sun.misc.Launcher$AppClassLoader.loadClass(Launcher.java:274)
	at java.lang.ClassLoader.loadClass(ClassLoader.java:235)
	at java.lang.ClassLoader.loadClassInternal(ClassLoader.java:302)
	at java.lang.Class.forName0(Native Method)
	at java.lang.Class.forName(Class.java:141)
	at com.topcoder.db.connectionfactory.producers.JDBCConnectionProducer.&lt;init&gt;(JDBCConnectionProducer.java:234)
	... 20 more
</error>
  </testcase>
  <testcase name="testCreateAuction_InvalidBidderid" classname="com.orpheus.auction.persistence.impl.SQLServerAuctionDAOUnitTest" time="0.015">
    <error message="Unexpected errors- , caused by null" type="com.topcoder.db.connectionfactory.ConfigurationException">com.topcoder.db.connectionfactory.ConfigurationException: Unexpected errors- , caused by null
	at com.topcoder.db.connectionfactory.DBConnectionFactoryImpl.&lt;init&gt;(DBConnectionFactoryImpl.java:211)
	at com.orpheus.auction.persistence.UnitTestHelper.getConnection(UnitTestHelper.java:178)
	at com.orpheus.auction.persistence.impl.SQLServerAuctionDAOUnitTest.setUp(SQLServerAuctionDAOUnitTest.java:47)
Caused by: java.lang.reflect.InvocationTargetException
	at java.lang.reflect.Constructor.newInstance(Constructor.java:274)
	at com.topcoder.db.connectionfactory.DBConnectionFactoryImpl.&lt;init&gt;(DBConnectionFactoryImpl.java:190)
	... 16 more
Caused by: java.lang.ClassNotFoundException: The class name com.microsoft.sqlserver.jdbc.SQLServerDriver is invalid.
	at com.topcoder.db.connectionfactory.producers.JDBCConnectionProducer.&lt;init&gt;(JDBCConnectionProducer.java:236)
	... 20 more
Caused by: java.lang.ClassNotFoundException: com.microsoft.sqlserver.jdbc.SQLServerDriver
	at java.net.URLClassLoader$1.run(URLClassLoader.java:199)
	at java.security.AccessController.doPrivileged(Native Method)
	at java.net.URLClassLoader.findClass(URLClassLoader.java:187)
	at java.lang.ClassLoader.loadClass(ClassLoader.java:289)
	at sun.misc.Launcher$AppClassLoader.loadClass(Launcher.java:274)
	at java.lang.ClassLoader.loadClass(ClassLoader.java:235)
	at java.lang.ClassLoader.loadClassInternal(ClassLoader.java:302)
	at java.lang.Class.forName0(Native Method)
	at java.lang.Class.forName(Class.java:141)
	at com.topcoder.db.connectionfactory.producers.JDBCConnectionProducer.&lt;init&gt;(JDBCConnectionProducer.java:234)
	... 20 more
Caused by:java.lang.reflect.InvocationTargetException
	at java.lang.reflect.Constructor.newInstance(Constructor.java:274)
	at com.topcoder.db.connectionfactory.DBConnectionFactoryImpl.&lt;init&gt;(DBConnectionFactoryImpl.java:190)
	at com.orpheus.auction.persistence.UnitTestHelper.getConnection(UnitTestHelper.java:178)
	at com.orpheus.auction.persistence.impl.SQLServerAuctionDAOUnitTest.setUp(SQLServerAuctionDAOUnitTest.java:47)
Caused by: java.lang.ClassNotFoundException: The class name com.microsoft.sqlserver.jdbc.SQLServerDriver is invalid.
	at com.topcoder.db.connectionfactory.producers.JDBCConnectionProducer.&lt;init&gt;(JDBCConnectionProducer.java:236)
	... 20 more
Caused by: java.lang.ClassNotFoundException: com.microsoft.sqlserver.jdbc.SQLServerDriver
	at java.net.URLClassLoader$1.run(URLClassLoader.java:199)
	at java.security.AccessController.doPrivileged(Native Method)
	at java.net.URLClassLoader.findClass(URLClassLoader.java:187)
	at java.lang.ClassLoader.loadClass(ClassLoader.java:289)
	at sun.misc.Launcher$AppClassLoader.loadClass(Launcher.java:274)
	at java.lang.ClassLoader.loadClass(ClassLoader.java:235)
	at java.lang.ClassLoader.loadClassInternal(ClassLoader.java:302)
	at java.lang.Class.forName0(Native Method)
	at java.lang.Class.forName(Class.java:141)
	at com.topcoder.db.connectionfactory.producers.JDBCConnectionProducer.&lt;init&gt;(JDBCConnectionProducer.java:234)
	... 20 more
</error>
  </testcase>
  <testcase name="testUpdateAuction_NegativeMinimumBid" classname="com.orpheus.auction.persistence.impl.SQLServerAuctionDAOUnitTest" time="0.016">
    <error message="Unexpected errors- , caused by null" type="com.topcoder.db.connectionfactory.ConfigurationException">com.topcoder.db.connectionfactory.ConfigurationException: Unexpected errors- , caused by null
	at com.topcoder.db.connectionfactory.DBConnectionFactoryImpl.&lt;init&gt;(DBConnectionFactoryImpl.java:211)
	at com.orpheus.auction.persistence.UnitTestHelper.getConnection(UnitTestHelper.java:178)
	at com.orpheus.auction.persistence.impl.SQLServerAuctionDAOUnitTest.setUp(SQLServerAuctionDAOUnitTest.java:47)
Caused by: java.lang.reflect.InvocationTargetException
	at java.lang.reflect.Constructor.newInstance(Constructor.java:274)
	at com.topcoder.db.connectionfactory.DBConnectionFactoryImpl.&lt;init&gt;(DBConnectionFactoryImpl.java:190)
	... 16 more
Caused by: java.lang.ClassNotFoundException: The class name com.microsoft.sqlserver.jdbc.SQLServerDriver is invalid.
	at com.topcoder.db.connectionfactory.producers.JDBCConnectionProducer.&lt;init&gt;(JDBCConnectionProducer.java:236)
	... 20 more
Caused by: java.lang.ClassNotFoundException: com.microsoft.sqlserver.jdbc.SQLServerDriver
	at java.net.URLClassLoader$1.run(URLClassLoader.java:199)
	at java.security.AccessController.doPrivileged(Native Method)
	at java.net.URLClassLoader.findClass(URLClassLoader.java:187)
	at java.lang.ClassLoader.loadClass(ClassLoader.java:289)
	at sun.misc.Launcher$AppClassLoader.loadClass(Launcher.java:274)
	at java.lang.ClassLoader.loadClass(ClassLoader.java:235)
	at java.lang.ClassLoader.loadClassInternal(ClassLoader.java:302)
	at java.lang.Class.forName0(Native Method)
	at java.lang.Class.forName(Class.java:141)
	at com.topcoder.db.connectionfactory.producers.JDBCConnectionProducer.&lt;init&gt;(JDBCConnectionProducer.java:234)
	... 20 more
Caused by:java.lang.reflect.InvocationTargetException
	at java.lang.reflect.Constructor.newInstance(Constructor.java:274)
	at com.topcoder.db.connectionfactory.DBConnectionFactoryImpl.&lt;init&gt;(DBConnectionFactoryImpl.java:190)
	at com.orpheus.auction.persistence.UnitTestHelper.getConnection(UnitTestHelper.java:178)
	at com.orpheus.auction.persistence.impl.SQLServerAuctionDAOUnitTest.setUp(SQLServerAuctionDAOUnitTest.java:47)
Caused by: java.lang.ClassNotFoundException: The class name com.microsoft.sqlserver.jdbc.SQLServerDriver is invalid.
	at com.topcoder.db.connectionfactory.producers.JDBCConnectionProducer.&lt;init&gt;(JDBCConnectionProducer.java:236)
	... 20 more
Caused by: java.lang.ClassNotFoundException: com.microsoft.sqlserver.jdbc.SQLServerDriver
	at java.net.URLClassLoader$1.run(URLClassLoader.java:199)
	at java.security.AccessController.doPrivileged(Native Method)
	at java.net.URLClassLoader.findClass(URLClassLoader.java:187)
	at java.lang.ClassLoader.loadClass(ClassLoader.java:289)
	at sun.misc.Launcher$AppClassLoader.loadClass(Launcher.java:274)
	at java.lang.ClassLoader.loadClass(ClassLoader.java:235)
	at java.lang.ClassLoader.loadClassInternal(ClassLoader.java:302)
	at java.lang.Class.forName0(Native Method)
	at java.lang.Class.forName(Class.java:141)
	at com.topcoder.db.connectionfactory.producers.JDBCConnectionProducer.&lt;init&gt;(JDBCConnectionProducer.java:234)
	... 20 more
</error>
  </testcase>
  <testcase name="testUpdateAuction_NegativeItemCount" classname="com.orpheus.auction.persistence.impl.SQLServerAuctionDAOUnitTest" time="0.0">
    <error message="Unexpected errors- , caused by null" type="com.topcoder.db.connectionfactory.ConfigurationException">com.topcoder.db.connectionfactory.ConfigurationException: Unexpected errors- , caused by null
	at com.topcoder.db.connectionfactory.DBConnectionFactoryImpl.&lt;init&gt;(DBConnectionFactoryImpl.java:211)
	at com.orpheus.auction.persistence.UnitTestHelper.getConnection(UnitTestHelper.java:178)
	at com.orpheus.auction.persistence.impl.SQLServerAuctionDAOUnitTest.setUp(SQLServerAuctionDAOUnitTest.java:47)
Caused by: java.lang.reflect.InvocationTargetException
	at java.lang.reflect.Constructor.newInstance(Constructor.java:274)
	at com.topcoder.db.connectionfactory.DBConnectionFactoryImpl.&lt;init&gt;(DBConnectionFactoryImpl.java:190)
	... 16 more
Caused by: java.lang.ClassNotFoundException: The class name com.microsoft.sqlserver.jdbc.SQLServerDriver is invalid.
	at com.topcoder.db.connectionfactory.producers.JDBCConnectionProducer.&lt;init&gt;(JDBCConnectionProducer.java:236)
	... 20 more
Caused by: java.lang.ClassNotFoundException: com.microsoft.sqlserver.jdbc.SQLServerDriver
	at java.net.URLClassLoader$1.run(URLClassLoader.java:199)
	at java.security.AccessController.doPrivileged(Native Method)
	at java.net.URLClassLoader.findClass(URLClassLoader.java:187)
	at java.lang.ClassLoader.loadClass(ClassLoader.java:289)
	at sun.misc.Launcher$AppClassLoader.loadClass(Launcher.java:274)
	at java.lang.ClassLoader.loadClass(ClassLoader.java:235)
	at java.lang.ClassLoader.loadClassInternal(ClassLoader.java:302)
	at java.lang.Class.forName0(Native Method)
	at java.lang.Class.forName(Class.java:141)
	at com.topcoder.db.connectionfactory.producers.JDBCConnectionProducer.&lt;init&gt;(JDBCConnectionProducer.java:234)
	... 20 more
Caused by:java.lang.reflect.InvocationTargetException
	at java.lang.reflect.Constructor.newInstance(Constructor.java:274)
	at com.topcoder.db.connectionfactory.DBConnectionFactoryImpl.&lt;init&gt;(DBConnectionFactoryImpl.java:190)
	at com.orpheus.auction.persistence.UnitTestHelper.getConnection(UnitTestHelper.java:178)
	at com.orpheus.auction.persistence.impl.SQLServerAuctionDAOUnitTest.setUp(SQLServerAuctionDAOUnitTest.java:47)
Caused by: java.lang.ClassNotFoundException: The class name com.microsoft.sqlserver.jdbc.SQLServerDriver is invalid.
	at com.topcoder.db.connectionfactory.producers.JDBCConnectionProducer.&lt;init&gt;(JDBCConnectionProducer.java:236)
	... 20 more
Caused by: java.lang.ClassNotFoundException: com.microsoft.sqlserver.jdbc.SQLServerDriver
	at java.net.URLClassLoader$1.run(URLClassLoader.java:199)
	at java.security.AccessController.doPrivileged(Native Method)
	at java.net.URLClassLoader.findClass(URLClassLoader.java:187)
	at java.lang.ClassLoader.loadClass(ClassLoader.java:289)
	at sun.misc.Launcher$AppClassLoader.loadClass(Launcher.java:274)
	at java.lang.ClassLoader.loadClass(ClassLoader.java:235)
	at java.lang.ClassLoader.loadClassInternal(ClassLoader.java:302)
	at java.lang.Class.forName0(Native Method)
	at java.lang.Class.forName(Class.java:141)
	at com.topcoder.db.connectionfactory.producers.JDBCConnectionProducer.&lt;init&gt;(JDBCConnectionProducer.java:234)
	... 20 more
</error>
  </testcase>
  <testcase name="testUpdateAuction_NullBids" classname="com.orpheus.auction.persistence.impl.SQLServerAuctionDAOUnitTest" time="0.016">
    <error message="Unexpected errors- , caused by null" type="com.topcoder.db.connectionfactory.ConfigurationException">com.topcoder.db.connectionfactory.ConfigurationException: Unexpected errors- , caused by null
	at com.topcoder.db.connectionfactory.DBConnectionFactoryImpl.&lt;init&gt;(DBConnectionFactoryImpl.java:211)
	at com.orpheus.auction.persistence.UnitTestHelper.getConnection(UnitTestHelper.java:178)
	at com.orpheus.auction.persistence.impl.SQLServerAuctionDAOUnitTest.setUp(SQLServerAuctionDAOUnitTest.java:47)
Caused by: java.lang.reflect.InvocationTargetException
	at java.lang.reflect.Constructor.newInstance(Constructor.java:274)
	at com.topcoder.db.connectionfactory.DBConnectionFactoryImpl.&lt;init&gt;(DBConnectionFactoryImpl.java:190)
	... 16 more
Caused by: java.lang.ClassNotFoundException: The class name com.microsoft.sqlserver.jdbc.SQLServerDriver is invalid.
	at com.topcoder.db.connectionfactory.producers.JDBCConnectionProducer.&lt;init&gt;(JDBCConnectionProducer.java:236)
	... 20 more
Caused by: java.lang.ClassNotFoundException: com.microsoft.sqlserver.jdbc.SQLServerDriver
	at java.net.URLClassLoader$1.run(URLClassLoader.java:199)
	at java.security.AccessController.doPrivileged(Native Method)
	at java.net.URLClassLoader.findClass(URLClassLoader.java:187)
	at java.lang.ClassLoader.loadClass(ClassLoader.java:289)
	at sun.misc.Launcher$AppClassLoader.loadClass(Launcher.java:274)
	at java.lang.ClassLoader.loadClass(ClassLoader.java:235)
	at java.lang.ClassLoader.loadClassInternal(ClassLoader.java:302)
	at java.lang.Class.forName0(Native Method)
	at java.lang.Class.forName(Class.java:141)
	at com.topcoder.db.connectionfactory.producers.JDBCConnectionProducer.&lt;init&gt;(JDBCConnectionProducer.java:234)
	... 20 more
Caused by:java.lang.reflect.InvocationTargetException
	at java.lang.reflect.Constructor.newInstance(Constructor.java:274)
	at com.topcoder.db.connectionfactory.DBConnectionFactoryImpl.&lt;init&gt;(DBConnectionFactoryImpl.java:190)
	at com.orpheus.auction.persistence.UnitTestHelper.getConnection(UnitTestHelper.java:178)
	at com.orpheus.auction.persistence.impl.SQLServerAuctionDAOUnitTest.setUp(SQLServerAuctionDAOUnitTest.java:47)
Caused by: java.lang.ClassNotFoundException: The class name com.microsoft.sqlserver.jdbc.SQLServerDriver is invalid.
	at com.topcoder.db.connectionfactory.producers.JDBCConnectionProducer.&lt;init&gt;(JDBCConnectionProducer.java:236)
	... 20 more
Caused by: java.lang.ClassNotFoundException: com.microsoft.sqlserver.jdbc.SQLServerDriver
	at java.net.URLClassLoader$1.run(URLClassLoader.java:199)
	at java.security.AccessController.doPrivileged(Native Method)
	at java.net.URLClassLoader.findClass(URLClassLoader.java:187)
	at java.lang.ClassLoader.loadClass(ClassLoader.java:289)
	at sun.misc.Launcher$AppClassLoader.loadClass(Launcher.java:274)
	at java.lang.ClassLoader.loadClass(ClassLoader.java:235)
	at java.lang.ClassLoader.loadClassInternal(ClassLoader.java:302)
	at java.lang.Class.forName0(Native Method)
	at java.lang.Class.forName(Class.java:141)
	at com.topcoder.db.connectionfactory.producers.JDBCConnectionProducer.&lt;init&gt;(JDBCConnectionProducer.java:234)
	... 20 more
</error>
  </testcase>
  <testcase name="testUpdateAuction_NullBidElements" classname="com.orpheus.auction.persistence.impl.SQLServerAuctionDAOUnitTest" time="0.015">
    <error message="Unexpected errors- , caused by null" type="com.topcoder.db.connectionfactory.ConfigurationException">com.topcoder.db.connectionfactory.ConfigurationException: Unexpected errors- , caused by null
	at com.topcoder.db.connectionfactory.DBConnectionFactoryImpl.&lt;init&gt;(DBConnectionFactoryImpl.java:211)
	at com.orpheus.auction.persistence.UnitTestHelper.getConnection(UnitTestHelper.java:178)
	at com.orpheus.auction.persistence.impl.SQLServerAuctionDAOUnitTest.setUp(SQLServerAuctionDAOUnitTest.java:47)
Caused by: java.lang.reflect.InvocationTargetException
	at java.lang.reflect.Constructor.newInstance(Constructor.java:274)
	at com.topcoder.db.connectionfactory.DBConnectionFactoryImpl.&lt;init&gt;(DBConnectionFactoryImpl.java:190)
	... 16 more
Caused by: java.lang.ClassNotFoundException: The class name com.microsoft.sqlserver.jdbc.SQLServerDriver is invalid.
	at com.topcoder.db.connectionfactory.producers.JDBCConnectionProducer.&lt;init&gt;(JDBCConnectionProducer.java:236)
	... 20 more
Caused by: java.lang.ClassNotFoundException: com.microsoft.sqlserver.jdbc.SQLServerDriver
	at java.net.URLClassLoader$1.run(URLClassLoader.java:199)
	at java.security.AccessController.doPrivileged(Native Method)
	at java.net.URLClassLoader.findClass(URLClassLoader.java:187)
	at java.lang.ClassLoader.loadClass(ClassLoader.java:289)
	at sun.misc.Launcher$AppClassLoader.loadClass(Launcher.java:274)
	at java.lang.ClassLoader.loadClass(ClassLoader.java:235)
	at java.lang.ClassLoader.loadClassInternal(ClassLoader.java:302)
	at java.lang.Class.forName0(Native Method)
	at java.lang.Class.forName(Class.java:141)
	at com.topcoder.db.connectionfactory.producers.JDBCConnectionProducer.&lt;init&gt;(JDBCConnectionProducer.java:234)
	... 20 more
Caused by:java.lang.reflect.InvocationTargetException
	at java.lang.reflect.Constructor.newInstance(Constructor.java:274)
	at com.topcoder.db.connectionfactory.DBConnectionFactoryImpl.&lt;init&gt;(DBConnectionFactoryImpl.java:190)
	at com.orpheus.auction.persistence.UnitTestHelper.getConnection(UnitTestHelper.java:178)
	at com.orpheus.auction.persistence.impl.SQLServerAuctionDAOUnitTest.setUp(SQLServerAuctionDAOUnitTest.java:47)
Caused by: java.lang.ClassNotFoundException: The class name com.microsoft.sqlserver.jdbc.SQLServerDriver is invalid.
	at com.topcoder.db.connectionfactory.producers.JDBCConnectionProducer.&lt;init&gt;(JDBCConnectionProducer.java:236)
	... 20 more
Caused by: java.lang.ClassNotFoundException: com.microsoft.sqlserver.jdbc.SQLServerDriver
	at java.net.URLClassLoader$1.run(URLClassLoader.java:199)
	at java.security.AccessController.doPrivileged(Native Method)
	at java.net.URLClassLoader.findClass(URLClassLoader.java:187)
	at java.lang.ClassLoader.loadClass(ClassLoader.java:289)
	at sun.misc.Launcher$AppClassLoader.loadClass(Launcher.java:274)
	at java.lang.ClassLoader.loadClass(ClassLoader.java:235)
	at java.lang.ClassLoader.loadClassInternal(ClassLoader.java:302)
	at java.lang.Class.forName0(Native Method)
	at java.lang.Class.forName(Class.java:141)
	at com.topcoder.db.connectionfactory.producers.JDBCConnectionProducer.&lt;init&gt;(JDBCConnectionProducer.java:234)
	... 20 more
</error>
  </testcase>
  <testcase name="testUpdateAuction_NegativeImageId" classname="com.orpheus.auction.persistence.impl.SQLServerAuctionDAOUnitTest" time="0.0">
    <error message="Unexpected errors- , caused by null" type="com.topcoder.db.connectionfactory.ConfigurationException">com.topcoder.db.connectionfactory.ConfigurationException: Unexpected errors- , caused by null
	at com.topcoder.db.connectionfactory.DBConnectionFactoryImpl.&lt;init&gt;(DBConnectionFactoryImpl.java:211)
	at com.orpheus.auction.persistence.UnitTestHelper.getConnection(UnitTestHelper.java:178)
	at com.orpheus.auction.persistence.impl.SQLServerAuctionDAOUnitTest.setUp(SQLServerAuctionDAOUnitTest.java:47)
Caused by: java.lang.reflect.InvocationTargetException
	at java.lang.reflect.Constructor.newInstance(Constructor.java:274)
	at com.topcoder.db.connectionfactory.DBConnectionFactoryImpl.&lt;init&gt;(DBConnectionFactoryImpl.java:190)
	... 16 more
Caused by: java.lang.ClassNotFoundException: The class name com.microsoft.sqlserver.jdbc.SQLServerDriver is invalid.
	at com.topcoder.db.connectionfactory.producers.JDBCConnectionProducer.&lt;init&gt;(JDBCConnectionProducer.java:236)
	... 20 more
Caused by: java.lang.ClassNotFoundException: com.microsoft.sqlserver.jdbc.SQLServerDriver
	at java.net.URLClassLoader$1.run(URLClassLoader.java:199)
	at java.security.AccessController.doPrivileged(Native Method)
	at java.net.URLClassLoader.findClass(URLClassLoader.java:187)
	at java.lang.ClassLoader.loadClass(ClassLoader.java:289)
	at sun.misc.Launcher$AppClassLoader.loadClass(Launcher.java:274)
	at java.lang.ClassLoader.loadClass(ClassLoader.java:235)
	at java.lang.ClassLoader.loadClassInternal(ClassLoader.java:302)
	at java.lang.Class.forName0(Native Method)
	at java.lang.Class.forName(Class.java:141)
	at com.topcoder.db.connectionfactory.producers.JDBCConnectionProducer.&lt;init&gt;(JDBCConnectionProducer.java:234)
	... 20 more
Caused by:java.lang.reflect.InvocationTargetException
	at java.lang.reflect.Constructor.newInstance(Constructor.java:274)
	at com.topcoder.db.connectionfactory.DBConnectionFactoryImpl.&lt;init&gt;(DBConnectionFactoryImpl.java:190)
	at com.orpheus.auction.persistence.UnitTestHelper.getConnection(UnitTestHelper.java:178)
	at com.orpheus.auction.persistence.impl.SQLServerAuctionDAOUnitTest.setUp(SQLServerAuctionDAOUnitTest.java:47)
Caused by: java.lang.ClassNotFoundException: The class name com.microsoft.sqlserver.jdbc.SQLServerDriver is invalid.
	at com.topcoder.db.connectionfactory.producers.JDBCConnectionProducer.&lt;init&gt;(JDBCConnectionProducer.java:236)
	... 20 more
Caused by: java.lang.ClassNotFoundException: com.microsoft.sqlserver.jdbc.SQLServerDriver
	at java.net.URLClassLoader$1.run(URLClassLoader.java:199)
	at java.security.AccessController.doPrivileged(Native Method)
	at java.net.URLClassLoader.findClass(URLClassLoader.java:187)
	at java.lang.ClassLoader.loadClass(ClassLoader.java:289)
	at sun.misc.Launcher$AppClassLoader.loadClass(Launcher.java:274)
	at java.lang.ClassLoader.loadClass(ClassLoader.java:235)
	at java.lang.ClassLoader.loadClassInternal(ClassLoader.java:302)
	at java.lang.Class.forName0(Native Method)
	at java.lang.Class.forName(Class.java:141)
	at com.topcoder.db.connectionfactory.producers.JDBCConnectionProducer.&lt;init&gt;(JDBCConnectionProducer.java:234)
	... 20 more
</error>
  </testcase>
  <testcase name="testUpdateAuction_NegativeMaxAmount" classname="com.orpheus.auction.persistence.impl.SQLServerAuctionDAOUnitTest" time="0.016">
    <error message="Unexpected errors- , caused by null" type="com.topcoder.db.connectionfactory.ConfigurationException">com.topcoder.db.connectionfactory.ConfigurationException: Unexpected errors- , caused by null
	at com.topcoder.db.connectionfactory.DBConnectionFactoryImpl.&lt;init&gt;(DBConnectionFactoryImpl.java:211)
	at com.orpheus.auction.persistence.UnitTestHelper.getConnection(UnitTestHelper.java:178)
	at com.orpheus.auction.persistence.impl.SQLServerAuctionDAOUnitTest.setUp(SQLServerAuctionDAOUnitTest.java:47)
Caused by: java.lang.reflect.InvocationTargetException
	at java.lang.reflect.Constructor.newInstance(Constructor.java:274)
	at com.topcoder.db.connectionfactory.DBConnectionFactoryImpl.&lt;init&gt;(DBConnectionFactoryImpl.java:190)
	... 16 more
Caused by: java.lang.ClassNotFoundException: The class name com.microsoft.sqlserver.jdbc.SQLServerDriver is invalid.
	at com.topcoder.db.connectionfactory.producers.JDBCConnectionProducer.&lt;init&gt;(JDBCConnectionProducer.java:236)
	... 20 more
Caused by: java.lang.ClassNotFoundException: com.microsoft.sqlserver.jdbc.SQLServerDriver
	at java.net.URLClassLoader$1.run(URLClassLoader.java:199)
	at java.security.AccessController.doPrivileged(Native Method)
	at java.net.URLClassLoader.findClass(URLClassLoader.java:187)
	at java.lang.ClassLoader.loadClass(ClassLoader.java:289)
	at sun.misc.Launcher$AppClassLoader.loadClass(Launcher.java:274)
	at java.lang.ClassLoader.loadClass(ClassLoader.java:235)
	at java.lang.ClassLoader.loadClassInternal(ClassLoader.java:302)
	at java.lang.Class.forName0(Native Method)
	at java.lang.Class.forName(Class.java:141)
	at com.topcoder.db.connectionfactory.producers.JDBCConnectionProducer.&lt;init&gt;(JDBCConnectionProducer.java:234)
	... 20 more
Caused by:java.lang.reflect.InvocationTargetException
	at java.lang.reflect.Constructor.newInstance(Constructor.java:274)
	at com.topcoder.db.connectionfactory.DBConnectionFactoryImpl.&lt;init&gt;(DBConnectionFactoryImpl.java:190)
	at com.orpheus.auction.persistence.UnitTestHelper.getConnection(UnitTestHelper.java:178)
	at com.orpheus.auction.persistence.impl.SQLServerAuctionDAOUnitTest.setUp(SQLServerAuctionDAOUnitTest.java:47)
Caused by: java.lang.ClassNotFoundException: The class name com.microsoft.sqlserver.jdbc.SQLServerDriver is invalid.
	at com.topcoder.db.connectionfactory.producers.JDBCConnectionProducer.&lt;init&gt;(JDBCConnectionProducer.java:236)
	... 20 more
Caused by: java.lang.ClassNotFoundException: com.microsoft.sqlserver.jdbc.SQLServerDriver
	at java.net.URLClassLoader$1.run(URLClassLoader.java:199)
	at java.security.AccessController.doPrivileged(Native Method)
	at java.net.URLClassLoader.findClass(URLClassLoader.java:187)
	at java.lang.ClassLoader.loadClass(ClassLoader.java:289)
	at sun.misc.Launcher$AppClassLoader.loadClass(Launcher.java:274)
	at java.lang.ClassLoader.loadClass(ClassLoader.java:235)
	at java.lang.ClassLoader.loadClassInternal(ClassLoader.java:302)
	at java.lang.Class.forName0(Native Method)
	at java.lang.Class.forName(Class.java:141)
	at com.topcoder.db.connectionfactory.producers.JDBCConnectionProducer.&lt;init&gt;(JDBCConnectionProducer.java:234)
	... 20 more
</error>
  </testcase>
  <testcase name="testUpdateAuction_NegativEffectiveAmount" classname="com.orpheus.auction.persistence.impl.SQLServerAuctionDAOUnitTest" time="0.016">
    <error message="Unexpected errors- , caused by null" type="com.topcoder.db.connectionfactory.ConfigurationException">com.topcoder.db.connectionfactory.ConfigurationException: Unexpected errors- , caused by null
	at com.topcoder.db.connectionfactory.DBConnectionFactoryImpl.&lt;init&gt;(DBConnectionFactoryImpl.java:211)
	at com.orpheus.auction.persistence.UnitTestHelper.getConnection(UnitTestHelper.java:178)
	at com.orpheus.auction.persistence.impl.SQLServerAuctionDAOUnitTest.setUp(SQLServerAuctionDAOUnitTest.java:47)
Caused by: java.lang.reflect.InvocationTargetException
	at java.lang.reflect.Constructor.newInstance(Constructor.java:274)
	at com.topcoder.db.connectionfactory.DBConnectionFactoryImpl.&lt;init&gt;(DBConnectionFactoryImpl.java:190)
	... 16 more
Caused by: java.lang.ClassNotFoundException: The class name com.microsoft.sqlserver.jdbc.SQLServerDriver is invalid.
	at com.topcoder.db.connectionfactory.producers.JDBCConnectionProducer.&lt;init&gt;(JDBCConnectionProducer.java:236)
	... 20 more
Caused by: java.lang.ClassNotFoundException: com.microsoft.sqlserver.jdbc.SQLServerDriver
	at java.net.URLClassLoader$1.run(URLClassLoader.java:199)
	at java.security.AccessController.doPrivileged(Native Method)
	at java.net.URLClassLoader.findClass(URLClassLoader.java:187)
	at java.lang.ClassLoader.loadClass(ClassLoader.java:289)
	at sun.misc.Launcher$AppClassLoader.loadClass(Launcher.java:274)
	at java.lang.ClassLoader.loadClass(ClassLoader.java:235)
	at java.lang.ClassLoader.loadClassInternal(ClassLoader.java:302)
	at java.lang.Class.forName0(Native Method)
	at java.lang.Class.forName(Class.java:141)
	at com.topcoder.db.connectionfactory.producers.JDBCConnectionProducer.&lt;init&gt;(JDBCConnectionProducer.java:234)
	... 20 more
Caused by:java.lang.reflect.InvocationTargetException
	at java.lang.reflect.Constructor.newInstance(Constructor.java:274)
	at com.topcoder.db.connectionfactory.DBConnectionFactoryImpl.&lt;init&gt;(DBConnectionFactoryImpl.java:190)
	at com.orpheus.auction.persistence.UnitTestHelper.getConnection(UnitTestHelper.java:178)
	at com.orpheus.auction.persistence.impl.SQLServerAuctionDAOUnitTest.setUp(SQLServerAuctionDAOUnitTest.java:47)
Caused by: java.lang.ClassNotFoundException: The class name com.microsoft.sqlserver.jdbc.SQLServerDriver is invalid.
	at com.topcoder.db.connectionfactory.producers.JDBCConnectionProducer.&lt;init&gt;(JDBCConnectionProducer.java:236)
	... 20 more
Caused by: java.lang.ClassNotFoundException: com.microsoft.sqlserver.jdbc.SQLServerDriver
	at java.net.URLClassLoader$1.run(URLClassLoader.java:199)
	at java.security.AccessController.doPrivileged(Native Method)
	at java.net.URLClassLoader.findClass(URLClassLoader.java:187)
	at java.lang.ClassLoader.loadClass(ClassLoader.java:289)
	at sun.misc.Launcher$AppClassLoader.loadClass(Launcher.java:274)
	at java.lang.ClassLoader.loadClass(ClassLoader.java:235)
	at java.lang.ClassLoader.loadClassInternal(ClassLoader.java:302)
	at java.lang.Class.forName0(Native Method)
	at java.lang.Class.forName(Class.java:141)
	at com.topcoder.db.connectionfactory.producers.JDBCConnectionProducer.&lt;init&gt;(JDBCConnectionProducer.java:234)
	... 20 more
</error>
  </testcase>
  <testcase name="testUpdateAuction_InvalidBidderid" classname="com.orpheus.auction.persistence.impl.SQLServerAuctionDAOUnitTest" time="0.015">
    <error message="Unexpected errors- , caused by null" type="com.topcoder.db.connectionfactory.ConfigurationException">com.topcoder.db.connectionfactory.ConfigurationException: Unexpected errors- , caused by null
	at com.topcoder.db.connectionfactory.DBConnectionFactoryImpl.&lt;init&gt;(DBConnectionFactoryImpl.java:211)
	at com.orpheus.auction.persistence.UnitTestHelper.getConnection(UnitTestHelper.java:178)
	at com.orpheus.auction.persistence.impl.SQLServerAuctionDAOUnitTest.setUp(SQLServerAuctionDAOUnitTest.java:47)
Caused by: java.lang.reflect.InvocationTargetException
	at java.lang.reflect.Constructor.newInstance(Constructor.java:274)
	at com.topcoder.db.connectionfactory.DBConnectionFactoryImpl.&lt;init&gt;(DBConnectionFactoryImpl.java:190)
	... 16 more
Caused by: java.lang.ClassNotFoundException: The class name com.microsoft.sqlserver.jdbc.SQLServerDriver is invalid.
	at com.topcoder.db.connectionfactory.producers.JDBCConnectionProducer.&lt;init&gt;(JDBCConnectionProducer.java:236)
	... 20 more
Caused by: java.lang.ClassNotFoundException: com.microsoft.sqlserver.jdbc.SQLServerDriver
	at java.net.URLClassLoader$1.run(URLClassLoader.java:199)
	at java.security.AccessController.doPrivileged(Native Method)
	at java.net.URLClassLoader.findClass(URLClassLoader.java:187)
	at java.lang.ClassLoader.loadClass(ClassLoader.java:289)
	at sun.misc.Launcher$AppClassLoader.loadClass(Launcher.java:274)
	at java.lang.ClassLoader.loadClass(ClassLoader.java:235)
	at java.lang.ClassLoader.loadClassInternal(ClassLoader.java:302)
	at java.lang.Class.forName0(Native Method)
	at java.lang.Class.forName(Class.java:141)
	at com.topcoder.db.connectionfactory.producers.JDBCConnectionProducer.&lt;init&gt;(JDBCConnectionProducer.java:234)
	... 20 more
Caused by:java.lang.reflect.InvocationTargetException
	at java.lang.reflect.Constructor.newInstance(Constructor.java:274)
	at com.topcoder.db.connectionfactory.DBConnectionFactoryImpl.&lt;init&gt;(DBConnectionFactoryImpl.java:190)
	at com.orpheus.auction.persistence.UnitTestHelper.getConnection(UnitTestHelper.java:178)
	at com.orpheus.auction.persistence.impl.SQLServerAuctionDAOUnitTest.setUp(SQLServerAuctionDAOUnitTest.java:47)
Caused by: java.lang.ClassNotFoundException: The class name com.microsoft.sqlserver.jdbc.SQLServerDriver is invalid.
	at com.topcoder.db.connectionfactory.producers.JDBCConnectionProducer.&lt;init&gt;(JDBCConnectionProducer.java:236)
	... 20 more
Caused by: java.lang.ClassNotFoundException: com.microsoft.sqlserver.jdbc.SQLServerDriver
	at java.net.URLClassLoader$1.run(URLClassLoader.java:199)
	at java.security.AccessController.doPrivileged(Native Method)
	at java.net.URLClassLoader.findClass(URLClassLoader.java:187)
	at java.lang.ClassLoader.loadClass(ClassLoader.java:289)
	at sun.misc.Launcher$AppClassLoader.loadClass(Launcher.java:274)
	at java.lang.ClassLoader.loadClass(ClassLoader.java:235)
	at java.lang.ClassLoader.loadClassInternal(ClassLoader.java:302)
	at java.lang.Class.forName0(Native Method)
	at java.lang.Class.forName(Class.java:141)
	at com.topcoder.db.connectionfactory.producers.JDBCConnectionProducer.&lt;init&gt;(JDBCConnectionProducer.java:234)
	... 20 more
</error>
  </testcase>
  <testcase name="testUpdateAuction_Accuracy1" classname="com.orpheus.auction.persistence.impl.SQLServerAuctionDAOUnitTest" time="0.0">
    <error message="Unexpected errors- , caused by null" type="com.topcoder.db.connectionfactory.ConfigurationException">com.topcoder.db.connectionfactory.ConfigurationException: Unexpected errors- , caused by null
	at com.topcoder.db.connectionfactory.DBConnectionFactoryImpl.&lt;init&gt;(DBConnectionFactoryImpl.java:211)
	at com.orpheus.auction.persistence.UnitTestHelper.getConnection(UnitTestHelper.java:178)
	at com.orpheus.auction.persistence.impl.SQLServerAuctionDAOUnitTest.setUp(SQLServerAuctionDAOUnitTest.java:47)
Caused by: java.lang.reflect.InvocationTargetException
	at java.lang.reflect.Constructor.newInstance(Constructor.java:274)
	at com.topcoder.db.connectionfactory.DBConnectionFactoryImpl.&lt;init&gt;(DBConnectionFactoryImpl.java:190)
	... 16 more
Caused by: java.lang.ClassNotFoundException: The class name com.microsoft.sqlserver.jdbc.SQLServerDriver is invalid.
	at com.topcoder.db.connectionfactory.producers.JDBCConnectionProducer.&lt;init&gt;(JDBCConnectionProducer.java:236)
	... 20 more
Caused by: java.lang.ClassNotFoundException: com.microsoft.sqlserver.jdbc.SQLServerDriver
	at java.net.URLClassLoader$1.run(URLClassLoader.java:199)
	at java.security.AccessController.doPrivileged(Native Method)
	at java.net.URLClassLoader.findClass(URLClassLoader.java:187)
	at java.lang.ClassLoader.loadClass(ClassLoader.java:289)
	at sun.misc.Launcher$AppClassLoader.loadClass(Launcher.java:274)
	at java.lang.ClassLoader.loadClass(ClassLoader.java:235)
	at java.lang.ClassLoader.loadClassInternal(ClassLoader.java:302)
	at java.lang.Class.forName0(Native Method)
	at java.lang.Class.forName(Class.java:141)
	at com.topcoder.db.connectionfactory.producers.JDBCConnectionProducer.&lt;init&gt;(JDBCConnectionProducer.java:234)
	... 20 more
Caused by:java.lang.reflect.InvocationTargetException
	at java.lang.reflect.Constructor.newInstance(Constructor.java:274)
	at com.topcoder.db.connectionfactory.DBConnectionFactoryImpl.&lt;init&gt;(DBConnectionFactoryImpl.java:190)
	at com.orpheus.auction.persistence.UnitTestHelper.getConnection(UnitTestHelper.java:178)
	at com.orpheus.auction.persistence.impl.SQLServerAuctionDAOUnitTest.setUp(SQLServerAuctionDAOUnitTest.java:47)
Caused by: java.lang.ClassNotFoundException: The class name com.microsoft.sqlserver.jdbc.SQLServerDriver is invalid.
	at com.topcoder.db.connectionfactory.producers.JDBCConnectionProducer.&lt;init&gt;(JDBCConnectionProducer.java:236)
	... 20 more
Caused by: java.lang.ClassNotFoundException: com.microsoft.sqlserver.jdbc.SQLServerDriver
	at java.net.URLClassLoader$1.run(URLClassLoader.java:199)
	at java.security.AccessController.doPrivileged(Native Method)
	at java.net.URLClassLoader.findClass(URLClassLoader.java:187)
	at java.lang.ClassLoader.loadClass(ClassLoader.java:289)
	at sun.misc.Launcher$AppClassLoader.loadClass(Launcher.java:274)
	at java.lang.ClassLoader.loadClass(ClassLoader.java:235)
	at java.lang.ClassLoader.loadClassInternal(ClassLoader.java:302)
	at java.lang.Class.forName0(Native Method)
	at java.lang.Class.forName(Class.java:141)
	at com.topcoder.db.connectionfactory.producers.JDBCConnectionProducer.&lt;init&gt;(JDBCConnectionProducer.java:234)
	... 20 more
</error>
  </testcase>
  <testcase name="testUpdateAuction_Accuracy2" classname="com.orpheus.auction.persistence.impl.SQLServerAuctionDAOUnitTest" time="0.016">
    <error message="Unexpected errors- , caused by null" type="com.topcoder.db.connectionfactory.ConfigurationException">com.topcoder.db.connectionfactory.ConfigurationException: Unexpected errors- , caused by null
	at com.topcoder.db.connectionfactory.DBConnectionFactoryImpl.&lt;init&gt;(DBConnectionFactoryImpl.java:211)
	at com.orpheus.auction.persistence.UnitTestHelper.getConnection(UnitTestHelper.java:178)
	at com.orpheus.auction.persistence.impl.SQLServerAuctionDAOUnitTest.setUp(SQLServerAuctionDAOUnitTest.java:47)
Caused by: java.lang.reflect.InvocationTargetException
	at java.lang.reflect.Constructor.newInstance(Constructor.java:274)
	at com.topcoder.db.connectionfactory.DBConnectionFactoryImpl.&lt;init&gt;(DBConnectionFactoryImpl.java:190)
	... 16 more
Caused by: java.lang.ClassNotFoundException: The class name com.microsoft.sqlserver.jdbc.SQLServerDriver is invalid.
	at com.topcoder.db.connectionfactory.producers.JDBCConnectionProducer.&lt;init&gt;(JDBCConnectionProducer.java:236)
	... 20 more
Caused by: java.lang.ClassNotFoundException: com.microsoft.sqlserver.jdbc.SQLServerDriver
	at java.net.URLClassLoader$1.run(URLClassLoader.java:199)
	at java.security.AccessController.doPrivileged(Native Method)
	at java.net.URLClassLoader.findClass(URLClassLoader.java:187)
	at java.lang.ClassLoader.loadClass(ClassLoader.java:289)
	at sun.misc.Launcher$AppClassLoader.loadClass(Launcher.java:274)
	at java.lang.ClassLoader.loadClass(ClassLoader.java:235)
	at java.lang.ClassLoader.loadClassInternal(ClassLoader.java:302)
	at java.lang.Class.forName0(Native Method)
	at java.lang.Class.forName(Class.java:141)
	at com.topcoder.db.connectionfactory.producers.JDBCConnectionProducer.&lt;init&gt;(JDBCConnectionProducer.java:234)
	... 20 more
Caused by:java.lang.reflect.InvocationTargetException
	at java.lang.reflect.Constructor.newInstance(Constructor.java:274)
	at com.topcoder.db.connectionfactory.DBConnectionFactoryImpl.&lt;init&gt;(DBConnectionFactoryImpl.java:190)
	at com.orpheus.auction.persistence.UnitTestHelper.getConnection(UnitTestHelper.java:178)
	at com.orpheus.auction.persistence.impl.SQLServerAuctionDAOUnitTest.setUp(SQLServerAuctionDAOUnitTest.java:47)
Caused by: java.lang.ClassNotFoundException: The class name com.microsoft.sqlserver.jdbc.SQLServerDriver is invalid.
	at com.topcoder.db.connectionfactory.producers.JDBCConnectionProducer.&lt;init&gt;(JDBCConnectionProducer.java:236)
	... 20 more
Caused by: java.lang.ClassNotFoundException: com.microsoft.sqlserver.jdbc.SQLServerDriver
	at java.net.URLClassLoader$1.run(URLClassLoader.java:199)
	at java.security.AccessController.doPrivileged(Native Method)
	at java.net.URLClassLoader.findClass(URLClassLoader.java:187)
	at java.lang.ClassLoader.loadClass(ClassLoader.java:289)
	at sun.misc.Launcher$AppClassLoader.loadClass(Launcher.java:274)
	at java.lang.ClassLoader.loadClass(ClassLoader.java:235)
	at java.lang.ClassLoader.loadClassInternal(ClassLoader.java:302)
	at java.lang.Class.forName0(Native Method)
	at java.lang.Class.forName(Class.java:141)
	at com.topcoder.db.connectionfactory.producers.JDBCConnectionProducer.&lt;init&gt;(JDBCConnectionProducer.java:234)
	... 20 more
</error>
  </testcase>
  <testcase name="testUpdateBids_NegativeImageId" classname="com.orpheus.auction.persistence.impl.SQLServerAuctionDAOUnitTest" time="0.015">
    <error message="Unexpected errors- , caused by null" type="com.topcoder.db.connectionfactory.ConfigurationException">com.topcoder.db.connectionfactory.ConfigurationException: Unexpected errors- , caused by null
	at com.topcoder.db.connectionfactory.DBConnectionFactoryImpl.&lt;init&gt;(DBConnectionFactoryImpl.java:211)
	at com.orpheus.auction.persistence.UnitTestHelper.getConnection(UnitTestHelper.java:178)
	at com.orpheus.auction.persistence.impl.SQLServerAuctionDAOUnitTest.setUp(SQLServerAuctionDAOUnitTest.java:47)
Caused by: java.lang.reflect.InvocationTargetException
	at java.lang.reflect.Constructor.newInstance(Constructor.java:274)
	at com.topcoder.db.connectionfactory.DBConnectionFactoryImpl.&lt;init&gt;(DBConnectionFactoryImpl.java:190)
	... 16 more
Caused by: java.lang.ClassNotFoundException: The class name com.microsoft.sqlserver.jdbc.SQLServerDriver is invalid.
	at com.topcoder.db.connectionfactory.producers.JDBCConnectionProducer.&lt;init&gt;(JDBCConnectionProducer.java:236)
	... 20 more
Caused by: java.lang.ClassNotFoundException: com.microsoft.sqlserver.jdbc.SQLServerDriver
	at java.net.URLClassLoader$1.run(URLClassLoader.java:199)
	at java.security.AccessController.doPrivileged(Native Method)
	at java.net.URLClassLoader.findClass(URLClassLoader.java:187)
	at java.lang.ClassLoader.loadClass(ClassLoader.java:289)
	at sun.misc.Launcher$AppClassLoader.loadClass(Launcher.java:274)
	at java.lang.ClassLoader.loadClass(ClassLoader.java:235)
	at java.lang.ClassLoader.loadClassInternal(ClassLoader.java:302)
	at java.lang.Class.forName0(Native Method)
	at java.lang.Class.forName(Class.java:141)
	at com.topcoder.db.connectionfactory.producers.JDBCConnectionProducer.&lt;init&gt;(JDBCConnectionProducer.java:234)
	... 20 more
Caused by:java.lang.reflect.InvocationTargetException
	at java.lang.reflect.Constructor.newInstance(Constructor.java:274)
	at com.topcoder.db.connectionfactory.DBConnectionFactoryImpl.&lt;init&gt;(DBConnectionFactoryImpl.java:190)
	at com.orpheus.auction.persistence.UnitTestHelper.getConnection(UnitTestHelper.java:178)
	at com.orpheus.auction.persistence.impl.SQLServerAuctionDAOUnitTest.setUp(SQLServerAuctionDAOUnitTest.java:47)
Caused by: java.lang.ClassNotFoundException: The class name com.microsoft.sqlserver.jdbc.SQLServerDriver is invalid.
	at com.topcoder.db.connectionfactory.producers.JDBCConnectionProducer.&lt;init&gt;(JDBCConnectionProducer.java:236)
	... 20 more
Caused by: java.lang.ClassNotFoundException: com.microsoft.sqlserver.jdbc.SQLServerDriver
	at java.net.URLClassLoader$1.run(URLClassLoader.java:199)
	at java.security.AccessController.doPrivileged(Native Method)
	at java.net.URLClassLoader.findClass(URLClassLoader.java:187)
	at java.lang.ClassLoader.loadClass(ClassLoader.java:289)
	at sun.misc.Launcher$AppClassLoader.loadClass(Launcher.java:274)
	at java.lang.ClassLoader.loadClass(ClassLoader.java:235)
	at java.lang.ClassLoader.loadClassInternal(ClassLoader.java:302)
	at java.lang.Class.forName0(Native Method)
	at java.lang.Class.forName(Class.java:141)
	at com.topcoder.db.connectionfactory.producers.JDBCConnectionProducer.&lt;init&gt;(JDBCConnectionProducer.java:234)
	... 20 more
</error>
  </testcase>
  <testcase name="testUpdateBids_NegativeMaxAmount" classname="com.orpheus.auction.persistence.impl.SQLServerAuctionDAOUnitTest" time="0.016">
    <error message="Unexpected errors- , caused by null" type="com.topcoder.db.connectionfactory.ConfigurationException">com.topcoder.db.connectionfactory.ConfigurationException: Unexpected errors- , caused by null
	at com.topcoder.db.connectionfactory.DBConnectionFactoryImpl.&lt;init&gt;(DBConnectionFactoryImpl.java:211)
	at com.orpheus.auction.persistence.UnitTestHelper.getConnection(UnitTestHelper.java:178)
	at com.orpheus.auction.persistence.impl.SQLServerAuctionDAOUnitTest.setUp(SQLServerAuctionDAOUnitTest.java:47)
Caused by: java.lang.reflect.InvocationTargetException
	at java.lang.reflect.Constructor.newInstance(Constructor.java:274)
	at com.topcoder.db.connectionfactory.DBConnectionFactoryImpl.&lt;init&gt;(DBConnectionFactoryImpl.java:190)
	... 16 more
Caused by: java.lang.ClassNotFoundException: The class name com.microsoft.sqlserver.jdbc.SQLServerDriver is invalid.
	at com.topcoder.db.connectionfactory.producers.JDBCConnectionProducer.&lt;init&gt;(JDBCConnectionProducer.java:236)
	... 20 more
Caused by: java.lang.ClassNotFoundException: com.microsoft.sqlserver.jdbc.SQLServerDriver
	at java.net.URLClassLoader$1.run(URLClassLoader.java:199)
	at java.security.AccessController.doPrivileged(Native Method)
	at java.net.URLClassLoader.findClass(URLClassLoader.java:187)
	at java.lang.ClassLoader.loadClass(ClassLoader.java:289)
	at sun.misc.Launcher$AppClassLoader.loadClass(Launcher.java:274)
	at java.lang.ClassLoader.loadClass(ClassLoader.java:235)
	at java.lang.ClassLoader.loadClassInternal(ClassLoader.java:302)
	at java.lang.Class.forName0(Native Method)
	at java.lang.Class.forName(Class.java:141)
	at com.topcoder.db.connectionfactory.producers.JDBCConnectionProducer.&lt;init&gt;(JDBCConnectionProducer.java:234)
	... 20 more
Caused by:java.lang.reflect.InvocationTargetException
	at java.lang.reflect.Constructor.newInstance(Constructor.java:274)
	at com.topcoder.db.connectionfactory.DBConnectionFactoryImpl.&lt;init&gt;(DBConnectionFactoryImpl.java:190)
	at com.orpheus.auction.persistence.UnitTestHelper.getConnection(UnitTestHelper.java:178)
	at com.orpheus.auction.persistence.impl.SQLServerAuctionDAOUnitTest.setUp(SQLServerAuctionDAOUnitTest.java:47)
Caused by: java.lang.ClassNotFoundException: The class name com.microsoft.sqlserver.jdbc.SQLServerDriver is invalid.
	at com.topcoder.db.connectionfactory.producers.JDBCConnectionProducer.&lt;init&gt;(JDBCConnectionProducer.java:236)
	... 20 more
Caused by: java.lang.ClassNotFoundException: com.microsoft.sqlserver.jdbc.SQLServerDriver
	at java.net.URLClassLoader$1.run(URLClassLoader.java:199)
	at java.security.AccessController.doPrivileged(Native Method)
	at java.net.URLClassLoader.findClass(URLClassLoader.java:187)
	at java.lang.ClassLoader.loadClass(ClassLoader.java:289)
	at sun.misc.Launcher$AppClassLoader.loadClass(Launcher.java:274)
	at java.lang.ClassLoader.loadClass(ClassLoader.java:235)
	at java.lang.ClassLoader.loadClassInternal(ClassLoader.java:302)
	at java.lang.Class.forName0(Native Method)
	at java.lang.Class.forName(Class.java:141)
	at com.topcoder.db.connectionfactory.producers.JDBCConnectionProducer.&lt;init&gt;(JDBCConnectionProducer.java:234)
	... 20 more
</error>
  </testcase>
  <testcase name="testUpdateBids_NegativEffectiveAmount" classname="com.orpheus.auction.persistence.impl.SQLServerAuctionDAOUnitTest" time="0.0">
    <error message="Unexpected errors- , caused by null" type="com.topcoder.db.connectionfactory.ConfigurationException">com.topcoder.db.connectionfactory.ConfigurationException: Unexpected errors- , caused by null
	at com.topcoder.db.connectionfactory.DBConnectionFactoryImpl.&lt;init&gt;(DBConnectionFactoryImpl.java:211)
	at com.orpheus.auction.persistence.UnitTestHelper.getConnection(UnitTestHelper.java:178)
	at com.orpheus.auction.persistence.impl.SQLServerAuctionDAOUnitTest.setUp(SQLServerAuctionDAOUnitTest.java:47)
Caused by: java.lang.reflect.InvocationTargetException
	at java.lang.reflect.Constructor.newInstance(Constructor.java:274)
	at com.topcoder.db.connectionfactory.DBConnectionFactoryImpl.&lt;init&gt;(DBConnectionFactoryImpl.java:190)
	... 16 more
Caused by: java.lang.ClassNotFoundException: The class name com.microsoft.sqlserver.jdbc.SQLServerDriver is invalid.
	at com.topcoder.db.connectionfactory.producers.JDBCConnectionProducer.&lt;init&gt;(JDBCConnectionProducer.java:236)
	... 20 more
Caused by: java.lang.ClassNotFoundException: com.microsoft.sqlserver.jdbc.SQLServerDriver
	at java.net.URLClassLoader$1.run(URLClassLoader.java:199)
	at java.security.AccessController.doPrivileged(Native Method)
	at java.net.URLClassLoader.findClass(URLClassLoader.java:187)
	at java.lang.ClassLoader.loadClass(ClassLoader.java:289)
	at sun.misc.Launcher$AppClassLoader.loadClass(Launcher.java:274)
	at java.lang.ClassLoader.loadClass(ClassLoader.java:235)
	at java.lang.ClassLoader.loadClassInternal(ClassLoader.java:302)
	at java.lang.Class.forName0(Native Method)
	at java.lang.Class.forName(Class.java:141)
	at com.topcoder.db.connectionfactory.producers.JDBCConnectionProducer.&lt;init&gt;(JDBCConnectionProducer.java:234)
	... 20 more
Caused by:java.lang.reflect.InvocationTargetException
	at java.lang.reflect.Constructor.newInstance(Constructor.java:274)
	at com.topcoder.db.connectionfactory.DBConnectionFactoryImpl.&lt;init&gt;(DBConnectionFactoryImpl.java:190)
	at com.orpheus.auction.persistence.UnitTestHelper.getConnection(UnitTestHelper.java:178)
	at com.orpheus.auction.persistence.impl.SQLServerAuctionDAOUnitTest.setUp(SQLServerAuctionDAOUnitTest.java:47)
Caused by: java.lang.ClassNotFoundException: The class name com.microsoft.sqlserver.jdbc.SQLServerDriver is invalid.
	at com.topcoder.db.connectionfactory.producers.JDBCConnectionProducer.&lt;init&gt;(JDBCConnectionProducer.java:236)
	... 20 more
Caused by: java.lang.ClassNotFoundException: com.microsoft.sqlserver.jdbc.SQLServerDriver
	at java.net.URLClassLoader$1.run(URLClassLoader.java:199)
	at java.security.AccessController.doPrivileged(Native Method)
	at java.net.URLClassLoader.findClass(URLClassLoader.java:187)
	at java.lang.ClassLoader.loadClass(ClassLoader.java:289)
	at sun.misc.Launcher$AppClassLoader.loadClass(Launcher.java:274)
	at java.lang.ClassLoader.loadClass(ClassLoader.java:235)
	at java.lang.ClassLoader.loadClassInternal(ClassLoader.java:302)
	at java.lang.Class.forName0(Native Method)
	at java.lang.Class.forName(Class.java:141)
	at com.topcoder.db.connectionfactory.producers.JDBCConnectionProducer.&lt;init&gt;(JDBCConnectionProducer.java:234)
	... 20 more
</error>
  </testcase>
  <testcase name="testUpdateBids_InvalidBidderid" classname="com.orpheus.auction.persistence.impl.SQLServerAuctionDAOUnitTest" time="0.016">
    <error message="Unexpected errors- , caused by null" type="com.topcoder.db.connectionfactory.ConfigurationException">com.topcoder.db.connectionfactory.ConfigurationException: Unexpected errors- , caused by null
	at com.topcoder.db.connectionfactory.DBConnectionFactoryImpl.&lt;init&gt;(DBConnectionFactoryImpl.java:211)
	at com.orpheus.auction.persistence.UnitTestHelper.getConnection(UnitTestHelper.java:178)
	at com.orpheus.auction.persistence.impl.SQLServerAuctionDAOUnitTest.setUp(SQLServerAuctionDAOUnitTest.java:47)
Caused by: java.lang.reflect.InvocationTargetException
	at java.lang.reflect.Constructor.newInstance(Constructor.java:274)
	at com.topcoder.db.connectionfactory.DBConnectionFactoryImpl.&lt;init&gt;(DBConnectionFactoryImpl.java:190)
	... 16 more
Caused by: java.lang.ClassNotFoundException: The class name com.microsoft.sqlserver.jdbc.SQLServerDriver is invalid.
	at com.topcoder.db.connectionfactory.producers.JDBCConnectionProducer.&lt;init&gt;(JDBCConnectionProducer.java:236)
	... 20 more
Caused by: java.lang.ClassNotFoundException: com.microsoft.sqlserver.jdbc.SQLServerDriver
	at java.net.URLClassLoader$1.run(URLClassLoader.java:199)
	at java.security.AccessController.doPrivileged(Native Method)
	at java.net.URLClassLoader.findClass(URLClassLoader.java:187)
	at java.lang.ClassLoader.loadClass(ClassLoader.java:289)
	at sun.misc.Launcher$AppClassLoader.loadClass(Launcher.java:274)
	at java.lang.ClassLoader.loadClass(ClassLoader.java:235)
	at java.lang.ClassLoader.loadClassInternal(ClassLoader.java:302)
	at java.lang.Class.forName0(Native Method)
	at java.lang.Class.forName(Class.java:141)
	at com.topcoder.db.connectionfactory.producers.JDBCConnectionProducer.&lt;init&gt;(JDBCConnectionProducer.java:234)
	... 20 more
Caused by:java.lang.reflect.InvocationTargetException
	at java.lang.reflect.Constructor.newInstance(Constructor.java:274)
	at com.topcoder.db.connectionfactory.DBConnectionFactoryImpl.&lt;init&gt;(DBConnectionFactoryImpl.java:190)
	at com.orpheus.auction.persistence.UnitTestHelper.getConnection(UnitTestHelper.java:178)
	at com.orpheus.auction.persistence.impl.SQLServerAuctionDAOUnitTest.setUp(SQLServerAuctionDAOUnitTest.java:47)
Caused by: java.lang.ClassNotFoundException: The class name com.microsoft.sqlserver.jdbc.SQLServerDriver is invalid.
	at com.topcoder.db.connectionfactory.producers.JDBCConnectionProducer.&lt;init&gt;(JDBCConnectionProducer.java:236)
	... 20 more
Caused by: java.lang.ClassNotFoundException: com.microsoft.sqlserver.jdbc.SQLServerDriver
	at java.net.URLClassLoader$1.run(URLClassLoader.java:199)
	at java.security.AccessController.doPrivileged(Native Method)
	at java.net.URLClassLoader.findClass(URLClassLoader.java:187)
	at java.lang.ClassLoader.loadClass(ClassLoader.java:289)
	at sun.misc.Launcher$AppClassLoader.loadClass(Launcher.java:274)
	at java.lang.ClassLoader.loadClass(ClassLoader.java:235)
	at java.lang.ClassLoader.loadClassInternal(ClassLoader.java:302)
	at java.lang.Class.forName0(Native Method)
	at java.lang.Class.forName(Class.java:141)
	at com.topcoder.db.connectionfactory.producers.JDBCConnectionProducer.&lt;init&gt;(JDBCConnectionProducer.java:234)
	... 20 more
</error>
  </testcase>
  <testcase name="testUpdateBids_Accuracy1" classname="com.orpheus.auction.persistence.impl.SQLServerAuctionDAOUnitTest" time="0.015">
    <error message="Unexpected errors- , caused by null" type="com.topcoder.db.connectionfactory.ConfigurationException">com.topcoder.db.connectionfactory.ConfigurationException: Unexpected errors- , caused by null
	at com.topcoder.db.connectionfactory.DBConnectionFactoryImpl.&lt;init&gt;(DBConnectionFactoryImpl.java:211)
	at com.orpheus.auction.persistence.UnitTestHelper.getConnection(UnitTestHelper.java:178)
	at com.orpheus.auction.persistence.impl.SQLServerAuctionDAOUnitTest.setUp(SQLServerAuctionDAOUnitTest.java:47)
Caused by: java.lang.reflect.InvocationTargetException
	at java.lang.reflect.Constructor.newInstance(Constructor.java:274)
	at com.topcoder.db.connectionfactory.DBConnectionFactoryImpl.&lt;init&gt;(DBConnectionFactoryImpl.java:190)
	... 16 more
Caused by: java.lang.ClassNotFoundException: The class name com.microsoft.sqlserver.jdbc.SQLServerDriver is invalid.
	at com.topcoder.db.connectionfactory.producers.JDBCConnectionProducer.&lt;init&gt;(JDBCConnectionProducer.java:236)
	... 20 more
Caused by: java.lang.ClassNotFoundException: com.microsoft.sqlserver.jdbc.SQLServerDriver
	at java.net.URLClassLoader$1.run(URLClassLoader.java:199)
	at java.security.AccessController.doPrivileged(Native Method)
	at java.net.URLClassLoader.findClass(URLClassLoader.java:187)
	at java.lang.ClassLoader.loadClass(ClassLoader.java:289)
	at sun.misc.Launcher$AppClassLoader.loadClass(Launcher.java:274)
	at java.lang.ClassLoader.loadClass(ClassLoader.java:235)
	at java.lang.ClassLoader.loadClassInternal(ClassLoader.java:302)
	at java.lang.Class.forName0(Native Method)
	at java.lang.Class.forName(Class.java:141)
	at com.topcoder.db.connectionfactory.producers.JDBCConnectionProducer.&lt;init&gt;(JDBCConnectionProducer.java:234)
	... 20 more
Caused by:java.lang.reflect.InvocationTargetException
	at java.lang.reflect.Constructor.newInstance(Constructor.java:274)
	at com.topcoder.db.connectionfactory.DBConnectionFactoryImpl.&lt;init&gt;(DBConnectionFactoryImpl.java:190)
	at com.orpheus.auction.persistence.UnitTestHelper.getConnection(UnitTestHelper.java:178)
	at com.orpheus.auction.persistence.impl.SQLServerAuctionDAOUnitTest.setUp(SQLServerAuctionDAOUnitTest.java:47)
Caused by: java.lang.ClassNotFoundException: The class name com.microsoft.sqlserver.jdbc.SQLServerDriver is invalid.
	at com.topcoder.db.connectionfactory.producers.JDBCConnectionProducer.&lt;init&gt;(JDBCConnectionProducer.java:236)
	... 20 more
Caused by: java.lang.ClassNotFoundException: com.microsoft.sqlserver.jdbc.SQLServerDriver
	at java.net.URLClassLoader$1.run(URLClassLoader.java:199)
	at java.security.AccessController.doPrivileged(Native Method)
	at java.net.URLClassLoader.findClass(URLClassLoader.java:187)
	at java.lang.ClassLoader.loadClass(ClassLoader.java:289)
	at sun.misc.Launcher$AppClassLoader.loadClass(Launcher.java:274)
	at java.lang.ClassLoader.loadClass(ClassLoader.java:235)
	at java.lang.ClassLoader.loadClassInternal(ClassLoader.java:302)
	at java.lang.Class.forName0(Native Method)
	at java.lang.Class.forName(Class.java:141)
	at com.topcoder.db.connectionfactory.producers.JDBCConnectionProducer.&lt;init&gt;(JDBCConnectionProducer.java:234)
	... 20 more
</error>
  </testcase>
  <testcase name="testUpdateBids_Accuracy2" classname="com.orpheus.auction.persistence.impl.SQLServerAuctionDAOUnitTest" time="0.032">
    <error message="Unexpected errors- , caused by null" type="com.topcoder.db.connectionfactory.ConfigurationException">com.topcoder.db.connectionfactory.ConfigurationException: Unexpected errors- , caused by null
	at com.topcoder.db.connectionfactory.DBConnectionFactoryImpl.&lt;init&gt;(DBConnectionFactoryImpl.java:211)
	at com.orpheus.auction.persistence.UnitTestHelper.getConnection(UnitTestHelper.java:178)
	at com.orpheus.auction.persistence.impl.SQLServerAuctionDAOUnitTest.setUp(SQLServerAuctionDAOUnitTest.java:47)
Caused by: java.lang.reflect.InvocationTargetException
	at java.lang.reflect.Constructor.newInstance(Constructor.java:274)
	at com.topcoder.db.connectionfactory.DBConnectionFactoryImpl.&lt;init&gt;(DBConnectionFactoryImpl.java:190)
	... 16 more
Caused by: java.lang.ClassNotFoundException: The class name com.microsoft.sqlserver.jdbc.SQLServerDriver is invalid.
	at com.topcoder.db.connectionfactory.producers.JDBCConnectionProducer.&lt;init&gt;(JDBCConnectionProducer.java:236)
	... 20 more
Caused by: java.lang.ClassNotFoundException: com.microsoft.sqlserver.jdbc.SQLServerDriver
	at java.net.URLClassLoader$1.run(URLClassLoader.java:199)
	at java.security.AccessController.doPrivileged(Native Method)
	at java.net.URLClassLoader.findClass(URLClassLoader.java:187)
	at java.lang.ClassLoader.loadClass(ClassLoader.java:289)
	at sun.misc.Launcher$AppClassLoader.loadClass(Launcher.java:274)
	at java.lang.ClassLoader.loadClass(ClassLoader.java:235)
	at java.lang.ClassLoader.loadClassInternal(ClassLoader.java:302)
	at java.lang.Class.forName0(Native Method)
	at java.lang.Class.forName(Class.java:141)
	at com.topcoder.db.connectionfactory.producers.JDBCConnectionProducer.&lt;init&gt;(JDBCConnectionProducer.java:234)
	... 20 more
Caused by:java.lang.reflect.InvocationTargetException
	at java.lang.reflect.Constructor.newInstance(Constructor.java:274)
	at com.topcoder.db.connectionfactory.DBConnectionFactoryImpl.&lt;init&gt;(DBConnectionFactoryImpl.java:190)
	at com.orpheus.auction.persistence.UnitTestHelper.getConnection(UnitTestHelper.java:178)
	at com.orpheus.auction.persistence.impl.SQLServerAuctionDAOUnitTest.setUp(SQLServerAuctionDAOUnitTest.java:47)
Caused by: java.lang.ClassNotFoundException: The class name com.microsoft.sqlserver.jdbc.SQLServerDriver is invalid.
	at com.topcoder.db.connectionfactory.producers.JDBCConnectionProducer.&lt;init&gt;(JDBCConnectionProducer.java:236)
	... 20 more
Caused by: java.lang.ClassNotFoundException: com.microsoft.sqlserver.jdbc.SQLServerDriver
	at java.net.URLClassLoader$1.run(URLClassLoader.java:199)
	at java.security.AccessController.doPrivileged(Native Method)
	at java.net.URLClassLoader.findClass(URLClassLoader.java:187)
	at java.lang.ClassLoader.loadClass(ClassLoader.java:289)
	at sun.misc.Launcher$AppClassLoader.loadClass(Launcher.java:274)
	at java.lang.ClassLoader.loadClass(ClassLoader.java:235)
	at java.lang.ClassLoader.loadClassInternal(ClassLoader.java:302)
	at java.lang.Class.forName0(Native Method)
	at java.lang.Class.forName(Class.java:141)
	at com.topcoder.db.connectionfactory.producers.JDBCConnectionProducer.&lt;init&gt;(JDBCConnectionProducer.java:234)
	... 20 more
</error>
  </testcase>
  <testcase name="testDefaultAuctionTranslator_Accuracy" classname="com.orpheus.auction.persistence.impl.DefaultAuctionTranslatorUnitTest" time="0.0"></testcase>
  <testcase name="testAssembleAuction_NullBid" classname="com.orpheus.auction.persistence.impl.DefaultAuctionTranslatorUnitTest" time="0.0"></testcase>
  <testcase name="testAssembleAuction_Accuracy" classname="com.orpheus.auction.persistence.impl.DefaultAuctionTranslatorUnitTest" time="0.0"></testcase>
  <testcase name="testAssembleAuctionDTO_NullBid" classname="com.orpheus.auction.persistence.impl.DefaultAuctionTranslatorUnitTest" time="0.0"></testcase>
  <testcase name="testAssembleAuctionDTO_ContainNoCustomBidBid" classname="com.orpheus.auction.persistence.impl.DefaultAuctionTranslatorUnitTest" time="0.0"></testcase>
  <testcase name="testAssembleAuctionDTO_Accuracy" classname="com.orpheus.auction.persistence.impl.DefaultAuctionTranslatorUnitTest" time="0.0"></testcase>
  <testcase name="testAssembleBid_NullBidDTO" classname="com.orpheus.auction.persistence.impl.DefaultAuctionTranslatorUnitTest" time="0.0"></testcase>
  <testcase name="testAssembleBid_Accuracy" classname="com.orpheus.auction.persistence.impl.DefaultAuctionTranslatorUnitTest" time="0.0"></testcase>
  <testcase name="testAssembleBidDTO_NullBid" classname="com.orpheus.auction.persistence.impl.DefaultAuctionTranslatorUnitTest" time="0.0"></testcase>
  <testcase name="testAssembleBidDTO_Accuracy" classname="com.orpheus.auction.persistence.impl.DefaultAuctionTranslatorUnitTest" time="0.0"></testcase>
  <testcase name="testTypicalAuctionClient_Usage" classname="com.orpheus.auction.persistence.DemoTest" time="0.0">
    <error message="Cannot instantiate class: org.jnp.interfaces.NamingContextFactory" type="javax.naming.NoInitialContextException">javax.naming.NoInitialContextException: Cannot instantiate class: org.jnp.interfaces.NamingContextFactory [Root exception is java.lang.ClassNotFoundException: org.jnp.interfaces.NamingContextFactory]
	at javax.naming.spi.NamingManager.getInitialContext(NamingManager.java:652)
	at javax.naming.InitialContext.getDefaultInitCtx(InitialContext.java:243)
	at javax.naming.InitialContext.init(InitialContext.java:219)
	at javax.naming.InitialContext.&lt;init&gt;(InitialContext.java:195)
	at com.orpheus.auction.persistence.DemoTest.getEJBTestRunner(DemoTest.java:245)
	at com.orpheus.auction.persistence.DemoTest.runBare(DemoTest.java:206)
	at net.sourceforge.junitejb.EJBTestCase.run(EJBTestCase.java:95)
Caused by: java.lang.ClassNotFoundException: org.jnp.interfaces.NamingContextFactory
	at java.net.URLClassLoader$1.run(URLClassLoader.java:199)
	at java.security.AccessController.doPrivileged(Native Method)
	at java.net.URLClassLoader.findClass(URLClassLoader.java:187)
	at java.lang.ClassLoader.loadClass(ClassLoader.java:289)
	at sun.misc.Launcher$AppClassLoader.loadClass(Launcher.java:274)
	at java.lang.ClassLoader.loadClass(ClassLoader.java:235)
	at java.lang.ClassLoader.loadClassInternal(ClassLoader.java:302)
	at java.lang.Class.forName0(Native Method)
	at java.lang.Class.forName(Class.java:219)
	at com.sun.naming.internal.VersionHelper12.loadClass(VersionHelper12.java:42)
	at javax.naming.spi.NamingManager.getInitialContext(NamingManager.java:649)
	... 19 more
</error>
  </testcase>
  <testcase name="testCreateAuction" classname="com.orpheus.auction.persistence.stresstests.SQLServerAuctionDAOTest" time="0.046">
    <error message="Unexpected errors- , caused by null" type="com.topcoder.db.connectionfactory.ConfigurationException">com.topcoder.db.connectionfactory.ConfigurationException: Unexpected errors- , caused by null
	at com.topcoder.db.connectionfactory.DBConnectionFactoryImpl.&lt;init&gt;(DBConnectionFactoryImpl.java:211)
	at com.orpheus.auction.persistence.stresstests.SQLServerAuctionDAOTest.executeScript(SQLServerAuctionDAOTest.java:157)
	at com.orpheus.auction.persistence.stresstests.SQLServerAuctionDAOTest.clearData(SQLServerAuctionDAOTest.java:125)
	at com.orpheus.auction.persistence.stresstests.SQLServerAuctionDAOTest.prepareData(SQLServerAuctionDAOTest.java:115)
	at com.orpheus.auction.persistence.stresstests.SQLServerAuctionDAOTest.setUp(SQLServerAuctionDAOTest.java:68)
Caused by: java.lang.reflect.InvocationTargetException
	at java.lang.reflect.Constructor.newInstance(Constructor.java:274)
	at com.topcoder.db.connectionfactory.DBConnectionFactoryImpl.&lt;init&gt;(DBConnectionFactoryImpl.java:190)
	... 18 more
Caused by: java.lang.ClassNotFoundException: The class name com.microsoft.sqlserver.jdbc.SQLServerDriver is invalid.
	at com.topcoder.db.connectionfactory.producers.JDBCConnectionProducer.&lt;init&gt;(JDBCConnectionProducer.java:236)
	... 22 more
Caused by: java.lang.ClassNotFoundException: com.microsoft.sqlserver.jdbc.SQLServerDriver
	at java.net.URLClassLoader$1.run(URLClassLoader.java:199)
	at java.security.AccessController.doPrivileged(Native Method)
	at java.net.URLClassLoader.findClass(URLClassLoader.java:187)
	at java.lang.ClassLoader.loadClass(ClassLoader.java:289)
	at sun.misc.Launcher$AppClassLoader.loadClass(Launcher.java:274)
	at java.lang.ClassLoader.loadClass(ClassLoader.java:235)
	at java.lang.ClassLoader.loadClassInternal(ClassLoader.java:302)
	at java.lang.Class.forName0(Native Method)
	at java.lang.Class.forName(Class.java:141)
	at com.topcoder.db.connectionfactory.producers.JDBCConnectionProducer.&lt;init&gt;(JDBCConnectionProducer.java:234)
	... 22 more
Caused by:java.lang.reflect.InvocationTargetException
	at java.lang.reflect.Constructor.newInstance(Constructor.java:274)
	at com.topcoder.db.connectionfactory.DBConnectionFactoryImpl.&lt;init&gt;(DBConnectionFactoryImpl.java:190)
	at com.orpheus.auction.persistence.stresstests.SQLServerAuctionDAOTest.executeScript(SQLServerAuctionDAOTest.java:157)
	at com.orpheus.auction.persistence.stresstests.SQLServerAuctionDAOTest.clearData(SQLServerAuctionDAOTest.java:125)
	at com.orpheus.auction.persistence.stresstests.SQLServerAuctionDAOTest.prepareData(SQLServerAuctionDAOTest.java:115)
	at com.orpheus.auction.persistence.stresstests.SQLServerAuctionDAOTest.setUp(SQLServerAuctionDAOTest.java:68)
Caused by: java.lang.ClassNotFoundException: The class name com.microsoft.sqlserver.jdbc.SQLServerDriver is invalid.
	at com.topcoder.db.connectionfactory.producers.JDBCConnectionProducer.&lt;init&gt;(JDBCConnectionProducer.java:236)
	... 22 more
Caused by: java.lang.ClassNotFoundException: com.microsoft.sqlserver.jdbc.SQLServerDriver
	at java.net.URLClassLoader$1.run(URLClassLoader.java:199)
	at java.security.AccessController.doPrivileged(Native Method)
	at java.net.URLClassLoader.findClass(URLClassLoader.java:187)
	at java.lang.ClassLoader.loadClass(ClassLoader.java:289)
	at sun.misc.Launcher$AppClassLoader.loadClass(Launcher.java:274)
	at java.lang.ClassLoader.loadClass(ClassLoader.java:235)
	at java.lang.ClassLoader.loadClassInternal(ClassLoader.java:302)
	at java.lang.Class.forName0(Native Method)
	at java.lang.Class.forName(Class.java:141)
	at com.topcoder.db.connectionfactory.producers.JDBCConnectionProducer.&lt;init&gt;(JDBCConnectionProducer.java:234)
	... 22 more
</error>
  </testcase>
  <testcase name="testUpdateAuction" classname="com.orpheus.auction.persistence.stresstests.SQLServerAuctionDAOTest" time="0.0">
    <error message="Unexpected errors- , caused by null" type="com.topcoder.db.connectionfactory.ConfigurationException">com.topcoder.db.connectionfactory.ConfigurationException: Unexpected errors- , caused by null
	at com.topcoder.db.connectionfactory.DBConnectionFactoryImpl.&lt;init&gt;(DBConnectionFactoryImpl.java:211)
	at com.orpheus.auction.persistence.stresstests.SQLServerAuctionDAOTest.executeScript(SQLServerAuctionDAOTest.java:157)
	at com.orpheus.auction.persistence.stresstests.SQLServerAuctionDAOTest.clearData(SQLServerAuctionDAOTest.java:125)
	at com.orpheus.auction.persistence.stresstests.SQLServerAuctionDAOTest.prepareData(SQLServerAuctionDAOTest.java:115)
	at com.orpheus.auction.persistence.stresstests.SQLServerAuctionDAOTest.setUp(SQLServerAuctionDAOTest.java:68)
Caused by: java.lang.reflect.InvocationTargetException
	at java.lang.reflect.Constructor.newInstance(Constructor.java:274)
	at com.topcoder.db.connectionfactory.DBConnectionFactoryImpl.&lt;init&gt;(DBConnectionFactoryImpl.java:190)
	... 18 more
Caused by: java.lang.ClassNotFoundException: The class name com.microsoft.sqlserver.jdbc.SQLServerDriver is invalid.
	at com.topcoder.db.connectionfactory.producers.JDBCConnectionProducer.&lt;init&gt;(JDBCConnectionProducer.java:236)
	... 22 more
Caused by: java.lang.ClassNotFoundException: com.microsoft.sqlserver.jdbc.SQLServerDriver
	at java.net.URLClassLoader$1.run(URLClassLoader.java:199)
	at java.security.AccessController.doPrivileged(Native Method)
	at java.net.URLClassLoader.findClass(URLClassLoader.java:187)
	at java.lang.ClassLoader.loadClass(ClassLoader.java:289)
	at sun.misc.Launcher$AppClassLoader.loadClass(Launcher.java:274)
	at java.lang.ClassLoader.loadClass(ClassLoader.java:235)
	at java.lang.ClassLoader.loadClassInternal(ClassLoader.java:302)
	at java.lang.Class.forName0(Native Method)
	at java.lang.Class.forName(Class.java:141)
	at com.topcoder.db.connectionfactory.producers.JDBCConnectionProducer.&lt;init&gt;(JDBCConnectionProducer.java:234)
	... 22 more
Caused by:java.lang.reflect.InvocationTargetException
	at java.lang.reflect.Constructor.newInstance(Constructor.java:274)
	at com.topcoder.db.connectionfactory.DBConnectionFactoryImpl.&lt;init&gt;(DBConnectionFactoryImpl.java:190)
	at com.orpheus.auction.persistence.stresstests.SQLServerAuctionDAOTest.executeScript(SQLServerAuctionDAOTest.java:157)
	at com.orpheus.auction.persistence.stresstests.SQLServerAuctionDAOTest.clearData(SQLServerAuctionDAOTest.java:125)
	at com.orpheus.auction.persistence.stresstests.SQLServerAuctionDAOTest.prepareData(SQLServerAuctionDAOTest.java:115)
	at com.orpheus.auction.persistence.stresstests.SQLServerAuctionDAOTest.setUp(SQLServerAuctionDAOTest.java:68)
Caused by: java.lang.ClassNotFoundException: The class name com.microsoft.sqlserver.jdbc.SQLServerDriver is invalid.
	at com.topcoder.db.connectionfactory.producers.JDBCConnectionProducer.&lt;init&gt;(JDBCConnectionProducer.java:236)
	... 22 more
Caused by: java.lang.ClassNotFoundException: com.microsoft.sqlserver.jdbc.SQLServerDriver
	at java.net.URLClassLoader$1.run(URLClassLoader.java:199)
	at java.security.AccessController.doPrivileged(Native Method)
	at java.net.URLClassLoader.findClass(URLClassLoader.java:187)
	at java.lang.ClassLoader.loadClass(ClassLoader.java:289)
	at sun.misc.Launcher$AppClassLoader.loadClass(Launcher.java:274)
	at java.lang.ClassLoader.loadClass(ClassLoader.java:235)
	at java.lang.ClassLoader.loadClassInternal(ClassLoader.java:302)
	at java.lang.Class.forName0(Native Method)
	at java.lang.Class.forName(Class.java:141)
	at com.topcoder.db.connectionfactory.producers.JDBCConnectionProducer.&lt;init&gt;(JDBCConnectionProducer.java:234)
	... 22 more
</error>
  </testcase>
  <testcase name="testUpdateBids" classname="com.orpheus.auction.persistence.stresstests.SQLServerAuctionDAOTest" time="0.016">
    <error message="Unexpected errors- , caused by null" type="com.topcoder.db.connectionfactory.ConfigurationException">com.topcoder.db.connectionfactory.ConfigurationException: Unexpected errors- , caused by null
	at com.topcoder.db.connectionfactory.DBConnectionFactoryImpl.&lt;init&gt;(DBConnectionFactoryImpl.java:211)
	at com.orpheus.auction.persistence.stresstests.SQLServerAuctionDAOTest.executeScript(SQLServerAuctionDAOTest.java:157)
	at com.orpheus.auction.persistence.stresstests.SQLServerAuctionDAOTest.clearData(SQLServerAuctionDAOTest.java:125)
	at com.orpheus.auction.persistence.stresstests.SQLServerAuctionDAOTest.prepareData(SQLServerAuctionDAOTest.java:115)
	at com.orpheus.auction.persistence.stresstests.SQLServerAuctionDAOTest.setUp(SQLServerAuctionDAOTest.java:68)
Caused by: java.lang.reflect.InvocationTargetException
	at java.lang.reflect.Constructor.newInstance(Constructor.java:274)
	at com.topcoder.db.connectionfactory.DBConnectionFactoryImpl.&lt;init&gt;(DBConnectionFactoryImpl.java:190)
	... 18 more
Caused by: java.lang.ClassNotFoundException: The class name com.microsoft.sqlserver.jdbc.SQLServerDriver is invalid.
	at com.topcoder.db.connectionfactory.producers.JDBCConnectionProducer.&lt;init&gt;(JDBCConnectionProducer.java:236)
	... 22 more
Caused by: java.lang.ClassNotFoundException: com.microsoft.sqlserver.jdbc.SQLServerDriver
	at java.net.URLClassLoader$1.run(URLClassLoader.java:199)
	at java.security.AccessController.doPrivileged(Native Method)
	at java.net.URLClassLoader.findClass(URLClassLoader.java:187)
	at java.lang.ClassLoader.loadClass(ClassLoader.java:289)
	at sun.misc.Launcher$AppClassLoader.loadClass(Launcher.java:274)
	at java.lang.ClassLoader.loadClass(ClassLoader.java:235)
	at java.lang.ClassLoader.loadClassInternal(ClassLoader.java:302)
	at java.lang.Class.forName0(Native Method)
	at java.lang.Class.forName(Class.java:141)
	at com.topcoder.db.connectionfactory.producers.JDBCConnectionProducer.&lt;init&gt;(JDBCConnectionProducer.java:234)
	... 22 more
Caused by:java.lang.reflect.InvocationTargetException
	at java.lang.reflect.Constructor.newInstance(Constructor.java:274)
	at com.topcoder.db.connectionfactory.DBConnectionFactoryImpl.&lt;init&gt;(DBConnectionFactoryImpl.java:190)
	at com.orpheus.auction.persistence.stresstests.SQLServerAuctionDAOTest.executeScript(SQLServerAuctionDAOTest.java:157)
	at com.orpheus.auction.persistence.stresstests.SQLServerAuctionDAOTest.clearData(SQLServerAuctionDAOTest.java:125)
	at com.orpheus.auction.persistence.stresstests.SQLServerAuctionDAOTest.prepareData(SQLServerAuctionDAOTest.java:115)
	at com.orpheus.auction.persistence.stresstests.SQLServerAuctionDAOTest.setUp(SQLServerAuctionDAOTest.java:68)
Caused by: java.lang.ClassNotFoundException: The class name com.microsoft.sqlserver.jdbc.SQLServerDriver is invalid.
	at com.topcoder.db.connectionfactory.producers.JDBCConnectionProducer.&lt;init&gt;(JDBCConnectionProducer.java:236)
	... 22 more
Caused by: java.lang.ClassNotFoundException: com.microsoft.sqlserver.jdbc.SQLServerDriver
	at java.net.URLClassLoader$1.run(URLClassLoader.java:199)
	at java.security.AccessController.doPrivileged(Native Method)
	at java.net.URLClassLoader.findClass(URLClassLoader.java:187)
	at java.lang.ClassLoader.loadClass(ClassLoader.java:289)
	at sun.misc.Launcher$AppClassLoader.loadClass(Launcher.java:274)
	at java.lang.ClassLoader.loadClass(ClassLoader.java:235)
	at java.lang.ClassLoader.loadClassInternal(ClassLoader.java:302)
	at java.lang.Class.forName0(Native Method)
	at java.lang.Class.forName(Class.java:141)
	at com.topcoder.db.connectionfactory.producers.JDBCConnectionProducer.&lt;init&gt;(JDBCConnectionProducer.java:234)
	... 22 more
</error>
  </testcase>
  <testcase name="testDeleteAuction" classname="com.orpheus.auction.persistence.stresstests.SQLServerAuctionDAOTest" time="0.016">
    <error message="Unexpected errors- , caused by null" type="com.topcoder.db.connectionfactory.ConfigurationException">com.topcoder.db.connectionfactory.ConfigurationException: Unexpected errors- , caused by null
	at com.topcoder.db.connectionfactory.DBConnectionFactoryImpl.&lt;init&gt;(DBConnectionFactoryImpl.java:211)
	at com.orpheus.auction.persistence.stresstests.SQLServerAuctionDAOTest.executeScript(SQLServerAuctionDAOTest.java:157)
	at com.orpheus.auction.persistence.stresstests.SQLServerAuctionDAOTest.clearData(SQLServerAuctionDAOTest.java:125)
	at com.orpheus.auction.persistence.stresstests.SQLServerAuctionDAOTest.prepareData(SQLServerAuctionDAOTest.java:115)
	at com.orpheus.auction.persistence.stresstests.SQLServerAuctionDAOTest.setUp(SQLServerAuctionDAOTest.java:68)
Caused by: java.lang.reflect.InvocationTargetException
	at java.lang.reflect.Constructor.newInstance(Constructor.java:274)
	at com.topcoder.db.connectionfactory.DBConnectionFactoryImpl.&lt;init&gt;(DBConnectionFactoryImpl.java:190)
	... 18 more
Caused by: java.lang.ClassNotFoundException: The class name com.microsoft.sqlserver.jdbc.SQLServerDriver is invalid.
	at com.topcoder.db.connectionfactory.producers.JDBCConnectionProducer.&lt;init&gt;(JDBCConnectionProducer.java:236)
	... 22 more
Caused by: java.lang.ClassNotFoundException: com.microsoft.sqlserver.jdbc.SQLServerDriver
	at java.net.URLClassLoader$1.run(URLClassLoader.java:199)
	at java.security.AccessController.doPrivileged(Native Method)
	at java.net.URLClassLoader.findClass(URLClassLoader.java:187)
	at java.lang.ClassLoader.loadClass(ClassLoader.java:289)
	at sun.misc.Launcher$AppClassLoader.loadClass(Launcher.java:274)
	at java.lang.ClassLoader.loadClass(ClassLoader.java:235)
	at java.lang.ClassLoader.loadClassInternal(ClassLoader.java:302)
	at java.lang.Class.forName0(Native Method)
	at java.lang.Class.forName(Class.java:141)
	at com.topcoder.db.connectionfactory.producers.JDBCConnectionProducer.&lt;init&gt;(JDBCConnectionProducer.java:234)
	... 22 more
Caused by:java.lang.reflect.InvocationTargetException
	at java.lang.reflect.Constructor.newInstance(Constructor.java:274)
	at com.topcoder.db.connectionfactory.DBConnectionFactoryImpl.&lt;init&gt;(DBConnectionFactoryImpl.java:190)
	at com.orpheus.auction.persistence.stresstests.SQLServerAuctionDAOTest.executeScript(SQLServerAuctionDAOTest.java:157)
	at com.orpheus.auction.persistence.stresstests.SQLServerAuctionDAOTest.clearData(SQLServerAuctionDAOTest.java:125)
	at com.orpheus.auction.persistence.stresstests.SQLServerAuctionDAOTest.prepareData(SQLServerAuctionDAOTest.java:115)
	at com.orpheus.auction.persistence.stresstests.SQLServerAuctionDAOTest.setUp(SQLServerAuctionDAOTest.java:68)
Caused by: java.lang.ClassNotFoundException: The class name com.microsoft.sqlserver.jdbc.SQLServerDriver is invalid.
	at com.topcoder.db.connectionfactory.producers.JDBCConnectionProducer.&lt;init&gt;(JDBCConnectionProducer.java:236)
	... 22 more
Caused by: java.lang.ClassNotFoundException: com.microsoft.sqlserver.jdbc.SQLServerDriver
	at java.net.URLClassLoader$1.run(URLClassLoader.java:199)
	at java.security.AccessController.doPrivileged(Native Method)
	at java.net.URLClassLoader.findClass(URLClassLoader.java:187)
	at java.lang.ClassLoader.loadClass(ClassLoader.java:289)
	at sun.misc.Launcher$AppClassLoader.loadClass(Launcher.java:274)
	at java.lang.ClassLoader.loadClass(ClassLoader.java:235)
	at java.lang.ClassLoader.loadClassInternal(ClassLoader.java:302)
	at java.lang.Class.forName0(Native Method)
	at java.lang.Class.forName(Class.java:141)
	at com.topcoder.db.connectionfactory.producers.JDBCConnectionProducer.&lt;init&gt;(JDBCConnectionProducer.java:234)
	... 22 more
</error>
  </testcase>
  <testcase name="testFindAuctionsByDate" classname="com.orpheus.auction.persistence.stresstests.SQLServerAuctionDAOTest" time="0.015">
    <error message="Unexpected errors- , caused by null" type="com.topcoder.db.connectionfactory.ConfigurationException">com.topcoder.db.connectionfactory.ConfigurationException: Unexpected errors- , caused by null
	at com.topcoder.db.connectionfactory.DBConnectionFactoryImpl.&lt;init&gt;(DBConnectionFactoryImpl.java:211)
	at com.orpheus.auction.persistence.stresstests.SQLServerAuctionDAOTest.executeScript(SQLServerAuctionDAOTest.java:157)
	at com.orpheus.auction.persistence.stresstests.SQLServerAuctionDAOTest.clearData(SQLServerAuctionDAOTest.java:125)
	at com.orpheus.auction.persistence.stresstests.SQLServerAuctionDAOTest.prepareData(SQLServerAuctionDAOTest.java:115)
	at com.orpheus.auction.persistence.stresstests.SQLServerAuctionDAOTest.setUp(SQLServerAuctionDAOTest.java:68)
Caused by: java.lang.reflect.InvocationTargetException
	at java.lang.reflect.Constructor.newInstance(Constructor.java:274)
	at com.topcoder.db.connectionfactory.DBConnectionFactoryImpl.&lt;init&gt;(DBConnectionFactoryImpl.java:190)
	... 18 more
Caused by: java.lang.ClassNotFoundException: The class name com.microsoft.sqlserver.jdbc.SQLServerDriver is invalid.
	at com.topcoder.db.connectionfactory.producers.JDBCConnectionProducer.&lt;init&gt;(JDBCConnectionProducer.java:236)
	... 22 more
Caused by: java.lang.ClassNotFoundException: com.microsoft.sqlserver.jdbc.SQLServerDriver
	at java.net.URLClassLoader$1.run(URLClassLoader.java:199)
	at java.security.AccessController.doPrivileged(Native Method)
	at java.net.URLClassLoader.findClass(URLClassLoader.java:187)
	at java.lang.ClassLoader.loadClass(ClassLoader.java:289)
	at sun.misc.Launcher$AppClassLoader.loadClass(Launcher.java:274)
	at java.lang.ClassLoader.loadClass(ClassLoader.java:235)
	at java.lang.ClassLoader.loadClassInternal(ClassLoader.java:302)
	at java.lang.Class.forName0(Native Method)
	at java.lang.Class.forName(Class.java:141)
	at com.topcoder.db.connectionfactory.producers.JDBCConnectionProducer.&lt;init&gt;(JDBCConnectionProducer.java:234)
	... 22 more
Caused by:java.lang.reflect.InvocationTargetException
	at java.lang.reflect.Constructor.newInstance(Constructor.java:274)
	at com.topcoder.db.connectionfactory.DBConnectionFactoryImpl.&lt;init&gt;(DBConnectionFactoryImpl.java:190)
	at com.orpheus.auction.persistence.stresstests.SQLServerAuctionDAOTest.executeScript(SQLServerAuctionDAOTest.java:157)
	at com.orpheus.auction.persistence.stresstests.SQLServerAuctionDAOTest.clearData(SQLServerAuctionDAOTest.java:125)
	at com.orpheus.auction.persistence.stresstests.SQLServerAuctionDAOTest.prepareData(SQLServerAuctionDAOTest.java:115)
	at com.orpheus.auction.persistence.stresstests.SQLServerAuctionDAOTest.setUp(SQLServerAuctionDAOTest.java:68)
Caused by: java.lang.ClassNotFoundException: The class name com.microsoft.sqlserver.jdbc.SQLServerDriver is invalid.
	at com.topcoder.db.connectionfactory.producers.JDBCConnectionProducer.&lt;init&gt;(JDBCConnectionProducer.java:236)
	... 22 more
Caused by: java.lang.ClassNotFoundException: com.microsoft.sqlserver.jdbc.SQLServerDriver
	at java.net.URLClassLoader$1.run(URLClassLoader.java:199)
	at java.security.AccessController.doPrivileged(Native Method)
	at java.net.URLClassLoader.findClass(URLClassLoader.java:187)
	at java.lang.ClassLoader.loadClass(ClassLoader.java:289)
	at sun.misc.Launcher$AppClassLoader.loadClass(Launcher.java:274)
	at java.lang.ClassLoader.loadClass(ClassLoader.java:235)
	at java.lang.ClassLoader.loadClassInternal(ClassLoader.java:302)
	at java.lang.Class.forName0(Native Method)
	at java.lang.Class.forName(Class.java:141)
	at com.topcoder.db.connectionfactory.producers.JDBCConnectionProducer.&lt;init&gt;(JDBCConnectionProducer.java:234)
	... 22 more
</error>
  </testcase>
  <testcase name="testFindAuctionsByBidder" classname="com.orpheus.auction.persistence.stresstests.SQLServerAuctionDAOTest" time="0.016">
    <error message="Unexpected errors- , caused by null" type="com.topcoder.db.connectionfactory.ConfigurationException">com.topcoder.db.connectionfactory.ConfigurationException: Unexpected errors- , caused by null
	at com.topcoder.db.connectionfactory.DBConnectionFactoryImpl.&lt;init&gt;(DBConnectionFactoryImpl.java:211)
	at com.orpheus.auction.persistence.stresstests.SQLServerAuctionDAOTest.executeScript(SQLServerAuctionDAOTest.java:157)
	at com.orpheus.auction.persistence.stresstests.SQLServerAuctionDAOTest.clearData(SQLServerAuctionDAOTest.java:125)
	at com.orpheus.auction.persistence.stresstests.SQLServerAuctionDAOTest.prepareData(SQLServerAuctionDAOTest.java:115)
	at com.orpheus.auction.persistence.stresstests.SQLServerAuctionDAOTest.setUp(SQLServerAuctionDAOTest.java:68)
Caused by: java.lang.reflect.InvocationTargetException
	at java.lang.reflect.Constructor.newInstance(Constructor.java:274)
	at com.topcoder.db.connectionfactory.DBConnectionFactoryImpl.&lt;init&gt;(DBConnectionFactoryImpl.java:190)
	... 18 more
Caused by: java.lang.ClassNotFoundException: The class name com.microsoft.sqlserver.jdbc.SQLServerDriver is invalid.
	at com.topcoder.db.connectionfactory.producers.JDBCConnectionProducer.&lt;init&gt;(JDBCConnectionProducer.java:236)
	... 22 more
Caused by: java.lang.ClassNotFoundException: com.microsoft.sqlserver.jdbc.SQLServerDriver
	at java.net.URLClassLoader$1.run(URLClassLoader.java:199)
	at java.security.AccessController.doPrivileged(Native Method)
	at java.net.URLClassLoader.findClass(URLClassLoader.java:187)
	at java.lang.ClassLoader.loadClass(ClassLoader.java:289)
	at sun.misc.Launcher$AppClassLoader.loadClass(Launcher.java:274)
	at java.lang.ClassLoader.loadClass(ClassLoader.java:235)
	at java.lang.ClassLoader.loadClassInternal(ClassLoader.java:302)
	at java.lang.Class.forName0(Native Method)
	at java.lang.Class.forName(Class.java:141)
	at com.topcoder.db.connectionfactory.producers.JDBCConnectionProducer.&lt;init&gt;(JDBCConnectionProducer.java:234)
	... 22 more
Caused by:java.lang.reflect.InvocationTargetException
	at java.lang.reflect.Constructor.newInstance(Constructor.java:274)
	at com.topcoder.db.connectionfactory.DBConnectionFactoryImpl.&lt;init&gt;(DBConnectionFactoryImpl.java:190)
	at com.orpheus.auction.persistence.stresstests.SQLServerAuctionDAOTest.executeScript(SQLServerAuctionDAOTest.java:157)
	at com.orpheus.auction.persistence.stresstests.SQLServerAuctionDAOTest.clearData(SQLServerAuctionDAOTest.java:125)
	at com.orpheus.auction.persistence.stresstests.SQLServerAuctionDAOTest.prepareData(SQLServerAuctionDAOTest.java:115)
	at com.orpheus.auction.persistence.stresstests.SQLServerAuctionDAOTest.setUp(SQLServerAuctionDAOTest.java:68)
Caused by: java.lang.ClassNotFoundException: The class name com.microsoft.sqlserver.jdbc.SQLServerDriver is invalid.
	at com.topcoder.db.connectionfactory.producers.JDBCConnectionProducer.&lt;init&gt;(JDBCConnectionProducer.java:236)
	... 22 more
Caused by: java.lang.ClassNotFoundException: com.microsoft.sqlserver.jdbc.SQLServerDriver
	at java.net.URLClassLoader$1.run(URLClassLoader.java:199)
	at java.security.AccessController.doPrivileged(Native Method)
	at java.net.URLClassLoader.findClass(URLClassLoader.java:187)
	at java.lang.ClassLoader.loadClass(ClassLoader.java:289)
	at sun.misc.Launcher$AppClassLoader.loadClass(Launcher.java:274)
	at java.lang.ClassLoader.loadClass(ClassLoader.java:235)
	at java.lang.ClassLoader.loadClassInternal(ClassLoader.java:302)
	at java.lang.Class.forName0(Native Method)
	at java.lang.Class.forName(Class.java:141)
	at com.topcoder.db.connectionfactory.producers.JDBCConnectionProducer.&lt;init&gt;(JDBCConnectionProducer.java:234)
	... 22 more
</error>
  </testcase>
  <testcase name="testGetAuction" classname="com.orpheus.auction.persistence.stresstests.SQLServerAuctionDAOTest" time="0.0">
    <error message="Unexpected errors- , caused by null" type="com.topcoder.db.connectionfactory.ConfigurationException">com.topcoder.db.connectionfactory.ConfigurationException: Unexpected errors- , caused by null
	at com.topcoder.db.connectionfactory.DBConnectionFactoryImpl.&lt;init&gt;(DBConnectionFactoryImpl.java:211)
	at com.orpheus.auction.persistence.stresstests.SQLServerAuctionDAOTest.executeScript(SQLServerAuctionDAOTest.java:157)
	at com.orpheus.auction.persistence.stresstests.SQLServerAuctionDAOTest.clearData(SQLServerAuctionDAOTest.java:125)
	at com.orpheus.auction.persistence.stresstests.SQLServerAuctionDAOTest.prepareData(SQLServerAuctionDAOTest.java:115)
	at com.orpheus.auction.persistence.stresstests.SQLServerAuctionDAOTest.setUp(SQLServerAuctionDAOTest.java:68)
Caused by: java.lang.reflect.InvocationTargetException
	at java.lang.reflect.Constructor.newInstance(Constructor.java:274)
	at com.topcoder.db.connectionfactory.DBConnectionFactoryImpl.&lt;init&gt;(DBConnectionFactoryImpl.java:190)
	... 18 more
Caused by: java.lang.ClassNotFoundException: The class name com.microsoft.sqlserver.jdbc.SQLServerDriver is invalid.
	at com.topcoder.db.connectionfactory.producers.JDBCConnectionProducer.&lt;init&gt;(JDBCConnectionProducer.java:236)
	... 22 more
Caused by: java.lang.ClassNotFoundException: com.microsoft.sqlserver.jdbc.SQLServerDriver
	at java.net.URLClassLoader$1.run(URLClassLoader.java:199)
	at java.security.AccessController.doPrivileged(Native Method)
	at java.net.URLClassLoader.findClass(URLClassLoader.java:187)
	at java.lang.ClassLoader.loadClass(ClassLoader.java:289)
	at sun.misc.Launcher$AppClassLoader.loadClass(Launcher.java:274)
	at java.lang.ClassLoader.loadClass(ClassLoader.java:235)
	at java.lang.ClassLoader.loadClassInternal(ClassLoader.java:302)
	at java.lang.Class.forName0(Native Method)
	at java.lang.Class.forName(Class.java:141)
	at com.topcoder.db.connectionfactory.producers.JDBCConnectionProducer.&lt;init&gt;(JDBCConnectionProducer.java:234)
	... 22 more
Caused by:java.lang.reflect.InvocationTargetException
	at java.lang.reflect.Constructor.newInstance(Constructor.java:274)
	at com.topcoder.db.connectionfactory.DBConnectionFactoryImpl.&lt;init&gt;(DBConnectionFactoryImpl.java:190)
	at com.orpheus.auction.persistence.stresstests.SQLServerAuctionDAOTest.executeScript(SQLServerAuctionDAOTest.java:157)
	at com.orpheus.auction.persistence.stresstests.SQLServerAuctionDAOTest.clearData(SQLServerAuctionDAOTest.java:125)
	at com.orpheus.auction.persistence.stresstests.SQLServerAuctionDAOTest.prepareData(SQLServerAuctionDAOTest.java:115)
	at com.orpheus.auction.persistence.stresstests.SQLServerAuctionDAOTest.setUp(SQLServerAuctionDAOTest.java:68)
Caused by: java.lang.ClassNotFoundException: The class name com.microsoft.sqlserver.jdbc.SQLServerDriver is invalid.
	at com.topcoder.db.connectionfactory.producers.JDBCConnectionProducer.&lt;init&gt;(JDBCConnectionProducer.java:236)
	... 22 more
Caused by: java.lang.ClassNotFoundException: com.microsoft.sqlserver.jdbc.SQLServerDriver
	at java.net.URLClassLoader$1.run(URLClassLoader.java:199)
	at java.security.AccessController.doPrivileged(Native Method)
	at java.net.URLClassLoader.findClass(URLClassLoader.java:187)
	at java.lang.ClassLoader.loadClass(ClassLoader.java:289)
	at sun.misc.Launcher$AppClassLoader.loadClass(Launcher.java:274)
	at java.lang.ClassLoader.loadClass(ClassLoader.java:235)
	at java.lang.ClassLoader.loadClassInternal(ClassLoader.java:302)
	at java.lang.Class.forName0(Native Method)
	at java.lang.Class.forName(Class.java:141)
	at com.topcoder.db.connectionfactory.producers.JDBCConnectionProducer.&lt;init&gt;(JDBCConnectionProducer.java:234)
	... 22 more
</error>
  </testcase>
  <system-out><![CDATA[]]></system-out>
  <system-err><![CDATA[]]></system-err>
</testsuite>
