<?xml version="1.0" encoding="UTF-8" ?>
<testsuite errors="0" failures="0" name="com.topcoder.service.studio.contest.UnitTests" tests="372" time="57.5">
  <properties>
    <property name="object_factory.path" value="object_factory/2.1.0"></property>
    <property name="object_formatter.jar.name" value="object_formatter.jar"></property>
    <property name="file.encoding.pkg" value="sun.io"></property>
    <property name="dist_testfiles" value="build/dist/studio_contest_manager-1.1.0/test_files"></property>
    <property name="java.home" value="C:\Java\JDK\jdk1.5.0_07\jre"></property>
    <property name="data_validation.path" value="data_validation/1.1.1"></property>
    <property name="configuration_persistence.version" value="1.0.1"></property>
    <property name="informix-jdbc.jar" value="C:/TopCoder/components/lib/thirdparty/informix_jdbc/3.0/ifxjdbc.jar"></property>
    <property name="dist_javadocs" value="build/dist/studio_contest_manager-1.1.0/docs/javadocs"></property>
    <property name="debug" value="off"></property>
    <property name="build_distdir" value="build/dist"></property>
    <property name="distfilename" value="studio_contest_manager"></property>
    <property name="component.dist.jar" value="build/dist/studio_contest_manager-1.1.0.jar"></property>
    <property name="java.endorsed.dirs" value="C:\Java\JDK\jdk1.5.0_07\jre\lib\endorsed"></property>
    <property name="class_associations.path" value="class_associations/1.0"></property>
    <property name="object_factory.jar" value="C:/TopCoder/components/lib/tcs/object_factory/2.1.0/object_factory.jar"></property>
    <property name="sun.os.patch.level" value="Service Pack 2"></property>
    <property name="design_dist.jar" value="Studio_Contest_Manager_1.1.0_design_dist.jar"></property>
    <property name="javadocsdir" value="docs/javadocs"></property>
    <property name="java.vendor.url" value="http://java.sun.com/"></property>
    <property name="java.version" value="1.5.0_07"></property>
    <property name="configuration_manager.jar.name" value="configuration_manager.jar"></property>
    <property name="java.vendor.url.bug" value="http://java.sun.com/cgi-bin/bugreport.cgi"></property>
    <property name="dist_src" value="build/dist/studio_contest_manager-1.1.0/src"></property>
    <property name="cobertura.datafile" value="log/cobertura.ser"></property>
    <property name="user.name" value="acton"></property>
    <property name="packagedir" value="com/topcoder/service/studio/contest"></property>
    <property name="sun.io.unicode.encoding" value="UnicodeLittle"></property>
    <property name="component_version" value="1.1.0"></property>
    <property name="sun.jnu.encoding" value="GBK"></property>
    <property name="java.runtime.name" value="Java(TM) 2 Runtime Environment, Standard Edition"></property>
    <property name="reports" value="reports"></property>
    <property name="build_webdir" value="build/web"></property>
    <property name="search_builder.path" value="search_builder/1.3.2"></property>
    <property name="component.jar" value="build/dist/lib/tcs/studio_contest_manager/1.1.0/studio_contest_manager.jar"></property>
    <property name="data_validation.jar.name" value="data_validation.jar"></property>
    <property name="java.specification.name" value="Java Platform API Specification"></property>
    <property name="javamain" value="src/java/main"></property>
    <property name="build_lib" value="build/lib"></property>
    <property name="user.timezone" value=""></property>
    <property name="path.separator" value=";"></property>
    <property name="srcdir" value="src"></property>
    <property name="file.encoding" value="Cp1252"></property>
    <property name="typesafe_enum.version" value="1.1"></property>
    <property name="ant.file.Studio Contest Manager" value="C:\TopCoder\projects\studio_contest_manager_1.1.0\build.xml"></property>
    <property name="configuration_manager.path" value="configuration_manager/2.1.5"></property>
    <property name="ant.file" value="C:\TopCoder\projects\studio_contest_manager_1.1.0\build.xml"></property>
    <property name="javasrc" value="src/java"></property>
    <property name="search_builder.jar" value="C:/TopCoder/components/lib/tcs/search_builder/1.3.2/search_builder.jar"></property>
    <property name="instrumented.dir" value="build/instrumented"></property>
    <property name="configuration_persistence.jar.name" value="configuration_persistence.jar"></property>
    <property name="component.tests.jar" value="build/dist/lib/tcs/studio_contest_manager_tests.jar"></property>
    <property name="java.io.tmpdir" value="C:\DOCUME~1\acton\LOCALS~1\Temp\"></property>
    <property name="user.language" value="en"></property>
    <property name="base_exception.path" value="base_exception/2.0"></property>
    <property name="line.separator" value="
"></property>
    <property name="verbose" value="no"></property>
    <property name="jar_ext_libdir" value="lib"></property>
    <property name="java.vm.info" value="mixed mode"></property>
    <property name="component_path" value="studio_contest_manager/1.1.0"></property>
    <property name="sun.desktop" value="windows"></property>
    <property name="java.vm.specification.name" value="Java Virtual Machine Specification"></property>
    <property name="builddir" value="build"></property>
    <property name="class_associations.jar" value="C:/TopCoder/components/lib/tcs/class_associations/1.0/class_associations.jar"></property>
    <property name="cobertura.dir" value="C:/TopCoder/components/lib/thirdparty/cobertura/1.8"></property>
    <property name="dist_conf" value="build/dist/studio_contest_manager-1.1.0/conf"></property>
    <property name="object_factory.version" value="2.1.0"></property>
    <property name="configuration_manager.jar" value="C:/TopCoder/components/lib/tcs/configuration_manager/2.1.5/configuration_manager.jar"></property>
    <property name="java.awt.printerjob" value="sun.awt.windows.WPrinterJob"></property>
    <property name="dist_lib" value="build/dist/lib/tcs"></property>
    <property name="base_exception.version" value="2.0"></property>
    <property name="junit.jar" value="C:/TopCoder/components/lib/thirdparty/junit-4.4.jar"></property>
    <property name="configdir" value="conf"></property>
    <property name="build_tcsdistdir" value="build/dist/studio_contest_manager-1.1.0"></property>
    <property name="ant.version" value="Apache Ant version 1.6.5 compiled on June 2 2005"></property>
    <property name="dist_docs" value="build/dist/studio_contest_manager-1.1.0/docs"></property>
    <property name="testlogdir" value="log"></property>
    <property name="configuration_api.jar" value="C:/TopCoder/components/lib/tcs/configuration_api/1.0/configuration_api.jar"></property>
    <property name="os.name" value="Windows XP"></property>
    <property name="java.specification.vendor" value="Sun Microsystems Inc."></property>
    <property name="java.vm.name" value="Java HotSpot(TM) Client VM"></property>
    <property name="java.library.path" value="C:\Java\JDK\jdk1.5.0_07\jre\bin;.;C:\WINDOWS\system32;C:\WINDOWS;C:\Java\apache\ant\apache-ant-1.6.5\bin;C:\Microsoft\bin;C:\Software\UnixUtils\usr\local\wbin;C:\ActivePerl\bin\;C:\Software\NetWork\Mail Enable\BIN;C:\Program Files\ThinkPad\Utilities;C:\WINDOWS\system32;C:\WINDOWS;C:\WINDOWS\System32\Wbem;C:\Program Files\Intel\Wireless\Bin\;C:\Program Files\ATI Technologies\ATI.ACE\;C:\Program Files\IBM ThinkVantage\Client Security Solution;C:\Program Files\ThinkPad\ConnectUtilities;C:\Program Files\IDM Computer Solutions\UltraEdit-32;C:\etc\bin;C:\Projects\AOL\bin;C:\java\maven\1.0.2\bin;C:\Software\SCS\CVS\nt2.5.03;C:\Software\SCS\CVS\nt2.5.03\;C:\Java\JDK\jdk1.5.0_07\bin;C:\Program Files\JProbe 7.0\bin;c:\java\aop\aspectj\1.5\bin;C:\Projects\AFFINITY\bin;C:\Software\SCS\SVN\svn-win32-1.4.0\bin;c:\TopCoder\bin;C:\database\informix\connect_3.00\bin;C:\Java\JDK_EE\bin;C:\Software\SCS\CVS\nt2.5.03\"></property>
    <property name="docpackage.jar" value="studio_contest_manager_docs.jar"></property>
    <property name="logging_wrapper.version" value="2.0"></property>
    <property name="ant.java.version" value="1.5"></property>
    <property name="basedir" value="C:\TopCoder\projects\studio_contest_manager_1.1.0"></property>
    <property name="java.class.version" value="49.0"></property>
    <property name="configuration_api.path" value="configuration_api/1.0"></property>
    <property name="base_exception.jar.name" value="base_exception.jar"></property>
    <property name="ant.home" value="C:\Java\apache\ant\apache-ant-1.6.5\bin\.."></property>
    <property name="logging_wrapper.path" value="logging_wrapper/2.0"></property>
    <property name="component.war" value="${dist_examples}/studio_contest_manager.war"></property>
    <property name="net.sourceforge.cobertura.datafile" value="C:\TopCoder\projects\studio_contest_manager_1.1.0\log\cobertura.ser"></property>
    <property name="sun.boot.library.path" value="C:\Java\JDK\jdk1.5.0_07\jre\bin"></property>
    <property name="ext_libdir" value="C:/TopCoder/components/lib/thirdparty"></property>
    <property name="sun.management.compiler" value="HotSpot Client Compiler"></property>
    <property name="java.awt.graphicsenv" value="sun.awt.Win32GraphicsEnvironment"></property>
    <property name="user.variant" value=""></property>
    <property name="jar_tcs_libdir" value="lib/tcs"></property>
    <property name="object_formatter.jar" value="C:/TopCoder/components/lib/tcs/object_formatter/1.0/object_formatter.jar"></property>
    <property name="configuration_persistence.path" value="configuration_persistence/1.0.1"></property>
    <property name="build_targetclassdir" value="build/targetclasses"></property>
    <property name="docsdir" value="docs"></property>
    <property name="dev_dist.jar" value="Studio_Contest_Manager_1.1.0_dev_dist.jar"></property>
    <property name="configuration_api.jar.name" value="configuration_api.jar"></property>
    <property name="ant.project.name" value="Studio Contest Manager"></property>
    <property name="java.vm.specification.version" value="1.0"></property>
    <property name="db_connection_factory.version" value="1.1"></property>
    <property name="db_connection_factory.jar.name" value="db_connection_factory.jar"></property>
    <property name="awt.toolkit" value="sun.awt.windows.WToolkit"></property>
    <property name="webdir" value="web"></property>
    <property name="sun.cpu.isalist" value="pentium_pro+mmx pentium_pro pentium+mmx pentium i486 i386 i86"></property>
    <property name="build_javadocsdir" value="build/docs/javadocs"></property>
    <property name="java.ext.dirs" value="C:\Java\JDK\jdk1.5.0_07\jre\lib\ext"></property>
    <property name="os.version" value="5.1"></property>
    <property name="user.home" value="C:\Documents and Settings\acton"></property>
    <property name="javadoc.jar" value="javadocs.jar"></property>
    <property name="build_classdir" value="build/classes"></property>
    <property name="object_factory.jar.name" value="object_factory.jar"></property>
    <property name="java.vm.vendor" value="Sun Microsystems Inc."></property>
    <property name="typesafe_enum.path" value="typesafe_enum/1.1"></property>
    <property name="build_testclassdir" value="build/testClasses"></property>
    <property name="package" value="com.topcoder.service.studio.contest"></property>
    <property name="typesafe_enum.jar" value="C:/TopCoder/components/lib/tcs/typesafe_enum/1.1/typesafe_enum.jar"></property>
    <property name="base_exception.jar" value="C:/TopCoder/components/lib/tcs/base_exception/2.0/base_exception.jar"></property>
    <property name="user.dir" value="C:\TopCoder\projects\studio_contest_manager_1.1.0"></property>
    <property name="configuration_persistence.jar" value="C:/TopCoder/components/lib/tcs/configuration_persistence/1.0.1/configuration_persistence.jar"></property>
    <property name="data_validation.version" value="1.1.1"></property>
    <property name="data_validation.jar" value="C:/TopCoder/components/lib/tcs/data_validation/1.1.1/data_validation.jar"></property>
    <property name="object_formatter.version" value="1.0"></property>
    <property name="sun.cpu.endian" value="little"></property>
    <property name="dist_docpackage" value="build/doc_package"></property>
    <property name="java.vm.version" value="1.5.0_07-b03"></property>
    <property name="search_builder.jar.name" value="search_builder.jar"></property>
    <property name="java.class.path" value="C:\TopCoder\projects\studio_contest_manager_1.1.0\build\instrumented;C:\TopCoder\projects\studio_contest_manager_1.1.0\build\testClasses;C:\TopCoder\projects\studio_contest_manager_1.1.0\build\classes;C:\TopCoder\components\lib\tcs\base_exception\2.0\base_exception.jar;C:\TopCoder\components\lib\tcs\logging_wrapper\2.0\logging_wrapper.jar;C:\TopCoder\components\lib\tcs\object_formatter\1.0\object_formatter.jar;C:\TopCoder\components\lib\tcs\typesafe_enum\1.1\typesafe_enum.jar;C:\TopCoder\components\lib\tcs\configuration_manager\2.1.5\configuration_manager.jar;C:\TopCoder\components\lib\tcs\configuration_api\1.0\configuration_api.jar;C:\TopCoder\components\lib\tcs\db_connection_factory\1.1\db_connection_factory.jar;C:\TopCoder\components\lib\tcs\configuration_persistence\1.0.1\configuration_persistence.jar;C:\TopCoder\components\lib\tcs\search_builder\1.3.2\search_builder.jar;C:\TopCoder\components\lib\tcs\data_validation\1.1.1\data_validation.jar;C:\TopCoder\components\lib\tcs\class_associations\1.0\class_associations.jar;C:\TopCoder\components\lib\tcs\object_factory\2.1.0\object_factory.jar;C:\TopCoder\components\lib\thirdparty\jboss\4.2\antlr.jar;C:\TopCoder\components\lib\thirdparty\jboss\4.2\cglib.jar;C:\TopCoder\components\lib\thirdparty\jboss\4.2\commons-collections.jar;C:\TopCoder\components\lib\thirdparty\jboss\4.2\commons-logging.jar;C:\TopCoder\components\lib\thirdparty\jboss\4.2\dom4j.jar;C:\TopCoder\components\lib\thirdparty\jboss\4.2\ejb3-persistence.jar;C:\TopCoder\components\lib\thirdparty\jboss\4.2\hibernate-annotations.jar;C:\TopCoder\components\lib\thirdparty\jboss\4.2\hibernate-entitymanager.jar;C:\TopCoder\components\lib\thirdparty\jboss\4.2\hibernate3.jar;C:\TopCoder\components\lib\thirdparty\jboss\4.2\javassist.jar;C:\TopCoder\components\lib\thirdparty\jboss\4.2\jboss-common.jar;C:\TopCoder\components\lib\thirdparty\jboss\4.2\jboss-ejb3x.jar;C:\TopCoder\components\lib\thirdparty\jboss\4.2\jboss-j2ee.jar;C:\TopCoder\components\lib\thirdparty\jboss\4.2\jboss-jaxrpc.jar;C:\TopCoder\components\lib\thirdparty\jboss\4.2\jbossall-client.jar;C:\TopCoder\components\lib\thirdparty\jboss\4.2\log4j-boot.jar;C:\TopCoder\components\lib\thirdparty\informix_jdbc\3.0\ifxjdbc.jar;C:\TopCoder\projects\studio_contest_manager_1.1.0\test_files\lib\contest.jar;C:\TopCoder\projects\studio_contest_manager_1.1.0\test_files\lib\project.jar;C:\TopCoder\projects\studio_contest_manager_1.1.0\test_files;C:\TopCoder\components\lib\thirdparty\cobertura\1.8\cobertura.jar;C:\TopCoder\components\lib\thirdparty\cobertura\1.8\lib\asm-2.2.1.jar;C:\TopCoder\components\lib\thirdparty\cobertura\1.8\lib\jakarta-oro-2.0.8.jar;C:\TopCoder\components\lib\thirdparty\cobertura\1.8\lib\jaxen-1.1-beta-8.jar;C:\TopCoder\components\lib\thirdparty\cobertura\1.8\lib\jdom-1.0.jar;C:\TopCoder\components\lib\thirdparty\cobertura\1.8\lib\junit-3.8.1.jar;C:\TopCoder\components\lib\thirdparty\cobertura\1.8\lib\log4j-1.2.9.jar;C:\TopCoder\components\lib\thirdparty\cobertura\1.8\lib\xalan-2.6.0.jar;C:\TopCoder\components\lib\thirdparty\cobertura\1.8\lib\xerces\2.6.2\xercesImpl.jar;C:\TopCoder\components\lib\thirdparty\cobertura\1.8\lib\xerces\2.6.2\xml-apis.jar;C:\TopCoder\components\lib\thirdparty\cobertura\1.8\lib\xerces\2.6.2\xmlParserAPIs.jar;C:\TopCoder\projects\studio_contest_manager_1.1.0;C:\java\aop\aspectj\1.5\lib\aspectjrt.jar;C:\Program Files\Java\jre1.5.0_07\lib\ext\QTJava.zip;C:\Projects\AOL\bin\jars\hotswap.jar;C:\Java\apache\ant\apache-ant-1.6.5\lib\junit.jar;C:\Java\apache\ant\apache-ant-1.6.5\lib\ant-launcher.jar;C:\Java\apache\ant\apache-ant-1.6.5\lib\ant.jar;C:\Java\apache\ant\apache-ant-1.6.5\lib\ant-junit.jar"></property>
    <property name="dev_submission.jar" value="Studio_Contest_Manager_1.1.0_dev_submission.jar"></property>
    <property name="ant.library.dir" value="C:\Java\apache\ant\apache-ant-1.6.5\lib"></property>
    <property name="os.arch" value="x86"></property>
    <property name="db_connection_factory.path" value="db_connection_factory/1.1"></property>
    <property name="checkstyle.dir" value="C:/TopCoder/components/lib/thirdparty/checkstyle/4.4"></property>
    <property name="search_builder.version" value="1.3.2"></property>
    <property name="logging_wrapper.jar.name" value="logging_wrapper.jar"></property>
    <property name="java.vm.specification.vendor" value="Sun Microsystems Inc."></property>
    <property name="object_formatter.path" value="object_formatter/1.0"></property>
    <property name="file.separator" value="\"></property>
    <property name="java.runtime.version" value="1.5.0_07-b03"></property>
    <property name="sun.boot.class.path" value="C:\Java\JDK\jdk1.5.0_07\jre\lib\rt.jar;C:\Java\JDK\jdk1.5.0_07\jre\lib\i18n.jar;C:\Java\JDK\jdk1.5.0_07\jre\lib\sunrsasign.jar;C:\Java\JDK\jdk1.5.0_07\jre\lib\jsse.jar;C:\Java\JDK\jdk1.5.0_07\jre\lib\jce.jar;C:\Java\JDK\jdk1.5.0_07\jre\lib\charsets.jar;C:\Java\JDK\jdk1.5.0_07\jre\classes"></property>
    <property name="class_associations.jar.name" value="class_associations.jar"></property>
    <property name="build_docsdir" value="build/docs"></property>
    <property name="class_associations.version" value="1.0"></property>
    <property name="design_submission.jar" value="Studio_Contest_Manager_1.1.0_design_submission.jar"></property>
    <property name="user.country" value="US"></property>
    <property name="configuration_manager.version" value="2.1.5"></property>
    <property name="tcs_libdir" value="C:/TopCoder/components/lib/tcs"></property>
    <property name="component" value="Studio_Contest_Manager"></property>
    <property name="logging_wrapper.jar" value="C:/TopCoder/components/lib/tcs/logging_wrapper/2.0/logging_wrapper.jar"></property>
    <property name="typesafe_enum.jar.name" value="typesafe_enum.jar"></property>
    <property name="java_1_3_bootclasspath" value="C:/Java/JDK/jdk1.3.1_10/jre/lib/rt.jar"></property>
    <property name="java.vendor" value="Sun Microsystems Inc."></property>
    <property name="db_connection_factory.jar" value="C:/TopCoder/components/lib/tcs/db_connection_factory/1.1/db_connection_factory.jar"></property>
    <property name="configuration_api.version" value="1.0"></property>
    <property name="java.specification.version" value="1.5"></property>
    <property name="testfiles" value="test_files"></property>
    <property name="jboss.dir" value="C:/TopCoder/components/lib/thirdparty/jboss/4.2"></property>
    <property name="sun.arch.data.model" value="32"></property>
    <property name="javatests" value="src/java/tests"></property>
  </properties>
  <testcase classname="com.topcoder.service.studio.contest.bean.ContestManagerBeanUnitTest4" name="testGetAllContests_Accuracy" time="17.688"></testcase>
  <testcase classname="com.topcoder.service.studio.contest.bean.ContestManagerBeanUnitTest4" name="testGetAllContests_Failure1" time="0.0"></testcase>
  <testcase classname="com.topcoder.service.studio.contest.bean.ContestManagerBeanUnitTest4" name="testGetAllContests_Failure2" time="0.0"></testcase>
  <testcase classname="com.topcoder.service.studio.contest.bean.ContestManagerBeanUnitTest4" name="testSearchContests_Accuracy1" time="0.171"></testcase>
  <testcase classname="com.topcoder.service.studio.contest.bean.ContestManagerBeanUnitTest4" name="testSearchContests_Accuracy2" time="0.079"></testcase>
  <testcase classname="com.topcoder.service.studio.contest.bean.ContestManagerBeanUnitTest4" name="testSearchContests_Accuracy3" time="0.062"></testcase>
  <testcase classname="com.topcoder.service.studio.contest.bean.ContestManagerBeanUnitTest4" name="testSearchContests_Failure1" time="0.0"></testcase>
  <testcase classname="com.topcoder.service.studio.contest.bean.ContestManagerBeanUnitTest4" name="testSearchContests_Failure2" time="0.0"></testcase>
  <testcase classname="com.topcoder.service.studio.contest.utils.ContestFilterFactoryTest" name="testCreateStudioContestFileTypeIdFilter_Accuracy" time="0.0"></testcase>
  <testcase classname="com.topcoder.service.studio.contest.utils.ContestFilterFactoryTest" name="testCreateStudioFileTypeExtensionFilter_Accuracy" time="0.0"></testcase>
  <testcase classname="com.topcoder.service.studio.contest.utils.ContestFilterFactoryTest" name="testCreateStudioFileTypeExtensionFilter_Failure1" time="0.0"></testcase>
  <testcase classname="com.topcoder.service.studio.contest.utils.ContestFilterFactoryTest" name="testCreateStudioFileTypeExtensionFilter_Failure2" time="0.0"></testcase>
  <testcase classname="com.topcoder.service.studio.contest.utils.ContestFilterFactoryTest" name="testCreateStudioContestChannelIdFilter_Accuracy" time="0.0"></testcase>
  <testcase classname="com.topcoder.service.studio.contest.utils.ContestFilterFactoryTest" name="testCreateStudioContestChannelNameFilter_Accuracy" time="0.0"></testcase>
  <testcase classname="com.topcoder.service.studio.contest.utils.ContestFilterFactoryTest" name="testCreateStudioContestChannelNameFilter_Failure1" time="0.0"></testcase>
  <testcase classname="com.topcoder.service.studio.contest.utils.ContestFilterFactoryTest" name="testCreateStudioContestChannelNameFilter_Failure2" time="0.0"></testcase>
  <testcase classname="com.topcoder.service.studio.contest.utils.ContestFilterFactoryTest" name="testCreateStudioContestStatusIdFilter_Accuracy" time="0.0"></testcase>
  <testcase classname="com.topcoder.service.studio.contest.utils.ContestFilterFactoryTest" name="testCreateStudioContestStatusNameFilter_Accuracy" time="0.0"></testcase>
  <testcase classname="com.topcoder.service.studio.contest.utils.ContestFilterFactoryTest" name="testCreateStudioContestStatusNameFilter_Failure1" time="0.0"></testcase>
  <testcase classname="com.topcoder.service.studio.contest.utils.ContestFilterFactoryTest" name="testCreateStudioContestStatusNameFilter_Failure2" time="0.0"></testcase>
  <testcase classname="com.topcoder.service.studio.contest.utils.ContestFilterFactoryTest" name="testCreateStudioContestIdFilter_Accuracy" time="0.0"></testcase>
  <testcase classname="com.topcoder.service.studio.contest.utils.ContestFilterFactoryTest" name="testCreateStudioContestNameFilter_Accuracy" time="0.0"></testcase>
  <testcase classname="com.topcoder.service.studio.contest.utils.ContestFilterFactoryTest" name="testCreateStudioContestNameFilter_Failure1" time="0.0"></testcase>
  <testcase classname="com.topcoder.service.studio.contest.utils.ContestFilterFactoryTest" name="testCreateStudioContestNameFilter_Failure2" time="0.0"></testcase>
  <testcase classname="com.topcoder.service.studio.contest.utils.ContestFilterFactoryTest" name="testCreateStudioContestProjectIdFilter_Accuracy" time="0.016"></testcase>
  <testcase classname="com.topcoder.service.studio.contest.utils.ContestFilterFactoryTest" name="testCreateStudioContestDirectProjectIdFilter_Accuracy" time="0.0"></testcase>
  <testcase classname="com.topcoder.service.studio.contest.utils.ContestFilterFactoryTest" name="testCreateStudioContestForumIdFilter_Accuracy" time="0.0"></testcase>
  <testcase classname="com.topcoder.service.studio.contest.utils.ContestFilterFactoryTest" name="testCreateStudioContestEventIdFilter_Accuracy" time="0.0"></testcase>
  <testcase classname="com.topcoder.service.studio.contest.utils.ContestFilterFactoryTest" name="testCreateStudioContestStartDateFilter_Accuracy" time="0.0"></testcase>
  <testcase classname="com.topcoder.service.studio.contest.utils.ContestFilterFactoryTest" name="testCreateStudioContestStartDateFilter_Failure1" time="0.0"></testcase>
  <testcase classname="com.topcoder.service.studio.contest.utils.ContestFilterFactoryTest" name="testCreateStudioContestEndDateFilter_Accuracy" time="0.0"></testcase>
  <testcase classname="com.topcoder.service.studio.contest.utils.ContestFilterFactoryTest" name="testCreateStudioContestEndDateFilter_Failure1" time="0.0"></testcase>
  <testcase classname="com.topcoder.service.studio.contest.utils.ContestFilterFactoryTest" name="testCreateStudioContestWinnerAnnouncementDeadlineDateFilter_Accuracy" time="0.0"></testcase>
  <testcase classname="com.topcoder.service.studio.contest.utils.ContestFilterFactoryTest" name="testCreateStudioContestWinnerAnnouncementDeadlineDateFilter_Failure1" time="0.0"></testcase>
  <testcase classname="com.topcoder.service.studio.contest.utils.ContestFilterFactoryTest" name="testCreateAndFilter_Accuracy" time="0.0"></testcase>
  <testcase classname="com.topcoder.service.studio.contest.utils.ContestFilterFactoryTest" name="testCreateAndFilter_Failure1" time="0.0"></testcase>
  <testcase classname="com.topcoder.service.studio.contest.utils.ContestFilterFactoryTest" name="testCreateAndFilter_Failure2" time="0.0"></testcase>
  <testcase classname="com.topcoder.service.studio.contest.utils.ContestFilterFactoryTest" name="testCreateAndFilterWithArray_Accuracy" time="0.0"></testcase>
  <testcase classname="com.topcoder.service.studio.contest.utils.ContestFilterFactoryTest" name="testCreateAndFilterWithArray_Failure1" time="0.0"></testcase>
  <testcase classname="com.topcoder.service.studio.contest.utils.ContestFilterFactoryTest" name="testCreateAndFilterWithArray_Failure2" time="0.0"></testcase>
  <testcase classname="com.topcoder.service.studio.contest.utils.ContestFilterFactoryTest" name="testCreateAndFilterWithArray_Failure3" time="0.0"></testcase>
  <testcase classname="com.topcoder.service.studio.contest.utils.ContestFilterFactoryTest" name="testCreateOrFilter_Accuracy" time="0.0"></testcase>
  <testcase classname="com.topcoder.service.studio.contest.utils.ContestFilterFactoryTest" name="testCreateOrFilter_Failure1" time="0.0"></testcase>
  <testcase classname="com.topcoder.service.studio.contest.utils.ContestFilterFactoryTest" name="testCreateOrFilter_Failure2" time="0.0"></testcase>
  <testcase classname="com.topcoder.service.studio.contest.utils.ContestFilterFactoryTest" name="testCreateOrFilterWithArray_Accuracy" time="0.0"></testcase>
  <testcase classname="com.topcoder.service.studio.contest.utils.ContestFilterFactoryTest" name="testCreateOrFilterWithArray_Failure1" time="0.0"></testcase>
  <testcase classname="com.topcoder.service.studio.contest.utils.ContestFilterFactoryTest" name="testCreateNotFilter_Accuracy" time="0.0"></testcase>
  <testcase classname="com.topcoder.service.studio.contest.utils.ContestFilterFactoryTest" name="testCreateNotFilter_Failure1" time="0.0"></testcase>
  <testcase classname="com.topcoder.service.studio.contest.utils.ContestFilterFactoryTest" name="testPrivateCtor" time="0.0"></testcase>
  <testcase classname="com.topcoder.service.studio.contest.utils.FilterToSqlConverterTest" name="testPrivateCtor" time="0.0"></testcase>
  <testcase classname="com.topcoder.service.studio.contest.utils.FilterToSqlConverterTest" name="testConvert_Accuracy1" time="0.0"></testcase>
  <testcase classname="com.topcoder.service.studio.contest.utils.FilterToSqlConverterTest" name="testConvert_Accuracy2" time="0.0"></testcase>
  <testcase classname="com.topcoder.service.studio.contest.utils.FilterToSqlConverterTest" name="testConvert_Failure1" time="0.0"></testcase>
  <testcase classname="com.topcoder.service.studio.contest.utils.FilterToSqlConverterTest" name="testConvert_Failure2" time="0.0"></testcase>
  <testcase classname="com.topcoder.service.studio.contest.utils.FilterToSqlConverterTest" name="testConvert_Failure3" time="0.0"></testcase>
  <testcase classname="com.topcoder.service.studio.contest.bean.HelperTest" name="testCheckPort_Accuracy" time="0.0"></testcase>
  <testcase classname="com.topcoder.service.studio.contest.bean.HelperTest" name="testCheckPort_Failure1" time="0.0"></testcase>
  <testcase classname="com.topcoder.service.studio.contest.bean.HelperTest" name="testCheckNull_Accuracy" time="0.0"></testcase>
  <testcase classname="com.topcoder.service.studio.contest.bean.HelperTest" name="testCheckNull_Failure1" time="0.0"></testcase>
  <testcase classname="com.topcoder.service.studio.contest.bean.HelperTest" name="testCheckEmpty_Accuracy" time="0.0"></testcase>
  <testcase classname="com.topcoder.service.studio.contest.bean.HelperTest" name="testCheckEmpty_Failure1" time="0.0"></testcase>
  <testcase classname="com.topcoder.service.studio.contest.bean.HelperTest" name="testCheckString_Accuracy" time="0.0"></testcase>
  <testcase classname="com.topcoder.service.studio.contest.bean.HelperTest" name="testCheckString_Failure1" time="0.0"></testcase>
  <testcase classname="com.topcoder.service.studio.contest.bean.HelperTest" name="testCheckString_Failure2" time="0.0"></testcase>
  <testcase classname="com.topcoder.service.studio.contest.ContestConfigurationExceptionUnitTest" name="testCtorStr" time="0.0"></testcase>
  <testcase classname="com.topcoder.service.studio.contest.ContestConfigurationExceptionUnitTest" name="testCtorStr_Null" time="0.0"></testcase>
  <testcase classname="com.topcoder.service.studio.contest.ContestConfigurationExceptionUnitTest" name="testCtorStrExp" time="0.0"></testcase>
  <testcase classname="com.topcoder.service.studio.contest.ContestConfigurationExceptionUnitTest" name="testCtorStrExp_Null" time="0.0"></testcase>
  <testcase classname="com.topcoder.service.studio.contest.ContestConfigurationExceptionUnitTest" name="testCtorStrThrowable" time="0.0"></testcase>
  <testcase classname="com.topcoder.service.studio.contest.ContestConfigurationExceptionUnitTest" name="testCtorStrThrowable_Null" time="0.0"></testcase>
  <testcase classname="com.topcoder.service.studio.contest.ContestConfigurationExceptionUnitTest" name="testCtorStrThrowableExp" time="0.0"></testcase>
  <testcase classname="com.topcoder.service.studio.contest.ContestConfigurationExceptionUnitTest" name="testCtorStrThrowableExp_Null" time="0.0"></testcase>
  <testcase classname="com.topcoder.service.studio.contest.ContestManagementExceptionUnitTest" name="testCtorStr" time="0.0"></testcase>
  <testcase classname="com.topcoder.service.studio.contest.ContestManagementExceptionUnitTest" name="testCtorStr_Null" time="0.015"></testcase>
  <testcase classname="com.topcoder.service.studio.contest.ContestManagementExceptionUnitTest" name="testCtorStrExp" time="0.0"></testcase>
  <testcase classname="com.topcoder.service.studio.contest.ContestManagementExceptionUnitTest" name="testCtorStrExp_Null" time="0.0"></testcase>
  <testcase classname="com.topcoder.service.studio.contest.ContestManagementExceptionUnitTest" name="testCtorStrThrowable" time="0.0"></testcase>
  <testcase classname="com.topcoder.service.studio.contest.ContestManagementExceptionUnitTest" name="testCtorStrThrowable_Null" time="0.0"></testcase>
  <testcase classname="com.topcoder.service.studio.contest.ContestManagementExceptionUnitTest" name="testCtorStrThrowableExp" time="0.0"></testcase>
  <testcase classname="com.topcoder.service.studio.contest.ContestManagementExceptionUnitTest" name="testCtorStrThrowableExp_Null" time="0.0"></testcase>
  <testcase classname="com.topcoder.service.studio.contest.ContestStatusTransitionExceptionUnitTest" name="testCtorStr" time="0.0"></testcase>
  <testcase classname="com.topcoder.service.studio.contest.ContestStatusTransitionExceptionUnitTest" name="testCtorStr_Null" time="0.0"></testcase>
  <testcase classname="com.topcoder.service.studio.contest.ContestStatusTransitionExceptionUnitTest" name="testCtorStrExp" time="0.0"></testcase>
  <testcase classname="com.topcoder.service.studio.contest.ContestStatusTransitionExceptionUnitTest" name="testCtorStrExp_Null" time="0.0"></testcase>
  <testcase classname="com.topcoder.service.studio.contest.ContestStatusTransitionExceptionUnitTest" name="testCtorStrThrowable" time="0.0"></testcase>
  <testcase classname="com.topcoder.service.studio.contest.ContestStatusTransitionExceptionUnitTest" name="testCtorStrThrowable_Null" time="0.0"></testcase>
  <testcase classname="com.topcoder.service.studio.contest.ContestStatusTransitionExceptionUnitTest" name="testCtorStrThrowableExp" time="0.0"></testcase>
  <testcase classname="com.topcoder.service.studio.contest.ContestStatusTransitionExceptionUnitTest" name="testCtorStrThrowableExp_Null" time="0.0"></testcase>
  <testcase classname="com.topcoder.service.studio.contest.DocumentContentManagementExceptionUnitTest" name="testCtorStr" time="0.0"></testcase>
  <testcase classname="com.topcoder.service.studio.contest.DocumentContentManagementExceptionUnitTest" name="testCtorStr_Null" time="0.0"></testcase>
  <testcase classname="com.topcoder.service.studio.contest.DocumentContentManagementExceptionUnitTest" name="testCtorStrExp" time="0.0"></testcase>
  <testcase classname="com.topcoder.service.studio.contest.DocumentContentManagementExceptionUnitTest" name="testCtorStrExp_Null" time="0.0"></testcase>
  <testcase classname="com.topcoder.service.studio.contest.DocumentContentManagementExceptionUnitTest" name="testCtorStrThrowable" time="0.0"></testcase>
  <testcase classname="com.topcoder.service.studio.contest.DocumentContentManagementExceptionUnitTest" name="testCtorStrThrowable_Null" time="0.0"></testcase>
  <testcase classname="com.topcoder.service.studio.contest.DocumentContentManagementExceptionUnitTest" name="testCtorStrThrowableExp" time="0.0"></testcase>
  <testcase classname="com.topcoder.service.studio.contest.DocumentContentManagementExceptionUnitTest" name="testCtorStrThrowableExp_Null" time="0.0"></testcase>
  <testcase classname="com.topcoder.service.studio.contest.EntityAlreadyExistsExceptionUnitTest" name="testCtorStr" time="0.0"></testcase>
  <testcase classname="com.topcoder.service.studio.contest.EntityAlreadyExistsExceptionUnitTest" name="testCtorStr_Null" time="0.0"></testcase>
  <testcase classname="com.topcoder.service.studio.contest.EntityAlreadyExistsExceptionUnitTest" name="testCtorStrExp" time="0.0"></testcase>
  <testcase classname="com.topcoder.service.studio.contest.EntityAlreadyExistsExceptionUnitTest" name="testCtorStrExp_Null" time="0.0"></testcase>
  <testcase classname="com.topcoder.service.studio.contest.EntityAlreadyExistsExceptionUnitTest" name="testCtorStrThrowable" time="0.0"></testcase>
  <testcase classname="com.topcoder.service.studio.contest.EntityAlreadyExistsExceptionUnitTest" name="testCtorStrThrowable_Null" time="0.0"></testcase>
  <testcase classname="com.topcoder.service.studio.contest.EntityAlreadyExistsExceptionUnitTest" name="testCtorStrThrowableExp" time="0.0"></testcase>
  <testcase classname="com.topcoder.service.studio.contest.EntityAlreadyExistsExceptionUnitTest" name="testCtorStrThrowableExp_Null" time="0.0"></testcase>
  <testcase classname="com.topcoder.service.studio.contest.EntityNotFoundExceptionUnitTest" name="testCtorStr" time="0.0"></testcase>
  <testcase classname="com.topcoder.service.studio.contest.EntityNotFoundExceptionUnitTest" name="testCtorStr_Null" time="0.0"></testcase>
  <testcase classname="com.topcoder.service.studio.contest.EntityNotFoundExceptionUnitTest" name="testCtorStrExp" time="0.0"></testcase>
  <testcase classname="com.topcoder.service.studio.contest.EntityNotFoundExceptionUnitTest" name="testCtorStrExp_Null" time="0.0"></testcase>
  <testcase classname="com.topcoder.service.studio.contest.EntityNotFoundExceptionUnitTest" name="testCtorStrThrowable" time="0.0"></testcase>
  <testcase classname="com.topcoder.service.studio.contest.EntityNotFoundExceptionUnitTest" name="testCtorStrThrowable_Null" time="0.0"></testcase>
  <testcase classname="com.topcoder.service.studio.contest.EntityNotFoundExceptionUnitTest" name="testCtorStrThrowableExp" time="0.0"></testcase>
  <testcase classname="com.topcoder.service.studio.contest.EntityNotFoundExceptionUnitTest" name="testCtorStrThrowableExp_Null" time="0.0"></testcase>
  <testcase classname="com.topcoder.service.studio.contest.bean.ContestManagerBeanUnitTest1" name="testCtor" time="0.0"></testcase>
  <testcase classname="com.topcoder.service.studio.contest.bean.ContestManagerBeanUnitTest1" name="testInitialize" time="0.0"></testcase>
  <testcase classname="com.topcoder.service.studio.contest.bean.ContestManagerBeanUnitTest1" name="testInitialize_Failure1" time="0.0"></testcase>
  <testcase classname="com.topcoder.service.studio.contest.bean.ContestManagerBeanUnitTest1" name="testInitialize_Failure2" time="0.0"></testcase>
  <testcase classname="com.topcoder.service.studio.contest.bean.ContestManagerBeanUnitTest1" name="testInitialize_Failure3" time="0.0"></testcase>
  <testcase classname="com.topcoder.service.studio.contest.bean.ContestManagerBeanUnitTest1" name="testInitialize_Failure4" time="0.0"></testcase>
  <testcase classname="com.topcoder.service.studio.contest.bean.ContestManagerBeanUnitTest1" name="testInitialize_Failure5" time="0.0"></testcase>
  <testcase classname="com.topcoder.service.studio.contest.bean.ContestManagerBeanUnitTest1" name="testInitialize_Failure6" time="0.016"></testcase>
  <testcase classname="com.topcoder.service.studio.contest.bean.ContestManagerBeanUnitTest1" name="testInitialize_Failure7" time="0.0"></testcase>
  <testcase classname="com.topcoder.service.studio.contest.bean.ContestManagerBeanUnitTest1" name="testInitialize_Failure8" time="0.0"></testcase>
  <testcase classname="com.topcoder.service.studio.contest.bean.ContestManagerBeanUnitTest1" name="testInitialize_Failure9" time="0.125"></testcase>
  <testcase classname="com.topcoder.service.studio.contest.bean.ContestManagerBeanUnitTest1" name="testInitialize_Failure10" time="0.016"></testcase>
  <testcase classname="com.topcoder.service.studio.contest.bean.ContestManagerBeanUnitTest1" name="testCreateContest" time="0.0"></testcase>
  <testcase classname="com.topcoder.service.studio.contest.bean.ContestManagerBeanUnitTest1" name="testCreateContest_Failure1" time="0.0"></testcase>
  <testcase classname="com.topcoder.service.studio.contest.bean.ContestManagerBeanUnitTest1" name="testCreateContest_Failure2" time="0.0"></testcase>
  <testcase classname="com.topcoder.service.studio.contest.bean.ContestManagerBeanUnitTest1" name="testCreateContest_Failure3" time="0.0"></testcase>
  <testcase classname="com.topcoder.service.studio.contest.bean.ContestManagerBeanUnitTest1" name="testCreateContest_Failure4" time="0.0"></testcase>
  <testcase classname="com.topcoder.service.studio.contest.bean.ContestManagerBeanUnitTest1" name="testCreateContest_Failure5" time="0.0"></testcase>
  <testcase classname="com.topcoder.service.studio.contest.bean.ContestManagerBeanUnitTest1" name="testGetContest" time="0.015"></testcase>
  <testcase classname="com.topcoder.service.studio.contest.bean.ContestManagerBeanUnitTest1" name="testGetContest1" time="0.0"></testcase>
  <testcase classname="com.topcoder.service.studio.contest.bean.ContestManagerBeanUnitTest1" name="testGetContest_Failure1" time="0.0"></testcase>
  <testcase classname="com.topcoder.service.studio.contest.bean.ContestManagerBeanUnitTest1" name="testGetContest_Failure2" time="0.0"></testcase>
  <testcase classname="com.topcoder.service.studio.contest.bean.ContestManagerBeanUnitTest1" name="testGetContestsForProject" time="0.047"></testcase>
  <testcase classname="com.topcoder.service.studio.contest.bean.ContestManagerBeanUnitTest1" name="testGetContestsForProject_Failure1" time="0.0"></testcase>
  <testcase classname="com.topcoder.service.studio.contest.bean.ContestManagerBeanUnitTest1" name="testGetClientForContest" time="0.0"></testcase>
  <testcase classname="com.topcoder.service.studio.contest.bean.ContestManagerBeanUnitTest1" name="testGetClientForContest_Failure1" time="0.016"></testcase>
  <testcase classname="com.topcoder.service.studio.contest.bean.ContestManagerBeanUnitTest1" name="testGetClientForContest_Failure2" time="0.0"></testcase>
  <testcase classname="com.topcoder.service.studio.contest.bean.ContestManagerBeanUnitTest1" name="testGetClientForContest_Failure3" time="0.0"></testcase>
  <testcase classname="com.topcoder.service.studio.contest.bean.ContestManagerBeanUnitTest1" name="testGetClientForContest_Failure4" time="0.015"></testcase>
  <testcase classname="com.topcoder.service.studio.contest.bean.ContestManagerBeanUnitTest1" name="testGetClientForProject" time="0.0"></testcase>
  <testcase classname="com.topcoder.service.studio.contest.bean.ContestManagerBeanUnitTest1" name="testGetClientForProject_Failure1" time="0.0"></testcase>
  <testcase classname="com.topcoder.service.studio.contest.bean.ContestManagerBeanUnitTest1" name="testGetClientForProject_Failure2" time="0.016"></testcase>
  <testcase classname="com.topcoder.service.studio.contest.bean.ContestManagerBeanUnitTest1" name="testGetClientForProject_Failure3" time="0.0"></testcase>
  <testcase classname="com.topcoder.service.studio.contest.bean.ContestManagerBeanUnitTest1" name="testAddContestStatus" time="0.0"></testcase>
  <testcase classname="com.topcoder.service.studio.contest.bean.ContestManagerBeanUnitTest1" name="testAddContestStatus_Failure1" time="0.0"></testcase>
  <testcase classname="com.topcoder.service.studio.contest.bean.ContestManagerBeanUnitTest1" name="testAddContestStatus_Failure2" time="0.0"></testcase>
  <testcase classname="com.topcoder.service.studio.contest.bean.ContestManagerBeanUnitTest1" name="testAddContestStatus_Failure3" time="0.0"></testcase>
  <testcase classname="com.topcoder.service.studio.contest.bean.ContestManagerBeanUnitTest1" name="testAddContestStatus_Failure4" time="0.016"></testcase>
  <testcase classname="com.topcoder.service.studio.contest.bean.ContestManagerBeanUnitTest1" name="testUpdateContestStatus" time="0.0"></testcase>
  <testcase classname="com.topcoder.service.studio.contest.bean.ContestManagerBeanUnitTest1" name="testUpdateContestStatus_Failure1" time="0.0"></testcase>
  <testcase classname="com.topcoder.service.studio.contest.bean.ContestManagerBeanUnitTest1" name="testUpdateContestStatus_Failure2" time="0.0"></testcase>
  <testcase classname="com.topcoder.service.studio.contest.bean.ContestManagerBeanUnitTest1" name="testUpdateContestStatus_Failure3" time="0.015"></testcase>
  <testcase classname="com.topcoder.service.studio.contest.bean.ContestManagerBeanUnitTest1" name="testUpdateContestStatus_Failure4" time="0.0"></testcase>
  <testcase classname="com.topcoder.service.studio.contest.bean.ContestManagerBeanUnitTest1" name="testRemoveContestStatus" time="0.0"></testcase>
  <testcase classname="com.topcoder.service.studio.contest.bean.ContestManagerBeanUnitTest1" name="testRemoveContestStatus1" time="0.0"></testcase>
  <testcase classname="com.topcoder.service.studio.contest.bean.ContestManagerBeanUnitTest1" name="testRemoveContestStatus_Failure1" time="0.0"></testcase>
  <testcase classname="com.topcoder.service.studio.contest.bean.ContestManagerBeanUnitTest1" name="testRemoveContestStatus_Failure2" time="0.0"></testcase>
  <testcase classname="com.topcoder.service.studio.contest.bean.ContestManagerBeanUnitTest1" name="testRemoveContestStatus_Failure3" time="0.0"></testcase>
  <testcase classname="com.topcoder.service.studio.contest.bean.ContestManagerBeanUnitTest1" name="testGetContestStatus" time="0.016"></testcase>
  <testcase classname="com.topcoder.service.studio.contest.bean.ContestManagerBeanUnitTest1" name="testGetContestStatus_Failure1" time="0.0"></testcase>
  <testcase classname="com.topcoder.service.studio.contest.bean.ContestManagerBeanUnitTest1" name="testGetContestStatus_Failure2" time="0.0"></testcase>
  <testcase classname="com.topcoder.service.studio.contest.bean.ContestManagerBeanUnitTest1" name="testAddDocument" time="0.078"></testcase>
  <testcase classname="com.topcoder.service.studio.contest.bean.ContestManagerBeanUnitTest1" name="testAddDocument_Failure1" time="0.0"></testcase>
  <testcase classname="com.topcoder.service.studio.contest.bean.ContestManagerBeanUnitTest1" name="testAddDocument_Failure3" time="0.0"></testcase>
  <testcase classname="com.topcoder.service.studio.contest.bean.ContestManagerBeanUnitTest1" name="testAddDocument_Failure4" time="0.0"></testcase>
  <testcase classname="com.topcoder.service.studio.contest.bean.ContestManagerBeanUnitTest1" name="testAddDocument_Failure5" time="0.0"></testcase>
  <testcase classname="com.topcoder.service.studio.contest.bean.ContestManagerBeanUnitTest1" name="testUpdateDocument" time="0.0"></testcase>
  <testcase classname="com.topcoder.service.studio.contest.bean.ContestManagerBeanUnitTest1" name="testUpdateDocument_Failure1" time="0.0"></testcase>
  <testcase classname="com.topcoder.service.studio.contest.bean.ContestManagerBeanUnitTest1" name="testUpdateDocument_Failure2" time="0.016"></testcase>
  <testcase classname="com.topcoder.service.studio.contest.bean.ContestManagerBeanUnitTest1" name="testUpdateDocument_Failure3" time="0.0"></testcase>
  <testcase classname="com.topcoder.service.studio.contest.bean.ContestManagerBeanUnitTest1" name="testUpdateDocument_Failure4" time="0.0"></testcase>
  <testcase classname="com.topcoder.service.studio.contest.bean.ContestManagerBeanUnitTest1" name="testGetDocument" time="0.0"></testcase>
  <testcase classname="com.topcoder.service.studio.contest.bean.ContestManagerBeanUnitTest1" name="testGetDocument_Failure1" time="0.015"></testcase>
  <testcase classname="com.topcoder.service.studio.contest.bean.ContestManagerBeanUnitTest1" name="testGetDocument_Failure2" time="0.0"></testcase>
  <testcase classname="com.topcoder.service.studio.contest.bean.ContestManagerBeanUnitTest1" name="testRemoveDocument" time="0.0"></testcase>
  <testcase classname="com.topcoder.service.studio.contest.bean.ContestManagerBeanUnitTest1" name="testRemoveDocument1" time="0.0"></testcase>
  <testcase classname="com.topcoder.service.studio.contest.bean.ContestManagerBeanUnitTest1" name="testRemoveDocument_Failure1" time="0.0"></testcase>
  <testcase classname="com.topcoder.service.studio.contest.bean.ContestManagerBeanUnitTest1" name="testRemoveDocument_Failure2" time="0.0"></testcase>
  <testcase classname="com.topcoder.service.studio.contest.bean.ContestManagerBeanUnitTest1" name="testRemoveDocument_Failure3" time="0.0"></testcase>
  <testcase classname="com.topcoder.service.studio.contest.bean.ContestManagerBeanUnitTest1" name="testAddDocumentToContest" time="0.016"></testcase>
  <testcase classname="com.topcoder.service.studio.contest.bean.ContestManagerBeanUnitTest1" name="testAddDocumentToContest_Failure1" time="0.015"></testcase>
  <testcase classname="com.topcoder.service.studio.contest.bean.ContestManagerBeanUnitTest1" name="testAddDocumentToContest_Failure2" time="0.0"></testcase>
  <testcase classname="com.topcoder.service.studio.contest.bean.ContestManagerBeanUnitTest1" name="testAddDocumentToContest_Failure3" time="0.016"></testcase>
  <testcase classname="com.topcoder.service.studio.contest.bean.ContestManagerBeanUnitTest1" name="testAddDocumentToContest_Failure4" time="0.0"></testcase>
  <testcase classname="com.topcoder.service.studio.contest.bean.ContestManagerBeanUnitTest1" name="testAddDocumentToContest_Failure5" time="0.016"></testcase>
  <testcase classname="com.topcoder.service.studio.contest.bean.ContestManagerBeanUnitTest1" name="testRemoveDocumentFromContest" time="0.0"></testcase>
  <testcase classname="com.topcoder.service.studio.contest.bean.ContestManagerBeanUnitTest1" name="testRemoveDocumentFromContest1" time="0.0"></testcase>
  <testcase classname="com.topcoder.service.studio.contest.bean.ContestManagerBeanUnitTest1" name="testRemoveDocumentFromContest_Failure1" time="0.015"></testcase>
  <testcase classname="com.topcoder.service.studio.contest.bean.ContestManagerBeanUnitTest1" name="testRemoveDocumentFromContest_Failure2" time="0.0"></testcase>
  <testcase classname="com.topcoder.service.studio.contest.bean.ContestManagerBeanUnitTest1" name="testremoveDocumentFromContest_Failure3" time="0.0"></testcase>
  <testcase classname="com.topcoder.service.studio.contest.bean.ContestManagerBeanUnitTest1" name="testremoveDocumentFromContest_Failure4" time="0.0"></testcase>
  <testcase classname="com.topcoder.service.studio.contest.bean.ContestManagerBeanUnitTest1" name="testremoveDocumentFromContest_Failure5" time="0.016"></testcase>
  <testcase classname="com.topcoder.service.studio.contest.bean.ContestManagerBeanUnitTest2" name="testUpdateContestStatus" time="0.0"></testcase>
  <testcase classname="com.topcoder.service.studio.contest.bean.ContestManagerBeanUnitTest2" name="testUpdateContestStatus_Failure1" time="0.016"></testcase>
  <testcase classname="com.topcoder.service.studio.contest.bean.ContestManagerBeanUnitTest2" name="testUpdateContestStatus_Failure2" time="0.0"></testcase>
  <testcase classname="com.topcoder.service.studio.contest.bean.ContestManagerBeanUnitTest2" name="testUpdateContestStatus_Failure3" time="0.0"></testcase>
  <testcase classname="com.topcoder.service.studio.contest.bean.ContestManagerBeanUnitTest2" name="testUpdateContestStatus_Failure4" time="0.0"></testcase>
  <testcase classname="com.topcoder.service.studio.contest.bean.ContestManagerBeanUnitTest2" name="testAddContestChannel" time="0.015"></testcase>
  <testcase classname="com.topcoder.service.studio.contest.bean.ContestManagerBeanUnitTest2" name="testAddContestChannel_Failure1" time="0.0"></testcase>
  <testcase classname="com.topcoder.service.studio.contest.bean.ContestManagerBeanUnitTest2" name="testAddContestChannel_Failure3" time="0.0"></testcase>
  <testcase classname="com.topcoder.service.studio.contest.bean.ContestManagerBeanUnitTest2" name="testAddContestChannel_Failure4" time="0.0"></testcase>
  <testcase classname="com.topcoder.service.studio.contest.bean.ContestManagerBeanUnitTest2" name="testAddContestChannel_Failure5" time="0.0"></testcase>
  <testcase classname="com.topcoder.service.studio.contest.bean.ContestManagerBeanUnitTest2" name="testUpdateContestChannel" time="0.0"></testcase>
  <testcase classname="com.topcoder.service.studio.contest.bean.ContestManagerBeanUnitTest2" name="testUpdateContestChannel_Failure1" time="0.0"></testcase>
  <testcase classname="com.topcoder.service.studio.contest.bean.ContestManagerBeanUnitTest2" name="testUpdateContestChannel_Failure2" time="0.0"></testcase>
  <testcase classname="com.topcoder.service.studio.contest.bean.ContestManagerBeanUnitTest2" name="testUpdateContestChannel_Failure3" time="0.0"></testcase>
  <testcase classname="com.topcoder.service.studio.contest.bean.ContestManagerBeanUnitTest2" name="testUpdateContestChannel_Failure4" time="0.0"></testcase>
  <testcase classname="com.topcoder.service.studio.contest.bean.ContestManagerBeanUnitTest2" name="testGetContestChannel" time="0.016"></testcase>
  <testcase classname="com.topcoder.service.studio.contest.bean.ContestManagerBeanUnitTest2" name="testGetContestChannel_Failure1" time="0.0"></testcase>
  <testcase classname="com.topcoder.service.studio.contest.bean.ContestManagerBeanUnitTest2" name="testGetContestChannel_Failure2" time="0.0"></testcase>
  <testcase classname="com.topcoder.service.studio.contest.bean.ContestManagerBeanUnitTest2" name="testRemoveContestChannel" time="0.0"></testcase>
  <testcase classname="com.topcoder.service.studio.contest.bean.ContestManagerBeanUnitTest2" name="testRemoveContestChannel1" time="0.0"></testcase>
  <testcase classname="com.topcoder.service.studio.contest.bean.ContestManagerBeanUnitTest2" name="testRemoveContestChannel_Failure1" time="0.015"></testcase>
  <testcase classname="com.topcoder.service.studio.contest.bean.ContestManagerBeanUnitTest2" name="testRemoveContestChannel_Failure2" time="0.0"></testcase>
  <testcase classname="com.topcoder.service.studio.contest.bean.ContestManagerBeanUnitTest2" name="testRemoveContestChannel_Failure3" time="0.0"></testcase>
  <testcase classname="com.topcoder.service.studio.contest.bean.ContestManagerBeanUnitTest2" name="testAddConfig" time="0.125"></testcase>
  <testcase classname="com.topcoder.service.studio.contest.bean.ContestManagerBeanUnitTest2" name="testAddConfig_Failure2" time="0.0"></testcase>
  <testcase classname="com.topcoder.service.studio.contest.bean.ContestManagerBeanUnitTest2" name="testAddConfig_Failure3" time="0.0"></testcase>
  <testcase classname="com.topcoder.service.studio.contest.bean.ContestManagerBeanUnitTest2" name="testAddConfig_Failure4" time="0.0"></testcase>
  <testcase classname="com.topcoder.service.studio.contest.bean.ContestManagerBeanUnitTest2" name="testAddConfig_Failure5" time="0.016"></testcase>
  <testcase classname="com.topcoder.service.studio.contest.bean.ContestManagerBeanUnitTest2" name="testUpdateConfig" time="0.0"></testcase>
  <testcase classname="com.topcoder.service.studio.contest.bean.ContestManagerBeanUnitTest2" name="testUpdateConfig_Failure1" time="0.0"></testcase>
  <testcase classname="com.topcoder.service.studio.contest.bean.ContestManagerBeanUnitTest2" name="testUpdateConfig_Failure2" time="0.0"></testcase>
  <testcase classname="com.topcoder.service.studio.contest.bean.ContestManagerBeanUnitTest2" name="testUpdateConfig_Failure3" time="0.0"></testcase>
  <testcase classname="com.topcoder.service.studio.contest.bean.ContestManagerBeanUnitTest2" name="testUpdateConfig_Failure4" time="0.016"></testcase>
  <testcase classname="com.topcoder.service.studio.contest.bean.ContestManagerBeanUnitTest2" name="testGetConfig" time="0.0"></testcase>
  <testcase classname="com.topcoder.service.studio.contest.bean.ContestManagerBeanUnitTest2" name="testGetConfig_Failure1" time="0.015"></testcase>
  <testcase classname="com.topcoder.service.studio.contest.bean.ContestManagerBeanUnitTest2" name="testGetConfig_Failure2" time="0.0"></testcase>
  <testcase classname="com.topcoder.service.studio.contest.bean.ContestManagerBeanUnitTest2" name="testGetConfig_Failure3" time="0.0"></testcase>
  <testcase classname="com.topcoder.service.studio.contest.bean.ContestManagerBeanUnitTest2" name="testSaveDocumentContent" time="0.078"></testcase>
  <testcase classname="com.topcoder.service.studio.contest.bean.ContestManagerBeanUnitTest2" name="testSaveDocumentContent_Failure1" time="1.016"></testcase>
  <testcase classname="com.topcoder.service.studio.contest.bean.ContestManagerBeanUnitTest2" name="testSaveDocumentContent_Failure2" time="0.0"></testcase>
  <testcase classname="com.topcoder.service.studio.contest.bean.ContestManagerBeanUnitTest2" name="testSaveDocumentContent_Failure3" time="0.0"></testcase>
  <testcase classname="com.topcoder.service.studio.contest.bean.ContestManagerBeanUnitTest2" name="testSaveDocumentContent_Failure4" time="0.016"></testcase>
  <testcase classname="com.topcoder.service.studio.contest.bean.ContestManagerBeanUnitTest2" name="testSaveDocumentContent_Failure5" time="0.015"></testcase>
  <testcase classname="com.topcoder.service.studio.contest.bean.ContestManagerBeanUnitTest2" name="testSaveDocumentContent_Failure6" time="0.0"></testcase>
  <testcase classname="com.topcoder.service.studio.contest.bean.ContestManagerBeanUnitTest2" name="testGetAllContestStatuses" time="0.032"></testcase>
  <testcase classname="com.topcoder.service.studio.contest.bean.ContestManagerBeanUnitTest2" name="testGetAllContestStatuses_Failure1" time="0.0"></testcase>
  <testcase classname="com.topcoder.service.studio.contest.bean.ContestManagerBeanUnitTest2" name="testGetAllContestStatuses_Failure2" time="0.0"></testcase>
  <testcase classname="com.topcoder.service.studio.contest.bean.ContestManagerBeanUnitTest2" name="testGetAllContestStatuses_Failure3" time="0.0"></testcase>
  <testcase classname="com.topcoder.service.studio.contest.bean.ContestManagerBeanUnitTest2" name="testGetAllContestChannels" time="0.046"></testcase>
  <testcase classname="com.topcoder.service.studio.contest.bean.ContestManagerBeanUnitTest2" name="testGetAllContestChannels_Failure1" time="0.0"></testcase>
  <testcase classname="com.topcoder.service.studio.contest.bean.ContestManagerBeanUnitTest2" name="testGetAllContestChannels_Failure3" time="0.0"></testcase>
  <testcase classname="com.topcoder.service.studio.contest.bean.ContestManagerBeanUnitTest2" name="testGetAllStudioFileTypes" time="0.016"></testcase>
  <testcase classname="com.topcoder.service.studio.contest.bean.ContestManagerBeanUnitTest2" name="testGetAllStudioFileTypes_Failure1" time="0.0"></testcase>
  <testcase classname="com.topcoder.service.studio.contest.bean.ContestManagerBeanUnitTest2" name="testGetAllStudioFileTypes_Failure3" time="0.016"></testcase>
  <testcase classname="com.topcoder.service.studio.contest.bean.ContestManagerBeanUnitTest2" name="testAddContestTypeConfig" time="0.0"></testcase>
  <testcase classname="com.topcoder.service.studio.contest.bean.ContestManagerBeanUnitTest2" name="testAddContestTypeConfig_Failure1" time="0.0"></testcase>
  <testcase classname="com.topcoder.service.studio.contest.bean.ContestManagerBeanUnitTest2" name="testAddContestTypeConfig_Failure2" time="0.0"></testcase>
  <testcase classname="com.topcoder.service.studio.contest.bean.ContestManagerBeanUnitTest2" name="testAddContestTypeConfig_Failure3" time="0.0"></testcase>
  <testcase classname="com.topcoder.service.studio.contest.bean.ContestManagerBeanUnitTest2" name="testAddContestTypeConfig_Failure4" time="0.015"></testcase>
  <testcase classname="com.topcoder.service.studio.contest.bean.ContestManagerBeanUnitTest2" name="testUpdateContestTypeConfig" time="0.0"></testcase>
  <testcase classname="com.topcoder.service.studio.contest.bean.ContestManagerBeanUnitTest2" name="testUpdateContestTypeConfig_Failure1" time="0.0"></testcase>
  <testcase classname="com.topcoder.service.studio.contest.bean.ContestManagerBeanUnitTest2" name="testUpdateContestTypeConfig_Failure2" time="0.0"></testcase>
  <testcase classname="com.topcoder.service.studio.contest.bean.ContestManagerBeanUnitTest2" name="testUpdateContestTypeConfig_Failure3" time="0.016"></testcase>
  <testcase classname="com.topcoder.service.studio.contest.bean.ContestManagerBeanUnitTest2" name="testUpdateContestTypeConfig_Failure4" time="0.0"></testcase>
  <testcase classname="com.topcoder.service.studio.contest.bean.ContestManagerBeanUnitTest2" name="testGetContestTypeConfig" time="0.0"></testcase>
  <testcase classname="com.topcoder.service.studio.contest.bean.ContestManagerBeanUnitTest2" name="testGetContestTypeConfig_Failure1" time="0.016"></testcase>
  <testcase classname="com.topcoder.service.studio.contest.bean.ContestManagerBeanUnitTest2" name="testGetContestTypeConfig_Failure2" time="0.0"></testcase>
  <testcase classname="com.topcoder.service.studio.contest.bean.ContestManagerBeanUnitTest2" name="testAddPrizeToContest" time="0.015"></testcase>
  <testcase classname="com.topcoder.service.studio.contest.bean.ContestManagerBeanUnitTest2" name="testAddPrizeToContest_Failure1" time="0.0"></testcase>
  <testcase classname="com.topcoder.service.studio.contest.bean.ContestManagerBeanUnitTest2" name="testAddPrizeToContest_Failure2" time="0.0"></testcase>
  <testcase classname="com.topcoder.service.studio.contest.bean.ContestManagerBeanUnitTest2" name="testAddPrizeToContest_Failure3" time="0.016"></testcase>
  <testcase classname="com.topcoder.service.studio.contest.bean.ContestManagerBeanUnitTest2" name="testAddPrizeToContest_Failure4" time="0.0"></testcase>
  <testcase classname="com.topcoder.service.studio.contest.bean.ContestManagerBeanUnitTest2" name="testAddPrizeToContest_Failure5" time="0.0"></testcase>
  <testcase classname="com.topcoder.service.studio.contest.bean.ContestManagerBeanUnitTest2" name="testRemovePrizeFromContest" time="0.0"></testcase>
  <testcase classname="com.topcoder.service.studio.contest.bean.ContestManagerBeanUnitTest2" name="testRemovePrizeFromContest2" time="0.0"></testcase>
  <testcase classname="com.topcoder.service.studio.contest.bean.ContestManagerBeanUnitTest2" name="testRemovePrizeFromContest_Failure1" time="0.015"></testcase>
  <testcase classname="com.topcoder.service.studio.contest.bean.ContestManagerBeanUnitTest2" name="testRemovePrizeFromContest_Failure2" time="0.125"></testcase>
  <testcase classname="com.topcoder.service.studio.contest.bean.ContestManagerBeanUnitTest2" name="testRemovePrizeFromContest_Failure3" time="0.0"></testcase>
  <testcase classname="com.topcoder.service.studio.contest.bean.ContestManagerBeanUnitTest2" name="testRemovePrizeFromContest_Failure4" time="0.016"></testcase>
  <testcase classname="com.topcoder.service.studio.contest.bean.ContestManagerBeanUnitTest2" name="testRemovePrizeFromContest_Failure5" time="0.0"></testcase>
  <testcase classname="com.topcoder.service.studio.contest.bean.ContestManagerBeanUnitTest2" name="testGetContestPrizes" time="0.125"></testcase>
  <testcase classname="com.topcoder.service.studio.contest.bean.ContestManagerBeanUnitTest2" name="testUpdateContest" time="0.0"></testcase>
  <testcase classname="com.topcoder.service.studio.contest.bean.ContestManagerBeanUnitTest2" name="testUpdateContest1" time="0.0"></testcase>
  <testcase classname="com.topcoder.service.studio.contest.bean.ContestManagerBeanUnitTest2" name="testUpdateContest_Failure1" time="0.016"></testcase>
  <testcase classname="com.topcoder.service.studio.contest.bean.ContestManagerBeanUnitTest2" name="testUpdateContest_Failure2" time="0.0"></testcase>
  <testcase classname="com.topcoder.service.studio.contest.bean.ContestManagerBeanUnitTest2" name="testUpdateContest_Failure3" time="0.0"></testcase>
  <testcase classname="com.topcoder.service.studio.contest.bean.ContestManagerBeanUnitTest2" name="testUpdateContest_Failure4" time="0.0"></testcase>
  <testcase classname="com.topcoder.service.studio.contest.bean.ContestManagerBeanUnitTest2" name="testUpdateContest_Failure5" time="0.0"></testcase>
  <testcase classname="com.topcoder.service.studio.contest.bean.ContestManagerBeanUnitTest2" name="testUpdateContest_Failure6" time="0.0"></testcase>
  <testcase classname="com.topcoder.service.studio.contest.bean.ContestManagerBeanUnitTest2" name="testUpdateContest_Failure7" time="0.015"></testcase>
  <testcase classname="com.topcoder.service.studio.contest.bean.ContestManagerBeanUnitTest2" name="testUpdateContest_Failure8" time="0.0"></testcase>
  <testcase classname="com.topcoder.service.studio.contest.bean.ContestManagerBeanUnitTest2" name="testUpdateContest_Failure9" time="0.0"></testcase>
  <testcase classname="com.topcoder.service.studio.contest.bean.ContestManagerBeanUnitTest2" name="testUpdateContest_Failure10" time="0.0"></testcase>
  <testcase classname="com.topcoder.service.studio.contest.bean.ContestManagerBeanUnitTest2" name="testUpdateContest_Failure11" time="0.0"></testcase>
  <testcase classname="com.topcoder.service.studio.contest.bean.ContestManagerBeanUnitTest2" name="testUpdateContest_Failure12" time="0.0"></testcase>
  <testcase classname="com.topcoder.service.studio.contest.bean.ContestManagerBeanUnitTest2" name="testUpdateContestStatus_Failure5" time="0.016"></testcase>
  <testcase classname="com.topcoder.service.studio.contest.bean.ContestManagerBeanUnitTest2" name="testUpdateContestStatus_Failure6" time="0.0"></testcase>
  <testcase classname="com.topcoder.service.studio.contest.bean.ContestManagerBeanUnitTest3" name="testGetDocumentContent_Failure2" time="0.0"></testcase>
  <testcase classname="com.topcoder.service.studio.contest.bean.ContestManagerBeanUnitTest3" name="testExistDocumentContent2" time="0.031"></testcase>
  <testcase classname="com.topcoder.service.studio.contest.documentcontentmanagers.SocketDocumentContentManagerUnitTest" name="testSaveDocumentContent" time="1.0"></testcase>
  <testcase classname="com.topcoder.service.studio.contest.documentcontentmanagers.SocketDocumentContentManagerUnitTest" name="testExistDocumentContent2" time="1.5"></testcase>
  <testcase classname="com.topcoder.service.studio.contest.documentcontentmanagers.SocketDocumentContentManagerUnitTest" name="testCtorMap" time="0.0"></testcase>
  <testcase classname="com.topcoder.service.studio.contest.documentcontentmanagers.SocketDocumentContentManagerUnitTest" name="testCtorMap_Failure1" time="0.0"></testcase>
  <testcase classname="com.topcoder.service.studio.contest.documentcontentmanagers.SocketDocumentContentManagerUnitTest" name="testCtorMap_Failure2" time="0.0"></testcase>
  <testcase classname="com.topcoder.service.studio.contest.documentcontentmanagers.SocketDocumentContentManagerUnitTest" name="testCtorMap_Failure3" time="0.0"></testcase>
  <testcase classname="com.topcoder.service.studio.contest.documentcontentmanagers.SocketDocumentContentManagerUnitTest" name="testCtorMap_Failure4" time="0.0"></testcase>
  <testcase classname="com.topcoder.service.studio.contest.documentcontentmanagers.SocketDocumentContentManagerUnitTest" name="testCtorMap_Failure5" time="0.0"></testcase>
  <testcase classname="com.topcoder.service.studio.contest.documentcontentmanagers.SocketDocumentContentManagerUnitTest" name="testCtorMap_Failure6" time="0.0"></testcase>
  <testcase classname="com.topcoder.service.studio.contest.documentcontentmanagers.SocketDocumentContentManagerUnitTest" name="testCtorMap_Failure7" time="0.0"></testcase>
  <testcase classname="com.topcoder.service.studio.contest.documentcontentmanagers.SocketDocumentContentManagerUnitTest" name="testCtorMap_Failure8" time="0.0"></testcase>
  <testcase classname="com.topcoder.service.studio.contest.documentcontentmanagers.SocketDocumentContentManagerUnitTest" name="testCtorMap_Failure9" time="0.0"></testcase>
  <testcase classname="com.topcoder.service.studio.contest.documentcontentmanagers.SocketDocumentContentManagerUnitTest" name="testCtorMap_Failure10" time="0.016"></testcase>
  <testcase classname="com.topcoder.service.studio.contest.documentcontentmanagers.SocketDocumentContentManagerUnitTest" name="testCtorStringInt" time="0.0"></testcase>
  <testcase classname="com.topcoder.service.studio.contest.documentcontentmanagers.SocketDocumentContentManagerUnitTest" name="testCtorStringInt_Failure1" time="0.0"></testcase>
  <testcase classname="com.topcoder.service.studio.contest.documentcontentmanagers.SocketDocumentContentManagerUnitTest" name="testCtorStringInt_Failure2" time="0.0"></testcase>
  <testcase classname="com.topcoder.service.studio.contest.documentcontentmanagers.SocketDocumentContentManagerUnitTest" name="testCtorStringInt_Failure3" time="0.0"></testcase>
  <testcase classname="com.topcoder.service.studio.contest.documentcontentmanagers.SocketDocumentContentManagerUnitTest" name="testCtorStringInt_Failure4" time="0.0"></testcase>
  <testcase classname="com.topcoder.service.studio.contest.documentcontentmanagers.SocketDocumentContentManagerUnitTest" name="testSaveDocumentContent_Failure" time="1.0"></testcase>
  <testcase classname="com.topcoder.service.studio.contest.documentcontentmanagers.SocketDocumentContentManagerUnitTest" name="testSaveDocumentContest_Failure1" time="0.0"></testcase>
  <testcase classname="com.topcoder.service.studio.contest.documentcontentmanagers.SocketDocumentContentManagerUnitTest" name="testSaveDocumentContest_Failure2" time="0.0"></testcase>
  <testcase classname="com.topcoder.service.studio.contest.documentcontentmanagers.SocketDocumentContentManagerUnitTest" name="testSaveDocumentContest_Failure3" time="0.0"></testcase>
  <testcase classname="com.topcoder.service.studio.contest.documentcontentmanagers.SocketDocumentContentManagerUnitTest" name="testSaveDocumentContest_Failure4" time="1.015"></testcase>
  <testcase classname="com.topcoder.service.studio.contest.documentcontentmanagers.SocketDocumentContentManagerUnitTest" name="testSaveDocumentContest_Failure5" time="1.0"></testcase>
  <testcase classname="com.topcoder.service.studio.contest.documentcontentmanagers.SocketDocumentContentManagerUnitTest" name="testSaveDocumentContest_Failure6" time="1.0"></testcase>
  <testcase classname="com.topcoder.service.studio.contest.documentcontentmanagers.SocketDocumentContentManagerUnitTest" name="testSaveDocumentContest_Failure7" time="1.0"></testcase>
  <testcase classname="com.topcoder.service.studio.contest.documentcontentmanagers.SocketDocumentContentManagerUnitTest" name="testGetDocumentContent1" time="1.5"></testcase>
  <testcase classname="com.topcoder.service.studio.contest.documentcontentmanagers.SocketDocumentContentManagerUnitTest" name="testGetDocumentContent2" time="1.5"></testcase>
  <testcase classname="com.topcoder.service.studio.contest.documentcontentmanagers.SocketDocumentContentManagerUnitTest" name="testGetDocumentContent3" time="1.5"></testcase>
  <testcase classname="com.topcoder.service.studio.contest.documentcontentmanagers.SocketDocumentContentManagerUnitTest" name="testGetDocumentContest_Failure1" time="1.0"></testcase>
  <testcase classname="com.topcoder.service.studio.contest.documentcontentmanagers.SocketDocumentContentManagerUnitTest" name="testGetDocumentContest_Failure2" time="1.0"></testcase>
  <testcase classname="com.topcoder.service.studio.contest.documentcontentmanagers.SocketDocumentContentManagerUnitTest" name="testGetDocumentContest_Failure3" time="1.0"></testcase>
  <testcase classname="com.topcoder.service.studio.contest.documentcontentmanagers.SocketDocumentContentManagerUnitTest" name="testGetDocumentContest_Failure4" time="1.0"></testcase>
  <testcase classname="com.topcoder.service.studio.contest.documentcontentmanagers.SocketDocumentContentManagerUnitTest" name="testGetDocumentContest_Failure5" time="1.0"></testcase>
  <testcase classname="com.topcoder.service.studio.contest.documentcontentmanagers.SocketDocumentContentManagerUnitTest" name="testGetDocumentContest_Failure6" time="1.0"></testcase>
  <testcase classname="com.topcoder.service.studio.contest.documentcontentmanagers.SocketDocumentContentManagerUnitTest" name="testExistDocumentContent1" time="1.5"></testcase>
  <testcase classname="com.topcoder.service.studio.contest.documentcontentmanagers.SocketDocumentContentManagerUnitTest" name="testExistDocumentContest_Failure1" time="1.0"></testcase>
  <testcase classname="com.topcoder.service.studio.contest.documentcontentmanagers.SocketDocumentContentManagerUnitTest" name="testExistDocumentContest_Failure2" time="1.0"></testcase>
  <testcase classname="com.topcoder.service.studio.contest.documentcontentmanagers.SocketDocumentContentManagerUnitTest" name="testExistDocumentContest_Failure3" time="1.0"></testcase>
  <testcase classname="com.topcoder.service.studio.contest.documentcontentservers.InvalidRequestExceptionUnitTest" name="testCtorStr" time="0.0"></testcase>
  <testcase classname="com.topcoder.service.studio.contest.documentcontentservers.InvalidRequestExceptionUnitTest" name="testCtorStr_Null" time="0.0"></testcase>
  <testcase classname="com.topcoder.service.studio.contest.documentcontentservers.InvalidRequestExceptionUnitTest" name="testCtorStrExp" time="0.0"></testcase>
  <testcase classname="com.topcoder.service.studio.contest.documentcontentservers.InvalidRequestExceptionUnitTest" name="testCtorStrExp_Null" time="0.0"></testcase>
  <testcase classname="com.topcoder.service.studio.contest.documentcontentservers.InvalidRequestExceptionUnitTest" name="testCtorStrThrowable" time="0.0"></testcase>
  <testcase classname="com.topcoder.service.studio.contest.documentcontentservers.InvalidRequestExceptionUnitTest" name="testCtorStrThrowable_Null" time="0.0"></testcase>
  <testcase classname="com.topcoder.service.studio.contest.documentcontentservers.InvalidRequestExceptionUnitTest" name="testCtorStrThrowableExp" time="0.0"></testcase>
  <testcase classname="com.topcoder.service.studio.contest.documentcontentservers.InvalidRequestExceptionUnitTest" name="testCtorStrThrowableExp_Null" time="0.0"></testcase>
  <testcase classname="com.topcoder.service.studio.contest.documentcontentservers.SocketDocumentContentServerUnitTest" name="testCtor1" time="0.0"></testcase>
  <testcase classname="com.topcoder.service.studio.contest.documentcontentservers.SocketDocumentContentServerUnitTest" name="testCtor1_Failure" time="0.0"></testcase>
  <testcase classname="com.topcoder.service.studio.contest.documentcontentservers.SocketDocumentContentServerUnitTest" name="testCtor2" time="0.0"></testcase>
  <testcase classname="com.topcoder.service.studio.contest.documentcontentservers.SocketDocumentContentServerUnitTest" name="testCtor2_Failure1" time="0.0"></testcase>
  <testcase classname="com.topcoder.service.studio.contest.documentcontentservers.SocketDocumentContentServerUnitTest" name="testCtor2_Failure2" time="0.0"></testcase>
  <testcase classname="com.topcoder.service.studio.contest.documentcontentservers.SocketDocumentContentServerUnitTest" name="testCtor3" time="0.016"></testcase>
  <testcase classname="com.topcoder.service.studio.contest.documentcontentservers.SocketDocumentContentServerUnitTest" name="testCtor3_Failure1" time="0.0"></testcase>
  <testcase classname="com.topcoder.service.studio.contest.documentcontentservers.SocketDocumentContentServerUnitTest" name="testCtor3_Failure2" time="0.0"></testcase>
  <testcase classname="com.topcoder.service.studio.contest.documentcontentservers.SocketDocumentContentServerUnitTest" name="testCtor4" time="0.0"></testcase>
  <testcase classname="com.topcoder.service.studio.contest.documentcontentservers.SocketDocumentContentServerUnitTest" name="testCtor4_Failure1" time="0.0"></testcase>
  <testcase classname="com.topcoder.service.studio.contest.documentcontentservers.SocketDocumentContentServerUnitTest" name="testCtor4_Failure2" time="0.0"></testcase>
  <testcase classname="com.topcoder.service.studio.contest.documentcontentservers.SocketDocumentContentServerUnitTest" name="testCtor4_Failure3" time="0.0"></testcase>
  <testcase classname="com.topcoder.service.studio.contest.documentcontentservers.SocketDocumentContentServerUnitTest" name="testCtor5" time="0.0"></testcase>
  <testcase classname="com.topcoder.service.studio.contest.documentcontentservers.SocketDocumentContentServerUnitTest" name="testCtor5_Failure" time="0.0"></testcase>
  <testcase classname="com.topcoder.service.studio.contest.documentcontentservers.SocketDocumentContentServerUnitTest" name="testCtor6" time="0.0"></testcase>
  <testcase classname="com.topcoder.service.studio.contest.documentcontentservers.SocketDocumentContentServerUnitTest" name="testCtor6_Failure1" time="0.0"></testcase>
  <testcase classname="com.topcoder.service.studio.contest.documentcontentservers.SocketDocumentContentServerUnitTest" name="testCtor6_Failure2" time="0.0"></testcase>
  <testcase classname="com.topcoder.service.studio.contest.documentcontentservers.SocketDocumentContentServerUnitTest" name="testStart" time="0.016"></testcase>
  <testcase classname="com.topcoder.service.studio.contest.documentcontentservers.SocketDocumentContentServerUnitTest" name="testStart_Failure1" time="0.015"></testcase>
  <testcase classname="com.topcoder.service.studio.contest.documentcontentservers.SocketDocumentContentServerUnitTest" name="testStop" time="0.016"></testcase>
  <testcase classname="com.topcoder.service.studio.contest.documentcontentservers.SocketDocumentContentServerUnitTest" name="testIsRunning" time="1.0"></testcase>
  <testcase classname="com.topcoder.service.studio.contest.documentcontentservers.SocketDocumentContentServerUnitTest" name="testGetLastException" time="3.0"></testcase>
  <testcase classname="com.topcoder.service.studio.contest.documentcontentservers.SocketDocumentContentServerUnitTest" name="testWorkerThread_Failure1" time="1.0"></testcase>
  <testcase classname="com.topcoder.service.studio.contest.documentcontentservers.SocketDocumentContentServerUnitTest" name="testWorkerThread_Failure2" time="1.016"></testcase>
  <testcase classname="com.topcoder.service.studio.contest.documentcontentservers.SocketDocumentContentServerUnitTest" name="testWorkerThread_Failure3" time="1.015"></testcase>
  <testcase classname="com.topcoder.service.studio.contest.documentcontentservers.SocketDocumentContentServerUnitTest" name="testWorkerThread_SaveDocumentContent" time="1.0"></testcase>
  <testcase classname="com.topcoder.service.studio.contest.documentcontentservers.SocketDocumentContentServerUnitTest" name="testWorkerThread_SaveDocumentContent_Failure1" time="1.0"></testcase>
  <testcase classname="com.topcoder.service.studio.contest.documentcontentservers.SocketDocumentContentServerUnitTest" name="testWorkerThread_SaveDocumentContent_Failure2" time="1.0"></testcase>
  <testcase classname="com.topcoder.service.studio.contest.documentcontentservers.SocketDocumentContentServerUnitTest" name="testWorkerThread_GetDocumentContent" time="1.0"></testcase>
  <testcase classname="com.topcoder.service.studio.contest.documentcontentservers.SocketDocumentContentServerUnitTest" name="testWorkerThread_GetDocumentContent_UnExist" time="1.0"></testcase>
  <testcase classname="com.topcoder.service.studio.contest.documentcontentservers.SocketDocumentContentServerUnitTest" name="testWorkerThread_ExistDocumentContent_Exist" time="1.0"></testcase>
  <testcase classname="com.topcoder.service.studio.contest.documentcontentservers.SocketDocumentContentServerUnitTest" name="testWorkerThread_ExistDocumentContent_UnExist" time="1.0"></testcase>
  <system-out><![CDATA[Hibernate: select max(file_type_id) from file_type_lu
Hibernate: select max(contest_channel_id) from contest_channel_lu
Hibernate: select max(contest_type_id) from contest_type_lu
Hibernate: select max(contest_status_id) from contest_status_lu
Hibernate: /* insert com.topcoder.service.studio.contest.StudioFileType */ insert into file_type_lu (sort, image_file_ind, file_type_desc, extension, file_type_id) values (?, ?, ?, ?, ?)
Hibernate: /* insert com.topcoder.service.studio.contest.ContestChannel */ insert into contest_channel_lu (channel_description, file_type_id, channel_name, parent_channel, contest_channel_id) values (?, ?, ?, ?, ?)
Hibernate: /* insert com.topcoder.service.studio.contest.ContestType */ insert into contest_type_lu (contest_type_desc, require_preview_file, require_preview_image, contest_type_id) values (?, ?, ?, ?)
Hibernate: /* insert com.topcoder.service.studio.contest.ContestStatus */ insert into contest_status_lu (contest_status_desc, name, contest_status_id) values (?, ?, ?)
Hibernate: /* insert com.topcoder.service.studio.contest.ContestStatus */ insert into contest_status_lu (contest_status_desc, name, contest_status_id) values (?, ?, ?)
Hibernate: select max(contest_id) from contest
Hibernate: /* insert com.topcoder.service.studio.contest.Contest */ insert into contest (contest_channel_id, name, contest_type_id, project_id, tc_direct_project_id, contest_status_id, forum_id, event_id, start_time, end_date, winner_annoucement_deadline, creator_user_id, contest_id) values (?, ?, ?, ?, ?, ?, ?, ?, ?, ?, ?, ?, ?)
Hibernate: /* insert com.topcoder.service.studio.contest.Contest */ insert into contest (contest_channel_id, name, contest_type_id, project_id, tc_direct_project_id, contest_status_id, forum_id, event_id, start_time, end_date, winner_annoucement_deadline, creator_user_id, contest_id) values (?, ?, ?, ?, ?, ?, ?, ?, ?, ?, ?, ?, ?)
[Enter method: getAllContests()]
Hibernate: /* select c from Contest c */ select contest0_.contest_id as contest1_18_, contest0_.contest_channel_id as contest2_18_, contest0_.name as name18_, contest0_.contest_type_id as contest4_18_, contest0_.project_id as project5_18_, contest0_.tc_direct_project_id as tc6_18_, contest0_.contest_status_id as contest7_18_, contest0_.forum_id as forum8_18_, contest0_.event_id as event9_18_, contest0_.start_time as start10_18_, contest0_.end_date as end11_18_, contest0_.winner_annoucement_deadline as winner12_18_, contest0_.creator_user_id as creator13_18_ from contest contest0_
[Exit method: getAllContests()]
Hibernate: /* delete com.topcoder.service.studio.contest.Contest */ delete from contest where contest_id=?
Hibernate: /* delete com.topcoder.service.studio.contest.Contest */ delete from contest where contest_id=?
Hibernate: /* delete com.topcoder.service.studio.contest.ContestStatus */ delete from contest_status_lu where contest_status_id=?
Hibernate: /* delete com.topcoder.service.studio.contest.ContestStatus */ delete from contest_status_lu where contest_status_id=?
Hibernate: /* delete com.topcoder.service.studio.contest.ContestType */ delete from contest_type_lu where contest_type_id=?
Hibernate: /* delete com.topcoder.service.studio.contest.ContestChannel */ delete from contest_channel_lu where contest_channel_id=?
Hibernate: /* delete com.topcoder.service.studio.contest.StudioFileType */ delete from file_type_lu where file_type_id=?
[Enter method: getAllContests()]
There are errors while persisting the entity.
com.topcoder.service.studio.contest.ContestManagementException: There are errors while persisting the entity.
	at com.topcoder.service.studio.contest.bean.ContestManagerBean.wrapContestManagementException(ContestManagerBean.java:2119)
	at com.topcoder.service.studio.contest.bean.ContestManagerBean.getAllContests(ContestManagerBean.java:1931)
	at com.topcoder.service.studio.contest.bean.ContestManagerBeanUnitTest4.testGetAllContests_Failure1(ContestManagerBeanUnitTest4.java:162)
	at sun.reflect.NativeMethodAccessorImpl.invoke0(Native Method)
	at sun.reflect.NativeMethodAccessorImpl.invoke(NativeMethodAccessorImpl.java:39)
	at sun.reflect.DelegatingMethodAccessorImpl.invoke(DelegatingMethodAccessorImpl.java:25)
	at java.lang.reflect.Method.invoke(Method.java:585)
	at junit.framework.TestCase.runTest(TestCase.java:154)
	at junit.framework.TestCase.runBare(TestCase.java:127)
	at junit.framework.TestResult$1.protect(TestResult.java:106)
	at junit.framework.TestResult.runProtected(TestResult.java:124)
	at junit.framework.TestResult.run(TestResult.java:109)
	at junit.framework.TestCase.run(TestCase.java:118)
	at junit.framework.TestSuite.runTest(TestSuite.java:208)
	at junit.framework.TestSuite.run(TestSuite.java:203)
	at junit.framework.TestSuite.runTest(TestSuite.java:208)
	at junit.framework.TestSuite.run(TestSuite.java:203)
	at org.apache.tools.ant.taskdefs.optional.junit.JUnitTestRunner.run(JUnitTestRunner.java:297)
	at org.apache.tools.ant.taskdefs.optional.junit.JUnitTestRunner.launch(JUnitTestRunner.java:672)
	at org.apache.tools.ant.taskdefs.optional.junit.JUnitTestRunner.main(JUnitTestRunner.java:567)
Caused by: javax.persistence.TransactionRequiredException
	at com.topcoder.service.studio.contest.bean.MockEntityManager.createQuery(MockEntityManager.java:252)
	at com.topcoder.service.studio.contest.bean.ContestManagerBean.getAllContests(ContestManagerBean.java:1921)
	... 18 more
[Exit method: getAllContests()]
[Enter method: getAllContests()]
There are errors while persisting the entity.
com.topcoder.service.studio.contest.ContestManagementException: There are errors while persisting the entity.
	at com.topcoder.service.studio.contest.bean.ContestManagerBean.wrapContestManagementException(ContestManagerBean.java:2119)
	at com.topcoder.service.studio.contest.bean.ContestManagerBean.getAllContests(ContestManagerBean.java:1931)
	at com.topcoder.service.studio.contest.bean.ContestManagerBeanUnitTest4.testGetAllContests_Failure2(ContestManagerBeanUnitTest4.java:183)
	at sun.reflect.NativeMethodAccessorImpl.invoke0(Native Method)
	at sun.reflect.NativeMethodAccessorImpl.invoke(NativeMethodAccessorImpl.java:39)
	at sun.reflect.DelegatingMethodAccessorImpl.invoke(DelegatingMethodAccessorImpl.java:25)
	at java.lang.reflect.Method.invoke(Method.java:585)
	at junit.framework.TestCase.runTest(TestCase.java:154)
	at junit.framework.TestCase.runBare(TestCase.java:127)
	at junit.framework.TestResult$1.protect(TestResult.java:106)
	at junit.framework.TestResult.runProtected(TestResult.java:124)
	at junit.framework.TestResult.run(TestResult.java:109)
	at junit.framework.TestCase.run(TestCase.java:118)
	at junit.framework.TestSuite.runTest(TestSuite.java:208)
	at junit.framework.TestSuite.run(TestSuite.java:203)
	at junit.framework.TestSuite.runTest(TestSuite.java:208)
	at junit.framework.TestSuite.run(TestSuite.java:203)
	at org.apache.tools.ant.taskdefs.optional.junit.JUnitTestRunner.run(JUnitTestRunner.java:297)
	at org.apache.tools.ant.taskdefs.optional.junit.JUnitTestRunner.launch(JUnitTestRunner.java:672)
	at org.apache.tools.ant.taskdefs.optional.junit.JUnitTestRunner.main(JUnitTestRunner.java:567)
Caused by: javax.persistence.PersistenceException
	at com.topcoder.service.studio.contest.bean.MockEntityManager.createQuery(MockEntityManager.java:248)
	at com.topcoder.service.studio.contest.bean.ContestManagerBean.getAllContests(ContestManagerBean.java:1921)
	... 18 more
[Exit method: getAllContests()]
Hibernate: /* insert com.topcoder.service.studio.contest.StudioFileType */ insert into file_type_lu (sort, image_file_ind, file_type_desc, extension, file_type_id) values (?, ?, ?, ?, ?)
Hibernate: /* insert com.topcoder.service.studio.contest.ContestChannel */ insert into contest_channel_lu (channel_description, file_type_id, channel_name, parent_channel, contest_channel_id) values (?, ?, ?, ?, ?)
Hibernate: /* insert com.topcoder.service.studio.contest.ContestType */ insert into contest_type_lu (contest_type_desc, require_preview_file, require_preview_image, contest_type_id) values (?, ?, ?, ?)
Hibernate: /* insert com.topcoder.service.studio.contest.ContestStatus */ insert into contest_status_lu (contest_status_desc, name, contest_status_id) values (?, ?, ?)
Hibernate: /* insert com.topcoder.service.studio.contest.ContestStatus */ insert into contest_status_lu (contest_status_desc, name, contest_status_id) values (?, ?, ?)
Hibernate: /* insert com.topcoder.service.studio.contest.Contest */ insert into contest (contest_channel_id, name, contest_type_id, project_id, tc_direct_project_id, contest_status_id, forum_id, event_id, start_time, end_date, winner_annoucement_deadline, creator_user_id, contest_id) values (?, ?, ?, ?, ?, ?, ?, ?, ?, ?, ?, ?, ?)
Hibernate: /* insert com.topcoder.service.studio.contest.Contest */ insert into contest (contest_channel_id, name, contest_type_id, project_id, tc_direct_project_id, contest_status_id, forum_id, event_id, start_time, end_date, winner_annoucement_deadline, creator_user_id, contest_id) values (?, ?, ?, ?, ?, ?, ?, ?, ?, ?, ?, ?, ?)
[Enter method: searchContests()]
Hibernate: /* dynamic native SQL query */ SELECT contest.contest_id,contest.contest_channel_id,contest.name,contest.contest_type_id, contest.project_id,contest.tc_direct_project_id,contest.contest_status_id,contest.forum_id, contest.event_id,contest.start_time,contest.end_date,contest.winner_annoucement_deadline, contest.creator_user_id FROM contest  JOIN contest_channel_lu ON contest.contest_channel_id = contest_channel_lu.contest_channel_id JOIN file_type_lu ON contest_channel_lu.file_type_id = file_type_lu.file_type_id JOIN contest_status_lu ON contest.contest_status_id = contest_status_lu.contest_status_id WHERE contest.tc_direct_project_id = ?
[Exit method: searchContests()]
Hibernate: /* delete com.topcoder.service.studio.contest.Contest */ delete from contest where contest_id=?
Hibernate: /* delete com.topcoder.service.studio.contest.Contest */ delete from contest where contest_id=?
Hibernate: /* delete com.topcoder.service.studio.contest.ContestStatus */ delete from contest_status_lu where contest_status_id=?
Hibernate: /* delete com.topcoder.service.studio.contest.ContestStatus */ delete from contest_status_lu where contest_status_id=?
Hibernate: /* delete com.topcoder.service.studio.contest.ContestType */ delete from contest_type_lu where contest_type_id=?
Hibernate: /* delete com.topcoder.service.studio.contest.ContestChannel */ delete from contest_channel_lu where contest_channel_id=?
Hibernate: /* delete com.topcoder.service.studio.contest.StudioFileType */ delete from file_type_lu where file_type_id=?
Hibernate: /* insert com.topcoder.service.studio.contest.StudioFileType */ insert into file_type_lu (sort, image_file_ind, file_type_desc, extension, file_type_id) values (?, ?, ?, ?, ?)
Hibernate: /* insert com.topcoder.service.studio.contest.ContestChannel */ insert into contest_channel_lu (channel_description, file_type_id, channel_name, parent_channel, contest_channel_id) values (?, ?, ?, ?, ?)
Hibernate: /* insert com.topcoder.service.studio.contest.ContestType */ insert into contest_type_lu (contest_type_desc, require_preview_file, require_preview_image, contest_type_id) values (?, ?, ?, ?)
Hibernate: /* insert com.topcoder.service.studio.contest.ContestStatus */ insert into contest_status_lu (contest_status_desc, name, contest_status_id) values (?, ?, ?)
Hibernate: /* insert com.topcoder.service.studio.contest.ContestStatus */ insert into contest_status_lu (contest_status_desc, name, contest_status_id) values (?, ?, ?)
Hibernate: /* insert com.topcoder.service.studio.contest.Contest */ insert into contest (contest_channel_id, name, contest_type_id, project_id, tc_direct_project_id, contest_status_id, forum_id, event_id, start_time, end_date, winner_annoucement_deadline, creator_user_id, contest_id) values (?, ?, ?, ?, ?, ?, ?, ?, ?, ?, ?, ?, ?)
Hibernate: /* insert com.topcoder.service.studio.contest.Contest */ insert into contest (contest_channel_id, name, contest_type_id, project_id, tc_direct_project_id, contest_status_id, forum_id, event_id, start_time, end_date, winner_annoucement_deadline, creator_user_id, contest_id) values (?, ?, ?, ?, ?, ?, ?, ?, ?, ?, ?, ?, ?)
[Enter method: searchContests()]
Hibernate: /* dynamic native SQL query */ SELECT contest.contest_id,contest.contest_channel_id,contest.name,contest.contest_type_id, contest.project_id,contest.tc_direct_project_id,contest.contest_status_id,contest.forum_id, contest.event_id,contest.start_time,contest.end_date,contest.winner_annoucement_deadline, contest.creator_user_id FROM contest  JOIN contest_channel_lu ON contest.contest_channel_id = contest_channel_lu.contest_channel_id JOIN file_type_lu ON contest_channel_lu.file_type_id = file_type_lu.file_type_id JOIN contest_status_lu ON contest.contest_status_id = contest_status_lu.contest_status_id WHERE (contest.name = ? AND contest.forum_id = ? AND contest.tc_direct_project_id = ?)
[Exit method: searchContests()]
Hibernate: /* delete com.topcoder.service.studio.contest.Contest */ delete from contest where contest_id=?
Hibernate: /* delete com.topcoder.service.studio.contest.Contest */ delete from contest where contest_id=?
Hibernate: /* delete com.topcoder.service.studio.contest.ContestStatus */ delete from contest_status_lu where contest_status_id=?
Hibernate: /* delete com.topcoder.service.studio.contest.ContestStatus */ delete from contest_status_lu where contest_status_id=?
Hibernate: /* delete com.topcoder.service.studio.contest.ContestType */ delete from contest_type_lu where contest_type_id=?
Hibernate: /* delete com.topcoder.service.studio.contest.ContestChannel */ delete from contest_channel_lu where contest_channel_id=?
Hibernate: /* delete com.topcoder.service.studio.contest.StudioFileType */ delete from file_type_lu where file_type_id=?
Hibernate: /* insert com.topcoder.service.studio.contest.StudioFileType */ insert into file_type_lu (sort, image_file_ind, file_type_desc, extension, file_type_id) values (?, ?, ?, ?, ?)
Hibernate: /* insert com.topcoder.service.studio.contest.ContestChannel */ insert into contest_channel_lu (channel_description, file_type_id, channel_name, parent_channel, contest_channel_id) values (?, ?, ?, ?, ?)
Hibernate: /* insert com.topcoder.service.studio.contest.ContestType */ insert into contest_type_lu (contest_type_desc, require_preview_file, require_preview_image, contest_type_id) values (?, ?, ?, ?)
Hibernate: /* insert com.topcoder.service.studio.contest.ContestStatus */ insert into contest_status_lu (contest_status_desc, name, contest_status_id) values (?, ?, ?)
Hibernate: /* insert com.topcoder.service.studio.contest.ContestStatus */ insert into contest_status_lu (contest_status_desc, name, contest_status_id) values (?, ?, ?)
Hibernate: /* insert com.topcoder.service.studio.contest.Contest */ insert into contest (contest_channel_id, name, contest_type_id, project_id, tc_direct_project_id, contest_status_id, forum_id, event_id, start_time, end_date, winner_annoucement_deadline, creator_user_id, contest_id) values (?, ?, ?, ?, ?, ?, ?, ?, ?, ?, ?, ?, ?)
Hibernate: /* insert com.topcoder.service.studio.contest.Contest */ insert into contest (contest_channel_id, name, contest_type_id, project_id, tc_direct_project_id, contest_status_id, forum_id, event_id, start_time, end_date, winner_annoucement_deadline, creator_user_id, contest_id) values (?, ?, ?, ?, ?, ?, ?, ?, ?, ?, ?, ?, ?)
[Enter method: searchContests()]
Hibernate: /* dynamic native SQL query */ SELECT contest.contest_id,contest.contest_channel_id,contest.name,contest.contest_type_id, contest.project_id,contest.tc_direct_project_id,contest.contest_status_id,contest.forum_id, contest.event_id,contest.start_time,contest.end_date,contest.winner_annoucement_deadline, contest.creator_user_id FROM contest  JOIN contest_channel_lu ON contest.contest_channel_id = contest_channel_lu.contest_channel_id JOIN file_type_lu ON contest_channel_lu.file_type_id = file_type_lu.file_type_id JOIN contest_status_lu ON contest.contest_status_id = contest_status_lu.contest_status_id WHERE ((contest.name = ? AND contest.forum_id = ? AND contest.tc_direct_project_id = ?) OR contest_channel_lu.channel_name = ?)
[Exit method: searchContests()]
Hibernate: /* delete com.topcoder.service.studio.contest.Contest */ delete from contest where contest_id=?
Hibernate: /* delete com.topcoder.service.studio.contest.Contest */ delete from contest where contest_id=?
Hibernate: /* delete com.topcoder.service.studio.contest.ContestStatus */ delete from contest_status_lu where contest_status_id=?
Hibernate: /* delete com.topcoder.service.studio.contest.ContestStatus */ delete from contest_status_lu where contest_status_id=?
Hibernate: /* delete com.topcoder.service.studio.contest.ContestType */ delete from contest_type_lu where contest_type_id=?
Hibernate: /* delete com.topcoder.service.studio.contest.ContestChannel */ delete from contest_channel_lu where contest_channel_id=?
Hibernate: /* delete com.topcoder.service.studio.contest.StudioFileType */ delete from file_type_lu where file_type_id=?
[Enter method: searchContests()]
[Exit method: searchContests()]
[Enter method: searchContests()]
There are errors while persisting the entity.
com.topcoder.service.studio.contest.ContestManagementException: There are errors while persisting the entity.
	at com.topcoder.service.studio.contest.bean.ContestManagerBean.wrapContestManagementException(ContestManagerBean.java:2119)
	at com.topcoder.service.studio.contest.bean.ContestManagerBean.searchContests(ContestManagerBean.java:1977)
	at com.topcoder.service.studio.contest.bean.ContestManagerBeanUnitTest4.testSearchContests_Failure2(ContestManagerBeanUnitTest4.java:278)
	at sun.reflect.NativeMethodAccessorImpl.invoke0(Native Method)
	at sun.reflect.NativeMethodAccessorImpl.invoke(NativeMethodAccessorImpl.java:39)
	at sun.reflect.DelegatingMethodAccessorImpl.invoke(DelegatingMethodAccessorImpl.java:25)
	at java.lang.reflect.Method.invoke(Method.java:585)
	at junit.framework.TestCase.runTest(TestCase.java:154)
	at junit.framework.TestCase.runBare(TestCase.java:127)
	at junit.framework.TestResult$1.protect(TestResult.java:106)
	at junit.framework.TestResult.runProtected(TestResult.java:124)
	at junit.framework.TestResult.run(TestResult.java:109)
	at junit.framework.TestCase.run(TestCase.java:118)
	at junit.framework.TestSuite.runTest(TestSuite.java:208)
	at junit.framework.TestSuite.run(TestSuite.java:203)
	at junit.framework.TestSuite.runTest(TestSuite.java:208)
	at junit.framework.TestSuite.run(TestSuite.java:203)
	at org.apache.tools.ant.taskdefs.optional.junit.JUnitTestRunner.run(JUnitTestRunner.java:297)
	at org.apache.tools.ant.taskdefs.optional.junit.JUnitTestRunner.launch(JUnitTestRunner.java:672)
	at org.apache.tools.ant.taskdefs.optional.junit.JUnitTestRunner.main(JUnitTestRunner.java:567)
Caused by: javax.persistence.PersistenceException
	at com.topcoder.service.studio.contest.bean.MockEntityManager.createNativeQuery(MockEntityManager.java:309)
	at com.topcoder.service.studio.contest.bean.ContestManagerBean.searchContests(ContestManagerBean.java:1959)
	... 18 more
[Exit method: searchContests()]
[Enter method: createContest()]
[param1: null]
[Exit method: createContest()]
[Enter method: getContest()]
[param1: 9]
[Exit method: getContest()]
[Enter method: createContest()]
[param1: null]
[Exit method: createContest()]
[Enter method: createContest()]
[param1: 10]
[Enter method: getContest()]
[param1: 10]
[Exit method: getContest()]
The contest already exist.
com.topcoder.service.studio.contest.EntityAlreadyExistsException: The contest already exist.
	at com.topcoder.service.studio.contest.bean.ContestManagerBean.createContest(ContestManagerBean.java:353)
	at com.topcoder.service.studio.contest.bean.ContestManagerBeanUnitTest1.testCreateContest_Failure2(ContestManagerBeanUnitTest1.java:631)
	at sun.reflect.NativeMethodAccessorImpl.invoke0(Native Method)
	at sun.reflect.NativeMethodAccessorImpl.invoke(NativeMethodAccessorImpl.java:39)
	at sun.reflect.DelegatingMethodAccessorImpl.invoke(DelegatingMethodAccessorImpl.java:25)
	at java.lang.reflect.Method.invoke(Method.java:585)
	at junit.framework.TestCase.runTest(TestCase.java:154)
	at junit.framework.TestCase.runBare(TestCase.java:127)
	at junit.framework.TestResult$1.protect(TestResult.java:106)
	at junit.framework.TestResult.runProtected(TestResult.java:124)
	at junit.framework.TestResult.run(TestResult.java:109)
	at junit.framework.TestCase.run(TestCase.java:118)
	at junit.framework.TestSuite.runTest(TestSuite.java:208)
	at junit.framework.TestSuite.run(TestSuite.java:203)
	at junit.framework.TestSuite.runTest(TestSuite.java:208)
	at junit.framework.TestSuite.run(TestSuite.java:203)
	at org.apache.tools.ant.taskdefs.optional.junit.JUnitTestRunner.run(JUnitTestRunner.java:297)
	at org.apache.tools.ant.taskdefs.optional.junit.JUnitTestRunner.launch(JUnitTestRunner.java:672)
	at org.apache.tools.ant.taskdefs.optional.junit.JUnitTestRunner.main(JUnitTestRunner.java:567)
[Exit method: createContest()]
[Enter method: createContest()]
[param1: null]
The EntityManager is closed.
com.topcoder.service.studio.contest.ContestManagementException: The EntityManager is closed.
	at com.topcoder.service.studio.contest.bean.ContestManagerBean.wrapContestManagementException(ContestManagerBean.java:2119)
	at com.topcoder.service.studio.contest.bean.ContestManagerBean.createContest(ContestManagerBean.java:365)
	at com.topcoder.service.studio.contest.bean.ContestManagerBeanUnitTest1.testCreateContest_Failure3(ContestManagerBeanUnitTest1.java:658)
	at sun.reflect.NativeMethodAccessorImpl.invoke0(Native Method)
	at sun.reflect.NativeMethodAccessorImpl.invoke(NativeMethodAccessorImpl.java:39)
	at sun.reflect.DelegatingMethodAccessorImpl.invoke(DelegatingMethodAccessorImpl.java:25)
	at java.lang.reflect.Method.invoke(Method.java:585)
	at junit.framework.TestCase.runTest(TestCase.java:154)
	at junit.framework.TestCase.runBare(TestCase.java:127)
	at junit.framework.TestResult$1.protect(TestResult.java:106)
	at junit.framework.TestResult.runProtected(TestResult.java:124)
	at junit.framework.TestResult.run(TestResult.java:109)
	at junit.framework.TestCase.run(TestCase.java:118)
	at junit.framework.TestSuite.runTest(TestSuite.java:208)
	at junit.framework.TestSuite.run(TestSuite.java:203)
	at junit.framework.TestSuite.runTest(TestSuite.java:208)
	at junit.framework.TestSuite.run(TestSuite.java:203)
	at org.apache.tools.ant.taskdefs.optional.junit.JUnitTestRunner.run(JUnitTestRunner.java:297)
	at org.apache.tools.ant.taskdefs.optional.junit.JUnitTestRunner.launch(JUnitTestRunner.java:672)
	at org.apache.tools.ant.taskdefs.optional.junit.JUnitTestRunner.main(JUnitTestRunner.java:567)
Caused by: java.lang.IllegalStateException: EntityManager is closed
	at org.hibernate.ejb.EntityManagerImpl.getSession(EntityManagerImpl.java:42)
	at org.hibernate.ejb.AbstractEntityManagerImpl.persist(AbstractEntityManagerImpl.java:212)
	at com.topcoder.service.studio.contest.bean.MockEntityManager.persist(MockEntityManager.java:84)
	at com.topcoder.service.studio.contest.bean.ContestManagerBean.createContest(ContestManagerBean.java:361)
	... 18 more
[Exit method: createContest()]
[Enter method: createContest()]
[param1: null]
There are errors while persisting the entity.
com.topcoder.service.studio.contest.ContestManagementException: There are errors while persisting the entity.
	at com.topcoder.service.studio.contest.bean.ContestManagerBean.wrapContestManagementException(ContestManagerBean.java:2119)
	at com.topcoder.service.studio.contest.bean.ContestManagerBean.createContest(ContestManagerBean.java:369)
	at com.topcoder.service.studio.contest.bean.ContestManagerBeanUnitTest1.testCreateContest_Failure4(ContestManagerBeanUnitTest1.java:685)
	at sun.reflect.NativeMethodAccessorImpl.invoke0(Native Method)
	at sun.reflect.NativeMethodAccessorImpl.invoke(NativeMethodAccessorImpl.java:39)
	at sun.reflect.DelegatingMethodAccessorImpl.invoke(DelegatingMethodAccessorImpl.java:25)
	at java.lang.reflect.Method.invoke(Method.java:585)
	at junit.framework.TestCase.runTest(TestCase.java:154)
	at junit.framework.TestCase.runBare(TestCase.java:127)
	at junit.framework.TestResult$1.protect(TestResult.java:106)
	at junit.framework.TestResult.runProtected(TestResult.java:124)
	at junit.framework.TestResult.run(TestResult.java:109)
	at junit.framework.TestCase.run(TestCase.java:118)
	at junit.framework.TestSuite.runTest(TestSuite.java:208)
	at junit.framework.TestSuite.run(TestSuite.java:203)
	at junit.framework.TestSuite.runTest(TestSuite.java:208)
	at junit.framework.TestSuite.run(TestSuite.java:203)
	at org.apache.tools.ant.taskdefs.optional.junit.JUnitTestRunner.run(JUnitTestRunner.java:297)
	at org.apache.tools.ant.taskdefs.optional.junit.JUnitTestRunner.launch(JUnitTestRunner.java:672)
	at org.apache.tools.ant.taskdefs.optional.junit.JUnitTestRunner.main(JUnitTestRunner.java:567)
Caused by: javax.persistence.PersistenceException
	at com.topcoder.service.studio.contest.bean.MockEntityManager.persist(MockEntityManager.java:77)
	at com.topcoder.service.studio.contest.bean.ContestManagerBean.createContest(ContestManagerBean.java:361)
	... 18 more
[Exit method: createContest()]
[Enter method: createContest()]
[param1: null]
This method is required to run in transaction.
com.topcoder.service.studio.contest.ContestManagementException: This method is required to run in transaction.
	at com.topcoder.service.studio.contest.bean.ContestManagerBean.wrapContestManagementException(ContestManagerBean.java:2119)
	at com.topcoder.service.studio.contest.bean.ContestManagerBean.createContest(ContestManagerBean.java:367)
	at com.topcoder.service.studio.contest.bean.ContestManagerBeanUnitTest1.testCreateContest_Failure5(ContestManagerBeanUnitTest1.java:712)
	at sun.reflect.NativeMethodAccessorImpl.invoke0(Native Method)
	at sun.reflect.NativeMethodAccessorImpl.invoke(NativeMethodAccessorImpl.java:39)
	at sun.reflect.DelegatingMethodAccessorImpl.invoke(DelegatingMethodAccessorImpl.java:25)
	at java.lang.reflect.Method.invoke(Method.java:585)
	at junit.framework.TestCase.runTest(TestCase.java:154)
	at junit.framework.TestCase.runBare(TestCase.java:127)
	at junit.framework.TestResult$1.protect(TestResult.java:106)
	at junit.framework.TestResult.runProtected(TestResult.java:124)
	at junit.framework.TestResult.run(TestResult.java:109)
	at junit.framework.TestCase.run(TestCase.java:118)
	at junit.framework.TestSuite.runTest(TestSuite.java:208)
	at junit.framework.TestSuite.run(TestSuite.java:203)
	at junit.framework.TestSuite.runTest(TestSuite.java:208)
	at junit.framework.TestSuite.run(TestSuite.java:203)
	at org.apache.tools.ant.taskdefs.optional.junit.JUnitTestRunner.run(JUnitTestRunner.java:297)
	at org.apache.tools.ant.taskdefs.optional.junit.JUnitTestRunner.launch(JUnitTestRunner.java:672)
	at org.apache.tools.ant.taskdefs.optional.junit.JUnitTestRunner.main(JUnitTestRunner.java:567)
Caused by: javax.persistence.TransactionRequiredException
	at com.topcoder.service.studio.contest.bean.MockEntityManager.persist(MockEntityManager.java:81)
	at com.topcoder.service.studio.contest.bean.ContestManagerBean.createContest(ContestManagerBean.java:361)
	... 18 more
[Exit method: createContest()]
[Enter method: getContest()]
[param1: 1,000]
Hibernate: /* load com.topcoder.service.studio.contest.Contest */ select contest0_.contest_id as contest1_18_0_, contest0_.contest_channel_id as contest2_18_0_, contest0_.name as name18_0_, contest0_.contest_type_id as contest4_18_0_, contest0_.project_id as project5_18_0_, contest0_.tc_direct_project_id as tc6_18_0_, contest0_.contest_status_id as contest7_18_0_, contest0_.forum_id as forum8_18_0_, contest0_.event_id as event9_18_0_, contest0_.start_time as start10_18_0_, contest0_.end_date as end11_18_0_, contest0_.winner_annoucement_deadline as winner12_18_0_, contest0_.creator_user_id as creator13_18_0_ from contest contest0_ where contest0_.contest_id=?
[Exit method: getContest()]
[Enter method: createContest()]
[param1: null]
[Exit method: createContest()]
[Enter method: getContest()]
[param1: 11]
[Exit method: getContest()]
[Enter method: getContest()]
[param1: 1,000]
The EntityManager is closed.
com.topcoder.service.studio.contest.ContestManagementException: The EntityManager is closed.
	at com.topcoder.service.studio.contest.bean.ContestManagerBean.wrapContestManagementException(ContestManagerBean.java:2119)
	at com.topcoder.service.studio.contest.bean.ContestManagerBean.getContest(ContestManagerBean.java:395)
	at com.topcoder.service.studio.contest.bean.ContestManagerBeanUnitTest1.testGetContest_Failure1(ContestManagerBeanUnitTest1.java:781)
	at sun.reflect.NativeMethodAccessorImpl.invoke0(Native Method)
	at sun.reflect.NativeMethodAccessorImpl.invoke(NativeMethodAccessorImpl.java:39)
	at sun.reflect.DelegatingMethodAccessorImpl.invoke(DelegatingMethodAccessorImpl.java:25)
	at java.lang.reflect.Method.invoke(Method.java:585)
	at junit.framework.TestCase.runTest(TestCase.java:154)
	at junit.framework.TestCase.runBare(TestCase.java:127)
	at junit.framework.TestResult$1.protect(TestResult.java:106)
	at junit.framework.TestResult.runProtected(TestResult.java:124)
	at junit.framework.TestResult.run(TestResult.java:109)
	at junit.framework.TestCase.run(TestCase.java:118)
	at junit.framework.TestSuite.runTest(TestSuite.java:208)
	at junit.framework.TestSuite.run(TestSuite.java:203)
	at junit.framework.TestSuite.runTest(TestSuite.java:208)
	at junit.framework.TestSuite.run(TestSuite.java:203)
	at org.apache.tools.ant.taskdefs.optional.junit.JUnitTestRunner.run(JUnitTestRunner.java:297)
	at org.apache.tools.ant.taskdefs.optional.junit.JUnitTestRunner.launch(JUnitTestRunner.java:672)
	at org.apache.tools.ant.taskdefs.optional.junit.JUnitTestRunner.main(JUnitTestRunner.java:567)
Caused by: java.lang.IllegalStateException: EntityManager is closed
	at org.hibernate.ejb.EntityManagerImpl.getSession(EntityManagerImpl.java:42)
	at org.hibernate.ejb.AbstractEntityManagerImpl.find(AbstractEntityManagerImpl.java:174)
	at com.topcoder.service.studio.contest.bean.MockEntityManager.find(MockEntityManager.java:146)
	at com.topcoder.service.studio.contest.bean.ContestManagerBean.getContest(ContestManagerBean.java:393)
	... 18 more
[Exit method: getContest()]
[Enter method: getContest()]
[param1: 1,000]
There are errors while persisting the entity.
com.topcoder.service.studio.contest.ContestManagementException: There are errors while persisting the entity.
	at com.topcoder.service.studio.contest.bean.ContestManagerBean.wrapContestManagementException(ContestManagerBean.java:2119)
	at com.topcoder.service.studio.contest.bean.ContestManagerBean.getContest(ContestManagerBean.java:397)
	at com.topcoder.service.studio.contest.bean.ContestManagerBeanUnitTest1.testGetContest_Failure2(ContestManagerBeanUnitTest1.java:806)
	at sun.reflect.NativeMethodAccessorImpl.invoke0(Native Method)
	at sun.reflect.NativeMethodAccessorImpl.invoke(NativeMethodAccessorImpl.java:39)
	at sun.reflect.DelegatingMethodAccessorImpl.invoke(DelegatingMethodAccessorImpl.java:25)
	at java.lang.reflect.Method.invoke(Method.java:585)
	at junit.framework.TestCase.runTest(TestCase.java:154)
	at junit.framework.TestCase.runBare(TestCase.java:127)
	at junit.framework.TestResult$1.protect(TestResult.java:106)
	at junit.framework.TestResult.runProtected(TestResult.java:124)
	at junit.framework.TestResult.run(TestResult.java:109)
	at junit.framework.TestCase.run(TestCase.java:118)
	at junit.framework.TestSuite.runTest(TestSuite.java:208)
	at junit.framework.TestSuite.run(TestSuite.java:203)
	at junit.framework.TestSuite.runTest(TestSuite.java:208)
	at junit.framework.TestSuite.run(TestSuite.java:203)
	at org.apache.tools.ant.taskdefs.optional.junit.JUnitTestRunner.run(JUnitTestRunner.java:297)
	at org.apache.tools.ant.taskdefs.optional.junit.JUnitTestRunner.launch(JUnitTestRunner.java:672)
	at org.apache.tools.ant.taskdefs.optional.junit.JUnitTestRunner.main(JUnitTestRunner.java:567)
Caused by: javax.persistence.PersistenceException
	at com.topcoder.service.studio.contest.bean.MockEntityManager.find(MockEntityManager.java:139)
	at com.topcoder.service.studio.contest.bean.ContestManagerBean.getContest(ContestManagerBean.java:393)
	... 18 more
[Exit method: getContest()]
[Enter method: getContestForProject()]
[param1: 1]
Hibernate: /* select c from Contest c where c.tcDirectProjectId = :tcDirectProjectId */ select contest0_.contest_id as contest1_18_, contest0_.contest_channel_id as contest2_18_, contest0_.name as name18_, contest0_.contest_type_id as contest4_18_, contest0_.project_id as project5_18_, contest0_.tc_direct_project_id as tc6_18_, contest0_.contest_status_id as contest7_18_, contest0_.forum_id as forum8_18_, contest0_.event_id as event9_18_, contest0_.start_time as start10_18_, contest0_.end_date as end11_18_, contest0_.winner_annoucement_deadline as winner12_18_, contest0_.creator_user_id as creator13_18_ from contest contest0_ where contest0_.tc_direct_project_id=?
[Exit method: getContestsForProject()]
[Enter method: getContestForProject()]
[param1: 1]
The EntityManager is closed.
com.topcoder.service.studio.contest.ContestManagementException: The EntityManager is closed.
	at com.topcoder.service.studio.contest.bean.ContestManagerBean.wrapContestManagementException(ContestManagerBean.java:2119)
	at com.topcoder.service.studio.contest.bean.ContestManagerBean.getContestsForProject(ContestManagerBean.java:435)
	at com.topcoder.service.studio.contest.bean.ContestManagerBeanUnitTest1.testGetContestsForProject_Failure1(ContestManagerBeanUnitTest1.java:850)
	at sun.reflect.NativeMethodAccessorImpl.invoke0(Native Method)
	at sun.reflect.NativeMethodAccessorImpl.invoke(NativeMethodAccessorImpl.java:39)
	at sun.reflect.DelegatingMethodAccessorImpl.invoke(DelegatingMethodAccessorImpl.java:25)
	at java.lang.reflect.Method.invoke(Method.java:585)
	at junit.framework.TestCase.runTest(TestCase.java:154)
	at junit.framework.TestCase.runBare(TestCase.java:127)
	at junit.framework.TestResult$1.protect(TestResult.java:106)
	at junit.framework.TestResult.runProtected(TestResult.java:124)
	at junit.framework.TestResult.run(TestResult.java:109)
	at junit.framework.TestCase.run(TestCase.java:118)
	at junit.framework.TestSuite.runTest(TestSuite.java:208)
	at junit.framework.TestSuite.run(TestSuite.java:203)
	at junit.framework.TestSuite.runTest(TestSuite.java:208)
	at junit.framework.TestSuite.run(TestSuite.java:203)
	at org.apache.tools.ant.taskdefs.optional.junit.JUnitTestRunner.run(JUnitTestRunner.java:297)
	at org.apache.tools.ant.taskdefs.optional.junit.JUnitTestRunner.launch(JUnitTestRunner.java:672)
	at org.apache.tools.ant.taskdefs.optional.junit.JUnitTestRunner.main(JUnitTestRunner.java:567)
Caused by: java.lang.IllegalStateException: EntityManager is closed
	at org.hibernate.ejb.EntityManagerImpl.getSession(EntityManagerImpl.java:42)
	at org.hibernate.ejb.AbstractEntityManagerImpl.createQuery(AbstractEntityManagerImpl.java:92)
	at com.topcoder.service.studio.contest.bean.MockEntityManager.createQuery(MockEntityManager.java:255)
	at com.topcoder.service.studio.contest.bean.ContestManagerBean.getContestsForProject(ContestManagerBean.java:422)
	... 18 more
[Exit method: getContestsForProject()]
Hibernate: select max(project_id) from tc_direct_project
[Enter method: createContest()]
[param1: null]
[Exit method: createContest()]
[Enter method: getClientForContest()]
[param1: 12]
[Exit method: getClientForContest()]
[Enter method: getClientForContest()]
[param1: 1]
The EntityManager is closed.
com.topcoder.service.studio.contest.ContestManagementException: The EntityManager is closed.
	at com.topcoder.service.studio.contest.bean.ContestManagerBean.wrapContestManagementException(ContestManagerBean.java:2119)
	at com.topcoder.service.studio.contest.bean.ContestManagerBean.getClientForContest(ContestManagerBean.java:654)
	at com.topcoder.service.studio.contest.bean.ContestManagerBeanUnitTest1.testGetClientForContest_Failure1(ContestManagerBeanUnitTest1.java:904)
	at sun.reflect.NativeMethodAccessorImpl.invoke0(Native Method)
	at sun.reflect.NativeMethodAccessorImpl.invoke(NativeMethodAccessorImpl.java:39)
	at sun.reflect.DelegatingMethodAccessorImpl.invoke(DelegatingMethodAccessorImpl.java:25)
	at java.lang.reflect.Method.invoke(Method.java:585)
	at junit.framework.TestCase.runTest(TestCase.java:154)
	at junit.framework.TestCase.runBare(TestCase.java:127)
	at junit.framework.TestResult$1.protect(TestResult.java:106)
	at junit.framework.TestResult.runProtected(TestResult.java:124)
	at junit.framework.TestResult.run(TestResult.java:109)
	at junit.framework.TestCase.run(TestCase.java:118)
	at junit.framework.TestSuite.runTest(TestSuite.java:208)
	at junit.framework.TestSuite.run(TestSuite.java:203)
	at junit.framework.TestSuite.runTest(TestSuite.java:208)
	at junit.framework.TestSuite.run(TestSuite.java:203)
	at org.apache.tools.ant.taskdefs.optional.junit.JUnitTestRunner.run(JUnitTestRunner.java:297)
	at org.apache.tools.ant.taskdefs.optional.junit.JUnitTestRunner.launch(JUnitTestRunner.java:672)
	at org.apache.tools.ant.taskdefs.optional.junit.JUnitTestRunner.main(JUnitTestRunner.java:567)
Caused by: java.lang.IllegalStateException: EntityManager is closed
	at org.hibernate.ejb.EntityManagerImpl.getSession(EntityManagerImpl.java:42)
	at org.hibernate.ejb.AbstractEntityManagerImpl.find(AbstractEntityManagerImpl.java:174)
	at com.topcoder.service.studio.contest.bean.MockEntityManager.find(MockEntityManager.java:146)
	at com.topcoder.service.studio.contest.bean.ContestManagerBean.getClientForContest(ContestManagerBean.java:639)
	... 18 more
[Exit method: getClientForContest()]
[Enter method: getClientForContest()]
[param1: 1]
There are errors while persisting the entity.
com.topcoder.service.studio.contest.ContestManagementException: There are errors while persisting the entity.
	at com.topcoder.service.studio.contest.bean.ContestManagerBean.wrapContestManagementException(ContestManagerBean.java:2119)
	at com.topcoder.service.studio.contest.bean.ContestManagerBean.getClientForContest(ContestManagerBean.java:656)
	at com.topcoder.service.studio.contest.bean.ContestManagerBeanUnitTest1.testGetClientForContest_Failure2(ContestManagerBeanUnitTest1.java:927)
	at sun.reflect.NativeMethodAccessorImpl.invoke0(Native Method)
	at sun.reflect.NativeMethodAccessorImpl.invoke(NativeMethodAccessorImpl.java:39)
	at sun.reflect.DelegatingMethodAccessorImpl.invoke(DelegatingMethodAccessorImpl.java:25)
	at java.lang.reflect.Method.invoke(Method.java:585)
	at junit.framework.TestCase.runTest(TestCase.java:154)
	at junit.framework.TestCase.runBare(TestCase.java:127)
	at junit.framework.TestResult$1.protect(TestResult.java:106)
	at junit.framework.TestResult.runProtected(TestResult.java:124)
	at junit.framework.TestResult.run(TestResult.java:109)
	at junit.framework.TestCase.run(TestCase.java:118)
	at junit.framework.TestSuite.runTest(TestSuite.java:208)
	at junit.framework.TestSuite.run(TestSuite.java:203)
	at junit.framework.TestSuite.runTest(TestSuite.java:208)
	at junit.framework.TestSuite.run(TestSuite.java:203)
	at org.apache.tools.ant.taskdefs.optional.junit.JUnitTestRunner.run(JUnitTestRunner.java:297)
	at org.apache.tools.ant.taskdefs.optional.junit.JUnitTestRunner.launch(JUnitTestRunner.java:672)
	at org.apache.tools.ant.taskdefs.optional.junit.JUnitTestRunner.main(JUnitTestRunner.java:567)
Caused by: javax.persistence.PersistenceException
	at com.topcoder.service.studio.contest.bean.MockEntityManager.find(MockEntityManager.java:139)
	at com.topcoder.service.studio.contest.bean.ContestManagerBean.getClientForContest(ContestManagerBean.java:639)
	... 18 more
[Exit method: getClientForContest()]
[Enter method: getClientForContest()]
[param1: 1]
Hibernate: /* load com.topcoder.service.studio.contest.Contest */ select contest0_.contest_id as contest1_18_0_, contest0_.contest_channel_id as contest2_18_0_, contest0_.name as name18_0_, contest0_.contest_type_id as contest4_18_0_, contest0_.project_id as project5_18_0_, contest0_.tc_direct_project_id as tc6_18_0_, contest0_.contest_status_id as contest7_18_0_, contest0_.forum_id as forum8_18_0_, contest0_.event_id as event9_18_0_, contest0_.start_time as start10_18_0_, contest0_.end_date as end11_18_0_, contest0_.winner_annoucement_deadline as winner12_18_0_, contest0_.creator_user_id as creator13_18_0_ from contest contest0_ where contest0_.contest_id=?
The contest with id '1' doesn't exist.
com.topcoder.service.studio.contest.EntityNotFoundException: The contest with id '1' doesn't exist.
	at com.topcoder.service.studio.contest.bean.ContestManagerBean.wrapEntityNotFoundException(ContestManagerBean.java:2084)
	at com.topcoder.service.studio.contest.bean.ContestManagerBean.getClientForContest(ContestManagerBean.java:642)
	at com.topcoder.service.studio.contest.bean.ContestManagerBeanUnitTest1.testGetClientForContest_Failure3(ContestManagerBeanUnitTest1.java:948)
	at sun.reflect.NativeMethodAccessorImpl.invoke0(Native Method)
	at sun.reflect.NativeMethodAccessorImpl.invoke(NativeMethodAccessorImpl.java:39)
	at sun.reflect.DelegatingMethodAccessorImpl.invoke(DelegatingMethodAccessorImpl.java:25)
	at java.lang.reflect.Method.invoke(Method.java:585)
	at junit.framework.TestCase.runTest(TestCase.java:154)
	at junit.framework.TestCase.runBare(TestCase.java:127)
	at junit.framework.TestResult$1.protect(TestResult.java:106)
	at junit.framework.TestResult.runProtected(TestResult.java:124)
	at junit.framework.TestResult.run(TestResult.java:109)
	at junit.framework.TestCase.run(TestCase.java:118)
	at junit.framework.TestSuite.runTest(TestSuite.java:208)
	at junit.framework.TestSuite.run(TestSuite.java:203)
	at junit.framework.TestSuite.runTest(TestSuite.java:208)
	at junit.framework.TestSuite.run(TestSuite.java:203)
	at org.apache.tools.ant.taskdefs.optional.junit.JUnitTestRunner.run(JUnitTestRunner.java:297)
	at org.apache.tools.ant.taskdefs.optional.junit.JUnitTestRunner.launch(JUnitTestRunner.java:672)
	at org.apache.tools.ant.taskdefs.optional.junit.JUnitTestRunner.main(JUnitTestRunner.java:567)
[Exit method: getClientForContest()]
[Enter method: createContest()]
[param1: null]
[Exit method: createContest()]
[Enter method: getClientForContest()]
[param1: 13]
Hibernate: /* load com.topcoder.service.project.Project */ select project0_.project_id as project1_16_0_, project0_.name as name16_0_, project0_.description as descript3_16_0_, project0_.user_id as user4_16_0_, project0_.create_date as create5_16_0_, project0_.modify_date as modify6_16_0_ from tc_direct_project project0_ where project0_.project_id=?
The project with id '1' doesn't exist.
com.topcoder.service.studio.contest.EntityNotFoundException: The project with id '1' doesn't exist.
	at com.topcoder.service.studio.contest.bean.ContestManagerBean.wrapEntityNotFoundException(ContestManagerBean.java:2084)
	at com.topcoder.service.studio.contest.bean.ContestManagerBean.getClientForContest(ContestManagerBean.java:648)
	at com.topcoder.service.studio.contest.bean.ContestManagerBeanUnitTest1.testGetClientForContest_Failure4(ContestManagerBeanUnitTest1.java:972)
	at sun.reflect.NativeMethodAccessorImpl.invoke0(Native Method)
	at sun.reflect.NativeMethodAccessorImpl.invoke(NativeMethodAccessorImpl.java:39)
	at sun.reflect.DelegatingMethodAccessorImpl.invoke(DelegatingMethodAccessorImpl.java:25)
	at java.lang.reflect.Method.invoke(Method.java:585)
	at junit.framework.TestCase.runTest(TestCase.java:154)
	at junit.framework.TestCase.runBare(TestCase.java:127)
	at junit.framework.TestResult$1.protect(TestResult.java:106)
	at junit.framework.TestResult.runProtected(TestResult.java:124)
	at junit.framework.TestResult.run(TestResult.java:109)
	at junit.framework.TestCase.run(TestCase.java:118)
	at junit.framework.TestSuite.runTest(TestSuite.java:208)
	at junit.framework.TestSuite.run(TestSuite.java:203)
	at junit.framework.TestSuite.runTest(TestSuite.java:208)
	at junit.framework.TestSuite.run(TestSuite.java:203)
	at org.apache.tools.ant.taskdefs.optional.junit.JUnitTestRunner.run(JUnitTestRunner.java:297)
	at org.apache.tools.ant.taskdefs.optional.junit.JUnitTestRunner.launch(JUnitTestRunner.java:672)
	at org.apache.tools.ant.taskdefs.optional.junit.JUnitTestRunner.main(JUnitTestRunner.java:567)
[Exit method: getClientForContest()]
[Enter method: getClientForProject()]
[param1: 2]
[Exit method: getClientForProject()]
[Enter method: getClientForProject()]
[param1: 1]
Hibernate: /* load com.topcoder.service.project.Project */ select project0_.project_id as project1_16_0_, project0_.name as name16_0_, project0_.description as descript3_16_0_, project0_.user_id as user4_16_0_, project0_.create_date as create5_16_0_, project0_.modify_date as modify6_16_0_ from tc_direct_project project0_ where project0_.project_id=?
The project with id '1' doesn't exist.
com.topcoder.service.studio.contest.EntityNotFoundException: The project with id '1' doesn't exist.
	at com.topcoder.service.studio.contest.bean.ContestManagerBean.wrapEntityNotFoundException(ContestManagerBean.java:2084)
	at com.topcoder.service.studio.contest.bean.ContestManagerBean.getClientForProject(ContestManagerBean.java:684)
	at com.topcoder.service.studio.contest.bean.ContestManagerBeanUnitTest1.testGetClientForProject_Failure1(ContestManagerBeanUnitTest1.java:1020)
	at sun.reflect.NativeMethodAccessorImpl.invoke0(Native Method)
	at sun.reflect.NativeMethodAccessorImpl.invoke(NativeMethodAccessorImpl.java:39)
	at sun.reflect.DelegatingMethodAccessorImpl.invoke(DelegatingMethodAccessorImpl.java:25)
	at java.lang.reflect.Method.invoke(Method.java:585)
	at junit.framework.TestCase.runTest(TestCase.java:154)
	at junit.framework.TestCase.runBare(TestCase.java:127)
	at junit.framework.TestResult$1.protect(TestResult.java:106)
	at junit.framework.TestResult.runProtected(TestResult.java:124)
	at junit.framework.TestResult.run(TestResult.java:109)
	at junit.framework.TestCase.run(TestCase.java:118)
	at junit.framework.TestSuite.runTest(TestSuite.java:208)
	at junit.framework.TestSuite.run(TestSuite.java:203)
	at junit.framework.TestSuite.runTest(TestSuite.java:208)
	at junit.framework.TestSuite.run(TestSuite.java:203)
	at org.apache.tools.ant.taskdefs.optional.junit.JUnitTestRunner.run(JUnitTestRunner.java:297)
	at org.apache.tools.ant.taskdefs.optional.junit.JUnitTestRunner.launch(JUnitTestRunner.java:672)
	at org.apache.tools.ant.taskdefs.optional.junit.JUnitTestRunner.main(JUnitTestRunner.java:567)
[Exit method: getClientForProject()]
[Enter method: getClientForProject()]
[param1: 3]
The EntityManager is closed.
com.topcoder.service.studio.contest.ContestManagementException: The EntityManager is closed.
	at com.topcoder.service.studio.contest.bean.ContestManagerBean.wrapContestManagementException(ContestManagerBean.java:2119)
	at com.topcoder.service.studio.contest.bean.ContestManagerBean.getClientForProject(ContestManagerBean.java:689)
	at com.topcoder.service.studio.contest.bean.ContestManagerBeanUnitTest1.testGetClientForProject_Failure2(ContestManagerBeanUnitTest1.java:1052)
	at sun.reflect.NativeMethodAccessorImpl.invoke0(Native Method)
	at sun.reflect.NativeMethodAccessorImpl.invoke(NativeMethodAccessorImpl.java:39)
	at sun.reflect.DelegatingMethodAccessorImpl.invoke(DelegatingMethodAccessorImpl.java:25)
	at java.lang.reflect.Method.invoke(Method.java:585)
	at junit.framework.TestCase.runTest(TestCase.java:154)
	at junit.framework.TestCase.runBare(TestCase.java:127)
	at junit.framework.TestResult$1.protect(TestResult.java:106)
	at junit.framework.TestResult.runProtected(TestResult.java:124)
	at junit.framework.TestResult.run(TestResult.java:109)
	at junit.framework.TestCase.run(TestCase.java:118)
	at junit.framework.TestSuite.runTest(TestSuite.java:208)
	at junit.framework.TestSuite.run(TestSuite.java:203)
	at junit.framework.TestSuite.runTest(TestSuite.java:208)
	at junit.framework.TestSuite.run(TestSuite.java:203)
	at org.apache.tools.ant.taskdefs.optional.junit.JUnitTestRunner.run(JUnitTestRunner.java:297)
	at org.apache.tools.ant.taskdefs.optional.junit.JUnitTestRunner.launch(JUnitTestRunner.java:672)
	at org.apache.tools.ant.taskdefs.optional.junit.JUnitTestRunner.main(JUnitTestRunner.java:567)
Caused by: java.lang.IllegalStateException: EntityManager is closed
	at org.hibernate.ejb.EntityManagerImpl.getSession(EntityManagerImpl.java:42)
	at org.hibernate.ejb.AbstractEntityManagerImpl.find(AbstractEntityManagerImpl.java:174)
	at com.topcoder.service.studio.contest.bean.MockEntityManager.find(MockEntityManager.java:146)
	at com.topcoder.service.studio.contest.bean.ContestManagerBean.getClientForProject(ContestManagerBean.java:681)
	... 18 more
[Exit method: getClientForProject()]
[Enter method: getClientForProject()]
[param1: 4]
There are errors while persisting the entity.
com.topcoder.service.studio.contest.ContestManagementException: There are errors while persisting the entity.
	at com.topcoder.service.studio.contest.bean.ContestManagerBean.wrapContestManagementException(ContestManagerBean.java:2119)
	at com.topcoder.service.studio.contest.bean.ContestManagerBean.getClientForProject(ContestManagerBean.java:691)
	at com.topcoder.service.studio.contest.bean.ContestManagerBeanUnitTest1.testGetClientForProject_Failure3(ContestManagerBeanUnitTest1.java:1084)
	at sun.reflect.NativeMethodAccessorImpl.invoke0(Native Method)
	at sun.reflect.NativeMethodAccessorImpl.invoke(NativeMethodAccessorImpl.java:39)
	at sun.reflect.DelegatingMethodAccessorImpl.invoke(DelegatingMethodAccessorImpl.java:25)
	at java.lang.reflect.Method.invoke(Method.java:585)
	at junit.framework.TestCase.runTest(TestCase.java:154)
	at junit.framework.TestCase.runBare(TestCase.java:127)
	at junit.framework.TestResult$1.protect(TestResult.java:106)
	at junit.framework.TestResult.runProtected(TestResult.java:124)
	at junit.framework.TestResult.run(TestResult.java:109)
	at junit.framework.TestCase.run(TestCase.java:118)
	at junit.framework.TestSuite.runTest(TestSuite.java:208)
	at junit.framework.TestSuite.run(TestSuite.java:203)
	at junit.framework.TestSuite.runTest(TestSuite.java:208)
	at junit.framework.TestSuite.run(TestSuite.java:203)
	at org.apache.tools.ant.taskdefs.optional.junit.JUnitTestRunner.run(JUnitTestRunner.java:297)
	at org.apache.tools.ant.taskdefs.optional.junit.JUnitTestRunner.launch(JUnitTestRunner.java:672)
	at org.apache.tools.ant.taskdefs.optional.junit.JUnitTestRunner.main(JUnitTestRunner.java:567)
Caused by: javax.persistence.PersistenceException
	at com.topcoder.service.studio.contest.bean.MockEntityManager.find(MockEntityManager.java:139)
	at com.topcoder.service.studio.contest.bean.ContestManagerBean.getClientForProject(ContestManagerBean.java:681)
	... 18 more
[Exit method: getClientForProject()]
[Enter method: addContestStatus()]
[param1: null]
[Exit method: addContestStatus()]
[Enter method: getContestStatus()]
[param1: 9]
[Exit method: getContestStatus()]
[Enter method: addContestStatus()]
[param1: null]
[Exit method: addContestStatus()]
[Enter method: addContestStatus()]
[param1: 10]
[Enter method: getContestStatus()]
[param1: 10]
[Exit method: getContestStatus()]
The contest status already exists.
com.topcoder.service.studio.contest.EntityAlreadyExistsException: The contest status already exists.
	at com.topcoder.service.studio.contest.bean.ContestManagerBean.addContestStatus(ContestManagerBean.java:720)
	at com.topcoder.service.studio.contest.bean.ContestManagerBeanUnitTest1.testAddContestStatus_Failure1(ContestManagerBeanUnitTest1.java:1136)
	at sun.reflect.NativeMethodAccessorImpl.invoke0(Native Method)
	at sun.reflect.NativeMethodAccessorImpl.invoke(NativeMethodAccessorImpl.java:39)
	at sun.reflect.DelegatingMethodAccessorImpl.invoke(DelegatingMethodAccessorImpl.java:25)
	at java.lang.reflect.Method.invoke(Method.java:585)
	at junit.framework.TestCase.runTest(TestCase.java:154)
	at junit.framework.TestCase.runBare(TestCase.java:127)
	at junit.framework.TestResult$1.protect(TestResult.java:106)
	at junit.framework.TestResult.runProtected(TestResult.java:124)
	at junit.framework.TestResult.run(TestResult.java:109)
	at junit.framework.TestCase.run(TestCase.java:118)
	at junit.framework.TestSuite.runTest(TestSuite.java:208)
	at junit.framework.TestSuite.run(TestSuite.java:203)
	at junit.framework.TestSuite.runTest(TestSuite.java:208)
	at junit.framework.TestSuite.run(TestSuite.java:203)
	at org.apache.tools.ant.taskdefs.optional.junit.JUnitTestRunner.run(JUnitTestRunner.java:297)
	at org.apache.tools.ant.taskdefs.optional.junit.JUnitTestRunner.launch(JUnitTestRunner.java:672)
	at org.apache.tools.ant.taskdefs.optional.junit.JUnitTestRunner.main(JUnitTestRunner.java:567)
[Exit method: addContestStatus()]
[Enter method: addContestStatus()]
[param1: null]
The EntityManager is closed.
com.topcoder.service.studio.contest.ContestManagementException: The EntityManager is closed.
	at com.topcoder.service.studio.contest.bean.ContestManagerBean.wrapContestManagementException(ContestManagerBean.java:2119)
	at com.topcoder.service.studio.contest.bean.ContestManagerBean.addContestStatus(ContestManagerBean.java:733)
	at com.topcoder.service.studio.contest.bean.ContestManagerBeanUnitTest1.testAddContestStatus_Failure2(ContestManagerBeanUnitTest1.java:1163)
	at sun.reflect.NativeMethodAccessorImpl.invoke0(Native Method)
	at sun.reflect.NativeMethodAccessorImpl.invoke(NativeMethodAccessorImpl.java:39)
	at sun.reflect.DelegatingMethodAccessorImpl.invoke(DelegatingMethodAccessorImpl.java:25)
	at java.lang.reflect.Method.invoke(Method.java:585)
	at junit.framework.TestCase.runTest(TestCase.java:154)
	at junit.framework.TestCase.runBare(TestCase.java:127)
	at junit.framework.TestResult$1.protect(TestResult.java:106)
	at junit.framework.TestResult.runProtected(TestResult.java:124)
	at junit.framework.TestResult.run(TestResult.java:109)
	at junit.framework.TestCase.run(TestCase.java:118)
	at junit.framework.TestSuite.runTest(TestSuite.java:208)
	at junit.framework.TestSuite.run(TestSuite.java:203)
	at junit.framework.TestSuite.runTest(TestSuite.java:208)
	at junit.framework.TestSuite.run(TestSuite.java:203)
	at org.apache.tools.ant.taskdefs.optional.junit.JUnitTestRunner.run(JUnitTestRunner.java:297)
	at org.apache.tools.ant.taskdefs.optional.junit.JUnitTestRunner.launch(JUnitTestRunner.java:672)
	at org.apache.tools.ant.taskdefs.optional.junit.JUnitTestRunner.main(JUnitTestRunner.java:567)
Caused by: java.lang.IllegalStateException: EntityManager is closed
	at org.hibernate.ejb.EntityManagerImpl.getSession(EntityManagerImpl.java:42)
	at org.hibernate.ejb.AbstractEntityManagerImpl.persist(AbstractEntityManagerImpl.java:212)
	at com.topcoder.service.studio.contest.bean.MockEntityManager.persist(MockEntityManager.java:84)
	at com.topcoder.service.studio.contest.bean.ContestManagerBean.addContestStatus(ContestManagerBean.java:729)
	... 18 more
[Exit method: addContestStatus()]
[Enter method: addContestStatus()]
[param1: null]
This method is required to run in transaction.
com.topcoder.service.studio.contest.ContestManagementException: This method is required to run in transaction.
	at com.topcoder.service.studio.contest.bean.ContestManagerBean.wrapContestManagementException(ContestManagerBean.java:2119)
	at com.topcoder.service.studio.contest.bean.ContestManagerBean.addContestStatus(ContestManagerBean.java:735)
	at com.topcoder.service.studio.contest.bean.ContestManagerBeanUnitTest1.testAddContestStatus_Failure3(ContestManagerBeanUnitTest1.java:1191)
	at sun.reflect.NativeMethodAccessorImpl.invoke0(Native Method)
	at sun.reflect.NativeMethodAccessorImpl.invoke(NativeMethodAccessorImpl.java:39)
	at sun.reflect.DelegatingMethodAccessorImpl.invoke(DelegatingMethodAccessorImpl.java:25)
	at java.lang.reflect.Method.invoke(Method.java:585)
	at junit.framework.TestCase.runTest(TestCase.java:154)
	at junit.framework.TestCase.runBare(TestCase.java:127)
	at junit.framework.TestResult$1.protect(TestResult.java:106)
	at junit.framework.TestResult.runProtected(TestResult.java:124)
	at junit.framework.TestResult.run(TestResult.java:109)
	at junit.framework.TestCase.run(TestCase.java:118)
	at junit.framework.TestSuite.runTest(TestSuite.java:208)
	at junit.framework.TestSuite.run(TestSuite.java:203)
	at junit.framework.TestSuite.runTest(TestSuite.java:208)
	at junit.framework.TestSuite.run(TestSuite.java:203)
	at org.apache.tools.ant.taskdefs.optional.junit.JUnitTestRunner.run(JUnitTestRunner.java:297)
	at org.apache.tools.ant.taskdefs.optional.junit.JUnitTestRunner.launch(JUnitTestRunner.java:672)
	at org.apache.tools.ant.taskdefs.optional.junit.JUnitTestRunner.main(JUnitTestRunner.java:567)
Caused by: javax.persistence.TransactionRequiredException
	at com.topcoder.service.studio.contest.bean.MockEntityManager.persist(MockEntityManager.java:81)
	at com.topcoder.service.studio.contest.bean.ContestManagerBean.addContestStatus(ContestManagerBean.java:729)
	... 18 more
[Exit method: addContestStatus()]
[Enter method: addContestStatus()]
[param1: null]
There are errors while persisting the entity.
com.topcoder.service.studio.contest.ContestManagementException: There are errors while persisting the entity.
	at com.topcoder.service.studio.contest.bean.ContestManagerBean.wrapContestManagementException(ContestManagerBean.java:2119)
	at com.topcoder.service.studio.contest.bean.ContestManagerBean.addContestStatus(ContestManagerBean.java:737)
	at com.topcoder.service.studio.contest.bean.ContestManagerBeanUnitTest1.testAddContestStatus_Failure4(ContestManagerBeanUnitTest1.java:1219)
	at sun.reflect.NativeMethodAccessorImpl.invoke0(Native Method)
	at sun.reflect.NativeMethodAccessorImpl.invoke(NativeMethodAccessorImpl.java:39)
	at sun.reflect.DelegatingMethodAccessorImpl.invoke(DelegatingMethodAccessorImpl.java:25)
	at java.lang.reflect.Method.invoke(Method.java:585)
	at junit.framework.TestCase.runTest(TestCase.java:154)
	at junit.framework.TestCase.runBare(TestCase.java:127)
	at junit.framework.TestResult$1.protect(TestResult.java:106)
	at junit.framework.TestResult.runProtected(TestResult.java:124)
	at junit.framework.TestResult.run(TestResult.java:109)
	at junit.framework.TestCase.run(TestCase.java:118)
	at junit.framework.TestSuite.runTest(TestSuite.java:208)
	at junit.framework.TestSuite.run(TestSuite.java:203)
	at junit.framework.TestSuite.runTest(TestSuite.java:208)
	at junit.framework.TestSuite.run(TestSuite.java:203)
	at org.apache.tools.ant.taskdefs.optional.junit.JUnitTestRunner.run(JUnitTestRunner.java:297)
	at org.apache.tools.ant.taskdefs.optional.junit.JUnitTestRunner.launch(JUnitTestRunner.java:672)
	at org.apache.tools.ant.taskdefs.optional.junit.JUnitTestRunner.main(JUnitTestRunner.java:567)
Caused by: javax.persistence.PersistenceException
	at com.topcoder.service.studio.contest.bean.MockEntityManager.persist(MockEntityManager.java:77)
	at com.topcoder.service.studio.contest.bean.ContestManagerBean.addContestStatus(ContestManagerBean.java:729)
	... 18 more
[Exit method: addContestStatus()]
[Enter method: addContestStatus()]
[param1: null]
[Exit method: addContestStatus()]
[Enter method: updateContestStatus()]
[param1: 11]
[Exit method: UpdateContestStatus()]
[Enter method: getContestStatus()]
[param1: 11]
[Exit method: getContestStatus()]
[Enter method: updateContestStatus()]
[param1: null]
The contest status with id 'null' doesn't exist.
com.topcoder.service.studio.contest.EntityNotFoundException: The contest status with id 'null' doesn't exist.
	at com.topcoder.service.studio.contest.bean.ContestManagerBean.wrapEntityNotFoundException(ContestManagerBean.java:2084)
	at com.topcoder.service.studio.contest.bean.ContestManagerBean.updateContestStatus(ContestManagerBean.java:766)
	at com.topcoder.service.studio.contest.bean.ContestManagerBeanUnitTest1.testUpdateContestStatus_Failure1(ContestManagerBeanUnitTest1.java:1273)
	at sun.reflect.NativeMethodAccessorImpl.invoke0(Native Method)
	at sun.reflect.NativeMethodAccessorImpl.invoke(NativeMethodAccessorImpl.java:39)
	at sun.reflect.DelegatingMethodAccessorImpl.invoke(DelegatingMethodAccessorImpl.java:25)
	at java.lang.reflect.Method.invoke(Method.java:585)
	at junit.framework.TestCase.runTest(TestCase.java:154)
	at junit.framework.TestCase.runBare(TestCase.java:127)
	at junit.framework.TestResult$1.protect(TestResult.java:106)
	at junit.framework.TestResult.runProtected(TestResult.java:124)
	at junit.framework.TestResult.run(TestResult.java:109)
	at junit.framework.TestCase.run(TestCase.java:118)
	at junit.framework.TestSuite.runTest(TestSuite.java:208)
	at junit.framework.TestSuite.run(TestSuite.java:203)
	at junit.framework.TestSuite.runTest(TestSuite.java:208)
	at junit.framework.TestSuite.run(TestSuite.java:203)
	at org.apache.tools.ant.taskdefs.optional.junit.JUnitTestRunner.run(JUnitTestRunner.java:297)
	at org.apache.tools.ant.taskdefs.optional.junit.JUnitTestRunner.launch(JUnitTestRunner.java:672)
	at org.apache.tools.ant.taskdefs.optional.junit.JUnitTestRunner.main(JUnitTestRunner.java:567)
[Exit method: UpdateContestStatus()]
[Enter method: addContestStatus()]
[param1: null]
[Exit method: addContestStatus()]
[Enter method: updateContestStatus()]
[param1: 12]
The EntityManager is closed.
com.topcoder.service.studio.contest.ContestManagementException: The EntityManager is closed.
	at com.topcoder.service.studio.contest.bean.ContestManagerBean.wrapContestManagementException(ContestManagerBean.java:2119)
	at com.topcoder.service.studio.contest.bean.ContestManagerBean.updateContestStatus(ContestManagerBean.java:772)
	at com.topcoder.service.studio.contest.bean.ContestManagerBeanUnitTest1.testUpdateContestStatus_Failure2(ContestManagerBeanUnitTest1.java:1304)
	at sun.reflect.NativeMethodAccessorImpl.invoke0(Native Method)
	at sun.reflect.NativeMethodAccessorImpl.invoke(NativeMethodAccessorImpl.java:39)
	at sun.reflect.DelegatingMethodAccessorImpl.invoke(DelegatingMethodAccessorImpl.java:25)
	at java.lang.reflect.Method.invoke(Method.java:585)
	at junit.framework.TestCase.runTest(TestCase.java:154)
	at junit.framework.TestCase.runBare(TestCase.java:127)
	at junit.framework.TestResult$1.protect(TestResult.java:106)
	at junit.framework.TestResult.runProtected(TestResult.java:124)
	at junit.framework.TestResult.run(TestResult.java:109)
	at junit.framework.TestCase.run(TestCase.java:118)
	at junit.framework.TestSuite.runTest(TestSuite.java:208)
	at junit.framework.TestSuite.run(TestSuite.java:203)
	at junit.framework.TestSuite.runTest(TestSuite.java:208)
	at junit.framework.TestSuite.run(TestSuite.java:203)
	at org.apache.tools.ant.taskdefs.optional.junit.JUnitTestRunner.run(JUnitTestRunner.java:297)
	at org.apache.tools.ant.taskdefs.optional.junit.JUnitTestRunner.launch(JUnitTestRunner.java:672)
	at org.apache.tools.ant.taskdefs.optional.junit.JUnitTestRunner.main(JUnitTestRunner.java:567)
Caused by: java.lang.IllegalStateException: EntityManager is closed
	at org.hibernate.ejb.EntityManagerImpl.getSession(EntityManagerImpl.java:42)
	at org.hibernate.ejb.AbstractEntityManagerImpl.find(AbstractEntityManagerImpl.java:174)
	at com.topcoder.service.studio.contest.bean.MockEntityManager.find(MockEntityManager.java:146)
	at com.topcoder.service.studio.contest.bean.ContestManagerBean.updateContestStatus(ContestManagerBean.java:764)
	... 18 more
[Exit method: UpdateContestStatus()]
[Enter method: addContestStatus()]
[param1: null]
[Exit method: addContestStatus()]
[Enter method: updateContestStatus()]
[param1: 13]
This method is required to run in transaction.
com.topcoder.service.studio.contest.ContestManagementException: This method is required to run in transaction.
	at com.topcoder.service.studio.contest.bean.ContestManagerBean.wrapContestManagementException(ContestManagerBean.java:2119)
	at com.topcoder.service.studio.contest.bean.ContestManagerBean.updateContestStatus(ContestManagerBean.java:774)
	at com.topcoder.service.studio.contest.bean.ContestManagerBeanUnitTest1.testUpdateContestStatus_Failure3(ContestManagerBeanUnitTest1.java:1335)
	at sun.reflect.NativeMethodAccessorImpl.invoke0(Native Method)
	at sun.reflect.NativeMethodAccessorImpl.invoke(NativeMethodAccessorImpl.java:39)
	at sun.reflect.DelegatingMethodAccessorImpl.invoke(DelegatingMethodAccessorImpl.java:25)
	at java.lang.reflect.Method.invoke(Method.java:585)
	at junit.framework.TestCase.runTest(TestCase.java:154)
	at junit.framework.TestCase.runBare(TestCase.java:127)
	at junit.framework.TestResult$1.protect(TestResult.java:106)
	at junit.framework.TestResult.runProtected(TestResult.java:124)
	at junit.framework.TestResult.run(TestResult.java:109)
	at junit.framework.TestCase.run(TestCase.java:118)
	at junit.framework.TestSuite.runTest(TestSuite.java:208)
	at junit.framework.TestSuite.run(TestSuite.java:203)
	at junit.framework.TestSuite.runTest(TestSuite.java:208)
	at junit.framework.TestSuite.run(TestSuite.java:203)
	at org.apache.tools.ant.taskdefs.optional.junit.JUnitTestRunner.run(JUnitTestRunner.java:297)
	at org.apache.tools.ant.taskdefs.optional.junit.JUnitTestRunner.launch(JUnitTestRunner.java:672)
	at org.apache.tools.ant.taskdefs.optional.junit.JUnitTestRunner.main(JUnitTestRunner.java:567)
Caused by: javax.persistence.TransactionRequiredException
	at com.topcoder.service.studio.contest.bean.MockEntityManager.find(MockEntityManager.java:143)
	at com.topcoder.service.studio.contest.bean.ContestManagerBean.updateContestStatus(ContestManagerBean.java:764)
	... 18 more
[Exit method: UpdateContestStatus()]
[Enter method: addContestStatus()]
[param1: null]
[Exit method: addContestStatus()]
[Enter method: updateContestStatus()]
[param1: 14]
There are errors while persisting the entity.
com.topcoder.service.studio.contest.ContestManagementException: There are errors while persisting the entity.
	at com.topcoder.service.studio.contest.bean.ContestManagerBean.wrapContestManagementException(ContestManagerBean.java:2119)
	at com.topcoder.service.studio.contest.bean.ContestManagerBean.updateContestStatus(ContestManagerBean.java:776)
	at com.topcoder.service.studio.contest.bean.ContestManagerBeanUnitTest1.testUpdateContestStatus_Failure4(ContestManagerBeanUnitTest1.java:1366)
	at sun.reflect.NativeMethodAccessorImpl.invoke0(Native Method)
	at sun.reflect.NativeMethodAccessorImpl.invoke(NativeMethodAccessorImpl.java:39)
	at sun.reflect.DelegatingMethodAccessorImpl.invoke(DelegatingMethodAccessorImpl.java:25)
	at java.lang.reflect.Method.invoke(Method.java:585)
	at junit.framework.TestCase.runTest(TestCase.java:154)
	at junit.framework.TestCase.runBare(TestCase.java:127)
	at junit.framework.TestResult$1.protect(TestResult.java:106)
	at junit.framework.TestResult.runProtected(TestResult.java:124)
	at junit.framework.TestResult.run(TestResult.java:109)
	at junit.framework.TestCase.run(TestCase.java:118)
	at junit.framework.TestSuite.runTest(TestSuite.java:208)
	at junit.framework.TestSuite.run(TestSuite.java:203)
	at junit.framework.TestSuite.runTest(TestSuite.java:208)
	at junit.framework.TestSuite.run(TestSuite.java:203)
	at org.apache.tools.ant.taskdefs.optional.junit.JUnitTestRunner.run(JUnitTestRunner.java:297)
	at org.apache.tools.ant.taskdefs.optional.junit.JUnitTestRunner.launch(JUnitTestRunner.java:672)
	at org.apache.tools.ant.taskdefs.optional.junit.JUnitTestRunner.main(JUnitTestRunner.java:567)
Caused by: javax.persistence.PersistenceException
	at com.topcoder.service.studio.contest.bean.MockEntityManager.find(MockEntityManager.java:139)
	at com.topcoder.service.studio.contest.bean.ContestManagerBean.updateContestStatus(ContestManagerBean.java:764)
	... 18 more
[Exit method: UpdateContestStatus()]
[Enter method: removeContestStatus()]
[param1: 1,000]
Hibernate: /* load com.topcoder.service.studio.contest.ContestStatus */ select conteststa0_.contest_status_id as contest1_17_0_, conteststa0_.contest_status_desc as contest2_17_0_, conteststa0_.name as name17_0_ from contest_status_lu conteststa0_ where conteststa0_.contest_status_id=?
[Exit method: removeContestStatus()]
[Enter method: addContestStatus()]
[param1: null]
[Exit method: addContestStatus()]
[Enter method: removeContestStatus()]
[param1: 15]
[Exit method: removeContestStatus()]
[Enter method: removeContestStatus()]
[param1: 1]
The EntityManager is closed.
com.topcoder.service.studio.contest.ContestManagementException: The EntityManager is closed.
	at com.topcoder.service.studio.contest.bean.ContestManagerBean.wrapContestManagementException(ContestManagerBean.java:2119)
	at com.topcoder.service.studio.contest.bean.ContestManagerBean.removeContestStatus(ContestManagerBean.java:811)
	at com.topcoder.service.studio.contest.bean.ContestManagerBeanUnitTest1.testRemoveContestStatus_Failure1(ContestManagerBeanUnitTest1.java:1431)
	at sun.reflect.NativeMethodAccessorImpl.invoke0(Native Method)
	at sun.reflect.NativeMethodAccessorImpl.invoke(NativeMethodAccessorImpl.java:39)
	at sun.reflect.DelegatingMethodAccessorImpl.invoke(DelegatingMethodAccessorImpl.java:25)
	at java.lang.reflect.Method.invoke(Method.java:585)
	at junit.framework.TestCase.runTest(TestCase.java:154)
	at junit.framework.TestCase.runBare(TestCase.java:127)
	at junit.framework.TestResult$1.protect(TestResult.java:106)
	at junit.framework.TestResult.runProtected(TestResult.java:124)
	at junit.framework.TestResult.run(TestResult.java:109)
	at junit.framework.TestCase.run(TestCase.java:118)
	at junit.framework.TestSuite.runTest(TestSuite.java:208)
	at junit.framework.TestSuite.run(TestSuite.java:203)
	at junit.framework.TestSuite.runTest(TestSuite.java:208)
	at junit.framework.TestSuite.run(TestSuite.java:203)
	at org.apache.tools.ant.taskdefs.optional.junit.JUnitTestRunner.run(JUnitTestRunner.java:297)
	at org.apache.tools.ant.taskdefs.optional.junit.JUnitTestRunner.launch(JUnitTestRunner.java:672)
	at org.apache.tools.ant.taskdefs.optional.junit.JUnitTestRunner.main(JUnitTestRunner.java:567)
Caused by: java.lang.IllegalStateException: EntityManager is closed
	at org.hibernate.ejb.EntityManagerImpl.getSession(EntityManagerImpl.java:42)
	at org.hibernate.ejb.AbstractEntityManagerImpl.find(AbstractEntityManagerImpl.java:174)
	at com.topcoder.service.studio.contest.bean.MockEntityManager.find(MockEntityManager.java:146)
	at com.topcoder.service.studio.contest.bean.ContestManagerBean.removeContestStatus(ContestManagerBean.java:801)
	... 18 more
[Exit method: removeContestStatus()]
[Enter method: removeContestStatus()]
[param1: 1]
This method is required to run in transaction.
com.topcoder.service.studio.contest.ContestManagementException: This method is required to run in transaction.
	at com.topcoder.service.studio.contest.bean.ContestManagerBean.wrapContestManagementException(ContestManagerBean.java:2119)
	at com.topcoder.service.studio.contest.bean.ContestManagerBean.removeContestStatus(ContestManagerBean.java:813)
	at com.topcoder.service.studio.contest.bean.ContestManagerBeanUnitTest1.testRemoveContestStatus_Failure2(ContestManagerBeanUnitTest1.java:1455)
	at sun.reflect.NativeMethodAccessorImpl.invoke0(Native Method)
	at sun.reflect.NativeMethodAccessorImpl.invoke(NativeMethodAccessorImpl.java:39)
	at sun.reflect.DelegatingMethodAccessorImpl.invoke(DelegatingMethodAccessorImpl.java:25)
	at java.lang.reflect.Method.invoke(Method.java:585)
	at junit.framework.TestCase.runTest(TestCase.java:154)
	at junit.framework.TestCase.runBare(TestCase.java:127)
	at junit.framework.TestResult$1.protect(TestResult.java:106)
	at junit.framework.TestResult.runProtected(TestResult.java:124)
	at junit.framework.TestResult.run(TestResult.java:109)
	at junit.framework.TestCase.run(TestCase.java:118)
	at junit.framework.TestSuite.runTest(TestSuite.java:208)
	at junit.framework.TestSuite.run(TestSuite.java:203)
	at junit.framework.TestSuite.runTest(TestSuite.java:208)
	at junit.framework.TestSuite.run(TestSuite.java:203)
	at org.apache.tools.ant.taskdefs.optional.junit.JUnitTestRunner.run(JUnitTestRunner.java:297)
	at org.apache.tools.ant.taskdefs.optional.junit.JUnitTestRunner.launch(JUnitTestRunner.java:672)
	at org.apache.tools.ant.taskdefs.optional.junit.JUnitTestRunner.main(JUnitTestRunner.java:567)
Caused by: javax.persistence.TransactionRequiredException
	at com.topcoder.service.studio.contest.bean.MockEntityManager.find(MockEntityManager.java:143)
	at com.topcoder.service.studio.contest.bean.ContestManagerBean.removeContestStatus(ContestManagerBean.java:801)
	... 18 more
[Exit method: removeContestStatus()]
[Enter method: removeContestStatus()]
[param1: 1]
There are errors while persisting the entity.
com.topcoder.service.studio.contest.ContestManagementException: There are errors while persisting the entity.
	at com.topcoder.service.studio.contest.bean.ContestManagerBean.wrapContestManagementException(ContestManagerBean.java:2119)
	at com.topcoder.service.studio.contest.bean.ContestManagerBean.removeContestStatus(ContestManagerBean.java:815)
	at com.topcoder.service.studio.contest.bean.ContestManagerBeanUnitTest1.testRemoveContestStatus_Failure3(ContestManagerBeanUnitTest1.java:1479)
	at sun.reflect.NativeMethodAccessorImpl.invoke0(Native Method)
	at sun.reflect.NativeMethodAccessorImpl.invoke(NativeMethodAccessorImpl.java:39)
	at sun.reflect.DelegatingMethodAccessorImpl.invoke(DelegatingMethodAccessorImpl.java:25)
	at java.lang.reflect.Method.invoke(Method.java:585)
	at junit.framework.TestCase.runTest(TestCase.java:154)
	at junit.framework.TestCase.runBare(TestCase.java:127)
	at junit.framework.TestResult$1.protect(TestResult.java:106)
	at junit.framework.TestResult.runProtected(TestResult.java:124)
	at junit.framework.TestResult.run(TestResult.java:109)
	at junit.framework.TestCase.run(TestCase.java:118)
	at junit.framework.TestSuite.runTest(TestSuite.java:208)
	at junit.framework.TestSuite.run(TestSuite.java:203)
	at junit.framework.TestSuite.runTest(TestSuite.java:208)
	at junit.framework.TestSuite.run(TestSuite.java:203)
	at org.apache.tools.ant.taskdefs.optional.junit.JUnitTestRunner.run(JUnitTestRunner.java:297)
	at org.apache.tools.ant.taskdefs.optional.junit.JUnitTestRunner.launch(JUnitTestRunner.java:672)
	at org.apache.tools.ant.taskdefs.optional.junit.JUnitTestRunner.main(JUnitTestRunner.java:567)
Caused by: javax.persistence.PersistenceException
	at com.topcoder.service.studio.contest.bean.MockEntityManager.find(MockEntityManager.java:139)
	at com.topcoder.service.studio.contest.bean.ContestManagerBean.removeContestStatus(ContestManagerBean.java:801)
	... 18 more
[Exit method: removeContestStatus()]
[Enter method: addContestStatus()]
[param1: null]
[Exit method: addContestStatus()]
[Enter method: getContestStatus()]
[param1: 16]
[Exit method: getContestStatus()]
[Enter method: getContestStatus()]
[param1: 1]
The EntityManager is closed.
com.topcoder.service.studio.contest.ContestManagementException: The EntityManager is closed.
	at com.topcoder.service.studio.contest.bean.ContestManagerBean.wrapContestManagementException(ContestManagerBean.java:2119)
	at com.topcoder.service.studio.contest.bean.ContestManagerBean.getContestStatus(ContestManagerBean.java:843)
	at com.topcoder.service.studio.contest.bean.ContestManagerBeanUnitTest1.testGetContestStatus_Failure1(ContestManagerBeanUnitTest1.java:1528)
	at sun.reflect.NativeMethodAccessorImpl.invoke0(Native Method)
	at sun.reflect.NativeMethodAccessorImpl.invoke(NativeMethodAccessorImpl.java:39)
	at sun.reflect.DelegatingMethodAccessorImpl.invoke(DelegatingMethodAccessorImpl.java:25)
	at java.lang.reflect.Method.invoke(Method.java:585)
	at junit.framework.TestCase.runTest(TestCase.java:154)
	at junit.framework.TestCase.runBare(TestCase.java:127)
	at junit.framework.TestResult$1.protect(TestResult.java:106)
	at junit.framework.TestResult.runProtected(TestResult.java:124)
	at junit.framework.TestResult.run(TestResult.java:109)
	at junit.framework.TestCase.run(TestCase.java:118)
	at junit.framework.TestSuite.runTest(TestSuite.java:208)
	at junit.framework.TestSuite.run(TestSuite.java:203)
	at junit.framework.TestSuite.runTest(TestSuite.java:208)
	at junit.framework.TestSuite.run(TestSuite.java:203)
	at org.apache.tools.ant.taskdefs.optional.junit.JUnitTestRunner.run(JUnitTestRunner.java:297)
	at org.apache.tools.ant.taskdefs.optional.junit.JUnitTestRunner.launch(JUnitTestRunner.java:672)
	at org.apache.tools.ant.taskdefs.optional.junit.JUnitTestRunner.main(JUnitTestRunner.java:567)
Caused by: java.lang.IllegalStateException: EntityManager is closed
	at org.hibernate.ejb.EntityManagerImpl.getSession(EntityManagerImpl.java:42)
	at org.hibernate.ejb.AbstractEntityManagerImpl.find(AbstractEntityManagerImpl.java:174)
	at com.topcoder.service.studio.contest.bean.MockEntityManager.find(MockEntityManager.java:146)
	at com.topcoder.service.studio.contest.bean.ContestManagerBean.getContestStatus(ContestManagerBean.java:839)
	... 18 more
[Exit method: getContestStatus()]
[Enter method: getContestStatus()]
[param1: 1]
There are errors while persisting the entity.
com.topcoder.service.studio.contest.ContestManagementException: There are errors while persisting the entity.
	at com.topcoder.service.studio.contest.bean.ContestManagerBean.wrapContestManagementException(ContestManagerBean.java:2119)
	at com.topcoder.service.studio.contest.bean.ContestManagerBean.getContestStatus(ContestManagerBean.java:845)
	at com.topcoder.service.studio.contest.bean.ContestManagerBeanUnitTest1.testGetContestStatus_Failure2(ContestManagerBeanUnitTest1.java:1552)
	at sun.reflect.NativeMethodAccessorImpl.invoke0(Native Method)
	at sun.reflect.NativeMethodAccessorImpl.invoke(NativeMethodAccessorImpl.java:39)
	at sun.reflect.DelegatingMethodAccessorImpl.invoke(DelegatingMethodAccessorImpl.java:25)
	at java.lang.reflect.Method.invoke(Method.java:585)
	at junit.framework.TestCase.runTest(TestCase.java:154)
	at junit.framework.TestCase.runBare(TestCase.java:127)
	at junit.framework.TestResult$1.protect(TestResult.java:106)
	at junit.framework.TestResult.runProtected(TestResult.java:124)
	at junit.framework.TestResult.run(TestResult.java:109)
	at junit.framework.TestCase.run(TestCase.java:118)
	at junit.framework.TestSuite.runTest(TestSuite.java:208)
	at junit.framework.TestSuite.run(TestSuite.java:203)
	at junit.framework.TestSuite.runTest(TestSuite.java:208)
	at junit.framework.TestSuite.run(TestSuite.java:203)
	at org.apache.tools.ant.taskdefs.optional.junit.JUnitTestRunner.run(JUnitTestRunner.java:297)
	at org.apache.tools.ant.taskdefs.optional.junit.JUnitTestRunner.launch(JUnitTestRunner.java:672)
	at org.apache.tools.ant.taskdefs.optional.junit.JUnitTestRunner.main(JUnitTestRunner.java:567)
Caused by: javax.persistence.PersistenceException
	at com.topcoder.service.studio.contest.bean.MockEntityManager.find(MockEntityManager.java:139)
	at com.topcoder.service.studio.contest.bean.ContestManagerBean.getContestStatus(ContestManagerBean.java:839)
	... 18 more
[Exit method: getContestStatus()]
Hibernate: select max(path_id) from path
[Enter method: addDocument()]
[param1: null]
Hibernate: select max(document_id) from document
[Exit method: addDocument()]
[Enter method: addDocument()]
[param1: null]
[Exit method: addDocument()]
[Enter method: addDocument()]
[param1: 2]
The document already exists.
com.topcoder.service.studio.contest.EntityAlreadyExistsException: The document already exists.
	at com.topcoder.service.studio.contest.bean.ContestManagerBean.addDocument(ContestManagerBean.java:874)
	at com.topcoder.service.studio.contest.bean.ContestManagerBeanUnitTest1.testAddDocument_Failure1(ContestManagerBeanUnitTest1.java:1609)
	at sun.reflect.NativeMethodAccessorImpl.invoke0(Native Method)
	at sun.reflect.NativeMethodAccessorImpl.invoke(NativeMethodAccessorImpl.java:39)
	at sun.reflect.DelegatingMethodAccessorImpl.invoke(DelegatingMethodAccessorImpl.java:25)
	at java.lang.reflect.Method.invoke(Method.java:585)
	at junit.framework.TestCase.runTest(TestCase.java:154)
	at junit.framework.TestCase.runBare(TestCase.java:127)
	at junit.framework.TestResult$1.protect(TestResult.java:106)
	at junit.framework.TestResult.runProtected(TestResult.java:124)
	at junit.framework.TestResult.run(TestResult.java:109)
	at junit.framework.TestCase.run(TestCase.java:118)
	at junit.framework.TestSuite.runTest(TestSuite.java:208)
	at junit.framework.TestSuite.run(TestSuite.java:203)
	at junit.framework.TestSuite.runTest(TestSuite.java:208)
	at junit.framework.TestSuite.run(TestSuite.java:203)
	at org.apache.tools.ant.taskdefs.optional.junit.JUnitTestRunner.run(JUnitTestRunner.java:297)
	at org.apache.tools.ant.taskdefs.optional.junit.JUnitTestRunner.launch(JUnitTestRunner.java:672)
	at org.apache.tools.ant.taskdefs.optional.junit.JUnitTestRunner.main(JUnitTestRunner.java:567)
[Exit method: addDocument()]
[Enter method: addDocument()]
[param1: null]
The EntityManager is closed.
com.topcoder.service.studio.contest.ContestManagementException: The EntityManager is closed.
	at com.topcoder.service.studio.contest.bean.ContestManagerBean.wrapContestManagementException(ContestManagerBean.java:2119)
	at com.topcoder.service.studio.contest.bean.ContestManagerBean.addDocument(ContestManagerBean.java:899)
	at com.topcoder.service.studio.contest.bean.ContestManagerBeanUnitTest1.testAddDocument_Failure3(ContestManagerBeanUnitTest1.java:1637)
	at sun.reflect.NativeMethodAccessorImpl.invoke0(Native Method)
	at sun.reflect.NativeMethodAccessorImpl.invoke(NativeMethodAccessorImpl.java:39)
	at sun.reflect.DelegatingMethodAccessorImpl.invoke(DelegatingMethodAccessorImpl.java:25)
	at java.lang.reflect.Method.invoke(Method.java:585)
	at junit.framework.TestCase.runTest(TestCase.java:154)
	at junit.framework.TestCase.runBare(TestCase.java:127)
	at junit.framework.TestResult$1.protect(TestResult.java:106)
	at junit.framework.TestResult.runProtected(TestResult.java:124)
	at junit.framework.TestResult.run(TestResult.java:109)
	at junit.framework.TestCase.run(TestCase.java:118)
	at junit.framework.TestSuite.runTest(TestSuite.java:208)
	at junit.framework.TestSuite.run(TestSuite.java:203)
	at junit.framework.TestSuite.runTest(TestSuite.java:208)
	at junit.framework.TestSuite.run(TestSuite.java:203)
	at org.apache.tools.ant.taskdefs.optional.junit.JUnitTestRunner.run(JUnitTestRunner.java:297)
	at org.apache.tools.ant.taskdefs.optional.junit.JUnitTestRunner.launch(JUnitTestRunner.java:672)
	at org.apache.tools.ant.taskdefs.optional.junit.JUnitTestRunner.main(JUnitTestRunner.java:567)
Caused by: java.lang.IllegalStateException: EntityManager is closed
	at org.hibernate.ejb.EntityManagerImpl.getSession(EntityManagerImpl.java:42)
	at org.hibernate.ejb.AbstractEntityManagerImpl.find(AbstractEntityManagerImpl.java:174)
	at com.topcoder.service.studio.contest.bean.MockEntityManager.find(MockEntityManager.java:146)
	at com.topcoder.service.studio.contest.bean.ContestManagerBean.addDocument(ContestManagerBean.java:882)
	... 18 more
[Exit method: addDocument()]
[Enter method: addDocument()]
[param1: null]
This method is required to run in transaction.
com.topcoder.service.studio.contest.ContestManagementException: This method is required to run in transaction.
	at com.topcoder.service.studio.contest.bean.ContestManagerBean.wrapContestManagementException(ContestManagerBean.java:2119)
	at com.topcoder.service.studio.contest.bean.ContestManagerBean.addDocument(ContestManagerBean.java:901)
	at com.topcoder.service.studio.contest.bean.ContestManagerBeanUnitTest1.testAddDocument_Failure4(ContestManagerBeanUnitTest1.java:1665)
	at sun.reflect.NativeMethodAccessorImpl.invoke0(Native Method)
	at sun.reflect.NativeMethodAccessorImpl.invoke(NativeMethodAccessorImpl.java:39)
	at sun.reflect.DelegatingMethodAccessorImpl.invoke(DelegatingMethodAccessorImpl.java:25)
	at java.lang.reflect.Method.invoke(Method.java:585)
	at junit.framework.TestCase.runTest(TestCase.java:154)
	at junit.framework.TestCase.runBare(TestCase.java:127)
	at junit.framework.TestResult$1.protect(TestResult.java:106)
	at junit.framework.TestResult.runProtected(TestResult.java:124)
	at junit.framework.TestResult.run(TestResult.java:109)
	at junit.framework.TestCase.run(TestCase.java:118)
	at junit.framework.TestSuite.runTest(TestSuite.java:208)
	at junit.framework.TestSuite.run(TestSuite.java:203)
	at junit.framework.TestSuite.runTest(TestSuite.java:208)
	at junit.framework.TestSuite.run(TestSuite.java:203)
	at org.apache.tools.ant.taskdefs.optional.junit.JUnitTestRunner.run(JUnitTestRunner.java:297)
	at org.apache.tools.ant.taskdefs.optional.junit.JUnitTestRunner.launch(JUnitTestRunner.java:672)
	at org.apache.tools.ant.taskdefs.optional.junit.JUnitTestRunner.main(JUnitTestRunner.java:567)
Caused by: javax.persistence.TransactionRequiredException
	at com.topcoder.service.studio.contest.bean.MockEntityManager.find(MockEntityManager.java:143)
	at com.topcoder.service.studio.contest.bean.ContestManagerBean.addDocument(ContestManagerBean.java:882)
	... 18 more
[Exit method: addDocument()]
[Enter method: addDocument()]
[param1: null]
There are errors while persisting the entity.
com.topcoder.service.studio.contest.ContestManagementException: There are errors while persisting the entity.
	at com.topcoder.service.studio.contest.bean.ContestManagerBean.wrapContestManagementException(ContestManagerBean.java:2119)
	at com.topcoder.service.studio.contest.bean.ContestManagerBean.addDocument(ContestManagerBean.java:903)
	at com.topcoder.service.studio.contest.bean.ContestManagerBeanUnitTest1.testAddDocument_Failure5(ContestManagerBeanUnitTest1.java:1693)
	at sun.reflect.NativeMethodAccessorImpl.invoke0(Native Method)
	at sun.reflect.NativeMethodAccessorImpl.invoke(NativeMethodAccessorImpl.java:39)
	at sun.reflect.DelegatingMethodAccessorImpl.invoke(DelegatingMethodAccessorImpl.java:25)
	at java.lang.reflect.Method.invoke(Method.java:585)
	at junit.framework.TestCase.runTest(TestCase.java:154)
	at junit.framework.TestCase.runBare(TestCase.java:127)
	at junit.framework.TestResult$1.protect(TestResult.java:106)
	at junit.framework.TestResult.runProtected(TestResult.java:124)
	at junit.framework.TestResult.run(TestResult.java:109)
	at junit.framework.TestCase.run(TestCase.java:118)
	at junit.framework.TestSuite.runTest(TestSuite.java:208)
	at junit.framework.TestSuite.run(TestSuite.java:203)
	at junit.framework.TestSuite.runTest(TestSuite.java:208)
	at junit.framework.TestSuite.run(TestSuite.java:203)
	at org.apache.tools.ant.taskdefs.optional.junit.JUnitTestRunner.run(JUnitTestRunner.java:297)
	at org.apache.tools.ant.taskdefs.optional.junit.JUnitTestRunner.launch(JUnitTestRunner.java:672)
	at org.apache.tools.ant.taskdefs.optional.junit.JUnitTestRunner.main(JUnitTestRunner.java:567)
Caused by: javax.persistence.PersistenceException
	at com.topcoder.service.studio.contest.bean.MockEntityManager.find(MockEntityManager.java:139)
	at com.topcoder.service.studio.contest.bean.ContestManagerBean.addDocument(ContestManagerBean.java:882)
	... 18 more
[Exit method: addDocument()]
[Enter method: addDocument()]
[param1: null]
[Exit method: addDocument()]
[Enter method: updateDocument()]
[param1: 3]
[Exit method: updateDocument()]
[Enter method: getDocument()]
[param1: 3]
[Exit method: getDocument()]
[Enter method: updateDocument()]
[param1: null]
The document with id 'null' doesn't exist.
com.topcoder.service.studio.contest.EntityNotFoundException: The document with id 'null' doesn't exist.
	at com.topcoder.service.studio.contest.bean.ContestManagerBean.wrapEntityNotFoundException(ContestManagerBean.java:2084)
	at com.topcoder.service.studio.contest.bean.ContestManagerBean.updateDocument(ContestManagerBean.java:931)
	at com.topcoder.service.studio.contest.bean.ContestManagerBeanUnitTest1.testUpdateDocument_Failure1(ContestManagerBeanUnitTest1.java:1776)
	at sun.reflect.NativeMethodAccessorImpl.invoke0(Native Method)
	at sun.reflect.NativeMethodAccessorImpl.invoke(NativeMethodAccessorImpl.java:39)
	at sun.reflect.DelegatingMethodAccessorImpl.invoke(DelegatingMethodAccessorImpl.java:25)
	at java.lang.reflect.Method.invoke(Method.java:585)
	at junit.framework.TestCase.runTest(TestCase.java:154)
	at junit.framework.TestCase.runBare(TestCase.java:127)
	at junit.framework.TestResult$1.protect(TestResult.java:106)
	at junit.framework.TestResult.runProtected(TestResult.java:124)
	at junit.framework.TestResult.run(TestResult.java:109)
	at junit.framework.TestCase.run(TestCase.java:118)
	at junit.framework.TestSuite.runTest(TestSuite.java:208)
	at junit.framework.TestSuite.run(TestSuite.java:203)
	at junit.framework.TestSuite.runTest(TestSuite.java:208)
	at junit.framework.TestSuite.run(TestSuite.java:203)
	at org.apache.tools.ant.taskdefs.optional.junit.JUnitTestRunner.run(JUnitTestRunner.java:297)
	at org.apache.tools.ant.taskdefs.optional.junit.JUnitTestRunner.launch(JUnitTestRunner.java:672)
	at org.apache.tools.ant.taskdefs.optional.junit.JUnitTestRunner.main(JUnitTestRunner.java:567)
[Exit method: updateDocument()]
[Enter method: addDocument()]
[param1: null]
Hibernate: /* load com.topcoder.service.studio.contest.FilePath */ select filepath0_.path_id as path1_9_0_, filepath0_.path as path9_0_, filepath0_.modify_date as modify3_9_0_ from path filepath0_ where filepath0_.path_id=?
The file path with specified path id doesn't exist.
com.topcoder.service.studio.contest.ContestManagementException: The file path with specified path id doesn't exist.
	at com.topcoder.service.studio.contest.bean.ContestManagerBean.wrapContestManagementException(ContestManagerBean.java:2101)
	at com.topcoder.service.studio.contest.bean.ContestManagerBean.addDocument(ContestManagerBean.java:885)
	at com.topcoder.service.studio.contest.bean.ContestManagerBeanUnitTest1.testUpdateDocument_Failure2(ContestManagerBeanUnitTest1.java:1806)
	at sun.reflect.NativeMethodAccessorImpl.invoke0(Native Method)
	at sun.reflect.NativeMethodAccessorImpl.invoke(NativeMethodAccessorImpl.java:39)
	at sun.reflect.DelegatingMethodAccessorImpl.invoke(DelegatingMethodAccessorImpl.java:25)
	at java.lang.reflect.Method.invoke(Method.java:585)
	at junit.framework.TestCase.runTest(TestCase.java:154)
	at junit.framework.TestCase.runBare(TestCase.java:127)
	at junit.framework.TestResult$1.protect(TestResult.java:106)
	at junit.framework.TestResult.runProtected(TestResult.java:124)
	at junit.framework.TestResult.run(TestResult.java:109)
	at junit.framework.TestCase.run(TestCase.java:118)
	at junit.framework.TestSuite.runTest(TestSuite.java:208)
	at junit.framework.TestSuite.run(TestSuite.java:203)
	at junit.framework.TestSuite.runTest(TestSuite.java:208)
	at junit.framework.TestSuite.run(TestSuite.java:203)
	at org.apache.tools.ant.taskdefs.optional.junit.JUnitTestRunner.run(JUnitTestRunner.java:297)
	at org.apache.tools.ant.taskdefs.optional.junit.JUnitTestRunner.launch(JUnitTestRunner.java:672)
	at org.apache.tools.ant.taskdefs.optional.junit.JUnitTestRunner.main(JUnitTestRunner.java:567)
[Exit method: addDocument()]
[Enter method: addDocument()]
[param1: null]
Hibernate: /* load com.topcoder.service.studio.contest.FilePath */ select filepath0_.path_id as path1_9_0_, filepath0_.path as path9_0_, filepath0_.modify_date as modify3_9_0_ from path filepath0_ where filepath0_.path_id=?
The file path with specified path id doesn't exist.
com.topcoder.service.studio.contest.ContestManagementException: The file path with specified path id doesn't exist.
	at com.topcoder.service.studio.contest.bean.ContestManagerBean.wrapContestManagementException(ContestManagerBean.java:2101)
	at com.topcoder.service.studio.contest.bean.ContestManagerBean.addDocument(ContestManagerBean.java:885)
	at com.topcoder.service.studio.contest.bean.ContestManagerBeanUnitTest1.testUpdateDocument_Failure3(ContestManagerBeanUnitTest1.java:1839)
	at sun.reflect.NativeMethodAccessorImpl.invoke0(Native Method)
	at sun.reflect.NativeMethodAccessorImpl.invoke(NativeMethodAccessorImpl.java:39)
	at sun.reflect.DelegatingMethodAccessorImpl.invoke(DelegatingMethodAccessorImpl.java:25)
	at java.lang.reflect.Method.invoke(Method.java:585)
	at junit.framework.TestCase.runTest(TestCase.java:154)
	at junit.framework.TestCase.runBare(TestCase.java:127)
	at junit.framework.TestResult$1.protect(TestResult.java:106)
	at junit.framework.TestResult.runProtected(TestResult.java:124)
	at junit.framework.TestResult.run(TestResult.java:109)
	at junit.framework.TestCase.run(TestCase.java:118)
	at junit.framework.TestSuite.runTest(TestSuite.java:208)
	at junit.framework.TestSuite.run(TestSuite.java:203)
	at junit.framework.TestSuite.runTest(TestSuite.java:208)
	at junit.framework.TestSuite.run(TestSuite.java:203)
	at org.apache.tools.ant.taskdefs.optional.junit.JUnitTestRunner.run(JUnitTestRunner.java:297)
	at org.apache.tools.ant.taskdefs.optional.junit.JUnitTestRunner.launch(JUnitTestRunner.java:672)
	at org.apache.tools.ant.taskdefs.optional.junit.JUnitTestRunner.main(JUnitTestRunner.java:567)
[Exit method: addDocument()]
[Enter method: addDocument()]
[param1: null]
Hibernate: /* load com.topcoder.service.studio.contest.FilePath */ select filepath0_.path_id as path1_9_0_, filepath0_.path as path9_0_, filepath0_.modify_date as modify3_9_0_ from path filepath0_ where filepath0_.path_id=?
The file path with specified path id doesn't exist.
com.topcoder.service.studio.contest.ContestManagementException: The file path with specified path id doesn't exist.
	at com.topcoder.service.studio.contest.bean.ContestManagerBean.wrapContestManagementException(ContestManagerBean.java:2101)
	at com.topcoder.service.studio.contest.bean.ContestManagerBean.addDocument(ContestManagerBean.java:885)
	at com.topcoder.service.studio.contest.bean.ContestManagerBeanUnitTest1.testUpdateDocument_Failure4(ContestManagerBeanUnitTest1.java:1873)
	at sun.reflect.NativeMethodAccessorImpl.invoke0(Native Method)
	at sun.reflect.NativeMethodAccessorImpl.invoke(NativeMethodAccessorImpl.java:39)
	at sun.reflect.DelegatingMethodAccessorImpl.invoke(DelegatingMethodAccessorImpl.java:25)
	at java.lang.reflect.Method.invoke(Method.java:585)
	at junit.framework.TestCase.runTest(TestCase.java:154)
	at junit.framework.TestCase.runBare(TestCase.java:127)
	at junit.framework.TestResult$1.protect(TestResult.java:106)
	at junit.framework.TestResult.runProtected(TestResult.java:124)
	at junit.framework.TestResult.run(TestResult.java:109)
	at junit.framework.TestCase.run(TestCase.java:118)
	at junit.framework.TestSuite.runTest(TestSuite.java:208)
	at junit.framework.TestSuite.run(TestSuite.java:203)
	at junit.framework.TestSuite.runTest(TestSuite.java:208)
	at junit.framework.TestSuite.run(TestSuite.java:203)
	at org.apache.tools.ant.taskdefs.optional.junit.JUnitTestRunner.run(JUnitTestRunner.java:297)
	at org.apache.tools.ant.taskdefs.optional.junit.JUnitTestRunner.launch(JUnitTestRunner.java:672)
	at org.apache.tools.ant.taskdefs.optional.junit.JUnitTestRunner.main(JUnitTestRunner.java:567)
[Exit method: addDocument()]
[Enter method: addDocument()]
[param1: null]
[Exit method: addDocument()]
[Enter method: getDocument()]
[param1: 4]
[Exit method: getDocument()]
[Enter method: getDocument()]
[param1: 1]
The EntityManager is closed.
com.topcoder.service.studio.contest.ContestManagementException: The EntityManager is closed.
	at com.topcoder.service.studio.contest.bean.ContestManagerBean.wrapContestManagementException(ContestManagerBean.java:2119)
	at com.topcoder.service.studio.contest.bean.ContestManagerBean.getDocument(ContestManagerBean.java:969)
	at com.topcoder.service.studio.contest.bean.ContestManagerBeanUnitTest1.testGetDocument_Failure1(ContestManagerBeanUnitTest1.java:1949)
	at sun.reflect.NativeMethodAccessorImpl.invoke0(Native Method)
	at sun.reflect.NativeMethodAccessorImpl.invoke(NativeMethodAccessorImpl.java:39)
	at sun.reflect.DelegatingMethodAccessorImpl.invoke(DelegatingMethodAccessorImpl.java:25)
	at java.lang.reflect.Method.invoke(Method.java:585)
	at junit.framework.TestCase.runTest(TestCase.java:154)
	at junit.framework.TestCase.runBare(TestCase.java:127)
	at junit.framework.TestResult$1.protect(TestResult.java:106)
	at junit.framework.TestResult.runProtected(TestResult.java:124)
	at junit.framework.TestResult.run(TestResult.java:109)
	at junit.framework.TestCase.run(TestCase.java:118)
	at junit.framework.TestSuite.runTest(TestSuite.java:208)
	at junit.framework.TestSuite.run(TestSuite.java:203)
	at junit.framework.TestSuite.runTest(TestSuite.java:208)
	at junit.framework.TestSuite.run(TestSuite.java:203)
	at org.apache.tools.ant.taskdefs.optional.junit.JUnitTestRunner.run(JUnitTestRunner.java:297)
	at org.apache.tools.ant.taskdefs.optional.junit.JUnitTestRunner.launch(JUnitTestRunner.java:672)
	at org.apache.tools.ant.taskdefs.optional.junit.JUnitTestRunner.main(JUnitTestRunner.java:567)
Caused by: java.lang.IllegalStateException: EntityManager is closed
	at org.hibernate.ejb.EntityManagerImpl.getSession(EntityManagerImpl.java:42)
	at org.hibernate.ejb.AbstractEntityManagerImpl.find(AbstractEntityManagerImpl.java:174)
	at com.topcoder.service.studio.contest.bean.MockEntityManager.find(MockEntityManager.java:146)
	at com.topcoder.service.studio.contest.bean.ContestManagerBean.getDocument(ContestManagerBean.java:965)
	... 18 more
[Exit method: getDocument()]
[Enter method: getDocument()]
[param1: 1]
There are errors while persisting the entity.
com.topcoder.service.studio.contest.ContestManagementException: There are errors while persisting the entity.
	at com.topcoder.service.studio.contest.bean.ContestManagerBean.wrapContestManagementException(ContestManagerBean.java:2119)
	at com.topcoder.service.studio.contest.bean.ContestManagerBean.getDocument(ContestManagerBean.java:971)
	at com.topcoder.service.studio.contest.bean.ContestManagerBeanUnitTest1.testGetDocument_Failure2(ContestManagerBeanUnitTest1.java:1973)
	at sun.reflect.NativeMethodAccessorImpl.invoke0(Native Method)
	at sun.reflect.NativeMethodAccessorImpl.invoke(NativeMethodAccessorImpl.java:39)
	at sun.reflect.DelegatingMethodAccessorImpl.invoke(DelegatingMethodAccessorImpl.java:25)
	at java.lang.reflect.Method.invoke(Method.java:585)
	at junit.framework.TestCase.runTest(TestCase.java:154)
	at junit.framework.TestCase.runBare(TestCase.java:127)
	at junit.framework.TestResult$1.protect(TestResult.java:106)
	at junit.framework.TestResult.runProtected(TestResult.java:124)
	at junit.framework.TestResult.run(TestResult.java:109)
	at junit.framework.TestCase.run(TestCase.java:118)
	at junit.framework.TestSuite.runTest(TestSuite.java:208)
	at junit.framework.TestSuite.run(TestSuite.java:203)
	at junit.framework.TestSuite.runTest(TestSuite.java:208)
	at junit.framework.TestSuite.run(TestSuite.java:203)
	at org.apache.tools.ant.taskdefs.optional.junit.JUnitTestRunner.run(JUnitTestRunner.java:297)
	at org.apache.tools.ant.taskdefs.optional.junit.JUnitTestRunner.launch(JUnitTestRunner.java:672)
	at org.apache.tools.ant.taskdefs.optional.junit.JUnitTestRunner.main(JUnitTestRunner.java:567)
Caused by: javax.persistence.PersistenceException
	at com.topcoder.service.studio.contest.bean.MockEntityManager.find(MockEntityManager.java:139)
	at com.topcoder.service.studio.contest.bean.ContestManagerBean.getDocument(ContestManagerBean.java:965)
	... 18 more
[Exit method: getDocument()]
[Enter method: removeDocument()]
[param1: 1,000]
Hibernate: /* load com.topcoder.service.studio.contest.Document */ select document0_.document_id as document1_23_0_, document0_.original_file_name as original2_23_0_, document0_.system_file_name as system3_23_0_, document0_.path_id as path4_23_0_, document0_.mime_type_id as mime5_23_0_, document0_.document_type_id as document6_23_0_, document0_.create_date as create7_23_0_ from document document0_ where document0_.document_id=?
[Exit method: removeDocument()]
[Enter method: addDocument()]
[param1: null]
[Exit method: addDocument()]
[Enter method: removeDocument()]
[param1: 5]
[Exit method: removeDocument()]
[Enter method: removeDocument()]
[param1: 1]
The EntityManager is closed.
com.topcoder.service.studio.contest.ContestManagementException: The EntityManager is closed.
	at com.topcoder.service.studio.contest.bean.ContestManagerBean.wrapContestManagementException(ContestManagerBean.java:2119)
	at com.topcoder.service.studio.contest.bean.ContestManagerBean.removeDocument(ContestManagerBean.java:1006)
	at com.topcoder.service.studio.contest.bean.ContestManagerBeanUnitTest1.testRemoveDocument_Failure1(ContestManagerBeanUnitTest1.java:2062)
	at sun.reflect.NativeMethodAccessorImpl.invoke0(Native Method)
	at sun.reflect.NativeMethodAccessorImpl.invoke(NativeMethodAccessorImpl.java:39)
	at sun.reflect.DelegatingMethodAccessorImpl.invoke(DelegatingMethodAccessorImpl.java:25)
	at java.lang.reflect.Method.invoke(Method.java:585)
	at junit.framework.TestCase.runTest(TestCase.java:154)
	at junit.framework.TestCase.runBare(TestCase.java:127)
	at junit.framework.TestResult$1.protect(TestResult.java:106)
	at junit.framework.TestResult.runProtected(TestResult.java:124)
	at junit.framework.TestResult.run(TestResult.java:109)
	at junit.framework.TestCase.run(TestCase.java:118)
	at junit.framework.TestSuite.runTest(TestSuite.java:208)
	at junit.framework.TestSuite.run(TestSuite.java:203)
	at junit.framework.TestSuite.runTest(TestSuite.java:208)
	at junit.framework.TestSuite.run(TestSuite.java:203)
	at org.apache.tools.ant.taskdefs.optional.junit.JUnitTestRunner.run(JUnitTestRunner.java:297)
	at org.apache.tools.ant.taskdefs.optional.junit.JUnitTestRunner.launch(JUnitTestRunner.java:672)
	at org.apache.tools.ant.taskdefs.optional.junit.JUnitTestRunner.main(JUnitTestRunner.java:567)
Caused by: java.lang.IllegalStateException: EntityManager is closed
	at org.hibernate.ejb.EntityManagerImpl.getSession(EntityManagerImpl.java:42)
	at org.hibernate.ejb.AbstractEntityManagerImpl.find(AbstractEntityManagerImpl.java:174)
	at com.topcoder.service.studio.contest.bean.MockEntityManager.find(MockEntityManager.java:146)
	at com.topcoder.service.studio.contest.bean.ContestManagerBean.removeDocument(ContestManagerBean.java:996)
	... 18 more
[Exit method: removeDocument()]
[Enter method: removeDocument()]
[param1: 1]
This method is required to run in transaction.
com.topcoder.service.studio.contest.ContestManagementException: This method is required to run in transaction.
	at com.topcoder.service.studio.contest.bean.ContestManagerBean.wrapContestManagementException(ContestManagerBean.java:2119)
	at com.topcoder.service.studio.contest.bean.ContestManagerBean.removeDocument(ContestManagerBean.java:1008)
	at com.topcoder.service.studio.contest.bean.ContestManagerBeanUnitTest1.testRemoveDocument_Failure2(ContestManagerBeanUnitTest1.java:2086)
	at sun.reflect.NativeMethodAccessorImpl.invoke0(Native Method)
	at sun.reflect.NativeMethodAccessorImpl.invoke(NativeMethodAccessorImpl.java:39)
	at sun.reflect.DelegatingMethodAccessorImpl.invoke(DelegatingMethodAccessorImpl.java:25)
	at java.lang.reflect.Method.invoke(Method.java:585)
	at junit.framework.TestCase.runTest(TestCase.java:154)
	at junit.framework.TestCase.runBare(TestCase.java:127)
	at junit.framework.TestResult$1.protect(TestResult.java:106)
	at junit.framework.TestResult.runProtected(TestResult.java:124)
	at junit.framework.TestResult.run(TestResult.java:109)
	at junit.framework.TestCase.run(TestCase.java:118)
	at junit.framework.TestSuite.runTest(TestSuite.java:208)
	at junit.framework.TestSuite.run(TestSuite.java:203)
	at junit.framework.TestSuite.runTest(TestSuite.java:208)
	at junit.framework.TestSuite.run(TestSuite.java:203)
	at org.apache.tools.ant.taskdefs.optional.junit.JUnitTestRunner.run(JUnitTestRunner.java:297)
	at org.apache.tools.ant.taskdefs.optional.junit.JUnitTestRunner.launch(JUnitTestRunner.java:672)
	at org.apache.tools.ant.taskdefs.optional.junit.JUnitTestRunner.main(JUnitTestRunner.java:567)
Caused by: javax.persistence.TransactionRequiredException
	at com.topcoder.service.studio.contest.bean.MockEntityManager.find(MockEntityManager.java:143)
	at com.topcoder.service.studio.contest.bean.ContestManagerBean.removeDocument(ContestManagerBean.java:996)
	... 18 more
[Exit method: removeDocument()]
[Enter method: removeDocument()]
[param1: 1]
There are errors while persisting the entity.
com.topcoder.service.studio.contest.ContestManagementException: There are errors while persisting the entity.
	at com.topcoder.service.studio.contest.bean.ContestManagerBean.wrapContestManagementException(ContestManagerBean.java:2119)
	at com.topcoder.service.studio.contest.bean.ContestManagerBean.removeDocument(ContestManagerBean.java:1010)
	at com.topcoder.service.studio.contest.bean.ContestManagerBeanUnitTest1.testRemoveDocument_Failure3(ContestManagerBeanUnitTest1.java:2110)
	at sun.reflect.NativeMethodAccessorImpl.invoke0(Native Method)
	at sun.reflect.NativeMethodAccessorImpl.invoke(NativeMethodAccessorImpl.java:39)
	at sun.reflect.DelegatingMethodAccessorImpl.invoke(DelegatingMethodAccessorImpl.java:25)
	at java.lang.reflect.Method.invoke(Method.java:585)
	at junit.framework.TestCase.runTest(TestCase.java:154)
	at junit.framework.TestCase.runBare(TestCase.java:127)
	at junit.framework.TestResult$1.protect(TestResult.java:106)
	at junit.framework.TestResult.runProtected(TestResult.java:124)
	at junit.framework.TestResult.run(TestResult.java:109)
	at junit.framework.TestCase.run(TestCase.java:118)
	at junit.framework.TestSuite.runTest(TestSuite.java:208)
	at junit.framework.TestSuite.run(TestSuite.java:203)
	at junit.framework.TestSuite.runTest(TestSuite.java:208)
	at junit.framework.TestSuite.run(TestSuite.java:203)
	at org.apache.tools.ant.taskdefs.optional.junit.JUnitTestRunner.run(JUnitTestRunner.java:297)
	at org.apache.tools.ant.taskdefs.optional.junit.JUnitTestRunner.launch(JUnitTestRunner.java:672)
	at org.apache.tools.ant.taskdefs.optional.junit.JUnitTestRunner.main(JUnitTestRunner.java:567)
Caused by: javax.persistence.PersistenceException
	at com.topcoder.service.studio.contest.bean.MockEntityManager.find(MockEntityManager.java:139)
	at com.topcoder.service.studio.contest.bean.ContestManagerBean.removeDocument(ContestManagerBean.java:996)
	... 18 more
[Exit method: removeDocument()]
[Enter method: createContest()]
[param1: null]
[Exit method: createContest()]
[Enter method: addDocument()]
[param1: null]
[Exit method: addDocument()]
[Enter method: addDocumentToContest()]
[param1: 6, param2: 14]
[Exit method: addDocumentToContest()]
[Enter method: getContest()]
[param1: 14]
[Exit method: getContest()]
[Enter method: createContest()]
[param1: null]
[Exit method: createContest()]
[Enter method: addDocumentToContest()]
[param1: 1,000, param2: 15]
Hibernate: /* load com.topcoder.service.studio.contest.Document */ select document0_.document_id as document1_23_0_, document0_.original_file_name as original2_23_0_, document0_.system_file_name as system3_23_0_, document0_.path_id as path4_23_0_, document0_.mime_type_id as mime5_23_0_, document0_.document_type_id as document6_23_0_, document0_.create_date as create7_23_0_ from document document0_ where document0_.document_id=?
The document with id '1000' doesn't exist.
com.topcoder.service.studio.contest.EntityNotFoundException: The document with id '1000' doesn't exist.
	at com.topcoder.service.studio.contest.bean.ContestManagerBean.wrapEntityNotFoundException(ContestManagerBean.java:2084)
	at com.topcoder.service.studio.contest.bean.ContestManagerBean.addDocumentToContest(ContestManagerBean.java:1039)
	at com.topcoder.service.studio.contest.bean.ContestManagerBeanUnitTest1.testAddDocumentToContest_Failure1(ContestManagerBeanUnitTest1.java:2192)
	at sun.reflect.NativeMethodAccessorImpl.invoke0(Native Method)
	at sun.reflect.NativeMethodAccessorImpl.invoke(NativeMethodAccessorImpl.java:39)
	at sun.reflect.DelegatingMethodAccessorImpl.invoke(DelegatingMethodAccessorImpl.java:25)
	at java.lang.reflect.Method.invoke(Method.java:585)
	at junit.framework.TestCase.runTest(TestCase.java:154)
	at junit.framework.TestCase.runBare(TestCase.java:127)
	at junit.framework.TestResult$1.protect(TestResult.java:106)
	at junit.framework.TestResult.runProtected(TestResult.java:124)
	at junit.framework.TestResult.run(TestResult.java:109)
	at junit.framework.TestCase.run(TestCase.java:118)
	at junit.framework.TestSuite.runTest(TestSuite.java:208)
	at junit.framework.TestSuite.run(TestSuite.java:203)
	at junit.framework.TestSuite.runTest(TestSuite.java:208)
	at junit.framework.TestSuite.run(TestSuite.java:203)
	at org.apache.tools.ant.taskdefs.optional.junit.JUnitTestRunner.run(JUnitTestRunner.java:297)
	at org.apache.tools.ant.taskdefs.optional.junit.JUnitTestRunner.launch(JUnitTestRunner.java:672)
	at org.apache.tools.ant.taskdefs.optional.junit.JUnitTestRunner.main(JUnitTestRunner.java:567)
[Exit method: addDocumentToContest()]
[Enter method: addDocument()]
[param1: null]
[Exit method: addDocument()]
[Enter method: addDocumentToContest()]
[param1: 7, param2: 1,000]
Hibernate: /* load com.topcoder.service.studio.contest.Contest */ select contest0_.contest_id as contest1_18_0_, contest0_.contest_channel_id as contest2_18_0_, contest0_.name as name18_0_, contest0_.contest_type_id as contest4_18_0_, contest0_.project_id as project5_18_0_, contest0_.tc_direct_project_id as tc6_18_0_, contest0_.contest_status_id as contest7_18_0_, contest0_.forum_id as forum8_18_0_, contest0_.event_id as event9_18_0_, contest0_.start_time as start10_18_0_, contest0_.end_date as end11_18_0_, contest0_.winner_annoucement_deadline as winner12_18_0_, contest0_.creator_user_id as creator13_18_0_ from contest contest0_ where contest0_.contest_id=?
The contest with id '1000' doesn't exist.
com.topcoder.service.studio.contest.EntityNotFoundException: The contest with id '1000' doesn't exist.
	at com.topcoder.service.studio.contest.bean.ContestManagerBean.wrapEntityNotFoundException(ContestManagerBean.java:2084)
	at com.topcoder.service.studio.contest.bean.ContestManagerBean.addDocumentToContest(ContestManagerBean.java:1045)
	at com.topcoder.service.studio.contest.bean.ContestManagerBeanUnitTest1.testAddDocumentToContest_Failure2(ContestManagerBeanUnitTest1.java:2243)
	at sun.reflect.NativeMethodAccessorImpl.invoke0(Native Method)
	at sun.reflect.NativeMethodAccessorImpl.invoke(NativeMethodAccessorImpl.java:39)
	at sun.reflect.DelegatingMethodAccessorImpl.invoke(DelegatingMethodAccessorImpl.java:25)
	at java.lang.reflect.Method.invoke(Method.java:585)
	at junit.framework.TestCase.runTest(TestCase.java:154)
	at junit.framework.TestCase.runBare(TestCase.java:127)
	at junit.framework.TestResult$1.protect(TestResult.java:106)
	at junit.framework.TestResult.runProtected(TestResult.java:124)
	at junit.framework.TestResult.run(TestResult.java:109)
	at junit.framework.TestCase.run(TestCase.java:118)
	at junit.framework.TestSuite.runTest(TestSuite.java:208)
	at junit.framework.TestSuite.run(TestSuite.java:203)
	at junit.framework.TestSuite.runTest(TestSuite.java:208)
	at junit.framework.TestSuite.run(TestSuite.java:203)
	at org.apache.tools.ant.taskdefs.optional.junit.JUnitTestRunner.run(JUnitTestRunner.java:297)
	at org.apache.tools.ant.taskdefs.optional.junit.JUnitTestRunner.launch(JUnitTestRunner.java:672)
	at org.apache.tools.ant.taskdefs.optional.junit.JUnitTestRunner.main(JUnitTestRunner.java:567)
[Exit method: addDocumentToContest()]
[Enter method: addDocumentToContest()]
[param1: 1, param2: 1]
The EntityManager is closed.
com.topcoder.service.studio.contest.ContestManagementException: The EntityManager is closed.
	at com.topcoder.service.studio.contest.bean.ContestManagerBean.wrapContestManagementException(ContestManagerBean.java:2119)
	at com.topcoder.service.studio.contest.bean.ContestManagerBean.addDocumentToContest(ContestManagerBean.java:1053)
	at com.topcoder.service.studio.contest.bean.ContestManagerBeanUnitTest1.testAddDocumentToContest_Failure3(ContestManagerBeanUnitTest1.java:2266)
	at sun.reflect.NativeMethodAccessorImpl.invoke0(Native Method)
	at sun.reflect.NativeMethodAccessorImpl.invoke(NativeMethodAccessorImpl.java:39)
	at sun.reflect.DelegatingMethodAccessorImpl.invoke(DelegatingMethodAccessorImpl.java:25)
	at java.lang.reflect.Method.invoke(Method.java:585)
	at junit.framework.TestCase.runTest(TestCase.java:154)
	at junit.framework.TestCase.runBare(TestCase.java:127)
	at junit.framework.TestResult$1.protect(TestResult.java:106)
	at junit.framework.TestResult.runProtected(TestResult.java:124)
	at junit.framework.TestResult.run(TestResult.java:109)
	at junit.framework.TestCase.run(TestCase.java:118)
	at junit.framework.TestSuite.runTest(TestSuite.java:208)
	at junit.framework.TestSuite.run(TestSuite.java:203)
	at junit.framework.TestSuite.runTest(TestSuite.java:208)
	at junit.framework.TestSuite.run(TestSuite.java:203)
	at org.apache.tools.ant.taskdefs.optional.junit.JUnitTestRunner.run(JUnitTestRunner.java:297)
	at org.apache.tools.ant.taskdefs.optional.junit.JUnitTestRunner.launch(JUnitTestRunner.java:672)
	at org.apache.tools.ant.taskdefs.optional.junit.JUnitTestRunner.main(JUnitTestRunner.java:567)
Caused by: java.lang.IllegalStateException: EntityManager is closed
	at org.hibernate.ejb.EntityManagerImpl.getSession(EntityManagerImpl.java:42)
	at org.hibernate.ejb.AbstractEntityManagerImpl.find(AbstractEntityManagerImpl.java:174)
	at com.topcoder.service.studio.contest.bean.MockEntityManager.find(MockEntityManager.java:146)
	at com.topcoder.service.studio.contest.bean.ContestManagerBean.addDocumentToContest(ContestManagerBean.java:1036)
	... 18 more
[Exit method: addDocumentToContest()]
[Enter method: addDocumentToContest()]
[param1: 1, param2: 1]
This method is required to run in transaction.
com.topcoder.service.studio.contest.ContestManagementException: This method is required to run in transaction.
	at com.topcoder.service.studio.contest.bean.ContestManagerBean.wrapContestManagementException(ContestManagerBean.java:2119)
	at com.topcoder.service.studio.contest.bean.ContestManagerBean.addDocumentToContest(ContestManagerBean.java:1055)
	at com.topcoder.service.studio.contest.bean.ContestManagerBeanUnitTest1.testAddDocumentToContest_Failure4(ContestManagerBeanUnitTest1.java:2290)
	at sun.reflect.NativeMethodAccessorImpl.invoke0(Native Method)
	at sun.reflect.NativeMethodAccessorImpl.invoke(NativeMethodAccessorImpl.java:39)
	at sun.reflect.DelegatingMethodAccessorImpl.invoke(DelegatingMethodAccessorImpl.java:25)
	at java.lang.reflect.Method.invoke(Method.java:585)
	at junit.framework.TestCase.runTest(TestCase.java:154)
	at junit.framework.TestCase.runBare(TestCase.java:127)
	at junit.framework.TestResult$1.protect(TestResult.java:106)
	at junit.framework.TestResult.runProtected(TestResult.java:124)
	at junit.framework.TestResult.run(TestResult.java:109)
	at junit.framework.TestCase.run(TestCase.java:118)
	at junit.framework.TestSuite.runTest(TestSuite.java:208)
	at junit.framework.TestSuite.run(TestSuite.java:203)
	at junit.framework.TestSuite.runTest(TestSuite.java:208)
	at junit.framework.TestSuite.run(TestSuite.java:203)
	at org.apache.tools.ant.taskdefs.optional.junit.JUnitTestRunner.run(JUnitTestRunner.java:297)
	at org.apache.tools.ant.taskdefs.optional.junit.JUnitTestRunner.launch(JUnitTestRunner.java:672)
	at org.apache.tools.ant.taskdefs.optional.junit.JUnitTestRunner.main(JUnitTestRunner.java:567)
Caused by: javax.persistence.TransactionRequiredException
	at com.topcoder.service.studio.contest.bean.MockEntityManager.find(MockEntityManager.java:143)
	at com.topcoder.service.studio.contest.bean.ContestManagerBean.addDocumentToContest(ContestManagerBean.java:1036)
	... 18 more
[Exit method: addDocumentToContest()]
[Enter method: addDocumentToContest()]
[param1: 1, param2: 1]
There are errors while persisting the entity.
com.topcoder.service.studio.contest.ContestManagementException: There are errors while persisting the entity.
	at com.topcoder.service.studio.contest.bean.ContestManagerBean.wrapContestManagementException(ContestManagerBean.java:2119)
	at com.topcoder.service.studio.contest.bean.ContestManagerBean.addDocumentToContest(ContestManagerBean.java:1057)
	at com.topcoder.service.studio.contest.bean.ContestManagerBeanUnitTest1.testAddDocumentToContest_Failure5(ContestManagerBeanUnitTest1.java:2314)
	at sun.reflect.NativeMethodAccessorImpl.invoke0(Native Method)
	at sun.reflect.NativeMethodAccessorImpl.invoke(NativeMethodAccessorImpl.java:39)
	at sun.reflect.DelegatingMethodAccessorImpl.invoke(DelegatingMethodAccessorImpl.java:25)
	at java.lang.reflect.Method.invoke(Method.java:585)
	at junit.framework.TestCase.runTest(TestCase.java:154)
	at junit.framework.TestCase.runBare(TestCase.java:127)
	at junit.framework.TestResult$1.protect(TestResult.java:106)
	at junit.framework.TestResult.runProtected(TestResult.java:124)
	at junit.framework.TestResult.run(TestResult.java:109)
	at junit.framework.TestCase.run(TestCase.java:118)
	at junit.framework.TestSuite.runTest(TestSuite.java:208)
	at junit.framework.TestSuite.run(TestSuite.java:203)
	at junit.framework.TestSuite.runTest(TestSuite.java:208)
	at junit.framework.TestSuite.run(TestSuite.java:203)
	at org.apache.tools.ant.taskdefs.optional.junit.JUnitTestRunner.run(JUnitTestRunner.java:297)
	at org.apache.tools.ant.taskdefs.optional.junit.JUnitTestRunner.launch(JUnitTestRunner.java:672)
	at org.apache.tools.ant.taskdefs.optional.junit.JUnitTestRunner.main(JUnitTestRunner.java:567)
Caused by: javax.persistence.PersistenceException
	at com.topcoder.service.studio.contest.bean.MockEntityManager.find(MockEntityManager.java:139)
	at com.topcoder.service.studio.contest.bean.ContestManagerBean.addDocumentToContest(ContestManagerBean.java:1036)
	... 18 more
[Exit method: addDocumentToContest()]
[Enter method: createContest()]
[param1: null]
[Exit method: createContest()]
[Enter method: addDocument()]
[param1: null]
[Exit method: addDocument()]
[Enter method: addDocumentToContest()]
[param1: 8, param2: 16]
[Exit method: addDocumentToContest()]
[Enter method: removeDocumentFromContest()]
[param1: 8, param2: 16]
[Exit method: removeDocumentFromContest()]
[Enter method: createContest()]
[param1: null]
[Exit method: createContest()]
[Enter method: addDocument()]
[param1: null]
[Exit method: addDocument()]
[Enter method: removeDocumentFromContest()]
[param1: 9, param2: 17]
[Exit method: removeDocumentFromContest()]
[Enter method: createContest()]
[param1: null]
[Exit method: createContest()]
[Enter method: removeDocumentFromContest()]
[param1: 1,000, param2: 18]
Hibernate: /* load com.topcoder.service.studio.contest.Document */ select document0_.document_id as document1_23_0_, document0_.original_file_name as original2_23_0_, document0_.system_file_name as system3_23_0_, document0_.path_id as path4_23_0_, document0_.mime_type_id as mime5_23_0_, document0_.document_type_id as document6_23_0_, document0_.create_date as create7_23_0_ from document document0_ where document0_.document_id=?
The document with id '1000' doesn't exist.
com.topcoder.service.studio.contest.EntityNotFoundException: The document with id '1000' doesn't exist.
	at com.topcoder.service.studio.contest.bean.ContestManagerBean.wrapEntityNotFoundException(ContestManagerBean.java:2084)
	at com.topcoder.service.studio.contest.bean.ContestManagerBean.removeDocumentFromContest(ContestManagerBean.java:1088)
	at com.topcoder.service.studio.contest.bean.ContestManagerBeanUnitTest1.testRemoveDocumentFromContest_Failure1(ContestManagerBeanUnitTest1.java:2450)
	at sun.reflect.NativeMethodAccessorImpl.invoke0(Native Method)
	at sun.reflect.NativeMethodAccessorImpl.invoke(NativeMethodAccessorImpl.java:39)
	at sun.reflect.DelegatingMethodAccessorImpl.invoke(DelegatingMethodAccessorImpl.java:25)
	at java.lang.reflect.Method.invoke(Method.java:585)
	at junit.framework.TestCase.runTest(TestCase.java:154)
	at junit.framework.TestCase.runBare(TestCase.java:127)
	at junit.framework.TestResult$1.protect(TestResult.java:106)
	at junit.framework.TestResult.runProtected(TestResult.java:124)
	at junit.framework.TestResult.run(TestResult.java:109)
	at junit.framework.TestCase.run(TestCase.java:118)
	at junit.framework.TestSuite.runTest(TestSuite.java:208)
	at junit.framework.TestSuite.run(TestSuite.java:203)
	at junit.framework.TestSuite.runTest(TestSuite.java:208)
	at junit.framework.TestSuite.run(TestSuite.java:203)
	at org.apache.tools.ant.taskdefs.optional.junit.JUnitTestRunner.run(JUnitTestRunner.java:297)
	at org.apache.tools.ant.taskdefs.optional.junit.JUnitTestRunner.launch(JUnitTestRunner.java:672)
	at org.apache.tools.ant.taskdefs.optional.junit.JUnitTestRunner.main(JUnitTestRunner.java:567)
[Exit method: removeDocumentFromContest()]
[Enter method: addDocument()]
[param1: null]
[Exit method: addDocument()]
[Enter method: removeDocumentFromContest()]
[param1: 10, param2: 1,000]
Hibernate: /* load com.topcoder.service.studio.contest.Contest */ select contest0_.contest_id as contest1_18_0_, contest0_.contest_channel_id as contest2_18_0_, contest0_.name as name18_0_, contest0_.contest_type_id as contest4_18_0_, contest0_.project_id as project5_18_0_, contest0_.tc_direct_project_id as tc6_18_0_, contest0_.contest_status_id as contest7_18_0_, contest0_.forum_id as forum8_18_0_, contest0_.event_id as event9_18_0_, contest0_.start_time as start10_18_0_, contest0_.end_date as end11_18_0_, contest0_.winner_annoucement_deadline as winner12_18_0_, contest0_.creator_user_id as creator13_18_0_ from contest contest0_ where contest0_.contest_id=?
The contest with id '1000' doesn't exist.
com.topcoder.service.studio.contest.EntityNotFoundException: The contest with id '1000' doesn't exist.
	at com.topcoder.service.studio.contest.bean.ContestManagerBean.wrapEntityNotFoundException(ContestManagerBean.java:2084)
	at com.topcoder.service.studio.contest.bean.ContestManagerBean.removeDocumentFromContest(ContestManagerBean.java:1094)
	at com.topcoder.service.studio.contest.bean.ContestManagerBeanUnitTest1.testRemoveDocumentFromContest_Failure2(ContestManagerBeanUnitTest1.java:2502)
	at sun.reflect.NativeMethodAccessorImpl.invoke0(Native Method)
	at sun.reflect.NativeMethodAccessorImpl.invoke(NativeMethodAccessorImpl.java:39)
	at sun.reflect.DelegatingMethodAccessorImpl.invoke(DelegatingMethodAccessorImpl.java:25)
	at java.lang.reflect.Method.invoke(Method.java:585)
	at junit.framework.TestCase.runTest(TestCase.java:154)
	at junit.framework.TestCase.runBare(TestCase.java:127)
	at junit.framework.TestResult$1.protect(TestResult.java:106)
	at junit.framework.TestResult.runProtected(TestResult.java:124)
	at junit.framework.TestResult.run(TestResult.java:109)
	at junit.framework.TestCase.run(TestCase.java:118)
	at junit.framework.TestSuite.runTest(TestSuite.java:208)
	at junit.framework.TestSuite.run(TestSuite.java:203)
	at junit.framework.TestSuite.runTest(TestSuite.java:208)
	at junit.framework.TestSuite.run(TestSuite.java:203)
	at org.apache.tools.ant.taskdefs.optional.junit.JUnitTestRunner.run(JUnitTestRunner.java:297)
	at org.apache.tools.ant.taskdefs.optional.junit.JUnitTestRunner.launch(JUnitTestRunner.java:672)
	at org.apache.tools.ant.taskdefs.optional.junit.JUnitTestRunner.main(JUnitTestRunner.java:567)
[Exit method: removeDocumentFromContest()]
[Enter method: removeDocumentFromContest()]
[param1: 1, param2: 1]
The EntityManager is closed.
com.topcoder.service.studio.contest.ContestManagementException: The EntityManager is closed.
	at com.topcoder.service.studio.contest.bean.ContestManagerBean.wrapContestManagementException(ContestManagerBean.java:2119)
	at com.topcoder.service.studio.contest.bean.ContestManagerBean.removeDocumentFromContest(ContestManagerBean.java:1108)
	at com.topcoder.service.studio.contest.bean.ContestManagerBeanUnitTest1.testremoveDocumentFromContest_Failure3(ContestManagerBeanUnitTest1.java:2526)
	at sun.reflect.NativeMethodAccessorImpl.invoke0(Native Method)
	at sun.reflect.NativeMethodAccessorImpl.invoke(NativeMethodAccessorImpl.java:39)
	at sun.reflect.DelegatingMethodAccessorImpl.invoke(DelegatingMethodAccessorImpl.java:25)
	at java.lang.reflect.Method.invoke(Method.java:585)
	at junit.framework.TestCase.runTest(TestCase.java:154)
	at junit.framework.TestCase.runBare(TestCase.java:127)
	at junit.framework.TestResult$1.protect(TestResult.java:106)
	at junit.framework.TestResult.runProtected(TestResult.java:124)
	at junit.framework.TestResult.run(TestResult.java:109)
	at junit.framework.TestCase.run(TestCase.java:118)
	at junit.framework.TestSuite.runTest(TestSuite.java:208)
	at junit.framework.TestSuite.run(TestSuite.java:203)
	at junit.framework.TestSuite.runTest(TestSuite.java:208)
	at junit.framework.TestSuite.run(TestSuite.java:203)
	at org.apache.tools.ant.taskdefs.optional.junit.JUnitTestRunner.run(JUnitTestRunner.java:297)
	at org.apache.tools.ant.taskdefs.optional.junit.JUnitTestRunner.launch(JUnitTestRunner.java:672)
	at org.apache.tools.ant.taskdefs.optional.junit.JUnitTestRunner.main(JUnitTestRunner.java:567)
Caused by: java.lang.IllegalStateException: EntityManager is closed
	at org.hibernate.ejb.EntityManagerImpl.getSession(EntityManagerImpl.java:42)
	at org.hibernate.ejb.AbstractEntityManagerImpl.find(AbstractEntityManagerImpl.java:174)
	at com.topcoder.service.studio.contest.bean.MockEntityManager.find(MockEntityManager.java:146)
	at com.topcoder.service.studio.contest.bean.ContestManagerBean.removeDocumentFromContest(ContestManagerBean.java:1085)
	... 18 more
[Exit method: removeDocumentFromContest()]
[Enter method: removeDocumentFromContest()]
[param1: 1, param2: 1]
This method is required to run in transaction.
com.topcoder.service.studio.contest.ContestManagementException: This method is required to run in transaction.
	at com.topcoder.service.studio.contest.bean.ContestManagerBean.wrapContestManagementException(ContestManagerBean.java:2119)
	at com.topcoder.service.studio.contest.bean.ContestManagerBean.removeDocumentFromContest(ContestManagerBean.java:1110)
	at com.topcoder.service.studio.contest.bean.ContestManagerBeanUnitTest1.testremoveDocumentFromContest_Failure4(ContestManagerBeanUnitTest1.java:2551)
	at sun.reflect.NativeMethodAccessorImpl.invoke0(Native Method)
	at sun.reflect.NativeMethodAccessorImpl.invoke(NativeMethodAccessorImpl.java:39)
	at sun.reflect.DelegatingMethodAccessorImpl.invoke(DelegatingMethodAccessorImpl.java:25)
	at java.lang.reflect.Method.invoke(Method.java:585)
	at junit.framework.TestCase.runTest(TestCase.java:154)
	at junit.framework.TestCase.runBare(TestCase.java:127)
	at junit.framework.TestResult$1.protect(TestResult.java:106)
	at junit.framework.TestResult.runProtected(TestResult.java:124)
	at junit.framework.TestResult.run(TestResult.java:109)
	at junit.framework.TestCase.run(TestCase.java:118)
	at junit.framework.TestSuite.runTest(TestSuite.java:208)
	at junit.framework.TestSuite.run(TestSuite.java:203)
	at junit.framework.TestSuite.runTest(TestSuite.java:208)
	at junit.framework.TestSuite.run(TestSuite.java:203)
	at org.apache.tools.ant.taskdefs.optional.junit.JUnitTestRunner.run(JUnitTestRunner.java:297)
	at org.apache.tools.ant.taskdefs.optional.junit.JUnitTestRunner.launch(JUnitTestRunner.java:672)
	at org.apache.tools.ant.taskdefs.optional.junit.JUnitTestRunner.main(JUnitTestRunner.java:567)
Caused by: javax.persistence.TransactionRequiredException
	at com.topcoder.service.studio.contest.bean.MockEntityManager.find(MockEntityManager.java:143)
	at com.topcoder.service.studio.contest.bean.ContestManagerBean.removeDocumentFromContest(ContestManagerBean.java:1085)
	... 18 more
[Exit method: removeDocumentFromContest()]
[Enter method: removeDocumentFromContest()]
[param1: 1, param2: 1]
There are errors while persisting the entity.
com.topcoder.service.studio.contest.ContestManagementException: There are errors while persisting the entity.
	at com.topcoder.service.studio.contest.bean.ContestManagerBean.wrapContestManagementException(ContestManagerBean.java:2119)
	at com.topcoder.service.studio.contest.bean.ContestManagerBean.removeDocumentFromContest(ContestManagerBean.java:1112)
	at com.topcoder.service.studio.contest.bean.ContestManagerBeanUnitTest1.testremoveDocumentFromContest_Failure5(ContestManagerBeanUnitTest1.java:2576)
	at sun.reflect.NativeMethodAccessorImpl.invoke0(Native Method)
	at sun.reflect.NativeMethodAccessorImpl.invoke(NativeMethodAccessorImpl.java:39)
	at sun.reflect.DelegatingMethodAccessorImpl.invoke(DelegatingMethodAccessorImpl.java:25)
	at java.lang.reflect.Method.invoke(Method.java:585)
	at junit.framework.TestCase.runTest(TestCase.java:154)
	at junit.framework.TestCase.runBare(TestCase.java:127)
	at junit.framework.TestResult$1.protect(TestResult.java:106)
	at junit.framework.TestResult.runProtected(TestResult.java:124)
	at junit.framework.TestResult.run(TestResult.java:109)
	at junit.framework.TestCase.run(TestCase.java:118)
	at junit.framework.TestSuite.runTest(TestSuite.java:208)
	at junit.framework.TestSuite.run(TestSuite.java:203)
	at junit.framework.TestSuite.runTest(TestSuite.java:208)
	at junit.framework.TestSuite.run(TestSuite.java:203)
	at org.apache.tools.ant.taskdefs.optional.junit.JUnitTestRunner.run(JUnitTestRunner.java:297)
	at org.apache.tools.ant.taskdefs.optional.junit.JUnitTestRunner.launch(JUnitTestRunner.java:672)
	at org.apache.tools.ant.taskdefs.optional.junit.JUnitTestRunner.main(JUnitTestRunner.java:567)
Caused by: javax.persistence.PersistenceException
	at com.topcoder.service.studio.contest.bean.MockEntityManager.find(MockEntityManager.java:139)
	at com.topcoder.service.studio.contest.bean.ContestManagerBean.removeDocumentFromContest(ContestManagerBean.java:1085)
	... 18 more
[Exit method: removeDocumentFromContest()]
[Enter method: createContest()]
[param1: null]
[Exit method: createContest()]
[Enter method: updateContestStatus()]
[param1: 19, param2: 17]
[Exit method: updateContestStatus()]
[Enter method: updateContestStatus()]
[param1: 100, param2: 100]
Hibernate: /* load com.topcoder.service.studio.contest.Contest */ select contest0_.contest_id as contest1_18_0_, contest0_.contest_channel_id as contest2_18_0_, contest0_.name as name18_0_, contest0_.contest_type_id as contest4_18_0_, contest0_.project_id as project5_18_0_, contest0_.tc_direct_project_id as tc6_18_0_, contest0_.contest_status_id as contest7_18_0_, contest0_.forum_id as forum8_18_0_, contest0_.event_id as event9_18_0_, contest0_.start_time as start10_18_0_, contest0_.end_date as end11_18_0_, contest0_.winner_annoucement_deadline as winner12_18_0_, contest0_.creator_user_id as creator13_18_0_ from contest contest0_ where contest0_.contest_id=?
The contest with id '100' doesn't exist.
com.topcoder.service.studio.contest.EntityNotFoundException: The contest with id '100' doesn't exist.
	at com.topcoder.service.studio.contest.bean.ContestManagerBean.wrapEntityNotFoundException(ContestManagerBean.java:2084)
	at com.topcoder.service.studio.contest.bean.ContestManagerBean.updateContestStatus(ContestManagerBean.java:579)
	at com.topcoder.service.studio.contest.bean.ContestManagerBeanUnitTest2.testUpdateContestStatus_Failure1(ContestManagerBeanUnitTest2.java:3352)
	at sun.reflect.NativeMethodAccessorImpl.invoke0(Native Method)
	at sun.reflect.NativeMethodAccessorImpl.invoke(NativeMethodAccessorImpl.java:39)
	at sun.reflect.DelegatingMethodAccessorImpl.invoke(DelegatingMethodAccessorImpl.java:25)
	at java.lang.reflect.Method.invoke(Method.java:585)
	at junit.framework.TestCase.runTest(TestCase.java:154)
	at junit.framework.TestCase.runBare(TestCase.java:127)
	at junit.framework.TestResult$1.protect(TestResult.java:106)
	at junit.framework.TestResult.runProtected(TestResult.java:124)
	at junit.framework.TestResult.run(TestResult.java:109)
	at junit.framework.TestCase.run(TestCase.java:118)
	at junit.framework.TestSuite.runTest(TestSuite.java:208)
	at junit.framework.TestSuite.run(TestSuite.java:203)
	at junit.framework.TestSuite.runTest(TestSuite.java:208)
	at junit.framework.TestSuite.run(TestSuite.java:203)
	at org.apache.tools.ant.taskdefs.optional.junit.JUnitTestRunner.run(JUnitTestRunner.java:297)
	at org.apache.tools.ant.taskdefs.optional.junit.JUnitTestRunner.launch(JUnitTestRunner.java:672)
	at org.apache.tools.ant.taskdefs.optional.junit.JUnitTestRunner.main(JUnitTestRunner.java:567)
[Exit method: updateContestStatus()]
[Enter method: createContest()]
[param1: null]
[Exit method: createContest()]
[Enter method: updateContestStatus()]
[param1: 20, param2: 100]
Hibernate: /* load com.topcoder.service.studio.contest.ContestStatus */ select conteststa0_.contest_status_id as contest1_17_0_, conteststa0_.contest_status_desc as contest2_17_0_, conteststa0_.name as name17_0_ from contest_status_lu conteststa0_ where conteststa0_.contest_status_id=?
The contest status with id '100' doesn't exist.
com.topcoder.service.studio.contest.EntityNotFoundException: The contest status with id '100' doesn't exist.
	at com.topcoder.service.studio.contest.bean.ContestManagerBean.wrapEntityNotFoundException(ContestManagerBean.java:2084)
	at com.topcoder.service.studio.contest.bean.ContestManagerBean.updateContestStatus(ContestManagerBean.java:585)
	at com.topcoder.service.studio.contest.bean.ContestManagerBeanUnitTest2.testUpdateContestStatus_Failure2(ContestManagerBeanUnitTest2.java:3373)
	at sun.reflect.NativeMethodAccessorImpl.invoke0(Native Method)
	at sun.reflect.NativeMethodAccessorImpl.invoke(NativeMethodAccessorImpl.java:39)
	at sun.reflect.DelegatingMethodAccessorImpl.invoke(DelegatingMethodAccessorImpl.java:25)
	at java.lang.reflect.Method.invoke(Method.java:585)
	at junit.framework.TestCase.runTest(TestCase.java:154)
	at junit.framework.TestCase.runBare(TestCase.java:127)
	at junit.framework.TestResult$1.protect(TestResult.java:106)
	at junit.framework.TestResult.runProtected(TestResult.java:124)
	at junit.framework.TestResult.run(TestResult.java:109)
	at junit.framework.TestCase.run(TestCase.java:118)
	at junit.framework.TestSuite.runTest(TestSuite.java:208)
	at junit.framework.TestSuite.run(TestSuite.java:203)
	at junit.framework.TestSuite.runTest(TestSuite.java:208)
	at junit.framework.TestSuite.run(TestSuite.java:203)
	at org.apache.tools.ant.taskdefs.optional.junit.JUnitTestRunner.run(JUnitTestRunner.java:297)
	at org.apache.tools.ant.taskdefs.optional.junit.JUnitTestRunner.launch(JUnitTestRunner.java:672)
	at org.apache.tools.ant.taskdefs.optional.junit.JUnitTestRunner.main(JUnitTestRunner.java:567)
[Exit method: updateContestStatus()]
[Enter method: createContest()]
[param1: null]
[Exit method: createContest()]
[Enter method: updateContestStatus()]
[param1: 21, param2: 20]
The contest's status can't be change to dest status.
com.topcoder.service.studio.contest.ContestStatusTransitionException: The contest's status can't be change to dest status.
	at com.topcoder.service.studio.contest.bean.ContestManagerBean.updateContestStatus(ContestManagerBean.java:599)
	at com.topcoder.service.studio.contest.bean.ContestManagerBeanUnitTest2.testUpdateContestStatus_Failure3(ContestManagerBeanUnitTest2.java:3412)
	at sun.reflect.NativeMethodAccessorImpl.invoke0(Native Method)
	at sun.reflect.NativeMethodAccessorImpl.invoke(NativeMethodAccessorImpl.java:39)
	at sun.reflect.DelegatingMethodAccessorImpl.invoke(DelegatingMethodAccessorImpl.java:25)
	at java.lang.reflect.Method.invoke(Method.java:585)
	at junit.framework.TestCase.runTest(TestCase.java:154)
	at junit.framework.TestCase.runBare(TestCase.java:127)
	at junit.framework.TestResult$1.protect(TestResult.java:106)
	at junit.framework.TestResult.runProtected(TestResult.java:124)
	at junit.framework.TestResult.run(TestResult.java:109)
	at junit.framework.TestCase.run(TestCase.java:118)
	at junit.framework.TestSuite.runTest(TestSuite.java:208)
	at junit.framework.TestSuite.run(TestSuite.java:203)
	at junit.framework.TestSuite.runTest(TestSuite.java:208)
	at junit.framework.TestSuite.run(TestSuite.java:203)
	at org.apache.tools.ant.taskdefs.optional.junit.JUnitTestRunner.run(JUnitTestRunner.java:297)
	at org.apache.tools.ant.taskdefs.optional.junit.JUnitTestRunner.launch(JUnitTestRunner.java:672)
	at org.apache.tools.ant.taskdefs.optional.junit.JUnitTestRunner.main(JUnitTestRunner.java:567)
[Exit method: updateContestStatus()]
[Enter method: createContest()]
[param1: null]
[Exit method: createContest()]
[Enter method: updateContestStatus()]
[param1: 22, param2: 22]
The EntityManager is closed.
com.topcoder.service.studio.contest.ContestManagementException: The EntityManager is closed.
	at com.topcoder.service.studio.contest.bean.ContestManagerBean.wrapContestManagementException(ContestManagerBean.java:2119)
	at com.topcoder.service.studio.contest.bean.ContestManagerBean.updateContestStatus(ContestManagerBean.java:610)
	at com.topcoder.service.studio.contest.bean.ContestManagerBeanUnitTest2.testUpdateContestStatus_Failure4(ContestManagerBeanUnitTest2.java:3454)
	at sun.reflect.NativeMethodAccessorImpl.invoke0(Native Method)
	at sun.reflect.NativeMethodAccessorImpl.invoke(NativeMethodAccessorImpl.java:39)
	at sun.reflect.DelegatingMethodAccessorImpl.invoke(DelegatingMethodAccessorImpl.java:25)
	at java.lang.reflect.Method.invoke(Method.java:585)
	at junit.framework.TestCase.runTest(TestCase.java:154)
	at junit.framework.TestCase.runBare(TestCase.java:127)
	at junit.framework.TestResult$1.protect(TestResult.java:106)
	at junit.framework.TestResult.runProtected(TestResult.java:124)
	at junit.framework.TestResult.run(TestResult.java:109)
	at junit.framework.TestCase.run(TestCase.java:118)
	at junit.framework.TestSuite.runTest(TestSuite.java:208)
	at junit.framework.TestSuite.run(TestSuite.java:203)
	at junit.framework.TestSuite.runTest(TestSuite.java:208)
	at junit.framework.TestSuite.run(TestSuite.java:203)
	at org.apache.tools.ant.taskdefs.optional.junit.JUnitTestRunner.run(JUnitTestRunner.java:297)
	at org.apache.tools.ant.taskdefs.optional.junit.JUnitTestRunner.launch(JUnitTestRunner.java:672)
	at org.apache.tools.ant.taskdefs.optional.junit.JUnitTestRunner.main(JUnitTestRunner.java:567)
Caused by: java.lang.IllegalStateException: EntityManager is closed
	at org.hibernate.ejb.EntityManagerImpl.getSession(EntityManagerImpl.java:42)
	at org.hibernate.ejb.AbstractEntityManagerImpl.find(AbstractEntityManagerImpl.java:174)
	at com.topcoder.service.studio.contest.bean.MockEntityManager.find(MockEntityManager.java:146)
	at com.topcoder.service.studio.contest.bean.ContestManagerBean.updateContestStatus(ContestManagerBean.java:576)
	... 18 more
[Exit method: updateContestStatus()]
[Enter method: addContestChannel()]
[param1: null]
[Exit method: addContestChannel()]
[Enter method: addContestChannel()]
[param1: null]
[Exit method: addContestChannel()]
[Enter method: addContestChannel()]
[param1: 6]
The contest channel with id '6' already exists.
com.topcoder.service.studio.contest.EntityAlreadyExistsException: The contest channel with id '6' already exists.
	at com.topcoder.service.studio.contest.bean.ContestManagerBean.addContestChannel(ContestManagerBean.java:1142)
	at com.topcoder.service.studio.contest.bean.ContestManagerBeanUnitTest2.testAddContestChannel_Failure1(ContestManagerBeanUnitTest2.java:229)
	at sun.reflect.NativeMethodAccessorImpl.invoke0(Native Method)
	at sun.reflect.NativeMethodAccessorImpl.invoke(NativeMethodAccessorImpl.java:39)
	at sun.reflect.DelegatingMethodAccessorImpl.invoke(DelegatingMethodAccessorImpl.java:25)
	at java.lang.reflect.Method.invoke(Method.java:585)
	at junit.framework.TestCase.runTest(TestCase.java:154)
	at junit.framework.TestCase.runBare(TestCase.java:127)
	at junit.framework.TestResult$1.protect(TestResult.java:106)
	at junit.framework.TestResult.runProtected(TestResult.java:124)
	at junit.framework.TestResult.run(TestResult.java:109)
	at junit.framework.TestCase.run(TestCase.java:118)
	at junit.framework.TestSuite.runTest(TestSuite.java:208)
	at junit.framework.TestSuite.run(TestSuite.java:203)
	at junit.framework.TestSuite.runTest(TestSuite.java:208)
	at junit.framework.TestSuite.run(TestSuite.java:203)
	at org.apache.tools.ant.taskdefs.optional.junit.JUnitTestRunner.run(JUnitTestRunner.java:297)
	at org.apache.tools.ant.taskdefs.optional.junit.JUnitTestRunner.launch(JUnitTestRunner.java:672)
	at org.apache.tools.ant.taskdefs.optional.junit.JUnitTestRunner.main(JUnitTestRunner.java:567)
[Exit method: addContestChannel()]
[Enter method: addContestChannel()]
[param1: null]
The EntityManager is closed.
com.topcoder.service.studio.contest.ContestManagementException: The EntityManager is closed.
	at com.topcoder.service.studio.contest.bean.ContestManagerBean.wrapContestManagementException(ContestManagerBean.java:2119)
	at com.topcoder.service.studio.contest.bean.ContestManagerBean.addContestChannel(ContestManagerBean.java:1155)
	at com.topcoder.service.studio.contest.bean.ContestManagerBeanUnitTest2.testAddContestChannel_Failure3(ContestManagerBeanUnitTest2.java:267)
	at sun.reflect.NativeMethodAccessorImpl.invoke0(Native Method)
	at sun.reflect.NativeMethodAccessorImpl.invoke(NativeMethodAccessorImpl.java:39)
	at sun.reflect.DelegatingMethodAccessorImpl.invoke(DelegatingMethodAccessorImpl.java:25)
	at java.lang.reflect.Method.invoke(Method.java:585)
	at junit.framework.TestCase.runTest(TestCase.java:154)
	at junit.framework.TestCase.runBare(TestCase.java:127)
	at junit.framework.TestResult$1.protect(TestResult.java:106)
	at junit.framework.TestResult.runProtected(TestResult.java:124)
	at junit.framework.TestResult.run(TestResult.java:109)
	at junit.framework.TestCase.run(TestCase.java:118)
	at junit.framework.TestSuite.runTest(TestSuite.java:208)
	at junit.framework.TestSuite.run(TestSuite.java:203)
	at junit.framework.TestSuite.runTest(TestSuite.java:208)
	at junit.framework.TestSuite.run(TestSuite.java:203)
	at org.apache.tools.ant.taskdefs.optional.junit.JUnitTestRunner.run(JUnitTestRunner.java:297)
	at org.apache.tools.ant.taskdefs.optional.junit.JUnitTestRunner.launch(JUnitTestRunner.java:672)
	at org.apache.tools.ant.taskdefs.optional.junit.JUnitTestRunner.main(JUnitTestRunner.java:567)
Caused by: java.lang.IllegalStateException: EntityManager is closed
	at org.hibernate.ejb.EntityManagerImpl.getSession(EntityManagerImpl.java:42)
	at org.hibernate.ejb.AbstractEntityManagerImpl.persist(AbstractEntityManagerImpl.java:212)
	at com.topcoder.service.studio.contest.bean.MockEntityManager.persist(MockEntityManager.java:84)
	at com.topcoder.service.studio.contest.bean.ContestManagerBean.addContestChannel(ContestManagerBean.java:1151)
	... 18 more
[Exit method: addContestChannel()]
[Enter method: addContestChannel()]
[param1: null]
This method is required to run in transaction.
com.topcoder.service.studio.contest.ContestManagementException: This method is required to run in transaction.
	at com.topcoder.service.studio.contest.bean.ContestManagerBean.wrapContestManagementException(ContestManagerBean.java:2119)
	at com.topcoder.service.studio.contest.bean.ContestManagerBean.addContestChannel(ContestManagerBean.java:1157)
	at com.topcoder.service.studio.contest.bean.ContestManagerBeanUnitTest2.testAddContestChannel_Failure4(ContestManagerBeanUnitTest2.java:306)
	at sun.reflect.NativeMethodAccessorImpl.invoke0(Native Method)
	at sun.reflect.NativeMethodAccessorImpl.invoke(NativeMethodAccessorImpl.java:39)
	at sun.reflect.DelegatingMethodAccessorImpl.invoke(DelegatingMethodAccessorImpl.java:25)
	at java.lang.reflect.Method.invoke(Method.java:585)
	at junit.framework.TestCase.runTest(TestCase.java:154)
	at junit.framework.TestCase.runBare(TestCase.java:127)
	at junit.framework.TestResult$1.protect(TestResult.java:106)
	at junit.framework.TestResult.runProtected(TestResult.java:124)
	at junit.framework.TestResult.run(TestResult.java:109)
	at junit.framework.TestCase.run(TestCase.java:118)
	at junit.framework.TestSuite.runTest(TestSuite.java:208)
	at junit.framework.TestSuite.run(TestSuite.java:203)
	at junit.framework.TestSuite.runTest(TestSuite.java:208)
	at junit.framework.TestSuite.run(TestSuite.java:203)
	at org.apache.tools.ant.taskdefs.optional.junit.JUnitTestRunner.run(JUnitTestRunner.java:297)
	at org.apache.tools.ant.taskdefs.optional.junit.JUnitTestRunner.launch(JUnitTestRunner.java:672)
	at org.apache.tools.ant.taskdefs.optional.junit.JUnitTestRunner.main(JUnitTestRunner.java:567)
Caused by: javax.persistence.TransactionRequiredException
	at com.topcoder.service.studio.contest.bean.MockEntityManager.persist(MockEntityManager.java:81)
	at com.topcoder.service.studio.contest.bean.ContestManagerBean.addContestChannel(ContestManagerBean.java:1151)
	... 18 more
[Exit method: addContestChannel()]
[Enter method: addContestChannel()]
[param1: null]
There are errors while persisting the entity.
com.topcoder.service.studio.contest.ContestManagementException: There are errors while persisting the entity.
	at com.topcoder.service.studio.contest.bean.ContestManagerBean.wrapContestManagementException(ContestManagerBean.java:2119)
	at com.topcoder.service.studio.contest.bean.ContestManagerBean.addContestChannel(ContestManagerBean.java:1159)
	at com.topcoder.service.studio.contest.bean.ContestManagerBeanUnitTest2.testAddContestChannel_Failure5(ContestManagerBeanUnitTest2.java:344)
	at sun.reflect.NativeMethodAccessorImpl.invoke0(Native Method)
	at sun.reflect.NativeMethodAccessorImpl.invoke(NativeMethodAccessorImpl.java:39)
	at sun.reflect.DelegatingMethodAccessorImpl.invoke(DelegatingMethodAccessorImpl.java:25)
	at java.lang.reflect.Method.invoke(Method.java:585)
	at junit.framework.TestCase.runTest(TestCase.java:154)
	at junit.framework.TestCase.runBare(TestCase.java:127)
	at junit.framework.TestResult$1.protect(TestResult.java:106)
	at junit.framework.TestResult.runProtected(TestResult.java:124)
	at junit.framework.TestResult.run(TestResult.java:109)
	at junit.framework.TestCase.run(TestCase.java:118)
	at junit.framework.TestSuite.runTest(TestSuite.java:208)
	at junit.framework.TestSuite.run(TestSuite.java:203)
	at junit.framework.TestSuite.runTest(TestSuite.java:208)
	at junit.framework.TestSuite.run(TestSuite.java:203)
	at org.apache.tools.ant.taskdefs.optional.junit.JUnitTestRunner.run(JUnitTestRunner.java:297)
	at org.apache.tools.ant.taskdefs.optional.junit.JUnitTestRunner.launch(JUnitTestRunner.java:672)
	at org.apache.tools.ant.taskdefs.optional.junit.JUnitTestRunner.main(JUnitTestRunner.java:567)
Caused by: javax.persistence.PersistenceException
	at com.topcoder.service.studio.contest.bean.MockEntityManager.persist(MockEntityManager.java:77)
	at com.topcoder.service.studio.contest.bean.ContestManagerBean.addContestChannel(ContestManagerBean.java:1151)
	... 18 more
[Exit method: addContestChannel()]
[Enter method: addContestChannel()]
[param1: null]
[Exit method: addContestChannel()]
[Enter method: updateContestChannel()]
[param1: 7]
[Exit method: updateContestChannel()]
[Enter method: getContestChannel()]
[param1: 7]
[Exit method: getContestChannel()]
[Enter method: updateContestChannel()]
[param1: null]
The contest channel with id 'null' doesn't exist.
com.topcoder.service.studio.contest.EntityNotFoundException: The contest channel with id 'null' doesn't exist.
	at com.topcoder.service.studio.contest.bean.ContestManagerBean.wrapEntityNotFoundException(ContestManagerBean.java:2084)
	at com.topcoder.service.studio.contest.bean.ContestManagerBean.updateContestChannel(ContestManagerBean.java:1188)
	at com.topcoder.service.studio.contest.bean.ContestManagerBeanUnitTest2.testUpdateContestChannel_Failure1(ContestManagerBeanUnitTest2.java:420)
	at sun.reflect.NativeMethodAccessorImpl.invoke0(Native Method)
	at sun.reflect.NativeMethodAccessorImpl.invoke(NativeMethodAccessorImpl.java:39)
	at sun.reflect.DelegatingMethodAccessorImpl.invoke(DelegatingMethodAccessorImpl.java:25)
	at java.lang.reflect.Method.invoke(Method.java:585)
	at junit.framework.TestCase.runTest(TestCase.java:154)
	at junit.framework.TestCase.runBare(TestCase.java:127)
	at junit.framework.TestResult$1.protect(TestResult.java:106)
	at junit.framework.TestResult.runProtected(TestResult.java:124)
	at junit.framework.TestResult.run(TestResult.java:109)
	at junit.framework.TestCase.run(TestCase.java:118)
	at junit.framework.TestSuite.runTest(TestSuite.java:208)
	at junit.framework.TestSuite.run(TestSuite.java:203)
	at junit.framework.TestSuite.runTest(TestSuite.java:208)
	at junit.framework.TestSuite.run(TestSuite.java:203)
	at org.apache.tools.ant.taskdefs.optional.junit.JUnitTestRunner.run(JUnitTestRunner.java:297)
	at org.apache.tools.ant.taskdefs.optional.junit.JUnitTestRunner.launch(JUnitTestRunner.java:672)
	at org.apache.tools.ant.taskdefs.optional.junit.JUnitTestRunner.main(JUnitTestRunner.java:567)
[Exit method: updateContestChannel()]
[Enter method: addContestChannel()]
[param1: null]
[Exit method: addContestChannel()]
[Enter method: updateContestChannel()]
[param1: 8]
The EntityManager is closed.
com.topcoder.service.studio.contest.ContestManagementException: The EntityManager is closed.
	at com.topcoder.service.studio.contest.bean.ContestManagerBean.wrapContestManagementException(ContestManagerBean.java:2119)
	at com.topcoder.service.studio.contest.bean.ContestManagerBean.updateContestChannel(ContestManagerBean.java:1194)
	at com.topcoder.service.studio.contest.bean.ContestManagerBeanUnitTest2.testUpdateContestChannel_Failure2(ContestManagerBeanUnitTest2.java:460)
	at sun.reflect.NativeMethodAccessorImpl.invoke0(Native Method)
	at sun.reflect.NativeMethodAccessorImpl.invoke(NativeMethodAccessorImpl.java:39)
	at sun.reflect.DelegatingMethodAccessorImpl.invoke(DelegatingMethodAccessorImpl.java:25)
	at java.lang.reflect.Method.invoke(Method.java:585)
	at junit.framework.TestCase.runTest(TestCase.java:154)
	at junit.framework.TestCase.runBare(TestCase.java:127)
	at junit.framework.TestResult$1.protect(TestResult.java:106)
	at junit.framework.TestResult.runProtected(TestResult.java:124)
	at junit.framework.TestResult.run(TestResult.java:109)
	at junit.framework.TestCase.run(TestCase.java:118)
	at junit.framework.TestSuite.runTest(TestSuite.java:208)
	at junit.framework.TestSuite.run(TestSuite.java:203)
	at junit.framework.TestSuite.runTest(TestSuite.java:208)
	at junit.framework.TestSuite.run(TestSuite.java:203)
	at org.apache.tools.ant.taskdefs.optional.junit.JUnitTestRunner.run(JUnitTestRunner.java:297)
	at org.apache.tools.ant.taskdefs.optional.junit.JUnitTestRunner.launch(JUnitTestRunner.java:672)
	at org.apache.tools.ant.taskdefs.optional.junit.JUnitTestRunner.main(JUnitTestRunner.java:567)
Caused by: java.lang.IllegalStateException: EntityManager is closed
	at org.hibernate.ejb.EntityManagerImpl.getSession(EntityManagerImpl.java:42)
	at org.hibernate.ejb.AbstractEntityManagerImpl.find(AbstractEntityManagerImpl.java:174)
	at com.topcoder.service.studio.contest.bean.MockEntityManager.find(MockEntityManager.java:146)
	at com.topcoder.service.studio.contest.bean.ContestManagerBean.updateContestChannel(ContestManagerBean.java:1186)
	... 18 more
[Exit method: updateContestChannel()]
[Enter method: addContestChannel()]
[param1: null]
[Exit method: addContestChannel()]
[Enter method: updateContestChannel()]
[param1: 9]
This method is required to run in transaction.
com.topcoder.service.studio.contest.ContestManagementException: This method is required to run in transaction.
	at com.topcoder.service.studio.contest.bean.ContestManagerBean.wrapContestManagementException(ContestManagerBean.java:2119)
	at com.topcoder.service.studio.contest.bean.ContestManagerBean.updateContestChannel(ContestManagerBean.java:1196)
	at com.topcoder.service.studio.contest.bean.ContestManagerBeanUnitTest2.testUpdateContestChannel_Failure3(ContestManagerBeanUnitTest2.java:500)
	at sun.reflect.NativeMethodAccessorImpl.invoke0(Native Method)
	at sun.reflect.NativeMethodAccessorImpl.invoke(NativeMethodAccessorImpl.java:39)
	at sun.reflect.DelegatingMethodAccessorImpl.invoke(DelegatingMethodAccessorImpl.java:25)
	at java.lang.reflect.Method.invoke(Method.java:585)
	at junit.framework.TestCase.runTest(TestCase.java:154)
	at junit.framework.TestCase.runBare(TestCase.java:127)
	at junit.framework.TestResult$1.protect(TestResult.java:106)
	at junit.framework.TestResult.runProtected(TestResult.java:124)
	at junit.framework.TestResult.run(TestResult.java:109)
	at junit.framework.TestCase.run(TestCase.java:118)
	at junit.framework.TestSuite.runTest(TestSuite.java:208)
	at junit.framework.TestSuite.run(TestSuite.java:203)
	at junit.framework.TestSuite.runTest(TestSuite.java:208)
	at junit.framework.TestSuite.run(TestSuite.java:203)
	at org.apache.tools.ant.taskdefs.optional.junit.JUnitTestRunner.run(JUnitTestRunner.java:297)
	at org.apache.tools.ant.taskdefs.optional.junit.JUnitTestRunner.launch(JUnitTestRunner.java:672)
	at org.apache.tools.ant.taskdefs.optional.junit.JUnitTestRunner.main(JUnitTestRunner.java:567)
Caused by: javax.persistence.TransactionRequiredException
	at com.topcoder.service.studio.contest.bean.MockEntityManager.find(MockEntityManager.java:143)
	at com.topcoder.service.studio.contest.bean.ContestManagerBean.updateContestChannel(ContestManagerBean.java:1186)
	... 18 more
[Exit method: updateContestChannel()]
[Enter method: addContestChannel()]
[param1: null]
[Exit method: addContestChannel()]
[Enter method: updateContestChannel()]
[param1: 10]
There are errors while persisting the entity.
com.topcoder.service.studio.contest.ContestManagementException: There are errors while persisting the entity.
	at com.topcoder.service.studio.contest.bean.ContestManagerBean.wrapContestManagementException(ContestManagerBean.java:2119)
	at com.topcoder.service.studio.contest.bean.ContestManagerBean.updateContestChannel(ContestManagerBean.java:1198)
	at com.topcoder.service.studio.contest.bean.ContestManagerBeanUnitTest2.testUpdateContestChannel_Failure4(ContestManagerBeanUnitTest2.java:539)
	at sun.reflect.NativeMethodAccessorImpl.invoke0(Native Method)
	at sun.reflect.NativeMethodAccessorImpl.invoke(NativeMethodAccessorImpl.java:39)
	at sun.reflect.DelegatingMethodAccessorImpl.invoke(DelegatingMethodAccessorImpl.java:25)
	at java.lang.reflect.Method.invoke(Method.java:585)
	at junit.framework.TestCase.runTest(TestCase.java:154)
	at junit.framework.TestCase.runBare(TestCase.java:127)
	at junit.framework.TestResult$1.protect(TestResult.java:106)
	at junit.framework.TestResult.runProtected(TestResult.java:124)
	at junit.framework.TestResult.run(TestResult.java:109)
	at junit.framework.TestCase.run(TestCase.java:118)
	at junit.framework.TestSuite.runTest(TestSuite.java:208)
	at junit.framework.TestSuite.run(TestSuite.java:203)
	at junit.framework.TestSuite.runTest(TestSuite.java:208)
	at junit.framework.TestSuite.run(TestSuite.java:203)
	at org.apache.tools.ant.taskdefs.optional.junit.JUnitTestRunner.run(JUnitTestRunner.java:297)
	at org.apache.tools.ant.taskdefs.optional.junit.JUnitTestRunner.launch(JUnitTestRunner.java:672)
	at org.apache.tools.ant.taskdefs.optional.junit.JUnitTestRunner.main(JUnitTestRunner.java:567)
Caused by: javax.persistence.PersistenceException
	at com.topcoder.service.studio.contest.bean.MockEntityManager.find(MockEntityManager.java:139)
	at com.topcoder.service.studio.contest.bean.ContestManagerBean.updateContestChannel(ContestManagerBean.java:1186)
	... 18 more
[Exit method: updateContestChannel()]
[Enter method: addContestChannel()]
[param1: null]
[Exit method: addContestChannel()]
[Enter method: getContestChannel()]
[param1: 11]
[Exit method: getContestChannel()]
[Enter method: getContestChannel()]
[param1: 1]
The EntityManager is closed.
com.topcoder.service.studio.contest.ContestManagementException: The EntityManager is closed.
	at com.topcoder.service.studio.contest.bean.ContestManagerBean.wrapContestManagementException(ContestManagerBean.java:2119)
	at com.topcoder.service.studio.contest.bean.ContestManagerBean.getContestChannel(ContestManagerBean.java:1265)
	at com.topcoder.service.studio.contest.bean.ContestManagerBeanUnitTest2.testGetContestChannel_Failure1(ContestManagerBeanUnitTest2.java:598)
	at sun.reflect.NativeMethodAccessorImpl.invoke0(Native Method)
	at sun.reflect.NativeMethodAccessorImpl.invoke(NativeMethodAccessorImpl.java:39)
	at sun.reflect.DelegatingMethodAccessorImpl.invoke(DelegatingMethodAccessorImpl.java:25)
	at java.lang.reflect.Method.invoke(Method.java:585)
	at junit.framework.TestCase.runTest(TestCase.java:154)
	at junit.framework.TestCase.runBare(TestCase.java:127)
	at junit.framework.TestResult$1.protect(TestResult.java:106)
	at junit.framework.TestResult.runProtected(TestResult.java:124)
	at junit.framework.TestResult.run(TestResult.java:109)
	at junit.framework.TestCase.run(TestCase.java:118)
	at junit.framework.TestSuite.runTest(TestSuite.java:208)
	at junit.framework.TestSuite.run(TestSuite.java:203)
	at junit.framework.TestSuite.runTest(TestSuite.java:208)
	at junit.framework.TestSuite.run(TestSuite.java:203)
	at org.apache.tools.ant.taskdefs.optional.junit.JUnitTestRunner.run(JUnitTestRunner.java:297)
	at org.apache.tools.ant.taskdefs.optional.junit.JUnitTestRunner.launch(JUnitTestRunner.java:672)
	at org.apache.tools.ant.taskdefs.optional.junit.JUnitTestRunner.main(JUnitTestRunner.java:567)
Caused by: java.lang.IllegalStateException: EntityManager is closed
	at org.hibernate.ejb.EntityManagerImpl.getSession(EntityManagerImpl.java:42)
	at org.hibernate.ejb.AbstractEntityManagerImpl.find(AbstractEntityManagerImpl.java:174)
	at com.topcoder.service.studio.contest.bean.MockEntityManager.find(MockEntityManager.java:146)
	at com.topcoder.service.studio.contest.bean.ContestManagerBean.getContestChannel(ContestManagerBean.java:1261)
	... 18 more
[Exit method: getContestChannel()]
[Enter method: getContestChannel()]
[param1: 1]
There are errors while persisting the entity.
com.topcoder.service.studio.contest.ContestManagementException: There are errors while persisting the entity.
	at com.topcoder.service.studio.contest.bean.ContestManagerBean.wrapContestManagementException(ContestManagerBean.java:2119)
	at com.topcoder.service.studio.contest.bean.ContestManagerBean.getContestChannel(ContestManagerBean.java:1267)
	at com.topcoder.service.studio.contest.bean.ContestManagerBeanUnitTest2.testGetContestChannel_Failure2(ContestManagerBeanUnitTest2.java:622)
	at sun.reflect.NativeMethodAccessorImpl.invoke0(Native Method)
	at sun.reflect.NativeMethodAccessorImpl.invoke(NativeMethodAccessorImpl.java:39)
	at sun.reflect.DelegatingMethodAccessorImpl.invoke(DelegatingMethodAccessorImpl.java:25)
	at java.lang.reflect.Method.invoke(Method.java:585)
	at junit.framework.TestCase.runTest(TestCase.java:154)
	at junit.framework.TestCase.runBare(TestCase.java:127)
	at junit.framework.TestResult$1.protect(TestResult.java:106)
	at junit.framework.TestResult.runProtected(TestResult.java:124)
	at junit.framework.TestResult.run(TestResult.java:109)
	at junit.framework.TestCase.run(TestCase.java:118)
	at junit.framework.TestSuite.runTest(TestSuite.java:208)
	at junit.framework.TestSuite.run(TestSuite.java:203)
	at junit.framework.TestSuite.runTest(TestSuite.java:208)
	at junit.framework.TestSuite.run(TestSuite.java:203)
	at org.apache.tools.ant.taskdefs.optional.junit.JUnitTestRunner.run(JUnitTestRunner.java:297)
	at org.apache.tools.ant.taskdefs.optional.junit.JUnitTestRunner.launch(JUnitTestRunner.java:672)
	at org.apache.tools.ant.taskdefs.optional.junit.JUnitTestRunner.main(JUnitTestRunner.java:567)
Caused by: javax.persistence.PersistenceException
	at com.topcoder.service.studio.contest.bean.MockEntityManager.find(MockEntityManager.java:139)
	at com.topcoder.service.studio.contest.bean.ContestManagerBean.getContestChannel(ContestManagerBean.java:1261)
	... 18 more
[Exit method: getContestChannel()]
[Enter method: removeContestChannel()]
[param1: 1,000]
Hibernate: /* load com.topcoder.service.studio.contest.ContestChannel */ select contestcha0_.contest_channel_id as contest1_15_0_, contestcha0_.channel_description as channel2_15_0_, contestcha0_.file_type_id as file3_15_0_, contestcha0_.channel_name as channel4_15_0_, contestcha0_.parent_channel as parent5_15_0_ from contest_channel_lu contestcha0_ where contestcha0_.contest_channel_id=?
[Exit method: removeContestChannel()]
[Enter method: addContestChannel()]
[param1: null]
[Exit method: addContestChannel()]
[Enter method: removeContestChannel()]
[param1: 12]
[Exit method: removeContestChannel()]
[Enter method: removeContestChannel()]
[param1: 1]
The EntityManager is closed.
com.topcoder.service.studio.contest.ContestManagementException: The EntityManager is closed.
	at com.topcoder.service.studio.contest.bean.ContestManagerBean.wrapContestManagementException(ContestManagerBean.java:2119)
	at com.topcoder.service.studio.contest.bean.ContestManagerBean.removeContestChannel(ContestManagerBean.java:1233)
	at com.topcoder.service.studio.contest.bean.ContestManagerBeanUnitTest2.testRemoveContestChannel_Failure1(ContestManagerBeanUnitTest2.java:697)
	at sun.reflect.NativeMethodAccessorImpl.invoke0(Native Method)
	at sun.reflect.NativeMethodAccessorImpl.invoke(NativeMethodAccessorImpl.java:39)
	at sun.reflect.DelegatingMethodAccessorImpl.invoke(DelegatingMethodAccessorImpl.java:25)
	at java.lang.reflect.Method.invoke(Method.java:585)
	at junit.framework.TestCase.runTest(TestCase.java:154)
	at junit.framework.TestCase.runBare(TestCase.java:127)
	at junit.framework.TestResult$1.protect(TestResult.java:106)
	at junit.framework.TestResult.runProtected(TestResult.java:124)
	at junit.framework.TestResult.run(TestResult.java:109)
	at junit.framework.TestCase.run(TestCase.java:118)
	at junit.framework.TestSuite.runTest(TestSuite.java:208)
	at junit.framework.TestSuite.run(TestSuite.java:203)
	at junit.framework.TestSuite.runTest(TestSuite.java:208)
	at junit.framework.TestSuite.run(TestSuite.java:203)
	at org.apache.tools.ant.taskdefs.optional.junit.JUnitTestRunner.run(JUnitTestRunner.java:297)
	at org.apache.tools.ant.taskdefs.optional.junit.JUnitTestRunner.launch(JUnitTestRunner.java:672)
	at org.apache.tools.ant.taskdefs.optional.junit.JUnitTestRunner.main(JUnitTestRunner.java:567)
Caused by: java.lang.IllegalStateException: EntityManager is closed
	at org.hibernate.ejb.EntityManagerImpl.getSession(EntityManagerImpl.java:42)
	at org.hibernate.ejb.AbstractEntityManagerImpl.find(AbstractEntityManagerImpl.java:174)
	at com.topcoder.service.studio.contest.bean.MockEntityManager.find(MockEntityManager.java:146)
	at com.topcoder.service.studio.contest.bean.ContestManagerBean.removeContestChannel(ContestManagerBean.java:1223)
	... 18 more
[Exit method: removeContestChannel()]
[Enter method: removeContestChannel()]
[param1: 1]
This method is required to run in transaction.
com.topcoder.service.studio.contest.ContestManagementException: This method is required to run in transaction.
	at com.topcoder.service.studio.contest.bean.ContestManagerBean.wrapContestManagementException(ContestManagerBean.java:2119)
	at com.topcoder.service.studio.contest.bean.ContestManagerBean.removeContestChannel(ContestManagerBean.java:1235)
	at com.topcoder.service.studio.contest.bean.ContestManagerBeanUnitTest2.testRemoveContestChannel_Failure2(ContestManagerBeanUnitTest2.java:721)
	at sun.reflect.NativeMethodAccessorImpl.invoke0(Native Method)
	at sun.reflect.NativeMethodAccessorImpl.invoke(NativeMethodAccessorImpl.java:39)
	at sun.reflect.DelegatingMethodAccessorImpl.invoke(DelegatingMethodAccessorImpl.java:25)
	at java.lang.reflect.Method.invoke(Method.java:585)
	at junit.framework.TestCase.runTest(TestCase.java:154)
	at junit.framework.TestCase.runBare(TestCase.java:127)
	at junit.framework.TestResult$1.protect(TestResult.java:106)
	at junit.framework.TestResult.runProtected(TestResult.java:124)
	at junit.framework.TestResult.run(TestResult.java:109)
	at junit.framework.TestCase.run(TestCase.java:118)
	at junit.framework.TestSuite.runTest(TestSuite.java:208)
	at junit.framework.TestSuite.run(TestSuite.java:203)
	at junit.framework.TestSuite.runTest(TestSuite.java:208)
	at junit.framework.TestSuite.run(TestSuite.java:203)
	at org.apache.tools.ant.taskdefs.optional.junit.JUnitTestRunner.run(JUnitTestRunner.java:297)
	at org.apache.tools.ant.taskdefs.optional.junit.JUnitTestRunner.launch(JUnitTestRunner.java:672)
	at org.apache.tools.ant.taskdefs.optional.junit.JUnitTestRunner.main(JUnitTestRunner.java:567)
Caused by: javax.persistence.TransactionRequiredException
	at com.topcoder.service.studio.contest.bean.MockEntityManager.find(MockEntityManager.java:143)
	at com.topcoder.service.studio.contest.bean.ContestManagerBean.removeContestChannel(ContestManagerBean.java:1223)
	... 18 more
[Exit method: removeContestChannel()]
[Enter method: removeContestChannel()]
[param1: 1]
There are errors while persisting the entity.
com.topcoder.service.studio.contest.ContestManagementException: There are errors while persisting the entity.
	at com.topcoder.service.studio.contest.bean.ContestManagerBean.wrapContestManagementException(ContestManagerBean.java:2119)
	at com.topcoder.service.studio.contest.bean.ContestManagerBean.removeContestChannel(ContestManagerBean.java:1237)
	at com.topcoder.service.studio.contest.bean.ContestManagerBeanUnitTest2.testRemoveContestChannel_Failure3(ContestManagerBeanUnitTest2.java:745)
	at sun.reflect.NativeMethodAccessorImpl.invoke0(Native Method)
	at sun.reflect.NativeMethodAccessorImpl.invoke(NativeMethodAccessorImpl.java:39)
	at sun.reflect.DelegatingMethodAccessorImpl.invoke(DelegatingMethodAccessorImpl.java:25)
	at java.lang.reflect.Method.invoke(Method.java:585)
	at junit.framework.TestCase.runTest(TestCase.java:154)
	at junit.framework.TestCase.runBare(TestCase.java:127)
	at junit.framework.TestResult$1.protect(TestResult.java:106)
	at junit.framework.TestResult.runProtected(TestResult.java:124)
	at junit.framework.TestResult.run(TestResult.java:109)
	at junit.framework.TestCase.run(TestCase.java:118)
	at junit.framework.TestSuite.runTest(TestSuite.java:208)
	at junit.framework.TestSuite.run(TestSuite.java:203)
	at junit.framework.TestSuite.runTest(TestSuite.java:208)
	at junit.framework.TestSuite.run(TestSuite.java:203)
	at org.apache.tools.ant.taskdefs.optional.junit.JUnitTestRunner.run(JUnitTestRunner.java:297)
	at org.apache.tools.ant.taskdefs.optional.junit.JUnitTestRunner.launch(JUnitTestRunner.java:672)
	at org.apache.tools.ant.taskdefs.optional.junit.JUnitTestRunner.main(JUnitTestRunner.java:567)
Caused by: javax.persistence.PersistenceException
	at com.topcoder.service.studio.contest.bean.MockEntityManager.find(MockEntityManager.java:139)
	at com.topcoder.service.studio.contest.bean.ContestManagerBean.removeContestChannel(ContestManagerBean.java:1223)
	... 18 more
[Exit method: removeContestChannel()]
[Enter method: addConfig()]
[param1: 0]
Hibernate: /* load com.topcoder.service.studio.contest.ContestConfig */ select contestcon0_.contest_config_id as contest1_14_0_, contestcon0_.contest_id as contest2_14_0_, contestcon0_.property_id as property3_14_0_, contestcon0_.property_value as property4_14_0_ from contest_config contestcon0_ where contestcon0_.contest_config_id=?
Hibernate: select max(contest_config_id) from contest_config
[Exit method: addConfig()]
[Enter method: getConfig()]
[param1: 1]
[Exit method: getConfig()]
[Enter method: addConfig()]
[param1: 0]
Hibernate: /* load com.topcoder.service.studio.contest.ContestConfig */ select contestcon0_.contest_config_id as contest1_14_0_, contestcon0_.contest_id as contest2_14_0_, contestcon0_.property_id as property3_14_0_, contestcon0_.property_value as property4_14_0_ from contest_config contestcon0_ where contestcon0_.contest_config_id=?
[Exit method: addConfig()]
[Enter method: addConfig()]
[param1: 2]
The contest config with id '2' already exists.
com.topcoder.service.studio.contest.EntityAlreadyExistsException: The contest config with id '2' already exists.
	at com.topcoder.service.studio.contest.bean.ContestManagerBean.addConfig(ContestManagerBean.java:1295)
	at com.topcoder.service.studio.contest.bean.ContestManagerBeanUnitTest2.testAddConfig_Failure2(ContestManagerBeanUnitTest2.java:801)
	at sun.reflect.NativeMethodAccessorImpl.invoke0(Native Method)
	at sun.reflect.NativeMethodAccessorImpl.invoke(NativeMethodAccessorImpl.java:39)
	at sun.reflect.DelegatingMethodAccessorImpl.invoke(DelegatingMethodAccessorImpl.java:25)
	at java.lang.reflect.Method.invoke(Method.java:585)
	at junit.framework.TestCase.runTest(TestCase.java:154)
	at junit.framework.TestCase.runBare(TestCase.java:127)
	at junit.framework.TestResult$1.protect(TestResult.java:106)
	at junit.framework.TestResult.runProtected(TestResult.java:124)
	at junit.framework.TestResult.run(TestResult.java:109)
	at junit.framework.TestCase.run(TestCase.java:118)
	at junit.framework.TestSuite.runTest(TestSuite.java:208)
	at junit.framework.TestSuite.run(TestSuite.java:203)
	at junit.framework.TestSuite.runTest(TestSuite.java:208)
	at junit.framework.TestSuite.run(TestSuite.java:203)
	at org.apache.tools.ant.taskdefs.optional.junit.JUnitTestRunner.run(JUnitTestRunner.java:297)
	at org.apache.tools.ant.taskdefs.optional.junit.JUnitTestRunner.launch(JUnitTestRunner.java:672)
	at org.apache.tools.ant.taskdefs.optional.junit.JUnitTestRunner.main(JUnitTestRunner.java:567)
[Exit method: addConfig()]
[Enter method: addConfig()]
[param1: 0]
The EntityManager is closed.
com.topcoder.service.studio.contest.ContestManagementException: The EntityManager is closed.
	at com.topcoder.service.studio.contest.bean.ContestManagerBean.wrapContestManagementException(ContestManagerBean.java:2119)
	at com.topcoder.service.studio.contest.bean.ContestManagerBean.addConfig(ContestManagerBean.java:1308)
	at com.topcoder.service.studio.contest.bean.ContestManagerBeanUnitTest2.testAddConfig_Failure3(ContestManagerBeanUnitTest2.java:831)
	at sun.reflect.NativeMethodAccessorImpl.invoke0(Native Method)
	at sun.reflect.NativeMethodAccessorImpl.invoke(NativeMethodAccessorImpl.java:39)
	at sun.reflect.DelegatingMethodAccessorImpl.invoke(DelegatingMethodAccessorImpl.java:25)
	at java.lang.reflect.Method.invoke(Method.java:585)
	at junit.framework.TestCase.runTest(TestCase.java:154)
	at junit.framework.TestCase.runBare(TestCase.java:127)
	at junit.framework.TestResult$1.protect(TestResult.java:106)
	at junit.framework.TestResult.runProtected(TestResult.java:124)
	at junit.framework.TestResult.run(TestResult.java:109)
	at junit.framework.TestCase.run(TestCase.java:118)
	at junit.framework.TestSuite.runTest(TestSuite.java:208)
	at junit.framework.TestSuite.run(TestSuite.java:203)
	at junit.framework.TestSuite.runTest(TestSuite.java:208)
	at junit.framework.TestSuite.run(TestSuite.java:203)
	at org.apache.tools.ant.taskdefs.optional.junit.JUnitTestRunner.run(JUnitTestRunner.java:297)
	at org.apache.tools.ant.taskdefs.optional.junit.JUnitTestRunner.launch(JUnitTestRunner.java:672)
	at org.apache.tools.ant.taskdefs.optional.junit.JUnitTestRunner.main(JUnitTestRunner.java:567)
Caused by: java.lang.IllegalStateException: EntityManager is closed
	at org.hibernate.ejb.EntityManagerImpl.getSession(EntityManagerImpl.java:42)
	at org.hibernate.ejb.AbstractEntityManagerImpl.find(AbstractEntityManagerImpl.java:174)
	at com.topcoder.service.studio.contest.bean.MockEntityManager.find(MockEntityManager.java:146)
	at com.topcoder.service.studio.contest.bean.ContestManagerBean.addConfig(ContestManagerBean.java:1294)
	... 18 more
[Exit method: addConfig()]
[Enter method: addConfig()]
[param1: 0]
This method is required to run in transaction.
com.topcoder.service.studio.contest.ContestManagementException: This method is required to run in transaction.
	at com.topcoder.service.studio.contest.bean.ContestManagerBean.wrapContestManagementException(ContestManagerBean.java:2119)
	at com.topcoder.service.studio.contest.bean.ContestManagerBean.addConfig(ContestManagerBean.java:1310)
	at com.topcoder.service.studio.contest.bean.ContestManagerBeanUnitTest2.testAddConfig_Failure4(ContestManagerBeanUnitTest2.java:861)
	at sun.reflect.NativeMethodAccessorImpl.invoke0(Native Method)
	at sun.reflect.NativeMethodAccessorImpl.invoke(NativeMethodAccessorImpl.java:39)
	at sun.reflect.DelegatingMethodAccessorImpl.invoke(DelegatingMethodAccessorImpl.java:25)
	at java.lang.reflect.Method.invoke(Method.java:585)
	at junit.framework.TestCase.runTest(TestCase.java:154)
	at junit.framework.TestCase.runBare(TestCase.java:127)
	at junit.framework.TestResult$1.protect(TestResult.java:106)
	at junit.framework.TestResult.runProtected(TestResult.java:124)
	at junit.framework.TestResult.run(TestResult.java:109)
	at junit.framework.TestCase.run(TestCase.java:118)
	at junit.framework.TestSuite.runTest(TestSuite.java:208)
	at junit.framework.TestSuite.run(TestSuite.java:203)
	at junit.framework.TestSuite.runTest(TestSuite.java:208)
	at junit.framework.TestSuite.run(TestSuite.java:203)
	at org.apache.tools.ant.taskdefs.optional.junit.JUnitTestRunner.run(JUnitTestRunner.java:297)
	at org.apache.tools.ant.taskdefs.optional.junit.JUnitTestRunner.launch(JUnitTestRunner.java:672)
	at org.apache.tools.ant.taskdefs.optional.junit.JUnitTestRunner.main(JUnitTestRunner.java:567)
Caused by: javax.persistence.TransactionRequiredException
	at com.topcoder.service.studio.contest.bean.MockEntityManager.find(MockEntityManager.java:143)
	at com.topcoder.service.studio.contest.bean.ContestManagerBean.addConfig(ContestManagerBean.java:1294)
	... 18 more
[Exit method: addConfig()]
[Enter method: addConfig()]
[param1: 0]
There are errors while persisting the entity.
com.topcoder.service.studio.contest.ContestManagementException: There are errors while persisting the entity.
	at com.topcoder.service.studio.contest.bean.ContestManagerBean.wrapContestManagementException(ContestManagerBean.java:2119)
	at com.topcoder.service.studio.contest.bean.ContestManagerBean.addConfig(ContestManagerBean.java:1312)
	at com.topcoder.service.studio.contest.bean.ContestManagerBeanUnitTest2.testAddConfig_Failure5(ContestManagerBeanUnitTest2.java:891)
	at sun.reflect.NativeMethodAccessorImpl.invoke0(Native Method)
	at sun.reflect.NativeMethodAccessorImpl.invoke(NativeMethodAccessorImpl.java:39)
	at sun.reflect.DelegatingMethodAccessorImpl.invoke(DelegatingMethodAccessorImpl.java:25)
	at java.lang.reflect.Method.invoke(Method.java:585)
	at junit.framework.TestCase.runTest(TestCase.java:154)
	at junit.framework.TestCase.runBare(TestCase.java:127)
	at junit.framework.TestResult$1.protect(TestResult.java:106)
	at junit.framework.TestResult.runProtected(TestResult.java:124)
	at junit.framework.TestResult.run(TestResult.java:109)
	at junit.framework.TestCase.run(TestCase.java:118)
	at junit.framework.TestSuite.runTest(TestSuite.java:208)
	at junit.framework.TestSuite.run(TestSuite.java:203)
	at junit.framework.TestSuite.runTest(TestSuite.java:208)
	at junit.framework.TestSuite.run(TestSuite.java:203)
	at org.apache.tools.ant.taskdefs.optional.junit.JUnitTestRunner.run(JUnitTestRunner.java:297)
	at org.apache.tools.ant.taskdefs.optional.junit.JUnitTestRunner.launch(JUnitTestRunner.java:672)
	at org.apache.tools.ant.taskdefs.optional.junit.JUnitTestRunner.main(JUnitTestRunner.java:567)
Caused by: javax.persistence.PersistenceException
	at com.topcoder.service.studio.contest.bean.MockEntityManager.find(MockEntityManager.java:139)
	at com.topcoder.service.studio.contest.bean.ContestManagerBean.addConfig(ContestManagerBean.java:1294)
	... 18 more
[Exit method: addConfig()]
[Enter method: addConfig()]
[param1: 0]
Hibernate: /* load com.topcoder.service.studio.contest.ContestConfig */ select contestcon0_.contest_config_id as contest1_14_0_, contestcon0_.contest_id as contest2_14_0_, contestcon0_.property_id as property3_14_0_, contestcon0_.property_value as property4_14_0_ from contest_config contestcon0_ where contestcon0_.contest_config_id=?
[Exit method: addConfig()]
[Enter method: updateConfig()]
[param1: 3]
[Exit method: updateConfig()]
[Enter method: getConfig()]
[param1: 3]
[Exit method: getConfig()]
[Enter method: updateConfig()]
[param1: 0]
The EntityManager is closed.
com.topcoder.service.studio.contest.ContestManagementException: The EntityManager is closed.
	at com.topcoder.service.studio.contest.bean.ContestManagerBean.wrapContestManagementException(ContestManagerBean.java:2119)
	at com.topcoder.service.studio.contest.bean.ContestManagerBean.updateConfig(ContestManagerBean.java:1344)
	at com.topcoder.service.studio.contest.bean.ContestManagerBeanUnitTest2.testUpdateConfig_Failure1(ContestManagerBeanUnitTest2.java:936)
	at sun.reflect.NativeMethodAccessorImpl.invoke0(Native Method)
	at sun.reflect.NativeMethodAccessorImpl.invoke(NativeMethodAccessorImpl.java:39)
	at sun.reflect.DelegatingMethodAccessorImpl.invoke(DelegatingMethodAccessorImpl.java:25)
	at java.lang.reflect.Method.invoke(Method.java:585)
	at junit.framework.TestCase.runTest(TestCase.java:154)
	at junit.framework.TestCase.runBare(TestCase.java:127)
	at junit.framework.TestResult$1.protect(TestResult.java:106)
	at junit.framework.TestResult.runProtected(TestResult.java:124)
	at junit.framework.TestResult.run(TestResult.java:109)
	at junit.framework.TestCase.run(TestCase.java:118)
	at junit.framework.TestSuite.runTest(TestSuite.java:208)
	at junit.framework.TestSuite.run(TestSuite.java:203)
	at junit.framework.TestSuite.runTest(TestSuite.java:208)
	at junit.framework.TestSuite.run(TestSuite.java:203)
	at org.apache.tools.ant.taskdefs.optional.junit.JUnitTestRunner.run(JUnitTestRunner.java:297)
	at org.apache.tools.ant.taskdefs.optional.junit.JUnitTestRunner.launch(JUnitTestRunner.java:672)
	at org.apache.tools.ant.taskdefs.optional.junit.JUnitTestRunner.main(JUnitTestRunner.java:567)
Caused by: java.lang.IllegalStateException: EntityManager is closed
	at org.hibernate.ejb.EntityManagerImpl.getSession(EntityManagerImpl.java:42)
	at org.hibernate.ejb.AbstractEntityManagerImpl.find(AbstractEntityManagerImpl.java:174)
	at com.topcoder.service.studio.contest.bean.MockEntityManager.find(MockEntityManager.java:146)
	at com.topcoder.service.studio.contest.bean.ContestManagerBean.updateConfig(ContestManagerBean.java:1337)
	... 18 more
[Exit method: updateConfig()]
[Enter method: updateConfig()]
[param1: 0]
There are errors while persisting the entity.
com.topcoder.service.studio.contest.ContestManagementException: There are errors while persisting the entity.
	at com.topcoder.service.studio.contest.bean.ContestManagerBean.wrapContestManagementException(ContestManagerBean.java:2119)
	at com.topcoder.service.studio.contest.bean.ContestManagerBean.updateConfig(ContestManagerBean.java:1348)
	at com.topcoder.service.studio.contest.bean.ContestManagerBeanUnitTest2.testUpdateConfig_Failure2(ContestManagerBeanUnitTest2.java:958)
	at sun.reflect.NativeMethodAccessorImpl.invoke0(Native Method)
	at sun.reflect.NativeMethodAccessorImpl.invoke(NativeMethodAccessorImpl.java:39)
	at sun.reflect.DelegatingMethodAccessorImpl.invoke(DelegatingMethodAccessorImpl.java:25)
	at java.lang.reflect.Method.invoke(Method.java:585)
	at junit.framework.TestCase.runTest(TestCase.java:154)
	at junit.framework.TestCase.runBare(TestCase.java:127)
	at junit.framework.TestResult$1.protect(TestResult.java:106)
	at junit.framework.TestResult.runProtected(TestResult.java:124)
	at junit.framework.TestResult.run(TestResult.java:109)
	at junit.framework.TestCase.run(TestCase.java:118)
	at junit.framework.TestSuite.runTest(TestSuite.java:208)
	at junit.framework.TestSuite.run(TestSuite.java:203)
	at junit.framework.TestSuite.runTest(TestSuite.java:208)
	at junit.framework.TestSuite.run(TestSuite.java:203)
	at org.apache.tools.ant.taskdefs.optional.junit.JUnitTestRunner.run(JUnitTestRunner.java:297)
	at org.apache.tools.ant.taskdefs.optional.junit.JUnitTestRunner.launch(JUnitTestRunner.java:672)
	at org.apache.tools.ant.taskdefs.optional.junit.JUnitTestRunner.main(JUnitTestRunner.java:567)
Caused by: javax.persistence.PersistenceException
	at com.topcoder.service.studio.contest.bean.MockEntityManager.find(MockEntityManager.java:139)
	at com.topcoder.service.studio.contest.bean.ContestManagerBean.updateConfig(ContestManagerBean.java:1337)
	... 18 more
[Exit method: updateConfig()]
[Enter method: updateConfig()]
[param1: 0]
This method is required to run in transaction.
com.topcoder.service.studio.contest.ContestManagementException: This method is required to run in transaction.
	at com.topcoder.service.studio.contest.bean.ContestManagerBean.wrapContestManagementException(ContestManagerBean.java:2119)
	at com.topcoder.service.studio.contest.bean.ContestManagerBean.updateConfig(ContestManagerBean.java:1346)
	at com.topcoder.service.studio.contest.bean.ContestManagerBeanUnitTest2.testUpdateConfig_Failure3(ContestManagerBeanUnitTest2.java:980)
	at sun.reflect.NativeMethodAccessorImpl.invoke0(Native Method)
	at sun.reflect.NativeMethodAccessorImpl.invoke(NativeMethodAccessorImpl.java:39)
	at sun.reflect.DelegatingMethodAccessorImpl.invoke(DelegatingMethodAccessorImpl.java:25)
	at java.lang.reflect.Method.invoke(Method.java:585)
	at junit.framework.TestCase.runTest(TestCase.java:154)
	at junit.framework.TestCase.runBare(TestCase.java:127)
	at junit.framework.TestResult$1.protect(TestResult.java:106)
	at junit.framework.TestResult.runProtected(TestResult.java:124)
	at junit.framework.TestResult.run(TestResult.java:109)
	at junit.framework.TestCase.run(TestCase.java:118)
	at junit.framework.TestSuite.runTest(TestSuite.java:208)
	at junit.framework.TestSuite.run(TestSuite.java:203)
	at junit.framework.TestSuite.runTest(TestSuite.java:208)
	at junit.framework.TestSuite.run(TestSuite.java:203)
	at org.apache.tools.ant.taskdefs.optional.junit.JUnitTestRunner.run(JUnitTestRunner.java:297)
	at org.apache.tools.ant.taskdefs.optional.junit.JUnitTestRunner.launch(JUnitTestRunner.java:672)
	at org.apache.tools.ant.taskdefs.optional.junit.JUnitTestRunner.main(JUnitTestRunner.java:567)
Caused by: javax.persistence.TransactionRequiredException
	at com.topcoder.service.studio.contest.bean.MockEntityManager.find(MockEntityManager.java:143)
	at com.topcoder.service.studio.contest.bean.ContestManagerBean.updateConfig(ContestManagerBean.java:1337)
	... 18 more
[Exit method: updateConfig()]
[Enter method: updateConfig()]
[param1: 1,000]
Hibernate: /* load com.topcoder.service.studio.contest.ContestConfig */ select contestcon0_.contest_config_id as contest1_14_0_, contestcon0_.contest_id as contest2_14_0_, contestcon0_.property_id as property3_14_0_, contestcon0_.property_value as property4_14_0_ from contest_config contestcon0_ where contestcon0_.contest_config_id=?
The contest config with id '1000' doesn't exist
com.topcoder.service.studio.contest.EntityNotFoundException: The contest config with id '1000' doesn't exist
	at com.topcoder.service.studio.contest.bean.ContestManagerBean.wrapEntityNotFoundException(ContestManagerBean.java:2084)
	at com.topcoder.service.studio.contest.bean.ContestManagerBean.updateConfig(ContestManagerBean.java:1338)
	at com.topcoder.service.studio.contest.bean.ContestManagerBeanUnitTest2.testUpdateConfig_Failure4(ContestManagerBeanUnitTest2.java:1002)
	at sun.reflect.NativeMethodAccessorImpl.invoke0(Native Method)
	at sun.reflect.NativeMethodAccessorImpl.invoke(NativeMethodAccessorImpl.java:39)
	at sun.reflect.DelegatingMethodAccessorImpl.invoke(DelegatingMethodAccessorImpl.java:25)
	at java.lang.reflect.Method.invoke(Method.java:585)
	at junit.framework.TestCase.runTest(TestCase.java:154)
	at junit.framework.TestCase.runBare(TestCase.java:127)
	at junit.framework.TestResult$1.protect(TestResult.java:106)
	at junit.framework.TestResult.runProtected(TestResult.java:124)
	at junit.framework.TestResult.run(TestResult.java:109)
	at junit.framework.TestCase.run(TestCase.java:118)
	at junit.framework.TestSuite.runTest(TestSuite.java:208)
	at junit.framework.TestSuite.run(TestSuite.java:203)
	at junit.framework.TestSuite.runTest(TestSuite.java:208)
	at junit.framework.TestSuite.run(TestSuite.java:203)
	at org.apache.tools.ant.taskdefs.optional.junit.JUnitTestRunner.run(JUnitTestRunner.java:297)
	at org.apache.tools.ant.taskdefs.optional.junit.JUnitTestRunner.launch(JUnitTestRunner.java:672)
	at org.apache.tools.ant.taskdefs.optional.junit.JUnitTestRunner.main(JUnitTestRunner.java:567)
[Exit method: updateConfig()]
[Enter method: addConfig()]
[param1: 0]
Hibernate: /* load com.topcoder.service.studio.contest.ContestConfig */ select contestcon0_.contest_config_id as contest1_14_0_, contestcon0_.contest_id as contest2_14_0_, contestcon0_.property_id as property3_14_0_, contestcon0_.property_value as property4_14_0_ from contest_config contestcon0_ where contestcon0_.contest_config_id=?
[Exit method: addConfig()]
[Enter method: getConfig()]
[param1: 4]
[Exit method: getConfig()]
[Enter method: addConfig()]
[param1: 0]
Hibernate: /* load com.topcoder.service.studio.contest.ContestConfig */ select contestcon0_.contest_config_id as contest1_14_0_, contestcon0_.contest_id as contest2_14_0_, contestcon0_.property_id as property3_14_0_, contestcon0_.property_value as property4_14_0_ from contest_config contestcon0_ where contestcon0_.contest_config_id=?
[Exit method: addConfig()]
[Enter method: getConfig()]
[param1: 5]
The EntityManager is closed.
com.topcoder.service.studio.contest.ContestManagementException: The EntityManager is closed.
	at com.topcoder.service.studio.contest.bean.ContestManagerBean.wrapContestManagementException(ContestManagerBean.java:2119)
	at com.topcoder.service.studio.contest.bean.ContestManagerBean.getConfig(ContestManagerBean.java:1377)
	at com.topcoder.service.studio.contest.bean.ContestManagerBeanUnitTest2.testGetConfig_Failure1(ContestManagerBeanUnitTest2.java:1044)
	at sun.reflect.NativeMethodAccessorImpl.invoke0(Native Method)
	at sun.reflect.NativeMethodAccessorImpl.invoke(NativeMethodAccessorImpl.java:39)
	at sun.reflect.DelegatingMethodAccessorImpl.invoke(DelegatingMethodAccessorImpl.java:25)
	at java.lang.reflect.Method.invoke(Method.java:585)
	at junit.framework.TestCase.runTest(TestCase.java:154)
	at junit.framework.TestCase.runBare(TestCase.java:127)
	at junit.framework.TestResult$1.protect(TestResult.java:106)
	at junit.framework.TestResult.runProtected(TestResult.java:124)
	at junit.framework.TestResult.run(TestResult.java:109)
	at junit.framework.TestCase.run(TestCase.java:118)
	at junit.framework.TestSuite.runTest(TestSuite.java:208)
	at junit.framework.TestSuite.run(TestSuite.java:203)
	at junit.framework.TestSuite.runTest(TestSuite.java:208)
	at junit.framework.TestSuite.run(TestSuite.java:203)
	at org.apache.tools.ant.taskdefs.optional.junit.JUnitTestRunner.run(JUnitTestRunner.java:297)
	at org.apache.tools.ant.taskdefs.optional.junit.JUnitTestRunner.launch(JUnitTestRunner.java:672)
	at org.apache.tools.ant.taskdefs.optional.junit.JUnitTestRunner.main(JUnitTestRunner.java:567)
Caused by: java.lang.IllegalStateException: EntityManager is closed
	at org.hibernate.ejb.EntityManagerImpl.getSession(EntityManagerImpl.java:42)
	at org.hibernate.ejb.AbstractEntityManagerImpl.find(AbstractEntityManagerImpl.java:174)
	at com.topcoder.service.studio.contest.bean.MockEntityManager.find(MockEntityManager.java:146)
	at com.topcoder.service.studio.contest.bean.ContestManagerBean.getConfig(ContestManagerBean.java:1373)
	... 18 more
[Exit method: getConfig()]
[Enter method: addConfig()]
[param1: 0]
Hibernate: /* load com.topcoder.service.studio.contest.ContestConfig */ select contestcon0_.contest_config_id as contest1_14_0_, contestcon0_.contest_id as contest2_14_0_, contestcon0_.property_id as property3_14_0_, contestcon0_.property_value as property4_14_0_ from contest_config contestcon0_ where contestcon0_.contest_config_id=?
[Exit method: addConfig()]
[Enter method: getConfig()]
[param1: 6]
There are errors while persisting the entity.
com.topcoder.service.studio.contest.ContestManagementException: There are errors while persisting the entity.
	at com.topcoder.service.studio.contest.bean.ContestManagerBean.wrapContestManagementException(ContestManagerBean.java:2119)
	at com.topcoder.service.studio.contest.bean.ContestManagerBean.getConfig(ContestManagerBean.java:1381)
	at com.topcoder.service.studio.contest.bean.ContestManagerBeanUnitTest2.testGetConfig_Failure2(ContestManagerBeanUnitTest2.java:1068)
	at sun.reflect.NativeMethodAccessorImpl.invoke0(Native Method)
	at sun.reflect.NativeMethodAccessorImpl.invoke(NativeMethodAccessorImpl.java:39)
	at sun.reflect.DelegatingMethodAccessorImpl.invoke(DelegatingMethodAccessorImpl.java:25)
	at java.lang.reflect.Method.invoke(Method.java:585)
	at junit.framework.TestCase.runTest(TestCase.java:154)
	at junit.framework.TestCase.runBare(TestCase.java:127)
	at junit.framework.TestResult$1.protect(TestResult.java:106)
	at junit.framework.TestResult.runProtected(TestResult.java:124)
	at junit.framework.TestResult.run(TestResult.java:109)
	at junit.framework.TestCase.run(TestCase.java:118)
	at junit.framework.TestSuite.runTest(TestSuite.java:208)
	at junit.framework.TestSuite.run(TestSuite.java:203)
	at junit.framework.TestSuite.runTest(TestSuite.java:208)
	at junit.framework.TestSuite.run(TestSuite.java:203)
	at org.apache.tools.ant.taskdefs.optional.junit.JUnitTestRunner.run(JUnitTestRunner.java:297)
	at org.apache.tools.ant.taskdefs.optional.junit.JUnitTestRunner.launch(JUnitTestRunner.java:672)
	at org.apache.tools.ant.taskdefs.optional.junit.JUnitTestRunner.main(JUnitTestRunner.java:567)
Caused by: javax.persistence.PersistenceException
	at com.topcoder.service.studio.contest.bean.MockEntityManager.find(MockEntityManager.java:139)
	at com.topcoder.service.studio.contest.bean.ContestManagerBean.getConfig(ContestManagerBean.java:1373)
	... 18 more
[Exit method: getConfig()]
[Enter method: addConfig()]
[param1: 0]
Hibernate: /* load com.topcoder.service.studio.contest.ContestConfig */ select contestcon0_.contest_config_id as contest1_14_0_, contestcon0_.contest_id as contest2_14_0_, contestcon0_.property_id as property3_14_0_, contestcon0_.property_value as property4_14_0_ from contest_config contestcon0_ where contestcon0_.contest_config_id=?
[Exit method: addConfig()]
[Enter method: getConfig()]
[param1: 7]
This method is required to run in transaction.
com.topcoder.service.studio.contest.ContestManagementException: This method is required to run in transaction.
	at com.topcoder.service.studio.contest.bean.ContestManagerBean.wrapContestManagementException(ContestManagerBean.java:2119)
	at com.topcoder.service.studio.contest.bean.ContestManagerBean.getConfig(ContestManagerBean.java:1379)
	at com.topcoder.service.studio.contest.bean.ContestManagerBeanUnitTest2.testGetConfig_Failure3(ContestManagerBeanUnitTest2.java:1093)
	at sun.reflect.NativeMethodAccessorImpl.invoke0(Native Method)
	at sun.reflect.NativeMethodAccessorImpl.invoke(NativeMethodAccessorImpl.java:39)
	at sun.reflect.DelegatingMethodAccessorImpl.invoke(DelegatingMethodAccessorImpl.java:25)
	at java.lang.reflect.Method.invoke(Method.java:585)
	at junit.framework.TestCase.runTest(TestCase.java:154)
	at junit.framework.TestCase.runBare(TestCase.java:127)
	at junit.framework.TestResult$1.protect(TestResult.java:106)
	at junit.framework.TestResult.runProtected(TestResult.java:124)
	at junit.framework.TestResult.run(TestResult.java:109)
	at junit.framework.TestCase.run(TestCase.java:118)
	at junit.framework.TestSuite.runTest(TestSuite.java:208)
	at junit.framework.TestSuite.run(TestSuite.java:203)
	at junit.framework.TestSuite.runTest(TestSuite.java:208)
	at junit.framework.TestSuite.run(TestSuite.java:203)
	at org.apache.tools.ant.taskdefs.optional.junit.JUnitTestRunner.run(JUnitTestRunner.java:297)
	at org.apache.tools.ant.taskdefs.optional.junit.JUnitTestRunner.launch(JUnitTestRunner.java:672)
	at org.apache.tools.ant.taskdefs.optional.junit.JUnitTestRunner.main(JUnitTestRunner.java:567)
Caused by: javax.persistence.TransactionRequiredException
	at com.topcoder.service.studio.contest.bean.MockEntityManager.find(MockEntityManager.java:143)
	at com.topcoder.service.studio.contest.bean.ContestManagerBean.getConfig(ContestManagerBean.java:1373)
	... 18 more
[Exit method: getConfig()]
[5/17/08 12:13 AM: Enter method start()]
[5/17/08 12:13 AM: Exit method Start()]
[Enter method: addDocument()]
[param1: null]
[Exit method: addDocument()]
[Enter method: saveDocumentContent()]
[param1: 11, param2: [B@314585]
[Exit method: saveDocumentContent()]
[5/17/08 12:13 AM: Enter method stop()]
There are errors in run().
com.topcoder.service.studio.contest.documentcontentservers.InvalidRequestException: Unrecognized request type: 0
	at com.topcoder.service.studio.contest.documentcontentservers.SocketDocumentContentServer$SocketDocumentContentWorker.processData(SocketDocumentContentServer.java:571)
	at com.topcoder.service.studio.contest.documentcontentservers.SocketDocumentContentServer$SocketDocumentContentWorker.run(SocketDocumentContentServer.java:442)
	at java.lang.Thread.run(Thread.java:595)
[5/17/08 12:13 AM: Exit method stop()]
[5/17/08 12:13 AM: Enter method start()]
[5/17/08 12:13 AM: Exit method Start()]
[Enter method: addDocument()]
[param1: null]
[Exit method: addDocument()]
[Enter method: saveDocumentContent()]
[Exit method: saveDocumentContent()]
[5/17/08 12:13 AM: Enter method stop()]
[5/17/08 12:13 AM: Exit method stop()]
[Enter method: saveDocumentContent()]
[param1: 100, param2: [B@1277a30]
Hibernate: /* load com.topcoder.service.studio.contest.Document */ select document0_.document_id as document1_23_0_, document0_.original_file_name as original2_23_0_, document0_.system_file_name as system3_23_0_, document0_.path_id as path4_23_0_, document0_.mime_type_id as mime5_23_0_, document0_.document_type_id as document6_23_0_, document0_.create_date as create7_23_0_ from document document0_ where document0_.document_id=?
The document with id '100' doesn't exist.
com.topcoder.service.studio.contest.EntityNotFoundException: The document with id '100' doesn't exist.
	at com.topcoder.service.studio.contest.bean.ContestManagerBean.wrapEntityNotFoundException(ContestManagerBean.java:2084)
	at com.topcoder.service.studio.contest.bean.ContestManagerBean.saveDocumentContent(ContestManagerBean.java:1416)
	at com.topcoder.service.studio.contest.bean.ContestManagerBeanUnitTest2.testSaveDocumentContent_Failure2(ContestManagerBeanUnitTest2.java:1245)
	at sun.reflect.NativeMethodAccessorImpl.invoke0(Native Method)
	at sun.reflect.NativeMethodAccessorImpl.invoke(NativeMethodAccessorImpl.java:39)
	at sun.reflect.DelegatingMethodAccessorImpl.invoke(DelegatingMethodAccessorImpl.java:25)
	at java.lang.reflect.Method.invoke(Method.java:585)
	at junit.framework.TestCase.runTest(TestCase.java:154)
	at junit.framework.TestCase.runBare(TestCase.java:127)
	at junit.framework.TestResult$1.protect(TestResult.java:106)
	at junit.framework.TestResult.runProtected(TestResult.java:124)
	at junit.framework.TestResult.run(TestResult.java:109)
	at junit.framework.TestCase.run(TestCase.java:118)
	at junit.framework.TestSuite.runTest(TestSuite.java:208)
	at junit.framework.TestSuite.run(TestSuite.java:203)
	at junit.framework.TestSuite.runTest(TestSuite.java:208)
	at junit.framework.TestSuite.run(TestSuite.java:203)
	at org.apache.tools.ant.taskdefs.optional.junit.JUnitTestRunner.run(JUnitTestRunner.java:297)
	at org.apache.tools.ant.taskdefs.optional.junit.JUnitTestRunner.launch(JUnitTestRunner.java:672)
	at org.apache.tools.ant.taskdefs.optional.junit.JUnitTestRunner.main(JUnitTestRunner.java:567)
[Exit method: saveDocumentContent()]
[Enter method: addDocument()]
[param1: null]
Hibernate: /* load com.topcoder.service.studio.contest.FilePath */ select filepath0_.path_id as path1_9_0_, filepath0_.path as path9_0_, filepath0_.modify_date as modify3_9_0_ from path filepath0_ where filepath0_.path_id=?
The file path with specified path id doesn't exist.
com.topcoder.service.studio.contest.ContestManagementException: The file path with specified path id doesn't exist.
	at com.topcoder.service.studio.contest.bean.ContestManagerBean.wrapContestManagementException(ContestManagerBean.java:2101)
	at com.topcoder.service.studio.contest.bean.ContestManagerBean.addDocument(ContestManagerBean.java:885)
	at com.topcoder.service.studio.contest.bean.ContestManagerBeanUnitTest2.testSaveDocumentContent_Failure3(ContestManagerBeanUnitTest2.java:1275)
	at sun.reflect.NativeMethodAccessorImpl.invoke0(Native Method)
	at sun.reflect.NativeMethodAccessorImpl.invoke(NativeMethodAccessorImpl.java:39)
	at sun.reflect.DelegatingMethodAccessorImpl.invoke(DelegatingMethodAccessorImpl.java:25)
	at java.lang.reflect.Method.invoke(Method.java:585)
	at junit.framework.TestCase.runTest(TestCase.java:154)
	at junit.framework.TestCase.runBare(TestCase.java:127)
	at junit.framework.TestResult$1.protect(TestResult.java:106)
	at junit.framework.TestResult.runProtected(TestResult.java:124)
	at junit.framework.TestResult.run(TestResult.java:109)
	at junit.framework.TestCase.run(TestCase.java:118)
	at junit.framework.TestSuite.runTest(TestSuite.java:208)
	at junit.framework.TestSuite.run(TestSuite.java:203)
	at junit.framework.TestSuite.runTest(TestSuite.java:208)
	at junit.framework.TestSuite.run(TestSuite.java:203)
	at org.apache.tools.ant.taskdefs.optional.junit.JUnitTestRunner.run(JUnitTestRunner.java:297)
	at org.apache.tools.ant.taskdefs.optional.junit.JUnitTestRunner.launch(JUnitTestRunner.java:672)
	at org.apache.tools.ant.taskdefs.optional.junit.JUnitTestRunner.main(JUnitTestRunner.java:567)
[Exit method: addDocument()]
[Enter method: addDocument()]
[param1: null]
Hibernate: /* load com.topcoder.service.studio.contest.FilePath */ select filepath0_.path_id as path1_9_0_, filepath0_.path as path9_0_, filepath0_.modify_date as modify3_9_0_ from path filepath0_ where filepath0_.path_id=?
The file path with specified path id doesn't exist.
com.topcoder.service.studio.contest.ContestManagementException: The file path with specified path id doesn't exist.
	at com.topcoder.service.studio.contest.bean.ContestManagerBean.wrapContestManagementException(ContestManagerBean.java:2101)
	at com.topcoder.service.studio.contest.bean.ContestManagerBean.addDocument(ContestManagerBean.java:885)
	at com.topcoder.service.studio.contest.bean.ContestManagerBeanUnitTest2.testSaveDocumentContent_Failure4(ContestManagerBeanUnitTest2.java:1313)
	at sun.reflect.NativeMethodAccessorImpl.invoke0(Native Method)
	at sun.reflect.NativeMethodAccessorImpl.invoke(NativeMethodAccessorImpl.java:39)
	at sun.reflect.DelegatingMethodAccessorImpl.invoke(DelegatingMethodAccessorImpl.java:25)
	at java.lang.reflect.Method.invoke(Method.java:585)
	at junit.framework.TestCase.runTest(TestCase.java:154)
	at junit.framework.TestCase.runBare(TestCase.java:127)
	at junit.framework.TestResult$1.protect(TestResult.java:106)
	at junit.framework.TestResult.runProtected(TestResult.java:124)
	at junit.framework.TestResult.run(TestResult.java:109)
	at junit.framework.TestCase.run(TestCase.java:118)
	at junit.framework.TestSuite.runTest(TestSuite.java:208)
	at junit.framework.TestSuite.run(TestSuite.java:203)
	at junit.framework.TestSuite.runTest(TestSuite.java:208)
	at junit.framework.TestSuite.run(TestSuite.java:203)
	at org.apache.tools.ant.taskdefs.optional.junit.JUnitTestRunner.run(JUnitTestRunner.java:297)
	at org.apache.tools.ant.taskdefs.optional.junit.JUnitTestRunner.launch(JUnitTestRunner.java:672)
	at org.apache.tools.ant.taskdefs.optional.junit.JUnitTestRunner.main(JUnitTestRunner.java:567)
[Exit method: addDocument()]
[Enter method: addDocument()]
[param1: null]
Hibernate: /* load com.topcoder.service.studio.contest.FilePath */ select filepath0_.path_id as path1_9_0_, filepath0_.path as path9_0_, filepath0_.modify_date as modify3_9_0_ from path filepath0_ where filepath0_.path_id=?
The file path with specified path id doesn't exist.
com.topcoder.service.studio.contest.ContestManagementException: The file path with specified path id doesn't exist.
	at com.topcoder.service.studio.contest.bean.ContestManagerBean.wrapContestManagementException(ContestManagerBean.java:2101)
	at com.topcoder.service.studio.contest.bean.ContestManagerBean.addDocument(ContestManagerBean.java:885)
	at com.topcoder.service.studio.contest.bean.ContestManagerBeanUnitTest2.testSaveDocumentContent_Failure5(ContestManagerBeanUnitTest2.java:1351)
	at sun.reflect.NativeMethodAccessorImpl.invoke0(Native Method)
	at sun.reflect.NativeMethodAccessorImpl.invoke(NativeMethodAccessorImpl.java:39)
	at sun.reflect.DelegatingMethodAccessorImpl.invoke(DelegatingMethodAccessorImpl.java:25)
	at java.lang.reflect.Method.invoke(Method.java:585)
	at junit.framework.TestCase.runTest(TestCase.java:154)
	at junit.framework.TestCase.runBare(TestCase.java:127)
	at junit.framework.TestResult$1.protect(TestResult.java:106)
	at junit.framework.TestResult.runProtected(TestResult.java:124)
	at junit.framework.TestResult.run(TestResult.java:109)
	at junit.framework.TestCase.run(TestCase.java:118)
	at junit.framework.TestSuite.runTest(TestSuite.java:208)
	at junit.framework.TestSuite.run(TestSuite.java:203)
	at junit.framework.TestSuite.runTest(TestSuite.java:208)
	at junit.framework.TestSuite.run(TestSuite.java:203)
	at org.apache.tools.ant.taskdefs.optional.junit.JUnitTestRunner.run(JUnitTestRunner.java:297)
	at org.apache.tools.ant.taskdefs.optional.junit.JUnitTestRunner.launch(JUnitTestRunner.java:672)
	at org.apache.tools.ant.taskdefs.optional.junit.JUnitTestRunner.main(JUnitTestRunner.java:567)
[Exit method: addDocument()]
[Enter method: addDocument()]
[param1: null]
Hibernate: /* load com.topcoder.service.studio.contest.FilePath */ select filepath0_.path_id as path1_9_0_, filepath0_.path as path9_0_, filepath0_.modify_date as modify3_9_0_ from path filepath0_ where filepath0_.path_id=?
The file path with specified path id doesn't exist.
com.topcoder.service.studio.contest.ContestManagementException: The file path with specified path id doesn't exist.
	at com.topcoder.service.studio.contest.bean.ContestManagerBean.wrapContestManagementException(ContestManagerBean.java:2101)
	at com.topcoder.service.studio.contest.bean.ContestManagerBean.addDocument(ContestManagerBean.java:885)
	at com.topcoder.service.studio.contest.bean.ContestManagerBeanUnitTest2.testSaveDocumentContent_Failure6(ContestManagerBeanUnitTest2.java:1389)
	at sun.reflect.NativeMethodAccessorImpl.invoke0(Native Method)
	at sun.reflect.NativeMethodAccessorImpl.invoke(NativeMethodAccessorImpl.java:39)
	at sun.reflect.DelegatingMethodAccessorImpl.invoke(DelegatingMethodAccessorImpl.java:25)
	at java.lang.reflect.Method.invoke(Method.java:585)
	at junit.framework.TestCase.runTest(TestCase.java:154)
	at junit.framework.TestCase.runBare(TestCase.java:127)
	at junit.framework.TestResult$1.protect(TestResult.java:106)
	at junit.framework.TestResult.runProtected(TestResult.java:124)
	at junit.framework.TestResult.run(TestResult.java:109)
	at junit.framework.TestCase.run(TestCase.java:118)
	at junit.framework.TestSuite.runTest(TestSuite.java:208)
	at junit.framework.TestSuite.run(TestSuite.java:203)
	at junit.framework.TestSuite.runTest(TestSuite.java:208)
	at junit.framework.TestSuite.run(TestSuite.java:203)
	at org.apache.tools.ant.taskdefs.optional.junit.JUnitTestRunner.run(JUnitTestRunner.java:297)
	at org.apache.tools.ant.taskdefs.optional.junit.JUnitTestRunner.launch(JUnitTestRunner.java:672)
	at org.apache.tools.ant.taskdefs.optional.junit.JUnitTestRunner.main(JUnitTestRunner.java:567)
[Exit method: addDocument()]
[Enter method: addContestStatus()]
[param1: null]
[Exit method: addContestStatus()]
Hibernate: /* insert com.topcoder.service.studio.contest.ContestStatus */ insert into contest_status_lu (contest_status_desc, name, contest_status_id) values (?, ?, ?)
[Enter method: getAllContestSatuses()]
Hibernate: /* select s from ContestStatus s */ select conteststa0_.contest_status_id as contest1_17_, conteststa0_.contest_status_desc as contest2_17_, conteststa0_.name as name17_ from contest_status_lu conteststa0_
[Exit method: getAllContestSatuses()]
Hibernate: /* delete com.topcoder.service.studio.contest.ContestStatus */ delete from contest_status_lu where contest_status_id=?
[Enter method: getAllContestSatuses()]
The EntityManager is closed.
com.topcoder.service.studio.contest.ContestManagementException: The EntityManager is closed.
	at com.topcoder.service.studio.contest.bean.ContestManagerBean.wrapContestManagementException(ContestManagerBean.java:2119)
	at com.topcoder.service.studio.contest.bean.ContestManagerBean.getAllContestStatuses(ContestManagerBean.java:1570)
	at com.topcoder.service.studio.contest.bean.ContestManagerBeanUnitTest2.testGetAllContestStatuses_Failure1(ContestManagerBeanUnitTest2.java:1455)
	at sun.reflect.NativeMethodAccessorImpl.invoke0(Native Method)
	at sun.reflect.NativeMethodAccessorImpl.invoke(NativeMethodAccessorImpl.java:39)
	at sun.reflect.DelegatingMethodAccessorImpl.invoke(DelegatingMethodAccessorImpl.java:25)
	at java.lang.reflect.Method.invoke(Method.java:585)
	at junit.framework.TestCase.runTest(TestCase.java:154)
	at junit.framework.TestCase.runBare(TestCase.java:127)
	at junit.framework.TestResult$1.protect(TestResult.java:106)
	at junit.framework.TestResult.runProtected(TestResult.java:124)
	at junit.framework.TestResult.run(TestResult.java:109)
	at junit.framework.TestCase.run(TestCase.java:118)
	at junit.framework.TestSuite.runTest(TestSuite.java:208)
	at junit.framework.TestSuite.run(TestSuite.java:203)
	at junit.framework.TestSuite.runTest(TestSuite.java:208)
	at junit.framework.TestSuite.run(TestSuite.java:203)
	at org.apache.tools.ant.taskdefs.optional.junit.JUnitTestRunner.run(JUnitTestRunner.java:297)
	at org.apache.tools.ant.taskdefs.optional.junit.JUnitTestRunner.launch(JUnitTestRunner.java:672)
	at org.apache.tools.ant.taskdefs.optional.junit.JUnitTestRunner.main(JUnitTestRunner.java:567)
Caused by: java.lang.IllegalStateException: EntityManager is closed
	at org.hibernate.ejb.EntityManagerImpl.getSession(EntityManagerImpl.java:42)
	at org.hibernate.ejb.AbstractEntityManagerImpl.createQuery(AbstractEntityManagerImpl.java:92)
	at com.topcoder.service.studio.contest.bean.MockEntityManager.createQuery(MockEntityManager.java:255)
	at com.topcoder.service.studio.contest.bean.ContestManagerBean.getAllContestStatuses(ContestManagerBean.java:1558)
	... 18 more
[Exit method: getAllContestSatuses()]
[Enter method: getAllContestSatuses()]
There are errors while persisting the entity.
com.topcoder.service.studio.contest.ContestManagementException: There are errors while persisting the entity.
	at com.topcoder.service.studio.contest.bean.ContestManagerBean.wrapContestManagementException(ContestManagerBean.java:2119)
	at com.topcoder.service.studio.contest.bean.ContestManagerBean.getAllContestStatuses(ContestManagerBean.java:1572)
	at com.topcoder.service.studio.contest.bean.ContestManagerBeanUnitTest2.testGetAllContestStatuses_Failure2(ContestManagerBeanUnitTest2.java:1479)
	at sun.reflect.NativeMethodAccessorImpl.invoke0(Native Method)
	at sun.reflect.NativeMethodAccessorImpl.invoke(NativeMethodAccessorImpl.java:39)
	at sun.reflect.DelegatingMethodAccessorImpl.invoke(DelegatingMethodAccessorImpl.java:25)
	at java.lang.reflect.Method.invoke(Method.java:585)
	at junit.framework.TestCase.runTest(TestCase.java:154)
	at junit.framework.TestCase.runBare(TestCase.java:127)
	at junit.framework.TestResult$1.protect(TestResult.java:106)
	at junit.framework.TestResult.runProtected(TestResult.java:124)
	at junit.framework.TestResult.run(TestResult.java:109)
	at junit.framework.TestCase.run(TestCase.java:118)
	at junit.framework.TestSuite.runTest(TestSuite.java:208)
	at junit.framework.TestSuite.run(TestSuite.java:203)
	at junit.framework.TestSuite.runTest(TestSuite.java:208)
	at junit.framework.TestSuite.run(TestSuite.java:203)
	at org.apache.tools.ant.taskdefs.optional.junit.JUnitTestRunner.run(JUnitTestRunner.java:297)
	at org.apache.tools.ant.taskdefs.optional.junit.JUnitTestRunner.launch(JUnitTestRunner.java:672)
	at org.apache.tools.ant.taskdefs.optional.junit.JUnitTestRunner.main(JUnitTestRunner.java:567)
Caused by: javax.persistence.TransactionRequiredException
	at com.topcoder.service.studio.contest.bean.MockEntityManager.createQuery(MockEntityManager.java:252)
	at com.topcoder.service.studio.contest.bean.ContestManagerBean.getAllContestStatuses(ContestManagerBean.java:1558)
	... 18 more
[Exit method: getAllContestSatuses()]
[Enter method: getAllContestSatuses()]
There are errors while persisting the entity.
com.topcoder.service.studio.contest.ContestManagementException: There are errors while persisting the entity.
	at com.topcoder.service.studio.contest.bean.ContestManagerBean.wrapContestManagementException(ContestManagerBean.java:2119)
	at com.topcoder.service.studio.contest.bean.ContestManagerBean.getAllContestStatuses(ContestManagerBean.java:1572)
	at com.topcoder.service.studio.contest.bean.ContestManagerBeanUnitTest2.testGetAllContestStatuses_Failure3(ContestManagerBeanUnitTest2.java:1503)
	at sun.reflect.NativeMethodAccessorImpl.invoke0(Native Method)
	at sun.reflect.NativeMethodAccessorImpl.invoke(NativeMethodAccessorImpl.java:39)
	at sun.reflect.DelegatingMethodAccessorImpl.invoke(DelegatingMethodAccessorImpl.java:25)
	at java.lang.reflect.Method.invoke(Method.java:585)
	at junit.framework.TestCase.runTest(TestCase.java:154)
	at junit.framework.TestCase.runBare(TestCase.java:127)
	at junit.framework.TestResult$1.protect(TestResult.java:106)
	at junit.framework.TestResult.runProtected(TestResult.java:124)
	at junit.framework.TestResult.run(TestResult.java:109)
	at junit.framework.TestCase.run(TestCase.java:118)
	at junit.framework.TestSuite.runTest(TestSuite.java:208)
	at junit.framework.TestSuite.run(TestSuite.java:203)
	at junit.framework.TestSuite.runTest(TestSuite.java:208)
	at junit.framework.TestSuite.run(TestSuite.java:203)
	at org.apache.tools.ant.taskdefs.optional.junit.JUnitTestRunner.run(JUnitTestRunner.java:297)
	at org.apache.tools.ant.taskdefs.optional.junit.JUnitTestRunner.launch(JUnitTestRunner.java:672)
	at org.apache.tools.ant.taskdefs.optional.junit.JUnitTestRunner.main(JUnitTestRunner.java:567)
Caused by: javax.persistence.PersistenceException
	at com.topcoder.service.studio.contest.bean.MockEntityManager.createQuery(MockEntityManager.java:248)
	at com.topcoder.service.studio.contest.bean.ContestManagerBean.getAllContestStatuses(ContestManagerBean.java:1558)
	... 18 more
[Exit method: getAllContestSatuses()]
[Enter method: addContestChannel()]
[param1: null]
[Exit method: addContestChannel()]
Hibernate: /* insert com.topcoder.service.studio.contest.StudioFileType */ insert into file_type_lu (sort, image_file_ind, file_type_desc, extension, file_type_id) values (?, ?, ?, ?, ?)
Hibernate: /* insert com.topcoder.service.studio.contest.ContestChannel */ insert into contest_channel_lu (channel_description, file_type_id, channel_name, parent_channel, contest_channel_id) values (?, ?, ?, ?, ?)
[Enter method: getAllContestChannels()]
Hibernate: /* select s from ContestChannel s */ select contestcha0_.contest_channel_id as contest1_15_, contestcha0_.channel_description as channel2_15_, contestcha0_.file_type_id as file3_15_, contestcha0_.channel_name as channel4_15_, contestcha0_.parent_channel as parent5_15_ from contest_channel_lu contestcha0_
[Exit method: getAllContestChannels()]
Hibernate: /* delete com.topcoder.service.studio.contest.ContestChannel */ delete from contest_channel_lu where contest_channel_id=?
Hibernate: /* delete com.topcoder.service.studio.contest.StudioFileType */ delete from file_type_lu where file_type_id=?
[Enter method: getAllContestChannels()]
The EntityManager is closed.
com.topcoder.service.studio.contest.ContestManagementException: The EntityManager is closed.
	at com.topcoder.service.studio.contest.bean.ContestManagerBean.wrapContestManagementException(ContestManagerBean.java:2119)
	at com.topcoder.service.studio.contest.bean.ContestManagerBean.getAllContestChannels(ContestManagerBean.java:1606)
	at com.topcoder.service.studio.contest.bean.ContestManagerBeanUnitTest2.testGetAllContestChannels_Failure1(ContestManagerBeanUnitTest2.java:1567)
	at sun.reflect.NativeMethodAccessorImpl.invoke0(Native Method)
	at sun.reflect.NativeMethodAccessorImpl.invoke(NativeMethodAccessorImpl.java:39)
	at sun.reflect.DelegatingMethodAccessorImpl.invoke(DelegatingMethodAccessorImpl.java:25)
	at java.lang.reflect.Method.invoke(Method.java:585)
	at junit.framework.TestCase.runTest(TestCase.java:154)
	at junit.framework.TestCase.runBare(TestCase.java:127)
	at junit.framework.TestResult$1.protect(TestResult.java:106)
	at junit.framework.TestResult.runProtected(TestResult.java:124)
	at junit.framework.TestResult.run(TestResult.java:109)
	at junit.framework.TestCase.run(TestCase.java:118)
	at junit.framework.TestSuite.runTest(TestSuite.java:208)
	at junit.framework.TestSuite.run(TestSuite.java:203)
	at junit.framework.TestSuite.runTest(TestSuite.java:208)
	at junit.framework.TestSuite.run(TestSuite.java:203)
	at org.apache.tools.ant.taskdefs.optional.junit.JUnitTestRunner.run(JUnitTestRunner.java:297)
	at org.apache.tools.ant.taskdefs.optional.junit.JUnitTestRunner.launch(JUnitTestRunner.java:672)
	at org.apache.tools.ant.taskdefs.optional.junit.JUnitTestRunner.main(JUnitTestRunner.java:567)
Caused by: java.lang.IllegalStateException: EntityManager is closed
	at org.hibernate.ejb.EntityManagerImpl.getSession(EntityManagerImpl.java:42)
	at org.hibernate.ejb.AbstractEntityManagerImpl.createQuery(AbstractEntityManagerImpl.java:92)
	at com.topcoder.service.studio.contest.bean.MockEntityManager.createQuery(MockEntityManager.java:255)
	at com.topcoder.service.studio.contest.bean.ContestManagerBean.getAllContestChannels(ContestManagerBean.java:1594)
	... 18 more
[Exit method: getAllContestChannels()]
[Enter method: getAllContestChannels()]
There are errors while persisting the entity.
com.topcoder.service.studio.contest.ContestManagementException: There are errors while persisting the entity.
	at com.topcoder.service.studio.contest.bean.ContestManagerBean.wrapContestManagementException(ContestManagerBean.java:2119)
	at com.topcoder.service.studio.contest.bean.ContestManagerBean.getAllContestChannels(ContestManagerBean.java:1608)
	at com.topcoder.service.studio.contest.bean.ContestManagerBeanUnitTest2.testGetAllContestChannels_Failure3(ContestManagerBeanUnitTest2.java:1591)
	at sun.reflect.NativeMethodAccessorImpl.invoke0(Native Method)
	at sun.reflect.NativeMethodAccessorImpl.invoke(NativeMethodAccessorImpl.java:39)
	at sun.reflect.DelegatingMethodAccessorImpl.invoke(DelegatingMethodAccessorImpl.java:25)
	at java.lang.reflect.Method.invoke(Method.java:585)
	at junit.framework.TestCase.runTest(TestCase.java:154)
	at junit.framework.TestCase.runBare(TestCase.java:127)
	at junit.framework.TestResult$1.protect(TestResult.java:106)
	at junit.framework.TestResult.runProtected(TestResult.java:124)
	at junit.framework.TestResult.run(TestResult.java:109)
	at junit.framework.TestCase.run(TestCase.java:118)
	at junit.framework.TestSuite.runTest(TestSuite.java:208)
	at junit.framework.TestSuite.run(TestSuite.java:203)
	at junit.framework.TestSuite.runTest(TestSuite.java:208)
	at junit.framework.TestSuite.run(TestSuite.java:203)
	at org.apache.tools.ant.taskdefs.optional.junit.JUnitTestRunner.run(JUnitTestRunner.java:297)
	at org.apache.tools.ant.taskdefs.optional.junit.JUnitTestRunner.launch(JUnitTestRunner.java:672)
	at org.apache.tools.ant.taskdefs.optional.junit.JUnitTestRunner.main(JUnitTestRunner.java:567)
Caused by: javax.persistence.PersistenceException
	at com.topcoder.service.studio.contest.bean.MockEntityManager.createQuery(MockEntityManager.java:248)
	at com.topcoder.service.studio.contest.bean.ContestManagerBean.getAllContestChannels(ContestManagerBean.java:1594)
	... 18 more
[Exit method: getAllContestChannels()]
Hibernate: /* insert com.topcoder.service.studio.contest.StudioFileType */ insert into file_type_lu (sort, image_file_ind, file_type_desc, extension, file_type_id) values (?, ?, ?, ?, ?)
[Enter method: getAllStudioFileTypes()]
Hibernate: /* select s from StudioFileType s */ select studiofile0_.file_type_id as file1_25_, studiofile0_.sort as sort25_, studiofile0_.image_file_ind as image3_25_, studiofile0_.file_type_desc as file4_25_, studiofile0_.extension as extension25_ from file_type_lu studiofile0_
[Exit method: getAllStudioFileTypes()]
Hibernate: /* delete com.topcoder.service.studio.contest.StudioFileType */ delete from file_type_lu where file_type_id=?
[Enter method: getAllStudioFileTypes()]
The EntityManager is closed.
com.topcoder.service.studio.contest.ContestManagementException: The EntityManager is closed.
	at com.topcoder.service.studio.contest.bean.ContestManagerBean.wrapContestManagementException(ContestManagerBean.java:2119)
	at com.topcoder.service.studio.contest.bean.ContestManagerBean.getAllStudioFileTypes(ContestManagerBean.java:1642)
	at com.topcoder.service.studio.contest.bean.ContestManagerBeanUnitTest2.testGetAllStudioFileTypes_Failure1(ContestManagerBeanUnitTest2.java:1648)
	at sun.reflect.NativeMethodAccessorImpl.invoke0(Native Method)
	at sun.reflect.NativeMethodAccessorImpl.invoke(NativeMethodAccessorImpl.java:39)
	at sun.reflect.DelegatingMethodAccessorImpl.invoke(DelegatingMethodAccessorImpl.java:25)
	at java.lang.reflect.Method.invoke(Method.java:585)
	at junit.framework.TestCase.runTest(TestCase.java:154)
	at junit.framework.TestCase.runBare(TestCase.java:127)
	at junit.framework.TestResult$1.protect(TestResult.java:106)
	at junit.framework.TestResult.runProtected(TestResult.java:124)
	at junit.framework.TestResult.run(TestResult.java:109)
	at junit.framework.TestCase.run(TestCase.java:118)
	at junit.framework.TestSuite.runTest(TestSuite.java:208)
	at junit.framework.TestSuite.run(TestSuite.java:203)
	at junit.framework.TestSuite.runTest(TestSuite.java:208)
	at junit.framework.TestSuite.run(TestSuite.java:203)
	at org.apache.tools.ant.taskdefs.optional.junit.JUnitTestRunner.run(JUnitTestRunner.java:297)
	at org.apache.tools.ant.taskdefs.optional.junit.JUnitTestRunner.launch(JUnitTestRunner.java:672)
	at org.apache.tools.ant.taskdefs.optional.junit.JUnitTestRunner.main(JUnitTestRunner.java:567)
Caused by: java.lang.IllegalStateException: EntityManager is closed
	at org.hibernate.ejb.EntityManagerImpl.getSession(EntityManagerImpl.java:42)
	at org.hibernate.ejb.AbstractEntityManagerImpl.createQuery(AbstractEntityManagerImpl.java:92)
	at com.topcoder.service.studio.contest.bean.MockEntityManager.createQuery(MockEntityManager.java:255)
	at com.topcoder.service.studio.contest.bean.ContestManagerBean.getAllStudioFileTypes(ContestManagerBean.java:1630)
	... 18 more
[Exit method: getAllStudioFileTypes()]
[Enter method: getAllStudioFileTypes()]
There are errors while persisting the entity.
com.topcoder.service.studio.contest.ContestManagementException: There are errors while persisting the entity.
	at com.topcoder.service.studio.contest.bean.ContestManagerBean.wrapContestManagementException(ContestManagerBean.java:2119)
	at com.topcoder.service.studio.contest.bean.ContestManagerBean.getAllStudioFileTypes(ContestManagerBean.java:1644)
	at com.topcoder.service.studio.contest.bean.ContestManagerBeanUnitTest2.testGetAllStudioFileTypes_Failure3(ContestManagerBeanUnitTest2.java:1672)
	at sun.reflect.NativeMethodAccessorImpl.invoke0(Native Method)
	at sun.reflect.NativeMethodAccessorImpl.invoke(NativeMethodAccessorImpl.java:39)
	at sun.reflect.DelegatingMethodAccessorImpl.invoke(DelegatingMethodAccessorImpl.java:25)
	at java.lang.reflect.Method.invoke(Method.java:585)
	at junit.framework.TestCase.runTest(TestCase.java:154)
	at junit.framework.TestCase.runBare(TestCase.java:127)
	at junit.framework.TestResult$1.protect(TestResult.java:106)
	at junit.framework.TestResult.runProtected(TestResult.java:124)
	at junit.framework.TestResult.run(TestResult.java:109)
	at junit.framework.TestCase.run(TestCase.java:118)
	at junit.framework.TestSuite.runTest(TestSuite.java:208)
	at junit.framework.TestSuite.run(TestSuite.java:203)
	at junit.framework.TestSuite.runTest(TestSuite.java:208)
	at junit.framework.TestSuite.run(TestSuite.java:203)
	at org.apache.tools.ant.taskdefs.optional.junit.JUnitTestRunner.run(JUnitTestRunner.java:297)
	at org.apache.tools.ant.taskdefs.optional.junit.JUnitTestRunner.launch(JUnitTestRunner.java:672)
	at org.apache.tools.ant.taskdefs.optional.junit.JUnitTestRunner.main(JUnitTestRunner.java:567)
Caused by: javax.persistence.PersistenceException
	at com.topcoder.service.studio.contest.bean.MockEntityManager.createQuery(MockEntityManager.java:248)
	at com.topcoder.service.studio.contest.bean.ContestManagerBean.getAllStudioFileTypes(ContestManagerBean.java:1630)
	... 18 more
[Exit method: getAllStudioFileTypes()]
[Enter method: addContestTypeConfig()]
[param1: 0]
Hibernate: /* load com.topcoder.service.studio.contest.ContestTypeConfig */ select contesttyp0_.contest_type_config_id as contest1_5_0_, contesttyp0_.contest_type_id as contest2_5_0_, contesttyp0_.property_id as property3_5_0_, contesttyp0_.property_value as property4_5_0_, contesttyp0_.required as required5_0_ from contest_type_config contesttyp0_ where contesttyp0_.contest_type_config_id=?
Hibernate: select max(contest_type_config_id) from contest_type_config
[Exit method: addContestTypeConfig()]
[Enter method: getContestTypeConfig()]
[param1: 1]
[Exit method: getContestTypeConfig()]
[Enter method: addContestTypeConfig()]
[param1: 0]
The EntityManager is closed.
com.topcoder.service.studio.contest.ContestManagementException: The EntityManager is closed.
	at com.topcoder.service.studio.contest.bean.ContestManagerBean.wrapContestManagementException(ContestManagerBean.java:2119)
	at com.topcoder.service.studio.contest.bean.ContestManagerBean.addContestTypeConfig(ContestManagerBean.java:1686)
	at com.topcoder.service.studio.contest.bean.ContestManagerBeanUnitTest2.testAddContestTypeConfig_Failure1(ContestManagerBeanUnitTest2.java:1717)
	at sun.reflect.NativeMethodAccessorImpl.invoke0(Native Method)
	at sun.reflect.NativeMethodAccessorImpl.invoke(NativeMethodAccessorImpl.java:39)
	at sun.reflect.DelegatingMethodAccessorImpl.invoke(DelegatingMethodAccessorImpl.java:25)
	at java.lang.reflect.Method.invoke(Method.java:585)
	at junit.framework.TestCase.runTest(TestCase.java:154)
	at junit.framework.TestCase.runBare(TestCase.java:127)
	at junit.framework.TestResult$1.protect(TestResult.java:106)
	at junit.framework.TestResult.runProtected(TestResult.java:124)
	at junit.framework.TestResult.run(TestResult.java:109)
	at junit.framework.TestCase.run(TestCase.java:118)
	at junit.framework.TestSuite.runTest(TestSuite.java:208)
	at junit.framework.TestSuite.run(TestSuite.java:203)
	at junit.framework.TestSuite.runTest(TestSuite.java:208)
	at junit.framework.TestSuite.run(TestSuite.java:203)
	at org.apache.tools.ant.taskdefs.optional.junit.JUnitTestRunner.run(JUnitTestRunner.java:297)
	at org.apache.tools.ant.taskdefs.optional.junit.JUnitTestRunner.launch(JUnitTestRunner.java:672)
	at org.apache.tools.ant.taskdefs.optional.junit.JUnitTestRunner.main(JUnitTestRunner.java:567)
Caused by: java.lang.IllegalStateException: EntityManager is closed
	at org.hibernate.ejb.EntityManagerImpl.getSession(EntityManagerImpl.java:42)
	at org.hibernate.ejb.AbstractEntityManagerImpl.find(AbstractEntityManagerImpl.java:174)
	at com.topcoder.service.studio.contest.bean.MockEntityManager.find(MockEntityManager.java:146)
	at com.topcoder.service.studio.contest.bean.ContestManagerBean.addContestTypeConfig(ContestManagerBean.java:1672)
	... 18 more
[Exit method: addContestTypeConfig()]
[Enter method: addContestTypeConfig()]
[param1: 0]
There are errors while persisting the entity.
com.topcoder.service.studio.contest.ContestManagementException: There are errors while persisting the entity.
	at com.topcoder.service.studio.contest.bean.ContestManagerBean.wrapContestManagementException(ContestManagerBean.java:2119)
	at com.topcoder.service.studio.contest.bean.ContestManagerBean.addContestTypeConfig(ContestManagerBean.java:1690)
	at com.topcoder.service.studio.contest.bean.ContestManagerBeanUnitTest2.testAddContestTypeConfig_Failure2(ContestManagerBeanUnitTest2.java:1739)
	at sun.reflect.NativeMethodAccessorImpl.invoke0(Native Method)
	at sun.reflect.NativeMethodAccessorImpl.invoke(NativeMethodAccessorImpl.java:39)
	at sun.reflect.DelegatingMethodAccessorImpl.invoke(DelegatingMethodAccessorImpl.java:25)
	at java.lang.reflect.Method.invoke(Method.java:585)
	at junit.framework.TestCase.runTest(TestCase.java:154)
	at junit.framework.TestCase.runBare(TestCase.java:127)
	at junit.framework.TestResult$1.protect(TestResult.java:106)
	at junit.framework.TestResult.runProtected(TestResult.java:124)
	at junit.framework.TestResult.run(TestResult.java:109)
	at junit.framework.TestCase.run(TestCase.java:118)
	at junit.framework.TestSuite.runTest(TestSuite.java:208)
	at junit.framework.TestSuite.run(TestSuite.java:203)
	at junit.framework.TestSuite.runTest(TestSuite.java:208)
	at junit.framework.TestSuite.run(TestSuite.java:203)
	at org.apache.tools.ant.taskdefs.optional.junit.JUnitTestRunner.run(JUnitTestRunner.java:297)
	at org.apache.tools.ant.taskdefs.optional.junit.JUnitTestRunner.launch(JUnitTestRunner.java:672)
	at org.apache.tools.ant.taskdefs.optional.junit.JUnitTestRunner.main(JUnitTestRunner.java:567)
Caused by: javax.persistence.PersistenceException
	at com.topcoder.service.studio.contest.bean.MockEntityManager.find(MockEntityManager.java:139)
	at com.topcoder.service.studio.contest.bean.ContestManagerBean.addContestTypeConfig(ContestManagerBean.java:1672)
	... 18 more
[Exit method: addContestTypeConfig()]
[Enter method: addContestTypeConfig()]
[param1: 0]
This method is required to run in transaction.
com.topcoder.service.studio.contest.ContestManagementException: This method is required to run in transaction.
	at com.topcoder.service.studio.contest.bean.ContestManagerBean.wrapContestManagementException(ContestManagerBean.java:2119)
	at com.topcoder.service.studio.contest.bean.ContestManagerBean.addContestTypeConfig(ContestManagerBean.java:1688)
	at com.topcoder.service.studio.contest.bean.ContestManagerBeanUnitTest2.testAddContestTypeConfig_Failure3(ContestManagerBeanUnitTest2.java:1761)
	at sun.reflect.NativeMethodAccessorImpl.invoke0(Native Method)
	at sun.reflect.NativeMethodAccessorImpl.invoke(NativeMethodAccessorImpl.java:39)
	at sun.reflect.DelegatingMethodAccessorImpl.invoke(DelegatingMethodAccessorImpl.java:25)
	at java.lang.reflect.Method.invoke(Method.java:585)
	at junit.framework.TestCase.runTest(TestCase.java:154)
	at junit.framework.TestCase.runBare(TestCase.java:127)
	at junit.framework.TestResult$1.protect(TestResult.java:106)
	at junit.framework.TestResult.runProtected(TestResult.java:124)
	at junit.framework.TestResult.run(TestResult.java:109)
	at junit.framework.TestCase.run(TestCase.java:118)
	at junit.framework.TestSuite.runTest(TestSuite.java:208)
	at junit.framework.TestSuite.run(TestSuite.java:203)
	at junit.framework.TestSuite.runTest(TestSuite.java:208)
	at junit.framework.TestSuite.run(TestSuite.java:203)
	at org.apache.tools.ant.taskdefs.optional.junit.JUnitTestRunner.run(JUnitTestRunner.java:297)
	at org.apache.tools.ant.taskdefs.optional.junit.JUnitTestRunner.launch(JUnitTestRunner.java:672)
	at org.apache.tools.ant.taskdefs.optional.junit.JUnitTestRunner.main(JUnitTestRunner.java:567)
Caused by: javax.persistence.TransactionRequiredException
	at com.topcoder.service.studio.contest.bean.MockEntityManager.find(MockEntityManager.java:143)
	at com.topcoder.service.studio.contest.bean.ContestManagerBean.addContestTypeConfig(ContestManagerBean.java:1672)
	... 18 more
[Exit method: addContestTypeConfig()]
[Enter method: addContestTypeConfig()]
[param1: 0]
Hibernate: /* load com.topcoder.service.studio.contest.ContestTypeConfig */ select contesttyp0_.contest_type_config_id as contest1_5_0_, contesttyp0_.contest_type_id as contest2_5_0_, contesttyp0_.property_id as property3_5_0_, contesttyp0_.property_value as property4_5_0_, contesttyp0_.required as required5_0_ from contest_type_config contesttyp0_ where contesttyp0_.contest_type_config_id=?
[Exit method: addContestTypeConfig()]
[Enter method: addContestTypeConfig()]
[param1: 2]
The contest type config with id '2' already exists.
com.topcoder.service.studio.contest.EntityAlreadyExistsException: The contest type config with id '2' already exists.
	at com.topcoder.service.studio.contest.bean.ContestManagerBean.addContestTypeConfig(ContestManagerBean.java:1673)
	at com.topcoder.service.studio.contest.bean.ContestManagerBeanUnitTest2.testAddContestTypeConfig_Failure4(ContestManagerBeanUnitTest2.java:1788)
	at sun.reflect.NativeMethodAccessorImpl.invoke0(Native Method)
	at sun.reflect.NativeMethodAccessorImpl.invoke(NativeMethodAccessorImpl.java:39)
	at sun.reflect.DelegatingMethodAccessorImpl.invoke(DelegatingMethodAccessorImpl.java:25)
	at java.lang.reflect.Method.invoke(Method.java:585)
	at junit.framework.TestCase.runTest(TestCase.java:154)
	at junit.framework.TestCase.runBare(TestCase.java:127)
	at junit.framework.TestResult$1.protect(TestResult.java:106)
	at junit.framework.TestResult.runProtected(TestResult.java:124)
	at junit.framework.TestResult.run(TestResult.java:109)
	at junit.framework.TestCase.run(TestCase.java:118)
	at junit.framework.TestSuite.runTest(TestSuite.java:208)
	at junit.framework.TestSuite.run(TestSuite.java:203)
	at junit.framework.TestSuite.runTest(TestSuite.java:208)
	at junit.framework.TestSuite.run(TestSuite.java:203)
	at org.apache.tools.ant.taskdefs.optional.junit.JUnitTestRunner.run(JUnitTestRunner.java:297)
	at org.apache.tools.ant.taskdefs.optional.junit.JUnitTestRunner.launch(JUnitTestRunner.java:672)
	at org.apache.tools.ant.taskdefs.optional.junit.JUnitTestRunner.main(JUnitTestRunner.java:567)
[Exit method: addContestTypeConfig()]
[Enter method: addContestTypeConfig()]
[param1: 0]
Hibernate: /* load com.topcoder.service.studio.contest.ContestTypeConfig */ select contesttyp0_.contest_type_config_id as contest1_5_0_, contesttyp0_.contest_type_id as contest2_5_0_, contesttyp0_.property_id as property3_5_0_, contesttyp0_.property_value as property4_5_0_, contesttyp0_.required as required5_0_ from contest_type_config contesttyp0_ where contesttyp0_.contest_type_config_id=?
[Exit method: addContestTypeConfig()]
[Enter method: updateContestTypeConfig()]
[param1: 3]
[Exit method: updateContestTypeConfig()]
[Enter method: getContestTypeConfig()]
[param1: 3]
[Exit method: getContestTypeConfig()]
[Enter method: updateContestTypeConfig()]
[param1: 0]
The EntityManager is closed.
com.topcoder.service.studio.contest.ContestManagementException: The EntityManager is closed.
	at com.topcoder.service.studio.contest.bean.ContestManagerBean.wrapContestManagementException(ContestManagerBean.java:2119)
	at com.topcoder.service.studio.contest.bean.ContestManagerBean.updateContestTypeConfig(ContestManagerBean.java:1723)
	at com.topcoder.service.studio.contest.bean.ContestManagerBeanUnitTest2.testUpdateContestTypeConfig_Failure1(ContestManagerBeanUnitTest2.java:1836)
	at sun.reflect.NativeMethodAccessorImpl.invoke0(Native Method)
	at sun.reflect.NativeMethodAccessorImpl.invoke(NativeMethodAccessorImpl.java:39)
	at sun.reflect.DelegatingMethodAccessorImpl.invoke(DelegatingMethodAccessorImpl.java:25)
	at java.lang.reflect.Method.invoke(Method.java:585)
	at junit.framework.TestCase.runTest(TestCase.java:154)
	at junit.framework.TestCase.runBare(TestCase.java:127)
	at junit.framework.TestResult$1.protect(TestResult.java:106)
	at junit.framework.TestResult.runProtected(TestResult.java:124)
	at junit.framework.TestResult.run(TestResult.java:109)
	at junit.framework.TestCase.run(TestCase.java:118)
	at junit.framework.TestSuite.runTest(TestSuite.java:208)
	at junit.framework.TestSuite.run(TestSuite.java:203)
	at junit.framework.TestSuite.runTest(TestSuite.java:208)
	at junit.framework.TestSuite.run(TestSuite.java:203)
	at org.apache.tools.ant.taskdefs.optional.junit.JUnitTestRunner.run(JUnitTestRunner.java:297)
	at org.apache.tools.ant.taskdefs.optional.junit.JUnitTestRunner.launch(JUnitTestRunner.java:672)
	at org.apache.tools.ant.taskdefs.optional.junit.JUnitTestRunner.main(JUnitTestRunner.java:567)
Caused by: java.lang.IllegalStateException: EntityManager is closed
	at org.hibernate.ejb.EntityManagerImpl.getSession(EntityManagerImpl.java:42)
	at org.hibernate.ejb.AbstractEntityManagerImpl.find(AbstractEntityManagerImpl.java:174)
	at com.topcoder.service.studio.contest.bean.MockEntityManager.find(MockEntityManager.java:146)
	at com.topcoder.service.studio.contest.bean.ContestManagerBean.updateContestTypeConfig(ContestManagerBean.java:1716)
	... 18 more
[Exit method: updateContestTypeConfig()]
[Enter method: updateContestTypeConfig()]
[param1: 0]
There are errors while persisting the entity.
com.topcoder.service.studio.contest.ContestManagementException: There are errors while persisting the entity.
	at com.topcoder.service.studio.contest.bean.ContestManagerBean.wrapContestManagementException(ContestManagerBean.java:2119)
	at com.topcoder.service.studio.contest.bean.ContestManagerBean.updateContestTypeConfig(ContestManagerBean.java:1727)
	at com.topcoder.service.studio.contest.bean.ContestManagerBeanUnitTest2.testUpdateContestTypeConfig_Failure2(ContestManagerBeanUnitTest2.java:1858)
	at sun.reflect.NativeMethodAccessorImpl.invoke0(Native Method)
	at sun.reflect.NativeMethodAccessorImpl.invoke(NativeMethodAccessorImpl.java:39)
	at sun.reflect.DelegatingMethodAccessorImpl.invoke(DelegatingMethodAccessorImpl.java:25)
	at java.lang.reflect.Method.invoke(Method.java:585)
	at junit.framework.TestCase.runTest(TestCase.java:154)
	at junit.framework.TestCase.runBare(TestCase.java:127)
	at junit.framework.TestResult$1.protect(TestResult.java:106)
	at junit.framework.TestResult.runProtected(TestResult.java:124)
	at junit.framework.TestResult.run(TestResult.java:109)
	at junit.framework.TestCase.run(TestCase.java:118)
	at junit.framework.TestSuite.runTest(TestSuite.java:208)
	at junit.framework.TestSuite.run(TestSuite.java:203)
	at junit.framework.TestSuite.runTest(TestSuite.java:208)
	at junit.framework.TestSuite.run(TestSuite.java:203)
	at org.apache.tools.ant.taskdefs.optional.junit.JUnitTestRunner.run(JUnitTestRunner.java:297)
	at org.apache.tools.ant.taskdefs.optional.junit.JUnitTestRunner.launch(JUnitTestRunner.java:672)
	at org.apache.tools.ant.taskdefs.optional.junit.JUnitTestRunner.main(JUnitTestRunner.java:567)
Caused by: javax.persistence.PersistenceException
	at com.topcoder.service.studio.contest.bean.MockEntityManager.find(MockEntityManager.java:139)
	at com.topcoder.service.studio.contest.bean.ContestManagerBean.updateContestTypeConfig(ContestManagerBean.java:1716)
	... 18 more
[Exit method: updateContestTypeConfig()]
[Enter method: updateContestTypeConfig()]
[param1: 0]
This method is required to run in transaction.
com.topcoder.service.studio.contest.ContestManagementException: This method is required to run in transaction.
	at com.topcoder.service.studio.contest.bean.ContestManagerBean.wrapContestManagementException(ContestManagerBean.java:2119)
	at com.topcoder.service.studio.contest.bean.ContestManagerBean.updateContestTypeConfig(ContestManagerBean.java:1725)
	at com.topcoder.service.studio.contest.bean.ContestManagerBeanUnitTest2.testUpdateContestTypeConfig_Failure3(ContestManagerBeanUnitTest2.java:1880)
	at sun.reflect.NativeMethodAccessorImpl.invoke0(Native Method)
	at sun.reflect.NativeMethodAccessorImpl.invoke(NativeMethodAccessorImpl.java:39)
	at sun.reflect.DelegatingMethodAccessorImpl.invoke(DelegatingMethodAccessorImpl.java:25)
	at java.lang.reflect.Method.invoke(Method.java:585)
	at junit.framework.TestCase.runTest(TestCase.java:154)
	at junit.framework.TestCase.runBare(TestCase.java:127)
	at junit.framework.TestResult$1.protect(TestResult.java:106)
	at junit.framework.TestResult.runProtected(TestResult.java:124)
	at junit.framework.TestResult.run(TestResult.java:109)
	at junit.framework.TestCase.run(TestCase.java:118)
	at junit.framework.TestSuite.runTest(TestSuite.java:208)
	at junit.framework.TestSuite.run(TestSuite.java:203)
	at junit.framework.TestSuite.runTest(TestSuite.java:208)
	at junit.framework.TestSuite.run(TestSuite.java:203)
	at org.apache.tools.ant.taskdefs.optional.junit.JUnitTestRunner.run(JUnitTestRunner.java:297)
	at org.apache.tools.ant.taskdefs.optional.junit.JUnitTestRunner.launch(JUnitTestRunner.java:672)
	at org.apache.tools.ant.taskdefs.optional.junit.JUnitTestRunner.main(JUnitTestRunner.java:567)
Caused by: javax.persistence.TransactionRequiredException
	at com.topcoder.service.studio.contest.bean.MockEntityManager.find(MockEntityManager.java:143)
	at com.topcoder.service.studio.contest.bean.ContestManagerBean.updateContestTypeConfig(ContestManagerBean.java:1716)
	... 18 more
[Exit method: updateContestTypeConfig()]
[Enter method: updateContestTypeConfig()]
[param1: 1,000]
Hibernate: /* load com.topcoder.service.studio.contest.ContestTypeConfig */ select contesttyp0_.contest_type_config_id as contest1_5_0_, contesttyp0_.contest_type_id as contest2_5_0_, contesttyp0_.property_id as property3_5_0_, contesttyp0_.property_value as property4_5_0_, contesttyp0_.required as required5_0_ from contest_type_config contesttyp0_ where contesttyp0_.contest_type_config_id=?
The contest type config with id '1000' doesn't exist
com.topcoder.service.studio.contest.EntityNotFoundException: The contest type config with id '1000' doesn't exist
	at com.topcoder.service.studio.contest.bean.ContestManagerBean.wrapEntityNotFoundException(ContestManagerBean.java:2084)
	at com.topcoder.service.studio.contest.bean.ContestManagerBean.updateContestTypeConfig(ContestManagerBean.java:1717)
	at com.topcoder.service.studio.contest.bean.ContestManagerBeanUnitTest2.testUpdateContestTypeConfig_Failure4(ContestManagerBeanUnitTest2.java:1902)
	at sun.reflect.NativeMethodAccessorImpl.invoke0(Native Method)
	at sun.reflect.NativeMethodAccessorImpl.invoke(NativeMethodAccessorImpl.java:39)
	at sun.reflect.DelegatingMethodAccessorImpl.invoke(DelegatingMethodAccessorImpl.java:25)
	at java.lang.reflect.Method.invoke(Method.java:585)
	at junit.framework.TestCase.runTest(TestCase.java:154)
	at junit.framework.TestCase.runBare(TestCase.java:127)
	at junit.framework.TestResult$1.protect(TestResult.java:106)
	at junit.framework.TestResult.runProtected(TestResult.java:124)
	at junit.framework.TestResult.run(TestResult.java:109)
	at junit.framework.TestCase.run(TestCase.java:118)
	at junit.framework.TestSuite.runTest(TestSuite.java:208)
	at junit.framework.TestSuite.run(TestSuite.java:203)
	at junit.framework.TestSuite.runTest(TestSuite.java:208)
	at junit.framework.TestSuite.run(TestSuite.java:203)
	at org.apache.tools.ant.taskdefs.optional.junit.JUnitTestRunner.run(JUnitTestRunner.java:297)
	at org.apache.tools.ant.taskdefs.optional.junit.JUnitTestRunner.launch(JUnitTestRunner.java:672)
	at org.apache.tools.ant.taskdefs.optional.junit.JUnitTestRunner.main(JUnitTestRunner.java:567)
[Exit method: updateContestTypeConfig()]
[Enter method: addContestTypeConfig()]
[param1: 0]
Hibernate: /* load com.topcoder.service.studio.contest.ContestTypeConfig */ select contesttyp0_.contest_type_config_id as contest1_5_0_, contesttyp0_.contest_type_id as contest2_5_0_, contesttyp0_.property_id as property3_5_0_, contesttyp0_.property_value as property4_5_0_, contesttyp0_.required as required5_0_ from contest_type_config contesttyp0_ where contesttyp0_.contest_type_config_id=?
[Exit method: addContestTypeConfig()]
[Enter method: getContestTypeConfig()]
[param1: 4]
[Exit method: getContestTypeConfig()]
[Enter method: addContestTypeConfig()]
[param1: 0]
Hibernate: /* load com.topcoder.service.studio.contest.ContestTypeConfig */ select contesttyp0_.contest_type_config_id as contest1_5_0_, contesttyp0_.contest_type_id as contest2_5_0_, contesttyp0_.property_id as property3_5_0_, contesttyp0_.property_value as property4_5_0_, contesttyp0_.required as required5_0_ from contest_type_config contesttyp0_ where contesttyp0_.contest_type_config_id=?
[Exit method: addContestTypeConfig()]
[Enter method: getContestTypeConfig()]
[param1: 5]
The EntityManager is closed.
com.topcoder.service.studio.contest.ContestManagementException: The EntityManager is closed.
	at com.topcoder.service.studio.contest.bean.ContestManagerBean.wrapContestManagementException(ContestManagerBean.java:2119)
	at com.topcoder.service.studio.contest.bean.ContestManagerBean.getContestTypeConfig(ContestManagerBean.java:1756)
	at com.topcoder.service.studio.contest.bean.ContestManagerBeanUnitTest2.testGetContestTypeConfig_Failure1(ContestManagerBeanUnitTest2.java:1945)
	at sun.reflect.NativeMethodAccessorImpl.invoke0(Native Method)
	at sun.reflect.NativeMethodAccessorImpl.invoke(NativeMethodAccessorImpl.java:39)
	at sun.reflect.DelegatingMethodAccessorImpl.invoke(DelegatingMethodAccessorImpl.java:25)
	at java.lang.reflect.Method.invoke(Method.java:585)
	at junit.framework.TestCase.runTest(TestCase.java:154)
	at junit.framework.TestCase.runBare(TestCase.java:127)
	at junit.framework.TestResult$1.protect(TestResult.java:106)
	at junit.framework.TestResult.runProtected(TestResult.java:124)
	at junit.framework.TestResult.run(TestResult.java:109)
	at junit.framework.TestCase.run(TestCase.java:118)
	at junit.framework.TestSuite.runTest(TestSuite.java:208)
	at junit.framework.TestSuite.run(TestSuite.java:203)
	at junit.framework.TestSuite.runTest(TestSuite.java:208)
	at junit.framework.TestSuite.run(TestSuite.java:203)
	at org.apache.tools.ant.taskdefs.optional.junit.JUnitTestRunner.run(JUnitTestRunner.java:297)
	at org.apache.tools.ant.taskdefs.optional.junit.JUnitTestRunner.launch(JUnitTestRunner.java:672)
	at org.apache.tools.ant.taskdefs.optional.junit.JUnitTestRunner.main(JUnitTestRunner.java:567)
Caused by: java.lang.IllegalStateException: EntityManager is closed
	at org.hibernate.ejb.EntityManagerImpl.getSession(EntityManagerImpl.java:42)
	at org.hibernate.ejb.AbstractEntityManagerImpl.find(AbstractEntityManagerImpl.java:174)
	at com.topcoder.service.studio.contest.bean.MockEntityManager.find(MockEntityManager.java:146)
	at com.topcoder.service.studio.contest.bean.ContestManagerBean.getContestTypeConfig(ContestManagerBean.java:1752)
	... 18 more
[Exit method: getContestTypeConfig()]
[Enter method: addContestTypeConfig()]
[param1: 0]
Hibernate: /* load com.topcoder.service.studio.contest.ContestTypeConfig */ select contesttyp0_.contest_type_config_id as contest1_5_0_, contesttyp0_.contest_type_id as contest2_5_0_, contesttyp0_.property_id as property3_5_0_, contesttyp0_.property_value as property4_5_0_, contesttyp0_.required as required5_0_ from contest_type_config contesttyp0_ where contesttyp0_.contest_type_config_id=?
[Exit method: addContestTypeConfig()]
[Enter method: getContestTypeConfig()]
[param1: 6]
There are errors while persisting the entity.
com.topcoder.service.studio.contest.ContestManagementException: There are errors while persisting the entity.
	at com.topcoder.service.studio.contest.bean.ContestManagerBean.wrapContestManagementException(ContestManagerBean.java:2119)
	at com.topcoder.service.studio.contest.bean.ContestManagerBean.getContestTypeConfig(ContestManagerBean.java:1758)
	at com.topcoder.service.studio.contest.bean.ContestManagerBeanUnitTest2.testGetContestTypeConfig_Failure2(ContestManagerBeanUnitTest2.java:1969)
	at sun.reflect.NativeMethodAccessorImpl.invoke0(Native Method)
	at sun.reflect.NativeMethodAccessorImpl.invoke(NativeMethodAccessorImpl.java:39)
	at sun.reflect.DelegatingMethodAccessorImpl.invoke(DelegatingMethodAccessorImpl.java:25)
	at java.lang.reflect.Method.invoke(Method.java:585)
	at junit.framework.TestCase.runTest(TestCase.java:154)
	at junit.framework.TestCase.runBare(TestCase.java:127)
	at junit.framework.TestResult$1.protect(TestResult.java:106)
	at junit.framework.TestResult.runProtected(TestResult.java:124)
	at junit.framework.TestResult.run(TestResult.java:109)
	at junit.framework.TestCase.run(TestCase.java:118)
	at junit.framework.TestSuite.runTest(TestSuite.java:208)
	at junit.framework.TestSuite.run(TestSuite.java:203)
	at junit.framework.TestSuite.runTest(TestSuite.java:208)
	at junit.framework.TestSuite.run(TestSuite.java:203)
	at org.apache.tools.ant.taskdefs.optional.junit.JUnitTestRunner.run(JUnitTestRunner.java:297)
	at org.apache.tools.ant.taskdefs.optional.junit.JUnitTestRunner.launch(JUnitTestRunner.java:672)
	at org.apache.tools.ant.taskdefs.optional.junit.JUnitTestRunner.main(JUnitTestRunner.java:567)
Caused by: javax.persistence.PersistenceException
	at com.topcoder.service.studio.contest.bean.MockEntityManager.find(MockEntityManager.java:139)
	at com.topcoder.service.studio.contest.bean.ContestManagerBean.getContestTypeConfig(ContestManagerBean.java:1752)
	... 18 more
[Exit method: getContestTypeConfig()]
[Enter method: createContest()]
[param1: null]
[Exit method: createContest()]
Hibernate: select max(prize_type_id) from prize_type_lu
Hibernate: select max(prize_id) from prize
[Enter method: addPrizeToContest()]
[param1: 23, param2: 1]
[Exit method: addPrizeToContest()]
[Enter method: createContest()]
[param1: null]
[Exit method: createContest()]
[Enter method: addPrizeToContest()]
[param1: 24, param2: 1,000]
Hibernate: /* load com.topcoder.service.studio.submission.Prize */ select prize0_.prize_id as prize1_6_0_, prize0_.place as place6_0_, prize0_.amount as amount6_0_, prize0_.prize_type_id as prize4_6_0_, prize0_.create_date as create5_6_0_ from prize prize0_ where prize0_.prize_id=?
The prize with id '1000' doesn't exist.
com.topcoder.service.studio.contest.EntityNotFoundException: The prize with id '1000' doesn't exist.
	at com.topcoder.service.studio.contest.bean.ContestManagerBean.wrapEntityNotFoundException(ContestManagerBean.java:2084)
	at com.topcoder.service.studio.contest.bean.ContestManagerBean.addPrizeToContest(ContestManagerBean.java:1786)
	at com.topcoder.service.studio.contest.bean.ContestManagerBeanUnitTest2.testAddPrizeToContest_Failure1(ContestManagerBeanUnitTest2.java:2029)
	at sun.reflect.NativeMethodAccessorImpl.invoke0(Native Method)
	at sun.reflect.NativeMethodAccessorImpl.invoke(NativeMethodAccessorImpl.java:39)
	at sun.reflect.DelegatingMethodAccessorImpl.invoke(DelegatingMethodAccessorImpl.java:25)
	at java.lang.reflect.Method.invoke(Method.java:585)
	at junit.framework.TestCase.runTest(TestCase.java:154)
	at junit.framework.TestCase.runBare(TestCase.java:127)
	at junit.framework.TestResult$1.protect(TestResult.java:106)
	at junit.framework.TestResult.runProtected(TestResult.java:124)
	at junit.framework.TestResult.run(TestResult.java:109)
	at junit.framework.TestCase.run(TestCase.java:118)
	at junit.framework.TestSuite.runTest(TestSuite.java:208)
	at junit.framework.TestSuite.run(TestSuite.java:203)
	at junit.framework.TestSuite.runTest(TestSuite.java:208)
	at junit.framework.TestSuite.run(TestSuite.java:203)
	at org.apache.tools.ant.taskdefs.optional.junit.JUnitTestRunner.run(JUnitTestRunner.java:297)
	at org.apache.tools.ant.taskdefs.optional.junit.JUnitTestRunner.launch(JUnitTestRunner.java:672)
	at org.apache.tools.ant.taskdefs.optional.junit.JUnitTestRunner.main(JUnitTestRunner.java:567)
[Exit method: addPrizeToContest()]
[Enter method: addPrizeToContest()]
[param1: 100, param2: 2]
Hibernate: /* load com.topcoder.service.studio.contest.Contest */ select contest0_.contest_id as contest1_18_0_, contest0_.contest_channel_id as contest2_18_0_, contest0_.name as name18_0_, contest0_.contest_type_id as contest4_18_0_, contest0_.project_id as project5_18_0_, contest0_.tc_direct_project_id as tc6_18_0_, contest0_.contest_status_id as contest7_18_0_, contest0_.forum_id as forum8_18_0_, contest0_.event_id as event9_18_0_, contest0_.start_time as start10_18_0_, contest0_.end_date as end11_18_0_, contest0_.winner_annoucement_deadline as winner12_18_0_, contest0_.creator_user_id as creator13_18_0_ from contest contest0_ where contest0_.contest_id=?
The contest with id '100' doesn't exist.
com.topcoder.service.studio.contest.EntityNotFoundException: The contest with id '100' doesn't exist.
	at com.topcoder.service.studio.contest.bean.ContestManagerBean.wrapEntityNotFoundException(ContestManagerBean.java:2084)
	at com.topcoder.service.studio.contest.bean.ContestManagerBean.addPrizeToContest(ContestManagerBean.java:1792)
	at com.topcoder.service.studio.contest.bean.ContestManagerBeanUnitTest2.testAddPrizeToContest_Failure2(ContestManagerBeanUnitTest2.java:2065)
	at sun.reflect.NativeMethodAccessorImpl.invoke0(Native Method)
	at sun.reflect.NativeMethodAccessorImpl.invoke(NativeMethodAccessorImpl.java:39)
	at sun.reflect.DelegatingMethodAccessorImpl.invoke(DelegatingMethodAccessorImpl.java:25)
	at java.lang.reflect.Method.invoke(Method.java:585)
	at junit.framework.TestCase.runTest(TestCase.java:154)
	at junit.framework.TestCase.runBare(TestCase.java:127)
	at junit.framework.TestResult$1.protect(TestResult.java:106)
	at junit.framework.TestResult.runProtected(TestResult.java:124)
	at junit.framework.TestResult.run(TestResult.java:109)
	at junit.framework.TestCase.run(TestCase.java:118)
	at junit.framework.TestSuite.runTest(TestSuite.java:208)
	at junit.framework.TestSuite.run(TestSuite.java:203)
	at junit.framework.TestSuite.runTest(TestSuite.java:208)
	at junit.framework.TestSuite.run(TestSuite.java:203)
	at org.apache.tools.ant.taskdefs.optional.junit.JUnitTestRunner.run(JUnitTestRunner.java:297)
	at org.apache.tools.ant.taskdefs.optional.junit.JUnitTestRunner.launch(JUnitTestRunner.java:672)
	at org.apache.tools.ant.taskdefs.optional.junit.JUnitTestRunner.main(JUnitTestRunner.java:567)
[Exit method: addPrizeToContest()]
[Enter method: createContest()]
[param1: null]
[Exit method: createContest()]
[Enter method: addPrizeToContest()]
[param1: 25, param2: 3]
The EntityManager is closed.
com.topcoder.service.studio.contest.ContestManagementException: The EntityManager is closed.
	at com.topcoder.service.studio.contest.bean.ContestManagerBean.wrapContestManagementException(ContestManagerBean.java:2119)
	at com.topcoder.service.studio.contest.bean.ContestManagerBean.addPrizeToContest(ContestManagerBean.java:1798)
	at com.topcoder.service.studio.contest.bean.ContestManagerBeanUnitTest2.testAddPrizeToContest_Failure3(ContestManagerBeanUnitTest2.java:2105)
	at sun.reflect.NativeMethodAccessorImpl.invoke0(Native Method)
	at sun.reflect.NativeMethodAccessorImpl.invoke(NativeMethodAccessorImpl.java:39)
	at sun.reflect.DelegatingMethodAccessorImpl.invoke(DelegatingMethodAccessorImpl.java:25)
	at java.lang.reflect.Method.invoke(Method.java:585)
	at junit.framework.TestCase.runTest(TestCase.java:154)
	at junit.framework.TestCase.runBare(TestCase.java:127)
	at junit.framework.TestResult$1.protect(TestResult.java:106)
	at junit.framework.TestResult.runProtected(TestResult.java:124)
	at junit.framework.TestResult.run(TestResult.java:109)
	at junit.framework.TestCase.run(TestCase.java:118)
	at junit.framework.TestSuite.runTest(TestSuite.java:208)
	at junit.framework.TestSuite.run(TestSuite.java:203)
	at junit.framework.TestSuite.runTest(TestSuite.java:208)
	at junit.framework.TestSuite.run(TestSuite.java:203)
	at org.apache.tools.ant.taskdefs.optional.junit.JUnitTestRunner.run(JUnitTestRunner.java:297)
	at org.apache.tools.ant.taskdefs.optional.junit.JUnitTestRunner.launch(JUnitTestRunner.java:672)
	at org.apache.tools.ant.taskdefs.optional.junit.JUnitTestRunner.main(JUnitTestRunner.java:567)
Caused by: java.lang.IllegalStateException: EntityManager is closed
	at org.hibernate.ejb.EntityManagerImpl.getSession(EntityManagerImpl.java:42)
	at org.hibernate.ejb.AbstractEntityManagerImpl.find(AbstractEntityManagerImpl.java:174)
	at com.topcoder.service.studio.contest.bean.MockEntityManager.find(MockEntityManager.java:146)
	at com.topcoder.service.studio.contest.bean.ContestManagerBean.addPrizeToContest(ContestManagerBean.java:1783)
	... 18 more
[Exit method: addPrizeToContest()]
[Enter method: createContest()]
[param1: null]
[Exit method: createContest()]
[Enter method: addPrizeToContest()]
[param1: 26, param2: 4]
This method is required to run in transaction.
com.topcoder.service.studio.contest.ContestManagementException: This method is required to run in transaction.
	at com.topcoder.service.studio.contest.bean.ContestManagerBean.wrapContestManagementException(ContestManagerBean.java:2119)
	at com.topcoder.service.studio.contest.bean.ContestManagerBean.addPrizeToContest(ContestManagerBean.java:1800)
	at com.topcoder.service.studio.contest.bean.ContestManagerBeanUnitTest2.testAddPrizeToContest_Failure4(ContestManagerBeanUnitTest2.java:2146)
	at sun.reflect.NativeMethodAccessorImpl.invoke0(Native Method)
	at sun.reflect.NativeMethodAccessorImpl.invoke(NativeMethodAccessorImpl.java:39)
	at sun.reflect.DelegatingMethodAccessorImpl.invoke(DelegatingMethodAccessorImpl.java:25)
	at java.lang.reflect.Method.invoke(Method.java:585)
	at junit.framework.TestCase.runTest(TestCase.java:154)
	at junit.framework.TestCase.runBare(TestCase.java:127)
	at junit.framework.TestResult$1.protect(TestResult.java:106)
	at junit.framework.TestResult.runProtected(TestResult.java:124)
	at junit.framework.TestResult.run(TestResult.java:109)
	at junit.framework.TestCase.run(TestCase.java:118)
	at junit.framework.TestSuite.runTest(TestSuite.java:208)
	at junit.framework.TestSuite.run(TestSuite.java:203)
	at junit.framework.TestSuite.runTest(TestSuite.java:208)
	at junit.framework.TestSuite.run(TestSuite.java:203)
	at org.apache.tools.ant.taskdefs.optional.junit.JUnitTestRunner.run(JUnitTestRunner.java:297)
	at org.apache.tools.ant.taskdefs.optional.junit.JUnitTestRunner.launch(JUnitTestRunner.java:672)
	at org.apache.tools.ant.taskdefs.optional.junit.JUnitTestRunner.main(JUnitTestRunner.java:567)
Caused by: javax.persistence.TransactionRequiredException
	at com.topcoder.service.studio.contest.bean.MockEntityManager.find(MockEntityManager.java:143)
	at com.topcoder.service.studio.contest.bean.ContestManagerBean.addPrizeToContest(ContestManagerBean.java:1783)
	... 18 more
[Exit method: addPrizeToContest()]
[Enter method: createContest()]
[param1: null]
[Exit method: createContest()]
[Enter method: addPrizeToContest()]
[param1: 27, param2: 5]
There are errors while persisting the entity.
com.topcoder.service.studio.contest.ContestManagementException: There are errors while persisting the entity.
	at com.topcoder.service.studio.contest.bean.ContestManagerBean.wrapContestManagementException(ContestManagerBean.java:2119)
	at com.topcoder.service.studio.contest.bean.ContestManagerBean.addPrizeToContest(ContestManagerBean.java:1802)
	at com.topcoder.service.studio.contest.bean.ContestManagerBeanUnitTest2.testAddPrizeToContest_Failure5(ContestManagerBeanUnitTest2.java:2186)
	at sun.reflect.NativeMethodAccessorImpl.invoke0(Native Method)
	at sun.reflect.NativeMethodAccessorImpl.invoke(NativeMethodAccessorImpl.java:39)
	at sun.reflect.DelegatingMethodAccessorImpl.invoke(DelegatingMethodAccessorImpl.java:25)
	at java.lang.reflect.Method.invoke(Method.java:585)
	at junit.framework.TestCase.runTest(TestCase.java:154)
	at junit.framework.TestCase.runBare(TestCase.java:127)
	at junit.framework.TestResult$1.protect(TestResult.java:106)
	at junit.framework.TestResult.runProtected(TestResult.java:124)
	at junit.framework.TestResult.run(TestResult.java:109)
	at junit.framework.TestCase.run(TestCase.java:118)
	at junit.framework.TestSuite.runTest(TestSuite.java:208)
	at junit.framework.TestSuite.run(TestSuite.java:203)
	at junit.framework.TestSuite.runTest(TestSuite.java:208)
	at junit.framework.TestSuite.run(TestSuite.java:203)
	at org.apache.tools.ant.taskdefs.optional.junit.JUnitTestRunner.run(JUnitTestRunner.java:297)
	at org.apache.tools.ant.taskdefs.optional.junit.JUnitTestRunner.launch(JUnitTestRunner.java:672)
	at org.apache.tools.ant.taskdefs.optional.junit.JUnitTestRunner.main(JUnitTestRunner.java:567)
Caused by: javax.persistence.PersistenceException
	at com.topcoder.service.studio.contest.bean.MockEntityManager.find(MockEntityManager.java:139)
	at com.topcoder.service.studio.contest.bean.ContestManagerBean.addPrizeToContest(ContestManagerBean.java:1783)
	... 18 more
[Exit method: addPrizeToContest()]
[Enter method: createContest()]
[param1: null]
[Exit method: createContest()]
[Enter method: addPrizeToContest()]
[param1: 28, param2: 6]
[Exit method: addPrizeToContest()]
[Enter method: removePrizesFromContest()]
[param1: 28, param2: 6]
[Exit method: removePrizesFromContest()]
[Enter method: createContest()]
[param1: null]
[Exit method: createContest()]
[Enter method: removePrizesFromContest()]
[param1: 29, param2: 7]
[Exit method: removePrizesFromContest()]
[Enter method: createContest()]
[param1: null]
[Exit method: createContest()]
[Enter method: removePrizesFromContest()]
[param1: 30, param2: 1,000]
Hibernate: /* load com.topcoder.service.studio.submission.Prize */ select prize0_.prize_id as prize1_6_0_, prize0_.place as place6_0_, prize0_.amount as amount6_0_, prize0_.prize_type_id as prize4_6_0_, prize0_.create_date as create5_6_0_ from prize prize0_ where prize0_.prize_id=?
The prize with id '1000' doesn't exist.
com.topcoder.service.studio.contest.EntityNotFoundException: The prize with id '1000' doesn't exist.
	at com.topcoder.service.studio.contest.bean.ContestManagerBean.wrapEntityNotFoundException(ContestManagerBean.java:2084)
	at com.topcoder.service.studio.contest.bean.ContestManagerBean.removePrizeFromContest(ContestManagerBean.java:1833)
	at com.topcoder.service.studio.contest.bean.ContestManagerBeanUnitTest2.testRemovePrizeFromContest_Failure1(ContestManagerBeanUnitTest2.java:2285)
	at sun.reflect.NativeMethodAccessorImpl.invoke0(Native Method)
	at sun.reflect.NativeMethodAccessorImpl.invoke(NativeMethodAccessorImpl.java:39)
	at sun.reflect.DelegatingMethodAccessorImpl.invoke(DelegatingMethodAccessorImpl.java:25)
	at java.lang.reflect.Method.invoke(Method.java:585)
	at junit.framework.TestCase.runTest(TestCase.java:154)
	at junit.framework.TestCase.runBare(TestCase.java:127)
	at junit.framework.TestResult$1.protect(TestResult.java:106)
	at junit.framework.TestResult.runProtected(TestResult.java:124)
	at junit.framework.TestResult.run(TestResult.java:109)
	at junit.framework.TestCase.run(TestCase.java:118)
	at junit.framework.TestSuite.runTest(TestSuite.java:208)
	at junit.framework.TestSuite.run(TestSuite.java:203)
	at junit.framework.TestSuite.runTest(TestSuite.java:208)
	at junit.framework.TestSuite.run(TestSuite.java:203)
	at org.apache.tools.ant.taskdefs.optional.junit.JUnitTestRunner.run(JUnitTestRunner.java:297)
	at org.apache.tools.ant.taskdefs.optional.junit.JUnitTestRunner.launch(JUnitTestRunner.java:672)
	at org.apache.tools.ant.taskdefs.optional.junit.JUnitTestRunner.main(JUnitTestRunner.java:567)
[Exit method: removePrizesFromContest()]
[Enter method: removePrizesFromContest()]
[param1: 100, param2: 8]
Hibernate: /* load com.topcoder.service.studio.contest.Contest */ select contest0_.contest_id as contest1_18_0_, contest0_.contest_channel_id as contest2_18_0_, contest0_.name as name18_0_, contest0_.contest_type_id as contest4_18_0_, contest0_.project_id as project5_18_0_, contest0_.tc_direct_project_id as tc6_18_0_, contest0_.contest_status_id as contest7_18_0_, contest0_.forum_id as forum8_18_0_, contest0_.event_id as event9_18_0_, contest0_.start_time as start10_18_0_, contest0_.end_date as end11_18_0_, contest0_.winner_annoucement_deadline as winner12_18_0_, contest0_.creator_user_id as creator13_18_0_ from contest contest0_ where contest0_.contest_id=?
The contest with id '100' doesn't exist.
com.topcoder.service.studio.contest.EntityNotFoundException: The contest with id '100' doesn't exist.
	at com.topcoder.service.studio.contest.bean.ContestManagerBean.wrapEntityNotFoundException(ContestManagerBean.java:2084)
	at com.topcoder.service.studio.contest.bean.ContestManagerBean.removePrizeFromContest(ContestManagerBean.java:1839)
	at com.topcoder.service.studio.contest.bean.ContestManagerBeanUnitTest2.testRemovePrizeFromContest_Failure2(ContestManagerBeanUnitTest2.java:2321)
	at sun.reflect.NativeMethodAccessorImpl.invoke0(Native Method)
	at sun.reflect.NativeMethodAccessorImpl.invoke(NativeMethodAccessorImpl.java:39)
	at sun.reflect.DelegatingMethodAccessorImpl.invoke(DelegatingMethodAccessorImpl.java:25)
	at java.lang.reflect.Method.invoke(Method.java:585)
	at junit.framework.TestCase.runTest(TestCase.java:154)
	at junit.framework.TestCase.runBare(TestCase.java:127)
	at junit.framework.TestResult$1.protect(TestResult.java:106)
	at junit.framework.TestResult.runProtected(TestResult.java:124)
	at junit.framework.TestResult.run(TestResult.java:109)
	at junit.framework.TestCase.run(TestCase.java:118)
	at junit.framework.TestSuite.runTest(TestSuite.java:208)
	at junit.framework.TestSuite.run(TestSuite.java:203)
	at junit.framework.TestSuite.runTest(TestSuite.java:208)
	at junit.framework.TestSuite.run(TestSuite.java:203)
	at org.apache.tools.ant.taskdefs.optional.junit.JUnitTestRunner.run(JUnitTestRunner.java:297)
	at org.apache.tools.ant.taskdefs.optional.junit.JUnitTestRunner.launch(JUnitTestRunner.java:672)
	at org.apache.tools.ant.taskdefs.optional.junit.JUnitTestRunner.main(JUnitTestRunner.java:567)
[Exit method: removePrizesFromContest()]
[Enter method: createContest()]
[param1: null]
[Exit method: createContest()]
[Enter method: removePrizesFromContest()]
[param1: 31, param2: 9]
The EntityManager is closed.
com.topcoder.service.studio.contest.ContestManagementException: The EntityManager is closed.
	at com.topcoder.service.studio.contest.bean.ContestManagerBean.wrapContestManagementException(ContestManagerBean.java:2119)
	at com.topcoder.service.studio.contest.bean.ContestManagerBean.removePrizeFromContest(ContestManagerBean.java:1851)
	at com.topcoder.service.studio.contest.bean.ContestManagerBeanUnitTest2.testRemovePrizeFromContest_Failure3(ContestManagerBeanUnitTest2.java:2361)
	at sun.reflect.NativeMethodAccessorImpl.invoke0(Native Method)
	at sun.reflect.NativeMethodAccessorImpl.invoke(NativeMethodAccessorImpl.java:39)
	at sun.reflect.DelegatingMethodAccessorImpl.invoke(DelegatingMethodAccessorImpl.java:25)
	at java.lang.reflect.Method.invoke(Method.java:585)
	at junit.framework.TestCase.runTest(TestCase.java:154)
	at junit.framework.TestCase.runBare(TestCase.java:127)
	at junit.framework.TestResult$1.protect(TestResult.java:106)
	at junit.framework.TestResult.runProtected(TestResult.java:124)
	at junit.framework.TestResult.run(TestResult.java:109)
	at junit.framework.TestCase.run(TestCase.java:118)
	at junit.framework.TestSuite.runTest(TestSuite.java:208)
	at junit.framework.TestSuite.run(TestSuite.java:203)
	at junit.framework.TestSuite.runTest(TestSuite.java:208)
	at junit.framework.TestSuite.run(TestSuite.java:203)
	at org.apache.tools.ant.taskdefs.optional.junit.JUnitTestRunner.run(JUnitTestRunner.java:297)
	at org.apache.tools.ant.taskdefs.optional.junit.JUnitTestRunner.launch(JUnitTestRunner.java:672)
	at org.apache.tools.ant.taskdefs.optional.junit.JUnitTestRunner.main(JUnitTestRunner.java:567)
Caused by: java.lang.IllegalStateException: EntityManager is closed
	at org.hibernate.ejb.EntityManagerImpl.getSession(EntityManagerImpl.java:42)
	at org.hibernate.ejb.AbstractEntityManagerImpl.find(AbstractEntityManagerImpl.java:174)
	at com.topcoder.service.studio.contest.bean.MockEntityManager.find(MockEntityManager.java:146)
	at com.topcoder.service.studio.contest.bean.ContestManagerBean.removePrizeFromContest(ContestManagerBean.java:1830)
	... 18 more
[Exit method: removePrizesFromContest()]
[Enter method: createContest()]
[param1: null]
[Exit method: createContest()]
[Enter method: removePrizesFromContest()]
[param1: 32, param2: 10]
This method is required to run in transaction.
com.topcoder.service.studio.contest.ContestManagementException: This method is required to run in transaction.
	at com.topcoder.service.studio.contest.bean.ContestManagerBean.wrapContestManagementException(ContestManagerBean.java:2119)
	at com.topcoder.service.studio.contest.bean.ContestManagerBean.removePrizeFromContest(ContestManagerBean.java:1853)
	at com.topcoder.service.studio.contest.bean.ContestManagerBeanUnitTest2.testRemovePrizeFromContest_Failure4(ContestManagerBeanUnitTest2.java:2403)
	at sun.reflect.NativeMethodAccessorImpl.invoke0(Native Method)
	at sun.reflect.NativeMethodAccessorImpl.invoke(NativeMethodAccessorImpl.java:39)
	at sun.reflect.DelegatingMethodAccessorImpl.invoke(DelegatingMethodAccessorImpl.java:25)
	at java.lang.reflect.Method.invoke(Method.java:585)
	at junit.framework.TestCase.runTest(TestCase.java:154)
	at junit.framework.TestCase.runBare(TestCase.java:127)
	at junit.framework.TestResult$1.protect(TestResult.java:106)
	at junit.framework.TestResult.runProtected(TestResult.java:124)
	at junit.framework.TestResult.run(TestResult.java:109)
	at junit.framework.TestCase.run(TestCase.java:118)
	at junit.framework.TestSuite.runTest(TestSuite.java:208)
	at junit.framework.TestSuite.run(TestSuite.java:203)
	at junit.framework.TestSuite.runTest(TestSuite.java:208)
	at junit.framework.TestSuite.run(TestSuite.java:203)
	at org.apache.tools.ant.taskdefs.optional.junit.JUnitTestRunner.run(JUnitTestRunner.java:297)
	at org.apache.tools.ant.taskdefs.optional.junit.JUnitTestRunner.launch(JUnitTestRunner.java:672)
	at org.apache.tools.ant.taskdefs.optional.junit.JUnitTestRunner.main(JUnitTestRunner.java:567)
Caused by: javax.persistence.TransactionRequiredException
	at com.topcoder.service.studio.contest.bean.MockEntityManager.find(MockEntityManager.java:143)
	at com.topcoder.service.studio.contest.bean.ContestManagerBean.removePrizeFromContest(ContestManagerBean.java:1830)
	... 18 more
[Exit method: removePrizesFromContest()]
[Enter method: createContest()]
[param1: null]
[Exit method: createContest()]
[Enter method: removePrizesFromContest()]
[param1: 33, param2: 11]
There are errors while persisting the entity.
com.topcoder.service.studio.contest.ContestManagementException: There are errors while persisting the entity.
	at com.topcoder.service.studio.contest.bean.ContestManagerBean.wrapContestManagementException(ContestManagerBean.java:2119)
	at com.topcoder.service.studio.contest.bean.ContestManagerBean.removePrizeFromContest(ContestManagerBean.java:1855)
	at com.topcoder.service.studio.contest.bean.ContestManagerBeanUnitTest2.testRemovePrizeFromContest_Failure5(ContestManagerBeanUnitTest2.java:2444)
	at sun.reflect.NativeMethodAccessorImpl.invoke0(Native Method)
	at sun.reflect.NativeMethodAccessorImpl.invoke(NativeMethodAccessorImpl.java:39)
	at sun.reflect.DelegatingMethodAccessorImpl.invoke(DelegatingMethodAccessorImpl.java:25)
	at java.lang.reflect.Method.invoke(Method.java:585)
	at junit.framework.TestCase.runTest(TestCase.java:154)
	at junit.framework.TestCase.runBare(TestCase.java:127)
	at junit.framework.TestResult$1.protect(TestResult.java:106)
	at junit.framework.TestResult.runProtected(TestResult.java:124)
	at junit.framework.TestResult.run(TestResult.java:109)
	at junit.framework.TestCase.run(TestCase.java:118)
	at junit.framework.TestSuite.runTest(TestSuite.java:208)
	at junit.framework.TestSuite.run(TestSuite.java:203)
	at junit.framework.TestSuite.runTest(TestSuite.java:208)
	at junit.framework.TestSuite.run(TestSuite.java:203)
	at org.apache.tools.ant.taskdefs.optional.junit.JUnitTestRunner.run(JUnitTestRunner.java:297)
	at org.apache.tools.ant.taskdefs.optional.junit.JUnitTestRunner.launch(JUnitTestRunner.java:672)
	at org.apache.tools.ant.taskdefs.optional.junit.JUnitTestRunner.main(JUnitTestRunner.java:567)
Caused by: javax.persistence.PersistenceException
	at com.topcoder.service.studio.contest.bean.MockEntityManager.find(MockEntityManager.java:139)
	at com.topcoder.service.studio.contest.bean.ContestManagerBean.removePrizeFromContest(ContestManagerBean.java:1830)
	... 18 more
[Exit method: removePrizesFromContest()]
[Enter method: addPrizeToContest()]
[param1: 34, param2: 12]
[Exit method: addPrizeToContest()]
Hibernate: /* insert com.topcoder.service.studio.contest.StudioFileType */ insert into file_type_lu (sort, image_file_ind, file_type_desc, extension, file_type_id) values (?, ?, ?, ?, ?)
Hibernate: /* insert com.topcoder.service.studio.contest.ContestChannel */ insert into contest_channel_lu (channel_description, file_type_id, channel_name, parent_channel, contest_channel_id) values (?, ?, ?, ?, ?)
Hibernate: /* insert com.topcoder.service.studio.contest.ContestType */ insert into contest_type_lu (contest_type_desc, require_preview_file, require_preview_image, contest_type_id) values (?, ?, ?, ?)
Hibernate: /* insert com.topcoder.service.studio.contest.ContestStatus */ insert into contest_status_lu (contest_status_desc, name, contest_status_id) values (?, ?, ?)
Hibernate: /* insert com.topcoder.service.studio.contest.Contest */ insert into contest (contest_channel_id, name, contest_type_id, project_id, tc_direct_project_id, contest_status_id, forum_id, event_id, start_time, end_date, winner_annoucement_deadline, creator_user_id, contest_id) values (?, ?, ?, ?, ?, ?, ?, ?, ?, ?, ?, ?, ?)
Hibernate: /* insert com.topcoder.service.studio.submission.PrizeType */ insert into prize_type_lu (prize_type_desc, prize_type_id) values (?, ?)
Hibernate: /* insert com.topcoder.service.studio.submission.Prize */ insert into prize (place, amount, prize_type_id, create_date, prize_id) values (?, ?, ?, ?, ?)
Hibernate: /* insert collection row com.topcoder.service.studio.submission.Prize.contests */ insert into contest_prize_xref (prize_Id, contest_id) values (?, ?)
[Enter method: getContestPrizes()]
Hibernate: /* select p from Prize p where :contest member of p.contests */ select prize0_.prize_id as prize1_6_, prize0_.place as place6_, prize0_.amount as amount6_, prize0_.prize_type_id as prize4_6_, prize0_.create_date as create5_6_ from prize prize0_ where ? in (select contest2_.contest_id from contest_prize_xref contests1_, contest contest2_ where prize0_.prize_id=contests1_.prize_Id and contests1_.contest_id=contest2_.contest_id)
[Exit method: getContestPrizes()]
Hibernate: /* delete collection com.topcoder.service.studio.submission.Prize.contests */ delete from contest_prize_xref where prize_Id=?
Hibernate: /* delete com.topcoder.service.studio.submission.Prize */ delete from prize where prize_id=?
Hibernate: /* delete com.topcoder.service.studio.submission.PrizeType */ delete from prize_type_lu where prize_type_id=?
Hibernate: /* delete com.topcoder.service.studio.contest.Contest */ delete from contest where contest_id=?
Hibernate: /* delete com.topcoder.service.studio.contest.ContestStatus */ delete from contest_status_lu where contest_status_id=?
Hibernate: /* delete com.topcoder.service.studio.contest.ContestType */ delete from contest_type_lu where contest_type_id=?
Hibernate: /* delete com.topcoder.service.studio.contest.ContestChannel */ delete from contest_channel_lu where contest_channel_id=?
Hibernate: /* delete com.topcoder.service.studio.contest.StudioFileType */ delete from file_type_lu where file_type_id=?
[Enter method: updateContest()]
[Enter method: getContest()]
[param1: 35]
[Exit method: getContest()]
[Enter method: getContest()]
[param1: 35]
[Exit method: getContest()]
[Exit method: updateContest()]
[Enter method: getContest()]
[param1: 35]
[Exit method: getContest()]
[Enter method: updateContest()]
[Enter method: getContest()]
[param1: 36]
[Exit method: getContest()]
[Enter method: getContest()]
[param1: 36]
[Exit method: getContest()]
[Exit method: updateContest()]
[Enter method: getContest()]
[param1: 36]
[Exit method: getContest()]
[Enter method: updateContest()]
[Enter method: getContest()]
[param1: 1,000]
Hibernate: /* load com.topcoder.service.studio.contest.Contest */ select contest0_.contest_id as contest1_18_0_, contest0_.contest_channel_id as contest2_18_0_, contest0_.name as name18_0_, contest0_.contest_type_id as contest4_18_0_, contest0_.project_id as project5_18_0_, contest0_.tc_direct_project_id as tc6_18_0_, contest0_.contest_status_id as contest7_18_0_, contest0_.forum_id as forum8_18_0_, contest0_.event_id as event9_18_0_, contest0_.start_time as start10_18_0_, contest0_.end_date as end11_18_0_, contest0_.winner_annoucement_deadline as winner12_18_0_, contest0_.creator_user_id as creator13_18_0_ from contest contest0_ where contest0_.contest_id=?
[Exit method: getContest()]
The contest of id '1000' doesn't exist.
com.topcoder.service.studio.contest.EntityNotFoundException: The contest of id '1000' doesn't exist.
	at com.topcoder.service.studio.contest.bean.ContestManagerBean.wrapEntityNotFoundException(ContestManagerBean.java:2084)
	at com.topcoder.service.studio.contest.bean.ContestManagerBean.updateContest(ContestManagerBean.java:462)
	at com.topcoder.service.studio.contest.bean.ContestManagerBeanUnitTest2.testUpdateContest_Failure1(ContestManagerBeanUnitTest2.java:2663)
	at sun.reflect.NativeMethodAccessorImpl.invoke0(Native Method)
	at sun.reflect.NativeMethodAccessorImpl.invoke(NativeMethodAccessorImpl.java:39)
	at sun.reflect.DelegatingMethodAccessorImpl.invoke(DelegatingMethodAccessorImpl.java:25)
	at java.lang.reflect.Method.invoke(Method.java:585)
	at junit.framework.TestCase.runTest(TestCase.java:154)
	at junit.framework.TestCase.runBare(TestCase.java:127)
	at junit.framework.TestResult$1.protect(TestResult.java:106)
	at junit.framework.TestResult.runProtected(TestResult.java:124)
	at junit.framework.TestResult.run(TestResult.java:109)
	at junit.framework.TestCase.run(TestCase.java:118)
	at junit.framework.TestSuite.runTest(TestSuite.java:208)
	at junit.framework.TestSuite.run(TestSuite.java:203)
	at junit.framework.TestSuite.runTest(TestSuite.java:208)
	at junit.framework.TestSuite.run(TestSuite.java:203)
	at org.apache.tools.ant.taskdefs.optional.junit.JUnitTestRunner.run(JUnitTestRunner.java:297)
	at org.apache.tools.ant.taskdefs.optional.junit.JUnitTestRunner.launch(JUnitTestRunner.java:672)
	at org.apache.tools.ant.taskdefs.optional.junit.JUnitTestRunner.main(JUnitTestRunner.java:567)
[Exit method: updateContest()]
[Enter method: updateContest()]
[Enter method: getContest()]
[param1: 38]
[Exit method: getContest()]
[Enter method: getContest()]
[param1: 38]
[Exit method: getContest()]
The contest channel doesn't match.
com.topcoder.service.studio.contest.ContestManagementException: The contest channel doesn't match.
	at com.topcoder.service.studio.contest.bean.ContestManagerBean.wrapContestManagementException(ContestManagerBean.java:2101)
	at com.topcoder.service.studio.contest.bean.ContestManagerBean.updateContest(ContestManagerBean.java:475)
	at com.topcoder.service.studio.contest.bean.ContestManagerBeanUnitTest2.testUpdateContest_Failure2(ContestManagerBeanUnitTest2.java:2714)
	at sun.reflect.NativeMethodAccessorImpl.invoke0(Native Method)
	at sun.reflect.NativeMethodAccessorImpl.invoke(NativeMethodAccessorImpl.java:39)
	at sun.reflect.DelegatingMethodAccessorImpl.invoke(DelegatingMethodAccessorImpl.java:25)
	at java.lang.reflect.Method.invoke(Method.java:585)
	at junit.framework.TestCase.runTest(TestCase.java:154)
	at junit.framework.TestCase.runBare(TestCase.java:127)
	at junit.framework.TestResult$1.protect(TestResult.java:106)
	at junit.framework.TestResult.runProtected(TestResult.java:124)
	at junit.framework.TestResult.run(TestResult.java:109)
	at junit.framework.TestCase.run(TestCase.java:118)
	at junit.framework.TestSuite.runTest(TestSuite.java:208)
	at junit.framework.TestSuite.run(TestSuite.java:203)
	at junit.framework.TestSuite.runTest(TestSuite.java:208)
	at junit.framework.TestSuite.run(TestSuite.java:203)
	at org.apache.tools.ant.taskdefs.optional.junit.JUnitTestRunner.run(JUnitTestRunner.java:297)
	at org.apache.tools.ant.taskdefs.optional.junit.JUnitTestRunner.launch(JUnitTestRunner.java:672)
	at org.apache.tools.ant.taskdefs.optional.junit.JUnitTestRunner.main(JUnitTestRunner.java:567)
[Exit method: updateContest()]
[Enter method: updateContest()]
[Enter method: getContest()]
[param1: 39]
[Exit method: getContest()]
[Enter method: getContest()]
[param1: 39]
[Exit method: getContest()]
The contest type doesn't match.
com.topcoder.service.studio.contest.ContestManagementException: The contest type doesn't match.
	at com.topcoder.service.studio.contest.bean.ContestManagerBean.wrapContestManagementException(ContestManagerBean.java:2101)
	at com.topcoder.service.studio.contest.bean.ContestManagerBean.updateContest(ContestManagerBean.java:480)
	at com.topcoder.service.studio.contest.bean.ContestManagerBeanUnitTest2.testUpdateContest_Failure3(ContestManagerBeanUnitTest2.java:2765)
	at sun.reflect.NativeMethodAccessorImpl.invoke0(Native Method)
	at sun.reflect.NativeMethodAccessorImpl.invoke(NativeMethodAccessorImpl.java:39)
	at sun.reflect.DelegatingMethodAccessorImpl.invoke(DelegatingMethodAccessorImpl.java:25)
	at java.lang.reflect.Method.invoke(Method.java:585)
	at junit.framework.TestCase.runTest(TestCase.java:154)
	at junit.framework.TestCase.runBare(TestCase.java:127)
	at junit.framework.TestResult$1.protect(TestResult.java:106)
	at junit.framework.TestResult.runProtected(TestResult.java:124)
	at junit.framework.TestResult.run(TestResult.java:109)
	at junit.framework.TestCase.run(TestCase.java:118)
	at junit.framework.TestSuite.runTest(TestSuite.java:208)
	at junit.framework.TestSuite.run(TestSuite.java:203)
	at junit.framework.TestSuite.runTest(TestSuite.java:208)
	at junit.framework.TestSuite.run(TestSuite.java:203)
	at org.apache.tools.ant.taskdefs.optional.junit.JUnitTestRunner.run(JUnitTestRunner.java:297)
	at org.apache.tools.ant.taskdefs.optional.junit.JUnitTestRunner.launch(JUnitTestRunner.java:672)
	at org.apache.tools.ant.taskdefs.optional.junit.JUnitTestRunner.main(JUnitTestRunner.java:567)
[Exit method: updateContest()]
[Enter method: updateContest()]
[Enter method: getContest()]
[param1: 40]
[Exit method: getContest()]
[Enter method: getContest()]
[param1: 40]
[Exit method: getContest()]
The created user doesn't match.
com.topcoder.service.studio.contest.ContestManagementException: The created user doesn't match.
	at com.topcoder.service.studio.contest.bean.ContestManagerBean.wrapContestManagementException(ContestManagerBean.java:2101)
	at com.topcoder.service.studio.contest.bean.ContestManagerBean.updateContest(ContestManagerBean.java:484)
	at com.topcoder.service.studio.contest.bean.ContestManagerBeanUnitTest2.testUpdateContest_Failure4(ContestManagerBeanUnitTest2.java:2819)
	at sun.reflect.NativeMethodAccessorImpl.invoke0(Native Method)
	at sun.reflect.NativeMethodAccessorImpl.invoke(NativeMethodAccessorImpl.java:39)
	at sun.reflect.DelegatingMethodAccessorImpl.invoke(DelegatingMethodAccessorImpl.java:25)
	at java.lang.reflect.Method.invoke(Method.java:585)
	at junit.framework.TestCase.runTest(TestCase.java:154)
	at junit.framework.TestCase.runBare(TestCase.java:127)
	at junit.framework.TestResult$1.protect(TestResult.java:106)
	at junit.framework.TestResult.runProtected(TestResult.java:124)
	at junit.framework.TestResult.run(TestResult.java:109)
	at junit.framework.TestCase.run(TestCase.java:118)
	at junit.framework.TestSuite.runTest(TestSuite.java:208)
	at junit.framework.TestSuite.run(TestSuite.java:203)
	at junit.framework.TestSuite.runTest(TestSuite.java:208)
	at junit.framework.TestSuite.run(TestSuite.java:203)
	at org.apache.tools.ant.taskdefs.optional.junit.JUnitTestRunner.run(JUnitTestRunner.java:297)
	at org.apache.tools.ant.taskdefs.optional.junit.JUnitTestRunner.launch(JUnitTestRunner.java:672)
	at org.apache.tools.ant.taskdefs.optional.junit.JUnitTestRunner.main(JUnitTestRunner.java:567)
[Exit method: updateContest()]
[Enter method: updateContest()]
[Enter method: getContest()]
[param1: 41]
[Exit method: getContest()]
[Enter method: getContest()]
[param1: 41]
[Exit method: getContest()]
The event doesn't match.
com.topcoder.service.studio.contest.ContestManagementException: The event doesn't match.
	at com.topcoder.service.studio.contest.bean.ContestManagerBean.wrapContestManagementException(ContestManagerBean.java:2101)
	at com.topcoder.service.studio.contest.bean.ContestManagerBean.updateContest(ContestManagerBean.java:490)
	at com.topcoder.service.studio.contest.bean.ContestManagerBeanUnitTest2.testUpdateContest_Failure5(ContestManagerBeanUnitTest2.java:2874)
	at sun.reflect.NativeMethodAccessorImpl.invoke0(Native Method)
	at sun.reflect.NativeMethodAccessorImpl.invoke(NativeMethodAccessorImpl.java:39)
	at sun.reflect.DelegatingMethodAccessorImpl.invoke(DelegatingMethodAccessorImpl.java:25)
	at java.lang.reflect.Method.invoke(Method.java:585)
	at junit.framework.TestCase.runTest(TestCase.java:154)
	at junit.framework.TestCase.runBare(TestCase.java:127)
	at junit.framework.TestResult$1.protect(TestResult.java:106)
	at junit.framework.TestResult.runProtected(TestResult.java:124)
	at junit.framework.TestResult.run(TestResult.java:109)
	at junit.framework.TestCase.run(TestCase.java:118)
	at junit.framework.TestSuite.runTest(TestSuite.java:208)
	at junit.framework.TestSuite.run(TestSuite.java:203)
	at junit.framework.TestSuite.runTest(TestSuite.java:208)
	at junit.framework.TestSuite.run(TestSuite.java:203)
	at org.apache.tools.ant.taskdefs.optional.junit.JUnitTestRunner.run(JUnitTestRunner.java:297)
	at org.apache.tools.ant.taskdefs.optional.junit.JUnitTestRunner.launch(JUnitTestRunner.java:672)
	at org.apache.tools.ant.taskdefs.optional.junit.JUnitTestRunner.main(JUnitTestRunner.java:567)
[Exit method: updateContest()]
[Enter method: updateContest()]
[Enter method: getContest()]
[param1: 42]
[Exit method: getContest()]
[Enter method: getContest()]
[param1: 42]
[Exit method: getContest()]
The forum doesn't match.
com.topcoder.service.studio.contest.ContestManagementException: The forum doesn't match.
	at com.topcoder.service.studio.contest.bean.ContestManagerBean.wrapContestManagementException(ContestManagerBean.java:2101)
	at com.topcoder.service.studio.contest.bean.ContestManagerBean.updateContest(ContestManagerBean.java:496)
	at com.topcoder.service.studio.contest.bean.ContestManagerBeanUnitTest2.testUpdateContest_Failure6(ContestManagerBeanUnitTest2.java:2930)
	at sun.reflect.NativeMethodAccessorImpl.invoke0(Native Method)
	at sun.reflect.NativeMethodAccessorImpl.invoke(NativeMethodAccessorImpl.java:39)
	at sun.reflect.DelegatingMethodAccessorImpl.invoke(DelegatingMethodAccessorImpl.java:25)
	at java.lang.reflect.Method.invoke(Method.java:585)
	at junit.framework.TestCase.runTest(TestCase.java:154)
	at junit.framework.TestCase.runBare(TestCase.java:127)
	at junit.framework.TestResult$1.protect(TestResult.java:106)
	at junit.framework.TestResult.runProtected(TestResult.java:124)
	at junit.framework.TestResult.run(TestResult.java:109)
	at junit.framework.TestCase.run(TestCase.java:118)
	at junit.framework.TestSuite.runTest(TestSuite.java:208)
	at junit.framework.TestSuite.run(TestSuite.java:203)
	at junit.framework.TestSuite.runTest(TestSuite.java:208)
	at junit.framework.TestSuite.run(TestSuite.java:203)
	at org.apache.tools.ant.taskdefs.optional.junit.JUnitTestRunner.run(JUnitTestRunner.java:297)
	at org.apache.tools.ant.taskdefs.optional.junit.JUnitTestRunner.launch(JUnitTestRunner.java:672)
	at org.apache.tools.ant.taskdefs.optional.junit.JUnitTestRunner.main(JUnitTestRunner.java:567)
[Exit method: updateContest()]
[Enter method: updateContest()]
[Enter method: getContest()]
[param1: 43]
[Exit method: getContest()]
[Enter method: getContest()]
[param1: 43]
[Exit method: getContest()]
The name doesn't match.
com.topcoder.service.studio.contest.ContestManagementException: The name doesn't match.
	at com.topcoder.service.studio.contest.bean.ContestManagerBean.wrapContestManagementException(ContestManagerBean.java:2101)
	at com.topcoder.service.studio.contest.bean.ContestManagerBean.updateContest(ContestManagerBean.java:500)
	at com.topcoder.service.studio.contest.bean.ContestManagerBeanUnitTest2.testUpdateContest_Failure7(ContestManagerBeanUnitTest2.java:2987)
	at sun.reflect.NativeMethodAccessorImpl.invoke0(Native Method)
	at sun.reflect.NativeMethodAccessorImpl.invoke(NativeMethodAccessorImpl.java:39)
	at sun.reflect.DelegatingMethodAccessorImpl.invoke(DelegatingMethodAccessorImpl.java:25)
	at java.lang.reflect.Method.invoke(Method.java:585)
	at junit.framework.TestCase.runTest(TestCase.java:154)
	at junit.framework.TestCase.runBare(TestCase.java:127)
	at junit.framework.TestResult$1.protect(TestResult.java:106)
	at junit.framework.TestResult.runProtected(TestResult.java:124)
	at junit.framework.TestResult.run(TestResult.java:109)
	at junit.framework.TestCase.run(TestCase.java:118)
	at junit.framework.TestSuite.runTest(TestSuite.java:208)
	at junit.framework.TestSuite.run(TestSuite.java:203)
	at junit.framework.TestSuite.runTest(TestSuite.java:208)
	at junit.framework.TestSuite.run(TestSuite.java:203)
	at org.apache.tools.ant.taskdefs.optional.junit.JUnitTestRunner.run(JUnitTestRunner.java:297)
	at org.apache.tools.ant.taskdefs.optional.junit.JUnitTestRunner.launch(JUnitTestRunner.java:672)
	at org.apache.tools.ant.taskdefs.optional.junit.JUnitTestRunner.main(JUnitTestRunner.java:567)
[Exit method: updateContest()]
[Enter method: updateContest()]
[Enter method: getContest()]
[param1: 44]
[Exit method: getContest()]
[Enter method: getContest()]
[param1: 44]
[Exit method: getContest()]
The start date doesn't match.
com.topcoder.service.studio.contest.ContestManagementException: The start date doesn't match.
	at com.topcoder.service.studio.contest.bean.ContestManagerBean.wrapContestManagementException(ContestManagerBean.java:2101)
	at com.topcoder.service.studio.contest.bean.ContestManagerBean.updateContest(ContestManagerBean.java:510)
	at com.topcoder.service.studio.contest.bean.ContestManagerBeanUnitTest2.testUpdateContest_Failure8(ContestManagerBeanUnitTest2.java:3049)
	at sun.reflect.NativeMethodAccessorImpl.invoke0(Native Method)
	at sun.reflect.NativeMethodAccessorImpl.invoke(NativeMethodAccessorImpl.java:39)
	at sun.reflect.DelegatingMethodAccessorImpl.invoke(DelegatingMethodAccessorImpl.java:25)
	at java.lang.reflect.Method.invoke(Method.java:585)
	at junit.framework.TestCase.runTest(TestCase.java:154)
	at junit.framework.TestCase.runBare(TestCase.java:127)
	at junit.framework.TestResult$1.protect(TestResult.java:106)
	at junit.framework.TestResult.runProtected(TestResult.java:124)
	at junit.framework.TestResult.run(TestResult.java:109)
	at junit.framework.TestCase.run(TestCase.java:118)
	at junit.framework.TestSuite.runTest(TestSuite.java:208)
	at junit.framework.TestSuite.run(TestSuite.java:203)
	at junit.framework.TestSuite.runTest(TestSuite.java:208)
	at junit.framework.TestSuite.run(TestSuite.java:203)
	at org.apache.tools.ant.taskdefs.optional.junit.JUnitTestRunner.run(JUnitTestRunner.java:297)
	at org.apache.tools.ant.taskdefs.optional.junit.JUnitTestRunner.launch(JUnitTestRunner.java:672)
	at org.apache.tools.ant.taskdefs.optional.junit.JUnitTestRunner.main(JUnitTestRunner.java:567)
[Exit method: updateContest()]
[Enter method: updateContest()]
[Enter method: getContest()]
[param1: 45]
[Exit method: getContest()]
[Enter method: getContest()]
[param1: 45]
[Exit method: getContest()]
The status doesn't match.
com.topcoder.service.studio.contest.ContestManagementException: The status doesn't match.
	at com.topcoder.service.studio.contest.bean.ContestManagerBean.wrapContestManagementException(ContestManagerBean.java:2101)
	at com.topcoder.service.studio.contest.bean.ContestManagerBean.updateContest(ContestManagerBean.java:515)
	at com.topcoder.service.studio.contest.bean.ContestManagerBeanUnitTest2.testUpdateContest_Failure9(ContestManagerBeanUnitTest2.java:3109)
	at sun.reflect.NativeMethodAccessorImpl.invoke0(Native Method)
	at sun.reflect.NativeMethodAccessorImpl.invoke(NativeMethodAccessorImpl.java:39)
	at sun.reflect.DelegatingMethodAccessorImpl.invoke(DelegatingMethodAccessorImpl.java:25)
	at java.lang.reflect.Method.invoke(Method.java:585)
	at junit.framework.TestCase.runTest(TestCase.java:154)
	at junit.framework.TestCase.runBare(TestCase.java:127)
	at junit.framework.TestResult$1.protect(TestResult.java:106)
	at junit.framework.TestResult.runProtected(TestResult.java:124)
	at junit.framework.TestResult.run(TestResult.java:109)
	at junit.framework.TestCase.run(TestCase.java:118)
	at junit.framework.TestSuite.runTest(TestSuite.java:208)
	at junit.framework.TestSuite.run(TestSuite.java:203)
	at junit.framework.TestSuite.runTest(TestSuite.java:208)
	at junit.framework.TestSuite.run(TestSuite.java:203)
	at org.apache.tools.ant.taskdefs.optional.junit.JUnitTestRunner.run(JUnitTestRunner.java:297)
	at org.apache.tools.ant.taskdefs.optional.junit.JUnitTestRunner.launch(JUnitTestRunner.java:672)
	at org.apache.tools.ant.taskdefs.optional.junit.JUnitTestRunner.main(JUnitTestRunner.java:567)
[Exit method: updateContest()]
[Enter method: updateContest()]
[Enter method: getContest()]
[param1: 46]
[Exit method: getContest()]
[Enter method: getContest()]
[param1: 46]
[Exit method: getContest()]
The tcDirectProjectId doesn't match.
com.topcoder.service.studio.contest.ContestManagementException: The tcDirectProjectId doesn't match.
	at com.topcoder.service.studio.contest.bean.ContestManagerBean.wrapContestManagementException(ContestManagerBean.java:2101)
	at com.topcoder.service.studio.contest.bean.ContestManagerBean.updateContest(ContestManagerBean.java:521)
	at com.topcoder.service.studio.contest.bean.ContestManagerBeanUnitTest2.testUpdateContest_Failure10(ContestManagerBeanUnitTest2.java:3170)
	at sun.reflect.NativeMethodAccessorImpl.invoke0(Native Method)
	at sun.reflect.NativeMethodAccessorImpl.invoke(NativeMethodAccessorImpl.java:39)
	at sun.reflect.DelegatingMethodAccessorImpl.invoke(DelegatingMethodAccessorImpl.java:25)
	at java.lang.reflect.Method.invoke(Method.java:585)
	at junit.framework.TestCase.runTest(TestCase.java:154)
	at junit.framework.TestCase.runBare(TestCase.java:127)
	at junit.framework.TestResult$1.protect(TestResult.java:106)
	at junit.framework.TestResult.runProtected(TestResult.java:124)
	at junit.framework.TestResult.run(TestResult.java:109)
	at junit.framework.TestCase.run(TestCase.java:118)
	at junit.framework.TestSuite.runTest(TestSuite.java:208)
	at junit.framework.TestSuite.run(TestSuite.java:203)
	at junit.framework.TestSuite.runTest(TestSuite.java:208)
	at junit.framework.TestSuite.run(TestSuite.java:203)
	at org.apache.tools.ant.taskdefs.optional.junit.JUnitTestRunner.run(JUnitTestRunner.java:297)
	at org.apache.tools.ant.taskdefs.optional.junit.JUnitTestRunner.launch(JUnitTestRunner.java:672)
	at org.apache.tools.ant.taskdefs.optional.junit.JUnitTestRunner.main(JUnitTestRunner.java:567)
[Exit method: updateContest()]
[Enter method: updateContest()]
[Enter method: getContest()]
[param1: 47]
[Exit method: getContest()]
[Enter method: getContest()]
[param1: 47]
[Exit method: getContest()]
The WinnerAnnoucementDeadline doesn't match.
com.topcoder.service.studio.contest.ContestManagementException: The WinnerAnnoucementDeadline doesn't match.
	at com.topcoder.service.studio.contest.bean.ContestManagerBean.wrapContestManagementException(ContestManagerBean.java:2101)
	at com.topcoder.service.studio.contest.bean.ContestManagerBean.updateContest(ContestManagerBean.java:525)
	at com.topcoder.service.studio.contest.bean.ContestManagerBeanUnitTest2.testUpdateContest_Failure11(ContestManagerBeanUnitTest2.java:3235)
	at sun.reflect.NativeMethodAccessorImpl.invoke0(Native Method)
	at sun.reflect.NativeMethodAccessorImpl.invoke(NativeMethodAccessorImpl.java:39)
	at sun.reflect.DelegatingMethodAccessorImpl.invoke(DelegatingMethodAccessorImpl.java:25)
	at java.lang.reflect.Method.invoke(Method.java:585)
	at junit.framework.TestCase.runTest(TestCase.java:154)
	at junit.framework.TestCase.runBare(TestCase.java:127)
	at junit.framework.TestResult$1.protect(TestResult.java:106)
	at junit.framework.TestResult.runProtected(TestResult.java:124)
	at junit.framework.TestResult.run(TestResult.java:109)
	at junit.framework.TestCase.run(TestCase.java:118)
	at junit.framework.TestSuite.runTest(TestSuite.java:208)
	at junit.framework.TestSuite.run(TestSuite.java:203)
	at junit.framework.TestSuite.runTest(TestSuite.java:208)
	at junit.framework.TestSuite.run(TestSuite.java:203)
	at org.apache.tools.ant.taskdefs.optional.junit.JUnitTestRunner.run(JUnitTestRunner.java:297)
	at org.apache.tools.ant.taskdefs.optional.junit.JUnitTestRunner.launch(JUnitTestRunner.java:672)
	at org.apache.tools.ant.taskdefs.optional.junit.JUnitTestRunner.main(JUnitTestRunner.java:567)
[Exit method: updateContest()]
[Enter method: updateContest()]
[Enter method: getContest()]
[param1: 48]
[Exit method: getContest()]
[Enter method: getContest()]
[param1: 48]
[Exit method: getContest()]
The project doesn't match.
com.topcoder.service.studio.contest.ContestManagementException: The project doesn't match.
	at com.topcoder.service.studio.contest.bean.ContestManagerBean.wrapContestManagementException(ContestManagerBean.java:2101)
	at com.topcoder.service.studio.contest.bean.ContestManagerBean.updateContest(ContestManagerBean.java:504)
	at com.topcoder.service.studio.contest.bean.ContestManagerBeanUnitTest2.testUpdateContest_Failure12(ContestManagerBeanUnitTest2.java:3300)
	at sun.reflect.NativeMethodAccessorImpl.invoke0(Native Method)
	at sun.reflect.NativeMethodAccessorImpl.invoke(NativeMethodAccessorImpl.java:39)
	at sun.reflect.DelegatingMethodAccessorImpl.invoke(DelegatingMethodAccessorImpl.java:25)
	at java.lang.reflect.Method.invoke(Method.java:585)
	at junit.framework.TestCase.runTest(TestCase.java:154)
	at junit.framework.TestCase.runBare(TestCase.java:127)
	at junit.framework.TestResult$1.protect(TestResult.java:106)
	at junit.framework.TestResult.runProtected(TestResult.java:124)
	at junit.framework.TestResult.run(TestResult.java:109)
	at junit.framework.TestCase.run(TestCase.java:118)
	at junit.framework.TestSuite.runTest(TestSuite.java:208)
	at junit.framework.TestSuite.run(TestSuite.java:203)
	at junit.framework.TestSuite.runTest(TestSuite.java:208)
	at junit.framework.TestSuite.run(TestSuite.java:203)
	at org.apache.tools.ant.taskdefs.optional.junit.JUnitTestRunner.run(JUnitTestRunner.java:297)
	at org.apache.tools.ant.taskdefs.optional.junit.JUnitTestRunner.launch(JUnitTestRunner.java:672)
	at org.apache.tools.ant.taskdefs.optional.junit.JUnitTestRunner.main(JUnitTestRunner.java:567)
[Exit method: updateContest()]
[Enter method: createContest()]
[param1: null]
[Exit method: createContest()]
[Enter method: updateContestStatus()]
[param1: 49, param2: 40]
There are errors while persisting the entity.
com.topcoder.service.studio.contest.ContestManagementException: There are errors while persisting the entity.
	at com.topcoder.service.studio.contest.bean.ContestManagerBean.wrapContestManagementException(ContestManagerBean.java:2119)
	at com.topcoder.service.studio.contest.bean.ContestManagerBean.updateContestStatus(ContestManagerBean.java:614)
	at com.topcoder.service.studio.contest.bean.ContestManagerBeanUnitTest2.testUpdateContestStatus_Failure5(ContestManagerBeanUnitTest2.java:3496)
	at sun.reflect.NativeMethodAccessorImpl.invoke0(Native Method)
	at sun.reflect.NativeMethodAccessorImpl.invoke(NativeMethodAccessorImpl.java:39)
	at sun.reflect.DelegatingMethodAccessorImpl.invoke(DelegatingMethodAccessorImpl.java:25)
	at java.lang.reflect.Method.invoke(Method.java:585)
	at junit.framework.TestCase.runTest(TestCase.java:154)
	at junit.framework.TestCase.runBare(TestCase.java:127)
	at junit.framework.TestResult$1.protect(TestResult.java:106)
	at junit.framework.TestResult.runProtected(TestResult.java:124)
	at junit.framework.TestResult.run(TestResult.java:109)
	at junit.framework.TestCase.run(TestCase.java:118)
	at junit.framework.TestSuite.runTest(TestSuite.java:208)
	at junit.framework.TestSuite.run(TestSuite.java:203)
	at junit.framework.TestSuite.runTest(TestSuite.java:208)
	at junit.framework.TestSuite.run(TestSuite.java:203)
	at org.apache.tools.ant.taskdefs.optional.junit.JUnitTestRunner.run(JUnitTestRunner.java:297)
	at org.apache.tools.ant.taskdefs.optional.junit.JUnitTestRunner.launch(JUnitTestRunner.java:672)
	at org.apache.tools.ant.taskdefs.optional.junit.JUnitTestRunner.main(JUnitTestRunner.java:567)
Caused by: javax.persistence.PersistenceException
	at com.topcoder.service.studio.contest.bean.MockEntityManager.find(MockEntityManager.java:139)
	at com.topcoder.service.studio.contest.bean.ContestManagerBean.updateContestStatus(ContestManagerBean.java:576)
	... 18 more
[Exit method: updateContestStatus()]
[Enter method: createContest()]
[param1: null]
[Exit method: createContest()]
[Enter method: updateContestStatus()]
[param1: 50, param2: 42]
This method is required to run in transaction.
com.topcoder.service.studio.contest.ContestManagementException: This method is required to run in transaction.
	at com.topcoder.service.studio.contest.bean.ContestManagerBean.wrapContestManagementException(ContestManagerBean.java:2119)
	at com.topcoder.service.studio.contest.bean.ContestManagerBean.updateContestStatus(ContestManagerBean.java:612)
	at com.topcoder.service.studio.contest.bean.ContestManagerBeanUnitTest2.testUpdateContestStatus_Failure6(ContestManagerBeanUnitTest2.java:3538)
	at sun.reflect.NativeMethodAccessorImpl.invoke0(Native Method)
	at sun.reflect.NativeMethodAccessorImpl.invoke(NativeMethodAccessorImpl.java:39)
	at sun.reflect.DelegatingMethodAccessorImpl.invoke(DelegatingMethodAccessorImpl.java:25)
	at java.lang.reflect.Method.invoke(Method.java:585)
	at junit.framework.TestCase.runTest(TestCase.java:154)
	at junit.framework.TestCase.runBare(TestCase.java:127)
	at junit.framework.TestResult$1.protect(TestResult.java:106)
	at junit.framework.TestResult.runProtected(TestResult.java:124)
	at junit.framework.TestResult.run(TestResult.java:109)
	at junit.framework.TestCase.run(TestCase.java:118)
	at junit.framework.TestSuite.runTest(TestSuite.java:208)
	at junit.framework.TestSuite.run(TestSuite.java:203)
	at junit.framework.TestSuite.runTest(TestSuite.java:208)
	at junit.framework.TestSuite.run(TestSuite.java:203)
	at org.apache.tools.ant.taskdefs.optional.junit.JUnitTestRunner.run(JUnitTestRunner.java:297)
	at org.apache.tools.ant.taskdefs.optional.junit.JUnitTestRunner.launch(JUnitTestRunner.java:672)
	at org.apache.tools.ant.taskdefs.optional.junit.JUnitTestRunner.main(JUnitTestRunner.java:567)
Caused by: javax.persistence.TransactionRequiredException
	at com.topcoder.service.studio.contest.bean.MockEntityManager.find(MockEntityManager.java:143)
	at com.topcoder.service.studio.contest.bean.ContestManagerBean.updateContestStatus(ContestManagerBean.java:576)
	... 18 more
[Exit method: updateContestStatus()]
[Enter method: getDocumentContent()]
[param1: 100]
Hibernate: /* load com.topcoder.service.studio.contest.Document */ select document0_.document_id as document1_23_0_, document0_.original_file_name as original2_23_0_, document0_.system_file_name as system3_23_0_, document0_.path_id as path4_23_0_, document0_.mime_type_id as mime5_23_0_, document0_.document_type_id as document6_23_0_, document0_.create_date as create7_23_0_ from document document0_ where document0_.document_id=?
The document with id '100' doesn't exist.
com.topcoder.service.studio.contest.EntityNotFoundException: The document with id '100' doesn't exist.
	at com.topcoder.service.studio.contest.bean.ContestManagerBean.wrapEntityNotFoundException(ContestManagerBean.java:2084)
	at com.topcoder.service.studio.contest.bean.ContestManagerBean.getDocumentContent(ContestManagerBean.java:1459)
	at com.topcoder.service.studio.contest.bean.ContestManagerBeanUnitTest3.testGetDocumentContent_Failure2(ContestManagerBeanUnitTest3.java:184)
	at sun.reflect.NativeMethodAccessorImpl.invoke0(Native Method)
	at sun.reflect.NativeMethodAccessorImpl.invoke(NativeMethodAccessorImpl.java:39)
	at sun.reflect.DelegatingMethodAccessorImpl.invoke(DelegatingMethodAccessorImpl.java:25)
	at java.lang.reflect.Method.invoke(Method.java:585)
	at junit.framework.TestCase.runTest(TestCase.java:154)
	at junit.framework.TestCase.runBare(TestCase.java:127)
	at junit.framework.TestResult$1.protect(TestResult.java:106)
	at junit.framework.TestResult.runProtected(TestResult.java:124)
	at junit.framework.TestResult.run(TestResult.java:109)
	at junit.framework.TestCase.run(TestCase.java:118)
	at junit.framework.TestSuite.runTest(TestSuite.java:208)
	at junit.framework.TestSuite.run(TestSuite.java:203)
	at junit.framework.TestSuite.runTest(TestSuite.java:208)
	at junit.framework.TestSuite.run(TestSuite.java:203)
	at org.apache.tools.ant.taskdefs.optional.junit.JUnitTestRunner.run(JUnitTestRunner.java:297)
	at org.apache.tools.ant.taskdefs.optional.junit.JUnitTestRunner.launch(JUnitTestRunner.java:672)
	at org.apache.tools.ant.taskdefs.optional.junit.JUnitTestRunner.main(JUnitTestRunner.java:567)
[Exit method: getDocumentContent()]
[5/17/08 12:13 AM: Enter method start()]
[5/17/08 12:13 AM: Exit method Start()]
[Enter method: addDocument()]
[param1: null]
[Exit method: addDocument()]
[Enter method: existDocumentContent()]
[param1: 13]
[Exit method: existDocumentContent()]
There are errors in run().
com.topcoder.service.studio.contest.documentcontentservers.InvalidRequestException: Unrecognized request type: 0
	at com.topcoder.service.studio.contest.documentcontentservers.SocketDocumentContentServer$SocketDocumentContentWorker.processData(SocketDocumentContentServer.java:571)
	at com.topcoder.service.studio.contest.documentcontentservers.SocketDocumentContentServer$SocketDocumentContentWorker.run(SocketDocumentContentServer.java:442)
	at java.lang.Thread.run(Thread.java:595)
[5/17/08 12:13 AM: Enter method stop()]
[5/17/08 12:13 AM: Exit method stop()]
[5/17/08 12:13 AM: Enter method start()]
[5/17/08 12:13 AM: Exit method Start()]
There are errors in run().
com.topcoder.service.studio.contest.documentcontentservers.InvalidRequestException: Unrecognized request type: 0
	at com.topcoder.service.studio.contest.documentcontentservers.SocketDocumentContentServer$SocketDocumentContentWorker.processData(SocketDocumentContentServer.java:571)
	at com.topcoder.service.studio.contest.documentcontentservers.SocketDocumentContentServer$SocketDocumentContentWorker.run(SocketDocumentContentServer.java:442)
	at java.lang.Thread.run(Thread.java:595)
[5/17/08 12:13 AM: Enter method stop()]
[5/17/08 12:13 AM: Exit method stop()]
[5/17/08 12:13 AM: Enter method start()]
[5/17/08 12:13 AM: Exit method Start()]
There are errors in run().
com.topcoder.service.studio.contest.documentcontentservers.InvalidRequestException: Unrecognized request type: 0
	at com.topcoder.service.studio.contest.documentcontentservers.SocketDocumentContentServer$SocketDocumentContentWorker.processData(SocketDocumentContentServer.java:571)
	at com.topcoder.service.studio.contest.documentcontentservers.SocketDocumentContentServer$SocketDocumentContentWorker.run(SocketDocumentContentServer.java:442)
	at java.lang.Thread.run(Thread.java:595)
There are errors in run().
com.topcoder.service.studio.contest.documentcontentservers.InvalidRequestException: Unrecognized request type: 0
	at com.topcoder.service.studio.contest.documentcontentservers.SocketDocumentContentServer$SocketDocumentContentWorker.processData(SocketDocumentContentServer.java:571)
	at com.topcoder.service.studio.contest.documentcontentservers.SocketDocumentContentServer$SocketDocumentContentWorker.run(SocketDocumentContentServer.java:442)
	at java.lang.Thread.run(Thread.java:595)
[5/17/08 12:13 AM: Enter method stop()]
[5/17/08 12:13 AM: Exit method stop()]
There are io errors while written the error message.
java.io.IOException: An established connection was aborted by the software in your host machine
	at sun.nio.ch.SocketDispatcher.write0(Native Method)
	at sun.nio.ch.SocketDispatcher.write(SocketDispatcher.java:33)
	at sun.nio.ch.IOUtil.writeFromNativeBuffer(IOUtil.java:104)
	at sun.nio.ch.IOUtil.write(IOUtil.java:75)
	at sun.nio.ch.SocketChannelImpl.write(SocketChannelImpl.java:302)
	at com.topcoder.service.studio.contest.documentcontentservers.SocketDocumentContentServer$SocketDocumentContentWorker.processException(SocketDocumentContentServer.java:498)
	at com.topcoder.service.studio.contest.documentcontentservers.SocketDocumentContentServer$SocketDocumentContentWorker.run(SocketDocumentContentServer.java:448)
	at java.lang.Thread.run(Thread.java:595)
[5/17/08 12:13 AM: Enter method stop()]
[5/17/08 12:13 AM: Exit method stop()]
[5/17/08 12:13 AM: Enter method stop()]
[5/17/08 12:13 AM: Exit method stop()]
[5/17/08 12:13 AM: Enter method stop()]
[5/17/08 12:13 AM: Exit method stop()]
[5/17/08 12:13 AM: Enter method stop()]
[5/17/08 12:13 AM: Exit method stop()]
[5/17/08 12:13 AM: Enter method stop()]
[5/17/08 12:13 AM: Exit method stop()]
[5/17/08 12:13 AM: Enter method stop()]
[5/17/08 12:13 AM: Exit method stop()]
[5/17/08 12:13 AM: Enter method stop()]
[5/17/08 12:13 AM: Exit method stop()]
[5/17/08 12:13 AM: Enter method stop()]
[5/17/08 12:13 AM: Exit method stop()]
[5/17/08 12:13 AM: Enter method stop()]
[5/17/08 12:13 AM: Exit method stop()]
[5/17/08 12:13 AM: Enter method stop()]
[5/17/08 12:13 AM: Exit method stop()]
[5/17/08 12:13 AM: Enter method stop()]
[5/17/08 12:13 AM: Exit method stop()]
[5/17/08 12:13 AM: Enter method stop()]
[5/17/08 12:13 AM: Exit method stop()]
[5/17/08 12:13 AM: Enter method stop()]
[5/17/08 12:13 AM: Exit method stop()]
[5/17/08 12:13 AM: Enter method stop()]
[5/17/08 12:13 AM: Exit method stop()]
[5/17/08 12:13 AM: Enter method stop()]
[5/17/08 12:13 AM: Exit method stop()]
[5/17/08 12:13 AM: Enter method stop()]
[5/17/08 12:13 AM: Exit method stop()]
[5/17/08 12:13 AM: Enter method start()]
[5/17/08 12:13 AM: Exit method Start()]
There are errors in run().
java.io.FileNotFoundException: C:\TopCoder\projects\studio_contest_manager_1.1.0\test_files (Access is denied)
	at java.io.FileOutputStream.open(Native Method)
	at java.io.FileOutputStream.<init>(FileOutputStream.java:179)
	at java.io.FileOutputStream.<init>(FileOutputStream.java:70)
	at com.topcoder.service.studio.contest.documentcontentservers.SocketDocumentContentServer$SocketDocumentContentWorker.saveDocumentContent(SocketDocumentContentServer.java:615)
	at com.topcoder.service.studio.contest.documentcontentservers.SocketDocumentContentServer$SocketDocumentContentWorker.processData(SocketDocumentContentServer.java:564)
	at com.topcoder.service.studio.contest.documentcontentservers.SocketDocumentContentServer$SocketDocumentContentWorker.run(SocketDocumentContentServer.java:442)
	at java.lang.Thread.run(Thread.java:595)
There are errors in run().
com.topcoder.service.studio.contest.documentcontentservers.InvalidRequestException: Unrecognized request type: 0
	at com.topcoder.service.studio.contest.documentcontentservers.SocketDocumentContentServer$SocketDocumentContentWorker.processData(SocketDocumentContentServer.java:571)
	at com.topcoder.service.studio.contest.documentcontentservers.SocketDocumentContentServer$SocketDocumentContentWorker.run(SocketDocumentContentServer.java:442)
	at java.lang.Thread.run(Thread.java:595)
[5/17/08 12:13 AM: Enter method stop()]
There are errors in run().
java.io.IOException: An established connection was aborted by the software in your host machine
	at sun.nio.ch.SocketDispatcher.read0(Native Method)
	at sun.nio.ch.SocketDispatcher.read(SocketDispatcher.java:25)
	at sun.nio.ch.IOUtil.readIntoNativeBuffer(IOUtil.java:233)
	at sun.nio.ch.IOUtil.read(IOUtil.java:206)
	at sun.nio.ch.SocketChannelImpl.read(SocketChannelImpl.java:207)
	at com.topcoder.service.studio.contest.documentcontentservers.SocketDocumentContentServer$SocketDocumentContentWorker.processData(SocketDocumentContentServer.java:522)
	at com.topcoder.service.studio.contest.documentcontentservers.SocketDocumentContentServer$SocketDocumentContentWorker.run(SocketDocumentContentServer.java:442)
	at java.lang.Thread.run(Thread.java:595)
[5/17/08 12:13 AM: Exit method stop()]
There are io errors while written the error message.
java.io.IOException: An established connection was aborted by the software in your host machine
	at sun.nio.ch.SocketDispatcher.write0(Native Method)
	at sun.nio.ch.SocketDispatcher.write(SocketDispatcher.java:33)
	at sun.nio.ch.IOUtil.writeFromNativeBuffer(IOUtil.java:104)
	at sun.nio.ch.IOUtil.write(IOUtil.java:75)
	at sun.nio.ch.SocketChannelImpl.write(SocketChannelImpl.java:302)
	at com.topcoder.service.studio.contest.documentcontentservers.SocketDocumentContentServer$SocketDocumentContentWorker.processException(SocketDocumentContentServer.java:498)
	at com.topcoder.service.studio.contest.documentcontentservers.SocketDocumentContentServer$SocketDocumentContentWorker.run(SocketDocumentContentServer.java:446)
	at java.lang.Thread.run(Thread.java:595)
[5/17/08 12:13 AM: Enter method stop()]
[5/17/08 12:13 AM: Exit method stop()]
[5/17/08 12:13 AM: Enter method stop()]
[5/17/08 12:13 AM: Exit method stop()]
[5/17/08 12:13 AM: Enter method stop()]
[5/17/08 12:13 AM: Exit method stop()]
[5/17/08 12:13 AM: Enter method stop()]
[5/17/08 12:13 AM: Exit method stop()]
[5/17/08 12:13 AM: Enter method stop()]
[5/17/08 12:13 AM: Exit method stop()]
[5/17/08 12:13 AM: Enter method stop()]
[5/17/08 12:13 AM: Exit method stop()]
[5/17/08 12:13 AM: Enter method stop()]
[5/17/08 12:13 AM: Exit method stop()]
[5/17/08 12:13 AM: Enter method start()]
[5/17/08 12:13 AM: Exit method Start()]
There are errors in run().
com.topcoder.service.studio.contest.documentcontentservers.InvalidRequestException: Unrecognized request type: 0
	at com.topcoder.service.studio.contest.documentcontentservers.SocketDocumentContentServer$SocketDocumentContentWorker.processData(SocketDocumentContentServer.java:571)
	at com.topcoder.service.studio.contest.documentcontentservers.SocketDocumentContentServer$SocketDocumentContentWorker.run(SocketDocumentContentServer.java:442)
	at java.lang.Thread.run(Thread.java:595)
There are errors in run().
java.io.IOException: An established connection was aborted by the software in your host machine
	at sun.nio.ch.SocketDispatcher.read0(Native Method)
	at sun.nio.ch.SocketDispatcher.read(SocketDispatcher.java:25)
	at sun.nio.ch.IOUtil.readIntoNativeBuffer(IOUtil.java:233)
	at sun.nio.ch.IOUtil.read(IOUtil.java:206)
	at sun.nio.ch.SocketChannelImpl.read(SocketChannelImpl.java:207)
	at com.topcoder.service.studio.contest.documentcontentservers.SocketDocumentContentServer$SocketDocumentContentWorker.processData(SocketDocumentContentServer.java:522)
	at com.topcoder.service.studio.contest.documentcontentservers.SocketDocumentContentServer$SocketDocumentContentWorker.run(SocketDocumentContentServer.java:442)
	at java.lang.Thread.run(Thread.java:595)
[5/17/08 12:13 AM: Enter method stop()]
There are io errors while written the error message.
java.io.IOException: An established connection was aborted by the software in your host machine
	at sun.nio.ch.SocketDispatcher.write0(Native Method)
	at sun.nio.ch.SocketDispatcher.write(SocketDispatcher.java:33)
	at sun.nio.ch.IOUtil.writeFromNativeBuffer(IOUtil.java:104)
	at sun.nio.ch.IOUtil.write(IOUtil.java:75)
	at sun.nio.ch.SocketChannelImpl.write(SocketChannelImpl.java:302)
	at com.topcoder.service.studio.contest.documentcontentservers.SocketDocumentContentServer$SocketDocumentContentWorker.processException(SocketDocumentContentServer.java:498)
	at com.topcoder.service.studio.contest.documentcontentservers.SocketDocumentContentServer$SocketDocumentContentWorker.run(SocketDocumentContentServer.java:446)
	at java.lang.Thread.run(Thread.java:595)
[5/17/08 12:13 AM: Exit method stop()]
[5/17/08 12:13 AM: Enter method start()]
[5/17/08 12:13 AM: Exit method Start()]
[5/17/08 12:13 AM: Enter method stop()]
[5/17/08 12:13 AM: Exit method stop()]
[5/17/08 12:13 AM: Enter method start()]
[5/17/08 12:13 AM: Exit method Start()]
There are errors in run().
com.topcoder.service.studio.contest.documentcontentservers.InvalidRequestException: Unrecognized request type: 0
	at com.topcoder.service.studio.contest.documentcontentservers.SocketDocumentContentServer$SocketDocumentContentWorker.processData(SocketDocumentContentServer.java:571)
	at com.topcoder.service.studio.contest.documentcontentservers.SocketDocumentContentServer$SocketDocumentContentWorker.run(SocketDocumentContentServer.java:442)
	at java.lang.Thread.run(Thread.java:595)
There are errors in run().
com.topcoder.service.studio.contest.documentcontentservers.InvalidRequestException: Unrecognized request type: 0
	at com.topcoder.service.studio.contest.documentcontentservers.SocketDocumentContentServer$SocketDocumentContentWorker.processData(SocketDocumentContentServer.java:571)
	at com.topcoder.service.studio.contest.documentcontentservers.SocketDocumentContentServer$SocketDocumentContentWorker.run(SocketDocumentContentServer.java:442)
	at java.lang.Thread.run(Thread.java:595)
There are errors in run().
java.io.IOException: An established connection was aborted by the software in your host machine
	at sun.nio.ch.SocketDispatcher.read0(Native Method)
	at sun.nio.ch.SocketDispatcher.read(SocketDispatcher.java:25)
	at sun.nio.ch.IOUtil.readIntoNativeBuffer(IOUtil.java:233)
	at sun.nio.ch.IOUtil.read(IOUtil.java:206)
	at sun.nio.ch.SocketChannelImpl.read(SocketChannelImpl.java:207)
	at com.topcoder.service.studio.contest.documentcontentservers.SocketDocumentContentServer$SocketDocumentContentWorker.processData(SocketDocumentContentServer.java:522)
	at com.topcoder.service.studio.contest.documentcontentservers.SocketDocumentContentServer$SocketDocumentContentWorker.run(SocketDocumentContentServer.java:442)
	at java.lang.Thread.run(Thread.java:595)
[5/17/08 12:13 AM: Enter method stop()]
There are io errors while written the error message.
java.io.IOException: An established connection was aborted by the software in your host machine
	at sun.nio.ch.SocketDispatcher.write0(Native Method)
	at sun.nio.ch.SocketDispatcher.write(SocketDispatcher.java:33)
	at sun.nio.ch.IOUtil.writeFromNativeBuffer(IOUtil.java:104)
	at sun.nio.ch.IOUtil.write(IOUtil.java:75)
	at sun.nio.ch.SocketChannelImpl.write(SocketChannelImpl.java:302)
	at com.topcoder.service.studio.contest.documentcontentservers.SocketDocumentContentServer$SocketDocumentContentWorker.processException(SocketDocumentContentServer.java:498)
	at com.topcoder.service.studio.contest.documentcontentservers.SocketDocumentContentServer$SocketDocumentContentWorker.run(SocketDocumentContentServer.java:446)
	at java.lang.Thread.run(Thread.java:595)
[5/17/08 12:13 AM: Exit method stop()]
[5/17/08 12:13 AM: Enter method stop()]
[5/17/08 12:13 AM: Exit method stop()]
[5/17/08 12:13 AM: Enter method stop()]
[5/17/08 12:13 AM: Exit method stop()]
[5/17/08 12:13 AM: Enter method stop()]
[5/17/08 12:13 AM: Exit method stop()]
[5/17/08 12:13 AM: Enter method stop()]
[5/17/08 12:13 AM: Exit method stop()]
[5/17/08 12:13 AM: Enter method stop()]
[5/17/08 12:13 AM: Exit method stop()]
[5/17/08 12:13 AM: Enter method stop()]
[5/17/08 12:13 AM: Exit method stop()]
[5/17/08 12:13 AM: Enter method start()]
[5/17/08 12:13 AM: Exit method Start()]
[5/17/08 12:13 AM: Enter method stop()]
[5/17/08 12:13 AM: Exit method stop()]
[5/17/08 12:13 AM: Enter method stop()]
[5/17/08 12:13 AM: Exit method stop()]
[5/17/08 12:13 AM: Enter method stop()]
[5/17/08 12:13 AM: Exit method stop()]
[5/17/08 12:13 AM: Enter method stop()]
[5/17/08 12:13 AM: Exit method stop()]
[5/17/08 12:13 AM: Enter method stop()]
[5/17/08 12:13 AM: Exit method stop()]
[5/17/08 12:13 AM: Enter method stop()]
[5/17/08 12:13 AM: Exit method stop()]
[5/17/08 12:13 AM: Enter method stop()]
[5/17/08 12:13 AM: Exit method stop()]
[5/17/08 12:13 AM: Enter method stop()]
[5/17/08 12:13 AM: Exit method stop()]
[5/17/08 12:13 AM: Enter method stop()]
[5/17/08 12:13 AM: Exit method stop()]
[5/17/08 12:13 AM: Enter method stop()]
[5/17/08 12:13 AM: Exit method stop()]
[5/17/08 12:13 AM: Enter method stop()]
[5/17/08 12:13 AM: Exit method stop()]
[5/17/08 12:13 AM: Enter method stop()]
[5/17/08 12:13 AM: Exit method stop()]
[5/17/08 12:13 AM: Enter method stop()]
[5/17/08 12:13 AM: Exit method stop()]
[5/17/08 12:13 AM: Enter method stop()]
[5/17/08 12:13 AM: Exit method stop()]
[5/17/08 12:13 AM: Enter method stop()]
[5/17/08 12:13 AM: Exit method stop()]
[5/17/08 12:13 AM: Enter method stop()]
[5/17/08 12:13 AM: Exit method stop()]
[5/17/08 12:13 AM: Enter method stop()]
[5/17/08 12:13 AM: Exit method stop()]
[5/17/08 12:13 AM: Enter method stop()]
[5/17/08 12:13 AM: Exit method stop()]
[5/17/08 12:13 AM: Enter method start()]
[5/17/08 12:13 AM: Exit method Start()]
[5/17/08 12:13 AM: Enter method start()]
[5/17/08 12:13 AM: Exit method Start()]
[5/17/08 12:13 AM: Enter method stop()]
[5/17/08 12:13 AM: Exit method stop()]
[5/17/08 12:13 AM: Enter method stop()]
[5/17/08 12:13 AM: Exit method stop()]
[5/17/08 12:13 AM: Enter method start()]
[5/17/08 12:13 AM: Exit method Start()]
[5/17/08 12:13 AM: Enter method start()]
There are errors in the start()
java.net.BindException: Address already in use: bind
	at sun.nio.ch.Net.bind(Native Method)
	at sun.nio.ch.ServerSocketChannelImpl.bind(ServerSocketChannelImpl.java:119)
	at sun.nio.ch.ServerSocketAdaptor.bind(ServerSocketAdaptor.java:59)
	at com.topcoder.service.studio.contest.documentcontentservers.SocketDocumentContentServer.start(SocketDocumentContentServer.java:256)
	at com.topcoder.service.studio.contest.documentcontentservers.SocketDocumentContentServerUnitTest.testStart_Failure1(SocketDocumentContentServerUnitTest.java:483)
	at sun.reflect.NativeMethodAccessorImpl.invoke0(Native Method)
	at sun.reflect.NativeMethodAccessorImpl.invoke(NativeMethodAccessorImpl.java:39)
	at sun.reflect.DelegatingMethodAccessorImpl.invoke(DelegatingMethodAccessorImpl.java:25)
	at java.lang.reflect.Method.invoke(Method.java:585)
	at junit.framework.TestCase.runTest(TestCase.java:154)
	at junit.framework.TestCase.runBare(TestCase.java:127)
	at junit.framework.TestResult$1.protect(TestResult.java:106)
	at junit.framework.TestResult.runProtected(TestResult.java:124)
	at junit.framework.TestResult.run(TestResult.java:109)
	at junit.framework.TestCase.run(TestCase.java:118)
	at junit.framework.TestSuite.runTest(TestSuite.java:208)
	at junit.framework.TestSuite.run(TestSuite.java:203)
	at junit.framework.TestSuite.runTest(TestSuite.java:208)
	at junit.framework.TestSuite.run(TestSuite.java:203)
	at org.apache.tools.ant.taskdefs.optional.junit.JUnitTestRunner.run(JUnitTestRunner.java:297)
	at org.apache.tools.ant.taskdefs.optional.junit.JUnitTestRunner.launch(JUnitTestRunner.java:672)
	at org.apache.tools.ant.taskdefs.optional.junit.JUnitTestRunner.main(JUnitTestRunner.java:567)
[5/17/08 12:13 AM: Exit method Start()]
[5/17/08 12:13 AM: Enter method stop()]
[5/17/08 12:13 AM: Exit method stop()]
[5/17/08 12:13 AM: Enter method stop()]
[5/17/08 12:13 AM: Exit method stop()]
[5/17/08 12:13 AM: Enter method stop()]
[5/17/08 12:13 AM: Exit method stop()]
[5/17/08 12:13 AM: Enter method start()]
[5/17/08 12:13 AM: Exit method Start()]
[5/17/08 12:13 AM: Enter method stop()]
[5/17/08 12:13 AM: Exit method stop()]
[5/17/08 12:13 AM: Enter method stop()]
[5/17/08 12:13 AM: Exit method stop()]
[5/17/08 12:13 AM: Enter method start()]
[5/17/08 12:13 AM: Exit method Start()]
[5/17/08 12:13 AM: Enter method stop()]
[5/17/08 12:13 AM: Exit method stop()]
[5/17/08 12:13 AM: Enter method stop()]
[5/17/08 12:13 AM: Exit method stop()]
[5/17/08 12:13 AM: Enter method start()]
[5/17/08 12:13 AM: Exit method Start()]
There are errors in run().
com.topcoder.service.studio.contest.documentcontentservers.InvalidRequestException: Unrecognized request type: 0
	at com.topcoder.service.studio.contest.documentcontentservers.SocketDocumentContentServer$SocketDocumentContentWorker.processData(SocketDocumentContentServer.java:571)
	at com.topcoder.service.studio.contest.documentcontentservers.SocketDocumentContentServer$SocketDocumentContentWorker.run(SocketDocumentContentServer.java:442)
	at java.lang.Thread.run(Thread.java:595)
[5/17/08 12:13 AM: Enter method stop()]
[5/17/08 12:13 AM: Exit method stop()]
[5/17/08 12:13 AM: Enter method start()]
[5/17/08 12:13 AM: Exit method Start()]
There are errors in run().
com.topcoder.service.studio.contest.documentcontentservers.InvalidRequestException: There should be 2 bytes to indicates the path's length in bytes.
	at com.topcoder.service.studio.contest.documentcontentservers.SocketDocumentContentServer$SocketDocumentContentWorker.processData(SocketDocumentContentServer.java:538)
	at com.topcoder.service.studio.contest.documentcontentservers.SocketDocumentContentServer$SocketDocumentContentWorker.run(SocketDocumentContentServer.java:442)
	at java.lang.Thread.run(Thread.java:595)
[5/17/08 12:13 AM: Enter method stop()]
[5/17/08 12:13 AM: Exit method stop()]
[5/17/08 12:13 AM: Enter method start()]
[5/17/08 12:13 AM: Exit method Start()]
There are errors in run().
com.topcoder.service.studio.contest.documentcontentservers.InvalidRequestException: The path buffer length mismatch with the length flag.
	at com.topcoder.service.studio.contest.documentcontentservers.SocketDocumentContentServer$SocketDocumentContentWorker.processData(SocketDocumentContentServer.java:551)
	at com.topcoder.service.studio.contest.documentcontentservers.SocketDocumentContentServer$SocketDocumentContentWorker.run(SocketDocumentContentServer.java:442)
	at java.lang.Thread.run(Thread.java:595)
[5/17/08 12:13 AM: Enter method stop()]
[5/17/08 12:13 AM: Exit method stop()]
[5/17/08 12:13 AM: Enter method start()]
[5/17/08 12:13 AM: Exit method Start()]
There are errors in run().
com.topcoder.service.studio.contest.documentcontentservers.InvalidRequestException: There are additional bytes in the end.
	at com.topcoder.service.studio.contest.documentcontentservers.SocketDocumentContentServer$SocketDocumentContentWorker.checkEndingBytes(SocketDocumentContentServer.java:726)
	at com.topcoder.service.studio.contest.documentcontentservers.SocketDocumentContentServer$SocketDocumentContentWorker.saveDocumentContent(SocketDocumentContentServer.java:613)
	at com.topcoder.service.studio.contest.documentcontentservers.SocketDocumentContentServer$SocketDocumentContentWorker.processData(SocketDocumentContentServer.java:564)
	at com.topcoder.service.studio.contest.documentcontentservers.SocketDocumentContentServer$SocketDocumentContentWorker.run(SocketDocumentContentServer.java:442)
	at java.lang.Thread.run(Thread.java:595)
There are errors in run().
com.topcoder.service.studio.contest.documentcontentservers.InvalidRequestException: Unrecognized request type: 0
	at com.topcoder.service.studio.contest.documentcontentservers.SocketDocumentContentServer$SocketDocumentContentWorker.processData(SocketDocumentContentServer.java:571)
	at com.topcoder.service.studio.contest.documentcontentservers.SocketDocumentContentServer$SocketDocumentContentWorker.run(SocketDocumentContentServer.java:442)
	at java.lang.Thread.run(Thread.java:595)
[5/17/08 12:13 AM: Enter method stop()]
[5/17/08 12:13 AM: Exit method stop()]
[5/17/08 12:13 AM: Enter method start()]
[5/17/08 12:13 AM: Exit method Start()]
[5/17/08 12:13 AM: Enter method stop()]
[5/17/08 12:13 AM: Exit method stop()]
[5/17/08 12:13 AM: Enter method start()]
[5/17/08 12:13 AM: Exit method Start()]
There are errors in run().
com.topcoder.service.studio.contest.documentcontentservers.InvalidRequestException: There is no enough 4 bytes for indicating the content length.
	at com.topcoder.service.studio.contest.documentcontentservers.SocketDocumentContentServer$SocketDocumentContentWorker.saveDocumentContent(SocketDocumentContentServer.java:594)
	at com.topcoder.service.studio.contest.documentcontentservers.SocketDocumentContentServer$SocketDocumentContentWorker.processData(SocketDocumentContentServer.java:564)
	at com.topcoder.service.studio.contest.documentcontentservers.SocketDocumentContentServer$SocketDocumentContentWorker.run(SocketDocumentContentServer.java:442)
	at java.lang.Thread.run(Thread.java:595)
[5/17/08 12:13 AM: Enter method stop()]
[5/17/08 12:13 AM: Exit method stop()]
[5/17/08 12:13 AM: Enter method start()]
[5/17/08 12:13 AM: Exit method Start()]
There are errors in run().
com.topcoder.service.studio.contest.documentcontentservers.InvalidRequestException: The content has less bytes than the length flag.
	at com.topcoder.service.studio.contest.documentcontentservers.SocketDocumentContentServer$SocketDocumentContentWorker.saveDocumentContent(SocketDocumentContentServer.java:608)
	at com.topcoder.service.studio.contest.documentcontentservers.SocketDocumentContentServer$SocketDocumentContentWorker.processData(SocketDocumentContentServer.java:564)
	at com.topcoder.service.studio.contest.documentcontentservers.SocketDocumentContentServer$SocketDocumentContentWorker.run(SocketDocumentContentServer.java:442)
	at java.lang.Thread.run(Thread.java:595)
[5/17/08 12:13 AM: Enter method stop()]
[5/17/08 12:13 AM: Exit method stop()]
[5/17/08 12:13 AM: Enter method start()]
[5/17/08 12:13 AM: Exit method Start()]
[5/17/08 12:13 AM: Enter method stop()]
[5/17/08 12:13 AM: Exit method stop()]
[5/17/08 12:13 AM: Enter method start()]
[5/17/08 12:13 AM: Exit method Start()]
[5/17/08 12:13 AM: Enter method stop()]
[5/17/08 12:13 AM: Exit method stop()]
[5/17/08 12:13 AM: Enter method start()]
[5/17/08 12:13 AM: Exit method Start()]
[5/17/08 12:13 AM: Enter method stop()]
[5/17/08 12:13 AM: Exit method stop()]
[5/17/08 12:13 AM: Enter method start()]
[5/17/08 12:13 AM: Exit method Start()]
[5/17/08 12:13 AM: Enter method stop()]
[5/17/08 12:13 AM: Exit method stop()]
]]></system-out>
  <system-err><![CDATA[]]></system-err>
</testsuite>
